<?xml version="1.0" encoding="UTF-8"?>
<testsuite name="com.hivemq.helmcharts.containers.HelmInitContainerIT" tests="2" skipped="0" failures="0" errors="0" timestamp="2025-01-28T23:33:33" hostname="fv-az1928-917" time="201.189">
  <properties/>
  <testcase name="whenAdditionalInitContainer_withConsulTemplate_thenLicenseUpdated()" classname="com.hivemq.helmcharts.containers.HelmInitContainerIT" time="100.528">
    <system-out><![CDATA[2025-01-28 23:33:33,579 INFO c.h.h.t.HelmChartContainer - Creating namespace 'helminitcontainerit-operator'...
2025-01-28 23:33:33,787 INFO c.h.h.t.HelmChartContainer - Namespace 'helminitcontainerit-operator' created
2025-01-28 23:33:33,787 INFO c.h.h.t.HelmChartContainer - Creating namespace 'helminitcontainerit'...
2025-01-28 23:33:33,790 INFO c.h.h.t.HelmChartContainer - [POD] coredns-ff8999cc5-8nkt5 [e6d30a10-0240-4c57-9017-a0bb04338a8f] in kube-system was ADDED
2025-01-28 23:33:33,792 INFO c.h.h.t.HelmChartContainer - [POD] local-path-provisioner-698b58967b-hnhnj [c8f3edfa-81ff-4598-bd1b-6705c121d7d4] in kube-system was ADDED
2025-01-28 23:33:33,794 INFO c.h.h.t.HelmChartContainer - [POD] metrics-server-8584b5786c-kxf7c [24b33e17-2c58-4da2-aaf8-d6006863897e] in kube-system was ADDED
2025-01-28 23:33:33,797 INFO c.h.h.t.HelmChartContainer - Namespace 'helminitcontainerit' created
2025-01-28 23:33:33,867 DEBUG c.h.h.t.HelmChartContainer - Executing helm command: /bin/helm --kubeconfig /etc/rancher/k3s/k3s.yaml install test-hivemq-platform-operator /charts/hivemq-platform-operator --wait --timeout 5m0s --set image.repository=docker.io/hivemq --set image.name=hivemq-platform-operator-test --set image.initImageName=hivemq-platform-operator-init-test --set image.tag=snapshot --set image.pullPolicy=Never --set logLevel=DEBUG --set resources.cpu=512m --namespace helminitcontainerit-operator
2025-01-28 23:33:36,213 INFO c.h.h.t.HelmChartContainer - [K3S] [alloc.go:330] "allocated clusterIPs" service="helminitcontainerit-operator/hivemq-platform-operator-test-hivemq-platform-operator" clusterIPs={"IPv4":"10.43.13.221"}
2025-01-28 23:33:36,234 INFO c.h.h.t.HelmChartContainer - [EVENT] Normal [ScalingReplicaSet] Scaled up replica set hivemq-test-hivemq-platform-operator-6966f96d65 from 0 to 1 [helminitcontainerit-operator:hivemq-test-hivemq-platform-operator]
2025-01-28 23:33:36,243 INFO c.h.h.t.HelmChartContainer - [K3S] [replica_set.go:679] "Finished syncing" kind="ReplicaSet" key="helminitcontainerit-operator/hivemq-test-hivemq-platform-operator-6966f96d65" duration="17.461531ms"
2025-01-28 23:33:36,244 INFO c.h.h.t.HelmChartContainer - [POD] hivemq-test-hivemq-platform-operator-6966f96d65-9h9zj [3dd9362b-d544-419b-9fb6-42913b0e51a6] in helminitcontainerit-operator was ADDED
2025-01-28 23:33:36,249 INFO c.h.h.t.HelmChartContainer - [EVENT] Normal [SuccessfulCreate] Created pod: hivemq-test-hivemq-platform-operator-6966f96d65-9h9zj [helminitcontainerit-operator:hivemq-test-hivemq-platform-operator-6966f96d65]
2025-01-28 23:33:36,256 INFO c.h.h.t.HelmChartContainer - [POD] hivemq-test-hivemq-platform-operator-6966f96d65-9h9zj [3dd9362b-d544-419b-9fb6-42913b0e51a6] in helminitcontainerit-operator was MODIFIED
2025-01-28 23:33:36,256 INFO c.h.h.t.HelmChartContainer - [K3S] [replica_set.go:679] "Finished syncing" kind="ReplicaSet" key="helminitcontainerit-operator/hivemq-test-hivemq-platform-operator-6966f96d65" duration="11.390725ms"
2025-01-28 23:33:36,259 INFO c.h.h.t.HelmChartContainer - [EVENT] Normal [Scheduled] Successfully assigned helminitcontainerit-operator/hivemq-test-hivemq-platform-operator-6966f96d65-9h9zj to 59fa806875ec [helminitcontainerit-operator:hivemq-test-hivemq-platform-operator-6966f96d65-9h9zj]
2025-01-28 23:33:36,268 INFO c.h.h.t.HelmChartContainer - [K3S] [replica_set.go:679] "Finished syncing" kind="ReplicaSet" key="helminitcontainerit-operator/hivemq-test-hivemq-platform-operator-6966f96d65" duration="10.818301ms"
2025-01-28 23:33:36,268 INFO c.h.h.t.HelmChartContainer - [K3S] [replica_set.go:679] "Finished syncing" kind="ReplicaSet" key="helminitcontainerit-operator/hivemq-test-hivemq-platform-operator-6966f96d65" duration="34.535µs"
2025-01-28 23:33:36,270 INFO c.h.h.t.HelmChartContainer - [K3S] [replica_set.go:679] "Finished syncing" kind="ReplicaSet" key="helminitcontainerit-operator/hivemq-test-hivemq-platform-operator-6966f96d65" duration="30.687µs"
2025-01-28 23:33:36,273 INFO c.h.h.t.HelmChartContainer - [K3S] [reconciler_common.go:251] "operationExecutor.VerifyControllerAttachedVolume started for volume \"kube-api-access-mj4fv\" (UniqueName: \"kubernetes.io/projected/3dd9362b-d544-419b-9fb6-42913b0e51a6-kube-api-access-mj4fv\") pod \"hivemq-test-hivemq-platform-operator-6966f96d65-9h9zj\" (UID: \"3dd9362b-d544-419b-9fb6-42913b0e51a6\") " pod="helminitcontainerit-operator/hivemq-test-hivemq-platform-operator-6966f96d65-9h9zj"
2025-01-28 23:33:36,274 INFO c.h.h.t.HelmChartContainer - [POD] hivemq-test-hivemq-platform-operator-6966f96d65-9h9zj [3dd9362b-d544-419b-9fb6-42913b0e51a6] in helminitcontainerit-operator was MODIFIED
2025-01-28 23:33:36,648 INFO c.h.h.t.HelmChartContainer - [EVENT] Normal [Pulled] Container image "docker.io/hivemq/hivemq-platform-operator-test:snapshot" already present on machine [helminitcontainerit-operator:hivemq-test-hivemq-platform-operator-6966f96d65-9h9zj]
2025-01-28 23:33:36,649 INFO c.h.h.t.HelmChartContainer - Received Pulled event for container hivemq-platform-operator in pod hivemq-test-hivemq-platform-operator-6966f96d65-9h9zj [3dd9362b-d544-419b-9fb6-42913b0e51a6]
2025-01-28 23:33:36,655 INFO c.h.h.t.HelmChartContainer - [EVENT] Normal [Created] Created container: hivemq-platform-operator [helminitcontainerit-operator:hivemq-test-hivemq-platform-operator-6966f96d65-9h9zj]
2025-01-28 23:33:36,655 INFO c.h.h.t.HelmChartContainer - Received Created event for container hivemq-platform-operator in pod hivemq-test-hivemq-platform-operator-6966f96d65-9h9zj [3dd9362b-d544-419b-9fb6-42913b0e51a6]
2025-01-28 23:33:37,318 INFO c.h.h.t.HelmChartContainer - [K3S] [replica_set.go:679] "Finished syncing" kind="ReplicaSet" key="helminitcontainerit-operator/hivemq-test-hivemq-platform-operator-6966f96d65" duration="34.635µs"
2025-01-28 23:33:37,322 INFO c.h.h.t.HelmChartContainer - [POD] hivemq-test-hivemq-platform-operator-6966f96d65-9h9zj [3dd9362b-d544-419b-9fb6-42913b0e51a6] in helminitcontainerit-operator was MODIFIED
2025-01-28 23:33:37,342 INFO c.h.h.t.HelmChartContainer - Started log watcher for hivemq-platform-operator in pod hivemq-test-hivemq-platform-operator-6966f96d65-9h9zj [3dd9362b-d544-419b-9fb6-42913b0e51a6]
2025-01-28 23:33:37,342 INFO c.h.h.t.HelmChartContainer - [EVENT] Normal [Started] Started container hivemq-platform-operator [helminitcontainerit-operator:hivemq-test-hivemq-platform-operator-6966f96d65-9h9zj]
2025-01-28 23:33:37,343 INFO c.h.h.t.HelmChartContainer - Received Started event for container hivemq-platform-operator in pod hivemq-test-hivemq-platform-operator-6966f96d65-9h9zj [3dd9362b-d544-419b-9fb6-42913b0e51a6]
2025-01-28 23:33:37,343 INFO c.h.h.t.HelmChartContainer - [hivemq-test-hivemq-platform] [hivemq-platform-operator] [3dd9362b] -------------------------------------------------------------------------
2025-01-28 23:33:37,343 INFO c.h.h.t.HelmChartContainer - [hivemq-test-hivemq-platform] [hivemq-platform-operator] [3dd9362b] 
2025-01-28 23:33:37,343 INFO c.h.h.t.HelmChartContainer - [hivemq-test-hivemq-platform] [hivemq-platform-operator] [3dd9362b]                   _    _  _              __  __   ____
2025-01-28 23:33:37,343 INFO c.h.h.t.HelmChartContainer - [hivemq-test-hivemq-platform] [hivemq-platform-operator] [3dd9362b]                  | |  | |(_)            |  \/  | / __ \
2025-01-28 23:33:37,343 INFO c.h.h.t.HelmChartContainer - [hivemq-test-hivemq-platform] [hivemq-platform-operator] [3dd9362b]                  | |__| | _ __   __ ___ | \  / || |  | |
2025-01-28 23:33:37,343 INFO c.h.h.t.HelmChartContainer - [hivemq-test-hivemq-platform] [hivemq-platform-operator] [3dd9362b]                  |  __  || |\ \ / // _ \| |\/| || |  | |
2025-01-28 23:33:37,343 INFO c.h.h.t.HelmChartContainer - [hivemq-test-hivemq-platform] [hivemq-platform-operator] [3dd9362b]                  | |  | || | \ V /|  __/| |  | || |__| |
2025-01-28 23:33:37,343 INFO c.h.h.t.HelmChartContainer - [hivemq-test-hivemq-platform] [hivemq-platform-operator] [3dd9362b]                  |_|  |_||_|  \_/  \___||_|  |_| \___\_\
2025-01-28 23:33:37,343 INFO c.h.h.t.HelmChartContainer - [hivemq-test-hivemq-platform] [hivemq-platform-operator] [3dd9362b] 
2025-01-28 23:33:37,343 INFO c.h.h.t.HelmChartContainer - [hivemq-test-hivemq-platform] [hivemq-platform-operator] [3dd9362b] -------------------------------------------------------------------------
2025-01-28 23:33:37,343 INFO c.h.h.t.HelmChartContainer - [hivemq-test-hivemq-platform] [hivemq-platform-operator] [3dd9362b] 
2025-01-28 23:33:37,343 INFO c.h.h.t.HelmChartContainer - [hivemq-test-hivemq-platform] [hivemq-platform-operator] [3dd9362b]   HiveMQ Platform Operator Start Script v1.0
2025-01-28 23:33:37,343 INFO c.h.h.t.HelmChartContainer - [hivemq-test-hivemq-platform] [hivemq-platform-operator] [3dd9362b] 
2025-01-28 23:33:37,343 INFO c.h.h.t.HelmChartContainer - [hivemq-test-hivemq-platform] [hivemq-platform-operator] [3dd9362b] -------------------------------------------------------------------------
2025-01-28 23:33:37,343 INFO c.h.h.t.HelmChartContainer - [hivemq-test-hivemq-platform] [hivemq-platform-operator] [3dd9362b] 
2025-01-28 23:33:37,343 INFO c.h.h.t.HelmChartContainer - [hivemq-test-hivemq-platform] [hivemq-platform-operator] [3dd9362b]   JAVA_OPTS: -XX:+UnlockExperimentalVMOptions -XX:InitialRAMPercentage=75 -XX:MaxRAMPercentage=75 -Duser.language=en -Duser.region=US
2025-01-28 23:33:37,343 INFO c.h.h.t.HelmChartContainer - [hivemq-test-hivemq-platform] [hivemq-platform-operator] [3dd9362b] 
2025-01-28 23:33:37,343 INFO c.h.h.t.HelmChartContainer - [hivemq-test-hivemq-platform] [hivemq-platform-operator] [3dd9362b]   JAVA_VERSION: 21
2025-01-28 23:33:37,343 INFO c.h.h.t.HelmChartContainer - [hivemq-test-hivemq-platform] [hivemq-platform-operator] [3dd9362b] 
2025-01-28 23:33:37,343 INFO c.h.h.t.HelmChartContainer - [hivemq-test-hivemq-platform] [hivemq-platform-operator] [3dd9362b] -------------------------------------------------------------------------
2025-01-28 23:33:37,343 INFO c.h.h.t.HelmChartContainer - [hivemq-test-hivemq-platform] [hivemq-platform-operator] [3dd9362b] 
2025-01-28 23:33:39,992 INFO c.h.h.t.HelmChartContainer - [hivemq-test-hivemq-platform] [hivemq-platform-operator] [3dd9362b] 23:33:39.990 [main] DEBUG org.jboss.logging - Logging Provider: org.jboss.logging.Slf4jLoggerProvider
2025-01-28 23:33:40,098 INFO c.h.h.t.HelmChartContainer - [hivemq-test-hivemq-platform] [hivemq-platform-operator] [3dd9362b] 23:33:40.096 [main] DEBUG io.smallrye.config - SRCFG01006: Loaded ConfigSource SysPropConfigSource with ordinal 400
2025-01-28 23:33:40,098 INFO c.h.h.t.HelmChartContainer - [hivemq-test-hivemq-platform] [hivemq-platform-operator] [3dd9362b] 23:33:40.097 [main] DEBUG io.smallrye.config - SRCFG01006: Loaded ConfigSource EnvConfigSource with ordinal 300
2025-01-28 23:33:40,098 INFO c.h.h.t.HelmChartContainer - [hivemq-test-hivemq-platform] [hivemq-platform-operator] [3dd9362b] 23:33:40.097 [main] DEBUG io.smallrye.config - SRCFG01006: Loaded ConfigSource PropertiesConfigSource[source=jar:file:///opt/hivemq-platform-operator/bin/hivemq-platform-operator.jar!/hivemq-platform-operator.properties] with ordinal 100
2025-01-28 23:33:40,098 INFO c.h.h.t.HelmChartContainer - [hivemq-test-hivemq-platform] [hivemq-platform-operator] [3dd9362b] 23:33:40.097 [main] DEBUG io.smallrye.config - SRCFG01006: Loaded ConfigSource DefaultValuesConfigSource with ordinal -2147483648
2025-01-28 23:33:40,200 INFO c.h.h.t.HelmChartContainer - [hivemq-test-hivemq-platform] [hivemq-platform-operator] [3dd9362b] 23:33:40.199 [main] DEBUG i.m.c.u.i.l.InternalLoggerFactory - Using SLF4J as the default logging framework
2025-01-28 23:33:40,390 INFO c.h.h.t.HelmChartContainer - [hivemq-test-hivemq-platform] [hivemq-platform-operator] [3dd9362b] 23:33:40.302 [main] INFO  c.h.p.o.HiveMQPlatformOperatorApplication - HiveMQ Platform Operator 1.7.0-SNAPSHOT (commit: bebf408 on branch: HEAD) built on Sun Jan 26 20:47:47 UTC 2025
2025-01-28 23:33:40,390 INFO c.h.h.t.HelmChartContainer - [hivemq-test-hivemq-platform] [hivemq-platform-operator] [3dd9362b] 23:33:40.389 [main] INFO  c.h.p.o.HiveMQPlatformOperatorApplication - HiveMQ Platform Operator is running in namespace: helminitcontainerit-operator
2025-01-28 23:33:40,391 INFO c.h.h.t.HelmChartContainer - [hivemq-test-hivemq-platform] [hivemq-platform-operator] [3dd9362b] 23:33:40.389 [main] INFO  c.h.p.o.HiveMQPlatformOperatorApplication - Watching all namespaces
2025-01-28 23:33:40,391 INFO c.h.h.t.HelmChartContainer - [hivemq-test-hivemq-platform] [hivemq-platform-operator] [3dd9362b] 23:33:40.389 [main] INFO  c.h.p.o.HiveMQPlatformOperatorApplication - Log level: DEBUG
2025-01-28 23:33:40,391 INFO c.h.h.t.HelmChartContainer - [hivemq-test-hivemq-platform] [hivemq-platform-operator] [3dd9362b] 23:33:40.389 [main] INFO  c.h.p.o.HiveMQPlatformOperatorApplication - Release name: test-hivemq-platform-operator
2025-01-28 23:33:40,391 INFO c.h.h.t.HelmChartContainer - [hivemq-test-hivemq-platform] [hivemq-platform-operator] [3dd9362b] 23:33:40.389 [main] INFO  c.h.p.o.HiveMQPlatformOperatorApplication - HiveMQ Platform Operator Init image: docker.io/hivemq/hivemq-platform-operator-init-test:snapshot
2025-01-28 23:33:40,391 INFO c.h.h.t.HelmChartContainer - [hivemq-test-hivemq-platform] [hivemq-platform-operator] [3dd9362b] 23:33:40.389 [main] INFO  c.h.p.o.HiveMQPlatformOperatorApplication - HiveMQ Platform Operator Init App update URL: http://hivemq-platform-operator-test-hivemq-platform-operator.helminitcontainerit-operator.svc:8080/initAppUpdate/hivemq-platform-operator-init-app-1.7.0-SNAPSHOT.jar
2025-01-28 23:33:40,391 INFO c.h.h.t.HelmChartContainer - [hivemq-test-hivemq-platform] [hivemq-platform-operator] [3dd9362b] 23:33:40.389 [main] INFO  c.h.p.o.HiveMQPlatformOperatorApplication - Additional imagePullSecret for all Platform deployments: none
2025-01-28 23:33:40,391 INFO c.h.h.t.HelmChartContainer - [hivemq-test-hivemq-platform] [hivemq-platform-operator] [3dd9362b] 23:33:40.389 [main] INFO  c.h.p.o.HiveMQPlatformOperatorApplication - Apply HiveMQ Platform CRD: true
2025-01-28 23:33:40,391 INFO c.h.h.t.HelmChartContainer - [hivemq-test-hivemq-platform] [hivemq-platform-operator] [3dd9362b] 23:33:40.389 [main] INFO  c.h.p.o.HiveMQPlatformOperatorApplication - Create Platform ServiceAccount: true
2025-01-28 23:33:40,391 INFO c.h.h.t.HelmChartContainer - [hivemq-test-hivemq-platform] [hivemq-platform-operator] [3dd9362b] 23:33:40.389 [main] INFO  c.h.p.o.HiveMQPlatformOperatorApplication - Create Platform ServiceAccount permissions: true
2025-01-28 23:33:40,391 INFO c.h.h.t.HelmChartContainer - [hivemq-test-hivemq-platform] [hivemq-platform-operator] [3dd9362b] 23:33:40.389 [main] INFO  c.h.p.o.HiveMQPlatformOperatorApplication - Validate Platform ServiceAccount: true
2025-01-28 23:33:40,391 INFO c.h.h.t.HelmChartContainer - [hivemq-test-hivemq-platform] [hivemq-platform-operator] [3dd9362b] 23:33:40.389 [main] INFO  c.h.p.o.HiveMQPlatformOperatorApplication - Validate Platform ServiceAccount permissions: true
2025-01-28 23:33:40,510 INFO c.h.h.t.HelmChartContainer - [hivemq-test-hivemq-platform] [hivemq-platform-operator] [3dd9362b] 23:33:40.508 [main] INFO  c.h.platform.operator.util.CRDUtil - Verifying deployed HiveMQ Platform CRD...
2025-01-28 23:33:41,315 INFO c.h.h.t.HelmChartContainer - [POD] metrics-server-8584b5786c-kxf7c [24b33e17-2c58-4da2-aaf8-d6006863897e] in kube-system was MODIFIED
2025-01-28 23:33:41,322 INFO c.h.h.t.HelmChartContainer - [K3S] [replica_set.go:679] "Finished syncing" kind="ReplicaSet" key="kube-system/metrics-server-8584b5786c" duration="8.117695ms"
2025-01-28 23:33:41,322 INFO c.h.h.t.HelmChartContainer - [K3S] [replica_set.go:679] "Finished syncing" kind="ReplicaSet" key="kube-system/metrics-server-8584b5786c" duration="32.451µs"
2025-01-28 23:33:42,894 INFO c.h.h.t.HelmChartContainer - [hivemq-test-hivemq-platform] [hivemq-platform-operator] [3dd9362b] 23:33:42.893 [main] DEBUG c.h.platform.operator.util.CRDUtil - HiveMQ Platform CRD version v1 is up to date
2025-01-28 23:33:42,895 INFO c.h.h.t.HelmChartContainer - [hivemq-test-hivemq-platform] [hivemq-platform-operator] [3dd9362b] 23:33:42.893 [main] INFO  c.h.platform.operator.util.CRDUtil - HiveMQ Platform CRD is up to date (version: V1_6_0)
2025-01-28 23:33:42,895 INFO c.h.h.t.HelmChartContainer - [hivemq-test-hivemq-platform] [hivemq-platform-operator] [3dd9362b] 23:33:42.893 [main] INFO  c.h.platform.operator.util.CRDUtil - Waiting 10000 ms for HiveMQ Platform CRD 'hivemq-platforms.hivemq.com' to become ready...
2025-01-28 23:33:43,200 INFO c.h.h.t.HelmChartContainer - [hivemq-test-hivemq-platform] [hivemq-platform-operator] [3dd9362b] 23:33:43.197 [vert.x-eventloop-thread-1] DEBUG c.h.platform.operator.util.CRDUtil - Checking CRD condition 'NamesAccepted' (status: 'True')
2025-01-28 23:33:43,201 INFO c.h.h.t.HelmChartContainer - [hivemq-test-hivemq-platform] [hivemq-platform-operator] [3dd9362b] 23:33:43.197 [vert.x-eventloop-thread-1] DEBUG c.h.platform.operator.util.CRDUtil - Checking CRD condition 'Established' (status: 'True')
2025-01-28 23:33:43,201 INFO c.h.h.t.HelmChartContainer - [hivemq-test-hivemq-platform] [hivemq-platform-operator] [3dd9362b] 23:33:43.198 [main] INFO  c.h.platform.operator.util.CRDUtil - HiveMQ Platform CRD 'hivemq-platforms.hivemq.com' is ready
2025-01-28 23:33:43,396 INFO c.h.h.t.HelmChartContainer - [hivemq-test-hivemq-platform] [hivemq-platform-operator] [3dd9362b] 23:33:43.394 [main] INFO  c.h.p.o.HiveMQPlatformReconciler - HiveMQ Platform Operator is starting...
2025-01-28 23:33:43,497 INFO c.h.h.t.HelmChartContainer - [hivemq-test-hivemq-platform] [hivemq-platform-operator] [3dd9362b] 23:33:43.496 [main] WARN  Default ConfigurationService implementation - Configuration for reconciler 'hivemq-controller' was not found. Known reconcilers: None.
2025-01-28 23:33:43,504 INFO c.h.h.t.HelmChartContainer - [hivemq-test-hivemq-platform] [hivemq-platform-operator] [3dd9362b] 23:33:43.503 [main] INFO  Default ConfigurationService implementation - Created configuration for reconciler com.hivemq.platform.operator.HiveMQPlatformReconciler with name hivemq-controller
2025-01-28 23:33:43,605 INFO c.h.h.t.HelmChartContainer - [hivemq-test-hivemq-platform] [hivemq-platform-operator] [3dd9362b] 23:33:43.603 [main] DEBUG c.h.p.o.HiveMQPlatformReconciler - HiveMQ Platform Operator is preparing EventSources
2025-01-28 23:33:43,694 INFO c.h.h.t.HelmChartContainer - [hivemq-test-hivemq-platform] [hivemq-platform-operator] [3dd9362b] 23:33:43.693 [main] INFO  i.javaoperatorsdk.operator.Operator - Registered reconciler: 'hivemq-controller' for resource: 'class com.hivemq.platform.operator.v1.HiveMQPlatform' for namespace(s): [all namespaces]
2025-01-28 23:33:44,291 INFO c.h.h.t.HelmChartContainer - [hivemq-test-hivemq-platform] [hivemq-platform-operator] [3dd9362b] 23:33:44.290 [main] INFO  c.h.p.operator.webserver.JettyServer - Starting Jetty server on port 8080
2025-01-28 23:33:44,387 INFO c.h.h.t.HelmChartContainer - [hivemq-test-hivemq-platform] [hivemq-platform-operator] [3dd9362b] 23:33:44.386 [main] INFO  i.javaoperatorsdk.operator.Operator - Operator SDK 4.9.7 (commit: 2133d28) built on Wed Nov 20 12:56:20 UTC 2024 starting...
2025-01-28 23:33:44,388 INFO c.h.h.t.HelmChartContainer - [hivemq-test-hivemq-platform] [hivemq-platform-operator] [3dd9362b] 23:33:44.386 [main] INFO  i.javaoperatorsdk.operator.Operator - Client version: 6.13.4
2025-01-28 23:33:44,390 INFO c.h.h.t.HelmChartContainer - [hivemq-test-hivemq-platform] [hivemq-platform-operator] [3dd9362b] 23:33:44.388 [Controller Starter for: hivemq-controller] INFO  i.j.operator.processing.Controller - Starting 'hivemq-controller' controller for reconciler: com.hivemq.platform.operator.HiveMQPlatformReconciler, resource: com.hivemq.platform.operator.v1.HiveMQPlatform
2025-01-28 23:33:46,591 INFO c.h.h.t.HelmChartContainer - [hivemq-test-hivemq-platform] [hivemq-platform-operator] [3dd9362b] 23:33:46.590 [Controller Starter for: hivemq-controller] INFO  i.j.operator.processing.Controller - 'hivemq-controller' controller started
2025-01-28 23:33:46,592 INFO c.h.h.t.HelmChartContainer - [hivemq-test-hivemq-platform] [hivemq-platform-operator] [3dd9362b] 23:33:46.591 [main] INFO  c.h.p.o.HiveMQPlatformOperatorApplication - HiveMQ Platform Operator 1.7.0-SNAPSHOT started in 6288 ms
2025-01-28 23:33:46,763 INFO c.h.h.t.HelmChartContainer - [K3S] [range_allocator.go:247] "Successfully synced" key="59fa806875ec"
2025-01-28 23:33:48,338 INFO c.h.h.t.HelmChartContainer - [POD] hivemq-test-hivemq-platform-operator-6966f96d65-9h9zj [3dd9362b-d544-419b-9fb6-42913b0e51a6] in helminitcontainerit-operator was MODIFIED
2025-01-28 23:33:48,352 INFO c.h.h.t.HelmChartContainer - [K3S] [replica_set.go:679] "Finished syncing" kind="ReplicaSet" key="helminitcontainerit-operator/hivemq-test-hivemq-platform-operator-6966f96d65" duration="23.264148ms"
2025-01-28 23:33:48,353 INFO c.h.h.t.HelmChartContainer - [K3S] [replica_set.go:679] "Finished syncing" kind="ReplicaSet" key="helminitcontainerit-operator/hivemq-test-hivemq-platform-operator-6966f96d65" duration="50.764µs"
2025-01-28 23:33:50,400 DEBUG c.h.h.t.HelmChartContainer - Executing helm command: /bin/helm --kubeconfig /etc/rancher/k3s/k3s.yaml install test-hivemq-platform /charts/hivemq-platform --wait --timeout 5m0s --set image.repository=docker.io/hivemq --set image.tag=4.36.0 --set image.pullPolicy=Never --set nodes.resources.cpu=512m -f /files/additional-init-containers-values.yaml --namespace helminitcontainerit
2025-01-28 23:33:50,694 INFO c.h.h.t.HelmChartContainer - [hivemq-test-hivemq-platform] [hivemq-platform-operator] [3dd9362b] 23:33:50.691 [-373097727-pool-1-thread-4] WARN  i.m.p.PrometheusMeterRegistry - The meter (MeterId{name='operator.sdk.events.received', tags=[tag(action=ADDED),tag(event=ResourceEvent),tag(group=hivemq.com),tag(kind=HiveMQPlatform),tag(name=test-hivemq-platform),tag(namespace=helminitcontainerit),tag(scope=namespace),tag(version=v1)]}) registration has failed: Prometheus requires that all meters with the same name have the same set of tag keys. There is already an existing meter named 'operator.sdk.events.received' containing tag keys [event, group, kind, name, namespace, scope, version]. The meter you are attempting to register has keys [action, event, group, kind, name, namespace, scope, version]. Note that subsequent logs will be logged at debug level.
2025-01-28 23:33:51,098 INFO c.h.h.t.HelmChartContainer - [hivemq-test-hivemq-platform] [hivemq-platform-operator] [3dd9362b] 23:33:51.096 [pool-6-thread-3] DEBUG c.h.p.o.dependants.PodInfoConfigMap - [helminit] Desired PodInfo ConfigMap (1 extensions) (1 enabled)
2025-01-28 23:33:51,099 INFO c.h.h.t.HelmChartContainer - [hivemq-test-hivemq-platform] [hivemq-platform-operator] [3dd9362b] 23:33:51.097 [pool-6-thread-3] DEBUG c.h.p.o.dependants.PodInfoConfigMap - [helminit] Desired PodInfo ConfigMap (metrics port: 9399) (metrics path: /)
2025-01-28 23:33:51,099 INFO c.h.h.t.HelmChartContainer - [hivemq-test-hivemq-platform] [hivemq-platform-operator] [3dd9362b] 23:33:51.097 [pool-6-thread-3] DEBUG c.h.p.o.dependants.PodInfoConfigMap - [helminit] Desired PodInfo ConfigMap (extension state hash: -1817474005)
2025-01-28 23:33:51,137 INFO c.h.h.t.HelmChartContainer - [hivemq-test-hivemq-platform] [hivemq-platform-operator] [3dd9362b] 23:33:51.135 [pool-6-thread-3] DEBUG c.h.p.o.dependants.PodInfoConfigMap - [helminit] Create PodInfo ConfigMap
2025-01-28 23:33:51,198 INFO c.h.h.t.HelmChartContainer - [hivemq-test-hivemq-platform] [hivemq-platform-operator] [3dd9362b] 23:33:51.196 [pool-6-thread-5] DEBUG c.h.p.o.dependants.PodRoleResource - [helminit] Create Role: Role(apiVersion=rbac.authorization.k8s.io/v1, kind=Role, metadata=ObjectMeta(annotations={meta.helm.sh/release-name=test-hivemq-platform, meta.helm.sh/release-namespace=helminitcontainerit}, creationTimestamp=null, deletionGracePeriodSeconds=null, deletionTimestamp=null, finalizers=[], generateName=null, generation=null, labels={helm.sh/chart=hivemq-platform-0.2.32, app.kubernetes.io/managed-by=Helm, app.kubernetes.io/name=hivemq-platform, hivemq-platform=test-hivemq-platform, app.kubernetes.io/instance=test-hivemq-platform, app.kubernetes.io/version=4.36.0}, managedFields=[], name=hivemq-platform-role-test-hivemq-platform, namespace=helminitcontainerit, ownerReferences=[OwnerReference(apiVersion=hivemq.com/v1, blockOwnerDeletion=null, controller=null, kind=HiveMQPlatform, name=test-hivemq-platform, uid=b1b1c94b-0c49-4936-86a6-ff3ca8703d05, additionalProperties={})], resourceVersion=null, selfLink=null, uid=null, additionalProperties={}), rules=[PolicyRule(apiGroups=[], nonResourceURLs=[], resourceNames=[], resources=[pods], verbs=[get, patch, update], additionalProperties={})], additionalProperties={})
2025-01-28 23:33:51,388 INFO c.h.h.t.HelmChartContainer - [hivemq-test-hivemq-platform] [hivemq-platform-operator] [3dd9362b] 23:33:51.387 [pool-6-thread-7] DEBUG c.h.p.o.d.PodServiceAccountResource - [helminit] Desired PodServiceAccountResource (serviceAccountName: hivemq-platform-pod-test-hivemq-platform)
2025-01-28 23:33:51,389 INFO c.h.h.t.HelmChartContainer - [hivemq-test-hivemq-platform] [hivemq-platform-operator] [3dd9362b] 23:33:51.388 [pool-6-thread-7] DEBUG c.h.p.o.d.PodServiceAccountResource - [helminit] Create ServiceAccount 'hivemq-platform-pod-test-hivemq-platform'
2025-01-28 23:33:51,496 INFO c.h.h.t.HelmChartContainer - [hivemq-test-hivemq-platform] [hivemq-platform-operator] [3dd9362b] 23:33:51.495 [pool-6-thread-10] DEBUG c.h.p.o.d.PodRoleBindingResource - [helminit] Create RoleBinding: RoleBinding(apiVersion=rbac.authorization.k8s.io/v1, kind=RoleBinding, metadata=ObjectMeta(annotations={meta.helm.sh/release-name=test-hivemq-platform, meta.helm.sh/release-namespace=helminitcontainerit}, creationTimestamp=null, deletionGracePeriodSeconds=null, deletionTimestamp=null, finalizers=[], generateName=null, generation=null, labels={helm.sh/chart=hivemq-platform-0.2.32, app.kubernetes.io/managed-by=Helm, app.kubernetes.io/name=hivemq-platform, hivemq-platform=test-hivemq-platform, app.kubernetes.io/instance=test-hivemq-platform, app.kubernetes.io/version=4.36.0}, managedFields=[], name=hivemq-platform-role-binding-test-hivemq-platform, namespace=helminitcontainerit, ownerReferences=[OwnerReference(apiVersion=hivemq.com/v1, blockOwnerDeletion=null, controller=null, kind=HiveMQPlatform, name=test-hivemq-platform, uid=b1b1c94b-0c49-4936-86a6-ff3ca8703d05, additionalProperties={})], resourceVersion=null, selfLink=null, uid=null, additionalProperties={}), roleRef=RoleRef(apiGroup=rbac.authorization.k8s.io, kind=Role, name=hivemq-platform-role-test-hivemq-platform, additionalProperties={}), subjects=[Subject(apiGroup=null, kind=ServiceAccount, name=hivemq-platform-pod-test-hivemq-platform, namespace=helminitcontainerit, additionalProperties={})], additionalProperties={})
2025-01-28 23:33:51,537 INFO c.h.h.t.HelmChartContainer - [hivemq-test-hivemq-platform] [hivemq-platform-operator] [3dd9362b] 23:33:51.535 [ReconcilerExecutor-hivemq-controller-53] INFO  c.h.p.o.HiveMQPlatformReconciler - [helminit] Reconciling HiveMQ Platform 'test-hivemq-platform' in namespace 'helminitcontainerit'
2025-01-28 23:33:51,537 INFO c.h.h.t.HelmChartContainer - [hivemq-test-hivemq-platform] [hivemq-platform-operator] [3dd9362b] 23:33:51.536 [ReconcilerExecutor-hivemq-controller-53] DEBUG c.h.p.o.HiveMQPlatformReconciler - [helminit] Custom Resource Status CREATED - HiveMQ Platform was created (READY)
2025-01-28 23:33:51,537 INFO c.h.h.t.HelmChartContainer - [hivemq-test-hivemq-platform] [hivemq-platform-operator] [3dd9362b] 23:33:51.536 [ReconcilerExecutor-hivemq-controller-53] DEBUG c.h.p.o.HiveMQPlatformReconciler - [helminit] Custom Resource Spec (replicas: 1) (extensions: 1)
2025-01-28 23:33:51,590 INFO c.h.h.t.HelmChartContainer - [hivemq-test-hivemq-platform] [hivemq-platform-operator] [3dd9362b] 23:33:51.589 [ReconcilerExecutor-hivemq-controller-53] INFO  c.h.p.o.h.HiveMQPlatformReconcilerBaseHandler - [helminit] HiveMQ Platform is starting
2025-01-28 23:33:51,693 INFO c.h.h.t.HelmChartContainer - [hivemq-test-hivemq-platform] [hivemq-platform-operator] [3dd9362b] 23:33:51.691 [ReconcilerExecutor-hivemq-controller-53] DEBUG c.h.p.operator.event.EventSender - [helminit] Creating K8s event hivemq-platform-starting: [Start] HiveMQ Platform is starting
2025-01-28 23:33:51,701 INFO c.h.h.t.HelmChartContainer - [EVENT] Normal [Start] HiveMQ Platform is starting [helminitcontainerit:test-hivemq-platform]
2025-01-28 23:33:51,736 INFO c.h.h.t.HelmChartContainer - [hivemq-test-hivemq-platform] [hivemq-platform-operator] [3dd9362b] 23:33:51.734 [ReconcilerExecutor-hivemq-controller-53] INFO  c.h.p.o.h.AbstractHiveMQReconcilerStateHandler - [helminit] Update HiveMQ Platform Status (CREATED [READY] -> STARTING [READY]): HiveMQ Platform is starting
2025-01-28 23:33:51,798 DEBUG com.hivemq.helmcharts.util.K8sUtil - Comparing actual state 'STARTING' and waiting for 'RUNNING'
2025-01-28 23:34:01,841 INFO c.h.h.t.HelmChartContainer - [hivemq-test-hivemq-platform] [hivemq-platform-operator] [3dd9362b] 23:34:01.839 [pool-6-thread-12] DEBUG c.h.p.o.d.PlatformServiceResource - [helminit] Desired Platform services (3 services)
2025-01-28 23:34:01,841 INFO c.h.h.t.HelmChartContainer - [hivemq-test-hivemq-platform] [hivemq-platform-operator] [3dd9362b] 23:34:01.840 [pool-6-thread-13] DEBUG c.h.p.o.dependants.PodInfoConfigMap - [helminit] Desired PodInfo ConfigMap (1 extensions) (1 enabled)
2025-01-28 23:34:01,844 INFO c.h.h.t.HelmChartContainer - [hivemq-test-hivemq-platform] [hivemq-platform-operator] [3dd9362b] 23:34:01.840 [pool-6-thread-13] DEBUG c.h.p.o.dependants.PodInfoConfigMap - [helminit] Desired PodInfo ConfigMap (metrics port: 9399) (metrics path: /)
2025-01-28 23:34:01,844 INFO c.h.h.t.HelmChartContainer - [hivemq-test-hivemq-platform] [hivemq-platform-operator] [3dd9362b] 23:34:01.840 [pool-6-thread-13] DEBUG c.h.p.o.dependants.PodInfoConfigMap - [helminit] Desired PodInfo ConfigMap (extension state hash: -1817474005)
2025-01-28 23:34:01,848 INFO c.h.h.t.HelmChartContainer - [hivemq-test-hivemq-platform] [hivemq-platform-operator] [3dd9362b] 23:34:01.845 [pool-6-thread-17] DEBUG c.h.p.o.d.PodServiceAccountResource - [helminit] Desired PodServiceAccountResource (serviceAccountName: hivemq-platform-pod-test-hivemq-platform)
2025-01-28 23:34:01,858 INFO c.h.h.t.HelmChartContainer - [K3S] [alloc.go:330] "allocated clusterIPs" service="helminitcontainerit/hivemq-test-hivemq-platform-cc-8080" clusterIPs={"IPv4":"10.43.101.145"}
2025-01-28 23:34:01,938 INFO c.h.h.t.HelmChartContainer - [hivemq-test-hivemq-platform] [hivemq-platform-operator] [3dd9362b] 23:34:01.936 [pool-6-thread-13] DEBUG c.h.p.o.dependants.PodInfoConfigMap - [helminit] Update PodInfo ConfigMap
2025-01-28 23:34:01,951 INFO c.h.h.t.HelmChartContainer - [K3S] [alloc.go:330] "allocated clusterIPs" service="helminitcontainerit/hivemq-test-hivemq-platform-metrics-9399" clusterIPs={"IPv4":"10.43.176.91"}
2025-01-28 23:34:02,042 INFO c.h.h.t.HelmChartContainer - [K3S] [alloc.go:330] "allocated clusterIPs" service="helminitcontainerit/hivemq-test-hivemq-platform-mqtt-1883" clusterIPs={"IPv4":"10.43.238.15"}
2025-01-28 23:34:02,051 INFO c.h.h.t.HelmChartContainer - [hivemq-test-hivemq-platform] [hivemq-platform-operator] [3dd9362b] 23:34:02.048 [pool-6-thread-20] DEBUG c.h.p.o.d.StatefulSetResource - [helminit] Desired StatefulSet (1 replicas) for status STARTING (READY)
2025-01-28 23:34:02,144 INFO c.h.h.t.HelmChartContainer - [hivemq-test-hivemq-platform] [hivemq-platform-operator] [3dd9362b] 23:34:02.142 [pool-6-thread-20] DEBUG c.h.p.o.d.StatefulSetResource - [helminit] Create StatefulSet
2025-01-28 23:34:02,176 INFO c.h.h.t.HelmChartContainer - [POD] test-hivemq-platform-0 [490147ed-2a53-435d-8b33-d283c70d42ed] in helminitcontainerit was ADDED
2025-01-28 23:34:02,178 INFO c.h.h.t.HelmChartContainer - [EVENT] Normal [SuccessfulCreate] create Pod test-hivemq-platform-0 in StatefulSet test-hivemq-platform successful [helminitcontainerit:test-hivemq-platform]
2025-01-28 23:34:02,181 INFO c.h.h.t.HelmChartContainer - [POD] test-hivemq-platform-0 [490147ed-2a53-435d-8b33-d283c70d42ed] in helminitcontainerit was MODIFIED
2025-01-28 23:34:02,183 INFO c.h.h.t.HelmChartContainer - [EVENT] Normal [Scheduled] Successfully assigned helminitcontainerit/test-hivemq-platform-0 to 59fa806875ec [helminitcontainerit:test-hivemq-platform-0]
2025-01-28 23:34:02,194 INFO c.h.h.t.HelmChartContainer - [POD] test-hivemq-platform-0 [490147ed-2a53-435d-8b33-d283c70d42ed] in helminitcontainerit was MODIFIED
2025-01-28 23:34:02,315 INFO c.h.h.t.HelmChartContainer - [K3S] [reconciler_common.go:251] "operationExecutor.VerifyControllerAttachedVolume started for volume \"pod-info\" (UniqueName: \"kubernetes.io/configmap/490147ed-2a53-435d-8b33-d283c70d42ed-pod-info\") pod \"test-hivemq-platform-0\" (UID: \"490147ed-2a53-435d-8b33-d283c70d42ed\") " pod="helminitcontainerit/test-hivemq-platform-0"
2025-01-28 23:34:02,315 INFO c.h.h.t.HelmChartContainer - [K3S] [reconciler_common.go:251] "operationExecutor.VerifyControllerAttachedVolume started for volume \"broker-configuration\" (UniqueName: \"kubernetes.io/configmap/490147ed-2a53-435d-8b33-d283c70d42ed-broker-configuration\") pod \"test-hivemq-platform-0\" (UID: \"490147ed-2a53-435d-8b33-d283c70d42ed\") " pod="helminitcontainerit/test-hivemq-platform-0"
2025-01-28 23:34:02,315 INFO c.h.h.t.HelmChartContainer - [K3S] [reconciler_common.go:251] "operationExecutor.VerifyControllerAttachedVolume started for volume \"operator-init\" (UniqueName: \"kubernetes.io/empty-dir/490147ed-2a53-435d-8b33-d283c70d42ed-operator-init\") pod \"test-hivemq-platform-0\" (UID: \"490147ed-2a53-435d-8b33-d283c70d42ed\") " pod="helminitcontainerit/test-hivemq-platform-0"
2025-01-28 23:34:02,315 INFO c.h.h.t.HelmChartContainer - [K3S] [reconciler_common.go:251] "operationExecutor.VerifyControllerAttachedVolume started for volume \"kube-api-access-n7xx6\" (UniqueName: \"kubernetes.io/projected/490147ed-2a53-435d-8b33-d283c70d42ed-kube-api-access-n7xx6\") pod \"test-hivemq-platform-0\" (UID: \"490147ed-2a53-435d-8b33-d283c70d42ed\") " pod="helminitcontainerit/test-hivemq-platform-0"
2025-01-28 23:34:02,315 INFO c.h.h.t.HelmChartContainer - [K3S] [reconciler_common.go:251] "operationExecutor.VerifyControllerAttachedVolume started for volume \"license-volume\" (UniqueName: \"kubernetes.io/empty-dir/490147ed-2a53-435d-8b33-d283c70d42ed-license-volume\") pod \"test-hivemq-platform-0\" (UID: \"490147ed-2a53-435d-8b33-d283c70d42ed\") " pod="helminitcontainerit/test-hivemq-platform-0"
2025-01-28 23:34:02,315 INFO c.h.h.t.HelmChartContainer - [K3S] [reconciler_common.go:251] "operationExecutor.VerifyControllerAttachedVolume started for volume \"consul-template-volume\" (UniqueName: \"kubernetes.io/configmap/490147ed-2a53-435d-8b33-d283c70d42ed-consul-template-volume\") pod \"test-hivemq-platform-0\" (UID: \"490147ed-2a53-435d-8b33-d283c70d42ed\") " pod="helminitcontainerit/test-hivemq-platform-0"
2025-01-28 23:34:02,340 INFO c.h.h.t.HelmChartContainer - [hivemq-test-hivemq-platform] [hivemq-platform-operator] [3dd9362b] 23:34:02.338 [ReconcilerExecutor-hivemq-controller-64] INFO  c.h.p.o.HiveMQPlatformReconciler - [helminit] Reconciling HiveMQ Platform 'test-hivemq-platform' in namespace 'helminitcontainerit'
2025-01-28 23:34:02,340 INFO c.h.h.t.HelmChartContainer - [hivemq-test-hivemq-platform] [hivemq-platform-operator] [3dd9362b] 23:34:02.338 [ReconcilerExecutor-hivemq-controller-64] DEBUG c.h.p.o.HiveMQPlatformReconciler - [helminit] Custom Resource Status STARTING - HiveMQ Platform is starting (READY)
2025-01-28 23:34:02,340 INFO c.h.h.t.HelmChartContainer - [hivemq-test-hivemq-platform] [hivemq-platform-operator] [3dd9362b] 23:34:02.338 [ReconcilerExecutor-hivemq-controller-64] DEBUG c.h.p.o.HiveMQPlatformReconciler - [helminit] Custom Resource Spec (replicas: 1) (extensions: 1)
2025-01-28 23:34:02,343 INFO c.h.h.t.HelmChartContainer - [hivemq-test-hivemq-platform] [hivemq-platform-operator] [3dd9362b] 23:34:02.342 [ReconcilerExecutor-hivemq-controller-64] DEBUG c.h.p.o.HiveMQPlatformReconciler - [helminit] StatefulSet Status (revision: test-hivemq-platform-74977b996d, replicas: 1, available: 0, ready: 0, current: 1, updated: 1)
2025-01-28 23:34:02,343 INFO c.h.h.t.HelmChartContainer - [hivemq-test-hivemq-platform] [hivemq-platform-operator] [3dd9362b] 23:34:02.342 [ReconcilerExecutor-hivemq-controller-64] DEBUG c.h.p.o.HiveMQPlatformReconciler - [helminit] StatefulSet Spec (replicas: 1, init containers: 2, containers: 1, volumes: 5)
2025-01-28 23:34:02,439 INFO c.h.h.t.HelmChartContainer - [hivemq-test-hivemq-platform] [hivemq-platform-operator] [3dd9362b] 23:34:02.438 [ReconcilerExecutor-hivemq-controller-64] DEBUG c.h.p.o.h.HiveMQPlatformReconcilerErrorHandler - [helminit] Pod 'test-hivemq-platform-0' phase Pending
2025-01-28 23:34:02,441 INFO c.h.h.t.HelmChartContainer - [hivemq-test-hivemq-platform] [hivemq-platform-operator] [3dd9362b] 23:34:02.439 [ReconcilerExecutor-hivemq-controller-64] DEBUG c.h.p.o.h.HiveMQPlatformReconcilerErrorHandler - [helminit] Pod 'test-hivemq-platform-0' condition 'PodReadyToStartContainers': False
2025-01-28 23:34:02,441 INFO c.h.h.t.HelmChartContainer - [hivemq-test-hivemq-platform] [hivemq-platform-operator] [3dd9362b] 23:34:02.439 [ReconcilerExecutor-hivemq-controller-64] DEBUG c.h.p.o.h.HiveMQPlatformReconcilerErrorHandler - [helminit] Pod 'test-hivemq-platform-0' condition 'Initialized': False
2025-01-28 23:34:02,442 INFO c.h.h.t.HelmChartContainer - [hivemq-test-hivemq-platform] [hivemq-platform-operator] [3dd9362b] 23:34:02.439 [ReconcilerExecutor-hivemq-controller-64] DEBUG c.h.p.o.h.HiveMQPlatformReconcilerErrorHandler - [helminit] Pod 'test-hivemq-platform-0' condition 'Ready': False
2025-01-28 23:34:02,442 INFO c.h.h.t.HelmChartContainer - [hivemq-test-hivemq-platform] [hivemq-platform-operator] [3dd9362b] 23:34:02.439 [ReconcilerExecutor-hivemq-controller-64] DEBUG c.h.p.o.h.HiveMQPlatformReconcilerErrorHandler - [helminit] Pod 'test-hivemq-platform-0' condition 'ContainersReady': False
2025-01-28 23:34:02,442 INFO c.h.h.t.HelmChartContainer - [hivemq-test-hivemq-platform] [hivemq-platform-operator] [3dd9362b] 23:34:02.439 [ReconcilerExecutor-hivemq-controller-64] DEBUG c.h.p.o.h.HiveMQPlatformReconcilerErrorHandler - [helminit] Pod 'test-hivemq-platform-0' condition 'PodScheduled': True
2025-01-28 23:34:02,442 INFO c.h.h.t.HelmChartContainer - [hivemq-test-hivemq-platform] [hivemq-platform-operator] [3dd9362b] 23:34:02.439 [ReconcilerExecutor-hivemq-controller-64] DEBUG c.h.p.o.h.HiveMQPlatformReconcilerErrorHandler - [helminit] Pod 'test-hivemq-platform-0' containerStatus 'hivemq' (started: false) (ready: false) (waiting: [PodInitializing] null)
2025-01-28 23:34:02,443 INFO c.h.h.t.HelmChartContainer - [hivemq-test-hivemq-platform] [hivemq-platform-operator] [3dd9362b] 23:34:02.442 [ReconcilerExecutor-hivemq-controller-64] INFO  c.h.p.o.h.HiveMQPlatformReconcilerBaseHandler - [helminit] HiveMQ Platform is starting, 0 of 1 replicas are ready
2025-01-28 23:34:02,449 INFO c.h.h.t.HelmChartContainer - [hivemq-test-hivemq-platform] [hivemq-platform-operator] [3dd9362b] 23:34:02.446 [pool-6-thread-22] DEBUG c.h.p.o.d.PlatformServiceResource - [helminit] Desired Platform services (3 services)
2025-01-28 23:34:02,450 INFO c.h.h.t.HelmChartContainer - [hivemq-test-hivemq-platform] [hivemq-platform-operator] [3dd9362b] 23:34:02.447 [pool-6-thread-23] DEBUG c.h.p.o.dependants.PodInfoConfigMap - [helminit] Desired PodInfo ConfigMap (1 extensions) (1 enabled)
2025-01-28 23:34:02,451 INFO c.h.h.t.HelmChartContainer - [hivemq-test-hivemq-platform] [hivemq-platform-operator] [3dd9362b] 23:34:02.448 [pool-6-thread-23] DEBUG c.h.p.o.dependants.PodInfoConfigMap - [helminit] Desired PodInfo ConfigMap (metrics port: 9399) (metrics path: /)
2025-01-28 23:34:02,451 INFO c.h.h.t.HelmChartContainer - [hivemq-test-hivemq-platform] [hivemq-platform-operator] [3dd9362b] 23:34:02.448 [pool-6-thread-23] DEBUG c.h.p.o.dependants.PodInfoConfigMap - [helminit] Desired PodInfo ConfigMap (extension state hash: -1817474005)
2025-01-28 23:34:02,538 INFO c.h.h.t.HelmChartContainer - [hivemq-test-hivemq-platform] [hivemq-platform-operator] [3dd9362b] 23:34:02.535 [pool-6-thread-27] DEBUG c.h.p.o.d.PodServiceAccountResource - [helminit] Desired PodServiceAccountResource (serviceAccountName: hivemq-platform-pod-test-hivemq-platform)
2025-01-28 23:34:02,545 INFO c.h.h.t.HelmChartContainer - [hivemq-test-hivemq-platform] [hivemq-platform-operator] [3dd9362b] 23:34:02.544 [pool-6-thread-30] DEBUG c.h.p.o.d.StatefulSetResource - [helminit] Desired StatefulSet (1 replicas) for status STARTING (READY)
2025-01-28 23:34:02,578 INFO c.h.h.t.HelmChartContainer - [EVENT] Normal [Pulling] Pulling image "hashicorp/consul-template:latest" [helminitcontainerit:test-hivemq-platform-0]
2025-01-28 23:34:02,638 INFO c.h.h.t.HelmChartContainer - [hivemq-test-hivemq-platform] [hivemq-platform-operator] [3dd9362b] 23:34:02.635 [ReconcilerExecutor-hivemq-controller-75] INFO  c.h.p.o.HiveMQPlatformReconciler - [helminit] Reconciling HiveMQ Platform 'test-hivemq-platform' in namespace 'helminitcontainerit'
2025-01-28 23:34:02,638 INFO c.h.h.t.HelmChartContainer - [hivemq-test-hivemq-platform] [hivemq-platform-operator] [3dd9362b] 23:34:02.636 [ReconcilerExecutor-hivemq-controller-75] DEBUG c.h.p.o.HiveMQPlatformReconciler - [helminit] Custom Resource Status STARTING - HiveMQ Platform is starting (READY)
2025-01-28 23:34:02,638 INFO c.h.h.t.HelmChartContainer - [hivemq-test-hivemq-platform] [hivemq-platform-operator] [3dd9362b] 23:34:02.636 [ReconcilerExecutor-hivemq-controller-75] DEBUG c.h.p.o.HiveMQPlatformReconciler - [helminit] Custom Resource Spec (replicas: 1) (extensions: 1)
2025-01-28 23:34:02,641 INFO c.h.h.t.HelmChartContainer - [hivemq-test-hivemq-platform] [hivemq-platform-operator] [3dd9362b] 23:34:02.639 [ReconcilerExecutor-hivemq-controller-75] DEBUG c.h.p.o.HiveMQPlatformReconciler - [helminit] StatefulSet Status (revision: test-hivemq-platform-74977b996d, replicas: 1, available: 0, ready: 0, current: 1, updated: 1)
2025-01-28 23:34:02,641 INFO c.h.h.t.HelmChartContainer - [hivemq-test-hivemq-platform] [hivemq-platform-operator] [3dd9362b] 23:34:02.640 [ReconcilerExecutor-hivemq-controller-75] DEBUG c.h.p.o.HiveMQPlatformReconciler - [helminit] StatefulSet Spec (replicas: 1, init containers: 2, containers: 1, volumes: 5)
2025-01-28 23:34:02,643 INFO c.h.h.t.HelmChartContainer - [hivemq-test-hivemq-platform] [hivemq-platform-operator] [3dd9362b] 23:34:02.642 [ReconcilerExecutor-hivemq-controller-75] DEBUG c.h.p.o.h.HiveMQPlatformReconcilerErrorHandler - [helminit] Pod 'test-hivemq-platform-0' phase Pending
2025-01-28 23:34:02,644 INFO c.h.h.t.HelmChartContainer - [hivemq-test-hivemq-platform] [hivemq-platform-operator] [3dd9362b] 23:34:02.642 [ReconcilerExecutor-hivemq-controller-75] DEBUG c.h.p.o.h.HiveMQPlatformReconcilerErrorHandler - [helminit] Pod 'test-hivemq-platform-0' condition 'PodReadyToStartContainers': False
2025-01-28 23:34:02,645 INFO c.h.h.t.HelmChartContainer - [hivemq-test-hivemq-platform] [hivemq-platform-operator] [3dd9362b] 23:34:02.643 [ReconcilerExecutor-hivemq-controller-75] DEBUG c.h.p.o.h.HiveMQPlatformReconcilerErrorHandler - [helminit] Pod 'test-hivemq-platform-0' condition 'Initialized': False
2025-01-28 23:34:02,645 INFO c.h.h.t.HelmChartContainer - [hivemq-test-hivemq-platform] [hivemq-platform-operator] [3dd9362b] 23:34:02.643 [ReconcilerExecutor-hivemq-controller-75] DEBUG c.h.p.o.h.HiveMQPlatformReconcilerErrorHandler - [helminit] Pod 'test-hivemq-platform-0' condition 'Ready': False
2025-01-28 23:34:02,645 INFO c.h.h.t.HelmChartContainer - [hivemq-test-hivemq-platform] [hivemq-platform-operator] [3dd9362b] 23:34:02.643 [ReconcilerExecutor-hivemq-controller-75] DEBUG c.h.p.o.h.HiveMQPlatformReconcilerErrorHandler - [helminit] Pod 'test-hivemq-platform-0' condition 'ContainersReady': False
2025-01-28 23:34:02,645 INFO c.h.h.t.HelmChartContainer - [hivemq-test-hivemq-platform] [hivemq-platform-operator] [3dd9362b] 23:34:02.643 [ReconcilerExecutor-hivemq-controller-75] DEBUG c.h.p.o.h.HiveMQPlatformReconcilerErrorHandler - [helminit] Pod 'test-hivemq-platform-0' condition 'PodScheduled': True
2025-01-28 23:34:02,645 INFO c.h.h.t.HelmChartContainer - [hivemq-test-hivemq-platform] [hivemq-platform-operator] [3dd9362b] 23:34:02.643 [ReconcilerExecutor-hivemq-controller-75] DEBUG c.h.p.o.h.HiveMQPlatformReconcilerErrorHandler - [helminit] Pod 'test-hivemq-platform-0' containerStatus 'hivemq' (started: false) (ready: false) (waiting: [PodInitializing] null)
2025-01-28 23:34:02,646 INFO c.h.h.t.HelmChartContainer - [hivemq-test-hivemq-platform] [hivemq-platform-operator] [3dd9362b] 23:34:02.644 [ReconcilerExecutor-hivemq-controller-75] INFO  c.h.p.o.h.HiveMQPlatformReconcilerBaseHandler - [helminit] HiveMQ Platform is starting, 0 of 1 replicas are ready
2025-01-28 23:34:03,514 INFO c.h.h.t.HelmChartContainer - [EVENT] Normal [Pulled] Successfully pulled image "hashicorp/consul-template:latest" in 936ms (936ms including waiting). Image size: 8961926 bytes. [helminitcontainerit:test-hivemq-platform-0]
2025-01-28 23:34:03,519 INFO c.h.h.t.HelmChartContainer - [EVENT] Normal [Created] Created container: consul-template-init-container [helminitcontainerit:test-hivemq-platform-0]
2025-01-28 23:34:03,581 INFO c.h.h.t.HelmChartContainer - [EVENT] Normal [Started] Started container consul-template-init-container [helminitcontainerit:test-hivemq-platform-0]
2025-01-28 23:34:04,362 INFO c.h.h.t.HelmChartContainer - [EVENT] Normal [Pulled] Container image "docker.io/hivemq/hivemq-platform-operator-init-test:snapshot" already present on machine [helminitcontainerit:test-hivemq-platform-0]
2025-01-28 23:34:04,375 INFO c.h.h.t.HelmChartContainer - [POD] test-hivemq-platform-0 [490147ed-2a53-435d-8b33-d283c70d42ed] in helminitcontainerit was MODIFIED
2025-01-28 23:34:04,386 INFO c.h.h.t.HelmChartContainer - [EVENT] Normal [Created] Created container: hivemq-platform-operator-init [helminitcontainerit:test-hivemq-platform-0]
2025-01-28 23:34:04,395 INFO c.h.h.t.HelmChartContainer - [hivemq-test-hivemq-platform] [hivemq-platform-operator] [3dd9362b] 23:34:04.389 [pool-6-thread-32] DEBUG c.h.p.o.d.PlatformServiceResource - [helminit] Desired Platform services (3 services)
2025-01-28 23:34:04,400 INFO c.h.h.t.HelmChartContainer - [hivemq-test-hivemq-platform] [hivemq-platform-operator] [3dd9362b] 23:34:04.391 [pool-6-thread-33] DEBUG c.h.p.o.dependants.PodInfoConfigMap - [helminit] Desired PodInfo ConfigMap (1 extensions) (1 enabled)
2025-01-28 23:34:04,401 INFO c.h.h.t.HelmChartContainer - [hivemq-test-hivemq-platform] [hivemq-platform-operator] [3dd9362b] 23:34:04.394 [pool-6-thread-33] DEBUG c.h.p.o.dependants.PodInfoConfigMap - [helminit] Desired PodInfo ConfigMap (metrics port: 9399) (metrics path: /)
2025-01-28 23:34:04,403 INFO c.h.h.t.HelmChartContainer - [hivemq-test-hivemq-platform] [hivemq-platform-operator] [3dd9362b] 23:34:04.394 [pool-6-thread-33] DEBUG c.h.p.o.dependants.PodInfoConfigMap - [helminit] Desired PodInfo ConfigMap (extension state hash: -1817474005)
2025-01-28 23:34:04,404 INFO c.h.h.t.HelmChartContainer - [hivemq-test-hivemq-platform] [hivemq-platform-operator] [3dd9362b] 23:34:04.399 [pool-6-thread-37] DEBUG c.h.p.o.d.PodServiceAccountResource - [helminit] Desired PodServiceAccountResource (serviceAccountName: hivemq-platform-pod-test-hivemq-platform)
2025-01-28 23:34:04,436 INFO c.h.h.t.HelmChartContainer - [EVENT] Normal [Started] Started container hivemq-platform-operator-init [helminitcontainerit:test-hivemq-platform-0]
2025-01-28 23:34:04,440 INFO c.h.h.t.HelmChartContainer - [hivemq-test-hivemq-platform] [hivemq-platform-operator] [3dd9362b] 23:34:04.440 [pool-6-thread-40] DEBUG c.h.p.o.d.StatefulSetResource - [helminit] Desired StatefulSet (1 replicas) for status STARTING (READY)
2025-01-28 23:34:04,447 INFO c.h.h.t.HelmChartContainer - [hivemq-test-hivemq-platform] [hivemq-platform-operator] [3dd9362b] 23:34:04.446 [ReconcilerExecutor-hivemq-controller-86] INFO  c.h.p.o.HiveMQPlatformReconciler - [helminit] Reconciling HiveMQ Platform 'test-hivemq-platform' in namespace 'helminitcontainerit'
2025-01-28 23:34:04,487 INFO c.h.h.t.HelmChartContainer - [hivemq-test-hivemq-platform] [hivemq-platform-operator] [3dd9362b] 23:34:04.486 [ReconcilerExecutor-hivemq-controller-86] DEBUG c.h.p.o.HiveMQPlatformReconciler - [helminit] Custom Resource Status STARTING - HiveMQ Platform is starting (READY)
2025-01-28 23:34:04,488 INFO c.h.h.t.HelmChartContainer - [hivemq-test-hivemq-platform] [hivemq-platform-operator] [3dd9362b] 23:34:04.486 [ReconcilerExecutor-hivemq-controller-86] DEBUG c.h.p.o.HiveMQPlatformReconciler - [helminit] Custom Resource Spec (replicas: 1) (extensions: 1)
2025-01-28 23:34:04,490 INFO c.h.h.t.HelmChartContainer - [hivemq-test-hivemq-platform] [hivemq-platform-operator] [3dd9362b] 23:34:04.489 [ReconcilerExecutor-hivemq-controller-86] DEBUG c.h.p.o.HiveMQPlatformReconciler - [helminit] StatefulSet Status (revision: test-hivemq-platform-74977b996d, replicas: 1, available: 0, ready: 0, current: 1, updated: 1)
2025-01-28 23:34:04,490 INFO c.h.h.t.HelmChartContainer - [hivemq-test-hivemq-platform] [hivemq-platform-operator] [3dd9362b] 23:34:04.489 [ReconcilerExecutor-hivemq-controller-86] DEBUG c.h.p.o.HiveMQPlatformReconciler - [helminit] StatefulSet Spec (replicas: 1, init containers: 2, containers: 1, volumes: 5)
2025-01-28 23:34:04,496 INFO c.h.h.t.HelmChartContainer - [hivemq-test-hivemq-platform] [hivemq-platform-operator] [3dd9362b] 23:34:04.495 [ReconcilerExecutor-hivemq-controller-86] DEBUG c.h.p.o.h.HiveMQPlatformReconcilerErrorHandler - [helminit] Pod 'test-hivemq-platform-0' phase Pending
2025-01-28 23:34:04,498 INFO c.h.h.t.HelmChartContainer - [hivemq-test-hivemq-platform] [hivemq-platform-operator] [3dd9362b] 23:34:04.496 [ReconcilerExecutor-hivemq-controller-86] DEBUG c.h.p.o.h.HiveMQPlatformReconcilerErrorHandler - [helminit] Pod 'test-hivemq-platform-0' condition 'PodReadyToStartContainers': True
2025-01-28 23:34:04,498 INFO c.h.h.t.HelmChartContainer - [hivemq-test-hivemq-platform] [hivemq-platform-operator] [3dd9362b] 23:34:04.496 [ReconcilerExecutor-hivemq-controller-86] DEBUG c.h.p.o.h.HiveMQPlatformReconcilerErrorHandler - [helminit] Pod 'test-hivemq-platform-0' condition 'Initialized': False
2025-01-28 23:34:04,498 INFO c.h.h.t.HelmChartContainer - [hivemq-test-hivemq-platform] [hivemq-platform-operator] [3dd9362b] 23:34:04.496 [ReconcilerExecutor-hivemq-controller-86] DEBUG c.h.p.o.h.HiveMQPlatformReconcilerErrorHandler - [helminit] Pod 'test-hivemq-platform-0' condition 'Ready': False
2025-01-28 23:34:04,498 INFO c.h.h.t.HelmChartContainer - [hivemq-test-hivemq-platform] [hivemq-platform-operator] [3dd9362b] 23:34:04.496 [ReconcilerExecutor-hivemq-controller-86] DEBUG c.h.p.o.h.HiveMQPlatformReconcilerErrorHandler - [helminit] Pod 'test-hivemq-platform-0' condition 'ContainersReady': False
2025-01-28 23:34:04,498 INFO c.h.h.t.HelmChartContainer - [hivemq-test-hivemq-platform] [hivemq-platform-operator] [3dd9362b] 23:34:04.496 [ReconcilerExecutor-hivemq-controller-86] DEBUG c.h.p.o.h.HiveMQPlatformReconcilerErrorHandler - [helminit] Pod 'test-hivemq-platform-0' condition 'PodScheduled': True
2025-01-28 23:34:04,498 INFO c.h.h.t.HelmChartContainer - [hivemq-test-hivemq-platform] [hivemq-platform-operator] [3dd9362b] 23:34:04.496 [ReconcilerExecutor-hivemq-controller-86] DEBUG c.h.p.o.h.HiveMQPlatformReconcilerErrorHandler - [helminit] Pod 'test-hivemq-platform-0' containerStatus 'hivemq' (started: false) (ready: false) (waiting: [PodInitializing] null)
2025-01-28 23:34:04,535 INFO c.h.h.t.HelmChartContainer - [hivemq-test-hivemq-platform] [hivemq-platform-operator] [3dd9362b] 23:34:04.534 [ReconcilerExecutor-hivemq-controller-86] INFO  c.h.p.o.h.HiveMQPlatformReconcilerBaseHandler - [helminit] HiveMQ Platform is starting, 0 of 1 replicas are ready
2025-01-28 23:34:05,364 INFO c.h.h.t.HelmChartContainer - [EVENT] Normal [Pulled] Container image "docker.io/hivemq/hivemq4:4.36.0" already present on machine [helminitcontainerit:test-hivemq-platform-0]
2025-01-28 23:34:05,364 INFO c.h.h.t.HelmChartContainer - Received Pulled event for container hivemq in pod test-hivemq-platform-0 [490147ed-2a53-435d-8b33-d283c70d42ed]
2025-01-28 23:34:05,374 INFO c.h.h.t.HelmChartContainer - [POD] test-hivemq-platform-0 [490147ed-2a53-435d-8b33-d283c70d42ed] in helminitcontainerit was MODIFIED
2025-01-28 23:34:05,381 INFO c.h.h.t.HelmChartContainer - [EVENT] Normal [Created] Created container: hivemq [helminitcontainerit:test-hivemq-platform-0]
2025-01-28 23:34:05,381 INFO c.h.h.t.HelmChartContainer - Received Created event for container hivemq in pod test-hivemq-platform-0 [490147ed-2a53-435d-8b33-d283c70d42ed]
2025-01-28 23:34:05,388 INFO c.h.h.t.HelmChartContainer - [hivemq-test-hivemq-platform] [hivemq-platform-operator] [3dd9362b] 23:34:05.384 [pool-6-thread-42] DEBUG c.h.p.o.d.PlatformServiceResource - [helminit] Desired Platform services (3 services)
2025-01-28 23:34:05,391 INFO c.h.h.t.HelmChartContainer - [hivemq-test-hivemq-platform] [hivemq-platform-operator] [3dd9362b] 23:34:05.388 [pool-6-thread-43] DEBUG c.h.p.o.dependants.PodInfoConfigMap - [helminit] Desired PodInfo ConfigMap (1 extensions) (1 enabled)
2025-01-28 23:34:05,396 INFO c.h.h.t.HelmChartContainer - [hivemq-test-hivemq-platform] [hivemq-platform-operator] [3dd9362b] 23:34:05.388 [pool-6-thread-43] DEBUG c.h.p.o.dependants.PodInfoConfigMap - [helminit] Desired PodInfo ConfigMap (metrics port: 9399) (metrics path: /)
2025-01-28 23:34:05,396 INFO c.h.h.t.HelmChartContainer - [hivemq-test-hivemq-platform] [hivemq-platform-operator] [3dd9362b] 23:34:05.388 [pool-6-thread-43] DEBUG c.h.p.o.dependants.PodInfoConfigMap - [helminit] Desired PodInfo ConfigMap (extension state hash: -1817474005)
2025-01-28 23:34:05,396 INFO c.h.h.t.HelmChartContainer - [hivemq-test-hivemq-platform] [hivemq-platform-operator] [3dd9362b] 23:34:05.391 [pool-6-thread-47] DEBUG c.h.p.o.d.PodServiceAccountResource - [helminit] Desired PodServiceAccountResource (serviceAccountName: hivemq-platform-pod-test-hivemq-platform)
2025-01-28 23:34:05,451 INFO c.h.h.t.HelmChartContainer - [hivemq-test-hivemq-platform] [hivemq-platform-operator] [3dd9362b] 23:34:05.441 [pool-6-thread-50] DEBUG c.h.p.o.d.StatefulSetResource - [helminit] Desired StatefulSet (1 replicas) for status STARTING (READY)
2025-01-28 23:34:05,456 INFO c.h.h.t.HelmChartContainer - [hivemq-test-hivemq-platform] [hivemq-platform-operator] [3dd9362b] 23:34:05.451 [ReconcilerExecutor-hivemq-controller-97] INFO  c.h.p.o.HiveMQPlatformReconciler - [helminit] Reconciling HiveMQ Platform 'test-hivemq-platform' in namespace 'helminitcontainerit'
2025-01-28 23:34:05,456 INFO c.h.h.t.HelmChartContainer - [hivemq-test-hivemq-platform] [hivemq-platform-operator] [3dd9362b] 23:34:05.451 [ReconcilerExecutor-hivemq-controller-97] DEBUG c.h.p.o.HiveMQPlatformReconciler - [helminit] Custom Resource Status STARTING - HiveMQ Platform is starting (READY)
2025-01-28 23:34:05,456 INFO c.h.h.t.HelmChartContainer - [hivemq-test-hivemq-platform] [hivemq-platform-operator] [3dd9362b] 23:34:05.451 [ReconcilerExecutor-hivemq-controller-97] DEBUG c.h.p.o.HiveMQPlatformReconciler - [helminit] Custom Resource Spec (replicas: 1) (extensions: 1)
2025-01-28 23:34:05,490 INFO c.h.h.t.HelmChartContainer - [hivemq-test-hivemq-platform] [hivemq-platform-operator] [3dd9362b] 23:34:05.487 [ReconcilerExecutor-hivemq-controller-97] DEBUG c.h.p.o.HiveMQPlatformReconciler - [helminit] StatefulSet Status (revision: test-hivemq-platform-74977b996d, replicas: 1, available: 0, ready: 0, current: 1, updated: 1)
2025-01-28 23:34:05,490 INFO c.h.h.t.HelmChartContainer - [hivemq-test-hivemq-platform] [hivemq-platform-operator] [3dd9362b] 23:34:05.487 [ReconcilerExecutor-hivemq-controller-97] DEBUG c.h.p.o.HiveMQPlatformReconciler - [helminit] StatefulSet Spec (replicas: 1, init containers: 2, containers: 1, volumes: 5)
2025-01-28 23:34:05,493 INFO c.h.h.t.HelmChartContainer - [hivemq-test-hivemq-platform] [hivemq-platform-operator] [3dd9362b] 23:34:05.490 [ReconcilerExecutor-hivemq-controller-97] DEBUG c.h.p.o.h.HiveMQPlatformReconcilerErrorHandler - [helminit] Pod 'test-hivemq-platform-0' phase Pending
2025-01-28 23:34:05,493 INFO c.h.h.t.HelmChartContainer - [hivemq-test-hivemq-platform] [hivemq-platform-operator] [3dd9362b] 23:34:05.491 [ReconcilerExecutor-hivemq-controller-97] DEBUG c.h.p.o.h.HiveMQPlatformReconcilerErrorHandler - [helminit] Pod 'test-hivemq-platform-0' condition 'PodReadyToStartContainers': True
2025-01-28 23:34:05,493 INFO c.h.h.t.HelmChartContainer - [hivemq-test-hivemq-platform] [hivemq-platform-operator] [3dd9362b] 23:34:05.491 [ReconcilerExecutor-hivemq-controller-97] DEBUG c.h.p.o.h.HiveMQPlatformReconcilerErrorHandler - [helminit] Pod 'test-hivemq-platform-0' condition 'Initialized': True
2025-01-28 23:34:05,494 INFO c.h.h.t.HelmChartContainer - [hivemq-test-hivemq-platform] [hivemq-platform-operator] [3dd9362b] 23:34:05.491 [ReconcilerExecutor-hivemq-controller-97] DEBUG c.h.p.o.h.HiveMQPlatformReconcilerErrorHandler - [helminit] Pod 'test-hivemq-platform-0' condition 'Ready': False
2025-01-28 23:34:05,494 INFO c.h.h.t.HelmChartContainer - [hivemq-test-hivemq-platform] [hivemq-platform-operator] [3dd9362b] 23:34:05.491 [ReconcilerExecutor-hivemq-controller-97] DEBUG c.h.p.o.h.HiveMQPlatformReconcilerErrorHandler - [helminit] Pod 'test-hivemq-platform-0' condition 'ContainersReady': False
2025-01-28 23:34:05,494 INFO c.h.h.t.HelmChartContainer - [hivemq-test-hivemq-platform] [hivemq-platform-operator] [3dd9362b] 23:34:05.491 [ReconcilerExecutor-hivemq-controller-97] DEBUG c.h.p.o.h.HiveMQPlatformReconcilerErrorHandler - [helminit] Pod 'test-hivemq-platform-0' condition 'PodScheduled': True
2025-01-28 23:34:05,494 INFO c.h.h.t.HelmChartContainer - [hivemq-test-hivemq-platform] [hivemq-platform-operator] [3dd9362b] 23:34:05.491 [ReconcilerExecutor-hivemq-controller-97] DEBUG c.h.p.o.h.HiveMQPlatformReconcilerErrorHandler - [helminit] Pod 'test-hivemq-platform-0' containerStatus 'hivemq' (started: false) (ready: false) (waiting: [PodInitializing] null)
2025-01-28 23:34:05,494 INFO c.h.h.t.HelmChartContainer - [hivemq-test-hivemq-platform] [hivemq-platform-operator] [3dd9362b] 23:34:05.492 [ReconcilerExecutor-hivemq-controller-97] INFO  c.h.p.o.h.HiveMQPlatformReconcilerBaseHandler - [helminit] HiveMQ Platform is starting, 0 of 1 replicas are ready
2025-01-28 23:34:06,377 INFO c.h.h.t.HelmChartContainer - [POD] test-hivemq-platform-0 [490147ed-2a53-435d-8b33-d283c70d42ed] in helminitcontainerit was MODIFIED
2025-01-28 23:34:06,385 INFO c.h.h.t.HelmChartContainer - [hivemq-test-hivemq-platform] [hivemq-platform-operator] [3dd9362b] 23:34:06.381 [pool-6-thread-5] DEBUG c.h.p.o.d.PlatformServiceResource - [helminit] Desired Platform services (3 services)
2025-01-28 23:34:06,386 INFO c.h.h.t.HelmChartContainer - [hivemq-test-hivemq-platform] [hivemq-platform-operator] [3dd9362b] 23:34:06.384 [pool-6-thread-3] DEBUG c.h.p.o.dependants.PodInfoConfigMap - [helminit] Desired PodInfo ConfigMap (1 extensions) (1 enabled)
2025-01-28 23:34:06,388 INFO c.h.h.t.HelmChartContainer - [hivemq-test-hivemq-platform] [hivemq-platform-operator] [3dd9362b] 23:34:06.385 [pool-6-thread-3] DEBUG c.h.p.o.dependants.PodInfoConfigMap - [helminit] Desired PodInfo ConfigMap (metrics port: 9399) (metrics path: /)
2025-01-28 23:34:06,389 INFO c.h.h.t.HelmChartContainer - [hivemq-test-hivemq-platform] [hivemq-platform-operator] [3dd9362b] 23:34:06.386 [pool-6-thread-3] DEBUG c.h.p.o.dependants.PodInfoConfigMap - [helminit] Desired PodInfo ConfigMap (extension state hash: -1817474005)
2025-01-28 23:34:06,390 INFO c.h.h.t.HelmChartContainer - Started log watcher for hivemq in pod test-hivemq-platform-0 [490147ed-2a53-435d-8b33-d283c70d42ed]
2025-01-28 23:34:06,390 INFO c.h.h.t.HelmChartContainer - [EVENT] Normal [Started] Started container hivemq [helminitcontainerit:test-hivemq-platform-0]
2025-01-28 23:34:06,390 INFO c.h.h.t.HelmChartContainer - Received Started event for container hivemq in pod test-hivemq-platform-0 [490147ed-2a53-435d-8b33-d283c70d42ed]
2025-01-28 23:34:06,391 INFO c.h.h.t.HelmChartContainer - [test-hivemq-platform] [hivemq] [490147ed] Adding pre-installed HiveMQ Platform Operator extensions
2025-01-28 23:34:06,391 INFO c.h.h.t.HelmChartContainer - [test-hivemq-platform] [hivemq] [490147ed] Running as user 10000
2025-01-28 23:34:06,391 INFO c.h.h.t.HelmChartContainer - [test-hivemq-platform] [hivemq] [490147ed] Starting HiveMQ Platform Operator Init
2025-01-28 23:34:06,395 INFO c.h.h.t.HelmChartContainer - [hivemq-test-hivemq-platform] [hivemq-platform-operator] [3dd9362b] 23:34:06.394 [pool-6-thread-6] DEBUG c.h.p.o.d.PodServiceAccountResource - [helminit] Desired PodServiceAccountResource (serviceAccountName: hivemq-platform-pod-test-hivemq-platform)
2025-01-28 23:34:06,440 INFO c.h.h.t.HelmChartContainer - [hivemq-test-hivemq-platform] [hivemq-platform-operator] [3dd9362b] 23:34:06.439 [pool-6-thread-10] DEBUG c.h.p.o.d.StatefulSetResource - [helminit] Desired StatefulSet (1 replicas) for status STARTING (READY)
2025-01-28 23:34:06,445 INFO c.h.h.t.HelmChartContainer - [hivemq-test-hivemq-platform] [hivemq-platform-operator] [3dd9362b] 23:34:06.444 [ReconcilerExecutor-hivemq-controller-108] INFO  c.h.p.o.HiveMQPlatformReconciler - [helminit] Reconciling HiveMQ Platform 'test-hivemq-platform' in namespace 'helminitcontainerit'
2025-01-28 23:34:06,445 INFO c.h.h.t.HelmChartContainer - [hivemq-test-hivemq-platform] [hivemq-platform-operator] [3dd9362b] 23:34:06.444 [ReconcilerExecutor-hivemq-controller-108] DEBUG c.h.p.o.HiveMQPlatformReconciler - [helminit] Custom Resource Status STARTING - HiveMQ Platform is starting (READY)
2025-01-28 23:34:06,445 INFO c.h.h.t.HelmChartContainer - [hivemq-test-hivemq-platform] [hivemq-platform-operator] [3dd9362b] 23:34:06.444 [ReconcilerExecutor-hivemq-controller-108] DEBUG c.h.p.o.HiveMQPlatformReconciler - [helminit] Custom Resource Spec (replicas: 1) (extensions: 1)
2025-01-28 23:34:06,488 INFO c.h.h.t.HelmChartContainer - [hivemq-test-hivemq-platform] [hivemq-platform-operator] [3dd9362b] 23:34:06.486 [ReconcilerExecutor-hivemq-controller-108] DEBUG c.h.p.o.HiveMQPlatformReconciler - [helminit] StatefulSet Status (revision: test-hivemq-platform-74977b996d, replicas: 1, available: 0, ready: 0, current: 1, updated: 1)
2025-01-28 23:34:06,490 INFO c.h.h.t.HelmChartContainer - [hivemq-test-hivemq-platform] [hivemq-platform-operator] [3dd9362b] 23:34:06.486 [ReconcilerExecutor-hivemq-controller-108] DEBUG c.h.p.o.HiveMQPlatformReconciler - [helminit] StatefulSet Spec (replicas: 1, init containers: 2, containers: 1, volumes: 5)
2025-01-28 23:34:06,490 INFO c.h.h.t.HelmChartContainer - [hivemq-test-hivemq-platform] [hivemq-platform-operator] [3dd9362b] 23:34:06.488 [ReconcilerExecutor-hivemq-controller-108] DEBUG c.h.p.o.h.HiveMQPlatformReconcilerErrorHandler - [helminit] Pod 'test-hivemq-platform-0' phase Running
2025-01-28 23:34:06,490 INFO c.h.h.t.HelmChartContainer - [hivemq-test-hivemq-platform] [hivemq-platform-operator] [3dd9362b] 23:34:06.488 [ReconcilerExecutor-hivemq-controller-108] INFO  c.h.p.o.h.HiveMQPlatformReconcilerBaseHandler - [helminit] HiveMQ Platform is starting, 0 of 1 replicas are ready
2025-01-28 23:34:06,609 INFO c.h.h.t.HelmChartContainer - [test-hivemq-platform] [hivemq] [490147ed] INFO  - [HiveMQ Platform Operator Init 1.7.0-SNAPSHOT] HiveMQ Platform Operator Init 1.7.0-SNAPSHOT (commit: bebf408 on branch: HEAD) built on Sun Jan 26 20:47:47 UTC 2025
2025-01-28 23:34:07,827 INFO c.h.h.t.HelmChartContainer - [test-hivemq-platform] [hivemq] [490147ed] INFO  - [HiveMQ Platform Operator Init App 1.7.0-SNAPSHOT] Using bind address 10.42.0.6 from environment variable
2025-01-28 23:34:08,711 INFO c.h.h.t.HelmChartContainer - [test-hivemq-platform] [hivemq] [490147ed] INFO  - [HiveMQ Platform Operator Init App 1.7.0-SNAPSHOT] HiveMQ Platform Operator Init App 1.7.0-SNAPSHOT (commit: bebf408 on branch: HEAD) built on Sun Jan 26 20:47:47 UTC 2025
2025-01-28 23:34:08,712 INFO c.h.h.t.HelmChartContainer - [test-hivemq-platform] [hivemq] [490147ed] INFO  - [HiveMQ Platform Operator Init App 1.7.0-SNAPSHOT] PodInfo ConfigMap directory: /etc/podinfo
2025-01-28 23:34:08,712 INFO c.h.h.t.HelmChartContainer - [test-hivemq-platform] [hivemq] [490147ed] INFO  - [HiveMQ Platform Operator Init App 1.7.0-SNAPSHOT] HiveMQ home directory: /opt/hivemq
2025-01-28 23:34:08,712 INFO c.h.h.t.HelmChartContainer - [test-hivemq-platform] [hivemq] [490147ed] INFO  - [HiveMQ Platform Operator Init App 1.7.0-SNAPSHOT] HiveMQ Logback folder: /opt/hivemq/conf
2025-01-28 23:34:08,712 INFO c.h.h.t.HelmChartContainer - [test-hivemq-platform] [hivemq] [490147ed] INFO  - [HiveMQ Platform Operator Init App 1.7.0-SNAPSHOT] HiveMQ Config folder: /opt/hivemq/conf-k8s
2025-01-28 23:34:08,712 INFO c.h.h.t.HelmChartContainer - [test-hivemq-platform] [hivemq] [490147ed] INFO  - [HiveMQ Platform Operator Init App 1.7.0-SNAPSHOT] Starting HiveMQ Platform Operator Init App
2025-01-28 23:34:08,712 INFO c.h.h.t.HelmChartContainer - [test-hivemq-platform] [hivemq] [490147ed] INFO  - [HiveMQ Platform Operator Init App 1.7.0-SNAPSHOT] Starting Pod reconciler
2025-01-28 23:34:09,920 INFO c.h.h.t.HelmChartContainer - [test-hivemq-platform] [hivemq] [490147ed] INFO  - [HiveMQ Platform Operator Init App 1.7.0-SNAPSHOT] Pod reconciler is scheduled (interval: 5000 ms)
2025-01-28 23:34:09,922 INFO c.h.h.t.HelmChartContainer - [test-hivemq-platform] [hivemq] [490147ed] INFO  - [HiveMQ Platform Operator Init App 1.7.0-SNAPSHOT] Starting the REST API on 10.42.0.6:7979
2025-01-28 23:34:09,925 INFO c.h.h.t.HelmChartContainer - [test-hivemq-platform] [hivemq] [490147ed] INFO  - [HiveMQ Platform Operator Init App 1.7.0-SNAPSHOT] Waiting up to 600s for at most 1 HiveMQ nodes in cluster service hivemq-test-hivemq-platform-cluster.helminitcontainerit.svc
2025-01-28 23:34:10,316 INFO c.h.h.t.HelmChartContainer - [test-hivemq-platform] [hivemq] [490147ed] INFO  - [HiveMQ Platform Operator Init App 1.7.0-SNAPSHOT] Resolved 1 IP addresses: [10.42.0.6]
2025-01-28 23:34:10,316 INFO c.h.h.t.HelmChartContainer - [test-hivemq-platform] [hivemq] [490147ed] INFO  - [HiveMQ Platform Operator Init App 1.7.0-SNAPSHOT] HiveMQ node count of 1 is within threshold of 1
2025-01-28 23:34:10,316 INFO c.h.h.t.HelmChartContainer - [test-hivemq-platform] [hivemq] [490147ed] INFO  - [HiveMQ Platform Operator Init App 1.7.0-SNAPSHOT] Proceeding with container start
2025-01-28 23:34:10,340 INFO c.h.h.t.HelmChartContainer - [test-hivemq-platform] [hivemq] [490147ed] INFO  - [HiveMQ Platform Operator Init App 1.7.0-SNAPSHOT] Initializing HiveMQ Platform extensions with initial configuration: {hivemq-allow-all-extension={start-priority=-1, skip-https-hostname-verification=false, restart=true, config-version=0, header-version=0, c-uri=, priority=-1, uri=preinstalled, skip-https-certificate-validation=false, enabled=true}, hivemq-prometheus-extension={start-priority=-1, c-uri=, skip-https-hostname-verification=false, skip-https-certificate-validation=false, uri=preinstalled, request-header-path=no-request-headers, enabled=true, restart=true, priority=-1}}
2025-01-28 23:34:10,816 INFO c.h.h.t.HelmChartContainer - [test-hivemq-platform] [hivemq] [490147ed] INFO  - [HiveMQ Platform Operator Init App 1.7.0-SNAPSHOT] Extension hivemq-allow-all-extension was already enabled
2025-01-28 23:34:10,905 INFO c.h.h.t.HelmChartContainer - [test-hivemq-platform] [hivemq] [490147ed] INFO  - [HiveMQ Platform Operator Init App 1.7.0-SNAPSHOT] Successfully enabled extension hivemq-prometheus-extension
2025-01-28 23:34:10,906 INFO c.h.h.t.HelmChartContainer - [test-hivemq-platform] [hivemq] [490147ed] INFO  - [HiveMQ Platform Operator Init App 1.7.0-SNAPSHOT] Starting HiveMQ Platform version 4.36.0 (4.36.0)
2025-01-28 23:34:10,908 INFO c.h.h.t.HelmChartContainer - [test-hivemq-platform] [hivemq] [490147ed] INFO  - [HiveMQ Platform Operator Init App 1.7.0-SNAPSHOT] Configuring the HiveMQ Platform
2025-01-28 23:34:10,918 INFO c.h.h.t.HelmChartContainer - [test-hivemq-platform] [hivemq] [490147ed] INFO  - [HiveMQ Platform Operator Init App 1.7.0-SNAPSHOT] Changed logback.xml file scan period to 20 seconds
2025-01-28 23:34:11,008 INFO c.h.h.t.HelmChartContainer - [test-hivemq-platform] [hivemq] [490147ed] INFO  - [HiveMQ Platform Operator Init App 1.7.0-SNAPSHOT] Starting the HiveMQ Platform
2025-01-28 23:34:11,011 INFO c.h.h.t.HelmChartContainer - [test-hivemq-platform] [hivemq] [490147ed] -------------------------------------------------------------------------
2025-01-28 23:34:11,011 INFO c.h.h.t.HelmChartContainer - [test-hivemq-platform] [hivemq] [490147ed] 
2025-01-28 23:34:11,011 INFO c.h.h.t.HelmChartContainer - [test-hivemq-platform] [hivemq] [490147ed]                   _    _  _              __  __   ____
2025-01-28 23:34:11,011 INFO c.h.h.t.HelmChartContainer - [test-hivemq-platform] [hivemq] [490147ed]                  | |  | |(_)            |  \/  | / __ \
2025-01-28 23:34:11,011 INFO c.h.h.t.HelmChartContainer - [test-hivemq-platform] [hivemq] [490147ed]                  | |__| | _ __   __ ___ | \  / || |  | |
2025-01-28 23:34:11,011 INFO c.h.h.t.HelmChartContainer - [test-hivemq-platform] [hivemq] [490147ed]                  |  __  || |\ \ / // _ \| |\/| || |  | |
2025-01-28 23:34:11,011 INFO c.h.h.t.HelmChartContainer - [test-hivemq-platform] [hivemq] [490147ed]                  | |  | || | \ V /|  __/| |  | || |__| |
2025-01-28 23:34:11,011 INFO c.h.h.t.HelmChartContainer - [test-hivemq-platform] [hivemq] [490147ed]                  |_|  |_||_|  \_/  \___||_|  |_| \___\_\
2025-01-28 23:34:11,011 INFO c.h.h.t.HelmChartContainer - [test-hivemq-platform] [hivemq] [490147ed] 
2025-01-28 23:34:11,011 INFO c.h.h.t.HelmChartContainer - [test-hivemq-platform] [hivemq] [490147ed] -------------------------------------------------------------------------
2025-01-28 23:34:11,011 INFO c.h.h.t.HelmChartContainer - [test-hivemq-platform] [hivemq] [490147ed] 
2025-01-28 23:34:11,011 INFO c.h.h.t.HelmChartContainer - [test-hivemq-platform] [hivemq] [490147ed]   HiveMQ Start Script for Linux/Unix v1.14
2025-01-28 23:34:11,011 INFO c.h.h.t.HelmChartContainer - [test-hivemq-platform] [hivemq] [490147ed] 
2025-01-28 23:34:11,038 INFO c.h.h.t.HelmChartContainer - [test-hivemq-platform] [hivemq] [490147ed] -------------------------------------------------------------------------
2025-01-28 23:34:11,039 INFO c.h.h.t.HelmChartContainer - [test-hivemq-platform] [hivemq] [490147ed] 
2025-01-28 23:34:11,039 INFO c.h.h.t.HelmChartContainer - [test-hivemq-platform] [hivemq] [490147ed]   HIVEMQ_HOME: /opt/hivemq
2025-01-28 23:34:11,039 INFO c.h.h.t.HelmChartContainer - [test-hivemq-platform] [hivemq] [490147ed] 
2025-01-28 23:34:11,039 INFO c.h.h.t.HelmChartContainer - [test-hivemq-platform] [hivemq] [490147ed]   JAVA_OPTS: -XX:+UnlockExperimentalVMOptions -XX:InitialRAMPercentage=50 -XX:MaxRAMPercentage=50 -Djava.net.preferIPv4Stack=true --add-opens java.base/java.lang=ALL-UNNAMED --add-opens java.base/java.nio=ALL-UNNAMED --add-opens java.base/sun.nio.ch=ALL-UNNAMED --add-opens jdk.management/com.sun.management.internal=ALL-UNNAMED --add-exports java.base/jdk.internal.misc=ALL-UNNAMED -Djava.security.egd=file:/dev/./urandom -Dcom.sun.management.jmxremote -Dcom.sun.management.jmxremote.port=9010 -Dcom.sun.management.jmxremote.local.only=false -Dcom.sun.management.jmxremote.authenticate=false -Dcom.sun.management.jmxremote.ssl=false -Duser.language=en -Duser.region=US -XX:+CrashOnOutOfMemoryError -XX:+HeapDumpOnOutOfMemoryError
2025-01-28 23:34:11,039 INFO c.h.h.t.HelmChartContainer - [test-hivemq-platform] [hivemq] [490147ed] 
2025-01-28 23:34:11,039 INFO c.h.h.t.HelmChartContainer - [test-hivemq-platform] [hivemq] [490147ed]   JAVA_VERSION: 21
2025-01-28 23:34:11,039 INFO c.h.h.t.HelmChartContainer - [test-hivemq-platform] [hivemq] [490147ed] 
2025-01-28 23:34:11,039 INFO c.h.h.t.HelmChartContainer - [test-hivemq-platform] [hivemq] [490147ed] -------------------------------------------------------------------------
2025-01-28 23:34:11,039 INFO c.h.h.t.HelmChartContainer - [test-hivemq-platform] [hivemq] [490147ed] 
2025-01-28 23:34:12,415 INFO c.h.h.t.HelmChartContainer - [test-hivemq-platform] [hivemq] [490147ed] INFO  - [HiveMQ Platform Operator Init App 1.7.0-SNAPSHOT] Returning default Health API response 503 for readiness
2025-01-28 23:34:12,720 INFO c.h.h.t.HelmChartContainer - [EVENT] Warning [Unhealthy] Readiness probe failed: HTTP probe failed with statuscode: 503 [helminitcontainerit:test-hivemq-platform-0]
2025-01-28 23:34:12,721 INFO c.h.h.t.HelmChartContainer - Received Unhealthy event for container hivemq in pod test-hivemq-platform-0 [490147ed-2a53-435d-8b33-d283c70d42ed]
2025-01-28 23:34:13,704 INFO c.h.h.t.HelmChartContainer - [test-hivemq-platform] [hivemq] [490147ed] INFO  - Starting HiveMQ Enterprise Server
2025-01-28 23:34:13,711 INFO c.h.h.t.HelmChartContainer - [test-hivemq-platform] [hivemq] [490147ed] INFO  - HiveMQ version: 4.36.0
2025-01-28 23:34:13,711 INFO c.h.h.t.HelmChartContainer - [test-hivemq-platform] [hivemq] [490147ed] INFO  - HiveMQ home directory: /opt/hivemq
2025-01-28 23:34:13,711 INFO c.h.h.t.HelmChartContainer - [test-hivemq-platform] [hivemq] [490147ed] INFO  - Log Configuration was overridden by /opt/hivemq/conf/logback.xml
2025-01-28 23:34:14,918 INFO c.h.h.t.HelmChartContainer - [test-hivemq-platform] [hivemq] [490147ed] INFO  - Successfully loaded configuration from '/opt/hivemq/conf-k8s/config.xml'.
2025-01-28 23:34:15,609 INFO c.h.h.t.HelmChartContainer - [test-hivemq-platform] [hivemq] [490147ed] INFO  - This node's ID is jrjMv
2025-01-28 23:34:15,611 INFO c.h.h.t.HelmChartContainer - [test-hivemq-platform] [hivemq] [490147ed] INFO  - Clustering is enabled
2025-01-28 23:34:16,494 INFO c.h.h.t.HelmChartContainer - [hivemq-test-hivemq-platform] [hivemq-platform-operator] [3dd9362b] 23:34:16.492 [pool-6-thread-14] DEBUG c.h.p.o.d.PlatformServiceResource - [helminit] Desired Platform services (3 services)
2025-01-28 23:34:16,495 INFO c.h.h.t.HelmChartContainer - [hivemq-test-hivemq-platform] [hivemq-platform-operator] [3dd9362b] 23:34:16.493 [pool-6-thread-15] DEBUG c.h.p.o.dependants.PodInfoConfigMap - [helminit] Desired PodInfo ConfigMap (1 extensions) (1 enabled)
2025-01-28 23:34:16,495 INFO c.h.h.t.HelmChartContainer - [hivemq-test-hivemq-platform] [hivemq-platform-operator] [3dd9362b] 23:34:16.493 [pool-6-thread-15] DEBUG c.h.p.o.dependants.PodInfoConfigMap - [helminit] Desired PodInfo ConfigMap (metrics port: 9399) (metrics path: /)
2025-01-28 23:34:16,495 INFO c.h.h.t.HelmChartContainer - [hivemq-test-hivemq-platform] [hivemq-platform-operator] [3dd9362b] 23:34:16.493 [pool-6-thread-15] DEBUG c.h.p.o.dependants.PodInfoConfigMap - [helminit] Desired PodInfo ConfigMap (extension state hash: -1817474005)
2025-01-28 23:34:16,495 INFO c.h.h.t.HelmChartContainer - [hivemq-test-hivemq-platform] [hivemq-platform-operator] [3dd9362b] 23:34:16.494 [pool-6-thread-11] DEBUG c.h.p.o.d.PodServiceAccountResource - [helminit] Desired PodServiceAccountResource (serviceAccountName: hivemq-platform-pod-test-hivemq-platform)
2025-01-28 23:34:16,499 INFO c.h.h.t.HelmChartContainer - [hivemq-test-hivemq-platform] [hivemq-platform-operator] [3dd9362b] 23:34:16.498 [pool-6-thread-14] DEBUG c.h.p.o.d.StatefulSetResource - [helminit] Desired StatefulSet (1 replicas) for status STARTING (READY)
2025-01-28 23:34:16,508 INFO c.h.h.t.HelmChartContainer - [hivemq-test-hivemq-platform] [hivemq-platform-operator] [3dd9362b] 23:34:16.506 [ReconcilerExecutor-hivemq-controller-109] INFO  c.h.p.o.HiveMQPlatformReconciler - [helminit] Reconciling HiveMQ Platform 'test-hivemq-platform' in namespace 'helminitcontainerit'
2025-01-28 23:34:16,511 INFO c.h.h.t.HelmChartContainer - [hivemq-test-hivemq-platform] [hivemq-platform-operator] [3dd9362b] 23:34:16.506 [ReconcilerExecutor-hivemq-controller-109] DEBUG c.h.p.o.HiveMQPlatformReconciler - [helminit] Custom Resource Status STARTING - HiveMQ Platform is starting (READY)
2025-01-28 23:34:16,511 INFO c.h.h.t.HelmChartContainer - [hivemq-test-hivemq-platform] [hivemq-platform-operator] [3dd9362b] 23:34:16.506 [ReconcilerExecutor-hivemq-controller-109] DEBUG c.h.p.o.HiveMQPlatformReconciler - [helminit] Custom Resource Spec (replicas: 1) (extensions: 1)
2025-01-28 23:34:16,512 INFO c.h.h.t.HelmChartContainer - [hivemq-test-hivemq-platform] [hivemq-platform-operator] [3dd9362b] 23:34:16.510 [ReconcilerExecutor-hivemq-controller-109] DEBUG c.h.p.o.HiveMQPlatformReconciler - [helminit] StatefulSet Status (revision: test-hivemq-platform-74977b996d, replicas: 1, available: 0, ready: 0, current: 1, updated: 1)
2025-01-28 23:34:16,512 INFO c.h.h.t.HelmChartContainer - [hivemq-test-hivemq-platform] [hivemq-platform-operator] [3dd9362b] 23:34:16.510 [ReconcilerExecutor-hivemq-controller-109] DEBUG c.h.p.o.HiveMQPlatformReconciler - [helminit] StatefulSet Spec (replicas: 1, init containers: 2, containers: 1, volumes: 5)
2025-01-28 23:34:16,516 INFO c.h.h.t.HelmChartContainer - [hivemq-test-hivemq-platform] [hivemq-platform-operator] [3dd9362b] 23:34:16.515 [ReconcilerExecutor-hivemq-controller-109] DEBUG c.h.p.o.h.HiveMQPlatformReconcilerErrorHandler - [helminit] Pod 'test-hivemq-platform-0' phase Running
2025-01-28 23:34:16,517 INFO c.h.h.t.HelmChartContainer - [hivemq-test-hivemq-platform] [hivemq-platform-operator] [3dd9362b] 23:34:16.516 [ReconcilerExecutor-hivemq-controller-109] INFO  c.h.p.o.h.HiveMQPlatformReconcilerBaseHandler - [helminit] HiveMQ Platform is starting, 0 of 1 replicas are ready
2025-01-28 23:34:17,007 INFO c.h.h.t.HelmChartContainer - [K3S] [range_allocator.go:247] "Successfully synced" key="59fa806875ec"
2025-01-28 23:34:17,914 INFO c.h.h.t.HelmChartContainer - [test-hivemq-platform] [hivemq] [490147ed] WARN  - [HiveMQ Platform Operator Init App 1.7.0-SNAPSHOT] Cannot connect to Health API for readiness: null
2025-01-28 23:34:17,918 INFO c.h.h.t.HelmChartContainer - [EVENT] Warning [Unhealthy] Readiness probe failed: HTTP probe failed with statuscode: 503 [helminitcontainerit:test-hivemq-platform-0]
2025-01-28 23:34:17,918 INFO c.h.h.t.HelmChartContainer - Received Unhealthy event for container hivemq in pod test-hivemq-platform-0 [490147ed-2a53-435d-8b33-d283c70d42ed]
2025-01-28 23:34:21,308 INFO c.h.h.t.HelmChartContainer - [test-hivemq-platform] [hivemq] [490147ed] Jan 28, 2025 11:34:21 PM io.vertx.core.impl.BlockedThreadChecker
2025-01-28 23:34:21,308 INFO c.h.h.t.HelmChartContainer - [test-hivemq-platform] [hivemq] [490147ed] WARNING: Thread Thread[vert.x-eventloop-thread-1,5,main] has been blocked for 2704 ms, time limit is 2000 ms
2025-01-28 23:34:21,608 INFO c.h.h.t.HelmChartContainer - [test-hivemq-platform] [hivemq] [490147ed] INFO  - [HiveMQ Platform Operator Init App 1.7.0-SNAPSHOT] Updating Pod HiveMQ Platform Operator Init App version annotation (version: 1.7.0-SNAPSHOT)
2025-01-28 23:34:22,224 INFO c.h.h.t.HelmChartContainer - [POD] test-hivemq-platform-0 [490147ed-2a53-435d-8b33-d283c70d42ed] in helminitcontainerit was MODIFIED
2025-01-28 23:34:22,239 INFO c.h.h.t.HelmChartContainer - [test-hivemq-platform] [hivemq] [490147ed] INFO  - [HiveMQ Platform Operator Init App 1.7.0-SNAPSHOT] Successfully updated Pod HiveMQ Platform Operator Init App version annotation (version: 1.7.0-SNAPSHOT)
2025-01-28 23:34:22,243 INFO c.h.h.t.HelmChartContainer - [hivemq-test-hivemq-platform] [hivemq-platform-operator] [3dd9362b] 23:34:22.237 [pool-6-thread-27] DEBUG c.h.p.o.d.PlatformServiceResource - [helminit] Desired Platform services (3 services)
2025-01-28 23:34:22,243 INFO c.h.h.t.HelmChartContainer - [hivemq-test-hivemq-platform] [hivemq-platform-operator] [3dd9362b] 23:34:22.236 [pool-6-thread-29] DEBUG c.h.p.o.d.PodServiceAccountResource - [helminit] Desired PodServiceAccountResource (serviceAccountName: hivemq-platform-pod-test-hivemq-platform)
2025-01-28 23:34:22,243 INFO c.h.h.t.HelmChartContainer - [hivemq-test-hivemq-platform] [hivemq-platform-operator] [3dd9362b] 23:34:22.240 [pool-6-thread-25] DEBUG c.h.p.o.dependants.PodInfoConfigMap - [helminit] Desired PodInfo ConfigMap (1 extensions) (1 enabled)
2025-01-28 23:34:22,243 INFO c.h.h.t.HelmChartContainer - [hivemq-test-hivemq-platform] [hivemq-platform-operator] [3dd9362b] 23:34:22.240 [pool-6-thread-25] DEBUG c.h.p.o.dependants.PodInfoConfigMap - [helminit] Desired PodInfo ConfigMap (metrics port: 9399) (metrics path: /)
2025-01-28 23:34:22,243 INFO c.h.h.t.HelmChartContainer - [hivemq-test-hivemq-platform] [hivemq-platform-operator] [3dd9362b] 23:34:22.240 [pool-6-thread-25] DEBUG c.h.p.o.dependants.PodInfoConfigMap - [helminit] Desired PodInfo ConfigMap (extension state hash: -1817474005)
2025-01-28 23:34:22,247 INFO c.h.h.t.HelmChartContainer - [hivemq-test-hivemq-platform] [hivemq-platform-operator] [3dd9362b] 23:34:22.246 [pool-6-thread-30] DEBUG c.h.p.o.d.StatefulSetResource - [helminit] Desired StatefulSet (1 replicas) for status STARTING (READY)
2025-01-28 23:34:22,294 INFO c.h.h.t.HelmChartContainer - [hivemq-test-hivemq-platform] [hivemq-platform-operator] [3dd9362b] 23:34:22.291 [ReconcilerExecutor-hivemq-controller-110] INFO  c.h.p.o.HiveMQPlatformReconciler - [helminit] Reconciling HiveMQ Platform 'test-hivemq-platform' in namespace 'helminitcontainerit'
2025-01-28 23:34:22,294 INFO c.h.h.t.HelmChartContainer - [hivemq-test-hivemq-platform] [hivemq-platform-operator] [3dd9362b] 23:34:22.291 [ReconcilerExecutor-hivemq-controller-110] DEBUG c.h.p.o.HiveMQPlatformReconciler - [helminit] Custom Resource Status STARTING - HiveMQ Platform is starting (READY)
2025-01-28 23:34:22,294 INFO c.h.h.t.HelmChartContainer - [hivemq-test-hivemq-platform] [hivemq-platform-operator] [3dd9362b] 23:34:22.291 [ReconcilerExecutor-hivemq-controller-110] DEBUG c.h.p.o.HiveMQPlatformReconciler - [helminit] Custom Resource Spec (replicas: 1) (extensions: 1)
2025-01-28 23:34:22,294 INFO c.h.h.t.HelmChartContainer - [hivemq-test-hivemq-platform] [hivemq-platform-operator] [3dd9362b] 23:34:22.293 [ReconcilerExecutor-hivemq-controller-110] DEBUG c.h.p.o.HiveMQPlatformReconciler - [helminit] StatefulSet Status (revision: test-hivemq-platform-74977b996d, replicas: 1, available: 0, ready: 0, current: 1, updated: 1)
2025-01-28 23:34:22,294 INFO c.h.h.t.HelmChartContainer - [hivemq-test-hivemq-platform] [hivemq-platform-operator] [3dd9362b] 23:34:22.293 [ReconcilerExecutor-hivemq-controller-110] DEBUG c.h.p.o.HiveMQPlatformReconciler - [helminit] StatefulSet Spec (replicas: 1, init containers: 2, containers: 1, volumes: 5)
2025-01-28 23:34:22,295 INFO c.h.h.t.HelmChartContainer - [hivemq-test-hivemq-platform] [hivemq-platform-operator] [3dd9362b] 23:34:22.295 [ReconcilerExecutor-hivemq-controller-110] DEBUG c.h.p.o.h.HiveMQPlatformReconcilerErrorHandler - [helminit] Pod 'test-hivemq-platform-0' phase Running
2025-01-28 23:34:22,296 INFO c.h.h.t.HelmChartContainer - [hivemq-test-hivemq-platform] [hivemq-platform-operator] [3dd9362b] 23:34:22.295 [ReconcilerExecutor-hivemq-controller-110] INFO  c.h.p.o.h.HiveMQPlatformReconcilerBaseHandler - [helminit] HiveMQ Platform is starting, 0 of 1 replicas are ready
2025-01-28 23:34:22,306 INFO c.h.h.t.HelmChartContainer - [test-hivemq-platform] [hivemq] [490147ed] WARN  - [HiveMQ Platform Operator Init App 1.7.0-SNAPSHOT] Cannot connect to Health API for readiness: null
2025-01-28 23:34:22,312 INFO c.h.h.t.HelmChartContainer - [EVENT] Warning [Unhealthy] Readiness probe failed: HTTP probe failed with statuscode: 503 [helminitcontainerit:test-hivemq-platform-0]
2025-01-28 23:34:22,312 INFO c.h.h.t.HelmChartContainer - Received Unhealthy event for container hivemq in pod test-hivemq-platform-0 [490147ed-2a53-435d-8b33-d283c70d42ed]
2025-01-28 23:34:27,226 INFO c.h.h.t.HelmChartContainer - [test-hivemq-platform] [hivemq] [490147ed] WARN  - [HiveMQ Platform Operator Init App 1.7.0-SNAPSHOT] Cannot connect to Health API for readiness: null
2025-01-28 23:34:27,306 INFO c.h.h.t.HelmChartContainer - [EVENT] Warning [Unhealthy] Readiness probe failed: HTTP probe failed with statuscode: 503 [helminitcontainerit:test-hivemq-platform-0]
2025-01-28 23:34:27,306 INFO c.h.h.t.HelmChartContainer - Received Unhealthy event for container hivemq in pod test-hivemq-platform-0 [490147ed-2a53-435d-8b33-d283c70d42ed]
2025-01-28 23:34:32,306 INFO c.h.h.t.HelmChartContainer - [hivemq-test-hivemq-platform] [hivemq-platform-operator] [3dd9362b] 23:34:32.300 [pool-6-thread-36] DEBUG c.h.p.o.d.PlatformServiceResource - [helminit] Desired Platform services (3 services)
2025-01-28 23:34:32,307 INFO c.h.h.t.HelmChartContainer - [hivemq-test-hivemq-platform] [hivemq-platform-operator] [3dd9362b] 23:34:32.300 [pool-6-thread-37] DEBUG c.h.p.o.dependants.PodInfoConfigMap - [helminit] Desired PodInfo ConfigMap (1 extensions) (1 enabled)
2025-01-28 23:34:32,307 INFO c.h.h.t.HelmChartContainer - [hivemq-test-hivemq-platform] [hivemq-platform-operator] [3dd9362b] 23:34:32.300 [pool-6-thread-37] DEBUG c.h.p.o.dependants.PodInfoConfigMap - [helminit] Desired PodInfo ConfigMap (metrics port: 9399) (metrics path: /)
2025-01-28 23:34:32,307 INFO c.h.h.t.HelmChartContainer - [hivemq-test-hivemq-platform] [hivemq-platform-operator] [3dd9362b] 23:34:32.300 [pool-6-thread-37] DEBUG c.h.p.o.dependants.PodInfoConfigMap - [helminit] Desired PodInfo ConfigMap (extension state hash: -1817474005)
2025-01-28 23:34:32,307 INFO c.h.h.t.HelmChartContainer - [hivemq-test-hivemq-platform] [hivemq-platform-operator] [3dd9362b] 23:34:32.302 [pool-6-thread-33] DEBUG c.h.p.o.d.PodServiceAccountResource - [helminit] Desired PodServiceAccountResource (serviceAccountName: hivemq-platform-pod-test-hivemq-platform)
2025-01-28 23:34:32,310 INFO c.h.h.t.HelmChartContainer - [hivemq-test-hivemq-platform] [hivemq-platform-operator] [3dd9362b] 23:34:32.309 [pool-6-thread-35] DEBUG c.h.p.o.d.StatefulSetResource - [helminit] Desired StatefulSet (1 replicas) for status STARTING (READY)
2025-01-28 23:34:32,313 INFO c.h.h.t.HelmChartContainer - [EVENT] Warning [Unhealthy] Readiness probe failed: HTTP probe failed with statuscode: 503 [helminitcontainerit:test-hivemq-platform-0]
2025-01-28 23:34:32,313 INFO c.h.h.t.HelmChartContainer - Received Unhealthy event for container hivemq in pod test-hivemq-platform-0 [490147ed-2a53-435d-8b33-d283c70d42ed]
2025-01-28 23:34:32,317 INFO c.h.h.t.HelmChartContainer - [test-hivemq-platform] [hivemq] [490147ed] WARN  - [HiveMQ Platform Operator Init App 1.7.0-SNAPSHOT] Cannot connect to Health API for readiness: null
2025-01-28 23:34:32,388 INFO c.h.h.t.HelmChartContainer - [hivemq-test-hivemq-platform] [hivemq-platform-operator] [3dd9362b] 23:34:32.386 [ReconcilerExecutor-hivemq-controller-111] INFO  c.h.p.o.HiveMQPlatformReconciler - [helminit] Reconciling HiveMQ Platform 'test-hivemq-platform' in namespace 'helminitcontainerit'
2025-01-28 23:34:32,388 INFO c.h.h.t.HelmChartContainer - [hivemq-test-hivemq-platform] [hivemq-platform-operator] [3dd9362b] 23:34:32.386 [ReconcilerExecutor-hivemq-controller-111] DEBUG c.h.p.o.HiveMQPlatformReconciler - [helminit] Custom Resource Status STARTING - HiveMQ Platform is starting (READY)
2025-01-28 23:34:32,388 INFO c.h.h.t.HelmChartContainer - [hivemq-test-hivemq-platform] [hivemq-platform-operator] [3dd9362b] 23:34:32.386 [ReconcilerExecutor-hivemq-controller-111] DEBUG c.h.p.o.HiveMQPlatformReconciler - [helminit] Custom Resource Spec (replicas: 1) (extensions: 1)
2025-01-28 23:34:32,389 INFO c.h.h.t.HelmChartContainer - [hivemq-test-hivemq-platform] [hivemq-platform-operator] [3dd9362b] 23:34:32.389 [ReconcilerExecutor-hivemq-controller-111] DEBUG c.h.p.o.HiveMQPlatformReconciler - [helminit] StatefulSet Status (revision: test-hivemq-platform-74977b996d, replicas: 1, available: 0, ready: 0, current: 1, updated: 1)
2025-01-28 23:34:32,390 INFO c.h.h.t.HelmChartContainer - [hivemq-test-hivemq-platform] [hivemq-platform-operator] [3dd9362b] 23:34:32.389 [ReconcilerExecutor-hivemq-controller-111] DEBUG c.h.p.o.HiveMQPlatformReconciler - [helminit] StatefulSet Spec (replicas: 1, init containers: 2, containers: 1, volumes: 5)
2025-01-28 23:34:32,392 INFO c.h.h.t.HelmChartContainer - [hivemq-test-hivemq-platform] [hivemq-platform-operator] [3dd9362b] 23:34:32.391 [ReconcilerExecutor-hivemq-controller-111] DEBUG c.h.p.o.h.HiveMQPlatformReconcilerErrorHandler - [helminit] Pod 'test-hivemq-platform-0' phase Running
2025-01-28 23:34:32,392 INFO c.h.h.t.HelmChartContainer - [hivemq-test-hivemq-platform] [hivemq-platform-operator] [3dd9362b] 23:34:32.391 [ReconcilerExecutor-hivemq-controller-111] INFO  c.h.p.o.h.HiveMQPlatformReconcilerBaseHandler - [helminit] HiveMQ Platform is starting, 0 of 1 replicas are ready
2025-01-28 23:34:32,508 INFO c.h.h.t.HelmChartContainer - [test-hivemq-platform] [hivemq] [490147ed] WARN  - [HiveMQ Platform Operator Init App 1.7.0-SNAPSHOT] Cannot connect to Health API for liveness: null
2025-01-28 23:34:32,508 INFO c.h.h.t.HelmChartContainer - [test-hivemq-platform] [hivemq] [490147ed] INFO  - [HiveMQ Platform Operator Init App 1.7.0-SNAPSHOT] Returning default Health API response 200 for liveness
2025-01-28 23:34:34,137 INFO c.h.h.t.HelmChartContainer - [test-hivemq-platform] [hivemq] [490147ed] WARN  - License file license.lic is corrupt.
2025-01-28 23:34:34,138 INFO c.h.h.t.HelmChartContainer - [test-hivemq-platform] [hivemq] [490147ed] INFO  - No valid license file found. Using trial license, restricted to 25 connections.
2025-01-28 23:34:37,220 INFO c.h.h.t.HelmChartContainer - [test-hivemq-platform] [hivemq] [490147ed] INFO  - No valid license file for Data Hub found. Using free license, restricted to 1 policy.
2025-01-28 23:34:37,225 INFO c.h.h.t.HelmChartContainer - [test-hivemq-platform] [hivemq] [490147ed] WARN  - [HiveMQ Platform Operator Init App 1.7.0-SNAPSHOT] Cannot connect to Health API for readiness: null
2025-01-28 23:34:37,230 INFO c.h.h.t.HelmChartContainer - [EVENT] Warning [Unhealthy] Readiness probe failed: HTTP probe failed with statuscode: 503 [helminitcontainerit:test-hivemq-platform-0]
2025-01-28 23:34:37,230 INFO c.h.h.t.HelmChartContainer - Received Unhealthy event for container hivemq in pod test-hivemq-platform-0 [490147ed-2a53-435d-8b33-d283c70d42ed]
2025-01-28 23:34:38,434 INFO c.h.h.t.HelmChartContainer - [test-hivemq-platform] [hivemq] [490147ed] INFO  - Audit Logger started.
2025-01-28 23:34:38,724 INFO c.h.h.t.HelmChartContainer - [test-hivemq-platform] [hivemq] [490147ed] INFO  - This node uses '1' CPU cores.
2025-01-28 23:34:38,730 INFO c.h.h.t.HelmChartContainer - [test-hivemq-platform] [hivemq] [490147ed] INFO  - Starting HiveMQ Health API on address 0.0.0.0 and port 8889
2025-01-28 23:34:39,603 INFO c.h.h.t.HelmChartContainer - [test-hivemq-platform] [hivemq] [490147ed] INFO  - Started HiveMQ Health API in 797ms
2025-01-28 23:34:40,419 INFO c.h.h.t.HelmChartContainer - [test-hivemq-platform] [hivemq] [490147ed] INFO  - Starting HiveMQ extension system.
2025-01-28 23:34:40,619 INFO c.h.h.t.HelmChartContainer - [test-hivemq-platform] [hivemq] [490147ed] INFO  - Starting extension with id "hivemq-dns-cluster-discovery" at /opt/hivemq/extensions/hivemq-dns-cluster-discovery
2025-01-28 23:34:41,020 INFO c.h.h.t.HelmChartContainer - [test-hivemq-platform] [hivemq] [490147ed] INFO  - Using TCP cluster transport on address 10.42.0.6 and port 7000
2025-01-28 23:34:41,109 INFO c.h.h.t.HelmChartContainer - [test-hivemq-platform] [hivemq] [490147ed] INFO  - Using extension cluster discovery
2025-01-28 23:34:41,312 INFO c.h.h.t.HelmChartContainer - [test-hivemq-platform] [hivemq] [490147ed] INFO  - Extension "DNS Cluster Discovery Extension" version 4.3.2 started successfully.
2025-01-28 23:34:41,316 INFO c.h.h.t.HelmChartContainer - [test-hivemq-platform] [hivemq] [490147ed] INFO  - Starting extension with id "hivemq-prometheus-extension" at /opt/hivemq/extensions/hivemq-prometheus-extension
2025-01-28 23:34:42,111 INFO c.h.h.t.HelmChartContainer - [test-hivemq-platform] [hivemq] [490147ed] INFO  - Started Jetty Server exposing Prometheus Servlet on URI http://0.0.0.0:9399/
2025-01-28 23:34:42,112 INFO c.h.h.t.HelmChartContainer - [test-hivemq-platform] [hivemq] [490147ed] INFO  - Extension "Prometheus Monitoring Extension" version 4.0.12 started successfully.
2025-01-28 23:34:42,112 INFO c.h.h.t.HelmChartContainer - [test-hivemq-platform] [hivemq] [490147ed] INFO  - Starting extension with id "hivemq-allow-all-extension" at /opt/hivemq/extensions/hivemq-allow-all-extension
2025-01-28 23:34:42,112 INFO c.h.h.t.HelmChartContainer - [test-hivemq-platform] [hivemq] [490147ed] WARN  - 
2025-01-28 23:34:42,112 INFO c.h.h.t.HelmChartContainer - [test-hivemq-platform] [hivemq] [490147ed] ################################################################################################################
2025-01-28 23:34:42,112 INFO c.h.h.t.HelmChartContainer - [test-hivemq-platform] [hivemq] [490147ed] # This HiveMQ deployment is not secure! You are lacking Authentication and Authorization.                      #
2025-01-28 23:34:42,112 INFO c.h.h.t.HelmChartContainer - [test-hivemq-platform] [hivemq] [490147ed] # Right now any MQTT client can connect to the broker with a full set of permissions.                          #
2025-01-28 23:34:42,112 INFO c.h.h.t.HelmChartContainer - [test-hivemq-platform] [hivemq] [490147ed] # For production usage, add an appropriate security extension and remove the hivemq-allow-all extension.       #
2025-01-28 23:34:42,112 INFO c.h.h.t.HelmChartContainer - [test-hivemq-platform] [hivemq] [490147ed] # You can download security extensions from the HiveMQ Marketplace (https://www.hivemq.com/extensions/).       #
2025-01-28 23:34:42,112 INFO c.h.h.t.HelmChartContainer - [test-hivemq-platform] [hivemq] [490147ed] ################################################################################################################
2025-01-28 23:34:42,112 INFO c.h.h.t.HelmChartContainer - [test-hivemq-platform] [hivemq] [490147ed] INFO  - Extension "Allow All Extension" version 1.1.1 started successfully.
2025-01-28 23:34:42,399 INFO c.h.h.t.HelmChartContainer - [hivemq-test-hivemq-platform] [hivemq-platform-operator] [3dd9362b] 23:34:42.395 [pool-6-thread-45] DEBUG c.h.p.o.d.PodServiceAccountResource - [helminit] Desired PodServiceAccountResource (serviceAccountName: hivemq-platform-pod-test-hivemq-platform)
2025-01-28 23:34:42,399 INFO c.h.h.t.HelmChartContainer - [hivemq-test-hivemq-platform] [hivemq-platform-operator] [3dd9362b] 23:34:42.397 [pool-6-thread-47] DEBUG c.h.p.o.d.PlatformServiceResource - [helminit] Desired Platform services (3 services)
2025-01-28 23:34:42,399 INFO c.h.h.t.HelmChartContainer - [hivemq-test-hivemq-platform] [hivemq-platform-operator] [3dd9362b] 23:34:42.397 [pool-6-thread-43] DEBUG c.h.p.o.dependants.PodInfoConfigMap - [helminit] Desired PodInfo ConfigMap (1 extensions) (1 enabled)
2025-01-28 23:34:42,399 INFO c.h.h.t.HelmChartContainer - [hivemq-test-hivemq-platform] [hivemq-platform-operator] [3dd9362b] 23:34:42.397 [pool-6-thread-43] DEBUG c.h.p.o.dependants.PodInfoConfigMap - [helminit] Desired PodInfo ConfigMap (metrics port: 9399) (metrics path: /)
2025-01-28 23:34:42,399 INFO c.h.h.t.HelmChartContainer - [hivemq-test-hivemq-platform] [hivemq-platform-operator] [3dd9362b] 23:34:42.397 [pool-6-thread-43] DEBUG c.h.p.o.dependants.PodInfoConfigMap - [helminit] Desired PodInfo ConfigMap (extension state hash: -1817474005)
2025-01-28 23:34:42,406 INFO c.h.h.t.HelmChartContainer - [hivemq-test-hivemq-platform] [hivemq-platform-operator] [3dd9362b] 23:34:42.404 [pool-6-thread-47] DEBUG c.h.p.o.d.StatefulSetResource - [helminit] Desired StatefulSet (1 replicas) for status STARTING (READY)
2025-01-28 23:34:42,415 INFO c.h.h.t.HelmChartContainer - [hivemq-test-hivemq-platform] [hivemq-platform-operator] [3dd9362b] 23:34:42.414 [ReconcilerExecutor-hivemq-controller-112] INFO  c.h.p.o.HiveMQPlatformReconciler - [helminit] Reconciling HiveMQ Platform 'test-hivemq-platform' in namespace 'helminitcontainerit'
2025-01-28 23:34:42,416 INFO c.h.h.t.HelmChartContainer - [hivemq-test-hivemq-platform] [hivemq-platform-operator] [3dd9362b] 23:34:42.415 [ReconcilerExecutor-hivemq-controller-112] DEBUG c.h.p.o.HiveMQPlatformReconciler - [helminit] Custom Resource Status STARTING - HiveMQ Platform is starting (READY)
2025-01-28 23:34:42,416 INFO c.h.h.t.HelmChartContainer - [hivemq-test-hivemq-platform] [hivemq-platform-operator] [3dd9362b] 23:34:42.415 [ReconcilerExecutor-hivemq-controller-112] DEBUG c.h.p.o.HiveMQPlatformReconciler - [helminit] Custom Resource Spec (replicas: 1) (extensions: 1)
2025-01-28 23:34:42,489 INFO c.h.h.t.HelmChartContainer - [hivemq-test-hivemq-platform] [hivemq-platform-operator] [3dd9362b] 23:34:42.487 [ReconcilerExecutor-hivemq-controller-112] DEBUG c.h.p.o.HiveMQPlatformReconciler - [helminit] StatefulSet Status (revision: test-hivemq-platform-74977b996d, replicas: 1, available: 0, ready: 0, current: 1, updated: 1)
2025-01-28 23:34:42,489 INFO c.h.h.t.HelmChartContainer - [hivemq-test-hivemq-platform] [hivemq-platform-operator] [3dd9362b] 23:34:42.487 [ReconcilerExecutor-hivemq-controller-112] DEBUG c.h.p.o.HiveMQPlatformReconciler - [helminit] StatefulSet Spec (replicas: 1, init containers: 2, containers: 1, volumes: 5)
2025-01-28 23:34:42,490 INFO c.h.h.t.HelmChartContainer - [hivemq-test-hivemq-platform] [hivemq-platform-operator] [3dd9362b] 23:34:42.488 [ReconcilerExecutor-hivemq-controller-112] DEBUG c.h.p.o.h.HiveMQPlatformReconcilerErrorHandler - [helminit] Pod 'test-hivemq-platform-0' phase Running
2025-01-28 23:34:42,490 INFO c.h.h.t.HelmChartContainer - [hivemq-test-hivemq-platform] [hivemq-platform-operator] [3dd9362b] 23:34:42.489 [ReconcilerExecutor-hivemq-controller-112] INFO  c.h.p.o.h.HiveMQPlatformReconcilerBaseHandler - [helminit] HiveMQ Platform is starting, 0 of 1 replicas are ready
2025-01-28 23:34:42,621 INFO c.h.h.t.HelmChartContainer - [test-hivemq-platform] [hivemq] [490147ed] INFO  - [HiveMQ Platform Operator Init App 1.7.0-SNAPSHOT] Returning Health API response 503 for readiness
2025-01-28 23:34:42,707 INFO c.h.h.t.HelmChartContainer - [EVENT] Warning [Unhealthy] Readiness probe failed: HTTP probe failed with statuscode: 503 [helminitcontainerit:test-hivemq-platform-0]
2025-01-28 23:34:42,707 INFO c.h.h.t.HelmChartContainer - Received Unhealthy event for container hivemq in pod test-hivemq-platform-0 [490147ed-2a53-435d-8b33-d283c70d42ed]
2025-01-28 23:34:44,212 INFO c.h.h.t.HelmChartContainer - [test-hivemq-platform] [hivemq] [490147ed] INFO  - jrjMv: no members discovered after 2698 ms: creating cluster as first member
2025-01-28 23:34:44,218 INFO c.h.h.t.HelmChartContainer - [test-hivemq-platform] [hivemq] [490147ed] INFO  - Cluster nodes found by discovery: [jrjMv|0] (1) [jrjMv].
2025-01-28 23:34:44,305 INFO c.h.h.t.HelmChartContainer - [test-hivemq-platform] [hivemq] [490147ed] WARN  - No user for HiveMQ Control Center configured. Starting with default user
2025-01-28 23:34:44,306 INFO c.h.h.t.HelmChartContainer - [test-hivemq-platform] [hivemq] [490147ed] INFO  - Starting HiveMQ Control Center on address 0.0.0.0 and port 8080
2025-01-28 23:34:44,309 INFO c.h.h.t.HelmChartContainer - [test-hivemq-platform] [hivemq] [490147ed] INFO  - Mounting HiveMQ Control Center V2 Preview
2025-01-28 23:34:44,819 INFO c.h.h.t.HelmChartContainer - [test-hivemq-platform] [hivemq] [490147ed] INFO  - Started HiveMQ Control Center in 514ms
2025-01-28 23:34:44,906 INFO c.h.h.t.HelmChartContainer - [test-hivemq-platform] [hivemq] [490147ed] INFO  - Starting TCP listener on address 0.0.0.0 and port 1883
2025-01-28 23:34:44,920 INFO c.h.h.t.HelmChartContainer - [test-hivemq-platform] [hivemq] [490147ed] INFO  - Started TCP Listener on address 0.0.0.0 and on port 1883.
2025-01-28 23:34:44,920 INFO c.h.h.t.HelmChartContainer - [test-hivemq-platform] [hivemq] [490147ed] INFO  - Started HiveMQ in 31606ms
2025-01-28 23:34:47,227 INFO c.h.h.t.HelmChartContainer - [test-hivemq-platform] [hivemq] [490147ed] INFO  - [HiveMQ Platform Operator Init App 1.7.0-SNAPSHOT] Returning Health API response 200 for readiness
2025-01-28 23:34:47,240 INFO c.h.h.t.HelmChartContainer - [POD] test-hivemq-platform-0 [490147ed-2a53-435d-8b33-d283c70d42ed] in helminitcontainerit was MODIFIED
2025-01-28 23:34:47,255 INFO c.h.h.t.HelmChartContainer - [hivemq-test-hivemq-platform] [hivemq-platform-operator] [3dd9362b] 23:34:47.248 [pool-6-thread-6] DEBUG c.h.p.o.d.PlatformServiceResource - [helminit] Desired Platform services (3 services)
2025-01-28 23:34:47,255 INFO c.h.h.t.HelmChartContainer - [hivemq-test-hivemq-platform] [hivemq-platform-operator] [3dd9362b] 23:34:47.252 [pool-6-thread-7] DEBUG c.h.p.o.d.PodServiceAccountResource - [helminit] Desired PodServiceAccountResource (serviceAccountName: hivemq-platform-pod-test-hivemq-platform)
2025-01-28 23:34:47,255 INFO c.h.h.t.HelmChartContainer - [hivemq-test-hivemq-platform] [hivemq-platform-operator] [3dd9362b] 23:34:47.252 [pool-6-thread-4] DEBUG c.h.p.o.dependants.PodInfoConfigMap - [helminit] Desired PodInfo ConfigMap (1 extensions) (1 enabled)
2025-01-28 23:34:47,255 INFO c.h.h.t.HelmChartContainer - [hivemq-test-hivemq-platform] [hivemq-platform-operator] [3dd9362b] 23:34:47.253 [pool-6-thread-4] DEBUG c.h.p.o.dependants.PodInfoConfigMap - [helminit] Desired PodInfo ConfigMap (metrics port: 9399) (metrics path: /)
2025-01-28 23:34:47,255 INFO c.h.h.t.HelmChartContainer - [hivemq-test-hivemq-platform] [hivemq-platform-operator] [3dd9362b] 23:34:47.253 [pool-6-thread-4] DEBUG c.h.p.o.dependants.PodInfoConfigMap - [helminit] Desired PodInfo ConfigMap (extension state hash: -1817474005)
2025-01-28 23:34:47,261 INFO c.h.h.t.HelmChartContainer - [hivemq-test-hivemq-platform] [hivemq-platform-operator] [3dd9362b] 23:34:47.261 [pool-6-thread-4] DEBUG c.h.p.o.d.StatefulSetResource - [helminit] Desired StatefulSet (1 replicas) for status STARTING (READY)
2025-01-28 23:34:47,335 INFO c.h.h.t.HelmChartContainer - [hivemq-test-hivemq-platform] [hivemq-platform-operator] [3dd9362b] 23:34:47.334 [ReconcilerExecutor-hivemq-controller-113] INFO  c.h.p.o.HiveMQPlatformReconciler - [helminit] Reconciling HiveMQ Platform 'test-hivemq-platform' in namespace 'helminitcontainerit'
2025-01-28 23:34:47,335 INFO c.h.h.t.HelmChartContainer - [hivemq-test-hivemq-platform] [hivemq-platform-operator] [3dd9362b] 23:34:47.334 [ReconcilerExecutor-hivemq-controller-113] DEBUG c.h.p.o.HiveMQPlatformReconciler - [helminit] Custom Resource Status STARTING - HiveMQ Platform is starting (READY)
2025-01-28 23:34:47,335 INFO c.h.h.t.HelmChartContainer - [hivemq-test-hivemq-platform] [hivemq-platform-operator] [3dd9362b] 23:34:47.334 [ReconcilerExecutor-hivemq-controller-113] DEBUG c.h.p.o.HiveMQPlatformReconciler - [helminit] Custom Resource Spec (replicas: 1) (extensions: 1)
2025-01-28 23:34:47,338 INFO c.h.h.t.HelmChartContainer - [hivemq-test-hivemq-platform] [hivemq-platform-operator] [3dd9362b] 23:34:47.337 [ReconcilerExecutor-hivemq-controller-113] DEBUG c.h.p.o.HiveMQPlatformReconciler - [helminit] StatefulSet Status (revision: test-hivemq-platform-74977b996d, replicas: 1, available: 1, ready: 1, current: 1, updated: 1)
2025-01-28 23:34:47,338 INFO c.h.h.t.HelmChartContainer - [hivemq-test-hivemq-platform] [hivemq-platform-operator] [3dd9362b] 23:34:47.337 [ReconcilerExecutor-hivemq-controller-113] DEBUG c.h.p.o.HiveMQPlatformReconciler - [helminit] StatefulSet Spec (replicas: 1, init containers: 2, containers: 1, volumes: 5)
2025-01-28 23:34:47,341 INFO c.h.h.t.HelmChartContainer - [hivemq-test-hivemq-platform] [hivemq-platform-operator] [3dd9362b] 23:34:47.338 [ReconcilerExecutor-hivemq-controller-113] DEBUG c.h.p.o.h.HiveMQPlatformReconcilerErrorHandler - [helminit] Pod 'test-hivemq-platform-0' phase Running
2025-01-28 23:34:47,341 INFO c.h.h.t.HelmChartContainer - [hivemq-test-hivemq-platform] [hivemq-platform-operator] [3dd9362b] 23:34:47.339 [ReconcilerExecutor-hivemq-controller-113] INFO  c.h.p.o.h.HiveMQPlatformReconcilerBaseHandler - [helminit] HiveMQ Platform started successfully
2025-01-28 23:34:47,362 INFO c.h.h.t.HelmChartContainer - [hivemq-test-hivemq-platform] [hivemq-platform-operator] [3dd9362b] 23:34:47.361 [ReconcilerExecutor-hivemq-controller-113] DEBUG c.h.p.operator.event.EventSender - [helminit] Creating K8s event hivemq-platform-ready: [Ready] HiveMQ Platform is ready
2025-01-28 23:34:47,438 INFO c.h.h.t.HelmChartContainer - [EVENT] Normal [Ready] HiveMQ Platform is ready [helminitcontainerit:test-hivemq-platform]
2025-01-28 23:34:47,439 INFO c.h.h.t.HelmChartContainer - [hivemq-test-hivemq-platform] [hivemq-platform-operator] [3dd9362b] 23:34:47.438 [ReconcilerExecutor-hivemq-controller-113] INFO  c.h.p.o.h.AbstractHiveMQReconcilerStateHandler - [helminit] Update HiveMQ Platform Status (STARTING [READY] -> RUNNING [READY]): HiveMQ Platform is ready
2025-01-28 23:34:47,448 DEBUG com.hivemq.helmcharts.util.K8sUtil - Comparing actual state 'RUNNING' and waiting for 'RUNNING'
2025-01-28 23:34:47,453 INFO c.h.h.t.HelmChartContainer - [hivemq-test-hivemq-platform] [hivemq-platform-operator] [3dd9362b] 23:34:47.452 [pool-6-thread-11] DEBUG c.h.p.o.d.PlatformServiceResource - [helminit] Desired Platform services (3 services)
2025-01-28 23:34:47,455 INFO c.h.h.t.HelmChartContainer - [hivemq-test-hivemq-platform] [hivemq-platform-operator] [3dd9362b] 23:34:47.454 [pool-6-thread-19] DEBUG c.h.p.o.d.PodServiceAccountResource - [helminit] Desired PodServiceAccountResource (serviceAccountName: hivemq-platform-pod-test-hivemq-platform)
2025-01-28 23:34:47,487 INFO c.h.h.t.HelmChartContainer - [hivemq-test-hivemq-platform] [hivemq-platform-operator] [3dd9362b] 23:34:47.486 [pool-6-thread-16] DEBUG c.h.p.o.dependants.PodInfoConfigMap - [helminit] Desired PodInfo ConfigMap (1 extensions) (1 enabled)
2025-01-28 23:34:47,488 INFO c.h.h.t.HelmChartContainer - [hivemq-test-hivemq-platform] [hivemq-platform-operator] [3dd9362b] 23:34:47.487 [pool-6-thread-16] DEBUG c.h.p.o.dependants.PodInfoConfigMap - [helminit] Desired PodInfo ConfigMap (metrics port: 9399) (metrics path: /)
2025-01-28 23:34:47,488 INFO c.h.h.t.HelmChartContainer - [hivemq-test-hivemq-platform] [hivemq-platform-operator] [3dd9362b] 23:34:47.487 [pool-6-thread-16] DEBUG c.h.p.o.dependants.PodInfoConfigMap - [helminit] Desired PodInfo ConfigMap (extension state hash: -1817474005)
2025-01-28 23:34:47,540 INFO c.h.h.t.HelmChartContainer - [hivemq-test-hivemq-platform] [hivemq-platform-operator] [3dd9362b] 23:34:47.534 [pool-6-thread-16] DEBUG c.h.p.o.dependants.PodInfoConfigMap - [helminit] Update PodInfo ConfigMap
2025-01-28 23:34:47,544 INFO c.h.h.t.HelmChartContainer - [hivemq-test-hivemq-platform] [hivemq-platform-operator] [3dd9362b] 23:34:47.543 [pool-6-thread-16] DEBUG c.h.p.o.d.StatefulSetResource - [helminit] Desired StatefulSet (1 replicas) for status RUNNING (READY)
2025-01-28 23:34:47,548 INFO c.h.h.t.HelmChartContainer - [hivemq-test-hivemq-platform] [hivemq-platform-operator] [3dd9362b] 23:34:47.547 [ReconcilerExecutor-hivemq-controller-114] INFO  c.h.p.o.HiveMQPlatformReconciler - [helminit] Reconciling HiveMQ Platform 'test-hivemq-platform' in namespace 'helminitcontainerit'
2025-01-28 23:34:47,549 INFO c.h.h.t.HelmChartContainer - [hivemq-test-hivemq-platform] [hivemq-platform-operator] [3dd9362b] 23:34:47.547 [ReconcilerExecutor-hivemq-controller-114] DEBUG c.h.p.o.HiveMQPlatformReconciler - [helminit] Custom Resource Status RUNNING - HiveMQ Platform is ready (READY)
2025-01-28 23:34:47,549 INFO c.h.h.t.HelmChartContainer - [hivemq-test-hivemq-platform] [hivemq-platform-operator] [3dd9362b] 23:34:47.547 [ReconcilerExecutor-hivemq-controller-114] DEBUG c.h.p.o.HiveMQPlatformReconciler - [helminit] Custom Resource Spec (replicas: 1) (extensions: 1)
2025-01-28 23:34:47,551 INFO c.h.h.t.HelmChartContainer - [hivemq-test-hivemq-platform] [hivemq-platform-operator] [3dd9362b] 23:34:47.549 [ReconcilerExecutor-hivemq-controller-114] DEBUG c.h.p.o.HiveMQPlatformReconciler - [helminit] StatefulSet Status (revision: test-hivemq-platform-74977b996d, replicas: 1, available: 1, ready: 1, current: 1, updated: 1)
2025-01-28 23:34:47,551 INFO c.h.h.t.HelmChartContainer - [hivemq-test-hivemq-platform] [hivemq-platform-operator] [3dd9362b] 23:34:47.549 [ReconcilerExecutor-hivemq-controller-114] DEBUG c.h.p.o.HiveMQPlatformReconciler - [helminit] StatefulSet Spec (replicas: 1, init containers: 2, containers: 1, volumes: 5)
2025-01-28 23:34:47,587 INFO c.h.h.t.HelmChartContainer - [hivemq-test-hivemq-platform] [hivemq-platform-operator] [3dd9362b] 23:34:47.586 [ReconcilerExecutor-hivemq-controller-114] DEBUG c.h.p.o.h.HiveMQPlatformReconcilerErrorHandler - [helminit] Pod 'test-hivemq-platform-0' phase Running
2025-01-28 23:34:49,503 INFO c.h.h.testcontainer.LogWaiterUtil - TEST Waiting for log pattern on 'test-hivemq-platform-0': .*License file license.lic is corrupt.
2025-01-28 23:34:49,505 INFO c.h.h.t.HelmChartContainer - Uninstalling release 'test-hivemq-platform' in namespace 'helminitcontainerit'...
2025-01-28 23:34:49,505 DEBUG c.h.h.t.HelmChartContainer - Executing helm command: /bin/helm --kubeconfig /etc/rancher/k3s/k3s.yaml uninstall test-hivemq-platform  --wait --timeout 5m0s --cascade foreground --namespace helminitcontainerit
2025-01-28 23:34:49,688 INFO c.h.h.t.HelmChartContainer - [hivemq-test-hivemq-platform] [hivemq-platform-operator] [3dd9362b] 23:34:49.685 [pool-6-thread-23] DEBUG c.h.p.o.d.PlatformServiceResource - [helminit] Desired Platform services (3 services)
2025-01-28 23:34:49,693 INFO c.h.h.t.HelmChartContainer - [hivemq-test-hivemq-platform] [hivemq-platform-operator] [3dd9362b] 23:34:49.686 [pool-6-thread-21] DEBUG c.h.p.o.d.PodServiceAccountResource - [helminit] Desired PodServiceAccountResource (serviceAccountName: hivemq-platform-pod-test-hivemq-platform)
2025-01-28 23:34:49,694 INFO c.h.h.t.HelmChartContainer - [hivemq-test-hivemq-platform] [hivemq-platform-operator] [3dd9362b] 23:34:49.691 [pool-6-thread-24] DEBUG c.h.p.o.dependants.PodInfoConfigMap - [helminit] Desired PodInfo ConfigMap (1 extensions) (1 enabled)
2025-01-28 23:34:49,703 INFO c.h.h.t.HelmChartContainer - [hivemq-test-hivemq-platform] [hivemq-platform-operator] [3dd9362b] 23:34:49.691 [pool-6-thread-24] DEBUG c.h.p.o.dependants.PodInfoConfigMap - [helminit] Desired PodInfo ConfigMap (metrics port: 9399) (metrics path: /)
2025-01-28 23:34:49,703 INFO c.h.h.t.HelmChartContainer - [hivemq-test-hivemq-platform] [hivemq-platform-operator] [3dd9362b] 23:34:49.692 [pool-6-thread-24] DEBUG c.h.p.o.dependants.PodInfoConfigMap - [helminit] Desired PodInfo ConfigMap (extension state hash: -1817474005)
2025-01-28 23:34:49,703 INFO c.h.h.t.HelmChartContainer - [hivemq-test-hivemq-platform] [hivemq-platform-operator] [3dd9362b] 23:34:49.696 [pool-6-thread-23] DEBUG c.h.p.o.d.StatefulSetResource - [helminit] Desired StatefulSet (1 replicas) for status RUNNING (READY)
2025-01-28 23:34:49,742 INFO c.h.h.t.HelmChartContainer - [hivemq-test-hivemq-platform] [hivemq-platform-operator] [3dd9362b] 23:34:49.741 [ReconcilerExecutor-hivemq-controller-115] INFO  c.h.p.o.HiveMQPlatformReconciler - [helminit] Reconciling HiveMQ Platform 'test-hivemq-platform' in namespace 'helminitcontainerit'
2025-01-28 23:34:49,742 INFO c.h.h.t.HelmChartContainer - [hivemq-test-hivemq-platform] [hivemq-platform-operator] [3dd9362b] 23:34:49.741 [ReconcilerExecutor-hivemq-controller-115] DEBUG c.h.p.o.HiveMQPlatformReconciler - [helminit] Custom Resource Status RUNNING - HiveMQ Platform is ready (READY)
2025-01-28 23:34:49,742 INFO c.h.h.t.HelmChartContainer - [hivemq-test-hivemq-platform] [hivemq-platform-operator] [3dd9362b] 23:34:49.741 [ReconcilerExecutor-hivemq-controller-115] DEBUG c.h.p.o.HiveMQPlatformReconciler - [helminit] Custom Resource Spec (replicas: 1) (extensions: 1)
2025-01-28 23:34:49,788 INFO c.h.h.t.HelmChartContainer - [hivemq-test-hivemq-platform] [hivemq-platform-operator] [3dd9362b] 23:34:49.741 [ReconcilerExecutor-hivemq-controller-115] WARN  c.h.p.o.h.HiveMQPlatformReconcilerErrorHandler - [helminit] Could not find ConfigMap 'hivemq-configuration-test-hivemq-platform' for HiveMQ Platform configuration
2025-01-28 23:34:49,940 INFO c.h.h.t.HelmChartContainer - [hivemq-test-hivemq-platform] [hivemq-platform-operator] [3dd9362b] 23:34:49.938 [ReconcilerExecutor-hivemq-controller-115] DEBUG c.h.p.operator.event.EventSender - [helminit] Creating K8s event hivemq-platform-invalid-configuration: [Start] Could not find ConfigMap 'hivemq-configuration-test-hivemq-platform' for HiveMQ Platform configuration
2025-01-28 23:34:49,944 INFO c.h.h.t.HelmChartContainer - [EVENT] Warning [Start] Could not find ConfigMap 'hivemq-configuration-test-hivemq-platform' for HiveMQ Platform configuration [helminitcontainerit:test-hivemq-platform]
2025-01-28 23:34:49,946 INFO c.h.h.t.HelmChartContainer - [hivemq-test-hivemq-platform] [hivemq-platform-operator] [3dd9362b] 23:34:49.945 [ReconcilerExecutor-hivemq-controller-115] INFO  c.h.p.o.h.AbstractHiveMQReconcilerStateHandler - [helminit] Update HiveMQ Platform Status (RUNNING [READY] -> ERROR [INVALID_CONFIG_MAP]): Could not find ConfigMap 'hivemq-configuration-test-hivemq-platform' for HiveMQ Platform configuration
2025-01-28 23:34:49,957 INFO c.h.h.t.HelmChartContainer - [hivemq-test-hivemq-platform] [hivemq-platform-operator] [3dd9362b] 23:34:49.952 [ReconcilerExecutor-hivemq-controller-115] ERROR i.j.o.p.event.EventProcessor - Error during event processing ExecutionScope{ resource id: ResourceID{name='test-hivemq-platform', namespace='helminitcontainerit'}, version: 612}
2025-01-28 23:34:49,957 INFO c.h.h.t.HelmChartContainer - [hivemq-test-hivemq-platform] [hivemq-platform-operator] [3dd9362b] io.fabric8.kubernetes.client.KubernetesClientException: Failure executing: PUT at: https://10.43.0.1:443/apis/hivemq.com/v1/namespaces/helminitcontainerit/hivemq-platforms/test-hivemq-platform/status. Message: Operation cannot be fulfilled on hivemq-platforms.hivemq.com "test-hivemq-platform": the object has been modified; please apply your changes to the latest version and try again. Received status: Status(apiVersion=v1, code=409, details=StatusDetails(causes=[], group=hivemq.com, kind=hivemq-platforms, name=test-hivemq-platform, retryAfterSeconds=null, uid=null, additionalProperties={}), kind=Status, message=Operation cannot be fulfilled on hivemq-platforms.hivemq.com "test-hivemq-platform": the object has been modified; please apply your changes to the latest version and try again, metadata=ListMeta(_continue=null, remainingItemCount=null, resourceVersion=null, selfLink=null, additionalProperties={}), reason=Conflict, status=Failure, additionalProperties={}).
2025-01-28 23:34:49,957 INFO c.h.h.t.HelmChartContainer - [hivemq-test-hivemq-platform] [hivemq-platform-operator] [3dd9362b] 	at io.fabric8.kubernetes.client.KubernetesClientException.copyAsCause(KubernetesClientException.java:238)
2025-01-28 23:34:49,957 INFO c.h.h.t.HelmChartContainer - [hivemq-test-hivemq-platform] [hivemq-platform-operator] [3dd9362b] 	at io.fabric8.kubernetes.client.dsl.internal.OperationSupport.waitForResult(OperationSupport.java:507)
2025-01-28 23:34:49,957 INFO c.h.h.t.HelmChartContainer - [hivemq-test-hivemq-platform] [hivemq-platform-operator] [3dd9362b] 	at io.fabric8.kubernetes.client.dsl.internal.OperationSupport.handleResponse(OperationSupport.java:524)
2025-01-28 23:34:49,957 INFO c.h.h.t.HelmChartContainer - [hivemq-test-hivemq-platform] [hivemq-platform-operator] [3dd9362b] 	at io.fabric8.kubernetes.client.dsl.internal.OperationSupport.handleUpdate(OperationSupport.java:358)
2025-01-28 23:34:49,957 INFO c.h.h.t.HelmChartContainer - [hivemq-test-hivemq-platform] [hivemq-platform-operator] [3dd9362b] 	at io.fabric8.kubernetes.client.dsl.internal.BaseOperation.handleUpdate(BaseOperation.java:759)
2025-01-28 23:34:49,957 INFO c.h.h.t.HelmChartContainer - [hivemq-test-hivemq-platform] [hivemq-platform-operator] [3dd9362b] 	at io.fabric8.kubernetes.client.dsl.internal.HasMetadataOperation.update(HasMetadataOperation.java:138)
2025-01-28 23:34:49,958 INFO c.h.h.t.HelmChartContainer - [hivemq-test-hivemq-platform] [hivemq-platform-operator] [3dd9362b] 	at io.fabric8.kubernetes.client.dsl.internal.HasMetadataOperation.update(HasMetadataOperation.java:121)
2025-01-28 23:34:49,958 INFO c.h.h.t.HelmChartContainer - [hivemq-test-hivemq-platform] [hivemq-platform-operator] [3dd9362b] 	at io.fabric8.kubernetes.client.dsl.internal.HasMetadataOperation.updateStatus(HasMetadataOperation.java:126)
2025-01-28 23:34:49,958 INFO c.h.h.t.HelmChartContainer - [hivemq-test-hivemq-platform] [hivemq-platform-operator] [3dd9362b] 	at io.fabric8.kubernetes.client.dsl.internal.HasMetadataOperation.updateStatus(HasMetadataOperation.java:44)
2025-01-28 23:34:49,958 INFO c.h.h.t.HelmChartContainer - [hivemq-test-hivemq-platform] [hivemq-platform-operator] [3dd9362b] 	at io.javaoperatorsdk.operator.processing.event.ReconciliationDispatcher$CustomResourceFacade.updateStatus(ReconciliationDispatcher.java:408)
2025-01-28 23:34:49,959 INFO c.h.h.t.HelmChartContainer - [hivemq-test-hivemq-platform] [hivemq-platform-operator] [3dd9362b] 	at io.javaoperatorsdk.operator.processing.event.ReconciliationDispatcher.updateStatusGenerationAware(ReconciliationDispatcher.java:228)
2025-01-28 23:34:49,959 INFO c.h.h.t.HelmChartContainer - [hivemq-test-hivemq-platform] [hivemq-platform-operator] [3dd9362b] 	at io.javaoperatorsdk.operator.processing.event.ReconciliationDispatcher.reconcileExecution(ReconciliationDispatcher.java:150)
2025-01-28 23:34:49,959 INFO c.h.h.t.HelmChartContainer - [hivemq-test-hivemq-platform] [hivemq-platform-operator] [3dd9362b] 	at io.javaoperatorsdk.operator.processing.event.ReconciliationDispatcher.handleReconcile(ReconciliationDispatcher.java:117)
2025-01-28 23:34:49,959 INFO c.h.h.t.HelmChartContainer - [hivemq-test-hivemq-platform] [hivemq-platform-operator] [3dd9362b] 	at io.javaoperatorsdk.operator.processing.event.ReconciliationDispatcher.handleDispatch(ReconciliationDispatcher.java:91)
2025-01-28 23:34:49,959 INFO c.h.h.t.HelmChartContainer - [hivemq-test-hivemq-platform] [hivemq-platform-operator] [3dd9362b] 	at io.javaoperatorsdk.operator.processing.event.ReconciliationDispatcher.handleExecution(ReconciliationDispatcher.java:64)
2025-01-28 23:34:49,959 INFO c.h.h.t.HelmChartContainer - [hivemq-test-hivemq-platform] [hivemq-platform-operator] [3dd9362b] 	at io.javaoperatorsdk.operator.processing.event.EventProcessor$ReconcilerExecutor.run(EventProcessor.java:452)
2025-01-28 23:34:49,959 INFO c.h.h.t.HelmChartContainer - [hivemq-test-hivemq-platform] [hivemq-platform-operator] [3dd9362b] 	at java.base/java.util.concurrent.ThreadPoolExecutor.runWorker(Unknown Source)
2025-01-28 23:34:49,959 INFO c.h.h.t.HelmChartContainer - [hivemq-test-hivemq-platform] [hivemq-platform-operator] [3dd9362b] 	at java.base/java.util.concurrent.ThreadPoolExecutor$Worker.run(Unknown Source)
2025-01-28 23:34:49,959 INFO c.h.h.t.HelmChartContainer - [hivemq-test-hivemq-platform] [hivemq-platform-operator] [3dd9362b] 	at java.base/java.lang.Thread.run(Unknown Source)
2025-01-28 23:34:49,959 INFO c.h.h.t.HelmChartContainer - [hivemq-test-hivemq-platform] [hivemq-platform-operator] [3dd9362b] Caused by: io.fabric8.kubernetes.client.KubernetesClientException: Failure executing: PUT at: https://10.43.0.1:443/apis/hivemq.com/v1/namespaces/helminitcontainerit/hivemq-platforms/test-hivemq-platform/status. Message: Operation cannot be fulfilled on hivemq-platforms.hivemq.com "test-hivemq-platform": the object has been modified; please apply your changes to the latest version and try again. Received status: Status(apiVersion=v1, code=409, details=StatusDetails(causes=[], group=hivemq.com, kind=hivemq-platforms, name=test-hivemq-platform, retryAfterSeconds=null, uid=null, additionalProperties={}), kind=Status, message=Operation cannot be fulfilled on hivemq-platforms.hivemq.com "test-hivemq-platform": the object has been modified; please apply your changes to the latest version and try again, metadata=ListMeta(_continue=null, remainingItemCount=null, resourceVersion=null, selfLink=null, additionalProperties={}), reason=Conflict, status=Failure, additionalProperties={}).
2025-01-28 23:34:49,959 INFO c.h.h.t.HelmChartContainer - [hivemq-test-hivemq-platform] [hivemq-platform-operator] [3dd9362b] 	at io.fabric8.kubernetes.client.dsl.internal.OperationSupport.requestFailure(OperationSupport.java:660)
2025-01-28 23:34:49,959 INFO c.h.h.t.HelmChartContainer - [hivemq-test-hivemq-platform] [hivemq-platform-operator] [3dd9362b] 	at io.fabric8.kubernetes.client.dsl.internal.OperationSupport.requestFailure(OperationSupport.java:640)
2025-01-28 23:34:49,959 INFO c.h.h.t.HelmChartContainer - [hivemq-test-hivemq-platform] [hivemq-platform-operator] [3dd9362b] 	at io.fabric8.kubernetes.client.dsl.internal.OperationSupport.assertResponseCode(OperationSupport.java:589)
2025-01-28 23:34:49,959 INFO c.h.h.t.HelmChartContainer - [hivemq-test-hivemq-platform] [hivemq-platform-operator] [3dd9362b] 	at io.fabric8.kubernetes.client.dsl.internal.OperationSupport.lambda$handleResponse$0(OperationSupport.java:549)
2025-01-28 23:34:49,959 INFO c.h.h.t.HelmChartContainer - [hivemq-test-hivemq-platform] [hivemq-platform-operator] [3dd9362b] 	at java.base/java.util.concurrent.CompletableFuture$UniApply.tryFire(Unknown Source)
2025-01-28 23:34:49,959 INFO c.h.h.t.HelmChartContainer - [hivemq-test-hivemq-platform] [hivemq-platform-operator] [3dd9362b] 	at java.base/java.util.concurrent.CompletableFuture.postComplete(Unknown Source)
2025-01-28 23:34:49,959 INFO c.h.h.t.HelmChartContainer - [hivemq-test-hivemq-platform] [hivemq-platform-operator] [3dd9362b] 	at java.base/java.util.concurrent.CompletableFuture.complete(Unknown Source)
2025-01-28 23:34:49,959 INFO c.h.h.t.HelmChartContainer - [hivemq-test-hivemq-platform] [hivemq-platform-operator] [3dd9362b] 	at io.fabric8.kubernetes.client.http.StandardHttpClient.lambda$completeOrCancel$10(StandardHttpClient.java:141)
2025-01-28 23:34:49,959 INFO c.h.h.t.HelmChartContainer - [hivemq-test-hivemq-platform] [hivemq-platform-operator] [3dd9362b] 	at java.base/java.util.concurrent.CompletableFuture.uniWhenComplete(Unknown Source)
2025-01-28 23:34:49,959 INFO c.h.h.t.HelmChartContainer - [hivemq-test-hivemq-platform] [hivemq-platform-operator] [3dd9362b] 	at java.base/java.util.concurrent.CompletableFuture$UniWhenComplete.tryFire(Unknown Source)
2025-01-28 23:34:49,959 INFO c.h.h.t.HelmChartContainer - [hivemq-test-hivemq-platform] [hivemq-platform-operator] [3dd9362b] 	at java.base/java.util.concurrent.CompletableFuture.postComplete(Unknown Source)
2025-01-28 23:34:49,959 INFO c.h.h.t.HelmChartContainer - [hivemq-test-hivemq-platform] [hivemq-platform-operator] [3dd9362b] 	at java.base/java.util.concurrent.CompletableFuture.complete(Unknown Source)
2025-01-28 23:34:49,959 INFO c.h.h.t.HelmChartContainer - [hivemq-test-hivemq-platform] [hivemq-platform-operator] [3dd9362b] 	at io.fabric8.kubernetes.client.http.ByteArrayBodyHandler.onBodyDone(ByteArrayBodyHandler.java:51)
2025-01-28 23:34:49,959 INFO c.h.h.t.HelmChartContainer - [hivemq-test-hivemq-platform] [hivemq-platform-operator] [3dd9362b] 	at java.base/java.util.concurrent.CompletableFuture.uniWhenComplete(Unknown Source)
2025-01-28 23:34:49,959 INFO c.h.h.t.HelmChartContainer - [hivemq-test-hivemq-platform] [hivemq-platform-operator] [3dd9362b] 	at java.base/java.util.concurrent.CompletableFuture$UniWhenComplete.tryFire(Unknown Source)
2025-01-28 23:34:49,959 INFO c.h.h.t.HelmChartContainer - [hivemq-test-hivemq-platform] [hivemq-platform-operator] [3dd9362b] 	at java.base/java.util.concurrent.CompletableFuture.postComplete(Unknown Source)
2025-01-28 23:34:49,959 INFO c.h.h.t.HelmChartContainer - [hivemq-test-hivemq-platform] [hivemq-platform-operator] [3dd9362b] 	at java.base/java.util.concurrent.CompletableFuture.complete(Unknown Source)
2025-01-28 23:34:49,959 INFO c.h.h.t.HelmChartContainer - [hivemq-test-hivemq-platform] [hivemq-platform-operator] [3dd9362b] 	at io.fabric8.kubernetes.client.vertx.VertxHttpRequest.lambda$null$1(VertxHttpRequest.java:121)
2025-01-28 23:34:49,959 INFO c.h.h.t.HelmChartContainer - [hivemq-test-hivemq-platform] [hivemq-platform-operator] [3dd9362b] 	at io.vertx.core.impl.ContextInternal.dispatch(ContextInternal.java:279)
2025-01-28 23:34:49,959 INFO c.h.h.t.HelmChartContainer - [hivemq-test-hivemq-platform] [hivemq-platform-operator] [3dd9362b] 	at io.vertx.core.impl.ContextInternal.dispatch(ContextInternal.java:261)
2025-01-28 23:34:49,959 INFO c.h.h.t.HelmChartContainer - [hivemq-test-hivemq-platform] [hivemq-platform-operator] [3dd9362b] 	at io.vertx.core.http.impl.HttpEventHandler.handleEnd(HttpEventHandler.java:76)
2025-01-28 23:34:49,959 INFO c.h.h.t.HelmChartContainer - [hivemq-test-hivemq-platform] [hivemq-platform-operator] [3dd9362b] 	at io.vertx.core.http.impl.HttpClientResponseImpl.handleEnd(HttpClientResponseImpl.java:250)
2025-01-28 23:34:49,959 INFO c.h.h.t.HelmChartContainer - [hivemq-test-hivemq-platform] [hivemq-platform-operator] [3dd9362b] 	at io.vertx.core.http.impl.Http1xClientConnection$StreamImpl.lambda$new$0(Http1xClientConnection.java:421)
2025-01-28 23:34:49,959 INFO c.h.h.t.HelmChartContainer - [hivemq-test-hivemq-platform] [hivemq-platform-operator] [3dd9362b] 	at io.vertx.core.streams.impl.InboundBuffer.handleEvent(InboundBuffer.java:279)
2025-01-28 23:34:49,959 INFO c.h.h.t.HelmChartContainer - [hivemq-test-hivemq-platform] [hivemq-platform-operator] [3dd9362b] 	at io.vertx.core.streams.impl.InboundBuffer.write(InboundBuffer.java:157)
2025-01-28 23:34:49,959 INFO c.h.h.t.HelmChartContainer - [hivemq-test-hivemq-platform] [hivemq-platform-operator] [3dd9362b] 	at io.vertx.core.http.impl.Http1xClientConnection$StreamImpl.handleEnd(Http1xClientConnection.java:709)
2025-01-28 23:34:49,959 INFO c.h.h.t.HelmChartContainer - [hivemq-test-hivemq-platform] [hivemq-platform-operator] [3dd9362b] 	at io.vertx.core.impl.ContextImpl.lambda$execute$4(ContextImpl.java:315)
2025-01-28 23:34:49,959 INFO c.h.h.t.HelmChartContainer - [hivemq-test-hivemq-platform] [hivemq-platform-operator] [3dd9362b] 	at io.netty.util.concurrent.AbstractEventExecutor.runTask(AbstractEventExecutor.java:173)
2025-01-28 23:34:49,959 INFO c.h.h.t.HelmChartContainer - [hivemq-test-hivemq-platform] [hivemq-platform-operator] [3dd9362b] 	at io.netty.util.concurrent.AbstractEventExecutor.safeExecute(AbstractEventExecutor.java:166)
2025-01-28 23:34:49,959 INFO c.h.h.t.HelmChartContainer - [hivemq-test-hivemq-platform] [hivemq-platform-operator] [3dd9362b] 	at io.netty.util.concurrent.SingleThreadEventExecutor.runAllTasks(SingleThreadEventExecutor.java:472)
2025-01-28 23:34:49,959 INFO c.h.h.t.HelmChartContainer - [hivemq-test-hivemq-platform] [hivemq-platform-operator] [3dd9362b] 	at io.netty.channel.nio.NioEventLoop.run(NioEventLoop.java:569)
2025-01-28 23:34:49,959 INFO c.h.h.t.HelmChartContainer - [hivemq-test-hivemq-platform] [hivemq-platform-operator] [3dd9362b] 	at io.netty.util.concurrent.SingleThreadEventExecutor$4.run(SingleThreadEventExecutor.java:997)
2025-01-28 23:34:49,959 INFO c.h.h.t.HelmChartContainer - [hivemq-test-hivemq-platform] [hivemq-platform-operator] [3dd9362b] 	at io.netty.util.internal.ThreadExecutorMap$2.run(ThreadExecutorMap.java:74)
2025-01-28 23:34:49,959 INFO c.h.h.t.HelmChartContainer - [hivemq-test-hivemq-platform] [hivemq-platform-operator] [3dd9362b] 	at io.netty.util.concurrent.FastThreadLocalRunnable.run(FastThreadLocalRunnable.java:30)
2025-01-28 23:34:49,959 INFO c.h.h.t.HelmChartContainer - [hivemq-test-hivemq-platform] [hivemq-platform-operator] [3dd9362b] 	... 1 common frames omitted
2025-01-28 23:34:49,961 INFO c.h.h.t.HelmChartContainer - [hivemq-test-hivemq-platform] [hivemq-platform-operator] [3dd9362b] 23:34:49.960 [ReconcilerExecutor-hivemq-controller-119] INFO  c.h.p.o.HiveMQPlatformReconciler - [helminit] Cleanup test-hivemq-platform - helminitcontainerit HiveMQ Platform is shut down
2025-01-28 23:34:50,553 INFO c.h.h.t.HelmChartContainer - [EVENT] Normal [Killing] Stopping container consul-template-init-container [helminitcontainerit:test-hivemq-platform-0]
2025-01-28 23:34:50,553 INFO c.h.h.t.HelmChartContainer - [POD] test-hivemq-platform-0 [490147ed-2a53-435d-8b33-d283c70d42ed] in helminitcontainerit was MODIFIED
2025-01-28 23:34:50,556 INFO c.h.h.t.HelmChartContainer - [test-hivemq-platform] [hivemq] [490147ed] INFO  - [HiveMQ Platform Operator Init App 1.7.0-SNAPSHOT] Shutting down
2025-01-28 23:34:50,556 INFO c.h.h.t.HelmChartContainer - [test-hivemq-platform] [hivemq] [490147ed] INFO  - [HiveMQ Platform Operator Init App 1.7.0-SNAPSHOT] Stopping the HiveMQ Platform
2025-01-28 23:34:50,562 INFO c.h.h.t.HelmChartContainer - [EVENT] Normal [Killing] Stopping container hivemq [helminitcontainerit:test-hivemq-platform-0]
2025-01-28 23:34:50,563 INFO c.h.h.t.HelmChartContainer - Received Killing event for container hivemq in pod test-hivemq-platform-0 [490147ed-2a53-435d-8b33-d283c70d42ed]
2025-01-28 23:34:50,563 INFO c.h.h.t.HelmChartContainer - Container [test-hivemq-platform-0] [hivemq] [490147ed-2a53-435d-8b33-d283c70d42ed] was terminated
2025-01-28 23:34:50,563 INFO c.h.h.t.HelmChartContainer - Stopped log watcher for hivemq in pod test-hivemq-platform-0 [490147ed-2a53-435d-8b33-d283c70d42ed]
2025-01-28 23:34:50,625 INFO c.h.h.t.HelmChartContainer - [test-hivemq-platform] [hivemq] [490147ed] INFO  - Shutting down HiveMQ. Please wait, this could take a while...
2025-01-28 23:34:50,707 INFO c.h.h.t.HelmChartContainer - [test-hivemq-platform] [hivemq] [490147ed] INFO  - Shutting down listeners and clients
2025-01-28 23:34:50,709 INFO c.h.h.t.HelmChartContainer - [test-hivemq-platform] [hivemq] [490147ed] INFO  - Shutdown of listeners is done
2025-01-28 23:34:50,709 INFO c.h.h.t.HelmChartContainer - [test-hivemq-platform] [hivemq] [490147ed] INFO  - No clients are connected, proceeding with shutdown
2025-01-28 23:34:51,759 INFO c.h.h.t.HelmChartContainer - Deleting namespace 'helminitcontainerit'...
2025-01-28 23:34:52,223 INFO c.h.h.t.HelmChartContainer - [test-hivemq-platform] [hivemq] [490147ed] INFO  - [HiveMQ Platform Operator Init App 1.7.0-SNAPSHOT] Returning shutdown Health API response 503 for readiness
2025-01-28 23:34:52,227 INFO c.h.h.t.HelmChartContainer - [EVENT] Warning [Unhealthy] Readiness probe failed: HTTP probe failed with statuscode: 503 [helminitcontainerit:test-hivemq-platform-0]
2025-01-28 23:34:52,227 INFO c.h.h.t.HelmChartContainer - Received Unhealthy event for container hivemq in pod test-hivemq-platform-0 [490147ed-2a53-435d-8b33-d283c70d42ed]
2025-01-28 23:34:52,624 INFO c.h.h.t.HelmChartContainer - [K3S] [authentication.go:74] "Unable to authenticate the request" err="[invalid bearer token, serviceaccounts \"hivemq-platform-pod-test-hivemq-platform\" not found]"
2025-01-28 23:34:52,642 INFO c.h.h.t.HelmChartContainer - [K3S] [authentication.go:74] "Unable to authenticate the request" err="[invalid bearer token, serviceaccounts \"hivemq-platform-pod-test-hivemq-platform\" not found]"
2025-01-28 23:34:52,705 INFO c.h.h.t.HelmChartContainer - [test-hivemq-platform] [hivemq] [490147ed] WARN  - [HiveMQ Platform Operator Init App 1.7.0-SNAPSHOT] Could not update Pod annotations: Failure executing: GET at: https://10.43.0.1:443/api/v1/namespaces/helminitcontainerit/pods/test-hivemq-platform-0. Message: Unauthorized. Received status: Status(apiVersion=v1, code=401, details=null, kind=Status, message=Unauthorized, metadata=ListMeta(_continue=null, remainingItemCount=null, resourceVersion=null, selfLink=null, additionalProperties={}), reason=Unauthorized, status=Failure, additionalProperties={}).
2025-01-28 23:34:53,510 INFO c.h.h.t.HelmChartContainer - [test-hivemq-platform] [hivemq] [490147ed] INFO  - Shutting down extension system
2025-01-28 23:34:53,512 INFO c.h.h.t.HelmChartContainer - [test-hivemq-platform] [hivemq] [490147ed] INFO  - Stopping extension with id hivemq-dns-cluster-discovery
2025-01-28 23:34:53,512 INFO c.h.h.t.HelmChartContainer - [test-hivemq-platform] [hivemq] [490147ed] INFO  - Extension "DNS Cluster Discovery Extension" version 4.3.2 stopped successfully.
2025-01-28 23:34:53,514 INFO c.h.h.t.HelmChartContainer - [test-hivemq-platform] [hivemq] [490147ed] INFO  - Stopping extension with id hivemq-prometheus-extension
2025-01-28 23:34:53,518 INFO c.h.h.t.HelmChartContainer - [test-hivemq-platform] [hivemq] [490147ed] INFO  - Extension "Prometheus Monitoring Extension" version 4.0.12 stopped successfully.
2025-01-28 23:34:53,519 INFO c.h.h.t.HelmChartContainer - [test-hivemq-platform] [hivemq] [490147ed] INFO  - Stopping extension with id hivemq-allow-all-extension
2025-01-28 23:34:53,519 INFO c.h.h.t.HelmChartContainer - [test-hivemq-platform] [hivemq] [490147ed] INFO  - Extension "Allow All Extension" version 1.1.1 stopped successfully.
2025-01-28 23:34:55,725 INFO c.h.h.t.HelmChartContainer - [test-hivemq-platform] [hivemq] [490147ed] INFO  - Shutdown completed.
2025-01-28 23:34:56,072 INFO c.h.h.t.HelmChartContainer - [test-hivemq-platform] [hivemq] [490147ed] INFO  - [HiveMQ Platform Operator Init App 1.7.0-SNAPSHOT] The HiveMQ Platform exited with code 143
2025-01-28 23:34:56,072 INFO c.h.h.t.HelmChartContainer - [test-hivemq-platform] [hivemq] [490147ed] INFO  - [HiveMQ Platform Operator Init App 1.7.0-SNAPSHOT] Stopping the REST API
2025-01-28 23:34:56,078 INFO c.h.h.t.HelmChartContainer - [test-hivemq-platform] [hivemq] [490147ed] INFO  - [HiveMQ Platform Operator Init App 1.7.0-SNAPSHOT] Shutdown complete
2025-01-28 23:34:56,570 INFO c.h.h.t.HelmChartContainer - [POD] test-hivemq-platform-0 [490147ed-2a53-435d-8b33-d283c70d42ed] in helminitcontainerit was MODIFIED
2025-01-28 23:34:56,572 INFO c.h.h.t.HelmChartContainer - [K3S] [stateful_set.go:438] "Unhandled Error" err="error syncing StatefulSet helminitcontainerit/test-hivemq-platform, requeuing: controllerrevisions.apps \"test-hivemq-platform-74977b996d\" is forbidden: unable to create new content in namespace helminitcontainerit because it is being terminated"
2025-01-28 23:34:56,576 INFO c.h.h.t.HelmChartContainer - [K3S] [stateful_set.go:438] "Unhandled Error" err="error syncing StatefulSet helminitcontainerit/test-hivemq-platform, requeuing: controllerrevisions.apps \"test-hivemq-platform-74977b996d\" is forbidden: unable to create new content in namespace helminitcontainerit because it is being terminated"
2025-01-28 23:34:56,589 INFO c.h.h.t.HelmChartContainer - [K3S] [stateful_set.go:438] "Unhandled Error" err="error syncing StatefulSet helminitcontainerit/test-hivemq-platform, requeuing: controllerrevisions.apps \"test-hivemq-platform-74977b996d\" is forbidden: unable to create new content in namespace helminitcontainerit because it is being terminated"
2025-01-28 23:34:56,612 INFO c.h.h.t.HelmChartContainer - [K3S] [stateful_set.go:438] "Unhandled Error" err="error syncing StatefulSet helminitcontainerit/test-hivemq-platform, requeuing: controllerrevisions.apps \"test-hivemq-platform-74977b996d\" is forbidden: unable to create new content in namespace helminitcontainerit because it is being terminated"
2025-01-28 23:34:56,655 INFO c.h.h.t.HelmChartContainer - [K3S] [stateful_set.go:438] "Unhandled Error" err="error syncing StatefulSet helminitcontainerit/test-hivemq-platform, requeuing: controllerrevisions.apps \"test-hivemq-platform-74977b996d\" is forbidden: unable to create new content in namespace helminitcontainerit because it is being terminated"
2025-01-28 23:34:56,738 INFO c.h.h.t.HelmChartContainer - [K3S] [stateful_set.go:438] "Unhandled Error" err="error syncing StatefulSet helminitcontainerit/test-hivemq-platform, requeuing: controllerrevisions.apps \"test-hivemq-platform-74977b996d\" is forbidden: unable to create new content in namespace helminitcontainerit because it is being terminated"
2025-01-28 23:34:56,743 INFO c.h.h.t.HelmChartContainer - [K3S] [reconciler_common.go:162] "operationExecutor.UnmountVolume started for volume \"broker-configuration\" (UniqueName: \"kubernetes.io/configmap/490147ed-2a53-435d-8b33-d283c70d42ed-broker-configuration\") pod \"490147ed-2a53-435d-8b33-d283c70d42ed\" (UID: \"490147ed-2a53-435d-8b33-d283c70d42ed\") "
2025-01-28 23:34:56,743 INFO c.h.h.t.HelmChartContainer - [K3S] [reconciler_common.go:162] "operationExecutor.UnmountVolume started for volume \"license-volume\" (UniqueName: \"kubernetes.io/empty-dir/490147ed-2a53-435d-8b33-d283c70d42ed-license-volume\") pod \"490147ed-2a53-435d-8b33-d283c70d42ed\" (UID: \"490147ed-2a53-435d-8b33-d283c70d42ed\") "
2025-01-28 23:34:56,744 INFO c.h.h.t.HelmChartContainer - [K3S] [reconciler_common.go:162] "operationExecutor.UnmountVolume started for volume \"operator-init\" (UniqueName: \"kubernetes.io/empty-dir/490147ed-2a53-435d-8b33-d283c70d42ed-operator-init\") pod \"490147ed-2a53-435d-8b33-d283c70d42ed\" (UID: \"490147ed-2a53-435d-8b33-d283c70d42ed\") "
2025-01-28 23:34:56,744 INFO c.h.h.t.HelmChartContainer - [K3S] [reconciler_common.go:162] "operationExecutor.UnmountVolume started for volume \"pod-info\" (UniqueName: \"kubernetes.io/configmap/490147ed-2a53-435d-8b33-d283c70d42ed-pod-info\") pod \"490147ed-2a53-435d-8b33-d283c70d42ed\" (UID: \"490147ed-2a53-435d-8b33-d283c70d42ed\") "
2025-01-28 23:34:56,744 INFO c.h.h.t.HelmChartContainer - [K3S] [reconciler_common.go:162] "operationExecutor.UnmountVolume started for volume \"kube-api-access-n7xx6\" (UniqueName: \"kubernetes.io/projected/490147ed-2a53-435d-8b33-d283c70d42ed-kube-api-access-n7xx6\") pod \"490147ed-2a53-435d-8b33-d283c70d42ed\" (UID: \"490147ed-2a53-435d-8b33-d283c70d42ed\") "
2025-01-28 23:34:56,744 INFO c.h.h.t.HelmChartContainer - [K3S] [reconciler_common.go:162] "operationExecutor.UnmountVolume started for volume \"consul-template-volume\" (UniqueName: \"kubernetes.io/configmap/490147ed-2a53-435d-8b33-d283c70d42ed-consul-template-volume\") pod \"490147ed-2a53-435d-8b33-d283c70d42ed\" (UID: \"490147ed-2a53-435d-8b33-d283c70d42ed\") "
2025-01-28 23:34:56,844 INFO c.h.h.t.HelmChartContainer - [K3S] [reconciler_common.go:299] "Volume detached for volume \"kube-api-access-n7xx6\" (UniqueName: \"kubernetes.io/projected/490147ed-2a53-435d-8b33-d283c70d42ed-kube-api-access-n7xx6\") on node \"59fa806875ec\" DevicePath \"\""
2025-01-28 23:34:56,844 INFO c.h.h.t.HelmChartContainer - [K3S] [reconciler_common.go:299] "Volume detached for volume \"consul-template-volume\" (UniqueName: \"kubernetes.io/configmap/490147ed-2a53-435d-8b33-d283c70d42ed-consul-template-volume\") on node \"59fa806875ec\" DevicePath \"\""
2025-01-28 23:34:56,844 INFO c.h.h.t.HelmChartContainer - [K3S] [reconciler_common.go:299] "Volume detached for volume \"broker-configuration\" (UniqueName: \"kubernetes.io/configmap/490147ed-2a53-435d-8b33-d283c70d42ed-broker-configuration\") on node \"59fa806875ec\" DevicePath \"\""
2025-01-28 23:34:56,844 INFO c.h.h.t.HelmChartContainer - [K3S] [reconciler_common.go:299] "Volume detached for volume \"license-volume\" (UniqueName: \"kubernetes.io/empty-dir/490147ed-2a53-435d-8b33-d283c70d42ed-license-volume\") on node \"59fa806875ec\" DevicePath \"\""
2025-01-28 23:34:56,844 INFO c.h.h.t.HelmChartContainer - [K3S] [reconciler_common.go:299] "Volume detached for volume \"pod-info\" (UniqueName: \"kubernetes.io/configmap/490147ed-2a53-435d-8b33-d283c70d42ed-pod-info\") on node \"59fa806875ec\" DevicePath \"\""
2025-01-28 23:34:56,844 INFO c.h.h.t.HelmChartContainer - [K3S] [reconciler_common.go:299] "Volume detached for volume \"operator-init\" (UniqueName: \"kubernetes.io/empty-dir/490147ed-2a53-435d-8b33-d283c70d42ed-operator-init\") on node \"59fa806875ec\" DevicePath \"\""
2025-01-28 23:34:56,901 INFO c.h.h.t.HelmChartContainer - [K3S] [stateful_set.go:438] "Unhandled Error" err="error syncing StatefulSet helminitcontainerit/test-hivemq-platform, requeuing: controllerrevisions.apps \"test-hivemq-platform-74977b996d\" is forbidden: unable to create new content in namespace helminitcontainerit because it is being terminated"
2025-01-28 23:34:56,904 INFO c.h.h.t.HelmChartContainer - [K3S] [stateful_set.go:466] "StatefulSet has been deleted" key="helminitcontainerit/test-hivemq-platform"
2025-01-28 23:34:56,931 INFO c.h.h.t.HelmChartContainer - [K3S] [namespace_controller.go:164] "Unhandled Error" err="deletion of namespace helminitcontainerit failed: unexpected items still remain in namespace: helminitcontainerit for gvr: /v1, Resource=pods"
2025-01-28 23:34:57,098 INFO c.h.h.t.HelmChartContainer - [K3S] [namespace_controller.go:164] "Unhandled Error" err="deletion of namespace helminitcontainerit failed: unexpected items still remain in namespace: helminitcontainerit for gvr: /v1, Resource=pods"
2025-01-28 23:34:57,196 INFO c.h.h.t.HelmChartContainer - [K3S] [namespace_controller.go:164] "Unhandled Error" err="deletion of namespace helminitcontainerit failed: unexpected items still remain in namespace: helminitcontainerit for gvr: /v1, Resource=pods"
2025-01-28 23:34:57,222 INFO c.h.h.t.HelmChartContainer - [K3S] [stateful_set.go:466] "StatefulSet has been deleted" key="helminitcontainerit/test-hivemq-platform"
2025-01-28 23:34:57,299 INFO c.h.h.t.HelmChartContainer - [K3S] [namespace_controller.go:164] "Unhandled Error" err="deletion of namespace helminitcontainerit failed: unexpected items still remain in namespace: helminitcontainerit for gvr: /v1, Resource=pods"
2025-01-28 23:34:57,424 INFO c.h.h.t.HelmChartContainer - [K3S] [namespace_controller.go:164] "Unhandled Error" err="deletion of namespace helminitcontainerit failed: unexpected items still remain in namespace: helminitcontainerit for gvr: /v1, Resource=pods"
2025-01-28 23:34:57,430 INFO c.h.h.t.HelmChartContainer - [K3S] [scope.go:117] "RemoveContainer" containerID="7b928de78c7e89c5ff27231b143c6d71b7542f621843a37b03ed186b9013c9ab"
2025-01-28 23:34:57,447 INFO c.h.h.t.HelmChartContainer - [POD] test-hivemq-platform-0 [490147ed-2a53-435d-8b33-d283c70d42ed] in helminitcontainerit was MODIFIED
2025-01-28 23:34:57,452 INFO c.h.h.t.HelmChartContainer - [POD] test-hivemq-platform-0 [490147ed-2a53-435d-8b33-d283c70d42ed] in helminitcontainerit was DELETED
2025-01-28 23:34:57,537 INFO c.h.h.t.HelmChartContainer - [K3S] [scope.go:117] "RemoveContainer" containerID="b549c71d2299702447f6f9695196e0fe093aceb69c798f7200a38dc0a34def39"
2025-01-28 23:34:57,540 INFO c.h.h.t.HelmChartContainer - [K3S] [scope.go:117] "RemoveContainer" containerID="45150de4560665dbed3e02d0878b6faf4812a65354a01a1221da30d3666c191c"
2025-01-28 23:34:57,544 INFO c.h.h.t.HelmChartContainer - [K3S] [scope.go:117] "RemoveContainer" containerID="7b928de78c7e89c5ff27231b143c6d71b7542f621843a37b03ed186b9013c9ab"
2025-01-28 23:34:57,544 INFO c.h.h.t.HelmChartContainer - [K3S] [scope.go:117] "RemoveContainer" containerID="b549c71d2299702447f6f9695196e0fe093aceb69c798f7200a38dc0a34def39"
2025-01-28 23:34:57,545 INFO c.h.h.t.HelmChartContainer - [K3S] [scope.go:117] "RemoveContainer" containerID="45150de4560665dbed3e02d0878b6faf4812a65354a01a1221da30d3666c191c"
2025-01-28 23:34:57,546 INFO c.h.h.t.HelmChartContainer - [K3S] [scope.go:117] "RemoveContainer" containerID="7b928de78c7e89c5ff27231b143c6d71b7542f621843a37b03ed186b9013c9ab"
2025-01-28 23:34:57,546 INFO c.h.h.t.HelmChartContainer - [K3S] [scope.go:117] "RemoveContainer" containerID="b549c71d2299702447f6f9695196e0fe093aceb69c798f7200a38dc0a34def39"
2025-01-28 23:34:57,546 INFO c.h.h.t.HelmChartContainer - [K3S] [scope.go:117] "RemoveContainer" containerID="45150de4560665dbed3e02d0878b6faf4812a65354a01a1221da30d3666c191c"
2025-01-28 23:34:57,693 INFO c.h.h.t.HelmChartContainer - Namespace 'helminitcontainerit' deleted
2025-01-28 23:34:57,693 INFO c.h.h.t.HelmChartContainer - Release 'test-hivemq-platform' in namespace 'helminitcontainerit' is uninstalled
2025-01-28 23:34:57,693 INFO c.h.h.t.HelmChartContainer - Uninstalling release 'test-hivemq-platform-operator' in namespace 'helminitcontainerit-operator'...
2025-01-28 23:34:57,693 DEBUG c.h.h.t.HelmChartContainer - Executing helm command: /bin/helm --kubeconfig /etc/rancher/k3s/k3s.yaml uninstall test-hivemq-platform-operator  --wait --timeout 5m0s --cascade foreground --namespace helminitcontainerit-operator
2025-01-28 23:34:57,854 INFO c.h.h.t.HelmChartContainer - [K3S] [replica_set.go:679] "Finished syncing" kind="ReplicaSet" key="helminitcontainerit-operator/hivemq-test-hivemq-platform-operator-6966f96d65" duration="9.503853ms"
2025-01-28 23:34:57,856 INFO c.h.h.t.HelmChartContainer - [K3S] [replica_set.go:679] "Finished syncing" kind="ReplicaSet" key="helminitcontainerit-operator/hivemq-test-hivemq-platform-operator-6966f96d65" duration="36.679µs"
2025-01-28 23:34:57,869 INFO c.h.h.t.HelmChartContainer - [POD] hivemq-test-hivemq-platform-operator-6966f96d65-9h9zj [3dd9362b-d544-419b-9fb6-42913b0e51a6] in helminitcontainerit-operator was MODIFIED
2025-01-28 23:34:57,879 INFO c.h.h.t.HelmChartContainer - [EVENT] Normal [Killing] Stopping container hivemq-platform-operator [helminitcontainerit-operator:hivemq-test-hivemq-platform-operator-6966f96d65-9h9zj]
2025-01-28 23:34:57,880 INFO c.h.h.t.HelmChartContainer - Received Killing event for container hivemq-platform-operator in pod hivemq-test-hivemq-platform-operator-6966f96d65-9h9zj [3dd9362b-d544-419b-9fb6-42913b0e51a6]
2025-01-28 23:34:57,880 INFO c.h.h.t.HelmChartContainer - Container [hivemq-test-hivemq-platform-operator-6966f96d65-9h9zj] [hivemq-platform-operator] [3dd9362b-d544-419b-9fb6-42913b0e51a6] was terminated
2025-01-28 23:34:57,880 INFO c.h.h.t.HelmChartContainer - Stopped log watcher for hivemq-platform-operator in pod hivemq-test-hivemq-platform-operator-6966f96d65-9h9zj [3dd9362b-d544-419b-9fb6-42913b0e51a6]
2025-01-28 23:34:57,888 INFO c.h.h.t.HelmChartContainer - [K3S] [replica_set.go:679] "Finished syncing" kind="ReplicaSet" key="helminitcontainerit-operator/hivemq-test-hivemq-platform-operator-6966f96d65" duration="20.887361ms"
2025-01-28 23:34:57,890 INFO c.h.h.t.HelmChartContainer - [K3S] [replica_set.go:679] "Finished syncing" kind="ReplicaSet" key="helminitcontainerit-operator/hivemq-test-hivemq-platform-operator-6966f96d65" duration="41.067µs"
2025-01-28 23:34:57,912 INFO c.h.h.t.HelmChartContainer - [hivemq-test-hivemq-platform] [hivemq-platform-operator] [3dd9362b] 23:34:57.909 [application-shutdown-thread] INFO  c.h.p.o.HiveMQPlatformOperatorApplication - HiveMQ Platform Operator is stopping...
2025-01-28 23:34:57,912 INFO c.h.h.t.HelmChartContainer - [hivemq-test-hivemq-platform] [hivemq-platform-operator] [3dd9362b] 23:34:57.909 [application-shutdown-thread] INFO  i.javaoperatorsdk.operator.Operator - Operator SDK 4.9.7 is shutting down...
2025-01-28 23:34:58,253 INFO c.h.h.t.HelmChartContainer - [K3S] [kubelet_volumes.go:163] "Cleaned up orphaned pod volumes dir" podUID="490147ed-2a53-435d-8b33-d283c70d42ed" path="/var/lib/kubelet/pods/490147ed-2a53-435d-8b33-d283c70d42ed/volumes"
2025-01-28 23:34:58,314 INFO c.h.h.t.HelmChartContainer - [EVENT] Warning [Unhealthy] Readiness probe failed: Get "http://10.42.0.5:8080/health/readiness": dial tcp 10.42.0.5:8080: connect: connection refused [helminitcontainerit-operator:hivemq-test-hivemq-platform-operator-6966f96d65-9h9zj]
2025-01-28 23:34:58,314 INFO c.h.h.t.HelmChartContainer - Received Unhealthy event for container hivemq-platform-operator in pod hivemq-test-hivemq-platform-operator-6966f96d65-9h9zj [3dd9362b-d544-419b-9fb6-42913b0e51a6]
2025-01-28 23:34:58,509 INFO c.h.h.t.HelmChartContainer - [K3S] [replica_set.go:679] "Finished syncing" kind="ReplicaSet" key="helminitcontainerit-operator/hivemq-test-hivemq-platform-operator-6966f96d65" duration="39.835µs"
2025-01-28 23:34:58,510 INFO c.h.h.t.HelmChartContainer - [POD] hivemq-test-hivemq-platform-operator-6966f96d65-9h9zj [3dd9362b-d544-419b-9fb6-42913b0e51a6] in helminitcontainerit-operator was MODIFIED
2025-01-28 23:34:58,554 INFO c.h.h.t.HelmChartContainer - [K3S] [reconciler_common.go:162] "operationExecutor.UnmountVolume started for volume \"kube-api-access-mj4fv\" (UniqueName: \"kubernetes.io/projected/3dd9362b-d544-419b-9fb6-42913b0e51a6-kube-api-access-mj4fv\") pod \"3dd9362b-d544-419b-9fb6-42913b0e51a6\" (UID: \"3dd9362b-d544-419b-9fb6-42913b0e51a6\") "
2025-01-28 23:34:58,654 INFO c.h.h.t.HelmChartContainer - [K3S] [reconciler_common.go:299] "Volume detached for volume \"kube-api-access-mj4fv\" (UniqueName: \"kubernetes.io/projected/3dd9362b-d544-419b-9fb6-42913b0e51a6-kube-api-access-mj4fv\") on node \"59fa806875ec\" DevicePath \"\""
2025-01-28 23:34:59,435 INFO c.h.h.t.HelmChartContainer - [K3S] [scope.go:117] "RemoveContainer" containerID="59528974f733307570b00fcad231a96a9bb8b54947c08c7a18b630b7f9fae3f0"
2025-01-28 23:34:59,439 INFO c.h.h.t.HelmChartContainer - [K3S] [scope.go:117] "RemoveContainer" containerID="59528974f733307570b00fcad231a96a9bb8b54947c08c7a18b630b7f9fae3f0"
2025-01-28 23:34:59,446 INFO c.h.h.t.HelmChartContainer - [K3S] [replica_set.go:679] "Finished syncing" kind="ReplicaSet" key="helminitcontainerit-operator/hivemq-test-hivemq-platform-operator-6966f96d65" duration="39.244µs"
2025-01-28 23:34:59,447 INFO c.h.h.t.HelmChartContainer - [POD] hivemq-test-hivemq-platform-operator-6966f96d65-9h9zj [3dd9362b-d544-419b-9fb6-42913b0e51a6] in helminitcontainerit-operator was MODIFIED
2025-01-28 23:34:59,448 INFO c.h.h.t.HelmChartContainer - [K3S] [replica_set.go:679] "Finished syncing" kind="ReplicaSet" key="helminitcontainerit-operator/hivemq-test-hivemq-platform-operator-6966f96d65" duration="29.104µs"
2025-01-28 23:34:59,453 INFO c.h.h.t.HelmChartContainer - [POD] hivemq-test-hivemq-platform-operator-6966f96d65-9h9zj [3dd9362b-d544-419b-9fb6-42913b0e51a6] in helminitcontainerit-operator was DELETED
2025-01-28 23:34:59,460 INFO c.h.h.t.HelmChartContainer - [K3S] [replica_set.go:679] "Finished syncing" kind="ReplicaSet" key="helminitcontainerit-operator/hivemq-test-hivemq-platform-operator-6966f96d65" duration="5.811µs"
2025-01-28 23:34:59,929 INFO c.h.h.t.HelmChartContainer - Deleting namespace 'helminitcontainerit-operator'...
2025-01-28 23:35:00,253 INFO c.h.h.t.HelmChartContainer - [K3S] [kubelet_volumes.go:163] "Cleaned up orphaned pod volumes dir" podUID="3dd9362b-d544-419b-9fb6-42913b0e51a6" path="/var/lib/kubelet/pods/3dd9362b-d544-419b-9fb6-42913b0e51a6/volumes"
2025-01-28 23:35:02,602 INFO c.h.h.t.HelmChartContainer - [K3S] [namespace_controller.go:187] "Namespace has been deleted" namespace="helminitcontainerit"
2025-01-28 23:35:05,152 INFO c.h.h.t.HelmChartContainer - Namespace 'helminitcontainerit-operator' deleted
2025-01-28 23:35:05,152 INFO c.h.h.t.HelmChartContainer - Release 'test-hivemq-platform-operator' in namespace 'helminitcontainerit-operator' is uninstalled
2025-01-28 23:35:05,847 INFO c.h.helmcharts.AbstractHelmChartIT - Removed unused containers:

2025-01-28 23:35:10,051 INFO c.h.h.t.HelmChartContainer - [K3S] [namespace_controller.go:187] "Namespace has been deleted" namespace="helminitcontainerit-operator"
2025-01-28 23:35:14,093 INFO c.h.helmcharts.AbstractHelmChartIT - Removed unused snapshots:
Removing snapshot sha256:03af251906410714c5aef9fa705b63f6bbc39c4a5e787de7361eeb18886c2ed2
Removing snapshot sha256:0c46b3b43cce082ce5ec34ffc6c294e0417d17b9d1e6f366d114b6aadc4f96dc
Removing snapshot sha256:0ce761beee59082d6ed5bcebd3a805b8ddd9b3426b617e4809e7fb7c6587ffec
Removing snapshot sha256:0df91287303208332c8ff6ba40ae4710105201739addbfbddfb955f1ad593664
Removing snapshot sha256:1021ef88c7974bfff89c5a0ec4fd3160daac6c48a075f74cff721f85dd104e68
Removing snapshot sha256:10aba4953ddc18145dd38e3704709bc464aa20af60b56fe52caaff4b68411e62
Removing snapshot sha256:2573e0d8158209ed54ab25c87bcdcb00bd3d2539246960a3d592a1c599d70465
Removing snapshot sha256:362a8a37f8bbc31925a8146adcf7cf51f9882f5c1dcbef67c5baa03a297543c0
Removing snapshot sha256:3fa4ad33f0ddc8fd45b39b6b4640f82a3a83619606cd975bfe89d8710ad2d4cd
Removing snapshot sha256:43a7c979bbaba6838bc3102d6b10a1459f3ab050b87ccdfef84ef90cf43d3058
Removing snapshot sha256:4ab04491cdf0d3267f08206fe30bd48f49f94b9cab2f016d6739220f722a64af
Removing snapshot sha256:4b6068250e89c96f263060261819c7d912855bfbd64b3eb4c4a8483299b8c295
Removing snapshot sha256:506da451f6ae016e65dd5b476341c3726df85b576e2177afddf8a918c2b69281
Removing snapshot sha256:580e69a0a8034ede1921139bbd2bfb72a69ebf276d008281896c32dd8bf74775
Removing snapshot sha256:5a2c5491767de96088c4fcd4fddc22d7bfee323fe2e34fc7205056783b5dc099
Removing snapshot sha256:5d30ba46b27fe37484567ccc5242cadc78217b8da605f3f195ef25cbf7487904
Removing snapshot sha256:5f1df1c19f2f87fc725ef0cdaf4f43831c47e5cce7fdc062186f008bea2344fb
Removing snapshot sha256:63ca1fbb43ae5034640e5e6cb3e083e05c290072c5366fcaa9d62435a4cced85
Removing snapshot sha256:67f702c6baae873bceb19487c8b1f27bd2b86077e4f2f0e480e6d60ab508b8f5
Removing snapshot sha256:6864348dd42806d552efdec384f1274be15e2d0c10ce44c1f04347af004c10a9
Removing snapshot sha256:6c7dee8f2c39b84b7dc2711c01d33de93514d9055499173e9290176fbe484b6c
Removing snapshot sha256:7082a7bfad98a69dfdbc5dc53b905ba1bde852b9c700af3dec269c986491931f
Removing snapshot sha256:82753493a6d61ded36556292f02f31841a14c20d2f279f19eaad65afb661d5cd
Removing snapshot sha256:8a10d3db42c505ee0fcfa98417bdd7e39b304f6bcc0a06bb1b220797ff2cc63c
Removing snapshot sha256:94e5f06ff8e3d4441dc3cd8b090ff38dc911bfa8ebdb0dc28395bc98f82f983f
Removing snapshot sha256:9fe266bdfabb549dd4b3148560da7ce6ac593863d81fe17f9972d3ab187474ec
Removing snapshot sha256:a21e5b12dbac529ad45d976eb9ce45c881f3bedcc500fb30aba1e52aa1813418
Removing snapshot sha256:b921e6c28969094157f9b8e7244677780319637afd14450b7cb6b2fdea558a0c
Removing snapshot sha256:bc27ecb5769a00e309cf99ebc763c4a4b958b618d1decc96ffac5bc05f02f5b7
Removing snapshot sha256:be3ccb6627a5332e309d45ef461d09b4879dd870c7394d89323d0ebc6ca6aa8a
Removing snapshot sha256:c261f7cbbc64211ee175ee47273acdb7b1a36a4450b397a064a8f2c026490095
Removing snapshot sha256:c34d9393647eea0c9e3557ab988efaf59f61d10a2a5613b439ef0958cca5ec10
Removing snapshot sha256:ccf3c4a0fa967a41c1c83497a2ce6fa5787965859df0adb32c4ca2cf7490bc2b
Removing snapshot sha256:cf92d33f869417309692088c341cd0f223c178ea78a125f757317b22aa8f90e9
Removing snapshot sha256:d0037344cf2fb078884f1849f6a1f8cf9a33a3b6139b6a85833e5ee528e1f9a8
Removing snapshot sha256:d3b36d5b79273b1e98e7700470eaeff05a882e777124d84cebcc1505b85ecb36
Removing snapshot sha256:d65a44a37914602d12c611e5e22a50f11451d847e63015cc1c2aef92dee777a4
Removing snapshot sha256:e2dc0bae2455930f23ae570e019b7f32edc75c0f2d71cab084db837ff9051796
Removing snapshot sha256:eccbd24a99c60cd9e86ee5305dbfc4a4dc89f5ab4fb1f06c8d64797cecedef34
Removing snapshot sha256:f144bb4c7c7f0d2aa7eeffd36d934ec40db1ee167be727e326aad9fdc616f475

]]></system-out>
  </testcase>
  <testcase name="withOverrideInitContainer_hivemqRunningWithVolumeMounts()" classname="com.hivemq.helmcharts.containers.HelmInitContainerIT" time="100.66">
    <system-out><![CDATA[2025-01-28 23:35:14,101 INFO c.h.h.t.HelmChartContainer - Creating namespace 'helminitcontainerit-operator'...
2025-01-28 23:35:14,107 INFO c.h.h.t.HelmChartContainer - Namespace 'helminitcontainerit-operator' created
2025-01-28 23:35:14,107 INFO c.h.h.t.HelmChartContainer - Creating namespace 'helminitcontainerit'...
2025-01-28 23:35:14,113 INFO c.h.h.t.HelmChartContainer - Namespace 'helminitcontainerit' created
2025-01-28 23:35:14,176 DEBUG c.h.h.t.HelmChartContainer - Executing helm command: /bin/helm --kubeconfig /etc/rancher/k3s/k3s.yaml install test-hivemq-platform-operator /charts/hivemq-platform-operator --wait --timeout 5m0s --set image.repository=docker.io/hivemq --set image.name=hivemq-platform-operator-test --set image.initImageName=hivemq-platform-operator-init-test --set image.tag=snapshot --set image.pullPolicy=Never --set logLevel=DEBUG --set resources.cpu=512m --namespace helminitcontainerit-operator
2025-01-28 23:35:14,481 INFO c.h.h.t.HelmChartContainer - [K3S] [alloc.go:330] "allocated clusterIPs" service="helminitcontainerit-operator/hivemq-platform-operator-test-hivemq-platform-operator" clusterIPs={"IPv4":"10.43.135.119"}
2025-01-28 23:35:14,499 INFO c.h.h.t.HelmChartContainer - [EVENT] Normal [ScalingReplicaSet] Scaled up replica set hivemq-test-hivemq-platform-operator-6966f96d65 from 0 to 1 [helminitcontainerit-operator:hivemq-test-hivemq-platform-operator]
2025-01-28 23:35:14,502 INFO c.h.h.t.HelmChartContainer - [POD] hivemq-test-hivemq-platform-operator-6966f96d65-4tkkm [6fc873e9-627e-4317-8415-ca6b55fceb46] in helminitcontainerit-operator was ADDED
2025-01-28 23:35:14,510 INFO c.h.h.t.HelmChartContainer - [EVENT] Normal [SuccessfulCreate] Created pod: hivemq-test-hivemq-platform-operator-6966f96d65-4tkkm [helminitcontainerit-operator:hivemq-test-hivemq-platform-operator-6966f96d65]
2025-01-28 23:35:14,514 INFO c.h.h.t.HelmChartContainer - [K3S] [memory_manager.go:355] "RemoveStaleState removing state" podUID="490147ed-2a53-435d-8b33-d283c70d42ed" containerName="hivemq"
2025-01-28 23:35:14,515 INFO c.h.h.t.HelmChartContainer - [K3S] [memory_manager.go:355] "RemoveStaleState removing state" podUID="3dd9362b-d544-419b-9fb6-42913b0e51a6" containerName="hivemq-platform-operator"
2025-01-28 23:35:14,515 INFO c.h.h.t.HelmChartContainer - [K3S] [memory_manager.go:355] "RemoveStaleState removing state" podUID="490147ed-2a53-435d-8b33-d283c70d42ed" containerName="consul-template-init-container"
2025-01-28 23:35:14,515 INFO c.h.h.t.HelmChartContainer - [K3S] [replica_set.go:679] "Finished syncing" kind="ReplicaSet" key="helminitcontainerit-operator/hivemq-test-hivemq-platform-operator-6966f96d65" duration="20.264127ms"
2025-01-28 23:35:14,515 INFO c.h.h.t.HelmChartContainer - [POD] hivemq-test-hivemq-platform-operator-6966f96d65-4tkkm [6fc873e9-627e-4317-8415-ca6b55fceb46] in helminitcontainerit-operator was MODIFIED
2025-01-28 23:35:14,522 INFO c.h.h.t.HelmChartContainer - [EVENT] Normal [Scheduled] Successfully assigned helminitcontainerit-operator/hivemq-test-hivemq-platform-operator-6966f96d65-4tkkm to 59fa806875ec [helminitcontainerit-operator:hivemq-test-hivemq-platform-operator-6966f96d65-4tkkm]
2025-01-28 23:35:14,523 INFO c.h.h.t.HelmChartContainer - [K3S] [replica_set.go:679] "Finished syncing" kind="ReplicaSet" key="helminitcontainerit-operator/hivemq-test-hivemq-platform-operator-6966f96d65" duration="8.912912ms"
2025-01-28 23:35:14,533 INFO c.h.h.t.HelmChartContainer - [POD] hivemq-test-hivemq-platform-operator-6966f96d65-4tkkm [6fc873e9-627e-4317-8415-ca6b55fceb46] in helminitcontainerit-operator was MODIFIED
2025-01-28 23:35:14,538 INFO c.h.h.t.HelmChartContainer - [K3S] [replica_set.go:679] "Finished syncing" kind="ReplicaSet" key="helminitcontainerit-operator/hivemq-test-hivemq-platform-operator-6966f96d65" duration="15.442244ms"
2025-01-28 23:35:14,538 INFO c.h.h.t.HelmChartContainer - [K3S] [replica_set.go:679] "Finished syncing" kind="ReplicaSet" key="helminitcontainerit-operator/hivemq-test-hivemq-platform-operator-6966f96d65" duration="38.862µs"
2025-01-28 23:35:14,647 INFO c.h.h.t.HelmChartContainer - [K3S] [reconciler_common.go:251] "operationExecutor.VerifyControllerAttachedVolume started for volume \"kube-api-access-rnmxx\" (UniqueName: \"kubernetes.io/projected/6fc873e9-627e-4317-8415-ca6b55fceb46-kube-api-access-rnmxx\") pod \"hivemq-test-hivemq-platform-operator-6966f96d65-4tkkm\" (UID: \"6fc873e9-627e-4317-8415-ca6b55fceb46\") " pod="helminitcontainerit-operator/hivemq-test-hivemq-platform-operator-6966f96d65-4tkkm"
2025-01-28 23:35:14,913 INFO c.h.h.t.HelmChartContainer - [EVENT] Normal [Pulled] Container image "docker.io/hivemq/hivemq-platform-operator-test:snapshot" already present on machine [helminitcontainerit-operator:hivemq-test-hivemq-platform-operator-6966f96d65-4tkkm]
2025-01-28 23:35:14,913 INFO c.h.h.t.HelmChartContainer - Received Pulled event for container hivemq-platform-operator in pod hivemq-test-hivemq-platform-operator-6966f96d65-4tkkm [6fc873e9-627e-4317-8415-ca6b55fceb46]
2025-01-28 23:35:16,179 INFO c.h.h.t.HelmChartContainer - [EVENT] Normal [Created] Created container: hivemq-platform-operator [helminitcontainerit-operator:hivemq-test-hivemq-platform-operator-6966f96d65-4tkkm]
2025-01-28 23:35:16,179 INFO c.h.h.t.HelmChartContainer - Received Created event for container hivemq-platform-operator in pod hivemq-test-hivemq-platform-operator-6966f96d65-4tkkm [6fc873e9-627e-4317-8415-ca6b55fceb46]
2025-01-28 23:35:16,472 INFO c.h.h.t.HelmChartContainer - [K3S] [replica_set.go:679] "Finished syncing" kind="ReplicaSet" key="helminitcontainerit-operator/hivemq-test-hivemq-platform-operator-6966f96d65" duration="37.791µs"
2025-01-28 23:35:16,475 INFO c.h.h.t.HelmChartContainer - [POD] hivemq-test-hivemq-platform-operator-6966f96d65-4tkkm [6fc873e9-627e-4317-8415-ca6b55fceb46] in helminitcontainerit-operator was MODIFIED
2025-01-28 23:35:16,498 INFO c.h.h.t.HelmChartContainer - Started log watcher for hivemq-platform-operator in pod hivemq-test-hivemq-platform-operator-6966f96d65-4tkkm [6fc873e9-627e-4317-8415-ca6b55fceb46]
2025-01-28 23:35:16,499 INFO c.h.h.t.HelmChartContainer - [EVENT] Normal [Started] Started container hivemq-platform-operator [helminitcontainerit-operator:hivemq-test-hivemq-platform-operator-6966f96d65-4tkkm]
2025-01-28 23:35:16,501 INFO c.h.h.t.HelmChartContainer - Received Started event for container hivemq-platform-operator in pod hivemq-test-hivemq-platform-operator-6966f96d65-4tkkm [6fc873e9-627e-4317-8415-ca6b55fceb46]
2025-01-28 23:35:16,501 INFO c.h.h.t.HelmChartContainer - [hivemq-test-hivemq-platform] [hivemq-platform-operator] [6fc873e9] -------------------------------------------------------------------------
2025-01-28 23:35:16,503 INFO c.h.h.t.HelmChartContainer - [hivemq-test-hivemq-platform] [hivemq-platform-operator] [6fc873e9] 
2025-01-28 23:35:16,503 INFO c.h.h.t.HelmChartContainer - [hivemq-test-hivemq-platform] [hivemq-platform-operator] [6fc873e9]                   _    _  _              __  __   ____
2025-01-28 23:35:16,503 INFO c.h.h.t.HelmChartContainer - [hivemq-test-hivemq-platform] [hivemq-platform-operator] [6fc873e9]                  | |  | |(_)            |  \/  | / __ \
2025-01-28 23:35:16,503 INFO c.h.h.t.HelmChartContainer - [hivemq-test-hivemq-platform] [hivemq-platform-operator] [6fc873e9]                  | |__| | _ __   __ ___ | \  / || |  | |
2025-01-28 23:35:16,503 INFO c.h.h.t.HelmChartContainer - [hivemq-test-hivemq-platform] [hivemq-platform-operator] [6fc873e9]                  |  __  || |\ \ / // _ \| |\/| || |  | |
2025-01-28 23:35:16,503 INFO c.h.h.t.HelmChartContainer - [hivemq-test-hivemq-platform] [hivemq-platform-operator] [6fc873e9]                  | |  | || | \ V /|  __/| |  | || |__| |
2025-01-28 23:35:16,503 INFO c.h.h.t.HelmChartContainer - [hivemq-test-hivemq-platform] [hivemq-platform-operator] [6fc873e9]                  |_|  |_||_|  \_/  \___||_|  |_| \___\_\
2025-01-28 23:35:16,503 INFO c.h.h.t.HelmChartContainer - [hivemq-test-hivemq-platform] [hivemq-platform-operator] [6fc873e9] 
2025-01-28 23:35:16,503 INFO c.h.h.t.HelmChartContainer - [hivemq-test-hivemq-platform] [hivemq-platform-operator] [6fc873e9] -------------------------------------------------------------------------
2025-01-28 23:35:16,503 INFO c.h.h.t.HelmChartContainer - [hivemq-test-hivemq-platform] [hivemq-platform-operator] [6fc873e9] 
2025-01-28 23:35:16,503 INFO c.h.h.t.HelmChartContainer - [hivemq-test-hivemq-platform] [hivemq-platform-operator] [6fc873e9]   HiveMQ Platform Operator Start Script v1.0
2025-01-28 23:35:16,503 INFO c.h.h.t.HelmChartContainer - [hivemq-test-hivemq-platform] [hivemq-platform-operator] [6fc873e9] 
2025-01-28 23:35:16,503 INFO c.h.h.t.HelmChartContainer - [hivemq-test-hivemq-platform] [hivemq-platform-operator] [6fc873e9] -------------------------------------------------------------------------
2025-01-28 23:35:16,503 INFO c.h.h.t.HelmChartContainer - [hivemq-test-hivemq-platform] [hivemq-platform-operator] [6fc873e9] 
2025-01-28 23:35:16,503 INFO c.h.h.t.HelmChartContainer - [hivemq-test-hivemq-platform] [hivemq-platform-operator] [6fc873e9]   JAVA_OPTS: -XX:+UnlockExperimentalVMOptions -XX:InitialRAMPercentage=75 -XX:MaxRAMPercentage=75 -Duser.language=en -Duser.region=US
2025-01-28 23:35:16,503 INFO c.h.h.t.HelmChartContainer - [hivemq-test-hivemq-platform] [hivemq-platform-operator] [6fc873e9] 
2025-01-28 23:35:16,503 INFO c.h.h.t.HelmChartContainer - [hivemq-test-hivemq-platform] [hivemq-platform-operator] [6fc873e9]   JAVA_VERSION: 21
2025-01-28 23:35:16,506 INFO c.h.h.t.HelmChartContainer - [hivemq-test-hivemq-platform] [hivemq-platform-operator] [6fc873e9] 
2025-01-28 23:35:16,508 INFO c.h.h.t.HelmChartContainer - [hivemq-test-hivemq-platform] [hivemq-platform-operator] [6fc873e9] -------------------------------------------------------------------------
2025-01-28 23:35:16,508 INFO c.h.h.t.HelmChartContainer - [hivemq-test-hivemq-platform] [hivemq-platform-operator] [6fc873e9] 
2025-01-28 23:35:19,290 INFO c.h.h.t.HelmChartContainer - [hivemq-test-hivemq-platform] [hivemq-platform-operator] [6fc873e9] 23:35:19.288 [main] DEBUG org.jboss.logging - Logging Provider: org.jboss.logging.Slf4jLoggerProvider
2025-01-28 23:35:19,394 INFO c.h.h.t.HelmChartContainer - [hivemq-test-hivemq-platform] [hivemq-platform-operator] [6fc873e9] 23:35:19.392 [main] DEBUG io.smallrye.config - SRCFG01006: Loaded ConfigSource SysPropConfigSource with ordinal 400
2025-01-28 23:35:19,394 INFO c.h.h.t.HelmChartContainer - [hivemq-test-hivemq-platform] [hivemq-platform-operator] [6fc873e9] 23:35:19.393 [main] DEBUG io.smallrye.config - SRCFG01006: Loaded ConfigSource EnvConfigSource with ordinal 300
2025-01-28 23:35:19,394 INFO c.h.h.t.HelmChartContainer - [hivemq-test-hivemq-platform] [hivemq-platform-operator] [6fc873e9] 23:35:19.393 [main] DEBUG io.smallrye.config - SRCFG01006: Loaded ConfigSource PropertiesConfigSource[source=jar:file:///opt/hivemq-platform-operator/bin/hivemq-platform-operator.jar!/hivemq-platform-operator.properties] with ordinal 100
2025-01-28 23:35:19,394 INFO c.h.h.t.HelmChartContainer - [hivemq-test-hivemq-platform] [hivemq-platform-operator] [6fc873e9] 23:35:19.393 [main] DEBUG io.smallrye.config - SRCFG01006: Loaded ConfigSource DefaultValuesConfigSource with ordinal -2147483648
2025-01-28 23:35:19,493 INFO c.h.h.t.HelmChartContainer - [hivemq-test-hivemq-platform] [hivemq-platform-operator] [6fc873e9] 23:35:19.493 [main] DEBUG i.m.c.u.i.l.InternalLoggerFactory - Using SLF4J as the default logging framework
2025-01-28 23:35:19,677 INFO c.h.h.t.HelmChartContainer - [hivemq-test-hivemq-platform] [hivemq-platform-operator] [6fc873e9] 23:35:19.596 [main] INFO  c.h.p.o.HiveMQPlatformOperatorApplication - HiveMQ Platform Operator 1.7.0-SNAPSHOT (commit: bebf408 on branch: HEAD) built on Sun Jan 26 20:47:47 UTC 2025
2025-01-28 23:35:19,678 INFO c.h.h.t.HelmChartContainer - [hivemq-test-hivemq-platform] [hivemq-platform-operator] [6fc873e9] 23:35:19.676 [main] INFO  c.h.p.o.HiveMQPlatformOperatorApplication - HiveMQ Platform Operator is running in namespace: helminitcontainerit-operator
2025-01-28 23:35:19,678 INFO c.h.h.t.HelmChartContainer - [hivemq-test-hivemq-platform] [hivemq-platform-operator] [6fc873e9] 23:35:19.676 [main] INFO  c.h.p.o.HiveMQPlatformOperatorApplication - Watching all namespaces
2025-01-28 23:35:19,678 INFO c.h.h.t.HelmChartContainer - [hivemq-test-hivemq-platform] [hivemq-platform-operator] [6fc873e9] 23:35:19.676 [main] INFO  c.h.p.o.HiveMQPlatformOperatorApplication - Log level: DEBUG
2025-01-28 23:35:19,678 INFO c.h.h.t.HelmChartContainer - [hivemq-test-hivemq-platform] [hivemq-platform-operator] [6fc873e9] 23:35:19.676 [main] INFO  c.h.p.o.HiveMQPlatformOperatorApplication - Release name: test-hivemq-platform-operator
2025-01-28 23:35:19,678 INFO c.h.h.t.HelmChartContainer - [hivemq-test-hivemq-platform] [hivemq-platform-operator] [6fc873e9] 23:35:19.676 [main] INFO  c.h.p.o.HiveMQPlatformOperatorApplication - HiveMQ Platform Operator Init image: docker.io/hivemq/hivemq-platform-operator-init-test:snapshot
2025-01-28 23:35:19,678 INFO c.h.h.t.HelmChartContainer - [hivemq-test-hivemq-platform] [hivemq-platform-operator] [6fc873e9] 23:35:19.676 [main] INFO  c.h.p.o.HiveMQPlatformOperatorApplication - HiveMQ Platform Operator Init App update URL: http://hivemq-platform-operator-test-hivemq-platform-operator.helminitcontainerit-operator.svc:8080/initAppUpdate/hivemq-platform-operator-init-app-1.7.0-SNAPSHOT.jar
2025-01-28 23:35:19,678 INFO c.h.h.t.HelmChartContainer - [hivemq-test-hivemq-platform] [hivemq-platform-operator] [6fc873e9] 23:35:19.676 [main] INFO  c.h.p.o.HiveMQPlatformOperatorApplication - Additional imagePullSecret for all Platform deployments: none
2025-01-28 23:35:19,678 INFO c.h.h.t.HelmChartContainer - [hivemq-test-hivemq-platform] [hivemq-platform-operator] [6fc873e9] 23:35:19.676 [main] INFO  c.h.p.o.HiveMQPlatformOperatorApplication - Apply HiveMQ Platform CRD: true
2025-01-28 23:35:19,678 INFO c.h.h.t.HelmChartContainer - [hivemq-test-hivemq-platform] [hivemq-platform-operator] [6fc873e9] 23:35:19.676 [main] INFO  c.h.p.o.HiveMQPlatformOperatorApplication - Create Platform ServiceAccount: true
2025-01-28 23:35:19,678 INFO c.h.h.t.HelmChartContainer - [hivemq-test-hivemq-platform] [hivemq-platform-operator] [6fc873e9] 23:35:19.676 [main] INFO  c.h.p.o.HiveMQPlatformOperatorApplication - Create Platform ServiceAccount permissions: true
2025-01-28 23:35:19,678 INFO c.h.h.t.HelmChartContainer - [hivemq-test-hivemq-platform] [hivemq-platform-operator] [6fc873e9] 23:35:19.676 [main] INFO  c.h.p.o.HiveMQPlatformOperatorApplication - Validate Platform ServiceAccount: true
2025-01-28 23:35:19,678 INFO c.h.h.t.HelmChartContainer - [hivemq-test-hivemq-platform] [hivemq-platform-operator] [6fc873e9] 23:35:19.676 [main] INFO  c.h.p.o.HiveMQPlatformOperatorApplication - Validate Platform ServiceAccount permissions: true
2025-01-28 23:35:19,692 INFO c.h.h.t.HelmChartContainer - [hivemq-test-hivemq-platform] [hivemq-platform-operator] [6fc873e9] 23:35:19.691 [main] INFO  c.h.platform.operator.util.CRDUtil - Verifying deployed HiveMQ Platform CRD...
2025-01-28 23:35:22,384 INFO c.h.h.t.HelmChartContainer - [hivemq-test-hivemq-platform] [hivemq-platform-operator] [6fc873e9] 23:35:22.382 [main] DEBUG c.h.platform.operator.util.CRDUtil - HiveMQ Platform CRD version v1 is up to date
2025-01-28 23:35:22,384 INFO c.h.h.t.HelmChartContainer - [hivemq-test-hivemq-platform] [hivemq-platform-operator] [6fc873e9] 23:35:22.382 [main] INFO  c.h.platform.operator.util.CRDUtil - HiveMQ Platform CRD is up to date (version: V1_6_0)
2025-01-28 23:35:22,384 INFO c.h.h.t.HelmChartContainer - [hivemq-test-hivemq-platform] [hivemq-platform-operator] [6fc873e9] 23:35:22.382 [main] INFO  c.h.platform.operator.util.CRDUtil - Waiting 10000 ms for HiveMQ Platform CRD 'hivemq-platforms.hivemq.com' to become ready...
2025-01-28 23:35:22,685 INFO c.h.h.t.HelmChartContainer - [hivemq-test-hivemq-platform] [hivemq-platform-operator] [6fc873e9] 23:35:22.684 [vert.x-eventloop-thread-1] DEBUG c.h.platform.operator.util.CRDUtil - Checking CRD condition 'NamesAccepted' (status: 'True')
2025-01-28 23:35:22,686 INFO c.h.h.t.HelmChartContainer - [hivemq-test-hivemq-platform] [hivemq-platform-operator] [6fc873e9] 23:35:22.684 [vert.x-eventloop-thread-1] DEBUG c.h.platform.operator.util.CRDUtil - Checking CRD condition 'Established' (status: 'True')
2025-01-28 23:35:22,686 INFO c.h.h.t.HelmChartContainer - [hivemq-test-hivemq-platform] [hivemq-platform-operator] [6fc873e9] 23:35:22.685 [main] INFO  c.h.platform.operator.util.CRDUtil - HiveMQ Platform CRD 'hivemq-platforms.hivemq.com' is ready
2025-01-28 23:35:22,802 INFO c.h.h.t.HelmChartContainer - [hivemq-test-hivemq-platform] [hivemq-platform-operator] [6fc873e9] 23:35:22.801 [main] INFO  c.h.p.o.HiveMQPlatformReconciler - HiveMQ Platform Operator is starting...
2025-01-28 23:35:22,895 INFO c.h.h.t.HelmChartContainer - [hivemq-test-hivemq-platform] [hivemq-platform-operator] [6fc873e9] 23:35:22.894 [main] WARN  Default ConfigurationService implementation - Configuration for reconciler 'hivemq-controller' was not found. Known reconcilers: None.
2025-01-28 23:35:22,903 INFO c.h.h.t.HelmChartContainer - [hivemq-test-hivemq-platform] [hivemq-platform-operator] [6fc873e9] 23:35:22.902 [main] INFO  Default ConfigurationService implementation - Created configuration for reconciler com.hivemq.platform.operator.HiveMQPlatformReconciler with name hivemq-controller
2025-01-28 23:35:23,074 INFO c.h.h.t.HelmChartContainer - [hivemq-test-hivemq-platform] [hivemq-platform-operator] [6fc873e9] 23:35:23.000 [main] DEBUG c.h.p.o.HiveMQPlatformReconciler - HiveMQ Platform Operator is preparing EventSources
2025-01-28 23:35:23,088 INFO c.h.h.t.HelmChartContainer - [hivemq-test-hivemq-platform] [hivemq-platform-operator] [6fc873e9] 23:35:23.087 [main] INFO  i.javaoperatorsdk.operator.Operator - Registered reconciler: 'hivemq-controller' for resource: 'class com.hivemq.platform.operator.v1.HiveMQPlatform' for namespace(s): [all namespaces]
2025-01-28 23:35:23,595 INFO c.h.h.t.HelmChartContainer - [hivemq-test-hivemq-platform] [hivemq-platform-operator] [6fc873e9] 23:35:23.594 [main] INFO  c.h.p.operator.webserver.JettyServer - Starting Jetty server on port 8080
2025-01-28 23:35:23,691 INFO c.h.h.t.HelmChartContainer - [hivemq-test-hivemq-platform] [hivemq-platform-operator] [6fc873e9] 23:35:23.689 [main] INFO  i.javaoperatorsdk.operator.Operator - Operator SDK 4.9.7 (commit: 2133d28) built on Wed Nov 20 12:56:20 UTC 2024 starting...
2025-01-28 23:35:23,691 INFO c.h.h.t.HelmChartContainer - [hivemq-test-hivemq-platform] [hivemq-platform-operator] [6fc873e9] 23:35:23.690 [main] INFO  i.javaoperatorsdk.operator.Operator - Client version: 6.13.4
2025-01-28 23:35:23,694 INFO c.h.h.t.HelmChartContainer - [hivemq-test-hivemq-platform] [hivemq-platform-operator] [6fc873e9] 23:35:23.691 [Controller Starter for: hivemq-controller] INFO  i.j.operator.processing.Controller - Starting 'hivemq-controller' controller for reconciler: com.hivemq.platform.operator.HiveMQPlatformReconciler, resource: com.hivemq.platform.operator.v1.HiveMQPlatform
2025-01-28 23:35:26,183 INFO c.h.h.t.HelmChartContainer - [hivemq-test-hivemq-platform] [hivemq-platform-operator] [6fc873e9] 23:35:26.182 [Controller Starter for: hivemq-controller] INFO  i.j.operator.processing.Controller - 'hivemq-controller' controller started
2025-01-28 23:35:26,184 INFO c.h.h.t.HelmChartContainer - [hivemq-test-hivemq-platform] [hivemq-platform-operator] [6fc873e9] 23:35:26.182 [main] INFO  c.h.p.o.HiveMQPlatformOperatorApplication - HiveMQ Platform Operator 1.7.0-SNAPSHOT started in 6586 ms
2025-01-28 23:35:27,479 INFO c.h.h.t.HelmChartContainer - [POD] hivemq-test-hivemq-platform-operator-6966f96d65-4tkkm [6fc873e9-627e-4317-8415-ca6b55fceb46] in helminitcontainerit-operator was MODIFIED
2025-01-28 23:35:27,494 INFO c.h.h.t.HelmChartContainer - [K3S] [replica_set.go:679] "Finished syncing" kind="ReplicaSet" key="helminitcontainerit-operator/hivemq-test-hivemq-platform-operator-6966f96d65" duration="15.734802ms"
2025-01-28 23:35:27,495 INFO c.h.h.t.HelmChartContainer - [K3S] [replica_set.go:679] "Finished syncing" kind="ReplicaSet" key="helminitcontainerit-operator/hivemq-test-hivemq-platform-operator-6966f96d65" duration="37.22µs"
2025-01-28 23:35:28,637 DEBUG c.h.h.t.HelmChartContainer - Executing helm command: /bin/helm --kubeconfig /etc/rancher/k3s/k3s.yaml install test-hivemq-platform /charts/hivemq-platform --wait --timeout 5m0s --set image.repository=docker.io/hivemq --set image.tag=4.36.0 --set image.pullPolicy=Never --set nodes.resources.cpu=512m --set-file config.overrideInitContainers=/files/init-containers-spec.yaml -f /files/init-container-additional-volumes-values.yaml --namespace helminitcontainerit
2025-01-28 23:35:28,875 INFO c.h.h.t.HelmChartContainer - [hivemq-test-hivemq-platform] [hivemq-platform-operator] [6fc873e9] 23:35:28.873 [-373097727-pool-1-thread-2] WARN  i.m.p.PrometheusMeterRegistry - The meter (MeterId{name='operator.sdk.events.received', tags=[tag(action=ADDED),tag(event=ResourceEvent),tag(group=hivemq.com),tag(kind=HiveMQPlatform),tag(name=test-hivemq-platform),tag(namespace=helminitcontainerit),tag(scope=namespace),tag(version=v1)]}) registration has failed: Prometheus requires that all meters with the same name have the same set of tag keys. There is already an existing meter named 'operator.sdk.events.received' containing tag keys [event, group, kind, name, namespace, scope, version]. The meter you are attempting to register has keys [action, event, group, kind, name, namespace, scope, version]. Note that subsequent logs will be logged at debug level.
2025-01-28 23:35:29,288 INFO c.h.h.t.HelmChartContainer - [hivemq-test-hivemq-platform] [hivemq-platform-operator] [6fc873e9] 23:35:29.286 [pool-6-thread-3] DEBUG c.h.p.o.dependants.PodInfoConfigMap - [helminit] Desired PodInfo ConfigMap (1 extensions) (1 enabled)
2025-01-28 23:35:29,288 INFO c.h.h.t.HelmChartContainer - [hivemq-test-hivemq-platform] [hivemq-platform-operator] [6fc873e9] 23:35:29.287 [pool-6-thread-3] DEBUG c.h.p.o.dependants.PodInfoConfigMap - [helminit] Desired PodInfo ConfigMap (metrics port: 9399) (metrics path: /)
2025-01-28 23:35:29,288 INFO c.h.h.t.HelmChartContainer - [hivemq-test-hivemq-platform] [hivemq-platform-operator] [6fc873e9] 23:35:29.287 [pool-6-thread-3] DEBUG c.h.p.o.dependants.PodInfoConfigMap - [helminit] Desired PodInfo ConfigMap (extension state hash: -1817474005)
2025-01-28 23:35:29,378 INFO c.h.h.t.HelmChartContainer - [hivemq-test-hivemq-platform] [hivemq-platform-operator] [6fc873e9] 23:35:29.373 [pool-6-thread-3] DEBUG c.h.p.o.dependants.PodInfoConfigMap - [helminit] Create PodInfo ConfigMap
2025-01-28 23:35:29,478 INFO c.h.h.t.HelmChartContainer - [hivemq-test-hivemq-platform] [hivemq-platform-operator] [6fc873e9] 23:35:29.476 [pool-6-thread-5] DEBUG c.h.p.o.dependants.PodRoleResource - [helminit] Create Role: Role(apiVersion=rbac.authorization.k8s.io/v1, kind=Role, metadata=ObjectMeta(annotations={meta.helm.sh/release-name=test-hivemq-platform, meta.helm.sh/release-namespace=helminitcontainerit}, creationTimestamp=null, deletionGracePeriodSeconds=null, deletionTimestamp=null, finalizers=[], generateName=null, generation=null, labels={helm.sh/chart=hivemq-platform-0.2.32, app.kubernetes.io/managed-by=Helm, app.kubernetes.io/name=hivemq-platform, hivemq-platform=test-hivemq-platform, app.kubernetes.io/instance=test-hivemq-platform, app.kubernetes.io/version=4.36.0}, managedFields=[], name=hivemq-platform-role-test-hivemq-platform, namespace=helminitcontainerit, ownerReferences=[OwnerReference(apiVersion=hivemq.com/v1, blockOwnerDeletion=null, controller=null, kind=HiveMQPlatform, name=test-hivemq-platform, uid=b790f054-87ee-415f-bc52-29a5e88d7c08, additionalProperties={})], resourceVersion=null, selfLink=null, uid=null, additionalProperties={}), rules=[PolicyRule(apiGroups=[], nonResourceURLs=[], resourceNames=[], resources=[pods], verbs=[get, patch, update], additionalProperties={})], additionalProperties={})
2025-01-28 23:35:29,578 INFO c.h.h.t.HelmChartContainer - [hivemq-test-hivemq-platform] [hivemq-platform-operator] [6fc873e9] 23:35:29.577 [pool-6-thread-7] DEBUG c.h.p.o.d.PodServiceAccountResource - [helminit] Desired PodServiceAccountResource (serviceAccountName: hivemq-platform-pod-test-hivemq-platform)
2025-01-28 23:35:29,579 INFO c.h.h.t.HelmChartContainer - [hivemq-test-hivemq-platform] [hivemq-platform-operator] [6fc873e9] 23:35:29.579 [pool-6-thread-7] DEBUG c.h.p.o.d.PodServiceAccountResource - [helminit] Create ServiceAccount 'hivemq-platform-pod-test-hivemq-platform'
2025-01-28 23:35:29,679 INFO c.h.h.t.HelmChartContainer - [hivemq-test-hivemq-platform] [hivemq-platform-operator] [6fc873e9] 23:35:29.678 [pool-6-thread-10] DEBUG c.h.p.o.d.PodRoleBindingResource - [helminit] Create RoleBinding: RoleBinding(apiVersion=rbac.authorization.k8s.io/v1, kind=RoleBinding, metadata=ObjectMeta(annotations={meta.helm.sh/release-name=test-hivemq-platform, meta.helm.sh/release-namespace=helminitcontainerit}, creationTimestamp=null, deletionGracePeriodSeconds=null, deletionTimestamp=null, finalizers=[], generateName=null, generation=null, labels={helm.sh/chart=hivemq-platform-0.2.32, app.kubernetes.io/managed-by=Helm, app.kubernetes.io/name=hivemq-platform, hivemq-platform=test-hivemq-platform, app.kubernetes.io/instance=test-hivemq-platform, app.kubernetes.io/version=4.36.0}, managedFields=[], name=hivemq-platform-role-binding-test-hivemq-platform, namespace=helminitcontainerit, ownerReferences=[OwnerReference(apiVersion=hivemq.com/v1, blockOwnerDeletion=null, controller=null, kind=HiveMQPlatform, name=test-hivemq-platform, uid=b790f054-87ee-415f-bc52-29a5e88d7c08, additionalProperties={})], resourceVersion=null, selfLink=null, uid=null, additionalProperties={}), roleRef=RoleRef(apiGroup=rbac.authorization.k8s.io, kind=Role, name=hivemq-platform-role-test-hivemq-platform, additionalProperties={}), subjects=[Subject(apiGroup=null, kind=ServiceAccount, name=hivemq-platform-pod-test-hivemq-platform, namespace=helminitcontainerit, additionalProperties={})], additionalProperties={})
2025-01-28 23:35:29,757 INFO c.h.h.t.HelmChartContainer - [hivemq-test-hivemq-platform] [hivemq-platform-operator] [6fc873e9] 23:35:29.756 [ReconcilerExecutor-hivemq-controller-53] INFO  c.h.p.o.HiveMQPlatformReconciler - [helminit] Reconciling HiveMQ Platform 'test-hivemq-platform' in namespace 'helminitcontainerit'
2025-01-28 23:35:29,759 INFO c.h.h.t.HelmChartContainer - [hivemq-test-hivemq-platform] [hivemq-platform-operator] [6fc873e9] 23:35:29.757 [ReconcilerExecutor-hivemq-controller-53] DEBUG c.h.p.o.HiveMQPlatformReconciler - [helminit] Custom Resource Status CREATED - HiveMQ Platform was created (READY)
2025-01-28 23:35:29,759 INFO c.h.h.t.HelmChartContainer - [hivemq-test-hivemq-platform] [hivemq-platform-operator] [6fc873e9] 23:35:29.757 [ReconcilerExecutor-hivemq-controller-53] DEBUG c.h.p.o.HiveMQPlatformReconciler - [helminit] Custom Resource Spec (replicas: 1) (extensions: 1)
2025-01-28 23:35:29,776 INFO c.h.h.t.HelmChartContainer - [hivemq-test-hivemq-platform] [hivemq-platform-operator] [6fc873e9] 23:35:29.773 [ReconcilerExecutor-hivemq-controller-53] INFO  c.h.p.o.h.HiveMQPlatformReconcilerBaseHandler - [helminit] HiveMQ Platform is starting
2025-01-28 23:35:29,878 INFO c.h.h.t.HelmChartContainer - [hivemq-test-hivemq-platform] [hivemq-platform-operator] [6fc873e9] 23:35:29.877 [ReconcilerExecutor-hivemq-controller-53] DEBUG c.h.p.operator.event.EventSender - [helminit] Creating K8s event hivemq-platform-starting: [Start] HiveMQ Platform is starting
2025-01-28 23:35:29,889 INFO c.h.h.t.HelmChartContainer - [EVENT] Normal [Start] HiveMQ Platform is starting [helminitcontainerit:test-hivemq-platform]
2025-01-28 23:35:29,955 INFO c.h.h.t.HelmChartContainer - [hivemq-test-hivemq-platform] [hivemq-platform-operator] [6fc873e9] 23:35:29.954 [ReconcilerExecutor-hivemq-controller-53] INFO  c.h.p.o.h.AbstractHiveMQReconcilerStateHandler - [helminit] Update HiveMQ Platform Status (CREATED [READY] -> STARTING [READY]): HiveMQ Platform is starting
2025-01-28 23:35:29,986 DEBUG com.hivemq.helmcharts.util.K8sUtil - Comparing actual state 'STARTING' and waiting for 'RUNNING'
2025-01-28 23:35:39,993 INFO c.h.h.t.HelmChartContainer - [hivemq-test-hivemq-platform] [hivemq-platform-operator] [6fc873e9] 23:35:39.990 [pool-6-thread-12] DEBUG c.h.p.o.d.PlatformServiceResource - [helminit] Desired Platform services (3 services)
2025-01-28 23:35:39,996 INFO c.h.h.t.HelmChartContainer - [hivemq-test-hivemq-platform] [hivemq-platform-operator] [6fc873e9] 23:35:39.992 [pool-6-thread-13] DEBUG c.h.p.o.dependants.PodInfoConfigMap - [helminit] Desired PodInfo ConfigMap (1 extensions) (1 enabled)
2025-01-28 23:35:39,996 INFO c.h.h.t.HelmChartContainer - [hivemq-test-hivemq-platform] [hivemq-platform-operator] [6fc873e9] 23:35:39.992 [pool-6-thread-13] DEBUG c.h.p.o.dependants.PodInfoConfigMap - [helminit] Desired PodInfo ConfigMap (metrics port: 9399) (metrics path: /)
2025-01-28 23:35:39,997 INFO c.h.h.t.HelmChartContainer - [hivemq-test-hivemq-platform] [hivemq-platform-operator] [6fc873e9] 23:35:39.992 [pool-6-thread-13] DEBUG c.h.p.o.dependants.PodInfoConfigMap - [helminit] Desired PodInfo ConfigMap (extension state hash: -1817474005)
2025-01-28 23:35:39,998 INFO c.h.h.t.HelmChartContainer - [hivemq-test-hivemq-platform] [hivemq-platform-operator] [6fc873e9] 23:35:39.997 [pool-6-thread-17] DEBUG c.h.p.o.d.PodServiceAccountResource - [helminit] Desired PodServiceAccountResource (serviceAccountName: hivemq-platform-pod-test-hivemq-platform)
2025-01-28 23:35:40,002 INFO c.h.h.t.HelmChartContainer - [hivemq-test-hivemq-platform] [hivemq-platform-operator] [6fc873e9] 23:35:40.001 [pool-6-thread-13] DEBUG c.h.p.o.dependants.PodInfoConfigMap - [helminit] Update PodInfo ConfigMap
2025-01-28 23:35:40,006 INFO c.h.h.t.HelmChartContainer - [K3S] [alloc.go:330] "allocated clusterIPs" service="helminitcontainerit/hivemq-test-hivemq-platform-cc-8080" clusterIPs={"IPv4":"10.43.183.248"}
2025-01-28 23:35:40,089 INFO c.h.h.t.HelmChartContainer - [K3S] [alloc.go:330] "allocated clusterIPs" service="helminitcontainerit/hivemq-test-hivemq-platform-metrics-9399" clusterIPs={"IPv4":"10.43.60.98"}
2025-01-28 23:35:40,180 INFO c.h.h.t.HelmChartContainer - [K3S] [alloc.go:330] "allocated clusterIPs" service="helminitcontainerit/hivemq-test-hivemq-platform-mqtt-1883" clusterIPs={"IPv4":"10.43.135.169"}
2025-01-28 23:35:40,188 INFO c.h.h.t.HelmChartContainer - [hivemq-test-hivemq-platform] [hivemq-platform-operator] [6fc873e9] 23:35:40.186 [pool-6-thread-20] DEBUG c.h.p.o.d.StatefulSetResource - [helminit] Desired StatefulSet (1 replicas) for status STARTING (READY)
2025-01-28 23:35:40,275 INFO c.h.h.t.HelmChartContainer - [hivemq-test-hivemq-platform] [hivemq-platform-operator] [6fc873e9] 23:35:40.274 [pool-6-thread-20] DEBUG c.h.p.o.d.StatefulSetResource - [helminit] Create StatefulSet
2025-01-28 23:35:40,302 INFO c.h.h.t.HelmChartContainer - [POD] test-hivemq-platform-0 [dc023177-4b3c-4bd5-94bc-7619dd3b1afb] in helminitcontainerit was ADDED
2025-01-28 23:35:40,305 INFO c.h.h.t.HelmChartContainer - [EVENT] Normal [SuccessfulCreate] create Pod test-hivemq-platform-0 in StatefulSet test-hivemq-platform successful [helminitcontainerit:test-hivemq-platform]
2025-01-28 23:35:40,307 INFO c.h.h.t.HelmChartContainer - [POD] test-hivemq-platform-0 [dc023177-4b3c-4bd5-94bc-7619dd3b1afb] in helminitcontainerit was MODIFIED
2025-01-28 23:35:40,308 INFO c.h.h.t.HelmChartContainer - [EVENT] Normal [Scheduled] Successfully assigned helminitcontainerit/test-hivemq-platform-0 to 59fa806875ec [helminitcontainerit:test-hivemq-platform-0]
2025-01-28 23:35:40,320 INFO c.h.h.t.HelmChartContainer - [POD] test-hivemq-platform-0 [dc023177-4b3c-4bd5-94bc-7619dd3b1afb] in helminitcontainerit was MODIFIED
2025-01-28 23:35:40,382 INFO c.h.h.t.HelmChartContainer - [hivemq-test-hivemq-platform] [hivemq-platform-operator] [6fc873e9] 23:35:40.377 [ReconcilerExecutor-hivemq-controller-64] INFO  c.h.p.o.HiveMQPlatformReconciler - [helminit] Reconciling HiveMQ Platform 'test-hivemq-platform' in namespace 'helminitcontainerit'
2025-01-28 23:35:40,382 INFO c.h.h.t.HelmChartContainer - [hivemq-test-hivemq-platform] [hivemq-platform-operator] [6fc873e9] 23:35:40.380 [ReconcilerExecutor-hivemq-controller-64] DEBUG c.h.p.o.HiveMQPlatformReconciler - [helminit] Custom Resource Status STARTING - HiveMQ Platform is starting (READY)
2025-01-28 23:35:40,382 INFO c.h.h.t.HelmChartContainer - [hivemq-test-hivemq-platform] [hivemq-platform-operator] [6fc873e9] 23:35:40.380 [ReconcilerExecutor-hivemq-controller-64] DEBUG c.h.p.o.HiveMQPlatformReconciler - [helminit] Custom Resource Spec (replicas: 1) (extensions: 1)
2025-01-28 23:35:40,387 INFO c.h.h.t.HelmChartContainer - [hivemq-test-hivemq-platform] [hivemq-platform-operator] [6fc873e9] 23:35:40.386 [ReconcilerExecutor-hivemq-controller-64] DEBUG c.h.p.o.HiveMQPlatformReconciler - [helminit] StatefulSet Status (revision: null, replicas: 0, available: 0, ready: 0, current: 0, updated: 0)
2025-01-28 23:35:40,388 INFO c.h.h.t.HelmChartContainer - [hivemq-test-hivemq-platform] [hivemq-platform-operator] [6fc873e9] 23:35:40.386 [ReconcilerExecutor-hivemq-controller-64] DEBUG c.h.p.o.HiveMQPlatformReconciler - [helminit] StatefulSet Spec (replicas: 1, init containers: 2, containers: 1, volumes: 4)
2025-01-28 23:35:40,396 INFO c.h.h.t.HelmChartContainer - [K3S] [reconciler_common.go:251] "operationExecutor.VerifyControllerAttachedVolume started for volume \"pod-info\" (UniqueName: \"kubernetes.io/configmap/dc023177-4b3c-4bd5-94bc-7619dd3b1afb-pod-info\") pod \"test-hivemq-platform-0\" (UID: \"dc023177-4b3c-4bd5-94bc-7619dd3b1afb\") " pod="helminitcontainerit/test-hivemq-platform-0"
2025-01-28 23:35:40,397 INFO c.h.h.t.HelmChartContainer - [K3S] [reconciler_common.go:251] "operationExecutor.VerifyControllerAttachedVolume started for volume \"operator-init\" (UniqueName: \"kubernetes.io/empty-dir/dc023177-4b3c-4bd5-94bc-7619dd3b1afb-operator-init\") pod \"test-hivemq-platform-0\" (UID: \"dc023177-4b3c-4bd5-94bc-7619dd3b1afb\") " pod="helminitcontainerit/test-hivemq-platform-0"
2025-01-28 23:35:40,397 INFO c.h.h.t.HelmChartContainer - [K3S] [reconciler_common.go:251] "operationExecutor.VerifyControllerAttachedVolume started for volume \"broker-configuration\" (UniqueName: \"kubernetes.io/configmap/dc023177-4b3c-4bd5-94bc-7619dd3b1afb-broker-configuration\") pod \"test-hivemq-platform-0\" (UID: \"dc023177-4b3c-4bd5-94bc-7619dd3b1afb\") " pod="helminitcontainerit/test-hivemq-platform-0"
2025-01-28 23:35:40,397 INFO c.h.h.t.HelmChartContainer - [K3S] [reconciler_common.go:251] "operationExecutor.VerifyControllerAttachedVolume started for volume \"init-container-volume\" (UniqueName: \"kubernetes.io/empty-dir/dc023177-4b3c-4bd5-94bc-7619dd3b1afb-init-container-volume\") pod \"test-hivemq-platform-0\" (UID: \"dc023177-4b3c-4bd5-94bc-7619dd3b1afb\") " pod="helminitcontainerit/test-hivemq-platform-0"
2025-01-28 23:35:40,397 INFO c.h.h.t.HelmChartContainer - [K3S] [reconciler_common.go:251] "operationExecutor.VerifyControllerAttachedVolume started for volume \"kube-api-access-l6rfg\" (UniqueName: \"kubernetes.io/projected/dc023177-4b3c-4bd5-94bc-7619dd3b1afb-kube-api-access-l6rfg\") pod \"test-hivemq-platform-0\" (UID: \"dc023177-4b3c-4bd5-94bc-7619dd3b1afb\") " pod="helminitcontainerit/test-hivemq-platform-0"
2025-01-28 23:35:40,487 INFO c.h.h.t.HelmChartContainer - [hivemq-test-hivemq-platform] [hivemq-platform-operator] [6fc873e9] 23:35:40.486 [ReconcilerExecutor-hivemq-controller-64] DEBUG c.h.p.o.h.HiveMQPlatformReconcilerErrorHandler - [helminit] Pod 'test-hivemq-platform-0' phase Pending
2025-01-28 23:35:40,488 INFO c.h.h.t.HelmChartContainer - [hivemq-test-hivemq-platform] [hivemq-platform-operator] [6fc873e9] 23:35:40.487 [ReconcilerExecutor-hivemq-controller-64] DEBUG c.h.p.o.h.HiveMQPlatformReconcilerErrorHandler - [helminit] Pod 'test-hivemq-platform-0' condition 'PodReadyToStartContainers': False
2025-01-28 23:35:40,489 INFO c.h.h.t.HelmChartContainer - [hivemq-test-hivemq-platform] [hivemq-platform-operator] [6fc873e9] 23:35:40.488 [ReconcilerExecutor-hivemq-controller-64] DEBUG c.h.p.o.h.HiveMQPlatformReconcilerErrorHandler - [helminit] Pod 'test-hivemq-platform-0' condition 'Initialized': False
2025-01-28 23:35:40,489 INFO c.h.h.t.HelmChartContainer - [hivemq-test-hivemq-platform] [hivemq-platform-operator] [6fc873e9] 23:35:40.488 [ReconcilerExecutor-hivemq-controller-64] DEBUG c.h.p.o.h.HiveMQPlatformReconcilerErrorHandler - [helminit] Pod 'test-hivemq-platform-0' condition 'Ready': False
2025-01-28 23:35:40,489 INFO c.h.h.t.HelmChartContainer - [hivemq-test-hivemq-platform] [hivemq-platform-operator] [6fc873e9] 23:35:40.488 [ReconcilerExecutor-hivemq-controller-64] DEBUG c.h.p.o.h.HiveMQPlatformReconcilerErrorHandler - [helminit] Pod 'test-hivemq-platform-0' condition 'ContainersReady': False
2025-01-28 23:35:40,489 INFO c.h.h.t.HelmChartContainer - [hivemq-test-hivemq-platform] [hivemq-platform-operator] [6fc873e9] 23:35:40.488 [ReconcilerExecutor-hivemq-controller-64] DEBUG c.h.p.o.h.HiveMQPlatformReconcilerErrorHandler - [helminit] Pod 'test-hivemq-platform-0' condition 'PodScheduled': True
2025-01-28 23:35:40,489 INFO c.h.h.t.HelmChartContainer - [hivemq-test-hivemq-platform] [hivemq-platform-operator] [6fc873e9] 23:35:40.488 [ReconcilerExecutor-hivemq-controller-64] DEBUG c.h.p.o.h.HiveMQPlatformReconcilerErrorHandler - [helminit] Pod 'test-hivemq-platform-0' containerStatus 'hivemq' (started: false) (ready: false) (waiting: [PodInitializing] null)
2025-01-28 23:35:40,491 INFO c.h.h.t.HelmChartContainer - [hivemq-test-hivemq-platform] [hivemq-platform-operator] [6fc873e9] 23:35:40.490 [ReconcilerExecutor-hivemq-controller-64] INFO  c.h.p.o.h.HiveMQPlatformReconcilerBaseHandler - [helminit] HiveMQ Platform is starting, 0 of 1 replicas are ready
2025-01-28 23:35:40,578 INFO c.h.h.t.HelmChartContainer - [hivemq-test-hivemq-platform] [hivemq-platform-operator] [6fc873e9] 23:35:40.574 [pool-6-thread-22] DEBUG c.h.p.o.d.PlatformServiceResource - [helminit] Desired Platform services (3 services)
2025-01-28 23:35:40,579 INFO c.h.h.t.HelmChartContainer - [hivemq-test-hivemq-platform] [hivemq-platform-operator] [6fc873e9] 23:35:40.578 [pool-6-thread-23] DEBUG c.h.p.o.dependants.PodInfoConfigMap - [helminit] Desired PodInfo ConfigMap (1 extensions) (1 enabled)
2025-01-28 23:35:40,579 INFO c.h.h.t.HelmChartContainer - [hivemq-test-hivemq-platform] [hivemq-platform-operator] [6fc873e9] 23:35:40.578 [pool-6-thread-23] DEBUG c.h.p.o.dependants.PodInfoConfigMap - [helminit] Desired PodInfo ConfigMap (metrics port: 9399) (metrics path: /)
2025-01-28 23:35:40,583 INFO c.h.h.t.HelmChartContainer - [hivemq-test-hivemq-platform] [hivemq-platform-operator] [6fc873e9] 23:35:40.578 [pool-6-thread-23] DEBUG c.h.p.o.dependants.PodInfoConfigMap - [helminit] Desired PodInfo ConfigMap (extension state hash: -1817474005)
2025-01-28 23:35:40,585 INFO c.h.h.t.HelmChartContainer - [hivemq-test-hivemq-platform] [hivemq-platform-operator] [6fc873e9] 23:35:40.584 [pool-6-thread-27] DEBUG c.h.p.o.d.PodServiceAccountResource - [helminit] Desired PodServiceAccountResource (serviceAccountName: hivemq-platform-pod-test-hivemq-platform)
2025-01-28 23:35:40,593 INFO c.h.h.t.HelmChartContainer - [hivemq-test-hivemq-platform] [hivemq-platform-operator] [6fc873e9] 23:35:40.592 [pool-6-thread-30] DEBUG c.h.p.o.d.StatefulSetResource - [helminit] Desired StatefulSet (1 replicas) for status STARTING (READY)
2025-01-28 23:35:40,685 INFO c.h.h.t.HelmChartContainer - [hivemq-test-hivemq-platform] [hivemq-platform-operator] [6fc873e9] 23:35:40.682 [ReconcilerExecutor-hivemq-controller-75] INFO  c.h.p.o.HiveMQPlatformReconciler - [helminit] Reconciling HiveMQ Platform 'test-hivemq-platform' in namespace 'helminitcontainerit'
2025-01-28 23:35:40,686 INFO c.h.h.t.HelmChartContainer - [hivemq-test-hivemq-platform] [hivemq-platform-operator] [6fc873e9] 23:35:40.682 [ReconcilerExecutor-hivemq-controller-75] DEBUG c.h.p.o.HiveMQPlatformReconciler - [helminit] Custom Resource Status STARTING - HiveMQ Platform is starting (READY)
2025-01-28 23:35:40,686 INFO c.h.h.t.HelmChartContainer - [hivemq-test-hivemq-platform] [hivemq-platform-operator] [6fc873e9] 23:35:40.683 [ReconcilerExecutor-hivemq-controller-75] DEBUG c.h.p.o.HiveMQPlatformReconciler - [helminit] Custom Resource Spec (replicas: 1) (extensions: 1)
2025-01-28 23:35:40,689 INFO c.h.h.t.HelmChartContainer - [hivemq-test-hivemq-platform] [hivemq-platform-operator] [6fc873e9] 23:35:40.688 [ReconcilerExecutor-hivemq-controller-75] DEBUG c.h.p.o.HiveMQPlatformReconciler - [helminit] StatefulSet Status (revision: test-hivemq-platform-bdc69c5dd, replicas: 1, available: 0, ready: 0, current: 1, updated: 1)
2025-01-28 23:35:40,691 INFO c.h.h.t.HelmChartContainer - [hivemq-test-hivemq-platform] [hivemq-platform-operator] [6fc873e9] 23:35:40.689 [ReconcilerExecutor-hivemq-controller-75] DEBUG c.h.p.o.HiveMQPlatformReconciler - [helminit] StatefulSet Spec (replicas: 1, init containers: 2, containers: 1, volumes: 4)
2025-01-28 23:35:40,696 INFO c.h.h.t.HelmChartContainer - [hivemq-test-hivemq-platform] [hivemq-platform-operator] [6fc873e9] 23:35:40.693 [ReconcilerExecutor-hivemq-controller-75] DEBUG c.h.p.o.h.HiveMQPlatformReconcilerErrorHandler - [helminit] Pod 'test-hivemq-platform-0' phase Pending
2025-01-28 23:35:40,696 INFO c.h.h.t.HelmChartContainer - [hivemq-test-hivemq-platform] [hivemq-platform-operator] [6fc873e9] 23:35:40.694 [ReconcilerExecutor-hivemq-controller-75] DEBUG c.h.p.o.h.HiveMQPlatformReconcilerErrorHandler - [helminit] Pod 'test-hivemq-platform-0' condition 'PodReadyToStartContainers': False
2025-01-28 23:35:40,696 INFO c.h.h.t.HelmChartContainer - [hivemq-test-hivemq-platform] [hivemq-platform-operator] [6fc873e9] 23:35:40.694 [ReconcilerExecutor-hivemq-controller-75] DEBUG c.h.p.o.h.HiveMQPlatformReconcilerErrorHandler - [helminit] Pod 'test-hivemq-platform-0' condition 'Initialized': False
2025-01-28 23:35:40,696 INFO c.h.h.t.HelmChartContainer - [hivemq-test-hivemq-platform] [hivemq-platform-operator] [6fc873e9] 23:35:40.694 [ReconcilerExecutor-hivemq-controller-75] DEBUG c.h.p.o.h.HiveMQPlatformReconcilerErrorHandler - [helminit] Pod 'test-hivemq-platform-0' condition 'Ready': False
2025-01-28 23:35:40,696 INFO c.h.h.t.HelmChartContainer - [hivemq-test-hivemq-platform] [hivemq-platform-operator] [6fc873e9] 23:35:40.694 [ReconcilerExecutor-hivemq-controller-75] DEBUG c.h.p.o.h.HiveMQPlatformReconcilerErrorHandler - [helminit] Pod 'test-hivemq-platform-0' condition 'ContainersReady': False
2025-01-28 23:35:40,696 INFO c.h.h.t.HelmChartContainer - [hivemq-test-hivemq-platform] [hivemq-platform-operator] [6fc873e9] 23:35:40.694 [ReconcilerExecutor-hivemq-controller-75] DEBUG c.h.p.o.h.HiveMQPlatformReconcilerErrorHandler - [helminit] Pod 'test-hivemq-platform-0' condition 'PodScheduled': True
2025-01-28 23:35:40,696 INFO c.h.h.t.HelmChartContainer - [hivemq-test-hivemq-platform] [hivemq-platform-operator] [6fc873e9] 23:35:40.694 [ReconcilerExecutor-hivemq-controller-75] DEBUG c.h.p.o.h.HiveMQPlatformReconcilerErrorHandler - [helminit] Pod 'test-hivemq-platform-0' containerStatus 'hivemq' (started: false) (ready: false) (waiting: [PodInitializing] null)
2025-01-28 23:35:40,697 INFO c.h.h.t.HelmChartContainer - [hivemq-test-hivemq-platform] [hivemq-platform-operator] [6fc873e9] 23:35:40.695 [ReconcilerExecutor-hivemq-controller-75] INFO  c.h.p.o.h.HiveMQPlatformReconcilerBaseHandler - [helminit] HiveMQ Platform is starting, 0 of 1 replicas are ready
2025-01-28 23:35:40,709 INFO c.h.h.t.HelmChartContainer - [EVENT] Normal [Pulling] Pulling image "busybox" [helminitcontainerit:test-hivemq-platform-0]
2025-01-28 23:35:41,455 INFO c.h.h.t.HelmChartContainer - [EVENT] Normal [Pulled] Successfully pulled image "busybox" in 746ms (746ms including waiting). Image size: 2167089 bytes. [helminitcontainerit:test-hivemq-platform-0]
2025-01-28 23:35:41,461 INFO c.h.h.t.HelmChartContainer - [EVENT] Normal [Created] Created container: test-init-container [helminitcontainerit:test-hivemq-platform-0]
2025-01-28 23:35:41,501 INFO c.h.h.t.HelmChartContainer - [EVENT] Normal [Started] Started container test-init-container [helminitcontainerit:test-hivemq-platform-0]
2025-01-28 23:35:41,515 INFO c.h.h.t.HelmChartContainer - [POD] test-hivemq-platform-0 [dc023177-4b3c-4bd5-94bc-7619dd3b1afb] in helminitcontainerit was MODIFIED
2025-01-28 23:35:41,532 INFO c.h.h.t.HelmChartContainer - [hivemq-test-hivemq-platform] [hivemq-platform-operator] [6fc873e9] 23:35:41.528 [pool-6-thread-32] DEBUG c.h.p.o.d.PlatformServiceResource - [helminit] Desired Platform services (3 services)
2025-01-28 23:35:41,538 INFO c.h.h.t.HelmChartContainer - [hivemq-test-hivemq-platform] [hivemq-platform-operator] [6fc873e9] 23:35:41.534 [pool-6-thread-33] DEBUG c.h.p.o.dependants.PodInfoConfigMap - [helminit] Desired PodInfo ConfigMap (1 extensions) (1 enabled)
2025-01-28 23:35:41,538 INFO c.h.h.t.HelmChartContainer - [hivemq-test-hivemq-platform] [hivemq-platform-operator] [6fc873e9] 23:35:41.534 [pool-6-thread-33] DEBUG c.h.p.o.dependants.PodInfoConfigMap - [helminit] Desired PodInfo ConfigMap (metrics port: 9399) (metrics path: /)
2025-01-28 23:35:41,538 INFO c.h.h.t.HelmChartContainer - [hivemq-test-hivemq-platform] [hivemq-platform-operator] [6fc873e9] 23:35:41.534 [pool-6-thread-33] DEBUG c.h.p.o.dependants.PodInfoConfigMap - [helminit] Desired PodInfo ConfigMap (extension state hash: -1817474005)
2025-01-28 23:35:41,543 INFO c.h.h.t.HelmChartContainer - [hivemq-test-hivemq-platform] [hivemq-platform-operator] [6fc873e9] 23:35:41.542 [pool-6-thread-37] DEBUG c.h.p.o.d.PodServiceAccountResource - [helminit] Desired PodServiceAccountResource (serviceAccountName: hivemq-platform-pod-test-hivemq-platform)
2025-01-28 23:35:41,580 INFO c.h.h.t.HelmChartContainer - [hivemq-test-hivemq-platform] [hivemq-platform-operator] [6fc873e9] 23:35:41.579 [pool-6-thread-40] DEBUG c.h.p.o.d.StatefulSetResource - [helminit] Desired StatefulSet (1 replicas) for status STARTING (READY)
2025-01-28 23:35:41,589 INFO c.h.h.t.HelmChartContainer - [hivemq-test-hivemq-platform] [hivemq-platform-operator] [6fc873e9] 23:35:41.584 [ReconcilerExecutor-hivemq-controller-86] INFO  c.h.p.o.HiveMQPlatformReconciler - [helminit] Reconciling HiveMQ Platform 'test-hivemq-platform' in namespace 'helminitcontainerit'
2025-01-28 23:35:41,589 INFO c.h.h.t.HelmChartContainer - [hivemq-test-hivemq-platform] [hivemq-platform-operator] [6fc873e9] 23:35:41.584 [ReconcilerExecutor-hivemq-controller-86] DEBUG c.h.p.o.HiveMQPlatformReconciler - [helminit] Custom Resource Status STARTING - HiveMQ Platform is starting (READY)
2025-01-28 23:35:41,589 INFO c.h.h.t.HelmChartContainer - [hivemq-test-hivemq-platform] [hivemq-platform-operator] [6fc873e9] 23:35:41.585 [ReconcilerExecutor-hivemq-controller-86] DEBUG c.h.p.o.HiveMQPlatformReconciler - [helminit] Custom Resource Spec (replicas: 1) (extensions: 1)
2025-01-28 23:35:41,590 INFO c.h.h.t.HelmChartContainer - [hivemq-test-hivemq-platform] [hivemq-platform-operator] [6fc873e9] 23:35:41.587 [ReconcilerExecutor-hivemq-controller-86] DEBUG c.h.p.o.HiveMQPlatformReconciler - [helminit] StatefulSet Status (revision: test-hivemq-platform-bdc69c5dd, replicas: 1, available: 0, ready: 0, current: 1, updated: 1)
2025-01-28 23:35:41,590 INFO c.h.h.t.HelmChartContainer - [hivemq-test-hivemq-platform] [hivemq-platform-operator] [6fc873e9] 23:35:41.588 [ReconcilerExecutor-hivemq-controller-86] DEBUG c.h.p.o.HiveMQPlatformReconciler - [helminit] StatefulSet Spec (replicas: 1, init containers: 2, containers: 1, volumes: 4)
2025-01-28 23:35:41,592 INFO c.h.h.t.HelmChartContainer - [hivemq-test-hivemq-platform] [hivemq-platform-operator] [6fc873e9] 23:35:41.591 [ReconcilerExecutor-hivemq-controller-86] DEBUG c.h.p.o.h.HiveMQPlatformReconcilerErrorHandler - [helminit] Pod 'test-hivemq-platform-0' phase Pending
2025-01-28 23:35:41,594 INFO c.h.h.t.HelmChartContainer - [hivemq-test-hivemq-platform] [hivemq-platform-operator] [6fc873e9] 23:35:41.591 [ReconcilerExecutor-hivemq-controller-86] DEBUG c.h.p.o.h.HiveMQPlatformReconcilerErrorHandler - [helminit] Pod 'test-hivemq-platform-0' condition 'PodReadyToStartContainers': True
2025-01-28 23:35:41,594 INFO c.h.h.t.HelmChartContainer - [hivemq-test-hivemq-platform] [hivemq-platform-operator] [6fc873e9] 23:35:41.591 [ReconcilerExecutor-hivemq-controller-86] DEBUG c.h.p.o.h.HiveMQPlatformReconcilerErrorHandler - [helminit] Pod 'test-hivemq-platform-0' condition 'Initialized': False
2025-01-28 23:35:41,595 INFO c.h.h.t.HelmChartContainer - [hivemq-test-hivemq-platform] [hivemq-platform-operator] [6fc873e9] 23:35:41.591 [ReconcilerExecutor-hivemq-controller-86] DEBUG c.h.p.o.h.HiveMQPlatformReconcilerErrorHandler - [helminit] Pod 'test-hivemq-platform-0' condition 'Ready': False
2025-01-28 23:35:41,595 INFO c.h.h.t.HelmChartContainer - [hivemq-test-hivemq-platform] [hivemq-platform-operator] [6fc873e9] 23:35:41.591 [ReconcilerExecutor-hivemq-controller-86] DEBUG c.h.p.o.h.HiveMQPlatformReconcilerErrorHandler - [helminit] Pod 'test-hivemq-platform-0' condition 'ContainersReady': False
2025-01-28 23:35:41,595 INFO c.h.h.t.HelmChartContainer - [hivemq-test-hivemq-platform] [hivemq-platform-operator] [6fc873e9] 23:35:41.591 [ReconcilerExecutor-hivemq-controller-86] DEBUG c.h.p.o.h.HiveMQPlatformReconcilerErrorHandler - [helminit] Pod 'test-hivemq-platform-0' condition 'PodScheduled': True
2025-01-28 23:35:41,595 INFO c.h.h.t.HelmChartContainer - [hivemq-test-hivemq-platform] [hivemq-platform-operator] [6fc873e9] 23:35:41.592 [ReconcilerExecutor-hivemq-controller-86] DEBUG c.h.p.o.h.HiveMQPlatformReconcilerErrorHandler - [helminit] Pod 'test-hivemq-platform-0' containerStatus 'hivemq' (started: false) (ready: false) (waiting: [PodInitializing] null)
2025-01-28 23:35:41,595 INFO c.h.h.t.HelmChartContainer - [hivemq-test-hivemq-platform] [hivemq-platform-operator] [6fc873e9] 23:35:41.592 [ReconcilerExecutor-hivemq-controller-86] INFO  c.h.p.o.h.HiveMQPlatformReconcilerBaseHandler - [helminit] HiveMQ Platform is starting, 0 of 1 replicas are ready
2025-01-28 23:35:42,507 INFO c.h.h.t.HelmChartContainer - [EVENT] Normal [Pulled] Container image "docker.io/hivemq/hivemq-platform-operator-init-test:snapshot" already present on machine [helminitcontainerit:test-hivemq-platform-0]
2025-01-28 23:35:42,516 INFO c.h.h.t.HelmChartContainer - [POD] test-hivemq-platform-0 [dc023177-4b3c-4bd5-94bc-7619dd3b1afb] in helminitcontainerit was MODIFIED
2025-01-28 23:35:42,532 INFO c.h.h.t.HelmChartContainer - [hivemq-test-hivemq-platform] [hivemq-platform-operator] [6fc873e9] 23:35:42.529 [pool-6-thread-42] DEBUG c.h.p.o.d.PlatformServiceResource - [helminit] Desired Platform services (3 services)
2025-01-28 23:35:42,532 INFO c.h.h.t.HelmChartContainer - [hivemq-test-hivemq-platform] [hivemq-platform-operator] [6fc873e9] 23:35:42.530 [pool-6-thread-43] DEBUG c.h.p.o.dependants.PodInfoConfigMap - [helminit] Desired PodInfo ConfigMap (1 extensions) (1 enabled)
2025-01-28 23:35:42,532 INFO c.h.h.t.HelmChartContainer - [hivemq-test-hivemq-platform] [hivemq-platform-operator] [6fc873e9] 23:35:42.530 [pool-6-thread-43] DEBUG c.h.p.o.dependants.PodInfoConfigMap - [helminit] Desired PodInfo ConfigMap (metrics port: 9399) (metrics path: /)
2025-01-28 23:35:42,532 INFO c.h.h.t.HelmChartContainer - [hivemq-test-hivemq-platform] [hivemq-platform-operator] [6fc873e9] 23:35:42.530 [pool-6-thread-43] DEBUG c.h.p.o.dependants.PodInfoConfigMap - [helminit] Desired PodInfo ConfigMap (extension state hash: -1817474005)
2025-01-28 23:35:42,538 INFO c.h.h.t.HelmChartContainer - [hivemq-test-hivemq-platform] [hivemq-platform-operator] [6fc873e9] 23:35:42.535 [pool-6-thread-47] DEBUG c.h.p.o.d.PodServiceAccountResource - [helminit] Desired PodServiceAccountResource (serviceAccountName: hivemq-platform-pod-test-hivemq-platform)
2025-01-28 23:35:42,578 INFO c.h.h.t.HelmChartContainer - [hivemq-test-hivemq-platform] [hivemq-platform-operator] [6fc873e9] 23:35:42.575 [pool-6-thread-50] DEBUG c.h.p.o.d.StatefulSetResource - [helminit] Desired StatefulSet (1 replicas) for status STARTING (READY)
2025-01-28 23:35:42,582 INFO c.h.h.t.HelmChartContainer - [hivemq-test-hivemq-platform] [hivemq-platform-operator] [6fc873e9] 23:35:42.581 [ReconcilerExecutor-hivemq-controller-97] INFO  c.h.p.o.HiveMQPlatformReconciler - [helminit] Reconciling HiveMQ Platform 'test-hivemq-platform' in namespace 'helminitcontainerit'
2025-01-28 23:35:42,585 INFO c.h.h.t.HelmChartContainer - [hivemq-test-hivemq-platform] [hivemq-platform-operator] [6fc873e9] 23:35:42.581 [ReconcilerExecutor-hivemq-controller-97] DEBUG c.h.p.o.HiveMQPlatformReconciler - [helminit] Custom Resource Status STARTING - HiveMQ Platform is starting (READY)
2025-01-28 23:35:42,585 INFO c.h.h.t.HelmChartContainer - [hivemq-test-hivemq-platform] [hivemq-platform-operator] [6fc873e9] 23:35:42.581 [ReconcilerExecutor-hivemq-controller-97] DEBUG c.h.p.o.HiveMQPlatformReconciler - [helminit] Custom Resource Spec (replicas: 1) (extensions: 1)
2025-01-28 23:35:42,585 INFO c.h.h.t.HelmChartContainer - [hivemq-test-hivemq-platform] [hivemq-platform-operator] [6fc873e9] 23:35:42.584 [ReconcilerExecutor-hivemq-controller-97] DEBUG c.h.p.o.HiveMQPlatformReconciler - [helminit] StatefulSet Status (revision: test-hivemq-platform-bdc69c5dd, replicas: 1, available: 0, ready: 0, current: 1, updated: 1)
2025-01-28 23:35:42,585 INFO c.h.h.t.HelmChartContainer - [hivemq-test-hivemq-platform] [hivemq-platform-operator] [6fc873e9] 23:35:42.584 [ReconcilerExecutor-hivemq-controller-97] DEBUG c.h.p.o.HiveMQPlatformReconciler - [helminit] StatefulSet Spec (replicas: 1, init containers: 2, containers: 1, volumes: 4)
2025-01-28 23:35:42,588 INFO c.h.h.t.HelmChartContainer - [hivemq-test-hivemq-platform] [hivemq-platform-operator] [6fc873e9] 23:35:42.587 [ReconcilerExecutor-hivemq-controller-97] DEBUG c.h.p.o.h.HiveMQPlatformReconcilerErrorHandler - [helminit] Pod 'test-hivemq-platform-0' phase Pending
2025-01-28 23:35:42,588 INFO c.h.h.t.HelmChartContainer - [hivemq-test-hivemq-platform] [hivemq-platform-operator] [6fc873e9] 23:35:42.588 [ReconcilerExecutor-hivemq-controller-97] DEBUG c.h.p.o.h.HiveMQPlatformReconcilerErrorHandler - [helminit] Pod 'test-hivemq-platform-0' condition 'PodReadyToStartContainers': True
2025-01-28 23:35:42,588 INFO c.h.h.t.HelmChartContainer - [hivemq-test-hivemq-platform] [hivemq-platform-operator] [6fc873e9] 23:35:42.588 [ReconcilerExecutor-hivemq-controller-97] DEBUG c.h.p.o.h.HiveMQPlatformReconcilerErrorHandler - [helminit] Pod 'test-hivemq-platform-0' condition 'Initialized': False
2025-01-28 23:35:42,590 INFO c.h.h.t.HelmChartContainer - [hivemq-test-hivemq-platform] [hivemq-platform-operator] [6fc873e9] 23:35:42.588 [ReconcilerExecutor-hivemq-controller-97] DEBUG c.h.p.o.h.HiveMQPlatformReconcilerErrorHandler - [helminit] Pod 'test-hivemq-platform-0' condition 'Ready': False
2025-01-28 23:35:42,590 INFO c.h.h.t.HelmChartContainer - [hivemq-test-hivemq-platform] [hivemq-platform-operator] [6fc873e9] 23:35:42.588 [ReconcilerExecutor-hivemq-controller-97] DEBUG c.h.p.o.h.HiveMQPlatformReconcilerErrorHandler - [helminit] Pod 'test-hivemq-platform-0' condition 'ContainersReady': False
2025-01-28 23:35:42,590 INFO c.h.h.t.HelmChartContainer - [hivemq-test-hivemq-platform] [hivemq-platform-operator] [6fc873e9] 23:35:42.588 [ReconcilerExecutor-hivemq-controller-97] DEBUG c.h.p.o.h.HiveMQPlatformReconcilerErrorHandler - [helminit] Pod 'test-hivemq-platform-0' condition 'PodScheduled': True
2025-01-28 23:35:42,590 INFO c.h.h.t.HelmChartContainer - [hivemq-test-hivemq-platform] [hivemq-platform-operator] [6fc873e9] 23:35:42.588 [ReconcilerExecutor-hivemq-controller-97] DEBUG c.h.p.o.h.HiveMQPlatformReconcilerErrorHandler - [helminit] Pod 'test-hivemq-platform-0' containerStatus 'hivemq' (started: false) (ready: false) (waiting: [PodInitializing] null)
2025-01-28 23:35:42,590 INFO c.h.h.t.HelmChartContainer - [hivemq-test-hivemq-platform] [hivemq-platform-operator] [6fc873e9] 23:35:42.589 [ReconcilerExecutor-hivemq-controller-97] INFO  c.h.p.o.h.HiveMQPlatformReconcilerBaseHandler - [helminit] HiveMQ Platform is starting, 0 of 1 replicas are ready
2025-01-28 23:35:42,697 INFO c.h.h.t.HelmChartContainer - [EVENT] Normal [Created] Created container: hivemq-platform-operator-init [helminitcontainerit:test-hivemq-platform-0]
2025-01-28 23:35:42,733 INFO c.h.h.t.HelmChartContainer - [EVENT] Normal [Started] Started container hivemq-platform-operator-init [helminitcontainerit:test-hivemq-platform-0]
2025-01-28 23:35:43,509 INFO c.h.h.t.HelmChartContainer - [EVENT] Normal [Pulled] Container image "docker.io/hivemq/hivemq4:4.36.0" already present on machine [helminitcontainerit:test-hivemq-platform-0]
2025-01-28 23:35:43,509 INFO c.h.h.t.HelmChartContainer - Received Pulled event for container hivemq in pod test-hivemq-platform-0 [dc023177-4b3c-4bd5-94bc-7619dd3b1afb]
2025-01-28 23:35:43,522 INFO c.h.h.t.HelmChartContainer - [POD] test-hivemq-platform-0 [dc023177-4b3c-4bd5-94bc-7619dd3b1afb] in helminitcontainerit was MODIFIED
2025-01-28 23:35:43,524 INFO c.h.h.t.HelmChartContainer - [hivemq-test-hivemq-platform] [hivemq-platform-operator] [6fc873e9] 23:35:43.523 [pool-6-thread-9] DEBUG c.h.p.o.d.PlatformServiceResource - [helminit] Desired Platform services (3 services)
2025-01-28 23:35:43,531 INFO c.h.h.t.HelmChartContainer - [hivemq-test-hivemq-platform] [hivemq-platform-operator] [6fc873e9] 23:35:43.525 [pool-6-thread-8] DEBUG c.h.p.o.dependants.PodInfoConfigMap - [helminit] Desired PodInfo ConfigMap (1 extensions) (1 enabled)
2025-01-28 23:35:43,533 INFO c.h.h.t.HelmChartContainer - [hivemq-test-hivemq-platform] [hivemq-platform-operator] [6fc873e9] 23:35:43.531 [pool-6-thread-8] DEBUG c.h.p.o.dependants.PodInfoConfigMap - [helminit] Desired PodInfo ConfigMap (metrics port: 9399) (metrics path: /)
2025-01-28 23:35:43,533 INFO c.h.h.t.HelmChartContainer - [hivemq-test-hivemq-platform] [hivemq-platform-operator] [6fc873e9] 23:35:43.531 [pool-6-thread-8] DEBUG c.h.p.o.dependants.PodInfoConfigMap - [helminit] Desired PodInfo ConfigMap (extension state hash: -1817474005)
2025-01-28 23:35:43,535 INFO c.h.h.t.HelmChartContainer - [hivemq-test-hivemq-platform] [hivemq-platform-operator] [6fc873e9] 23:35:43.532 [pool-6-thread-3] DEBUG c.h.p.o.d.PodServiceAccountResource - [helminit] Desired PodServiceAccountResource (serviceAccountName: hivemq-platform-pod-test-hivemq-platform)
2025-01-28 23:35:43,581 INFO c.h.h.t.HelmChartContainer - [hivemq-test-hivemq-platform] [hivemq-platform-operator] [6fc873e9] 23:35:43.579 [pool-6-thread-9] DEBUG c.h.p.o.d.StatefulSetResource - [helminit] Desired StatefulSet (1 replicas) for status STARTING (READY)
2025-01-28 23:35:43,586 INFO c.h.h.t.HelmChartContainer - [hivemq-test-hivemq-platform] [hivemq-platform-operator] [6fc873e9] 23:35:43.585 [ReconcilerExecutor-hivemq-controller-108] INFO  c.h.p.o.HiveMQPlatformReconciler - [helminit] Reconciling HiveMQ Platform 'test-hivemq-platform' in namespace 'helminitcontainerit'
2025-01-28 23:35:43,589 INFO c.h.h.t.HelmChartContainer - [hivemq-test-hivemq-platform] [hivemq-platform-operator] [6fc873e9] 23:35:43.585 [ReconcilerExecutor-hivemq-controller-108] DEBUG c.h.p.o.HiveMQPlatformReconciler - [helminit] Custom Resource Status STARTING - HiveMQ Platform is starting (READY)
2025-01-28 23:35:43,589 INFO c.h.h.t.HelmChartContainer - [hivemq-test-hivemq-platform] [hivemq-platform-operator] [6fc873e9] 23:35:43.587 [ReconcilerExecutor-hivemq-controller-108] DEBUG c.h.p.o.HiveMQPlatformReconciler - [helminit] Custom Resource Spec (replicas: 1) (extensions: 1)
2025-01-28 23:35:43,595 INFO c.h.h.t.HelmChartContainer - [hivemq-test-hivemq-platform] [hivemq-platform-operator] [6fc873e9] 23:35:43.593 [ReconcilerExecutor-hivemq-controller-108] DEBUG c.h.p.o.HiveMQPlatformReconciler - [helminit] StatefulSet Status (revision: test-hivemq-platform-bdc69c5dd, replicas: 1, available: 0, ready: 0, current: 1, updated: 1)
2025-01-28 23:35:43,595 INFO c.h.h.t.HelmChartContainer - [hivemq-test-hivemq-platform] [hivemq-platform-operator] [6fc873e9] 23:35:43.593 [ReconcilerExecutor-hivemq-controller-108] DEBUG c.h.p.o.HiveMQPlatformReconciler - [helminit] StatefulSet Spec (replicas: 1, init containers: 2, containers: 1, volumes: 4)
2025-01-28 23:35:43,678 INFO c.h.h.t.HelmChartContainer - [hivemq-test-hivemq-platform] [hivemq-platform-operator] [6fc873e9] 23:35:43.674 [ReconcilerExecutor-hivemq-controller-108] DEBUG c.h.p.o.h.HiveMQPlatformReconcilerErrorHandler - [helminit] Pod 'test-hivemq-platform-0' phase Pending
2025-01-28 23:35:43,679 INFO c.h.h.t.HelmChartContainer - [hivemq-test-hivemq-platform] [hivemq-platform-operator] [6fc873e9] 23:35:43.674 [ReconcilerExecutor-hivemq-controller-108] DEBUG c.h.p.o.h.HiveMQPlatformReconcilerErrorHandler - [helminit] Pod 'test-hivemq-platform-0' condition 'PodReadyToStartContainers': True
2025-01-28 23:35:43,679 INFO c.h.h.t.HelmChartContainer - [hivemq-test-hivemq-platform] [hivemq-platform-operator] [6fc873e9] 23:35:43.674 [ReconcilerExecutor-hivemq-controller-108] DEBUG c.h.p.o.h.HiveMQPlatformReconcilerErrorHandler - [helminit] Pod 'test-hivemq-platform-0' condition 'Initialized': True
2025-01-28 23:35:43,679 INFO c.h.h.t.HelmChartContainer - [hivemq-test-hivemq-platform] [hivemq-platform-operator] [6fc873e9] 23:35:43.674 [ReconcilerExecutor-hivemq-controller-108] DEBUG c.h.p.o.h.HiveMQPlatformReconcilerErrorHandler - [helminit] Pod 'test-hivemq-platform-0' condition 'Ready': False
2025-01-28 23:35:43,679 INFO c.h.h.t.HelmChartContainer - [hivemq-test-hivemq-platform] [hivemq-platform-operator] [6fc873e9] 23:35:43.674 [ReconcilerExecutor-hivemq-controller-108] DEBUG c.h.p.o.h.HiveMQPlatformReconcilerErrorHandler - [helminit] Pod 'test-hivemq-platform-0' condition 'ContainersReady': False
2025-01-28 23:35:43,679 INFO c.h.h.t.HelmChartContainer - [hivemq-test-hivemq-platform] [hivemq-platform-operator] [6fc873e9] 23:35:43.674 [ReconcilerExecutor-hivemq-controller-108] DEBUG c.h.p.o.h.HiveMQPlatformReconcilerErrorHandler - [helminit] Pod 'test-hivemq-platform-0' condition 'PodScheduled': True
2025-01-28 23:35:43,679 INFO c.h.h.t.HelmChartContainer - [hivemq-test-hivemq-platform] [hivemq-platform-operator] [6fc873e9] 23:35:43.674 [ReconcilerExecutor-hivemq-controller-108] DEBUG c.h.p.o.h.HiveMQPlatformReconcilerErrorHandler - [helminit] Pod 'test-hivemq-platform-0' containerStatus 'hivemq' (started: false) (ready: false) (waiting: [PodInitializing] null)
2025-01-28 23:35:43,679 INFO c.h.h.t.HelmChartContainer - [hivemq-test-hivemq-platform] [hivemq-platform-operator] [6fc873e9] 23:35:43.675 [ReconcilerExecutor-hivemq-controller-108] INFO  c.h.p.o.h.HiveMQPlatformReconcilerBaseHandler - [helminit] HiveMQ Platform is starting, 0 of 1 replicas are ready
2025-01-28 23:35:45,020 INFO c.h.h.t.HelmChartContainer - [EVENT] Normal [Created] Created container: hivemq [helminitcontainerit:test-hivemq-platform-0]
2025-01-28 23:35:45,020 INFO c.h.h.t.HelmChartContainer - Received Created event for container hivemq in pod test-hivemq-platform-0 [dc023177-4b3c-4bd5-94bc-7619dd3b1afb]
2025-01-28 23:35:45,525 INFO c.h.h.t.HelmChartContainer - [POD] test-hivemq-platform-0 [dc023177-4b3c-4bd5-94bc-7619dd3b1afb] in helminitcontainerit was MODIFIED
2025-01-28 23:35:45,536 INFO c.h.h.t.HelmChartContainer - Started log watcher for hivemq in pod test-hivemq-platform-0 [dc023177-4b3c-4bd5-94bc-7619dd3b1afb]
2025-01-28 23:35:45,537 INFO c.h.h.t.HelmChartContainer - [EVENT] Normal [Started] Started container hivemq [helminitcontainerit:test-hivemq-platform-0]
2025-01-28 23:35:45,538 INFO c.h.h.t.HelmChartContainer - Received Started event for container hivemq in pod test-hivemq-platform-0 [dc023177-4b3c-4bd5-94bc-7619dd3b1afb]
2025-01-28 23:35:45,538 INFO c.h.h.t.HelmChartContainer - [test-hivemq-platform] [hivemq] [dc023177] Adding pre-installed HiveMQ Platform Operator extensions
2025-01-28 23:35:45,538 INFO c.h.h.t.HelmChartContainer - [test-hivemq-platform] [hivemq] [dc023177] Running as user 10000
2025-01-28 23:35:45,538 INFO c.h.h.t.HelmChartContainer - [test-hivemq-platform] [hivemq] [dc023177] Starting HiveMQ Platform Operator Init
2025-01-28 23:35:45,539 INFO c.h.h.t.HelmChartContainer - [hivemq-test-hivemq-platform] [hivemq-platform-operator] [6fc873e9] 23:35:45.534 [pool-6-thread-17] DEBUG c.h.p.o.d.PlatformServiceResource - [helminit] Desired Platform services (3 services)
2025-01-28 23:35:45,540 INFO c.h.h.t.HelmChartContainer - [hivemq-test-hivemq-platform] [hivemq-platform-operator] [6fc873e9] 23:35:45.536 [pool-6-thread-16] DEBUG c.h.p.o.dependants.PodInfoConfigMap - [helminit] Desired PodInfo ConfigMap (1 extensions) (1 enabled)
2025-01-28 23:35:45,540 INFO c.h.h.t.HelmChartContainer - [hivemq-test-hivemq-platform] [hivemq-platform-operator] [6fc873e9] 23:35:45.536 [pool-6-thread-16] DEBUG c.h.p.o.dependants.PodInfoConfigMap - [helminit] Desired PodInfo ConfigMap (metrics port: 9399) (metrics path: /)
2025-01-28 23:35:45,540 INFO c.h.h.t.HelmChartContainer - [hivemq-test-hivemq-platform] [hivemq-platform-operator] [6fc873e9] 23:35:45.536 [pool-6-thread-16] DEBUG c.h.p.o.dependants.PodInfoConfigMap - [helminit] Desired PodInfo ConfigMap (extension state hash: -1817474005)
2025-01-28 23:35:45,540 INFO c.h.h.t.HelmChartContainer - [hivemq-test-hivemq-platform] [hivemq-platform-operator] [6fc873e9] 23:35:45.538 [pool-6-thread-15] DEBUG c.h.p.o.d.PodServiceAccountResource - [helminit] Desired PodServiceAccountResource (serviceAccountName: hivemq-platform-pod-test-hivemq-platform)
2025-01-28 23:35:45,546 INFO c.h.h.t.HelmChartContainer - [hivemq-test-hivemq-platform] [hivemq-platform-operator] [6fc873e9] 23:35:45.545 [pool-6-thread-17] DEBUG c.h.p.o.d.StatefulSetResource - [helminit] Desired StatefulSet (1 replicas) for status STARTING (READY)
2025-01-28 23:35:45,550 INFO c.h.h.t.HelmChartContainer - [hivemq-test-hivemq-platform] [hivemq-platform-operator] [6fc873e9] 23:35:45.550 [ReconcilerExecutor-hivemq-controller-109] INFO  c.h.p.o.HiveMQPlatformReconciler - [helminit] Reconciling HiveMQ Platform 'test-hivemq-platform' in namespace 'helminitcontainerit'
2025-01-28 23:35:45,551 INFO c.h.h.t.HelmChartContainer - [hivemq-test-hivemq-platform] [hivemq-platform-operator] [6fc873e9] 23:35:45.550 [ReconcilerExecutor-hivemq-controller-109] DEBUG c.h.p.o.HiveMQPlatformReconciler - [helminit] Custom Resource Status STARTING - HiveMQ Platform is starting (READY)
2025-01-28 23:35:45,551 INFO c.h.h.t.HelmChartContainer - [hivemq-test-hivemq-platform] [hivemq-platform-operator] [6fc873e9] 23:35:45.550 [ReconcilerExecutor-hivemq-controller-109] DEBUG c.h.p.o.HiveMQPlatformReconciler - [helminit] Custom Resource Spec (replicas: 1) (extensions: 1)
2025-01-28 23:35:45,575 INFO c.h.h.t.HelmChartContainer - [hivemq-test-hivemq-platform] [hivemq-platform-operator] [6fc873e9] 23:35:45.573 [ReconcilerExecutor-hivemq-controller-109] DEBUG c.h.p.o.HiveMQPlatformReconciler - [helminit] StatefulSet Status (revision: test-hivemq-platform-bdc69c5dd, replicas: 1, available: 0, ready: 0, current: 1, updated: 1)
2025-01-28 23:35:45,578 INFO c.h.h.t.HelmChartContainer - [hivemq-test-hivemq-platform] [hivemq-platform-operator] [6fc873e9] 23:35:45.573 [ReconcilerExecutor-hivemq-controller-109] DEBUG c.h.p.o.HiveMQPlatformReconciler - [helminit] StatefulSet Spec (replicas: 1, init containers: 2, containers: 1, volumes: 4)
2025-01-28 23:35:45,578 INFO c.h.h.t.HelmChartContainer - [hivemq-test-hivemq-platform] [hivemq-platform-operator] [6fc873e9] 23:35:45.575 [ReconcilerExecutor-hivemq-controller-109] DEBUG c.h.p.o.h.HiveMQPlatformReconcilerErrorHandler - [helminit] Pod 'test-hivemq-platform-0' phase Running
2025-01-28 23:35:45,578 INFO c.h.h.t.HelmChartContainer - [hivemq-test-hivemq-platform] [hivemq-platform-operator] [6fc873e9] 23:35:45.576 [ReconcilerExecutor-hivemq-controller-109] INFO  c.h.p.o.h.HiveMQPlatformReconcilerBaseHandler - [helminit] HiveMQ Platform is starting, 0 of 1 replicas are ready
2025-01-28 23:35:46,215 INFO c.h.h.t.HelmChartContainer - [test-hivemq-platform] [hivemq] [dc023177] INFO  - [HiveMQ Platform Operator Init 1.7.0-SNAPSHOT] HiveMQ Platform Operator Init 1.7.0-SNAPSHOT (commit: bebf408 on branch: HEAD) built on Sun Jan 26 20:47:47 UTC 2025
2025-01-28 23:35:47,405 INFO c.h.h.t.HelmChartContainer - [test-hivemq-platform] [hivemq] [dc023177] INFO  - [HiveMQ Platform Operator Init App 1.7.0-SNAPSHOT] Using bind address 10.42.0.8 from environment variable
2025-01-28 23:35:48,221 INFO c.h.h.t.HelmChartContainer - [test-hivemq-platform] [hivemq] [dc023177] INFO  - [HiveMQ Platform Operator Init App 1.7.0-SNAPSHOT] HiveMQ Platform Operator Init App 1.7.0-SNAPSHOT (commit: bebf408 on branch: HEAD) built on Sun Jan 26 20:47:47 UTC 2025
2025-01-28 23:35:48,222 INFO c.h.h.t.HelmChartContainer - [test-hivemq-platform] [hivemq] [dc023177] INFO  - [HiveMQ Platform Operator Init App 1.7.0-SNAPSHOT] PodInfo ConfigMap directory: /etc/podinfo
2025-01-28 23:35:48,222 INFO c.h.h.t.HelmChartContainer - [test-hivemq-platform] [hivemq] [dc023177] INFO  - [HiveMQ Platform Operator Init App 1.7.0-SNAPSHOT] HiveMQ home directory: /opt/hivemq
2025-01-28 23:35:48,222 INFO c.h.h.t.HelmChartContainer - [test-hivemq-platform] [hivemq] [dc023177] INFO  - [HiveMQ Platform Operator Init App 1.7.0-SNAPSHOT] HiveMQ Logback folder: /opt/hivemq/conf
2025-01-28 23:35:48,222 INFO c.h.h.t.HelmChartContainer - [test-hivemq-platform] [hivemq] [dc023177] INFO  - [HiveMQ Platform Operator Init App 1.7.0-SNAPSHOT] HiveMQ Config folder: /opt/hivemq/conf-k8s
2025-01-28 23:35:48,223 INFO c.h.h.t.HelmChartContainer - [test-hivemq-platform] [hivemq] [dc023177] INFO  - [HiveMQ Platform Operator Init App 1.7.0-SNAPSHOT] Starting HiveMQ Platform Operator Init App
2025-01-28 23:35:48,223 INFO c.h.h.t.HelmChartContainer - [test-hivemq-platform] [hivemq] [dc023177] INFO  - [HiveMQ Platform Operator Init App 1.7.0-SNAPSHOT] Starting Pod reconciler
2025-01-28 23:35:48,888 INFO c.h.h.t.HelmChartContainer - [K3S] [range_allocator.go:247] "Successfully synced" key="59fa806875ec"
2025-01-28 23:35:49,410 INFO c.h.h.t.HelmChartContainer - [test-hivemq-platform] [hivemq] [dc023177] INFO  - [HiveMQ Platform Operator Init App 1.7.0-SNAPSHOT] Pod reconciler is scheduled (interval: 5000 ms)
2025-01-28 23:35:49,412 INFO c.h.h.t.HelmChartContainer - [test-hivemq-platform] [hivemq] [dc023177] INFO  - [HiveMQ Platform Operator Init App 1.7.0-SNAPSHOT] Starting the REST API on 10.42.0.8:7979
2025-01-28 23:35:49,414 INFO c.h.h.t.HelmChartContainer - [test-hivemq-platform] [hivemq] [dc023177] INFO  - [HiveMQ Platform Operator Init App 1.7.0-SNAPSHOT] Waiting up to 600s for at most 1 HiveMQ nodes in cluster service hivemq-test-hivemq-platform-cluster.helminitcontainerit.svc
2025-01-28 23:35:49,716 INFO c.h.h.t.HelmChartContainer - [test-hivemq-platform] [hivemq] [dc023177] INFO  - [HiveMQ Platform Operator Init App 1.7.0-SNAPSHOT] Resolved 1 IP addresses: [10.42.0.8]
2025-01-28 23:35:49,716 INFO c.h.h.t.HelmChartContainer - [test-hivemq-platform] [hivemq] [dc023177] INFO  - [HiveMQ Platform Operator Init App 1.7.0-SNAPSHOT] HiveMQ node count of 1 is within threshold of 1
2025-01-28 23:35:49,716 INFO c.h.h.t.HelmChartContainer - [test-hivemq-platform] [hivemq] [dc023177] INFO  - [HiveMQ Platform Operator Init App 1.7.0-SNAPSHOT] Proceeding with container start
2025-01-28 23:35:49,806 INFO c.h.h.t.HelmChartContainer - [test-hivemq-platform] [hivemq] [dc023177] INFO  - [HiveMQ Platform Operator Init App 1.7.0-SNAPSHOT] Initializing HiveMQ Platform extensions with initial configuration: {hivemq-allow-all-extension={start-priority=-1, skip-https-hostname-verification=false, restart=true, config-version=0, header-version=0, c-uri=, priority=-1, uri=preinstalled, skip-https-certificate-validation=false, enabled=true}, hivemq-prometheus-extension={enabled=true, restart=true, priority=-1, start-priority=-1, c-uri=, skip-https-hostname-verification=false, skip-https-certificate-validation=false, uri=preinstalled, request-header-path=no-request-headers}}
2025-01-28 23:35:50,208 INFO c.h.h.t.HelmChartContainer - [test-hivemq-platform] [hivemq] [dc023177] INFO  - [HiveMQ Platform Operator Init App 1.7.0-SNAPSHOT] Extension hivemq-allow-all-extension was already enabled
2025-01-28 23:35:50,219 INFO c.h.h.t.HelmChartContainer - [test-hivemq-platform] [hivemq] [dc023177] INFO  - [HiveMQ Platform Operator Init App 1.7.0-SNAPSHOT] Successfully enabled extension hivemq-prometheus-extension
2025-01-28 23:35:50,220 INFO c.h.h.t.HelmChartContainer - [test-hivemq-platform] [hivemq] [dc023177] INFO  - [HiveMQ Platform Operator Init App 1.7.0-SNAPSHOT] Starting HiveMQ Platform version 4.36.0 (4.36.0)
2025-01-28 23:35:50,221 INFO c.h.h.t.HelmChartContainer - [test-hivemq-platform] [hivemq] [dc023177] INFO  - [HiveMQ Platform Operator Init App 1.7.0-SNAPSHOT] Configuring the HiveMQ Platform
2025-01-28 23:35:50,310 INFO c.h.h.t.HelmChartContainer - [test-hivemq-platform] [hivemq] [dc023177] INFO  - [HiveMQ Platform Operator Init App 1.7.0-SNAPSHOT] Changed logback.xml file scan period to 20 seconds
2025-01-28 23:35:50,404 INFO c.h.h.t.HelmChartContainer - [test-hivemq-platform] [hivemq] [dc023177] INFO  - [HiveMQ Platform Operator Init App 1.7.0-SNAPSHOT] Starting the HiveMQ Platform
2025-01-28 23:35:50,406 INFO c.h.h.t.HelmChartContainer - [test-hivemq-platform] [hivemq] [dc023177] -------------------------------------------------------------------------
2025-01-28 23:35:50,407 INFO c.h.h.t.HelmChartContainer - [test-hivemq-platform] [hivemq] [dc023177] 
2025-01-28 23:35:50,407 INFO c.h.h.t.HelmChartContainer - [test-hivemq-platform] [hivemq] [dc023177]                   _    _  _              __  __   ____
2025-01-28 23:35:50,408 INFO c.h.h.t.HelmChartContainer - [test-hivemq-platform] [hivemq] [dc023177]                  | |  | |(_)            |  \/  | / __ \
2025-01-28 23:35:50,408 INFO c.h.h.t.HelmChartContainer - [test-hivemq-platform] [hivemq] [dc023177]                  | |__| | _ __   __ ___ | \  / || |  | |
2025-01-28 23:35:50,408 INFO c.h.h.t.HelmChartContainer - [test-hivemq-platform] [hivemq] [dc023177]                  |  __  || |\ \ / // _ \| |\/| || |  | |
2025-01-28 23:35:50,408 INFO c.h.h.t.HelmChartContainer - [test-hivemq-platform] [hivemq] [dc023177]                  | |  | || | \ V /|  __/| |  | || |__| |
2025-01-28 23:35:50,408 INFO c.h.h.t.HelmChartContainer - [test-hivemq-platform] [hivemq] [dc023177]                  |_|  |_||_|  \_/  \___||_|  |_| \___\_\
2025-01-28 23:35:50,408 INFO c.h.h.t.HelmChartContainer - [test-hivemq-platform] [hivemq] [dc023177] 
2025-01-28 23:35:50,408 INFO c.h.h.t.HelmChartContainer - [test-hivemq-platform] [hivemq] [dc023177] -------------------------------------------------------------------------
2025-01-28 23:35:50,408 INFO c.h.h.t.HelmChartContainer - [test-hivemq-platform] [hivemq] [dc023177] 
2025-01-28 23:35:50,408 INFO c.h.h.t.HelmChartContainer - [test-hivemq-platform] [hivemq] [dc023177]   HiveMQ Start Script for Linux/Unix v1.14
2025-01-28 23:35:50,408 INFO c.h.h.t.HelmChartContainer - [test-hivemq-platform] [hivemq] [dc023177] 
2025-01-28 23:35:50,435 INFO c.h.h.t.HelmChartContainer - [test-hivemq-platform] [hivemq] [dc023177] -------------------------------------------------------------------------
2025-01-28 23:35:50,435 INFO c.h.h.t.HelmChartContainer - [test-hivemq-platform] [hivemq] [dc023177] 
2025-01-28 23:35:50,435 INFO c.h.h.t.HelmChartContainer - [test-hivemq-platform] [hivemq] [dc023177]   HIVEMQ_HOME: /opt/hivemq
2025-01-28 23:35:50,436 INFO c.h.h.t.HelmChartContainer - [test-hivemq-platform] [hivemq] [dc023177] 
2025-01-28 23:35:50,436 INFO c.h.h.t.HelmChartContainer - [test-hivemq-platform] [hivemq] [dc023177]   JAVA_OPTS: -XX:+UnlockExperimentalVMOptions -XX:InitialRAMPercentage=50 -XX:MaxRAMPercentage=50 -Djava.net.preferIPv4Stack=true --add-opens java.base/java.lang=ALL-UNNAMED --add-opens java.base/java.nio=ALL-UNNAMED --add-opens java.base/sun.nio.ch=ALL-UNNAMED --add-opens jdk.management/com.sun.management.internal=ALL-UNNAMED --add-exports java.base/jdk.internal.misc=ALL-UNNAMED -Djava.security.egd=file:/dev/./urandom -Dcom.sun.management.jmxremote -Dcom.sun.management.jmxremote.port=9010 -Dcom.sun.management.jmxremote.local.only=false -Dcom.sun.management.jmxremote.authenticate=false -Dcom.sun.management.jmxremote.ssl=false -Duser.language=en -Duser.region=US -XX:+CrashOnOutOfMemoryError -XX:+HeapDumpOnOutOfMemoryError
2025-01-28 23:35:50,436 INFO c.h.h.t.HelmChartContainer - [test-hivemq-platform] [hivemq] [dc023177] 
2025-01-28 23:35:50,436 INFO c.h.h.t.HelmChartContainer - [test-hivemq-platform] [hivemq] [dc023177]   JAVA_VERSION: 21
2025-01-28 23:35:50,436 INFO c.h.h.t.HelmChartContainer - [test-hivemq-platform] [hivemq] [dc023177] 
2025-01-28 23:35:50,436 INFO c.h.h.t.HelmChartContainer - [test-hivemq-platform] [hivemq] [dc023177] -------------------------------------------------------------------------
2025-01-28 23:35:50,436 INFO c.h.h.t.HelmChartContainer - [test-hivemq-platform] [hivemq] [dc023177] 
2025-01-28 23:35:51,521 INFO c.h.h.t.HelmChartContainer - [test-hivemq-platform] [hivemq] [dc023177] INFO  - [HiveMQ Platform Operator Init App 1.7.0-SNAPSHOT] Returning default Health API response 503 for readiness
2025-01-28 23:35:51,917 INFO c.h.h.t.HelmChartContainer - [EVENT] Warning [Unhealthy] Readiness probe failed: HTTP probe failed with statuscode: 503 [helminitcontainerit:test-hivemq-platform-0]
2025-01-28 23:35:51,917 INFO c.h.h.t.HelmChartContainer - Received Unhealthy event for container hivemq in pod test-hivemq-platform-0 [dc023177-4b3c-4bd5-94bc-7619dd3b1afb]
2025-01-28 23:35:53,107 INFO c.h.h.t.HelmChartContainer - [test-hivemq-platform] [hivemq] [dc023177] INFO  - Starting HiveMQ Enterprise Server
2025-01-28 23:35:53,114 INFO c.h.h.t.HelmChartContainer - [test-hivemq-platform] [hivemq] [dc023177] INFO  - HiveMQ version: 4.36.0
2025-01-28 23:35:53,114 INFO c.h.h.t.HelmChartContainer - [test-hivemq-platform] [hivemq] [dc023177] INFO  - HiveMQ home directory: /opt/hivemq
2025-01-28 23:35:53,114 INFO c.h.h.t.HelmChartContainer - [test-hivemq-platform] [hivemq] [dc023177] INFO  - Log Configuration was overridden by /opt/hivemq/conf/logback.xml
2025-01-28 23:35:54,303 INFO c.h.h.t.HelmChartContainer - [test-hivemq-platform] [hivemq] [dc023177] INFO  - Successfully loaded configuration from '/opt/hivemq/conf-k8s/config.xml'.
2025-01-28 23:35:54,703 INFO c.h.h.t.HelmChartContainer - [test-hivemq-platform] [hivemq] [dc023177] INFO  - This node's ID is 598Jh
2025-01-28 23:35:54,703 INFO c.h.h.t.HelmChartContainer - [test-hivemq-platform] [hivemq] [dc023177] INFO  - Clustering is enabled
2025-01-28 23:35:55,583 INFO c.h.h.t.HelmChartContainer - [hivemq-test-hivemq-platform] [hivemq-platform-operator] [6fc873e9] 23:35:55.580 [pool-6-thread-27] DEBUG c.h.p.o.d.PlatformServiceResource - [helminit] Desired Platform services (3 services)
2025-01-28 23:35:55,584 INFO c.h.h.t.HelmChartContainer - [hivemq-test-hivemq-platform] [hivemq-platform-operator] [6fc873e9] 23:35:55.581 [pool-6-thread-22] DEBUG c.h.p.o.dependants.PodInfoConfigMap - [helminit] Desired PodInfo ConfigMap (1 extensions) (1 enabled)
2025-01-28 23:35:55,584 INFO c.h.h.t.HelmChartContainer - [hivemq-test-hivemq-platform] [hivemq-platform-operator] [6fc873e9] 23:35:55.581 [pool-6-thread-22] DEBUG c.h.p.o.dependants.PodInfoConfigMap - [helminit] Desired PodInfo ConfigMap (metrics port: 9399) (metrics path: /)
2025-01-28 23:35:55,584 INFO c.h.h.t.HelmChartContainer - [hivemq-test-hivemq-platform] [hivemq-platform-operator] [6fc873e9] 23:35:55.581 [pool-6-thread-22] DEBUG c.h.p.o.dependants.PodInfoConfigMap - [helminit] Desired PodInfo ConfigMap (extension state hash: -1817474005)
2025-01-28 23:35:55,584 INFO c.h.h.t.HelmChartContainer - [hivemq-test-hivemq-platform] [hivemq-platform-operator] [6fc873e9] 23:35:55.582 [pool-6-thread-28] DEBUG c.h.p.o.d.PodServiceAccountResource - [helminit] Desired PodServiceAccountResource (serviceAccountName: hivemq-platform-pod-test-hivemq-platform)
2025-01-28 23:35:55,587 INFO c.h.h.t.HelmChartContainer - [hivemq-test-hivemq-platform] [hivemq-platform-operator] [6fc873e9] 23:35:55.586 [pool-6-thread-27] DEBUG c.h.p.o.d.StatefulSetResource - [helminit] Desired StatefulSet (1 replicas) for status STARTING (READY)
2025-01-28 23:35:55,591 INFO c.h.h.t.HelmChartContainer - [hivemq-test-hivemq-platform] [hivemq-platform-operator] [6fc873e9] 23:35:55.590 [ReconcilerExecutor-hivemq-controller-110] INFO  c.h.p.o.HiveMQPlatformReconciler - [helminit] Reconciling HiveMQ Platform 'test-hivemq-platform' in namespace 'helminitcontainerit'
2025-01-28 23:35:55,593 INFO c.h.h.t.HelmChartContainer - [hivemq-test-hivemq-platform] [hivemq-platform-operator] [6fc873e9] 23:35:55.590 [ReconcilerExecutor-hivemq-controller-110] DEBUG c.h.p.o.HiveMQPlatformReconciler - [helminit] Custom Resource Status STARTING - HiveMQ Platform is starting (READY)
2025-01-28 23:35:55,593 INFO c.h.h.t.HelmChartContainer - [hivemq-test-hivemq-platform] [hivemq-platform-operator] [6fc873e9] 23:35:55.590 [ReconcilerExecutor-hivemq-controller-110] DEBUG c.h.p.o.HiveMQPlatformReconciler - [helminit] Custom Resource Spec (replicas: 1) (extensions: 1)
2025-01-28 23:35:55,594 INFO c.h.h.t.HelmChartContainer - [hivemq-test-hivemq-platform] [hivemq-platform-operator] [6fc873e9] 23:35:55.591 [ReconcilerExecutor-hivemq-controller-110] DEBUG c.h.p.o.HiveMQPlatformReconciler - [helminit] StatefulSet Status (revision: test-hivemq-platform-bdc69c5dd, replicas: 1, available: 0, ready: 0, current: 1, updated: 1)
2025-01-28 23:35:55,594 INFO c.h.h.t.HelmChartContainer - [hivemq-test-hivemq-platform] [hivemq-platform-operator] [6fc873e9] 23:35:55.591 [ReconcilerExecutor-hivemq-controller-110] DEBUG c.h.p.o.HiveMQPlatformReconciler - [helminit] StatefulSet Spec (replicas: 1, init containers: 2, containers: 1, volumes: 4)
2025-01-28 23:35:55,594 INFO c.h.h.t.HelmChartContainer - [hivemq-test-hivemq-platform] [hivemq-platform-operator] [6fc873e9] 23:35:55.593 [ReconcilerExecutor-hivemq-controller-110] DEBUG c.h.p.o.h.HiveMQPlatformReconcilerErrorHandler - [helminit] Pod 'test-hivemq-platform-0' phase Running
2025-01-28 23:35:55,595 INFO c.h.h.t.HelmChartContainer - [hivemq-test-hivemq-platform] [hivemq-platform-operator] [6fc873e9] 23:35:55.593 [ReconcilerExecutor-hivemq-controller-110] INFO  c.h.p.o.h.HiveMQPlatformReconcilerBaseHandler - [helminit] HiveMQ Platform is starting, 0 of 1 replicas are ready
2025-01-28 23:35:57,113 INFO c.h.h.t.HelmChartContainer - [test-hivemq-platform] [hivemq] [dc023177] WARN  - [HiveMQ Platform Operator Init App 1.7.0-SNAPSHOT] Cannot connect to Health API for readiness: null
2025-01-28 23:35:57,119 INFO c.h.h.t.HelmChartContainer - [EVENT] Warning [Unhealthy] Readiness probe failed: HTTP probe failed with statuscode: 503 [helminitcontainerit:test-hivemq-platform-0]
2025-01-28 23:35:57,119 INFO c.h.h.t.HelmChartContainer - Received Unhealthy event for container hivemq in pod test-hivemq-platform-0 [dc023177-4b3c-4bd5-94bc-7619dd3b1afb]
2025-01-28 23:35:59,710 INFO c.h.h.t.HelmChartContainer - [test-hivemq-platform] [hivemq] [dc023177] Jan 28, 2025 11:35:59 PM io.vertx.core.impl.BlockedThreadChecker
2025-01-28 23:35:59,710 INFO c.h.h.t.HelmChartContainer - [test-hivemq-platform] [hivemq] [dc023177] WARNING: Thread Thread[vert.x-eventloop-thread-1,5,main] has been blocked for 2196 ms, time limit is 2000 ms
2025-01-28 23:36:00,610 INFO c.h.h.t.HelmChartContainer - [test-hivemq-platform] [hivemq] [dc023177] INFO  - [HiveMQ Platform Operator Init App 1.7.0-SNAPSHOT] Updating Pod HiveMQ Platform Operator Init App version annotation (version: 1.7.0-SNAPSHOT)
2025-01-28 23:36:01,227 INFO c.h.h.t.HelmChartContainer - [POD] test-hivemq-platform-0 [dc023177-4b3c-4bd5-94bc-7619dd3b1afb] in helminitcontainerit was MODIFIED
2025-01-28 23:36:01,234 INFO c.h.h.t.HelmChartContainer - [hivemq-test-hivemq-platform] [hivemq-platform-operator] [6fc873e9] 23:36:01.232 [pool-6-thread-37] DEBUG c.h.p.o.d.PlatformServiceResource - [helminit] Desired Platform services (3 services)
2025-01-28 23:36:01,236 INFO c.h.h.t.HelmChartContainer - [hivemq-test-hivemq-platform] [hivemq-platform-operator] [6fc873e9] 23:36:01.234 [pool-6-thread-35] DEBUG c.h.p.o.d.PodServiceAccountResource - [helminit] Desired PodServiceAccountResource (serviceAccountName: hivemq-platform-pod-test-hivemq-platform)
2025-01-28 23:36:01,238 INFO c.h.h.t.HelmChartContainer - [hivemq-test-hivemq-platform] [hivemq-platform-operator] [6fc873e9] 23:36:01.237 [pool-6-thread-36] DEBUG c.h.p.o.dependants.PodInfoConfigMap - [helminit] Desired PodInfo ConfigMap (1 extensions) (1 enabled)
2025-01-28 23:36:01,240 INFO c.h.h.t.HelmChartContainer - [hivemq-test-hivemq-platform] [hivemq-platform-operator] [6fc873e9] 23:36:01.238 [pool-6-thread-36] DEBUG c.h.p.o.dependants.PodInfoConfigMap - [helminit] Desired PodInfo ConfigMap (metrics port: 9399) (metrics path: /)
2025-01-28 23:36:01,242 INFO c.h.h.t.HelmChartContainer - [hivemq-test-hivemq-platform] [hivemq-platform-operator] [6fc873e9] 23:36:01.239 [pool-6-thread-36] DEBUG c.h.p.o.dependants.PodInfoConfigMap - [helminit] Desired PodInfo ConfigMap (extension state hash: -1817474005)
2025-01-28 23:36:01,244 INFO c.h.h.t.HelmChartContainer - [hivemq-test-hivemq-platform] [hivemq-platform-operator] [6fc873e9] 23:36:01.242 [pool-6-thread-36] DEBUG c.h.p.o.d.StatefulSetResource - [helminit] Desired StatefulSet (1 replicas) for status STARTING (READY)
2025-01-28 23:36:01,249 INFO c.h.h.t.HelmChartContainer - [hivemq-test-hivemq-platform] [hivemq-platform-operator] [6fc873e9] 23:36:01.248 [ReconcilerExecutor-hivemq-controller-111] INFO  c.h.p.o.HiveMQPlatformReconciler - [helminit] Reconciling HiveMQ Platform 'test-hivemq-platform' in namespace 'helminitcontainerit'
2025-01-28 23:36:01,250 INFO c.h.h.t.HelmChartContainer - [hivemq-test-hivemq-platform] [hivemq-platform-operator] [6fc873e9] 23:36:01.249 [ReconcilerExecutor-hivemq-controller-111] DEBUG c.h.p.o.HiveMQPlatformReconciler - [helminit] Custom Resource Status STARTING - HiveMQ Platform is starting (READY)
2025-01-28 23:36:01,250 INFO c.h.h.t.HelmChartContainer - [hivemq-test-hivemq-platform] [hivemq-platform-operator] [6fc873e9] 23:36:01.249 [ReconcilerExecutor-hivemq-controller-111] DEBUG c.h.p.o.HiveMQPlatformReconciler - [helminit] Custom Resource Spec (replicas: 1) (extensions: 1)
2025-01-28 23:36:01,278 INFO c.h.h.t.HelmChartContainer - [hivemq-test-hivemq-platform] [hivemq-platform-operator] [6fc873e9] 23:36:01.274 [ReconcilerExecutor-hivemq-controller-111] DEBUG c.h.p.o.HiveMQPlatformReconciler - [helminit] StatefulSet Status (revision: test-hivemq-platform-bdc69c5dd, replicas: 1, available: 0, ready: 0, current: 1, updated: 1)
2025-01-28 23:36:01,278 INFO c.h.h.t.HelmChartContainer - [hivemq-test-hivemq-platform] [hivemq-platform-operator] [6fc873e9] 23:36:01.274 [ReconcilerExecutor-hivemq-controller-111] DEBUG c.h.p.o.HiveMQPlatformReconciler - [helminit] StatefulSet Spec (replicas: 1, init containers: 2, containers: 1, volumes: 4)
2025-01-28 23:36:01,278 INFO c.h.h.t.HelmChartContainer - [hivemq-test-hivemq-platform] [hivemq-platform-operator] [6fc873e9] 23:36:01.276 [ReconcilerExecutor-hivemq-controller-111] DEBUG c.h.p.o.h.HiveMQPlatformReconcilerErrorHandler - [helminit] Pod 'test-hivemq-platform-0' phase Running
2025-01-28 23:36:01,279 INFO c.h.h.t.HelmChartContainer - [hivemq-test-hivemq-platform] [hivemq-platform-operator] [6fc873e9] 23:36:01.277 [ReconcilerExecutor-hivemq-controller-111] INFO  c.h.p.o.h.HiveMQPlatformReconcilerBaseHandler - [helminit] HiveMQ Platform is starting, 0 of 1 replicas are ready
2025-01-28 23:36:01,311 INFO c.h.h.t.HelmChartContainer - [test-hivemq-platform] [hivemq] [dc023177] WARN  - [HiveMQ Platform Operator Init App 1.7.0-SNAPSHOT] Cannot connect to Health API for readiness: null
2025-01-28 23:36:01,315 INFO c.h.h.t.HelmChartContainer - [test-hivemq-platform] [hivemq] [dc023177] INFO  - [HiveMQ Platform Operator Init App 1.7.0-SNAPSHOT] Successfully updated Pod HiveMQ Platform Operator Init App version annotation (version: 1.7.0-SNAPSHOT)
2025-01-28 23:36:01,319 INFO c.h.h.t.HelmChartContainer - [EVENT] Warning [Unhealthy] Readiness probe failed: HTTP probe failed with statuscode: 503 [helminitcontainerit:test-hivemq-platform-0]
2025-01-28 23:36:01,320 INFO c.h.h.t.HelmChartContainer - Received Unhealthy event for container hivemq in pod test-hivemq-platform-0 [dc023177-4b3c-4bd5-94bc-7619dd3b1afb]
2025-01-28 23:36:06,302 INFO c.h.h.t.HelmChartContainer - [test-hivemq-platform] [hivemq] [dc023177] WARN  - [HiveMQ Platform Operator Init App 1.7.0-SNAPSHOT] Cannot connect to Health API for readiness: null
2025-01-28 23:36:06,307 INFO c.h.h.t.HelmChartContainer - [EVENT] Warning [Unhealthy] Readiness probe failed: HTTP probe failed with statuscode: 503 [helminitcontainerit:test-hivemq-platform-0]
2025-01-28 23:36:06,308 INFO c.h.h.t.HelmChartContainer - Received Unhealthy event for container hivemq in pod test-hivemq-platform-0 [dc023177-4b3c-4bd5-94bc-7619dd3b1afb]
2025-01-28 23:36:10,704 INFO c.h.h.t.HelmChartContainer - [test-hivemq-platform] [hivemq] [dc023177] WARN  - [HiveMQ Platform Operator Init App 1.7.0-SNAPSHOT] Cannot connect to Health API for liveness: null
2025-01-28 23:36:10,704 INFO c.h.h.t.HelmChartContainer - [test-hivemq-platform] [hivemq] [dc023177] INFO  - [HiveMQ Platform Operator Init App 1.7.0-SNAPSHOT] Returning default Health API response 200 for liveness
2025-01-28 23:36:11,283 INFO c.h.h.t.HelmChartContainer - [hivemq-test-hivemq-platform] [hivemq-platform-operator] [6fc873e9] 23:36:11.280 [pool-6-thread-45] DEBUG c.h.p.o.d.PlatformServiceResource - [helminit] Desired Platform services (3 services)
2025-01-28 23:36:11,284 INFO c.h.h.t.HelmChartContainer - [hivemq-test-hivemq-platform] [hivemq-platform-operator] [6fc873e9] 23:36:11.281 [pool-6-thread-47] DEBUG c.h.p.o.dependants.PodInfoConfigMap - [helminit] Desired PodInfo ConfigMap (1 extensions) (1 enabled)
2025-01-28 23:36:11,284 INFO c.h.h.t.HelmChartContainer - [hivemq-test-hivemq-platform] [hivemq-platform-operator] [6fc873e9] 23:36:11.281 [pool-6-thread-47] DEBUG c.h.p.o.dependants.PodInfoConfigMap - [helminit] Desired PodInfo ConfigMap (metrics port: 9399) (metrics path: /)
2025-01-28 23:36:11,284 INFO c.h.h.t.HelmChartContainer - [hivemq-test-hivemq-platform] [hivemq-platform-operator] [6fc873e9] 23:36:11.282 [pool-6-thread-47] DEBUG c.h.p.o.dependants.PodInfoConfigMap - [helminit] Desired PodInfo ConfigMap (extension state hash: -1817474005)
2025-01-28 23:36:11,284 INFO c.h.h.t.HelmChartContainer - [hivemq-test-hivemq-platform] [hivemq-platform-operator] [6fc873e9] 23:36:11.281 [pool-6-thread-43] DEBUG c.h.p.o.d.PodServiceAccountResource - [helminit] Desired PodServiceAccountResource (serviceAccountName: hivemq-platform-pod-test-hivemq-platform)
2025-01-28 23:36:11,289 INFO c.h.h.t.HelmChartContainer - [hivemq-test-hivemq-platform] [hivemq-platform-operator] [6fc873e9] 23:36:11.288 [pool-6-thread-45] DEBUG c.h.p.o.d.StatefulSetResource - [helminit] Desired StatefulSet (1 replicas) for status STARTING (READY)
2025-01-28 23:36:11,294 INFO c.h.h.t.HelmChartContainer - [hivemq-test-hivemq-platform] [hivemq-platform-operator] [6fc873e9] 23:36:11.293 [ReconcilerExecutor-hivemq-controller-112] INFO  c.h.p.o.HiveMQPlatformReconciler - [helminit] Reconciling HiveMQ Platform 'test-hivemq-platform' in namespace 'helminitcontainerit'
2025-01-28 23:36:11,294 INFO c.h.h.t.HelmChartContainer - [hivemq-test-hivemq-platform] [hivemq-platform-operator] [6fc873e9] 23:36:11.293 [ReconcilerExecutor-hivemq-controller-112] DEBUG c.h.p.o.HiveMQPlatformReconciler - [helminit] Custom Resource Status STARTING - HiveMQ Platform is starting (READY)
2025-01-28 23:36:11,295 INFO c.h.h.t.HelmChartContainer - [hivemq-test-hivemq-platform] [hivemq-platform-operator] [6fc873e9] 23:36:11.293 [ReconcilerExecutor-hivemq-controller-112] DEBUG c.h.p.o.HiveMQPlatformReconciler - [helminit] Custom Resource Spec (replicas: 1) (extensions: 1)
2025-01-28 23:36:11,296 INFO c.h.h.t.HelmChartContainer - [hivemq-test-hivemq-platform] [hivemq-platform-operator] [6fc873e9] 23:36:11.295 [ReconcilerExecutor-hivemq-controller-112] DEBUG c.h.p.o.HiveMQPlatformReconciler - [helminit] StatefulSet Status (revision: test-hivemq-platform-bdc69c5dd, replicas: 1, available: 0, ready: 0, current: 1, updated: 1)
2025-01-28 23:36:11,296 INFO c.h.h.t.HelmChartContainer - [hivemq-test-hivemq-platform] [hivemq-platform-operator] [6fc873e9] 23:36:11.295 [ReconcilerExecutor-hivemq-controller-112] DEBUG c.h.p.o.HiveMQPlatformReconciler - [helminit] StatefulSet Spec (replicas: 1, init containers: 2, containers: 1, volumes: 4)
2025-01-28 23:36:11,304 INFO c.h.h.t.HelmChartContainer - [test-hivemq-platform] [hivemq] [dc023177] WARN  - [HiveMQ Platform Operator Init App 1.7.0-SNAPSHOT] Cannot connect to Health API for readiness: null
2025-01-28 23:36:11,309 INFO c.h.h.t.HelmChartContainer - [EVENT] Warning [Unhealthy] Readiness probe failed: HTTP probe failed with statuscode: 503 [helminitcontainerit:test-hivemq-platform-0]
2025-01-28 23:36:11,309 INFO c.h.h.t.HelmChartContainer - Received Unhealthy event for container hivemq in pod test-hivemq-platform-0 [dc023177-4b3c-4bd5-94bc-7619dd3b1afb]
2025-01-28 23:36:11,375 INFO c.h.h.t.HelmChartContainer - [hivemq-test-hivemq-platform] [hivemq-platform-operator] [6fc873e9] 23:36:11.374 [ReconcilerExecutor-hivemq-controller-112] DEBUG c.h.p.o.h.HiveMQPlatformReconcilerErrorHandler - [helminit] Pod 'test-hivemq-platform-0' phase Running
2025-01-28 23:36:11,376 INFO c.h.h.t.HelmChartContainer - [hivemq-test-hivemq-platform] [hivemq-platform-operator] [6fc873e9] 23:36:11.375 [ReconcilerExecutor-hivemq-controller-112] INFO  c.h.p.o.h.HiveMQPlatformReconcilerBaseHandler - [helminit] HiveMQ Platform is starting, 0 of 1 replicas are ready
2025-01-28 23:36:12,604 INFO c.h.h.t.HelmChartContainer - [test-hivemq-platform] [hivemq] [dc023177] INFO  - No valid license file found. Using trial license, restricted to 25 connections.
2025-01-28 23:36:15,723 INFO c.h.h.t.HelmChartContainer - [test-hivemq-platform] [hivemq] [dc023177] INFO  - No valid license file for Data Hub found. Using free license, restricted to 1 policy.
2025-01-28 23:36:16,305 INFO c.h.h.t.HelmChartContainer - [test-hivemq-platform] [hivemq] [dc023177] WARN  - [HiveMQ Platform Operator Init App 1.7.0-SNAPSHOT] Cannot connect to Health API for readiness: null
2025-01-28 23:36:16,311 INFO c.h.h.t.HelmChartContainer - [EVENT] Warning [Unhealthy] Readiness probe failed: HTTP probe failed with statuscode: 503 [helminitcontainerit:test-hivemq-platform-0]
2025-01-28 23:36:16,311 INFO c.h.h.t.HelmChartContainer - Received Unhealthy event for container hivemq in pod test-hivemq-platform-0 [dc023177-4b3c-4bd5-94bc-7619dd3b1afb]
2025-01-28 23:36:16,915 INFO c.h.h.t.HelmChartContainer - [test-hivemq-platform] [hivemq] [dc023177] INFO  - Audit Logger started.
2025-01-28 23:36:17,151 INFO c.h.h.t.HelmChartContainer - [test-hivemq-platform] [hivemq] [dc023177] INFO  - This node uses '1' CPU cores.
2025-01-28 23:36:17,206 INFO c.h.h.t.HelmChartContainer - [test-hivemq-platform] [hivemq] [dc023177] INFO  - Starting HiveMQ Health API on address 0.0.0.0 and port 8889
2025-01-28 23:36:18,011 INFO c.h.h.t.HelmChartContainer - [test-hivemq-platform] [hivemq] [dc023177] INFO  - Started HiveMQ Health API in 805ms
2025-01-28 23:36:18,524 INFO c.h.h.t.HelmChartContainer - [test-hivemq-platform] [hivemq] [dc023177] INFO  - Starting HiveMQ extension system.
2025-01-28 23:36:18,814 INFO c.h.h.t.HelmChartContainer - [test-hivemq-platform] [hivemq] [dc023177] INFO  - Starting extension with id "hivemq-dns-cluster-discovery" at /opt/hivemq/extensions/hivemq-dns-cluster-discovery
2025-01-28 23:36:19,218 INFO c.h.h.t.HelmChartContainer - [test-hivemq-platform] [hivemq] [dc023177] INFO  - Using TCP cluster transport on address 10.42.0.8 and port 7000
2025-01-28 23:36:19,308 INFO c.h.h.t.HelmChartContainer - [test-hivemq-platform] [hivemq] [dc023177] INFO  - Using extension cluster discovery
2025-01-28 23:36:19,510 INFO c.h.h.t.HelmChartContainer - [test-hivemq-platform] [hivemq] [dc023177] INFO  - Extension "DNS Cluster Discovery Extension" version 4.3.2 started successfully.
2025-01-28 23:36:19,511 INFO c.h.h.t.HelmChartContainer - [test-hivemq-platform] [hivemq] [dc023177] INFO  - Starting extension with id "hivemq-prometheus-extension" at /opt/hivemq/extensions/hivemq-prometheus-extension
2025-01-28 23:36:20,215 INFO c.h.h.t.HelmChartContainer - [test-hivemq-platform] [hivemq] [dc023177] INFO  - Started Jetty Server exposing Prometheus Servlet on URI http://0.0.0.0:9399/
2025-01-28 23:36:20,215 INFO c.h.h.t.HelmChartContainer - [test-hivemq-platform] [hivemq] [dc023177] INFO  - Extension "Prometheus Monitoring Extension" version 4.0.12 started successfully.
2025-01-28 23:36:20,215 INFO c.h.h.t.HelmChartContainer - [test-hivemq-platform] [hivemq] [dc023177] INFO  - Starting extension with id "hivemq-allow-all-extension" at /opt/hivemq/extensions/hivemq-allow-all-extension
2025-01-28 23:36:20,215 INFO c.h.h.t.HelmChartContainer - [test-hivemq-platform] [hivemq] [dc023177] WARN  - 
2025-01-28 23:36:20,215 INFO c.h.h.t.HelmChartContainer - [test-hivemq-platform] [hivemq] [dc023177] ################################################################################################################
2025-01-28 23:36:20,215 INFO c.h.h.t.HelmChartContainer - [test-hivemq-platform] [hivemq] [dc023177] # This HiveMQ deployment is not secure! You are lacking Authentication and Authorization.                      #
2025-01-28 23:36:20,215 INFO c.h.h.t.HelmChartContainer - [test-hivemq-platform] [hivemq] [dc023177] # Right now any MQTT client can connect to the broker with a full set of permissions.                          #
2025-01-28 23:36:20,215 INFO c.h.h.t.HelmChartContainer - [test-hivemq-platform] [hivemq] [dc023177] # For production usage, add an appropriate security extension and remove the hivemq-allow-all extension.       #
2025-01-28 23:36:20,215 INFO c.h.h.t.HelmChartContainer - [test-hivemq-platform] [hivemq] [dc023177] # You can download security extensions from the HiveMQ Marketplace (https://www.hivemq.com/extensions/).       #
2025-01-28 23:36:20,215 INFO c.h.h.t.HelmChartContainer - [test-hivemq-platform] [hivemq] [dc023177] ################################################################################################################
2025-01-28 23:36:20,215 INFO c.h.h.t.HelmChartContainer - [test-hivemq-platform] [hivemq] [dc023177] INFO  - Extension "Allow All Extension" version 1.1.1 started successfully.
2025-01-28 23:36:21,381 INFO c.h.h.t.HelmChartContainer - [hivemq-test-hivemq-platform] [hivemq-platform-operator] [6fc873e9] 23:36:21.379 [pool-6-thread-2] DEBUG c.h.p.o.d.PlatformServiceResource - [helminit] Desired Platform services (3 services)
2025-01-28 23:36:21,381 INFO c.h.h.t.HelmChartContainer - [hivemq-test-hivemq-platform] [hivemq-platform-operator] [6fc873e9] 23:36:21.380 [pool-6-thread-7] DEBUG c.h.p.o.dependants.PodInfoConfigMap - [helminit] Desired PodInfo ConfigMap (1 extensions) (1 enabled)
2025-01-28 23:36:21,381 INFO c.h.h.t.HelmChartContainer - [hivemq-test-hivemq-platform] [hivemq-platform-operator] [6fc873e9] 23:36:21.380 [pool-6-thread-7] DEBUG c.h.p.o.dependants.PodInfoConfigMap - [helminit] Desired PodInfo ConfigMap (metrics port: 9399) (metrics path: /)
2025-01-28 23:36:21,381 INFO c.h.h.t.HelmChartContainer - [hivemq-test-hivemq-platform] [hivemq-platform-operator] [6fc873e9] 23:36:21.380 [pool-6-thread-7] DEBUG c.h.p.o.dependants.PodInfoConfigMap - [helminit] Desired PodInfo ConfigMap (extension state hash: -1817474005)
2025-01-28 23:36:21,384 INFO c.h.h.t.HelmChartContainer - [hivemq-test-hivemq-platform] [hivemq-platform-operator] [6fc873e9] 23:36:21.381 [pool-6-thread-1] DEBUG c.h.p.o.d.PodServiceAccountResource - [helminit] Desired PodServiceAccountResource (serviceAccountName: hivemq-platform-pod-test-hivemq-platform)
2025-01-28 23:36:21,385 INFO c.h.h.t.HelmChartContainer - [hivemq-test-hivemq-platform] [hivemq-platform-operator] [6fc873e9] 23:36:21.385 [pool-6-thread-2] DEBUG c.h.p.o.d.StatefulSetResource - [helminit] Desired StatefulSet (1 replicas) for status STARTING (READY)
2025-01-28 23:36:21,389 INFO c.h.h.t.HelmChartContainer - [hivemq-test-hivemq-platform] [hivemq-platform-operator] [6fc873e9] 23:36:21.387 [ReconcilerExecutor-hivemq-controller-113] INFO  c.h.p.o.HiveMQPlatformReconciler - [helminit] Reconciling HiveMQ Platform 'test-hivemq-platform' in namespace 'helminitcontainerit'
2025-01-28 23:36:21,389 INFO c.h.h.t.HelmChartContainer - [hivemq-test-hivemq-platform] [hivemq-platform-operator] [6fc873e9] 23:36:21.388 [ReconcilerExecutor-hivemq-controller-113] DEBUG c.h.p.o.HiveMQPlatformReconciler - [helminit] Custom Resource Status STARTING - HiveMQ Platform is starting (READY)
2025-01-28 23:36:21,389 INFO c.h.h.t.HelmChartContainer - [hivemq-test-hivemq-platform] [hivemq-platform-operator] [6fc873e9] 23:36:21.388 [ReconcilerExecutor-hivemq-controller-113] DEBUG c.h.p.o.HiveMQPlatformReconciler - [helminit] Custom Resource Spec (replicas: 1) (extensions: 1)
2025-01-28 23:36:21,390 INFO c.h.h.t.HelmChartContainer - [hivemq-test-hivemq-platform] [hivemq-platform-operator] [6fc873e9] 23:36:21.389 [ReconcilerExecutor-hivemq-controller-113] DEBUG c.h.p.o.HiveMQPlatformReconciler - [helminit] StatefulSet Status (revision: test-hivemq-platform-bdc69c5dd, replicas: 1, available: 0, ready: 0, current: 1, updated: 1)
2025-01-28 23:36:21,390 INFO c.h.h.t.HelmChartContainer - [hivemq-test-hivemq-platform] [hivemq-platform-operator] [6fc873e9] 23:36:21.389 [ReconcilerExecutor-hivemq-controller-113] DEBUG c.h.p.o.HiveMQPlatformReconciler - [helminit] StatefulSet Spec (replicas: 1, init containers: 2, containers: 1, volumes: 4)
2025-01-28 23:36:21,391 INFO c.h.h.t.HelmChartContainer - [hivemq-test-hivemq-platform] [hivemq-platform-operator] [6fc873e9] 23:36:21.390 [ReconcilerExecutor-hivemq-controller-113] DEBUG c.h.p.o.h.HiveMQPlatformReconcilerErrorHandler - [helminit] Pod 'test-hivemq-platform-0' phase Running
2025-01-28 23:36:21,392 INFO c.h.h.t.HelmChartContainer - [hivemq-test-hivemq-platform] [hivemq-platform-operator] [6fc873e9] 23:36:21.391 [ReconcilerExecutor-hivemq-controller-113] INFO  c.h.p.o.h.HiveMQPlatformReconcilerBaseHandler - [helminit] HiveMQ Platform is starting, 0 of 1 replicas are ready
2025-01-28 23:36:21,718 INFO c.h.h.t.HelmChartContainer - [test-hivemq-platform] [hivemq] [dc023177] INFO  - [HiveMQ Platform Operator Init App 1.7.0-SNAPSHOT] Returning Health API response 503 for readiness
2025-01-28 23:36:21,722 INFO c.h.h.t.HelmChartContainer - [EVENT] Warning [Unhealthy] Readiness probe failed: HTTP probe failed with statuscode: 503 [helminitcontainerit:test-hivemq-platform-0]
2025-01-28 23:36:21,722 INFO c.h.h.t.HelmChartContainer - Received Unhealthy event for container hivemq in pod test-hivemq-platform-0 [dc023177-4b3c-4bd5-94bc-7619dd3b1afb]
2025-01-28 23:36:22,424 INFO c.h.h.t.HelmChartContainer - [test-hivemq-platform] [hivemq] [dc023177] INFO  - 598Jh: no members discovered after 2717 ms: creating cluster as first member
2025-01-28 23:36:22,431 INFO c.h.h.t.HelmChartContainer - [test-hivemq-platform] [hivemq] [dc023177] INFO  - Cluster nodes found by discovery: [598Jh|0] (1) [598Jh].
2025-01-28 23:36:22,507 INFO c.h.h.t.HelmChartContainer - [test-hivemq-platform] [hivemq] [dc023177] WARN  - No user for HiveMQ Control Center configured. Starting with default user
2025-01-28 23:36:22,507 INFO c.h.h.t.HelmChartContainer - [test-hivemq-platform] [hivemq] [dc023177] INFO  - Starting HiveMQ Control Center on address 0.0.0.0 and port 8080
2025-01-28 23:36:22,510 INFO c.h.h.t.HelmChartContainer - [test-hivemq-platform] [hivemq] [dc023177] INFO  - Mounting HiveMQ Control Center V2 Preview
2025-01-28 23:36:23,021 INFO c.h.h.t.HelmChartContainer - [test-hivemq-platform] [hivemq] [dc023177] INFO  - Started HiveMQ Control Center in 515ms
2025-01-28 23:36:23,115 INFO c.h.h.t.HelmChartContainer - [test-hivemq-platform] [hivemq] [dc023177] INFO  - Starting TCP listener on address 0.0.0.0 and port 1883
2025-01-28 23:36:23,128 INFO c.h.h.t.HelmChartContainer - [test-hivemq-platform] [hivemq] [dc023177] INFO  - Started TCP Listener on address 0.0.0.0 and on port 1883.
2025-01-28 23:36:23,128 INFO c.h.h.t.HelmChartContainer - [test-hivemq-platform] [hivemq] [dc023177] INFO  - Started HiveMQ in 30410ms
2025-01-28 23:36:26,231 INFO c.h.h.t.HelmChartContainer - [test-hivemq-platform] [hivemq] [dc023177] INFO  - [HiveMQ Platform Operator Init App 1.7.0-SNAPSHOT] Returning Health API response 200 for readiness
2025-01-28 23:36:26,246 INFO c.h.h.t.HelmChartContainer - [POD] test-hivemq-platform-0 [dc023177-4b3c-4bd5-94bc-7619dd3b1afb] in helminitcontainerit was MODIFIED
2025-01-28 23:36:26,259 INFO c.h.h.t.HelmChartContainer - [hivemq-test-hivemq-platform] [hivemq-platform-operator] [6fc873e9] 23:36:26.252 [pool-6-thread-19] DEBUG c.h.p.o.d.PlatformServiceResource - [helminit] Desired Platform services (3 services)
2025-01-28 23:36:26,259 INFO c.h.h.t.HelmChartContainer - [hivemq-test-hivemq-platform] [hivemq-platform-operator] [6fc873e9] 23:36:26.254 [pool-6-thread-15] DEBUG c.h.p.o.dependants.PodInfoConfigMap - [helminit] Desired PodInfo ConfigMap (1 extensions) (1 enabled)
2025-01-28 23:36:26,260 INFO c.h.h.t.HelmChartContainer - [hivemq-test-hivemq-platform] [hivemq-platform-operator] [6fc873e9] 23:36:26.258 [pool-6-thread-15] DEBUG c.h.p.o.dependants.PodInfoConfigMap - [helminit] Desired PodInfo ConfigMap (metrics port: 9399) (metrics path: /)
2025-01-28 23:36:26,260 INFO c.h.h.t.HelmChartContainer - [hivemq-test-hivemq-platform] [hivemq-platform-operator] [6fc873e9] 23:36:26.258 [pool-6-thread-15] DEBUG c.h.p.o.dependants.PodInfoConfigMap - [helminit] Desired PodInfo ConfigMap (extension state hash: -1817474005)
2025-01-28 23:36:26,262 INFO c.h.h.t.HelmChartContainer - [hivemq-test-hivemq-platform] [hivemq-platform-operator] [6fc873e9] 23:36:26.256 [pool-6-thread-11] DEBUG c.h.p.o.d.PodServiceAccountResource - [helminit] Desired PodServiceAccountResource (serviceAccountName: hivemq-platform-pod-test-hivemq-platform)
2025-01-28 23:36:26,265 INFO c.h.h.t.HelmChartContainer - [hivemq-test-hivemq-platform] [hivemq-platform-operator] [6fc873e9] 23:36:26.264 [pool-6-thread-19] DEBUG c.h.p.o.d.StatefulSetResource - [helminit] Desired StatefulSet (1 replicas) for status STARTING (READY)
2025-01-28 23:36:26,278 INFO c.h.h.t.HelmChartContainer - [hivemq-test-hivemq-platform] [hivemq-platform-operator] [6fc873e9] 23:36:26.276 [ReconcilerExecutor-hivemq-controller-114] INFO  c.h.p.o.HiveMQPlatformReconciler - [helminit] Reconciling HiveMQ Platform 'test-hivemq-platform' in namespace 'helminitcontainerit'
2025-01-28 23:36:26,278 INFO c.h.h.t.HelmChartContainer - [hivemq-test-hivemq-platform] [hivemq-platform-operator] [6fc873e9] 23:36:26.276 [ReconcilerExecutor-hivemq-controller-114] DEBUG c.h.p.o.HiveMQPlatformReconciler - [helminit] Custom Resource Status STARTING - HiveMQ Platform is starting (READY)
2025-01-28 23:36:26,278 INFO c.h.h.t.HelmChartContainer - [hivemq-test-hivemq-platform] [hivemq-platform-operator] [6fc873e9] 23:36:26.276 [ReconcilerExecutor-hivemq-controller-114] DEBUG c.h.p.o.HiveMQPlatformReconciler - [helminit] Custom Resource Spec (replicas: 1) (extensions: 1)
2025-01-28 23:36:26,279 INFO c.h.h.t.HelmChartContainer - [hivemq-test-hivemq-platform] [hivemq-platform-operator] [6fc873e9] 23:36:26.278 [ReconcilerExecutor-hivemq-controller-114] DEBUG c.h.p.o.HiveMQPlatformReconciler - [helminit] StatefulSet Status (revision: test-hivemq-platform-bdc69c5dd, replicas: 1, available: 1, ready: 1, current: 1, updated: 1)
2025-01-28 23:36:26,279 INFO c.h.h.t.HelmChartContainer - [hivemq-test-hivemq-platform] [hivemq-platform-operator] [6fc873e9] 23:36:26.278 [ReconcilerExecutor-hivemq-controller-114] DEBUG c.h.p.o.HiveMQPlatformReconciler - [helminit] StatefulSet Spec (replicas: 1, init containers: 2, containers: 1, volumes: 4)
2025-01-28 23:36:26,282 INFO c.h.h.t.HelmChartContainer - [hivemq-test-hivemq-platform] [hivemq-platform-operator] [6fc873e9] 23:36:26.280 [ReconcilerExecutor-hivemq-controller-114] DEBUG c.h.p.o.h.HiveMQPlatformReconcilerErrorHandler - [helminit] Pod 'test-hivemq-platform-0' phase Running
2025-01-28 23:36:26,284 INFO c.h.h.t.HelmChartContainer - [hivemq-test-hivemq-platform] [hivemq-platform-operator] [6fc873e9] 23:36:26.282 [ReconcilerExecutor-hivemq-controller-114] INFO  c.h.p.o.h.HiveMQPlatformReconcilerBaseHandler - [helminit] HiveMQ Platform started successfully
2025-01-28 23:36:26,385 INFO c.h.h.t.HelmChartContainer - [hivemq-test-hivemq-platform] [hivemq-platform-operator] [6fc873e9] 23:36:26.384 [ReconcilerExecutor-hivemq-controller-114] DEBUG c.h.p.operator.event.EventSender - [helminit] Creating K8s event hivemq-platform-ready: [Ready] HiveMQ Platform is ready
2025-01-28 23:36:26,388 INFO c.h.h.t.HelmChartContainer - [EVENT] Normal [Ready] HiveMQ Platform is ready [helminitcontainerit:test-hivemq-platform]
2025-01-28 23:36:26,455 INFO c.h.h.t.HelmChartContainer - [hivemq-test-hivemq-platform] [hivemq-platform-operator] [6fc873e9] 23:36:26.454 [ReconcilerExecutor-hivemq-controller-114] INFO  c.h.p.o.h.AbstractHiveMQReconcilerStateHandler - [helminit] Update HiveMQ Platform Status (STARTING [READY] -> RUNNING [READY]): HiveMQ Platform is ready
2025-01-28 23:36:26,464 DEBUG com.hivemq.helmcharts.util.K8sUtil - Comparing actual state 'RUNNING' and waiting for 'RUNNING'
2025-01-28 23:36:26,485 INFO c.h.h.t.HelmChartContainer - [hivemq-test-hivemq-platform] [hivemq-platform-operator] [6fc873e9] 23:36:26.480 [pool-6-thread-25] DEBUG c.h.p.o.d.PlatformServiceResource - [helminit] Desired Platform services (3 services)
2025-01-28 23:36:26,486 INFO c.h.h.t.HelmChartContainer - [hivemq-test-hivemq-platform] [hivemq-platform-operator] [6fc873e9] 23:36:26.483 [pool-6-thread-28] DEBUG c.h.p.o.dependants.PodInfoConfigMap - [helminit] Desired PodInfo ConfigMap (1 extensions) (1 enabled)
2025-01-28 23:36:26,488 INFO c.h.h.t.HelmChartContainer - [hivemq-test-hivemq-platform] [hivemq-platform-operator] [6fc873e9] 23:36:26.483 [pool-6-thread-28] DEBUG c.h.p.o.dependants.PodInfoConfigMap - [helminit] Desired PodInfo ConfigMap (metrics port: 9399) (metrics path: /)
2025-01-28 23:36:26,489 INFO c.h.h.t.HelmChartContainer - [hivemq-test-hivemq-platform] [hivemq-platform-operator] [6fc873e9] 23:36:26.483 [pool-6-thread-28] DEBUG c.h.p.o.dependants.PodInfoConfigMap - [helminit] Desired PodInfo ConfigMap (extension state hash: -1817474005)
2025-01-28 23:36:26,489 INFO c.h.h.t.HelmChartContainer - [hivemq-test-hivemq-platform] [hivemq-platform-operator] [6fc873e9] 23:36:26.484 [pool-6-thread-28] DEBUG c.h.p.o.dependants.PodInfoConfigMap - [helminit] Update PodInfo ConfigMap
2025-01-28 23:36:26,489 INFO c.h.h.t.HelmChartContainer - [hivemq-test-hivemq-platform] [hivemq-platform-operator] [6fc873e9] 23:36:26.485 [pool-6-thread-29] DEBUG c.h.p.o.d.PodServiceAccountResource - [helminit] Desired PodServiceAccountResource (serviceAccountName: hivemq-platform-pod-test-hivemq-platform)
2025-01-28 23:36:26,557 INFO c.h.h.t.HelmChartContainer - [hivemq-test-hivemq-platform] [hivemq-platform-operator] [6fc873e9] 23:36:26.556 [pool-6-thread-28] DEBUG c.h.p.o.d.StatefulSetResource - [helminit] Desired StatefulSet (1 replicas) for status RUNNING (READY)
2025-01-28 23:36:26,574 INFO c.h.h.t.HelmChartContainer - [hivemq-test-hivemq-platform] [hivemq-platform-operator] [6fc873e9] 23:36:26.573 [ReconcilerExecutor-hivemq-controller-115] INFO  c.h.p.o.HiveMQPlatformReconciler - [helminit] Reconciling HiveMQ Platform 'test-hivemq-platform' in namespace 'helminitcontainerit'
2025-01-28 23:36:26,574 INFO c.h.h.t.HelmChartContainer - [hivemq-test-hivemq-platform] [hivemq-platform-operator] [6fc873e9] 23:36:26.573 [ReconcilerExecutor-hivemq-controller-115] DEBUG c.h.p.o.HiveMQPlatformReconciler - [helminit] Custom Resource Status RUNNING - HiveMQ Platform is ready (READY)
2025-01-28 23:36:26,574 INFO c.h.h.t.HelmChartContainer - [hivemq-test-hivemq-platform] [hivemq-platform-operator] [6fc873e9] 23:36:26.573 [ReconcilerExecutor-hivemq-controller-115] DEBUG c.h.p.o.HiveMQPlatformReconciler - [helminit] Custom Resource Spec (replicas: 1) (extensions: 1)
2025-01-28 23:36:26,576 INFO c.h.h.t.HelmChartContainer - [hivemq-test-hivemq-platform] [hivemq-platform-operator] [6fc873e9] 23:36:26.575 [ReconcilerExecutor-hivemq-controller-115] DEBUG c.h.p.o.HiveMQPlatformReconciler - [helminit] StatefulSet Status (revision: test-hivemq-platform-bdc69c5dd, replicas: 1, available: 1, ready: 1, current: 1, updated: 1)
2025-01-28 23:36:26,576 INFO c.h.h.t.HelmChartContainer - [hivemq-test-hivemq-platform] [hivemq-platform-operator] [6fc873e9] 23:36:26.575 [ReconcilerExecutor-hivemq-controller-115] DEBUG c.h.p.o.HiveMQPlatformReconciler - [helminit] StatefulSet Spec (replicas: 1, init containers: 2, containers: 1, volumes: 4)
2025-01-28 23:36:26,580 INFO c.h.h.t.HelmChartContainer - [hivemq-test-hivemq-platform] [hivemq-platform-operator] [6fc873e9] 23:36:26.576 [ReconcilerExecutor-hivemq-controller-115] DEBUG c.h.p.o.h.HiveMQPlatformReconcilerErrorHandler - [helminit] Pod 'test-hivemq-platform-0' phase Running
2025-01-28 23:36:30,581 INFO c.h.h.t.HelmChartContainer - Uninstalling release 'test-hivemq-platform' in namespace 'helminitcontainerit'...
2025-01-28 23:36:30,581 DEBUG c.h.h.t.HelmChartContainer - Executing helm command: /bin/helm --kubeconfig /etc/rancher/k3s/k3s.yaml uninstall test-hivemq-platform  --wait --timeout 5m0s --cascade foreground --namespace helminitcontainerit
2025-01-28 23:36:30,780 INFO c.h.h.t.HelmChartContainer - [hivemq-test-hivemq-platform] [hivemq-platform-operator] [6fc873e9] 23:36:30.770 [ReconcilerExecutor-hivemq-controller-116] INFO  c.h.p.o.HiveMQPlatformReconciler - [helminit] Cleanup test-hivemq-platform - helminitcontainerit HiveMQ Platform is shut down
2025-01-28 23:36:31,422 INFO c.h.h.t.HelmChartContainer - [POD] test-hivemq-platform-0 [dc023177-4b3c-4bd5-94bc-7619dd3b1afb] in helminitcontainerit was MODIFIED
2025-01-28 23:36:31,433 INFO c.h.h.t.HelmChartContainer - [EVENT] Normal [Killing] Stopping container hivemq [helminitcontainerit:test-hivemq-platform-0]
2025-01-28 23:36:31,433 INFO c.h.h.t.HelmChartContainer - Received Killing event for container hivemq in pod test-hivemq-platform-0 [dc023177-4b3c-4bd5-94bc-7619dd3b1afb]
2025-01-28 23:36:31,435 INFO c.h.h.t.HelmChartContainer - Container [test-hivemq-platform-0] [hivemq] [dc023177-4b3c-4bd5-94bc-7619dd3b1afb] was terminated
2025-01-28 23:36:31,437 INFO c.h.h.t.HelmChartContainer - Stopped log watcher for hivemq in pod test-hivemq-platform-0 [dc023177-4b3c-4bd5-94bc-7619dd3b1afb]
2025-01-28 23:36:31,437 INFO c.h.h.t.HelmChartContainer - [test-hivemq-platform] [hivemq] [dc023177] INFO  - [HiveMQ Platform Operator Init App 1.7.0-SNAPSHOT] Shutting down
2025-01-28 23:36:31,437 INFO c.h.h.t.HelmChartContainer - [test-hivemq-platform] [hivemq] [dc023177] INFO  - [HiveMQ Platform Operator Init App 1.7.0-SNAPSHOT] Stopping the HiveMQ Platform
2025-01-28 23:36:31,516 INFO c.h.h.t.HelmChartContainer - [test-hivemq-platform] [hivemq] [dc023177] INFO  - Shutting down HiveMQ. Please wait, this could take a while...
2025-01-28 23:36:31,520 INFO c.h.h.t.HelmChartContainer - [test-hivemq-platform] [hivemq] [dc023177] INFO  - Shutting down listeners and clients
2025-01-28 23:36:31,604 INFO c.h.h.t.HelmChartContainer - [test-hivemq-platform] [hivemq] [dc023177] INFO  - Shutdown of listeners is done
2025-01-28 23:36:31,604 INFO c.h.h.t.HelmChartContainer - [test-hivemq-platform] [hivemq] [dc023177] INFO  - No clients are connected, proceeding with shutdown
2025-01-28 23:36:31,626 INFO c.h.h.t.HelmChartContainer - [K3S] [authentication.go:74] "Unable to authenticate the request" err="[invalid bearer token, serviceaccounts \"hivemq-platform-pod-test-hivemq-platform\" not found]"
2025-01-28 23:36:31,641 INFO c.h.h.t.HelmChartContainer - [K3S] [authentication.go:74] "Unable to authenticate the request" err="[invalid bearer token, serviceaccounts \"hivemq-platform-pod-test-hivemq-platform\" not found]"
2025-01-28 23:36:31,710 INFO c.h.h.t.HelmChartContainer - [test-hivemq-platform] [hivemq] [dc023177] WARN  - [HiveMQ Platform Operator Init App 1.7.0-SNAPSHOT] Could not update Pod annotations: Failure executing: GET at: https://10.43.0.1:443/api/v1/namespaces/helminitcontainerit/pods/test-hivemq-platform-0. Message: Unauthorized. Received status: Status(apiVersion=v1, code=401, details=null, kind=Status, message=Unauthorized, metadata=ListMeta(_continue=null, remainingItemCount=null, resourceVersion=null, selfLink=null, additionalProperties={}), reason=Unauthorized, status=Failure, additionalProperties={}).
2025-01-28 23:36:32,812 INFO c.h.h.t.HelmChartContainer - Deleting namespace 'helminitcontainerit'...
2025-01-28 23:36:34,610 INFO c.h.h.t.HelmChartContainer - [test-hivemq-platform] [hivemq] [dc023177] INFO  - Shutting down extension system
2025-01-28 23:36:34,613 INFO c.h.h.t.HelmChartContainer - [test-hivemq-platform] [hivemq] [dc023177] INFO  - Stopping extension with id hivemq-dns-cluster-discovery
2025-01-28 23:36:34,614 INFO c.h.h.t.HelmChartContainer - [test-hivemq-platform] [hivemq] [dc023177] INFO  - Extension "DNS Cluster Discovery Extension" version 4.3.2 stopped successfully.
2025-01-28 23:36:34,614 INFO c.h.h.t.HelmChartContainer - [test-hivemq-platform] [hivemq] [dc023177] INFO  - Stopping extension with id hivemq-prometheus-extension
2025-01-28 23:36:34,619 INFO c.h.h.t.HelmChartContainer - [test-hivemq-platform] [hivemq] [dc023177] INFO  - Extension "Prometheus Monitoring Extension" version 4.0.12 stopped successfully.
2025-01-28 23:36:34,619 INFO c.h.h.t.HelmChartContainer - [test-hivemq-platform] [hivemq] [dc023177] INFO  - Stopping extension with id hivemq-allow-all-extension
2025-01-28 23:36:34,619 INFO c.h.h.t.HelmChartContainer - [test-hivemq-platform] [hivemq] [dc023177] INFO  - Extension "Allow All Extension" version 1.1.1 stopped successfully.
2025-01-28 23:36:36,227 INFO c.h.h.t.HelmChartContainer - [test-hivemq-platform] [hivemq] [dc023177] INFO  - [HiveMQ Platform Operator Init App 1.7.0-SNAPSHOT] Returning shutdown Health API response 503 for readiness
2025-01-28 23:36:36,230 INFO c.h.h.t.HelmChartContainer - [EVENT] Warning [Unhealthy] Readiness probe failed: HTTP probe failed with statuscode: 503 [helminitcontainerit:test-hivemq-platform-0]
2025-01-28 23:36:36,230 INFO c.h.h.t.HelmChartContainer - Received Unhealthy event for container hivemq in pod test-hivemq-platform-0 [dc023177-4b3c-4bd5-94bc-7619dd3b1afb]
2025-01-28 23:36:36,715 INFO c.h.h.t.HelmChartContainer - [K3S] [authentication.go:74] "Unable to authenticate the request" err="[invalid bearer token, serviceaccounts \"hivemq-platform-pod-test-hivemq-platform\" not found]"
2025-01-28 23:36:36,809 INFO c.h.h.t.HelmChartContainer - [K3S] [authentication.go:74] "Unable to authenticate the request" err="[invalid bearer token, serviceaccounts \"hivemq-platform-pod-test-hivemq-platform\" not found]"
2025-01-28 23:36:36,812 INFO c.h.h.t.HelmChartContainer - [test-hivemq-platform] [hivemq] [dc023177] WARN  - [HiveMQ Platform Operator Init App 1.7.0-SNAPSHOT] Could not update Pod annotations: Failure executing: GET at: https://10.43.0.1:443/api/v1/namespaces/helminitcontainerit/pods/test-hivemq-platform-0. Message: Unauthorized. Received status: Status(apiVersion=v1, code=401, details=null, kind=Status, message=Unauthorized, metadata=ListMeta(_continue=null, remainingItemCount=null, resourceVersion=null, selfLink=null, additionalProperties={}), reason=Unauthorized, status=Failure, additionalProperties={}).
2025-01-28 23:36:37,010 INFO c.h.h.t.HelmChartContainer - [test-hivemq-platform] [hivemq] [dc023177] INFO  - Shutdown completed.
2025-01-28 23:36:37,357 INFO c.h.h.t.HelmChartContainer - [test-hivemq-platform] [hivemq] [dc023177] INFO  - [HiveMQ Platform Operator Init App 1.7.0-SNAPSHOT] The HiveMQ Platform exited with code 143
2025-01-28 23:36:37,357 INFO c.h.h.t.HelmChartContainer - [test-hivemq-platform] [hivemq] [dc023177] INFO  - [HiveMQ Platform Operator Init App 1.7.0-SNAPSHOT] Stopping the REST API
2025-01-28 23:36:37,365 INFO c.h.h.t.HelmChartContainer - [test-hivemq-platform] [hivemq] [dc023177] INFO  - [HiveMQ Platform Operator Init App 1.7.0-SNAPSHOT] Shutdown complete
2025-01-28 23:36:37,809 INFO c.h.h.t.HelmChartContainer - [K3S] [stateful_set.go:438] "Unhandled Error" err="error syncing StatefulSet helminitcontainerit/test-hivemq-platform, requeuing: controllerrevisions.apps \"test-hivemq-platform-bdc69c5dd\" is forbidden: unable to create new content in namespace helminitcontainerit because it is being terminated"
2025-01-28 23:36:37,810 INFO c.h.h.t.HelmChartContainer - [POD] test-hivemq-platform-0 [dc023177-4b3c-4bd5-94bc-7619dd3b1afb] in helminitcontainerit was MODIFIED
2025-01-28 23:36:37,818 INFO c.h.h.t.HelmChartContainer - [K3S] [stateful_set.go:438] "Unhandled Error" err="error syncing StatefulSet helminitcontainerit/test-hivemq-platform, requeuing: controllerrevisions.apps \"test-hivemq-platform-bdc69c5dd\" is forbidden: unable to create new content in namespace helminitcontainerit because it is being terminated"
2025-01-28 23:36:37,831 INFO c.h.h.t.HelmChartContainer - [K3S] [stateful_set.go:438] "Unhandled Error" err="error syncing StatefulSet helminitcontainerit/test-hivemq-platform, requeuing: controllerrevisions.apps \"test-hivemq-platform-bdc69c5dd\" is forbidden: unable to create new content in namespace helminitcontainerit because it is being terminated"
2025-01-28 23:36:37,840 INFO c.h.h.t.HelmChartContainer - [K3S] [reconciler_common.go:162] "operationExecutor.UnmountVolume started for volume \"init-container-volume\" (UniqueName: \"kubernetes.io/empty-dir/dc023177-4b3c-4bd5-94bc-7619dd3b1afb-init-container-volume\") pod \"dc023177-4b3c-4bd5-94bc-7619dd3b1afb\" (UID: \"dc023177-4b3c-4bd5-94bc-7619dd3b1afb\") "
2025-01-28 23:36:37,840 INFO c.h.h.t.HelmChartContainer - [K3S] [reconciler_common.go:162] "operationExecutor.UnmountVolume started for volume \"broker-configuration\" (UniqueName: \"kubernetes.io/configmap/dc023177-4b3c-4bd5-94bc-7619dd3b1afb-broker-configuration\") pod \"dc023177-4b3c-4bd5-94bc-7619dd3b1afb\" (UID: \"dc023177-4b3c-4bd5-94bc-7619dd3b1afb\") "
2025-01-28 23:36:37,840 INFO c.h.h.t.HelmChartContainer - [K3S] [reconciler_common.go:162] "operationExecutor.UnmountVolume started for volume \"operator-init\" (UniqueName: \"kubernetes.io/empty-dir/dc023177-4b3c-4bd5-94bc-7619dd3b1afb-operator-init\") pod \"dc023177-4b3c-4bd5-94bc-7619dd3b1afb\" (UID: \"dc023177-4b3c-4bd5-94bc-7619dd3b1afb\") "
2025-01-28 23:36:37,840 INFO c.h.h.t.HelmChartContainer - [K3S] [reconciler_common.go:162] "operationExecutor.UnmountVolume started for volume \"pod-info\" (UniqueName: \"kubernetes.io/configmap/dc023177-4b3c-4bd5-94bc-7619dd3b1afb-pod-info\") pod \"dc023177-4b3c-4bd5-94bc-7619dd3b1afb\" (UID: \"dc023177-4b3c-4bd5-94bc-7619dd3b1afb\") "
2025-01-28 23:36:37,840 INFO c.h.h.t.HelmChartContainer - [K3S] [reconciler_common.go:162] "operationExecutor.UnmountVolume started for volume \"kube-api-access-l6rfg\" (UniqueName: \"kubernetes.io/projected/dc023177-4b3c-4bd5-94bc-7619dd3b1afb-kube-api-access-l6rfg\") pod \"dc023177-4b3c-4bd5-94bc-7619dd3b1afb\" (UID: \"dc023177-4b3c-4bd5-94bc-7619dd3b1afb\") "
2025-01-28 23:36:37,854 INFO c.h.h.t.HelmChartContainer - [K3S] [stateful_set.go:438] "Unhandled Error" err="error syncing StatefulSet helminitcontainerit/test-hivemq-platform, requeuing: controllerrevisions.apps \"test-hivemq-platform-bdc69c5dd\" is forbidden: unable to create new content in namespace helminitcontainerit because it is being terminated"
2025-01-28 23:36:37,897 INFO c.h.h.t.HelmChartContainer - [K3S] [stateful_set.go:438] "Unhandled Error" err="error syncing StatefulSet helminitcontainerit/test-hivemq-platform, requeuing: controllerrevisions.apps \"test-hivemq-platform-bdc69c5dd\" is forbidden: unable to create new content in namespace helminitcontainerit because it is being terminated"
2025-01-28 23:36:37,903 INFO c.h.h.t.HelmChartContainer - [K3S] [stateful_set.go:466] "StatefulSet has been deleted" key="helminitcontainerit/test-hivemq-platform"
2025-01-28 23:36:37,940 INFO c.h.h.t.HelmChartContainer - [K3S] [reconciler_common.go:299] "Volume detached for volume \"init-container-volume\" (UniqueName: \"kubernetes.io/empty-dir/dc023177-4b3c-4bd5-94bc-7619dd3b1afb-init-container-volume\") on node \"59fa806875ec\" DevicePath \"\""
2025-01-28 23:36:37,940 INFO c.h.h.t.HelmChartContainer - [K3S] [reconciler_common.go:299] "Volume detached for volume \"pod-info\" (UniqueName: \"kubernetes.io/configmap/dc023177-4b3c-4bd5-94bc-7619dd3b1afb-pod-info\") on node \"59fa806875ec\" DevicePath \"\""
2025-01-28 23:36:37,940 INFO c.h.h.t.HelmChartContainer - [K3S] [reconciler_common.go:299] "Volume detached for volume \"kube-api-access-l6rfg\" (UniqueName: \"kubernetes.io/projected/dc023177-4b3c-4bd5-94bc-7619dd3b1afb-kube-api-access-l6rfg\") on node \"59fa806875ec\" DevicePath \"\""
2025-01-28 23:36:37,940 INFO c.h.h.t.HelmChartContainer - [K3S] [reconciler_common.go:299] "Volume detached for volume \"broker-configuration\" (UniqueName: \"kubernetes.io/configmap/dc023177-4b3c-4bd5-94bc-7619dd3b1afb-broker-configuration\") on node \"59fa806875ec\" DevicePath \"\""
2025-01-28 23:36:37,940 INFO c.h.h.t.HelmChartContainer - [K3S] [reconciler_common.go:299] "Volume detached for volume \"operator-init\" (UniqueName: \"kubernetes.io/empty-dir/dc023177-4b3c-4bd5-94bc-7619dd3b1afb-operator-init\") on node \"59fa806875ec\" DevicePath \"\""
2025-01-28 23:36:37,971 INFO c.h.h.t.HelmChartContainer - [K3S] [namespace_controller.go:164] "Unhandled Error" err="deletion of namespace helminitcontainerit failed: unexpected items still remain in namespace: helminitcontainerit for gvr: /v1, Resource=pods"
2025-01-28 23:36:37,978 INFO c.h.h.t.HelmChartContainer - [K3S] [stateful_set.go:466] "StatefulSet has been deleted" key="helminitcontainerit/test-hivemq-platform"
2025-01-28 23:36:38,107 INFO c.h.h.t.HelmChartContainer - [K3S] [namespace_controller.go:164] "Unhandled Error" err="deletion of namespace helminitcontainerit failed: unexpected items still remain in namespace: helminitcontainerit for gvr: /v1, Resource=pods"
2025-01-28 23:36:38,204 INFO c.h.h.t.HelmChartContainer - [K3S] [namespace_controller.go:164] "Unhandled Error" err="deletion of namespace helminitcontainerit failed: unexpected items still remain in namespace: helminitcontainerit for gvr: /v1, Resource=pods"
2025-01-28 23:36:38,312 INFO c.h.h.t.HelmChartContainer - [K3S] [namespace_controller.go:164] "Unhandled Error" err="deletion of namespace helminitcontainerit failed: unexpected items still remain in namespace: helminitcontainerit for gvr: /v1, Resource=pods"
2025-01-28 23:36:38,438 INFO c.h.h.t.HelmChartContainer - [K3S] [namespace_controller.go:164] "Unhandled Error" err="deletion of namespace helminitcontainerit failed: unexpected items still remain in namespace: helminitcontainerit for gvr: /v1, Resource=pods"
2025-01-28 23:36:38,582 INFO c.h.h.t.HelmChartContainer - [K3S] [scope.go:117] "RemoveContainer" containerID="b1793d8f5d2f3f8db7d56eff8beca0cdb148ed55d1856ef2d2f9ad0f5bc08c5a"
2025-01-28 23:36:38,600 INFO c.h.h.t.HelmChartContainer - [POD] test-hivemq-platform-0 [dc023177-4b3c-4bd5-94bc-7619dd3b1afb] in helminitcontainerit was MODIFIED
2025-01-28 23:36:38,602 INFO c.h.h.t.HelmChartContainer - [POD] test-hivemq-platform-0 [dc023177-4b3c-4bd5-94bc-7619dd3b1afb] in helminitcontainerit was DELETED
2025-01-28 23:36:38,618 INFO c.h.h.t.HelmChartContainer - [K3S] [namespace_controller.go:164] "Unhandled Error" err="deletion of namespace helminitcontainerit failed: unexpected items still remain in namespace: helminitcontainerit for gvr: /v1, Resource=pods"
2025-01-28 23:36:38,685 INFO c.h.h.t.HelmChartContainer - [K3S] [scope.go:117] "RemoveContainer" containerID="bd229f89ab365ad2bce57131b9da812d4123fe86e56df64ae6716ad009be1358"
2025-01-28 23:36:38,688 INFO c.h.h.t.HelmChartContainer - [K3S] [scope.go:117] "RemoveContainer" containerID="8875e8fef74fc46b8aec8737c52e0f813a03fe45c70e10802c73b7fdde1e5250"
2025-01-28 23:36:38,691 INFO c.h.h.t.HelmChartContainer - [K3S] [scope.go:117] "RemoveContainer" containerID="b1793d8f5d2f3f8db7d56eff8beca0cdb148ed55d1856ef2d2f9ad0f5bc08c5a"
2025-01-28 23:36:38,691 INFO c.h.h.t.HelmChartContainer - [K3S] [scope.go:117] "RemoveContainer" containerID="bd229f89ab365ad2bce57131b9da812d4123fe86e56df64ae6716ad009be1358"
2025-01-28 23:36:38,692 INFO c.h.h.t.HelmChartContainer - [K3S] [scope.go:117] "RemoveContainer" containerID="8875e8fef74fc46b8aec8737c52e0f813a03fe45c70e10802c73b7fdde1e5250"
2025-01-28 23:36:38,933 INFO c.h.h.t.HelmChartContainer - Namespace 'helminitcontainerit' deleted
2025-01-28 23:36:38,933 INFO c.h.h.t.HelmChartContainer - Release 'test-hivemq-platform' in namespace 'helminitcontainerit' is uninstalled
2025-01-28 23:36:38,933 INFO c.h.h.t.HelmChartContainer - Uninstalling release 'test-hivemq-platform-operator' in namespace 'helminitcontainerit-operator'...
2025-01-28 23:36:38,933 DEBUG c.h.h.t.HelmChartContainer - Executing helm command: /bin/helm --kubeconfig /etc/rancher/k3s/k3s.yaml uninstall test-hivemq-platform-operator  --wait --timeout 5m0s --cascade foreground --namespace helminitcontainerit-operator
2025-01-28 23:36:39,094 INFO c.h.h.t.HelmChartContainer - [K3S] [replica_set.go:679] "Finished syncing" kind="ReplicaSet" key="helminitcontainerit-operator/hivemq-test-hivemq-platform-operator-6966f96d65" duration="16.134919ms"
2025-01-28 23:36:39,094 INFO c.h.h.t.HelmChartContainer - [K3S] [replica_set.go:679] "Finished syncing" kind="ReplicaSet" key="helminitcontainerit-operator/hivemq-test-hivemq-platform-operator-6966f96d65" duration="118.281µs"
2025-01-28 23:36:39,111 INFO c.h.h.t.HelmChartContainer - [POD] hivemq-test-hivemq-platform-operator-6966f96d65-4tkkm [6fc873e9-627e-4317-8415-ca6b55fceb46] in helminitcontainerit-operator was MODIFIED
2025-01-28 23:36:39,127 INFO c.h.h.t.HelmChartContainer - [EVENT] Normal [Killing] Stopping container hivemq-platform-operator [helminitcontainerit-operator:hivemq-test-hivemq-platform-operator-6966f96d65-4tkkm]
2025-01-28 23:36:39,127 INFO c.h.h.t.HelmChartContainer - Received Killing event for container hivemq-platform-operator in pod hivemq-test-hivemq-platform-operator-6966f96d65-4tkkm [6fc873e9-627e-4317-8415-ca6b55fceb46]
2025-01-28 23:36:39,127 INFO c.h.h.t.HelmChartContainer - Container [hivemq-test-hivemq-platform-operator-6966f96d65-4tkkm] [hivemq-platform-operator] [6fc873e9-627e-4317-8415-ca6b55fceb46] was terminated
2025-01-28 23:36:39,127 INFO c.h.h.t.HelmChartContainer - Stopped log watcher for hivemq-platform-operator in pod hivemq-test-hivemq-platform-operator-6966f96d65-4tkkm [6fc873e9-627e-4317-8415-ca6b55fceb46]
2025-01-28 23:36:39,138 INFO c.h.h.t.HelmChartContainer - [K3S] [replica_set.go:679] "Finished syncing" kind="ReplicaSet" key="helminitcontainerit-operator/hivemq-test-hivemq-platform-operator-6966f96d65" duration="17.994951ms"
2025-01-28 23:36:39,139 INFO c.h.h.t.HelmChartContainer - [K3S] [replica_set.go:679] "Finished syncing" kind="ReplicaSet" key="helminitcontainerit-operator/hivemq-test-hivemq-platform-operator-6966f96d65" duration="65.342µs"
2025-01-28 23:36:39,164 INFO c.h.h.t.HelmChartContainer - [hivemq-test-hivemq-platform] [hivemq-platform-operator] [6fc873e9] 23:36:39.162 [application-shutdown-thread] INFO  c.h.p.o.HiveMQPlatformOperatorApplication - HiveMQ Platform Operator is stopping...
2025-01-28 23:36:39,167 INFO c.h.h.t.HelmChartContainer - [hivemq-test-hivemq-platform] [hivemq-platform-operator] [6fc873e9] 23:36:39.163 [application-shutdown-thread] INFO  i.javaoperatorsdk.operator.Operator - Operator SDK 4.9.7 is shutting down...
2025-01-28 23:36:39,716 INFO c.h.h.t.HelmChartContainer - [K3S] [replica_set.go:679] "Finished syncing" kind="ReplicaSet" key="helminitcontainerit-operator/hivemq-test-hivemq-platform-operator-6966f96d65" duration="41.036µs"
2025-01-28 23:36:39,717 INFO c.h.h.t.HelmChartContainer - [POD] hivemq-test-hivemq-platform-operator-6966f96d65-4tkkm [6fc873e9-627e-4317-8415-ca6b55fceb46] in helminitcontainerit-operator was MODIFIED
2025-01-28 23:36:39,752 INFO c.h.h.t.HelmChartContainer - [K3S] [reconciler_common.go:162] "operationExecutor.UnmountVolume started for volume \"kube-api-access-rnmxx\" (UniqueName: \"kubernetes.io/projected/6fc873e9-627e-4317-8415-ca6b55fceb46-kube-api-access-rnmxx\") pod \"6fc873e9-627e-4317-8415-ca6b55fceb46\" (UID: \"6fc873e9-627e-4317-8415-ca6b55fceb46\") "
2025-01-28 23:36:39,852 INFO c.h.h.t.HelmChartContainer - [K3S] [reconciler_common.go:299] "Volume detached for volume \"kube-api-access-rnmxx\" (UniqueName: \"kubernetes.io/projected/6fc873e9-627e-4317-8415-ca6b55fceb46-kube-api-access-rnmxx\") on node \"59fa806875ec\" DevicePath \"\""
2025-01-28 23:36:40,252 INFO c.h.h.t.HelmChartContainer - [K3S] [kubelet_volumes.go:163] "Cleaned up orphaned pod volumes dir" podUID="dc023177-4b3c-4bd5-94bc-7619dd3b1afb" path="/var/lib/kubelet/pods/dc023177-4b3c-4bd5-94bc-7619dd3b1afb/volumes"
2025-01-28 23:36:40,586 INFO c.h.h.t.HelmChartContainer - [K3S] [scope.go:117] "RemoveContainer" containerID="fba5b62c015ca5301d7a3611af936cc187f921d2f19e2fb2a48fbd06c0564a9a"
2025-01-28 23:36:40,589 INFO c.h.h.t.HelmChartContainer - [K3S] [scope.go:117] "RemoveContainer" containerID="fba5b62c015ca5301d7a3611af936cc187f921d2f19e2fb2a48fbd06c0564a9a"
2025-01-28 23:36:40,594 INFO c.h.h.t.HelmChartContainer - [K3S] [replica_set.go:679] "Finished syncing" kind="ReplicaSet" key="helminitcontainerit-operator/hivemq-test-hivemq-platform-operator-6966f96d65" duration="46.588µs"
2025-01-28 23:36:40,596 INFO c.h.h.t.HelmChartContainer - [POD] hivemq-test-hivemq-platform-operator-6966f96d65-4tkkm [6fc873e9-627e-4317-8415-ca6b55fceb46] in helminitcontainerit-operator was MODIFIED
2025-01-28 23:36:40,597 INFO c.h.h.t.HelmChartContainer - [K3S] [replica_set.go:679] "Finished syncing" kind="ReplicaSet" key="helminitcontainerit-operator/hivemq-test-hivemq-platform-operator-6966f96d65" duration="28.864µs"
2025-01-28 23:36:40,598 INFO c.h.h.t.HelmChartContainer - [POD] hivemq-test-hivemq-platform-operator-6966f96d65-4tkkm [6fc873e9-627e-4317-8415-ca6b55fceb46] in helminitcontainerit-operator was DELETED
2025-01-28 23:36:40,606 INFO c.h.h.t.HelmChartContainer - [K3S] [replica_set.go:679] "Finished syncing" kind="ReplicaSet" key="helminitcontainerit-operator/hivemq-test-hivemq-platform-operator-6966f96d65" duration="5.421µs"
2025-01-28 23:36:41,171 INFO c.h.h.t.HelmChartContainer - Deleting namespace 'helminitcontainerit-operator'...
2025-01-28 23:36:42,252 INFO c.h.h.t.HelmChartContainer - [K3S] [kubelet_volumes.go:163] "Cleaned up orphaned pod volumes dir" podUID="6fc873e9-627e-4317-8415-ca6b55fceb46" path="/var/lib/kubelet/pods/6fc873e9-627e-4317-8415-ca6b55fceb46/volumes"
2025-01-28 23:36:43,874 INFO c.h.h.t.HelmChartContainer - [K3S] [namespace_controller.go:187] "Namespace has been deleted" namespace="helminitcontainerit"
2025-01-28 23:36:46,387 INFO c.h.h.t.HelmChartContainer - Namespace 'helminitcontainerit-operator' deleted
2025-01-28 23:36:46,387 INFO c.h.h.t.HelmChartContainer - Release 'test-hivemq-platform-operator' in namespace 'helminitcontainerit-operator' is uninstalled
2025-01-28 23:36:47,100 INFO c.h.helmcharts.AbstractHelmChartIT - Removed unused containers:

2025-01-28 23:36:51,293 INFO c.h.h.t.HelmChartContainer - [K3S] [namespace_controller.go:187] "Namespace has been deleted" namespace="helminitcontainerit-operator"
2025-01-28 23:36:54,761 INFO c.h.helmcharts.AbstractHelmChartIT - Removed unused snapshots:
Removing snapshot sha256:03af251906410714c5aef9fa705b63f6bbc39c4a5e787de7361eeb18886c2ed2
Removing snapshot sha256:0c46b3b43cce082ce5ec34ffc6c294e0417d17b9d1e6f366d114b6aadc4f96dc
Removing snapshot sha256:0ce761beee59082d6ed5bcebd3a805b8ddd9b3426b617e4809e7fb7c6587ffec
Removing snapshot sha256:0df91287303208332c8ff6ba40ae4710105201739addbfbddfb955f1ad593664
Removing snapshot sha256:1021ef88c7974bfff89c5a0ec4fd3160daac6c48a075f74cff721f85dd104e68
Removing snapshot sha256:10aba4953ddc18145dd38e3704709bc464aa20af60b56fe52caaff4b68411e62
Removing snapshot sha256:2573e0d8158209ed54ab25c87bcdcb00bd3d2539246960a3d592a1c599d70465
Removing snapshot sha256:362a8a37f8bbc31925a8146adcf7cf51f9882f5c1dcbef67c5baa03a297543c0
Removing snapshot sha256:3fa4ad33f0ddc8fd45b39b6b4640f82a3a83619606cd975bfe89d8710ad2d4cd
Removing snapshot sha256:43a7c979bbaba6838bc3102d6b10a1459f3ab050b87ccdfef84ef90cf43d3058
Removing snapshot sha256:4ab04491cdf0d3267f08206fe30bd48f49f94b9cab2f016d6739220f722a64af
Removing snapshot sha256:4b6068250e89c96f263060261819c7d912855bfbd64b3eb4c4a8483299b8c295
Removing snapshot sha256:506da451f6ae016e65dd5b476341c3726df85b576e2177afddf8a918c2b69281
Removing snapshot sha256:580e69a0a8034ede1921139bbd2bfb72a69ebf276d008281896c32dd8bf74775
Removing snapshot sha256:59654b79daad74c77dc2e28502ca577ba8ce73276720002234a23fc60ee92692
Removing snapshot sha256:5d30ba46b27fe37484567ccc5242cadc78217b8da605f3f195ef25cbf7487904
Removing snapshot sha256:63ca1fbb43ae5034640e5e6cb3e083e05c290072c5366fcaa9d62435a4cced85
Removing snapshot sha256:67f702c6baae873bceb19487c8b1f27bd2b86077e4f2f0e480e6d60ab508b8f5
Removing snapshot sha256:6864348dd42806d552efdec384f1274be15e2d0c10ce44c1f04347af004c10a9
Removing snapshot sha256:6c7dee8f2c39b84b7dc2711c01d33de93514d9055499173e9290176fbe484b6c
Removing snapshot sha256:7082a7bfad98a69dfdbc5dc53b905ba1bde852b9c700af3dec269c986491931f
Removing snapshot sha256:82753493a6d61ded36556292f02f31841a14c20d2f279f19eaad65afb661d5cd
Removing snapshot sha256:8a10d3db42c505ee0fcfa98417bdd7e39b304f6bcc0a06bb1b220797ff2cc63c
Removing snapshot sha256:a21e5b12dbac529ad45d976eb9ce45c881f3bedcc500fb30aba1e52aa1813418
Removing snapshot sha256:b921e6c28969094157f9b8e7244677780319637afd14450b7cb6b2fdea558a0c
Removing snapshot sha256:bc27ecb5769a00e309cf99ebc763c4a4b958b618d1decc96ffac5bc05f02f5b7
Removing snapshot sha256:be3ccb6627a5332e309d45ef461d09b4879dd870c7394d89323d0ebc6ca6aa8a
Removing snapshot sha256:c261f7cbbc64211ee175ee47273acdb7b1a36a4450b397a064a8f2c026490095
Removing snapshot sha256:c34d9393647eea0c9e3557ab988efaf59f61d10a2a5613b439ef0958cca5ec10
Removing snapshot sha256:ccf3c4a0fa967a41c1c83497a2ce6fa5787965859df0adb32c4ca2cf7490bc2b
Removing snapshot sha256:cf92d33f869417309692088c341cd0f223c178ea78a125f757317b22aa8f90e9
Removing snapshot sha256:d0037344cf2fb078884f1849f6a1f8cf9a33a3b6139b6a85833e5ee528e1f9a8
Removing snapshot sha256:d3b36d5b79273b1e98e7700470eaeff05a882e777124d84cebcc1505b85ecb36
Removing snapshot sha256:d65a44a37914602d12c611e5e22a50f11451d847e63015cc1c2aef92dee777a4
Removing snapshot sha256:e2dc0bae2455930f23ae570e019b7f32edc75c0f2d71cab084db837ff9051796
Removing snapshot sha256:eccbd24a99c60cd9e86ee5305dbfc4a4dc89f5ab4fb1f06c8d64797cecedef34
Removing snapshot sha256:f144bb4c7c7f0d2aa7eeffd36d934ec40db1ee167be727e326aad9fdc616f475

]]></system-out>
  </testcase>
  <system-out><![CDATA[2025-01-28 23:32:51,238 INFO c.h.h.t.HelmChartContainerExtension - Using cached HelmChartContainer instance
2025-01-28 23:32:51,244 INFO c.h.h.t.HelmChartContainerExtension - Creating cached HelmChartContainer instance
2025-01-28 23:32:51,263 INFO o.testcontainers.DockerClientFactory - Testcontainers version: 1.20.4
2025-01-28 23:32:51,627 INFO o.t.d.DockerClientProviderStrategy - Found Docker environment with local Unix socket (unix:///var/run/docker.sock)
2025-01-28 23:32:51,637 INFO o.testcontainers.DockerClientFactory - Docker host IP address is localhost
2025-01-28 23:32:51,653 INFO o.testcontainers.DockerClientFactory - Connected to docker: 
  Server Version: 26.1.3
  API Version: 1.45
  Operating System: Ubuntu 24.04.1 LTS
  Total Memory: 15990 MB
2025-01-28 23:32:51,659 INFO o.testcontainers.images.PullPolicy - Image pull policy will be performed by: DefaultPullPolicy()
2025-01-28 23:32:51,661 INFO o.t.utility.ImageNameSubstitutor - Image name substitution will be performed by: DefaultImageNameSubstitutor (composite of 'ConfigurationFileImageNameSubstitutor' and 'PrefixingImageNameSubstitutor')
2025-01-28 23:32:51,686 INFO tc.testcontainers/ryuk:0.11.0 - Pulling docker image: testcontainers/ryuk:0.11.0. Please be patient; this may take some time but only needs to be done once.
2025-01-28 23:32:52,110 INFO tc.testcontainers/ryuk:0.11.0 - Starting to pull image
2025-01-28 23:32:52,125 INFO tc.testcontainers/ryuk:0.11.0 - Pulling image layers:  0 pending,  0 downloaded,  0 extracted, (0 bytes/0 bytes)
2025-01-28 23:32:52,331 INFO tc.testcontainers/ryuk:0.11.0 - Pulling image layers:  2 pending,  1 downloaded,  0 extracted, (115 KB/? MB)
2025-01-28 23:32:52,348 INFO tc.testcontainers/ryuk:0.11.0 - Pulling image layers:  1 pending,  2 downloaded,  0 extracted, (115 KB/? MB)
2025-01-28 23:32:52,354 INFO tc.testcontainers/ryuk:0.11.0 - Pulling image layers:  0 pending,  3 downloaded,  0 extracted, (144 KB/10 MB)
2025-01-28 23:32:52,447 INFO tc.testcontainers/ryuk:0.11.0 - Pulling image layers:  0 pending,  3 downloaded,  1 extracted, (3 MB/10 MB)
2025-01-28 23:32:52,591 INFO tc.testcontainers/ryuk:0.11.0 - Pulling image layers:  0 pending,  3 downloaded,  2 extracted, (4 MB/10 MB)
2025-01-28 23:32:52,632 INFO tc.testcontainers/ryuk:0.11.0 - Pulling image layers:  0 pending,  3 downloaded,  3 extracted, (10 MB/10 MB)
2025-01-28 23:32:52,639 INFO tc.testcontainers/ryuk:0.11.0 - Image testcontainers/ryuk:0.11.0 pull took PT0.953318713S
2025-01-28 23:32:52,658 INFO tc.testcontainers/ryuk:0.11.0 - Creating container for image: testcontainers/ryuk:0.11.0
2025-01-28 23:32:52,718 INFO tc.testcontainers/ryuk:0.11.0 - Container testcontainers/ryuk:0.11.0 is starting: 3686065f38ab113104ad5b7e3ab4755c816b2c92e18967ee31e451be11fd22fc
2025-01-28 23:32:52,963 INFO tc.testcontainers/ryuk:0.11.0 - Container testcontainers/ryuk:0.11.0 started in PT0.304365835S
2025-01-28 23:32:52,967 INFO o.t.utility.RyukResourceReaper - Ryuk started - will monitor and terminate Testcontainers containers on JVM exit
2025-01-28 23:32:52,967 INFO o.testcontainers.DockerClientFactory - Checking the system...
2025-01-28 23:32:52,967 INFO o.testcontainers.DockerClientFactory - ✔︎ Docker server version should be at least 1.6.0
2025-01-28 23:32:53,042 INFO o.t.i.builder.ImageFromDockerfile - Pre-emptively checking local images for 'ubuntu:noble-20241118.1@sha256:80dd3c3b9c6cecb9f1667e9290b3bc61b78c2678c02cbdae5f0fea92cc6734ab', referenced via a Dockerfile. If not available, it will be pulled.
2025-01-28 23:32:53,045 INFO t.u.1@sha256:80dd3c... - Pulling docker image: ubuntu:noble-20241118.1@sha256:80dd3c3b9c6cecb9f1667e9290b3bc61b78c2678c02cbdae5f0fea92cc6734ab. Please be patient; this may take some time but only needs to be done once.
2025-01-28 23:32:53,272 INFO t.u.1@sha256:80dd3c... - Starting to pull image
2025-01-28 23:32:53,273 INFO t.u.1@sha256:80dd3c... - Pulling image layers:  0 pending,  0 downloaded,  0 extracted, (0 bytes/0 bytes)
2025-01-28 23:32:53,664 INFO t.u.1@sha256:80dd3c... - Pulling image layers:  0 pending,  1 downloaded,  0 extracted, (14 MB/28 MB)
2025-01-28 23:32:54,581 INFO t.u.1@sha256:80dd3c... - Pulling image layers:  0 pending,  1 downloaded,  1 extracted, (28 MB/28 MB)
2025-01-28 23:32:54,588 INFO t.u.1@sha256:80dd3c... - Pull complete. 1 layers, pulled in 1s (downloaded 28 MB at 28 MB/s)
2025-01-28 23:32:54,588 INFO t.u.1@sha256:80dd3c... - Image ubuntu:noble-20241118.1@sha256:80dd3c3b9c6cecb9f1667e9290b3bc61b78c2678c02cbdae5f0fea92cc6734ab pull took PT1.543152595S
2025-01-28 23:32:54,590 INFO o.t.i.builder.ImageFromDockerfile - Pre-emptively checking local images for 'rancher/k3s:v1.32.1-k3s1', referenced via a Dockerfile. If not available, it will be pulled.
2025-01-28 23:32:54,592 INFO tc.rancher/k3s:v1.32.1-k3s1 - Pulling docker image: rancher/k3s:v1.32.1-k3s1. Please be patient; this may take some time but only needs to be done once.
2025-01-28 23:32:54,934 INFO tc.rancher/k3s:v1.32.1-k3s1 - Starting to pull image
2025-01-28 23:32:54,935 INFO tc.rancher/k3s:v1.32.1-k3s1 - Pulling image layers:  0 pending,  0 downloaded,  0 extracted, (0 bytes/0 bytes)
2025-01-28 23:32:55,406 INFO tc.rancher/k3s:v1.32.1-k3s1 - Pulling image layers:  0 pending,  1 downloaded,  0 extracted, (57 MB/71 MB)
2025-01-28 23:32:56,460 INFO tc.rancher/k3s:v1.32.1-k3s1 - Pulling image layers:  0 pending,  1 downloaded,  1 extracted, (71 MB/71 MB)
2025-01-28 23:32:56,466 INFO tc.rancher/k3s:v1.32.1-k3s1 - Pull complete. 1 layers, pulled in 1s (downloaded 71 MB at 71 MB/s)
2025-01-28 23:32:56,466 INFO tc.rancher/k3s:v1.32.1-k3s1 - Image rancher/k3s:v1.32.1-k3s1 pull took PT1.874323247S
2025-01-28 23:32:56,472 INFO o.t.i.builder.ImageFromDockerfile - Transferred 0 bytes to Docker daemon
2025-01-28 23:33:11,019 INFO c.h.h.t.HelmChartContainer - Starting HelmChartContainer...
2025-01-28 23:33:11,021 INFO t.localhost/testcontainers/3tguyqhp2cwwnhpl:latest - Creating container for image: localhost/testcontainers/3tguyqhp2cwwnhpl:latest
2025-01-28 23:33:11,087 INFO tc.alpine:3.17 - Pulling docker image: alpine:3.17. Please be patient; this may take some time but only needs to be done once.
2025-01-28 23:33:11,450 INFO tc.alpine:3.17 - Starting to pull image
2025-01-28 23:33:11,451 INFO tc.alpine:3.17 - Pulling image layers:  0 pending,  0 downloaded,  0 extracted, (0 bytes/0 bytes)
2025-01-28 23:33:11,681 INFO tc.alpine:3.17 - Pulling image layers:  0 pending,  1 downloaded,  0 extracted, (33 KB/3 MB)
2025-01-28 23:33:11,774 INFO tc.alpine:3.17 - Pulling image layers:  0 pending,  1 downloaded,  1 extracted, (3 MB/3 MB)
2025-01-28 23:33:11,780 INFO tc.alpine:3.17 - Image alpine:3.17 pull took PT0.693110153S
2025-01-28 23:33:12,310 INFO t.localhost/testcontainers/3tguyqhp2cwwnhpl:latest - Container localhost/testcontainers/3tguyqhp2cwwnhpl:latest is starting: 59fa806875ec96ddeb35bb9f54c66d5bba1a712e5d7f537d34b104ea45a06214
2025-01-28 23:33:12,672 INFO c.h.h.t.HelmChartContainer - [K3S] [INFO] Starting k3s v1.32.1+k3s1 (6a322f12)
2025-01-28 23:33:12,676 INFO c.h.h.t.HelmChartContainer - [K3S] [INFO] Configuring sqlite3 database connection pooling: maxIdleConns=2, maxOpenConns=0, connMaxLifetime=0s
2025-01-28 23:33:12,676 INFO c.h.h.t.HelmChartContainer - [K3S] [INFO] Configuring database table schema and indexes, this may take a moment...
2025-01-28 23:33:12,679 INFO c.h.h.t.HelmChartContainer - [K3S] [INFO] Database tables and indexes are up to date
2025-01-28 23:33:12,681 INFO c.h.h.t.HelmChartContainer - [K3S] [INFO] Kine available at unix://kine.sock
2025-01-28 23:33:12,825 INFO c.h.h.t.HelmChartContainer - [K3S] [INFO] Saving cluster bootstrap data to datastore
2025-01-28 23:33:12,826 INFO c.h.h.t.HelmChartContainer - [K3S] [WARNING] dynamiclistener [::]:6443: no cached certificate available for preload - deferring certificate load until storage initialization or first client request
2025-01-28 23:33:12,826 INFO c.h.h.t.HelmChartContainer - [K3S] [INFO] Active TLS secret / (ver=) (count 10): map[listener.cattle.io/cn-10.43.0.1:10.43.0.1 listener.cattle.io/cn-127.0.0.1:127.0.0.1 listener.cattle.io/cn-172.18.0.2:172.18.0.2 listener.cattle.io/cn-59fa806875ec:59fa806875ec listener.cattle.io/cn-__1-f16284:::1 listener.cattle.io/cn-kubernetes:kubernetes listener.cattle.io/cn-kubernetes.default:kubernetes.default listener.cattle.io/cn-kubernetes.default.svc:kubernetes.default.svc listener.cattle.io/cn-kubernetes.default.svc.cluster.local:kubernetes.default.svc.cluster.local listener.cattle.io/cn-localhost:localhost listener.cattle.io/fingerprint:SHA1=95DB2CF318190E9C8701DC1B1CBC47489D208E3F]
2025-01-28 23:33:12,984 INFO c.h.h.t.HelmChartContainer - [K3S] [INFO] Running kube-apiserver --advertise-port=6443 --allow-privileged=true --anonymous-auth=false --api-audiences=https://kubernetes.default.svc.cluster.local,k3s --authorization-mode=Node,RBAC --bind-address=127.0.0.1 --cert-dir=/var/lib/rancher/k3s/server/tls/temporary-certs --client-ca-file=/var/lib/rancher/k3s/server/tls/client-ca.crt --egress-selector-config-file=/var/lib/rancher/k3s/server/etc/egress-selector-config.yaml --enable-admission-plugins=NodeRestriction --enable-aggregator-routing=true --enable-bootstrap-token-auth=true --etcd-compaction-interval=0s --etcd-servers=unix://kine.sock --kubelet-certificate-authority=/var/lib/rancher/k3s/server/tls/server-ca.crt --kubelet-client-certificate=/var/lib/rancher/k3s/server/tls/client-kube-apiserver.crt --kubelet-client-key=/var/lib/rancher/k3s/server/tls/client-kube-apiserver.key --kubelet-preferred-address-types=InternalIP,ExternalIP,Hostname --profiling=false --proxy-client-cert-file=/var/lib/rancher/k3s/server/tls/client-auth-proxy.crt --proxy-client-key-file=/var/lib/rancher/k3s/server/tls/client-auth-proxy.key --requestheader-allowed-names=system:auth-proxy --requestheader-client-ca-file=/var/lib/rancher/k3s/server/tls/request-header-ca.crt --requestheader-extra-headers-prefix=X-Remote-Extra- --requestheader-group-headers=X-Remote-Group --requestheader-username-headers=X-Remote-User --secure-port=6444 --service-account-issuer=https://kubernetes.default.svc.cluster.local --service-account-key-file=/var/lib/rancher/k3s/server/tls/service.key --service-account-signing-key-file=/var/lib/rancher/k3s/server/tls/service.current.key --service-cluster-ip-range=10.43.0.0/16 --service-node-port-range=30000-32767 --storage-backend=etcd3 --tls-cert-file=/var/lib/rancher/k3s/server/tls/serving-kube-apiserver.crt --tls-cipher-suites=TLS_ECDHE_ECDSA_WITH_AES_256_GCM_SHA384,TLS_ECDHE_RSA_WITH_AES_256_GCM_SHA384,TLS_ECDHE_ECDSA_WITH_AES_128_GCM_SHA256,TLS_ECDHE_RSA_WITH_AES_128_GCM_SHA256,TLS_ECDHE_ECDSA_WITH_CHACHA20_POLY1305,TLS_ECDHE_RSA_WITH_CHACHA20_POLY1305 --tls-private-key-file=/var/lib/rancher/k3s/server/tls/serving-kube-apiserver.key
2025-01-28 23:33:12,985 INFO c.h.h.t.HelmChartContainer - [K3S] [INFO] Running kube-scheduler --authentication-kubeconfig=/var/lib/rancher/k3s/server/cred/scheduler.kubeconfig --authorization-kubeconfig=/var/lib/rancher/k3s/server/cred/scheduler.kubeconfig --bind-address=127.0.0.1 --kubeconfig=/var/lib/rancher/k3s/server/cred/scheduler.kubeconfig --leader-elect=false --profiling=false --secure-port=10259
2025-01-28 23:33:12,986 INFO c.h.h.t.HelmChartContainer - [K3S] [INFO] Waiting for API server to become available
2025-01-28 23:33:12,987 INFO c.h.h.t.HelmChartContainer - [K3S] [registry.go:256] calling componentGlobalsRegistry.AddFlags more than once, the registry will be set by the latest flags
2025-01-28 23:33:12,988 INFO c.h.h.t.HelmChartContainer - [K3S] [INFO] Running kube-controller-manager --allocate-node-cidrs=true --authentication-kubeconfig=/var/lib/rancher/k3s/server/cred/controller.kubeconfig --authorization-kubeconfig=/var/lib/rancher/k3s/server/cred/controller.kubeconfig --bind-address=127.0.0.1 --cluster-cidr=10.42.0.0/16 --cluster-signing-kube-apiserver-client-cert-file=/var/lib/rancher/k3s/server/tls/client-ca.nochain.crt --cluster-signing-kube-apiserver-client-key-file=/var/lib/rancher/k3s/server/tls/client-ca.key --cluster-signing-kubelet-client-cert-file=/var/lib/rancher/k3s/server/tls/client-ca.nochain.crt --cluster-signing-kubelet-client-key-file=/var/lib/rancher/k3s/server/tls/client-ca.key --cluster-signing-kubelet-serving-cert-file=/var/lib/rancher/k3s/server/tls/server-ca.nochain.crt --cluster-signing-kubelet-serving-key-file=/var/lib/rancher/k3s/server/tls/server-ca.key --cluster-signing-legacy-unknown-cert-file=/var/lib/rancher/k3s/server/tls/server-ca.nochain.crt --cluster-signing-legacy-unknown-key-file=/var/lib/rancher/k3s/server/tls/server-ca.key --configure-cloud-routes=false --controllers=*,tokencleaner,-service,-route,-cloud-node-lifecycle --kubeconfig=/var/lib/rancher/k3s/server/cred/controller.kubeconfig --leader-elect=false --profiling=false --root-ca-file=/var/lib/rancher/k3s/server/tls/server-ca.crt --secure-port=10257 --service-account-private-key-file=/var/lib/rancher/k3s/server/tls/service.current.key --service-cluster-ip-range=10.43.0.0/16 --use-service-account-credentials=true
2025-01-28 23:33:12,988 INFO c.h.h.t.HelmChartContainer - [K3S] [registry.go:256] calling componentGlobalsRegistry.AddFlags more than once, the registry will be set by the latest flags
2025-01-28 23:33:12,988 INFO c.h.h.t.HelmChartContainer - [K3S] [options.go:299] unable to set WatchListClient feature gate, err: cannot override default for feature "WatchListClient": gates already added to a flag set
2025-01-28 23:33:12,988 INFO c.h.h.t.HelmChartContainer - [K3S] [registry.go:256] calling componentGlobalsRegistry.AddFlags more than once, the registry will be set by the latest flags
2025-01-28 23:33:12,990 INFO c.h.h.t.HelmChartContainer - [K3S] [INFO] Running cloud-controller-manager --allocate-node-cidrs=true --authentication-kubeconfig=/var/lib/rancher/k3s/server/cred/cloud-controller.kubeconfig --authorization-kubeconfig=/var/lib/rancher/k3s/server/cred/cloud-controller.kubeconfig --bind-address=127.0.0.1 --cloud-config=/var/lib/rancher/k3s/server/etc/cloud-config.yaml --cloud-provider=k3s --cluster-cidr=10.42.0.0/16 --configure-cloud-routes=false --controllers=*,-route --kubeconfig=/var/lib/rancher/k3s/server/cred/cloud-controller.kubeconfig --leader-elect=false --leader-elect-resource-name=k3s-cloud-controller-manager --node-status-update-frequency=1m0s --profiling=false
2025-01-28 23:33:12,991 INFO c.h.h.t.HelmChartContainer - [K3S] [INFO] Server node token is available at /var/lib/rancher/k3s/server/token
2025-01-28 23:33:12,991 INFO c.h.h.t.HelmChartContainer - [K3S] [options.go:238] external host was not specified, using 172.18.0.2
2025-01-28 23:33:12,991 INFO c.h.h.t.HelmChartContainer - [K3S] [INFO] To join server node to cluster: k3s server -s https://172.18.0.2:6443 -t ${SERVER_NODE_TOKEN}
2025-01-28 23:33:12,991 INFO c.h.h.t.HelmChartContainer - [K3S] [INFO] Agent node token is available at /var/lib/rancher/k3s/server/agent-token
2025-01-28 23:33:12,991 INFO c.h.h.t.HelmChartContainer - [K3S] [INFO] To join agent node to cluster: k3s agent -s https://172.18.0.2:6443 -t ${AGENT_NODE_TOKEN}
2025-01-28 23:33:12,992 INFO c.h.h.t.HelmChartContainer - [K3S] [INFO] Wrote kubeconfig /etc/rancher/k3s/k3s.yaml
2025-01-28 23:33:12,992 INFO c.h.h.t.HelmChartContainer - [K3S] [INFO] Run: k3s kubectl
2025-01-28 23:33:12,992 INFO c.h.h.t.HelmChartContainer - [K3S] [server.go:151] Version: v1.32.1+k3s1
2025-01-28 23:33:12,998 INFO c.h.h.t.HelmChartContainer - [K3S] [server.go:153] "Golang settings" GOGC="" GOMAXPROCS="" GOTRACEBACK=""
2025-01-28 23:33:13,386 INFO c.h.h.t.HelmChartContainer - [K3S] [plugins.go:157] Loaded 13 mutating admission controller(s) successfully in the following order: NamespaceLifecycle,LimitRanger,ServiceAccount,NodeRestriction,TaintNodesByCondition,Priority,DefaultTolerationSeconds,DefaultStorageClass,StorageObjectInUseProtection,RuntimeClass,DefaultIngressClass,MutatingAdmissionPolicy,MutatingAdmissionWebhook.
2025-01-28 23:33:13,386 INFO c.h.h.t.HelmChartContainer - [K3S] [plugins.go:160] Loaded 13 validating admission controller(s) successfully in the following order: LimitRanger,ServiceAccount,PodSecurity,Priority,PersistentVolumeClaimResize,RuntimeClass,CertificateApproval,CertificateSigning,ClusterTrustBundleAttest,CertificateSubjectRestriction,ValidatingAdmissionPolicy,ValidatingAdmissionWebhook,ResourceQuota.
2025-01-28 23:33:13,387 INFO c.h.h.t.HelmChartContainer - [K3S] [instance.go:233] Using reconciler: lease
2025-01-28 23:33:13,466 INFO c.h.h.t.HelmChartContainer - [K3S] [apis.go:106] API group "internal.apiserver.k8s.io" is not enabled, skipping.
2025-01-28 23:33:13,506 INFO c.h.h.t.HelmChartContainer - [K3S] [apis.go:106] API group "storagemigration.k8s.io" is not enabled, skipping.
2025-01-28 23:33:13,536 INFO c.h.h.t.HelmChartContainer - [K3S] [apis.go:106] API group "resource.k8s.io" is not enabled, skipping.
2025-01-28 23:33:13,624 INFO c.h.h.t.HelmChartContainer - [K3S] [INFO] Password verified locally for node 59fa806875ec
2025-01-28 23:33:13,880 INFO c.h.h.t.HelmChartContainer - [K3S] [dynamic_cafile_content.go:161] "Starting controller" name="request-header::/var/lib/rancher/k3s/server/tls/request-header-ca.crt"
2025-01-28 23:33:13,881 INFO c.h.h.t.HelmChartContainer - [K3S] [dynamic_cafile_content.go:161] "Starting controller" name="client-ca-bundle::/var/lib/rancher/k3s/server/tls/client-ca.crt"
2025-01-28 23:33:13,882 INFO c.h.h.t.HelmChartContainer - [K3S] [secure_serving.go:213] Serving securely on 127.0.0.1:6444
2025-01-28 23:33:13,882 INFO c.h.h.t.HelmChartContainer - [K3S] [dynamic_serving_content.go:135] "Starting controller" name="serving-cert::/var/lib/rancher/k3s/server/tls/serving-kube-apiserver.crt::/var/lib/rancher/k3s/server/tls/serving-kube-apiserver.key"
2025-01-28 23:33:13,882 INFO c.h.h.t.HelmChartContainer - [K3S] [tlsconfig.go:243] "Starting DynamicServingCertificateController"
2025-01-28 23:33:13,883 INFO c.h.h.t.HelmChartContainer - [K3S] [customresource_discovery_controller.go:292] Starting DiscoveryController
2025-01-28 23:33:13,883 INFO c.h.h.t.HelmChartContainer - [K3S] [apiservice_controller.go:100] Starting APIServiceRegistrationController
2025-01-28 23:33:13,883 INFO c.h.h.t.HelmChartContainer - [K3S] [apf_controller.go:377] Starting API Priority and Fairness config controller
2025-01-28 23:33:13,883 INFO c.h.h.t.HelmChartContainer - [K3S] [gc_controller.go:78] Starting apiserver lease garbage collector
2025-01-28 23:33:13,884 INFO c.h.h.t.HelmChartContainer - [K3S] [controller.go:78] Starting OpenAPI AggregationController
2025-01-28 23:33:13,884 INFO c.h.h.t.HelmChartContainer - [K3S] [controller.go:119] Starting legacy_token_tracking_controller
2025-01-28 23:33:13,884 INFO c.h.h.t.HelmChartContainer - [K3S] [controller.go:142] Starting OpenAPI controller
2025-01-28 23:33:13,884 INFO c.h.h.t.HelmChartContainer - [K3S] [controller.go:90] Starting OpenAPI V3 controller
2025-01-28 23:33:13,884 INFO c.h.h.t.HelmChartContainer - [K3S] [naming_controller.go:294] Starting NamingConditionController
2025-01-28 23:33:13,884 INFO c.h.h.t.HelmChartContainer - [K3S] [establishing_controller.go:81] Starting EstablishingController
2025-01-28 23:33:13,884 INFO c.h.h.t.HelmChartContainer - [K3S] [nonstructuralschema_controller.go:195] Starting NonStructuralSchemaConditionController
2025-01-28 23:33:13,884 INFO c.h.h.t.HelmChartContainer - [K3S] [apiapproval_controller.go:189] Starting KubernetesAPIApprovalPolicyConformantConditionController
2025-01-28 23:33:13,884 INFO c.h.h.t.HelmChartContainer - [K3S] [crd_finalizer.go:269] Starting CRDFinalizer
2025-01-28 23:33:13,885 INFO c.h.h.t.HelmChartContainer - [K3S] [local_available_controller.go:156] Starting LocalAvailability controller
2025-01-28 23:33:13,885 INFO c.h.h.t.HelmChartContainer - [K3S] [system_namespaces_controller.go:66] Starting system namespaces controller
2025-01-28 23:33:13,885 INFO c.h.h.t.HelmChartContainer - [K3S] [remote_available_controller.go:411] Starting RemoteAvailability controller
2025-01-28 23:33:13,885 INFO c.h.h.t.HelmChartContainer - [K3S] [cluster_authentication_trust_controller.go:462] Starting cluster_authentication_trust_controller controller
2025-01-28 23:33:13,885 INFO c.h.h.t.HelmChartContainer - [K3S] [aggregator.go:169] waiting for initial CRD sync...
2025-01-28 23:33:13,885 INFO c.h.h.t.HelmChartContainer - [K3S] [controller.go:80] Starting OpenAPI V3 AggregationController
2025-01-28 23:33:13,885 INFO c.h.h.t.HelmChartContainer - [K3S] [dynamic_serving_content.go:135] "Starting controller" name="aggregator-proxy-cert::/var/lib/rancher/k3s/server/tls/client-auth-proxy.crt::/var/lib/rancher/k3s/server/tls/client-auth-proxy.key"
2025-01-28 23:33:13,886 INFO c.h.h.t.HelmChartContainer - [K3S] [dynamic_cafile_content.go:161] "Starting controller" name="client-ca-bundle::/var/lib/rancher/k3s/server/tls/client-ca.crt"
2025-01-28 23:33:13,886 INFO c.h.h.t.HelmChartContainer - [K3S] [dynamic_cafile_content.go:161] "Starting controller" name="request-header::/var/lib/rancher/k3s/server/tls/request-header-ca.crt"
2025-01-28 23:33:13,888 INFO c.h.h.t.HelmChartContainer - [K3S] [crdregistration_controller.go:114] Starting crd-autoregister controller
2025-01-28 23:33:13,970 INFO c.h.h.t.HelmChartContainer - [K3S] [controller.go:145] "Failed to ensure lease exists, will retry" err="namespaces \"kube-system\" not found" interval="200ms"
2025-01-28 23:33:13,981 INFO c.h.h.t.HelmChartContainer - [K3S] [apf_controller.go:382] Running API Priority and Fairness config worker
2025-01-28 23:33:13,983 INFO c.h.h.t.HelmChartContainer - [K3S] [apf_controller.go:385] Running API Priority and Fairness periodic rebalancing process
2025-01-28 23:33:13,983 INFO c.h.h.t.HelmChartContainer - [K3S] [handler_discovery.go:451] Starting ResourceDiscoveryManager
2025-01-28 23:33:13,984 INFO c.h.h.t.HelmChartContainer - [K3S] [policy_source.go:240] refreshing policies
2025-01-28 23:33:13,992 INFO c.h.h.t.HelmChartContainer - [K3S] [aggregator.go:171] initial CRD sync complete...
2025-01-28 23:33:13,992 INFO c.h.h.t.HelmChartContainer - [K3S] [autoregister_controller.go:144] Starting autoregister controller
2025-01-28 23:33:14,036 INFO c.h.h.t.HelmChartContainer - [K3S] [controller.go:95] Unable to perform initial Kubernetes service initialization: namespaces "default" not found
2025-01-28 23:33:14,168 INFO c.h.h.t.HelmChartContainer - [K3S] [WARNING] Host resolv.conf includes loopback or multicast nameservers - kubelet will use autogenerated resolv.conf with nameserver 8.8.8.8
2025-01-28 23:33:14,178 INFO c.h.h.t.HelmChartContainer - [K3S] [INFO] Module overlay was already loaded
2025-01-28 23:33:14,178 INFO c.h.h.t.HelmChartContainer - [K3S] [INFO] Module nf_conntrack was already loaded
2025-01-28 23:33:14,178 INFO c.h.h.t.HelmChartContainer - [K3S] [INFO] Module br_netfilter was already loaded
2025-01-28 23:33:14,182 INFO c.h.h.t.HelmChartContainer - [K3S] [INFO] Set sysctl 'net/netfilter/nf_conntrack_max' to 131072
2025-01-28 23:33:14,182 INFO c.h.h.t.HelmChartContainer - [K3S] [INFO] Set sysctl 'net/netfilter/nf_conntrack_tcp_timeout_established' to 86400
2025-01-28 23:33:14,183 INFO c.h.h.t.HelmChartContainer - [K3S] [INFO] Set sysctl 'net/netfilter/nf_conntrack_tcp_timeout_close_wait' to 3600
2025-01-28 23:33:14,184 INFO c.h.h.t.HelmChartContainer - [K3S] [INFO] Logging containerd to /var/lib/rancher/k3s/agent/containerd/containerd.log
2025-01-28 23:33:14,185 INFO c.h.h.t.HelmChartContainer - [K3S] [INFO] Running containerd -c /var/lib/rancher/k3s/agent/etc/containerd/config.toml -a /run/k3s/containerd/containerd.sock --state /run/k3s/containerd --root /var/lib/rancher/k3s/agent/containerd
2025-01-28 23:33:14,884 INFO c.h.h.t.HelmChartContainer - [K3S] [storage_scheduling.go:95] created PriorityClass system-node-critical with value 2000001000
2025-01-28 23:33:14,887 INFO c.h.h.t.HelmChartContainer - [K3S] [storage_scheduling.go:95] created PriorityClass system-cluster-critical with value 2000000000
2025-01-28 23:33:14,887 INFO c.h.h.t.HelmChartContainer - [K3S] [storage_scheduling.go:111] all system priority classes are created successfully or already exist.
2025-01-28 23:33:15,190 INFO c.h.h.t.HelmChartContainer - [K3S] [INFO] containerd is now running
2025-01-28 23:33:15,197 INFO c.h.h.t.HelmChartContainer - [K3S] [INFO] Connecting to proxy" url="wss://127.0.0.1:6443/v1-k3s/connect
2025-01-28 23:33:15,197 INFO c.h.h.t.HelmChartContainer - [K3S] [INFO] Creating k3s-cert-monitor event broadcaster
2025-01-28 23:33:15,199 INFO c.h.h.t.HelmChartContainer - [K3S] [INFO] Running kubelet --cloud-provider=external --config-dir=/var/lib/rancher/k3s/agent/etc/kubelet.conf.d --containerd=/run/k3s/containerd/containerd.sock --hostname-override=59fa806875ec --kubeconfig=/var/lib/rancher/k3s/agent/kubelet.kubeconfig --node-ip=172.18.0.2 --node-labels=
2025-01-28 23:33:15,200 INFO c.h.h.t.HelmChartContainer - [K3S] [INFO] Handling backend connection request [59fa806875ec]
2025-01-28 23:33:15,201 INFO c.h.h.t.HelmChartContainer - [K3S] [INFO] Remotedialer connected to proxy" url="wss://127.0.0.1:6443/v1-k3s/connect
2025-01-28 23:33:15,241 INFO c.h.h.t.HelmChartContainer - [K3S] [alloc.go:330] "allocated clusterIPs" service="default/kubernetes" clusterIPs={"IPv4":"10.43.0.1"}
2025-01-28 23:33:15,245 INFO c.h.h.t.HelmChartContainer - [K3S] [lease.go:265] Resetting endpoints for master service "kubernetes" to [172.18.0.2]
2025-01-28 23:33:15,299 INFO c.h.h.t.HelmChartContainer - [K3S] [ERROR] Sending HTTP/1.1 503 response to 127.0.0.1:50414: runtime core not ready
2025-01-28 23:33:15,390 INFO c.h.h.t.HelmChartContainer - [K3S] [INFO] Running kube-proxy --cluster-cidr=10.42.0.0/16 --conntrack-max-per-core=0 --conntrack-tcp-timeout-close-wait=0s --conntrack-tcp-timeout-established=0s --healthz-bind-address=127.0.0.1 --hostname-override=59fa806875ec --kubeconfig=/var/lib/rancher/k3s/agent/kubeproxy.kubeconfig --proxy-mode=iptables
2025-01-28 23:33:15,441 INFO c.h.h.t.HelmChartContainer - [K3S] [server.go:687] "Failed to retrieve node info" err="nodes \"59fa806875ec\" not found"
2025-01-28 23:33:15,988 INFO c.h.h.t.HelmChartContainer - [K3S] [INFO] Waiting for untainted node
2025-01-28 23:33:15,988 INFO c.h.h.t.HelmChartContainer - [K3S] [INFO] Kube API server is now running
2025-01-28 23:33:15,989 INFO c.h.h.t.HelmChartContainer - [K3S] [INFO] ETCD server is now running
2025-01-28 23:33:15,989 INFO c.h.h.t.HelmChartContainer - [K3S] [INFO] k3s is up and running
2025-01-28 23:33:15,989 INFO c.h.h.t.HelmChartContainer - [K3S] [INFO] Waiting for cloud-controller-manager privileges to become available
2025-01-28 23:33:15,989 INFO c.h.h.t.HelmChartContainer - [K3S] [INFO] Creating k3s-supervisor event broadcaster
2025-01-28 23:33:15,995 INFO c.h.h.t.HelmChartContainer - [K3S] [INFO] Applying CRD addons.k3s.cattle.io
2025-01-28 23:33:16,006 INFO c.h.h.t.HelmChartContainer - [K3S] [INFO] Applying CRD etcdsnapshotfiles.k3s.cattle.io
2025-01-28 23:33:16,019 INFO c.h.h.t.HelmChartContainer - [K3S] [INFO] Applying CRD helmcharts.helm.cattle.io
2025-01-28 23:33:16,033 INFO c.h.h.t.HelmChartContainer - [K3S] [INFO] Applying CRD helmchartconfigs.helm.cattle.io
2025-01-28 23:33:16,048 INFO c.h.h.t.HelmChartContainer - [K3S] [INFO] Waiting for CRD helmcharts.helm.cattle.io to become available
2025-01-28 23:33:16,208 INFO c.h.h.t.HelmChartContainer - [K3S] Flag --containerd has been deprecated, This is a cadvisor flag that was mistakenly registered with the Kubelet. Due to legacy concerns, it will follow the standard CLI deprecation timeline before being removed.
2025-01-28 23:33:16,210 INFO c.h.h.t.HelmChartContainer - [K3S] [server.go:515] "Kubelet version" kubeletVersion="v1.32.1+k3s1"
2025-01-28 23:33:16,210 INFO c.h.h.t.HelmChartContainer - [K3S] [server.go:517] "Golang settings" GOGC="" GOMAXPROCS="" GOTRACEBACK=""
2025-01-28 23:33:16,212 INFO c.h.h.t.HelmChartContainer - [K3S] [dynamic_cafile_content.go:161] "Starting controller" name="client-ca-bundle::/var/lib/rancher/k3s/agent/client-ca.crt"
2025-01-28 23:33:16,215 INFO c.h.h.t.HelmChartContainer - [K3S] [log.go:32] "RuntimeConfig from runtime service failed" err="rpc error: code = Unimplemented desc = method RuntimeConfig not implemented"
2025-01-28 23:33:16,215 INFO c.h.h.t.HelmChartContainer - [K3S] [server.go:1416] "CRI implementation should be updated to support RuntimeConfig when KubeletCgroupDriverFromCRI feature gate has been enabled. Falling back to using cgroupDriver from kubelet config."
2025-01-28 23:33:16,219 INFO c.h.h.t.HelmChartContainer - [K3S] [info.go:53] Couldn't collect info from any of the files in "/etc/machine-id,/var/lib/dbus/machine-id"
2025-01-28 23:33:16,220 INFO c.h.h.t.HelmChartContainer - [K3S] [server.go:767] "--cgroups-per-qos enabled, but --cgroup-root was not specified.  defaulting to /"
2025-01-28 23:33:16,220 INFO c.h.h.t.HelmChartContainer - [K3S] [server.go:836] "NoSwap is set due to memorySwapBehavior not specified" memorySwapBehavior="" FailSwapOn=false
2025-01-28 23:33:16,221 INFO c.h.h.t.HelmChartContainer - [K3S] [swap_util.go:115] "Swap is on" /proc/swaps contents=<
2025-01-28 23:33:16,221 INFO c.h.h.t.HelmChartContainer - [K3S] 	Filename				Type		Size		Used		Priority
2025-01-28 23:33:16,222 INFO c.h.h.t.HelmChartContainer - [K3S] 	/mnt/swapfile                           file		4194300		0		-2
2025-01-28 23:33:16,222 INFO c.h.h.t.HelmChartContainer - [K3S]  >
2025-01-28 23:33:16,222 INFO c.h.h.t.HelmChartContainer - [K3S] [container_manager_linux.go:268] "Container manager verified user specified cgroup-root exists" cgroupRoot=[]
2025-01-28 23:33:16,222 INFO c.h.h.t.HelmChartContainer - [K3S] [container_manager_linux.go:273] "Creating Container Manager object based on Node Config" nodeConfig={"NodeName":"59fa806875ec","RuntimeCgroupsName":"","SystemCgroupsName":"","KubeletCgroupsName":"/k3s","KubeletOOMScoreAdj":-999,"ContainerRuntime":"","CgroupsPerQOS":true,"CgroupRoot":"/","CgroupDriver":"cgroupfs","KubeletRootDir":"/var/lib/kubelet","ProtectKernelDefaults":false,"KubeReservedCgroupName":"","SystemReservedCgroupName":"","ReservedSystemCPUs":{},"EnforceNodeAllocatable":{"pods":{}},"KubeReserved":null,"SystemReserved":null,"HardEvictionThresholds":[{"Signal":"nodefs.available","Operator":"LessThan","Value":{"Quantity":null,"Percentage":0.05},"GracePeriod":0,"MinReclaim":null},{"Signal":"imagefs.available","Operator":"LessThan","Value":{"Quantity":null,"Percentage":0.05},"GracePeriod":0,"MinReclaim":null}],"QOSReserved":{},"CPUManagerPolicy":"none","CPUManagerPolicyOptions":null,"TopologyManagerScope":"container","CPUManagerReconcilePeriod":10000000000,"ExperimentalMemoryManagerPolicy":"None","ExperimentalMemoryManagerReservedMemory":null,"PodPidsLimit":-1,"EnforceCPULimits":true,"CPUCFSQuotaPeriod":100000000,"TopologyManagerPolicy":"none","TopologyManagerPolicyOptions":null,"CgroupVersion":2}
2025-01-28 23:33:16,222 INFO c.h.h.t.HelmChartContainer - [K3S] [topology_manager.go:138] "Creating topology manager with none policy"
2025-01-28 23:33:16,222 INFO c.h.h.t.HelmChartContainer - [K3S] [container_manager_linux.go:304] "Creating device plugin manager"
2025-01-28 23:33:16,222 INFO c.h.h.t.HelmChartContainer - [K3S] [state_mem.go:36] "Initialized new in-memory state store"
2025-01-28 23:33:16,222 INFO c.h.h.t.HelmChartContainer - [K3S] [kubelet.go:446] "Attempting to sync node with API server"
2025-01-28 23:33:16,225 INFO c.h.h.t.HelmChartContainer - [K3S] [kubelet.go:341] "Adding static pod path" path="/var/lib/rancher/k3s/agent/pod-manifests"
2025-01-28 23:33:16,225 INFO c.h.h.t.HelmChartContainer - [K3S] [kubelet.go:352] "Adding apiserver pod source"
2025-01-28 23:33:16,225 INFO c.h.h.t.HelmChartContainer - [K3S] [apiserver.go:42] "Waiting for node sync before watching apiserver pods"
2025-01-28 23:33:16,225 INFO c.h.h.t.HelmChartContainer - [K3S] [apiserver.go:52] "Watching apiserver"
2025-01-28 23:33:16,227 INFO c.h.h.t.HelmChartContainer - [K3S] [kuberuntime_manager.go:269] "Container runtime initialized" containerRuntime="containerd" version="v1.7.23-k3s2" apiVersion="v1"
2025-01-28 23:33:16,227 INFO c.h.h.t.HelmChartContainer - [K3S] [kubelet.go:890] "Not starting ClusterTrustBundle informer because we are in static kubelet mode"
2025-01-28 23:33:16,227 INFO c.h.h.t.HelmChartContainer - [K3S] [probe.go:272] Flexvolume plugin directory at /usr/libexec/kubernetes/kubelet-plugins/volume/exec/ does not exist. Recreating.
2025-01-28 23:33:16,229 INFO c.h.h.t.HelmChartContainer - [K3S] [watchdog_linux.go:99] "Systemd watchdog is not enabled"
2025-01-28 23:33:16,229 INFO c.h.h.t.HelmChartContainer - [K3S] [server.go:1282] "Started kubelet"
2025-01-28 23:33:16,231 INFO c.h.h.t.HelmChartContainer - [K3S] [fs_resource_analyzer.go:67] "Starting FS ResourceAnalyzer"
2025-01-28 23:33:16,235 INFO c.h.h.t.HelmChartContainer - [K3S] [volume_manager.go:297] "Starting Kubelet Volume Manager"
2025-01-28 23:33:16,235 INFO c.h.h.t.HelmChartContainer - [K3S] [kubelet_node_status.go:467] "Error getting the current node from lister" err="node \"59fa806875ec\" not found"
2025-01-28 23:33:16,237 INFO c.h.h.t.HelmChartContainer - [K3S] [kubelet.go:1561] "Image garbage collection failed once. Stats initialization may not have completed yet" err="invalid capacity 0 on image filesystem"
2025-01-28 23:33:16,238 INFO c.h.h.t.HelmChartContainer - [K3S] [desired_state_of_world_populator.go:149] "Desired state populator starts to run"
2025-01-28 23:33:16,238 INFO c.h.h.t.HelmChartContainer - [K3S] [reconciler.go:26] "Reconciler: start to sync state"
2025-01-28 23:33:16,239 INFO c.h.h.t.HelmChartContainer - [K3S] [factory.go:221] Registration of the systemd container factory successfully
2025-01-28 23:33:16,239 INFO c.h.h.t.HelmChartContainer - [K3S] [factory.go:219] Registration of the crio container factory failed: Get "http://%2Fvar%2Frun%2Fcrio%2Fcrio.sock/info": dial unix /var/run/crio/crio.sock: connect: no such file or directory
2025-01-28 23:33:16,243 INFO c.h.h.t.HelmChartContainer - [K3S] [server.go:169] "Starting to listen" address="0.0.0.0" port=10250
2025-01-28 23:33:16,244 INFO c.h.h.t.HelmChartContainer - [K3S] [server.go:490] "Adding debug handlers to kubelet server"
2025-01-28 23:33:16,244 INFO c.h.h.t.HelmChartContainer - [K3S] [server.go:208] "Starting to listen read-only" address="0.0.0.0" port=10255
2025-01-28 23:33:16,244 INFO c.h.h.t.HelmChartContainer - [K3S] [ratelimit.go:55] "Setting rate limiting for endpoint" service="podresources" qps=100 burstTokens=10
2025-01-28 23:33:16,244 INFO c.h.h.t.HelmChartContainer - [K3S] [server.go:243] "Starting to serve the podresources API" endpoint="unix:/var/lib/kubelet/pod-resources/kubelet.sock"
2025-01-28 23:33:16,244 INFO c.h.h.t.HelmChartContainer - [K3S] [dynamic_serving_content.go:135] "Starting controller" name="kubelet-server-cert-files::/var/lib/rancher/k3s/agent/serving-kubelet.crt::/var/lib/rancher/k3s/agent/serving-kubelet.key"
2025-01-28 23:33:16,247 INFO c.h.h.t.HelmChartContainer - [K3S] [factory.go:221] Registration of the containerd container factory successfully
2025-01-28 23:33:16,248 INFO c.h.h.t.HelmChartContainer - [K3S] [kubelet_network_linux.go:50] "Initialized iptables rules." protocol="IPv4"
2025-01-28 23:33:16,249 INFO c.h.h.t.HelmChartContainer - [K3S] [kubelet_network_linux.go:50] "Initialized iptables rules." protocol="IPv6"
2025-01-28 23:33:16,250 INFO c.h.h.t.HelmChartContainer - [K3S] [status_manager.go:227] "Starting to sync pod status with apiserver"
2025-01-28 23:33:16,250 INFO c.h.h.t.HelmChartContainer - [K3S] [watchdog_linux.go:127] "Systemd watchdog is not enabled or the interval is invalid, so health checking will not be started."
2025-01-28 23:33:16,250 INFO c.h.h.t.HelmChartContainer - [K3S] [kubelet.go:2388] "Starting kubelet main sync loop"
2025-01-28 23:33:16,250 INFO c.h.h.t.HelmChartContainer - [K3S] [kubelet.go:2412] "Skipping pod synchronization" err="[container runtime status check may not have completed yet, PLEG is not healthy: pleg has yet to be successful]"
2025-01-28 23:33:16,253 INFO c.h.h.t.HelmChartContainer - [K3S] [nodelease.go:49] "Failed to get node when trying to set owner ref to the node lease" err="nodes \"59fa806875ec\" not found" node="59fa806875ec"
2025-01-28 23:33:16,273 INFO c.h.h.t.HelmChartContainer - [K3S] [cpu_manager.go:221] "Starting CPU manager" policy="none"
2025-01-28 23:33:16,274 INFO c.h.h.t.HelmChartContainer - [K3S] [cpu_manager.go:222] "Reconciling" reconcilePeriod="10s"
2025-01-28 23:33:16,274 INFO c.h.h.t.HelmChartContainer - [K3S] [state_mem.go:36] "Initialized new in-memory state store"
2025-01-28 23:33:16,277 INFO c.h.h.t.HelmChartContainer - [K3S] [policy_none.go:49] "None policy: Start"
2025-01-28 23:33:16,277 INFO c.h.h.t.HelmChartContainer - [K3S] [memory_manager.go:186] "Starting memorymanager" policy="None"
2025-01-28 23:33:16,277 INFO c.h.h.t.HelmChartContainer - [K3S] [state_mem.go:35] "Initializing new in-memory state store"
2025-01-28 23:33:16,287 INFO c.h.h.t.HelmChartContainer - [K3S] [manager.go:519] "Failed to read data from checkpoint" checkpoint="kubelet_internal_checkpoint" err="checkpoint is not found"
2025-01-28 23:33:16,287 INFO c.h.h.t.HelmChartContainer - [K3S] [eviction_manager.go:189] "Eviction manager: starting control loop"
2025-01-28 23:33:16,288 INFO c.h.h.t.HelmChartContainer - [K3S] [container_log_manager.go:189] "Initializing container log rotate workers" workers=1 monitorPeriod="10s"
2025-01-28 23:33:16,288 INFO c.h.h.t.HelmChartContainer - [K3S] [plugin_manager.go:118] "Starting Kubelet Plugin Manager"
2025-01-28 23:33:16,289 INFO c.h.h.t.HelmChartContainer - [K3S] [eviction_manager.go:267] "eviction manager: failed to check if we have separate container filesystem. Ignoring." err="no imagefs label for configured runtime"
2025-01-28 23:33:16,289 INFO c.h.h.t.HelmChartContainer - [K3S] [eviction_manager.go:292] "Eviction manager: failed to get summary stats" err="failed to get node info: node \"59fa806875ec\" not found"
2025-01-28 23:33:16,368 INFO c.h.h.t.HelmChartContainer - [K3S] [serving.go:392] Generated self-signed cert in-memory
2025-01-28 23:33:16,385 INFO c.h.h.t.HelmChartContainer - [K3S] [kubelet_node_status.go:76] "Attempting to register node" node="59fa806875ec"
2025-01-28 23:33:16,391 INFO c.h.h.t.HelmChartContainer - [K3S] [kubelet_node_status.go:79] "Successfully registered node" node="59fa806875ec"
2025-01-28 23:33:16,397 INFO c.h.h.t.HelmChartContainer - [K3S] [INFO] Annotations and labels have been set successfully on node: 59fa806875ec
2025-01-28 23:33:16,398 INFO c.h.h.t.HelmChartContainer - [K3S] [INFO] Starting flannel with backend vxlan
2025-01-28 23:33:16,438 INFO c.h.h.t.HelmChartContainer - [K3S] [desired_state_of_world_populator.go:157] "Finished populating initial desired state of world"
2025-01-28 23:33:16,535 INFO c.h.h.t.HelmChartContainer - [K3S] [server.go:698] "Successfully retrieved node IP(s)" IPs=["172.18.0.2"]
2025-01-28 23:33:16,535 INFO c.h.h.t.HelmChartContainer - [K3S] [server.go:234] "Kube-proxy configuration may be incomplete or incorrect" err="nodePortAddresses is unset; NodePort connections will be accepted on all local IPs. Consider using `--nodeport-addresses primary`"
2025-01-28 23:33:16,538 INFO c.h.h.t.HelmChartContainer - [K3S] [server.go:243] "kube-proxy running in dual-stack mode" primary ipFamily="IPv4"
2025-01-28 23:33:16,538 INFO c.h.h.t.HelmChartContainer - [K3S] [server_linux.go:170] "Using iptables Proxier"
2025-01-28 23:33:16,539 INFO c.h.h.t.HelmChartContainer - [K3S] [proxier.go:255] "Setting route_localnet=1 to allow node-ports on localhost; to change this either disable iptables.localhostNodePorts (--iptables-localhost-nodeports) or set nodePortAddresses (--nodeport-addresses) to filter loopback addresses"
2025-01-28 23:33:16,543 INFO c.h.h.t.HelmChartContainer - [K3S] [server.go:497] "Version info" version="v1.32.1+k3s1"
2025-01-28 23:33:16,544 INFO c.h.h.t.HelmChartContainer - [K3S] [server.go:499] "Golang settings" GOGC="" GOMAXPROCS="" GOTRACEBACK=""
2025-01-28 23:33:16,544 INFO c.h.h.t.HelmChartContainer - [K3S] [config.go:199] "Starting service config controller"
2025-01-28 23:33:16,545 INFO c.h.h.t.HelmChartContainer - [K3S] [config.go:105] "Starting endpoint slice config controller"
2025-01-28 23:33:16,547 INFO c.h.h.t.HelmChartContainer - [K3S] [config.go:329] "Starting node config controller"
2025-01-28 23:33:16,554 INFO c.h.h.t.HelmChartContainer - [K3S] [INFO] Done waiting for CRD helmcharts.helm.cattle.io to become available
2025-01-28 23:33:16,554 INFO c.h.h.t.HelmChartContainer - [K3S] [INFO] Waiting for CRD helmchartconfigs.helm.cattle.io to become available
2025-01-28 23:33:16,675 INFO c.h.h.t.HelmChartContainer - [K3S] [controllermanager.go:185] "Starting" version="v1.32.1+k3s1"
2025-01-28 23:33:16,676 INFO c.h.h.t.HelmChartContainer - [K3S] [controllermanager.go:187] "Golang settings" GOGC="" GOMAXPROCS="" GOTRACEBACK=""
2025-01-28 23:33:16,678 INFO c.h.h.t.HelmChartContainer - [K3S] [requestheader_controller.go:180] Starting RequestHeaderAuthRequestController
2025-01-28 23:33:16,678 INFO c.h.h.t.HelmChartContainer - [K3S] [configmap_cafile_content.go:205] "Starting controller" name="client-ca::kube-system::extension-apiserver-authentication::client-ca-file"
2025-01-28 23:33:16,679 INFO c.h.h.t.HelmChartContainer - [K3S] [configmap_cafile_content.go:205] "Starting controller" name="client-ca::kube-system::extension-apiserver-authentication::requestheader-client-ca-file"
2025-01-28 23:33:16,679 INFO c.h.h.t.HelmChartContainer - [K3S] [secure_serving.go:213] Serving securely on 127.0.0.1:10257
2025-01-28 23:33:16,679 INFO c.h.h.t.HelmChartContainer - [K3S] [tlsconfig.go:243] "Starting DynamicServingCertificateController"
2025-01-28 23:33:16,682 INFO c.h.h.t.HelmChartContainer - [K3S] [controllermanager.go:765] "Started controller" controller="serviceaccount-token-controller"
2025-01-28 23:33:16,689 INFO c.h.h.t.HelmChartContainer - [K3S] [controllermanager.go:765] "Started controller" controller="root-ca-certificate-publisher-controller"
2025-01-28 23:33:16,689 INFO c.h.h.t.HelmChartContainer - [K3S] [publisher.go:107] "Starting root CA cert publisher controller"
2025-01-28 23:33:16,694 INFO c.h.h.t.HelmChartContainer - [K3S] [controllermanager.go:765] "Started controller" controller="legacy-serviceaccount-token-cleaner-controller"
2025-01-28 23:33:16,695 INFO c.h.h.t.HelmChartContainer - [K3S] [legacy_serviceaccount_token_cleaner.go:103] "Starting legacy service account token cleaner controller"
2025-01-28 23:33:16,698 INFO c.h.h.t.HelmChartContainer - [K3S] [kubelet_node_status.go:502] "Fast updating node status as it just became ready"
2025-01-28 23:33:16,711 INFO c.h.h.t.HelmChartContainer - [K3S] [controllermanager.go:765] "Started controller" controller="validatingadmissionpolicy-status-controller"
2025-01-28 23:33:16,719 INFO c.h.h.t.HelmChartContainer - [K3S] [controllermanager.go:765] "Started controller" controller="disruption-controller"
2025-01-28 23:33:16,719 INFO c.h.h.t.HelmChartContainer - [K3S] [disruption.go:452] "Sending events to api server."
2025-01-28 23:33:16,719 INFO c.h.h.t.HelmChartContainer - [K3S] [disruption.go:463] "Starting disruption controller"
2025-01-28 23:33:16,725 INFO c.h.h.t.HelmChartContainer - [K3S] [controllermanager.go:765] "Started controller" controller="statefulset-controller"
2025-01-28 23:33:16,725 INFO c.h.h.t.HelmChartContainer - [K3S] [controllermanager.go:728] "Warning: controller is disabled" controller="bootstrap-signer-controller"
2025-01-28 23:33:16,725 INFO c.h.h.t.HelmChartContainer - [K3S] [stateful_set.go:166] "Starting stateful set controller"
2025-01-28 23:33:16,730 INFO c.h.h.t.HelmChartContainer - [K3S] [controllermanager.go:765] "Started controller" controller="persistentvolumeclaim-protection-controller"
2025-01-28 23:33:16,730 INFO c.h.h.t.HelmChartContainer - [K3S] [pvc_protection_controller.go:168] "Starting PVC protection controller"
2025-01-28 23:33:16,735 INFO c.h.h.t.HelmChartContainer - [K3S] [controllermanager.go:765] "Started controller" controller="persistentvolume-protection-controller"
2025-01-28 23:33:16,736 INFO c.h.h.t.HelmChartContainer - [K3S] [pv_protection_controller.go:81] "Starting PV protection controller"
2025-01-28 23:33:16,741 INFO c.h.h.t.HelmChartContainer - [K3S] [controllermanager.go:765] "Started controller" controller="taint-eviction-controller"
2025-01-28 23:33:16,742 INFO c.h.h.t.HelmChartContainer - [K3S] [taint_eviction.go:281] "Starting" controller="taint-eviction-controller"
2025-01-28 23:33:16,742 INFO c.h.h.t.HelmChartContainer - [K3S] [taint_eviction.go:287] "Sending events to api server"
2025-01-28 23:33:16,746 INFO c.h.h.t.HelmChartContainer - [K3S] [controllermanager.go:765] "Started controller" controller="persistentvolume-expander-controller"
2025-01-28 23:33:16,746 INFO c.h.h.t.HelmChartContainer - [K3S] [expand_controller.go:329] "Starting expand controller"
2025-01-28 23:33:16,785 INFO c.h.h.t.HelmChartContainer - [K3S] [controllermanager.go:765] "Started controller" controller="ephemeral-volume-controller"
2025-01-28 23:33:16,785 INFO c.h.h.t.HelmChartContainer - [K3S] [controller.go:173] "Starting ephemeral volume controller"
2025-01-28 23:33:16,935 INFO c.h.h.t.HelmChartContainer - [K3S] [controllermanager.go:765] "Started controller" controller="endpoints-controller"
2025-01-28 23:33:16,935 INFO c.h.h.t.HelmChartContainer - [K3S] [endpoints_controller.go:182] "Starting endpoint controller"
2025-01-28 23:33:17,056 INFO c.h.h.t.HelmChartContainer - [K3S] [INFO] Done waiting for CRD helmchartconfigs.helm.cattle.io to become available
2025-01-28 23:33:17,057 INFO c.h.h.t.HelmChartContainer - [K3S] [INFO] Writing static file: /var/lib/rancher/k3s/server/static/charts/traefik-27.0.201+up27.0.2.tgz
2025-01-28 23:33:17,057 INFO c.h.h.t.HelmChartContainer - [K3S] [INFO] Writing static file: /var/lib/rancher/k3s/server/static/charts/traefik-crd-27.0.201+up27.0.2.tgz
2025-01-28 23:33:17,058 INFO c.h.h.t.HelmChartContainer - [K3S] [INFO] Writing manifest: /var/lib/rancher/k3s/server/manifests/metrics-server/metrics-server-deployment.yaml
2025-01-28 23:33:17,058 INFO c.h.h.t.HelmChartContainer - [K3S] [INFO] Writing manifest: /var/lib/rancher/k3s/server/manifests/metrics-server/resource-reader.yaml
2025-01-28 23:33:17,058 INFO c.h.h.t.HelmChartContainer - [K3S] [INFO] Writing manifest: /var/lib/rancher/k3s/server/manifests/runtimes.yaml
2025-01-28 23:33:17,058 INFO c.h.h.t.HelmChartContainer - [K3S] [INFO] Writing manifest: /var/lib/rancher/k3s/server/manifests/coredns.yaml
2025-01-28 23:33:17,058 INFO c.h.h.t.HelmChartContainer - [K3S] [INFO] Writing manifest: /var/lib/rancher/k3s/server/manifests/metrics-server/auth-reader.yaml
2025-01-28 23:33:17,059 INFO c.h.h.t.HelmChartContainer - [K3S] [INFO] Writing manifest: /var/lib/rancher/k3s/server/manifests/metrics-server/metrics-apiservice.yaml
2025-01-28 23:33:17,059 INFO c.h.h.t.HelmChartContainer - [K3S] [INFO] Writing manifest: /var/lib/rancher/k3s/server/manifests/metrics-server/auth-delegator.yaml
2025-01-28 23:33:17,059 INFO c.h.h.t.HelmChartContainer - [K3S] [INFO] Writing manifest: /var/lib/rancher/k3s/server/manifests/metrics-server/metrics-server-service.yaml
2025-01-28 23:33:17,059 INFO c.h.h.t.HelmChartContainer - [K3S] [INFO] Writing manifest: /var/lib/rancher/k3s/server/manifests/rolebindings.yaml
2025-01-28 23:33:17,059 INFO c.h.h.t.HelmChartContainer - [K3S] [INFO] Writing manifest: /var/lib/rancher/k3s/server/manifests/ccm.yaml
2025-01-28 23:33:17,059 INFO c.h.h.t.HelmChartContainer - [K3S] [INFO] Writing manifest: /var/lib/rancher/k3s/server/manifests/local-storage.yaml
2025-01-28 23:33:17,059 INFO c.h.h.t.HelmChartContainer - [K3S] [INFO] Writing manifest: /var/lib/rancher/k3s/server/manifests/metrics-server/aggregated-metrics-reader.yaml
2025-01-28 23:33:17,060 INFO c.h.h.t.HelmChartContainer - [K3S] [INFO] Starting dynamiclistener CN filter node controller with SANs: [localhost 127.0.0.1 ::1 localhost 59fa806875ec 172.18.0.2 10.43.0.1 kubernetes kubernetes.default kubernetes.default.svc kubernetes.default.svc.cluster.local]
2025-01-28 23:33:17,061 INFO c.h.h.t.HelmChartContainer - [K3S] [INFO] Tunnel server egress proxy mode: agent
2025-01-28 23:33:17,093 INFO c.h.h.t.HelmChartContainer - [K3S] [controllermanager.go:765] "Started controller" controller="pod-garbage-collector-controller"
2025-01-28 23:33:17,093 INFO c.h.h.t.HelmChartContainer - [K3S] [controllermanager.go:723] "Skipping a cloud provider controller" controller="cloud-node-lifecycle-controller"
2025-01-28 23:33:17,093 INFO c.h.h.t.HelmChartContainer - [K3S] [gc_controller.go:99] "Starting GC controller"
2025-01-28 23:33:17,165 INFO c.h.h.t.HelmChartContainer - [K3S] [INFO] Starting k3s.cattle.io/v1, Kind=Addon controller
2025-01-28 23:33:17,165 INFO c.h.h.t.HelmChartContainer - [K3S] [INFO] Creating deploy event broadcaster
2025-01-28 23:33:17,236 INFO c.h.h.t.HelmChartContainer - [K3S] [controllermanager.go:765] "Started controller" controller="persistentvolume-attach-detach-controller"
2025-01-28 23:33:17,236 INFO c.h.h.t.HelmChartContainer - [K3S] [controllermanager.go:717] "Controller is disabled by a feature gate" controller="resourceclaim-controller" requiredFeatureGates=["DynamicResourceAllocation"]
2025-01-28 23:33:17,236 INFO c.h.h.t.HelmChartContainer - [K3S] [controllermanager.go:717] "Controller is disabled by a feature gate" controller="service-cidr-controller" requiredFeatureGates=["MultiCIDRServiceAllocator"]
2025-01-28 23:33:17,236 INFO c.h.h.t.HelmChartContainer - [K3S] [attach_detach_controller.go:338] "Starting attach detach controller"
2025-01-28 23:33:17,269 INFO c.h.h.t.HelmChartContainer - [K3S] [INFO] Starting /v1, Kind=Node controller
2025-01-28 23:33:17,270 INFO c.h.h.t.HelmChartContainer - [K3S] [INFO] Creating helm-controller event broadcaster
2025-01-28 23:33:17,281 INFO c.h.h.t.HelmChartContainer - [K3S] [INFO] Cluster dns configmap has been set successfully
2025-01-28 23:33:17,282 INFO c.h.h.t.HelmChartContainer - [K3S] [INFO] Labels and annotations have been set successfully on node: 59fa806875ec
2025-01-28 23:33:17,378 INFO c.h.h.t.HelmChartContainer - [K3S] [INFO] Starting helm.cattle.io/v1, Kind=HelmChartConfig controller
2025-01-28 23:33:17,379 INFO c.h.h.t.HelmChartContainer - [K3S] [INFO] Starting helm.cattle.io/v1, Kind=HelmChart controller
2025-01-28 23:33:17,381 INFO c.h.h.t.HelmChartContainer - [K3S] [INFO] Starting rbac.authorization.k8s.io/v1, Kind=ClusterRoleBinding controller
2025-01-28 23:33:17,384 INFO c.h.h.t.HelmChartContainer - [K3S] [INFO] Starting batch/v1, Kind=Job controller
2025-01-28 23:33:17,384 INFO c.h.h.t.HelmChartContainer - [K3S] [INFO] Starting /v1, Kind=ConfigMap controller
2025-01-28 23:33:17,384 INFO c.h.h.t.HelmChartContainer - [K3S] [INFO] Starting /v1, Kind=Secret controller
2025-01-28 23:33:17,384 INFO c.h.h.t.HelmChartContainer - [K3S] [INFO] Starting /v1, Kind=ServiceAccount controller
2025-01-28 23:33:17,385 INFO c.h.h.t.HelmChartContainer - [K3S] [controllermanager.go:765] "Started controller" controller="endpointslice-controller"
2025-01-28 23:33:17,385 INFO c.h.h.t.HelmChartContainer - [K3S] [endpointslice_controller.go:281] "Starting endpoint slice controller"
2025-01-28 23:33:17,535 INFO c.h.h.t.HelmChartContainer - [K3S] [controllermanager.go:765] "Started controller" controller="serviceaccount-controller"
2025-01-28 23:33:17,535 INFO c.h.h.t.HelmChartContainer - [K3S] [serviceaccounts_controller.go:114] "Starting service account controller"
2025-01-28 23:33:17,686 INFO c.h.h.t.HelmChartContainer - [K3S] [controllermanager.go:765] "Started controller" controller="job-controller"
2025-01-28 23:33:17,686 INFO c.h.h.t.HelmChartContainer - [K3S] [job_controller.go:243] "Starting job controller"
2025-01-28 23:33:17,830 INFO c.h.h.t.HelmChartContainer - [K3S] [INFO] Updating TLS secret for kube-system/k3s-serving (count: 10): map[listener.cattle.io/cn-10.43.0.1:10.43.0.1 listener.cattle.io/cn-127.0.0.1:127.0.0.1 listener.cattle.io/cn-172.18.0.2:172.18.0.2 listener.cattle.io/cn-59fa806875ec:59fa806875ec listener.cattle.io/cn-__1-f16284:::1 listener.cattle.io/cn-kubernetes:kubernetes listener.cattle.io/cn-kubernetes.default:kubernetes.default listener.cattle.io/cn-kubernetes.default.svc:kubernetes.default.svc listener.cattle.io/cn-kubernetes.default.svc.cluster.local:kubernetes.default.svc.cluster.local listener.cattle.io/cn-localhost:localhost listener.cattle.io/fingerprint:SHA1=95DB2CF318190E9C8701DC1B1CBC47489D208E3F]
2025-01-28 23:33:17,832 INFO c.h.h.t.HelmChartContainer - [K3S] [INFO] Active TLS secret kube-system/k3s-serving (ver=246) (count 10): map[listener.cattle.io/cn-10.43.0.1:10.43.0.1 listener.cattle.io/cn-127.0.0.1:127.0.0.1 listener.cattle.io/cn-172.18.0.2:172.18.0.2 listener.cattle.io/cn-59fa806875ec:59fa806875ec listener.cattle.io/cn-__1-f16284:::1 listener.cattle.io/cn-kubernetes:kubernetes listener.cattle.io/cn-kubernetes.default:kubernetes.default listener.cattle.io/cn-kubernetes.default.svc:kubernetes.default.svc listener.cattle.io/cn-kubernetes.default.svc.cluster.local:kubernetes.default.svc.cluster.local listener.cattle.io/cn-localhost:localhost listener.cattle.io/fingerprint:SHA1=95DB2CF318190E9C8701DC1B1CBC47489D208E3F]
2025-01-28 23:33:17,835 INFO c.h.h.t.HelmChartContainer - [K3S] [controllermanager.go:765] "Started controller" controller="replicaset-controller"
2025-01-28 23:33:17,835 INFO c.h.h.t.HelmChartContainer - [K3S] [replica_set.go:217] "Starting controller" name="replicaset"
2025-01-28 23:33:17,928 INFO c.h.h.t.HelmChartContainer - [K3S] [INFO] Updating TLS secret for kube-system/k3s-serving (count: 10): map[listener.cattle.io/cn-10.43.0.1:10.43.0.1 listener.cattle.io/cn-127.0.0.1:127.0.0.1 listener.cattle.io/cn-172.18.0.2:172.18.0.2 listener.cattle.io/cn-59fa806875ec:59fa806875ec listener.cattle.io/cn-__1-f16284:::1 listener.cattle.io/cn-kubernetes:kubernetes listener.cattle.io/cn-kubernetes.default:kubernetes.default listener.cattle.io/cn-kubernetes.default.svc:kubernetes.default.svc listener.cattle.io/cn-kubernetes.default.svc.cluster.local:kubernetes.default.svc.cluster.local listener.cattle.io/cn-localhost:localhost listener.cattle.io/fingerprint:SHA1=95DB2CF318190E9C8701DC1B1CBC47489D208E3F]
2025-01-28 23:33:17,985 INFO c.h.h.t.HelmChartContainer - [K3S] [controllermanager.go:765] "Started controller" controller="certificatesigningrequest-approving-controller"
2025-01-28 23:33:17,985 INFO c.h.h.t.HelmChartContainer - [K3S] [certificate_controller.go:120] "Starting certificate controller" name="csrapproving"
2025-01-28 23:33:18,035 INFO c.h.h.t.HelmChartContainer - [K3S] [controllermanager.go:765] "Started controller" controller="certificatesigningrequest-cleaner-controller"
2025-01-28 23:33:18,035 INFO c.h.h.t.HelmChartContainer - [K3S] [cleaner.go:83] "Starting CSR cleaner controller"
2025-01-28 23:33:18,085 INFO c.h.h.t.HelmChartContainer - [K3S] [node_lifecycle_controller.go:432] "Controller will reconcile labels"
2025-01-28 23:33:18,085 INFO c.h.h.t.HelmChartContainer - [K3S] [controllermanager.go:765] "Started controller" controller="node-lifecycle-controller"
2025-01-28 23:33:18,085 INFO c.h.h.t.HelmChartContainer - [K3S] [node_lifecycle_controller.go:466] "Sending events to api server"
2025-01-28 23:33:18,085 INFO c.h.h.t.HelmChartContainer - [K3S] [node_lifecycle_controller.go:477] "Starting node controller"
2025-01-28 23:33:18,236 INFO c.h.h.t.HelmChartContainer - [K3S] [controllermanager.go:765] "Started controller" controller="persistentvolume-binder-controller"
2025-01-28 23:33:18,237 INFO c.h.h.t.HelmChartContainer - [K3S] [pv_controller_base.go:308] "Starting persistent volume controller"
2025-01-28 23:33:18,386 INFO c.h.h.t.HelmChartContainer - [K3S] [controllermanager.go:765] "Started controller" controller="endpointslice-mirroring-controller"
2025-01-28 23:33:18,386 INFO c.h.h.t.HelmChartContainer - [K3S] [endpointslicemirroring_controller.go:227] "Starting EndpointSliceMirroring controller"
2025-01-28 23:33:18,693 INFO c.h.h.t.HelmChartContainer - [K3S] [controllermanager.go:765] "Started controller" controller="resourcequota-controller"
2025-01-28 23:33:18,693 INFO c.h.h.t.HelmChartContainer - [K3S] [resource_quota_controller.go:300] "Starting resource quota controller"
2025-01-28 23:33:18,705 INFO c.h.h.t.HelmChartContainer - [K3S] [event.go:389] "Event occurred" object="59fa806875ec" fieldPath="" kind="Node" apiVersion="" type="Normal" reason="NodePasswordValidationComplete" message="Deferred node password secret validation complete"
2025-01-28 23:33:18,938 INFO c.h.h.t.HelmChartContainer - [K3S] [controllermanager.go:765] "Started controller" controller="namespace-controller"
2025-01-28 23:33:18,938 INFO c.h.h.t.HelmChartContainer - [K3S] [namespace_controller.go:202] "Starting namespace controller"
2025-01-28 23:33:19,086 INFO c.h.h.t.HelmChartContainer - [K3S] [controllermanager.go:765] "Started controller" controller="cronjob-controller"
2025-01-28 23:33:19,086 INFO c.h.h.t.HelmChartContainer - [K3S] [cronjob_controllerv2.go:145] "Starting cronjob controller v2"
2025-01-28 23:33:19,136 INFO c.h.h.t.HelmChartContainer - [K3S] [certificate_controller.go:120] "Starting certificate controller" name="csrsigning-kubelet-serving"
2025-01-28 23:33:19,136 INFO c.h.h.t.HelmChartContainer - [K3S] [dynamic_serving_content.go:135] "Starting controller" name="csr-controller::/var/lib/rancher/k3s/server/tls/server-ca.nochain.crt::/var/lib/rancher/k3s/server/tls/server-ca.key"
2025-01-28 23:33:19,137 INFO c.h.h.t.HelmChartContainer - [K3S] [certificate_controller.go:120] "Starting certificate controller" name="csrsigning-kubelet-client"
2025-01-28 23:33:19,137 INFO c.h.h.t.HelmChartContainer - [K3S] [dynamic_serving_content.go:135] "Starting controller" name="csr-controller::/var/lib/rancher/k3s/server/tls/client-ca.nochain.crt::/var/lib/rancher/k3s/server/tls/client-ca.key"
2025-01-28 23:33:19,137 INFO c.h.h.t.HelmChartContainer - [K3S] [certificate_controller.go:120] "Starting certificate controller" name="csrsigning-kube-apiserver-client"
2025-01-28 23:33:19,137 INFO c.h.h.t.HelmChartContainer - [K3S] [dynamic_serving_content.go:135] "Starting controller" name="csr-controller::/var/lib/rancher/k3s/server/tls/client-ca.nochain.crt::/var/lib/rancher/k3s/server/tls/client-ca.key"
2025-01-28 23:33:19,137 INFO c.h.h.t.HelmChartContainer - [K3S] [controllermanager.go:765] "Started controller" controller="certificatesigningrequest-signing-controller"
2025-01-28 23:33:19,138 INFO c.h.h.t.HelmChartContainer - [K3S] [controllermanager.go:717] "Controller is disabled by a feature gate" controller="storageversion-garbage-collector-controller" requiredFeatureGates=["APIServerIdentity","StorageVersionAPI"]
2025-01-28 23:33:19,138 INFO c.h.h.t.HelmChartContainer - [K3S] [controllermanager.go:743] "Warning: skipping controller" controller="storage-version-migrator-controller"
2025-01-28 23:33:19,138 INFO c.h.h.t.HelmChartContainer - [K3S] [controllermanager.go:717] "Controller is disabled by a feature gate" controller="selinux-warning-controller" requiredFeatureGates=["SELinuxChangePolicy"]
2025-01-28 23:33:19,138 INFO c.h.h.t.HelmChartContainer - [K3S] [certificate_controller.go:120] "Starting certificate controller" name="csrsigning-legacy-unknown"
2025-01-28 23:33:19,138 INFO c.h.h.t.HelmChartContainer - [K3S] [dynamic_serving_content.go:135] "Starting controller" name="csr-controller::/var/lib/rancher/k3s/server/tls/server-ca.nochain.crt::/var/lib/rancher/k3s/server/tls/server-ca.key"
2025-01-28 23:33:19,170 INFO c.h.h.t.HelmChartContainer - [K3S] [event.go:389] "Event occurred" object="kube-system/ccm" fieldPath="" kind="Addon" apiVersion="k3s.cattle.io/v1" type="Normal" reason="ApplyingManifest" message="Applying manifest at \"/var/lib/rancher/k3s/server/manifests/ccm.yaml\""
2025-01-28 23:33:19,189 INFO c.h.h.t.HelmChartContainer - [K3S] [event.go:389] "Event occurred" object="kube-system/ccm" fieldPath="" kind="Addon" apiVersion="k3s.cattle.io/v1" type="Normal" reason="AppliedManifest" message="Applied manifest at \"/var/lib/rancher/k3s/server/manifests/ccm.yaml\""
2025-01-28 23:33:19,197 INFO c.h.h.t.HelmChartContainer - [K3S] [event.go:389] "Event occurred" object="kube-system/coredns" fieldPath="" kind="Addon" apiVersion="k3s.cattle.io/v1" type="Normal" reason="ApplyingManifest" message="Applying manifest at \"/var/lib/rancher/k3s/server/manifests/coredns.yaml\""
2025-01-28 23:33:19,285 INFO c.h.h.t.HelmChartContainer - [K3S] [controllermanager.go:765] "Started controller" controller="replicationcontroller-controller"
2025-01-28 23:33:19,286 INFO c.h.h.t.HelmChartContainer - [K3S] [replica_set.go:217] "Starting controller" name="replicationcontroller"
2025-01-28 23:33:19,303 INFO c.h.h.t.HelmChartContainer - [K3S] [alloc.go:330] "allocated clusterIPs" service="kube-system/kube-dns" clusterIPs={"IPv4":"10.43.0.10"}
2025-01-28 23:33:19,305 INFO c.h.h.t.HelmChartContainer - [K3S] [event.go:389] "Event occurred" object="kube-system/coredns" fieldPath="" kind="Addon" apiVersion="k3s.cattle.io/v1" type="Normal" reason="AppliedManifest" message="Applied manifest at \"/var/lib/rancher/k3s/server/manifests/coredns.yaml\""
2025-01-28 23:33:19,314 INFO c.h.h.t.HelmChartContainer - [K3S] [event.go:389] "Event occurred" object="kube-system/local-storage" fieldPath="" kind="Addon" apiVersion="k3s.cattle.io/v1" type="Normal" reason="ApplyingManifest" message="Applying manifest at \"/var/lib/rancher/k3s/server/manifests/local-storage.yaml\""
2025-01-28 23:33:19,403 INFO c.h.h.t.HelmChartContainer - [K3S] [event.go:389] "Event occurred" object="kube-system/local-storage" fieldPath="" kind="Addon" apiVersion="k3s.cattle.io/v1" type="Normal" reason="AppliedManifest" message="Applied manifest at \"/var/lib/rancher/k3s/server/manifests/local-storage.yaml\""
2025-01-28 23:33:19,409 INFO c.h.h.t.HelmChartContainer - [K3S] [event.go:389] "Event occurred" object="kube-system/aggregated-metrics-reader" fieldPath="" kind="Addon" apiVersion="k3s.cattle.io/v1" type="Normal" reason="ApplyingManifest" message="Applying manifest at \"/var/lib/rancher/k3s/server/manifests/metrics-server/aggregated-metrics-reader.yaml\""
2025-01-28 23:33:19,435 INFO c.h.h.t.HelmChartContainer - [K3S] [controllermanager.go:765] "Started controller" controller="deployment-controller"
2025-01-28 23:33:19,435 INFO c.h.h.t.HelmChartContainer - [K3S] [deployment_controller.go:173] "Starting controller" controller="deployment"
2025-01-28 23:33:19,478 INFO c.h.h.t.HelmChartContainer - [K3S] [event.go:389] "Event occurred" object="kube-system/aggregated-metrics-reader" fieldPath="" kind="Addon" apiVersion="k3s.cattle.io/v1" type="Normal" reason="AppliedManifest" message="Applied manifest at \"/var/lib/rancher/k3s/server/manifests/metrics-server/aggregated-metrics-reader.yaml\""
2025-01-28 23:33:19,486 INFO c.h.h.t.HelmChartContainer - [K3S] [event.go:389] "Event occurred" object="kube-system/auth-delegator" fieldPath="" kind="Addon" apiVersion="k3s.cattle.io/v1" type="Normal" reason="ApplyingManifest" message="Applying manifest at \"/var/lib/rancher/k3s/server/manifests/metrics-server/auth-delegator.yaml\""
2025-01-28 23:33:19,491 INFO c.h.h.t.HelmChartContainer - [K3S] [event.go:389] "Event occurred" object="kube-system/auth-delegator" fieldPath="" kind="Addon" apiVersion="k3s.cattle.io/v1" type="Normal" reason="AppliedManifest" message="Applied manifest at \"/var/lib/rancher/k3s/server/manifests/metrics-server/auth-delegator.yaml\""
2025-01-28 23:33:19,497 INFO c.h.h.t.HelmChartContainer - [K3S] [event.go:389] "Event occurred" object="kube-system/auth-reader" fieldPath="" kind="Addon" apiVersion="k3s.cattle.io/v1" type="Normal" reason="ApplyingManifest" message="Applying manifest at \"/var/lib/rancher/k3s/server/manifests/metrics-server/auth-reader.yaml\""
2025-01-28 23:33:19,502 INFO c.h.h.t.HelmChartContainer - [K3S] [event.go:389] "Event occurred" object="kube-system/auth-reader" fieldPath="" kind="Addon" apiVersion="k3s.cattle.io/v1" type="Normal" reason="AppliedManifest" message="Applied manifest at \"/var/lib/rancher/k3s/server/manifests/metrics-server/auth-reader.yaml\""
2025-01-28 23:33:19,511 INFO c.h.h.t.HelmChartContainer - [K3S] [event.go:389] "Event occurred" object="kube-system/metrics-apiservice" fieldPath="" kind="Addon" apiVersion="k3s.cattle.io/v1" type="Normal" reason="ApplyingManifest" message="Applying manifest at \"/var/lib/rancher/k3s/server/manifests/metrics-server/metrics-apiservice.yaml\""
2025-01-28 23:33:19,518 INFO c.h.h.t.HelmChartContainer - [K3S] [event.go:389] "Event occurred" object="kube-system/metrics-apiservice" fieldPath="" kind="Addon" apiVersion="k3s.cattle.io/v1" type="Normal" reason="AppliedManifest" message="Applied manifest at \"/var/lib/rancher/k3s/server/manifests/metrics-server/metrics-apiservice.yaml\""
2025-01-28 23:33:19,521 INFO c.h.h.t.HelmChartContainer - [K3S] [handler_proxy.go:99] no RequestInfo found in the context
2025-01-28 23:33:19,521 INFO c.h.h.t.HelmChartContainer - [K3S] [controller.go:146] "Unhandled Error" err=<
2025-01-28 23:33:19,521 INFO c.h.h.t.HelmChartContainer - [K3S] 	, Header: map[Content-Type:[text/plain; charset=utf-8] X-Content-Type-Options:[nosniff]]
2025-01-28 23:33:19,521 INFO c.h.h.t.HelmChartContainer - [K3S]  >
2025-01-28 23:33:19,523 INFO c.h.h.t.HelmChartContainer - [K3S] [handler_proxy.go:143] error resolving kube-system/metrics-server: service "metrics-server" not found
2025-01-28 23:33:19,528 INFO c.h.h.t.HelmChartContainer - [K3S] [event.go:389] "Event occurred" object="kube-system/metrics-server-deployment" fieldPath="" kind="Addon" apiVersion="k3s.cattle.io/v1" type="Normal" reason="ApplyingManifest" message="Applying manifest at \"/var/lib/rancher/k3s/server/manifests/metrics-server/metrics-server-deployment.yaml\""
2025-01-28 23:33:19,541 INFO c.h.h.t.HelmChartContainer - [K3S] [event.go:389] "Event occurred" object="kube-system/metrics-server-deployment" fieldPath="" kind="Addon" apiVersion="k3s.cattle.io/v1" type="Normal" reason="AppliedManifest" message="Applied manifest at \"/var/lib/rancher/k3s/server/manifests/metrics-server/metrics-server-deployment.yaml\""
2025-01-28 23:33:19,546 INFO c.h.h.t.HelmChartContainer - [K3S] [event.go:389] "Event occurred" object="kube-system/metrics-server-service" fieldPath="" kind="Addon" apiVersion="k3s.cattle.io/v1" type="Normal" reason="ApplyingManifest" message="Applying manifest at \"/var/lib/rancher/k3s/server/manifests/metrics-server/metrics-server-service.yaml\""
2025-01-28 23:33:19,552 INFO c.h.h.t.HelmChartContainer - [K3S] [alloc.go:330] "allocated clusterIPs" service="kube-system/metrics-server" clusterIPs={"IPv4":"10.43.72.100"}
2025-01-28 23:33:19,554 INFO c.h.h.t.HelmChartContainer - [K3S] [event.go:389] "Event occurred" object="kube-system/metrics-server-service" fieldPath="" kind="Addon" apiVersion="k3s.cattle.io/v1" type="Normal" reason="AppliedManifest" message="Applied manifest at \"/var/lib/rancher/k3s/server/manifests/metrics-server/metrics-server-service.yaml\""
2025-01-28 23:33:19,558 INFO c.h.h.t.HelmChartContainer - [K3S] [handler_proxy.go:99] no RequestInfo found in the context
2025-01-28 23:33:19,558 INFO c.h.h.t.HelmChartContainer - [K3S] [controller.go:146] "Unhandled Error" err=<
2025-01-28 23:33:19,558 INFO c.h.h.t.HelmChartContainer - [K3S] 	, Header: map[Content-Type:[text/plain; charset=utf-8] X-Content-Type-Options:[nosniff]]
2025-01-28 23:33:19,558 INFO c.h.h.t.HelmChartContainer - [K3S]  >
2025-01-28 23:33:19,559 INFO c.h.h.t.HelmChartContainer - [K3S] [handler_proxy.go:143] error resolving kube-system/metrics-server: endpoints "metrics-server" not found
2025-01-28 23:33:19,563 INFO c.h.h.t.HelmChartContainer - [K3S] [event.go:389] "Event occurred" object="kube-system/resource-reader" fieldPath="" kind="Addon" apiVersion="k3s.cattle.io/v1" type="Normal" reason="ApplyingManifest" message="Applying manifest at \"/var/lib/rancher/k3s/server/manifests/metrics-server/resource-reader.yaml\""
2025-01-28 23:33:19,585 INFO c.h.h.t.HelmChartContainer - [K3S] [controllermanager.go:765] "Started controller" controller="token-cleaner-controller"
2025-01-28 23:33:19,585 INFO c.h.h.t.HelmChartContainer - [K3S] [tokencleaner.go:117] "Starting token cleaner controller"
2025-01-28 23:33:19,593 INFO c.h.h.t.HelmChartContainer - [K3S] [event.go:389] "Event occurred" object="kube-system/resource-reader" fieldPath="" kind="Addon" apiVersion="k3s.cattle.io/v1" type="Normal" reason="AppliedManifest" message="Applied manifest at \"/var/lib/rancher/k3s/server/manifests/metrics-server/resource-reader.yaml\""
2025-01-28 23:33:19,601 INFO c.h.h.t.HelmChartContainer - [K3S] [event.go:389] "Event occurred" object="kube-system/rolebindings" fieldPath="" kind="Addon" apiVersion="k3s.cattle.io/v1" type="Normal" reason="ApplyingManifest" message="Applying manifest at \"/var/lib/rancher/k3s/server/manifests/rolebindings.yaml\""
2025-01-28 23:33:19,703 INFO c.h.h.t.HelmChartContainer - [K3S] [event.go:389] "Event occurred" object="kube-system/rolebindings" fieldPath="" kind="Addon" apiVersion="k3s.cattle.io/v1" type="Normal" reason="AppliedManifest" message="Applied manifest at \"/var/lib/rancher/k3s/server/manifests/rolebindings.yaml\""
2025-01-28 23:33:19,710 INFO c.h.h.t.HelmChartContainer - [K3S] [event.go:389] "Event occurred" object="kube-system/runtimes" fieldPath="" kind="Addon" apiVersion="k3s.cattle.io/v1" type="Normal" reason="ApplyingManifest" message="Applying manifest at \"/var/lib/rancher/k3s/server/manifests/runtimes.yaml\""
2025-01-28 23:33:19,736 INFO c.h.h.t.HelmChartContainer - [K3S] [controllermanager.go:765] "Started controller" controller="clusterrole-aggregation-controller"
2025-01-28 23:33:19,736 INFO c.h.h.t.HelmChartContainer - [K3S] [controllermanager.go:717] "Controller is disabled by a feature gate" controller="kube-apiserver-serving-clustertrustbundle-publisher-controller" requiredFeatureGates=["ClusterTrustBundle"]
2025-01-28 23:33:19,737 INFO c.h.h.t.HelmChartContainer - [K3S] [clusterroleaggregation_controller.go:194] "Starting ClusterRoleAggregator controller"
2025-01-28 23:33:19,738 INFO c.h.h.t.HelmChartContainer - [K3S] [event.go:389] "Event occurred" object="kube-system/runtimes" fieldPath="" kind="Addon" apiVersion="k3s.cattle.io/v1" type="Normal" reason="AppliedManifest" message="Applied manifest at \"/var/lib/rancher/k3s/server/manifests/runtimes.yaml\""
2025-01-28 23:33:19,885 INFO c.h.h.t.HelmChartContainer - [K3S] [controllermanager.go:765] "Started controller" controller="daemonset-controller"
2025-01-28 23:33:19,885 INFO c.h.h.t.HelmChartContainer - [K3S] [daemon_controller.go:294] "Starting daemon sets controller"
2025-01-28 23:33:20,036 INFO c.h.h.t.HelmChartContainer - [K3S] [controllermanager.go:765] "Started controller" controller="ttl-controller"
2025-01-28 23:33:20,036 INFO c.h.h.t.HelmChartContainer - [K3S] [ttl_controller.go:127] "Starting TTL controller"
2025-01-28 23:33:20,190 INFO c.h.h.t.HelmChartContainer - [K3S] [range_allocator.go:112] "No Secondary Service CIDR provided. Skipping filtering out secondary service addresses"
2025-01-28 23:33:20,190 INFO c.h.h.t.HelmChartContainer - [K3S] [controllermanager.go:765] "Started controller" controller="node-ipam-controller"
2025-01-28 23:33:20,190 INFO c.h.h.t.HelmChartContainer - [K3S] [controllermanager.go:723] "Skipping a cloud provider controller" controller="node-route-controller"
2025-01-28 23:33:20,190 INFO c.h.h.t.HelmChartContainer - [K3S] [node_ipam_controller.go:141] "Starting ipam controller"
2025-01-28 23:33:20,204 INFO c.h.h.t.HelmChartContainer - [K3S] [INFO] Tunnel authorizer set Kubelet Port 0.0.0.0:10250
2025-01-28 23:33:20,273 INFO c.h.h.t.HelmChartContainer - [K3S] [serving.go:392] Generated self-signed cert in-memory
2025-01-28 23:33:20,435 INFO c.h.h.t.HelmChartContainer - [K3S] [controllermanager.go:765] "Started controller" controller="garbage-collector-controller"
2025-01-28 23:33:20,435 INFO c.h.h.t.HelmChartContainer - [K3S] [graph_builder.go:351] "Running" component="GraphBuilder"
2025-01-28 23:33:20,519 INFO c.h.h.t.HelmChartContainer - [K3S] [handler_proxy.go:99] no RequestInfo found in the context
2025-01-28 23:33:20,519 INFO c.h.h.t.HelmChartContainer - [K3S] [controller.go:102] "Unhandled Error" err=<
2025-01-28 23:33:20,519 INFO c.h.h.t.HelmChartContainer - [K3S] 	, Header: map[Content-Type:[text/plain; charset=utf-8] X-Content-Type-Options:[nosniff]]
2025-01-28 23:33:20,519 INFO c.h.h.t.HelmChartContainer - [K3S]  >
2025-01-28 23:33:20,519 INFO c.h.h.t.HelmChartContainer - [K3S] [handler_proxy.go:99] no RequestInfo found in the context
2025-01-28 23:33:20,621 INFO c.h.h.t.HelmChartContainer - [K3S] [serving.go:392] Generated self-signed cert in-memory
2025-01-28 23:33:20,711 INFO c.h.h.t.HelmChartContainer - [K3S] [controllermanager.go:160] Version: v1.32.1+k3s1
2025-01-28 23:33:20,714 INFO c.h.h.t.HelmChartContainer - [K3S] [requestheader_controller.go:180] Starting RequestHeaderAuthRequestController
2025-01-28 23:33:20,714 INFO c.h.h.t.HelmChartContainer - [K3S] [configmap_cafile_content.go:205] "Starting controller" name="client-ca::kube-system::extension-apiserver-authentication::client-ca-file"
2025-01-28 23:33:20,714 INFO c.h.h.t.HelmChartContainer - [K3S] [configmap_cafile_content.go:205] "Starting controller" name="client-ca::kube-system::extension-apiserver-authentication::requestheader-client-ca-file"
2025-01-28 23:33:20,714 INFO c.h.h.t.HelmChartContainer - [K3S] [secure_serving.go:213] Serving securely on 127.0.0.1:10258
2025-01-28 23:33:20,714 INFO c.h.h.t.HelmChartContainer - [K3S] [tlsconfig.go:243] "Starting DynamicServingCertificateController"
2025-01-28 23:33:20,718 INFO c.h.h.t.HelmChartContainer - [K3S] [INFO] Creating service-lb-controller event broadcaster
2025-01-28 23:33:20,835 INFO c.h.h.t.HelmChartContainer - [K3S] [controllermanager.go:765] "Started controller" controller="horizontal-pod-autoscaler-controller"
2025-01-28 23:33:20,835 INFO c.h.h.t.HelmChartContainer - [K3S] [controllermanager.go:723] "Skipping a cloud provider controller" controller="service-lb-controller"
2025-01-28 23:33:20,835 INFO c.h.h.t.HelmChartContainer - [K3S] [controllermanager.go:717] "Controller is disabled by a feature gate" controller="volumeattributesclass-protection-controller" requiredFeatureGates=["VolumeAttributesClass"]
2025-01-28 23:33:20,835 INFO c.h.h.t.HelmChartContainer - [K3S] [horizontal.go:201] "Starting HPA controller"
2025-01-28 23:33:20,839 INFO c.h.h.t.HelmChartContainer - [K3S] [INFO] Starting /v1, Kind=Node controller
2025-01-28 23:33:20,841 INFO c.h.h.t.HelmChartContainer - [K3S] [INFO] Starting /v1, Kind=Pod controller
2025-01-28 23:33:20,844 INFO c.h.h.t.HelmChartContainer - [K3S] [INFO] Starting apps/v1, Kind=DaemonSet controller
2025-01-28 23:33:20,847 INFO c.h.h.t.HelmChartContainer - [K3S] [INFO] Starting discovery.k8s.io/v1, Kind=EndpointSlice controller
2025-01-28 23:33:20,848 INFO c.h.h.t.HelmChartContainer - [K3S] [controllermanager.go:329] Started "service-lb-controller"
2025-01-28 23:33:20,849 INFO c.h.h.t.HelmChartContainer - [K3S] [controllermanager.go:306] "node-route-controller" is disabled
2025-01-28 23:33:20,849 INFO c.h.h.t.HelmChartContainer - [K3S] [controller.go:234] Starting service controller
2025-01-28 23:33:20,849 INFO c.h.h.t.HelmChartContainer - [K3S] [controllermanager.go:329] Started "cloud-node-controller"
2025-01-28 23:33:20,849 INFO c.h.h.t.HelmChartContainer - [K3S] [node_controller.go:176] Sending events to api server.
2025-01-28 23:33:20,849 INFO c.h.h.t.HelmChartContainer - [K3S] [node_controller.go:185] Waiting for informer caches to sync
2025-01-28 23:33:20,849 INFO c.h.h.t.HelmChartContainer - [K3S] [controllermanager.go:329] Started "cloud-node-lifecycle-controller"
2025-01-28 23:33:20,849 INFO c.h.h.t.HelmChartContainer - [K3S] [node_lifecycle_controller.go:112] Sending events to api server
2025-01-28 23:33:20,949 INFO c.h.h.t.HelmChartContainer - [K3S] [node_controller.go:429] Initializing node 59fa806875ec with cloud provider
2025-01-28 23:33:20,953 INFO c.h.h.t.HelmChartContainer - [K3S] [node_controller.go:474] Successfully initialized node 59fa806875ec with cloud provider
2025-01-28 23:33:20,953 INFO c.h.h.t.HelmChartContainer - [K3S] [event.go:389] "Event occurred" object="59fa806875ec" fieldPath="" kind="Node" apiVersion="v1" type="Normal" reason="Synced" message="Node synced successfully"
2025-01-28 23:33:20,963 INFO c.h.h.t.HelmChartContainer - [K3S] [INFO] Updated coredns NodeHosts entry for 59fa806875ec
2025-01-28 23:33:20,987 INFO c.h.h.t.HelmChartContainer - [K3S] [controllermanager.go:765] "Started controller" controller="ttl-after-finished-controller"
2025-01-28 23:33:20,994 INFO c.h.h.t.HelmChartContainer - [K3S] [ttlafterfinished_controller.go:112] "Starting TTL after finished controller"
2025-01-28 23:33:21,020 INFO c.h.h.t.HelmChartContainer - [K3S] [actual_state_of_world.go:541] "Failed to update statusUpdateNeeded field in actual state of world" err="Failed to set statusUpdateNeeded to needed true, because nodeName=\"59fa806875ec\" does not exist"
2025-01-28 23:33:21,090 INFO c.h.h.t.HelmChartContainer - [K3S] [node_lifecycle_controller.go:1234] "Initializing eviction metric for zone" zone=""
2025-01-28 23:33:21,091 INFO c.h.h.t.HelmChartContainer - [K3S] [node_lifecycle_controller.go:886] "Missing timestamp for Node. Assuming now as a timestamp" node="59fa806875ec"
2025-01-28 23:33:21,091 INFO c.h.h.t.HelmChartContainer - [K3S] [node_lifecycle_controller.go:1080] "Controller detected that zone is now in new state" zone="" newState="Normal"
2025-01-28 23:33:21,091 INFO c.h.h.t.HelmChartContainer - [K3S] [range_allocator.go:177] "Sending events to api server"
2025-01-28 23:33:21,091 INFO c.h.h.t.HelmChartContainer - [K3S] [range_allocator.go:183] "Starting range CIDR allocator"
2025-01-28 23:33:21,101 INFO c.h.h.t.HelmChartContainer - [K3S] [range_allocator.go:428] "Set node PodCIDR" node="59fa806875ec" podCIDRs=["10.42.0.0/24"]
2025-01-28 23:33:21,101 INFO c.h.h.t.HelmChartContainer - [K3S] [range_allocator.go:247] "Successfully synced" key="59fa806875ec"
2025-01-28 23:33:21,101 INFO c.h.h.t.HelmChartContainer - [K3S] [range_allocator.go:247] "Successfully synced" key="59fa806875ec"
2025-01-28 23:33:21,101 INFO c.h.h.t.HelmChartContainer - [K3S] [range_allocator.go:247] "Successfully synced" key="59fa806875ec"
2025-01-28 23:33:21,101 INFO c.h.h.t.HelmChartContainer - [K3S] [INFO] Flannel found PodCIDR assigned for node 59fa806875ec
2025-01-28 23:33:21,101 INFO c.h.h.t.HelmChartContainer - [K3S] [INFO] The interface eth0 with ipv4 address 172.18.0.2 will be used by flannel
2025-01-28 23:33:21,104 INFO c.h.h.t.HelmChartContainer - [K3S] [kube.go:139] Waiting 10m0s for node controller to sync
2025-01-28 23:33:21,104 INFO c.h.h.t.HelmChartContainer - [K3S] [kube.go:469] Starting kube subnet manager
2025-01-28 23:33:21,209 INFO c.h.h.t.HelmChartContainer - [K3S] [INFO] Started tunnel to 172.18.0.2:6443
2025-01-28 23:33:21,212 INFO c.h.h.t.HelmChartContainer - [K3S] [INFO] Stopped tunnel to 127.0.0.1:6443
2025-01-28 23:33:21,212 INFO c.h.h.t.HelmChartContainer - [K3S] [INFO] Connecting to proxy" url="wss://172.18.0.2:6443/v1-k3s/connect
2025-01-28 23:33:21,213 INFO c.h.h.t.HelmChartContainer - [K3S] [INFO] Proxy done" err="context canceled" url="wss://127.0.0.1:6443/v1-k3s/connect
2025-01-28 23:33:21,213 INFO c.h.h.t.HelmChartContainer - [K3S] [INFO] error in remotedialer server [400]: websocket: close 1006 (abnormal closure): unexpected EOF
2025-01-28 23:33:21,214 INFO c.h.h.t.HelmChartContainer - [K3S] [INFO] Handling backend connection request [59fa806875ec]
2025-01-28 23:33:21,214 INFO c.h.h.t.HelmChartContainer - [K3S] [INFO] Remotedialer connected to proxy" url="wss://172.18.0.2:6443/v1-k3s/connect
2025-01-28 23:33:21,220 INFO c.h.h.t.HelmChartContainer - [K3S] [INFO] Starting network policy controller version v2.2.1, built on 2025-01-28T18:27:08Z, go1.23.4
2025-01-28 23:33:21,220 INFO c.h.h.t.HelmChartContainer - [K3S] [network_policy_controller.go:164] Starting network policy controller
2025-01-28 23:33:21,263 INFO c.h.h.t.HelmChartContainer - [K3S] [network_policy_controller.go:176] Starting network policy controller full sync goroutine
2025-01-28 23:33:21,448 INFO c.h.h.t.HelmChartContainer - [K3S] [serving.go:392] Generated self-signed cert in-memory
2025-01-28 23:33:21,543 INFO c.h.h.t.HelmChartContainer - [K3S] [handler_proxy.go:99] no RequestInfo found in the context
2025-01-28 23:33:21,543 INFO c.h.h.t.HelmChartContainer - [K3S] [controller.go:146] "Unhandled Error" err=<
2025-01-28 23:33:21,543 INFO c.h.h.t.HelmChartContainer - [K3S] 	, Header: map[Content-Type:[text/plain; charset=utf-8] X-Content-Type-Options:[nosniff]]
2025-01-28 23:33:21,543 INFO c.h.h.t.HelmChartContainer - [K3S]  >
2025-01-28 23:33:21,544 INFO c.h.h.t.HelmChartContainer - [K3S] [handler_proxy.go:143] error resolving kube-system/metrics-server: no endpoints available for service "metrics-server"
2025-01-28 23:33:21,644 INFO c.h.h.t.HelmChartContainer - [K3S] [range_allocator.go:247] "Successfully synced" key="59fa806875ec"
2025-01-28 23:33:21,791 INFO c.h.h.t.HelmChartContainer - [K3S] [server.go:164] "Starting Kubernetes Scheduler" version="v1.32.1+k3s1"
2025-01-28 23:33:21,791 INFO c.h.h.t.HelmChartContainer - [K3S] [server.go:166] "Golang settings" GOGC="" GOMAXPROCS="" GOTRACEBACK=""
2025-01-28 23:33:21,796 INFO c.h.h.t.HelmChartContainer - [K3S] [secure_serving.go:213] Serving securely on 127.0.0.1:10259
2025-01-28 23:33:21,796 INFO c.h.h.t.HelmChartContainer - [K3S] [requestheader_controller.go:180] Starting RequestHeaderAuthRequestController
2025-01-28 23:33:21,796 INFO c.h.h.t.HelmChartContainer - [K3S] [tlsconfig.go:243] "Starting DynamicServingCertificateController"
2025-01-28 23:33:21,797 INFO c.h.h.t.HelmChartContainer - [K3S] [configmap_cafile_content.go:205] "Starting controller" name="client-ca::kube-system::extension-apiserver-authentication::client-ca-file"
2025-01-28 23:33:21,797 INFO c.h.h.t.HelmChartContainer - [K3S] [configmap_cafile_content.go:205] "Starting controller" name="client-ca::kube-system::extension-apiserver-authentication::requestheader-client-ca-file"
2025-01-28 23:33:21,914 INFO c.h.h.t.HelmChartContainer - [K3S] [replica_set.go:679] "Finished syncing" kind="ReplicaSet" key="kube-system/coredns-ff8999cc5" duration="571.583822ms"
2025-01-28 23:33:21,914 INFO c.h.h.t.HelmChartContainer - [K3S] [replica_set.go:679] "Finished syncing" kind="ReplicaSet" key="kube-system/metrics-server-8584b5786c" duration="570.821588ms"
2025-01-28 23:33:21,936 INFO c.h.h.t.HelmChartContainer - [K3S] [replica_set.go:679] "Finished syncing" kind="ReplicaSet" key="kube-system/coredns-ff8999cc5" duration="22.498826ms"
2025-01-28 23:33:21,944 INFO c.h.h.t.HelmChartContainer - [K3S] [replica_set.go:679] "Finished syncing" kind="ReplicaSet" key="kube-system/local-path-provisioner-698b58967b" duration="602.075862ms"
2025-01-28 23:33:21,946 INFO c.h.h.t.HelmChartContainer - [K3S] [replica_set.go:679] "Finished syncing" kind="ReplicaSet" key="kube-system/metrics-server-8584b5786c" duration="32.651506ms"
2025-01-28 23:33:21,982 INFO c.h.h.t.HelmChartContainer - [K3S] [reconciler_common.go:251] "operationExecutor.VerifyControllerAttachedVolume started for volume \"config-volume\" (UniqueName: \"kubernetes.io/configmap/e6d30a10-0240-4c57-9017-a0bb04338a8f-config-volume\") pod \"coredns-ff8999cc5-8nkt5\" (UID: \"e6d30a10-0240-4c57-9017-a0bb04338a8f\") " pod="kube-system/coredns-ff8999cc5-8nkt5"
2025-01-28 23:33:21,986 INFO c.h.h.t.HelmChartContainer - [K3S] [replica_set.go:679] "Finished syncing" kind="ReplicaSet" key="kube-system/coredns-ff8999cc5" duration="48.130723ms"
2025-01-28 23:33:21,986 INFO c.h.h.t.HelmChartContainer - [K3S] [replica_set.go:679] "Finished syncing" kind="ReplicaSet" key="kube-system/coredns-ff8999cc5" duration="84.869µs"
2025-01-28 23:33:21,986 INFO c.h.h.t.HelmChartContainer - [K3S] [reconciler_common.go:251] "operationExecutor.VerifyControllerAttachedVolume started for volume \"custom-config-volume\" (UniqueName: \"kubernetes.io/configmap/e6d30a10-0240-4c57-9017-a0bb04338a8f-custom-config-volume\") pod \"coredns-ff8999cc5-8nkt5\" (UID: \"e6d30a10-0240-4c57-9017-a0bb04338a8f\") " pod="kube-system/coredns-ff8999cc5-8nkt5"
2025-01-28 23:33:21,986 INFO c.h.h.t.HelmChartContainer - [K3S] [reconciler_common.go:251] "operationExecutor.VerifyControllerAttachedVolume started for volume \"kube-api-access-hm8cr\" (UniqueName: \"kubernetes.io/projected/e6d30a10-0240-4c57-9017-a0bb04338a8f-kube-api-access-hm8cr\") pod \"coredns-ff8999cc5-8nkt5\" (UID: \"e6d30a10-0240-4c57-9017-a0bb04338a8f\") " pod="kube-system/coredns-ff8999cc5-8nkt5"
2025-01-28 23:33:21,987 INFO c.h.h.t.HelmChartContainer - [K3S] [reconciler_common.go:251] "operationExecutor.VerifyControllerAttachedVolume started for volume \"tmp-dir\" (UniqueName: \"kubernetes.io/empty-dir/24b33e17-2c58-4da2-aaf8-d6006863897e-tmp-dir\") pod \"metrics-server-8584b5786c-kxf7c\" (UID: \"24b33e17-2c58-4da2-aaf8-d6006863897e\") " pod="kube-system/metrics-server-8584b5786c-kxf7c"
2025-01-28 23:33:21,987 INFO c.h.h.t.HelmChartContainer - [K3S] [reconciler_common.go:251] "operationExecutor.VerifyControllerAttachedVolume started for volume \"kube-api-access-fl7bv\" (UniqueName: \"kubernetes.io/projected/24b33e17-2c58-4da2-aaf8-d6006863897e-kube-api-access-fl7bv\") pod \"metrics-server-8584b5786c-kxf7c\" (UID: \"24b33e17-2c58-4da2-aaf8-d6006863897e\") " pod="kube-system/metrics-server-8584b5786c-kxf7c"
2025-01-28 23:33:21,987 INFO c.h.h.t.HelmChartContainer - [K3S] [reconciler_common.go:251] "operationExecutor.VerifyControllerAttachedVolume started for volume \"config-volume\" (UniqueName: \"kubernetes.io/configmap/c8f3edfa-81ff-4598-bd1b-6705c121d7d4-config-volume\") pod \"local-path-provisioner-698b58967b-hnhnj\" (UID: \"c8f3edfa-81ff-4598-bd1b-6705c121d7d4\") " pod="kube-system/local-path-provisioner-698b58967b-hnhnj"
2025-01-28 23:33:21,987 INFO c.h.h.t.HelmChartContainer - [K3S] [reconciler_common.go:251] "operationExecutor.VerifyControllerAttachedVolume started for volume \"kube-api-access-wmgnc\" (UniqueName: \"kubernetes.io/projected/c8f3edfa-81ff-4598-bd1b-6705c121d7d4-kube-api-access-wmgnc\") pod \"local-path-provisioner-698b58967b-hnhnj\" (UID: \"c8f3edfa-81ff-4598-bd1b-6705c121d7d4\") " pod="kube-system/local-path-provisioner-698b58967b-hnhnj"
2025-01-28 23:33:21,987 INFO c.h.h.t.HelmChartContainer - [K3S] [replica_set.go:679] "Finished syncing" kind="ReplicaSet" key="kube-system/metrics-server-8584b5786c" duration="39.901499ms"
2025-01-28 23:33:21,988 INFO c.h.h.t.HelmChartContainer - [K3S] [replica_set.go:679] "Finished syncing" kind="ReplicaSet" key="kube-system/metrics-server-8584b5786c" duration="148.368µs"
2025-01-28 23:33:21,989 INFO c.h.h.t.HelmChartContainer - [K3S] [replica_set.go:679] "Finished syncing" kind="ReplicaSet" key="kube-system/local-path-provisioner-698b58967b" duration="42.537376ms"
2025-01-28 23:33:22,003 INFO c.h.h.t.HelmChartContainer - [K3S] [replica_set.go:679] "Finished syncing" kind="ReplicaSet" key="kube-system/coredns-ff8999cc5" duration="51.847µs"
2025-01-28 23:33:22,016 INFO c.h.h.t.HelmChartContainer - [K3S] [replica_set.go:679] "Finished syncing" kind="ReplicaSet" key="kube-system/local-path-provisioner-698b58967b" duration="23.697789ms"
2025-01-28 23:33:22,017 INFO c.h.h.t.HelmChartContainer - [K3S] [replica_set.go:679] "Finished syncing" kind="ReplicaSet" key="kube-system/local-path-provisioner-698b58967b" duration="46.808µs"
2025-01-28 23:33:22,019 INFO c.h.h.t.HelmChartContainer - [K3S] [replica_set.go:679] "Finished syncing" kind="ReplicaSet" key="kube-system/metrics-server-8584b5786c" duration="53.911µs"
2025-01-28 23:33:22,036 INFO c.h.h.t.HelmChartContainer - [K3S] [replica_set.go:679] "Finished syncing" kind="ReplicaSet" key="kube-system/local-path-provisioner-698b58967b" duration="52.488µs"
2025-01-28 23:33:22,104 INFO c.h.h.t.HelmChartContainer - [K3S] [kube.go:146] Node controller sync successful
2025-01-28 23:33:22,104 INFO c.h.h.t.HelmChartContainer - [K3S] [vxlan.go:141] VXLAN config: VNI=1 Port=0 GBP=false Learning=false DirectRouting=false
2025-01-28 23:33:22,105 INFO c.h.h.t.HelmChartContainer - [K3S] [kube.go:636] List of node(59fa806875ec) annotations: map[string]string{"alpha.kubernetes.io/provided-node-ip":"172.18.0.2", "k3s.io/hostname":"59fa806875ec", "k3s.io/internal-ip":"172.18.0.2", "k3s.io/node-args":"[\"server\",\"--etcd-arg\",\"unsafe-no-fsync\",\"--etcd-arg\",\"snapshot-count=10000\",\"--etcd-arg\",\"auto-compaction-mode=revision\",\"--etcd-arg\",\"auto-compaction-retention=1000000\",\"--kube-apiserver-arg\",\"etcd-compaction-interval=0s\",\"--disable\",\"traefik\",\"--tls-san\",\"localhost\"]", "k3s.io/node-config-hash":"2QNNT5M5XUBFOLO5XPGEVGOM5UDLHHTIVMSRUPAUHE5DU3HUYQUQ====", "k3s.io/node-env":"{}", "node.alpha.kubernetes.io/ttl":"0", "volumes.kubernetes.io/controller-managed-attach-detach":"true"}
2025-01-28 23:33:22,111 INFO c.h.h.t.HelmChartContainer - [K3S] [kube.go:490] Creating the node lease for IPv4. This is the n.Spec.PodCIDRs: [10.42.0.0/24]
2025-01-28 23:33:22,111 INFO c.h.h.t.HelmChartContainer - [K3S] [iptables.go:51] Starting flannel in iptables mode...
2025-01-28 23:33:22,111 INFO c.h.h.t.HelmChartContainer - [K3S] [WARNING] no subnet found for key: FLANNEL_NETWORK in file: /run/flannel/subnet.env
2025-01-28 23:33:22,111 INFO c.h.h.t.HelmChartContainer - [K3S] [WARNING] no subnet found for key: FLANNEL_SUBNET in file: /run/flannel/subnet.env
2025-01-28 23:33:22,111 INFO c.h.h.t.HelmChartContainer - [K3S] [WARNING] no subnet found for key: FLANNEL_IPV6_NETWORK in file: /run/flannel/subnet.env
2025-01-28 23:33:22,111 INFO c.h.h.t.HelmChartContainer - [K3S] [WARNING] no subnet found for key: FLANNEL_IPV6_SUBNET in file: /run/flannel/subnet.env
2025-01-28 23:33:22,111 INFO c.h.h.t.HelmChartContainer - [K3S] [iptables.go:115] Current network or subnet (10.42.0.0/16, 10.42.0.0/24) is not equal to previous one (0.0.0.0/0, 0.0.0.0/0), trying to recycle old iptables rules
2025-01-28 23:33:22,111 INFO c.h.h.t.HelmChartContainer - [K3S] [range_allocator.go:247] "Successfully synced" key="59fa806875ec"
2025-01-28 23:33:22,119 INFO c.h.h.t.HelmChartContainer - [K3S] [iptables.go:125] Setting up masking rules
2025-01-28 23:33:22,121 INFO c.h.h.t.HelmChartContainer - [K3S] [iptables.go:226] Changing default FORWARD chain policy to ACCEPT
2025-01-28 23:33:22,123 INFO c.h.h.t.HelmChartContainer - [K3S] [INFO] Wrote flannel subnet file to /run/flannel/subnet.env
2025-01-28 23:33:22,123 INFO c.h.h.t.HelmChartContainer - [K3S] [INFO] Running flannel backend.
2025-01-28 23:33:22,124 INFO c.h.h.t.HelmChartContainer - [K3S] [vxlan_network.go:65] watching for new subnet leases
2025-01-28 23:33:22,134 INFO c.h.h.t.HelmChartContainer - [K3S] [iptables.go:372] bootstrap done
2025-01-28 23:33:22,138 INFO c.h.h.t.HelmChartContainer - [K3S] [iptables.go:372] bootstrap done
2025-01-28 23:33:22,544 INFO c.h.h.t.HelmChartContainer - [K3S] [handler_proxy.go:99] no RequestInfo found in the context
2025-01-28 23:33:22,545 INFO c.h.h.t.HelmChartContainer - [K3S] [handler_proxy.go:99] no RequestInfo found in the context
2025-01-28 23:33:22,545 INFO c.h.h.t.HelmChartContainer - [K3S] [controller.go:102] "Unhandled Error" err=<
2025-01-28 23:33:22,545 INFO c.h.h.t.HelmChartContainer - [K3S] 	, Header: map[Content-Type:[text/plain; charset=utf-8] X-Content-Type-Options:[nosniff]]
2025-01-28 23:33:22,545 INFO c.h.h.t.HelmChartContainer - [K3S]  >
2025-01-28 23:33:25,306 INFO c.h.h.t.HelmChartContainer - [K3S] [replica_set.go:679] "Finished syncing" kind="ReplicaSet" key="kube-system/local-path-provisioner-698b58967b" duration="8.252636ms"
2025-01-28 23:33:25,306 INFO c.h.h.t.HelmChartContainer - [K3S] [replica_set.go:679] "Finished syncing" kind="ReplicaSet" key="kube-system/local-path-provisioner-698b58967b" duration="28.423µs"
2025-01-28 23:33:25,313 INFO c.h.h.t.HelmChartContainer - [K3S] [replica_set.go:679] "Finished syncing" kind="ReplicaSet" key="kube-system/metrics-server-8584b5786c" duration="31.379µs"
2025-01-28 23:33:26,229 DEBUG c.h.h.t.HelmChartContainer - Image file loaded 'hivemq-platform-operator.tar'
2025-01-28 23:33:26,308 INFO c.h.h.t.HelmChartContainer - [K3S] [replica_set.go:679] "Finished syncing" kind="ReplicaSet" key="kube-system/coredns-ff8999cc5" duration="34.014µs"
2025-01-28 23:33:26,422 INFO c.h.h.t.HelmChartContainer - [K3S] [kuberuntime_manager.go:1702] "Updating runtime config through cri with podcidr" CIDR="10.42.0.0/24"
2025-01-28 23:33:26,422 INFO c.h.h.t.HelmChartContainer - [K3S] [kubelet_network.go:61] "Updating Pod CIDR" originalPodCIDR="" newPodCIDR="10.42.0.0/24"
2025-01-28 23:33:26,430 INFO c.h.h.t.HelmChartContainer - [K3S] [range_allocator.go:247] "Successfully synced" key="59fa806875ec"
2025-01-28 23:33:26,687 DEBUG c.h.h.t.HelmChartContainer - Image file loaded 'hivemq-platform-operator-init.tar'
2025-01-28 23:33:27,311 INFO c.h.h.t.HelmChartContainer - [K3S] [replica_set.go:679] "Finished syncing" kind="ReplicaSet" key="kube-system/coredns-ff8999cc5" duration="5.413699ms"
2025-01-28 23:33:27,311 INFO c.h.h.t.HelmChartContainer - [K3S] [replica_set.go:679] "Finished syncing" kind="ReplicaSet" key="kube-system/coredns-ff8999cc5" duration="32.231µs"
2025-01-28 23:33:32,197 DEBUG c.h.h.t.HelmChartContainer - Image file loaded 'hivemq-platform.tar'
2025-01-28 23:33:32,197 DEBUG c.h.h.t.HelmChartContainer - Successful Helm chart Container startup
2025-01-28 23:33:32,211 INFO t.localhost/testcontainers/3tguyqhp2cwwnhpl:latest - Container localhost/testcontainers/3tguyqhp2cwwnhpl:latest started in PT21.189746182S
2025-01-28 23:33:32,220 DEBUG c.h.h.t.HelmChartContainer - Executing helm command: /bin/helm --kubeconfig /etc/rancher/k3s/k3s.yaml repo add hivemq https://hivemq.github.io/helm-charts
2025-01-28 23:33:33,535 INFO c.h.h.t.HelmChartContainer - [EVENT] Normal [Starting] Starting kubelet. [null:59fa806875ec]
2025-01-28 23:33:33,536 INFO c.h.h.t.HelmChartContainer - [EVENT] Warning [InvalidDiskCapacity] invalid capacity 0 on image filesystem [null:59fa806875ec]
2025-01-28 23:33:33,537 INFO c.h.h.t.HelmChartContainer - [EVENT] Normal [NodeHasSufficientMemory] Node 59fa806875ec status is now: NodeHasSufficientMemory [null:59fa806875ec]
2025-01-28 23:33:33,538 INFO c.h.h.t.HelmChartContainer - [EVENT] Normal [NodeHasNoDiskPressure] Node 59fa806875ec status is now: NodeHasNoDiskPressure [null:59fa806875ec]
2025-01-28 23:33:33,539 INFO c.h.h.t.HelmChartContainer - [EVENT] Normal [NodeHasSufficientPID] Node 59fa806875ec status is now: NodeHasSufficientPID [null:59fa806875ec]
2025-01-28 23:33:33,539 INFO c.h.h.t.HelmChartContainer - [EVENT] Normal [NodeAllocatableEnforced] Updated Node Allocatable limit across pods [null:59fa806875ec]
2025-01-28 23:33:33,541 INFO c.h.h.t.HelmChartContainer - [EVENT] Normal [NodeReady] Node 59fa806875ec status is now: NodeReady [null:59fa806875ec]
2025-01-28 23:33:33,542 INFO c.h.h.t.HelmChartContainer - [EVENT] Normal [NodePasswordValidationComplete] Deferred node password secret validation complete [null:59fa806875ec]
2025-01-28 23:33:33,542 INFO c.h.h.t.HelmChartContainer - [EVENT] Normal [Synced] Node synced successfully [null:59fa806875ec]
2025-01-28 23:33:33,543 INFO c.h.h.t.HelmChartContainer - [EVENT] Normal [RegisteredNode] Node 59fa806875ec event: Registered Node 59fa806875ec in Controller [null:59fa806875ec]
2025-01-28 23:33:33,548 INFO c.h.h.t.HelmChartContainer - Saved kubeconfig file on /tmp/kubeconfig-14515319936180506014.yaml
2025-01-28 23:33:33,548 INFO c.h.h.t.HelmChartContainer - HelmChartContainer is started
]]></system-out>
  <system-err><![CDATA[]]></system-err>
</testsuite>
