<?xml version="1.0" encoding="UTF-8"?>
<testsuite name="com.hivemq.helmcharts.extensions.HelmExtensionPriorityIT" tests="1" skipped="0" failures="0" errors="0" timestamp="2025-04-05T02:19:31" hostname="fv-az1909-517" time="110.131">
  <properties/>
  <testcase name="platformChart_whenExtensionPriorityIsConfigured_thenInterceptorsAreExecutedInTheExpectedOrder()" classname="com.hivemq.helmcharts.extensions.HelmExtensionPriorityIT" time="110.131"/>
</testsuite>
