<?xml version="1.0" encoding="UTF-8"?>
<testsuite name="com.hivemq.helmcharts.platform.UpdateLogLevelIT" tests="2" skipped="0" failures="0" errors="0" timestamp="2025-01-28T21:20:21" hostname="fv-az1970-323" time="308.785">
  <properties/>
  <testcase name="1 withNamespaces: true" classname="com.hivemq.helmcharts.platform.UpdateLogLevelIT" time="156.07">
    <system-out><![CDATA[2025-01-28 21:20:21,709 INFO c.h.h.t.HelmChartContainer - Creating namespace 'updateloglevelit-operator'...
2025-01-28 21:20:21,716 INFO c.h.h.t.HelmChartContainer - Namespace 'updateloglevelit-operator' created
2025-01-28 21:20:21,716 INFO c.h.h.t.HelmChartContainer - Creating namespace 'updateloglevelit'...
2025-01-28 21:20:21,723 INFO c.h.h.t.HelmChartContainer - Namespace 'updateloglevelit' created
2025-01-28 21:20:21,797 DEBUG c.h.h.t.HelmChartContainer - Executing helm command: /bin/helm --kubeconfig /etc/rancher/k3s/k3s.yaml install test-hivemq-platform-operator /charts/hivemq-platform-operator --wait --timeout 5m0s --set image.repository=docker.io/hivemq --set image.name=hivemq-platform-operator-test --set image.initImageName=hivemq-platform-operator-init-test --set image.tag=snapshot --set image.pullPolicy=Never --set logLevel=DEBUG --set resources.cpu=512m --set namespaces=updateloglevelit --namespace updateloglevelit-operator
2025-01-28 21:20:22,161 INFO c.h.h.t.HelmChartContainer - [K3S] [alloc.go:330] "allocated clusterIPs" service="updateloglevelit-operator/hivemq-platform-operator-test-hivemq-platform-operator" clusterIPs={"IPv4":"10.43.228.61"}
2025-01-28 21:20:22,173 INFO c.h.h.t.HelmChartContainer - [EVENT] Normal [ScalingReplicaSet] Scaled up replica set hivemq-test-hivemq-platform-operator-7764645b48 from 0 to 1 [updateloglevelit-operator:hivemq-test-hivemq-platform-operator]
2025-01-28 21:20:22,183 INFO c.h.h.t.HelmChartContainer - [POD] hivemq-test-hivemq-platform-operator-7764645b48-jqs7m [25b3b7d0-d11b-48a0-9127-0ac591815238] in updateloglevelit-operator was ADDED
2025-01-28 21:20:22,187 INFO c.h.h.t.HelmChartContainer - [EVENT] Normal [SuccessfulCreate] Created pod: hivemq-test-hivemq-platform-operator-7764645b48-jqs7m [updateloglevelit-operator:hivemq-test-hivemq-platform-operator-7764645b48]
2025-01-28 21:20:22,188 INFO c.h.h.t.HelmChartContainer - [K3S] [memory_manager.go:355] "RemoveStaleState removing state" podUID="fa713f3e-eabd-4f4a-bdd4-9ce09ce958d4" containerName="hivemq-platform-operator"
2025-01-28 21:20:22,188 INFO c.h.h.t.HelmChartContainer - [K3S] [memory_manager.go:355] "RemoveStaleState removing state" podUID="ae95791e-23e9-4093-bada-2f4420a215d0" containerName="hivemq"
2025-01-28 21:20:22,189 INFO c.h.h.t.HelmChartContainer - [EVENT] Normal [Scheduled] Successfully assigned updateloglevelit-operator/hivemq-test-hivemq-platform-operator-7764645b48-jqs7m to c40f33139f2e [updateloglevelit-operator:hivemq-test-hivemq-platform-operator-7764645b48-jqs7m]
2025-01-28 21:20:22,191 INFO c.h.h.t.HelmChartContainer - [K3S] [replica_set.go:679] "Finished syncing" kind="ReplicaSet" key="updateloglevelit-operator/hivemq-test-hivemq-platform-operator-7764645b48" duration="18.504514ms"
2025-01-28 21:20:22,191 INFO c.h.h.t.HelmChartContainer - [POD] hivemq-test-hivemq-platform-operator-7764645b48-jqs7m [25b3b7d0-d11b-48a0-9127-0ac591815238] in updateloglevelit-operator was MODIFIED
2025-01-28 21:20:22,196 INFO c.h.h.t.HelmChartContainer - [K3S] [replica_set.go:679] "Finished syncing" kind="ReplicaSet" key="updateloglevelit-operator/hivemq-test-hivemq-platform-operator-7764645b48" duration="7.246787ms"
2025-01-28 21:20:22,197 INFO c.h.h.t.HelmChartContainer - [K3S] [replica_set.go:679] "Finished syncing" kind="ReplicaSet" key="updateloglevelit-operator/hivemq-test-hivemq-platform-operator-7764645b48" duration="33.703µs"
2025-01-28 21:20:22,200 INFO c.h.h.t.HelmChartContainer - [K3S] [replica_set.go:679] "Finished syncing" kind="ReplicaSet" key="updateloglevelit-operator/hivemq-test-hivemq-platform-operator-7764645b48" duration="35.547µs"
2025-01-28 21:20:22,201 INFO c.h.h.t.HelmChartContainer - [POD] hivemq-test-hivemq-platform-operator-7764645b48-jqs7m [25b3b7d0-d11b-48a0-9127-0ac591815238] in updateloglevelit-operator was MODIFIED
2025-01-28 21:20:22,274 INFO c.h.h.t.HelmChartContainer - [K3S] [reconciler_common.go:251] "operationExecutor.VerifyControllerAttachedVolume started for volume \"kube-api-access-t4pf9\" (UniqueName: \"kubernetes.io/projected/25b3b7d0-d11b-48a0-9127-0ac591815238-kube-api-access-t4pf9\") pod \"hivemq-test-hivemq-platform-operator-7764645b48-jqs7m\" (UID: \"25b3b7d0-d11b-48a0-9127-0ac591815238\") " pod="updateloglevelit-operator/hivemq-test-hivemq-platform-operator-7764645b48-jqs7m"
2025-01-28 21:20:22,581 INFO c.h.h.t.HelmChartContainer - [EVENT] Normal [Pulled] Container image "docker.io/hivemq/hivemq-platform-operator-test:snapshot" already present on machine [updateloglevelit-operator:hivemq-test-hivemq-platform-operator-7764645b48-jqs7m]
2025-01-28 21:20:22,581 INFO c.h.h.t.HelmChartContainer - Received Pulled event for container hivemq-platform-operator in pod hivemq-test-hivemq-platform-operator-7764645b48-jqs7m [25b3b7d0-d11b-48a0-9127-0ac591815238]
2025-01-28 21:20:23,819 INFO c.h.h.t.HelmChartContainer - [EVENT] Normal [Created] Created container: hivemq-platform-operator [updateloglevelit-operator:hivemq-test-hivemq-platform-operator-7764645b48-jqs7m]
2025-01-28 21:20:23,819 INFO c.h.h.t.HelmChartContainer - Received Created event for container hivemq-platform-operator in pod hivemq-test-hivemq-platform-operator-7764645b48-jqs7m [25b3b7d0-d11b-48a0-9127-0ac591815238]
2025-01-28 21:20:24,770 INFO c.h.h.t.HelmChartContainer - [K3S] [replica_set.go:679] "Finished syncing" kind="ReplicaSet" key="updateloglevelit-operator/hivemq-test-hivemq-platform-operator-7764645b48" duration="52.769µs"
2025-01-28 21:20:24,772 INFO c.h.h.t.HelmChartContainer - [POD] hivemq-test-hivemq-platform-operator-7764645b48-jqs7m [25b3b7d0-d11b-48a0-9127-0ac591815238] in updateloglevelit-operator was MODIFIED
2025-01-28 21:20:24,778 INFO c.h.h.t.HelmChartContainer - Started log watcher for hivemq-platform-operator in pod hivemq-test-hivemq-platform-operator-7764645b48-jqs7m [25b3b7d0-d11b-48a0-9127-0ac591815238]
2025-01-28 21:20:24,778 INFO c.h.h.t.HelmChartContainer - [EVENT] Normal [Started] Started container hivemq-platform-operator [updateloglevelit-operator:hivemq-test-hivemq-platform-operator-7764645b48-jqs7m]
2025-01-28 21:20:24,778 INFO c.h.h.t.HelmChartContainer - [hivemq-test-hivemq-platform] [hivemq-platform-operator] [25b3b7d0] -------------------------------------------------------------------------
2025-01-28 21:20:24,778 INFO c.h.h.t.HelmChartContainer - Received Started event for container hivemq-platform-operator in pod hivemq-test-hivemq-platform-operator-7764645b48-jqs7m [25b3b7d0-d11b-48a0-9127-0ac591815238]
2025-01-28 21:20:24,778 INFO c.h.h.t.HelmChartContainer - [hivemq-test-hivemq-platform] [hivemq-platform-operator] [25b3b7d0] 
2025-01-28 21:20:24,778 INFO c.h.h.t.HelmChartContainer - [hivemq-test-hivemq-platform] [hivemq-platform-operator] [25b3b7d0]                   _    _  _              __  __   ____
2025-01-28 21:20:24,778 INFO c.h.h.t.HelmChartContainer - [hivemq-test-hivemq-platform] [hivemq-platform-operator] [25b3b7d0]                  | |  | |(_)            |  \/  | / __ \
2025-01-28 21:20:24,778 INFO c.h.h.t.HelmChartContainer - [hivemq-test-hivemq-platform] [hivemq-platform-operator] [25b3b7d0]                  | |__| | _ __   __ ___ | \  / || |  | |
2025-01-28 21:20:24,778 INFO c.h.h.t.HelmChartContainer - [hivemq-test-hivemq-platform] [hivemq-platform-operator] [25b3b7d0]                  |  __  || |\ \ / // _ \| |\/| || |  | |
2025-01-28 21:20:24,778 INFO c.h.h.t.HelmChartContainer - [hivemq-test-hivemq-platform] [hivemq-platform-operator] [25b3b7d0]                  | |  | || | \ V /|  __/| |  | || |__| |
2025-01-28 21:20:24,778 INFO c.h.h.t.HelmChartContainer - [hivemq-test-hivemq-platform] [hivemq-platform-operator] [25b3b7d0]                  |_|  |_||_|  \_/  \___||_|  |_| \___\_\
2025-01-28 21:20:24,778 INFO c.h.h.t.HelmChartContainer - [hivemq-test-hivemq-platform] [hivemq-platform-operator] [25b3b7d0] 
2025-01-28 21:20:24,779 INFO c.h.h.t.HelmChartContainer - [hivemq-test-hivemq-platform] [hivemq-platform-operator] [25b3b7d0] -------------------------------------------------------------------------
2025-01-28 21:20:24,779 INFO c.h.h.t.HelmChartContainer - [hivemq-test-hivemq-platform] [hivemq-platform-operator] [25b3b7d0] 
2025-01-28 21:20:24,779 INFO c.h.h.t.HelmChartContainer - [hivemq-test-hivemq-platform] [hivemq-platform-operator] [25b3b7d0]   HiveMQ Platform Operator Start Script v1.0
2025-01-28 21:20:24,779 INFO c.h.h.t.HelmChartContainer - [hivemq-test-hivemq-platform] [hivemq-platform-operator] [25b3b7d0] 
2025-01-28 21:20:24,779 INFO c.h.h.t.HelmChartContainer - [hivemq-test-hivemq-platform] [hivemq-platform-operator] [25b3b7d0] -------------------------------------------------------------------------
2025-01-28 21:20:24,779 INFO c.h.h.t.HelmChartContainer - [hivemq-test-hivemq-platform] [hivemq-platform-operator] [25b3b7d0] 
2025-01-28 21:20:24,779 INFO c.h.h.t.HelmChartContainer - [hivemq-test-hivemq-platform] [hivemq-platform-operator] [25b3b7d0]   JAVA_OPTS: -XX:+UnlockExperimentalVMOptions -XX:InitialRAMPercentage=75 -XX:MaxRAMPercentage=75 -Duser.language=en -Duser.region=US
2025-01-28 21:20:24,779 INFO c.h.h.t.HelmChartContainer - [hivemq-test-hivemq-platform] [hivemq-platform-operator] [25b3b7d0] 
2025-01-28 21:20:24,779 INFO c.h.h.t.HelmChartContainer - [hivemq-test-hivemq-platform] [hivemq-platform-operator] [25b3b7d0]   JAVA_VERSION: 21
2025-01-28 21:20:24,779 INFO c.h.h.t.HelmChartContainer - [hivemq-test-hivemq-platform] [hivemq-platform-operator] [25b3b7d0] 
2025-01-28 21:20:24,779 INFO c.h.h.t.HelmChartContainer - [hivemq-test-hivemq-platform] [hivemq-platform-operator] [25b3b7d0] -------------------------------------------------------------------------
2025-01-28 21:20:24,779 INFO c.h.h.t.HelmChartContainer - [hivemq-test-hivemq-platform] [hivemq-platform-operator] [25b3b7d0] 
2025-01-28 21:20:27,193 INFO c.h.h.t.HelmChartContainer - [hivemq-test-hivemq-platform] [hivemq-platform-operator] [25b3b7d0] 21:20:27.190 [main] DEBUG org.jboss.logging - Logging Provider: org.jboss.logging.Slf4jLoggerProvider
2025-01-28 21:20:27,351 INFO c.h.h.t.HelmChartContainer - [hivemq-test-hivemq-platform] [hivemq-platform-operator] [25b3b7d0] 21:20:27.348 [main] DEBUG io.smallrye.config - SRCFG01006: Loaded ConfigSource SysPropConfigSource with ordinal 400
2025-01-28 21:20:27,351 INFO c.h.h.t.HelmChartContainer - [hivemq-test-hivemq-platform] [hivemq-platform-operator] [25b3b7d0] 21:20:27.349 [main] DEBUG io.smallrye.config - SRCFG01006: Loaded ConfigSource EnvConfigSource with ordinal 300
2025-01-28 21:20:27,351 INFO c.h.h.t.HelmChartContainer - [hivemq-test-hivemq-platform] [hivemq-platform-operator] [25b3b7d0] 21:20:27.349 [main] DEBUG io.smallrye.config - SRCFG01006: Loaded ConfigSource PropertiesConfigSource[source=jar:file:///opt/hivemq-platform-operator/bin/hivemq-platform-operator.jar!/hivemq-platform-operator.properties] with ordinal 100
2025-01-28 21:20:27,351 INFO c.h.h.t.HelmChartContainer - [hivemq-test-hivemq-platform] [hivemq-platform-operator] [25b3b7d0] 21:20:27.349 [main] DEBUG io.smallrye.config - SRCFG01006: Loaded ConfigSource DefaultValuesConfigSource with ordinal -2147483648
2025-01-28 21:20:27,453 INFO c.h.h.t.HelmChartContainer - [hivemq-test-hivemq-platform] [hivemq-platform-operator] [25b3b7d0] 21:20:27.452 [main] DEBUG i.m.c.u.i.l.InternalLoggerFactory - Using SLF4J as the default logging framework
2025-01-28 21:20:27,592 INFO c.h.h.t.HelmChartContainer - [hivemq-test-hivemq-platform] [hivemq-platform-operator] [25b3b7d0] 21:20:27.554 [main] INFO  c.h.p.o.HiveMQPlatformOperatorApplication - HiveMQ Platform Operator 1.7.0-SNAPSHOT (commit: bebf408 on branch: HEAD) built on Sun Jan 26 20:47:47 UTC 2025
2025-01-28 21:20:27,593 INFO c.h.h.t.HelmChartContainer - [hivemq-test-hivemq-platform] [hivemq-platform-operator] [25b3b7d0] 21:20:27.591 [main] INFO  c.h.p.o.HiveMQPlatformOperatorApplication - HiveMQ Platform Operator is running in namespace: updateloglevelit-operator
2025-01-28 21:20:27,593 INFO c.h.h.t.HelmChartContainer - [hivemq-test-hivemq-platform] [hivemq-platform-operator] [25b3b7d0] 21:20:27.592 [main] INFO  c.h.p.o.HiveMQPlatformOperatorApplication - Watching namespaces: updateloglevelit
2025-01-28 21:20:27,593 INFO c.h.h.t.HelmChartContainer - [hivemq-test-hivemq-platform] [hivemq-platform-operator] [25b3b7d0] 21:20:27.592 [main] INFO  c.h.p.o.HiveMQPlatformOperatorApplication - Log level: DEBUG
2025-01-28 21:20:27,593 INFO c.h.h.t.HelmChartContainer - [hivemq-test-hivemq-platform] [hivemq-platform-operator] [25b3b7d0] 21:20:27.592 [main] INFO  c.h.p.o.HiveMQPlatformOperatorApplication - Release name: test-hivemq-platform-operator
2025-01-28 21:20:27,593 INFO c.h.h.t.HelmChartContainer - [hivemq-test-hivemq-platform] [hivemq-platform-operator] [25b3b7d0] 21:20:27.592 [main] INFO  c.h.p.o.HiveMQPlatformOperatorApplication - HiveMQ Platform Operator Init image: docker.io/hivemq/hivemq-platform-operator-init-test:snapshot
2025-01-28 21:20:27,593 INFO c.h.h.t.HelmChartContainer - [hivemq-test-hivemq-platform] [hivemq-platform-operator] [25b3b7d0] 21:20:27.592 [main] INFO  c.h.p.o.HiveMQPlatformOperatorApplication - HiveMQ Platform Operator Init App update URL: http://hivemq-platform-operator-test-hivemq-platform-operator.updateloglevelit-operator.svc:8080/initAppUpdate/hivemq-platform-operator-init-app-1.7.0-SNAPSHOT.jar
2025-01-28 21:20:27,594 INFO c.h.h.t.HelmChartContainer - [hivemq-test-hivemq-platform] [hivemq-platform-operator] [25b3b7d0] 21:20:27.592 [main] INFO  c.h.p.o.HiveMQPlatformOperatorApplication - Additional imagePullSecret for all Platform deployments: none
2025-01-28 21:20:27,594 INFO c.h.h.t.HelmChartContainer - [hivemq-test-hivemq-platform] [hivemq-platform-operator] [25b3b7d0] 21:20:27.592 [main] INFO  c.h.p.o.HiveMQPlatformOperatorApplication - Apply HiveMQ Platform CRD: true
2025-01-28 21:20:27,594 INFO c.h.h.t.HelmChartContainer - [hivemq-test-hivemq-platform] [hivemq-platform-operator] [25b3b7d0] 21:20:27.592 [main] INFO  c.h.p.o.HiveMQPlatformOperatorApplication - Create Platform ServiceAccount: true
2025-01-28 21:20:27,594 INFO c.h.h.t.HelmChartContainer - [hivemq-test-hivemq-platform] [hivemq-platform-operator] [25b3b7d0] 21:20:27.592 [main] INFO  c.h.p.o.HiveMQPlatformOperatorApplication - Create Platform ServiceAccount permissions: true
2025-01-28 21:20:27,594 INFO c.h.h.t.HelmChartContainer - [hivemq-test-hivemq-platform] [hivemq-platform-operator] [25b3b7d0] 21:20:27.592 [main] INFO  c.h.p.o.HiveMQPlatformOperatorApplication - Validate Platform ServiceAccount: true
2025-01-28 21:20:27,594 INFO c.h.h.t.HelmChartContainer - [hivemq-test-hivemq-platform] [hivemq-platform-operator] [25b3b7d0] 21:20:27.592 [main] INFO  c.h.p.o.HiveMQPlatformOperatorApplication - Validate Platform ServiceAccount permissions: true
2025-01-28 21:20:27,762 INFO c.h.h.t.HelmChartContainer - [hivemq-test-hivemq-platform] [hivemq-platform-operator] [25b3b7d0] 21:20:27.761 [main] INFO  c.h.platform.operator.util.CRDUtil - Verifying deployed HiveMQ Platform CRD...
2025-01-28 21:20:30,449 INFO c.h.h.t.HelmChartContainer - [hivemq-test-hivemq-platform] [hivemq-platform-operator] [25b3b7d0] 21:20:30.447 [main] DEBUG c.h.platform.operator.util.CRDUtil - HiveMQ Platform CRD version v1 is up to date
2025-01-28 21:20:30,449 INFO c.h.h.t.HelmChartContainer - [hivemq-test-hivemq-platform] [hivemq-platform-operator] [25b3b7d0] 21:20:30.447 [main] INFO  c.h.platform.operator.util.CRDUtil - HiveMQ Platform CRD is up to date (version: V1_6_0)
2025-01-28 21:20:30,450 INFO c.h.h.t.HelmChartContainer - [hivemq-test-hivemq-platform] [hivemq-platform-operator] [25b3b7d0] 21:20:30.448 [main] INFO  c.h.platform.operator.util.CRDUtil - Waiting 10000 ms for HiveMQ Platform CRD 'hivemq-platforms.hivemq.com' to become ready...
2025-01-28 21:20:30,841 INFO c.h.h.t.HelmChartContainer - [hivemq-test-hivemq-platform] [hivemq-platform-operator] [25b3b7d0] 21:20:30.839 [vert.x-eventloop-thread-1] DEBUG c.h.platform.operator.util.CRDUtil - Checking CRD condition 'NamesAccepted' (status: 'True')
2025-01-28 21:20:30,841 INFO c.h.h.t.HelmChartContainer - [hivemq-test-hivemq-platform] [hivemq-platform-operator] [25b3b7d0] 21:20:30.840 [vert.x-eventloop-thread-1] DEBUG c.h.platform.operator.util.CRDUtil - Checking CRD condition 'Established' (status: 'True')
2025-01-28 21:20:30,842 INFO c.h.h.t.HelmChartContainer - [hivemq-test-hivemq-platform] [hivemq-platform-operator] [25b3b7d0] 21:20:30.841 [main] INFO  c.h.platform.operator.util.CRDUtil - HiveMQ Platform CRD 'hivemq-platforms.hivemq.com' is ready
2025-01-28 21:20:31,046 INFO c.h.h.t.HelmChartContainer - [hivemq-test-hivemq-platform] [hivemq-platform-operator] [25b3b7d0] 21:20:31.045 [main] INFO  c.h.p.o.HiveMQPlatformReconciler - HiveMQ Platform Operator is starting...
2025-01-28 21:20:31,151 INFO c.h.h.t.HelmChartContainer - [hivemq-test-hivemq-platform] [hivemq-platform-operator] [25b3b7d0] 21:20:31.150 [main] WARN  Default ConfigurationService implementation - Configuration for reconciler 'hivemq-controller' was not found. Known reconcilers: None.
2025-01-28 21:20:31,159 INFO c.h.h.t.HelmChartContainer - [hivemq-test-hivemq-platform] [hivemq-platform-operator] [25b3b7d0] 21:20:31.158 [main] INFO  Default ConfigurationService implementation - Created configuration for reconciler com.hivemq.platform.operator.HiveMQPlatformReconciler with name hivemq-controller
2025-01-28 21:20:31,345 INFO c.h.h.t.HelmChartContainer - [hivemq-test-hivemq-platform] [hivemq-platform-operator] [25b3b7d0] 21:20:31.344 [main] DEBUG c.h.p.o.HiveMQPlatformReconciler - HiveMQ Platform Operator is preparing EventSources
2025-01-28 21:20:31,358 INFO c.h.h.t.HelmChartContainer - [hivemq-test-hivemq-platform] [hivemq-platform-operator] [25b3b7d0] 21:20:31.357 [main] INFO  i.javaoperatorsdk.operator.Operator - Registered reconciler: 'hivemq-controller' for resource: 'class com.hivemq.platform.operator.v1.HiveMQPlatform' for namespace(s): [updateloglevelit]
2025-01-28 21:20:31,994 INFO c.h.h.t.HelmChartContainer - [hivemq-test-hivemq-platform] [hivemq-platform-operator] [25b3b7d0] 21:20:31.993 [main] INFO  c.h.p.operator.webserver.JettyServer - Starting Jetty server on port 8080
2025-01-28 21:20:32,057 INFO c.h.h.t.HelmChartContainer - [hivemq-test-hivemq-platform] [hivemq-platform-operator] [25b3b7d0] 21:20:32.056 [main] INFO  i.javaoperatorsdk.operator.Operator - Operator SDK 4.9.7 (commit: 2133d28) built on Wed Nov 20 12:56:20 UTC 2024 starting...
2025-01-28 21:20:32,058 INFO c.h.h.t.HelmChartContainer - [hivemq-test-hivemq-platform] [hivemq-platform-operator] [25b3b7d0] 21:20:32.057 [main] INFO  i.javaoperatorsdk.operator.Operator - Client version: 6.13.4
2025-01-28 21:20:32,091 INFO c.h.h.t.HelmChartContainer - [hivemq-test-hivemq-platform] [hivemq-platform-operator] [25b3b7d0] 21:20:32.090 [Controller Starter for: hivemq-controller] INFO  i.j.operator.processing.Controller - Starting 'hivemq-controller' controller for reconciler: com.hivemq.platform.operator.HiveMQPlatformReconciler, resource: com.hivemq.platform.operator.v1.HiveMQPlatform
2025-01-28 21:20:34,445 INFO c.h.h.t.HelmChartContainer - [hivemq-test-hivemq-platform] [hivemq-platform-operator] [25b3b7d0] 21:20:34.445 [Controller Starter for: hivemq-controller] INFO  i.j.operator.processing.Controller - 'hivemq-controller' controller started
2025-01-28 21:20:34,446 INFO c.h.h.t.HelmChartContainer - [hivemq-test-hivemq-platform] [hivemq-platform-operator] [25b3b7d0] 21:20:34.445 [main] INFO  c.h.p.o.HiveMQPlatformOperatorApplication - HiveMQ Platform Operator 1.7.0-SNAPSHOT started in 6890 ms
2025-01-28 21:20:35,775 INFO c.h.h.t.HelmChartContainer - [POD] hivemq-test-hivemq-platform-operator-7764645b48-jqs7m [25b3b7d0-d11b-48a0-9127-0ac591815238] in updateloglevelit-operator was MODIFIED
2025-01-28 21:20:35,780 INFO c.h.h.t.HelmChartContainer - [K3S] [replica_set.go:679] "Finished syncing" kind="ReplicaSet" key="updateloglevelit-operator/hivemq-test-hivemq-platform-operator-7764645b48" duration="5.404342ms"
2025-01-28 21:20:35,780 INFO c.h.h.t.HelmChartContainer - [K3S] [replica_set.go:679] "Finished syncing" kind="ReplicaSet" key="updateloglevelit-operator/hivemq-test-hivemq-platform-operator-7764645b48" duration="40.856µs"
2025-01-28 21:20:36,232 INFO com.hivemq.helmcharts.util.K8sUtil - Pod 'hivemq-test-hivemq-platform-operator-7764645b48-jqs7m' is ready
2025-01-28 21:20:36,294 DEBUG c.h.h.t.HelmChartContainer - Executing helm command: /bin/helm --kubeconfig /etc/rancher/k3s/k3s.yaml install test-hivemq-platform /charts/hivemq-platform --wait --timeout 5m0s --set image.repository=docker.io/hivemq --set image.tag=4.36.0 --set image.pullPolicy=Never --set nodes.resources.cpu=512m -f /files/platform-values.yaml --namespace updateloglevelit
2025-01-28 21:20:37,605 INFO c.h.h.t.HelmChartContainer - [hivemq-test-hivemq-platform] [hivemq-platform-operator] [25b3b7d0] 21:20:37.603 [pool-6-thread-3] DEBUG c.h.p.o.dependants.PodInfoConfigMap - [updatelo] Desired PodInfo ConfigMap (1 extensions) (1 enabled)
2025-01-28 21:20:37,606 INFO c.h.h.t.HelmChartContainer - [hivemq-test-hivemq-platform] [hivemq-platform-operator] [25b3b7d0] 21:20:37.604 [pool-6-thread-3] DEBUG c.h.p.o.dependants.PodInfoConfigMap - [updatelo] Desired PodInfo ConfigMap (metrics port: 9399) (metrics path: /)
2025-01-28 21:20:37,606 INFO c.h.h.t.HelmChartContainer - [hivemq-test-hivemq-platform] [hivemq-platform-operator] [25b3b7d0] 21:20:37.604 [pool-6-thread-3] DEBUG c.h.p.o.dependants.PodInfoConfigMap - [updatelo] Desired PodInfo ConfigMap (extension state hash: -1817474005)
2025-01-28 21:20:37,693 INFO c.h.h.t.HelmChartContainer - [hivemq-test-hivemq-platform] [hivemq-platform-operator] [25b3b7d0] 21:20:37.690 [pool-6-thread-3] DEBUG c.h.p.o.dependants.PodInfoConfigMap - [updatelo] Create PodInfo ConfigMap
2025-01-28 21:20:37,707 INFO c.h.h.t.HelmChartContainer - [hivemq-test-hivemq-platform] [hivemq-platform-operator] [25b3b7d0] 21:20:37.705 [pool-6-thread-5] DEBUG c.h.p.o.dependants.PodRoleResource - [updatelo] Create Role: Role(apiVersion=rbac.authorization.k8s.io/v1, kind=Role, metadata=ObjectMeta(annotations={meta.helm.sh/release-name=test-hivemq-platform, meta.helm.sh/release-namespace=updateloglevelit}, creationTimestamp=null, deletionGracePeriodSeconds=null, deletionTimestamp=null, finalizers=[], generateName=null, generation=null, labels={helm.sh/chart=hivemq-platform-0.2.32, app.kubernetes.io/managed-by=Helm, app.kubernetes.io/name=hivemq-platform, hivemq-platform=test-hivemq-platform, app.kubernetes.io/instance=test-hivemq-platform, app.kubernetes.io/version=4.36.0}, managedFields=[], name=hivemq-platform-role-test-hivemq-platform, namespace=updateloglevelit, ownerReferences=[OwnerReference(apiVersion=hivemq.com/v1, blockOwnerDeletion=null, controller=null, kind=HiveMQPlatform, name=test-hivemq-platform, uid=9a1bc36e-2c74-4b38-9d20-939a449d340c, additionalProperties={})], resourceVersion=null, selfLink=null, uid=null, additionalProperties={}), rules=[PolicyRule(apiGroups=[], nonResourceURLs=[], resourceNames=[], resources=[pods], verbs=[get, patch, update], additionalProperties={})], additionalProperties={})
2025-01-28 21:20:37,898 INFO c.h.h.t.HelmChartContainer - [hivemq-test-hivemq-platform] [hivemq-platform-operator] [25b3b7d0] 21:20:37.896 [pool-6-thread-7] DEBUG c.h.p.o.d.PodServiceAccountResource - [updatelo] Desired PodServiceAccountResource (serviceAccountName: hivemq-platform-pod-test-hivemq-platform)
2025-01-28 21:20:37,900 INFO c.h.h.t.HelmChartContainer - [hivemq-test-hivemq-platform] [hivemq-platform-operator] [25b3b7d0] 21:20:37.897 [pool-6-thread-7] DEBUG c.h.p.o.d.PodServiceAccountResource - [updatelo] Create ServiceAccount 'hivemq-platform-pod-test-hivemq-platform'
2025-01-28 21:20:38,007 INFO c.h.h.t.HelmChartContainer - [hivemq-test-hivemq-platform] [hivemq-platform-operator] [25b3b7d0] 21:20:38.006 [pool-6-thread-10] DEBUG c.h.p.o.d.PodRoleBindingResource - [updatelo] Create RoleBinding: RoleBinding(apiVersion=rbac.authorization.k8s.io/v1, kind=RoleBinding, metadata=ObjectMeta(annotations={meta.helm.sh/release-name=test-hivemq-platform, meta.helm.sh/release-namespace=updateloglevelit}, creationTimestamp=null, deletionGracePeriodSeconds=null, deletionTimestamp=null, finalizers=[], generateName=null, generation=null, labels={helm.sh/chart=hivemq-platform-0.2.32, app.kubernetes.io/managed-by=Helm, app.kubernetes.io/name=hivemq-platform, hivemq-platform=test-hivemq-platform, app.kubernetes.io/instance=test-hivemq-platform, app.kubernetes.io/version=4.36.0}, managedFields=[], name=hivemq-platform-role-binding-test-hivemq-platform, namespace=updateloglevelit, ownerReferences=[OwnerReference(apiVersion=hivemq.com/v1, blockOwnerDeletion=null, controller=null, kind=HiveMQPlatform, name=test-hivemq-platform, uid=9a1bc36e-2c74-4b38-9d20-939a449d340c, additionalProperties={})], resourceVersion=null, selfLink=null, uid=null, additionalProperties={}), roleRef=RoleRef(apiGroup=rbac.authorization.k8s.io, kind=Role, name=hivemq-platform-role-test-hivemq-platform, additionalProperties={}), subjects=[Subject(apiGroup=null, kind=ServiceAccount, name=hivemq-platform-pod-test-hivemq-platform, namespace=updateloglevelit, additionalProperties={})], additionalProperties={})
2025-01-28 21:20:38,092 INFO c.h.h.t.HelmChartContainer - [hivemq-test-hivemq-platform] [hivemq-platform-operator] [25b3b7d0] 21:20:38.091 [ReconcilerExecutor-hivemq-controller-52] INFO  c.h.p.o.HiveMQPlatformReconciler - [updatelo] Reconciling HiveMQ Platform 'test-hivemq-platform' in namespace 'updateloglevelit'
2025-01-28 21:20:38,093 INFO c.h.h.t.HelmChartContainer - [hivemq-test-hivemq-platform] [hivemq-platform-operator] [25b3b7d0] 21:20:38.091 [ReconcilerExecutor-hivemq-controller-52] DEBUG c.h.p.o.HiveMQPlatformReconciler - [updatelo] Custom Resource Status CREATED - HiveMQ Platform was created (READY)
2025-01-28 21:20:38,094 INFO c.h.h.t.HelmChartContainer - [hivemq-test-hivemq-platform] [hivemq-platform-operator] [25b3b7d0] 21:20:38.091 [ReconcilerExecutor-hivemq-controller-52] DEBUG c.h.p.o.HiveMQPlatformReconciler - [updatelo] Custom Resource Spec (replicas: 1) (extensions: 1)
2025-01-28 21:20:38,096 INFO c.h.h.t.HelmChartContainer - [hivemq-test-hivemq-platform] [hivemq-platform-operator] [25b3b7d0] 21:20:38.095 [ReconcilerExecutor-hivemq-controller-52] INFO  c.h.p.o.h.HiveMQPlatformReconcilerBaseHandler - [updatelo] HiveMQ Platform is starting
2025-01-28 21:20:38,206 INFO c.h.h.t.HelmChartContainer - [hivemq-test-hivemq-platform] [hivemq-platform-operator] [25b3b7d0] 21:20:38.204 [ReconcilerExecutor-hivemq-controller-52] DEBUG c.h.p.operator.event.EventSender - [updatelo] Creating K8s event hivemq-platform-starting: [Start] HiveMQ Platform is starting
2025-01-28 21:20:38,294 INFO c.h.h.t.HelmChartContainer - [EVENT] Normal [Start] HiveMQ Platform is starting [updateloglevelit:test-hivemq-platform]
2025-01-28 21:20:38,300 INFO c.h.h.t.HelmChartContainer - [hivemq-test-hivemq-platform] [hivemq-platform-operator] [25b3b7d0] 21:20:38.298 [ReconcilerExecutor-hivemq-controller-52] INFO  c.h.p.o.h.AbstractHiveMQReconcilerStateHandler - [updatelo] Update HiveMQ Platform Status (CREATED [READY] -> STARTING [READY]): HiveMQ Platform is starting
2025-01-28 21:20:38,313 DEBUG com.hivemq.helmcharts.util.K8sUtil - Comparing actual state 'STARTING' and waiting for 'RUNNING'
2025-01-28 21:20:48,397 INFO c.h.h.t.HelmChartContainer - [hivemq-test-hivemq-platform] [hivemq-platform-operator] [25b3b7d0] 21:20:48.396 [Timer-0] WARN  i.m.p.PrometheusMeterRegistry - The meter (MeterId{name='operator.sdk.events.received', tags=[tag(event=Event),tag(group=hivemq.com),tag(kind=HiveMQPlatform),tag(name=test-hivemq-platform),tag(namespace=updateloglevelit),tag(scope=namespace),tag(version=v1)]}) registration has failed: Prometheus requires that all meters with the same name have the same set of tag keys. There is already an existing meter named 'operator.sdk.events.received' containing tag keys [action, event, group, kind, name, namespace, scope, version]. The meter you are attempting to register has keys [event, group, kind, name, namespace, scope, version]. Note that subsequent logs will be logged at debug level.
2025-01-28 21:20:48,404 INFO c.h.h.t.HelmChartContainer - [hivemq-test-hivemq-platform] [hivemq-platform-operator] [25b3b7d0] 21:20:48.400 [pool-6-thread-12] DEBUG c.h.p.o.d.PlatformServiceResource - [updatelo] Desired Platform services (3 services)
2025-01-28 21:20:48,405 INFO c.h.h.t.HelmChartContainer - [hivemq-test-hivemq-platform] [hivemq-platform-operator] [25b3b7d0] 21:20:48.402 [pool-6-thread-13] DEBUG c.h.p.o.dependants.PodInfoConfigMap - [updatelo] Desired PodInfo ConfigMap (1 extensions) (1 enabled)
2025-01-28 21:20:48,405 INFO c.h.h.t.HelmChartContainer - [hivemq-test-hivemq-platform] [hivemq-platform-operator] [25b3b7d0] 21:20:48.402 [pool-6-thread-13] DEBUG c.h.p.o.dependants.PodInfoConfigMap - [updatelo] Desired PodInfo ConfigMap (metrics port: 9399) (metrics path: /)
2025-01-28 21:20:48,405 INFO c.h.h.t.HelmChartContainer - [hivemq-test-hivemq-platform] [hivemq-platform-operator] [25b3b7d0] 21:20:48.402 [pool-6-thread-13] DEBUG c.h.p.o.dependants.PodInfoConfigMap - [updatelo] Desired PodInfo ConfigMap (extension state hash: -1817474005)
2025-01-28 21:20:48,408 INFO c.h.h.t.HelmChartContainer - [hivemq-test-hivemq-platform] [hivemq-platform-operator] [25b3b7d0] 21:20:48.407 [pool-6-thread-17] DEBUG c.h.p.o.d.PodServiceAccountResource - [updatelo] Desired PodServiceAccountResource (serviceAccountName: hivemq-platform-pod-test-hivemq-platform)
2025-01-28 21:20:48,411 INFO c.h.h.t.HelmChartContainer - [hivemq-test-hivemq-platform] [hivemq-platform-operator] [25b3b7d0] 21:20:48.410 [pool-6-thread-13] DEBUG c.h.p.o.dependants.PodInfoConfigMap - [updatelo] Update PodInfo ConfigMap
2025-01-28 21:20:48,415 INFO c.h.h.t.HelmChartContainer - [K3S] [alloc.go:330] "allocated clusterIPs" service="updateloglevelit/hivemq-test-hivemq-platform-cc-8080" clusterIPs={"IPv4":"10.43.215.39"}
2025-01-28 21:20:48,507 INFO c.h.h.t.HelmChartContainer - [K3S] [alloc.go:330] "allocated clusterIPs" service="updateloglevelit/hivemq-test-hivemq-platform-metrics-9399" clusterIPs={"IPv4":"10.43.80.172"}
2025-01-28 21:20:48,601 INFO c.h.h.t.HelmChartContainer - [K3S] [alloc.go:330] "allocated clusterIPs" service="updateloglevelit/hivemq-test-hivemq-platform-mqtt-1883" clusterIPs={"IPv4":"10.43.208.49"}
2025-01-28 21:20:48,610 INFO c.h.h.t.HelmChartContainer - [hivemq-test-hivemq-platform] [hivemq-platform-operator] [25b3b7d0] 21:20:48.607 [pool-6-thread-20] DEBUG c.h.p.o.d.StatefulSetResource - [updatelo] Desired StatefulSet (1 replicas) for status STARTING (READY)
2025-01-28 21:20:48,698 INFO c.h.h.t.HelmChartContainer - [hivemq-test-hivemq-platform] [hivemq-platform-operator] [25b3b7d0] 21:20:48.697 [pool-6-thread-20] DEBUG c.h.p.o.d.StatefulSetResource - [updatelo] Create StatefulSet
2025-01-28 21:20:48,755 INFO c.h.h.t.HelmChartContainer - [POD] test-hivemq-platform-0 [a77cc40e-a2d1-4cf7-bcce-cde9c432cb87] in updateloglevelit was ADDED
2025-01-28 21:20:48,756 INFO c.h.h.t.HelmChartContainer - [EVENT] Normal [SuccessfulCreate] create Pod test-hivemq-platform-0 in StatefulSet test-hivemq-platform successful [updateloglevelit:test-hivemq-platform]
2025-01-28 21:20:48,760 INFO c.h.h.t.HelmChartContainer - [EVENT] Normal [Scheduled] Successfully assigned updateloglevelit/test-hivemq-platform-0 to c40f33139f2e [updateloglevelit:test-hivemq-platform-0]
2025-01-28 21:20:48,762 INFO c.h.h.t.HelmChartContainer - [POD] test-hivemq-platform-0 [a77cc40e-a2d1-4cf7-bcce-cde9c432cb87] in updateloglevelit was MODIFIED
2025-01-28 21:20:48,771 INFO c.h.h.t.HelmChartContainer - [POD] test-hivemq-platform-0 [a77cc40e-a2d1-4cf7-bcce-cde9c432cb87] in updateloglevelit was MODIFIED
2025-01-28 21:20:48,811 INFO c.h.h.t.HelmChartContainer - [hivemq-test-hivemq-platform] [hivemq-platform-operator] [25b3b7d0] 21:20:48.809 [ReconcilerExecutor-hivemq-controller-65] INFO  c.h.p.o.HiveMQPlatformReconciler - [updatelo] Reconciling HiveMQ Platform 'test-hivemq-platform' in namespace 'updateloglevelit'
2025-01-28 21:20:48,811 INFO c.h.h.t.HelmChartContainer - [hivemq-test-hivemq-platform] [hivemq-platform-operator] [25b3b7d0] 21:20:48.809 [ReconcilerExecutor-hivemq-controller-65] DEBUG c.h.p.o.HiveMQPlatformReconciler - [updatelo] Custom Resource Status STARTING - HiveMQ Platform is starting (READY)
2025-01-28 21:20:48,811 INFO c.h.h.t.HelmChartContainer - [hivemq-test-hivemq-platform] [hivemq-platform-operator] [25b3b7d0] 21:20:48.809 [ReconcilerExecutor-hivemq-controller-65] DEBUG c.h.p.o.HiveMQPlatformReconciler - [updatelo] Custom Resource Spec (replicas: 1) (extensions: 1)
2025-01-28 21:20:48,835 INFO c.h.h.t.HelmChartContainer - [K3S] [reconciler_common.go:251] "operationExecutor.VerifyControllerAttachedVolume started for volume \"broker-configuration\" (UniqueName: \"kubernetes.io/configmap/a77cc40e-a2d1-4cf7-bcce-cde9c432cb87-broker-configuration\") pod \"test-hivemq-platform-0\" (UID: \"a77cc40e-a2d1-4cf7-bcce-cde9c432cb87\") " pod="updateloglevelit/test-hivemq-platform-0"
2025-01-28 21:20:48,835 INFO c.h.h.t.HelmChartContainer - [K3S] [reconciler_common.go:251] "operationExecutor.VerifyControllerAttachedVolume started for volume \"pod-info\" (UniqueName: \"kubernetes.io/configmap/a77cc40e-a2d1-4cf7-bcce-cde9c432cb87-pod-info\") pod \"test-hivemq-platform-0\" (UID: \"a77cc40e-a2d1-4cf7-bcce-cde9c432cb87\") " pod="updateloglevelit/test-hivemq-platform-0"
2025-01-28 21:20:48,835 INFO c.h.h.t.HelmChartContainer - [K3S] [reconciler_common.go:251] "operationExecutor.VerifyControllerAttachedVolume started for volume \"kube-api-access-7gnnx\" (UniqueName: \"kubernetes.io/projected/a77cc40e-a2d1-4cf7-bcce-cde9c432cb87-kube-api-access-7gnnx\") pod \"test-hivemq-platform-0\" (UID: \"a77cc40e-a2d1-4cf7-bcce-cde9c432cb87\") " pod="updateloglevelit/test-hivemq-platform-0"
2025-01-28 21:20:48,835 INFO c.h.h.t.HelmChartContainer - [K3S] [reconciler_common.go:251] "operationExecutor.VerifyControllerAttachedVolume started for volume \"operator-init\" (UniqueName: \"kubernetes.io/empty-dir/a77cc40e-a2d1-4cf7-bcce-cde9c432cb87-operator-init\") pod \"test-hivemq-platform-0\" (UID: \"a77cc40e-a2d1-4cf7-bcce-cde9c432cb87\") " pod="updateloglevelit/test-hivemq-platform-0"
2025-01-28 21:20:48,893 INFO c.h.h.t.HelmChartContainer - [hivemq-test-hivemq-platform] [hivemq-platform-operator] [25b3b7d0] 21:20:48.891 [ReconcilerExecutor-hivemq-controller-65] DEBUG c.h.p.o.HiveMQPlatformReconciler - [updatelo] StatefulSet Status (revision: test-hivemq-platform-b697f795f, replicas: 1, available: 0, ready: 0, current: 1, updated: 1)
2025-01-28 21:20:48,893 INFO c.h.h.t.HelmChartContainer - [hivemq-test-hivemq-platform] [hivemq-platform-operator] [25b3b7d0] 21:20:48.891 [ReconcilerExecutor-hivemq-controller-65] DEBUG c.h.p.o.HiveMQPlatformReconciler - [updatelo] StatefulSet Spec (replicas: 1, init containers: 1, containers: 1, volumes: 3)
2025-01-28 21:20:48,990 INFO c.h.h.t.HelmChartContainer - [hivemq-test-hivemq-platform] [hivemq-platform-operator] [25b3b7d0] 21:20:48.939 [ReconcilerExecutor-hivemq-controller-65] DEBUG c.h.p.o.h.HiveMQPlatformReconcilerErrorHandler - [updatelo] Pod 'test-hivemq-platform-0' phase Pending
2025-01-28 21:20:48,991 INFO c.h.h.t.HelmChartContainer - [hivemq-test-hivemq-platform] [hivemq-platform-operator] [25b3b7d0] 21:20:48.989 [ReconcilerExecutor-hivemq-controller-65] DEBUG c.h.p.o.h.HiveMQPlatformReconcilerErrorHandler - [updatelo] Pod 'test-hivemq-platform-0' condition 'PodScheduled': True
2025-01-28 21:20:48,993 INFO c.h.h.t.HelmChartContainer - [hivemq-test-hivemq-platform] [hivemq-platform-operator] [25b3b7d0] 21:20:48.992 [ReconcilerExecutor-hivemq-controller-65] INFO  c.h.p.o.h.HiveMQPlatformReconcilerBaseHandler - [updatelo] HiveMQ Platform is starting, 0 of 1 replicas are ready
2025-01-28 21:20:48,999 INFO c.h.h.t.HelmChartContainer - [hivemq-test-hivemq-platform] [hivemq-platform-operator] [25b3b7d0] 21:20:48.996 [pool-6-thread-22] DEBUG c.h.p.o.d.PlatformServiceResource - [updatelo] Desired Platform services (3 services)
2025-01-28 21:20:49,001 INFO c.h.h.t.HelmChartContainer - [hivemq-test-hivemq-platform] [hivemq-platform-operator] [25b3b7d0] 21:20:48.998 [pool-6-thread-23] DEBUG c.h.p.o.dependants.PodInfoConfigMap - [updatelo] Desired PodInfo ConfigMap (1 extensions) (1 enabled)
2025-01-28 21:20:49,001 INFO c.h.h.t.HelmChartContainer - [hivemq-test-hivemq-platform] [hivemq-platform-operator] [25b3b7d0] 21:20:48.998 [pool-6-thread-23] DEBUG c.h.p.o.dependants.PodInfoConfigMap - [updatelo] Desired PodInfo ConfigMap (metrics port: 9399) (metrics path: /)
2025-01-28 21:20:49,001 INFO c.h.h.t.HelmChartContainer - [hivemq-test-hivemq-platform] [hivemq-platform-operator] [25b3b7d0] 21:20:48.998 [pool-6-thread-23] DEBUG c.h.p.o.dependants.PodInfoConfigMap - [updatelo] Desired PodInfo ConfigMap (extension state hash: -1817474005)
2025-01-28 21:20:49,003 INFO c.h.h.t.HelmChartContainer - [hivemq-test-hivemq-platform] [hivemq-platform-operator] [25b3b7d0] 21:20:49.002 [pool-6-thread-27] DEBUG c.h.p.o.d.PodServiceAccountResource - [updatelo] Desired PodServiceAccountResource (serviceAccountName: hivemq-platform-pod-test-hivemq-platform)
2025-01-28 21:20:49,093 INFO c.h.h.t.HelmChartContainer - [hivemq-test-hivemq-platform] [hivemq-platform-operator] [25b3b7d0] 21:20:49.091 [pool-6-thread-29] DEBUG c.h.p.o.d.StatefulSetResource - [updatelo] Desired StatefulSet (1 replicas) for status STARTING (READY)
2025-01-28 21:20:49,100 INFO c.h.h.t.HelmChartContainer - [hivemq-test-hivemq-platform] [hivemq-platform-operator] [25b3b7d0] 21:20:49.099 [ReconcilerExecutor-hivemq-controller-76] INFO  c.h.p.o.HiveMQPlatformReconciler - [updatelo] Reconciling HiveMQ Platform 'test-hivemq-platform' in namespace 'updateloglevelit'
2025-01-28 21:20:49,101 INFO c.h.h.t.HelmChartContainer - [hivemq-test-hivemq-platform] [hivemq-platform-operator] [25b3b7d0] 21:20:49.099 [ReconcilerExecutor-hivemq-controller-76] DEBUG c.h.p.o.HiveMQPlatformReconciler - [updatelo] Custom Resource Status STARTING - HiveMQ Platform is starting (READY)
2025-01-28 21:20:49,101 INFO c.h.h.t.HelmChartContainer - [hivemq-test-hivemq-platform] [hivemq-platform-operator] [25b3b7d0] 21:20:49.099 [ReconcilerExecutor-hivemq-controller-76] DEBUG c.h.p.o.HiveMQPlatformReconciler - [updatelo] Custom Resource Spec (replicas: 1) (extensions: 1)
2025-01-28 21:20:49,105 INFO c.h.h.t.HelmChartContainer - [hivemq-test-hivemq-platform] [hivemq-platform-operator] [25b3b7d0] 21:20:49.104 [ReconcilerExecutor-hivemq-controller-76] DEBUG c.h.p.o.HiveMQPlatformReconciler - [updatelo] StatefulSet Status (revision: test-hivemq-platform-b697f795f, replicas: 1, available: 0, ready: 0, current: 1, updated: 1)
2025-01-28 21:20:49,106 INFO c.h.h.t.HelmChartContainer - [hivemq-test-hivemq-platform] [hivemq-platform-operator] [25b3b7d0] 21:20:49.104 [ReconcilerExecutor-hivemq-controller-76] DEBUG c.h.p.o.HiveMQPlatformReconciler - [updatelo] StatefulSet Spec (replicas: 1, init containers: 1, containers: 1, volumes: 3)
2025-01-28 21:20:49,142 INFO c.h.h.t.HelmChartContainer - [hivemq-test-hivemq-platform] [hivemq-platform-operator] [25b3b7d0] 21:20:49.142 [ReconcilerExecutor-hivemq-controller-76] DEBUG c.h.p.o.h.HiveMQPlatformReconcilerErrorHandler - [updatelo] Pod 'test-hivemq-platform-0' phase Pending
2025-01-28 21:20:49,168 INFO c.h.h.t.HelmChartContainer - [EVENT] Normal [Pulled] Container image "docker.io/hivemq/hivemq-platform-operator-init-test:snapshot" already present on machine [updateloglevelit:test-hivemq-platform-0]
2025-01-28 21:20:49,194 INFO c.h.h.t.HelmChartContainer - [hivemq-test-hivemq-platform] [hivemq-platform-operator] [25b3b7d0] 21:20:49.189 [ReconcilerExecutor-hivemq-controller-76] DEBUG c.h.p.o.h.HiveMQPlatformReconcilerErrorHandler - [updatelo] Pod 'test-hivemq-platform-0' condition 'PodReadyToStartContainers': False
2025-01-28 21:20:49,194 INFO c.h.h.t.HelmChartContainer - [hivemq-test-hivemq-platform] [hivemq-platform-operator] [25b3b7d0] 21:20:49.189 [ReconcilerExecutor-hivemq-controller-76] DEBUG c.h.p.o.h.HiveMQPlatformReconcilerErrorHandler - [updatelo] Pod 'test-hivemq-platform-0' condition 'Initialized': False
2025-01-28 21:20:49,194 INFO c.h.h.t.HelmChartContainer - [hivemq-test-hivemq-platform] [hivemq-platform-operator] [25b3b7d0] 21:20:49.189 [ReconcilerExecutor-hivemq-controller-76] DEBUG c.h.p.o.h.HiveMQPlatformReconcilerErrorHandler - [updatelo] Pod 'test-hivemq-platform-0' condition 'Ready': False
2025-01-28 21:20:49,194 INFO c.h.h.t.HelmChartContainer - [hivemq-test-hivemq-platform] [hivemq-platform-operator] [25b3b7d0] 21:20:49.189 [ReconcilerExecutor-hivemq-controller-76] DEBUG c.h.p.o.h.HiveMQPlatformReconcilerErrorHandler - [updatelo] Pod 'test-hivemq-platform-0' condition 'ContainersReady': False
2025-01-28 21:20:49,194 INFO c.h.h.t.HelmChartContainer - [hivemq-test-hivemq-platform] [hivemq-platform-operator] [25b3b7d0] 21:20:49.189 [ReconcilerExecutor-hivemq-controller-76] DEBUG c.h.p.o.h.HiveMQPlatformReconcilerErrorHandler - [updatelo] Pod 'test-hivemq-platform-0' condition 'PodScheduled': True
2025-01-28 21:20:49,194 INFO c.h.h.t.HelmChartContainer - [hivemq-test-hivemq-platform] [hivemq-platform-operator] [25b3b7d0] 21:20:49.189 [ReconcilerExecutor-hivemq-controller-76] DEBUG c.h.p.o.h.HiveMQPlatformReconcilerErrorHandler - [updatelo] Pod 'test-hivemq-platform-0' containerStatus 'hivemq' (started: false) (ready: false) (waiting: [PodInitializing] null)
2025-01-28 21:20:49,195 INFO c.h.h.t.HelmChartContainer - [hivemq-test-hivemq-platform] [hivemq-platform-operator] [25b3b7d0] 21:20:49.193 [ReconcilerExecutor-hivemq-controller-76] INFO  c.h.p.o.h.HiveMQPlatformReconcilerBaseHandler - [updatelo] HiveMQ Platform is starting, 0 of 1 replicas are ready
2025-01-28 21:20:49,279 INFO c.h.h.t.HelmChartContainer - [EVENT] Normal [Created] Created container: hivemq-platform-operator-init [updateloglevelit:test-hivemq-platform-0]
2025-01-28 21:20:49,317 INFO c.h.h.t.HelmChartContainer - [EVENT] Normal [Started] Started container hivemq-platform-operator-init [updateloglevelit:test-hivemq-platform-0]
2025-01-28 21:20:49,802 INFO c.h.h.t.HelmChartContainer - [EVENT] Normal [Pulled] Container image "docker.io/hivemq/hivemq4:4.36.0" already present on machine [updateloglevelit:test-hivemq-platform-0]
2025-01-28 21:20:49,802 INFO c.h.h.t.HelmChartContainer - Received Pulled event for container hivemq in pod test-hivemq-platform-0 [a77cc40e-a2d1-4cf7-bcce-cde9c432cb87]
2025-01-28 21:20:49,810 INFO c.h.h.t.HelmChartContainer - [POD] test-hivemq-platform-0 [a77cc40e-a2d1-4cf7-bcce-cde9c432cb87] in updateloglevelit was MODIFIED
2025-01-28 21:20:49,839 INFO c.h.h.t.HelmChartContainer - [hivemq-test-hivemq-platform] [hivemq-platform-operator] [25b3b7d0] 21:20:49.834 [pool-6-thread-32] DEBUG c.h.p.o.d.PlatformServiceResource - [updatelo] Desired Platform services (3 services)
2025-01-28 21:20:49,840 INFO c.h.h.t.HelmChartContainer - [hivemq-test-hivemq-platform] [hivemq-platform-operator] [25b3b7d0] 21:20:49.837 [pool-6-thread-33] DEBUG c.h.p.o.dependants.PodInfoConfigMap - [updatelo] Desired PodInfo ConfigMap (1 extensions) (1 enabled)
2025-01-28 21:20:49,840 INFO c.h.h.t.HelmChartContainer - [hivemq-test-hivemq-platform] [hivemq-platform-operator] [25b3b7d0] 21:20:49.838 [pool-6-thread-33] DEBUG c.h.p.o.dependants.PodInfoConfigMap - [updatelo] Desired PodInfo ConfigMap (metrics port: 9399) (metrics path: /)
2025-01-28 21:20:49,840 INFO c.h.h.t.HelmChartContainer - [hivemq-test-hivemq-platform] [hivemq-platform-operator] [25b3b7d0] 21:20:49.838 [pool-6-thread-33] DEBUG c.h.p.o.dependants.PodInfoConfigMap - [updatelo] Desired PodInfo ConfigMap (extension state hash: -1817474005)
2025-01-28 21:20:49,848 INFO c.h.h.t.HelmChartContainer - [hivemq-test-hivemq-platform] [hivemq-platform-operator] [25b3b7d0] 21:20:49.845 [pool-6-thread-37] DEBUG c.h.p.o.d.PodServiceAccountResource - [updatelo] Desired PodServiceAccountResource (serviceAccountName: hivemq-platform-pod-test-hivemq-platform)
2025-01-28 21:20:49,896 INFO c.h.h.t.HelmChartContainer - [hivemq-test-hivemq-platform] [hivemq-platform-operator] [25b3b7d0] 21:20:49.893 [pool-6-thread-40] DEBUG c.h.p.o.d.StatefulSetResource - [updatelo] Desired StatefulSet (1 replicas) for status STARTING (READY)
2025-01-28 21:20:49,900 INFO c.h.h.t.HelmChartContainer - [hivemq-test-hivemq-platform] [hivemq-platform-operator] [25b3b7d0] 21:20:49.899 [ReconcilerExecutor-hivemq-controller-87] INFO  c.h.p.o.HiveMQPlatformReconciler - [updatelo] Reconciling HiveMQ Platform 'test-hivemq-platform' in namespace 'updateloglevelit'
2025-01-28 21:20:49,900 INFO c.h.h.t.HelmChartContainer - [hivemq-test-hivemq-platform] [hivemq-platform-operator] [25b3b7d0] 21:20:49.899 [ReconcilerExecutor-hivemq-controller-87] DEBUG c.h.p.o.HiveMQPlatformReconciler - [updatelo] Custom Resource Status STARTING - HiveMQ Platform is starting (READY)
2025-01-28 21:20:49,900 INFO c.h.h.t.HelmChartContainer - [hivemq-test-hivemq-platform] [hivemq-platform-operator] [25b3b7d0] 21:20:49.899 [ReconcilerExecutor-hivemq-controller-87] DEBUG c.h.p.o.HiveMQPlatformReconciler - [updatelo] Custom Resource Spec (replicas: 1) (extensions: 1)
2025-01-28 21:20:49,903 INFO c.h.h.t.HelmChartContainer - [hivemq-test-hivemq-platform] [hivemq-platform-operator] [25b3b7d0] 21:20:49.902 [ReconcilerExecutor-hivemq-controller-87] DEBUG c.h.p.o.HiveMQPlatformReconciler - [updatelo] StatefulSet Status (revision: test-hivemq-platform-b697f795f, replicas: 1, available: 0, ready: 0, current: 1, updated: 1)
2025-01-28 21:20:49,904 INFO c.h.h.t.HelmChartContainer - [hivemq-test-hivemq-platform] [hivemq-platform-operator] [25b3b7d0] 21:20:49.903 [ReconcilerExecutor-hivemq-controller-87] DEBUG c.h.p.o.HiveMQPlatformReconciler - [updatelo] StatefulSet Spec (replicas: 1, init containers: 1, containers: 1, volumes: 3)
2025-01-28 21:20:49,943 INFO c.h.h.t.HelmChartContainer - [hivemq-test-hivemq-platform] [hivemq-platform-operator] [25b3b7d0] 21:20:49.939 [ReconcilerExecutor-hivemq-controller-87] DEBUG c.h.p.o.h.HiveMQPlatformReconcilerErrorHandler - [updatelo] Pod 'test-hivemq-platform-0' phase Pending
2025-01-28 21:20:49,943 INFO c.h.h.t.HelmChartContainer - [hivemq-test-hivemq-platform] [hivemq-platform-operator] [25b3b7d0] 21:20:49.940 [ReconcilerExecutor-hivemq-controller-87] DEBUG c.h.p.o.h.HiveMQPlatformReconcilerErrorHandler - [updatelo] Pod 'test-hivemq-platform-0' condition 'PodReadyToStartContainers': True
2025-01-28 21:20:49,943 INFO c.h.h.t.HelmChartContainer - [hivemq-test-hivemq-platform] [hivemq-platform-operator] [25b3b7d0] 21:20:49.940 [ReconcilerExecutor-hivemq-controller-87] DEBUG c.h.p.o.h.HiveMQPlatformReconcilerErrorHandler - [updatelo] Pod 'test-hivemq-platform-0' condition 'Initialized': True
2025-01-28 21:20:49,943 INFO c.h.h.t.HelmChartContainer - [hivemq-test-hivemq-platform] [hivemq-platform-operator] [25b3b7d0] 21:20:49.940 [ReconcilerExecutor-hivemq-controller-87] DEBUG c.h.p.o.h.HiveMQPlatformReconcilerErrorHandler - [updatelo] Pod 'test-hivemq-platform-0' condition 'Ready': False
2025-01-28 21:20:49,943 INFO c.h.h.t.HelmChartContainer - [hivemq-test-hivemq-platform] [hivemq-platform-operator] [25b3b7d0] 21:20:49.940 [ReconcilerExecutor-hivemq-controller-87] DEBUG c.h.p.o.h.HiveMQPlatformReconcilerErrorHandler - [updatelo] Pod 'test-hivemq-platform-0' condition 'ContainersReady': False
2025-01-28 21:20:49,943 INFO c.h.h.t.HelmChartContainer - [hivemq-test-hivemq-platform] [hivemq-platform-operator] [25b3b7d0] 21:20:49.940 [ReconcilerExecutor-hivemq-controller-87] DEBUG c.h.p.o.h.HiveMQPlatformReconcilerErrorHandler - [updatelo] Pod 'test-hivemq-platform-0' condition 'PodScheduled': True
2025-01-28 21:20:49,943 INFO c.h.h.t.HelmChartContainer - [hivemq-test-hivemq-platform] [hivemq-platform-operator] [25b3b7d0] 21:20:49.940 [ReconcilerExecutor-hivemq-controller-87] DEBUG c.h.p.o.h.HiveMQPlatformReconcilerErrorHandler - [updatelo] Pod 'test-hivemq-platform-0' containerStatus 'hivemq' (started: false) (ready: false) (waiting: [PodInitializing] null)
2025-01-28 21:20:49,943 INFO c.h.h.t.HelmChartContainer - [hivemq-test-hivemq-platform] [hivemq-platform-operator] [25b3b7d0] 21:20:49.941 [ReconcilerExecutor-hivemq-controller-87] INFO  c.h.p.o.h.HiveMQPlatformReconcilerBaseHandler - [updatelo] HiveMQ Platform is starting, 0 of 1 replicas are ready
2025-01-28 21:20:51,198 INFO c.h.h.t.HelmChartContainer - [EVENT] Normal [Created] Created container: hivemq [updateloglevelit:test-hivemq-platform-0]
2025-01-28 21:20:51,198 INFO c.h.h.t.HelmChartContainer - Received Created event for container hivemq in pod test-hivemq-platform-0 [a77cc40e-a2d1-4cf7-bcce-cde9c432cb87]
2025-01-28 21:20:51,820 INFO c.h.h.t.HelmChartContainer - [POD] test-hivemq-platform-0 [a77cc40e-a2d1-4cf7-bcce-cde9c432cb87] in updateloglevelit was MODIFIED
2025-01-28 21:20:51,830 INFO c.h.h.t.HelmChartContainer - [EVENT] Normal [Started] Started container hivemq [updateloglevelit:test-hivemq-platform-0]
2025-01-28 21:20:51,830 INFO c.h.h.t.HelmChartContainer - Received Started event for container hivemq in pod test-hivemq-platform-0 [a77cc40e-a2d1-4cf7-bcce-cde9c432cb87]
2025-01-28 21:20:51,831 INFO c.h.h.t.HelmChartContainer - Started log watcher for hivemq in pod test-hivemq-platform-0 [a77cc40e-a2d1-4cf7-bcce-cde9c432cb87]
2025-01-28 21:20:51,831 INFO c.h.h.t.HelmChartContainer - [test-hivemq-platform] [hivemq] [a77cc40e] Adding pre-installed HiveMQ Platform Operator extensions
2025-01-28 21:20:51,831 INFO c.h.h.t.HelmChartContainer - [test-hivemq-platform] [hivemq] [a77cc40e] Running as user 10000
2025-01-28 21:20:51,831 INFO c.h.h.t.HelmChartContainer - [test-hivemq-platform] [hivemq] [a77cc40e] Starting HiveMQ Platform Operator Init
2025-01-28 21:20:51,837 INFO c.h.h.t.HelmChartContainer - [hivemq-test-hivemq-platform] [hivemq-platform-operator] [25b3b7d0] 21:20:51.834 [pool-6-thread-43] DEBUG c.h.p.o.dependants.PodInfoConfigMap - [updatelo] Desired PodInfo ConfigMap (1 extensions) (1 enabled)
2025-01-28 21:20:51,837 INFO c.h.h.t.HelmChartContainer - [hivemq-test-hivemq-platform] [hivemq-platform-operator] [25b3b7d0] 21:20:51.834 [pool-6-thread-43] DEBUG c.h.p.o.dependants.PodInfoConfigMap - [updatelo] Desired PodInfo ConfigMap (metrics port: 9399) (metrics path: /)
2025-01-28 21:20:51,837 INFO c.h.h.t.HelmChartContainer - [hivemq-test-hivemq-platform] [hivemq-platform-operator] [25b3b7d0] 21:20:51.834 [pool-6-thread-43] DEBUG c.h.p.o.dependants.PodInfoConfigMap - [updatelo] Desired PodInfo ConfigMap (extension state hash: -1817474005)
2025-01-28 21:20:51,837 INFO c.h.h.t.HelmChartContainer - [hivemq-test-hivemq-platform] [hivemq-platform-operator] [25b3b7d0] 21:20:51.835 [pool-6-thread-42] DEBUG c.h.p.o.d.PlatformServiceResource - [updatelo] Desired Platform services (3 services)
2025-01-28 21:20:51,843 INFO c.h.h.t.HelmChartContainer - [hivemq-test-hivemq-platform] [hivemq-platform-operator] [25b3b7d0] 21:20:51.841 [pool-6-thread-47] DEBUG c.h.p.o.d.PodServiceAccountResource - [updatelo] Desired PodServiceAccountResource (serviceAccountName: hivemq-platform-pod-test-hivemq-platform)
2025-01-28 21:20:51,892 INFO c.h.h.t.HelmChartContainer - [hivemq-test-hivemq-platform] [hivemq-platform-operator] [25b3b7d0] 21:20:51.891 [pool-6-thread-50] DEBUG c.h.p.o.d.StatefulSetResource - [updatelo] Desired StatefulSet (1 replicas) for status STARTING (READY)
2025-01-28 21:20:51,895 INFO c.h.h.t.HelmChartContainer - [hivemq-test-hivemq-platform] [hivemq-platform-operator] [25b3b7d0] 21:20:51.894 [ReconcilerExecutor-hivemq-controller-98] INFO  c.h.p.o.HiveMQPlatformReconciler - [updatelo] Reconciling HiveMQ Platform 'test-hivemq-platform' in namespace 'updateloglevelit'
2025-01-28 21:20:51,895 INFO c.h.h.t.HelmChartContainer - [hivemq-test-hivemq-platform] [hivemq-platform-operator] [25b3b7d0] 21:20:51.894 [ReconcilerExecutor-hivemq-controller-98] DEBUG c.h.p.o.HiveMQPlatformReconciler - [updatelo] Custom Resource Status STARTING - HiveMQ Platform is starting (READY)
2025-01-28 21:20:51,896 INFO c.h.h.t.HelmChartContainer - [hivemq-test-hivemq-platform] [hivemq-platform-operator] [25b3b7d0] 21:20:51.894 [ReconcilerExecutor-hivemq-controller-98] DEBUG c.h.p.o.HiveMQPlatformReconciler - [updatelo] Custom Resource Spec (replicas: 1) (extensions: 1)
2025-01-28 21:20:51,897 INFO c.h.h.t.HelmChartContainer - [hivemq-test-hivemq-platform] [hivemq-platform-operator] [25b3b7d0] 21:20:51.896 [ReconcilerExecutor-hivemq-controller-98] DEBUG c.h.p.o.HiveMQPlatformReconciler - [updatelo] StatefulSet Status (revision: test-hivemq-platform-b697f795f, replicas: 1, available: 0, ready: 0, current: 1, updated: 1)
2025-01-28 21:20:51,897 INFO c.h.h.t.HelmChartContainer - [hivemq-test-hivemq-platform] [hivemq-platform-operator] [25b3b7d0] 21:20:51.896 [ReconcilerExecutor-hivemq-controller-98] DEBUG c.h.p.o.HiveMQPlatformReconciler - [updatelo] StatefulSet Spec (replicas: 1, init containers: 1, containers: 1, volumes: 3)
2025-01-28 21:20:51,899 INFO c.h.h.t.HelmChartContainer - [hivemq-test-hivemq-platform] [hivemq-platform-operator] [25b3b7d0] 21:20:51.898 [ReconcilerExecutor-hivemq-controller-98] DEBUG c.h.p.o.h.HiveMQPlatformReconcilerErrorHandler - [updatelo] Pod 'test-hivemq-platform-0' phase Running
2025-01-28 21:20:51,901 INFO c.h.h.t.HelmChartContainer - [hivemq-test-hivemq-platform] [hivemq-platform-operator] [25b3b7d0] 21:20:51.900 [ReconcilerExecutor-hivemq-controller-98] INFO  c.h.p.o.h.HiveMQPlatformReconcilerBaseHandler - [updatelo] HiveMQ Platform is starting, 0 of 1 replicas are ready
2025-01-28 21:20:52,466 INFO c.h.h.t.HelmChartContainer - [test-hivemq-platform] [hivemq] [a77cc40e] INFO  - [HiveMQ Platform Operator Init 1.7.0-SNAPSHOT] HiveMQ Platform Operator Init 1.7.0-SNAPSHOT (commit: bebf408 on branch: HEAD) built on Sun Jan 26 20:47:47 UTC 2025
2025-01-28 21:20:53,672 INFO c.h.h.t.HelmChartContainer - [test-hivemq-platform] [hivemq] [a77cc40e] INFO  - [HiveMQ Platform Operator Init App 1.7.0-SNAPSHOT] Using bind address 10.42.0.11 from environment variable
2025-01-28 21:20:54,606 INFO c.h.h.t.HelmChartContainer - [test-hivemq-platform] [hivemq] [a77cc40e] INFO  - [HiveMQ Platform Operator Init App 1.7.0-SNAPSHOT] HiveMQ Platform Operator Init App 1.7.0-SNAPSHOT (commit: bebf408 on branch: HEAD) built on Sun Jan 26 20:47:47 UTC 2025
2025-01-28 21:20:54,606 INFO c.h.h.t.HelmChartContainer - [test-hivemq-platform] [hivemq] [a77cc40e] INFO  - [HiveMQ Platform Operator Init App 1.7.0-SNAPSHOT] PodInfo ConfigMap directory: /etc/podinfo
2025-01-28 21:20:54,606 INFO c.h.h.t.HelmChartContainer - [test-hivemq-platform] [hivemq] [a77cc40e] INFO  - [HiveMQ Platform Operator Init App 1.7.0-SNAPSHOT] HiveMQ home directory: /opt/hivemq
2025-01-28 21:20:54,606 INFO c.h.h.t.HelmChartContainer - [test-hivemq-platform] [hivemq] [a77cc40e] INFO  - [HiveMQ Platform Operator Init App 1.7.0-SNAPSHOT] HiveMQ Logback folder: /opt/hivemq/conf
2025-01-28 21:20:54,606 INFO c.h.h.t.HelmChartContainer - [test-hivemq-platform] [hivemq] [a77cc40e] INFO  - [HiveMQ Platform Operator Init App 1.7.0-SNAPSHOT] HiveMQ Config folder: /opt/hivemq/conf-k8s
2025-01-28 21:20:54,607 INFO c.h.h.t.HelmChartContainer - [test-hivemq-platform] [hivemq] [a77cc40e] INFO  - [HiveMQ Platform Operator Init App 1.7.0-SNAPSHOT] Starting HiveMQ Platform Operator Init App
2025-01-28 21:20:54,607 INFO c.h.h.t.HelmChartContainer - [test-hivemq-platform] [hivemq] [a77cc40e] INFO  - [HiveMQ Platform Operator Init App 1.7.0-SNAPSHOT] Starting Pod reconciler
2025-01-28 21:20:55,816 INFO c.h.h.t.HelmChartContainer - [test-hivemq-platform] [hivemq] [a77cc40e] INFO  - [HiveMQ Platform Operator Init App 1.7.0-SNAPSHOT] Pod reconciler is scheduled (interval: 5000 ms)
2025-01-28 21:20:55,817 INFO c.h.h.t.HelmChartContainer - [test-hivemq-platform] [hivemq] [a77cc40e] INFO  - [HiveMQ Platform Operator Init App 1.7.0-SNAPSHOT] Starting the REST API on 10.42.0.11:7979
2025-01-28 21:20:55,819 INFO c.h.h.t.HelmChartContainer - [test-hivemq-platform] [hivemq] [a77cc40e] INFO  - [HiveMQ Platform Operator Init App 1.7.0-SNAPSHOT] Waiting up to 600s for at most 1 HiveMQ nodes in cluster service hivemq-test-hivemq-platform-cluster.updateloglevelit.svc
2025-01-28 21:20:56,210 INFO c.h.h.t.HelmChartContainer - [test-hivemq-platform] [hivemq] [a77cc40e] INFO  - [HiveMQ Platform Operator Init App 1.7.0-SNAPSHOT] Resolved 1 IP addresses: [10.42.0.11]
2025-01-28 21:20:56,210 INFO c.h.h.t.HelmChartContainer - [test-hivemq-platform] [hivemq] [a77cc40e] INFO  - [HiveMQ Platform Operator Init App 1.7.0-SNAPSHOT] HiveMQ node count of 1 is within threshold of 1
2025-01-28 21:20:56,210 INFO c.h.h.t.HelmChartContainer - [test-hivemq-platform] [hivemq] [a77cc40e] INFO  - [HiveMQ Platform Operator Init App 1.7.0-SNAPSHOT] Proceeding with container start
2025-01-28 21:20:56,269 INFO c.h.h.t.HelmChartContainer - [test-hivemq-platform] [hivemq] [a77cc40e] INFO  - [HiveMQ Platform Operator Init App 1.7.0-SNAPSHOT] Initializing HiveMQ Platform extensions with initial configuration: {hivemq-allow-all-extension={start-priority=-1, skip-https-hostname-verification=false, restart=true, config-version=0, header-version=0, c-uri=, priority=-1, uri=preinstalled, skip-https-certificate-validation=false, enabled=true}, hivemq-prometheus-extension={priority=-1, restart=true, enabled=true, request-header-path=no-request-headers, uri=preinstalled, skip-https-certificate-validation=false, skip-https-hostname-verification=false, c-uri=, start-priority=-1}}
2025-01-28 21:20:56,766 INFO c.h.h.t.HelmChartContainer - [test-hivemq-platform] [hivemq] [a77cc40e] INFO  - [HiveMQ Platform Operator Init App 1.7.0-SNAPSHOT] Extension hivemq-allow-all-extension was already enabled
2025-01-28 21:20:56,812 INFO c.h.h.t.HelmChartContainer - [test-hivemq-platform] [hivemq] [a77cc40e] INFO  - [HiveMQ Platform Operator Init App 1.7.0-SNAPSHOT] Successfully enabled extension hivemq-prometheus-extension
2025-01-28 21:20:56,814 INFO c.h.h.t.HelmChartContainer - [test-hivemq-platform] [hivemq] [a77cc40e] INFO  - [HiveMQ Platform Operator Init App 1.7.0-SNAPSHOT] Starting HiveMQ Platform version 4.36.0 (4.36.0)
2025-01-28 21:20:56,815 INFO c.h.h.t.HelmChartContainer - [test-hivemq-platform] [hivemq] [a77cc40e] INFO  - [HiveMQ Platform Operator Init App 1.7.0-SNAPSHOT] Configuring the HiveMQ Platform
2025-01-28 21:20:56,870 INFO c.h.h.t.HelmChartContainer - [test-hivemq-platform] [hivemq] [a77cc40e] INFO  - [HiveMQ Platform Operator Init App 1.7.0-SNAPSHOT] Changed logback.xml file scan period to 20 seconds
2025-01-28 21:20:56,969 INFO c.h.h.t.HelmChartContainer - [test-hivemq-platform] [hivemq] [a77cc40e] INFO  - [HiveMQ Platform Operator Init App 1.7.0-SNAPSHOT] Starting the HiveMQ Platform
2025-01-28 21:20:56,972 INFO c.h.h.t.HelmChartContainer - [test-hivemq-platform] [hivemq] [a77cc40e] -------------------------------------------------------------------------
2025-01-28 21:20:56,972 INFO c.h.h.t.HelmChartContainer - [test-hivemq-platform] [hivemq] [a77cc40e] 
2025-01-28 21:20:56,972 INFO c.h.h.t.HelmChartContainer - [test-hivemq-platform] [hivemq] [a77cc40e]                   _    _  _              __  __   ____
2025-01-28 21:20:56,972 INFO c.h.h.t.HelmChartContainer - [test-hivemq-platform] [hivemq] [a77cc40e]                  | |  | |(_)            |  \/  | / __ \
2025-01-28 21:20:56,972 INFO c.h.h.t.HelmChartContainer - [test-hivemq-platform] [hivemq] [a77cc40e]                  | |__| | _ __   __ ___ | \  / || |  | |
2025-01-28 21:20:56,972 INFO c.h.h.t.HelmChartContainer - [test-hivemq-platform] [hivemq] [a77cc40e]                  |  __  || |\ \ / // _ \| |\/| || |  | |
2025-01-28 21:20:56,972 INFO c.h.h.t.HelmChartContainer - [test-hivemq-platform] [hivemq] [a77cc40e]                  | |  | || | \ V /|  __/| |  | || |__| |
2025-01-28 21:20:56,972 INFO c.h.h.t.HelmChartContainer - [test-hivemq-platform] [hivemq] [a77cc40e]                  |_|  |_||_|  \_/  \___||_|  |_| \___\_\
2025-01-28 21:20:56,972 INFO c.h.h.t.HelmChartContainer - [test-hivemq-platform] [hivemq] [a77cc40e] 
2025-01-28 21:20:56,972 INFO c.h.h.t.HelmChartContainer - [test-hivemq-platform] [hivemq] [a77cc40e] -------------------------------------------------------------------------
2025-01-28 21:20:56,972 INFO c.h.h.t.HelmChartContainer - [test-hivemq-platform] [hivemq] [a77cc40e] 
2025-01-28 21:20:56,972 INFO c.h.h.t.HelmChartContainer - [test-hivemq-platform] [hivemq] [a77cc40e]   HiveMQ Start Script for Linux/Unix v1.14
2025-01-28 21:20:56,972 INFO c.h.h.t.HelmChartContainer - [test-hivemq-platform] [hivemq] [a77cc40e] 
2025-01-28 21:20:57,031 INFO c.h.h.t.HelmChartContainer - [test-hivemq-platform] [hivemq] [a77cc40e] -------------------------------------------------------------------------
2025-01-28 21:20:57,031 INFO c.h.h.t.HelmChartContainer - [test-hivemq-platform] [hivemq] [a77cc40e] 
2025-01-28 21:20:57,031 INFO c.h.h.t.HelmChartContainer - [test-hivemq-platform] [hivemq] [a77cc40e]   HIVEMQ_HOME: /opt/hivemq
2025-01-28 21:20:57,031 INFO c.h.h.t.HelmChartContainer - [test-hivemq-platform] [hivemq] [a77cc40e] 
2025-01-28 21:20:57,031 INFO c.h.h.t.HelmChartContainer - [test-hivemq-platform] [hivemq] [a77cc40e]   JAVA_OPTS: -XX:+UnlockExperimentalVMOptions -XX:InitialRAMPercentage=50 -XX:MaxRAMPercentage=50 -Djava.net.preferIPv4Stack=true --add-opens java.base/java.lang=ALL-UNNAMED --add-opens java.base/java.nio=ALL-UNNAMED --add-opens java.base/sun.nio.ch=ALL-UNNAMED --add-opens jdk.management/com.sun.management.internal=ALL-UNNAMED --add-exports java.base/jdk.internal.misc=ALL-UNNAMED -Djava.security.egd=file:/dev/./urandom -Dcom.sun.management.jmxremote -Dcom.sun.management.jmxremote.port=9010 -Dcom.sun.management.jmxremote.local.only=false -Dcom.sun.management.jmxremote.authenticate=false -Dcom.sun.management.jmxremote.ssl=false -Duser.language=en -Duser.region=US -XX:+CrashOnOutOfMemoryError -XX:+HeapDumpOnOutOfMemoryError
2025-01-28 21:20:57,031 INFO c.h.h.t.HelmChartContainer - [test-hivemq-platform] [hivemq] [a77cc40e] 
2025-01-28 21:20:57,031 INFO c.h.h.t.HelmChartContainer - [test-hivemq-platform] [hivemq] [a77cc40e]   JAVA_VERSION: 21
2025-01-28 21:20:57,031 INFO c.h.h.t.HelmChartContainer - [test-hivemq-platform] [hivemq] [a77cc40e] 
2025-01-28 21:20:57,031 INFO c.h.h.t.HelmChartContainer - [test-hivemq-platform] [hivemq] [a77cc40e] -------------------------------------------------------------------------
2025-01-28 21:20:57,031 INFO c.h.h.t.HelmChartContainer - [test-hivemq-platform] [hivemq] [a77cc40e] 
2025-01-28 21:20:57,869 INFO c.h.h.t.HelmChartContainer - [test-hivemq-platform] [hivemq] [a77cc40e] INFO  - [HiveMQ Platform Operator Init App 1.7.0-SNAPSHOT] Returning default Health API response 503 for readiness
2025-01-28 21:20:58,411 INFO c.h.h.t.HelmChartContainer - [EVENT] Warning [Unhealthy] Readiness probe failed: HTTP probe failed with statuscode: 503 [updateloglevelit:test-hivemq-platform-0]
2025-01-28 21:20:58,411 INFO c.h.h.t.HelmChartContainer - Received Unhealthy event for container hivemq in pod test-hivemq-platform-0 [a77cc40e-a2d1-4cf7-bcce-cde9c432cb87]
2025-01-28 21:20:59,869 INFO c.h.h.t.HelmChartContainer - [test-hivemq-platform] [hivemq] [a77cc40e] INFO  - Starting HiveMQ Enterprise Server
2025-01-28 21:20:59,907 INFO c.h.h.t.HelmChartContainer - [test-hivemq-platform] [hivemq] [a77cc40e] INFO  - HiveMQ version: 4.36.0
2025-01-28 21:20:59,907 INFO c.h.h.t.HelmChartContainer - [test-hivemq-platform] [hivemq] [a77cc40e] INFO  - HiveMQ home directory: /opt/hivemq
2025-01-28 21:20:59,907 INFO c.h.h.t.HelmChartContainer - [test-hivemq-platform] [hivemq] [a77cc40e] INFO  - Log Configuration was overridden by /opt/hivemq/conf/logback.xml
2025-01-28 21:21:01,469 INFO c.h.h.t.HelmChartContainer - [test-hivemq-platform] [hivemq] [a77cc40e] INFO  - Successfully loaded configuration from '/opt/hivemq/conf-k8s/config.xml'.
2025-01-28 21:21:01,910 INFO c.h.h.t.HelmChartContainer - [hivemq-test-hivemq-platform] [hivemq-platform-operator] [25b3b7d0] 21:21:01.907 [pool-6-thread-8] DEBUG c.h.p.o.d.PlatformServiceResource - [updatelo] Desired Platform services (3 services)
2025-01-28 21:21:01,915 INFO c.h.h.t.HelmChartContainer - [hivemq-test-hivemq-platform] [hivemq-platform-operator] [25b3b7d0] 21:21:01.914 [pool-6-thread-6] DEBUG c.h.p.o.d.PodServiceAccountResource - [updatelo] Desired PodServiceAccountResource (serviceAccountName: hivemq-platform-pod-test-hivemq-platform)
2025-01-28 21:21:01,918 INFO c.h.h.t.HelmChartContainer - [hivemq-test-hivemq-platform] [hivemq-platform-operator] [25b3b7d0] 21:21:01.918 [pool-6-thread-9] DEBUG c.h.p.o.dependants.PodInfoConfigMap - [updatelo] Desired PodInfo ConfigMap (1 extensions) (1 enabled)
2025-01-28 21:21:01,920 INFO c.h.h.t.HelmChartContainer - [hivemq-test-hivemq-platform] [hivemq-platform-operator] [25b3b7d0] 21:21:01.918 [pool-6-thread-9] DEBUG c.h.p.o.dependants.PodInfoConfigMap - [updatelo] Desired PodInfo ConfigMap (metrics port: 9399) (metrics path: /)
2025-01-28 21:21:01,920 INFO c.h.h.t.HelmChartContainer - [hivemq-test-hivemq-platform] [hivemq-platform-operator] [25b3b7d0] 21:21:01.919 [pool-6-thread-9] DEBUG c.h.p.o.dependants.PodInfoConfigMap - [updatelo] Desired PodInfo ConfigMap (extension state hash: -1817474005)
2025-01-28 21:21:01,924 INFO c.h.h.t.HelmChartContainer - [hivemq-test-hivemq-platform] [hivemq-platform-operator] [25b3b7d0] 21:21:01.922 [pool-6-thread-4] DEBUG c.h.p.o.d.StatefulSetResource - [updatelo] Desired StatefulSet (1 replicas) for status STARTING (READY)
2025-01-28 21:21:01,994 INFO c.h.h.t.HelmChartContainer - [hivemq-test-hivemq-platform] [hivemq-platform-operator] [25b3b7d0] 21:21:01.989 [ReconcilerExecutor-hivemq-controller-109] INFO  c.h.p.o.HiveMQPlatformReconciler - [updatelo] Reconciling HiveMQ Platform 'test-hivemq-platform' in namespace 'updateloglevelit'
2025-01-28 21:21:01,994 INFO c.h.h.t.HelmChartContainer - [hivemq-test-hivemq-platform] [hivemq-platform-operator] [25b3b7d0] 21:21:01.990 [ReconcilerExecutor-hivemq-controller-109] DEBUG c.h.p.o.HiveMQPlatformReconciler - [updatelo] Custom Resource Status STARTING - HiveMQ Platform is starting (READY)
2025-01-28 21:21:01,994 INFO c.h.h.t.HelmChartContainer - [hivemq-test-hivemq-platform] [hivemq-platform-operator] [25b3b7d0] 21:21:01.990 [ReconcilerExecutor-hivemq-controller-109] DEBUG c.h.p.o.HiveMQPlatformReconciler - [updatelo] Custom Resource Spec (replicas: 1) (extensions: 1)
2025-01-28 21:21:01,994 INFO c.h.h.t.HelmChartContainer - [hivemq-test-hivemq-platform] [hivemq-platform-operator] [25b3b7d0] 21:21:01.992 [ReconcilerExecutor-hivemq-controller-109] DEBUG c.h.p.o.HiveMQPlatformReconciler - [updatelo] StatefulSet Status (revision: test-hivemq-platform-b697f795f, replicas: 1, available: 0, ready: 0, current: 1, updated: 1)
2025-01-28 21:21:01,994 INFO c.h.h.t.HelmChartContainer - [hivemq-test-hivemq-platform] [hivemq-platform-operator] [25b3b7d0] 21:21:01.992 [ReconcilerExecutor-hivemq-controller-109] DEBUG c.h.p.o.HiveMQPlatformReconciler - [updatelo] StatefulSet Spec (replicas: 1, init containers: 1, containers: 1, volumes: 3)
2025-01-28 21:21:01,995 INFO c.h.h.t.HelmChartContainer - [hivemq-test-hivemq-platform] [hivemq-platform-operator] [25b3b7d0] 21:21:01.994 [ReconcilerExecutor-hivemq-controller-109] DEBUG c.h.p.o.h.HiveMQPlatformReconcilerErrorHandler - [updatelo] Pod 'test-hivemq-platform-0' phase Running
2025-01-28 21:21:01,996 INFO c.h.h.t.HelmChartContainer - [hivemq-test-hivemq-platform] [hivemq-platform-operator] [25b3b7d0] 21:21:01.995 [ReconcilerExecutor-hivemq-controller-109] INFO  c.h.p.o.h.HiveMQPlatformReconcilerBaseHandler - [updatelo] HiveMQ Platform is starting, 0 of 1 replicas are ready
2025-01-28 21:21:02,209 INFO c.h.h.t.HelmChartContainer - [test-hivemq-platform] [hivemq] [a77cc40e] INFO  - This node's ID is Zx14h
2025-01-28 21:21:02,209 INFO c.h.h.t.HelmChartContainer - [test-hivemq-platform] [hivemq] [a77cc40e] INFO  - Clustering is enabled
2025-01-28 21:21:03,271 INFO c.h.h.t.HelmChartContainer - [test-hivemq-platform] [hivemq] [a77cc40e] WARN  - [HiveMQ Platform Operator Init App 1.7.0-SNAPSHOT] Cannot connect to Health API for readiness: null
2025-01-28 21:21:03,275 INFO c.h.h.t.HelmChartContainer - [EVENT] Warning [Unhealthy] Readiness probe failed: HTTP probe failed with statuscode: 503 [updateloglevelit:test-hivemq-platform-0]
2025-01-28 21:21:03,275 INFO c.h.h.t.HelmChartContainer - Received Unhealthy event for container hivemq in pod test-hivemq-platform-0 [a77cc40e-a2d1-4cf7-bcce-cde9c432cb87]
2025-01-28 21:21:06,105 INFO c.h.h.t.HelmChartContainer - [test-hivemq-platform] [hivemq] [a77cc40e] Jan 28, 2025 9:21:06 PM io.vertx.core.impl.BlockedThreadChecker
2025-01-28 21:21:06,106 INFO c.h.h.t.HelmChartContainer - [test-hivemq-platform] [hivemq] [a77cc40e] WARNING: Thread Thread[vert.x-eventloop-thread-1,5,main] has been blocked for 2554 ms, time limit is 2000 ms
2025-01-28 21:21:06,972 INFO c.h.h.t.HelmChartContainer - [test-hivemq-platform] [hivemq] [a77cc40e] INFO  - [HiveMQ Platform Operator Init App 1.7.0-SNAPSHOT] Updating Pod HiveMQ Platform Operator Init App version annotation (version: 1.7.0-SNAPSHOT)
2025-01-28 21:21:07,616 INFO c.h.h.t.HelmChartContainer - [POD] test-hivemq-platform-0 [a77cc40e-a2d1-4cf7-bcce-cde9c432cb87] in updateloglevelit was MODIFIED
2025-01-28 21:21:07,622 INFO c.h.h.t.HelmChartContainer - [hivemq-test-hivemq-platform] [hivemq-platform-operator] [25b3b7d0] 21:21:07.620 [pool-6-thread-17] DEBUG c.h.p.o.d.PlatformServiceResource - [updatelo] Desired Platform services (3 services)
2025-01-28 21:21:07,628 INFO c.h.h.t.HelmChartContainer - [hivemq-test-hivemq-platform] [hivemq-platform-operator] [25b3b7d0] 21:21:07.621 [pool-6-thread-15] DEBUG c.h.p.o.dependants.PodInfoConfigMap - [updatelo] Desired PodInfo ConfigMap (1 extensions) (1 enabled)
2025-01-28 21:21:07,628 INFO c.h.h.t.HelmChartContainer - [hivemq-test-hivemq-platform] [hivemq-platform-operator] [25b3b7d0] 21:21:07.623 [pool-6-thread-11] DEBUG c.h.p.o.d.PodServiceAccountResource - [updatelo] Desired PodServiceAccountResource (serviceAccountName: hivemq-platform-pod-test-hivemq-platform)
2025-01-28 21:21:07,629 INFO c.h.h.t.HelmChartContainer - [hivemq-test-hivemq-platform] [hivemq-platform-operator] [25b3b7d0] 21:21:07.627 [pool-6-thread-15] DEBUG c.h.p.o.dependants.PodInfoConfigMap - [updatelo] Desired PodInfo ConfigMap (metrics port: 9399) (metrics path: /)
2025-01-28 21:21:07,629 INFO c.h.h.t.HelmChartContainer - [hivemq-test-hivemq-platform] [hivemq-platform-operator] [25b3b7d0] 21:21:07.627 [pool-6-thread-15] DEBUG c.h.p.o.dependants.PodInfoConfigMap - [updatelo] Desired PodInfo ConfigMap (extension state hash: -1817474005)
2025-01-28 21:21:07,633 INFO c.h.h.t.HelmChartContainer - [hivemq-test-hivemq-platform] [hivemq-platform-operator] [25b3b7d0] 21:21:07.630 [pool-6-thread-14] DEBUG c.h.p.o.d.StatefulSetResource - [updatelo] Desired StatefulSet (1 replicas) for status STARTING (READY)
2025-01-28 21:21:07,694 INFO c.h.h.t.HelmChartContainer - [hivemq-test-hivemq-platform] [hivemq-platform-operator] [25b3b7d0] 21:21:07.689 [ReconcilerExecutor-hivemq-controller-110] INFO  c.h.p.o.HiveMQPlatformReconciler - [updatelo] Reconciling HiveMQ Platform 'test-hivemq-platform' in namespace 'updateloglevelit'
2025-01-28 21:21:07,695 INFO c.h.h.t.HelmChartContainer - [hivemq-test-hivemq-platform] [hivemq-platform-operator] [25b3b7d0] 21:21:07.689 [ReconcilerExecutor-hivemq-controller-110] DEBUG c.h.p.o.HiveMQPlatformReconciler - [updatelo] Custom Resource Status STARTING - HiveMQ Platform is starting (READY)
2025-01-28 21:21:07,695 INFO c.h.h.t.HelmChartContainer - [hivemq-test-hivemq-platform] [hivemq-platform-operator] [25b3b7d0] 21:21:07.689 [ReconcilerExecutor-hivemq-controller-110] DEBUG c.h.p.o.HiveMQPlatformReconciler - [updatelo] Custom Resource Spec (replicas: 1) (extensions: 1)
2025-01-28 21:21:07,695 INFO c.h.h.t.HelmChartContainer - [hivemq-test-hivemq-platform] [hivemq-platform-operator] [25b3b7d0] 21:21:07.692 [ReconcilerExecutor-hivemq-controller-110] DEBUG c.h.p.o.HiveMQPlatformReconciler - [updatelo] StatefulSet Status (revision: test-hivemq-platform-b697f795f, replicas: 1, available: 0, ready: 0, current: 1, updated: 1)
2025-01-28 21:21:07,695 INFO c.h.h.t.HelmChartContainer - [hivemq-test-hivemq-platform] [hivemq-platform-operator] [25b3b7d0] 21:21:07.692 [ReconcilerExecutor-hivemq-controller-110] DEBUG c.h.p.o.HiveMQPlatformReconciler - [updatelo] StatefulSet Spec (replicas: 1, init containers: 1, containers: 1, volumes: 3)
2025-01-28 21:21:07,698 INFO c.h.h.t.HelmChartContainer - [hivemq-test-hivemq-platform] [hivemq-platform-operator] [25b3b7d0] 21:21:07.696 [ReconcilerExecutor-hivemq-controller-110] DEBUG c.h.p.o.h.HiveMQPlatformReconcilerErrorHandler - [updatelo] Pod 'test-hivemq-platform-0' phase Running
2025-01-28 21:21:07,699 INFO c.h.h.t.HelmChartContainer - [hivemq-test-hivemq-platform] [hivemq-platform-operator] [25b3b7d0] 21:21:07.697 [ReconcilerExecutor-hivemq-controller-110] INFO  c.h.p.o.h.HiveMQPlatformReconcilerBaseHandler - [updatelo] HiveMQ Platform is starting, 0 of 1 replicas are ready
2025-01-28 21:21:07,707 INFO c.h.h.t.HelmChartContainer - [test-hivemq-platform] [hivemq] [a77cc40e] INFO  - [HiveMQ Platform Operator Init App 1.7.0-SNAPSHOT] Successfully updated Pod HiveMQ Platform Operator Init App version annotation (version: 1.7.0-SNAPSHOT)
2025-01-28 21:21:07,715 INFO c.h.h.t.HelmChartContainer - [test-hivemq-platform] [hivemq] [a77cc40e] WARN  - [HiveMQ Platform Operator Init App 1.7.0-SNAPSHOT] Cannot connect to Health API for readiness: null
2025-01-28 21:21:07,720 INFO c.h.h.t.HelmChartContainer - [EVENT] Warning [Unhealthy] Readiness probe failed: HTTP probe failed with statuscode: 503 [updateloglevelit:test-hivemq-platform-0]
2025-01-28 21:21:07,720 INFO c.h.h.t.HelmChartContainer - Received Unhealthy event for container hivemq in pod test-hivemq-platform-0 [a77cc40e-a2d1-4cf7-bcce-cde9c432cb87]
2025-01-28 21:21:12,669 INFO c.h.h.t.HelmChartContainer - [test-hivemq-platform] [hivemq] [a77cc40e] WARN  - [HiveMQ Platform Operator Init App 1.7.0-SNAPSHOT] Cannot connect to Health API for readiness: null
2025-01-28 21:21:12,674 INFO c.h.h.t.HelmChartContainer - [EVENT] Warning [Unhealthy] Readiness probe failed: HTTP probe failed with statuscode: 503 [updateloglevelit:test-hivemq-platform-0]
2025-01-28 21:21:12,674 INFO c.h.h.t.HelmChartContainer - Received Unhealthy event for container hivemq in pod test-hivemq-platform-0 [a77cc40e-a2d1-4cf7-bcce-cde9c432cb87]
2025-01-28 21:21:17,669 INFO c.h.h.t.HelmChartContainer - [test-hivemq-platform] [hivemq] [a77cc40e] WARN  - [HiveMQ Platform Operator Init App 1.7.0-SNAPSHOT] Cannot connect to Health API for readiness: null
2025-01-28 21:21:17,676 INFO c.h.h.t.HelmChartContainer - [EVENT] Warning [Unhealthy] Readiness probe failed: HTTP probe failed with statuscode: 503 [updateloglevelit:test-hivemq-platform-0]
2025-01-28 21:21:17,676 INFO c.h.h.t.HelmChartContainer - Received Unhealthy event for container hivemq in pod test-hivemq-platform-0 [a77cc40e-a2d1-4cf7-bcce-cde9c432cb87]
2025-01-28 21:21:17,704 INFO c.h.h.t.HelmChartContainer - [hivemq-test-hivemq-platform] [hivemq-platform-operator] [25b3b7d0] 21:21:17.702 [pool-6-thread-26] DEBUG c.h.p.o.d.PlatformServiceResource - [updatelo] Desired Platform services (3 services)
2025-01-28 21:21:17,705 INFO c.h.h.t.HelmChartContainer - [hivemq-test-hivemq-platform] [hivemq-platform-operator] [25b3b7d0] 21:21:17.704 [pool-6-thread-27] DEBUG c.h.p.o.d.PodServiceAccountResource - [updatelo] Desired PodServiceAccountResource (serviceAccountName: hivemq-platform-pod-test-hivemq-platform)
2025-01-28 21:21:17,707 INFO c.h.h.t.HelmChartContainer - [hivemq-test-hivemq-platform] [hivemq-platform-operator] [25b3b7d0] 21:21:17.706 [pool-6-thread-22] DEBUG c.h.p.o.dependants.PodInfoConfigMap - [updatelo] Desired PodInfo ConfigMap (1 extensions) (1 enabled)
2025-01-28 21:21:17,708 INFO c.h.h.t.HelmChartContainer - [hivemq-test-hivemq-platform] [hivemq-platform-operator] [25b3b7d0] 21:21:17.706 [pool-6-thread-22] DEBUG c.h.p.o.dependants.PodInfoConfigMap - [updatelo] Desired PodInfo ConfigMap (metrics port: 9399) (metrics path: /)
2025-01-28 21:21:17,708 INFO c.h.h.t.HelmChartContainer - [hivemq-test-hivemq-platform] [hivemq-platform-operator] [25b3b7d0] 21:21:17.706 [pool-6-thread-22] DEBUG c.h.p.o.dependants.PodInfoConfigMap - [updatelo] Desired PodInfo ConfigMap (extension state hash: -1817474005)
2025-01-28 21:21:17,710 INFO c.h.h.t.HelmChartContainer - [hivemq-test-hivemq-platform] [hivemq-platform-operator] [25b3b7d0] 21:21:17.709 [pool-6-thread-26] DEBUG c.h.p.o.d.StatefulSetResource - [updatelo] Desired StatefulSet (1 replicas) for status STARTING (READY)
2025-01-28 21:21:17,716 INFO c.h.h.t.HelmChartContainer - [hivemq-test-hivemq-platform] [hivemq-platform-operator] [25b3b7d0] 21:21:17.713 [ReconcilerExecutor-hivemq-controller-111] INFO  c.h.p.o.HiveMQPlatformReconciler - [updatelo] Reconciling HiveMQ Platform 'test-hivemq-platform' in namespace 'updateloglevelit'
2025-01-28 21:21:17,716 INFO c.h.h.t.HelmChartContainer - [hivemq-test-hivemq-platform] [hivemq-platform-operator] [25b3b7d0] 21:21:17.713 [ReconcilerExecutor-hivemq-controller-111] DEBUG c.h.p.o.HiveMQPlatformReconciler - [updatelo] Custom Resource Status STARTING - HiveMQ Platform is starting (READY)
2025-01-28 21:21:17,716 INFO c.h.h.t.HelmChartContainer - [hivemq-test-hivemq-platform] [hivemq-platform-operator] [25b3b7d0] 21:21:17.713 [ReconcilerExecutor-hivemq-controller-111] DEBUG c.h.p.o.HiveMQPlatformReconciler - [updatelo] Custom Resource Spec (replicas: 1) (extensions: 1)
2025-01-28 21:21:17,716 INFO c.h.h.t.HelmChartContainer - [hivemq-test-hivemq-platform] [hivemq-platform-operator] [25b3b7d0] 21:21:17.714 [ReconcilerExecutor-hivemq-controller-111] DEBUG c.h.p.o.HiveMQPlatformReconciler - [updatelo] StatefulSet Status (revision: test-hivemq-platform-b697f795f, replicas: 1, available: 0, ready: 0, current: 1, updated: 1)
2025-01-28 21:21:17,716 INFO c.h.h.t.HelmChartContainer - [hivemq-test-hivemq-platform] [hivemq-platform-operator] [25b3b7d0] 21:21:17.714 [ReconcilerExecutor-hivemq-controller-111] DEBUG c.h.p.o.HiveMQPlatformReconciler - [updatelo] StatefulSet Spec (replicas: 1, init containers: 1, containers: 1, volumes: 3)
2025-01-28 21:21:17,717 INFO c.h.h.t.HelmChartContainer - [hivemq-test-hivemq-platform] [hivemq-platform-operator] [25b3b7d0] 21:21:17.715 [ReconcilerExecutor-hivemq-controller-111] DEBUG c.h.p.o.h.HiveMQPlatformReconcilerErrorHandler - [updatelo] Pod 'test-hivemq-platform-0' phase Running
2025-01-28 21:21:17,718 INFO c.h.h.t.HelmChartContainer - [hivemq-test-hivemq-platform] [hivemq-platform-operator] [25b3b7d0] 21:21:17.716 [ReconcilerExecutor-hivemq-controller-111] INFO  c.h.p.o.h.HiveMQPlatformReconcilerBaseHandler - [updatelo] HiveMQ Platform is starting, 0 of 1 replicas are ready
2025-01-28 21:21:19,069 INFO c.h.h.t.HelmChartContainer - [test-hivemq-platform] [hivemq] [a77cc40e] WARN  - [HiveMQ Platform Operator Init App 1.7.0-SNAPSHOT] Cannot connect to Health API for liveness: null
2025-01-28 21:21:19,069 INFO c.h.h.t.HelmChartContainer - [test-hivemq-platform] [hivemq] [a77cc40e] INFO  - [HiveMQ Platform Operator Init App 1.7.0-SNAPSHOT] Returning default Health API response 200 for liveness
2025-01-28 21:21:20,884 INFO c.h.h.t.HelmChartContainer - [test-hivemq-platform] [hivemq] [a77cc40e] INFO  - No valid license file found. Using trial license, restricted to 25 connections.
2025-01-28 21:21:21,591 INFO c.h.h.t.HelmChartContainer - [K3S] [INFO] COMPACT compactRev=0 targetCompactRev=2 currentRev=1127
2025-01-28 21:21:21,591 INFO c.h.h.t.HelmChartContainer - [K3S] [INFO] COMPACT deleted 0 rows from 2 revisions in 470.178µs - compacted to 2/1127
2025-01-28 21:21:21,591 INFO c.h.h.t.HelmChartContainer - [K3S] [INFO] COMPACT compacted from 0 to 2 in 1 transactions over 1ms
2025-01-28 21:21:22,670 INFO c.h.h.t.HelmChartContainer - [test-hivemq-platform] [hivemq] [a77cc40e] WARN  - [HiveMQ Platform Operator Init App 1.7.0-SNAPSHOT] Cannot connect to Health API for readiness: null
2025-01-28 21:21:22,677 INFO c.h.h.t.HelmChartContainer - [EVENT] Warning [Unhealthy] Readiness probe failed: HTTP probe failed with statuscode: 503 [updateloglevelit:test-hivemq-platform-0]
2025-01-28 21:21:22,677 INFO c.h.h.t.HelmChartContainer - Received Unhealthy event for container hivemq in pod test-hivemq-platform-0 [a77cc40e-a2d1-4cf7-bcce-cde9c432cb87]
2025-01-28 21:21:24,354 INFO c.h.h.t.HelmChartContainer - [K3S] [info.go:53] Couldn't collect info from any of the files in "/etc/machine-id,/var/lib/dbus/machine-id"
2025-01-28 21:21:24,489 INFO c.h.h.t.HelmChartContainer - [test-hivemq-platform] [hivemq] [a77cc40e] INFO  - No valid license file for Data Hub found. Using free license, restricted to 1 policy.
2025-01-28 21:21:25,876 INFO c.h.h.t.HelmChartContainer - [test-hivemq-platform] [hivemq] [a77cc40e] INFO  - Audit Logger started.
2025-01-28 21:21:26,196 INFO c.h.h.t.HelmChartContainer - [test-hivemq-platform] [hivemq] [a77cc40e] INFO  - This node uses '1' CPU cores.
2025-01-28 21:21:26,200 INFO c.h.h.t.HelmChartContainer - [test-hivemq-platform] [hivemq] [a77cc40e] INFO  - Starting HiveMQ Health API on address 0.0.0.0 and port 8889
2025-01-28 21:21:27,068 INFO c.h.h.t.HelmChartContainer - [test-hivemq-platform] [hivemq] [a77cc40e] INFO  - Started HiveMQ Health API in 868ms
2025-01-28 21:21:27,579 INFO c.h.h.t.HelmChartContainer - [test-hivemq-platform] [hivemq] [a77cc40e] INFO  - Starting HiveMQ extension system.
2025-01-28 21:21:27,725 INFO c.h.h.t.HelmChartContainer - [hivemq-test-hivemq-platform] [hivemq-platform-operator] [25b3b7d0] 21:21:27.721 [pool-6-thread-37] DEBUG c.h.p.o.d.PlatformServiceResource - [updatelo] Desired Platform services (3 services)
2025-01-28 21:21:27,726 INFO c.h.h.t.HelmChartContainer - [hivemq-test-hivemq-platform] [hivemq-platform-operator] [25b3b7d0] 21:21:27.722 [pool-6-thread-34] DEBUG c.h.p.o.dependants.PodInfoConfigMap - [updatelo] Desired PodInfo ConfigMap (1 extensions) (1 enabled)
2025-01-28 21:21:27,726 INFO c.h.h.t.HelmChartContainer - [hivemq-test-hivemq-platform] [hivemq-platform-operator] [25b3b7d0] 21:21:27.724 [pool-6-thread-34] DEBUG c.h.p.o.dependants.PodInfoConfigMap - [updatelo] Desired PodInfo ConfigMap (metrics port: 9399) (metrics path: /)
2025-01-28 21:21:27,727 INFO c.h.h.t.HelmChartContainer - [hivemq-test-hivemq-platform] [hivemq-platform-operator] [25b3b7d0] 21:21:27.724 [pool-6-thread-34] DEBUG c.h.p.o.dependants.PodInfoConfigMap - [updatelo] Desired PodInfo ConfigMap (extension state hash: -1817474005)
2025-01-28 21:21:27,728 INFO c.h.h.t.HelmChartContainer - [hivemq-test-hivemq-platform] [hivemq-platform-operator] [25b3b7d0] 21:21:27.722 [pool-6-thread-32] DEBUG c.h.p.o.d.PodServiceAccountResource - [updatelo] Desired PodServiceAccountResource (serviceAccountName: hivemq-platform-pod-test-hivemq-platform)
2025-01-28 21:21:27,732 INFO c.h.h.t.HelmChartContainer - [hivemq-test-hivemq-platform] [hivemq-platform-operator] [25b3b7d0] 21:21:27.730 [pool-6-thread-37] DEBUG c.h.p.o.d.StatefulSetResource - [updatelo] Desired StatefulSet (1 replicas) for status STARTING (READY)
2025-01-28 21:21:27,735 INFO c.h.h.t.HelmChartContainer - [hivemq-test-hivemq-platform] [hivemq-platform-operator] [25b3b7d0] 21:21:27.734 [ReconcilerExecutor-hivemq-controller-112] INFO  c.h.p.o.HiveMQPlatformReconciler - [updatelo] Reconciling HiveMQ Platform 'test-hivemq-platform' in namespace 'updateloglevelit'
2025-01-28 21:21:27,735 INFO c.h.h.t.HelmChartContainer - [hivemq-test-hivemq-platform] [hivemq-platform-operator] [25b3b7d0] 21:21:27.734 [ReconcilerExecutor-hivemq-controller-112] DEBUG c.h.p.o.HiveMQPlatformReconciler - [updatelo] Custom Resource Status STARTING - HiveMQ Platform is starting (READY)
2025-01-28 21:21:27,735 INFO c.h.h.t.HelmChartContainer - [hivemq-test-hivemq-platform] [hivemq-platform-operator] [25b3b7d0] 21:21:27.735 [ReconcilerExecutor-hivemq-controller-112] DEBUG c.h.p.o.HiveMQPlatformReconciler - [updatelo] Custom Resource Spec (replicas: 1) (extensions: 1)
2025-01-28 21:21:27,792 INFO c.h.h.t.HelmChartContainer - [hivemq-test-hivemq-platform] [hivemq-platform-operator] [25b3b7d0] 21:21:27.790 [ReconcilerExecutor-hivemq-controller-112] DEBUG c.h.p.o.HiveMQPlatformReconciler - [updatelo] StatefulSet Status (revision: test-hivemq-platform-b697f795f, replicas: 1, available: 0, ready: 0, current: 1, updated: 1)
2025-01-28 21:21:27,793 INFO c.h.h.t.HelmChartContainer - [hivemq-test-hivemq-platform] [hivemq-platform-operator] [25b3b7d0] 21:21:27.790 [ReconcilerExecutor-hivemq-controller-112] DEBUG c.h.p.o.HiveMQPlatformReconciler - [updatelo] StatefulSet Spec (replicas: 1, init containers: 1, containers: 1, volumes: 3)
2025-01-28 21:21:27,793 INFO c.h.h.t.HelmChartContainer - [hivemq-test-hivemq-platform] [hivemq-platform-operator] [25b3b7d0] 21:21:27.792 [ReconcilerExecutor-hivemq-controller-112] DEBUG c.h.p.o.h.HiveMQPlatformReconcilerErrorHandler - [updatelo] Pod 'test-hivemq-platform-0' phase Running
2025-01-28 21:21:27,794 INFO c.h.h.t.HelmChartContainer - [hivemq-test-hivemq-platform] [hivemq-platform-operator] [25b3b7d0] 21:21:27.793 [ReconcilerExecutor-hivemq-controller-112] INFO  c.h.p.o.h.HiveMQPlatformReconcilerBaseHandler - [updatelo] HiveMQ Platform is starting, 0 of 1 replicas are ready
2025-01-28 21:21:27,971 INFO c.h.h.t.HelmChartContainer - [test-hivemq-platform] [hivemq] [a77cc40e] INFO  - Starting extension with id "hivemq-dns-cluster-discovery" at /opt/hivemq/extensions/hivemq-dns-cluster-discovery
2025-01-28 21:21:28,661 INFO c.h.h.t.HelmChartContainer - [EVENT] Warning [Unhealthy] Readiness probe failed: Get "http://10.42.0.11:7979/readiness": context deadline exceeded (Client.Timeout exceeded while awaiting headers) [updateloglevelit:test-hivemq-platform-0]
2025-01-28 21:21:28,661 INFO c.h.h.t.HelmChartContainer - Received Unhealthy event for container hivemq in pod test-hivemq-platform-0 [a77cc40e-a2d1-4cf7-bcce-cde9c432cb87]
2025-01-28 21:21:28,774 INFO c.h.h.t.HelmChartContainer - [test-hivemq-platform] [hivemq] [a77cc40e] INFO  - Extension "DNS Cluster Discovery Extension" version 4.3.2 started successfully.
2025-01-28 21:21:28,774 INFO c.h.h.t.HelmChartContainer - [test-hivemq-platform] [hivemq] [a77cc40e] INFO  - Starting extension with id "hivemq-prometheus-extension" at /opt/hivemq/extensions/hivemq-prometheus-extension
2025-01-28 21:21:28,870 INFO c.h.h.t.HelmChartContainer - [test-hivemq-platform] [hivemq] [a77cc40e] INFO  - Using TCP cluster transport on address 10.42.0.11 and port 7000
2025-01-28 21:21:28,907 INFO c.h.h.t.HelmChartContainer - [test-hivemq-platform] [hivemq] [a77cc40e] INFO  - Using extension cluster discovery
2025-01-28 21:21:29,167 INFO c.h.h.t.HelmChartContainer - [test-hivemq-platform] [hivemq] [a77cc40e] INFO  - [HiveMQ Platform Operator Init App 1.7.0-SNAPSHOT] Returning Health API response 503 for readiness
2025-01-28 21:21:29,972 INFO c.h.h.t.HelmChartContainer - [test-hivemq-platform] [hivemq] [a77cc40e] INFO  - Started Jetty Server exposing Prometheus Servlet on URI http://0.0.0.0:9399/
2025-01-28 21:21:29,974 INFO c.h.h.t.HelmChartContainer - [test-hivemq-platform] [hivemq] [a77cc40e] INFO  - Extension "Prometheus Monitoring Extension" version 4.0.12 started successfully.
2025-01-28 21:21:29,974 INFO c.h.h.t.HelmChartContainer - [test-hivemq-platform] [hivemq] [a77cc40e] INFO  - Starting extension with id "hivemq-allow-all-extension" at /opt/hivemq/extensions/hivemq-allow-all-extension
2025-01-28 21:21:29,974 INFO c.h.h.t.HelmChartContainer - [test-hivemq-platform] [hivemq] [a77cc40e] WARN  - 
2025-01-28 21:21:29,974 INFO c.h.h.t.HelmChartContainer - [test-hivemq-platform] [hivemq] [a77cc40e] ################################################################################################################
2025-01-28 21:21:29,974 INFO c.h.h.t.HelmChartContainer - [test-hivemq-platform] [hivemq] [a77cc40e] # This HiveMQ deployment is not secure! You are lacking Authentication and Authorization.                      #
2025-01-28 21:21:29,974 INFO c.h.h.t.HelmChartContainer - [test-hivemq-platform] [hivemq] [a77cc40e] # Right now any MQTT client can connect to the broker with a full set of permissions.                          #
2025-01-28 21:21:29,974 INFO c.h.h.t.HelmChartContainer - [test-hivemq-platform] [hivemq] [a77cc40e] # For production usage, add an appropriate security extension and remove the hivemq-allow-all extension.       #
2025-01-28 21:21:29,974 INFO c.h.h.t.HelmChartContainer - [test-hivemq-platform] [hivemq] [a77cc40e] # You can download security extensions from the HiveMQ Marketplace (https://www.hivemq.com/extensions/).       #
2025-01-28 21:21:29,974 INFO c.h.h.t.HelmChartContainer - [test-hivemq-platform] [hivemq] [a77cc40e] ################################################################################################################
2025-01-28 21:21:29,974 INFO c.h.h.t.HelmChartContainer - [test-hivemq-platform] [hivemq] [a77cc40e] INFO  - Extension "Allow All Extension" version 1.1.1 started successfully.
2025-01-28 21:21:32,171 INFO c.h.h.t.HelmChartContainer - [test-hivemq-platform] [hivemq] [a77cc40e] INFO  - Zx14h: no members discovered after 2500 ms: creating cluster as first member
2025-01-28 21:21:32,177 INFO c.h.h.t.HelmChartContainer - [test-hivemq-platform] [hivemq] [a77cc40e] INFO  - Cluster nodes found by discovery: [Zx14h|0] (1) [Zx14h].
2025-01-28 21:21:32,266 INFO c.h.h.t.HelmChartContainer - [test-hivemq-platform] [hivemq] [a77cc40e] WARN  - No user for HiveMQ Control Center configured. Starting with default user
2025-01-28 21:21:32,266 INFO c.h.h.t.HelmChartContainer - [test-hivemq-platform] [hivemq] [a77cc40e] INFO  - Starting HiveMQ Control Center on address 0.0.0.0 and port 8080
2025-01-28 21:21:32,274 INFO c.h.h.t.HelmChartContainer - [test-hivemq-platform] [hivemq] [a77cc40e] INFO  - Mounting HiveMQ Control Center V2 Preview
2025-01-28 21:21:32,676 INFO c.h.h.t.HelmChartContainer - [EVENT] Warning [Unhealthy] Readiness probe failed: HTTP probe failed with statuscode: 503 [updateloglevelit:test-hivemq-platform-0]
2025-01-28 21:21:32,676 INFO c.h.h.t.HelmChartContainer - Received Unhealthy event for container hivemq in pod test-hivemq-platform-0 [a77cc40e-a2d1-4cf7-bcce-cde9c432cb87]
2025-01-28 21:21:32,875 INFO c.h.h.t.HelmChartContainer - [test-hivemq-platform] [hivemq] [a77cc40e] INFO  - Started HiveMQ Control Center in 608ms
2025-01-28 21:21:32,968 INFO c.h.h.t.HelmChartContainer - [test-hivemq-platform] [hivemq] [a77cc40e] INFO  - Starting TCP listener on address 0.0.0.0 and port 1883
2025-01-28 21:21:32,984 INFO c.h.h.t.HelmChartContainer - [test-hivemq-platform] [hivemq] [a77cc40e] INFO  - Started TCP Listener on address 0.0.0.0 and on port 1883.
2025-01-28 21:21:32,985 INFO c.h.h.t.HelmChartContainer - [test-hivemq-platform] [hivemq] [a77cc40e] INFO  - Started HiveMQ in 33415ms
2025-01-28 21:21:37,623 INFO c.h.h.t.HelmChartContainer - [test-hivemq-platform] [hivemq] [a77cc40e] INFO  - [HiveMQ Platform Operator Init App 1.7.0-SNAPSHOT] Returning Health API response 200 for readiness
2025-01-28 21:21:37,638 INFO c.h.h.t.HelmChartContainer - [POD] test-hivemq-platform-0 [a77cc40e-a2d1-4cf7-bcce-cde9c432cb87] in updateloglevelit was MODIFIED
2025-01-28 21:21:37,653 INFO c.h.h.t.HelmChartContainer - [hivemq-test-hivemq-platform] [hivemq-platform-operator] [25b3b7d0] 21:21:37.648 [pool-6-thread-47] DEBUG c.h.p.o.d.PlatformServiceResource - [updatelo] Desired Platform services (3 services)
2025-01-28 21:21:37,654 INFO c.h.h.t.HelmChartContainer - [hivemq-test-hivemq-platform] [hivemq-platform-operator] [25b3b7d0] 21:21:37.652 [pool-6-thread-46] DEBUG c.h.p.o.dependants.PodInfoConfigMap - [updatelo] Desired PodInfo ConfigMap (1 extensions) (1 enabled)
2025-01-28 21:21:37,657 INFO c.h.h.t.HelmChartContainer - [hivemq-test-hivemq-platform] [hivemq-platform-operator] [25b3b7d0] 21:21:37.650 [pool-6-thread-43] DEBUG c.h.p.o.d.PodServiceAccountResource - [updatelo] Desired PodServiceAccountResource (serviceAccountName: hivemq-platform-pod-test-hivemq-platform)
2025-01-28 21:21:37,660 INFO c.h.h.t.HelmChartContainer - [hivemq-test-hivemq-platform] [hivemq-platform-operator] [25b3b7d0] 21:21:37.653 [pool-6-thread-46] DEBUG c.h.p.o.dependants.PodInfoConfigMap - [updatelo] Desired PodInfo ConfigMap (metrics port: 9399) (metrics path: /)
2025-01-28 21:21:37,660 INFO c.h.h.t.HelmChartContainer - [hivemq-test-hivemq-platform] [hivemq-platform-operator] [25b3b7d0] 21:21:37.657 [pool-6-thread-46] DEBUG c.h.p.o.dependants.PodInfoConfigMap - [updatelo] Desired PodInfo ConfigMap (extension state hash: -1817474005)
2025-01-28 21:21:37,743 INFO c.h.h.t.HelmChartContainer - [hivemq-test-hivemq-platform] [hivemq-platform-operator] [25b3b7d0] 21:21:37.740 [pool-6-thread-47] DEBUG c.h.p.o.d.StatefulSetResource - [updatelo] Desired StatefulSet (1 replicas) for status STARTING (READY)
2025-01-28 21:21:37,746 INFO c.h.h.t.HelmChartContainer - [hivemq-test-hivemq-platform] [hivemq-platform-operator] [25b3b7d0] 21:21:37.745 [ReconcilerExecutor-hivemq-controller-113] INFO  c.h.p.o.HiveMQPlatformReconciler - [updatelo] Reconciling HiveMQ Platform 'test-hivemq-platform' in namespace 'updateloglevelit'
2025-01-28 21:21:37,746 INFO c.h.h.t.HelmChartContainer - [hivemq-test-hivemq-platform] [hivemq-platform-operator] [25b3b7d0] 21:21:37.745 [ReconcilerExecutor-hivemq-controller-113] DEBUG c.h.p.o.HiveMQPlatformReconciler - [updatelo] Custom Resource Status STARTING - HiveMQ Platform is starting (READY)
2025-01-28 21:21:37,746 INFO c.h.h.t.HelmChartContainer - [hivemq-test-hivemq-platform] [hivemq-platform-operator] [25b3b7d0] 21:21:37.745 [ReconcilerExecutor-hivemq-controller-113] DEBUG c.h.p.o.HiveMQPlatformReconciler - [updatelo] Custom Resource Spec (replicas: 1) (extensions: 1)
2025-01-28 21:21:37,750 INFO c.h.h.t.HelmChartContainer - [hivemq-test-hivemq-platform] [hivemq-platform-operator] [25b3b7d0] 21:21:37.748 [ReconcilerExecutor-hivemq-controller-113] DEBUG c.h.p.o.HiveMQPlatformReconciler - [updatelo] StatefulSet Status (revision: test-hivemq-platform-b697f795f, replicas: 1, available: 1, ready: 1, current: 1, updated: 1)
2025-01-28 21:21:37,750 INFO c.h.h.t.HelmChartContainer - [hivemq-test-hivemq-platform] [hivemq-platform-operator] [25b3b7d0] 21:21:37.749 [ReconcilerExecutor-hivemq-controller-113] DEBUG c.h.p.o.HiveMQPlatformReconciler - [updatelo] StatefulSet Spec (replicas: 1, init containers: 1, containers: 1, volumes: 3)
2025-01-28 21:21:37,753 INFO c.h.h.t.HelmChartContainer - [hivemq-test-hivemq-platform] [hivemq-platform-operator] [25b3b7d0] 21:21:37.752 [ReconcilerExecutor-hivemq-controller-113] DEBUG c.h.p.o.h.HiveMQPlatformReconcilerErrorHandler - [updatelo] Pod 'test-hivemq-platform-0' phase Running
2025-01-28 21:21:37,754 INFO c.h.h.t.HelmChartContainer - [hivemq-test-hivemq-platform] [hivemq-platform-operator] [25b3b7d0] 21:21:37.753 [ReconcilerExecutor-hivemq-controller-113] INFO  c.h.p.o.h.HiveMQPlatformReconcilerBaseHandler - [updatelo] HiveMQ Platform started successfully
2025-01-28 21:21:37,853 INFO c.h.h.t.HelmChartContainer - [hivemq-test-hivemq-platform] [hivemq-platform-operator] [25b3b7d0] 21:21:37.852 [ReconcilerExecutor-hivemq-controller-113] DEBUG c.h.p.operator.event.EventSender - [updatelo] Creating K8s event hivemq-platform-ready: [Ready] HiveMQ Platform is ready
2025-01-28 21:21:37,857 INFO c.h.h.t.HelmChartContainer - [EVENT] Normal [Ready] HiveMQ Platform is ready [updateloglevelit:test-hivemq-platform]
2025-01-28 21:21:37,891 INFO c.h.h.t.HelmChartContainer - [hivemq-test-hivemq-platform] [hivemq-platform-operator] [25b3b7d0] 21:21:37.890 [ReconcilerExecutor-hivemq-controller-113] INFO  c.h.p.o.h.AbstractHiveMQReconcilerStateHandler - [updatelo] Update HiveMQ Platform Status (STARTING [READY] -> RUNNING [READY]): HiveMQ Platform is ready
2025-01-28 21:21:37,899 DEBUG com.hivemq.helmcharts.util.K8sUtil - Comparing actual state 'RUNNING' and waiting for 'RUNNING'
2025-01-28 21:21:37,946 INFO c.h.h.t.HelmChartContainer - [hivemq-test-hivemq-platform] [hivemq-platform-operator] [25b3b7d0] 21:21:37.943 [pool-6-thread-3] DEBUG c.h.p.o.d.PlatformServiceResource - [updatelo] Desired Platform services (3 services)
2025-01-28 21:21:37,948 INFO c.h.h.t.HelmChartContainer - [hivemq-test-hivemq-platform] [hivemq-platform-operator] [25b3b7d0] 21:21:37.944 [pool-6-thread-2] DEBUG c.h.p.o.dependants.PodInfoConfigMap - [updatelo] Desired PodInfo ConfigMap (1 extensions) (1 enabled)
2025-01-28 21:21:37,949 INFO c.h.h.t.HelmChartContainer - [hivemq-test-hivemq-platform] [hivemq-platform-operator] [25b3b7d0] 21:21:37.946 [pool-6-thread-2] DEBUG c.h.p.o.dependants.PodInfoConfigMap - [updatelo] Desired PodInfo ConfigMap (metrics port: 9399) (metrics path: /)
2025-01-28 21:21:37,949 INFO c.h.h.t.HelmChartContainer - [hivemq-test-hivemq-platform] [hivemq-platform-operator] [25b3b7d0] 21:21:37.947 [pool-6-thread-2] DEBUG c.h.p.o.dependants.PodInfoConfigMap - [updatelo] Desired PodInfo ConfigMap (extension state hash: -1817474005)
2025-01-28 21:21:37,950 INFO c.h.h.t.HelmChartContainer - [hivemq-test-hivemq-platform] [hivemq-platform-operator] [25b3b7d0] 21:21:37.944 [pool-6-thread-7] DEBUG c.h.p.o.d.PodServiceAccountResource - [updatelo] Desired PodServiceAccountResource (serviceAccountName: hivemq-platform-pod-test-hivemq-platform)
2025-01-28 21:21:37,952 INFO c.h.h.t.HelmChartContainer - [hivemq-test-hivemq-platform] [hivemq-platform-operator] [25b3b7d0] 21:21:37.949 [pool-6-thread-2] DEBUG c.h.p.o.dependants.PodInfoConfigMap - [updatelo] Update PodInfo ConfigMap
2025-01-28 21:21:37,992 INFO c.h.h.t.HelmChartContainer - [hivemq-test-hivemq-platform] [hivemq-platform-operator] [25b3b7d0] 21:21:37.991 [pool-6-thread-2] DEBUG c.h.p.o.d.StatefulSetResource - [updatelo] Desired StatefulSet (1 replicas) for status RUNNING (READY)
2025-01-28 21:21:38,043 INFO c.h.h.t.HelmChartContainer - [hivemq-test-hivemq-platform] [hivemq-platform-operator] [25b3b7d0] 21:21:38.041 [ReconcilerExecutor-hivemq-controller-114] INFO  c.h.p.o.HiveMQPlatformReconciler - [updatelo] Reconciling HiveMQ Platform 'test-hivemq-platform' in namespace 'updateloglevelit'
2025-01-28 21:21:38,043 INFO c.h.h.t.HelmChartContainer - [hivemq-test-hivemq-platform] [hivemq-platform-operator] [25b3b7d0] 21:21:38.042 [ReconcilerExecutor-hivemq-controller-114] DEBUG c.h.p.o.HiveMQPlatformReconciler - [updatelo] Custom Resource Status RUNNING - HiveMQ Platform is ready (READY)
2025-01-28 21:21:38,044 INFO c.h.h.t.HelmChartContainer - [hivemq-test-hivemq-platform] [hivemq-platform-operator] [25b3b7d0] 21:21:38.042 [ReconcilerExecutor-hivemq-controller-114] DEBUG c.h.p.o.HiveMQPlatformReconciler - [updatelo] Custom Resource Spec (replicas: 1) (extensions: 1)
2025-01-28 21:21:38,045 INFO c.h.h.t.HelmChartContainer - [hivemq-test-hivemq-platform] [hivemq-platform-operator] [25b3b7d0] 21:21:38.044 [ReconcilerExecutor-hivemq-controller-114] DEBUG c.h.p.o.HiveMQPlatformReconciler - [updatelo] StatefulSet Status (revision: test-hivemq-platform-b697f795f, replicas: 1, available: 1, ready: 1, current: 1, updated: 1)
2025-01-28 21:21:38,047 INFO c.h.h.t.HelmChartContainer - [hivemq-test-hivemq-platform] [hivemq-platform-operator] [25b3b7d0] 21:21:38.044 [ReconcilerExecutor-hivemq-controller-114] DEBUG c.h.p.o.HiveMQPlatformReconciler - [updatelo] StatefulSet Spec (replicas: 1, init containers: 1, containers: 1, volumes: 3)
2025-01-28 21:21:38,047 INFO c.h.h.t.HelmChartContainer - [hivemq-test-hivemq-platform] [hivemq-platform-operator] [25b3b7d0] 21:21:38.046 [ReconcilerExecutor-hivemq-controller-114] DEBUG c.h.p.o.h.HiveMQPlatformReconcilerErrorHandler - [updatelo] Pod 'test-hivemq-platform-0' phase Running
2025-01-28 21:21:39,908 INFO c.h.h.platform.UpdateLogLevelIT - Assert original logback.xml in pods
2025-01-28 21:21:40,000 INFO c.h.h.platform.UpdateLogLevelIT - Trigger update of log level
2025-01-28 21:21:40,068 DEBUG c.h.h.t.HelmChartContainer - Executing helm command: /bin/helm --kubeconfig /etc/rancher/k3s/k3s.yaml upgrade test-hivemq-platform /charts/hivemq-platform --wait --timeout 5m0s --set image.repository=docker.io/hivemq --set image.tag=4.36.0 --set image.pullPolicy=Never --set nodes.resources.cpu=512m --set nodes.logLevel=WARN --namespace updateloglevelit
2025-01-28 21:21:40,445 INFO c.h.h.t.HelmChartContainer - [hivemq-test-hivemq-platform] [hivemq-platform-operator] [25b3b7d0] 21:21:40.441 [pool-6-thread-13] DEBUG c.h.p.o.d.PlatformServiceResource - [updatelo] Desired Platform services (3 services)
2025-01-28 21:21:40,445 INFO c.h.h.t.HelmChartContainer - [hivemq-test-hivemq-platform] [hivemq-platform-operator] [25b3b7d0] 21:21:40.442 [pool-6-thread-18] DEBUG c.h.p.o.dependants.PodInfoConfigMap - [updatelo] Desired PodInfo ConfigMap (1 extensions) (1 enabled)
2025-01-28 21:21:40,445 INFO c.h.h.t.HelmChartContainer - [hivemq-test-hivemq-platform] [hivemq-platform-operator] [25b3b7d0] 21:21:40.442 [pool-6-thread-18] DEBUG c.h.p.o.dependants.PodInfoConfigMap - [updatelo] Desired PodInfo ConfigMap (metrics port: 9399) (metrics path: /)
2025-01-28 21:21:40,445 INFO c.h.h.t.HelmChartContainer - [hivemq-test-hivemq-platform] [hivemq-platform-operator] [25b3b7d0] 21:21:40.442 [pool-6-thread-18] DEBUG c.h.p.o.dependants.PodInfoConfigMap - [updatelo] Desired PodInfo ConfigMap (extension state hash: -1817474005)
2025-01-28 21:21:40,445 INFO c.h.h.t.HelmChartContainer - [hivemq-test-hivemq-platform] [hivemq-platform-operator] [25b3b7d0] 21:21:40.443 [pool-6-thread-18] DEBUG c.h.p.o.dependants.PodInfoConfigMap - [updatelo] Update PodInfo ConfigMap
2025-01-28 21:21:40,445 INFO c.h.h.t.HelmChartContainer - [hivemq-test-hivemq-platform] [hivemq-platform-operator] [25b3b7d0] 21:21:40.443 [pool-6-thread-18] INFO  c.h.p.o.dependants.PodInfoConfigMap - [updatelo] Log level was updated, triggering set log level
2025-01-28 21:21:40,497 INFO c.h.h.t.HelmChartContainer - [hivemq-test-hivemq-platform] [hivemq-platform-operator] [25b3b7d0] 21:21:40.490 [pool-6-thread-19] DEBUG c.h.p.o.d.PodServiceAccountResource - [updatelo] Desired PodServiceAccountResource (serviceAccountName: hivemq-platform-pod-test-hivemq-platform)
2025-01-28 21:21:40,587 DEBUG com.hivemq.helmcharts.util.K8sUtil - Comparing actual state 'RUNNING' and waiting for 'SET_LOG_LEVEL'
2025-01-28 21:21:40,596 INFO c.h.h.t.HelmChartContainer - [hivemq-test-hivemq-platform] [hivemq-platform-operator] [25b3b7d0] 21:21:40.594 [pool-6-thread-18] DEBUG c.h.p.o.d.StatefulSetResource - [updatelo] Desired StatefulSet (2 replicas) for status RUNNING (READY)
2025-01-28 21:21:40,639 INFO c.h.h.t.HelmChartContainer - [hivemq-test-hivemq-platform] [hivemq-platform-operator] [25b3b7d0] 21:21:40.599 [pool-6-thread-18] DEBUG c.h.p.o.d.StatefulSetResource - [updatelo] Update StatefulSet (replicas: 1 -> 2)
2025-01-28 21:21:40,695 INFO c.h.h.t.HelmChartContainer - [hivemq-test-hivemq-platform] [hivemq-platform-operator] [25b3b7d0] 21:21:40.694 [pool-6-thread-18] INFO  c.h.p.o.d.StatefulSetResource - [updatelo] Replica count was updated, triggering scaling
2025-01-28 21:21:40,714 INFO c.h.h.t.HelmChartContainer - [EVENT] Normal [SuccessfulCreate] create Pod test-hivemq-platform-1 in StatefulSet test-hivemq-platform successful [updateloglevelit:test-hivemq-platform]
2025-01-28 21:21:40,715 INFO c.h.h.t.HelmChartContainer - [POD] test-hivemq-platform-1 [890e4c2f-3d50-4ded-b9ee-daa9b5a32a8e] in updateloglevelit was ADDED
2025-01-28 21:21:40,719 INFO c.h.h.t.HelmChartContainer - [POD] test-hivemq-platform-1 [890e4c2f-3d50-4ded-b9ee-daa9b5a32a8e] in updateloglevelit was MODIFIED
2025-01-28 21:21:40,723 INFO c.h.h.t.HelmChartContainer - [EVENT] Normal [Scheduled] Successfully assigned updateloglevelit/test-hivemq-platform-1 to c40f33139f2e [updateloglevelit:test-hivemq-platform-1]
2025-01-28 21:21:40,732 INFO c.h.h.t.HelmChartContainer - [POD] test-hivemq-platform-1 [890e4c2f-3d50-4ded-b9ee-daa9b5a32a8e] in updateloglevelit was MODIFIED
2025-01-28 21:21:40,792 INFO c.h.h.t.HelmChartContainer - [hivemq-test-hivemq-platform] [hivemq-platform-operator] [25b3b7d0] 21:21:40.789 [ReconcilerExecutor-hivemq-controller-115] INFO  c.h.p.o.HiveMQPlatformReconciler - [updatelo] Reconciling HiveMQ Platform 'test-hivemq-platform' in namespace 'updateloglevelit'
2025-01-28 21:21:40,793 INFO c.h.h.t.HelmChartContainer - [hivemq-test-hivemq-platform] [hivemq-platform-operator] [25b3b7d0] 21:21:40.790 [ReconcilerExecutor-hivemq-controller-115] DEBUG c.h.p.o.HiveMQPlatformReconciler - [updatelo] Custom Resource Status RUNNING - HiveMQ Platform is ready (READY) (reconciliation requests: SCALING, SET_LOG_LEVEL, REQUESTS_UPDATED)
2025-01-28 21:21:40,793 INFO c.h.h.t.HelmChartContainer - [hivemq-test-hivemq-platform] [hivemq-platform-operator] [25b3b7d0] 21:21:40.790 [ReconcilerExecutor-hivemq-controller-115] DEBUG c.h.p.o.HiveMQPlatformReconciler - [updatelo] Custom Resource Spec (replicas: 2) (extensions: 1)
2025-01-28 21:21:40,797 INFO c.h.h.t.HelmChartContainer - [hivemq-test-hivemq-platform] [hivemq-platform-operator] [25b3b7d0] 21:21:40.794 [ReconcilerExecutor-hivemq-controller-115] DEBUG c.h.p.o.HiveMQPlatformReconciler - [updatelo] StatefulSet Status (revision: test-hivemq-platform-b697f795f, replicas: 1, available: 1, ready: 1, current: 1, updated: 1)
2025-01-28 21:21:40,800 INFO c.h.h.t.HelmChartContainer - [hivemq-test-hivemq-platform] [hivemq-platform-operator] [25b3b7d0] 21:21:40.794 [ReconcilerExecutor-hivemq-controller-115] DEBUG c.h.p.o.HiveMQPlatformReconciler - [updatelo] StatefulSet Spec (replicas: 2, init containers: 1, containers: 1, volumes: 3)
2025-01-28 21:21:40,800 INFO c.h.h.t.HelmChartContainer - [hivemq-test-hivemq-platform] [hivemq-platform-operator] [25b3b7d0] 21:21:40.796 [ReconcilerExecutor-hivemq-controller-115] DEBUG c.h.p.o.h.HiveMQPlatformReconcilerErrorHandler - [updatelo] Pod 'test-hivemq-platform-1' phase Pending
2025-01-28 21:21:40,800 INFO c.h.h.t.HelmChartContainer - [hivemq-test-hivemq-platform] [hivemq-platform-operator] [25b3b7d0] 21:21:40.796 [ReconcilerExecutor-hivemq-controller-115] DEBUG c.h.p.o.h.HiveMQPlatformReconcilerErrorHandler - [updatelo] Pod 'test-hivemq-platform-1' condition 'PodReadyToStartContainers': False
2025-01-28 21:21:40,800 INFO c.h.h.t.HelmChartContainer - [hivemq-test-hivemq-platform] [hivemq-platform-operator] [25b3b7d0] 21:21:40.796 [ReconcilerExecutor-hivemq-controller-115] DEBUG c.h.p.o.h.HiveMQPlatformReconcilerErrorHandler - [updatelo] Pod 'test-hivemq-platform-1' condition 'Initialized': False
2025-01-28 21:21:40,800 INFO c.h.h.t.HelmChartContainer - [hivemq-test-hivemq-platform] [hivemq-platform-operator] [25b3b7d0] 21:21:40.796 [ReconcilerExecutor-hivemq-controller-115] DEBUG c.h.p.o.h.HiveMQPlatformReconcilerErrorHandler - [updatelo] Pod 'test-hivemq-platform-1' condition 'Ready': False
2025-01-28 21:21:40,800 INFO c.h.h.t.HelmChartContainer - [hivemq-test-hivemq-platform] [hivemq-platform-operator] [25b3b7d0] 21:21:40.796 [ReconcilerExecutor-hivemq-controller-115] DEBUG c.h.p.o.h.HiveMQPlatformReconcilerErrorHandler - [updatelo] Pod 'test-hivemq-platform-1' condition 'ContainersReady': False
2025-01-28 21:21:40,800 INFO c.h.h.t.HelmChartContainer - [hivemq-test-hivemq-platform] [hivemq-platform-operator] [25b3b7d0] 21:21:40.796 [ReconcilerExecutor-hivemq-controller-115] DEBUG c.h.p.o.h.HiveMQPlatformReconcilerErrorHandler - [updatelo] Pod 'test-hivemq-platform-1' condition 'PodScheduled': True
2025-01-28 21:21:40,800 INFO c.h.h.t.HelmChartContainer - [hivemq-test-hivemq-platform] [hivemq-platform-operator] [25b3b7d0] 21:21:40.796 [ReconcilerExecutor-hivemq-controller-115] DEBUG c.h.p.o.h.HiveMQPlatformReconcilerErrorHandler - [updatelo] Pod 'test-hivemq-platform-1' containerStatus 'hivemq' (started: false) (ready: false) (waiting: [PodInitializing] null)
2025-01-28 21:21:40,807 INFO c.h.h.t.HelmChartContainer - [hivemq-test-hivemq-platform] [hivemq-platform-operator] [25b3b7d0] 21:21:40.803 [ReconcilerExecutor-hivemq-controller-115] DEBUG c.h.p.o.h.HiveMQPlatformReconcilerErrorHandler - [updatelo] Pod 'test-hivemq-platform-0' phase Running
2025-01-28 21:21:40,808 INFO c.h.h.t.HelmChartContainer - [hivemq-test-hivemq-platform] [hivemq-platform-operator] [25b3b7d0] 21:21:40.805 [ReconcilerExecutor-hivemq-controller-115] INFO  c.h.p.o.h.HiveMQPlatformReconcilerBaseHandler - [updatelo] Started update of log level (changing to WARN)
2025-01-28 21:21:40,864 INFO c.h.h.t.HelmChartContainer - [K3S] [reconciler_common.go:251] "operationExecutor.VerifyControllerAttachedVolume started for volume \"pod-info\" (UniqueName: \"kubernetes.io/configmap/890e4c2f-3d50-4ded-b9ee-daa9b5a32a8e-pod-info\") pod \"test-hivemq-platform-1\" (UID: \"890e4c2f-3d50-4ded-b9ee-daa9b5a32a8e\") " pod="updateloglevelit/test-hivemq-platform-1"
2025-01-28 21:21:40,864 INFO c.h.h.t.HelmChartContainer - [K3S] [reconciler_common.go:251] "operationExecutor.VerifyControllerAttachedVolume started for volume \"broker-configuration\" (UniqueName: \"kubernetes.io/configmap/890e4c2f-3d50-4ded-b9ee-daa9b5a32a8e-broker-configuration\") pod \"test-hivemq-platform-1\" (UID: \"890e4c2f-3d50-4ded-b9ee-daa9b5a32a8e\") " pod="updateloglevelit/test-hivemq-platform-1"
2025-01-28 21:21:40,864 INFO c.h.h.t.HelmChartContainer - [K3S] [reconciler_common.go:251] "operationExecutor.VerifyControllerAttachedVolume started for volume \"operator-init\" (UniqueName: \"kubernetes.io/empty-dir/890e4c2f-3d50-4ded-b9ee-daa9b5a32a8e-operator-init\") pod \"test-hivemq-platform-1\" (UID: \"890e4c2f-3d50-4ded-b9ee-daa9b5a32a8e\") " pod="updateloglevelit/test-hivemq-platform-1"
2025-01-28 21:21:40,864 INFO c.h.h.t.HelmChartContainer - [K3S] [reconciler_common.go:251] "operationExecutor.VerifyControllerAttachedVolume started for volume \"kube-api-access-6bn57\" (UniqueName: \"kubernetes.io/projected/890e4c2f-3d50-4ded-b9ee-daa9b5a32a8e-kube-api-access-6bn57\") pod \"test-hivemq-platform-1\" (UID: \"890e4c2f-3d50-4ded-b9ee-daa9b5a32a8e\") " pod="updateloglevelit/test-hivemq-platform-1"
2025-01-28 21:21:40,940 INFO c.h.h.t.HelmChartContainer - [hivemq-test-hivemq-platform] [hivemq-platform-operator] [25b3b7d0] 21:21:40.939 [ReconcilerExecutor-hivemq-controller-115] DEBUG c.h.p.operator.event.EventSender - [updatelo] Creating K8s event set-log-level-started: [SetLogLevel] HiveMQ Platform is updating the log level to WARN
2025-01-28 21:21:40,945 INFO c.h.h.t.HelmChartContainer - [EVENT] Normal [SetLogLevel] HiveMQ Platform is updating the log level to WARN [updateloglevelit:test-hivemq-platform]
2025-01-28 21:21:40,947 INFO c.h.h.t.HelmChartContainer - [hivemq-test-hivemq-platform] [hivemq-platform-operator] [25b3b7d0] 21:21:40.946 [ReconcilerExecutor-hivemq-controller-115] INFO  c.h.p.o.h.AbstractHiveMQReconcilerStateHandler - [updatelo] Update HiveMQ Platform Status (RUNNING [READY] -> SET_LOG_LEVEL [SET_LOG_LEVEL]): HiveMQ Platform is updating the log level to WARN (reconciliation requests: SCALING)
2025-01-28 21:21:40,997 DEBUG com.hivemq.helmcharts.util.K8sUtil - Comparing actual state 'SET_LOG_LEVEL' and waiting for 'SET_LOG_LEVEL'
2025-01-28 21:21:41,004 DEBUG com.hivemq.helmcharts.util.K8sUtil - Comparing actual state 'SET_LOG_LEVEL' and waiting for 'RUNNING'
2025-01-28 21:21:41,006 INFO c.h.h.t.HelmChartContainer - [hivemq-test-hivemq-platform] [hivemq-platform-operator] [25b3b7d0] 21:21:41.003 [pool-6-thread-24] DEBUG c.h.p.o.d.PlatformServiceResource - [updatelo] Desired Platform services (3 services)
2025-01-28 21:21:41,007 INFO c.h.h.t.HelmChartContainer - [hivemq-test-hivemq-platform] [hivemq-platform-operator] [25b3b7d0] 21:21:41.005 [pool-6-thread-23] DEBUG c.h.p.o.dependants.PodInfoConfigMap - [updatelo] Desired PodInfo ConfigMap (1 extensions) (1 enabled)
2025-01-28 21:21:41,009 INFO c.h.h.t.HelmChartContainer - [hivemq-test-hivemq-platform] [hivemq-platform-operator] [25b3b7d0] 21:21:41.006 [pool-6-thread-23] DEBUG c.h.p.o.dependants.PodInfoConfigMap - [updatelo] Desired PodInfo ConfigMap (metrics port: 9399) (metrics path: /)
2025-01-28 21:21:41,009 INFO c.h.h.t.HelmChartContainer - [hivemq-test-hivemq-platform] [hivemq-platform-operator] [25b3b7d0] 21:21:41.008 [pool-6-thread-23] DEBUG c.h.p.o.dependants.PodInfoConfigMap - [updatelo] Desired PodInfo ConfigMap (extension state hash: -1817474005)
2025-01-28 21:21:41,012 INFO c.h.h.t.HelmChartContainer - [hivemq-test-hivemq-platform] [hivemq-platform-operator] [25b3b7d0] 21:21:41.011 [pool-6-thread-23] DEBUG c.h.p.o.dependants.PodInfoConfigMap - [updatelo] Update PodInfo ConfigMap
2025-01-28 21:21:41,093 INFO c.h.h.t.HelmChartContainer - [hivemq-test-hivemq-platform] [hivemq-platform-operator] [25b3b7d0] 21:21:41.090 [pool-6-thread-25] DEBUG c.h.p.o.d.PodServiceAccountResource - [updatelo] Desired PodServiceAccountResource (serviceAccountName: hivemq-platform-pod-test-hivemq-platform)
2025-01-28 21:21:41,096 INFO c.h.h.t.HelmChartContainer - [hivemq-test-hivemq-platform] [hivemq-platform-operator] [25b3b7d0] 21:21:41.095 [pool-6-thread-21] DEBUG c.h.p.o.d.StatefulSetResource - [updatelo] Desired StatefulSet (2 replicas) for status SET_LOG_LEVEL (SET_LOG_LEVEL)
2025-01-28 21:21:41,123 INFO c.h.h.t.HelmChartContainer - [EVENT] Normal [Pulled] Container image "docker.io/hivemq/hivemq-platform-operator-init-test:snapshot" already present on machine [updateloglevelit:test-hivemq-platform-1]
2025-01-28 21:21:41,130 INFO c.h.h.t.HelmChartContainer - [EVENT] Normal [Created] Created container: hivemq-platform-operator-init [updateloglevelit:test-hivemq-platform-1]
2025-01-28 21:21:41,146 INFO c.h.h.t.HelmChartContainer - [hivemq-test-hivemq-platform] [hivemq-platform-operator] [25b3b7d0] 21:21:41.144 [ReconcilerExecutor-hivemq-controller-116] INFO  c.h.p.o.HiveMQPlatformReconciler - [updatelo] Reconciling HiveMQ Platform 'test-hivemq-platform' in namespace 'updateloglevelit'
2025-01-28 21:21:41,146 INFO c.h.h.t.HelmChartContainer - [hivemq-test-hivemq-platform] [hivemq-platform-operator] [25b3b7d0] 21:21:41.144 [ReconcilerExecutor-hivemq-controller-116] DEBUG c.h.p.o.HiveMQPlatformReconciler - [updatelo] Custom Resource Status SET_LOG_LEVEL - HiveMQ Platform is updating the log level to WARN (SET_LOG_LEVEL) (reconciliation requests: SCALING)
2025-01-28 21:21:41,146 INFO c.h.h.t.HelmChartContainer - [hivemq-test-hivemq-platform] [hivemq-platform-operator] [25b3b7d0] 21:21:41.144 [ReconcilerExecutor-hivemq-controller-116] DEBUG c.h.p.o.HiveMQPlatformReconciler - [updatelo] Custom Resource Spec (replicas: 2) (extensions: 1)
2025-01-28 21:21:41,148 INFO c.h.h.t.HelmChartContainer - [hivemq-test-hivemq-platform] [hivemq-platform-operator] [25b3b7d0] 21:21:41.147 [ReconcilerExecutor-hivemq-controller-116] DEBUG c.h.p.o.HiveMQPlatformReconciler - [updatelo] StatefulSet Status (revision: test-hivemq-platform-b697f795f, replicas: 2, available: 1, ready: 1, current: 2, updated: 2)
2025-01-28 21:21:41,148 INFO c.h.h.t.HelmChartContainer - [hivemq-test-hivemq-platform] [hivemq-platform-operator] [25b3b7d0] 21:21:41.148 [ReconcilerExecutor-hivemq-controller-116] DEBUG c.h.p.o.HiveMQPlatformReconciler - [updatelo] StatefulSet Spec (replicas: 2, init containers: 1, containers: 1, volumes: 3)
2025-01-28 21:21:41,171 INFO c.h.h.t.HelmChartContainer - [EVENT] Normal [Started] Started container hivemq-platform-operator-init [updateloglevelit:test-hivemq-platform-1]
2025-01-28 21:21:41,198 INFO c.h.h.t.HelmChartContainer - [hivemq-test-hivemq-platform] [hivemq-platform-operator] [25b3b7d0] 21:21:41.194 [ReconcilerExecutor-hivemq-controller-116] DEBUG c.h.p.o.h.HiveMQPlatformReconcilerErrorHandler - [updatelo] Pod 'test-hivemq-platform-1' phase Pending
2025-01-28 21:21:41,198 INFO c.h.h.t.HelmChartContainer - [hivemq-test-hivemq-platform] [hivemq-platform-operator] [25b3b7d0] 21:21:41.195 [ReconcilerExecutor-hivemq-controller-116] DEBUG c.h.p.o.h.HiveMQPlatformReconcilerErrorHandler - [updatelo] Pod 'test-hivemq-platform-1' condition 'PodReadyToStartContainers': False
2025-01-28 21:21:41,199 INFO c.h.h.t.HelmChartContainer - [hivemq-test-hivemq-platform] [hivemq-platform-operator] [25b3b7d0] 21:21:41.195 [ReconcilerExecutor-hivemq-controller-116] DEBUG c.h.p.o.h.HiveMQPlatformReconcilerErrorHandler - [updatelo] Pod 'test-hivemq-platform-1' condition 'Initialized': False
2025-01-28 21:21:41,199 INFO c.h.h.t.HelmChartContainer - [hivemq-test-hivemq-platform] [hivemq-platform-operator] [25b3b7d0] 21:21:41.195 [ReconcilerExecutor-hivemq-controller-116] DEBUG c.h.p.o.h.HiveMQPlatformReconcilerErrorHandler - [updatelo] Pod 'test-hivemq-platform-1' condition 'Ready': False
2025-01-28 21:21:41,199 INFO c.h.h.t.HelmChartContainer - [hivemq-test-hivemq-platform] [hivemq-platform-operator] [25b3b7d0] 21:21:41.195 [ReconcilerExecutor-hivemq-controller-116] DEBUG c.h.p.o.h.HiveMQPlatformReconcilerErrorHandler - [updatelo] Pod 'test-hivemq-platform-1' condition 'ContainersReady': False
2025-01-28 21:21:41,199 INFO c.h.h.t.HelmChartContainer - [hivemq-test-hivemq-platform] [hivemq-platform-operator] [25b3b7d0] 21:21:41.195 [ReconcilerExecutor-hivemq-controller-116] DEBUG c.h.p.o.h.HiveMQPlatformReconcilerErrorHandler - [updatelo] Pod 'test-hivemq-platform-1' condition 'PodScheduled': True
2025-01-28 21:21:41,199 INFO c.h.h.t.HelmChartContainer - [hivemq-test-hivemq-platform] [hivemq-platform-operator] [25b3b7d0] 21:21:41.196 [ReconcilerExecutor-hivemq-controller-116] DEBUG c.h.p.o.h.HiveMQPlatformReconcilerErrorHandler - [updatelo] Pod 'test-hivemq-platform-1' containerStatus 'hivemq' (started: false) (ready: false) (waiting: [PodInitializing] null)
2025-01-28 21:21:41,199 INFO c.h.h.t.HelmChartContainer - [hivemq-test-hivemq-platform] [hivemq-platform-operator] [25b3b7d0] 21:21:41.197 [ReconcilerExecutor-hivemq-controller-116] DEBUG c.h.p.o.h.HiveMQPlatformReconcilerErrorHandler - [updatelo] Pod 'test-hivemq-platform-0' phase Running
2025-01-28 21:21:41,292 INFO c.h.h.t.HelmChartContainer - [hivemq-test-hivemq-platform] [hivemq-platform-operator] [25b3b7d0] 21:21:41.291 [ReconcilerExecutor-hivemq-controller-116] DEBUG c.h.p.o.h.HiveMQPlatformReconcilerSetLogLevelHandler - [updatelo] Setting log level on Pod 'test-hivemq-platform-1'
2025-01-28 21:21:41,294 INFO c.h.h.t.HelmChartContainer - [hivemq-test-hivemq-platform] [hivemq-platform-operator] [25b3b7d0] 21:21:41.291 [ForkJoinPool.commonPool-worker-1] DEBUG c.h.p.o.h.HiveMQPlatformReconcilerSetLogLevelHandler - [updatelo] Setting log level on Pod 'test-hivemq-platform-0'
2025-01-28 21:21:41,303 INFO c.h.h.t.HelmChartContainer - [hivemq-test-hivemq-platform] [hivemq-platform-operator] [25b3b7d0] 21:21:41.301 [ReconcilerExecutor-hivemq-controller-116] DEBUG c.h.platform.operator.util.PodUtil - Pod 'test-hivemq-platform-1' is not running
2025-01-28 21:21:41,343 INFO c.h.h.t.HelmChartContainer - [hivemq-test-hivemq-platform] [hivemq-platform-operator] [25b3b7d0] 21:21:41.339 [ReconcilerExecutor-hivemq-controller-116] ERROR i.j.o.p.event.EventProcessor - Error during event processing ExecutionScope{ resource id: ResourceID{name='test-hivemq-platform', namespace='updateloglevelit'}, version: 1164}
2025-01-28 21:21:41,343 INFO c.h.h.t.HelmChartContainer - [hivemq-test-hivemq-platform] [hivemq-platform-operator] [25b3b7d0] io.javaoperatorsdk.operator.OperatorException: java.lang.IllegalStateException: Pod 'test-hivemq-platform-1' in namespace 'updateloglevelit' is not running, cannot execute command '[curl, -s, http://null:7979/setLogLevel?level=WARN]'
2025-01-28 21:21:41,343 INFO c.h.h.t.HelmChartContainer - [hivemq-test-hivemq-platform] [hivemq-platform-operator] [25b3b7d0] 	at io.javaoperatorsdk.operator.monitoring.micrometer.MicrometerMetrics.lambda$timeControllerExecution$0(MicrometerMetrics.java:165)
2025-01-28 21:21:41,343 INFO c.h.h.t.HelmChartContainer - [hivemq-test-hivemq-platform] [hivemq-platform-operator] [25b3b7d0] 	at io.micrometer.core.instrument.AbstractTimer.record(AbstractTimer.java:190)
2025-01-28 21:21:41,343 INFO c.h.h.t.HelmChartContainer - [hivemq-test-hivemq-platform] [hivemq-platform-operator] [25b3b7d0] 	at io.javaoperatorsdk.operator.monitoring.micrometer.MicrometerMetrics.timeControllerExecution(MicrometerMetrics.java:161)
2025-01-28 21:21:41,343 INFO c.h.h.t.HelmChartContainer - [hivemq-test-hivemq-platform] [hivemq-platform-operator] [25b3b7d0] 	at io.javaoperatorsdk.operator.processing.Controller.reconcile(Controller.java:109)
2025-01-28 21:21:41,343 INFO c.h.h.t.HelmChartContainer - [hivemq-test-hivemq-platform] [hivemq-platform-operator] [25b3b7d0] 	at io.javaoperatorsdk.operator.processing.event.ReconciliationDispatcher.reconcileExecution(ReconciliationDispatcher.java:136)
2025-01-28 21:21:41,343 INFO c.h.h.t.HelmChartContainer - [hivemq-test-hivemq-platform] [hivemq-platform-operator] [25b3b7d0] 	at io.javaoperatorsdk.operator.processing.event.ReconciliationDispatcher.handleReconcile(ReconciliationDispatcher.java:117)
2025-01-28 21:21:41,343 INFO c.h.h.t.HelmChartContainer - [hivemq-test-hivemq-platform] [hivemq-platform-operator] [25b3b7d0] 	at io.javaoperatorsdk.operator.processing.event.ReconciliationDispatcher.handleDispatch(ReconciliationDispatcher.java:91)
2025-01-28 21:21:41,343 INFO c.h.h.t.HelmChartContainer - [hivemq-test-hivemq-platform] [hivemq-platform-operator] [25b3b7d0] 	at io.javaoperatorsdk.operator.processing.event.ReconciliationDispatcher.handleExecution(ReconciliationDispatcher.java:64)
2025-01-28 21:21:41,343 INFO c.h.h.t.HelmChartContainer - [hivemq-test-hivemq-platform] [hivemq-platform-operator] [25b3b7d0] 	at io.javaoperatorsdk.operator.processing.event.EventProcessor$ReconcilerExecutor.run(EventProcessor.java:452)
2025-01-28 21:21:41,343 INFO c.h.h.t.HelmChartContainer - [hivemq-test-hivemq-platform] [hivemq-platform-operator] [25b3b7d0] 	at java.base/java.util.concurrent.ThreadPoolExecutor.runWorker(Unknown Source)
2025-01-28 21:21:41,343 INFO c.h.h.t.HelmChartContainer - [hivemq-test-hivemq-platform] [hivemq-platform-operator] [25b3b7d0] 	at java.base/java.util.concurrent.ThreadPoolExecutor$Worker.run(Unknown Source)
2025-01-28 21:21:41,343 INFO c.h.h.t.HelmChartContainer - [hivemq-test-hivemq-platform] [hivemq-platform-operator] [25b3b7d0] 	at java.base/java.lang.Thread.run(Unknown Source)
2025-01-28 21:21:41,343 INFO c.h.h.t.HelmChartContainer - [hivemq-test-hivemq-platform] [hivemq-platform-operator] [25b3b7d0] Caused by: java.lang.IllegalStateException: Pod 'test-hivemq-platform-1' in namespace 'updateloglevelit' is not running, cannot execute command '[curl, -s, http://null:7979/setLogLevel?level=WARN]'
2025-01-28 21:21:41,343 INFO c.h.h.t.HelmChartContainer - [hivemq-test-hivemq-platform] [hivemq-platform-operator] [25b3b7d0] 	at com.hivemq.platform.operator.util.PodUtil.execute(PodUtil.java:74)
2025-01-28 21:21:41,343 INFO c.h.h.t.HelmChartContainer - [hivemq-test-hivemq-platform] [hivemq-platform-operator] [25b3b7d0] 	at com.hivemq.platform.operator.util.RestApiUtil.lambda$callRestApi$1(RestApiUtil.java:44)
2025-01-28 21:21:41,343 INFO c.h.h.t.HelmChartContainer - [hivemq-test-hivemq-platform] [hivemq-platform-operator] [25b3b7d0] 	at java.base/java.util.stream.ForEachOps$ForEachOp$OfRef.accept(Unknown Source)
2025-01-28 21:21:41,343 INFO c.h.h.t.HelmChartContainer - [hivemq-test-hivemq-platform] [hivemq-platform-operator] [25b3b7d0] 	at java.base/java.util.stream.ReferencePipeline$2$1.accept(Unknown Source)
2025-01-28 21:21:41,343 INFO c.h.h.t.HelmChartContainer - [hivemq-test-hivemq-platform] [hivemq-platform-operator] [25b3b7d0] 	at java.base/java.util.ArrayList$ArrayListSpliterator.forEachRemaining(Unknown Source)
2025-01-28 21:21:41,343 INFO c.h.h.t.HelmChartContainer - [hivemq-test-hivemq-platform] [hivemq-platform-operator] [25b3b7d0] 	at java.base/java.util.stream.AbstractPipeline.copyInto(Unknown Source)
2025-01-28 21:21:41,343 INFO c.h.h.t.HelmChartContainer - [hivemq-test-hivemq-platform] [hivemq-platform-operator] [25b3b7d0] 	at java.base/java.util.stream.ForEachOps$ForEachTask.compute(Unknown Source)
2025-01-28 21:21:41,343 INFO c.h.h.t.HelmChartContainer - [hivemq-test-hivemq-platform] [hivemq-platform-operator] [25b3b7d0] 	at java.base/java.util.concurrent.CountedCompleter.exec(Unknown Source)
2025-01-28 21:21:41,343 INFO c.h.h.t.HelmChartContainer - [hivemq-test-hivemq-platform] [hivemq-platform-operator] [25b3b7d0] 	at java.base/java.util.concurrent.ForkJoinTask.doExec(Unknown Source)
2025-01-28 21:21:41,343 INFO c.h.h.t.HelmChartContainer - [hivemq-test-hivemq-platform] [hivemq-platform-operator] [25b3b7d0] 	at java.base/java.util.concurrent.ForkJoinTask.invoke(Unknown Source)
2025-01-28 21:21:41,343 INFO c.h.h.t.HelmChartContainer - [hivemq-test-hivemq-platform] [hivemq-platform-operator] [25b3b7d0] 	at java.base/java.util.stream.ForEachOps$ForEachOp.evaluateParallel(Unknown Source)
2025-01-28 21:21:41,343 INFO c.h.h.t.HelmChartContainer - [hivemq-test-hivemq-platform] [hivemq-platform-operator] [25b3b7d0] 	at java.base/java.util.stream.ForEachOps$ForEachOp$OfRef.evaluateParallel(Unknown Source)
2025-01-28 21:21:41,343 INFO c.h.h.t.HelmChartContainer - [hivemq-test-hivemq-platform] [hivemq-platform-operator] [25b3b7d0] 	at java.base/java.util.stream.AbstractPipeline.evaluate(Unknown Source)
2025-01-28 21:21:41,344 INFO c.h.h.t.HelmChartContainer - [hivemq-test-hivemq-platform] [hivemq-platform-operator] [25b3b7d0] 	at java.base/java.util.stream.ReferencePipeline.forEach(Unknown Source)
2025-01-28 21:21:41,344 INFO c.h.h.t.HelmChartContainer - [hivemq-test-hivemq-platform] [hivemq-platform-operator] [25b3b7d0] 	at com.hivemq.platform.operator.util.RestApiUtil.callRestApi(RestApiUtil.java:40)
2025-01-28 21:21:41,344 INFO c.h.h.t.HelmChartContainer - [hivemq-test-hivemq-platform] [hivemq-platform-operator] [25b3b7d0] 	at com.hivemq.platform.operator.http.RestApiService.callRestApi(RestApiService.java:63)
2025-01-28 21:21:41,344 INFO c.h.h.t.HelmChartContainer - [hivemq-test-hivemq-platform] [hivemq-platform-operator] [25b3b7d0] 	at com.hivemq.platform.operator.handler.HiveMQPlatformReconcilerSetLogLevelHandler.handleSetLogLevel(HiveMQPlatformReconcilerSetLogLevelHandler.java:49)
2025-01-28 21:21:41,344 INFO c.h.h.t.HelmChartContainer - [hivemq-test-hivemq-platform] [hivemq-platform-operator] [25b3b7d0] 	at com.hivemq.platform.operator.HiveMQPlatformReconciler.reconcile(HiveMQPlatformReconciler.java:243)
2025-01-28 21:21:41,344 INFO c.h.h.t.HelmChartContainer - [hivemq-test-hivemq-platform] [hivemq-platform-operator] [25b3b7d0] 	at com.hivemq.platform.operator.HiveMQPlatformReconciler.reconcile(HiveMQPlatformReconciler.java:227)
2025-01-28 21:21:41,344 INFO c.h.h.t.HelmChartContainer - [hivemq-test-hivemq-platform] [hivemq-platform-operator] [25b3b7d0] 	at com.hivemq.platform.operator.HiveMQPlatformReconciler.reconcile(HiveMQPlatformReconciler.java:71)
2025-01-28 21:21:41,344 INFO c.h.h.t.HelmChartContainer - [hivemq-test-hivemq-platform] [hivemq-platform-operator] [25b3b7d0] 	at io.javaoperatorsdk.operator.processing.Controller$1.execute(Controller.java:149)
2025-01-28 21:21:41,344 INFO c.h.h.t.HelmChartContainer - [hivemq-test-hivemq-platform] [hivemq-platform-operator] [25b3b7d0] 	at io.javaoperatorsdk.operator.processing.Controller$1.execute(Controller.java:110)
2025-01-28 21:21:41,344 INFO c.h.h.t.HelmChartContainer - [hivemq-test-hivemq-platform] [hivemq-platform-operator] [25b3b7d0] 	at io.javaoperatorsdk.operator.monitoring.micrometer.MicrometerMetrics.lambda$timeControllerExecution$0(MicrometerMetrics.java:163)
2025-01-28 21:21:41,344 INFO c.h.h.t.HelmChartContainer - [hivemq-test-hivemq-platform] [hivemq-platform-operator] [25b3b7d0] 	... 11 common frames omitted
2025-01-28 21:21:41,512 INFO c.h.h.t.HelmChartContainer - [test-hivemq-platform] [hivemq] [a77cc40e] INFO  - [HiveMQ Platform Operator Init App 1.7.0-SNAPSHOT] Set log level from ${HIVEMQ_LOG_LEVEL:-INFO} to WARN in logback.xml file
2025-01-28 21:21:41,712 INFO c.h.h.t.HelmChartContainer - [hivemq-test-hivemq-platform] [hivemq-platform-operator] [25b3b7d0] 21:21:41.710 [vert.x-eventloop-thread-0] DEBUG c.h.platform.operator.util.PodUtil - Received status for command '[curl, -s, http://10.42.0.11:7979/setLogLevel?level=WARN]' on Pod 'test-hivemq-platform-0' (exit code: 0)
2025-01-28 21:21:41,879 INFO c.h.h.t.HelmChartContainer - [EVENT] Normal [Pulled] Container image "docker.io/hivemq/hivemq4:4.36.0" already present on machine [updateloglevelit:test-hivemq-platform-1]
2025-01-28 21:21:41,879 INFO c.h.h.t.HelmChartContainer - Received Pulled event for container hivemq in pod test-hivemq-platform-1 [890e4c2f-3d50-4ded-b9ee-daa9b5a32a8e]
2025-01-28 21:21:41,895 INFO c.h.h.t.HelmChartContainer - [POD] test-hivemq-platform-1 [890e4c2f-3d50-4ded-b9ee-daa9b5a32a8e] in updateloglevelit was MODIFIED
2025-01-28 21:21:41,897 INFO c.h.h.t.HelmChartContainer - [EVENT] Normal [Created] Created container: hivemq [updateloglevelit:test-hivemq-platform-1]
2025-01-28 21:21:41,897 INFO c.h.h.t.HelmChartContainer - Received Created event for container hivemq in pod test-hivemq-platform-1 [890e4c2f-3d50-4ded-b9ee-daa9b5a32a8e]
2025-01-28 21:21:41,914 INFO c.h.h.t.HelmChartContainer - [hivemq-test-hivemq-platform] [hivemq-platform-operator] [25b3b7d0] 21:21:41.910 [pool-6-thread-31] DEBUG c.h.p.o.dependants.PodInfoConfigMap - [updatelo] Desired PodInfo ConfigMap (1 extensions) (1 enabled)
2025-01-28 21:21:41,916 INFO c.h.h.t.HelmChartContainer - [hivemq-test-hivemq-platform] [hivemq-platform-operator] [25b3b7d0] 21:21:41.911 [pool-6-thread-31] DEBUG c.h.p.o.dependants.PodInfoConfigMap - [updatelo] Desired PodInfo ConfigMap (metrics port: 9399) (metrics path: /)
2025-01-28 21:21:41,921 INFO c.h.h.t.HelmChartContainer - [hivemq-test-hivemq-platform] [hivemq-platform-operator] [25b3b7d0] 21:21:41.916 [pool-6-thread-31] DEBUG c.h.p.o.dependants.PodInfoConfigMap - [updatelo] Desired PodInfo ConfigMap (extension state hash: -1817474005)
2025-01-28 21:21:41,927 INFO c.h.h.t.HelmChartContainer - [hivemq-test-hivemq-platform] [hivemq-platform-operator] [25b3b7d0] 21:21:41.913 [pool-6-thread-34] DEBUG c.h.p.o.d.PodServiceAccountResource - [updatelo] Desired PodServiceAccountResource (serviceAccountName: hivemq-platform-pod-test-hivemq-platform)
2025-01-28 21:21:41,927 INFO c.h.h.t.HelmChartContainer - [hivemq-test-hivemq-platform] [hivemq-platform-operator] [25b3b7d0] 21:21:41.915 [pool-6-thread-33] DEBUG c.h.p.o.d.PlatformServiceResource - [updatelo] Desired Platform services (3 services)
2025-01-28 21:21:41,943 INFO c.h.h.t.HelmChartContainer - [hivemq-test-hivemq-platform] [hivemq-platform-operator] [25b3b7d0] 21:21:41.940 [pool-6-thread-33] DEBUG c.h.p.o.d.StatefulSetResource - [updatelo] Desired StatefulSet (2 replicas) for status SET_LOG_LEVEL (SET_LOG_LEVEL)
2025-01-28 21:21:41,994 INFO c.h.h.t.HelmChartContainer - [hivemq-test-hivemq-platform] [hivemq-platform-operator] [25b3b7d0] 21:21:41.991 [ReconcilerExecutor-hivemq-controller-119] INFO  c.h.p.o.HiveMQPlatformReconciler - [updatelo] Reconciling HiveMQ Platform 'test-hivemq-platform' in namespace 'updateloglevelit'
2025-01-28 21:21:41,995 INFO c.h.h.t.HelmChartContainer - [hivemq-test-hivemq-platform] [hivemq-platform-operator] [25b3b7d0] 21:21:41.991 [ReconcilerExecutor-hivemq-controller-119] DEBUG c.h.p.o.HiveMQPlatformReconciler - [updatelo] Custom Resource Status SET_LOG_LEVEL - HiveMQ Platform is updating the log level to WARN (SET_LOG_LEVEL) (reconciliation requests: SCALING)
2025-01-28 21:21:41,995 INFO c.h.h.t.HelmChartContainer - [hivemq-test-hivemq-platform] [hivemq-platform-operator] [25b3b7d0] 21:21:41.991 [ReconcilerExecutor-hivemq-controller-119] DEBUG c.h.p.o.HiveMQPlatformReconciler - [updatelo] Custom Resource Spec (replicas: 2) (extensions: 1)
2025-01-28 21:21:41,995 INFO c.h.h.t.HelmChartContainer - [hivemq-test-hivemq-platform] [hivemq-platform-operator] [25b3b7d0] 21:21:41.993 [ReconcilerExecutor-hivemq-controller-119] DEBUG c.h.p.o.HiveMQPlatformReconciler - [updatelo] StatefulSet Status (revision: test-hivemq-platform-b697f795f, replicas: 2, available: 1, ready: 1, current: 2, updated: 2)
2025-01-28 21:21:41,995 INFO c.h.h.t.HelmChartContainer - [hivemq-test-hivemq-platform] [hivemq-platform-operator] [25b3b7d0] 21:21:41.993 [ReconcilerExecutor-hivemq-controller-119] DEBUG c.h.p.o.HiveMQPlatformReconciler - [updatelo] StatefulSet Spec (replicas: 2, init containers: 1, containers: 1, volumes: 3)
2025-01-28 21:21:41,999 INFO c.h.h.t.HelmChartContainer - [hivemq-test-hivemq-platform] [hivemq-platform-operator] [25b3b7d0] 21:21:41.996 [ReconcilerExecutor-hivemq-controller-119] DEBUG c.h.p.o.h.HiveMQPlatformReconcilerErrorHandler - [updatelo] Pod 'test-hivemq-platform-1' phase Pending
2025-01-28 21:21:41,999 INFO c.h.h.t.HelmChartContainer - [hivemq-test-hivemq-platform] [hivemq-platform-operator] [25b3b7d0] 21:21:41.996 [ReconcilerExecutor-hivemq-controller-119] DEBUG c.h.p.o.h.HiveMQPlatformReconcilerErrorHandler - [updatelo] Pod 'test-hivemq-platform-1' condition 'PodReadyToStartContainers': True
2025-01-28 21:21:41,999 INFO c.h.h.t.HelmChartContainer - [hivemq-test-hivemq-platform] [hivemq-platform-operator] [25b3b7d0] 21:21:41.996 [ReconcilerExecutor-hivemq-controller-119] DEBUG c.h.p.o.h.HiveMQPlatformReconcilerErrorHandler - [updatelo] Pod 'test-hivemq-platform-1' condition 'Initialized': True
2025-01-28 21:21:41,999 INFO c.h.h.t.HelmChartContainer - [hivemq-test-hivemq-platform] [hivemq-platform-operator] [25b3b7d0] 21:21:41.996 [ReconcilerExecutor-hivemq-controller-119] DEBUG c.h.p.o.h.HiveMQPlatformReconcilerErrorHandler - [updatelo] Pod 'test-hivemq-platform-1' condition 'Ready': False
2025-01-28 21:21:41,999 INFO c.h.h.t.HelmChartContainer - [hivemq-test-hivemq-platform] [hivemq-platform-operator] [25b3b7d0] 21:21:41.996 [ReconcilerExecutor-hivemq-controller-119] DEBUG c.h.p.o.h.HiveMQPlatformReconcilerErrorHandler - [updatelo] Pod 'test-hivemq-platform-1' condition 'ContainersReady': False
2025-01-28 21:21:41,999 INFO c.h.h.t.HelmChartContainer - [hivemq-test-hivemq-platform] [hivemq-platform-operator] [25b3b7d0] 21:21:41.996 [ReconcilerExecutor-hivemq-controller-119] DEBUG c.h.p.o.h.HiveMQPlatformReconcilerErrorHandler - [updatelo] Pod 'test-hivemq-platform-1' condition 'PodScheduled': True
2025-01-28 21:21:41,999 INFO c.h.h.t.HelmChartContainer - [hivemq-test-hivemq-platform] [hivemq-platform-operator] [25b3b7d0] 21:21:41.996 [ReconcilerExecutor-hivemq-controller-119] DEBUG c.h.p.o.h.HiveMQPlatformReconcilerErrorHandler - [updatelo] Pod 'test-hivemq-platform-1' containerStatus 'hivemq' (started: false) (ready: false) (waiting: [PodInitializing] null)
2025-01-28 21:21:41,999 INFO c.h.h.t.HelmChartContainer - [hivemq-test-hivemq-platform] [hivemq-platform-operator] [25b3b7d0] 21:21:41.998 [ReconcilerExecutor-hivemq-controller-119] DEBUG c.h.p.o.h.HiveMQPlatformReconcilerErrorHandler - [updatelo] Pod 'test-hivemq-platform-0' phase Running
2025-01-28 21:21:42,091 INFO c.h.h.t.HelmChartContainer - [hivemq-test-hivemq-platform] [hivemq-platform-operator] [25b3b7d0] 21:21:42.090 [ReconcilerExecutor-hivemq-controller-119] DEBUG c.h.p.o.h.HiveMQPlatformReconcilerSetLogLevelHandler - [updatelo] Setting log level on Pod 'test-hivemq-platform-1'
2025-01-28 21:21:42,091 INFO c.h.h.t.HelmChartContainer - [hivemq-test-hivemq-platform] [hivemq-platform-operator] [25b3b7d0] 21:21:42.090 [ForkJoinPool.commonPool-worker-1] DEBUG c.h.p.o.h.HiveMQPlatformReconcilerSetLogLevelHandler - [updatelo] Setting log level on Pod 'test-hivemq-platform-0'
2025-01-28 21:21:42,098 INFO c.h.h.t.HelmChartContainer - [hivemq-test-hivemq-platform] [hivemq-platform-operator] [25b3b7d0] 21:21:42.097 [ReconcilerExecutor-hivemq-controller-119] DEBUG c.h.platform.operator.util.PodUtil - Pod 'test-hivemq-platform-1' is not running
2025-01-28 21:21:42,100 INFO c.h.h.t.HelmChartContainer - [hivemq-test-hivemq-platform] [hivemq-platform-operator] [25b3b7d0] 21:21:42.098 [ReconcilerExecutor-hivemq-controller-119] ERROR i.j.o.p.event.EventProcessor - Error during event processing ExecutionScope{ resource id: ResourceID{name='test-hivemq-platform', namespace='updateloglevelit'}, version: 1164}
2025-01-28 21:21:42,100 INFO c.h.h.t.HelmChartContainer - [hivemq-test-hivemq-platform] [hivemq-platform-operator] [25b3b7d0] io.javaoperatorsdk.operator.OperatorException: java.lang.IllegalStateException: Pod 'test-hivemq-platform-1' in namespace 'updateloglevelit' is not running, cannot execute command '[curl, -s, http://10.42.0.12:7979/setLogLevel?level=WARN]'
2025-01-28 21:21:42,100 INFO c.h.h.t.HelmChartContainer - [hivemq-test-hivemq-platform] [hivemq-platform-operator] [25b3b7d0] 	at io.javaoperatorsdk.operator.monitoring.micrometer.MicrometerMetrics.lambda$timeControllerExecution$0(MicrometerMetrics.java:165)
2025-01-28 21:21:42,100 INFO c.h.h.t.HelmChartContainer - [hivemq-test-hivemq-platform] [hivemq-platform-operator] [25b3b7d0] 	at io.micrometer.core.instrument.AbstractTimer.record(AbstractTimer.java:190)
2025-01-28 21:21:42,100 INFO c.h.h.t.HelmChartContainer - [hivemq-test-hivemq-platform] [hivemq-platform-operator] [25b3b7d0] 	at io.javaoperatorsdk.operator.monitoring.micrometer.MicrometerMetrics.timeControllerExecution(MicrometerMetrics.java:161)
2025-01-28 21:21:42,100 INFO c.h.h.t.HelmChartContainer - [hivemq-test-hivemq-platform] [hivemq-platform-operator] [25b3b7d0] 	at io.javaoperatorsdk.operator.processing.Controller.reconcile(Controller.java:109)
2025-01-28 21:21:42,100 INFO c.h.h.t.HelmChartContainer - [hivemq-test-hivemq-platform] [hivemq-platform-operator] [25b3b7d0] 	at io.javaoperatorsdk.operator.processing.event.ReconciliationDispatcher.reconcileExecution(ReconciliationDispatcher.java:136)
2025-01-28 21:21:42,100 INFO c.h.h.t.HelmChartContainer - [hivemq-test-hivemq-platform] [hivemq-platform-operator] [25b3b7d0] 	at io.javaoperatorsdk.operator.processing.event.ReconciliationDispatcher.handleReconcile(ReconciliationDispatcher.java:117)
2025-01-28 21:21:42,100 INFO c.h.h.t.HelmChartContainer - [hivemq-test-hivemq-platform] [hivemq-platform-operator] [25b3b7d0] 	at io.javaoperatorsdk.operator.processing.event.ReconciliationDispatcher.handleDispatch(ReconciliationDispatcher.java:91)
2025-01-28 21:21:42,100 INFO c.h.h.t.HelmChartContainer - [hivemq-test-hivemq-platform] [hivemq-platform-operator] [25b3b7d0] 	at io.javaoperatorsdk.operator.processing.event.ReconciliationDispatcher.handleExecution(ReconciliationDispatcher.java:64)
2025-01-28 21:21:42,100 INFO c.h.h.t.HelmChartContainer - [hivemq-test-hivemq-platform] [hivemq-platform-operator] [25b3b7d0] 	at io.javaoperatorsdk.operator.processing.event.EventProcessor$ReconcilerExecutor.run(EventProcessor.java:452)
2025-01-28 21:21:42,100 INFO c.h.h.t.HelmChartContainer - [hivemq-test-hivemq-platform] [hivemq-platform-operator] [25b3b7d0] 	at java.base/java.util.concurrent.ThreadPoolExecutor.runWorker(Unknown Source)
2025-01-28 21:21:42,100 INFO c.h.h.t.HelmChartContainer - [hivemq-test-hivemq-platform] [hivemq-platform-operator] [25b3b7d0] 	at java.base/java.util.concurrent.ThreadPoolExecutor$Worker.run(Unknown Source)
2025-01-28 21:21:42,100 INFO c.h.h.t.HelmChartContainer - [hivemq-test-hivemq-platform] [hivemq-platform-operator] [25b3b7d0] 	at java.base/java.lang.Thread.run(Unknown Source)
2025-01-28 21:21:42,100 INFO c.h.h.t.HelmChartContainer - [hivemq-test-hivemq-platform] [hivemq-platform-operator] [25b3b7d0] Caused by: java.lang.IllegalStateException: Pod 'test-hivemq-platform-1' in namespace 'updateloglevelit' is not running, cannot execute command '[curl, -s, http://10.42.0.12:7979/setLogLevel?level=WARN]'
2025-01-28 21:21:42,100 INFO c.h.h.t.HelmChartContainer - [hivemq-test-hivemq-platform] [hivemq-platform-operator] [25b3b7d0] 	at com.hivemq.platform.operator.util.PodUtil.execute(PodUtil.java:74)
2025-01-28 21:21:42,100 INFO c.h.h.t.HelmChartContainer - [hivemq-test-hivemq-platform] [hivemq-platform-operator] [25b3b7d0] 	at com.hivemq.platform.operator.util.RestApiUtil.lambda$callRestApi$1(RestApiUtil.java:44)
2025-01-28 21:21:42,100 INFO c.h.h.t.HelmChartContainer - [hivemq-test-hivemq-platform] [hivemq-platform-operator] [25b3b7d0] 	at java.base/java.util.stream.ForEachOps$ForEachOp$OfRef.accept(Unknown Source)
2025-01-28 21:21:42,100 INFO c.h.h.t.HelmChartContainer - [hivemq-test-hivemq-platform] [hivemq-platform-operator] [25b3b7d0] 	at java.base/java.util.stream.ReferencePipeline$2$1.accept(Unknown Source)
2025-01-28 21:21:42,100 INFO c.h.h.t.HelmChartContainer - [hivemq-test-hivemq-platform] [hivemq-platform-operator] [25b3b7d0] 	at java.base/java.util.ArrayList$ArrayListSpliterator.forEachRemaining(Unknown Source)
2025-01-28 21:21:42,100 INFO c.h.h.t.HelmChartContainer - [hivemq-test-hivemq-platform] [hivemq-platform-operator] [25b3b7d0] 	at java.base/java.util.stream.AbstractPipeline.copyInto(Unknown Source)
2025-01-28 21:21:42,100 INFO c.h.h.t.HelmChartContainer - [hivemq-test-hivemq-platform] [hivemq-platform-operator] [25b3b7d0] 	at java.base/java.util.stream.ForEachOps$ForEachTask.compute(Unknown Source)
2025-01-28 21:21:42,100 INFO c.h.h.t.HelmChartContainer - [hivemq-test-hivemq-platform] [hivemq-platform-operator] [25b3b7d0] 	at java.base/java.util.concurrent.CountedCompleter.exec(Unknown Source)
2025-01-28 21:21:42,100 INFO c.h.h.t.HelmChartContainer - [hivemq-test-hivemq-platform] [hivemq-platform-operator] [25b3b7d0] 	at java.base/java.util.concurrent.ForkJoinTask.doExec(Unknown Source)
2025-01-28 21:21:42,100 INFO c.h.h.t.HelmChartContainer - [hivemq-test-hivemq-platform] [hivemq-platform-operator] [25b3b7d0] 	at java.base/java.util.concurrent.ForkJoinTask.invoke(Unknown Source)
2025-01-28 21:21:42,100 INFO c.h.h.t.HelmChartContainer - [hivemq-test-hivemq-platform] [hivemq-platform-operator] [25b3b7d0] 	at java.base/java.util.stream.ForEachOps$ForEachOp.evaluateParallel(Unknown Source)
2025-01-28 21:21:42,100 INFO c.h.h.t.HelmChartContainer - [hivemq-test-hivemq-platform] [hivemq-platform-operator] [25b3b7d0] 	at java.base/java.util.stream.ForEachOps$ForEachOp$OfRef.evaluateParallel(Unknown Source)
2025-01-28 21:21:42,100 INFO c.h.h.t.HelmChartContainer - [hivemq-test-hivemq-platform] [hivemq-platform-operator] [25b3b7d0] 	at java.base/java.util.stream.AbstractPipeline.evaluate(Unknown Source)
2025-01-28 21:21:42,100 INFO c.h.h.t.HelmChartContainer - [hivemq-test-hivemq-platform] [hivemq-platform-operator] [25b3b7d0] 	at java.base/java.util.stream.ReferencePipeline.forEach(Unknown Source)
2025-01-28 21:21:42,100 INFO c.h.h.t.HelmChartContainer - [hivemq-test-hivemq-platform] [hivemq-platform-operator] [25b3b7d0] 	at com.hivemq.platform.operator.util.RestApiUtil.callRestApi(RestApiUtil.java:40)
2025-01-28 21:21:42,100 INFO c.h.h.t.HelmChartContainer - [hivemq-test-hivemq-platform] [hivemq-platform-operator] [25b3b7d0] 	at com.hivemq.platform.operator.http.RestApiService.callRestApi(RestApiService.java:63)
2025-01-28 21:21:42,100 INFO c.h.h.t.HelmChartContainer - [hivemq-test-hivemq-platform] [hivemq-platform-operator] [25b3b7d0] 	at com.hivemq.platform.operator.handler.HiveMQPlatformReconcilerSetLogLevelHandler.handleSetLogLevel(HiveMQPlatformReconcilerSetLogLevelHandler.java:49)
2025-01-28 21:21:42,100 INFO c.h.h.t.HelmChartContainer - [hivemq-test-hivemq-platform] [hivemq-platform-operator] [25b3b7d0] 	at com.hivemq.platform.operator.HiveMQPlatformReconciler.reconcile(HiveMQPlatformReconciler.java:243)
2025-01-28 21:21:42,100 INFO c.h.h.t.HelmChartContainer - [hivemq-test-hivemq-platform] [hivemq-platform-operator] [25b3b7d0] 	at com.hivemq.platform.operator.HiveMQPlatformReconciler.reconcile(HiveMQPlatformReconciler.java:227)
2025-01-28 21:21:42,100 INFO c.h.h.t.HelmChartContainer - [hivemq-test-hivemq-platform] [hivemq-platform-operator] [25b3b7d0] 	at com.hivemq.platform.operator.HiveMQPlatformReconciler.reconcile(HiveMQPlatformReconciler.java:71)
2025-01-28 21:21:42,100 INFO c.h.h.t.HelmChartContainer - [hivemq-test-hivemq-platform] [hivemq-platform-operator] [25b3b7d0] 	at io.javaoperatorsdk.operator.processing.Controller$1.execute(Controller.java:149)
2025-01-28 21:21:42,100 INFO c.h.h.t.HelmChartContainer - [hivemq-test-hivemq-platform] [hivemq-platform-operator] [25b3b7d0] 	at io.javaoperatorsdk.operator.processing.Controller$1.execute(Controller.java:110)
2025-01-28 21:21:42,100 INFO c.h.h.t.HelmChartContainer - [hivemq-test-hivemq-platform] [hivemq-platform-operator] [25b3b7d0] 	at io.javaoperatorsdk.operator.monitoring.micrometer.MicrometerMetrics.lambda$timeControllerExecution$0(MicrometerMetrics.java:163)
2025-01-28 21:21:42,100 INFO c.h.h.t.HelmChartContainer - [hivemq-test-hivemq-platform] [hivemq-platform-operator] [25b3b7d0] 	... 11 common frames omitted
2025-01-28 21:21:42,305 INFO c.h.h.t.HelmChartContainer - [test-hivemq-platform] [hivemq] [a77cc40e] INFO  - [HiveMQ Platform Operator Init App 1.7.0-SNAPSHOT] Set log level from WARN to WARN in logback.xml file
2025-01-28 21:21:42,309 INFO c.h.h.t.HelmChartContainer - [hivemq-test-hivemq-platform] [hivemq-platform-operator] [25b3b7d0] 21:21:42.308 [vert.x-eventloop-thread-0] DEBUG c.h.platform.operator.util.PodUtil - Received status for command '[curl, -s, http://10.42.0.11:7979/setLogLevel?level=WARN]' on Pod 'test-hivemq-platform-0' (exit code: 0)
2025-01-28 21:21:42,890 INFO c.h.h.t.HelmChartContainer - [POD] test-hivemq-platform-1 [890e4c2f-3d50-4ded-b9ee-daa9b5a32a8e] in updateloglevelit was MODIFIED
2025-01-28 21:21:42,898 INFO c.h.h.t.HelmChartContainer - [hivemq-test-hivemq-platform] [hivemq-platform-operator] [25b3b7d0] 21:21:42.896 [pool-6-thread-41] DEBUG c.h.p.o.d.PlatformServiceResource - [updatelo] Desired Platform services (3 services)
2025-01-28 21:21:42,899 INFO c.h.h.t.HelmChartContainer - [EVENT] Normal [Started] Started container hivemq [updateloglevelit:test-hivemq-platform-1]
2025-01-28 21:21:42,899 INFO c.h.h.t.HelmChartContainer - Received Started event for container hivemq in pod test-hivemq-platform-1 [890e4c2f-3d50-4ded-b9ee-daa9b5a32a8e]
2025-01-28 21:21:42,900 INFO c.h.h.t.HelmChartContainer - Started log watcher for hivemq in pod test-hivemq-platform-1 [890e4c2f-3d50-4ded-b9ee-daa9b5a32a8e]
2025-01-28 21:21:42,900 INFO c.h.h.t.HelmChartContainer - [test-hivemq-platform] [hivemq] [890e4c2f] Adding pre-installed HiveMQ Platform Operator extensions
2025-01-28 21:21:42,900 INFO c.h.h.t.HelmChartContainer - [test-hivemq-platform] [hivemq] [890e4c2f] Running as user 10000
2025-01-28 21:21:42,900 INFO c.h.h.t.HelmChartContainer - [test-hivemq-platform] [hivemq] [890e4c2f] Starting HiveMQ Platform Operator Init
2025-01-28 21:21:42,902 INFO c.h.h.t.HelmChartContainer - [hivemq-test-hivemq-platform] [hivemq-platform-operator] [25b3b7d0] 21:21:42.897 [pool-6-thread-49] DEBUG c.h.p.o.dependants.PodInfoConfigMap - [updatelo] Desired PodInfo ConfigMap (1 extensions) (1 enabled)
2025-01-28 21:21:42,903 INFO c.h.h.t.HelmChartContainer - [hivemq-test-hivemq-platform] [hivemq-platform-operator] [25b3b7d0] 21:21:42.900 [pool-6-thread-49] DEBUG c.h.p.o.dependants.PodInfoConfigMap - [updatelo] Desired PodInfo ConfigMap (metrics port: 9399) (metrics path: /)
2025-01-28 21:21:42,903 INFO c.h.h.t.HelmChartContainer - [hivemq-test-hivemq-platform] [hivemq-platform-operator] [25b3b7d0] 21:21:42.901 [pool-6-thread-49] DEBUG c.h.p.o.dependants.PodInfoConfigMap - [updatelo] Desired PodInfo ConfigMap (extension state hash: -1817474005)
2025-01-28 21:21:42,903 INFO c.h.h.t.HelmChartContainer - [hivemq-test-hivemq-platform] [hivemq-platform-operator] [25b3b7d0] 21:21:42.901 [pool-6-thread-46] DEBUG c.h.p.o.d.PodServiceAccountResource - [updatelo] Desired PodServiceAccountResource (serviceAccountName: hivemq-platform-pod-test-hivemq-platform)
2025-01-28 21:21:42,912 INFO c.h.h.t.HelmChartContainer - [hivemq-test-hivemq-platform] [hivemq-platform-operator] [25b3b7d0] 21:21:42.910 [pool-6-thread-41] DEBUG c.h.p.o.d.StatefulSetResource - [updatelo] Desired StatefulSet (2 replicas) for status SET_LOG_LEVEL (SET_LOG_LEVEL)
2025-01-28 21:21:42,993 INFO c.h.h.t.HelmChartContainer - [hivemq-test-hivemq-platform] [hivemq-platform-operator] [25b3b7d0] 21:21:42.991 [ReconcilerExecutor-hivemq-controller-120] INFO  c.h.p.o.HiveMQPlatformReconciler - [updatelo] Reconciling HiveMQ Platform 'test-hivemq-platform' in namespace 'updateloglevelit'
2025-01-28 21:21:42,993 INFO c.h.h.t.HelmChartContainer - [hivemq-test-hivemq-platform] [hivemq-platform-operator] [25b3b7d0] 21:21:42.991 [ReconcilerExecutor-hivemq-controller-120] DEBUG c.h.p.o.HiveMQPlatformReconciler - [updatelo] Custom Resource Status SET_LOG_LEVEL - HiveMQ Platform is updating the log level to WARN (SET_LOG_LEVEL) (reconciliation requests: SCALING)
2025-01-28 21:21:42,993 INFO c.h.h.t.HelmChartContainer - [hivemq-test-hivemq-platform] [hivemq-platform-operator] [25b3b7d0] 21:21:42.991 [ReconcilerExecutor-hivemq-controller-120] DEBUG c.h.p.o.HiveMQPlatformReconciler - [updatelo] Custom Resource Spec (replicas: 2) (extensions: 1)
2025-01-28 21:21:42,995 INFO c.h.h.t.HelmChartContainer - [hivemq-test-hivemq-platform] [hivemq-platform-operator] [25b3b7d0] 21:21:42.993 [ReconcilerExecutor-hivemq-controller-120] DEBUG c.h.p.o.HiveMQPlatformReconciler - [updatelo] StatefulSet Status (revision: test-hivemq-platform-b697f795f, replicas: 2, available: 1, ready: 1, current: 2, updated: 2)
2025-01-28 21:21:42,995 INFO c.h.h.t.HelmChartContainer - [hivemq-test-hivemq-platform] [hivemq-platform-operator] [25b3b7d0] 21:21:42.994 [ReconcilerExecutor-hivemq-controller-120] DEBUG c.h.p.o.HiveMQPlatformReconciler - [updatelo] StatefulSet Spec (replicas: 2, init containers: 1, containers: 1, volumes: 3)
2025-01-28 21:21:42,996 INFO c.h.h.t.HelmChartContainer - [hivemq-test-hivemq-platform] [hivemq-platform-operator] [25b3b7d0] 21:21:42.995 [ReconcilerExecutor-hivemq-controller-120] DEBUG c.h.p.o.h.HiveMQPlatformReconcilerErrorHandler - [updatelo] Pod 'test-hivemq-platform-1' phase Running
2025-01-28 21:21:42,997 INFO c.h.h.t.HelmChartContainer - [hivemq-test-hivemq-platform] [hivemq-platform-operator] [25b3b7d0] 21:21:42.996 [ReconcilerExecutor-hivemq-controller-120] DEBUG c.h.p.o.h.HiveMQPlatformReconcilerErrorHandler - [updatelo] Pod 'test-hivemq-platform-0' phase Running
2025-01-28 21:21:43,006 INFO c.h.h.t.HelmChartContainer - [hivemq-test-hivemq-platform] [hivemq-platform-operator] [25b3b7d0] 21:21:43.004 [ForkJoinPool.commonPool-worker-1] DEBUG c.h.p.o.h.HiveMQPlatformReconcilerSetLogLevelHandler - [updatelo] Setting log level on Pod 'test-hivemq-platform-0'
2025-01-28 21:21:43,007 INFO c.h.h.t.HelmChartContainer - [hivemq-test-hivemq-platform] [hivemq-platform-operator] [25b3b7d0] 21:21:43.004 [ReconcilerExecutor-hivemq-controller-120] DEBUG c.h.p.o.h.HiveMQPlatformReconcilerSetLogLevelHandler - [updatelo] Setting log level on Pod 'test-hivemq-platform-1'
2025-01-28 21:21:43,159 INFO c.h.h.t.HelmChartContainer - [test-hivemq-platform] [hivemq] [890e4c2f] INFO  - [HiveMQ Platform Operator Init 1.7.0-SNAPSHOT] HiveMQ Platform Operator Init 1.7.0-SNAPSHOT (commit: bebf408 on branch: HEAD) built on Sun Jan 26 20:47:47 UTC 2025
2025-01-28 21:21:43,262 INFO c.h.h.t.HelmChartContainer - [test-hivemq-platform] [hivemq] [a77cc40e] INFO  - [HiveMQ Platform Operator Init App 1.7.0-SNAPSHOT] Set log level from WARN to WARN in logback.xml file
2025-01-28 21:21:43,292 INFO c.h.h.t.HelmChartContainer - [hivemq-test-hivemq-platform] [hivemq-platform-operator] [25b3b7d0] 21:21:43.290 [vert.x-eventloop-thread-0] DEBUG c.h.platform.operator.util.PodUtil - Received status for command '[curl, -s, http://10.42.0.12:7979/setLogLevel?level=WARN]' on Pod 'test-hivemq-platform-1' (exit code: 7)
2025-01-28 21:21:43,312 INFO c.h.h.t.HelmChartContainer - [hivemq-test-hivemq-platform] [hivemq-platform-operator] [25b3b7d0] 21:21:43.308 [vert.x-eventloop-thread-0] DEBUG c.h.platform.operator.util.PodUtil - Received status for command '[curl, -s, http://10.42.0.11:7979/setLogLevel?level=WARN]' on Pod 'test-hivemq-platform-0' (exit code: 0)
2025-01-28 21:21:44,295 INFO c.h.h.t.HelmChartContainer - [hivemq-test-hivemq-platform] [hivemq-platform-operator] [25b3b7d0] 21:21:44.291 [pool-6-thread-8] DEBUG c.h.p.o.d.PlatformServiceResource - [updatelo] Desired Platform services (3 services)
2025-01-28 21:21:44,295 INFO c.h.h.t.HelmChartContainer - [hivemq-test-hivemq-platform] [hivemq-platform-operator] [25b3b7d0] 21:21:44.292 [pool-6-thread-9] DEBUG c.h.p.o.dependants.PodInfoConfigMap - [updatelo] Desired PodInfo ConfigMap (1 extensions) (1 enabled)
2025-01-28 21:21:44,295 INFO c.h.h.t.HelmChartContainer - [hivemq-test-hivemq-platform] [hivemq-platform-operator] [25b3b7d0] 21:21:44.293 [pool-6-thread-9] DEBUG c.h.p.o.dependants.PodInfoConfigMap - [updatelo] Desired PodInfo ConfigMap (metrics port: 9399) (metrics path: /)
2025-01-28 21:21:44,295 INFO c.h.h.t.HelmChartContainer - [hivemq-test-hivemq-platform] [hivemq-platform-operator] [25b3b7d0] 21:21:44.293 [pool-6-thread-9] DEBUG c.h.p.o.dependants.PodInfoConfigMap - [updatelo] Desired PodInfo ConfigMap (extension state hash: -1817474005)
2025-01-28 21:21:44,297 INFO c.h.h.t.HelmChartContainer - [hivemq-test-hivemq-platform] [hivemq-platform-operator] [25b3b7d0] 21:21:44.293 [pool-6-thread-5] DEBUG c.h.p.o.d.PodServiceAccountResource - [updatelo] Desired PodServiceAccountResource (serviceAccountName: hivemq-platform-pod-test-hivemq-platform)
2025-01-28 21:21:44,300 INFO c.h.h.t.HelmChartContainer - [hivemq-test-hivemq-platform] [hivemq-platform-operator] [25b3b7d0] 21:21:44.299 [pool-6-thread-8] DEBUG c.h.p.o.d.StatefulSetResource - [updatelo] Desired StatefulSet (2 replicas) for status SET_LOG_LEVEL (SET_LOG_LEVEL)
2025-01-28 21:21:44,408 INFO c.h.h.t.HelmChartContainer - [hivemq-test-hivemq-platform] [hivemq-platform-operator] [25b3b7d0] 21:21:44.407 [ReconcilerExecutor-hivemq-controller-121] INFO  c.h.p.o.HiveMQPlatformReconciler - [updatelo] Reconciling HiveMQ Platform 'test-hivemq-platform' in namespace 'updateloglevelit'
2025-01-28 21:21:44,408 INFO c.h.h.t.HelmChartContainer - [hivemq-test-hivemq-platform] [hivemq-platform-operator] [25b3b7d0] 21:21:44.407 [ReconcilerExecutor-hivemq-controller-121] DEBUG c.h.p.o.HiveMQPlatformReconciler - [updatelo] Custom Resource Status SET_LOG_LEVEL - HiveMQ Platform is updating the log level to WARN (SET_LOG_LEVEL) (reconciliation requests: SCALING)
2025-01-28 21:21:44,409 INFO c.h.h.t.HelmChartContainer - [hivemq-test-hivemq-platform] [hivemq-platform-operator] [25b3b7d0] 21:21:44.407 [ReconcilerExecutor-hivemq-controller-121] DEBUG c.h.p.o.HiveMQPlatformReconciler - [updatelo] Custom Resource Spec (replicas: 2) (extensions: 1)
2025-01-28 21:21:44,410 INFO c.h.h.t.HelmChartContainer - [hivemq-test-hivemq-platform] [hivemq-platform-operator] [25b3b7d0] 21:21:44.409 [ReconcilerExecutor-hivemq-controller-121] DEBUG c.h.p.o.HiveMQPlatformReconciler - [updatelo] StatefulSet Status (revision: test-hivemq-platform-b697f795f, replicas: 2, available: 1, ready: 1, current: 2, updated: 2)
2025-01-28 21:21:44,410 INFO c.h.h.t.HelmChartContainer - [hivemq-test-hivemq-platform] [hivemq-platform-operator] [25b3b7d0] 21:21:44.409 [ReconcilerExecutor-hivemq-controller-121] DEBUG c.h.p.o.HiveMQPlatformReconciler - [updatelo] StatefulSet Spec (replicas: 2, init containers: 1, containers: 1, volumes: 3)
2025-01-28 21:21:44,413 INFO c.h.h.t.HelmChartContainer - [hivemq-test-hivemq-platform] [hivemq-platform-operator] [25b3b7d0] 21:21:44.412 [ReconcilerExecutor-hivemq-controller-121] DEBUG c.h.p.o.h.HiveMQPlatformReconcilerErrorHandler - [updatelo] Pod 'test-hivemq-platform-1' phase Running
2025-01-28 21:21:44,414 INFO c.h.h.t.HelmChartContainer - [hivemq-test-hivemq-platform] [hivemq-platform-operator] [25b3b7d0] 21:21:44.414 [ReconcilerExecutor-hivemq-controller-121] DEBUG c.h.p.o.h.HiveMQPlatformReconcilerErrorHandler - [updatelo] Pod 'test-hivemq-platform-0' phase Running
2025-01-28 21:21:44,455 INFO c.h.h.t.HelmChartContainer - [test-hivemq-platform] [hivemq] [890e4c2f] INFO  - [HiveMQ Platform Operator Init App 1.7.0-SNAPSHOT] Using bind address 10.42.0.12 from environment variable
2025-01-28 21:21:44,491 INFO c.h.h.t.HelmChartContainer - [hivemq-test-hivemq-platform] [hivemq-platform-operator] [25b3b7d0] 21:21:44.490 [ReconcilerExecutor-hivemq-controller-121] WARN  c.h.p.operator.util.RestApiUtil - [updatelo] Set log level command on Pod 'test-hivemq-platform-1' returned an empty response
2025-01-28 21:21:45,453 INFO c.h.h.t.HelmChartContainer - [test-hivemq-platform] [hivemq] [890e4c2f] INFO  - [HiveMQ Platform Operator Init App 1.7.0-SNAPSHOT] HiveMQ Platform Operator Init App 1.7.0-SNAPSHOT (commit: bebf408 on branch: HEAD) built on Sun Jan 26 20:47:47 UTC 2025
2025-01-28 21:21:45,453 INFO c.h.h.t.HelmChartContainer - [test-hivemq-platform] [hivemq] [890e4c2f] INFO  - [HiveMQ Platform Operator Init App 1.7.0-SNAPSHOT] PodInfo ConfigMap directory: /etc/podinfo
2025-01-28 21:21:45,453 INFO c.h.h.t.HelmChartContainer - [test-hivemq-platform] [hivemq] [890e4c2f] INFO  - [HiveMQ Platform Operator Init App 1.7.0-SNAPSHOT] HiveMQ home directory: /opt/hivemq
2025-01-28 21:21:45,454 INFO c.h.h.t.HelmChartContainer - [test-hivemq-platform] [hivemq] [890e4c2f] INFO  - [HiveMQ Platform Operator Init App 1.7.0-SNAPSHOT] HiveMQ Logback folder: /opt/hivemq/conf
2025-01-28 21:21:45,455 INFO c.h.h.t.HelmChartContainer - [test-hivemq-platform] [hivemq] [890e4c2f] INFO  - [HiveMQ Platform Operator Init App 1.7.0-SNAPSHOT] HiveMQ Config folder: /opt/hivemq/conf-k8s
2025-01-28 21:21:45,455 INFO c.h.h.t.HelmChartContainer - [test-hivemq-platform] [hivemq] [890e4c2f] INFO  - [HiveMQ Platform Operator Init App 1.7.0-SNAPSHOT] Starting HiveMQ Platform Operator Init App
2025-01-28 21:21:45,455 INFO c.h.h.t.HelmChartContainer - [test-hivemq-platform] [hivemq] [890e4c2f] INFO  - [HiveMQ Platform Operator Init App 1.7.0-SNAPSHOT] Starting Pod reconciler
2025-01-28 21:21:46,762 INFO c.h.h.t.HelmChartContainer - [test-hivemq-platform] [hivemq] [890e4c2f] INFO  - [HiveMQ Platform Operator Init App 1.7.0-SNAPSHOT] Pod reconciler is scheduled (interval: 5000 ms)
2025-01-28 21:21:46,763 INFO c.h.h.t.HelmChartContainer - [test-hivemq-platform] [hivemq] [890e4c2f] INFO  - [HiveMQ Platform Operator Init App 1.7.0-SNAPSHOT] Starting the REST API on 10.42.0.12:7979
2025-01-28 21:21:46,765 INFO c.h.h.t.HelmChartContainer - [test-hivemq-platform] [hivemq] [890e4c2f] INFO  - [HiveMQ Platform Operator Init App 1.7.0-SNAPSHOT] Waiting up to 600s for at most 2 HiveMQ nodes in cluster service hivemq-test-hivemq-platform-cluster.updateloglevelit.svc
2025-01-28 21:21:47,159 INFO c.h.h.t.HelmChartContainer - [test-hivemq-platform] [hivemq] [890e4c2f] INFO  - [HiveMQ Platform Operator Init App 1.7.0-SNAPSHOT] Resolved 2 IP addresses: [10.42.0.12, 10.42.0.11]
2025-01-28 21:21:47,159 INFO c.h.h.t.HelmChartContainer - [test-hivemq-platform] [hivemq] [890e4c2f] INFO  - [HiveMQ Platform Operator Init App 1.7.0-SNAPSHOT] HiveMQ node count of 2 is within threshold of 2
2025-01-28 21:21:47,159 INFO c.h.h.t.HelmChartContainer - [test-hivemq-platform] [hivemq] [890e4c2f] INFO  - [HiveMQ Platform Operator Init App 1.7.0-SNAPSHOT] Waiting 15s for previous shutdown replication to finish...
2025-01-28 21:21:48,888 INFO c.h.h.t.HelmChartContainer - [test-hivemq-platform] [hivemq] [890e4c2f] INFO  - [HiveMQ Platform Operator Init App 1.7.0-SNAPSHOT] Returning default Health API response 503 for readiness
2025-01-28 21:21:48,962 INFO c.h.h.t.HelmChartContainer - [EVENT] Warning [Unhealthy] Readiness probe failed: HTTP probe failed with statuscode: 503 [updateloglevelit:test-hivemq-platform-1]
2025-01-28 21:21:48,963 INFO c.h.h.t.HelmChartContainer - Received Unhealthy event for container hivemq in pod test-hivemq-platform-1 [890e4c2f-3d50-4ded-b9ee-daa9b5a32a8e]
2025-01-28 21:21:49,071 INFO c.h.h.t.HelmChartContainer - [test-hivemq-platform] [hivemq] [a77cc40e] INFO  - [HiveMQ Platform Operator Init App 1.7.0-SNAPSHOT] Returning Health API response 200 for liveness
2025-01-28 21:21:53,950 INFO c.h.h.t.HelmChartContainer - [EVENT] Warning [Unhealthy] Readiness probe failed: HTTP probe failed with statuscode: 503 [updateloglevelit:test-hivemq-platform-1]
2025-01-28 21:21:53,950 INFO c.h.h.t.HelmChartContainer - Received Unhealthy event for container hivemq in pod test-hivemq-platform-1 [890e4c2f-3d50-4ded-b9ee-daa9b5a32a8e]
2025-01-28 21:21:54,266 INFO c.h.h.t.HelmChartContainer - [test-hivemq-platform] [hivemq] [890e4c2f] INFO  - [HiveMQ Platform Operator Init App 1.7.0-SNAPSHOT] Updating Pod HiveMQ Platform Operator Init App version annotation (version: 1.7.0-SNAPSHOT)
2025-01-28 21:21:54,497 INFO c.h.h.t.HelmChartContainer - [hivemq-test-hivemq-platform] [hivemq-platform-operator] [25b3b7d0] 21:21:54.494 [pool-6-thread-19] DEBUG c.h.p.o.d.PlatformServiceResource - [updatelo] Desired Platform services (3 services)
2025-01-28 21:21:54,497 INFO c.h.h.t.HelmChartContainer - [hivemq-test-hivemq-platform] [hivemq-platform-operator] [25b3b7d0] 21:21:54.494 [pool-6-thread-16] DEBUG c.h.p.o.d.PodServiceAccountResource - [updatelo] Desired PodServiceAccountResource (serviceAccountName: hivemq-platform-pod-test-hivemq-platform)
2025-01-28 21:21:54,497 INFO c.h.h.t.HelmChartContainer - [hivemq-test-hivemq-platform] [hivemq-platform-operator] [25b3b7d0] 21:21:54.495 [pool-6-thread-17] DEBUG c.h.p.o.dependants.PodInfoConfigMap - [updatelo] Desired PodInfo ConfigMap (1 extensions) (1 enabled)
2025-01-28 21:21:54,497 INFO c.h.h.t.HelmChartContainer - [hivemq-test-hivemq-platform] [hivemq-platform-operator] [25b3b7d0] 21:21:54.495 [pool-6-thread-17] DEBUG c.h.p.o.dependants.PodInfoConfigMap - [updatelo] Desired PodInfo ConfigMap (metrics port: 9399) (metrics path: /)
2025-01-28 21:21:54,497 INFO c.h.h.t.HelmChartContainer - [hivemq-test-hivemq-platform] [hivemq-platform-operator] [25b3b7d0] 21:21:54.495 [pool-6-thread-17] DEBUG c.h.p.o.dependants.PodInfoConfigMap - [updatelo] Desired PodInfo ConfigMap (extension state hash: -1817474005)
2025-01-28 21:21:54,504 INFO c.h.h.t.HelmChartContainer - [hivemq-test-hivemq-platform] [hivemq-platform-operator] [25b3b7d0] 21:21:54.502 [pool-6-thread-19] DEBUG c.h.p.o.d.StatefulSetResource - [updatelo] Desired StatefulSet (2 replicas) for status SET_LOG_LEVEL (SET_LOG_LEVEL)
2025-01-28 21:21:54,509 INFO c.h.h.t.HelmChartContainer - [hivemq-test-hivemq-platform] [hivemq-platform-operator] [25b3b7d0] 21:21:54.507 [ReconcilerExecutor-hivemq-controller-122] INFO  c.h.p.o.HiveMQPlatformReconciler - [updatelo] Reconciling HiveMQ Platform 'test-hivemq-platform' in namespace 'updateloglevelit'
2025-01-28 21:21:54,509 INFO c.h.h.t.HelmChartContainer - [hivemq-test-hivemq-platform] [hivemq-platform-operator] [25b3b7d0] 21:21:54.507 [ReconcilerExecutor-hivemq-controller-122] DEBUG c.h.p.o.HiveMQPlatformReconciler - [updatelo] Custom Resource Status SET_LOG_LEVEL - HiveMQ Platform is updating the log level to WARN (SET_LOG_LEVEL) (reconciliation requests: SCALING)
2025-01-28 21:21:54,509 INFO c.h.h.t.HelmChartContainer - [hivemq-test-hivemq-platform] [hivemq-platform-operator] [25b3b7d0] 21:21:54.507 [ReconcilerExecutor-hivemq-controller-122] DEBUG c.h.p.o.HiveMQPlatformReconciler - [updatelo] Custom Resource Spec (replicas: 2) (extensions: 1)
2025-01-28 21:21:54,590 INFO c.h.h.t.HelmChartContainer - [hivemq-test-hivemq-platform] [hivemq-platform-operator] [25b3b7d0] 21:21:54.589 [ReconcilerExecutor-hivemq-controller-122] DEBUG c.h.p.o.HiveMQPlatformReconciler - [updatelo] StatefulSet Status (revision: test-hivemq-platform-b697f795f, replicas: 2, available: 1, ready: 1, current: 2, updated: 2)
2025-01-28 21:21:54,590 INFO c.h.h.t.HelmChartContainer - [hivemq-test-hivemq-platform] [hivemq-platform-operator] [25b3b7d0] 21:21:54.589 [ReconcilerExecutor-hivemq-controller-122] DEBUG c.h.p.o.HiveMQPlatformReconciler - [updatelo] StatefulSet Spec (replicas: 2, init containers: 1, containers: 1, volumes: 3)
2025-01-28 21:21:54,591 INFO c.h.h.t.HelmChartContainer - [hivemq-test-hivemq-platform] [hivemq-platform-operator] [25b3b7d0] 21:21:54.591 [ReconcilerExecutor-hivemq-controller-122] DEBUG c.h.p.o.h.HiveMQPlatformReconcilerErrorHandler - [updatelo] Pod 'test-hivemq-platform-1' phase Running
2025-01-28 21:21:54,593 INFO c.h.h.t.HelmChartContainer - [hivemq-test-hivemq-platform] [hivemq-platform-operator] [25b3b7d0] 21:21:54.592 [ReconcilerExecutor-hivemq-controller-122] DEBUG c.h.p.o.h.HiveMQPlatformReconcilerErrorHandler - [updatelo] Pod 'test-hivemq-platform-0' phase Running
2025-01-28 21:21:54,602 INFO c.h.h.t.HelmChartContainer - [hivemq-test-hivemq-platform] [hivemq-platform-operator] [25b3b7d0] 21:21:54.599 [ForkJoinPool.commonPool-worker-1] DEBUG c.h.p.o.h.HiveMQPlatformReconcilerSetLogLevelHandler - [updatelo] Setting log level on Pod 'test-hivemq-platform-0'
2025-01-28 21:21:54,602 INFO c.h.h.t.HelmChartContainer - [hivemq-test-hivemq-platform] [hivemq-platform-operator] [25b3b7d0] 21:21:54.599 [ReconcilerExecutor-hivemq-controller-122] DEBUG c.h.p.o.h.HiveMQPlatformReconcilerSetLogLevelHandler - [updatelo] Setting log level on Pod 'test-hivemq-platform-1'
2025-01-28 21:21:54,667 INFO c.h.h.t.HelmChartContainer - [POD] test-hivemq-platform-1 [890e4c2f-3d50-4ded-b9ee-daa9b5a32a8e] in updateloglevelit was MODIFIED
2025-01-28 21:21:54,750 INFO c.h.h.t.HelmChartContainer - [test-hivemq-platform] [hivemq] [a77cc40e] INFO  - [HiveMQ Platform Operator Init App 1.7.0-SNAPSHOT] Set log level from WARN to WARN in logback.xml file
2025-01-28 21:21:54,756 INFO c.h.h.t.HelmChartContainer - [EVENT] Warning [Unhealthy] Readiness probe failed: HTTP probe failed with statuscode: 503 [updateloglevelit:test-hivemq-platform-1]
2025-01-28 21:21:54,756 INFO c.h.h.t.HelmChartContainer - Received Unhealthy event for container hivemq in pod test-hivemq-platform-1 [890e4c2f-3d50-4ded-b9ee-daa9b5a32a8e]
2025-01-28 21:21:54,757 INFO c.h.h.t.HelmChartContainer - [test-hivemq-platform] [hivemq] [890e4c2f] INFO  - [HiveMQ Platform Operator Init App 1.7.0-SNAPSHOT] Successfully updated Pod HiveMQ Platform Operator Init App version annotation (version: 1.7.0-SNAPSHOT)
2025-01-28 21:21:54,795 INFO c.h.h.t.HelmChartContainer - [hivemq-test-hivemq-platform] [hivemq-platform-operator] [25b3b7d0] 21:21:54.791 [pool-6-thread-24] DEBUG c.h.p.o.d.PlatformServiceResource - [updatelo] Desired Platform services (3 services)
2025-01-28 21:21:54,795 INFO c.h.h.t.HelmChartContainer - [hivemq-test-hivemq-platform] [hivemq-platform-operator] [25b3b7d0] 21:21:54.792 [pool-6-thread-22] DEBUG c.h.p.o.dependants.PodInfoConfigMap - [updatelo] Desired PodInfo ConfigMap (1 extensions) (1 enabled)
2025-01-28 21:21:54,795 INFO c.h.h.t.HelmChartContainer - [hivemq-test-hivemq-platform] [hivemq-platform-operator] [25b3b7d0] 21:21:54.792 [pool-6-thread-22] DEBUG c.h.p.o.dependants.PodInfoConfigMap - [updatelo] Desired PodInfo ConfigMap (metrics port: 9399) (metrics path: /)
2025-01-28 21:21:54,795 INFO c.h.h.t.HelmChartContainer - [hivemq-test-hivemq-platform] [hivemq-platform-operator] [25b3b7d0] 21:21:54.792 [pool-6-thread-22] DEBUG c.h.p.o.dependants.PodInfoConfigMap - [updatelo] Desired PodInfo ConfigMap (extension state hash: -1817474005)
2025-01-28 21:21:54,795 INFO c.h.h.t.HelmChartContainer - [hivemq-test-hivemq-platform] [hivemq-platform-operator] [25b3b7d0] 21:21:54.793 [pool-6-thread-22] DEBUG c.h.p.o.d.PodServiceAccountResource - [updatelo] Desired PodServiceAccountResource (serviceAccountName: hivemq-platform-pod-test-hivemq-platform)
2025-01-28 21:21:54,799 INFO c.h.h.t.HelmChartContainer - [hivemq-test-hivemq-platform] [hivemq-platform-operator] [25b3b7d0] 21:21:54.798 [pool-6-thread-24] DEBUG c.h.p.o.d.StatefulSetResource - [updatelo] Desired StatefulSet (2 replicas) for status SET_LOG_LEVEL (SET_LOG_LEVEL)
2025-01-28 21:21:54,804 INFO c.h.h.t.HelmChartContainer - [hivemq-test-hivemq-platform] [hivemq-platform-operator] [25b3b7d0] 21:21:54.803 [ReconcilerExecutor-hivemq-controller-123] INFO  c.h.p.o.HiveMQPlatformReconciler - [updatelo] Reconciling HiveMQ Platform 'test-hivemq-platform' in namespace 'updateloglevelit'
2025-01-28 21:21:54,804 INFO c.h.h.t.HelmChartContainer - [hivemq-test-hivemq-platform] [hivemq-platform-operator] [25b3b7d0] 21:21:54.803 [ReconcilerExecutor-hivemq-controller-123] DEBUG c.h.p.o.HiveMQPlatformReconciler - [updatelo] Custom Resource Status SET_LOG_LEVEL - HiveMQ Platform is updating the log level to WARN (SET_LOG_LEVEL) (reconciliation requests: SCALING)
2025-01-28 21:21:54,807 INFO c.h.h.t.HelmChartContainer - [hivemq-test-hivemq-platform] [hivemq-platform-operator] [25b3b7d0] 21:21:54.803 [ReconcilerExecutor-hivemq-controller-123] DEBUG c.h.p.o.HiveMQPlatformReconciler - [updatelo] Custom Resource Spec (replicas: 2) (extensions: 1)
2025-01-28 21:21:54,810 INFO c.h.h.t.HelmChartContainer - [hivemq-test-hivemq-platform] [hivemq-platform-operator] [25b3b7d0] 21:21:54.807 [ReconcilerExecutor-hivemq-controller-123] DEBUG c.h.p.o.HiveMQPlatformReconciler - [updatelo] StatefulSet Status (revision: test-hivemq-platform-b697f795f, replicas: 2, available: 1, ready: 1, current: 2, updated: 2)
2025-01-28 21:21:54,810 INFO c.h.h.t.HelmChartContainer - [hivemq-test-hivemq-platform] [hivemq-platform-operator] [25b3b7d0] 21:21:54.807 [ReconcilerExecutor-hivemq-controller-123] DEBUG c.h.p.o.HiveMQPlatformReconciler - [updatelo] StatefulSet Spec (replicas: 2, init containers: 1, containers: 1, volumes: 3)
2025-01-28 21:21:54,812 INFO c.h.h.t.HelmChartContainer - [hivemq-test-hivemq-platform] [hivemq-platform-operator] [25b3b7d0] 21:21:54.812 [vert.x-eventloop-thread-0] DEBUG c.h.platform.operator.util.PodUtil - Received status for command '[curl, -s, http://10.42.0.11:7979/setLogLevel?level=WARN]' on Pod 'test-hivemq-platform-0' (exit code: 0)
2025-01-28 21:21:54,840 INFO c.h.h.t.HelmChartContainer - [hivemq-test-hivemq-platform] [hivemq-platform-operator] [25b3b7d0] 21:21:54.839 [ReconcilerExecutor-hivemq-controller-123] DEBUG c.h.p.o.h.HiveMQPlatformReconcilerErrorHandler - [updatelo] Pod 'test-hivemq-platform-1' phase Running
2025-01-28 21:21:54,891 INFO c.h.h.t.HelmChartContainer - [hivemq-test-hivemq-platform] [hivemq-platform-operator] [25b3b7d0] 21:21:54.889 [ReconcilerExecutor-hivemq-controller-123] DEBUG c.h.p.o.h.HiveMQPlatformReconcilerErrorHandler - [updatelo] Pod 'test-hivemq-platform-0' phase Running
2025-01-28 21:21:54,892 INFO c.h.h.t.HelmChartContainer - [hivemq-test-hivemq-platform] [hivemq-platform-operator] [25b3b7d0] 21:21:54.890 [ReconcilerExecutor-hivemq-controller-123] INFO  c.h.p.operator.http.RestApiService - [updatelo] Set log level command on Pod 'test-hivemq-platform-1' is not ready yet
2025-01-28 21:21:55,461 INFO c.h.h.t.HelmChartContainer - [test-hivemq-platform] [hivemq] [890e4c2f] INFO  - [HiveMQ Platform Operator Init App 1.7.0-SNAPSHOT] Set log level from ${HIVEMQ_LOG_LEVEL:-INFO} to WARN in logback.xml file
2025-01-28 21:21:55,560 INFO c.h.h.t.HelmChartContainer - [hivemq-test-hivemq-platform] [hivemq-platform-operator] [25b3b7d0] 21:21:55.559 [vert.x-eventloop-thread-1] DEBUG c.h.platform.operator.util.PodUtil - Received status for command '[curl, -s, http://10.42.0.12:7979/setLogLevel?level=WARN]' on Pod 'test-hivemq-platform-1' (exit code: 0)
2025-01-28 21:21:55,897 INFO c.h.h.t.HelmChartContainer - [hivemq-test-hivemq-platform] [hivemq-platform-operator] [25b3b7d0] 21:21:55.894 [pool-6-thread-35] DEBUG c.h.p.o.d.PlatformServiceResource - [updatelo] Desired Platform services (3 services)
2025-01-28 21:21:55,897 INFO c.h.h.t.HelmChartContainer - [hivemq-test-hivemq-platform] [hivemq-platform-operator] [25b3b7d0] 21:21:55.894 [pool-6-thread-31] DEBUG c.h.p.o.dependants.PodInfoConfigMap - [updatelo] Desired PodInfo ConfigMap (1 extensions) (1 enabled)
2025-01-28 21:21:55,897 INFO c.h.h.t.HelmChartContainer - [hivemq-test-hivemq-platform] [hivemq-platform-operator] [25b3b7d0] 21:21:55.895 [pool-6-thread-31] DEBUG c.h.p.o.dependants.PodInfoConfigMap - [updatelo] Desired PodInfo ConfigMap (metrics port: 9399) (metrics path: /)
2025-01-28 21:21:55,897 INFO c.h.h.t.HelmChartContainer - [hivemq-test-hivemq-platform] [hivemq-platform-operator] [25b3b7d0] 21:21:55.895 [pool-6-thread-31] DEBUG c.h.p.o.dependants.PodInfoConfigMap - [updatelo] Desired PodInfo ConfigMap (extension state hash: -1817474005)
2025-01-28 21:21:55,898 INFO c.h.h.t.HelmChartContainer - [hivemq-test-hivemq-platform] [hivemq-platform-operator] [25b3b7d0] 21:21:55.896 [pool-6-thread-38] DEBUG c.h.p.o.d.PodServiceAccountResource - [updatelo] Desired PodServiceAccountResource (serviceAccountName: hivemq-platform-pod-test-hivemq-platform)
2025-01-28 21:21:55,899 INFO c.h.h.t.HelmChartContainer - [hivemq-test-hivemq-platform] [hivemq-platform-operator] [25b3b7d0] 21:21:55.899 [pool-6-thread-33] DEBUG c.h.p.o.d.StatefulSetResource - [updatelo] Desired StatefulSet (2 replicas) for status SET_LOG_LEVEL (SET_LOG_LEVEL)
2025-01-28 21:21:55,903 INFO c.h.h.t.HelmChartContainer - [hivemq-test-hivemq-platform] [hivemq-platform-operator] [25b3b7d0] 21:21:55.902 [ReconcilerExecutor-hivemq-controller-124] INFO  c.h.p.o.HiveMQPlatformReconciler - [updatelo] Reconciling HiveMQ Platform 'test-hivemq-platform' in namespace 'updateloglevelit'
2025-01-28 21:21:55,903 INFO c.h.h.t.HelmChartContainer - [hivemq-test-hivemq-platform] [hivemq-platform-operator] [25b3b7d0] 21:21:55.902 [ReconcilerExecutor-hivemq-controller-124] DEBUG c.h.p.o.HiveMQPlatformReconciler - [updatelo] Custom Resource Status SET_LOG_LEVEL - HiveMQ Platform is updating the log level to WARN (SET_LOG_LEVEL) (reconciliation requests: SCALING)
2025-01-28 21:21:55,903 INFO c.h.h.t.HelmChartContainer - [hivemq-test-hivemq-platform] [hivemq-platform-operator] [25b3b7d0] 21:21:55.902 [ReconcilerExecutor-hivemq-controller-124] DEBUG c.h.p.o.HiveMQPlatformReconciler - [updatelo] Custom Resource Spec (replicas: 2) (extensions: 1)
2025-01-28 21:21:55,904 INFO c.h.h.t.HelmChartContainer - [hivemq-test-hivemq-platform] [hivemq-platform-operator] [25b3b7d0] 21:21:55.904 [ReconcilerExecutor-hivemq-controller-124] DEBUG c.h.p.o.HiveMQPlatformReconciler - [updatelo] StatefulSet Status (revision: test-hivemq-platform-b697f795f, replicas: 2, available: 1, ready: 1, current: 2, updated: 2)
2025-01-28 21:21:55,904 INFO c.h.h.t.HelmChartContainer - [hivemq-test-hivemq-platform] [hivemq-platform-operator] [25b3b7d0] 21:21:55.904 [ReconcilerExecutor-hivemq-controller-124] DEBUG c.h.p.o.HiveMQPlatformReconciler - [updatelo] StatefulSet Spec (replicas: 2, init containers: 1, containers: 1, volumes: 3)
2025-01-28 21:21:55,906 INFO c.h.h.t.HelmChartContainer - [hivemq-test-hivemq-platform] [hivemq-platform-operator] [25b3b7d0] 21:21:55.905 [ReconcilerExecutor-hivemq-controller-124] DEBUG c.h.p.o.h.HiveMQPlatformReconcilerErrorHandler - [updatelo] Pod 'test-hivemq-platform-1' phase Running
2025-01-28 21:21:55,907 INFO c.h.h.t.HelmChartContainer - [hivemq-test-hivemq-platform] [hivemq-platform-operator] [25b3b7d0] 21:21:55.906 [ReconcilerExecutor-hivemq-controller-124] DEBUG c.h.p.o.h.HiveMQPlatformReconcilerErrorHandler - [updatelo] Pod 'test-hivemq-platform-0' phase Running
2025-01-28 21:21:55,913 INFO c.h.h.t.HelmChartContainer - [hivemq-test-hivemq-platform] [hivemq-platform-operator] [25b3b7d0] 21:21:55.911 [ReconcilerExecutor-hivemq-controller-124] INFO  c.h.p.o.h.HiveMQPlatformReconcilerSetLogLevelHandler - [updatelo] Successfully updated the log level on all Pods
2025-01-28 21:21:55,999 INFO c.h.h.t.HelmChartContainer - [hivemq-test-hivemq-platform] [hivemq-platform-operator] [25b3b7d0] 21:21:55.998 [ReconcilerExecutor-hivemq-controller-124] DEBUG c.h.p.operator.event.EventSender - [updatelo] Creating K8s event waiting-for-log-level-update: [SetLogLevel] HiveMQ Platform is updating the log level
2025-01-28 21:21:56,003 INFO c.h.h.t.HelmChartContainer - [EVENT] Normal [SetLogLevel] HiveMQ Platform is updating the log level [updateloglevelit:test-hivemq-platform]
2025-01-28 21:21:56,005 INFO c.h.h.t.HelmChartContainer - [hivemq-test-hivemq-platform] [hivemq-platform-operator] [25b3b7d0] 21:21:56.004 [ReconcilerExecutor-hivemq-controller-124] INFO  c.h.p.o.h.AbstractHiveMQReconcilerStateHandler - [updatelo] Update HiveMQ Platform Status (SET_LOG_LEVEL [SET_LOG_LEVEL] -> SET_LOG_LEVEL [WAIT_FOR_LOG_LEVEL_UPDATE]): HiveMQ Platform is updating the log level (reconciliation requests: SCALING)
2025-01-28 21:21:56,014 DEBUG com.hivemq.helmcharts.util.K8sUtil - Comparing actual state 'SET_LOG_LEVEL' and waiting for 'RUNNING'
2025-01-28 21:21:59,674 INFO c.h.h.t.HelmChartContainer - [EVENT] Warning [Unhealthy] Readiness probe failed: HTTP probe failed with statuscode: 503 [updateloglevelit:test-hivemq-platform-1]
2025-01-28 21:21:59,674 INFO c.h.h.t.HelmChartContainer - Received Unhealthy event for container hivemq in pod test-hivemq-platform-1 [890e4c2f-3d50-4ded-b9ee-daa9b5a32a8e]
2025-01-28 21:22:02,159 INFO c.h.h.t.HelmChartContainer - [test-hivemq-platform] [hivemq] [890e4c2f] INFO  - [HiveMQ Platform Operator Init App 1.7.0-SNAPSHOT] Proceeding with container start
2025-01-28 21:22:02,162 INFO c.h.h.t.HelmChartContainer - [test-hivemq-platform] [hivemq] [890e4c2f] INFO  - [HiveMQ Platform Operator Init App 1.7.0-SNAPSHOT] Initializing HiveMQ Platform extensions with initial configuration: {hivemq-allow-all-extension={start-priority=-1, skip-https-hostname-verification=false, restart=true, config-version=0, header-version=0, c-uri=, priority=-1, uri=preinstalled, skip-https-certificate-validation=false, enabled=true}, hivemq-prometheus-extension={c-uri=, skip-https-hostname-verification=false, skip-https-certificate-validation=false, uri=preinstalled, request-header-path=no-request-headers, enabled=true, restart=true, priority=-1, start-priority=-1}}
2025-01-28 21:22:02,175 INFO c.h.h.t.HelmChartContainer - [test-hivemq-platform] [hivemq] [890e4c2f] INFO  - [HiveMQ Platform Operator Init App 1.7.0-SNAPSHOT] Extension hivemq-allow-all-extension was already enabled
2025-01-28 21:22:02,252 INFO c.h.h.t.HelmChartContainer - [test-hivemq-platform] [hivemq] [890e4c2f] INFO  - [HiveMQ Platform Operator Init App 1.7.0-SNAPSHOT] Successfully enabled extension hivemq-prometheus-extension
2025-01-28 21:22:02,253 INFO c.h.h.t.HelmChartContainer - [test-hivemq-platform] [hivemq] [890e4c2f] INFO  - [HiveMQ Platform Operator Init App 1.7.0-SNAPSHOT] Starting HiveMQ Platform version 4.36.0 (4.36.0)
2025-01-28 21:22:02,253 INFO c.h.h.t.HelmChartContainer - [test-hivemq-platform] [hivemq] [890e4c2f] INFO  - [HiveMQ Platform Operator Init App 1.7.0-SNAPSHOT] Configuring the HiveMQ Platform
2025-01-28 21:22:02,260 INFO c.h.h.t.HelmChartContainer - [test-hivemq-platform] [hivemq] [890e4c2f] INFO  - [HiveMQ Platform Operator Init App 1.7.0-SNAPSHOT] Changed logback.xml file scan period to 20 seconds
2025-01-28 21:22:02,353 INFO c.h.h.t.HelmChartContainer - [test-hivemq-platform] [hivemq] [890e4c2f] INFO  - [HiveMQ Platform Operator Init App 1.7.0-SNAPSHOT] Starting the HiveMQ Platform
2025-01-28 21:22:02,356 INFO c.h.h.t.HelmChartContainer - [test-hivemq-platform] [hivemq] [890e4c2f] -------------------------------------------------------------------------
2025-01-28 21:22:02,357 INFO c.h.h.t.HelmChartContainer - [test-hivemq-platform] [hivemq] [890e4c2f] 
2025-01-28 21:22:02,359 INFO c.h.h.t.HelmChartContainer - [test-hivemq-platform] [hivemq] [890e4c2f]                   _    _  _              __  __   ____
2025-01-28 21:22:02,359 INFO c.h.h.t.HelmChartContainer - [test-hivemq-platform] [hivemq] [890e4c2f]                  | |  | |(_)            |  \/  | / __ \
2025-01-28 21:22:02,359 INFO c.h.h.t.HelmChartContainer - [test-hivemq-platform] [hivemq] [890e4c2f]                  | |__| | _ __   __ ___ | \  / || |  | |
2025-01-28 21:22:02,359 INFO c.h.h.t.HelmChartContainer - [test-hivemq-platform] [hivemq] [890e4c2f]                  |  __  || |\ \ / // _ \| |\/| || |  | |
2025-01-28 21:22:02,359 INFO c.h.h.t.HelmChartContainer - [test-hivemq-platform] [hivemq] [890e4c2f]                  | |  | || | \ V /|  __/| |  | || |__| |
2025-01-28 21:22:02,359 INFO c.h.h.t.HelmChartContainer - [test-hivemq-platform] [hivemq] [890e4c2f]                  |_|  |_||_|  \_/  \___||_|  |_| \___\_\
2025-01-28 21:22:02,359 INFO c.h.h.t.HelmChartContainer - [test-hivemq-platform] [hivemq] [890e4c2f] 
2025-01-28 21:22:02,359 INFO c.h.h.t.HelmChartContainer - [test-hivemq-platform] [hivemq] [890e4c2f] -------------------------------------------------------------------------
2025-01-28 21:22:02,359 INFO c.h.h.t.HelmChartContainer - [test-hivemq-platform] [hivemq] [890e4c2f] 
2025-01-28 21:22:02,359 INFO c.h.h.t.HelmChartContainer - [test-hivemq-platform] [hivemq] [890e4c2f]   HiveMQ Start Script for Linux/Unix v1.14
2025-01-28 21:22:02,359 INFO c.h.h.t.HelmChartContainer - [test-hivemq-platform] [hivemq] [890e4c2f] 
2025-01-28 21:22:02,457 INFO c.h.h.t.HelmChartContainer - [test-hivemq-platform] [hivemq] [890e4c2f] -------------------------------------------------------------------------
2025-01-28 21:22:02,458 INFO c.h.h.t.HelmChartContainer - [test-hivemq-platform] [hivemq] [890e4c2f] 
2025-01-28 21:22:02,458 INFO c.h.h.t.HelmChartContainer - [test-hivemq-platform] [hivemq] [890e4c2f]   HIVEMQ_HOME: /opt/hivemq
2025-01-28 21:22:02,458 INFO c.h.h.t.HelmChartContainer - [test-hivemq-platform] [hivemq] [890e4c2f] 
2025-01-28 21:22:02,458 INFO c.h.h.t.HelmChartContainer - [test-hivemq-platform] [hivemq] [890e4c2f]   JAVA_OPTS: -XX:+UnlockExperimentalVMOptions -XX:InitialRAMPercentage=50 -XX:MaxRAMPercentage=50 -Djava.net.preferIPv4Stack=true --add-opens java.base/java.lang=ALL-UNNAMED --add-opens java.base/java.nio=ALL-UNNAMED --add-opens java.base/sun.nio.ch=ALL-UNNAMED --add-opens jdk.management/com.sun.management.internal=ALL-UNNAMED --add-exports java.base/jdk.internal.misc=ALL-UNNAMED -Djava.security.egd=file:/dev/./urandom -Dcom.sun.management.jmxremote -Dcom.sun.management.jmxremote.port=9010 -Dcom.sun.management.jmxremote.local.only=false -Dcom.sun.management.jmxremote.authenticate=false -Dcom.sun.management.jmxremote.ssl=false -Duser.language=en -Duser.region=US -XX:+CrashOnOutOfMemoryError -XX:+HeapDumpOnOutOfMemoryError
2025-01-28 21:22:02,458 INFO c.h.h.t.HelmChartContainer - [test-hivemq-platform] [hivemq] [890e4c2f] 
2025-01-28 21:22:02,458 INFO c.h.h.t.HelmChartContainer - [test-hivemq-platform] [hivemq] [890e4c2f]   JAVA_VERSION: 21
2025-01-28 21:22:02,458 INFO c.h.h.t.HelmChartContainer - [test-hivemq-platform] [hivemq] [890e4c2f] 
2025-01-28 21:22:02,458 INFO c.h.h.t.HelmChartContainer - [test-hivemq-platform] [hivemq] [890e4c2f] -------------------------------------------------------------------------
2025-01-28 21:22:02,458 INFO c.h.h.t.HelmChartContainer - [test-hivemq-platform] [hivemq] [890e4c2f] 
2025-01-28 21:22:04,761 INFO c.h.h.t.HelmChartContainer - [EVENT] Warning [Unhealthy] Readiness probe failed: HTTP probe failed with statuscode: 503 [updateloglevelit:test-hivemq-platform-1]
2025-01-28 21:22:04,761 INFO c.h.h.t.HelmChartContainer - Received Unhealthy event for container hivemq in pod test-hivemq-platform-1 [890e4c2f-3d50-4ded-b9ee-daa9b5a32a8e]
2025-01-28 21:22:04,960 INFO c.h.h.t.HelmChartContainer - [test-hivemq-platform] [hivemq] [890e4c2f] INFO  - Starting HiveMQ Enterprise Server
2025-01-28 21:22:05,050 INFO c.h.h.t.HelmChartContainer - [test-hivemq-platform] [hivemq] [890e4c2f] INFO  - HiveMQ version: 4.36.0
2025-01-28 21:22:05,050 INFO c.h.h.t.HelmChartContainer - [test-hivemq-platform] [hivemq] [890e4c2f] INFO  - HiveMQ home directory: /opt/hivemq
2025-01-28 21:22:06,093 INFO c.h.h.t.HelmChartContainer - [hivemq-test-hivemq-platform] [hivemq-platform-operator] [25b3b7d0] 21:22:06.092 [pool-6-thread-42] DEBUG c.h.p.o.d.PlatformServiceResource - [updatelo] Desired Platform services (3 services)
2025-01-28 21:22:06,095 INFO c.h.h.t.HelmChartContainer - [hivemq-test-hivemq-platform] [hivemq-platform-operator] [25b3b7d0] 21:22:06.093 [pool-6-thread-46] DEBUG c.h.p.o.d.PodServiceAccountResource - [updatelo] Desired PodServiceAccountResource (serviceAccountName: hivemq-platform-pod-test-hivemq-platform)
2025-01-28 21:22:06,097 INFO c.h.h.t.HelmChartContainer - [hivemq-test-hivemq-platform] [hivemq-platform-operator] [25b3b7d0] 21:22:06.095 [pool-6-thread-48] DEBUG c.h.p.o.dependants.PodInfoConfigMap - [updatelo] Desired PodInfo ConfigMap (1 extensions) (1 enabled)
2025-01-28 21:22:06,097 INFO c.h.h.t.HelmChartContainer - [hivemq-test-hivemq-platform] [hivemq-platform-operator] [25b3b7d0] 21:22:06.095 [pool-6-thread-48] DEBUG c.h.p.o.dependants.PodInfoConfigMap - [updatelo] Desired PodInfo ConfigMap (metrics port: 9399) (metrics path: /)
2025-01-28 21:22:06,097 INFO c.h.h.t.HelmChartContainer - [hivemq-test-hivemq-platform] [hivemq-platform-operator] [25b3b7d0] 21:22:06.095 [pool-6-thread-48] DEBUG c.h.p.o.dependants.PodInfoConfigMap - [updatelo] Desired PodInfo ConfigMap (extension state hash: -1817474005)
2025-01-28 21:22:06,100 INFO c.h.h.t.HelmChartContainer - [hivemq-test-hivemq-platform] [hivemq-platform-operator] [25b3b7d0] 21:22:06.099 [pool-6-thread-42] DEBUG c.h.p.o.d.StatefulSetResource - [updatelo] Desired StatefulSet (2 replicas) for status SET_LOG_LEVEL (WAIT_FOR_LOG_LEVEL_UPDATE)
2025-01-28 21:22:06,105 INFO c.h.h.t.HelmChartContainer - [hivemq-test-hivemq-platform] [hivemq-platform-operator] [25b3b7d0] 21:22:06.102 [ReconcilerExecutor-hivemq-controller-125] INFO  c.h.p.o.HiveMQPlatformReconciler - [updatelo] Reconciling HiveMQ Platform 'test-hivemq-platform' in namespace 'updateloglevelit'
2025-01-28 21:22:06,105 INFO c.h.h.t.HelmChartContainer - [hivemq-test-hivemq-platform] [hivemq-platform-operator] [25b3b7d0] 21:22:06.103 [ReconcilerExecutor-hivemq-controller-125] DEBUG c.h.p.o.HiveMQPlatformReconciler - [updatelo] Custom Resource Status SET_LOG_LEVEL - HiveMQ Platform is updating the log level (WAIT_FOR_LOG_LEVEL_UPDATE) (reconciliation requests: SCALING)
2025-01-28 21:22:06,105 INFO c.h.h.t.HelmChartContainer - [hivemq-test-hivemq-platform] [hivemq-platform-operator] [25b3b7d0] 21:22:06.103 [ReconcilerExecutor-hivemq-controller-125] DEBUG c.h.p.o.HiveMQPlatformReconciler - [updatelo] Custom Resource Spec (replicas: 2) (extensions: 1)
2025-01-28 21:22:06,106 INFO c.h.h.t.HelmChartContainer - [hivemq-test-hivemq-platform] [hivemq-platform-operator] [25b3b7d0] 21:22:06.104 [ReconcilerExecutor-hivemq-controller-125] DEBUG c.h.p.o.HiveMQPlatformReconciler - [updatelo] StatefulSet Status (revision: test-hivemq-platform-b697f795f, replicas: 2, available: 1, ready: 1, current: 2, updated: 2)
2025-01-28 21:22:06,106 INFO c.h.h.t.HelmChartContainer - [hivemq-test-hivemq-platform] [hivemq-platform-operator] [25b3b7d0] 21:22:06.104 [ReconcilerExecutor-hivemq-controller-125] DEBUG c.h.p.o.HiveMQPlatformReconciler - [updatelo] StatefulSet Spec (replicas: 2, init containers: 1, containers: 1, volumes: 3)
2025-01-28 21:22:06,107 INFO c.h.h.t.HelmChartContainer - [hivemq-test-hivemq-platform] [hivemq-platform-operator] [25b3b7d0] 21:22:06.107 [ReconcilerExecutor-hivemq-controller-125] DEBUG c.h.p.o.h.HiveMQPlatformReconcilerErrorHandler - [updatelo] Pod 'test-hivemq-platform-1' phase Running
2025-01-28 21:22:06,108 INFO c.h.h.t.HelmChartContainer - [hivemq-test-hivemq-platform] [hivemq-platform-operator] [25b3b7d0] 21:22:06.108 [ReconcilerExecutor-hivemq-controller-125] DEBUG c.h.p.o.h.HiveMQPlatformReconcilerErrorHandler - [updatelo] Pod 'test-hivemq-platform-0' phase Running
2025-01-28 21:22:06,193 INFO c.h.h.t.HelmChartContainer - [hivemq-test-hivemq-platform] [hivemq-platform-operator] [25b3b7d0] 21:22:06.192 [ReconcilerExecutor-hivemq-controller-125] DEBUG c.h.p.o.h.HiveMQPlatformReconcilerSetLogLevelHandler - [updatelo] Checking log level on Pod 'test-hivemq-platform-1'
2025-01-28 21:22:06,193 INFO c.h.h.t.HelmChartContainer - [hivemq-test-hivemq-platform] [hivemq-platform-operator] [25b3b7d0] 21:22:06.192 [ForkJoinPool.commonPool-worker-1] DEBUG c.h.p.o.h.HiveMQPlatformReconcilerSetLogLevelHandler - [updatelo] Checking log level on Pod 'test-hivemq-platform-0'
2025-01-28 21:22:06,415 INFO c.h.h.t.HelmChartContainer - [hivemq-test-hivemq-platform] [hivemq-platform-operator] [25b3b7d0] 21:22:06.413 [vert.x-eventloop-thread-0] DEBUG c.h.platform.operator.util.PodUtil - Received status for command '[curl, -s, http://10.42.0.11:7979/logLevel]' on Pod 'test-hivemq-platform-0' (exit code: 0)
2025-01-28 21:22:06,758 INFO c.h.h.t.HelmChartContainer - [hivemq-test-hivemq-platform] [hivemq-platform-operator] [25b3b7d0] 21:22:06.756 [vert.x-eventloop-thread-1] DEBUG c.h.platform.operator.util.PodUtil - Received status for command '[curl, -s, http://10.42.0.12:7979/logLevel]' on Pod 'test-hivemq-platform-1' (exit code: 0)
2025-01-28 21:22:07,316 INFO c.h.h.t.HelmChartContainer - [hivemq-test-hivemq-platform] [hivemq-platform-operator] [25b3b7d0] 21:22:07.311 [pool-6-thread-10] DEBUG c.h.p.o.d.PlatformServiceResource - [updatelo] Desired Platform services (3 services)
2025-01-28 21:22:07,316 INFO c.h.h.t.HelmChartContainer - [hivemq-test-hivemq-platform] [hivemq-platform-operator] [25b3b7d0] 21:22:07.313 [pool-6-thread-9] DEBUG c.h.p.o.dependants.PodInfoConfigMap - [updatelo] Desired PodInfo ConfigMap (1 extensions) (1 enabled)
2025-01-28 21:22:07,316 INFO c.h.h.t.HelmChartContainer - [hivemq-test-hivemq-platform] [hivemq-platform-operator] [25b3b7d0] 21:22:07.313 [pool-6-thread-9] DEBUG c.h.p.o.dependants.PodInfoConfigMap - [updatelo] Desired PodInfo ConfigMap (metrics port: 9399) (metrics path: /)
2025-01-28 21:22:07,316 INFO c.h.h.t.HelmChartContainer - [hivemq-test-hivemq-platform] [hivemq-platform-operator] [25b3b7d0] 21:22:07.313 [pool-6-thread-9] DEBUG c.h.p.o.dependants.PodInfoConfigMap - [updatelo] Desired PodInfo ConfigMap (extension state hash: -1817474005)
2025-01-28 21:22:07,316 INFO c.h.h.t.HelmChartContainer - [hivemq-test-hivemq-platform] [hivemq-platform-operator] [25b3b7d0] 21:22:07.314 [pool-6-thread-5] DEBUG c.h.p.o.d.PodServiceAccountResource - [updatelo] Desired PodServiceAccountResource (serviceAccountName: hivemq-platform-pod-test-hivemq-platform)
2025-01-28 21:22:07,319 INFO c.h.h.t.HelmChartContainer - [hivemq-test-hivemq-platform] [hivemq-platform-operator] [25b3b7d0] 21:22:07.317 [pool-6-thread-7] DEBUG c.h.p.o.d.StatefulSetResource - [updatelo] Desired StatefulSet (2 replicas) for status SET_LOG_LEVEL (WAIT_FOR_LOG_LEVEL_UPDATE)
2025-01-28 21:22:07,320 INFO c.h.h.t.HelmChartContainer - [hivemq-test-hivemq-platform] [hivemq-platform-operator] [25b3b7d0] 21:22:07.319 [ReconcilerExecutor-hivemq-controller-126] INFO  c.h.p.o.HiveMQPlatformReconciler - [updatelo] Reconciling HiveMQ Platform 'test-hivemq-platform' in namespace 'updateloglevelit'
2025-01-28 21:22:07,321 INFO c.h.h.t.HelmChartContainer - [hivemq-test-hivemq-platform] [hivemq-platform-operator] [25b3b7d0] 21:22:07.319 [ReconcilerExecutor-hivemq-controller-126] DEBUG c.h.p.o.HiveMQPlatformReconciler - [updatelo] Custom Resource Status SET_LOG_LEVEL - HiveMQ Platform is updating the log level (WAIT_FOR_LOG_LEVEL_UPDATE) (reconciliation requests: SCALING)
2025-01-28 21:22:07,322 INFO c.h.h.t.HelmChartContainer - [hivemq-test-hivemq-platform] [hivemq-platform-operator] [25b3b7d0] 21:22:07.319 [ReconcilerExecutor-hivemq-controller-126] DEBUG c.h.p.o.HiveMQPlatformReconciler - [updatelo] Custom Resource Spec (replicas: 2) (extensions: 1)
2025-01-28 21:22:07,324 INFO c.h.h.t.HelmChartContainer - [hivemq-test-hivemq-platform] [hivemq-platform-operator] [25b3b7d0] 21:22:07.321 [ReconcilerExecutor-hivemq-controller-126] DEBUG c.h.p.o.HiveMQPlatformReconciler - [updatelo] StatefulSet Status (revision: test-hivemq-platform-b697f795f, replicas: 2, available: 1, ready: 1, current: 2, updated: 2)
2025-01-28 21:22:07,325 INFO c.h.h.t.HelmChartContainer - [hivemq-test-hivemq-platform] [hivemq-platform-operator] [25b3b7d0] 21:22:07.322 [ReconcilerExecutor-hivemq-controller-126] DEBUG c.h.p.o.HiveMQPlatformReconciler - [updatelo] StatefulSet Spec (replicas: 2, init containers: 1, containers: 1, volumes: 3)
2025-01-28 21:22:07,326 INFO c.h.h.t.HelmChartContainer - [hivemq-test-hivemq-platform] [hivemq-platform-operator] [25b3b7d0] 21:22:07.325 [ReconcilerExecutor-hivemq-controller-126] DEBUG c.h.p.o.h.HiveMQPlatformReconcilerErrorHandler - [updatelo] Pod 'test-hivemq-platform-1' phase Running
2025-01-28 21:22:07,327 INFO c.h.h.t.HelmChartContainer - [hivemq-test-hivemq-platform] [hivemq-platform-operator] [25b3b7d0] 21:22:07.326 [ReconcilerExecutor-hivemq-controller-126] DEBUG c.h.p.o.h.HiveMQPlatformReconcilerErrorHandler - [updatelo] Pod 'test-hivemq-platform-0' phase Running
2025-01-28 21:22:07,328 INFO c.h.h.t.HelmChartContainer - [hivemq-test-hivemq-platform] [hivemq-platform-operator] [25b3b7d0] 21:22:07.327 [ReconcilerExecutor-hivemq-controller-126] WARN  c.h.p.operator.util.RestApiUtil - [updatelo] Checking log level command on Pod 'test-hivemq-platform-1' returned a failure response: StatusResponse{status=INTERNAL_SERVER_ERROR, details={error=java.net.ConnectException}}
2025-01-28 21:22:09,745 INFO c.h.h.t.HelmChartContainer - [test-hivemq-platform] [hivemq] [890e4c2f] WARN  - [HiveMQ Platform Operator Init App 1.7.0-SNAPSHOT] Cannot connect to Health API for readiness: null
2025-01-28 21:22:09,751 INFO c.h.h.t.HelmChartContainer - [EVENT] Warning [Unhealthy] Readiness probe failed: HTTP probe failed with statuscode: 503 [updateloglevelit:test-hivemq-platform-1]
2025-01-28 21:22:09,751 INFO c.h.h.t.HelmChartContainer - Received Unhealthy event for container hivemq in pod test-hivemq-platform-1 [890e4c2f-3d50-4ded-b9ee-daa9b5a32a8e]
2025-01-28 21:22:11,048 INFO c.h.h.t.HelmChartContainer - [test-hivemq-platform] [hivemq] [890e4c2f] WARN  - [HiveMQ Platform Operator Init App 1.7.0-SNAPSHOT] Cannot connect to Health API for liveness: null
2025-01-28 21:22:11,048 INFO c.h.h.t.HelmChartContainer - [test-hivemq-platform] [hivemq] [890e4c2f] INFO  - [HiveMQ Platform Operator Init App 1.7.0-SNAPSHOT] Returning default Health API response 200 for liveness
2025-01-28 21:22:14,758 INFO c.h.h.t.HelmChartContainer - [test-hivemq-platform] [hivemq] [890e4c2f] WARN  - [HiveMQ Platform Operator Init App 1.7.0-SNAPSHOT] Cannot connect to Health API for readiness: null
2025-01-28 21:22:14,761 INFO c.h.h.t.HelmChartContainer - [EVENT] Warning [Unhealthy] Readiness probe failed: HTTP probe failed with statuscode: 503 [updateloglevelit:test-hivemq-platform-1]
2025-01-28 21:22:14,761 INFO c.h.h.t.HelmChartContainer - Received Unhealthy event for container hivemq in pod test-hivemq-platform-1 [890e4c2f-3d50-4ded-b9ee-daa9b5a32a8e]
2025-01-28 21:22:17,333 INFO c.h.h.t.HelmChartContainer - [hivemq-test-hivemq-platform] [hivemq-platform-operator] [25b3b7d0] 21:22:17.331 [pool-6-thread-13] DEBUG c.h.p.o.d.PlatformServiceResource - [updatelo] Desired Platform services (3 services)
2025-01-28 21:22:17,333 INFO c.h.h.t.HelmChartContainer - [hivemq-test-hivemq-platform] [hivemq-platform-operator] [25b3b7d0] 21:22:17.331 [pool-6-thread-17] DEBUG c.h.p.o.dependants.PodInfoConfigMap - [updatelo] Desired PodInfo ConfigMap (1 extensions) (1 enabled)
2025-01-28 21:22:17,333 INFO c.h.h.t.HelmChartContainer - [hivemq-test-hivemq-platform] [hivemq-platform-operator] [25b3b7d0] 21:22:17.331 [pool-6-thread-17] DEBUG c.h.p.o.dependants.PodInfoConfigMap - [updatelo] Desired PodInfo ConfigMap (metrics port: 9399) (metrics path: /)
2025-01-28 21:22:17,333 INFO c.h.h.t.HelmChartContainer - [hivemq-test-hivemq-platform] [hivemq-platform-operator] [25b3b7d0] 21:22:17.331 [pool-6-thread-17] DEBUG c.h.p.o.dependants.PodInfoConfigMap - [updatelo] Desired PodInfo ConfigMap (extension state hash: -1817474005)
2025-01-28 21:22:17,334 INFO c.h.h.t.HelmChartContainer - [hivemq-test-hivemq-platform] [hivemq-platform-operator] [25b3b7d0] 21:22:17.332 [pool-6-thread-17] DEBUG c.h.p.o.d.PodServiceAccountResource - [updatelo] Desired PodServiceAccountResource (serviceAccountName: hivemq-platform-pod-test-hivemq-platform)
2025-01-28 21:22:17,336 INFO c.h.h.t.HelmChartContainer - [hivemq-test-hivemq-platform] [hivemq-platform-operator] [25b3b7d0] 21:22:17.335 [pool-6-thread-13] DEBUG c.h.p.o.d.StatefulSetResource - [updatelo] Desired StatefulSet (2 replicas) for status SET_LOG_LEVEL (WAIT_FOR_LOG_LEVEL_UPDATE)
2025-01-28 21:22:17,338 INFO c.h.h.t.HelmChartContainer - [hivemq-test-hivemq-platform] [hivemq-platform-operator] [25b3b7d0] 21:22:17.338 [ReconcilerExecutor-hivemq-controller-127] INFO  c.h.p.o.HiveMQPlatformReconciler - [updatelo] Reconciling HiveMQ Platform 'test-hivemq-platform' in namespace 'updateloglevelit'
2025-01-28 21:22:17,339 INFO c.h.h.t.HelmChartContainer - [hivemq-test-hivemq-platform] [hivemq-platform-operator] [25b3b7d0] 21:22:17.338 [ReconcilerExecutor-hivemq-controller-127] DEBUG c.h.p.o.HiveMQPlatformReconciler - [updatelo] Custom Resource Status SET_LOG_LEVEL - HiveMQ Platform is updating the log level (WAIT_FOR_LOG_LEVEL_UPDATE) (reconciliation requests: SCALING)
2025-01-28 21:22:17,339 INFO c.h.h.t.HelmChartContainer - [hivemq-test-hivemq-platform] [hivemq-platform-operator] [25b3b7d0] 21:22:17.338 [ReconcilerExecutor-hivemq-controller-127] DEBUG c.h.p.o.HiveMQPlatformReconciler - [updatelo] Custom Resource Spec (replicas: 2) (extensions: 1)
2025-01-28 21:22:17,341 INFO c.h.h.t.HelmChartContainer - [hivemq-test-hivemq-platform] [hivemq-platform-operator] [25b3b7d0] 21:22:17.339 [ReconcilerExecutor-hivemq-controller-127] DEBUG c.h.p.o.HiveMQPlatformReconciler - [updatelo] StatefulSet Status (revision: test-hivemq-platform-b697f795f, replicas: 2, available: 1, ready: 1, current: 2, updated: 2)
2025-01-28 21:22:17,341 INFO c.h.h.t.HelmChartContainer - [hivemq-test-hivemq-platform] [hivemq-platform-operator] [25b3b7d0] 21:22:17.339 [ReconcilerExecutor-hivemq-controller-127] DEBUG c.h.p.o.HiveMQPlatformReconciler - [updatelo] StatefulSet Spec (replicas: 2, init containers: 1, containers: 1, volumes: 3)
2025-01-28 21:22:17,342 INFO c.h.h.t.HelmChartContainer - [hivemq-test-hivemq-platform] [hivemq-platform-operator] [25b3b7d0] 21:22:17.340 [ReconcilerExecutor-hivemq-controller-127] DEBUG c.h.p.o.h.HiveMQPlatformReconcilerErrorHandler - [updatelo] Pod 'test-hivemq-platform-1' phase Running
2025-01-28 21:22:17,344 INFO c.h.h.t.HelmChartContainer - [hivemq-test-hivemq-platform] [hivemq-platform-operator] [25b3b7d0] 21:22:17.342 [ReconcilerExecutor-hivemq-controller-127] DEBUG c.h.p.o.h.HiveMQPlatformReconcilerErrorHandler - [updatelo] Pod 'test-hivemq-platform-0' phase Running
2025-01-28 21:22:17,392 INFO c.h.h.t.HelmChartContainer - [hivemq-test-hivemq-platform] [hivemq-platform-operator] [25b3b7d0] 21:22:17.390 [ForkJoinPool.commonPool-worker-1] DEBUG c.h.p.o.h.HiveMQPlatformReconcilerSetLogLevelHandler - [updatelo] Checking log level on Pod 'test-hivemq-platform-0'
2025-01-28 21:22:17,392 INFO c.h.h.t.HelmChartContainer - [hivemq-test-hivemq-platform] [hivemq-platform-operator] [25b3b7d0] 21:22:17.390 [ReconcilerExecutor-hivemq-controller-127] DEBUG c.h.p.o.h.HiveMQPlatformReconcilerSetLogLevelHandler - [updatelo] Checking log level on Pod 'test-hivemq-platform-1'
2025-01-28 21:22:17,543 INFO c.h.h.t.HelmChartContainer - [hivemq-test-hivemq-platform] [hivemq-platform-operator] [25b3b7d0] 21:22:17.542 [vert.x-eventloop-thread-0] DEBUG c.h.platform.operator.util.PodUtil - Received status for command '[curl, -s, http://10.42.0.11:7979/logLevel]' on Pod 'test-hivemq-platform-0' (exit code: 0)
2025-01-28 21:22:17,658 INFO c.h.h.t.HelmChartContainer - [hivemq-test-hivemq-platform] [hivemq-platform-operator] [25b3b7d0] 21:22:17.657 [vert.x-eventloop-thread-0] DEBUG c.h.platform.operator.util.PodUtil - Received status for command '[curl, -s, http://10.42.0.12:7979/logLevel]' on Pod 'test-hivemq-platform-1' (exit code: 0)
2025-01-28 21:22:18,545 INFO c.h.h.t.HelmChartContainer - [hivemq-test-hivemq-platform] [hivemq-platform-operator] [25b3b7d0] 21:22:18.543 [pool-6-thread-28] DEBUG c.h.p.o.dependants.PodInfoConfigMap - [updatelo] Desired PodInfo ConfigMap (1 extensions) (1 enabled)
2025-01-28 21:22:18,545 INFO c.h.h.t.HelmChartContainer - [hivemq-test-hivemq-platform] [hivemq-platform-operator] [25b3b7d0] 21:22:18.543 [pool-6-thread-28] DEBUG c.h.p.o.dependants.PodInfoConfigMap - [updatelo] Desired PodInfo ConfigMap (metrics port: 9399) (metrics path: /)
2025-01-28 21:22:18,545 INFO c.h.h.t.HelmChartContainer - [hivemq-test-hivemq-platform] [hivemq-platform-operator] [25b3b7d0] 21:22:18.543 [pool-6-thread-29] DEBUG c.h.p.o.d.PlatformServiceResource - [updatelo] Desired Platform services (3 services)
2025-01-28 21:22:18,545 INFO c.h.h.t.HelmChartContainer - [hivemq-test-hivemq-platform] [hivemq-platform-operator] [25b3b7d0] 21:22:18.543 [pool-6-thread-25] DEBUG c.h.p.o.d.PodServiceAccountResource - [updatelo] Desired PodServiceAccountResource (serviceAccountName: hivemq-platform-pod-test-hivemq-platform)
2025-01-28 21:22:18,547 INFO c.h.h.t.HelmChartContainer - [hivemq-test-hivemq-platform] [hivemq-platform-operator] [25b3b7d0] 21:22:18.543 [pool-6-thread-28] DEBUG c.h.p.o.dependants.PodInfoConfigMap - [updatelo] Desired PodInfo ConfigMap (extension state hash: -1817474005)
2025-01-28 21:22:18,556 INFO c.h.h.t.HelmChartContainer - [hivemq-test-hivemq-platform] [hivemq-platform-operator] [25b3b7d0] 21:22:18.550 [pool-6-thread-29] DEBUG c.h.p.o.d.StatefulSetResource - [updatelo] Desired StatefulSet (2 replicas) for status SET_LOG_LEVEL (WAIT_FOR_LOG_LEVEL_UPDATE)
2025-01-28 21:22:18,562 INFO c.h.h.t.HelmChartContainer - [hivemq-test-hivemq-platform] [hivemq-platform-operator] [25b3b7d0] 21:22:18.559 [ReconcilerExecutor-hivemq-controller-128] INFO  c.h.p.o.HiveMQPlatformReconciler - [updatelo] Reconciling HiveMQ Platform 'test-hivemq-platform' in namespace 'updateloglevelit'
2025-01-28 21:22:18,562 INFO c.h.h.t.HelmChartContainer - [hivemq-test-hivemq-platform] [hivemq-platform-operator] [25b3b7d0] 21:22:18.560 [ReconcilerExecutor-hivemq-controller-128] DEBUG c.h.p.o.HiveMQPlatformReconciler - [updatelo] Custom Resource Status SET_LOG_LEVEL - HiveMQ Platform is updating the log level (WAIT_FOR_LOG_LEVEL_UPDATE) (reconciliation requests: SCALING)
2025-01-28 21:22:18,562 INFO c.h.h.t.HelmChartContainer - [hivemq-test-hivemq-platform] [hivemq-platform-operator] [25b3b7d0] 21:22:18.560 [ReconcilerExecutor-hivemq-controller-128] DEBUG c.h.p.o.HiveMQPlatformReconciler - [updatelo] Custom Resource Spec (replicas: 2) (extensions: 1)
2025-01-28 21:22:18,567 INFO c.h.h.t.HelmChartContainer - [hivemq-test-hivemq-platform] [hivemq-platform-operator] [25b3b7d0] 21:22:18.561 [ReconcilerExecutor-hivemq-controller-128] DEBUG c.h.p.o.HiveMQPlatformReconciler - [updatelo] StatefulSet Status (revision: test-hivemq-platform-b697f795f, replicas: 2, available: 1, ready: 1, current: 2, updated: 2)
2025-01-28 21:22:18,567 INFO c.h.h.t.HelmChartContainer - [hivemq-test-hivemq-platform] [hivemq-platform-operator] [25b3b7d0] 21:22:18.561 [ReconcilerExecutor-hivemq-controller-128] DEBUG c.h.p.o.HiveMQPlatformReconciler - [updatelo] StatefulSet Spec (replicas: 2, init containers: 1, containers: 1, volumes: 3)
2025-01-28 21:22:18,568 INFO c.h.h.t.HelmChartContainer - [hivemq-test-hivemq-platform] [hivemq-platform-operator] [25b3b7d0] 21:22:18.566 [ReconcilerExecutor-hivemq-controller-128] DEBUG c.h.p.o.h.HiveMQPlatformReconcilerErrorHandler - [updatelo] Pod 'test-hivemq-platform-1' phase Running
2025-01-28 21:22:18,572 INFO c.h.h.t.HelmChartContainer - [hivemq-test-hivemq-platform] [hivemq-platform-operator] [25b3b7d0] 21:22:18.570 [ReconcilerExecutor-hivemq-controller-128] DEBUG c.h.p.o.h.HiveMQPlatformReconcilerErrorHandler - [updatelo] Pod 'test-hivemq-platform-0' phase Running
2025-01-28 21:22:18,572 INFO c.h.h.t.HelmChartContainer - [hivemq-test-hivemq-platform] [hivemq-platform-operator] [25b3b7d0] 21:22:18.571 [ReconcilerExecutor-hivemq-controller-128] WARN  c.h.p.operator.util.RestApiUtil - [updatelo] Checking log level command on Pod 'test-hivemq-platform-1' returned a failure response: StatusResponse{status=INTERNAL_SERVER_ERROR, details={error=java.net.ConnectException}}
2025-01-28 21:22:19,747 INFO c.h.h.t.HelmChartContainer - [test-hivemq-platform] [hivemq] [890e4c2f] WARN  - [HiveMQ Platform Operator Init App 1.7.0-SNAPSHOT] Cannot connect to Health API for readiness: null
2025-01-28 21:22:19,752 INFO c.h.h.t.HelmChartContainer - [EVENT] Warning [Unhealthy] Readiness probe failed: HTTP probe failed with statuscode: 503 [updateloglevelit:test-hivemq-platform-1]
2025-01-28 21:22:19,752 INFO c.h.h.t.HelmChartContainer - Received Unhealthy event for container hivemq in pod test-hivemq-platform-1 [890e4c2f-3d50-4ded-b9ee-daa9b5a32a8e]
2025-01-28 21:22:24,671 INFO c.h.h.t.HelmChartContainer - [test-hivemq-platform] [hivemq] [890e4c2f] WARN  - [HiveMQ Platform Operator Init App 1.7.0-SNAPSHOT] Cannot connect to Health API for readiness: null
2025-01-28 21:22:24,675 INFO c.h.h.t.HelmChartContainer - [EVENT] Warning [Unhealthy] Readiness probe failed: HTTP probe failed with statuscode: 503 [updateloglevelit:test-hivemq-platform-1]
2025-01-28 21:22:24,675 INFO c.h.h.t.HelmChartContainer - Received Unhealthy event for container hivemq in pod test-hivemq-platform-1 [890e4c2f-3d50-4ded-b9ee-daa9b5a32a8e]
2025-01-28 21:22:28,575 INFO c.h.h.t.HelmChartContainer - [hivemq-test-hivemq-platform] [hivemq-platform-operator] [25b3b7d0] 21:22:28.573 [pool-6-thread-32] DEBUG c.h.p.o.dependants.PodInfoConfigMap - [updatelo] Desired PodInfo ConfigMap (1 extensions) (1 enabled)
2025-01-28 21:22:28,575 INFO c.h.h.t.HelmChartContainer - [hivemq-test-hivemq-platform] [hivemq-platform-operator] [25b3b7d0] 21:22:28.574 [pool-6-thread-32] DEBUG c.h.p.o.dependants.PodInfoConfigMap - [updatelo] Desired PodInfo ConfigMap (metrics port: 9399) (metrics path: /)
2025-01-28 21:22:28,576 INFO c.h.h.t.HelmChartContainer - [hivemq-test-hivemq-platform] [hivemq-platform-operator] [25b3b7d0] 21:22:28.574 [pool-6-thread-32] DEBUG c.h.p.o.dependants.PodInfoConfigMap - [updatelo] Desired PodInfo ConfigMap (extension state hash: -1817474005)
2025-01-28 21:22:28,577 INFO c.h.h.t.HelmChartContainer - [hivemq-test-hivemq-platform] [hivemq-platform-operator] [25b3b7d0] 21:22:28.575 [pool-6-thread-38] DEBUG c.h.p.o.d.PodServiceAccountResource - [updatelo] Desired PodServiceAccountResource (serviceAccountName: hivemq-platform-pod-test-hivemq-platform)
2025-01-28 21:22:28,578 INFO c.h.h.t.HelmChartContainer - [hivemq-test-hivemq-platform] [hivemq-platform-operator] [25b3b7d0] 21:22:28.573 [pool-6-thread-36] DEBUG c.h.p.o.d.PlatformServiceResource - [updatelo] Desired Platform services (3 services)
2025-01-28 21:22:28,580 INFO c.h.h.t.HelmChartContainer - [hivemq-test-hivemq-platform] [hivemq-platform-operator] [25b3b7d0] 21:22:28.580 [pool-6-thread-36] DEBUG c.h.p.o.d.StatefulSetResource - [updatelo] Desired StatefulSet (2 replicas) for status SET_LOG_LEVEL (WAIT_FOR_LOG_LEVEL_UPDATE)
2025-01-28 21:22:28,584 INFO c.h.h.t.HelmChartContainer - [hivemq-test-hivemq-platform] [hivemq-platform-operator] [25b3b7d0] 21:22:28.582 [ReconcilerExecutor-hivemq-controller-129] INFO  c.h.p.o.HiveMQPlatformReconciler - [updatelo] Reconciling HiveMQ Platform 'test-hivemq-platform' in namespace 'updateloglevelit'
2025-01-28 21:22:28,584 INFO c.h.h.t.HelmChartContainer - [hivemq-test-hivemq-platform] [hivemq-platform-operator] [25b3b7d0] 21:22:28.583 [ReconcilerExecutor-hivemq-controller-129] DEBUG c.h.p.o.HiveMQPlatformReconciler - [updatelo] Custom Resource Status SET_LOG_LEVEL - HiveMQ Platform is updating the log level (WAIT_FOR_LOG_LEVEL_UPDATE) (reconciliation requests: SCALING)
2025-01-28 21:22:28,584 INFO c.h.h.t.HelmChartContainer - [hivemq-test-hivemq-platform] [hivemq-platform-operator] [25b3b7d0] 21:22:28.583 [ReconcilerExecutor-hivemq-controller-129] DEBUG c.h.p.o.HiveMQPlatformReconciler - [updatelo] Custom Resource Spec (replicas: 2) (extensions: 1)
2025-01-28 21:22:28,585 INFO c.h.h.t.HelmChartContainer - [hivemq-test-hivemq-platform] [hivemq-platform-operator] [25b3b7d0] 21:22:28.584 [ReconcilerExecutor-hivemq-controller-129] DEBUG c.h.p.o.HiveMQPlatformReconciler - [updatelo] StatefulSet Status (revision: test-hivemq-platform-b697f795f, replicas: 2, available: 1, ready: 1, current: 2, updated: 2)
2025-01-28 21:22:28,585 INFO c.h.h.t.HelmChartContainer - [hivemq-test-hivemq-platform] [hivemq-platform-operator] [25b3b7d0] 21:22:28.584 [ReconcilerExecutor-hivemq-controller-129] DEBUG c.h.p.o.HiveMQPlatformReconciler - [updatelo] StatefulSet Spec (replicas: 2, init containers: 1, containers: 1, volumes: 3)
2025-01-28 21:22:28,586 INFO c.h.h.t.HelmChartContainer - [hivemq-test-hivemq-platform] [hivemq-platform-operator] [25b3b7d0] 21:22:28.585 [ReconcilerExecutor-hivemq-controller-129] DEBUG c.h.p.o.h.HiveMQPlatformReconcilerErrorHandler - [updatelo] Pod 'test-hivemq-platform-1' phase Running
2025-01-28 21:22:28,587 INFO c.h.h.t.HelmChartContainer - [hivemq-test-hivemq-platform] [hivemq-platform-operator] [25b3b7d0] 21:22:28.586 [ReconcilerExecutor-hivemq-controller-129] DEBUG c.h.p.o.h.HiveMQPlatformReconcilerErrorHandler - [updatelo] Pod 'test-hivemq-platform-0' phase Running
2025-01-28 21:22:28,640 INFO c.h.h.t.HelmChartContainer - [hivemq-test-hivemq-platform] [hivemq-platform-operator] [25b3b7d0] 21:22:28.639 [ForkJoinPool.commonPool-worker-1] DEBUG c.h.p.o.h.HiveMQPlatformReconcilerSetLogLevelHandler - [updatelo] Checking log level on Pod 'test-hivemq-platform-0'
2025-01-28 21:22:28,640 INFO c.h.h.t.HelmChartContainer - [hivemq-test-hivemq-platform] [hivemq-platform-operator] [25b3b7d0] 21:22:28.639 [ReconcilerExecutor-hivemq-controller-129] DEBUG c.h.p.o.h.HiveMQPlatformReconcilerSetLogLevelHandler - [updatelo] Checking log level on Pod 'test-hivemq-platform-1'
2025-01-28 21:22:28,742 INFO c.h.h.t.HelmChartContainer - [hivemq-test-hivemq-platform] [hivemq-platform-operator] [25b3b7d0] 21:22:28.741 [vert.x-eventloop-thread-0] DEBUG c.h.platform.operator.util.PodUtil - Received status for command '[curl, -s, http://10.42.0.11:7979/logLevel]' on Pod 'test-hivemq-platform-0' (exit code: 0)
2025-01-28 21:22:28,955 INFO c.h.h.t.HelmChartContainer - [test-hivemq-platform] [hivemq] [890e4c2f] WARN  - 
2025-01-28 21:22:28,956 INFO c.h.h.t.HelmChartContainer - [test-hivemq-platform] [hivemq] [890e4c2f] ################################################################################################################
2025-01-28 21:22:28,956 INFO c.h.h.t.HelmChartContainer - [test-hivemq-platform] [hivemq] [890e4c2f] # This HiveMQ deployment is not secure! You are lacking Authentication and Authorization.                      #
2025-01-28 21:22:28,956 INFO c.h.h.t.HelmChartContainer - [test-hivemq-platform] [hivemq] [890e4c2f] # Right now any MQTT client can connect to the broker with a full set of permissions.                          #
2025-01-28 21:22:28,956 INFO c.h.h.t.HelmChartContainer - [test-hivemq-platform] [hivemq] [890e4c2f] # For production usage, add an appropriate security extension and remove the hivemq-allow-all extension.       #
2025-01-28 21:22:28,956 INFO c.h.h.t.HelmChartContainer - [test-hivemq-platform] [hivemq] [890e4c2f] # You can download security extensions from the HiveMQ Marketplace (https://www.hivemq.com/extensions/).       #
2025-01-28 21:22:28,956 INFO c.h.h.t.HelmChartContainer - [test-hivemq-platform] [hivemq] [890e4c2f] ################################################################################################################
2025-01-28 21:22:29,748 INFO c.h.h.t.HelmChartContainer - [hivemq-test-hivemq-platform] [hivemq-platform-operator] [25b3b7d0] 21:22:29.746 [pool-6-thread-44] DEBUG c.h.p.o.d.PlatformServiceResource - [updatelo] Desired Platform services (3 services)
2025-01-28 21:22:29,750 INFO c.h.h.t.HelmChartContainer - [hivemq-test-hivemq-platform] [hivemq-platform-operator] [25b3b7d0] 21:22:29.747 [pool-6-thread-48] DEBUG c.h.p.o.d.PodServiceAccountResource - [updatelo] Desired PodServiceAccountResource (serviceAccountName: hivemq-platform-pod-test-hivemq-platform)
2025-01-28 21:22:29,751 INFO c.h.h.t.HelmChartContainer - [hivemq-test-hivemq-platform] [hivemq-platform-operator] [25b3b7d0] 21:22:29.750 [pool-6-thread-49] DEBUG c.h.p.o.dependants.PodInfoConfigMap - [updatelo] Desired PodInfo ConfigMap (1 extensions) (1 enabled)
2025-01-28 21:22:29,754 INFO c.h.h.t.HelmChartContainer - [hivemq-test-hivemq-platform] [hivemq-platform-operator] [25b3b7d0] 21:22:29.754 [pool-6-thread-49] DEBUG c.h.p.o.dependants.PodInfoConfigMap - [updatelo] Desired PodInfo ConfigMap (metrics port: 9399) (metrics path: /)
2025-01-28 21:22:29,755 INFO c.h.h.t.HelmChartContainer - [hivemq-test-hivemq-platform] [hivemq-platform-operator] [25b3b7d0] 21:22:29.754 [pool-6-thread-49] DEBUG c.h.p.o.dependants.PodInfoConfigMap - [updatelo] Desired PodInfo ConfigMap (extension state hash: -1817474005)
2025-01-28 21:22:29,756 INFO c.h.h.t.HelmChartContainer - [hivemq-test-hivemq-platform] [hivemq-platform-operator] [25b3b7d0] 21:22:29.755 [pool-6-thread-49] DEBUG c.h.p.o.d.StatefulSetResource - [updatelo] Desired StatefulSet (2 replicas) for status SET_LOG_LEVEL (WAIT_FOR_LOG_LEVEL_UPDATE)
2025-01-28 21:22:29,762 INFO c.h.h.t.HelmChartContainer - [hivemq-test-hivemq-platform] [hivemq-platform-operator] [25b3b7d0] 21:22:29.761 [ReconcilerExecutor-hivemq-controller-130] INFO  c.h.p.o.HiveMQPlatformReconciler - [updatelo] Reconciling HiveMQ Platform 'test-hivemq-platform' in namespace 'updateloglevelit'
2025-01-28 21:22:29,762 INFO c.h.h.t.HelmChartContainer - [hivemq-test-hivemq-platform] [hivemq-platform-operator] [25b3b7d0] 21:22:29.762 [ReconcilerExecutor-hivemq-controller-130] DEBUG c.h.p.o.HiveMQPlatformReconciler - [updatelo] Custom Resource Status SET_LOG_LEVEL - HiveMQ Platform is updating the log level (WAIT_FOR_LOG_LEVEL_UPDATE) (reconciliation requests: SCALING)
2025-01-28 21:22:29,762 INFO c.h.h.t.HelmChartContainer - [hivemq-test-hivemq-platform] [hivemq-platform-operator] [25b3b7d0] 21:22:29.762 [ReconcilerExecutor-hivemq-controller-130] DEBUG c.h.p.o.HiveMQPlatformReconciler - [updatelo] Custom Resource Spec (replicas: 2) (extensions: 1)
2025-01-28 21:22:29,764 INFO c.h.h.t.HelmChartContainer - [hivemq-test-hivemq-platform] [hivemq-platform-operator] [25b3b7d0] 21:22:29.763 [ReconcilerExecutor-hivemq-controller-130] DEBUG c.h.p.o.HiveMQPlatformReconciler - [updatelo] StatefulSet Status (revision: test-hivemq-platform-b697f795f, replicas: 2, available: 1, ready: 1, current: 2, updated: 2)
2025-01-28 21:22:29,764 INFO c.h.h.t.HelmChartContainer - [hivemq-test-hivemq-platform] [hivemq-platform-operator] [25b3b7d0] 21:22:29.763 [ReconcilerExecutor-hivemq-controller-130] DEBUG c.h.p.o.HiveMQPlatformReconciler - [updatelo] StatefulSet Spec (replicas: 2, init containers: 1, containers: 1, volumes: 3)
2025-01-28 21:22:29,766 INFO c.h.h.t.HelmChartContainer - [hivemq-test-hivemq-platform] [hivemq-platform-operator] [25b3b7d0] 21:22:29.764 [ReconcilerExecutor-hivemq-controller-130] DEBUG c.h.p.o.h.HiveMQPlatformReconcilerErrorHandler - [updatelo] Pod 'test-hivemq-platform-1' phase Running
2025-01-28 21:22:29,766 INFO c.h.h.t.HelmChartContainer - [hivemq-test-hivemq-platform] [hivemq-platform-operator] [25b3b7d0] 21:22:29.765 [ReconcilerExecutor-hivemq-controller-130] DEBUG c.h.p.o.h.HiveMQPlatformReconcilerErrorHandler - [updatelo] Pod 'test-hivemq-platform-0' phase Running
2025-01-28 21:22:29,767 INFO c.h.h.t.HelmChartContainer - [hivemq-test-hivemq-platform] [hivemq-platform-operator] [25b3b7d0] 21:22:29.766 [ReconcilerExecutor-hivemq-controller-130] INFO  c.h.p.operator.http.RestApiService - [updatelo] Checking log level command on Pod 'test-hivemq-platform-1' is not ready yet
2025-01-28 21:22:30,056 INFO c.h.h.t.HelmChartContainer - [test-hivemq-platform] [hivemq] [890e4c2f] INFO  - [HiveMQ Platform Operator Init App 1.7.0-SNAPSHOT] Returning Health API response 503 for readiness
2025-01-28 21:22:30,059 INFO c.h.h.t.HelmChartContainer - [hivemq-test-hivemq-platform] [hivemq-platform-operator] [25b3b7d0] 21:22:30.057 [vert.x-eventloop-thread-1] DEBUG c.h.platform.operator.util.PodUtil - Received status for command '[curl, -s, http://10.42.0.12:7979/logLevel]' on Pod 'test-hivemq-platform-1' (exit code: 0)
2025-01-28 21:22:30,068 INFO c.h.h.t.HelmChartContainer - [EVENT] Warning [Unhealthy] Readiness probe failed: HTTP probe failed with statuscode: 503 [updateloglevelit:test-hivemq-platform-1]
2025-01-28 21:22:30,069 INFO c.h.h.t.HelmChartContainer - Received Unhealthy event for container hivemq in pod test-hivemq-platform-1 [890e4c2f-3d50-4ded-b9ee-daa9b5a32a8e]
2025-01-28 21:22:30,772 INFO c.h.h.t.HelmChartContainer - [hivemq-test-hivemq-platform] [hivemq-platform-operator] [25b3b7d0] 21:22:30.770 [pool-6-thread-5] DEBUG c.h.p.o.d.PlatformServiceResource - [updatelo] Desired Platform services (3 services)
2025-01-28 21:22:30,772 INFO c.h.h.t.HelmChartContainer - [hivemq-test-hivemq-platform] [hivemq-platform-operator] [25b3b7d0] 21:22:30.770 [pool-6-thread-10] DEBUG c.h.p.o.dependants.PodInfoConfigMap - [updatelo] Desired PodInfo ConfigMap (1 extensions) (1 enabled)
2025-01-28 21:22:30,772 INFO c.h.h.t.HelmChartContainer - [hivemq-test-hivemq-platform] [hivemq-platform-operator] [25b3b7d0] 21:22:30.770 [pool-6-thread-10] DEBUG c.h.p.o.dependants.PodInfoConfigMap - [updatelo] Desired PodInfo ConfigMap (metrics port: 9399) (metrics path: /)
2025-01-28 21:22:30,772 INFO c.h.h.t.HelmChartContainer - [hivemq-test-hivemq-platform] [hivemq-platform-operator] [25b3b7d0] 21:22:30.770 [pool-6-thread-10] DEBUG c.h.p.o.dependants.PodInfoConfigMap - [updatelo] Desired PodInfo ConfigMap (extension state hash: -1817474005)
2025-01-28 21:22:30,773 INFO c.h.h.t.HelmChartContainer - [hivemq-test-hivemq-platform] [hivemq-platform-operator] [25b3b7d0] 21:22:30.771 [pool-6-thread-1] DEBUG c.h.p.o.d.PodServiceAccountResource - [updatelo] Desired PodServiceAccountResource (serviceAccountName: hivemq-platform-pod-test-hivemq-platform)
2025-01-28 21:22:30,777 INFO c.h.h.t.HelmChartContainer - [hivemq-test-hivemq-platform] [hivemq-platform-operator] [25b3b7d0] 21:22:30.776 [pool-6-thread-5] DEBUG c.h.p.o.d.StatefulSetResource - [updatelo] Desired StatefulSet (2 replicas) for status SET_LOG_LEVEL (WAIT_FOR_LOG_LEVEL_UPDATE)
2025-01-28 21:22:30,780 INFO c.h.h.t.HelmChartContainer - [hivemq-test-hivemq-platform] [hivemq-platform-operator] [25b3b7d0] 21:22:30.779 [ReconcilerExecutor-hivemq-controller-131] INFO  c.h.p.o.HiveMQPlatformReconciler - [updatelo] Reconciling HiveMQ Platform 'test-hivemq-platform' in namespace 'updateloglevelit'
2025-01-28 21:22:30,780 INFO c.h.h.t.HelmChartContainer - [hivemq-test-hivemq-platform] [hivemq-platform-operator] [25b3b7d0] 21:22:30.779 [ReconcilerExecutor-hivemq-controller-131] DEBUG c.h.p.o.HiveMQPlatformReconciler - [updatelo] Custom Resource Status SET_LOG_LEVEL - HiveMQ Platform is updating the log level (WAIT_FOR_LOG_LEVEL_UPDATE) (reconciliation requests: SCALING)
2025-01-28 21:22:30,781 INFO c.h.h.t.HelmChartContainer - [hivemq-test-hivemq-platform] [hivemq-platform-operator] [25b3b7d0] 21:22:30.779 [ReconcilerExecutor-hivemq-controller-131] DEBUG c.h.p.o.HiveMQPlatformReconciler - [updatelo] Custom Resource Spec (replicas: 2) (extensions: 1)
2025-01-28 21:22:30,782 INFO c.h.h.t.HelmChartContainer - [hivemq-test-hivemq-platform] [hivemq-platform-operator] [25b3b7d0] 21:22:30.780 [ReconcilerExecutor-hivemq-controller-131] DEBUG c.h.p.o.HiveMQPlatformReconciler - [updatelo] StatefulSet Status (revision: test-hivemq-platform-b697f795f, replicas: 2, available: 1, ready: 1, current: 2, updated: 2)
2025-01-28 21:22:30,782 INFO c.h.h.t.HelmChartContainer - [hivemq-test-hivemq-platform] [hivemq-platform-operator] [25b3b7d0] 21:22:30.781 [ReconcilerExecutor-hivemq-controller-131] DEBUG c.h.p.o.HiveMQPlatformReconciler - [updatelo] StatefulSet Spec (replicas: 2, init containers: 1, containers: 1, volumes: 3)
2025-01-28 21:22:30,783 INFO c.h.h.t.HelmChartContainer - [hivemq-test-hivemq-platform] [hivemq-platform-operator] [25b3b7d0] 21:22:30.782 [ReconcilerExecutor-hivemq-controller-131] DEBUG c.h.p.o.h.HiveMQPlatformReconcilerErrorHandler - [updatelo] Pod 'test-hivemq-platform-1' phase Running
2025-01-28 21:22:30,785 INFO c.h.h.t.HelmChartContainer - [hivemq-test-hivemq-platform] [hivemq-platform-operator] [25b3b7d0] 21:22:30.784 [ReconcilerExecutor-hivemq-controller-131] DEBUG c.h.p.o.h.HiveMQPlatformReconcilerErrorHandler - [updatelo] Pod 'test-hivemq-platform-0' phase Running
2025-01-28 21:22:30,786 INFO c.h.h.t.HelmChartContainer - [hivemq-test-hivemq-platform] [hivemq-platform-operator] [25b3b7d0] 21:22:30.785 [ReconcilerExecutor-hivemq-controller-131] INFO  c.h.p.o.h.HiveMQPlatformReconcilerSetLogLevelHandler - [updatelo] Successfully updated log level on all Pods
2025-01-28 21:22:30,795 INFO c.h.h.t.HelmChartContainer - [EVENT] Normal [Ready] HiveMQ Platform is ready [updateloglevelit:test-hivemq-platform]
2025-01-28 21:22:30,796 INFO c.h.h.t.HelmChartContainer - [hivemq-test-hivemq-platform] [hivemq-platform-operator] [25b3b7d0] 21:22:30.795 [ReconcilerExecutor-hivemq-controller-131] DEBUG c.h.p.operator.event.EventSender - [updatelo] Updating K8s event hivemq-platform-ready: [Ready] HiveMQ Platform is ready
2025-01-28 21:22:30,796 INFO c.h.h.t.HelmChartContainer - [hivemq-test-hivemq-platform] [hivemq-platform-operator] [25b3b7d0] 21:22:30.795 [ReconcilerExecutor-hivemq-controller-131] INFO  c.h.p.o.h.AbstractHiveMQReconcilerStateHandler - [updatelo] Update HiveMQ Platform Status (SET_LOG_LEVEL [WAIT_FOR_LOG_LEVEL_UPDATE] -> RUNNING [READY]): HiveMQ Platform is ready (reconciliation requests: SCALING)
2025-01-28 21:22:30,804 DEBUG com.hivemq.helmcharts.util.K8sUtil - Comparing actual state 'RUNNING' and waiting for 'RUNNING'
2025-01-28 21:22:32,573 INFO c.h.h.t.HelmChartContainer - [test-hivemq-platform] [hivemq] [890e4c2f] WARN  - No user for HiveMQ Control Center configured. Starting with default user
2025-01-28 21:22:32,805 INFO c.h.h.platform.UpdateLogLevelIT - Assert updated logback.xml in pods
2025-01-28 21:22:33,057 INFO c.h.h.t.HelmChartContainer - Uninstalling release 'test-hivemq-platform' in namespace 'updateloglevelit'...
2025-01-28 21:22:33,058 DEBUG c.h.h.t.HelmChartContainer - Executing helm command: /bin/helm --kubeconfig /etc/rancher/k3s/k3s.yaml uninstall test-hivemq-platform  --wait --timeout 5m0s --cascade foreground --namespace updateloglevelit
2025-01-28 21:22:33,291 INFO c.h.h.t.HelmChartContainer - [hivemq-test-hivemq-platform] [hivemq-platform-operator] [25b3b7d0] 21:22:33.283 [pool-6-thread-11] DEBUG c.h.p.o.d.PlatformServiceResource - [updatelo] Desired Platform services (3 services)
2025-01-28 21:22:33,291 INFO c.h.h.t.HelmChartContainer - [hivemq-test-hivemq-platform] [hivemq-platform-operator] [25b3b7d0] 21:22:33.283 [pool-6-thread-16] DEBUG c.h.p.o.dependants.PodInfoConfigMap - [updatelo] Desired PodInfo ConfigMap (1 extensions) (1 enabled)
2025-01-28 21:22:33,291 INFO c.h.h.t.HelmChartContainer - [hivemq-test-hivemq-platform] [hivemq-platform-operator] [25b3b7d0] 21:22:33.283 [pool-6-thread-16] DEBUG c.h.p.o.dependants.PodInfoConfigMap - [updatelo] Desired PodInfo ConfigMap (metrics port: 9399) (metrics path: /)
2025-01-28 21:22:33,291 INFO c.h.h.t.HelmChartContainer - [hivemq-test-hivemq-platform] [hivemq-platform-operator] [25b3b7d0] 21:22:33.283 [pool-6-thread-16] DEBUG c.h.p.o.dependants.PodInfoConfigMap - [updatelo] Desired PodInfo ConfigMap (extension state hash: -1817474005)
2025-01-28 21:22:33,292 INFO c.h.h.t.HelmChartContainer - [hivemq-test-hivemq-platform] [hivemq-platform-operator] [25b3b7d0] 21:22:33.284 [pool-6-thread-16] DEBUG c.h.p.o.dependants.PodInfoConfigMap - [updatelo] Update PodInfo ConfigMap
2025-01-28 21:22:33,298 INFO c.h.h.t.HelmChartContainer - [hivemq-test-hivemq-platform] [hivemq-platform-operator] [25b3b7d0] 21:22:33.289 [pool-6-thread-12] DEBUG c.h.p.o.d.PodServiceAccountResource - [updatelo] Desired PodServiceAccountResource (serviceAccountName: hivemq-platform-pod-test-hivemq-platform)
2025-01-28 21:22:33,392 INFO c.h.h.t.HelmChartContainer - [hivemq-test-hivemq-platform] [hivemq-platform-operator] [25b3b7d0] 21:22:33.390 [pool-6-thread-16] DEBUG c.h.p.o.d.StatefulSetResource - [updatelo] Desired StatefulSet (2 replicas) for status RUNNING (READY)
2025-01-28 21:22:33,441 INFO c.h.h.t.HelmChartContainer - [hivemq-test-hivemq-platform] [hivemq-platform-operator] [25b3b7d0] 21:22:33.440 [pool-6-thread-16] DEBUG c.h.p.o.d.StatefulSetResource - [updatelo] Update StatefulSet (replicas: 2 -> 2)
2025-01-28 21:22:33,441 INFO c.h.h.t.HelmChartContainer - [hivemq-test-hivemq-platform] [hivemq-platform-operator] [25b3b7d0] 21:22:33.440 [pool-6-thread-16] DEBUG c.h.p.o.d.StatefulSetResource - [updatelo] Detected change in StatefulSet specification (path: /template/metadata/annotations/kubernetes-resource-versions) (actual value: {broker-configuration-v2=-2089688360}) (target value: {broker-configuration-v2=0})
2025-01-28 21:22:33,441 INFO c.h.h.t.HelmChartContainer - [hivemq-test-hivemq-platform] [hivemq-platform-operator] [25b3b7d0] 21:22:33.440 [pool-6-thread-16] INFO  c.h.p.o.d.StatefulSetResource - [updatelo] StatefulSet spec was updated, triggering rolling restart
2025-01-28 21:22:33,463 INFO c.h.h.t.HelmChartContainer - [hivemq-test-hivemq-platform] [hivemq-platform-operator] [25b3b7d0] 21:22:33.457 [ReconcilerExecutor-hivemq-controller-132] INFO  c.h.p.o.HiveMQPlatformReconciler - [updatelo] Reconciling HiveMQ Platform 'test-hivemq-platform' in namespace 'updateloglevelit'
2025-01-28 21:22:33,463 INFO c.h.h.t.HelmChartContainer - [hivemq-test-hivemq-platform] [hivemq-platform-operator] [25b3b7d0] 21:22:33.458 [ReconcilerExecutor-hivemq-controller-132] DEBUG c.h.p.o.HiveMQPlatformReconciler - [updatelo] Custom Resource Status RUNNING - HiveMQ Platform is ready (READY) (reconciliation requests: ROLLING_RESTART, SCALING, REQUESTS_UPDATED)
2025-01-28 21:22:33,463 INFO c.h.h.t.HelmChartContainer - [hivemq-test-hivemq-platform] [hivemq-platform-operator] [25b3b7d0] 21:22:33.458 [ReconcilerExecutor-hivemq-controller-132] DEBUG c.h.p.o.HiveMQPlatformReconciler - [updatelo] Custom Resource Spec (replicas: 2) (extensions: 1)
2025-01-28 21:22:33,463 INFO c.h.h.t.HelmChartContainer - [hivemq-test-hivemq-platform] [hivemq-platform-operator] [25b3b7d0] 21:22:33.458 [ReconcilerExecutor-hivemq-controller-132] WARN  c.h.p.o.h.HiveMQPlatformReconcilerErrorHandler - [updatelo] Could not find ConfigMap 'hivemq-configuration-test-hivemq-platform' for HiveMQ Platform configuration
2025-01-28 21:22:33,497 INFO c.h.h.t.HelmChartContainer - [hivemq-test-hivemq-platform] [hivemq-platform-operator] [25b3b7d0] 21:22:33.497 [ReconcilerExecutor-hivemq-controller-132] DEBUG c.h.p.operator.event.EventSender - [updatelo] Creating K8s event hivemq-platform-invalid-configuration: [Start] Could not find ConfigMap 'hivemq-configuration-test-hivemq-platform' for HiveMQ Platform configuration
2025-01-28 21:22:33,501 INFO c.h.h.t.HelmChartContainer - [EVENT] Warning [Start] Could not find ConfigMap 'hivemq-configuration-test-hivemq-platform' for HiveMQ Platform configuration [updateloglevelit:test-hivemq-platform]
2025-01-28 21:22:33,501 INFO c.h.h.t.HelmChartContainer - [hivemq-test-hivemq-platform] [hivemq-platform-operator] [25b3b7d0] 21:22:33.500 [ReconcilerExecutor-hivemq-controller-132] INFO  c.h.p.o.h.AbstractHiveMQReconcilerStateHandler - [updatelo] Update HiveMQ Platform Status (RUNNING [READY] -> ERROR [INVALID_CONFIG_MAP]): Could not find ConfigMap 'hivemq-configuration-test-hivemq-platform' for HiveMQ Platform configuration (reconciliation requests: ROLLING_RESTART, SCALING)
2025-01-28 21:22:33,541 INFO c.h.h.t.HelmChartContainer - [hivemq-test-hivemq-platform] [hivemq-platform-operator] [25b3b7d0] 21:22:33.507 [ReconcilerExecutor-hivemq-controller-132] ERROR i.j.o.p.event.EventProcessor - Error during event processing ExecutionScope{ resource id: ResourceID{name='test-hivemq-platform', namespace='updateloglevelit'}, version: 1210}
2025-01-28 21:22:33,541 INFO c.h.h.t.HelmChartContainer - [hivemq-test-hivemq-platform] [hivemq-platform-operator] [25b3b7d0] io.fabric8.kubernetes.client.KubernetesClientException: Failure executing: PUT at: https://10.43.0.1:443/apis/hivemq.com/v1/namespaces/updateloglevelit/hivemq-platforms/test-hivemq-platform/status. Message: Operation cannot be fulfilled on hivemq-platforms.hivemq.com "test-hivemq-platform": the object has been modified; please apply your changes to the latest version and try again. Received status: Status(apiVersion=v1, code=409, details=StatusDetails(causes=[], group=hivemq.com, kind=hivemq-platforms, name=test-hivemq-platform, retryAfterSeconds=null, uid=null, additionalProperties={}), kind=Status, message=Operation cannot be fulfilled on hivemq-platforms.hivemq.com "test-hivemq-platform": the object has been modified; please apply your changes to the latest version and try again, metadata=ListMeta(_continue=null, remainingItemCount=null, resourceVersion=null, selfLink=null, additionalProperties={}), reason=Conflict, status=Failure, additionalProperties={}).
2025-01-28 21:22:33,541 INFO c.h.h.t.HelmChartContainer - [hivemq-test-hivemq-platform] [hivemq-platform-operator] [25b3b7d0] 	at io.fabric8.kubernetes.client.KubernetesClientException.copyAsCause(KubernetesClientException.java:238)
2025-01-28 21:22:33,541 INFO c.h.h.t.HelmChartContainer - [hivemq-test-hivemq-platform] [hivemq-platform-operator] [25b3b7d0] 	at io.fabric8.kubernetes.client.dsl.internal.OperationSupport.waitForResult(OperationSupport.java:507)
2025-01-28 21:22:33,541 INFO c.h.h.t.HelmChartContainer - [hivemq-test-hivemq-platform] [hivemq-platform-operator] [25b3b7d0] 	at io.fabric8.kubernetes.client.dsl.internal.OperationSupport.handleResponse(OperationSupport.java:524)
2025-01-28 21:22:33,541 INFO c.h.h.t.HelmChartContainer - [hivemq-test-hivemq-platform] [hivemq-platform-operator] [25b3b7d0] 	at io.fabric8.kubernetes.client.dsl.internal.OperationSupport.handleUpdate(OperationSupport.java:358)
2025-01-28 21:22:33,541 INFO c.h.h.t.HelmChartContainer - [hivemq-test-hivemq-platform] [hivemq-platform-operator] [25b3b7d0] 	at io.fabric8.kubernetes.client.dsl.internal.BaseOperation.handleUpdate(BaseOperation.java:759)
2025-01-28 21:22:33,541 INFO c.h.h.t.HelmChartContainer - [hivemq-test-hivemq-platform] [hivemq-platform-operator] [25b3b7d0] 	at io.fabric8.kubernetes.client.dsl.internal.HasMetadataOperation.update(HasMetadataOperation.java:138)
2025-01-28 21:22:33,541 INFO c.h.h.t.HelmChartContainer - [hivemq-test-hivemq-platform] [hivemq-platform-operator] [25b3b7d0] 	at io.fabric8.kubernetes.client.dsl.internal.HasMetadataOperation.update(HasMetadataOperation.java:121)
2025-01-28 21:22:33,541 INFO c.h.h.t.HelmChartContainer - [hivemq-test-hivemq-platform] [hivemq-platform-operator] [25b3b7d0] 	at io.fabric8.kubernetes.client.dsl.internal.HasMetadataOperation.updateStatus(HasMetadataOperation.java:126)
2025-01-28 21:22:33,541 INFO c.h.h.t.HelmChartContainer - [hivemq-test-hivemq-platform] [hivemq-platform-operator] [25b3b7d0] 	at io.fabric8.kubernetes.client.dsl.internal.HasMetadataOperation.updateStatus(HasMetadataOperation.java:44)
2025-01-28 21:22:33,541 INFO c.h.h.t.HelmChartContainer - [hivemq-test-hivemq-platform] [hivemq-platform-operator] [25b3b7d0] 	at io.javaoperatorsdk.operator.processing.event.ReconciliationDispatcher$CustomResourceFacade.updateStatus(ReconciliationDispatcher.java:408)
2025-01-28 21:22:33,541 INFO c.h.h.t.HelmChartContainer - [hivemq-test-hivemq-platform] [hivemq-platform-operator] [25b3b7d0] 	at io.javaoperatorsdk.operator.processing.event.ReconciliationDispatcher.updateStatusGenerationAware(ReconciliationDispatcher.java:228)
2025-01-28 21:22:33,541 INFO c.h.h.t.HelmChartContainer - [hivemq-test-hivemq-platform] [hivemq-platform-operator] [25b3b7d0] 	at io.javaoperatorsdk.operator.processing.event.ReconciliationDispatcher.reconcileExecution(ReconciliationDispatcher.java:150)
2025-01-28 21:22:33,541 INFO c.h.h.t.HelmChartContainer - [hivemq-test-hivemq-platform] [hivemq-platform-operator] [25b3b7d0] 	at io.javaoperatorsdk.operator.processing.event.ReconciliationDispatcher.handleReconcile(ReconciliationDispatcher.java:117)
2025-01-28 21:22:33,541 INFO c.h.h.t.HelmChartContainer - [hivemq-test-hivemq-platform] [hivemq-platform-operator] [25b3b7d0] 	at io.javaoperatorsdk.operator.processing.event.ReconciliationDispatcher.handleDispatch(ReconciliationDispatcher.java:91)
2025-01-28 21:22:33,541 INFO c.h.h.t.HelmChartContainer - [hivemq-test-hivemq-platform] [hivemq-platform-operator] [25b3b7d0] 	at io.javaoperatorsdk.operator.processing.event.ReconciliationDispatcher.handleExecution(ReconciliationDispatcher.java:64)
2025-01-28 21:22:33,541 INFO c.h.h.t.HelmChartContainer - [hivemq-test-hivemq-platform] [hivemq-platform-operator] [25b3b7d0] 	at io.javaoperatorsdk.operator.processing.event.EventProcessor$ReconcilerExecutor.run(EventProcessor.java:452)
2025-01-28 21:22:33,541 INFO c.h.h.t.HelmChartContainer - [hivemq-test-hivemq-platform] [hivemq-platform-operator] [25b3b7d0] 	at java.base/java.util.concurrent.ThreadPoolExecutor.runWorker(Unknown Source)
2025-01-28 21:22:33,542 INFO c.h.h.t.HelmChartContainer - [hivemq-test-hivemq-platform] [hivemq-platform-operator] [25b3b7d0] 	at java.base/java.util.concurrent.ThreadPoolExecutor$Worker.run(Unknown Source)
2025-01-28 21:22:33,542 INFO c.h.h.t.HelmChartContainer - [hivemq-test-hivemq-platform] [hivemq-platform-operator] [25b3b7d0] 	at java.base/java.lang.Thread.run(Unknown Source)
2025-01-28 21:22:33,542 INFO c.h.h.t.HelmChartContainer - [hivemq-test-hivemq-platform] [hivemq-platform-operator] [25b3b7d0] Caused by: io.fabric8.kubernetes.client.KubernetesClientException: Failure executing: PUT at: https://10.43.0.1:443/apis/hivemq.com/v1/namespaces/updateloglevelit/hivemq-platforms/test-hivemq-platform/status. Message: Operation cannot be fulfilled on hivemq-platforms.hivemq.com "test-hivemq-platform": the object has been modified; please apply your changes to the latest version and try again. Received status: Status(apiVersion=v1, code=409, details=StatusDetails(causes=[], group=hivemq.com, kind=hivemq-platforms, name=test-hivemq-platform, retryAfterSeconds=null, uid=null, additionalProperties={}), kind=Status, message=Operation cannot be fulfilled on hivemq-platforms.hivemq.com "test-hivemq-platform": the object has been modified; please apply your changes to the latest version and try again, metadata=ListMeta(_continue=null, remainingItemCount=null, resourceVersion=null, selfLink=null, additionalProperties={}), reason=Conflict, status=Failure, additionalProperties={}).
2025-01-28 21:22:33,542 INFO c.h.h.t.HelmChartContainer - [hivemq-test-hivemq-platform] [hivemq-platform-operator] [25b3b7d0] 	at io.fabric8.kubernetes.client.dsl.internal.OperationSupport.requestFailure(OperationSupport.java:660)
2025-01-28 21:22:33,542 INFO c.h.h.t.HelmChartContainer - [hivemq-test-hivemq-platform] [hivemq-platform-operator] [25b3b7d0] 	at io.fabric8.kubernetes.client.dsl.internal.OperationSupport.requestFailure(OperationSupport.java:640)
2025-01-28 21:22:33,542 INFO c.h.h.t.HelmChartContainer - [hivemq-test-hivemq-platform] [hivemq-platform-operator] [25b3b7d0] 	at io.fabric8.kubernetes.client.dsl.internal.OperationSupport.assertResponseCode(OperationSupport.java:589)
2025-01-28 21:22:33,542 INFO c.h.h.t.HelmChartContainer - [hivemq-test-hivemq-platform] [hivemq-platform-operator] [25b3b7d0] 	at io.fabric8.kubernetes.client.dsl.internal.OperationSupport.lambda$handleResponse$0(OperationSupport.java:549)
2025-01-28 21:22:33,542 INFO c.h.h.t.HelmChartContainer - [hivemq-test-hivemq-platform] [hivemq-platform-operator] [25b3b7d0] 	at java.base/java.util.concurrent.CompletableFuture$UniApply.tryFire(Unknown Source)
2025-01-28 21:22:33,542 INFO c.h.h.t.HelmChartContainer - [hivemq-test-hivemq-platform] [hivemq-platform-operator] [25b3b7d0] 	at java.base/java.util.concurrent.CompletableFuture.postComplete(Unknown Source)
2025-01-28 21:22:33,542 INFO c.h.h.t.HelmChartContainer - [hivemq-test-hivemq-platform] [hivemq-platform-operator] [25b3b7d0] 	at java.base/java.util.concurrent.CompletableFuture.complete(Unknown Source)
2025-01-28 21:22:33,542 INFO c.h.h.t.HelmChartContainer - [hivemq-test-hivemq-platform] [hivemq-platform-operator] [25b3b7d0] 	at io.fabric8.kubernetes.client.http.StandardHttpClient.lambda$completeOrCancel$10(StandardHttpClient.java:141)
2025-01-28 21:22:33,542 INFO c.h.h.t.HelmChartContainer - [hivemq-test-hivemq-platform] [hivemq-platform-operator] [25b3b7d0] 	at java.base/java.util.concurrent.CompletableFuture.uniWhenComplete(Unknown Source)
2025-01-28 21:22:33,542 INFO c.h.h.t.HelmChartContainer - [hivemq-test-hivemq-platform] [hivemq-platform-operator] [25b3b7d0] 	at java.base/java.util.concurrent.CompletableFuture$UniWhenComplete.tryFire(Unknown Source)
2025-01-28 21:22:33,542 INFO c.h.h.t.HelmChartContainer - [hivemq-test-hivemq-platform] [hivemq-platform-operator] [25b3b7d0] 	at java.base/java.util.concurrent.CompletableFuture.postComplete(Unknown Source)
2025-01-28 21:22:33,542 INFO c.h.h.t.HelmChartContainer - [hivemq-test-hivemq-platform] [hivemq-platform-operator] [25b3b7d0] 	at java.base/java.util.concurrent.CompletableFuture.complete(Unknown Source)
2025-01-28 21:22:33,542 INFO c.h.h.t.HelmChartContainer - [hivemq-test-hivemq-platform] [hivemq-platform-operator] [25b3b7d0] 	at io.fabric8.kubernetes.client.http.ByteArrayBodyHandler.onBodyDone(ByteArrayBodyHandler.java:51)
2025-01-28 21:22:33,542 INFO c.h.h.t.HelmChartContainer - [hivemq-test-hivemq-platform] [hivemq-platform-operator] [25b3b7d0] 	at java.base/java.util.concurrent.CompletableFuture.uniWhenComplete(Unknown Source)
2025-01-28 21:22:33,542 INFO c.h.h.t.HelmChartContainer - [hivemq-test-hivemq-platform] [hivemq-platform-operator] [25b3b7d0] 	at java.base/java.util.concurrent.CompletableFuture$UniWhenComplete.tryFire(Unknown Source)
2025-01-28 21:22:33,542 INFO c.h.h.t.HelmChartContainer - [hivemq-test-hivemq-platform] [hivemq-platform-operator] [25b3b7d0] 	at java.base/java.util.concurrent.CompletableFuture.postComplete(Unknown Source)
2025-01-28 21:22:33,542 INFO c.h.h.t.HelmChartContainer - [hivemq-test-hivemq-platform] [hivemq-platform-operator] [25b3b7d0] 	at java.base/java.util.concurrent.CompletableFuture.complete(Unknown Source)
2025-01-28 21:22:33,542 INFO c.h.h.t.HelmChartContainer - [hivemq-test-hivemq-platform] [hivemq-platform-operator] [25b3b7d0] 	at io.fabric8.kubernetes.client.vertx.VertxHttpRequest.lambda$null$1(VertxHttpRequest.java:121)
2025-01-28 21:22:33,542 INFO c.h.h.t.HelmChartContainer - [hivemq-test-hivemq-platform] [hivemq-platform-operator] [25b3b7d0] 	at io.vertx.core.impl.ContextInternal.dispatch(ContextInternal.java:279)
2025-01-28 21:22:33,542 INFO c.h.h.t.HelmChartContainer - [hivemq-test-hivemq-platform] [hivemq-platform-operator] [25b3b7d0] 	at io.vertx.core.impl.ContextInternal.dispatch(ContextInternal.java:261)
2025-01-28 21:22:33,542 INFO c.h.h.t.HelmChartContainer - [hivemq-test-hivemq-platform] [hivemq-platform-operator] [25b3b7d0] 	at io.vertx.core.http.impl.HttpEventHandler.handleEnd(HttpEventHandler.java:76)
2025-01-28 21:22:33,542 INFO c.h.h.t.HelmChartContainer - [hivemq-test-hivemq-platform] [hivemq-platform-operator] [25b3b7d0] 	at io.vertx.core.http.impl.HttpClientResponseImpl.handleEnd(HttpClientResponseImpl.java:250)
2025-01-28 21:22:33,542 INFO c.h.h.t.HelmChartContainer - [hivemq-test-hivemq-platform] [hivemq-platform-operator] [25b3b7d0] 	at io.vertx.core.http.impl.Http1xClientConnection$StreamImpl.lambda$new$0(Http1xClientConnection.java:421)
2025-01-28 21:22:33,542 INFO c.h.h.t.HelmChartContainer - [hivemq-test-hivemq-platform] [hivemq-platform-operator] [25b3b7d0] 	at io.vertx.core.streams.impl.InboundBuffer.handleEvent(InboundBuffer.java:279)
2025-01-28 21:22:33,542 INFO c.h.h.t.HelmChartContainer - [hivemq-test-hivemq-platform] [hivemq-platform-operator] [25b3b7d0] 	at io.vertx.core.streams.impl.InboundBuffer.write(InboundBuffer.java:157)
2025-01-28 21:22:33,542 INFO c.h.h.t.HelmChartContainer - [hivemq-test-hivemq-platform] [hivemq-platform-operator] [25b3b7d0] 	at io.vertx.core.http.impl.Http1xClientConnection$StreamImpl.handleEnd(Http1xClientConnection.java:709)
2025-01-28 21:22:33,542 INFO c.h.h.t.HelmChartContainer - [hivemq-test-hivemq-platform] [hivemq-platform-operator] [25b3b7d0] 	at io.vertx.core.impl.ContextImpl.execute(ContextImpl.java:313)
2025-01-28 21:22:33,542 INFO c.h.h.t.HelmChartContainer - [hivemq-test-hivemq-platform] [hivemq-platform-operator] [25b3b7d0] 	at io.vertx.core.impl.ContextImpl.execute(ContextImpl.java:293)
2025-01-28 21:22:33,542 INFO c.h.h.t.HelmChartContainer - [hivemq-test-hivemq-platform] [hivemq-platform-operator] [25b3b7d0] 	at io.vertx.core.http.impl.Http1xClientConnection.handleResponseEnd(Http1xClientConnection.java:940)
2025-01-28 21:22:33,542 INFO c.h.h.t.HelmChartContainer - [hivemq-test-hivemq-platform] [hivemq-platform-operator] [25b3b7d0] 	at io.vertx.core.http.impl.Http1xClientConnection.handleHttpMessage(Http1xClientConnection.java:810)
2025-01-28 21:22:33,542 INFO c.h.h.t.HelmChartContainer - [hivemq-test-hivemq-platform] [hivemq-platform-operator] [25b3b7d0] 	at io.vertx.core.http.impl.Http1xClientConnection.handleMessage(Http1xClientConnection.java:774)
2025-01-28 21:22:33,542 INFO c.h.h.t.HelmChartContainer - [hivemq-test-hivemq-platform] [hivemq-platform-operator] [25b3b7d0] 	at io.vertx.core.net.impl.ConnectionBase.read(ConnectionBase.java:159)
2025-01-28 21:22:33,542 INFO c.h.h.t.HelmChartContainer - [hivemq-test-hivemq-platform] [hivemq-platform-operator] [25b3b7d0] 	at io.vertx.core.net.impl.VertxHandler.channelRead(VertxHandler.java:153)
2025-01-28 21:22:33,542 INFO c.h.h.t.HelmChartContainer - [hivemq-test-hivemq-platform] [hivemq-platform-operator] [25b3b7d0] 	at io.netty.channel.AbstractChannelHandlerContext.invokeChannelRead(AbstractChannelHandlerContext.java:442)
2025-01-28 21:22:33,542 INFO c.h.h.t.HelmChartContainer - [hivemq-test-hivemq-platform] [hivemq-platform-operator] [25b3b7d0] 	at io.netty.channel.AbstractChannelHandlerContext.invokeChannelRead(AbstractChannelHandlerContext.java:420)
2025-01-28 21:22:33,542 INFO c.h.h.t.HelmChartContainer - [hivemq-test-hivemq-platform] [hivemq-platform-operator] [25b3b7d0] 	at io.netty.channel.AbstractChannelHandlerContext.fireChannelRead(AbstractChannelHandlerContext.java:412)
2025-01-28 21:22:33,542 INFO c.h.h.t.HelmChartContainer - [hivemq-test-hivemq-platform] [hivemq-platform-operator] [25b3b7d0] 	at io.netty.channel.CombinedChannelDuplexHandler$DelegatingChannelHandlerContext.fireChannelRead(CombinedChannelDuplexHandler.java:436)
2025-01-28 21:22:33,542 INFO c.h.h.t.HelmChartContainer - [hivemq-test-hivemq-platform] [hivemq-platform-operator] [25b3b7d0] 	at io.netty.handler.codec.ByteToMessageDecoder.fireChannelRead(ByteToMessageDecoder.java:346)
2025-01-28 21:22:33,542 INFO c.h.h.t.HelmChartContainer - [hivemq-test-hivemq-platform] [hivemq-platform-operator] [25b3b7d0] 	at io.netty.handler.codec.ByteToMessageDecoder.channelRead(ByteToMessageDecoder.java:318)
2025-01-28 21:22:33,542 INFO c.h.h.t.HelmChartContainer - [hivemq-test-hivemq-platform] [hivemq-platform-operator] [25b3b7d0] 	at io.netty.channel.CombinedChannelDuplexHandler.channelRead(CombinedChannelDuplexHandler.java:251)
2025-01-28 21:22:33,542 INFO c.h.h.t.HelmChartContainer - [hivemq-test-hivemq-platform] [hivemq-platform-operator] [25b3b7d0] 	at io.netty.channel.AbstractChannelHandlerContext.invokeChannelRead(AbstractChannelHandlerContext.java:442)
2025-01-28 21:22:33,543 INFO c.h.h.t.HelmChartContainer - [hivemq-test-hivemq-platform] [hivemq-platform-operator] [25b3b7d0] 	at io.netty.channel.AbstractChannelHandlerContext.invokeChannelRead(AbstractChannelHandlerContext.java:420)
2025-01-28 21:22:33,543 INFO c.h.h.t.HelmChartContainer - [hivemq-test-hivemq-platform] [hivemq-platform-operator] [25b3b7d0] 	at io.netty.channel.AbstractChannelHandlerContext.fireChannelRead(AbstractChannelHandlerContext.java:412)
2025-01-28 21:22:33,543 INFO c.h.h.t.HelmChartContainer - [hivemq-test-hivemq-platform] [hivemq-platform-operator] [25b3b7d0] 	at io.netty.handler.ssl.SslHandler.unwrap(SslHandler.java:1475)
2025-01-28 21:22:33,543 INFO c.h.h.t.HelmChartContainer - [hivemq-test-hivemq-platform] [hivemq-platform-operator] [25b3b7d0] 	at io.netty.handler.ssl.SslHandler.decodeJdkCompatible(SslHandler.java:1338)
2025-01-28 21:22:33,543 INFO c.h.h.t.HelmChartContainer - [hivemq-test-hivemq-platform] [hivemq-platform-operator] [25b3b7d0] 	at io.netty.handler.ssl.SslHandler.decode(SslHandler.java:1387)
2025-01-28 21:22:33,543 INFO c.h.h.t.HelmChartContainer - [hivemq-test-hivemq-platform] [hivemq-platform-operator] [25b3b7d0] 	at io.netty.handler.codec.ByteToMessageDecoder.decodeRemovalReentryProtection(ByteToMessageDecoder.java:530)
2025-01-28 21:22:33,543 INFO c.h.h.t.HelmChartContainer - [hivemq-test-hivemq-platform] [hivemq-platform-operator] [25b3b7d0] 	at io.netty.handler.codec.ByteToMessageDecoder.callDecode(ByteToMessageDecoder.java:469)
2025-01-28 21:22:33,543 INFO c.h.h.t.HelmChartContainer - [hivemq-test-hivemq-platform] [hivemq-platform-operator] [25b3b7d0] 	at io.netty.handler.codec.ByteToMessageDecoder.channelRead(ByteToMessageDecoder.java:290)
2025-01-28 21:22:33,543 INFO c.h.h.t.HelmChartContainer - [hivemq-test-hivemq-platform] [hivemq-platform-operator] [25b3b7d0] 	at io.netty.channel.AbstractChannelHandlerContext.invokeChannelRead(AbstractChannelHandlerContext.java:444)
2025-01-28 21:22:33,543 INFO c.h.h.t.HelmChartContainer - [hivemq-test-hivemq-platform] [hivemq-platform-operator] [25b3b7d0] 	at io.netty.channel.AbstractChannelHandlerContext.invokeChannelRead(AbstractChannelHandlerContext.java:420)
2025-01-28 21:22:33,543 INFO c.h.h.t.HelmChartContainer - [hivemq-test-hivemq-platform] [hivemq-platform-operator] [25b3b7d0] 	at io.netty.channel.AbstractChannelHandlerContext.fireChannelRead(AbstractChannelHandlerContext.java:412)
2025-01-28 21:22:33,543 INFO c.h.h.t.HelmChartContainer - [hivemq-test-hivemq-platform] [hivemq-platform-operator] [25b3b7d0] 	at io.netty.channel.DefaultChannelPipeline$HeadContext.channelRead(DefaultChannelPipeline.java:1407)
2025-01-28 21:22:33,543 INFO c.h.h.t.HelmChartContainer - [hivemq-test-hivemq-platform] [hivemq-platform-operator] [25b3b7d0] 	at io.netty.channel.AbstractChannelHandlerContext.invokeChannelRead(AbstractChannelHandlerContext.java:440)
2025-01-28 21:22:33,543 INFO c.h.h.t.HelmChartContainer - [hivemq-test-hivemq-platform] [hivemq-platform-operator] [25b3b7d0] 	at io.netty.channel.AbstractChannelHandlerContext.invokeChannelRead(AbstractChannelHandlerContext.java:420)
2025-01-28 21:22:33,543 INFO c.h.h.t.HelmChartContainer - [hivemq-test-hivemq-platform] [hivemq-platform-operator] [25b3b7d0] 	at io.netty.channel.DefaultChannelPipeline.fireChannelRead(DefaultChannelPipeline.java:918)
2025-01-28 21:22:33,543 INFO c.h.h.t.HelmChartContainer - [hivemq-test-hivemq-platform] [hivemq-platform-operator] [25b3b7d0] 	at io.netty.channel.nio.AbstractNioByteChannel$NioByteUnsafe.read(AbstractNioByteChannel.java:166)
2025-01-28 21:22:33,543 INFO c.h.h.t.HelmChartContainer - [hivemq-test-hivemq-platform] [hivemq-platform-operator] [25b3b7d0] 	at io.netty.channel.nio.NioEventLoop.processSelectedKey(NioEventLoop.java:788)
2025-01-28 21:22:33,543 INFO c.h.h.t.HelmChartContainer - [hivemq-test-hivemq-platform] [hivemq-platform-operator] [25b3b7d0] 	at io.netty.channel.nio.NioEventLoop.processSelectedKeysOptimized(NioEventLoop.java:724)
2025-01-28 21:22:33,543 INFO c.h.h.t.HelmChartContainer - [hivemq-test-hivemq-platform] [hivemq-platform-operator] [25b3b7d0] 	at io.netty.channel.nio.NioEventLoop.processSelectedKeys(NioEventLoop.java:650)
2025-01-28 21:22:33,543 INFO c.h.h.t.HelmChartContainer - [hivemq-test-hivemq-platform] [hivemq-platform-operator] [25b3b7d0] 	at io.netty.channel.nio.NioEventLoop.run(NioEventLoop.java:562)
2025-01-28 21:22:33,543 INFO c.h.h.t.HelmChartContainer - [hivemq-test-hivemq-platform] [hivemq-platform-operator] [25b3b7d0] 	at io.netty.util.concurrent.SingleThreadEventExecutor$4.run(SingleThreadEventExecutor.java:997)
2025-01-28 21:22:33,543 INFO c.h.h.t.HelmChartContainer - [hivemq-test-hivemq-platform] [hivemq-platform-operator] [25b3b7d0] 	at io.netty.util.internal.ThreadExecutorMap$2.run(ThreadExecutorMap.java:74)
2025-01-28 21:22:33,543 INFO c.h.h.t.HelmChartContainer - [hivemq-test-hivemq-platform] [hivemq-platform-operator] [25b3b7d0] 	at io.netty.util.concurrent.FastThreadLocalRunnable.run(FastThreadLocalRunnable.java:30)
2025-01-28 21:22:33,543 INFO c.h.h.t.HelmChartContainer - [hivemq-test-hivemq-platform] [hivemq-platform-operator] [25b3b7d0] 	... 1 common frames omitted
2025-01-28 21:22:33,556 INFO c.h.h.t.HelmChartContainer - [hivemq-test-hivemq-platform] [hivemq-platform-operator] [25b3b7d0] 21:22:33.550 [ReconcilerExecutor-hivemq-controller-136] INFO  c.h.p.o.HiveMQPlatformReconciler - [updatelo] Cleanup test-hivemq-platform - updateloglevelit HiveMQ Platform is shut down
2025-01-28 21:22:34,048 INFO c.h.h.t.HelmChartContainer - [POD] test-hivemq-platform-0 [a77cc40e-a2d1-4cf7-bcce-cde9c432cb87] in updateloglevelit was MODIFIED
2025-01-28 21:22:34,057 INFO c.h.h.t.HelmChartContainer - [test-hivemq-platform] [hivemq] [a77cc40e] INFO  - [HiveMQ Platform Operator Init App 1.7.0-SNAPSHOT] Shutting down
2025-01-28 21:22:34,057 INFO c.h.h.t.HelmChartContainer - [test-hivemq-platform] [hivemq] [a77cc40e] INFO  - [HiveMQ Platform Operator Init App 1.7.0-SNAPSHOT] Stopping the HiveMQ Platform
2025-01-28 21:22:34,061 INFO c.h.h.t.HelmChartContainer - [EVENT] Normal [Killing] Stopping container hivemq [updateloglevelit:test-hivemq-platform-0]
2025-01-28 21:22:34,061 INFO c.h.h.t.HelmChartContainer - Received Killing event for container hivemq in pod test-hivemq-platform-0 [a77cc40e-a2d1-4cf7-bcce-cde9c432cb87]
2025-01-28 21:22:34,061 INFO c.h.h.t.HelmChartContainer - Container [test-hivemq-platform-0] [hivemq] [a77cc40e-a2d1-4cf7-bcce-cde9c432cb87] was terminated
2025-01-28 21:22:34,061 INFO c.h.h.t.HelmChartContainer - Stopped log watcher for hivemq in pod test-hivemq-platform-0 [a77cc40e-a2d1-4cf7-bcce-cde9c432cb87]
2025-01-28 21:22:34,085 INFO c.h.h.t.HelmChartContainer - [POD] test-hivemq-platform-1 [890e4c2f-3d50-4ded-b9ee-daa9b5a32a8e] in updateloglevelit was MODIFIED
2025-01-28 21:22:34,118 INFO c.h.h.t.HelmChartContainer - [EVENT] Normal [Killing] Stopping container hivemq [updateloglevelit:test-hivemq-platform-1]
2025-01-28 21:22:34,118 INFO c.h.h.t.HelmChartContainer - Received Killing event for container hivemq in pod test-hivemq-platform-1 [890e4c2f-3d50-4ded-b9ee-daa9b5a32a8e]
2025-01-28 21:22:34,118 INFO c.h.h.t.HelmChartContainer - Container [test-hivemq-platform-1] [hivemq] [890e4c2f-3d50-4ded-b9ee-daa9b5a32a8e] was terminated
2025-01-28 21:22:34,118 INFO c.h.h.t.HelmChartContainer - Stopped log watcher for hivemq in pod test-hivemq-platform-1 [890e4c2f-3d50-4ded-b9ee-daa9b5a32a8e]
2025-01-28 21:22:34,145 INFO c.h.h.t.HelmChartContainer - [test-hivemq-platform] [hivemq] [890e4c2f] INFO  - [HiveMQ Platform Operator Init App 1.7.0-SNAPSHOT] Returning Health API response 200 for readiness
2025-01-28 21:22:34,146 INFO c.h.h.t.HelmChartContainer - [test-hivemq-platform] [hivemq] [890e4c2f] INFO  - [HiveMQ Platform Operator Init App 1.7.0-SNAPSHOT] Shutting down
2025-01-28 21:22:34,146 INFO c.h.h.t.HelmChartContainer - [test-hivemq-platform] [hivemq] [890e4c2f] INFO  - [HiveMQ Platform Operator Init App 1.7.0-SNAPSHOT] Stopping the HiveMQ Platform
2025-01-28 21:22:34,186 INFO c.h.h.t.HelmChartContainer - [POD] test-hivemq-platform-1 [890e4c2f-3d50-4ded-b9ee-daa9b5a32a8e] in updateloglevelit was MODIFIED
2025-01-28 21:22:35,160 INFO c.h.h.t.HelmChartContainer - [K3S] [authentication.go:74] "Unable to authenticate the request" err="[invalid bearer token, serviceaccounts \"hivemq-platform-pod-test-hivemq-platform\" not found]"
2025-01-28 21:22:35,249 INFO c.h.h.t.HelmChartContainer - [K3S] [authentication.go:74] "Unable to authenticate the request" err="[invalid bearer token, serviceaccounts \"hivemq-platform-pod-test-hivemq-platform\" not found]"
2025-01-28 21:22:35,262 INFO c.h.h.t.HelmChartContainer - [test-hivemq-platform] [hivemq] [890e4c2f] WARN  - [HiveMQ Platform Operator Init App 1.7.0-SNAPSHOT] Could not update Pod annotations: Failure executing: GET at: https://10.43.0.1:443/api/v1/namespaces/updateloglevelit/pods/test-hivemq-platform-1. Message: Unauthorized. Received status: Status(apiVersion=v1, code=401, details=null, kind=Status, message=Unauthorized, metadata=ListMeta(_continue=null, remainingItemCount=null, resourceVersion=null, selfLink=null, additionalProperties={}), reason=Unauthorized, status=Failure, additionalProperties={}).
2025-01-28 21:22:35,435 INFO c.h.h.t.HelmChartContainer - Deleting namespace 'updateloglevelit'...
2025-01-28 21:22:37,620 INFO c.h.h.t.HelmChartContainer - [test-hivemq-platform] [hivemq] [a77cc40e] INFO  - [HiveMQ Platform Operator Init App 1.7.0-SNAPSHOT] Returning shutdown Health API response 503 for readiness
2025-01-28 21:22:37,623 INFO c.h.h.t.HelmChartContainer - [EVENT] Warning [Unhealthy] Readiness probe failed: HTTP probe failed with statuscode: 503 [updateloglevelit:test-hivemq-platform-0]
2025-01-28 21:22:37,623 INFO c.h.h.t.HelmChartContainer - Received Unhealthy event for container hivemq in pod test-hivemq-platform-0 [a77cc40e-a2d1-4cf7-bcce-cde9c432cb87]
2025-01-28 21:22:38,174 INFO c.h.h.t.HelmChartContainer - [K3S] [authentication.go:74] "Unable to authenticate the request" err="[invalid bearer token, serviceaccounts \"hivemq-platform-pod-test-hivemq-platform\" not found]"
2025-01-28 21:22:38,194 INFO c.h.h.t.HelmChartContainer - [K3S] [authentication.go:74] "Unable to authenticate the request" err="[invalid bearer token, serviceaccounts \"hivemq-platform-pod-test-hivemq-platform\" not found]"
2025-01-28 21:22:38,269 INFO c.h.h.t.HelmChartContainer - [test-hivemq-platform] [hivemq] [a77cc40e] WARN  - [HiveMQ Platform Operator Init App 1.7.0-SNAPSHOT] Could not update Pod annotations: Failure executing: GET at: https://10.43.0.1:443/api/v1/namespaces/updateloglevelit/pods/test-hivemq-platform-0. Message: Unauthorized. Received status: Status(apiVersion=v1, code=401, details=null, kind=Status, message=Unauthorized, metadata=ListMeta(_continue=null, remainingItemCount=null, resourceVersion=null, selfLink=null, additionalProperties={}), reason=Unauthorized, status=Failure, additionalProperties={}).
2025-01-28 21:22:39,082 INFO c.h.h.t.HelmChartContainer - [test-hivemq-platform] [hivemq] [890e4c2f] INFO  - [HiveMQ Platform Operator Init App 1.7.0-SNAPSHOT] Returning shutdown Health API response 503 for readiness
2025-01-28 21:22:39,086 INFO c.h.h.t.HelmChartContainer - [EVENT] Warning [Unhealthy] Readiness probe failed: HTTP probe failed with statuscode: 503 [updateloglevelit:test-hivemq-platform-1]
2025-01-28 21:22:39,086 INFO c.h.h.t.HelmChartContainer - Received Unhealthy event for container hivemq in pod test-hivemq-platform-1 [890e4c2f-3d50-4ded-b9ee-daa9b5a32a8e]
2025-01-28 21:22:39,419 INFO c.h.h.t.HelmChartContainer - [test-hivemq-platform] [hivemq] [a77cc40e] INFO  - [HiveMQ Platform Operator Init App 1.7.0-SNAPSHOT] The HiveMQ Platform exited with code 143
2025-01-28 21:22:39,420 INFO c.h.h.t.HelmChartContainer - [test-hivemq-platform] [hivemq] [a77cc40e] INFO  - [HiveMQ Platform Operator Init App 1.7.0-SNAPSHOT] Stopping the REST API
2025-01-28 21:22:39,466 INFO c.h.h.t.HelmChartContainer - [test-hivemq-platform] [hivemq] [a77cc40e] INFO  - [HiveMQ Platform Operator Init App 1.7.0-SNAPSHOT] Shutdown complete
2025-01-28 21:22:39,829 INFO c.h.h.t.HelmChartContainer - [test-hivemq-platform] [hivemq] [890e4c2f] INFO  - [HiveMQ Platform Operator Init App 1.7.0-SNAPSHOT] The HiveMQ Platform exited with code 143
2025-01-28 21:22:39,829 INFO c.h.h.t.HelmChartContainer - [test-hivemq-platform] [hivemq] [890e4c2f] INFO  - [HiveMQ Platform Operator Init App 1.7.0-SNAPSHOT] Stopping the REST API
2025-01-28 21:22:39,867 INFO c.h.h.t.HelmChartContainer - [test-hivemq-platform] [hivemq] [890e4c2f] INFO  - [HiveMQ Platform Operator Init App 1.7.0-SNAPSHOT] Shutdown complete
2025-01-28 21:22:39,948 INFO c.h.h.t.HelmChartContainer - [K3S] [stateful_set.go:438] "Unhandled Error" err="error syncing StatefulSet updateloglevelit/test-hivemq-platform, requeuing: controllerrevisions.apps \"test-hivemq-platform-85d864d846\" is forbidden: unable to create new content in namespace updateloglevelit because it is being terminated"
2025-01-28 21:22:39,949 INFO c.h.h.t.HelmChartContainer - [POD] test-hivemq-platform-0 [a77cc40e-a2d1-4cf7-bcce-cde9c432cb87] in updateloglevelit was MODIFIED
2025-01-28 21:22:39,955 INFO c.h.h.t.HelmChartContainer - [K3S] [stateful_set.go:438] "Unhandled Error" err="error syncing StatefulSet updateloglevelit/test-hivemq-platform, requeuing: controllerrevisions.apps \"test-hivemq-platform-85d864d846\" is forbidden: unable to create new content in namespace updateloglevelit because it is being terminated"
2025-01-28 21:22:39,968 INFO c.h.h.t.HelmChartContainer - [K3S] [scope.go:117] "RemoveContainer" containerID="e1da3e74d99d684b094d65fac09962acb6652b3f5cb6b90e06406b18c3d61c09"
2025-01-28 21:22:39,969 INFO c.h.h.t.HelmChartContainer - [K3S] [stateful_set.go:438] "Unhandled Error" err="error syncing StatefulSet updateloglevelit/test-hivemq-platform, requeuing: controllerrevisions.apps \"test-hivemq-platform-85d864d846\" is forbidden: unable to create new content in namespace updateloglevelit because it is being terminated"
2025-01-28 21:22:39,992 INFO c.h.h.t.HelmChartContainer - [K3S] [stateful_set.go:438] "Unhandled Error" err="error syncing StatefulSet updateloglevelit/test-hivemq-platform, requeuing: controllerrevisions.apps \"test-hivemq-platform-85d864d846\" is forbidden: unable to create new content in namespace updateloglevelit because it is being terminated"
2025-01-28 21:22:40,035 INFO c.h.h.t.HelmChartContainer - [K3S] [stateful_set.go:438] "Unhandled Error" err="error syncing StatefulSet updateloglevelit/test-hivemq-platform, requeuing: controllerrevisions.apps \"test-hivemq-platform-85d864d846\" is forbidden: unable to create new content in namespace updateloglevelit because it is being terminated"
2025-01-28 21:22:40,060 INFO c.h.h.t.HelmChartContainer - [K3S] [scope.go:117] "RemoveContainer" containerID="e79ca2b71e085dc77f0d9d4fd311188c8bd6c10f53c47e80cf186ad505da1d79"
2025-01-28 21:22:40,076 INFO c.h.h.t.HelmChartContainer - [K3S] [scope.go:117] "RemoveContainer" containerID="e1da3e74d99d684b094d65fac09962acb6652b3f5cb6b90e06406b18c3d61c09"
2025-01-28 21:22:40,076 INFO c.h.h.t.HelmChartContainer - [K3S] [scope.go:117] "RemoveContainer" containerID="e79ca2b71e085dc77f0d9d4fd311188c8bd6c10f53c47e80cf186ad505da1d79"
2025-01-28 21:22:40,119 INFO c.h.h.t.HelmChartContainer - [K3S] [stateful_set.go:438] "Unhandled Error" err="error syncing StatefulSet updateloglevelit/test-hivemq-platform, requeuing: controllerrevisions.apps \"test-hivemq-platform-85d864d846\" is forbidden: unable to create new content in namespace updateloglevelit because it is being terminated"
2025-01-28 21:22:40,121 INFO c.h.h.t.HelmChartContainer - [K3S] [reconciler_common.go:162] "operationExecutor.UnmountVolume started for volume \"kube-api-access-7gnnx\" (UniqueName: \"kubernetes.io/projected/a77cc40e-a2d1-4cf7-bcce-cde9c432cb87-kube-api-access-7gnnx\") pod \"a77cc40e-a2d1-4cf7-bcce-cde9c432cb87\" (UID: \"a77cc40e-a2d1-4cf7-bcce-cde9c432cb87\") "
2025-01-28 21:22:40,121 INFO c.h.h.t.HelmChartContainer - [K3S] [reconciler_common.go:162] "operationExecutor.UnmountVolume started for volume \"operator-init\" (UniqueName: \"kubernetes.io/empty-dir/a77cc40e-a2d1-4cf7-bcce-cde9c432cb87-operator-init\") pod \"a77cc40e-a2d1-4cf7-bcce-cde9c432cb87\" (UID: \"a77cc40e-a2d1-4cf7-bcce-cde9c432cb87\") "
2025-01-28 21:22:40,122 INFO c.h.h.t.HelmChartContainer - [K3S] [reconciler_common.go:162] "operationExecutor.UnmountVolume started for volume \"broker-configuration\" (UniqueName: \"kubernetes.io/configmap/a77cc40e-a2d1-4cf7-bcce-cde9c432cb87-broker-configuration\") pod \"a77cc40e-a2d1-4cf7-bcce-cde9c432cb87\" (UID: \"a77cc40e-a2d1-4cf7-bcce-cde9c432cb87\") "
2025-01-28 21:22:40,122 INFO c.h.h.t.HelmChartContainer - [K3S] [reconciler_common.go:162] "operationExecutor.UnmountVolume started for volume \"pod-info\" (UniqueName: \"kubernetes.io/configmap/a77cc40e-a2d1-4cf7-bcce-cde9c432cb87-pod-info\") pod \"a77cc40e-a2d1-4cf7-bcce-cde9c432cb87\" (UID: \"a77cc40e-a2d1-4cf7-bcce-cde9c432cb87\") "
2025-01-28 21:22:40,221 INFO c.h.h.t.HelmChartContainer - [K3S] [reconciler_common.go:299] "Volume detached for volume \"kube-api-access-7gnnx\" (UniqueName: \"kubernetes.io/projected/a77cc40e-a2d1-4cf7-bcce-cde9c432cb87-kube-api-access-7gnnx\") on node \"c40f33139f2e\" DevicePath \"\""
2025-01-28 21:22:40,221 INFO c.h.h.t.HelmChartContainer - [K3S] [reconciler_common.go:299] "Volume detached for volume \"broker-configuration\" (UniqueName: \"kubernetes.io/configmap/a77cc40e-a2d1-4cf7-bcce-cde9c432cb87-broker-configuration\") on node \"c40f33139f2e\" DevicePath \"\""
2025-01-28 21:22:40,221 INFO c.h.h.t.HelmChartContainer - [K3S] [reconciler_common.go:299] "Volume detached for volume \"operator-init\" (UniqueName: \"kubernetes.io/empty-dir/a77cc40e-a2d1-4cf7-bcce-cde9c432cb87-operator-init\") on node \"c40f33139f2e\" DevicePath \"\""
2025-01-28 21:22:40,221 INFO c.h.h.t.HelmChartContainer - [K3S] [reconciler_common.go:299] "Volume detached for volume \"pod-info\" (UniqueName: \"kubernetes.io/configmap/a77cc40e-a2d1-4cf7-bcce-cde9c432cb87-pod-info\") on node \"c40f33139f2e\" DevicePath \"\""
2025-01-28 21:22:40,283 INFO c.h.h.t.HelmChartContainer - [K3S] [stateful_set.go:438] "Unhandled Error" err="error syncing StatefulSet updateloglevelit/test-hivemq-platform, requeuing: controllerrevisions.apps \"test-hivemq-platform-85d864d846\" is forbidden: unable to create new content in namespace updateloglevelit because it is being terminated"
2025-01-28 21:22:40,284 INFO c.h.h.t.HelmChartContainer - [POD] test-hivemq-platform-0 [a77cc40e-a2d1-4cf7-bcce-cde9c432cb87] in updateloglevelit was MODIFIED
2025-01-28 21:22:40,288 INFO c.h.h.t.HelmChartContainer - [POD] test-hivemq-platform-0 [a77cc40e-a2d1-4cf7-bcce-cde9c432cb87] in updateloglevelit was DELETED
2025-01-28 21:22:40,288 INFO c.h.h.t.HelmChartContainer - [K3S] [stateful_set.go:438] "Unhandled Error" err="error syncing StatefulSet updateloglevelit/test-hivemq-platform, requeuing: controllerrevisions.apps \"test-hivemq-platform-85d864d846\" is forbidden: unable to create new content in namespace updateloglevelit because it is being terminated"
2025-01-28 21:22:40,290 INFO c.h.h.t.HelmChartContainer - [K3S] [stateful_set.go:438] "Unhandled Error" err="error syncing StatefulSet updateloglevelit/test-hivemq-platform, requeuing: controllerrevisions.apps \"test-hivemq-platform-85d864d846\" is forbidden: unable to create new content in namespace updateloglevelit because it is being terminated"
2025-01-28 21:22:40,308 INFO c.h.h.t.HelmChartContainer - [K3S] [stateful_set.go:438] "Unhandled Error" err="error syncing StatefulSet updateloglevelit/test-hivemq-platform, requeuing: controllerrevisions.apps \"test-hivemq-platform-85d864d846\" is forbidden: unable to create new content in namespace updateloglevelit because it is being terminated"
2025-01-28 21:22:40,309 INFO c.h.h.t.HelmChartContainer - [POD] test-hivemq-platform-1 [890e4c2f-3d50-4ded-b9ee-daa9b5a32a8e] in updateloglevelit was MODIFIED
2025-01-28 21:22:40,346 INFO c.h.h.t.HelmChartContainer - [K3S] [kubelet_volumes.go:163] "Cleaned up orphaned pod volumes dir" podUID="a77cc40e-a2d1-4cf7-bcce-cde9c432cb87" path="/var/lib/kubelet/pods/a77cc40e-a2d1-4cf7-bcce-cde9c432cb87/volumes"
2025-01-28 21:22:40,422 INFO c.h.h.t.HelmChartContainer - [K3S] [reconciler_common.go:162] "operationExecutor.UnmountVolume started for volume \"pod-info\" (UniqueName: \"kubernetes.io/configmap/890e4c2f-3d50-4ded-b9ee-daa9b5a32a8e-pod-info\") pod \"890e4c2f-3d50-4ded-b9ee-daa9b5a32a8e\" (UID: \"890e4c2f-3d50-4ded-b9ee-daa9b5a32a8e\") "
2025-01-28 21:22:40,422 INFO c.h.h.t.HelmChartContainer - [K3S] [reconciler_common.go:162] "operationExecutor.UnmountVolume started for volume \"operator-init\" (UniqueName: \"kubernetes.io/empty-dir/890e4c2f-3d50-4ded-b9ee-daa9b5a32a8e-operator-init\") pod \"890e4c2f-3d50-4ded-b9ee-daa9b5a32a8e\" (UID: \"890e4c2f-3d50-4ded-b9ee-daa9b5a32a8e\") "
2025-01-28 21:22:40,422 INFO c.h.h.t.HelmChartContainer - [K3S] [reconciler_common.go:162] "operationExecutor.UnmountVolume started for volume \"broker-configuration\" (UniqueName: \"kubernetes.io/configmap/890e4c2f-3d50-4ded-b9ee-daa9b5a32a8e-broker-configuration\") pod \"890e4c2f-3d50-4ded-b9ee-daa9b5a32a8e\" (UID: \"890e4c2f-3d50-4ded-b9ee-daa9b5a32a8e\") "
2025-01-28 21:22:40,422 INFO c.h.h.t.HelmChartContainer - [K3S] [reconciler_common.go:162] "operationExecutor.UnmountVolume started for volume \"kube-api-access-6bn57\" (UniqueName: \"kubernetes.io/projected/890e4c2f-3d50-4ded-b9ee-daa9b5a32a8e-kube-api-access-6bn57\") pod \"890e4c2f-3d50-4ded-b9ee-daa9b5a32a8e\" (UID: \"890e4c2f-3d50-4ded-b9ee-daa9b5a32a8e\") "
2025-01-28 21:22:40,522 INFO c.h.h.t.HelmChartContainer - [K3S] [reconciler_common.go:299] "Volume detached for volume \"pod-info\" (UniqueName: \"kubernetes.io/configmap/890e4c2f-3d50-4ded-b9ee-daa9b5a32a8e-pod-info\") on node \"c40f33139f2e\" DevicePath \"\""
2025-01-28 21:22:40,522 INFO c.h.h.t.HelmChartContainer - [K3S] [reconciler_common.go:299] "Volume detached for volume \"operator-init\" (UniqueName: \"kubernetes.io/empty-dir/890e4c2f-3d50-4ded-b9ee-daa9b5a32a8e-operator-init\") on node \"c40f33139f2e\" DevicePath \"\""
2025-01-28 21:22:40,522 INFO c.h.h.t.HelmChartContainer - [K3S] [reconciler_common.go:299] "Volume detached for volume \"broker-configuration\" (UniqueName: \"kubernetes.io/configmap/890e4c2f-3d50-4ded-b9ee-daa9b5a32a8e-broker-configuration\") on node \"c40f33139f2e\" DevicePath \"\""
2025-01-28 21:22:40,522 INFO c.h.h.t.HelmChartContainer - [K3S] [reconciler_common.go:299] "Volume detached for volume \"kube-api-access-6bn57\" (UniqueName: \"kubernetes.io/projected/890e4c2f-3d50-4ded-b9ee-daa9b5a32a8e-kube-api-access-6bn57\") on node \"c40f33139f2e\" DevicePath \"\""
2025-01-28 21:22:40,554 INFO c.h.h.t.HelmChartContainer - [K3S] [stateful_set.go:466] "StatefulSet has been deleted" key="updateloglevelit/test-hivemq-platform"
2025-01-28 21:22:40,604 INFO c.h.h.t.HelmChartContainer - [K3S] [stateful_set.go:466] "StatefulSet has been deleted" key="updateloglevelit/test-hivemq-platform"
2025-01-28 21:22:40,620 INFO c.h.h.t.HelmChartContainer - [K3S] [namespace_controller.go:164] "Unhandled Error" err="deletion of namespace updateloglevelit failed: unexpected items still remain in namespace: updateloglevelit for gvr: /v1, Resource=pods"
2025-01-28 21:22:40,789 INFO c.h.h.t.HelmChartContainer - [K3S] [namespace_controller.go:164] "Unhandled Error" err="deletion of namespace updateloglevelit failed: unexpected items still remain in namespace: updateloglevelit for gvr: /v1, Resource=pods"
2025-01-28 21:22:40,886 INFO c.h.h.t.HelmChartContainer - [K3S] [namespace_controller.go:164] "Unhandled Error" err="deletion of namespace updateloglevelit failed: unexpected items still remain in namespace: updateloglevelit for gvr: /v1, Resource=pods"
2025-01-28 21:22:40,971 INFO c.h.h.t.HelmChartContainer - [K3S] [scope.go:117] "RemoveContainer" containerID="cc80fc82afc02544f798b312e054071ec7804782f56a26ea4a61f0932d9dcc97"
2025-01-28 21:22:40,991 INFO c.h.h.t.HelmChartContainer - [POD] test-hivemq-platform-1 [890e4c2f-3d50-4ded-b9ee-daa9b5a32a8e] in updateloglevelit was MODIFIED
2025-01-28 21:22:40,997 INFO c.h.h.t.HelmChartContainer - [POD] test-hivemq-platform-1 [890e4c2f-3d50-4ded-b9ee-daa9b5a32a8e] in updateloglevelit was DELETED
2025-01-28 21:22:41,007 INFO c.h.h.t.HelmChartContainer - [K3S] [namespace_controller.go:164] "Unhandled Error" err="deletion of namespace updateloglevelit failed: unexpected items still remain in namespace: updateloglevelit for gvr: /v1, Resource=pods"
2025-01-28 21:22:41,080 INFO c.h.h.t.HelmChartContainer - [K3S] [scope.go:117] "RemoveContainer" containerID="c7fe5369e7b60f1563cd78ee6e7ecb4fe7cd9986a98dbcc510397f197611f793"
2025-01-28 21:22:41,083 INFO c.h.h.t.HelmChartContainer - [K3S] [scope.go:117] "RemoveContainer" containerID="cc80fc82afc02544f798b312e054071ec7804782f56a26ea4a61f0932d9dcc97"
2025-01-28 21:22:41,083 INFO c.h.h.t.HelmChartContainer - [K3S] [scope.go:117] "RemoveContainer" containerID="c7fe5369e7b60f1563cd78ee6e7ecb4fe7cd9986a98dbcc510397f197611f793"
2025-01-28 21:22:41,255 INFO c.h.h.t.HelmChartContainer - Namespace 'updateloglevelit' deleted
2025-01-28 21:22:41,255 INFO c.h.h.t.HelmChartContainer - Release 'test-hivemq-platform' in namespace 'updateloglevelit' is uninstalled
2025-01-28 21:22:41,255 INFO c.h.h.t.HelmChartContainer - Uninstalling release 'test-hivemq-platform-operator' in namespace 'updateloglevelit-operator'...
2025-01-28 21:22:41,255 DEBUG c.h.h.t.HelmChartContainer - Executing helm command: /bin/helm --kubeconfig /etc/rancher/k3s/k3s.yaml uninstall test-hivemq-platform-operator  --wait --timeout 5m0s --cascade foreground --namespace updateloglevelit-operator
2025-01-28 21:22:41,417 INFO c.h.h.t.HelmChartContainer - [K3S] [replica_set.go:679] "Finished syncing" kind="ReplicaSet" key="updateloglevelit-operator/hivemq-test-hivemq-platform-operator-7764645b48" duration="9.399573ms"
2025-01-28 21:22:41,417 INFO c.h.h.t.HelmChartContainer - [K3S] [replica_set.go:679] "Finished syncing" kind="ReplicaSet" key="updateloglevelit-operator/hivemq-test-hivemq-platform-operator-7764645b48" duration="135.754µs"
2025-01-28 21:22:41,433 INFO c.h.h.t.HelmChartContainer - [POD] hivemq-test-hivemq-platform-operator-7764645b48-jqs7m [25b3b7d0-d11b-48a0-9127-0ac591815238] in updateloglevelit-operator was MODIFIED
2025-01-28 21:22:41,449 INFO c.h.h.t.HelmChartContainer - [EVENT] Normal [Killing] Stopping container hivemq-platform-operator [updateloglevelit-operator:hivemq-test-hivemq-platform-operator-7764645b48-jqs7m]
2025-01-28 21:22:41,449 INFO c.h.h.t.HelmChartContainer - Received Killing event for container hivemq-platform-operator in pod hivemq-test-hivemq-platform-operator-7764645b48-jqs7m [25b3b7d0-d11b-48a0-9127-0ac591815238]
2025-01-28 21:22:41,449 INFO c.h.h.t.HelmChartContainer - Container [hivemq-test-hivemq-platform-operator-7764645b48-jqs7m] [hivemq-platform-operator] [25b3b7d0-d11b-48a0-9127-0ac591815238] was terminated
2025-01-28 21:22:41,449 INFO c.h.h.t.HelmChartContainer - Stopped log watcher for hivemq-platform-operator in pod hivemq-test-hivemq-platform-operator-7764645b48-jqs7m [25b3b7d0-d11b-48a0-9127-0ac591815238]
2025-01-28 21:22:41,451 INFO c.h.h.t.HelmChartContainer - [K3S] [replica_set.go:679] "Finished syncing" kind="ReplicaSet" key="updateloglevelit-operator/hivemq-test-hivemq-platform-operator-7764645b48" duration="18.815987ms"
2025-01-28 21:22:41,453 INFO c.h.h.t.HelmChartContainer - [hivemq-test-hivemq-platform] [hivemq-platform-operator] [25b3b7d0] 21:22:41.444 [application-shutdown-thread] INFO  c.h.p.o.HiveMQPlatformOperatorApplication - HiveMQ Platform Operator is stopping...
2025-01-28 21:22:41,453 INFO c.h.h.t.HelmChartContainer - [hivemq-test-hivemq-platform] [hivemq-platform-operator] [25b3b7d0] 21:22:41.444 [application-shutdown-thread] INFO  i.javaoperatorsdk.operator.Operator - Operator SDK 4.9.7 is shutting down...
2025-01-28 21:22:41,454 INFO c.h.h.t.HelmChartContainer - [K3S] [replica_set.go:679] "Finished syncing" kind="ReplicaSet" key="updateloglevelit-operator/hivemq-test-hivemq-platform-operator-7764645b48" duration="44.553µs"
2025-01-28 21:22:41,973 INFO c.h.h.t.HelmChartContainer - [K3S] [pod_container_deletor.go:80] "Container not found in pod's containers" containerID="914f2f30f5aa73be215dfcc6ad6878f55338dc1f882b62951d55ca3651a1bcaf"
2025-01-28 21:22:41,991 INFO c.h.h.t.HelmChartContainer - [K3S] [replica_set.go:679] "Finished syncing" kind="ReplicaSet" key="updateloglevelit-operator/hivemq-test-hivemq-platform-operator-7764645b48" duration="40.104µs"
2025-01-28 21:22:41,991 INFO c.h.h.t.HelmChartContainer - [POD] hivemq-test-hivemq-platform-operator-7764645b48-jqs7m [25b3b7d0-d11b-48a0-9127-0ac591815238] in updateloglevelit-operator was MODIFIED
2025-01-28 21:22:42,131 INFO c.h.h.t.HelmChartContainer - [K3S] [reconciler_common.go:162] "operationExecutor.UnmountVolume started for volume \"kube-api-access-t4pf9\" (UniqueName: \"kubernetes.io/projected/25b3b7d0-d11b-48a0-9127-0ac591815238-kube-api-access-t4pf9\") pod \"25b3b7d0-d11b-48a0-9127-0ac591815238\" (UID: \"25b3b7d0-d11b-48a0-9127-0ac591815238\") "
2025-01-28 21:22:42,231 INFO c.h.h.t.HelmChartContainer - [K3S] [reconciler_common.go:299] "Volume detached for volume \"kube-api-access-t4pf9\" (UniqueName: \"kubernetes.io/projected/25b3b7d0-d11b-48a0-9127-0ac591815238-kube-api-access-t4pf9\") on node \"c40f33139f2e\" DevicePath \"\""
2025-01-28 21:22:42,346 INFO c.h.h.t.HelmChartContainer - [K3S] [kubelet_volumes.go:163] "Cleaned up orphaned pod volumes dir" podUID="890e4c2f-3d50-4ded-b9ee-daa9b5a32a8e" path="/var/lib/kubelet/pods/890e4c2f-3d50-4ded-b9ee-daa9b5a32a8e/volumes"
2025-01-28 21:22:42,984 INFO c.h.h.t.HelmChartContainer - [K3S] [replica_set.go:679] "Finished syncing" kind="ReplicaSet" key="updateloglevelit-operator/hivemq-test-hivemq-platform-operator-7764645b48" duration="47.549µs"
2025-01-28 21:22:42,985 INFO c.h.h.t.HelmChartContainer - [POD] hivemq-test-hivemq-platform-operator-7764645b48-jqs7m [25b3b7d0-d11b-48a0-9127-0ac591815238] in updateloglevelit-operator was MODIFIED
2025-01-28 21:22:42,987 INFO c.h.h.t.HelmChartContainer - [POD] hivemq-test-hivemq-platform-operator-7764645b48-jqs7m [25b3b7d0-d11b-48a0-9127-0ac591815238] in updateloglevelit-operator was DELETED
2025-01-28 21:22:42,987 INFO c.h.h.t.HelmChartContainer - [K3S] [replica_set.go:679] "Finished syncing" kind="ReplicaSet" key="updateloglevelit-operator/hivemq-test-hivemq-platform-operator-7764645b48" duration="28.382µs"
2025-01-28 21:22:42,996 INFO c.h.h.t.HelmChartContainer - [K3S] [replica_set.go:679] "Finished syncing" kind="ReplicaSet" key="updateloglevelit-operator/hivemq-test-hivemq-platform-operator-7764645b48" duration="5.21µs"
2025-01-28 21:22:43,470 INFO c.h.h.t.HelmChartContainer - Deleting namespace 'updateloglevelit-operator'...
2025-01-28 21:22:44,346 INFO c.h.h.t.HelmChartContainer - [K3S] [kubelet_volumes.go:163] "Cleaned up orphaned pod volumes dir" podUID="25b3b7d0-d11b-48a0-9127-0ac591815238" path="/var/lib/kubelet/pods/25b3b7d0-d11b-48a0-9127-0ac591815238/volumes"
2025-01-28 21:22:46,171 INFO c.h.h.t.HelmChartContainer - [K3S] [namespace_controller.go:187] "Namespace has been deleted" namespace="updateloglevelit"
2025-01-28 21:22:48,687 INFO c.h.h.t.HelmChartContainer - Namespace 'updateloglevelit-operator' deleted
2025-01-28 21:22:48,687 INFO c.h.h.t.HelmChartContainer - Release 'test-hivemq-platform-operator' in namespace 'updateloglevelit-operator' is uninstalled
2025-01-28 21:22:49,589 INFO c.h.helmcharts.AbstractHelmChartIT - Removed unused containers:

2025-01-28 21:22:53,593 INFO c.h.h.t.HelmChartContainer - [K3S] [namespace_controller.go:187] "Namespace has been deleted" namespace="updateloglevelit-operator"
2025-01-28 21:22:57,775 INFO c.h.helmcharts.AbstractHelmChartIT - Removed unused snapshots:
Removing snapshot sha256:03af251906410714c5aef9fa705b63f6bbc39c4a5e787de7361eeb18886c2ed2
Removing snapshot sha256:0c46b3b43cce082ce5ec34ffc6c294e0417d17b9d1e6f366d114b6aadc4f96dc
Removing snapshot sha256:0ce761beee59082d6ed5bcebd3a805b8ddd9b3426b617e4809e7fb7c6587ffec
Removing snapshot sha256:0df91287303208332c8ff6ba40ae4710105201739addbfbddfb955f1ad593664
Removing snapshot sha256:1021ef88c7974bfff89c5a0ec4fd3160daac6c48a075f74cff721f85dd104e68
Removing snapshot sha256:10aba4953ddc18145dd38e3704709bc464aa20af60b56fe52caaff4b68411e62
Removing snapshot sha256:2573e0d8158209ed54ab25c87bcdcb00bd3d2539246960a3d592a1c599d70465
Removing snapshot sha256:362a8a37f8bbc31925a8146adcf7cf51f9882f5c1dcbef67c5baa03a297543c0
Removing snapshot sha256:3fa4ad33f0ddc8fd45b39b6b4640f82a3a83619606cd975bfe89d8710ad2d4cd
Removing snapshot sha256:43a7c979bbaba6838bc3102d6b10a1459f3ab050b87ccdfef84ef90cf43d3058
Removing snapshot sha256:4ab04491cdf0d3267f08206fe30bd48f49f94b9cab2f016d6739220f722a64af
Removing snapshot sha256:4b6068250e89c96f263060261819c7d912855bfbd64b3eb4c4a8483299b8c295
Removing snapshot sha256:580e69a0a8034ede1921139bbd2bfb72a69ebf276d008281896c32dd8bf74775
Removing snapshot sha256:5d30ba46b27fe37484567ccc5242cadc78217b8da605f3f195ef25cbf7487904
Removing snapshot sha256:63ca1fbb43ae5034640e5e6cb3e083e05c290072c5366fcaa9d62435a4cced85
Removing snapshot sha256:6606a121403671c430442c8b2dd2ff7bbafa8fa4241c0d38ed8d163cc6950c9d
Removing snapshot sha256:67f702c6baae873bceb19487c8b1f27bd2b86077e4f2f0e480e6d60ab508b8f5
Removing snapshot sha256:6864348dd42806d552efdec384f1274be15e2d0c10ce44c1f04347af004c10a9
Removing snapshot sha256:6c7dee8f2c39b84b7dc2711c01d33de93514d9055499173e9290176fbe484b6c
Removing snapshot sha256:82753493a6d61ded36556292f02f31841a14c20d2f279f19eaad65afb661d5cd
Removing snapshot sha256:8a10d3db42c505ee0fcfa98417bdd7e39b304f6bcc0a06bb1b220797ff2cc63c
Removing snapshot sha256:a0904247e36a7726c03c71ee48f3e64462021c88dafeb13f37fdaf613b27f11c
Removing snapshot sha256:a21e5b12dbac529ad45d976eb9ce45c881f3bedcc500fb30aba1e52aa1813418
Removing snapshot sha256:b921e6c28969094157f9b8e7244677780319637afd14450b7cb6b2fdea558a0c
Removing snapshot sha256:b95dd37eb650f1f6a05bfb6ec20f46802efa9dd543c5881cb340bebacf73f1d0
Removing snapshot sha256:bc27ecb5769a00e309cf99ebc763c4a4b958b618d1decc96ffac5bc05f02f5b7
Removing snapshot sha256:be3ccb6627a5332e309d45ef461d09b4879dd870c7394d89323d0ebc6ca6aa8a
Removing snapshot sha256:c261f7cbbc64211ee175ee47273acdb7b1a36a4450b397a064a8f2c026490095
Removing snapshot sha256:c34d9393647eea0c9e3557ab988efaf59f61d10a2a5613b439ef0958cca5ec10
Removing snapshot sha256:ccf3c4a0fa967a41c1c83497a2ce6fa5787965859df0adb32c4ca2cf7490bc2b
Removing snapshot sha256:cf92d33f869417309692088c341cd0f223c178ea78a125f757317b22aa8f90e9
Removing snapshot sha256:d0037344cf2fb078884f1849f6a1f8cf9a33a3b6139b6a85833e5ee528e1f9a8
Removing snapshot sha256:d3b36d5b79273b1e98e7700470eaeff05a882e777124d84cebcc1505b85ecb36
Removing snapshot sha256:d65a44a37914602d12c611e5e22a50f11451d847e63015cc1c2aef92dee777a4
Removing snapshot sha256:e2dc0bae2455930f23ae570e019b7f32edc75c0f2d71cab084db837ff9051796
Removing snapshot sha256:e31519795c7e3df686c447a21ec8d2eb301388a5e39ccf7f20a25c6f6ce3a522
Removing snapshot sha256:e9e86ed11d9bebc0707dd6f1166c51237ebb44f98657241f943261b2675a5449
Removing snapshot sha256:eccbd24a99c60cd9e86ee5305dbfc4a4dc89f5ab4fb1f06c8d64797cecedef34
Removing snapshot sha256:edd1404c718ab99ca3456bdf222065033800bb67d4334a9642746685a24394cd
Removing snapshot sha256:f144bb4c7c7f0d2aa7eeffd36d934ec40db1ee167be727e326aad9fdc616f475

]]></system-out>
  </testcase>
  <testcase name="2 withNamespaces: false" classname="com.hivemq.helmcharts.platform.UpdateLogLevelIT" time="152.714">
    <system-out><![CDATA[2025-01-28 21:22:57,779 INFO c.h.h.t.HelmChartContainer - Creating namespace 'updateloglevelit-operator'...
2025-01-28 21:22:57,784 INFO c.h.h.t.HelmChartContainer - Namespace 'updateloglevelit-operator' created
2025-01-28 21:22:57,784 INFO c.h.h.t.HelmChartContainer - Creating namespace 'updateloglevelit'...
2025-01-28 21:22:57,790 INFO c.h.h.t.HelmChartContainer - Namespace 'updateloglevelit' created
2025-01-28 21:22:57,857 DEBUG c.h.h.t.HelmChartContainer - Executing helm command: /bin/helm --kubeconfig /etc/rancher/k3s/k3s.yaml install test-hivemq-platform-operator /charts/hivemq-platform-operator --wait --timeout 5m0s --set image.repository=docker.io/hivemq --set image.name=hivemq-platform-operator-test --set image.initImageName=hivemq-platform-operator-init-test --set image.tag=snapshot --set image.pullPolicy=Never --set logLevel=DEBUG --set resources.cpu=512m --namespace updateloglevelit-operator
2025-01-28 21:22:58,196 INFO c.h.h.t.HelmChartContainer - [K3S] [alloc.go:330] "allocated clusterIPs" service="updateloglevelit-operator/hivemq-platform-operator-test-hivemq-platform-operator" clusterIPs={"IPv4":"10.43.149.208"}
2025-01-28 21:22:58,216 INFO c.h.h.t.HelmChartContainer - [EVENT] Normal [ScalingReplicaSet] Scaled up replica set hivemq-test-hivemq-platform-operator-6966f96d65 from 0 to 1 [updateloglevelit-operator:hivemq-test-hivemq-platform-operator]
2025-01-28 21:22:58,219 INFO c.h.h.t.HelmChartContainer - [POD] hivemq-test-hivemq-platform-operator-6966f96d65-6rnnp [a978355e-fbdf-4849-a67a-0f80cf07c8b2] in updateloglevelit-operator was ADDED
2025-01-28 21:22:58,227 INFO c.h.h.t.HelmChartContainer - [POD] hivemq-test-hivemq-platform-operator-6966f96d65-6rnnp [a978355e-fbdf-4849-a67a-0f80cf07c8b2] in updateloglevelit-operator was MODIFIED
2025-01-28 21:22:58,228 INFO c.h.h.t.HelmChartContainer - [K3S] [memory_manager.go:355] "RemoveStaleState removing state" podUID="a77cc40e-a2d1-4cf7-bcce-cde9c432cb87" containerName="hivemq"
2025-01-28 21:22:58,228 INFO c.h.h.t.HelmChartContainer - [K3S] [memory_manager.go:355] "RemoveStaleState removing state" podUID="890e4c2f-3d50-4ded-b9ee-daa9b5a32a8e" containerName="hivemq"
2025-01-28 21:22:58,228 INFO c.h.h.t.HelmChartContainer - [K3S] [memory_manager.go:355] "RemoveStaleState removing state" podUID="25b3b7d0-d11b-48a0-9127-0ac591815238" containerName="hivemq-platform-operator"
2025-01-28 21:22:58,229 INFO c.h.h.t.HelmChartContainer - [EVENT] Normal [SuccessfulCreate] Created pod: hivemq-test-hivemq-platform-operator-6966f96d65-6rnnp [updateloglevelit-operator:hivemq-test-hivemq-platform-operator-6966f96d65]
2025-01-28 21:22:58,235 INFO c.h.h.t.HelmChartContainer - [K3S] [replica_set.go:679] "Finished syncing" kind="ReplicaSet" key="updateloglevelit-operator/hivemq-test-hivemq-platform-operator-6966f96d65" duration="25.210986ms"
2025-01-28 21:22:58,237 INFO c.h.h.t.HelmChartContainer - [EVENT] Normal [Scheduled] Successfully assigned updateloglevelit-operator/hivemq-test-hivemq-platform-operator-6966f96d65-6rnnp to c40f33139f2e [updateloglevelit-operator:hivemq-test-hivemq-platform-operator-6966f96d65-6rnnp]
2025-01-28 21:22:58,243 INFO c.h.h.t.HelmChartContainer - [POD] hivemq-test-hivemq-platform-operator-6966f96d65-6rnnp [a978355e-fbdf-4849-a67a-0f80cf07c8b2] in updateloglevelit-operator was MODIFIED
2025-01-28 21:22:58,253 INFO c.h.h.t.HelmChartContainer - [K3S] [replica_set.go:679] "Finished syncing" kind="ReplicaSet" key="updateloglevelit-operator/hivemq-test-hivemq-platform-operator-6966f96d65" duration="17.815082ms"
2025-01-28 21:22:58,266 INFO c.h.h.t.HelmChartContainer - [K3S] [replica_set.go:679] "Finished syncing" kind="ReplicaSet" key="updateloglevelit-operator/hivemq-test-hivemq-platform-operator-6966f96d65" duration="13.667784ms"
2025-01-28 21:22:58,266 INFO c.h.h.t.HelmChartContainer - [K3S] [replica_set.go:679] "Finished syncing" kind="ReplicaSet" key="updateloglevelit-operator/hivemq-test-hivemq-platform-operator-6966f96d65" duration="44.603µs"
2025-01-28 21:22:58,328 INFO c.h.h.t.HelmChartContainer - [K3S] [reconciler_common.go:251] "operationExecutor.VerifyControllerAttachedVolume started for volume \"kube-api-access-lpfjx\" (UniqueName: \"kubernetes.io/projected/a978355e-fbdf-4849-a67a-0f80cf07c8b2-kube-api-access-lpfjx\") pod \"hivemq-test-hivemq-platform-operator-6966f96d65-6rnnp\" (UID: \"a978355e-fbdf-4849-a67a-0f80cf07c8b2\") " pod="updateloglevelit-operator/hivemq-test-hivemq-platform-operator-6966f96d65-6rnnp"
2025-01-28 21:22:58,620 INFO c.h.h.t.HelmChartContainer - [EVENT] Normal [Pulled] Container image "docker.io/hivemq/hivemq-platform-operator-test:snapshot" already present on machine [updateloglevelit-operator:hivemq-test-hivemq-platform-operator-6966f96d65-6rnnp]
2025-01-28 21:22:58,620 INFO c.h.h.t.HelmChartContainer - Received Pulled event for container hivemq-platform-operator in pod hivemq-test-hivemq-platform-operator-6966f96d65-6rnnp [a978355e-fbdf-4849-a67a-0f80cf07c8b2]
2025-01-28 21:22:58,626 INFO c.h.h.t.HelmChartContainer - [EVENT] Normal [Created] Created container: hivemq-platform-operator [updateloglevelit-operator:hivemq-test-hivemq-platform-operator-6966f96d65-6rnnp]
2025-01-28 21:22:58,626 INFO c.h.h.t.HelmChartContainer - Received Created event for container hivemq-platform-operator in pod hivemq-test-hivemq-platform-operator-6966f96d65-6rnnp [a978355e-fbdf-4849-a67a-0f80cf07c8b2]
2025-01-28 21:22:59,011 INFO c.h.h.t.HelmChartContainer - [POD] hivemq-test-hivemq-platform-operator-6966f96d65-6rnnp [a978355e-fbdf-4849-a67a-0f80cf07c8b2] in updateloglevelit-operator was MODIFIED
2025-01-28 21:22:59,011 INFO c.h.h.t.HelmChartContainer - [K3S] [replica_set.go:679] "Finished syncing" kind="ReplicaSet" key="updateloglevelit-operator/hivemq-test-hivemq-platform-operator-6966f96d65" duration="46.366µs"
2025-01-28 21:22:59,020 INFO c.h.h.t.HelmChartContainer - Started log watcher for hivemq-platform-operator in pod hivemq-test-hivemq-platform-operator-6966f96d65-6rnnp [a978355e-fbdf-4849-a67a-0f80cf07c8b2]
2025-01-28 21:22:59,020 INFO c.h.h.t.HelmChartContainer - [hivemq-test-hivemq-platform] [hivemq-platform-operator] [a978355e] -------------------------------------------------------------------------
2025-01-28 21:22:59,020 INFO c.h.h.t.HelmChartContainer - [hivemq-test-hivemq-platform] [hivemq-platform-operator] [a978355e] 
2025-01-28 21:22:59,020 INFO c.h.h.t.HelmChartContainer - [hivemq-test-hivemq-platform] [hivemq-platform-operator] [a978355e]                   _    _  _              __  __   ____
2025-01-28 21:22:59,020 INFO c.h.h.t.HelmChartContainer - [hivemq-test-hivemq-platform] [hivemq-platform-operator] [a978355e]                  | |  | |(_)            |  \/  | / __ \
2025-01-28 21:22:59,020 INFO c.h.h.t.HelmChartContainer - [hivemq-test-hivemq-platform] [hivemq-platform-operator] [a978355e]                  | |__| | _ __   __ ___ | \  / || |  | |
2025-01-28 21:22:59,020 INFO c.h.h.t.HelmChartContainer - [hivemq-test-hivemq-platform] [hivemq-platform-operator] [a978355e]                  |  __  || |\ \ / // _ \| |\/| || |  | |
2025-01-28 21:22:59,020 INFO c.h.h.t.HelmChartContainer - [hivemq-test-hivemq-platform] [hivemq-platform-operator] [a978355e]                  | |  | || | \ V /|  __/| |  | || |__| |
2025-01-28 21:22:59,020 INFO c.h.h.t.HelmChartContainer - [hivemq-test-hivemq-platform] [hivemq-platform-operator] [a978355e]                  |_|  |_||_|  \_/  \___||_|  |_| \___\_\
2025-01-28 21:22:59,020 INFO c.h.h.t.HelmChartContainer - [hivemq-test-hivemq-platform] [hivemq-platform-operator] [a978355e] 
2025-01-28 21:22:59,020 INFO c.h.h.t.HelmChartContainer - [hivemq-test-hivemq-platform] [hivemq-platform-operator] [a978355e] -------------------------------------------------------------------------
2025-01-28 21:22:59,020 INFO c.h.h.t.HelmChartContainer - [hivemq-test-hivemq-platform] [hivemq-platform-operator] [a978355e] 
2025-01-28 21:22:59,020 INFO c.h.h.t.HelmChartContainer - [hivemq-test-hivemq-platform] [hivemq-platform-operator] [a978355e]   HiveMQ Platform Operator Start Script v1.0
2025-01-28 21:22:59,020 INFO c.h.h.t.HelmChartContainer - [hivemq-test-hivemq-platform] [hivemq-platform-operator] [a978355e] 
2025-01-28 21:22:59,020 INFO c.h.h.t.HelmChartContainer - [hivemq-test-hivemq-platform] [hivemq-platform-operator] [a978355e] -------------------------------------------------------------------------
2025-01-28 21:22:59,020 INFO c.h.h.t.HelmChartContainer - [hivemq-test-hivemq-platform] [hivemq-platform-operator] [a978355e] 
2025-01-28 21:22:59,020 INFO c.h.h.t.HelmChartContainer - [hivemq-test-hivemq-platform] [hivemq-platform-operator] [a978355e]   JAVA_OPTS: -XX:+UnlockExperimentalVMOptions -XX:InitialRAMPercentage=75 -XX:MaxRAMPercentage=75 -Duser.language=en -Duser.region=US
2025-01-28 21:22:59,020 INFO c.h.h.t.HelmChartContainer - [hivemq-test-hivemq-platform] [hivemq-platform-operator] [a978355e] 
2025-01-28 21:22:59,020 INFO c.h.h.t.HelmChartContainer - [hivemq-test-hivemq-platform] [hivemq-platform-operator] [a978355e]   JAVA_VERSION: 21
2025-01-28 21:22:59,020 INFO c.h.h.t.HelmChartContainer - [hivemq-test-hivemq-platform] [hivemq-platform-operator] [a978355e] 
2025-01-28 21:22:59,020 INFO c.h.h.t.HelmChartContainer - [hivemq-test-hivemq-platform] [hivemq-platform-operator] [a978355e] -------------------------------------------------------------------------
2025-01-28 21:22:59,020 INFO c.h.h.t.HelmChartContainer - [hivemq-test-hivemq-platform] [hivemq-platform-operator] [a978355e] 
2025-01-28 21:22:59,020 INFO c.h.h.t.HelmChartContainer - [EVENT] Normal [Started] Started container hivemq-platform-operator [updateloglevelit-operator:hivemq-test-hivemq-platform-operator-6966f96d65-6rnnp]
2025-01-28 21:22:59,020 INFO c.h.h.t.HelmChartContainer - Received Started event for container hivemq-platform-operator in pod hivemq-test-hivemq-platform-operator-6966f96d65-6rnnp [a978355e-fbdf-4849-a67a-0f80cf07c8b2]
2025-01-28 21:23:02,079 INFO c.h.h.t.HelmChartContainer - [hivemq-test-hivemq-platform] [hivemq-platform-operator] [a978355e] 21:23:02.077 [main] DEBUG org.jboss.logging - Logging Provider: org.jboss.logging.Slf4jLoggerProvider
2025-01-28 21:23:02,182 INFO c.h.h.t.HelmChartContainer - [hivemq-test-hivemq-platform] [hivemq-platform-operator] [a978355e] 21:23:02.181 [main] DEBUG io.smallrye.config - SRCFG01006: Loaded ConfigSource SysPropConfigSource with ordinal 400
2025-01-28 21:23:02,183 INFO c.h.h.t.HelmChartContainer - [hivemq-test-hivemq-platform] [hivemq-platform-operator] [a978355e] 21:23:02.181 [main] DEBUG io.smallrye.config - SRCFG01006: Loaded ConfigSource EnvConfigSource with ordinal 300
2025-01-28 21:23:02,183 INFO c.h.h.t.HelmChartContainer - [hivemq-test-hivemq-platform] [hivemq-platform-operator] [a978355e] 21:23:02.182 [main] DEBUG io.smallrye.config - SRCFG01006: Loaded ConfigSource PropertiesConfigSource[source=jar:file:///opt/hivemq-platform-operator/bin/hivemq-platform-operator.jar!/hivemq-platform-operator.properties] with ordinal 100
2025-01-28 21:23:02,183 INFO c.h.h.t.HelmChartContainer - [hivemq-test-hivemq-platform] [hivemq-platform-operator] [a978355e] 21:23:02.182 [main] DEBUG io.smallrye.config - SRCFG01006: Loaded ConfigSource DefaultValuesConfigSource with ordinal -2147483648
2025-01-28 21:23:02,288 INFO c.h.h.t.HelmChartContainer - [hivemq-test-hivemq-platform] [hivemq-platform-operator] [a978355e] 21:23:02.287 [main] DEBUG i.m.c.u.i.l.InternalLoggerFactory - Using SLF4J as the default logging framework
2025-01-28 21:23:02,483 INFO c.h.h.t.HelmChartContainer - [hivemq-test-hivemq-platform] [hivemq-platform-operator] [a978355e] 21:23:02.437 [main] INFO  c.h.p.o.HiveMQPlatformOperatorApplication - HiveMQ Platform Operator 1.7.0-SNAPSHOT (commit: bebf408 on branch: HEAD) built on Sun Jan 26 20:47:47 UTC 2025
2025-01-28 21:23:02,483 INFO c.h.h.t.HelmChartContainer - [hivemq-test-hivemq-platform] [hivemq-platform-operator] [a978355e] 21:23:02.482 [main] INFO  c.h.p.o.HiveMQPlatformOperatorApplication - HiveMQ Platform Operator is running in namespace: updateloglevelit-operator
2025-01-28 21:23:02,484 INFO c.h.h.t.HelmChartContainer - [hivemq-test-hivemq-platform] [hivemq-platform-operator] [a978355e] 21:23:02.482 [main] INFO  c.h.p.o.HiveMQPlatformOperatorApplication - Watching all namespaces
2025-01-28 21:23:02,484 INFO c.h.h.t.HelmChartContainer - [hivemq-test-hivemq-platform] [hivemq-platform-operator] [a978355e] 21:23:02.482 [main] INFO  c.h.p.o.HiveMQPlatformOperatorApplication - Log level: DEBUG
2025-01-28 21:23:02,484 INFO c.h.h.t.HelmChartContainer - [hivemq-test-hivemq-platform] [hivemq-platform-operator] [a978355e] 21:23:02.482 [main] INFO  c.h.p.o.HiveMQPlatformOperatorApplication - Release name: test-hivemq-platform-operator
2025-01-28 21:23:02,484 INFO c.h.h.t.HelmChartContainer - [hivemq-test-hivemq-platform] [hivemq-platform-operator] [a978355e] 21:23:02.482 [main] INFO  c.h.p.o.HiveMQPlatformOperatorApplication - HiveMQ Platform Operator Init image: docker.io/hivemq/hivemq-platform-operator-init-test:snapshot
2025-01-28 21:23:02,484 INFO c.h.h.t.HelmChartContainer - [hivemq-test-hivemq-platform] [hivemq-platform-operator] [a978355e] 21:23:02.482 [main] INFO  c.h.p.o.HiveMQPlatformOperatorApplication - HiveMQ Platform Operator Init App update URL: http://hivemq-platform-operator-test-hivemq-platform-operator.updateloglevelit-operator.svc:8080/initAppUpdate/hivemq-platform-operator-init-app-1.7.0-SNAPSHOT.jar
2025-01-28 21:23:02,484 INFO c.h.h.t.HelmChartContainer - [hivemq-test-hivemq-platform] [hivemq-platform-operator] [a978355e] 21:23:02.482 [main] INFO  c.h.p.o.HiveMQPlatformOperatorApplication - Additional imagePullSecret for all Platform deployments: none
2025-01-28 21:23:02,484 INFO c.h.h.t.HelmChartContainer - [hivemq-test-hivemq-platform] [hivemq-platform-operator] [a978355e] 21:23:02.483 [main] INFO  c.h.p.o.HiveMQPlatformOperatorApplication - Apply HiveMQ Platform CRD: true
2025-01-28 21:23:02,484 INFO c.h.h.t.HelmChartContainer - [hivemq-test-hivemq-platform] [hivemq-platform-operator] [a978355e] 21:23:02.483 [main] INFO  c.h.p.o.HiveMQPlatformOperatorApplication - Create Platform ServiceAccount: true
2025-01-28 21:23:02,484 INFO c.h.h.t.HelmChartContainer - [hivemq-test-hivemq-platform] [hivemq-platform-operator] [a978355e] 21:23:02.483 [main] INFO  c.h.p.o.HiveMQPlatformOperatorApplication - Create Platform ServiceAccount permissions: true
2025-01-28 21:23:02,484 INFO c.h.h.t.HelmChartContainer - [hivemq-test-hivemq-platform] [hivemq-platform-operator] [a978355e] 21:23:02.483 [main] INFO  c.h.p.o.HiveMQPlatformOperatorApplication - Validate Platform ServiceAccount: true
2025-01-28 21:23:02,484 INFO c.h.h.t.HelmChartContainer - [hivemq-test-hivemq-platform] [hivemq-platform-operator] [a978355e] 21:23:02.483 [main] INFO  c.h.p.o.HiveMQPlatformOperatorApplication - Validate Platform ServiceAccount permissions: true
2025-01-28 21:23:02,628 INFO c.h.h.t.HelmChartContainer - [hivemq-test-hivemq-platform] [hivemq-platform-operator] [a978355e] 21:23:02.627 [main] INFO  c.h.platform.operator.util.CRDUtil - Verifying deployed HiveMQ Platform CRD...
2025-01-28 21:23:05,228 INFO c.h.h.t.HelmChartContainer - [hivemq-test-hivemq-platform] [hivemq-platform-operator] [a978355e] 21:23:05.227 [main] DEBUG c.h.platform.operator.util.CRDUtil - HiveMQ Platform CRD version v1 is up to date
2025-01-28 21:23:05,228 INFO c.h.h.t.HelmChartContainer - [hivemq-test-hivemq-platform] [hivemq-platform-operator] [a978355e] 21:23:05.227 [main] INFO  c.h.platform.operator.util.CRDUtil - HiveMQ Platform CRD is up to date (version: V1_6_0)
2025-01-28 21:23:05,228 INFO c.h.h.t.HelmChartContainer - [hivemq-test-hivemq-platform] [hivemq-platform-operator] [a978355e] 21:23:05.227 [main] INFO  c.h.platform.operator.util.CRDUtil - Waiting 10000 ms for HiveMQ Platform CRD 'hivemq-platforms.hivemq.com' to become ready...
2025-01-28 21:23:05,482 INFO c.h.h.t.HelmChartContainer - [hivemq-test-hivemq-platform] [hivemq-platform-operator] [a978355e] 21:23:05.480 [vert.x-eventloop-thread-1] DEBUG c.h.platform.operator.util.CRDUtil - Checking CRD condition 'NamesAccepted' (status: 'True')
2025-01-28 21:23:05,482 INFO c.h.h.t.HelmChartContainer - [hivemq-test-hivemq-platform] [hivemq-platform-operator] [a978355e] 21:23:05.481 [vert.x-eventloop-thread-1] DEBUG c.h.platform.operator.util.CRDUtil - Checking CRD condition 'Established' (status: 'True')
2025-01-28 21:23:05,483 INFO c.h.h.t.HelmChartContainer - [hivemq-test-hivemq-platform] [hivemq-platform-operator] [a978355e] 21:23:05.481 [main] INFO  c.h.platform.operator.util.CRDUtil - HiveMQ Platform CRD 'hivemq-platforms.hivemq.com' is ready
2025-01-28 21:23:05,682 INFO c.h.h.t.HelmChartContainer - [hivemq-test-hivemq-platform] [hivemq-platform-operator] [a978355e] 21:23:05.681 [main] INFO  c.h.p.o.HiveMQPlatformReconciler - HiveMQ Platform Operator is starting...
2025-01-28 21:23:05,785 INFO c.h.h.t.HelmChartContainer - [hivemq-test-hivemq-platform] [hivemq-platform-operator] [a978355e] 21:23:05.783 [main] WARN  Default ConfigurationService implementation - Configuration for reconciler 'hivemq-controller' was not found. Known reconcilers: None.
2025-01-28 21:23:05,832 INFO c.h.h.t.HelmChartContainer - [hivemq-test-hivemq-platform] [hivemq-platform-operator] [a978355e] 21:23:05.830 [main] INFO  Default ConfigurationService implementation - Created configuration for reconciler com.hivemq.platform.operator.HiveMQPlatformReconciler with name hivemq-controller
2025-01-28 21:23:05,979 INFO c.h.h.t.HelmChartContainer - [hivemq-test-hivemq-platform] [hivemq-platform-operator] [a978355e] 21:23:05.978 [main] DEBUG c.h.p.o.HiveMQPlatformReconciler - HiveMQ Platform Operator is preparing EventSources
2025-01-28 21:23:06,030 INFO c.h.h.t.HelmChartContainer - [hivemq-test-hivemq-platform] [hivemq-platform-operator] [a978355e] 21:23:06.028 [main] INFO  i.javaoperatorsdk.operator.Operator - Registered reconciler: 'hivemq-controller' for resource: 'class com.hivemq.platform.operator.v1.HiveMQPlatform' for namespace(s): [all namespaces]
2025-01-28 21:23:06,581 INFO c.h.h.t.HelmChartContainer - [hivemq-test-hivemq-platform] [hivemq-platform-operator] [a978355e] 21:23:06.580 [main] INFO  c.h.p.operator.webserver.JettyServer - Starting Jetty server on port 8080
2025-01-28 21:23:06,636 INFO c.h.h.t.HelmChartContainer - [hivemq-test-hivemq-platform] [hivemq-platform-operator] [a978355e] 21:23:06.635 [main] INFO  i.javaoperatorsdk.operator.Operator - Operator SDK 4.9.7 (commit: 2133d28) built on Wed Nov 20 12:56:20 UTC 2024 starting...
2025-01-28 21:23:06,677 INFO c.h.h.t.HelmChartContainer - [hivemq-test-hivemq-platform] [hivemq-platform-operator] [a978355e] 21:23:06.636 [main] INFO  i.javaoperatorsdk.operator.Operator - Client version: 6.13.4
2025-01-28 21:23:06,678 INFO c.h.h.t.HelmChartContainer - [hivemq-test-hivemq-platform] [hivemq-platform-operator] [a978355e] 21:23:06.677 [Controller Starter for: hivemq-controller] INFO  i.j.operator.processing.Controller - Starting 'hivemq-controller' controller for reconciler: com.hivemq.platform.operator.HiveMQPlatformReconciler, resource: com.hivemq.platform.operator.v1.HiveMQPlatform
2025-01-28 21:23:09,080 INFO c.h.h.t.HelmChartContainer - [hivemq-test-hivemq-platform] [hivemq-platform-operator] [a978355e] 21:23:09.079 [Controller Starter for: hivemq-controller] INFO  i.j.operator.processing.Controller - 'hivemq-controller' controller started
2025-01-28 21:23:09,080 INFO c.h.h.t.HelmChartContainer - [hivemq-test-hivemq-platform] [hivemq-platform-operator] [a978355e] 21:23:09.079 [main] INFO  c.h.p.o.HiveMQPlatformOperatorApplication - HiveMQ Platform Operator 1.7.0-SNAPSHOT started in 6642 ms
2025-01-28 21:23:10,019 INFO c.h.h.t.HelmChartContainer - [POD] hivemq-test-hivemq-platform-operator-6966f96d65-6rnnp [a978355e-fbdf-4849-a67a-0f80cf07c8b2] in updateloglevelit-operator was MODIFIED
2025-01-28 21:23:10,032 INFO c.h.h.t.HelmChartContainer - [K3S] [replica_set.go:679] "Finished syncing" kind="ReplicaSet" key="updateloglevelit-operator/hivemq-test-hivemq-platform-operator-6966f96d65" duration="13.715237ms"
2025-01-28 21:23:10,033 INFO c.h.h.t.HelmChartContainer - [K3S] [replica_set.go:679] "Finished syncing" kind="ReplicaSet" key="updateloglevelit-operator/hivemq-test-hivemq-platform-operator-6966f96d65" duration="66.384µs"
2025-01-28 21:23:10,273 INFO com.hivemq.helmcharts.util.K8sUtil - Pod 'hivemq-test-hivemq-platform-operator-6966f96d65-6rnnp' is ready
2025-01-28 21:23:10,342 DEBUG c.h.h.t.HelmChartContainer - Executing helm command: /bin/helm --kubeconfig /etc/rancher/k3s/k3s.yaml install test-hivemq-platform /charts/hivemq-platform --wait --timeout 5m0s --set image.repository=docker.io/hivemq --set image.tag=4.36.0 --set image.pullPolicy=Never --set nodes.resources.cpu=512m -f /files/platform-values.yaml --namespace updateloglevelit
2025-01-28 21:23:10,831 INFO c.h.h.t.HelmChartContainer - [hivemq-test-hivemq-platform] [hivemq-platform-operator] [a978355e] 21:23:10.829 [-373097727-pool-1-thread-3] WARN  i.m.p.PrometheusMeterRegistry - The meter (MeterId{name='operator.sdk.events.received', tags=[tag(action=ADDED),tag(event=ResourceEvent),tag(group=hivemq.com),tag(kind=HiveMQPlatform),tag(name=test-hivemq-platform),tag(namespace=updateloglevelit),tag(scope=namespace),tag(version=v1)]}) registration has failed: Prometheus requires that all meters with the same name have the same set of tag keys. There is already an existing meter named 'operator.sdk.events.received' containing tag keys [event, group, kind, name, namespace, scope, version]. The meter you are attempting to register has keys [action, event, group, kind, name, namespace, scope, version]. Note that subsequent logs will be logged at debug level.
2025-01-28 21:23:11,328 INFO c.h.h.t.HelmChartContainer - [hivemq-test-hivemq-platform] [hivemq-platform-operator] [a978355e] 21:23:11.327 [pool-6-thread-3] DEBUG c.h.p.o.dependants.PodInfoConfigMap - [updatelo] Desired PodInfo ConfigMap (1 extensions) (1 enabled)
2025-01-28 21:23:11,329 INFO c.h.h.t.HelmChartContainer - [hivemq-test-hivemq-platform] [hivemq-platform-operator] [a978355e] 21:23:11.328 [pool-6-thread-3] DEBUG c.h.p.o.dependants.PodInfoConfigMap - [updatelo] Desired PodInfo ConfigMap (metrics port: 9399) (metrics path: /)
2025-01-28 21:23:11,329 INFO c.h.h.t.HelmChartContainer - [hivemq-test-hivemq-platform] [hivemq-platform-operator] [a978355e] 21:23:11.328 [pool-6-thread-3] DEBUG c.h.p.o.dependants.PodInfoConfigMap - [updatelo] Desired PodInfo ConfigMap (extension state hash: -1817474005)
2025-01-28 21:23:11,332 INFO c.h.h.t.HelmChartContainer - [hivemq-test-hivemq-platform] [hivemq-platform-operator] [a978355e] 21:23:11.331 [pool-6-thread-3] DEBUG c.h.p.o.dependants.PodInfoConfigMap - [updatelo] Create PodInfo ConfigMap
2025-01-28 21:23:11,381 INFO c.h.h.t.HelmChartContainer - [hivemq-test-hivemq-platform] [hivemq-platform-operator] [a978355e] 21:23:11.379 [pool-6-thread-5] DEBUG c.h.p.o.dependants.PodRoleResource - [updatelo] Create Role: Role(apiVersion=rbac.authorization.k8s.io/v1, kind=Role, metadata=ObjectMeta(annotations={meta.helm.sh/release-name=test-hivemq-platform, meta.helm.sh/release-namespace=updateloglevelit}, creationTimestamp=null, deletionGracePeriodSeconds=null, deletionTimestamp=null, finalizers=[], generateName=null, generation=null, labels={helm.sh/chart=hivemq-platform-0.2.32, app.kubernetes.io/managed-by=Helm, app.kubernetes.io/name=hivemq-platform, hivemq-platform=test-hivemq-platform, app.kubernetes.io/instance=test-hivemq-platform, app.kubernetes.io/version=4.36.0}, managedFields=[], name=hivemq-platform-role-test-hivemq-platform, namespace=updateloglevelit, ownerReferences=[OwnerReference(apiVersion=hivemq.com/v1, blockOwnerDeletion=null, controller=null, kind=HiveMQPlatform, name=test-hivemq-platform, uid=f357c91b-930e-4f97-b1eb-7e560eb06641, additionalProperties={})], resourceVersion=null, selfLink=null, uid=null, additionalProperties={}), rules=[PolicyRule(apiGroups=[], nonResourceURLs=[], resourceNames=[], resources=[pods], verbs=[get, patch, update], additionalProperties={})], additionalProperties={})
2025-01-28 21:23:11,532 INFO c.h.h.t.HelmChartContainer - [hivemq-test-hivemq-platform] [hivemq-platform-operator] [a978355e] 21:23:11.531 [pool-6-thread-7] DEBUG c.h.p.o.d.PodServiceAccountResource - [updatelo] Desired PodServiceAccountResource (serviceAccountName: hivemq-platform-pod-test-hivemq-platform)
2025-01-28 21:23:11,533 INFO c.h.h.t.HelmChartContainer - [hivemq-test-hivemq-platform] [hivemq-platform-operator] [a978355e] 21:23:11.532 [pool-6-thread-7] DEBUG c.h.p.o.d.PodServiceAccountResource - [updatelo] Create ServiceAccount 'hivemq-platform-pod-test-hivemq-platform'
2025-01-28 21:23:11,725 INFO c.h.h.t.HelmChartContainer - [hivemq-test-hivemq-platform] [hivemq-platform-operator] [a978355e] 21:23:11.724 [pool-6-thread-10] DEBUG c.h.p.o.d.PodRoleBindingResource - [updatelo] Create RoleBinding: RoleBinding(apiVersion=rbac.authorization.k8s.io/v1, kind=RoleBinding, metadata=ObjectMeta(annotations={meta.helm.sh/release-name=test-hivemq-platform, meta.helm.sh/release-namespace=updateloglevelit}, creationTimestamp=null, deletionGracePeriodSeconds=null, deletionTimestamp=null, finalizers=[], generateName=null, generation=null, labels={helm.sh/chart=hivemq-platform-0.2.32, app.kubernetes.io/managed-by=Helm, app.kubernetes.io/name=hivemq-platform, hivemq-platform=test-hivemq-platform, app.kubernetes.io/instance=test-hivemq-platform, app.kubernetes.io/version=4.36.0}, managedFields=[], name=hivemq-platform-role-binding-test-hivemq-platform, namespace=updateloglevelit, ownerReferences=[OwnerReference(apiVersion=hivemq.com/v1, blockOwnerDeletion=null, controller=null, kind=HiveMQPlatform, name=test-hivemq-platform, uid=f357c91b-930e-4f97-b1eb-7e560eb06641, additionalProperties={})], resourceVersion=null, selfLink=null, uid=null, additionalProperties={}), roleRef=RoleRef(apiGroup=rbac.authorization.k8s.io, kind=Role, name=hivemq-platform-role-test-hivemq-platform, additionalProperties={}), subjects=[Subject(apiGroup=null, kind=ServiceAccount, name=hivemq-platform-pod-test-hivemq-platform, namespace=updateloglevelit, additionalProperties={})], additionalProperties={})
2025-01-28 21:23:11,778 INFO c.h.h.t.HelmChartContainer - [hivemq-test-hivemq-platform] [hivemq-platform-operator] [a978355e] 21:23:11.777 [ReconcilerExecutor-hivemq-controller-53] INFO  c.h.p.o.HiveMQPlatformReconciler - [updatelo] Reconciling HiveMQ Platform 'test-hivemq-platform' in namespace 'updateloglevelit'
2025-01-28 21:23:11,779 INFO c.h.h.t.HelmChartContainer - [hivemq-test-hivemq-platform] [hivemq-platform-operator] [a978355e] 21:23:11.777 [ReconcilerExecutor-hivemq-controller-53] DEBUG c.h.p.o.HiveMQPlatformReconciler - [updatelo] Custom Resource Status CREATED - HiveMQ Platform was created (READY)
2025-01-28 21:23:11,779 INFO c.h.h.t.HelmChartContainer - [hivemq-test-hivemq-platform] [hivemq-platform-operator] [a978355e] 21:23:11.778 [ReconcilerExecutor-hivemq-controller-53] DEBUG c.h.p.o.HiveMQPlatformReconciler - [updatelo] Custom Resource Spec (replicas: 1) (extensions: 1)
2025-01-28 21:23:11,783 INFO c.h.h.t.HelmChartContainer - [hivemq-test-hivemq-platform] [hivemq-platform-operator] [a978355e] 21:23:11.782 [ReconcilerExecutor-hivemq-controller-53] INFO  c.h.p.o.h.HiveMQPlatformReconcilerBaseHandler - [updatelo] HiveMQ Platform is starting
2025-01-28 21:23:11,930 INFO c.h.h.t.HelmChartContainer - [hivemq-test-hivemq-platform] [hivemq-platform-operator] [a978355e] 21:23:11.929 [ReconcilerExecutor-hivemq-controller-53] DEBUG c.h.p.operator.event.EventSender - [updatelo] Creating K8s event hivemq-platform-starting: [Start] HiveMQ Platform is starting
2025-01-28 21:23:11,939 INFO c.h.h.t.HelmChartContainer - [EVENT] Normal [Start] HiveMQ Platform is starting [updateloglevelit:test-hivemq-platform]
2025-01-28 21:23:11,981 INFO c.h.h.t.HelmChartContainer - [hivemq-test-hivemq-platform] [hivemq-platform-operator] [a978355e] 21:23:11.980 [ReconcilerExecutor-hivemq-controller-53] INFO  c.h.p.o.h.AbstractHiveMQReconcilerStateHandler - [updatelo] Update HiveMQ Platform Status (CREATED [READY] -> STARTING [READY]): HiveMQ Platform is starting
2025-01-28 21:23:12,038 DEBUG com.hivemq.helmcharts.util.K8sUtil - Comparing actual state 'STARTING' and waiting for 'RUNNING'
2025-01-28 21:23:22,130 INFO c.h.h.t.HelmChartContainer - [hivemq-test-hivemq-platform] [hivemq-platform-operator] [a978355e] 21:23:22.128 [pool-6-thread-12] DEBUG c.h.p.o.d.PlatformServiceResource - [updatelo] Desired Platform services (3 services)
2025-01-28 21:23:22,132 INFO c.h.h.t.HelmChartContainer - [hivemq-test-hivemq-platform] [hivemq-platform-operator] [a978355e] 21:23:22.131 [pool-6-thread-13] DEBUG c.h.p.o.dependants.PodInfoConfigMap - [updatelo] Desired PodInfo ConfigMap (1 extensions) (1 enabled)
2025-01-28 21:23:22,135 INFO c.h.h.t.HelmChartContainer - [hivemq-test-hivemq-platform] [hivemq-platform-operator] [a978355e] 21:23:22.132 [pool-6-thread-17] DEBUG c.h.p.o.d.PodServiceAccountResource - [updatelo] Desired PodServiceAccountResource (serviceAccountName: hivemq-platform-pod-test-hivemq-platform)
2025-01-28 21:23:22,136 INFO c.h.h.t.HelmChartContainer - [hivemq-test-hivemq-platform] [hivemq-platform-operator] [a978355e] 21:23:22.132 [pool-6-thread-13] DEBUG c.h.p.o.dependants.PodInfoConfigMap - [updatelo] Desired PodInfo ConfigMap (metrics port: 9399) (metrics path: /)
2025-01-28 21:23:22,136 INFO c.h.h.t.HelmChartContainer - [hivemq-test-hivemq-platform] [hivemq-platform-operator] [a978355e] 21:23:22.132 [pool-6-thread-13] DEBUG c.h.p.o.dependants.PodInfoConfigMap - [updatelo] Desired PodInfo ConfigMap (extension state hash: -1817474005)
2025-01-28 21:23:22,147 INFO c.h.h.t.HelmChartContainer - [K3S] [alloc.go:330] "allocated clusterIPs" service="updateloglevelit/hivemq-test-hivemq-platform-cc-8080" clusterIPs={"IPv4":"10.43.151.29"}
2025-01-28 21:23:22,227 INFO c.h.h.t.HelmChartContainer - [hivemq-test-hivemq-platform] [hivemq-platform-operator] [a978355e] 21:23:22.223 [pool-6-thread-13] DEBUG c.h.p.o.dependants.PodInfoConfigMap - [updatelo] Update PodInfo ConfigMap
2025-01-28 21:23:22,239 INFO c.h.h.t.HelmChartContainer - [K3S] [alloc.go:330] "allocated clusterIPs" service="updateloglevelit/hivemq-test-hivemq-platform-metrics-9399" clusterIPs={"IPv4":"10.43.179.200"}
2025-01-28 21:23:22,331 INFO c.h.h.t.HelmChartContainer - [K3S] [alloc.go:330] "allocated clusterIPs" service="updateloglevelit/hivemq-test-hivemq-platform-mqtt-1883" clusterIPs={"IPv4":"10.43.116.160"}
2025-01-28 21:23:22,339 INFO c.h.h.t.HelmChartContainer - [hivemq-test-hivemq-platform] [hivemq-platform-operator] [a978355e] 21:23:22.337 [pool-6-thread-20] DEBUG c.h.p.o.d.StatefulSetResource - [updatelo] Desired StatefulSet (1 replicas) for status STARTING (READY)
2025-01-28 21:23:22,429 INFO c.h.h.t.HelmChartContainer - [hivemq-test-hivemq-platform] [hivemq-platform-operator] [a978355e] 21:23:22.428 [pool-6-thread-20] DEBUG c.h.p.o.d.StatefulSetResource - [updatelo] Create StatefulSet
2025-01-28 21:23:22,456 INFO c.h.h.t.HelmChartContainer - [POD] test-hivemq-platform-0 [71b45067-1c56-4f88-a2ac-7526ca04e218] in updateloglevelit was ADDED
2025-01-28 21:23:22,456 INFO c.h.h.t.HelmChartContainer - [EVENT] Normal [SuccessfulCreate] create Pod test-hivemq-platform-0 in StatefulSet test-hivemq-platform successful [updateloglevelit:test-hivemq-platform]
2025-01-28 21:23:22,464 INFO c.h.h.t.HelmChartContainer - [POD] test-hivemq-platform-0 [71b45067-1c56-4f88-a2ac-7526ca04e218] in updateloglevelit was MODIFIED
2025-01-28 21:23:22,464 INFO c.h.h.t.HelmChartContainer - [EVENT] Normal [Scheduled] Successfully assigned updateloglevelit/test-hivemq-platform-0 to c40f33139f2e [updateloglevelit:test-hivemq-platform-0]
2025-01-28 21:23:22,471 INFO c.h.h.t.HelmChartContainer - [POD] test-hivemq-platform-0 [71b45067-1c56-4f88-a2ac-7526ca04e218] in updateloglevelit was MODIFIED
2025-01-28 21:23:22,535 INFO c.h.h.t.HelmChartContainer - [hivemq-test-hivemq-platform] [hivemq-platform-operator] [a978355e] 21:23:22.533 [ReconcilerExecutor-hivemq-controller-64] INFO  c.h.p.o.HiveMQPlatformReconciler - [updatelo] Reconciling HiveMQ Platform 'test-hivemq-platform' in namespace 'updateloglevelit'
2025-01-28 21:23:22,535 INFO c.h.h.t.HelmChartContainer - [hivemq-test-hivemq-platform] [hivemq-platform-operator] [a978355e] 21:23:22.533 [ReconcilerExecutor-hivemq-controller-64] DEBUG c.h.p.o.HiveMQPlatformReconciler - [updatelo] Custom Resource Status STARTING - HiveMQ Platform is starting (READY)
2025-01-28 21:23:22,535 INFO c.h.h.t.HelmChartContainer - [hivemq-test-hivemq-platform] [hivemq-platform-operator] [a978355e] 21:23:22.533 [ReconcilerExecutor-hivemq-controller-64] DEBUG c.h.p.o.HiveMQPlatformReconciler - [updatelo] Custom Resource Spec (replicas: 1) (extensions: 1)
2025-01-28 21:23:22,537 INFO c.h.h.t.HelmChartContainer - [hivemq-test-hivemq-platform] [hivemq-platform-operator] [a978355e] 21:23:22.536 [ReconcilerExecutor-hivemq-controller-64] DEBUG c.h.p.o.HiveMQPlatformReconciler - [updatelo] StatefulSet Status (revision: test-hivemq-platform-b697f795f, replicas: 1, available: 0, ready: 0, current: 1, updated: 1)
2025-01-28 21:23:22,537 INFO c.h.h.t.HelmChartContainer - [hivemq-test-hivemq-platform] [hivemq-platform-operator] [a978355e] 21:23:22.536 [ReconcilerExecutor-hivemq-controller-64] DEBUG c.h.p.o.HiveMQPlatformReconciler - [updatelo] StatefulSet Spec (replicas: 1, init containers: 1, containers: 1, volumes: 3)
2025-01-28 21:23:22,565 INFO c.h.h.t.HelmChartContainer - [K3S] [reconciler_common.go:251] "operationExecutor.VerifyControllerAttachedVolume started for volume \"pod-info\" (UniqueName: \"kubernetes.io/configmap/71b45067-1c56-4f88-a2ac-7526ca04e218-pod-info\") pod \"test-hivemq-platform-0\" (UID: \"71b45067-1c56-4f88-a2ac-7526ca04e218\") " pod="updateloglevelit/test-hivemq-platform-0"
2025-01-28 21:23:22,565 INFO c.h.h.t.HelmChartContainer - [K3S] [reconciler_common.go:251] "operationExecutor.VerifyControllerAttachedVolume started for volume \"broker-configuration\" (UniqueName: \"kubernetes.io/configmap/71b45067-1c56-4f88-a2ac-7526ca04e218-broker-configuration\") pod \"test-hivemq-platform-0\" (UID: \"71b45067-1c56-4f88-a2ac-7526ca04e218\") " pod="updateloglevelit/test-hivemq-platform-0"
2025-01-28 21:23:22,565 INFO c.h.h.t.HelmChartContainer - [K3S] [reconciler_common.go:251] "operationExecutor.VerifyControllerAttachedVolume started for volume \"kube-api-access-q6hk2\" (UniqueName: \"kubernetes.io/projected/71b45067-1c56-4f88-a2ac-7526ca04e218-kube-api-access-q6hk2\") pod \"test-hivemq-platform-0\" (UID: \"71b45067-1c56-4f88-a2ac-7526ca04e218\") " pod="updateloglevelit/test-hivemq-platform-0"
2025-01-28 21:23:22,565 INFO c.h.h.t.HelmChartContainer - [K3S] [reconciler_common.go:251] "operationExecutor.VerifyControllerAttachedVolume started for volume \"operator-init\" (UniqueName: \"kubernetes.io/empty-dir/71b45067-1c56-4f88-a2ac-7526ca04e218-operator-init\") pod \"test-hivemq-platform-0\" (UID: \"71b45067-1c56-4f88-a2ac-7526ca04e218\") " pod="updateloglevelit/test-hivemq-platform-0"
2025-01-28 21:23:22,640 INFO c.h.h.t.HelmChartContainer - [hivemq-test-hivemq-platform] [hivemq-platform-operator] [a978355e] 21:23:22.639 [ReconcilerExecutor-hivemq-controller-64] DEBUG c.h.p.o.h.HiveMQPlatformReconcilerErrorHandler - [updatelo] Pod 'test-hivemq-platform-0' phase Pending
2025-01-28 21:23:22,641 INFO c.h.h.t.HelmChartContainer - [hivemq-test-hivemq-platform] [hivemq-platform-operator] [a978355e] 21:23:22.640 [ReconcilerExecutor-hivemq-controller-64] DEBUG c.h.p.o.h.HiveMQPlatformReconcilerErrorHandler - [updatelo] Pod 'test-hivemq-platform-0' condition 'PodReadyToStartContainers': False
2025-01-28 21:23:22,642 INFO c.h.h.t.HelmChartContainer - [hivemq-test-hivemq-platform] [hivemq-platform-operator] [a978355e] 21:23:22.641 [ReconcilerExecutor-hivemq-controller-64] DEBUG c.h.p.o.h.HiveMQPlatformReconcilerErrorHandler - [updatelo] Pod 'test-hivemq-platform-0' condition 'Initialized': False
2025-01-28 21:23:22,642 INFO c.h.h.t.HelmChartContainer - [hivemq-test-hivemq-platform] [hivemq-platform-operator] [a978355e] 21:23:22.641 [ReconcilerExecutor-hivemq-controller-64] DEBUG c.h.p.o.h.HiveMQPlatformReconcilerErrorHandler - [updatelo] Pod 'test-hivemq-platform-0' condition 'Ready': False
2025-01-28 21:23:22,642 INFO c.h.h.t.HelmChartContainer - [hivemq-test-hivemq-platform] [hivemq-platform-operator] [a978355e] 21:23:22.641 [ReconcilerExecutor-hivemq-controller-64] DEBUG c.h.p.o.h.HiveMQPlatformReconcilerErrorHandler - [updatelo] Pod 'test-hivemq-platform-0' condition 'ContainersReady': False
2025-01-28 21:23:22,642 INFO c.h.h.t.HelmChartContainer - [hivemq-test-hivemq-platform] [hivemq-platform-operator] [a978355e] 21:23:22.641 [ReconcilerExecutor-hivemq-controller-64] DEBUG c.h.p.o.h.HiveMQPlatformReconcilerErrorHandler - [updatelo] Pod 'test-hivemq-platform-0' condition 'PodScheduled': True
2025-01-28 21:23:22,642 INFO c.h.h.t.HelmChartContainer - [hivemq-test-hivemq-platform] [hivemq-platform-operator] [a978355e] 21:23:22.641 [ReconcilerExecutor-hivemq-controller-64] DEBUG c.h.p.o.h.HiveMQPlatformReconcilerErrorHandler - [updatelo] Pod 'test-hivemq-platform-0' containerStatus 'hivemq' (started: false) (ready: false) (waiting: [PodInitializing] null)
2025-01-28 21:23:22,644 INFO c.h.h.t.HelmChartContainer - [hivemq-test-hivemq-platform] [hivemq-platform-operator] [a978355e] 21:23:22.643 [ReconcilerExecutor-hivemq-controller-64] INFO  c.h.p.o.h.HiveMQPlatformReconcilerBaseHandler - [updatelo] HiveMQ Platform is starting, 0 of 1 replicas are ready
2025-01-28 21:23:22,731 INFO c.h.h.t.HelmChartContainer - [hivemq-test-hivemq-platform] [hivemq-platform-operator] [a978355e] 21:23:22.728 [pool-6-thread-22] DEBUG c.h.p.o.d.PlatformServiceResource - [updatelo] Desired Platform services (3 services)
2025-01-28 21:23:22,733 INFO c.h.h.t.HelmChartContainer - [hivemq-test-hivemq-platform] [hivemq-platform-operator] [a978355e] 21:23:22.730 [pool-6-thread-23] DEBUG c.h.p.o.dependants.PodInfoConfigMap - [updatelo] Desired PodInfo ConfigMap (1 extensions) (1 enabled)
2025-01-28 21:23:22,733 INFO c.h.h.t.HelmChartContainer - [hivemq-test-hivemq-platform] [hivemq-platform-operator] [a978355e] 21:23:22.731 [pool-6-thread-23] DEBUG c.h.p.o.dependants.PodInfoConfigMap - [updatelo] Desired PodInfo ConfigMap (metrics port: 9399) (metrics path: /)
2025-01-28 21:23:22,733 INFO c.h.h.t.HelmChartContainer - [hivemq-test-hivemq-platform] [hivemq-platform-operator] [a978355e] 21:23:22.731 [pool-6-thread-23] DEBUG c.h.p.o.dependants.PodInfoConfigMap - [updatelo] Desired PodInfo ConfigMap (extension state hash: -1817474005)
2025-01-28 21:23:22,736 INFO c.h.h.t.HelmChartContainer - [hivemq-test-hivemq-platform] [hivemq-platform-operator] [a978355e] 21:23:22.735 [pool-6-thread-27] DEBUG c.h.p.o.d.PodServiceAccountResource - [updatelo] Desired PodServiceAccountResource (serviceAccountName: hivemq-platform-pod-test-hivemq-platform)
2025-01-28 21:23:22,830 INFO c.h.h.t.HelmChartContainer - [hivemq-test-hivemq-platform] [hivemq-platform-operator] [a978355e] 21:23:22.827 [pool-6-thread-29] DEBUG c.h.p.o.d.StatefulSetResource - [updatelo] Desired StatefulSet (1 replicas) for status STARTING (READY)
2025-01-28 21:23:22,836 INFO c.h.h.t.HelmChartContainer - [hivemq-test-hivemq-platform] [hivemq-platform-operator] [a978355e] 21:23:22.835 [ReconcilerExecutor-hivemq-controller-75] INFO  c.h.p.o.HiveMQPlatformReconciler - [updatelo] Reconciling HiveMQ Platform 'test-hivemq-platform' in namespace 'updateloglevelit'
2025-01-28 21:23:22,837 INFO c.h.h.t.HelmChartContainer - [hivemq-test-hivemq-platform] [hivemq-platform-operator] [a978355e] 21:23:22.836 [ReconcilerExecutor-hivemq-controller-75] DEBUG c.h.p.o.HiveMQPlatformReconciler - [updatelo] Custom Resource Status STARTING - HiveMQ Platform is starting (READY)
2025-01-28 21:23:22,838 INFO c.h.h.t.HelmChartContainer - [hivemq-test-hivemq-platform] [hivemq-platform-operator] [a978355e] 21:23:22.836 [ReconcilerExecutor-hivemq-controller-75] DEBUG c.h.p.o.HiveMQPlatformReconciler - [updatelo] Custom Resource Spec (replicas: 1) (extensions: 1)
2025-01-28 21:23:22,843 INFO c.h.h.t.HelmChartContainer - [hivemq-test-hivemq-platform] [hivemq-platform-operator] [a978355e] 21:23:22.842 [ReconcilerExecutor-hivemq-controller-75] DEBUG c.h.p.o.HiveMQPlatformReconciler - [updatelo] StatefulSet Status (revision: test-hivemq-platform-b697f795f, replicas: 1, available: 0, ready: 0, current: 1, updated: 1)
2025-01-28 21:23:22,843 INFO c.h.h.t.HelmChartContainer - [hivemq-test-hivemq-platform] [hivemq-platform-operator] [a978355e] 21:23:22.842 [ReconcilerExecutor-hivemq-controller-75] DEBUG c.h.p.o.HiveMQPlatformReconciler - [updatelo] StatefulSet Spec (replicas: 1, init containers: 1, containers: 1, volumes: 3)
2025-01-28 21:23:22,845 INFO c.h.h.t.HelmChartContainer - [hivemq-test-hivemq-platform] [hivemq-platform-operator] [a978355e] 21:23:22.844 [ReconcilerExecutor-hivemq-controller-75] DEBUG c.h.p.o.h.HiveMQPlatformReconcilerErrorHandler - [updatelo] Pod 'test-hivemq-platform-0' phase Pending
2025-01-28 21:23:22,845 INFO c.h.h.t.HelmChartContainer - [hivemq-test-hivemq-platform] [hivemq-platform-operator] [a978355e] 21:23:22.844 [ReconcilerExecutor-hivemq-controller-75] DEBUG c.h.p.o.h.HiveMQPlatformReconcilerErrorHandler - [updatelo] Pod 'test-hivemq-platform-0' condition 'PodReadyToStartContainers': False
2025-01-28 21:23:22,846 INFO c.h.h.t.HelmChartContainer - [hivemq-test-hivemq-platform] [hivemq-platform-operator] [a978355e] 21:23:22.844 [ReconcilerExecutor-hivemq-controller-75] DEBUG c.h.p.o.h.HiveMQPlatformReconcilerErrorHandler - [updatelo] Pod 'test-hivemq-platform-0' condition 'Initialized': False
2025-01-28 21:23:22,878 INFO c.h.h.t.HelmChartContainer - [EVENT] Normal [Pulled] Container image "docker.io/hivemq/hivemq-platform-operator-init-test:snapshot" already present on machine [updateloglevelit:test-hivemq-platform-0]
2025-01-28 21:23:22,925 INFO c.h.h.t.HelmChartContainer - [hivemq-test-hivemq-platform] [hivemq-platform-operator] [a978355e] 21:23:22.924 [ReconcilerExecutor-hivemq-controller-75] DEBUG c.h.p.o.h.HiveMQPlatformReconcilerErrorHandler - [updatelo] Pod 'test-hivemq-platform-0' condition 'Ready': False
2025-01-28 21:23:22,925 INFO c.h.h.t.HelmChartContainer - [hivemq-test-hivemq-platform] [hivemq-platform-operator] [a978355e] 21:23:22.924 [ReconcilerExecutor-hivemq-controller-75] DEBUG c.h.p.o.h.HiveMQPlatformReconcilerErrorHandler - [updatelo] Pod 'test-hivemq-platform-0' condition 'ContainersReady': False
2025-01-28 21:23:22,926 INFO c.h.h.t.HelmChartContainer - [hivemq-test-hivemq-platform] [hivemq-platform-operator] [a978355e] 21:23:22.924 [ReconcilerExecutor-hivemq-controller-75] DEBUG c.h.p.o.h.HiveMQPlatformReconcilerErrorHandler - [updatelo] Pod 'test-hivemq-platform-0' condition 'PodScheduled': True
2025-01-28 21:23:22,926 INFO c.h.h.t.HelmChartContainer - [hivemq-test-hivemq-platform] [hivemq-platform-operator] [a978355e] 21:23:22.924 [ReconcilerExecutor-hivemq-controller-75] DEBUG c.h.p.o.h.HiveMQPlatformReconcilerErrorHandler - [updatelo] Pod 'test-hivemq-platform-0' containerStatus 'hivemq' (started: false) (ready: false) (waiting: [PodInitializing] null)
2025-01-28 21:23:22,927 INFO c.h.h.t.HelmChartContainer - [hivemq-test-hivemq-platform] [hivemq-platform-operator] [a978355e] 21:23:22.927 [ReconcilerExecutor-hivemq-controller-75] INFO  c.h.p.o.h.HiveMQPlatformReconcilerBaseHandler - [updatelo] HiveMQ Platform is starting, 0 of 1 replicas are ready
2025-01-28 21:23:23,051 INFO c.h.h.t.HelmChartContainer - [EVENT] Normal [Created] Created container: hivemq-platform-operator-init [updateloglevelit:test-hivemq-platform-0]
2025-01-28 21:23:23,089 INFO c.h.h.t.HelmChartContainer - [EVENT] Normal [Started] Started container hivemq-platform-operator-init [updateloglevelit:test-hivemq-platform-0]
2025-01-28 21:23:24,044 INFO c.h.h.t.HelmChartContainer - [EVENT] Normal [Pulled] Container image "docker.io/hivemq/hivemq4:4.36.0" already present on machine [updateloglevelit:test-hivemq-platform-0]
2025-01-28 21:23:24,044 INFO c.h.h.t.HelmChartContainer - Received Pulled event for container hivemq in pod test-hivemq-platform-0 [71b45067-1c56-4f88-a2ac-7526ca04e218]
2025-01-28 21:23:24,056 INFO c.h.h.t.HelmChartContainer - [POD] test-hivemq-platform-0 [71b45067-1c56-4f88-a2ac-7526ca04e218] in updateloglevelit was MODIFIED
2025-01-28 21:23:24,071 INFO c.h.h.t.HelmChartContainer - [hivemq-test-hivemq-platform] [hivemq-platform-operator] [a978355e] 21:23:24.066 [pool-6-thread-32] DEBUG c.h.p.o.d.PlatformServiceResource - [updatelo] Desired Platform services (3 services)
2025-01-28 21:23:24,076 INFO c.h.h.t.HelmChartContainer - [hivemq-test-hivemq-platform] [hivemq-platform-operator] [a978355e] 21:23:24.073 [pool-6-thread-33] DEBUG c.h.p.o.dependants.PodInfoConfigMap - [updatelo] Desired PodInfo ConfigMap (1 extensions) (1 enabled)
2025-01-28 21:23:24,077 INFO c.h.h.t.HelmChartContainer - [hivemq-test-hivemq-platform] [hivemq-platform-operator] [a978355e] 21:23:24.074 [pool-6-thread-33] DEBUG c.h.p.o.dependants.PodInfoConfigMap - [updatelo] Desired PodInfo ConfigMap (metrics port: 9399) (metrics path: /)
2025-01-28 21:23:24,077 INFO c.h.h.t.HelmChartContainer - [hivemq-test-hivemq-platform] [hivemq-platform-operator] [a978355e] 21:23:24.074 [pool-6-thread-33] DEBUG c.h.p.o.dependants.PodInfoConfigMap - [updatelo] Desired PodInfo ConfigMap (extension state hash: -1817474005)
2025-01-28 21:23:24,077 INFO c.h.h.t.HelmChartContainer - [hivemq-test-hivemq-platform] [hivemq-platform-operator] [a978355e] 21:23:24.076 [pool-6-thread-37] DEBUG c.h.p.o.d.PodServiceAccountResource - [updatelo] Desired PodServiceAccountResource (serviceAccountName: hivemq-platform-pod-test-hivemq-platform)
2025-01-28 21:23:24,130 INFO c.h.h.t.HelmChartContainer - [hivemq-test-hivemq-platform] [hivemq-platform-operator] [a978355e] 21:23:24.128 [pool-6-thread-40] DEBUG c.h.p.o.d.StatefulSetResource - [updatelo] Desired StatefulSet (1 replicas) for status STARTING (READY)
2025-01-28 21:23:24,134 INFO c.h.h.t.HelmChartContainer - [hivemq-test-hivemq-platform] [hivemq-platform-operator] [a978355e] 21:23:24.133 [ReconcilerExecutor-hivemq-controller-86] INFO  c.h.p.o.HiveMQPlatformReconciler - [updatelo] Reconciling HiveMQ Platform 'test-hivemq-platform' in namespace 'updateloglevelit'
2025-01-28 21:23:24,135 INFO c.h.h.t.HelmChartContainer - [hivemq-test-hivemq-platform] [hivemq-platform-operator] [a978355e] 21:23:24.133 [ReconcilerExecutor-hivemq-controller-86] DEBUG c.h.p.o.HiveMQPlatformReconciler - [updatelo] Custom Resource Status STARTING - HiveMQ Platform is starting (READY)
2025-01-28 21:23:24,135 INFO c.h.h.t.HelmChartContainer - [hivemq-test-hivemq-platform] [hivemq-platform-operator] [a978355e] 21:23:24.133 [ReconcilerExecutor-hivemq-controller-86] DEBUG c.h.p.o.HiveMQPlatformReconciler - [updatelo] Custom Resource Spec (replicas: 1) (extensions: 1)
2025-01-28 21:23:24,138 INFO c.h.h.t.HelmChartContainer - [hivemq-test-hivemq-platform] [hivemq-platform-operator] [a978355e] 21:23:24.137 [ReconcilerExecutor-hivemq-controller-86] DEBUG c.h.p.o.HiveMQPlatformReconciler - [updatelo] StatefulSet Status (revision: test-hivemq-platform-b697f795f, replicas: 1, available: 0, ready: 0, current: 1, updated: 1)
2025-01-28 21:23:24,139 INFO c.h.h.t.HelmChartContainer - [hivemq-test-hivemq-platform] [hivemq-platform-operator] [a978355e] 21:23:24.137 [ReconcilerExecutor-hivemq-controller-86] DEBUG c.h.p.o.HiveMQPlatformReconciler - [updatelo] StatefulSet Spec (replicas: 1, init containers: 1, containers: 1, volumes: 3)
2025-01-28 21:23:24,141 INFO c.h.h.t.HelmChartContainer - [hivemq-test-hivemq-platform] [hivemq-platform-operator] [a978355e] 21:23:24.141 [ReconcilerExecutor-hivemq-controller-86] DEBUG c.h.p.o.h.HiveMQPlatformReconcilerErrorHandler - [updatelo] Pod 'test-hivemq-platform-0' phase Pending
2025-01-28 21:23:24,142 INFO c.h.h.t.HelmChartContainer - [hivemq-test-hivemq-platform] [hivemq-platform-operator] [a978355e] 21:23:24.141 [ReconcilerExecutor-hivemq-controller-86] DEBUG c.h.p.o.h.HiveMQPlatformReconcilerErrorHandler - [updatelo] Pod 'test-hivemq-platform-0' condition 'PodReadyToStartContainers': True
2025-01-28 21:23:24,142 INFO c.h.h.t.HelmChartContainer - [hivemq-test-hivemq-platform] [hivemq-platform-operator] [a978355e] 21:23:24.141 [ReconcilerExecutor-hivemq-controller-86] DEBUG c.h.p.o.h.HiveMQPlatformReconcilerErrorHandler - [updatelo] Pod 'test-hivemq-platform-0' condition 'Initialized': True
2025-01-28 21:23:24,142 INFO c.h.h.t.HelmChartContainer - [hivemq-test-hivemq-platform] [hivemq-platform-operator] [a978355e] 21:23:24.141 [ReconcilerExecutor-hivemq-controller-86] DEBUG c.h.p.o.h.HiveMQPlatformReconcilerErrorHandler - [updatelo] Pod 'test-hivemq-platform-0' condition 'Ready': False
2025-01-28 21:23:24,142 INFO c.h.h.t.HelmChartContainer - [hivemq-test-hivemq-platform] [hivemq-platform-operator] [a978355e] 21:23:24.141 [ReconcilerExecutor-hivemq-controller-86] DEBUG c.h.p.o.h.HiveMQPlatformReconcilerErrorHandler - [updatelo] Pod 'test-hivemq-platform-0' condition 'ContainersReady': False
2025-01-28 21:23:24,142 INFO c.h.h.t.HelmChartContainer - [hivemq-test-hivemq-platform] [hivemq-platform-operator] [a978355e] 21:23:24.141 [ReconcilerExecutor-hivemq-controller-86] DEBUG c.h.p.o.h.HiveMQPlatformReconcilerErrorHandler - [updatelo] Pod 'test-hivemq-platform-0' condition 'PodScheduled': True
2025-01-28 21:23:24,142 INFO c.h.h.t.HelmChartContainer - [hivemq-test-hivemq-platform] [hivemq-platform-operator] [a978355e] 21:23:24.141 [ReconcilerExecutor-hivemq-controller-86] DEBUG c.h.p.o.h.HiveMQPlatformReconcilerErrorHandler - [updatelo] Pod 'test-hivemq-platform-0' containerStatus 'hivemq' (started: false) (ready: false) (waiting: [PodInitializing] null)
2025-01-28 21:23:24,143 INFO c.h.h.t.HelmChartContainer - [hivemq-test-hivemq-platform] [hivemq-platform-operator] [a978355e] 21:23:24.143 [ReconcilerExecutor-hivemq-controller-86] INFO  c.h.p.o.h.HiveMQPlatformReconcilerBaseHandler - [updatelo] HiveMQ Platform is starting, 0 of 1 replicas are ready
2025-01-28 21:23:24,433 INFO c.h.h.t.HelmChartContainer - [K3S] [scope.go:117] "RemoveContainer" containerID="b3834740b6b769d6d81082b1adc7c7112ba1d338645d0381158c37264b825c38"
2025-01-28 21:23:25,649 INFO c.h.h.t.HelmChartContainer - [EVENT] Normal [Created] Created container: hivemq [updateloglevelit:test-hivemq-platform-0]
2025-01-28 21:23:25,649 INFO c.h.h.t.HelmChartContainer - Received Created event for container hivemq in pod test-hivemq-platform-0 [71b45067-1c56-4f88-a2ac-7526ca04e218]
2025-01-28 21:23:26,058 INFO c.h.h.t.HelmChartContainer - [POD] test-hivemq-platform-0 [71b45067-1c56-4f88-a2ac-7526ca04e218] in updateloglevelit was MODIFIED
2025-01-28 21:23:26,068 INFO c.h.h.t.HelmChartContainer - [EVENT] Normal [Started] Started container hivemq [updateloglevelit:test-hivemq-platform-0]
2025-01-28 21:23:26,068 INFO c.h.h.t.HelmChartContainer - Started log watcher for hivemq in pod test-hivemq-platform-0 [71b45067-1c56-4f88-a2ac-7526ca04e218]
2025-01-28 21:23:26,068 INFO c.h.h.t.HelmChartContainer - Received Started event for container hivemq in pod test-hivemq-platform-0 [71b45067-1c56-4f88-a2ac-7526ca04e218]
2025-01-28 21:23:26,069 INFO c.h.h.t.HelmChartContainer - [test-hivemq-platform] [hivemq] [71b45067] Adding pre-installed HiveMQ Platform Operator extensions
2025-01-28 21:23:26,069 INFO c.h.h.t.HelmChartContainer - [test-hivemq-platform] [hivemq] [71b45067] Running as user 10000
2025-01-28 21:23:26,069 INFO c.h.h.t.HelmChartContainer - [test-hivemq-platform] [hivemq] [71b45067] Starting HiveMQ Platform Operator Init
2025-01-28 21:23:26,073 INFO c.h.h.t.HelmChartContainer - [hivemq-test-hivemq-platform] [hivemq-platform-operator] [a978355e] 21:23:26.071 [pool-6-thread-42] DEBUG c.h.p.o.d.PlatformServiceResource - [updatelo] Desired Platform services (3 services)
2025-01-28 21:23:26,074 INFO c.h.h.t.HelmChartContainer - [hivemq-test-hivemq-platform] [hivemq-platform-operator] [a978355e] 21:23:26.074 [pool-6-thread-43] DEBUG c.h.p.o.dependants.PodInfoConfigMap - [updatelo] Desired PodInfo ConfigMap (1 extensions) (1 enabled)
2025-01-28 21:23:26,075 INFO c.h.h.t.HelmChartContainer - [hivemq-test-hivemq-platform] [hivemq-platform-operator] [a978355e] 21:23:26.074 [pool-6-thread-43] DEBUG c.h.p.o.dependants.PodInfoConfigMap - [updatelo] Desired PodInfo ConfigMap (metrics port: 9399) (metrics path: /)
2025-01-28 21:23:26,075 INFO c.h.h.t.HelmChartContainer - [hivemq-test-hivemq-platform] [hivemq-platform-operator] [a978355e] 21:23:26.074 [pool-6-thread-43] DEBUG c.h.p.o.dependants.PodInfoConfigMap - [updatelo] Desired PodInfo ConfigMap (extension state hash: -1817474005)
2025-01-28 21:23:26,078 INFO c.h.h.t.HelmChartContainer - [hivemq-test-hivemq-platform] [hivemq-platform-operator] [a978355e] 21:23:26.076 [pool-6-thread-47] DEBUG c.h.p.o.d.PodServiceAccountResource - [updatelo] Desired PodServiceAccountResource (serviceAccountName: hivemq-platform-pod-test-hivemq-platform)
2025-01-28 21:23:26,129 INFO c.h.h.t.HelmChartContainer - [hivemq-test-hivemq-platform] [hivemq-platform-operator] [a978355e] 21:23:26.128 [pool-6-thread-50] DEBUG c.h.p.o.d.StatefulSetResource - [updatelo] Desired StatefulSet (1 replicas) for status STARTING (READY)
2025-01-28 21:23:26,133 INFO c.h.h.t.HelmChartContainer - [hivemq-test-hivemq-platform] [hivemq-platform-operator] [a978355e] 21:23:26.132 [ReconcilerExecutor-hivemq-controller-97] INFO  c.h.p.o.HiveMQPlatformReconciler - [updatelo] Reconciling HiveMQ Platform 'test-hivemq-platform' in namespace 'updateloglevelit'
2025-01-28 21:23:26,134 INFO c.h.h.t.HelmChartContainer - [hivemq-test-hivemq-platform] [hivemq-platform-operator] [a978355e] 21:23:26.132 [ReconcilerExecutor-hivemq-controller-97] DEBUG c.h.p.o.HiveMQPlatformReconciler - [updatelo] Custom Resource Status STARTING - HiveMQ Platform is starting (READY)
2025-01-28 21:23:26,134 INFO c.h.h.t.HelmChartContainer - [hivemq-test-hivemq-platform] [hivemq-platform-operator] [a978355e] 21:23:26.133 [ReconcilerExecutor-hivemq-controller-97] DEBUG c.h.p.o.HiveMQPlatformReconciler - [updatelo] Custom Resource Spec (replicas: 1) (extensions: 1)
2025-01-28 21:23:26,136 INFO c.h.h.t.HelmChartContainer - [hivemq-test-hivemq-platform] [hivemq-platform-operator] [a978355e] 21:23:26.135 [ReconcilerExecutor-hivemq-controller-97] DEBUG c.h.p.o.HiveMQPlatformReconciler - [updatelo] StatefulSet Status (revision: test-hivemq-platform-b697f795f, replicas: 1, available: 0, ready: 0, current: 1, updated: 1)
2025-01-28 21:23:26,136 INFO c.h.h.t.HelmChartContainer - [hivemq-test-hivemq-platform] [hivemq-platform-operator] [a978355e] 21:23:26.135 [ReconcilerExecutor-hivemq-controller-97] DEBUG c.h.p.o.HiveMQPlatformReconciler - [updatelo] StatefulSet Spec (replicas: 1, init containers: 1, containers: 1, volumes: 3)
2025-01-28 21:23:26,139 INFO c.h.h.t.HelmChartContainer - [hivemq-test-hivemq-platform] [hivemq-platform-operator] [a978355e] 21:23:26.138 [ReconcilerExecutor-hivemq-controller-97] DEBUG c.h.p.o.h.HiveMQPlatformReconcilerErrorHandler - [updatelo] Pod 'test-hivemq-platform-0' phase Running
2025-01-28 21:23:26,140 INFO c.h.h.t.HelmChartContainer - [hivemq-test-hivemq-platform] [hivemq-platform-operator] [a978355e] 21:23:26.139 [ReconcilerExecutor-hivemq-controller-97] INFO  c.h.p.o.h.HiveMQPlatformReconcilerBaseHandler - [updatelo] HiveMQ Platform is starting, 0 of 1 replicas are ready
2025-01-28 21:23:26,844 INFO c.h.h.t.HelmChartContainer - [test-hivemq-platform] [hivemq] [71b45067] INFO  - [HiveMQ Platform Operator Init 1.7.0-SNAPSHOT] HiveMQ Platform Operator Init 1.7.0-SNAPSHOT (commit: bebf408 on branch: HEAD) built on Sun Jan 26 20:47:47 UTC 2025
2025-01-28 21:23:28,136 INFO c.h.h.t.HelmChartContainer - [test-hivemq-platform] [hivemq] [71b45067] INFO  - [HiveMQ Platform Operator Init App 1.7.0-SNAPSHOT] Using bind address 10.42.0.14 from environment variable
2025-01-28 21:23:29,052 INFO c.h.h.t.HelmChartContainer - [test-hivemq-platform] [hivemq] [71b45067] INFO  - [HiveMQ Platform Operator Init App 1.7.0-SNAPSHOT] HiveMQ Platform Operator Init App 1.7.0-SNAPSHOT (commit: bebf408 on branch: HEAD) built on Sun Jan 26 20:47:47 UTC 2025
2025-01-28 21:23:29,052 INFO c.h.h.t.HelmChartContainer - [test-hivemq-platform] [hivemq] [71b45067] INFO  - [HiveMQ Platform Operator Init App 1.7.0-SNAPSHOT] PodInfo ConfigMap directory: /etc/podinfo
2025-01-28 21:23:29,052 INFO c.h.h.t.HelmChartContainer - [test-hivemq-platform] [hivemq] [71b45067] INFO  - [HiveMQ Platform Operator Init App 1.7.0-SNAPSHOT] HiveMQ home directory: /opt/hivemq
2025-01-28 21:23:29,052 INFO c.h.h.t.HelmChartContainer - [test-hivemq-platform] [hivemq] [71b45067] INFO  - [HiveMQ Platform Operator Init App 1.7.0-SNAPSHOT] HiveMQ Logback folder: /opt/hivemq/conf
2025-01-28 21:23:29,052 INFO c.h.h.t.HelmChartContainer - [test-hivemq-platform] [hivemq] [71b45067] INFO  - [HiveMQ Platform Operator Init App 1.7.0-SNAPSHOT] HiveMQ Config folder: /opt/hivemq/conf-k8s
2025-01-28 21:23:29,053 INFO c.h.h.t.HelmChartContainer - [test-hivemq-platform] [hivemq] [71b45067] INFO  - [HiveMQ Platform Operator Init App 1.7.0-SNAPSHOT] Starting HiveMQ Platform Operator Init App
2025-01-28 21:23:29,053 INFO c.h.h.t.HelmChartContainer - [test-hivemq-platform] [hivemq] [71b45067] INFO  - [HiveMQ Platform Operator Init App 1.7.0-SNAPSHOT] Starting Pod reconciler
2025-01-28 21:23:30,435 INFO c.h.h.t.HelmChartContainer - [test-hivemq-platform] [hivemq] [71b45067] INFO  - [HiveMQ Platform Operator Init App 1.7.0-SNAPSHOT] Pod reconciler is scheduled (interval: 5000 ms)
2025-01-28 21:23:30,436 INFO c.h.h.t.HelmChartContainer - [test-hivemq-platform] [hivemq] [71b45067] INFO  - [HiveMQ Platform Operator Init App 1.7.0-SNAPSHOT] Starting the REST API on 10.42.0.14:7979
2025-01-28 21:23:30,439 INFO c.h.h.t.HelmChartContainer - [test-hivemq-platform] [hivemq] [71b45067] INFO  - [HiveMQ Platform Operator Init App 1.7.0-SNAPSHOT] Waiting up to 600s for at most 1 HiveMQ nodes in cluster service hivemq-test-hivemq-platform-cluster.updateloglevelit.svc
2025-01-28 21:23:30,822 INFO c.h.h.t.HelmChartContainer - [test-hivemq-platform] [hivemq] [71b45067] INFO  - [HiveMQ Platform Operator Init App 1.7.0-SNAPSHOT] Resolved 1 IP addresses: [10.42.0.14]
2025-01-28 21:23:30,822 INFO c.h.h.t.HelmChartContainer - [test-hivemq-platform] [hivemq] [71b45067] INFO  - [HiveMQ Platform Operator Init App 1.7.0-SNAPSHOT] HiveMQ node count of 1 is within threshold of 1
2025-01-28 21:23:30,822 INFO c.h.h.t.HelmChartContainer - [test-hivemq-platform] [hivemq] [71b45067] INFO  - [HiveMQ Platform Operator Init App 1.7.0-SNAPSHOT] Proceeding with container start
2025-01-28 21:23:30,852 INFO c.h.h.t.HelmChartContainer - [test-hivemq-platform] [hivemq] [71b45067] INFO  - [HiveMQ Platform Operator Init App 1.7.0-SNAPSHOT] Initializing HiveMQ Platform extensions with initial configuration: {hivemq-allow-all-extension={start-priority=-1, skip-https-hostname-verification=false, restart=true, config-version=0, header-version=0, c-uri=, priority=-1, uri=preinstalled, skip-https-certificate-validation=false, enabled=true}, hivemq-prometheus-extension={request-header-path=no-request-headers, enabled=true, restart=true, priority=-1, start-priority=-1, c-uri=, skip-https-hostname-verification=false, skip-https-certificate-validation=false, uri=preinstalled}}
2025-01-28 21:23:31,247 INFO c.h.h.t.HelmChartContainer - [test-hivemq-platform] [hivemq] [71b45067] INFO  - [HiveMQ Platform Operator Init App 1.7.0-SNAPSHOT] Extension hivemq-allow-all-extension was already enabled
2025-01-28 21:23:31,342 INFO c.h.h.t.HelmChartContainer - [test-hivemq-platform] [hivemq] [71b45067] INFO  - [HiveMQ Platform Operator Init App 1.7.0-SNAPSHOT] Successfully enabled extension hivemq-prometheus-extension
2025-01-28 21:23:31,343 INFO c.h.h.t.HelmChartContainer - [test-hivemq-platform] [hivemq] [71b45067] INFO  - [HiveMQ Platform Operator Init App 1.7.0-SNAPSHOT] Starting HiveMQ Platform version 4.36.0 (4.36.0)
2025-01-28 21:23:31,344 INFO c.h.h.t.HelmChartContainer - [test-hivemq-platform] [hivemq] [71b45067] INFO  - [HiveMQ Platform Operator Init App 1.7.0-SNAPSHOT] Configuring the HiveMQ Platform
2025-01-28 21:23:31,433 INFO c.h.h.t.HelmChartContainer - [test-hivemq-platform] [hivemq] [71b45067] INFO  - [HiveMQ Platform Operator Init App 1.7.0-SNAPSHOT] Changed logback.xml file scan period to 20 seconds
2025-01-28 21:23:31,443 INFO c.h.h.t.HelmChartContainer - [test-hivemq-platform] [hivemq] [71b45067] INFO  - [HiveMQ Platform Operator Init App 1.7.0-SNAPSHOT] Starting the HiveMQ Platform
2025-01-28 21:23:31,446 INFO c.h.h.t.HelmChartContainer - [test-hivemq-platform] [hivemq] [71b45067] -------------------------------------------------------------------------
2025-01-28 21:23:31,446 INFO c.h.h.t.HelmChartContainer - [test-hivemq-platform] [hivemq] [71b45067] 
2025-01-28 21:23:31,446 INFO c.h.h.t.HelmChartContainer - [test-hivemq-platform] [hivemq] [71b45067]                   _    _  _              __  __   ____
2025-01-28 21:23:31,447 INFO c.h.h.t.HelmChartContainer - [test-hivemq-platform] [hivemq] [71b45067]                  | |  | |(_)            |  \/  | / __ \
2025-01-28 21:23:31,447 INFO c.h.h.t.HelmChartContainer - [test-hivemq-platform] [hivemq] [71b45067]                  | |__| | _ __   __ ___ | \  / || |  | |
2025-01-28 21:23:31,447 INFO c.h.h.t.HelmChartContainer - [test-hivemq-platform] [hivemq] [71b45067]                  |  __  || |\ \ / // _ \| |\/| || |  | |
2025-01-28 21:23:31,447 INFO c.h.h.t.HelmChartContainer - [test-hivemq-platform] [hivemq] [71b45067]                  | |  | || | \ V /|  __/| |  | || |__| |
2025-01-28 21:23:31,447 INFO c.h.h.t.HelmChartContainer - [test-hivemq-platform] [hivemq] [71b45067]                  |_|  |_||_|  \_/  \___||_|  |_| \___\_\
2025-01-28 21:23:31,447 INFO c.h.h.t.HelmChartContainer - [test-hivemq-platform] [hivemq] [71b45067] 
2025-01-28 21:23:31,447 INFO c.h.h.t.HelmChartContainer - [test-hivemq-platform] [hivemq] [71b45067] -------------------------------------------------------------------------
2025-01-28 21:23:31,447 INFO c.h.h.t.HelmChartContainer - [test-hivemq-platform] [hivemq] [71b45067] 
2025-01-28 21:23:31,447 INFO c.h.h.t.HelmChartContainer - [test-hivemq-platform] [hivemq] [71b45067]   HiveMQ Start Script for Linux/Unix v1.14
2025-01-28 21:23:31,447 INFO c.h.h.t.HelmChartContainer - [test-hivemq-platform] [hivemq] [71b45067] 
2025-01-28 21:23:31,553 INFO c.h.h.t.HelmChartContainer - [test-hivemq-platform] [hivemq] [71b45067] -------------------------------------------------------------------------
2025-01-28 21:23:31,553 INFO c.h.h.t.HelmChartContainer - [test-hivemq-platform] [hivemq] [71b45067] 
2025-01-28 21:23:31,553 INFO c.h.h.t.HelmChartContainer - [test-hivemq-platform] [hivemq] [71b45067]   HIVEMQ_HOME: /opt/hivemq
2025-01-28 21:23:31,553 INFO c.h.h.t.HelmChartContainer - [test-hivemq-platform] [hivemq] [71b45067] 
2025-01-28 21:23:31,553 INFO c.h.h.t.HelmChartContainer - [test-hivemq-platform] [hivemq] [71b45067]   JAVA_OPTS: -XX:+UnlockExperimentalVMOptions -XX:InitialRAMPercentage=50 -XX:MaxRAMPercentage=50 -Djava.net.preferIPv4Stack=true --add-opens java.base/java.lang=ALL-UNNAMED --add-opens java.base/java.nio=ALL-UNNAMED --add-opens java.base/sun.nio.ch=ALL-UNNAMED --add-opens jdk.management/com.sun.management.internal=ALL-UNNAMED --add-exports java.base/jdk.internal.misc=ALL-UNNAMED -Djava.security.egd=file:/dev/./urandom -Dcom.sun.management.jmxremote -Dcom.sun.management.jmxremote.port=9010 -Dcom.sun.management.jmxremote.local.only=false -Dcom.sun.management.jmxremote.authenticate=false -Dcom.sun.management.jmxremote.ssl=false -Duser.language=en -Duser.region=US -XX:+CrashOnOutOfMemoryError -XX:+HeapDumpOnOutOfMemoryError
2025-01-28 21:23:31,553 INFO c.h.h.t.HelmChartContainer - [test-hivemq-platform] [hivemq] [71b45067] 
2025-01-28 21:23:31,553 INFO c.h.h.t.HelmChartContainer - [test-hivemq-platform] [hivemq] [71b45067]   JAVA_VERSION: 21
2025-01-28 21:23:31,553 INFO c.h.h.t.HelmChartContainer - [test-hivemq-platform] [hivemq] [71b45067] 
2025-01-28 21:23:31,553 INFO c.h.h.t.HelmChartContainer - [test-hivemq-platform] [hivemq] [71b45067] -------------------------------------------------------------------------
2025-01-28 21:23:31,554 INFO c.h.h.t.HelmChartContainer - [test-hivemq-platform] [hivemq] [71b45067] 
2025-01-28 21:23:32,134 INFO c.h.h.t.HelmChartContainer - [test-hivemq-platform] [hivemq] [71b45067] INFO  - [HiveMQ Platform Operator Init App 1.7.0-SNAPSHOT] Returning default Health API response 503 for readiness
2025-01-28 21:23:32,422 INFO c.h.h.t.HelmChartContainer - [EVENT] Warning [Unhealthy] Readiness probe failed: HTTP probe failed with statuscode: 503 [updateloglevelit:test-hivemq-platform-0]
2025-01-28 21:23:32,422 INFO c.h.h.t.HelmChartContainer - Received Unhealthy event for container hivemq in pod test-hivemq-platform-0 [71b45067-1c56-4f88-a2ac-7526ca04e218]
2025-01-28 21:23:34,225 INFO c.h.h.t.HelmChartContainer - [test-hivemq-platform] [hivemq] [71b45067] INFO  - Starting HiveMQ Enterprise Server
2025-01-28 21:23:34,238 INFO c.h.h.t.HelmChartContainer - [test-hivemq-platform] [hivemq] [71b45067] INFO  - HiveMQ version: 4.36.0
2025-01-28 21:23:34,238 INFO c.h.h.t.HelmChartContainer - [test-hivemq-platform] [hivemq] [71b45067] INFO  - HiveMQ home directory: /opt/hivemq
2025-01-28 21:23:34,239 INFO c.h.h.t.HelmChartContainer - [test-hivemq-platform] [hivemq] [71b45067] INFO  - Log Configuration was overridden by /opt/hivemq/conf/logback.xml
2025-01-28 21:23:35,638 INFO c.h.h.t.HelmChartContainer - [test-hivemq-platform] [hivemq] [71b45067] INFO  - Successfully loaded configuration from '/opt/hivemq/conf-k8s/config.xml'.
2025-01-28 21:23:36,148 INFO c.h.h.t.HelmChartContainer - [hivemq-test-hivemq-platform] [hivemq-platform-operator] [a978355e] 21:23:36.145 [pool-6-thread-8] DEBUG c.h.p.o.d.PlatformServiceResource - [updatelo] Desired Platform services (3 services)
2025-01-28 21:23:36,151 INFO c.h.h.t.HelmChartContainer - [hivemq-test-hivemq-platform] [hivemq-platform-operator] [a978355e] 21:23:36.147 [pool-6-thread-9] DEBUG c.h.p.o.dependants.PodInfoConfigMap - [updatelo] Desired PodInfo ConfigMap (1 extensions) (1 enabled)
2025-01-28 21:23:36,151 INFO c.h.h.t.HelmChartContainer - [hivemq-test-hivemq-platform] [hivemq-platform-operator] [a978355e] 21:23:36.147 [pool-6-thread-9] DEBUG c.h.p.o.dependants.PodInfoConfigMap - [updatelo] Desired PodInfo ConfigMap (metrics port: 9399) (metrics path: /)
2025-01-28 21:23:36,151 INFO c.h.h.t.HelmChartContainer - [hivemq-test-hivemq-platform] [hivemq-platform-operator] [a978355e] 21:23:36.147 [pool-6-thread-9] DEBUG c.h.p.o.dependants.PodInfoConfigMap - [updatelo] Desired PodInfo ConfigMap (extension state hash: -1817474005)
2025-01-28 21:23:36,151 INFO c.h.h.t.HelmChartContainer - [hivemq-test-hivemq-platform] [hivemq-platform-operator] [a978355e] 21:23:36.148 [pool-6-thread-9] DEBUG c.h.p.o.d.PodServiceAccountResource - [updatelo] Desired PodServiceAccountResource (serviceAccountName: hivemq-platform-pod-test-hivemq-platform)
2025-01-28 21:23:36,157 INFO c.h.h.t.HelmChartContainer - [hivemq-test-hivemq-platform] [hivemq-platform-operator] [a978355e] 21:23:36.155 [pool-6-thread-8] DEBUG c.h.p.o.d.StatefulSetResource - [updatelo] Desired StatefulSet (1 replicas) for status STARTING (READY)
2025-01-28 21:23:36,160 INFO c.h.h.t.HelmChartContainer - [hivemq-test-hivemq-platform] [hivemq-platform-operator] [a978355e] 21:23:36.158 [ReconcilerExecutor-hivemq-controller-108] INFO  c.h.p.o.HiveMQPlatformReconciler - [updatelo] Reconciling HiveMQ Platform 'test-hivemq-platform' in namespace 'updateloglevelit'
2025-01-28 21:23:36,161 INFO c.h.h.t.HelmChartContainer - [hivemq-test-hivemq-platform] [hivemq-platform-operator] [a978355e] 21:23:36.159 [ReconcilerExecutor-hivemq-controller-108] DEBUG c.h.p.o.HiveMQPlatformReconciler - [updatelo] Custom Resource Status STARTING - HiveMQ Platform is starting (READY)
2025-01-28 21:23:36,161 INFO c.h.h.t.HelmChartContainer - [hivemq-test-hivemq-platform] [hivemq-platform-operator] [a978355e] 21:23:36.159 [ReconcilerExecutor-hivemq-controller-108] DEBUG c.h.p.o.HiveMQPlatformReconciler - [updatelo] Custom Resource Spec (replicas: 1) (extensions: 1)
2025-01-28 21:23:36,161 INFO c.h.h.t.HelmChartContainer - [hivemq-test-hivemq-platform] [hivemq-platform-operator] [a978355e] 21:23:36.160 [ReconcilerExecutor-hivemq-controller-108] DEBUG c.h.p.o.HiveMQPlatformReconciler - [updatelo] StatefulSet Status (revision: test-hivemq-platform-b697f795f, replicas: 1, available: 0, ready: 0, current: 1, updated: 1)
2025-01-28 21:23:36,161 INFO c.h.h.t.HelmChartContainer - [hivemq-test-hivemq-platform] [hivemq-platform-operator] [a978355e] 21:23:36.160 [ReconcilerExecutor-hivemq-controller-108] DEBUG c.h.p.o.HiveMQPlatformReconciler - [updatelo] StatefulSet Spec (replicas: 1, init containers: 1, containers: 1, volumes: 3)
2025-01-28 21:23:36,162 INFO c.h.h.t.HelmChartContainer - [hivemq-test-hivemq-platform] [hivemq-platform-operator] [a978355e] 21:23:36.162 [ReconcilerExecutor-hivemq-controller-108] DEBUG c.h.p.o.h.HiveMQPlatformReconcilerErrorHandler - [updatelo] Pod 'test-hivemq-platform-0' phase Running
2025-01-28 21:23:36,163 INFO c.h.h.t.HelmChartContainer - [hivemq-test-hivemq-platform] [hivemq-platform-operator] [a978355e] 21:23:36.163 [ReconcilerExecutor-hivemq-controller-108] INFO  c.h.p.o.h.HiveMQPlatformReconcilerBaseHandler - [updatelo] HiveMQ Platform is starting, 0 of 1 replicas are ready
2025-01-28 21:23:36,435 INFO c.h.h.t.HelmChartContainer - [test-hivemq-platform] [hivemq] [71b45067] INFO  - This node's ID is pjmaX
2025-01-28 21:23:36,435 INFO c.h.h.t.HelmChartContainer - [test-hivemq-platform] [hivemq] [71b45067] INFO  - Clustering is enabled
2025-01-28 21:23:37,639 INFO c.h.h.t.HelmChartContainer - [test-hivemq-platform] [hivemq] [71b45067] WARN  - [HiveMQ Platform Operator Init App 1.7.0-SNAPSHOT] Cannot connect to Health API for readiness: null
2025-01-28 21:23:37,642 INFO c.h.h.t.HelmChartContainer - [EVENT] Warning [Unhealthy] Readiness probe failed: HTTP probe failed with statuscode: 503 [updateloglevelit:test-hivemq-platform-0]
2025-01-28 21:23:37,642 INFO c.h.h.t.HelmChartContainer - Received Unhealthy event for container hivemq in pod test-hivemq-platform-0 [71b45067-1c56-4f88-a2ac-7526ca04e218]
2025-01-28 21:23:40,637 INFO c.h.h.t.HelmChartContainer - [test-hivemq-platform] [hivemq] [71b45067] Jan 28, 2025 9:23:40 PM io.vertx.core.impl.BlockedThreadChecker
2025-01-28 21:23:40,637 INFO c.h.h.t.HelmChartContainer - [test-hivemq-platform] [hivemq] [71b45067] WARNING: Thread Thread[vert.x-eventloop-thread-1,5,main] has been blocked for 2293 ms, time limit is 2000 ms
2025-01-28 21:23:41,141 INFO c.h.h.t.HelmChartContainer - [test-hivemq-platform] [hivemq] [71b45067] INFO  - [HiveMQ Platform Operator Init App 1.7.0-SNAPSHOT] Updating Pod HiveMQ Platform Operator Init App version annotation (version: 1.7.0-SNAPSHOT)
2025-01-28 21:23:41,948 INFO c.h.h.t.HelmChartContainer - [POD] test-hivemq-platform-0 [71b45067-1c56-4f88-a2ac-7526ca04e218] in updateloglevelit was MODIFIED
2025-01-28 21:23:41,955 INFO c.h.h.t.HelmChartContainer - [hivemq-test-hivemq-platform] [hivemq-platform-operator] [a978355e] 21:23:41.953 [pool-6-thread-16] DEBUG c.h.p.o.d.PlatformServiceResource - [updatelo] Desired Platform services (3 services)
2025-01-28 21:23:41,956 INFO c.h.h.t.HelmChartContainer - [hivemq-test-hivemq-platform] [hivemq-platform-operator] [a978355e] 21:23:41.956 [pool-6-thread-15] DEBUG c.h.p.o.d.PodServiceAccountResource - [updatelo] Desired PodServiceAccountResource (serviceAccountName: hivemq-platform-pod-test-hivemq-platform)
2025-01-28 21:23:41,958 INFO c.h.h.t.HelmChartContainer - [hivemq-test-hivemq-platform] [hivemq-platform-operator] [a978355e] 21:23:41.957 [pool-6-thread-11] DEBUG c.h.p.o.dependants.PodInfoConfigMap - [updatelo] Desired PodInfo ConfigMap (1 extensions) (1 enabled)
2025-01-28 21:23:41,959 INFO c.h.h.t.HelmChartContainer - [hivemq-test-hivemq-platform] [hivemq-platform-operator] [a978355e] 21:23:41.958 [pool-6-thread-11] DEBUG c.h.p.o.dependants.PodInfoConfigMap - [updatelo] Desired PodInfo ConfigMap (metrics port: 9399) (metrics path: /)
2025-01-28 21:23:41,960 INFO c.h.h.t.HelmChartContainer - [hivemq-test-hivemq-platform] [hivemq-platform-operator] [a978355e] 21:23:41.958 [pool-6-thread-11] DEBUG c.h.p.o.dependants.PodInfoConfigMap - [updatelo] Desired PodInfo ConfigMap (extension state hash: -1817474005)
2025-01-28 21:23:41,963 INFO c.h.h.t.HelmChartContainer - [hivemq-test-hivemq-platform] [hivemq-platform-operator] [a978355e] 21:23:41.962 [pool-6-thread-11] DEBUG c.h.p.o.d.StatefulSetResource - [updatelo] Desired StatefulSet (1 replicas) for status STARTING (READY)
2025-01-28 21:23:41,966 INFO c.h.h.t.HelmChartContainer - [hivemq-test-hivemq-platform] [hivemq-platform-operator] [a978355e] 21:23:41.965 [ReconcilerExecutor-hivemq-controller-109] INFO  c.h.p.o.HiveMQPlatformReconciler - [updatelo] Reconciling HiveMQ Platform 'test-hivemq-platform' in namespace 'updateloglevelit'
2025-01-28 21:23:41,966 INFO c.h.h.t.HelmChartContainer - [hivemq-test-hivemq-platform] [hivemq-platform-operator] [a978355e] 21:23:41.965 [ReconcilerExecutor-hivemq-controller-109] DEBUG c.h.p.o.HiveMQPlatformReconciler - [updatelo] Custom Resource Status STARTING - HiveMQ Platform is starting (READY)
2025-01-28 21:23:41,966 INFO c.h.h.t.HelmChartContainer - [hivemq-test-hivemq-platform] [hivemq-platform-operator] [a978355e] 21:23:41.965 [ReconcilerExecutor-hivemq-controller-109] DEBUG c.h.p.o.HiveMQPlatformReconciler - [updatelo] Custom Resource Spec (replicas: 1) (extensions: 1)
2025-01-28 21:23:41,968 INFO c.h.h.t.HelmChartContainer - [hivemq-test-hivemq-platform] [hivemq-platform-operator] [a978355e] 21:23:41.967 [ReconcilerExecutor-hivemq-controller-109] DEBUG c.h.p.o.HiveMQPlatformReconciler - [updatelo] StatefulSet Status (revision: test-hivemq-platform-b697f795f, replicas: 1, available: 0, ready: 0, current: 1, updated: 1)
2025-01-28 21:23:41,968 INFO c.h.h.t.HelmChartContainer - [hivemq-test-hivemq-platform] [hivemq-platform-operator] [a978355e] 21:23:41.967 [ReconcilerExecutor-hivemq-controller-109] DEBUG c.h.p.o.HiveMQPlatformReconciler - [updatelo] StatefulSet Spec (replicas: 1, init containers: 1, containers: 1, volumes: 3)
2025-01-28 21:23:42,026 INFO c.h.h.t.HelmChartContainer - [hivemq-test-hivemq-platform] [hivemq-platform-operator] [a978355e] 21:23:42.025 [ReconcilerExecutor-hivemq-controller-109] DEBUG c.h.p.o.h.HiveMQPlatformReconcilerErrorHandler - [updatelo] Pod 'test-hivemq-platform-0' phase Running
2025-01-28 21:23:42,027 INFO c.h.h.t.HelmChartContainer - [hivemq-test-hivemq-platform] [hivemq-platform-operator] [a978355e] 21:23:42.026 [ReconcilerExecutor-hivemq-controller-109] INFO  c.h.p.o.h.HiveMQPlatformReconcilerBaseHandler - [updatelo] HiveMQ Platform is starting, 0 of 1 replicas are ready
2025-01-28 21:23:42,040 INFO c.h.h.t.HelmChartContainer - [test-hivemq-platform] [hivemq] [71b45067] WARN  - [HiveMQ Platform Operator Init App 1.7.0-SNAPSHOT] Cannot connect to Health API for readiness: null
2025-01-28 21:23:42,048 INFO c.h.h.t.HelmChartContainer - [EVENT] Warning [Unhealthy] Readiness probe failed: HTTP probe failed with statuscode: 503 [updateloglevelit:test-hivemq-platform-0]
2025-01-28 21:23:42,048 INFO c.h.h.t.HelmChartContainer - Received Unhealthy event for container hivemq in pod test-hivemq-platform-0 [71b45067-1c56-4f88-a2ac-7526ca04e218]
2025-01-28 21:23:42,073 INFO c.h.h.t.HelmChartContainer - [test-hivemq-platform] [hivemq] [71b45067] INFO  - [HiveMQ Platform Operator Init App 1.7.0-SNAPSHOT] Successfully updated Pod HiveMQ Platform Operator Init App version annotation (version: 1.7.0-SNAPSHOT)
2025-01-28 21:23:47,017 INFO c.h.h.t.HelmChartContainer - [test-hivemq-platform] [hivemq] [71b45067] WARN  - [HiveMQ Platform Operator Init App 1.7.0-SNAPSHOT] Cannot connect to Health API for readiness: null
2025-01-28 21:23:47,022 INFO c.h.h.t.HelmChartContainer - [EVENT] Warning [Unhealthy] Readiness probe failed: HTTP probe failed with statuscode: 503 [updateloglevelit:test-hivemq-platform-0]
2025-01-28 21:23:47,022 INFO c.h.h.t.HelmChartContainer - Received Unhealthy event for container hivemq in pod test-hivemq-platform-0 [71b45067-1c56-4f88-a2ac-7526ca04e218]
2025-01-28 21:23:52,019 INFO c.h.h.t.HelmChartContainer - [test-hivemq-platform] [hivemq] [71b45067] WARN  - [HiveMQ Platform Operator Init App 1.7.0-SNAPSHOT] Cannot connect to Health API for readiness: null
2025-01-28 21:23:52,032 INFO c.h.h.t.HelmChartContainer - [hivemq-test-hivemq-platform] [hivemq-platform-operator] [a978355e] 21:23:52.030 [pool-6-thread-21] DEBUG c.h.p.o.d.PlatformServiceResource - [updatelo] Desired Platform services (3 services)
2025-01-28 21:23:52,033 INFO c.h.h.t.HelmChartContainer - [hivemq-test-hivemq-platform] [hivemq-platform-operator] [a978355e] 21:23:52.030 [pool-6-thread-26] DEBUG c.h.p.o.d.PodServiceAccountResource - [updatelo] Desired PodServiceAccountResource (serviceAccountName: hivemq-platform-pod-test-hivemq-platform)
2025-01-28 21:23:52,033 INFO c.h.h.t.HelmChartContainer - [hivemq-test-hivemq-platform] [hivemq-platform-operator] [a978355e] 21:23:52.030 [pool-6-thread-27] DEBUG c.h.p.o.dependants.PodInfoConfigMap - [updatelo] Desired PodInfo ConfigMap (1 extensions) (1 enabled)
2025-01-28 21:23:52,033 INFO c.h.h.t.HelmChartContainer - [hivemq-test-hivemq-platform] [hivemq-platform-operator] [a978355e] 21:23:52.030 [pool-6-thread-27] DEBUG c.h.p.o.dependants.PodInfoConfigMap - [updatelo] Desired PodInfo ConfigMap (metrics port: 9399) (metrics path: /)
2025-01-28 21:23:52,033 INFO c.h.h.t.HelmChartContainer - [hivemq-test-hivemq-platform] [hivemq-platform-operator] [a978355e] 21:23:52.030 [pool-6-thread-27] DEBUG c.h.p.o.dependants.PodInfoConfigMap - [updatelo] Desired PodInfo ConfigMap (extension state hash: -1817474005)
2025-01-28 21:23:52,041 INFO c.h.h.t.HelmChartContainer - [hivemq-test-hivemq-platform] [hivemq-platform-operator] [a978355e] 21:23:52.039 [pool-6-thread-26] DEBUG c.h.p.o.d.StatefulSetResource - [updatelo] Desired StatefulSet (1 replicas) for status STARTING (READY)
2025-01-28 21:23:52,049 INFO c.h.h.t.HelmChartContainer - [EVENT] Warning [Unhealthy] Readiness probe failed: HTTP probe failed with statuscode: 503 [updateloglevelit:test-hivemq-platform-0]
2025-01-28 21:23:52,049 INFO c.h.h.t.HelmChartContainer - Received Unhealthy event for container hivemq in pod test-hivemq-platform-0 [71b45067-1c56-4f88-a2ac-7526ca04e218]
2025-01-28 21:23:52,050 INFO c.h.h.t.HelmChartContainer - [hivemq-test-hivemq-platform] [hivemq-platform-operator] [a978355e] 21:23:52.049 [ReconcilerExecutor-hivemq-controller-110] INFO  c.h.p.o.HiveMQPlatformReconciler - [updatelo] Reconciling HiveMQ Platform 'test-hivemq-platform' in namespace 'updateloglevelit'
2025-01-28 21:23:52,051 INFO c.h.h.t.HelmChartContainer - [hivemq-test-hivemq-platform] [hivemq-platform-operator] [a978355e] 21:23:52.049 [ReconcilerExecutor-hivemq-controller-110] DEBUG c.h.p.o.HiveMQPlatformReconciler - [updatelo] Custom Resource Status STARTING - HiveMQ Platform is starting (READY)
2025-01-28 21:23:52,051 INFO c.h.h.t.HelmChartContainer - [hivemq-test-hivemq-platform] [hivemq-platform-operator] [a978355e] 21:23:52.049 [ReconcilerExecutor-hivemq-controller-110] DEBUG c.h.p.o.HiveMQPlatformReconciler - [updatelo] Custom Resource Spec (replicas: 1) (extensions: 1)
2025-01-28 21:23:52,052 INFO c.h.h.t.HelmChartContainer - [hivemq-test-hivemq-platform] [hivemq-platform-operator] [a978355e] 21:23:52.051 [ReconcilerExecutor-hivemq-controller-110] DEBUG c.h.p.o.HiveMQPlatformReconciler - [updatelo] StatefulSet Status (revision: test-hivemq-platform-b697f795f, replicas: 1, available: 0, ready: 0, current: 1, updated: 1)
2025-01-28 21:23:52,053 INFO c.h.h.t.HelmChartContainer - [hivemq-test-hivemq-platform] [hivemq-platform-operator] [a978355e] 21:23:52.051 [ReconcilerExecutor-hivemq-controller-110] DEBUG c.h.p.o.HiveMQPlatformReconciler - [updatelo] StatefulSet Spec (replicas: 1, init containers: 1, containers: 1, volumes: 3)
2025-01-28 21:23:52,053 INFO c.h.h.t.HelmChartContainer - [hivemq-test-hivemq-platform] [hivemq-platform-operator] [a978355e] 21:23:52.052 [ReconcilerExecutor-hivemq-controller-110] DEBUG c.h.p.o.h.HiveMQPlatformReconcilerErrorHandler - [updatelo] Pod 'test-hivemq-platform-0' phase Running
2025-01-28 21:23:52,054 INFO c.h.h.t.HelmChartContainer - [hivemq-test-hivemq-platform] [hivemq-platform-operator] [a978355e] 21:23:52.053 [ReconcilerExecutor-hivemq-controller-110] INFO  c.h.p.o.h.HiveMQPlatformReconcilerBaseHandler - [updatelo] HiveMQ Platform is starting, 0 of 1 replicas are ready
2025-01-28 21:23:52,817 INFO c.h.h.t.HelmChartContainer - [test-hivemq-platform] [hivemq] [71b45067] WARN  - [HiveMQ Platform Operator Init App 1.7.0-SNAPSHOT] Cannot connect to Health API for liveness: null
2025-01-28 21:23:52,817 INFO c.h.h.t.HelmChartContainer - [test-hivemq-platform] [hivemq] [71b45067] INFO  - [HiveMQ Platform Operator Init App 1.7.0-SNAPSHOT] Returning default Health API response 200 for liveness
2025-01-28 21:23:54,548 INFO c.h.h.t.HelmChartContainer - [test-hivemq-platform] [hivemq] [71b45067] INFO  - No valid license file found. Using trial license, restricted to 25 connections.
2025-01-28 21:23:57,035 INFO c.h.h.t.HelmChartContainer - [test-hivemq-platform] [hivemq] [71b45067] WARN  - [HiveMQ Platform Operator Init App 1.7.0-SNAPSHOT] Cannot connect to Health API for readiness: null
2025-01-28 21:23:57,040 INFO c.h.h.t.HelmChartContainer - [EVENT] Warning [Unhealthy] Readiness probe failed: HTTP probe failed with statuscode: 503 [updateloglevelit:test-hivemq-platform-0]
2025-01-28 21:23:57,040 INFO c.h.h.t.HelmChartContainer - Received Unhealthy event for container hivemq in pod test-hivemq-platform-0 [71b45067-1c56-4f88-a2ac-7526ca04e218]
2025-01-28 21:23:57,415 INFO c.h.h.t.HelmChartContainer - [test-hivemq-platform] [hivemq] [71b45067] INFO  - No valid license file for Data Hub found. Using free license, restricted to 1 policy.
2025-01-28 21:23:58,519 INFO c.h.h.t.HelmChartContainer - [test-hivemq-platform] [hivemq] [71b45067] INFO  - Audit Logger started.
2025-01-28 21:23:58,755 INFO c.h.h.t.HelmChartContainer - [test-hivemq-platform] [hivemq] [71b45067] INFO  - This node uses '1' CPU cores.
2025-01-28 21:23:58,759 INFO c.h.h.t.HelmChartContainer - [test-hivemq-platform] [hivemq] [71b45067] INFO  - Starting HiveMQ Health API on address 0.0.0.0 and port 8889
2025-01-28 21:23:59,640 INFO c.h.h.t.HelmChartContainer - [test-hivemq-platform] [hivemq] [71b45067] INFO  - Started HiveMQ Health API in 879ms
2025-01-28 21:24:00,223 INFO c.h.h.t.HelmChartContainer - [test-hivemq-platform] [hivemq] [71b45067] INFO  - Starting HiveMQ extension system.
2025-01-28 21:24:00,519 INFO c.h.h.t.HelmChartContainer - [test-hivemq-platform] [hivemq] [71b45067] INFO  - Starting extension with id "hivemq-dns-cluster-discovery" at /opt/hivemq/extensions/hivemq-dns-cluster-discovery
2025-01-28 21:24:00,940 INFO c.h.h.t.HelmChartContainer - [test-hivemq-platform] [hivemq] [71b45067] INFO  - Extension "DNS Cluster Discovery Extension" version 4.3.2 started successfully.
2025-01-28 21:24:00,940 INFO c.h.h.t.HelmChartContainer - [test-hivemq-platform] [hivemq] [71b45067] INFO  - Starting extension with id "hivemq-prometheus-extension" at /opt/hivemq/extensions/hivemq-prometheus-extension
2025-01-28 21:24:01,137 INFO c.h.h.t.HelmChartContainer - [test-hivemq-platform] [hivemq] [71b45067] INFO  - Using TCP cluster transport on address 10.42.0.14 and port 7000
2025-01-28 21:24:01,237 INFO c.h.h.t.HelmChartContainer - [test-hivemq-platform] [hivemq] [71b45067] INFO  - Using extension cluster discovery
2025-01-28 21:24:02,062 INFO c.h.h.t.HelmChartContainer - [hivemq-test-hivemq-platform] [hivemq-platform-operator] [a978355e] 21:24:02.058 [pool-6-thread-37] DEBUG c.h.p.o.d.PlatformServiceResource - [updatelo] Desired Platform services (3 services)
2025-01-28 21:24:02,063 INFO c.h.h.t.HelmChartContainer - [hivemq-test-hivemq-platform] [hivemq-platform-operator] [a978355e] 21:24:02.059 [pool-6-thread-36] DEBUG c.h.p.o.dependants.PodInfoConfigMap - [updatelo] Desired PodInfo ConfigMap (1 extensions) (1 enabled)
2025-01-28 21:24:02,063 INFO c.h.h.t.HelmChartContainer - [hivemq-test-hivemq-platform] [hivemq-platform-operator] [a978355e] 21:24:02.059 [pool-6-thread-36] DEBUG c.h.p.o.dependants.PodInfoConfigMap - [updatelo] Desired PodInfo ConfigMap (metrics port: 9399) (metrics path: /)
2025-01-28 21:24:02,063 INFO c.h.h.t.HelmChartContainer - [hivemq-test-hivemq-platform] [hivemq-platform-operator] [a978355e] 21:24:02.059 [pool-6-thread-36] DEBUG c.h.p.o.dependants.PodInfoConfigMap - [updatelo] Desired PodInfo ConfigMap (extension state hash: -1817474005)
2025-01-28 21:24:02,063 INFO c.h.h.t.HelmChartContainer - [hivemq-test-hivemq-platform] [hivemq-platform-operator] [a978355e] 21:24:02.060 [pool-6-thread-35] DEBUG c.h.p.o.d.PodServiceAccountResource - [updatelo] Desired PodServiceAccountResource (serviceAccountName: hivemq-platform-pod-test-hivemq-platform)
2025-01-28 21:24:02,067 INFO c.h.h.t.HelmChartContainer - [hivemq-test-hivemq-platform] [hivemq-platform-operator] [a978355e] 21:24:02.066 [pool-6-thread-37] DEBUG c.h.p.o.d.StatefulSetResource - [updatelo] Desired StatefulSet (1 replicas) for status STARTING (READY)
2025-01-28 21:24:02,072 INFO c.h.h.t.HelmChartContainer - [hivemq-test-hivemq-platform] [hivemq-platform-operator] [a978355e] 21:24:02.070 [ReconcilerExecutor-hivemq-controller-111] INFO  c.h.p.o.HiveMQPlatformReconciler - [updatelo] Reconciling HiveMQ Platform 'test-hivemq-platform' in namespace 'updateloglevelit'
2025-01-28 21:24:02,072 INFO c.h.h.t.HelmChartContainer - [hivemq-test-hivemq-platform] [hivemq-platform-operator] [a978355e] 21:24:02.070 [ReconcilerExecutor-hivemq-controller-111] DEBUG c.h.p.o.HiveMQPlatformReconciler - [updatelo] Custom Resource Status STARTING - HiveMQ Platform is starting (READY)
2025-01-28 21:24:02,072 INFO c.h.h.t.HelmChartContainer - [hivemq-test-hivemq-platform] [hivemq-platform-operator] [a978355e] 21:24:02.070 [ReconcilerExecutor-hivemq-controller-111] DEBUG c.h.p.o.HiveMQPlatformReconciler - [updatelo] Custom Resource Spec (replicas: 1) (extensions: 1)
2025-01-28 21:24:02,116 INFO c.h.h.t.HelmChartContainer - [test-hivemq-platform] [hivemq] [71b45067] INFO  - Started Jetty Server exposing Prometheus Servlet on URI http://0.0.0.0:9399/
2025-01-28 21:24:02,116 INFO c.h.h.t.HelmChartContainer - [test-hivemq-platform] [hivemq] [71b45067] INFO  - Extension "Prometheus Monitoring Extension" version 4.0.12 started successfully.
2025-01-28 21:24:02,116 INFO c.h.h.t.HelmChartContainer - [test-hivemq-platform] [hivemq] [71b45067] INFO  - Starting extension with id "hivemq-allow-all-extension" at /opt/hivemq/extensions/hivemq-allow-all-extension
2025-01-28 21:24:02,117 INFO c.h.h.t.HelmChartContainer - [test-hivemq-platform] [hivemq] [71b45067] WARN  - 
2025-01-28 21:24:02,117 INFO c.h.h.t.HelmChartContainer - [test-hivemq-platform] [hivemq] [71b45067] ################################################################################################################
2025-01-28 21:24:02,117 INFO c.h.h.t.HelmChartContainer - [test-hivemq-platform] [hivemq] [71b45067] # This HiveMQ deployment is not secure! You are lacking Authentication and Authorization.                      #
2025-01-28 21:24:02,117 INFO c.h.h.t.HelmChartContainer - [test-hivemq-platform] [hivemq] [71b45067] # Right now any MQTT client can connect to the broker with a full set of permissions.                          #
2025-01-28 21:24:02,117 INFO c.h.h.t.HelmChartContainer - [test-hivemq-platform] [hivemq] [71b45067] # For production usage, add an appropriate security extension and remove the hivemq-allow-all extension.       #
2025-01-28 21:24:02,117 INFO c.h.h.t.HelmChartContainer - [test-hivemq-platform] [hivemq] [71b45067] # You can download security extensions from the HiveMQ Marketplace (https://www.hivemq.com/extensions/).       #
2025-01-28 21:24:02,117 INFO c.h.h.t.HelmChartContainer - [test-hivemq-platform] [hivemq] [71b45067] ################################################################################################################
2025-01-28 21:24:02,118 INFO c.h.h.t.HelmChartContainer - [test-hivemq-platform] [hivemq] [71b45067] INFO  - Extension "Allow All Extension" version 1.1.1 started successfully.
2025-01-28 21:24:02,126 INFO c.h.h.t.HelmChartContainer - [hivemq-test-hivemq-platform] [hivemq-platform-operator] [a978355e] 21:24:02.124 [ReconcilerExecutor-hivemq-controller-111] DEBUG c.h.p.o.HiveMQPlatformReconciler - [updatelo] StatefulSet Status (revision: test-hivemq-platform-b697f795f, replicas: 1, available: 0, ready: 0, current: 1, updated: 1)
2025-01-28 21:24:02,126 INFO c.h.h.t.HelmChartContainer - [hivemq-test-hivemq-platform] [hivemq-platform-operator] [a978355e] 21:24:02.125 [ReconcilerExecutor-hivemq-controller-111] DEBUG c.h.p.o.HiveMQPlatformReconciler - [updatelo] StatefulSet Spec (replicas: 1, init containers: 1, containers: 1, volumes: 3)
2025-01-28 21:24:02,128 INFO c.h.h.t.HelmChartContainer - [hivemq-test-hivemq-platform] [hivemq-platform-operator] [a978355e] 21:24:02.126 [ReconcilerExecutor-hivemq-controller-111] DEBUG c.h.p.o.h.HiveMQPlatformReconcilerErrorHandler - [updatelo] Pod 'test-hivemq-platform-0' phase Running
2025-01-28 21:24:02,129 INFO c.h.h.t.HelmChartContainer - [hivemq-test-hivemq-platform] [hivemq-platform-operator] [a978355e] 21:24:02.127 [ReconcilerExecutor-hivemq-controller-111] INFO  c.h.p.o.h.HiveMQPlatformReconcilerBaseHandler - [updatelo] HiveMQ Platform is starting, 0 of 1 replicas are ready
2025-01-28 21:24:02,636 INFO c.h.h.t.HelmChartContainer - [test-hivemq-platform] [hivemq] [71b45067] INFO  - [HiveMQ Platform Operator Init App 1.7.0-SNAPSHOT] Returning Health API response 503 for readiness
2025-01-28 21:24:02,640 INFO c.h.h.t.HelmChartContainer - [EVENT] Warning [Unhealthy] Readiness probe failed: HTTP probe failed with statuscode: 503 [updateloglevelit:test-hivemq-platform-0]
2025-01-28 21:24:02,640 INFO c.h.h.t.HelmChartContainer - Received Unhealthy event for container hivemq in pod test-hivemq-platform-0 [71b45067-1c56-4f88-a2ac-7526ca04e218]
2025-01-28 21:24:04,121 INFO c.h.h.t.HelmChartContainer - [test-hivemq-platform] [hivemq] [71b45067] INFO  - pjmaX: no members discovered after 2385 ms: creating cluster as first member
2025-01-28 21:24:04,127 INFO c.h.h.t.HelmChartContainer - [test-hivemq-platform] [hivemq] [71b45067] INFO  - Cluster nodes found by discovery: [pjmaX|0] (1) [pjmaX].
2025-01-28 21:24:04,220 INFO c.h.h.t.HelmChartContainer - [test-hivemq-platform] [hivemq] [71b45067] WARN  - No user for HiveMQ Control Center configured. Starting with default user
2025-01-28 21:24:04,221 INFO c.h.h.t.HelmChartContainer - [test-hivemq-platform] [hivemq] [71b45067] INFO  - Starting HiveMQ Control Center on address 0.0.0.0 and port 8080
2025-01-28 21:24:04,227 INFO c.h.h.t.HelmChartContainer - [test-hivemq-platform] [hivemq] [71b45067] INFO  - Mounting HiveMQ Control Center V2 Preview
2025-01-28 21:24:04,826 INFO c.h.h.t.HelmChartContainer - [test-hivemq-platform] [hivemq] [71b45067] INFO  - Started HiveMQ Control Center in 607ms
2025-01-28 21:24:04,844 INFO c.h.h.t.HelmChartContainer - [test-hivemq-platform] [hivemq] [71b45067] INFO  - Starting TCP listener on address 0.0.0.0 and port 1883
2025-01-28 21:24:04,923 INFO c.h.h.t.HelmChartContainer - [test-hivemq-platform] [hivemq] [71b45067] INFO  - Started TCP Listener on address 0.0.0.0 and on port 1883.
2025-01-28 21:24:04,923 INFO c.h.h.t.HelmChartContainer - [test-hivemq-platform] [hivemq] [71b45067] INFO  - Started HiveMQ in 31087ms
2025-01-28 21:24:06,952 INFO c.h.h.t.HelmChartContainer - [test-hivemq-platform] [hivemq] [71b45067] INFO  - [HiveMQ Platform Operator Init App 1.7.0-SNAPSHOT] Returning Health API response 200 for readiness
2025-01-28 21:24:06,969 INFO c.h.h.t.HelmChartContainer - [POD] test-hivemq-platform-0 [71b45067-1c56-4f88-a2ac-7526ca04e218] in updateloglevelit was MODIFIED
2025-01-28 21:24:06,982 INFO c.h.h.t.HelmChartContainer - [hivemq-test-hivemq-platform] [hivemq-platform-operator] [a978355e] 21:24:06.974 [pool-6-thread-47] DEBUG c.h.p.o.d.PlatformServiceResource - [updatelo] Desired Platform services (3 services)
2025-01-28 21:24:06,982 INFO c.h.h.t.HelmChartContainer - [hivemq-test-hivemq-platform] [hivemq-platform-operator] [a978355e] 21:24:06.976 [pool-6-thread-46] DEBUG c.h.p.o.dependants.PodInfoConfigMap - [updatelo] Desired PodInfo ConfigMap (1 extensions) (1 enabled)
2025-01-28 21:24:06,982 INFO c.h.h.t.HelmChartContainer - [hivemq-test-hivemq-platform] [hivemq-platform-operator] [a978355e] 21:24:06.976 [pool-6-thread-46] DEBUG c.h.p.o.dependants.PodInfoConfigMap - [updatelo] Desired PodInfo ConfigMap (metrics port: 9399) (metrics path: /)
2025-01-28 21:24:06,982 INFO c.h.h.t.HelmChartContainer - [hivemq-test-hivemq-platform] [hivemq-platform-operator] [a978355e] 21:24:06.976 [pool-6-thread-46] DEBUG c.h.p.o.dependants.PodInfoConfigMap - [updatelo] Desired PodInfo ConfigMap (extension state hash: -1817474005)
2025-01-28 21:24:06,982 INFO c.h.h.t.HelmChartContainer - [hivemq-test-hivemq-platform] [hivemq-platform-operator] [a978355e] 21:24:06.978 [pool-6-thread-41] DEBUG c.h.p.o.d.PodServiceAccountResource - [updatelo] Desired PodServiceAccountResource (serviceAccountName: hivemq-platform-pod-test-hivemq-platform)
2025-01-28 21:24:07,031 INFO c.h.h.t.HelmChartContainer - [hivemq-test-hivemq-platform] [hivemq-platform-operator] [a978355e] 21:24:07.028 [pool-6-thread-41] DEBUG c.h.p.o.d.StatefulSetResource - [updatelo] Desired StatefulSet (1 replicas) for status STARTING (READY)
2025-01-28 21:24:07,033 INFO c.h.h.t.HelmChartContainer - [hivemq-test-hivemq-platform] [hivemq-platform-operator] [a978355e] 21:24:07.032 [ReconcilerExecutor-hivemq-controller-112] INFO  c.h.p.o.HiveMQPlatformReconciler - [updatelo] Reconciling HiveMQ Platform 'test-hivemq-platform' in namespace 'updateloglevelit'
2025-01-28 21:24:07,033 INFO c.h.h.t.HelmChartContainer - [hivemq-test-hivemq-platform] [hivemq-platform-operator] [a978355e] 21:24:07.032 [ReconcilerExecutor-hivemq-controller-112] DEBUG c.h.p.o.HiveMQPlatformReconciler - [updatelo] Custom Resource Status STARTING - HiveMQ Platform is starting (READY)
2025-01-28 21:24:07,033 INFO c.h.h.t.HelmChartContainer - [hivemq-test-hivemq-platform] [hivemq-platform-operator] [a978355e] 21:24:07.032 [ReconcilerExecutor-hivemq-controller-112] DEBUG c.h.p.o.HiveMQPlatformReconciler - [updatelo] Custom Resource Spec (replicas: 1) (extensions: 1)
2025-01-28 21:24:07,082 INFO c.h.h.t.HelmChartContainer - [hivemq-test-hivemq-platform] [hivemq-platform-operator] [a978355e] 21:24:07.078 [ReconcilerExecutor-hivemq-controller-112] DEBUG c.h.p.o.HiveMQPlatformReconciler - [updatelo] StatefulSet Status (revision: test-hivemq-platform-b697f795f, replicas: 1, available: 1, ready: 1, current: 1, updated: 1)
2025-01-28 21:24:07,082 INFO c.h.h.t.HelmChartContainer - [hivemq-test-hivemq-platform] [hivemq-platform-operator] [a978355e] 21:24:07.078 [ReconcilerExecutor-hivemq-controller-112] DEBUG c.h.p.o.HiveMQPlatformReconciler - [updatelo] StatefulSet Spec (replicas: 1, init containers: 1, containers: 1, volumes: 3)
2025-01-28 21:24:07,082 INFO c.h.h.t.HelmChartContainer - [hivemq-test-hivemq-platform] [hivemq-platform-operator] [a978355e] 21:24:07.080 [ReconcilerExecutor-hivemq-controller-112] DEBUG c.h.p.o.h.HiveMQPlatformReconcilerErrorHandler - [updatelo] Pod 'test-hivemq-platform-0' phase Running
2025-01-28 21:24:07,085 INFO c.h.h.t.HelmChartContainer - [hivemq-test-hivemq-platform] [hivemq-platform-operator] [a978355e] 21:24:07.081 [ReconcilerExecutor-hivemq-controller-112] INFO  c.h.p.o.h.HiveMQPlatformReconcilerBaseHandler - [updatelo] HiveMQ Platform started successfully
2025-01-28 21:24:07,182 INFO c.h.h.t.HelmChartContainer - [hivemq-test-hivemq-platform] [hivemq-platform-operator] [a978355e] 21:24:07.181 [ReconcilerExecutor-hivemq-controller-112] DEBUG c.h.p.operator.event.EventSender - [updatelo] Creating K8s event hivemq-platform-ready: [Ready] HiveMQ Platform is ready
2025-01-28 21:24:07,185 INFO c.h.h.t.HelmChartContainer - [EVENT] Normal [Ready] HiveMQ Platform is ready [updateloglevelit:test-hivemq-platform]
2025-01-28 21:24:07,186 INFO c.h.h.t.HelmChartContainer - [hivemq-test-hivemq-platform] [hivemq-platform-operator] [a978355e] 21:24:07.186 [ReconcilerExecutor-hivemq-controller-112] INFO  c.h.p.o.h.AbstractHiveMQReconcilerStateHandler - [updatelo] Update HiveMQ Platform Status (STARTING [READY] -> RUNNING [READY]): HiveMQ Platform is ready
2025-01-28 21:24:07,193 DEBUG com.hivemq.helmcharts.util.K8sUtil - Comparing actual state 'RUNNING' and waiting for 'RUNNING'
2025-01-28 21:24:07,230 INFO c.h.h.t.HelmChartContainer - [hivemq-test-hivemq-platform] [hivemq-platform-operator] [a978355e] 21:24:07.228 [pool-6-thread-6] DEBUG c.h.p.o.d.PlatformServiceResource - [updatelo] Desired Platform services (3 services)
2025-01-28 21:24:07,230 INFO c.h.h.t.HelmChartContainer - [hivemq-test-hivemq-platform] [hivemq-platform-operator] [a978355e] 21:24:07.228 [pool-6-thread-4] DEBUG c.h.p.o.dependants.PodInfoConfigMap - [updatelo] Desired PodInfo ConfigMap (1 extensions) (1 enabled)
2025-01-28 21:24:07,230 INFO c.h.h.t.HelmChartContainer - [hivemq-test-hivemq-platform] [hivemq-platform-operator] [a978355e] 21:24:07.228 [pool-6-thread-4] DEBUG c.h.p.o.dependants.PodInfoConfigMap - [updatelo] Desired PodInfo ConfigMap (metrics port: 9399) (metrics path: /)
2025-01-28 21:24:07,230 INFO c.h.h.t.HelmChartContainer - [hivemq-test-hivemq-platform] [hivemq-platform-operator] [a978355e] 21:24:07.228 [pool-6-thread-4] DEBUG c.h.p.o.dependants.PodInfoConfigMap - [updatelo] Desired PodInfo ConfigMap (extension state hash: -1817474005)
2025-01-28 21:24:07,231 INFO c.h.h.t.HelmChartContainer - [hivemq-test-hivemq-platform] [hivemq-platform-operator] [a978355e] 21:24:07.230 [pool-6-thread-1] DEBUG c.h.p.o.d.PodServiceAccountResource - [updatelo] Desired PodServiceAccountResource (serviceAccountName: hivemq-platform-pod-test-hivemq-platform)
2025-01-28 21:24:07,277 INFO c.h.h.t.HelmChartContainer - [hivemq-test-hivemq-platform] [hivemq-platform-operator] [a978355e] 21:24:07.276 [pool-6-thread-4] DEBUG c.h.p.o.dependants.PodInfoConfigMap - [updatelo] Update PodInfo ConfigMap
2025-01-28 21:24:07,327 INFO c.h.h.t.HelmChartContainer - [hivemq-test-hivemq-platform] [hivemq-platform-operator] [a978355e] 21:24:07.326 [pool-6-thread-4] DEBUG c.h.p.o.d.StatefulSetResource - [updatelo] Desired StatefulSet (1 replicas) for status RUNNING (READY)
2025-01-28 21:24:07,331 INFO c.h.h.t.HelmChartContainer - [hivemq-test-hivemq-platform] [hivemq-platform-operator] [a978355e] 21:24:07.329 [ReconcilerExecutor-hivemq-controller-113] INFO  c.h.p.o.HiveMQPlatformReconciler - [updatelo] Reconciling HiveMQ Platform 'test-hivemq-platform' in namespace 'updateloglevelit'
2025-01-28 21:24:07,331 INFO c.h.h.t.HelmChartContainer - [hivemq-test-hivemq-platform] [hivemq-platform-operator] [a978355e] 21:24:07.330 [ReconcilerExecutor-hivemq-controller-113] DEBUG c.h.p.o.HiveMQPlatformReconciler - [updatelo] Custom Resource Status RUNNING - HiveMQ Platform is ready (READY)
2025-01-28 21:24:07,331 INFO c.h.h.t.HelmChartContainer - [hivemq-test-hivemq-platform] [hivemq-platform-operator] [a978355e] 21:24:07.330 [ReconcilerExecutor-hivemq-controller-113] DEBUG c.h.p.o.HiveMQPlatformReconciler - [updatelo] Custom Resource Spec (replicas: 1) (extensions: 1)
2025-01-28 21:24:07,377 INFO c.h.h.t.HelmChartContainer - [hivemq-test-hivemq-platform] [hivemq-platform-operator] [a978355e] 21:24:07.376 [ReconcilerExecutor-hivemq-controller-113] DEBUG c.h.p.o.HiveMQPlatformReconciler - [updatelo] StatefulSet Status (revision: test-hivemq-platform-b697f795f, replicas: 1, available: 1, ready: 1, current: 1, updated: 1)
2025-01-28 21:24:07,377 INFO c.h.h.t.HelmChartContainer - [hivemq-test-hivemq-platform] [hivemq-platform-operator] [a978355e] 21:24:07.376 [ReconcilerExecutor-hivemq-controller-113] DEBUG c.h.p.o.HiveMQPlatformReconciler - [updatelo] StatefulSet Spec (replicas: 1, init containers: 1, containers: 1, volumes: 3)
2025-01-28 21:24:07,378 INFO c.h.h.t.HelmChartContainer - [hivemq-test-hivemq-platform] [hivemq-platform-operator] [a978355e] 21:24:07.378 [ReconcilerExecutor-hivemq-controller-113] DEBUG c.h.p.o.h.HiveMQPlatformReconcilerErrorHandler - [updatelo] Pod 'test-hivemq-platform-0' phase Running
2025-01-28 21:24:09,200 INFO c.h.h.platform.UpdateLogLevelIT - Assert original logback.xml in pods
2025-01-28 21:24:09,289 INFO c.h.h.platform.UpdateLogLevelIT - Trigger update of log level
2025-01-28 21:24:09,351 DEBUG c.h.h.t.HelmChartContainer - Executing helm command: /bin/helm --kubeconfig /etc/rancher/k3s/k3s.yaml upgrade test-hivemq-platform /charts/hivemq-platform --wait --timeout 5m0s --set image.repository=docker.io/hivemq --set image.tag=4.36.0 --set image.pullPolicy=Never --set nodes.resources.cpu=512m --set nodes.logLevel=WARN --namespace updateloglevelit
2025-01-28 21:24:09,702 INFO c.h.h.t.HelmChartContainer - [hivemq-test-hivemq-platform] [hivemq-platform-operator] [a978355e] 21:24:09.695 [pool-6-thread-19] DEBUG c.h.p.o.d.PlatformServiceResource - [updatelo] Desired Platform services (3 services)
2025-01-28 21:24:09,702 INFO c.h.h.t.HelmChartContainer - [hivemq-test-hivemq-platform] [hivemq-platform-operator] [a978355e] 21:24:09.699 [pool-6-thread-13] DEBUG c.h.p.o.d.PodServiceAccountResource - [updatelo] Desired PodServiceAccountResource (serviceAccountName: hivemq-platform-pod-test-hivemq-platform)
2025-01-28 21:24:09,703 INFO c.h.h.t.HelmChartContainer - [hivemq-test-hivemq-platform] [hivemq-platform-operator] [a978355e] 21:24:09.702 [pool-6-thread-17] DEBUG c.h.p.o.dependants.PodInfoConfigMap - [updatelo] Desired PodInfo ConfigMap (1 extensions) (1 enabled)
2025-01-28 21:24:09,704 INFO c.h.h.t.HelmChartContainer - [hivemq-test-hivemq-platform] [hivemq-platform-operator] [a978355e] 21:24:09.702 [pool-6-thread-17] DEBUG c.h.p.o.dependants.PodInfoConfigMap - [updatelo] Desired PodInfo ConfigMap (metrics port: 9399) (metrics path: /)
2025-01-28 21:24:09,704 INFO c.h.h.t.HelmChartContainer - [hivemq-test-hivemq-platform] [hivemq-platform-operator] [a978355e] 21:24:09.703 [pool-6-thread-17] DEBUG c.h.p.o.dependants.PodInfoConfigMap - [updatelo] Desired PodInfo ConfigMap (extension state hash: -1817474005)
2025-01-28 21:24:09,704 INFO c.h.h.t.HelmChartContainer - [hivemq-test-hivemq-platform] [hivemq-platform-operator] [a978355e] 21:24:09.704 [pool-6-thread-17] DEBUG c.h.p.o.dependants.PodInfoConfigMap - [updatelo] Update PodInfo ConfigMap
2025-01-28 21:24:09,706 INFO c.h.h.t.HelmChartContainer - [hivemq-test-hivemq-platform] [hivemq-platform-operator] [a978355e] 21:24:09.705 [pool-6-thread-17] INFO  c.h.p.o.dependants.PodInfoConfigMap - [updatelo] Log level was updated, triggering set log level
2025-01-28 21:24:09,785 INFO c.h.h.t.HelmChartContainer - [hivemq-test-hivemq-platform] [hivemq-platform-operator] [a978355e] 21:24:09.778 [pool-6-thread-17] DEBUG c.h.p.o.d.StatefulSetResource - [updatelo] Desired StatefulSet (2 replicas) for status RUNNING (READY)
2025-01-28 21:24:09,789 INFO c.h.h.t.HelmChartContainer - [hivemq-test-hivemq-platform] [hivemq-platform-operator] [a978355e] 21:24:09.788 [pool-6-thread-17] DEBUG c.h.p.o.d.StatefulSetResource - [updatelo] Update StatefulSet (replicas: 1 -> 2)
2025-01-28 21:24:09,871 DEBUG com.hivemq.helmcharts.util.K8sUtil - Comparing actual state 'RUNNING' and waiting for 'SET_LOG_LEVEL'
2025-01-28 21:24:09,885 INFO c.h.h.t.HelmChartContainer - [hivemq-test-hivemq-platform] [hivemq-platform-operator] [a978355e] 21:24:09.883 [pool-6-thread-17] INFO  c.h.p.o.d.StatefulSetResource - [updatelo] Replica count was updated, triggering scaling
2025-01-28 21:24:09,944 INFO c.h.h.t.HelmChartContainer - [POD] test-hivemq-platform-1 [d25ac1ac-5ecd-4c25-a850-6ff68760e52f] in updateloglevelit was ADDED
2025-01-28 21:24:09,944 INFO c.h.h.t.HelmChartContainer - [EVENT] Normal [SuccessfulCreate] create Pod test-hivemq-platform-1 in StatefulSet test-hivemq-platform successful [updateloglevelit:test-hivemq-platform]
2025-01-28 21:24:09,949 INFO c.h.h.t.HelmChartContainer - [POD] test-hivemq-platform-1 [d25ac1ac-5ecd-4c25-a850-6ff68760e52f] in updateloglevelit was MODIFIED
2025-01-28 21:24:09,951 INFO c.h.h.t.HelmChartContainer - [EVENT] Normal [Scheduled] Successfully assigned updateloglevelit/test-hivemq-platform-1 to c40f33139f2e [updateloglevelit:test-hivemq-platform-1]
2025-01-28 21:24:09,958 INFO c.h.h.t.HelmChartContainer - [POD] test-hivemq-platform-1 [d25ac1ac-5ecd-4c25-a850-6ff68760e52f] in updateloglevelit was MODIFIED
2025-01-28 21:24:09,980 INFO c.h.h.t.HelmChartContainer - [hivemq-test-hivemq-platform] [hivemq-platform-operator] [a978355e] 21:24:09.976 [ReconcilerExecutor-hivemq-controller-114] INFO  c.h.p.o.HiveMQPlatformReconciler - [updatelo] Reconciling HiveMQ Platform 'test-hivemq-platform' in namespace 'updateloglevelit'
2025-01-28 21:24:09,980 INFO c.h.h.t.HelmChartContainer - [hivemq-test-hivemq-platform] [hivemq-platform-operator] [a978355e] 21:24:09.976 [ReconcilerExecutor-hivemq-controller-114] DEBUG c.h.p.o.HiveMQPlatformReconciler - [updatelo] Custom Resource Status RUNNING - HiveMQ Platform is ready (READY) (reconciliation requests: SET_LOG_LEVEL, REQUESTS_UPDATED, SCALING)
2025-01-28 21:24:09,980 INFO c.h.h.t.HelmChartContainer - [hivemq-test-hivemq-platform] [hivemq-platform-operator] [a978355e] 21:24:09.976 [ReconcilerExecutor-hivemq-controller-114] DEBUG c.h.p.o.HiveMQPlatformReconciler - [updatelo] Custom Resource Spec (replicas: 2) (extensions: 1)
2025-01-28 21:24:09,982 INFO c.h.h.t.HelmChartContainer - [hivemq-test-hivemq-platform] [hivemq-platform-operator] [a978355e] 21:24:09.978 [ReconcilerExecutor-hivemq-controller-114] DEBUG c.h.p.o.HiveMQPlatformReconciler - [updatelo] StatefulSet Status (revision: test-hivemq-platform-b697f795f, replicas: 1, available: 1, ready: 1, current: 1, updated: 1)
2025-01-28 21:24:09,983 INFO c.h.h.t.HelmChartContainer - [hivemq-test-hivemq-platform] [hivemq-platform-operator] [a978355e] 21:24:09.978 [ReconcilerExecutor-hivemq-controller-114] DEBUG c.h.p.o.HiveMQPlatformReconciler - [updatelo] StatefulSet Spec (replicas: 2, init containers: 1, containers: 1, volumes: 3)
2025-01-28 21:24:09,983 INFO c.h.h.t.HelmChartContainer - [hivemq-test-hivemq-platform] [hivemq-platform-operator] [a978355e] 21:24:09.982 [ReconcilerExecutor-hivemq-controller-114] DEBUG c.h.p.o.h.HiveMQPlatformReconcilerErrorHandler - [updatelo] Pod 'test-hivemq-platform-1' phase Pending
2025-01-28 21:24:09,983 INFO c.h.h.t.HelmChartContainer - [hivemq-test-hivemq-platform] [hivemq-platform-operator] [a978355e] 21:24:09.982 [ReconcilerExecutor-hivemq-controller-114] DEBUG c.h.p.o.h.HiveMQPlatformReconcilerErrorHandler - [updatelo] Pod 'test-hivemq-platform-1' condition 'PodScheduled': True
2025-01-28 21:24:09,986 INFO c.h.h.t.HelmChartContainer - [hivemq-test-hivemq-platform] [hivemq-platform-operator] [a978355e] 21:24:09.984 [ReconcilerExecutor-hivemq-controller-114] DEBUG c.h.p.o.h.HiveMQPlatformReconcilerErrorHandler - [updatelo] Pod 'test-hivemq-platform-0' phase Running
2025-01-28 21:24:09,986 INFO c.h.h.t.HelmChartContainer - [hivemq-test-hivemq-platform] [hivemq-platform-operator] [a978355e] 21:24:09.984 [ReconcilerExecutor-hivemq-controller-114] INFO  c.h.p.o.h.HiveMQPlatformReconcilerBaseHandler - [updatelo] Started update of log level (changing to WARN)
2025-01-28 21:24:10,036 INFO c.h.h.t.HelmChartContainer - [K3S] [reconciler_common.go:251] "operationExecutor.VerifyControllerAttachedVolume started for volume \"pod-info\" (UniqueName: \"kubernetes.io/configmap/d25ac1ac-5ecd-4c25-a850-6ff68760e52f-pod-info\") pod \"test-hivemq-platform-1\" (UID: \"d25ac1ac-5ecd-4c25-a850-6ff68760e52f\") " pod="updateloglevelit/test-hivemq-platform-1"
2025-01-28 21:24:10,036 INFO c.h.h.t.HelmChartContainer - [K3S] [reconciler_common.go:251] "operationExecutor.VerifyControllerAttachedVolume started for volume \"broker-configuration\" (UniqueName: \"kubernetes.io/configmap/d25ac1ac-5ecd-4c25-a850-6ff68760e52f-broker-configuration\") pod \"test-hivemq-platform-1\" (UID: \"d25ac1ac-5ecd-4c25-a850-6ff68760e52f\") " pod="updateloglevelit/test-hivemq-platform-1"
2025-01-28 21:24:10,036 INFO c.h.h.t.HelmChartContainer - [K3S] [reconciler_common.go:251] "operationExecutor.VerifyControllerAttachedVolume started for volume \"operator-init\" (UniqueName: \"kubernetes.io/empty-dir/d25ac1ac-5ecd-4c25-a850-6ff68760e52f-operator-init\") pod \"test-hivemq-platform-1\" (UID: \"d25ac1ac-5ecd-4c25-a850-6ff68760e52f\") " pod="updateloglevelit/test-hivemq-platform-1"
2025-01-28 21:24:10,036 INFO c.h.h.t.HelmChartContainer - [K3S] [reconciler_common.go:251] "operationExecutor.VerifyControllerAttachedVolume started for volume \"kube-api-access-xbjw5\" (UniqueName: \"kubernetes.io/projected/d25ac1ac-5ecd-4c25-a850-6ff68760e52f-kube-api-access-xbjw5\") pod \"test-hivemq-platform-1\" (UID: \"d25ac1ac-5ecd-4c25-a850-6ff68760e52f\") " pod="updateloglevelit/test-hivemq-platform-1"
2025-01-28 21:24:10,091 INFO c.h.h.t.HelmChartContainer - [hivemq-test-hivemq-platform] [hivemq-platform-operator] [a978355e] 21:24:10.090 [ReconcilerExecutor-hivemq-controller-114] DEBUG c.h.p.operator.event.EventSender - [updatelo] Creating K8s event set-log-level-started: [SetLogLevel] HiveMQ Platform is updating the log level to WARN
2025-01-28 21:24:10,129 INFO c.h.h.t.HelmChartContainer - [EVENT] Normal [SetLogLevel] HiveMQ Platform is updating the log level to WARN [updateloglevelit:test-hivemq-platform]
2025-01-28 21:24:10,132 INFO c.h.h.t.HelmChartContainer - [hivemq-test-hivemq-platform] [hivemq-platform-operator] [a978355e] 21:24:10.130 [ReconcilerExecutor-hivemq-controller-114] INFO  c.h.p.o.h.AbstractHiveMQReconcilerStateHandler - [updatelo] Update HiveMQ Platform Status (RUNNING [READY] -> SET_LOG_LEVEL [SET_LOG_LEVEL]): HiveMQ Platform is updating the log level to WARN (reconciliation requests: SCALING)
2025-01-28 21:24:10,187 DEBUG com.hivemq.helmcharts.util.K8sUtil - Comparing actual state 'SET_LOG_LEVEL' and waiting for 'SET_LOG_LEVEL'
2025-01-28 21:24:10,194 DEBUG com.hivemq.helmcharts.util.K8sUtil - Comparing actual state 'SET_LOG_LEVEL' and waiting for 'RUNNING'
2025-01-28 21:24:10,227 INFO c.h.h.t.HelmChartContainer - [hivemq-test-hivemq-platform] [hivemq-platform-operator] [a978355e] 21:24:10.225 [pool-6-thread-25] DEBUG c.h.p.o.d.PlatformServiceResource - [updatelo] Desired Platform services (3 services)
2025-01-28 21:24:10,231 INFO c.h.h.t.HelmChartContainer - [hivemq-test-hivemq-platform] [hivemq-platform-operator] [a978355e] 21:24:10.228 [pool-6-thread-23] DEBUG c.h.p.o.dependants.PodInfoConfigMap - [updatelo] Desired PodInfo ConfigMap (1 extensions) (1 enabled)
2025-01-28 21:24:10,231 INFO c.h.h.t.HelmChartContainer - [hivemq-test-hivemq-platform] [hivemq-platform-operator] [a978355e] 21:24:10.229 [pool-6-thread-21] DEBUG c.h.p.o.d.PodServiceAccountResource - [updatelo] Desired PodServiceAccountResource (serviceAccountName: hivemq-platform-pod-test-hivemq-platform)
2025-01-28 21:24:10,232 INFO c.h.h.t.HelmChartContainer - [hivemq-test-hivemq-platform] [hivemq-platform-operator] [a978355e] 21:24:10.230 [pool-6-thread-23] DEBUG c.h.p.o.dependants.PodInfoConfigMap - [updatelo] Desired PodInfo ConfigMap (metrics port: 9399) (metrics path: /)
2025-01-28 21:24:10,232 INFO c.h.h.t.HelmChartContainer - [hivemq-test-hivemq-platform] [hivemq-platform-operator] [a978355e] 21:24:10.230 [pool-6-thread-23] DEBUG c.h.p.o.dependants.PodInfoConfigMap - [updatelo] Desired PodInfo ConfigMap (extension state hash: -1817474005)
2025-01-28 21:24:10,232 INFO c.h.h.t.HelmChartContainer - [hivemq-test-hivemq-platform] [hivemq-platform-operator] [a978355e] 21:24:10.231 [pool-6-thread-23] DEBUG c.h.p.o.dependants.PodInfoConfigMap - [updatelo] Update PodInfo ConfigMap
2025-01-28 21:24:10,286 INFO c.h.h.t.HelmChartContainer - [hivemq-test-hivemq-platform] [hivemq-platform-operator] [a978355e] 21:24:10.284 [pool-6-thread-23] DEBUG c.h.p.o.d.StatefulSetResource - [updatelo] Desired StatefulSet (2 replicas) for status SET_LOG_LEVEL (SET_LOG_LEVEL)
2025-01-28 21:24:10,330 INFO c.h.h.t.HelmChartContainer - [hivemq-test-hivemq-platform] [hivemq-platform-operator] [a978355e] 21:24:10.329 [ReconcilerExecutor-hivemq-controller-115] INFO  c.h.p.o.HiveMQPlatformReconciler - [updatelo] Reconciling HiveMQ Platform 'test-hivemq-platform' in namespace 'updateloglevelit'
2025-01-28 21:24:10,331 INFO c.h.h.t.HelmChartContainer - [hivemq-test-hivemq-platform] [hivemq-platform-operator] [a978355e] 21:24:10.329 [ReconcilerExecutor-hivemq-controller-115] DEBUG c.h.p.o.HiveMQPlatformReconciler - [updatelo] Custom Resource Status SET_LOG_LEVEL - HiveMQ Platform is updating the log level to WARN (SET_LOG_LEVEL) (reconciliation requests: SCALING)
2025-01-28 21:24:10,331 INFO c.h.h.t.HelmChartContainer - [hivemq-test-hivemq-platform] [hivemq-platform-operator] [a978355e] 21:24:10.329 [ReconcilerExecutor-hivemq-controller-115] DEBUG c.h.p.o.HiveMQPlatformReconciler - [updatelo] Custom Resource Spec (replicas: 2) (extensions: 1)
2025-01-28 21:24:10,351 INFO c.h.h.t.HelmChartContainer - [EVENT] Normal [Pulled] Container image "docker.io/hivemq/hivemq-platform-operator-init-test:snapshot" already present on machine [updateloglevelit:test-hivemq-platform-1]
2025-01-28 21:24:10,358 INFO c.h.h.t.HelmChartContainer - [EVENT] Normal [Created] Created container: hivemq-platform-operator-init [updateloglevelit:test-hivemq-platform-1]
2025-01-28 21:24:10,378 INFO c.h.h.t.HelmChartContainer - [hivemq-test-hivemq-platform] [hivemq-platform-operator] [a978355e] 21:24:10.376 [ReconcilerExecutor-hivemq-controller-115] DEBUG c.h.p.o.HiveMQPlatformReconciler - [updatelo] StatefulSet Status (revision: test-hivemq-platform-b697f795f, replicas: 2, available: 1, ready: 1, current: 2, updated: 2)
2025-01-28 21:24:10,378 INFO c.h.h.t.HelmChartContainer - [hivemq-test-hivemq-platform] [hivemq-platform-operator] [a978355e] 21:24:10.376 [ReconcilerExecutor-hivemq-controller-115] DEBUG c.h.p.o.HiveMQPlatformReconciler - [updatelo] StatefulSet Spec (replicas: 2, init containers: 1, containers: 1, volumes: 3)
2025-01-28 21:24:10,384 INFO c.h.h.t.HelmChartContainer - [hivemq-test-hivemq-platform] [hivemq-platform-operator] [a978355e] 21:24:10.381 [ReconcilerExecutor-hivemq-controller-115] DEBUG c.h.p.o.h.HiveMQPlatformReconcilerErrorHandler - [updatelo] Pod 'test-hivemq-platform-1' phase Pending
2025-01-28 21:24:10,384 INFO c.h.h.t.HelmChartContainer - [hivemq-test-hivemq-platform] [hivemq-platform-operator] [a978355e] 21:24:10.382 [ReconcilerExecutor-hivemq-controller-115] DEBUG c.h.p.o.h.HiveMQPlatformReconcilerErrorHandler - [updatelo] Pod 'test-hivemq-platform-1' condition 'PodReadyToStartContainers': False
2025-01-28 21:24:10,384 INFO c.h.h.t.HelmChartContainer - [hivemq-test-hivemq-platform] [hivemq-platform-operator] [a978355e] 21:24:10.383 [ReconcilerExecutor-hivemq-controller-115] DEBUG c.h.p.o.h.HiveMQPlatformReconcilerErrorHandler - [updatelo] Pod 'test-hivemq-platform-1' condition 'Initialized': False
2025-01-28 21:24:10,384 INFO c.h.h.t.HelmChartContainer - [hivemq-test-hivemq-platform] [hivemq-platform-operator] [a978355e] 21:24:10.383 [ReconcilerExecutor-hivemq-controller-115] DEBUG c.h.p.o.h.HiveMQPlatformReconcilerErrorHandler - [updatelo] Pod 'test-hivemq-platform-1' condition 'Ready': False
2025-01-28 21:24:10,384 INFO c.h.h.t.HelmChartContainer - [hivemq-test-hivemq-platform] [hivemq-platform-operator] [a978355e] 21:24:10.383 [ReconcilerExecutor-hivemq-controller-115] DEBUG c.h.p.o.h.HiveMQPlatformReconcilerErrorHandler - [updatelo] Pod 'test-hivemq-platform-1' condition 'ContainersReady': False
2025-01-28 21:24:10,384 INFO c.h.h.t.HelmChartContainer - [hivemq-test-hivemq-platform] [hivemq-platform-operator] [a978355e] 21:24:10.383 [ReconcilerExecutor-hivemq-controller-115] DEBUG c.h.p.o.h.HiveMQPlatformReconcilerErrorHandler - [updatelo] Pod 'test-hivemq-platform-1' condition 'PodScheduled': True
2025-01-28 21:24:10,384 INFO c.h.h.t.HelmChartContainer - [hivemq-test-hivemq-platform] [hivemq-platform-operator] [a978355e] 21:24:10.383 [ReconcilerExecutor-hivemq-controller-115] DEBUG c.h.p.o.h.HiveMQPlatformReconcilerErrorHandler - [updatelo] Pod 'test-hivemq-platform-1' containerStatus 'hivemq' (started: false) (ready: false) (waiting: [PodInitializing] null)
2025-01-28 21:24:10,388 INFO c.h.h.t.HelmChartContainer - [hivemq-test-hivemq-platform] [hivemq-platform-operator] [a978355e] 21:24:10.386 [ReconcilerExecutor-hivemq-controller-115] DEBUG c.h.p.o.h.HiveMQPlatformReconcilerErrorHandler - [updatelo] Pod 'test-hivemq-platform-0' phase Running
2025-01-28 21:24:10,403 INFO c.h.h.t.HelmChartContainer - [EVENT] Normal [Started] Started container hivemq-platform-operator-init [updateloglevelit:test-hivemq-platform-1]
2025-01-28 21:24:10,490 INFO c.h.h.t.HelmChartContainer - [hivemq-test-hivemq-platform] [hivemq-platform-operator] [a978355e] 21:24:10.478 [ForkJoinPool.commonPool-worker-1] DEBUG c.h.p.o.h.HiveMQPlatformReconcilerSetLogLevelHandler - [updatelo] Setting log level on Pod 'test-hivemq-platform-0'
2025-01-28 21:24:10,494 INFO c.h.h.t.HelmChartContainer - [hivemq-test-hivemq-platform] [hivemq-platform-operator] [a978355e] 21:24:10.478 [ReconcilerExecutor-hivemq-controller-115] DEBUG c.h.p.o.h.HiveMQPlatformReconcilerSetLogLevelHandler - [updatelo] Setting log level on Pod 'test-hivemq-platform-1'
2025-01-28 21:24:10,494 INFO c.h.h.t.HelmChartContainer - [hivemq-test-hivemq-platform] [hivemq-platform-operator] [a978355e] 21:24:10.486 [ReconcilerExecutor-hivemq-controller-115] DEBUG c.h.platform.operator.util.PodUtil - Pod 'test-hivemq-platform-1' is not running
2025-01-28 21:24:10,494 INFO c.h.h.t.HelmChartContainer - [hivemq-test-hivemq-platform] [hivemq-platform-operator] [a978355e] 21:24:10.487 [ReconcilerExecutor-hivemq-controller-115] ERROR i.j.o.p.event.EventProcessor - Error during event processing ExecutionScope{ resource id: ResourceID{name='test-hivemq-platform', namespace='updateloglevelit'}, version: 1511}
2025-01-28 21:24:10,494 INFO c.h.h.t.HelmChartContainer - [hivemq-test-hivemq-platform] [hivemq-platform-operator] [a978355e] io.javaoperatorsdk.operator.OperatorException: java.lang.IllegalStateException: Pod 'test-hivemq-platform-1' in namespace 'updateloglevelit' is not running, cannot execute command '[curl, -s, http://null:7979/setLogLevel?level=WARN]'
2025-01-28 21:24:10,494 INFO c.h.h.t.HelmChartContainer - [hivemq-test-hivemq-platform] [hivemq-platform-operator] [a978355e] 	at io.javaoperatorsdk.operator.monitoring.micrometer.MicrometerMetrics.lambda$timeControllerExecution$0(MicrometerMetrics.java:165)
2025-01-28 21:24:10,494 INFO c.h.h.t.HelmChartContainer - [hivemq-test-hivemq-platform] [hivemq-platform-operator] [a978355e] 	at io.micrometer.core.instrument.AbstractTimer.record(AbstractTimer.java:190)
2025-01-28 21:24:10,494 INFO c.h.h.t.HelmChartContainer - [hivemq-test-hivemq-platform] [hivemq-platform-operator] [a978355e] 	at io.javaoperatorsdk.operator.monitoring.micrometer.MicrometerMetrics.timeControllerExecution(MicrometerMetrics.java:161)
2025-01-28 21:24:10,494 INFO c.h.h.t.HelmChartContainer - [hivemq-test-hivemq-platform] [hivemq-platform-operator] [a978355e] 	at io.javaoperatorsdk.operator.processing.Controller.reconcile(Controller.java:109)
2025-01-28 21:24:10,494 INFO c.h.h.t.HelmChartContainer - [hivemq-test-hivemq-platform] [hivemq-platform-operator] [a978355e] 	at io.javaoperatorsdk.operator.processing.event.ReconciliationDispatcher.reconcileExecution(ReconciliationDispatcher.java:136)
2025-01-28 21:24:10,494 INFO c.h.h.t.HelmChartContainer - [hivemq-test-hivemq-platform] [hivemq-platform-operator] [a978355e] 	at io.javaoperatorsdk.operator.processing.event.ReconciliationDispatcher.handleReconcile(ReconciliationDispatcher.java:117)
2025-01-28 21:24:10,494 INFO c.h.h.t.HelmChartContainer - [hivemq-test-hivemq-platform] [hivemq-platform-operator] [a978355e] 	at io.javaoperatorsdk.operator.processing.event.ReconciliationDispatcher.handleDispatch(ReconciliationDispatcher.java:91)
2025-01-28 21:24:10,494 INFO c.h.h.t.HelmChartContainer - [hivemq-test-hivemq-platform] [hivemq-platform-operator] [a978355e] 	at io.javaoperatorsdk.operator.processing.event.ReconciliationDispatcher.handleExecution(ReconciliationDispatcher.java:64)
2025-01-28 21:24:10,494 INFO c.h.h.t.HelmChartContainer - [hivemq-test-hivemq-platform] [hivemq-platform-operator] [a978355e] 	at io.javaoperatorsdk.operator.processing.event.EventProcessor$ReconcilerExecutor.run(EventProcessor.java:452)
2025-01-28 21:24:10,494 INFO c.h.h.t.HelmChartContainer - [hivemq-test-hivemq-platform] [hivemq-platform-operator] [a978355e] 	at java.base/java.util.concurrent.ThreadPoolExecutor.runWorker(Unknown Source)
2025-01-28 21:24:10,494 INFO c.h.h.t.HelmChartContainer - [hivemq-test-hivemq-platform] [hivemq-platform-operator] [a978355e] 	at java.base/java.util.concurrent.ThreadPoolExecutor$Worker.run(Unknown Source)
2025-01-28 21:24:10,494 INFO c.h.h.t.HelmChartContainer - [hivemq-test-hivemq-platform] [hivemq-platform-operator] [a978355e] 	at java.base/java.lang.Thread.run(Unknown Source)
2025-01-28 21:24:10,494 INFO c.h.h.t.HelmChartContainer - [hivemq-test-hivemq-platform] [hivemq-platform-operator] [a978355e] Caused by: java.lang.IllegalStateException: Pod 'test-hivemq-platform-1' in namespace 'updateloglevelit' is not running, cannot execute command '[curl, -s, http://null:7979/setLogLevel?level=WARN]'
2025-01-28 21:24:10,494 INFO c.h.h.t.HelmChartContainer - [hivemq-test-hivemq-platform] [hivemq-platform-operator] [a978355e] 	at com.hivemq.platform.operator.util.PodUtil.execute(PodUtil.java:74)
2025-01-28 21:24:10,494 INFO c.h.h.t.HelmChartContainer - [hivemq-test-hivemq-platform] [hivemq-platform-operator] [a978355e] 	at com.hivemq.platform.operator.util.RestApiUtil.lambda$callRestApi$1(RestApiUtil.java:44)
2025-01-28 21:24:10,494 INFO c.h.h.t.HelmChartContainer - [hivemq-test-hivemq-platform] [hivemq-platform-operator] [a978355e] 	at java.base/java.util.stream.ForEachOps$ForEachOp$OfRef.accept(Unknown Source)
2025-01-28 21:24:10,494 INFO c.h.h.t.HelmChartContainer - [hivemq-test-hivemq-platform] [hivemq-platform-operator] [a978355e] 	at java.base/java.util.stream.ReferencePipeline$2$1.accept(Unknown Source)
2025-01-28 21:24:10,494 INFO c.h.h.t.HelmChartContainer - [hivemq-test-hivemq-platform] [hivemq-platform-operator] [a978355e] 	at java.base/java.util.ArrayList$ArrayListSpliterator.forEachRemaining(Unknown Source)
2025-01-28 21:24:10,494 INFO c.h.h.t.HelmChartContainer - [hivemq-test-hivemq-platform] [hivemq-platform-operator] [a978355e] 	at java.base/java.util.stream.AbstractPipeline.copyInto(Unknown Source)
2025-01-28 21:24:10,494 INFO c.h.h.t.HelmChartContainer - [hivemq-test-hivemq-platform] [hivemq-platform-operator] [a978355e] 	at java.base/java.util.stream.ForEachOps$ForEachTask.compute(Unknown Source)
2025-01-28 21:24:10,494 INFO c.h.h.t.HelmChartContainer - [hivemq-test-hivemq-platform] [hivemq-platform-operator] [a978355e] 	at java.base/java.util.concurrent.CountedCompleter.exec(Unknown Source)
2025-01-28 21:24:10,494 INFO c.h.h.t.HelmChartContainer - [hivemq-test-hivemq-platform] [hivemq-platform-operator] [a978355e] 	at java.base/java.util.concurrent.ForkJoinTask.doExec(Unknown Source)
2025-01-28 21:24:10,494 INFO c.h.h.t.HelmChartContainer - [hivemq-test-hivemq-platform] [hivemq-platform-operator] [a978355e] 	at java.base/java.util.concurrent.ForkJoinTask.invoke(Unknown Source)
2025-01-28 21:24:10,494 INFO c.h.h.t.HelmChartContainer - [hivemq-test-hivemq-platform] [hivemq-platform-operator] [a978355e] 	at java.base/java.util.stream.ForEachOps$ForEachOp.evaluateParallel(Unknown Source)
2025-01-28 21:24:10,494 INFO c.h.h.t.HelmChartContainer - [hivemq-test-hivemq-platform] [hivemq-platform-operator] [a978355e] 	at java.base/java.util.stream.ForEachOps$ForEachOp$OfRef.evaluateParallel(Unknown Source)
2025-01-28 21:24:10,494 INFO c.h.h.t.HelmChartContainer - [hivemq-test-hivemq-platform] [hivemq-platform-operator] [a978355e] 	at java.base/java.util.stream.AbstractPipeline.evaluate(Unknown Source)
2025-01-28 21:24:10,494 INFO c.h.h.t.HelmChartContainer - [hivemq-test-hivemq-platform] [hivemq-platform-operator] [a978355e] 	at java.base/java.util.stream.ReferencePipeline.forEach(Unknown Source)
2025-01-28 21:24:10,494 INFO c.h.h.t.HelmChartContainer - [hivemq-test-hivemq-platform] [hivemq-platform-operator] [a978355e] 	at com.hivemq.platform.operator.util.RestApiUtil.callRestApi(RestApiUtil.java:40)
2025-01-28 21:24:10,494 INFO c.h.h.t.HelmChartContainer - [hivemq-test-hivemq-platform] [hivemq-platform-operator] [a978355e] 	at com.hivemq.platform.operator.http.RestApiService.callRestApi(RestApiService.java:63)
2025-01-28 21:24:10,494 INFO c.h.h.t.HelmChartContainer - [hivemq-test-hivemq-platform] [hivemq-platform-operator] [a978355e] 	at com.hivemq.platform.operator.handler.HiveMQPlatformReconcilerSetLogLevelHandler.handleSetLogLevel(HiveMQPlatformReconcilerSetLogLevelHandler.java:49)
2025-01-28 21:24:10,494 INFO c.h.h.t.HelmChartContainer - [hivemq-test-hivemq-platform] [hivemq-platform-operator] [a978355e] 	at com.hivemq.platform.operator.HiveMQPlatformReconciler.reconcile(HiveMQPlatformReconciler.java:243)
2025-01-28 21:24:10,494 INFO c.h.h.t.HelmChartContainer - [hivemq-test-hivemq-platform] [hivemq-platform-operator] [a978355e] 	at com.hivemq.platform.operator.HiveMQPlatformReconciler.reconcile(HiveMQPlatformReconciler.java:227)
2025-01-28 21:24:10,494 INFO c.h.h.t.HelmChartContainer - [hivemq-test-hivemq-platform] [hivemq-platform-operator] [a978355e] 	at com.hivemq.platform.operator.HiveMQPlatformReconciler.reconcile(HiveMQPlatformReconciler.java:71)
2025-01-28 21:24:10,494 INFO c.h.h.t.HelmChartContainer - [hivemq-test-hivemq-platform] [hivemq-platform-operator] [a978355e] 	at io.javaoperatorsdk.operator.processing.Controller$1.execute(Controller.java:149)
2025-01-28 21:24:10,494 INFO c.h.h.t.HelmChartContainer - [hivemq-test-hivemq-platform] [hivemq-platform-operator] [a978355e] 	at io.javaoperatorsdk.operator.processing.Controller$1.execute(Controller.java:110)
2025-01-28 21:24:10,494 INFO c.h.h.t.HelmChartContainer - [hivemq-test-hivemq-platform] [hivemq-platform-operator] [a978355e] 	at io.javaoperatorsdk.operator.monitoring.micrometer.MicrometerMetrics.lambda$timeControllerExecution$0(MicrometerMetrics.java:163)
2025-01-28 21:24:10,494 INFO c.h.h.t.HelmChartContainer - [hivemq-test-hivemq-platform] [hivemq-platform-operator] [a978355e] 	... 11 common frames omitted
2025-01-28 21:24:10,643 INFO c.h.h.t.HelmChartContainer - [test-hivemq-platform] [hivemq] [71b45067] INFO  - [HiveMQ Platform Operator Init App 1.7.0-SNAPSHOT] Set log level from ${HIVEMQ_LOG_LEVEL:-INFO} to WARN in logback.xml file
2025-01-28 21:24:10,726 INFO c.h.h.t.HelmChartContainer - [hivemq-test-hivemq-platform] [hivemq-platform-operator] [a978355e] 21:24:10.725 [vert.x-eventloop-thread-1] DEBUG c.h.platform.operator.util.PodUtil - Received status for command '[curl, -s, http://10.42.0.14:7979/setLogLevel?level=WARN]' on Pod 'test-hivemq-platform-0' (exit code: 0)
2025-01-28 21:24:11,112 INFO c.h.h.t.HelmChartContainer - [EVENT] Normal [Pulled] Container image "docker.io/hivemq/hivemq4:4.36.0" already present on machine [updateloglevelit:test-hivemq-platform-1]
2025-01-28 21:24:11,112 INFO c.h.h.t.HelmChartContainer - Received Pulled event for container hivemq in pod test-hivemq-platform-1 [d25ac1ac-5ecd-4c25-a850-6ff68760e52f]
2025-01-28 21:24:11,126 INFO c.h.h.t.HelmChartContainer - [POD] test-hivemq-platform-1 [d25ac1ac-5ecd-4c25-a850-6ff68760e52f] in updateloglevelit was MODIFIED
2025-01-28 21:24:11,131 INFO c.h.h.t.HelmChartContainer - [EVENT] Normal [Created] Created container: hivemq [updateloglevelit:test-hivemq-platform-1]
2025-01-28 21:24:11,131 INFO c.h.h.t.HelmChartContainer - Received Created event for container hivemq in pod test-hivemq-platform-1 [d25ac1ac-5ecd-4c25-a850-6ff68760e52f]
2025-01-28 21:24:11,143 INFO c.h.h.t.HelmChartContainer - [hivemq-test-hivemq-platform] [hivemq-platform-operator] [a978355e] 21:24:11.136 [pool-6-thread-31] DEBUG c.h.p.o.d.PlatformServiceResource - [updatelo] Desired Platform services (3 services)
2025-01-28 21:24:11,146 INFO c.h.h.t.HelmChartContainer - [hivemq-test-hivemq-platform] [hivemq-platform-operator] [a978355e] 21:24:11.140 [pool-6-thread-33] DEBUG c.h.p.o.d.PodServiceAccountResource - [updatelo] Desired PodServiceAccountResource (serviceAccountName: hivemq-platform-pod-test-hivemq-platform)
2025-01-28 21:24:11,146 INFO c.h.h.t.HelmChartContainer - [hivemq-test-hivemq-platform] [hivemq-platform-operator] [a978355e] 21:24:11.143 [pool-6-thread-39] DEBUG c.h.p.o.dependants.PodInfoConfigMap - [updatelo] Desired PodInfo ConfigMap (1 extensions) (1 enabled)
2025-01-28 21:24:11,146 INFO c.h.h.t.HelmChartContainer - [hivemq-test-hivemq-platform] [hivemq-platform-operator] [a978355e] 21:24:11.143 [pool-6-thread-39] DEBUG c.h.p.o.dependants.PodInfoConfigMap - [updatelo] Desired PodInfo ConfigMap (metrics port: 9399) (metrics path: /)
2025-01-28 21:24:11,146 INFO c.h.h.t.HelmChartContainer - [hivemq-test-hivemq-platform] [hivemq-platform-operator] [a978355e] 21:24:11.143 [pool-6-thread-39] DEBUG c.h.p.o.dependants.PodInfoConfigMap - [updatelo] Desired PodInfo ConfigMap (extension state hash: -1817474005)
2025-01-28 21:24:11,162 INFO c.h.h.t.HelmChartContainer - [hivemq-test-hivemq-platform] [hivemq-platform-operator] [a978355e] 21:24:11.149 [pool-6-thread-33] DEBUG c.h.p.o.d.StatefulSetResource - [updatelo] Desired StatefulSet (2 replicas) for status SET_LOG_LEVEL (SET_LOG_LEVEL)
2025-01-28 21:24:11,162 INFO c.h.h.t.HelmChartContainer - [hivemq-test-hivemq-platform] [hivemq-platform-operator] [a978355e] 21:24:11.156 [ReconcilerExecutor-hivemq-controller-118] INFO  c.h.p.o.HiveMQPlatformReconciler - [updatelo] Reconciling HiveMQ Platform 'test-hivemq-platform' in namespace 'updateloglevelit'
2025-01-28 21:24:11,162 INFO c.h.h.t.HelmChartContainer - [hivemq-test-hivemq-platform] [hivemq-platform-operator] [a978355e] 21:24:11.157 [ReconcilerExecutor-hivemq-controller-118] DEBUG c.h.p.o.HiveMQPlatformReconciler - [updatelo] Custom Resource Status SET_LOG_LEVEL - HiveMQ Platform is updating the log level to WARN (SET_LOG_LEVEL) (reconciliation requests: SCALING)
2025-01-28 21:24:11,162 INFO c.h.h.t.HelmChartContainer - [hivemq-test-hivemq-platform] [hivemq-platform-operator] [a978355e] 21:24:11.157 [ReconcilerExecutor-hivemq-controller-118] DEBUG c.h.p.o.HiveMQPlatformReconciler - [updatelo] Custom Resource Spec (replicas: 2) (extensions: 1)
2025-01-28 21:24:11,164 INFO c.h.h.t.HelmChartContainer - [hivemq-test-hivemq-platform] [hivemq-platform-operator] [a978355e] 21:24:11.159 [ReconcilerExecutor-hivemq-controller-118] DEBUG c.h.p.o.HiveMQPlatformReconciler - [updatelo] StatefulSet Status (revision: test-hivemq-platform-b697f795f, replicas: 2, available: 1, ready: 1, current: 2, updated: 2)
2025-01-28 21:24:11,164 INFO c.h.h.t.HelmChartContainer - [hivemq-test-hivemq-platform] [hivemq-platform-operator] [a978355e] 21:24:11.159 [ReconcilerExecutor-hivemq-controller-118] DEBUG c.h.p.o.HiveMQPlatformReconciler - [updatelo] StatefulSet Spec (replicas: 2, init containers: 1, containers: 1, volumes: 3)
2025-01-28 21:24:11,180 INFO c.h.h.t.HelmChartContainer - [hivemq-test-hivemq-platform] [hivemq-platform-operator] [a978355e] 21:24:11.176 [ReconcilerExecutor-hivemq-controller-118] DEBUG c.h.p.o.h.HiveMQPlatformReconcilerErrorHandler - [updatelo] Pod 'test-hivemq-platform-1' phase Pending
2025-01-28 21:24:11,181 INFO c.h.h.t.HelmChartContainer - [hivemq-test-hivemq-platform] [hivemq-platform-operator] [a978355e] 21:24:11.176 [ReconcilerExecutor-hivemq-controller-118] DEBUG c.h.p.o.h.HiveMQPlatformReconcilerErrorHandler - [updatelo] Pod 'test-hivemq-platform-1' condition 'PodReadyToStartContainers': True
2025-01-28 21:24:11,181 INFO c.h.h.t.HelmChartContainer - [hivemq-test-hivemq-platform] [hivemq-platform-operator] [a978355e] 21:24:11.176 [ReconcilerExecutor-hivemq-controller-118] DEBUG c.h.p.o.h.HiveMQPlatformReconcilerErrorHandler - [updatelo] Pod 'test-hivemq-platform-1' condition 'Initialized': True
2025-01-28 21:24:11,181 INFO c.h.h.t.HelmChartContainer - [hivemq-test-hivemq-platform] [hivemq-platform-operator] [a978355e] 21:24:11.176 [ReconcilerExecutor-hivemq-controller-118] DEBUG c.h.p.o.h.HiveMQPlatformReconcilerErrorHandler - [updatelo] Pod 'test-hivemq-platform-1' condition 'Ready': False
2025-01-28 21:24:11,181 INFO c.h.h.t.HelmChartContainer - [hivemq-test-hivemq-platform] [hivemq-platform-operator] [a978355e] 21:24:11.176 [ReconcilerExecutor-hivemq-controller-118] DEBUG c.h.p.o.h.HiveMQPlatformReconcilerErrorHandler - [updatelo] Pod 'test-hivemq-platform-1' condition 'ContainersReady': False
2025-01-28 21:24:11,181 INFO c.h.h.t.HelmChartContainer - [hivemq-test-hivemq-platform] [hivemq-platform-operator] [a978355e] 21:24:11.176 [ReconcilerExecutor-hivemq-controller-118] DEBUG c.h.p.o.h.HiveMQPlatformReconcilerErrorHandler - [updatelo] Pod 'test-hivemq-platform-1' condition 'PodScheduled': True
2025-01-28 21:24:11,181 INFO c.h.h.t.HelmChartContainer - [hivemq-test-hivemq-platform] [hivemq-platform-operator] [a978355e] 21:24:11.176 [ReconcilerExecutor-hivemq-controller-118] DEBUG c.h.p.o.h.HiveMQPlatformReconcilerErrorHandler - [updatelo] Pod 'test-hivemq-platform-1' containerStatus 'hivemq' (started: false) (ready: false) (waiting: [PodInitializing] null)
2025-01-28 21:24:11,181 INFO c.h.h.t.HelmChartContainer - [hivemq-test-hivemq-platform] [hivemq-platform-operator] [a978355e] 21:24:11.178 [ReconcilerExecutor-hivemq-controller-118] DEBUG c.h.p.o.h.HiveMQPlatformReconcilerErrorHandler - [updatelo] Pod 'test-hivemq-platform-0' phase Running
2025-01-28 21:24:11,253 INFO c.h.h.t.HelmChartContainer - [hivemq-test-hivemq-platform] [hivemq-platform-operator] [a978355e] 21:24:11.250 [ReconcilerExecutor-hivemq-controller-118] DEBUG c.h.p.o.h.HiveMQPlatformReconcilerSetLogLevelHandler - [updatelo] Setting log level on Pod 'test-hivemq-platform-1'
2025-01-28 21:24:11,253 INFO c.h.h.t.HelmChartContainer - [hivemq-test-hivemq-platform] [hivemq-platform-operator] [a978355e] 21:24:11.250 [ForkJoinPool.commonPool-worker-1] DEBUG c.h.p.o.h.HiveMQPlatformReconcilerSetLogLevelHandler - [updatelo] Setting log level on Pod 'test-hivemq-platform-0'
2025-01-28 21:24:11,278 INFO c.h.h.t.HelmChartContainer - [hivemq-test-hivemq-platform] [hivemq-platform-operator] [a978355e] 21:24:11.276 [ReconcilerExecutor-hivemq-controller-118] DEBUG c.h.platform.operator.util.PodUtil - Pod 'test-hivemq-platform-1' is not running
2025-01-28 21:24:11,279 INFO c.h.h.t.HelmChartContainer - [hivemq-test-hivemq-platform] [hivemq-platform-operator] [a978355e] 21:24:11.276 [ReconcilerExecutor-hivemq-controller-118] ERROR i.j.o.p.event.EventProcessor - Error during event processing ExecutionScope{ resource id: ResourceID{name='test-hivemq-platform', namespace='updateloglevelit'}, version: 1511}
2025-01-28 21:24:11,279 INFO c.h.h.t.HelmChartContainer - [hivemq-test-hivemq-platform] [hivemq-platform-operator] [a978355e] io.javaoperatorsdk.operator.OperatorException: java.lang.IllegalStateException: Pod 'test-hivemq-platform-1' in namespace 'updateloglevelit' is not running, cannot execute command '[curl, -s, http://10.42.0.15:7979/setLogLevel?level=WARN]'
2025-01-28 21:24:11,279 INFO c.h.h.t.HelmChartContainer - [hivemq-test-hivemq-platform] [hivemq-platform-operator] [a978355e] 	at io.javaoperatorsdk.operator.monitoring.micrometer.MicrometerMetrics.lambda$timeControllerExecution$0(MicrometerMetrics.java:165)
2025-01-28 21:24:11,279 INFO c.h.h.t.HelmChartContainer - [hivemq-test-hivemq-platform] [hivemq-platform-operator] [a978355e] 	at io.micrometer.core.instrument.AbstractTimer.record(AbstractTimer.java:190)
2025-01-28 21:24:11,279 INFO c.h.h.t.HelmChartContainer - [hivemq-test-hivemq-platform] [hivemq-platform-operator] [a978355e] 	at io.javaoperatorsdk.operator.monitoring.micrometer.MicrometerMetrics.timeControllerExecution(MicrometerMetrics.java:161)
2025-01-28 21:24:11,279 INFO c.h.h.t.HelmChartContainer - [hivemq-test-hivemq-platform] [hivemq-platform-operator] [a978355e] 	at io.javaoperatorsdk.operator.processing.Controller.reconcile(Controller.java:109)
2025-01-28 21:24:11,279 INFO c.h.h.t.HelmChartContainer - [hivemq-test-hivemq-platform] [hivemq-platform-operator] [a978355e] 	at io.javaoperatorsdk.operator.processing.event.ReconciliationDispatcher.reconcileExecution(ReconciliationDispatcher.java:136)
2025-01-28 21:24:11,279 INFO c.h.h.t.HelmChartContainer - [hivemq-test-hivemq-platform] [hivemq-platform-operator] [a978355e] 	at io.javaoperatorsdk.operator.processing.event.ReconciliationDispatcher.handleReconcile(ReconciliationDispatcher.java:117)
2025-01-28 21:24:11,279 INFO c.h.h.t.HelmChartContainer - [hivemq-test-hivemq-platform] [hivemq-platform-operator] [a978355e] 	at io.javaoperatorsdk.operator.processing.event.ReconciliationDispatcher.handleDispatch(ReconciliationDispatcher.java:91)
2025-01-28 21:24:11,279 INFO c.h.h.t.HelmChartContainer - [hivemq-test-hivemq-platform] [hivemq-platform-operator] [a978355e] 	at io.javaoperatorsdk.operator.processing.event.ReconciliationDispatcher.handleExecution(ReconciliationDispatcher.java:64)
2025-01-28 21:24:11,279 INFO c.h.h.t.HelmChartContainer - [hivemq-test-hivemq-platform] [hivemq-platform-operator] [a978355e] 	at io.javaoperatorsdk.operator.processing.event.EventProcessor$ReconcilerExecutor.run(EventProcessor.java:452)
2025-01-28 21:24:11,279 INFO c.h.h.t.HelmChartContainer - [hivemq-test-hivemq-platform] [hivemq-platform-operator] [a978355e] 	at java.base/java.util.concurrent.ThreadPoolExecutor.runWorker(Unknown Source)
2025-01-28 21:24:11,279 INFO c.h.h.t.HelmChartContainer - [hivemq-test-hivemq-platform] [hivemq-platform-operator] [a978355e] 	at java.base/java.util.concurrent.ThreadPoolExecutor$Worker.run(Unknown Source)
2025-01-28 21:24:11,279 INFO c.h.h.t.HelmChartContainer - [hivemq-test-hivemq-platform] [hivemq-platform-operator] [a978355e] 	at java.base/java.lang.Thread.run(Unknown Source)
2025-01-28 21:24:11,279 INFO c.h.h.t.HelmChartContainer - [hivemq-test-hivemq-platform] [hivemq-platform-operator] [a978355e] Caused by: java.lang.IllegalStateException: Pod 'test-hivemq-platform-1' in namespace 'updateloglevelit' is not running, cannot execute command '[curl, -s, http://10.42.0.15:7979/setLogLevel?level=WARN]'
2025-01-28 21:24:11,279 INFO c.h.h.t.HelmChartContainer - [hivemq-test-hivemq-platform] [hivemq-platform-operator] [a978355e] 	at com.hivemq.platform.operator.util.PodUtil.execute(PodUtil.java:74)
2025-01-28 21:24:11,279 INFO c.h.h.t.HelmChartContainer - [hivemq-test-hivemq-platform] [hivemq-platform-operator] [a978355e] 	at com.hivemq.platform.operator.util.RestApiUtil.lambda$callRestApi$1(RestApiUtil.java:44)
2025-01-28 21:24:11,279 INFO c.h.h.t.HelmChartContainer - [hivemq-test-hivemq-platform] [hivemq-platform-operator] [a978355e] 	at java.base/java.util.stream.ForEachOps$ForEachOp$OfRef.accept(Unknown Source)
2025-01-28 21:24:11,279 INFO c.h.h.t.HelmChartContainer - [hivemq-test-hivemq-platform] [hivemq-platform-operator] [a978355e] 	at java.base/java.util.stream.ReferencePipeline$2$1.accept(Unknown Source)
2025-01-28 21:24:11,279 INFO c.h.h.t.HelmChartContainer - [hivemq-test-hivemq-platform] [hivemq-platform-operator] [a978355e] 	at java.base/java.util.ArrayList$ArrayListSpliterator.forEachRemaining(Unknown Source)
2025-01-28 21:24:11,279 INFO c.h.h.t.HelmChartContainer - [hivemq-test-hivemq-platform] [hivemq-platform-operator] [a978355e] 	at java.base/java.util.stream.AbstractPipeline.copyInto(Unknown Source)
2025-01-28 21:24:11,279 INFO c.h.h.t.HelmChartContainer - [hivemq-test-hivemq-platform] [hivemq-platform-operator] [a978355e] 	at java.base/java.util.stream.ForEachOps$ForEachTask.compute(Unknown Source)
2025-01-28 21:24:11,279 INFO c.h.h.t.HelmChartContainer - [hivemq-test-hivemq-platform] [hivemq-platform-operator] [a978355e] 	at java.base/java.util.concurrent.CountedCompleter.exec(Unknown Source)
2025-01-28 21:24:11,279 INFO c.h.h.t.HelmChartContainer - [hivemq-test-hivemq-platform] [hivemq-platform-operator] [a978355e] 	at java.base/java.util.concurrent.ForkJoinTask.doExec(Unknown Source)
2025-01-28 21:24:11,279 INFO c.h.h.t.HelmChartContainer - [hivemq-test-hivemq-platform] [hivemq-platform-operator] [a978355e] 	at java.base/java.util.concurrent.ForkJoinTask.invoke(Unknown Source)
2025-01-28 21:24:11,279 INFO c.h.h.t.HelmChartContainer - [hivemq-test-hivemq-platform] [hivemq-platform-operator] [a978355e] 	at java.base/java.util.stream.ForEachOps$ForEachOp.evaluateParallel(Unknown Source)
2025-01-28 21:24:11,279 INFO c.h.h.t.HelmChartContainer - [hivemq-test-hivemq-platform] [hivemq-platform-operator] [a978355e] 	at java.base/java.util.stream.ForEachOps$ForEachOp$OfRef.evaluateParallel(Unknown Source)
2025-01-28 21:24:11,279 INFO c.h.h.t.HelmChartContainer - [hivemq-test-hivemq-platform] [hivemq-platform-operator] [a978355e] 	at java.base/java.util.stream.AbstractPipeline.evaluate(Unknown Source)
2025-01-28 21:24:11,279 INFO c.h.h.t.HelmChartContainer - [hivemq-test-hivemq-platform] [hivemq-platform-operator] [a978355e] 	at java.base/java.util.stream.ReferencePipeline.forEach(Unknown Source)
2025-01-28 21:24:11,279 INFO c.h.h.t.HelmChartContainer - [hivemq-test-hivemq-platform] [hivemq-platform-operator] [a978355e] 	at com.hivemq.platform.operator.util.RestApiUtil.callRestApi(RestApiUtil.java:40)
2025-01-28 21:24:11,280 INFO c.h.h.t.HelmChartContainer - [hivemq-test-hivemq-platform] [hivemq-platform-operator] [a978355e] 	at com.hivemq.platform.operator.http.RestApiService.callRestApi(RestApiService.java:63)
2025-01-28 21:24:11,280 INFO c.h.h.t.HelmChartContainer - [hivemq-test-hivemq-platform] [hivemq-platform-operator] [a978355e] 	at com.hivemq.platform.operator.handler.HiveMQPlatformReconcilerSetLogLevelHandler.handleSetLogLevel(HiveMQPlatformReconcilerSetLogLevelHandler.java:49)
2025-01-28 21:24:11,280 INFO c.h.h.t.HelmChartContainer - [hivemq-test-hivemq-platform] [hivemq-platform-operator] [a978355e] 	at com.hivemq.platform.operator.HiveMQPlatformReconciler.reconcile(HiveMQPlatformReconciler.java:243)
2025-01-28 21:24:11,280 INFO c.h.h.t.HelmChartContainer - [hivemq-test-hivemq-platform] [hivemq-platform-operator] [a978355e] 	at com.hivemq.platform.operator.HiveMQPlatformReconciler.reconcile(HiveMQPlatformReconciler.java:227)
2025-01-28 21:24:11,280 INFO c.h.h.t.HelmChartContainer - [hivemq-test-hivemq-platform] [hivemq-platform-operator] [a978355e] 	at com.hivemq.platform.operator.HiveMQPlatformReconciler.reconcile(HiveMQPlatformReconciler.java:71)
2025-01-28 21:24:11,280 INFO c.h.h.t.HelmChartContainer - [hivemq-test-hivemq-platform] [hivemq-platform-operator] [a978355e] 	at io.javaoperatorsdk.operator.processing.Controller$1.execute(Controller.java:149)
2025-01-28 21:24:11,280 INFO c.h.h.t.HelmChartContainer - [hivemq-test-hivemq-platform] [hivemq-platform-operator] [a978355e] 	at io.javaoperatorsdk.operator.processing.Controller$1.execute(Controller.java:110)
2025-01-28 21:24:11,280 INFO c.h.h.t.HelmChartContainer - [hivemq-test-hivemq-platform] [hivemq-platform-operator] [a978355e] 	at io.javaoperatorsdk.operator.monitoring.micrometer.MicrometerMetrics.lambda$timeControllerExecution$0(MicrometerMetrics.java:163)
2025-01-28 21:24:11,280 INFO c.h.h.t.HelmChartContainer - [hivemq-test-hivemq-platform] [hivemq-platform-operator] [a978355e] 	... 11 common frames omitted
2025-01-28 21:24:11,439 INFO c.h.h.t.HelmChartContainer - [test-hivemq-platform] [hivemq] [71b45067] INFO  - [HiveMQ Platform Operator Init App 1.7.0-SNAPSHOT] Set log level from WARN to WARN in logback.xml file
2025-01-28 21:24:11,444 INFO c.h.h.t.HelmChartContainer - [hivemq-test-hivemq-platform] [hivemq-platform-operator] [a978355e] 21:24:11.443 [vert.x-eventloop-thread-1] DEBUG c.h.platform.operator.util.PodUtil - Received status for command '[curl, -s, http://10.42.0.14:7979/setLogLevel?level=WARN]' on Pod 'test-hivemq-platform-0' (exit code: 0)
2025-01-28 21:24:12,123 INFO c.h.h.t.HelmChartContainer - [POD] test-hivemq-platform-1 [d25ac1ac-5ecd-4c25-a850-6ff68760e52f] in updateloglevelit was MODIFIED
2025-01-28 21:24:12,130 INFO c.h.h.t.HelmChartContainer - [hivemq-test-hivemq-platform] [hivemq-platform-operator] [a978355e] 21:24:12.125 [pool-6-thread-47] DEBUG c.h.p.o.d.PlatformServiceResource - [updatelo] Desired Platform services (3 services)
2025-01-28 21:24:12,131 INFO c.h.h.t.HelmChartContainer - [hivemq-test-hivemq-platform] [hivemq-platform-operator] [a978355e] 21:24:12.126 [pool-6-thread-45] DEBUG c.h.p.o.dependants.PodInfoConfigMap - [updatelo] Desired PodInfo ConfigMap (1 extensions) (1 enabled)
2025-01-28 21:24:12,132 INFO c.h.h.t.HelmChartContainer - [hivemq-test-hivemq-platform] [hivemq-platform-operator] [a978355e] 21:24:12.126 [pool-6-thread-45] DEBUG c.h.p.o.dependants.PodInfoConfigMap - [updatelo] Desired PodInfo ConfigMap (metrics port: 9399) (metrics path: /)
2025-01-28 21:24:12,132 INFO c.h.h.t.HelmChartContainer - [hivemq-test-hivemq-platform] [hivemq-platform-operator] [a978355e] 21:24:12.127 [pool-6-thread-45] DEBUG c.h.p.o.dependants.PodInfoConfigMap - [updatelo] Desired PodInfo ConfigMap (extension state hash: -1817474005)
2025-01-28 21:24:12,133 INFO c.h.h.t.HelmChartContainer - [hivemq-test-hivemq-platform] [hivemq-platform-operator] [a978355e] 21:24:12.130 [pool-6-thread-49] DEBUG c.h.p.o.d.PodServiceAccountResource - [updatelo] Desired PodServiceAccountResource (serviceAccountName: hivemq-platform-pod-test-hivemq-platform)
2025-01-28 21:24:12,135 INFO c.h.h.t.HelmChartContainer - Started log watcher for hivemq in pod test-hivemq-platform-1 [d25ac1ac-5ecd-4c25-a850-6ff68760e52f]
2025-01-28 21:24:12,135 INFO c.h.h.t.HelmChartContainer - [test-hivemq-platform] [hivemq] [d25ac1ac] Adding pre-installed HiveMQ Platform Operator extensions
2025-01-28 21:24:12,135 INFO c.h.h.t.HelmChartContainer - [test-hivemq-platform] [hivemq] [d25ac1ac] Running as user 10000
2025-01-28 21:24:12,135 INFO c.h.h.t.HelmChartContainer - [test-hivemq-platform] [hivemq] [d25ac1ac] Starting HiveMQ Platform Operator Init
2025-01-28 21:24:12,135 INFO c.h.h.t.HelmChartContainer - [EVENT] Normal [Started] Started container hivemq [updateloglevelit:test-hivemq-platform-1]
2025-01-28 21:24:12,135 INFO c.h.h.t.HelmChartContainer - Received Started event for container hivemq in pod test-hivemq-platform-1 [d25ac1ac-5ecd-4c25-a850-6ff68760e52f]
2025-01-28 21:24:12,141 INFO c.h.h.t.HelmChartContainer - [hivemq-test-hivemq-platform] [hivemq-platform-operator] [a978355e] 21:24:12.139 [pool-6-thread-44] DEBUG c.h.p.o.d.StatefulSetResource - [updatelo] Desired StatefulSet (2 replicas) for status SET_LOG_LEVEL (SET_LOG_LEVEL)
2025-01-28 21:24:12,144 INFO c.h.h.t.HelmChartContainer - [hivemq-test-hivemq-platform] [hivemq-platform-operator] [a978355e] 21:24:12.143 [ReconcilerExecutor-hivemq-controller-119] INFO  c.h.p.o.HiveMQPlatformReconciler - [updatelo] Reconciling HiveMQ Platform 'test-hivemq-platform' in namespace 'updateloglevelit'
2025-01-28 21:24:12,144 INFO c.h.h.t.HelmChartContainer - [hivemq-test-hivemq-platform] [hivemq-platform-operator] [a978355e] 21:24:12.143 [ReconcilerExecutor-hivemq-controller-119] DEBUG c.h.p.o.HiveMQPlatformReconciler - [updatelo] Custom Resource Status SET_LOG_LEVEL - HiveMQ Platform is updating the log level to WARN (SET_LOG_LEVEL) (reconciliation requests: SCALING)
2025-01-28 21:24:12,147 INFO c.h.h.t.HelmChartContainer - [hivemq-test-hivemq-platform] [hivemq-platform-operator] [a978355e] 21:24:12.144 [ReconcilerExecutor-hivemq-controller-119] DEBUG c.h.p.o.HiveMQPlatformReconciler - [updatelo] Custom Resource Spec (replicas: 2) (extensions: 1)
2025-01-28 21:24:12,179 INFO c.h.h.t.HelmChartContainer - [hivemq-test-hivemq-platform] [hivemq-platform-operator] [a978355e] 21:24:12.177 [ReconcilerExecutor-hivemq-controller-119] DEBUG c.h.p.o.HiveMQPlatformReconciler - [updatelo] StatefulSet Status (revision: test-hivemq-platform-b697f795f, replicas: 2, available: 1, ready: 1, current: 2, updated: 2)
2025-01-28 21:24:12,179 INFO c.h.h.t.HelmChartContainer - [hivemq-test-hivemq-platform] [hivemq-platform-operator] [a978355e] 21:24:12.177 [ReconcilerExecutor-hivemq-controller-119] DEBUG c.h.p.o.HiveMQPlatformReconciler - [updatelo] StatefulSet Spec (replicas: 2, init containers: 1, containers: 1, volumes: 3)
2025-01-28 21:24:12,179 INFO c.h.h.t.HelmChartContainer - [hivemq-test-hivemq-platform] [hivemq-platform-operator] [a978355e] 21:24:12.178 [ReconcilerExecutor-hivemq-controller-119] DEBUG c.h.p.o.h.HiveMQPlatformReconcilerErrorHandler - [updatelo] Pod 'test-hivemq-platform-1' phase Running
2025-01-28 21:24:12,180 INFO c.h.h.t.HelmChartContainer - [hivemq-test-hivemq-platform] [hivemq-platform-operator] [a978355e] 21:24:12.179 [ReconcilerExecutor-hivemq-controller-119] DEBUG c.h.p.o.h.HiveMQPlatformReconcilerErrorHandler - [updatelo] Pod 'test-hivemq-platform-0' phase Running
2025-01-28 21:24:12,227 INFO c.h.h.t.HelmChartContainer - [hivemq-test-hivemq-platform] [hivemq-platform-operator] [a978355e] 21:24:12.226 [ReconcilerExecutor-hivemq-controller-119] DEBUG c.h.p.o.h.HiveMQPlatformReconcilerSetLogLevelHandler - [updatelo] Setting log level on Pod 'test-hivemq-platform-1'
2025-01-28 21:24:12,229 INFO c.h.h.t.HelmChartContainer - [hivemq-test-hivemq-platform] [hivemq-platform-operator] [a978355e] 21:24:12.226 [ForkJoinPool.commonPool-worker-1] DEBUG c.h.p.o.h.HiveMQPlatformReconcilerSetLogLevelHandler - [updatelo] Setting log level on Pod 'test-hivemq-platform-0'
2025-01-28 21:24:12,439 INFO c.h.h.t.HelmChartContainer - [test-hivemq-platform] [hivemq] [71b45067] INFO  - [HiveMQ Platform Operator Init App 1.7.0-SNAPSHOT] Set log level from WARN to WARN in logback.xml file
2025-01-28 21:24:12,446 INFO c.h.h.t.HelmChartContainer - [hivemq-test-hivemq-platform] [hivemq-platform-operator] [a978355e] 21:24:12.445 [vert.x-eventloop-thread-1] DEBUG c.h.platform.operator.util.PodUtil - Received status for command '[curl, -s, http://10.42.0.14:7979/setLogLevel?level=WARN]' on Pod 'test-hivemq-platform-0' (exit code: 0)
2025-01-28 21:24:12,493 INFO c.h.h.t.HelmChartContainer - [test-hivemq-platform] [hivemq] [d25ac1ac] INFO  - [HiveMQ Platform Operator Init 1.7.0-SNAPSHOT] HiveMQ Platform Operator Init 1.7.0-SNAPSHOT (commit: bebf408 on branch: HEAD) built on Sun Jan 26 20:47:47 UTC 2025
2025-01-28 21:24:12,553 INFO c.h.h.t.HelmChartContainer - [hivemq-test-hivemq-platform] [hivemq-platform-operator] [a978355e] 21:24:12.551 [vert.x-eventloop-thread-1] DEBUG c.h.platform.operator.util.PodUtil - Received status for command '[curl, -s, http://10.42.0.15:7979/setLogLevel?level=WARN]' on Pod 'test-hivemq-platform-1' (exit code: 7)
2025-01-28 21:24:13,457 INFO c.h.h.t.HelmChartContainer - [hivemq-test-hivemq-platform] [hivemq-platform-operator] [a978355e] 21:24:13.453 [pool-6-thread-1] DEBUG c.h.p.o.d.PlatformServiceResource - [updatelo] Desired Platform services (3 services)
2025-01-28 21:24:13,457 INFO c.h.h.t.HelmChartContainer - [hivemq-test-hivemq-platform] [hivemq-platform-operator] [a978355e] 21:24:13.454 [pool-6-thread-3] DEBUG c.h.p.o.dependants.PodInfoConfigMap - [updatelo] Desired PodInfo ConfigMap (1 extensions) (1 enabled)
2025-01-28 21:24:13,457 INFO c.h.h.t.HelmChartContainer - [hivemq-test-hivemq-platform] [hivemq-platform-operator] [a978355e] 21:24:13.454 [pool-6-thread-3] DEBUG c.h.p.o.dependants.PodInfoConfigMap - [updatelo] Desired PodInfo ConfigMap (metrics port: 9399) (metrics path: /)
2025-01-28 21:24:13,457 INFO c.h.h.t.HelmChartContainer - [hivemq-test-hivemq-platform] [hivemq-platform-operator] [a978355e] 21:24:13.454 [pool-6-thread-3] DEBUG c.h.p.o.dependants.PodInfoConfigMap - [updatelo] Desired PodInfo ConfigMap (extension state hash: -1817474005)
2025-01-28 21:24:13,457 INFO c.h.h.t.HelmChartContainer - [hivemq-test-hivemq-platform] [hivemq-platform-operator] [a978355e] 21:24:13.455 [pool-6-thread-2] DEBUG c.h.p.o.d.PodServiceAccountResource - [updatelo] Desired PodServiceAccountResource (serviceAccountName: hivemq-platform-pod-test-hivemq-platform)
2025-01-28 21:24:13,460 INFO c.h.h.t.HelmChartContainer - [hivemq-test-hivemq-platform] [hivemq-platform-operator] [a978355e] 21:24:13.459 [pool-6-thread-1] DEBUG c.h.p.o.d.StatefulSetResource - [updatelo] Desired StatefulSet (2 replicas) for status SET_LOG_LEVEL (SET_LOG_LEVEL)
2025-01-28 21:24:13,465 INFO c.h.h.t.HelmChartContainer - [hivemq-test-hivemq-platform] [hivemq-platform-operator] [a978355e] 21:24:13.463 [ReconcilerExecutor-hivemq-controller-120] INFO  c.h.p.o.HiveMQPlatformReconciler - [updatelo] Reconciling HiveMQ Platform 'test-hivemq-platform' in namespace 'updateloglevelit'
2025-01-28 21:24:13,465 INFO c.h.h.t.HelmChartContainer - [hivemq-test-hivemq-platform] [hivemq-platform-operator] [a978355e] 21:24:13.463 [ReconcilerExecutor-hivemq-controller-120] DEBUG c.h.p.o.HiveMQPlatformReconciler - [updatelo] Custom Resource Status SET_LOG_LEVEL - HiveMQ Platform is updating the log level to WARN (SET_LOG_LEVEL) (reconciliation requests: SCALING)
2025-01-28 21:24:13,465 INFO c.h.h.t.HelmChartContainer - [hivemq-test-hivemq-platform] [hivemq-platform-operator] [a978355e] 21:24:13.463 [ReconcilerExecutor-hivemq-controller-120] DEBUG c.h.p.o.HiveMQPlatformReconciler - [updatelo] Custom Resource Spec (replicas: 2) (extensions: 1)
2025-01-28 21:24:13,465 INFO c.h.h.t.HelmChartContainer - [hivemq-test-hivemq-platform] [hivemq-platform-operator] [a978355e] 21:24:13.464 [ReconcilerExecutor-hivemq-controller-120] DEBUG c.h.p.o.HiveMQPlatformReconciler - [updatelo] StatefulSet Status (revision: test-hivemq-platform-b697f795f, replicas: 2, available: 1, ready: 1, current: 2, updated: 2)
2025-01-28 21:24:13,465 INFO c.h.h.t.HelmChartContainer - [hivemq-test-hivemq-platform] [hivemq-platform-operator] [a978355e] 21:24:13.464 [ReconcilerExecutor-hivemq-controller-120] DEBUG c.h.p.o.HiveMQPlatformReconciler - [updatelo] StatefulSet Spec (replicas: 2, init containers: 1, containers: 1, volumes: 3)
2025-01-28 21:24:13,467 INFO c.h.h.t.HelmChartContainer - [hivemq-test-hivemq-platform] [hivemq-platform-operator] [a978355e] 21:24:13.465 [ReconcilerExecutor-hivemq-controller-120] DEBUG c.h.p.o.h.HiveMQPlatformReconcilerErrorHandler - [updatelo] Pod 'test-hivemq-platform-1' phase Running
2025-01-28 21:24:13,469 INFO c.h.h.t.HelmChartContainer - [hivemq-test-hivemq-platform] [hivemq-platform-operator] [a978355e] 21:24:13.467 [ReconcilerExecutor-hivemq-controller-120] DEBUG c.h.p.o.h.HiveMQPlatformReconcilerErrorHandler - [updatelo] Pod 'test-hivemq-platform-0' phase Running
2025-01-28 21:24:13,526 INFO c.h.h.t.HelmChartContainer - [hivemq-test-hivemq-platform] [hivemq-platform-operator] [a978355e] 21:24:13.524 [ReconcilerExecutor-hivemq-controller-120] WARN  c.h.p.operator.util.RestApiUtil - [updatelo] Set log level command on Pod 'test-hivemq-platform-1' returned an empty response
2025-01-28 21:24:13,656 INFO c.h.h.t.HelmChartContainer - [test-hivemq-platform] [hivemq] [d25ac1ac] INFO  - [HiveMQ Platform Operator Init App 1.7.0-SNAPSHOT] Using bind address 10.42.0.15 from environment variable
2025-01-28 21:24:14,547 INFO c.h.h.t.HelmChartContainer - [test-hivemq-platform] [hivemq] [d25ac1ac] INFO  - [HiveMQ Platform Operator Init App 1.7.0-SNAPSHOT] HiveMQ Platform Operator Init App 1.7.0-SNAPSHOT (commit: bebf408 on branch: HEAD) built on Sun Jan 26 20:47:47 UTC 2025
2025-01-28 21:24:14,547 INFO c.h.h.t.HelmChartContainer - [test-hivemq-platform] [hivemq] [d25ac1ac] INFO  - [HiveMQ Platform Operator Init App 1.7.0-SNAPSHOT] PodInfo ConfigMap directory: /etc/podinfo
2025-01-28 21:24:14,547 INFO c.h.h.t.HelmChartContainer - [test-hivemq-platform] [hivemq] [d25ac1ac] INFO  - [HiveMQ Platform Operator Init App 1.7.0-SNAPSHOT] HiveMQ home directory: /opt/hivemq
2025-01-28 21:24:14,547 INFO c.h.h.t.HelmChartContainer - [test-hivemq-platform] [hivemq] [d25ac1ac] INFO  - [HiveMQ Platform Operator Init App 1.7.0-SNAPSHOT] HiveMQ Logback folder: /opt/hivemq/conf
2025-01-28 21:24:14,547 INFO c.h.h.t.HelmChartContainer - [test-hivemq-platform] [hivemq] [d25ac1ac] INFO  - [HiveMQ Platform Operator Init App 1.7.0-SNAPSHOT] HiveMQ Config folder: /opt/hivemq/conf-k8s
2025-01-28 21:24:14,548 INFO c.h.h.t.HelmChartContainer - [test-hivemq-platform] [hivemq] [d25ac1ac] INFO  - [HiveMQ Platform Operator Init App 1.7.0-SNAPSHOT] Starting HiveMQ Platform Operator Init App
2025-01-28 21:24:14,548 INFO c.h.h.t.HelmChartContainer - [test-hivemq-platform] [hivemq] [d25ac1ac] INFO  - [HiveMQ Platform Operator Init App 1.7.0-SNAPSHOT] Starting Pod reconciler
2025-01-28 21:24:15,798 INFO c.h.h.t.HelmChartContainer - [test-hivemq-platform] [hivemq] [d25ac1ac] INFO  - [HiveMQ Platform Operator Init App 1.7.0-SNAPSHOT] Pod reconciler is scheduled (interval: 5000 ms)
2025-01-28 21:24:15,799 INFO c.h.h.t.HelmChartContainer - [test-hivemq-platform] [hivemq] [d25ac1ac] INFO  - [HiveMQ Platform Operator Init App 1.7.0-SNAPSHOT] Starting the REST API on 10.42.0.15:7979
2025-01-28 21:24:15,801 INFO c.h.h.t.HelmChartContainer - [test-hivemq-platform] [hivemq] [d25ac1ac] INFO  - [HiveMQ Platform Operator Init App 1.7.0-SNAPSHOT] Waiting up to 600s for at most 2 HiveMQ nodes in cluster service hivemq-test-hivemq-platform-cluster.updateloglevelit.svc
2025-01-28 21:24:16,197 INFO c.h.h.t.HelmChartContainer - [test-hivemq-platform] [hivemq] [d25ac1ac] INFO  - [HiveMQ Platform Operator Init App 1.7.0-SNAPSHOT] Resolved 2 IP addresses: [10.42.0.15, 10.42.0.14]
2025-01-28 21:24:16,198 INFO c.h.h.t.HelmChartContainer - [test-hivemq-platform] [hivemq] [d25ac1ac] INFO  - [HiveMQ Platform Operator Init App 1.7.0-SNAPSHOT] HiveMQ node count of 2 is within threshold of 2
2025-01-28 21:24:16,198 INFO c.h.h.t.HelmChartContainer - [test-hivemq-platform] [hivemq] [d25ac1ac] INFO  - [HiveMQ Platform Operator Init App 1.7.0-SNAPSHOT] Waiting 15s for previous shutdown replication to finish...
2025-01-28 21:24:18,123 INFO c.h.h.t.HelmChartContainer - [test-hivemq-platform] [hivemq] [d25ac1ac] INFO  - [HiveMQ Platform Operator Init App 1.7.0-SNAPSHOT] Returning default Health API response 503 for readiness
2025-01-28 21:24:18,214 INFO c.h.h.t.HelmChartContainer - [EVENT] Warning [Unhealthy] Readiness probe failed: HTTP probe failed with statuscode: 503 [updateloglevelit:test-hivemq-platform-1]
2025-01-28 21:24:18,214 INFO c.h.h.t.HelmChartContainer - Received Unhealthy event for container hivemq in pod test-hivemq-platform-1 [d25ac1ac-5ecd-4c25-a850-6ff68760e52f]
2025-01-28 21:24:22,769 INFO c.h.h.t.HelmChartContainer - [test-hivemq-platform] [hivemq] [71b45067] INFO  - [HiveMQ Platform Operator Init App 1.7.0-SNAPSHOT] Returning Health API response 200 for liveness
2025-01-28 21:24:23,199 INFO c.h.h.t.HelmChartContainer - [EVENT] Warning [Unhealthy] Readiness probe failed: HTTP probe failed with statuscode: 503 [updateloglevelit:test-hivemq-platform-1]
2025-01-28 21:24:23,199 INFO c.h.h.t.HelmChartContainer - Received Unhealthy event for container hivemq in pod test-hivemq-platform-1 [d25ac1ac-5ecd-4c25-a850-6ff68760e52f]
2025-01-28 21:24:23,203 INFO c.h.h.t.HelmChartContainer - [test-hivemq-platform] [hivemq] [d25ac1ac] INFO  - [HiveMQ Platform Operator Init App 1.7.0-SNAPSHOT] Updating Pod HiveMQ Platform Operator Init App version annotation (version: 1.7.0-SNAPSHOT)
2025-01-28 21:24:23,531 INFO c.h.h.t.HelmChartContainer - [hivemq-test-hivemq-platform] [hivemq-platform-operator] [a978355e] 21:24:23.528 [pool-6-thread-15] DEBUG c.h.p.o.d.PlatformServiceResource - [updatelo] Desired Platform services (3 services)
2025-01-28 21:24:23,533 INFO c.h.h.t.HelmChartContainer - [hivemq-test-hivemq-platform] [hivemq-platform-operator] [a978355e] 21:24:23.529 [pool-6-thread-13] DEBUG c.h.p.o.dependants.PodInfoConfigMap - [updatelo] Desired PodInfo ConfigMap (1 extensions) (1 enabled)
2025-01-28 21:24:23,533 INFO c.h.h.t.HelmChartContainer - [hivemq-test-hivemq-platform] [hivemq-platform-operator] [a978355e] 21:24:23.529 [pool-6-thread-13] DEBUG c.h.p.o.dependants.PodInfoConfigMap - [updatelo] Desired PodInfo ConfigMap (metrics port: 9399) (metrics path: /)
2025-01-28 21:24:23,534 INFO c.h.h.t.HelmChartContainer - [hivemq-test-hivemq-platform] [hivemq-platform-operator] [a978355e] 21:24:23.529 [pool-6-thread-13] DEBUG c.h.p.o.dependants.PodInfoConfigMap - [updatelo] Desired PodInfo ConfigMap (extension state hash: -1817474005)
2025-01-28 21:24:23,534 INFO c.h.h.t.HelmChartContainer - [hivemq-test-hivemq-platform] [hivemq-platform-operator] [a978355e] 21:24:23.529 [pool-6-thread-18] DEBUG c.h.p.o.d.PodServiceAccountResource - [updatelo] Desired PodServiceAccountResource (serviceAccountName: hivemq-platform-pod-test-hivemq-platform)
2025-01-28 21:24:23,536 INFO c.h.h.t.HelmChartContainer - [hivemq-test-hivemq-platform] [hivemq-platform-operator] [a978355e] 21:24:23.536 [pool-6-thread-15] DEBUG c.h.p.o.d.StatefulSetResource - [updatelo] Desired StatefulSet (2 replicas) for status SET_LOG_LEVEL (SET_LOG_LEVEL)
2025-01-28 21:24:23,539 INFO c.h.h.t.HelmChartContainer - [hivemq-test-hivemq-platform] [hivemq-platform-operator] [a978355e] 21:24:23.538 [ReconcilerExecutor-hivemq-controller-121] INFO  c.h.p.o.HiveMQPlatformReconciler - [updatelo] Reconciling HiveMQ Platform 'test-hivemq-platform' in namespace 'updateloglevelit'
2025-01-28 21:24:23,540 INFO c.h.h.t.HelmChartContainer - [hivemq-test-hivemq-platform] [hivemq-platform-operator] [a978355e] 21:24:23.538 [ReconcilerExecutor-hivemq-controller-121] DEBUG c.h.p.o.HiveMQPlatformReconciler - [updatelo] Custom Resource Status SET_LOG_LEVEL - HiveMQ Platform is updating the log level to WARN (SET_LOG_LEVEL) (reconciliation requests: SCALING)
2025-01-28 21:24:23,541 INFO c.h.h.t.HelmChartContainer - [hivemq-test-hivemq-platform] [hivemq-platform-operator] [a978355e] 21:24:23.538 [ReconcilerExecutor-hivemq-controller-121] DEBUG c.h.p.o.HiveMQPlatformReconciler - [updatelo] Custom Resource Spec (replicas: 2) (extensions: 1)
2025-01-28 21:24:23,542 INFO c.h.h.t.HelmChartContainer - [hivemq-test-hivemq-platform] [hivemq-platform-operator] [a978355e] 21:24:23.540 [ReconcilerExecutor-hivemq-controller-121] DEBUG c.h.p.o.HiveMQPlatformReconciler - [updatelo] StatefulSet Status (revision: test-hivemq-platform-b697f795f, replicas: 2, available: 1, ready: 1, current: 2, updated: 2)
2025-01-28 21:24:23,542 INFO c.h.h.t.HelmChartContainer - [hivemq-test-hivemq-platform] [hivemq-platform-operator] [a978355e] 21:24:23.540 [ReconcilerExecutor-hivemq-controller-121] DEBUG c.h.p.o.HiveMQPlatformReconciler - [updatelo] StatefulSet Spec (replicas: 2, init containers: 1, containers: 1, volumes: 3)
2025-01-28 21:24:23,543 INFO c.h.h.t.HelmChartContainer - [hivemq-test-hivemq-platform] [hivemq-platform-operator] [a978355e] 21:24:23.541 [ReconcilerExecutor-hivemq-controller-121] DEBUG c.h.p.o.h.HiveMQPlatformReconcilerErrorHandler - [updatelo] Pod 'test-hivemq-platform-1' phase Running
2025-01-28 21:24:23,544 INFO c.h.h.t.HelmChartContainer - [hivemq-test-hivemq-platform] [hivemq-platform-operator] [a978355e] 21:24:23.543 [ReconcilerExecutor-hivemq-controller-121] DEBUG c.h.p.o.h.HiveMQPlatformReconcilerErrorHandler - [updatelo] Pod 'test-hivemq-platform-0' phase Running
2025-01-28 21:24:23,604 INFO c.h.h.t.HelmChartContainer - [POD] test-hivemq-platform-1 [d25ac1ac-5ecd-4c25-a850-6ff68760e52f] in updateloglevelit was MODIFIED
2025-01-28 21:24:23,607 INFO c.h.h.t.HelmChartContainer - [test-hivemq-platform] [hivemq] [d25ac1ac] INFO  - [HiveMQ Platform Operator Init App 1.7.0-SNAPSHOT] Successfully updated Pod HiveMQ Platform Operator Init App version annotation (version: 1.7.0-SNAPSHOT)
2025-01-28 21:24:23,609 INFO c.h.h.t.HelmChartContainer - [EVENT] Warning [Unhealthy] Readiness probe failed: HTTP probe failed with statuscode: 503 [updateloglevelit:test-hivemq-platform-1]
2025-01-28 21:24:23,609 INFO c.h.h.t.HelmChartContainer - Received Unhealthy event for container hivemq in pod test-hivemq-platform-1 [d25ac1ac-5ecd-4c25-a850-6ff68760e52f]
2025-01-28 21:24:23,626 INFO c.h.h.t.HelmChartContainer - [hivemq-test-hivemq-platform] [hivemq-platform-operator] [a978355e] 21:24:23.623 [ReconcilerExecutor-hivemq-controller-121] DEBUG c.h.p.o.h.HiveMQPlatformReconcilerSetLogLevelHandler - [updatelo] Setting log level on Pod 'test-hivemq-platform-1'
2025-01-28 21:24:23,628 INFO c.h.h.t.HelmChartContainer - [hivemq-test-hivemq-platform] [hivemq-platform-operator] [a978355e] 21:24:23.623 [ForkJoinPool.commonPool-worker-1] DEBUG c.h.p.o.h.HiveMQPlatformReconcilerSetLogLevelHandler - [updatelo] Setting log level on Pod 'test-hivemq-platform-0'
2025-01-28 21:24:23,735 INFO c.h.h.t.HelmChartContainer - [test-hivemq-platform] [hivemq] [71b45067] INFO  - [HiveMQ Platform Operator Init App 1.7.0-SNAPSHOT] Set log level from WARN to WARN in logback.xml file
2025-01-28 21:24:23,743 INFO c.h.h.t.HelmChartContainer - [hivemq-test-hivemq-platform] [hivemq-platform-operator] [a978355e] 21:24:23.742 [vert.x-eventloop-thread-1] DEBUG c.h.platform.operator.util.PodUtil - Received status for command '[curl, -s, http://10.42.0.14:7979/setLogLevel?level=WARN]' on Pod 'test-hivemq-platform-0' (exit code: 0)
2025-01-28 21:24:23,751 INFO c.h.h.t.HelmChartContainer - [hivemq-test-hivemq-platform] [hivemq-platform-operator] [a978355e] 21:24:23.749 [pool-6-thread-24] DEBUG c.h.p.o.d.PlatformServiceResource - [updatelo] Desired Platform services (3 services)
2025-01-28 21:24:23,753 INFO c.h.h.t.HelmChartContainer - [hivemq-test-hivemq-platform] [hivemq-platform-operator] [a978355e] 21:24:23.751 [pool-6-thread-28] DEBUG c.h.p.o.dependants.PodInfoConfigMap - [updatelo] Desired PodInfo ConfigMap (1 extensions) (1 enabled)
2025-01-28 21:24:23,755 INFO c.h.h.t.HelmChartContainer - [hivemq-test-hivemq-platform] [hivemq-platform-operator] [a978355e] 21:24:23.754 [pool-6-thread-30] DEBUG c.h.p.o.d.PodServiceAccountResource - [updatelo] Desired PodServiceAccountResource (serviceAccountName: hivemq-platform-pod-test-hivemq-platform)
2025-01-28 21:24:23,757 INFO c.h.h.t.HelmChartContainer - [hivemq-test-hivemq-platform] [hivemq-platform-operator] [a978355e] 21:24:23.753 [pool-6-thread-28] DEBUG c.h.p.o.dependants.PodInfoConfigMap - [updatelo] Desired PodInfo ConfigMap (metrics port: 9399) (metrics path: /)
2025-01-28 21:24:23,757 INFO c.h.h.t.HelmChartContainer - [hivemq-test-hivemq-platform] [hivemq-platform-operator] [a978355e] 21:24:23.755 [pool-6-thread-28] DEBUG c.h.p.o.dependants.PodInfoConfigMap - [updatelo] Desired PodInfo ConfigMap (extension state hash: -1817474005)
2025-01-28 21:24:23,761 INFO c.h.h.t.HelmChartContainer - [hivemq-test-hivemq-platform] [hivemq-platform-operator] [a978355e] 21:24:23.760 [pool-6-thread-24] DEBUG c.h.p.o.d.StatefulSetResource - [updatelo] Desired StatefulSet (2 replicas) for status SET_LOG_LEVEL (SET_LOG_LEVEL)
2025-01-28 21:24:23,828 INFO c.h.h.t.HelmChartContainer - [hivemq-test-hivemq-platform] [hivemq-platform-operator] [a978355e] 21:24:23.826 [ReconcilerExecutor-hivemq-controller-122] INFO  c.h.p.o.HiveMQPlatformReconciler - [updatelo] Reconciling HiveMQ Platform 'test-hivemq-platform' in namespace 'updateloglevelit'
2025-01-28 21:24:23,828 INFO c.h.h.t.HelmChartContainer - [hivemq-test-hivemq-platform] [hivemq-platform-operator] [a978355e] 21:24:23.826 [ReconcilerExecutor-hivemq-controller-122] DEBUG c.h.p.o.HiveMQPlatformReconciler - [updatelo] Custom Resource Status SET_LOG_LEVEL - HiveMQ Platform is updating the log level to WARN (SET_LOG_LEVEL) (reconciliation requests: SCALING)
2025-01-28 21:24:23,828 INFO c.h.h.t.HelmChartContainer - [hivemq-test-hivemq-platform] [hivemq-platform-operator] [a978355e] 21:24:23.826 [ReconcilerExecutor-hivemq-controller-122] DEBUG c.h.p.o.HiveMQPlatformReconciler - [updatelo] Custom Resource Spec (replicas: 2) (extensions: 1)
2025-01-28 21:24:23,828 INFO c.h.h.t.HelmChartContainer - [hivemq-test-hivemq-platform] [hivemq-platform-operator] [a978355e] 21:24:23.827 [ReconcilerExecutor-hivemq-controller-122] DEBUG c.h.p.o.HiveMQPlatformReconciler - [updatelo] StatefulSet Status (revision: test-hivemq-platform-b697f795f, replicas: 2, available: 1, ready: 1, current: 2, updated: 2)
2025-01-28 21:24:23,828 INFO c.h.h.t.HelmChartContainer - [hivemq-test-hivemq-platform] [hivemq-platform-operator] [a978355e] 21:24:23.828 [ReconcilerExecutor-hivemq-controller-122] DEBUG c.h.p.o.HiveMQPlatformReconciler - [updatelo] StatefulSet Spec (replicas: 2, init containers: 1, containers: 1, volumes: 3)
2025-01-28 21:24:23,830 INFO c.h.h.t.HelmChartContainer - [hivemq-test-hivemq-platform] [hivemq-platform-operator] [a978355e] 21:24:23.830 [ReconcilerExecutor-hivemq-controller-122] DEBUG c.h.p.o.h.HiveMQPlatformReconcilerErrorHandler - [updatelo] Pod 'test-hivemq-platform-1' phase Running
2025-01-28 21:24:23,832 INFO c.h.h.t.HelmChartContainer - [hivemq-test-hivemq-platform] [hivemq-platform-operator] [a978355e] 21:24:23.831 [ReconcilerExecutor-hivemq-controller-122] DEBUG c.h.p.o.h.HiveMQPlatformReconcilerErrorHandler - [updatelo] Pod 'test-hivemq-platform-0' phase Running
2025-01-28 21:24:23,833 INFO c.h.h.t.HelmChartContainer - [hivemq-test-hivemq-platform] [hivemq-platform-operator] [a978355e] 21:24:23.832 [ReconcilerExecutor-hivemq-controller-122] INFO  c.h.p.operator.http.RestApiService - [updatelo] Set log level command on Pod 'test-hivemq-platform-1' is not ready yet
2025-01-28 21:24:24,400 INFO c.h.h.t.HelmChartContainer - [test-hivemq-platform] [hivemq] [d25ac1ac] INFO  - [HiveMQ Platform Operator Init App 1.7.0-SNAPSHOT] Set log level from ${HIVEMQ_LOG_LEVEL:-INFO} to WARN in logback.xml file
2025-01-28 21:24:24,491 INFO c.h.h.t.HelmChartContainer - [hivemq-test-hivemq-platform] [hivemq-platform-operator] [a978355e] 21:24:24.489 [vert.x-eventloop-thread-0] DEBUG c.h.platform.operator.util.PodUtil - Received status for command '[curl, -s, http://10.42.0.15:7979/setLogLevel?level=WARN]' on Pod 'test-hivemq-platform-1' (exit code: 0)
2025-01-28 21:24:24,837 INFO c.h.h.t.HelmChartContainer - [hivemq-test-hivemq-platform] [hivemq-platform-operator] [a978355e] 21:24:24.835 [pool-6-thread-39] DEBUG c.h.p.o.d.PlatformServiceResource - [updatelo] Desired Platform services (3 services)
2025-01-28 21:24:24,837 INFO c.h.h.t.HelmChartContainer - [hivemq-test-hivemq-platform] [hivemq-platform-operator] [a978355e] 21:24:24.835 [pool-6-thread-36] DEBUG c.h.p.o.dependants.PodInfoConfigMap - [updatelo] Desired PodInfo ConfigMap (1 extensions) (1 enabled)
2025-01-28 21:24:24,837 INFO c.h.h.t.HelmChartContainer - [hivemq-test-hivemq-platform] [hivemq-platform-operator] [a978355e] 21:24:24.835 [pool-6-thread-36] DEBUG c.h.p.o.dependants.PodInfoConfigMap - [updatelo] Desired PodInfo ConfigMap (metrics port: 9399) (metrics path: /)
2025-01-28 21:24:24,837 INFO c.h.h.t.HelmChartContainer - [hivemq-test-hivemq-platform] [hivemq-platform-operator] [a978355e] 21:24:24.835 [pool-6-thread-36] DEBUG c.h.p.o.dependants.PodInfoConfigMap - [updatelo] Desired PodInfo ConfigMap (extension state hash: -1817474005)
2025-01-28 21:24:24,837 INFO c.h.h.t.HelmChartContainer - [hivemq-test-hivemq-platform] [hivemq-platform-operator] [a978355e] 21:24:24.835 [pool-6-thread-34] DEBUG c.h.p.o.d.PodServiceAccountResource - [updatelo] Desired PodServiceAccountResource (serviceAccountName: hivemq-platform-pod-test-hivemq-platform)
2025-01-28 21:24:24,841 INFO c.h.h.t.HelmChartContainer - [hivemq-test-hivemq-platform] [hivemq-platform-operator] [a978355e] 21:24:24.840 [pool-6-thread-39] DEBUG c.h.p.o.d.StatefulSetResource - [updatelo] Desired StatefulSet (2 replicas) for status SET_LOG_LEVEL (SET_LOG_LEVEL)
2025-01-28 21:24:24,844 INFO c.h.h.t.HelmChartContainer - [hivemq-test-hivemq-platform] [hivemq-platform-operator] [a978355e] 21:24:24.843 [ReconcilerExecutor-hivemq-controller-123] INFO  c.h.p.o.HiveMQPlatformReconciler - [updatelo] Reconciling HiveMQ Platform 'test-hivemq-platform' in namespace 'updateloglevelit'
2025-01-28 21:24:24,844 INFO c.h.h.t.HelmChartContainer - [hivemq-test-hivemq-platform] [hivemq-platform-operator] [a978355e] 21:24:24.843 [ReconcilerExecutor-hivemq-controller-123] DEBUG c.h.p.o.HiveMQPlatformReconciler - [updatelo] Custom Resource Status SET_LOG_LEVEL - HiveMQ Platform is updating the log level to WARN (SET_LOG_LEVEL) (reconciliation requests: SCALING)
2025-01-28 21:24:24,844 INFO c.h.h.t.HelmChartContainer - [hivemq-test-hivemq-platform] [hivemq-platform-operator] [a978355e] 21:24:24.843 [ReconcilerExecutor-hivemq-controller-123] DEBUG c.h.p.o.HiveMQPlatformReconciler - [updatelo] Custom Resource Spec (replicas: 2) (extensions: 1)
2025-01-28 21:24:24,845 INFO c.h.h.t.HelmChartContainer - [hivemq-test-hivemq-platform] [hivemq-platform-operator] [a978355e] 21:24:24.844 [ReconcilerExecutor-hivemq-controller-123] DEBUG c.h.p.o.HiveMQPlatformReconciler - [updatelo] StatefulSet Status (revision: test-hivemq-platform-b697f795f, replicas: 2, available: 1, ready: 1, current: 2, updated: 2)
2025-01-28 21:24:24,846 INFO c.h.h.t.HelmChartContainer - [hivemq-test-hivemq-platform] [hivemq-platform-operator] [a978355e] 21:24:24.845 [ReconcilerExecutor-hivemq-controller-123] DEBUG c.h.p.o.HiveMQPlatformReconciler - [updatelo] StatefulSet Spec (replicas: 2, init containers: 1, containers: 1, volumes: 3)
2025-01-28 21:24:24,847 INFO c.h.h.t.HelmChartContainer - [hivemq-test-hivemq-platform] [hivemq-platform-operator] [a978355e] 21:24:24.846 [ReconcilerExecutor-hivemq-controller-123] DEBUG c.h.p.o.h.HiveMQPlatformReconcilerErrorHandler - [updatelo] Pod 'test-hivemq-platform-1' phase Running
2025-01-28 21:24:24,848 INFO c.h.h.t.HelmChartContainer - [hivemq-test-hivemq-platform] [hivemq-platform-operator] [a978355e] 21:24:24.847 [ReconcilerExecutor-hivemq-controller-123] DEBUG c.h.p.o.h.HiveMQPlatformReconcilerErrorHandler - [updatelo] Pod 'test-hivemq-platform-0' phase Running
2025-01-28 21:24:24,849 INFO c.h.h.t.HelmChartContainer - [hivemq-test-hivemq-platform] [hivemq-platform-operator] [a978355e] 21:24:24.848 [ReconcilerExecutor-hivemq-controller-123] INFO  c.h.p.o.h.HiveMQPlatformReconcilerSetLogLevelHandler - [updatelo] Successfully updated the log level on all Pods
2025-01-28 21:24:24,929 INFO c.h.h.t.HelmChartContainer - [hivemq-test-hivemq-platform] [hivemq-platform-operator] [a978355e] 21:24:24.928 [ReconcilerExecutor-hivemq-controller-123] DEBUG c.h.p.operator.event.EventSender - [updatelo] Creating K8s event waiting-for-log-level-update: [SetLogLevel] HiveMQ Platform is updating the log level
2025-01-28 21:24:24,934 INFO c.h.h.t.HelmChartContainer - [EVENT] Normal [SetLogLevel] HiveMQ Platform is updating the log level [updateloglevelit:test-hivemq-platform]
2025-01-28 21:24:24,935 INFO c.h.h.t.HelmChartContainer - [hivemq-test-hivemq-platform] [hivemq-platform-operator] [a978355e] 21:24:24.934 [ReconcilerExecutor-hivemq-controller-123] INFO  c.h.p.o.h.AbstractHiveMQReconcilerStateHandler - [updatelo] Update HiveMQ Platform Status (SET_LOG_LEVEL [SET_LOG_LEVEL] -> SET_LOG_LEVEL [WAIT_FOR_LOG_LEVEL_UPDATE]): HiveMQ Platform is updating the log level (reconciliation requests: SCALING)
2025-01-28 21:24:24,942 DEBUG com.hivemq.helmcharts.util.K8sUtil - Comparing actual state 'SET_LOG_LEVEL' and waiting for 'RUNNING'
2025-01-28 21:24:28,608 INFO c.h.h.t.HelmChartContainer - [EVENT] Warning [Unhealthy] Readiness probe failed: HTTP probe failed with statuscode: 503 [updateloglevelit:test-hivemq-platform-1]
2025-01-28 21:24:28,608 INFO c.h.h.t.HelmChartContainer - Received Unhealthy event for container hivemq in pod test-hivemq-platform-1 [d25ac1ac-5ecd-4c25-a850-6ff68760e52f]
2025-01-28 21:24:31,198 INFO c.h.h.t.HelmChartContainer - [test-hivemq-platform] [hivemq] [d25ac1ac] INFO  - [HiveMQ Platform Operator Init App 1.7.0-SNAPSHOT] Proceeding with container start
2025-01-28 21:24:31,201 INFO c.h.h.t.HelmChartContainer - [test-hivemq-platform] [hivemq] [d25ac1ac] INFO  - [HiveMQ Platform Operator Init App 1.7.0-SNAPSHOT] Initializing HiveMQ Platform extensions with initial configuration: {hivemq-allow-all-extension={start-priority=-1, skip-https-hostname-verification=false, restart=true, config-version=0, header-version=0, c-uri=, priority=-1, uri=preinstalled, skip-https-certificate-validation=false, enabled=true}, hivemq-prometheus-extension={priority=-1, start-priority=-1, c-uri=, skip-https-hostname-verification=false, skip-https-certificate-validation=false, uri=preinstalled, request-header-path=no-request-headers, enabled=true, restart=true}}
2025-01-28 21:24:31,214 INFO c.h.h.t.HelmChartContainer - [test-hivemq-platform] [hivemq] [d25ac1ac] INFO  - [HiveMQ Platform Operator Init App 1.7.0-SNAPSHOT] Extension hivemq-allow-all-extension was already enabled
2025-01-28 21:24:31,287 INFO c.h.h.t.HelmChartContainer - [test-hivemq-platform] [hivemq] [d25ac1ac] INFO  - [HiveMQ Platform Operator Init App 1.7.0-SNAPSHOT] Successfully enabled extension hivemq-prometheus-extension
2025-01-28 21:24:31,289 INFO c.h.h.t.HelmChartContainer - [test-hivemq-platform] [hivemq] [d25ac1ac] INFO  - [HiveMQ Platform Operator Init App 1.7.0-SNAPSHOT] Starting HiveMQ Platform version 4.36.0 (4.36.0)
2025-01-28 21:24:31,289 INFO c.h.h.t.HelmChartContainer - [test-hivemq-platform] [hivemq] [d25ac1ac] INFO  - [HiveMQ Platform Operator Init App 1.7.0-SNAPSHOT] Configuring the HiveMQ Platform
2025-01-28 21:24:31,294 INFO c.h.h.t.HelmChartContainer - [test-hivemq-platform] [hivemq] [d25ac1ac] INFO  - [HiveMQ Platform Operator Init App 1.7.0-SNAPSHOT] Changed logback.xml file scan period to 20 seconds
2025-01-28 21:24:31,304 INFO c.h.h.t.HelmChartContainer - [test-hivemq-platform] [hivemq] [d25ac1ac] INFO  - [HiveMQ Platform Operator Init App 1.7.0-SNAPSHOT] Starting the HiveMQ Platform
2025-01-28 21:24:31,388 INFO c.h.h.t.HelmChartContainer - [test-hivemq-platform] [hivemq] [d25ac1ac] -------------------------------------------------------------------------
2025-01-28 21:24:31,388 INFO c.h.h.t.HelmChartContainer - [test-hivemq-platform] [hivemq] [d25ac1ac] 
2025-01-28 21:24:31,388 INFO c.h.h.t.HelmChartContainer - [test-hivemq-platform] [hivemq] [d25ac1ac]                   _    _  _              __  __   ____
2025-01-28 21:24:31,388 INFO c.h.h.t.HelmChartContainer - [test-hivemq-platform] [hivemq] [d25ac1ac]                  | |  | |(_)            |  \/  | / __ \
2025-01-28 21:24:31,388 INFO c.h.h.t.HelmChartContainer - [test-hivemq-platform] [hivemq] [d25ac1ac]                  | |__| | _ __   __ ___ | \  / || |  | |
2025-01-28 21:24:31,388 INFO c.h.h.t.HelmChartContainer - [test-hivemq-platform] [hivemq] [d25ac1ac]                  |  __  || |\ \ / // _ \| |\/| || |  | |
2025-01-28 21:24:31,388 INFO c.h.h.t.HelmChartContainer - [test-hivemq-platform] [hivemq] [d25ac1ac]                  | |  | || | \ V /|  __/| |  | || |__| |
2025-01-28 21:24:31,388 INFO c.h.h.t.HelmChartContainer - [test-hivemq-platform] [hivemq] [d25ac1ac]                  |_|  |_||_|  \_/  \___||_|  |_| \___\_\
2025-01-28 21:24:31,388 INFO c.h.h.t.HelmChartContainer - [test-hivemq-platform] [hivemq] [d25ac1ac] 
2025-01-28 21:24:31,388 INFO c.h.h.t.HelmChartContainer - [test-hivemq-platform] [hivemq] [d25ac1ac] -------------------------------------------------------------------------
2025-01-28 21:24:31,388 INFO c.h.h.t.HelmChartContainer - [test-hivemq-platform] [hivemq] [d25ac1ac] 
2025-01-28 21:24:31,388 INFO c.h.h.t.HelmChartContainer - [test-hivemq-platform] [hivemq] [d25ac1ac]   HiveMQ Start Script for Linux/Unix v1.14
2025-01-28 21:24:31,388 INFO c.h.h.t.HelmChartContainer - [test-hivemq-platform] [hivemq] [d25ac1ac] 
2025-01-28 21:24:31,416 INFO c.h.h.t.HelmChartContainer - [test-hivemq-platform] [hivemq] [d25ac1ac] -------------------------------------------------------------------------
2025-01-28 21:24:31,416 INFO c.h.h.t.HelmChartContainer - [test-hivemq-platform] [hivemq] [d25ac1ac] 
2025-01-28 21:24:31,416 INFO c.h.h.t.HelmChartContainer - [test-hivemq-platform] [hivemq] [d25ac1ac]   HIVEMQ_HOME: /opt/hivemq
2025-01-28 21:24:31,416 INFO c.h.h.t.HelmChartContainer - [test-hivemq-platform] [hivemq] [d25ac1ac] 
2025-01-28 21:24:31,416 INFO c.h.h.t.HelmChartContainer - [test-hivemq-platform] [hivemq] [d25ac1ac]   JAVA_OPTS: -XX:+UnlockExperimentalVMOptions -XX:InitialRAMPercentage=50 -XX:MaxRAMPercentage=50 -Djava.net.preferIPv4Stack=true --add-opens java.base/java.lang=ALL-UNNAMED --add-opens java.base/java.nio=ALL-UNNAMED --add-opens java.base/sun.nio.ch=ALL-UNNAMED --add-opens jdk.management/com.sun.management.internal=ALL-UNNAMED --add-exports java.base/jdk.internal.misc=ALL-UNNAMED -Djava.security.egd=file:/dev/./urandom -Dcom.sun.management.jmxremote -Dcom.sun.management.jmxremote.port=9010 -Dcom.sun.management.jmxremote.local.only=false -Dcom.sun.management.jmxremote.authenticate=false -Dcom.sun.management.jmxremote.ssl=false -Duser.language=en -Duser.region=US -XX:+CrashOnOutOfMemoryError -XX:+HeapDumpOnOutOfMemoryError
2025-01-28 21:24:31,417 INFO c.h.h.t.HelmChartContainer - [test-hivemq-platform] [hivemq] [d25ac1ac] 
2025-01-28 21:24:31,417 INFO c.h.h.t.HelmChartContainer - [test-hivemq-platform] [hivemq] [d25ac1ac]   JAVA_VERSION: 21
2025-01-28 21:24:31,417 INFO c.h.h.t.HelmChartContainer - [test-hivemq-platform] [hivemq] [d25ac1ac] 
2025-01-28 21:24:31,417 INFO c.h.h.t.HelmChartContainer - [test-hivemq-platform] [hivemq] [d25ac1ac] -------------------------------------------------------------------------
2025-01-28 21:24:31,417 INFO c.h.h.t.HelmChartContainer - [test-hivemq-platform] [hivemq] [d25ac1ac] 
2025-01-28 21:24:33,695 INFO c.h.h.t.HelmChartContainer - [EVENT] Warning [Unhealthy] Readiness probe failed: HTTP probe failed with statuscode: 503 [updateloglevelit:test-hivemq-platform-1]
2025-01-28 21:24:33,695 INFO c.h.h.t.HelmChartContainer - Received Unhealthy event for container hivemq in pod test-hivemq-platform-1 [d25ac1ac-5ecd-4c25-a850-6ff68760e52f]
2025-01-28 21:24:33,898 INFO c.h.h.t.HelmChartContainer - [test-hivemq-platform] [hivemq] [d25ac1ac] INFO  - Starting HiveMQ Enterprise Server
2025-01-28 21:24:33,989 INFO c.h.h.t.HelmChartContainer - [test-hivemq-platform] [hivemq] [d25ac1ac] INFO  - HiveMQ version: 4.36.0
2025-01-28 21:24:33,989 INFO c.h.h.t.HelmChartContainer - [test-hivemq-platform] [hivemq] [d25ac1ac] INFO  - HiveMQ home directory: /opt/hivemq
2025-01-28 21:24:34,949 INFO c.h.h.t.HelmChartContainer - [hivemq-test-hivemq-platform] [hivemq-platform-operator] [a978355e] 21:24:34.945 [pool-6-thread-47] DEBUG c.h.p.o.d.PlatformServiceResource - [updatelo] Desired Platform services (3 services)
2025-01-28 21:24:34,949 INFO c.h.h.t.HelmChartContainer - [hivemq-test-hivemq-platform] [hivemq-platform-operator] [a978355e] 21:24:34.946 [pool-6-thread-45] DEBUG c.h.p.o.dependants.PodInfoConfigMap - [updatelo] Desired PodInfo ConfigMap (1 extensions) (1 enabled)
2025-01-28 21:24:34,949 INFO c.h.h.t.HelmChartContainer - [hivemq-test-hivemq-platform] [hivemq-platform-operator] [a978355e] 21:24:34.946 [pool-6-thread-45] DEBUG c.h.p.o.dependants.PodInfoConfigMap - [updatelo] Desired PodInfo ConfigMap (metrics port: 9399) (metrics path: /)
2025-01-28 21:24:34,949 INFO c.h.h.t.HelmChartContainer - [hivemq-test-hivemq-platform] [hivemq-platform-operator] [a978355e] 21:24:34.946 [pool-6-thread-45] DEBUG c.h.p.o.dependants.PodInfoConfigMap - [updatelo] Desired PodInfo ConfigMap (extension state hash: -1817474005)
2025-01-28 21:24:34,949 INFO c.h.h.t.HelmChartContainer - [hivemq-test-hivemq-platform] [hivemq-platform-operator] [a978355e] 21:24:34.948 [pool-6-thread-45] DEBUG c.h.p.o.d.PodServiceAccountResource - [updatelo] Desired PodServiceAccountResource (serviceAccountName: hivemq-platform-pod-test-hivemq-platform)
2025-01-28 21:24:34,951 INFO c.h.h.t.HelmChartContainer - [hivemq-test-hivemq-platform] [hivemq-platform-operator] [a978355e] 21:24:34.951 [pool-6-thread-45] DEBUG c.h.p.o.d.StatefulSetResource - [updatelo] Desired StatefulSet (2 replicas) for status SET_LOG_LEVEL (WAIT_FOR_LOG_LEVEL_UPDATE)
2025-01-28 21:24:34,954 INFO c.h.h.t.HelmChartContainer - [hivemq-test-hivemq-platform] [hivemq-platform-operator] [a978355e] 21:24:34.953 [ReconcilerExecutor-hivemq-controller-124] INFO  c.h.p.o.HiveMQPlatformReconciler - [updatelo] Reconciling HiveMQ Platform 'test-hivemq-platform' in namespace 'updateloglevelit'
2025-01-28 21:24:34,955 INFO c.h.h.t.HelmChartContainer - [hivemq-test-hivemq-platform] [hivemq-platform-operator] [a978355e] 21:24:34.953 [ReconcilerExecutor-hivemq-controller-124] DEBUG c.h.p.o.HiveMQPlatformReconciler - [updatelo] Custom Resource Status SET_LOG_LEVEL - HiveMQ Platform is updating the log level (WAIT_FOR_LOG_LEVEL_UPDATE) (reconciliation requests: SCALING)
2025-01-28 21:24:34,955 INFO c.h.h.t.HelmChartContainer - [hivemq-test-hivemq-platform] [hivemq-platform-operator] [a978355e] 21:24:34.953 [ReconcilerExecutor-hivemq-controller-124] DEBUG c.h.p.o.HiveMQPlatformReconciler - [updatelo] Custom Resource Spec (replicas: 2) (extensions: 1)
2025-01-28 21:24:34,955 INFO c.h.h.t.HelmChartContainer - [hivemq-test-hivemq-platform] [hivemq-platform-operator] [a978355e] 21:24:34.954 [ReconcilerExecutor-hivemq-controller-124] DEBUG c.h.p.o.HiveMQPlatformReconciler - [updatelo] StatefulSet Status (revision: test-hivemq-platform-b697f795f, replicas: 2, available: 1, ready: 1, current: 2, updated: 2)
2025-01-28 21:24:34,956 INFO c.h.h.t.HelmChartContainer - [hivemq-test-hivemq-platform] [hivemq-platform-operator] [a978355e] 21:24:34.954 [ReconcilerExecutor-hivemq-controller-124] DEBUG c.h.p.o.HiveMQPlatformReconciler - [updatelo] StatefulSet Spec (replicas: 2, init containers: 1, containers: 1, volumes: 3)
2025-01-28 21:24:34,957 INFO c.h.h.t.HelmChartContainer - [hivemq-test-hivemq-platform] [hivemq-platform-operator] [a978355e] 21:24:34.957 [ReconcilerExecutor-hivemq-controller-124] DEBUG c.h.p.o.h.HiveMQPlatformReconcilerErrorHandler - [updatelo] Pod 'test-hivemq-platform-1' phase Running
2025-01-28 21:24:34,958 INFO c.h.h.t.HelmChartContainer - [hivemq-test-hivemq-platform] [hivemq-platform-operator] [a978355e] 21:24:34.958 [ReconcilerExecutor-hivemq-controller-124] DEBUG c.h.p.o.h.HiveMQPlatformReconcilerErrorHandler - [updatelo] Pod 'test-hivemq-platform-0' phase Running
2025-01-28 21:24:34,965 INFO c.h.h.t.HelmChartContainer - [hivemq-test-hivemq-platform] [hivemq-platform-operator] [a978355e] 21:24:34.964 [ReconcilerExecutor-hivemq-controller-124] DEBUG c.h.p.o.h.HiveMQPlatformReconcilerSetLogLevelHandler - [updatelo] Checking log level on Pod 'test-hivemq-platform-1'
2025-01-28 21:24:34,965 INFO c.h.h.t.HelmChartContainer - [hivemq-test-hivemq-platform] [hivemq-platform-operator] [a978355e] 21:24:34.964 [ForkJoinPool.commonPool-worker-1] DEBUG c.h.p.o.h.HiveMQPlatformReconcilerSetLogLevelHandler - [updatelo] Checking log level on Pod 'test-hivemq-platform-0'
2025-01-28 21:24:35,148 INFO c.h.h.t.HelmChartContainer - [hivemq-test-hivemq-platform] [hivemq-platform-operator] [a978355e] 21:24:35.144 [vert.x-eventloop-thread-1] DEBUG c.h.platform.operator.util.PodUtil - Received status for command '[curl, -s, http://10.42.0.14:7979/logLevel]' on Pod 'test-hivemq-platform-0' (exit code: 0)
2025-01-28 21:24:35,493 INFO c.h.h.t.HelmChartContainer - [hivemq-test-hivemq-platform] [hivemq-platform-operator] [a978355e] 21:24:35.492 [vert.x-eventloop-thread-0] DEBUG c.h.platform.operator.util.PodUtil - Received status for command '[curl, -s, http://10.42.0.15:7979/logLevel]' on Pod 'test-hivemq-platform-1' (exit code: 0)
2025-01-28 21:24:36,129 INFO c.h.h.t.HelmChartContainer - [hivemq-test-hivemq-platform] [hivemq-platform-operator] [a978355e] 21:24:36.127 [pool-6-thread-6] DEBUG c.h.p.o.d.PlatformServiceResource - [updatelo] Desired Platform services (3 services)
2025-01-28 21:24:36,129 INFO c.h.h.t.HelmChartContainer - [hivemq-test-hivemq-platform] [hivemq-platform-operator] [a978355e] 21:24:36.127 [pool-6-thread-5] DEBUG c.h.p.o.dependants.PodInfoConfigMap - [updatelo] Desired PodInfo ConfigMap (1 extensions) (1 enabled)
2025-01-28 21:24:36,130 INFO c.h.h.t.HelmChartContainer - [hivemq-test-hivemq-platform] [hivemq-platform-operator] [a978355e] 21:24:36.127 [pool-6-thread-5] DEBUG c.h.p.o.dependants.PodInfoConfigMap - [updatelo] Desired PodInfo ConfigMap (metrics port: 9399) (metrics path: /)
2025-01-28 21:24:36,130 INFO c.h.h.t.HelmChartContainer - [hivemq-test-hivemq-platform] [hivemq-platform-operator] [a978355e] 21:24:36.127 [pool-6-thread-5] DEBUG c.h.p.o.dependants.PodInfoConfigMap - [updatelo] Desired PodInfo ConfigMap (extension state hash: -1817474005)
2025-01-28 21:24:36,130 INFO c.h.h.t.HelmChartContainer - [hivemq-test-hivemq-platform] [hivemq-platform-operator] [a978355e] 21:24:36.128 [pool-6-thread-5] DEBUG c.h.p.o.d.PodServiceAccountResource - [updatelo] Desired PodServiceAccountResource (serviceAccountName: hivemq-platform-pod-test-hivemq-platform)
2025-01-28 21:24:36,134 INFO c.h.h.t.HelmChartContainer - [hivemq-test-hivemq-platform] [hivemq-platform-operator] [a978355e] 21:24:36.133 [pool-6-thread-6] DEBUG c.h.p.o.d.StatefulSetResource - [updatelo] Desired StatefulSet (2 replicas) for status SET_LOG_LEVEL (WAIT_FOR_LOG_LEVEL_UPDATE)
2025-01-28 21:24:36,140 INFO c.h.h.t.HelmChartContainer - [hivemq-test-hivemq-platform] [hivemq-platform-operator] [a978355e] 21:24:36.137 [ReconcilerExecutor-hivemq-controller-125] INFO  c.h.p.o.HiveMQPlatformReconciler - [updatelo] Reconciling HiveMQ Platform 'test-hivemq-platform' in namespace 'updateloglevelit'
2025-01-28 21:24:36,140 INFO c.h.h.t.HelmChartContainer - [hivemq-test-hivemq-platform] [hivemq-platform-operator] [a978355e] 21:24:36.137 [ReconcilerExecutor-hivemq-controller-125] DEBUG c.h.p.o.HiveMQPlatformReconciler - [updatelo] Custom Resource Status SET_LOG_LEVEL - HiveMQ Platform is updating the log level (WAIT_FOR_LOG_LEVEL_UPDATE) (reconciliation requests: SCALING)
2025-01-28 21:24:36,140 INFO c.h.h.t.HelmChartContainer - [hivemq-test-hivemq-platform] [hivemq-platform-operator] [a978355e] 21:24:36.138 [ReconcilerExecutor-hivemq-controller-125] DEBUG c.h.p.o.HiveMQPlatformReconciler - [updatelo] Custom Resource Spec (replicas: 2) (extensions: 1)
2025-01-28 21:24:36,140 INFO c.h.h.t.HelmChartContainer - [hivemq-test-hivemq-platform] [hivemq-platform-operator] [a978355e] 21:24:36.139 [ReconcilerExecutor-hivemq-controller-125] DEBUG c.h.p.o.HiveMQPlatformReconciler - [updatelo] StatefulSet Status (revision: test-hivemq-platform-b697f795f, replicas: 2, available: 1, ready: 1, current: 2, updated: 2)
2025-01-28 21:24:36,140 INFO c.h.h.t.HelmChartContainer - [hivemq-test-hivemq-platform] [hivemq-platform-operator] [a978355e] 21:24:36.139 [ReconcilerExecutor-hivemq-controller-125] DEBUG c.h.p.o.HiveMQPlatformReconciler - [updatelo] StatefulSet Spec (replicas: 2, init containers: 1, containers: 1, volumes: 3)
2025-01-28 21:24:36,141 INFO c.h.h.t.HelmChartContainer - [hivemq-test-hivemq-platform] [hivemq-platform-operator] [a978355e] 21:24:36.140 [ReconcilerExecutor-hivemq-controller-125] DEBUG c.h.p.o.h.HiveMQPlatformReconcilerErrorHandler - [updatelo] Pod 'test-hivemq-platform-1' phase Running
2025-01-28 21:24:36,142 INFO c.h.h.t.HelmChartContainer - [hivemq-test-hivemq-platform] [hivemq-platform-operator] [a978355e] 21:24:36.141 [ReconcilerExecutor-hivemq-controller-125] DEBUG c.h.p.o.h.HiveMQPlatformReconcilerErrorHandler - [updatelo] Pod 'test-hivemq-platform-0' phase Running
2025-01-28 21:24:36,143 INFO c.h.h.t.HelmChartContainer - [hivemq-test-hivemq-platform] [hivemq-platform-operator] [a978355e] 21:24:36.142 [ReconcilerExecutor-hivemq-controller-125] WARN  c.h.p.operator.util.RestApiUtil - [updatelo] Checking log level command on Pod 'test-hivemq-platform-1' returned a failure response: StatusResponse{status=INTERNAL_SERVER_ERROR, details={error=java.net.ConnectException}}
2025-01-28 21:24:38,647 INFO c.h.h.t.HelmChartContainer - [test-hivemq-platform] [hivemq] [d25ac1ac] WARN  - [HiveMQ Platform Operator Init App 1.7.0-SNAPSHOT] Cannot connect to Health API for readiness: null
2025-01-28 21:24:38,651 INFO c.h.h.t.HelmChartContainer - [EVENT] Warning [Unhealthy] Readiness probe failed: HTTP probe failed with statuscode: 503 [updateloglevelit:test-hivemq-platform-1]
2025-01-28 21:24:38,651 INFO c.h.h.t.HelmChartContainer - Received Unhealthy event for container hivemq in pod test-hivemq-platform-1 [d25ac1ac-5ecd-4c25-a850-6ff68760e52f]
2025-01-28 21:24:40,289 INFO c.h.h.t.HelmChartContainer - [test-hivemq-platform] [hivemq] [d25ac1ac] WARN  - [HiveMQ Platform Operator Init App 1.7.0-SNAPSHOT] Cannot connect to Health API for liveness: null
2025-01-28 21:24:40,290 INFO c.h.h.t.HelmChartContainer - [test-hivemq-platform] [hivemq] [d25ac1ac] INFO  - [HiveMQ Platform Operator Init App 1.7.0-SNAPSHOT] Returning default Health API response 200 for liveness
2025-01-28 21:24:43,690 INFO c.h.h.t.HelmChartContainer - [test-hivemq-platform] [hivemq] [d25ac1ac] WARN  - [HiveMQ Platform Operator Init App 1.7.0-SNAPSHOT] Cannot connect to Health API for readiness: null
2025-01-28 21:24:43,694 INFO c.h.h.t.HelmChartContainer - [EVENT] Warning [Unhealthy] Readiness probe failed: HTTP probe failed with statuscode: 503 [updateloglevelit:test-hivemq-platform-1]
2025-01-28 21:24:43,694 INFO c.h.h.t.HelmChartContainer - Received Unhealthy event for container hivemq in pod test-hivemq-platform-1 [d25ac1ac-5ecd-4c25-a850-6ff68760e52f]
2025-01-28 21:24:46,147 INFO c.h.h.t.HelmChartContainer - [hivemq-test-hivemq-platform] [hivemq-platform-operator] [a978355e] 21:24:46.146 [pool-6-thread-13] DEBUG c.h.p.o.d.PlatformServiceResource - [updatelo] Desired Platform services (3 services)
2025-01-28 21:24:46,149 INFO c.h.h.t.HelmChartContainer - [hivemq-test-hivemq-platform] [hivemq-platform-operator] [a978355e] 21:24:46.146 [pool-6-thread-18] DEBUG c.h.p.o.dependants.PodInfoConfigMap - [updatelo] Desired PodInfo ConfigMap (1 extensions) (1 enabled)
2025-01-28 21:24:46,149 INFO c.h.h.t.HelmChartContainer - [hivemq-test-hivemq-platform] [hivemq-platform-operator] [a978355e] 21:24:46.146 [pool-6-thread-18] DEBUG c.h.p.o.dependants.PodInfoConfigMap - [updatelo] Desired PodInfo ConfigMap (metrics port: 9399) (metrics path: /)
2025-01-28 21:24:46,149 INFO c.h.h.t.HelmChartContainer - [hivemq-test-hivemq-platform] [hivemq-platform-operator] [a978355e] 21:24:46.146 [pool-6-thread-18] DEBUG c.h.p.o.dependants.PodInfoConfigMap - [updatelo] Desired PodInfo ConfigMap (extension state hash: -1817474005)
2025-01-28 21:24:46,149 INFO c.h.h.t.HelmChartContainer - [hivemq-test-hivemq-platform] [hivemq-platform-operator] [a978355e] 21:24:46.146 [pool-6-thread-14] DEBUG c.h.p.o.d.PodServiceAccountResource - [updatelo] Desired PodServiceAccountResource (serviceAccountName: hivemq-platform-pod-test-hivemq-platform)
2025-01-28 21:24:46,152 INFO c.h.h.t.HelmChartContainer - [hivemq-test-hivemq-platform] [hivemq-platform-operator] [a978355e] 21:24:46.151 [pool-6-thread-13] DEBUG c.h.p.o.d.StatefulSetResource - [updatelo] Desired StatefulSet (2 replicas) for status SET_LOG_LEVEL (WAIT_FOR_LOG_LEVEL_UPDATE)
2025-01-28 21:24:46,154 INFO c.h.h.t.HelmChartContainer - [hivemq-test-hivemq-platform] [hivemq-platform-operator] [a978355e] 21:24:46.154 [ReconcilerExecutor-hivemq-controller-126] INFO  c.h.p.o.HiveMQPlatformReconciler - [updatelo] Reconciling HiveMQ Platform 'test-hivemq-platform' in namespace 'updateloglevelit'
2025-01-28 21:24:46,155 INFO c.h.h.t.HelmChartContainer - [hivemq-test-hivemq-platform] [hivemq-platform-operator] [a978355e] 21:24:46.154 [ReconcilerExecutor-hivemq-controller-126] DEBUG c.h.p.o.HiveMQPlatformReconciler - [updatelo] Custom Resource Status SET_LOG_LEVEL - HiveMQ Platform is updating the log level (WAIT_FOR_LOG_LEVEL_UPDATE) (reconciliation requests: SCALING)
2025-01-28 21:24:46,155 INFO c.h.h.t.HelmChartContainer - [hivemq-test-hivemq-platform] [hivemq-platform-operator] [a978355e] 21:24:46.154 [ReconcilerExecutor-hivemq-controller-126] DEBUG c.h.p.o.HiveMQPlatformReconciler - [updatelo] Custom Resource Spec (replicas: 2) (extensions: 1)
2025-01-28 21:24:46,157 INFO c.h.h.t.HelmChartContainer - [hivemq-test-hivemq-platform] [hivemq-platform-operator] [a978355e] 21:24:46.156 [ReconcilerExecutor-hivemq-controller-126] DEBUG c.h.p.o.HiveMQPlatformReconciler - [updatelo] StatefulSet Status (revision: test-hivemq-platform-b697f795f, replicas: 2, available: 1, ready: 1, current: 2, updated: 2)
2025-01-28 21:24:46,158 INFO c.h.h.t.HelmChartContainer - [hivemq-test-hivemq-platform] [hivemq-platform-operator] [a978355e] 21:24:46.156 [ReconcilerExecutor-hivemq-controller-126] DEBUG c.h.p.o.HiveMQPlatformReconciler - [updatelo] StatefulSet Spec (replicas: 2, init containers: 1, containers: 1, volumes: 3)
2025-01-28 21:24:46,159 INFO c.h.h.t.HelmChartContainer - [hivemq-test-hivemq-platform] [hivemq-platform-operator] [a978355e] 21:24:46.158 [ReconcilerExecutor-hivemq-controller-126] DEBUG c.h.p.o.h.HiveMQPlatformReconcilerErrorHandler - [updatelo] Pod 'test-hivemq-platform-1' phase Running
2025-01-28 21:24:46,161 INFO c.h.h.t.HelmChartContainer - [hivemq-test-hivemq-platform] [hivemq-platform-operator] [a978355e] 21:24:46.160 [ReconcilerExecutor-hivemq-controller-126] DEBUG c.h.p.o.h.HiveMQPlatformReconcilerErrorHandler - [updatelo] Pod 'test-hivemq-platform-0' phase Running
2025-01-28 21:24:46,227 INFO c.h.h.t.HelmChartContainer - [hivemq-test-hivemq-platform] [hivemq-platform-operator] [a978355e] 21:24:46.225 [ForkJoinPool.commonPool-worker-1] DEBUG c.h.p.o.h.HiveMQPlatformReconcilerSetLogLevelHandler - [updatelo] Checking log level on Pod 'test-hivemq-platform-0'
2025-01-28 21:24:46,227 INFO c.h.h.t.HelmChartContainer - [hivemq-test-hivemq-platform] [hivemq-platform-operator] [a978355e] 21:24:46.225 [ReconcilerExecutor-hivemq-controller-126] DEBUG c.h.p.o.h.HiveMQPlatformReconcilerSetLogLevelHandler - [updatelo] Checking log level on Pod 'test-hivemq-platform-1'
2025-01-28 21:24:46,373 INFO c.h.h.t.HelmChartContainer - [hivemq-test-hivemq-platform] [hivemq-platform-operator] [a978355e] 21:24:46.372 [vert.x-eventloop-thread-1] DEBUG c.h.platform.operator.util.PodUtil - Received status for command '[curl, -s, http://10.42.0.14:7979/logLevel]' on Pod 'test-hivemq-platform-0' (exit code: 0)
2025-01-28 21:24:46,495 INFO c.h.h.t.HelmChartContainer - [hivemq-test-hivemq-platform] [hivemq-platform-operator] [a978355e] 21:24:46.491 [vert.x-eventloop-thread-1] DEBUG c.h.platform.operator.util.PodUtil - Received status for command '[curl, -s, http://10.42.0.15:7979/logLevel]' on Pod 'test-hivemq-platform-1' (exit code: 0)
2025-01-28 21:24:47,344 INFO c.h.h.t.HelmChartContainer - [hivemq-test-hivemq-platform] [hivemq-platform-operator] [a978355e] 21:24:47.340 [pool-6-thread-29] DEBUG c.h.p.o.dependants.PodInfoConfigMap - [updatelo] Desired PodInfo ConfigMap (1 extensions) (1 enabled)
2025-01-28 21:24:47,344 INFO c.h.h.t.HelmChartContainer - [hivemq-test-hivemq-platform] [hivemq-platform-operator] [a978355e] 21:24:47.340 [pool-6-thread-29] DEBUG c.h.p.o.dependants.PodInfoConfigMap - [updatelo] Desired PodInfo ConfigMap (metrics port: 9399) (metrics path: /)
2025-01-28 21:24:47,344 INFO c.h.h.t.HelmChartContainer - [hivemq-test-hivemq-platform] [hivemq-platform-operator] [a978355e] 21:24:47.340 [pool-6-thread-29] DEBUG c.h.p.o.dependants.PodInfoConfigMap - [updatelo] Desired PodInfo ConfigMap (extension state hash: -1817474005)
2025-01-28 21:24:47,344 INFO c.h.h.t.HelmChartContainer - [hivemq-test-hivemq-platform] [hivemq-platform-operator] [a978355e] 21:24:47.340 [pool-6-thread-27] DEBUG c.h.p.o.d.PlatformServiceResource - [updatelo] Desired Platform services (3 services)
2025-01-28 21:24:47,344 INFO c.h.h.t.HelmChartContainer - [hivemq-test-hivemq-platform] [hivemq-platform-operator] [a978355e] 21:24:47.341 [pool-6-thread-30] DEBUG c.h.p.o.d.PodServiceAccountResource - [updatelo] Desired PodServiceAccountResource (serviceAccountName: hivemq-platform-pod-test-hivemq-platform)
2025-01-28 21:24:47,345 INFO c.h.h.t.HelmChartContainer - [hivemq-test-hivemq-platform] [hivemq-platform-operator] [a978355e] 21:24:47.344 [pool-6-thread-27] DEBUG c.h.p.o.d.StatefulSetResource - [updatelo] Desired StatefulSet (2 replicas) for status SET_LOG_LEVEL (WAIT_FOR_LOG_LEVEL_UPDATE)
2025-01-28 21:24:47,347 INFO c.h.h.t.HelmChartContainer - [hivemq-test-hivemq-platform] [hivemq-platform-operator] [a978355e] 21:24:47.347 [ReconcilerExecutor-hivemq-controller-127] INFO  c.h.p.o.HiveMQPlatformReconciler - [updatelo] Reconciling HiveMQ Platform 'test-hivemq-platform' in namespace 'updateloglevelit'
2025-01-28 21:24:47,348 INFO c.h.h.t.HelmChartContainer - [hivemq-test-hivemq-platform] [hivemq-platform-operator] [a978355e] 21:24:47.347 [ReconcilerExecutor-hivemq-controller-127] DEBUG c.h.p.o.HiveMQPlatformReconciler - [updatelo] Custom Resource Status SET_LOG_LEVEL - HiveMQ Platform is updating the log level (WAIT_FOR_LOG_LEVEL_UPDATE) (reconciliation requests: SCALING)
2025-01-28 21:24:47,348 INFO c.h.h.t.HelmChartContainer - [hivemq-test-hivemq-platform] [hivemq-platform-operator] [a978355e] 21:24:47.347 [ReconcilerExecutor-hivemq-controller-127] DEBUG c.h.p.o.HiveMQPlatformReconciler - [updatelo] Custom Resource Spec (replicas: 2) (extensions: 1)
2025-01-28 21:24:47,349 INFO c.h.h.t.HelmChartContainer - [hivemq-test-hivemq-platform] [hivemq-platform-operator] [a978355e] 21:24:47.348 [ReconcilerExecutor-hivemq-controller-127] DEBUG c.h.p.o.HiveMQPlatformReconciler - [updatelo] StatefulSet Status (revision: test-hivemq-platform-b697f795f, replicas: 2, available: 1, ready: 1, current: 2, updated: 2)
2025-01-28 21:24:47,349 INFO c.h.h.t.HelmChartContainer - [hivemq-test-hivemq-platform] [hivemq-platform-operator] [a978355e] 21:24:47.348 [ReconcilerExecutor-hivemq-controller-127] DEBUG c.h.p.o.HiveMQPlatformReconciler - [updatelo] StatefulSet Spec (replicas: 2, init containers: 1, containers: 1, volumes: 3)
2025-01-28 21:24:47,350 INFO c.h.h.t.HelmChartContainer - [hivemq-test-hivemq-platform] [hivemq-platform-operator] [a978355e] 21:24:47.350 [ReconcilerExecutor-hivemq-controller-127] DEBUG c.h.p.o.h.HiveMQPlatformReconcilerErrorHandler - [updatelo] Pod 'test-hivemq-platform-1' phase Running
2025-01-28 21:24:47,351 INFO c.h.h.t.HelmChartContainer - [hivemq-test-hivemq-platform] [hivemq-platform-operator] [a978355e] 21:24:47.351 [ReconcilerExecutor-hivemq-controller-127] DEBUG c.h.p.o.h.HiveMQPlatformReconcilerErrorHandler - [updatelo] Pod 'test-hivemq-platform-0' phase Running
2025-01-28 21:24:47,352 INFO c.h.h.t.HelmChartContainer - [hivemq-test-hivemq-platform] [hivemq-platform-operator] [a978355e] 21:24:47.351 [ReconcilerExecutor-hivemq-controller-127] WARN  c.h.p.operator.util.RestApiUtil - [updatelo] Checking log level command on Pod 'test-hivemq-platform-1' returned a failure response: StatusResponse{status=INTERNAL_SERVER_ERROR, details={error=java.net.ConnectException}}
2025-01-28 21:24:48,688 INFO c.h.h.t.HelmChartContainer - [test-hivemq-platform] [hivemq] [d25ac1ac] WARN  - [HiveMQ Platform Operator Init App 1.7.0-SNAPSHOT] Cannot connect to Health API for readiness: null
2025-01-28 21:24:48,696 INFO c.h.h.t.HelmChartContainer - [EVENT] Warning [Unhealthy] Readiness probe failed: HTTP probe failed with statuscode: 503 [updateloglevelit:test-hivemq-platform-1]
2025-01-28 21:24:48,696 INFO c.h.h.t.HelmChartContainer - Received Unhealthy event for container hivemq in pod test-hivemq-platform-1 [d25ac1ac-5ecd-4c25-a850-6ff68760e52f]
2025-01-28 21:24:53,688 INFO c.h.h.t.HelmChartContainer - [test-hivemq-platform] [hivemq] [d25ac1ac] WARN  - [HiveMQ Platform Operator Init App 1.7.0-SNAPSHOT] Cannot connect to Health API for readiness: null
2025-01-28 21:24:53,692 INFO c.h.h.t.HelmChartContainer - [EVENT] Warning [Unhealthy] Readiness probe failed: HTTP probe failed with statuscode: 503 [updateloglevelit:test-hivemq-platform-1]
2025-01-28 21:24:53,692 INFO c.h.h.t.HelmChartContainer - Received Unhealthy event for container hivemq in pod test-hivemq-platform-1 [d25ac1ac-5ecd-4c25-a850-6ff68760e52f]
2025-01-28 21:24:57,357 INFO c.h.h.t.HelmChartContainer - [hivemq-test-hivemq-platform] [hivemq-platform-operator] [a978355e] 21:24:57.354 [pool-6-thread-32] DEBUG c.h.p.o.d.PlatformServiceResource - [updatelo] Desired Platform services (3 services)
2025-01-28 21:24:57,357 INFO c.h.h.t.HelmChartContainer - [hivemq-test-hivemq-platform] [hivemq-platform-operator] [a978355e] 21:24:57.354 [pool-6-thread-31] DEBUG c.h.p.o.dependants.PodInfoConfigMap - [updatelo] Desired PodInfo ConfigMap (1 extensions) (1 enabled)
2025-01-28 21:24:57,358 INFO c.h.h.t.HelmChartContainer - [hivemq-test-hivemq-platform] [hivemq-platform-operator] [a978355e] 21:24:57.355 [pool-6-thread-31] DEBUG c.h.p.o.dependants.PodInfoConfigMap - [updatelo] Desired PodInfo ConfigMap (metrics port: 9399) (metrics path: /)
2025-01-28 21:24:57,358 INFO c.h.h.t.HelmChartContainer - [hivemq-test-hivemq-platform] [hivemq-platform-operator] [a978355e] 21:24:57.355 [pool-6-thread-31] DEBUG c.h.p.o.dependants.PodInfoConfigMap - [updatelo] Desired PodInfo ConfigMap (extension state hash: -1817474005)
2025-01-28 21:24:57,358 INFO c.h.h.t.HelmChartContainer - [hivemq-test-hivemq-platform] [hivemq-platform-operator] [a978355e] 21:24:57.355 [pool-6-thread-31] DEBUG c.h.p.o.d.PodServiceAccountResource - [updatelo] Desired PodServiceAccountResource (serviceAccountName: hivemq-platform-pod-test-hivemq-platform)
2025-01-28 21:24:57,360 INFO c.h.h.t.HelmChartContainer - [hivemq-test-hivemq-platform] [hivemq-platform-operator] [a978355e] 21:24:57.359 [pool-6-thread-32] DEBUG c.h.p.o.d.StatefulSetResource - [updatelo] Desired StatefulSet (2 replicas) for status SET_LOG_LEVEL (WAIT_FOR_LOG_LEVEL_UPDATE)
2025-01-28 21:24:57,365 INFO c.h.h.t.HelmChartContainer - [hivemq-test-hivemq-platform] [hivemq-platform-operator] [a978355e] 21:24:57.362 [ReconcilerExecutor-hivemq-controller-128] INFO  c.h.p.o.HiveMQPlatformReconciler - [updatelo] Reconciling HiveMQ Platform 'test-hivemq-platform' in namespace 'updateloglevelit'
2025-01-28 21:24:57,365 INFO c.h.h.t.HelmChartContainer - [hivemq-test-hivemq-platform] [hivemq-platform-operator] [a978355e] 21:24:57.362 [ReconcilerExecutor-hivemq-controller-128] DEBUG c.h.p.o.HiveMQPlatformReconciler - [updatelo] Custom Resource Status SET_LOG_LEVEL - HiveMQ Platform is updating the log level (WAIT_FOR_LOG_LEVEL_UPDATE) (reconciliation requests: SCALING)
2025-01-28 21:24:57,365 INFO c.h.h.t.HelmChartContainer - [hivemq-test-hivemq-platform] [hivemq-platform-operator] [a978355e] 21:24:57.362 [ReconcilerExecutor-hivemq-controller-128] DEBUG c.h.p.o.HiveMQPlatformReconciler - [updatelo] Custom Resource Spec (replicas: 2) (extensions: 1)
2025-01-28 21:24:57,365 INFO c.h.h.t.HelmChartContainer - [hivemq-test-hivemq-platform] [hivemq-platform-operator] [a978355e] 21:24:57.363 [ReconcilerExecutor-hivemq-controller-128] DEBUG c.h.p.o.HiveMQPlatformReconciler - [updatelo] StatefulSet Status (revision: test-hivemq-platform-b697f795f, replicas: 2, available: 1, ready: 1, current: 2, updated: 2)
2025-01-28 21:24:57,365 INFO c.h.h.t.HelmChartContainer - [hivemq-test-hivemq-platform] [hivemq-platform-operator] [a978355e] 21:24:57.363 [ReconcilerExecutor-hivemq-controller-128] DEBUG c.h.p.o.HiveMQPlatformReconciler - [updatelo] StatefulSet Spec (replicas: 2, init containers: 1, containers: 1, volumes: 3)
2025-01-28 21:24:57,366 INFO c.h.h.t.HelmChartContainer - [hivemq-test-hivemq-platform] [hivemq-platform-operator] [a978355e] 21:24:57.364 [ReconcilerExecutor-hivemq-controller-128] DEBUG c.h.p.o.h.HiveMQPlatformReconcilerErrorHandler - [updatelo] Pod 'test-hivemq-platform-1' phase Running
2025-01-28 21:24:57,367 INFO c.h.h.t.HelmChartContainer - [hivemq-test-hivemq-platform] [hivemq-platform-operator] [a978355e] 21:24:57.366 [ReconcilerExecutor-hivemq-controller-128] DEBUG c.h.p.o.h.HiveMQPlatformReconcilerErrorHandler - [updatelo] Pod 'test-hivemq-platform-0' phase Running
2025-01-28 21:24:57,374 INFO c.h.h.t.HelmChartContainer - [hivemq-test-hivemq-platform] [hivemq-platform-operator] [a978355e] 21:24:57.372 [ReconcilerExecutor-hivemq-controller-128] DEBUG c.h.p.o.h.HiveMQPlatformReconcilerSetLogLevelHandler - [updatelo] Checking log level on Pod 'test-hivemq-platform-1'
2025-01-28 21:24:57,374 INFO c.h.h.t.HelmChartContainer - [hivemq-test-hivemq-platform] [hivemq-platform-operator] [a978355e] 21:24:57.373 [ForkJoinPool.commonPool-worker-1] DEBUG c.h.p.o.h.HiveMQPlatformReconcilerSetLogLevelHandler - [updatelo] Checking log level on Pod 'test-hivemq-platform-0'
2025-01-28 21:24:57,527 INFO c.h.h.t.HelmChartContainer - [hivemq-test-hivemq-platform] [hivemq-platform-operator] [a978355e] 21:24:57.526 [vert.x-eventloop-thread-1] DEBUG c.h.platform.operator.util.PodUtil - Received status for command '[curl, -s, http://10.42.0.14:7979/logLevel]' on Pod 'test-hivemq-platform-0' (exit code: 0)
2025-01-28 21:24:58,455 INFO c.h.h.t.HelmChartContainer - [hivemq-test-hivemq-platform] [hivemq-platform-operator] [a978355e] 21:24:58.453 [pool-6-thread-48] DEBUG c.h.p.o.dependants.PodInfoConfigMap - [updatelo] Desired PodInfo ConfigMap (1 extensions) (1 enabled)
2025-01-28 21:24:58,455 INFO c.h.h.t.HelmChartContainer - [hivemq-test-hivemq-platform] [hivemq-platform-operator] [a978355e] 21:24:58.453 [pool-6-thread-48] DEBUG c.h.p.o.dependants.PodInfoConfigMap - [updatelo] Desired PodInfo ConfigMap (metrics port: 9399) (metrics path: /)
2025-01-28 21:24:58,455 INFO c.h.h.t.HelmChartContainer - [hivemq-test-hivemq-platform] [hivemq-platform-operator] [a978355e] 21:24:58.453 [pool-6-thread-48] DEBUG c.h.p.o.dependants.PodInfoConfigMap - [updatelo] Desired PodInfo ConfigMap (extension state hash: -1817474005)
2025-01-28 21:24:58,455 INFO c.h.h.t.HelmChartContainer - [hivemq-test-hivemq-platform] [hivemq-platform-operator] [a978355e] 21:24:58.453 [pool-6-thread-49] DEBUG c.h.p.o.d.PodServiceAccountResource - [updatelo] Desired PodServiceAccountResource (serviceAccountName: hivemq-platform-pod-test-hivemq-platform)
2025-01-28 21:24:58,455 INFO c.h.h.t.HelmChartContainer - [hivemq-test-hivemq-platform] [hivemq-platform-operator] [a978355e] 21:24:58.453 [pool-6-thread-46] DEBUG c.h.p.o.d.PlatformServiceResource - [updatelo] Desired Platform services (3 services)
2025-01-28 21:24:58,458 INFO c.h.h.t.HelmChartContainer - [hivemq-test-hivemq-platform] [hivemq-platform-operator] [a978355e] 21:24:58.458 [pool-6-thread-46] DEBUG c.h.p.o.d.StatefulSetResource - [updatelo] Desired StatefulSet (2 replicas) for status SET_LOG_LEVEL (WAIT_FOR_LOG_LEVEL_UPDATE)
2025-01-28 21:24:58,462 INFO c.h.h.t.HelmChartContainer - [hivemq-test-hivemq-platform] [hivemq-platform-operator] [a978355e] 21:24:58.461 [ReconcilerExecutor-hivemq-controller-129] INFO  c.h.p.o.HiveMQPlatformReconciler - [updatelo] Reconciling HiveMQ Platform 'test-hivemq-platform' in namespace 'updateloglevelit'
2025-01-28 21:24:58,462 INFO c.h.h.t.HelmChartContainer - [hivemq-test-hivemq-platform] [hivemq-platform-operator] [a978355e] 21:24:58.461 [ReconcilerExecutor-hivemq-controller-129] DEBUG c.h.p.o.HiveMQPlatformReconciler - [updatelo] Custom Resource Status SET_LOG_LEVEL - HiveMQ Platform is updating the log level (WAIT_FOR_LOG_LEVEL_UPDATE) (reconciliation requests: SCALING)
2025-01-28 21:24:58,462 INFO c.h.h.t.HelmChartContainer - [hivemq-test-hivemq-platform] [hivemq-platform-operator] [a978355e] 21:24:58.461 [ReconcilerExecutor-hivemq-controller-129] DEBUG c.h.p.o.HiveMQPlatformReconciler - [updatelo] Custom Resource Spec (replicas: 2) (extensions: 1)
2025-01-28 21:24:58,463 INFO c.h.h.t.HelmChartContainer - [hivemq-test-hivemq-platform] [hivemq-platform-operator] [a978355e] 21:24:58.462 [ReconcilerExecutor-hivemq-controller-129] DEBUG c.h.p.o.HiveMQPlatformReconciler - [updatelo] StatefulSet Status (revision: test-hivemq-platform-b697f795f, replicas: 2, available: 1, ready: 1, current: 2, updated: 2)
2025-01-28 21:24:58,463 INFO c.h.h.t.HelmChartContainer - [hivemq-test-hivemq-platform] [hivemq-platform-operator] [a978355e] 21:24:58.462 [ReconcilerExecutor-hivemq-controller-129] DEBUG c.h.p.o.HiveMQPlatformReconciler - [updatelo] StatefulSet Spec (replicas: 2, init containers: 1, containers: 1, volumes: 3)
2025-01-28 21:24:58,464 INFO c.h.h.t.HelmChartContainer - [hivemq-test-hivemq-platform] [hivemq-platform-operator] [a978355e] 21:24:58.463 [ReconcilerExecutor-hivemq-controller-129] DEBUG c.h.p.o.h.HiveMQPlatformReconcilerErrorHandler - [updatelo] Pod 'test-hivemq-platform-1' phase Running
2025-01-28 21:24:58,466 INFO c.h.h.t.HelmChartContainer - [hivemq-test-hivemq-platform] [hivemq-platform-operator] [a978355e] 21:24:58.465 [ReconcilerExecutor-hivemq-controller-129] DEBUG c.h.p.o.h.HiveMQPlatformReconcilerErrorHandler - [updatelo] Pod 'test-hivemq-platform-0' phase Running
2025-01-28 21:24:58,466 INFO c.h.h.t.HelmChartContainer - [hivemq-test-hivemq-platform] [hivemq-platform-operator] [a978355e] 21:24:58.465 [ReconcilerExecutor-hivemq-controller-129] INFO  c.h.p.operator.http.RestApiService - [updatelo] Checking log level command on Pod 'test-hivemq-platform-1' is not ready yet
2025-01-28 21:24:58,889 INFO c.h.h.t.HelmChartContainer - [test-hivemq-platform] [hivemq] [d25ac1ac] WARN  - 
2025-01-28 21:24:58,889 INFO c.h.h.t.HelmChartContainer - [test-hivemq-platform] [hivemq] [d25ac1ac] ################################################################################################################
2025-01-28 21:24:58,889 INFO c.h.h.t.HelmChartContainer - [test-hivemq-platform] [hivemq] [d25ac1ac] # This HiveMQ deployment is not secure! You are lacking Authentication and Authorization.                      #
2025-01-28 21:24:58,889 INFO c.h.h.t.HelmChartContainer - [test-hivemq-platform] [hivemq] [d25ac1ac] # Right now any MQTT client can connect to the broker with a full set of permissions.                          #
2025-01-28 21:24:58,889 INFO c.h.h.t.HelmChartContainer - [test-hivemq-platform] [hivemq] [d25ac1ac] # For production usage, add an appropriate security extension and remove the hivemq-allow-all extension.       #
2025-01-28 21:24:58,889 INFO c.h.h.t.HelmChartContainer - [test-hivemq-platform] [hivemq] [d25ac1ac] # You can download security extensions from the HiveMQ Marketplace (https://www.hivemq.com/extensions/).       #
2025-01-28 21:24:58,889 INFO c.h.h.t.HelmChartContainer - [test-hivemq-platform] [hivemq] [d25ac1ac] ################################################################################################################
2025-01-28 21:24:59,096 INFO c.h.h.t.HelmChartContainer - [test-hivemq-platform] [hivemq] [d25ac1ac] INFO  - [HiveMQ Platform Operator Init App 1.7.0-SNAPSHOT] Returning Health API response 503 for readiness
2025-01-28 21:24:59,103 INFO c.h.h.t.HelmChartContainer - [hivemq-test-hivemq-platform] [hivemq-platform-operator] [a978355e] 21:24:59.100 [vert.x-eventloop-thread-0] DEBUG c.h.platform.operator.util.PodUtil - Received status for command '[curl, -s, http://10.42.0.15:7979/logLevel]' on Pod 'test-hivemq-platform-1' (exit code: 0)
2025-01-28 21:24:59,104 INFO c.h.h.t.HelmChartContainer - [EVENT] Warning [Unhealthy] Readiness probe failed: HTTP probe failed with statuscode: 503 [updateloglevelit:test-hivemq-platform-1]
2025-01-28 21:24:59,104 INFO c.h.h.t.HelmChartContainer - Received Unhealthy event for container hivemq in pod test-hivemq-platform-1 [d25ac1ac-5ecd-4c25-a850-6ff68760e52f]
2025-01-28 21:24:59,471 INFO c.h.h.t.HelmChartContainer - [hivemq-test-hivemq-platform] [hivemq-platform-operator] [a978355e] 21:24:59.468 [pool-6-thread-7] DEBUG c.h.p.o.d.PlatformServiceResource - [updatelo] Desired Platform services (3 services)
2025-01-28 21:24:59,472 INFO c.h.h.t.HelmChartContainer - [hivemq-test-hivemq-platform] [hivemq-platform-operator] [a978355e] 21:24:59.470 [pool-6-thread-9] DEBUG c.h.p.o.d.PodServiceAccountResource - [updatelo] Desired PodServiceAccountResource (serviceAccountName: hivemq-platform-pod-test-hivemq-platform)
2025-01-28 21:24:59,472 INFO c.h.h.t.HelmChartContainer - [hivemq-test-hivemq-platform] [hivemq-platform-operator] [a978355e] 21:24:59.470 [pool-6-thread-5] DEBUG c.h.p.o.dependants.PodInfoConfigMap - [updatelo] Desired PodInfo ConfigMap (1 extensions) (1 enabled)
2025-01-28 21:24:59,472 INFO c.h.h.t.HelmChartContainer - [hivemq-test-hivemq-platform] [hivemq-platform-operator] [a978355e] 21:24:59.470 [pool-6-thread-5] DEBUG c.h.p.o.dependants.PodInfoConfigMap - [updatelo] Desired PodInfo ConfigMap (metrics port: 9399) (metrics path: /)
2025-01-28 21:24:59,472 INFO c.h.h.t.HelmChartContainer - [hivemq-test-hivemq-platform] [hivemq-platform-operator] [a978355e] 21:24:59.470 [pool-6-thread-5] DEBUG c.h.p.o.dependants.PodInfoConfigMap - [updatelo] Desired PodInfo ConfigMap (extension state hash: -1817474005)
2025-01-28 21:24:59,475 INFO c.h.h.t.HelmChartContainer - [hivemq-test-hivemq-platform] [hivemq-platform-operator] [a978355e] 21:24:59.474 [pool-6-thread-7] DEBUG c.h.p.o.d.StatefulSetResource - [updatelo] Desired StatefulSet (2 replicas) for status SET_LOG_LEVEL (WAIT_FOR_LOG_LEVEL_UPDATE)
2025-01-28 21:24:59,478 INFO c.h.h.t.HelmChartContainer - [hivemq-test-hivemq-platform] [hivemq-platform-operator] [a978355e] 21:24:59.477 [ReconcilerExecutor-hivemq-controller-130] INFO  c.h.p.o.HiveMQPlatformReconciler - [updatelo] Reconciling HiveMQ Platform 'test-hivemq-platform' in namespace 'updateloglevelit'
2025-01-28 21:24:59,478 INFO c.h.h.t.HelmChartContainer - [hivemq-test-hivemq-platform] [hivemq-platform-operator] [a978355e] 21:24:59.477 [ReconcilerExecutor-hivemq-controller-130] DEBUG c.h.p.o.HiveMQPlatformReconciler - [updatelo] Custom Resource Status SET_LOG_LEVEL - HiveMQ Platform is updating the log level (WAIT_FOR_LOG_LEVEL_UPDATE) (reconciliation requests: SCALING)
2025-01-28 21:24:59,478 INFO c.h.h.t.HelmChartContainer - [hivemq-test-hivemq-platform] [hivemq-platform-operator] [a978355e] 21:24:59.477 [ReconcilerExecutor-hivemq-controller-130] DEBUG c.h.p.o.HiveMQPlatformReconciler - [updatelo] Custom Resource Spec (replicas: 2) (extensions: 1)
2025-01-28 21:24:59,479 INFO c.h.h.t.HelmChartContainer - [hivemq-test-hivemq-platform] [hivemq-platform-operator] [a978355e] 21:24:59.478 [ReconcilerExecutor-hivemq-controller-130] DEBUG c.h.p.o.HiveMQPlatformReconciler - [updatelo] StatefulSet Status (revision: test-hivemq-platform-b697f795f, replicas: 2, available: 1, ready: 1, current: 2, updated: 2)
2025-01-28 21:24:59,480 INFO c.h.h.t.HelmChartContainer - [hivemq-test-hivemq-platform] [hivemq-platform-operator] [a978355e] 21:24:59.478 [ReconcilerExecutor-hivemq-controller-130] DEBUG c.h.p.o.HiveMQPlatformReconciler - [updatelo] StatefulSet Spec (replicas: 2, init containers: 1, containers: 1, volumes: 3)
2025-01-28 21:24:59,480 INFO c.h.h.t.HelmChartContainer - [hivemq-test-hivemq-platform] [hivemq-platform-operator] [a978355e] 21:24:59.479 [ReconcilerExecutor-hivemq-controller-130] DEBUG c.h.p.o.h.HiveMQPlatformReconcilerErrorHandler - [updatelo] Pod 'test-hivemq-platform-1' phase Running
2025-01-28 21:24:59,481 INFO c.h.h.t.HelmChartContainer - [hivemq-test-hivemq-platform] [hivemq-platform-operator] [a978355e] 21:24:59.480 [ReconcilerExecutor-hivemq-controller-130] DEBUG c.h.p.o.h.HiveMQPlatformReconcilerErrorHandler - [updatelo] Pod 'test-hivemq-platform-0' phase Running
2025-01-28 21:24:59,482 INFO c.h.h.t.HelmChartContainer - [hivemq-test-hivemq-platform] [hivemq-platform-operator] [a978355e] 21:24:59.481 [ReconcilerExecutor-hivemq-controller-130] INFO  c.h.p.o.h.HiveMQPlatformReconcilerSetLogLevelHandler - [updatelo] Successfully updated log level on all Pods
2025-01-28 21:24:59,493 INFO c.h.h.t.HelmChartContainer - [EVENT] Normal [Ready] HiveMQ Platform is ready [updateloglevelit:test-hivemq-platform]
2025-01-28 21:24:59,495 INFO c.h.h.t.HelmChartContainer - [hivemq-test-hivemq-platform] [hivemq-platform-operator] [a978355e] 21:24:59.494 [ReconcilerExecutor-hivemq-controller-130] DEBUG c.h.p.operator.event.EventSender - [updatelo] Updating K8s event hivemq-platform-ready: [Ready] HiveMQ Platform is ready
2025-01-28 21:24:59,524 INFO c.h.h.t.HelmChartContainer - [hivemq-test-hivemq-platform] [hivemq-platform-operator] [a978355e] 21:24:59.523 [ReconcilerExecutor-hivemq-controller-130] INFO  c.h.p.o.h.AbstractHiveMQReconcilerStateHandler - [updatelo] Update HiveMQ Platform Status (SET_LOG_LEVEL [WAIT_FOR_LOG_LEVEL_UPDATE] -> RUNNING [READY]): HiveMQ Platform is ready (reconciliation requests: SCALING)
2025-01-28 21:24:59,531 DEBUG com.hivemq.helmcharts.util.K8sUtil - Comparing actual state 'RUNNING' and waiting for 'RUNNING'
2025-01-28 21:25:01,532 INFO c.h.h.platform.UpdateLogLevelIT - Assert updated logback.xml in pods
2025-01-28 21:25:01,702 INFO c.h.h.t.HelmChartContainer - Uninstalling release 'test-hivemq-platform' in namespace 'updateloglevelit'...
2025-01-28 21:25:01,702 DEBUG c.h.h.t.HelmChartContainer - Executing helm command: /bin/helm --kubeconfig /etc/rancher/k3s/k3s.yaml uninstall test-hivemq-platform  --wait --timeout 5m0s --cascade foreground --namespace updateloglevelit
2025-01-28 21:25:01,919 INFO c.h.h.t.HelmChartContainer - [hivemq-test-hivemq-platform] [hivemq-platform-operator] [a978355e] 21:25:01.913 [pool-6-thread-19] DEBUG c.h.p.o.d.PlatformServiceResource - [updatelo] Desired Platform services (3 services)
2025-01-28 21:25:01,919 INFO c.h.h.t.HelmChartContainer - [hivemq-test-hivemq-platform] [hivemq-platform-operator] [a978355e] 21:25:01.914 [pool-6-thread-20] DEBUG c.h.p.o.dependants.PodInfoConfigMap - [updatelo] Desired PodInfo ConfigMap (1 extensions) (1 enabled)
2025-01-28 21:25:01,919 INFO c.h.h.t.HelmChartContainer - [hivemq-test-hivemq-platform] [hivemq-platform-operator] [a978355e] 21:25:01.914 [pool-6-thread-20] DEBUG c.h.p.o.dependants.PodInfoConfigMap - [updatelo] Desired PodInfo ConfigMap (metrics port: 9399) (metrics path: /)
2025-01-28 21:25:01,919 INFO c.h.h.t.HelmChartContainer - [hivemq-test-hivemq-platform] [hivemq-platform-operator] [a978355e] 21:25:01.914 [pool-6-thread-20] DEBUG c.h.p.o.dependants.PodInfoConfigMap - [updatelo] Desired PodInfo ConfigMap (extension state hash: -1817474005)
2025-01-28 21:25:01,919 INFO c.h.h.t.HelmChartContainer - [hivemq-test-hivemq-platform] [hivemq-platform-operator] [a978355e] 21:25:01.915 [pool-6-thread-20] DEBUG c.h.p.o.dependants.PodInfoConfigMap - [updatelo] Update PodInfo ConfigMap
2025-01-28 21:25:01,925 INFO c.h.h.t.HelmChartContainer - [hivemq-test-hivemq-platform] [hivemq-platform-operator] [a978355e] 21:25:01.920 [pool-6-thread-18] DEBUG c.h.p.o.d.PodServiceAccountResource - [updatelo] Desired PodServiceAccountResource (serviceAccountName: hivemq-platform-pod-test-hivemq-platform)
2025-01-28 21:25:01,937 INFO c.h.h.t.HelmChartContainer - [hivemq-test-hivemq-platform] [hivemq-platform-operator] [a978355e] 21:25:01.930 [pool-6-thread-20] DEBUG c.h.p.o.d.StatefulSetResource - [updatelo] Desired StatefulSet (2 replicas) for status RUNNING (READY)
2025-01-28 21:25:01,981 INFO c.h.h.t.HelmChartContainer - [hivemq-test-hivemq-platform] [hivemq-platform-operator] [a978355e] 21:25:01.977 [ReconcilerExecutor-hivemq-controller-131] INFO  c.h.p.o.HiveMQPlatformReconciler - [updatelo] Reconciling HiveMQ Platform 'test-hivemq-platform' in namespace 'updateloglevelit'
2025-01-28 21:25:01,981 INFO c.h.h.t.HelmChartContainer - [hivemq-test-hivemq-platform] [hivemq-platform-operator] [a978355e] 21:25:01.978 [ReconcilerExecutor-hivemq-controller-131] DEBUG c.h.p.o.HiveMQPlatformReconciler - [updatelo] Custom Resource Status RUNNING - HiveMQ Platform is ready (READY) (reconciliation requests: SCALING)
2025-01-28 21:25:01,981 INFO c.h.h.t.HelmChartContainer - [hivemq-test-hivemq-platform] [hivemq-platform-operator] [a978355e] 21:25:01.978 [ReconcilerExecutor-hivemq-controller-131] DEBUG c.h.p.o.HiveMQPlatformReconciler - [updatelo] Custom Resource Spec (replicas: 2) (extensions: 1)
2025-01-28 21:25:01,981 INFO c.h.h.t.HelmChartContainer - [hivemq-test-hivemq-platform] [hivemq-platform-operator] [a978355e] 21:25:01.979 [ReconcilerExecutor-hivemq-controller-131] DEBUG c.h.p.o.HiveMQPlatformReconciler - [updatelo] StatefulSet Status (revision: test-hivemq-platform-b697f795f, replicas: 2, available: 1, ready: 1, current: 2, updated: 2)
2025-01-28 21:25:01,981 INFO c.h.h.t.HelmChartContainer - [hivemq-test-hivemq-platform] [hivemq-platform-operator] [a978355e] 21:25:01.979 [ReconcilerExecutor-hivemq-controller-131] DEBUG c.h.p.o.HiveMQPlatformReconciler - [updatelo] StatefulSet Spec (replicas: 2, init containers: 1, containers: 1, volumes: 3)
2025-01-28 21:25:01,982 INFO c.h.h.t.HelmChartContainer - [hivemq-test-hivemq-platform] [hivemq-platform-operator] [a978355e] 21:25:01.980 [ReconcilerExecutor-hivemq-controller-131] DEBUG c.h.p.o.h.HiveMQPlatformReconcilerErrorHandler - [updatelo] Pod 'test-hivemq-platform-1' phase Running
2025-01-28 21:25:01,982 INFO c.h.h.t.HelmChartContainer - [hivemq-test-hivemq-platform] [hivemq-platform-operator] [a978355e] 21:25:01.982 [ReconcilerExecutor-hivemq-controller-131] DEBUG c.h.p.o.h.HiveMQPlatformReconcilerErrorHandler - [updatelo] Pod 'test-hivemq-platform-0' phase Running
2025-01-28 21:25:01,983 INFO c.h.h.t.HelmChartContainer - [hivemq-test-hivemq-platform] [hivemq-platform-operator] [a978355e] 21:25:01.983 [ReconcilerExecutor-hivemq-controller-131] DEBUG c.h.p.o.HiveMQPlatformReconciler - [updatelo] PodInfoConfigMap is not ready yet
2025-01-28 21:25:02,026 INFO c.h.h.t.HelmChartContainer - [hivemq-test-hivemq-platform] [hivemq-platform-operator] [a978355e] 21:25:02.024 [ReconcilerExecutor-hivemq-controller-138] INFO  c.h.p.o.HiveMQPlatformReconciler - [updatelo] Cleanup test-hivemq-platform - updateloglevelit HiveMQ Platform is shut down
2025-01-28 21:25:02,056 INFO c.h.h.t.HelmChartContainer - [test-hivemq-platform] [hivemq] [d25ac1ac] WARN  - No user for HiveMQ Control Center configured. Starting with default user
2025-01-28 21:25:02,420 INFO c.h.h.t.HelmChartContainer - [K3S] [authentication.go:74] "Unable to authenticate the request" err="[invalid bearer token, serviceaccounts \"hivemq-platform-pod-test-hivemq-platform\" not found]"
2025-01-28 21:25:02,437 INFO c.h.h.t.HelmChartContainer - [K3S] [authentication.go:74] "Unable to authenticate the request" err="[invalid bearer token, serviceaccounts \"hivemq-platform-pod-test-hivemq-platform\" not found]"
2025-01-28 21:25:02,524 INFO c.h.h.t.HelmChartContainer - [test-hivemq-platform] [hivemq] [71b45067] WARN  - [HiveMQ Platform Operator Init App 1.7.0-SNAPSHOT] Could not update Pod annotations: Failure executing: GET at: https://10.43.0.1:443/api/v1/namespaces/updateloglevelit/pods/test-hivemq-platform-0. Message: Unauthorized. Received status: Status(apiVersion=v1, code=401, details=null, kind=Status, message=Unauthorized, metadata=ListMeta(_continue=null, remainingItemCount=null, resourceVersion=null, selfLink=null, additionalProperties={}), reason=Unauthorized, status=Failure, additionalProperties={}).
2025-01-28 21:25:02,750 INFO c.h.h.t.HelmChartContainer - [POD] test-hivemq-platform-0 [71b45067-1c56-4f88-a2ac-7526ca04e218] in updateloglevelit was MODIFIED
2025-01-28 21:25:02,770 INFO c.h.h.t.HelmChartContainer - [test-hivemq-platform] [hivemq] [71b45067] INFO  - [HiveMQ Platform Operator Init App 1.7.0-SNAPSHOT] Shutting down
2025-01-28 21:25:02,771 INFO c.h.h.t.HelmChartContainer - [test-hivemq-platform] [hivemq] [71b45067] INFO  - [HiveMQ Platform Operator Init App 1.7.0-SNAPSHOT] Stopping the HiveMQ Platform
2025-01-28 21:25:02,772 INFO c.h.h.t.HelmChartContainer - [EVENT] Normal [Killing] Stopping container hivemq [updateloglevelit:test-hivemq-platform-0]
2025-01-28 21:25:02,772 INFO c.h.h.t.HelmChartContainer - Received Killing event for container hivemq in pod test-hivemq-platform-0 [71b45067-1c56-4f88-a2ac-7526ca04e218]
2025-01-28 21:25:02,772 INFO c.h.h.t.HelmChartContainer - Container [test-hivemq-platform-0] [hivemq] [71b45067-1c56-4f88-a2ac-7526ca04e218] was terminated
2025-01-28 21:25:02,772 INFO c.h.h.t.HelmChartContainer - Stopped log watcher for hivemq in pod test-hivemq-platform-0 [71b45067-1c56-4f88-a2ac-7526ca04e218]
2025-01-28 21:25:02,780 INFO c.h.h.t.HelmChartContainer - [POD] test-hivemq-platform-1 [d25ac1ac-5ecd-4c25-a850-6ff68760e52f] in updateloglevelit was MODIFIED
2025-01-28 21:25:02,796 INFO c.h.h.t.HelmChartContainer - [EVENT] Normal [Killing] Stopping container hivemq [updateloglevelit:test-hivemq-platform-1]
2025-01-28 21:25:02,796 INFO c.h.h.t.HelmChartContainer - Received Killing event for container hivemq in pod test-hivemq-platform-1 [d25ac1ac-5ecd-4c25-a850-6ff68760e52f]
2025-01-28 21:25:02,796 INFO c.h.h.t.HelmChartContainer - Container [test-hivemq-platform-1] [hivemq] [d25ac1ac-5ecd-4c25-a850-6ff68760e52f] was terminated
2025-01-28 21:25:02,796 INFO c.h.h.t.HelmChartContainer - Stopped log watcher for hivemq in pod test-hivemq-platform-1 [d25ac1ac-5ecd-4c25-a850-6ff68760e52f]
2025-01-28 21:25:02,805 INFO c.h.h.t.HelmChartContainer - [test-hivemq-platform] [hivemq] [d25ac1ac] INFO  - [HiveMQ Platform Operator Init App 1.7.0-SNAPSHOT] Shutting down
2025-01-28 21:25:02,805 INFO c.h.h.t.HelmChartContainer - [test-hivemq-platform] [hivemq] [d25ac1ac] INFO  - [HiveMQ Platform Operator Init App 1.7.0-SNAPSHOT] Stopping the HiveMQ Platform
2025-01-28 21:25:02,859 INFO c.h.h.t.HelmChartContainer - [EVENT] Warning [Unhealthy] Readiness probe failed: HTTP probe failed with statuscode: 503 [updateloglevelit:test-hivemq-platform-1]
2025-01-28 21:25:02,859 INFO c.h.h.t.HelmChartContainer - Received Unhealthy event for container hivemq in pod test-hivemq-platform-1 [d25ac1ac-5ecd-4c25-a850-6ff68760e52f]
2025-01-28 21:25:04,038 INFO c.h.h.t.HelmChartContainer - Deleting namespace 'updateloglevelit'...
2025-01-28 21:25:04,099 INFO c.h.h.t.HelmChartContainer - [K3S] [authentication.go:74] "Unable to authenticate the request" err="[invalid bearer token, serviceaccounts \"hivemq-platform-pod-test-hivemq-platform\" not found]"
2025-01-28 21:25:04,115 INFO c.h.h.t.HelmChartContainer - [K3S] [authentication.go:74] "Unable to authenticate the request" err="[invalid bearer token, serviceaccounts \"hivemq-platform-pod-test-hivemq-platform\" not found]"
2025-01-28 21:25:04,215 INFO c.h.h.t.HelmChartContainer - [test-hivemq-platform] [hivemq] [d25ac1ac] WARN  - [HiveMQ Platform Operator Init App 1.7.0-SNAPSHOT] Could not update Pod annotations: Failure executing: GET at: https://10.43.0.1:443/api/v1/namespaces/updateloglevelit/pods/test-hivemq-platform-1. Message: Unauthorized. Received status: Status(apiVersion=v1, code=401, details=null, kind=Status, message=Unauthorized, metadata=ListMeta(_continue=null, remainingItemCount=null, resourceVersion=null, selfLink=null, additionalProperties={}), reason=Unauthorized, status=Failure, additionalProperties={}).
2025-01-28 21:25:06,949 INFO c.h.h.t.HelmChartContainer - [test-hivemq-platform] [hivemq] [71b45067] INFO  - [HiveMQ Platform Operator Init App 1.7.0-SNAPSHOT] Returning shutdown Health API response 503 for readiness
2025-01-28 21:25:06,953 INFO c.h.h.t.HelmChartContainer - [EVENT] Warning [Unhealthy] Readiness probe failed: HTTP probe failed with statuscode: 503 [updateloglevelit:test-hivemq-platform-0]
2025-01-28 21:25:06,953 INFO c.h.h.t.HelmChartContainer - Received Unhealthy event for container hivemq in pod test-hivemq-platform-0 [71b45067-1c56-4f88-a2ac-7526ca04e218]
2025-01-28 21:25:07,527 INFO c.h.h.t.HelmChartContainer - [K3S] [authentication.go:74] "Unable to authenticate the request" err="[invalid bearer token, serviceaccounts \"hivemq-platform-pod-test-hivemq-platform\" not found]"
2025-01-28 21:25:07,538 INFO c.h.h.t.HelmChartContainer - [K3S] [authentication.go:74] "Unable to authenticate the request" err="[invalid bearer token, serviceaccounts \"hivemq-platform-pod-test-hivemq-platform\" not found]"
2025-01-28 21:25:07,540 INFO c.h.h.t.HelmChartContainer - [test-hivemq-platform] [hivemq] [71b45067] WARN  - [HiveMQ Platform Operator Init App 1.7.0-SNAPSHOT] Could not update Pod annotations: Failure executing: GET at: https://10.43.0.1:443/api/v1/namespaces/updateloglevelit/pods/test-hivemq-platform-0. Message: Unauthorized. Received status: Status(apiVersion=v1, code=401, details=null, kind=Status, message=Unauthorized, metadata=ListMeta(_continue=null, remainingItemCount=null, resourceVersion=null, selfLink=null, additionalProperties={}), reason=Unauthorized, status=Failure, additionalProperties={}).
2025-01-28 21:25:07,786 INFO c.h.h.t.HelmChartContainer - [test-hivemq-platform] [hivemq] [d25ac1ac] INFO  - [HiveMQ Platform Operator Init App 1.7.0-SNAPSHOT] Returning shutdown Health API response 503 for readiness
2025-01-28 21:25:07,790 INFO c.h.h.t.HelmChartContainer - [EVENT] Warning [Unhealthy] Readiness probe failed: HTTP probe failed with statuscode: 503 [updateloglevelit:test-hivemq-platform-1]
2025-01-28 21:25:07,791 INFO c.h.h.t.HelmChartContainer - Received Unhealthy event for container hivemq in pod test-hivemq-platform-1 [d25ac1ac-5ecd-4c25-a850-6ff68760e52f]
2025-01-28 21:25:08,352 INFO c.h.h.t.HelmChartContainer - [test-hivemq-platform] [hivemq] [d25ac1ac] INFO  - [HiveMQ Platform Operator Init App 1.7.0-SNAPSHOT] The HiveMQ Platform exited with code 143
2025-01-28 21:25:08,352 INFO c.h.h.t.HelmChartContainer - [test-hivemq-platform] [hivemq] [d25ac1ac] INFO  - [HiveMQ Platform Operator Init App 1.7.0-SNAPSHOT] Stopping the REST API
2025-01-28 21:25:08,388 INFO c.h.h.t.HelmChartContainer - [test-hivemq-platform] [hivemq] [d25ac1ac] INFO  - [HiveMQ Platform Operator Init App 1.7.0-SNAPSHOT] Shutdown complete
2025-01-28 21:25:08,885 INFO c.h.h.t.HelmChartContainer - [test-hivemq-platform] [hivemq] [71b45067] INFO  - [HiveMQ Platform Operator Init App 1.7.0-SNAPSHOT] The HiveMQ Platform exited with code 143
2025-01-28 21:25:08,886 INFO c.h.h.t.HelmChartContainer - [test-hivemq-platform] [hivemq] [71b45067] INFO  - [HiveMQ Platform Operator Init App 1.7.0-SNAPSHOT] Stopping the REST API
2025-01-28 21:25:08,890 INFO c.h.h.t.HelmChartContainer - [K3S] [reconciler_common.go:162] "operationExecutor.UnmountVolume started for volume \"operator-init\" (UniqueName: \"kubernetes.io/empty-dir/d25ac1ac-5ecd-4c25-a850-6ff68760e52f-operator-init\") pod \"d25ac1ac-5ecd-4c25-a850-6ff68760e52f\" (UID: \"d25ac1ac-5ecd-4c25-a850-6ff68760e52f\") "
2025-01-28 21:25:08,890 INFO c.h.h.t.HelmChartContainer - [K3S] [reconciler_common.go:162] "operationExecutor.UnmountVolume started for volume \"broker-configuration\" (UniqueName: \"kubernetes.io/configmap/d25ac1ac-5ecd-4c25-a850-6ff68760e52f-broker-configuration\") pod \"d25ac1ac-5ecd-4c25-a850-6ff68760e52f\" (UID: \"d25ac1ac-5ecd-4c25-a850-6ff68760e52f\") "
2025-01-28 21:25:08,891 INFO c.h.h.t.HelmChartContainer - [K3S] [reconciler_common.go:162] "operationExecutor.UnmountVolume started for volume \"kube-api-access-xbjw5\" (UniqueName: \"kubernetes.io/projected/d25ac1ac-5ecd-4c25-a850-6ff68760e52f-kube-api-access-xbjw5\") pod \"d25ac1ac-5ecd-4c25-a850-6ff68760e52f\" (UID: \"d25ac1ac-5ecd-4c25-a850-6ff68760e52f\") "
2025-01-28 21:25:08,891 INFO c.h.h.t.HelmChartContainer - [K3S] [reconciler_common.go:162] "operationExecutor.UnmountVolume started for volume \"pod-info\" (UniqueName: \"kubernetes.io/configmap/d25ac1ac-5ecd-4c25-a850-6ff68760e52f-pod-info\") pod \"d25ac1ac-5ecd-4c25-a850-6ff68760e52f\" (UID: \"d25ac1ac-5ecd-4c25-a850-6ff68760e52f\") "
2025-01-28 21:25:08,899 INFO c.h.h.t.HelmChartContainer - [POD] test-hivemq-platform-1 [d25ac1ac-5ecd-4c25-a850-6ff68760e52f] in updateloglevelit was MODIFIED
2025-01-28 21:25:08,902 INFO c.h.h.t.HelmChartContainer - [K3S] [stateful_set.go:438] "Unhandled Error" err="error syncing StatefulSet updateloglevelit/test-hivemq-platform, requeuing: controllerrevisions.apps \"test-hivemq-platform-b697f795f\" is forbidden: unable to create new content in namespace updateloglevelit because it is being terminated"
2025-01-28 21:25:08,910 INFO c.h.h.t.HelmChartContainer - [K3S] [stateful_set.go:438] "Unhandled Error" err="error syncing StatefulSet updateloglevelit/test-hivemq-platform, requeuing: controllerrevisions.apps \"test-hivemq-platform-b697f795f\" is forbidden: unable to create new content in namespace updateloglevelit because it is being terminated"
2025-01-28 21:25:08,924 INFO c.h.h.t.HelmChartContainer - [K3S] [stateful_set.go:438] "Unhandled Error" err="error syncing StatefulSet updateloglevelit/test-hivemq-platform, requeuing: controllerrevisions.apps \"test-hivemq-platform-b697f795f\" is forbidden: unable to create new content in namespace updateloglevelit because it is being terminated"
2025-01-28 21:25:08,935 INFO c.h.h.t.HelmChartContainer - [test-hivemq-platform] [hivemq] [71b45067] INFO  - [HiveMQ Platform Operator Init App 1.7.0-SNAPSHOT] Shutdown complete
2025-01-28 21:25:08,946 INFO c.h.h.t.HelmChartContainer - [K3S] [stateful_set.go:438] "Unhandled Error" err="error syncing StatefulSet updateloglevelit/test-hivemq-platform, requeuing: controllerrevisions.apps \"test-hivemq-platform-b697f795f\" is forbidden: unable to create new content in namespace updateloglevelit because it is being terminated"
2025-01-28 21:25:08,989 INFO c.h.h.t.HelmChartContainer - [K3S] [stateful_set.go:438] "Unhandled Error" err="error syncing StatefulSet updateloglevelit/test-hivemq-platform, requeuing: controllerrevisions.apps \"test-hivemq-platform-b697f795f\" is forbidden: unable to create new content in namespace updateloglevelit because it is being terminated"
2025-01-28 21:25:08,990 INFO c.h.h.t.HelmChartContainer - [K3S] [reconciler_common.go:299] "Volume detached for volume \"pod-info\" (UniqueName: \"kubernetes.io/configmap/d25ac1ac-5ecd-4c25-a850-6ff68760e52f-pod-info\") on node \"c40f33139f2e\" DevicePath \"\""
2025-01-28 21:25:08,991 INFO c.h.h.t.HelmChartContainer - [K3S] [reconciler_common.go:299] "Volume detached for volume \"broker-configuration\" (UniqueName: \"kubernetes.io/configmap/d25ac1ac-5ecd-4c25-a850-6ff68760e52f-broker-configuration\") on node \"c40f33139f2e\" DevicePath \"\""
2025-01-28 21:25:08,991 INFO c.h.h.t.HelmChartContainer - [K3S] [reconciler_common.go:299] "Volume detached for volume \"operator-init\" (UniqueName: \"kubernetes.io/empty-dir/d25ac1ac-5ecd-4c25-a850-6ff68760e52f-operator-init\") on node \"c40f33139f2e\" DevicePath \"\""
2025-01-28 21:25:08,991 INFO c.h.h.t.HelmChartContainer - [K3S] [reconciler_common.go:299] "Volume detached for volume \"kube-api-access-xbjw5\" (UniqueName: \"kubernetes.io/projected/d25ac1ac-5ecd-4c25-a850-6ff68760e52f-kube-api-access-xbjw5\") on node \"c40f33139f2e\" DevicePath \"\""
2025-01-28 21:25:09,072 INFO c.h.h.t.HelmChartContainer - [K3S] [stateful_set.go:438] "Unhandled Error" err="error syncing StatefulSet updateloglevelit/test-hivemq-platform, requeuing: controllerrevisions.apps \"test-hivemq-platform-b697f795f\" is forbidden: unable to create new content in namespace updateloglevelit because it is being terminated"
2025-01-28 21:25:09,093 INFO c.h.h.t.HelmChartContainer - [K3S] [stateful_set.go:466] "StatefulSet has been deleted" key="updateloglevelit/test-hivemq-platform"
2025-01-28 21:25:09,198 INFO c.h.h.t.HelmChartContainer - [K3S] [scope.go:117] "RemoveContainer" containerID="d50ef60edc21331052865ffeb1e2c8ad4df5323119d1a15b241d706a47c464c3"
2025-01-28 21:25:09,213 INFO c.h.h.t.HelmChartContainer - [POD] test-hivemq-platform-1 [d25ac1ac-5ecd-4c25-a850-6ff68760e52f] in updateloglevelit was MODIFIED
2025-01-28 21:25:09,215 INFO c.h.h.t.HelmChartContainer - [POD] test-hivemq-platform-1 [d25ac1ac-5ecd-4c25-a850-6ff68760e52f] in updateloglevelit was DELETED
2025-01-28 21:25:09,233 INFO c.h.h.t.HelmChartContainer - [K3S] [stateful_set.go:466] "StatefulSet has been deleted" key="updateloglevelit/test-hivemq-platform"
2025-01-28 21:25:09,300 INFO c.h.h.t.HelmChartContainer - [K3S] [scope.go:117] "RemoveContainer" containerID="8a468970cd56f15df53a07aaa6082e39bc2dc167954296a08bb7b2df11dd8980"
2025-01-28 21:25:09,303 INFO c.h.h.t.HelmChartContainer - [K3S] [scope.go:117] "RemoveContainer" containerID="d50ef60edc21331052865ffeb1e2c8ad4df5323119d1a15b241d706a47c464c3"
2025-01-28 21:25:09,304 INFO c.h.h.t.HelmChartContainer - [K3S] [scope.go:117] "RemoveContainer" containerID="8a468970cd56f15df53a07aaa6082e39bc2dc167954296a08bb7b2df11dd8980"
2025-01-28 21:25:09,414 INFO c.h.h.t.HelmChartContainer - [POD] test-hivemq-platform-0 [71b45067-1c56-4f88-a2ac-7526ca04e218] in updateloglevelit was MODIFIED
2025-01-28 21:25:09,493 INFO c.h.h.t.HelmChartContainer - [K3S] [reconciler_common.go:162] "operationExecutor.UnmountVolume started for volume \"kube-api-access-q6hk2\" (UniqueName: \"kubernetes.io/projected/71b45067-1c56-4f88-a2ac-7526ca04e218-kube-api-access-q6hk2\") pod \"71b45067-1c56-4f88-a2ac-7526ca04e218\" (UID: \"71b45067-1c56-4f88-a2ac-7526ca04e218\") "
2025-01-28 21:25:09,493 INFO c.h.h.t.HelmChartContainer - [K3S] [reconciler_common.go:162] "operationExecutor.UnmountVolume started for volume \"broker-configuration\" (UniqueName: \"kubernetes.io/configmap/71b45067-1c56-4f88-a2ac-7526ca04e218-broker-configuration\") pod \"71b45067-1c56-4f88-a2ac-7526ca04e218\" (UID: \"71b45067-1c56-4f88-a2ac-7526ca04e218\") "
2025-01-28 21:25:09,493 INFO c.h.h.t.HelmChartContainer - [K3S] [reconciler_common.go:162] "operationExecutor.UnmountVolume started for volume \"pod-info\" (UniqueName: \"kubernetes.io/configmap/71b45067-1c56-4f88-a2ac-7526ca04e218-pod-info\") pod \"71b45067-1c56-4f88-a2ac-7526ca04e218\" (UID: \"71b45067-1c56-4f88-a2ac-7526ca04e218\") "
2025-01-28 21:25:09,493 INFO c.h.h.t.HelmChartContainer - [K3S] [reconciler_common.go:162] "operationExecutor.UnmountVolume started for volume \"operator-init\" (UniqueName: \"kubernetes.io/empty-dir/71b45067-1c56-4f88-a2ac-7526ca04e218-operator-init\") pod \"71b45067-1c56-4f88-a2ac-7526ca04e218\" (UID: \"71b45067-1c56-4f88-a2ac-7526ca04e218\") "
2025-01-28 21:25:09,594 INFO c.h.h.t.HelmChartContainer - [K3S] [reconciler_common.go:299] "Volume detached for volume \"pod-info\" (UniqueName: \"kubernetes.io/configmap/71b45067-1c56-4f88-a2ac-7526ca04e218-pod-info\") on node \"c40f33139f2e\" DevicePath \"\""
2025-01-28 21:25:09,594 INFO c.h.h.t.HelmChartContainer - [K3S] [reconciler_common.go:299] "Volume detached for volume \"operator-init\" (UniqueName: \"kubernetes.io/empty-dir/71b45067-1c56-4f88-a2ac-7526ca04e218-operator-init\") on node \"c40f33139f2e\" DevicePath \"\""
2025-01-28 21:25:09,594 INFO c.h.h.t.HelmChartContainer - [K3S] [reconciler_common.go:299] "Volume detached for volume \"kube-api-access-q6hk2\" (UniqueName: \"kubernetes.io/projected/71b45067-1c56-4f88-a2ac-7526ca04e218-kube-api-access-q6hk2\") on node \"c40f33139f2e\" DevicePath \"\""
2025-01-28 21:25:09,594 INFO c.h.h.t.HelmChartContainer - [K3S] [reconciler_common.go:299] "Volume detached for volume \"broker-configuration\" (UniqueName: \"kubernetes.io/configmap/71b45067-1c56-4f88-a2ac-7526ca04e218-broker-configuration\") on node \"c40f33139f2e\" DevicePath \"\""
2025-01-28 21:25:10,201 INFO c.h.h.t.HelmChartContainer - [K3S] [scope.go:117] "RemoveContainer" containerID="ca9a0dae5b89a3deb8d0de29bca5183797b4f50809863f3d60461d953752961c"
2025-01-28 21:25:10,216 INFO c.h.h.t.HelmChartContainer - [POD] test-hivemq-platform-0 [71b45067-1c56-4f88-a2ac-7526ca04e218] in updateloglevelit was MODIFIED
2025-01-28 21:25:10,221 INFO c.h.h.t.HelmChartContainer - [POD] test-hivemq-platform-0 [71b45067-1c56-4f88-a2ac-7526ca04e218] in updateloglevelit was DELETED
2025-01-28 21:25:10,300 INFO c.h.h.t.HelmChartContainer - [K3S] [scope.go:117] "RemoveContainer" containerID="21e6ad448e7a56f9875666062bac0dccab667a92ea35e7941da10004e73e3943"
2025-01-28 21:25:10,303 INFO c.h.h.t.HelmChartContainer - [K3S] [scope.go:117] "RemoveContainer" containerID="ca9a0dae5b89a3deb8d0de29bca5183797b4f50809863f3d60461d953752961c"
2025-01-28 21:25:10,304 INFO c.h.h.t.HelmChartContainer - [K3S] [scope.go:117] "RemoveContainer" containerID="21e6ad448e7a56f9875666062bac0dccab667a92ea35e7941da10004e73e3943"
2025-01-28 21:25:10,346 INFO c.h.h.t.HelmChartContainer - [K3S] [kubelet_volumes.go:163] "Cleaned up orphaned pod volumes dir" podUID="71b45067-1c56-4f88-a2ac-7526ca04e218" path="/var/lib/kubelet/pods/71b45067-1c56-4f88-a2ac-7526ca04e218/volumes"
2025-01-28 21:25:10,347 INFO c.h.h.t.HelmChartContainer - [K3S] [kubelet_volumes.go:163] "Cleaned up orphaned pod volumes dir" podUID="d25ac1ac-5ecd-4c25-a850-6ff68760e52f" path="/var/lib/kubelet/pods/d25ac1ac-5ecd-4c25-a850-6ff68760e52f/volumes"
2025-01-28 21:25:14,365 INFO c.h.h.t.HelmChartContainer - Namespace 'updateloglevelit' deleted
2025-01-28 21:25:14,365 INFO c.h.h.t.HelmChartContainer - Release 'test-hivemq-platform' in namespace 'updateloglevelit' is uninstalled
2025-01-28 21:25:14,365 INFO c.h.h.t.HelmChartContainer - Uninstalling release 'test-hivemq-platform-operator' in namespace 'updateloglevelit-operator'...
2025-01-28 21:25:14,365 DEBUG c.h.h.t.HelmChartContainer - Executing helm command: /bin/helm --kubeconfig /etc/rancher/k3s/k3s.yaml uninstall test-hivemq-platform-operator  --wait --timeout 5m0s --cascade foreground --namespace updateloglevelit-operator
2025-01-28 21:25:14,537 INFO c.h.h.t.HelmChartContainer - [K3S] [replica_set.go:679] "Finished syncing" kind="ReplicaSet" key="updateloglevelit-operator/hivemq-test-hivemq-platform-operator-6966f96d65" duration="15.86732ms"
2025-01-28 21:25:14,539 INFO c.h.h.t.HelmChartContainer - [K3S] [replica_set.go:679] "Finished syncing" kind="ReplicaSet" key="updateloglevelit-operator/hivemq-test-hivemq-platform-operator-6966f96d65" duration="55.534µs"
2025-01-28 21:25:14,556 INFO c.h.h.t.HelmChartContainer - [POD] hivemq-test-hivemq-platform-operator-6966f96d65-6rnnp [a978355e-fbdf-4849-a67a-0f80cf07c8b2] in updateloglevelit-operator was MODIFIED
2025-01-28 21:25:14,558 INFO c.h.h.t.HelmChartContainer - [EVENT] Normal [Killing] Stopping container hivemq-platform-operator [updateloglevelit-operator:hivemq-test-hivemq-platform-operator-6966f96d65-6rnnp]
2025-01-28 21:25:14,558 INFO c.h.h.t.HelmChartContainer - Received Killing event for container hivemq-platform-operator in pod hivemq-test-hivemq-platform-operator-6966f96d65-6rnnp [a978355e-fbdf-4849-a67a-0f80cf07c8b2]
2025-01-28 21:25:14,558 INFO c.h.h.t.HelmChartContainer - Container [hivemq-test-hivemq-platform-operator-6966f96d65-6rnnp] [hivemq-platform-operator] [a978355e-fbdf-4849-a67a-0f80cf07c8b2] was terminated
2025-01-28 21:25:14,558 INFO c.h.h.t.HelmChartContainer - Stopped log watcher for hivemq-platform-operator in pod hivemq-test-hivemq-platform-operator-6966f96d65-6rnnp [a978355e-fbdf-4849-a67a-0f80cf07c8b2]
2025-01-28 21:25:14,561 INFO c.h.h.t.HelmChartContainer - [K3S] [replica_set.go:679] "Finished syncing" kind="ReplicaSet" key="updateloglevelit-operator/hivemq-test-hivemq-platform-operator-6966f96d65" duration="9.730839ms"
2025-01-28 21:25:14,562 INFO c.h.h.t.HelmChartContainer - [K3S] [replica_set.go:679] "Finished syncing" kind="ReplicaSet" key="updateloglevelit-operator/hivemq-test-hivemq-platform-operator-6966f96d65" duration="51.806µs"
2025-01-28 21:25:14,563 INFO c.h.h.t.HelmChartContainer - [hivemq-test-hivemq-platform] [hivemq-platform-operator] [a978355e] 21:25:14.562 [application-shutdown-thread] INFO  c.h.p.o.HiveMQPlatformOperatorApplication - HiveMQ Platform Operator is stopping...
2025-01-28 21:25:14,563 INFO c.h.h.t.HelmChartContainer - [hivemq-test-hivemq-platform] [hivemq-platform-operator] [a978355e] 21:25:14.562 [application-shutdown-thread] INFO  i.javaoperatorsdk.operator.Operator - Operator SDK 4.9.7 is shutting down...
2025-01-28 21:25:15,134 INFO c.h.h.t.HelmChartContainer - [K3S] [replica_set.go:679] "Finished syncing" kind="ReplicaSet" key="updateloglevelit-operator/hivemq-test-hivemq-platform-operator-6966f96d65" duration="39.053µs"
2025-01-28 21:25:15,134 INFO c.h.h.t.HelmChartContainer - [POD] hivemq-test-hivemq-platform-operator-6966f96d65-6rnnp [a978355e-fbdf-4849-a67a-0f80cf07c8b2] in updateloglevelit-operator was MODIFIED
2025-01-28 21:25:15,209 INFO c.h.h.t.HelmChartContainer - [K3S] [scope.go:117] "RemoveContainer" containerID="1ec55d71d2f0eb4c1640a1cf103d4e7ea00b00f480eb22203e285bd9e7b1bbc5"
2025-01-28 21:25:15,212 INFO c.h.h.t.HelmChartContainer - [K3S] [scope.go:117] "RemoveContainer" containerID="1ec55d71d2f0eb4c1640a1cf103d4e7ea00b00f480eb22203e285bd9e7b1bbc5"
2025-01-28 21:25:15,222 INFO c.h.h.t.HelmChartContainer - [K3S] [reconciler_common.go:162] "operationExecutor.UnmountVolume started for volume \"kube-api-access-lpfjx\" (UniqueName: \"kubernetes.io/projected/a978355e-fbdf-4849-a67a-0f80cf07c8b2-kube-api-access-lpfjx\") pod \"a978355e-fbdf-4849-a67a-0f80cf07c8b2\" (UID: \"a978355e-fbdf-4849-a67a-0f80cf07c8b2\") "
2025-01-28 21:25:15,323 INFO c.h.h.t.HelmChartContainer - [K3S] [reconciler_common.go:299] "Volume detached for volume \"kube-api-access-lpfjx\" (UniqueName: \"kubernetes.io/projected/a978355e-fbdf-4849-a67a-0f80cf07c8b2-kube-api-access-lpfjx\") on node \"c40f33139f2e\" DevicePath \"\""
2025-01-28 21:25:15,522 INFO c.h.h.t.HelmChartContainer - [K3S] [replica_set.go:679] "Finished syncing" kind="ReplicaSet" key="updateloglevelit-operator/hivemq-test-hivemq-platform-operator-6966f96d65" duration="44.043µs"
2025-01-28 21:25:15,522 INFO c.h.h.t.HelmChartContainer - [POD] hivemq-test-hivemq-platform-operator-6966f96d65-6rnnp [a978355e-fbdf-4849-a67a-0f80cf07c8b2] in updateloglevelit-operator was MODIFIED
2025-01-28 21:25:15,524 INFO c.h.h.t.HelmChartContainer - [K3S] [replica_set.go:679] "Finished syncing" kind="ReplicaSet" key="updateloglevelit-operator/hivemq-test-hivemq-platform-operator-6966f96d65" duration="33.242µs"
2025-01-28 21:25:15,526 INFO c.h.h.t.HelmChartContainer - [POD] hivemq-test-hivemq-platform-operator-6966f96d65-6rnnp [a978355e-fbdf-4849-a67a-0f80cf07c8b2] in updateloglevelit-operator was DELETED
2025-01-28 21:25:15,534 INFO c.h.h.t.HelmChartContainer - [K3S] [replica_set.go:679] "Finished syncing" kind="ReplicaSet" key="updateloglevelit-operator/hivemq-test-hivemq-platform-operator-6966f96d65" duration="6.041µs"
2025-01-28 21:25:16,346 INFO c.h.h.t.HelmChartContainer - [K3S] [kubelet_volumes.go:163] "Cleaned up orphaned pod volumes dir" podUID="a978355e-fbdf-4849-a67a-0f80cf07c8b2" path="/var/lib/kubelet/pods/a978355e-fbdf-4849-a67a-0f80cf07c8b2/volumes"
2025-01-28 21:25:16,570 INFO c.h.h.t.HelmChartContainer - Deleting namespace 'updateloglevelit-operator'...
2025-01-28 21:25:19,343 INFO c.h.h.t.HelmChartContainer - [K3S] [namespace_controller.go:187] "Namespace has been deleted" namespace="updateloglevelit"
2025-01-28 21:25:21,786 INFO c.h.h.t.HelmChartContainer - Namespace 'updateloglevelit-operator' deleted
2025-01-28 21:25:21,786 INFO c.h.h.t.HelmChartContainer - Release 'test-hivemq-platform-operator' in namespace 'updateloglevelit-operator' is uninstalled
2025-01-28 21:25:22,593 INFO c.h.helmcharts.AbstractHelmChartIT - Removed unused containers:

2025-01-28 21:25:25,439 INFO c.h.h.t.HelmChartContainer - [K3S] [range_allocator.go:247] "Successfully synced" key="c40f33139f2e"
2025-01-28 21:25:26,696 INFO c.h.h.t.HelmChartContainer - [K3S] [namespace_controller.go:187] "Namespace has been deleted" namespace="updateloglevelit-operator"
2025-01-28 21:25:30,491 INFO c.h.helmcharts.AbstractHelmChartIT - Removed unused snapshots:
Removing snapshot sha256:03af251906410714c5aef9fa705b63f6bbc39c4a5e787de7361eeb18886c2ed2
Removing snapshot sha256:0c46b3b43cce082ce5ec34ffc6c294e0417d17b9d1e6f366d114b6aadc4f96dc
Removing snapshot sha256:0ce761beee59082d6ed5bcebd3a805b8ddd9b3426b617e4809e7fb7c6587ffec
Removing snapshot sha256:0df91287303208332c8ff6ba40ae4710105201739addbfbddfb955f1ad593664
Removing snapshot sha256:1021ef88c7974bfff89c5a0ec4fd3160daac6c48a075f74cff721f85dd104e68
Removing snapshot sha256:10aba4953ddc18145dd38e3704709bc464aa20af60b56fe52caaff4b68411e62
Removing snapshot sha256:2573e0d8158209ed54ab25c87bcdcb00bd3d2539246960a3d592a1c599d70465
Removing snapshot sha256:362a8a37f8bbc31925a8146adcf7cf51f9882f5c1dcbef67c5baa03a297543c0
Removing snapshot sha256:3fa4ad33f0ddc8fd45b39b6b4640f82a3a83619606cd975bfe89d8710ad2d4cd
Removing snapshot sha256:43a7c979bbaba6838bc3102d6b10a1459f3ab050b87ccdfef84ef90cf43d3058
Removing snapshot sha256:4ab04491cdf0d3267f08206fe30bd48f49f94b9cab2f016d6739220f722a64af
Removing snapshot sha256:4b6068250e89c96f263060261819c7d912855bfbd64b3eb4c4a8483299b8c295
Removing snapshot sha256:580e69a0a8034ede1921139bbd2bfb72a69ebf276d008281896c32dd8bf74775
Removing snapshot sha256:5d30ba46b27fe37484567ccc5242cadc78217b8da605f3f195ef25cbf7487904
Removing snapshot sha256:63ca1fbb43ae5034640e5e6cb3e083e05c290072c5366fcaa9d62435a4cced85
Removing snapshot sha256:6606a121403671c430442c8b2dd2ff7bbafa8fa4241c0d38ed8d163cc6950c9d
Removing snapshot sha256:67f702c6baae873bceb19487c8b1f27bd2b86077e4f2f0e480e6d60ab508b8f5
Removing snapshot sha256:6864348dd42806d552efdec384f1274be15e2d0c10ce44c1f04347af004c10a9
Removing snapshot sha256:6c7dee8f2c39b84b7dc2711c01d33de93514d9055499173e9290176fbe484b6c
Removing snapshot sha256:82753493a6d61ded36556292f02f31841a14c20d2f279f19eaad65afb661d5cd
Removing snapshot sha256:8a10d3db42c505ee0fcfa98417bdd7e39b304f6bcc0a06bb1b220797ff2cc63c
Removing snapshot sha256:a0904247e36a7726c03c71ee48f3e64462021c88dafeb13f37fdaf613b27f11c
Removing snapshot sha256:a21e5b12dbac529ad45d976eb9ce45c881f3bedcc500fb30aba1e52aa1813418
Removing snapshot sha256:b921e6c28969094157f9b8e7244677780319637afd14450b7cb6b2fdea558a0c
Removing snapshot sha256:b95dd37eb650f1f6a05bfb6ec20f46802efa9dd543c5881cb340bebacf73f1d0
Removing snapshot sha256:bc27ecb5769a00e309cf99ebc763c4a4b958b618d1decc96ffac5bc05f02f5b7
Removing snapshot sha256:be3ccb6627a5332e309d45ef461d09b4879dd870c7394d89323d0ebc6ca6aa8a
Removing snapshot sha256:c261f7cbbc64211ee175ee47273acdb7b1a36a4450b397a064a8f2c026490095
Removing snapshot sha256:c34d9393647eea0c9e3557ab988efaf59f61d10a2a5613b439ef0958cca5ec10
Removing snapshot sha256:ccf3c4a0fa967a41c1c83497a2ce6fa5787965859df0adb32c4ca2cf7490bc2b
Removing snapshot sha256:cf92d33f869417309692088c341cd0f223c178ea78a125f757317b22aa8f90e9
Removing snapshot sha256:d0037344cf2fb078884f1849f6a1f8cf9a33a3b6139b6a85833e5ee528e1f9a8
Removing snapshot sha256:d3b36d5b79273b1e98e7700470eaeff05a882e777124d84cebcc1505b85ecb36
Removing snapshot sha256:d65a44a37914602d12c611e5e22a50f11451d847e63015cc1c2aef92dee777a4
Removing snapshot sha256:e2dc0bae2455930f23ae570e019b7f32edc75c0f2d71cab084db837ff9051796
Removing snapshot sha256:eccbd24a99c60cd9e86ee5305dbfc4a4dc89f5ab4fb1f06c8d64797cecedef34
Removing snapshot sha256:f144bb4c7c7f0d2aa7eeffd36d934ec40db1ee167be727e326aad9fdc616f475

]]></system-out>
  </testcase>
  <system-out><![CDATA[2025-01-28 21:20:21,691 INFO c.h.h.t.HelmChartContainerExtension - Using cached HelmChartContainer instance
]]></system-out>
  <system-err><![CDATA[]]></system-err>
</testsuite>
