<?xml version="1.0" encoding="UTF-8"?>
<testsuite name="com.hivemq.helmcharts.containers.HelmInitContainerIT" tests="2" skipped="0" failures="0" errors="0" timestamp="2025-09-26T14:15:55" hostname="runnervm3ublj" time="196.869">
  <properties/>
  <testcase name="whenAdditionalInitContainer_withConsulTemplate_thenLicenseUpdated()" classname="com.hivemq.helmcharts.containers.HelmInitContainerIT" time="105.188"/>
  <testcase name="withOverrideInitContainer_hivemqRunningWithVolumeMounts()" classname="com.hivemq.helmcharts.containers.HelmInitContainerIT" time="91.68"/>
</testsuite>
