<?xml version="1.0" encoding="UTF-8"?>
<testsuite name="com.hivemq.helmcharts.operator.CustomOperatorSelectorsIT" tests="1" skipped="0" failures="0" errors="0" timestamp="2025-05-07T13:29:18" hostname="fv-az1983-919" time="97.206">
  <properties/>
  <testcase name="whenOperatorSelectorIsConfigured_thenOnlyMatchingCustomResourcesAreReconciled()" classname="com.hivemq.helmcharts.operator.CustomOperatorSelectorsIT" time="97.206"/>
</testsuite>
