<?xml version="1.0" encoding="UTF-8"?>
<testsuite name="com.hivemq.helmcharts.extensions.HelmExtensionPriorityIT" tests="1" skipped="0" failures="0" errors="0" timestamp="2025-06-30T08:26:18" hostname="fv-az1690-334" time="116.447">
  <properties/>
  <testcase name="platformChart_whenExtensionPriorityIsConfigured_thenInterceptorsAreExecutedInTheExpectedOrder()" classname="com.hivemq.helmcharts.extensions.HelmExtensionPriorityIT" time="116.447"/>
</testsuite>
