<?xml version="1.0" encoding="UTF-8"?>
<testsuite name="com.hivemq.helmcharts.volumes.HelmAdditionalVolumesIT" tests="1" skipped="0" failures="0" errors="0" timestamp="2025-01-30T18:19:25" hostname="fv-az1326-99" time="101.372">
  <properties/>
  <testcase name="withAdditionalVolumes_hivemqRunningWithVolumeMounts()" classname="com.hivemq.helmcharts.volumes.HelmAdditionalVolumesIT" time="101.372">
    <system-out><![CDATA[2025-01-30 18:19:25,209 INFO c.h.h.t.HelmChartContainer - Creating namespace 'helmadditionalvolumesit-operator'...
2025-01-30 18:19:25,219 INFO c.h.h.t.HelmChartContainer - Namespace 'helmadditionalvolumesit-operator' created
2025-01-30 18:19:25,219 INFO c.h.h.t.HelmChartContainer - Creating namespace 'helmadditionalvolumesit'...
2025-01-30 18:19:25,230 INFO c.h.h.t.HelmChartContainer - Namespace 'helmadditionalvolumesit' created
2025-01-30 18:19:25,324 DEBUG c.h.h.t.HelmChartContainer - Executing helm command: /bin/helm --kubeconfig /etc/rancher/k3s/k3s.yaml install test-hivemq-platform-operator /charts/hivemq-platform-operator --wait --timeout 5m0s --set image.repository=docker.io/hivemq --set image.name=hivemq-platform-operator-test --set image.initImageName=hivemq-platform-operator-init-test --set image.tag=snapshot --set image.pullPolicy=Never --set logLevel=DEBUG --set resources.cpu=512m --namespace helmadditionalvolumesit-operator
2025-01-30 18:19:25,633 INFO c.h.h.t.HelmChartContainer - [K3S] [alloc.go:330] "allocated clusterIPs" service="helmadditionalvolumesit-operator/hivemq-platform-operator-test-hivemq-platform-operator" clusterIPs={"IPv4":"10.43.184.255"}
2025-01-30 18:19:25,648 INFO c.h.h.t.HelmChartContainer - [EVENT] Normal [ScalingReplicaSet] Scaled up replica set hivemq-test-hivemq-platform-operator-6966f96d65 from 0 to 1 [helmadditionalvolumesit-operator:hivemq-test-hivemq-platform-operator]
2025-01-30 18:19:25,655 INFO c.h.h.t.HelmChartContainer - [POD] hivemq-test-hivemq-platform-operator-6966f96d65-5b52l [96d2a8f7-d2e7-4ded-9ad5-1cf8fc950028] in helmadditionalvolumesit-operator was ADDED
2025-01-30 18:19:25,659 INFO c.h.h.t.HelmChartContainer - [POD] hivemq-test-hivemq-platform-operator-6966f96d65-5b52l [96d2a8f7-d2e7-4ded-9ad5-1cf8fc950028] in helmadditionalvolumesit-operator was MODIFIED
2025-01-30 18:19:25,662 INFO c.h.h.t.HelmChartContainer - [EVENT] Normal [SuccessfulCreate] Created pod: hivemq-test-hivemq-platform-operator-6966f96d65-5b52l [helmadditionalvolumesit-operator:hivemq-test-hivemq-platform-operator-6966f96d65]
2025-01-30 18:19:25,662 INFO c.h.h.t.HelmChartContainer - [K3S] [replica_set.go:679] "Finished syncing" kind="ReplicaSet" key="helmadditionalvolumesit-operator/hivemq-test-hivemq-platform-operator-6966f96d65" duration="16.83277ms"
2025-01-30 18:19:25,662 INFO c.h.h.t.HelmChartContainer - [K3S] [memory_manager.go:355] "RemoveStaleState removing state" podUID="2cbe7a93-c227-40a6-890e-28ad52359db1" containerName="hivemq-platform-operator"
2025-01-30 18:19:25,662 INFO c.h.h.t.HelmChartContainer - [K3S] [memory_manager.go:355] "RemoveStaleState removing state" podUID="34a611e5-afea-4016-9682-4adb6a2575ac" containerName="hivemq"
2025-01-30 18:19:25,670 INFO c.h.h.t.HelmChartContainer - [EVENT] Normal [Scheduled] Successfully assigned helmadditionalvolumesit-operator/hivemq-test-hivemq-platform-operator-6966f96d65-5b52l to 8e4c0e52442e [helmadditionalvolumesit-operator:hivemq-test-hivemq-platform-operator-6966f96d65-5b52l]
2025-01-30 18:19:25,674 INFO c.h.h.t.HelmChartContainer - [POD] hivemq-test-hivemq-platform-operator-6966f96d65-5b52l [96d2a8f7-d2e7-4ded-9ad5-1cf8fc950028] in helmadditionalvolumesit-operator was MODIFIED
2025-01-30 18:19:25,677 INFO c.h.h.t.HelmChartContainer - [K3S] [replica_set.go:679] "Finished syncing" kind="ReplicaSet" key="helmadditionalvolumesit-operator/hivemq-test-hivemq-platform-operator-6966f96d65" duration="15.432544ms"
2025-01-30 18:19:25,686 INFO c.h.h.t.HelmChartContainer - [K3S] [replica_set.go:679] "Finished syncing" kind="ReplicaSet" key="helmadditionalvolumesit-operator/hivemq-test-hivemq-platform-operator-6966f96d65" duration="8.507128ms"
2025-01-30 18:19:25,686 INFO c.h.h.t.HelmChartContainer - [K3S] [replica_set.go:679] "Finished syncing" kind="ReplicaSet" key="helmadditionalvolumesit-operator/hivemq-test-hivemq-platform-operator-6966f96d65" duration="38.932µs"
2025-01-30 18:19:25,712 INFO c.h.h.t.HelmChartContainer - [K3S] [reconciler_common.go:251] "operationExecutor.VerifyControllerAttachedVolume started for volume \"kube-api-access-477c8\" (UniqueName: \"kubernetes.io/projected/96d2a8f7-d2e7-4ded-9ad5-1cf8fc950028-kube-api-access-477c8\") pod \"hivemq-test-hivemq-platform-operator-6966f96d65-5b52l\" (UID: \"96d2a8f7-d2e7-4ded-9ad5-1cf8fc950028\") " pod="helmadditionalvolumesit-operator/hivemq-test-hivemq-platform-operator-6966f96d65-5b52l"
2025-01-30 18:19:26,047 INFO c.h.h.t.HelmChartContainer - [EVENT] Normal [Pulled] Container image "docker.io/hivemq/hivemq-platform-operator-test:snapshot" already present on machine [helmadditionalvolumesit-operator:hivemq-test-hivemq-platform-operator-6966f96d65-5b52l]
2025-01-30 18:19:26,047 INFO c.h.h.t.HelmChartContainer - Received Pulled event for container hivemq-platform-operator in pod hivemq-test-hivemq-platform-operator-6966f96d65-5b52l [96d2a8f7-d2e7-4ded-9ad5-1cf8fc950028]
2025-01-30 18:19:27,286 INFO c.h.h.t.HelmChartContainer - [EVENT] Normal [Created] Created container: hivemq-platform-operator [helmadditionalvolumesit-operator:hivemq-test-hivemq-platform-operator-6966f96d65-5b52l]
2025-01-30 18:19:27,286 INFO c.h.h.t.HelmChartContainer - Received Created event for container hivemq-platform-operator in pod hivemq-test-hivemq-platform-operator-6966f96d65-5b52l [96d2a8f7-d2e7-4ded-9ad5-1cf8fc950028]
2025-01-30 18:19:27,826 INFO c.h.h.t.HelmChartContainer - [K3S] [replica_set.go:679] "Finished syncing" kind="ReplicaSet" key="helmadditionalvolumesit-operator/hivemq-test-hivemq-platform-operator-6966f96d65" duration="43.771µs"
2025-01-30 18:19:27,837 INFO c.h.h.t.HelmChartContainer - [POD] hivemq-test-hivemq-platform-operator-6966f96d65-5b52l [96d2a8f7-d2e7-4ded-9ad5-1cf8fc950028] in helmadditionalvolumesit-operator was MODIFIED
2025-01-30 18:19:27,844 INFO c.h.h.t.HelmChartContainer - Started log watcher for hivemq-platform-operator in pod hivemq-test-hivemq-platform-operator-6966f96d65-5b52l [96d2a8f7-d2e7-4ded-9ad5-1cf8fc950028]
2025-01-30 18:19:27,844 INFO c.h.h.t.HelmChartContainer - [EVENT] Normal [Started] Started container hivemq-platform-operator [helmadditionalvolumesit-operator:hivemq-test-hivemq-platform-operator-6966f96d65-5b52l]
2025-01-30 18:19:27,844 INFO c.h.h.t.HelmChartContainer - Received Started event for container hivemq-platform-operator in pod hivemq-test-hivemq-platform-operator-6966f96d65-5b52l [96d2a8f7-d2e7-4ded-9ad5-1cf8fc950028]
2025-01-30 18:19:27,844 INFO c.h.h.t.HelmChartContainer - [hivemq-test-hivemq-platform] [hivemq-platform-operator] [96d2a8f7] -------------------------------------------------------------------------
2025-01-30 18:19:27,844 INFO c.h.h.t.HelmChartContainer - [hivemq-test-hivemq-platform] [hivemq-platform-operator] [96d2a8f7] 
2025-01-30 18:19:27,844 INFO c.h.h.t.HelmChartContainer - [hivemq-test-hivemq-platform] [hivemq-platform-operator] [96d2a8f7]                   _    _  _              __  __   ____
2025-01-30 18:19:27,845 INFO c.h.h.t.HelmChartContainer - [hivemq-test-hivemq-platform] [hivemq-platform-operator] [96d2a8f7]                  | |  | |(_)            |  \/  | / __ \
2025-01-30 18:19:27,845 INFO c.h.h.t.HelmChartContainer - [hivemq-test-hivemq-platform] [hivemq-platform-operator] [96d2a8f7]                  | |__| | _ __   __ ___ | \  / || |  | |
2025-01-30 18:19:27,845 INFO c.h.h.t.HelmChartContainer - [hivemq-test-hivemq-platform] [hivemq-platform-operator] [96d2a8f7]                  |  __  || |\ \ / // _ \| |\/| || |  | |
2025-01-30 18:19:27,845 INFO c.h.h.t.HelmChartContainer - [hivemq-test-hivemq-platform] [hivemq-platform-operator] [96d2a8f7]                  | |  | || | \ V /|  __/| |  | || |__| |
2025-01-30 18:19:27,845 INFO c.h.h.t.HelmChartContainer - [hivemq-test-hivemq-platform] [hivemq-platform-operator] [96d2a8f7]                  |_|  |_||_|  \_/  \___||_|  |_| \___\_\
2025-01-30 18:19:27,845 INFO c.h.h.t.HelmChartContainer - [hivemq-test-hivemq-platform] [hivemq-platform-operator] [96d2a8f7] 
2025-01-30 18:19:27,845 INFO c.h.h.t.HelmChartContainer - [hivemq-test-hivemq-platform] [hivemq-platform-operator] [96d2a8f7] -------------------------------------------------------------------------
2025-01-30 18:19:27,845 INFO c.h.h.t.HelmChartContainer - [hivemq-test-hivemq-platform] [hivemq-platform-operator] [96d2a8f7] 
2025-01-30 18:19:27,845 INFO c.h.h.t.HelmChartContainer - [hivemq-test-hivemq-platform] [hivemq-platform-operator] [96d2a8f7]   HiveMQ Platform Operator Start Script v1.0
2025-01-30 18:19:27,845 INFO c.h.h.t.HelmChartContainer - [hivemq-test-hivemq-platform] [hivemq-platform-operator] [96d2a8f7] 
2025-01-30 18:19:27,845 INFO c.h.h.t.HelmChartContainer - [hivemq-test-hivemq-platform] [hivemq-platform-operator] [96d2a8f7] -------------------------------------------------------------------------
2025-01-30 18:19:27,845 INFO c.h.h.t.HelmChartContainer - [hivemq-test-hivemq-platform] [hivemq-platform-operator] [96d2a8f7] 
2025-01-30 18:19:27,845 INFO c.h.h.t.HelmChartContainer - [hivemq-test-hivemq-platform] [hivemq-platform-operator] [96d2a8f7]   JAVA_OPTS: -XX:+UnlockExperimentalVMOptions -XX:InitialRAMPercentage=75 -XX:MaxRAMPercentage=75 -Duser.language=en -Duser.region=US
2025-01-30 18:19:27,845 INFO c.h.h.t.HelmChartContainer - [hivemq-test-hivemq-platform] [hivemq-platform-operator] [96d2a8f7] 
2025-01-30 18:19:27,845 INFO c.h.h.t.HelmChartContainer - [hivemq-test-hivemq-platform] [hivemq-platform-operator] [96d2a8f7]   JAVA_VERSION: 21
2025-01-30 18:19:27,845 INFO c.h.h.t.HelmChartContainer - [hivemq-test-hivemq-platform] [hivemq-platform-operator] [96d2a8f7] 
2025-01-30 18:19:27,845 INFO c.h.h.t.HelmChartContainer - [hivemq-test-hivemq-platform] [hivemq-platform-operator] [96d2a8f7] -------------------------------------------------------------------------
2025-01-30 18:19:27,845 INFO c.h.h.t.HelmChartContainer - [hivemq-test-hivemq-platform] [hivemq-platform-operator] [96d2a8f7] 
2025-01-30 18:19:30,472 INFO c.h.h.t.HelmChartContainer - [hivemq-test-hivemq-platform] [hivemq-platform-operator] [96d2a8f7] 18:19:30.469 [main] DEBUG org.jboss.logging - Logging Provider: org.jboss.logging.Slf4jLoggerProvider
2025-01-30 18:19:30,655 INFO c.h.h.t.HelmChartContainer - [hivemq-test-hivemq-platform] [hivemq-platform-operator] [96d2a8f7] 18:19:30.654 [main] DEBUG io.smallrye.config - SRCFG01006: Loaded ConfigSource SysPropConfigSource with ordinal 400
2025-01-30 18:19:30,655 INFO c.h.h.t.HelmChartContainer - [hivemq-test-hivemq-platform] [hivemq-platform-operator] [96d2a8f7] 18:19:30.654 [main] DEBUG io.smallrye.config - SRCFG01006: Loaded ConfigSource EnvConfigSource with ordinal 300
2025-01-30 18:19:30,655 INFO c.h.h.t.HelmChartContainer - [hivemq-test-hivemq-platform] [hivemq-platform-operator] [96d2a8f7] 18:19:30.654 [main] DEBUG io.smallrye.config - SRCFG01006: Loaded ConfigSource PropertiesConfigSource[source=jar:file:///opt/hivemq-platform-operator/bin/hivemq-platform-operator.jar!/hivemq-platform-operator.properties] with ordinal 100
2025-01-30 18:19:30,655 INFO c.h.h.t.HelmChartContainer - [hivemq-test-hivemq-platform] [hivemq-platform-operator] [96d2a8f7] 18:19:30.654 [main] DEBUG io.smallrye.config - SRCFG01006: Loaded ConfigSource DefaultValuesConfigSource with ordinal -2147483648
2025-01-30 18:19:30,752 INFO c.h.h.t.HelmChartContainer - [hivemq-test-hivemq-platform] [hivemq-platform-operator] [96d2a8f7] 18:19:30.752 [main] DEBUG i.m.c.u.i.l.InternalLoggerFactory - Using SLF4J as the default logging framework
2025-01-30 18:19:30,861 INFO c.h.h.t.HelmChartContainer - [hivemq-test-hivemq-platform] [hivemq-platform-operator] [96d2a8f7] 18:19:30.852 [main] INFO  c.h.p.o.HiveMQPlatformOperatorApplication - HiveMQ Platform Operator 1.7.0-SNAPSHOT (commit: 47e3375 on branch: HEAD) built on Thu Jan 30 03:55:50 UTC 2025
2025-01-30 18:19:30,861 INFO c.h.h.t.HelmChartContainer - [hivemq-test-hivemq-platform] [hivemq-platform-operator] [96d2a8f7] 18:19:30.860 [main] INFO  c.h.p.o.HiveMQPlatformOperatorApplication - HiveMQ Platform Operator is running in namespace: helmadditionalvolumesit-operator
2025-01-30 18:19:30,862 INFO c.h.h.t.HelmChartContainer - [hivemq-test-hivemq-platform] [hivemq-platform-operator] [96d2a8f7] 18:19:30.860 [main] INFO  c.h.p.o.HiveMQPlatformOperatorApplication - Watching all namespaces
2025-01-30 18:19:30,862 INFO c.h.h.t.HelmChartContainer - [hivemq-test-hivemq-platform] [hivemq-platform-operator] [96d2a8f7] 18:19:30.860 [main] INFO  c.h.p.o.HiveMQPlatformOperatorApplication - Log level: DEBUG
2025-01-30 18:19:30,862 INFO c.h.h.t.HelmChartContainer - [hivemq-test-hivemq-platform] [hivemq-platform-operator] [96d2a8f7] 18:19:30.860 [main] INFO  c.h.p.o.HiveMQPlatformOperatorApplication - Release name: test-hivemq-platform-operator
2025-01-30 18:19:30,862 INFO c.h.h.t.HelmChartContainer - [hivemq-test-hivemq-platform] [hivemq-platform-operator] [96d2a8f7] 18:19:30.860 [main] INFO  c.h.p.o.HiveMQPlatformOperatorApplication - HiveMQ Platform Operator Init image: docker.io/hivemq/hivemq-platform-operator-init-test:snapshot
2025-01-30 18:19:30,862 INFO c.h.h.t.HelmChartContainer - [hivemq-test-hivemq-platform] [hivemq-platform-operator] [96d2a8f7] 18:19:30.860 [main] INFO  c.h.p.o.HiveMQPlatformOperatorApplication - HiveMQ Platform Operator Init App update URL: http://hivemq-platform-operator-test-hivemq-platform-operator.helmadditionalvolumesit-operator.svc:8080/initAppUpdate/hivemq-platform-operator-init-app-1.7.0-SNAPSHOT.jar
2025-01-30 18:19:30,862 INFO c.h.h.t.HelmChartContainer - [hivemq-test-hivemq-platform] [hivemq-platform-operator] [96d2a8f7] 18:19:30.860 [main] INFO  c.h.p.o.HiveMQPlatformOperatorApplication - Additional imagePullSecret for all Platform deployments: none
2025-01-30 18:19:30,862 INFO c.h.h.t.HelmChartContainer - [hivemq-test-hivemq-platform] [hivemq-platform-operator] [96d2a8f7] 18:19:30.860 [main] INFO  c.h.p.o.HiveMQPlatformOperatorApplication - Apply HiveMQ Platform CRD: true
2025-01-30 18:19:30,862 INFO c.h.h.t.HelmChartContainer - [hivemq-test-hivemq-platform] [hivemq-platform-operator] [96d2a8f7] 18:19:30.860 [main] INFO  c.h.p.o.HiveMQPlatformOperatorApplication - Create Platform ServiceAccount: true
2025-01-30 18:19:30,862 INFO c.h.h.t.HelmChartContainer - [hivemq-test-hivemq-platform] [hivemq-platform-operator] [96d2a8f7] 18:19:30.860 [main] INFO  c.h.p.o.HiveMQPlatformOperatorApplication - Create Platform ServiceAccount permissions: true
2025-01-30 18:19:30,862 INFO c.h.h.t.HelmChartContainer - [hivemq-test-hivemq-platform] [hivemq-platform-operator] [96d2a8f7] 18:19:30.860 [main] INFO  c.h.p.o.HiveMQPlatformOperatorApplication - Validate Platform ServiceAccount: true
2025-01-30 18:19:30,862 INFO c.h.h.t.HelmChartContainer - [hivemq-test-hivemq-platform] [hivemq-platform-operator] [96d2a8f7] 18:19:30.860 [main] INFO  c.h.p.o.HiveMQPlatformOperatorApplication - Validate Platform ServiceAccount permissions: true
2025-01-30 18:19:30,982 INFO c.h.h.t.HelmChartContainer - [hivemq-test-hivemq-platform] [hivemq-platform-operator] [96d2a8f7] 18:19:30.981 [main] INFO  c.h.platform.operator.util.CRDUtil - Verifying deployed HiveMQ Platform CRD...
2025-01-30 18:19:33,452 INFO c.h.h.t.HelmChartContainer - [hivemq-test-hivemq-platform] [hivemq-platform-operator] [96d2a8f7] 18:19:33.450 [main] DEBUG c.h.platform.operator.util.CRDUtil - HiveMQ Platform CRD version v1 is up to date
2025-01-30 18:19:33,452 INFO c.h.h.t.HelmChartContainer - [hivemq-test-hivemq-platform] [hivemq-platform-operator] [96d2a8f7] 18:19:33.450 [main] INFO  c.h.platform.operator.util.CRDUtil - HiveMQ Platform CRD is up to date (version: V1_6_0)
2025-01-30 18:19:33,452 INFO c.h.h.t.HelmChartContainer - [hivemq-test-hivemq-platform] [hivemq-platform-operator] [96d2a8f7] 18:19:33.451 [main] INFO  c.h.platform.operator.util.CRDUtil - Waiting 10000 ms for HiveMQ Platform CRD 'hivemq-platforms.hivemq.com' to become ready...
2025-01-30 18:19:33,751 INFO c.h.h.t.HelmChartContainer - [hivemq-test-hivemq-platform] [hivemq-platform-operator] [96d2a8f7] 18:19:33.750 [vert.x-eventloop-thread-1] DEBUG c.h.platform.operator.util.CRDUtil - Checking CRD condition 'NamesAccepted' (status: 'True')
2025-01-30 18:19:33,752 INFO c.h.h.t.HelmChartContainer - [hivemq-test-hivemq-platform] [hivemq-platform-operator] [96d2a8f7] 18:19:33.750 [vert.x-eventloop-thread-1] DEBUG c.h.platform.operator.util.CRDUtil - Checking CRD condition 'Established' (status: 'True')
2025-01-30 18:19:33,752 INFO c.h.h.t.HelmChartContainer - [hivemq-test-hivemq-platform] [hivemq-platform-operator] [96d2a8f7] 18:19:33.750 [main] INFO  c.h.platform.operator.util.CRDUtil - HiveMQ Platform CRD 'hivemq-platforms.hivemq.com' is ready
2025-01-30 18:19:33,864 INFO c.h.h.t.HelmChartContainer - [hivemq-test-hivemq-platform] [hivemq-platform-operator] [96d2a8f7] 18:19:33.863 [main] INFO  c.h.p.o.HiveMQPlatformReconciler - HiveMQ Platform Operator is starting...
2025-01-30 18:19:33,968 INFO c.h.h.t.HelmChartContainer - [hivemq-test-hivemq-platform] [hivemq-platform-operator] [96d2a8f7] 18:19:33.967 [main] WARN  Default ConfigurationService implementation - Configuration for reconciler 'hivemq-controller' was not found. Known reconcilers: None.
2025-01-30 18:19:34,052 INFO c.h.h.t.HelmChartContainer - [hivemq-test-hivemq-platform] [hivemq-platform-operator] [96d2a8f7] 18:19:34.050 [main] INFO  Default ConfigurationService implementation - Created configuration for reconciler com.hivemq.platform.operator.HiveMQPlatformReconciler with name hivemq-controller
2025-01-30 18:19:34,152 INFO c.h.h.t.HelmChartContainer - [hivemq-test-hivemq-platform] [hivemq-platform-operator] [96d2a8f7] 18:19:34.151 [main] DEBUG c.h.p.o.HiveMQPlatformReconciler - HiveMQ Platform Operator is preparing EventSources
2025-01-30 18:19:34,164 INFO c.h.h.t.HelmChartContainer - [hivemq-test-hivemq-platform] [hivemq-platform-operator] [96d2a8f7] 18:19:34.164 [main] INFO  i.javaoperatorsdk.operator.Operator - Registered reconciler: 'hivemq-controller' for resource: 'class com.hivemq.platform.operator.v1.HiveMQPlatform' for namespace(s): [all namespaces]
2025-01-30 18:19:34,669 INFO c.h.h.t.HelmChartContainer - [hivemq-test-hivemq-platform] [hivemq-platform-operator] [96d2a8f7] 18:19:34.668 [main] INFO  c.h.p.operator.webserver.JettyServer - Starting Jetty server on port 8080
2025-01-30 18:19:34,768 INFO c.h.h.t.HelmChartContainer - [hivemq-test-hivemq-platform] [hivemq-platform-operator] [96d2a8f7] 18:19:34.767 [main] INFO  i.javaoperatorsdk.operator.Operator - Operator SDK 4.9.7 (commit: 2133d28) built on Wed Nov 20 12:56:20 UTC 2024 starting...
2025-01-30 18:19:34,768 INFO c.h.h.t.HelmChartContainer - [hivemq-test-hivemq-platform] [hivemq-platform-operator] [96d2a8f7] 18:19:34.767 [main] INFO  i.javaoperatorsdk.operator.Operator - Client version: 6.13.5
2025-01-30 18:19:34,769 INFO c.h.h.t.HelmChartContainer - [hivemq-test-hivemq-platform] [hivemq-platform-operator] [96d2a8f7] 18:19:34.768 [Controller Starter for: hivemq-controller] INFO  i.j.operator.processing.Controller - Starting 'hivemq-controller' controller for reconciler: com.hivemq.platform.operator.HiveMQPlatformReconciler, resource: com.hivemq.platform.operator.v1.HiveMQPlatform
2025-01-30 18:19:37,057 INFO c.h.h.t.HelmChartContainer - [hivemq-test-hivemq-platform] [hivemq-platform-operator] [96d2a8f7] 18:19:37.054 [Controller Starter for: hivemq-controller] INFO  i.j.operator.processing.Controller - 'hivemq-controller' controller started
2025-01-30 18:19:37,057 INFO c.h.h.t.HelmChartContainer - [hivemq-test-hivemq-platform] [hivemq-platform-operator] [96d2a8f7] 18:19:37.055 [main] INFO  c.h.p.o.HiveMQPlatformOperatorApplication - HiveMQ Platform Operator 1.7.0-SNAPSHOT started in 6203 ms
2025-01-30 18:19:38,838 INFO c.h.h.t.HelmChartContainer - [K3S] [replica_set.go:679] "Finished syncing" kind="ReplicaSet" key="helmadditionalvolumesit-operator/hivemq-test-hivemq-platform-operator-6966f96d65" duration="6.017635ms"
2025-01-30 18:19:38,839 INFO c.h.h.t.HelmChartContainer - [K3S] [replica_set.go:679] "Finished syncing" kind="ReplicaSet" key="helmadditionalvolumesit-operator/hivemq-test-hivemq-platform-operator-6966f96d65" duration="33.191µs"
2025-01-30 18:19:38,840 INFO c.h.h.t.HelmChartContainer - [POD] hivemq-test-hivemq-platform-operator-6966f96d65-5b52l [96d2a8f7-d2e7-4ded-9ad5-1cf8fc950028] in helmadditionalvolumesit-operator was MODIFIED
2025-01-30 18:19:39,727 INFO c.h.h.t.HelmChartContainer - [EVENT] Normal [WaitForFirstConsumer] waiting for first consumer to be created before binding [helmadditionalvolumesit:test-persistent-volume-claim]
2025-01-30 18:19:39,804 DEBUG c.h.h.t.HelmChartContainer - Executing helm command: /bin/helm --kubeconfig /etc/rancher/k3s/k3s.yaml install test-hivemq-platform /charts/hivemq-platform --wait --timeout 5m0s --set image.repository=docker.io/hivemq --set image.tag=4.36.0 --set image.pullPolicy=Never --set nodes.resources.cpu=512m -f /files/additional-volumes-values.yaml --namespace helmadditionalvolumesit
2025-01-30 18:19:40,061 INFO c.h.h.t.HelmChartContainer - [hivemq-test-hivemq-platform] [hivemq-platform-operator] [96d2a8f7] 18:19:40.060 [-2082509879-pool-1-thread-4] WARN  i.m.p.PrometheusMeterRegistry - The meter (MeterId{name='operator.sdk.events.received', tags=[tag(action=ADDED),tag(event=ResourceEvent),tag(group=hivemq.com),tag(kind=HiveMQPlatform),tag(name=test-hivemq-platform),tag(namespace=helmadditionalvolumesit),tag(scope=namespace),tag(version=v1)]}) registration has failed: Prometheus requires that all meters with the same name have the same set of tag keys. There is already an existing meter named 'operator.sdk.events.received' containing tag keys [event, group, kind, name, namespace, scope, version]. The meter you are attempting to register has keys [action, event, group, kind, name, namespace, scope, version]. Note that subsequent logs will be logged at debug level.
2025-01-30 18:19:40,569 INFO c.h.h.t.HelmChartContainer - [hivemq-test-hivemq-platform] [hivemq-platform-operator] [96d2a8f7] 18:19:40.567 [pool-6-thread-3] DEBUG c.h.p.o.dependants.PodInfoConfigMap - [helmaddi] Desired PodInfo ConfigMap (1 extensions) (1 enabled)
2025-01-30 18:19:40,644 INFO c.h.h.t.HelmChartContainer - [hivemq-test-hivemq-platform] [hivemq-platform-operator] [96d2a8f7] 18:19:40.643 [pool-6-thread-3] DEBUG c.h.p.o.dependants.PodInfoConfigMap - [helmaddi] Desired PodInfo ConfigMap (metrics port: 9399) (metrics path: /)
2025-01-30 18:19:40,644 INFO c.h.h.t.HelmChartContainer - [hivemq-test-hivemq-platform] [hivemq-platform-operator] [96d2a8f7] 18:19:40.643 [pool-6-thread-3] DEBUG c.h.p.o.dependants.PodInfoConfigMap - [helmaddi] Desired PodInfo ConfigMap (extension state hash: -1817474005)
2025-01-30 18:19:40,646 INFO c.h.h.t.HelmChartContainer - [hivemq-test-hivemq-platform] [hivemq-platform-operator] [96d2a8f7] 18:19:40.645 [pool-6-thread-3] DEBUG c.h.p.o.dependants.PodInfoConfigMap - [helmaddi] Create PodInfo ConfigMap
2025-01-30 18:19:40,756 INFO c.h.h.t.HelmChartContainer - [hivemq-test-hivemq-platform] [hivemq-platform-operator] [96d2a8f7] 18:19:40.752 [pool-6-thread-5] DEBUG c.h.p.o.dependants.PodRoleResource - [helmaddi] Create Role: Role(apiVersion=rbac.authorization.k8s.io/v1, kind=Role, metadata=ObjectMeta(annotations={meta.helm.sh/release-name=test-hivemq-platform, meta.helm.sh/release-namespace=helmadditionalvolumesit}, creationTimestamp=null, deletionGracePeriodSeconds=null, deletionTimestamp=null, finalizers=[], generateName=null, generation=null, labels={helm.sh/chart=hivemq-platform-0.2.32, app.kubernetes.io/managed-by=Helm, app.kubernetes.io/name=hivemq-platform, hivemq-platform=test-hivemq-platform, app.kubernetes.io/instance=test-hivemq-platform, app.kubernetes.io/version=4.36.0}, managedFields=[], name=hivemq-platform-role-test-hivemq-platform, namespace=helmadditionalvolumesit, ownerReferences=[OwnerReference(apiVersion=hivemq.com/v1, blockOwnerDeletion=null, controller=null, kind=HiveMQPlatform, name=test-hivemq-platform, uid=e3ddb62e-7e38-4868-9a89-1ae8d1c761b1, additionalProperties={})], resourceVersion=null, selfLink=null, uid=null, additionalProperties={}), rules=[PolicyRule(apiGroups=[], nonResourceURLs=[], resourceNames=[], resources=[pods], verbs=[get, patch, update], additionalProperties={})], additionalProperties={})
2025-01-30 18:19:40,854 INFO c.h.h.t.HelmChartContainer - [hivemq-test-hivemq-platform] [hivemq-platform-operator] [96d2a8f7] 18:19:40.852 [pool-6-thread-7] DEBUG c.h.p.o.d.PodServiceAccountResource - [helmaddi] Desired PodServiceAccountResource (serviceAccountName: hivemq-platform-pod-test-hivemq-platform)
2025-01-30 18:19:40,854 INFO c.h.h.t.HelmChartContainer - [hivemq-test-hivemq-platform] [hivemq-platform-operator] [96d2a8f7] 18:19:40.852 [pool-6-thread-7] DEBUG c.h.p.o.d.PodServiceAccountResource - [helmaddi] Create ServiceAccount 'hivemq-platform-pod-test-hivemq-platform'
2025-01-30 18:19:40,958 INFO c.h.h.t.HelmChartContainer - [hivemq-test-hivemq-platform] [hivemq-platform-operator] [96d2a8f7] 18:19:40.957 [pool-6-thread-10] DEBUG c.h.p.o.d.PodRoleBindingResource - [helmaddi] Create RoleBinding: RoleBinding(apiVersion=rbac.authorization.k8s.io/v1, kind=RoleBinding, metadata=ObjectMeta(annotations={meta.helm.sh/release-name=test-hivemq-platform, meta.helm.sh/release-namespace=helmadditionalvolumesit}, creationTimestamp=null, deletionGracePeriodSeconds=null, deletionTimestamp=null, finalizers=[], generateName=null, generation=null, labels={helm.sh/chart=hivemq-platform-0.2.32, app.kubernetes.io/managed-by=Helm, app.kubernetes.io/name=hivemq-platform, hivemq-platform=test-hivemq-platform, app.kubernetes.io/instance=test-hivemq-platform, app.kubernetes.io/version=4.36.0}, managedFields=[], name=hivemq-platform-role-binding-test-hivemq-platform, namespace=helmadditionalvolumesit, ownerReferences=[OwnerReference(apiVersion=hivemq.com/v1, blockOwnerDeletion=null, controller=null, kind=HiveMQPlatform, name=test-hivemq-platform, uid=e3ddb62e-7e38-4868-9a89-1ae8d1c761b1, additionalProperties={})], resourceVersion=null, selfLink=null, uid=null, additionalProperties={}), roleRef=RoleRef(apiGroup=rbac.authorization.k8s.io, kind=Role, name=hivemq-platform-role-test-hivemq-platform, additionalProperties={}), subjects=[Subject(apiGroup=null, kind=ServiceAccount, name=hivemq-platform-pod-test-hivemq-platform, namespace=helmadditionalvolumesit, additionalProperties={})], additionalProperties={})
2025-01-30 18:19:40,974 INFO c.h.h.t.HelmChartContainer - [hivemq-test-hivemq-platform] [hivemq-platform-operator] [96d2a8f7] 18:19:40.973 [ReconcilerExecutor-hivemq-controller-54] INFO  c.h.p.o.HiveMQPlatformReconciler - [helmaddi] Reconciling HiveMQ Platform 'test-hivemq-platform' in namespace 'helmadditionalvolumesit'
2025-01-30 18:19:41,044 INFO c.h.h.t.HelmChartContainer - [hivemq-test-hivemq-platform] [hivemq-platform-operator] [96d2a8f7] 18:19:41.043 [ReconcilerExecutor-hivemq-controller-54] DEBUG c.h.p.o.HiveMQPlatformReconciler - [helmaddi] Custom Resource Status CREATED - HiveMQ Platform was created (READY)
2025-01-30 18:19:41,044 INFO c.h.h.t.HelmChartContainer - [hivemq-test-hivemq-platform] [hivemq-platform-operator] [96d2a8f7] 18:19:41.043 [ReconcilerExecutor-hivemq-controller-54] DEBUG c.h.p.o.HiveMQPlatformReconciler - [helmaddi] Custom Resource Spec (replicas: 1) (extensions: 1)
2025-01-30 18:19:41,052 INFO c.h.h.t.HelmChartContainer - [hivemq-test-hivemq-platform] [hivemq-platform-operator] [96d2a8f7] 18:19:41.051 [ReconcilerExecutor-hivemq-controller-54] INFO  c.h.p.o.h.HiveMQPlatformReconcilerBaseHandler - [helmaddi] HiveMQ Platform is starting
2025-01-30 18:19:41,155 INFO c.h.h.t.HelmChartContainer - [hivemq-test-hivemq-platform] [hivemq-platform-operator] [96d2a8f7] 18:19:41.154 [ReconcilerExecutor-hivemq-controller-54] DEBUG c.h.p.operator.event.EventSender - [helmaddi] Creating K8s event hivemq-platform-starting: [Start] HiveMQ Platform is starting
2025-01-30 18:19:41,162 INFO c.h.h.t.HelmChartContainer - [EVENT] Normal [Start] HiveMQ Platform is starting [helmadditionalvolumesit:test-hivemq-platform]
2025-01-30 18:19:41,166 INFO c.h.h.t.HelmChartContainer - [hivemq-test-hivemq-platform] [hivemq-platform-operator] [96d2a8f7] 18:19:41.166 [ReconcilerExecutor-hivemq-controller-54] INFO  c.h.p.o.h.AbstractHiveMQReconcilerStateHandler - [helmaddi] Update HiveMQ Platform Status (CREATED [READY] -> STARTING [READY]): HiveMQ Platform is starting
2025-01-30 18:19:41,262 DEBUG com.hivemq.helmcharts.util.K8sUtil - Comparing actual state 'STARTING' and waiting for 'RUNNING'
2025-01-30 18:19:50,814 INFO c.h.h.t.HelmChartContainer - [EVENT] Normal [WaitForFirstConsumer] waiting for first consumer to be created before binding [helmadditionalvolumesit:test-persistent-volume-claim]
2025-01-30 18:19:51,273 INFO c.h.h.t.HelmChartContainer - [hivemq-test-hivemq-platform] [hivemq-platform-operator] [96d2a8f7] 18:19:51.271 [pool-6-thread-12] DEBUG c.h.p.o.d.PlatformServiceResource - [helmaddi] Desired Platform services (3 services)
2025-01-30 18:19:51,275 INFO c.h.h.t.HelmChartContainer - [hivemq-test-hivemq-platform] [hivemq-platform-operator] [96d2a8f7] 18:19:51.273 [pool-6-thread-13] DEBUG c.h.p.o.dependants.PodInfoConfigMap - [helmaddi] Desired PodInfo ConfigMap (1 extensions) (1 enabled)
2025-01-30 18:19:51,275 INFO c.h.h.t.HelmChartContainer - [hivemq-test-hivemq-platform] [hivemq-platform-operator] [96d2a8f7] 18:19:51.273 [pool-6-thread-13] DEBUG c.h.p.o.dependants.PodInfoConfigMap - [helmaddi] Desired PodInfo ConfigMap (metrics port: 9399) (metrics path: /)
2025-01-30 18:19:51,275 INFO c.h.h.t.HelmChartContainer - [hivemq-test-hivemq-platform] [hivemq-platform-operator] [96d2a8f7] 18:19:51.273 [pool-6-thread-13] DEBUG c.h.p.o.dependants.PodInfoConfigMap - [helmaddi] Desired PodInfo ConfigMap (extension state hash: -1817474005)
2025-01-30 18:19:51,282 INFO c.h.h.t.HelmChartContainer - [hivemq-test-hivemq-platform] [hivemq-platform-operator] [96d2a8f7] 18:19:51.281 [pool-6-thread-17] DEBUG c.h.p.o.d.PodServiceAccountResource - [helmaddi] Desired PodServiceAccountResource (serviceAccountName: hivemq-platform-pod-test-hivemq-platform)
2025-01-30 18:19:51,354 INFO c.h.h.t.HelmChartContainer - [hivemq-test-hivemq-platform] [hivemq-platform-operator] [96d2a8f7] 18:19:51.351 [pool-6-thread-13] DEBUG c.h.p.o.dependants.PodInfoConfigMap - [helmaddi] Update PodInfo ConfigMap
2025-01-30 18:19:51,360 INFO c.h.h.t.HelmChartContainer - [K3S] [alloc.go:330] "allocated clusterIPs" service="helmadditionalvolumesit/hivemq-test-hivemq-platform-mqtt-1883" clusterIPs={"IPv4":"10.43.221.114"}
2025-01-30 18:19:51,374 INFO c.h.h.t.HelmChartContainer - [K3S] [alloc.go:330] "allocated clusterIPs" service="helmadditionalvolumesit/hivemq-test-hivemq-platform-metrics-9399" clusterIPs={"IPv4":"10.43.23.205"}
2025-01-30 18:19:51,456 INFO c.h.h.t.HelmChartContainer - [K3S] [alloc.go:330] "allocated clusterIPs" service="helmadditionalvolumesit/hivemq-test-hivemq-platform-cc-8080" clusterIPs={"IPv4":"10.43.175.65"}
2025-01-30 18:19:51,468 INFO c.h.h.t.HelmChartContainer - [hivemq-test-hivemq-platform] [hivemq-platform-operator] [96d2a8f7] 18:19:51.467 [pool-6-thread-20] DEBUG c.h.p.o.d.StatefulSetResource - [helmaddi] Desired StatefulSet (1 replicas) for status STARTING (READY)
2025-01-30 18:19:51,559 INFO c.h.h.t.HelmChartContainer - [hivemq-test-hivemq-platform] [hivemq-platform-operator] [96d2a8f7] 18:19:51.558 [pool-6-thread-20] DEBUG c.h.p.o.d.StatefulSetResource - [helmaddi] Create StatefulSet
2025-01-30 18:19:51,589 INFO c.h.h.t.HelmChartContainer - [POD] test-hivemq-platform-0 [250f2274-b34f-4822-a609-fadeb6d5a830] in helmadditionalvolumesit was ADDED
2025-01-30 18:19:51,591 INFO c.h.h.t.HelmChartContainer - [EVENT] Normal [SuccessfulCreate] create Pod test-hivemq-platform-0 in StatefulSet test-hivemq-platform successful [helmadditionalvolumesit:test-hivemq-platform]
2025-01-30 18:19:51,599 INFO c.h.h.t.HelmChartContainer - [EVENT] Normal [ExternalProvisioning] Waiting for a volume to be created either by the external provisioner 'rancher.io/local-path' or manually by the system administrator. If volume creation is delayed, please verify that the provisioner is running and correctly registered. [helmadditionalvolumesit:test-persistent-volume-claim]
2025-01-30 18:19:51,602 INFO c.h.h.t.HelmChartContainer - [EVENT] Normal [ExternalProvisioning] Waiting for a volume to be created either by the external provisioner 'rancher.io/local-path' or manually by the system administrator. If volume creation is delayed, please verify that the provisioner is running and correctly registered. [helmadditionalvolumesit:test-persistent-volume-claim]
2025-01-30 18:19:51,603 INFO c.h.h.t.HelmChartContainer - [EVENT] Normal [Provisioning] External provisioner is provisioning volume for claim "helmadditionalvolumesit/test-persistent-volume-claim" [helmadditionalvolumesit:test-persistent-volume-claim]
2025-01-30 18:19:51,609 INFO c.h.h.t.HelmChartContainer - [POD] helper-pod-create-pvc-a4073af4-79fe-4c47-8dff-9192a372980f [b74c2fc2-4654-4f2a-8c08-861ee2e279ed] in kube-system was ADDED
2025-01-30 18:19:51,617 INFO c.h.h.t.HelmChartContainer - [POD] helper-pod-create-pvc-a4073af4-79fe-4c47-8dff-9192a372980f [b74c2fc2-4654-4f2a-8c08-861ee2e279ed] in kube-system was MODIFIED
2025-01-30 18:19:51,655 INFO c.h.h.t.HelmChartContainer - [K3S] [reconciler_common.go:251] "operationExecutor.VerifyControllerAttachedVolume started for volume \"script\" (UniqueName: \"kubernetes.io/configmap/b74c2fc2-4654-4f2a-8c08-861ee2e279ed-script\") pod \"helper-pod-create-pvc-a4073af4-79fe-4c47-8dff-9192a372980f\" (UID: \"b74c2fc2-4654-4f2a-8c08-861ee2e279ed\") " pod="kube-system/helper-pod-create-pvc-a4073af4-79fe-4c47-8dff-9192a372980f"
2025-01-30 18:19:51,655 INFO c.h.h.t.HelmChartContainer - [K3S] [reconciler_common.go:251] "operationExecutor.VerifyControllerAttachedVolume started for volume \"data\" (UniqueName: \"kubernetes.io/host-path/b74c2fc2-4654-4f2a-8c08-861ee2e279ed-data\") pod \"helper-pod-create-pvc-a4073af4-79fe-4c47-8dff-9192a372980f\" (UID: \"b74c2fc2-4654-4f2a-8c08-861ee2e279ed\") " pod="kube-system/helper-pod-create-pvc-a4073af4-79fe-4c47-8dff-9192a372980f"
2025-01-30 18:19:51,655 INFO c.h.h.t.HelmChartContainer - [K3S] [reconciler_common.go:251] "operationExecutor.VerifyControllerAttachedVolume started for volume \"kube-api-access-lmmtz\" (UniqueName: \"kubernetes.io/projected/b74c2fc2-4654-4f2a-8c08-861ee2e279ed-kube-api-access-lmmtz\") pod \"helper-pod-create-pvc-a4073af4-79fe-4c47-8dff-9192a372980f\" (UID: \"b74c2fc2-4654-4f2a-8c08-861ee2e279ed\") " pod="kube-system/helper-pod-create-pvc-a4073af4-79fe-4c47-8dff-9192a372980f"
2025-01-30 18:19:51,661 INFO c.h.h.t.HelmChartContainer - [hivemq-test-hivemq-platform] [hivemq-platform-operator] [96d2a8f7] 18:19:51.659 [ReconcilerExecutor-hivemq-controller-65] INFO  c.h.p.o.HiveMQPlatformReconciler - [helmaddi] Reconciling HiveMQ Platform 'test-hivemq-platform' in namespace 'helmadditionalvolumesit'
2025-01-30 18:19:51,661 INFO c.h.h.t.HelmChartContainer - [hivemq-test-hivemq-platform] [hivemq-platform-operator] [96d2a8f7] 18:19:51.660 [ReconcilerExecutor-hivemq-controller-65] DEBUG c.h.p.o.HiveMQPlatformReconciler - [helmaddi] Custom Resource Status STARTING - HiveMQ Platform is starting (READY)
2025-01-30 18:19:51,663 INFO c.h.h.t.HelmChartContainer - [hivemq-test-hivemq-platform] [hivemq-platform-operator] [96d2a8f7] 18:19:51.660 [ReconcilerExecutor-hivemq-controller-65] DEBUG c.h.p.o.HiveMQPlatformReconciler - [helmaddi] Custom Resource Spec (replicas: 1) (extensions: 1)
2025-01-30 18:19:51,664 INFO c.h.h.t.HelmChartContainer - [hivemq-test-hivemq-platform] [hivemq-platform-operator] [96d2a8f7] 18:19:51.663 [ReconcilerExecutor-hivemq-controller-65] DEBUG c.h.p.o.HiveMQPlatformReconciler - [helmaddi] StatefulSet Status (revision: test-hivemq-platform-5d4d897885, replicas: 1, available: 0, ready: 0, current: 1, updated: 1)
2025-01-30 18:19:51,664 INFO c.h.h.t.HelmChartContainer - [hivemq-test-hivemq-platform] [hivemq-platform-operator] [96d2a8f7] 18:19:51.663 [ReconcilerExecutor-hivemq-controller-65] DEBUG c.h.p.o.HiveMQPlatformReconciler - [helmaddi] StatefulSet Spec (replicas: 1, init containers: 1, containers: 1, volumes: 7)
2025-01-30 18:19:51,751 INFO c.h.h.t.HelmChartContainer - [hivemq-test-hivemq-platform] [hivemq-platform-operator] [96d2a8f7] 18:19:51.750 [ReconcilerExecutor-hivemq-controller-65] DEBUG c.h.p.o.h.HiveMQPlatformReconcilerErrorHandler - [helmaddi] Pod 'test-hivemq-platform-0' phase Pending
2025-01-30 18:19:51,752 INFO c.h.h.t.HelmChartContainer - [hivemq-test-hivemq-platform] [hivemq-platform-operator] [96d2a8f7] 18:19:51.752 [ReconcilerExecutor-hivemq-controller-65] INFO  c.h.p.o.h.HiveMQPlatformReconcilerBaseHandler - [helmaddi] HiveMQ Platform is starting, 0 of 1 replicas are ready
2025-01-30 18:19:51,759 INFO c.h.h.t.HelmChartContainer - [hivemq-test-hivemq-platform] [hivemq-platform-operator] [96d2a8f7] 18:19:51.758 [pool-6-thread-22] DEBUG c.h.p.o.d.PlatformServiceResource - [helmaddi] Desired Platform services (3 services)
2025-01-30 18:19:51,761 INFO c.h.h.t.HelmChartContainer - [hivemq-test-hivemq-platform] [hivemq-platform-operator] [96d2a8f7] 18:19:51.760 [pool-6-thread-23] DEBUG c.h.p.o.dependants.PodInfoConfigMap - [helmaddi] Desired PodInfo ConfigMap (1 extensions) (1 enabled)
2025-01-30 18:19:51,761 INFO c.h.h.t.HelmChartContainer - [hivemq-test-hivemq-platform] [hivemq-platform-operator] [96d2a8f7] 18:19:51.760 [pool-6-thread-23] DEBUG c.h.p.o.dependants.PodInfoConfigMap - [helmaddi] Desired PodInfo ConfigMap (metrics port: 9399) (metrics path: /)
2025-01-30 18:19:51,765 INFO c.h.h.t.HelmChartContainer - [hivemq-test-hivemq-platform] [hivemq-platform-operator] [96d2a8f7] 18:19:51.763 [pool-6-thread-23] DEBUG c.h.p.o.dependants.PodInfoConfigMap - [helmaddi] Desired PodInfo ConfigMap (extension state hash: -1817474005)
2025-01-30 18:19:51,767 INFO c.h.h.t.HelmChartContainer - [hivemq-test-hivemq-platform] [hivemq-platform-operator] [96d2a8f7] 18:19:51.766 [pool-6-thread-27] DEBUG c.h.p.o.d.PodServiceAccountResource - [helmaddi] Desired PodServiceAccountResource (serviceAccountName: hivemq-platform-pod-test-hivemq-platform)
2025-01-30 18:19:51,858 INFO c.h.h.t.HelmChartContainer - [hivemq-test-hivemq-platform] [hivemq-platform-operator] [96d2a8f7] 18:19:51.857 [pool-6-thread-30] DEBUG c.h.p.o.d.StatefulSetResource - [helmaddi] Desired StatefulSet (1 replicas) for status STARTING (READY)
2025-01-30 18:19:51,863 INFO c.h.h.t.HelmChartContainer - [hivemq-test-hivemq-platform] [hivemq-platform-operator] [96d2a8f7] 18:19:51.862 [ReconcilerExecutor-hivemq-controller-78] INFO  c.h.p.o.HiveMQPlatformReconciler - [helmaddi] Reconciling HiveMQ Platform 'test-hivemq-platform' in namespace 'helmadditionalvolumesit'
2025-01-30 18:19:51,864 INFO c.h.h.t.HelmChartContainer - [hivemq-test-hivemq-platform] [hivemq-platform-operator] [96d2a8f7] 18:19:51.863 [ReconcilerExecutor-hivemq-controller-78] DEBUG c.h.p.o.HiveMQPlatformReconciler - [helmaddi] Custom Resource Status STARTING - HiveMQ Platform is starting (READY)
2025-01-30 18:19:51,864 INFO c.h.h.t.HelmChartContainer - [hivemq-test-hivemq-platform] [hivemq-platform-operator] [96d2a8f7] 18:19:51.863 [ReconcilerExecutor-hivemq-controller-78] DEBUG c.h.p.o.HiveMQPlatformReconciler - [helmaddi] Custom Resource Spec (replicas: 1) (extensions: 1)
2025-01-30 18:19:51,867 INFO c.h.h.t.HelmChartContainer - [hivemq-test-hivemq-platform] [hivemq-platform-operator] [96d2a8f7] 18:19:51.866 [ReconcilerExecutor-hivemq-controller-78] DEBUG c.h.p.o.HiveMQPlatformReconciler - [helmaddi] StatefulSet Status (revision: test-hivemq-platform-5d4d897885, replicas: 1, available: 0, ready: 0, current: 1, updated: 1)
2025-01-30 18:19:51,867 INFO c.h.h.t.HelmChartContainer - [hivemq-test-hivemq-platform] [hivemq-platform-operator] [96d2a8f7] 18:19:51.866 [ReconcilerExecutor-hivemq-controller-78] DEBUG c.h.p.o.HiveMQPlatformReconciler - [helmaddi] StatefulSet Spec (replicas: 1, init containers: 1, containers: 1, volumes: 7)
2025-01-30 18:19:51,953 INFO c.h.h.t.HelmChartContainer - [hivemq-test-hivemq-platform] [hivemq-platform-operator] [96d2a8f7] 18:19:51.950 [ReconcilerExecutor-hivemq-controller-78] DEBUG c.h.p.o.h.HiveMQPlatformReconcilerErrorHandler - [helmaddi] Pod 'test-hivemq-platform-0' phase Pending
2025-01-30 18:19:51,955 INFO c.h.h.t.HelmChartContainer - [hivemq-test-hivemq-platform] [hivemq-platform-operator] [96d2a8f7] 18:19:51.954 [ReconcilerExecutor-hivemq-controller-78] INFO  c.h.p.o.h.HiveMQPlatformReconcilerBaseHandler - [helmaddi] HiveMQ Platform is starting, 0 of 1 replicas are ready
2025-01-30 18:19:52,862 INFO c.h.h.t.HelmChartContainer - [POD] helper-pod-create-pvc-a4073af4-79fe-4c47-8dff-9192a372980f [b74c2fc2-4654-4f2a-8c08-861ee2e279ed] in kube-system was MODIFIED
2025-01-30 18:19:53,860 INFO c.h.h.t.HelmChartContainer - [POD] helper-pod-create-pvc-a4073af4-79fe-4c47-8dff-9192a372980f [b74c2fc2-4654-4f2a-8c08-861ee2e279ed] in kube-system was MODIFIED
2025-01-30 18:19:54,922 INFO c.h.h.t.HelmChartContainer - [POD] helper-pod-create-pvc-a4073af4-79fe-4c47-8dff-9192a372980f [b74c2fc2-4654-4f2a-8c08-861ee2e279ed] in kube-system was MODIFIED
2025-01-30 18:19:54,974 INFO c.h.h.t.HelmChartContainer - [K3S] [reconciler_common.go:162] "operationExecutor.UnmountVolume started for volume \"script\" (UniqueName: \"kubernetes.io/configmap/b74c2fc2-4654-4f2a-8c08-861ee2e279ed-script\") pod \"b74c2fc2-4654-4f2a-8c08-861ee2e279ed\" (UID: \"b74c2fc2-4654-4f2a-8c08-861ee2e279ed\") "
2025-01-30 18:19:54,975 INFO c.h.h.t.HelmChartContainer - [K3S] [reconciler_common.go:162] "operationExecutor.UnmountVolume started for volume \"data\" (UniqueName: \"kubernetes.io/host-path/b74c2fc2-4654-4f2a-8c08-861ee2e279ed-data\") pod \"b74c2fc2-4654-4f2a-8c08-861ee2e279ed\" (UID: \"b74c2fc2-4654-4f2a-8c08-861ee2e279ed\") "
2025-01-30 18:19:54,975 INFO c.h.h.t.HelmChartContainer - [K3S] [reconciler_common.go:162] "operationExecutor.UnmountVolume started for volume \"kube-api-access-lmmtz\" (UniqueName: \"kubernetes.io/projected/b74c2fc2-4654-4f2a-8c08-861ee2e279ed-kube-api-access-lmmtz\") pod \"b74c2fc2-4654-4f2a-8c08-861ee2e279ed\" (UID: \"b74c2fc2-4654-4f2a-8c08-861ee2e279ed\") "
2025-01-30 18:19:55,075 INFO c.h.h.t.HelmChartContainer - [K3S] [reconciler_common.go:299] "Volume detached for volume \"script\" (UniqueName: \"kubernetes.io/configmap/b74c2fc2-4654-4f2a-8c08-861ee2e279ed-script\") on node \"8e4c0e52442e\" DevicePath \"\""
2025-01-30 18:19:55,075 INFO c.h.h.t.HelmChartContainer - [K3S] [reconciler_common.go:299] "Volume detached for volume \"data\" (UniqueName: \"kubernetes.io/host-path/b74c2fc2-4654-4f2a-8c08-861ee2e279ed-data\") on node \"8e4c0e52442e\" DevicePath \"\""
2025-01-30 18:19:55,075 INFO c.h.h.t.HelmChartContainer - [K3S] [reconciler_common.go:299] "Volume detached for volume \"kube-api-access-lmmtz\" (UniqueName: \"kubernetes.io/projected/b74c2fc2-4654-4f2a-8c08-861ee2e279ed-kube-api-access-lmmtz\") on node \"8e4c0e52442e\" DevicePath \"\""
2025-01-30 18:19:55,629 INFO c.h.h.t.HelmChartContainer - [POD] helper-pod-create-pvc-a4073af4-79fe-4c47-8dff-9192a372980f [b74c2fc2-4654-4f2a-8c08-861ee2e279ed] in kube-system was MODIFIED
2025-01-30 18:19:55,631 INFO c.h.h.t.HelmChartContainer - [POD] helper-pod-create-pvc-a4073af4-79fe-4c47-8dff-9192a372980f [b74c2fc2-4654-4f2a-8c08-861ee2e279ed] in kube-system was DELETED
2025-01-30 18:19:55,643 INFO c.h.h.t.HelmChartContainer - [EVENT] Normal [ProvisioningSucceeded] Successfully provisioned volume pvc-a4073af4-79fe-4c47-8dff-9192a372980f [helmadditionalvolumesit:test-persistent-volume-claim]
2025-01-30 18:19:55,858 INFO c.h.h.t.HelmChartContainer - [K3S] [pod_container_deletor.go:80] "Container not found in pod's containers" containerID="d4ef4d9929bb85584f04d078cd785c27d3ca3cfc04baca60faf14a06355d38bc"
2025-01-30 18:19:55,863 INFO c.h.h.t.HelmChartContainer - [K3S] [status_manager.go:890] "Failed to get status for pod" podUID="b74c2fc2-4654-4f2a-8c08-861ee2e279ed" pod="kube-system/helper-pod-create-pvc-a4073af4-79fe-4c47-8dff-9192a372980f" err="pods \"helper-pod-create-pvc-a4073af4-79fe-4c47-8dff-9192a372980f\" is forbidden: User \"system:node:8e4c0e52442e\" cannot get resource \"pods\" in API group \"\" in the namespace \"kube-system\": no relationship found between node '8e4c0e52442e' and this object"
2025-01-30 18:19:56,181 INFO c.h.h.t.HelmChartContainer - [K3S] [kubelet_volumes.go:163] "Cleaned up orphaned pod volumes dir" podUID="b74c2fc2-4654-4f2a-8c08-861ee2e279ed" path="/var/lib/kubelet/pods/b74c2fc2-4654-4f2a-8c08-861ee2e279ed/volumes"
2025-01-30 18:19:56,596 INFO c.h.h.t.HelmChartContainer - [K3S] [memory_manager.go:355] "RemoveStaleState removing state" podUID="b74c2fc2-4654-4f2a-8c08-861ee2e279ed" containerName="helper-pod"
2025-01-30 18:19:56,599 INFO c.h.h.t.HelmChartContainer - [EVENT] Normal [Scheduled] Successfully assigned helmadditionalvolumesit/test-hivemq-platform-0 to 8e4c0e52442e [helmadditionalvolumesit:test-hivemq-platform-0]
2025-01-30 18:19:56,600 INFO c.h.h.t.HelmChartContainer - [POD] test-hivemq-platform-0 [250f2274-b34f-4822-a609-fadeb6d5a830] in helmadditionalvolumesit was MODIFIED
2025-01-30 18:19:56,616 INFO c.h.h.t.HelmChartContainer - [POD] test-hivemq-platform-0 [250f2274-b34f-4822-a609-fadeb6d5a830] in helmadditionalvolumesit was MODIFIED
2025-01-30 18:19:56,619 INFO c.h.h.t.HelmChartContainer - [hivemq-test-hivemq-platform] [hivemq-platform-operator] [96d2a8f7] 18:19:56.612 [pool-6-thread-32] DEBUG c.h.p.o.d.PlatformServiceResource - [helmaddi] Desired Platform services (3 services)
2025-01-30 18:19:56,619 INFO c.h.h.t.HelmChartContainer - [hivemq-test-hivemq-platform] [hivemq-platform-operator] [96d2a8f7] 18:19:56.614 [pool-6-thread-33] DEBUG c.h.p.o.dependants.PodInfoConfigMap - [helmaddi] Desired PodInfo ConfigMap (1 extensions) (1 enabled)
2025-01-30 18:19:56,619 INFO c.h.h.t.HelmChartContainer - [hivemq-test-hivemq-platform] [hivemq-platform-operator] [96d2a8f7] 18:19:56.614 [pool-6-thread-33] DEBUG c.h.p.o.dependants.PodInfoConfigMap - [helmaddi] Desired PodInfo ConfigMap (metrics port: 9399) (metrics path: /)
2025-01-30 18:19:56,619 INFO c.h.h.t.HelmChartContainer - [hivemq-test-hivemq-platform] [hivemq-platform-operator] [96d2a8f7] 18:19:56.614 [pool-6-thread-33] DEBUG c.h.p.o.dependants.PodInfoConfigMap - [helmaddi] Desired PodInfo ConfigMap (extension state hash: -1817474005)
2025-01-30 18:19:56,624 INFO c.h.h.t.HelmChartContainer - [hivemq-test-hivemq-platform] [hivemq-platform-operator] [96d2a8f7] 18:19:56.623 [pool-6-thread-37] DEBUG c.h.p.o.d.PodServiceAccountResource - [helmaddi] Desired PodServiceAccountResource (serviceAccountName: hivemq-platform-pod-test-hivemq-platform)
2025-01-30 18:19:56,658 INFO c.h.h.t.HelmChartContainer - [hivemq-test-hivemq-platform] [hivemq-platform-operator] [96d2a8f7] 18:19:56.657 [pool-6-thread-40] DEBUG c.h.p.o.d.StatefulSetResource - [helmaddi] Desired StatefulSet (1 replicas) for status STARTING (READY)
2025-01-30 18:19:56,663 INFO c.h.h.t.HelmChartContainer - [hivemq-test-hivemq-platform] [hivemq-platform-operator] [96d2a8f7] 18:19:56.663 [ReconcilerExecutor-hivemq-controller-89] INFO  c.h.p.o.HiveMQPlatformReconciler - [helmaddi] Reconciling HiveMQ Platform 'test-hivemq-platform' in namespace 'helmadditionalvolumesit'
2025-01-30 18:19:56,664 INFO c.h.h.t.HelmChartContainer - [hivemq-test-hivemq-platform] [hivemq-platform-operator] [96d2a8f7] 18:19:56.663 [ReconcilerExecutor-hivemq-controller-89] DEBUG c.h.p.o.HiveMQPlatformReconciler - [helmaddi] Custom Resource Status STARTING - HiveMQ Platform is starting (READY)
2025-01-30 18:19:56,664 INFO c.h.h.t.HelmChartContainer - [hivemq-test-hivemq-platform] [hivemq-platform-operator] [96d2a8f7] 18:19:56.663 [ReconcilerExecutor-hivemq-controller-89] DEBUG c.h.p.o.HiveMQPlatformReconciler - [helmaddi] Custom Resource Spec (replicas: 1) (extensions: 1)
2025-01-30 18:19:56,666 INFO c.h.h.t.HelmChartContainer - [hivemq-test-hivemq-platform] [hivemq-platform-operator] [96d2a8f7] 18:19:56.665 [ReconcilerExecutor-hivemq-controller-89] DEBUG c.h.p.o.HiveMQPlatformReconciler - [helmaddi] StatefulSet Status (revision: test-hivemq-platform-5d4d897885, replicas: 1, available: 0, ready: 0, current: 1, updated: 1)
2025-01-30 18:19:56,667 INFO c.h.h.t.HelmChartContainer - [hivemq-test-hivemq-platform] [hivemq-platform-operator] [96d2a8f7] 18:19:56.666 [ReconcilerExecutor-hivemq-controller-89] DEBUG c.h.p.o.HiveMQPlatformReconciler - [helmaddi] StatefulSet Spec (replicas: 1, init containers: 1, containers: 1, volumes: 7)
2025-01-30 18:19:56,684 INFO c.h.h.t.HelmChartContainer - [K3S] [reconciler_common.go:251] "operationExecutor.VerifyControllerAttachedVolume started for volume \"test-secret-volume\" (UniqueName: \"kubernetes.io/secret/250f2274-b34f-4822-a609-fadeb6d5a830-test-secret-volume\") pod \"test-hivemq-platform-0\" (UID: \"250f2274-b34f-4822-a609-fadeb6d5a830\") " pod="helmadditionalvolumesit/test-hivemq-platform-0"
2025-01-30 18:19:56,684 INFO c.h.h.t.HelmChartContainer - [K3S] [reconciler_common.go:251] "operationExecutor.VerifyControllerAttachedVolume started for volume \"test-empty-dir-volume\" (UniqueName: \"kubernetes.io/empty-dir/250f2274-b34f-4822-a609-fadeb6d5a830-test-empty-dir-volume\") pod \"test-hivemq-platform-0\" (UID: \"250f2274-b34f-4822-a609-fadeb6d5a830\") " pod="helmadditionalvolumesit/test-hivemq-platform-0"
2025-01-30 18:19:56,684 INFO c.h.h.t.HelmChartContainer - [K3S] [reconciler_common.go:251] "operationExecutor.VerifyControllerAttachedVolume started for volume \"pvc-a4073af4-79fe-4c47-8dff-9192a372980f\" (UniqueName: \"kubernetes.io/local-volume/pvc-a4073af4-79fe-4c47-8dff-9192a372980f\") pod \"test-hivemq-platform-0\" (UID: \"250f2274-b34f-4822-a609-fadeb6d5a830\") " pod="helmadditionalvolumesit/test-hivemq-platform-0"
2025-01-30 18:19:56,684 INFO c.h.h.t.HelmChartContainer - [K3S] [reconciler_common.go:251] "operationExecutor.VerifyControllerAttachedVolume started for volume \"operator-init\" (UniqueName: \"kubernetes.io/empty-dir/250f2274-b34f-4822-a609-fadeb6d5a830-operator-init\") pod \"test-hivemq-platform-0\" (UID: \"250f2274-b34f-4822-a609-fadeb6d5a830\") " pod="helmadditionalvolumesit/test-hivemq-platform-0"
2025-01-30 18:19:56,684 INFO c.h.h.t.HelmChartContainer - [K3S] [reconciler_common.go:251] "operationExecutor.VerifyControllerAttachedVolume started for volume \"kube-api-access-bwhm9\" (UniqueName: \"kubernetes.io/projected/250f2274-b34f-4822-a609-fadeb6d5a830-kube-api-access-bwhm9\") pod \"test-hivemq-platform-0\" (UID: \"250f2274-b34f-4822-a609-fadeb6d5a830\") " pod="helmadditionalvolumesit/test-hivemq-platform-0"
2025-01-30 18:19:56,684 INFO c.h.h.t.HelmChartContainer - [K3S] [reconciler_common.go:251] "operationExecutor.VerifyControllerAttachedVolume started for volume \"test-mount-volume\" (UniqueName: \"kubernetes.io/configmap/250f2274-b34f-4822-a609-fadeb6d5a830-test-mount-volume\") pod \"test-hivemq-platform-0\" (UID: \"250f2274-b34f-4822-a609-fadeb6d5a830\") " pod="helmadditionalvolumesit/test-hivemq-platform-0"
2025-01-30 18:19:56,684 INFO c.h.h.t.HelmChartContainer - [K3S] [reconciler_common.go:251] "operationExecutor.VerifyControllerAttachedVolume started for volume \"pod-info\" (UniqueName: \"kubernetes.io/configmap/250f2274-b34f-4822-a609-fadeb6d5a830-pod-info\") pod \"test-hivemq-platform-0\" (UID: \"250f2274-b34f-4822-a609-fadeb6d5a830\") " pod="helmadditionalvolumesit/test-hivemq-platform-0"
2025-01-30 18:19:56,684 INFO c.h.h.t.HelmChartContainer - [K3S] [reconciler_common.go:251] "operationExecutor.VerifyControllerAttachedVolume started for volume \"broker-configuration\" (UniqueName: \"kubernetes.io/configmap/250f2274-b34f-4822-a609-fadeb6d5a830-broker-configuration\") pod \"test-hivemq-platform-0\" (UID: \"250f2274-b34f-4822-a609-fadeb6d5a830\") " pod="helmadditionalvolumesit/test-hivemq-platform-0"
2025-01-30 18:19:56,754 INFO c.h.h.t.HelmChartContainer - [hivemq-test-hivemq-platform] [hivemq-platform-operator] [96d2a8f7] 18:19:56.753 [ReconcilerExecutor-hivemq-controller-89] DEBUG c.h.p.o.h.HiveMQPlatformReconcilerErrorHandler - [helmaddi] Pod 'test-hivemq-platform-0' phase Pending
2025-01-30 18:19:56,755 INFO c.h.h.t.HelmChartContainer - [hivemq-test-hivemq-platform] [hivemq-platform-operator] [96d2a8f7] 18:19:56.753 [ReconcilerExecutor-hivemq-controller-89] DEBUG c.h.p.o.h.HiveMQPlatformReconcilerErrorHandler - [helmaddi] Pod 'test-hivemq-platform-0' condition 'PodReadyToStartContainers': False
2025-01-30 18:19:56,755 INFO c.h.h.t.HelmChartContainer - [hivemq-test-hivemq-platform] [hivemq-platform-operator] [96d2a8f7] 18:19:56.753 [ReconcilerExecutor-hivemq-controller-89] DEBUG c.h.p.o.h.HiveMQPlatformReconcilerErrorHandler - [helmaddi] Pod 'test-hivemq-platform-0' condition 'Initialized': False
2025-01-30 18:19:56,755 INFO c.h.h.t.HelmChartContainer - [hivemq-test-hivemq-platform] [hivemq-platform-operator] [96d2a8f7] 18:19:56.754 [ReconcilerExecutor-hivemq-controller-89] DEBUG c.h.p.o.h.HiveMQPlatformReconcilerErrorHandler - [helmaddi] Pod 'test-hivemq-platform-0' condition 'Ready': False
2025-01-30 18:19:56,755 INFO c.h.h.t.HelmChartContainer - [hivemq-test-hivemq-platform] [hivemq-platform-operator] [96d2a8f7] 18:19:56.754 [ReconcilerExecutor-hivemq-controller-89] DEBUG c.h.p.o.h.HiveMQPlatformReconcilerErrorHandler - [helmaddi] Pod 'test-hivemq-platform-0' condition 'ContainersReady': False
2025-01-30 18:19:56,755 INFO c.h.h.t.HelmChartContainer - [hivemq-test-hivemq-platform] [hivemq-platform-operator] [96d2a8f7] 18:19:56.754 [ReconcilerExecutor-hivemq-controller-89] DEBUG c.h.p.o.h.HiveMQPlatformReconcilerErrorHandler - [helmaddi] Pod 'test-hivemq-platform-0' condition 'PodScheduled': True
2025-01-30 18:19:56,755 INFO c.h.h.t.HelmChartContainer - [hivemq-test-hivemq-platform] [hivemq-platform-operator] [96d2a8f7] 18:19:56.754 [ReconcilerExecutor-hivemq-controller-89] DEBUG c.h.p.o.h.HiveMQPlatformReconcilerErrorHandler - [helmaddi] Pod 'test-hivemq-platform-0' containerStatus 'hivemq' (started: false) (ready: false) (waiting: [PodInitializing] null)
2025-01-30 18:19:56,756 INFO c.h.h.t.HelmChartContainer - [hivemq-test-hivemq-platform] [hivemq-platform-operator] [96d2a8f7] 18:19:56.755 [ReconcilerExecutor-hivemq-controller-89] INFO  c.h.p.o.h.HiveMQPlatformReconcilerBaseHandler - [helmaddi] HiveMQ Platform is starting, 0 of 1 replicas are ready
2025-01-30 18:19:56,765 INFO c.h.h.t.HelmChartContainer - [hivemq-test-hivemq-platform] [hivemq-platform-operator] [96d2a8f7] 18:19:56.762 [pool-6-thread-42] DEBUG c.h.p.o.d.PlatformServiceResource - [helmaddi] Desired Platform services (3 services)
2025-01-30 18:19:56,765 INFO c.h.h.t.HelmChartContainer - [hivemq-test-hivemq-platform] [hivemq-platform-operator] [96d2a8f7] 18:19:56.763 [pool-6-thread-43] DEBUG c.h.p.o.dependants.PodInfoConfigMap - [helmaddi] Desired PodInfo ConfigMap (1 extensions) (1 enabled)
2025-01-30 18:19:56,765 INFO c.h.h.t.HelmChartContainer - [hivemq-test-hivemq-platform] [hivemq-platform-operator] [96d2a8f7] 18:19:56.764 [pool-6-thread-43] DEBUG c.h.p.o.dependants.PodInfoConfigMap - [helmaddi] Desired PodInfo ConfigMap (metrics port: 9399) (metrics path: /)
2025-01-30 18:19:56,765 INFO c.h.h.t.HelmChartContainer - [hivemq-test-hivemq-platform] [hivemq-platform-operator] [96d2a8f7] 18:19:56.765 [pool-6-thread-43] DEBUG c.h.p.o.dependants.PodInfoConfigMap - [helmaddi] Desired PodInfo ConfigMap (extension state hash: -1817474005)
2025-01-30 18:19:56,852 INFO c.h.h.t.HelmChartContainer - [hivemq-test-hivemq-platform] [hivemq-platform-operator] [96d2a8f7] 18:19:56.851 [pool-6-thread-47] DEBUG c.h.p.o.d.PodServiceAccountResource - [helmaddi] Desired PodServiceAccountResource (serviceAccountName: hivemq-platform-pod-test-hivemq-platform)
2025-01-30 18:19:56,858 INFO c.h.h.t.HelmChartContainer - [hivemq-test-hivemq-platform] [hivemq-platform-operator] [96d2a8f7] 18:19:56.857 [pool-6-thread-50] DEBUG c.h.p.o.d.StatefulSetResource - [helmaddi] Desired StatefulSet (1 replicas) for status STARTING (READY)
2025-01-30 18:19:56,862 INFO c.h.h.t.HelmChartContainer - [hivemq-test-hivemq-platform] [hivemq-platform-operator] [96d2a8f7] 18:19:56.861 [ReconcilerExecutor-hivemq-controller-100] INFO  c.h.p.o.HiveMQPlatformReconciler - [helmaddi] Reconciling HiveMQ Platform 'test-hivemq-platform' in namespace 'helmadditionalvolumesit'
2025-01-30 18:19:56,863 INFO c.h.h.t.HelmChartContainer - [hivemq-test-hivemq-platform] [hivemq-platform-operator] [96d2a8f7] 18:19:56.861 [ReconcilerExecutor-hivemq-controller-100] DEBUG c.h.p.o.HiveMQPlatformReconciler - [helmaddi] Custom Resource Status STARTING - HiveMQ Platform is starting (READY)
2025-01-30 18:19:56,864 INFO c.h.h.t.HelmChartContainer - [hivemq-test-hivemq-platform] [hivemq-platform-operator] [96d2a8f7] 18:19:56.861 [ReconcilerExecutor-hivemq-controller-100] DEBUG c.h.p.o.HiveMQPlatformReconciler - [helmaddi] Custom Resource Spec (replicas: 1) (extensions: 1)
2025-01-30 18:19:56,865 INFO c.h.h.t.HelmChartContainer - [hivemq-test-hivemq-platform] [hivemq-platform-operator] [96d2a8f7] 18:19:56.864 [ReconcilerExecutor-hivemq-controller-100] DEBUG c.h.p.o.HiveMQPlatformReconciler - [helmaddi] StatefulSet Status (revision: test-hivemq-platform-5d4d897885, replicas: 1, available: 0, ready: 0, current: 1, updated: 1)
2025-01-30 18:19:56,865 INFO c.h.h.t.HelmChartContainer - [hivemq-test-hivemq-platform] [hivemq-platform-operator] [96d2a8f7] 18:19:56.864 [ReconcilerExecutor-hivemq-controller-100] DEBUG c.h.p.o.HiveMQPlatformReconciler - [helmaddi] StatefulSet Spec (replicas: 1, init containers: 1, containers: 1, volumes: 7)
2025-01-30 18:19:56,951 INFO c.h.h.t.HelmChartContainer - [hivemq-test-hivemq-platform] [hivemq-platform-operator] [96d2a8f7] 18:19:56.950 [ReconcilerExecutor-hivemq-controller-100] DEBUG c.h.p.o.h.HiveMQPlatformReconcilerErrorHandler - [helmaddi] Pod 'test-hivemq-platform-0' phase Pending
2025-01-30 18:19:56,953 INFO c.h.h.t.HelmChartContainer - [hivemq-test-hivemq-platform] [hivemq-platform-operator] [96d2a8f7] 18:19:56.951 [ReconcilerExecutor-hivemq-controller-100] DEBUG c.h.p.o.h.HiveMQPlatformReconcilerErrorHandler - [helmaddi] Pod 'test-hivemq-platform-0' condition 'PodReadyToStartContainers': False
2025-01-30 18:19:56,953 INFO c.h.h.t.HelmChartContainer - [hivemq-test-hivemq-platform] [hivemq-platform-operator] [96d2a8f7] 18:19:56.951 [ReconcilerExecutor-hivemq-controller-100] DEBUG c.h.p.o.h.HiveMQPlatformReconcilerErrorHandler - [helmaddi] Pod 'test-hivemq-platform-0' condition 'Initialized': False
2025-01-30 18:19:56,953 INFO c.h.h.t.HelmChartContainer - [hivemq-test-hivemq-platform] [hivemq-platform-operator] [96d2a8f7] 18:19:56.951 [ReconcilerExecutor-hivemq-controller-100] DEBUG c.h.p.o.h.HiveMQPlatformReconcilerErrorHandler - [helmaddi] Pod 'test-hivemq-platform-0' condition 'Ready': False
2025-01-30 18:19:56,953 INFO c.h.h.t.HelmChartContainer - [hivemq-test-hivemq-platform] [hivemq-platform-operator] [96d2a8f7] 18:19:56.951 [ReconcilerExecutor-hivemq-controller-100] DEBUG c.h.p.o.h.HiveMQPlatformReconcilerErrorHandler - [helmaddi] Pod 'test-hivemq-platform-0' condition 'ContainersReady': False
2025-01-30 18:19:56,953 INFO c.h.h.t.HelmChartContainer - [hivemq-test-hivemq-platform] [hivemq-platform-operator] [96d2a8f7] 18:19:56.951 [ReconcilerExecutor-hivemq-controller-100] DEBUG c.h.p.o.h.HiveMQPlatformReconcilerErrorHandler - [helmaddi] Pod 'test-hivemq-platform-0' condition 'PodScheduled': True
2025-01-30 18:19:56,953 INFO c.h.h.t.HelmChartContainer - [hivemq-test-hivemq-platform] [hivemq-platform-operator] [96d2a8f7] 18:19:56.951 [ReconcilerExecutor-hivemq-controller-100] DEBUG c.h.p.o.h.HiveMQPlatformReconcilerErrorHandler - [helmaddi] Pod 'test-hivemq-platform-0' containerStatus 'hivemq' (started: false) (ready: false) (waiting: [PodInitializing] null)
2025-01-30 18:19:56,954 INFO c.h.h.t.HelmChartContainer - [hivemq-test-hivemq-platform] [hivemq-platform-operator] [96d2a8f7] 18:19:56.952 [ReconcilerExecutor-hivemq-controller-100] INFO  c.h.p.o.h.HiveMQPlatformReconcilerBaseHandler - [helmaddi] HiveMQ Platform is starting, 0 of 1 replicas are ready
2025-01-30 18:19:56,983 INFO c.h.h.t.HelmChartContainer - [EVENT] Normal [Pulled] Container image "docker.io/hivemq/hivemq-platform-operator-init-test:snapshot" already present on machine [helmadditionalvolumesit:test-hivemq-platform-0]
2025-01-30 18:19:57,098 INFO c.h.h.t.HelmChartContainer - [EVENT] Normal [Created] Created container: hivemq-platform-operator-init [helmadditionalvolumesit:test-hivemq-platform-0]
2025-01-30 18:19:57,135 INFO c.h.h.t.HelmChartContainer - [EVENT] Normal [Started] Started container hivemq-platform-operator-init [helmadditionalvolumesit:test-hivemq-platform-0]
2025-01-30 18:19:57,865 INFO c.h.h.t.HelmChartContainer - [EVENT] Normal [Pulled] Container image "docker.io/hivemq/hivemq4:4.36.0" already present on machine [helmadditionalvolumesit:test-hivemq-platform-0]
2025-01-30 18:19:57,865 INFO c.h.h.t.HelmChartContainer - Received Pulled event for container hivemq in pod test-hivemq-platform-0 [250f2274-b34f-4822-a609-fadeb6d5a830]
2025-01-30 18:19:57,879 INFO c.h.h.t.HelmChartContainer - [POD] test-hivemq-platform-0 [250f2274-b34f-4822-a609-fadeb6d5a830] in helmadditionalvolumesit was MODIFIED
2025-01-30 18:19:57,898 INFO c.h.h.t.HelmChartContainer - [hivemq-test-hivemq-platform] [hivemq-platform-operator] [96d2a8f7] 18:19:57.887 [pool-6-thread-8] DEBUG c.h.p.o.d.PlatformServiceResource - [helmaddi] Desired Platform services (3 services)
2025-01-30 18:19:57,907 INFO c.h.h.t.HelmChartContainer - [hivemq-test-hivemq-platform] [hivemq-platform-operator] [96d2a8f7] 18:19:57.896 [pool-6-thread-5] DEBUG c.h.p.o.d.PodServiceAccountResource - [helmaddi] Desired PodServiceAccountResource (serviceAccountName: hivemq-platform-pod-test-hivemq-platform)
2025-01-30 18:19:57,907 INFO c.h.h.t.HelmChartContainer - [hivemq-test-hivemq-platform] [hivemq-platform-operator] [96d2a8f7] 18:19:57.895 [pool-6-thread-9] DEBUG c.h.p.o.dependants.PodInfoConfigMap - [helmaddi] Desired PodInfo ConfigMap (1 extensions) (1 enabled)
2025-01-30 18:19:57,907 INFO c.h.h.t.HelmChartContainer - [hivemq-test-hivemq-platform] [hivemq-platform-operator] [96d2a8f7] 18:19:57.899 [pool-6-thread-9] DEBUG c.h.p.o.dependants.PodInfoConfigMap - [helmaddi] Desired PodInfo ConfigMap (metrics port: 9399) (metrics path: /)
2025-01-30 18:19:57,907 INFO c.h.h.t.HelmChartContainer - [hivemq-test-hivemq-platform] [hivemq-platform-operator] [96d2a8f7] 18:19:57.901 [pool-6-thread-9] DEBUG c.h.p.o.dependants.PodInfoConfigMap - [helmaddi] Desired PodInfo ConfigMap (extension state hash: -1817474005)
2025-01-30 18:19:57,915 INFO c.h.h.t.HelmChartContainer - [hivemq-test-hivemq-platform] [hivemq-platform-operator] [96d2a8f7] 18:19:57.911 [pool-6-thread-8] DEBUG c.h.p.o.d.StatefulSetResource - [helmaddi] Desired StatefulSet (1 replicas) for status STARTING (READY)
2025-01-30 18:19:57,957 INFO c.h.h.t.HelmChartContainer - [hivemq-test-hivemq-platform] [hivemq-platform-operator] [96d2a8f7] 18:19:57.955 [ReconcilerExecutor-hivemq-controller-111] INFO  c.h.p.o.HiveMQPlatformReconciler - [helmaddi] Reconciling HiveMQ Platform 'test-hivemq-platform' in namespace 'helmadditionalvolumesit'
2025-01-30 18:19:57,957 INFO c.h.h.t.HelmChartContainer - [hivemq-test-hivemq-platform] [hivemq-platform-operator] [96d2a8f7] 18:19:57.955 [ReconcilerExecutor-hivemq-controller-111] DEBUG c.h.p.o.HiveMQPlatformReconciler - [helmaddi] Custom Resource Status STARTING - HiveMQ Platform is starting (READY)
2025-01-30 18:19:57,959 INFO c.h.h.t.HelmChartContainer - [hivemq-test-hivemq-platform] [hivemq-platform-operator] [96d2a8f7] 18:19:57.955 [ReconcilerExecutor-hivemq-controller-111] DEBUG c.h.p.o.HiveMQPlatformReconciler - [helmaddi] Custom Resource Spec (replicas: 1) (extensions: 1)
2025-01-30 18:19:57,959 INFO c.h.h.t.HelmChartContainer - [hivemq-test-hivemq-platform] [hivemq-platform-operator] [96d2a8f7] 18:19:57.957 [ReconcilerExecutor-hivemq-controller-111] DEBUG c.h.p.o.HiveMQPlatformReconciler - [helmaddi] StatefulSet Status (revision: test-hivemq-platform-5d4d897885, replicas: 1, available: 0, ready: 0, current: 1, updated: 1)
2025-01-30 18:19:57,959 INFO c.h.h.t.HelmChartContainer - [hivemq-test-hivemq-platform] [hivemq-platform-operator] [96d2a8f7] 18:19:57.957 [ReconcilerExecutor-hivemq-controller-111] DEBUG c.h.p.o.HiveMQPlatformReconciler - [helmaddi] StatefulSet Spec (replicas: 1, init containers: 1, containers: 1, volumes: 7)
2025-01-30 18:19:57,964 INFO c.h.h.t.HelmChartContainer - [hivemq-test-hivemq-platform] [hivemq-platform-operator] [96d2a8f7] 18:19:57.963 [ReconcilerExecutor-hivemq-controller-111] DEBUG c.h.p.o.h.HiveMQPlatformReconcilerErrorHandler - [helmaddi] Pod 'test-hivemq-platform-0' phase Pending
2025-01-30 18:19:57,964 INFO c.h.h.t.HelmChartContainer - [hivemq-test-hivemq-platform] [hivemq-platform-operator] [96d2a8f7] 18:19:57.963 [ReconcilerExecutor-hivemq-controller-111] DEBUG c.h.p.o.h.HiveMQPlatformReconcilerErrorHandler - [helmaddi] Pod 'test-hivemq-platform-0' condition 'PodReadyToStartContainers': True
2025-01-30 18:19:57,964 INFO c.h.h.t.HelmChartContainer - [hivemq-test-hivemq-platform] [hivemq-platform-operator] [96d2a8f7] 18:19:57.964 [ReconcilerExecutor-hivemq-controller-111] DEBUG c.h.p.o.h.HiveMQPlatformReconcilerErrorHandler - [helmaddi] Pod 'test-hivemq-platform-0' condition 'Initialized': True
2025-01-30 18:19:57,967 INFO c.h.h.t.HelmChartContainer - [hivemq-test-hivemq-platform] [hivemq-platform-operator] [96d2a8f7] 18:19:57.964 [ReconcilerExecutor-hivemq-controller-111] DEBUG c.h.p.o.h.HiveMQPlatformReconcilerErrorHandler - [helmaddi] Pod 'test-hivemq-platform-0' condition 'Ready': False
2025-01-30 18:19:57,967 INFO c.h.h.t.HelmChartContainer - [hivemq-test-hivemq-platform] [hivemq-platform-operator] [96d2a8f7] 18:19:57.964 [ReconcilerExecutor-hivemq-controller-111] DEBUG c.h.p.o.h.HiveMQPlatformReconcilerErrorHandler - [helmaddi] Pod 'test-hivemq-platform-0' condition 'ContainersReady': False
2025-01-30 18:19:57,967 INFO c.h.h.t.HelmChartContainer - [hivemq-test-hivemq-platform] [hivemq-platform-operator] [96d2a8f7] 18:19:57.964 [ReconcilerExecutor-hivemq-controller-111] DEBUG c.h.p.o.h.HiveMQPlatformReconcilerErrorHandler - [helmaddi] Pod 'test-hivemq-platform-0' condition 'PodScheduled': True
2025-01-30 18:19:57,967 INFO c.h.h.t.HelmChartContainer - [hivemq-test-hivemq-platform] [hivemq-platform-operator] [96d2a8f7] 18:19:57.964 [ReconcilerExecutor-hivemq-controller-111] DEBUG c.h.p.o.h.HiveMQPlatformReconcilerErrorHandler - [helmaddi] Pod 'test-hivemq-platform-0' containerStatus 'hivemq' (started: false) (ready: false) (waiting: [PodInitializing] null)
2025-01-30 18:19:57,968 INFO c.h.h.t.HelmChartContainer - [hivemq-test-hivemq-platform] [hivemq-platform-operator] [96d2a8f7] 18:19:57.965 [ReconcilerExecutor-hivemq-controller-111] INFO  c.h.p.o.h.HiveMQPlatformReconcilerBaseHandler - [helmaddi] HiveMQ Platform is starting, 0 of 1 replicas are ready
2025-01-30 18:19:58,933 INFO c.h.h.t.HelmChartContainer - [EVENT] Normal [Created] Created container: hivemq [helmadditionalvolumesit:test-hivemq-platform-0]
2025-01-30 18:19:58,933 INFO c.h.h.t.HelmChartContainer - Received Created event for container hivemq in pod test-hivemq-platform-0 [250f2274-b34f-4822-a609-fadeb6d5a830]
2025-01-30 18:19:59,876 INFO c.h.h.t.HelmChartContainer - [POD] test-hivemq-platform-0 [250f2274-b34f-4822-a609-fadeb6d5a830] in helmadditionalvolumesit was MODIFIED
2025-01-30 18:19:59,885 INFO c.h.h.t.HelmChartContainer - Started log watcher for hivemq in pod test-hivemq-platform-0 [250f2274-b34f-4822-a609-fadeb6d5a830]
2025-01-30 18:19:59,885 INFO c.h.h.t.HelmChartContainer - [test-hivemq-platform] [hivemq] [250f2274] Adding pre-installed HiveMQ Platform Operator extensions
2025-01-30 18:19:59,885 INFO c.h.h.t.HelmChartContainer - [test-hivemq-platform] [hivemq] [250f2274] Running as user 10000
2025-01-30 18:19:59,885 INFO c.h.h.t.HelmChartContainer - [test-hivemq-platform] [hivemq] [250f2274] Starting HiveMQ Platform Operator Init
2025-01-30 18:19:59,885 INFO c.h.h.t.HelmChartContainer - [EVENT] Normal [Started] Started container hivemq [helmadditionalvolumesit:test-hivemq-platform-0]
2025-01-30 18:19:59,885 INFO c.h.h.t.HelmChartContainer - Received Started event for container hivemq in pod test-hivemq-platform-0 [250f2274-b34f-4822-a609-fadeb6d5a830]
2025-01-30 18:19:59,890 INFO c.h.h.t.HelmChartContainer - [hivemq-test-hivemq-platform] [hivemq-platform-operator] [96d2a8f7] 18:19:59.887 [pool-6-thread-11] DEBUG c.h.p.o.d.PlatformServiceResource - [helmaddi] Desired Platform services (3 services)
2025-01-30 18:19:59,890 INFO c.h.h.t.HelmChartContainer - [hivemq-test-hivemq-platform] [hivemq-platform-operator] [96d2a8f7] 18:19:59.888 [pool-6-thread-19] DEBUG c.h.p.o.d.PodServiceAccountResource - [helmaddi] Desired PodServiceAccountResource (serviceAccountName: hivemq-platform-pod-test-hivemq-platform)
2025-01-30 18:19:59,893 INFO c.h.h.t.HelmChartContainer - [hivemq-test-hivemq-platform] [hivemq-platform-operator] [96d2a8f7] 18:19:59.888 [pool-6-thread-14] DEBUG c.h.p.o.dependants.PodInfoConfigMap - [helmaddi] Desired PodInfo ConfigMap (1 extensions) (1 enabled)
2025-01-30 18:19:59,893 INFO c.h.h.t.HelmChartContainer - [hivemq-test-hivemq-platform] [hivemq-platform-operator] [96d2a8f7] 18:19:59.890 [pool-6-thread-14] DEBUG c.h.p.o.dependants.PodInfoConfigMap - [helmaddi] Desired PodInfo ConfigMap (metrics port: 9399) (metrics path: /)
2025-01-30 18:19:59,893 INFO c.h.h.t.HelmChartContainer - [hivemq-test-hivemq-platform] [hivemq-platform-operator] [96d2a8f7] 18:19:59.891 [pool-6-thread-14] DEBUG c.h.p.o.dependants.PodInfoConfigMap - [helmaddi] Desired PodInfo ConfigMap (extension state hash: -1817474005)
2025-01-30 18:19:59,898 INFO c.h.h.t.HelmChartContainer - [hivemq-test-hivemq-platform] [hivemq-platform-operator] [96d2a8f7] 18:19:59.897 [pool-6-thread-11] DEBUG c.h.p.o.d.StatefulSetResource - [helmaddi] Desired StatefulSet (1 replicas) for status STARTING (READY)
2025-01-30 18:19:59,953 INFO c.h.h.t.HelmChartContainer - [hivemq-test-hivemq-platform] [hivemq-platform-operator] [96d2a8f7] 18:19:59.952 [ReconcilerExecutor-hivemq-controller-112] INFO  c.h.p.o.HiveMQPlatformReconciler - [helmaddi] Reconciling HiveMQ Platform 'test-hivemq-platform' in namespace 'helmadditionalvolumesit'
2025-01-30 18:19:59,954 INFO c.h.h.t.HelmChartContainer - [hivemq-test-hivemq-platform] [hivemq-platform-operator] [96d2a8f7] 18:19:59.952 [ReconcilerExecutor-hivemq-controller-112] DEBUG c.h.p.o.HiveMQPlatformReconciler - [helmaddi] Custom Resource Status STARTING - HiveMQ Platform is starting (READY)
2025-01-30 18:19:59,954 INFO c.h.h.t.HelmChartContainer - [hivemq-test-hivemq-platform] [hivemq-platform-operator] [96d2a8f7] 18:19:59.952 [ReconcilerExecutor-hivemq-controller-112] DEBUG c.h.p.o.HiveMQPlatformReconciler - [helmaddi] Custom Resource Spec (replicas: 1) (extensions: 1)
2025-01-30 18:19:59,956 INFO c.h.h.t.HelmChartContainer - [hivemq-test-hivemq-platform] [hivemq-platform-operator] [96d2a8f7] 18:19:59.956 [ReconcilerExecutor-hivemq-controller-112] DEBUG c.h.p.o.HiveMQPlatformReconciler - [helmaddi] StatefulSet Status (revision: test-hivemq-platform-5d4d897885, replicas: 1, available: 0, ready: 0, current: 1, updated: 1)
2025-01-30 18:19:59,957 INFO c.h.h.t.HelmChartContainer - [hivemq-test-hivemq-platform] [hivemq-platform-operator] [96d2a8f7] 18:19:59.956 [ReconcilerExecutor-hivemq-controller-112] DEBUG c.h.p.o.HiveMQPlatformReconciler - [helmaddi] StatefulSet Spec (replicas: 1, init containers: 1, containers: 1, volumes: 7)
2025-01-30 18:19:59,959 INFO c.h.h.t.HelmChartContainer - [hivemq-test-hivemq-platform] [hivemq-platform-operator] [96d2a8f7] 18:19:59.958 [ReconcilerExecutor-hivemq-controller-112] DEBUG c.h.p.o.h.HiveMQPlatformReconcilerErrorHandler - [helmaddi] Pod 'test-hivemq-platform-0' phase Running
2025-01-30 18:19:59,960 INFO c.h.h.t.HelmChartContainer - [hivemq-test-hivemq-platform] [hivemq-platform-operator] [96d2a8f7] 18:19:59.959 [ReconcilerExecutor-hivemq-controller-112] INFO  c.h.p.o.h.HiveMQPlatformReconcilerBaseHandler - [helmaddi] HiveMQ Platform is starting, 0 of 1 replicas are ready
2025-01-30 18:20:00,116 INFO c.h.h.t.HelmChartContainer - [test-hivemq-platform] [hivemq] [250f2274] INFO  - [HiveMQ Platform Operator Init 1.7.0-SNAPSHOT] HiveMQ Platform Operator Init 1.7.0-SNAPSHOT (commit: 47e3375 on branch: HEAD) built on Thu Jan 30 03:55:50 UTC 2025
2025-01-30 18:20:01,238 INFO c.h.h.t.HelmChartContainer - [test-hivemq-platform] [hivemq] [250f2274] INFO  - [HiveMQ Platform Operator Init App 1.7.0-SNAPSHOT] Using bind address 10.42.0.15 from environment variable
2025-01-30 18:20:02,203 INFO c.h.h.t.HelmChartContainer - [test-hivemq-platform] [hivemq] [250f2274] INFO  - [HiveMQ Platform Operator Init App 1.7.0-SNAPSHOT] HiveMQ Platform Operator Init App 1.7.0-SNAPSHOT (commit: 47e3375 on branch: HEAD) built on Thu Jan 30 03:55:50 UTC 2025
2025-01-30 18:20:02,204 INFO c.h.h.t.HelmChartContainer - [test-hivemq-platform] [hivemq] [250f2274] INFO  - [HiveMQ Platform Operator Init App 1.7.0-SNAPSHOT] PodInfo ConfigMap directory: /etc/podinfo
2025-01-30 18:20:02,204 INFO c.h.h.t.HelmChartContainer - [test-hivemq-platform] [hivemq] [250f2274] INFO  - [HiveMQ Platform Operator Init App 1.7.0-SNAPSHOT] HiveMQ home directory: /opt/hivemq
2025-01-30 18:20:02,204 INFO c.h.h.t.HelmChartContainer - [test-hivemq-platform] [hivemq] [250f2274] INFO  - [HiveMQ Platform Operator Init App 1.7.0-SNAPSHOT] HiveMQ Logback folder: /opt/hivemq/conf
2025-01-30 18:20:02,204 INFO c.h.h.t.HelmChartContainer - [test-hivemq-platform] [hivemq] [250f2274] INFO  - [HiveMQ Platform Operator Init App 1.7.0-SNAPSHOT] HiveMQ Config folder: /opt/hivemq/conf-k8s
2025-01-30 18:20:02,204 INFO c.h.h.t.HelmChartContainer - [test-hivemq-platform] [hivemq] [250f2274] INFO  - [HiveMQ Platform Operator Init App 1.7.0-SNAPSHOT] Starting HiveMQ Platform Operator Init App
2025-01-30 18:20:02,204 INFO c.h.h.t.HelmChartContainer - [test-hivemq-platform] [hivemq] [250f2274] INFO  - [HiveMQ Platform Operator Init App 1.7.0-SNAPSHOT] Starting Pod reconciler
2025-01-30 18:20:03,317 INFO c.h.h.t.HelmChartContainer - [test-hivemq-platform] [hivemq] [250f2274] INFO  - [HiveMQ Platform Operator Init App 1.7.0-SNAPSHOT] Pod reconciler is scheduled (interval: 5000 ms)
2025-01-30 18:20:03,318 INFO c.h.h.t.HelmChartContainer - [test-hivemq-platform] [hivemq] [250f2274] INFO  - [HiveMQ Platform Operator Init App 1.7.0-SNAPSHOT] Starting the REST API on 10.42.0.15:7979
2025-01-30 18:20:03,320 INFO c.h.h.t.HelmChartContainer - [test-hivemq-platform] [hivemq] [250f2274] INFO  - [HiveMQ Platform Operator Init App 1.7.0-SNAPSHOT] Waiting up to 600s for at most 1 HiveMQ nodes in cluster service hivemq-test-hivemq-platform-cluster.helmadditionalvolumesit.svc
2025-01-30 18:20:03,703 INFO c.h.h.t.HelmChartContainer - [test-hivemq-platform] [hivemq] [250f2274] INFO  - [HiveMQ Platform Operator Init App 1.7.0-SNAPSHOT] Resolved 1 IP addresses: [10.42.0.15]
2025-01-30 18:20:03,703 INFO c.h.h.t.HelmChartContainer - [test-hivemq-platform] [hivemq] [250f2274] INFO  - [HiveMQ Platform Operator Init App 1.7.0-SNAPSHOT] HiveMQ node count of 1 is within threshold of 1
2025-01-30 18:20:03,703 INFO c.h.h.t.HelmChartContainer - [test-hivemq-platform] [hivemq] [250f2274] INFO  - [HiveMQ Platform Operator Init App 1.7.0-SNAPSHOT] Proceeding with container start
2025-01-30 18:20:03,803 INFO c.h.h.t.HelmChartContainer - [test-hivemq-platform] [hivemq] [250f2274] INFO  - [HiveMQ Platform Operator Init App 1.7.0-SNAPSHOT] Initializing HiveMQ Platform extensions with initial configuration: {hivemq-allow-all-extension={start-priority=-1, skip-https-hostname-verification=false, restart=true, config-version=0, header-version=0, c-uri=, priority=-1, uri=preinstalled, skip-https-certificate-validation=false, enabled=true}, hivemq-prometheus-extension={enabled=true, request-header-path=no-request-headers, uri=preinstalled, skip-https-certificate-validation=false, skip-https-hostname-verification=false, c-uri=, start-priority=-1, priority=-1, restart=true}}
2025-01-30 18:20:04,312 INFO c.h.h.t.HelmChartContainer - [test-hivemq-platform] [hivemq] [250f2274] INFO  - [HiveMQ Platform Operator Init App 1.7.0-SNAPSHOT] Extension hivemq-allow-all-extension was already enabled
2025-01-30 18:20:04,320 INFO c.h.h.t.HelmChartContainer - [test-hivemq-platform] [hivemq] [250f2274] INFO  - [HiveMQ Platform Operator Init App 1.7.0-SNAPSHOT] Successfully enabled extension hivemq-prometheus-extension
2025-01-30 18:20:04,400 INFO c.h.h.t.HelmChartContainer - [test-hivemq-platform] [hivemq] [250f2274] INFO  - [HiveMQ Platform Operator Init App 1.7.0-SNAPSHOT] Starting HiveMQ Platform version 4.36.0 (4.36.0)
2025-01-30 18:20:04,400 INFO c.h.h.t.HelmChartContainer - [test-hivemq-platform] [hivemq] [250f2274] INFO  - [HiveMQ Platform Operator Init App 1.7.0-SNAPSHOT] Configuring the HiveMQ Platform
2025-01-30 18:20:04,410 INFO c.h.h.t.HelmChartContainer - [test-hivemq-platform] [hivemq] [250f2274] INFO  - [HiveMQ Platform Operator Init App 1.7.0-SNAPSHOT] Changed logback.xml file scan period to 20 seconds
2025-01-30 18:20:04,504 INFO c.h.h.t.HelmChartContainer - [test-hivemq-platform] [hivemq] [250f2274] INFO  - [HiveMQ Platform Operator Init App 1.7.0-SNAPSHOT] Starting the HiveMQ Platform
2025-01-30 18:20:04,506 INFO c.h.h.t.HelmChartContainer - [test-hivemq-platform] [hivemq] [250f2274] -------------------------------------------------------------------------
2025-01-30 18:20:04,506 INFO c.h.h.t.HelmChartContainer - [test-hivemq-platform] [hivemq] [250f2274] 
2025-01-30 18:20:04,510 INFO c.h.h.t.HelmChartContainer - [test-hivemq-platform] [hivemq] [250f2274]                   _    _  _              __  __   ____
2025-01-30 18:20:04,510 INFO c.h.h.t.HelmChartContainer - [test-hivemq-platform] [hivemq] [250f2274]                  | |  | |(_)            |  \/  | / __ \
2025-01-30 18:20:04,510 INFO c.h.h.t.HelmChartContainer - [test-hivemq-platform] [hivemq] [250f2274]                  | |__| | _ __   __ ___ | \  / || |  | |
2025-01-30 18:20:04,510 INFO c.h.h.t.HelmChartContainer - [test-hivemq-platform] [hivemq] [250f2274]                  |  __  || |\ \ / // _ \| |\/| || |  | |
2025-01-30 18:20:04,510 INFO c.h.h.t.HelmChartContainer - [test-hivemq-platform] [hivemq] [250f2274]                  | |  | || | \ V /|  __/| |  | || |__| |
2025-01-30 18:20:04,510 INFO c.h.h.t.HelmChartContainer - [test-hivemq-platform] [hivemq] [250f2274]                  |_|  |_||_|  \_/  \___||_|  |_| \___\_\
2025-01-30 18:20:04,510 INFO c.h.h.t.HelmChartContainer - [test-hivemq-platform] [hivemq] [250f2274] 
2025-01-30 18:20:04,510 INFO c.h.h.t.HelmChartContainer - [test-hivemq-platform] [hivemq] [250f2274] -------------------------------------------------------------------------
2025-01-30 18:20:04,510 INFO c.h.h.t.HelmChartContainer - [test-hivemq-platform] [hivemq] [250f2274] 
2025-01-30 18:20:04,510 INFO c.h.h.t.HelmChartContainer - [test-hivemq-platform] [hivemq] [250f2274]   HiveMQ Start Script for Linux/Unix v1.14
2025-01-30 18:20:04,510 INFO c.h.h.t.HelmChartContainer - [test-hivemq-platform] [hivemq] [250f2274] 
2025-01-30 18:20:04,617 INFO c.h.h.t.HelmChartContainer - [test-hivemq-platform] [hivemq] [250f2274] -------------------------------------------------------------------------
2025-01-30 18:20:04,618 INFO c.h.h.t.HelmChartContainer - [test-hivemq-platform] [hivemq] [250f2274] 
2025-01-30 18:20:04,618 INFO c.h.h.t.HelmChartContainer - [test-hivemq-platform] [hivemq] [250f2274]   HIVEMQ_HOME: /opt/hivemq
2025-01-30 18:20:04,618 INFO c.h.h.t.HelmChartContainer - [test-hivemq-platform] [hivemq] [250f2274] 
2025-01-30 18:20:04,618 INFO c.h.h.t.HelmChartContainer - [test-hivemq-platform] [hivemq] [250f2274]   JAVA_OPTS: -XX:+UnlockExperimentalVMOptions -XX:InitialRAMPercentage=50 -XX:MaxRAMPercentage=50 -Djava.net.preferIPv4Stack=true --add-opens java.base/java.lang=ALL-UNNAMED --add-opens java.base/java.nio=ALL-UNNAMED --add-opens java.base/sun.nio.ch=ALL-UNNAMED --add-opens jdk.management/com.sun.management.internal=ALL-UNNAMED --add-exports java.base/jdk.internal.misc=ALL-UNNAMED -Djava.security.egd=file:/dev/./urandom -Dcom.sun.management.jmxremote -Dcom.sun.management.jmxremote.port=9010 -Dcom.sun.management.jmxremote.local.only=false -Dcom.sun.management.jmxremote.authenticate=false -Dcom.sun.management.jmxremote.ssl=false -Duser.language=en -Duser.region=US -XX:+CrashOnOutOfMemoryError -XX:+HeapDumpOnOutOfMemoryError
2025-01-30 18:20:04,618 INFO c.h.h.t.HelmChartContainer - [test-hivemq-platform] [hivemq] [250f2274] 
2025-01-30 18:20:04,618 INFO c.h.h.t.HelmChartContainer - [test-hivemq-platform] [hivemq] [250f2274]   JAVA_VERSION: 21
2025-01-30 18:20:04,618 INFO c.h.h.t.HelmChartContainer - [test-hivemq-platform] [hivemq] [250f2274] 
2025-01-30 18:20:04,618 INFO c.h.h.t.HelmChartContainer - [test-hivemq-platform] [hivemq] [250f2274] -------------------------------------------------------------------------
2025-01-30 18:20:04,618 INFO c.h.h.t.HelmChartContainer - [test-hivemq-platform] [hivemq] [250f2274] 
2025-01-30 18:20:06,005 INFO c.h.h.t.HelmChartContainer - [test-hivemq-platform] [hivemq] [250f2274] INFO  - [HiveMQ Platform Operator Init App 1.7.0-SNAPSHOT] Returning default Health API response 503 for readiness
2025-01-30 18:20:06,413 INFO c.h.h.t.HelmChartContainer - [EVENT] Warning [Unhealthy] Readiness probe failed: HTTP probe failed with statuscode: 503 [helmadditionalvolumesit:test-hivemq-platform-0]
2025-01-30 18:20:06,413 INFO c.h.h.t.HelmChartContainer - Received Unhealthy event for container hivemq in pod test-hivemq-platform-0 [250f2274-b34f-4822-a609-fadeb6d5a830]
2025-01-30 18:20:07,306 INFO c.h.h.t.HelmChartContainer - [test-hivemq-platform] [hivemq] [250f2274] INFO  - Starting HiveMQ Enterprise Server
2025-01-30 18:20:07,311 INFO c.h.h.t.HelmChartContainer - [test-hivemq-platform] [hivemq] [250f2274] INFO  - HiveMQ version: 4.36.0
2025-01-30 18:20:07,311 INFO c.h.h.t.HelmChartContainer - [test-hivemq-platform] [hivemq] [250f2274] INFO  - HiveMQ home directory: /opt/hivemq
2025-01-30 18:20:07,312 INFO c.h.h.t.HelmChartContainer - [test-hivemq-platform] [hivemq] [250f2274] INFO  - Log Configuration was overridden by /opt/hivemq/conf/logback.xml
2025-01-30 18:20:08,510 INFO c.h.h.t.HelmChartContainer - [test-hivemq-platform] [hivemq] [250f2274] INFO  - Successfully loaded configuration from '/opt/hivemq/conf-k8s/config.xml'.
2025-01-30 18:20:09,073 INFO c.h.h.t.HelmChartContainer - [K3S] [range_allocator.go:247] "Successfully synced" key="8e4c0e52442e"
2025-01-30 18:20:09,313 INFO c.h.h.t.HelmChartContainer - [test-hivemq-platform] [hivemq] [250f2274] INFO  - This node's ID is T1h1m
2025-01-30 18:20:09,313 INFO c.h.h.t.HelmChartContainer - [test-hivemq-platform] [hivemq] [250f2274] INFO  - Clustering is enabled
2025-01-30 18:20:09,965 INFO c.h.h.t.HelmChartContainer - [hivemq-test-hivemq-platform] [hivemq-platform-operator] [96d2a8f7] 18:20:09.964 [pool-6-thread-24] DEBUG c.h.p.o.d.PlatformServiceResource - [helmaddi] Desired Platform services (3 services)
2025-01-30 18:20:09,968 INFO c.h.h.t.HelmChartContainer - [hivemq-test-hivemq-platform] [hivemq-platform-operator] [96d2a8f7] 18:20:09.964 [pool-6-thread-23] DEBUG c.h.p.o.dependants.PodInfoConfigMap - [helmaddi] Desired PodInfo ConfigMap (1 extensions) (1 enabled)
2025-01-30 18:20:09,969 INFO c.h.h.t.HelmChartContainer - [hivemq-test-hivemq-platform] [hivemq-platform-operator] [96d2a8f7] 18:20:09.964 [pool-6-thread-23] DEBUG c.h.p.o.dependants.PodInfoConfigMap - [helmaddi] Desired PodInfo ConfigMap (metrics port: 9399) (metrics path: /)
2025-01-30 18:20:09,970 INFO c.h.h.t.HelmChartContainer - [hivemq-test-hivemq-platform] [hivemq-platform-operator] [96d2a8f7] 18:20:09.964 [pool-6-thread-23] DEBUG c.h.p.o.dependants.PodInfoConfigMap - [helmaddi] Desired PodInfo ConfigMap (extension state hash: -1817474005)
2025-01-30 18:20:09,970 INFO c.h.h.t.HelmChartContainer - [hivemq-test-hivemq-platform] [hivemq-platform-operator] [96d2a8f7] 18:20:09.965 [pool-6-thread-26] DEBUG c.h.p.o.d.PodServiceAccountResource - [helmaddi] Desired PodServiceAccountResource (serviceAccountName: hivemq-platform-pod-test-hivemq-platform)
2025-01-30 18:20:09,972 INFO c.h.h.t.HelmChartContainer - [hivemq-test-hivemq-platform] [hivemq-platform-operator] [96d2a8f7] 18:20:09.971 [pool-6-thread-24] DEBUG c.h.p.o.d.StatefulSetResource - [helmaddi] Desired StatefulSet (1 replicas) for status STARTING (READY)
2025-01-30 18:20:09,978 INFO c.h.h.t.HelmChartContainer - [hivemq-test-hivemq-platform] [hivemq-platform-operator] [96d2a8f7] 18:20:09.977 [ReconcilerExecutor-hivemq-controller-113] INFO  c.h.p.o.HiveMQPlatformReconciler - [helmaddi] Reconciling HiveMQ Platform 'test-hivemq-platform' in namespace 'helmadditionalvolumesit'
2025-01-30 18:20:09,978 INFO c.h.h.t.HelmChartContainer - [hivemq-test-hivemq-platform] [hivemq-platform-operator] [96d2a8f7] 18:20:09.977 [ReconcilerExecutor-hivemq-controller-113] DEBUG c.h.p.o.HiveMQPlatformReconciler - [helmaddi] Custom Resource Status STARTING - HiveMQ Platform is starting (READY)
2025-01-30 18:20:09,978 INFO c.h.h.t.HelmChartContainer - [hivemq-test-hivemq-platform] [hivemq-platform-operator] [96d2a8f7] 18:20:09.977 [ReconcilerExecutor-hivemq-controller-113] DEBUG c.h.p.o.HiveMQPlatformReconciler - [helmaddi] Custom Resource Spec (replicas: 1) (extensions: 1)
2025-01-30 18:20:10,051 INFO c.h.h.t.HelmChartContainer - [hivemq-test-hivemq-platform] [hivemq-platform-operator] [96d2a8f7] 18:20:10.050 [ReconcilerExecutor-hivemq-controller-113] DEBUG c.h.p.o.HiveMQPlatformReconciler - [helmaddi] StatefulSet Status (revision: test-hivemq-platform-5d4d897885, replicas: 1, available: 0, ready: 0, current: 1, updated: 1)
2025-01-30 18:20:10,052 INFO c.h.h.t.HelmChartContainer - [hivemq-test-hivemq-platform] [hivemq-platform-operator] [96d2a8f7] 18:20:10.050 [ReconcilerExecutor-hivemq-controller-113] DEBUG c.h.p.o.HiveMQPlatformReconciler - [helmaddi] StatefulSet Spec (replicas: 1, init containers: 1, containers: 1, volumes: 7)
2025-01-30 18:20:10,053 INFO c.h.h.t.HelmChartContainer - [hivemq-test-hivemq-platform] [hivemq-platform-operator] [96d2a8f7] 18:20:10.053 [ReconcilerExecutor-hivemq-controller-113] DEBUG c.h.p.o.h.HiveMQPlatformReconcilerErrorHandler - [helmaddi] Pod 'test-hivemq-platform-0' phase Running
2025-01-30 18:20:10,054 INFO c.h.h.t.HelmChartContainer - [hivemq-test-hivemq-platform] [hivemq-platform-operator] [96d2a8f7] 18:20:10.054 [ReconcilerExecutor-hivemq-controller-113] INFO  c.h.p.o.h.HiveMQPlatformReconcilerBaseHandler - [helmaddi] HiveMQ Platform is starting, 0 of 1 replicas are ready
2025-01-30 18:20:11,208 INFO c.h.h.t.HelmChartContainer - [test-hivemq-platform] [hivemq] [250f2274] WARN  - [HiveMQ Platform Operator Init App 1.7.0-SNAPSHOT] Cannot connect to Health API for readiness: null
2025-01-30 18:20:11,214 INFO c.h.h.t.HelmChartContainer - [EVENT] Warning [Unhealthy] Readiness probe failed: HTTP probe failed with statuscode: 503 [helmadditionalvolumesit:test-hivemq-platform-0]
2025-01-30 18:20:11,214 INFO c.h.h.t.HelmChartContainer - Received Unhealthy event for container hivemq in pod test-hivemq-platform-0 [250f2274-b34f-4822-a609-fadeb6d5a830]
2025-01-30 18:20:13,708 INFO c.h.h.t.HelmChartContainer - [test-hivemq-platform] [hivemq] [250f2274] Jan 30, 2025 6:20:13 PM io.vertx.core.impl.BlockedThreadChecker
2025-01-30 18:20:13,708 INFO c.h.h.t.HelmChartContainer - [test-hivemq-platform] [hivemq] [250f2274] WARNING: Thread Thread[vert.x-eventloop-thread-1,5,main] has been blocked for 2101 ms, time limit is 2000 ms
2025-01-30 18:20:14,608 INFO c.h.h.t.HelmChartContainer - [test-hivemq-platform] [hivemq] [250f2274] Jan 30, 2025 6:20:14 PM io.vertx.core.impl.BlockedThreadChecker
2025-01-30 18:20:14,608 INFO c.h.h.t.HelmChartContainer - [test-hivemq-platform] [hivemq] [250f2274] WARNING: Thread Thread[vert.x-eventloop-thread-1,5,main] has been blocked for 3102 ms, time limit is 2000 ms
2025-01-30 18:20:14,806 INFO c.h.h.t.HelmChartContainer - [test-hivemq-platform] [hivemq] [250f2274] INFO  - [HiveMQ Platform Operator Init App 1.7.0-SNAPSHOT] Updating Pod HiveMQ Platform Operator Init App version annotation (version: 1.7.0-SNAPSHOT)
2025-01-30 18:20:15,320 INFO c.h.h.t.HelmChartContainer - [POD] test-hivemq-platform-0 [250f2274-b34f-4822-a609-fadeb6d5a830] in helmadditionalvolumesit was MODIFIED
2025-01-30 18:20:15,327 INFO c.h.h.t.HelmChartContainer - [hivemq-test-hivemq-platform] [hivemq-platform-operator] [96d2a8f7] 18:20:15.326 [pool-6-thread-36] DEBUG c.h.p.o.d.PlatformServiceResource - [helmaddi] Desired Platform services (3 services)
2025-01-30 18:20:15,330 INFO c.h.h.t.HelmChartContainer - [hivemq-test-hivemq-platform] [hivemq-platform-operator] [96d2a8f7] 18:20:15.327 [pool-6-thread-32] DEBUG c.h.p.o.dependants.PodInfoConfigMap - [helmaddi] Desired PodInfo ConfigMap (1 extensions) (1 enabled)
2025-01-30 18:20:15,330 INFO c.h.h.t.HelmChartContainer - [hivemq-test-hivemq-platform] [hivemq-platform-operator] [96d2a8f7] 18:20:15.329 [pool-6-thread-33] DEBUG c.h.p.o.d.PodServiceAccountResource - [helmaddi] Desired PodServiceAccountResource (serviceAccountName: hivemq-platform-pod-test-hivemq-platform)
2025-01-30 18:20:15,331 INFO c.h.h.t.HelmChartContainer - [hivemq-test-hivemq-platform] [hivemq-platform-operator] [96d2a8f7] 18:20:15.330 [pool-6-thread-32] DEBUG c.h.p.o.dependants.PodInfoConfigMap - [helmaddi] Desired PodInfo ConfigMap (metrics port: 9399) (metrics path: /)
2025-01-30 18:20:15,332 INFO c.h.h.t.HelmChartContainer - [hivemq-test-hivemq-platform] [hivemq-platform-operator] [96d2a8f7] 18:20:15.330 [pool-6-thread-32] DEBUG c.h.p.o.dependants.PodInfoConfigMap - [helmaddi] Desired PodInfo ConfigMap (extension state hash: -1817474005)
2025-01-30 18:20:15,335 INFO c.h.h.t.HelmChartContainer - [hivemq-test-hivemq-platform] [hivemq-platform-operator] [96d2a8f7] 18:20:15.334 [pool-6-thread-36] DEBUG c.h.p.o.d.StatefulSetResource - [helmaddi] Desired StatefulSet (1 replicas) for status STARTING (READY)
2025-01-30 18:20:15,353 INFO c.h.h.t.HelmChartContainer - [hivemq-test-hivemq-platform] [hivemq-platform-operator] [96d2a8f7] 18:20:15.351 [ReconcilerExecutor-hivemq-controller-114] INFO  c.h.p.o.HiveMQPlatformReconciler - [helmaddi] Reconciling HiveMQ Platform 'test-hivemq-platform' in namespace 'helmadditionalvolumesit'
2025-01-30 18:20:15,353 INFO c.h.h.t.HelmChartContainer - [hivemq-test-hivemq-platform] [hivemq-platform-operator] [96d2a8f7] 18:20:15.351 [ReconcilerExecutor-hivemq-controller-114] DEBUG c.h.p.o.HiveMQPlatformReconciler - [helmaddi] Custom Resource Status STARTING - HiveMQ Platform is starting (READY)
2025-01-30 18:20:15,353 INFO c.h.h.t.HelmChartContainer - [hivemq-test-hivemq-platform] [hivemq-platform-operator] [96d2a8f7] 18:20:15.351 [ReconcilerExecutor-hivemq-controller-114] DEBUG c.h.p.o.HiveMQPlatformReconciler - [helmaddi] Custom Resource Spec (replicas: 1) (extensions: 1)
2025-01-30 18:20:15,354 INFO c.h.h.t.HelmChartContainer - [hivemq-test-hivemq-platform] [hivemq-platform-operator] [96d2a8f7] 18:20:15.353 [ReconcilerExecutor-hivemq-controller-114] DEBUG c.h.p.o.HiveMQPlatformReconciler - [helmaddi] StatefulSet Status (revision: test-hivemq-platform-5d4d897885, replicas: 1, available: 0, ready: 0, current: 1, updated: 1)
2025-01-30 18:20:15,355 INFO c.h.h.t.HelmChartContainer - [hivemq-test-hivemq-platform] [hivemq-platform-operator] [96d2a8f7] 18:20:15.354 [ReconcilerExecutor-hivemq-controller-114] DEBUG c.h.p.o.HiveMQPlatformReconciler - [helmaddi] StatefulSet Spec (replicas: 1, init containers: 1, containers: 1, volumes: 7)
2025-01-30 18:20:15,357 INFO c.h.h.t.HelmChartContainer - [hivemq-test-hivemq-platform] [hivemq-platform-operator] [96d2a8f7] 18:20:15.356 [ReconcilerExecutor-hivemq-controller-114] DEBUG c.h.p.o.h.HiveMQPlatformReconcilerErrorHandler - [helmaddi] Pod 'test-hivemq-platform-0' phase Running
2025-01-30 18:20:15,357 INFO c.h.h.t.HelmChartContainer - [hivemq-test-hivemq-platform] [hivemq-platform-operator] [96d2a8f7] 18:20:15.357 [ReconcilerExecutor-hivemq-controller-114] INFO  c.h.p.o.h.HiveMQPlatformReconcilerBaseHandler - [helmaddi] HiveMQ Platform is starting, 0 of 1 replicas are ready
2025-01-30 18:20:15,407 INFO c.h.h.t.HelmChartContainer - [test-hivemq-platform] [hivemq] [250f2274] WARN  - [HiveMQ Platform Operator Init App 1.7.0-SNAPSHOT] Cannot connect to Health API for readiness: null
2025-01-30 18:20:15,412 INFO c.h.h.t.HelmChartContainer - [test-hivemq-platform] [hivemq] [250f2274] INFO  - [HiveMQ Platform Operator Init App 1.7.0-SNAPSHOT] Successfully updated Pod HiveMQ Platform Operator Init App version annotation (version: 1.7.0-SNAPSHOT)
2025-01-30 18:20:15,415 INFO c.h.h.t.HelmChartContainer - [EVENT] Warning [Unhealthy] Readiness probe failed: HTTP probe failed with statuscode: 503 [helmadditionalvolumesit:test-hivemq-platform-0]
2025-01-30 18:20:15,415 INFO c.h.h.t.HelmChartContainer - Received Unhealthy event for container hivemq in pod test-hivemq-platform-0 [250f2274-b34f-4822-a609-fadeb6d5a830]
2025-01-30 18:20:20,325 INFO c.h.h.t.HelmChartContainer - [test-hivemq-platform] [hivemq] [250f2274] WARN  - [HiveMQ Platform Operator Init App 1.7.0-SNAPSHOT] Cannot connect to Health API for readiness: null
2025-01-30 18:20:20,330 INFO c.h.h.t.HelmChartContainer - [EVENT] Warning [Unhealthy] Readiness probe failed: HTTP probe failed with statuscode: 503 [helmadditionalvolumesit:test-hivemq-platform-0]
2025-01-30 18:20:20,330 INFO c.h.h.t.HelmChartContainer - Received Unhealthy event for container hivemq in pod test-hivemq-platform-0 [250f2274-b34f-4822-a609-fadeb6d5a830]
2025-01-30 18:20:25,364 INFO c.h.h.t.HelmChartContainer - [hivemq-test-hivemq-platform] [hivemq-platform-operator] [96d2a8f7] 18:20:25.362 [pool-6-thread-42] DEBUG c.h.p.o.d.PlatformServiceResource - [helmaddi] Desired Platform services (3 services)
2025-01-30 18:20:25,365 INFO c.h.h.t.HelmChartContainer - [hivemq-test-hivemq-platform] [hivemq-platform-operator] [96d2a8f7] 18:20:25.363 [pool-6-thread-45] DEBUG c.h.p.o.dependants.PodInfoConfigMap - [helmaddi] Desired PodInfo ConfigMap (1 extensions) (1 enabled)
2025-01-30 18:20:25,365 INFO c.h.h.t.HelmChartContainer - [hivemq-test-hivemq-platform] [hivemq-platform-operator] [96d2a8f7] 18:20:25.363 [pool-6-thread-45] DEBUG c.h.p.o.dependants.PodInfoConfigMap - [helmaddi] Desired PodInfo ConfigMap (metrics port: 9399) (metrics path: /)
2025-01-30 18:20:25,365 INFO c.h.h.t.HelmChartContainer - [hivemq-test-hivemq-platform] [hivemq-platform-operator] [96d2a8f7] 18:20:25.364 [pool-6-thread-45] DEBUG c.h.p.o.dependants.PodInfoConfigMap - [helmaddi] Desired PodInfo ConfigMap (extension state hash: -1817474005)
2025-01-30 18:20:25,367 INFO c.h.h.t.HelmChartContainer - [hivemq-test-hivemq-platform] [hivemq-platform-operator] [96d2a8f7] 18:20:25.364 [pool-6-thread-47] DEBUG c.h.p.o.d.PodServiceAccountResource - [helmaddi] Desired PodServiceAccountResource (serviceAccountName: hivemq-platform-pod-test-hivemq-platform)
2025-01-30 18:20:25,371 INFO c.h.h.t.HelmChartContainer - [hivemq-test-hivemq-platform] [hivemq-platform-operator] [96d2a8f7] 18:20:25.370 [pool-6-thread-42] DEBUG c.h.p.o.d.StatefulSetResource - [helmaddi] Desired StatefulSet (1 replicas) for status STARTING (READY)
2025-01-30 18:20:25,407 INFO c.h.h.t.HelmChartContainer - [test-hivemq-platform] [hivemq] [250f2274] WARN  - [HiveMQ Platform Operator Init App 1.7.0-SNAPSHOT] Cannot connect to Health API for readiness: null
2025-01-30 18:20:25,411 INFO c.h.h.t.HelmChartContainer - [EVENT] Warning [Unhealthy] Readiness probe failed: HTTP probe failed with statuscode: 503 [helmadditionalvolumesit:test-hivemq-platform-0]
2025-01-30 18:20:25,411 INFO c.h.h.t.HelmChartContainer - Received Unhealthy event for container hivemq in pod test-hivemq-platform-0 [250f2274-b34f-4822-a609-fadeb6d5a830]
2025-01-30 18:20:25,451 INFO c.h.h.t.HelmChartContainer - [hivemq-test-hivemq-platform] [hivemq-platform-operator] [96d2a8f7] 18:20:25.450 [ReconcilerExecutor-hivemq-controller-115] INFO  c.h.p.o.HiveMQPlatformReconciler - [helmaddi] Reconciling HiveMQ Platform 'test-hivemq-platform' in namespace 'helmadditionalvolumesit'
2025-01-30 18:20:25,451 INFO c.h.h.t.HelmChartContainer - [hivemq-test-hivemq-platform] [hivemq-platform-operator] [96d2a8f7] 18:20:25.450 [ReconcilerExecutor-hivemq-controller-115] DEBUG c.h.p.o.HiveMQPlatformReconciler - [helmaddi] Custom Resource Status STARTING - HiveMQ Platform is starting (READY)
2025-01-30 18:20:25,451 INFO c.h.h.t.HelmChartContainer - [hivemq-test-hivemq-platform] [hivemq-platform-operator] [96d2a8f7] 18:20:25.450 [ReconcilerExecutor-hivemq-controller-115] DEBUG c.h.p.o.HiveMQPlatformReconciler - [helmaddi] Custom Resource Spec (replicas: 1) (extensions: 1)
2025-01-30 18:20:25,454 INFO c.h.h.t.HelmChartContainer - [hivemq-test-hivemq-platform] [hivemq-platform-operator] [96d2a8f7] 18:20:25.452 [ReconcilerExecutor-hivemq-controller-115] DEBUG c.h.p.o.HiveMQPlatformReconciler - [helmaddi] StatefulSet Status (revision: test-hivemq-platform-5d4d897885, replicas: 1, available: 0, ready: 0, current: 1, updated: 1)
2025-01-30 18:20:25,454 INFO c.h.h.t.HelmChartContainer - [hivemq-test-hivemq-platform] [hivemq-platform-operator] [96d2a8f7] 18:20:25.452 [ReconcilerExecutor-hivemq-controller-115] DEBUG c.h.p.o.HiveMQPlatformReconciler - [helmaddi] StatefulSet Spec (replicas: 1, init containers: 1, containers: 1, volumes: 7)
2025-01-30 18:20:25,455 INFO c.h.h.t.HelmChartContainer - [hivemq-test-hivemq-platform] [hivemq-platform-operator] [96d2a8f7] 18:20:25.454 [ReconcilerExecutor-hivemq-controller-115] DEBUG c.h.p.o.h.HiveMQPlatformReconcilerErrorHandler - [helmaddi] Pod 'test-hivemq-platform-0' phase Running
2025-01-30 18:20:25,456 INFO c.h.h.t.HelmChartContainer - [hivemq-test-hivemq-platform] [hivemq-platform-operator] [96d2a8f7] 18:20:25.455 [ReconcilerExecutor-hivemq-controller-115] INFO  c.h.p.o.h.HiveMQPlatformReconcilerBaseHandler - [helmaddi] HiveMQ Platform is starting, 0 of 1 replicas are ready
2025-01-30 18:20:26,906 INFO c.h.h.t.HelmChartContainer - [test-hivemq-platform] [hivemq] [250f2274] WARN  - [HiveMQ Platform Operator Init App 1.7.0-SNAPSHOT] Cannot connect to Health API for liveness: null
2025-01-30 18:20:26,906 INFO c.h.h.t.HelmChartContainer - [test-hivemq-platform] [hivemq] [250f2274] INFO  - [HiveMQ Platform Operator Init App 1.7.0-SNAPSHOT] Returning default Health API response 200 for liveness
2025-01-30 18:20:27,131 INFO c.h.h.t.HelmChartContainer - [test-hivemq-platform] [hivemq] [250f2274] INFO  - No valid license file found. Using trial license, restricted to 25 connections.
2025-01-30 18:20:30,350 INFO c.h.h.t.HelmChartContainer - [K3S] [scope.go:117] "RemoveContainer" containerID="a3409f016f86cd6ec6db1b770fe1168e8956c59e4dfe8d7f8b585f7fbfbc7aea"
2025-01-30 18:20:30,407 INFO c.h.h.t.HelmChartContainer - [test-hivemq-platform] [hivemq] [250f2274] WARN  - [HiveMQ Platform Operator Init App 1.7.0-SNAPSHOT] Cannot connect to Health API for readiness: null
2025-01-30 18:20:30,411 INFO c.h.h.t.HelmChartContainer - [EVENT] Warning [Unhealthy] Readiness probe failed: HTTP probe failed with statuscode: 503 [helmadditionalvolumesit:test-hivemq-platform-0]
2025-01-30 18:20:30,411 INFO c.h.h.t.HelmChartContainer - Received Unhealthy event for container hivemq in pod test-hivemq-platform-0 [250f2274-b34f-4822-a609-fadeb6d5a830]
2025-01-30 18:20:30,815 INFO c.h.h.t.HelmChartContainer - [test-hivemq-platform] [hivemq] [250f2274] INFO  - No valid license file for Data Hub found. Using free license, restricted to 1 policy.
2025-01-30 18:20:31,999 INFO c.h.h.t.HelmChartContainer - [test-hivemq-platform] [hivemq] [250f2274] INFO  - Audit Logger started.
2025-01-30 18:20:32,227 INFO c.h.h.t.HelmChartContainer - [test-hivemq-platform] [hivemq] [250f2274] INFO  - This node uses '1' CPU cores.
2025-01-30 18:20:32,232 INFO c.h.h.t.HelmChartContainer - [test-hivemq-platform] [hivemq] [250f2274] INFO  - Starting HiveMQ Health API on address 0.0.0.0 and port 8889
2025-01-30 18:20:33,009 INFO c.h.h.t.HelmChartContainer - [test-hivemq-platform] [hivemq] [250f2274] INFO  - Started HiveMQ Health API in 777ms
2025-01-30 18:20:33,508 INFO c.h.h.t.HelmChartContainer - [test-hivemq-platform] [hivemq] [250f2274] INFO  - Starting HiveMQ extension system.
2025-01-30 18:20:33,720 INFO c.h.h.t.HelmChartContainer - [test-hivemq-platform] [hivemq] [250f2274] INFO  - Starting extension with id "hivemq-dns-cluster-discovery" at /opt/hivemq/extensions/hivemq-dns-cluster-discovery
2025-01-30 18:20:34,216 INFO c.h.h.t.HelmChartContainer - [test-hivemq-platform] [hivemq] [250f2274] INFO  - Extension "DNS Cluster Discovery Extension" version 4.3.2 started successfully.
2025-01-30 18:20:34,217 INFO c.h.h.t.HelmChartContainer - [test-hivemq-platform] [hivemq] [250f2274] INFO  - Starting extension with id "hivemq-prometheus-extension" at /opt/hivemq/extensions/hivemq-prometheus-extension
2025-01-30 18:20:34,313 INFO c.h.h.t.HelmChartContainer - [test-hivemq-platform] [hivemq] [250f2274] INFO  - Using TCP cluster transport on address 10.42.0.15 and port 7000
2025-01-30 18:20:34,414 INFO c.h.h.t.HelmChartContainer - [test-hivemq-platform] [hivemq] [250f2274] INFO  - Using extension cluster discovery
2025-01-30 18:20:35,214 INFO c.h.h.t.HelmChartContainer - [test-hivemq-platform] [hivemq] [250f2274] INFO  - Started Jetty Server exposing Prometheus Servlet on URI http://0.0.0.0:9399/
2025-01-30 18:20:35,214 INFO c.h.h.t.HelmChartContainer - [test-hivemq-platform] [hivemq] [250f2274] INFO  - Extension "Prometheus Monitoring Extension" version 4.0.12 started successfully.
2025-01-30 18:20:35,214 INFO c.h.h.t.HelmChartContainer - [test-hivemq-platform] [hivemq] [250f2274] INFO  - Starting extension with id "hivemq-allow-all-extension" at /opt/hivemq/extensions/hivemq-allow-all-extension
2025-01-30 18:20:35,214 INFO c.h.h.t.HelmChartContainer - [test-hivemq-platform] [hivemq] [250f2274] WARN  - 
2025-01-30 18:20:35,214 INFO c.h.h.t.HelmChartContainer - [test-hivemq-platform] [hivemq] [250f2274] ################################################################################################################
2025-01-30 18:20:35,214 INFO c.h.h.t.HelmChartContainer - [test-hivemq-platform] [hivemq] [250f2274] # This HiveMQ deployment is not secure! You are lacking Authentication and Authorization.                      #
2025-01-30 18:20:35,214 INFO c.h.h.t.HelmChartContainer - [test-hivemq-platform] [hivemq] [250f2274] # Right now any MQTT client can connect to the broker with a full set of permissions.                          #
2025-01-30 18:20:35,214 INFO c.h.h.t.HelmChartContainer - [test-hivemq-platform] [hivemq] [250f2274] # For production usage, add an appropriate security extension and remove the hivemq-allow-all extension.       #
2025-01-30 18:20:35,214 INFO c.h.h.t.HelmChartContainer - [test-hivemq-platform] [hivemq] [250f2274] # You can download security extensions from the HiveMQ Marketplace (https://www.hivemq.com/extensions/).       #
2025-01-30 18:20:35,214 INFO c.h.h.t.HelmChartContainer - [test-hivemq-platform] [hivemq] [250f2274] ################################################################################################################
2025-01-30 18:20:35,214 INFO c.h.h.t.HelmChartContainer - [test-hivemq-platform] [hivemq] [250f2274] INFO  - Extension "Allow All Extension" version 1.1.1 started successfully.
2025-01-30 18:20:35,463 INFO c.h.h.t.HelmChartContainer - [hivemq-test-hivemq-platform] [hivemq-platform-operator] [96d2a8f7] 18:20:35.460 [pool-6-thread-1] DEBUG c.h.p.o.d.PlatformServiceResource - [helmaddi] Desired Platform services (3 services)
2025-01-30 18:20:35,464 INFO c.h.h.t.HelmChartContainer - [hivemq-test-hivemq-platform] [hivemq-platform-operator] [96d2a8f7] 18:20:35.461 [pool-6-thread-9] DEBUG c.h.p.o.d.PodServiceAccountResource - [helmaddi] Desired PodServiceAccountResource (serviceAccountName: hivemq-platform-pod-test-hivemq-platform)
2025-01-30 18:20:35,464 INFO c.h.h.t.HelmChartContainer - [hivemq-test-hivemq-platform] [hivemq-platform-operator] [96d2a8f7] 18:20:35.464 [pool-6-thread-6] DEBUG c.h.p.o.dependants.PodInfoConfigMap - [helmaddi] Desired PodInfo ConfigMap (1 extensions) (1 enabled)
2025-01-30 18:20:35,469 INFO c.h.h.t.HelmChartContainer - [hivemq-test-hivemq-platform] [hivemq-platform-operator] [96d2a8f7] 18:20:35.464 [pool-6-thread-6] DEBUG c.h.p.o.dependants.PodInfoConfigMap - [helmaddi] Desired PodInfo ConfigMap (metrics port: 9399) (metrics path: /)
2025-01-30 18:20:35,469 INFO c.h.h.t.HelmChartContainer - [hivemq-test-hivemq-platform] [hivemq-platform-operator] [96d2a8f7] 18:20:35.464 [pool-6-thread-6] DEBUG c.h.p.o.dependants.PodInfoConfigMap - [helmaddi] Desired PodInfo ConfigMap (extension state hash: -1817474005)
2025-01-30 18:20:35,477 INFO c.h.h.t.HelmChartContainer - [hivemq-test-hivemq-platform] [hivemq-platform-operator] [96d2a8f7] 18:20:35.476 [pool-6-thread-1] DEBUG c.h.p.o.d.StatefulSetResource - [helmaddi] Desired StatefulSet (1 replicas) for status STARTING (READY)
2025-01-30 18:20:35,485 INFO c.h.h.t.HelmChartContainer - [hivemq-test-hivemq-platform] [hivemq-platform-operator] [96d2a8f7] 18:20:35.483 [ReconcilerExecutor-hivemq-controller-116] INFO  c.h.p.o.HiveMQPlatformReconciler - [helmaddi] Reconciling HiveMQ Platform 'test-hivemq-platform' in namespace 'helmadditionalvolumesit'
2025-01-30 18:20:35,486 INFO c.h.h.t.HelmChartContainer - [hivemq-test-hivemq-platform] [hivemq-platform-operator] [96d2a8f7] 18:20:35.484 [ReconcilerExecutor-hivemq-controller-116] DEBUG c.h.p.o.HiveMQPlatformReconciler - [helmaddi] Custom Resource Status STARTING - HiveMQ Platform is starting (READY)
2025-01-30 18:20:35,486 INFO c.h.h.t.HelmChartContainer - [hivemq-test-hivemq-platform] [hivemq-platform-operator] [96d2a8f7] 18:20:35.484 [ReconcilerExecutor-hivemq-controller-116] DEBUG c.h.p.o.HiveMQPlatformReconciler - [helmaddi] Custom Resource Spec (replicas: 1) (extensions: 1)
2025-01-30 18:20:35,486 INFO c.h.h.t.HelmChartContainer - [hivemq-test-hivemq-platform] [hivemq-platform-operator] [96d2a8f7] 18:20:35.485 [ReconcilerExecutor-hivemq-controller-116] DEBUG c.h.p.o.HiveMQPlatformReconciler - [helmaddi] StatefulSet Status (revision: test-hivemq-platform-5d4d897885, replicas: 1, available: 0, ready: 0, current: 1, updated: 1)
2025-01-30 18:20:35,551 INFO c.h.h.t.HelmChartContainer - [hivemq-test-hivemq-platform] [hivemq-platform-operator] [96d2a8f7] 18:20:35.549 [ReconcilerExecutor-hivemq-controller-116] DEBUG c.h.p.o.HiveMQPlatformReconciler - [helmaddi] StatefulSet Spec (replicas: 1, init containers: 1, containers: 1, volumes: 7)
2025-01-30 18:20:35,553 INFO c.h.h.t.HelmChartContainer - [hivemq-test-hivemq-platform] [hivemq-platform-operator] [96d2a8f7] 18:20:35.553 [ReconcilerExecutor-hivemq-controller-116] DEBUG c.h.p.o.h.HiveMQPlatformReconcilerErrorHandler - [helmaddi] Pod 'test-hivemq-platform-0' phase Running
2025-01-30 18:20:35,554 INFO c.h.h.t.HelmChartContainer - [hivemq-test-hivemq-platform] [hivemq-platform-operator] [96d2a8f7] 18:20:35.554 [ReconcilerExecutor-hivemq-controller-116] INFO  c.h.p.o.h.HiveMQPlatformReconcilerBaseHandler - [helmaddi] HiveMQ Platform is starting, 0 of 1 replicas are ready
2025-01-30 18:20:35,902 INFO c.h.h.t.HelmChartContainer - [test-hivemq-platform] [hivemq] [250f2274] INFO  - [HiveMQ Platform Operator Init App 1.7.0-SNAPSHOT] Returning Health API response 503 for readiness
2025-01-30 18:20:35,906 INFO c.h.h.t.HelmChartContainer - [EVENT] Warning [Unhealthy] Readiness probe failed: HTTP probe failed with statuscode: 503 [helmadditionalvolumesit:test-hivemq-platform-0]
2025-01-30 18:20:35,907 INFO c.h.h.t.HelmChartContainer - Received Unhealthy event for container hivemq in pod test-hivemq-platform-0 [250f2274-b34f-4822-a609-fadeb6d5a830]
2025-01-30 18:20:37,319 INFO c.h.h.t.HelmChartContainer - [test-hivemq-platform] [hivemq] [250f2274] INFO  - T1h1m: no members discovered after 2213 ms: creating cluster as first member
2025-01-30 18:20:37,325 INFO c.h.h.t.HelmChartContainer - [test-hivemq-platform] [hivemq] [250f2274] INFO  - Cluster nodes found by discovery: [T1h1m|0] (1) [T1h1m].
2025-01-30 18:20:37,404 INFO c.h.h.t.HelmChartContainer - [test-hivemq-platform] [hivemq] [250f2274] WARN  - No user for HiveMQ Control Center configured. Starting with default user
2025-01-30 18:20:37,405 INFO c.h.h.t.HelmChartContainer - [test-hivemq-platform] [hivemq] [250f2274] INFO  - Starting HiveMQ Control Center on address 0.0.0.0 and port 8080
2025-01-30 18:20:37,417 INFO c.h.h.t.HelmChartContainer - [test-hivemq-platform] [hivemq] [250f2274] INFO  - Mounting HiveMQ Control Center V2 Preview
2025-01-30 18:20:37,910 INFO c.h.h.t.HelmChartContainer - [test-hivemq-platform] [hivemq] [250f2274] INFO  - Started HiveMQ Control Center in 506ms
2025-01-30 18:20:38,003 INFO c.h.h.t.HelmChartContainer - [test-hivemq-platform] [hivemq] [250f2274] INFO  - Starting TCP listener on address 0.0.0.0 and port 1883
2025-01-30 18:20:38,015 INFO c.h.h.t.HelmChartContainer - [test-hivemq-platform] [hivemq] [250f2274] INFO  - Started TCP Listener on address 0.0.0.0 and on port 1883.
2025-01-30 18:20:38,016 INFO c.h.h.t.HelmChartContainer - [test-hivemq-platform] [hivemq] [250f2274] INFO  - Started HiveMQ in 31010ms
2025-01-30 18:20:40,325 INFO c.h.h.t.HelmChartContainer - [test-hivemq-platform] [hivemq] [250f2274] INFO  - [HiveMQ Platform Operator Init App 1.7.0-SNAPSHOT] Returning Health API response 200 for readiness
2025-01-30 18:20:40,339 INFO c.h.h.t.HelmChartContainer - [POD] test-hivemq-platform-0 [250f2274-b34f-4822-a609-fadeb6d5a830] in helmadditionalvolumesit was MODIFIED
2025-01-30 18:20:40,350 INFO c.h.h.t.HelmChartContainer - [hivemq-test-hivemq-platform] [hivemq-platform-operator] [96d2a8f7] 18:20:40.345 [pool-6-thread-13] DEBUG c.h.p.o.d.PlatformServiceResource - [helmaddi] Desired Platform services (3 services)
2025-01-30 18:20:40,350 INFO c.h.h.t.HelmChartContainer - [hivemq-test-hivemq-platform] [hivemq-platform-operator] [96d2a8f7] 18:20:40.348 [pool-6-thread-18] DEBUG c.h.p.o.dependants.PodInfoConfigMap - [helmaddi] Desired PodInfo ConfigMap (1 extensions) (1 enabled)
2025-01-30 18:20:40,351 INFO c.h.h.t.HelmChartContainer - [hivemq-test-hivemq-platform] [hivemq-platform-operator] [96d2a8f7] 18:20:40.348 [pool-6-thread-18] DEBUG c.h.p.o.dependants.PodInfoConfigMap - [helmaddi] Desired PodInfo ConfigMap (metrics port: 9399) (metrics path: /)
2025-01-30 18:20:40,351 INFO c.h.h.t.HelmChartContainer - [hivemq-test-hivemq-platform] [hivemq-platform-operator] [96d2a8f7] 18:20:40.349 [pool-6-thread-18] DEBUG c.h.p.o.dependants.PodInfoConfigMap - [helmaddi] Desired PodInfo ConfigMap (extension state hash: -1817474005)
2025-01-30 18:20:40,355 INFO c.h.h.t.HelmChartContainer - [hivemq-test-hivemq-platform] [hivemq-platform-operator] [96d2a8f7] 18:20:40.353 [pool-6-thread-19] DEBUG c.h.p.o.d.PodServiceAccountResource - [helmaddi] Desired PodServiceAccountResource (serviceAccountName: hivemq-platform-pod-test-hivemq-platform)
2025-01-30 18:20:40,359 INFO c.h.h.t.HelmChartContainer - [hivemq-test-hivemq-platform] [hivemq-platform-operator] [96d2a8f7] 18:20:40.357 [pool-6-thread-13] DEBUG c.h.p.o.d.StatefulSetResource - [helmaddi] Desired StatefulSet (1 replicas) for status STARTING (READY)
2025-01-30 18:20:40,364 INFO c.h.h.t.HelmChartContainer - [hivemq-test-hivemq-platform] [hivemq-platform-operator] [96d2a8f7] 18:20:40.361 [ReconcilerExecutor-hivemq-controller-117] INFO  c.h.p.o.HiveMQPlatformReconciler - [helmaddi] Reconciling HiveMQ Platform 'test-hivemq-platform' in namespace 'helmadditionalvolumesit'
2025-01-30 18:20:40,364 INFO c.h.h.t.HelmChartContainer - [hivemq-test-hivemq-platform] [hivemq-platform-operator] [96d2a8f7] 18:20:40.361 [ReconcilerExecutor-hivemq-controller-117] DEBUG c.h.p.o.HiveMQPlatformReconciler - [helmaddi] Custom Resource Status STARTING - HiveMQ Platform is starting (READY)
2025-01-30 18:20:40,364 INFO c.h.h.t.HelmChartContainer - [hivemq-test-hivemq-platform] [hivemq-platform-operator] [96d2a8f7] 18:20:40.361 [ReconcilerExecutor-hivemq-controller-117] DEBUG c.h.p.o.HiveMQPlatformReconciler - [helmaddi] Custom Resource Spec (replicas: 1) (extensions: 1)
2025-01-30 18:20:40,364 INFO c.h.h.t.HelmChartContainer - [hivemq-test-hivemq-platform] [hivemq-platform-operator] [96d2a8f7] 18:20:40.362 [ReconcilerExecutor-hivemq-controller-117] DEBUG c.h.p.o.HiveMQPlatformReconciler - [helmaddi] StatefulSet Status (revision: test-hivemq-platform-5d4d897885, replicas: 1, available: 1, ready: 1, current: 1, updated: 1)
2025-01-30 18:20:40,364 INFO c.h.h.t.HelmChartContainer - [hivemq-test-hivemq-platform] [hivemq-platform-operator] [96d2a8f7] 18:20:40.363 [ReconcilerExecutor-hivemq-controller-117] DEBUG c.h.p.o.HiveMQPlatformReconciler - [helmaddi] StatefulSet Spec (replicas: 1, init containers: 1, containers: 1, volumes: 7)
2025-01-30 18:20:40,444 INFO c.h.h.t.HelmChartContainer - [hivemq-test-hivemq-platform] [hivemq-platform-operator] [96d2a8f7] 18:20:40.443 [ReconcilerExecutor-hivemq-controller-117] DEBUG c.h.p.o.h.HiveMQPlatformReconcilerErrorHandler - [helmaddi] Pod 'test-hivemq-platform-0' phase Running
2025-01-30 18:20:40,445 INFO c.h.h.t.HelmChartContainer - [hivemq-test-hivemq-platform] [hivemq-platform-operator] [96d2a8f7] 18:20:40.444 [ReconcilerExecutor-hivemq-controller-117] INFO  c.h.p.o.h.HiveMQPlatformReconcilerBaseHandler - [helmaddi] HiveMQ Platform started successfully
2025-01-30 18:20:40,463 INFO c.h.h.t.HelmChartContainer - [hivemq-test-hivemq-platform] [hivemq-platform-operator] [96d2a8f7] 18:20:40.462 [ReconcilerExecutor-hivemq-controller-117] DEBUG c.h.p.operator.event.EventSender - [helmaddi] Creating K8s event hivemq-platform-ready: [Ready] HiveMQ Platform is ready
2025-01-30 18:20:40,466 INFO c.h.h.t.HelmChartContainer - [EVENT] Normal [Ready] HiveMQ Platform is ready [helmadditionalvolumesit:test-hivemq-platform]
2025-01-30 18:20:40,545 INFO c.h.h.t.HelmChartContainer - [hivemq-test-hivemq-platform] [hivemq-platform-operator] [96d2a8f7] 18:20:40.543 [ReconcilerExecutor-hivemq-controller-117] INFO  c.h.p.o.h.AbstractHiveMQReconcilerStateHandler - [helmaddi] Update HiveMQ Platform Status (STARTING [READY] -> RUNNING [READY]): HiveMQ Platform is ready
2025-01-30 18:20:40,553 DEBUG com.hivemq.helmcharts.util.K8sUtil - Comparing actual state 'RUNNING' and waiting for 'RUNNING'
2025-01-30 18:20:40,560 INFO c.h.h.t.HelmChartContainer - [hivemq-test-hivemq-platform] [hivemq-platform-operator] [96d2a8f7] 18:20:40.557 [pool-6-thread-26] DEBUG c.h.p.o.dependants.PodInfoConfigMap - [helmaddi] Desired PodInfo ConfigMap (1 extensions) (1 enabled)
2025-01-30 18:20:40,560 INFO c.h.h.t.HelmChartContainer - [hivemq-test-hivemq-platform] [hivemq-platform-operator] [96d2a8f7] 18:20:40.557 [pool-6-thread-26] DEBUG c.h.p.o.dependants.PodInfoConfigMap - [helmaddi] Desired PodInfo ConfigMap (metrics port: 9399) (metrics path: /)
2025-01-30 18:20:40,562 INFO c.h.h.t.HelmChartContainer - [hivemq-test-hivemq-platform] [hivemq-platform-operator] [96d2a8f7] 18:20:40.557 [pool-6-thread-26] DEBUG c.h.p.o.dependants.PodInfoConfigMap - [helmaddi] Desired PodInfo ConfigMap (extension state hash: -1817474005)
2025-01-30 18:20:40,562 INFO c.h.h.t.HelmChartContainer - [hivemq-test-hivemq-platform] [hivemq-platform-operator] [96d2a8f7] 18:20:40.558 [pool-6-thread-26] DEBUG c.h.p.o.dependants.PodInfoConfigMap - [helmaddi] Update PodInfo ConfigMap
2025-01-30 18:20:40,562 INFO c.h.h.t.HelmChartContainer - [hivemq-test-hivemq-platform] [hivemq-platform-operator] [96d2a8f7] 18:20:40.556 [pool-6-thread-22] DEBUG c.h.p.o.d.PlatformServiceResource - [helmaddi] Desired Platform services (3 services)
2025-01-30 18:20:40,562 INFO c.h.h.t.HelmChartContainer - [hivemq-test-hivemq-platform] [hivemq-platform-operator] [96d2a8f7] 18:20:40.559 [pool-6-thread-29] DEBUG c.h.p.o.d.PodServiceAccountResource - [helmaddi] Desired PodServiceAccountResource (serviceAccountName: hivemq-platform-pod-test-hivemq-platform)
2025-01-30 18:20:40,654 INFO c.h.h.t.HelmChartContainer - [hivemq-test-hivemq-platform] [hivemq-platform-operator] [96d2a8f7] 18:20:40.643 [pool-6-thread-26] DEBUG c.h.p.o.d.StatefulSetResource - [helmaddi] Desired StatefulSet (1 replicas) for status RUNNING (READY)
2025-01-30 18:20:40,654 INFO c.h.h.t.HelmChartContainer - [hivemq-test-hivemq-platform] [hivemq-platform-operator] [96d2a8f7] 18:20:40.648 [ReconcilerExecutor-hivemq-controller-118] INFO  c.h.p.o.HiveMQPlatformReconciler - [helmaddi] Reconciling HiveMQ Platform 'test-hivemq-platform' in namespace 'helmadditionalvolumesit'
2025-01-30 18:20:40,654 INFO c.h.h.t.HelmChartContainer - [hivemq-test-hivemq-platform] [hivemq-platform-operator] [96d2a8f7] 18:20:40.649 [ReconcilerExecutor-hivemq-controller-118] DEBUG c.h.p.o.HiveMQPlatformReconciler - [helmaddi] Custom Resource Status RUNNING - HiveMQ Platform is ready (READY)
2025-01-30 18:20:40,654 INFO c.h.h.t.HelmChartContainer - [hivemq-test-hivemq-platform] [hivemq-platform-operator] [96d2a8f7] 18:20:40.649 [ReconcilerExecutor-hivemq-controller-118] DEBUG c.h.p.o.HiveMQPlatformReconciler - [helmaddi] Custom Resource Spec (replicas: 1) (extensions: 1)
2025-01-30 18:20:40,654 INFO c.h.h.t.HelmChartContainer - [hivemq-test-hivemq-platform] [hivemq-platform-operator] [96d2a8f7] 18:20:40.650 [ReconcilerExecutor-hivemq-controller-118] DEBUG c.h.p.o.HiveMQPlatformReconciler - [helmaddi] StatefulSet Status (revision: test-hivemq-platform-5d4d897885, replicas: 1, available: 1, ready: 1, current: 1, updated: 1)
2025-01-30 18:20:40,654 INFO c.h.h.t.HelmChartContainer - [hivemq-test-hivemq-platform] [hivemq-platform-operator] [96d2a8f7] 18:20:40.651 [ReconcilerExecutor-hivemq-controller-118] DEBUG c.h.p.o.HiveMQPlatformReconciler - [helmaddi] StatefulSet Spec (replicas: 1, init containers: 1, containers: 1, volumes: 7)
2025-01-30 18:20:40,654 INFO c.h.h.t.HelmChartContainer - [hivemq-test-hivemq-platform] [hivemq-platform-operator] [96d2a8f7] 18:20:40.653 [ReconcilerExecutor-hivemq-controller-118] DEBUG c.h.p.o.h.HiveMQPlatformReconcilerErrorHandler - [helmaddi] Pod 'test-hivemq-platform-0' phase Running
2025-01-30 18:20:42,587 INFO c.h.h.t.HelmChartContainer - Uninstalling release 'test-hivemq-platform' in namespace 'helmadditionalvolumesit'...
2025-01-30 18:20:42,587 DEBUG c.h.h.t.HelmChartContainer - Executing helm command: /bin/helm --kubeconfig /etc/rancher/k3s/k3s.yaml uninstall test-hivemq-platform  --wait --timeout 5m0s --cascade foreground --namespace helmadditionalvolumesit
2025-01-30 18:20:42,804 INFO c.h.h.t.HelmChartContainer - [hivemq-test-hivemq-platform] [hivemq-platform-operator] [96d2a8f7] 18:20:42.799 [pool-6-thread-35] DEBUG c.h.p.o.d.PlatformServiceResource - [helmaddi] Desired Platform services (3 services)
2025-01-30 18:20:42,804 INFO c.h.h.t.HelmChartContainer - [hivemq-test-hivemq-platform] [hivemq-platform-operator] [96d2a8f7] 18:20:42.801 [pool-6-thread-39] DEBUG c.h.p.o.dependants.PodInfoConfigMap - [helmaddi] Desired PodInfo ConfigMap (1 extensions) (1 enabled)
2025-01-30 18:20:42,805 INFO c.h.h.t.HelmChartContainer - [hivemq-test-hivemq-platform] [hivemq-platform-operator] [96d2a8f7] 18:20:42.801 [pool-6-thread-39] DEBUG c.h.p.o.dependants.PodInfoConfigMap - [helmaddi] Desired PodInfo ConfigMap (metrics port: 9399) (metrics path: /)
2025-01-30 18:20:42,805 INFO c.h.h.t.HelmChartContainer - [hivemq-test-hivemq-platform] [hivemq-platform-operator] [96d2a8f7] 18:20:42.801 [pool-6-thread-39] DEBUG c.h.p.o.dependants.PodInfoConfigMap - [helmaddi] Desired PodInfo ConfigMap (extension state hash: -1817474005)
2025-01-30 18:20:42,805 INFO c.h.h.t.HelmChartContainer - [hivemq-test-hivemq-platform] [hivemq-platform-operator] [96d2a8f7] 18:20:42.802 [pool-6-thread-37] DEBUG c.h.p.o.d.PodServiceAccountResource - [helmaddi] Desired PodServiceAccountResource (serviceAccountName: hivemq-platform-pod-test-hivemq-platform)
2025-01-30 18:20:42,813 INFO c.h.h.t.HelmChartContainer - [hivemq-test-hivemq-platform] [hivemq-platform-operator] [96d2a8f7] 18:20:42.811 [pool-6-thread-35] DEBUG c.h.p.o.d.StatefulSetResource - [helmaddi] Desired StatefulSet (1 replicas) for status RUNNING (READY)
2025-01-30 18:20:42,855 INFO c.h.h.t.HelmChartContainer - [hivemq-test-hivemq-platform] [hivemq-platform-operator] [96d2a8f7] 18:20:42.852 [ReconcilerExecutor-hivemq-controller-119] INFO  c.h.p.o.HiveMQPlatformReconciler - [helmaddi] Reconciling HiveMQ Platform 'test-hivemq-platform' in namespace 'helmadditionalvolumesit'
2025-01-30 18:20:42,855 INFO c.h.h.t.HelmChartContainer - [hivemq-test-hivemq-platform] [hivemq-platform-operator] [96d2a8f7] 18:20:42.852 [ReconcilerExecutor-hivemq-controller-119] DEBUG c.h.p.o.HiveMQPlatformReconciler - [helmaddi] Custom Resource Status RUNNING - HiveMQ Platform is ready (READY)
2025-01-30 18:20:42,855 INFO c.h.h.t.HelmChartContainer - [hivemq-test-hivemq-platform] [hivemq-platform-operator] [96d2a8f7] 18:20:42.852 [ReconcilerExecutor-hivemq-controller-119] DEBUG c.h.p.o.HiveMQPlatformReconciler - [helmaddi] Custom Resource Spec (replicas: 1) (extensions: 1)
2025-01-30 18:20:42,856 INFO c.h.h.t.HelmChartContainer - [hivemq-test-hivemq-platform] [hivemq-platform-operator] [96d2a8f7] 18:20:42.854 [ReconcilerExecutor-hivemq-controller-119] DEBUG c.h.p.o.HiveMQPlatformReconciler - [helmaddi] StatefulSet Status (revision: test-hivemq-platform-5d4d897885, replicas: 1, available: 1, ready: 1, current: 1, updated: 1)
2025-01-30 18:20:42,856 INFO c.h.h.t.HelmChartContainer - [hivemq-test-hivemq-platform] [hivemq-platform-operator] [96d2a8f7] 18:20:42.854 [ReconcilerExecutor-hivemq-controller-119] DEBUG c.h.p.o.HiveMQPlatformReconciler - [helmaddi] StatefulSet Spec (replicas: 1, init containers: 1, containers: 1, volumes: 7)
2025-01-30 18:20:42,858 INFO c.h.h.t.HelmChartContainer - [hivemq-test-hivemq-platform] [hivemq-platform-operator] [96d2a8f7] 18:20:42.857 [ReconcilerExecutor-hivemq-controller-119] DEBUG c.h.p.o.h.HiveMQPlatformReconcilerErrorHandler - [helmaddi] Pod 'test-hivemq-platform-0' phase Running
2025-01-30 18:20:42,958 INFO c.h.h.t.HelmChartContainer - [hivemq-test-hivemq-platform] [hivemq-platform-operator] [96d2a8f7] 18:20:42.956 [ReconcilerExecutor-hivemq-controller-123] INFO  c.h.p.o.HiveMQPlatformReconciler - [helmaddi] Cleanup test-hivemq-platform - helmadditionalvolumesit HiveMQ Platform is shut down
2025-01-30 18:20:43,508 INFO c.h.h.t.HelmChartContainer - [EVENT] Normal [Killing] Stopping container hivemq [helmadditionalvolumesit:test-hivemq-platform-0]
2025-01-30 18:20:43,508 INFO c.h.h.t.HelmChartContainer - Received Killing event for container hivemq in pod test-hivemq-platform-0 [250f2274-b34f-4822-a609-fadeb6d5a830]
2025-01-30 18:20:43,508 INFO c.h.h.t.HelmChartContainer - Container [test-hivemq-platform-0] [hivemq] [250f2274-b34f-4822-a609-fadeb6d5a830] was terminated
2025-01-30 18:20:43,508 INFO c.h.h.t.HelmChartContainer - Stopped log watcher for hivemq in pod test-hivemq-platform-0 [250f2274-b34f-4822-a609-fadeb6d5a830]
2025-01-30 18:20:43,507 INFO c.h.h.t.HelmChartContainer - [POD] test-hivemq-platform-0 [250f2274-b34f-4822-a609-fadeb6d5a830] in helmadditionalvolumesit was MODIFIED
2025-01-30 18:20:43,521 INFO c.h.h.t.HelmChartContainer - [test-hivemq-platform] [hivemq] [250f2274] INFO  - [HiveMQ Platform Operator Init App 1.7.0-SNAPSHOT] Shutting down
2025-01-30 18:20:43,521 INFO c.h.h.t.HelmChartContainer - [test-hivemq-platform] [hivemq] [250f2274] INFO  - [HiveMQ Platform Operator Init App 1.7.0-SNAPSHOT] Stopping the HiveMQ Platform
2025-01-30 18:20:43,621 INFO c.h.h.t.HelmChartContainer - [test-hivemq-platform] [hivemq] [250f2274] INFO  - Shutting down HiveMQ. Please wait, this could take a while...
2025-01-30 18:20:43,707 INFO c.h.h.t.HelmChartContainer - [test-hivemq-platform] [hivemq] [250f2274] INFO  - Shutting down listeners and clients
2025-01-30 18:20:43,707 INFO c.h.h.t.HelmChartContainer - [test-hivemq-platform] [hivemq] [250f2274] INFO  - Shutdown of listeners is done
2025-01-30 18:20:43,707 INFO c.h.h.t.HelmChartContainer - [test-hivemq-platform] [hivemq] [250f2274] INFO  - No clients are connected, proceeding with shutdown
2025-01-30 18:20:44,856 INFO c.h.h.t.HelmChartContainer - Deleting namespace 'helmadditionalvolumesit'...
2025-01-30 18:20:45,323 INFO c.h.h.t.HelmChartContainer - [test-hivemq-platform] [hivemq] [250f2274] INFO  - [HiveMQ Platform Operator Init App 1.7.0-SNAPSHOT] Returning shutdown Health API response 503 for readiness
2025-01-30 18:20:45,327 INFO c.h.h.t.HelmChartContainer - [EVENT] Warning [Unhealthy] Readiness probe failed: HTTP probe failed with statuscode: 503 [helmadditionalvolumesit:test-hivemq-platform-0]
2025-01-30 18:20:45,327 INFO c.h.h.t.HelmChartContainer - Received Unhealthy event for container hivemq in pod test-hivemq-platform-0 [250f2274-b34f-4822-a609-fadeb6d5a830]
2025-01-30 18:20:45,716 INFO c.h.h.t.HelmChartContainer - [K3S] [authentication.go:74] "Unable to authenticate the request" err="[invalid bearer token, serviceaccounts \"hivemq-platform-pod-test-hivemq-platform\" not found]"
2025-01-30 18:20:45,732 INFO c.h.h.t.HelmChartContainer - [K3S] [authentication.go:74] "Unable to authenticate the request" err="[invalid bearer token, serviceaccounts \"hivemq-platform-pod-test-hivemq-platform\" not found]"
2025-01-30 18:20:45,810 INFO c.h.h.t.HelmChartContainer - [test-hivemq-platform] [hivemq] [250f2274] WARN  - [HiveMQ Platform Operator Init App 1.7.0-SNAPSHOT] Could not update Pod annotations: Failure executing: GET at: https://10.43.0.1:443/api/v1/namespaces/helmadditionalvolumesit/pods/test-hivemq-platform-0. Message: Unauthorized. Received status: Status(apiVersion=v1, code=401, details=null, kind=Status, message=Unauthorized, metadata=ListMeta(_continue=null, remainingItemCount=null, resourceVersion=null, selfLink=null, additionalProperties={}), reason=Unauthorized, status=Failure, additionalProperties={}).
2025-01-30 18:20:46,519 INFO c.h.h.t.HelmChartContainer - [test-hivemq-platform] [hivemq] [250f2274] INFO  - Shutting down extension system
2025-01-30 18:20:46,520 INFO c.h.h.t.HelmChartContainer - [test-hivemq-platform] [hivemq] [250f2274] INFO  - Stopping extension with id hivemq-dns-cluster-discovery
2025-01-30 18:20:46,521 INFO c.h.h.t.HelmChartContainer - [test-hivemq-platform] [hivemq] [250f2274] INFO  - Extension "DNS Cluster Discovery Extension" version 4.3.2 stopped successfully.
2025-01-30 18:20:46,522 INFO c.h.h.t.HelmChartContainer - [test-hivemq-platform] [hivemq] [250f2274] INFO  - Stopping extension with id hivemq-prometheus-extension
2025-01-30 18:20:46,526 INFO c.h.h.t.HelmChartContainer - [test-hivemq-platform] [hivemq] [250f2274] INFO  - Extension "Prometheus Monitoring Extension" version 4.0.12 stopped successfully.
2025-01-30 18:20:46,527 INFO c.h.h.t.HelmChartContainer - [test-hivemq-platform] [hivemq] [250f2274] INFO  - Stopping extension with id hivemq-allow-all-extension
2025-01-30 18:20:46,527 INFO c.h.h.t.HelmChartContainer - [test-hivemq-platform] [hivemq] [250f2274] INFO  - Extension "Allow All Extension" version 1.1.1 stopped successfully.
2025-01-30 18:20:48,810 INFO c.h.h.t.HelmChartContainer - [test-hivemq-platform] [hivemq] [250f2274] INFO  - Shutdown completed.
2025-01-30 18:20:49,156 INFO c.h.h.t.HelmChartContainer - [test-hivemq-platform] [hivemq] [250f2274] INFO  - [HiveMQ Platform Operator Init App 1.7.0-SNAPSHOT] The HiveMQ Platform exited with code 143
2025-01-30 18:20:49,157 INFO c.h.h.t.HelmChartContainer - [test-hivemq-platform] [hivemq] [250f2274] INFO  - [HiveMQ Platform Operator Init App 1.7.0-SNAPSHOT] Stopping the REST API
2025-01-30 18:20:49,162 INFO c.h.h.t.HelmChartContainer - [test-hivemq-platform] [hivemq] [250f2274] INFO  - [HiveMQ Platform Operator Init App 1.7.0-SNAPSHOT] Shutdown complete
2025-01-30 18:20:49,622 INFO c.h.h.t.HelmChartContainer - [K3S] [stateful_set.go:438] "Unhandled Error" err="error syncing StatefulSet helmadditionalvolumesit/test-hivemq-platform, requeuing: controllerrevisions.apps \"test-hivemq-platform-5d4d897885\" is forbidden: unable to create new content in namespace helmadditionalvolumesit because it is being terminated"
2025-01-30 18:20:49,624 INFO c.h.h.t.HelmChartContainer - [POD] test-hivemq-platform-0 [250f2274-b34f-4822-a609-fadeb6d5a830] in helmadditionalvolumesit was MODIFIED
2025-01-30 18:20:49,632 INFO c.h.h.t.HelmChartContainer - [K3S] [stateful_set.go:438] "Unhandled Error" err="error syncing StatefulSet helmadditionalvolumesit/test-hivemq-platform, requeuing: controllerrevisions.apps \"test-hivemq-platform-5d4d897885\" is forbidden: unable to create new content in namespace helmadditionalvolumesit because it is being terminated"
2025-01-30 18:20:49,645 INFO c.h.h.t.HelmChartContainer - [K3S] [stateful_set.go:438] "Unhandled Error" err="error syncing StatefulSet helmadditionalvolumesit/test-hivemq-platform, requeuing: controllerrevisions.apps \"test-hivemq-platform-5d4d897885\" is forbidden: unable to create new content in namespace helmadditionalvolumesit because it is being terminated"
2025-01-30 18:20:49,669 INFO c.h.h.t.HelmChartContainer - [K3S] [stateful_set.go:438] "Unhandled Error" err="error syncing StatefulSet helmadditionalvolumesit/test-hivemq-platform, requeuing: controllerrevisions.apps \"test-hivemq-platform-5d4d897885\" is forbidden: unable to create new content in namespace helmadditionalvolumesit because it is being terminated"
2025-01-30 18:20:49,698 INFO c.h.h.t.HelmChartContainer - [K3S] [reconciler_common.go:162] "operationExecutor.UnmountVolume started for volume \"test-empty-dir-volume\" (UniqueName: \"kubernetes.io/empty-dir/250f2274-b34f-4822-a609-fadeb6d5a830-test-empty-dir-volume\") pod \"250f2274-b34f-4822-a609-fadeb6d5a830\" (UID: \"250f2274-b34f-4822-a609-fadeb6d5a830\") "
2025-01-30 18:20:49,698 INFO c.h.h.t.HelmChartContainer - [K3S] [reconciler_common.go:162] "operationExecutor.UnmountVolume started for volume \"test-secret-volume\" (UniqueName: \"kubernetes.io/secret/250f2274-b34f-4822-a609-fadeb6d5a830-test-secret-volume\") pod \"250f2274-b34f-4822-a609-fadeb6d5a830\" (UID: \"250f2274-b34f-4822-a609-fadeb6d5a830\") "
2025-01-30 18:20:49,698 INFO c.h.h.t.HelmChartContainer - [K3S] [reconciler_common.go:162] "operationExecutor.UnmountVolume started for volume \"test-persistent-volume-claim\" (UniqueName: \"kubernetes.io/local-volume/pvc-a4073af4-79fe-4c47-8dff-9192a372980f\") pod \"250f2274-b34f-4822-a609-fadeb6d5a830\" (UID: \"250f2274-b34f-4822-a609-fadeb6d5a830\") "
2025-01-30 18:20:49,698 INFO c.h.h.t.HelmChartContainer - [K3S] [reconciler_common.go:162] "operationExecutor.UnmountVolume started for volume \"operator-init\" (UniqueName: \"kubernetes.io/empty-dir/250f2274-b34f-4822-a609-fadeb6d5a830-operator-init\") pod \"250f2274-b34f-4822-a609-fadeb6d5a830\" (UID: \"250f2274-b34f-4822-a609-fadeb6d5a830\") "
2025-01-30 18:20:49,699 INFO c.h.h.t.HelmChartContainer - [K3S] [reconciler_common.go:162] "operationExecutor.UnmountVolume started for volume \"kube-api-access-bwhm9\" (UniqueName: \"kubernetes.io/projected/250f2274-b34f-4822-a609-fadeb6d5a830-kube-api-access-bwhm9\") pod \"250f2274-b34f-4822-a609-fadeb6d5a830\" (UID: \"250f2274-b34f-4822-a609-fadeb6d5a830\") "
2025-01-30 18:20:49,699 INFO c.h.h.t.HelmChartContainer - [K3S] [reconciler_common.go:162] "operationExecutor.UnmountVolume started for volume \"pod-info\" (UniqueName: \"kubernetes.io/configmap/250f2274-b34f-4822-a609-fadeb6d5a830-pod-info\") pod \"250f2274-b34f-4822-a609-fadeb6d5a830\" (UID: \"250f2274-b34f-4822-a609-fadeb6d5a830\") "
2025-01-30 18:20:49,699 INFO c.h.h.t.HelmChartContainer - [K3S] [reconciler_common.go:162] "operationExecutor.UnmountVolume started for volume \"test-mount-volume\" (UniqueName: \"kubernetes.io/configmap/250f2274-b34f-4822-a609-fadeb6d5a830-test-mount-volume\") pod \"250f2274-b34f-4822-a609-fadeb6d5a830\" (UID: \"250f2274-b34f-4822-a609-fadeb6d5a830\") "
2025-01-30 18:20:49,699 INFO c.h.h.t.HelmChartContainer - [K3S] [reconciler_common.go:162] "operationExecutor.UnmountVolume started for volume \"broker-configuration\" (UniqueName: \"kubernetes.io/configmap/250f2274-b34f-4822-a609-fadeb6d5a830-broker-configuration\") pod \"250f2274-b34f-4822-a609-fadeb6d5a830\" (UID: \"250f2274-b34f-4822-a609-fadeb6d5a830\") "
2025-01-30 18:20:49,713 INFO c.h.h.t.HelmChartContainer - [K3S] [stateful_set.go:438] "Unhandled Error" err="error syncing StatefulSet helmadditionalvolumesit/test-hivemq-platform, requeuing: controllerrevisions.apps \"test-hivemq-platform-5d4d897885\" is forbidden: unable to create new content in namespace helmadditionalvolumesit because it is being terminated"
2025-01-30 18:20:49,797 INFO c.h.h.t.HelmChartContainer - [K3S] [stateful_set.go:438] "Unhandled Error" err="error syncing StatefulSet helmadditionalvolumesit/test-hivemq-platform, requeuing: controllerrevisions.apps \"test-hivemq-platform-5d4d897885\" is forbidden: unable to create new content in namespace helmadditionalvolumesit because it is being terminated"
2025-01-30 18:20:49,798 INFO c.h.h.t.HelmChartContainer - [K3S] [reconciler_common.go:299] "Volume detached for volume \"test-mount-volume\" (UniqueName: \"kubernetes.io/configmap/250f2274-b34f-4822-a609-fadeb6d5a830-test-mount-volume\") on node \"8e4c0e52442e\" DevicePath \"\""
2025-01-30 18:20:49,798 INFO c.h.h.t.HelmChartContainer - [K3S] [reconciler_common.go:299] "Volume detached for volume \"broker-configuration\" (UniqueName: \"kubernetes.io/configmap/250f2274-b34f-4822-a609-fadeb6d5a830-broker-configuration\") on node \"8e4c0e52442e\" DevicePath \"\""
2025-01-30 18:20:49,798 INFO c.h.h.t.HelmChartContainer - [K3S] [reconciler_common.go:299] "Volume detached for volume \"test-empty-dir-volume\" (UniqueName: \"kubernetes.io/empty-dir/250f2274-b34f-4822-a609-fadeb6d5a830-test-empty-dir-volume\") on node \"8e4c0e52442e\" DevicePath \"\""
2025-01-30 18:20:49,798 INFO c.h.h.t.HelmChartContainer - [K3S] [reconciler_common.go:299] "Volume detached for volume \"test-secret-volume\" (UniqueName: \"kubernetes.io/secret/250f2274-b34f-4822-a609-fadeb6d5a830-test-secret-volume\") on node \"8e4c0e52442e\" DevicePath \"\""
2025-01-30 18:20:49,798 INFO c.h.h.t.HelmChartContainer - [K3S] [reconciler_common.go:299] "Volume detached for volume \"operator-init\" (UniqueName: \"kubernetes.io/empty-dir/250f2274-b34f-4822-a609-fadeb6d5a830-operator-init\") on node \"8e4c0e52442e\" DevicePath \"\""
2025-01-30 18:20:49,798 INFO c.h.h.t.HelmChartContainer - [K3S] [reconciler_common.go:299] "Volume detached for volume \"kube-api-access-bwhm9\" (UniqueName: \"kubernetes.io/projected/250f2274-b34f-4822-a609-fadeb6d5a830-kube-api-access-bwhm9\") on node \"8e4c0e52442e\" DevicePath \"\""
2025-01-30 18:20:49,798 INFO c.h.h.t.HelmChartContainer - [K3S] [reconciler_common.go:299] "Volume detached for volume \"pod-info\" (UniqueName: \"kubernetes.io/configmap/250f2274-b34f-4822-a609-fadeb6d5a830-pod-info\") on node \"8e4c0e52442e\" DevicePath \"\""
2025-01-30 18:20:49,798 INFO c.h.h.t.HelmChartContainer - [K3S] [reconciler_common.go:292] "operationExecutor.UnmountDevice started for volume \"pvc-a4073af4-79fe-4c47-8dff-9192a372980f\" (UniqueName: \"kubernetes.io/local-volume/pvc-a4073af4-79fe-4c47-8dff-9192a372980f\") on node \"8e4c0e52442e\" "
2025-01-30 18:20:49,898 INFO c.h.h.t.HelmChartContainer - [K3S] [reconciler_common.go:299] "Volume detached for volume \"pvc-a4073af4-79fe-4c47-8dff-9192a372980f\" (UniqueName: \"kubernetes.io/local-volume/pvc-a4073af4-79fe-4c47-8dff-9192a372980f\") on node \"8e4c0e52442e\" DevicePath \"\""
2025-01-30 18:20:49,933 INFO c.h.h.t.HelmChartContainer - [K3S] [scope.go:117] "RemoveContainer" containerID="bcfccb9eed493a59a7c43bf5aa9f7663135e5ea8ecef29728947f00bfd05ffc5"
2025-01-30 18:20:49,952 INFO c.h.h.t.HelmChartContainer - [POD] test-hivemq-platform-0 [250f2274-b34f-4822-a609-fadeb6d5a830] in helmadditionalvolumesit was MODIFIED
2025-01-30 18:20:49,961 INFO c.h.h.t.HelmChartContainer - [K3S] [stateful_set.go:438] "Unhandled Error" err="error syncing StatefulSet helmadditionalvolumesit/test-hivemq-platform, requeuing: controllerrevisions.apps \"test-hivemq-platform-5d4d897885\" is forbidden: unable to create new content in namespace helmadditionalvolumesit because it is being terminated"
2025-01-30 18:20:49,964 INFO c.h.h.t.HelmChartContainer - [K3S] [stateful_set.go:438] "Unhandled Error" err="error syncing StatefulSet helmadditionalvolumesit/test-hivemq-platform, requeuing: controllerrevisions.apps \"test-hivemq-platform-5d4d897885\" is forbidden: unable to create new content in namespace helmadditionalvolumesit because it is being terminated"
2025-01-30 18:20:49,968 INFO c.h.h.t.HelmChartContainer - [POD] test-hivemq-platform-0 [250f2274-b34f-4822-a609-fadeb6d5a830] in helmadditionalvolumesit was DELETED
2025-01-30 18:20:49,997 INFO c.h.h.t.HelmChartContainer - [K3S] [stateful_set.go:466] "StatefulSet has been deleted" key="helmadditionalvolumesit/test-hivemq-platform"
2025-01-30 18:20:50,070 INFO c.h.h.t.HelmChartContainer - [K3S] [scope.go:117] "RemoveContainer" containerID="4c0b806f7d070edc6b57e2e99dab69f5ecd35c0d1bc78d2e2011b10864547732"
2025-01-30 18:20:50,073 INFO c.h.h.t.HelmChartContainer - [K3S] [scope.go:117] "RemoveContainer" containerID="bcfccb9eed493a59a7c43bf5aa9f7663135e5ea8ecef29728947f00bfd05ffc5"
2025-01-30 18:20:50,074 INFO c.h.h.t.HelmChartContainer - [K3S] [scope.go:117] "RemoveContainer" containerID="4c0b806f7d070edc6b57e2e99dab69f5ecd35c0d1bc78d2e2011b10864547732"
2025-01-30 18:20:50,147 INFO c.h.h.t.HelmChartContainer - [K3S] [memory_manager.go:355] "RemoveStaleState removing state" podUID="250f2274-b34f-4822-a609-fadeb6d5a830" containerName="hivemq"
2025-01-30 18:20:50,147 INFO c.h.h.t.HelmChartContainer - [POD] helper-pod-delete-pvc-a4073af4-79fe-4c47-8dff-9192a372980f [8e1ace2a-1e6f-42ee-8c8d-58064ffbc62a] in kube-system was ADDED
2025-01-30 18:20:50,167 INFO c.h.h.t.HelmChartContainer - [POD] helper-pod-delete-pvc-a4073af4-79fe-4c47-8dff-9192a372980f [8e1ace2a-1e6f-42ee-8c8d-58064ffbc62a] in kube-system was MODIFIED
2025-01-30 18:20:50,172 INFO c.h.h.t.HelmChartContainer - [K3S] [namespace_controller.go:164] "Unhandled Error" err="deletion of namespace helmadditionalvolumesit failed: unexpected items still remain in namespace: helmadditionalvolumesit for gvr: /v1, Resource=pods"
2025-01-30 18:20:50,181 INFO c.h.h.t.HelmChartContainer - [K3S] [kubelet_volumes.go:163] "Cleaned up orphaned pod volumes dir" podUID="250f2274-b34f-4822-a609-fadeb6d5a830" path="/var/lib/kubelet/pods/250f2274-b34f-4822-a609-fadeb6d5a830/volumes"
2025-01-30 18:20:50,282 INFO c.h.h.t.HelmChartContainer - [K3S] [stateful_set.go:466] "StatefulSet has been deleted" key="helmadditionalvolumesit/test-hivemq-platform"
2025-01-30 18:20:50,300 INFO c.h.h.t.HelmChartContainer - [K3S] [reconciler_common.go:251] "operationExecutor.VerifyControllerAttachedVolume started for volume \"data\" (UniqueName: \"kubernetes.io/host-path/8e1ace2a-1e6f-42ee-8c8d-58064ffbc62a-data\") pod \"helper-pod-delete-pvc-a4073af4-79fe-4c47-8dff-9192a372980f\" (UID: \"8e1ace2a-1e6f-42ee-8c8d-58064ffbc62a\") " pod="kube-system/helper-pod-delete-pvc-a4073af4-79fe-4c47-8dff-9192a372980f"
2025-01-30 18:20:50,300 INFO c.h.h.t.HelmChartContainer - [K3S] [reconciler_common.go:251] "operationExecutor.VerifyControllerAttachedVolume started for volume \"kube-api-access-2vwz4\" (UniqueName: \"kubernetes.io/projected/8e1ace2a-1e6f-42ee-8c8d-58064ffbc62a-kube-api-access-2vwz4\") pod \"helper-pod-delete-pvc-a4073af4-79fe-4c47-8dff-9192a372980f\" (UID: \"8e1ace2a-1e6f-42ee-8c8d-58064ffbc62a\") " pod="kube-system/helper-pod-delete-pvc-a4073af4-79fe-4c47-8dff-9192a372980f"
2025-01-30 18:20:50,300 INFO c.h.h.t.HelmChartContainer - [K3S] [reconciler_common.go:251] "operationExecutor.VerifyControllerAttachedVolume started for volume \"script\" (UniqueName: \"kubernetes.io/configmap/8e1ace2a-1e6f-42ee-8c8d-58064ffbc62a-script\") pod \"helper-pod-delete-pvc-a4073af4-79fe-4c47-8dff-9192a372980f\" (UID: \"8e1ace2a-1e6f-42ee-8c8d-58064ffbc62a\") " pod="kube-system/helper-pod-delete-pvc-a4073af4-79fe-4c47-8dff-9192a372980f"
2025-01-30 18:20:50,372 INFO c.h.h.t.HelmChartContainer - Namespace 'helmadditionalvolumesit' deleted
2025-01-30 18:20:50,372 INFO c.h.h.t.HelmChartContainer - Release 'test-hivemq-platform' in namespace 'helmadditionalvolumesit' is uninstalled
2025-01-30 18:20:50,372 INFO c.h.h.t.HelmChartContainer - Uninstalling release 'test-hivemq-platform-operator' in namespace 'helmadditionalvolumesit-operator'...
2025-01-30 18:20:50,372 DEBUG c.h.h.t.HelmChartContainer - Executing helm command: /bin/helm --kubeconfig /etc/rancher/k3s/k3s.yaml uninstall test-hivemq-platform-operator  --wait --timeout 5m0s --cascade foreground --namespace helmadditionalvolumesit-operator
2025-01-30 18:20:50,597 INFO c.h.h.t.HelmChartContainer - [K3S] [replica_set.go:679] "Finished syncing" kind="ReplicaSet" key="helmadditionalvolumesit-operator/hivemq-test-hivemq-platform-operator-6966f96d65" duration="33.227276ms"
2025-01-30 18:20:50,611 INFO c.h.h.t.HelmChartContainer - [K3S] [replica_set.go:679] "Finished syncing" kind="ReplicaSet" key="helmadditionalvolumesit-operator/hivemq-test-hivemq-platform-operator-6966f96d65" duration="88.144µs"
2025-01-30 18:20:50,612 INFO c.h.h.t.HelmChartContainer - [POD] hivemq-test-hivemq-platform-operator-6966f96d65-5b52l [96d2a8f7-d2e7-4ded-9ad5-1cf8fc950028] in helmadditionalvolumesit-operator was MODIFIED
2025-01-30 18:20:50,644 INFO c.h.h.t.HelmChartContainer - [EVENT] Normal [Killing] Stopping container hivemq-platform-operator [helmadditionalvolumesit-operator:hivemq-test-hivemq-platform-operator-6966f96d65-5b52l]
2025-01-30 18:20:50,644 INFO c.h.h.t.HelmChartContainer - Received Killing event for container hivemq-platform-operator in pod hivemq-test-hivemq-platform-operator-6966f96d65-5b52l [96d2a8f7-d2e7-4ded-9ad5-1cf8fc950028]
2025-01-30 18:20:50,644 INFO c.h.h.t.HelmChartContainer - Container [hivemq-test-hivemq-platform-operator-6966f96d65-5b52l] [hivemq-platform-operator] [96d2a8f7-d2e7-4ded-9ad5-1cf8fc950028] was terminated
2025-01-30 18:20:50,644 INFO c.h.h.t.HelmChartContainer - Stopped log watcher for hivemq-platform-operator in pod hivemq-test-hivemq-platform-operator-6966f96d65-5b52l [96d2a8f7-d2e7-4ded-9ad5-1cf8fc950028]
2025-01-30 18:20:50,653 INFO c.h.h.t.HelmChartContainer - [K3S] [replica_set.go:679] "Finished syncing" kind="ReplicaSet" key="helmadditionalvolumesit-operator/hivemq-test-hivemq-platform-operator-6966f96d65" duration="31.376826ms"
2025-01-30 18:20:50,661 INFO c.h.h.t.HelmChartContainer - [K3S] [replica_set.go:679] "Finished syncing" kind="ReplicaSet" key="helmadditionalvolumesit-operator/hivemq-test-hivemq-platform-operator-6966f96d65" duration="58.309µs"
2025-01-30 18:20:50,695 INFO c.h.h.t.HelmChartContainer - [hivemq-test-hivemq-platform] [hivemq-platform-operator] [96d2a8f7] 18:20:50.692 [application-shutdown-thread] INFO  c.h.p.o.HiveMQPlatformOperatorApplication - HiveMQ Platform Operator is stopping...
2025-01-30 18:20:50,695 INFO c.h.h.t.HelmChartContainer - [hivemq-test-hivemq-platform] [hivemq-platform-operator] [96d2a8f7] 18:20:50.692 [application-shutdown-thread] INFO  i.javaoperatorsdk.operator.Operator - Operator SDK 4.9.7 is shutting down...
2025-01-30 18:20:50,944 INFO c.h.h.t.HelmChartContainer - [POD] helper-pod-delete-pvc-a4073af4-79fe-4c47-8dff-9192a372980f [8e1ace2a-1e6f-42ee-8c8d-58064ffbc62a] in kube-system was MODIFIED
2025-01-30 18:20:51,280 INFO c.h.h.t.HelmChartContainer - [K3S] [replica_set.go:679] "Finished syncing" kind="ReplicaSet" key="helmadditionalvolumesit-operator/hivemq-test-hivemq-platform-operator-6966f96d65" duration="43.782µs"
2025-01-30 18:20:51,280 INFO c.h.h.t.HelmChartContainer - [POD] hivemq-test-hivemq-platform-operator-6966f96d65-5b52l [96d2a8f7-d2e7-4ded-9ad5-1cf8fc950028] in helmadditionalvolumesit-operator was MODIFIED
2025-01-30 18:20:51,406 INFO c.h.h.t.HelmChartContainer - [K3S] [reconciler_common.go:162] "operationExecutor.UnmountVolume started for volume \"kube-api-access-477c8\" (UniqueName: \"kubernetes.io/projected/96d2a8f7-d2e7-4ded-9ad5-1cf8fc950028-kube-api-access-477c8\") pod \"96d2a8f7-d2e7-4ded-9ad5-1cf8fc950028\" (UID: \"96d2a8f7-d2e7-4ded-9ad5-1cf8fc950028\") "
2025-01-30 18:20:51,507 INFO c.h.h.t.HelmChartContainer - [K3S] [reconciler_common.go:299] "Volume detached for volume \"kube-api-access-477c8\" (UniqueName: \"kubernetes.io/projected/96d2a8f7-d2e7-4ded-9ad5-1cf8fc950028-kube-api-access-477c8\") on node \"8e4c0e52442e\" DevicePath \"\""
2025-01-30 18:20:51,939 INFO c.h.h.t.HelmChartContainer - [K3S] [scope.go:117] "RemoveContainer" containerID="e2aa54e5cbf72e2f855664e71155f5dc7eeda419abe18d9f27dea4aedda9bb59"
2025-01-30 18:20:51,945 INFO c.h.h.t.HelmChartContainer - [K3S] [scope.go:117] "RemoveContainer" containerID="e2aa54e5cbf72e2f855664e71155f5dc7eeda419abe18d9f27dea4aedda9bb59"
2025-01-30 18:20:51,954 INFO c.h.h.t.HelmChartContainer - [K3S] [replica_set.go:679] "Finished syncing" kind="ReplicaSet" key="helmadditionalvolumesit-operator/hivemq-test-hivemq-platform-operator-6966f96d65" duration="43.701µs"
2025-01-30 18:20:51,956 INFO c.h.h.t.HelmChartContainer - [POD] hivemq-test-hivemq-platform-operator-6966f96d65-5b52l [96d2a8f7-d2e7-4ded-9ad5-1cf8fc950028] in helmadditionalvolumesit-operator was MODIFIED
2025-01-30 18:20:51,957 INFO c.h.h.t.HelmChartContainer - [K3S] [replica_set.go:679] "Finished syncing" kind="ReplicaSet" key="helmadditionalvolumesit-operator/hivemq-test-hivemq-platform-operator-6966f96d65" duration="33.332µs"
2025-01-30 18:20:51,958 INFO c.h.h.t.HelmChartContainer - [POD] hivemq-test-hivemq-platform-operator-6966f96d65-5b52l [96d2a8f7-d2e7-4ded-9ad5-1cf8fc950028] in helmadditionalvolumesit-operator was DELETED
2025-01-30 18:20:51,970 INFO c.h.h.t.HelmChartContainer - [K3S] [replica_set.go:679] "Finished syncing" kind="ReplicaSet" key="helmadditionalvolumesit-operator/hivemq-test-hivemq-platform-operator-6966f96d65" duration="5.931µs"
2025-01-30 18:20:52,029 INFO c.h.h.t.HelmChartContainer - [POD] helper-pod-delete-pvc-a4073af4-79fe-4c47-8dff-9192a372980f [8e1ace2a-1e6f-42ee-8c8d-58064ffbc62a] in kube-system was MODIFIED
2025-01-30 18:20:52,111 INFO c.h.h.t.HelmChartContainer - [K3S] [reconciler_common.go:162] "operationExecutor.UnmountVolume started for volume \"data\" (UniqueName: \"kubernetes.io/host-path/8e1ace2a-1e6f-42ee-8c8d-58064ffbc62a-data\") pod \"8e1ace2a-1e6f-42ee-8c8d-58064ffbc62a\" (UID: \"8e1ace2a-1e6f-42ee-8c8d-58064ffbc62a\") "
2025-01-30 18:20:52,111 INFO c.h.h.t.HelmChartContainer - [K3S] [reconciler_common.go:162] "operationExecutor.UnmountVolume started for volume \"script\" (UniqueName: \"kubernetes.io/configmap/8e1ace2a-1e6f-42ee-8c8d-58064ffbc62a-script\") pod \"8e1ace2a-1e6f-42ee-8c8d-58064ffbc62a\" (UID: \"8e1ace2a-1e6f-42ee-8c8d-58064ffbc62a\") "
2025-01-30 18:20:52,111 INFO c.h.h.t.HelmChartContainer - [K3S] [reconciler_common.go:162] "operationExecutor.UnmountVolume started for volume \"kube-api-access-2vwz4\" (UniqueName: \"kubernetes.io/projected/8e1ace2a-1e6f-42ee-8c8d-58064ffbc62a-kube-api-access-2vwz4\") pod \"8e1ace2a-1e6f-42ee-8c8d-58064ffbc62a\" (UID: \"8e1ace2a-1e6f-42ee-8c8d-58064ffbc62a\") "
2025-01-30 18:20:52,161 INFO c.h.h.t.HelmChartContainer - [POD] helper-pod-delete-pvc-a4073af4-79fe-4c47-8dff-9192a372980f [8e1ace2a-1e6f-42ee-8c8d-58064ffbc62a] in kube-system was MODIFIED
2025-01-30 18:20:52,163 INFO c.h.h.t.HelmChartContainer - [POD] helper-pod-delete-pvc-a4073af4-79fe-4c47-8dff-9192a372980f [8e1ace2a-1e6f-42ee-8c8d-58064ffbc62a] in kube-system was DELETED
2025-01-30 18:20:52,181 INFO c.h.h.t.HelmChartContainer - [K3S] [kubelet_volumes.go:163] "Cleaned up orphaned pod volumes dir" podUID="8e1ace2a-1e6f-42ee-8c8d-58064ffbc62a" path="/var/lib/kubelet/pods/8e1ace2a-1e6f-42ee-8c8d-58064ffbc62a/volumes"
2025-01-30 18:20:52,181 INFO c.h.h.t.HelmChartContainer - [K3S] [kubelet_volumes.go:163] "Cleaned up orphaned pod volumes dir" podUID="96d2a8f7-d2e7-4ded-9ad5-1cf8fc950028" path="/var/lib/kubelet/pods/96d2a8f7-d2e7-4ded-9ad5-1cf8fc950028/volumes"
2025-01-30 18:20:52,212 INFO c.h.h.t.HelmChartContainer - [K3S] [reconciler_common.go:299] "Volume detached for volume \"script\" (UniqueName: \"kubernetes.io/configmap/8e1ace2a-1e6f-42ee-8c8d-58064ffbc62a-script\") on node \"8e4c0e52442e\" DevicePath \"\""
2025-01-30 18:20:52,212 INFO c.h.h.t.HelmChartContainer - [K3S] [reconciler_common.go:299] "Volume detached for volume \"kube-api-access-2vwz4\" (UniqueName: \"kubernetes.io/projected/8e1ace2a-1e6f-42ee-8c8d-58064ffbc62a-kube-api-access-2vwz4\") on node \"8e4c0e52442e\" DevicePath \"\""
2025-01-30 18:20:52,212 INFO c.h.h.t.HelmChartContainer - [K3S] [reconciler_common.go:299] "Volume detached for volume \"data\" (UniqueName: \"kubernetes.io/host-path/8e1ace2a-1e6f-42ee-8c8d-58064ffbc62a-data\") on node \"8e4c0e52442e\" DevicePath \"\""
2025-01-30 18:20:52,659 INFO c.h.h.t.HelmChartContainer - Deleting namespace 'helmadditionalvolumesit-operator'...
2025-01-30 18:20:52,941 INFO c.h.h.t.HelmChartContainer - [K3S] [scope.go:117] "RemoveContainer" containerID="2c4c14ea28fb1875aae51359450ccb33a9966c1ae3ea0bfea10d4be6c6c67f7b"
2025-01-30 18:20:55,335 INFO c.h.h.t.HelmChartContainer - [K3S] [namespace_controller.go:187] "Namespace has been deleted" namespace="helmadditionalvolumesit"
2025-01-30 18:20:57,874 INFO c.h.h.t.HelmChartContainer - Namespace 'helmadditionalvolumesit-operator' deleted
2025-01-30 18:20:57,874 INFO c.h.h.t.HelmChartContainer - Release 'test-hivemq-platform-operator' in namespace 'helmadditionalvolumesit-operator' is uninstalled
2025-01-30 18:20:58,673 INFO c.h.helmcharts.AbstractHelmChartIT - Removed unused containers:

2025-01-30 18:21:02,783 INFO c.h.h.t.HelmChartContainer - [K3S] [namespace_controller.go:187] "Namespace has been deleted" namespace="helmadditionalvolumesit-operator"
2025-01-30 18:21:06,580 INFO c.h.helmcharts.AbstractHelmChartIT - Removed unused snapshots:
Removing snapshot sha256:03af251906410714c5aef9fa705b63f6bbc39c4a5e787de7361eeb18886c2ed2
Removing snapshot sha256:0c46b3b43cce082ce5ec34ffc6c294e0417d17b9d1e6f366d114b6aadc4f96dc
Removing snapshot sha256:0ce761beee59082d6ed5bcebd3a805b8ddd9b3426b617e4809e7fb7c6587ffec
Removing snapshot sha256:0df91287303208332c8ff6ba40ae4710105201739addbfbddfb955f1ad593664
Removing snapshot sha256:1021ef88c7974bfff89c5a0ec4fd3160daac6c48a075f74cff721f85dd104e68
Removing snapshot sha256:10aba4953ddc18145dd38e3704709bc464aa20af60b56fe52caaff4b68411e62
Removing snapshot sha256:2573e0d8158209ed54ab25c87bcdcb00bd3d2539246960a3d592a1c599d70465
Removing snapshot sha256:32b89d6c3a45dc4cf6d8b5c6946d7c053e5779c69dcabceffbd5b261926e429f
Removing snapshot sha256:362a8a37f8bbc31925a8146adcf7cf51f9882f5c1dcbef67c5baa03a297543c0
Removing snapshot sha256:3fa4ad33f0ddc8fd45b39b6b4640f82a3a83619606cd975bfe89d8710ad2d4cd
Removing snapshot sha256:43a7c979bbaba6838bc3102d6b10a1459f3ab050b87ccdfef84ef90cf43d3058
Removing snapshot sha256:4ab04491cdf0d3267f08206fe30bd48f49f94b9cab2f016d6739220f722a64af
Removing snapshot sha256:4b6068250e89c96f263060261819c7d912855bfbd64b3eb4c4a8483299b8c295
Removing snapshot sha256:580e69a0a8034ede1921139bbd2bfb72a69ebf276d008281896c32dd8bf74775
Removing snapshot sha256:5d30ba46b27fe37484567ccc5242cadc78217b8da605f3f195ef25cbf7487904
Removing snapshot sha256:63ca1fbb43ae5034640e5e6cb3e083e05c290072c5366fcaa9d62435a4cced85
Removing snapshot sha256:66140dc7271ceb0a9b5e521509e7d96b916d4182681f723881bfae89675de7f6
Removing snapshot sha256:67f702c6baae873bceb19487c8b1f27bd2b86077e4f2f0e480e6d60ab508b8f5
Removing snapshot sha256:6864348dd42806d552efdec384f1274be15e2d0c10ce44c1f04347af004c10a9
Removing snapshot sha256:6a4102f4b3b9e017c5fac841f993c4314ef459d8fb9bc8b421206562436352bd
Removing snapshot sha256:6c7dee8f2c39b84b7dc2711c01d33de93514d9055499173e9290176fbe484b6c
Removing snapshot sha256:82753493a6d61ded36556292f02f31841a14c20d2f279f19eaad65afb661d5cd
Removing snapshot sha256:8a10d3db42c505ee0fcfa98417bdd7e39b304f6bcc0a06bb1b220797ff2cc63c
Removing snapshot sha256:a21e5b12dbac529ad45d976eb9ce45c881f3bedcc500fb30aba1e52aa1813418
Removing snapshot sha256:b921e6c28969094157f9b8e7244677780319637afd14450b7cb6b2fdea558a0c
Removing snapshot sha256:bc27ecb5769a00e309cf99ebc763c4a4b958b618d1decc96ffac5bc05f02f5b7
Removing snapshot sha256:be3ccb6627a5332e309d45ef461d09b4879dd870c7394d89323d0ebc6ca6aa8a
Removing snapshot sha256:c261f7cbbc64211ee175ee47273acdb7b1a36a4450b397a064a8f2c026490095
Removing snapshot sha256:c34d9393647eea0c9e3557ab988efaf59f61d10a2a5613b439ef0958cca5ec10
Removing snapshot sha256:ccf3c4a0fa967a41c1c83497a2ce6fa5787965859df0adb32c4ca2cf7490bc2b
Removing snapshot sha256:cf92d33f869417309692088c341cd0f223c178ea78a125f757317b22aa8f90e9
Removing snapshot sha256:d0037344cf2fb078884f1849f6a1f8cf9a33a3b6139b6a85833e5ee528e1f9a8
Removing snapshot sha256:d3b36d5b79273b1e98e7700470eaeff05a882e777124d84cebcc1505b85ecb36
Removing snapshot sha256:d65a44a37914602d12c611e5e22a50f11451d847e63015cc1c2aef92dee777a4
Removing snapshot sha256:e2dc0bae2455930f23ae570e019b7f32edc75c0f2d71cab084db837ff9051796
Removing snapshot sha256:eccbd24a99c60cd9e86ee5305dbfc4a4dc89f5ab4fb1f06c8d64797cecedef34
Removing snapshot sha256:f144bb4c7c7f0d2aa7eeffd36d934ec40db1ee167be727e326aad9fdc616f475

]]></system-out>
  </testcase>
  <system-out><![CDATA[2025-01-30 18:19:25,208 INFO c.h.h.t.HelmChartContainerExtension - Using cached HelmChartContainer instance
]]></system-out>
  <system-err><![CDATA[]]></system-err>
</testsuite>
