<?xml version="1.0" encoding="UTF-8"?>
<testsuite name="com.hivemq.helmcharts.platform.HelmCustomConfigIT" tests="4" skipped="0" failures="0" errors="0" timestamp="2025-10-06T09:51:12" hostname="runnervmwhb2z" time="466.623">
  <properties/>
  <testcase name="withCustomYml_hivemqRunning()" classname="com.hivemq.helmcharts.platform.HelmCustomConfigIT" time="69.487"/>
  <testcase name="withExistingConfigMap_customResourceCreated()" classname="com.hivemq.helmcharts.platform.HelmCustomConfigIT" time="131.626"/>
  <testcase name="withCustomEnvVars_hivemqRunning()" classname="com.hivemq.helmcharts.platform.HelmCustomConfigIT" time="139.529"/>
  <testcase name="withCustomXml_hivemqRunning()" classname="com.hivemq.helmcharts.platform.HelmCustomConfigIT" time="125.98"/>
</testsuite>
