<?xml version="1.0" encoding="UTF-8"?>
<testsuite name="com.hivemq.helmcharts.services.HelmRestApiIT" tests="3" skipped="0" failures="0" errors="0" timestamp="2025-01-30T18:14:23" hostname="fv-az1326-99" time="301.647">
  <properties/>
  <testcase name="platformChart_whenAuthEnabled_thenCallsEndpoint()" classname="com.hivemq.helmcharts.services.HelmRestApiIT" time="104.425">
    <system-out><![CDATA[2025-01-30 18:14:23,558 INFO c.h.h.t.HelmChartContainer - Creating namespace 'helmrestapiit-operator'...
2025-01-30 18:14:23,565 INFO c.h.h.t.HelmChartContainer - Namespace 'helmrestapiit-operator' created
2025-01-30 18:14:23,566 INFO c.h.h.t.HelmChartContainer - Creating namespace 'helmrestapiit'...
2025-01-30 18:14:23,667 INFO c.h.h.t.HelmChartContainer - Namespace 'helmrestapiit' created
2025-01-30 18:14:23,729 DEBUG c.h.h.t.HelmChartContainer - Executing helm command: /bin/helm --kubeconfig /etc/rancher/k3s/k3s.yaml install test-hivemq-platform-operator /charts/hivemq-platform-operator --wait --timeout 5m0s --set image.repository=docker.io/hivemq --set image.name=hivemq-platform-operator-test --set image.initImageName=hivemq-platform-operator-init-test --set image.tag=snapshot --set image.pullPolicy=Never --set logLevel=DEBUG --set resources.cpu=512m --namespace helmrestapiit-operator
2025-01-30 18:14:24,024 INFO c.h.h.t.HelmChartContainer - [K3S] [alloc.go:330] "allocated clusterIPs" service="helmrestapiit-operator/hivemq-platform-operator-test-hivemq-platform-operator" clusterIPs={"IPv4":"10.43.60.187"}
2025-01-30 18:14:24,037 INFO c.h.h.t.HelmChartContainer - [EVENT] Normal [ScalingReplicaSet] Scaled up replica set hivemq-test-hivemq-platform-operator-6966f96d65 from 0 to 1 [helmrestapiit-operator:hivemq-test-hivemq-platform-operator]
2025-01-30 18:14:24,044 INFO c.h.h.t.HelmChartContainer - [POD] hivemq-test-hivemq-platform-operator-6966f96d65-6m2qh [6198c6fa-18fa-4192-b709-93a44b058694] in helmrestapiit-operator was ADDED
2025-01-30 18:14:24,049 INFO c.h.h.t.HelmChartContainer - [EVENT] Normal [SuccessfulCreate] Created pod: hivemq-test-hivemq-platform-operator-6966f96d65-6m2qh [helmrestapiit-operator:hivemq-test-hivemq-platform-operator-6966f96d65]
2025-01-30 18:14:24,050 INFO c.h.h.t.HelmChartContainer - [K3S] [replica_set.go:679] "Finished syncing" kind="ReplicaSet" key="helmrestapiit-operator/hivemq-test-hivemq-platform-operator-6966f96d65" duration="16.079809ms"
2025-01-30 18:14:24,054 INFO c.h.h.t.HelmChartContainer - [K3S] [memory_manager.go:355] "RemoveStaleState removing state" podUID="45b03e8b-c3a0-42ed-ad0a-c6b38231872b" containerName="hivemq-platform-operator"
2025-01-30 18:14:24,054 INFO c.h.h.t.HelmChartContainer - [K3S] [memory_manager.go:355] "RemoveStaleState removing state" podUID="804ac38e-f878-4c6a-8d00-8efea0606221" containerName="hivemq"
2025-01-30 18:14:24,055 INFO c.h.h.t.HelmChartContainer - [POD] hivemq-test-hivemq-platform-operator-6966f96d65-6m2qh [6198c6fa-18fa-4192-b709-93a44b058694] in helmrestapiit-operator was MODIFIED
2025-01-30 18:14:24,056 INFO c.h.h.t.HelmChartContainer - [K3S] [replica_set.go:679] "Finished syncing" kind="ReplicaSet" key="helmrestapiit-operator/hivemq-test-hivemq-platform-operator-6966f96d65" duration="6.654053ms"
2025-01-30 18:14:24,057 INFO c.h.h.t.HelmChartContainer - [K3S] [replica_set.go:679] "Finished syncing" kind="ReplicaSet" key="helmrestapiit-operator/hivemq-test-hivemq-platform-operator-6966f96d65" duration="37.56µs"
2025-01-30 18:14:24,057 INFO c.h.h.t.HelmChartContainer - [K3S] [replica_set.go:679] "Finished syncing" kind="ReplicaSet" key="helmrestapiit-operator/hivemq-test-hivemq-platform-operator-6966f96d65" duration="26.529µs"
2025-01-30 18:14:24,061 INFO c.h.h.t.HelmChartContainer - [EVENT] Normal [Scheduled] Successfully assigned helmrestapiit-operator/hivemq-test-hivemq-platform-operator-6966f96d65-6m2qh to 8e4c0e52442e [helmrestapiit-operator:hivemq-test-hivemq-platform-operator-6966f96d65-6m2qh]
2025-01-30 18:14:24,064 INFO c.h.h.t.HelmChartContainer - [K3S] [replica_set.go:679] "Finished syncing" kind="ReplicaSet" key="helmrestapiit-operator/hivemq-test-hivemq-platform-operator-6966f96d65" duration="24.045µs"
2025-01-30 18:14:24,065 INFO c.h.h.t.HelmChartContainer - [POD] hivemq-test-hivemq-platform-operator-6966f96d65-6m2qh [6198c6fa-18fa-4192-b709-93a44b058694] in helmrestapiit-operator was MODIFIED
2025-01-30 18:14:24,152 INFO c.h.h.t.HelmChartContainer - [K3S] [reconciler_common.go:251] "operationExecutor.VerifyControllerAttachedVolume started for volume \"kube-api-access-2fccz\" (UniqueName: \"kubernetes.io/projected/6198c6fa-18fa-4192-b709-93a44b058694-kube-api-access-2fccz\") pod \"hivemq-test-hivemq-platform-operator-6966f96d65-6m2qh\" (UID: \"6198c6fa-18fa-4192-b709-93a44b058694\") " pod="helmrestapiit-operator/hivemq-test-hivemq-platform-operator-6966f96d65-6m2qh"
2025-01-30 18:14:24,465 INFO c.h.h.t.HelmChartContainer - [EVENT] Normal [Pulled] Container image "docker.io/hivemq/hivemq-platform-operator-test:snapshot" already present on machine [helmrestapiit-operator:hivemq-test-hivemq-platform-operator-6966f96d65-6m2qh]
2025-01-30 18:14:24,465 INFO c.h.h.t.HelmChartContainer - Received Pulled event for container hivemq-platform-operator in pod hivemq-test-hivemq-platform-operator-6966f96d65-6m2qh [6198c6fa-18fa-4192-b709-93a44b058694]
2025-01-30 18:14:25,795 INFO c.h.h.t.HelmChartContainer - [EVENT] Normal [Created] Created container: hivemq-platform-operator [helmrestapiit-operator:hivemq-test-hivemq-platform-operator-6966f96d65-6m2qh]
2025-01-30 18:14:25,795 INFO c.h.h.t.HelmChartContainer - Received Created event for container hivemq-platform-operator in pod hivemq-test-hivemq-platform-operator-6966f96d65-6m2qh [6198c6fa-18fa-4192-b709-93a44b058694]
2025-01-30 18:14:26,388 INFO c.h.h.t.HelmChartContainer - [K3S] [replica_set.go:679] "Finished syncing" kind="ReplicaSet" key="helmrestapiit-operator/hivemq-test-hivemq-platform-operator-6966f96d65" duration="41.097µs"
2025-01-30 18:14:26,390 INFO c.h.h.t.HelmChartContainer - [POD] hivemq-test-hivemq-platform-operator-6966f96d65-6m2qh [6198c6fa-18fa-4192-b709-93a44b058694] in helmrestapiit-operator was MODIFIED
2025-01-30 18:14:26,399 INFO c.h.h.t.HelmChartContainer - Started log watcher for hivemq-platform-operator in pod hivemq-test-hivemq-platform-operator-6966f96d65-6m2qh [6198c6fa-18fa-4192-b709-93a44b058694]
2025-01-30 18:14:26,400 INFO c.h.h.t.HelmChartContainer - [hivemq-test-hivemq-platform] [hivemq-platform-operator] [6198c6fa] -------------------------------------------------------------------------
2025-01-30 18:14:26,400 INFO c.h.h.t.HelmChartContainer - [hivemq-test-hivemq-platform] [hivemq-platform-operator] [6198c6fa] 
2025-01-30 18:14:26,400 INFO c.h.h.t.HelmChartContainer - [hivemq-test-hivemq-platform] [hivemq-platform-operator] [6198c6fa]                   _    _  _              __  __   ____
2025-01-30 18:14:26,400 INFO c.h.h.t.HelmChartContainer - [hivemq-test-hivemq-platform] [hivemq-platform-operator] [6198c6fa]                  | |  | |(_)            |  \/  | / __ \
2025-01-30 18:14:26,400 INFO c.h.h.t.HelmChartContainer - [hivemq-test-hivemq-platform] [hivemq-platform-operator] [6198c6fa]                  | |__| | _ __   __ ___ | \  / || |  | |
2025-01-30 18:14:26,400 INFO c.h.h.t.HelmChartContainer - [hivemq-test-hivemq-platform] [hivemq-platform-operator] [6198c6fa]                  |  __  || |\ \ / // _ \| |\/| || |  | |
2025-01-30 18:14:26,400 INFO c.h.h.t.HelmChartContainer - [hivemq-test-hivemq-platform] [hivemq-platform-operator] [6198c6fa]                  | |  | || | \ V /|  __/| |  | || |__| |
2025-01-30 18:14:26,400 INFO c.h.h.t.HelmChartContainer - [hivemq-test-hivemq-platform] [hivemq-platform-operator] [6198c6fa]                  |_|  |_||_|  \_/  \___||_|  |_| \___\_\
2025-01-30 18:14:26,400 INFO c.h.h.t.HelmChartContainer - [hivemq-test-hivemq-platform] [hivemq-platform-operator] [6198c6fa] 
2025-01-30 18:14:26,400 INFO c.h.h.t.HelmChartContainer - [hivemq-test-hivemq-platform] [hivemq-platform-operator] [6198c6fa] -------------------------------------------------------------------------
2025-01-30 18:14:26,400 INFO c.h.h.t.HelmChartContainer - [hivemq-test-hivemq-platform] [hivemq-platform-operator] [6198c6fa] 
2025-01-30 18:14:26,400 INFO c.h.h.t.HelmChartContainer - [hivemq-test-hivemq-platform] [hivemq-platform-operator] [6198c6fa]   HiveMQ Platform Operator Start Script v1.0
2025-01-30 18:14:26,400 INFO c.h.h.t.HelmChartContainer - [hivemq-test-hivemq-platform] [hivemq-platform-operator] [6198c6fa] 
2025-01-30 18:14:26,400 INFO c.h.h.t.HelmChartContainer - [hivemq-test-hivemq-platform] [hivemq-platform-operator] [6198c6fa] -------------------------------------------------------------------------
2025-01-30 18:14:26,400 INFO c.h.h.t.HelmChartContainer - [hivemq-test-hivemq-platform] [hivemq-platform-operator] [6198c6fa] 
2025-01-30 18:14:26,400 INFO c.h.h.t.HelmChartContainer - [hivemq-test-hivemq-platform] [hivemq-platform-operator] [6198c6fa]   JAVA_OPTS: -XX:+UnlockExperimentalVMOptions -XX:InitialRAMPercentage=75 -XX:MaxRAMPercentage=75 -Duser.language=en -Duser.region=US
2025-01-30 18:14:26,400 INFO c.h.h.t.HelmChartContainer - [hivemq-test-hivemq-platform] [hivemq-platform-operator] [6198c6fa] 
2025-01-30 18:14:26,400 INFO c.h.h.t.HelmChartContainer - [hivemq-test-hivemq-platform] [hivemq-platform-operator] [6198c6fa]   JAVA_VERSION: 21
2025-01-30 18:14:26,400 INFO c.h.h.t.HelmChartContainer - [hivemq-test-hivemq-platform] [hivemq-platform-operator] [6198c6fa] 
2025-01-30 18:14:26,400 INFO c.h.h.t.HelmChartContainer - [hivemq-test-hivemq-platform] [hivemq-platform-operator] [6198c6fa] -------------------------------------------------------------------------
2025-01-30 18:14:26,400 INFO c.h.h.t.HelmChartContainer - [hivemq-test-hivemq-platform] [hivemq-platform-operator] [6198c6fa] 
2025-01-30 18:14:26,399 INFO c.h.h.t.HelmChartContainer - [EVENT] Normal [Started] Started container hivemq-platform-operator [helmrestapiit-operator:hivemq-test-hivemq-platform-operator-6966f96d65-6m2qh]
2025-01-30 18:14:26,400 INFO c.h.h.t.HelmChartContainer - Received Started event for container hivemq-platform-operator in pod hivemq-test-hivemq-platform-operator-6966f96d65-6m2qh [6198c6fa-18fa-4192-b709-93a44b058694]
2025-01-30 18:14:29,124 INFO c.h.h.t.HelmChartContainer - [hivemq-test-hivemq-platform] [hivemq-platform-operator] [6198c6fa] 18:14:29.121 [main] DEBUG org.jboss.logging - Logging Provider: org.jboss.logging.Slf4jLoggerProvider
2025-01-30 18:14:29,232 INFO c.h.h.t.HelmChartContainer - [hivemq-test-hivemq-platform] [hivemq-platform-operator] [6198c6fa] 18:14:29.231 [main] DEBUG io.smallrye.config - SRCFG01006: Loaded ConfigSource SysPropConfigSource with ordinal 400
2025-01-30 18:14:29,233 INFO c.h.h.t.HelmChartContainer - [hivemq-test-hivemq-platform] [hivemq-platform-operator] [6198c6fa] 18:14:29.231 [main] DEBUG io.smallrye.config - SRCFG01006: Loaded ConfigSource EnvConfigSource with ordinal 300
2025-01-30 18:14:29,233 INFO c.h.h.t.HelmChartContainer - [hivemq-test-hivemq-platform] [hivemq-platform-operator] [6198c6fa] 18:14:29.232 [main] DEBUG io.smallrye.config - SRCFG01006: Loaded ConfigSource PropertiesConfigSource[source=jar:file:///opt/hivemq-platform-operator/bin/hivemq-platform-operator.jar!/hivemq-platform-operator.properties] with ordinal 100
2025-01-30 18:14:29,233 INFO c.h.h.t.HelmChartContainer - [hivemq-test-hivemq-platform] [hivemq-platform-operator] [6198c6fa] 18:14:29.232 [main] DEBUG io.smallrye.config - SRCFG01006: Loaded ConfigSource DefaultValuesConfigSource with ordinal -2147483648
2025-01-30 18:14:29,339 INFO c.h.h.t.HelmChartContainer - [hivemq-test-hivemq-platform] [hivemq-platform-operator] [6198c6fa] 18:14:29.337 [main] DEBUG i.m.c.u.i.l.InternalLoggerFactory - Using SLF4J as the default logging framework
2025-01-30 18:14:29,442 INFO c.h.h.t.HelmChartContainer - [hivemq-test-hivemq-platform] [hivemq-platform-operator] [6198c6fa] 18:14:29.435 [main] INFO  c.h.p.o.HiveMQPlatformOperatorApplication - HiveMQ Platform Operator 1.7.0-SNAPSHOT (commit: 47e3375 on branch: HEAD) built on Thu Jan 30 03:55:50 UTC 2025
2025-01-30 18:14:29,518 INFO c.h.h.t.HelmChartContainer - [hivemq-test-hivemq-platform] [hivemq-platform-operator] [6198c6fa] 18:14:29.442 [main] INFO  c.h.p.o.HiveMQPlatformOperatorApplication - HiveMQ Platform Operator is running in namespace: helmrestapiit-operator
2025-01-30 18:14:29,518 INFO c.h.h.t.HelmChartContainer - [hivemq-test-hivemq-platform] [hivemq-platform-operator] [6198c6fa] 18:14:29.516 [main] INFO  c.h.p.o.HiveMQPlatformOperatorApplication - Watching all namespaces
2025-01-30 18:14:29,518 INFO c.h.h.t.HelmChartContainer - [hivemq-test-hivemq-platform] [hivemq-platform-operator] [6198c6fa] 18:14:29.516 [main] INFO  c.h.p.o.HiveMQPlatformOperatorApplication - Log level: DEBUG
2025-01-30 18:14:29,518 INFO c.h.h.t.HelmChartContainer - [hivemq-test-hivemq-platform] [hivemq-platform-operator] [6198c6fa] 18:14:29.516 [main] INFO  c.h.p.o.HiveMQPlatformOperatorApplication - Release name: test-hivemq-platform-operator
2025-01-30 18:14:29,518 INFO c.h.h.t.HelmChartContainer - [hivemq-test-hivemq-platform] [hivemq-platform-operator] [6198c6fa] 18:14:29.516 [main] INFO  c.h.p.o.HiveMQPlatformOperatorApplication - HiveMQ Platform Operator Init image: docker.io/hivemq/hivemq-platform-operator-init-test:snapshot
2025-01-30 18:14:29,518 INFO c.h.h.t.HelmChartContainer - [hivemq-test-hivemq-platform] [hivemq-platform-operator] [6198c6fa] 18:14:29.516 [main] INFO  c.h.p.o.HiveMQPlatformOperatorApplication - HiveMQ Platform Operator Init App update URL: http://hivemq-platform-operator-test-hivemq-platform-operator.helmrestapiit-operator.svc:8080/initAppUpdate/hivemq-platform-operator-init-app-1.7.0-SNAPSHOT.jar
2025-01-30 18:14:29,518 INFO c.h.h.t.HelmChartContainer - [hivemq-test-hivemq-platform] [hivemq-platform-operator] [6198c6fa] 18:14:29.516 [main] INFO  c.h.p.o.HiveMQPlatformOperatorApplication - Additional imagePullSecret for all Platform deployments: none
2025-01-30 18:14:29,518 INFO c.h.h.t.HelmChartContainer - [hivemq-test-hivemq-platform] [hivemq-platform-operator] [6198c6fa] 18:14:29.516 [main] INFO  c.h.p.o.HiveMQPlatformOperatorApplication - Apply HiveMQ Platform CRD: true
2025-01-30 18:14:29,518 INFO c.h.h.t.HelmChartContainer - [hivemq-test-hivemq-platform] [hivemq-platform-operator] [6198c6fa] 18:14:29.516 [main] INFO  c.h.p.o.HiveMQPlatformOperatorApplication - Create Platform ServiceAccount: true
2025-01-30 18:14:29,518 INFO c.h.h.t.HelmChartContainer - [hivemq-test-hivemq-platform] [hivemq-platform-operator] [6198c6fa] 18:14:29.516 [main] INFO  c.h.p.o.HiveMQPlatformOperatorApplication - Create Platform ServiceAccount permissions: true
2025-01-30 18:14:29,518 INFO c.h.h.t.HelmChartContainer - [hivemq-test-hivemq-platform] [hivemq-platform-operator] [6198c6fa] 18:14:29.516 [main] INFO  c.h.p.o.HiveMQPlatformOperatorApplication - Validate Platform ServiceAccount: true
2025-01-30 18:14:29,518 INFO c.h.h.t.HelmChartContainer - [hivemq-test-hivemq-platform] [hivemq-platform-operator] [6198c6fa] 18:14:29.517 [main] INFO  c.h.p.o.HiveMQPlatformOperatorApplication - Validate Platform ServiceAccount permissions: true
2025-01-30 18:14:29,634 INFO c.h.h.t.HelmChartContainer - [hivemq-test-hivemq-platform] [hivemq-platform-operator] [6198c6fa] 18:14:29.633 [main] INFO  c.h.platform.operator.util.CRDUtil - Verifying deployed HiveMQ Platform CRD...
2025-01-30 18:14:32,130 INFO c.h.h.t.HelmChartContainer - [hivemq-test-hivemq-platform] [hivemq-platform-operator] [6198c6fa] 18:14:32.128 [main] DEBUG c.h.platform.operator.util.CRDUtil - HiveMQ Platform CRD version v1 is up to date
2025-01-30 18:14:32,130 INFO c.h.h.t.HelmChartContainer - [hivemq-test-hivemq-platform] [hivemq-platform-operator] [6198c6fa] 18:14:32.128 [main] INFO  c.h.platform.operator.util.CRDUtil - HiveMQ Platform CRD is up to date (version: V1_6_0)
2025-01-30 18:14:32,130 INFO c.h.h.t.HelmChartContainer - [hivemq-test-hivemq-platform] [hivemq-platform-operator] [6198c6fa] 18:14:32.128 [main] INFO  c.h.platform.operator.util.CRDUtil - Waiting 10000 ms for HiveMQ Platform CRD 'hivemq-platforms.hivemq.com' to become ready...
2025-01-30 18:14:32,430 INFO c.h.h.t.HelmChartContainer - [hivemq-test-hivemq-platform] [hivemq-platform-operator] [6198c6fa] 18:14:32.427 [vert.x-eventloop-thread-1] DEBUG c.h.platform.operator.util.CRDUtil - Checking CRD condition 'NamesAccepted' (status: 'True')
2025-01-30 18:14:32,430 INFO c.h.h.t.HelmChartContainer - [hivemq-test-hivemq-platform] [hivemq-platform-operator] [6198c6fa] 18:14:32.428 [vert.x-eventloop-thread-1] DEBUG c.h.platform.operator.util.CRDUtil - Checking CRD condition 'Established' (status: 'True')
2025-01-30 18:14:32,430 INFO c.h.h.t.HelmChartContainer - [hivemq-test-hivemq-platform] [hivemq-platform-operator] [6198c6fa] 18:14:32.428 [main] INFO  c.h.platform.operator.util.CRDUtil - HiveMQ Platform CRD 'hivemq-platforms.hivemq.com' is ready
2025-01-30 18:14:32,626 INFO c.h.h.t.HelmChartContainer - [hivemq-test-hivemq-platform] [hivemq-platform-operator] [6198c6fa] 18:14:32.624 [main] INFO  c.h.p.o.HiveMQPlatformReconciler - HiveMQ Platform Operator is starting...
2025-01-30 18:14:32,730 INFO c.h.h.t.HelmChartContainer - [hivemq-test-hivemq-platform] [hivemq-platform-operator] [6198c6fa] 18:14:32.729 [main] WARN  Default ConfigurationService implementation - Configuration for reconciler 'hivemq-controller' was not found. Known reconcilers: None.
2025-01-30 18:14:32,817 INFO c.h.h.t.HelmChartContainer - [hivemq-test-hivemq-platform] [hivemq-platform-operator] [6198c6fa] 18:14:32.816 [main] INFO  Default ConfigurationService implementation - Created configuration for reconciler com.hivemq.platform.operator.HiveMQPlatformReconciler with name hivemq-controller
2025-01-30 18:14:32,919 INFO c.h.h.t.HelmChartContainer - [hivemq-test-hivemq-platform] [hivemq-platform-operator] [6198c6fa] 18:14:32.917 [main] DEBUG c.h.p.o.HiveMQPlatformReconciler - HiveMQ Platform Operator is preparing EventSources
2025-01-30 18:14:32,930 INFO c.h.h.t.HelmChartContainer - [hivemq-test-hivemq-platform] [hivemq-platform-operator] [6198c6fa] 18:14:32.929 [main] INFO  i.javaoperatorsdk.operator.Operator - Registered reconciler: 'hivemq-controller' for resource: 'class com.hivemq.platform.operator.v1.HiveMQPlatform' for namespace(s): [all namespaces]
2025-01-30 18:14:33,436 INFO c.h.h.t.HelmChartContainer - [hivemq-test-hivemq-platform] [hivemq-platform-operator] [6198c6fa] 18:14:33.435 [main] INFO  c.h.p.operator.webserver.JettyServer - Starting Jetty server on port 8080
2025-01-30 18:14:33,532 INFO c.h.h.t.HelmChartContainer - [hivemq-test-hivemq-platform] [hivemq-platform-operator] [6198c6fa] 18:14:33.531 [main] INFO  i.javaoperatorsdk.operator.Operator - Operator SDK 4.9.7 (commit: 2133d28) built on Wed Nov 20 12:56:20 UTC 2024 starting...
2025-01-30 18:14:33,532 INFO c.h.h.t.HelmChartContainer - [hivemq-test-hivemq-platform] [hivemq-platform-operator] [6198c6fa] 18:14:33.531 [main] INFO  i.javaoperatorsdk.operator.Operator - Client version: 6.13.5
2025-01-30 18:14:33,533 INFO c.h.h.t.HelmChartContainer - [hivemq-test-hivemq-platform] [hivemq-platform-operator] [6198c6fa] 18:14:33.532 [Controller Starter for: hivemq-controller] INFO  i.j.operator.processing.Controller - Starting 'hivemq-controller' controller for reconciler: com.hivemq.platform.operator.HiveMQPlatformReconciler, resource: com.hivemq.platform.operator.v1.HiveMQPlatform
2025-01-30 18:14:35,925 INFO c.h.h.t.HelmChartContainer - [hivemq-test-hivemq-platform] [hivemq-platform-operator] [6198c6fa] 18:14:35.924 [Controller Starter for: hivemq-controller] INFO  i.j.operator.processing.Controller - 'hivemq-controller' controller started
2025-01-30 18:14:35,925 INFO c.h.h.t.HelmChartContainer - [hivemq-test-hivemq-platform] [hivemq-platform-operator] [6198c6fa] 18:14:35.924 [main] INFO  c.h.p.o.HiveMQPlatformOperatorApplication - HiveMQ Platform Operator 1.7.0-SNAPSHOT started in 6489 ms
2025-01-30 18:14:37,392 INFO c.h.h.t.HelmChartContainer - [POD] hivemq-test-hivemq-platform-operator-6966f96d65-6m2qh [6198c6fa-18fa-4192-b709-93a44b058694] in helmrestapiit-operator was MODIFIED
2025-01-30 18:14:37,399 INFO c.h.h.t.HelmChartContainer - [K3S] [replica_set.go:679] "Finished syncing" kind="ReplicaSet" key="helmrestapiit-operator/hivemq-test-hivemq-platform-operator-6966f96d65" duration="9.019062ms"
2025-01-30 18:14:37,401 INFO c.h.h.t.HelmChartContainer - [K3S] [replica_set.go:679] "Finished syncing" kind="ReplicaSet" key="helmrestapiit-operator/hivemq-test-hivemq-platform-operator-6966f96d65" duration="53.44µs"
2025-01-30 18:14:38,171 DEBUG c.h.h.t.HelmChartContainer - Executing helm command: /bin/helm --kubeconfig /etc/rancher/k3s/k3s.yaml install test-hivemq-platform /charts/hivemq-platform --wait --timeout 5m0s --set image.repository=docker.io/hivemq --set image.tag=4.36.0 --set image.pullPolicy=Never --set nodes.resources.cpu=512m -f /files/rest-api-with-auth-values.yaml --namespace helmrestapiit
2025-01-30 18:14:38,423 INFO c.h.h.t.HelmChartContainer - [hivemq-test-hivemq-platform] [hivemq-platform-operator] [6198c6fa] 18:14:38.422 [-2082509879-pool-1-thread-3] WARN  i.m.p.PrometheusMeterRegistry - The meter (MeterId{name='operator.sdk.events.received', tags=[tag(action=ADDED),tag(event=ResourceEvent),tag(group=hivemq.com),tag(kind=HiveMQPlatform),tag(name=test-hivemq-platform),tag(namespace=helmrestapiit),tag(scope=namespace),tag(version=v1)]}) registration has failed: Prometheus requires that all meters with the same name have the same set of tag keys. There is already an existing meter named 'operator.sdk.events.received' containing tag keys [event, group, kind, name, namespace, scope, version]. The meter you are attempting to register has keys [action, event, group, kind, name, namespace, scope, version]. Note that subsequent logs will be logged at debug level.
2025-01-30 18:14:38,924 INFO c.h.h.t.HelmChartContainer - [hivemq-test-hivemq-platform] [hivemq-platform-operator] [6198c6fa] 18:14:38.923 [pool-6-thread-3] DEBUG c.h.p.o.dependants.PodInfoConfigMap - [helmrest] Desired PodInfo ConfigMap (2 extensions) (1 enabled)
2025-01-30 18:14:38,927 INFO c.h.h.t.HelmChartContainer - [hivemq-test-hivemq-platform] [hivemq-platform-operator] [6198c6fa] 18:14:38.925 [pool-6-thread-3] DEBUG c.h.p.o.dependants.PodInfoConfigMap - [helmrest] Desired PodInfo ConfigMap (metrics port: 9399) (metrics path: /)
2025-01-30 18:14:38,927 INFO c.h.h.t.HelmChartContainer - [hivemq-test-hivemq-platform] [hivemq-platform-operator] [6198c6fa] 18:14:38.925 [pool-6-thread-3] DEBUG c.h.p.o.dependants.PodInfoConfigMap - [helmrest] Desired PodInfo ConfigMap (extension state hash: -1594800698)
2025-01-30 18:14:38,928 INFO c.h.h.t.HelmChartContainer - [hivemq-test-hivemq-platform] [hivemq-platform-operator] [6198c6fa] 18:14:38.928 [pool-6-thread-3] DEBUG c.h.p.o.dependants.PodInfoConfigMap - [helmrest] Create PodInfo ConfigMap
2025-01-30 18:14:39,099 INFO c.h.h.t.HelmChartContainer - [hivemq-test-hivemq-platform] [hivemq-platform-operator] [6198c6fa] 18:14:39.097 [pool-6-thread-5] DEBUG c.h.p.o.dependants.PodRoleResource - [helmrest] Create Role: Role(apiVersion=rbac.authorization.k8s.io/v1, kind=Role, metadata=ObjectMeta(annotations={meta.helm.sh/release-name=test-hivemq-platform, meta.helm.sh/release-namespace=helmrestapiit}, creationTimestamp=null, deletionGracePeriodSeconds=null, deletionTimestamp=null, finalizers=[], generateName=null, generation=null, labels={helm.sh/chart=hivemq-platform-0.2.32, app.kubernetes.io/managed-by=Helm, app.kubernetes.io/name=hivemq-platform, hivemq-platform=test-hivemq-platform, app.kubernetes.io/instance=test-hivemq-platform, app.kubernetes.io/version=4.36.0}, managedFields=[], name=hivemq-platform-role-test-hivemq-platform, namespace=helmrestapiit, ownerReferences=[OwnerReference(apiVersion=hivemq.com/v1, blockOwnerDeletion=null, controller=null, kind=HiveMQPlatform, name=test-hivemq-platform, uid=3536f2e9-67ff-4e35-8910-1760d0fd7975, additionalProperties={})], resourceVersion=null, selfLink=null, uid=null, additionalProperties={}), rules=[PolicyRule(apiGroups=[], nonResourceURLs=[], resourceNames=[], resources=[pods], verbs=[get, patch, update], additionalProperties={})], additionalProperties={})
2025-01-30 18:14:39,201 INFO c.h.h.t.HelmChartContainer - [hivemq-test-hivemq-platform] [hivemq-platform-operator] [6198c6fa] 18:14:39.200 [pool-6-thread-7] DEBUG c.h.p.o.d.PodServiceAccountResource - [helmrest] Desired PodServiceAccountResource (serviceAccountName: hivemq-platform-pod-test-hivemq-platform)
2025-01-30 18:14:39,219 INFO c.h.h.t.HelmChartContainer - [hivemq-test-hivemq-platform] [hivemq-platform-operator] [6198c6fa] 18:14:39.216 [pool-6-thread-7] DEBUG c.h.p.o.d.PodServiceAccountResource - [helmrest] Create ServiceAccount 'hivemq-platform-pod-test-hivemq-platform'
2025-01-30 18:14:39,320 INFO c.h.h.t.HelmChartContainer - [hivemq-test-hivemq-platform] [hivemq-platform-operator] [6198c6fa] 18:14:39.318 [pool-6-thread-9] DEBUG c.h.p.o.d.PodRoleBindingResource - [helmrest] Create RoleBinding: RoleBinding(apiVersion=rbac.authorization.k8s.io/v1, kind=RoleBinding, metadata=ObjectMeta(annotations={meta.helm.sh/release-name=test-hivemq-platform, meta.helm.sh/release-namespace=helmrestapiit}, creationTimestamp=null, deletionGracePeriodSeconds=null, deletionTimestamp=null, finalizers=[], generateName=null, generation=null, labels={helm.sh/chart=hivemq-platform-0.2.32, app.kubernetes.io/managed-by=Helm, app.kubernetes.io/name=hivemq-platform, hivemq-platform=test-hivemq-platform, app.kubernetes.io/instance=test-hivemq-platform, app.kubernetes.io/version=4.36.0}, managedFields=[], name=hivemq-platform-role-binding-test-hivemq-platform, namespace=helmrestapiit, ownerReferences=[OwnerReference(apiVersion=hivemq.com/v1, blockOwnerDeletion=null, controller=null, kind=HiveMQPlatform, name=test-hivemq-platform, uid=3536f2e9-67ff-4e35-8910-1760d0fd7975, additionalProperties={})], resourceVersion=null, selfLink=null, uid=null, additionalProperties={}), roleRef=RoleRef(apiGroup=rbac.authorization.k8s.io, kind=Role, name=hivemq-platform-role-test-hivemq-platform, additionalProperties={}), subjects=[Subject(apiGroup=null, kind=ServiceAccount, name=hivemq-platform-pod-test-hivemq-platform, namespace=helmrestapiit, additionalProperties={})], additionalProperties={})
2025-01-30 18:14:39,401 INFO c.h.h.t.HelmChartContainer - [hivemq-test-hivemq-platform] [hivemq-platform-operator] [6198c6fa] 18:14:39.399 [ReconcilerExecutor-hivemq-controller-54] INFO  c.h.p.o.HiveMQPlatformReconciler - [helmrest] Reconciling HiveMQ Platform 'test-hivemq-platform' in namespace 'helmrestapiit'
2025-01-30 18:14:39,401 INFO c.h.h.t.HelmChartContainer - [hivemq-test-hivemq-platform] [hivemq-platform-operator] [6198c6fa] 18:14:39.399 [ReconcilerExecutor-hivemq-controller-54] DEBUG c.h.p.o.HiveMQPlatformReconciler - [helmrest] Custom Resource Status CREATED - HiveMQ Platform was created (READY)
2025-01-30 18:14:39,401 INFO c.h.h.t.HelmChartContainer - [hivemq-test-hivemq-platform] [hivemq-platform-operator] [6198c6fa] 18:14:39.400 [ReconcilerExecutor-hivemq-controller-54] DEBUG c.h.p.o.HiveMQPlatformReconciler - [helmrest] Custom Resource Spec (replicas: 1) (extensions: 2)
2025-01-30 18:14:39,420 INFO c.h.h.t.HelmChartContainer - [hivemq-test-hivemq-platform] [hivemq-platform-operator] [6198c6fa] 18:14:39.419 [ReconcilerExecutor-hivemq-controller-54] INFO  c.h.p.o.h.HiveMQPlatformReconcilerBaseHandler - [helmrest] HiveMQ Platform is starting
2025-01-30 18:14:39,530 INFO c.h.h.t.HelmChartContainer - [hivemq-test-hivemq-platform] [hivemq-platform-operator] [6198c6fa] 18:14:39.529 [ReconcilerExecutor-hivemq-controller-54] DEBUG c.h.p.operator.event.EventSender - [helmrest] Creating K8s event hivemq-platform-starting: [Start] HiveMQ Platform is starting
2025-01-30 18:14:39,605 INFO c.h.h.t.HelmChartContainer - [EVENT] Normal [Start] HiveMQ Platform is starting [helmrestapiit:test-hivemq-platform]
2025-01-30 18:14:39,625 INFO c.h.h.t.HelmChartContainer - [hivemq-test-hivemq-platform] [hivemq-platform-operator] [6198c6fa] 18:14:39.619 [ReconcilerExecutor-hivemq-controller-54] INFO  c.h.p.o.h.AbstractHiveMQReconcilerStateHandler - [helmrest] Update HiveMQ Platform Status (CREATED [READY] -> STARTING [READY]): HiveMQ Platform is starting
2025-01-30 18:14:39,706 DEBUG com.hivemq.helmcharts.util.K8sUtil - Comparing actual state 'STARTING' and waiting for 'RUNNING'
2025-01-30 18:14:49,727 INFO c.h.h.t.HelmChartContainer - [hivemq-test-hivemq-platform] [hivemq-platform-operator] [6198c6fa] 18:14:49.724 [pool-6-thread-12] DEBUG c.h.p.o.d.PlatformServiceResource - [helmrest] Desired Platform services (2 services)
2025-01-30 18:14:49,730 INFO c.h.h.t.HelmChartContainer - [hivemq-test-hivemq-platform] [hivemq-platform-operator] [6198c6fa] 18:14:49.728 [pool-6-thread-13] DEBUG c.h.p.o.dependants.PodInfoConfigMap - [helmrest] Desired PodInfo ConfigMap (2 extensions) (1 enabled)
2025-01-30 18:14:49,731 INFO c.h.h.t.HelmChartContainer - [hivemq-test-hivemq-platform] [hivemq-platform-operator] [6198c6fa] 18:14:49.728 [pool-6-thread-13] DEBUG c.h.p.o.dependants.PodInfoConfigMap - [helmrest] Desired PodInfo ConfigMap (metrics port: 9399) (metrics path: /)
2025-01-30 18:14:49,732 INFO c.h.h.t.HelmChartContainer - [hivemq-test-hivemq-platform] [hivemq-platform-operator] [6198c6fa] 18:14:49.729 [pool-6-thread-13] DEBUG c.h.p.o.dependants.PodInfoConfigMap - [helmrest] Desired PodInfo ConfigMap (extension state hash: -1594800698)
2025-01-30 18:14:49,735 INFO c.h.h.t.HelmChartContainer - [hivemq-test-hivemq-platform] [hivemq-platform-operator] [6198c6fa] 18:14:49.734 [pool-6-thread-17] DEBUG c.h.p.o.d.PodServiceAccountResource - [helmrest] Desired PodServiceAccountResource (serviceAccountName: hivemq-platform-pod-test-hivemq-platform)
2025-01-30 18:14:49,823 INFO c.h.h.t.HelmChartContainer - [hivemq-test-hivemq-platform] [hivemq-platform-operator] [6198c6fa] 18:14:49.817 [pool-6-thread-13] DEBUG c.h.p.o.dependants.PodInfoConfigMap - [helmrest] Update PodInfo ConfigMap
2025-01-30 18:14:49,837 INFO c.h.h.t.HelmChartContainer - [K3S] [alloc.go:330] "allocated clusterIPs" service="helmrestapiit/hivemq-test-hivemq-platform-rest-8890" clusterIPs={"IPv4":"10.43.233.55"}
2025-01-30 18:14:49,925 INFO c.h.h.t.HelmChartContainer - [K3S] [alloc.go:330] "allocated clusterIPs" service="helmrestapiit/hivemq-test-hivemq-platform-metrics-9399" clusterIPs={"IPv4":"10.43.76.153"}
2025-01-30 18:14:49,936 INFO c.h.h.t.HelmChartContainer - [hivemq-test-hivemq-platform] [hivemq-platform-operator] [6198c6fa] 18:14:49.934 [pool-6-thread-20] DEBUG c.h.p.o.d.StatefulSetResource - [helmrest] Desired StatefulSet (1 replicas) for status STARTING (READY)
2025-01-30 18:14:50,027 INFO c.h.h.t.HelmChartContainer - [hivemq-test-hivemq-platform] [hivemq-platform-operator] [6198c6fa] 18:14:50.026 [pool-6-thread-20] DEBUG c.h.p.o.d.StatefulSetResource - [helmrest] Create StatefulSet
2025-01-30 18:14:50,050 INFO c.h.h.t.HelmChartContainer - [POD] test-hivemq-platform-0 [7ddbfea8-f9b0-409f-b5c8-0aa2f535261d] in helmrestapiit was ADDED
2025-01-30 18:14:50,051 INFO c.h.h.t.HelmChartContainer - [EVENT] Normal [SuccessfulCreate] create Pod test-hivemq-platform-0 in StatefulSet test-hivemq-platform successful [helmrestapiit:test-hivemq-platform]
2025-01-30 18:14:50,055 INFO c.h.h.t.HelmChartContainer - [EVENT] Normal [Scheduled] Successfully assigned helmrestapiit/test-hivemq-platform-0 to 8e4c0e52442e [helmrestapiit:test-hivemq-platform-0]
2025-01-30 18:14:50,057 INFO c.h.h.t.HelmChartContainer - [POD] test-hivemq-platform-0 [7ddbfea8-f9b0-409f-b5c8-0aa2f535261d] in helmrestapiit was MODIFIED
2025-01-30 18:14:50,067 INFO c.h.h.t.HelmChartContainer - [POD] test-hivemq-platform-0 [7ddbfea8-f9b0-409f-b5c8-0aa2f535261d] in helmrestapiit was MODIFIED
2025-01-30 18:14:50,106 INFO c.h.h.t.HelmChartContainer - [K3S] [reconciler_common.go:251] "operationExecutor.VerifyControllerAttachedVolume started for volume \"extension-configuration-hivemq-enterprise-security-extension\" (UniqueName: \"kubernetes.io/configmap/7ddbfea8-f9b0-409f-b5c8-0aa2f535261d-extension-configuration-hivemq-enterprise-security-extension\") pod \"test-hivemq-platform-0\" (UID: \"7ddbfea8-f9b0-409f-b5c8-0aa2f535261d\") " pod="helmrestapiit/test-hivemq-platform-0"
2025-01-30 18:14:50,107 INFO c.h.h.t.HelmChartContainer - [K3S] [reconciler_common.go:251] "operationExecutor.VerifyControllerAttachedVolume started for volume \"ese-file-realm\" (UniqueName: \"kubernetes.io/configmap/7ddbfea8-f9b0-409f-b5c8-0aa2f535261d-ese-file-realm\") pod \"test-hivemq-platform-0\" (UID: \"7ddbfea8-f9b0-409f-b5c8-0aa2f535261d\") " pod="helmrestapiit/test-hivemq-platform-0"
2025-01-30 18:14:50,107 INFO c.h.h.t.HelmChartContainer - [K3S] [reconciler_common.go:251] "operationExecutor.VerifyControllerAttachedVolume started for volume \"broker-configuration\" (UniqueName: \"kubernetes.io/configmap/7ddbfea8-f9b0-409f-b5c8-0aa2f535261d-broker-configuration\") pod \"test-hivemq-platform-0\" (UID: \"7ddbfea8-f9b0-409f-b5c8-0aa2f535261d\") " pod="helmrestapiit/test-hivemq-platform-0"
2025-01-30 18:14:50,107 INFO c.h.h.t.HelmChartContainer - [K3S] [reconciler_common.go:251] "operationExecutor.VerifyControllerAttachedVolume started for volume \"operator-init\" (UniqueName: \"kubernetes.io/empty-dir/7ddbfea8-f9b0-409f-b5c8-0aa2f535261d-operator-init\") pod \"test-hivemq-platform-0\" (UID: \"7ddbfea8-f9b0-409f-b5c8-0aa2f535261d\") " pod="helmrestapiit/test-hivemq-platform-0"
2025-01-30 18:14:50,107 INFO c.h.h.t.HelmChartContainer - [K3S] [reconciler_common.go:251] "operationExecutor.VerifyControllerAttachedVolume started for volume \"pod-info\" (UniqueName: \"kubernetes.io/configmap/7ddbfea8-f9b0-409f-b5c8-0aa2f535261d-pod-info\") pod \"test-hivemq-platform-0\" (UID: \"7ddbfea8-f9b0-409f-b5c8-0aa2f535261d\") " pod="helmrestapiit/test-hivemq-platform-0"
2025-01-30 18:14:50,107 INFO c.h.h.t.HelmChartContainer - [K3S] [reconciler_common.go:251] "operationExecutor.VerifyControllerAttachedVolume started for volume \"kube-api-access-ghzjz\" (UniqueName: \"kubernetes.io/projected/7ddbfea8-f9b0-409f-b5c8-0aa2f535261d-kube-api-access-ghzjz\") pod \"test-hivemq-platform-0\" (UID: \"7ddbfea8-f9b0-409f-b5c8-0aa2f535261d\") " pod="helmrestapiit/test-hivemq-platform-0"
2025-01-30 18:14:50,130 INFO c.h.h.t.HelmChartContainer - [hivemq-test-hivemq-platform] [hivemq-platform-operator] [6198c6fa] 18:14:50.126 [ReconcilerExecutor-hivemq-controller-65] INFO  c.h.p.o.HiveMQPlatformReconciler - [helmrest] Reconciling HiveMQ Platform 'test-hivemq-platform' in namespace 'helmrestapiit'
2025-01-30 18:14:50,130 INFO c.h.h.t.HelmChartContainer - [hivemq-test-hivemq-platform] [hivemq-platform-operator] [6198c6fa] 18:14:50.126 [ReconcilerExecutor-hivemq-controller-65] DEBUG c.h.p.o.HiveMQPlatformReconciler - [helmrest] Custom Resource Status STARTING - HiveMQ Platform is starting (READY)
2025-01-30 18:14:50,130 INFO c.h.h.t.HelmChartContainer - [hivemq-test-hivemq-platform] [hivemq-platform-operator] [6198c6fa] 18:14:50.126 [ReconcilerExecutor-hivemq-controller-65] DEBUG c.h.p.o.HiveMQPlatformReconciler - [helmrest] Custom Resource Spec (replicas: 1) (extensions: 2)
2025-01-30 18:14:50,220 INFO c.h.h.t.HelmChartContainer - [hivemq-test-hivemq-platform] [hivemq-platform-operator] [6198c6fa] 18:14:50.219 [ReconcilerExecutor-hivemq-controller-65] DEBUG c.h.p.o.HiveMQPlatformReconciler - [helmrest] StatefulSet Status (revision: test-hivemq-platform-bbf59449c, replicas: 1, available: 0, ready: 0, current: 1, updated: 1)
2025-01-30 18:14:50,220 INFO c.h.h.t.HelmChartContainer - [hivemq-test-hivemq-platform] [hivemq-platform-operator] [6198c6fa] 18:14:50.219 [ReconcilerExecutor-hivemq-controller-65] DEBUG c.h.p.o.HiveMQPlatformReconciler - [helmrest] StatefulSet Spec (replicas: 1, init containers: 1, containers: 1, volumes: 5)
2025-01-30 18:14:50,234 INFO c.h.h.t.HelmChartContainer - [hivemq-test-hivemq-platform] [hivemq-platform-operator] [6198c6fa] 18:14:50.233 [ReconcilerExecutor-hivemq-controller-65] DEBUG c.h.p.o.h.HiveMQPlatformReconcilerErrorHandler - [helmrest] Pod 'test-hivemq-platform-0' phase Pending
2025-01-30 18:14:50,317 INFO c.h.h.t.HelmChartContainer - [hivemq-test-hivemq-platform] [hivemq-platform-operator] [6198c6fa] 18:14:50.316 [ReconcilerExecutor-hivemq-controller-65] DEBUG c.h.p.o.h.HiveMQPlatformReconcilerErrorHandler - [helmrest] Pod 'test-hivemq-platform-0' condition 'PodReadyToStartContainers': False
2025-01-30 18:14:50,318 INFO c.h.h.t.HelmChartContainer - [hivemq-test-hivemq-platform] [hivemq-platform-operator] [6198c6fa] 18:14:50.316 [ReconcilerExecutor-hivemq-controller-65] DEBUG c.h.p.o.h.HiveMQPlatformReconcilerErrorHandler - [helmrest] Pod 'test-hivemq-platform-0' condition 'Initialized': False
2025-01-30 18:14:50,318 INFO c.h.h.t.HelmChartContainer - [hivemq-test-hivemq-platform] [hivemq-platform-operator] [6198c6fa] 18:14:50.316 [ReconcilerExecutor-hivemq-controller-65] DEBUG c.h.p.o.h.HiveMQPlatformReconcilerErrorHandler - [helmrest] Pod 'test-hivemq-platform-0' condition 'Ready': False
2025-01-30 18:14:50,318 INFO c.h.h.t.HelmChartContainer - [hivemq-test-hivemq-platform] [hivemq-platform-operator] [6198c6fa] 18:14:50.317 [ReconcilerExecutor-hivemq-controller-65] DEBUG c.h.p.o.h.HiveMQPlatformReconcilerErrorHandler - [helmrest] Pod 'test-hivemq-platform-0' condition 'ContainersReady': False
2025-01-30 18:14:50,318 INFO c.h.h.t.HelmChartContainer - [hivemq-test-hivemq-platform] [hivemq-platform-operator] [6198c6fa] 18:14:50.317 [ReconcilerExecutor-hivemq-controller-65] DEBUG c.h.p.o.h.HiveMQPlatformReconcilerErrorHandler - [helmrest] Pod 'test-hivemq-platform-0' condition 'PodScheduled': True
2025-01-30 18:14:50,318 INFO c.h.h.t.HelmChartContainer - [hivemq-test-hivemq-platform] [hivemq-platform-operator] [6198c6fa] 18:14:50.317 [ReconcilerExecutor-hivemq-controller-65] DEBUG c.h.p.o.h.HiveMQPlatformReconcilerErrorHandler - [helmrest] Pod 'test-hivemq-platform-0' containerStatus 'hivemq' (started: false) (ready: false) (waiting: [PodInitializing] null)
2025-01-30 18:14:50,321 INFO c.h.h.t.HelmChartContainer - [hivemq-test-hivemq-platform] [hivemq-platform-operator] [6198c6fa] 18:14:50.319 [ReconcilerExecutor-hivemq-controller-65] INFO  c.h.p.o.h.HiveMQPlatformReconcilerBaseHandler - [helmrest] HiveMQ Platform is starting, 0 of 1 replicas are ready
2025-01-30 18:14:50,326 INFO c.h.h.t.HelmChartContainer - [hivemq-test-hivemq-platform] [hivemq-platform-operator] [6198c6fa] 18:14:50.324 [pool-6-thread-22] DEBUG c.h.p.o.d.PlatformServiceResource - [helmrest] Desired Platform services (2 services)
2025-01-30 18:14:50,332 INFO c.h.h.t.HelmChartContainer - [hivemq-test-hivemq-platform] [hivemq-platform-operator] [6198c6fa] 18:14:50.330 [pool-6-thread-27] DEBUG c.h.p.o.d.PodServiceAccountResource - [helmrest] Desired PodServiceAccountResource (serviceAccountName: hivemq-platform-pod-test-hivemq-platform)
2025-01-30 18:14:50,332 INFO c.h.h.t.HelmChartContainer - [hivemq-test-hivemq-platform] [hivemq-platform-operator] [6198c6fa] 18:14:50.330 [pool-6-thread-23] DEBUG c.h.p.o.dependants.PodInfoConfigMap - [helmrest] Desired PodInfo ConfigMap (2 extensions) (1 enabled)
2025-01-30 18:14:50,332 INFO c.h.h.t.HelmChartContainer - [hivemq-test-hivemq-platform] [hivemq-platform-operator] [6198c6fa] 18:14:50.330 [pool-6-thread-23] DEBUG c.h.p.o.dependants.PodInfoConfigMap - [helmrest] Desired PodInfo ConfigMap (metrics port: 9399) (metrics path: /)
2025-01-30 18:14:50,332 INFO c.h.h.t.HelmChartContainer - [hivemq-test-hivemq-platform] [hivemq-platform-operator] [6198c6fa] 18:14:50.330 [pool-6-thread-23] DEBUG c.h.p.o.dependants.PodInfoConfigMap - [helmrest] Desired PodInfo ConfigMap (extension state hash: -1594800698)
2025-01-30 18:14:50,423 INFO c.h.h.t.HelmChartContainer - [hivemq-test-hivemq-platform] [hivemq-platform-operator] [6198c6fa] 18:14:50.421 [pool-6-thread-30] DEBUG c.h.p.o.d.StatefulSetResource - [helmrest] Desired StatefulSet (1 replicas) for status STARTING (READY)
2025-01-30 18:14:50,431 INFO c.h.h.t.HelmChartContainer - [hivemq-test-hivemq-platform] [hivemq-platform-operator] [6198c6fa] 18:14:50.429 [ReconcilerExecutor-hivemq-controller-76] INFO  c.h.p.o.HiveMQPlatformReconciler - [helmrest] Reconciling HiveMQ Platform 'test-hivemq-platform' in namespace 'helmrestapiit'
2025-01-30 18:14:50,431 INFO c.h.h.t.HelmChartContainer - [hivemq-test-hivemq-platform] [hivemq-platform-operator] [6198c6fa] 18:14:50.430 [ReconcilerExecutor-hivemq-controller-76] DEBUG c.h.p.o.HiveMQPlatformReconciler - [helmrest] Custom Resource Status STARTING - HiveMQ Platform is starting (READY)
2025-01-30 18:14:50,432 INFO c.h.h.t.HelmChartContainer - [hivemq-test-hivemq-platform] [hivemq-platform-operator] [6198c6fa] 18:14:50.430 [ReconcilerExecutor-hivemq-controller-76] DEBUG c.h.p.o.HiveMQPlatformReconciler - [helmrest] Custom Resource Spec (replicas: 1) (extensions: 2)
2025-01-30 18:14:50,436 INFO c.h.h.t.HelmChartContainer - [hivemq-test-hivemq-platform] [hivemq-platform-operator] [6198c6fa] 18:14:50.435 [ReconcilerExecutor-hivemq-controller-76] DEBUG c.h.p.o.HiveMQPlatformReconciler - [helmrest] StatefulSet Status (revision: test-hivemq-platform-bbf59449c, replicas: 1, available: 0, ready: 0, current: 1, updated: 1)
2025-01-30 18:14:50,437 INFO c.h.h.t.HelmChartContainer - [hivemq-test-hivemq-platform] [hivemq-platform-operator] [6198c6fa] 18:14:50.435 [ReconcilerExecutor-hivemq-controller-76] DEBUG c.h.p.o.HiveMQPlatformReconciler - [helmrest] StatefulSet Spec (replicas: 1, init containers: 1, containers: 1, volumes: 5)
2025-01-30 18:14:50,447 INFO c.h.h.t.HelmChartContainer - [EVENT] Normal [Pulled] Container image "docker.io/hivemq/hivemq-platform-operator-init-test:snapshot" already present on machine [helmrestapiit:test-hivemq-platform-0]
2025-01-30 18:14:50,520 INFO c.h.h.t.HelmChartContainer - [hivemq-test-hivemq-platform] [hivemq-platform-operator] [6198c6fa] 18:14:50.517 [ReconcilerExecutor-hivemq-controller-76] DEBUG c.h.p.o.h.HiveMQPlatformReconcilerErrorHandler - [helmrest] Pod 'test-hivemq-platform-0' phase Pending
2025-01-30 18:14:50,521 INFO c.h.h.t.HelmChartContainer - [hivemq-test-hivemq-platform] [hivemq-platform-operator] [6198c6fa] 18:14:50.517 [ReconcilerExecutor-hivemq-controller-76] DEBUG c.h.p.o.h.HiveMQPlatformReconcilerErrorHandler - [helmrest] Pod 'test-hivemq-platform-0' condition 'PodReadyToStartContainers': False
2025-01-30 18:14:50,521 INFO c.h.h.t.HelmChartContainer - [hivemq-test-hivemq-platform] [hivemq-platform-operator] [6198c6fa] 18:14:50.517 [ReconcilerExecutor-hivemq-controller-76] DEBUG c.h.p.o.h.HiveMQPlatformReconcilerErrorHandler - [helmrest] Pod 'test-hivemq-platform-0' condition 'Initialized': False
2025-01-30 18:14:50,521 INFO c.h.h.t.HelmChartContainer - [hivemq-test-hivemq-platform] [hivemq-platform-operator] [6198c6fa] 18:14:50.517 [ReconcilerExecutor-hivemq-controller-76] DEBUG c.h.p.o.h.HiveMQPlatformReconcilerErrorHandler - [helmrest] Pod 'test-hivemq-platform-0' condition 'Ready': False
2025-01-30 18:14:50,521 INFO c.h.h.t.HelmChartContainer - [hivemq-test-hivemq-platform] [hivemq-platform-operator] [6198c6fa] 18:14:50.517 [ReconcilerExecutor-hivemq-controller-76] DEBUG c.h.p.o.h.HiveMQPlatformReconcilerErrorHandler - [helmrest] Pod 'test-hivemq-platform-0' condition 'ContainersReady': False
2025-01-30 18:14:50,521 INFO c.h.h.t.HelmChartContainer - [hivemq-test-hivemq-platform] [hivemq-platform-operator] [6198c6fa] 18:14:50.517 [ReconcilerExecutor-hivemq-controller-76] DEBUG c.h.p.o.h.HiveMQPlatformReconcilerErrorHandler - [helmrest] Pod 'test-hivemq-platform-0' condition 'PodScheduled': True
2025-01-30 18:14:50,521 INFO c.h.h.t.HelmChartContainer - [hivemq-test-hivemq-platform] [hivemq-platform-operator] [6198c6fa] 18:14:50.517 [ReconcilerExecutor-hivemq-controller-76] DEBUG c.h.p.o.h.HiveMQPlatformReconcilerErrorHandler - [helmrest] Pod 'test-hivemq-platform-0' containerStatus 'hivemq' (started: false) (ready: false) (waiting: [PodInitializing] null)
2025-01-30 18:14:50,521 INFO c.h.h.t.HelmChartContainer - [hivemq-test-hivemq-platform] [hivemq-platform-operator] [6198c6fa] 18:14:50.520 [ReconcilerExecutor-hivemq-controller-76] INFO  c.h.p.o.h.HiveMQPlatformReconcilerBaseHandler - [helmrest] HiveMQ Platform is starting, 0 of 1 replicas are ready
2025-01-30 18:14:50,590 INFO c.h.h.t.HelmChartContainer - [EVENT] Normal [Created] Created container: hivemq-platform-operator-init [helmrestapiit:test-hivemq-platform-0]
2025-01-30 18:14:50,628 INFO c.h.h.t.HelmChartContainer - [EVENT] Normal [Started] Started container hivemq-platform-operator-init [helmrestapiit:test-hivemq-platform-0]
2025-01-30 18:14:51,428 INFO c.h.h.t.HelmChartContainer - [POD] test-hivemq-platform-0 [7ddbfea8-f9b0-409f-b5c8-0aa2f535261d] in helmrestapiit was MODIFIED
2025-01-30 18:14:51,451 INFO c.h.h.t.HelmChartContainer - [hivemq-test-hivemq-platform] [hivemq-platform-operator] [6198c6fa] 18:14:51.446 [pool-6-thread-32] DEBUG c.h.p.o.d.PlatformServiceResource - [helmrest] Desired Platform services (2 services)
2025-01-30 18:14:51,452 INFO c.h.h.t.HelmChartContainer - [hivemq-test-hivemq-platform] [hivemq-platform-operator] [6198c6fa] 18:14:51.451 [pool-6-thread-33] DEBUG c.h.p.o.dependants.PodInfoConfigMap - [helmrest] Desired PodInfo ConfigMap (2 extensions) (1 enabled)
2025-01-30 18:14:51,453 INFO c.h.h.t.HelmChartContainer - [hivemq-test-hivemq-platform] [hivemq-platform-operator] [6198c6fa] 18:14:51.451 [pool-6-thread-33] DEBUG c.h.p.o.dependants.PodInfoConfigMap - [helmrest] Desired PodInfo ConfigMap (metrics port: 9399) (metrics path: /)
2025-01-30 18:14:51,453 INFO c.h.h.t.HelmChartContainer - [hivemq-test-hivemq-platform] [hivemq-platform-operator] [6198c6fa] 18:14:51.451 [pool-6-thread-33] DEBUG c.h.p.o.dependants.PodInfoConfigMap - [helmrest] Desired PodInfo ConfigMap (extension state hash: -1594800698)
2025-01-30 18:14:51,519 INFO c.h.h.t.HelmChartContainer - [hivemq-test-hivemq-platform] [hivemq-platform-operator] [6198c6fa] 18:14:51.517 [pool-6-thread-37] DEBUG c.h.p.o.d.PodServiceAccountResource - [helmrest] Desired PodServiceAccountResource (serviceAccountName: hivemq-platform-pod-test-hivemq-platform)
2025-01-30 18:14:51,523 INFO c.h.h.t.HelmChartContainer - [hivemq-test-hivemq-platform] [hivemq-platform-operator] [6198c6fa] 18:14:51.522 [pool-6-thread-40] DEBUG c.h.p.o.d.StatefulSetResource - [helmrest] Desired StatefulSet (1 replicas) for status STARTING (READY)
2025-01-30 18:14:51,528 INFO c.h.h.t.HelmChartContainer - [hivemq-test-hivemq-platform] [hivemq-platform-operator] [6198c6fa] 18:14:51.527 [ReconcilerExecutor-hivemq-controller-87] INFO  c.h.p.o.HiveMQPlatformReconciler - [helmrest] Reconciling HiveMQ Platform 'test-hivemq-platform' in namespace 'helmrestapiit'
2025-01-30 18:14:51,529 INFO c.h.h.t.HelmChartContainer - [hivemq-test-hivemq-platform] [hivemq-platform-operator] [6198c6fa] 18:14:51.527 [ReconcilerExecutor-hivemq-controller-87] DEBUG c.h.p.o.HiveMQPlatformReconciler - [helmrest] Custom Resource Status STARTING - HiveMQ Platform is starting (READY)
2025-01-30 18:14:51,529 INFO c.h.h.t.HelmChartContainer - [hivemq-test-hivemq-platform] [hivemq-platform-operator] [6198c6fa] 18:14:51.527 [ReconcilerExecutor-hivemq-controller-87] DEBUG c.h.p.o.HiveMQPlatformReconciler - [helmrest] Custom Resource Spec (replicas: 1) (extensions: 2)
2025-01-30 18:14:51,532 INFO c.h.h.t.HelmChartContainer - [hivemq-test-hivemq-platform] [hivemq-platform-operator] [6198c6fa] 18:14:51.530 [ReconcilerExecutor-hivemq-controller-87] DEBUG c.h.p.o.HiveMQPlatformReconciler - [helmrest] StatefulSet Status (revision: test-hivemq-platform-bbf59449c, replicas: 1, available: 0, ready: 0, current: 1, updated: 1)
2025-01-30 18:14:51,532 INFO c.h.h.t.HelmChartContainer - [hivemq-test-hivemq-platform] [hivemq-platform-operator] [6198c6fa] 18:14:51.531 [ReconcilerExecutor-hivemq-controller-87] DEBUG c.h.p.o.HiveMQPlatformReconciler - [helmrest] StatefulSet Spec (replicas: 1, init containers: 1, containers: 1, volumes: 5)
2025-01-30 18:14:51,618 INFO c.h.h.t.HelmChartContainer - [hivemq-test-hivemq-platform] [hivemq-platform-operator] [6198c6fa] 18:14:51.617 [ReconcilerExecutor-hivemq-controller-87] DEBUG c.h.p.o.h.HiveMQPlatformReconcilerErrorHandler - [helmrest] Pod 'test-hivemq-platform-0' phase Pending
2025-01-30 18:14:51,620 INFO c.h.h.t.HelmChartContainer - [hivemq-test-hivemq-platform] [hivemq-platform-operator] [6198c6fa] 18:14:51.618 [ReconcilerExecutor-hivemq-controller-87] DEBUG c.h.p.o.h.HiveMQPlatformReconcilerErrorHandler - [helmrest] Pod 'test-hivemq-platform-0' condition 'PodReadyToStartContainers': True
2025-01-30 18:14:51,620 INFO c.h.h.t.HelmChartContainer - [hivemq-test-hivemq-platform] [hivemq-platform-operator] [6198c6fa] 18:14:51.618 [ReconcilerExecutor-hivemq-controller-87] DEBUG c.h.p.o.h.HiveMQPlatformReconcilerErrorHandler - [helmrest] Pod 'test-hivemq-platform-0' condition 'Initialized': False
2025-01-30 18:14:51,620 INFO c.h.h.t.HelmChartContainer - [hivemq-test-hivemq-platform] [hivemq-platform-operator] [6198c6fa] 18:14:51.618 [ReconcilerExecutor-hivemq-controller-87] DEBUG c.h.p.o.h.HiveMQPlatformReconcilerErrorHandler - [helmrest] Pod 'test-hivemq-platform-0' condition 'Ready': False
2025-01-30 18:14:51,620 INFO c.h.h.t.HelmChartContainer - [hivemq-test-hivemq-platform] [hivemq-platform-operator] [6198c6fa] 18:14:51.618 [ReconcilerExecutor-hivemq-controller-87] DEBUG c.h.p.o.h.HiveMQPlatformReconcilerErrorHandler - [helmrest] Pod 'test-hivemq-platform-0' condition 'ContainersReady': False
2025-01-30 18:14:51,620 INFO c.h.h.t.HelmChartContainer - [hivemq-test-hivemq-platform] [hivemq-platform-operator] [6198c6fa] 18:14:51.618 [ReconcilerExecutor-hivemq-controller-87] DEBUG c.h.p.o.h.HiveMQPlatformReconcilerErrorHandler - [helmrest] Pod 'test-hivemq-platform-0' condition 'PodScheduled': True
2025-01-30 18:14:51,620 INFO c.h.h.t.HelmChartContainer - [hivemq-test-hivemq-platform] [hivemq-platform-operator] [6198c6fa] 18:14:51.618 [ReconcilerExecutor-hivemq-controller-87] DEBUG c.h.p.o.h.HiveMQPlatformReconcilerErrorHandler - [helmrest] Pod 'test-hivemq-platform-0' containerStatus 'hivemq' (started: false) (ready: false) (waiting: [PodInitializing] null)
2025-01-30 18:14:51,621 INFO c.h.h.t.HelmChartContainer - [hivemq-test-hivemq-platform] [hivemq-platform-operator] [6198c6fa] 18:14:51.619 [ReconcilerExecutor-hivemq-controller-87] INFO  c.h.p.o.h.HiveMQPlatformReconcilerBaseHandler - [helmrest] HiveMQ Platform is starting, 0 of 1 replicas are ready
2025-01-30 18:14:52,419 INFO c.h.h.t.HelmChartContainer - [EVENT] Normal [Pulled] Container image "docker.io/hivemq/hivemq4:4.36.0" already present on machine [helmrestapiit:test-hivemq-platform-0]
2025-01-30 18:14:52,420 INFO c.h.h.t.HelmChartContainer - Received Pulled event for container hivemq in pod test-hivemq-platform-0 [7ddbfea8-f9b0-409f-b5c8-0aa2f535261d]
2025-01-30 18:14:52,436 INFO c.h.h.t.HelmChartContainer - [POD] test-hivemq-platform-0 [7ddbfea8-f9b0-409f-b5c8-0aa2f535261d] in helmrestapiit was MODIFIED
2025-01-30 18:14:52,457 INFO c.h.h.t.HelmChartContainer - [hivemq-test-hivemq-platform] [hivemq-platform-operator] [6198c6fa] 18:14:52.455 [pool-6-thread-42] DEBUG c.h.p.o.d.PlatformServiceResource - [helmrest] Desired Platform services (2 services)
2025-01-30 18:14:52,462 INFO c.h.h.t.HelmChartContainer - [hivemq-test-hivemq-platform] [hivemq-platform-operator] [6198c6fa] 18:14:52.460 [pool-6-thread-43] DEBUG c.h.p.o.dependants.PodInfoConfigMap - [helmrest] Desired PodInfo ConfigMap (2 extensions) (1 enabled)
2025-01-30 18:14:52,462 INFO c.h.h.t.HelmChartContainer - [hivemq-test-hivemq-platform] [hivemq-platform-operator] [6198c6fa] 18:14:52.460 [pool-6-thread-43] DEBUG c.h.p.o.dependants.PodInfoConfigMap - [helmrest] Desired PodInfo ConfigMap (metrics port: 9399) (metrics path: /)
2025-01-30 18:14:52,462 INFO c.h.h.t.HelmChartContainer - [hivemq-test-hivemq-platform] [hivemq-platform-operator] [6198c6fa] 18:14:52.460 [pool-6-thread-43] DEBUG c.h.p.o.dependants.PodInfoConfigMap - [helmrest] Desired PodInfo ConfigMap (extension state hash: -1594800698)
2025-01-30 18:14:52,476 INFO c.h.h.t.HelmChartContainer - [hivemq-test-hivemq-platform] [hivemq-platform-operator] [6198c6fa] 18:14:52.465 [pool-6-thread-47] DEBUG c.h.p.o.d.PodServiceAccountResource - [helmrest] Desired PodServiceAccountResource (serviceAccountName: hivemq-platform-pod-test-hivemq-platform)
2025-01-30 18:14:52,478 INFO c.h.h.t.HelmChartContainer - [hivemq-test-hivemq-platform] [hivemq-platform-operator] [6198c6fa] 18:14:52.477 [pool-6-thread-50] DEBUG c.h.p.o.d.StatefulSetResource - [helmrest] Desired StatefulSet (1 replicas) for status STARTING (READY)
2025-01-30 18:14:52,524 INFO c.h.h.t.HelmChartContainer - [hivemq-test-hivemq-platform] [hivemq-platform-operator] [6198c6fa] 18:14:52.521 [ReconcilerExecutor-hivemq-controller-98] INFO  c.h.p.o.HiveMQPlatformReconciler - [helmrest] Reconciling HiveMQ Platform 'test-hivemq-platform' in namespace 'helmrestapiit'
2025-01-30 18:14:52,525 INFO c.h.h.t.HelmChartContainer - [hivemq-test-hivemq-platform] [hivemq-platform-operator] [6198c6fa] 18:14:52.521 [ReconcilerExecutor-hivemq-controller-98] DEBUG c.h.p.o.HiveMQPlatformReconciler - [helmrest] Custom Resource Status STARTING - HiveMQ Platform is starting (READY)
2025-01-30 18:14:52,525 INFO c.h.h.t.HelmChartContainer - [hivemq-test-hivemq-platform] [hivemq-platform-operator] [6198c6fa] 18:14:52.522 [ReconcilerExecutor-hivemq-controller-98] DEBUG c.h.p.o.HiveMQPlatformReconciler - [helmrest] Custom Resource Spec (replicas: 1) (extensions: 2)
2025-01-30 18:14:52,525 INFO c.h.h.t.HelmChartContainer - [hivemq-test-hivemq-platform] [hivemq-platform-operator] [6198c6fa] 18:14:52.525 [ReconcilerExecutor-hivemq-controller-98] DEBUG c.h.p.o.HiveMQPlatformReconciler - [helmrest] StatefulSet Status (revision: test-hivemq-platform-bbf59449c, replicas: 1, available: 0, ready: 0, current: 1, updated: 1)
2025-01-30 18:14:52,525 INFO c.h.h.t.HelmChartContainer - [hivemq-test-hivemq-platform] [hivemq-platform-operator] [6198c6fa] 18:14:52.525 [ReconcilerExecutor-hivemq-controller-98] DEBUG c.h.p.o.HiveMQPlatformReconciler - [helmrest] StatefulSet Spec (replicas: 1, init containers: 1, containers: 1, volumes: 5)
2025-01-30 18:14:52,533 INFO c.h.h.t.HelmChartContainer - [hivemq-test-hivemq-platform] [hivemq-platform-operator] [6198c6fa] 18:14:52.531 [ReconcilerExecutor-hivemq-controller-98] DEBUG c.h.p.o.h.HiveMQPlatformReconcilerErrorHandler - [helmrest] Pod 'test-hivemq-platform-0' phase Pending
2025-01-30 18:14:52,533 INFO c.h.h.t.HelmChartContainer - [hivemq-test-hivemq-platform] [hivemq-platform-operator] [6198c6fa] 18:14:52.532 [ReconcilerExecutor-hivemq-controller-98] DEBUG c.h.p.o.h.HiveMQPlatformReconcilerErrorHandler - [helmrest] Pod 'test-hivemq-platform-0' condition 'PodReadyToStartContainers': True
2025-01-30 18:14:52,534 INFO c.h.h.t.HelmChartContainer - [hivemq-test-hivemq-platform] [hivemq-platform-operator] [6198c6fa] 18:14:52.532 [ReconcilerExecutor-hivemq-controller-98] DEBUG c.h.p.o.h.HiveMQPlatformReconcilerErrorHandler - [helmrest] Pod 'test-hivemq-platform-0' condition 'Initialized': True
2025-01-30 18:14:52,534 INFO c.h.h.t.HelmChartContainer - [hivemq-test-hivemq-platform] [hivemq-platform-operator] [6198c6fa] 18:14:52.532 [ReconcilerExecutor-hivemq-controller-98] DEBUG c.h.p.o.h.HiveMQPlatformReconcilerErrorHandler - [helmrest] Pod 'test-hivemq-platform-0' condition 'Ready': False
2025-01-30 18:14:52,534 INFO c.h.h.t.HelmChartContainer - [hivemq-test-hivemq-platform] [hivemq-platform-operator] [6198c6fa] 18:14:52.532 [ReconcilerExecutor-hivemq-controller-98] DEBUG c.h.p.o.h.HiveMQPlatformReconcilerErrorHandler - [helmrest] Pod 'test-hivemq-platform-0' condition 'ContainersReady': False
2025-01-30 18:14:52,534 INFO c.h.h.t.HelmChartContainer - [hivemq-test-hivemq-platform] [hivemq-platform-operator] [6198c6fa] 18:14:52.532 [ReconcilerExecutor-hivemq-controller-98] DEBUG c.h.p.o.h.HiveMQPlatformReconcilerErrorHandler - [helmrest] Pod 'test-hivemq-platform-0' condition 'PodScheduled': True
2025-01-30 18:14:52,534 INFO c.h.h.t.HelmChartContainer - [hivemq-test-hivemq-platform] [hivemq-platform-operator] [6198c6fa] 18:14:52.532 [ReconcilerExecutor-hivemq-controller-98] DEBUG c.h.p.o.h.HiveMQPlatformReconcilerErrorHandler - [helmrest] Pod 'test-hivemq-platform-0' containerStatus 'hivemq' (started: false) (ready: false) (waiting: [PodInitializing] null)
2025-01-30 18:14:52,534 INFO c.h.h.t.HelmChartContainer - [hivemq-test-hivemq-platform] [hivemq-platform-operator] [6198c6fa] 18:14:52.533 [ReconcilerExecutor-hivemq-controller-98] INFO  c.h.p.o.h.HiveMQPlatformReconcilerBaseHandler - [helmrest] HiveMQ Platform is starting, 0 of 1 replicas are ready
2025-01-30 18:14:53,780 INFO c.h.h.t.HelmChartContainer - [EVENT] Normal [Created] Created container: hivemq [helmrestapiit:test-hivemq-platform-0]
2025-01-30 18:14:53,781 INFO c.h.h.t.HelmChartContainer - Received Created event for container hivemq in pod test-hivemq-platform-0 [7ddbfea8-f9b0-409f-b5c8-0aa2f535261d]
2025-01-30 18:14:54,440 INFO c.h.h.t.HelmChartContainer - [POD] test-hivemq-platform-0 [7ddbfea8-f9b0-409f-b5c8-0aa2f535261d] in helmrestapiit was MODIFIED
2025-01-30 18:14:54,445 INFO c.h.h.t.HelmChartContainer - [hivemq-test-hivemq-platform] [hivemq-platform-operator] [6198c6fa] 18:14:54.437 [pool-6-thread-5] DEBUG c.h.p.o.d.PlatformServiceResource - [helmrest] Desired Platform services (2 services)
2025-01-30 18:14:54,451 INFO c.h.h.t.HelmChartContainer - [hivemq-test-hivemq-platform] [hivemq-platform-operator] [6198c6fa] 18:14:54.446 [pool-6-thread-5] DEBUG c.h.p.o.d.PodServiceAccountResource - [helmrest] Desired PodServiceAccountResource (serviceAccountName: hivemq-platform-pod-test-hivemq-platform)
2025-01-30 18:14:54,452 INFO c.h.h.t.HelmChartContainer - [hivemq-test-hivemq-platform] [hivemq-platform-operator] [6198c6fa] 18:14:54.448 [pool-6-thread-6] DEBUG c.h.p.o.dependants.PodInfoConfigMap - [helmrest] Desired PodInfo ConfigMap (2 extensions) (1 enabled)
2025-01-30 18:14:54,453 INFO c.h.h.t.HelmChartContainer - [hivemq-test-hivemq-platform] [hivemq-platform-operator] [6198c6fa] 18:14:54.448 [pool-6-thread-6] DEBUG c.h.p.o.dependants.PodInfoConfigMap - [helmrest] Desired PodInfo ConfigMap (metrics port: 9399) (metrics path: /)
2025-01-30 18:14:54,453 INFO c.h.h.t.HelmChartContainer - [hivemq-test-hivemq-platform] [hivemq-platform-operator] [6198c6fa] 18:14:54.448 [pool-6-thread-6] DEBUG c.h.p.o.dependants.PodInfoConfigMap - [helmrest] Desired PodInfo ConfigMap (extension state hash: -1594800698)
2025-01-30 18:14:54,462 INFO c.h.h.t.HelmChartContainer - [EVENT] Normal [Started] Started container hivemq [helmrestapiit:test-hivemq-platform-0]
2025-01-30 18:14:54,462 INFO c.h.h.t.HelmChartContainer - Received Started event for container hivemq in pod test-hivemq-platform-0 [7ddbfea8-f9b0-409f-b5c8-0aa2f535261d]
2025-01-30 18:14:54,462 INFO c.h.h.t.HelmChartContainer - Started log watcher for hivemq in pod test-hivemq-platform-0 [7ddbfea8-f9b0-409f-b5c8-0aa2f535261d]
2025-01-30 18:14:54,463 INFO c.h.h.t.HelmChartContainer - [hivemq-test-hivemq-platform] [hivemq-platform-operator] [6198c6fa] 18:14:54.461 [pool-6-thread-10] DEBUG c.h.p.o.d.StatefulSetResource - [helmrest] Desired StatefulSet (1 replicas) for status STARTING (READY)
2025-01-30 18:14:54,463 INFO c.h.h.t.HelmChartContainer - [test-hivemq-platform] [hivemq] [7ddbfea8] Adding pre-installed HiveMQ Platform Operator extensions
2025-01-30 18:14:54,463 INFO c.h.h.t.HelmChartContainer - [test-hivemq-platform] [hivemq] [7ddbfea8] Running as user 10000
2025-01-30 18:14:54,463 INFO c.h.h.t.HelmChartContainer - [test-hivemq-platform] [hivemq] [7ddbfea8] Starting HiveMQ Platform Operator Init
2025-01-30 18:14:54,524 INFO c.h.h.t.HelmChartContainer - [hivemq-test-hivemq-platform] [hivemq-platform-operator] [6198c6fa] 18:14:54.521 [ReconcilerExecutor-hivemq-controller-109] INFO  c.h.p.o.HiveMQPlatformReconciler - [helmrest] Reconciling HiveMQ Platform 'test-hivemq-platform' in namespace 'helmrestapiit'
2025-01-30 18:14:54,524 INFO c.h.h.t.HelmChartContainer - [hivemq-test-hivemq-platform] [hivemq-platform-operator] [6198c6fa] 18:14:54.522 [ReconcilerExecutor-hivemq-controller-109] DEBUG c.h.p.o.HiveMQPlatformReconciler - [helmrest] Custom Resource Status STARTING - HiveMQ Platform is starting (READY)
2025-01-30 18:14:54,524 INFO c.h.h.t.HelmChartContainer - [hivemq-test-hivemq-platform] [hivemq-platform-operator] [6198c6fa] 18:14:54.522 [ReconcilerExecutor-hivemq-controller-109] DEBUG c.h.p.o.HiveMQPlatformReconciler - [helmrest] Custom Resource Spec (replicas: 1) (extensions: 2)
2025-01-30 18:14:54,527 INFO c.h.h.t.HelmChartContainer - [hivemq-test-hivemq-platform] [hivemq-platform-operator] [6198c6fa] 18:14:54.526 [ReconcilerExecutor-hivemq-controller-109] DEBUG c.h.p.o.HiveMQPlatformReconciler - [helmrest] StatefulSet Status (revision: test-hivemq-platform-bbf59449c, replicas: 1, available: 0, ready: 0, current: 1, updated: 1)
2025-01-30 18:14:54,529 INFO c.h.h.t.HelmChartContainer - [hivemq-test-hivemq-platform] [hivemq-platform-operator] [6198c6fa] 18:14:54.527 [ReconcilerExecutor-hivemq-controller-109] DEBUG c.h.p.o.HiveMQPlatformReconciler - [helmrest] StatefulSet Spec (replicas: 1, init containers: 1, containers: 1, volumes: 5)
2025-01-30 18:14:54,530 INFO c.h.h.t.HelmChartContainer - [hivemq-test-hivemq-platform] [hivemq-platform-operator] [6198c6fa] 18:14:54.529 [ReconcilerExecutor-hivemq-controller-109] DEBUG c.h.p.o.h.HiveMQPlatformReconcilerErrorHandler - [helmrest] Pod 'test-hivemq-platform-0' phase Running
2025-01-30 18:14:54,531 INFO c.h.h.t.HelmChartContainer - [hivemq-test-hivemq-platform] [hivemq-platform-operator] [6198c6fa] 18:14:54.531 [ReconcilerExecutor-hivemq-controller-109] INFO  c.h.p.o.h.HiveMQPlatformReconcilerBaseHandler - [helmrest] HiveMQ Platform is starting, 0 of 1 replicas are ready
2025-01-30 18:14:55,090 INFO c.h.h.t.HelmChartContainer - [test-hivemq-platform] [hivemq] [7ddbfea8] INFO  - [HiveMQ Platform Operator Init 1.7.0-SNAPSHOT] HiveMQ Platform Operator Init 1.7.0-SNAPSHOT (commit: 47e3375 on branch: HEAD) built on Thu Jan 30 03:55:50 UTC 2025
2025-01-30 18:14:56,352 INFO c.h.h.t.HelmChartContainer - [test-hivemq-platform] [hivemq] [7ddbfea8] INFO  - [HiveMQ Platform Operator Init App 1.7.0-SNAPSHOT] Using bind address 10.42.0.8 from environment variable
2025-01-30 18:14:57,188 INFO c.h.h.t.HelmChartContainer - [test-hivemq-platform] [hivemq] [7ddbfea8] INFO  - [HiveMQ Platform Operator Init App 1.7.0-SNAPSHOT] HiveMQ Platform Operator Init App 1.7.0-SNAPSHOT (commit: 47e3375 on branch: HEAD) built on Thu Jan 30 03:55:50 UTC 2025
2025-01-30 18:14:57,188 INFO c.h.h.t.HelmChartContainer - [test-hivemq-platform] [hivemq] [7ddbfea8] INFO  - [HiveMQ Platform Operator Init App 1.7.0-SNAPSHOT] PodInfo ConfigMap directory: /etc/podinfo
2025-01-30 18:14:57,188 INFO c.h.h.t.HelmChartContainer - [test-hivemq-platform] [hivemq] [7ddbfea8] INFO  - [HiveMQ Platform Operator Init App 1.7.0-SNAPSHOT] HiveMQ home directory: /opt/hivemq
2025-01-30 18:14:57,188 INFO c.h.h.t.HelmChartContainer - [test-hivemq-platform] [hivemq] [7ddbfea8] INFO  - [HiveMQ Platform Operator Init App 1.7.0-SNAPSHOT] HiveMQ Logback folder: /opt/hivemq/conf
2025-01-30 18:14:57,190 INFO c.h.h.t.HelmChartContainer - [test-hivemq-platform] [hivemq] [7ddbfea8] INFO  - [HiveMQ Platform Operator Init App 1.7.0-SNAPSHOT] HiveMQ Config folder: /opt/hivemq/conf-k8s
2025-01-30 18:14:57,190 INFO c.h.h.t.HelmChartContainer - [test-hivemq-platform] [hivemq] [7ddbfea8] INFO  - [HiveMQ Platform Operator Init App 1.7.0-SNAPSHOT] Starting HiveMQ Platform Operator Init App
2025-01-30 18:14:57,190 INFO c.h.h.t.HelmChartContainer - [test-hivemq-platform] [hivemq] [7ddbfea8] INFO  - [HiveMQ Platform Operator Init App 1.7.0-SNAPSHOT] Starting Pod reconciler
2025-01-30 18:14:58,447 INFO c.h.h.t.HelmChartContainer - [test-hivemq-platform] [hivemq] [7ddbfea8] INFO  - [HiveMQ Platform Operator Init App 1.7.0-SNAPSHOT] Pod reconciler is scheduled (interval: 5000 ms)
2025-01-30 18:14:58,448 INFO c.h.h.t.HelmChartContainer - [test-hivemq-platform] [hivemq] [7ddbfea8] INFO  - [HiveMQ Platform Operator Init App 1.7.0-SNAPSHOT] Starting the REST API on 10.42.0.8:7979
2025-01-30 18:14:58,450 INFO c.h.h.t.HelmChartContainer - [test-hivemq-platform] [hivemq] [7ddbfea8] INFO  - [HiveMQ Platform Operator Init App 1.7.0-SNAPSHOT] Waiting up to 600s for at most 1 HiveMQ nodes in cluster service hivemq-test-hivemq-platform-cluster.helmrestapiit.svc
2025-01-30 18:14:58,843 INFO c.h.h.t.HelmChartContainer - [test-hivemq-platform] [hivemq] [7ddbfea8] INFO  - [HiveMQ Platform Operator Init App 1.7.0-SNAPSHOT] Resolved 1 IP addresses: [10.42.0.8]
2025-01-30 18:14:58,843 INFO c.h.h.t.HelmChartContainer - [test-hivemq-platform] [hivemq] [7ddbfea8] INFO  - [HiveMQ Platform Operator Init App 1.7.0-SNAPSHOT] HiveMQ node count of 1 is within threshold of 1
2025-01-30 18:14:58,843 INFO c.h.h.t.HelmChartContainer - [test-hivemq-platform] [hivemq] [7ddbfea8] INFO  - [HiveMQ Platform Operator Init App 1.7.0-SNAPSHOT] Proceeding with container start
2025-01-30 18:14:58,943 INFO c.h.h.t.HelmChartContainer - [test-hivemq-platform] [hivemq] [7ddbfea8] INFO  - [HiveMQ Platform Operator Init App 1.7.0-SNAPSHOT] Initializing HiveMQ Platform extensions with initial configuration: {hivemq-allow-all-extension={start-priority=-1, skip-https-hostname-verification=false, restart=true, config-version=0, header-version=0, c-uri=, priority=-1, uri=preinstalled, skip-https-certificate-validation=false, enabled=false}, hivemq-enterprise-security-extension={start-priority=-1, skip-https-hostname-verification=false, restart=true, config-version=769, header-version=0, c-uri=, priority=-1, uri=preinstalled, skip-https-certificate-validation=false, enabled=true}, hivemq-prometheus-extension={enabled=true, request-header-path=no-request-headers, uri=preinstalled, skip-https-certificate-validation=false, skip-https-hostname-verification=false, c-uri=, start-priority=-1, priority=-1, restart=true}}
2025-01-30 18:14:58,944 INFO c.h.h.t.HelmChartContainer - [test-hivemq-platform] [hivemq] [7ddbfea8] INFO  - [HiveMQ Platform Operator Init App 1.7.0-SNAPSHOT] Successfully disabled extension hivemq-allow-all-extension
2025-01-30 18:14:59,392 INFO c.h.h.t.HelmChartContainer - [test-hivemq-platform] [hivemq] [7ddbfea8] INFO  - [HiveMQ Platform Operator Init App 1.7.0-SNAPSHOT] Successfully enabled extension hivemq-enterprise-security-extension
2025-01-30 18:14:59,485 INFO c.h.h.t.HelmChartContainer - [test-hivemq-platform] [hivemq] [7ddbfea8] INFO  - [HiveMQ Platform Operator Init App 1.7.0-SNAPSHOT] Successfully enabled extension hivemq-prometheus-extension
2025-01-30 18:14:59,486 INFO c.h.h.t.HelmChartContainer - [test-hivemq-platform] [hivemq] [7ddbfea8] INFO  - [HiveMQ Platform Operator Init App 1.7.0-SNAPSHOT] Starting HiveMQ Platform version 4.36.0 (4.36.0)
2025-01-30 18:14:59,487 INFO c.h.h.t.HelmChartContainer - [test-hivemq-platform] [hivemq] [7ddbfea8] INFO  - [HiveMQ Platform Operator Init App 1.7.0-SNAPSHOT] Configuring the HiveMQ Platform
2025-01-30 18:14:59,583 INFO c.h.h.t.HelmChartContainer - [test-hivemq-platform] [hivemq] [7ddbfea8] INFO  - [HiveMQ Platform Operator Init App 1.7.0-SNAPSHOT] Changed logback.xml file scan period to 20 seconds
2025-01-30 18:14:59,642 INFO c.h.h.t.HelmChartContainer - [test-hivemq-platform] [hivemq] [7ddbfea8] INFO  - [HiveMQ Platform Operator Init App 1.7.0-SNAPSHOT] Starting the HiveMQ Platform
2025-01-30 18:14:59,645 INFO c.h.h.t.HelmChartContainer - [test-hivemq-platform] [hivemq] [7ddbfea8] -------------------------------------------------------------------------
2025-01-30 18:14:59,645 INFO c.h.h.t.HelmChartContainer - [test-hivemq-platform] [hivemq] [7ddbfea8] 
2025-01-30 18:14:59,646 INFO c.h.h.t.HelmChartContainer - [test-hivemq-platform] [hivemq] [7ddbfea8]                   _    _  _              __  __   ____
2025-01-30 18:14:59,646 INFO c.h.h.t.HelmChartContainer - [test-hivemq-platform] [hivemq] [7ddbfea8]                  | |  | |(_)            |  \/  | / __ \
2025-01-30 18:14:59,646 INFO c.h.h.t.HelmChartContainer - [test-hivemq-platform] [hivemq] [7ddbfea8]                  | |__| | _ __   __ ___ | \  / || |  | |
2025-01-30 18:14:59,646 INFO c.h.h.t.HelmChartContainer - [test-hivemq-platform] [hivemq] [7ddbfea8]                  |  __  || |\ \ / // _ \| |\/| || |  | |
2025-01-30 18:14:59,646 INFO c.h.h.t.HelmChartContainer - [test-hivemq-platform] [hivemq] [7ddbfea8]                  | |  | || | \ V /|  __/| |  | || |__| |
2025-01-30 18:14:59,646 INFO c.h.h.t.HelmChartContainer - [test-hivemq-platform] [hivemq] [7ddbfea8]                  |_|  |_||_|  \_/  \___||_|  |_| \___\_\
2025-01-30 18:14:59,646 INFO c.h.h.t.HelmChartContainer - [test-hivemq-platform] [hivemq] [7ddbfea8] 
2025-01-30 18:14:59,646 INFO c.h.h.t.HelmChartContainer - [test-hivemq-platform] [hivemq] [7ddbfea8] -------------------------------------------------------------------------
2025-01-30 18:14:59,646 INFO c.h.h.t.HelmChartContainer - [test-hivemq-platform] [hivemq] [7ddbfea8] 
2025-01-30 18:14:59,646 INFO c.h.h.t.HelmChartContainer - [test-hivemq-platform] [hivemq] [7ddbfea8]   HiveMQ Start Script for Linux/Unix v1.14
2025-01-30 18:14:59,646 INFO c.h.h.t.HelmChartContainer - [test-hivemq-platform] [hivemq] [7ddbfea8] 
2025-01-30 18:14:59,747 INFO c.h.h.t.HelmChartContainer - [test-hivemq-platform] [hivemq] [7ddbfea8] -------------------------------------------------------------------------
2025-01-30 18:14:59,747 INFO c.h.h.t.HelmChartContainer - [test-hivemq-platform] [hivemq] [7ddbfea8] 
2025-01-30 18:14:59,747 INFO c.h.h.t.HelmChartContainer - [test-hivemq-platform] [hivemq] [7ddbfea8]   HIVEMQ_HOME: /opt/hivemq
2025-01-30 18:14:59,747 INFO c.h.h.t.HelmChartContainer - [test-hivemq-platform] [hivemq] [7ddbfea8] 
2025-01-30 18:14:59,747 INFO c.h.h.t.HelmChartContainer - [test-hivemq-platform] [hivemq] [7ddbfea8]   JAVA_OPTS: -XX:+UnlockExperimentalVMOptions -XX:InitialRAMPercentage=50 -XX:MaxRAMPercentage=50 -Djava.net.preferIPv4Stack=true --add-opens java.base/java.lang=ALL-UNNAMED --add-opens java.base/java.nio=ALL-UNNAMED --add-opens java.base/sun.nio.ch=ALL-UNNAMED --add-opens jdk.management/com.sun.management.internal=ALL-UNNAMED --add-exports java.base/jdk.internal.misc=ALL-UNNAMED -Djava.security.egd=file:/dev/./urandom -Dcom.sun.management.jmxremote -Dcom.sun.management.jmxremote.port=9010 -Dcom.sun.management.jmxremote.local.only=false -Dcom.sun.management.jmxremote.authenticate=false -Dcom.sun.management.jmxremote.ssl=false -Duser.language=en -Duser.region=US -XX:+CrashOnOutOfMemoryError -XX:+HeapDumpOnOutOfMemoryError
2025-01-30 18:14:59,747 INFO c.h.h.t.HelmChartContainer - [test-hivemq-platform] [hivemq] [7ddbfea8] 
2025-01-30 18:14:59,747 INFO c.h.h.t.HelmChartContainer - [test-hivemq-platform] [hivemq] [7ddbfea8]   JAVA_VERSION: 21
2025-01-30 18:14:59,747 INFO c.h.h.t.HelmChartContainer - [test-hivemq-platform] [hivemq] [7ddbfea8] 
2025-01-30 18:14:59,747 INFO c.h.h.t.HelmChartContainer - [test-hivemq-platform] [hivemq] [7ddbfea8] -------------------------------------------------------------------------
2025-01-30 18:14:59,747 INFO c.h.h.t.HelmChartContainer - [test-hivemq-platform] [hivemq] [7ddbfea8] 
2025-01-30 18:15:00,488 INFO c.h.h.t.HelmChartContainer - [test-hivemq-platform] [hivemq] [7ddbfea8] INFO  - [HiveMQ Platform Operator Init App 1.7.0-SNAPSHOT] Returning default Health API response 503 for readiness
2025-01-30 18:15:00,989 INFO c.h.h.t.HelmChartContainer - [EVENT] Warning [Unhealthy] Readiness probe failed: HTTP probe failed with statuscode: 503 [helmrestapiit:test-hivemq-platform-0]
2025-01-30 18:15:00,989 INFO c.h.h.t.HelmChartContainer - Received Unhealthy event for container hivemq in pod test-hivemq-platform-0 [7ddbfea8-f9b0-409f-b5c8-0aa2f535261d]
2025-01-30 18:15:02,451 INFO c.h.h.t.HelmChartContainer - [test-hivemq-platform] [hivemq] [7ddbfea8] INFO  - Starting HiveMQ Enterprise Server
2025-01-30 18:15:02,489 INFO c.h.h.t.HelmChartContainer - [test-hivemq-platform] [hivemq] [7ddbfea8] INFO  - HiveMQ version: 4.36.0
2025-01-30 18:15:02,489 INFO c.h.h.t.HelmChartContainer - [test-hivemq-platform] [hivemq] [7ddbfea8] INFO  - HiveMQ home directory: /opt/hivemq
2025-01-30 18:15:02,490 INFO c.h.h.t.HelmChartContainer - [test-hivemq-platform] [hivemq] [7ddbfea8] INFO  - Log Configuration was overridden by /opt/hivemq/conf/logback.xml
2025-01-30 18:15:03,846 INFO c.h.h.t.HelmChartContainer - [test-hivemq-platform] [hivemq] [7ddbfea8] INFO  - Successfully loaded configuration from '/opt/hivemq/conf-k8s/config.xml'.
2025-01-30 18:15:04,538 INFO c.h.h.t.HelmChartContainer - [hivemq-test-hivemq-platform] [hivemq-platform-operator] [6198c6fa] 18:15:04.535 [pool-6-thread-11] DEBUG c.h.p.o.d.PlatformServiceResource - [helmrest] Desired Platform services (2 services)
2025-01-30 18:15:04,540 INFO c.h.h.t.HelmChartContainer - [hivemq-test-hivemq-platform] [hivemq-platform-operator] [6198c6fa] 18:15:04.539 [pool-6-thread-15] DEBUG c.h.p.o.dependants.PodInfoConfigMap - [helmrest] Desired PodInfo ConfigMap (2 extensions) (1 enabled)
2025-01-30 18:15:04,540 INFO c.h.h.t.HelmChartContainer - [hivemq-test-hivemq-platform] [hivemq-platform-operator] [6198c6fa] 18:15:04.539 [pool-6-thread-15] DEBUG c.h.p.o.dependants.PodInfoConfigMap - [helmrest] Desired PodInfo ConfigMap (metrics port: 9399) (metrics path: /)
2025-01-30 18:15:04,540 INFO c.h.h.t.HelmChartContainer - [hivemq-test-hivemq-platform] [hivemq-platform-operator] [6198c6fa] 18:15:04.540 [pool-6-thread-15] DEBUG c.h.p.o.dependants.PodInfoConfigMap - [helmrest] Desired PodInfo ConfigMap (extension state hash: -1594800698)
2025-01-30 18:15:04,542 INFO c.h.h.t.HelmChartContainer - [hivemq-test-hivemq-platform] [hivemq-platform-operator] [6198c6fa] 18:15:04.541 [pool-6-thread-19] DEBUG c.h.p.o.d.PodServiceAccountResource - [helmrest] Desired PodServiceAccountResource (serviceAccountName: hivemq-platform-pod-test-hivemq-platform)
2025-01-30 18:15:04,546 INFO c.h.h.t.HelmChartContainer - [hivemq-test-hivemq-platform] [hivemq-platform-operator] [6198c6fa] 18:15:04.545 [pool-6-thread-11] DEBUG c.h.p.o.d.StatefulSetResource - [helmrest] Desired StatefulSet (1 replicas) for status STARTING (READY)
2025-01-30 18:15:04,556 INFO c.h.h.t.HelmChartContainer - [hivemq-test-hivemq-platform] [hivemq-platform-operator] [6198c6fa] 18:15:04.555 [ReconcilerExecutor-hivemq-controller-110] INFO  c.h.p.o.HiveMQPlatformReconciler - [helmrest] Reconciling HiveMQ Platform 'test-hivemq-platform' in namespace 'helmrestapiit'
2025-01-30 18:15:04,557 INFO c.h.h.t.HelmChartContainer - [hivemq-test-hivemq-platform] [hivemq-platform-operator] [6198c6fa] 18:15:04.555 [ReconcilerExecutor-hivemq-controller-110] DEBUG c.h.p.o.HiveMQPlatformReconciler - [helmrest] Custom Resource Status STARTING - HiveMQ Platform is starting (READY)
2025-01-30 18:15:04,557 INFO c.h.h.t.HelmChartContainer - [hivemq-test-hivemq-platform] [hivemq-platform-operator] [6198c6fa] 18:15:04.555 [ReconcilerExecutor-hivemq-controller-110] DEBUG c.h.p.o.HiveMQPlatformReconciler - [helmrest] Custom Resource Spec (replicas: 1) (extensions: 2)
2025-01-30 18:15:04,620 INFO c.h.h.t.HelmChartContainer - [hivemq-test-hivemq-platform] [hivemq-platform-operator] [6198c6fa] 18:15:04.617 [ReconcilerExecutor-hivemq-controller-110] DEBUG c.h.p.o.HiveMQPlatformReconciler - [helmrest] StatefulSet Status (revision: test-hivemq-platform-bbf59449c, replicas: 1, available: 0, ready: 0, current: 1, updated: 1)
2025-01-30 18:15:04,620 INFO c.h.h.t.HelmChartContainer - [hivemq-test-hivemq-platform] [hivemq-platform-operator] [6198c6fa] 18:15:04.617 [ReconcilerExecutor-hivemq-controller-110] DEBUG c.h.p.o.HiveMQPlatformReconciler - [helmrest] StatefulSet Spec (replicas: 1, init containers: 1, containers: 1, volumes: 5)
2025-01-30 18:15:04,620 INFO c.h.h.t.HelmChartContainer - [hivemq-test-hivemq-platform] [hivemq-platform-operator] [6198c6fa] 18:15:04.618 [ReconcilerExecutor-hivemq-controller-110] DEBUG c.h.p.o.h.HiveMQPlatformReconcilerErrorHandler - [helmrest] Pod 'test-hivemq-platform-0' phase Running
2025-01-30 18:15:04,621 INFO c.h.h.t.HelmChartContainer - [hivemq-test-hivemq-platform] [hivemq-platform-operator] [6198c6fa] 18:15:04.620 [ReconcilerExecutor-hivemq-controller-110] INFO  c.h.p.o.h.HiveMQPlatformReconcilerBaseHandler - [helmrest] HiveMQ Platform is starting, 0 of 1 replicas are ready
2025-01-30 18:15:04,647 INFO c.h.h.t.HelmChartContainer - [test-hivemq-platform] [hivemq] [7ddbfea8] INFO  - This node's ID is 99ztp
2025-01-30 18:15:04,647 INFO c.h.h.t.HelmChartContainer - [test-hivemq-platform] [hivemq] [7ddbfea8] INFO  - Clustering is enabled
2025-01-30 18:15:05,888 INFO c.h.h.t.HelmChartContainer - [test-hivemq-platform] [hivemq] [7ddbfea8] WARN  - [HiveMQ Platform Operator Init App 1.7.0-SNAPSHOT] Cannot connect to Health API for readiness: null
2025-01-30 18:15:05,893 INFO c.h.h.t.HelmChartContainer - [EVENT] Warning [Unhealthy] Readiness probe failed: HTTP probe failed with statuscode: 503 [helmrestapiit:test-hivemq-platform-0]
2025-01-30 18:15:05,893 INFO c.h.h.t.HelmChartContainer - Received Unhealthy event for container hivemq in pod test-hivemq-platform-0 [7ddbfea8-f9b0-409f-b5c8-0aa2f535261d]
2025-01-30 18:15:09,588 INFO c.h.h.t.HelmChartContainer - [test-hivemq-platform] [hivemq] [7ddbfea8] INFO  - [HiveMQ Platform Operator Init App 1.7.0-SNAPSHOT] Updating Pod HiveMQ Platform Operator Init App version annotation (version: 1.7.0-SNAPSHOT)
2025-01-30 18:15:09,590 INFO c.h.h.t.HelmChartContainer - [test-hivemq-platform] [hivemq] [7ddbfea8] Jan 30, 2025 6:15:09 PM io.vertx.core.impl.BlockedThreadChecker
2025-01-30 18:15:09,591 INFO c.h.h.t.HelmChartContainer - [test-hivemq-platform] [hivemq] [7ddbfea8] WARNING: Thread Thread[vert.x-eventloop-thread-1,5,main] has been blocked for 2898 ms, time limit is 2000 ms
2025-01-30 18:15:10,447 INFO c.h.h.t.HelmChartContainer - [test-hivemq-platform] [hivemq] [7ddbfea8] WARN  - [HiveMQ Platform Operator Init App 1.7.0-SNAPSHOT] Cannot connect to Health API for readiness: null
2025-01-30 18:15:10,451 INFO c.h.h.t.HelmChartContainer - [EVENT] Warning [Unhealthy] Readiness probe failed: HTTP probe failed with statuscode: 503 [helmrestapiit:test-hivemq-platform-0]
2025-01-30 18:15:10,452 INFO c.h.h.t.HelmChartContainer - Received Unhealthy event for container hivemq in pod test-hivemq-platform-0 [7ddbfea8-f9b0-409f-b5c8-0aa2f535261d]
2025-01-30 18:15:10,589 INFO c.h.h.t.HelmChartContainer - [POD] test-hivemq-platform-0 [7ddbfea8-f9b0-409f-b5c8-0aa2f535261d] in helmrestapiit was MODIFIED
2025-01-30 18:15:10,598 INFO c.h.h.t.HelmChartContainer - [hivemq-test-hivemq-platform] [hivemq-platform-operator] [6198c6fa] 18:15:10.597 [pool-6-thread-27] DEBUG c.h.p.o.d.PlatformServiceResource - [helmrest] Desired Platform services (2 services)
2025-01-30 18:15:10,601 INFO c.h.h.t.HelmChartContainer - [hivemq-test-hivemq-platform] [hivemq-platform-operator] [6198c6fa] 18:15:10.599 [pool-6-thread-22] DEBUG c.h.p.o.dependants.PodInfoConfigMap - [helmrest] Desired PodInfo ConfigMap (2 extensions) (1 enabled)
2025-01-30 18:15:10,602 INFO c.h.h.t.HelmChartContainer - [hivemq-test-hivemq-platform] [hivemq-platform-operator] [6198c6fa] 18:15:10.599 [pool-6-thread-22] DEBUG c.h.p.o.dependants.PodInfoConfigMap - [helmrest] Desired PodInfo ConfigMap (metrics port: 9399) (metrics path: /)
2025-01-30 18:15:10,602 INFO c.h.h.t.HelmChartContainer - [hivemq-test-hivemq-platform] [hivemq-platform-operator] [6198c6fa] 18:15:10.600 [pool-6-thread-21] DEBUG c.h.p.o.d.PodServiceAccountResource - [helmrest] Desired PodServiceAccountResource (serviceAccountName: hivemq-platform-pod-test-hivemq-platform)
2025-01-30 18:15:10,605 INFO c.h.h.t.HelmChartContainer - [hivemq-test-hivemq-platform] [hivemq-platform-operator] [6198c6fa] 18:15:10.601 [pool-6-thread-22] DEBUG c.h.p.o.dependants.PodInfoConfigMap - [helmrest] Desired PodInfo ConfigMap (extension state hash: -1594800698)
2025-01-30 18:15:10,606 INFO c.h.h.t.HelmChartContainer - [hivemq-test-hivemq-platform] [hivemq-platform-operator] [6198c6fa] 18:15:10.605 [pool-6-thread-26] DEBUG c.h.p.o.d.StatefulSetResource - [helmrest] Desired StatefulSet (1 replicas) for status STARTING (READY)
2025-01-30 18:15:10,611 INFO c.h.h.t.HelmChartContainer - [hivemq-test-hivemq-platform] [hivemq-platform-operator] [6198c6fa] 18:15:10.610 [ReconcilerExecutor-hivemq-controller-111] INFO  c.h.p.o.HiveMQPlatformReconciler - [helmrest] Reconciling HiveMQ Platform 'test-hivemq-platform' in namespace 'helmrestapiit'
2025-01-30 18:15:10,611 INFO c.h.h.t.HelmChartContainer - [hivemq-test-hivemq-platform] [hivemq-platform-operator] [6198c6fa] 18:15:10.610 [ReconcilerExecutor-hivemq-controller-111] DEBUG c.h.p.o.HiveMQPlatformReconciler - [helmrest] Custom Resource Status STARTING - HiveMQ Platform is starting (READY)
2025-01-30 18:15:10,611 INFO c.h.h.t.HelmChartContainer - [hivemq-test-hivemq-platform] [hivemq-platform-operator] [6198c6fa] 18:15:10.610 [ReconcilerExecutor-hivemq-controller-111] DEBUG c.h.p.o.HiveMQPlatformReconciler - [helmrest] Custom Resource Spec (replicas: 1) (extensions: 2)
2025-01-30 18:15:10,626 INFO c.h.h.t.HelmChartContainer - [hivemq-test-hivemq-platform] [hivemq-platform-operator] [6198c6fa] 18:15:10.618 [ReconcilerExecutor-hivemq-controller-111] DEBUG c.h.p.o.HiveMQPlatformReconciler - [helmrest] StatefulSet Status (revision: test-hivemq-platform-bbf59449c, replicas: 1, available: 0, ready: 0, current: 1, updated: 1)
2025-01-30 18:15:10,626 INFO c.h.h.t.HelmChartContainer - [hivemq-test-hivemq-platform] [hivemq-platform-operator] [6198c6fa] 18:15:10.621 [ReconcilerExecutor-hivemq-controller-111] DEBUG c.h.p.o.HiveMQPlatformReconciler - [helmrest] StatefulSet Spec (replicas: 1, init containers: 1, containers: 1, volumes: 5)
2025-01-30 18:15:10,626 INFO c.h.h.t.HelmChartContainer - [hivemq-test-hivemq-platform] [hivemq-platform-operator] [6198c6fa] 18:15:10.622 [ReconcilerExecutor-hivemq-controller-111] DEBUG c.h.p.o.h.HiveMQPlatformReconcilerErrorHandler - [helmrest] Pod 'test-hivemq-platform-0' phase Running
2025-01-30 18:15:10,626 INFO c.h.h.t.HelmChartContainer - [hivemq-test-hivemq-platform] [hivemq-platform-operator] [6198c6fa] 18:15:10.623 [ReconcilerExecutor-hivemq-controller-111] INFO  c.h.p.o.h.HiveMQPlatformReconcilerBaseHandler - [helmrest] HiveMQ Platform is starting, 0 of 1 replicas are ready
2025-01-30 18:15:10,645 INFO c.h.h.t.HelmChartContainer - [test-hivemq-platform] [hivemq] [7ddbfea8] WARN  - [HiveMQ Platform Operator Init App 1.7.0-SNAPSHOT] Cannot connect to Health API for readiness: null
2025-01-30 18:15:10,683 INFO c.h.h.t.HelmChartContainer - [test-hivemq-platform] [hivemq] [7ddbfea8] INFO  - [HiveMQ Platform Operator Init App 1.7.0-SNAPSHOT] Successfully updated Pod HiveMQ Platform Operator Init App version annotation (version: 1.7.0-SNAPSHOT)
2025-01-30 18:15:10,687 INFO c.h.h.t.HelmChartContainer - [EVENT] Warning [Unhealthy] Readiness probe failed: HTTP probe failed with statuscode: 503 [helmrestapiit:test-hivemq-platform-0]
2025-01-30 18:15:10,687 INFO c.h.h.t.HelmChartContainer - Received Unhealthy event for container hivemq in pod test-hivemq-platform-0 [7ddbfea8-f9b0-409f-b5c8-0aa2f535261d]
2025-01-30 18:15:15,646 INFO c.h.h.t.HelmChartContainer - [test-hivemq-platform] [hivemq] [7ddbfea8] WARN  - [HiveMQ Platform Operator Init App 1.7.0-SNAPSHOT] Cannot connect to Health API for readiness: null
2025-01-30 18:15:15,650 INFO c.h.h.t.HelmChartContainer - [EVENT] Warning [Unhealthy] Readiness probe failed: HTTP probe failed with statuscode: 503 [helmrestapiit:test-hivemq-platform-0]
2025-01-30 18:15:15,650 INFO c.h.h.t.HelmChartContainer - Received Unhealthy event for container hivemq in pod test-hivemq-platform-0 [7ddbfea8-f9b0-409f-b5c8-0aa2f535261d]
2025-01-30 18:15:20,388 INFO c.h.h.t.HelmChartContainer - [test-hivemq-platform] [hivemq] [7ddbfea8] WARN  - [HiveMQ Platform Operator Init App 1.7.0-SNAPSHOT] Cannot connect to Health API for liveness: null
2025-01-30 18:15:20,388 INFO c.h.h.t.HelmChartContainer - [test-hivemq-platform] [hivemq] [7ddbfea8] INFO  - [HiveMQ Platform Operator Init App 1.7.0-SNAPSHOT] Returning default Health API response 200 for liveness
2025-01-30 18:15:20,629 INFO c.h.h.t.HelmChartContainer - [hivemq-test-hivemq-platform] [hivemq-platform-operator] [6198c6fa] 18:15:20.626 [pool-6-thread-35] DEBUG c.h.p.o.d.PlatformServiceResource - [helmrest] Desired Platform services (2 services)
2025-01-30 18:15:20,630 INFO c.h.h.t.HelmChartContainer - [hivemq-test-hivemq-platform] [hivemq-platform-operator] [6198c6fa] 18:15:20.628 [pool-6-thread-39] DEBUG c.h.p.o.dependants.PodInfoConfigMap - [helmrest] Desired PodInfo ConfigMap (2 extensions) (1 enabled)
2025-01-30 18:15:20,630 INFO c.h.h.t.HelmChartContainer - [hivemq-test-hivemq-platform] [hivemq-platform-operator] [6198c6fa] 18:15:20.628 [pool-6-thread-39] DEBUG c.h.p.o.dependants.PodInfoConfigMap - [helmrest] Desired PodInfo ConfigMap (metrics port: 9399) (metrics path: /)
2025-01-30 18:15:20,630 INFO c.h.h.t.HelmChartContainer - [hivemq-test-hivemq-platform] [hivemq-platform-operator] [6198c6fa] 18:15:20.628 [pool-6-thread-39] DEBUG c.h.p.o.dependants.PodInfoConfigMap - [helmrest] Desired PodInfo ConfigMap (extension state hash: -1594800698)
2025-01-30 18:15:20,631 INFO c.h.h.t.HelmChartContainer - [hivemq-test-hivemq-platform] [hivemq-platform-operator] [6198c6fa] 18:15:20.629 [pool-6-thread-37] DEBUG c.h.p.o.d.PodServiceAccountResource - [helmrest] Desired PodServiceAccountResource (serviceAccountName: hivemq-platform-pod-test-hivemq-platform)
2025-01-30 18:15:20,636 INFO c.h.h.t.HelmChartContainer - [hivemq-test-hivemq-platform] [hivemq-platform-operator] [6198c6fa] 18:15:20.633 [pool-6-thread-35] DEBUG c.h.p.o.d.StatefulSetResource - [helmrest] Desired StatefulSet (1 replicas) for status STARTING (READY)
2025-01-30 18:15:20,640 INFO c.h.h.t.HelmChartContainer - [hivemq-test-hivemq-platform] [hivemq-platform-operator] [6198c6fa] 18:15:20.638 [ReconcilerExecutor-hivemq-controller-112] INFO  c.h.p.o.HiveMQPlatformReconciler - [helmrest] Reconciling HiveMQ Platform 'test-hivemq-platform' in namespace 'helmrestapiit'
2025-01-30 18:15:20,641 INFO c.h.h.t.HelmChartContainer - [hivemq-test-hivemq-platform] [hivemq-platform-operator] [6198c6fa] 18:15:20.638 [ReconcilerExecutor-hivemq-controller-112] DEBUG c.h.p.o.HiveMQPlatformReconciler - [helmrest] Custom Resource Status STARTING - HiveMQ Platform is starting (READY)
2025-01-30 18:15:20,642 INFO c.h.h.t.HelmChartContainer - [hivemq-test-hivemq-platform] [hivemq-platform-operator] [6198c6fa] 18:15:20.638 [ReconcilerExecutor-hivemq-controller-112] DEBUG c.h.p.o.HiveMQPlatformReconciler - [helmrest] Custom Resource Spec (replicas: 1) (extensions: 2)
2025-01-30 18:15:20,642 INFO c.h.h.t.HelmChartContainer - [hivemq-test-hivemq-platform] [hivemq-platform-operator] [6198c6fa] 18:15:20.640 [ReconcilerExecutor-hivemq-controller-112] DEBUG c.h.p.o.HiveMQPlatformReconciler - [helmrest] StatefulSet Status (revision: test-hivemq-platform-bbf59449c, replicas: 1, available: 0, ready: 0, current: 1, updated: 1)
2025-01-30 18:15:20,642 INFO c.h.h.t.HelmChartContainer - [hivemq-test-hivemq-platform] [hivemq-platform-operator] [6198c6fa] 18:15:20.640 [ReconcilerExecutor-hivemq-controller-112] DEBUG c.h.p.o.HiveMQPlatformReconciler - [helmrest] StatefulSet Spec (replicas: 1, init containers: 1, containers: 1, volumes: 5)
2025-01-30 18:15:20,647 INFO c.h.h.t.HelmChartContainer - [test-hivemq-platform] [hivemq] [7ddbfea8] WARN  - [HiveMQ Platform Operator Init App 1.7.0-SNAPSHOT] Cannot connect to Health API for readiness: null
2025-01-30 18:15:20,652 INFO c.h.h.t.HelmChartContainer - [EVENT] Warning [Unhealthy] Readiness probe failed: HTTP probe failed with statuscode: 503 [helmrestapiit:test-hivemq-platform-0]
2025-01-30 18:15:20,653 INFO c.h.h.t.HelmChartContainer - Received Unhealthy event for container hivemq in pod test-hivemq-platform-0 [7ddbfea8-f9b0-409f-b5c8-0aa2f535261d]
2025-01-30 18:15:20,718 INFO c.h.h.t.HelmChartContainer - [hivemq-test-hivemq-platform] [hivemq-platform-operator] [6198c6fa] 18:15:20.717 [ReconcilerExecutor-hivemq-controller-112] DEBUG c.h.p.o.h.HiveMQPlatformReconcilerErrorHandler - [helmrest] Pod 'test-hivemq-platform-0' phase Running
2025-01-30 18:15:20,719 INFO c.h.h.t.HelmChartContainer - [hivemq-test-hivemq-platform] [hivemq-platform-operator] [6198c6fa] 18:15:20.718 [ReconcilerExecutor-hivemq-controller-112] INFO  c.h.p.o.h.HiveMQPlatformReconcilerBaseHandler - [helmrest] HiveMQ Platform is starting, 0 of 1 replicas are ready
2025-01-30 18:15:22,246 INFO c.h.h.t.HelmChartContainer - [test-hivemq-platform] [hivemq] [7ddbfea8] INFO  - No valid license file found. Using trial license, restricted to 25 connections.
2025-01-30 18:15:24,956 INFO c.h.h.t.HelmChartContainer - [test-hivemq-platform] [hivemq] [7ddbfea8] INFO  - No valid license file for Data Hub found. Using free license, restricted to 1 policy.
2025-01-30 18:15:25,645 INFO c.h.h.t.HelmChartContainer - [test-hivemq-platform] [hivemq] [7ddbfea8] WARN  - [HiveMQ Platform Operator Init App 1.7.0-SNAPSHOT] Cannot connect to Health API for readiness: null
2025-01-30 18:15:25,650 INFO c.h.h.t.HelmChartContainer - [EVENT] Warning [Unhealthy] Readiness probe failed: HTTP probe failed with statuscode: 503 [helmrestapiit:test-hivemq-platform-0]
2025-01-30 18:15:25,650 INFO c.h.h.t.HelmChartContainer - Received Unhealthy event for container hivemq in pod test-hivemq-platform-0 [7ddbfea8-f9b0-409f-b5c8-0aa2f535261d]
2025-01-30 18:15:26,183 INFO c.h.h.t.HelmChartContainer - [test-hivemq-platform] [hivemq] [7ddbfea8] INFO  - Audit Logger started.
2025-01-30 18:15:26,456 INFO c.h.h.t.HelmChartContainer - [test-hivemq-platform] [hivemq] [7ddbfea8] INFO  - This node uses '1' CPU cores.
2025-01-30 18:15:26,461 INFO c.h.h.t.HelmChartContainer - [test-hivemq-platform] [hivemq] [7ddbfea8] INFO  - Starting HiveMQ Health API on address 0.0.0.0 and port 8889
2025-01-30 18:15:27,247 INFO c.h.h.t.HelmChartContainer - [test-hivemq-platform] [hivemq] [7ddbfea8] INFO  - Started HiveMQ Health API in 785ms
2025-01-30 18:15:27,852 INFO c.h.h.t.HelmChartContainer - [test-hivemq-platform] [hivemq] [7ddbfea8] INFO  - Starting HiveMQ extension system.
2025-01-30 18:15:30,561 INFO c.h.h.t.HelmChartContainer - [test-hivemq-platform] [hivemq] [7ddbfea8] INFO  - No license found for enterprise extension with name "HiveMQ Enterprise Security Extension". Entering extension trial mode. "HiveMQ Enterprise Security Extension" will be disabled in 5 hours.
2025-01-30 18:15:30,726 INFO c.h.h.t.HelmChartContainer - [hivemq-test-hivemq-platform] [hivemq-platform-operator] [6198c6fa] 18:15:30.722 [pool-6-thread-41] DEBUG c.h.p.o.d.PodServiceAccountResource - [helmrest] Desired PodServiceAccountResource (serviceAccountName: hivemq-platform-pod-test-hivemq-platform)
2025-01-30 18:15:30,726 INFO c.h.h.t.HelmChartContainer - [hivemq-test-hivemq-platform] [hivemq-platform-operator] [6198c6fa] 18:15:30.722 [pool-6-thread-45] DEBUG c.h.p.o.d.PlatformServiceResource - [helmrest] Desired Platform services (2 services)
2025-01-30 18:15:30,726 INFO c.h.h.t.HelmChartContainer - [hivemq-test-hivemq-platform] [hivemq-platform-operator] [6198c6fa] 18:15:30.724 [pool-6-thread-47] DEBUG c.h.p.o.dependants.PodInfoConfigMap - [helmrest] Desired PodInfo ConfigMap (2 extensions) (1 enabled)
2025-01-30 18:15:30,726 INFO c.h.h.t.HelmChartContainer - [hivemq-test-hivemq-platform] [hivemq-platform-operator] [6198c6fa] 18:15:30.724 [pool-6-thread-47] DEBUG c.h.p.o.dependants.PodInfoConfigMap - [helmrest] Desired PodInfo ConfigMap (metrics port: 9399) (metrics path: /)
2025-01-30 18:15:30,726 INFO c.h.h.t.HelmChartContainer - [hivemq-test-hivemq-platform] [hivemq-platform-operator] [6198c6fa] 18:15:30.724 [pool-6-thread-47] DEBUG c.h.p.o.dependants.PodInfoConfigMap - [helmrest] Desired PodInfo ConfigMap (extension state hash: -1594800698)
2025-01-30 18:15:30,730 INFO c.h.h.t.HelmChartContainer - [hivemq-test-hivemq-platform] [hivemq-platform-operator] [6198c6fa] 18:15:30.729 [pool-6-thread-45] DEBUG c.h.p.o.d.StatefulSetResource - [helmrest] Desired StatefulSet (1 replicas) for status STARTING (READY)
2025-01-30 18:15:30,738 INFO c.h.h.t.HelmChartContainer - [hivemq-test-hivemq-platform] [hivemq-platform-operator] [6198c6fa] 18:15:30.737 [ReconcilerExecutor-hivemq-controller-113] INFO  c.h.p.o.HiveMQPlatformReconciler - [helmrest] Reconciling HiveMQ Platform 'test-hivemq-platform' in namespace 'helmrestapiit'
2025-01-30 18:15:30,738 INFO c.h.h.t.HelmChartContainer - [hivemq-test-hivemq-platform] [hivemq-platform-operator] [6198c6fa] 18:15:30.737 [ReconcilerExecutor-hivemq-controller-113] DEBUG c.h.p.o.HiveMQPlatformReconciler - [helmrest] Custom Resource Status STARTING - HiveMQ Platform is starting (READY)
2025-01-30 18:15:30,738 INFO c.h.h.t.HelmChartContainer - [hivemq-test-hivemq-platform] [hivemq-platform-operator] [6198c6fa] 18:15:30.737 [ReconcilerExecutor-hivemq-controller-113] DEBUG c.h.p.o.HiveMQPlatformReconciler - [helmrest] Custom Resource Spec (replicas: 1) (extensions: 2)
2025-01-30 18:15:30,820 INFO c.h.h.t.HelmChartContainer - [hivemq-test-hivemq-platform] [hivemq-platform-operator] [6198c6fa] 18:15:30.818 [ReconcilerExecutor-hivemq-controller-113] DEBUG c.h.p.o.HiveMQPlatformReconciler - [helmrest] StatefulSet Status (revision: test-hivemq-platform-bbf59449c, replicas: 1, available: 0, ready: 0, current: 1, updated: 1)
2025-01-30 18:15:30,820 INFO c.h.h.t.HelmChartContainer - [hivemq-test-hivemq-platform] [hivemq-platform-operator] [6198c6fa] 18:15:30.818 [ReconcilerExecutor-hivemq-controller-113] DEBUG c.h.p.o.HiveMQPlatformReconciler - [helmrest] StatefulSet Spec (replicas: 1, init containers: 1, containers: 1, volumes: 5)
2025-01-30 18:15:30,822 INFO c.h.h.t.HelmChartContainer - [hivemq-test-hivemq-platform] [hivemq-platform-operator] [6198c6fa] 18:15:30.820 [ReconcilerExecutor-hivemq-controller-113] DEBUG c.h.p.o.h.HiveMQPlatformReconcilerErrorHandler - [helmrest] Pod 'test-hivemq-platform-0' phase Running
2025-01-30 18:15:30,823 INFO c.h.h.t.HelmChartContainer - [hivemq-test-hivemq-platform] [hivemq-platform-operator] [6198c6fa] 18:15:30.821 [ReconcilerExecutor-hivemq-controller-113] INFO  c.h.p.o.h.HiveMQPlatformReconcilerBaseHandler - [helmrest] HiveMQ Platform is starting, 0 of 1 replicas are ready
2025-01-30 18:15:30,884 INFO c.h.h.t.HelmChartContainer - [test-hivemq-platform] [hivemq] [7ddbfea8] INFO  - Starting extension with id "hivemq-dns-cluster-discovery" at /opt/hivemq/extensions/hivemq-dns-cluster-discovery
2025-01-30 18:15:31,552 INFO c.h.h.t.HelmChartContainer - [test-hivemq-platform] [hivemq] [7ddbfea8] INFO  - Using TCP cluster transport on address 10.42.0.8 and port 7000
2025-01-30 18:15:31,630 INFO c.h.h.t.HelmChartContainer - [EVENT] Warning [Unhealthy] Readiness probe failed: Get "http://10.42.0.8:7979/readiness": context deadline exceeded (Client.Timeout exceeded while awaiting headers) [helmrestapiit:test-hivemq-platform-0]
2025-01-30 18:15:31,630 INFO c.h.h.t.HelmChartContainer - Received Unhealthy event for container hivemq in pod test-hivemq-platform-0 [7ddbfea8-f9b0-409f-b5c8-0aa2f535261d]
2025-01-30 18:15:31,645 INFO c.h.h.t.HelmChartContainer - [test-hivemq-platform] [hivemq] [7ddbfea8] INFO  - Using extension cluster discovery
2025-01-30 18:15:31,651 INFO c.h.h.t.HelmChartContainer - [test-hivemq-platform] [hivemq] [7ddbfea8] INFO  - Extension "DNS Cluster Discovery Extension" version 4.3.2 started successfully.
2025-01-30 18:15:31,683 INFO c.h.h.t.HelmChartContainer - [test-hivemq-platform] [hivemq] [7ddbfea8] INFO  - Starting extension with id "hivemq-enterprise-security-extension" at /opt/hivemq/extensions/hivemq-enterprise-security-extension
2025-01-30 18:15:31,749 INFO c.h.h.t.HelmChartContainer - [test-hivemq-platform] [hivemq] [7ddbfea8] INFO  - [HiveMQ Platform Operator Init App 1.7.0-SNAPSHOT] Returning Health API response 503 for readiness
2025-01-30 18:15:33,259 INFO c.h.h.t.HelmChartContainer - [test-hivemq-platform] [hivemq] [7ddbfea8] INFO  - HiveMQ Enterprise Security Extension: Successfully loaded configuration from '/opt/hivemq/extensions/hivemq-enterprise-security-extension/conf/config.xml'.
2025-01-30 18:15:33,283 INFO c.h.h.t.HelmChartContainer - [test-hivemq-platform] [hivemq] [7ddbfea8] INFO  - HiveMQ Enterprise Security Extension: Starting HiveMQ Enterprise Security Extension.
2025-01-30 18:15:33,459 INFO c.h.h.t.HelmChartContainer - [test-hivemq-platform] [hivemq] [7ddbfea8] INFO  - HiveMQ Enterprise Security Extension: Access log is written to /opt/hivemq/log/access/access.log.
2025-01-30 18:15:33,764 INFO c.h.h.t.HelmChartContainer - [test-hivemq-platform] [hivemq] [7ddbfea8] INFO  - HiveMQ Enterprise Security Extension: Started HiveMQ Enterprise Security Extension successfully in 2020ms.
2025-01-30 18:15:33,764 INFO c.h.h.t.HelmChartContainer - [test-hivemq-platform] [hivemq] [7ddbfea8] INFO  - Extension "HiveMQ Enterprise Security Extension" version 4.36.0 started successfully.
2025-01-30 18:15:33,764 INFO c.h.h.t.HelmChartContainer - [test-hivemq-platform] [hivemq] [7ddbfea8] INFO  - Starting extension with id "hivemq-prometheus-extension" at /opt/hivemq/extensions/hivemq-prometheus-extension
2025-01-30 18:15:33,770 INFO c.h.h.t.HelmChartContainer - [K3S] [range_allocator.go:247] "Successfully synced" key="8e4c0e52442e"
2025-01-30 18:15:34,253 INFO c.h.h.t.HelmChartContainer - [test-hivemq-platform] [hivemq] [7ddbfea8] INFO  - Started Jetty Server exposing Prometheus Servlet on URI http://0.0.0.0:9399/
2025-01-30 18:15:34,253 INFO c.h.h.t.HelmChartContainer - [test-hivemq-platform] [hivemq] [7ddbfea8] INFO  - Extension "Prometheus Monitoring Extension" version 4.0.12 started successfully.
2025-01-30 18:15:34,254 INFO c.h.h.t.HelmChartContainer - [test-hivemq-platform] [hivemq] [7ddbfea8] WARN  - 
2025-01-30 18:15:34,254 INFO c.h.h.t.HelmChartContainer - [test-hivemq-platform] [hivemq] [7ddbfea8] ###############################################################################
2025-01-30 18:15:34,254 INFO c.h.h.t.HelmChartContainer - [test-hivemq-platform] [hivemq] [7ddbfea8] # No security extension present, MQTT clients can not connect to this broker. #
2025-01-30 18:15:34,254 INFO c.h.h.t.HelmChartContainer - [test-hivemq-platform] [hivemq] [7ddbfea8] ###############################################################################
2025-01-30 18:15:34,950 INFO c.h.h.t.HelmChartContainer - [test-hivemq-platform] [hivemq] [7ddbfea8] INFO  - 99ztp: no members discovered after 2702 ms: creating cluster as first member
2025-01-30 18:15:34,956 INFO c.h.h.t.HelmChartContainer - [test-hivemq-platform] [hivemq] [7ddbfea8] INFO  - Cluster nodes found by discovery: [99ztp|0] (1) [99ztp].
2025-01-30 18:15:34,973 INFO c.h.h.t.HelmChartContainer - [test-hivemq-platform] [hivemq] [7ddbfea8] INFO  - Starting HiveMQ REST API on address 0.0.0.0 and port 8890
2025-01-30 18:15:35,356 INFO c.h.h.t.HelmChartContainer - [test-hivemq-platform] [hivemq] [7ddbfea8] INFO  - Started HiveMQ REST API in 382ms
2025-01-30 18:15:35,357 INFO c.h.h.t.HelmChartContainer - [test-hivemq-platform] [hivemq] [7ddbfea8] WARN  - No user for HiveMQ Control Center configured. Starting with default user
2025-01-30 18:15:35,357 INFO c.h.h.t.HelmChartContainer - [test-hivemq-platform] [hivemq] [7ddbfea8] INFO  - Starting HiveMQ Control Center on address 127.0.0.1 and port 8080
2025-01-30 18:15:35,357 INFO c.h.h.t.HelmChartContainer - [test-hivemq-platform] [hivemq] [7ddbfea8] INFO  - Mounting HiveMQ Control Center V2 Preview
2025-01-30 18:15:35,650 INFO c.h.h.t.HelmChartContainer - [test-hivemq-platform] [hivemq] [7ddbfea8] INFO  - [HiveMQ Platform Operator Init App 1.7.0-SNAPSHOT] Returning Health API response 200 for readiness
2025-01-30 18:15:35,664 INFO c.h.h.t.HelmChartContainer - [POD] test-hivemq-platform-0 [7ddbfea8-f9b0-409f-b5c8-0aa2f535261d] in helmrestapiit was MODIFIED
2025-01-30 18:15:35,672 INFO c.h.h.t.HelmChartContainer - [hivemq-test-hivemq-platform] [hivemq-platform-operator] [6198c6fa] 18:15:35.670 [pool-6-thread-6] DEBUG c.h.p.o.d.PlatformServiceResource - [helmrest] Desired Platform services (2 services)
2025-01-30 18:15:35,679 INFO c.h.h.t.HelmChartContainer - [hivemq-test-hivemq-platform] [hivemq-platform-operator] [6198c6fa] 18:15:35.672 [pool-6-thread-3] DEBUG c.h.p.o.dependants.PodInfoConfigMap - [helmrest] Desired PodInfo ConfigMap (2 extensions) (1 enabled)
2025-01-30 18:15:35,679 INFO c.h.h.t.HelmChartContainer - [hivemq-test-hivemq-platform] [hivemq-platform-operator] [6198c6fa] 18:15:35.672 [pool-6-thread-3] DEBUG c.h.p.o.dependants.PodInfoConfigMap - [helmrest] Desired PodInfo ConfigMap (metrics port: 9399) (metrics path: /)
2025-01-30 18:15:35,679 INFO c.h.h.t.HelmChartContainer - [hivemq-test-hivemq-platform] [hivemq-platform-operator] [6198c6fa] 18:15:35.672 [pool-6-thread-3] DEBUG c.h.p.o.dependants.PodInfoConfigMap - [helmrest] Desired PodInfo ConfigMap (extension state hash: -1594800698)
2025-01-30 18:15:35,679 INFO c.h.h.t.HelmChartContainer - [hivemq-test-hivemq-platform] [hivemq-platform-operator] [6198c6fa] 18:15:35.673 [pool-6-thread-2] DEBUG c.h.p.o.d.PodServiceAccountResource - [helmrest] Desired PodServiceAccountResource (serviceAccountName: hivemq-platform-pod-test-hivemq-platform)
2025-01-30 18:15:35,680 INFO c.h.h.t.HelmChartContainer - [hivemq-test-hivemq-platform] [hivemq-platform-operator] [6198c6fa] 18:15:35.679 [pool-6-thread-6] DEBUG c.h.p.o.d.StatefulSetResource - [helmrest] Desired StatefulSet (1 replicas) for status STARTING (READY)
2025-01-30 18:15:35,718 INFO c.h.h.t.HelmChartContainer - [hivemq-test-hivemq-platform] [hivemq-platform-operator] [6198c6fa] 18:15:35.716 [ReconcilerExecutor-hivemq-controller-114] INFO  c.h.p.o.HiveMQPlatformReconciler - [helmrest] Reconciling HiveMQ Platform 'test-hivemq-platform' in namespace 'helmrestapiit'
2025-01-30 18:15:35,718 INFO c.h.h.t.HelmChartContainer - [hivemq-test-hivemq-platform] [hivemq-platform-operator] [6198c6fa] 18:15:35.716 [ReconcilerExecutor-hivemq-controller-114] DEBUG c.h.p.o.HiveMQPlatformReconciler - [helmrest] Custom Resource Status STARTING - HiveMQ Platform is starting (READY)
2025-01-30 18:15:35,718 INFO c.h.h.t.HelmChartContainer - [hivemq-test-hivemq-platform] [hivemq-platform-operator] [6198c6fa] 18:15:35.716 [ReconcilerExecutor-hivemq-controller-114] DEBUG c.h.p.o.HiveMQPlatformReconciler - [helmrest] Custom Resource Spec (replicas: 1) (extensions: 2)
2025-01-30 18:15:35,719 INFO c.h.h.t.HelmChartContainer - [hivemq-test-hivemq-platform] [hivemq-platform-operator] [6198c6fa] 18:15:35.718 [ReconcilerExecutor-hivemq-controller-114] DEBUG c.h.p.o.HiveMQPlatformReconciler - [helmrest] StatefulSet Status (revision: test-hivemq-platform-bbf59449c, replicas: 1, available: 1, ready: 1, current: 1, updated: 1)
2025-01-30 18:15:35,719 INFO c.h.h.t.HelmChartContainer - [hivemq-test-hivemq-platform] [hivemq-platform-operator] [6198c6fa] 18:15:35.719 [ReconcilerExecutor-hivemq-controller-114] DEBUG c.h.p.o.HiveMQPlatformReconciler - [helmrest] StatefulSet Spec (replicas: 1, init containers: 1, containers: 1, volumes: 5)
2025-01-30 18:15:35,721 INFO c.h.h.t.HelmChartContainer - [hivemq-test-hivemq-platform] [hivemq-platform-operator] [6198c6fa] 18:15:35.720 [ReconcilerExecutor-hivemq-controller-114] DEBUG c.h.p.o.h.HiveMQPlatformReconcilerErrorHandler - [helmrest] Pod 'test-hivemq-platform-0' phase Running
2025-01-30 18:15:35,722 INFO c.h.h.t.HelmChartContainer - [hivemq-test-hivemq-platform] [hivemq-platform-operator] [6198c6fa] 18:15:35.721 [ReconcilerExecutor-hivemq-controller-114] INFO  c.h.p.o.h.HiveMQPlatformReconcilerBaseHandler - [helmrest] HiveMQ Platform started successfully
2025-01-30 18:15:35,741 INFO c.h.h.t.HelmChartContainer - [hivemq-test-hivemq-platform] [hivemq-platform-operator] [6198c6fa] 18:15:35.740 [ReconcilerExecutor-hivemq-controller-114] DEBUG c.h.p.operator.event.EventSender - [helmrest] Creating K8s event hivemq-platform-ready: [Ready] HiveMQ Platform is ready
2025-01-30 18:15:35,747 INFO c.h.h.t.HelmChartContainer - [EVENT] Normal [Ready] HiveMQ Platform is ready [helmrestapiit:test-hivemq-platform]
2025-01-30 18:15:35,818 INFO c.h.h.t.HelmChartContainer - [hivemq-test-hivemq-platform] [hivemq-platform-operator] [6198c6fa] 18:15:35.818 [ReconcilerExecutor-hivemq-controller-114] INFO  c.h.p.o.h.AbstractHiveMQReconcilerStateHandler - [helmrest] Update HiveMQ Platform Status (STARTING [READY] -> RUNNING [READY]): HiveMQ Platform is ready
2025-01-30 18:15:35,826 DEBUG com.hivemq.helmcharts.util.K8sUtil - Comparing actual state 'RUNNING' and waiting for 'RUNNING'
2025-01-30 18:15:35,831 INFO c.h.h.t.HelmChartContainer - [hivemq-test-hivemq-platform] [hivemq-platform-operator] [6198c6fa] 18:15:35.830 [pool-6-thread-17] DEBUG c.h.p.o.d.PlatformServiceResource - [helmrest] Desired Platform services (2 services)
2025-01-30 18:15:35,850 INFO c.h.h.t.HelmChartContainer - [hivemq-test-hivemq-platform] [hivemq-platform-operator] [6198c6fa] 18:15:35.832 [pool-6-thread-12] DEBUG c.h.p.o.d.PodServiceAccountResource - [helmrest] Desired PodServiceAccountResource (serviceAccountName: hivemq-platform-pod-test-hivemq-platform)
2025-01-30 18:15:35,850 INFO c.h.h.t.HelmChartContainer - [hivemq-test-hivemq-platform] [hivemq-platform-operator] [6198c6fa] 18:15:35.831 [pool-6-thread-16] DEBUG c.h.p.o.dependants.PodInfoConfigMap - [helmrest] Desired PodInfo ConfigMap (2 extensions) (1 enabled)
2025-01-30 18:15:35,850 INFO c.h.h.t.HelmChartContainer - [hivemq-test-hivemq-platform] [hivemq-platform-operator] [6198c6fa] 18:15:35.833 [pool-6-thread-16] DEBUG c.h.p.o.dependants.PodInfoConfigMap - [helmrest] Desired PodInfo ConfigMap (metrics port: 9399) (metrics path: /)
2025-01-30 18:15:35,850 INFO c.h.h.t.HelmChartContainer - [hivemq-test-hivemq-platform] [hivemq-platform-operator] [6198c6fa] 18:15:35.833 [pool-6-thread-16] DEBUG c.h.p.o.dependants.PodInfoConfigMap - [helmrest] Desired PodInfo ConfigMap (extension state hash: -1594800698)
2025-01-30 18:15:35,850 INFO c.h.h.t.HelmChartContainer - [hivemq-test-hivemq-platform] [hivemq-platform-operator] [6198c6fa] 18:15:35.833 [pool-6-thread-16] DEBUG c.h.p.o.dependants.PodInfoConfigMap - [helmrest] Update PodInfo ConfigMap
2025-01-30 18:15:35,859 INFO c.hivemq.helmcharts.util.RestAPIUtil - Checking authorization for REST API on hivemq-test-hivemq-platform-rest-8890:8890 (username: user) (password: password) (endpoint path: /api/v1/mqtt/clients)
2025-01-30 18:15:35,919 INFO c.h.h.t.HelmChartContainer - [hivemq-test-hivemq-platform] [hivemq-platform-operator] [6198c6fa] 18:15:35.917 [pool-6-thread-16] DEBUG c.h.p.o.d.StatefulSetResource - [helmrest] Desired StatefulSet (1 replicas) for status RUNNING (READY)
2025-01-30 18:15:35,928 INFO c.h.h.t.HelmChartContainer - [hivemq-test-hivemq-platform] [hivemq-platform-operator] [6198c6fa] 18:15:35.925 [ReconcilerExecutor-hivemq-controller-115] INFO  c.h.p.o.HiveMQPlatformReconciler - [helmrest] Reconciling HiveMQ Platform 'test-hivemq-platform' in namespace 'helmrestapiit'
2025-01-30 18:15:35,928 INFO c.h.h.t.HelmChartContainer - [hivemq-test-hivemq-platform] [hivemq-platform-operator] [6198c6fa] 18:15:35.925 [ReconcilerExecutor-hivemq-controller-115] DEBUG c.h.p.o.HiveMQPlatformReconciler - [helmrest] Custom Resource Status RUNNING - HiveMQ Platform is ready (READY)
2025-01-30 18:15:35,928 INFO c.h.h.t.HelmChartContainer - [hivemq-test-hivemq-platform] [hivemq-platform-operator] [6198c6fa] 18:15:35.925 [ReconcilerExecutor-hivemq-controller-115] DEBUG c.h.p.o.HiveMQPlatformReconciler - [helmrest] Custom Resource Spec (replicas: 1) (extensions: 2)
2025-01-30 18:15:35,931 INFO c.h.h.t.HelmChartContainer - [hivemq-test-hivemq-platform] [hivemq-platform-operator] [6198c6fa] 18:15:35.930 [ReconcilerExecutor-hivemq-controller-115] DEBUG c.h.p.o.HiveMQPlatformReconciler - [helmrest] StatefulSet Status (revision: test-hivemq-platform-bbf59449c, replicas: 1, available: 1, ready: 1, current: 1, updated: 1)
2025-01-30 18:15:35,932 INFO c.h.h.t.HelmChartContainer - [hivemq-test-hivemq-platform] [hivemq-platform-operator] [6198c6fa] 18:15:35.931 [ReconcilerExecutor-hivemq-controller-115] DEBUG c.h.p.o.HiveMQPlatformReconciler - [helmrest] StatefulSet Spec (replicas: 1, init containers: 1, containers: 1, volumes: 5)
2025-01-30 18:15:35,935 INFO c.h.h.t.HelmChartContainer - [hivemq-test-hivemq-platform] [hivemq-platform-operator] [6198c6fa] 18:15:35.934 [ReconcilerExecutor-hivemq-controller-115] DEBUG c.h.p.o.h.HiveMQPlatformReconcilerErrorHandler - [helmrest] Pod 'test-hivemq-platform-0' phase Running
2025-01-30 18:15:36,067 INFO c.h.h.t.HelmChartContainer - [test-hivemq-platform] [hivemq] [7ddbfea8] INFO  - Started HiveMQ Control Center in 707ms
2025-01-30 18:15:36,166 INFO c.h.h.t.HelmChartContainer - [test-hivemq-platform] [hivemq] [7ddbfea8] INFO  - Starting TCP listener on address 0.0.0.0 and port 1883
2025-01-30 18:15:36,351 INFO c.h.h.t.HelmChartContainer - [test-hivemq-platform] [hivemq] [7ddbfea8] INFO  - Started TCP Listener on address 0.0.0.0 and on port 1883.
2025-01-30 18:15:36,351 INFO c.h.h.t.HelmChartContainer - [test-hivemq-platform] [hivemq] [7ddbfea8] INFO  - Started HiveMQ in 34261ms
2025-01-30 18:15:36,885 INFO c.hivemq.helmcharts.util.RestAPIUtil - Checking authorization for REST API on hivemq-test-hivemq-platform-rest-8890:8890 (username: user) (password: wrong-password) (endpoint path: /api/v1/mqtt/clients)
HTTP/1.1 401 Unauthorized
Content-Type: application/json;charset=utf-8
WWW-Authenticate: Basic charset="UTF-8"
Content-Length: 39

{
    "errors": [
        {
            "title": "Not authorized"
        }
    ]
}
2025-01-30 18:15:39,496 INFO c.hivemq.helmcharts.util.RestAPIUtil - Checking authorization for REST API on hivemq-test-hivemq-platform-rest-8890:8890 (username: user) (password: password) (endpoint path: /api/v1/management/backups)
HTTP/1.1 403 Forbidden
Content-Type: application/json;charset=utf-8
Content-Length: 49

{
    "errors": [
        {
            "title": "Insufficient permissions"
        }
    ]
}
2025-01-30 18:15:39,585 INFO c.h.h.t.HelmChartContainer - Uninstalling release 'test-hivemq-platform' in namespace 'helmrestapiit'...
2025-01-30 18:15:39,586 DEBUG c.h.h.t.HelmChartContainer - Executing helm command: /bin/helm --kubeconfig /etc/rancher/k3s/k3s.yaml uninstall test-hivemq-platform  --wait --timeout 5m0s --cascade foreground --namespace helmrestapiit
2025-01-30 18:15:39,586 INFO c.h.h.t.HelmChartContainer - [K3S] [upgradeaware.go:427] Error proxying data from client to backend: remote error: tls: user canceled
2025-01-30 18:15:39,769 INFO c.h.h.t.HelmChartContainer - [hivemq-test-hivemq-platform] [hivemq-platform-operator] [6198c6fa] 18:15:39.765 [pool-6-thread-29] DEBUG c.h.p.o.d.PlatformServiceResource - [helmrest] Desired Platform services (2 services)
2025-01-30 18:15:39,776 INFO c.h.h.t.HelmChartContainer - [hivemq-test-hivemq-platform] [hivemq-platform-operator] [6198c6fa] 18:15:39.766 [pool-6-thread-25] DEBUG c.h.p.o.dependants.PodInfoConfigMap - [helmrest] Desired PodInfo ConfigMap (2 extensions) (1 enabled)
2025-01-30 18:15:39,776 INFO c.h.h.t.HelmChartContainer - [hivemq-test-hivemq-platform] [hivemq-platform-operator] [6198c6fa] 18:15:39.771 [pool-6-thread-25] DEBUG c.h.p.o.dependants.PodInfoConfigMap - [helmrest] Desired PodInfo ConfigMap (metrics port: 9399) (metrics path: /)
2025-01-30 18:15:39,776 INFO c.h.h.t.HelmChartContainer - [hivemq-test-hivemq-platform] [hivemq-platform-operator] [6198c6fa] 18:15:39.771 [pool-6-thread-25] DEBUG c.h.p.o.dependants.PodInfoConfigMap - [helmrest] Desired PodInfo ConfigMap (extension state hash: -1594800698)
2025-01-30 18:15:39,819 INFO c.h.h.t.HelmChartContainer - [hivemq-test-hivemq-platform] [hivemq-platform-operator] [6198c6fa] 18:15:39.816 [pool-6-thread-23] DEBUG c.h.p.o.d.StatefulSetResource - [helmrest] Desired StatefulSet (1 replicas) for status RUNNING (READY)
2025-01-30 18:15:39,820 INFO c.h.h.t.HelmChartContainer - [hivemq-test-hivemq-platform] [hivemq-platform-operator] [6198c6fa] 18:15:39.767 [pool-6-thread-24] DEBUG c.h.p.o.d.PodServiceAccountResource - [helmrest] Desired PodServiceAccountResource (serviceAccountName: hivemq-platform-pod-test-hivemq-platform)
2025-01-30 18:15:39,824 INFO c.h.h.t.HelmChartContainer - [hivemq-test-hivemq-platform] [hivemq-platform-operator] [6198c6fa] 18:15:39.823 [pool-6-thread-23] DEBUG c.h.p.o.d.StatefulSetResource - [helmrest] Update StatefulSet (replicas: 1 -> 1)
2025-01-30 18:15:39,825 INFO c.h.h.t.HelmChartContainer - [hivemq-test-hivemq-platform] [hivemq-platform-operator] [6198c6fa] 18:15:39.825 [pool-6-thread-23] DEBUG c.h.p.o.d.StatefulSetResource - [helmrest] Detected change in StatefulSet specification (path: /template/metadata/annotations/kubernetes-resource-versions) (actual value: {broker-configuration-v2=514734220}) (target value: {broker-configuration-v2=0})
2025-01-30 18:15:39,826 INFO c.h.h.t.HelmChartContainer - [hivemq-test-hivemq-platform] [hivemq-platform-operator] [6198c6fa] 18:15:39.825 [pool-6-thread-23] INFO  c.h.p.o.d.StatefulSetResource - [helmrest] StatefulSet spec was updated, triggering rolling restart
2025-01-30 18:15:39,923 INFO c.h.h.t.HelmChartContainer - [hivemq-test-hivemq-platform] [hivemq-platform-operator] [6198c6fa] 18:15:39.922 [ReconcilerExecutor-hivemq-controller-116] INFO  c.h.p.o.HiveMQPlatformReconciler - [helmrest] Reconciling HiveMQ Platform 'test-hivemq-platform' in namespace 'helmrestapiit'
2025-01-30 18:15:39,923 INFO c.h.h.t.HelmChartContainer - [hivemq-test-hivemq-platform] [hivemq-platform-operator] [6198c6fa] 18:15:39.922 [ReconcilerExecutor-hivemq-controller-116] DEBUG c.h.p.o.HiveMQPlatformReconciler - [helmrest] Custom Resource Status RUNNING - HiveMQ Platform is ready (READY) (reconciliation requests: ROLLING_RESTART, REQUESTS_UPDATED)
2025-01-30 18:15:39,923 INFO c.h.h.t.HelmChartContainer - [hivemq-test-hivemq-platform] [hivemq-platform-operator] [6198c6fa] 18:15:39.922 [ReconcilerExecutor-hivemq-controller-116] DEBUG c.h.p.o.HiveMQPlatformReconciler - [helmrest] Custom Resource Spec (replicas: 1) (extensions: 2)
2025-01-30 18:15:39,924 INFO c.h.h.t.HelmChartContainer - [hivemq-test-hivemq-platform] [hivemq-platform-operator] [6198c6fa] 18:15:39.923 [ReconcilerExecutor-hivemq-controller-116] WARN  c.h.p.o.h.HiveMQPlatformReconcilerErrorHandler - [helmrest] Could not find ConfigMap 'hivemq-configuration-test-hivemq-platform' for HiveMQ Platform configuration
2025-01-30 18:15:40,024 INFO c.h.h.t.HelmChartContainer - [hivemq-test-hivemq-platform] [hivemq-platform-operator] [6198c6fa] 18:15:40.022 [ReconcilerExecutor-hivemq-controller-116] DEBUG c.h.p.operator.event.EventSender - [helmrest] Creating K8s event hivemq-platform-invalid-configuration: [Start] Could not find ConfigMap 'hivemq-configuration-test-hivemq-platform' for HiveMQ Platform configuration
2025-01-30 18:15:40,028 INFO c.h.h.t.HelmChartContainer - [EVENT] Warning [Start] Could not find ConfigMap 'hivemq-configuration-test-hivemq-platform' for HiveMQ Platform configuration [helmrestapiit:test-hivemq-platform]
2025-01-30 18:15:40,029 INFO c.h.h.t.HelmChartContainer - [hivemq-test-hivemq-platform] [hivemq-platform-operator] [6198c6fa] 18:15:40.027 [ReconcilerExecutor-hivemq-controller-116] INFO  c.h.p.o.h.AbstractHiveMQReconcilerStateHandler - [helmrest] Update HiveMQ Platform Status (RUNNING [READY] -> ERROR [INVALID_CONFIG_MAP]): Could not find ConfigMap 'hivemq-configuration-test-hivemq-platform' for HiveMQ Platform configuration (reconciliation requests: ROLLING_RESTART)
2025-01-30 18:15:40,039 INFO c.h.h.t.HelmChartContainer - [hivemq-test-hivemq-platform] [hivemq-platform-operator] [6198c6fa] 18:15:40.035 [ReconcilerExecutor-hivemq-controller-116] ERROR i.j.o.p.event.EventProcessor - Error during event processing ExecutionScope{ resource id: ResourceID{name='test-hivemq-platform', namespace='helmrestapiit'}, version: 855}
2025-01-30 18:15:40,039 INFO c.h.h.t.HelmChartContainer - [hivemq-test-hivemq-platform] [hivemq-platform-operator] [6198c6fa] io.fabric8.kubernetes.client.KubernetesClientException: Failure executing: PUT at: https://10.43.0.1:443/apis/hivemq.com/v1/namespaces/helmrestapiit/hivemq-platforms/test-hivemq-platform/status. Message: Operation cannot be fulfilled on hivemq-platforms.hivemq.com "test-hivemq-platform": the object has been modified; please apply your changes to the latest version and try again. Received status: Status(apiVersion=v1, code=409, details=StatusDetails(causes=[], group=hivemq.com, kind=hivemq-platforms, name=test-hivemq-platform, retryAfterSeconds=null, uid=null, additionalProperties={}), kind=Status, message=Operation cannot be fulfilled on hivemq-platforms.hivemq.com "test-hivemq-platform": the object has been modified; please apply your changes to the latest version and try again, metadata=ListMeta(_continue=null, remainingItemCount=null, resourceVersion=null, selfLink=null, additionalProperties={}), reason=Conflict, status=Failure, additionalProperties={}).
2025-01-30 18:15:40,039 INFO c.h.h.t.HelmChartContainer - [hivemq-test-hivemq-platform] [hivemq-platform-operator] [6198c6fa] 	at io.fabric8.kubernetes.client.KubernetesClientException.copyAsCause(KubernetesClientException.java:238)
2025-01-30 18:15:40,039 INFO c.h.h.t.HelmChartContainer - [hivemq-test-hivemq-platform] [hivemq-platform-operator] [6198c6fa] 	at io.fabric8.kubernetes.client.dsl.internal.OperationSupport.waitForResult(OperationSupport.java:507)
2025-01-30 18:15:40,040 INFO c.h.h.t.HelmChartContainer - [hivemq-test-hivemq-platform] [hivemq-platform-operator] [6198c6fa] 	at io.fabric8.kubernetes.client.dsl.internal.OperationSupport.handleResponse(OperationSupport.java:524)
2025-01-30 18:15:40,040 INFO c.h.h.t.HelmChartContainer - [hivemq-test-hivemq-platform] [hivemq-platform-operator] [6198c6fa] 	at io.fabric8.kubernetes.client.dsl.internal.OperationSupport.handleUpdate(OperationSupport.java:358)
2025-01-30 18:15:40,040 INFO c.h.h.t.HelmChartContainer - [hivemq-test-hivemq-platform] [hivemq-platform-operator] [6198c6fa] 	at io.fabric8.kubernetes.client.dsl.internal.BaseOperation.handleUpdate(BaseOperation.java:759)
2025-01-30 18:15:40,040 INFO c.h.h.t.HelmChartContainer - [hivemq-test-hivemq-platform] [hivemq-platform-operator] [6198c6fa] 	at io.fabric8.kubernetes.client.dsl.internal.HasMetadataOperation.update(HasMetadataOperation.java:138)
2025-01-30 18:15:40,040 INFO c.h.h.t.HelmChartContainer - [hivemq-test-hivemq-platform] [hivemq-platform-operator] [6198c6fa] 	at io.fabric8.kubernetes.client.dsl.internal.HasMetadataOperation.update(HasMetadataOperation.java:121)
2025-01-30 18:15:40,040 INFO c.h.h.t.HelmChartContainer - [hivemq-test-hivemq-platform] [hivemq-platform-operator] [6198c6fa] 	at io.fabric8.kubernetes.client.dsl.internal.HasMetadataOperation.updateStatus(HasMetadataOperation.java:126)
2025-01-30 18:15:40,040 INFO c.h.h.t.HelmChartContainer - [hivemq-test-hivemq-platform] [hivemq-platform-operator] [6198c6fa] 	at io.fabric8.kubernetes.client.dsl.internal.HasMetadataOperation.updateStatus(HasMetadataOperation.java:44)
2025-01-30 18:15:40,040 INFO c.h.h.t.HelmChartContainer - [hivemq-test-hivemq-platform] [hivemq-platform-operator] [6198c6fa] 	at io.javaoperatorsdk.operator.processing.event.ReconciliationDispatcher$CustomResourceFacade.updateStatus(ReconciliationDispatcher.java:408)
2025-01-30 18:15:40,040 INFO c.h.h.t.HelmChartContainer - [hivemq-test-hivemq-platform] [hivemq-platform-operator] [6198c6fa] 	at io.javaoperatorsdk.operator.processing.event.ReconciliationDispatcher.updateStatusGenerationAware(ReconciliationDispatcher.java:228)
2025-01-30 18:15:40,040 INFO c.h.h.t.HelmChartContainer - [hivemq-test-hivemq-platform] [hivemq-platform-operator] [6198c6fa] 	at io.javaoperatorsdk.operator.processing.event.ReconciliationDispatcher.reconcileExecution(ReconciliationDispatcher.java:150)
2025-01-30 18:15:40,040 INFO c.h.h.t.HelmChartContainer - [hivemq-test-hivemq-platform] [hivemq-platform-operator] [6198c6fa] 	at io.javaoperatorsdk.operator.processing.event.ReconciliationDispatcher.handleReconcile(ReconciliationDispatcher.java:117)
2025-01-30 18:15:40,040 INFO c.h.h.t.HelmChartContainer - [hivemq-test-hivemq-platform] [hivemq-platform-operator] [6198c6fa] 	at io.javaoperatorsdk.operator.processing.event.ReconciliationDispatcher.handleDispatch(ReconciliationDispatcher.java:91)
2025-01-30 18:15:40,040 INFO c.h.h.t.HelmChartContainer - [hivemq-test-hivemq-platform] [hivemq-platform-operator] [6198c6fa] 	at io.javaoperatorsdk.operator.processing.event.ReconciliationDispatcher.handleExecution(ReconciliationDispatcher.java:64)
2025-01-30 18:15:40,040 INFO c.h.h.t.HelmChartContainer - [hivemq-test-hivemq-platform] [hivemq-platform-operator] [6198c6fa] 	at io.javaoperatorsdk.operator.processing.event.EventProcessor$ReconcilerExecutor.run(EventProcessor.java:452)
2025-01-30 18:15:40,040 INFO c.h.h.t.HelmChartContainer - [hivemq-test-hivemq-platform] [hivemq-platform-operator] [6198c6fa] 	at java.base/java.util.concurrent.ThreadPoolExecutor.runWorker(Unknown Source)
2025-01-30 18:15:40,040 INFO c.h.h.t.HelmChartContainer - [hivemq-test-hivemq-platform] [hivemq-platform-operator] [6198c6fa] 	at java.base/java.util.concurrent.ThreadPoolExecutor$Worker.run(Unknown Source)
2025-01-30 18:15:40,040 INFO c.h.h.t.HelmChartContainer - [hivemq-test-hivemq-platform] [hivemq-platform-operator] [6198c6fa] 	at java.base/java.lang.Thread.run(Unknown Source)
2025-01-30 18:15:40,040 INFO c.h.h.t.HelmChartContainer - [hivemq-test-hivemq-platform] [hivemq-platform-operator] [6198c6fa] Caused by: io.fabric8.kubernetes.client.KubernetesClientException: Failure executing: PUT at: https://10.43.0.1:443/apis/hivemq.com/v1/namespaces/helmrestapiit/hivemq-platforms/test-hivemq-platform/status. Message: Operation cannot be fulfilled on hivemq-platforms.hivemq.com "test-hivemq-platform": the object has been modified; please apply your changes to the latest version and try again. Received status: Status(apiVersion=v1, code=409, details=StatusDetails(causes=[], group=hivemq.com, kind=hivemq-platforms, name=test-hivemq-platform, retryAfterSeconds=null, uid=null, additionalProperties={}), kind=Status, message=Operation cannot be fulfilled on hivemq-platforms.hivemq.com "test-hivemq-platform": the object has been modified; please apply your changes to the latest version and try again, metadata=ListMeta(_continue=null, remainingItemCount=null, resourceVersion=null, selfLink=null, additionalProperties={}), reason=Conflict, status=Failure, additionalProperties={}).
2025-01-30 18:15:40,040 INFO c.h.h.t.HelmChartContainer - [hivemq-test-hivemq-platform] [hivemq-platform-operator] [6198c6fa] 	at io.fabric8.kubernetes.client.dsl.internal.OperationSupport.requestFailure(OperationSupport.java:660)
2025-01-30 18:15:40,040 INFO c.h.h.t.HelmChartContainer - [hivemq-test-hivemq-platform] [hivemq-platform-operator] [6198c6fa] 	at io.fabric8.kubernetes.client.dsl.internal.OperationSupport.requestFailure(OperationSupport.java:640)
2025-01-30 18:15:40,041 INFO c.h.h.t.HelmChartContainer - [hivemq-test-hivemq-platform] [hivemq-platform-operator] [6198c6fa] 	at io.fabric8.kubernetes.client.dsl.internal.OperationSupport.assertResponseCode(OperationSupport.java:589)
2025-01-30 18:15:40,041 INFO c.h.h.t.HelmChartContainer - [hivemq-test-hivemq-platform] [hivemq-platform-operator] [6198c6fa] 	at io.fabric8.kubernetes.client.dsl.internal.OperationSupport.lambda$handleResponse$0(OperationSupport.java:549)
2025-01-30 18:15:40,041 INFO c.h.h.t.HelmChartContainer - [hivemq-test-hivemq-platform] [hivemq-platform-operator] [6198c6fa] 	at java.base/java.util.concurrent.CompletableFuture$UniApply.tryFire(Unknown Source)
2025-01-30 18:15:40,041 INFO c.h.h.t.HelmChartContainer - [hivemq-test-hivemq-platform] [hivemq-platform-operator] [6198c6fa] 	at java.base/java.util.concurrent.CompletableFuture.postComplete(Unknown Source)
2025-01-30 18:15:40,041 INFO c.h.h.t.HelmChartContainer - [hivemq-test-hivemq-platform] [hivemq-platform-operator] [6198c6fa] 	at java.base/java.util.concurrent.CompletableFuture.complete(Unknown Source)
2025-01-30 18:15:40,041 INFO c.h.h.t.HelmChartContainer - [hivemq-test-hivemq-platform] [hivemq-platform-operator] [6198c6fa] 	at io.fabric8.kubernetes.client.http.StandardHttpClient.lambda$completeOrCancel$10(StandardHttpClient.java:141)
2025-01-30 18:15:40,041 INFO c.h.h.t.HelmChartContainer - [hivemq-test-hivemq-platform] [hivemq-platform-operator] [6198c6fa] 	at java.base/java.util.concurrent.CompletableFuture.uniWhenComplete(Unknown Source)
2025-01-30 18:15:40,041 INFO c.h.h.t.HelmChartContainer - [hivemq-test-hivemq-platform] [hivemq-platform-operator] [6198c6fa] 	at java.base/java.util.concurrent.CompletableFuture$UniWhenComplete.tryFire(Unknown Source)
2025-01-30 18:15:40,042 INFO c.h.h.t.HelmChartContainer - [hivemq-test-hivemq-platform] [hivemq-platform-operator] [6198c6fa] 	at java.base/java.util.concurrent.CompletableFuture.postComplete(Unknown Source)
2025-01-30 18:15:40,042 INFO c.h.h.t.HelmChartContainer - [hivemq-test-hivemq-platform] [hivemq-platform-operator] [6198c6fa] 	at java.base/java.util.concurrent.CompletableFuture.complete(Unknown Source)
2025-01-30 18:15:40,043 INFO c.h.h.t.HelmChartContainer - [hivemq-test-hivemq-platform] [hivemq-platform-operator] [6198c6fa] 	at io.fabric8.kubernetes.client.http.ByteArrayBodyHandler.onBodyDone(ByteArrayBodyHandler.java:51)
2025-01-30 18:15:40,043 INFO c.h.h.t.HelmChartContainer - [hivemq-test-hivemq-platform] [hivemq-platform-operator] [6198c6fa] 	at java.base/java.util.concurrent.CompletableFuture.uniWhenComplete(Unknown Source)
2025-01-30 18:15:40,043 INFO c.h.h.t.HelmChartContainer - [hivemq-test-hivemq-platform] [hivemq-platform-operator] [6198c6fa] 	at java.base/java.util.concurrent.CompletableFuture$UniWhenComplete.tryFire(Unknown Source)
2025-01-30 18:15:40,043 INFO c.h.h.t.HelmChartContainer - [hivemq-test-hivemq-platform] [hivemq-platform-operator] [6198c6fa] 	at java.base/java.util.concurrent.CompletableFuture.postComplete(Unknown Source)
2025-01-30 18:15:40,043 INFO c.h.h.t.HelmChartContainer - [hivemq-test-hivemq-platform] [hivemq-platform-operator] [6198c6fa] 	at java.base/java.util.concurrent.CompletableFuture.complete(Unknown Source)
2025-01-30 18:15:40,043 INFO c.h.h.t.HelmChartContainer - [hivemq-test-hivemq-platform] [hivemq-platform-operator] [6198c6fa] 	at io.fabric8.kubernetes.client.vertx.VertxHttpRequest.lambda$null$1(VertxHttpRequest.java:121)
2025-01-30 18:15:40,043 INFO c.h.h.t.HelmChartContainer - [hivemq-test-hivemq-platform] [hivemq-platform-operator] [6198c6fa] 	at io.vertx.core.impl.ContextInternal.dispatch(ContextInternal.java:279)
2025-01-30 18:15:40,043 INFO c.h.h.t.HelmChartContainer - [hivemq-test-hivemq-platform] [hivemq-platform-operator] [6198c6fa] 	at io.vertx.core.impl.ContextInternal.dispatch(ContextInternal.java:261)
2025-01-30 18:15:40,043 INFO c.h.h.t.HelmChartContainer - [hivemq-test-hivemq-platform] [hivemq-platform-operator] [6198c6fa] 	at io.vertx.core.http.impl.HttpEventHandler.handleEnd(HttpEventHandler.java:76)
2025-01-30 18:15:40,043 INFO c.h.h.t.HelmChartContainer - [hivemq-test-hivemq-platform] [hivemq-platform-operator] [6198c6fa] 	at io.vertx.core.http.impl.HttpClientResponseImpl.handleEnd(HttpClientResponseImpl.java:250)
2025-01-30 18:15:40,043 INFO c.h.h.t.HelmChartContainer - [hivemq-test-hivemq-platform] [hivemq-platform-operator] [6198c6fa] 	at io.vertx.core.http.impl.Http1xClientConnection$StreamImpl.lambda$new$0(Http1xClientConnection.java:421)
2025-01-30 18:15:40,043 INFO c.h.h.t.HelmChartContainer - [hivemq-test-hivemq-platform] [hivemq-platform-operator] [6198c6fa] 	at io.vertx.core.streams.impl.InboundBuffer.handleEvent(InboundBuffer.java:279)
2025-01-30 18:15:40,043 INFO c.h.h.t.HelmChartContainer - [hivemq-test-hivemq-platform] [hivemq-platform-operator] [6198c6fa] 	at io.vertx.core.streams.impl.InboundBuffer.write(InboundBuffer.java:157)
2025-01-30 18:15:40,043 INFO c.h.h.t.HelmChartContainer - [hivemq-test-hivemq-platform] [hivemq-platform-operator] [6198c6fa] 	at io.vertx.core.http.impl.Http1xClientConnection$StreamImpl.handleEnd(Http1xClientConnection.java:709)
2025-01-30 18:15:40,043 INFO c.h.h.t.HelmChartContainer - [hivemq-test-hivemq-platform] [hivemq-platform-operator] [6198c6fa] 	at io.vertx.core.impl.ContextImpl.execute(ContextImpl.java:313)
2025-01-30 18:15:40,043 INFO c.h.h.t.HelmChartContainer - [hivemq-test-hivemq-platform] [hivemq-platform-operator] [6198c6fa] 	at io.vertx.core.impl.ContextImpl.execute(ContextImpl.java:293)
2025-01-30 18:15:40,043 INFO c.h.h.t.HelmChartContainer - [hivemq-test-hivemq-platform] [hivemq-platform-operator] [6198c6fa] 	at io.vertx.core.http.impl.Http1xClientConnection.handleResponseEnd(Http1xClientConnection.java:940)
2025-01-30 18:15:40,043 INFO c.h.h.t.HelmChartContainer - [hivemq-test-hivemq-platform] [hivemq-platform-operator] [6198c6fa] 	at io.vertx.core.http.impl.Http1xClientConnection.handleHttpMessage(Http1xClientConnection.java:810)
2025-01-30 18:15:40,043 INFO c.h.h.t.HelmChartContainer - [hivemq-test-hivemq-platform] [hivemq-platform-operator] [6198c6fa] 	at io.vertx.core.http.impl.Http1xClientConnection.handleMessage(Http1xClientConnection.java:774)
2025-01-30 18:15:40,043 INFO c.h.h.t.HelmChartContainer - [hivemq-test-hivemq-platform] [hivemq-platform-operator] [6198c6fa] 	at io.vertx.core.net.impl.ConnectionBase.read(ConnectionBase.java:159)
2025-01-30 18:15:40,043 INFO c.h.h.t.HelmChartContainer - [hivemq-test-hivemq-platform] [hivemq-platform-operator] [6198c6fa] 	at io.vertx.core.net.impl.VertxHandler.channelRead(VertxHandler.java:153)
2025-01-30 18:15:40,043 INFO c.h.h.t.HelmChartContainer - [hivemq-test-hivemq-platform] [hivemq-platform-operator] [6198c6fa] 	at io.netty.channel.AbstractChannelHandlerContext.invokeChannelRead(AbstractChannelHandlerContext.java:442)
2025-01-30 18:15:40,043 INFO c.h.h.t.HelmChartContainer - [hivemq-test-hivemq-platform] [hivemq-platform-operator] [6198c6fa] 	at io.netty.channel.AbstractChannelHandlerContext.invokeChannelRead(AbstractChannelHandlerContext.java:420)
2025-01-30 18:15:40,043 INFO c.h.h.t.HelmChartContainer - [hivemq-test-hivemq-platform] [hivemq-platform-operator] [6198c6fa] 	at io.netty.channel.AbstractChannelHandlerContext.fireChannelRead(AbstractChannelHandlerContext.java:412)
2025-01-30 18:15:40,043 INFO c.h.h.t.HelmChartContainer - [hivemq-test-hivemq-platform] [hivemq-platform-operator] [6198c6fa] 	at io.netty.channel.CombinedChannelDuplexHandler$DelegatingChannelHandlerContext.fireChannelRead(CombinedChannelDuplexHandler.java:436)
2025-01-30 18:15:40,043 INFO c.h.h.t.HelmChartContainer - [hivemq-test-hivemq-platform] [hivemq-platform-operator] [6198c6fa] 	at io.netty.handler.codec.ByteToMessageDecoder.fireChannelRead(ByteToMessageDecoder.java:346)
2025-01-30 18:15:40,043 INFO c.h.h.t.HelmChartContainer - [hivemq-test-hivemq-platform] [hivemq-platform-operator] [6198c6fa] 	at io.netty.handler.codec.ByteToMessageDecoder.channelRead(ByteToMessageDecoder.java:318)
2025-01-30 18:15:40,043 INFO c.h.h.t.HelmChartContainer - [hivemq-test-hivemq-platform] [hivemq-platform-operator] [6198c6fa] 	at io.netty.channel.CombinedChannelDuplexHandler.channelRead(CombinedChannelDuplexHandler.java:251)
2025-01-30 18:15:40,043 INFO c.h.h.t.HelmChartContainer - [hivemq-test-hivemq-platform] [hivemq-platform-operator] [6198c6fa] 	at io.netty.channel.AbstractChannelHandlerContext.invokeChannelRead(AbstractChannelHandlerContext.java:442)
2025-01-30 18:15:40,043 INFO c.h.h.t.HelmChartContainer - [hivemq-test-hivemq-platform] [hivemq-platform-operator] [6198c6fa] 	at io.netty.channel.AbstractChannelHandlerContext.invokeChannelRead(AbstractChannelHandlerContext.java:420)
2025-01-30 18:15:40,043 INFO c.h.h.t.HelmChartContainer - [hivemq-test-hivemq-platform] [hivemq-platform-operator] [6198c6fa] 	at io.netty.channel.AbstractChannelHandlerContext.fireChannelRead(AbstractChannelHandlerContext.java:412)
2025-01-30 18:15:40,043 INFO c.h.h.t.HelmChartContainer - [hivemq-test-hivemq-platform] [hivemq-platform-operator] [6198c6fa] 	at io.netty.handler.ssl.SslHandler.unwrap(SslHandler.java:1475)
2025-01-30 18:15:40,043 INFO c.h.h.t.HelmChartContainer - [hivemq-test-hivemq-platform] [hivemq-platform-operator] [6198c6fa] 	at io.netty.handler.ssl.SslHandler.decodeJdkCompatible(SslHandler.java:1338)
2025-01-30 18:15:40,043 INFO c.h.h.t.HelmChartContainer - [hivemq-test-hivemq-platform] [hivemq-platform-operator] [6198c6fa] 	at io.netty.handler.ssl.SslHandler.decode(SslHandler.java:1387)
2025-01-30 18:15:40,043 INFO c.h.h.t.HelmChartContainer - [hivemq-test-hivemq-platform] [hivemq-platform-operator] [6198c6fa] 	at io.netty.handler.codec.ByteToMessageDecoder.decodeRemovalReentryProtection(ByteToMessageDecoder.java:530)
2025-01-30 18:15:40,043 INFO c.h.h.t.HelmChartContainer - [hivemq-test-hivemq-platform] [hivemq-platform-operator] [6198c6fa] 	at io.netty.handler.codec.ByteToMessageDecoder.callDecode(ByteToMessageDecoder.java:469)
2025-01-30 18:15:40,043 INFO c.h.h.t.HelmChartContainer - [hivemq-test-hivemq-platform] [hivemq-platform-operator] [6198c6fa] 	at io.netty.handler.codec.ByteToMessageDecoder.channelRead(ByteToMessageDecoder.java:290)
2025-01-30 18:15:40,043 INFO c.h.h.t.HelmChartContainer - [hivemq-test-hivemq-platform] [hivemq-platform-operator] [6198c6fa] 	at io.netty.channel.AbstractChannelHandlerContext.invokeChannelRead(AbstractChannelHandlerContext.java:444)
2025-01-30 18:15:40,043 INFO c.h.h.t.HelmChartContainer - [hivemq-test-hivemq-platform] [hivemq-platform-operator] [6198c6fa] 	at io.netty.channel.AbstractChannelHandlerContext.invokeChannelRead(AbstractChannelHandlerContext.java:420)
2025-01-30 18:15:40,043 INFO c.h.h.t.HelmChartContainer - [hivemq-test-hivemq-platform] [hivemq-platform-operator] [6198c6fa] 	at io.netty.channel.AbstractChannelHandlerContext.fireChannelRead(AbstractChannelHandlerContext.java:412)
2025-01-30 18:15:40,043 INFO c.h.h.t.HelmChartContainer - [hivemq-test-hivemq-platform] [hivemq-platform-operator] [6198c6fa] 	at io.netty.channel.DefaultChannelPipeline$HeadContext.channelRead(DefaultChannelPipeline.java:1407)
2025-01-30 18:15:40,043 INFO c.h.h.t.HelmChartContainer - [hivemq-test-hivemq-platform] [hivemq-platform-operator] [6198c6fa] 	at io.netty.channel.AbstractChannelHandlerContext.invokeChannelRead(AbstractChannelHandlerContext.java:440)
2025-01-30 18:15:40,043 INFO c.h.h.t.HelmChartContainer - [hivemq-test-hivemq-platform] [hivemq-platform-operator] [6198c6fa] 	at io.netty.channel.AbstractChannelHandlerContext.invokeChannelRead(AbstractChannelHandlerContext.java:420)
2025-01-30 18:15:40,043 INFO c.h.h.t.HelmChartContainer - [hivemq-test-hivemq-platform] [hivemq-platform-operator] [6198c6fa] 	at io.netty.channel.DefaultChannelPipeline.fireChannelRead(DefaultChannelPipeline.java:918)
2025-01-30 18:15:40,043 INFO c.h.h.t.HelmChartContainer - [hivemq-test-hivemq-platform] [hivemq-platform-operator] [6198c6fa] 	at io.netty.channel.nio.AbstractNioByteChannel$NioByteUnsafe.read(AbstractNioByteChannel.java:166)
2025-01-30 18:15:40,043 INFO c.h.h.t.HelmChartContainer - [hivemq-test-hivemq-platform] [hivemq-platform-operator] [6198c6fa] 	at io.netty.channel.nio.NioEventLoop.processSelectedKey(NioEventLoop.java:788)
2025-01-30 18:15:40,043 INFO c.h.h.t.HelmChartContainer - [hivemq-test-hivemq-platform] [hivemq-platform-operator] [6198c6fa] 	at io.netty.channel.nio.NioEventLoop.processSelectedKeysOptimized(NioEventLoop.java:724)
2025-01-30 18:15:40,043 INFO c.h.h.t.HelmChartContainer - [hivemq-test-hivemq-platform] [hivemq-platform-operator] [6198c6fa] 	at io.netty.channel.nio.NioEventLoop.processSelectedKeys(NioEventLoop.java:650)
2025-01-30 18:15:40,043 INFO c.h.h.t.HelmChartContainer - [hivemq-test-hivemq-platform] [hivemq-platform-operator] [6198c6fa] 	at io.netty.channel.nio.NioEventLoop.run(NioEventLoop.java:562)
2025-01-30 18:15:40,043 INFO c.h.h.t.HelmChartContainer - [hivemq-test-hivemq-platform] [hivemq-platform-operator] [6198c6fa] 	at io.netty.util.concurrent.SingleThreadEventExecutor$4.run(SingleThreadEventExecutor.java:997)
2025-01-30 18:15:40,043 INFO c.h.h.t.HelmChartContainer - [hivemq-test-hivemq-platform] [hivemq-platform-operator] [6198c6fa] 	at io.netty.util.internal.ThreadExecutorMap$2.run(ThreadExecutorMap.java:74)
2025-01-30 18:15:40,043 INFO c.h.h.t.HelmChartContainer - [hivemq-test-hivemq-platform] [hivemq-platform-operator] [6198c6fa] 	at io.netty.util.concurrent.FastThreadLocalRunnable.run(FastThreadLocalRunnable.java:30)
2025-01-30 18:15:40,043 INFO c.h.h.t.HelmChartContainer - [hivemq-test-hivemq-platform] [hivemq-platform-operator] [6198c6fa] 	... 1 common frames omitted
2025-01-30 18:15:40,045 INFO c.h.h.t.HelmChartContainer - [hivemq-test-hivemq-platform] [hivemq-platform-operator] [6198c6fa] 18:15:40.044 [ReconcilerExecutor-hivemq-controller-122] INFO  c.h.p.o.HiveMQPlatformReconciler - [helmrest] Cleanup test-hivemq-platform - helmrestapiit HiveMQ Platform is shut down
2025-01-30 18:15:40,152 INFO c.h.h.t.HelmChartContainer - [POD] test-hivemq-platform-0 [7ddbfea8-f9b0-409f-b5c8-0aa2f535261d] in helmrestapiit was MODIFIED
2025-01-30 18:15:40,156 INFO c.h.h.t.HelmChartContainer - [EVENT] Normal [Killing] Stopping container hivemq [helmrestapiit:test-hivemq-platform-0]
2025-01-30 18:15:40,156 INFO c.h.h.t.HelmChartContainer - Received Killing event for container hivemq in pod test-hivemq-platform-0 [7ddbfea8-f9b0-409f-b5c8-0aa2f535261d]
2025-01-30 18:15:40,156 INFO c.h.h.t.HelmChartContainer - Container [test-hivemq-platform-0] [hivemq] [7ddbfea8-f9b0-409f-b5c8-0aa2f535261d] was terminated
2025-01-30 18:15:40,157 INFO c.h.h.t.HelmChartContainer - Stopped log watcher for hivemq in pod test-hivemq-platform-0 [7ddbfea8-f9b0-409f-b5c8-0aa2f535261d]
2025-01-30 18:15:40,170 INFO c.h.h.t.HelmChartContainer - [test-hivemq-platform] [hivemq] [7ddbfea8] INFO  - [HiveMQ Platform Operator Init App 1.7.0-SNAPSHOT] Shutting down
2025-01-30 18:15:40,170 INFO c.h.h.t.HelmChartContainer - [test-hivemq-platform] [hivemq] [7ddbfea8] INFO  - [HiveMQ Platform Operator Init App 1.7.0-SNAPSHOT] Stopping the HiveMQ Platform
2025-01-30 18:15:40,286 INFO c.h.h.t.HelmChartContainer - [test-hivemq-platform] [hivemq] [7ddbfea8] INFO  - Shutting down HiveMQ. Please wait, this could take a while...
2025-01-30 18:15:40,349 INFO c.h.h.t.HelmChartContainer - [test-hivemq-platform] [hivemq] [7ddbfea8] INFO  - Shutting down listeners and clients
2025-01-30 18:15:40,351 INFO c.h.h.t.HelmChartContainer - [test-hivemq-platform] [hivemq] [7ddbfea8] INFO  - Shutdown of listeners is done
2025-01-30 18:15:40,351 INFO c.h.h.t.HelmChartContainer - [test-hivemq-platform] [hivemq] [7ddbfea8] INFO  - No clients are connected, proceeding with shutdown
2025-01-30 18:15:40,587 INFO c.h.h.t.HelmChartContainer - [test-hivemq-platform] [hivemq] [7ddbfea8] INFO  - [HiveMQ Platform Operator Init App 1.7.0-SNAPSHOT] Returning shutdown Health API response 503 for readiness
2025-01-30 18:15:40,592 INFO c.h.h.t.HelmChartContainer - [EVENT] Warning [Unhealthy] Readiness probe failed: HTTP probe failed with statuscode: 503 [helmrestapiit:test-hivemq-platform-0]
2025-01-30 18:15:40,592 INFO c.h.h.t.HelmChartContainer - Received Unhealthy event for container hivemq in pod test-hivemq-platform-0 [7ddbfea8-f9b0-409f-b5c8-0aa2f535261d]
2025-01-30 18:15:41,248 INFO c.h.h.t.HelmChartContainer - [K3S] [authentication.go:74] "Unable to authenticate the request" err="[invalid bearer token, serviceaccounts \"hivemq-platform-pod-test-hivemq-platform\" not found]"
2025-01-30 18:15:41,265 INFO c.h.h.t.HelmChartContainer - [K3S] [authentication.go:74] "Unable to authenticate the request" err="[invalid bearer token, serviceaccounts \"hivemq-platform-pod-test-hivemq-platform\" not found]"
2025-01-30 18:15:41,350 INFO c.h.h.t.HelmChartContainer - [test-hivemq-platform] [hivemq] [7ddbfea8] WARN  - [HiveMQ Platform Operator Init App 1.7.0-SNAPSHOT] Could not update Pod annotations: Failure executing: GET at: https://10.43.0.1:443/api/v1/namespaces/helmrestapiit/pods/test-hivemq-platform-0. Message: Unauthorized. Received status: Status(apiVersion=v1, code=401, details=null, kind=Status, message=Unauthorized, metadata=ListMeta(_continue=null, remainingItemCount=null, resourceVersion=null, selfLink=null, additionalProperties={}), reason=Unauthorized, status=Failure, additionalProperties={}).
2025-01-30 18:15:41,827 INFO c.h.h.t.HelmChartContainer - Deleting namespace 'helmrestapiit'...
2025-01-30 18:15:42,858 INFO c.h.h.t.HelmChartContainer - [test-hivemq-platform] [hivemq] [7ddbfea8] INFO  - Shutting down extension system
2025-01-30 18:15:42,860 INFO c.h.h.t.HelmChartContainer - [test-hivemq-platform] [hivemq] [7ddbfea8] INFO  - Stopping extension with id hivemq-dns-cluster-discovery
2025-01-30 18:15:42,860 INFO c.h.h.t.HelmChartContainer - [test-hivemq-platform] [hivemq] [7ddbfea8] INFO  - Extension "DNS Cluster Discovery Extension" version 4.3.2 stopped successfully.
2025-01-30 18:15:42,861 INFO c.h.h.t.HelmChartContainer - [test-hivemq-platform] [hivemq] [7ddbfea8] INFO  - Stopping extension with id hivemq-prometheus-extension
2025-01-30 18:15:42,866 INFO c.h.h.t.HelmChartContainer - [test-hivemq-platform] [hivemq] [7ddbfea8] INFO  - Extension "Prometheus Monitoring Extension" version 4.0.12 stopped successfully.
2025-01-30 18:15:42,866 INFO c.h.h.t.HelmChartContainer - [test-hivemq-platform] [hivemq] [7ddbfea8] INFO  - Stopping extension with id hivemq-enterprise-security-extension
2025-01-30 18:15:42,867 INFO c.h.h.t.HelmChartContainer - [test-hivemq-platform] [hivemq] [7ddbfea8] INFO  - HiveMQ Enterprise Security Extension: Shutting down HiveMQ Enterprise Security Extension.
2025-01-30 18:15:45,591 INFO c.h.h.t.HelmChartContainer - [EVENT] Warning [Unhealthy] Readiness probe failed: HTTP probe failed with statuscode: 503 [helmrestapiit:test-hivemq-platform-0]
2025-01-30 18:15:45,592 INFO c.h.h.t.HelmChartContainer - Received Unhealthy event for container hivemq in pod test-hivemq-platform-0 [7ddbfea8-f9b0-409f-b5c8-0aa2f535261d]
2025-01-30 18:15:45,869 INFO c.h.h.t.HelmChartContainer - [test-hivemq-platform] [hivemq] [7ddbfea8] INFO  - HiveMQ Enterprise Security Extension: Stopped HiveMQ Enterprise Security Extension successfully in 3002ms.
2025-01-30 18:15:45,869 INFO c.h.h.t.HelmChartContainer - [test-hivemq-platform] [hivemq] [7ddbfea8] INFO  - Extension "HiveMQ Enterprise Security Extension" version 4.36.0 stopped successfully.
2025-01-30 18:15:46,354 INFO c.h.h.t.HelmChartContainer - [K3S] [authentication.go:74] "Unable to authenticate the request" err="[invalid bearer token, serviceaccounts \"hivemq-platform-pod-test-hivemq-platform\" not found]"
2025-01-30 18:15:46,366 INFO c.h.h.t.HelmChartContainer - [K3S] [authentication.go:74] "Unable to authenticate the request" err="[invalid bearer token, serviceaccounts \"hivemq-platform-pod-test-hivemq-platform\" not found]"
2025-01-30 18:15:46,368 INFO c.h.h.t.HelmChartContainer - [test-hivemq-platform] [hivemq] [7ddbfea8] WARN  - [HiveMQ Platform Operator Init App 1.7.0-SNAPSHOT] Could not update Pod annotations: Failure executing: GET at: https://10.43.0.1:443/api/v1/namespaces/helmrestapiit/pods/test-hivemq-platform-0. Message: Unauthorized. Received status: Status(apiVersion=v1, code=401, details=null, kind=Status, message=Unauthorized, metadata=ListMeta(_continue=null, remainingItemCount=null, resourceVersion=null, selfLink=null, additionalProperties={}), reason=Unauthorized, status=Failure, additionalProperties={}).
2025-01-30 18:15:46,846 INFO c.h.h.t.HelmChartContainer - [K3S] [stateful_set.go:466] "StatefulSet has been deleted" key="helmrestapiit/test-hivemq-platform"
2025-01-30 18:15:48,788 INFO c.h.h.t.HelmChartContainer - [test-hivemq-platform] [hivemq] [7ddbfea8] INFO  - Shutdown completed.
2025-01-30 18:15:49,149 INFO c.h.h.t.HelmChartContainer - [test-hivemq-platform] [hivemq] [7ddbfea8] INFO  - [HiveMQ Platform Operator Init App 1.7.0-SNAPSHOT] The HiveMQ Platform exited with code 143
2025-01-30 18:15:49,149 INFO c.h.h.t.HelmChartContainer - [test-hivemq-platform] [hivemq] [7ddbfea8] INFO  - [HiveMQ Platform Operator Init App 1.7.0-SNAPSHOT] Stopping the REST API
2025-01-30 18:15:49,184 INFO c.h.h.t.HelmChartContainer - [test-hivemq-platform] [hivemq] [7ddbfea8] INFO  - [HiveMQ Platform Operator Init App 1.7.0-SNAPSHOT] Shutdown complete
2025-01-30 18:15:49,639 INFO c.h.h.t.HelmChartContainer - [POD] test-hivemq-platform-0 [7ddbfea8-f9b0-409f-b5c8-0aa2f535261d] in helmrestapiit was MODIFIED
2025-01-30 18:15:49,661 INFO c.h.h.t.HelmChartContainer - [K3S] [reconciler_common.go:162] "operationExecutor.UnmountVolume started for volume \"ese-file-realm\" (UniqueName: \"kubernetes.io/configmap/7ddbfea8-f9b0-409f-b5c8-0aa2f535261d-ese-file-realm\") pod \"7ddbfea8-f9b0-409f-b5c8-0aa2f535261d\" (UID: \"7ddbfea8-f9b0-409f-b5c8-0aa2f535261d\") "
2025-01-30 18:15:49,661 INFO c.h.h.t.HelmChartContainer - [K3S] [reconciler_common.go:162] "operationExecutor.UnmountVolume started for volume \"extension-configuration-hivemq-enterprise-security-extension\" (UniqueName: \"kubernetes.io/configmap/7ddbfea8-f9b0-409f-b5c8-0aa2f535261d-extension-configuration-hivemq-enterprise-security-extension\") pod \"7ddbfea8-f9b0-409f-b5c8-0aa2f535261d\" (UID: \"7ddbfea8-f9b0-409f-b5c8-0aa2f535261d\") "
2025-01-30 18:15:49,662 INFO c.h.h.t.HelmChartContainer - [K3S] [reconciler_common.go:162] "operationExecutor.UnmountVolume started for volume \"operator-init\" (UniqueName: \"kubernetes.io/empty-dir/7ddbfea8-f9b0-409f-b5c8-0aa2f535261d-operator-init\") pod \"7ddbfea8-f9b0-409f-b5c8-0aa2f535261d\" (UID: \"7ddbfea8-f9b0-409f-b5c8-0aa2f535261d\") "
2025-01-30 18:15:49,662 INFO c.h.h.t.HelmChartContainer - [K3S] [reconciler_common.go:162] "operationExecutor.UnmountVolume started for volume \"pod-info\" (UniqueName: \"kubernetes.io/configmap/7ddbfea8-f9b0-409f-b5c8-0aa2f535261d-pod-info\") pod \"7ddbfea8-f9b0-409f-b5c8-0aa2f535261d\" (UID: \"7ddbfea8-f9b0-409f-b5c8-0aa2f535261d\") "
2025-01-30 18:15:49,663 INFO c.h.h.t.HelmChartContainer - [K3S] [reconciler_common.go:162] "operationExecutor.UnmountVolume started for volume \"kube-api-access-ghzjz\" (UniqueName: \"kubernetes.io/projected/7ddbfea8-f9b0-409f-b5c8-0aa2f535261d-kube-api-access-ghzjz\") pod \"7ddbfea8-f9b0-409f-b5c8-0aa2f535261d\" (UID: \"7ddbfea8-f9b0-409f-b5c8-0aa2f535261d\") "
2025-01-30 18:15:49,663 INFO c.h.h.t.HelmChartContainer - [K3S] [reconciler_common.go:162] "operationExecutor.UnmountVolume started for volume \"broker-configuration\" (UniqueName: \"kubernetes.io/configmap/7ddbfea8-f9b0-409f-b5c8-0aa2f535261d-broker-configuration\") pod \"7ddbfea8-f9b0-409f-b5c8-0aa2f535261d\" (UID: \"7ddbfea8-f9b0-409f-b5c8-0aa2f535261d\") "
2025-01-30 18:15:49,760 INFO c.h.h.t.HelmChartContainer - [K3S] [reconciler_common.go:299] "Volume detached for volume \"pod-info\" (UniqueName: \"kubernetes.io/configmap/7ddbfea8-f9b0-409f-b5c8-0aa2f535261d-pod-info\") on node \"8e4c0e52442e\" DevicePath \"\""
2025-01-30 18:15:49,760 INFO c.h.h.t.HelmChartContainer - [K3S] [reconciler_common.go:299] "Volume detached for volume \"kube-api-access-ghzjz\" (UniqueName: \"kubernetes.io/projected/7ddbfea8-f9b0-409f-b5c8-0aa2f535261d-kube-api-access-ghzjz\") on node \"8e4c0e52442e\" DevicePath \"\""
2025-01-30 18:15:49,760 INFO c.h.h.t.HelmChartContainer - [K3S] [reconciler_common.go:299] "Volume detached for volume \"broker-configuration\" (UniqueName: \"kubernetes.io/configmap/7ddbfea8-f9b0-409f-b5c8-0aa2f535261d-broker-configuration\") on node \"8e4c0e52442e\" DevicePath \"\""
2025-01-30 18:15:49,761 INFO c.h.h.t.HelmChartContainer - [K3S] [reconciler_common.go:299] "Volume detached for volume \"extension-configuration-hivemq-enterprise-security-extension\" (UniqueName: \"kubernetes.io/configmap/7ddbfea8-f9b0-409f-b5c8-0aa2f535261d-extension-configuration-hivemq-enterprise-security-extension\") on node \"8e4c0e52442e\" DevicePath \"\""
2025-01-30 18:15:49,761 INFO c.h.h.t.HelmChartContainer - [K3S] [reconciler_common.go:299] "Volume detached for volume \"ese-file-realm\" (UniqueName: \"kubernetes.io/configmap/7ddbfea8-f9b0-409f-b5c8-0aa2f535261d-ese-file-realm\") on node \"8e4c0e52442e\" DevicePath \"\""
2025-01-30 18:15:49,761 INFO c.h.h.t.HelmChartContainer - [K3S] [reconciler_common.go:299] "Volume detached for volume \"operator-init\" (UniqueName: \"kubernetes.io/empty-dir/7ddbfea8-f9b0-409f-b5c8-0aa2f535261d-operator-init\") on node \"8e4c0e52442e\" DevicePath \"\""
2025-01-30 18:15:50,502 INFO c.h.h.t.HelmChartContainer - [K3S] [scope.go:117] "RemoveContainer" containerID="c5a0c5f0cdea4e7cec55b9bbd7c2838c3f4e0902e13294f27373ac77530e9add"
2025-01-30 18:15:50,515 INFO c.h.h.t.HelmChartContainer - [POD] test-hivemq-platform-0 [7ddbfea8-f9b0-409f-b5c8-0aa2f535261d] in helmrestapiit was MODIFIED
2025-01-30 18:15:50,520 INFO c.h.h.t.HelmChartContainer - [POD] test-hivemq-platform-0 [7ddbfea8-f9b0-409f-b5c8-0aa2f535261d] in helmrestapiit was DELETED
2025-01-30 18:15:50,606 INFO c.h.h.t.HelmChartContainer - [K3S] [scope.go:117] "RemoveContainer" containerID="57d28c9df9cb542452773733d7a978ecd94428a4a5ac2f42a688d081c841b063"
2025-01-30 18:15:50,609 INFO c.h.h.t.HelmChartContainer - [K3S] [scope.go:117] "RemoveContainer" containerID="c5a0c5f0cdea4e7cec55b9bbd7c2838c3f4e0902e13294f27373ac77530e9add"
2025-01-30 18:15:50,609 INFO c.h.h.t.HelmChartContainer - [K3S] [scope.go:117] "RemoveContainer" containerID="57d28c9df9cb542452773733d7a978ecd94428a4a5ac2f42a688d081c841b063"
2025-01-30 18:15:52,159 INFO c.h.h.t.HelmChartContainer - Namespace 'helmrestapiit' deleted
2025-01-30 18:15:52,159 INFO c.h.h.t.HelmChartContainer - Release 'test-hivemq-platform' in namespace 'helmrestapiit' is uninstalled
2025-01-30 18:15:52,159 INFO c.h.h.t.HelmChartContainer - Uninstalling release 'test-hivemq-platform-operator' in namespace 'helmrestapiit-operator'...
2025-01-30 18:15:52,159 DEBUG c.h.h.t.HelmChartContainer - Executing helm command: /bin/helm --kubeconfig /etc/rancher/k3s/k3s.yaml uninstall test-hivemq-platform-operator  --wait --timeout 5m0s --cascade foreground --namespace helmrestapiit-operator
2025-01-30 18:15:52,181 INFO c.h.h.t.HelmChartContainer - [K3S] [kubelet_volumes.go:163] "Cleaned up orphaned pod volumes dir" podUID="7ddbfea8-f9b0-409f-b5c8-0aa2f535261d" path="/var/lib/kubelet/pods/7ddbfea8-f9b0-409f-b5c8-0aa2f535261d/volumes"
2025-01-30 18:15:52,335 INFO c.h.h.t.HelmChartContainer - [K3S] [replica_set.go:679] "Finished syncing" kind="ReplicaSet" key="helmrestapiit-operator/hivemq-test-hivemq-platform-operator-6966f96d65" duration="13.374189ms"
2025-01-30 18:15:52,340 INFO c.h.h.t.HelmChartContainer - [K3S] [replica_set.go:679] "Finished syncing" kind="ReplicaSet" key="helmrestapiit-operator/hivemq-test-hivemq-platform-operator-6966f96d65" duration="65.302µs"
2025-01-30 18:15:52,345 INFO c.h.h.t.HelmChartContainer - [POD] hivemq-test-hivemq-platform-operator-6966f96d65-6m2qh [6198c6fa-18fa-4192-b709-93a44b058694] in helmrestapiit-operator was MODIFIED
2025-01-30 18:15:52,352 INFO c.h.h.t.HelmChartContainer - [K3S] [replica_set.go:679] "Finished syncing" kind="ReplicaSet" key="helmrestapiit-operator/hivemq-test-hivemq-platform-operator-6966f96d65" duration="8.067631ms"
2025-01-30 18:15:52,353 INFO c.h.h.t.HelmChartContainer - [K3S] [replica_set.go:679] "Finished syncing" kind="ReplicaSet" key="helmrestapiit-operator/hivemq-test-hivemq-platform-operator-6966f96d65" duration="39.513µs"
2025-01-30 18:15:52,360 INFO c.h.h.t.HelmChartContainer - [EVENT] Normal [Killing] Stopping container hivemq-platform-operator [helmrestapiit-operator:hivemq-test-hivemq-platform-operator-6966f96d65-6m2qh]
2025-01-30 18:15:52,360 INFO c.h.h.t.HelmChartContainer - Received Killing event for container hivemq-platform-operator in pod hivemq-test-hivemq-platform-operator-6966f96d65-6m2qh [6198c6fa-18fa-4192-b709-93a44b058694]
2025-01-30 18:15:52,360 INFO c.h.h.t.HelmChartContainer - Container [hivemq-test-hivemq-platform-operator-6966f96d65-6m2qh] [hivemq-platform-operator] [6198c6fa-18fa-4192-b709-93a44b058694] was terminated
2025-01-30 18:15:52,360 INFO c.h.h.t.HelmChartContainer - Stopped log watcher for hivemq-platform-operator in pod hivemq-test-hivemq-platform-operator-6966f96d65-6m2qh [6198c6fa-18fa-4192-b709-93a44b058694]
2025-01-30 18:15:52,417 INFO c.h.h.t.HelmChartContainer - [hivemq-test-hivemq-platform] [hivemq-platform-operator] [6198c6fa] 18:15:52.416 [application-shutdown-thread] INFO  c.h.p.o.HiveMQPlatformOperatorApplication - HiveMQ Platform Operator is stopping...
2025-01-30 18:15:52,417 INFO c.h.h.t.HelmChartContainer - [hivemq-test-hivemq-platform] [hivemq-platform-operator] [6198c6fa] 18:15:52.416 [application-shutdown-thread] INFO  i.javaoperatorsdk.operator.Operator - Operator SDK 4.9.7 is shutting down...
2025-01-30 18:15:52,955 INFO c.h.h.t.HelmChartContainer - [K3S] [replica_set.go:679] "Finished syncing" kind="ReplicaSet" key="helmrestapiit-operator/hivemq-test-hivemq-platform-operator-6966f96d65" duration="38.221µs"
2025-01-30 18:15:52,957 INFO c.h.h.t.HelmChartContainer - [POD] hivemq-test-hivemq-platform-operator-6966f96d65-6m2qh [6198c6fa-18fa-4192-b709-93a44b058694] in helmrestapiit-operator was MODIFIED
2025-01-30 18:15:52,977 INFO c.h.h.t.HelmChartContainer - [K3S] [reconciler_common.go:162] "operationExecutor.UnmountVolume started for volume \"kube-api-access-2fccz\" (UniqueName: \"kubernetes.io/projected/6198c6fa-18fa-4192-b709-93a44b058694-kube-api-access-2fccz\") pod \"6198c6fa-18fa-4192-b709-93a44b058694\" (UID: \"6198c6fa-18fa-4192-b709-93a44b058694\") "
2025-01-30 18:15:53,077 INFO c.h.h.t.HelmChartContainer - [K3S] [reconciler_common.go:299] "Volume detached for volume \"kube-api-access-2fccz\" (UniqueName: \"kubernetes.io/projected/6198c6fa-18fa-4192-b709-93a44b058694-kube-api-access-2fccz\") on node \"8e4c0e52442e\" DevicePath \"\""
2025-01-30 18:15:53,508 INFO c.h.h.t.HelmChartContainer - [K3S] [scope.go:117] "RemoveContainer" containerID="4346b881d116a31a114dbd65b6c309e4d30f8f158bbc54dbde176624fe367993"
2025-01-30 18:15:53,511 INFO c.h.h.t.HelmChartContainer - [K3S] [scope.go:117] "RemoveContainer" containerID="4346b881d116a31a114dbd65b6c309e4d30f8f158bbc54dbde176624fe367993"
2025-01-30 18:15:53,519 INFO c.h.h.t.HelmChartContainer - [K3S] [replica_set.go:679] "Finished syncing" kind="ReplicaSet" key="helmrestapiit-operator/hivemq-test-hivemq-platform-operator-6966f96d65" duration="42.499µs"
2025-01-30 18:15:53,523 INFO c.h.h.t.HelmChartContainer - [K3S] [replica_set.go:679] "Finished syncing" kind="ReplicaSet" key="helmrestapiit-operator/hivemq-test-hivemq-platform-operator-6966f96d65" duration="35.786µs"
2025-01-30 18:15:53,524 INFO c.h.h.t.HelmChartContainer - [POD] hivemq-test-hivemq-platform-operator-6966f96d65-6m2qh [6198c6fa-18fa-4192-b709-93a44b058694] in helmrestapiit-operator was MODIFIED
2025-01-30 18:15:53,526 INFO c.h.h.t.HelmChartContainer - [POD] hivemq-test-hivemq-platform-operator-6966f96d65-6m2qh [6198c6fa-18fa-4192-b709-93a44b058694] in helmrestapiit-operator was DELETED
2025-01-30 18:15:53,536 INFO c.h.h.t.HelmChartContainer - [K3S] [replica_set.go:679] "Finished syncing" kind="ReplicaSet" key="helmrestapiit-operator/hivemq-test-hivemq-platform-operator-6966f96d65" duration="6.692µs"
2025-01-30 18:15:54,180 INFO c.h.h.t.HelmChartContainer - [K3S] [kubelet_volumes.go:163] "Cleaned up orphaned pod volumes dir" podUID="6198c6fa-18fa-4192-b709-93a44b058694" path="/var/lib/kubelet/pods/6198c6fa-18fa-4192-b709-93a44b058694/volumes"
2025-01-30 18:15:54,356 INFO c.h.h.t.HelmChartContainer - Deleting namespace 'helmrestapiit-operator'...
2025-01-30 18:15:57,068 INFO c.h.h.t.HelmChartContainer - [K3S] [namespace_controller.go:187] "Namespace has been deleted" namespace="helmrestapiit"
2025-01-30 18:15:59,573 INFO c.h.h.t.HelmChartContainer - Namespace 'helmrestapiit-operator' deleted
2025-01-30 18:15:59,573 INFO c.h.h.t.HelmChartContainer - Release 'test-hivemq-platform-operator' in namespace 'helmrestapiit-operator' is uninstalled
2025-01-30 18:16:00,290 INFO c.h.helmcharts.AbstractHelmChartIT - Removed unused containers:

2025-01-30 18:16:04,476 INFO c.h.h.t.HelmChartContainer - [K3S] [namespace_controller.go:187] "Namespace has been deleted" namespace="helmrestapiit-operator"
2025-01-30 18:16:07,981 INFO c.h.helmcharts.AbstractHelmChartIT - Removed unused snapshots:
Removing snapshot sha256:03af251906410714c5aef9fa705b63f6bbc39c4a5e787de7361eeb18886c2ed2
Removing snapshot sha256:0c46b3b43cce082ce5ec34ffc6c294e0417d17b9d1e6f366d114b6aadc4f96dc
Removing snapshot sha256:0ce761beee59082d6ed5bcebd3a805b8ddd9b3426b617e4809e7fb7c6587ffec
Removing snapshot sha256:0df91287303208332c8ff6ba40ae4710105201739addbfbddfb955f1ad593664
Removing snapshot sha256:1021ef88c7974bfff89c5a0ec4fd3160daac6c48a075f74cff721f85dd104e68
Removing snapshot sha256:10aba4953ddc18145dd38e3704709bc464aa20af60b56fe52caaff4b68411e62
Removing snapshot sha256:2573e0d8158209ed54ab25c87bcdcb00bd3d2539246960a3d592a1c599d70465
Removing snapshot sha256:32b89d6c3a45dc4cf6d8b5c6946d7c053e5779c69dcabceffbd5b261926e429f
Removing snapshot sha256:362a8a37f8bbc31925a8146adcf7cf51f9882f5c1dcbef67c5baa03a297543c0
Removing snapshot sha256:3fa4ad33f0ddc8fd45b39b6b4640f82a3a83619606cd975bfe89d8710ad2d4cd
Removing snapshot sha256:43a7c979bbaba6838bc3102d6b10a1459f3ab050b87ccdfef84ef90cf43d3058
Removing snapshot sha256:4ab04491cdf0d3267f08206fe30bd48f49f94b9cab2f016d6739220f722a64af
Removing snapshot sha256:4b6068250e89c96f263060261819c7d912855bfbd64b3eb4c4a8483299b8c295
Removing snapshot sha256:580e69a0a8034ede1921139bbd2bfb72a69ebf276d008281896c32dd8bf74775
Removing snapshot sha256:5d30ba46b27fe37484567ccc5242cadc78217b8da605f3f195ef25cbf7487904
Removing snapshot sha256:63ca1fbb43ae5034640e5e6cb3e083e05c290072c5366fcaa9d62435a4cced85
Removing snapshot sha256:67f702c6baae873bceb19487c8b1f27bd2b86077e4f2f0e480e6d60ab508b8f5
Removing snapshot sha256:6864348dd42806d552efdec384f1274be15e2d0c10ce44c1f04347af004c10a9
Removing snapshot sha256:6a4102f4b3b9e017c5fac841f993c4314ef459d8fb9bc8b421206562436352bd
Removing snapshot sha256:6c7dee8f2c39b84b7dc2711c01d33de93514d9055499173e9290176fbe484b6c
Removing snapshot sha256:82753493a6d61ded36556292f02f31841a14c20d2f279f19eaad65afb661d5cd
Removing snapshot sha256:8a10d3db42c505ee0fcfa98417bdd7e39b304f6bcc0a06bb1b220797ff2cc63c
Removing snapshot sha256:a21e5b12dbac529ad45d976eb9ce45c881f3bedcc500fb30aba1e52aa1813418
Removing snapshot sha256:b921e6c28969094157f9b8e7244677780319637afd14450b7cb6b2fdea558a0c
Removing snapshot sha256:bc27ecb5769a00e309cf99ebc763c4a4b958b618d1decc96ffac5bc05f02f5b7
Removing snapshot sha256:be3ccb6627a5332e309d45ef461d09b4879dd870c7394d89323d0ebc6ca6aa8a
Removing snapshot sha256:c261f7cbbc64211ee175ee47273acdb7b1a36a4450b397a064a8f2c026490095
Removing snapshot sha256:c34d9393647eea0c9e3557ab988efaf59f61d10a2a5613b439ef0958cca5ec10
Removing snapshot sha256:ccf3c4a0fa967a41c1c83497a2ce6fa5787965859df0adb32c4ca2cf7490bc2b
Removing snapshot sha256:cf92d33f869417309692088c341cd0f223c178ea78a125f757317b22aa8f90e9
Removing snapshot sha256:d0037344cf2fb078884f1849f6a1f8cf9a33a3b6139b6a85833e5ee528e1f9a8
Removing snapshot sha256:d3b36d5b79273b1e98e7700470eaeff05a882e777124d84cebcc1505b85ecb36
Removing snapshot sha256:d65a44a37914602d12c611e5e22a50f11451d847e63015cc1c2aef92dee777a4
Removing snapshot sha256:e2dc0bae2455930f23ae570e019b7f32edc75c0f2d71cab084db837ff9051796
Removing snapshot sha256:eccbd24a99c60cd9e86ee5305dbfc4a4dc89f5ab4fb1f06c8d64797cecedef34
Removing snapshot sha256:f144bb4c7c7f0d2aa7eeffd36d934ec40db1ee167be727e326aad9fdc616f475

]]></system-out>
  </testcase>
  <testcase name="platformChart_withCustomServiceName_thenCallsEndpoint()" classname="com.hivemq.helmcharts.services.HelmRestApiIT" time="98.807">
    <system-out><![CDATA[2025-01-30 18:16:07,983 INFO c.h.h.t.HelmChartContainer - Creating namespace 'helmrestapiit-operator'...
2025-01-30 18:16:07,990 INFO c.h.h.t.HelmChartContainer - Namespace 'helmrestapiit-operator' created
2025-01-30 18:16:07,991 INFO c.h.h.t.HelmChartContainer - Creating namespace 'helmrestapiit'...
2025-01-30 18:16:08,002 INFO c.h.h.t.HelmChartContainer - Namespace 'helmrestapiit' created
2025-01-30 18:16:08,086 DEBUG c.h.h.t.HelmChartContainer - Executing helm command: /bin/helm --kubeconfig /etc/rancher/k3s/k3s.yaml install test-hivemq-platform-operator /charts/hivemq-platform-operator --wait --timeout 5m0s --set image.repository=docker.io/hivemq --set image.name=hivemq-platform-operator-test --set image.initImageName=hivemq-platform-operator-init-test --set image.tag=snapshot --set image.pullPolicy=Never --set logLevel=DEBUG --set resources.cpu=512m --namespace helmrestapiit-operator
2025-01-30 18:16:08,391 INFO c.h.h.t.HelmChartContainer - [K3S] [alloc.go:330] "allocated clusterIPs" service="helmrestapiit-operator/hivemq-platform-operator-test-hivemq-platform-operator" clusterIPs={"IPv4":"10.43.49.147"}
2025-01-30 18:16:08,409 INFO c.h.h.t.HelmChartContainer - [EVENT] Normal [ScalingReplicaSet] Scaled up replica set hivemq-test-hivemq-platform-operator-6966f96d65 from 0 to 1 [helmrestapiit-operator:hivemq-test-hivemq-platform-operator]
2025-01-30 18:16:08,418 INFO c.h.h.t.HelmChartContainer - [POD] hivemq-test-hivemq-platform-operator-6966f96d65-ngcxs [fe9b9658-8244-4e9e-9667-49a46c425217] in helmrestapiit-operator was ADDED
2025-01-30 18:16:08,427 INFO c.h.h.t.HelmChartContainer - [POD] hivemq-test-hivemq-platform-operator-6966f96d65-ngcxs [fe9b9658-8244-4e9e-9667-49a46c425217] in helmrestapiit-operator was MODIFIED
2025-01-30 18:16:08,427 INFO c.h.h.t.HelmChartContainer - [EVENT] Normal [SuccessfulCreate] Created pod: hivemq-test-hivemq-platform-operator-6966f96d65-ngcxs [helmrestapiit-operator:hivemq-test-hivemq-platform-operator-6966f96d65]
2025-01-30 18:16:08,428 INFO c.h.h.t.HelmChartContainer - [K3S] [memory_manager.go:355] "RemoveStaleState removing state" podUID="6198c6fa-18fa-4192-b709-93a44b058694" containerName="hivemq-platform-operator"
2025-01-30 18:16:08,428 INFO c.h.h.t.HelmChartContainer - [K3S] [memory_manager.go:355] "RemoveStaleState removing state" podUID="7ddbfea8-f9b0-409f-b5c8-0aa2f535261d" containerName="hivemq"
2025-01-30 18:16:08,430 INFO c.h.h.t.HelmChartContainer - [K3S] [replica_set.go:679] "Finished syncing" kind="ReplicaSet" key="helmrestapiit-operator/hivemq-test-hivemq-platform-operator-6966f96d65" duration="24.836495ms"
2025-01-30 18:16:08,436 INFO c.h.h.t.HelmChartContainer - [EVENT] Normal [Scheduled] Successfully assigned helmrestapiit-operator/hivemq-test-hivemq-platform-operator-6966f96d65-ngcxs to 8e4c0e52442e [helmrestapiit-operator:hivemq-test-hivemq-platform-operator-6966f96d65-ngcxs]
2025-01-30 18:16:08,445 INFO c.h.h.t.HelmChartContainer - [POD] hivemq-test-hivemq-platform-operator-6966f96d65-ngcxs [fe9b9658-8244-4e9e-9667-49a46c425217] in helmrestapiit-operator was MODIFIED
2025-01-30 18:16:08,449 INFO c.h.h.t.HelmChartContainer - [K3S] [replica_set.go:679] "Finished syncing" kind="ReplicaSet" key="helmrestapiit-operator/hivemq-test-hivemq-platform-operator-6966f96d65" duration="19.746096ms"
2025-01-30 18:16:08,464 INFO c.h.h.t.HelmChartContainer - [K3S] [replica_set.go:679] "Finished syncing" kind="ReplicaSet" key="helmrestapiit-operator/hivemq-test-hivemq-platform-operator-6966f96d65" duration="14.555105ms"
2025-01-30 18:16:08,464 INFO c.h.h.t.HelmChartContainer - [K3S] [replica_set.go:679] "Finished syncing" kind="ReplicaSet" key="helmrestapiit-operator/hivemq-test-hivemq-platform-operator-6966f96d65" duration="45.985µs"
2025-01-30 18:16:08,474 INFO c.h.h.t.HelmChartContainer - [K3S] [reconciler_common.go:251] "operationExecutor.VerifyControllerAttachedVolume started for volume \"kube-api-access-6dk8j\" (UniqueName: \"kubernetes.io/projected/fe9b9658-8244-4e9e-9667-49a46c425217-kube-api-access-6dk8j\") pod \"hivemq-test-hivemq-platform-operator-6966f96d65-ngcxs\" (UID: \"fe9b9658-8244-4e9e-9667-49a46c425217\") " pod="helmrestapiit-operator/hivemq-test-hivemq-platform-operator-6966f96d65-ngcxs"
2025-01-30 18:16:08,822 INFO c.h.h.t.HelmChartContainer - [EVENT] Normal [Pulled] Container image "docker.io/hivemq/hivemq-platform-operator-test:snapshot" already present on machine [helmrestapiit-operator:hivemq-test-hivemq-platform-operator-6966f96d65-ngcxs]
2025-01-30 18:16:08,823 INFO c.h.h.t.HelmChartContainer - Received Pulled event for container hivemq-platform-operator in pod hivemq-test-hivemq-platform-operator-6966f96d65-ngcxs [fe9b9658-8244-4e9e-9667-49a46c425217]
2025-01-30 18:16:10,089 INFO c.h.h.t.HelmChartContainer - [EVENT] Normal [Created] Created container: hivemq-platform-operator [helmrestapiit-operator:hivemq-test-hivemq-platform-operator-6966f96d65-ngcxs]
2025-01-30 18:16:10,089 INFO c.h.h.t.HelmChartContainer - Received Created event for container hivemq-platform-operator in pod hivemq-test-hivemq-platform-operator-6966f96d65-ngcxs [fe9b9658-8244-4e9e-9667-49a46c425217]
2025-01-30 18:16:10,548 INFO c.h.h.t.HelmChartContainer - [K3S] [replica_set.go:679] "Finished syncing" kind="ReplicaSet" key="helmrestapiit-operator/hivemq-test-hivemq-platform-operator-6966f96d65" duration="55.022µs"
2025-01-30 18:16:10,549 INFO c.h.h.t.HelmChartContainer - [POD] hivemq-test-hivemq-platform-operator-6966f96d65-ngcxs [fe9b9658-8244-4e9e-9667-49a46c425217] in helmrestapiit-operator was MODIFIED
2025-01-30 18:16:10,560 INFO c.h.h.t.HelmChartContainer - Started log watcher for hivemq-platform-operator in pod hivemq-test-hivemq-platform-operator-6966f96d65-ngcxs [fe9b9658-8244-4e9e-9667-49a46c425217]
2025-01-30 18:16:10,560 INFO c.h.h.t.HelmChartContainer - [EVENT] Normal [Started] Started container hivemq-platform-operator [helmrestapiit-operator:hivemq-test-hivemq-platform-operator-6966f96d65-ngcxs]
2025-01-30 18:16:10,560 INFO c.h.h.t.HelmChartContainer - Received Started event for container hivemq-platform-operator in pod hivemq-test-hivemq-platform-operator-6966f96d65-ngcxs [fe9b9658-8244-4e9e-9667-49a46c425217]
2025-01-30 18:16:10,560 INFO c.h.h.t.HelmChartContainer - [hivemq-test-hivemq-platform] [hivemq-platform-operator] [fe9b9658] -------------------------------------------------------------------------
2025-01-30 18:16:10,560 INFO c.h.h.t.HelmChartContainer - [hivemq-test-hivemq-platform] [hivemq-platform-operator] [fe9b9658] 
2025-01-30 18:16:10,561 INFO c.h.h.t.HelmChartContainer - [hivemq-test-hivemq-platform] [hivemq-platform-operator] [fe9b9658]                   _    _  _              __  __   ____
2025-01-30 18:16:10,561 INFO c.h.h.t.HelmChartContainer - [hivemq-test-hivemq-platform] [hivemq-platform-operator] [fe9b9658]                  | |  | |(_)            |  \/  | / __ \
2025-01-30 18:16:10,561 INFO c.h.h.t.HelmChartContainer - [hivemq-test-hivemq-platform] [hivemq-platform-operator] [fe9b9658]                  | |__| | _ __   __ ___ | \  / || |  | |
2025-01-30 18:16:10,561 INFO c.h.h.t.HelmChartContainer - [hivemq-test-hivemq-platform] [hivemq-platform-operator] [fe9b9658]                  |  __  || |\ \ / // _ \| |\/| || |  | |
2025-01-30 18:16:10,561 INFO c.h.h.t.HelmChartContainer - [hivemq-test-hivemq-platform] [hivemq-platform-operator] [fe9b9658]                  | |  | || | \ V /|  __/| |  | || |__| |
2025-01-30 18:16:10,561 INFO c.h.h.t.HelmChartContainer - [hivemq-test-hivemq-platform] [hivemq-platform-operator] [fe9b9658]                  |_|  |_||_|  \_/  \___||_|  |_| \___\_\
2025-01-30 18:16:10,561 INFO c.h.h.t.HelmChartContainer - [hivemq-test-hivemq-platform] [hivemq-platform-operator] [fe9b9658] 
2025-01-30 18:16:10,561 INFO c.h.h.t.HelmChartContainer - [hivemq-test-hivemq-platform] [hivemq-platform-operator] [fe9b9658] -------------------------------------------------------------------------
2025-01-30 18:16:10,561 INFO c.h.h.t.HelmChartContainer - [hivemq-test-hivemq-platform] [hivemq-platform-operator] [fe9b9658] 
2025-01-30 18:16:10,561 INFO c.h.h.t.HelmChartContainer - [hivemq-test-hivemq-platform] [hivemq-platform-operator] [fe9b9658]   HiveMQ Platform Operator Start Script v1.0
2025-01-30 18:16:10,561 INFO c.h.h.t.HelmChartContainer - [hivemq-test-hivemq-platform] [hivemq-platform-operator] [fe9b9658] 
2025-01-30 18:16:10,561 INFO c.h.h.t.HelmChartContainer - [hivemq-test-hivemq-platform] [hivemq-platform-operator] [fe9b9658] -------------------------------------------------------------------------
2025-01-30 18:16:10,561 INFO c.h.h.t.HelmChartContainer - [hivemq-test-hivemq-platform] [hivemq-platform-operator] [fe9b9658] 
2025-01-30 18:16:10,561 INFO c.h.h.t.HelmChartContainer - [hivemq-test-hivemq-platform] [hivemq-platform-operator] [fe9b9658]   JAVA_OPTS: -XX:+UnlockExperimentalVMOptions -XX:InitialRAMPercentage=75 -XX:MaxRAMPercentage=75 -Duser.language=en -Duser.region=US
2025-01-30 18:16:10,561 INFO c.h.h.t.HelmChartContainer - [hivemq-test-hivemq-platform] [hivemq-platform-operator] [fe9b9658] 
2025-01-30 18:16:10,561 INFO c.h.h.t.HelmChartContainer - [hivemq-test-hivemq-platform] [hivemq-platform-operator] [fe9b9658]   JAVA_VERSION: 21
2025-01-30 18:16:10,561 INFO c.h.h.t.HelmChartContainer - [hivemq-test-hivemq-platform] [hivemq-platform-operator] [fe9b9658] 
2025-01-30 18:16:10,561 INFO c.h.h.t.HelmChartContainer - [hivemq-test-hivemq-platform] [hivemq-platform-operator] [fe9b9658] -------------------------------------------------------------------------
2025-01-30 18:16:10,561 INFO c.h.h.t.HelmChartContainer - [hivemq-test-hivemq-platform] [hivemq-platform-operator] [fe9b9658] 
2025-01-30 18:16:13,332 INFO c.h.h.t.HelmChartContainer - [hivemq-test-hivemq-platform] [hivemq-platform-operator] [fe9b9658] 18:16:13.330 [main] DEBUG org.jboss.logging - Logging Provider: org.jboss.logging.Slf4jLoggerProvider
2025-01-30 18:16:13,437 INFO c.h.h.t.HelmChartContainer - [hivemq-test-hivemq-platform] [hivemq-platform-operator] [fe9b9658] 18:16:13.436 [main] DEBUG io.smallrye.config - SRCFG01006: Loaded ConfigSource SysPropConfigSource with ordinal 400
2025-01-30 18:16:13,438 INFO c.h.h.t.HelmChartContainer - [hivemq-test-hivemq-platform] [hivemq-platform-operator] [fe9b9658] 18:16:13.436 [main] DEBUG io.smallrye.config - SRCFG01006: Loaded ConfigSource EnvConfigSource with ordinal 300
2025-01-30 18:16:13,438 INFO c.h.h.t.HelmChartContainer - [hivemq-test-hivemq-platform] [hivemq-platform-operator] [fe9b9658] 18:16:13.436 [main] DEBUG io.smallrye.config - SRCFG01006: Loaded ConfigSource PropertiesConfigSource[source=jar:file:///opt/hivemq-platform-operator/bin/hivemq-platform-operator.jar!/hivemq-platform-operator.properties] with ordinal 100
2025-01-30 18:16:13,438 INFO c.h.h.t.HelmChartContainer - [hivemq-test-hivemq-platform] [hivemq-platform-operator] [fe9b9658] 18:16:13.436 [main] DEBUG io.smallrye.config - SRCFG01006: Loaded ConfigSource DefaultValuesConfigSource with ordinal -2147483648
2025-01-30 18:16:13,544 INFO c.h.h.t.HelmChartContainer - [hivemq-test-hivemq-platform] [hivemq-platform-operator] [fe9b9658] 18:16:13.543 [main] DEBUG i.m.c.u.i.l.InternalLoggerFactory - Using SLF4J as the default logging framework
2025-01-30 18:16:13,725 INFO c.h.h.t.HelmChartContainer - [hivemq-test-hivemq-platform] [hivemq-platform-operator] [fe9b9658] 18:16:13.718 [main] INFO  c.h.p.o.HiveMQPlatformOperatorApplication - HiveMQ Platform Operator 1.7.0-SNAPSHOT (commit: 47e3375 on branch: HEAD) built on Thu Jan 30 03:55:50 UTC 2025
2025-01-30 18:16:13,726 INFO c.h.h.t.HelmChartContainer - [hivemq-test-hivemq-platform] [hivemq-platform-operator] [fe9b9658] 18:16:13.724 [main] INFO  c.h.p.o.HiveMQPlatformOperatorApplication - HiveMQ Platform Operator is running in namespace: helmrestapiit-operator
2025-01-30 18:16:13,726 INFO c.h.h.t.HelmChartContainer - [hivemq-test-hivemq-platform] [hivemq-platform-operator] [fe9b9658] 18:16:13.725 [main] INFO  c.h.p.o.HiveMQPlatformOperatorApplication - Watching all namespaces
2025-01-30 18:16:13,726 INFO c.h.h.t.HelmChartContainer - [hivemq-test-hivemq-platform] [hivemq-platform-operator] [fe9b9658] 18:16:13.725 [main] INFO  c.h.p.o.HiveMQPlatformOperatorApplication - Log level: DEBUG
2025-01-30 18:16:13,726 INFO c.h.h.t.HelmChartContainer - [hivemq-test-hivemq-platform] [hivemq-platform-operator] [fe9b9658] 18:16:13.725 [main] INFO  c.h.p.o.HiveMQPlatformOperatorApplication - Release name: test-hivemq-platform-operator
2025-01-30 18:16:13,726 INFO c.h.h.t.HelmChartContainer - [hivemq-test-hivemq-platform] [hivemq-platform-operator] [fe9b9658] 18:16:13.725 [main] INFO  c.h.p.o.HiveMQPlatformOperatorApplication - HiveMQ Platform Operator Init image: docker.io/hivemq/hivemq-platform-operator-init-test:snapshot
2025-01-30 18:16:13,726 INFO c.h.h.t.HelmChartContainer - [hivemq-test-hivemq-platform] [hivemq-platform-operator] [fe9b9658] 18:16:13.725 [main] INFO  c.h.p.o.HiveMQPlatformOperatorApplication - HiveMQ Platform Operator Init App update URL: http://hivemq-platform-operator-test-hivemq-platform-operator.helmrestapiit-operator.svc:8080/initAppUpdate/hivemq-platform-operator-init-app-1.7.0-SNAPSHOT.jar
2025-01-30 18:16:13,726 INFO c.h.h.t.HelmChartContainer - [hivemq-test-hivemq-platform] [hivemq-platform-operator] [fe9b9658] 18:16:13.725 [main] INFO  c.h.p.o.HiveMQPlatformOperatorApplication - Additional imagePullSecret for all Platform deployments: none
2025-01-30 18:16:13,726 INFO c.h.h.t.HelmChartContainer - [hivemq-test-hivemq-platform] [hivemq-platform-operator] [fe9b9658] 18:16:13.725 [main] INFO  c.h.p.o.HiveMQPlatformOperatorApplication - Apply HiveMQ Platform CRD: true
2025-01-30 18:16:13,726 INFO c.h.h.t.HelmChartContainer - [hivemq-test-hivemq-platform] [hivemq-platform-operator] [fe9b9658] 18:16:13.725 [main] INFO  c.h.p.o.HiveMQPlatformOperatorApplication - Create Platform ServiceAccount: true
2025-01-30 18:16:13,726 INFO c.h.h.t.HelmChartContainer - [hivemq-test-hivemq-platform] [hivemq-platform-operator] [fe9b9658] 18:16:13.725 [main] INFO  c.h.p.o.HiveMQPlatformOperatorApplication - Create Platform ServiceAccount permissions: true
2025-01-30 18:16:13,726 INFO c.h.h.t.HelmChartContainer - [hivemq-test-hivemq-platform] [hivemq-platform-operator] [fe9b9658] 18:16:13.725 [main] INFO  c.h.p.o.HiveMQPlatformOperatorApplication - Validate Platform ServiceAccount: true
2025-01-30 18:16:13,726 INFO c.h.h.t.HelmChartContainer - [hivemq-test-hivemq-platform] [hivemq-platform-operator] [fe9b9658] 18:16:13.725 [main] INFO  c.h.p.o.HiveMQPlatformOperatorApplication - Validate Platform ServiceAccount permissions: true
2025-01-30 18:16:13,846 INFO c.h.h.t.HelmChartContainer - [hivemq-test-hivemq-platform] [hivemq-platform-operator] [fe9b9658] 18:16:13.845 [main] INFO  c.h.platform.operator.util.CRDUtil - Verifying deployed HiveMQ Platform CRD...
2025-01-30 18:16:16,230 INFO c.h.h.t.HelmChartContainer - [hivemq-test-hivemq-platform] [hivemq-platform-operator] [fe9b9658] 18:16:16.229 [main] DEBUG c.h.platform.operator.util.CRDUtil - HiveMQ Platform CRD version v1 is up to date
2025-01-30 18:16:16,231 INFO c.h.h.t.HelmChartContainer - [hivemq-test-hivemq-platform] [hivemq-platform-operator] [fe9b9658] 18:16:16.229 [main] INFO  c.h.platform.operator.util.CRDUtil - HiveMQ Platform CRD is up to date (version: V1_6_0)
2025-01-30 18:16:16,231 INFO c.h.h.t.HelmChartContainer - [hivemq-test-hivemq-platform] [hivemq-platform-operator] [fe9b9658] 18:16:16.229 [main] INFO  c.h.platform.operator.util.CRDUtil - Waiting 10000 ms for HiveMQ Platform CRD 'hivemq-platforms.hivemq.com' to become ready...
2025-01-30 18:16:16,527 INFO c.h.h.t.HelmChartContainer - [hivemq-test-hivemq-platform] [hivemq-platform-operator] [fe9b9658] 18:16:16.525 [vert.x-eventloop-thread-1] DEBUG c.h.platform.operator.util.CRDUtil - Checking CRD condition 'NamesAccepted' (status: 'True')
2025-01-30 18:16:16,527 INFO c.h.h.t.HelmChartContainer - [hivemq-test-hivemq-platform] [hivemq-platform-operator] [fe9b9658] 18:16:16.525 [vert.x-eventloop-thread-1] DEBUG c.h.platform.operator.util.CRDUtil - Checking CRD condition 'Established' (status: 'True')
2025-01-30 18:16:16,528 INFO c.h.h.t.HelmChartContainer - [hivemq-test-hivemq-platform] [hivemq-platform-operator] [fe9b9658] 18:16:16.528 [main] INFO  c.h.platform.operator.util.CRDUtil - HiveMQ Platform CRD 'hivemq-platforms.hivemq.com' is ready
2025-01-30 18:16:16,642 INFO c.h.h.t.HelmChartContainer - [hivemq-test-hivemq-platform] [hivemq-platform-operator] [fe9b9658] 18:16:16.641 [main] INFO  c.h.p.o.HiveMQPlatformReconciler - HiveMQ Platform Operator is starting...
2025-01-30 18:16:16,739 INFO c.h.h.t.HelmChartContainer - [hivemq-test-hivemq-platform] [hivemq-platform-operator] [fe9b9658] 18:16:16.737 [main] WARN  Default ConfigurationService implementation - Configuration for reconciler 'hivemq-controller' was not found. Known reconcilers: None.
2025-01-30 18:16:16,822 INFO c.h.h.t.HelmChartContainer - [hivemq-test-hivemq-platform] [hivemq-platform-operator] [fe9b9658] 18:16:16.820 [main] INFO  Default ConfigurationService implementation - Created configuration for reconciler com.hivemq.platform.operator.HiveMQPlatformReconciler with name hivemq-controller
2025-01-30 18:16:16,923 INFO c.h.h.t.HelmChartContainer - [hivemq-test-hivemq-platform] [hivemq-platform-operator] [fe9b9658] 18:16:16.922 [main] DEBUG c.h.p.o.HiveMQPlatformReconciler - HiveMQ Platform Operator is preparing EventSources
2025-01-30 18:16:16,935 INFO c.h.h.t.HelmChartContainer - [hivemq-test-hivemq-platform] [hivemq-platform-operator] [fe9b9658] 18:16:16.934 [main] INFO  i.javaoperatorsdk.operator.Operator - Registered reconciler: 'hivemq-controller' for resource: 'class com.hivemq.platform.operator.v1.HiveMQPlatform' for namespace(s): [all namespaces]
2025-01-30 18:16:17,444 INFO c.h.h.t.HelmChartContainer - [hivemq-test-hivemq-platform] [hivemq-platform-operator] [fe9b9658] 18:16:17.443 [main] INFO  c.h.p.operator.webserver.JettyServer - Starting Jetty server on port 8080
2025-01-30 18:16:17,541 INFO c.h.h.t.HelmChartContainer - [hivemq-test-hivemq-platform] [hivemq-platform-operator] [fe9b9658] 18:16:17.540 [main] INFO  i.javaoperatorsdk.operator.Operator - Operator SDK 4.9.7 (commit: 2133d28) built on Wed Nov 20 12:56:20 UTC 2024 starting...
2025-01-30 18:16:17,541 INFO c.h.h.t.HelmChartContainer - [hivemq-test-hivemq-platform] [hivemq-platform-operator] [fe9b9658] 18:16:17.540 [main] INFO  i.javaoperatorsdk.operator.Operator - Client version: 6.13.5
2025-01-30 18:16:17,542 INFO c.h.h.t.HelmChartContainer - [hivemq-test-hivemq-platform] [hivemq-platform-operator] [fe9b9658] 18:16:17.542 [Controller Starter for: hivemq-controller] INFO  i.j.operator.processing.Controller - Starting 'hivemq-controller' controller for reconciler: com.hivemq.platform.operator.HiveMQPlatformReconciler, resource: com.hivemq.platform.operator.v1.HiveMQPlatform
2025-01-30 18:16:20,229 INFO c.h.h.t.HelmChartContainer - [hivemq-test-hivemq-platform] [hivemq-platform-operator] [fe9b9658] 18:16:20.228 [Controller Starter for: hivemq-controller] INFO  i.j.operator.processing.Controller - 'hivemq-controller' controller started
2025-01-30 18:16:20,230 INFO c.h.h.t.HelmChartContainer - [hivemq-test-hivemq-platform] [hivemq-platform-operator] [fe9b9658] 18:16:20.229 [main] INFO  c.h.p.o.HiveMQPlatformOperatorApplication - HiveMQ Platform Operator 1.7.0-SNAPSHOT started in 6511 ms
2025-01-30 18:16:21,556 INFO c.h.h.t.HelmChartContainer - [POD] hivemq-test-hivemq-platform-operator-6966f96d65-ngcxs [fe9b9658-8244-4e9e-9667-49a46c425217] in helmrestapiit-operator was MODIFIED
2025-01-30 18:16:21,562 INFO c.h.h.t.HelmChartContainer - [K3S] [replica_set.go:679] "Finished syncing" kind="ReplicaSet" key="helmrestapiit-operator/hivemq-test-hivemq-platform-operator-6966f96d65" duration="10.753376ms"
2025-01-30 18:16:21,568 INFO c.h.h.t.HelmChartContainer - [K3S] [replica_set.go:679] "Finished syncing" kind="ReplicaSet" key="helmrestapiit-operator/hivemq-test-hivemq-platform-operator-6966f96d65" duration="54.221µs"
2025-01-30 18:16:22,533 DEBUG c.h.h.t.HelmChartContainer - Executing helm command: /bin/helm --kubeconfig /etc/rancher/k3s/k3s.yaml install test-hivemq-platform /charts/hivemq-platform --wait --timeout 5m0s --set image.repository=docker.io/hivemq --set image.tag=4.36.0 --set image.pullPolicy=Never --set nodes.resources.cpu=512m -f /files/custom-service-names-values.yaml --namespace helmrestapiit
2025-01-30 18:16:22,820 INFO c.h.h.t.HelmChartContainer - [hivemq-test-hivemq-platform] [hivemq-platform-operator] [fe9b9658] 18:16:22.818 [-2082509879-pool-1-thread-4] WARN  i.m.p.PrometheusMeterRegistry - The meter (MeterId{name='operator.sdk.events.received', tags=[tag(action=ADDED),tag(event=ResourceEvent),tag(group=hivemq.com),tag(kind=HiveMQPlatform),tag(name=test-hivemq-platform),tag(namespace=helmrestapiit),tag(scope=namespace),tag(version=v1)]}) registration has failed: Prometheus requires that all meters with the same name have the same set of tag keys. There is already an existing meter named 'operator.sdk.events.received' containing tag keys [event, group, kind, name, namespace, scope, version]. The meter you are attempting to register has keys [action, event, group, kind, name, namespace, scope, version]. Note that subsequent logs will be logged at debug level.
2025-01-30 18:16:23,222 INFO c.h.h.t.HelmChartContainer - [hivemq-test-hivemq-platform] [hivemq-platform-operator] [fe9b9658] 18:16:23.218 [pool-6-thread-3] DEBUG c.h.p.o.dependants.PodInfoConfigMap - [helmrest] Desired PodInfo ConfigMap (1 extensions) (1 enabled)
2025-01-30 18:16:23,222 INFO c.h.h.t.HelmChartContainer - [hivemq-test-hivemq-platform] [hivemq-platform-operator] [fe9b9658] 18:16:23.219 [pool-6-thread-3] DEBUG c.h.p.o.dependants.PodInfoConfigMap - [helmrest] Desired PodInfo ConfigMap (metrics port: 9399) (metrics path: /)
2025-01-30 18:16:23,222 INFO c.h.h.t.HelmChartContainer - [hivemq-test-hivemq-platform] [hivemq-platform-operator] [fe9b9658] 18:16:23.219 [pool-6-thread-3] DEBUG c.h.p.o.dependants.PodInfoConfigMap - [helmrest] Desired PodInfo ConfigMap (extension state hash: -1817474005)
2025-01-30 18:16:23,222 INFO c.h.h.t.HelmChartContainer - [hivemq-test-hivemq-platform] [hivemq-platform-operator] [fe9b9658] 18:16:23.220 [pool-6-thread-3] DEBUG c.h.p.o.dependants.PodInfoConfigMap - [helmrest] Create PodInfo ConfigMap
2025-01-30 18:16:23,329 INFO c.h.h.t.HelmChartContainer - [hivemq-test-hivemq-platform] [hivemq-platform-operator] [fe9b9658] 18:16:23.325 [pool-6-thread-5] DEBUG c.h.p.o.dependants.PodRoleResource - [helmrest] Create Role: Role(apiVersion=rbac.authorization.k8s.io/v1, kind=Role, metadata=ObjectMeta(annotations={meta.helm.sh/release-name=test-hivemq-platform, meta.helm.sh/release-namespace=helmrestapiit}, creationTimestamp=null, deletionGracePeriodSeconds=null, deletionTimestamp=null, finalizers=[], generateName=null, generation=null, labels={helm.sh/chart=hivemq-platform-0.2.32, app.kubernetes.io/managed-by=Helm, app.kubernetes.io/name=hivemq-platform, hivemq-platform=test-hivemq-platform, app.kubernetes.io/instance=test-hivemq-platform, app.kubernetes.io/version=4.36.0}, managedFields=[], name=hivemq-platform-role-test-hivemq-platform, namespace=helmrestapiit, ownerReferences=[OwnerReference(apiVersion=hivemq.com/v1, blockOwnerDeletion=null, controller=null, kind=HiveMQPlatform, name=test-hivemq-platform, uid=3fe892bb-6eab-43a3-a8da-2806b4e0dff4, additionalProperties={})], resourceVersion=null, selfLink=null, uid=null, additionalProperties={}), rules=[PolicyRule(apiGroups=[], nonResourceURLs=[], resourceNames=[], resources=[pods], verbs=[get, patch, update], additionalProperties={})], additionalProperties={})
2025-01-30 18:16:23,434 INFO c.h.h.t.HelmChartContainer - [hivemq-test-hivemq-platform] [hivemq-platform-operator] [fe9b9658] 18:16:23.431 [pool-6-thread-7] DEBUG c.h.p.o.d.PodServiceAccountResource - [helmrest] Desired PodServiceAccountResource (serviceAccountName: hivemq-platform-pod-test-hivemq-platform)
2025-01-30 18:16:23,435 INFO c.h.h.t.HelmChartContainer - [hivemq-test-hivemq-platform] [hivemq-platform-operator] [fe9b9658] 18:16:23.433 [pool-6-thread-7] DEBUG c.h.p.o.d.PodServiceAccountResource - [helmrest] Create ServiceAccount 'hivemq-platform-pod-test-hivemq-platform'
2025-01-30 18:16:23,622 INFO c.h.h.t.HelmChartContainer - [hivemq-test-hivemq-platform] [hivemq-platform-operator] [fe9b9658] 18:16:23.620 [pool-6-thread-10] DEBUG c.h.p.o.d.PodRoleBindingResource - [helmrest] Create RoleBinding: RoleBinding(apiVersion=rbac.authorization.k8s.io/v1, kind=RoleBinding, metadata=ObjectMeta(annotations={meta.helm.sh/release-name=test-hivemq-platform, meta.helm.sh/release-namespace=helmrestapiit}, creationTimestamp=null, deletionGracePeriodSeconds=null, deletionTimestamp=null, finalizers=[], generateName=null, generation=null, labels={helm.sh/chart=hivemq-platform-0.2.32, app.kubernetes.io/managed-by=Helm, app.kubernetes.io/name=hivemq-platform, hivemq-platform=test-hivemq-platform, app.kubernetes.io/instance=test-hivemq-platform, app.kubernetes.io/version=4.36.0}, managedFields=[], name=hivemq-platform-role-binding-test-hivemq-platform, namespace=helmrestapiit, ownerReferences=[OwnerReference(apiVersion=hivemq.com/v1, blockOwnerDeletion=null, controller=null, kind=HiveMQPlatform, name=test-hivemq-platform, uid=3fe892bb-6eab-43a3-a8da-2806b4e0dff4, additionalProperties={})], resourceVersion=null, selfLink=null, uid=null, additionalProperties={}), roleRef=RoleRef(apiGroup=rbac.authorization.k8s.io, kind=Role, name=hivemq-platform-role-test-hivemq-platform, additionalProperties={}), subjects=[Subject(apiGroup=null, kind=ServiceAccount, name=hivemq-platform-pod-test-hivemq-platform, namespace=helmrestapiit, additionalProperties={})], additionalProperties={})
2025-01-30 18:16:23,719 INFO c.h.h.t.HelmChartContainer - [hivemq-test-hivemq-platform] [hivemq-platform-operator] [fe9b9658] 18:16:23.719 [ReconcilerExecutor-hivemq-controller-53] INFO  c.h.p.o.HiveMQPlatformReconciler - [helmrest] Reconciling HiveMQ Platform 'test-hivemq-platform' in namespace 'helmrestapiit'
2025-01-30 18:16:23,721 INFO c.h.h.t.HelmChartContainer - [hivemq-test-hivemq-platform] [hivemq-platform-operator] [fe9b9658] 18:16:23.719 [ReconcilerExecutor-hivemq-controller-53] DEBUG c.h.p.o.HiveMQPlatformReconciler - [helmrest] Custom Resource Status CREATED - HiveMQ Platform was created (READY)
2025-01-30 18:16:23,721 INFO c.h.h.t.HelmChartContainer - [hivemq-test-hivemq-platform] [hivemq-platform-operator] [fe9b9658] 18:16:23.719 [ReconcilerExecutor-hivemq-controller-53] DEBUG c.h.p.o.HiveMQPlatformReconciler - [helmrest] Custom Resource Spec (replicas: 1) (extensions: 1)
2025-01-30 18:16:23,724 INFO c.h.h.t.HelmChartContainer - [hivemq-test-hivemq-platform] [hivemq-platform-operator] [fe9b9658] 18:16:23.723 [ReconcilerExecutor-hivemq-controller-53] INFO  c.h.p.o.h.HiveMQPlatformReconcilerBaseHandler - [helmrest] HiveMQ Platform is starting
2025-01-30 18:16:23,833 INFO c.h.h.t.HelmChartContainer - [hivemq-test-hivemq-platform] [hivemq-platform-operator] [fe9b9658] 18:16:23.831 [ReconcilerExecutor-hivemq-controller-53] DEBUG c.h.p.operator.event.EventSender - [helmrest] Creating K8s event hivemq-platform-starting: [Start] HiveMQ Platform is starting
2025-01-30 18:16:23,843 INFO c.h.h.t.HelmChartContainer - [EVENT] Normal [Start] HiveMQ Platform is starting [helmrestapiit:test-hivemq-platform]
2025-01-30 18:16:23,922 INFO c.h.h.t.HelmChartContainer - [hivemq-test-hivemq-platform] [hivemq-platform-operator] [fe9b9658] 18:16:23.920 [ReconcilerExecutor-hivemq-controller-53] INFO  c.h.p.o.h.AbstractHiveMQReconcilerStateHandler - [helmrest] Update HiveMQ Platform Status (CREATED [READY] -> STARTING [READY]): HiveMQ Platform is starting
2025-01-30 18:16:23,936 DEBUG com.hivemq.helmcharts.util.K8sUtil - Comparing actual state 'STARTING' and waiting for 'RUNNING'
2025-01-30 18:16:34,025 INFO c.h.h.t.HelmChartContainer - [hivemq-test-hivemq-platform] [hivemq-platform-operator] [fe9b9658] 18:16:34.023 [pool-6-thread-12] DEBUG c.h.p.o.d.PlatformServiceResource - [helmrest] Desired Platform services (4 services)
2025-01-30 18:16:34,026 INFO c.h.h.t.HelmChartContainer - [hivemq-test-hivemq-platform] [hivemq-platform-operator] [fe9b9658] 18:16:34.024 [pool-6-thread-13] DEBUG c.h.p.o.dependants.PodInfoConfigMap - [helmrest] Desired PodInfo ConfigMap (1 extensions) (1 enabled)
2025-01-30 18:16:34,029 INFO c.h.h.t.HelmChartContainer - [hivemq-test-hivemq-platform] [hivemq-platform-operator] [fe9b9658] 18:16:34.025 [pool-6-thread-13] DEBUG c.h.p.o.dependants.PodInfoConfigMap - [helmrest] Desired PodInfo ConfigMap (metrics port: 9399) (metrics path: /)
2025-01-30 18:16:34,029 INFO c.h.h.t.HelmChartContainer - [hivemq-test-hivemq-platform] [hivemq-platform-operator] [fe9b9658] 18:16:34.025 [pool-6-thread-13] DEBUG c.h.p.o.dependants.PodInfoConfigMap - [helmrest] Desired PodInfo ConfigMap (extension state hash: -1817474005)
2025-01-30 18:16:34,030 INFO c.h.h.t.HelmChartContainer - [hivemq-test-hivemq-platform] [hivemq-platform-operator] [fe9b9658] 18:16:34.029 [pool-6-thread-13] DEBUG c.h.p.o.dependants.PodInfoConfigMap - [helmrest] Update PodInfo ConfigMap
2025-01-30 18:16:34,031 INFO c.h.h.t.HelmChartContainer - [hivemq-test-hivemq-platform] [hivemq-platform-operator] [fe9b9658] 18:16:34.030 [pool-6-thread-17] DEBUG c.h.p.o.d.PodServiceAccountResource - [helmrest] Desired PodServiceAccountResource (serviceAccountName: hivemq-platform-pod-test-hivemq-platform)
2025-01-30 18:16:34,040 INFO c.h.h.t.HelmChartContainer - [K3S] [alloc.go:330] "allocated clusterIPs" service="helmrestapiit/mqtt-service" clusterIPs={"IPv4":"10.43.9.230"}
2025-01-30 18:16:34,130 INFO c.h.h.t.HelmChartContainer - [K3S] [alloc.go:330] "allocated clusterIPs" service="helmrestapiit/control-center-service" clusterIPs={"IPv4":"10.43.154.248"}
2025-01-30 18:16:34,141 INFO c.h.h.t.HelmChartContainer - [K3S] [alloc.go:330] "allocated clusterIPs" service="helmrestapiit/metrics-service" clusterIPs={"IPv4":"10.43.72.136"}
2025-01-30 18:16:34,225 INFO c.h.h.t.HelmChartContainer - [K3S] [alloc.go:330] "allocated clusterIPs" service="helmrestapiit/rest-api-service" clusterIPs={"IPv4":"10.43.115.241"}
2025-01-30 18:16:34,240 INFO c.h.h.t.HelmChartContainer - [hivemq-test-hivemq-platform] [hivemq-platform-operator] [fe9b9658] 18:16:34.238 [pool-6-thread-20] DEBUG c.h.p.o.d.StatefulSetResource - [helmrest] Desired StatefulSet (1 replicas) for status STARTING (READY)
2025-01-30 18:16:34,328 INFO c.h.h.t.HelmChartContainer - [hivemq-test-hivemq-platform] [hivemq-platform-operator] [fe9b9658] 18:16:34.327 [pool-6-thread-20] DEBUG c.h.p.o.d.StatefulSetResource - [helmrest] Create StatefulSet
2025-01-30 18:16:34,353 INFO c.h.h.t.HelmChartContainer - [POD] test-hivemq-platform-0 [c65f2d7a-4937-404e-8de4-00cc8576aa0e] in helmrestapiit was ADDED
2025-01-30 18:16:34,357 INFO c.h.h.t.HelmChartContainer - [POD] test-hivemq-platform-0 [c65f2d7a-4937-404e-8de4-00cc8576aa0e] in helmrestapiit was MODIFIED
2025-01-30 18:16:34,358 INFO c.h.h.t.HelmChartContainer - [EVENT] Normal [SuccessfulCreate] create Pod test-hivemq-platform-0 in StatefulSet test-hivemq-platform successful [helmrestapiit:test-hivemq-platform]
2025-01-30 18:16:34,362 INFO c.h.h.t.HelmChartContainer - [EVENT] Normal [Scheduled] Successfully assigned helmrestapiit/test-hivemq-platform-0 to 8e4c0e52442e [helmrestapiit:test-hivemq-platform-0]
2025-01-30 18:16:34,370 INFO c.h.h.t.HelmChartContainer - [POD] test-hivemq-platform-0 [c65f2d7a-4937-404e-8de4-00cc8576aa0e] in helmrestapiit was MODIFIED
2025-01-30 18:16:34,420 INFO c.h.h.t.HelmChartContainer - [K3S] [reconciler_common.go:251] "operationExecutor.VerifyControllerAttachedVolume started for volume \"kube-api-access-zdt29\" (UniqueName: \"kubernetes.io/projected/c65f2d7a-4937-404e-8de4-00cc8576aa0e-kube-api-access-zdt29\") pod \"test-hivemq-platform-0\" (UID: \"c65f2d7a-4937-404e-8de4-00cc8576aa0e\") " pod="helmrestapiit/test-hivemq-platform-0"
2025-01-30 18:16:34,421 INFO c.h.h.t.HelmChartContainer - [K3S] [reconciler_common.go:251] "operationExecutor.VerifyControllerAttachedVolume started for volume \"broker-configuration\" (UniqueName: \"kubernetes.io/configmap/c65f2d7a-4937-404e-8de4-00cc8576aa0e-broker-configuration\") pod \"test-hivemq-platform-0\" (UID: \"c65f2d7a-4937-404e-8de4-00cc8576aa0e\") " pod="helmrestapiit/test-hivemq-platform-0"
2025-01-30 18:16:34,421 INFO c.h.h.t.HelmChartContainer - [K3S] [reconciler_common.go:251] "operationExecutor.VerifyControllerAttachedVolume started for volume \"operator-init\" (UniqueName: \"kubernetes.io/empty-dir/c65f2d7a-4937-404e-8de4-00cc8576aa0e-operator-init\") pod \"test-hivemq-platform-0\" (UID: \"c65f2d7a-4937-404e-8de4-00cc8576aa0e\") " pod="helmrestapiit/test-hivemq-platform-0"
2025-01-30 18:16:34,421 INFO c.h.h.t.HelmChartContainer - [K3S] [reconciler_common.go:251] "operationExecutor.VerifyControllerAttachedVolume started for volume \"pod-info\" (UniqueName: \"kubernetes.io/configmap/c65f2d7a-4937-404e-8de4-00cc8576aa0e-pod-info\") pod \"test-hivemq-platform-0\" (UID: \"c65f2d7a-4937-404e-8de4-00cc8576aa0e\") " pod="helmrestapiit/test-hivemq-platform-0"
2025-01-30 18:16:34,432 INFO c.h.h.t.HelmChartContainer - [hivemq-test-hivemq-platform] [hivemq-platform-operator] [fe9b9658] 18:16:34.428 [ReconcilerExecutor-hivemq-controller-64] INFO  c.h.p.o.HiveMQPlatformReconciler - [helmrest] Reconciling HiveMQ Platform 'test-hivemq-platform' in namespace 'helmrestapiit'
2025-01-30 18:16:34,432 INFO c.h.h.t.HelmChartContainer - [hivemq-test-hivemq-platform] [hivemq-platform-operator] [fe9b9658] 18:16:34.428 [ReconcilerExecutor-hivemq-controller-64] DEBUG c.h.p.o.HiveMQPlatformReconciler - [helmrest] Custom Resource Status STARTING - HiveMQ Platform is starting (READY)
2025-01-30 18:16:34,432 INFO c.h.h.t.HelmChartContainer - [hivemq-test-hivemq-platform] [hivemq-platform-operator] [fe9b9658] 18:16:34.428 [ReconcilerExecutor-hivemq-controller-64] DEBUG c.h.p.o.HiveMQPlatformReconciler - [helmrest] Custom Resource Spec (replicas: 1) (extensions: 1)
2025-01-30 18:16:34,526 INFO c.h.h.t.HelmChartContainer - [hivemq-test-hivemq-platform] [hivemq-platform-operator] [fe9b9658] 18:16:34.518 [ReconcilerExecutor-hivemq-controller-64] DEBUG c.h.p.o.HiveMQPlatformReconciler - [helmrest] StatefulSet Status (revision: test-hivemq-platform-5997c57dcb, replicas: 1, available: 0, ready: 0, current: 1, updated: 1)
2025-01-30 18:16:34,526 INFO c.h.h.t.HelmChartContainer - [hivemq-test-hivemq-platform] [hivemq-platform-operator] [fe9b9658] 18:16:34.519 [ReconcilerExecutor-hivemq-controller-64] DEBUG c.h.p.o.HiveMQPlatformReconciler - [helmrest] StatefulSet Spec (replicas: 1, init containers: 1, containers: 1, volumes: 3)
2025-01-30 18:16:34,535 INFO c.h.h.t.HelmChartContainer - [hivemq-test-hivemq-platform] [hivemq-platform-operator] [fe9b9658] 18:16:34.535 [ReconcilerExecutor-hivemq-controller-64] DEBUG c.h.p.o.h.HiveMQPlatformReconcilerErrorHandler - [helmrest] Pod 'test-hivemq-platform-0' phase Pending
2025-01-30 18:16:34,537 INFO c.h.h.t.HelmChartContainer - [hivemq-test-hivemq-platform] [hivemq-platform-operator] [fe9b9658] 18:16:34.536 [ReconcilerExecutor-hivemq-controller-64] DEBUG c.h.p.o.h.HiveMQPlatformReconcilerErrorHandler - [helmrest] Pod 'test-hivemq-platform-0' condition 'PodReadyToStartContainers': False
2025-01-30 18:16:34,538 INFO c.h.h.t.HelmChartContainer - [hivemq-test-hivemq-platform] [hivemq-platform-operator] [fe9b9658] 18:16:34.537 [ReconcilerExecutor-hivemq-controller-64] DEBUG c.h.p.o.h.HiveMQPlatformReconcilerErrorHandler - [helmrest] Pod 'test-hivemq-platform-0' condition 'Initialized': False
2025-01-30 18:16:34,539 INFO c.h.h.t.HelmChartContainer - [hivemq-test-hivemq-platform] [hivemq-platform-operator] [fe9b9658] 18:16:34.537 [ReconcilerExecutor-hivemq-controller-64] DEBUG c.h.p.o.h.HiveMQPlatformReconcilerErrorHandler - [helmrest] Pod 'test-hivemq-platform-0' condition 'Ready': False
2025-01-30 18:16:34,539 INFO c.h.h.t.HelmChartContainer - [hivemq-test-hivemq-platform] [hivemq-platform-operator] [fe9b9658] 18:16:34.537 [ReconcilerExecutor-hivemq-controller-64] DEBUG c.h.p.o.h.HiveMQPlatformReconcilerErrorHandler - [helmrest] Pod 'test-hivemq-platform-0' condition 'ContainersReady': False
2025-01-30 18:16:34,539 INFO c.h.h.t.HelmChartContainer - [hivemq-test-hivemq-platform] [hivemq-platform-operator] [fe9b9658] 18:16:34.537 [ReconcilerExecutor-hivemq-controller-64] DEBUG c.h.p.o.h.HiveMQPlatformReconcilerErrorHandler - [helmrest] Pod 'test-hivemq-platform-0' condition 'PodScheduled': True
2025-01-30 18:16:34,539 INFO c.h.h.t.HelmChartContainer - [hivemq-test-hivemq-platform] [hivemq-platform-operator] [fe9b9658] 18:16:34.538 [ReconcilerExecutor-hivemq-controller-64] DEBUG c.h.p.o.h.HiveMQPlatformReconcilerErrorHandler - [helmrest] Pod 'test-hivemq-platform-0' containerStatus 'hivemq' (started: false) (ready: false) (waiting: [PodInitializing] null)
2025-01-30 18:16:34,621 INFO c.h.h.t.HelmChartContainer - [hivemq-test-hivemq-platform] [hivemq-platform-operator] [fe9b9658] 18:16:34.620 [ReconcilerExecutor-hivemq-controller-64] INFO  c.h.p.o.h.HiveMQPlatformReconcilerBaseHandler - [helmrest] HiveMQ Platform is starting, 0 of 1 replicas are ready
2025-01-30 18:16:34,628 INFO c.h.h.t.HelmChartContainer - [hivemq-test-hivemq-platform] [hivemq-platform-operator] [fe9b9658] 18:16:34.626 [pool-6-thread-22] DEBUG c.h.p.o.d.PlatformServiceResource - [helmrest] Desired Platform services (4 services)
2025-01-30 18:16:34,629 INFO c.h.h.t.HelmChartContainer - [hivemq-test-hivemq-platform] [hivemq-platform-operator] [fe9b9658] 18:16:34.627 [pool-6-thread-23] DEBUG c.h.p.o.dependants.PodInfoConfigMap - [helmrest] Desired PodInfo ConfigMap (1 extensions) (1 enabled)
2025-01-30 18:16:34,633 INFO c.h.h.t.HelmChartContainer - [hivemq-test-hivemq-platform] [hivemq-platform-operator] [fe9b9658] 18:16:34.627 [pool-6-thread-23] DEBUG c.h.p.o.dependants.PodInfoConfigMap - [helmrest] Desired PodInfo ConfigMap (metrics port: 9399) (metrics path: /)
2025-01-30 18:16:34,633 INFO c.h.h.t.HelmChartContainer - [hivemq-test-hivemq-platform] [hivemq-platform-operator] [fe9b9658] 18:16:34.627 [pool-6-thread-23] DEBUG c.h.p.o.dependants.PodInfoConfigMap - [helmrest] Desired PodInfo ConfigMap (extension state hash: -1817474005)
2025-01-30 18:16:34,634 INFO c.h.h.t.HelmChartContainer - [hivemq-test-hivemq-platform] [hivemq-platform-operator] [fe9b9658] 18:16:34.633 [pool-6-thread-27] DEBUG c.h.p.o.d.PodServiceAccountResource - [helmrest] Desired PodServiceAccountResource (serviceAccountName: hivemq-platform-pod-test-hivemq-platform)
2025-01-30 18:16:34,727 INFO c.h.h.t.HelmChartContainer - [hivemq-test-hivemq-platform] [hivemq-platform-operator] [fe9b9658] 18:16:34.725 [pool-6-thread-30] DEBUG c.h.p.o.d.StatefulSetResource - [helmrest] Desired StatefulSet (1 replicas) for status STARTING (READY)
2025-01-30 18:16:34,734 INFO c.h.h.t.HelmChartContainer - [hivemq-test-hivemq-platform] [hivemq-platform-operator] [fe9b9658] 18:16:34.732 [ReconcilerExecutor-hivemq-controller-75] INFO  c.h.p.o.HiveMQPlatformReconciler - [helmrest] Reconciling HiveMQ Platform 'test-hivemq-platform' in namespace 'helmrestapiit'
2025-01-30 18:16:34,734 INFO c.h.h.t.HelmChartContainer - [hivemq-test-hivemq-platform] [hivemq-platform-operator] [fe9b9658] 18:16:34.732 [ReconcilerExecutor-hivemq-controller-75] DEBUG c.h.p.o.HiveMQPlatformReconciler - [helmrest] Custom Resource Status STARTING - HiveMQ Platform is starting (READY)
2025-01-30 18:16:34,735 INFO c.h.h.t.HelmChartContainer - [hivemq-test-hivemq-platform] [hivemq-platform-operator] [fe9b9658] 18:16:34.732 [ReconcilerExecutor-hivemq-controller-75] DEBUG c.h.p.o.HiveMQPlatformReconciler - [helmrest] Custom Resource Spec (replicas: 1) (extensions: 1)
2025-01-30 18:16:34,735 INFO c.h.h.t.HelmChartContainer - [hivemq-test-hivemq-platform] [hivemq-platform-operator] [fe9b9658] 18:16:34.734 [ReconcilerExecutor-hivemq-controller-75] DEBUG c.h.p.o.HiveMQPlatformReconciler - [helmrest] StatefulSet Status (revision: test-hivemq-platform-5997c57dcb, replicas: 1, available: 0, ready: 0, current: 1, updated: 1)
2025-01-30 18:16:34,735 INFO c.h.h.t.HelmChartContainer - [hivemq-test-hivemq-platform] [hivemq-platform-operator] [fe9b9658] 18:16:34.734 [ReconcilerExecutor-hivemq-controller-75] DEBUG c.h.p.o.HiveMQPlatformReconciler - [helmrest] StatefulSet Spec (replicas: 1, init containers: 1, containers: 1, volumes: 3)
2025-01-30 18:16:34,750 INFO c.h.h.t.HelmChartContainer - [EVENT] Normal [Pulled] Container image "docker.io/hivemq/hivemq-platform-operator-init-test:snapshot" already present on machine [helmrestapiit:test-hivemq-platform-0]
2025-01-30 18:16:34,821 INFO c.h.h.t.HelmChartContainer - [hivemq-test-hivemq-platform] [hivemq-platform-operator] [fe9b9658] 18:16:34.818 [ReconcilerExecutor-hivemq-controller-75] DEBUG c.h.p.o.h.HiveMQPlatformReconcilerErrorHandler - [helmrest] Pod 'test-hivemq-platform-0' phase Pending
2025-01-30 18:16:34,821 INFO c.h.h.t.HelmChartContainer - [hivemq-test-hivemq-platform] [hivemq-platform-operator] [fe9b9658] 18:16:34.819 [ReconcilerExecutor-hivemq-controller-75] DEBUG c.h.p.o.h.HiveMQPlatformReconcilerErrorHandler - [helmrest] Pod 'test-hivemq-platform-0' condition 'PodReadyToStartContainers': False
2025-01-30 18:16:34,821 INFO c.h.h.t.HelmChartContainer - [hivemq-test-hivemq-platform] [hivemq-platform-operator] [fe9b9658] 18:16:34.819 [ReconcilerExecutor-hivemq-controller-75] DEBUG c.h.p.o.h.HiveMQPlatformReconcilerErrorHandler - [helmrest] Pod 'test-hivemq-platform-0' condition 'Initialized': False
2025-01-30 18:16:34,821 INFO c.h.h.t.HelmChartContainer - [hivemq-test-hivemq-platform] [hivemq-platform-operator] [fe9b9658] 18:16:34.819 [ReconcilerExecutor-hivemq-controller-75] DEBUG c.h.p.o.h.HiveMQPlatformReconcilerErrorHandler - [helmrest] Pod 'test-hivemq-platform-0' condition 'Ready': False
2025-01-30 18:16:34,821 INFO c.h.h.t.HelmChartContainer - [hivemq-test-hivemq-platform] [hivemq-platform-operator] [fe9b9658] 18:16:34.819 [ReconcilerExecutor-hivemq-controller-75] DEBUG c.h.p.o.h.HiveMQPlatformReconcilerErrorHandler - [helmrest] Pod 'test-hivemq-platform-0' condition 'ContainersReady': False
2025-01-30 18:16:34,821 INFO c.h.h.t.HelmChartContainer - [hivemq-test-hivemq-platform] [hivemq-platform-operator] [fe9b9658] 18:16:34.819 [ReconcilerExecutor-hivemq-controller-75] DEBUG c.h.p.o.h.HiveMQPlatformReconcilerErrorHandler - [helmrest] Pod 'test-hivemq-platform-0' condition 'PodScheduled': True
2025-01-30 18:16:34,821 INFO c.h.h.t.HelmChartContainer - [hivemq-test-hivemq-platform] [hivemq-platform-operator] [fe9b9658] 18:16:34.819 [ReconcilerExecutor-hivemq-controller-75] DEBUG c.h.p.o.h.HiveMQPlatformReconcilerErrorHandler - [helmrest] Pod 'test-hivemq-platform-0' containerStatus 'hivemq' (started: false) (ready: false) (waiting: [PodInitializing] null)
2025-01-30 18:16:34,822 INFO c.h.h.t.HelmChartContainer - [hivemq-test-hivemq-platform] [hivemq-platform-operator] [fe9b9658] 18:16:34.820 [ReconcilerExecutor-hivemq-controller-75] INFO  c.h.p.o.h.HiveMQPlatformReconcilerBaseHandler - [helmrest] HiveMQ Platform is starting, 0 of 1 replicas are ready
2025-01-30 18:16:34,862 INFO c.h.h.t.HelmChartContainer - [EVENT] Normal [Created] Created container: hivemq-platform-operator-init [helmrestapiit:test-hivemq-platform-0]
2025-01-30 18:16:34,900 INFO c.h.h.t.HelmChartContainer - [EVENT] Normal [Started] Started container hivemq-platform-operator-init [helmrestapiit:test-hivemq-platform-0]
2025-01-30 18:16:35,575 INFO c.h.h.t.HelmChartContainer - [EVENT] Normal [Pulled] Container image "docker.io/hivemq/hivemq4:4.36.0" already present on machine [helmrestapiit:test-hivemq-platform-0]
2025-01-30 18:16:35,575 INFO c.h.h.t.HelmChartContainer - Received Pulled event for container hivemq in pod test-hivemq-platform-0 [c65f2d7a-4937-404e-8de4-00cc8576aa0e]
2025-01-30 18:16:35,593 INFO c.h.h.t.HelmChartContainer - [POD] test-hivemq-platform-0 [c65f2d7a-4937-404e-8de4-00cc8576aa0e] in helmrestapiit was MODIFIED
2025-01-30 18:16:35,611 INFO c.h.h.t.HelmChartContainer - [hivemq-test-hivemq-platform] [hivemq-platform-operator] [fe9b9658] 18:16:35.606 [pool-6-thread-32] DEBUG c.h.p.o.d.PlatformServiceResource - [helmrest] Desired Platform services (4 services)
2025-01-30 18:16:35,618 INFO c.h.h.t.HelmChartContainer - [hivemq-test-hivemq-platform] [hivemq-platform-operator] [fe9b9658] 18:16:35.616 [pool-6-thread-33] DEBUG c.h.p.o.dependants.PodInfoConfigMap - [helmrest] Desired PodInfo ConfigMap (1 extensions) (1 enabled)
2025-01-30 18:16:35,618 INFO c.h.h.t.HelmChartContainer - [hivemq-test-hivemq-platform] [hivemq-platform-operator] [fe9b9658] 18:16:35.616 [pool-6-thread-33] DEBUG c.h.p.o.dependants.PodInfoConfigMap - [helmrest] Desired PodInfo ConfigMap (metrics port: 9399) (metrics path: /)
2025-01-30 18:16:35,618 INFO c.h.h.t.HelmChartContainer - [hivemq-test-hivemq-platform] [hivemq-platform-operator] [fe9b9658] 18:16:35.616 [pool-6-thread-33] DEBUG c.h.p.o.dependants.PodInfoConfigMap - [helmrest] Desired PodInfo ConfigMap (extension state hash: -1817474005)
2025-01-30 18:16:35,692 INFO c.h.h.t.HelmChartContainer - [hivemq-test-hivemq-platform] [hivemq-platform-operator] [fe9b9658] 18:16:35.690 [pool-6-thread-37] DEBUG c.h.p.o.d.PodServiceAccountResource - [helmrest] Desired PodServiceAccountResource (serviceAccountName: hivemq-platform-pod-test-hivemq-platform)
2025-01-30 18:16:35,697 INFO c.h.h.t.HelmChartContainer - [hivemq-test-hivemq-platform] [hivemq-platform-operator] [fe9b9658] 18:16:35.696 [pool-6-thread-40] DEBUG c.h.p.o.d.StatefulSetResource - [helmrest] Desired StatefulSet (1 replicas) for status STARTING (READY)
2025-01-30 18:16:35,701 INFO c.h.h.t.HelmChartContainer - [hivemq-test-hivemq-platform] [hivemq-platform-operator] [fe9b9658] 18:16:35.701 [ReconcilerExecutor-hivemq-controller-86] INFO  c.h.p.o.HiveMQPlatformReconciler - [helmrest] Reconciling HiveMQ Platform 'test-hivemq-platform' in namespace 'helmrestapiit'
2025-01-30 18:16:35,703 INFO c.h.h.t.HelmChartContainer - [hivemq-test-hivemq-platform] [hivemq-platform-operator] [fe9b9658] 18:16:35.701 [ReconcilerExecutor-hivemq-controller-86] DEBUG c.h.p.o.HiveMQPlatformReconciler - [helmrest] Custom Resource Status STARTING - HiveMQ Platform is starting (READY)
2025-01-30 18:16:35,703 INFO c.h.h.t.HelmChartContainer - [hivemq-test-hivemq-platform] [hivemq-platform-operator] [fe9b9658] 18:16:35.702 [ReconcilerExecutor-hivemq-controller-86] DEBUG c.h.p.o.HiveMQPlatformReconciler - [helmrest] Custom Resource Spec (replicas: 1) (extensions: 1)
2025-01-30 18:16:35,705 INFO c.h.h.t.HelmChartContainer - [hivemq-test-hivemq-platform] [hivemq-platform-operator] [fe9b9658] 18:16:35.704 [ReconcilerExecutor-hivemq-controller-86] DEBUG c.h.p.o.HiveMQPlatformReconciler - [helmrest] StatefulSet Status (revision: test-hivemq-platform-5997c57dcb, replicas: 1, available: 0, ready: 0, current: 1, updated: 1)
2025-01-30 18:16:35,706 INFO c.h.h.t.HelmChartContainer - [hivemq-test-hivemq-platform] [hivemq-platform-operator] [fe9b9658] 18:16:35.705 [ReconcilerExecutor-hivemq-controller-86] DEBUG c.h.p.o.HiveMQPlatformReconciler - [helmrest] StatefulSet Spec (replicas: 1, init containers: 1, containers: 1, volumes: 3)
2025-01-30 18:16:35,793 INFO c.h.h.t.HelmChartContainer - [hivemq-test-hivemq-platform] [hivemq-platform-operator] [fe9b9658] 18:16:35.791 [ReconcilerExecutor-hivemq-controller-86] DEBUG c.h.p.o.h.HiveMQPlatformReconcilerErrorHandler - [helmrest] Pod 'test-hivemq-platform-0' phase Pending
2025-01-30 18:16:35,794 INFO c.h.h.t.HelmChartContainer - [hivemq-test-hivemq-platform] [hivemq-platform-operator] [fe9b9658] 18:16:35.792 [ReconcilerExecutor-hivemq-controller-86] DEBUG c.h.p.o.h.HiveMQPlatformReconcilerErrorHandler - [helmrest] Pod 'test-hivemq-platform-0' condition 'PodReadyToStartContainers': True
2025-01-30 18:16:35,794 INFO c.h.h.t.HelmChartContainer - [hivemq-test-hivemq-platform] [hivemq-platform-operator] [fe9b9658] 18:16:35.792 [ReconcilerExecutor-hivemq-controller-86] DEBUG c.h.p.o.h.HiveMQPlatformReconcilerErrorHandler - [helmrest] Pod 'test-hivemq-platform-0' condition 'Initialized': True
2025-01-30 18:16:35,795 INFO c.h.h.t.HelmChartContainer - [hivemq-test-hivemq-platform] [hivemq-platform-operator] [fe9b9658] 18:16:35.792 [ReconcilerExecutor-hivemq-controller-86] DEBUG c.h.p.o.h.HiveMQPlatformReconcilerErrorHandler - [helmrest] Pod 'test-hivemq-platform-0' condition 'Ready': False
2025-01-30 18:16:35,795 INFO c.h.h.t.HelmChartContainer - [hivemq-test-hivemq-platform] [hivemq-platform-operator] [fe9b9658] 18:16:35.792 [ReconcilerExecutor-hivemq-controller-86] DEBUG c.h.p.o.h.HiveMQPlatformReconcilerErrorHandler - [helmrest] Pod 'test-hivemq-platform-0' condition 'ContainersReady': False
2025-01-30 18:16:35,795 INFO c.h.h.t.HelmChartContainer - [hivemq-test-hivemq-platform] [hivemq-platform-operator] [fe9b9658] 18:16:35.792 [ReconcilerExecutor-hivemq-controller-86] DEBUG c.h.p.o.h.HiveMQPlatformReconcilerErrorHandler - [helmrest] Pod 'test-hivemq-platform-0' condition 'PodScheduled': True
2025-01-30 18:16:35,795 INFO c.h.h.t.HelmChartContainer - [hivemq-test-hivemq-platform] [hivemq-platform-operator] [fe9b9658] 18:16:35.792 [ReconcilerExecutor-hivemq-controller-86] DEBUG c.h.p.o.h.HiveMQPlatformReconcilerErrorHandler - [helmrest] Pod 'test-hivemq-platform-0' containerStatus 'hivemq' (started: false) (ready: false) (waiting: [PodInitializing] null)
2025-01-30 18:16:35,795 INFO c.h.h.t.HelmChartContainer - [hivemq-test-hivemq-platform] [hivemq-platform-operator] [fe9b9658] 18:16:35.793 [ReconcilerExecutor-hivemq-controller-86] INFO  c.h.p.o.h.HiveMQPlatformReconcilerBaseHandler - [helmrest] HiveMQ Platform is starting, 0 of 1 replicas are ready
2025-01-30 18:16:36,883 INFO c.h.h.t.HelmChartContainer - [EVENT] Normal [Created] Created container: hivemq [helmrestapiit:test-hivemq-platform-0]
2025-01-30 18:16:36,883 INFO c.h.h.t.HelmChartContainer - Received Created event for container hivemq in pod test-hivemq-platform-0 [c65f2d7a-4937-404e-8de4-00cc8576aa0e]
2025-01-30 18:16:37,588 INFO c.h.h.t.HelmChartContainer - [POD] test-hivemq-platform-0 [c65f2d7a-4937-404e-8de4-00cc8576aa0e] in helmrestapiit was MODIFIED
2025-01-30 18:16:37,597 INFO c.h.h.t.HelmChartContainer - Started log watcher for hivemq in pod test-hivemq-platform-0 [c65f2d7a-4937-404e-8de4-00cc8576aa0e]
2025-01-30 18:16:37,598 INFO c.h.h.t.HelmChartContainer - [hivemq-test-hivemq-platform] [hivemq-platform-operator] [fe9b9658] 18:16:37.595 [pool-6-thread-42] DEBUG c.h.p.o.d.PlatformServiceResource - [helmrest] Desired Platform services (4 services)
2025-01-30 18:16:37,598 INFO c.h.h.t.HelmChartContainer - [EVENT] Normal [Started] Started container hivemq [helmrestapiit:test-hivemq-platform-0]
2025-01-30 18:16:37,598 INFO c.h.h.t.HelmChartContainer - Received Started event for container hivemq in pod test-hivemq-platform-0 [c65f2d7a-4937-404e-8de4-00cc8576aa0e]
2025-01-30 18:16:37,599 INFO c.h.h.t.HelmChartContainer - [test-hivemq-platform] [hivemq] [c65f2d7a] Adding pre-installed HiveMQ Platform Operator extensions
2025-01-30 18:16:37,599 INFO c.h.h.t.HelmChartContainer - [test-hivemq-platform] [hivemq] [c65f2d7a] Running as user 10000
2025-01-30 18:16:37,599 INFO c.h.h.t.HelmChartContainer - [test-hivemq-platform] [hivemq] [c65f2d7a] Starting HiveMQ Platform Operator Init
2025-01-30 18:16:37,602 INFO c.h.h.t.HelmChartContainer - [hivemq-test-hivemq-platform] [hivemq-platform-operator] [fe9b9658] 18:16:37.600 [pool-6-thread-43] DEBUG c.h.p.o.dependants.PodInfoConfigMap - [helmrest] Desired PodInfo ConfigMap (1 extensions) (1 enabled)
2025-01-30 18:16:37,602 INFO c.h.h.t.HelmChartContainer - [hivemq-test-hivemq-platform] [hivemq-platform-operator] [fe9b9658] 18:16:37.600 [pool-6-thread-43] DEBUG c.h.p.o.dependants.PodInfoConfigMap - [helmrest] Desired PodInfo ConfigMap (metrics port: 9399) (metrics path: /)
2025-01-30 18:16:37,602 INFO c.h.h.t.HelmChartContainer - [hivemq-test-hivemq-platform] [hivemq-platform-operator] [fe9b9658] 18:16:37.600 [pool-6-thread-43] DEBUG c.h.p.o.dependants.PodInfoConfigMap - [helmrest] Desired PodInfo ConfigMap (extension state hash: -1817474005)
2025-01-30 18:16:37,605 INFO c.h.h.t.HelmChartContainer - [hivemq-test-hivemq-platform] [hivemq-platform-operator] [fe9b9658] 18:16:37.603 [pool-6-thread-47] DEBUG c.h.p.o.d.PodServiceAccountResource - [helmrest] Desired PodServiceAccountResource (serviceAccountName: hivemq-platform-pod-test-hivemq-platform)
2025-01-30 18:16:37,610 INFO c.h.h.t.HelmChartContainer - [hivemq-test-hivemq-platform] [hivemq-platform-operator] [fe9b9658] 18:16:37.609 [pool-6-thread-50] DEBUG c.h.p.o.d.StatefulSetResource - [helmrest] Desired StatefulSet (1 replicas) for status STARTING (READY)
2025-01-30 18:16:37,692 INFO c.h.h.t.HelmChartContainer - [hivemq-test-hivemq-platform] [hivemq-platform-operator] [fe9b9658] 18:16:37.690 [ReconcilerExecutor-hivemq-controller-97] INFO  c.h.p.o.HiveMQPlatformReconciler - [helmrest] Reconciling HiveMQ Platform 'test-hivemq-platform' in namespace 'helmrestapiit'
2025-01-30 18:16:37,692 INFO c.h.h.t.HelmChartContainer - [hivemq-test-hivemq-platform] [hivemq-platform-operator] [fe9b9658] 18:16:37.690 [ReconcilerExecutor-hivemq-controller-97] DEBUG c.h.p.o.HiveMQPlatformReconciler - [helmrest] Custom Resource Status STARTING - HiveMQ Platform is starting (READY)
2025-01-30 18:16:37,692 INFO c.h.h.t.HelmChartContainer - [hivemq-test-hivemq-platform] [hivemq-platform-operator] [fe9b9658] 18:16:37.690 [ReconcilerExecutor-hivemq-controller-97] DEBUG c.h.p.o.HiveMQPlatformReconciler - [helmrest] Custom Resource Spec (replicas: 1) (extensions: 1)
2025-01-30 18:16:37,694 INFO c.h.h.t.HelmChartContainer - [hivemq-test-hivemq-platform] [hivemq-platform-operator] [fe9b9658] 18:16:37.693 [ReconcilerExecutor-hivemq-controller-97] DEBUG c.h.p.o.HiveMQPlatformReconciler - [helmrest] StatefulSet Status (revision: test-hivemq-platform-5997c57dcb, replicas: 1, available: 0, ready: 0, current: 1, updated: 1)
2025-01-30 18:16:37,695 INFO c.h.h.t.HelmChartContainer - [hivemq-test-hivemq-platform] [hivemq-platform-operator] [fe9b9658] 18:16:37.693 [ReconcilerExecutor-hivemq-controller-97] DEBUG c.h.p.o.HiveMQPlatformReconciler - [helmrest] StatefulSet Spec (replicas: 1, init containers: 1, containers: 1, volumes: 3)
2025-01-30 18:16:37,697 INFO c.h.h.t.HelmChartContainer - [hivemq-test-hivemq-platform] [hivemq-platform-operator] [fe9b9658] 18:16:37.696 [ReconcilerExecutor-hivemq-controller-97] DEBUG c.h.p.o.h.HiveMQPlatformReconcilerErrorHandler - [helmrest] Pod 'test-hivemq-platform-0' phase Running
2025-01-30 18:16:37,698 INFO c.h.h.t.HelmChartContainer - [hivemq-test-hivemq-platform] [hivemq-platform-operator] [fe9b9658] 18:16:37.698 [ReconcilerExecutor-hivemq-controller-97] INFO  c.h.p.o.h.HiveMQPlatformReconcilerBaseHandler - [helmrest] HiveMQ Platform is starting, 0 of 1 replicas are ready
2025-01-30 18:16:38,139 INFO c.h.h.t.HelmChartContainer - [test-hivemq-platform] [hivemq] [c65f2d7a] INFO  - [HiveMQ Platform Operator Init 1.7.0-SNAPSHOT] HiveMQ Platform Operator Init 1.7.0-SNAPSHOT (commit: 47e3375 on branch: HEAD) built on Thu Jan 30 03:55:50 UTC 2025
2025-01-30 18:16:39,279 INFO c.h.h.t.HelmChartContainer - [test-hivemq-platform] [hivemq] [c65f2d7a] INFO  - [HiveMQ Platform Operator Init App 1.7.0-SNAPSHOT] Using bind address 10.42.0.10 from environment variable
2025-01-30 18:16:40,248 INFO c.h.h.t.HelmChartContainer - [test-hivemq-platform] [hivemq] [c65f2d7a] INFO  - [HiveMQ Platform Operator Init App 1.7.0-SNAPSHOT] HiveMQ Platform Operator Init App 1.7.0-SNAPSHOT (commit: 47e3375 on branch: HEAD) built on Thu Jan 30 03:55:50 UTC 2025
2025-01-30 18:16:40,248 INFO c.h.h.t.HelmChartContainer - [test-hivemq-platform] [hivemq] [c65f2d7a] INFO  - [HiveMQ Platform Operator Init App 1.7.0-SNAPSHOT] PodInfo ConfigMap directory: /etc/podinfo
2025-01-30 18:16:40,248 INFO c.h.h.t.HelmChartContainer - [test-hivemq-platform] [hivemq] [c65f2d7a] INFO  - [HiveMQ Platform Operator Init App 1.7.0-SNAPSHOT] HiveMQ home directory: /opt/hivemq
2025-01-30 18:16:40,250 INFO c.h.h.t.HelmChartContainer - [test-hivemq-platform] [hivemq] [c65f2d7a] INFO  - [HiveMQ Platform Operator Init App 1.7.0-SNAPSHOT] HiveMQ Logback folder: /opt/hivemq/conf
2025-01-30 18:16:40,250 INFO c.h.h.t.HelmChartContainer - [test-hivemq-platform] [hivemq] [c65f2d7a] INFO  - [HiveMQ Platform Operator Init App 1.7.0-SNAPSHOT] HiveMQ Config folder: /opt/hivemq/conf-k8s
2025-01-30 18:16:40,250 INFO c.h.h.t.HelmChartContainer - [test-hivemq-platform] [hivemq] [c65f2d7a] INFO  - [HiveMQ Platform Operator Init App 1.7.0-SNAPSHOT] Starting HiveMQ Platform Operator Init App
2025-01-30 18:16:40,250 INFO c.h.h.t.HelmChartContainer - [test-hivemq-platform] [hivemq] [c65f2d7a] INFO  - [HiveMQ Platform Operator Init App 1.7.0-SNAPSHOT] Starting Pod reconciler
2025-01-30 18:16:41,454 INFO c.h.h.t.HelmChartContainer - [test-hivemq-platform] [hivemq] [c65f2d7a] INFO  - [HiveMQ Platform Operator Init App 1.7.0-SNAPSHOT] Pod reconciler is scheduled (interval: 5000 ms)
2025-01-30 18:16:41,455 INFO c.h.h.t.HelmChartContainer - [test-hivemq-platform] [hivemq] [c65f2d7a] INFO  - [HiveMQ Platform Operator Init App 1.7.0-SNAPSHOT] Starting the REST API on 10.42.0.10:7979
2025-01-30 18:16:41,470 INFO c.h.h.t.HelmChartContainer - [test-hivemq-platform] [hivemq] [c65f2d7a] INFO  - [HiveMQ Platform Operator Init App 1.7.0-SNAPSHOT] Waiting up to 600s for at most 1 HiveMQ nodes in cluster service hivemq-test-hivemq-platform-cluster.helmrestapiit.svc
2025-01-30 18:16:41,845 INFO c.h.h.t.HelmChartContainer - [test-hivemq-platform] [hivemq] [c65f2d7a] INFO  - [HiveMQ Platform Operator Init App 1.7.0-SNAPSHOT] Resolved 1 IP addresses: [10.42.0.10]
2025-01-30 18:16:41,845 INFO c.h.h.t.HelmChartContainer - [test-hivemq-platform] [hivemq] [c65f2d7a] INFO  - [HiveMQ Platform Operator Init App 1.7.0-SNAPSHOT] HiveMQ node count of 1 is within threshold of 1
2025-01-30 18:16:41,845 INFO c.h.h.t.HelmChartContainer - [test-hivemq-platform] [hivemq] [c65f2d7a] INFO  - [HiveMQ Platform Operator Init App 1.7.0-SNAPSHOT] Proceeding with container start
2025-01-30 18:16:41,883 INFO c.h.h.t.HelmChartContainer - [test-hivemq-platform] [hivemq] [c65f2d7a] INFO  - [HiveMQ Platform Operator Init App 1.7.0-SNAPSHOT] Initializing HiveMQ Platform extensions with initial configuration: {hivemq-allow-all-extension={start-priority=-1, skip-https-hostname-verification=false, restart=true, config-version=0, header-version=0, c-uri=, priority=-1, uri=preinstalled, skip-https-certificate-validation=false, enabled=true}, hivemq-prometheus-extension={uri=preinstalled, skip-https-certificate-validation=false, skip-https-hostname-verification=false, c-uri=, start-priority=-1, priority=-1, restart=true, enabled=true, request-header-path=no-request-headers}}
2025-01-30 18:16:42,344 INFO c.h.h.t.HelmChartContainer - [test-hivemq-platform] [hivemq] [c65f2d7a] INFO  - [HiveMQ Platform Operator Init App 1.7.0-SNAPSHOT] Extension hivemq-allow-all-extension was already enabled
2025-01-30 18:16:42,379 INFO c.h.h.t.HelmChartContainer - [test-hivemq-platform] [hivemq] [c65f2d7a] INFO  - [HiveMQ Platform Operator Init App 1.7.0-SNAPSHOT] Successfully enabled extension hivemq-prometheus-extension
2025-01-30 18:16:42,380 INFO c.h.h.t.HelmChartContainer - [test-hivemq-platform] [hivemq] [c65f2d7a] INFO  - [HiveMQ Platform Operator Init App 1.7.0-SNAPSHOT] Starting HiveMQ Platform version 4.36.0 (4.36.0)
2025-01-30 18:16:42,380 INFO c.h.h.t.HelmChartContainer - [test-hivemq-platform] [hivemq] [c65f2d7a] INFO  - [HiveMQ Platform Operator Init App 1.7.0-SNAPSHOT] Configuring the HiveMQ Platform
2025-01-30 18:16:42,447 INFO c.h.h.t.HelmChartContainer - [test-hivemq-platform] [hivemq] [c65f2d7a] INFO  - [HiveMQ Platform Operator Init App 1.7.0-SNAPSHOT] Changed logback.xml file scan period to 20 seconds
2025-01-30 18:16:42,545 INFO c.h.h.t.HelmChartContainer - [test-hivemq-platform] [hivemq] [c65f2d7a] INFO  - [HiveMQ Platform Operator Init App 1.7.0-SNAPSHOT] Starting the HiveMQ Platform
2025-01-30 18:16:42,571 INFO c.h.h.t.HelmChartContainer - [test-hivemq-platform] [hivemq] [c65f2d7a] -------------------------------------------------------------------------
2025-01-30 18:16:42,571 INFO c.h.h.t.HelmChartContainer - [test-hivemq-platform] [hivemq] [c65f2d7a] 
2025-01-30 18:16:42,571 INFO c.h.h.t.HelmChartContainer - [test-hivemq-platform] [hivemq] [c65f2d7a]                   _    _  _              __  __   ____
2025-01-30 18:16:42,571 INFO c.h.h.t.HelmChartContainer - [test-hivemq-platform] [hivemq] [c65f2d7a]                  | |  | |(_)            |  \/  | / __ \
2025-01-30 18:16:42,571 INFO c.h.h.t.HelmChartContainer - [test-hivemq-platform] [hivemq] [c65f2d7a]                  | |__| | _ __   __ ___ | \  / || |  | |
2025-01-30 18:16:42,571 INFO c.h.h.t.HelmChartContainer - [test-hivemq-platform] [hivemq] [c65f2d7a]                  |  __  || |\ \ / // _ \| |\/| || |  | |
2025-01-30 18:16:42,571 INFO c.h.h.t.HelmChartContainer - [test-hivemq-platform] [hivemq] [c65f2d7a]                  | |  | || | \ V /|  __/| |  | || |__| |
2025-01-30 18:16:42,571 INFO c.h.h.t.HelmChartContainer - [test-hivemq-platform] [hivemq] [c65f2d7a]                  |_|  |_||_|  \_/  \___||_|  |_| \___\_\
2025-01-30 18:16:42,571 INFO c.h.h.t.HelmChartContainer - [test-hivemq-platform] [hivemq] [c65f2d7a] 
2025-01-30 18:16:42,571 INFO c.h.h.t.HelmChartContainer - [test-hivemq-platform] [hivemq] [c65f2d7a] -------------------------------------------------------------------------
2025-01-30 18:16:42,571 INFO c.h.h.t.HelmChartContainer - [test-hivemq-platform] [hivemq] [c65f2d7a] 
2025-01-30 18:16:42,571 INFO c.h.h.t.HelmChartContainer - [test-hivemq-platform] [hivemq] [c65f2d7a]   HiveMQ Start Script for Linux/Unix v1.14
2025-01-30 18:16:42,571 INFO c.h.h.t.HelmChartContainer - [test-hivemq-platform] [hivemq] [c65f2d7a] 
2025-01-30 18:16:42,646 INFO c.h.h.t.HelmChartContainer - [test-hivemq-platform] [hivemq] [c65f2d7a] -------------------------------------------------------------------------
2025-01-30 18:16:42,646 INFO c.h.h.t.HelmChartContainer - [test-hivemq-platform] [hivemq] [c65f2d7a] 
2025-01-30 18:16:42,646 INFO c.h.h.t.HelmChartContainer - [test-hivemq-platform] [hivemq] [c65f2d7a]   HIVEMQ_HOME: /opt/hivemq
2025-01-30 18:16:42,646 INFO c.h.h.t.HelmChartContainer - [test-hivemq-platform] [hivemq] [c65f2d7a] 
2025-01-30 18:16:42,646 INFO c.h.h.t.HelmChartContainer - [test-hivemq-platform] [hivemq] [c65f2d7a]   JAVA_OPTS: -XX:+UnlockExperimentalVMOptions -XX:InitialRAMPercentage=50 -XX:MaxRAMPercentage=50 -Djava.net.preferIPv4Stack=true --add-opens java.base/java.lang=ALL-UNNAMED --add-opens java.base/java.nio=ALL-UNNAMED --add-opens java.base/sun.nio.ch=ALL-UNNAMED --add-opens jdk.management/com.sun.management.internal=ALL-UNNAMED --add-exports java.base/jdk.internal.misc=ALL-UNNAMED -Djava.security.egd=file:/dev/./urandom -Dcom.sun.management.jmxremote -Dcom.sun.management.jmxremote.port=9010 -Dcom.sun.management.jmxremote.local.only=false -Dcom.sun.management.jmxremote.authenticate=false -Dcom.sun.management.jmxremote.ssl=false -Duser.language=en -Duser.region=US -XX:+CrashOnOutOfMemoryError -XX:+HeapDumpOnOutOfMemoryError
2025-01-30 18:16:42,646 INFO c.h.h.t.HelmChartContainer - [test-hivemq-platform] [hivemq] [c65f2d7a] 
2025-01-30 18:16:42,646 INFO c.h.h.t.HelmChartContainer - [test-hivemq-platform] [hivemq] [c65f2d7a]   JAVA_VERSION: 21
2025-01-30 18:16:42,646 INFO c.h.h.t.HelmChartContainer - [test-hivemq-platform] [hivemq] [c65f2d7a] 
2025-01-30 18:16:42,646 INFO c.h.h.t.HelmChartContainer - [test-hivemq-platform] [hivemq] [c65f2d7a] -------------------------------------------------------------------------
2025-01-30 18:16:42,646 INFO c.h.h.t.HelmChartContainer - [test-hivemq-platform] [hivemq] [c65f2d7a] 
2025-01-30 18:16:43,643 INFO c.h.h.t.HelmChartContainer - [test-hivemq-platform] [hivemq] [c65f2d7a] INFO  - [HiveMQ Platform Operator Init App 1.7.0-SNAPSHOT] Returning default Health API response 503 for readiness
2025-01-30 18:16:43,977 INFO c.h.h.t.HelmChartContainer - [EVENT] Warning [Unhealthy] Readiness probe failed: HTTP probe failed with statuscode: 503 [helmrestapiit:test-hivemq-platform-0]
2025-01-30 18:16:43,977 INFO c.h.h.t.HelmChartContainer - Received Unhealthy event for container hivemq in pod test-hivemq-platform-0 [c65f2d7a-4937-404e-8de4-00cc8576aa0e]
2025-01-30 18:16:45,272 INFO c.h.h.t.HelmChartContainer - [test-hivemq-platform] [hivemq] [c65f2d7a] INFO  - Starting HiveMQ Enterprise Server
2025-01-30 18:16:45,277 INFO c.h.h.t.HelmChartContainer - [test-hivemq-platform] [hivemq] [c65f2d7a] INFO  - HiveMQ version: 4.36.0
2025-01-30 18:16:45,278 INFO c.h.h.t.HelmChartContainer - [test-hivemq-platform] [hivemq] [c65f2d7a] INFO  - HiveMQ home directory: /opt/hivemq
2025-01-30 18:16:45,279 INFO c.h.h.t.HelmChartContainer - [test-hivemq-platform] [hivemq] [c65f2d7a] INFO  - Log Configuration was overridden by /opt/hivemq/conf/logback.xml
2025-01-30 18:16:46,479 INFO c.h.h.t.HelmChartContainer - [test-hivemq-platform] [hivemq] [c65f2d7a] INFO  - Successfully loaded configuration from '/opt/hivemq/conf-k8s/config.xml'.
2025-01-30 18:16:47,270 INFO c.h.h.t.HelmChartContainer - [test-hivemq-platform] [hivemq] [c65f2d7a] INFO  - This node's ID is oRX1o
2025-01-30 18:16:47,272 INFO c.h.h.t.HelmChartContainer - [test-hivemq-platform] [hivemq] [c65f2d7a] INFO  - Clustering is enabled
2025-01-30 18:16:47,706 INFO c.h.h.t.HelmChartContainer - [hivemq-test-hivemq-platform] [hivemq-platform-operator] [fe9b9658] 18:16:47.703 [pool-6-thread-8] DEBUG c.h.p.o.d.PlatformServiceResource - [helmrest] Desired Platform services (4 services)
2025-01-30 18:16:47,707 INFO c.h.h.t.HelmChartContainer - [hivemq-test-hivemq-platform] [hivemq-platform-operator] [fe9b9658] 18:16:47.704 [pool-6-thread-9] DEBUG c.h.p.o.dependants.PodInfoConfigMap - [helmrest] Desired PodInfo ConfigMap (1 extensions) (1 enabled)
2025-01-30 18:16:47,708 INFO c.h.h.t.HelmChartContainer - [hivemq-test-hivemq-platform] [hivemq-platform-operator] [fe9b9658] 18:16:47.704 [pool-6-thread-9] DEBUG c.h.p.o.dependants.PodInfoConfigMap - [helmrest] Desired PodInfo ConfigMap (metrics port: 9399) (metrics path: /)
2025-01-30 18:16:47,708 INFO c.h.h.t.HelmChartContainer - [hivemq-test-hivemq-platform] [hivemq-platform-operator] [fe9b9658] 18:16:47.704 [pool-6-thread-9] DEBUG c.h.p.o.dependants.PodInfoConfigMap - [helmrest] Desired PodInfo ConfigMap (extension state hash: -1817474005)
2025-01-30 18:16:47,708 INFO c.h.h.t.HelmChartContainer - [hivemq-test-hivemq-platform] [hivemq-platform-operator] [fe9b9658] 18:16:47.705 [pool-6-thread-6] DEBUG c.h.p.o.d.PodServiceAccountResource - [helmrest] Desired PodServiceAccountResource (serviceAccountName: hivemq-platform-pod-test-hivemq-platform)
2025-01-30 18:16:47,717 INFO c.h.h.t.HelmChartContainer - [hivemq-test-hivemq-platform] [hivemq-platform-operator] [fe9b9658] 18:16:47.711 [pool-6-thread-8] DEBUG c.h.p.o.d.StatefulSetResource - [helmrest] Desired StatefulSet (1 replicas) for status STARTING (READY)
2025-01-30 18:16:47,718 INFO c.h.h.t.HelmChartContainer - [hivemq-test-hivemq-platform] [hivemq-platform-operator] [fe9b9658] 18:16:47.716 [ReconcilerExecutor-hivemq-controller-108] INFO  c.h.p.o.HiveMQPlatformReconciler - [helmrest] Reconciling HiveMQ Platform 'test-hivemq-platform' in namespace 'helmrestapiit'
2025-01-30 18:16:47,718 INFO c.h.h.t.HelmChartContainer - [hivemq-test-hivemq-platform] [hivemq-platform-operator] [fe9b9658] 18:16:47.716 [ReconcilerExecutor-hivemq-controller-108] DEBUG c.h.p.o.HiveMQPlatformReconciler - [helmrest] Custom Resource Status STARTING - HiveMQ Platform is starting (READY)
2025-01-30 18:16:47,719 INFO c.h.h.t.HelmChartContainer - [hivemq-test-hivemq-platform] [hivemq-platform-operator] [fe9b9658] 18:16:47.717 [ReconcilerExecutor-hivemq-controller-108] DEBUG c.h.p.o.HiveMQPlatformReconciler - [helmrest] Custom Resource Spec (replicas: 1) (extensions: 1)
2025-01-30 18:16:47,792 INFO c.h.h.t.HelmChartContainer - [hivemq-test-hivemq-platform] [hivemq-platform-operator] [fe9b9658] 18:16:47.791 [ReconcilerExecutor-hivemq-controller-108] DEBUG c.h.p.o.HiveMQPlatformReconciler - [helmrest] StatefulSet Status (revision: test-hivemq-platform-5997c57dcb, replicas: 1, available: 0, ready: 0, current: 1, updated: 1)
2025-01-30 18:16:47,793 INFO c.h.h.t.HelmChartContainer - [hivemq-test-hivemq-platform] [hivemq-platform-operator] [fe9b9658] 18:16:47.791 [ReconcilerExecutor-hivemq-controller-108] DEBUG c.h.p.o.HiveMQPlatformReconciler - [helmrest] StatefulSet Spec (replicas: 1, init containers: 1, containers: 1, volumes: 3)
2025-01-30 18:16:47,794 INFO c.h.h.t.HelmChartContainer - [hivemq-test-hivemq-platform] [hivemq-platform-operator] [fe9b9658] 18:16:47.793 [ReconcilerExecutor-hivemq-controller-108] DEBUG c.h.p.o.h.HiveMQPlatformReconcilerErrorHandler - [helmrest] Pod 'test-hivemq-platform-0' phase Running
2025-01-30 18:16:47,794 INFO c.h.h.t.HelmChartContainer - [hivemq-test-hivemq-platform] [hivemq-platform-operator] [fe9b9658] 18:16:47.794 [ReconcilerExecutor-hivemq-controller-108] INFO  c.h.p.o.h.HiveMQPlatformReconcilerBaseHandler - [helmrest] HiveMQ Platform is starting, 0 of 1 replicas are ready
2025-01-30 18:16:49,073 INFO c.h.h.t.HelmChartContainer - [test-hivemq-platform] [hivemq] [c65f2d7a] WARN  - [HiveMQ Platform Operator Init App 1.7.0-SNAPSHOT] Cannot connect to Health API for readiness: null
2025-01-30 18:16:49,078 INFO c.h.h.t.HelmChartContainer - [EVENT] Warning [Unhealthy] Readiness probe failed: HTTP probe failed with statuscode: 503 [helmrestapiit:test-hivemq-platform-0]
2025-01-30 18:16:49,079 INFO c.h.h.t.HelmChartContainer - Received Unhealthy event for container hivemq in pod test-hivemq-platform-0 [c65f2d7a-4937-404e-8de4-00cc8576aa0e]
2025-01-30 18:16:51,679 INFO c.h.h.t.HelmChartContainer - [test-hivemq-platform] [hivemq] [c65f2d7a] Jan 30, 2025 6:16:51 PM io.vertx.core.impl.BlockedThreadChecker
2025-01-30 18:16:51,679 INFO c.h.h.t.HelmChartContainer - [test-hivemq-platform] [hivemq] [c65f2d7a] WARNING: Thread Thread[vert.x-eventloop-thread-1,5,main] has been blocked for 2702 ms, time limit is 2000 ms
2025-01-30 18:16:51,938 INFO c.h.h.t.HelmChartContainer - [test-hivemq-platform] [hivemq] [c65f2d7a] INFO  - [HiveMQ Platform Operator Init App 1.7.0-SNAPSHOT] Updating Pod HiveMQ Platform Operator Init App version annotation (version: 1.7.0-SNAPSHOT)
2025-01-30 18:16:52,684 INFO c.h.h.t.HelmChartContainer - [POD] test-hivemq-platform-0 [c65f2d7a-4937-404e-8de4-00cc8576aa0e] in helmrestapiit was MODIFIED
2025-01-30 18:16:52,694 INFO c.h.h.t.HelmChartContainer - [hivemq-test-hivemq-platform] [hivemq-platform-operator] [fe9b9658] 18:16:52.692 [pool-6-thread-17] DEBUG c.h.p.o.d.PlatformServiceResource - [helmrest] Desired Platform services (4 services)
2025-01-30 18:16:52,698 INFO c.h.h.t.HelmChartContainer - [hivemq-test-hivemq-platform] [hivemq-platform-operator] [fe9b9658] 18:16:52.692 [pool-6-thread-11] DEBUG c.h.p.o.d.PodServiceAccountResource - [helmrest] Desired PodServiceAccountResource (serviceAccountName: hivemq-platform-pod-test-hivemq-platform)
2025-01-30 18:16:52,699 INFO c.h.h.t.HelmChartContainer - [hivemq-test-hivemq-platform] [hivemq-platform-operator] [fe9b9658] 18:16:52.697 [pool-6-thread-15] DEBUG c.h.p.o.dependants.PodInfoConfigMap - [helmrest] Desired PodInfo ConfigMap (1 extensions) (1 enabled)
2025-01-30 18:16:52,700 INFO c.h.h.t.HelmChartContainer - [hivemq-test-hivemq-platform] [hivemq-platform-operator] [fe9b9658] 18:16:52.698 [pool-6-thread-15] DEBUG c.h.p.o.dependants.PodInfoConfigMap - [helmrest] Desired PodInfo ConfigMap (metrics port: 9399) (metrics path: /)
2025-01-30 18:16:52,700 INFO c.h.h.t.HelmChartContainer - [hivemq-test-hivemq-platform] [hivemq-platform-operator] [fe9b9658] 18:16:52.698 [pool-6-thread-15] DEBUG c.h.p.o.dependants.PodInfoConfigMap - [helmrest] Desired PodInfo ConfigMap (extension state hash: -1817474005)
2025-01-30 18:16:52,702 INFO c.h.h.t.HelmChartContainer - [hivemq-test-hivemq-platform] [hivemq-platform-operator] [fe9b9658] 18:16:52.701 [pool-6-thread-20] DEBUG c.h.p.o.d.StatefulSetResource - [helmrest] Desired StatefulSet (1 replicas) for status STARTING (READY)
2025-01-30 18:16:52,720 INFO c.h.h.t.HelmChartContainer - [hivemq-test-hivemq-platform] [hivemq-platform-operator] [fe9b9658] 18:16:52.719 [ReconcilerExecutor-hivemq-controller-109] INFO  c.h.p.o.HiveMQPlatformReconciler - [helmrest] Reconciling HiveMQ Platform 'test-hivemq-platform' in namespace 'helmrestapiit'
2025-01-30 18:16:52,720 INFO c.h.h.t.HelmChartContainer - [hivemq-test-hivemq-platform] [hivemq-platform-operator] [fe9b9658] 18:16:52.719 [ReconcilerExecutor-hivemq-controller-109] DEBUG c.h.p.o.HiveMQPlatformReconciler - [helmrest] Custom Resource Status STARTING - HiveMQ Platform is starting (READY)
2025-01-30 18:16:52,721 INFO c.h.h.t.HelmChartContainer - [hivemq-test-hivemq-platform] [hivemq-platform-operator] [fe9b9658] 18:16:52.719 [ReconcilerExecutor-hivemq-controller-109] DEBUG c.h.p.o.HiveMQPlatformReconciler - [helmrest] Custom Resource Spec (replicas: 1) (extensions: 1)
2025-01-30 18:16:52,722 INFO c.h.h.t.HelmChartContainer - [hivemq-test-hivemq-platform] [hivemq-platform-operator] [fe9b9658] 18:16:52.720 [ReconcilerExecutor-hivemq-controller-109] DEBUG c.h.p.o.HiveMQPlatformReconciler - [helmrest] StatefulSet Status (revision: test-hivemq-platform-5997c57dcb, replicas: 1, available: 0, ready: 0, current: 1, updated: 1)
2025-01-30 18:16:52,722 INFO c.h.h.t.HelmChartContainer - [hivemq-test-hivemq-platform] [hivemq-platform-operator] [fe9b9658] 18:16:52.720 [ReconcilerExecutor-hivemq-controller-109] DEBUG c.h.p.o.HiveMQPlatformReconciler - [helmrest] StatefulSet Spec (replicas: 1, init containers: 1, containers: 1, volumes: 3)
2025-01-30 18:16:52,771 INFO c.h.h.t.HelmChartContainer - [test-hivemq-platform] [hivemq] [c65f2d7a] INFO  - [HiveMQ Platform Operator Init App 1.7.0-SNAPSHOT] Successfully updated Pod HiveMQ Platform Operator Init App version annotation (version: 1.7.0-SNAPSHOT)
2025-01-30 18:16:52,772 INFO c.h.h.t.HelmChartContainer - [test-hivemq-platform] [hivemq] [c65f2d7a] WARN  - [HiveMQ Platform Operator Init App 1.7.0-SNAPSHOT] Cannot connect to Health API for readiness: null
2025-01-30 18:16:52,778 INFO c.h.h.t.HelmChartContainer - [EVENT] Warning [Unhealthy] Readiness probe failed: HTTP probe failed with statuscode: 503 [helmrestapiit:test-hivemq-platform-0]
2025-01-30 18:16:52,779 INFO c.h.h.t.HelmChartContainer - Received Unhealthy event for container hivemq in pod test-hivemq-platform-0 [c65f2d7a-4937-404e-8de4-00cc8576aa0e]
2025-01-30 18:16:52,791 INFO c.h.h.t.HelmChartContainer - [hivemq-test-hivemq-platform] [hivemq-platform-operator] [fe9b9658] 18:16:52.789 [ReconcilerExecutor-hivemq-controller-109] DEBUG c.h.p.o.h.HiveMQPlatformReconcilerErrorHandler - [helmrest] Pod 'test-hivemq-platform-0' phase Running
2025-01-30 18:16:52,791 INFO c.h.h.t.HelmChartContainer - [hivemq-test-hivemq-platform] [hivemq-platform-operator] [fe9b9658] 18:16:52.791 [ReconcilerExecutor-hivemq-controller-109] INFO  c.h.p.o.h.HiveMQPlatformReconcilerBaseHandler - [helmrest] HiveMQ Platform is starting, 0 of 1 replicas are ready
2025-01-30 18:16:57,741 INFO c.h.h.t.HelmChartContainer - [test-hivemq-platform] [hivemq] [c65f2d7a] WARN  - [HiveMQ Platform Operator Init App 1.7.0-SNAPSHOT] Cannot connect to Health API for readiness: null
2025-01-30 18:16:57,745 INFO c.h.h.t.HelmChartContainer - [EVENT] Warning [Unhealthy] Readiness probe failed: HTTP probe failed with statuscode: 503 [helmrestapiit:test-hivemq-platform-0]
2025-01-30 18:16:57,745 INFO c.h.h.t.HelmChartContainer - Received Unhealthy event for container hivemq in pod test-hivemq-platform-0 [c65f2d7a-4937-404e-8de4-00cc8576aa0e]
2025-01-30 18:17:02,739 INFO c.h.h.t.HelmChartContainer - [test-hivemq-platform] [hivemq] [c65f2d7a] WARN  - [HiveMQ Platform Operator Init App 1.7.0-SNAPSHOT] Cannot connect to Health API for readiness: null
2025-01-30 18:17:02,745 INFO c.h.h.t.HelmChartContainer - [EVENT] Warning [Unhealthy] Readiness probe failed: HTTP probe failed with statuscode: 503 [helmrestapiit:test-hivemq-platform-0]
2025-01-30 18:17:02,745 INFO c.h.h.t.HelmChartContainer - Received Unhealthy event for container hivemq in pod test-hivemq-platform-0 [c65f2d7a-4937-404e-8de4-00cc8576aa0e]
2025-01-30 18:17:02,797 INFO c.h.h.t.HelmChartContainer - [hivemq-test-hivemq-platform] [hivemq-platform-operator] [fe9b9658] 18:17:02.795 [pool-6-thread-27] DEBUG c.h.p.o.d.PlatformServiceResource - [helmrest] Desired Platform services (4 services)
2025-01-30 18:17:02,798 INFO c.h.h.t.HelmChartContainer - [hivemq-test-hivemq-platform] [hivemq-platform-operator] [fe9b9658] 18:17:02.795 [pool-6-thread-21] DEBUG c.h.p.o.dependants.PodInfoConfigMap - [helmrest] Desired PodInfo ConfigMap (1 extensions) (1 enabled)
2025-01-30 18:17:02,798 INFO c.h.h.t.HelmChartContainer - [hivemq-test-hivemq-platform] [hivemq-platform-operator] [fe9b9658] 18:17:02.795 [pool-6-thread-21] DEBUG c.h.p.o.dependants.PodInfoConfigMap - [helmrest] Desired PodInfo ConfigMap (metrics port: 9399) (metrics path: /)
2025-01-30 18:17:02,798 INFO c.h.h.t.HelmChartContainer - [hivemq-test-hivemq-platform] [hivemq-platform-operator] [fe9b9658] 18:17:02.796 [pool-6-thread-21] DEBUG c.h.p.o.dependants.PodInfoConfigMap - [helmrest] Desired PodInfo ConfigMap (extension state hash: -1817474005)
2025-01-30 18:17:02,798 INFO c.h.h.t.HelmChartContainer - [hivemq-test-hivemq-platform] [hivemq-platform-operator] [fe9b9658] 18:17:02.796 [pool-6-thread-25] DEBUG c.h.p.o.d.PodServiceAccountResource - [helmrest] Desired PodServiceAccountResource (serviceAccountName: hivemq-platform-pod-test-hivemq-platform)
2025-01-30 18:17:02,803 INFO c.h.h.t.HelmChartContainer - [hivemq-test-hivemq-platform] [hivemq-platform-operator] [fe9b9658] 18:17:02.802 [pool-6-thread-27] DEBUG c.h.p.o.d.StatefulSetResource - [helmrest] Desired StatefulSet (1 replicas) for status STARTING (READY)
2025-01-30 18:17:02,808 INFO c.h.h.t.HelmChartContainer - [hivemq-test-hivemq-platform] [hivemq-platform-operator] [fe9b9658] 18:17:02.806 [ReconcilerExecutor-hivemq-controller-110] INFO  c.h.p.o.HiveMQPlatformReconciler - [helmrest] Reconciling HiveMQ Platform 'test-hivemq-platform' in namespace 'helmrestapiit'
2025-01-30 18:17:02,808 INFO c.h.h.t.HelmChartContainer - [hivemq-test-hivemq-platform] [hivemq-platform-operator] [fe9b9658] 18:17:02.806 [ReconcilerExecutor-hivemq-controller-110] DEBUG c.h.p.o.HiveMQPlatformReconciler - [helmrest] Custom Resource Status STARTING - HiveMQ Platform is starting (READY)
2025-01-30 18:17:02,808 INFO c.h.h.t.HelmChartContainer - [hivemq-test-hivemq-platform] [hivemq-platform-operator] [fe9b9658] 18:17:02.806 [ReconcilerExecutor-hivemq-controller-110] DEBUG c.h.p.o.HiveMQPlatformReconciler - [helmrest] Custom Resource Spec (replicas: 1) (extensions: 1)
2025-01-30 18:17:02,809 INFO c.h.h.t.HelmChartContainer - [hivemq-test-hivemq-platform] [hivemq-platform-operator] [fe9b9658] 18:17:02.809 [ReconcilerExecutor-hivemq-controller-110] DEBUG c.h.p.o.HiveMQPlatformReconciler - [helmrest] StatefulSet Status (revision: test-hivemq-platform-5997c57dcb, replicas: 1, available: 0, ready: 0, current: 1, updated: 1)
2025-01-30 18:17:02,809 INFO c.h.h.t.HelmChartContainer - [hivemq-test-hivemq-platform] [hivemq-platform-operator] [fe9b9658] 18:17:02.809 [ReconcilerExecutor-hivemq-controller-110] DEBUG c.h.p.o.HiveMQPlatformReconciler - [helmrest] StatefulSet Spec (replicas: 1, init containers: 1, containers: 1, volumes: 3)
2025-01-30 18:17:02,811 INFO c.h.h.t.HelmChartContainer - [hivemq-test-hivemq-platform] [hivemq-platform-operator] [fe9b9658] 18:17:02.810 [ReconcilerExecutor-hivemq-controller-110] DEBUG c.h.p.o.h.HiveMQPlatformReconcilerErrorHandler - [helmrest] Pod 'test-hivemq-platform-0' phase Running
2025-01-30 18:17:02,812 INFO c.h.h.t.HelmChartContainer - [hivemq-test-hivemq-platform] [hivemq-platform-operator] [fe9b9658] 18:17:02.811 [ReconcilerExecutor-hivemq-controller-110] INFO  c.h.p.o.h.HiveMQPlatformReconcilerBaseHandler - [helmrest] HiveMQ Platform is starting, 0 of 1 replicas are ready
2025-01-30 18:17:04,438 INFO c.h.h.t.HelmChartContainer - [test-hivemq-platform] [hivemq] [c65f2d7a] INFO  - No valid license file found. Using trial license, restricted to 25 connections.
2025-01-30 18:17:04,673 INFO c.h.h.t.HelmChartContainer - [test-hivemq-platform] [hivemq] [c65f2d7a] WARN  - [HiveMQ Platform Operator Init App 1.7.0-SNAPSHOT] Cannot connect to Health API for liveness: null
2025-01-30 18:17:04,674 INFO c.h.h.t.HelmChartContainer - [test-hivemq-platform] [hivemq] [c65f2d7a] INFO  - [HiveMQ Platform Operator Init App 1.7.0-SNAPSHOT] Returning default Health API response 200 for liveness
2025-01-30 18:17:07,741 INFO c.h.h.t.HelmChartContainer - [test-hivemq-platform] [hivemq] [c65f2d7a] WARN  - [HiveMQ Platform Operator Init App 1.7.0-SNAPSHOT] Cannot connect to Health API for readiness: null
2025-01-30 18:17:07,745 INFO c.h.h.t.HelmChartContainer - [EVENT] Warning [Unhealthy] Readiness probe failed: HTTP probe failed with statuscode: 503 [helmrestapiit:test-hivemq-platform-0]
2025-01-30 18:17:07,745 INFO c.h.h.t.HelmChartContainer - Received Unhealthy event for container hivemq in pod test-hivemq-platform-0 [c65f2d7a-4937-404e-8de4-00cc8576aa0e]
2025-01-30 18:17:09,273 INFO c.h.h.t.HelmChartContainer - [test-hivemq-platform] [hivemq] [c65f2d7a] INFO  - No valid license file for Data Hub found. Using free license, restricted to 1 policy.
2025-01-30 18:17:10,376 INFO c.h.h.t.HelmChartContainer - [test-hivemq-platform] [hivemq] [c65f2d7a] INFO  - Audit Logger started.
2025-01-30 18:17:10,660 INFO c.h.h.t.HelmChartContainer - [test-hivemq-platform] [hivemq] [c65f2d7a] INFO  - This node uses '1' CPU cores.
2025-01-30 18:17:10,674 INFO c.h.h.t.HelmChartContainer - [test-hivemq-platform] [hivemq] [c65f2d7a] INFO  - Starting HiveMQ Health API on address 0.0.0.0 and port 8889
2025-01-30 18:17:11,278 INFO c.h.h.t.HelmChartContainer - [test-hivemq-platform] [hivemq] [c65f2d7a] INFO  - Started HiveMQ Health API in 604ms
2025-01-30 18:17:11,852 INFO c.h.h.t.HelmChartContainer - [test-hivemq-platform] [hivemq] [c65f2d7a] INFO  - Starting HiveMQ extension system.
2025-01-30 18:17:12,138 INFO c.h.h.t.HelmChartContainer - [test-hivemq-platform] [hivemq] [c65f2d7a] INFO  - Starting extension with id "hivemq-dns-cluster-discovery" at /opt/hivemq/extensions/hivemq-dns-cluster-discovery
2025-01-30 18:17:12,542 INFO c.h.h.t.HelmChartContainer - [test-hivemq-platform] [hivemq] [c65f2d7a] INFO  - Using TCP cluster transport on address 10.42.0.10 and port 7000
2025-01-30 18:17:12,546 INFO c.h.h.t.HelmChartContainer - [test-hivemq-platform] [hivemq] [c65f2d7a] INFO  - Using extension cluster discovery
2025-01-30 18:17:12,643 INFO c.h.h.t.HelmChartContainer - [test-hivemq-platform] [hivemq] [c65f2d7a] INFO  - Extension "DNS Cluster Discovery Extension" version 4.3.2 started successfully.
2025-01-30 18:17:12,643 INFO c.h.h.t.HelmChartContainer - [test-hivemq-platform] [hivemq] [c65f2d7a] INFO  - Starting extension with id "hivemq-prometheus-extension" at /opt/hivemq/extensions/hivemq-prometheus-extension
2025-01-30 18:17:12,818 INFO c.h.h.t.HelmChartContainer - [hivemq-test-hivemq-platform] [hivemq-platform-operator] [fe9b9658] 18:17:12.815 [pool-6-thread-37] DEBUG c.h.p.o.dependants.PodInfoConfigMap - [helmrest] Desired PodInfo ConfigMap (1 extensions) (1 enabled)
2025-01-30 18:17:12,819 INFO c.h.h.t.HelmChartContainer - [hivemq-test-hivemq-platform] [hivemq-platform-operator] [fe9b9658] 18:17:12.815 [pool-6-thread-37] DEBUG c.h.p.o.dependants.PodInfoConfigMap - [helmrest] Desired PodInfo ConfigMap (metrics port: 9399) (metrics path: /)
2025-01-30 18:17:12,820 INFO c.h.h.t.HelmChartContainer - [hivemq-test-hivemq-platform] [hivemq-platform-operator] [fe9b9658] 18:17:12.817 [pool-6-thread-37] DEBUG c.h.p.o.dependants.PodInfoConfigMap - [helmrest] Desired PodInfo ConfigMap (extension state hash: -1817474005)
2025-01-30 18:17:12,820 INFO c.h.h.t.HelmChartContainer - [hivemq-test-hivemq-platform] [hivemq-platform-operator] [fe9b9658] 18:17:12.816 [pool-6-thread-32] DEBUG c.h.p.o.d.PodServiceAccountResource - [helmrest] Desired PodServiceAccountResource (serviceAccountName: hivemq-platform-pod-test-hivemq-platform)
2025-01-30 18:17:12,821 INFO c.h.h.t.HelmChartContainer - [hivemq-test-hivemq-platform] [hivemq-platform-operator] [fe9b9658] 18:17:12.816 [pool-6-thread-36] DEBUG c.h.p.o.d.PlatformServiceResource - [helmrest] Desired Platform services (4 services)
2025-01-30 18:17:12,825 INFO c.h.h.t.HelmChartContainer - [hivemq-test-hivemq-platform] [hivemq-platform-operator] [fe9b9658] 18:17:12.824 [pool-6-thread-36] DEBUG c.h.p.o.d.StatefulSetResource - [helmrest] Desired StatefulSet (1 replicas) for status STARTING (READY)
2025-01-30 18:17:12,829 INFO c.h.h.t.HelmChartContainer - [hivemq-test-hivemq-platform] [hivemq-platform-operator] [fe9b9658] 18:17:12.828 [ReconcilerExecutor-hivemq-controller-111] INFO  c.h.p.o.HiveMQPlatformReconciler - [helmrest] Reconciling HiveMQ Platform 'test-hivemq-platform' in namespace 'helmrestapiit'
2025-01-30 18:17:12,829 INFO c.h.h.t.HelmChartContainer - [hivemq-test-hivemq-platform] [hivemq-platform-operator] [fe9b9658] 18:17:12.828 [ReconcilerExecutor-hivemq-controller-111] DEBUG c.h.p.o.HiveMQPlatformReconciler - [helmrest] Custom Resource Status STARTING - HiveMQ Platform is starting (READY)
2025-01-30 18:17:12,829 INFO c.h.h.t.HelmChartContainer - [hivemq-test-hivemq-platform] [hivemq-platform-operator] [fe9b9658] 18:17:12.828 [ReconcilerExecutor-hivemq-controller-111] DEBUG c.h.p.o.HiveMQPlatformReconciler - [helmrest] Custom Resource Spec (replicas: 1) (extensions: 1)
2025-01-30 18:17:12,830 INFO c.h.h.t.HelmChartContainer - [hivemq-test-hivemq-platform] [hivemq-platform-operator] [fe9b9658] 18:17:12.829 [ReconcilerExecutor-hivemq-controller-111] DEBUG c.h.p.o.HiveMQPlatformReconciler - [helmrest] StatefulSet Status (revision: test-hivemq-platform-5997c57dcb, replicas: 1, available: 0, ready: 0, current: 1, updated: 1)
2025-01-30 18:17:12,830 INFO c.h.h.t.HelmChartContainer - [hivemq-test-hivemq-platform] [hivemq-platform-operator] [fe9b9658] 18:17:12.829 [ReconcilerExecutor-hivemq-controller-111] DEBUG c.h.p.o.HiveMQPlatformReconciler - [helmrest] StatefulSet Spec (replicas: 1, init containers: 1, containers: 1, volumes: 3)
2025-01-30 18:17:12,892 INFO c.h.h.t.HelmChartContainer - [hivemq-test-hivemq-platform] [hivemq-platform-operator] [fe9b9658] 18:17:12.890 [ReconcilerExecutor-hivemq-controller-111] DEBUG c.h.p.o.h.HiveMQPlatformReconcilerErrorHandler - [helmrest] Pod 'test-hivemq-platform-0' phase Running
2025-01-30 18:17:12,892 INFO c.h.h.t.HelmChartContainer - [hivemq-test-hivemq-platform] [hivemq-platform-operator] [fe9b9658] 18:17:12.891 [ReconcilerExecutor-hivemq-controller-111] INFO  c.h.p.o.h.HiveMQPlatformReconcilerBaseHandler - [helmrest] HiveMQ Platform is starting, 0 of 1 replicas are ready
2025-01-30 18:17:13,728 INFO c.h.h.t.HelmChartContainer - [EVENT] Warning [Unhealthy] Readiness probe failed: Get "http://10.42.0.10:7979/readiness": context deadline exceeded (Client.Timeout exceeded while awaiting headers) [helmrestapiit:test-hivemq-platform-0]
2025-01-30 18:17:13,728 INFO c.h.h.t.HelmChartContainer - Received Unhealthy event for container hivemq in pod test-hivemq-platform-0 [c65f2d7a-4937-404e-8de4-00cc8576aa0e]
2025-01-30 18:17:13,841 INFO c.h.h.t.HelmChartContainer - [test-hivemq-platform] [hivemq] [c65f2d7a] INFO  - Started Jetty Server exposing Prometheus Servlet on URI http://0.0.0.0:9399/
2025-01-30 18:17:13,842 INFO c.h.h.t.HelmChartContainer - [test-hivemq-platform] [hivemq] [c65f2d7a] INFO  - Extension "Prometheus Monitoring Extension" version 4.0.12 started successfully.
2025-01-30 18:17:13,843 INFO c.h.h.t.HelmChartContainer - [test-hivemq-platform] [hivemq] [c65f2d7a] INFO  - Starting extension with id "hivemq-allow-all-extension" at /opt/hivemq/extensions/hivemq-allow-all-extension
2025-01-30 18:17:13,843 INFO c.h.h.t.HelmChartContainer - [test-hivemq-platform] [hivemq] [c65f2d7a] WARN  - 
2025-01-30 18:17:13,843 INFO c.h.h.t.HelmChartContainer - [test-hivemq-platform] [hivemq] [c65f2d7a] ################################################################################################################
2025-01-30 18:17:13,843 INFO c.h.h.t.HelmChartContainer - [test-hivemq-platform] [hivemq] [c65f2d7a] # This HiveMQ deployment is not secure! You are lacking Authentication and Authorization.                      #
2025-01-30 18:17:13,843 INFO c.h.h.t.HelmChartContainer - [test-hivemq-platform] [hivemq] [c65f2d7a] # Right now any MQTT client can connect to the broker with a full set of permissions.                          #
2025-01-30 18:17:13,843 INFO c.h.h.t.HelmChartContainer - [test-hivemq-platform] [hivemq] [c65f2d7a] # For production usage, add an appropriate security extension and remove the hivemq-allow-all extension.       #
2025-01-30 18:17:13,843 INFO c.h.h.t.HelmChartContainer - [test-hivemq-platform] [hivemq] [c65f2d7a] # You can download security extensions from the HiveMQ Marketplace (https://www.hivemq.com/extensions/).       #
2025-01-30 18:17:13,843 INFO c.h.h.t.HelmChartContainer - [test-hivemq-platform] [hivemq] [c65f2d7a] ################################################################################################################
2025-01-30 18:17:13,844 INFO c.h.h.t.HelmChartContainer - [test-hivemq-platform] [hivemq] [c65f2d7a] INFO  - Extension "Allow All Extension" version 1.1.1 started successfully.
2025-01-30 18:17:14,051 INFO c.h.h.t.HelmChartContainer - [test-hivemq-platform] [hivemq] [c65f2d7a] INFO  - [HiveMQ Platform Operator Init App 1.7.0-SNAPSHOT] Returning Health API response 503 for readiness
2025-01-30 18:17:15,971 INFO c.h.h.t.HelmChartContainer - [test-hivemq-platform] [hivemq] [c65f2d7a] INFO  - oRX1o: no members discovered after 2529 ms: creating cluster as first member
2025-01-30 18:17:15,977 INFO c.h.h.t.HelmChartContainer - [test-hivemq-platform] [hivemq] [c65f2d7a] INFO  - Cluster nodes found by discovery: [oRX1o|0] (1) [oRX1o].
2025-01-30 18:17:16,074 INFO c.h.h.t.HelmChartContainer - [test-hivemq-platform] [hivemq] [c65f2d7a] INFO  - Starting HiveMQ REST API on address 0.0.0.0 and port 8890
2025-01-30 18:17:16,573 INFO c.h.h.t.HelmChartContainer - [test-hivemq-platform] [hivemq] [c65f2d7a] INFO  - Started HiveMQ REST API in 499ms
2025-01-30 18:17:16,574 INFO c.h.h.t.HelmChartContainer - [test-hivemq-platform] [hivemq] [c65f2d7a] WARN  - No user for HiveMQ Control Center configured. Starting with default user
2025-01-30 18:17:16,574 INFO c.h.h.t.HelmChartContainer - [test-hivemq-platform] [hivemq] [c65f2d7a] INFO  - Starting HiveMQ Control Center on address 0.0.0.0 and port 8081
2025-01-30 18:17:16,577 INFO c.h.h.t.HelmChartContainer - [test-hivemq-platform] [hivemq] [c65f2d7a] INFO  - Mounting HiveMQ Control Center V2 Preview
2025-01-30 18:17:17,190 INFO c.h.h.t.HelmChartContainer - [test-hivemq-platform] [hivemq] [c65f2d7a] INFO  - Started HiveMQ Control Center in 616ms
2025-01-30 18:17:17,285 INFO c.h.h.t.HelmChartContainer - [test-hivemq-platform] [hivemq] [c65f2d7a] INFO  - Starting TCP listener on address 0.0.0.0 and port 1883
2025-01-30 18:17:17,375 INFO c.h.h.t.HelmChartContainer - [test-hivemq-platform] [hivemq] [c65f2d7a] INFO  - Started TCP Listener on address 0.0.0.0 and on port 1883.
2025-01-30 18:17:17,375 INFO c.h.h.t.HelmChartContainer - [test-hivemq-platform] [hivemq] [c65f2d7a] INFO  - Started HiveMQ in 32437ms
2025-01-30 18:17:17,690 INFO c.h.h.t.HelmChartContainer - [test-hivemq-platform] [hivemq] [c65f2d7a] INFO  - [HiveMQ Platform Operator Init App 1.7.0-SNAPSHOT] Returning Health API response 200 for readiness
2025-01-30 18:17:17,712 INFO c.h.h.t.HelmChartContainer - [POD] test-hivemq-platform-0 [c65f2d7a-4937-404e-8de4-00cc8576aa0e] in helmrestapiit was MODIFIED
2025-01-30 18:17:17,730 INFO c.h.h.t.HelmChartContainer - [hivemq-test-hivemq-platform] [hivemq-platform-operator] [fe9b9658] 18:17:17.726 [pool-6-thread-45] DEBUG c.h.p.o.d.PlatformServiceResource - [helmrest] Desired Platform services (4 services)
2025-01-30 18:17:17,732 INFO c.h.h.t.HelmChartContainer - [hivemq-test-hivemq-platform] [hivemq-platform-operator] [fe9b9658] 18:17:17.728 [pool-6-thread-46] DEBUG c.h.p.o.dependants.PodInfoConfigMap - [helmrest] Desired PodInfo ConfigMap (1 extensions) (1 enabled)
2025-01-30 18:17:17,732 INFO c.h.h.t.HelmChartContainer - [hivemq-test-hivemq-platform] [hivemq-platform-operator] [fe9b9658] 18:17:17.728 [pool-6-thread-46] DEBUG c.h.p.o.dependants.PodInfoConfigMap - [helmrest] Desired PodInfo ConfigMap (metrics port: 9399) (metrics path: /)
2025-01-30 18:17:17,732 INFO c.h.h.t.HelmChartContainer - [hivemq-test-hivemq-platform] [hivemq-platform-operator] [fe9b9658] 18:17:17.728 [pool-6-thread-46] DEBUG c.h.p.o.dependants.PodInfoConfigMap - [helmrest] Desired PodInfo ConfigMap (extension state hash: -1817474005)
2025-01-30 18:17:17,732 INFO c.h.h.t.HelmChartContainer - [hivemq-test-hivemq-platform] [hivemq-platform-operator] [fe9b9658] 18:17:17.728 [pool-6-thread-41] DEBUG c.h.p.o.d.PodServiceAccountResource - [helmrest] Desired PodServiceAccountResource (serviceAccountName: hivemq-platform-pod-test-hivemq-platform)
2025-01-30 18:17:17,820 INFO c.h.h.t.HelmChartContainer - [hivemq-test-hivemq-platform] [hivemq-platform-operator] [fe9b9658] 18:17:17.818 [pool-6-thread-45] DEBUG c.h.p.o.d.StatefulSetResource - [helmrest] Desired StatefulSet (1 replicas) for status STARTING (READY)
2025-01-30 18:17:17,825 INFO c.h.h.t.HelmChartContainer - [hivemq-test-hivemq-platform] [hivemq-platform-operator] [fe9b9658] 18:17:17.823 [ReconcilerExecutor-hivemq-controller-112] INFO  c.h.p.o.HiveMQPlatformReconciler - [helmrest] Reconciling HiveMQ Platform 'test-hivemq-platform' in namespace 'helmrestapiit'
2025-01-30 18:17:17,826 INFO c.h.h.t.HelmChartContainer - [hivemq-test-hivemq-platform] [hivemq-platform-operator] [fe9b9658] 18:17:17.823 [ReconcilerExecutor-hivemq-controller-112] DEBUG c.h.p.o.HiveMQPlatformReconciler - [helmrest] Custom Resource Status STARTING - HiveMQ Platform is starting (READY)
2025-01-30 18:17:17,826 INFO c.h.h.t.HelmChartContainer - [hivemq-test-hivemq-platform] [hivemq-platform-operator] [fe9b9658] 18:17:17.823 [ReconcilerExecutor-hivemq-controller-112] DEBUG c.h.p.o.HiveMQPlatformReconciler - [helmrest] Custom Resource Spec (replicas: 1) (extensions: 1)
2025-01-30 18:17:17,827 INFO c.h.h.t.HelmChartContainer - [hivemq-test-hivemq-platform] [hivemq-platform-operator] [fe9b9658] 18:17:17.825 [ReconcilerExecutor-hivemq-controller-112] DEBUG c.h.p.o.HiveMQPlatformReconciler - [helmrest] StatefulSet Status (revision: test-hivemq-platform-5997c57dcb, replicas: 1, available: 1, ready: 1, current: 1, updated: 1)
2025-01-30 18:17:17,827 INFO c.h.h.t.HelmChartContainer - [hivemq-test-hivemq-platform] [hivemq-platform-operator] [fe9b9658] 18:17:17.825 [ReconcilerExecutor-hivemq-controller-112] DEBUG c.h.p.o.HiveMQPlatformReconciler - [helmrest] StatefulSet Spec (replicas: 1, init containers: 1, containers: 1, volumes: 3)
2025-01-30 18:17:17,827 INFO c.h.h.t.HelmChartContainer - [hivemq-test-hivemq-platform] [hivemq-platform-operator] [fe9b9658] 18:17:17.826 [ReconcilerExecutor-hivemq-controller-112] DEBUG c.h.p.o.h.HiveMQPlatformReconcilerErrorHandler - [helmrest] Pod 'test-hivemq-platform-0' phase Running
2025-01-30 18:17:17,829 INFO c.h.h.t.HelmChartContainer - [hivemq-test-hivemq-platform] [hivemq-platform-operator] [fe9b9658] 18:17:17.828 [ReconcilerExecutor-hivemq-controller-112] INFO  c.h.p.o.h.HiveMQPlatformReconcilerBaseHandler - [helmrest] HiveMQ Platform started successfully
2025-01-30 18:17:17,929 INFO c.h.h.t.HelmChartContainer - [hivemq-test-hivemq-platform] [hivemq-platform-operator] [fe9b9658] 18:17:17.928 [ReconcilerExecutor-hivemq-controller-112] DEBUG c.h.p.operator.event.EventSender - [helmrest] Creating K8s event hivemq-platform-ready: [Ready] HiveMQ Platform is ready
2025-01-30 18:17:17,933 INFO c.h.h.t.HelmChartContainer - [EVENT] Normal [Ready] HiveMQ Platform is ready [helmrestapiit:test-hivemq-platform]
2025-01-30 18:17:17,934 INFO c.h.h.t.HelmChartContainer - [hivemq-test-hivemq-platform] [hivemq-platform-operator] [fe9b9658] 18:17:17.933 [ReconcilerExecutor-hivemq-controller-112] INFO  c.h.p.o.h.AbstractHiveMQReconcilerStateHandler - [helmrest] Update HiveMQ Platform Status (STARTING [READY] -> RUNNING [READY]): HiveMQ Platform is ready
2025-01-30 18:17:17,942 DEBUG com.hivemq.helmcharts.util.K8sUtil - Comparing actual state 'RUNNING' and waiting for 'RUNNING'
2025-01-30 18:17:18,024 INFO c.h.h.t.HelmChartContainer - [hivemq-test-hivemq-platform] [hivemq-platform-operator] [fe9b9658] 18:17:18.021 [pool-6-thread-9] DEBUG c.h.p.o.d.PlatformServiceResource - [helmrest] Desired Platform services (4 services)
2025-01-30 18:17:18,024 INFO c.h.h.t.HelmChartContainer - [hivemq-test-hivemq-platform] [hivemq-platform-operator] [fe9b9658] 18:17:18.021 [pool-6-thread-6] DEBUG c.h.p.o.dependants.PodInfoConfigMap - [helmrest] Desired PodInfo ConfigMap (1 extensions) (1 enabled)
2025-01-30 18:17:18,024 INFO c.h.h.t.HelmChartContainer - [hivemq-test-hivemq-platform] [hivemq-platform-operator] [fe9b9658] 18:17:18.021 [pool-6-thread-6] DEBUG c.h.p.o.dependants.PodInfoConfigMap - [helmrest] Desired PodInfo ConfigMap (metrics port: 9399) (metrics path: /)
2025-01-30 18:17:18,024 INFO c.h.h.t.HelmChartContainer - [hivemq-test-hivemq-platform] [hivemq-platform-operator] [fe9b9658] 18:17:18.021 [pool-6-thread-6] DEBUG c.h.p.o.dependants.PodInfoConfigMap - [helmrest] Desired PodInfo ConfigMap (extension state hash: -1817474005)
2025-01-30 18:17:18,024 INFO c.h.h.t.HelmChartContainer - [hivemq-test-hivemq-platform] [hivemq-platform-operator] [fe9b9658] 18:17:18.022 [pool-6-thread-6] DEBUG c.h.p.o.dependants.PodInfoConfigMap - [helmrest] Update PodInfo ConfigMap
2025-01-30 18:17:18,025 INFO c.h.h.t.HelmChartContainer - [hivemq-test-hivemq-platform] [hivemq-platform-operator] [fe9b9658] 18:17:18.022 [pool-6-thread-3] DEBUG c.h.p.o.d.PodServiceAccountResource - [helmrest] Desired PodServiceAccountResource (serviceAccountName: hivemq-platform-pod-test-hivemq-platform)
2025-01-30 18:17:18,118 INFO c.h.h.t.HelmChartContainer - [hivemq-test-hivemq-platform] [hivemq-platform-operator] [fe9b9658] 18:17:18.090 [pool-6-thread-6] DEBUG c.h.p.o.d.StatefulSetResource - [helmrest] Desired StatefulSet (1 replicas) for status RUNNING (READY)
2025-01-30 18:17:18,122 INFO c.h.h.t.HelmChartContainer - [hivemq-test-hivemq-platform] [hivemq-platform-operator] [fe9b9658] 18:17:18.121 [ReconcilerExecutor-hivemq-controller-113] INFO  c.h.p.o.HiveMQPlatformReconciler - [helmrest] Reconciling HiveMQ Platform 'test-hivemq-platform' in namespace 'helmrestapiit'
2025-01-30 18:17:18,122 INFO c.h.h.t.HelmChartContainer - [hivemq-test-hivemq-platform] [hivemq-platform-operator] [fe9b9658] 18:17:18.121 [ReconcilerExecutor-hivemq-controller-113] DEBUG c.h.p.o.HiveMQPlatformReconciler - [helmrest] Custom Resource Status RUNNING - HiveMQ Platform is ready (READY)
2025-01-30 18:17:18,122 INFO c.h.h.t.HelmChartContainer - [hivemq-test-hivemq-platform] [hivemq-platform-operator] [fe9b9658] 18:17:18.121 [ReconcilerExecutor-hivemq-controller-113] DEBUG c.h.p.o.HiveMQPlatformReconciler - [helmrest] Custom Resource Spec (replicas: 1) (extensions: 1)
2025-01-30 18:17:18,125 INFO c.h.h.t.HelmChartContainer - [hivemq-test-hivemq-platform] [hivemq-platform-operator] [fe9b9658] 18:17:18.123 [ReconcilerExecutor-hivemq-controller-113] DEBUG c.h.p.o.HiveMQPlatformReconciler - [helmrest] StatefulSet Status (revision: test-hivemq-platform-5997c57dcb, replicas: 1, available: 1, ready: 1, current: 1, updated: 1)
2025-01-30 18:17:18,125 INFO c.h.h.t.HelmChartContainer - [hivemq-test-hivemq-platform] [hivemq-platform-operator] [fe9b9658] 18:17:18.123 [ReconcilerExecutor-hivemq-controller-113] DEBUG c.h.p.o.HiveMQPlatformReconciler - [helmrest] StatefulSet Spec (replicas: 1, init containers: 1, containers: 1, volumes: 3)
2025-01-30 18:17:18,126 INFO c.h.h.t.HelmChartContainer - [hivemq-test-hivemq-platform] [hivemq-platform-operator] [fe9b9658] 18:17:18.125 [ReconcilerExecutor-hivemq-controller-113] DEBUG c.h.p.o.h.HiveMQPlatformReconcilerErrorHandler - [helmrest] Pod 'test-hivemq-platform-0' phase Running
2025-01-30 18:17:18,492 INFO c.h.h.t.HelmChartContainer - Uninstalling release 'test-hivemq-platform' in namespace 'helmrestapiit'...
2025-01-30 18:17:18,493 DEBUG c.h.h.t.HelmChartContainer - Executing helm command: /bin/helm --kubeconfig /etc/rancher/k3s/k3s.yaml uninstall test-hivemq-platform  --wait --timeout 5m0s --cascade foreground --namespace helmrestapiit
2025-01-30 18:17:18,679 INFO c.h.h.t.HelmChartContainer - [hivemq-test-hivemq-platform] [hivemq-platform-operator] [fe9b9658] 18:17:18.675 [pool-6-thread-13] DEBUG c.h.p.o.d.PlatformServiceResource - [helmrest] Desired Platform services (4 services)
2025-01-30 18:17:18,680 INFO c.h.h.t.HelmChartContainer - [hivemq-test-hivemq-platform] [hivemq-platform-operator] [fe9b9658] 18:17:18.677 [pool-6-thread-18] DEBUG c.h.p.o.dependants.PodInfoConfigMap - [helmrest] Desired PodInfo ConfigMap (1 extensions) (1 enabled)
2025-01-30 18:17:18,680 INFO c.h.h.t.HelmChartContainer - [hivemq-test-hivemq-platform] [hivemq-platform-operator] [fe9b9658] 18:17:18.677 [pool-6-thread-18] DEBUG c.h.p.o.dependants.PodInfoConfigMap - [helmrest] Desired PodInfo ConfigMap (metrics port: 9399) (metrics path: /)
2025-01-30 18:17:18,680 INFO c.h.h.t.HelmChartContainer - [hivemq-test-hivemq-platform] [hivemq-platform-operator] [fe9b9658] 18:17:18.677 [pool-6-thread-18] DEBUG c.h.p.o.dependants.PodInfoConfigMap - [helmrest] Desired PodInfo ConfigMap (extension state hash: -1817474005)
2025-01-30 18:17:18,694 INFO c.h.h.t.HelmChartContainer - [hivemq-test-hivemq-platform] [hivemq-platform-operator] [fe9b9658] 18:17:18.681 [pool-6-thread-12] DEBUG c.h.p.o.d.PodServiceAccountResource - [helmrest] Desired PodServiceAccountResource (serviceAccountName: hivemq-platform-pod-test-hivemq-platform)
2025-01-30 18:17:18,695 INFO c.h.h.t.HelmChartContainer - [hivemq-test-hivemq-platform] [hivemq-platform-operator] [fe9b9658] 18:17:18.687 [pool-6-thread-13] DEBUG c.h.p.o.d.StatefulSetResource - [helmrest] Desired StatefulSet (1 replicas) for status RUNNING (READY)
2025-01-30 18:17:18,722 INFO c.h.h.t.HelmChartContainer - [hivemq-test-hivemq-platform] [hivemq-platform-operator] [fe9b9658] 18:17:18.721 [ReconcilerExecutor-hivemq-controller-114] INFO  c.h.p.o.HiveMQPlatformReconciler - [helmrest] Reconciling HiveMQ Platform 'test-hivemq-platform' in namespace 'helmrestapiit'
2025-01-30 18:17:18,722 INFO c.h.h.t.HelmChartContainer - [hivemq-test-hivemq-platform] [hivemq-platform-operator] [fe9b9658] 18:17:18.721 [ReconcilerExecutor-hivemq-controller-114] DEBUG c.h.p.o.HiveMQPlatformReconciler - [helmrest] Custom Resource Status RUNNING - HiveMQ Platform is ready (READY)
2025-01-30 18:17:18,722 INFO c.h.h.t.HelmChartContainer - [hivemq-test-hivemq-platform] [hivemq-platform-operator] [fe9b9658] 18:17:18.721 [ReconcilerExecutor-hivemq-controller-114] DEBUG c.h.p.o.HiveMQPlatformReconciler - [helmrest] Custom Resource Spec (replicas: 1) (extensions: 1)
2025-01-30 18:17:18,724 INFO c.h.h.t.HelmChartContainer - [hivemq-test-hivemq-platform] [hivemq-platform-operator] [fe9b9658] 18:17:18.721 [ReconcilerExecutor-hivemq-controller-114] WARN  c.h.p.o.h.HiveMQPlatformReconcilerErrorHandler - [helmrest] Could not find ConfigMap 'hivemq-configuration-test-hivemq-platform' for HiveMQ Platform configuration
2025-01-30 18:17:18,834 INFO c.h.h.t.HelmChartContainer - [hivemq-test-hivemq-platform] [hivemq-platform-operator] [fe9b9658] 18:17:18.833 [ReconcilerExecutor-hivemq-controller-114] DEBUG c.h.p.operator.event.EventSender - [helmrest] Creating K8s event hivemq-platform-invalid-configuration: [Start] Could not find ConfigMap 'hivemq-configuration-test-hivemq-platform' for HiveMQ Platform configuration
2025-01-30 18:17:18,838 INFO c.h.h.t.HelmChartContainer - [EVENT] Warning [Start] Could not find ConfigMap 'hivemq-configuration-test-hivemq-platform' for HiveMQ Platform configuration [helmrestapiit:test-hivemq-platform]
2025-01-30 18:17:18,839 INFO c.h.h.t.HelmChartContainer - [hivemq-test-hivemq-platform] [hivemq-platform-operator] [fe9b9658] 18:17:18.838 [ReconcilerExecutor-hivemq-controller-114] INFO  c.h.p.o.h.AbstractHiveMQReconcilerStateHandler - [helmrest] Update HiveMQ Platform Status (RUNNING [READY] -> ERROR [INVALID_CONFIG_MAP]): Could not find ConfigMap 'hivemq-configuration-test-hivemq-platform' for HiveMQ Platform configuration
2025-01-30 18:17:18,921 INFO c.h.h.t.HelmChartContainer - [hivemq-test-hivemq-platform] [hivemq-platform-operator] [fe9b9658] 18:17:18.889 [ReconcilerExecutor-hivemq-controller-114] ERROR i.j.o.p.event.EventProcessor - Error during event processing ExecutionScope{ resource id: ResourceID{name='test-hivemq-platform', namespace='helmrestapiit'}, version: 1116}
2025-01-30 18:17:18,921 INFO c.h.h.t.HelmChartContainer - [hivemq-test-hivemq-platform] [hivemq-platform-operator] [fe9b9658] io.fabric8.kubernetes.client.KubernetesClientException: Failure executing: PUT at: https://10.43.0.1:443/apis/hivemq.com/v1/namespaces/helmrestapiit/hivemq-platforms/test-hivemq-platform/status. Message: Operation cannot be fulfilled on hivemq-platforms.hivemq.com "test-hivemq-platform": the object has been modified; please apply your changes to the latest version and try again. Received status: Status(apiVersion=v1, code=409, details=StatusDetails(causes=[], group=hivemq.com, kind=hivemq-platforms, name=test-hivemq-platform, retryAfterSeconds=null, uid=null, additionalProperties={}), kind=Status, message=Operation cannot be fulfilled on hivemq-platforms.hivemq.com "test-hivemq-platform": the object has been modified; please apply your changes to the latest version and try again, metadata=ListMeta(_continue=null, remainingItemCount=null, resourceVersion=null, selfLink=null, additionalProperties={}), reason=Conflict, status=Failure, additionalProperties={}).
2025-01-30 18:17:18,921 INFO c.h.h.t.HelmChartContainer - [hivemq-test-hivemq-platform] [hivemq-platform-operator] [fe9b9658] 	at io.fabric8.kubernetes.client.KubernetesClientException.copyAsCause(KubernetesClientException.java:238)
2025-01-30 18:17:18,921 INFO c.h.h.t.HelmChartContainer - [hivemq-test-hivemq-platform] [hivemq-platform-operator] [fe9b9658] 	at io.fabric8.kubernetes.client.dsl.internal.OperationSupport.waitForResult(OperationSupport.java:507)
2025-01-30 18:17:18,921 INFO c.h.h.t.HelmChartContainer - [hivemq-test-hivemq-platform] [hivemq-platform-operator] [fe9b9658] 	at io.fabric8.kubernetes.client.dsl.internal.OperationSupport.handleResponse(OperationSupport.java:524)
2025-01-30 18:17:18,921 INFO c.h.h.t.HelmChartContainer - [hivemq-test-hivemq-platform] [hivemq-platform-operator] [fe9b9658] 	at io.fabric8.kubernetes.client.dsl.internal.OperationSupport.handleUpdate(OperationSupport.java:358)
2025-01-30 18:17:18,921 INFO c.h.h.t.HelmChartContainer - [hivemq-test-hivemq-platform] [hivemq-platform-operator] [fe9b9658] 	at io.fabric8.kubernetes.client.dsl.internal.BaseOperation.handleUpdate(BaseOperation.java:759)
2025-01-30 18:17:18,921 INFO c.h.h.t.HelmChartContainer - [hivemq-test-hivemq-platform] [hivemq-platform-operator] [fe9b9658] 	at io.fabric8.kubernetes.client.dsl.internal.HasMetadataOperation.update(HasMetadataOperation.java:138)
2025-01-30 18:17:18,921 INFO c.h.h.t.HelmChartContainer - [hivemq-test-hivemq-platform] [hivemq-platform-operator] [fe9b9658] 	at io.fabric8.kubernetes.client.dsl.internal.HasMetadataOperation.update(HasMetadataOperation.java:121)
2025-01-30 18:17:18,921 INFO c.h.h.t.HelmChartContainer - [hivemq-test-hivemq-platform] [hivemq-platform-operator] [fe9b9658] 	at io.fabric8.kubernetes.client.dsl.internal.HasMetadataOperation.updateStatus(HasMetadataOperation.java:126)
2025-01-30 18:17:18,921 INFO c.h.h.t.HelmChartContainer - [hivemq-test-hivemq-platform] [hivemq-platform-operator] [fe9b9658] 	at io.fabric8.kubernetes.client.dsl.internal.HasMetadataOperation.updateStatus(HasMetadataOperation.java:44)
2025-01-30 18:17:18,921 INFO c.h.h.t.HelmChartContainer - [hivemq-test-hivemq-platform] [hivemq-platform-operator] [fe9b9658] 	at io.javaoperatorsdk.operator.processing.event.ReconciliationDispatcher$CustomResourceFacade.updateStatus(ReconciliationDispatcher.java:408)
2025-01-30 18:17:18,921 INFO c.h.h.t.HelmChartContainer - [hivemq-test-hivemq-platform] [hivemq-platform-operator] [fe9b9658] 	at io.javaoperatorsdk.operator.processing.event.ReconciliationDispatcher.updateStatusGenerationAware(ReconciliationDispatcher.java:228)
2025-01-30 18:17:18,921 INFO c.h.h.t.HelmChartContainer - [hivemq-test-hivemq-platform] [hivemq-platform-operator] [fe9b9658] 	at io.javaoperatorsdk.operator.processing.event.ReconciliationDispatcher.reconcileExecution(ReconciliationDispatcher.java:150)
2025-01-30 18:17:18,921 INFO c.h.h.t.HelmChartContainer - [hivemq-test-hivemq-platform] [hivemq-platform-operator] [fe9b9658] 	at io.javaoperatorsdk.operator.processing.event.ReconciliationDispatcher.handleReconcile(ReconciliationDispatcher.java:117)
2025-01-30 18:17:18,921 INFO c.h.h.t.HelmChartContainer - [hivemq-test-hivemq-platform] [hivemq-platform-operator] [fe9b9658] 	at io.javaoperatorsdk.operator.processing.event.ReconciliationDispatcher.handleDispatch(ReconciliationDispatcher.java:91)
2025-01-30 18:17:18,921 INFO c.h.h.t.HelmChartContainer - [hivemq-test-hivemq-platform] [hivemq-platform-operator] [fe9b9658] 	at io.javaoperatorsdk.operator.processing.event.ReconciliationDispatcher.handleExecution(ReconciliationDispatcher.java:64)
2025-01-30 18:17:18,921 INFO c.h.h.t.HelmChartContainer - [hivemq-test-hivemq-platform] [hivemq-platform-operator] [fe9b9658] 	at io.javaoperatorsdk.operator.processing.event.EventProcessor$ReconcilerExecutor.run(EventProcessor.java:452)
2025-01-30 18:17:18,921 INFO c.h.h.t.HelmChartContainer - [hivemq-test-hivemq-platform] [hivemq-platform-operator] [fe9b9658] 	at java.base/java.util.concurrent.ThreadPoolExecutor.runWorker(Unknown Source)
2025-01-30 18:17:18,921 INFO c.h.h.t.HelmChartContainer - [hivemq-test-hivemq-platform] [hivemq-platform-operator] [fe9b9658] 	at java.base/java.util.concurrent.ThreadPoolExecutor$Worker.run(Unknown Source)
2025-01-30 18:17:18,921 INFO c.h.h.t.HelmChartContainer - [hivemq-test-hivemq-platform] [hivemq-platform-operator] [fe9b9658] 	at java.base/java.lang.Thread.run(Unknown Source)
2025-01-30 18:17:18,921 INFO c.h.h.t.HelmChartContainer - [hivemq-test-hivemq-platform] [hivemq-platform-operator] [fe9b9658] Caused by: io.fabric8.kubernetes.client.KubernetesClientException: Failure executing: PUT at: https://10.43.0.1:443/apis/hivemq.com/v1/namespaces/helmrestapiit/hivemq-platforms/test-hivemq-platform/status. Message: Operation cannot be fulfilled on hivemq-platforms.hivemq.com "test-hivemq-platform": the object has been modified; please apply your changes to the latest version and try again. Received status: Status(apiVersion=v1, code=409, details=StatusDetails(causes=[], group=hivemq.com, kind=hivemq-platforms, name=test-hivemq-platform, retryAfterSeconds=null, uid=null, additionalProperties={}), kind=Status, message=Operation cannot be fulfilled on hivemq-platforms.hivemq.com "test-hivemq-platform": the object has been modified; please apply your changes to the latest version and try again, metadata=ListMeta(_continue=null, remainingItemCount=null, resourceVersion=null, selfLink=null, additionalProperties={}), reason=Conflict, status=Failure, additionalProperties={}).
2025-01-30 18:17:18,921 INFO c.h.h.t.HelmChartContainer - [hivemq-test-hivemq-platform] [hivemq-platform-operator] [fe9b9658] 	at io.fabric8.kubernetes.client.dsl.internal.OperationSupport.requestFailure(OperationSupport.java:660)
2025-01-30 18:17:18,921 INFO c.h.h.t.HelmChartContainer - [hivemq-test-hivemq-platform] [hivemq-platform-operator] [fe9b9658] 	at io.fabric8.kubernetes.client.dsl.internal.OperationSupport.requestFailure(OperationSupport.java:640)
2025-01-30 18:17:18,921 INFO c.h.h.t.HelmChartContainer - [hivemq-test-hivemq-platform] [hivemq-platform-operator] [fe9b9658] 	at io.fabric8.kubernetes.client.dsl.internal.OperationSupport.assertResponseCode(OperationSupport.java:589)
2025-01-30 18:17:18,921 INFO c.h.h.t.HelmChartContainer - [hivemq-test-hivemq-platform] [hivemq-platform-operator] [fe9b9658] 	at io.fabric8.kubernetes.client.dsl.internal.OperationSupport.lambda$handleResponse$0(OperationSupport.java:549)
2025-01-30 18:17:18,921 INFO c.h.h.t.HelmChartContainer - [hivemq-test-hivemq-platform] [hivemq-platform-operator] [fe9b9658] 	at java.base/java.util.concurrent.CompletableFuture$UniApply.tryFire(Unknown Source)
2025-01-30 18:17:18,921 INFO c.h.h.t.HelmChartContainer - [hivemq-test-hivemq-platform] [hivemq-platform-operator] [fe9b9658] 	at java.base/java.util.concurrent.CompletableFuture.postComplete(Unknown Source)
2025-01-30 18:17:18,921 INFO c.h.h.t.HelmChartContainer - [hivemq-test-hivemq-platform] [hivemq-platform-operator] [fe9b9658] 	at java.base/java.util.concurrent.CompletableFuture.complete(Unknown Source)
2025-01-30 18:17:18,921 INFO c.h.h.t.HelmChartContainer - [hivemq-test-hivemq-platform] [hivemq-platform-operator] [fe9b9658] 	at io.fabric8.kubernetes.client.http.StandardHttpClient.lambda$completeOrCancel$10(StandardHttpClient.java:141)
2025-01-30 18:17:18,921 INFO c.h.h.t.HelmChartContainer - [hivemq-test-hivemq-platform] [hivemq-platform-operator] [fe9b9658] 	at java.base/java.util.concurrent.CompletableFuture.uniWhenComplete(Unknown Source)
2025-01-30 18:17:18,921 INFO c.h.h.t.HelmChartContainer - [hivemq-test-hivemq-platform] [hivemq-platform-operator] [fe9b9658] 	at java.base/java.util.concurrent.CompletableFuture$UniWhenComplete.tryFire(Unknown Source)
2025-01-30 18:17:18,921 INFO c.h.h.t.HelmChartContainer - [hivemq-test-hivemq-platform] [hivemq-platform-operator] [fe9b9658] 	at java.base/java.util.concurrent.CompletableFuture.postComplete(Unknown Source)
2025-01-30 18:17:18,921 INFO c.h.h.t.HelmChartContainer - [hivemq-test-hivemq-platform] [hivemq-platform-operator] [fe9b9658] 	at java.base/java.util.concurrent.CompletableFuture.complete(Unknown Source)
2025-01-30 18:17:18,921 INFO c.h.h.t.HelmChartContainer - [hivemq-test-hivemq-platform] [hivemq-platform-operator] [fe9b9658] 	at io.fabric8.kubernetes.client.http.ByteArrayBodyHandler.onBodyDone(ByteArrayBodyHandler.java:51)
2025-01-30 18:17:18,921 INFO c.h.h.t.HelmChartContainer - [hivemq-test-hivemq-platform] [hivemq-platform-operator] [fe9b9658] 	at java.base/java.util.concurrent.CompletableFuture.uniWhenComplete(Unknown Source)
2025-01-30 18:17:18,921 INFO c.h.h.t.HelmChartContainer - [hivemq-test-hivemq-platform] [hivemq-platform-operator] [fe9b9658] 	at java.base/java.util.concurrent.CompletableFuture$UniWhenComplete.tryFire(Unknown Source)
2025-01-30 18:17:18,921 INFO c.h.h.t.HelmChartContainer - [hivemq-test-hivemq-platform] [hivemq-platform-operator] [fe9b9658] 	at java.base/java.util.concurrent.CompletableFuture.postComplete(Unknown Source)
2025-01-30 18:17:18,921 INFO c.h.h.t.HelmChartContainer - [hivemq-test-hivemq-platform] [hivemq-platform-operator] [fe9b9658] 	at java.base/java.util.concurrent.CompletableFuture.complete(Unknown Source)
2025-01-30 18:17:18,921 INFO c.h.h.t.HelmChartContainer - [hivemq-test-hivemq-platform] [hivemq-platform-operator] [fe9b9658] 	at io.fabric8.kubernetes.client.vertx.VertxHttpRequest.lambda$null$1(VertxHttpRequest.java:121)
2025-01-30 18:17:18,921 INFO c.h.h.t.HelmChartContainer - [hivemq-test-hivemq-platform] [hivemq-platform-operator] [fe9b9658] 	at io.vertx.core.impl.ContextInternal.dispatch(ContextInternal.java:279)
2025-01-30 18:17:18,921 INFO c.h.h.t.HelmChartContainer - [hivemq-test-hivemq-platform] [hivemq-platform-operator] [fe9b9658] 	at io.vertx.core.impl.ContextInternal.dispatch(ContextInternal.java:261)
2025-01-30 18:17:18,921 INFO c.h.h.t.HelmChartContainer - [hivemq-test-hivemq-platform] [hivemq-platform-operator] [fe9b9658] 	at io.vertx.core.http.impl.HttpEventHandler.handleEnd(HttpEventHandler.java:76)
2025-01-30 18:17:18,921 INFO c.h.h.t.HelmChartContainer - [hivemq-test-hivemq-platform] [hivemq-platform-operator] [fe9b9658] 	at io.vertx.core.http.impl.HttpClientResponseImpl.handleEnd(HttpClientResponseImpl.java:250)
2025-01-30 18:17:18,921 INFO c.h.h.t.HelmChartContainer - [hivemq-test-hivemq-platform] [hivemq-platform-operator] [fe9b9658] 	at io.vertx.core.http.impl.Http1xClientConnection$StreamImpl.lambda$new$0(Http1xClientConnection.java:421)
2025-01-30 18:17:18,921 INFO c.h.h.t.HelmChartContainer - [hivemq-test-hivemq-platform] [hivemq-platform-operator] [fe9b9658] 	at io.vertx.core.streams.impl.InboundBuffer.handleEvent(InboundBuffer.java:279)
2025-01-30 18:17:18,921 INFO c.h.h.t.HelmChartContainer - [hivemq-test-hivemq-platform] [hivemq-platform-operator] [fe9b9658] 	at io.vertx.core.streams.impl.InboundBuffer.write(InboundBuffer.java:157)
2025-01-30 18:17:18,921 INFO c.h.h.t.HelmChartContainer - [hivemq-test-hivemq-platform] [hivemq-platform-operator] [fe9b9658] 	at io.vertx.core.http.impl.Http1xClientConnection$StreamImpl.handleEnd(Http1xClientConnection.java:709)
2025-01-30 18:17:18,921 INFO c.h.h.t.HelmChartContainer - [hivemq-test-hivemq-platform] [hivemq-platform-operator] [fe9b9658] 	at io.vertx.core.impl.ContextImpl.execute(ContextImpl.java:313)
2025-01-30 18:17:18,921 INFO c.h.h.t.HelmChartContainer - [hivemq-test-hivemq-platform] [hivemq-platform-operator] [fe9b9658] 	at io.vertx.core.impl.ContextImpl.execute(ContextImpl.java:293)
2025-01-30 18:17:18,921 INFO c.h.h.t.HelmChartContainer - [hivemq-test-hivemq-platform] [hivemq-platform-operator] [fe9b9658] 	at io.vertx.core.http.impl.Http1xClientConnection.handleResponseEnd(Http1xClientConnection.java:940)
2025-01-30 18:17:18,921 INFO c.h.h.t.HelmChartContainer - [hivemq-test-hivemq-platform] [hivemq-platform-operator] [fe9b9658] 	at io.vertx.core.http.impl.Http1xClientConnection.handleHttpMessage(Http1xClientConnection.java:810)
2025-01-30 18:17:18,921 INFO c.h.h.t.HelmChartContainer - [hivemq-test-hivemq-platform] [hivemq-platform-operator] [fe9b9658] 	at io.vertx.core.http.impl.Http1xClientConnection.handleMessage(Http1xClientConnection.java:774)
2025-01-30 18:17:18,921 INFO c.h.h.t.HelmChartContainer - [hivemq-test-hivemq-platform] [hivemq-platform-operator] [fe9b9658] 	at io.vertx.core.net.impl.ConnectionBase.read(ConnectionBase.java:159)
2025-01-30 18:17:18,922 INFO c.h.h.t.HelmChartContainer - [hivemq-test-hivemq-platform] [hivemq-platform-operator] [fe9b9658] 	at io.vertx.core.net.impl.VertxHandler.channelRead(VertxHandler.java:153)
2025-01-30 18:17:18,922 INFO c.h.h.t.HelmChartContainer - [hivemq-test-hivemq-platform] [hivemq-platform-operator] [fe9b9658] 	at io.netty.channel.AbstractChannelHandlerContext.invokeChannelRead(AbstractChannelHandlerContext.java:442)
2025-01-30 18:17:18,922 INFO c.h.h.t.HelmChartContainer - [hivemq-test-hivemq-platform] [hivemq-platform-operator] [fe9b9658] 	at io.netty.channel.AbstractChannelHandlerContext.invokeChannelRead(AbstractChannelHandlerContext.java:420)
2025-01-30 18:17:18,922 INFO c.h.h.t.HelmChartContainer - [hivemq-test-hivemq-platform] [hivemq-platform-operator] [fe9b9658] 	at io.netty.channel.AbstractChannelHandlerContext.fireChannelRead(AbstractChannelHandlerContext.java:412)
2025-01-30 18:17:18,922 INFO c.h.h.t.HelmChartContainer - [hivemq-test-hivemq-platform] [hivemq-platform-operator] [fe9b9658] 	at io.netty.channel.CombinedChannelDuplexHandler$DelegatingChannelHandlerContext.fireChannelRead(CombinedChannelDuplexHandler.java:436)
2025-01-30 18:17:18,922 INFO c.h.h.t.HelmChartContainer - [hivemq-test-hivemq-platform] [hivemq-platform-operator] [fe9b9658] 	at io.netty.handler.codec.ByteToMessageDecoder.fireChannelRead(ByteToMessageDecoder.java:346)
2025-01-30 18:17:18,922 INFO c.h.h.t.HelmChartContainer - [hivemq-test-hivemq-platform] [hivemq-platform-operator] [fe9b9658] 	at io.netty.handler.codec.ByteToMessageDecoder.channelRead(ByteToMessageDecoder.java:318)
2025-01-30 18:17:18,922 INFO c.h.h.t.HelmChartContainer - [hivemq-test-hivemq-platform] [hivemq-platform-operator] [fe9b9658] 	at io.netty.channel.CombinedChannelDuplexHandler.channelRead(CombinedChannelDuplexHandler.java:251)
2025-01-30 18:17:18,922 INFO c.h.h.t.HelmChartContainer - [hivemq-test-hivemq-platform] [hivemq-platform-operator] [fe9b9658] 	at io.netty.channel.AbstractChannelHandlerContext.invokeChannelRead(AbstractChannelHandlerContext.java:442)
2025-01-30 18:17:18,922 INFO c.h.h.t.HelmChartContainer - [hivemq-test-hivemq-platform] [hivemq-platform-operator] [fe9b9658] 	at io.netty.channel.AbstractChannelHandlerContext.invokeChannelRead(AbstractChannelHandlerContext.java:420)
2025-01-30 18:17:18,923 INFO c.h.h.t.HelmChartContainer - [hivemq-test-hivemq-platform] [hivemq-platform-operator] [fe9b9658] 	at io.netty.channel.AbstractChannelHandlerContext.fireChannelRead(AbstractChannelHandlerContext.java:412)
2025-01-30 18:17:18,923 INFO c.h.h.t.HelmChartContainer - [hivemq-test-hivemq-platform] [hivemq-platform-operator] [fe9b9658] 	at io.netty.handler.ssl.SslHandler.unwrap(SslHandler.java:1475)
2025-01-30 18:17:18,923 INFO c.h.h.t.HelmChartContainer - [hivemq-test-hivemq-platform] [hivemq-platform-operator] [fe9b9658] 	at io.netty.handler.ssl.SslHandler.decodeJdkCompatible(SslHandler.java:1338)
2025-01-30 18:17:18,923 INFO c.h.h.t.HelmChartContainer - [hivemq-test-hivemq-platform] [hivemq-platform-operator] [fe9b9658] 	at io.netty.handler.ssl.SslHandler.decode(SslHandler.java:1387)
2025-01-30 18:17:18,923 INFO c.h.h.t.HelmChartContainer - [hivemq-test-hivemq-platform] [hivemq-platform-operator] [fe9b9658] 	at io.netty.handler.codec.ByteToMessageDecoder.decodeRemovalReentryProtection(ByteToMessageDecoder.java:530)
2025-01-30 18:17:18,923 INFO c.h.h.t.HelmChartContainer - [hivemq-test-hivemq-platform] [hivemq-platform-operator] [fe9b9658] 	at io.netty.handler.codec.ByteToMessageDecoder.callDecode(ByteToMessageDecoder.java:469)
2025-01-30 18:17:18,923 INFO c.h.h.t.HelmChartContainer - [hivemq-test-hivemq-platform] [hivemq-platform-operator] [fe9b9658] 	at io.netty.handler.codec.ByteToMessageDecoder.channelRead(ByteToMessageDecoder.java:290)
2025-01-30 18:17:18,923 INFO c.h.h.t.HelmChartContainer - [hivemq-test-hivemq-platform] [hivemq-platform-operator] [fe9b9658] 	at io.netty.channel.AbstractChannelHandlerContext.invokeChannelRead(AbstractChannelHandlerContext.java:444)
2025-01-30 18:17:18,923 INFO c.h.h.t.HelmChartContainer - [hivemq-test-hivemq-platform] [hivemq-platform-operator] [fe9b9658] 	at io.netty.channel.AbstractChannelHandlerContext.invokeChannelRead(AbstractChannelHandlerContext.java:420)
2025-01-30 18:17:18,923 INFO c.h.h.t.HelmChartContainer - [hivemq-test-hivemq-platform] [hivemq-platform-operator] [fe9b9658] 	at io.netty.channel.AbstractChannelHandlerContext.fireChannelRead(AbstractChannelHandlerContext.java:412)
2025-01-30 18:17:18,923 INFO c.h.h.t.HelmChartContainer - [hivemq-test-hivemq-platform] [hivemq-platform-operator] [fe9b9658] 	at io.netty.channel.DefaultChannelPipeline$HeadContext.channelRead(DefaultChannelPipeline.java:1407)
2025-01-30 18:17:18,923 INFO c.h.h.t.HelmChartContainer - [hivemq-test-hivemq-platform] [hivemq-platform-operator] [fe9b9658] 	at io.netty.channel.AbstractChannelHandlerContext.invokeChannelRead(AbstractChannelHandlerContext.java:440)
2025-01-30 18:17:18,923 INFO c.h.h.t.HelmChartContainer - [hivemq-test-hivemq-platform] [hivemq-platform-operator] [fe9b9658] 	at io.netty.channel.AbstractChannelHandlerContext.invokeChannelRead(AbstractChannelHandlerContext.java:420)
2025-01-30 18:17:18,923 INFO c.h.h.t.HelmChartContainer - [hivemq-test-hivemq-platform] [hivemq-platform-operator] [fe9b9658] 	at io.netty.channel.DefaultChannelPipeline.fireChannelRead(DefaultChannelPipeline.java:918)
2025-01-30 18:17:18,923 INFO c.h.h.t.HelmChartContainer - [hivemq-test-hivemq-platform] [hivemq-platform-operator] [fe9b9658] 	at io.netty.channel.nio.AbstractNioByteChannel$NioByteUnsafe.read(AbstractNioByteChannel.java:166)
2025-01-30 18:17:18,923 INFO c.h.h.t.HelmChartContainer - [hivemq-test-hivemq-platform] [hivemq-platform-operator] [fe9b9658] 	at io.netty.channel.nio.NioEventLoop.processSelectedKey(NioEventLoop.java:788)
2025-01-30 18:17:18,923 INFO c.h.h.t.HelmChartContainer - [hivemq-test-hivemq-platform] [hivemq-platform-operator] [fe9b9658] 	at io.netty.channel.nio.NioEventLoop.processSelectedKeysOptimized(NioEventLoop.java:724)
2025-01-30 18:17:18,923 INFO c.h.h.t.HelmChartContainer - [hivemq-test-hivemq-platform] [hivemq-platform-operator] [fe9b9658] 	at io.netty.channel.nio.NioEventLoop.processSelectedKeys(NioEventLoop.java:650)
2025-01-30 18:17:18,923 INFO c.h.h.t.HelmChartContainer - [hivemq-test-hivemq-platform] [hivemq-platform-operator] [fe9b9658] 	at io.netty.channel.nio.NioEventLoop.run(NioEventLoop.java:562)
2025-01-30 18:17:18,923 INFO c.h.h.t.HelmChartContainer - [hivemq-test-hivemq-platform] [hivemq-platform-operator] [fe9b9658] 	at io.netty.util.concurrent.SingleThreadEventExecutor$4.run(SingleThreadEventExecutor.java:997)
2025-01-30 18:17:18,923 INFO c.h.h.t.HelmChartContainer - [hivemq-test-hivemq-platform] [hivemq-platform-operator] [fe9b9658] 	at io.netty.util.internal.ThreadExecutorMap$2.run(ThreadExecutorMap.java:74)
2025-01-30 18:17:18,923 INFO c.h.h.t.HelmChartContainer - [hivemq-test-hivemq-platform] [hivemq-platform-operator] [fe9b9658] 	at io.netty.util.concurrent.FastThreadLocalRunnable.run(FastThreadLocalRunnable.java:30)
2025-01-30 18:17:18,923 INFO c.h.h.t.HelmChartContainer - [hivemq-test-hivemq-platform] [hivemq-platform-operator] [fe9b9658] 	... 1 common frames omitted
2025-01-30 18:17:18,933 INFO c.h.h.t.HelmChartContainer - [hivemq-test-hivemq-platform] [hivemq-platform-operator] [fe9b9658] 18:17:18.932 [ReconcilerExecutor-hivemq-controller-118] INFO  c.h.p.o.HiveMQPlatformReconciler - [helmrest] Cleanup test-hivemq-platform - helmrestapiit HiveMQ Platform is shut down
2025-01-30 18:17:19,581 INFO c.h.h.t.HelmChartContainer - [POD] test-hivemq-platform-0 [c65f2d7a-4937-404e-8de4-00cc8576aa0e] in helmrestapiit was MODIFIED
2025-01-30 18:17:19,584 INFO c.h.h.t.HelmChartContainer - [EVENT] Normal [Killing] Stopping container hivemq [helmrestapiit:test-hivemq-platform-0]
2025-01-30 18:17:19,584 INFO c.h.h.t.HelmChartContainer - Received Killing event for container hivemq in pod test-hivemq-platform-0 [c65f2d7a-4937-404e-8de4-00cc8576aa0e]
2025-01-30 18:17:19,584 INFO c.h.h.t.HelmChartContainer - Container [test-hivemq-platform-0] [hivemq] [c65f2d7a-4937-404e-8de4-00cc8576aa0e] was terminated
2025-01-30 18:17:19,584 INFO c.h.h.t.HelmChartContainer - Stopped log watcher for hivemq in pod test-hivemq-platform-0 [c65f2d7a-4937-404e-8de4-00cc8576aa0e]
2025-01-30 18:17:19,593 INFO c.h.h.t.HelmChartContainer - [test-hivemq-platform] [hivemq] [c65f2d7a] INFO  - [HiveMQ Platform Operator Init App 1.7.0-SNAPSHOT] Shutting down
2025-01-30 18:17:19,594 INFO c.h.h.t.HelmChartContainer - [test-hivemq-platform] [hivemq] [c65f2d7a] INFO  - [HiveMQ Platform Operator Init App 1.7.0-SNAPSHOT] Stopping the HiveMQ Platform
2025-01-30 18:17:19,771 INFO c.h.h.t.HelmChartContainer - [test-hivemq-platform] [hivemq] [c65f2d7a] INFO  - Shutting down HiveMQ. Please wait, this could take a while...
2025-01-30 18:17:19,780 INFO c.h.h.t.HelmChartContainer - [test-hivemq-platform] [hivemq] [c65f2d7a] INFO  - Shutting down listeners and clients
2025-01-30 18:17:19,781 INFO c.h.h.t.HelmChartContainer - [test-hivemq-platform] [hivemq] [c65f2d7a] INFO  - Shutdown of listeners is done
2025-01-30 18:17:19,782 INFO c.h.h.t.HelmChartContainer - [test-hivemq-platform] [hivemq] [c65f2d7a] INFO  - No clients are connected, proceeding with shutdown
2025-01-30 18:17:20,736 INFO c.h.h.t.HelmChartContainer - Deleting namespace 'helmrestapiit'...
2025-01-30 18:17:22,685 INFO c.h.h.t.HelmChartContainer - [test-hivemq-platform] [hivemq] [c65f2d7a] INFO  - [HiveMQ Platform Operator Init App 1.7.0-SNAPSHOT] Returning shutdown Health API response 503 for readiness
2025-01-30 18:17:22,689 INFO c.h.h.t.HelmChartContainer - [EVENT] Warning [Unhealthy] Readiness probe failed: HTTP probe failed with statuscode: 503 [helmrestapiit:test-hivemq-platform-0]
2025-01-30 18:17:22,689 INFO c.h.h.t.HelmChartContainer - Received Unhealthy event for container hivemq in pod test-hivemq-platform-0 [c65f2d7a-4937-404e-8de4-00cc8576aa0e]
2025-01-30 18:17:22,873 INFO c.h.h.t.HelmChartContainer - [test-hivemq-platform] [hivemq] [c65f2d7a] INFO  - Shutting down extension system
2025-01-30 18:17:22,879 INFO c.h.h.t.HelmChartContainer - [test-hivemq-platform] [hivemq] [c65f2d7a] INFO  - Stopping extension with id hivemq-dns-cluster-discovery
2025-01-30 18:17:22,879 INFO c.h.h.t.HelmChartContainer - [test-hivemq-platform] [hivemq] [c65f2d7a] INFO  - Extension "DNS Cluster Discovery Extension" version 4.3.2 stopped successfully.
2025-01-30 18:17:22,880 INFO c.h.h.t.HelmChartContainer - [test-hivemq-platform] [hivemq] [c65f2d7a] INFO  - Stopping extension with id hivemq-prometheus-extension
2025-01-30 18:17:22,884 INFO c.h.h.t.HelmChartContainer - [test-hivemq-platform] [hivemq] [c65f2d7a] INFO  - Extension "Prometheus Monitoring Extension" version 4.0.12 stopped successfully.
2025-01-30 18:17:22,884 INFO c.h.h.t.HelmChartContainer - [test-hivemq-platform] [hivemq] [c65f2d7a] INFO  - Stopping extension with id hivemq-allow-all-extension
2025-01-30 18:17:22,885 INFO c.h.h.t.HelmChartContainer - [test-hivemq-platform] [hivemq] [c65f2d7a] INFO  - Extension "Allow All Extension" version 1.1.1 stopped successfully.
2025-01-30 18:17:23,183 INFO c.h.h.t.HelmChartContainer - [K3S] [authentication.go:74] "Unable to authenticate the request" err="[invalid bearer token, serviceaccounts \"hivemq-platform-pod-test-hivemq-platform\" not found]"
2025-01-30 18:17:23,201 INFO c.h.h.t.HelmChartContainer - [K3S] [authentication.go:74] "Unable to authenticate the request" err="[invalid bearer token, serviceaccounts \"hivemq-platform-pod-test-hivemq-platform\" not found]"
2025-01-30 18:17:23,278 INFO c.h.h.t.HelmChartContainer - [test-hivemq-platform] [hivemq] [c65f2d7a] WARN  - [HiveMQ Platform Operator Init App 1.7.0-SNAPSHOT] Could not update Pod annotations: Failure executing: GET at: https://10.43.0.1:443/api/v1/namespaces/helmrestapiit/pods/test-hivemq-platform-0. Message: Unauthorized. Received status: Status(apiVersion=v1, code=401, details=null, kind=Status, message=Unauthorized, metadata=ListMeta(_continue=null, remainingItemCount=null, resourceVersion=null, selfLink=null, additionalProperties={}), reason=Unauthorized, status=Failure, additionalProperties={}).
2025-01-30 18:17:25,155 INFO c.h.h.t.HelmChartContainer - [test-hivemq-platform] [hivemq] [c65f2d7a] INFO  - Shutdown completed.
2025-01-30 18:17:25,501 INFO c.h.h.t.HelmChartContainer - [test-hivemq-platform] [hivemq] [c65f2d7a] INFO  - [HiveMQ Platform Operator Init App 1.7.0-SNAPSHOT] The HiveMQ Platform exited with code 143
2025-01-30 18:17:25,502 INFO c.h.h.t.HelmChartContainer - [test-hivemq-platform] [hivemq] [c65f2d7a] INFO  - [HiveMQ Platform Operator Init App 1.7.0-SNAPSHOT] Stopping the REST API
2025-01-30 18:17:25,509 INFO c.h.h.t.HelmChartContainer - [test-hivemq-platform] [hivemq] [c65f2d7a] INFO  - [HiveMQ Platform Operator Init App 1.7.0-SNAPSHOT] Shutdown complete
2025-01-30 18:17:25,891 INFO c.h.h.t.HelmChartContainer - [K3S] [stateful_set.go:466] "StatefulSet has been deleted" key="helmrestapiit/test-hivemq-platform"
2025-01-30 18:17:25,965 INFO c.h.h.t.HelmChartContainer - [POD] test-hivemq-platform-0 [c65f2d7a-4937-404e-8de4-00cc8576aa0e] in helmrestapiit was MODIFIED
2025-01-30 18:17:26,032 INFO c.h.h.t.HelmChartContainer - [K3S] [reconciler_common.go:162] "operationExecutor.UnmountVolume started for volume \"pod-info\" (UniqueName: \"kubernetes.io/configmap/c65f2d7a-4937-404e-8de4-00cc8576aa0e-pod-info\") pod \"c65f2d7a-4937-404e-8de4-00cc8576aa0e\" (UID: \"c65f2d7a-4937-404e-8de4-00cc8576aa0e\") "
2025-01-30 18:17:26,033 INFO c.h.h.t.HelmChartContainer - [K3S] [reconciler_common.go:162] "operationExecutor.UnmountVolume started for volume \"kube-api-access-zdt29\" (UniqueName: \"kubernetes.io/projected/c65f2d7a-4937-404e-8de4-00cc8576aa0e-kube-api-access-zdt29\") pod \"c65f2d7a-4937-404e-8de4-00cc8576aa0e\" (UID: \"c65f2d7a-4937-404e-8de4-00cc8576aa0e\") "
2025-01-30 18:17:26,033 INFO c.h.h.t.HelmChartContainer - [K3S] [reconciler_common.go:162] "operationExecutor.UnmountVolume started for volume \"broker-configuration\" (UniqueName: \"kubernetes.io/configmap/c65f2d7a-4937-404e-8de4-00cc8576aa0e-broker-configuration\") pod \"c65f2d7a-4937-404e-8de4-00cc8576aa0e\" (UID: \"c65f2d7a-4937-404e-8de4-00cc8576aa0e\") "
2025-01-30 18:17:26,033 INFO c.h.h.t.HelmChartContainer - [K3S] [reconciler_common.go:162] "operationExecutor.UnmountVolume started for volume \"operator-init\" (UniqueName: \"kubernetes.io/empty-dir/c65f2d7a-4937-404e-8de4-00cc8576aa0e-operator-init\") pod \"c65f2d7a-4937-404e-8de4-00cc8576aa0e\" (UID: \"c65f2d7a-4937-404e-8de4-00cc8576aa0e\") "
2025-01-30 18:17:26,133 INFO c.h.h.t.HelmChartContainer - [K3S] [reconciler_common.go:299] "Volume detached for volume \"kube-api-access-zdt29\" (UniqueName: \"kubernetes.io/projected/c65f2d7a-4937-404e-8de4-00cc8576aa0e-kube-api-access-zdt29\") on node \"8e4c0e52442e\" DevicePath \"\""
2025-01-30 18:17:26,133 INFO c.h.h.t.HelmChartContainer - [K3S] [reconciler_common.go:299] "Volume detached for volume \"operator-init\" (UniqueName: \"kubernetes.io/empty-dir/c65f2d7a-4937-404e-8de4-00cc8576aa0e-operator-init\") on node \"8e4c0e52442e\" DevicePath \"\""
2025-01-30 18:17:26,133 INFO c.h.h.t.HelmChartContainer - [K3S] [reconciler_common.go:299] "Volume detached for volume \"broker-configuration\" (UniqueName: \"kubernetes.io/configmap/c65f2d7a-4937-404e-8de4-00cc8576aa0e-broker-configuration\") on node \"8e4c0e52442e\" DevicePath \"\""
2025-01-30 18:17:26,133 INFO c.h.h.t.HelmChartContainer - [K3S] [reconciler_common.go:299] "Volume detached for volume \"pod-info\" (UniqueName: \"kubernetes.io/configmap/c65f2d7a-4937-404e-8de4-00cc8576aa0e-pod-info\") on node \"8e4c0e52442e\" DevicePath \"\""
2025-01-30 18:17:26,644 INFO c.h.h.t.HelmChartContainer - [K3S] [scope.go:117] "RemoveContainer" containerID="43b1a7f706fbe6e27a959cc1f1f7ef86af8736f694b127dd5992c6e970f04d8e"
2025-01-30 18:17:26,657 INFO c.h.h.t.HelmChartContainer - [POD] test-hivemq-platform-0 [c65f2d7a-4937-404e-8de4-00cc8576aa0e] in helmrestapiit was MODIFIED
2025-01-30 18:17:26,660 INFO c.h.h.t.HelmChartContainer - [POD] test-hivemq-platform-0 [c65f2d7a-4937-404e-8de4-00cc8576aa0e] in helmrestapiit was DELETED
2025-01-30 18:17:26,743 INFO c.h.h.t.HelmChartContainer - [K3S] [scope.go:117] "RemoveContainer" containerID="ef8d4618a36533cd20a697d4d171633c0a0cc60b2d22383704b9245f69234c55"
2025-01-30 18:17:26,746 INFO c.h.h.t.HelmChartContainer - [K3S] [scope.go:117] "RemoveContainer" containerID="43b1a7f706fbe6e27a959cc1f1f7ef86af8736f694b127dd5992c6e970f04d8e"
2025-01-30 18:17:26,747 INFO c.h.h.t.HelmChartContainer - [K3S] [scope.go:117] "RemoveContainer" containerID="ef8d4618a36533cd20a697d4d171633c0a0cc60b2d22383704b9245f69234c55"
2025-01-30 18:17:27,727 INFO c.h.h.t.HelmChartContainer - [K3S] [INFO] COMPACT compactRev=0 targetCompactRev=2 currentRev=1196
2025-01-30 18:17:27,728 INFO c.h.h.t.HelmChartContainer - [K3S] [INFO] COMPACT deleted 0 rows from 2 revisions in 436.261µs - compacted to 2/1196
2025-01-30 18:17:27,728 INFO c.h.h.t.HelmChartContainer - [K3S] [INFO] COMPACT compacted from 0 to 2 in 1 transactions over 1ms
2025-01-30 18:17:28,181 INFO c.h.h.t.HelmChartContainer - [K3S] [kubelet_volumes.go:163] "Cleaned up orphaned pod volumes dir" podUID="c65f2d7a-4937-404e-8de4-00cc8576aa0e" path="/var/lib/kubelet/pods/c65f2d7a-4937-404e-8de4-00cc8576aa0e/volumes"
2025-01-30 18:17:30,198 INFO c.h.h.t.HelmChartContainer - [K3S] [info.go:53] Couldn't collect info from any of the files in "/etc/machine-id,/var/lib/dbus/machine-id"
2025-01-30 18:17:31,066 INFO c.h.h.t.HelmChartContainer - Namespace 'helmrestapiit' deleted
2025-01-30 18:17:31,066 INFO c.h.h.t.HelmChartContainer - Release 'test-hivemq-platform' in namespace 'helmrestapiit' is uninstalled
2025-01-30 18:17:31,066 INFO c.h.h.t.HelmChartContainer - Uninstalling release 'test-hivemq-platform-operator' in namespace 'helmrestapiit-operator'...
2025-01-30 18:17:31,067 DEBUG c.h.h.t.HelmChartContainer - Executing helm command: /bin/helm --kubeconfig /etc/rancher/k3s/k3s.yaml uninstall test-hivemq-platform-operator  --wait --timeout 5m0s --cascade foreground --namespace helmrestapiit-operator
2025-01-30 18:17:31,232 INFO c.h.h.t.HelmChartContainer - [K3S] [replica_set.go:679] "Finished syncing" kind="ReplicaSet" key="helmrestapiit-operator/hivemq-test-hivemq-platform-operator-6966f96d65" duration="9.842935ms"
2025-01-30 18:17:31,235 INFO c.h.h.t.HelmChartContainer - [K3S] [replica_set.go:679] "Finished syncing" kind="ReplicaSet" key="helmrestapiit-operator/hivemq-test-hivemq-platform-operator-6966f96d65" duration="37.359µs"
2025-01-30 18:17:31,246 INFO c.h.h.t.HelmChartContainer - [POD] hivemq-test-hivemq-platform-operator-6966f96d65-ngcxs [fe9b9658-8244-4e9e-9667-49a46c425217] in helmrestapiit-operator was MODIFIED
2025-01-30 18:17:31,257 INFO c.h.h.t.HelmChartContainer - [EVENT] Normal [Killing] Stopping container hivemq-platform-operator [helmrestapiit-operator:hivemq-test-hivemq-platform-operator-6966f96d65-ngcxs]
2025-01-30 18:17:31,257 INFO c.h.h.t.HelmChartContainer - Received Killing event for container hivemq-platform-operator in pod hivemq-test-hivemq-platform-operator-6966f96d65-ngcxs [fe9b9658-8244-4e9e-9667-49a46c425217]
2025-01-30 18:17:31,257 INFO c.h.h.t.HelmChartContainer - Container [hivemq-test-hivemq-platform-operator-6966f96d65-ngcxs] [hivemq-platform-operator] [fe9b9658-8244-4e9e-9667-49a46c425217] was terminated
2025-01-30 18:17:31,257 INFO c.h.h.t.HelmChartContainer - Stopped log watcher for hivemq-platform-operator in pod hivemq-test-hivemq-platform-operator-6966f96d65-ngcxs [fe9b9658-8244-4e9e-9667-49a46c425217]
2025-01-30 18:17:31,258 INFO c.h.h.t.HelmChartContainer - [K3S] [replica_set.go:679] "Finished syncing" kind="ReplicaSet" key="helmrestapiit-operator/hivemq-test-hivemq-platform-operator-6966f96d65" duration="16.360457ms"
2025-01-30 18:17:31,259 INFO c.h.h.t.HelmChartContainer - [K3S] [replica_set.go:679] "Finished syncing" kind="ReplicaSet" key="helmrestapiit-operator/hivemq-test-hivemq-platform-operator-6966f96d65" duration="42.188µs"
2025-01-30 18:17:31,261 INFO c.h.h.t.HelmChartContainer - [hivemq-test-hivemq-platform] [hivemq-platform-operator] [fe9b9658] 18:17:31.258 [application-shutdown-thread] INFO  c.h.p.o.HiveMQPlatformOperatorApplication - HiveMQ Platform Operator is stopping...
2025-01-30 18:17:31,261 INFO c.h.h.t.HelmChartContainer - [hivemq-test-hivemq-platform] [hivemq-platform-operator] [fe9b9658] 18:17:31.259 [application-shutdown-thread] INFO  i.javaoperatorsdk.operator.Operator - Operator SDK 4.9.7 is shutting down...
2025-01-30 18:17:31,551 INFO c.h.h.t.HelmChartContainer - [K3S] [replica_set.go:679] "Finished syncing" kind="ReplicaSet" key="helmrestapiit-operator/hivemq-test-hivemq-platform-operator-6966f96d65" duration="40.255µs"
2025-01-30 18:17:31,552 INFO c.h.h.t.HelmChartContainer - [POD] hivemq-test-hivemq-platform-operator-6966f96d65-ngcxs [fe9b9658-8244-4e9e-9667-49a46c425217] in helmrestapiit-operator was MODIFIED
2025-01-30 18:17:31,653 INFO c.h.h.t.HelmChartContainer - [K3S] [scope.go:117] "RemoveContainer" containerID="4663599e1a71eff9d7e144f0fce0091c43400cbb23298ebc2f95e1a8729cccc7"
2025-01-30 18:17:31,656 INFO c.h.h.t.HelmChartContainer - [K3S] [reconciler_common.go:162] "operationExecutor.UnmountVolume started for volume \"kube-api-access-6dk8j\" (UniqueName: \"kubernetes.io/projected/fe9b9658-8244-4e9e-9667-49a46c425217-kube-api-access-6dk8j\") pod \"fe9b9658-8244-4e9e-9667-49a46c425217\" (UID: \"fe9b9658-8244-4e9e-9667-49a46c425217\") "
2025-01-30 18:17:31,656 INFO c.h.h.t.HelmChartContainer - [K3S] [scope.go:117] "RemoveContainer" containerID="4663599e1a71eff9d7e144f0fce0091c43400cbb23298ebc2f95e1a8729cccc7"
2025-01-30 18:17:31,756 INFO c.h.h.t.HelmChartContainer - [K3S] [reconciler_common.go:299] "Volume detached for volume \"kube-api-access-6dk8j\" (UniqueName: \"kubernetes.io/projected/fe9b9658-8244-4e9e-9667-49a46c425217-kube-api-access-6dk8j\") on node \"8e4c0e52442e\" DevicePath \"\""
2025-01-30 18:17:31,965 INFO c.h.h.t.HelmChartContainer - [K3S] [replica_set.go:679] "Finished syncing" kind="ReplicaSet" key="helmrestapiit-operator/hivemq-test-hivemq-platform-operator-6966f96d65" duration="42.209µs"
2025-01-30 18:17:31,966 INFO c.h.h.t.HelmChartContainer - [POD] hivemq-test-hivemq-platform-operator-6966f96d65-ngcxs [fe9b9658-8244-4e9e-9667-49a46c425217] in helmrestapiit-operator was MODIFIED
2025-01-30 18:17:31,971 INFO c.h.h.t.HelmChartContainer - [K3S] [replica_set.go:679] "Finished syncing" kind="ReplicaSet" key="helmrestapiit-operator/hivemq-test-hivemq-platform-operator-6966f96d65" duration="62.706µs"
2025-01-30 18:17:31,971 INFO c.h.h.t.HelmChartContainer - [POD] hivemq-test-hivemq-platform-operator-6966f96d65-ngcxs [fe9b9658-8244-4e9e-9667-49a46c425217] in helmrestapiit-operator was DELETED
2025-01-30 18:17:31,996 INFO c.h.h.t.HelmChartContainer - [K3S] [replica_set.go:679] "Finished syncing" kind="ReplicaSet" key="helmrestapiit-operator/hivemq-test-hivemq-platform-operator-6966f96d65" duration="7.394µs"
2025-01-30 18:17:32,181 INFO c.h.h.t.HelmChartContainer - [K3S] [kubelet_volumes.go:163] "Cleaned up orphaned pod volumes dir" podUID="fe9b9658-8244-4e9e-9667-49a46c425217" path="/var/lib/kubelet/pods/fe9b9658-8244-4e9e-9667-49a46c425217/volumes"
2025-01-30 18:17:33,274 INFO c.h.h.t.HelmChartContainer - Deleting namespace 'helmrestapiit-operator'...
2025-01-30 18:17:36,021 INFO c.h.h.t.HelmChartContainer - [K3S] [namespace_controller.go:187] "Namespace has been deleted" namespace="helmrestapiit"
2025-01-30 18:17:38,490 INFO c.h.h.t.HelmChartContainer - Namespace 'helmrestapiit-operator' deleted
2025-01-30 18:17:38,490 INFO c.h.h.t.HelmChartContainer - Release 'test-hivemq-platform-operator' in namespace 'helmrestapiit-operator' is uninstalled
2025-01-30 18:17:39,126 INFO c.h.helmcharts.AbstractHelmChartIT - Removed unused containers:

2025-01-30 18:17:41,593 INFO c.h.h.t.HelmChartContainer - [K3S] [event.go:359] "Server rejected event (will not retry!)" err="namespaces \"helmrestapiit-operator\" not found" event="&Event{ObjectMeta:{hivemq-test-hivemq-platform-operator-6966f96d65-ngcxs.181f8b39cbdc6bbf  helmrestapiit-operator    0 0001-01-01 00:00:00 +0000 UTC <nil> <nil> map[] map[] [] [] []},InvolvedObject:ObjectReference{Kind:Pod,Namespace:helmrestapiit-operator,Name:hivemq-test-hivemq-platform-operator-6966f96d65-ngcxs,UID:fe9b9658-8244-4e9e-9667-49a46c425217,APIVersion:v1,ResourceVersion:997,FieldPath:spec.containers{hivemq-platform-operator},},Reason:Unhealthy,Message:Readiness probe failed: Get \"http://10.42.0.9:8080/health/readiness\": context deadline exceeded (Client.Timeout exceeded while awaiting headers),Source:EventSource{Component:kubelet,Host:8e4c0e52442e,},FirstTimestamp:2025-01-30 18:17:41.537917887 +0000 UTC m=+313.893910526,LastTimestamp:2025-01-30 18:17:41.537917887 +0000 UTC m=+313.893910526,Count:1,Type:Warning,EventTime:0001-01-01 00:00:00 +0000 UTC,Series:nil,Action:,Related:nil,ReportingController:kubelet,ReportingInstance:8e4c0e52442e,}"
2025-01-30 18:17:43,403 INFO c.h.h.t.HelmChartContainer - [K3S] [namespace_controller.go:187] "Namespace has been deleted" namespace="helmrestapiit-operator"
2025-01-30 18:17:46,789 INFO c.h.helmcharts.AbstractHelmChartIT - Removed unused snapshots:
Removing snapshot sha256:03af251906410714c5aef9fa705b63f6bbc39c4a5e787de7361eeb18886c2ed2
Removing snapshot sha256:0c46b3b43cce082ce5ec34ffc6c294e0417d17b9d1e6f366d114b6aadc4f96dc
Removing snapshot sha256:0ce761beee59082d6ed5bcebd3a805b8ddd9b3426b617e4809e7fb7c6587ffec
Removing snapshot sha256:0df91287303208332c8ff6ba40ae4710105201739addbfbddfb955f1ad593664
Removing snapshot sha256:1021ef88c7974bfff89c5a0ec4fd3160daac6c48a075f74cff721f85dd104e68
Removing snapshot sha256:10aba4953ddc18145dd38e3704709bc464aa20af60b56fe52caaff4b68411e62
Removing snapshot sha256:2573e0d8158209ed54ab25c87bcdcb00bd3d2539246960a3d592a1c599d70465
Removing snapshot sha256:32b89d6c3a45dc4cf6d8b5c6946d7c053e5779c69dcabceffbd5b261926e429f
Removing snapshot sha256:362a8a37f8bbc31925a8146adcf7cf51f9882f5c1dcbef67c5baa03a297543c0
Removing snapshot sha256:3fa4ad33f0ddc8fd45b39b6b4640f82a3a83619606cd975bfe89d8710ad2d4cd
Removing snapshot sha256:43a7c979bbaba6838bc3102d6b10a1459f3ab050b87ccdfef84ef90cf43d3058
Removing snapshot sha256:4ab04491cdf0d3267f08206fe30bd48f49f94b9cab2f016d6739220f722a64af
Removing snapshot sha256:4b6068250e89c96f263060261819c7d912855bfbd64b3eb4c4a8483299b8c295
Removing snapshot sha256:580e69a0a8034ede1921139bbd2bfb72a69ebf276d008281896c32dd8bf74775
Removing snapshot sha256:5d30ba46b27fe37484567ccc5242cadc78217b8da605f3f195ef25cbf7487904
Removing snapshot sha256:63ca1fbb43ae5034640e5e6cb3e083e05c290072c5366fcaa9d62435a4cced85
Removing snapshot sha256:67f702c6baae873bceb19487c8b1f27bd2b86077e4f2f0e480e6d60ab508b8f5
Removing snapshot sha256:6864348dd42806d552efdec384f1274be15e2d0c10ce44c1f04347af004c10a9
Removing snapshot sha256:6a4102f4b3b9e017c5fac841f993c4314ef459d8fb9bc8b421206562436352bd
Removing snapshot sha256:6c7dee8f2c39b84b7dc2711c01d33de93514d9055499173e9290176fbe484b6c
Removing snapshot sha256:82753493a6d61ded36556292f02f31841a14c20d2f279f19eaad65afb661d5cd
Removing snapshot sha256:8a10d3db42c505ee0fcfa98417bdd7e39b304f6bcc0a06bb1b220797ff2cc63c
Removing snapshot sha256:a21e5b12dbac529ad45d976eb9ce45c881f3bedcc500fb30aba1e52aa1813418
Removing snapshot sha256:b921e6c28969094157f9b8e7244677780319637afd14450b7cb6b2fdea558a0c
Removing snapshot sha256:bc27ecb5769a00e309cf99ebc763c4a4b958b618d1decc96ffac5bc05f02f5b7
Removing snapshot sha256:be3ccb6627a5332e309d45ef461d09b4879dd870c7394d89323d0ebc6ca6aa8a
Removing snapshot sha256:c261f7cbbc64211ee175ee47273acdb7b1a36a4450b397a064a8f2c026490095
Removing snapshot sha256:c34d9393647eea0c9e3557ab988efaf59f61d10a2a5613b439ef0958cca5ec10
Removing snapshot sha256:ccf3c4a0fa967a41c1c83497a2ce6fa5787965859df0adb32c4ca2cf7490bc2b
Removing snapshot sha256:cf92d33f869417309692088c341cd0f223c178ea78a125f757317b22aa8f90e9
Removing snapshot sha256:d0037344cf2fb078884f1849f6a1f8cf9a33a3b6139b6a85833e5ee528e1f9a8
Removing snapshot sha256:d3b36d5b79273b1e98e7700470eaeff05a882e777124d84cebcc1505b85ecb36
Removing snapshot sha256:d65a44a37914602d12c611e5e22a50f11451d847e63015cc1c2aef92dee777a4
Removing snapshot sha256:e2dc0bae2455930f23ae570e019b7f32edc75c0f2d71cab084db837ff9051796
Removing snapshot sha256:eccbd24a99c60cd9e86ee5305dbfc4a4dc89f5ab4fb1f06c8d64797cecedef34
Removing snapshot sha256:f144bb4c7c7f0d2aa7eeffd36d934ec40db1ee167be727e326aad9fdc616f475

]]></system-out>
  </testcase>
  <testcase name="platformChart_whenRestApiEnabled_thenCallsEndpoint()" classname="com.hivemq.helmcharts.services.HelmRestApiIT" time="98.415">
    <system-out><![CDATA[2025-01-30 18:17:46,790 INFO c.h.h.t.HelmChartContainer - Creating namespace 'helmrestapiit-operator'...
2025-01-30 18:17:46,795 INFO c.h.h.t.HelmChartContainer - Namespace 'helmrestapiit-operator' created
2025-01-30 18:17:46,795 INFO c.h.h.t.HelmChartContainer - Creating namespace 'helmrestapiit'...
2025-01-30 18:17:46,802 INFO c.h.h.t.HelmChartContainer - Namespace 'helmrestapiit' created
2025-01-30 18:17:46,868 DEBUG c.h.h.t.HelmChartContainer - Executing helm command: /bin/helm --kubeconfig /etc/rancher/k3s/k3s.yaml install test-hivemq-platform-operator /charts/hivemq-platform-operator --wait --timeout 5m0s --set image.repository=docker.io/hivemq --set image.name=hivemq-platform-operator-test --set image.initImageName=hivemq-platform-operator-init-test --set image.tag=snapshot --set image.pullPolicy=Never --set logLevel=DEBUG --set resources.cpu=512m --namespace helmrestapiit-operator
2025-01-30 18:17:47,169 INFO c.h.h.t.HelmChartContainer - [K3S] [alloc.go:330] "allocated clusterIPs" service="helmrestapiit-operator/hivemq-platform-operator-test-hivemq-platform-operator" clusterIPs={"IPv4":"10.43.42.141"}
2025-01-30 18:17:47,192 INFO c.h.h.t.HelmChartContainer - [EVENT] Normal [ScalingReplicaSet] Scaled up replica set hivemq-test-hivemq-platform-operator-6966f96d65 from 0 to 1 [helmrestapiit-operator:hivemq-test-hivemq-platform-operator]
2025-01-30 18:17:47,194 INFO c.h.h.t.HelmChartContainer - [POD] hivemq-test-hivemq-platform-operator-6966f96d65-wsb8g [2cbe7a93-c227-40a6-890e-28ad52359db1] in helmrestapiit-operator was ADDED
2025-01-30 18:17:47,199 INFO c.h.h.t.HelmChartContainer - [POD] hivemq-test-hivemq-platform-operator-6966f96d65-wsb8g [2cbe7a93-c227-40a6-890e-28ad52359db1] in helmrestapiit-operator was MODIFIED
2025-01-30 18:17:47,200 INFO c.h.h.t.HelmChartContainer - [K3S] [memory_manager.go:355] "RemoveStaleState removing state" podUID="fe9b9658-8244-4e9e-9667-49a46c425217" containerName="hivemq-platform-operator"
2025-01-30 18:17:47,200 INFO c.h.h.t.HelmChartContainer - [K3S] [memory_manager.go:355] "RemoveStaleState removing state" podUID="c65f2d7a-4937-404e-8de4-00cc8576aa0e" containerName="hivemq"
2025-01-30 18:17:47,210 INFO c.h.h.t.HelmChartContainer - [K3S] [replica_set.go:679] "Finished syncing" kind="ReplicaSet" key="helmrestapiit-operator/hivemq-test-hivemq-platform-operator-6966f96d65" duration="26.36796ms"
2025-01-30 18:17:47,211 INFO c.h.h.t.HelmChartContainer - [EVENT] Normal [Scheduled] Successfully assigned helmrestapiit-operator/hivemq-test-hivemq-platform-operator-6966f96d65-wsb8g to 8e4c0e52442e [helmrestapiit-operator:hivemq-test-hivemq-platform-operator-6966f96d65-wsb8g]
2025-01-30 18:17:47,211 INFO c.h.h.t.HelmChartContainer - [EVENT] Normal [SuccessfulCreate] Created pod: hivemq-test-hivemq-platform-operator-6966f96d65-wsb8g [helmrestapiit-operator:hivemq-test-hivemq-platform-operator-6966f96d65]
2025-01-30 18:17:47,217 INFO c.h.h.t.HelmChartContainer - [POD] hivemq-test-hivemq-platform-operator-6966f96d65-wsb8g [2cbe7a93-c227-40a6-890e-28ad52359db1] in helmrestapiit-operator was MODIFIED
2025-01-30 18:17:47,219 INFO c.h.h.t.HelmChartContainer - [K3S] [replica_set.go:679] "Finished syncing" kind="ReplicaSet" key="helmrestapiit-operator/hivemq-test-hivemq-platform-operator-6966f96d65" duration="8.577952ms"
2025-01-30 18:17:47,220 INFO c.h.h.t.HelmChartContainer - [K3S] [replica_set.go:679] "Finished syncing" kind="ReplicaSet" key="helmrestapiit-operator/hivemq-test-hivemq-platform-operator-6966f96d65" duration="74.418µs"
2025-01-30 18:17:47,242 INFO c.h.h.t.HelmChartContainer - [K3S] [reconciler_common.go:251] "operationExecutor.VerifyControllerAttachedVolume started for volume \"kube-api-access-vnhkt\" (UniqueName: \"kubernetes.io/projected/2cbe7a93-c227-40a6-890e-28ad52359db1-kube-api-access-vnhkt\") pod \"hivemq-test-hivemq-platform-operator-6966f96d65-wsb8g\" (UID: \"2cbe7a93-c227-40a6-890e-28ad52359db1\") " pod="helmrestapiit-operator/hivemq-test-hivemq-platform-operator-6966f96d65-wsb8g"
2025-01-30 18:17:47,594 INFO c.h.h.t.HelmChartContainer - [EVENT] Normal [Pulled] Container image "docker.io/hivemq/hivemq-platform-operator-test:snapshot" already present on machine [helmrestapiit-operator:hivemq-test-hivemq-platform-operator-6966f96d65-wsb8g]
2025-01-30 18:17:47,594 INFO c.h.h.t.HelmChartContainer - Received Pulled event for container hivemq-platform-operator in pod hivemq-test-hivemq-platform-operator-6966f96d65-wsb8g [2cbe7a93-c227-40a6-890e-28ad52359db1]
2025-01-30 18:17:48,863 INFO c.h.h.t.HelmChartContainer - [EVENT] Normal [Created] Created container: hivemq-platform-operator [helmrestapiit-operator:hivemq-test-hivemq-platform-operator-6966f96d65-wsb8g]
2025-01-30 18:17:48,863 INFO c.h.h.t.HelmChartContainer - Received Created event for container hivemq-platform-operator in pod hivemq-test-hivemq-platform-operator-6966f96d65-wsb8g [2cbe7a93-c227-40a6-890e-28ad52359db1]
2025-01-30 18:17:49,691 INFO c.h.h.t.HelmChartContainer - [K3S] [replica_set.go:679] "Finished syncing" kind="ReplicaSet" key="helmrestapiit-operator/hivemq-test-hivemq-platform-operator-6966f96d65" duration="41.246µs"
2025-01-30 18:17:49,695 INFO c.h.h.t.HelmChartContainer - [POD] hivemq-test-hivemq-platform-operator-6966f96d65-wsb8g [2cbe7a93-c227-40a6-890e-28ad52359db1] in helmrestapiit-operator was MODIFIED
2025-01-30 18:17:49,706 INFO c.h.h.t.HelmChartContainer - [EVENT] Normal [Started] Started container hivemq-platform-operator [helmrestapiit-operator:hivemq-test-hivemq-platform-operator-6966f96d65-wsb8g]
2025-01-30 18:17:49,707 INFO c.h.h.t.HelmChartContainer - Received Started event for container hivemq-platform-operator in pod hivemq-test-hivemq-platform-operator-6966f96d65-wsb8g [2cbe7a93-c227-40a6-890e-28ad52359db1]
2025-01-30 18:17:49,707 INFO c.h.h.t.HelmChartContainer - Started log watcher for hivemq-platform-operator in pod hivemq-test-hivemq-platform-operator-6966f96d65-wsb8g [2cbe7a93-c227-40a6-890e-28ad52359db1]
2025-01-30 18:17:49,707 INFO c.h.h.t.HelmChartContainer - [hivemq-test-hivemq-platform] [hivemq-platform-operator] [2cbe7a93] -------------------------------------------------------------------------
2025-01-30 18:17:49,707 INFO c.h.h.t.HelmChartContainer - [hivemq-test-hivemq-platform] [hivemq-platform-operator] [2cbe7a93] 
2025-01-30 18:17:49,707 INFO c.h.h.t.HelmChartContainer - [hivemq-test-hivemq-platform] [hivemq-platform-operator] [2cbe7a93]                   _    _  _              __  __   ____
2025-01-30 18:17:49,707 INFO c.h.h.t.HelmChartContainer - [hivemq-test-hivemq-platform] [hivemq-platform-operator] [2cbe7a93]                  | |  | |(_)            |  \/  | / __ \
2025-01-30 18:17:49,707 INFO c.h.h.t.HelmChartContainer - [hivemq-test-hivemq-platform] [hivemq-platform-operator] [2cbe7a93]                  | |__| | _ __   __ ___ | \  / || |  | |
2025-01-30 18:17:49,707 INFO c.h.h.t.HelmChartContainer - [hivemq-test-hivemq-platform] [hivemq-platform-operator] [2cbe7a93]                  |  __  || |\ \ / // _ \| |\/| || |  | |
2025-01-30 18:17:49,707 INFO c.h.h.t.HelmChartContainer - [hivemq-test-hivemq-platform] [hivemq-platform-operator] [2cbe7a93]                  | |  | || | \ V /|  __/| |  | || |__| |
2025-01-30 18:17:49,707 INFO c.h.h.t.HelmChartContainer - [hivemq-test-hivemq-platform] [hivemq-platform-operator] [2cbe7a93]                  |_|  |_||_|  \_/  \___||_|  |_| \___\_\
2025-01-30 18:17:49,707 INFO c.h.h.t.HelmChartContainer - [hivemq-test-hivemq-platform] [hivemq-platform-operator] [2cbe7a93] 
2025-01-30 18:17:49,707 INFO c.h.h.t.HelmChartContainer - [hivemq-test-hivemq-platform] [hivemq-platform-operator] [2cbe7a93] -------------------------------------------------------------------------
2025-01-30 18:17:49,707 INFO c.h.h.t.HelmChartContainer - [hivemq-test-hivemq-platform] [hivemq-platform-operator] [2cbe7a93] 
2025-01-30 18:17:49,707 INFO c.h.h.t.HelmChartContainer - [hivemq-test-hivemq-platform] [hivemq-platform-operator] [2cbe7a93]   HiveMQ Platform Operator Start Script v1.0
2025-01-30 18:17:49,707 INFO c.h.h.t.HelmChartContainer - [hivemq-test-hivemq-platform] [hivemq-platform-operator] [2cbe7a93] 
2025-01-30 18:17:49,707 INFO c.h.h.t.HelmChartContainer - [hivemq-test-hivemq-platform] [hivemq-platform-operator] [2cbe7a93] -------------------------------------------------------------------------
2025-01-30 18:17:49,707 INFO c.h.h.t.HelmChartContainer - [hivemq-test-hivemq-platform] [hivemq-platform-operator] [2cbe7a93] 
2025-01-30 18:17:49,707 INFO c.h.h.t.HelmChartContainer - [hivemq-test-hivemq-platform] [hivemq-platform-operator] [2cbe7a93]   JAVA_OPTS: -XX:+UnlockExperimentalVMOptions -XX:InitialRAMPercentage=75 -XX:MaxRAMPercentage=75 -Duser.language=en -Duser.region=US
2025-01-30 18:17:49,707 INFO c.h.h.t.HelmChartContainer - [hivemq-test-hivemq-platform] [hivemq-platform-operator] [2cbe7a93] 
2025-01-30 18:17:49,707 INFO c.h.h.t.HelmChartContainer - [hivemq-test-hivemq-platform] [hivemq-platform-operator] [2cbe7a93]   JAVA_VERSION: 21
2025-01-30 18:17:49,707 INFO c.h.h.t.HelmChartContainer - [hivemq-test-hivemq-platform] [hivemq-platform-operator] [2cbe7a93] 
2025-01-30 18:17:49,707 INFO c.h.h.t.HelmChartContainer - [hivemq-test-hivemq-platform] [hivemq-platform-operator] [2cbe7a93] -------------------------------------------------------------------------
2025-01-30 18:17:49,707 INFO c.h.h.t.HelmChartContainer - [hivemq-test-hivemq-platform] [hivemq-platform-operator] [2cbe7a93] 
2025-01-30 18:17:52,201 INFO c.h.h.t.HelmChartContainer - [hivemq-test-hivemq-platform] [hivemq-platform-operator] [2cbe7a93] 18:17:52.199 [main] DEBUG org.jboss.logging - Logging Provider: org.jboss.logging.Slf4jLoggerProvider
2025-01-30 18:17:52,301 INFO c.h.h.t.HelmChartContainer - [hivemq-test-hivemq-platform] [hivemq-platform-operator] [2cbe7a93] 18:17:52.301 [main] DEBUG io.smallrye.config - SRCFG01006: Loaded ConfigSource SysPropConfigSource with ordinal 400
2025-01-30 18:17:52,303 INFO c.h.h.t.HelmChartContainer - [hivemq-test-hivemq-platform] [hivemq-platform-operator] [2cbe7a93] 18:17:52.301 [main] DEBUG io.smallrye.config - SRCFG01006: Loaded ConfigSource EnvConfigSource with ordinal 300
2025-01-30 18:17:52,303 INFO c.h.h.t.HelmChartContainer - [hivemq-test-hivemq-platform] [hivemq-platform-operator] [2cbe7a93] 18:17:52.301 [main] DEBUG io.smallrye.config - SRCFG01006: Loaded ConfigSource PropertiesConfigSource[source=jar:file:///opt/hivemq-platform-operator/bin/hivemq-platform-operator.jar!/hivemq-platform-operator.properties] with ordinal 100
2025-01-30 18:17:52,303 INFO c.h.h.t.HelmChartContainer - [hivemq-test-hivemq-platform] [hivemq-platform-operator] [2cbe7a93] 18:17:52.301 [main] DEBUG io.smallrye.config - SRCFG01006: Loaded ConfigSource DefaultValuesConfigSource with ordinal -2147483648
2025-01-30 18:17:52,414 INFO c.h.h.t.HelmChartContainer - [hivemq-test-hivemq-platform] [hivemq-platform-operator] [2cbe7a93] 18:17:52.413 [main] DEBUG i.m.c.u.i.l.InternalLoggerFactory - Using SLF4J as the default logging framework
2025-01-30 18:17:52,592 INFO c.h.h.t.HelmChartContainer - [hivemq-test-hivemq-platform] [hivemq-platform-operator] [2cbe7a93] 18:17:52.525 [main] INFO  c.h.p.o.HiveMQPlatformOperatorApplication - HiveMQ Platform Operator 1.7.0-SNAPSHOT (commit: 47e3375 on branch: HEAD) built on Thu Jan 30 03:55:50 UTC 2025
2025-01-30 18:17:52,593 INFO c.h.h.t.HelmChartContainer - [hivemq-test-hivemq-platform] [hivemq-platform-operator] [2cbe7a93] 18:17:52.592 [main] INFO  c.h.p.o.HiveMQPlatformOperatorApplication - HiveMQ Platform Operator is running in namespace: helmrestapiit-operator
2025-01-30 18:17:52,594 INFO c.h.h.t.HelmChartContainer - [hivemq-test-hivemq-platform] [hivemq-platform-operator] [2cbe7a93] 18:17:52.592 [main] INFO  c.h.p.o.HiveMQPlatformOperatorApplication - Watching all namespaces
2025-01-30 18:17:52,594 INFO c.h.h.t.HelmChartContainer - [hivemq-test-hivemq-platform] [hivemq-platform-operator] [2cbe7a93] 18:17:52.592 [main] INFO  c.h.p.o.HiveMQPlatformOperatorApplication - Log level: DEBUG
2025-01-30 18:17:52,594 INFO c.h.h.t.HelmChartContainer - [hivemq-test-hivemq-platform] [hivemq-platform-operator] [2cbe7a93] 18:17:52.592 [main] INFO  c.h.p.o.HiveMQPlatformOperatorApplication - Release name: test-hivemq-platform-operator
2025-01-30 18:17:52,594 INFO c.h.h.t.HelmChartContainer - [hivemq-test-hivemq-platform] [hivemq-platform-operator] [2cbe7a93] 18:17:52.592 [main] INFO  c.h.p.o.HiveMQPlatformOperatorApplication - HiveMQ Platform Operator Init image: docker.io/hivemq/hivemq-platform-operator-init-test:snapshot
2025-01-30 18:17:52,594 INFO c.h.h.t.HelmChartContainer - [hivemq-test-hivemq-platform] [hivemq-platform-operator] [2cbe7a93] 18:17:52.592 [main] INFO  c.h.p.o.HiveMQPlatformOperatorApplication - HiveMQ Platform Operator Init App update URL: http://hivemq-platform-operator-test-hivemq-platform-operator.helmrestapiit-operator.svc:8080/initAppUpdate/hivemq-platform-operator-init-app-1.7.0-SNAPSHOT.jar
2025-01-30 18:17:52,594 INFO c.h.h.t.HelmChartContainer - [hivemq-test-hivemq-platform] [hivemq-platform-operator] [2cbe7a93] 18:17:52.592 [main] INFO  c.h.p.o.HiveMQPlatformOperatorApplication - Additional imagePullSecret for all Platform deployments: none
2025-01-30 18:17:52,594 INFO c.h.h.t.HelmChartContainer - [hivemq-test-hivemq-platform] [hivemq-platform-operator] [2cbe7a93] 18:17:52.592 [main] INFO  c.h.p.o.HiveMQPlatformOperatorApplication - Apply HiveMQ Platform CRD: true
2025-01-30 18:17:52,594 INFO c.h.h.t.HelmChartContainer - [hivemq-test-hivemq-platform] [hivemq-platform-operator] [2cbe7a93] 18:17:52.592 [main] INFO  c.h.p.o.HiveMQPlatformOperatorApplication - Create Platform ServiceAccount: true
2025-01-30 18:17:52,595 INFO c.h.h.t.HelmChartContainer - [hivemq-test-hivemq-platform] [hivemq-platform-operator] [2cbe7a93] 18:17:52.592 [main] INFO  c.h.p.o.HiveMQPlatformOperatorApplication - Create Platform ServiceAccount permissions: true
2025-01-30 18:17:52,595 INFO c.h.h.t.HelmChartContainer - [hivemq-test-hivemq-platform] [hivemq-platform-operator] [2cbe7a93] 18:17:52.592 [main] INFO  c.h.p.o.HiveMQPlatformOperatorApplication - Validate Platform ServiceAccount: true
2025-01-30 18:17:52,595 INFO c.h.h.t.HelmChartContainer - [hivemq-test-hivemq-platform] [hivemq-platform-operator] [2cbe7a93] 18:17:52.592 [main] INFO  c.h.p.o.HiveMQPlatformOperatorApplication - Validate Platform ServiceAccount permissions: true
2025-01-30 18:17:52,706 INFO c.h.h.t.HelmChartContainer - [hivemq-test-hivemq-platform] [hivemq-platform-operator] [2cbe7a93] 18:17:52.705 [main] INFO  c.h.platform.operator.util.CRDUtil - Verifying deployed HiveMQ Platform CRD...
2025-01-30 18:17:55,097 INFO c.h.h.t.HelmChartContainer - [hivemq-test-hivemq-platform] [hivemq-platform-operator] [2cbe7a93] 18:17:55.096 [main] DEBUG c.h.platform.operator.util.CRDUtil - HiveMQ Platform CRD version v1 is up to date
2025-01-30 18:17:55,097 INFO c.h.h.t.HelmChartContainer - [hivemq-test-hivemq-platform] [hivemq-platform-operator] [2cbe7a93] 18:17:55.096 [main] INFO  c.h.platform.operator.util.CRDUtil - HiveMQ Platform CRD is up to date (version: V1_6_0)
2025-01-30 18:17:55,097 INFO c.h.h.t.HelmChartContainer - [hivemq-test-hivemq-platform] [hivemq-platform-operator] [2cbe7a93] 18:17:55.096 [main] INFO  c.h.platform.operator.util.CRDUtil - Waiting 10000 ms for HiveMQ Platform CRD 'hivemq-platforms.hivemq.com' to become ready...
2025-01-30 18:17:55,400 INFO c.h.h.t.HelmChartContainer - [hivemq-test-hivemq-platform] [hivemq-platform-operator] [2cbe7a93] 18:17:55.398 [vert.x-eventloop-thread-1] DEBUG c.h.platform.operator.util.CRDUtil - Checking CRD condition 'NamesAccepted' (status: 'True')
2025-01-30 18:17:55,400 INFO c.h.h.t.HelmChartContainer - [hivemq-test-hivemq-platform] [hivemq-platform-operator] [2cbe7a93] 18:17:55.398 [vert.x-eventloop-thread-1] DEBUG c.h.platform.operator.util.CRDUtil - Checking CRD condition 'Established' (status: 'True')
2025-01-30 18:17:55,401 INFO c.h.h.t.HelmChartContainer - [hivemq-test-hivemq-platform] [hivemq-platform-operator] [2cbe7a93] 18:17:55.400 [main] INFO  c.h.platform.operator.util.CRDUtil - HiveMQ Platform CRD 'hivemq-platforms.hivemq.com' is ready
2025-01-30 18:17:55,600 INFO c.h.h.t.HelmChartContainer - [hivemq-test-hivemq-platform] [hivemq-platform-operator] [2cbe7a93] 18:17:55.599 [main] INFO  c.h.p.o.HiveMQPlatformReconciler - HiveMQ Platform Operator is starting...
2025-01-30 18:17:55,706 INFO c.h.h.t.HelmChartContainer - [hivemq-test-hivemq-platform] [hivemq-platform-operator] [2cbe7a93] 18:17:55.705 [main] WARN  Default ConfigurationService implementation - Configuration for reconciler 'hivemq-controller' was not found. Known reconcilers: None.
2025-01-30 18:17:55,713 INFO c.h.h.t.HelmChartContainer - [hivemq-test-hivemq-platform] [hivemq-platform-operator] [2cbe7a93] 18:17:55.712 [main] INFO  Default ConfigurationService implementation - Created configuration for reconciler com.hivemq.platform.operator.HiveMQPlatformReconciler with name hivemq-controller
2025-01-30 18:17:55,893 INFO c.h.h.t.HelmChartContainer - [hivemq-test-hivemq-platform] [hivemq-platform-operator] [2cbe7a93] 18:17:55.892 [main] DEBUG c.h.p.o.HiveMQPlatformReconciler - HiveMQ Platform Operator is preparing EventSources
2025-01-30 18:17:55,905 INFO c.h.h.t.HelmChartContainer - [hivemq-test-hivemq-platform] [hivemq-platform-operator] [2cbe7a93] 18:17:55.905 [main] INFO  i.javaoperatorsdk.operator.Operator - Registered reconciler: 'hivemq-controller' for resource: 'class com.hivemq.platform.operator.v1.HiveMQPlatform' for namespace(s): [all namespaces]
2025-01-30 18:17:56,427 INFO c.h.h.t.HelmChartContainer - [hivemq-test-hivemq-platform] [hivemq-platform-operator] [2cbe7a93] 18:17:56.426 [main] INFO  c.h.p.operator.webserver.JettyServer - Starting Jetty server on port 8080
2025-01-30 18:17:56,508 INFO c.h.h.t.HelmChartContainer - [hivemq-test-hivemq-platform] [hivemq-platform-operator] [2cbe7a93] 18:17:56.507 [main] INFO  i.javaoperatorsdk.operator.Operator - Operator SDK 4.9.7 (commit: 2133d28) built on Wed Nov 20 12:56:20 UTC 2024 starting...
2025-01-30 18:17:56,508 INFO c.h.h.t.HelmChartContainer - [hivemq-test-hivemq-platform] [hivemq-platform-operator] [2cbe7a93] 18:17:56.507 [main] INFO  i.javaoperatorsdk.operator.Operator - Client version: 6.13.5
2025-01-30 18:17:56,509 INFO c.h.h.t.HelmChartContainer - [hivemq-test-hivemq-platform] [hivemq-platform-operator] [2cbe7a93] 18:17:56.509 [Controller Starter for: hivemq-controller] INFO  i.j.operator.processing.Controller - Starting 'hivemq-controller' controller for reconciler: com.hivemq.platform.operator.HiveMQPlatformReconciler, resource: com.hivemq.platform.operator.v1.HiveMQPlatform
2025-01-30 18:17:58,799 INFO c.h.h.t.HelmChartContainer - [hivemq-test-hivemq-platform] [hivemq-platform-operator] [2cbe7a93] 18:17:58.798 [Controller Starter for: hivemq-controller] INFO  i.j.operator.processing.Controller - 'hivemq-controller' controller started
2025-01-30 18:17:58,800 INFO c.h.h.t.HelmChartContainer - [hivemq-test-hivemq-platform] [hivemq-platform-operator] [2cbe7a93] 18:17:58.799 [main] INFO  c.h.p.o.HiveMQPlatformOperatorApplication - HiveMQ Platform Operator 1.7.0-SNAPSHOT started in 6273 ms
2025-01-30 18:18:00,700 INFO c.h.h.t.HelmChartContainer - [POD] hivemq-test-hivemq-platform-operator-6966f96d65-wsb8g [2cbe7a93-c227-40a6-890e-28ad52359db1] in helmrestapiit-operator was MODIFIED
2025-01-30 18:18:00,712 INFO c.h.h.t.HelmChartContainer - [K3S] [replica_set.go:679] "Finished syncing" kind="ReplicaSet" key="helmrestapiit-operator/hivemq-test-hivemq-platform-operator-6966f96d65" duration="11.830243ms"
2025-01-30 18:18:00,712 INFO c.h.h.t.HelmChartContainer - [K3S] [replica_set.go:679] "Finished syncing" kind="ReplicaSet" key="helmrestapiit-operator/hivemq-test-hivemq-platform-operator-6966f96d65" duration="55.954µs"
2025-01-30 18:18:01,309 DEBUG c.h.h.t.HelmChartContainer - Executing helm command: /bin/helm --kubeconfig /etc/rancher/k3s/k3s.yaml install test-hivemq-platform /charts/hivemq-platform --wait --timeout 5m0s --set image.repository=docker.io/hivemq --set image.tag=4.36.0 --set image.pullPolicy=Never --set nodes.resources.cpu=512m -f /files/rest-api-values.yaml --namespace helmrestapiit
2025-01-30 18:18:01,598 INFO c.h.h.t.HelmChartContainer - [hivemq-test-hivemq-platform] [hivemq-platform-operator] [2cbe7a93] 18:18:01.595 [-2082509879-pool-1-thread-2] WARN  i.m.p.PrometheusMeterRegistry - The meter (MeterId{name='operator.sdk.events.received', tags=[tag(action=ADDED),tag(event=ResourceEvent),tag(group=hivemq.com),tag(kind=HiveMQPlatform),tag(name=test-hivemq-platform),tag(namespace=helmrestapiit),tag(scope=namespace),tag(version=v1)]}) registration has failed: Prometheus requires that all meters with the same name have the same set of tag keys. There is already an existing meter named 'operator.sdk.events.received' containing tag keys [event, group, kind, name, namespace, scope, version]. The meter you are attempting to register has keys [action, event, group, kind, name, namespace, scope, version]. Note that subsequent logs will be logged at debug level.
2025-01-30 18:18:02,030 INFO c.h.h.t.HelmChartContainer - [hivemq-test-hivemq-platform] [hivemq-platform-operator] [2cbe7a93] 18:18:02.028 [pool-6-thread-3] DEBUG c.h.p.o.dependants.PodInfoConfigMap - [helmrest] Desired PodInfo ConfigMap (1 extensions) (1 enabled)
2025-01-30 18:18:02,030 INFO c.h.h.t.HelmChartContainer - [hivemq-test-hivemq-platform] [hivemq-platform-operator] [2cbe7a93] 18:18:02.028 [pool-6-thread-3] DEBUG c.h.p.o.dependants.PodInfoConfigMap - [helmrest] Desired PodInfo ConfigMap (metrics port: 9399) (metrics path: /)
2025-01-30 18:18:02,031 INFO c.h.h.t.HelmChartContainer - [hivemq-test-hivemq-platform] [hivemq-platform-operator] [2cbe7a93] 18:18:02.028 [pool-6-thread-3] DEBUG c.h.p.o.dependants.PodInfoConfigMap - [helmrest] Desired PodInfo ConfigMap (extension state hash: -1817474005)
2025-01-30 18:18:02,094 INFO c.h.h.t.HelmChartContainer - [hivemq-test-hivemq-platform] [hivemq-platform-operator] [2cbe7a93] 18:18:02.091 [pool-6-thread-3] DEBUG c.h.p.o.dependants.PodInfoConfigMap - [helmrest] Create PodInfo ConfigMap
2025-01-30 18:18:02,131 INFO c.h.h.t.HelmChartContainer - [hivemq-test-hivemq-platform] [hivemq-platform-operator] [2cbe7a93] 18:18:02.128 [pool-6-thread-5] DEBUG c.h.p.o.dependants.PodRoleResource - [helmrest] Create Role: Role(apiVersion=rbac.authorization.k8s.io/v1, kind=Role, metadata=ObjectMeta(annotations={meta.helm.sh/release-name=test-hivemq-platform, meta.helm.sh/release-namespace=helmrestapiit}, creationTimestamp=null, deletionGracePeriodSeconds=null, deletionTimestamp=null, finalizers=[], generateName=null, generation=null, labels={helm.sh/chart=hivemq-platform-0.2.32, app.kubernetes.io/managed-by=Helm, app.kubernetes.io/name=hivemq-platform, hivemq-platform=test-hivemq-platform, app.kubernetes.io/instance=test-hivemq-platform, app.kubernetes.io/version=4.36.0}, managedFields=[], name=hivemq-platform-role-test-hivemq-platform, namespace=helmrestapiit, ownerReferences=[OwnerReference(apiVersion=hivemq.com/v1, blockOwnerDeletion=null, controller=null, kind=HiveMQPlatform, name=test-hivemq-platform, uid=68a026cb-a974-4f2d-b161-ecadfcbdbc58, additionalProperties={})], resourceVersion=null, selfLink=null, uid=null, additionalProperties={}), rules=[PolicyRule(apiGroups=[], nonResourceURLs=[], resourceNames=[], resources=[pods], verbs=[get, patch, update], additionalProperties={})], additionalProperties={})
2025-01-30 18:18:02,299 INFO c.h.h.t.HelmChartContainer - [hivemq-test-hivemq-platform] [hivemq-platform-operator] [2cbe7a93] 18:18:02.297 [pool-6-thread-7] DEBUG c.h.p.o.d.PodServiceAccountResource - [helmrest] Desired PodServiceAccountResource (serviceAccountName: hivemq-platform-pod-test-hivemq-platform)
2025-01-30 18:18:02,328 INFO c.h.h.t.HelmChartContainer - [hivemq-test-hivemq-platform] [hivemq-platform-operator] [2cbe7a93] 18:18:02.325 [pool-6-thread-7] DEBUG c.h.p.o.d.PodServiceAccountResource - [helmrest] Create ServiceAccount 'hivemq-platform-pod-test-hivemq-platform'
2025-01-30 18:18:02,428 INFO c.h.h.t.HelmChartContainer - [hivemq-test-hivemq-platform] [hivemq-platform-operator] [2cbe7a93] 18:18:02.426 [pool-6-thread-10] DEBUG c.h.p.o.d.PodRoleBindingResource - [helmrest] Create RoleBinding: RoleBinding(apiVersion=rbac.authorization.k8s.io/v1, kind=RoleBinding, metadata=ObjectMeta(annotations={meta.helm.sh/release-name=test-hivemq-platform, meta.helm.sh/release-namespace=helmrestapiit}, creationTimestamp=null, deletionGracePeriodSeconds=null, deletionTimestamp=null, finalizers=[], generateName=null, generation=null, labels={helm.sh/chart=hivemq-platform-0.2.32, app.kubernetes.io/managed-by=Helm, app.kubernetes.io/name=hivemq-platform, hivemq-platform=test-hivemq-platform, app.kubernetes.io/instance=test-hivemq-platform, app.kubernetes.io/version=4.36.0}, managedFields=[], name=hivemq-platform-role-binding-test-hivemq-platform, namespace=helmrestapiit, ownerReferences=[OwnerReference(apiVersion=hivemq.com/v1, blockOwnerDeletion=null, controller=null, kind=HiveMQPlatform, name=test-hivemq-platform, uid=68a026cb-a974-4f2d-b161-ecadfcbdbc58, additionalProperties={})], resourceVersion=null, selfLink=null, uid=null, additionalProperties={}), roleRef=RoleRef(apiGroup=rbac.authorization.k8s.io, kind=Role, name=hivemq-platform-role-test-hivemq-platform, additionalProperties={}), subjects=[Subject(apiGroup=null, kind=ServiceAccount, name=hivemq-platform-pod-test-hivemq-platform, namespace=helmrestapiit, additionalProperties={})], additionalProperties={})
2025-01-30 18:18:02,493 INFO c.h.h.t.HelmChartContainer - [hivemq-test-hivemq-platform] [hivemq-platform-operator] [2cbe7a93] 18:18:02.492 [ReconcilerExecutor-hivemq-controller-53] INFO  c.h.p.o.HiveMQPlatformReconciler - [helmrest] Reconciling HiveMQ Platform 'test-hivemq-platform' in namespace 'helmrestapiit'
2025-01-30 18:18:02,493 INFO c.h.h.t.HelmChartContainer - [hivemq-test-hivemq-platform] [hivemq-platform-operator] [2cbe7a93] 18:18:02.492 [ReconcilerExecutor-hivemq-controller-53] DEBUG c.h.p.o.HiveMQPlatformReconciler - [helmrest] Custom Resource Status CREATED - HiveMQ Platform was created (READY)
2025-01-30 18:18:02,493 INFO c.h.h.t.HelmChartContainer - [hivemq-test-hivemq-platform] [hivemq-platform-operator] [2cbe7a93] 18:18:02.492 [ReconcilerExecutor-hivemq-controller-53] DEBUG c.h.p.o.HiveMQPlatformReconciler - [helmrest] Custom Resource Spec (replicas: 1) (extensions: 1)
2025-01-30 18:18:02,496 INFO c.h.h.t.HelmChartContainer - [hivemq-test-hivemq-platform] [hivemq-platform-operator] [2cbe7a93] 18:18:02.495 [ReconcilerExecutor-hivemq-controller-53] INFO  c.h.p.o.h.HiveMQPlatformReconcilerBaseHandler - [helmrest] HiveMQ Platform is starting
2025-01-30 18:18:02,596 INFO c.h.h.t.HelmChartContainer - [hivemq-test-hivemq-platform] [hivemq-platform-operator] [2cbe7a93] 18:18:02.595 [ReconcilerExecutor-hivemq-controller-53] DEBUG c.h.p.operator.event.EventSender - [helmrest] Creating K8s event hivemq-platform-starting: [Start] HiveMQ Platform is starting
2025-01-30 18:18:02,603 INFO c.h.h.t.HelmChartContainer - [EVENT] Normal [Start] HiveMQ Platform is starting [helmrestapiit:test-hivemq-platform]
2025-01-30 18:18:02,628 INFO c.h.h.t.HelmChartContainer - [hivemq-test-hivemq-platform] [hivemq-platform-operator] [2cbe7a93] 18:18:02.628 [ReconcilerExecutor-hivemq-controller-53] INFO  c.h.p.o.h.AbstractHiveMQReconcilerStateHandler - [helmrest] Update HiveMQ Platform Status (CREATED [READY] -> STARTING [READY]): HiveMQ Platform is starting
2025-01-30 18:18:02,704 DEBUG com.hivemq.helmcharts.util.K8sUtil - Comparing actual state 'STARTING' and waiting for 'RUNNING'
2025-01-30 18:18:12,736 INFO c.h.h.t.HelmChartContainer - [hivemq-test-hivemq-platform] [hivemq-platform-operator] [2cbe7a93] 18:18:12.733 [pool-6-thread-12] DEBUG c.h.p.o.d.PlatformServiceResource - [helmrest] Desired Platform services (2 services)
2025-01-30 18:18:12,736 INFO c.h.h.t.HelmChartContainer - [hivemq-test-hivemq-platform] [hivemq-platform-operator] [2cbe7a93] 18:18:12.735 [pool-6-thread-13] DEBUG c.h.p.o.dependants.PodInfoConfigMap - [helmrest] Desired PodInfo ConfigMap (1 extensions) (1 enabled)
2025-01-30 18:18:12,736 INFO c.h.h.t.HelmChartContainer - [hivemq-test-hivemq-platform] [hivemq-platform-operator] [2cbe7a93] 18:18:12.735 [pool-6-thread-13] DEBUG c.h.p.o.dependants.PodInfoConfigMap - [helmrest] Desired PodInfo ConfigMap (metrics port: 9399) (metrics path: /)
2025-01-30 18:18:12,738 INFO c.h.h.t.HelmChartContainer - [hivemq-test-hivemq-platform] [hivemq-platform-operator] [2cbe7a93] 18:18:12.735 [pool-6-thread-13] DEBUG c.h.p.o.dependants.PodInfoConfigMap - [helmrest] Desired PodInfo ConfigMap (extension state hash: -1817474005)
2025-01-30 18:18:12,741 INFO c.h.h.t.HelmChartContainer - [hivemq-test-hivemq-platform] [hivemq-platform-operator] [2cbe7a93] 18:18:12.740 [pool-6-thread-17] DEBUG c.h.p.o.d.PodServiceAccountResource - [helmrest] Desired PodServiceAccountResource (serviceAccountName: hivemq-platform-pod-test-hivemq-platform)
2025-01-30 18:18:12,742 INFO c.h.h.t.HelmChartContainer - [hivemq-test-hivemq-platform] [hivemq-platform-operator] [2cbe7a93] 18:18:12.741 [pool-6-thread-13] DEBUG c.h.p.o.dependants.PodInfoConfigMap - [helmrest] Update PodInfo ConfigMap
2025-01-30 18:18:12,832 INFO c.h.h.t.HelmChartContainer - [K3S] [alloc.go:330] "allocated clusterIPs" service="helmrestapiit/hivemq-test-hivemq-platform-rest-8890" clusterIPs={"IPv4":"10.43.156.250"}
2025-01-30 18:18:12,852 INFO c.h.h.t.HelmChartContainer - [K3S] [alloc.go:330] "allocated clusterIPs" service="helmrestapiit/hivemq-test-hivemq-platform-metrics-9399" clusterIPs={"IPv4":"10.43.239.132"}
2025-01-30 18:18:12,931 INFO c.h.h.t.HelmChartContainer - [hivemq-test-hivemq-platform] [hivemq-platform-operator] [2cbe7a93] 18:18:12.929 [pool-6-thread-20] DEBUG c.h.p.o.d.StatefulSetResource - [helmrest] Desired StatefulSet (1 replicas) for status STARTING (READY)
2025-01-30 18:18:12,942 INFO c.h.h.t.HelmChartContainer - [hivemq-test-hivemq-platform] [hivemq-platform-operator] [2cbe7a93] 18:18:12.941 [pool-6-thread-20] DEBUG c.h.p.o.d.StatefulSetResource - [helmrest] Create StatefulSet
2025-01-30 18:18:13,049 INFO c.h.h.t.HelmChartContainer - [POD] test-hivemq-platform-0 [34a611e5-afea-4016-9682-4adb6a2575ac] in helmrestapiit was ADDED
2025-01-30 18:18:13,050 INFO c.h.h.t.HelmChartContainer - [EVENT] Normal [SuccessfulCreate] create Pod test-hivemq-platform-0 in StatefulSet test-hivemq-platform successful [helmrestapiit:test-hivemq-platform]
2025-01-30 18:18:13,055 INFO c.h.h.t.HelmChartContainer - [EVENT] Normal [Scheduled] Successfully assigned helmrestapiit/test-hivemq-platform-0 to 8e4c0e52442e [helmrestapiit:test-hivemq-platform-0]
2025-01-30 18:18:13,056 INFO c.h.h.t.HelmChartContainer - [POD] test-hivemq-platform-0 [34a611e5-afea-4016-9682-4adb6a2575ac] in helmrestapiit was MODIFIED
2025-01-30 18:18:13,064 INFO c.h.h.t.HelmChartContainer - [POD] test-hivemq-platform-0 [34a611e5-afea-4016-9682-4adb6a2575ac] in helmrestapiit was MODIFIED
2025-01-30 18:18:13,092 INFO c.h.h.t.HelmChartContainer - [hivemq-test-hivemq-platform] [hivemq-platform-operator] [2cbe7a93] 18:18:13.090 [ReconcilerExecutor-hivemq-controller-64] INFO  c.h.p.o.HiveMQPlatformReconciler - [helmrest] Reconciling HiveMQ Platform 'test-hivemq-platform' in namespace 'helmrestapiit'
2025-01-30 18:18:13,092 INFO c.h.h.t.HelmChartContainer - [hivemq-test-hivemq-platform] [hivemq-platform-operator] [2cbe7a93] 18:18:13.091 [ReconcilerExecutor-hivemq-controller-64] DEBUG c.h.p.o.HiveMQPlatformReconciler - [helmrest] Custom Resource Status STARTING - HiveMQ Platform is starting (READY)
2025-01-30 18:18:13,092 INFO c.h.h.t.HelmChartContainer - [hivemq-test-hivemq-platform] [hivemq-platform-operator] [2cbe7a93] 18:18:13.091 [ReconcilerExecutor-hivemq-controller-64] DEBUG c.h.p.o.HiveMQPlatformReconciler - [helmrest] Custom Resource Spec (replicas: 1) (extensions: 1)
2025-01-30 18:18:13,101 INFO c.h.h.t.HelmChartContainer - [K3S] [reconciler_common.go:251] "operationExecutor.VerifyControllerAttachedVolume started for volume \"kube-api-access-m2hg2\" (UniqueName: \"kubernetes.io/projected/34a611e5-afea-4016-9682-4adb6a2575ac-kube-api-access-m2hg2\") pod \"test-hivemq-platform-0\" (UID: \"34a611e5-afea-4016-9682-4adb6a2575ac\") " pod="helmrestapiit/test-hivemq-platform-0"
2025-01-30 18:18:13,101 INFO c.h.h.t.HelmChartContainer - [K3S] [reconciler_common.go:251] "operationExecutor.VerifyControllerAttachedVolume started for volume \"broker-configuration\" (UniqueName: \"kubernetes.io/configmap/34a611e5-afea-4016-9682-4adb6a2575ac-broker-configuration\") pod \"test-hivemq-platform-0\" (UID: \"34a611e5-afea-4016-9682-4adb6a2575ac\") " pod="helmrestapiit/test-hivemq-platform-0"
2025-01-30 18:18:13,101 INFO c.h.h.t.HelmChartContainer - [K3S] [reconciler_common.go:251] "operationExecutor.VerifyControllerAttachedVolume started for volume \"operator-init\" (UniqueName: \"kubernetes.io/empty-dir/34a611e5-afea-4016-9682-4adb6a2575ac-operator-init\") pod \"test-hivemq-platform-0\" (UID: \"34a611e5-afea-4016-9682-4adb6a2575ac\") " pod="helmrestapiit/test-hivemq-platform-0"
2025-01-30 18:18:13,101 INFO c.h.h.t.HelmChartContainer - [K3S] [reconciler_common.go:251] "operationExecutor.VerifyControllerAttachedVolume started for volume \"pod-info\" (UniqueName: \"kubernetes.io/configmap/34a611e5-afea-4016-9682-4adb6a2575ac-pod-info\") pod \"test-hivemq-platform-0\" (UID: \"34a611e5-afea-4016-9682-4adb6a2575ac\") " pod="helmrestapiit/test-hivemq-platform-0"
2025-01-30 18:18:13,131 INFO c.h.h.t.HelmChartContainer - [hivemq-test-hivemq-platform] [hivemq-platform-operator] [2cbe7a93] 18:18:13.129 [ReconcilerExecutor-hivemq-controller-64] DEBUG c.h.p.o.HiveMQPlatformReconciler - [helmrest] StatefulSet Status (revision: null, replicas: 0, available: 0, ready: 0, current: 0, updated: 0)
2025-01-30 18:18:13,131 INFO c.h.h.t.HelmChartContainer - [hivemq-test-hivemq-platform] [hivemq-platform-operator] [2cbe7a93] 18:18:13.129 [ReconcilerExecutor-hivemq-controller-64] DEBUG c.h.p.o.HiveMQPlatformReconciler - [helmrest] StatefulSet Spec (replicas: 1, init containers: 1, containers: 1, volumes: 3)
2025-01-30 18:18:13,232 INFO c.h.h.t.HelmChartContainer - [hivemq-test-hivemq-platform] [hivemq-platform-operator] [2cbe7a93] 18:18:13.229 [ReconcilerExecutor-hivemq-controller-64] DEBUG c.h.p.o.h.HiveMQPlatformReconcilerErrorHandler - [helmrest] Pod 'test-hivemq-platform-0' phase Pending
2025-01-30 18:18:13,232 INFO c.h.h.t.HelmChartContainer - [hivemq-test-hivemq-platform] [hivemq-platform-operator] [2cbe7a93] 18:18:13.230 [ReconcilerExecutor-hivemq-controller-64] DEBUG c.h.p.o.h.HiveMQPlatformReconcilerErrorHandler - [helmrest] Pod 'test-hivemq-platform-0' condition 'PodReadyToStartContainers': False
2025-01-30 18:18:13,232 INFO c.h.h.t.HelmChartContainer - [hivemq-test-hivemq-platform] [hivemq-platform-operator] [2cbe7a93] 18:18:13.230 [ReconcilerExecutor-hivemq-controller-64] DEBUG c.h.p.o.h.HiveMQPlatformReconcilerErrorHandler - [helmrest] Pod 'test-hivemq-platform-0' condition 'Initialized': False
2025-01-30 18:18:13,232 INFO c.h.h.t.HelmChartContainer - [hivemq-test-hivemq-platform] [hivemq-platform-operator] [2cbe7a93] 18:18:13.230 [ReconcilerExecutor-hivemq-controller-64] DEBUG c.h.p.o.h.HiveMQPlatformReconcilerErrorHandler - [helmrest] Pod 'test-hivemq-platform-0' condition 'Ready': False
2025-01-30 18:18:13,232 INFO c.h.h.t.HelmChartContainer - [hivemq-test-hivemq-platform] [hivemq-platform-operator] [2cbe7a93] 18:18:13.230 [ReconcilerExecutor-hivemq-controller-64] DEBUG c.h.p.o.h.HiveMQPlatformReconcilerErrorHandler - [helmrest] Pod 'test-hivemq-platform-0' condition 'ContainersReady': False
2025-01-30 18:18:13,232 INFO c.h.h.t.HelmChartContainer - [hivemq-test-hivemq-platform] [hivemq-platform-operator] [2cbe7a93] 18:18:13.230 [ReconcilerExecutor-hivemq-controller-64] DEBUG c.h.p.o.h.HiveMQPlatformReconcilerErrorHandler - [helmrest] Pod 'test-hivemq-platform-0' condition 'PodScheduled': True
2025-01-30 18:18:13,233 INFO c.h.h.t.HelmChartContainer - [hivemq-test-hivemq-platform] [hivemq-platform-operator] [2cbe7a93] 18:18:13.231 [ReconcilerExecutor-hivemq-controller-64] DEBUG c.h.p.o.h.HiveMQPlatformReconcilerErrorHandler - [helmrest] Pod 'test-hivemq-platform-0' containerStatus 'hivemq' (started: false) (ready: false) (waiting: [PodInitializing] null)
2025-01-30 18:18:13,235 INFO c.h.h.t.HelmChartContainer - [hivemq-test-hivemq-platform] [hivemq-platform-operator] [2cbe7a93] 18:18:13.233 [ReconcilerExecutor-hivemq-controller-64] INFO  c.h.p.o.h.HiveMQPlatformReconcilerBaseHandler - [helmrest] HiveMQ Platform is starting, 0 of 1 replicas are ready
2025-01-30 18:18:13,239 INFO c.h.h.t.HelmChartContainer - [hivemq-test-hivemq-platform] [hivemq-platform-operator] [2cbe7a93] 18:18:13.238 [pool-6-thread-22] DEBUG c.h.p.o.d.PlatformServiceResource - [helmrest] Desired Platform services (2 services)
2025-01-30 18:18:13,241 INFO c.h.h.t.HelmChartContainer - [hivemq-test-hivemq-platform] [hivemq-platform-operator] [2cbe7a93] 18:18:13.239 [pool-6-thread-23] DEBUG c.h.p.o.dependants.PodInfoConfigMap - [helmrest] Desired PodInfo ConfigMap (1 extensions) (1 enabled)
2025-01-30 18:18:13,241 INFO c.h.h.t.HelmChartContainer - [hivemq-test-hivemq-platform] [hivemq-platform-operator] [2cbe7a93] 18:18:13.239 [pool-6-thread-23] DEBUG c.h.p.o.dependants.PodInfoConfigMap - [helmrest] Desired PodInfo ConfigMap (metrics port: 9399) (metrics path: /)
2025-01-30 18:18:13,241 INFO c.h.h.t.HelmChartContainer - [hivemq-test-hivemq-platform] [hivemq-platform-operator] [2cbe7a93] 18:18:13.239 [pool-6-thread-23] DEBUG c.h.p.o.dependants.PodInfoConfigMap - [helmrest] Desired PodInfo ConfigMap (extension state hash: -1817474005)
2025-01-30 18:18:13,328 INFO c.h.h.t.HelmChartContainer - [hivemq-test-hivemq-platform] [hivemq-platform-operator] [2cbe7a93] 18:18:13.326 [pool-6-thread-27] DEBUG c.h.p.o.d.PodServiceAccountResource - [helmrest] Desired PodServiceAccountResource (serviceAccountName: hivemq-platform-pod-test-hivemq-platform)
2025-01-30 18:18:13,332 INFO c.h.h.t.HelmChartContainer - [hivemq-test-hivemq-platform] [hivemq-platform-operator] [2cbe7a93] 18:18:13.331 [pool-6-thread-30] DEBUG c.h.p.o.d.StatefulSetResource - [helmrest] Desired StatefulSet (1 replicas) for status STARTING (READY)
2025-01-30 18:18:13,339 INFO c.h.h.t.HelmChartContainer - [hivemq-test-hivemq-platform] [hivemq-platform-operator] [2cbe7a93] 18:18:13.337 [ReconcilerExecutor-hivemq-controller-75] INFO  c.h.p.o.HiveMQPlatformReconciler - [helmrest] Reconciling HiveMQ Platform 'test-hivemq-platform' in namespace 'helmrestapiit'
2025-01-30 18:18:13,339 INFO c.h.h.t.HelmChartContainer - [hivemq-test-hivemq-platform] [hivemq-platform-operator] [2cbe7a93] 18:18:13.337 [ReconcilerExecutor-hivemq-controller-75] DEBUG c.h.p.o.HiveMQPlatformReconciler - [helmrest] Custom Resource Status STARTING - HiveMQ Platform is starting (READY)
2025-01-30 18:18:13,339 INFO c.h.h.t.HelmChartContainer - [hivemq-test-hivemq-platform] [hivemq-platform-operator] [2cbe7a93] 18:18:13.337 [ReconcilerExecutor-hivemq-controller-75] DEBUG c.h.p.o.HiveMQPlatformReconciler - [helmrest] Custom Resource Spec (replicas: 1) (extensions: 1)
2025-01-30 18:18:13,341 INFO c.h.h.t.HelmChartContainer - [hivemq-test-hivemq-platform] [hivemq-platform-operator] [2cbe7a93] 18:18:13.340 [ReconcilerExecutor-hivemq-controller-75] DEBUG c.h.p.o.HiveMQPlatformReconciler - [helmrest] StatefulSet Status (revision: test-hivemq-platform-54dd684c8, replicas: 1, available: 0, ready: 0, current: 1, updated: 1)
2025-01-30 18:18:13,341 INFO c.h.h.t.HelmChartContainer - [hivemq-test-hivemq-platform] [hivemq-platform-operator] [2cbe7a93] 18:18:13.340 [ReconcilerExecutor-hivemq-controller-75] DEBUG c.h.p.o.HiveMQPlatformReconciler - [helmrest] StatefulSet Spec (replicas: 1, init containers: 1, containers: 1, volumes: 3)
2025-01-30 18:18:13,429 INFO c.h.h.t.HelmChartContainer - [hivemq-test-hivemq-platform] [hivemq-platform-operator] [2cbe7a93] 18:18:13.428 [ReconcilerExecutor-hivemq-controller-75] DEBUG c.h.p.o.h.HiveMQPlatformReconcilerErrorHandler - [helmrest] Pod 'test-hivemq-platform-0' phase Pending
2025-01-30 18:18:13,431 INFO c.h.h.t.HelmChartContainer - [hivemq-test-hivemq-platform] [hivemq-platform-operator] [2cbe7a93] 18:18:13.428 [ReconcilerExecutor-hivemq-controller-75] DEBUG c.h.p.o.h.HiveMQPlatformReconcilerErrorHandler - [helmrest] Pod 'test-hivemq-platform-0' condition 'PodReadyToStartContainers': False
2025-01-30 18:18:13,431 INFO c.h.h.t.HelmChartContainer - [hivemq-test-hivemq-platform] [hivemq-platform-operator] [2cbe7a93] 18:18:13.428 [ReconcilerExecutor-hivemq-controller-75] DEBUG c.h.p.o.h.HiveMQPlatformReconcilerErrorHandler - [helmrest] Pod 'test-hivemq-platform-0' condition 'Initialized': False
2025-01-30 18:18:13,433 INFO c.h.h.t.HelmChartContainer - [hivemq-test-hivemq-platform] [hivemq-platform-operator] [2cbe7a93] 18:18:13.428 [ReconcilerExecutor-hivemq-controller-75] DEBUG c.h.p.o.h.HiveMQPlatformReconcilerErrorHandler - [helmrest] Pod 'test-hivemq-platform-0' condition 'Ready': False
2025-01-30 18:18:13,433 INFO c.h.h.t.HelmChartContainer - [hivemq-test-hivemq-platform] [hivemq-platform-operator] [2cbe7a93] 18:18:13.428 [ReconcilerExecutor-hivemq-controller-75] DEBUG c.h.p.o.h.HiveMQPlatformReconcilerErrorHandler - [helmrest] Pod 'test-hivemq-platform-0' condition 'ContainersReady': False
2025-01-30 18:18:13,433 INFO c.h.h.t.HelmChartContainer - [hivemq-test-hivemq-platform] [hivemq-platform-operator] [2cbe7a93] 18:18:13.428 [ReconcilerExecutor-hivemq-controller-75] DEBUG c.h.p.o.h.HiveMQPlatformReconcilerErrorHandler - [helmrest] Pod 'test-hivemq-platform-0' condition 'PodScheduled': True
2025-01-30 18:18:13,433 INFO c.h.h.t.HelmChartContainer - [hivemq-test-hivemq-platform] [hivemq-platform-operator] [2cbe7a93] 18:18:13.428 [ReconcilerExecutor-hivemq-controller-75] DEBUG c.h.p.o.h.HiveMQPlatformReconcilerErrorHandler - [helmrest] Pod 'test-hivemq-platform-0' containerStatus 'hivemq' (started: false) (ready: false) (waiting: [PodInitializing] null)
2025-01-30 18:18:13,433 INFO c.h.h.t.HelmChartContainer - [hivemq-test-hivemq-platform] [hivemq-platform-operator] [2cbe7a93] 18:18:13.430 [ReconcilerExecutor-hivemq-controller-75] INFO  c.h.p.o.h.HiveMQPlatformReconcilerBaseHandler - [helmrest] HiveMQ Platform is starting, 0 of 1 replicas are ready
2025-01-30 18:18:13,449 INFO c.h.h.t.HelmChartContainer - [EVENT] Normal [Pulled] Container image "docker.io/hivemq/hivemq-platform-operator-init-test:snapshot" already present on machine [helmrestapiit:test-hivemq-platform-0]
2025-01-30 18:18:13,570 INFO c.h.h.t.HelmChartContainer - [EVENT] Normal [Created] Created container: hivemq-platform-operator-init [helmrestapiit:test-hivemq-platform-0]
2025-01-30 18:18:13,609 INFO c.h.h.t.HelmChartContainer - [EVENT] Normal [Started] Started container hivemq-platform-operator-init [helmrestapiit:test-hivemq-platform-0]
2025-01-30 18:18:13,735 INFO c.h.h.t.HelmChartContainer - [POD] test-hivemq-platform-0 [34a611e5-afea-4016-9682-4adb6a2575ac] in helmrestapiit was MODIFIED
2025-01-30 18:18:13,747 INFO c.h.h.t.HelmChartContainer - [hivemq-test-hivemq-platform] [hivemq-platform-operator] [2cbe7a93] 18:18:13.746 [pool-6-thread-32] DEBUG c.h.p.o.d.PlatformServiceResource - [helmrest] Desired Platform services (2 services)
2025-01-30 18:18:13,755 INFO c.h.h.t.HelmChartContainer - [hivemq-test-hivemq-platform] [hivemq-platform-operator] [2cbe7a93] 18:18:13.749 [pool-6-thread-33] DEBUG c.h.p.o.dependants.PodInfoConfigMap - [helmrest] Desired PodInfo ConfigMap (1 extensions) (1 enabled)
2025-01-30 18:18:13,755 INFO c.h.h.t.HelmChartContainer - [hivemq-test-hivemq-platform] [hivemq-platform-operator] [2cbe7a93] 18:18:13.753 [pool-6-thread-37] DEBUG c.h.p.o.d.PodServiceAccountResource - [helmrest] Desired PodServiceAccountResource (serviceAccountName: hivemq-platform-pod-test-hivemq-platform)
2025-01-30 18:18:13,825 INFO c.h.h.t.HelmChartContainer - [hivemq-test-hivemq-platform] [hivemq-platform-operator] [2cbe7a93] 18:18:13.754 [pool-6-thread-33] DEBUG c.h.p.o.dependants.PodInfoConfigMap - [helmrest] Desired PodInfo ConfigMap (metrics port: 9399) (metrics path: /)
2025-01-30 18:18:13,826 INFO c.h.h.t.HelmChartContainer - [hivemq-test-hivemq-platform] [hivemq-platform-operator] [2cbe7a93] 18:18:13.824 [pool-6-thread-33] DEBUG c.h.p.o.dependants.PodInfoConfigMap - [helmrest] Desired PodInfo ConfigMap (extension state hash: -1817474005)
2025-01-30 18:18:13,831 INFO c.h.h.t.HelmChartContainer - [hivemq-test-hivemq-platform] [hivemq-platform-operator] [2cbe7a93] 18:18:13.830 [pool-6-thread-40] DEBUG c.h.p.o.d.StatefulSetResource - [helmrest] Desired StatefulSet (1 replicas) for status STARTING (READY)
2025-01-30 18:18:13,836 INFO c.h.h.t.HelmChartContainer - [hivemq-test-hivemq-platform] [hivemq-platform-operator] [2cbe7a93] 18:18:13.835 [ReconcilerExecutor-hivemq-controller-86] INFO  c.h.p.o.HiveMQPlatformReconciler - [helmrest] Reconciling HiveMQ Platform 'test-hivemq-platform' in namespace 'helmrestapiit'
2025-01-30 18:18:13,837 INFO c.h.h.t.HelmChartContainer - [hivemq-test-hivemq-platform] [hivemq-platform-operator] [2cbe7a93] 18:18:13.836 [ReconcilerExecutor-hivemq-controller-86] DEBUG c.h.p.o.HiveMQPlatformReconciler - [helmrest] Custom Resource Status STARTING - HiveMQ Platform is starting (READY)
2025-01-30 18:18:13,838 INFO c.h.h.t.HelmChartContainer - [hivemq-test-hivemq-platform] [hivemq-platform-operator] [2cbe7a93] 18:18:13.836 [ReconcilerExecutor-hivemq-controller-86] DEBUG c.h.p.o.HiveMQPlatformReconciler - [helmrest] Custom Resource Spec (replicas: 1) (extensions: 1)
2025-01-30 18:18:13,840 INFO c.h.h.t.HelmChartContainer - [hivemq-test-hivemq-platform] [hivemq-platform-operator] [2cbe7a93] 18:18:13.839 [ReconcilerExecutor-hivemq-controller-86] DEBUG c.h.p.o.HiveMQPlatformReconciler - [helmrest] StatefulSet Status (revision: test-hivemq-platform-54dd684c8, replicas: 1, available: 0, ready: 0, current: 1, updated: 1)
2025-01-30 18:18:13,841 INFO c.h.h.t.HelmChartContainer - [hivemq-test-hivemq-platform] [hivemq-platform-operator] [2cbe7a93] 18:18:13.840 [ReconcilerExecutor-hivemq-controller-86] DEBUG c.h.p.o.HiveMQPlatformReconciler - [helmrest] StatefulSet Spec (replicas: 1, init containers: 1, containers: 1, volumes: 3)
2025-01-30 18:18:13,844 INFO c.h.h.t.HelmChartContainer - [hivemq-test-hivemq-platform] [hivemq-platform-operator] [2cbe7a93] 18:18:13.843 [ReconcilerExecutor-hivemq-controller-86] DEBUG c.h.p.o.h.HiveMQPlatformReconcilerErrorHandler - [helmrest] Pod 'test-hivemq-platform-0' phase Pending
2025-01-30 18:18:13,844 INFO c.h.h.t.HelmChartContainer - [hivemq-test-hivemq-platform] [hivemq-platform-operator] [2cbe7a93] 18:18:13.844 [ReconcilerExecutor-hivemq-controller-86] DEBUG c.h.p.o.h.HiveMQPlatformReconcilerErrorHandler - [helmrest] Pod 'test-hivemq-platform-0' condition 'PodReadyToStartContainers': True
2025-01-30 18:18:13,844 INFO c.h.h.t.HelmChartContainer - [hivemq-test-hivemq-platform] [hivemq-platform-operator] [2cbe7a93] 18:18:13.844 [ReconcilerExecutor-hivemq-controller-86] DEBUG c.h.p.o.h.HiveMQPlatformReconcilerErrorHandler - [helmrest] Pod 'test-hivemq-platform-0' condition 'Initialized': False
2025-01-30 18:18:13,847 INFO c.h.h.t.HelmChartContainer - [hivemq-test-hivemq-platform] [hivemq-platform-operator] [2cbe7a93] 18:18:13.844 [ReconcilerExecutor-hivemq-controller-86] DEBUG c.h.p.o.h.HiveMQPlatformReconcilerErrorHandler - [helmrest] Pod 'test-hivemq-platform-0' condition 'Ready': False
2025-01-30 18:18:13,847 INFO c.h.h.t.HelmChartContainer - [hivemq-test-hivemq-platform] [hivemq-platform-operator] [2cbe7a93] 18:18:13.844 [ReconcilerExecutor-hivemq-controller-86] DEBUG c.h.p.o.h.HiveMQPlatformReconcilerErrorHandler - [helmrest] Pod 'test-hivemq-platform-0' condition 'ContainersReady': False
2025-01-30 18:18:13,847 INFO c.h.h.t.HelmChartContainer - [hivemq-test-hivemq-platform] [hivemq-platform-operator] [2cbe7a93] 18:18:13.844 [ReconcilerExecutor-hivemq-controller-86] DEBUG c.h.p.o.h.HiveMQPlatformReconcilerErrorHandler - [helmrest] Pod 'test-hivemq-platform-0' condition 'PodScheduled': True
2025-01-30 18:18:13,847 INFO c.h.h.t.HelmChartContainer - [hivemq-test-hivemq-platform] [hivemq-platform-operator] [2cbe7a93] 18:18:13.844 [ReconcilerExecutor-hivemq-controller-86] DEBUG c.h.p.o.h.HiveMQPlatformReconcilerErrorHandler - [helmrest] Pod 'test-hivemq-platform-0' containerStatus 'hivemq' (started: false) (ready: false) (waiting: [PodInitializing] null)
2025-01-30 18:18:13,847 INFO c.h.h.t.HelmChartContainer - [hivemq-test-hivemq-platform] [hivemq-platform-operator] [2cbe7a93] 18:18:13.845 [ReconcilerExecutor-hivemq-controller-86] INFO  c.h.p.o.h.HiveMQPlatformReconcilerBaseHandler - [helmrest] HiveMQ Platform is starting, 0 of 1 replicas are ready
2025-01-30 18:18:14,727 INFO c.h.h.t.HelmChartContainer - [EVENT] Normal [Pulled] Container image "docker.io/hivemq/hivemq4:4.36.0" already present on machine [helmrestapiit:test-hivemq-platform-0]
2025-01-30 18:18:14,727 INFO c.h.h.t.HelmChartContainer - Received Pulled event for container hivemq in pod test-hivemq-platform-0 [34a611e5-afea-4016-9682-4adb6a2575ac]
2025-01-30 18:18:14,734 INFO c.h.h.t.HelmChartContainer - [POD] test-hivemq-platform-0 [34a611e5-afea-4016-9682-4adb6a2575ac] in helmrestapiit was MODIFIED
2025-01-30 18:18:14,743 INFO c.h.h.t.HelmChartContainer - [hivemq-test-hivemq-platform] [hivemq-platform-operator] [2cbe7a93] 18:18:14.742 [pool-6-thread-42] DEBUG c.h.p.o.d.PlatformServiceResource - [helmrest] Desired Platform services (2 services)
2025-01-30 18:18:14,746 INFO c.h.h.t.HelmChartContainer - [hivemq-test-hivemq-platform] [hivemq-platform-operator] [2cbe7a93] 18:18:14.743 [pool-6-thread-43] DEBUG c.h.p.o.dependants.PodInfoConfigMap - [helmrest] Desired PodInfo ConfigMap (1 extensions) (1 enabled)
2025-01-30 18:18:14,746 INFO c.h.h.t.HelmChartContainer - [hivemq-test-hivemq-platform] [hivemq-platform-operator] [2cbe7a93] 18:18:14.744 [pool-6-thread-43] DEBUG c.h.p.o.dependants.PodInfoConfigMap - [helmrest] Desired PodInfo ConfigMap (metrics port: 9399) (metrics path: /)
2025-01-30 18:18:14,746 INFO c.h.h.t.HelmChartContainer - [hivemq-test-hivemq-platform] [hivemq-platform-operator] [2cbe7a93] 18:18:14.744 [pool-6-thread-43] DEBUG c.h.p.o.dependants.PodInfoConfigMap - [helmrest] Desired PodInfo ConfigMap (extension state hash: -1817474005)
2025-01-30 18:18:14,752 INFO c.h.h.t.HelmChartContainer - [hivemq-test-hivemq-platform] [hivemq-platform-operator] [2cbe7a93] 18:18:14.750 [pool-6-thread-47] DEBUG c.h.p.o.d.PodServiceAccountResource - [helmrest] Desired PodServiceAccountResource (serviceAccountName: hivemq-platform-pod-test-hivemq-platform)
2025-01-30 18:18:14,757 INFO c.h.h.t.HelmChartContainer - [hivemq-test-hivemq-platform] [hivemq-platform-operator] [2cbe7a93] 18:18:14.756 [pool-6-thread-50] DEBUG c.h.p.o.d.StatefulSetResource - [helmrest] Desired StatefulSet (1 replicas) for status STARTING (READY)
2025-01-30 18:18:14,827 INFO c.h.h.t.HelmChartContainer - [hivemq-test-hivemq-platform] [hivemq-platform-operator] [2cbe7a93] 18:18:14.824 [ReconcilerExecutor-hivemq-controller-97] INFO  c.h.p.o.HiveMQPlatformReconciler - [helmrest] Reconciling HiveMQ Platform 'test-hivemq-platform' in namespace 'helmrestapiit'
2025-01-30 18:18:14,827 INFO c.h.h.t.HelmChartContainer - [hivemq-test-hivemq-platform] [hivemq-platform-operator] [2cbe7a93] 18:18:14.824 [ReconcilerExecutor-hivemq-controller-97] DEBUG c.h.p.o.HiveMQPlatformReconciler - [helmrest] Custom Resource Status STARTING - HiveMQ Platform is starting (READY)
2025-01-30 18:18:14,827 INFO c.h.h.t.HelmChartContainer - [hivemq-test-hivemq-platform] [hivemq-platform-operator] [2cbe7a93] 18:18:14.825 [ReconcilerExecutor-hivemq-controller-97] DEBUG c.h.p.o.HiveMQPlatformReconciler - [helmrest] Custom Resource Spec (replicas: 1) (extensions: 1)
2025-01-30 18:18:14,829 INFO c.h.h.t.HelmChartContainer - [hivemq-test-hivemq-platform] [hivemq-platform-operator] [2cbe7a93] 18:18:14.828 [ReconcilerExecutor-hivemq-controller-97] DEBUG c.h.p.o.HiveMQPlatformReconciler - [helmrest] StatefulSet Status (revision: test-hivemq-platform-54dd684c8, replicas: 1, available: 0, ready: 0, current: 1, updated: 1)
2025-01-30 18:18:14,829 INFO c.h.h.t.HelmChartContainer - [hivemq-test-hivemq-platform] [hivemq-platform-operator] [2cbe7a93] 18:18:14.828 [ReconcilerExecutor-hivemq-controller-97] DEBUG c.h.p.o.HiveMQPlatformReconciler - [helmrest] StatefulSet Spec (replicas: 1, init containers: 1, containers: 1, volumes: 3)
2025-01-30 18:18:14,832 INFO c.h.h.t.HelmChartContainer - [hivemq-test-hivemq-platform] [hivemq-platform-operator] [2cbe7a93] 18:18:14.831 [ReconcilerExecutor-hivemq-controller-97] DEBUG c.h.p.o.h.HiveMQPlatformReconcilerErrorHandler - [helmrest] Pod 'test-hivemq-platform-0' phase Pending
2025-01-30 18:18:14,832 INFO c.h.h.t.HelmChartContainer - [hivemq-test-hivemq-platform] [hivemq-platform-operator] [2cbe7a93] 18:18:14.832 [ReconcilerExecutor-hivemq-controller-97] DEBUG c.h.p.o.h.HiveMQPlatformReconcilerErrorHandler - [helmrest] Pod 'test-hivemq-platform-0' condition 'PodReadyToStartContainers': True
2025-01-30 18:18:14,835 INFO c.h.h.t.HelmChartContainer - [hivemq-test-hivemq-platform] [hivemq-platform-operator] [2cbe7a93] 18:18:14.832 [ReconcilerExecutor-hivemq-controller-97] DEBUG c.h.p.o.h.HiveMQPlatformReconcilerErrorHandler - [helmrest] Pod 'test-hivemq-platform-0' condition 'Initialized': True
2025-01-30 18:18:14,835 INFO c.h.h.t.HelmChartContainer - [hivemq-test-hivemq-platform] [hivemq-platform-operator] [2cbe7a93] 18:18:14.832 [ReconcilerExecutor-hivemq-controller-97] DEBUG c.h.p.o.h.HiveMQPlatformReconcilerErrorHandler - [helmrest] Pod 'test-hivemq-platform-0' condition 'Ready': False
2025-01-30 18:18:14,835 INFO c.h.h.t.HelmChartContainer - [hivemq-test-hivemq-platform] [hivemq-platform-operator] [2cbe7a93] 18:18:14.832 [ReconcilerExecutor-hivemq-controller-97] DEBUG c.h.p.o.h.HiveMQPlatformReconcilerErrorHandler - [helmrest] Pod 'test-hivemq-platform-0' condition 'ContainersReady': False
2025-01-30 18:18:14,835 INFO c.h.h.t.HelmChartContainer - [hivemq-test-hivemq-platform] [hivemq-platform-operator] [2cbe7a93] 18:18:14.832 [ReconcilerExecutor-hivemq-controller-97] DEBUG c.h.p.o.h.HiveMQPlatformReconcilerErrorHandler - [helmrest] Pod 'test-hivemq-platform-0' condition 'PodScheduled': True
2025-01-30 18:18:14,835 INFO c.h.h.t.HelmChartContainer - [hivemq-test-hivemq-platform] [hivemq-platform-operator] [2cbe7a93] 18:18:14.832 [ReconcilerExecutor-hivemq-controller-97] DEBUG c.h.p.o.h.HiveMQPlatformReconcilerErrorHandler - [helmrest] Pod 'test-hivemq-platform-0' containerStatus 'hivemq' (started: false) (ready: false) (waiting: [PodInitializing] null)
2025-01-30 18:18:14,835 INFO c.h.h.t.HelmChartContainer - [hivemq-test-hivemq-platform] [hivemq-platform-operator] [2cbe7a93] 18:18:14.833 [ReconcilerExecutor-hivemq-controller-97] INFO  c.h.p.o.h.HiveMQPlatformReconcilerBaseHandler - [helmrest] HiveMQ Platform is starting, 0 of 1 replicas are ready
2025-01-30 18:18:15,780 INFO c.h.h.t.HelmChartContainer - [EVENT] Normal [Created] Created container: hivemq [helmrestapiit:test-hivemq-platform-0]
2025-01-30 18:18:15,780 INFO c.h.h.t.HelmChartContainer - Received Created event for container hivemq in pod test-hivemq-platform-0 [34a611e5-afea-4016-9682-4adb6a2575ac]
2025-01-30 18:18:16,743 INFO c.h.h.t.HelmChartContainer - [POD] test-hivemq-platform-0 [34a611e5-afea-4016-9682-4adb6a2575ac] in helmrestapiit was MODIFIED
2025-01-30 18:18:16,756 INFO c.h.h.t.HelmChartContainer - [hivemq-test-hivemq-platform] [hivemq-platform-operator] [2cbe7a93] 18:18:16.754 [pool-6-thread-9] DEBUG c.h.p.o.d.PlatformServiceResource - [helmrest] Desired Platform services (2 services)
2025-01-30 18:18:16,759 INFO c.h.h.t.HelmChartContainer - [EVENT] Normal [Started] Started container hivemq [helmrestapiit:test-hivemq-platform-0]
2025-01-30 18:18:16,759 INFO c.h.h.t.HelmChartContainer - Received Started event for container hivemq in pod test-hivemq-platform-0 [34a611e5-afea-4016-9682-4adb6a2575ac]
2025-01-30 18:18:16,759 INFO c.h.h.t.HelmChartContainer - [hivemq-test-hivemq-platform] [hivemq-platform-operator] [2cbe7a93] 18:18:16.755 [pool-6-thread-5] DEBUG c.h.p.o.dependants.PodInfoConfigMap - [helmrest] Desired PodInfo ConfigMap (1 extensions) (1 enabled)
2025-01-30 18:18:16,759 INFO c.h.h.t.HelmChartContainer - [hivemq-test-hivemq-platform] [hivemq-platform-operator] [2cbe7a93] 18:18:16.755 [pool-6-thread-5] DEBUG c.h.p.o.dependants.PodInfoConfigMap - [helmrest] Desired PodInfo ConfigMap (metrics port: 9399) (metrics path: /)
2025-01-30 18:18:16,759 INFO c.h.h.t.HelmChartContainer - [hivemq-test-hivemq-platform] [hivemq-platform-operator] [2cbe7a93] 18:18:16.755 [pool-6-thread-5] DEBUG c.h.p.o.dependants.PodInfoConfigMap - [helmrest] Desired PodInfo ConfigMap (extension state hash: -1817474005)
2025-01-30 18:18:16,759 INFO c.h.h.t.HelmChartContainer - [hivemq-test-hivemq-platform] [hivemq-platform-operator] [2cbe7a93] 18:18:16.756 [pool-6-thread-3] DEBUG c.h.p.o.d.PodServiceAccountResource - [helmrest] Desired PodServiceAccountResource (serviceAccountName: hivemq-platform-pod-test-hivemq-platform)
2025-01-30 18:18:16,760 INFO c.h.h.t.HelmChartContainer - Started log watcher for hivemq in pod test-hivemq-platform-0 [34a611e5-afea-4016-9682-4adb6a2575ac]
2025-01-30 18:18:16,760 INFO c.h.h.t.HelmChartContainer - [test-hivemq-platform] [hivemq] [34a611e5] Adding pre-installed HiveMQ Platform Operator extensions
2025-01-30 18:18:16,760 INFO c.h.h.t.HelmChartContainer - [test-hivemq-platform] [hivemq] [34a611e5] Running as user 10000
2025-01-30 18:18:16,760 INFO c.h.h.t.HelmChartContainer - [test-hivemq-platform] [hivemq] [34a611e5] Starting HiveMQ Platform Operator Init
2025-01-30 18:18:16,770 INFO c.h.h.t.HelmChartContainer - [hivemq-test-hivemq-platform] [hivemq-platform-operator] [2cbe7a93] 18:18:16.767 [pool-6-thread-9] DEBUG c.h.p.o.d.StatefulSetResource - [helmrest] Desired StatefulSet (1 replicas) for status STARTING (READY)
2025-01-30 18:18:16,828 INFO c.h.h.t.HelmChartContainer - [hivemq-test-hivemq-platform] [hivemq-platform-operator] [2cbe7a93] 18:18:16.826 [ReconcilerExecutor-hivemq-controller-108] INFO  c.h.p.o.HiveMQPlatformReconciler - [helmrest] Reconciling HiveMQ Platform 'test-hivemq-platform' in namespace 'helmrestapiit'
2025-01-30 18:18:16,829 INFO c.h.h.t.HelmChartContainer - [hivemq-test-hivemq-platform] [hivemq-platform-operator] [2cbe7a93] 18:18:16.826 [ReconcilerExecutor-hivemq-controller-108] DEBUG c.h.p.o.HiveMQPlatformReconciler - [helmrest] Custom Resource Status STARTING - HiveMQ Platform is starting (READY)
2025-01-30 18:18:16,829 INFO c.h.h.t.HelmChartContainer - [hivemq-test-hivemq-platform] [hivemq-platform-operator] [2cbe7a93] 18:18:16.826 [ReconcilerExecutor-hivemq-controller-108] DEBUG c.h.p.o.HiveMQPlatformReconciler - [helmrest] Custom Resource Spec (replicas: 1) (extensions: 1)
2025-01-30 18:18:16,829 INFO c.h.h.t.HelmChartContainer - [hivemq-test-hivemq-platform] [hivemq-platform-operator] [2cbe7a93] 18:18:16.828 [ReconcilerExecutor-hivemq-controller-108] DEBUG c.h.p.o.HiveMQPlatformReconciler - [helmrest] StatefulSet Status (revision: test-hivemq-platform-54dd684c8, replicas: 1, available: 0, ready: 0, current: 1, updated: 1)
2025-01-30 18:18:16,830 INFO c.h.h.t.HelmChartContainer - [hivemq-test-hivemq-platform] [hivemq-platform-operator] [2cbe7a93] 18:18:16.828 [ReconcilerExecutor-hivemq-controller-108] DEBUG c.h.p.o.HiveMQPlatformReconciler - [helmrest] StatefulSet Spec (replicas: 1, init containers: 1, containers: 1, volumes: 3)
2025-01-30 18:18:16,832 INFO c.h.h.t.HelmChartContainer - [hivemq-test-hivemq-platform] [hivemq-platform-operator] [2cbe7a93] 18:18:16.830 [ReconcilerExecutor-hivemq-controller-108] DEBUG c.h.p.o.h.HiveMQPlatformReconcilerErrorHandler - [helmrest] Pod 'test-hivemq-platform-0' phase Running
2025-01-30 18:18:16,832 INFO c.h.h.t.HelmChartContainer - [hivemq-test-hivemq-platform] [hivemq-platform-operator] [2cbe7a93] 18:18:16.831 [ReconcilerExecutor-hivemq-controller-108] INFO  c.h.p.o.h.HiveMQPlatformReconcilerBaseHandler - [helmrest] HiveMQ Platform is starting, 0 of 1 replicas are ready
2025-01-30 18:18:17,044 INFO c.h.h.t.HelmChartContainer - [test-hivemq-platform] [hivemq] [34a611e5] INFO  - [HiveMQ Platform Operator Init 1.7.0-SNAPSHOT] HiveMQ Platform Operator Init 1.7.0-SNAPSHOT (commit: 47e3375 on branch: HEAD) built on Thu Jan 30 03:55:50 UTC 2025
2025-01-30 18:18:18,250 INFO c.h.h.t.HelmChartContainer - [test-hivemq-platform] [hivemq] [34a611e5] INFO  - [HiveMQ Platform Operator Init App 1.7.0-SNAPSHOT] Using bind address 10.42.0.12 from environment variable
2025-01-30 18:18:19,194 INFO c.h.h.t.HelmChartContainer - [test-hivemq-platform] [hivemq] [34a611e5] INFO  - [HiveMQ Platform Operator Init App 1.7.0-SNAPSHOT] HiveMQ Platform Operator Init App 1.7.0-SNAPSHOT (commit: 47e3375 on branch: HEAD) built on Thu Jan 30 03:55:50 UTC 2025
2025-01-30 18:18:19,194 INFO c.h.h.t.HelmChartContainer - [test-hivemq-platform] [hivemq] [34a611e5] INFO  - [HiveMQ Platform Operator Init App 1.7.0-SNAPSHOT] PodInfo ConfigMap directory: /etc/podinfo
2025-01-30 18:18:19,194 INFO c.h.h.t.HelmChartContainer - [test-hivemq-platform] [hivemq] [34a611e5] INFO  - [HiveMQ Platform Operator Init App 1.7.0-SNAPSHOT] HiveMQ home directory: /opt/hivemq
2025-01-30 18:18:19,194 INFO c.h.h.t.HelmChartContainer - [test-hivemq-platform] [hivemq] [34a611e5] INFO  - [HiveMQ Platform Operator Init App 1.7.0-SNAPSHOT] HiveMQ Logback folder: /opt/hivemq/conf
2025-01-30 18:18:19,195 INFO c.h.h.t.HelmChartContainer - [test-hivemq-platform] [hivemq] [34a611e5] INFO  - [HiveMQ Platform Operator Init App 1.7.0-SNAPSHOT] HiveMQ Config folder: /opt/hivemq/conf-k8s
2025-01-30 18:18:19,232 INFO c.h.h.t.HelmChartContainer - [test-hivemq-platform] [hivemq] [34a611e5] INFO  - [HiveMQ Platform Operator Init App 1.7.0-SNAPSHOT] Starting HiveMQ Platform Operator Init App
2025-01-30 18:18:19,232 INFO c.h.h.t.HelmChartContainer - [test-hivemq-platform] [hivemq] [34a611e5] INFO  - [HiveMQ Platform Operator Init App 1.7.0-SNAPSHOT] Starting Pod reconciler
2025-01-30 18:18:20,339 INFO c.h.h.t.HelmChartContainer - [test-hivemq-platform] [hivemq] [34a611e5] INFO  - [HiveMQ Platform Operator Init App 1.7.0-SNAPSHOT] Pod reconciler is scheduled (interval: 5000 ms)
2025-01-30 18:18:20,340 INFO c.h.h.t.HelmChartContainer - [test-hivemq-platform] [hivemq] [34a611e5] INFO  - [HiveMQ Platform Operator Init App 1.7.0-SNAPSHOT] Starting the REST API on 10.42.0.12:7979
2025-01-30 18:18:20,342 INFO c.h.h.t.HelmChartContainer - [test-hivemq-platform] [hivemq] [34a611e5] INFO  - [HiveMQ Platform Operator Init App 1.7.0-SNAPSHOT] Waiting up to 600s for at most 1 HiveMQ nodes in cluster service hivemq-test-hivemq-platform-cluster.helmrestapiit.svc
2025-01-30 18:18:20,644 INFO c.h.h.t.HelmChartContainer - [test-hivemq-platform] [hivemq] [34a611e5] INFO  - [HiveMQ Platform Operator Init App 1.7.0-SNAPSHOT] Resolved 1 IP addresses: [10.42.0.12]
2025-01-30 18:18:20,644 INFO c.h.h.t.HelmChartContainer - [test-hivemq-platform] [hivemq] [34a611e5] INFO  - [HiveMQ Platform Operator Init App 1.7.0-SNAPSHOT] HiveMQ node count of 1 is within threshold of 1
2025-01-30 18:18:20,645 INFO c.h.h.t.HelmChartContainer - [test-hivemq-platform] [hivemq] [34a611e5] INFO  - [HiveMQ Platform Operator Init App 1.7.0-SNAPSHOT] Proceeding with container start
2025-01-30 18:18:20,737 INFO c.h.h.t.HelmChartContainer - [test-hivemq-platform] [hivemq] [34a611e5] INFO  - [HiveMQ Platform Operator Init App 1.7.0-SNAPSHOT] Initializing HiveMQ Platform extensions with initial configuration: {hivemq-allow-all-extension={start-priority=-1, skip-https-hostname-verification=false, restart=true, config-version=0, header-version=0, c-uri=, priority=-1, uri=preinstalled, skip-https-certificate-validation=false, enabled=true}, hivemq-prometheus-extension={priority=-1, start-priority=-1, c-uri=, skip-https-hostname-verification=false, skip-https-certificate-validation=false, uri=preinstalled, request-header-path=no-request-headers, enabled=true, restart=true}}
2025-01-30 18:18:21,141 INFO c.h.h.t.HelmChartContainer - [test-hivemq-platform] [hivemq] [34a611e5] INFO  - [HiveMQ Platform Operator Init App 1.7.0-SNAPSHOT] Extension hivemq-allow-all-extension was already enabled
2025-01-30 18:18:21,185 INFO c.h.h.t.HelmChartContainer - [test-hivemq-platform] [hivemq] [34a611e5] INFO  - [HiveMQ Platform Operator Init App 1.7.0-SNAPSHOT] Successfully enabled extension hivemq-prometheus-extension
2025-01-30 18:18:21,186 INFO c.h.h.t.HelmChartContainer - [test-hivemq-platform] [hivemq] [34a611e5] INFO  - [HiveMQ Platform Operator Init App 1.7.0-SNAPSHOT] Starting HiveMQ Platform version 4.36.0 (4.36.0)
2025-01-30 18:18:21,187 INFO c.h.h.t.HelmChartContainer - [test-hivemq-platform] [hivemq] [34a611e5] INFO  - [HiveMQ Platform Operator Init App 1.7.0-SNAPSHOT] Configuring the HiveMQ Platform
2025-01-30 18:18:21,236 INFO c.h.h.t.HelmChartContainer - [test-hivemq-platform] [hivemq] [34a611e5] INFO  - [HiveMQ Platform Operator Init App 1.7.0-SNAPSHOT] Changed logback.xml file scan period to 20 seconds
2025-01-30 18:18:21,288 INFO c.h.h.t.HelmChartContainer - [test-hivemq-platform] [hivemq] [34a611e5] INFO  - [HiveMQ Platform Operator Init App 1.7.0-SNAPSHOT] Starting the HiveMQ Platform
2025-01-30 18:18:21,334 INFO c.h.h.t.HelmChartContainer - [test-hivemq-platform] [hivemq] [34a611e5] -------------------------------------------------------------------------
2025-01-30 18:18:21,334 INFO c.h.h.t.HelmChartContainer - [test-hivemq-platform] [hivemq] [34a611e5] 
2025-01-30 18:18:21,334 INFO c.h.h.t.HelmChartContainer - [test-hivemq-platform] [hivemq] [34a611e5]                   _    _  _              __  __   ____
2025-01-30 18:18:21,334 INFO c.h.h.t.HelmChartContainer - [test-hivemq-platform] [hivemq] [34a611e5]                  | |  | |(_)            |  \/  | / __ \
2025-01-30 18:18:21,334 INFO c.h.h.t.HelmChartContainer - [test-hivemq-platform] [hivemq] [34a611e5]                  | |__| | _ __   __ ___ | \  / || |  | |
2025-01-30 18:18:21,334 INFO c.h.h.t.HelmChartContainer - [test-hivemq-platform] [hivemq] [34a611e5]                  |  __  || |\ \ / // _ \| |\/| || |  | |
2025-01-30 18:18:21,334 INFO c.h.h.t.HelmChartContainer - [test-hivemq-platform] [hivemq] [34a611e5]                  | |  | || | \ V /|  __/| |  | || |__| |
2025-01-30 18:18:21,334 INFO c.h.h.t.HelmChartContainer - [test-hivemq-platform] [hivemq] [34a611e5]                  |_|  |_||_|  \_/  \___||_|  |_| \___\_\
2025-01-30 18:18:21,334 INFO c.h.h.t.HelmChartContainer - [test-hivemq-platform] [hivemq] [34a611e5] 
2025-01-30 18:18:21,334 INFO c.h.h.t.HelmChartContainer - [test-hivemq-platform] [hivemq] [34a611e5] -------------------------------------------------------------------------
2025-01-30 18:18:21,334 INFO c.h.h.t.HelmChartContainer - [test-hivemq-platform] [hivemq] [34a611e5] 
2025-01-30 18:18:21,334 INFO c.h.h.t.HelmChartContainer - [test-hivemq-platform] [hivemq] [34a611e5]   HiveMQ Start Script for Linux/Unix v1.14
2025-01-30 18:18:21,334 INFO c.h.h.t.HelmChartContainer - [test-hivemq-platform] [hivemq] [34a611e5] 
2025-01-30 18:18:21,389 INFO c.h.h.t.HelmChartContainer - [test-hivemq-platform] [hivemq] [34a611e5] -------------------------------------------------------------------------
2025-01-30 18:18:21,389 INFO c.h.h.t.HelmChartContainer - [test-hivemq-platform] [hivemq] [34a611e5] 
2025-01-30 18:18:21,389 INFO c.h.h.t.HelmChartContainer - [test-hivemq-platform] [hivemq] [34a611e5]   HIVEMQ_HOME: /opt/hivemq
2025-01-30 18:18:21,389 INFO c.h.h.t.HelmChartContainer - [test-hivemq-platform] [hivemq] [34a611e5] 
2025-01-30 18:18:21,389 INFO c.h.h.t.HelmChartContainer - [test-hivemq-platform] [hivemq] [34a611e5]   JAVA_OPTS: -XX:+UnlockExperimentalVMOptions -XX:InitialRAMPercentage=50 -XX:MaxRAMPercentage=50 -Djava.net.preferIPv4Stack=true --add-opens java.base/java.lang=ALL-UNNAMED --add-opens java.base/java.nio=ALL-UNNAMED --add-opens java.base/sun.nio.ch=ALL-UNNAMED --add-opens jdk.management/com.sun.management.internal=ALL-UNNAMED --add-exports java.base/jdk.internal.misc=ALL-UNNAMED -Djava.security.egd=file:/dev/./urandom -Dcom.sun.management.jmxremote -Dcom.sun.management.jmxremote.port=9010 -Dcom.sun.management.jmxremote.local.only=false -Dcom.sun.management.jmxremote.authenticate=false -Dcom.sun.management.jmxremote.ssl=false -Duser.language=en -Duser.region=US -XX:+CrashOnOutOfMemoryError -XX:+HeapDumpOnOutOfMemoryError
2025-01-30 18:18:21,389 INFO c.h.h.t.HelmChartContainer - [test-hivemq-platform] [hivemq] [34a611e5] 
2025-01-30 18:18:21,389 INFO c.h.h.t.HelmChartContainer - [test-hivemq-platform] [hivemq] [34a611e5]   JAVA_VERSION: 21
2025-01-30 18:18:21,389 INFO c.h.h.t.HelmChartContainer - [test-hivemq-platform] [hivemq] [34a611e5] 
2025-01-30 18:18:21,389 INFO c.h.h.t.HelmChartContainer - [test-hivemq-platform] [hivemq] [34a611e5] -------------------------------------------------------------------------
2025-01-30 18:18:21,389 INFO c.h.h.t.HelmChartContainer - [test-hivemq-platform] [hivemq] [34a611e5] 
2025-01-30 18:18:22,739 INFO c.h.h.t.HelmChartContainer - [test-hivemq-platform] [hivemq] [34a611e5] INFO  - [HiveMQ Platform Operator Init App 1.7.0-SNAPSHOT] Returning default Health API response 503 for readiness
2025-01-30 18:18:23,097 INFO c.h.h.t.HelmChartContainer - [EVENT] Warning [Unhealthy] Readiness probe failed: HTTP probe failed with statuscode: 503 [helmrestapiit:test-hivemq-platform-0]
2025-01-30 18:18:23,097 INFO c.h.h.t.HelmChartContainer - Received Unhealthy event for container hivemq in pod test-hivemq-platform-0 [34a611e5-afea-4016-9682-4adb6a2575ac]
2025-01-30 18:18:24,043 INFO c.h.h.t.HelmChartContainer - [test-hivemq-platform] [hivemq] [34a611e5] INFO  - Starting HiveMQ Enterprise Server
2025-01-30 18:18:24,087 INFO c.h.h.t.HelmChartContainer - [test-hivemq-platform] [hivemq] [34a611e5] INFO  - HiveMQ version: 4.36.0
2025-01-30 18:18:24,087 INFO c.h.h.t.HelmChartContainer - [test-hivemq-platform] [hivemq] [34a611e5] INFO  - HiveMQ home directory: /opt/hivemq
2025-01-30 18:18:24,087 INFO c.h.h.t.HelmChartContainer - [test-hivemq-platform] [hivemq] [34a611e5] INFO  - Log Configuration was overridden by /opt/hivemq/conf/logback.xml
2025-01-30 18:18:25,133 INFO c.h.h.t.HelmChartContainer - [test-hivemq-platform] [hivemq] [34a611e5] INFO  - Successfully loaded configuration from '/opt/hivemq/conf-k8s/config.xml'.
2025-01-30 18:18:25,538 INFO c.h.h.t.HelmChartContainer - [test-hivemq-platform] [hivemq] [34a611e5] INFO  - This node's ID is 8UvQS
2025-01-30 18:18:25,583 INFO c.h.h.t.HelmChartContainer - [test-hivemq-platform] [hivemq] [34a611e5] INFO  - Clustering is enabled
2025-01-30 18:18:26,843 INFO c.h.h.t.HelmChartContainer - [hivemq-test-hivemq-platform] [hivemq-platform-operator] [2cbe7a93] 18:18:26.840 [pool-6-thread-14] DEBUG c.h.p.o.d.PlatformServiceResource - [helmrest] Desired Platform services (2 services)
2025-01-30 18:18:26,844 INFO c.h.h.t.HelmChartContainer - [hivemq-test-hivemq-platform] [hivemq-platform-operator] [2cbe7a93] 18:18:26.842 [pool-6-thread-11] DEBUG c.h.p.o.dependants.PodInfoConfigMap - [helmrest] Desired PodInfo ConfigMap (1 extensions) (1 enabled)
2025-01-30 18:18:26,844 INFO c.h.h.t.HelmChartContainer - [hivemq-test-hivemq-platform] [hivemq-platform-operator] [2cbe7a93] 18:18:26.844 [pool-6-thread-11] DEBUG c.h.p.o.dependants.PodInfoConfigMap - [helmrest] Desired PodInfo ConfigMap (metrics port: 9399) (metrics path: /)
2025-01-30 18:18:26,846 INFO c.h.h.t.HelmChartContainer - [hivemq-test-hivemq-platform] [hivemq-platform-operator] [2cbe7a93] 18:18:26.844 [pool-6-thread-11] DEBUG c.h.p.o.dependants.PodInfoConfigMap - [helmrest] Desired PodInfo ConfigMap (extension state hash: -1817474005)
2025-01-30 18:18:26,846 INFO c.h.h.t.HelmChartContainer - [hivemq-test-hivemq-platform] [hivemq-platform-operator] [2cbe7a93] 18:18:26.845 [pool-6-thread-16] DEBUG c.h.p.o.d.PodServiceAccountResource - [helmrest] Desired PodServiceAccountResource (serviceAccountName: hivemq-platform-pod-test-hivemq-platform)
2025-01-30 18:18:26,848 INFO c.h.h.t.HelmChartContainer - [hivemq-test-hivemq-platform] [hivemq-platform-operator] [2cbe7a93] 18:18:26.847 [pool-6-thread-14] DEBUG c.h.p.o.d.StatefulSetResource - [helmrest] Desired StatefulSet (1 replicas) for status STARTING (READY)
2025-01-30 18:18:26,856 INFO c.h.h.t.HelmChartContainer - [hivemq-test-hivemq-platform] [hivemq-platform-operator] [2cbe7a93] 18:18:26.852 [ReconcilerExecutor-hivemq-controller-109] INFO  c.h.p.o.HiveMQPlatformReconciler - [helmrest] Reconciling HiveMQ Platform 'test-hivemq-platform' in namespace 'helmrestapiit'
2025-01-30 18:18:26,856 INFO c.h.h.t.HelmChartContainer - [hivemq-test-hivemq-platform] [hivemq-platform-operator] [2cbe7a93] 18:18:26.852 [ReconcilerExecutor-hivemq-controller-109] DEBUG c.h.p.o.HiveMQPlatformReconciler - [helmrest] Custom Resource Status STARTING - HiveMQ Platform is starting (READY)
2025-01-30 18:18:26,856 INFO c.h.h.t.HelmChartContainer - [hivemq-test-hivemq-platform] [hivemq-platform-operator] [2cbe7a93] 18:18:26.852 [ReconcilerExecutor-hivemq-controller-109] DEBUG c.h.p.o.HiveMQPlatformReconciler - [helmrest] Custom Resource Spec (replicas: 1) (extensions: 1)
2025-01-30 18:18:26,856 INFO c.h.h.t.HelmChartContainer - [hivemq-test-hivemq-platform] [hivemq-platform-operator] [2cbe7a93] 18:18:26.854 [ReconcilerExecutor-hivemq-controller-109] DEBUG c.h.p.o.HiveMQPlatformReconciler - [helmrest] StatefulSet Status (revision: test-hivemq-platform-54dd684c8, replicas: 1, available: 0, ready: 0, current: 1, updated: 1)
2025-01-30 18:18:26,856 INFO c.h.h.t.HelmChartContainer - [hivemq-test-hivemq-platform] [hivemq-platform-operator] [2cbe7a93] 18:18:26.854 [ReconcilerExecutor-hivemq-controller-109] DEBUG c.h.p.o.HiveMQPlatformReconciler - [helmrest] StatefulSet Spec (replicas: 1, init containers: 1, containers: 1, volumes: 3)
2025-01-30 18:18:26,858 INFO c.h.h.t.HelmChartContainer - [hivemq-test-hivemq-platform] [hivemq-platform-operator] [2cbe7a93] 18:18:26.856 [ReconcilerExecutor-hivemq-controller-109] DEBUG c.h.p.o.h.HiveMQPlatformReconcilerErrorHandler - [helmrest] Pod 'test-hivemq-platform-0' phase Running
2025-01-30 18:18:26,858 INFO c.h.h.t.HelmChartContainer - [hivemq-test-hivemq-platform] [hivemq-platform-operator] [2cbe7a93] 18:18:26.857 [ReconcilerExecutor-hivemq-controller-109] INFO  c.h.p.o.h.HiveMQPlatformReconcilerBaseHandler - [helmrest] HiveMQ Platform is starting, 0 of 1 replicas are ready
2025-01-30 18:18:28,237 INFO c.h.h.t.HelmChartContainer - [test-hivemq-platform] [hivemq] [34a611e5] WARN  - [HiveMQ Platform Operator Init App 1.7.0-SNAPSHOT] Cannot connect to Health API for readiness: null
2025-01-30 18:18:28,241 INFO c.h.h.t.HelmChartContainer - [EVENT] Warning [Unhealthy] Readiness probe failed: HTTP probe failed with statuscode: 503 [helmrestapiit:test-hivemq-platform-0]
2025-01-30 18:18:28,241 INFO c.h.h.t.HelmChartContainer - Received Unhealthy event for container hivemq in pod test-hivemq-platform-0 [34a611e5-afea-4016-9682-4adb6a2575ac]
2025-01-30 18:18:30,686 INFO c.h.h.t.HelmChartContainer - [test-hivemq-platform] [hivemq] [34a611e5] Jan 30, 2025 6:18:30 PM io.vertx.core.impl.BlockedThreadChecker
2025-01-30 18:18:30,686 INFO c.h.h.t.HelmChartContainer - [test-hivemq-platform] [hivemq] [34a611e5] WARNING: Thread Thread[vert.x-eventloop-thread-1,5,main] has been blocked for 2850 ms, time limit is 2000 ms
2025-01-30 18:18:30,985 INFO c.h.h.t.HelmChartContainer - [test-hivemq-platform] [hivemq] [34a611e5] INFO  - [HiveMQ Platform Operator Init App 1.7.0-SNAPSHOT] Updating Pod HiveMQ Platform Operator Init App version annotation (version: 1.7.0-SNAPSHOT)
2025-01-30 18:18:31,595 INFO c.h.h.t.HelmChartContainer - [POD] test-hivemq-platform-0 [34a611e5-afea-4016-9682-4adb6a2575ac] in helmrestapiit was MODIFIED
2025-01-30 18:18:31,602 INFO c.h.h.t.HelmChartContainer - [hivemq-test-hivemq-platform] [hivemq-platform-operator] [2cbe7a93] 18:18:31.599 [pool-6-thread-25] DEBUG c.h.p.o.d.PlatformServiceResource - [helmrest] Desired Platform services (2 services)
2025-01-30 18:18:31,603 INFO c.h.h.t.HelmChartContainer - [hivemq-test-hivemq-platform] [hivemq-platform-operator] [2cbe7a93] 18:18:31.599 [pool-6-thread-22] DEBUG c.h.p.o.dependants.PodInfoConfigMap - [helmrest] Desired PodInfo ConfigMap (1 extensions) (1 enabled)
2025-01-30 18:18:31,603 INFO c.h.h.t.HelmChartContainer - [hivemq-test-hivemq-platform] [hivemq-platform-operator] [2cbe7a93] 18:18:31.601 [pool-6-thread-22] DEBUG c.h.p.o.dependants.PodInfoConfigMap - [helmrest] Desired PodInfo ConfigMap (metrics port: 9399) (metrics path: /)
2025-01-30 18:18:31,603 INFO c.h.h.t.HelmChartContainer - [hivemq-test-hivemq-platform] [hivemq-platform-operator] [2cbe7a93] 18:18:31.601 [pool-6-thread-22] DEBUG c.h.p.o.dependants.PodInfoConfigMap - [helmrest] Desired PodInfo ConfigMap (extension state hash: -1817474005)
2025-01-30 18:18:31,603 INFO c.h.h.t.HelmChartContainer - [hivemq-test-hivemq-platform] [hivemq-platform-operator] [2cbe7a93] 18:18:31.601 [pool-6-thread-23] DEBUG c.h.p.o.d.PodServiceAccountResource - [helmrest] Desired PodServiceAccountResource (serviceAccountName: hivemq-platform-pod-test-hivemq-platform)
2025-01-30 18:18:31,607 INFO c.h.h.t.HelmChartContainer - [hivemq-test-hivemq-platform] [hivemq-platform-operator] [2cbe7a93] 18:18:31.606 [pool-6-thread-25] DEBUG c.h.p.o.d.StatefulSetResource - [helmrest] Desired StatefulSet (1 replicas) for status STARTING (READY)
2025-01-30 18:18:31,612 INFO c.h.h.t.HelmChartContainer - [hivemq-test-hivemq-platform] [hivemq-platform-operator] [2cbe7a93] 18:18:31.611 [ReconcilerExecutor-hivemq-controller-110] INFO  c.h.p.o.HiveMQPlatformReconciler - [helmrest] Reconciling HiveMQ Platform 'test-hivemq-platform' in namespace 'helmrestapiit'
2025-01-30 18:18:31,612 INFO c.h.h.t.HelmChartContainer - [hivemq-test-hivemq-platform] [hivemq-platform-operator] [2cbe7a93] 18:18:31.612 [ReconcilerExecutor-hivemq-controller-110] DEBUG c.h.p.o.HiveMQPlatformReconciler - [helmrest] Custom Resource Status STARTING - HiveMQ Platform is starting (READY)
2025-01-30 18:18:31,613 INFO c.h.h.t.HelmChartContainer - [hivemq-test-hivemq-platform] [hivemq-platform-operator] [2cbe7a93] 18:18:31.612 [ReconcilerExecutor-hivemq-controller-110] DEBUG c.h.p.o.HiveMQPlatformReconciler - [helmrest] Custom Resource Spec (replicas: 1) (extensions: 1)
2025-01-30 18:18:31,638 INFO c.h.h.t.HelmChartContainer - [test-hivemq-platform] [hivemq] [34a611e5] WARN  - [HiveMQ Platform Operator Init App 1.7.0-SNAPSHOT] Cannot connect to Health API for readiness: null
2025-01-30 18:18:31,639 INFO c.h.h.t.HelmChartContainer - [test-hivemq-platform] [hivemq] [34a611e5] INFO  - [HiveMQ Platform Operator Init App 1.7.0-SNAPSHOT] Successfully updated Pod HiveMQ Platform Operator Init App version annotation (version: 1.7.0-SNAPSHOT)
2025-01-30 18:18:31,642 INFO c.h.h.t.HelmChartContainer - [EVENT] Warning [Unhealthy] Readiness probe failed: HTTP probe failed with statuscode: 503 [helmrestapiit:test-hivemq-platform-0]
2025-01-30 18:18:31,642 INFO c.h.h.t.HelmChartContainer - Received Unhealthy event for container hivemq in pod test-hivemq-platform-0 [34a611e5-afea-4016-9682-4adb6a2575ac]
2025-01-30 18:18:31,694 INFO c.h.h.t.HelmChartContainer - [hivemq-test-hivemq-platform] [hivemq-platform-operator] [2cbe7a93] 18:18:31.691 [ReconcilerExecutor-hivemq-controller-110] DEBUG c.h.p.o.HiveMQPlatformReconciler - [helmrest] StatefulSet Status (revision: test-hivemq-platform-54dd684c8, replicas: 1, available: 0, ready: 0, current: 1, updated: 1)
2025-01-30 18:18:31,694 INFO c.h.h.t.HelmChartContainer - [hivemq-test-hivemq-platform] [hivemq-platform-operator] [2cbe7a93] 18:18:31.692 [ReconcilerExecutor-hivemq-controller-110] DEBUG c.h.p.o.HiveMQPlatformReconciler - [helmrest] StatefulSet Spec (replicas: 1, init containers: 1, containers: 1, volumes: 3)
2025-01-30 18:18:31,694 INFO c.h.h.t.HelmChartContainer - [hivemq-test-hivemq-platform] [hivemq-platform-operator] [2cbe7a93] 18:18:31.693 [ReconcilerExecutor-hivemq-controller-110] DEBUG c.h.p.o.h.HiveMQPlatformReconcilerErrorHandler - [helmrest] Pod 'test-hivemq-platform-0' phase Running
2025-01-30 18:18:31,695 INFO c.h.h.t.HelmChartContainer - [hivemq-test-hivemq-platform] [hivemq-platform-operator] [2cbe7a93] 18:18:31.694 [ReconcilerExecutor-hivemq-controller-110] INFO  c.h.p.o.h.HiveMQPlatformReconcilerBaseHandler - [helmrest] HiveMQ Platform is starting, 0 of 1 replicas are ready
2025-01-30 18:18:36,598 INFO c.h.h.t.HelmChartContainer - [test-hivemq-platform] [hivemq] [34a611e5] WARN  - [HiveMQ Platform Operator Init App 1.7.0-SNAPSHOT] Cannot connect to Health API for readiness: null
2025-01-30 18:18:36,602 INFO c.h.h.t.HelmChartContainer - [EVENT] Warning [Unhealthy] Readiness probe failed: HTTP probe failed with statuscode: 503 [helmrestapiit:test-hivemq-platform-0]
2025-01-30 18:18:36,602 INFO c.h.h.t.HelmChartContainer - Received Unhealthy event for container hivemq in pod test-hivemq-platform-0 [34a611e5-afea-4016-9682-4adb6a2575ac]
2025-01-30 18:18:41,598 INFO c.h.h.t.HelmChartContainer - [test-hivemq-platform] [hivemq] [34a611e5] WARN  - [HiveMQ Platform Operator Init App 1.7.0-SNAPSHOT] Cannot connect to Health API for readiness: null
2025-01-30 18:18:41,602 INFO c.h.h.t.HelmChartContainer - [EVENT] Warning [Unhealthy] Readiness probe failed: HTTP probe failed with statuscode: 503 [helmrestapiit:test-hivemq-platform-0]
2025-01-30 18:18:41,603 INFO c.h.h.t.HelmChartContainer - Received Unhealthy event for container hivemq in pod test-hivemq-platform-0 [34a611e5-afea-4016-9682-4adb6a2575ac]
2025-01-30 18:18:41,703 INFO c.h.h.t.HelmChartContainer - [hivemq-test-hivemq-platform] [hivemq-platform-operator] [2cbe7a93] 18:18:41.701 [pool-6-thread-37] DEBUG c.h.p.o.d.PlatformServiceResource - [helmrest] Desired Platform services (2 services)
2025-01-30 18:18:41,704 INFO c.h.h.t.HelmChartContainer - [hivemq-test-hivemq-platform] [hivemq-platform-operator] [2cbe7a93] 18:18:41.702 [pool-6-thread-32] DEBUG c.h.p.o.dependants.PodInfoConfigMap - [helmrest] Desired PodInfo ConfigMap (1 extensions) (1 enabled)
2025-01-30 18:18:41,704 INFO c.h.h.t.HelmChartContainer - [hivemq-test-hivemq-platform] [hivemq-platform-operator] [2cbe7a93] 18:18:41.702 [pool-6-thread-32] DEBUG c.h.p.o.dependants.PodInfoConfigMap - [helmrest] Desired PodInfo ConfigMap (metrics port: 9399) (metrics path: /)
2025-01-30 18:18:41,704 INFO c.h.h.t.HelmChartContainer - [hivemq-test-hivemq-platform] [hivemq-platform-operator] [2cbe7a93] 18:18:41.702 [pool-6-thread-32] DEBUG c.h.p.o.dependants.PodInfoConfigMap - [helmrest] Desired PodInfo ConfigMap (extension state hash: -1817474005)
2025-01-30 18:18:41,707 INFO c.h.h.t.HelmChartContainer - [hivemq-test-hivemq-platform] [hivemq-platform-operator] [2cbe7a93] 18:18:41.706 [pool-6-thread-36] DEBUG c.h.p.o.d.PodServiceAccountResource - [helmrest] Desired PodServiceAccountResource (serviceAccountName: hivemq-platform-pod-test-hivemq-platform)
2025-01-30 18:18:41,709 INFO c.h.h.t.HelmChartContainer - [hivemq-test-hivemq-platform] [hivemq-platform-operator] [2cbe7a93] 18:18:41.709 [pool-6-thread-32] DEBUG c.h.p.o.d.StatefulSetResource - [helmrest] Desired StatefulSet (1 replicas) for status STARTING (READY)
2025-01-30 18:18:41,713 INFO c.h.h.t.HelmChartContainer - [hivemq-test-hivemq-platform] [hivemq-platform-operator] [2cbe7a93] 18:18:41.712 [ReconcilerExecutor-hivemq-controller-111] INFO  c.h.p.o.HiveMQPlatformReconciler - [helmrest] Reconciling HiveMQ Platform 'test-hivemq-platform' in namespace 'helmrestapiit'
2025-01-30 18:18:41,714 INFO c.h.h.t.HelmChartContainer - [hivemq-test-hivemq-platform] [hivemq-platform-operator] [2cbe7a93] 18:18:41.712 [ReconcilerExecutor-hivemq-controller-111] DEBUG c.h.p.o.HiveMQPlatformReconciler - [helmrest] Custom Resource Status STARTING - HiveMQ Platform is starting (READY)
2025-01-30 18:18:41,715 INFO c.h.h.t.HelmChartContainer - [hivemq-test-hivemq-platform] [hivemq-platform-operator] [2cbe7a93] 18:18:41.712 [ReconcilerExecutor-hivemq-controller-111] DEBUG c.h.p.o.HiveMQPlatformReconciler - [helmrest] Custom Resource Spec (replicas: 1) (extensions: 1)
2025-01-30 18:18:41,715 INFO c.h.h.t.HelmChartContainer - [hivemq-test-hivemq-platform] [hivemq-platform-operator] [2cbe7a93] 18:18:41.714 [ReconcilerExecutor-hivemq-controller-111] DEBUG c.h.p.o.HiveMQPlatformReconciler - [helmrest] StatefulSet Status (revision: test-hivemq-platform-54dd684c8, replicas: 1, available: 0, ready: 0, current: 1, updated: 1)
2025-01-30 18:18:41,715 INFO c.h.h.t.HelmChartContainer - [hivemq-test-hivemq-platform] [hivemq-platform-operator] [2cbe7a93] 18:18:41.714 [ReconcilerExecutor-hivemq-controller-111] DEBUG c.h.p.o.HiveMQPlatformReconciler - [helmrest] StatefulSet Spec (replicas: 1, init containers: 1, containers: 1, volumes: 3)
2025-01-30 18:18:41,717 INFO c.h.h.t.HelmChartContainer - [hivemq-test-hivemq-platform] [hivemq-platform-operator] [2cbe7a93] 18:18:41.716 [ReconcilerExecutor-hivemq-controller-111] DEBUG c.h.p.o.h.HiveMQPlatformReconcilerErrorHandler - [helmrest] Pod 'test-hivemq-platform-0' phase Running
2025-01-30 18:18:41,718 INFO c.h.h.t.HelmChartContainer - [hivemq-test-hivemq-platform] [hivemq-platform-operator] [2cbe7a93] 18:18:41.717 [ReconcilerExecutor-hivemq-controller-111] INFO  c.h.p.o.h.HiveMQPlatformReconcilerBaseHandler - [helmrest] HiveMQ Platform is starting, 0 of 1 replicas are ready
2025-01-30 18:18:42,993 INFO c.h.h.t.HelmChartContainer - [test-hivemq-platform] [hivemq] [34a611e5] INFO  - No valid license file found. Using trial license, restricted to 25 connections.
2025-01-30 18:18:43,388 INFO c.h.h.t.HelmChartContainer - [test-hivemq-platform] [hivemq] [34a611e5] WARN  - [HiveMQ Platform Operator Init App 1.7.0-SNAPSHOT] Cannot connect to Health API for liveness: null
2025-01-30 18:18:43,388 INFO c.h.h.t.HelmChartContainer - [test-hivemq-platform] [hivemq] [34a611e5] INFO  - [HiveMQ Platform Operator Init App 1.7.0-SNAPSHOT] Returning default Health API response 200 for liveness
2025-01-30 18:18:46,484 INFO c.h.h.t.HelmChartContainer - [test-hivemq-platform] [hivemq] [34a611e5] INFO  - No valid license file for Data Hub found. Using free license, restricted to 1 policy.
2025-01-30 18:18:46,686 INFO c.h.h.t.HelmChartContainer - [test-hivemq-platform] [hivemq] [34a611e5] WARN  - [HiveMQ Platform Operator Init App 1.7.0-SNAPSHOT] Cannot connect to Health API for readiness: null
2025-01-30 18:18:46,692 INFO c.h.h.t.HelmChartContainer - [EVENT] Warning [Unhealthy] Readiness probe failed: HTTP probe failed with statuscode: 503 [helmrestapiit:test-hivemq-platform-0]
2025-01-30 18:18:46,692 INFO c.h.h.t.HelmChartContainer - Received Unhealthy event for container hivemq in pod test-hivemq-platform-0 [34a611e5-afea-4016-9682-4adb6a2575ac]
2025-01-30 18:18:47,690 INFO c.h.h.t.HelmChartContainer - [test-hivemq-platform] [hivemq] [34a611e5] INFO  - Audit Logger started.
2025-01-30 18:18:47,927 INFO c.h.h.t.HelmChartContainer - [test-hivemq-platform] [hivemq] [34a611e5] INFO  - This node uses '1' CPU cores.
2025-01-30 18:18:47,985 INFO c.h.h.t.HelmChartContainer - [test-hivemq-platform] [hivemq] [34a611e5] INFO  - Starting HiveMQ Health API on address 0.0.0.0 and port 8889
2025-01-30 18:18:48,700 INFO c.h.h.t.HelmChartContainer - [test-hivemq-platform] [hivemq] [34a611e5] INFO  - Started HiveMQ Health API in 715ms
2025-01-30 18:18:49,290 INFO c.h.h.t.HelmChartContainer - [test-hivemq-platform] [hivemq] [34a611e5] INFO  - Starting HiveMQ extension system.
2025-01-30 18:18:49,490 INFO c.h.h.t.HelmChartContainer - [test-hivemq-platform] [hivemq] [34a611e5] INFO  - Starting extension with id "hivemq-dns-cluster-discovery" at /opt/hivemq/extensions/hivemq-dns-cluster-discovery
2025-01-30 18:18:49,985 INFO c.h.h.t.HelmChartContainer - [test-hivemq-platform] [hivemq] [34a611e5] INFO  - Extension "DNS Cluster Discovery Extension" version 4.3.2 started successfully.
2025-01-30 18:18:49,986 INFO c.h.h.t.HelmChartContainer - [test-hivemq-platform] [hivemq] [34a611e5] INFO  - Starting extension with id "hivemq-prometheus-extension" at /opt/hivemq/extensions/hivemq-prometheus-extension
2025-01-30 18:18:49,988 INFO c.h.h.t.HelmChartContainer - [test-hivemq-platform] [hivemq] [34a611e5] INFO  - Using TCP cluster transport on address 10.42.0.12 and port 7000
2025-01-30 18:18:50,091 INFO c.h.h.t.HelmChartContainer - [test-hivemq-platform] [hivemq] [34a611e5] INFO  - Using extension cluster discovery
2025-01-30 18:18:50,895 INFO c.h.h.t.HelmChartContainer - [test-hivemq-platform] [hivemq] [34a611e5] INFO  - Started Jetty Server exposing Prometheus Servlet on URI http://0.0.0.0:9399/
2025-01-30 18:18:50,896 INFO c.h.h.t.HelmChartContainer - [test-hivemq-platform] [hivemq] [34a611e5] INFO  - Extension "Prometheus Monitoring Extension" version 4.0.12 started successfully.
2025-01-30 18:18:50,896 INFO c.h.h.t.HelmChartContainer - [test-hivemq-platform] [hivemq] [34a611e5] INFO  - Starting extension with id "hivemq-allow-all-extension" at /opt/hivemq/extensions/hivemq-allow-all-extension
2025-01-30 18:18:50,896 INFO c.h.h.t.HelmChartContainer - [test-hivemq-platform] [hivemq] [34a611e5] WARN  - 
2025-01-30 18:18:50,896 INFO c.h.h.t.HelmChartContainer - [test-hivemq-platform] [hivemq] [34a611e5] ################################################################################################################
2025-01-30 18:18:50,896 INFO c.h.h.t.HelmChartContainer - [test-hivemq-platform] [hivemq] [34a611e5] # This HiveMQ deployment is not secure! You are lacking Authentication and Authorization.                      #
2025-01-30 18:18:50,896 INFO c.h.h.t.HelmChartContainer - [test-hivemq-platform] [hivemq] [34a611e5] # Right now any MQTT client can connect to the broker with a full set of permissions.                          #
2025-01-30 18:18:50,896 INFO c.h.h.t.HelmChartContainer - [test-hivemq-platform] [hivemq] [34a611e5] # For production usage, add an appropriate security extension and remove the hivemq-allow-all extension.       #
2025-01-30 18:18:50,896 INFO c.h.h.t.HelmChartContainer - [test-hivemq-platform] [hivemq] [34a611e5] # You can download security extensions from the HiveMQ Marketplace (https://www.hivemq.com/extensions/).       #
2025-01-30 18:18:50,896 INFO c.h.h.t.HelmChartContainer - [test-hivemq-platform] [hivemq] [34a611e5] ################################################################################################################
2025-01-30 18:18:50,896 INFO c.h.h.t.HelmChartContainer - [test-hivemq-platform] [hivemq] [34a611e5] INFO  - Extension "Allow All Extension" version 1.1.1 started successfully.
2025-01-30 18:18:51,722 INFO c.h.h.t.HelmChartContainer - [hivemq-test-hivemq-platform] [hivemq-platform-operator] [2cbe7a93] 18:18:51.720 [pool-6-thread-46] DEBUG c.h.p.o.d.PlatformServiceResource - [helmrest] Desired Platform services (2 services)
2025-01-30 18:18:51,722 INFO c.h.h.t.HelmChartContainer - [hivemq-test-hivemq-platform] [hivemq-platform-operator] [2cbe7a93] 18:18:51.720 [pool-6-thread-45] DEBUG c.h.p.o.dependants.PodInfoConfigMap - [helmrest] Desired PodInfo ConfigMap (1 extensions) (1 enabled)
2025-01-30 18:18:51,724 INFO c.h.h.t.HelmChartContainer - [hivemq-test-hivemq-platform] [hivemq-platform-operator] [2cbe7a93] 18:18:51.722 [pool-6-thread-45] DEBUG c.h.p.o.dependants.PodInfoConfigMap - [helmrest] Desired PodInfo ConfigMap (metrics port: 9399) (metrics path: /)
2025-01-30 18:18:51,725 INFO c.h.h.t.HelmChartContainer - [hivemq-test-hivemq-platform] [hivemq-platform-operator] [2cbe7a93] 18:18:51.722 [pool-6-thread-45] DEBUG c.h.p.o.dependants.PodInfoConfigMap - [helmrest] Desired PodInfo ConfigMap (extension state hash: -1817474005)
2025-01-30 18:18:51,726 INFO c.h.h.t.HelmChartContainer - [hivemq-test-hivemq-platform] [hivemq-platform-operator] [2cbe7a93] 18:18:51.722 [pool-6-thread-47] DEBUG c.h.p.o.d.PodServiceAccountResource - [helmrest] Desired PodServiceAccountResource (serviceAccountName: hivemq-platform-pod-test-hivemq-platform)
2025-01-30 18:18:51,729 INFO c.h.h.t.HelmChartContainer - [hivemq-test-hivemq-platform] [hivemq-platform-operator] [2cbe7a93] 18:18:51.728 [pool-6-thread-45] DEBUG c.h.p.o.d.StatefulSetResource - [helmrest] Desired StatefulSet (1 replicas) for status STARTING (READY)
2025-01-30 18:18:51,734 INFO c.h.h.t.HelmChartContainer - [hivemq-test-hivemq-platform] [hivemq-platform-operator] [2cbe7a93] 18:18:51.733 [ReconcilerExecutor-hivemq-controller-112] INFO  c.h.p.o.HiveMQPlatformReconciler - [helmrest] Reconciling HiveMQ Platform 'test-hivemq-platform' in namespace 'helmrestapiit'
2025-01-30 18:18:51,735 INFO c.h.h.t.HelmChartContainer - [hivemq-test-hivemq-platform] [hivemq-platform-operator] [2cbe7a93] 18:18:51.733 [ReconcilerExecutor-hivemq-controller-112] DEBUG c.h.p.o.HiveMQPlatformReconciler - [helmrest] Custom Resource Status STARTING - HiveMQ Platform is starting (READY)
2025-01-30 18:18:51,735 INFO c.h.h.t.HelmChartContainer - [hivemq-test-hivemq-platform] [hivemq-platform-operator] [2cbe7a93] 18:18:51.733 [ReconcilerExecutor-hivemq-controller-112] DEBUG c.h.p.o.HiveMQPlatformReconciler - [helmrest] Custom Resource Spec (replicas: 1) (extensions: 1)
2025-01-30 18:18:51,736 INFO c.h.h.t.HelmChartContainer - [hivemq-test-hivemq-platform] [hivemq-platform-operator] [2cbe7a93] 18:18:51.736 [ReconcilerExecutor-hivemq-controller-112] DEBUG c.h.p.o.HiveMQPlatformReconciler - [helmrest] StatefulSet Status (revision: test-hivemq-platform-54dd684c8, replicas: 1, available: 0, ready: 0, current: 1, updated: 1)
2025-01-30 18:18:51,737 INFO c.h.h.t.HelmChartContainer - [hivemq-test-hivemq-platform] [hivemq-platform-operator] [2cbe7a93] 18:18:51.736 [ReconcilerExecutor-hivemq-controller-112] DEBUG c.h.p.o.HiveMQPlatformReconciler - [helmrest] StatefulSet Spec (replicas: 1, init containers: 1, containers: 1, volumes: 3)
2025-01-30 18:18:51,737 INFO c.h.h.t.HelmChartContainer - [hivemq-test-hivemq-platform] [hivemq-platform-operator] [2cbe7a93] 18:18:51.737 [ReconcilerExecutor-hivemq-controller-112] DEBUG c.h.p.o.h.HiveMQPlatformReconcilerErrorHandler - [helmrest] Pod 'test-hivemq-platform-0' phase Running
2025-01-30 18:18:51,738 INFO c.h.h.t.HelmChartContainer - [hivemq-test-hivemq-platform] [hivemq-platform-operator] [2cbe7a93] 18:18:51.738 [ReconcilerExecutor-hivemq-controller-112] INFO  c.h.p.o.h.HiveMQPlatformReconcilerBaseHandler - [helmrest] HiveMQ Platform is starting, 0 of 1 replicas are ready
2025-01-30 18:18:52,089 INFO c.h.h.t.HelmChartContainer - [test-hivemq-platform] [hivemq] [34a611e5] INFO  - [HiveMQ Platform Operator Init App 1.7.0-SNAPSHOT] Returning Health API response 503 for readiness
2025-01-30 18:18:52,092 INFO c.h.h.t.HelmChartContainer - [EVENT] Warning [Unhealthy] Readiness probe failed: HTTP probe failed with statuscode: 503 [helmrestapiit:test-hivemq-platform-0]
2025-01-30 18:18:52,093 INFO c.h.h.t.HelmChartContainer - Received Unhealthy event for container hivemq in pod test-hivemq-platform-0 [34a611e5-afea-4016-9682-4adb6a2575ac]
2025-01-30 18:18:52,996 INFO c.h.h.t.HelmChartContainer - [test-hivemq-platform] [hivemq] [34a611e5] INFO  - 8UvQS: no members discovered after 2209 ms: creating cluster as first member
2025-01-30 18:18:53,002 INFO c.h.h.t.HelmChartContainer - [test-hivemq-platform] [hivemq] [34a611e5] INFO  - Cluster nodes found by discovery: [8UvQS|0] (1) [8UvQS].
2025-01-30 18:18:53,087 INFO c.h.h.t.HelmChartContainer - [test-hivemq-platform] [hivemq] [34a611e5] INFO  - Starting HiveMQ REST API on address 0.0.0.0 and port 8890
2025-01-30 18:18:53,488 INFO c.h.h.t.HelmChartContainer - [test-hivemq-platform] [hivemq] [34a611e5] INFO  - Started HiveMQ REST API in 399ms
2025-01-30 18:18:53,488 INFO c.h.h.t.HelmChartContainer - [test-hivemq-platform] [hivemq] [34a611e5] WARN  - No user for HiveMQ Control Center configured. Starting with default user
2025-01-30 18:18:53,488 INFO c.h.h.t.HelmChartContainer - [test-hivemq-platform] [hivemq] [34a611e5] INFO  - Starting HiveMQ Control Center on address 127.0.0.1 and port 8080
2025-01-30 18:18:53,489 INFO c.h.h.t.HelmChartContainer - [test-hivemq-platform] [hivemq] [34a611e5] INFO  - Mounting HiveMQ Control Center V2 Preview
2025-01-30 18:18:54,003 INFO c.h.h.t.HelmChartContainer - [test-hivemq-platform] [hivemq] [34a611e5] INFO  - Started HiveMQ Control Center in 516ms
2025-01-30 18:18:54,101 INFO c.h.h.t.HelmChartContainer - [test-hivemq-platform] [hivemq] [34a611e5] INFO  - Starting TCP listener on address 0.0.0.0 and port 1883
2025-01-30 18:18:54,196 INFO c.h.h.t.HelmChartContainer - [test-hivemq-platform] [hivemq] [34a611e5] INFO  - Started TCP Listener on address 0.0.0.0 and on port 1883.
2025-01-30 18:18:54,197 INFO c.h.h.t.HelmChartContainer - [test-hivemq-platform] [hivemq] [34a611e5] INFO  - Started HiveMQ in 30463ms
2025-01-30 18:18:56,601 INFO c.h.h.t.HelmChartContainer - [test-hivemq-platform] [hivemq] [34a611e5] INFO  - [HiveMQ Platform Operator Init App 1.7.0-SNAPSHOT] Returning Health API response 200 for readiness
2025-01-30 18:18:56,612 INFO c.h.h.t.HelmChartContainer - [POD] test-hivemq-platform-0 [34a611e5-afea-4016-9682-4adb6a2575ac] in helmrestapiit was MODIFIED
2025-01-30 18:18:56,622 INFO c.h.h.t.HelmChartContainer - [hivemq-test-hivemq-platform] [hivemq-platform-operator] [2cbe7a93] 18:18:56.617 [pool-6-thread-8] DEBUG c.h.p.o.d.PlatformServiceResource - [helmrest] Desired Platform services (2 services)
2025-01-30 18:18:56,622 INFO c.h.h.t.HelmChartContainer - [hivemq-test-hivemq-platform] [hivemq-platform-operator] [2cbe7a93] 18:18:56.619 [pool-6-thread-4] DEBUG c.h.p.o.d.PodServiceAccountResource - [helmrest] Desired PodServiceAccountResource (serviceAccountName: hivemq-platform-pod-test-hivemq-platform)
2025-01-30 18:18:56,629 INFO c.h.h.t.HelmChartContainer - [hivemq-test-hivemq-platform] [hivemq-platform-operator] [2cbe7a93] 18:18:56.626 [pool-6-thread-6] DEBUG c.h.p.o.dependants.PodInfoConfigMap - [helmrest] Desired PodInfo ConfigMap (1 extensions) (1 enabled)
2025-01-30 18:18:56,630 INFO c.h.h.t.HelmChartContainer - [hivemq-test-hivemq-platform] [hivemq-platform-operator] [2cbe7a93] 18:18:56.626 [pool-6-thread-6] DEBUG c.h.p.o.dependants.PodInfoConfigMap - [helmrest] Desired PodInfo ConfigMap (metrics port: 9399) (metrics path: /)
2025-01-30 18:18:56,630 INFO c.h.h.t.HelmChartContainer - [hivemq-test-hivemq-platform] [hivemq-platform-operator] [2cbe7a93] 18:18:56.626 [pool-6-thread-6] DEBUG c.h.p.o.dependants.PodInfoConfigMap - [helmrest] Desired PodInfo ConfigMap (extension state hash: -1817474005)
2025-01-30 18:18:56,630 INFO c.h.h.t.HelmChartContainer - [hivemq-test-hivemq-platform] [hivemq-platform-operator] [2cbe7a93] 18:18:56.628 [pool-6-thread-6] DEBUG c.h.p.o.d.StatefulSetResource - [helmrest] Desired StatefulSet (1 replicas) for status STARTING (READY)
2025-01-30 18:18:56,633 INFO c.h.h.t.HelmChartContainer - [hivemq-test-hivemq-platform] [hivemq-platform-operator] [2cbe7a93] 18:18:56.632 [ReconcilerExecutor-hivemq-controller-113] INFO  c.h.p.o.HiveMQPlatformReconciler - [helmrest] Reconciling HiveMQ Platform 'test-hivemq-platform' in namespace 'helmrestapiit'
2025-01-30 18:18:56,634 INFO c.h.h.t.HelmChartContainer - [hivemq-test-hivemq-platform] [hivemq-platform-operator] [2cbe7a93] 18:18:56.632 [ReconcilerExecutor-hivemq-controller-113] DEBUG c.h.p.o.HiveMQPlatformReconciler - [helmrest] Custom Resource Status STARTING - HiveMQ Platform is starting (READY)
2025-01-30 18:18:56,634 INFO c.h.h.t.HelmChartContainer - [hivemq-test-hivemq-platform] [hivemq-platform-operator] [2cbe7a93] 18:18:56.632 [ReconcilerExecutor-hivemq-controller-113] DEBUG c.h.p.o.HiveMQPlatformReconciler - [helmrest] Custom Resource Spec (replicas: 1) (extensions: 1)
2025-01-30 18:18:56,636 INFO c.h.h.t.HelmChartContainer - [hivemq-test-hivemq-platform] [hivemq-platform-operator] [2cbe7a93] 18:18:56.635 [ReconcilerExecutor-hivemq-controller-113] DEBUG c.h.p.o.HiveMQPlatformReconciler - [helmrest] StatefulSet Status (revision: test-hivemq-platform-54dd684c8, replicas: 1, available: 1, ready: 1, current: 1, updated: 1)
2025-01-30 18:18:56,636 INFO c.h.h.t.HelmChartContainer - [hivemq-test-hivemq-platform] [hivemq-platform-operator] [2cbe7a93] 18:18:56.635 [ReconcilerExecutor-hivemq-controller-113] DEBUG c.h.p.o.HiveMQPlatformReconciler - [helmrest] StatefulSet Spec (replicas: 1, init containers: 1, containers: 1, volumes: 3)
2025-01-30 18:18:56,637 INFO c.h.h.t.HelmChartContainer - [hivemq-test-hivemq-platform] [hivemq-platform-operator] [2cbe7a93] 18:18:56.636 [ReconcilerExecutor-hivemq-controller-113] DEBUG c.h.p.o.h.HiveMQPlatformReconcilerErrorHandler - [helmrest] Pod 'test-hivemq-platform-0' phase Running
2025-01-30 18:18:56,638 INFO c.h.h.t.HelmChartContainer - [hivemq-test-hivemq-platform] [hivemq-platform-operator] [2cbe7a93] 18:18:56.637 [ReconcilerExecutor-hivemq-controller-113] INFO  c.h.p.o.h.HiveMQPlatformReconcilerBaseHandler - [helmrest] HiveMQ Platform started successfully
2025-01-30 18:18:56,730 INFO c.h.h.t.HelmChartContainer - [hivemq-test-hivemq-platform] [hivemq-platform-operator] [2cbe7a93] 18:18:56.728 [ReconcilerExecutor-hivemq-controller-113] DEBUG c.h.p.operator.event.EventSender - [helmrest] Creating K8s event hivemq-platform-ready: [Ready] HiveMQ Platform is ready
2025-01-30 18:18:56,732 INFO c.h.h.t.HelmChartContainer - [EVENT] Normal [Ready] HiveMQ Platform is ready [helmrestapiit:test-hivemq-platform]
2025-01-30 18:18:56,733 INFO c.h.h.t.HelmChartContainer - [hivemq-test-hivemq-platform] [hivemq-platform-operator] [2cbe7a93] 18:18:56.732 [ReconcilerExecutor-hivemq-controller-113] INFO  c.h.p.o.h.AbstractHiveMQReconcilerStateHandler - [helmrest] Update HiveMQ Platform Status (STARTING [READY] -> RUNNING [READY]): HiveMQ Platform is ready
2025-01-30 18:18:56,739 DEBUG com.hivemq.helmcharts.util.K8sUtil - Comparing actual state 'RUNNING' and waiting for 'RUNNING'
2025-01-30 18:18:56,800 INFO c.h.h.t.HelmChartContainer - [hivemq-test-hivemq-platform] [hivemq-platform-operator] [2cbe7a93] 18:18:56.795 [pool-6-thread-19] DEBUG c.h.p.o.d.PlatformServiceResource - [helmrest] Desired Platform services (2 services)
2025-01-30 18:18:56,800 INFO c.h.h.t.HelmChartContainer - [hivemq-test-hivemq-platform] [hivemq-platform-operator] [2cbe7a93] 18:18:56.797 [pool-6-thread-18] DEBUG c.h.p.o.dependants.PodInfoConfigMap - [helmrest] Desired PodInfo ConfigMap (1 extensions) (1 enabled)
2025-01-30 18:18:56,800 INFO c.h.h.t.HelmChartContainer - [hivemq-test-hivemq-platform] [hivemq-platform-operator] [2cbe7a93] 18:18:56.798 [pool-6-thread-18] DEBUG c.h.p.o.dependants.PodInfoConfigMap - [helmrest] Desired PodInfo ConfigMap (metrics port: 9399) (metrics path: /)
2025-01-30 18:18:56,800 INFO c.h.h.t.HelmChartContainer - [hivemq-test-hivemq-platform] [hivemq-platform-operator] [2cbe7a93] 18:18:56.799 [pool-6-thread-18] DEBUG c.h.p.o.dependants.PodInfoConfigMap - [helmrest] Desired PodInfo ConfigMap (extension state hash: -1817474005)
2025-01-30 18:18:56,801 INFO c.h.h.t.HelmChartContainer - [hivemq-test-hivemq-platform] [hivemq-platform-operator] [2cbe7a93] 18:18:56.798 [pool-6-thread-19] DEBUG c.h.p.o.d.PodServiceAccountResource - [helmrest] Desired PodServiceAccountResource (serviceAccountName: hivemq-platform-pod-test-hivemq-platform)
2025-01-30 18:18:56,802 INFO c.h.h.t.HelmChartContainer - [hivemq-test-hivemq-platform] [hivemq-platform-operator] [2cbe7a93] 18:18:56.801 [pool-6-thread-18] DEBUG c.h.p.o.dependants.PodInfoConfigMap - [helmrest] Update PodInfo ConfigMap
2025-01-30 18:18:56,839 INFO c.h.h.t.HelmChartContainer - [hivemq-test-hivemq-platform] [hivemq-platform-operator] [2cbe7a93] 18:18:56.834 [pool-6-thread-18] DEBUG c.h.p.o.d.StatefulSetResource - [helmrest] Desired StatefulSet (1 replicas) for status RUNNING (READY)
2025-01-30 18:18:56,897 INFO c.h.h.t.HelmChartContainer - [hivemq-test-hivemq-platform] [hivemq-platform-operator] [2cbe7a93] 18:18:56.893 [ReconcilerExecutor-hivemq-controller-114] INFO  c.h.p.o.HiveMQPlatformReconciler - [helmrest] Reconciling HiveMQ Platform 'test-hivemq-platform' in namespace 'helmrestapiit'
2025-01-30 18:18:56,897 INFO c.h.h.t.HelmChartContainer - [hivemq-test-hivemq-platform] [hivemq-platform-operator] [2cbe7a93] 18:18:56.893 [ReconcilerExecutor-hivemq-controller-114] DEBUG c.h.p.o.HiveMQPlatformReconciler - [helmrest] Custom Resource Status RUNNING - HiveMQ Platform is ready (READY)
2025-01-30 18:18:56,898 INFO c.h.h.t.HelmChartContainer - [hivemq-test-hivemq-platform] [hivemq-platform-operator] [2cbe7a93] 18:18:56.893 [ReconcilerExecutor-hivemq-controller-114] DEBUG c.h.p.o.HiveMQPlatformReconciler - [helmrest] Custom Resource Spec (replicas: 1) (extensions: 1)
2025-01-30 18:18:56,899 INFO c.h.h.t.HelmChartContainer - [hivemq-test-hivemq-platform] [hivemq-platform-operator] [2cbe7a93] 18:18:56.898 [ReconcilerExecutor-hivemq-controller-114] DEBUG c.h.p.o.HiveMQPlatformReconciler - [helmrest] StatefulSet Status (revision: test-hivemq-platform-54dd684c8, replicas: 1, available: 1, ready: 1, current: 1, updated: 1)
2025-01-30 18:18:56,900 INFO c.h.h.t.HelmChartContainer - [hivemq-test-hivemq-platform] [hivemq-platform-operator] [2cbe7a93] 18:18:56.898 [ReconcilerExecutor-hivemq-controller-114] DEBUG c.h.p.o.HiveMQPlatformReconciler - [helmrest] StatefulSet Spec (replicas: 1, init containers: 1, containers: 1, volumes: 3)
2025-01-30 18:18:56,901 INFO c.h.h.t.HelmChartContainer - [hivemq-test-hivemq-platform] [hivemq-platform-operator] [2cbe7a93] 18:18:56.899 [ReconcilerExecutor-hivemq-controller-114] DEBUG c.h.p.o.h.HiveMQPlatformReconcilerErrorHandler - [helmrest] Pod 'test-hivemq-platform-0' phase Running
2025-01-30 18:18:56,905 INFO c.h.h.t.HelmChartContainer - Uninstalling release 'test-hivemq-platform' in namespace 'helmrestapiit'...
2025-01-30 18:18:56,905 DEBUG c.h.h.t.HelmChartContainer - Executing helm command: /bin/helm --kubeconfig /etc/rancher/k3s/k3s.yaml uninstall test-hivemq-platform  --wait --timeout 5m0s --cascade foreground --namespace helmrestapiit
2025-01-30 18:18:57,101 INFO c.h.h.t.HelmChartContainer - [hivemq-test-hivemq-platform] [hivemq-platform-operator] [2cbe7a93] 18:18:57.091 [pool-6-thread-22] DEBUG c.h.p.o.d.PlatformServiceResource - [helmrest] Desired Platform services (2 services)
2025-01-30 18:18:57,101 INFO c.h.h.t.HelmChartContainer - [hivemq-test-hivemq-platform] [hivemq-platform-operator] [2cbe7a93] 18:18:57.094 [pool-6-thread-24] DEBUG c.h.p.o.dependants.PodInfoConfigMap - [helmrest] Desired PodInfo ConfigMap (1 extensions) (1 enabled)
2025-01-30 18:18:57,101 INFO c.h.h.t.HelmChartContainer - [hivemq-test-hivemq-platform] [hivemq-platform-operator] [2cbe7a93] 18:18:57.094 [pool-6-thread-24] DEBUG c.h.p.o.dependants.PodInfoConfigMap - [helmrest] Desired PodInfo ConfigMap (metrics port: 9399) (metrics path: /)
2025-01-30 18:18:57,101 INFO c.h.h.t.HelmChartContainer - [hivemq-test-hivemq-platform] [hivemq-platform-operator] [2cbe7a93] 18:18:57.094 [pool-6-thread-24] DEBUG c.h.p.o.dependants.PodInfoConfigMap - [helmrest] Desired PodInfo ConfigMap (extension state hash: -1817474005)
2025-01-30 18:18:57,101 INFO c.h.h.t.HelmChartContainer - [hivemq-test-hivemq-platform] [hivemq-platform-operator] [2cbe7a93] 18:18:57.095 [pool-6-thread-24] DEBUG c.h.p.o.d.PodServiceAccountResource - [helmrest] Desired PodServiceAccountResource (serviceAccountName: hivemq-platform-pod-test-hivemq-platform)
2025-01-30 18:18:57,104 INFO c.h.h.t.HelmChartContainer - [hivemq-test-hivemq-platform] [hivemq-platform-operator] [2cbe7a93] 18:18:57.098 [pool-6-thread-22] DEBUG c.h.p.o.d.StatefulSetResource - [helmrest] Desired StatefulSet (1 replicas) for status RUNNING (READY)
2025-01-30 18:18:57,129 INFO c.h.h.t.HelmChartContainer - [hivemq-test-hivemq-platform] [hivemq-platform-operator] [2cbe7a93] 18:18:57.127 [ReconcilerExecutor-hivemq-controller-115] INFO  c.h.p.o.HiveMQPlatformReconciler - [helmrest] Reconciling HiveMQ Platform 'test-hivemq-platform' in namespace 'helmrestapiit'
2025-01-30 18:18:57,130 INFO c.h.h.t.HelmChartContainer - [hivemq-test-hivemq-platform] [hivemq-platform-operator] [2cbe7a93] 18:18:57.127 [ReconcilerExecutor-hivemq-controller-115] DEBUG c.h.p.o.HiveMQPlatformReconciler - [helmrest] Custom Resource Status RUNNING - HiveMQ Platform is ready (READY)
2025-01-30 18:18:57,136 INFO c.h.h.t.HelmChartContainer - [hivemq-test-hivemq-platform] [hivemq-platform-operator] [2cbe7a93] 18:18:57.128 [ReconcilerExecutor-hivemq-controller-115] DEBUG c.h.p.o.HiveMQPlatformReconciler - [helmrest] Custom Resource Spec (replicas: 1) (extensions: 1)
2025-01-30 18:18:57,136 INFO c.h.h.t.HelmChartContainer - [hivemq-test-hivemq-platform] [hivemq-platform-operator] [2cbe7a93] 18:18:57.128 [ReconcilerExecutor-hivemq-controller-115] WARN  c.h.p.o.h.HiveMQPlatformReconcilerErrorHandler - [helmrest] Could not find ConfigMap 'hivemq-configuration-test-hivemq-platform' for HiveMQ Platform configuration
2025-01-30 18:18:57,326 INFO c.h.h.t.HelmChartContainer - [hivemq-test-hivemq-platform] [hivemq-platform-operator] [2cbe7a93] 18:18:57.324 [ReconcilerExecutor-hivemq-controller-115] DEBUG c.h.p.operator.event.EventSender - [helmrest] Creating K8s event hivemq-platform-invalid-configuration: [Start] Could not find ConfigMap 'hivemq-configuration-test-hivemq-platform' for HiveMQ Platform configuration
2025-01-30 18:18:57,329 INFO c.h.h.t.HelmChartContainer - [EVENT] Warning [Start] Could not find ConfigMap 'hivemq-configuration-test-hivemq-platform' for HiveMQ Platform configuration [helmrestapiit:test-hivemq-platform]
2025-01-30 18:18:57,330 INFO c.h.h.t.HelmChartContainer - [hivemq-test-hivemq-platform] [hivemq-platform-operator] [2cbe7a93] 18:18:57.329 [ReconcilerExecutor-hivemq-controller-115] INFO  c.h.p.o.h.AbstractHiveMQReconcilerStateHandler - [helmrest] Update HiveMQ Platform Status (RUNNING [READY] -> ERROR [INVALID_CONFIG_MAP]): Could not find ConfigMap 'hivemq-configuration-test-hivemq-platform' for HiveMQ Platform configuration
2025-01-30 18:18:57,340 INFO c.h.h.t.HelmChartContainer - [hivemq-test-hivemq-platform] [hivemq-platform-operator] [2cbe7a93] 18:18:57.337 [ReconcilerExecutor-hivemq-controller-115] ERROR i.j.o.p.event.EventProcessor - Error during event processing ExecutionScope{ resource id: ResourceID{name='test-hivemq-platform', namespace='helmrestapiit'}, version: 1370}
2025-01-30 18:18:57,340 INFO c.h.h.t.HelmChartContainer - [hivemq-test-hivemq-platform] [hivemq-platform-operator] [2cbe7a93] io.fabric8.kubernetes.client.KubernetesClientException: Failure executing: PUT at: https://10.43.0.1:443/apis/hivemq.com/v1/namespaces/helmrestapiit/hivemq-platforms/test-hivemq-platform/status. Message: Operation cannot be fulfilled on hivemq-platforms.hivemq.com "test-hivemq-platform": the object has been modified; please apply your changes to the latest version and try again. Received status: Status(apiVersion=v1, code=409, details=StatusDetails(causes=[], group=hivemq.com, kind=hivemq-platforms, name=test-hivemq-platform, retryAfterSeconds=null, uid=null, additionalProperties={}), kind=Status, message=Operation cannot be fulfilled on hivemq-platforms.hivemq.com "test-hivemq-platform": the object has been modified; please apply your changes to the latest version and try again, metadata=ListMeta(_continue=null, remainingItemCount=null, resourceVersion=null, selfLink=null, additionalProperties={}), reason=Conflict, status=Failure, additionalProperties={}).
2025-01-30 18:18:57,340 INFO c.h.h.t.HelmChartContainer - [hivemq-test-hivemq-platform] [hivemq-platform-operator] [2cbe7a93] 	at io.fabric8.kubernetes.client.KubernetesClientException.copyAsCause(KubernetesClientException.java:238)
2025-01-30 18:18:57,340 INFO c.h.h.t.HelmChartContainer - [hivemq-test-hivemq-platform] [hivemq-platform-operator] [2cbe7a93] 	at io.fabric8.kubernetes.client.dsl.internal.OperationSupport.waitForResult(OperationSupport.java:507)
2025-01-30 18:18:57,340 INFO c.h.h.t.HelmChartContainer - [hivemq-test-hivemq-platform] [hivemq-platform-operator] [2cbe7a93] 	at io.fabric8.kubernetes.client.dsl.internal.OperationSupport.handleResponse(OperationSupport.java:524)
2025-01-30 18:18:57,342 INFO c.h.h.t.HelmChartContainer - [hivemq-test-hivemq-platform] [hivemq-platform-operator] [2cbe7a93] 	at io.fabric8.kubernetes.client.dsl.internal.OperationSupport.handleUpdate(OperationSupport.java:358)
2025-01-30 18:18:57,342 INFO c.h.h.t.HelmChartContainer - [hivemq-test-hivemq-platform] [hivemq-platform-operator] [2cbe7a93] 	at io.fabric8.kubernetes.client.dsl.internal.BaseOperation.handleUpdate(BaseOperation.java:759)
2025-01-30 18:18:57,342 INFO c.h.h.t.HelmChartContainer - [hivemq-test-hivemq-platform] [hivemq-platform-operator] [2cbe7a93] 	at io.fabric8.kubernetes.client.dsl.internal.HasMetadataOperation.update(HasMetadataOperation.java:138)
2025-01-30 18:18:57,342 INFO c.h.h.t.HelmChartContainer - [hivemq-test-hivemq-platform] [hivemq-platform-operator] [2cbe7a93] 	at io.fabric8.kubernetes.client.dsl.internal.HasMetadataOperation.update(HasMetadataOperation.java:121)
2025-01-30 18:18:57,342 INFO c.h.h.t.HelmChartContainer - [hivemq-test-hivemq-platform] [hivemq-platform-operator] [2cbe7a93] 	at io.fabric8.kubernetes.client.dsl.internal.HasMetadataOperation.updateStatus(HasMetadataOperation.java:126)
2025-01-30 18:18:57,342 INFO c.h.h.t.HelmChartContainer - [hivemq-test-hivemq-platform] [hivemq-platform-operator] [2cbe7a93] 	at io.fabric8.kubernetes.client.dsl.internal.HasMetadataOperation.updateStatus(HasMetadataOperation.java:44)
2025-01-30 18:18:57,342 INFO c.h.h.t.HelmChartContainer - [hivemq-test-hivemq-platform] [hivemq-platform-operator] [2cbe7a93] 	at io.javaoperatorsdk.operator.processing.event.ReconciliationDispatcher$CustomResourceFacade.updateStatus(ReconciliationDispatcher.java:408)
2025-01-30 18:18:57,342 INFO c.h.h.t.HelmChartContainer - [hivemq-test-hivemq-platform] [hivemq-platform-operator] [2cbe7a93] 	at io.javaoperatorsdk.operator.processing.event.ReconciliationDispatcher.updateStatusGenerationAware(ReconciliationDispatcher.java:228)
2025-01-30 18:18:57,342 INFO c.h.h.t.HelmChartContainer - [hivemq-test-hivemq-platform] [hivemq-platform-operator] [2cbe7a93] 	at io.javaoperatorsdk.operator.processing.event.ReconciliationDispatcher.reconcileExecution(ReconciliationDispatcher.java:150)
2025-01-30 18:18:57,342 INFO c.h.h.t.HelmChartContainer - [hivemq-test-hivemq-platform] [hivemq-platform-operator] [2cbe7a93] 	at io.javaoperatorsdk.operator.processing.event.ReconciliationDispatcher.handleReconcile(ReconciliationDispatcher.java:117)
2025-01-30 18:18:57,342 INFO c.h.h.t.HelmChartContainer - [hivemq-test-hivemq-platform] [hivemq-platform-operator] [2cbe7a93] 	at io.javaoperatorsdk.operator.processing.event.ReconciliationDispatcher.handleDispatch(ReconciliationDispatcher.java:91)
2025-01-30 18:18:57,342 INFO c.h.h.t.HelmChartContainer - [hivemq-test-hivemq-platform] [hivemq-platform-operator] [2cbe7a93] 	at io.javaoperatorsdk.operator.processing.event.ReconciliationDispatcher.handleExecution(ReconciliationDispatcher.java:64)
2025-01-30 18:18:57,342 INFO c.h.h.t.HelmChartContainer - [hivemq-test-hivemq-platform] [hivemq-platform-operator] [2cbe7a93] 	at io.javaoperatorsdk.operator.processing.event.EventProcessor$ReconcilerExecutor.run(EventProcessor.java:452)
2025-01-30 18:18:57,343 INFO c.h.h.t.HelmChartContainer - [hivemq-test-hivemq-platform] [hivemq-platform-operator] [2cbe7a93] 	at java.base/java.util.concurrent.ThreadPoolExecutor.runWorker(Unknown Source)
2025-01-30 18:18:57,343 INFO c.h.h.t.HelmChartContainer - [hivemq-test-hivemq-platform] [hivemq-platform-operator] [2cbe7a93] 	at java.base/java.util.concurrent.ThreadPoolExecutor$Worker.run(Unknown Source)
2025-01-30 18:18:57,343 INFO c.h.h.t.HelmChartContainer - [hivemq-test-hivemq-platform] [hivemq-platform-operator] [2cbe7a93] 	at java.base/java.lang.Thread.run(Unknown Source)
2025-01-30 18:18:57,343 INFO c.h.h.t.HelmChartContainer - [hivemq-test-hivemq-platform] [hivemq-platform-operator] [2cbe7a93] Caused by: io.fabric8.kubernetes.client.KubernetesClientException: Failure executing: PUT at: https://10.43.0.1:443/apis/hivemq.com/v1/namespaces/helmrestapiit/hivemq-platforms/test-hivemq-platform/status. Message: Operation cannot be fulfilled on hivemq-platforms.hivemq.com "test-hivemq-platform": the object has been modified; please apply your changes to the latest version and try again. Received status: Status(apiVersion=v1, code=409, details=StatusDetails(causes=[], group=hivemq.com, kind=hivemq-platforms, name=test-hivemq-platform, retryAfterSeconds=null, uid=null, additionalProperties={}), kind=Status, message=Operation cannot be fulfilled on hivemq-platforms.hivemq.com "test-hivemq-platform": the object has been modified; please apply your changes to the latest version and try again, metadata=ListMeta(_continue=null, remainingItemCount=null, resourceVersion=null, selfLink=null, additionalProperties={}), reason=Conflict, status=Failure, additionalProperties={}).
2025-01-30 18:18:57,343 INFO c.h.h.t.HelmChartContainer - [hivemq-test-hivemq-platform] [hivemq-platform-operator] [2cbe7a93] 	at io.fabric8.kubernetes.client.dsl.internal.OperationSupport.requestFailure(OperationSupport.java:660)
2025-01-30 18:18:57,343 INFO c.h.h.t.HelmChartContainer - [hivemq-test-hivemq-platform] [hivemq-platform-operator] [2cbe7a93] 	at io.fabric8.kubernetes.client.dsl.internal.OperationSupport.requestFailure(OperationSupport.java:640)
2025-01-30 18:18:57,343 INFO c.h.h.t.HelmChartContainer - [hivemq-test-hivemq-platform] [hivemq-platform-operator] [2cbe7a93] 	at io.fabric8.kubernetes.client.dsl.internal.OperationSupport.assertResponseCode(OperationSupport.java:589)
2025-01-30 18:18:57,343 INFO c.h.h.t.HelmChartContainer - [hivemq-test-hivemq-platform] [hivemq-platform-operator] [2cbe7a93] 	at io.fabric8.kubernetes.client.dsl.internal.OperationSupport.lambda$handleResponse$0(OperationSupport.java:549)
2025-01-30 18:18:57,343 INFO c.h.h.t.HelmChartContainer - [hivemq-test-hivemq-platform] [hivemq-platform-operator] [2cbe7a93] 	at java.base/java.util.concurrent.CompletableFuture$UniApply.tryFire(Unknown Source)
2025-01-30 18:18:57,343 INFO c.h.h.t.HelmChartContainer - [hivemq-test-hivemq-platform] [hivemq-platform-operator] [2cbe7a93] 	at java.base/java.util.concurrent.CompletableFuture.postComplete(Unknown Source)
2025-01-30 18:18:57,343 INFO c.h.h.t.HelmChartContainer - [hivemq-test-hivemq-platform] [hivemq-platform-operator] [2cbe7a93] 	at java.base/java.util.concurrent.CompletableFuture.complete(Unknown Source)
2025-01-30 18:18:57,343 INFO c.h.h.t.HelmChartContainer - [hivemq-test-hivemq-platform] [hivemq-platform-operator] [2cbe7a93] 	at io.fabric8.kubernetes.client.http.StandardHttpClient.lambda$completeOrCancel$10(StandardHttpClient.java:141)
2025-01-30 18:18:57,343 INFO c.h.h.t.HelmChartContainer - [hivemq-test-hivemq-platform] [hivemq-platform-operator] [2cbe7a93] 	at java.base/java.util.concurrent.CompletableFuture.uniWhenComplete(Unknown Source)
2025-01-30 18:18:57,343 INFO c.h.h.t.HelmChartContainer - [hivemq-test-hivemq-platform] [hivemq-platform-operator] [2cbe7a93] 	at java.base/java.util.concurrent.CompletableFuture$UniWhenComplete.tryFire(Unknown Source)
2025-01-30 18:18:57,343 INFO c.h.h.t.HelmChartContainer - [hivemq-test-hivemq-platform] [hivemq-platform-operator] [2cbe7a93] 	at java.base/java.util.concurrent.CompletableFuture.postComplete(Unknown Source)
2025-01-30 18:18:57,343 INFO c.h.h.t.HelmChartContainer - [hivemq-test-hivemq-platform] [hivemq-platform-operator] [2cbe7a93] 	at java.base/java.util.concurrent.CompletableFuture.complete(Unknown Source)
2025-01-30 18:18:57,343 INFO c.h.h.t.HelmChartContainer - [hivemq-test-hivemq-platform] [hivemq-platform-operator] [2cbe7a93] 	at io.fabric8.kubernetes.client.http.ByteArrayBodyHandler.onBodyDone(ByteArrayBodyHandler.java:51)
2025-01-30 18:18:57,343 INFO c.h.h.t.HelmChartContainer - [hivemq-test-hivemq-platform] [hivemq-platform-operator] [2cbe7a93] 	at java.base/java.util.concurrent.CompletableFuture.uniWhenComplete(Unknown Source)
2025-01-30 18:18:57,343 INFO c.h.h.t.HelmChartContainer - [hivemq-test-hivemq-platform] [hivemq-platform-operator] [2cbe7a93] 	at java.base/java.util.concurrent.CompletableFuture$UniWhenComplete.tryFire(Unknown Source)
2025-01-30 18:18:57,343 INFO c.h.h.t.HelmChartContainer - [hivemq-test-hivemq-platform] [hivemq-platform-operator] [2cbe7a93] 	at java.base/java.util.concurrent.CompletableFuture.postComplete(Unknown Source)
2025-01-30 18:18:57,343 INFO c.h.h.t.HelmChartContainer - [hivemq-test-hivemq-platform] [hivemq-platform-operator] [2cbe7a93] 	at java.base/java.util.concurrent.CompletableFuture.complete(Unknown Source)
2025-01-30 18:18:57,343 INFO c.h.h.t.HelmChartContainer - [hivemq-test-hivemq-platform] [hivemq-platform-operator] [2cbe7a93] 	at io.fabric8.kubernetes.client.vertx.VertxHttpRequest.lambda$null$1(VertxHttpRequest.java:121)
2025-01-30 18:18:57,343 INFO c.h.h.t.HelmChartContainer - [hivemq-test-hivemq-platform] [hivemq-platform-operator] [2cbe7a93] 	at io.vertx.core.impl.ContextInternal.dispatch(ContextInternal.java:279)
2025-01-30 18:18:57,343 INFO c.h.h.t.HelmChartContainer - [hivemq-test-hivemq-platform] [hivemq-platform-operator] [2cbe7a93] 	at io.vertx.core.impl.ContextInternal.dispatch(ContextInternal.java:261)
2025-01-30 18:18:57,343 INFO c.h.h.t.HelmChartContainer - [hivemq-test-hivemq-platform] [hivemq-platform-operator] [2cbe7a93] 	at io.vertx.core.http.impl.HttpEventHandler.handleEnd(HttpEventHandler.java:76)
2025-01-30 18:18:57,343 INFO c.h.h.t.HelmChartContainer - [hivemq-test-hivemq-platform] [hivemq-platform-operator] [2cbe7a93] 	at io.vertx.core.http.impl.HttpClientResponseImpl.handleEnd(HttpClientResponseImpl.java:250)
2025-01-30 18:18:57,343 INFO c.h.h.t.HelmChartContainer - [hivemq-test-hivemq-platform] [hivemq-platform-operator] [2cbe7a93] 	at io.vertx.core.http.impl.Http1xClientConnection$StreamImpl.lambda$new$0(Http1xClientConnection.java:421)
2025-01-30 18:18:57,343 INFO c.h.h.t.HelmChartContainer - [hivemq-test-hivemq-platform] [hivemq-platform-operator] [2cbe7a93] 	at io.vertx.core.streams.impl.InboundBuffer.handleEvent(InboundBuffer.java:279)
2025-01-30 18:18:57,343 INFO c.h.h.t.HelmChartContainer - [hivemq-test-hivemq-platform] [hivemq-platform-operator] [2cbe7a93] 	at io.vertx.core.streams.impl.InboundBuffer.write(InboundBuffer.java:157)
2025-01-30 18:18:57,343 INFO c.h.h.t.HelmChartContainer - [hivemq-test-hivemq-platform] [hivemq-platform-operator] [2cbe7a93] 	at io.vertx.core.http.impl.Http1xClientConnection$StreamImpl.handleEnd(Http1xClientConnection.java:709)
2025-01-30 18:18:57,343 INFO c.h.h.t.HelmChartContainer - [hivemq-test-hivemq-platform] [hivemq-platform-operator] [2cbe7a93] 	at io.vertx.core.impl.ContextImpl.lambda$execute$4(ContextImpl.java:315)
2025-01-30 18:18:57,343 INFO c.h.h.t.HelmChartContainer - [hivemq-test-hivemq-platform] [hivemq-platform-operator] [2cbe7a93] 	at io.netty.util.concurrent.AbstractEventExecutor.runTask(AbstractEventExecutor.java:173)
2025-01-30 18:18:57,343 INFO c.h.h.t.HelmChartContainer - [hivemq-test-hivemq-platform] [hivemq-platform-operator] [2cbe7a93] 	at io.netty.util.concurrent.AbstractEventExecutor.safeExecute(AbstractEventExecutor.java:166)
2025-01-30 18:18:57,343 INFO c.h.h.t.HelmChartContainer - [hivemq-test-hivemq-platform] [hivemq-platform-operator] [2cbe7a93] 	at io.netty.util.concurrent.SingleThreadEventExecutor.runAllTasks(SingleThreadEventExecutor.java:472)
2025-01-30 18:18:57,343 INFO c.h.h.t.HelmChartContainer - [hivemq-test-hivemq-platform] [hivemq-platform-operator] [2cbe7a93] 	at io.netty.channel.nio.NioEventLoop.run(NioEventLoop.java:569)
2025-01-30 18:18:57,343 INFO c.h.h.t.HelmChartContainer - [hivemq-test-hivemq-platform] [hivemq-platform-operator] [2cbe7a93] 	at io.netty.util.concurrent.SingleThreadEventExecutor$4.run(SingleThreadEventExecutor.java:997)
2025-01-30 18:18:57,343 INFO c.h.h.t.HelmChartContainer - [hivemq-test-hivemq-platform] [hivemq-platform-operator] [2cbe7a93] 	at io.netty.util.internal.ThreadExecutorMap$2.run(ThreadExecutorMap.java:74)
2025-01-30 18:18:57,343 INFO c.h.h.t.HelmChartContainer - [hivemq-test-hivemq-platform] [hivemq-platform-operator] [2cbe7a93] 	at io.netty.util.concurrent.FastThreadLocalRunnable.run(FastThreadLocalRunnable.java:30)
2025-01-30 18:18:57,343 INFO c.h.h.t.HelmChartContainer - [hivemq-test-hivemq-platform] [hivemq-platform-operator] [2cbe7a93] 	... 1 common frames omitted
2025-01-30 18:18:57,343 INFO c.h.h.t.HelmChartContainer - [hivemq-test-hivemq-platform] [hivemq-platform-operator] [2cbe7a93] 18:18:57.342 [ReconcilerExecutor-hivemq-controller-118] INFO  c.h.p.o.HiveMQPlatformReconciler - [helmrest] Cleanup test-hivemq-platform - helmrestapiit HiveMQ Platform is shut down
2025-01-30 18:18:57,677 INFO c.h.h.t.HelmChartContainer - [EVENT] Normal [Killing] Stopping container hivemq [helmrestapiit:test-hivemq-platform-0]
2025-01-30 18:18:57,677 INFO c.h.h.t.HelmChartContainer - Received Killing event for container hivemq in pod test-hivemq-platform-0 [34a611e5-afea-4016-9682-4adb6a2575ac]
2025-01-30 18:18:57,677 INFO c.h.h.t.HelmChartContainer - Container [test-hivemq-platform-0] [hivemq] [34a611e5-afea-4016-9682-4adb6a2575ac] was terminated
2025-01-30 18:18:57,677 INFO c.h.h.t.HelmChartContainer - Stopped log watcher for hivemq in pod test-hivemq-platform-0 [34a611e5-afea-4016-9682-4adb6a2575ac]
2025-01-30 18:18:57,677 INFO c.h.h.t.HelmChartContainer - [POD] test-hivemq-platform-0 [34a611e5-afea-4016-9682-4adb6a2575ac] in helmrestapiit was MODIFIED
2025-01-30 18:18:57,687 INFO c.h.h.t.HelmChartContainer - [test-hivemq-platform] [hivemq] [34a611e5] INFO  - [HiveMQ Platform Operator Init App 1.7.0-SNAPSHOT] Shutting down
2025-01-30 18:18:57,688 INFO c.h.h.t.HelmChartContainer - [test-hivemq-platform] [hivemq] [34a611e5] INFO  - [HiveMQ Platform Operator Init App 1.7.0-SNAPSHOT] Stopping the HiveMQ Platform
2025-01-30 18:18:57,802 INFO c.h.h.t.HelmChartContainer - [test-hivemq-platform] [hivemq] [34a611e5] INFO  - Shutting down HiveMQ. Please wait, this could take a while...
2025-01-30 18:18:57,890 INFO c.h.h.t.HelmChartContainer - [test-hivemq-platform] [hivemq] [34a611e5] INFO  - Shutting down listeners and clients
2025-01-30 18:18:57,891 INFO c.h.h.t.HelmChartContainer - [test-hivemq-platform] [hivemq] [34a611e5] INFO  - Shutdown of listeners is done
2025-01-30 18:18:57,891 INFO c.h.h.t.HelmChartContainer - [test-hivemq-platform] [hivemq] [34a611e5] INFO  - No clients are connected, proceeding with shutdown
2025-01-30 18:18:59,161 INFO c.h.h.t.HelmChartContainer - Deleting namespace 'helmrestapiit'...
2025-01-30 18:19:01,294 INFO c.h.h.t.HelmChartContainer - [test-hivemq-platform] [hivemq] [34a611e5] INFO  - Shutting down extension system
2025-01-30 18:19:01,299 INFO c.h.h.t.HelmChartContainer - [test-hivemq-platform] [hivemq] [34a611e5] INFO  - Stopping extension with id hivemq-dns-cluster-discovery
2025-01-30 18:19:01,300 INFO c.h.h.t.HelmChartContainer - [test-hivemq-platform] [hivemq] [34a611e5] INFO  - Extension "DNS Cluster Discovery Extension" version 4.3.2 stopped successfully.
2025-01-30 18:19:01,300 INFO c.h.h.t.HelmChartContainer - [test-hivemq-platform] [hivemq] [34a611e5] INFO  - Stopping extension with id hivemq-prometheus-extension
2025-01-30 18:19:01,303 INFO c.h.h.t.HelmChartContainer - [test-hivemq-platform] [hivemq] [34a611e5] INFO  - Extension "Prometheus Monitoring Extension" version 4.0.12 stopped successfully.
2025-01-30 18:19:01,305 INFO c.h.h.t.HelmChartContainer - [test-hivemq-platform] [hivemq] [34a611e5] INFO  - Stopping extension with id hivemq-allow-all-extension
2025-01-30 18:19:01,305 INFO c.h.h.t.HelmChartContainer - [test-hivemq-platform] [hivemq] [34a611e5] INFO  - Extension "Allow All Extension" version 1.1.1 stopped successfully.
2025-01-30 18:19:01,594 INFO c.h.h.t.HelmChartContainer - [test-hivemq-platform] [hivemq] [34a611e5] INFO  - [HiveMQ Platform Operator Init App 1.7.0-SNAPSHOT] Returning shutdown Health API response 503 for readiness
2025-01-30 18:19:01,599 INFO c.h.h.t.HelmChartContainer - [EVENT] Warning [Unhealthy] Readiness probe failed: HTTP probe failed with statuscode: 503 [helmrestapiit:test-hivemq-platform-0]
2025-01-30 18:19:01,599 INFO c.h.h.t.HelmChartContainer - Received Unhealthy event for container hivemq in pod test-hivemq-platform-0 [34a611e5-afea-4016-9682-4adb6a2575ac]
2025-01-30 18:19:01,940 INFO c.h.h.t.HelmChartContainer - [K3S] [authentication.go:74] "Unable to authenticate the request" err="[invalid bearer token, serviceaccounts \"hivemq-platform-pod-test-hivemq-platform\" not found]"
2025-01-30 18:19:01,959 INFO c.h.h.t.HelmChartContainer - [K3S] [authentication.go:74] "Unable to authenticate the request" err="[invalid bearer token, serviceaccounts \"hivemq-platform-pod-test-hivemq-platform\" not found]"
2025-01-30 18:19:02,039 INFO c.h.h.t.HelmChartContainer - [test-hivemq-platform] [hivemq] [34a611e5] WARN  - [HiveMQ Platform Operator Init App 1.7.0-SNAPSHOT] Could not update Pod annotations: Failure executing: GET at: https://10.43.0.1:443/api/v1/namespaces/helmrestapiit/pods/test-hivemq-platform-0. Message: Unauthorized. Received status: Status(apiVersion=v1, code=401, details=null, kind=Status, message=Unauthorized, metadata=ListMeta(_continue=null, remainingItemCount=null, resourceVersion=null, selfLink=null, additionalProperties={}), reason=Unauthorized, status=Failure, additionalProperties={}).
2025-01-30 18:19:03,633 INFO c.h.h.t.HelmChartContainer - [test-hivemq-platform] [hivemq] [34a611e5] INFO  - Shutdown completed.
2025-01-30 18:19:03,978 INFO c.h.h.t.HelmChartContainer - [test-hivemq-platform] [hivemq] [34a611e5] INFO  - [HiveMQ Platform Operator Init App 1.7.0-SNAPSHOT] The HiveMQ Platform exited with code 143
2025-01-30 18:19:03,978 INFO c.h.h.t.HelmChartContainer - [test-hivemq-platform] [hivemq] [34a611e5] INFO  - [HiveMQ Platform Operator Init App 1.7.0-SNAPSHOT] Stopping the REST API
2025-01-30 18:19:03,986 INFO c.h.h.t.HelmChartContainer - [test-hivemq-platform] [hivemq] [34a611e5] INFO  - [HiveMQ Platform Operator Init App 1.7.0-SNAPSHOT] Shutdown complete
2025-01-30 18:19:04,276 INFO c.h.h.t.HelmChartContainer - [K3S] [stateful_set.go:466] "StatefulSet has been deleted" key="helmrestapiit/test-hivemq-platform"
2025-01-30 18:19:04,433 INFO c.h.h.t.HelmChartContainer - [POD] test-hivemq-platform-0 [34a611e5-afea-4016-9682-4adb6a2575ac] in helmrestapiit was MODIFIED
2025-01-30 18:19:04,493 INFO c.h.h.t.HelmChartContainer - [K3S] [reconciler_common.go:162] "operationExecutor.UnmountVolume started for volume \"pod-info\" (UniqueName: \"kubernetes.io/configmap/34a611e5-afea-4016-9682-4adb6a2575ac-pod-info\") pod \"34a611e5-afea-4016-9682-4adb6a2575ac\" (UID: \"34a611e5-afea-4016-9682-4adb6a2575ac\") "
2025-01-30 18:19:04,493 INFO c.h.h.t.HelmChartContainer - [K3S] [reconciler_common.go:162] "operationExecutor.UnmountVolume started for volume \"operator-init\" (UniqueName: \"kubernetes.io/empty-dir/34a611e5-afea-4016-9682-4adb6a2575ac-operator-init\") pod \"34a611e5-afea-4016-9682-4adb6a2575ac\" (UID: \"34a611e5-afea-4016-9682-4adb6a2575ac\") "
2025-01-30 18:19:04,493 INFO c.h.h.t.HelmChartContainer - [K3S] [reconciler_common.go:162] "operationExecutor.UnmountVolume started for volume \"kube-api-access-m2hg2\" (UniqueName: \"kubernetes.io/projected/34a611e5-afea-4016-9682-4adb6a2575ac-kube-api-access-m2hg2\") pod \"34a611e5-afea-4016-9682-4adb6a2575ac\" (UID: \"34a611e5-afea-4016-9682-4adb6a2575ac\") "
2025-01-30 18:19:04,493 INFO c.h.h.t.HelmChartContainer - [K3S] [reconciler_common.go:162] "operationExecutor.UnmountVolume started for volume \"broker-configuration\" (UniqueName: \"kubernetes.io/configmap/34a611e5-afea-4016-9682-4adb6a2575ac-broker-configuration\") pod \"34a611e5-afea-4016-9682-4adb6a2575ac\" (UID: \"34a611e5-afea-4016-9682-4adb6a2575ac\") "
2025-01-30 18:19:04,593 INFO c.h.h.t.HelmChartContainer - [K3S] [reconciler_common.go:299] "Volume detached for volume \"operator-init\" (UniqueName: \"kubernetes.io/empty-dir/34a611e5-afea-4016-9682-4adb6a2575ac-operator-init\") on node \"8e4c0e52442e\" DevicePath \"\""
2025-01-30 18:19:04,593 INFO c.h.h.t.HelmChartContainer - [K3S] [reconciler_common.go:299] "Volume detached for volume \"pod-info\" (UniqueName: \"kubernetes.io/configmap/34a611e5-afea-4016-9682-4adb6a2575ac-pod-info\") on node \"8e4c0e52442e\" DevicePath \"\""
2025-01-30 18:19:04,593 INFO c.h.h.t.HelmChartContainer - [K3S] [reconciler_common.go:299] "Volume detached for volume \"kube-api-access-m2hg2\" (UniqueName: \"kubernetes.io/projected/34a611e5-afea-4016-9682-4adb6a2575ac-kube-api-access-m2hg2\") on node \"8e4c0e52442e\" DevicePath \"\""
2025-01-30 18:19:04,593 INFO c.h.h.t.HelmChartContainer - [K3S] [reconciler_common.go:299] "Volume detached for volume \"broker-configuration\" (UniqueName: \"kubernetes.io/configmap/34a611e5-afea-4016-9682-4adb6a2575ac-broker-configuration\") on node \"8e4c0e52442e\" DevicePath \"\""
2025-01-30 18:19:04,788 INFO c.h.h.t.HelmChartContainer - [K3S] [scope.go:117] "RemoveContainer" containerID="b5daee70bfe48c8b6abfc6c0470108117a30e7965ed31259d3212dad8f5ff3ae"
2025-01-30 18:19:04,802 INFO c.h.h.t.HelmChartContainer - [POD] test-hivemq-platform-0 [34a611e5-afea-4016-9682-4adb6a2575ac] in helmrestapiit was MODIFIED
2025-01-30 18:19:04,803 INFO c.h.h.t.HelmChartContainer - [POD] test-hivemq-platform-0 [34a611e5-afea-4016-9682-4adb6a2575ac] in helmrestapiit was DELETED
2025-01-30 18:19:04,895 INFO c.h.h.t.HelmChartContainer - [K3S] [scope.go:117] "RemoveContainer" containerID="b64c5d781d6b6bdbce1fb00634ef767555f345ea679ddf6ebfc8b43dd4e31c26"
2025-01-30 18:19:04,897 INFO c.h.h.t.HelmChartContainer - [K3S] [scope.go:117] "RemoveContainer" containerID="b5daee70bfe48c8b6abfc6c0470108117a30e7965ed31259d3212dad8f5ff3ae"
2025-01-30 18:19:04,898 INFO c.h.h.t.HelmChartContainer - [K3S] [scope.go:117] "RemoveContainer" containerID="b64c5d781d6b6bdbce1fb00634ef767555f345ea679ddf6ebfc8b43dd4e31c26"
2025-01-30 18:19:06,181 INFO c.h.h.t.HelmChartContainer - [K3S] [kubelet_volumes.go:163] "Cleaned up orphaned pod volumes dir" podUID="34a611e5-afea-4016-9682-4adb6a2575ac" path="/var/lib/kubelet/pods/34a611e5-afea-4016-9682-4adb6a2575ac/volumes"
2025-01-30 18:19:09,513 INFO c.h.h.t.HelmChartContainer - Namespace 'helmrestapiit' deleted
2025-01-30 18:19:09,513 INFO c.h.h.t.HelmChartContainer - Release 'test-hivemq-platform' in namespace 'helmrestapiit' is uninstalled
2025-01-30 18:19:09,513 INFO c.h.h.t.HelmChartContainer - Uninstalling release 'test-hivemq-platform-operator' in namespace 'helmrestapiit-operator'...
2025-01-30 18:19:09,513 DEBUG c.h.h.t.HelmChartContainer - Executing helm command: /bin/helm --kubeconfig /etc/rancher/k3s/k3s.yaml uninstall test-hivemq-platform-operator  --wait --timeout 5m0s --cascade foreground --namespace helmrestapiit-operator
2025-01-30 18:19:09,668 INFO c.h.h.t.HelmChartContainer - [K3S] [replica_set.go:679] "Finished syncing" kind="ReplicaSet" key="helmrestapiit-operator/hivemq-test-hivemq-platform-operator-6966f96d65" duration="8.319776ms"
2025-01-30 18:19:09,668 INFO c.h.h.t.HelmChartContainer - [K3S] [replica_set.go:679] "Finished syncing" kind="ReplicaSet" key="helmrestapiit-operator/hivemq-test-hivemq-platform-operator-6966f96d65" duration="33.222µs"
2025-01-30 18:19:09,681 INFO c.h.h.t.HelmChartContainer - [POD] hivemq-test-hivemq-platform-operator-6966f96d65-wsb8g [2cbe7a93-c227-40a6-890e-28ad52359db1] in helmrestapiit-operator was MODIFIED
2025-01-30 18:19:09,688 INFO c.h.h.t.HelmChartContainer - [K3S] [replica_set.go:679] "Finished syncing" kind="ReplicaSet" key="helmrestapiit-operator/hivemq-test-hivemq-platform-operator-6966f96d65" duration="6.73492ms"
2025-01-30 18:19:09,689 INFO c.h.h.t.HelmChartContainer - [K3S] [replica_set.go:679] "Finished syncing" kind="ReplicaSet" key="helmrestapiit-operator/hivemq-test-hivemq-platform-operator-6966f96d65" duration="32.942µs"
2025-01-30 18:19:09,798 INFO c.h.h.t.HelmChartContainer - [EVENT] Normal [Killing] Stopping container hivemq-platform-operator [helmrestapiit-operator:hivemq-test-hivemq-platform-operator-6966f96d65-wsb8g]
2025-01-30 18:19:09,798 INFO c.h.h.t.HelmChartContainer - Received Killing event for container hivemq-platform-operator in pod hivemq-test-hivemq-platform-operator-6966f96d65-wsb8g [2cbe7a93-c227-40a6-890e-28ad52359db1]
2025-01-30 18:19:09,798 INFO c.h.h.t.HelmChartContainer - Container [hivemq-test-hivemq-platform-operator-6966f96d65-wsb8g] [hivemq-platform-operator] [2cbe7a93-c227-40a6-890e-28ad52359db1] was terminated
2025-01-30 18:19:09,798 INFO c.h.h.t.HelmChartContainer - Stopped log watcher for hivemq-platform-operator in pod hivemq-test-hivemq-platform-operator-6966f96d65-wsb8g [2cbe7a93-c227-40a6-890e-28ad52359db1]
2025-01-30 18:19:09,802 INFO c.h.h.t.HelmChartContainer - [hivemq-test-hivemq-platform] [hivemq-platform-operator] [2cbe7a93] 18:19:09.801 [application-shutdown-thread] INFO  c.h.p.o.HiveMQPlatformOperatorApplication - HiveMQ Platform Operator is stopping...
2025-01-30 18:19:09,802 INFO c.h.h.t.HelmChartContainer - [hivemq-test-hivemq-platform] [hivemq-platform-operator] [2cbe7a93] 18:19:09.801 [application-shutdown-thread] INFO  i.javaoperatorsdk.operator.Operator - Operator SDK 4.9.7 is shutting down...
2025-01-30 18:19:10,447 INFO c.h.h.t.HelmChartContainer - [K3S] [replica_set.go:679] "Finished syncing" kind="ReplicaSet" key="helmrestapiit-operator/hivemq-test-hivemq-platform-operator-6966f96d65" duration="41.617µs"
2025-01-30 18:19:10,447 INFO c.h.h.t.HelmChartContainer - [POD] hivemq-test-hivemq-platform-operator-6966f96d65-wsb8g [2cbe7a93-c227-40a6-890e-28ad52359db1] in helmrestapiit-operator was MODIFIED
2025-01-30 18:19:10,524 INFO c.h.h.t.HelmChartContainer - [K3S] [reconciler_common.go:162] "operationExecutor.UnmountVolume started for volume \"kube-api-access-vnhkt\" (UniqueName: \"kubernetes.io/projected/2cbe7a93-c227-40a6-890e-28ad52359db1-kube-api-access-vnhkt\") pod \"2cbe7a93-c227-40a6-890e-28ad52359db1\" (UID: \"2cbe7a93-c227-40a6-890e-28ad52359db1\") "
2025-01-30 18:19:10,625 INFO c.h.h.t.HelmChartContainer - [K3S] [reconciler_common.go:299] "Volume detached for volume \"kube-api-access-vnhkt\" (UniqueName: \"kubernetes.io/projected/2cbe7a93-c227-40a6-890e-28ad52359db1-kube-api-access-vnhkt\") on node \"8e4c0e52442e\" DevicePath \"\""
2025-01-30 18:19:10,796 INFO c.h.h.t.HelmChartContainer - [K3S] [scope.go:117] "RemoveContainer" containerID="71fa99e1648af9a1f187e306b933b125e7c1e265d4bb6ee42830eec69b3d1e9f"
2025-01-30 18:19:10,800 INFO c.h.h.t.HelmChartContainer - [K3S] [scope.go:117] "RemoveContainer" containerID="71fa99e1648af9a1f187e306b933b125e7c1e265d4bb6ee42830eec69b3d1e9f"
2025-01-30 18:19:10,808 INFO c.h.h.t.HelmChartContainer - [K3S] [replica_set.go:679] "Finished syncing" kind="ReplicaSet" key="helmrestapiit-operator/hivemq-test-hivemq-platform-operator-6966f96d65" duration="41.227µs"
2025-01-30 18:19:10,809 INFO c.h.h.t.HelmChartContainer - [POD] hivemq-test-hivemq-platform-operator-6966f96d65-wsb8g [2cbe7a93-c227-40a6-890e-28ad52359db1] in helmrestapiit-operator was MODIFIED
2025-01-30 18:19:10,811 INFO c.h.h.t.HelmChartContainer - [K3S] [replica_set.go:679] "Finished syncing" kind="ReplicaSet" key="helmrestapiit-operator/hivemq-test-hivemq-platform-operator-6966f96d65" duration="29.625µs"
2025-01-30 18:19:10,811 INFO c.h.h.t.HelmChartContainer - [POD] hivemq-test-hivemq-platform-operator-6966f96d65-wsb8g [2cbe7a93-c227-40a6-890e-28ad52359db1] in helmrestapiit-operator was DELETED
2025-01-30 18:19:10,821 INFO c.h.h.t.HelmChartContainer - [K3S] [replica_set.go:679] "Finished syncing" kind="ReplicaSet" key="helmrestapiit-operator/hivemq-test-hivemq-platform-operator-6966f96d65" duration="4.93µs"
2025-01-30 18:19:11,716 INFO c.h.h.t.HelmChartContainer - Deleting namespace 'helmrestapiit-operator'...
2025-01-30 18:19:12,181 INFO c.h.h.t.HelmChartContainer - [K3S] [kubelet_volumes.go:163] "Cleaned up orphaned pod volumes dir" podUID="2cbe7a93-c227-40a6-890e-28ad52359db1" path="/var/lib/kubelet/pods/2cbe7a93-c227-40a6-890e-28ad52359db1/volumes"
2025-01-30 18:19:14,443 INFO c.h.h.t.HelmChartContainer - [K3S] [namespace_controller.go:187] "Namespace has been deleted" namespace="helmrestapiit"
2025-01-30 18:19:16,930 INFO c.h.h.t.HelmChartContainer - Namespace 'helmrestapiit-operator' deleted
2025-01-30 18:19:16,930 INFO c.h.h.t.HelmChartContainer - Release 'test-hivemq-platform-operator' in namespace 'helmrestapiit-operator' is uninstalled
2025-01-30 18:19:17,647 INFO c.h.helmcharts.AbstractHelmChartIT - Removed unused containers:

2025-01-30 18:19:21,836 INFO c.h.h.t.HelmChartContainer - [K3S] [namespace_controller.go:187] "Namespace has been deleted" namespace="helmrestapiit-operator"
2025-01-30 18:19:25,204 INFO c.h.helmcharts.AbstractHelmChartIT - Removed unused snapshots:
Removing snapshot sha256:03af251906410714c5aef9fa705b63f6bbc39c4a5e787de7361eeb18886c2ed2
Removing snapshot sha256:0c46b3b43cce082ce5ec34ffc6c294e0417d17b9d1e6f366d114b6aadc4f96dc
Removing snapshot sha256:0ce761beee59082d6ed5bcebd3a805b8ddd9b3426b617e4809e7fb7c6587ffec
Removing snapshot sha256:0df91287303208332c8ff6ba40ae4710105201739addbfbddfb955f1ad593664
Removing snapshot sha256:1021ef88c7974bfff89c5a0ec4fd3160daac6c48a075f74cff721f85dd104e68
Removing snapshot sha256:10aba4953ddc18145dd38e3704709bc464aa20af60b56fe52caaff4b68411e62
Removing snapshot sha256:2573e0d8158209ed54ab25c87bcdcb00bd3d2539246960a3d592a1c599d70465
Removing snapshot sha256:32b89d6c3a45dc4cf6d8b5c6946d7c053e5779c69dcabceffbd5b261926e429f
Removing snapshot sha256:362a8a37f8bbc31925a8146adcf7cf51f9882f5c1dcbef67c5baa03a297543c0
Removing snapshot sha256:3fa4ad33f0ddc8fd45b39b6b4640f82a3a83619606cd975bfe89d8710ad2d4cd
Removing snapshot sha256:43a7c979bbaba6838bc3102d6b10a1459f3ab050b87ccdfef84ef90cf43d3058
Removing snapshot sha256:4ab04491cdf0d3267f08206fe30bd48f49f94b9cab2f016d6739220f722a64af
Removing snapshot sha256:4b6068250e89c96f263060261819c7d912855bfbd64b3eb4c4a8483299b8c295
Removing snapshot sha256:580e69a0a8034ede1921139bbd2bfb72a69ebf276d008281896c32dd8bf74775
Removing snapshot sha256:5d30ba46b27fe37484567ccc5242cadc78217b8da605f3f195ef25cbf7487904
Removing snapshot sha256:63ca1fbb43ae5034640e5e6cb3e083e05c290072c5366fcaa9d62435a4cced85
Removing snapshot sha256:67f702c6baae873bceb19487c8b1f27bd2b86077e4f2f0e480e6d60ab508b8f5
Removing snapshot sha256:6864348dd42806d552efdec384f1274be15e2d0c10ce44c1f04347af004c10a9
Removing snapshot sha256:6a4102f4b3b9e017c5fac841f993c4314ef459d8fb9bc8b421206562436352bd
Removing snapshot sha256:6c7dee8f2c39b84b7dc2711c01d33de93514d9055499173e9290176fbe484b6c
Removing snapshot sha256:82753493a6d61ded36556292f02f31841a14c20d2f279f19eaad65afb661d5cd
Removing snapshot sha256:8a10d3db42c505ee0fcfa98417bdd7e39b304f6bcc0a06bb1b220797ff2cc63c
Removing snapshot sha256:a21e5b12dbac529ad45d976eb9ce45c881f3bedcc500fb30aba1e52aa1813418
Removing snapshot sha256:b921e6c28969094157f9b8e7244677780319637afd14450b7cb6b2fdea558a0c
Removing snapshot sha256:bc27ecb5769a00e309cf99ebc763c4a4b958b618d1decc96ffac5bc05f02f5b7
Removing snapshot sha256:be3ccb6627a5332e309d45ef461d09b4879dd870c7394d89323d0ebc6ca6aa8a
Removing snapshot sha256:c261f7cbbc64211ee175ee47273acdb7b1a36a4450b397a064a8f2c026490095
Removing snapshot sha256:c34d9393647eea0c9e3557ab988efaf59f61d10a2a5613b439ef0958cca5ec10
Removing snapshot sha256:ccf3c4a0fa967a41c1c83497a2ce6fa5787965859df0adb32c4ca2cf7490bc2b
Removing snapshot sha256:cf92d33f869417309692088c341cd0f223c178ea78a125f757317b22aa8f90e9
Removing snapshot sha256:d0037344cf2fb078884f1849f6a1f8cf9a33a3b6139b6a85833e5ee528e1f9a8
Removing snapshot sha256:d3b36d5b79273b1e98e7700470eaeff05a882e777124d84cebcc1505b85ecb36
Removing snapshot sha256:d65a44a37914602d12c611e5e22a50f11451d847e63015cc1c2aef92dee777a4
Removing snapshot sha256:e2dc0bae2455930f23ae570e019b7f32edc75c0f2d71cab084db837ff9051796
Removing snapshot sha256:eccbd24a99c60cd9e86ee5305dbfc4a4dc89f5ab4fb1f06c8d64797cecedef34
Removing snapshot sha256:f144bb4c7c7f0d2aa7eeffd36d934ec40db1ee167be727e326aad9fdc616f475

]]></system-out>
  </testcase>
  <system-out><![CDATA[2025-01-30 18:14:23,557 INFO c.h.h.t.HelmChartContainerExtension - Using cached HelmChartContainer instance
]]></system-out>
  <system-err><![CDATA[]]></system-err>
</testsuite>
