<?xml version="1.0" encoding="UTF-8"?>
<testsuite name="com.hivemq.helmcharts.extensions.HelmCustomExtensionWithHttpBasicAuthIT" tests="1" skipped="0" failures="0" errors="0" timestamp="2025-08-11T16:10:54" hostname="pkrvmsl9tci6h6u" time="101.709">
  <properties/>
  <testcase name="platformChart_whenCustomExtensionIsConfigured_withHttpBasicAuth_thenStartsUpSuccessfully()" classname="com.hivemq.helmcharts.extensions.HelmCustomExtensionWithHttpBasicAuthIT" time="101.709"/>
</testsuite>
