<?xml version="1.0" encoding="UTF-8"?>
<testsuite name="com.hivemq.helmcharts.license.HelmDataHubLicensesIT" tests="2" skipped="0" failures="0" errors="0" timestamp="2025-02-04T14:28:17" hostname="fv-az1377-749" time="205.956">
  <properties/>
  <testcase name="withDataHubLicenseFileContent_statefulSetWithLicenseSecretMounted()" classname="com.hivemq.helmcharts.license.HelmDataHubLicensesIT" time="105.978"/>
  <testcase name="withExistingDataHubLicenseFileContent_statefulSetWithLicenseSecretMounted()" classname="com.hivemq.helmcharts.license.HelmDataHubLicensesIT" time="99.977"/>
</testsuite>
