<?xml version="1.0" encoding="UTF-8"?>
<testsuite name="com.hivemq.helmcharts.operator.CustomOperatorSelectorIT" tests="1" skipped="0" failures="0" errors="0" timestamp="2025-01-30T04:03:12" hostname="fv-az797-775" time="99.395">
  <properties/>
  <testcase name="whenOperatorSelectorIsConfigured_thenOnlyMatchingCustomResourcesAreReconciled()" classname="com.hivemq.helmcharts.operator.CustomOperatorSelectorIT" time="99.395">
    <system-out><![CDATA[2025-01-30 04:03:12,999 INFO c.h.h.t.HelmChartContainer - Creating namespace 'customoperatorselectorit-operator'...
2025-01-30 04:03:13,010 INFO c.h.h.t.HelmChartContainer - Namespace 'customoperatorselectorit-operator' created
2025-01-30 04:03:13,010 INFO c.h.h.t.HelmChartContainer - Creating namespace 'customoperatorselectorit'...
2025-01-30 04:03:13,109 INFO c.h.h.t.HelmChartContainer - Namespace 'customoperatorselectorit' created
2025-01-30 04:03:13,175 DEBUG c.h.h.t.HelmChartContainer - Executing helm command: /bin/helm --kubeconfig /etc/rancher/k3s/k3s.yaml install test-hivemq-platform-operator /charts/hivemq-platform-operator --wait --timeout 5m0s --set image.repository=docker.io/hivemq --set image.name=hivemq-platform-operator-test --set image.initImageName=hivemq-platform-operator-init-test --set image.tag=snapshot --set image.pullPolicy=Never --set logLevel=DEBUG --set resources.cpu=512m --set selector=alpha --namespace customoperatorselectorit-operator
2025-01-30 04:03:13,500 INFO c.h.h.t.HelmChartContainer - [K3S] [alloc.go:330] "allocated clusterIPs" service="customoperatorselectorit-operator/hivemq-platform-operator-test-hivemq-platform-operator" clusterIPs={"IPv4":"10.43.31.195"}
2025-01-30 04:03:13,516 INFO c.h.h.t.HelmChartContainer - [EVENT] Normal [ScalingReplicaSet] Scaled up replica set hivemq-test-hivemq-platform-operator-776fc5b486 from 0 to 1 [customoperatorselectorit-operator:hivemq-test-hivemq-platform-operator]
2025-01-30 04:03:13,521 INFO c.h.h.t.HelmChartContainer - [POD] hivemq-test-hivemq-platform-operator-776fc5b486-5v96m [13354393-0377-4f13-a7d1-8fee16a69a9f] in customoperatorselectorit-operator was ADDED
2025-01-30 04:03:13,527 INFO c.h.h.t.HelmChartContainer - [POD] hivemq-test-hivemq-platform-operator-776fc5b486-5v96m [13354393-0377-4f13-a7d1-8fee16a69a9f] in customoperatorselectorit-operator was MODIFIED
2025-01-30 04:03:13,528 INFO c.h.h.t.HelmChartContainer - [K3S] [memory_manager.go:355] "RemoveStaleState removing state" podUID="f27378d7-e84f-4a2a-aec6-8b2f0b587719" containerName="grafana-sc-dashboard"
2025-01-30 04:03:13,529 INFO c.h.h.t.HelmChartContainer - [K3S] [memory_manager.go:355] "RemoveStaleState removing state" podUID="62c2654f-8406-4833-9c12-1eb34a441eee" containerName="prometheus"
2025-01-30 04:03:13,529 INFO c.h.h.t.HelmChartContainer - [K3S] [memory_manager.go:355] "RemoveStaleState removing state" podUID="62c2654f-8406-4833-9c12-1eb34a441eee" containerName="config-reloader"
2025-01-30 04:03:13,529 INFO c.h.h.t.HelmChartContainer - [K3S] [memory_manager.go:355] "RemoveStaleState removing state" podUID="d9ec257f-1db7-46e2-95ae-525892356efe" containerName="kube-prometheus-stack"
2025-01-30 04:03:13,529 INFO c.h.h.t.HelmChartContainer - [K3S] [memory_manager.go:355] "RemoveStaleState removing state" podUID="c6272d97-beb1-4974-9bb0-8c7d28dd9747" containerName="node-exporter"
2025-01-30 04:03:13,530 INFO c.h.h.t.HelmChartContainer - [K3S] [memory_manager.go:355] "RemoveStaleState removing state" podUID="f27378d7-e84f-4a2a-aec6-8b2f0b587719" containerName="grafana"
2025-01-30 04:03:13,530 INFO c.h.h.t.HelmChartContainer - [EVENT] Normal [SuccessfulCreate] Created pod: hivemq-test-hivemq-platform-operator-776fc5b486-5v96m [customoperatorselectorit-operator:hivemq-test-hivemq-platform-operator-776fc5b486]
2025-01-30 04:03:13,530 INFO c.h.h.t.HelmChartContainer - [K3S] [memory_manager.go:355] "RemoveStaleState removing state" podUID="da52c344-1e7c-4beb-9db8-3bb8cbb7853d" containerName="alertmanager"
2025-01-30 04:03:13,530 INFO c.h.h.t.HelmChartContainer - [K3S] [memory_manager.go:355] "RemoveStaleState removing state" podUID="3e36a005-8eb1-413d-8023-4e8254dad58b" containerName="kube-state-metrics"
2025-01-30 04:03:13,530 INFO c.h.h.t.HelmChartContainer - [K3S] [memory_manager.go:355] "RemoveStaleState removing state" podUID="f27378d7-e84f-4a2a-aec6-8b2f0b587719" containerName="grafana-sc-datasources"
2025-01-30 04:03:13,530 INFO c.h.h.t.HelmChartContainer - [K3S] [memory_manager.go:355] "RemoveStaleState removing state" podUID="da52c344-1e7c-4beb-9db8-3bb8cbb7853d" containerName="config-reloader"
2025-01-30 04:03:13,531 INFO c.h.h.t.HelmChartContainer - [K3S] [memory_manager.go:355] "RemoveStaleState removing state" podUID="a6f11757-6ac5-405c-b21b-2e68f968b6ab" containerName="hivemq-platform-operator"
2025-01-30 04:03:13,534 INFO c.h.h.t.HelmChartContainer - [K3S] [replica_set.go:679] "Finished syncing" kind="ReplicaSet" key="customoperatorselectorit-operator/hivemq-test-hivemq-platform-operator-776fc5b486" duration="22.203228ms"
2025-01-30 04:03:13,539 INFO c.h.h.t.HelmChartContainer - [EVENT] Normal [Scheduled] Successfully assigned customoperatorselectorit-operator/hivemq-test-hivemq-platform-operator-776fc5b486-5v96m to f56699bdbf80 [customoperatorselectorit-operator:hivemq-test-hivemq-platform-operator-776fc5b486-5v96m]
2025-01-30 04:03:13,546 INFO c.h.h.t.HelmChartContainer - [POD] hivemq-test-hivemq-platform-operator-776fc5b486-5v96m [13354393-0377-4f13-a7d1-8fee16a69a9f] in customoperatorselectorit-operator was MODIFIED
2025-01-30 04:03:13,549 INFO c.h.h.t.HelmChartContainer - [K3S] [replica_set.go:679] "Finished syncing" kind="ReplicaSet" key="customoperatorselectorit-operator/hivemq-test-hivemq-platform-operator-776fc5b486" duration="15.916835ms"
2025-01-30 04:03:13,549 INFO c.h.h.t.HelmChartContainer - [K3S] [replica_set.go:679] "Finished syncing" kind="ReplicaSet" key="customoperatorselectorit-operator/hivemq-test-hivemq-platform-operator-776fc5b486" duration="35.196µs"
2025-01-30 04:03:13,549 INFO c.h.h.t.HelmChartContainer - [K3S] [replica_set.go:679] "Finished syncing" kind="ReplicaSet" key="customoperatorselectorit-operator/hivemq-test-hivemq-platform-operator-776fc5b486" duration="22.662µs"
2025-01-30 04:03:13,646 INFO c.h.h.t.HelmChartContainer - [K3S] [reconciler_common.go:251] "operationExecutor.VerifyControllerAttachedVolume started for volume \"kube-api-access-v5bzq\" (UniqueName: \"kubernetes.io/projected/13354393-0377-4f13-a7d1-8fee16a69a9f-kube-api-access-v5bzq\") pod \"hivemq-test-hivemq-platform-operator-776fc5b486-5v96m\" (UID: \"13354393-0377-4f13-a7d1-8fee16a69a9f\") " pod="customoperatorselectorit-operator/hivemq-test-hivemq-platform-operator-776fc5b486-5v96m"
2025-01-30 04:03:13,942 INFO c.h.h.t.HelmChartContainer - [EVENT] Normal [Pulled] Container image "docker.io/hivemq/hivemq-platform-operator-test:snapshot" already present on machine [customoperatorselectorit-operator:hivemq-test-hivemq-platform-operator-776fc5b486-5v96m]
2025-01-30 04:03:13,942 INFO c.h.h.t.HelmChartContainer - Received Pulled event for container hivemq-platform-operator in pod hivemq-test-hivemq-platform-operator-776fc5b486-5v96m [13354393-0377-4f13-a7d1-8fee16a69a9f]
2025-01-30 04:03:15,248 INFO c.h.h.t.HelmChartContainer - [EVENT] Normal [Created] Created container: hivemq-platform-operator [customoperatorselectorit-operator:hivemq-test-hivemq-platform-operator-776fc5b486-5v96m]
2025-01-30 04:03:15,248 INFO c.h.h.t.HelmChartContainer - Received Created event for container hivemq-platform-operator in pod hivemq-test-hivemq-platform-operator-776fc5b486-5v96m [13354393-0377-4f13-a7d1-8fee16a69a9f]
2025-01-30 04:03:15,806 INFO c.h.h.t.HelmChartContainer - [K3S] [replica_set.go:679] "Finished syncing" kind="ReplicaSet" key="customoperatorselectorit-operator/hivemq-test-hivemq-platform-operator-776fc5b486" duration="38.792µs"
2025-01-30 04:03:15,808 INFO c.h.h.t.HelmChartContainer - [POD] hivemq-test-hivemq-platform-operator-776fc5b486-5v96m [13354393-0377-4f13-a7d1-8fee16a69a9f] in customoperatorselectorit-operator was MODIFIED
2025-01-30 04:03:15,816 INFO c.h.h.t.HelmChartContainer - Started log watcher for hivemq-platform-operator in pod hivemq-test-hivemq-platform-operator-776fc5b486-5v96m [13354393-0377-4f13-a7d1-8fee16a69a9f]
2025-01-30 04:03:15,816 INFO c.h.h.t.HelmChartContainer - [hivemq-test-hivemq-platform] [hivemq-platform-operator] [13354393] -------------------------------------------------------------------------
2025-01-30 04:03:15,816 INFO c.h.h.t.HelmChartContainer - [EVENT] Normal [Started] Started container hivemq-platform-operator [customoperatorselectorit-operator:hivemq-test-hivemq-platform-operator-776fc5b486-5v96m]
2025-01-30 04:03:15,816 INFO c.h.h.t.HelmChartContainer - Received Started event for container hivemq-platform-operator in pod hivemq-test-hivemq-platform-operator-776fc5b486-5v96m [13354393-0377-4f13-a7d1-8fee16a69a9f]
2025-01-30 04:03:15,816 INFO c.h.h.t.HelmChartContainer - [hivemq-test-hivemq-platform] [hivemq-platform-operator] [13354393] 
2025-01-30 04:03:15,816 INFO c.h.h.t.HelmChartContainer - [hivemq-test-hivemq-platform] [hivemq-platform-operator] [13354393]                   _    _  _              __  __   ____
2025-01-30 04:03:15,816 INFO c.h.h.t.HelmChartContainer - [hivemq-test-hivemq-platform] [hivemq-platform-operator] [13354393]                  | |  | |(_)            |  \/  | / __ \
2025-01-30 04:03:15,817 INFO c.h.h.t.HelmChartContainer - [hivemq-test-hivemq-platform] [hivemq-platform-operator] [13354393]                  | |__| | _ __   __ ___ | \  / || |  | |
2025-01-30 04:03:15,817 INFO c.h.h.t.HelmChartContainer - [hivemq-test-hivemq-platform] [hivemq-platform-operator] [13354393]                  |  __  || |\ \ / // _ \| |\/| || |  | |
2025-01-30 04:03:15,817 INFO c.h.h.t.HelmChartContainer - [hivemq-test-hivemq-platform] [hivemq-platform-operator] [13354393]                  | |  | || | \ V /|  __/| |  | || |__| |
2025-01-30 04:03:15,817 INFO c.h.h.t.HelmChartContainer - [hivemq-test-hivemq-platform] [hivemq-platform-operator] [13354393]                  |_|  |_||_|  \_/  \___||_|  |_| \___\_\
2025-01-30 04:03:15,817 INFO c.h.h.t.HelmChartContainer - [hivemq-test-hivemq-platform] [hivemq-platform-operator] [13354393] 
2025-01-30 04:03:15,817 INFO c.h.h.t.HelmChartContainer - [hivemq-test-hivemq-platform] [hivemq-platform-operator] [13354393] -------------------------------------------------------------------------
2025-01-30 04:03:15,817 INFO c.h.h.t.HelmChartContainer - [hivemq-test-hivemq-platform] [hivemq-platform-operator] [13354393] 
2025-01-30 04:03:15,817 INFO c.h.h.t.HelmChartContainer - [hivemq-test-hivemq-platform] [hivemq-platform-operator] [13354393]   HiveMQ Platform Operator Start Script v1.0
2025-01-30 04:03:15,817 INFO c.h.h.t.HelmChartContainer - [hivemq-test-hivemq-platform] [hivemq-platform-operator] [13354393] 
2025-01-30 04:03:15,817 INFO c.h.h.t.HelmChartContainer - [hivemq-test-hivemq-platform] [hivemq-platform-operator] [13354393] -------------------------------------------------------------------------
2025-01-30 04:03:15,817 INFO c.h.h.t.HelmChartContainer - [hivemq-test-hivemq-platform] [hivemq-platform-operator] [13354393] 
2025-01-30 04:03:15,817 INFO c.h.h.t.HelmChartContainer - [hivemq-test-hivemq-platform] [hivemq-platform-operator] [13354393]   JAVA_OPTS: -XX:+UnlockExperimentalVMOptions -XX:InitialRAMPercentage=75 -XX:MaxRAMPercentage=75 -Duser.language=en -Duser.region=US
2025-01-30 04:03:15,817 INFO c.h.h.t.HelmChartContainer - [hivemq-test-hivemq-platform] [hivemq-platform-operator] [13354393] 
2025-01-30 04:03:15,817 INFO c.h.h.t.HelmChartContainer - [hivemq-test-hivemq-platform] [hivemq-platform-operator] [13354393]   JAVA_VERSION: 21
2025-01-30 04:03:15,817 INFO c.h.h.t.HelmChartContainer - [hivemq-test-hivemq-platform] [hivemq-platform-operator] [13354393] 
2025-01-30 04:03:15,817 INFO c.h.h.t.HelmChartContainer - [hivemq-test-hivemq-platform] [hivemq-platform-operator] [13354393] -------------------------------------------------------------------------
2025-01-30 04:03:15,817 INFO c.h.h.t.HelmChartContainer - [hivemq-test-hivemq-platform] [hivemq-platform-operator] [13354393] 
2025-01-30 04:03:18,772 INFO c.h.h.t.HelmChartContainer - [hivemq-test-hivemq-platform] [hivemq-platform-operator] [13354393] 04:03:18.769 [main] DEBUG org.jboss.logging - Logging Provider: org.jboss.logging.Slf4jLoggerProvider
2025-01-30 04:03:18,876 INFO c.h.h.t.HelmChartContainer - [hivemq-test-hivemq-platform] [hivemq-platform-operator] [13354393] 04:03:18.875 [main] DEBUG io.smallrye.config - SRCFG01006: Loaded ConfigSource SysPropConfigSource with ordinal 400
2025-01-30 04:03:18,877 INFO c.h.h.t.HelmChartContainer - [hivemq-test-hivemq-platform] [hivemq-platform-operator] [13354393] 04:03:18.875 [main] DEBUG io.smallrye.config - SRCFG01006: Loaded ConfigSource EnvConfigSource with ordinal 300
2025-01-30 04:03:18,877 INFO c.h.h.t.HelmChartContainer - [hivemq-test-hivemq-platform] [hivemq-platform-operator] [13354393] 04:03:18.875 [main] DEBUG io.smallrye.config - SRCFG01006: Loaded ConfigSource PropertiesConfigSource[source=jar:file:///opt/hivemq-platform-operator/bin/hivemq-platform-operator.jar!/hivemq-platform-operator.properties] with ordinal 100
2025-01-30 04:03:18,877 INFO c.h.h.t.HelmChartContainer - [hivemq-test-hivemq-platform] [hivemq-platform-operator] [13354393] 04:03:18.875 [main] DEBUG io.smallrye.config - SRCFG01006: Loaded ConfigSource DefaultValuesConfigSource with ordinal -2147483648
2025-01-30 04:03:19,034 INFO c.h.h.t.HelmChartContainer - [hivemq-test-hivemq-platform] [hivemq-platform-operator] [13354393] 04:03:19.033 [main] DEBUG i.m.c.u.i.l.InternalLoggerFactory - Using SLF4J as the default logging framework
2025-01-30 04:03:19,173 INFO c.h.h.t.HelmChartContainer - [hivemq-test-hivemq-platform] [hivemq-platform-operator] [13354393] 04:03:19.164 [main] INFO  c.h.p.o.HiveMQPlatformOperatorApplication - HiveMQ Platform Operator 1.7.0-SNAPSHOT (commit: 47e3375 on branch: HEAD) built on Thu Jan 30 03:55:50 UTC 2025
2025-01-30 04:03:19,173 INFO c.h.h.t.HelmChartContainer - [hivemq-test-hivemq-platform] [hivemq-platform-operator] [13354393] 04:03:19.172 [main] INFO  c.h.p.o.HiveMQPlatformOperatorApplication - HiveMQ Platform Operator is running in namespace: customoperatorselectorit-operator
2025-01-30 04:03:19,173 INFO c.h.h.t.HelmChartContainer - [hivemq-test-hivemq-platform] [hivemq-platform-operator] [13354393] 04:03:19.172 [main] INFO  c.h.p.o.HiveMQPlatformOperatorApplication - Watching all namespaces
2025-01-30 04:03:19,173 INFO c.h.h.t.HelmChartContainer - [hivemq-test-hivemq-platform] [hivemq-platform-operator] [13354393] 04:03:19.172 [main] INFO  c.h.p.o.HiveMQPlatformOperatorApplication - Label selector for HiveMQPlatform resources: operator=alpha
2025-01-30 04:03:19,174 INFO c.h.h.t.HelmChartContainer - [hivemq-test-hivemq-platform] [hivemq-platform-operator] [13354393] 04:03:19.172 [main] INFO  c.h.p.o.HiveMQPlatformOperatorApplication - Log level: DEBUG
2025-01-30 04:03:19,174 INFO c.h.h.t.HelmChartContainer - [hivemq-test-hivemq-platform] [hivemq-platform-operator] [13354393] 04:03:19.172 [main] INFO  c.h.p.o.HiveMQPlatformOperatorApplication - Release name: test-hivemq-platform-operator
2025-01-30 04:03:19,174 INFO c.h.h.t.HelmChartContainer - [hivemq-test-hivemq-platform] [hivemq-platform-operator] [13354393] 04:03:19.172 [main] INFO  c.h.p.o.HiveMQPlatformOperatorApplication - HiveMQ Platform Operator Init image: docker.io/hivemq/hivemq-platform-operator-init-test:snapshot
2025-01-30 04:03:19,175 INFO c.h.h.t.HelmChartContainer - [hivemq-test-hivemq-platform] [hivemq-platform-operator] [13354393] 04:03:19.172 [main] INFO  c.h.p.o.HiveMQPlatformOperatorApplication - HiveMQ Platform Operator Init App update URL: http://hivemq-platform-operator-test-hivemq-platform-operator.customoperatorselectorit-operator.svc:8080/initAppUpdate/hivemq-platform-operator-init-app-1.7.0-SNAPSHOT.jar
2025-01-30 04:03:19,175 INFO c.h.h.t.HelmChartContainer - [hivemq-test-hivemq-platform] [hivemq-platform-operator] [13354393] 04:03:19.172 [main] INFO  c.h.p.o.HiveMQPlatformOperatorApplication - Additional imagePullSecret for all Platform deployments: none
2025-01-30 04:03:19,175 INFO c.h.h.t.HelmChartContainer - [hivemq-test-hivemq-platform] [hivemq-platform-operator] [13354393] 04:03:19.172 [main] INFO  c.h.p.o.HiveMQPlatformOperatorApplication - Apply HiveMQ Platform CRD: true
2025-01-30 04:03:19,175 INFO c.h.h.t.HelmChartContainer - [hivemq-test-hivemq-platform] [hivemq-platform-operator] [13354393] 04:03:19.172 [main] INFO  c.h.p.o.HiveMQPlatformOperatorApplication - Create Platform ServiceAccount: true
2025-01-30 04:03:19,175 INFO c.h.h.t.HelmChartContainer - [hivemq-test-hivemq-platform] [hivemq-platform-operator] [13354393] 04:03:19.172 [main] INFO  c.h.p.o.HiveMQPlatformOperatorApplication - Create Platform ServiceAccount permissions: true
2025-01-30 04:03:19,175 INFO c.h.h.t.HelmChartContainer - [hivemq-test-hivemq-platform] [hivemq-platform-operator] [13354393] 04:03:19.172 [main] INFO  c.h.p.o.HiveMQPlatformOperatorApplication - Validate Platform ServiceAccount: true
2025-01-30 04:03:19,175 INFO c.h.h.t.HelmChartContainer - [hivemq-test-hivemq-platform] [hivemq-platform-operator] [13354393] 04:03:19.172 [main] INFO  c.h.p.o.HiveMQPlatformOperatorApplication - Validate Platform ServiceAccount permissions: true
2025-01-30 04:03:19,362 INFO c.h.h.t.HelmChartContainer - [hivemq-test-hivemq-platform] [hivemq-platform-operator] [13354393] 04:03:19.361 [main] INFO  c.h.platform.operator.util.CRDUtil - Verifying deployed HiveMQ Platform CRD...
2025-01-30 04:03:21,863 INFO c.h.h.t.HelmChartContainer - [hivemq-test-hivemq-platform] [hivemq-platform-operator] [13354393] 04:03:21.862 [main] DEBUG c.h.platform.operator.util.CRDUtil - HiveMQ Platform CRD version v1 is up to date
2025-01-30 04:03:21,864 INFO c.h.h.t.HelmChartContainer - [hivemq-test-hivemq-platform] [hivemq-platform-operator] [13354393] 04:03:21.862 [main] INFO  c.h.platform.operator.util.CRDUtil - HiveMQ Platform CRD is up to date (version: V1_6_0)
2025-01-30 04:03:21,864 INFO c.h.h.t.HelmChartContainer - [hivemq-test-hivemq-platform] [hivemq-platform-operator] [13354393] 04:03:21.862 [main] INFO  c.h.platform.operator.util.CRDUtil - Waiting 10000 ms for HiveMQ Platform CRD 'hivemq-platforms.hivemq.com' to become ready...
2025-01-30 04:03:22,175 INFO c.h.h.t.HelmChartContainer - [hivemq-test-hivemq-platform] [hivemq-platform-operator] [13354393] 04:03:22.172 [vert.x-eventloop-thread-1] DEBUG c.h.platform.operator.util.CRDUtil - Checking CRD condition 'NamesAccepted' (status: 'True')
2025-01-30 04:03:22,175 INFO c.h.h.t.HelmChartContainer - [hivemq-test-hivemq-platform] [hivemq-platform-operator] [13354393] 04:03:22.173 [vert.x-eventloop-thread-1] DEBUG c.h.platform.operator.util.CRDUtil - Checking CRD condition 'Established' (status: 'True')
2025-01-30 04:03:22,175 INFO c.h.h.t.HelmChartContainer - [hivemq-test-hivemq-platform] [hivemq-platform-operator] [13354393] 04:03:22.173 [main] INFO  c.h.platform.operator.util.CRDUtil - HiveMQ Platform CRD 'hivemq-platforms.hivemq.com' is ready
2025-01-30 04:03:22,368 INFO c.h.h.t.HelmChartContainer - [hivemq-test-hivemq-platform] [hivemq-platform-operator] [13354393] 04:03:22.366 [main] INFO  c.h.p.o.HiveMQPlatformReconciler - HiveMQ Platform Operator is starting...
2025-01-30 04:03:22,472 INFO c.h.h.t.HelmChartContainer - [hivemq-test-hivemq-platform] [hivemq-platform-operator] [13354393] 04:03:22.470 [main] WARN  Default ConfigurationService implementation - Configuration for reconciler 'hivemq-controller' was not found. Known reconcilers: None.
2025-01-30 04:03:22,479 INFO c.h.h.t.HelmChartContainer - [hivemq-test-hivemq-platform] [hivemq-platform-operator] [13354393] 04:03:22.478 [main] INFO  Default ConfigurationService implementation - Created configuration for reconciler com.hivemq.platform.operator.HiveMQPlatformReconciler with name hivemq-controller
2025-01-30 04:03:22,583 INFO c.h.h.t.HelmChartContainer - [hivemq-test-hivemq-platform] [hivemq-platform-operator] [13354393] 04:03:22.582 [main] DEBUG c.h.p.o.HiveMQPlatformReconciler - HiveMQ Platform Operator is preparing EventSources
2025-01-30 04:03:22,674 INFO c.h.h.t.HelmChartContainer - [hivemq-test-hivemq-platform] [hivemq-platform-operator] [13354393] 04:03:22.673 [main] INFO  i.javaoperatorsdk.operator.Operator - Registered reconciler: 'hivemq-controller' for resource: 'class com.hivemq.platform.operator.v1.HiveMQPlatform' for namespace(s): [all namespaces]
2025-01-30 04:03:23,374 INFO c.h.h.t.HelmChartContainer - [hivemq-test-hivemq-platform] [hivemq-platform-operator] [13354393] 04:03:23.373 [main] INFO  c.h.p.operator.webserver.JettyServer - Starting Jetty server on port 8080
2025-01-30 04:03:23,470 INFO c.h.h.t.HelmChartContainer - [hivemq-test-hivemq-platform] [hivemq-platform-operator] [13354393] 04:03:23.469 [main] INFO  i.javaoperatorsdk.operator.Operator - Operator SDK 4.9.7 (commit: 2133d28) built on Wed Nov 20 12:56:20 UTC 2024 starting...
2025-01-30 04:03:23,470 INFO c.h.h.t.HelmChartContainer - [hivemq-test-hivemq-platform] [hivemq-platform-operator] [13354393] 04:03:23.469 [main] INFO  i.javaoperatorsdk.operator.Operator - Client version: 6.13.5
2025-01-30 04:03:23,472 INFO c.h.h.t.HelmChartContainer - [hivemq-test-hivemq-platform] [hivemq-platform-operator] [13354393] 04:03:23.471 [Controller Starter for: hivemq-controller] INFO  i.j.operator.processing.Controller - Starting 'hivemq-controller' controller for reconciler: com.hivemq.platform.operator.HiveMQPlatformReconciler, resource: com.hivemq.platform.operator.v1.HiveMQPlatform
2025-01-30 04:03:26,071 INFO c.h.h.t.HelmChartContainer - [hivemq-test-hivemq-platform] [hivemq-platform-operator] [13354393] 04:03:26.068 [Controller Starter for: hivemq-controller] INFO  i.j.operator.processing.Controller - 'hivemq-controller' controller started
2025-01-30 04:03:26,071 INFO c.h.h.t.HelmChartContainer - [hivemq-test-hivemq-platform] [hivemq-platform-operator] [13354393] 04:03:26.069 [main] INFO  c.h.p.o.HiveMQPlatformOperatorApplication - HiveMQ Platform Operator 1.7.0-SNAPSHOT started in 6905 ms
2025-01-30 04:03:26,812 INFO c.h.h.t.HelmChartContainer - [POD] hivemq-test-hivemq-platform-operator-776fc5b486-5v96m [13354393-0377-4f13-a7d1-8fee16a69a9f] in customoperatorselectorit-operator was MODIFIED
2025-01-30 04:03:26,818 INFO c.h.h.t.HelmChartContainer - [K3S] [replica_set.go:679] "Finished syncing" kind="ReplicaSet" key="customoperatorselectorit-operator/hivemq-test-hivemq-platform-operator-776fc5b486" duration="5.58289ms"
2025-01-30 04:03:26,820 INFO c.h.h.t.HelmChartContainer - [K3S] [replica_set.go:679] "Finished syncing" kind="ReplicaSet" key="customoperatorselectorit-operator/hivemq-test-hivemq-platform-operator-776fc5b486" duration="37.62µs"
2025-01-30 04:03:27,586 INFO com.hivemq.helmcharts.util.K8sUtil - Pod 'hivemq-test-hivemq-platform-operator-776fc5b486-5v96m' is ready
2025-01-30 04:03:27,653 DEBUG c.h.h.t.HelmChartContainer - Executing helm command: /bin/helm --kubeconfig /etc/rancher/k3s/k3s.yaml install test-hivemq-platform-alpha /charts/hivemq-platform --wait --timeout 5m0s --set image.repository=docker.io/hivemq --set image.tag=4.36.0 --set image.pullPolicy=Never --set nodes.resources.cpu=512m --set nodes.replicaCount=1 --set operator.selector=alpha --namespace customoperatorselectorit
2025-01-30 04:03:28,034 INFO c.h.h.t.HelmChartContainer - [hivemq-test-hivemq-platform] [hivemq-platform-operator] [13354393] 04:03:28.032 [-2082509879-pool-1-thread-2] WARN  i.m.p.PrometheusMeterRegistry - The meter (MeterId{name='operator.sdk.events.received', tags=[tag(action=ADDED),tag(event=ResourceEvent),tag(group=hivemq.com),tag(kind=HiveMQPlatform),tag(name=test-hivemq-platform-alpha),tag(namespace=customoperatorselectorit),tag(scope=namespace),tag(version=v1)]}) registration has failed: Prometheus requires that all meters with the same name have the same set of tag keys. There is already an existing meter named 'operator.sdk.events.received' containing tag keys [event, group, kind, name, namespace, scope, version]. The meter you are attempting to register has keys [action, event, group, kind, name, namespace, scope, version]. Note that subsequent logs will be logged at debug level.
2025-01-30 04:03:28,057 DEBUG c.h.h.t.HelmChartContainer - Executing helm command: /bin/helm --kubeconfig /etc/rancher/k3s/k3s.yaml install test-hivemq-platform-beta /charts/hivemq-platform --wait --timeout 5m0s --set image.repository=docker.io/hivemq --set image.tag=4.36.0 --set image.pullPolicy=Never --set nodes.resources.cpu=512m --set nodes.replicaCount=1 --set operator.selector=beta --namespace customoperatorselectorit
2025-01-30 04:03:28,576 INFO c.h.h.t.HelmChartContainer - [hivemq-test-hivemq-platform] [hivemq-platform-operator] [13354393] 04:03:28.574 [pool-6-thread-3] DEBUG c.h.p.o.dependants.PodInfoConfigMap - [customop] Desired PodInfo ConfigMap (1 extensions) (1 enabled)
2025-01-30 04:03:28,576 INFO c.h.h.t.HelmChartContainer - [hivemq-test-hivemq-platform] [hivemq-platform-operator] [13354393] 04:03:28.574 [pool-6-thread-3] DEBUG c.h.p.o.dependants.PodInfoConfigMap - [customop] Desired PodInfo ConfigMap (metrics port: 9399) (metrics path: /)
2025-01-30 04:03:28,576 INFO c.h.h.t.HelmChartContainer - [hivemq-test-hivemq-platform] [hivemq-platform-operator] [13354393] 04:03:28.574 [pool-6-thread-3] DEBUG c.h.p.o.dependants.PodInfoConfigMap - [customop] Desired PodInfo ConfigMap (extension state hash: -1817474005)
2025-01-30 04:03:28,577 INFO c.h.h.t.HelmChartContainer - [hivemq-test-hivemq-platform] [hivemq-platform-operator] [13354393] 04:03:28.576 [pool-6-thread-3] DEBUG c.h.p.o.dependants.PodInfoConfigMap - [customop] Create PodInfo ConfigMap
2025-01-30 04:03:28,734 INFO c.h.h.t.HelmChartContainer - [hivemq-test-hivemq-platform] [hivemq-platform-operator] [13354393] 04:03:28.672 [pool-6-thread-5] DEBUG c.h.p.o.dependants.PodRoleResource - [customop] Create Role: Role(apiVersion=rbac.authorization.k8s.io/v1, kind=Role, metadata=ObjectMeta(annotations={meta.helm.sh/release-name=test-hivemq-platform-alpha, meta.helm.sh/release-namespace=customoperatorselectorit}, creationTimestamp=null, deletionGracePeriodSeconds=null, deletionTimestamp=null, finalizers=[], generateName=null, generation=null, labels={helm.sh/chart=hivemq-platform-0.2.32, app.kubernetes.io/managed-by=Helm, app.kubernetes.io/name=hivemq-platform, hivemq-platform=test-hivemq-platform-alpha, app.kubernetes.io/instance=test-hivemq-platform-alpha, app.kubernetes.io/version=4.36.0, operator=alpha}, managedFields=[], name=hivemq-platform-role-test-hivemq-platform-alpha, namespace=customoperatorselectorit, ownerReferences=[OwnerReference(apiVersion=hivemq.com/v1, blockOwnerDeletion=null, controller=null, kind=HiveMQPlatform, name=test-hivemq-platform-alpha, uid=a0d667a9-7e2e-43d3-9665-84e46443ceb4, additionalProperties={})], resourceVersion=null, selfLink=null, uid=null, additionalProperties={}), rules=[PolicyRule(apiGroups=[], nonResourceURLs=[], resourceNames=[], resources=[pods], verbs=[get, patch, update], additionalProperties={})], additionalProperties={})
2025-01-30 04:03:28,864 INFO c.h.h.t.HelmChartContainer - [hivemq-test-hivemq-platform] [hivemq-platform-operator] [13354393] 04:03:28.862 [pool-6-thread-7] DEBUG c.h.p.o.d.PodServiceAccountResource - [customop] Desired PodServiceAccountResource (serviceAccountName: hivemq-platform-pod-test-hivemq-platform-alpha)
2025-01-30 04:03:28,865 INFO c.h.h.t.HelmChartContainer - [hivemq-test-hivemq-platform] [hivemq-platform-operator] [13354393] 04:03:28.863 [pool-6-thread-7] DEBUG c.h.p.o.d.PodServiceAccountResource - [customop] Create ServiceAccount 'hivemq-platform-pod-test-hivemq-platform-alpha'
2025-01-30 04:03:28,973 INFO c.h.h.t.HelmChartContainer - [hivemq-test-hivemq-platform] [hivemq-platform-operator] [13354393] 04:03:28.972 [pool-6-thread-10] DEBUG c.h.p.o.d.PodRoleBindingResource - [customop] Create RoleBinding: RoleBinding(apiVersion=rbac.authorization.k8s.io/v1, kind=RoleBinding, metadata=ObjectMeta(annotations={meta.helm.sh/release-name=test-hivemq-platform-alpha, meta.helm.sh/release-namespace=customoperatorselectorit}, creationTimestamp=null, deletionGracePeriodSeconds=null, deletionTimestamp=null, finalizers=[], generateName=null, generation=null, labels={helm.sh/chart=hivemq-platform-0.2.32, app.kubernetes.io/managed-by=Helm, app.kubernetes.io/name=hivemq-platform, hivemq-platform=test-hivemq-platform-alpha, app.kubernetes.io/instance=test-hivemq-platform-alpha, app.kubernetes.io/version=4.36.0, operator=alpha}, managedFields=[], name=hivemq-platform-role-binding-test-hivemq-platform-alpha, namespace=customoperatorselectorit, ownerReferences=[OwnerReference(apiVersion=hivemq.com/v1, blockOwnerDeletion=null, controller=null, kind=HiveMQPlatform, name=test-hivemq-platform-alpha, uid=a0d667a9-7e2e-43d3-9665-84e46443ceb4, additionalProperties={})], resourceVersion=null, selfLink=null, uid=null, additionalProperties={}), roleRef=RoleRef(apiGroup=rbac.authorization.k8s.io, kind=Role, name=hivemq-platform-role-test-hivemq-platform-alpha, additionalProperties={}), subjects=[Subject(apiGroup=null, kind=ServiceAccount, name=hivemq-platform-pod-test-hivemq-platform-alpha, namespace=customoperatorselectorit, additionalProperties={})], additionalProperties={})
2025-01-30 04:03:29,078 INFO c.h.h.t.HelmChartContainer - [hivemq-test-hivemq-platform] [hivemq-platform-operator] [13354393] 04:03:29.077 [ReconcilerExecutor-hivemq-controller-54] INFO  c.h.p.o.HiveMQPlatformReconciler - [customop] Reconciling HiveMQ Platform 'test-hivemq-platform-alpha' in namespace 'customoperatorselectorit'
2025-01-30 04:03:29,078 INFO c.h.h.t.HelmChartContainer - [hivemq-test-hivemq-platform] [hivemq-platform-operator] [13354393] 04:03:29.077 [ReconcilerExecutor-hivemq-controller-54] DEBUG c.h.p.o.HiveMQPlatformReconciler - [customop] Custom Resource Status CREATED - HiveMQ Platform was created (READY)
2025-01-30 04:03:29,079 INFO c.h.h.t.HelmChartContainer - [hivemq-test-hivemq-platform] [hivemq-platform-operator] [13354393] 04:03:29.077 [ReconcilerExecutor-hivemq-controller-54] DEBUG c.h.p.o.HiveMQPlatformReconciler - [customop] Custom Resource Spec (replicas: 1) (extensions: 1)
2025-01-30 04:03:29,082 INFO c.h.h.t.HelmChartContainer - [hivemq-test-hivemq-platform] [hivemq-platform-operator] [13354393] 04:03:29.081 [ReconcilerExecutor-hivemq-controller-54] INFO  c.h.p.o.h.HiveMQPlatformReconcilerBaseHandler - [customop] HiveMQ Platform is starting
2025-01-30 04:03:29,233 INFO c.h.h.t.HelmChartContainer - [hivemq-test-hivemq-platform] [hivemq-platform-operator] [13354393] 04:03:29.232 [ReconcilerExecutor-hivemq-controller-54] DEBUG c.h.p.operator.event.EventSender - [customop] Creating K8s event hivemq-platform-starting: [Start] HiveMQ Platform is starting
2025-01-30 04:03:29,267 INFO c.h.h.t.HelmChartContainer - [EVENT] Normal [Start] HiveMQ Platform is starting [customoperatorselectorit:test-hivemq-platform-alpha]
2025-01-30 04:03:29,274 INFO c.h.h.t.HelmChartContainer - [hivemq-test-hivemq-platform] [hivemq-platform-operator] [13354393] 04:03:29.271 [ReconcilerExecutor-hivemq-controller-54] INFO  c.h.p.o.h.AbstractHiveMQReconcilerStateHandler - [customop] Update HiveMQ Platform Status (CREATED [READY] -> STARTING [READY]): HiveMQ Platform is starting
2025-01-30 04:03:29,339 DEBUG com.hivemq.helmcharts.util.K8sUtil - Comparing actual state 'STARTING' and waiting for 'RUNNING'
2025-01-30 04:03:39,371 INFO c.h.h.t.HelmChartContainer - [hivemq-test-hivemq-platform] [hivemq-platform-operator] [13354393] 04:03:39.370 [pool-6-thread-12] DEBUG c.h.p.o.d.PlatformServiceResource - [customop] Desired Platform services (3 services)
2025-01-30 04:03:39,375 INFO c.h.h.t.HelmChartContainer - [hivemq-test-hivemq-platform] [hivemq-platform-operator] [13354393] 04:03:39.374 [pool-6-thread-13] DEBUG c.h.p.o.dependants.PodInfoConfigMap - [customop] Desired PodInfo ConfigMap (1 extensions) (1 enabled)
2025-01-30 04:03:39,377 INFO c.h.h.t.HelmChartContainer - [hivemq-test-hivemq-platform] [hivemq-platform-operator] [13354393] 04:03:39.374 [pool-6-thread-13] DEBUG c.h.p.o.dependants.PodInfoConfigMap - [customop] Desired PodInfo ConfigMap (metrics port: 9399) (metrics path: /)
2025-01-30 04:03:39,377 INFO c.h.h.t.HelmChartContainer - [hivemq-test-hivemq-platform] [hivemq-platform-operator] [13354393] 04:03:39.374 [pool-6-thread-13] DEBUG c.h.p.o.dependants.PodInfoConfigMap - [customop] Desired PodInfo ConfigMap (extension state hash: -1817474005)
2025-01-30 04:03:39,377 INFO c.h.h.t.HelmChartContainer - [hivemq-test-hivemq-platform] [hivemq-platform-operator] [13354393] 04:03:39.375 [pool-6-thread-17] DEBUG c.h.p.o.d.PodServiceAccountResource - [customop] Desired PodServiceAccountResource (serviceAccountName: hivemq-platform-pod-test-hivemq-platform-alpha)
2025-01-30 04:03:39,379 INFO c.h.h.t.HelmChartContainer - [hivemq-test-hivemq-platform] [hivemq-platform-operator] [13354393] 04:03:39.378 [pool-6-thread-13] DEBUG c.h.p.o.dependants.PodInfoConfigMap - [customop] Update PodInfo ConfigMap
2025-01-30 04:03:39,477 INFO c.h.h.t.HelmChartContainer - [K3S] [alloc.go:330] "allocated clusterIPs" service="customoperatorselectorit/hivemq-test-hivemq-platform-alpha-cc-8080" clusterIPs={"IPv4":"10.43.70.213"}
2025-01-30 04:03:39,568 INFO c.h.h.t.HelmChartContainer - [K3S] [alloc.go:330] "allocated clusterIPs" service="customoperatorselectorit/hivemq-test-hivemq-platform-alpha-metrics-9399" clusterIPs={"IPv4":"10.43.122.211"}
2025-01-30 04:03:39,581 INFO c.h.h.t.HelmChartContainer - [K3S] [alloc.go:330] "allocated clusterIPs" service="customoperatorselectorit/hivemq-test-hivemq-platform-alpha-mqtt-1883" clusterIPs={"IPv4":"10.43.53.117"}
2025-01-30 04:03:39,664 INFO c.h.h.t.HelmChartContainer - [hivemq-test-hivemq-platform] [hivemq-platform-operator] [13354393] 04:03:39.661 [pool-6-thread-20] DEBUG c.h.p.o.d.StatefulSetResource - [customop] Desired StatefulSet (1 replicas) for status STARTING (READY)
2025-01-30 04:03:39,676 INFO c.h.h.t.HelmChartContainer - [hivemq-test-hivemq-platform] [hivemq-platform-operator] [13354393] 04:03:39.675 [pool-6-thread-20] DEBUG c.h.p.o.d.StatefulSetResource - [customop] Create StatefulSet
2025-01-30 04:03:39,791 INFO c.h.h.t.HelmChartContainer - [POD] test-hivemq-platform-alpha-0 [aa701013-b572-4930-b546-750fa665ba8a] in customoperatorselectorit was ADDED
2025-01-30 04:03:39,792 INFO c.h.h.t.HelmChartContainer - [EVENT] Normal [SuccessfulCreate] create Pod test-hivemq-platform-alpha-0 in StatefulSet test-hivemq-platform-alpha successful [customoperatorselectorit:test-hivemq-platform-alpha]
2025-01-30 04:03:39,800 INFO c.h.h.t.HelmChartContainer - [POD] test-hivemq-platform-alpha-0 [aa701013-b572-4930-b546-750fa665ba8a] in customoperatorselectorit was MODIFIED
2025-01-30 04:03:39,802 INFO c.h.h.t.HelmChartContainer - [EVENT] Normal [Scheduled] Successfully assigned customoperatorselectorit/test-hivemq-platform-alpha-0 to f56699bdbf80 [customoperatorselectorit:test-hivemq-platform-alpha-0]
2025-01-30 04:03:39,807 INFO c.h.h.t.HelmChartContainer - [POD] test-hivemq-platform-alpha-0 [aa701013-b572-4930-b546-750fa665ba8a] in customoperatorselectorit was MODIFIED
2025-01-30 04:03:39,866 INFO c.h.h.t.HelmChartContainer - [hivemq-test-hivemq-platform] [hivemq-platform-operator] [13354393] 04:03:39.861 [ReconcilerExecutor-hivemq-controller-65] INFO  c.h.p.o.HiveMQPlatformReconciler - [customop] Reconciling HiveMQ Platform 'test-hivemq-platform-alpha' in namespace 'customoperatorselectorit'
2025-01-30 04:03:39,866 INFO c.h.h.t.HelmChartContainer - [hivemq-test-hivemq-platform] [hivemq-platform-operator] [13354393] 04:03:39.861 [ReconcilerExecutor-hivemq-controller-65] DEBUG c.h.p.o.HiveMQPlatformReconciler - [customop] Custom Resource Status STARTING - HiveMQ Platform is starting (READY)
2025-01-30 04:03:39,866 INFO c.h.h.t.HelmChartContainer - [hivemq-test-hivemq-platform] [hivemq-platform-operator] [13354393] 04:03:39.861 [ReconcilerExecutor-hivemq-controller-65] DEBUG c.h.p.o.HiveMQPlatformReconciler - [customop] Custom Resource Spec (replicas: 1) (extensions: 1)
2025-01-30 04:03:39,869 INFO c.h.h.t.HelmChartContainer - [hivemq-test-hivemq-platform] [hivemq-platform-operator] [13354393] 04:03:39.868 [ReconcilerExecutor-hivemq-controller-65] DEBUG c.h.p.o.HiveMQPlatformReconciler - [customop] StatefulSet Status (revision: null, replicas: 0, available: 0, ready: 0, current: 0, updated: 0)
2025-01-30 04:03:39,872 INFO c.h.h.t.HelmChartContainer - [hivemq-test-hivemq-platform] [hivemq-platform-operator] [13354393] 04:03:39.868 [ReconcilerExecutor-hivemq-controller-65] DEBUG c.h.p.o.HiveMQPlatformReconciler - [customop] StatefulSet Spec (replicas: 1, init containers: 1, containers: 1, volumes: 3)
2025-01-30 04:03:39,899 INFO c.h.h.t.HelmChartContainer - [K3S] [reconciler_common.go:251] "operationExecutor.VerifyControllerAttachedVolume started for volume \"operator-init\" (UniqueName: \"kubernetes.io/empty-dir/aa701013-b572-4930-b546-750fa665ba8a-operator-init\") pod \"test-hivemq-platform-alpha-0\" (UID: \"aa701013-b572-4930-b546-750fa665ba8a\") " pod="customoperatorselectorit/test-hivemq-platform-alpha-0"
2025-01-30 04:03:39,899 INFO c.h.h.t.HelmChartContainer - [K3S] [reconciler_common.go:251] "operationExecutor.VerifyControllerAttachedVolume started for volume \"pod-info\" (UniqueName: \"kubernetes.io/configmap/aa701013-b572-4930-b546-750fa665ba8a-pod-info\") pod \"test-hivemq-platform-alpha-0\" (UID: \"aa701013-b572-4930-b546-750fa665ba8a\") " pod="customoperatorselectorit/test-hivemq-platform-alpha-0"
2025-01-30 04:03:39,899 INFO c.h.h.t.HelmChartContainer - [K3S] [reconciler_common.go:251] "operationExecutor.VerifyControllerAttachedVolume started for volume \"broker-configuration\" (UniqueName: \"kubernetes.io/configmap/aa701013-b572-4930-b546-750fa665ba8a-broker-configuration\") pod \"test-hivemq-platform-alpha-0\" (UID: \"aa701013-b572-4930-b546-750fa665ba8a\") " pod="customoperatorselectorit/test-hivemq-platform-alpha-0"
2025-01-30 04:03:39,899 INFO c.h.h.t.HelmChartContainer - [K3S] [reconciler_common.go:251] "operationExecutor.VerifyControllerAttachedVolume started for volume \"kube-api-access-dw9d5\" (UniqueName: \"kubernetes.io/projected/aa701013-b572-4930-b546-750fa665ba8a-kube-api-access-dw9d5\") pod \"test-hivemq-platform-alpha-0\" (UID: \"aa701013-b572-4930-b546-750fa665ba8a\") " pod="customoperatorselectorit/test-hivemq-platform-alpha-0"
2025-01-30 04:03:39,969 INFO c.h.h.t.HelmChartContainer - [hivemq-test-hivemq-platform] [hivemq-platform-operator] [13354393] 04:03:39.968 [ReconcilerExecutor-hivemq-controller-65] DEBUG c.h.p.o.h.HiveMQPlatformReconcilerErrorHandler - [customop] Pod 'test-hivemq-platform-alpha-0' phase Pending
2025-01-30 04:03:39,970 INFO c.h.h.t.HelmChartContainer - [hivemq-test-hivemq-platform] [hivemq-platform-operator] [13354393] 04:03:39.968 [ReconcilerExecutor-hivemq-controller-65] DEBUG c.h.p.o.h.HiveMQPlatformReconcilerErrorHandler - [customop] Pod 'test-hivemq-platform-alpha-0' condition 'PodScheduled': True
2025-01-30 04:03:39,971 INFO c.h.h.t.HelmChartContainer - [hivemq-test-hivemq-platform] [hivemq-platform-operator] [13354393] 04:03:39.971 [ReconcilerExecutor-hivemq-controller-65] INFO  c.h.p.o.h.HiveMQPlatformReconcilerBaseHandler - [customop] HiveMQ Platform is starting, 0 of 1 replicas are ready
2025-01-30 04:03:39,975 INFO c.h.h.t.HelmChartContainer - [hivemq-test-hivemq-platform] [hivemq-platform-operator] [13354393] 04:03:39.974 [pool-6-thread-22] DEBUG c.h.p.o.d.PlatformServiceResource - [customop] Desired Platform services (3 services)
2025-01-30 04:03:40,066 INFO c.h.h.t.HelmChartContainer - [hivemq-test-hivemq-platform] [hivemq-platform-operator] [13354393] 04:03:40.061 [pool-6-thread-23] DEBUG c.h.p.o.dependants.PodInfoConfigMap - [customop] Desired PodInfo ConfigMap (1 extensions) (1 enabled)
2025-01-30 04:03:40,066 INFO c.h.h.t.HelmChartContainer - [hivemq-test-hivemq-platform] [hivemq-platform-operator] [13354393] 04:03:40.062 [pool-6-thread-23] DEBUG c.h.p.o.dependants.PodInfoConfigMap - [customop] Desired PodInfo ConfigMap (metrics port: 9399) (metrics path: /)
2025-01-30 04:03:40,066 INFO c.h.h.t.HelmChartContainer - [hivemq-test-hivemq-platform] [hivemq-platform-operator] [13354393] 04:03:40.062 [pool-6-thread-23] DEBUG c.h.p.o.dependants.PodInfoConfigMap - [customop] Desired PodInfo ConfigMap (extension state hash: -1817474005)
2025-01-30 04:03:40,068 INFO c.h.h.t.HelmChartContainer - [hivemq-test-hivemq-platform] [hivemq-platform-operator] [13354393] 04:03:40.067 [pool-6-thread-27] DEBUG c.h.p.o.d.PodServiceAccountResource - [customop] Desired PodServiceAccountResource (serviceAccountName: hivemq-platform-pod-test-hivemq-platform-alpha)
2025-01-30 04:03:40,077 INFO c.h.h.t.HelmChartContainer - [hivemq-test-hivemq-platform] [hivemq-platform-operator] [13354393] 04:03:40.075 [pool-6-thread-30] DEBUG c.h.p.o.d.StatefulSetResource - [customop] Desired StatefulSet (1 replicas) for status STARTING (READY)
2025-01-30 04:03:40,164 INFO c.h.h.t.HelmChartContainer - [hivemq-test-hivemq-platform] [hivemq-platform-operator] [13354393] 04:03:40.162 [ReconcilerExecutor-hivemq-controller-76] INFO  c.h.p.o.HiveMQPlatformReconciler - [customop] Reconciling HiveMQ Platform 'test-hivemq-platform-alpha' in namespace 'customoperatorselectorit'
2025-01-30 04:03:40,164 INFO c.h.h.t.HelmChartContainer - [hivemq-test-hivemq-platform] [hivemq-platform-operator] [13354393] 04:03:40.162 [ReconcilerExecutor-hivemq-controller-76] DEBUG c.h.p.o.HiveMQPlatformReconciler - [customop] Custom Resource Status STARTING - HiveMQ Platform is starting (READY)
2025-01-30 04:03:40,165 INFO c.h.h.t.HelmChartContainer - [hivemq-test-hivemq-platform] [hivemq-platform-operator] [13354393] 04:03:40.162 [ReconcilerExecutor-hivemq-controller-76] DEBUG c.h.p.o.HiveMQPlatformReconciler - [customop] Custom Resource Spec (replicas: 1) (extensions: 1)
2025-01-30 04:03:40,171 INFO c.h.h.t.HelmChartContainer - [hivemq-test-hivemq-platform] [hivemq-platform-operator] [13354393] 04:03:40.165 [ReconcilerExecutor-hivemq-controller-76] DEBUG c.h.p.o.HiveMQPlatformReconciler - [customop] StatefulSet Status (revision: test-hivemq-platform-alpha-84dd785f7, replicas: 1, available: 0, ready: 0, current: 1, updated: 1)
2025-01-30 04:03:40,173 INFO c.h.h.t.HelmChartContainer - [hivemq-test-hivemq-platform] [hivemq-platform-operator] [13354393] 04:03:40.165 [ReconcilerExecutor-hivemq-controller-76] DEBUG c.h.p.o.HiveMQPlatformReconciler - [customop] StatefulSet Spec (replicas: 1, init containers: 1, containers: 1, volumes: 3)
2025-01-30 04:03:40,180 INFO c.h.h.t.HelmChartContainer - [hivemq-test-hivemq-platform] [hivemq-platform-operator] [13354393] 04:03:40.178 [ReconcilerExecutor-hivemq-controller-76] DEBUG c.h.p.o.h.HiveMQPlatformReconcilerErrorHandler - [customop] Pod 'test-hivemq-platform-alpha-0' phase Pending
2025-01-30 04:03:40,183 INFO c.h.h.t.HelmChartContainer - [hivemq-test-hivemq-platform] [hivemq-platform-operator] [13354393] 04:03:40.180 [ReconcilerExecutor-hivemq-controller-76] DEBUG c.h.p.o.h.HiveMQPlatformReconcilerErrorHandler - [customop] Pod 'test-hivemq-platform-alpha-0' condition 'PodReadyToStartContainers': False
2025-01-30 04:03:40,184 INFO c.h.h.t.HelmChartContainer - [hivemq-test-hivemq-platform] [hivemq-platform-operator] [13354393] 04:03:40.182 [ReconcilerExecutor-hivemq-controller-76] DEBUG c.h.p.o.h.HiveMQPlatformReconcilerErrorHandler - [customop] Pod 'test-hivemq-platform-alpha-0' condition 'Initialized': False
2025-01-30 04:03:40,184 INFO c.h.h.t.HelmChartContainer - [hivemq-test-hivemq-platform] [hivemq-platform-operator] [13354393] 04:03:40.182 [ReconcilerExecutor-hivemq-controller-76] DEBUG c.h.p.o.h.HiveMQPlatformReconcilerErrorHandler - [customop] Pod 'test-hivemq-platform-alpha-0' condition 'Ready': False
2025-01-30 04:03:40,184 INFO c.h.h.t.HelmChartContainer - [hivemq-test-hivemq-platform] [hivemq-platform-operator] [13354393] 04:03:40.182 [ReconcilerExecutor-hivemq-controller-76] DEBUG c.h.p.o.h.HiveMQPlatformReconcilerErrorHandler - [customop] Pod 'test-hivemq-platform-alpha-0' condition 'ContainersReady': False
2025-01-30 04:03:40,184 INFO c.h.h.t.HelmChartContainer - [hivemq-test-hivemq-platform] [hivemq-platform-operator] [13354393] 04:03:40.182 [ReconcilerExecutor-hivemq-controller-76] DEBUG c.h.p.o.h.HiveMQPlatformReconcilerErrorHandler - [customop] Pod 'test-hivemq-platform-alpha-0' condition 'PodScheduled': True
2025-01-30 04:03:40,184 INFO c.h.h.t.HelmChartContainer - [hivemq-test-hivemq-platform] [hivemq-platform-operator] [13354393] 04:03:40.182 [ReconcilerExecutor-hivemq-controller-76] DEBUG c.h.p.o.h.HiveMQPlatformReconcilerErrorHandler - [customop] Pod 'test-hivemq-platform-alpha-0' containerStatus 'hivemq' (started: false) (ready: false) (waiting: [PodInitializing] null)
2025-01-30 04:03:40,185 INFO c.h.h.t.HelmChartContainer - [hivemq-test-hivemq-platform] [hivemq-platform-operator] [13354393] 04:03:40.185 [ReconcilerExecutor-hivemq-controller-76] INFO  c.h.p.o.h.HiveMQPlatformReconcilerBaseHandler - [customop] HiveMQ Platform is starting, 0 of 1 replicas are ready
2025-01-30 04:03:40,219 INFO c.h.h.t.HelmChartContainer - [EVENT] Normal [Pulled] Container image "docker.io/hivemq/hivemq-platform-operator-init-test:snapshot" already present on machine [customoperatorselectorit:test-hivemq-platform-alpha-0]
2025-01-30 04:03:40,354 INFO c.h.h.t.HelmChartContainer - [EVENT] Normal [Created] Created container: hivemq-platform-operator-init [customoperatorselectorit:test-hivemq-platform-alpha-0]
2025-01-30 04:03:40,389 INFO c.h.h.t.HelmChartContainer - [EVENT] Normal [Started] Started container hivemq-platform-operator-init [customoperatorselectorit:test-hivemq-platform-alpha-0]
2025-01-30 04:03:40,842 INFO c.h.h.t.HelmChartContainer - [POD] test-hivemq-platform-alpha-0 [aa701013-b572-4930-b546-750fa665ba8a] in customoperatorselectorit was MODIFIED
2025-01-30 04:03:40,866 INFO c.h.h.t.HelmChartContainer - [hivemq-test-hivemq-platform] [hivemq-platform-operator] [13354393] 04:03:40.862 [pool-6-thread-32] DEBUG c.h.p.o.d.PlatformServiceResource - [customop] Desired Platform services (3 services)
2025-01-30 04:03:40,875 INFO c.h.h.t.HelmChartContainer - [hivemq-test-hivemq-platform] [hivemq-platform-operator] [13354393] 04:03:40.870 [pool-6-thread-33] DEBUG c.h.p.o.dependants.PodInfoConfigMap - [customop] Desired PodInfo ConfigMap (1 extensions) (1 enabled)
2025-01-30 04:03:40,875 INFO c.h.h.t.HelmChartContainer - [hivemq-test-hivemq-platform] [hivemq-platform-operator] [13354393] 04:03:40.871 [pool-6-thread-33] DEBUG c.h.p.o.dependants.PodInfoConfigMap - [customop] Desired PodInfo ConfigMap (metrics port: 9399) (metrics path: /)
2025-01-30 04:03:40,875 INFO c.h.h.t.HelmChartContainer - [hivemq-test-hivemq-platform] [hivemq-platform-operator] [13354393] 04:03:40.871 [pool-6-thread-33] DEBUG c.h.p.o.dependants.PodInfoConfigMap - [customop] Desired PodInfo ConfigMap (extension state hash: -1817474005)
2025-01-30 04:03:40,877 INFO c.h.h.t.HelmChartContainer - [hivemq-test-hivemq-platform] [hivemq-platform-operator] [13354393] 04:03:40.874 [pool-6-thread-37] DEBUG c.h.p.o.d.PodServiceAccountResource - [customop] Desired PodServiceAccountResource (serviceAccountName: hivemq-platform-pod-test-hivemq-platform-alpha)
2025-01-30 04:03:41,251 INFO c.h.h.t.HelmChartContainer - [hivemq-test-hivemq-platform] [hivemq-platform-operator] [13354393] 04:03:40.936 [pool-6-thread-40] DEBUG c.h.p.o.d.StatefulSetResource - [customop] Desired StatefulSet (1 replicas) for status STARTING (READY)
2025-01-30 04:03:41,252 INFO c.h.h.t.HelmChartContainer - [hivemq-test-hivemq-platform] [hivemq-platform-operator] [13354393] 04:03:40.965 [ReconcilerExecutor-hivemq-controller-87] INFO  c.h.p.o.HiveMQPlatformReconciler - [customop] Reconciling HiveMQ Platform 'test-hivemq-platform-alpha' in namespace 'customoperatorselectorit'
2025-01-30 04:03:41,252 INFO c.h.h.t.HelmChartContainer - [hivemq-test-hivemq-platform] [hivemq-platform-operator] [13354393] 04:03:40.965 [ReconcilerExecutor-hivemq-controller-87] DEBUG c.h.p.o.HiveMQPlatformReconciler - [customop] Custom Resource Status STARTING - HiveMQ Platform is starting (READY)
2025-01-30 04:03:41,252 INFO c.h.h.t.HelmChartContainer - [hivemq-test-hivemq-platform] [hivemq-platform-operator] [13354393] 04:03:40.965 [ReconcilerExecutor-hivemq-controller-87] DEBUG c.h.p.o.HiveMQPlatformReconciler - [customop] Custom Resource Spec (replicas: 1) (extensions: 1)
2025-01-30 04:03:41,252 INFO c.h.h.t.HelmChartContainer - [hivemq-test-hivemq-platform] [hivemq-platform-operator] [13354393] 04:03:40.967 [ReconcilerExecutor-hivemq-controller-87] DEBUG c.h.p.o.HiveMQPlatformReconciler - [customop] StatefulSet Status (revision: test-hivemq-platform-alpha-84dd785f7, replicas: 1, available: 0, ready: 0, current: 1, updated: 1)
2025-01-30 04:03:41,252 INFO c.h.h.t.HelmChartContainer - [hivemq-test-hivemq-platform] [hivemq-platform-operator] [13354393] 04:03:40.967 [ReconcilerExecutor-hivemq-controller-87] DEBUG c.h.p.o.HiveMQPlatformReconciler - [customop] StatefulSet Spec (replicas: 1, init containers: 1, containers: 1, volumes: 3)
2025-01-30 04:03:41,252 INFO c.h.h.t.HelmChartContainer - [hivemq-test-hivemq-platform] [hivemq-platform-operator] [13354393] 04:03:40.970 [ReconcilerExecutor-hivemq-controller-87] DEBUG c.h.p.o.h.HiveMQPlatformReconcilerErrorHandler - [customop] Pod 'test-hivemq-platform-alpha-0' phase Pending
2025-01-30 04:03:41,252 INFO c.h.h.t.HelmChartContainer - [hivemq-test-hivemq-platform] [hivemq-platform-operator] [13354393] 04:03:40.970 [ReconcilerExecutor-hivemq-controller-87] DEBUG c.h.p.o.h.HiveMQPlatformReconcilerErrorHandler - [customop] Pod 'test-hivemq-platform-alpha-0' condition 'PodReadyToStartContainers': True
2025-01-30 04:03:41,252 INFO c.h.h.t.HelmChartContainer - [hivemq-test-hivemq-platform] [hivemq-platform-operator] [13354393] 04:03:40.970 [ReconcilerExecutor-hivemq-controller-87] DEBUG c.h.p.o.h.HiveMQPlatformReconcilerErrorHandler - [customop] Pod 'test-hivemq-platform-alpha-0' condition 'Initialized': False
2025-01-30 04:03:41,252 INFO c.h.h.t.HelmChartContainer - [hivemq-test-hivemq-platform] [hivemq-platform-operator] [13354393] 04:03:40.970 [ReconcilerExecutor-hivemq-controller-87] DEBUG c.h.p.o.h.HiveMQPlatformReconcilerErrorHandler - [customop] Pod 'test-hivemq-platform-alpha-0' condition 'Ready': False
2025-01-30 04:03:41,252 INFO c.h.h.t.HelmChartContainer - [hivemq-test-hivemq-platform] [hivemq-platform-operator] [13354393] 04:03:40.970 [ReconcilerExecutor-hivemq-controller-87] DEBUG c.h.p.o.h.HiveMQPlatformReconcilerErrorHandler - [customop] Pod 'test-hivemq-platform-alpha-0' condition 'ContainersReady': False
2025-01-30 04:03:41,252 INFO c.h.h.t.HelmChartContainer - [hivemq-test-hivemq-platform] [hivemq-platform-operator] [13354393] 04:03:40.970 [ReconcilerExecutor-hivemq-controller-87] DEBUG c.h.p.o.h.HiveMQPlatformReconcilerErrorHandler - [customop] Pod 'test-hivemq-platform-alpha-0' condition 'PodScheduled': True
2025-01-30 04:03:41,252 INFO c.h.h.t.HelmChartContainer - [hivemq-test-hivemq-platform] [hivemq-platform-operator] [13354393] 04:03:40.970 [ReconcilerExecutor-hivemq-controller-87] DEBUG c.h.p.o.h.HiveMQPlatformReconcilerErrorHandler - [customop] Pod 'test-hivemq-platform-alpha-0' containerStatus 'hivemq' (started: false) (ready: false) (waiting: [PodInitializing] null)
2025-01-30 04:03:41,252 INFO c.h.h.t.HelmChartContainer - [hivemq-test-hivemq-platform] [hivemq-platform-operator] [13354393] 04:03:40.971 [ReconcilerExecutor-hivemq-controller-87] INFO  c.h.p.o.h.HiveMQPlatformReconcilerBaseHandler - [customop] HiveMQ Platform is starting, 0 of 1 replicas are ready
2025-01-30 04:03:41,838 INFO c.h.h.t.HelmChartContainer - [EVENT] Normal [Pulled] Container image "docker.io/hivemq/hivemq4:4.36.0" already present on machine [customoperatorselectorit:test-hivemq-platform-alpha-0]
2025-01-30 04:03:41,838 INFO c.h.h.t.HelmChartContainer - Received Pulled event for container hivemq in pod test-hivemq-platform-alpha-0 [aa701013-b572-4930-b546-750fa665ba8a]
2025-01-30 04:03:41,849 INFO c.h.h.t.HelmChartContainer - [POD] test-hivemq-platform-alpha-0 [aa701013-b572-4930-b546-750fa665ba8a] in customoperatorselectorit was MODIFIED
2025-01-30 04:03:41,858 INFO c.h.h.t.HelmChartContainer - [hivemq-test-hivemq-platform] [hivemq-platform-operator] [13354393] 04:03:41.857 [pool-6-thread-42] DEBUG c.h.p.o.d.PlatformServiceResource - [customop] Desired Platform services (3 services)
2025-01-30 04:03:41,862 INFO c.h.h.t.HelmChartContainer - [hivemq-test-hivemq-platform] [hivemq-platform-operator] [13354393] 04:03:41.859 [pool-6-thread-43] DEBUG c.h.p.o.dependants.PodInfoConfigMap - [customop] Desired PodInfo ConfigMap (1 extensions) (1 enabled)
2025-01-30 04:03:41,864 INFO c.h.h.t.HelmChartContainer - [hivemq-test-hivemq-platform] [hivemq-platform-operator] [13354393] 04:03:41.860 [pool-6-thread-43] DEBUG c.h.p.o.dependants.PodInfoConfigMap - [customop] Desired PodInfo ConfigMap (metrics port: 9399) (metrics path: /)
2025-01-30 04:03:41,864 INFO c.h.h.t.HelmChartContainer - [hivemq-test-hivemq-platform] [hivemq-platform-operator] [13354393] 04:03:41.861 [pool-6-thread-43] DEBUG c.h.p.o.dependants.PodInfoConfigMap - [customop] Desired PodInfo ConfigMap (extension state hash: -1817474005)
2025-01-30 04:03:41,935 INFO c.h.h.t.HelmChartContainer - [hivemq-test-hivemq-platform] [hivemq-platform-operator] [13354393] 04:03:41.932 [pool-6-thread-47] DEBUG c.h.p.o.d.PodServiceAccountResource - [customop] Desired PodServiceAccountResource (serviceAccountName: hivemq-platform-pod-test-hivemq-platform-alpha)
2025-01-30 04:03:41,939 INFO c.h.h.t.HelmChartContainer - [hivemq-test-hivemq-platform] [hivemq-platform-operator] [13354393] 04:03:41.938 [pool-6-thread-50] DEBUG c.h.p.o.d.StatefulSetResource - [customop] Desired StatefulSet (1 replicas) for status STARTING (READY)
2025-01-30 04:03:41,944 INFO c.h.h.t.HelmChartContainer - [hivemq-test-hivemq-platform] [hivemq-platform-operator] [13354393] 04:03:41.943 [ReconcilerExecutor-hivemq-controller-98] INFO  c.h.p.o.HiveMQPlatformReconciler - [customop] Reconciling HiveMQ Platform 'test-hivemq-platform-alpha' in namespace 'customoperatorselectorit'
2025-01-30 04:03:41,946 INFO c.h.h.t.HelmChartContainer - [hivemq-test-hivemq-platform] [hivemq-platform-operator] [13354393] 04:03:41.944 [ReconcilerExecutor-hivemq-controller-98] DEBUG c.h.p.o.HiveMQPlatformReconciler - [customop] Custom Resource Status STARTING - HiveMQ Platform is starting (READY)
2025-01-30 04:03:41,946 INFO c.h.h.t.HelmChartContainer - [hivemq-test-hivemq-platform] [hivemq-platform-operator] [13354393] 04:03:41.944 [ReconcilerExecutor-hivemq-controller-98] DEBUG c.h.p.o.HiveMQPlatformReconciler - [customop] Custom Resource Spec (replicas: 1) (extensions: 1)
2025-01-30 04:03:41,951 INFO c.h.h.t.HelmChartContainer - [hivemq-test-hivemq-platform] [hivemq-platform-operator] [13354393] 04:03:41.949 [ReconcilerExecutor-hivemq-controller-98] DEBUG c.h.p.o.HiveMQPlatformReconciler - [customop] StatefulSet Status (revision: test-hivemq-platform-alpha-84dd785f7, replicas: 1, available: 0, ready: 0, current: 1, updated: 1)
2025-01-30 04:03:41,952 INFO c.h.h.t.HelmChartContainer - [hivemq-test-hivemq-platform] [hivemq-platform-operator] [13354393] 04:03:41.949 [ReconcilerExecutor-hivemq-controller-98] DEBUG c.h.p.o.HiveMQPlatformReconciler - [customop] StatefulSet Spec (replicas: 1, init containers: 1, containers: 1, volumes: 3)
2025-01-30 04:03:41,952 INFO c.h.h.t.HelmChartContainer - [hivemq-test-hivemq-platform] [hivemq-platform-operator] [13354393] 04:03:41.952 [ReconcilerExecutor-hivemq-controller-98] DEBUG c.h.p.o.h.HiveMQPlatformReconcilerErrorHandler - [customop] Pod 'test-hivemq-platform-alpha-0' phase Pending
2025-01-30 04:03:41,953 INFO c.h.h.t.HelmChartContainer - [hivemq-test-hivemq-platform] [hivemq-platform-operator] [13354393] 04:03:41.952 [ReconcilerExecutor-hivemq-controller-98] DEBUG c.h.p.o.h.HiveMQPlatformReconcilerErrorHandler - [customop] Pod 'test-hivemq-platform-alpha-0' condition 'PodReadyToStartContainers': True
2025-01-30 04:03:41,962 INFO c.h.h.t.HelmChartContainer - [hivemq-test-hivemq-platform] [hivemq-platform-operator] [13354393] 04:03:41.960 [ReconcilerExecutor-hivemq-controller-98] DEBUG c.h.p.o.h.HiveMQPlatformReconcilerErrorHandler - [customop] Pod 'test-hivemq-platform-alpha-0' condition 'Initialized': True
2025-01-30 04:03:41,962 INFO c.h.h.t.HelmChartContainer - [hivemq-test-hivemq-platform] [hivemq-platform-operator] [13354393] 04:03:41.961 [ReconcilerExecutor-hivemq-controller-98] DEBUG c.h.p.o.h.HiveMQPlatformReconcilerErrorHandler - [customop] Pod 'test-hivemq-platform-alpha-0' condition 'Ready': False
2025-01-30 04:03:41,962 INFO c.h.h.t.HelmChartContainer - [hivemq-test-hivemq-platform] [hivemq-platform-operator] [13354393] 04:03:41.961 [ReconcilerExecutor-hivemq-controller-98] DEBUG c.h.p.o.h.HiveMQPlatformReconcilerErrorHandler - [customop] Pod 'test-hivemq-platform-alpha-0' condition 'ContainersReady': False
2025-01-30 04:03:41,962 INFO c.h.h.t.HelmChartContainer - [hivemq-test-hivemq-platform] [hivemq-platform-operator] [13354393] 04:03:41.961 [ReconcilerExecutor-hivemq-controller-98] DEBUG c.h.p.o.h.HiveMQPlatformReconcilerErrorHandler - [customop] Pod 'test-hivemq-platform-alpha-0' condition 'PodScheduled': True
2025-01-30 04:03:41,963 INFO c.h.h.t.HelmChartContainer - [hivemq-test-hivemq-platform] [hivemq-platform-operator] [13354393] 04:03:41.961 [ReconcilerExecutor-hivemq-controller-98] DEBUG c.h.p.o.h.HiveMQPlatformReconcilerErrorHandler - [customop] Pod 'test-hivemq-platform-alpha-0' containerStatus 'hivemq' (started: false) (ready: false) (waiting: [PodInitializing] null)
2025-01-30 04:03:41,963 INFO c.h.h.t.HelmChartContainer - [hivemq-test-hivemq-platform] [hivemq-platform-operator] [13354393] 04:03:41.961 [ReconcilerExecutor-hivemq-controller-98] INFO  c.h.p.o.h.HiveMQPlatformReconcilerBaseHandler - [customop] HiveMQ Platform is starting, 0 of 1 replicas are ready
2025-01-30 04:03:43,804 INFO c.h.h.t.HelmChartContainer - [EVENT] Normal [Created] Created container: hivemq [customoperatorselectorit:test-hivemq-platform-alpha-0]
2025-01-30 04:03:43,804 INFO c.h.h.t.HelmChartContainer - Received Created event for container hivemq in pod test-hivemq-platform-alpha-0 [aa701013-b572-4930-b546-750fa665ba8a]
2025-01-30 04:03:44,855 INFO c.h.h.t.HelmChartContainer - [POD] test-hivemq-platform-alpha-0 [aa701013-b572-4930-b546-750fa665ba8a] in customoperatorselectorit was MODIFIED
2025-01-30 04:03:44,873 INFO c.h.h.t.HelmChartContainer - [EVENT] Normal [Started] Started container hivemq [customoperatorselectorit:test-hivemq-platform-alpha-0]
2025-01-30 04:03:44,873 INFO c.h.h.t.HelmChartContainer - [hivemq-test-hivemq-platform] [hivemq-platform-operator] [13354393] 04:03:44.858 [pool-6-thread-8] DEBUG c.h.p.o.d.PlatformServiceResource - [customop] Desired Platform services (3 services)
2025-01-30 04:03:44,873 INFO c.h.h.t.HelmChartContainer - [hivemq-test-hivemq-platform] [hivemq-platform-operator] [13354393] 04:03:44.860 [pool-6-thread-5] DEBUG c.h.p.o.dependants.PodInfoConfigMap - [customop] Desired PodInfo ConfigMap (1 extensions) (1 enabled)
2025-01-30 04:03:44,873 INFO c.h.h.t.HelmChartContainer - [hivemq-test-hivemq-platform] [hivemq-platform-operator] [13354393] 04:03:44.860 [pool-6-thread-5] DEBUG c.h.p.o.dependants.PodInfoConfigMap - [customop] Desired PodInfo ConfigMap (metrics port: 9399) (metrics path: /)
2025-01-30 04:03:44,873 INFO c.h.h.t.HelmChartContainer - Received Started event for container hivemq in pod test-hivemq-platform-alpha-0 [aa701013-b572-4930-b546-750fa665ba8a]
2025-01-30 04:03:44,873 INFO c.h.h.t.HelmChartContainer - [hivemq-test-hivemq-platform] [hivemq-platform-operator] [13354393] 04:03:44.860 [pool-6-thread-5] DEBUG c.h.p.o.dependants.PodInfoConfigMap - [customop] Desired PodInfo ConfigMap (extension state hash: -1817474005)
2025-01-30 04:03:44,873 INFO c.h.h.t.HelmChartContainer - [hivemq-test-hivemq-platform] [hivemq-platform-operator] [13354393] 04:03:44.866 [pool-6-thread-3] DEBUG c.h.p.o.d.PodServiceAccountResource - [customop] Desired PodServiceAccountResource (serviceAccountName: hivemq-platform-pod-test-hivemq-platform-alpha)
2025-01-30 04:03:44,873 INFO c.h.h.t.HelmChartContainer - Started log watcher for hivemq in pod test-hivemq-platform-alpha-0 [aa701013-b572-4930-b546-750fa665ba8a]
2025-01-30 04:03:44,873 INFO c.h.h.t.HelmChartContainer - [test-hivemq-platform] [hivemq] [aa701013] Adding pre-installed HiveMQ Platform Operator extensions
2025-01-30 04:03:44,873 INFO c.h.h.t.HelmChartContainer - [test-hivemq-platform] [hivemq] [aa701013] Running as user 10000
2025-01-30 04:03:44,873 INFO c.h.h.t.HelmChartContainer - [test-hivemq-platform] [hivemq] [aa701013] Starting HiveMQ Platform Operator Init
2025-01-30 04:03:44,874 INFO c.h.h.t.HelmChartContainer - [hivemq-test-hivemq-platform] [hivemq-platform-operator] [13354393] 04:03:44.872 [pool-6-thread-4] DEBUG c.h.p.o.d.StatefulSetResource - [customop] Desired StatefulSet (1 replicas) for status STARTING (READY)
2025-01-30 04:03:44,936 INFO c.h.h.t.HelmChartContainer - [hivemq-test-hivemq-platform] [hivemq-platform-operator] [13354393] 04:03:44.934 [ReconcilerExecutor-hivemq-controller-109] INFO  c.h.p.o.HiveMQPlatformReconciler - [customop] Reconciling HiveMQ Platform 'test-hivemq-platform-alpha' in namespace 'customoperatorselectorit'
2025-01-30 04:03:44,937 INFO c.h.h.t.HelmChartContainer - [hivemq-test-hivemq-platform] [hivemq-platform-operator] [13354393] 04:03:44.934 [ReconcilerExecutor-hivemq-controller-109] DEBUG c.h.p.o.HiveMQPlatformReconciler - [customop] Custom Resource Status STARTING - HiveMQ Platform is starting (READY)
2025-01-30 04:03:44,937 INFO c.h.h.t.HelmChartContainer - [hivemq-test-hivemq-platform] [hivemq-platform-operator] [13354393] 04:03:44.934 [ReconcilerExecutor-hivemq-controller-109] DEBUG c.h.p.o.HiveMQPlatformReconciler - [customop] Custom Resource Spec (replicas: 1) (extensions: 1)
2025-01-30 04:03:44,938 INFO c.h.h.t.HelmChartContainer - [hivemq-test-hivemq-platform] [hivemq-platform-operator] [13354393] 04:03:44.937 [ReconcilerExecutor-hivemq-controller-109] DEBUG c.h.p.o.HiveMQPlatformReconciler - [customop] StatefulSet Status (revision: test-hivemq-platform-alpha-84dd785f7, replicas: 1, available: 0, ready: 0, current: 1, updated: 1)
2025-01-30 04:03:44,938 INFO c.h.h.t.HelmChartContainer - [hivemq-test-hivemq-platform] [hivemq-platform-operator] [13354393] 04:03:44.938 [ReconcilerExecutor-hivemq-controller-109] DEBUG c.h.p.o.HiveMQPlatformReconciler - [customop] StatefulSet Spec (replicas: 1, init containers: 1, containers: 1, volumes: 3)
2025-01-30 04:03:44,941 INFO c.h.h.t.HelmChartContainer - [hivemq-test-hivemq-platform] [hivemq-platform-operator] [13354393] 04:03:44.941 [ReconcilerExecutor-hivemq-controller-109] DEBUG c.h.p.o.h.HiveMQPlatformReconcilerErrorHandler - [customop] Pod 'test-hivemq-platform-alpha-0' phase Running
2025-01-30 04:03:44,943 INFO c.h.h.t.HelmChartContainer - [hivemq-test-hivemq-platform] [hivemq-platform-operator] [13354393] 04:03:44.942 [ReconcilerExecutor-hivemq-controller-109] INFO  c.h.p.o.h.HiveMQPlatformReconcilerBaseHandler - [customop] HiveMQ Platform is starting, 0 of 1 replicas are ready
2025-01-30 04:03:45,125 INFO c.h.h.t.HelmChartContainer - [test-hivemq-platform] [hivemq] [aa701013] INFO  - [HiveMQ Platform Operator Init 1.7.0-SNAPSHOT] HiveMQ Platform Operator Init 1.7.0-SNAPSHOT (commit: 47e3375 on branch: HEAD) built on Thu Jan 30 03:55:50 UTC 2025
2025-01-30 04:03:46,321 INFO c.h.h.t.HelmChartContainer - [test-hivemq-platform] [hivemq] [aa701013] INFO  - [HiveMQ Platform Operator Init App 1.7.0-SNAPSHOT] Using bind address 10.42.0.14 from environment variable
2025-01-30 04:03:47,325 INFO c.h.h.t.HelmChartContainer - [test-hivemq-platform] [hivemq] [aa701013] INFO  - [HiveMQ Platform Operator Init App 1.7.0-SNAPSHOT] HiveMQ Platform Operator Init App 1.7.0-SNAPSHOT (commit: 47e3375 on branch: HEAD) built on Thu Jan 30 03:55:50 UTC 2025
2025-01-30 04:03:47,328 INFO c.h.h.t.HelmChartContainer - [test-hivemq-platform] [hivemq] [aa701013] INFO  - [HiveMQ Platform Operator Init App 1.7.0-SNAPSHOT] PodInfo ConfigMap directory: /etc/podinfo
2025-01-30 04:03:47,328 INFO c.h.h.t.HelmChartContainer - [test-hivemq-platform] [hivemq] [aa701013] INFO  - [HiveMQ Platform Operator Init App 1.7.0-SNAPSHOT] HiveMQ home directory: /opt/hivemq
2025-01-30 04:03:47,328 INFO c.h.h.t.HelmChartContainer - [test-hivemq-platform] [hivemq] [aa701013] INFO  - [HiveMQ Platform Operator Init App 1.7.0-SNAPSHOT] HiveMQ Logback folder: /opt/hivemq/conf
2025-01-30 04:03:47,328 INFO c.h.h.t.HelmChartContainer - [test-hivemq-platform] [hivemq] [aa701013] INFO  - [HiveMQ Platform Operator Init App 1.7.0-SNAPSHOT] HiveMQ Config folder: /opt/hivemq/conf-k8s
2025-01-30 04:03:47,328 INFO c.h.h.t.HelmChartContainer - [test-hivemq-platform] [hivemq] [aa701013] INFO  - [HiveMQ Platform Operator Init App 1.7.0-SNAPSHOT] Starting HiveMQ Platform Operator Init App
2025-01-30 04:03:47,328 INFO c.h.h.t.HelmChartContainer - [test-hivemq-platform] [hivemq] [aa701013] INFO  - [HiveMQ Platform Operator Init App 1.7.0-SNAPSHOT] Starting Pod reconciler
2025-01-30 04:03:48,679 INFO c.h.h.t.HelmChartContainer - [test-hivemq-platform] [hivemq] [aa701013] INFO  - [HiveMQ Platform Operator Init App 1.7.0-SNAPSHOT] Pod reconciler is scheduled (interval: 5000 ms)
2025-01-30 04:03:48,680 INFO c.h.h.t.HelmChartContainer - [test-hivemq-platform] [hivemq] [aa701013] INFO  - [HiveMQ Platform Operator Init App 1.7.0-SNAPSHOT] Starting the REST API on 10.42.0.14:7979
2025-01-30 04:03:48,715 INFO c.h.h.t.HelmChartContainer - [test-hivemq-platform] [hivemq] [aa701013] INFO  - [HiveMQ Platform Operator Init App 1.7.0-SNAPSHOT] Waiting up to 600s for at most 1 HiveMQ nodes in cluster service hivemq-test-hivemq-platform-alpha-cluster.customoperatorselectorit.svc
2025-01-30 04:03:49,030 INFO c.h.h.t.HelmChartContainer - [test-hivemq-platform] [hivemq] [aa701013] INFO  - [HiveMQ Platform Operator Init App 1.7.0-SNAPSHOT] Resolved 1 IP addresses: [10.42.0.14]
2025-01-30 04:03:49,030 INFO c.h.h.t.HelmChartContainer - [test-hivemq-platform] [hivemq] [aa701013] INFO  - [HiveMQ Platform Operator Init App 1.7.0-SNAPSHOT] HiveMQ node count of 1 is within threshold of 1
2025-01-30 04:03:49,030 INFO c.h.h.t.HelmChartContainer - [test-hivemq-platform] [hivemq] [aa701013] INFO  - [HiveMQ Platform Operator Init App 1.7.0-SNAPSHOT] Proceeding with container start
2025-01-30 04:03:49,120 INFO c.h.h.t.HelmChartContainer - [test-hivemq-platform] [hivemq] [aa701013] INFO  - [HiveMQ Platform Operator Init App 1.7.0-SNAPSHOT] Initializing HiveMQ Platform extensions with initial configuration: {hivemq-allow-all-extension={start-priority=-1, skip-https-hostname-verification=false, restart=true, config-version=0, header-version=0, c-uri=, priority=-1, uri=preinstalled, skip-https-certificate-validation=false, enabled=true}, hivemq-prometheus-extension={skip-https-hostname-verification=false, skip-https-certificate-validation=false, uri=preinstalled, request-header-path=no-request-headers, enabled=true, restart=true, priority=-1, start-priority=-1, c-uri=}}
2025-01-30 04:03:49,621 INFO c.h.h.t.HelmChartContainer - [test-hivemq-platform] [hivemq] [aa701013] INFO  - [HiveMQ Platform Operator Init App 1.7.0-SNAPSHOT] Extension hivemq-allow-all-extension was already enabled
2025-01-30 04:03:49,678 INFO c.h.h.t.HelmChartContainer - [test-hivemq-platform] [hivemq] [aa701013] INFO  - [HiveMQ Platform Operator Init App 1.7.0-SNAPSHOT] Successfully enabled extension hivemq-prometheus-extension
2025-01-30 04:03:49,679 INFO c.h.h.t.HelmChartContainer - [test-hivemq-platform] [hivemq] [aa701013] INFO  - [HiveMQ Platform Operator Init App 1.7.0-SNAPSHOT] Starting HiveMQ Platform version 4.36.0 (4.36.0)
2025-01-30 04:03:49,679 INFO c.h.h.t.HelmChartContainer - [test-hivemq-platform] [hivemq] [aa701013] INFO  - [HiveMQ Platform Operator Init App 1.7.0-SNAPSHOT] Configuring the HiveMQ Platform
2025-01-30 04:03:49,720 INFO c.h.h.t.HelmChartContainer - [test-hivemq-platform] [hivemq] [aa701013] INFO  - [HiveMQ Platform Operator Init App 1.7.0-SNAPSHOT] Changed logback.xml file scan period to 20 seconds
2025-01-30 04:03:49,779 INFO c.h.h.t.HelmChartContainer - [test-hivemq-platform] [hivemq] [aa701013] INFO  - [HiveMQ Platform Operator Init App 1.7.0-SNAPSHOT] Starting the HiveMQ Platform
2025-01-30 04:03:49,818 INFO c.h.h.t.HelmChartContainer - [test-hivemq-platform] [hivemq] [aa701013] -------------------------------------------------------------------------
2025-01-30 04:03:49,818 INFO c.h.h.t.HelmChartContainer - [test-hivemq-platform] [hivemq] [aa701013] 
2025-01-30 04:03:49,818 INFO c.h.h.t.HelmChartContainer - [test-hivemq-platform] [hivemq] [aa701013]                   _    _  _              __  __   ____
2025-01-30 04:03:49,818 INFO c.h.h.t.HelmChartContainer - [test-hivemq-platform] [hivemq] [aa701013]                  | |  | |(_)            |  \/  | / __ \
2025-01-30 04:03:49,818 INFO c.h.h.t.HelmChartContainer - [test-hivemq-platform] [hivemq] [aa701013]                  | |__| | _ __   __ ___ | \  / || |  | |
2025-01-30 04:03:49,818 INFO c.h.h.t.HelmChartContainer - [test-hivemq-platform] [hivemq] [aa701013]                  |  __  || |\ \ / // _ \| |\/| || |  | |
2025-01-30 04:03:49,818 INFO c.h.h.t.HelmChartContainer - [test-hivemq-platform] [hivemq] [aa701013]                  | |  | || | \ V /|  __/| |  | || |__| |
2025-01-30 04:03:49,818 INFO c.h.h.t.HelmChartContainer - [test-hivemq-platform] [hivemq] [aa701013]                  |_|  |_||_|  \_/  \___||_|  |_| \___\_\
2025-01-30 04:03:49,818 INFO c.h.h.t.HelmChartContainer - [test-hivemq-platform] [hivemq] [aa701013] 
2025-01-30 04:03:49,818 INFO c.h.h.t.HelmChartContainer - [test-hivemq-platform] [hivemq] [aa701013] -------------------------------------------------------------------------
2025-01-30 04:03:49,818 INFO c.h.h.t.HelmChartContainer - [test-hivemq-platform] [hivemq] [aa701013] 
2025-01-30 04:03:49,818 INFO c.h.h.t.HelmChartContainer - [test-hivemq-platform] [hivemq] [aa701013]   HiveMQ Start Script for Linux/Unix v1.14
2025-01-30 04:03:49,818 INFO c.h.h.t.HelmChartContainer - [test-hivemq-platform] [hivemq] [aa701013] 
2025-01-30 04:03:49,921 INFO c.h.h.t.HelmChartContainer - [test-hivemq-platform] [hivemq] [aa701013] -------------------------------------------------------------------------
2025-01-30 04:03:49,922 INFO c.h.h.t.HelmChartContainer - [test-hivemq-platform] [hivemq] [aa701013] 
2025-01-30 04:03:49,922 INFO c.h.h.t.HelmChartContainer - [test-hivemq-platform] [hivemq] [aa701013]   HIVEMQ_HOME: /opt/hivemq
2025-01-30 04:03:49,922 INFO c.h.h.t.HelmChartContainer - [test-hivemq-platform] [hivemq] [aa701013] 
2025-01-30 04:03:49,922 INFO c.h.h.t.HelmChartContainer - [test-hivemq-platform] [hivemq] [aa701013]   JAVA_OPTS: -XX:+UnlockExperimentalVMOptions -XX:InitialRAMPercentage=50 -XX:MaxRAMPercentage=50 -Djava.net.preferIPv4Stack=true --add-opens java.base/java.lang=ALL-UNNAMED --add-opens java.base/java.nio=ALL-UNNAMED --add-opens java.base/sun.nio.ch=ALL-UNNAMED --add-opens jdk.management/com.sun.management.internal=ALL-UNNAMED --add-exports java.base/jdk.internal.misc=ALL-UNNAMED -Djava.security.egd=file:/dev/./urandom -Dcom.sun.management.jmxremote -Dcom.sun.management.jmxremote.port=9010 -Dcom.sun.management.jmxremote.local.only=false -Dcom.sun.management.jmxremote.authenticate=false -Dcom.sun.management.jmxremote.ssl=false -Duser.language=en -Duser.region=US -XX:+CrashOnOutOfMemoryError -XX:+HeapDumpOnOutOfMemoryError
2025-01-30 04:03:49,922 INFO c.h.h.t.HelmChartContainer - [test-hivemq-platform] [hivemq] [aa701013] 
2025-01-30 04:03:49,922 INFO c.h.h.t.HelmChartContainer - [test-hivemq-platform] [hivemq] [aa701013]   JAVA_VERSION: 21
2025-01-30 04:03:49,922 INFO c.h.h.t.HelmChartContainer - [test-hivemq-platform] [hivemq] [aa701013] 
2025-01-30 04:03:49,922 INFO c.h.h.t.HelmChartContainer - [test-hivemq-platform] [hivemq] [aa701013] -------------------------------------------------------------------------
2025-01-30 04:03:49,922 INFO c.h.h.t.HelmChartContainer - [test-hivemq-platform] [hivemq] [aa701013] 
2025-01-30 04:03:50,919 INFO c.h.h.t.HelmChartContainer - [test-hivemq-platform] [hivemq] [aa701013] INFO  - [HiveMQ Platform Operator Init App 1.7.0-SNAPSHOT] Returning default Health API response 503 for readiness
2025-01-30 04:03:51,319 INFO c.h.h.t.HelmChartContainer - [EVENT] Warning [Unhealthy] Readiness probe failed: HTTP probe failed with statuscode: 503 [customoperatorselectorit:test-hivemq-platform-alpha-0]
2025-01-30 04:03:51,319 INFO c.h.h.t.HelmChartContainer - Received Unhealthy event for container hivemq in pod test-hivemq-platform-alpha-0 [aa701013-b572-4930-b546-750fa665ba8a]
2025-01-30 04:03:52,623 INFO c.h.h.t.HelmChartContainer - [test-hivemq-platform] [hivemq] [aa701013] INFO  - Starting HiveMQ Enterprise Server
2025-01-30 04:03:52,679 INFO c.h.h.t.HelmChartContainer - [test-hivemq-platform] [hivemq] [aa701013] INFO  - HiveMQ version: 4.36.0
2025-01-30 04:03:52,680 INFO c.h.h.t.HelmChartContainer - [test-hivemq-platform] [hivemq] [aa701013] INFO  - HiveMQ home directory: /opt/hivemq
2025-01-30 04:03:52,680 INFO c.h.h.t.HelmChartContainer - [test-hivemq-platform] [hivemq] [aa701013] INFO  - Log Configuration was overridden by /opt/hivemq/conf/logback.xml
2025-01-30 04:03:54,219 INFO c.h.h.t.HelmChartContainer - [test-hivemq-platform] [hivemq] [aa701013] INFO  - Successfully loaded configuration from '/opt/hivemq/conf-k8s/config.xml'.
2025-01-30 04:03:54,949 INFO c.h.h.t.HelmChartContainer - [hivemq-test-hivemq-platform] [hivemq-platform-operator] [13354393] 04:03:54.945 [pool-6-thread-16] DEBUG c.h.p.o.d.PlatformServiceResource - [customop] Desired Platform services (3 services)
2025-01-30 04:03:54,949 INFO c.h.h.t.HelmChartContainer - [hivemq-test-hivemq-platform] [hivemq-platform-operator] [13354393] 04:03:54.946 [pool-6-thread-17] DEBUG c.h.p.o.dependants.PodInfoConfigMap - [customop] Desired PodInfo ConfigMap (1 extensions) (1 enabled)
2025-01-30 04:03:54,949 INFO c.h.h.t.HelmChartContainer - [hivemq-test-hivemq-platform] [hivemq-platform-operator] [13354393] 04:03:54.946 [pool-6-thread-17] DEBUG c.h.p.o.dependants.PodInfoConfigMap - [customop] Desired PodInfo ConfigMap (metrics port: 9399) (metrics path: /)
2025-01-30 04:03:54,949 INFO c.h.h.t.HelmChartContainer - [hivemq-test-hivemq-platform] [hivemq-platform-operator] [13354393] 04:03:54.946 [pool-6-thread-17] DEBUG c.h.p.o.dependants.PodInfoConfigMap - [customop] Desired PodInfo ConfigMap (extension state hash: -1817474005)
2025-01-30 04:03:54,949 INFO c.h.h.t.HelmChartContainer - [hivemq-test-hivemq-platform] [hivemq-platform-operator] [13354393] 04:03:54.947 [pool-6-thread-15] DEBUG c.h.p.o.d.PodServiceAccountResource - [customop] Desired PodServiceAccountResource (serviceAccountName: hivemq-platform-pod-test-hivemq-platform-alpha)
2025-01-30 04:03:54,955 INFO c.h.h.t.HelmChartContainer - [hivemq-test-hivemq-platform] [hivemq-platform-operator] [13354393] 04:03:54.953 [pool-6-thread-16] DEBUG c.h.p.o.d.StatefulSetResource - [customop] Desired StatefulSet (1 replicas) for status STARTING (READY)
2025-01-30 04:03:54,960 INFO c.h.h.t.HelmChartContainer - [hivemq-test-hivemq-platform] [hivemq-platform-operator] [13354393] 04:03:54.958 [ReconcilerExecutor-hivemq-controller-110] INFO  c.h.p.o.HiveMQPlatformReconciler - [customop] Reconciling HiveMQ Platform 'test-hivemq-platform-alpha' in namespace 'customoperatorselectorit'
2025-01-30 04:03:54,960 INFO c.h.h.t.HelmChartContainer - [hivemq-test-hivemq-platform] [hivemq-platform-operator] [13354393] 04:03:54.959 [ReconcilerExecutor-hivemq-controller-110] DEBUG c.h.p.o.HiveMQPlatformReconciler - [customop] Custom Resource Status STARTING - HiveMQ Platform is starting (READY)
2025-01-30 04:03:54,960 INFO c.h.h.t.HelmChartContainer - [hivemq-test-hivemq-platform] [hivemq-platform-operator] [13354393] 04:03:54.959 [ReconcilerExecutor-hivemq-controller-110] DEBUG c.h.p.o.HiveMQPlatformReconciler - [customop] Custom Resource Spec (replicas: 1) (extensions: 1)
2025-01-30 04:03:54,962 INFO c.h.h.t.HelmChartContainer - [hivemq-test-hivemq-platform] [hivemq-platform-operator] [13354393] 04:03:54.961 [ReconcilerExecutor-hivemq-controller-110] DEBUG c.h.p.o.HiveMQPlatformReconciler - [customop] StatefulSet Status (revision: test-hivemq-platform-alpha-84dd785f7, replicas: 1, available: 0, ready: 0, current: 1, updated: 1)
2025-01-30 04:03:54,963 INFO c.h.h.t.HelmChartContainer - [hivemq-test-hivemq-platform] [hivemq-platform-operator] [13354393] 04:03:54.961 [ReconcilerExecutor-hivemq-controller-110] DEBUG c.h.p.o.HiveMQPlatformReconciler - [customop] StatefulSet Spec (replicas: 1, init containers: 1, containers: 1, volumes: 3)
2025-01-30 04:03:55,019 INFO c.h.h.t.HelmChartContainer - [test-hivemq-platform] [hivemq] [aa701013] INFO  - This node's ID is tfVJM
2025-01-30 04:03:55,019 INFO c.h.h.t.HelmChartContainer - [test-hivemq-platform] [hivemq] [aa701013] INFO  - Clustering is enabled
2025-01-30 04:03:55,034 INFO c.h.h.t.HelmChartContainer - [hivemq-test-hivemq-platform] [hivemq-platform-operator] [13354393] 04:03:55.033 [ReconcilerExecutor-hivemq-controller-110] DEBUG c.h.p.o.h.HiveMQPlatformReconcilerErrorHandler - [customop] Pod 'test-hivemq-platform-alpha-0' phase Running
2025-01-30 04:03:55,035 INFO c.h.h.t.HelmChartContainer - [hivemq-test-hivemq-platform] [hivemq-platform-operator] [13354393] 04:03:55.034 [ReconcilerExecutor-hivemq-controller-110] INFO  c.h.p.o.h.HiveMQPlatformReconcilerBaseHandler - [customop] HiveMQ Platform is starting, 0 of 1 replicas are ready
2025-01-30 04:03:56,477 INFO c.h.h.t.HelmChartContainer - [test-hivemq-platform] [hivemq] [aa701013] WARN  - [HiveMQ Platform Operator Init App 1.7.0-SNAPSHOT] Cannot connect to Health API for readiness: null
2025-01-30 04:03:56,482 INFO c.h.h.t.HelmChartContainer - [EVENT] Warning [Unhealthy] Readiness probe failed: HTTP probe failed with statuscode: 503 [customoperatorselectorit:test-hivemq-platform-alpha-0]
2025-01-30 04:03:56,482 INFO c.h.h.t.HelmChartContainer - Received Unhealthy event for container hivemq in pod test-hivemq-platform-alpha-0 [aa701013-b572-4930-b546-750fa665ba8a]
2025-01-30 04:03:59,883 INFO c.h.h.t.HelmChartContainer - [test-hivemq-platform] [hivemq] [aa701013] Jan 30, 2025 4:03:59 AM io.vertx.core.impl.BlockedThreadChecker
2025-01-30 04:03:59,883 INFO c.h.h.t.HelmChartContainer - [test-hivemq-platform] [hivemq] [aa701013] WARNING: Thread Thread[vert.x-eventloop-thread-1,5,main] has been blocked for 2953 ms, time limit is 2000 ms
2025-01-30 04:04:00,179 INFO c.h.h.t.HelmChartContainer - [test-hivemq-platform] [hivemq] [aa701013] INFO  - [HiveMQ Platform Operator Init App 1.7.0-SNAPSHOT] Updating Pod HiveMQ Platform Operator Init App version annotation (version: 1.7.0-SNAPSHOT)
2025-01-30 04:04:00,915 INFO c.h.h.t.HelmChartContainer - [test-hivemq-platform] [hivemq] [aa701013] WARN  - [HiveMQ Platform Operator Init App 1.7.0-SNAPSHOT] Cannot connect to Health API for readiness: null
2025-01-30 04:04:00,922 INFO c.h.h.t.HelmChartContainer - [EVENT] Warning [Unhealthy] Readiness probe failed: HTTP probe failed with statuscode: 503 [customoperatorselectorit:test-hivemq-platform-alpha-0]
2025-01-30 04:04:00,922 INFO c.h.h.t.HelmChartContainer - Received Unhealthy event for container hivemq in pod test-hivemq-platform-alpha-0 [aa701013-b572-4930-b546-750fa665ba8a]
2025-01-30 04:04:01,192 INFO c.h.h.t.HelmChartContainer - [POD] test-hivemq-platform-alpha-0 [aa701013-b572-4930-b546-750fa665ba8a] in customoperatorselectorit was MODIFIED
2025-01-30 04:04:01,201 INFO c.h.h.t.HelmChartContainer - [hivemq-test-hivemq-platform] [hivemq-platform-operator] [13354393] 04:04:01.197 [pool-6-thread-24] DEBUG c.h.p.o.d.PlatformServiceResource - [customop] Desired Platform services (3 services)
2025-01-30 04:04:01,202 INFO c.h.h.t.HelmChartContainer - [hivemq-test-hivemq-platform] [hivemq-platform-operator] [13354393] 04:04:01.198 [pool-6-thread-26] DEBUG c.h.p.o.dependants.PodInfoConfigMap - [customop] Desired PodInfo ConfigMap (1 extensions) (1 enabled)
2025-01-30 04:04:01,202 INFO c.h.h.t.HelmChartContainer - [hivemq-test-hivemq-platform] [hivemq-platform-operator] [13354393] 04:04:01.199 [pool-6-thread-21] DEBUG c.h.p.o.d.PodServiceAccountResource - [customop] Desired PodServiceAccountResource (serviceAccountName: hivemq-platform-pod-test-hivemq-platform-alpha)
2025-01-30 04:04:01,202 INFO c.h.h.t.HelmChartContainer - [hivemq-test-hivemq-platform] [hivemq-platform-operator] [13354393] 04:04:01.199 [pool-6-thread-26] DEBUG c.h.p.o.dependants.PodInfoConfigMap - [customop] Desired PodInfo ConfigMap (metrics port: 9399) (metrics path: /)
2025-01-30 04:04:01,202 INFO c.h.h.t.HelmChartContainer - [hivemq-test-hivemq-platform] [hivemq-platform-operator] [13354393] 04:04:01.199 [pool-6-thread-26] DEBUG c.h.p.o.dependants.PodInfoConfigMap - [customop] Desired PodInfo ConfigMap (extension state hash: -1817474005)
2025-01-30 04:04:01,206 INFO c.h.h.t.HelmChartContainer - [hivemq-test-hivemq-platform] [hivemq-platform-operator] [13354393] 04:04:01.205 [pool-6-thread-30] DEBUG c.h.p.o.d.StatefulSetResource - [customop] Desired StatefulSet (1 replicas) for status STARTING (READY)
2025-01-30 04:04:01,211 INFO c.h.h.t.HelmChartContainer - [hivemq-test-hivemq-platform] [hivemq-platform-operator] [13354393] 04:04:01.209 [ReconcilerExecutor-hivemq-controller-111] INFO  c.h.p.o.HiveMQPlatformReconciler - [customop] Reconciling HiveMQ Platform 'test-hivemq-platform-alpha' in namespace 'customoperatorselectorit'
2025-01-30 04:04:01,211 INFO c.h.h.t.HelmChartContainer - [hivemq-test-hivemq-platform] [hivemq-platform-operator] [13354393] 04:04:01.209 [ReconcilerExecutor-hivemq-controller-111] DEBUG c.h.p.o.HiveMQPlatformReconciler - [customop] Custom Resource Status STARTING - HiveMQ Platform is starting (READY)
2025-01-30 04:04:01,211 INFO c.h.h.t.HelmChartContainer - [hivemq-test-hivemq-platform] [hivemq-platform-operator] [13354393] 04:04:01.209 [ReconcilerExecutor-hivemq-controller-111] DEBUG c.h.p.o.HiveMQPlatformReconciler - [customop] Custom Resource Spec (replicas: 1) (extensions: 1)
2025-01-30 04:04:01,212 INFO c.h.h.t.HelmChartContainer - [hivemq-test-hivemq-platform] [hivemq-platform-operator] [13354393] 04:04:01.210 [ReconcilerExecutor-hivemq-controller-111] DEBUG c.h.p.o.HiveMQPlatformReconciler - [customop] StatefulSet Status (revision: test-hivemq-platform-alpha-84dd785f7, replicas: 1, available: 0, ready: 0, current: 1, updated: 1)
2025-01-30 04:04:01,212 INFO c.h.h.t.HelmChartContainer - [hivemq-test-hivemq-platform] [hivemq-platform-operator] [13354393] 04:04:01.210 [ReconcilerExecutor-hivemq-controller-111] DEBUG c.h.p.o.HiveMQPlatformReconciler - [customop] StatefulSet Spec (replicas: 1, init containers: 1, containers: 1, volumes: 3)
2025-01-30 04:04:01,212 INFO c.h.h.t.HelmChartContainer - [hivemq-test-hivemq-platform] [hivemq-platform-operator] [13354393] 04:04:01.211 [ReconcilerExecutor-hivemq-controller-111] DEBUG c.h.p.o.h.HiveMQPlatformReconcilerErrorHandler - [customop] Pod 'test-hivemq-platform-alpha-0' phase Running
2025-01-30 04:04:01,263 INFO c.h.h.t.HelmChartContainer - [hivemq-test-hivemq-platform] [hivemq-platform-operator] [13354393] 04:04:01.261 [ReconcilerExecutor-hivemq-controller-111] INFO  c.h.p.o.h.HiveMQPlatformReconcilerBaseHandler - [customop] HiveMQ Platform is starting, 0 of 1 replicas are ready
2025-01-30 04:04:01,285 INFO c.h.h.t.HelmChartContainer - [test-hivemq-platform] [hivemq] [aa701013] WARN  - [HiveMQ Platform Operator Init App 1.7.0-SNAPSHOT] Cannot connect to Health API for readiness: null
2025-01-30 04:04:01,289 INFO c.h.h.t.HelmChartContainer - [EVENT] Warning [Unhealthy] Readiness probe failed: HTTP probe failed with statuscode: 503 [customoperatorselectorit:test-hivemq-platform-alpha-0]
2025-01-30 04:04:01,290 INFO c.h.h.t.HelmChartContainer - Received Unhealthy event for container hivemq in pod test-hivemq-platform-alpha-0 [aa701013-b572-4930-b546-750fa665ba8a]
2025-01-30 04:04:01,316 INFO c.h.h.t.HelmChartContainer - [test-hivemq-platform] [hivemq] [aa701013] INFO  - [HiveMQ Platform Operator Init App 1.7.0-SNAPSHOT] Successfully updated Pod HiveMQ Platform Operator Init App version annotation (version: 1.7.0-SNAPSHOT)
2025-01-30 04:04:06,218 INFO c.h.h.t.HelmChartContainer - [test-hivemq-platform] [hivemq] [aa701013] WARN  - [HiveMQ Platform Operator Init App 1.7.0-SNAPSHOT] Cannot connect to Health API for readiness: null
2025-01-30 04:04:06,223 INFO c.h.h.t.HelmChartContainer - [EVENT] Warning [Unhealthy] Readiness probe failed: HTTP probe failed with statuscode: 503 [customoperatorselectorit:test-hivemq-platform-alpha-0]
2025-01-30 04:04:06,224 INFO c.h.h.t.HelmChartContainer - Received Unhealthy event for container hivemq in pod test-hivemq-platform-alpha-0 [aa701013-b572-4930-b546-750fa665ba8a]
2025-01-30 04:04:10,119 INFO c.h.h.t.HelmChartContainer - [test-hivemq-platform] [hivemq] [aa701013] WARN  - [HiveMQ Platform Operator Init App 1.7.0-SNAPSHOT] Cannot connect to Health API for liveness: null
2025-01-30 04:04:10,119 INFO c.h.h.t.HelmChartContainer - [test-hivemq-platform] [hivemq] [aa701013] INFO  - [HiveMQ Platform Operator Init App 1.7.0-SNAPSHOT] Returning default Health API response 200 for liveness
2025-01-30 04:04:10,784 INFO c.h.h.t.HelmChartContainer - [K3S] [range_allocator.go:247] "Successfully synced" key="f56699bdbf80"
2025-01-30 04:04:11,220 INFO c.h.h.t.HelmChartContainer - [test-hivemq-platform] [hivemq] [aa701013] WARN  - [HiveMQ Platform Operator Init App 1.7.0-SNAPSHOT] Cannot connect to Health API for readiness: null
2025-01-30 04:04:11,223 INFO c.h.h.t.HelmChartContainer - [EVENT] Warning [Unhealthy] Readiness probe failed: HTTP probe failed with statuscode: 503 [customoperatorselectorit:test-hivemq-platform-alpha-0]
2025-01-30 04:04:11,223 INFO c.h.h.t.HelmChartContainer - Received Unhealthy event for container hivemq in pod test-hivemq-platform-alpha-0 [aa701013-b572-4930-b546-750fa665ba8a]
2025-01-30 04:04:11,269 INFO c.h.h.t.HelmChartContainer - [hivemq-test-hivemq-platform] [hivemq-platform-operator] [13354393] 04:04:11.265 [pool-6-thread-32] DEBUG c.h.p.o.d.PlatformServiceResource - [customop] Desired Platform services (3 services)
2025-01-30 04:04:11,269 INFO c.h.h.t.HelmChartContainer - [hivemq-test-hivemq-platform] [hivemq-platform-operator] [13354393] 04:04:11.266 [pool-6-thread-37] DEBUG c.h.p.o.dependants.PodInfoConfigMap - [customop] Desired PodInfo ConfigMap (1 extensions) (1 enabled)
2025-01-30 04:04:11,269 INFO c.h.h.t.HelmChartContainer - [hivemq-test-hivemq-platform] [hivemq-platform-operator] [13354393] 04:04:11.266 [pool-6-thread-37] DEBUG c.h.p.o.dependants.PodInfoConfigMap - [customop] Desired PodInfo ConfigMap (metrics port: 9399) (metrics path: /)
2025-01-30 04:04:11,269 INFO c.h.h.t.HelmChartContainer - [hivemq-test-hivemq-platform] [hivemq-platform-operator] [13354393] 04:04:11.266 [pool-6-thread-37] DEBUG c.h.p.o.dependants.PodInfoConfigMap - [customop] Desired PodInfo ConfigMap (extension state hash: -1817474005)
2025-01-30 04:04:11,270 INFO c.h.h.t.HelmChartContainer - [hivemq-test-hivemq-platform] [hivemq-platform-operator] [13354393] 04:04:11.268 [pool-6-thread-36] DEBUG c.h.p.o.d.PodServiceAccountResource - [customop] Desired PodServiceAccountResource (serviceAccountName: hivemq-platform-pod-test-hivemq-platform-alpha)
2025-01-30 04:04:11,280 INFO c.h.h.t.HelmChartContainer - [hivemq-test-hivemq-platform] [hivemq-platform-operator] [13354393] 04:04:11.274 [pool-6-thread-32] DEBUG c.h.p.o.d.StatefulSetResource - [customop] Desired StatefulSet (1 replicas) for status STARTING (READY)
2025-01-30 04:04:11,285 INFO c.h.h.t.HelmChartContainer - [hivemq-test-hivemq-platform] [hivemq-platform-operator] [13354393] 04:04:11.284 [ReconcilerExecutor-hivemq-controller-112] INFO  c.h.p.o.HiveMQPlatformReconciler - [customop] Reconciling HiveMQ Platform 'test-hivemq-platform-alpha' in namespace 'customoperatorselectorit'
2025-01-30 04:04:11,288 INFO c.h.h.t.HelmChartContainer - [hivemq-test-hivemq-platform] [hivemq-platform-operator] [13354393] 04:04:11.286 [ReconcilerExecutor-hivemq-controller-112] DEBUG c.h.p.o.HiveMQPlatformReconciler - [customop] Custom Resource Status STARTING - HiveMQ Platform is starting (READY)
2025-01-30 04:04:11,289 INFO c.h.h.t.HelmChartContainer - [hivemq-test-hivemq-platform] [hivemq-platform-operator] [13354393] 04:04:11.286 [ReconcilerExecutor-hivemq-controller-112] DEBUG c.h.p.o.HiveMQPlatformReconciler - [customop] Custom Resource Spec (replicas: 1) (extensions: 1)
2025-01-30 04:04:11,289 INFO c.h.h.t.HelmChartContainer - [hivemq-test-hivemq-platform] [hivemq-platform-operator] [13354393] 04:04:11.288 [ReconcilerExecutor-hivemq-controller-112] DEBUG c.h.p.o.HiveMQPlatformReconciler - [customop] StatefulSet Status (revision: test-hivemq-platform-alpha-84dd785f7, replicas: 1, available: 0, ready: 0, current: 1, updated: 1)
2025-01-30 04:04:11,289 INFO c.h.h.t.HelmChartContainer - [hivemq-test-hivemq-platform] [hivemq-platform-operator] [13354393] 04:04:11.288 [ReconcilerExecutor-hivemq-controller-112] DEBUG c.h.p.o.HiveMQPlatformReconciler - [customop] StatefulSet Spec (replicas: 1, init containers: 1, containers: 1, volumes: 3)
2025-01-30 04:04:11,364 INFO c.h.h.t.HelmChartContainer - [hivemq-test-hivemq-platform] [hivemq-platform-operator] [13354393] 04:04:11.362 [ReconcilerExecutor-hivemq-controller-112] DEBUG c.h.p.o.h.HiveMQPlatformReconcilerErrorHandler - [customop] Pod 'test-hivemq-platform-alpha-0' phase Running
2025-01-30 04:04:11,364 INFO c.h.h.t.HelmChartContainer - [hivemq-test-hivemq-platform] [hivemq-platform-operator] [13354393] 04:04:11.363 [ReconcilerExecutor-hivemq-controller-112] INFO  c.h.p.o.h.HiveMQPlatformReconcilerBaseHandler - [customop] HiveMQ Platform is starting, 0 of 1 replicas are ready
2025-01-30 04:04:12,889 INFO c.h.h.t.HelmChartContainer - [test-hivemq-platform] [hivemq] [aa701013] INFO  - No valid license file found. Using trial license, restricted to 25 connections.
2025-01-30 04:04:16,277 INFO c.h.h.t.HelmChartContainer - [test-hivemq-platform] [hivemq] [aa701013] WARN  - [HiveMQ Platform Operator Init App 1.7.0-SNAPSHOT] Cannot connect to Health API for readiness: null
2025-01-30 04:04:16,281 INFO c.h.h.t.HelmChartContainer - [EVENT] Warning [Unhealthy] Readiness probe failed: HTTP probe failed with statuscode: 503 [customoperatorselectorit:test-hivemq-platform-alpha-0]
2025-01-30 04:04:16,281 INFO c.h.h.t.HelmChartContainer - Received Unhealthy event for container hivemq in pod test-hivemq-platform-alpha-0 [aa701013-b572-4930-b546-750fa665ba8a]
2025-01-30 04:04:17,276 INFO c.h.h.t.HelmChartContainer - [test-hivemq-platform] [hivemq] [aa701013] INFO  - No valid license file for Data Hub found. Using free license, restricted to 1 policy.
2025-01-30 04:04:18,578 INFO c.h.h.t.HelmChartContainer - [test-hivemq-platform] [hivemq] [aa701013] INFO  - Audit Logger started.
2025-01-30 04:04:18,829 INFO c.h.h.t.HelmChartContainer - [test-hivemq-platform] [hivemq] [aa701013] INFO  - This node uses '1' CPU cores.
2025-01-30 04:04:18,833 INFO c.h.h.t.HelmChartContainer - [test-hivemq-platform] [hivemq] [aa701013] INFO  - Starting HiveMQ Health API on address 0.0.0.0 and port 8889
2025-01-30 04:04:19,684 INFO c.h.h.t.HelmChartContainer - [test-hivemq-platform] [hivemq] [aa701013] INFO  - Started HiveMQ Health API in 851ms
2025-01-30 04:04:20,277 INFO c.h.h.t.HelmChartContainer - [test-hivemq-platform] [hivemq] [aa701013] INFO  - Starting HiveMQ extension system.
2025-01-30 04:04:20,576 INFO c.h.h.t.HelmChartContainer - [test-hivemq-platform] [hivemq] [aa701013] INFO  - Starting extension with id "hivemq-dns-cluster-discovery" at /opt/hivemq/extensions/hivemq-dns-cluster-discovery
2025-01-30 04:04:21,019 INFO c.h.h.t.HelmChartContainer - [test-hivemq-platform] [hivemq] [aa701013] INFO  - Extension "DNS Cluster Discovery Extension" version 4.3.2 started successfully.
2025-01-30 04:04:21,019 INFO c.h.h.t.HelmChartContainer - [test-hivemq-platform] [hivemq] [aa701013] INFO  - Starting extension with id "hivemq-prometheus-extension" at /opt/hivemq/extensions/hivemq-prometheus-extension
2025-01-30 04:04:21,078 INFO c.h.h.t.HelmChartContainer - [test-hivemq-platform] [hivemq] [aa701013] INFO  - Using TCP cluster transport on address 10.42.0.14 and port 7000
2025-01-30 04:04:21,115 INFO c.h.h.t.HelmChartContainer - [test-hivemq-platform] [hivemq] [aa701013] INFO  - Using extension cluster discovery
2025-01-30 04:04:21,369 INFO c.h.h.t.HelmChartContainer - [hivemq-test-hivemq-platform] [hivemq-platform-operator] [13354393] 04:04:21.366 [pool-6-thread-46] DEBUG c.h.p.o.d.PlatformServiceResource - [customop] Desired Platform services (3 services)
2025-01-30 04:04:21,370 INFO c.h.h.t.HelmChartContainer - [hivemq-test-hivemq-platform] [hivemq-platform-operator] [13354393] 04:04:21.367 [pool-6-thread-45] DEBUG c.h.p.o.dependants.PodInfoConfigMap - [customop] Desired PodInfo ConfigMap (1 extensions) (1 enabled)
2025-01-30 04:04:21,370 INFO c.h.h.t.HelmChartContainer - [hivemq-test-hivemq-platform] [hivemq-platform-operator] [13354393] 04:04:21.367 [pool-6-thread-45] DEBUG c.h.p.o.dependants.PodInfoConfigMap - [customop] Desired PodInfo ConfigMap (metrics port: 9399) (metrics path: /)
2025-01-30 04:04:21,371 INFO c.h.h.t.HelmChartContainer - [hivemq-test-hivemq-platform] [hivemq-platform-operator] [13354393] 04:04:21.367 [pool-6-thread-45] DEBUG c.h.p.o.dependants.PodInfoConfigMap - [customop] Desired PodInfo ConfigMap (extension state hash: -1817474005)
2025-01-30 04:04:21,372 INFO c.h.h.t.HelmChartContainer - [hivemq-test-hivemq-platform] [hivemq-platform-operator] [13354393] 04:04:21.369 [pool-6-thread-43] DEBUG c.h.p.o.d.PodServiceAccountResource - [customop] Desired PodServiceAccountResource (serviceAccountName: hivemq-platform-pod-test-hivemq-platform-alpha)
2025-01-30 04:04:21,386 INFO c.h.h.t.HelmChartContainer - [hivemq-test-hivemq-platform] [hivemq-platform-operator] [13354393] 04:04:21.384 [pool-6-thread-43] DEBUG c.h.p.o.d.StatefulSetResource - [customop] Desired StatefulSet (1 replicas) for status STARTING (READY)
2025-01-30 04:04:21,470 INFO c.h.h.t.HelmChartContainer - [hivemq-test-hivemq-platform] [hivemq-platform-operator] [13354393] 04:04:21.466 [ReconcilerExecutor-hivemq-controller-113] INFO  c.h.p.o.HiveMQPlatformReconciler - [customop] Reconciling HiveMQ Platform 'test-hivemq-platform-alpha' in namespace 'customoperatorselectorit'
2025-01-30 04:04:21,470 INFO c.h.h.t.HelmChartContainer - [hivemq-test-hivemq-platform] [hivemq-platform-operator] [13354393] 04:04:21.466 [ReconcilerExecutor-hivemq-controller-113] DEBUG c.h.p.o.HiveMQPlatformReconciler - [customop] Custom Resource Status STARTING - HiveMQ Platform is starting (READY)
2025-01-30 04:04:21,470 INFO c.h.h.t.HelmChartContainer - [hivemq-test-hivemq-platform] [hivemq-platform-operator] [13354393] 04:04:21.466 [ReconcilerExecutor-hivemq-controller-113] DEBUG c.h.p.o.HiveMQPlatformReconciler - [customop] Custom Resource Spec (replicas: 1) (extensions: 1)
2025-01-30 04:04:21,470 INFO c.h.h.t.HelmChartContainer - [hivemq-test-hivemq-platform] [hivemq-platform-operator] [13354393] 04:04:21.469 [ReconcilerExecutor-hivemq-controller-113] DEBUG c.h.p.o.HiveMQPlatformReconciler - [customop] StatefulSet Status (revision: test-hivemq-platform-alpha-84dd785f7, replicas: 1, available: 0, ready: 0, current: 1, updated: 1)
2025-01-30 04:04:21,471 INFO c.h.h.t.HelmChartContainer - [hivemq-test-hivemq-platform] [hivemq-platform-operator] [13354393] 04:04:21.469 [ReconcilerExecutor-hivemq-controller-113] DEBUG c.h.p.o.HiveMQPlatformReconciler - [customop] StatefulSet Spec (replicas: 1, init containers: 1, containers: 1, volumes: 3)
2025-01-30 04:04:21,472 INFO c.h.h.t.HelmChartContainer - [hivemq-test-hivemq-platform] [hivemq-platform-operator] [13354393] 04:04:21.471 [ReconcilerExecutor-hivemq-controller-113] DEBUG c.h.p.o.h.HiveMQPlatformReconcilerErrorHandler - [customop] Pod 'test-hivemq-platform-alpha-0' phase Running
2025-01-30 04:04:21,472 INFO c.h.h.t.HelmChartContainer - [hivemq-test-hivemq-platform] [hivemq-platform-operator] [13354393] 04:04:21.471 [ReconcilerExecutor-hivemq-controller-113] INFO  c.h.p.o.h.HiveMQPlatformReconcilerBaseHandler - [customop] HiveMQ Platform is starting, 0 of 1 replicas are ready
2025-01-30 04:04:22,181 INFO c.h.h.t.HelmChartContainer - [test-hivemq-platform] [hivemq] [aa701013] INFO  - Started Jetty Server exposing Prometheus Servlet on URI http://0.0.0.0:9399/
2025-01-30 04:04:22,181 INFO c.h.h.t.HelmChartContainer - [test-hivemq-platform] [hivemq] [aa701013] INFO  - Extension "Prometheus Monitoring Extension" version 4.0.12 started successfully.
2025-01-30 04:04:22,181 INFO c.h.h.t.HelmChartContainer - [test-hivemq-platform] [hivemq] [aa701013] INFO  - Starting extension with id "hivemq-allow-all-extension" at /opt/hivemq/extensions/hivemq-allow-all-extension
2025-01-30 04:04:22,181 INFO c.h.h.t.HelmChartContainer - [test-hivemq-platform] [hivemq] [aa701013] WARN  - 
2025-01-30 04:04:22,181 INFO c.h.h.t.HelmChartContainer - [test-hivemq-platform] [hivemq] [aa701013] ################################################################################################################
2025-01-30 04:04:22,181 INFO c.h.h.t.HelmChartContainer - [test-hivemq-platform] [hivemq] [aa701013] # This HiveMQ deployment is not secure! You are lacking Authentication and Authorization.                      #
2025-01-30 04:04:22,181 INFO c.h.h.t.HelmChartContainer - [test-hivemq-platform] [hivemq] [aa701013] # Right now any MQTT client can connect to the broker with a full set of permissions.                          #
2025-01-30 04:04:22,181 INFO c.h.h.t.HelmChartContainer - [test-hivemq-platform] [hivemq] [aa701013] # For production usage, add an appropriate security extension and remove the hivemq-allow-all extension.       #
2025-01-30 04:04:22,182 INFO c.h.h.t.HelmChartContainer - [test-hivemq-platform] [hivemq] [aa701013] # You can download security extensions from the HiveMQ Marketplace (https://www.hivemq.com/extensions/).       #
2025-01-30 04:04:22,182 INFO c.h.h.t.HelmChartContainer - [test-hivemq-platform] [hivemq] [aa701013] ################################################################################################################
2025-01-30 04:04:22,182 INFO c.h.h.t.HelmChartContainer - [test-hivemq-platform] [hivemq] [aa701013] INFO  - Extension "Allow All Extension" version 1.1.1 started successfully.
2025-01-30 04:04:22,234 INFO c.h.h.t.HelmChartContainer - [EVENT] Warning [Unhealthy] Readiness probe failed: Get "http://10.42.0.14:7979/readiness": context deadline exceeded (Client.Timeout exceeded while awaiting headers) [customoperatorselectorit:test-hivemq-platform-alpha-0]
2025-01-30 04:04:22,234 INFO c.h.h.t.HelmChartContainer - Received Unhealthy event for container hivemq in pod test-hivemq-platform-alpha-0 [aa701013-b572-4930-b546-750fa665ba8a]
2025-01-30 04:04:22,716 INFO c.h.h.t.HelmChartContainer - [test-hivemq-platform] [hivemq] [aa701013] INFO  - [HiveMQ Platform Operator Init App 1.7.0-SNAPSHOT] Returning Health API response 503 for readiness
2025-01-30 04:04:24,482 INFO c.h.h.t.HelmChartContainer - [test-hivemq-platform] [hivemq] [aa701013] INFO  - tfVJM: no members discovered after 2501 ms: creating cluster as first member
2025-01-30 04:04:24,488 INFO c.h.h.t.HelmChartContainer - [test-hivemq-platform] [hivemq] [aa701013] INFO  - Cluster nodes found by discovery: [tfVJM|0] (1) [tfVJM].
2025-01-30 04:04:24,581 INFO c.h.h.t.HelmChartContainer - [test-hivemq-platform] [hivemq] [aa701013] WARN  - No user for HiveMQ Control Center configured. Starting with default user
2025-01-30 04:04:24,582 INFO c.h.h.t.HelmChartContainer - [test-hivemq-platform] [hivemq] [aa701013] INFO  - Starting HiveMQ Control Center on address 0.0.0.0 and port 8080
2025-01-30 04:04:24,587 INFO c.h.h.t.HelmChartContainer - [test-hivemq-platform] [hivemq] [aa701013] INFO  - Mounting HiveMQ Control Center V2 Preview
2025-01-30 04:04:25,284 INFO c.h.h.t.HelmChartContainer - [test-hivemq-platform] [hivemq] [aa701013] INFO  - Started HiveMQ Control Center in 704ms
2025-01-30 04:04:25,376 INFO c.h.h.t.HelmChartContainer - [test-hivemq-platform] [hivemq] [aa701013] INFO  - Starting TCP listener on address 0.0.0.0 and port 1883
2025-01-30 04:04:25,390 INFO c.h.h.t.HelmChartContainer - [test-hivemq-platform] [hivemq] [aa701013] INFO  - Started TCP Listener on address 0.0.0.0 and on port 1883.
2025-01-30 04:04:25,390 INFO c.h.h.t.HelmChartContainer - [test-hivemq-platform] [hivemq] [aa701013] INFO  - Started HiveMQ in 33109ms
2025-01-30 04:04:26,196 INFO c.h.h.t.HelmChartContainer - [test-hivemq-platform] [hivemq] [aa701013] INFO  - [HiveMQ Platform Operator Init App 1.7.0-SNAPSHOT] Returning Health API response 200 for readiness
2025-01-30 04:04:26,211 INFO c.h.h.t.HelmChartContainer - [POD] test-hivemq-platform-alpha-0 [aa701013-b572-4930-b546-750fa665ba8a] in customoperatorselectorit was MODIFIED
2025-01-30 04:04:26,227 INFO c.h.h.t.HelmChartContainer - [hivemq-test-hivemq-platform] [hivemq-platform-operator] [13354393] 04:04:26.220 [pool-6-thread-8] DEBUG c.h.p.o.d.PlatformServiceResource - [customop] Desired Platform services (3 services)
2025-01-30 04:04:26,227 INFO c.h.h.t.HelmChartContainer - [hivemq-test-hivemq-platform] [hivemq-platform-operator] [13354393] 04:04:26.222 [pool-6-thread-2] DEBUG c.h.p.o.d.PodServiceAccountResource - [customop] Desired PodServiceAccountResource (serviceAccountName: hivemq-platform-pod-test-hivemq-platform-alpha)
2025-01-30 04:04:26,234 INFO c.h.h.t.HelmChartContainer - [hivemq-test-hivemq-platform] [hivemq-platform-operator] [13354393] 04:04:26.221 [pool-6-thread-1] DEBUG c.h.p.o.dependants.PodInfoConfigMap - [customop] Desired PodInfo ConfigMap (1 extensions) (1 enabled)
2025-01-30 04:04:26,234 INFO c.h.h.t.HelmChartContainer - [hivemq-test-hivemq-platform] [hivemq-platform-operator] [13354393] 04:04:26.228 [pool-6-thread-1] DEBUG c.h.p.o.dependants.PodInfoConfigMap - [customop] Desired PodInfo ConfigMap (metrics port: 9399) (metrics path: /)
2025-01-30 04:04:26,234 INFO c.h.h.t.HelmChartContainer - [hivemq-test-hivemq-platform] [hivemq-platform-operator] [13354393] 04:04:26.228 [pool-6-thread-1] DEBUG c.h.p.o.dependants.PodInfoConfigMap - [customop] Desired PodInfo ConfigMap (extension state hash: -1817474005)
2025-01-30 04:04:26,237 INFO c.h.h.t.HelmChartContainer - [hivemq-test-hivemq-platform] [hivemq-platform-operator] [13354393] 04:04:26.235 [pool-6-thread-7] DEBUG c.h.p.o.d.StatefulSetResource - [customop] Desired StatefulSet (1 replicas) for status STARTING (READY)
2025-01-30 04:04:26,265 INFO c.h.h.t.HelmChartContainer - [hivemq-test-hivemq-platform] [hivemq-platform-operator] [13354393] 04:04:26.263 [ReconcilerExecutor-hivemq-controller-114] INFO  c.h.p.o.HiveMQPlatformReconciler - [customop] Reconciling HiveMQ Platform 'test-hivemq-platform-alpha' in namespace 'customoperatorselectorit'
2025-01-30 04:04:26,265 INFO c.h.h.t.HelmChartContainer - [hivemq-test-hivemq-platform] [hivemq-platform-operator] [13354393] 04:04:26.263 [ReconcilerExecutor-hivemq-controller-114] DEBUG c.h.p.o.HiveMQPlatformReconciler - [customop] Custom Resource Status STARTING - HiveMQ Platform is starting (READY)
2025-01-30 04:04:26,265 INFO c.h.h.t.HelmChartContainer - [hivemq-test-hivemq-platform] [hivemq-platform-operator] [13354393] 04:04:26.263 [ReconcilerExecutor-hivemq-controller-114] DEBUG c.h.p.o.HiveMQPlatformReconciler - [customop] Custom Resource Spec (replicas: 1) (extensions: 1)
2025-01-30 04:04:26,266 INFO c.h.h.t.HelmChartContainer - [hivemq-test-hivemq-platform] [hivemq-platform-operator] [13354393] 04:04:26.265 [ReconcilerExecutor-hivemq-controller-114] DEBUG c.h.p.o.HiveMQPlatformReconciler - [customop] StatefulSet Status (revision: test-hivemq-platform-alpha-84dd785f7, replicas: 1, available: 1, ready: 1, current: 1, updated: 1)
2025-01-30 04:04:26,267 INFO c.h.h.t.HelmChartContainer - [hivemq-test-hivemq-platform] [hivemq-platform-operator] [13354393] 04:04:26.265 [ReconcilerExecutor-hivemq-controller-114] DEBUG c.h.p.o.HiveMQPlatformReconciler - [customop] StatefulSet Spec (replicas: 1, init containers: 1, containers: 1, volumes: 3)
2025-01-30 04:04:26,270 INFO c.h.h.t.HelmChartContainer - [hivemq-test-hivemq-platform] [hivemq-platform-operator] [13354393] 04:04:26.268 [ReconcilerExecutor-hivemq-controller-114] DEBUG c.h.p.o.h.HiveMQPlatformReconcilerErrorHandler - [customop] Pod 'test-hivemq-platform-alpha-0' phase Running
2025-01-30 04:04:26,271 INFO c.h.h.t.HelmChartContainer - [hivemq-test-hivemq-platform] [hivemq-platform-operator] [13354393] 04:04:26.269 [ReconcilerExecutor-hivemq-controller-114] INFO  c.h.p.o.h.HiveMQPlatformReconcilerBaseHandler - [customop] HiveMQ Platform started successfully
2025-01-30 04:04:26,374 INFO c.h.h.t.HelmChartContainer - [hivemq-test-hivemq-platform] [hivemq-platform-operator] [13354393] 04:04:26.373 [ReconcilerExecutor-hivemq-controller-114] DEBUG c.h.p.operator.event.EventSender - [customop] Creating K8s event hivemq-platform-ready: [Ready] HiveMQ Platform is ready
2025-01-30 04:04:26,378 INFO c.h.h.t.HelmChartContainer - [EVENT] Normal [Ready] HiveMQ Platform is ready [customoperatorselectorit:test-hivemq-platform-alpha]
2025-01-30 04:04:26,380 INFO c.h.h.t.HelmChartContainer - [hivemq-test-hivemq-platform] [hivemq-platform-operator] [13354393] 04:04:26.379 [ReconcilerExecutor-hivemq-controller-114] INFO  c.h.p.o.h.AbstractHiveMQReconcilerStateHandler - [customop] Update HiveMQ Platform Status (STARTING [READY] -> RUNNING [READY]): HiveMQ Platform is ready
2025-01-30 04:04:26,469 DEBUG com.hivemq.helmcharts.util.K8sUtil - Comparing actual state 'RUNNING' and waiting for 'RUNNING'
2025-01-30 04:04:26,475 INFO c.h.h.t.HelmChartContainer - [hivemq-test-hivemq-platform] [hivemq-platform-operator] [13354393] 04:04:26.473 [pool-6-thread-14] DEBUG c.h.p.o.d.PlatformServiceResource - [customop] Desired Platform services (3 services)
2025-01-30 04:04:26,478 INFO c.h.h.t.HelmChartContainer - [hivemq-test-hivemq-platform] [hivemq-platform-operator] [13354393] 04:04:26.476 [pool-6-thread-19] DEBUG c.h.p.o.d.PodServiceAccountResource - [customop] Desired PodServiceAccountResource (serviceAccountName: hivemq-platform-pod-test-hivemq-platform-alpha)
2025-01-30 04:04:26,515 INFO c.h.h.t.HelmChartContainer - Uninstalling release 'test-hivemq-platform-alpha' in namespace 'customoperatorselectorit'...
2025-01-30 04:04:26,516 DEBUG c.h.h.t.HelmChartContainer - Executing helm command: /bin/helm --kubeconfig /etc/rancher/k3s/k3s.yaml uninstall test-hivemq-platform-alpha  --wait --timeout 5m0s --cascade foreground --namespace customoperatorselectorit
2025-01-30 04:04:26,534 INFO c.h.h.t.HelmChartContainer - [hivemq-test-hivemq-platform] [hivemq-platform-operator] [13354393] 04:04:26.475 [pool-6-thread-15] DEBUG c.h.p.o.dependants.PodInfoConfigMap - [customop] Desired PodInfo ConfigMap (1 extensions) (1 enabled)
2025-01-30 04:04:26,535 INFO c.h.h.t.HelmChartContainer - [hivemq-test-hivemq-platform] [hivemq-platform-operator] [13354393] 04:04:26.531 [pool-6-thread-15] DEBUG c.h.p.o.dependants.PodInfoConfigMap - [customop] Desired PodInfo ConfigMap (metrics port: 9399) (metrics path: /)
2025-01-30 04:04:26,535 INFO c.h.h.t.HelmChartContainer - [hivemq-test-hivemq-platform] [hivemq-platform-operator] [13354393] 04:04:26.531 [pool-6-thread-15] DEBUG c.h.p.o.dependants.PodInfoConfigMap - [customop] Desired PodInfo ConfigMap (extension state hash: -1817474005)
2025-01-30 04:04:26,535 INFO c.h.h.t.HelmChartContainer - [hivemq-test-hivemq-platform] [hivemq-platform-operator] [13354393] 04:04:26.532 [pool-6-thread-15] DEBUG c.h.p.o.dependants.PodInfoConfigMap - [customop] Update PodInfo ConfigMap
2025-01-30 04:04:26,575 INFO c.h.h.t.HelmChartContainer - [hivemq-test-hivemq-platform] [hivemq-platform-operator] [13354393] 04:04:26.572 [pool-6-thread-15] DEBUG c.h.p.o.d.StatefulSetResource - [customop] Desired StatefulSet (1 replicas) for status RUNNING (READY)
2025-01-30 04:04:26,581 INFO c.h.h.t.HelmChartContainer - [hivemq-test-hivemq-platform] [hivemq-platform-operator] [13354393] 04:04:26.580 [ReconcilerExecutor-hivemq-controller-115] INFO  c.h.p.o.HiveMQPlatformReconciler - [customop] Reconciling HiveMQ Platform 'test-hivemq-platform-alpha' in namespace 'customoperatorselectorit'
2025-01-30 04:04:26,585 INFO c.h.h.t.HelmChartContainer - [hivemq-test-hivemq-platform] [hivemq-platform-operator] [13354393] 04:04:26.581 [ReconcilerExecutor-hivemq-controller-115] DEBUG c.h.p.o.HiveMQPlatformReconciler - [customop] Custom Resource Status RUNNING - HiveMQ Platform is ready (READY)
2025-01-30 04:04:26,586 INFO c.h.h.t.HelmChartContainer - [hivemq-test-hivemq-platform] [hivemq-platform-operator] [13354393] 04:04:26.582 [ReconcilerExecutor-hivemq-controller-115] DEBUG c.h.p.o.HiveMQPlatformReconciler - [customop] Custom Resource Spec (replicas: 1) (extensions: 1)
2025-01-30 04:04:26,633 INFO c.h.h.t.HelmChartContainer - [hivemq-test-hivemq-platform] [hivemq-platform-operator] [13354393] 04:04:26.632 [ReconcilerExecutor-hivemq-controller-115] DEBUG c.h.p.o.HiveMQPlatformReconciler - [customop] StatefulSet Status (revision: test-hivemq-platform-alpha-84dd785f7, replicas: 1, available: 1, ready: 1, current: 1, updated: 1)
2025-01-30 04:04:26,634 INFO c.h.h.t.HelmChartContainer - [hivemq-test-hivemq-platform] [hivemq-platform-operator] [13354393] 04:04:26.632 [ReconcilerExecutor-hivemq-controller-115] DEBUG c.h.p.o.HiveMQPlatformReconciler - [customop] StatefulSet Spec (replicas: 1, init containers: 1, containers: 1, volumes: 3)
2025-01-30 04:04:26,635 INFO c.h.h.t.HelmChartContainer - [hivemq-test-hivemq-platform] [hivemq-platform-operator] [13354393] 04:04:26.634 [ReconcilerExecutor-hivemq-controller-115] DEBUG c.h.p.o.h.HiveMQPlatformReconcilerErrorHandler - [customop] Pod 'test-hivemq-platform-alpha-0' phase Running
2025-01-30 04:04:26,722 INFO c.h.h.t.HelmChartContainer - [hivemq-test-hivemq-platform] [hivemq-platform-operator] [13354393] 04:04:26.720 [ReconcilerExecutor-hivemq-controller-116] INFO  c.h.p.o.HiveMQPlatformReconciler - [customop] Cleanup test-hivemq-platform-alpha - customoperatorselectorit HiveMQ Platform is shut down
2025-01-30 04:04:26,894 INFO c.h.h.t.HelmChartContainer - [test-hivemq-platform] [hivemq] [aa701013] WARN  - [HiveMQ Platform Operator Init App 1.7.0-SNAPSHOT] Could not update Pod annotations: Failure executing: GET at: https://10.43.0.1:443/api/v1/namespaces/customoperatorselectorit/pods/test-hivemq-platform-alpha-0. Message: pods "test-hivemq-platform-alpha-0" is forbidden: User "system:serviceaccount:customoperatorselectorit:hivemq-platform-pod-test-hivemq-platform-alpha" cannot get resource "pods" in API group "" in the namespace "customoperatorselectorit". Received status: Status(apiVersion=v1, code=403, details=StatusDetails(causes=[], group=null, kind=pods, name=test-hivemq-platform-alpha-0, retryAfterSeconds=null, uid=null, additionalProperties={}), kind=Status, message=pods "test-hivemq-platform-alpha-0" is forbidden: User "system:serviceaccount:customoperatorselectorit:hivemq-platform-pod-test-hivemq-platform-alpha" cannot get resource "pods" in API group "" in the namespace "customoperatorselectorit", metadata=ListMeta(_continue=null, remainingItemCount=null, resourceVersion=null, selfLink=null, additionalProperties={}), reason=Forbidden, status=Failure, additionalProperties={}).
2025-01-30 04:04:27,441 INFO c.h.h.t.HelmChartContainer - [POD] test-hivemq-platform-alpha-0 [aa701013-b572-4930-b546-750fa665ba8a] in customoperatorselectorit was MODIFIED
2025-01-30 04:04:27,445 INFO c.h.h.t.HelmChartContainer - [EVENT] Normal [Killing] Stopping container hivemq [customoperatorselectorit:test-hivemq-platform-alpha-0]
2025-01-30 04:04:27,445 INFO c.h.h.t.HelmChartContainer - Received Killing event for container hivemq in pod test-hivemq-platform-alpha-0 [aa701013-b572-4930-b546-750fa665ba8a]
2025-01-30 04:04:27,446 INFO c.h.h.t.HelmChartContainer - Container [test-hivemq-platform-alpha-0] [hivemq] [aa701013-b572-4930-b546-750fa665ba8a] was terminated
2025-01-30 04:04:27,446 INFO c.h.h.t.HelmChartContainer - Stopped log watcher for hivemq in pod test-hivemq-platform-alpha-0 [aa701013-b572-4930-b546-750fa665ba8a]
2025-01-30 04:04:27,457 INFO c.h.h.t.HelmChartContainer - [test-hivemq-platform] [hivemq] [aa701013] INFO  - [HiveMQ Platform Operator Init App 1.7.0-SNAPSHOT] Shutting down
2025-01-30 04:04:27,457 INFO c.h.h.t.HelmChartContainer - [test-hivemq-platform] [hivemq] [aa701013] INFO  - [HiveMQ Platform Operator Init App 1.7.0-SNAPSHOT] Stopping the HiveMQ Platform
2025-01-30 04:04:27,531 INFO c.h.h.t.HelmChartContainer - [test-hivemq-platform] [hivemq] [aa701013] INFO  - Shutting down HiveMQ. Please wait, this could take a while...
2025-01-30 04:04:27,618 INFO c.h.h.t.HelmChartContainer - [test-hivemq-platform] [hivemq] [aa701013] INFO  - Shutting down listeners and clients
2025-01-30 04:04:27,618 INFO c.h.h.t.HelmChartContainer - [test-hivemq-platform] [hivemq] [aa701013] INFO  - Shutdown of listeners is done
2025-01-30 04:04:27,618 INFO c.h.h.t.HelmChartContainer - [test-hivemq-platform] [hivemq] [aa701013] INFO  - No clients are connected, proceeding with shutdown
2025-01-30 04:04:28,768 INFO c.h.h.t.HelmChartContainer - Release 'test-hivemq-platform-alpha' in namespace 'customoperatorselectorit' is uninstalled
2025-01-30 04:04:28,768 INFO c.h.h.t.HelmChartContainer - Uninstalling release 'test-hivemq-platform-beta' in namespace 'customoperatorselectorit'...
2025-01-30 04:04:28,768 DEBUG c.h.h.t.HelmChartContainer - Executing helm command: /bin/helm --kubeconfig /etc/rancher/k3s/k3s.yaml uninstall test-hivemq-platform-beta  --wait --timeout 5m0s --cascade foreground --namespace customoperatorselectorit
2025-01-30 04:04:30,284 INFO c.h.h.t.HelmChartContainer - [test-hivemq-platform] [hivemq] [aa701013] INFO  - Shutting down extension system
2025-01-30 04:04:30,286 INFO c.h.h.t.HelmChartContainer - [test-hivemq-platform] [hivemq] [aa701013] INFO  - Stopping extension with id hivemq-dns-cluster-discovery
2025-01-30 04:04:30,286 INFO c.h.h.t.HelmChartContainer - [test-hivemq-platform] [hivemq] [aa701013] INFO  - Extension "DNS Cluster Discovery Extension" version 4.3.2 stopped successfully.
2025-01-30 04:04:30,287 INFO c.h.h.t.HelmChartContainer - [test-hivemq-platform] [hivemq] [aa701013] INFO  - Stopping extension with id hivemq-prometheus-extension
2025-01-30 04:04:30,290 INFO c.h.h.t.HelmChartContainer - [test-hivemq-platform] [hivemq] [aa701013] INFO  - Extension "Prometheus Monitoring Extension" version 4.0.12 stopped successfully.
2025-01-30 04:04:30,291 INFO c.h.h.t.HelmChartContainer - [test-hivemq-platform] [hivemq] [aa701013] INFO  - Stopping extension with id hivemq-allow-all-extension
2025-01-30 04:04:30,291 INFO c.h.h.t.HelmChartContainer - [test-hivemq-platform] [hivemq] [aa701013] INFO  - Extension "Allow All Extension" version 1.1.1 stopped successfully.
2025-01-30 04:04:31,002 INFO c.h.h.t.HelmChartContainer - Deleting namespace 'customoperatorselectorit'...
2025-01-30 04:04:31,191 INFO c.h.h.t.HelmChartContainer - [test-hivemq-platform] [hivemq] [aa701013] INFO  - [HiveMQ Platform Operator Init App 1.7.0-SNAPSHOT] Returning shutdown Health API response 503 for readiness
2025-01-30 04:04:31,196 INFO c.h.h.t.HelmChartContainer - [EVENT] Warning [Unhealthy] Readiness probe failed: HTTP probe failed with statuscode: 503 [customoperatorselectorit:test-hivemq-platform-alpha-0]
2025-01-30 04:04:31,196 INFO c.h.h.t.HelmChartContainer - Received Unhealthy event for container hivemq in pod test-hivemq-platform-alpha-0 [aa701013-b572-4930-b546-750fa665ba8a]
2025-01-30 04:04:31,898 INFO c.h.h.t.HelmChartContainer - [K3S] [authentication.go:74] "Unable to authenticate the request" err="[invalid bearer token, serviceaccounts \"hivemq-platform-pod-test-hivemq-platform-alpha\" not found]"
2025-01-30 04:04:31,919 INFO c.h.h.t.HelmChartContainer - [K3S] [authentication.go:74] "Unable to authenticate the request" err="[invalid bearer token, serviceaccounts \"hivemq-platform-pod-test-hivemq-platform-alpha\" not found]"
2025-01-30 04:04:31,921 INFO c.h.h.t.HelmChartContainer - [test-hivemq-platform] [hivemq] [aa701013] WARN  - [HiveMQ Platform Operator Init App 1.7.0-SNAPSHOT] Could not update Pod annotations: Failure executing: GET at: https://10.43.0.1:443/api/v1/namespaces/customoperatorselectorit/pods/test-hivemq-platform-alpha-0. Message: Unauthorized. Received status: Status(apiVersion=v1, code=401, details=null, kind=Status, message=Unauthorized, metadata=ListMeta(_continue=null, remainingItemCount=null, resourceVersion=null, selfLink=null, additionalProperties={}), reason=Unauthorized, status=Failure, additionalProperties={}).
2025-01-30 04:04:32,577 INFO c.h.h.t.HelmChartContainer - [test-hivemq-platform] [hivemq] [aa701013] INFO  - Shutdown completed.
2025-01-30 04:04:32,924 INFO c.h.h.t.HelmChartContainer - [test-hivemq-platform] [hivemq] [aa701013] INFO  - [HiveMQ Platform Operator Init App 1.7.0-SNAPSHOT] The HiveMQ Platform exited with code 143
2025-01-30 04:04:32,924 INFO c.h.h.t.HelmChartContainer - [test-hivemq-platform] [hivemq] [aa701013] INFO  - [HiveMQ Platform Operator Init App 1.7.0-SNAPSHOT] Stopping the REST API
2025-01-30 04:04:32,931 INFO c.h.h.t.HelmChartContainer - [test-hivemq-platform] [hivemq] [aa701013] INFO  - [HiveMQ Platform Operator Init App 1.7.0-SNAPSHOT] Shutdown complete
2025-01-30 04:04:33,395 INFO c.h.h.t.HelmChartContainer - [POD] test-hivemq-platform-alpha-0 [aa701013-b572-4930-b546-750fa665ba8a] in customoperatorselectorit was MODIFIED
2025-01-30 04:04:33,397 INFO c.h.h.t.HelmChartContainer - [K3S] [stateful_set.go:438] "Unhandled Error" err="error syncing StatefulSet customoperatorselectorit/test-hivemq-platform-alpha, requeuing: controllerrevisions.apps \"test-hivemq-platform-alpha-84dd785f7\" is forbidden: unable to create new content in namespace customoperatorselectorit because it is being terminated"
2025-01-30 04:04:33,407 INFO c.h.h.t.HelmChartContainer - [K3S] [stateful_set.go:438] "Unhandled Error" err="error syncing StatefulSet customoperatorselectorit/test-hivemq-platform-alpha, requeuing: controllerrevisions.apps \"test-hivemq-platform-alpha-84dd785f7\" is forbidden: unable to create new content in namespace customoperatorselectorit because it is being terminated"
2025-01-30 04:04:33,420 INFO c.h.h.t.HelmChartContainer - [K3S] [stateful_set.go:438] "Unhandled Error" err="error syncing StatefulSet customoperatorselectorit/test-hivemq-platform-alpha, requeuing: controllerrevisions.apps \"test-hivemq-platform-alpha-84dd785f7\" is forbidden: unable to create new content in namespace customoperatorselectorit because it is being terminated"
2025-01-30 04:04:33,444 INFO c.h.h.t.HelmChartContainer - [K3S] [stateful_set.go:438] "Unhandled Error" err="error syncing StatefulSet customoperatorselectorit/test-hivemq-platform-alpha, requeuing: controllerrevisions.apps \"test-hivemq-platform-alpha-84dd785f7\" is forbidden: unable to create new content in namespace customoperatorselectorit because it is being terminated"
2025-01-30 04:04:33,487 INFO c.h.h.t.HelmChartContainer - [K3S] [stateful_set.go:438] "Unhandled Error" err="error syncing StatefulSet customoperatorselectorit/test-hivemq-platform-alpha, requeuing: controllerrevisions.apps \"test-hivemq-platform-alpha-84dd785f7\" is forbidden: unable to create new content in namespace customoperatorselectorit because it is being terminated"
2025-01-30 04:04:33,515 INFO c.h.h.t.HelmChartContainer - [K3S] [reconciler_common.go:162] "operationExecutor.UnmountVolume started for volume \"kube-api-access-dw9d5\" (UniqueName: \"kubernetes.io/projected/aa701013-b572-4930-b546-750fa665ba8a-kube-api-access-dw9d5\") pod \"aa701013-b572-4930-b546-750fa665ba8a\" (UID: \"aa701013-b572-4930-b546-750fa665ba8a\") "
2025-01-30 04:04:33,515 INFO c.h.h.t.HelmChartContainer - [K3S] [reconciler_common.go:162] "operationExecutor.UnmountVolume started for volume \"operator-init\" (UniqueName: \"kubernetes.io/empty-dir/aa701013-b572-4930-b546-750fa665ba8a-operator-init\") pod \"aa701013-b572-4930-b546-750fa665ba8a\" (UID: \"aa701013-b572-4930-b546-750fa665ba8a\") "
2025-01-30 04:04:33,515 INFO c.h.h.t.HelmChartContainer - [K3S] [reconciler_common.go:162] "operationExecutor.UnmountVolume started for volume \"pod-info\" (UniqueName: \"kubernetes.io/configmap/aa701013-b572-4930-b546-750fa665ba8a-pod-info\") pod \"aa701013-b572-4930-b546-750fa665ba8a\" (UID: \"aa701013-b572-4930-b546-750fa665ba8a\") "
2025-01-30 04:04:33,515 INFO c.h.h.t.HelmChartContainer - [K3S] [reconciler_common.go:162] "operationExecutor.UnmountVolume started for volume \"broker-configuration\" (UniqueName: \"kubernetes.io/configmap/aa701013-b572-4930-b546-750fa665ba8a-broker-configuration\") pod \"aa701013-b572-4930-b546-750fa665ba8a\" (UID: \"aa701013-b572-4930-b546-750fa665ba8a\") "
2025-01-30 04:04:33,571 INFO c.h.h.t.HelmChartContainer - [K3S] [stateful_set.go:438] "Unhandled Error" err="error syncing StatefulSet customoperatorselectorit/test-hivemq-platform-alpha, requeuing: controllerrevisions.apps \"test-hivemq-platform-alpha-84dd785f7\" is forbidden: unable to create new content in namespace customoperatorselectorit because it is being terminated"
2025-01-30 04:04:33,616 INFO c.h.h.t.HelmChartContainer - [K3S] [reconciler_common.go:299] "Volume detached for volume \"kube-api-access-dw9d5\" (UniqueName: \"kubernetes.io/projected/aa701013-b572-4930-b546-750fa665ba8a-kube-api-access-dw9d5\") on node \"f56699bdbf80\" DevicePath \"\""
2025-01-30 04:04:33,616 INFO c.h.h.t.HelmChartContainer - [K3S] [reconciler_common.go:299] "Volume detached for volume \"operator-init\" (UniqueName: \"kubernetes.io/empty-dir/aa701013-b572-4930-b546-750fa665ba8a-operator-init\") on node \"f56699bdbf80\" DevicePath \"\""
2025-01-30 04:04:33,616 INFO c.h.h.t.HelmChartContainer - [K3S] [reconciler_common.go:299] "Volume detached for volume \"pod-info\" (UniqueName: \"kubernetes.io/configmap/aa701013-b572-4930-b546-750fa665ba8a-pod-info\") on node \"f56699bdbf80\" DevicePath \"\""
2025-01-30 04:04:33,616 INFO c.h.h.t.HelmChartContainer - [K3S] [reconciler_common.go:299] "Volume detached for volume \"broker-configuration\" (UniqueName: \"kubernetes.io/configmap/aa701013-b572-4930-b546-750fa665ba8a-broker-configuration\") on node \"f56699bdbf80\" DevicePath \"\""
2025-01-30 04:04:33,735 INFO c.h.h.t.HelmChartContainer - [K3S] [stateful_set.go:438] "Unhandled Error" err="error syncing StatefulSet customoperatorselectorit/test-hivemq-platform-alpha, requeuing: controllerrevisions.apps \"test-hivemq-platform-alpha-84dd785f7\" is forbidden: unable to create new content in namespace customoperatorselectorit because it is being terminated"
2025-01-30 04:04:33,914 INFO c.h.h.t.HelmChartContainer - [K3S] [scope.go:117] "RemoveContainer" containerID="c8f1f9b118e47c60733325e805f51610985d73ff2fec674ccba48917c464afe4"
2025-01-30 04:04:33,929 INFO c.h.h.t.HelmChartContainer - [POD] test-hivemq-platform-alpha-0 [aa701013-b572-4930-b546-750fa665ba8a] in customoperatorselectorit was MODIFIED
2025-01-30 04:04:33,933 INFO c.h.h.t.HelmChartContainer - [K3S] [stateful_set.go:438] "Unhandled Error" err="error syncing StatefulSet customoperatorselectorit/test-hivemq-platform-alpha, requeuing: controllerrevisions.apps \"test-hivemq-platform-alpha-84dd785f7\" is forbidden: unable to create new content in namespace customoperatorselectorit because it is being terminated"
2025-01-30 04:04:33,934 INFO c.h.h.t.HelmChartContainer - [POD] test-hivemq-platform-alpha-0 [aa701013-b572-4930-b546-750fa665ba8a] in customoperatorselectorit was DELETED
2025-01-30 04:04:33,935 INFO c.h.h.t.HelmChartContainer - [K3S] [stateful_set.go:438] "Unhandled Error" err="error syncing StatefulSet customoperatorselectorit/test-hivemq-platform-alpha, requeuing: controllerrevisions.apps \"test-hivemq-platform-alpha-84dd785f7\" is forbidden: unable to create new content in namespace customoperatorselectorit because it is being terminated"
2025-01-30 04:04:33,948 INFO c.h.h.t.HelmChartContainer - [K3S] [stateful_set.go:466] "StatefulSet has been deleted" key="customoperatorselectorit/test-hivemq-platform-alpha"
2025-01-30 04:04:34,026 INFO c.h.h.t.HelmChartContainer - [K3S] [scope.go:117] "RemoveContainer" containerID="8a3852a9ded530a738c76f5233f03d4a0aa3f66155ed9ef1432da0c415189002"
2025-01-30 04:04:34,029 INFO c.h.h.t.HelmChartContainer - [K3S] [scope.go:117] "RemoveContainer" containerID="c8f1f9b118e47c60733325e805f51610985d73ff2fec674ccba48917c464afe4"
2025-01-30 04:04:34,030 INFO c.h.h.t.HelmChartContainer - [K3S] [scope.go:117] "RemoveContainer" containerID="8a3852a9ded530a738c76f5233f03d4a0aa3f66155ed9ef1432da0c415189002"
2025-01-30 04:04:34,057 INFO c.h.h.t.HelmChartContainer - [K3S] [stateful_set.go:466] "StatefulSet has been deleted" key="customoperatorselectorit/test-hivemq-platform-alpha"
2025-01-30 04:04:35,368 INFO c.h.h.t.HelmChartContainer - [K3S] [kubelet_volumes.go:163] "Cleaned up orphaned pod volumes dir" podUID="aa701013-b572-4930-b546-750fa665ba8a" path="/var/lib/kubelet/pods/aa701013-b572-4930-b546-750fa665ba8a/volumes"
2025-01-30 04:04:36,239 INFO c.h.h.t.HelmChartContainer - Namespace 'customoperatorselectorit' deleted
2025-01-30 04:04:36,239 INFO c.h.h.t.HelmChartContainer - Release 'test-hivemq-platform-beta' in namespace 'customoperatorselectorit' is uninstalled
2025-01-30 04:04:36,240 INFO c.h.h.t.HelmChartContainer - Uninstalling release 'test-hivemq-platform-operator' in namespace 'customoperatorselectorit-operator'...
2025-01-30 04:04:36,240 DEBUG c.h.h.t.HelmChartContainer - Executing helm command: /bin/helm --kubeconfig /etc/rancher/k3s/k3s.yaml uninstall test-hivemq-platform-operator  --wait --timeout 5m0s --cascade foreground --namespace customoperatorselectorit-operator
2025-01-30 04:04:36,408 INFO c.h.h.t.HelmChartContainer - [K3S] [replica_set.go:679] "Finished syncing" kind="ReplicaSet" key="customoperatorselectorit-operator/hivemq-test-hivemq-platform-operator-776fc5b486" duration="7.232343ms"
2025-01-30 04:04:36,411 INFO c.h.h.t.HelmChartContainer - [K3S] [replica_set.go:679] "Finished syncing" kind="ReplicaSet" key="customoperatorselectorit-operator/hivemq-test-hivemq-platform-operator-776fc5b486" duration="55.483µs"
2025-01-30 04:04:36,425 INFO c.h.h.t.HelmChartContainer - [POD] hivemq-test-hivemq-platform-operator-776fc5b486-5v96m [13354393-0377-4f13-a7d1-8fee16a69a9f] in customoperatorselectorit-operator was MODIFIED
2025-01-30 04:04:36,438 INFO c.h.h.t.HelmChartContainer - [K3S] [replica_set.go:679] "Finished syncing" kind="ReplicaSet" key="customoperatorselectorit-operator/hivemq-test-hivemq-platform-operator-776fc5b486" duration="12.335003ms"
2025-01-30 04:04:36,442 INFO c.h.h.t.HelmChartContainer - [K3S] [replica_set.go:679] "Finished syncing" kind="ReplicaSet" key="customoperatorselectorit-operator/hivemq-test-hivemq-platform-operator-776fc5b486" duration="49.462µs"
2025-01-30 04:04:36,448 INFO c.h.h.t.HelmChartContainer - [hivemq-test-hivemq-platform] [hivemq-platform-operator] [13354393] 04:04:36.441 [application-shutdown-thread] INFO  c.h.p.o.HiveMQPlatformOperatorApplication - HiveMQ Platform Operator is stopping...
2025-01-30 04:04:36,448 INFO c.h.h.t.HelmChartContainer - [hivemq-test-hivemq-platform] [hivemq-platform-operator] [13354393] 04:04:36.442 [application-shutdown-thread] INFO  i.javaoperatorsdk.operator.Operator - Operator SDK 4.9.7 is shutting down...
2025-01-30 04:04:36,452 INFO c.h.h.t.HelmChartContainer - [EVENT] Normal [Killing] Stopping container hivemq-platform-operator [customoperatorselectorit-operator:hivemq-test-hivemq-platform-operator-776fc5b486-5v96m]
2025-01-30 04:04:36,452 INFO c.h.h.t.HelmChartContainer - Received Killing event for container hivemq-platform-operator in pod hivemq-test-hivemq-platform-operator-776fc5b486-5v96m [13354393-0377-4f13-a7d1-8fee16a69a9f]
2025-01-30 04:04:36,452 INFO c.h.h.t.HelmChartContainer - Container [hivemq-test-hivemq-platform-operator-776fc5b486-5v96m] [hivemq-platform-operator] [13354393-0377-4f13-a7d1-8fee16a69a9f] was terminated
2025-01-30 04:04:36,452 INFO c.h.h.t.HelmChartContainer - Stopped log watcher for hivemq-platform-operator in pod hivemq-test-hivemq-platform-operator-776fc5b486-5v96m [13354393-0377-4f13-a7d1-8fee16a69a9f]
2025-01-30 04:04:36,807 INFO c.h.h.t.HelmChartContainer - [EVENT] Warning [Unhealthy] Readiness probe failed: Get "http://10.42.0.13:8080/health/readiness": dial tcp 10.42.0.13:8080: connect: connection refused [customoperatorselectorit-operator:hivemq-test-hivemq-platform-operator-776fc5b486-5v96m]
2025-01-30 04:04:36,807 INFO c.h.h.t.HelmChartContainer - Received Unhealthy event for container hivemq-platform-operator in pod hivemq-test-hivemq-platform-operator-776fc5b486-5v96m [13354393-0377-4f13-a7d1-8fee16a69a9f]
2025-01-30 04:04:37,099 INFO c.h.h.t.HelmChartContainer - [K3S] [replica_set.go:679] "Finished syncing" kind="ReplicaSet" key="customoperatorselectorit-operator/hivemq-test-hivemq-platform-operator-776fc5b486" duration="51.767µs"
2025-01-30 04:04:37,100 INFO c.h.h.t.HelmChartContainer - [POD] hivemq-test-hivemq-platform-operator-776fc5b486-5v96m [13354393-0377-4f13-a7d1-8fee16a69a9f] in customoperatorselectorit-operator was MODIFIED
2025-01-30 04:04:37,241 INFO c.h.h.t.HelmChartContainer - [K3S] [reconciler_common.go:162] "operationExecutor.UnmountVolume started for volume \"kube-api-access-v5bzq\" (UniqueName: \"kubernetes.io/projected/13354393-0377-4f13-a7d1-8fee16a69a9f-kube-api-access-v5bzq\") pod \"13354393-0377-4f13-a7d1-8fee16a69a9f\" (UID: \"13354393-0377-4f13-a7d1-8fee16a69a9f\") "
2025-01-30 04:04:37,341 INFO c.h.h.t.HelmChartContainer - [K3S] [reconciler_common.go:299] "Volume detached for volume \"kube-api-access-v5bzq\" (UniqueName: \"kubernetes.io/projected/13354393-0377-4f13-a7d1-8fee16a69a9f-kube-api-access-v5bzq\") on node \"f56699bdbf80\" DevicePath \"\""
2025-01-30 04:04:37,922 INFO c.h.h.t.HelmChartContainer - [K3S] [scope.go:117] "RemoveContainer" containerID="1445ede638141161679105338b31f478d5e250d10dc4f021e72fa571155e36c2"
2025-01-30 04:04:37,925 INFO c.h.h.t.HelmChartContainer - [K3S] [scope.go:117] "RemoveContainer" containerID="1445ede638141161679105338b31f478d5e250d10dc4f021e72fa571155e36c2"
2025-01-30 04:04:37,932 INFO c.h.h.t.HelmChartContainer - [K3S] [replica_set.go:679] "Finished syncing" kind="ReplicaSet" key="customoperatorselectorit-operator/hivemq-test-hivemq-platform-operator-776fc5b486" duration="42.209µs"
2025-01-30 04:04:37,933 INFO c.h.h.t.HelmChartContainer - [POD] hivemq-test-hivemq-platform-operator-776fc5b486-5v96m [13354393-0377-4f13-a7d1-8fee16a69a9f] in customoperatorselectorit-operator was MODIFIED
2025-01-30 04:04:37,936 INFO c.h.h.t.HelmChartContainer - [POD] hivemq-test-hivemq-platform-operator-776fc5b486-5v96m [13354393-0377-4f13-a7d1-8fee16a69a9f] in customoperatorselectorit-operator was DELETED
2025-01-30 04:04:37,936 INFO c.h.h.t.HelmChartContainer - [K3S] [replica_set.go:679] "Finished syncing" kind="ReplicaSet" key="customoperatorselectorit-operator/hivemq-test-hivemq-platform-operator-776fc5b486" duration="38.171µs"
2025-01-30 04:04:37,946 INFO c.h.h.t.HelmChartContainer - [K3S] [replica_set.go:679] "Finished syncing" kind="ReplicaSet" key="customoperatorselectorit-operator/hivemq-test-hivemq-platform-operator-776fc5b486" duration="7.434µs"
2025-01-30 04:04:38,458 INFO c.h.h.t.HelmChartContainer - Deleting namespace 'customoperatorselectorit-operator'...
2025-01-30 04:04:39,367 INFO c.h.h.t.HelmChartContainer - [K3S] [kubelet_volumes.go:163] "Cleaned up orphaned pod volumes dir" podUID="13354393-0377-4f13-a7d1-8fee16a69a9f" path="/var/lib/kubelet/pods/13354393-0377-4f13-a7d1-8fee16a69a9f/volumes"
2025-01-30 04:04:41,203 INFO c.h.h.t.HelmChartContainer - [K3S] [namespace_controller.go:187] "Namespace has been deleted" namespace="customoperatorselectorit"
2025-01-30 04:04:43,677 INFO c.h.h.t.HelmChartContainer - Namespace 'customoperatorselectorit-operator' deleted
2025-01-30 04:04:43,677 INFO c.h.h.t.HelmChartContainer - Release 'test-hivemq-platform-operator' in namespace 'customoperatorselectorit-operator' is uninstalled
2025-01-30 04:04:44,413 INFO c.h.helmcharts.AbstractHelmChartIT - Removed unused containers:

2025-01-30 04:04:48,613 INFO c.h.h.t.HelmChartContainer - [K3S] [namespace_controller.go:187] "Namespace has been deleted" namespace="customoperatorselectorit-operator"
2025-01-30 04:04:52,393 INFO c.h.helmcharts.AbstractHelmChartIT - Removed unused snapshots:
Removing snapshot sha256:03af251906410714c5aef9fa705b63f6bbc39c4a5e787de7361eeb18886c2ed2
Removing snapshot sha256:0c46b3b43cce082ce5ec34ffc6c294e0417d17b9d1e6f366d114b6aadc4f96dc
Removing snapshot sha256:0ce761beee59082d6ed5bcebd3a805b8ddd9b3426b617e4809e7fb7c6587ffec
Removing snapshot sha256:0df91287303208332c8ff6ba40ae4710105201739addbfbddfb955f1ad593664
Removing snapshot sha256:1021ef88c7974bfff89c5a0ec4fd3160daac6c48a075f74cff721f85dd104e68
Removing snapshot sha256:10aba4953ddc18145dd38e3704709bc464aa20af60b56fe52caaff4b68411e62
Removing snapshot sha256:1d5cf3e3eb812061f06c49abff02b68d81953942566ded85fcc9c1f47b13186a
Removing snapshot sha256:2573e0d8158209ed54ab25c87bcdcb00bd3d2539246960a3d592a1c599d70465
Removing snapshot sha256:362a8a37f8bbc31925a8146adcf7cf51f9882f5c1dcbef67c5baa03a297543c0
Removing snapshot sha256:3fa4ad33f0ddc8fd45b39b6b4640f82a3a83619606cd975bfe89d8710ad2d4cd
Removing snapshot sha256:43a7c979bbaba6838bc3102d6b10a1459f3ab050b87ccdfef84ef90cf43d3058
Removing snapshot sha256:442a898ebedc39334f13aa4fc3f65528b7fd5a332c507102e9f0a9bde7a37cc3
Removing snapshot sha256:4ab04491cdf0d3267f08206fe30bd48f49f94b9cab2f016d6739220f722a64af
Removing snapshot sha256:4b6068250e89c96f263060261819c7d912855bfbd64b3eb4c4a8483299b8c295
Removing snapshot sha256:580e69a0a8034ede1921139bbd2bfb72a69ebf276d008281896c32dd8bf74775
Removing snapshot sha256:5d30ba46b27fe37484567ccc5242cadc78217b8da605f3f195ef25cbf7487904
Removing snapshot sha256:63ca1fbb43ae5034640e5e6cb3e083e05c290072c5366fcaa9d62435a4cced85
Removing snapshot sha256:67f702c6baae873bceb19487c8b1f27bd2b86077e4f2f0e480e6d60ab508b8f5
Removing snapshot sha256:6864348dd42806d552efdec384f1274be15e2d0c10ce44c1f04347af004c10a9
Removing snapshot sha256:6c7dee8f2c39b84b7dc2711c01d33de93514d9055499173e9290176fbe484b6c
Removing snapshot sha256:82753493a6d61ded36556292f02f31841a14c20d2f279f19eaad65afb661d5cd
Removing snapshot sha256:8a10d3db42c505ee0fcfa98417bdd7e39b304f6bcc0a06bb1b220797ff2cc63c
Removing snapshot sha256:a21e5b12dbac529ad45d976eb9ce45c881f3bedcc500fb30aba1e52aa1813418
Removing snapshot sha256:b35531c6cdf0a2b2fd46ff8e0f5de0c4764de81d41a49628be4550ac520f4ed2
Removing snapshot sha256:b921e6c28969094157f9b8e7244677780319637afd14450b7cb6b2fdea558a0c
Removing snapshot sha256:bc27ecb5769a00e309cf99ebc763c4a4b958b618d1decc96ffac5bc05f02f5b7
Removing snapshot sha256:be3ccb6627a5332e309d45ef461d09b4879dd870c7394d89323d0ebc6ca6aa8a
Removing snapshot sha256:c261f7cbbc64211ee175ee47273acdb7b1a36a4450b397a064a8f2c026490095
Removing snapshot sha256:c34d9393647eea0c9e3557ab988efaf59f61d10a2a5613b439ef0958cca5ec10
Removing snapshot sha256:ccf3c4a0fa967a41c1c83497a2ce6fa5787965859df0adb32c4ca2cf7490bc2b
Removing snapshot sha256:cf92d33f869417309692088c341cd0f223c178ea78a125f757317b22aa8f90e9
Removing snapshot sha256:d0037344cf2fb078884f1849f6a1f8cf9a33a3b6139b6a85833e5ee528e1f9a8
Removing snapshot sha256:d3b36d5b79273b1e98e7700470eaeff05a882e777124d84cebcc1505b85ecb36
Removing snapshot sha256:d65a44a37914602d12c611e5e22a50f11451d847e63015cc1c2aef92dee777a4
Removing snapshot sha256:e2dc0bae2455930f23ae570e019b7f32edc75c0f2d71cab084db837ff9051796
Removing snapshot sha256:eccbd24a99c60cd9e86ee5305dbfc4a4dc89f5ab4fb1f06c8d64797cecedef34
Removing snapshot sha256:f144bb4c7c7f0d2aa7eeffd36d934ec40db1ee167be727e326aad9fdc616f475

]]></system-out>
  </testcase>
  <system-out><![CDATA[2025-01-30 04:03:12,997 INFO c.h.h.t.HelmChartContainerExtension - Using cached HelmChartContainer instance
]]></system-out>
  <system-err><![CDATA[]]></system-err>
</testsuite>
