<?xml version="1.0" encoding="UTF-8"?>
<testsuite name="com.hivemq.helmcharts.volumes.HelmVolumeClaimTemplatesIT" tests="1" skipped="0" failures="0" errors="0" timestamp="2025-01-29T00:59:21" hostname="fv-az1296-365" time="358.485">
  <properties/>
  <testcase name="platform_whenVolumeClaimTemplateIsConfigured_withAdditionalVolumes_thenPersistentVolumeClaimsCreated()" classname="com.hivemq.helmcharts.volumes.HelmVolumeClaimTemplatesIT" time="358.485">
    <system-out><![CDATA[2025-01-29 00:59:21,789 INFO c.h.h.t.HelmChartContainer - Creating namespace 'helmvolumeclaimtemplatesit-operator'...
2025-01-29 00:59:21,800 INFO c.h.h.t.HelmChartContainer - Namespace 'helmvolumeclaimtemplatesit-operator' created
2025-01-29 00:59:21,801 INFO c.h.h.t.HelmChartContainer - Creating namespace 'helmvolumeclaimtemplatesit'...
2025-01-29 00:59:21,897 INFO c.h.h.t.HelmChartContainer - Namespace 'helmvolumeclaimtemplatesit' created
2025-01-29 00:59:21,956 DEBUG c.h.h.t.HelmChartContainer - Executing helm command: /bin/helm --kubeconfig /etc/rancher/k3s/k3s.yaml install test-hivemq-platform-operator /charts/hivemq-platform-operator --wait --timeout 5m0s --set image.repository=docker.io/hivemq --set image.name=hivemq-platform-operator-test --set image.initImageName=hivemq-platform-operator-init-test --set image.tag=snapshot --set image.pullPolicy=Never --set logLevel=DEBUG --set resources.cpu=512m --namespace helmvolumeclaimtemplatesit-operator
2025-01-29 00:59:22,245 INFO c.h.h.t.HelmChartContainer - [K3S] [alloc.go:330] "allocated clusterIPs" service="helmvolumeclaimtemplatesit-operator/hivemq-platform-operator-test-hivemq-platform-operator" clusterIPs={"IPv4":"10.43.216.180"}
2025-01-29 00:59:22,258 INFO c.h.h.t.HelmChartContainer - [EVENT] Normal [ScalingReplicaSet] Scaled up replica set hivemq-test-hivemq-platform-operator-6966f96d65 from 0 to 1 [helmvolumeclaimtemplatesit-operator:hivemq-test-hivemq-platform-operator]
2025-01-29 00:59:22,264 INFO c.h.h.t.HelmChartContainer - [POD] hivemq-test-hivemq-platform-operator-6966f96d65-hn57r [62b15f4a-1cc5-4b69-9a52-9951ab27ea98] in helmvolumeclaimtemplatesit-operator was ADDED
2025-01-29 00:59:22,271 INFO c.h.h.t.HelmChartContainer - [K3S] [memory_manager.go:355] "RemoveStaleState removing state" podUID="5b6c1cc3-e31b-4712-93d7-20471cc8b914" containerName="hivemq-platform-operator"
2025-01-29 00:59:22,271 INFO c.h.h.t.HelmChartContainer - [K3S] [memory_manager.go:355] "RemoveStaleState removing state" podUID="62157e92-644b-4537-82cc-0aefca68df0a" containerName="consul-template-container"
2025-01-29 00:59:22,271 INFO c.h.h.t.HelmChartContainer - [K3S] [memory_manager.go:355] "RemoveStaleState removing state" podUID="62157e92-644b-4537-82cc-0aefca68df0a" containerName="hivemq"
2025-01-29 00:59:22,272 INFO c.h.h.t.HelmChartContainer - [POD] hivemq-test-hivemq-platform-operator-6966f96d65-hn57r [62b15f4a-1cc5-4b69-9a52-9951ab27ea98] in helmvolumeclaimtemplatesit-operator was MODIFIED
2025-01-29 00:59:22,273 INFO c.h.h.t.HelmChartContainer - [K3S] [replica_set.go:679] "Finished syncing" kind="ReplicaSet" key="helmvolumeclaimtemplatesit-operator/hivemq-test-hivemq-platform-operator-6966f96d65" duration="18.748207ms"
2025-01-29 00:59:22,276 INFO c.h.h.t.HelmChartContainer - [EVENT] Normal [SuccessfulCreate] Created pod: hivemq-test-hivemq-platform-operator-6966f96d65-hn57r [helmvolumeclaimtemplatesit-operator:hivemq-test-hivemq-platform-operator-6966f96d65]
2025-01-29 00:59:22,279 INFO c.h.h.t.HelmChartContainer - [EVENT] Normal [Scheduled] Successfully assigned helmvolumeclaimtemplatesit-operator/hivemq-test-hivemq-platform-operator-6966f96d65-hn57r to dacb2472075c [helmvolumeclaimtemplatesit-operator:hivemq-test-hivemq-platform-operator-6966f96d65-hn57r]
2025-01-29 00:59:22,289 INFO c.h.h.t.HelmChartContainer - [POD] hivemq-test-hivemq-platform-operator-6966f96d65-hn57r [62b15f4a-1cc5-4b69-9a52-9951ab27ea98] in helmvolumeclaimtemplatesit-operator was MODIFIED
2025-01-29 00:59:22,290 INFO c.h.h.t.HelmChartContainer - [K3S] [replica_set.go:679] "Finished syncing" kind="ReplicaSet" key="helmvolumeclaimtemplatesit-operator/hivemq-test-hivemq-platform-operator-6966f96d65" duration="17.417753ms"
2025-01-29 00:59:22,299 INFO c.h.h.t.HelmChartContainer - [K3S] [replica_set.go:679] "Finished syncing" kind="ReplicaSet" key="helmvolumeclaimtemplatesit-operator/hivemq-test-hivemq-platform-operator-6966f96d65" duration="9.12653ms"
2025-01-29 00:59:22,299 INFO c.h.h.t.HelmChartContainer - [K3S] [replica_set.go:679] "Finished syncing" kind="ReplicaSet" key="helmvolumeclaimtemplatesit-operator/hivemq-test-hivemq-platform-operator-6966f96d65" duration="34.505µs"
2025-01-29 00:59:22,319 INFO c.h.h.t.HelmChartContainer - [K3S] [reconciler_common.go:251] "operationExecutor.VerifyControllerAttachedVolume started for volume \"kube-api-access-grtjw\" (UniqueName: \"kubernetes.io/projected/62b15f4a-1cc5-4b69-9a52-9951ab27ea98-kube-api-access-grtjw\") pod \"hivemq-test-hivemq-platform-operator-6966f96d65-hn57r\" (UID: \"62b15f4a-1cc5-4b69-9a52-9951ab27ea98\") " pod="helmvolumeclaimtemplatesit-operator/hivemq-test-hivemq-platform-operator-6966f96d65-hn57r"
2025-01-29 00:59:22,671 INFO c.h.h.t.HelmChartContainer - [EVENT] Normal [Pulled] Container image "docker.io/hivemq/hivemq-platform-operator-test:snapshot" already present on machine [helmvolumeclaimtemplatesit-operator:hivemq-test-hivemq-platform-operator-6966f96d65-hn57r]
2025-01-29 00:59:22,671 INFO c.h.h.t.HelmChartContainer - Received Pulled event for container hivemq-platform-operator in pod hivemq-test-hivemq-platform-operator-6966f96d65-hn57r [62b15f4a-1cc5-4b69-9a52-9951ab27ea98]
2025-01-29 00:59:23,944 INFO c.h.h.t.HelmChartContainer - [EVENT] Normal [Created] Created container: hivemq-platform-operator [helmvolumeclaimtemplatesit-operator:hivemq-test-hivemq-platform-operator-6966f96d65-hn57r]
2025-01-29 00:59:23,944 INFO c.h.h.t.HelmChartContainer - Received Created event for container hivemq-platform-operator in pod hivemq-test-hivemq-platform-operator-6966f96d65-hn57r [62b15f4a-1cc5-4b69-9a52-9951ab27ea98]
2025-01-29 00:59:24,161 INFO c.h.h.t.HelmChartContainer - [K3S] [replica_set.go:679] "Finished syncing" kind="ReplicaSet" key="helmvolumeclaimtemplatesit-operator/hivemq-test-hivemq-platform-operator-6966f96d65" duration="43.472µs"
2025-01-29 00:59:24,166 INFO c.h.h.t.HelmChartContainer - [POD] hivemq-test-hivemq-platform-operator-6966f96d65-hn57r [62b15f4a-1cc5-4b69-9a52-9951ab27ea98] in helmvolumeclaimtemplatesit-operator was MODIFIED
2025-01-29 00:59:24,171 INFO c.h.h.t.HelmChartContainer - Started log watcher for hivemq-platform-operator in pod hivemq-test-hivemq-platform-operator-6966f96d65-hn57r [62b15f4a-1cc5-4b69-9a52-9951ab27ea98]
2025-01-29 00:59:24,171 INFO c.h.h.t.HelmChartContainer - [EVENT] Normal [Started] Started container hivemq-platform-operator [helmvolumeclaimtemplatesit-operator:hivemq-test-hivemq-platform-operator-6966f96d65-hn57r]
2025-01-29 00:59:24,172 INFO c.h.h.t.HelmChartContainer - Received Started event for container hivemq-platform-operator in pod hivemq-test-hivemq-platform-operator-6966f96d65-hn57r [62b15f4a-1cc5-4b69-9a52-9951ab27ea98]
2025-01-29 00:59:24,173 INFO c.h.h.t.HelmChartContainer - [hivemq-test-hivemq-platform] [hivemq-platform-operator] [62b15f4a] -------------------------------------------------------------------------
2025-01-29 00:59:24,173 INFO c.h.h.t.HelmChartContainer - [hivemq-test-hivemq-platform] [hivemq-platform-operator] [62b15f4a] 
2025-01-29 00:59:24,173 INFO c.h.h.t.HelmChartContainer - [hivemq-test-hivemq-platform] [hivemq-platform-operator] [62b15f4a]                   _    _  _              __  __   ____
2025-01-29 00:59:24,173 INFO c.h.h.t.HelmChartContainer - [hivemq-test-hivemq-platform] [hivemq-platform-operator] [62b15f4a]                  | |  | |(_)            |  \/  | / __ \
2025-01-29 00:59:24,173 INFO c.h.h.t.HelmChartContainer - [hivemq-test-hivemq-platform] [hivemq-platform-operator] [62b15f4a]                  | |__| | _ __   __ ___ | \  / || |  | |
2025-01-29 00:59:24,173 INFO c.h.h.t.HelmChartContainer - [hivemq-test-hivemq-platform] [hivemq-platform-operator] [62b15f4a]                  |  __  || |\ \ / // _ \| |\/| || |  | |
2025-01-29 00:59:24,173 INFO c.h.h.t.HelmChartContainer - [hivemq-test-hivemq-platform] [hivemq-platform-operator] [62b15f4a]                  | |  | || | \ V /|  __/| |  | || |__| |
2025-01-29 00:59:24,173 INFO c.h.h.t.HelmChartContainer - [hivemq-test-hivemq-platform] [hivemq-platform-operator] [62b15f4a]                  |_|  |_||_|  \_/  \___||_|  |_| \___\_\
2025-01-29 00:59:24,173 INFO c.h.h.t.HelmChartContainer - [hivemq-test-hivemq-platform] [hivemq-platform-operator] [62b15f4a] 
2025-01-29 00:59:24,173 INFO c.h.h.t.HelmChartContainer - [hivemq-test-hivemq-platform] [hivemq-platform-operator] [62b15f4a] -------------------------------------------------------------------------
2025-01-29 00:59:24,173 INFO c.h.h.t.HelmChartContainer - [hivemq-test-hivemq-platform] [hivemq-platform-operator] [62b15f4a] 
2025-01-29 00:59:24,173 INFO c.h.h.t.HelmChartContainer - [hivemq-test-hivemq-platform] [hivemq-platform-operator] [62b15f4a]   HiveMQ Platform Operator Start Script v1.0
2025-01-29 00:59:24,173 INFO c.h.h.t.HelmChartContainer - [hivemq-test-hivemq-platform] [hivemq-platform-operator] [62b15f4a] 
2025-01-29 00:59:24,173 INFO c.h.h.t.HelmChartContainer - [hivemq-test-hivemq-platform] [hivemq-platform-operator] [62b15f4a] -------------------------------------------------------------------------
2025-01-29 00:59:24,173 INFO c.h.h.t.HelmChartContainer - [hivemq-test-hivemq-platform] [hivemq-platform-operator] [62b15f4a] 
2025-01-29 00:59:24,173 INFO c.h.h.t.HelmChartContainer - [hivemq-test-hivemq-platform] [hivemq-platform-operator] [62b15f4a]   JAVA_OPTS: -XX:+UnlockExperimentalVMOptions -XX:InitialRAMPercentage=75 -XX:MaxRAMPercentage=75 -Duser.language=en -Duser.region=US
2025-01-29 00:59:24,173 INFO c.h.h.t.HelmChartContainer - [hivemq-test-hivemq-platform] [hivemq-platform-operator] [62b15f4a] 
2025-01-29 00:59:24,173 INFO c.h.h.t.HelmChartContainer - [hivemq-test-hivemq-platform] [hivemq-platform-operator] [62b15f4a]   JAVA_VERSION: 21
2025-01-29 00:59:24,173 INFO c.h.h.t.HelmChartContainer - [hivemq-test-hivemq-platform] [hivemq-platform-operator] [62b15f4a] 
2025-01-29 00:59:24,173 INFO c.h.h.t.HelmChartContainer - [hivemq-test-hivemq-platform] [hivemq-platform-operator] [62b15f4a] -------------------------------------------------------------------------
2025-01-29 00:59:24,174 INFO c.h.h.t.HelmChartContainer - [hivemq-test-hivemq-platform] [hivemq-platform-operator] [62b15f4a] 
2025-01-29 00:59:27,379 INFO c.h.h.t.HelmChartContainer - [hivemq-test-hivemq-platform] [hivemq-platform-operator] [62b15f4a] 00:59:27.296 [main] DEBUG org.jboss.logging - Logging Provider: org.jboss.logging.Slf4jLoggerProvider
2025-01-29 00:59:27,480 INFO c.h.h.t.HelmChartContainer - [hivemq-test-hivemq-platform] [hivemq-platform-operator] [62b15f4a] 00:59:27.478 [main] DEBUG io.smallrye.config - SRCFG01006: Loaded ConfigSource SysPropConfigSource with ordinal 400
2025-01-29 00:59:27,481 INFO c.h.h.t.HelmChartContainer - [hivemq-test-hivemq-platform] [hivemq-platform-operator] [62b15f4a] 00:59:27.478 [main] DEBUG io.smallrye.config - SRCFG01006: Loaded ConfigSource EnvConfigSource with ordinal 300
2025-01-29 00:59:27,481 INFO c.h.h.t.HelmChartContainer - [hivemq-test-hivemq-platform] [hivemq-platform-operator] [62b15f4a] 00:59:27.478 [main] DEBUG io.smallrye.config - SRCFG01006: Loaded ConfigSource PropertiesConfigSource[source=jar:file:///opt/hivemq-platform-operator/bin/hivemq-platform-operator.jar!/hivemq-platform-operator.properties] with ordinal 100
2025-01-29 00:59:27,481 INFO c.h.h.t.HelmChartContainer - [hivemq-test-hivemq-platform] [hivemq-platform-operator] [62b15f4a] 00:59:27.479 [main] DEBUG io.smallrye.config - SRCFG01006: Loaded ConfigSource DefaultValuesConfigSource with ordinal -2147483648
2025-01-29 00:59:27,510 INFO c.h.h.t.HelmChartContainer - [hivemq-test-hivemq-platform] [hivemq-platform-operator] [62b15f4a] 00:59:27.509 [main] DEBUG i.m.c.u.i.l.InternalLoggerFactory - Using SLF4J as the default logging framework
2025-01-29 00:59:27,691 INFO c.h.h.t.HelmChartContainer - [hivemq-test-hivemq-platform] [hivemq-platform-operator] [62b15f4a] 00:59:27.683 [main] INFO  c.h.p.o.HiveMQPlatformOperatorApplication - HiveMQ Platform Operator 1.7.0-SNAPSHOT (commit: bebf408 on branch: HEAD) built on Sun Jan 26 20:47:47 UTC 2025
2025-01-29 00:59:27,692 INFO c.h.h.t.HelmChartContainer - [hivemq-test-hivemq-platform] [hivemq-platform-operator] [62b15f4a] 00:59:27.690 [main] INFO  c.h.p.o.HiveMQPlatformOperatorApplication - HiveMQ Platform Operator is running in namespace: helmvolumeclaimtemplatesit-operator
2025-01-29 00:59:27,692 INFO c.h.h.t.HelmChartContainer - [hivemq-test-hivemq-platform] [hivemq-platform-operator] [62b15f4a] 00:59:27.691 [main] INFO  c.h.p.o.HiveMQPlatformOperatorApplication - Watching all namespaces
2025-01-29 00:59:27,692 INFO c.h.h.t.HelmChartContainer - [hivemq-test-hivemq-platform] [hivemq-platform-operator] [62b15f4a] 00:59:27.691 [main] INFO  c.h.p.o.HiveMQPlatformOperatorApplication - Log level: DEBUG
2025-01-29 00:59:27,692 INFO c.h.h.t.HelmChartContainer - [hivemq-test-hivemq-platform] [hivemq-platform-operator] [62b15f4a] 00:59:27.691 [main] INFO  c.h.p.o.HiveMQPlatformOperatorApplication - Release name: test-hivemq-platform-operator
2025-01-29 00:59:27,692 INFO c.h.h.t.HelmChartContainer - [hivemq-test-hivemq-platform] [hivemq-platform-operator] [62b15f4a] 00:59:27.691 [main] INFO  c.h.p.o.HiveMQPlatformOperatorApplication - HiveMQ Platform Operator Init image: docker.io/hivemq/hivemq-platform-operator-init-test:snapshot
2025-01-29 00:59:27,692 INFO c.h.h.t.HelmChartContainer - [hivemq-test-hivemq-platform] [hivemq-platform-operator] [62b15f4a] 00:59:27.691 [main] INFO  c.h.p.o.HiveMQPlatformOperatorApplication - HiveMQ Platform Operator Init App update URL: http://hivemq-platform-operator-test-hivemq-platform-operator.helmvolumeclaimtemplatesit-operator.svc:8080/initAppUpdate/hivemq-platform-operator-init-app-1.7.0-SNAPSHOT.jar
2025-01-29 00:59:27,692 INFO c.h.h.t.HelmChartContainer - [hivemq-test-hivemq-platform] [hivemq-platform-operator] [62b15f4a] 00:59:27.691 [main] INFO  c.h.p.o.HiveMQPlatformOperatorApplication - Additional imagePullSecret for all Platform deployments: none
2025-01-29 00:59:27,692 INFO c.h.h.t.HelmChartContainer - [hivemq-test-hivemq-platform] [hivemq-platform-operator] [62b15f4a] 00:59:27.691 [main] INFO  c.h.p.o.HiveMQPlatformOperatorApplication - Apply HiveMQ Platform CRD: true
2025-01-29 00:59:27,692 INFO c.h.h.t.HelmChartContainer - [hivemq-test-hivemq-platform] [hivemq-platform-operator] [62b15f4a] 00:59:27.691 [main] INFO  c.h.p.o.HiveMQPlatformOperatorApplication - Create Platform ServiceAccount: true
2025-01-29 00:59:27,692 INFO c.h.h.t.HelmChartContainer - [hivemq-test-hivemq-platform] [hivemq-platform-operator] [62b15f4a] 00:59:27.691 [main] INFO  c.h.p.o.HiveMQPlatformOperatorApplication - Create Platform ServiceAccount permissions: true
2025-01-29 00:59:27,692 INFO c.h.h.t.HelmChartContainer - [hivemq-test-hivemq-platform] [hivemq-platform-operator] [62b15f4a] 00:59:27.691 [main] INFO  c.h.p.o.HiveMQPlatformOperatorApplication - Validate Platform ServiceAccount: true
2025-01-29 00:59:27,692 INFO c.h.h.t.HelmChartContainer - [hivemq-test-hivemq-platform] [hivemq-platform-operator] [62b15f4a] 00:59:27.691 [main] INFO  c.h.p.o.HiveMQPlatformOperatorApplication - Validate Platform ServiceAccount permissions: true
2025-01-29 00:59:27,784 INFO c.h.h.t.HelmChartContainer - [hivemq-test-hivemq-platform] [hivemq-platform-operator] [62b15f4a] 00:59:27.783 [main] INFO  c.h.platform.operator.util.CRDUtil - Verifying deployed HiveMQ Platform CRD...
2025-01-29 00:59:30,382 INFO c.h.h.t.HelmChartContainer - [hivemq-test-hivemq-platform] [hivemq-platform-operator] [62b15f4a] 00:59:30.380 [main] DEBUG c.h.platform.operator.util.CRDUtil - HiveMQ Platform CRD version v1 is up to date
2025-01-29 00:59:30,382 INFO c.h.h.t.HelmChartContainer - [hivemq-test-hivemq-platform] [hivemq-platform-operator] [62b15f4a] 00:59:30.380 [main] INFO  c.h.platform.operator.util.CRDUtil - HiveMQ Platform CRD is up to date (version: V1_6_0)
2025-01-29 00:59:30,382 INFO c.h.h.t.HelmChartContainer - [hivemq-test-hivemq-platform] [hivemq-platform-operator] [62b15f4a] 00:59:30.380 [main] INFO  c.h.platform.operator.util.CRDUtil - Waiting 10000 ms for HiveMQ Platform CRD 'hivemq-platforms.hivemq.com' to become ready...
2025-01-29 00:59:30,594 INFO c.h.h.t.HelmChartContainer - [hivemq-test-hivemq-platform] [hivemq-platform-operator] [62b15f4a] 00:59:30.592 [vert.x-eventloop-thread-1] DEBUG c.h.platform.operator.util.CRDUtil - Checking CRD condition 'NamesAccepted' (status: 'True')
2025-01-29 00:59:30,594 INFO c.h.h.t.HelmChartContainer - [hivemq-test-hivemq-platform] [hivemq-platform-operator] [62b15f4a] 00:59:30.593 [vert.x-eventloop-thread-1] DEBUG c.h.platform.operator.util.CRDUtil - Checking CRD condition 'Established' (status: 'True')
2025-01-29 00:59:30,595 INFO c.h.h.t.HelmChartContainer - [hivemq-test-hivemq-platform] [hivemq-platform-operator] [62b15f4a] 00:59:30.594 [main] INFO  c.h.platform.operator.util.CRDUtil - HiveMQ Platform CRD 'hivemq-platforms.hivemq.com' is ready
2025-01-29 00:59:30,799 INFO c.h.h.t.HelmChartContainer - [hivemq-test-hivemq-platform] [hivemq-platform-operator] [62b15f4a] 00:59:30.798 [main] INFO  c.h.p.o.HiveMQPlatformReconciler - HiveMQ Platform Operator is starting...
2025-01-29 00:59:30,984 INFO c.h.h.t.HelmChartContainer - [hivemq-test-hivemq-platform] [hivemq-platform-operator] [62b15f4a] 00:59:30.983 [main] WARN  Default ConfigurationService implementation - Configuration for reconciler 'hivemq-controller' was not found. Known reconcilers: None.
2025-01-29 00:59:30,994 INFO c.h.h.t.HelmChartContainer - [hivemq-test-hivemq-platform] [hivemq-platform-operator] [62b15f4a] 00:59:30.992 [main] INFO  Default ConfigurationService implementation - Created configuration for reconciler com.hivemq.platform.operator.HiveMQPlatformReconciler with name hivemq-controller
2025-01-29 00:59:31,099 INFO c.h.h.t.HelmChartContainer - [hivemq-test-hivemq-platform] [hivemq-platform-operator] [62b15f4a] 00:59:31.098 [main] DEBUG c.h.p.o.HiveMQPlatformReconciler - HiveMQ Platform Operator is preparing EventSources
2025-01-29 00:59:31,185 INFO c.h.h.t.HelmChartContainer - [hivemq-test-hivemq-platform] [hivemq-platform-operator] [62b15f4a] 00:59:31.184 [main] INFO  i.javaoperatorsdk.operator.Operator - Registered reconciler: 'hivemq-controller' for resource: 'class com.hivemq.platform.operator.v1.HiveMQPlatform' for namespace(s): [all namespaces]
2025-01-29 00:59:31,791 INFO c.h.h.t.HelmChartContainer - [hivemq-test-hivemq-platform] [hivemq-platform-operator] [62b15f4a] 00:59:31.790 [main] INFO  c.h.p.operator.webserver.JettyServer - Starting Jetty server on port 8080
2025-01-29 00:59:31,887 INFO c.h.h.t.HelmChartContainer - [hivemq-test-hivemq-platform] [hivemq-platform-operator] [62b15f4a] 00:59:31.885 [main] INFO  i.javaoperatorsdk.operator.Operator - Operator SDK 4.9.7 (commit: 2133d28) built on Wed Nov 20 12:56:20 UTC 2024 starting...
2025-01-29 00:59:31,887 INFO c.h.h.t.HelmChartContainer - [hivemq-test-hivemq-platform] [hivemq-platform-operator] [62b15f4a] 00:59:31.885 [main] INFO  i.javaoperatorsdk.operator.Operator - Client version: 6.13.4
2025-01-29 00:59:31,887 INFO c.h.h.t.HelmChartContainer - [hivemq-test-hivemq-platform] [hivemq-platform-operator] [62b15f4a] 00:59:31.886 [Controller Starter for: hivemq-controller] INFO  i.j.operator.processing.Controller - Starting 'hivemq-controller' controller for reconciler: com.hivemq.platform.operator.HiveMQPlatformReconciler, resource: com.hivemq.platform.operator.v1.HiveMQPlatform
2025-01-29 00:59:34,179 INFO c.h.h.t.HelmChartContainer - [hivemq-test-hivemq-platform] [hivemq-platform-operator] [62b15f4a] 00:59:34.178 [Controller Starter for: hivemq-controller] INFO  i.j.operator.processing.Controller - 'hivemq-controller' controller started
2025-01-29 00:59:34,180 INFO c.h.h.t.HelmChartContainer - [hivemq-test-hivemq-platform] [hivemq-platform-operator] [62b15f4a] 00:59:34.178 [main] INFO  c.h.p.o.HiveMQPlatformOperatorApplication - HiveMQ Platform Operator 1.7.0-SNAPSHOT started in 6495 ms
2025-01-29 00:59:35,172 INFO c.h.h.t.HelmChartContainer - [POD] hivemq-test-hivemq-platform-operator-6966f96d65-hn57r [62b15f4a-1cc5-4b69-9a52-9951ab27ea98] in helmvolumeclaimtemplatesit-operator was MODIFIED
2025-01-29 00:59:35,188 INFO c.h.h.t.HelmChartContainer - [K3S] [replica_set.go:679] "Finished syncing" kind="ReplicaSet" key="helmvolumeclaimtemplatesit-operator/hivemq-test-hivemq-platform-operator-6966f96d65" duration="18.936896ms"
2025-01-29 00:59:35,189 INFO c.h.h.t.HelmChartContainer - [K3S] [replica_set.go:679] "Finished syncing" kind="ReplicaSet" key="helmvolumeclaimtemplatesit-operator/hivemq-test-hivemq-platform-operator-6966f96d65" duration="49.613µs"
2025-01-29 00:59:36,407 DEBUG c.h.h.t.HelmChartContainer - Executing helm command: /bin/helm --kubeconfig /etc/rancher/k3s/k3s.yaml install test-hivemq-platform /charts/hivemq-platform --wait --timeout 5m0s --set image.repository=docker.io/hivemq --set image.tag=4.36.0 --set image.pullPolicy=Never --set nodes.resources.cpu=512m -f /files/volumes-claim-templates-values.yaml --namespace helmvolumeclaimtemplatesit
2025-01-29 00:59:36,693 INFO c.h.h.t.HelmChartContainer - [hivemq-test-hivemq-platform] [hivemq-platform-operator] [62b15f4a] 00:59:36.691 [-373097727-pool-1-thread-2] WARN  i.m.p.PrometheusMeterRegistry - The meter (MeterId{name='operator.sdk.events.received', tags=[tag(action=ADDED),tag(event=ResourceEvent),tag(group=hivemq.com),tag(kind=HiveMQPlatform),tag(name=test-hivemq-platform),tag(namespace=helmvolumeclaimtemplatesit),tag(scope=namespace),tag(version=v1)]}) registration has failed: Prometheus requires that all meters with the same name have the same set of tag keys. There is already an existing meter named 'operator.sdk.events.received' containing tag keys [event, group, kind, name, namespace, scope, version]. The meter you are attempting to register has keys [action, event, group, kind, name, namespace, scope, version]. Note that subsequent logs will be logged at debug level.
2025-01-29 00:59:37,198 INFO c.h.h.t.HelmChartContainer - [hivemq-test-hivemq-platform] [hivemq-platform-operator] [62b15f4a] 00:59:37.195 [pool-6-thread-3] DEBUG c.h.p.o.dependants.PodInfoConfigMap - [helmvolu] Desired PodInfo ConfigMap (1 extensions) (1 enabled)
2025-01-29 00:59:37,199 INFO c.h.h.t.HelmChartContainer - [hivemq-test-hivemq-platform] [hivemq-platform-operator] [62b15f4a] 00:59:37.195 [pool-6-thread-3] DEBUG c.h.p.o.dependants.PodInfoConfigMap - [helmvolu] Desired PodInfo ConfigMap (metrics port: 9399) (metrics path: /)
2025-01-29 00:59:37,199 INFO c.h.h.t.HelmChartContainer - [hivemq-test-hivemq-platform] [hivemq-platform-operator] [62b15f4a] 00:59:37.196 [pool-6-thread-3] DEBUG c.h.p.o.dependants.PodInfoConfigMap - [helmvolu] Desired PodInfo ConfigMap (extension state hash: -1817474005)
2025-01-29 00:59:37,199 INFO c.h.h.t.HelmChartContainer - [hivemq-test-hivemq-platform] [hivemq-platform-operator] [62b15f4a] 00:59:37.198 [pool-6-thread-3] DEBUG c.h.p.o.dependants.PodInfoConfigMap - [helmvolu] Create PodInfo ConfigMap
2025-01-29 00:59:37,292 INFO c.h.h.t.HelmChartContainer - [hivemq-test-hivemq-platform] [hivemq-platform-operator] [62b15f4a] 00:59:37.289 [pool-6-thread-5] DEBUG c.h.p.o.dependants.PodRoleResource - [helmvolu] Create Role: Role(apiVersion=rbac.authorization.k8s.io/v1, kind=Role, metadata=ObjectMeta(annotations={meta.helm.sh/release-name=test-hivemq-platform, meta.helm.sh/release-namespace=helmvolumeclaimtemplatesit}, creationTimestamp=null, deletionGracePeriodSeconds=null, deletionTimestamp=null, finalizers=[], generateName=null, generation=null, labels={helm.sh/chart=hivemq-platform-0.2.32, app.kubernetes.io/managed-by=Helm, app.kubernetes.io/name=hivemq-platform, hivemq-platform=test-hivemq-platform, app.kubernetes.io/instance=test-hivemq-platform, app.kubernetes.io/version=4.36.0}, managedFields=[], name=hivemq-platform-role-test-hivemq-platform, namespace=helmvolumeclaimtemplatesit, ownerReferences=[OwnerReference(apiVersion=hivemq.com/v1, blockOwnerDeletion=null, controller=null, kind=HiveMQPlatform, name=test-hivemq-platform, uid=d4199273-9f28-42a6-96a7-6693c7e487a3, additionalProperties={})], resourceVersion=null, selfLink=null, uid=null, additionalProperties={}), rules=[PolicyRule(apiGroups=[], nonResourceURLs=[], resourceNames=[], resources=[pods], verbs=[get, patch, update], additionalProperties={})], additionalProperties={})
2025-01-29 00:59:37,482 INFO c.h.h.t.HelmChartContainer - [hivemq-test-hivemq-platform] [hivemq-platform-operator] [62b15f4a] 00:59:37.480 [pool-6-thread-7] DEBUG c.h.p.o.d.PodServiceAccountResource - [helmvolu] Desired PodServiceAccountResource (serviceAccountName: hivemq-platform-pod-test-hivemq-platform)
2025-01-29 00:59:37,483 INFO c.h.h.t.HelmChartContainer - [hivemq-test-hivemq-platform] [hivemq-platform-operator] [62b15f4a] 00:59:37.482 [pool-6-thread-7] DEBUG c.h.p.o.d.PodServiceAccountResource - [helmvolu] Create ServiceAccount 'hivemq-platform-pod-test-hivemq-platform'
2025-01-29 00:59:37,589 INFO c.h.h.t.HelmChartContainer - [hivemq-test-hivemq-platform] [hivemq-platform-operator] [62b15f4a] 00:59:37.588 [pool-6-thread-9] DEBUG c.h.p.o.d.PodRoleBindingResource - [helmvolu] Create RoleBinding: RoleBinding(apiVersion=rbac.authorization.k8s.io/v1, kind=RoleBinding, metadata=ObjectMeta(annotations={meta.helm.sh/release-name=test-hivemq-platform, meta.helm.sh/release-namespace=helmvolumeclaimtemplatesit}, creationTimestamp=null, deletionGracePeriodSeconds=null, deletionTimestamp=null, finalizers=[], generateName=null, generation=null, labels={helm.sh/chart=hivemq-platform-0.2.32, app.kubernetes.io/managed-by=Helm, app.kubernetes.io/name=hivemq-platform, hivemq-platform=test-hivemq-platform, app.kubernetes.io/instance=test-hivemq-platform, app.kubernetes.io/version=4.36.0}, managedFields=[], name=hivemq-platform-role-binding-test-hivemq-platform, namespace=helmvolumeclaimtemplatesit, ownerReferences=[OwnerReference(apiVersion=hivemq.com/v1, blockOwnerDeletion=null, controller=null, kind=HiveMQPlatform, name=test-hivemq-platform, uid=d4199273-9f28-42a6-96a7-6693c7e487a3, additionalProperties={})], resourceVersion=null, selfLink=null, uid=null, additionalProperties={}), roleRef=RoleRef(apiGroup=rbac.authorization.k8s.io, kind=Role, name=hivemq-platform-role-test-hivemq-platform, additionalProperties={}), subjects=[Subject(apiGroup=null, kind=ServiceAccount, name=hivemq-platform-pod-test-hivemq-platform, namespace=helmvolumeclaimtemplatesit, additionalProperties={})], additionalProperties={})
2025-01-29 00:59:37,681 INFO c.h.h.t.HelmChartContainer - [hivemq-test-hivemq-platform] [hivemq-platform-operator] [62b15f4a] 00:59:37.680 [ReconcilerExecutor-hivemq-controller-53] INFO  c.h.p.o.HiveMQPlatformReconciler - [helmvolu] Reconciling HiveMQ Platform 'test-hivemq-platform' in namespace 'helmvolumeclaimtemplatesit'
2025-01-29 00:59:37,682 INFO c.h.h.t.HelmChartContainer - [hivemq-test-hivemq-platform] [hivemq-platform-operator] [62b15f4a] 00:59:37.680 [ReconcilerExecutor-hivemq-controller-53] DEBUG c.h.p.o.HiveMQPlatformReconciler - [helmvolu] Custom Resource Status CREATED - HiveMQ Platform was created (READY)
2025-01-29 00:59:37,682 INFO c.h.h.t.HelmChartContainer - [hivemq-test-hivemq-platform] [hivemq-platform-operator] [62b15f4a] 00:59:37.680 [ReconcilerExecutor-hivemq-controller-53] DEBUG c.h.p.o.HiveMQPlatformReconciler - [helmvolu] Custom Resource Spec (replicas: 2) (extensions: 1)
2025-01-29 00:59:37,685 INFO c.h.h.t.HelmChartContainer - [hivemq-test-hivemq-platform] [hivemq-platform-operator] [62b15f4a] 00:59:37.684 [ReconcilerExecutor-hivemq-controller-53] INFO  c.h.p.o.h.HiveMQPlatformReconcilerBaseHandler - [helmvolu] HiveMQ Platform is starting
2025-01-29 00:59:37,786 INFO c.h.h.t.HelmChartContainer - [hivemq-test-hivemq-platform] [hivemq-platform-operator] [62b15f4a] 00:59:37.785 [ReconcilerExecutor-hivemq-controller-53] DEBUG c.h.p.operator.event.EventSender - [helmvolu] Creating K8s event hivemq-platform-starting: [Start] HiveMQ Platform is starting
2025-01-29 00:59:37,794 INFO c.h.h.t.HelmChartContainer - [EVENT] Normal [Start] HiveMQ Platform is starting [helmvolumeclaimtemplatesit:test-hivemq-platform]
2025-01-29 00:59:37,798 INFO c.h.h.t.HelmChartContainer - [hivemq-test-hivemq-platform] [hivemq-platform-operator] [62b15f4a] 00:59:37.797 [ReconcilerExecutor-hivemq-controller-53] INFO  c.h.p.o.h.AbstractHiveMQReconcilerStateHandler - [helmvolu] Update HiveMQ Platform Status (CREATED [READY] -> STARTING [READY]): HiveMQ Platform is starting
2025-01-29 00:59:37,888 DEBUG com.hivemq.helmcharts.util.K8sUtil - Comparing actual state 'STARTING' and waiting for 'RUNNING'
2025-01-29 00:59:47,901 INFO c.h.h.t.HelmChartContainer - [hivemq-test-hivemq-platform] [hivemq-platform-operator] [62b15f4a] 00:59:47.898 [pool-6-thread-12] DEBUG c.h.p.o.d.PlatformServiceResource - [helmvolu] Desired Platform services (3 services)
2025-01-29 00:59:47,902 INFO c.h.h.t.HelmChartContainer - [hivemq-test-hivemq-platform] [hivemq-platform-operator] [62b15f4a] 00:59:47.899 [pool-6-thread-13] DEBUG c.h.p.o.dependants.PodInfoConfigMap - [helmvolu] Desired PodInfo ConfigMap (1 extensions) (1 enabled)
2025-01-29 00:59:47,902 INFO c.h.h.t.HelmChartContainer - [hivemq-test-hivemq-platform] [hivemq-platform-operator] [62b15f4a] 00:59:47.900 [pool-6-thread-13] DEBUG c.h.p.o.dependants.PodInfoConfigMap - [helmvolu] Desired PodInfo ConfigMap (metrics port: 9399) (metrics path: /)
2025-01-29 00:59:47,902 INFO c.h.h.t.HelmChartContainer - [hivemq-test-hivemq-platform] [hivemq-platform-operator] [62b15f4a] 00:59:47.900 [pool-6-thread-13] DEBUG c.h.p.o.dependants.PodInfoConfigMap - [helmvolu] Desired PodInfo ConfigMap (extension state hash: -1817474005)
2025-01-29 00:59:47,905 INFO c.h.h.t.HelmChartContainer - [hivemq-test-hivemq-platform] [hivemq-platform-operator] [62b15f4a] 00:59:47.904 [pool-6-thread-17] DEBUG c.h.p.o.d.PodServiceAccountResource - [helmvolu] Desired PodServiceAccountResource (serviceAccountName: hivemq-platform-pod-test-hivemq-platform)
2025-01-29 00:59:47,908 INFO c.h.h.t.HelmChartContainer - [hivemq-test-hivemq-platform] [hivemq-platform-operator] [62b15f4a] 00:59:47.908 [pool-6-thread-13] DEBUG c.h.p.o.dependants.PodInfoConfigMap - [helmvolu] Update PodInfo ConfigMap
2025-01-29 00:59:47,988 INFO c.h.h.t.HelmChartContainer - [K3S] [alloc.go:330] "allocated clusterIPs" service="helmvolumeclaimtemplatesit/hivemq-test-hivemq-platform-cc-8080" clusterIPs={"IPv4":"10.43.177.124"}
2025-01-29 00:59:48,085 INFO c.h.h.t.HelmChartContainer - [K3S] [alloc.go:330] "allocated clusterIPs" service="helmvolumeclaimtemplatesit/hivemq-test-hivemq-platform-metrics-9399" clusterIPs={"IPv4":"10.43.90.90"}
2025-01-29 00:59:48,096 INFO c.h.h.t.HelmChartContainer - [K3S] [alloc.go:330] "allocated clusterIPs" service="helmvolumeclaimtemplatesit/hivemq-test-hivemq-platform-mqtt-1883" clusterIPs={"IPv4":"10.43.14.207"}
2025-01-29 00:59:48,179 INFO c.h.h.t.HelmChartContainer - [hivemq-test-hivemq-platform] [hivemq-platform-operator] [62b15f4a] 00:59:48.178 [pool-6-thread-20] DEBUG c.h.p.o.d.StatefulSetResource - [helmvolu] Desired StatefulSet (2 replicas) for status STARTING (READY)
2025-01-29 00:59:48,192 INFO c.h.h.t.HelmChartContainer - [hivemq-test-hivemq-platform] [hivemq-platform-operator] [62b15f4a] 00:59:48.191 [pool-6-thread-20] DEBUG c.h.p.o.d.StatefulSetResource - [helmvolu] Create StatefulSet
2025-01-29 00:59:48,215 INFO c.h.h.t.HelmChartContainer - [EVENT] Normal [SuccessfulCreate] create Claim hivemq-pvc-data-test-hivemq-platform-0 Pod test-hivemq-platform-0 in StatefulSet test-hivemq-platform success [helmvolumeclaimtemplatesit:test-hivemq-platform]
2025-01-29 00:59:48,220 INFO c.h.h.t.HelmChartContainer - [POD] test-hivemq-platform-0 [605aab2b-a0ca-4a79-a357-131464bb868b] in helmvolumeclaimtemplatesit was ADDED
2025-01-29 00:59:48,223 INFO c.h.h.t.HelmChartContainer - [EVENT] Normal [SuccessfulCreate] create Pod test-hivemq-platform-0 in StatefulSet test-hivemq-platform successful [helmvolumeclaimtemplatesit:test-hivemq-platform]
2025-01-29 00:59:48,225 INFO c.h.h.t.HelmChartContainer - [EVENT] Normal [WaitForFirstConsumer] waiting for first consumer to be created before binding [helmvolumeclaimtemplatesit:hivemq-pvc-data-test-hivemq-platform-0]
2025-01-29 00:59:48,229 INFO c.h.h.t.HelmChartContainer - [EVENT] Normal [ExternalProvisioning] Waiting for a volume to be created either by the external provisioner 'rancher.io/local-path' or manually by the system administrator. If volume creation is delayed, please verify that the provisioner is running and correctly registered. [helmvolumeclaimtemplatesit:hivemq-pvc-data-test-hivemq-platform-0]
2025-01-29 00:59:48,232 INFO c.h.h.t.HelmChartContainer - [EVENT] Normal [ExternalProvisioning] Waiting for a volume to be created either by the external provisioner 'rancher.io/local-path' or manually by the system administrator. If volume creation is delayed, please verify that the provisioner is running and correctly registered. [helmvolumeclaimtemplatesit:hivemq-pvc-data-test-hivemq-platform-0]
2025-01-29 00:59:48,233 INFO c.h.h.t.HelmChartContainer - [EVENT] Normal [Provisioning] External provisioner is provisioning volume for claim "helmvolumeclaimtemplatesit/hivemq-pvc-data-test-hivemq-platform-0" [helmvolumeclaimtemplatesit:hivemq-pvc-data-test-hivemq-platform-0]
2025-01-29 00:59:48,284 INFO c.h.h.t.HelmChartContainer - [hivemq-test-hivemq-platform] [hivemq-platform-operator] [62b15f4a] 00:59:48.282 [ReconcilerExecutor-hivemq-controller-64] INFO  c.h.p.o.HiveMQPlatformReconciler - [helmvolu] Reconciling HiveMQ Platform 'test-hivemq-platform' in namespace 'helmvolumeclaimtemplatesit'
2025-01-29 00:59:48,284 INFO c.h.h.t.HelmChartContainer - [hivemq-test-hivemq-platform] [hivemq-platform-operator] [62b15f4a] 00:59:48.282 [ReconcilerExecutor-hivemq-controller-64] DEBUG c.h.p.o.HiveMQPlatformReconciler - [helmvolu] Custom Resource Status STARTING - HiveMQ Platform is starting (READY)
2025-01-29 00:59:48,284 INFO c.h.h.t.HelmChartContainer - [hivemq-test-hivemq-platform] [hivemq-platform-operator] [62b15f4a] 00:59:48.282 [ReconcilerExecutor-hivemq-controller-64] DEBUG c.h.p.o.HiveMQPlatformReconciler - [helmvolu] Custom Resource Spec (replicas: 2) (extensions: 1)
2025-01-29 00:59:48,291 INFO c.h.h.t.HelmChartContainer - [hivemq-test-hivemq-platform] [hivemq-platform-operator] [62b15f4a] 00:59:48.290 [ReconcilerExecutor-hivemq-controller-64] DEBUG c.h.p.o.HiveMQPlatformReconciler - [helmvolu] StatefulSet Status (revision: test-hivemq-platform-6c7bb94cbd, replicas: 0, available: 0, ready: 0, current: 0, updated: 0)
2025-01-29 00:59:48,294 INFO c.h.h.t.HelmChartContainer - [hivemq-test-hivemq-platform] [hivemq-platform-operator] [62b15f4a] 00:59:48.291 [ReconcilerExecutor-hivemq-controller-64] DEBUG c.h.p.o.HiveMQPlatformReconciler - [helmvolu] StatefulSet Spec (replicas: 2, init containers: 1, containers: 1, volumes: 4)
2025-01-29 00:59:48,316 INFO c.h.h.t.HelmChartContainer - [POD] helper-pod-create-pvc-2e5aba3d-5f14-4a61-8609-0291474aabfa [2025790e-c236-461d-89d3-0bd256f6e840] in kube-system was ADDED
2025-01-29 00:59:48,323 INFO c.h.h.t.HelmChartContainer - [POD] helper-pod-create-pvc-2e5aba3d-5f14-4a61-8609-0291474aabfa [2025790e-c236-461d-89d3-0bd256f6e840] in kube-system was MODIFIED
2025-01-29 00:59:48,387 INFO c.h.h.t.HelmChartContainer - [hivemq-test-hivemq-platform] [hivemq-platform-operator] [62b15f4a] 00:59:48.386 [ReconcilerExecutor-hivemq-controller-64] DEBUG c.h.p.o.h.HiveMQPlatformReconcilerErrorHandler - [helmvolu] Pod 'test-hivemq-platform-0' phase Pending
2025-01-29 00:59:48,389 INFO c.h.h.t.HelmChartContainer - [hivemq-test-hivemq-platform] [hivemq-platform-operator] [62b15f4a] 00:59:48.389 [ReconcilerExecutor-hivemq-controller-64] INFO  c.h.p.o.h.HiveMQPlatformReconcilerBaseHandler - [helmvolu] HiveMQ Platform is starting, 0 of 2 replicas are ready
2025-01-29 00:59:48,469 INFO c.h.h.t.HelmChartContainer - [K3S] [reconciler_common.go:251] "operationExecutor.VerifyControllerAttachedVolume started for volume \"data\" (UniqueName: \"kubernetes.io/host-path/2025790e-c236-461d-89d3-0bd256f6e840-data\") pod \"helper-pod-create-pvc-2e5aba3d-5f14-4a61-8609-0291474aabfa\" (UID: \"2025790e-c236-461d-89d3-0bd256f6e840\") " pod="kube-system/helper-pod-create-pvc-2e5aba3d-5f14-4a61-8609-0291474aabfa"
2025-01-29 00:59:48,469 INFO c.h.h.t.HelmChartContainer - [K3S] [reconciler_common.go:251] "operationExecutor.VerifyControllerAttachedVolume started for volume \"script\" (UniqueName: \"kubernetes.io/configmap/2025790e-c236-461d-89d3-0bd256f6e840-script\") pod \"helper-pod-create-pvc-2e5aba3d-5f14-4a61-8609-0291474aabfa\" (UID: \"2025790e-c236-461d-89d3-0bd256f6e840\") " pod="kube-system/helper-pod-create-pvc-2e5aba3d-5f14-4a61-8609-0291474aabfa"
2025-01-29 00:59:48,469 INFO c.h.h.t.HelmChartContainer - [K3S] [reconciler_common.go:251] "operationExecutor.VerifyControllerAttachedVolume started for volume \"kube-api-access-hjthv\" (UniqueName: \"kubernetes.io/projected/2025790e-c236-461d-89d3-0bd256f6e840-kube-api-access-hjthv\") pod \"helper-pod-create-pvc-2e5aba3d-5f14-4a61-8609-0291474aabfa\" (UID: \"2025790e-c236-461d-89d3-0bd256f6e840\") " pod="kube-system/helper-pod-create-pvc-2e5aba3d-5f14-4a61-8609-0291474aabfa"
2025-01-29 00:59:48,480 INFO c.h.h.t.HelmChartContainer - [hivemq-test-hivemq-platform] [hivemq-platform-operator] [62b15f4a] 00:59:48.478 [pool-6-thread-22] DEBUG c.h.p.o.d.PlatformServiceResource - [helmvolu] Desired Platform services (3 services)
2025-01-29 00:59:48,481 INFO c.h.h.t.HelmChartContainer - [hivemq-test-hivemq-platform] [hivemq-platform-operator] [62b15f4a] 00:59:48.480 [pool-6-thread-23] DEBUG c.h.p.o.dependants.PodInfoConfigMap - [helmvolu] Desired PodInfo ConfigMap (1 extensions) (1 enabled)
2025-01-29 00:59:48,483 INFO c.h.h.t.HelmChartContainer - [hivemq-test-hivemq-platform] [hivemq-platform-operator] [62b15f4a] 00:59:48.481 [pool-6-thread-23] DEBUG c.h.p.o.dependants.PodInfoConfigMap - [helmvolu] Desired PodInfo ConfigMap (metrics port: 9399) (metrics path: /)
2025-01-29 00:59:48,483 INFO c.h.h.t.HelmChartContainer - [hivemq-test-hivemq-platform] [hivemq-platform-operator] [62b15f4a] 00:59:48.481 [pool-6-thread-23] DEBUG c.h.p.o.dependants.PodInfoConfigMap - [helmvolu] Desired PodInfo ConfigMap (extension state hash: -1817474005)
2025-01-29 00:59:48,484 INFO c.h.h.t.HelmChartContainer - [hivemq-test-hivemq-platform] [hivemq-platform-operator] [62b15f4a] 00:59:48.483 [pool-6-thread-27] DEBUG c.h.p.o.d.PodServiceAccountResource - [helmvolu] Desired PodServiceAccountResource (serviceAccountName: hivemq-platform-pod-test-hivemq-platform)
2025-01-29 00:59:48,496 INFO c.h.h.t.HelmChartContainer - [hivemq-test-hivemq-platform] [hivemq-platform-operator] [62b15f4a] 00:59:48.495 [pool-6-thread-30] DEBUG c.h.p.o.d.StatefulSetResource - [helmvolu] Desired StatefulSet (2 replicas) for status STARTING (READY)
2025-01-29 00:59:48,587 INFO c.h.h.t.HelmChartContainer - [hivemq-test-hivemq-platform] [hivemq-platform-operator] [62b15f4a] 00:59:48.584 [ReconcilerExecutor-hivemq-controller-75] INFO  c.h.p.o.HiveMQPlatformReconciler - [helmvolu] Reconciling HiveMQ Platform 'test-hivemq-platform' in namespace 'helmvolumeclaimtemplatesit'
2025-01-29 00:59:48,587 INFO c.h.h.t.HelmChartContainer - [hivemq-test-hivemq-platform] [hivemq-platform-operator] [62b15f4a] 00:59:48.584 [ReconcilerExecutor-hivemq-controller-75] DEBUG c.h.p.o.HiveMQPlatformReconciler - [helmvolu] Custom Resource Status STARTING - HiveMQ Platform is starting (READY)
2025-01-29 00:59:48,587 INFO c.h.h.t.HelmChartContainer - [hivemq-test-hivemq-platform] [hivemq-platform-operator] [62b15f4a] 00:59:48.584 [ReconcilerExecutor-hivemq-controller-75] DEBUG c.h.p.o.HiveMQPlatformReconciler - [helmvolu] Custom Resource Spec (replicas: 2) (extensions: 1)
2025-01-29 00:59:48,591 INFO c.h.h.t.HelmChartContainer - [hivemq-test-hivemq-platform] [hivemq-platform-operator] [62b15f4a] 00:59:48.588 [ReconcilerExecutor-hivemq-controller-75] DEBUG c.h.p.o.HiveMQPlatformReconciler - [helmvolu] StatefulSet Status (revision: test-hivemq-platform-6c7bb94cbd, replicas: 1, available: 0, ready: 0, current: 1, updated: 1)
2025-01-29 00:59:48,591 INFO c.h.h.t.HelmChartContainer - [hivemq-test-hivemq-platform] [hivemq-platform-operator] [62b15f4a] 00:59:48.588 [ReconcilerExecutor-hivemq-controller-75] DEBUG c.h.p.o.HiveMQPlatformReconciler - [helmvolu] StatefulSet Spec (replicas: 2, init containers: 1, containers: 1, volumes: 4)
2025-01-29 00:59:48,591 INFO c.h.h.t.HelmChartContainer - [hivemq-test-hivemq-platform] [hivemq-platform-operator] [62b15f4a] 00:59:48.589 [ReconcilerExecutor-hivemq-controller-75] DEBUG c.h.p.o.h.HiveMQPlatformReconcilerErrorHandler - [helmvolu] Pod 'test-hivemq-platform-0' phase Pending
2025-01-29 00:59:48,591 INFO c.h.h.t.HelmChartContainer - [hivemq-test-hivemq-platform] [hivemq-platform-operator] [62b15f4a] 00:59:48.590 [ReconcilerExecutor-hivemq-controller-75] INFO  c.h.p.o.h.HiveMQPlatformReconcilerBaseHandler - [helmvolu] HiveMQ Platform is starting, 0 of 2 replicas are ready
2025-01-29 00:59:49,196 INFO c.h.h.t.HelmChartContainer - [POD] helper-pod-create-pvc-2e5aba3d-5f14-4a61-8609-0291474aabfa [2025790e-c236-461d-89d3-0bd256f6e840] in kube-system was MODIFIED
2025-01-29 00:59:50,197 INFO c.h.h.t.HelmChartContainer - [POD] helper-pod-create-pvc-2e5aba3d-5f14-4a61-8609-0291474aabfa [2025790e-c236-461d-89d3-0bd256f6e840] in kube-system was MODIFIED
2025-01-29 00:59:51,254 INFO c.h.h.t.HelmChartContainer - [POD] helper-pod-create-pvc-2e5aba3d-5f14-4a61-8609-0291474aabfa [2025790e-c236-461d-89d3-0bd256f6e840] in kube-system was MODIFIED
2025-01-29 00:59:51,336 INFO c.h.h.t.HelmChartContainer - [POD] helper-pod-create-pvc-2e5aba3d-5f14-4a61-8609-0291474aabfa [2025790e-c236-461d-89d3-0bd256f6e840] in kube-system was MODIFIED
2025-01-29 00:59:51,341 INFO c.h.h.t.HelmChartContainer - [POD] helper-pod-create-pvc-2e5aba3d-5f14-4a61-8609-0291474aabfa [2025790e-c236-461d-89d3-0bd256f6e840] in kube-system was DELETED
2025-01-29 00:59:51,352 INFO c.h.h.t.HelmChartContainer - [EVENT] Normal [ProvisioningSucceeded] Successfully provisioned volume pvc-2e5aba3d-5f14-4a61-8609-0291474aabfa [helmvolumeclaimtemplatesit:hivemq-pvc-data-test-hivemq-platform-0]
2025-01-29 00:59:51,386 INFO c.h.h.t.HelmChartContainer - [K3S] [reconciler_common.go:162] "operationExecutor.UnmountVolume started for volume \"script\" (UniqueName: \"kubernetes.io/configmap/2025790e-c236-461d-89d3-0bd256f6e840-script\") pod \"2025790e-c236-461d-89d3-0bd256f6e840\" (UID: \"2025790e-c236-461d-89d3-0bd256f6e840\") "
2025-01-29 00:59:51,386 INFO c.h.h.t.HelmChartContainer - [K3S] [reconciler_common.go:162] "operationExecutor.UnmountVolume started for volume \"data\" (UniqueName: \"kubernetes.io/host-path/2025790e-c236-461d-89d3-0bd256f6e840-data\") pod \"2025790e-c236-461d-89d3-0bd256f6e840\" (UID: \"2025790e-c236-461d-89d3-0bd256f6e840\") "
2025-01-29 00:59:51,386 INFO c.h.h.t.HelmChartContainer - [K3S] [reconciler_common.go:162] "operationExecutor.UnmountVolume started for volume \"kube-api-access-hjthv\" (UniqueName: \"kubernetes.io/projected/2025790e-c236-461d-89d3-0bd256f6e840-kube-api-access-hjthv\") pod \"2025790e-c236-461d-89d3-0bd256f6e840\" (UID: \"2025790e-c236-461d-89d3-0bd256f6e840\") "
2025-01-29 00:59:51,486 INFO c.h.h.t.HelmChartContainer - [K3S] [reconciler_common.go:299] "Volume detached for volume \"script\" (UniqueName: \"kubernetes.io/configmap/2025790e-c236-461d-89d3-0bd256f6e840-script\") on node \"dacb2472075c\" DevicePath \"\""
2025-01-29 00:59:51,486 INFO c.h.h.t.HelmChartContainer - [K3S] [reconciler_common.go:299] "Volume detached for volume \"data\" (UniqueName: \"kubernetes.io/host-path/2025790e-c236-461d-89d3-0bd256f6e840-data\") on node \"dacb2472075c\" DevicePath \"\""
2025-01-29 00:59:51,486 INFO c.h.h.t.HelmChartContainer - [K3S] [reconciler_common.go:299] "Volume detached for volume \"kube-api-access-hjthv\" (UniqueName: \"kubernetes.io/projected/2025790e-c236-461d-89d3-0bd256f6e840-kube-api-access-hjthv\") on node \"dacb2472075c\" DevicePath \"\""
2025-01-29 00:59:52,193 INFO c.h.h.t.HelmChartContainer - [K3S] [pod_container_deletor.go:80] "Container not found in pod's containers" containerID="90f17ef6d096d1a1ee958d5d1050661d98bd5c5a3f4dd23919fc6440d83af1c2"
2025-01-29 00:59:52,198 INFO c.h.h.t.HelmChartContainer - [K3S] [status_manager.go:890] "Failed to get status for pod" podUID="2025790e-c236-461d-89d3-0bd256f6e840" pod="kube-system/helper-pod-create-pvc-2e5aba3d-5f14-4a61-8609-0291474aabfa" err="pods \"helper-pod-create-pvc-2e5aba3d-5f14-4a61-8609-0291474aabfa\" is forbidden: User \"system:node:dacb2472075c\" cannot get resource \"pods\" in API group \"\" in the namespace \"kube-system\": no relationship found between node 'dacb2472075c' and this object"
2025-01-29 00:59:52,227 INFO c.h.h.t.HelmChartContainer - [EVENT] Normal [Scheduled] Successfully assigned helmvolumeclaimtemplatesit/test-hivemq-platform-0 to dacb2472075c [helmvolumeclaimtemplatesit:test-hivemq-platform-0]
2025-01-29 00:59:52,227 INFO c.h.h.t.HelmChartContainer - [K3S] [memory_manager.go:355] "RemoveStaleState removing state" podUID="2025790e-c236-461d-89d3-0bd256f6e840" containerName="helper-pod"
2025-01-29 00:59:52,227 INFO c.h.h.t.HelmChartContainer - [K3S] [status_manager.go:890] "Failed to get status for pod" podUID="2025790e-c236-461d-89d3-0bd256f6e840" pod="kube-system/helper-pod-create-pvc-2e5aba3d-5f14-4a61-8609-0291474aabfa" err="pods \"helper-pod-create-pvc-2e5aba3d-5f14-4a61-8609-0291474aabfa\" is forbidden: User \"system:node:dacb2472075c\" cannot get resource \"pods\" in API group \"\" in the namespace \"kube-system\": no relationship found between node 'dacb2472075c' and this object"
2025-01-29 00:59:52,227 INFO c.h.h.t.HelmChartContainer - [POD] test-hivemq-platform-0 [605aab2b-a0ca-4a79-a357-131464bb868b] in helmvolumeclaimtemplatesit was MODIFIED
2025-01-29 00:59:52,239 INFO c.h.h.t.HelmChartContainer - [POD] test-hivemq-platform-0 [605aab2b-a0ca-4a79-a357-131464bb868b] in helmvolumeclaimtemplatesit was MODIFIED
2025-01-29 00:59:52,242 INFO c.h.h.t.HelmChartContainer - [hivemq-test-hivemq-platform] [hivemq-platform-operator] [62b15f4a] 00:59:52.240 [pool-6-thread-32] DEBUG c.h.p.o.d.PlatformServiceResource - [helmvolu] Desired Platform services (3 services)
2025-01-29 00:59:52,246 INFO c.h.h.t.HelmChartContainer - [hivemq-test-hivemq-platform] [hivemq-platform-operator] [62b15f4a] 00:59:52.243 [pool-6-thread-33] DEBUG c.h.p.o.dependants.PodInfoConfigMap - [helmvolu] Desired PodInfo ConfigMap (1 extensions) (1 enabled)
2025-01-29 00:59:52,246 INFO c.h.h.t.HelmChartContainer - [hivemq-test-hivemq-platform] [hivemq-platform-operator] [62b15f4a] 00:59:52.243 [pool-6-thread-33] DEBUG c.h.p.o.dependants.PodInfoConfigMap - [helmvolu] Desired PodInfo ConfigMap (metrics port: 9399) (metrics path: /)
2025-01-29 00:59:52,247 INFO c.h.h.t.HelmChartContainer - [hivemq-test-hivemq-platform] [hivemq-platform-operator] [62b15f4a] 00:59:52.244 [pool-6-thread-33] DEBUG c.h.p.o.dependants.PodInfoConfigMap - [helmvolu] Desired PodInfo ConfigMap (extension state hash: -1817474005)
2025-01-29 00:59:52,250 INFO c.h.h.t.HelmChartContainer - [hivemq-test-hivemq-platform] [hivemq-platform-operator] [62b15f4a] 00:59:52.247 [pool-6-thread-37] DEBUG c.h.p.o.d.PodServiceAccountResource - [helmvolu] Desired PodServiceAccountResource (serviceAccountName: hivemq-platform-pod-test-hivemq-platform)
2025-01-29 00:59:52,287 INFO c.h.h.t.HelmChartContainer - [hivemq-test-hivemq-platform] [hivemq-platform-operator] [62b15f4a] 00:59:52.286 [pool-6-thread-40] DEBUG c.h.p.o.d.StatefulSetResource - [helmvolu] Desired StatefulSet (2 replicas) for status STARTING (READY)
2025-01-29 00:59:52,291 INFO c.h.h.t.HelmChartContainer - [hivemq-test-hivemq-platform] [hivemq-platform-operator] [62b15f4a] 00:59:52.290 [ReconcilerExecutor-hivemq-controller-86] INFO  c.h.p.o.HiveMQPlatformReconciler - [helmvolu] Reconciling HiveMQ Platform 'test-hivemq-platform' in namespace 'helmvolumeclaimtemplatesit'
2025-01-29 00:59:52,293 INFO c.h.h.t.HelmChartContainer - [hivemq-test-hivemq-platform] [hivemq-platform-operator] [62b15f4a] 00:59:52.290 [ReconcilerExecutor-hivemq-controller-86] DEBUG c.h.p.o.HiveMQPlatformReconciler - [helmvolu] Custom Resource Status STARTING - HiveMQ Platform is starting (READY)
2025-01-29 00:59:52,293 INFO c.h.h.t.HelmChartContainer - [hivemq-test-hivemq-platform] [hivemq-platform-operator] [62b15f4a] 00:59:52.290 [ReconcilerExecutor-hivemq-controller-86] DEBUG c.h.p.o.HiveMQPlatformReconciler - [helmvolu] Custom Resource Spec (replicas: 2) (extensions: 1)
2025-01-29 00:59:52,293 INFO c.h.h.t.HelmChartContainer - [hivemq-test-hivemq-platform] [hivemq-platform-operator] [62b15f4a] 00:59:52.292 [ReconcilerExecutor-hivemq-controller-86] DEBUG c.h.p.o.HiveMQPlatformReconciler - [helmvolu] StatefulSet Status (revision: test-hivemq-platform-6c7bb94cbd, replicas: 1, available: 0, ready: 0, current: 1, updated: 1)
2025-01-29 00:59:52,293 INFO c.h.h.t.HelmChartContainer - [hivemq-test-hivemq-platform] [hivemq-platform-operator] [62b15f4a] 00:59:52.292 [ReconcilerExecutor-hivemq-controller-86] DEBUG c.h.p.o.HiveMQPlatformReconciler - [helmvolu] StatefulSet Spec (replicas: 2, init containers: 1, containers: 1, volumes: 4)
2025-01-29 00:59:52,381 INFO c.h.h.t.HelmChartContainer - [hivemq-test-hivemq-platform] [hivemq-platform-operator] [62b15f4a] 00:59:52.380 [ReconcilerExecutor-hivemq-controller-86] DEBUG c.h.p.o.h.HiveMQPlatformReconcilerErrorHandler - [helmvolu] Pod 'test-hivemq-platform-0' phase Pending
2025-01-29 00:59:52,382 INFO c.h.h.t.HelmChartContainer - [hivemq-test-hivemq-platform] [hivemq-platform-operator] [62b15f4a] 00:59:52.380 [ReconcilerExecutor-hivemq-controller-86] DEBUG c.h.p.o.h.HiveMQPlatformReconcilerErrorHandler - [helmvolu] Pod 'test-hivemq-platform-0' condition 'PodReadyToStartContainers': False
2025-01-29 00:59:52,383 INFO c.h.h.t.HelmChartContainer - [hivemq-test-hivemq-platform] [hivemq-platform-operator] [62b15f4a] 00:59:52.381 [ReconcilerExecutor-hivemq-controller-86] DEBUG c.h.p.o.h.HiveMQPlatformReconcilerErrorHandler - [helmvolu] Pod 'test-hivemq-platform-0' condition 'Initialized': False
2025-01-29 00:59:52,383 INFO c.h.h.t.HelmChartContainer - [hivemq-test-hivemq-platform] [hivemq-platform-operator] [62b15f4a] 00:59:52.381 [ReconcilerExecutor-hivemq-controller-86] DEBUG c.h.p.o.h.HiveMQPlatformReconcilerErrorHandler - [helmvolu] Pod 'test-hivemq-platform-0' condition 'Ready': False
2025-01-29 00:59:52,383 INFO c.h.h.t.HelmChartContainer - [hivemq-test-hivemq-platform] [hivemq-platform-operator] [62b15f4a] 00:59:52.381 [ReconcilerExecutor-hivemq-controller-86] DEBUG c.h.p.o.h.HiveMQPlatformReconcilerErrorHandler - [helmvolu] Pod 'test-hivemq-platform-0' condition 'ContainersReady': False
2025-01-29 00:59:52,383 INFO c.h.h.t.HelmChartContainer - [hivemq-test-hivemq-platform] [hivemq-platform-operator] [62b15f4a] 00:59:52.381 [ReconcilerExecutor-hivemq-controller-86] DEBUG c.h.p.o.h.HiveMQPlatformReconcilerErrorHandler - [helmvolu] Pod 'test-hivemq-platform-0' condition 'PodScheduled': True
2025-01-29 00:59:52,383 INFO c.h.h.t.HelmChartContainer - [hivemq-test-hivemq-platform] [hivemq-platform-operator] [62b15f4a] 00:59:52.381 [ReconcilerExecutor-hivemq-controller-86] DEBUG c.h.p.o.h.HiveMQPlatformReconcilerErrorHandler - [helmvolu] Pod 'test-hivemq-platform-0' containerStatus 'hivemq' (started: false) (ready: false) (waiting: [PodInitializing] null)
2025-01-29 00:59:52,384 INFO c.h.h.t.HelmChartContainer - [hivemq-test-hivemq-platform] [hivemq-platform-operator] [62b15f4a] 00:59:52.383 [ReconcilerExecutor-hivemq-controller-86] INFO  c.h.p.o.h.HiveMQPlatformReconcilerBaseHandler - [helmvolu] HiveMQ Platform is starting, 0 of 2 replicas are ready
2025-01-29 00:59:52,390 INFO c.h.h.t.HelmChartContainer - [hivemq-test-hivemq-platform] [hivemq-platform-operator] [62b15f4a] 00:59:52.388 [pool-6-thread-42] DEBUG c.h.p.o.d.PlatformServiceResource - [helmvolu] Desired Platform services (3 services)
2025-01-29 00:59:52,391 INFO c.h.h.t.HelmChartContainer - [hivemq-test-hivemq-platform] [hivemq-platform-operator] [62b15f4a] 00:59:52.389 [pool-6-thread-43] DEBUG c.h.p.o.dependants.PodInfoConfigMap - [helmvolu] Desired PodInfo ConfigMap (1 extensions) (1 enabled)
2025-01-29 00:59:52,394 INFO c.h.h.t.HelmChartContainer - [K3S] [reconciler_common.go:251] "operationExecutor.VerifyControllerAttachedVolume started for volume \"operator-init\" (UniqueName: \"kubernetes.io/empty-dir/605aab2b-a0ca-4a79-a357-131464bb868b-operator-init\") pod \"test-hivemq-platform-0\" (UID: \"605aab2b-a0ca-4a79-a357-131464bb868b\") " pod="helmvolumeclaimtemplatesit/test-hivemq-platform-0"
2025-01-29 00:59:52,394 INFO c.h.h.t.HelmChartContainer - [K3S] [reconciler_common.go:251] "operationExecutor.VerifyControllerAttachedVolume started for volume \"broker-configuration\" (UniqueName: \"kubernetes.io/configmap/605aab2b-a0ca-4a79-a357-131464bb868b-broker-configuration\") pod \"test-hivemq-platform-0\" (UID: \"605aab2b-a0ca-4a79-a357-131464bb868b\") " pod="helmvolumeclaimtemplatesit/test-hivemq-platform-0"
2025-01-29 00:59:52,394 INFO c.h.h.t.HelmChartContainer - [K3S] [reconciler_common.go:251] "operationExecutor.VerifyControllerAttachedVolume started for volume \"pvc-2e5aba3d-5f14-4a61-8609-0291474aabfa\" (UniqueName: \"kubernetes.io/local-volume/pvc-2e5aba3d-5f14-4a61-8609-0291474aabfa\") pod \"test-hivemq-platform-0\" (UID: \"605aab2b-a0ca-4a79-a357-131464bb868b\") " pod="helmvolumeclaimtemplatesit/test-hivemq-platform-0"
2025-01-29 00:59:52,394 INFO c.h.h.t.HelmChartContainer - [K3S] [reconciler_common.go:251] "operationExecutor.VerifyControllerAttachedVolume started for volume \"pod-info\" (UniqueName: \"kubernetes.io/configmap/605aab2b-a0ca-4a79-a357-131464bb868b-pod-info\") pod \"test-hivemq-platform-0\" (UID: \"605aab2b-a0ca-4a79-a357-131464bb868b\") " pod="helmvolumeclaimtemplatesit/test-hivemq-platform-0"
2025-01-29 00:59:52,394 INFO c.h.h.t.HelmChartContainer - [K3S] [reconciler_common.go:251] "operationExecutor.VerifyControllerAttachedVolume started for volume \"kube-api-access-jz9qv\" (UniqueName: \"kubernetes.io/projected/605aab2b-a0ca-4a79-a357-131464bb868b-kube-api-access-jz9qv\") pod \"test-hivemq-platform-0\" (UID: \"605aab2b-a0ca-4a79-a357-131464bb868b\") " pod="helmvolumeclaimtemplatesit/test-hivemq-platform-0"
2025-01-29 00:59:52,394 INFO c.h.h.t.HelmChartContainer - [hivemq-test-hivemq-platform] [hivemq-platform-operator] [62b15f4a] 00:59:52.390 [pool-6-thread-43] DEBUG c.h.p.o.dependants.PodInfoConfigMap - [helmvolu] Desired PodInfo ConfigMap (metrics port: 9399) (metrics path: /)
2025-01-29 00:59:52,394 INFO c.h.h.t.HelmChartContainer - [hivemq-test-hivemq-platform] [hivemq-platform-operator] [62b15f4a] 00:59:52.390 [pool-6-thread-43] DEBUG c.h.p.o.dependants.PodInfoConfigMap - [helmvolu] Desired PodInfo ConfigMap (extension state hash: -1817474005)
2025-01-29 00:59:52,480 INFO c.h.h.t.HelmChartContainer - [hivemq-test-hivemq-platform] [hivemq-platform-operator] [62b15f4a] 00:59:52.478 [pool-6-thread-47] DEBUG c.h.p.o.d.PodServiceAccountResource - [helmvolu] Desired PodServiceAccountResource (serviceAccountName: hivemq-platform-pod-test-hivemq-platform)
2025-01-29 00:59:52,483 INFO c.h.h.t.HelmChartContainer - [hivemq-test-hivemq-platform] [hivemq-platform-operator] [62b15f4a] 00:59:52.483 [pool-6-thread-50] DEBUG c.h.p.o.d.StatefulSetResource - [helmvolu] Desired StatefulSet (2 replicas) for status STARTING (READY)
2025-01-29 00:59:52,489 INFO c.h.h.t.HelmChartContainer - [hivemq-test-hivemq-platform] [hivemq-platform-operator] [62b15f4a] 00:59:52.488 [ReconcilerExecutor-hivemq-controller-97] INFO  c.h.p.o.HiveMQPlatformReconciler - [helmvolu] Reconciling HiveMQ Platform 'test-hivemq-platform' in namespace 'helmvolumeclaimtemplatesit'
2025-01-29 00:59:52,489 INFO c.h.h.t.HelmChartContainer - [hivemq-test-hivemq-platform] [hivemq-platform-operator] [62b15f4a] 00:59:52.488 [ReconcilerExecutor-hivemq-controller-97] DEBUG c.h.p.o.HiveMQPlatformReconciler - [helmvolu] Custom Resource Status STARTING - HiveMQ Platform is starting (READY)
2025-01-29 00:59:52,491 INFO c.h.h.t.HelmChartContainer - [hivemq-test-hivemq-platform] [hivemq-platform-operator] [62b15f4a] 00:59:52.488 [ReconcilerExecutor-hivemq-controller-97] DEBUG c.h.p.o.HiveMQPlatformReconciler - [helmvolu] Custom Resource Spec (replicas: 2) (extensions: 1)
2025-01-29 00:59:52,491 INFO c.h.h.t.HelmChartContainer - [hivemq-test-hivemq-platform] [hivemq-platform-operator] [62b15f4a] 00:59:52.490 [ReconcilerExecutor-hivemq-controller-97] DEBUG c.h.p.o.HiveMQPlatformReconciler - [helmvolu] StatefulSet Status (revision: test-hivemq-platform-6c7bb94cbd, replicas: 1, available: 0, ready: 0, current: 1, updated: 1)
2025-01-29 00:59:52,492 INFO c.h.h.t.HelmChartContainer - [hivemq-test-hivemq-platform] [hivemq-platform-operator] [62b15f4a] 00:59:52.490 [ReconcilerExecutor-hivemq-controller-97] DEBUG c.h.p.o.HiveMQPlatformReconciler - [helmvolu] StatefulSet Spec (replicas: 2, init containers: 1, containers: 1, volumes: 4)
2025-01-29 00:59:52,496 INFO c.h.h.t.HelmChartContainer - [hivemq-test-hivemq-platform] [hivemq-platform-operator] [62b15f4a] 00:59:52.493 [ReconcilerExecutor-hivemq-controller-97] DEBUG c.h.p.o.h.HiveMQPlatformReconcilerErrorHandler - [helmvolu] Pod 'test-hivemq-platform-0' phase Pending
2025-01-29 00:59:52,497 INFO c.h.h.t.HelmChartContainer - [hivemq-test-hivemq-platform] [hivemq-platform-operator] [62b15f4a] 00:59:52.494 [ReconcilerExecutor-hivemq-controller-97] DEBUG c.h.p.o.h.HiveMQPlatformReconcilerErrorHandler - [helmvolu] Pod 'test-hivemq-platform-0' condition 'PodReadyToStartContainers': False
2025-01-29 00:59:52,497 INFO c.h.h.t.HelmChartContainer - [hivemq-test-hivemq-platform] [hivemq-platform-operator] [62b15f4a] 00:59:52.494 [ReconcilerExecutor-hivemq-controller-97] DEBUG c.h.p.o.h.HiveMQPlatformReconcilerErrorHandler - [helmvolu] Pod 'test-hivemq-platform-0' condition 'Initialized': False
2025-01-29 00:59:52,497 INFO c.h.h.t.HelmChartContainer - [hivemq-test-hivemq-platform] [hivemq-platform-operator] [62b15f4a] 00:59:52.494 [ReconcilerExecutor-hivemq-controller-97] DEBUG c.h.p.o.h.HiveMQPlatformReconcilerErrorHandler - [helmvolu] Pod 'test-hivemq-platform-0' condition 'Ready': False
2025-01-29 00:59:52,497 INFO c.h.h.t.HelmChartContainer - [hivemq-test-hivemq-platform] [hivemq-platform-operator] [62b15f4a] 00:59:52.494 [ReconcilerExecutor-hivemq-controller-97] DEBUG c.h.p.o.h.HiveMQPlatformReconcilerErrorHandler - [helmvolu] Pod 'test-hivemq-platform-0' condition 'ContainersReady': False
2025-01-29 00:59:52,497 INFO c.h.h.t.HelmChartContainer - [hivemq-test-hivemq-platform] [hivemq-platform-operator] [62b15f4a] 00:59:52.494 [ReconcilerExecutor-hivemq-controller-97] DEBUG c.h.p.o.h.HiveMQPlatformReconcilerErrorHandler - [helmvolu] Pod 'test-hivemq-platform-0' condition 'PodScheduled': True
2025-01-29 00:59:52,497 INFO c.h.h.t.HelmChartContainer - [hivemq-test-hivemq-platform] [hivemq-platform-operator] [62b15f4a] 00:59:52.494 [ReconcilerExecutor-hivemq-controller-97] DEBUG c.h.p.o.h.HiveMQPlatformReconcilerErrorHandler - [helmvolu] Pod 'test-hivemq-platform-0' containerStatus 'hivemq' (started: false) (ready: false) (waiting: [PodInitializing] null)
2025-01-29 00:59:52,497 INFO c.h.h.t.HelmChartContainer - [hivemq-test-hivemq-platform] [hivemq-platform-operator] [62b15f4a] 00:59:52.495 [ReconcilerExecutor-hivemq-controller-97] INFO  c.h.p.o.h.HiveMQPlatformReconcilerBaseHandler - [helmvolu] HiveMQ Platform is starting, 0 of 2 replicas are ready
2025-01-29 00:59:52,611 INFO c.h.h.t.HelmChartContainer - [EVENT] Normal [Pulled] Container image "docker.io/hivemq/hivemq-platform-operator-init-test:snapshot" already present on machine [helmvolumeclaimtemplatesit:test-hivemq-platform-0]
2025-01-29 00:59:52,769 INFO c.h.h.t.HelmChartContainer - [EVENT] Normal [Created] Created container: hivemq-platform-operator-init [helmvolumeclaimtemplatesit:test-hivemq-platform-0]
2025-01-29 00:59:52,806 INFO c.h.h.t.HelmChartContainer - [EVENT] Normal [Started] Started container hivemq-platform-operator-init [helmvolumeclaimtemplatesit:test-hivemq-platform-0]
2025-01-29 00:59:52,951 INFO c.h.h.t.HelmChartContainer - [K3S] [kubelet_volumes.go:163] "Cleaned up orphaned pod volumes dir" podUID="2025790e-c236-461d-89d3-0bd256f6e840" path="/var/lib/kubelet/pods/2025790e-c236-461d-89d3-0bd256f6e840/volumes"
2025-01-29 00:59:53,199 INFO c.h.h.t.HelmChartContainer - [EVENT] Normal [Pulled] Container image "docker.io/hivemq/hivemq4:4.36.0" already present on machine [helmvolumeclaimtemplatesit:test-hivemq-platform-0]
2025-01-29 00:59:53,199 INFO c.h.h.t.HelmChartContainer - Received Pulled event for container hivemq in pod test-hivemq-platform-0 [605aab2b-a0ca-4a79-a357-131464bb868b]
2025-01-29 00:59:53,208 INFO c.h.h.t.HelmChartContainer - [POD] test-hivemq-platform-0 [605aab2b-a0ca-4a79-a357-131464bb868b] in helmvolumeclaimtemplatesit was MODIFIED
2025-01-29 00:59:53,245 INFO c.h.h.t.HelmChartContainer - [hivemq-test-hivemq-platform] [hivemq-platform-operator] [62b15f4a] 00:59:53.222 [pool-6-thread-5] DEBUG c.h.p.o.d.PlatformServiceResource - [helmvolu] Desired Platform services (3 services)
2025-01-29 00:59:53,246 INFO c.h.h.t.HelmChartContainer - [hivemq-test-hivemq-platform] [hivemq-platform-operator] [62b15f4a] 00:59:53.224 [pool-6-thread-6] DEBUG c.h.p.o.dependants.PodInfoConfigMap - [helmvolu] Desired PodInfo ConfigMap (1 extensions) (1 enabled)
2025-01-29 00:59:53,246 INFO c.h.h.t.HelmChartContainer - [hivemq-test-hivemq-platform] [hivemq-platform-operator] [62b15f4a] 00:59:53.224 [pool-6-thread-6] DEBUG c.h.p.o.dependants.PodInfoConfigMap - [helmvolu] Desired PodInfo ConfigMap (metrics port: 9399) (metrics path: /)
2025-01-29 00:59:53,246 INFO c.h.h.t.HelmChartContainer - [hivemq-test-hivemq-platform] [hivemq-platform-operator] [62b15f4a] 00:59:53.224 [pool-6-thread-6] DEBUG c.h.p.o.dependants.PodInfoConfigMap - [helmvolu] Desired PodInfo ConfigMap (extension state hash: -1817474005)
2025-01-29 00:59:53,246 INFO c.h.h.t.HelmChartContainer - [hivemq-test-hivemq-platform] [hivemq-platform-operator] [62b15f4a] 00:59:53.235 [pool-6-thread-9] DEBUG c.h.p.o.d.StatefulSetResource - [helmvolu] Desired StatefulSet (2 replicas) for status STARTING (READY)
2025-01-29 00:59:53,246 INFO c.h.h.t.HelmChartContainer - [hivemq-test-hivemq-platform] [hivemq-platform-operator] [62b15f4a] 00:59:53.235 [pool-6-thread-6] DEBUG c.h.p.o.d.PodServiceAccountResource - [helmvolu] Desired PodServiceAccountResource (serviceAccountName: hivemq-platform-pod-test-hivemq-platform)
2025-01-29 00:59:53,284 INFO c.h.h.t.HelmChartContainer - [hivemq-test-hivemq-platform] [hivemq-platform-operator] [62b15f4a] 00:59:53.283 [ReconcilerExecutor-hivemq-controller-108] INFO  c.h.p.o.HiveMQPlatformReconciler - [helmvolu] Reconciling HiveMQ Platform 'test-hivemq-platform' in namespace 'helmvolumeclaimtemplatesit'
2025-01-29 00:59:53,290 INFO c.h.h.t.HelmChartContainer - [hivemq-test-hivemq-platform] [hivemq-platform-operator] [62b15f4a] 00:59:53.283 [ReconcilerExecutor-hivemq-controller-108] DEBUG c.h.p.o.HiveMQPlatformReconciler - [helmvolu] Custom Resource Status STARTING - HiveMQ Platform is starting (READY)
2025-01-29 00:59:53,290 INFO c.h.h.t.HelmChartContainer - [hivemq-test-hivemq-platform] [hivemq-platform-operator] [62b15f4a] 00:59:53.283 [ReconcilerExecutor-hivemq-controller-108] DEBUG c.h.p.o.HiveMQPlatformReconciler - [helmvolu] Custom Resource Spec (replicas: 2) (extensions: 1)
2025-01-29 00:59:53,291 INFO c.h.h.t.HelmChartContainer - [hivemq-test-hivemq-platform] [hivemq-platform-operator] [62b15f4a] 00:59:53.286 [ReconcilerExecutor-hivemq-controller-108] DEBUG c.h.p.o.HiveMQPlatformReconciler - [helmvolu] StatefulSet Status (revision: test-hivemq-platform-6c7bb94cbd, replicas: 1, available: 0, ready: 0, current: 1, updated: 1)
2025-01-29 00:59:53,291 INFO c.h.h.t.HelmChartContainer - [hivemq-test-hivemq-platform] [hivemq-platform-operator] [62b15f4a] 00:59:53.286 [ReconcilerExecutor-hivemq-controller-108] DEBUG c.h.p.o.HiveMQPlatformReconciler - [helmvolu] StatefulSet Spec (replicas: 2, init containers: 1, containers: 1, volumes: 4)
2025-01-29 00:59:53,297 INFO c.h.h.t.HelmChartContainer - [hivemq-test-hivemq-platform] [hivemq-platform-operator] [62b15f4a] 00:59:53.293 [ReconcilerExecutor-hivemq-controller-108] DEBUG c.h.p.o.h.HiveMQPlatformReconcilerErrorHandler - [helmvolu] Pod 'test-hivemq-platform-0' phase Pending
2025-01-29 00:59:53,297 INFO c.h.h.t.HelmChartContainer - [hivemq-test-hivemq-platform] [hivemq-platform-operator] [62b15f4a] 00:59:53.293 [ReconcilerExecutor-hivemq-controller-108] DEBUG c.h.p.o.h.HiveMQPlatformReconcilerErrorHandler - [helmvolu] Pod 'test-hivemq-platform-0' condition 'PodReadyToStartContainers': True
2025-01-29 00:59:53,297 INFO c.h.h.t.HelmChartContainer - [hivemq-test-hivemq-platform] [hivemq-platform-operator] [62b15f4a] 00:59:53.294 [ReconcilerExecutor-hivemq-controller-108] DEBUG c.h.p.o.h.HiveMQPlatformReconcilerErrorHandler - [helmvolu] Pod 'test-hivemq-platform-0' condition 'Initialized': True
2025-01-29 00:59:53,297 INFO c.h.h.t.HelmChartContainer - [hivemq-test-hivemq-platform] [hivemq-platform-operator] [62b15f4a] 00:59:53.294 [ReconcilerExecutor-hivemq-controller-108] DEBUG c.h.p.o.h.HiveMQPlatformReconcilerErrorHandler - [helmvolu] Pod 'test-hivemq-platform-0' condition 'Ready': False
2025-01-29 00:59:53,297 INFO c.h.h.t.HelmChartContainer - [hivemq-test-hivemq-platform] [hivemq-platform-operator] [62b15f4a] 00:59:53.294 [ReconcilerExecutor-hivemq-controller-108] DEBUG c.h.p.o.h.HiveMQPlatformReconcilerErrorHandler - [helmvolu] Pod 'test-hivemq-platform-0' condition 'ContainersReady': False
2025-01-29 00:59:53,297 INFO c.h.h.t.HelmChartContainer - [hivemq-test-hivemq-platform] [hivemq-platform-operator] [62b15f4a] 00:59:53.294 [ReconcilerExecutor-hivemq-controller-108] DEBUG c.h.p.o.h.HiveMQPlatformReconcilerErrorHandler - [helmvolu] Pod 'test-hivemq-platform-0' condition 'PodScheduled': True
2025-01-29 00:59:53,297 INFO c.h.h.t.HelmChartContainer - [hivemq-test-hivemq-platform] [hivemq-platform-operator] [62b15f4a] 00:59:53.294 [ReconcilerExecutor-hivemq-controller-108] DEBUG c.h.p.o.h.HiveMQPlatformReconcilerErrorHandler - [helmvolu] Pod 'test-hivemq-platform-0' containerStatus 'hivemq' (started: false) (ready: false) (waiting: [PodInitializing] null)
2025-01-29 00:59:53,297 INFO c.h.h.t.HelmChartContainer - [hivemq-test-hivemq-platform] [hivemq-platform-operator] [62b15f4a] 00:59:53.295 [ReconcilerExecutor-hivemq-controller-108] INFO  c.h.p.o.h.HiveMQPlatformReconcilerBaseHandler - [helmvolu] HiveMQ Platform is starting, 0 of 2 replicas are ready
2025-01-29 00:59:54,870 INFO c.h.h.t.HelmChartContainer - [EVENT] Normal [Created] Created container: hivemq [helmvolumeclaimtemplatesit:test-hivemq-platform-0]
2025-01-29 00:59:54,870 INFO c.h.h.t.HelmChartContainer - Received Created event for container hivemq in pod test-hivemq-platform-0 [605aab2b-a0ca-4a79-a357-131464bb868b]
2025-01-29 00:59:55,210 INFO c.h.h.t.HelmChartContainer - [POD] test-hivemq-platform-0 [605aab2b-a0ca-4a79-a357-131464bb868b] in helmvolumeclaimtemplatesit was MODIFIED
2025-01-29 00:59:55,217 INFO c.h.h.t.HelmChartContainer - [EVENT] Normal [Started] Started container hivemq [helmvolumeclaimtemplatesit:test-hivemq-platform-0]
2025-01-29 00:59:55,217 INFO c.h.h.t.HelmChartContainer - Received Started event for container hivemq in pod test-hivemq-platform-0 [605aab2b-a0ca-4a79-a357-131464bb868b]
2025-01-29 00:59:55,218 INFO c.h.h.t.HelmChartContainer - Started log watcher for hivemq in pod test-hivemq-platform-0 [605aab2b-a0ca-4a79-a357-131464bb868b]
2025-01-29 00:59:55,218 INFO c.h.h.t.HelmChartContainer - [test-hivemq-platform] [hivemq] [605aab2b] Adding pre-installed HiveMQ Platform Operator extensions
2025-01-29 00:59:55,218 INFO c.h.h.t.HelmChartContainer - [test-hivemq-platform] [hivemq] [605aab2b] Running as user 10000
2025-01-29 00:59:55,218 INFO c.h.h.t.HelmChartContainer - [test-hivemq-platform] [hivemq] [605aab2b] Starting HiveMQ Platform Operator Init
2025-01-29 00:59:55,220 INFO c.h.h.t.HelmChartContainer - [hivemq-test-hivemq-platform] [hivemq-platform-operator] [62b15f4a] 00:59:55.218 [pool-6-thread-16] DEBUG c.h.p.o.d.PlatformServiceResource - [helmvolu] Desired Platform services (3 services)
2025-01-29 00:59:55,224 INFO c.h.h.t.HelmChartContainer - [hivemq-test-hivemq-platform] [hivemq-platform-operator] [62b15f4a] 00:59:55.221 [pool-6-thread-15] DEBUG c.h.p.o.d.PodServiceAccountResource - [helmvolu] Desired PodServiceAccountResource (serviceAccountName: hivemq-platform-pod-test-hivemq-platform)
2025-01-29 00:59:55,224 INFO c.h.h.t.HelmChartContainer - [hivemq-test-hivemq-platform] [hivemq-platform-operator] [62b15f4a] 00:59:55.222 [pool-6-thread-14] DEBUG c.h.p.o.dependants.PodInfoConfigMap - [helmvolu] Desired PodInfo ConfigMap (1 extensions) (1 enabled)
2025-01-29 00:59:55,224 INFO c.h.h.t.HelmChartContainer - [hivemq-test-hivemq-platform] [hivemq-platform-operator] [62b15f4a] 00:59:55.222 [pool-6-thread-14] DEBUG c.h.p.o.dependants.PodInfoConfigMap - [helmvolu] Desired PodInfo ConfigMap (metrics port: 9399) (metrics path: /)
2025-01-29 00:59:55,224 INFO c.h.h.t.HelmChartContainer - [hivemq-test-hivemq-platform] [hivemq-platform-operator] [62b15f4a] 00:59:55.223 [pool-6-thread-14] DEBUG c.h.p.o.dependants.PodInfoConfigMap - [helmvolu] Desired PodInfo ConfigMap (extension state hash: -1817474005)
2025-01-29 00:59:55,228 INFO c.h.h.t.HelmChartContainer - [hivemq-test-hivemq-platform] [hivemq-platform-operator] [62b15f4a] 00:59:55.226 [pool-6-thread-16] DEBUG c.h.p.o.d.StatefulSetResource - [helmvolu] Desired StatefulSet (2 replicas) for status STARTING (READY)
2025-01-29 00:59:55,233 INFO c.h.h.t.HelmChartContainer - [hivemq-test-hivemq-platform] [hivemq-platform-operator] [62b15f4a] 00:59:55.231 [ReconcilerExecutor-hivemq-controller-109] INFO  c.h.p.o.HiveMQPlatformReconciler - [helmvolu] Reconciling HiveMQ Platform 'test-hivemq-platform' in namespace 'helmvolumeclaimtemplatesit'
2025-01-29 00:59:55,233 INFO c.h.h.t.HelmChartContainer - [hivemq-test-hivemq-platform] [hivemq-platform-operator] [62b15f4a] 00:59:55.232 [ReconcilerExecutor-hivemq-controller-109] DEBUG c.h.p.o.HiveMQPlatformReconciler - [helmvolu] Custom Resource Status STARTING - HiveMQ Platform is starting (READY)
2025-01-29 00:59:55,233 INFO c.h.h.t.HelmChartContainer - [hivemq-test-hivemq-platform] [hivemq-platform-operator] [62b15f4a] 00:59:55.232 [ReconcilerExecutor-hivemq-controller-109] DEBUG c.h.p.o.HiveMQPlatformReconciler - [helmvolu] Custom Resource Spec (replicas: 2) (extensions: 1)
2025-01-29 00:59:55,283 INFO c.h.h.t.HelmChartContainer - [hivemq-test-hivemq-platform] [hivemq-platform-operator] [62b15f4a] 00:59:55.279 [ReconcilerExecutor-hivemq-controller-109] DEBUG c.h.p.o.HiveMQPlatformReconciler - [helmvolu] StatefulSet Status (revision: test-hivemq-platform-6c7bb94cbd, replicas: 1, available: 0, ready: 0, current: 1, updated: 1)
2025-01-29 00:59:55,284 INFO c.h.h.t.HelmChartContainer - [hivemq-test-hivemq-platform] [hivemq-platform-operator] [62b15f4a] 00:59:55.279 [ReconcilerExecutor-hivemq-controller-109] DEBUG c.h.p.o.HiveMQPlatformReconciler - [helmvolu] StatefulSet Spec (replicas: 2, init containers: 1, containers: 1, volumes: 4)
2025-01-29 00:59:55,285 INFO c.h.h.t.HelmChartContainer - [hivemq-test-hivemq-platform] [hivemq-platform-operator] [62b15f4a] 00:59:55.284 [ReconcilerExecutor-hivemq-controller-109] DEBUG c.h.p.o.h.HiveMQPlatformReconcilerErrorHandler - [helmvolu] Pod 'test-hivemq-platform-0' phase Running
2025-01-29 00:59:55,286 INFO c.h.h.t.HelmChartContainer - [hivemq-test-hivemq-platform] [hivemq-platform-operator] [62b15f4a] 00:59:55.285 [ReconcilerExecutor-hivemq-controller-109] INFO  c.h.p.o.h.HiveMQPlatformReconcilerBaseHandler - [helmvolu] HiveMQ Platform is starting, 0 of 2 replicas are ready
2025-01-29 00:59:56,074 INFO c.h.h.t.HelmChartContainer - [test-hivemq-platform] [hivemq] [605aab2b] INFO  - [HiveMQ Platform Operator Init 1.7.0-SNAPSHOT] HiveMQ Platform Operator Init 1.7.0-SNAPSHOT (commit: bebf408 on branch: HEAD) built on Sun Jan 26 20:47:47 UTC 2025
2025-01-29 00:59:57,195 INFO c.h.h.t.HelmChartContainer - [test-hivemq-platform] [hivemq] [605aab2b] INFO  - [HiveMQ Platform Operator Init App 1.7.0-SNAPSHOT] Using bind address 10.42.0.9 from environment variable
2025-01-29 00:59:58,171 INFO c.h.h.t.HelmChartContainer - [test-hivemq-platform] [hivemq] [605aab2b] INFO  - [HiveMQ Platform Operator Init App 1.7.0-SNAPSHOT] HiveMQ Platform Operator Init App 1.7.0-SNAPSHOT (commit: bebf408 on branch: HEAD) built on Sun Jan 26 20:47:47 UTC 2025
2025-01-29 00:59:58,172 INFO c.h.h.t.HelmChartContainer - [test-hivemq-platform] [hivemq] [605aab2b] INFO  - [HiveMQ Platform Operator Init App 1.7.0-SNAPSHOT] PodInfo ConfigMap directory: /etc/podinfo
2025-01-29 00:59:58,172 INFO c.h.h.t.HelmChartContainer - [test-hivemq-platform] [hivemq] [605aab2b] INFO  - [HiveMQ Platform Operator Init App 1.7.0-SNAPSHOT] HiveMQ home directory: /opt/hivemq
2025-01-29 00:59:58,172 INFO c.h.h.t.HelmChartContainer - [test-hivemq-platform] [hivemq] [605aab2b] INFO  - [HiveMQ Platform Operator Init App 1.7.0-SNAPSHOT] HiveMQ Logback folder: /opt/hivemq/conf
2025-01-29 00:59:58,172 INFO c.h.h.t.HelmChartContainer - [test-hivemq-platform] [hivemq] [605aab2b] INFO  - [HiveMQ Platform Operator Init App 1.7.0-SNAPSHOT] HiveMQ Config folder: /opt/hivemq/conf-k8s
2025-01-29 00:59:58,172 INFO c.h.h.t.HelmChartContainer - [test-hivemq-platform] [hivemq] [605aab2b] INFO  - [HiveMQ Platform Operator Init App 1.7.0-SNAPSHOT] Starting HiveMQ Platform Operator Init App
2025-01-29 00:59:58,172 INFO c.h.h.t.HelmChartContainer - [test-hivemq-platform] [hivemq] [605aab2b] INFO  - [HiveMQ Platform Operator Init App 1.7.0-SNAPSHOT] Starting Pod reconciler
2025-01-29 00:59:59,366 INFO c.h.h.t.HelmChartContainer - [test-hivemq-platform] [hivemq] [605aab2b] INFO  - [HiveMQ Platform Operator Init App 1.7.0-SNAPSHOT] Pod reconciler is scheduled (interval: 5000 ms)
2025-01-29 00:59:59,367 INFO c.h.h.t.HelmChartContainer - [test-hivemq-platform] [hivemq] [605aab2b] INFO  - [HiveMQ Platform Operator Init App 1.7.0-SNAPSHOT] Starting the REST API on 10.42.0.9:7979
2025-01-29 00:59:59,369 INFO c.h.h.t.HelmChartContainer - [test-hivemq-platform] [hivemq] [605aab2b] INFO  - [HiveMQ Platform Operator Init App 1.7.0-SNAPSHOT] Waiting up to 600s for at most 2 HiveMQ nodes in cluster service hivemq-test-hivemq-platform-cluster.helmvolumeclaimtemplatesit.svc
2025-01-29 00:59:59,681 INFO c.h.h.t.HelmChartContainer - [test-hivemq-platform] [hivemq] [605aab2b] INFO  - [HiveMQ Platform Operator Init App 1.7.0-SNAPSHOT] Resolved 1 IP addresses: [10.42.0.9]
2025-01-29 00:59:59,681 INFO c.h.h.t.HelmChartContainer - [test-hivemq-platform] [hivemq] [605aab2b] INFO  - [HiveMQ Platform Operator Init App 1.7.0-SNAPSHOT] HiveMQ node count of 1 is within threshold of 2
2025-01-29 00:59:59,681 INFO c.h.h.t.HelmChartContainer - [test-hivemq-platform] [hivemq] [605aab2b] INFO  - [HiveMQ Platform Operator Init App 1.7.0-SNAPSHOT] Proceeding with container start
2025-01-29 00:59:59,717 INFO c.h.h.t.HelmChartContainer - [K3S] [range_allocator.go:247] "Successfully synced" key="dacb2472075c"
2025-01-29 00:59:59,779 INFO c.h.h.t.HelmChartContainer - [test-hivemq-platform] [hivemq] [605aab2b] INFO  - [HiveMQ Platform Operator Init App 1.7.0-SNAPSHOT] Initializing HiveMQ Platform extensions with initial configuration: {hivemq-allow-all-extension={start-priority=-1, skip-https-hostname-verification=false, restart=true, config-version=0, header-version=0, c-uri=, priority=-1, uri=preinstalled, skip-https-certificate-validation=false, enabled=true}, hivemq-prometheus-extension={start-priority=-1, c-uri=, skip-https-hostname-verification=false, skip-https-certificate-validation=false, uri=preinstalled, request-header-path=no-request-headers, enabled=true, restart=true, priority=-1}}
2025-01-29 01:00:00,273 INFO c.h.h.t.HelmChartContainer - [test-hivemq-platform] [hivemq] [605aab2b] INFO  - [HiveMQ Platform Operator Init App 1.7.0-SNAPSHOT] Extension hivemq-allow-all-extension was already enabled
2025-01-29 01:00:00,364 INFO c.h.h.t.HelmChartContainer - [test-hivemq-platform] [hivemq] [605aab2b] INFO  - [HiveMQ Platform Operator Init App 1.7.0-SNAPSHOT] Successfully enabled extension hivemq-prometheus-extension
2025-01-29 01:00:00,366 INFO c.h.h.t.HelmChartContainer - [test-hivemq-platform] [hivemq] [605aab2b] INFO  - [HiveMQ Platform Operator Init App 1.7.0-SNAPSHOT] Starting HiveMQ Platform version 4.36.0 (4.36.0)
2025-01-29 01:00:00,366 INFO c.h.h.t.HelmChartContainer - [test-hivemq-platform] [hivemq] [605aab2b] INFO  - [HiveMQ Platform Operator Init App 1.7.0-SNAPSHOT] Configuring the HiveMQ Platform
2025-01-29 01:00:00,378 INFO c.h.h.t.HelmChartContainer - [test-hivemq-platform] [hivemq] [605aab2b] INFO  - [HiveMQ Platform Operator Init App 1.7.0-SNAPSHOT] Changed logback.xml file scan period to 20 seconds
2025-01-29 01:00:00,473 INFO c.h.h.t.HelmChartContainer - [test-hivemq-platform] [hivemq] [605aab2b] INFO  - [HiveMQ Platform Operator Init App 1.7.0-SNAPSHOT] Starting the HiveMQ Platform
2025-01-29 01:00:00,476 INFO c.h.h.t.HelmChartContainer - [test-hivemq-platform] [hivemq] [605aab2b] -------------------------------------------------------------------------
2025-01-29 01:00:00,476 INFO c.h.h.t.HelmChartContainer - [test-hivemq-platform] [hivemq] [605aab2b] 
2025-01-29 01:00:00,476 INFO c.h.h.t.HelmChartContainer - [test-hivemq-platform] [hivemq] [605aab2b]                   _    _  _              __  __   ____
2025-01-29 01:00:00,476 INFO c.h.h.t.HelmChartContainer - [test-hivemq-platform] [hivemq] [605aab2b]                  | |  | |(_)            |  \/  | / __ \
2025-01-29 01:00:00,476 INFO c.h.h.t.HelmChartContainer - [test-hivemq-platform] [hivemq] [605aab2b]                  | |__| | _ __   __ ___ | \  / || |  | |
2025-01-29 01:00:00,476 INFO c.h.h.t.HelmChartContainer - [test-hivemq-platform] [hivemq] [605aab2b]                  |  __  || |\ \ / // _ \| |\/| || |  | |
2025-01-29 01:00:00,476 INFO c.h.h.t.HelmChartContainer - [test-hivemq-platform] [hivemq] [605aab2b]                  | |  | || | \ V /|  __/| |  | || |__| |
2025-01-29 01:00:00,476 INFO c.h.h.t.HelmChartContainer - [test-hivemq-platform] [hivemq] [605aab2b]                  |_|  |_||_|  \_/  \___||_|  |_| \___\_\
2025-01-29 01:00:00,476 INFO c.h.h.t.HelmChartContainer - [test-hivemq-platform] [hivemq] [605aab2b] 
2025-01-29 01:00:00,476 INFO c.h.h.t.HelmChartContainer - [test-hivemq-platform] [hivemq] [605aab2b] -------------------------------------------------------------------------
2025-01-29 01:00:00,476 INFO c.h.h.t.HelmChartContainer - [test-hivemq-platform] [hivemq] [605aab2b] 
2025-01-29 01:00:00,476 INFO c.h.h.t.HelmChartContainer - [test-hivemq-platform] [hivemq] [605aab2b]   HiveMQ Start Script for Linux/Unix v1.14
2025-01-29 01:00:00,476 INFO c.h.h.t.HelmChartContainer - [test-hivemq-platform] [hivemq] [605aab2b] 
2025-01-29 01:00:00,582 INFO c.h.h.t.HelmChartContainer - [test-hivemq-platform] [hivemq] [605aab2b] -------------------------------------------------------------------------
2025-01-29 01:00:00,582 INFO c.h.h.t.HelmChartContainer - [test-hivemq-platform] [hivemq] [605aab2b] 
2025-01-29 01:00:00,582 INFO c.h.h.t.HelmChartContainer - [test-hivemq-platform] [hivemq] [605aab2b]   HIVEMQ_HOME: /opt/hivemq
2025-01-29 01:00:00,582 INFO c.h.h.t.HelmChartContainer - [test-hivemq-platform] [hivemq] [605aab2b] 
2025-01-29 01:00:00,582 INFO c.h.h.t.HelmChartContainer - [test-hivemq-platform] [hivemq] [605aab2b]   JAVA_OPTS: -XX:+UnlockExperimentalVMOptions -XX:InitialRAMPercentage=50 -XX:MaxRAMPercentage=50 -Djava.net.preferIPv4Stack=true --add-opens java.base/java.lang=ALL-UNNAMED --add-opens java.base/java.nio=ALL-UNNAMED --add-opens java.base/sun.nio.ch=ALL-UNNAMED --add-opens jdk.management/com.sun.management.internal=ALL-UNNAMED --add-exports java.base/jdk.internal.misc=ALL-UNNAMED -Djava.security.egd=file:/dev/./urandom -Dcom.sun.management.jmxremote -Dcom.sun.management.jmxremote.port=9010 -Dcom.sun.management.jmxremote.local.only=false -Dcom.sun.management.jmxremote.authenticate=false -Dcom.sun.management.jmxremote.ssl=false -Duser.language=en -Duser.region=US -XX:+CrashOnOutOfMemoryError -XX:+HeapDumpOnOutOfMemoryError
2025-01-29 01:00:00,582 INFO c.h.h.t.HelmChartContainer - [test-hivemq-platform] [hivemq] [605aab2b] 
2025-01-29 01:00:00,582 INFO c.h.h.t.HelmChartContainer - [test-hivemq-platform] [hivemq] [605aab2b]   JAVA_VERSION: 21
2025-01-29 01:00:00,582 INFO c.h.h.t.HelmChartContainer - [test-hivemq-platform] [hivemq] [605aab2b] 
2025-01-29 01:00:00,583 INFO c.h.h.t.HelmChartContainer - [test-hivemq-platform] [hivemq] [605aab2b] -------------------------------------------------------------------------
2025-01-29 01:00:00,583 INFO c.h.h.t.HelmChartContainer - [test-hivemq-platform] [hivemq] [605aab2b] 
2025-01-29 01:00:01,272 INFO c.h.h.t.HelmChartContainer - [test-hivemq-platform] [hivemq] [605aab2b] INFO  - [HiveMQ Platform Operator Init App 1.7.0-SNAPSHOT] Returning default Health API response 503 for readiness
2025-01-29 01:00:01,576 INFO c.h.h.t.HelmChartContainer - [EVENT] Warning [Unhealthy] Readiness probe failed: HTTP probe failed with statuscode: 503 [helmvolumeclaimtemplatesit:test-hivemq-platform-0]
2025-01-29 01:00:01,576 INFO c.h.h.t.HelmChartContainer - Received Unhealthy event for container hivemq in pod test-hivemq-platform-0 [605aab2b-a0ca-4a79-a357-131464bb868b]
2025-01-29 01:00:03,176 INFO c.h.h.t.HelmChartContainer - [test-hivemq-platform] [hivemq] [605aab2b] INFO  - Starting HiveMQ Enterprise Server
2025-01-29 01:00:03,183 INFO c.h.h.t.HelmChartContainer - [test-hivemq-platform] [hivemq] [605aab2b] INFO  - HiveMQ version: 4.36.0
2025-01-29 01:00:03,183 INFO c.h.h.t.HelmChartContainer - [test-hivemq-platform] [hivemq] [605aab2b] INFO  - HiveMQ home directory: /opt/hivemq
2025-01-29 01:00:03,183 INFO c.h.h.t.HelmChartContainer - [test-hivemq-platform] [hivemq] [605aab2b] INFO  - Log Configuration was overridden by /opt/hivemq/conf/logback.xml
2025-01-29 01:00:04,566 INFO c.h.h.t.HelmChartContainer - [test-hivemq-platform] [hivemq] [605aab2b] INFO  - Successfully loaded configuration from '/opt/hivemq/conf-k8s/config.xml'.
2025-01-29 01:00:05,276 INFO c.h.h.t.HelmChartContainer - [test-hivemq-platform] [hivemq] [605aab2b] INFO  - This node's ID is 3rtKK
2025-01-29 01:00:05,276 INFO c.h.h.t.HelmChartContainer - [test-hivemq-platform] [hivemq] [605aab2b] INFO  - Clustering is enabled
2025-01-29 01:00:05,292 INFO c.h.h.t.HelmChartContainer - [hivemq-test-hivemq-platform] [hivemq-platform-operator] [62b15f4a] 01:00:05.289 [pool-6-thread-25] DEBUG c.h.p.o.d.PlatformServiceResource - [helmvolu] Desired Platform services (3 services)
2025-01-29 01:00:05,292 INFO c.h.h.t.HelmChartContainer - [hivemq-test-hivemq-platform] [hivemq-platform-operator] [62b15f4a] 01:00:05.290 [pool-6-thread-24] DEBUG c.h.p.o.d.PodServiceAccountResource - [helmvolu] Desired PodServiceAccountResource (serviceAccountName: hivemq-platform-pod-test-hivemq-platform)
2025-01-29 01:00:05,294 INFO c.h.h.t.HelmChartContainer - [hivemq-test-hivemq-platform] [hivemq-platform-operator] [62b15f4a] 01:00:05.293 [pool-6-thread-23] DEBUG c.h.p.o.dependants.PodInfoConfigMap - [helmvolu] Desired PodInfo ConfigMap (1 extensions) (1 enabled)
2025-01-29 01:00:05,296 INFO c.h.h.t.HelmChartContainer - [hivemq-test-hivemq-platform] [hivemq-platform-operator] [62b15f4a] 01:00:05.293 [pool-6-thread-23] DEBUG c.h.p.o.dependants.PodInfoConfigMap - [helmvolu] Desired PodInfo ConfigMap (metrics port: 9399) (metrics path: /)
2025-01-29 01:00:05,298 INFO c.h.h.t.HelmChartContainer - [hivemq-test-hivemq-platform] [hivemq-platform-operator] [62b15f4a] 01:00:05.293 [pool-6-thread-23] DEBUG c.h.p.o.dependants.PodInfoConfigMap - [helmvolu] Desired PodInfo ConfigMap (extension state hash: -1817474005)
2025-01-29 01:00:05,298 INFO c.h.h.t.HelmChartContainer - [hivemq-test-hivemq-platform] [hivemq-platform-operator] [62b15f4a] 01:00:05.296 [pool-6-thread-23] DEBUG c.h.p.o.d.StatefulSetResource - [helmvolu] Desired StatefulSet (2 replicas) for status STARTING (READY)
2025-01-29 01:00:05,304 INFO c.h.h.t.HelmChartContainer - [hivemq-test-hivemq-platform] [hivemq-platform-operator] [62b15f4a] 01:00:05.301 [ReconcilerExecutor-hivemq-controller-110] INFO  c.h.p.o.HiveMQPlatformReconciler - [helmvolu] Reconciling HiveMQ Platform 'test-hivemq-platform' in namespace 'helmvolumeclaimtemplatesit'
2025-01-29 01:00:05,304 INFO c.h.h.t.HelmChartContainer - [hivemq-test-hivemq-platform] [hivemq-platform-operator] [62b15f4a] 01:00:05.301 [ReconcilerExecutor-hivemq-controller-110] DEBUG c.h.p.o.HiveMQPlatformReconciler - [helmvolu] Custom Resource Status STARTING - HiveMQ Platform is starting (READY)
2025-01-29 01:00:05,305 INFO c.h.h.t.HelmChartContainer - [hivemq-test-hivemq-platform] [hivemq-platform-operator] [62b15f4a] 01:00:05.301 [ReconcilerExecutor-hivemq-controller-110] DEBUG c.h.p.o.HiveMQPlatformReconciler - [helmvolu] Custom Resource Spec (replicas: 2) (extensions: 1)
2025-01-29 01:00:05,305 INFO c.h.h.t.HelmChartContainer - [hivemq-test-hivemq-platform] [hivemq-platform-operator] [62b15f4a] 01:00:05.303 [ReconcilerExecutor-hivemq-controller-110] DEBUG c.h.p.o.HiveMQPlatformReconciler - [helmvolu] StatefulSet Status (revision: test-hivemq-platform-6c7bb94cbd, replicas: 1, available: 0, ready: 0, current: 1, updated: 1)
2025-01-29 01:00:05,305 INFO c.h.h.t.HelmChartContainer - [hivemq-test-hivemq-platform] [hivemq-platform-operator] [62b15f4a] 01:00:05.303 [ReconcilerExecutor-hivemq-controller-110] DEBUG c.h.p.o.HiveMQPlatformReconciler - [helmvolu] StatefulSet Spec (replicas: 2, init containers: 1, containers: 1, volumes: 4)
2025-01-29 01:00:05,380 INFO c.h.h.t.HelmChartContainer - [hivemq-test-hivemq-platform] [hivemq-platform-operator] [62b15f4a] 01:00:05.377 [ReconcilerExecutor-hivemq-controller-110] DEBUG c.h.p.o.h.HiveMQPlatformReconcilerErrorHandler - [helmvolu] Pod 'test-hivemq-platform-0' phase Running
2025-01-29 01:00:05,380 INFO c.h.h.t.HelmChartContainer - [hivemq-test-hivemq-platform] [hivemq-platform-operator] [62b15f4a] 01:00:05.378 [ReconcilerExecutor-hivemq-controller-110] INFO  c.h.p.o.h.HiveMQPlatformReconcilerBaseHandler - [helmvolu] HiveMQ Platform is starting, 0 of 2 replicas are ready
2025-01-29 01:00:06,770 INFO c.h.h.t.HelmChartContainer - [test-hivemq-platform] [hivemq] [605aab2b] WARN  - [HiveMQ Platform Operator Init App 1.7.0-SNAPSHOT] Cannot connect to Health API for readiness: null
2025-01-29 01:00:06,777 INFO c.h.h.t.HelmChartContainer - [EVENT] Warning [Unhealthy] Readiness probe failed: HTTP probe failed with statuscode: 503 [helmvolumeclaimtemplatesit:test-hivemq-platform-0]
2025-01-29 01:00:06,777 INFO c.h.h.t.HelmChartContainer - Received Unhealthy event for container hivemq in pod test-hivemq-platform-0 [605aab2b-a0ca-4a79-a357-131464bb868b]
2025-01-29 01:00:09,573 INFO c.h.h.t.HelmChartContainer - [test-hivemq-platform] [hivemq] [605aab2b] Jan 29, 2025 1:00:09 AM io.vertx.core.impl.BlockedThreadChecker
2025-01-29 01:00:09,573 INFO c.h.h.t.HelmChartContainer - [test-hivemq-platform] [hivemq] [605aab2b] WARNING: Thread Thread[vert.x-eventloop-thread-1,5,main] has been blocked for 2199 ms, time limit is 2000 ms
2025-01-29 01:00:10,362 INFO c.h.h.t.HelmChartContainer - [test-hivemq-platform] [hivemq] [605aab2b] INFO  - [HiveMQ Platform Operator Init App 1.7.0-SNAPSHOT] Updating Pod HiveMQ Platform Operator Init App version annotation (version: 1.7.0-SNAPSHOT)
2025-01-29 01:00:10,981 INFO c.h.h.t.HelmChartContainer - [POD] test-hivemq-platform-0 [605aab2b-a0ca-4a79-a357-131464bb868b] in helmvolumeclaimtemplatesit was MODIFIED
2025-01-29 01:00:10,991 INFO c.h.h.t.HelmChartContainer - [hivemq-test-hivemq-platform] [hivemq-platform-operator] [62b15f4a] 01:00:10.988 [pool-6-thread-38] DEBUG c.h.p.o.d.PlatformServiceResource - [helmvolu] Desired Platform services (3 services)
2025-01-29 01:00:10,991 INFO c.h.h.t.HelmChartContainer - [hivemq-test-hivemq-platform] [hivemq-platform-operator] [62b15f4a] 01:00:10.989 [pool-6-thread-36] DEBUG c.h.p.o.dependants.PodInfoConfigMap - [helmvolu] Desired PodInfo ConfigMap (1 extensions) (1 enabled)
2025-01-29 01:00:10,991 INFO c.h.h.t.HelmChartContainer - [hivemq-test-hivemq-platform] [hivemq-platform-operator] [62b15f4a] 01:00:10.989 [pool-6-thread-36] DEBUG c.h.p.o.dependants.PodInfoConfigMap - [helmvolu] Desired PodInfo ConfigMap (metrics port: 9399) (metrics path: /)
2025-01-29 01:00:10,991 INFO c.h.h.t.HelmChartContainer - [hivemq-test-hivemq-platform] [hivemq-platform-operator] [62b15f4a] 01:00:10.989 [pool-6-thread-36] DEBUG c.h.p.o.dependants.PodInfoConfigMap - [helmvolu] Desired PodInfo ConfigMap (extension state hash: -1817474005)
2025-01-29 01:00:10,991 INFO c.h.h.t.HelmChartContainer - [hivemq-test-hivemq-platform] [hivemq-platform-operator] [62b15f4a] 01:00:10.990 [pool-6-thread-36] DEBUG c.h.p.o.d.PodServiceAccountResource - [helmvolu] Desired PodServiceAccountResource (serviceAccountName: hivemq-platform-pod-test-hivemq-platform)
2025-01-29 01:00:11,001 INFO c.h.h.t.HelmChartContainer - [hivemq-test-hivemq-platform] [hivemq-platform-operator] [62b15f4a] 01:00:10.998 [pool-6-thread-38] DEBUG c.h.p.o.d.StatefulSetResource - [helmvolu] Desired StatefulSet (2 replicas) for status STARTING (READY)
2025-01-29 01:00:11,066 INFO c.h.h.t.HelmChartContainer - [test-hivemq-platform] [hivemq] [605aab2b] WARN  - [HiveMQ Platform Operator Init App 1.7.0-SNAPSHOT] Cannot connect to Health API for readiness: null
2025-01-29 01:00:11,072 INFO c.h.h.t.HelmChartContainer - [EVENT] Warning [Unhealthy] Readiness probe failed: HTTP probe failed with statuscode: 503 [helmvolumeclaimtemplatesit:test-hivemq-platform-0]
2025-01-29 01:00:11,072 INFO c.h.h.t.HelmChartContainer - Received Unhealthy event for container hivemq in pod test-hivemq-platform-0 [605aab2b-a0ca-4a79-a357-131464bb868b]
2025-01-29 01:00:11,074 INFO c.h.h.t.HelmChartContainer - [test-hivemq-platform] [hivemq] [605aab2b] INFO  - [HiveMQ Platform Operator Init App 1.7.0-SNAPSHOT] Successfully updated Pod HiveMQ Platform Operator Init App version annotation (version: 1.7.0-SNAPSHOT)
2025-01-29 01:00:11,082 INFO c.h.h.t.HelmChartContainer - [hivemq-test-hivemq-platform] [hivemq-platform-operator] [62b15f4a] 01:00:11.081 [ReconcilerExecutor-hivemq-controller-111] INFO  c.h.p.o.HiveMQPlatformReconciler - [helmvolu] Reconciling HiveMQ Platform 'test-hivemq-platform' in namespace 'helmvolumeclaimtemplatesit'
2025-01-29 01:00:11,082 INFO c.h.h.t.HelmChartContainer - [hivemq-test-hivemq-platform] [hivemq-platform-operator] [62b15f4a] 01:00:11.081 [ReconcilerExecutor-hivemq-controller-111] DEBUG c.h.p.o.HiveMQPlatformReconciler - [helmvolu] Custom Resource Status STARTING - HiveMQ Platform is starting (READY)
2025-01-29 01:00:11,082 INFO c.h.h.t.HelmChartContainer - [hivemq-test-hivemq-platform] [hivemq-platform-operator] [62b15f4a] 01:00:11.081 [ReconcilerExecutor-hivemq-controller-111] DEBUG c.h.p.o.HiveMQPlatformReconciler - [helmvolu] Custom Resource Spec (replicas: 2) (extensions: 1)
2025-01-29 01:00:11,084 INFO c.h.h.t.HelmChartContainer - [hivemq-test-hivemq-platform] [hivemq-platform-operator] [62b15f4a] 01:00:11.083 [ReconcilerExecutor-hivemq-controller-111] DEBUG c.h.p.o.HiveMQPlatformReconciler - [helmvolu] StatefulSet Status (revision: test-hivemq-platform-6c7bb94cbd, replicas: 1, available: 0, ready: 0, current: 1, updated: 1)
2025-01-29 01:00:11,085 INFO c.h.h.t.HelmChartContainer - [hivemq-test-hivemq-platform] [hivemq-platform-operator] [62b15f4a] 01:00:11.083 [ReconcilerExecutor-hivemq-controller-111] DEBUG c.h.p.o.HiveMQPlatformReconciler - [helmvolu] StatefulSet Spec (replicas: 2, init containers: 1, containers: 1, volumes: 4)
2025-01-29 01:00:11,086 INFO c.h.h.t.HelmChartContainer - [hivemq-test-hivemq-platform] [hivemq-platform-operator] [62b15f4a] 01:00:11.085 [ReconcilerExecutor-hivemq-controller-111] DEBUG c.h.p.o.h.HiveMQPlatformReconcilerErrorHandler - [helmvolu] Pod 'test-hivemq-platform-0' phase Running
2025-01-29 01:00:11,087 INFO c.h.h.t.HelmChartContainer - [hivemq-test-hivemq-platform] [hivemq-platform-operator] [62b15f4a] 01:00:11.086 [ReconcilerExecutor-hivemq-controller-111] INFO  c.h.p.o.h.HiveMQPlatformReconcilerBaseHandler - [helmvolu] HiveMQ Platform is starting, 0 of 2 replicas are ready
2025-01-29 01:00:15,985 INFO c.h.h.t.HelmChartContainer - [test-hivemq-platform] [hivemq] [605aab2b] WARN  - [HiveMQ Platform Operator Init App 1.7.0-SNAPSHOT] Cannot connect to Health API for readiness: null
2025-01-29 01:00:16,063 INFO c.h.h.t.HelmChartContainer - [EVENT] Warning [Unhealthy] Readiness probe failed: HTTP probe failed with statuscode: 503 [helmvolumeclaimtemplatesit:test-hivemq-platform-0]
2025-01-29 01:00:16,063 INFO c.h.h.t.HelmChartContainer - Received Unhealthy event for container hivemq in pod test-hivemq-platform-0 [605aab2b-a0ca-4a79-a357-131464bb868b]
2025-01-29 01:00:21,064 INFO c.h.h.t.HelmChartContainer - [test-hivemq-platform] [hivemq] [605aab2b] WARN  - [HiveMQ Platform Operator Init App 1.7.0-SNAPSHOT] Cannot connect to Health API for readiness: null
2025-01-29 01:00:21,069 INFO c.h.h.t.HelmChartContainer - [EVENT] Warning [Unhealthy] Readiness probe failed: HTTP probe failed with statuscode: 503 [helmvolumeclaimtemplatesit:test-hivemq-platform-0]
2025-01-29 01:00:21,069 INFO c.h.h.t.HelmChartContainer - Received Unhealthy event for container hivemq in pod test-hivemq-platform-0 [605aab2b-a0ca-4a79-a357-131464bb868b]
2025-01-29 01:00:21,095 INFO c.h.h.t.HelmChartContainer - [hivemq-test-hivemq-platform] [hivemq-platform-operator] [62b15f4a] 01:00:21.091 [pool-6-thread-46] DEBUG c.h.p.o.d.PlatformServiceResource - [helmvolu] Desired Platform services (3 services)
2025-01-29 01:00:21,095 INFO c.h.h.t.HelmChartContainer - [hivemq-test-hivemq-platform] [hivemq-platform-operator] [62b15f4a] 01:00:21.092 [pool-6-thread-45] DEBUG c.h.p.o.dependants.PodInfoConfigMap - [helmvolu] Desired PodInfo ConfigMap (1 extensions) (1 enabled)
2025-01-29 01:00:21,095 INFO c.h.h.t.HelmChartContainer - [hivemq-test-hivemq-platform] [hivemq-platform-operator] [62b15f4a] 01:00:21.092 [pool-6-thread-45] DEBUG c.h.p.o.dependants.PodInfoConfigMap - [helmvolu] Desired PodInfo ConfigMap (metrics port: 9399) (metrics path: /)
2025-01-29 01:00:21,095 INFO c.h.h.t.HelmChartContainer - [hivemq-test-hivemq-platform] [hivemq-platform-operator] [62b15f4a] 01:00:21.092 [pool-6-thread-45] DEBUG c.h.p.o.dependants.PodInfoConfigMap - [helmvolu] Desired PodInfo ConfigMap (extension state hash: -1817474005)
2025-01-29 01:00:21,095 INFO c.h.h.t.HelmChartContainer - [hivemq-test-hivemq-platform] [hivemq-platform-operator] [62b15f4a] 01:00:21.093 [pool-6-thread-45] DEBUG c.h.p.o.d.PodServiceAccountResource - [helmvolu] Desired PodServiceAccountResource (serviceAccountName: hivemq-platform-pod-test-hivemq-platform)
2025-01-29 01:00:21,100 INFO c.h.h.t.HelmChartContainer - [hivemq-test-hivemq-platform] [hivemq-platform-operator] [62b15f4a] 01:00:21.099 [pool-6-thread-46] DEBUG c.h.p.o.d.StatefulSetResource - [helmvolu] Desired StatefulSet (2 replicas) for status STARTING (READY)
2025-01-29 01:00:21,105 INFO c.h.h.t.HelmChartContainer - [hivemq-test-hivemq-platform] [hivemq-platform-operator] [62b15f4a] 01:00:21.105 [ReconcilerExecutor-hivemq-controller-112] INFO  c.h.p.o.HiveMQPlatformReconciler - [helmvolu] Reconciling HiveMQ Platform 'test-hivemq-platform' in namespace 'helmvolumeclaimtemplatesit'
2025-01-29 01:00:21,105 INFO c.h.h.t.HelmChartContainer - [hivemq-test-hivemq-platform] [hivemq-platform-operator] [62b15f4a] 01:00:21.105 [ReconcilerExecutor-hivemq-controller-112] DEBUG c.h.p.o.HiveMQPlatformReconciler - [helmvolu] Custom Resource Status STARTING - HiveMQ Platform is starting (READY)
2025-01-29 01:00:21,105 INFO c.h.h.t.HelmChartContainer - [hivemq-test-hivemq-platform] [hivemq-platform-operator] [62b15f4a] 01:00:21.105 [ReconcilerExecutor-hivemq-controller-112] DEBUG c.h.p.o.HiveMQPlatformReconciler - [helmvolu] Custom Resource Spec (replicas: 2) (extensions: 1)
2025-01-29 01:00:21,180 INFO c.h.h.t.HelmChartContainer - [hivemq-test-hivemq-platform] [hivemq-platform-operator] [62b15f4a] 01:00:21.177 [ReconcilerExecutor-hivemq-controller-112] DEBUG c.h.p.o.HiveMQPlatformReconciler - [helmvolu] StatefulSet Status (revision: test-hivemq-platform-6c7bb94cbd, replicas: 1, available: 0, ready: 0, current: 1, updated: 1)
2025-01-29 01:00:21,181 INFO c.h.h.t.HelmChartContainer - [hivemq-test-hivemq-platform] [hivemq-platform-operator] [62b15f4a] 01:00:21.178 [ReconcilerExecutor-hivemq-controller-112] DEBUG c.h.p.o.HiveMQPlatformReconciler - [helmvolu] StatefulSet Spec (replicas: 2, init containers: 1, containers: 1, volumes: 4)
2025-01-29 01:00:21,182 INFO c.h.h.t.HelmChartContainer - [hivemq-test-hivemq-platform] [hivemq-platform-operator] [62b15f4a] 01:00:21.180 [ReconcilerExecutor-hivemq-controller-112] DEBUG c.h.p.o.h.HiveMQPlatformReconcilerErrorHandler - [helmvolu] Pod 'test-hivemq-platform-0' phase Running
2025-01-29 01:00:21,182 INFO c.h.h.t.HelmChartContainer - [hivemq-test-hivemq-platform] [hivemq-platform-operator] [62b15f4a] 01:00:21.181 [ReconcilerExecutor-hivemq-controller-112] INFO  c.h.p.o.h.HiveMQPlatformReconcilerBaseHandler - [helmvolu] HiveMQ Platform is starting, 0 of 2 replicas are ready
2025-01-29 01:00:22,476 INFO c.h.h.t.HelmChartContainer - [test-hivemq-platform] [hivemq] [605aab2b] INFO  - No valid license file found. Using trial license, restricted to 25 connections.
2025-01-29 01:00:22,564 INFO c.h.h.t.HelmChartContainer - [test-hivemq-platform] [hivemq] [605aab2b] WARN  - [HiveMQ Platform Operator Init App 1.7.0-SNAPSHOT] Cannot connect to Health API for liveness: null
2025-01-29 01:00:22,564 INFO c.h.h.t.HelmChartContainer - [test-hivemq-platform] [hivemq] [605aab2b] INFO  - [HiveMQ Platform Operator Init App 1.7.0-SNAPSHOT] Returning default Health API response 200 for liveness
2025-01-29 01:00:25,983 INFO c.h.h.t.HelmChartContainer - [test-hivemq-platform] [hivemq] [605aab2b] INFO  - No valid license file for Data Hub found. Using free license, restricted to 1 policy.
2025-01-29 01:00:26,065 INFO c.h.h.t.HelmChartContainer - [test-hivemq-platform] [hivemq] [605aab2b] WARN  - [HiveMQ Platform Operator Init App 1.7.0-SNAPSHOT] Cannot connect to Health API for readiness: null
2025-01-29 01:00:26,070 INFO c.h.h.t.HelmChartContainer - [EVENT] Warning [Unhealthy] Readiness probe failed: HTTP probe failed with statuscode: 503 [helmvolumeclaimtemplatesit:test-hivemq-platform-0]
2025-01-29 01:00:26,071 INFO c.h.h.t.HelmChartContainer - Received Unhealthy event for container hivemq in pod test-hivemq-platform-0 [605aab2b-a0ca-4a79-a357-131464bb868b]
2025-01-29 01:00:26,957 INFO c.h.h.t.HelmChartContainer - [K3S] [scope.go:117] "RemoveContainer" containerID="d1d23778e981c81c18119082d1ea795a569a5a2c210b25f8b3867d575afa5e05"
2025-01-29 01:00:27,262 INFO c.h.h.t.HelmChartContainer - [test-hivemq-platform] [hivemq] [605aab2b] INFO  - Audit Logger started.
2025-01-29 01:00:27,478 INFO c.h.h.t.HelmChartContainer - [test-hivemq-platform] [hivemq] [605aab2b] INFO  - This node uses '1' CPU cores.
2025-01-29 01:00:27,482 INFO c.h.h.t.HelmChartContainer - [test-hivemq-platform] [hivemq] [605aab2b] INFO  - Starting HiveMQ Health API on address 0.0.0.0 and port 8889
2025-01-29 01:00:28,364 INFO c.h.h.t.HelmChartContainer - [test-hivemq-platform] [hivemq] [605aab2b] INFO  - Started HiveMQ Health API in 882ms
2025-01-29 01:00:29,071 INFO c.h.h.t.HelmChartContainer - [test-hivemq-platform] [hivemq] [605aab2b] INFO  - Starting HiveMQ extension system.
2025-01-29 01:00:29,364 INFO c.h.h.t.HelmChartContainer - [test-hivemq-platform] [hivemq] [605aab2b] INFO  - Starting extension with id "hivemq-dns-cluster-discovery" at /opt/hivemq/extensions/hivemq-dns-cluster-discovery
2025-01-29 01:00:29,774 INFO c.h.h.t.HelmChartContainer - [test-hivemq-platform] [hivemq] [605aab2b] INFO  - Using TCP cluster transport on address 10.42.0.9 and port 7000
2025-01-29 01:00:29,864 INFO c.h.h.t.HelmChartContainer - [test-hivemq-platform] [hivemq] [605aab2b] INFO  - Using extension cluster discovery
2025-01-29 01:00:29,871 INFO c.h.h.t.HelmChartContainer - [test-hivemq-platform] [hivemq] [605aab2b] INFO  - Extension "DNS Cluster Discovery Extension" version 4.3.2 started successfully.
2025-01-29 01:00:29,871 INFO c.h.h.t.HelmChartContainer - [test-hivemq-platform] [hivemq] [605aab2b] INFO  - Starting extension with id "hivemq-prometheus-extension" at /opt/hivemq/extensions/hivemq-prometheus-extension
2025-01-29 01:00:30,767 INFO c.h.h.t.HelmChartContainer - [test-hivemq-platform] [hivemq] [605aab2b] INFO  - Started Jetty Server exposing Prometheus Servlet on URI http://0.0.0.0:9399/
2025-01-29 01:00:30,767 INFO c.h.h.t.HelmChartContainer - [test-hivemq-platform] [hivemq] [605aab2b] INFO  - Extension "Prometheus Monitoring Extension" version 4.0.12 started successfully.
2025-01-29 01:00:30,769 INFO c.h.h.t.HelmChartContainer - [test-hivemq-platform] [hivemq] [605aab2b] INFO  - Starting extension with id "hivemq-allow-all-extension" at /opt/hivemq/extensions/hivemq-allow-all-extension
2025-01-29 01:00:30,769 INFO c.h.h.t.HelmChartContainer - [test-hivemq-platform] [hivemq] [605aab2b] WARN  - 
2025-01-29 01:00:30,769 INFO c.h.h.t.HelmChartContainer - [test-hivemq-platform] [hivemq] [605aab2b] ################################################################################################################
2025-01-29 01:00:30,769 INFO c.h.h.t.HelmChartContainer - [test-hivemq-platform] [hivemq] [605aab2b] # This HiveMQ deployment is not secure! You are lacking Authentication and Authorization.                      #
2025-01-29 01:00:30,769 INFO c.h.h.t.HelmChartContainer - [test-hivemq-platform] [hivemq] [605aab2b] # Right now any MQTT client can connect to the broker with a full set of permissions.                          #
2025-01-29 01:00:30,769 INFO c.h.h.t.HelmChartContainer - [test-hivemq-platform] [hivemq] [605aab2b] # For production usage, add an appropriate security extension and remove the hivemq-allow-all extension.       #
2025-01-29 01:00:30,769 INFO c.h.h.t.HelmChartContainer - [test-hivemq-platform] [hivemq] [605aab2b] # You can download security extensions from the HiveMQ Marketplace (https://www.hivemq.com/extensions/).       #
2025-01-29 01:00:30,769 INFO c.h.h.t.HelmChartContainer - [test-hivemq-platform] [hivemq] [605aab2b] ################################################################################################################
2025-01-29 01:00:30,769 INFO c.h.h.t.HelmChartContainer - [test-hivemq-platform] [hivemq] [605aab2b] INFO  - Extension "Allow All Extension" version 1.1.1 started successfully.
2025-01-29 01:00:31,188 INFO c.h.h.t.HelmChartContainer - [hivemq-test-hivemq-platform] [hivemq-platform-operator] [62b15f4a] 01:00:31.186 [pool-6-thread-2] DEBUG c.h.p.o.d.PlatformServiceResource - [helmvolu] Desired Platform services (3 services)
2025-01-29 01:00:31,190 INFO c.h.h.t.HelmChartContainer - [hivemq-test-hivemq-platform] [hivemq-platform-operator] [62b15f4a] 01:00:31.187 [pool-6-thread-1] DEBUG c.h.p.o.d.PodServiceAccountResource - [helmvolu] Desired PodServiceAccountResource (serviceAccountName: hivemq-platform-pod-test-hivemq-platform)
2025-01-29 01:00:31,190 INFO c.h.h.t.HelmChartContainer - [hivemq-test-hivemq-platform] [hivemq-platform-operator] [62b15f4a] 01:00:31.189 [pool-6-thread-4] DEBUG c.h.p.o.dependants.PodInfoConfigMap - [helmvolu] Desired PodInfo ConfigMap (1 extensions) (1 enabled)
2025-01-29 01:00:31,193 INFO c.h.h.t.HelmChartContainer - [hivemq-test-hivemq-platform] [hivemq-platform-operator] [62b15f4a] 01:00:31.192 [pool-6-thread-4] DEBUG c.h.p.o.dependants.PodInfoConfigMap - [helmvolu] Desired PodInfo ConfigMap (metrics port: 9399) (metrics path: /)
2025-01-29 01:00:31,194 INFO c.h.h.t.HelmChartContainer - [hivemq-test-hivemq-platform] [hivemq-platform-operator] [62b15f4a] 01:00:31.192 [pool-6-thread-4] DEBUG c.h.p.o.dependants.PodInfoConfigMap - [helmvolu] Desired PodInfo ConfigMap (extension state hash: -1817474005)
2025-01-29 01:00:31,195 INFO c.h.h.t.HelmChartContainer - [hivemq-test-hivemq-platform] [hivemq-platform-operator] [62b15f4a] 01:00:31.194 [pool-6-thread-4] DEBUG c.h.p.o.d.StatefulSetResource - [helmvolu] Desired StatefulSet (2 replicas) for status STARTING (READY)
2025-01-29 01:00:31,198 INFO c.h.h.t.HelmChartContainer - [hivemq-test-hivemq-platform] [hivemq-platform-operator] [62b15f4a] 01:00:31.198 [ReconcilerExecutor-hivemq-controller-113] INFO  c.h.p.o.HiveMQPlatformReconciler - [helmvolu] Reconciling HiveMQ Platform 'test-hivemq-platform' in namespace 'helmvolumeclaimtemplatesit'
2025-01-29 01:00:31,199 INFO c.h.h.t.HelmChartContainer - [hivemq-test-hivemq-platform] [hivemq-platform-operator] [62b15f4a] 01:00:31.198 [ReconcilerExecutor-hivemq-controller-113] DEBUG c.h.p.o.HiveMQPlatformReconciler - [helmvolu] Custom Resource Status STARTING - HiveMQ Platform is starting (READY)
2025-01-29 01:00:31,199 INFO c.h.h.t.HelmChartContainer - [hivemq-test-hivemq-platform] [hivemq-platform-operator] [62b15f4a] 01:00:31.198 [ReconcilerExecutor-hivemq-controller-113] DEBUG c.h.p.o.HiveMQPlatformReconciler - [helmvolu] Custom Resource Spec (replicas: 2) (extensions: 1)
2025-01-29 01:00:31,200 INFO c.h.h.t.HelmChartContainer - [hivemq-test-hivemq-platform] [hivemq-platform-operator] [62b15f4a] 01:00:31.200 [ReconcilerExecutor-hivemq-controller-113] DEBUG c.h.p.o.HiveMQPlatformReconciler - [helmvolu] StatefulSet Status (revision: test-hivemq-platform-6c7bb94cbd, replicas: 1, available: 0, ready: 0, current: 1, updated: 1)
2025-01-29 01:00:31,200 INFO c.h.h.t.HelmChartContainer - [hivemq-test-hivemq-platform] [hivemq-platform-operator] [62b15f4a] 01:00:31.200 [ReconcilerExecutor-hivemq-controller-113] DEBUG c.h.p.o.HiveMQPlatformReconciler - [helmvolu] StatefulSet Spec (replicas: 2, init containers: 1, containers: 1, volumes: 4)
2025-01-29 01:00:31,201 INFO c.h.h.t.HelmChartContainer - [hivemq-test-hivemq-platform] [hivemq-platform-operator] [62b15f4a] 01:00:31.201 [ReconcilerExecutor-hivemq-controller-113] DEBUG c.h.p.o.h.HiveMQPlatformReconcilerErrorHandler - [helmvolu] Pod 'test-hivemq-platform-0' phase Running
2025-01-29 01:00:31,202 INFO c.h.h.t.HelmChartContainer - [hivemq-test-hivemq-platform] [hivemq-platform-operator] [62b15f4a] 01:00:31.202 [ReconcilerExecutor-hivemq-controller-113] INFO  c.h.p.o.h.HiveMQPlatformReconcilerBaseHandler - [helmvolu] HiveMQ Platform is starting, 0 of 2 replicas are ready
2025-01-29 01:00:31,571 INFO c.h.h.t.HelmChartContainer - [test-hivemq-platform] [hivemq] [605aab2b] INFO  - [HiveMQ Platform Operator Init App 1.7.0-SNAPSHOT] Returning Health API response 503 for readiness
2025-01-29 01:00:31,575 INFO c.h.h.t.HelmChartContainer - [EVENT] Warning [Unhealthy] Readiness probe failed: HTTP probe failed with statuscode: 503 [helmvolumeclaimtemplatesit:test-hivemq-platform-0]
2025-01-29 01:00:31,575 INFO c.h.h.t.HelmChartContainer - Received Unhealthy event for container hivemq in pod test-hivemq-platform-0 [605aab2b-a0ca-4a79-a357-131464bb868b]
2025-01-29 01:00:32,972 INFO c.h.h.t.HelmChartContainer - [test-hivemq-platform] [hivemq] [605aab2b] INFO  - 3rtKK: no members discovered after 2602 ms: creating cluster as first member
2025-01-29 01:00:32,978 INFO c.h.h.t.HelmChartContainer - [test-hivemq-platform] [hivemq] [605aab2b] INFO  - Cluster nodes found by discovery: [3rtKK|0] (1) [3rtKK].
2025-01-29 01:00:33,064 INFO c.h.h.t.HelmChartContainer - [test-hivemq-platform] [hivemq] [605aab2b] WARN  - No user for HiveMQ Control Center configured. Starting with default user
2025-01-29 01:00:33,065 INFO c.h.h.t.HelmChartContainer - [test-hivemq-platform] [hivemq] [605aab2b] INFO  - Starting HiveMQ Control Center on address 0.0.0.0 and port 8080
2025-01-29 01:00:33,068 INFO c.h.h.t.HelmChartContainer - [test-hivemq-platform] [hivemq] [605aab2b] INFO  - Mounting HiveMQ Control Center V2 Preview
2025-01-29 01:00:33,574 INFO c.h.h.t.HelmChartContainer - [test-hivemq-platform] [hivemq] [605aab2b] INFO  - Started HiveMQ Control Center in 574ms
2025-01-29 01:00:33,669 INFO c.h.h.t.HelmChartContainer - [test-hivemq-platform] [hivemq] [605aab2b] INFO  - Starting TCP listener on address 0.0.0.0 and port 1883
2025-01-29 01:00:33,765 INFO c.h.h.t.HelmChartContainer - [test-hivemq-platform] [hivemq] [605aab2b] INFO  - Started TCP Listener on address 0.0.0.0 and on port 1883.
2025-01-29 01:00:33,766 INFO c.h.h.t.HelmChartContainer - [test-hivemq-platform] [hivemq] [605aab2b] INFO  - Started HiveMQ in 30892ms
2025-01-29 01:00:35,987 INFO c.h.h.t.HelmChartContainer - [test-hivemq-platform] [hivemq] [605aab2b] INFO  - [HiveMQ Platform Operator Init App 1.7.0-SNAPSHOT] Returning Health API response 200 for readiness
2025-01-29 01:00:35,998 INFO c.h.h.t.HelmChartContainer - [POD] test-hivemq-platform-0 [605aab2b-a0ca-4a79-a357-131464bb868b] in helmvolumeclaimtemplatesit was MODIFIED
2025-01-29 01:00:36,014 INFO c.h.h.t.HelmChartContainer - [hivemq-test-hivemq-platform] [hivemq-platform-operator] [62b15f4a] 01:00:36.004 [pool-6-thread-19] DEBUG c.h.p.o.dependants.PodInfoConfigMap - [helmvolu] Desired PodInfo ConfigMap (1 extensions) (1 enabled)
2025-01-29 01:00:36,014 INFO c.h.h.t.HelmChartContainer - [hivemq-test-hivemq-platform] [hivemq-platform-operator] [62b15f4a] 01:00:36.003 [pool-6-thread-11] DEBUG c.h.p.o.d.PlatformServiceResource - [helmvolu] Desired Platform services (3 services)
2025-01-29 01:00:36,014 INFO c.h.h.t.HelmChartContainer - [hivemq-test-hivemq-platform] [hivemq-platform-operator] [62b15f4a] 01:00:36.005 [pool-6-thread-19] DEBUG c.h.p.o.dependants.PodInfoConfigMap - [helmvolu] Desired PodInfo ConfigMap (metrics port: 9399) (metrics path: /)
2025-01-29 01:00:36,014 INFO c.h.h.t.HelmChartContainer - [hivemq-test-hivemq-platform] [hivemq-platform-operator] [62b15f4a] 01:00:36.008 [pool-6-thread-19] DEBUG c.h.p.o.dependants.PodInfoConfigMap - [helmvolu] Desired PodInfo ConfigMap (extension state hash: -1817474005)
2025-01-29 01:00:36,014 INFO c.h.h.t.HelmChartContainer - [hivemq-test-hivemq-platform] [hivemq-platform-operator] [62b15f4a] 01:00:36.005 [pool-6-thread-17] DEBUG c.h.p.o.d.PodServiceAccountResource - [helmvolu] Desired PodServiceAccountResource (serviceAccountName: hivemq-platform-pod-test-hivemq-platform)
2025-01-29 01:00:36,021 INFO c.h.h.t.HelmChartContainer - [EVENT] Normal [WaitForFirstConsumer] waiting for first consumer to be created before binding [helmvolumeclaimtemplatesit:hivemq-pvc-data-test-hivemq-platform-1]
2025-01-29 01:00:36,025 INFO c.h.h.t.HelmChartContainer - [hivemq-test-hivemq-platform] [hivemq-platform-operator] [62b15f4a] 01:00:36.019 [pool-6-thread-11] DEBUG c.h.p.o.d.StatefulSetResource - [helmvolu] Desired StatefulSet (2 replicas) for status STARTING (READY)
2025-01-29 01:00:36,025 INFO c.h.h.t.HelmChartContainer - [EVENT] Normal [SuccessfulCreate] create Claim hivemq-pvc-data-test-hivemq-platform-1 Pod test-hivemq-platform-1 in StatefulSet test-hivemq-platform success [helmvolumeclaimtemplatesit:test-hivemq-platform]
2025-01-29 01:00:36,027 INFO c.h.h.t.HelmChartContainer - [POD] test-hivemq-platform-1 [87ee406e-a8cc-40d6-b22e-7a5a0ba0ecf3] in helmvolumeclaimtemplatesit was ADDED
2025-01-29 01:00:36,033 INFO c.h.h.t.HelmChartContainer - [EVENT] Normal [SuccessfulCreate] create Pod test-hivemq-platform-1 in StatefulSet test-hivemq-platform successful [helmvolumeclaimtemplatesit:test-hivemq-platform]
2025-01-29 01:00:36,038 INFO c.h.h.t.HelmChartContainer - [EVENT] Normal [ExternalProvisioning] Waiting for a volume to be created either by the external provisioner 'rancher.io/local-path' or manually by the system administrator. If volume creation is delayed, please verify that the provisioner is running and correctly registered. [helmvolumeclaimtemplatesit:hivemq-pvc-data-test-hivemq-platform-1]
2025-01-29 01:00:36,043 INFO c.h.h.t.HelmChartContainer - [EVENT] Normal [ExternalProvisioning] Waiting for a volume to be created either by the external provisioner 'rancher.io/local-path' or manually by the system administrator. If volume creation is delayed, please verify that the provisioner is running and correctly registered. [helmvolumeclaimtemplatesit:hivemq-pvc-data-test-hivemq-platform-1]
2025-01-29 01:00:36,044 INFO c.h.h.t.HelmChartContainer - [EVENT] Normal [Provisioning] External provisioner is provisioning volume for claim "helmvolumeclaimtemplatesit/hivemq-pvc-data-test-hivemq-platform-1" [helmvolumeclaimtemplatesit:hivemq-pvc-data-test-hivemq-platform-1]
2025-01-29 01:00:36,083 INFO c.h.h.t.HelmChartContainer - [hivemq-test-hivemq-platform] [hivemq-platform-operator] [62b15f4a] 01:00:36.081 [ReconcilerExecutor-hivemq-controller-114] INFO  c.h.p.o.HiveMQPlatformReconciler - [helmvolu] Reconciling HiveMQ Platform 'test-hivemq-platform' in namespace 'helmvolumeclaimtemplatesit'
2025-01-29 01:00:36,084 INFO c.h.h.t.HelmChartContainer - [hivemq-test-hivemq-platform] [hivemq-platform-operator] [62b15f4a] 01:00:36.081 [ReconcilerExecutor-hivemq-controller-114] DEBUG c.h.p.o.HiveMQPlatformReconciler - [helmvolu] Custom Resource Status STARTING - HiveMQ Platform is starting (READY)
2025-01-29 01:00:36,085 INFO c.h.h.t.HelmChartContainer - [hivemq-test-hivemq-platform] [hivemq-platform-operator] [62b15f4a] 01:00:36.081 [ReconcilerExecutor-hivemq-controller-114] DEBUG c.h.p.o.HiveMQPlatformReconciler - [helmvolu] Custom Resource Spec (replicas: 2) (extensions: 1)
2025-01-29 01:00:36,085 INFO c.h.h.t.HelmChartContainer - [hivemq-test-hivemq-platform] [hivemq-platform-operator] [62b15f4a] 01:00:36.082 [ReconcilerExecutor-hivemq-controller-114] DEBUG c.h.p.o.HiveMQPlatformReconciler - [helmvolu] StatefulSet Status (revision: test-hivemq-platform-6c7bb94cbd, replicas: 2, available: 1, ready: 1, current: 2, updated: 2)
2025-01-29 01:00:36,085 INFO c.h.h.t.HelmChartContainer - [hivemq-test-hivemq-platform] [hivemq-platform-operator] [62b15f4a] 01:00:36.082 [ReconcilerExecutor-hivemq-controller-114] DEBUG c.h.p.o.HiveMQPlatformReconciler - [helmvolu] StatefulSet Spec (replicas: 2, init containers: 1, containers: 1, volumes: 4)
2025-01-29 01:00:36,086 INFO c.h.h.t.HelmChartContainer - [hivemq-test-hivemq-platform] [hivemq-platform-operator] [62b15f4a] 01:00:36.084 [ReconcilerExecutor-hivemq-controller-114] DEBUG c.h.p.o.h.HiveMQPlatformReconcilerErrorHandler - [helmvolu] Pod 'test-hivemq-platform-1' phase Pending
2025-01-29 01:00:36,088 INFO c.h.h.t.HelmChartContainer - [hivemq-test-hivemq-platform] [hivemq-platform-operator] [62b15f4a] 01:00:36.087 [ReconcilerExecutor-hivemq-controller-114] DEBUG c.h.p.o.h.HiveMQPlatformReconcilerErrorHandler - [helmvolu] Pod 'test-hivemq-platform-0' phase Running
2025-01-29 01:00:36,089 INFO c.h.h.t.HelmChartContainer - [hivemq-test-hivemq-platform] [hivemq-platform-operator] [62b15f4a] 01:00:36.088 [ReconcilerExecutor-hivemq-controller-114] INFO  c.h.p.o.h.HiveMQPlatformReconcilerBaseHandler - [helmvolu] HiveMQ Platform is starting, 1 of 2 replicas are ready
2025-01-29 01:00:36,092 INFO c.h.h.t.HelmChartContainer - [hivemq-test-hivemq-platform] [hivemq-platform-operator] [62b15f4a] 01:00:36.091 [pool-6-thread-27] DEBUG c.h.p.o.d.PlatformServiceResource - [helmvolu] Desired Platform services (3 services)
2025-01-29 01:00:36,095 INFO c.h.h.t.HelmChartContainer - [hivemq-test-hivemq-platform] [hivemq-platform-operator] [62b15f4a] 01:00:36.093 [pool-6-thread-22] DEBUG c.h.p.o.d.PodServiceAccountResource - [helmvolu] Desired PodServiceAccountResource (serviceAccountName: hivemq-platform-pod-test-hivemq-platform)
2025-01-29 01:00:36,117 INFO c.h.h.t.HelmChartContainer - [POD] helper-pod-create-pvc-269e796d-774f-45e9-98f2-e3b41618541e [7c7700f0-0e90-44c9-9a93-e1df7d1b6643] in kube-system was ADDED
2025-01-29 01:00:36,124 INFO c.h.h.t.HelmChartContainer - [POD] helper-pod-create-pvc-269e796d-774f-45e9-98f2-e3b41618541e [7c7700f0-0e90-44c9-9a93-e1df7d1b6643] in kube-system was MODIFIED
2025-01-29 01:00:36,181 INFO c.h.h.t.HelmChartContainer - [hivemq-test-hivemq-platform] [hivemq-platform-operator] [62b15f4a] 01:00:36.093 [pool-6-thread-26] DEBUG c.h.p.o.dependants.PodInfoConfigMap - [helmvolu] Desired PodInfo ConfigMap (1 extensions) (1 enabled)
2025-01-29 01:00:36,181 INFO c.h.h.t.HelmChartContainer - [hivemq-test-hivemq-platform] [hivemq-platform-operator] [62b15f4a] 01:00:36.179 [pool-6-thread-26] DEBUG c.h.p.o.dependants.PodInfoConfigMap - [helmvolu] Desired PodInfo ConfigMap (metrics port: 9399) (metrics path: /)
2025-01-29 01:00:36,181 INFO c.h.h.t.HelmChartContainer - [hivemq-test-hivemq-platform] [hivemq-platform-operator] [62b15f4a] 01:00:36.179 [pool-6-thread-26] DEBUG c.h.p.o.dependants.PodInfoConfigMap - [helmvolu] Desired PodInfo ConfigMap (extension state hash: -1817474005)
2025-01-29 01:00:36,183 INFO c.h.h.t.HelmChartContainer - [hivemq-test-hivemq-platform] [hivemq-platform-operator] [62b15f4a] 01:00:36.183 [pool-6-thread-26] DEBUG c.h.p.o.d.StatefulSetResource - [helmvolu] Desired StatefulSet (2 replicas) for status STARTING (READY)
2025-01-29 01:00:36,187 INFO c.h.h.t.HelmChartContainer - [hivemq-test-hivemq-platform] [hivemq-platform-operator] [62b15f4a] 01:00:36.186 [ReconcilerExecutor-hivemq-controller-115] INFO  c.h.p.o.HiveMQPlatformReconciler - [helmvolu] Reconciling HiveMQ Platform 'test-hivemq-platform' in namespace 'helmvolumeclaimtemplatesit'
2025-01-29 01:00:36,187 INFO c.h.h.t.HelmChartContainer - [hivemq-test-hivemq-platform] [hivemq-platform-operator] [62b15f4a] 01:00:36.186 [ReconcilerExecutor-hivemq-controller-115] DEBUG c.h.p.o.HiveMQPlatformReconciler - [helmvolu] Custom Resource Status STARTING - HiveMQ Platform is starting (READY)
2025-01-29 01:00:36,187 INFO c.h.h.t.HelmChartContainer - [hivemq-test-hivemq-platform] [hivemq-platform-operator] [62b15f4a] 01:00:36.186 [ReconcilerExecutor-hivemq-controller-115] DEBUG c.h.p.o.HiveMQPlatformReconciler - [helmvolu] Custom Resource Spec (replicas: 2) (extensions: 1)
2025-01-29 01:00:36,189 INFO c.h.h.t.HelmChartContainer - [hivemq-test-hivemq-platform] [hivemq-platform-operator] [62b15f4a] 01:00:36.189 [ReconcilerExecutor-hivemq-controller-115] DEBUG c.h.p.o.HiveMQPlatformReconciler - [helmvolu] StatefulSet Status (revision: test-hivemq-platform-6c7bb94cbd, replicas: 2, available: 1, ready: 1, current: 2, updated: 2)
2025-01-29 01:00:36,189 INFO c.h.h.t.HelmChartContainer - [hivemq-test-hivemq-platform] [hivemq-platform-operator] [62b15f4a] 01:00:36.189 [ReconcilerExecutor-hivemq-controller-115] DEBUG c.h.p.o.HiveMQPlatformReconciler - [helmvolu] StatefulSet Spec (replicas: 2, init containers: 1, containers: 1, volumes: 4)
2025-01-29 01:00:36,190 INFO c.h.h.t.HelmChartContainer - [hivemq-test-hivemq-platform] [hivemq-platform-operator] [62b15f4a] 01:00:36.190 [ReconcilerExecutor-hivemq-controller-115] DEBUG c.h.p.o.h.HiveMQPlatformReconcilerErrorHandler - [helmvolu] Pod 'test-hivemq-platform-1' phase Pending
2025-01-29 01:00:36,192 INFO c.h.h.t.HelmChartContainer - [hivemq-test-hivemq-platform] [hivemq-platform-operator] [62b15f4a] 01:00:36.191 [ReconcilerExecutor-hivemq-controller-115] DEBUG c.h.p.o.h.HiveMQPlatformReconcilerErrorHandler - [helmvolu] Pod 'test-hivemq-platform-0' phase Running
2025-01-29 01:00:36,193 INFO c.h.h.t.HelmChartContainer - [hivemq-test-hivemq-platform] [hivemq-platform-operator] [62b15f4a] 01:00:36.192 [ReconcilerExecutor-hivemq-controller-115] INFO  c.h.p.o.h.HiveMQPlatformReconcilerBaseHandler - [helmvolu] HiveMQ Platform is starting, 1 of 2 replicas are ready
2025-01-29 01:00:36,252 INFO c.h.h.t.HelmChartContainer - [K3S] [reconciler_common.go:251] "operationExecutor.VerifyControllerAttachedVolume started for volume \"script\" (UniqueName: \"kubernetes.io/configmap/7c7700f0-0e90-44c9-9a93-e1df7d1b6643-script\") pod \"helper-pod-create-pvc-269e796d-774f-45e9-98f2-e3b41618541e\" (UID: \"7c7700f0-0e90-44c9-9a93-e1df7d1b6643\") " pod="kube-system/helper-pod-create-pvc-269e796d-774f-45e9-98f2-e3b41618541e"
2025-01-29 01:00:36,252 INFO c.h.h.t.HelmChartContainer - [K3S] [reconciler_common.go:251] "operationExecutor.VerifyControllerAttachedVolume started for volume \"data\" (UniqueName: \"kubernetes.io/host-path/7c7700f0-0e90-44c9-9a93-e1df7d1b6643-data\") pod \"helper-pod-create-pvc-269e796d-774f-45e9-98f2-e3b41618541e\" (UID: \"7c7700f0-0e90-44c9-9a93-e1df7d1b6643\") " pod="kube-system/helper-pod-create-pvc-269e796d-774f-45e9-98f2-e3b41618541e"
2025-01-29 01:00:36,252 INFO c.h.h.t.HelmChartContainer - [K3S] [reconciler_common.go:251] "operationExecutor.VerifyControllerAttachedVolume started for volume \"kube-api-access-882g2\" (UniqueName: \"kubernetes.io/projected/7c7700f0-0e90-44c9-9a93-e1df7d1b6643-kube-api-access-882g2\") pod \"helper-pod-create-pvc-269e796d-774f-45e9-98f2-e3b41618541e\" (UID: \"7c7700f0-0e90-44c9-9a93-e1df7d1b6643\") " pod="kube-system/helper-pod-create-pvc-269e796d-774f-45e9-98f2-e3b41618541e"
2025-01-29 01:00:37,266 INFO c.h.h.t.HelmChartContainer - [POD] helper-pod-create-pvc-269e796d-774f-45e9-98f2-e3b41618541e [7c7700f0-0e90-44c9-9a93-e1df7d1b6643] in kube-system was MODIFIED
2025-01-29 01:00:38,331 INFO c.h.h.t.HelmChartContainer - [POD] helper-pod-create-pvc-269e796d-774f-45e9-98f2-e3b41618541e [7c7700f0-0e90-44c9-9a93-e1df7d1b6643] in kube-system was MODIFIED
2025-01-29 01:00:38,466 INFO c.h.h.t.HelmChartContainer - [K3S] [reconciler_common.go:162] "operationExecutor.UnmountVolume started for volume \"script\" (UniqueName: \"kubernetes.io/configmap/7c7700f0-0e90-44c9-9a93-e1df7d1b6643-script\") pod \"7c7700f0-0e90-44c9-9a93-e1df7d1b6643\" (UID: \"7c7700f0-0e90-44c9-9a93-e1df7d1b6643\") "
2025-01-29 01:00:38,466 INFO c.h.h.t.HelmChartContainer - [K3S] [reconciler_common.go:162] "operationExecutor.UnmountVolume started for volume \"data\" (UniqueName: \"kubernetes.io/host-path/7c7700f0-0e90-44c9-9a93-e1df7d1b6643-data\") pod \"7c7700f0-0e90-44c9-9a93-e1df7d1b6643\" (UID: \"7c7700f0-0e90-44c9-9a93-e1df7d1b6643\") "
2025-01-29 01:00:38,466 INFO c.h.h.t.HelmChartContainer - [K3S] [reconciler_common.go:162] "operationExecutor.UnmountVolume started for volume \"kube-api-access-882g2\" (UniqueName: \"kubernetes.io/projected/7c7700f0-0e90-44c9-9a93-e1df7d1b6643-kube-api-access-882g2\") pod \"7c7700f0-0e90-44c9-9a93-e1df7d1b6643\" (UID: \"7c7700f0-0e90-44c9-9a93-e1df7d1b6643\") "
2025-01-29 01:00:38,566 INFO c.h.h.t.HelmChartContainer - [K3S] [reconciler_common.go:299] "Volume detached for volume \"script\" (UniqueName: \"kubernetes.io/configmap/7c7700f0-0e90-44c9-9a93-e1df7d1b6643-script\") on node \"dacb2472075c\" DevicePath \"\""
2025-01-29 01:00:38,566 INFO c.h.h.t.HelmChartContainer - [K3S] [reconciler_common.go:299] "Volume detached for volume \"data\" (UniqueName: \"kubernetes.io/host-path/7c7700f0-0e90-44c9-9a93-e1df7d1b6643-data\") on node \"dacb2472075c\" DevicePath \"\""
2025-01-29 01:00:38,566 INFO c.h.h.t.HelmChartContainer - [K3S] [reconciler_common.go:299] "Volume detached for volume \"kube-api-access-882g2\" (UniqueName: \"kubernetes.io/projected/7c7700f0-0e90-44c9-9a93-e1df7d1b6643-kube-api-access-882g2\") on node \"dacb2472075c\" DevicePath \"\""
2025-01-29 01:00:39,136 INFO c.h.h.t.HelmChartContainer - [POD] helper-pod-create-pvc-269e796d-774f-45e9-98f2-e3b41618541e [7c7700f0-0e90-44c9-9a93-e1df7d1b6643] in kube-system was MODIFIED
2025-01-29 01:00:39,138 INFO c.h.h.t.HelmChartContainer - [POD] helper-pod-create-pvc-269e796d-774f-45e9-98f2-e3b41618541e [7c7700f0-0e90-44c9-9a93-e1df7d1b6643] in kube-system was DELETED
2025-01-29 01:00:39,146 INFO c.h.h.t.HelmChartContainer - [EVENT] Normal [ProvisioningSucceeded] Successfully provisioned volume pvc-269e796d-774f-45e9-98f2-e3b41618541e [helmvolumeclaimtemplatesit:hivemq-pvc-data-test-hivemq-platform-1]
2025-01-29 01:00:39,262 INFO c.h.h.t.HelmChartContainer - [K3S] [pod_container_deletor.go:80] "Container not found in pod's containers" containerID="ac7a15d891fed19b62cfd898997434337c36927692650835971c6a8d046b75cd"
2025-01-29 01:00:39,263 INFO c.h.h.t.HelmChartContainer - [K3S] [status_manager.go:890] "Failed to get status for pod" podUID="7c7700f0-0e90-44c9-9a93-e1df7d1b6643" pod="kube-system/helper-pod-create-pvc-269e796d-774f-45e9-98f2-e3b41618541e" err="pods \"helper-pod-create-pvc-269e796d-774f-45e9-98f2-e3b41618541e\" is forbidden: User \"system:node:dacb2472075c\" cannot get resource \"pods\" in API group \"\" in the namespace \"kube-system\": no relationship found between node 'dacb2472075c' and this object"
2025-01-29 01:00:40,038 INFO c.h.h.t.HelmChartContainer - [K3S] [memory_manager.go:355] "RemoveStaleState removing state" podUID="7c7700f0-0e90-44c9-9a93-e1df7d1b6643" containerName="helper-pod"
2025-01-29 01:00:40,039 INFO c.h.h.t.HelmChartContainer - [K3S] [status_manager.go:890] "Failed to get status for pod" podUID="7c7700f0-0e90-44c9-9a93-e1df7d1b6643" pod="kube-system/helper-pod-create-pvc-269e796d-774f-45e9-98f2-e3b41618541e" err="pods \"helper-pod-create-pvc-269e796d-774f-45e9-98f2-e3b41618541e\" is forbidden: User \"system:node:dacb2472075c\" cannot get resource \"pods\" in API group \"\" in the namespace \"kube-system\": no relationship found between node 'dacb2472075c' and this object"
2025-01-29 01:00:40,039 INFO c.h.h.t.HelmChartContainer - [EVENT] Normal [Scheduled] Successfully assigned helmvolumeclaimtemplatesit/test-hivemq-platform-1 to dacb2472075c [helmvolumeclaimtemplatesit:test-hivemq-platform-1]
2025-01-29 01:00:40,039 INFO c.h.h.t.HelmChartContainer - [POD] test-hivemq-platform-1 [87ee406e-a8cc-40d6-b22e-7a5a0ba0ecf3] in helmvolumeclaimtemplatesit was MODIFIED
2025-01-29 01:00:40,048 INFO c.h.h.t.HelmChartContainer - [hivemq-test-hivemq-platform] [hivemq-platform-operator] [62b15f4a] 01:00:40.044 [pool-6-thread-31] DEBUG c.h.p.o.d.PlatformServiceResource - [helmvolu] Desired Platform services (3 services)
2025-01-29 01:00:40,048 INFO c.h.h.t.HelmChartContainer - [hivemq-test-hivemq-platform] [hivemq-platform-operator] [62b15f4a] 01:00:40.046 [pool-6-thread-37] DEBUG c.h.p.o.d.PodServiceAccountResource - [helmvolu] Desired PodServiceAccountResource (serviceAccountName: hivemq-platform-pod-test-hivemq-platform)
2025-01-29 01:00:40,049 INFO c.h.h.t.HelmChartContainer - [hivemq-test-hivemq-platform] [hivemq-platform-operator] [62b15f4a] 01:00:40.048 [pool-6-thread-39] DEBUG c.h.p.o.dependants.PodInfoConfigMap - [helmvolu] Desired PodInfo ConfigMap (1 extensions) (1 enabled)
2025-01-29 01:00:40,049 INFO c.h.h.t.HelmChartContainer - [hivemq-test-hivemq-platform] [hivemq-platform-operator] [62b15f4a] 01:00:40.048 [pool-6-thread-39] DEBUG c.h.p.o.dependants.PodInfoConfigMap - [helmvolu] Desired PodInfo ConfigMap (metrics port: 9399) (metrics path: /)
2025-01-29 01:00:40,050 INFO c.h.h.t.HelmChartContainer - [hivemq-test-hivemq-platform] [hivemq-platform-operator] [62b15f4a] 01:00:40.048 [pool-6-thread-39] DEBUG c.h.p.o.dependants.PodInfoConfigMap - [helmvolu] Desired PodInfo ConfigMap (extension state hash: -1817474005)
2025-01-29 01:00:40,053 INFO c.h.h.t.HelmChartContainer - [POD] test-hivemq-platform-1 [87ee406e-a8cc-40d6-b22e-7a5a0ba0ecf3] in helmvolumeclaimtemplatesit was MODIFIED
2025-01-29 01:00:40,056 INFO c.h.h.t.HelmChartContainer - [hivemq-test-hivemq-platform] [hivemq-platform-operator] [62b15f4a] 01:00:40.053 [pool-6-thread-36] DEBUG c.h.p.o.d.StatefulSetResource - [helmvolu] Desired StatefulSet (2 replicas) for status STARTING (READY)
2025-01-29 01:00:40,060 INFO c.h.h.t.HelmChartContainer - [hivemq-test-hivemq-platform] [hivemq-platform-operator] [62b15f4a] 01:00:40.058 [ReconcilerExecutor-hivemq-controller-116] INFO  c.h.p.o.HiveMQPlatformReconciler - [helmvolu] Reconciling HiveMQ Platform 'test-hivemq-platform' in namespace 'helmvolumeclaimtemplatesit'
2025-01-29 01:00:40,060 INFO c.h.h.t.HelmChartContainer - [hivemq-test-hivemq-platform] [hivemq-platform-operator] [62b15f4a] 01:00:40.058 [ReconcilerExecutor-hivemq-controller-116] DEBUG c.h.p.o.HiveMQPlatformReconciler - [helmvolu] Custom Resource Status STARTING - HiveMQ Platform is starting (READY)
2025-01-29 01:00:40,060 INFO c.h.h.t.HelmChartContainer - [hivemq-test-hivemq-platform] [hivemq-platform-operator] [62b15f4a] 01:00:40.059 [ReconcilerExecutor-hivemq-controller-116] DEBUG c.h.p.o.HiveMQPlatformReconciler - [helmvolu] Custom Resource Spec (replicas: 2) (extensions: 1)
2025-01-29 01:00:40,082 INFO c.h.h.t.HelmChartContainer - [hivemq-test-hivemq-platform] [hivemq-platform-operator] [62b15f4a] 01:00:40.081 [ReconcilerExecutor-hivemq-controller-116] DEBUG c.h.p.o.HiveMQPlatformReconciler - [helmvolu] StatefulSet Status (revision: test-hivemq-platform-6c7bb94cbd, replicas: 2, available: 1, ready: 1, current: 2, updated: 2)
2025-01-29 01:00:40,083 INFO c.h.h.t.HelmChartContainer - [hivemq-test-hivemq-platform] [hivemq-platform-operator] [62b15f4a] 01:00:40.081 [ReconcilerExecutor-hivemq-controller-116] DEBUG c.h.p.o.HiveMQPlatformReconciler - [helmvolu] StatefulSet Spec (replicas: 2, init containers: 1, containers: 1, volumes: 4)
2025-01-29 01:00:40,087 INFO c.h.h.t.HelmChartContainer - [hivemq-test-hivemq-platform] [hivemq-platform-operator] [62b15f4a] 01:00:40.085 [ReconcilerExecutor-hivemq-controller-116] DEBUG c.h.p.o.h.HiveMQPlatformReconcilerErrorHandler - [helmvolu] Pod 'test-hivemq-platform-1' phase Pending
2025-01-29 01:00:40,087 INFO c.h.h.t.HelmChartContainer - [hivemq-test-hivemq-platform] [hivemq-platform-operator] [62b15f4a] 01:00:40.085 [ReconcilerExecutor-hivemq-controller-116] DEBUG c.h.p.o.h.HiveMQPlatformReconcilerErrorHandler - [helmvolu] Pod 'test-hivemq-platform-1' condition 'PodReadyToStartContainers': False
2025-01-29 01:00:40,087 INFO c.h.h.t.HelmChartContainer - [hivemq-test-hivemq-platform] [hivemq-platform-operator] [62b15f4a] 01:00:40.085 [ReconcilerExecutor-hivemq-controller-116] DEBUG c.h.p.o.h.HiveMQPlatformReconcilerErrorHandler - [helmvolu] Pod 'test-hivemq-platform-1' condition 'Initialized': False
2025-01-29 01:00:40,087 INFO c.h.h.t.HelmChartContainer - [hivemq-test-hivemq-platform] [hivemq-platform-operator] [62b15f4a] 01:00:40.085 [ReconcilerExecutor-hivemq-controller-116] DEBUG c.h.p.o.h.HiveMQPlatformReconcilerErrorHandler - [helmvolu] Pod 'test-hivemq-platform-1' condition 'Ready': False
2025-01-29 01:00:40,087 INFO c.h.h.t.HelmChartContainer - [hivemq-test-hivemq-platform] [hivemq-platform-operator] [62b15f4a] 01:00:40.085 [ReconcilerExecutor-hivemq-controller-116] DEBUG c.h.p.o.h.HiveMQPlatformReconcilerErrorHandler - [helmvolu] Pod 'test-hivemq-platform-1' condition 'ContainersReady': False
2025-01-29 01:00:40,087 INFO c.h.h.t.HelmChartContainer - [hivemq-test-hivemq-platform] [hivemq-platform-operator] [62b15f4a] 01:00:40.085 [ReconcilerExecutor-hivemq-controller-116] DEBUG c.h.p.o.h.HiveMQPlatformReconcilerErrorHandler - [helmvolu] Pod 'test-hivemq-platform-1' condition 'PodScheduled': True
2025-01-29 01:00:40,087 INFO c.h.h.t.HelmChartContainer - [hivemq-test-hivemq-platform] [hivemq-platform-operator] [62b15f4a] 01:00:40.085 [ReconcilerExecutor-hivemq-controller-116] DEBUG c.h.p.o.h.HiveMQPlatformReconcilerErrorHandler - [helmvolu] Pod 'test-hivemq-platform-1' containerStatus 'hivemq' (started: false) (ready: false) (waiting: [PodInitializing] null)
2025-01-29 01:00:40,096 INFO c.h.h.t.HelmChartContainer - [hivemq-test-hivemq-platform] [hivemq-platform-operator] [62b15f4a] 01:00:40.093 [ReconcilerExecutor-hivemq-controller-116] DEBUG c.h.p.o.h.HiveMQPlatformReconcilerErrorHandler - [helmvolu] Pod 'test-hivemq-platform-0' phase Running
2025-01-29 01:00:40,097 INFO c.h.h.t.HelmChartContainer - [hivemq-test-hivemq-platform] [hivemq-platform-operator] [62b15f4a] 01:00:40.094 [ReconcilerExecutor-hivemq-controller-116] INFO  c.h.p.o.h.HiveMQPlatformReconcilerBaseHandler - [helmvolu] HiveMQ Platform is starting, 1 of 2 replicas are ready
2025-01-29 01:00:40,176 INFO c.h.h.t.HelmChartContainer - [K3S] [reconciler_common.go:251] "operationExecutor.VerifyControllerAttachedVolume started for volume \"pvc-269e796d-774f-45e9-98f2-e3b41618541e\" (UniqueName: \"kubernetes.io/local-volume/pvc-269e796d-774f-45e9-98f2-e3b41618541e\") pod \"test-hivemq-platform-1\" (UID: \"87ee406e-a8cc-40d6-b22e-7a5a0ba0ecf3\") " pod="helmvolumeclaimtemplatesit/test-hivemq-platform-1"
2025-01-29 01:00:40,176 INFO c.h.h.t.HelmChartContainer - [K3S] [reconciler_common.go:251] "operationExecutor.VerifyControllerAttachedVolume started for volume \"kube-api-access-phbfb\" (UniqueName: \"kubernetes.io/projected/87ee406e-a8cc-40d6-b22e-7a5a0ba0ecf3-kube-api-access-phbfb\") pod \"test-hivemq-platform-1\" (UID: \"87ee406e-a8cc-40d6-b22e-7a5a0ba0ecf3\") " pod="helmvolumeclaimtemplatesit/test-hivemq-platform-1"
2025-01-29 01:00:40,176 INFO c.h.h.t.HelmChartContainer - [K3S] [reconciler_common.go:251] "operationExecutor.VerifyControllerAttachedVolume started for volume \"operator-init\" (UniqueName: \"kubernetes.io/empty-dir/87ee406e-a8cc-40d6-b22e-7a5a0ba0ecf3-operator-init\") pod \"test-hivemq-platform-1\" (UID: \"87ee406e-a8cc-40d6-b22e-7a5a0ba0ecf3\") " pod="helmvolumeclaimtemplatesit/test-hivemq-platform-1"
2025-01-29 01:00:40,176 INFO c.h.h.t.HelmChartContainer - [K3S] [reconciler_common.go:251] "operationExecutor.VerifyControllerAttachedVolume started for volume \"pod-info\" (UniqueName: \"kubernetes.io/configmap/87ee406e-a8cc-40d6-b22e-7a5a0ba0ecf3-pod-info\") pod \"test-hivemq-platform-1\" (UID: \"87ee406e-a8cc-40d6-b22e-7a5a0ba0ecf3\") " pod="helmvolumeclaimtemplatesit/test-hivemq-platform-1"
2025-01-29 01:00:40,176 INFO c.h.h.t.HelmChartContainer - [K3S] [reconciler_common.go:251] "operationExecutor.VerifyControllerAttachedVolume started for volume \"broker-configuration\" (UniqueName: \"kubernetes.io/configmap/87ee406e-a8cc-40d6-b22e-7a5a0ba0ecf3-broker-configuration\") pod \"test-hivemq-platform-1\" (UID: \"87ee406e-a8cc-40d6-b22e-7a5a0ba0ecf3\") " pod="helmvolumeclaimtemplatesit/test-hivemq-platform-1"
2025-01-29 01:00:40,180 INFO c.h.h.t.HelmChartContainer - [hivemq-test-hivemq-platform] [hivemq-platform-operator] [62b15f4a] 01:00:40.178 [pool-6-thread-44] DEBUG c.h.p.o.d.PlatformServiceResource - [helmvolu] Desired Platform services (3 services)
2025-01-29 01:00:40,182 INFO c.h.h.t.HelmChartContainer - [hivemq-test-hivemq-platform] [hivemq-platform-operator] [62b15f4a] 01:00:40.179 [pool-6-thread-42] DEBUG c.h.p.o.dependants.PodInfoConfigMap - [helmvolu] Desired PodInfo ConfigMap (1 extensions) (1 enabled)
2025-01-29 01:00:40,182 INFO c.h.h.t.HelmChartContainer - [hivemq-test-hivemq-platform] [hivemq-platform-operator] [62b15f4a] 01:00:40.179 [pool-6-thread-42] DEBUG c.h.p.o.dependants.PodInfoConfigMap - [helmvolu] Desired PodInfo ConfigMap (metrics port: 9399) (metrics path: /)
2025-01-29 01:00:40,182 INFO c.h.h.t.HelmChartContainer - [hivemq-test-hivemq-platform] [hivemq-platform-operator] [62b15f4a] 01:00:40.179 [pool-6-thread-42] DEBUG c.h.p.o.dependants.PodInfoConfigMap - [helmvolu] Desired PodInfo ConfigMap (extension state hash: -1817474005)
2025-01-29 01:00:40,182 INFO c.h.h.t.HelmChartContainer - [hivemq-test-hivemq-platform] [hivemq-platform-operator] [62b15f4a] 01:00:40.179 [pool-6-thread-43] DEBUG c.h.p.o.d.PodServiceAccountResource - [helmvolu] Desired PodServiceAccountResource (serviceAccountName: hivemq-platform-pod-test-hivemq-platform)
2025-01-29 01:00:40,184 INFO c.h.h.t.HelmChartContainer - [hivemq-test-hivemq-platform] [hivemq-platform-operator] [62b15f4a] 01:00:40.183 [pool-6-thread-44] DEBUG c.h.p.o.d.StatefulSetResource - [helmvolu] Desired StatefulSet (2 replicas) for status STARTING (READY)
2025-01-29 01:00:40,188 INFO c.h.h.t.HelmChartContainer - [hivemq-test-hivemq-platform] [hivemq-platform-operator] [62b15f4a] 01:00:40.187 [ReconcilerExecutor-hivemq-controller-117] INFO  c.h.p.o.HiveMQPlatformReconciler - [helmvolu] Reconciling HiveMQ Platform 'test-hivemq-platform' in namespace 'helmvolumeclaimtemplatesit'
2025-01-29 01:00:40,188 INFO c.h.h.t.HelmChartContainer - [hivemq-test-hivemq-platform] [hivemq-platform-operator] [62b15f4a] 01:00:40.187 [ReconcilerExecutor-hivemq-controller-117] DEBUG c.h.p.o.HiveMQPlatformReconciler - [helmvolu] Custom Resource Status STARTING - HiveMQ Platform is starting (READY)
2025-01-29 01:00:40,188 INFO c.h.h.t.HelmChartContainer - [hivemq-test-hivemq-platform] [hivemq-platform-operator] [62b15f4a] 01:00:40.187 [ReconcilerExecutor-hivemq-controller-117] DEBUG c.h.p.o.HiveMQPlatformReconciler - [helmvolu] Custom Resource Spec (replicas: 2) (extensions: 1)
2025-01-29 01:00:40,190 INFO c.h.h.t.HelmChartContainer - [hivemq-test-hivemq-platform] [hivemq-platform-operator] [62b15f4a] 01:00:40.189 [ReconcilerExecutor-hivemq-controller-117] DEBUG c.h.p.o.HiveMQPlatformReconciler - [helmvolu] StatefulSet Status (revision: test-hivemq-platform-6c7bb94cbd, replicas: 2, available: 1, ready: 1, current: 2, updated: 2)
2025-01-29 01:00:40,190 INFO c.h.h.t.HelmChartContainer - [hivemq-test-hivemq-platform] [hivemq-platform-operator] [62b15f4a] 01:00:40.189 [ReconcilerExecutor-hivemq-controller-117] DEBUG c.h.p.o.HiveMQPlatformReconciler - [helmvolu] StatefulSet Spec (replicas: 2, init containers: 1, containers: 1, volumes: 4)
2025-01-29 01:00:40,194 INFO c.h.h.t.HelmChartContainer - [hivemq-test-hivemq-platform] [hivemq-platform-operator] [62b15f4a] 01:00:40.193 [ReconcilerExecutor-hivemq-controller-117] DEBUG c.h.p.o.h.HiveMQPlatformReconcilerErrorHandler - [helmvolu] Pod 'test-hivemq-platform-1' phase Pending
2025-01-29 01:00:40,194 INFO c.h.h.t.HelmChartContainer - [hivemq-test-hivemq-platform] [hivemq-platform-operator] [62b15f4a] 01:00:40.193 [ReconcilerExecutor-hivemq-controller-117] DEBUG c.h.p.o.h.HiveMQPlatformReconcilerErrorHandler - [helmvolu] Pod 'test-hivemq-platform-1' condition 'PodReadyToStartContainers': False
2025-01-29 01:00:40,195 INFO c.h.h.t.HelmChartContainer - [hivemq-test-hivemq-platform] [hivemq-platform-operator] [62b15f4a] 01:00:40.193 [ReconcilerExecutor-hivemq-controller-117] DEBUG c.h.p.o.h.HiveMQPlatformReconcilerErrorHandler - [helmvolu] Pod 'test-hivemq-platform-1' condition 'Initialized': False
2025-01-29 01:00:40,195 INFO c.h.h.t.HelmChartContainer - [hivemq-test-hivemq-platform] [hivemq-platform-operator] [62b15f4a] 01:00:40.193 [ReconcilerExecutor-hivemq-controller-117] DEBUG c.h.p.o.h.HiveMQPlatformReconcilerErrorHandler - [helmvolu] Pod 'test-hivemq-platform-1' condition 'Ready': False
2025-01-29 01:00:40,195 INFO c.h.h.t.HelmChartContainer - [hivemq-test-hivemq-platform] [hivemq-platform-operator] [62b15f4a] 01:00:40.193 [ReconcilerExecutor-hivemq-controller-117] DEBUG c.h.p.o.h.HiveMQPlatformReconcilerErrorHandler - [helmvolu] Pod 'test-hivemq-platform-1' condition 'ContainersReady': False
2025-01-29 01:00:40,195 INFO c.h.h.t.HelmChartContainer - [hivemq-test-hivemq-platform] [hivemq-platform-operator] [62b15f4a] 01:00:40.193 [ReconcilerExecutor-hivemq-controller-117] DEBUG c.h.p.o.h.HiveMQPlatformReconcilerErrorHandler - [helmvolu] Pod 'test-hivemq-platform-1' condition 'PodScheduled': True
2025-01-29 01:00:40,195 INFO c.h.h.t.HelmChartContainer - [hivemq-test-hivemq-platform] [hivemq-platform-operator] [62b15f4a] 01:00:40.193 [ReconcilerExecutor-hivemq-controller-117] DEBUG c.h.p.o.h.HiveMQPlatformReconcilerErrorHandler - [helmvolu] Pod 'test-hivemq-platform-1' containerStatus 'hivemq' (started: false) (ready: false) (waiting: [PodInitializing] null)
2025-01-29 01:00:40,196 INFO c.h.h.t.HelmChartContainer - [hivemq-test-hivemq-platform] [hivemq-platform-operator] [62b15f4a] 01:00:40.195 [ReconcilerExecutor-hivemq-controller-117] DEBUG c.h.p.o.h.HiveMQPlatformReconcilerErrorHandler - [helmvolu] Pod 'test-hivemq-platform-0' phase Running
2025-01-29 01:00:40,197 INFO c.h.h.t.HelmChartContainer - [hivemq-test-hivemq-platform] [hivemq-platform-operator] [62b15f4a] 01:00:40.196 [ReconcilerExecutor-hivemq-controller-117] INFO  c.h.p.o.h.HiveMQPlatformReconcilerBaseHandler - [helmvolu] HiveMQ Platform is starting, 1 of 2 replicas are ready
2025-01-29 01:00:40,425 INFO c.h.h.t.HelmChartContainer - [EVENT] Normal [Pulled] Container image "docker.io/hivemq/hivemq-platform-operator-init-test:snapshot" already present on machine [helmvolumeclaimtemplatesit:test-hivemq-platform-1]
2025-01-29 01:00:40,433 INFO c.h.h.t.HelmChartContainer - [EVENT] Normal [Created] Created container: hivemq-platform-operator-init [helmvolumeclaimtemplatesit:test-hivemq-platform-1]
2025-01-29 01:00:40,473 INFO c.h.h.t.HelmChartContainer - [EVENT] Normal [Started] Started container hivemq-platform-operator-init [helmvolumeclaimtemplatesit:test-hivemq-platform-1]
2025-01-29 01:00:40,950 INFO c.h.h.t.HelmChartContainer - [K3S] [kubelet_volumes.go:163] "Cleaned up orphaned pod volumes dir" podUID="7c7700f0-0e90-44c9-9a93-e1df7d1b6643" path="/var/lib/kubelet/pods/7c7700f0-0e90-44c9-9a93-e1df7d1b6643/volumes"
2025-01-29 01:00:41,271 INFO c.h.h.t.HelmChartContainer - [EVENT] Normal [Pulled] Container image "docker.io/hivemq/hivemq4:4.36.0" already present on machine [helmvolumeclaimtemplatesit:test-hivemq-platform-1]
2025-01-29 01:00:41,271 INFO c.h.h.t.HelmChartContainer - Received Pulled event for container hivemq in pod test-hivemq-platform-1 [87ee406e-a8cc-40d6-b22e-7a5a0ba0ecf3]
2025-01-29 01:00:41,281 INFO c.h.h.t.HelmChartContainer - [POD] test-hivemq-platform-1 [87ee406e-a8cc-40d6-b22e-7a5a0ba0ecf3] in helmvolumeclaimtemplatesit was MODIFIED
2025-01-29 01:00:41,299 INFO c.h.h.t.HelmChartContainer - [hivemq-test-hivemq-platform] [hivemq-platform-operator] [62b15f4a] 01:00:41.287 [pool-6-thread-5] DEBUG c.h.p.o.d.PodServiceAccountResource - [helmvolu] Desired PodServiceAccountResource (serviceAccountName: hivemq-platform-pod-test-hivemq-platform)
2025-01-29 01:00:41,299 INFO c.h.h.t.HelmChartContainer - [hivemq-test-hivemq-platform] [hivemq-platform-operator] [62b15f4a] 01:00:41.288 [pool-6-thread-3] DEBUG c.h.p.o.dependants.PodInfoConfigMap - [helmvolu] Desired PodInfo ConfigMap (1 extensions) (1 enabled)
2025-01-29 01:00:41,299 INFO c.h.h.t.HelmChartContainer - [hivemq-test-hivemq-platform] [hivemq-platform-operator] [62b15f4a] 01:00:41.288 [pool-6-thread-3] DEBUG c.h.p.o.dependants.PodInfoConfigMap - [helmvolu] Desired PodInfo ConfigMap (metrics port: 9399) (metrics path: /)
2025-01-29 01:00:41,299 INFO c.h.h.t.HelmChartContainer - [hivemq-test-hivemq-platform] [hivemq-platform-operator] [62b15f4a] 01:00:41.288 [pool-6-thread-3] DEBUG c.h.p.o.dependants.PodInfoConfigMap - [helmvolu] Desired PodInfo ConfigMap (extension state hash: -1817474005)
2025-01-29 01:00:41,299 INFO c.h.h.t.HelmChartContainer - [hivemq-test-hivemq-platform] [hivemq-platform-operator] [62b15f4a] 01:00:41.289 [pool-6-thread-7] DEBUG c.h.p.o.d.PlatformServiceResource - [helmvolu] Desired Platform services (3 services)
2025-01-29 01:00:41,301 INFO c.h.h.t.HelmChartContainer - [EVENT] Normal [Created] Created container: hivemq [helmvolumeclaimtemplatesit:test-hivemq-platform-1]
2025-01-29 01:00:41,302 INFO c.h.h.t.HelmChartContainer - Received Created event for container hivemq in pod test-hivemq-platform-1 [87ee406e-a8cc-40d6-b22e-7a5a0ba0ecf3]
2025-01-29 01:00:41,308 INFO c.h.h.t.HelmChartContainer - [hivemq-test-hivemq-platform] [hivemq-platform-operator] [62b15f4a] 01:00:41.297 [pool-6-thread-7] DEBUG c.h.p.o.d.StatefulSetResource - [helmvolu] Desired StatefulSet (2 replicas) for status STARTING (READY)
2025-01-29 01:00:41,380 INFO c.h.h.t.HelmChartContainer - [hivemq-test-hivemq-platform] [hivemq-platform-operator] [62b15f4a] 01:00:41.379 [ReconcilerExecutor-hivemq-controller-118] INFO  c.h.p.o.HiveMQPlatformReconciler - [helmvolu] Reconciling HiveMQ Platform 'test-hivemq-platform' in namespace 'helmvolumeclaimtemplatesit'
2025-01-29 01:00:41,381 INFO c.h.h.t.HelmChartContainer - [hivemq-test-hivemq-platform] [hivemq-platform-operator] [62b15f4a] 01:00:41.379 [ReconcilerExecutor-hivemq-controller-118] DEBUG c.h.p.o.HiveMQPlatformReconciler - [helmvolu] Custom Resource Status STARTING - HiveMQ Platform is starting (READY)
2025-01-29 01:00:41,381 INFO c.h.h.t.HelmChartContainer - [hivemq-test-hivemq-platform] [hivemq-platform-operator] [62b15f4a] 01:00:41.379 [ReconcilerExecutor-hivemq-controller-118] DEBUG c.h.p.o.HiveMQPlatformReconciler - [helmvolu] Custom Resource Spec (replicas: 2) (extensions: 1)
2025-01-29 01:00:41,385 INFO c.h.h.t.HelmChartContainer - [hivemq-test-hivemq-platform] [hivemq-platform-operator] [62b15f4a] 01:00:41.382 [ReconcilerExecutor-hivemq-controller-118] DEBUG c.h.p.o.HiveMQPlatformReconciler - [helmvolu] StatefulSet Status (revision: test-hivemq-platform-6c7bb94cbd, replicas: 2, available: 1, ready: 1, current: 2, updated: 2)
2025-01-29 01:00:41,386 INFO c.h.h.t.HelmChartContainer - [hivemq-test-hivemq-platform] [hivemq-platform-operator] [62b15f4a] 01:00:41.382 [ReconcilerExecutor-hivemq-controller-118] DEBUG c.h.p.o.HiveMQPlatformReconciler - [helmvolu] StatefulSet Spec (replicas: 2, init containers: 1, containers: 1, volumes: 4)
2025-01-29 01:00:41,386 INFO c.h.h.t.HelmChartContainer - [hivemq-test-hivemq-platform] [hivemq-platform-operator] [62b15f4a] 01:00:41.383 [ReconcilerExecutor-hivemq-controller-118] DEBUG c.h.p.o.h.HiveMQPlatformReconcilerErrorHandler - [helmvolu] Pod 'test-hivemq-platform-1' phase Pending
2025-01-29 01:00:41,386 INFO c.h.h.t.HelmChartContainer - [hivemq-test-hivemq-platform] [hivemq-platform-operator] [62b15f4a] 01:00:41.384 [ReconcilerExecutor-hivemq-controller-118] DEBUG c.h.p.o.h.HiveMQPlatformReconcilerErrorHandler - [helmvolu] Pod 'test-hivemq-platform-1' condition 'PodReadyToStartContainers': True
2025-01-29 01:00:41,388 INFO c.h.h.t.HelmChartContainer - [hivemq-test-hivemq-platform] [hivemq-platform-operator] [62b15f4a] 01:00:41.384 [ReconcilerExecutor-hivemq-controller-118] DEBUG c.h.p.o.h.HiveMQPlatformReconcilerErrorHandler - [helmvolu] Pod 'test-hivemq-platform-1' condition 'Initialized': True
2025-01-29 01:00:41,388 INFO c.h.h.t.HelmChartContainer - [hivemq-test-hivemq-platform] [hivemq-platform-operator] [62b15f4a] 01:00:41.384 [ReconcilerExecutor-hivemq-controller-118] DEBUG c.h.p.o.h.HiveMQPlatformReconcilerErrorHandler - [helmvolu] Pod 'test-hivemq-platform-1' condition 'Ready': False
2025-01-29 01:00:41,388 INFO c.h.h.t.HelmChartContainer - [hivemq-test-hivemq-platform] [hivemq-platform-operator] [62b15f4a] 01:00:41.384 [ReconcilerExecutor-hivemq-controller-118] DEBUG c.h.p.o.h.HiveMQPlatformReconcilerErrorHandler - [helmvolu] Pod 'test-hivemq-platform-1' condition 'ContainersReady': False
2025-01-29 01:00:41,388 INFO c.h.h.t.HelmChartContainer - [hivemq-test-hivemq-platform] [hivemq-platform-operator] [62b15f4a] 01:00:41.384 [ReconcilerExecutor-hivemq-controller-118] DEBUG c.h.p.o.h.HiveMQPlatformReconcilerErrorHandler - [helmvolu] Pod 'test-hivemq-platform-1' condition 'PodScheduled': True
2025-01-29 01:00:41,388 INFO c.h.h.t.HelmChartContainer - [hivemq-test-hivemq-platform] [hivemq-platform-operator] [62b15f4a] 01:00:41.384 [ReconcilerExecutor-hivemq-controller-118] DEBUG c.h.p.o.h.HiveMQPlatformReconcilerErrorHandler - [helmvolu] Pod 'test-hivemq-platform-1' containerStatus 'hivemq' (started: false) (ready: false) (waiting: [PodInitializing] null)
2025-01-29 01:00:41,388 INFO c.h.h.t.HelmChartContainer - [hivemq-test-hivemq-platform] [hivemq-platform-operator] [62b15f4a] 01:00:41.386 [ReconcilerExecutor-hivemq-controller-118] DEBUG c.h.p.o.h.HiveMQPlatformReconcilerErrorHandler - [helmvolu] Pod 'test-hivemq-platform-0' phase Running
2025-01-29 01:00:41,389 INFO c.h.h.t.HelmChartContainer - [hivemq-test-hivemq-platform] [hivemq-platform-operator] [62b15f4a] 01:00:41.387 [ReconcilerExecutor-hivemq-controller-118] INFO  c.h.p.o.h.HiveMQPlatformReconcilerBaseHandler - [helmvolu] HiveMQ Platform is starting, 1 of 2 replicas are ready
2025-01-29 01:00:42,281 INFO c.h.h.t.HelmChartContainer - [POD] test-hivemq-platform-1 [87ee406e-a8cc-40d6-b22e-7a5a0ba0ecf3] in helmvolumeclaimtemplatesit was MODIFIED
2025-01-29 01:00:42,292 INFO c.h.h.t.HelmChartContainer - Started log watcher for hivemq in pod test-hivemq-platform-1 [87ee406e-a8cc-40d6-b22e-7a5a0ba0ecf3]
2025-01-29 01:00:42,293 INFO c.h.h.t.HelmChartContainer - [test-hivemq-platform] [hivemq] [87ee406e] Adding pre-installed HiveMQ Platform Operator extensions
2025-01-29 01:00:42,293 INFO c.h.h.t.HelmChartContainer - [test-hivemq-platform] [hivemq] [87ee406e] Running as user 10000
2025-01-29 01:00:42,292 INFO c.h.h.t.HelmChartContainer - [EVENT] Normal [Started] Started container hivemq [helmvolumeclaimtemplatesit:test-hivemq-platform-1]
2025-01-29 01:00:42,294 INFO c.h.h.t.HelmChartContainer - Received Started event for container hivemq in pod test-hivemq-platform-1 [87ee406e-a8cc-40d6-b22e-7a5a0ba0ecf3]
2025-01-29 01:00:42,294 INFO c.h.h.t.HelmChartContainer - [test-hivemq-platform] [hivemq] [87ee406e] Starting HiveMQ Platform Operator Init
2025-01-29 01:00:42,297 INFO c.h.h.t.HelmChartContainer - [hivemq-test-hivemq-platform] [hivemq-platform-operator] [62b15f4a] 01:00:42.292 [pool-6-thread-12] DEBUG c.h.p.o.dependants.PodInfoConfigMap - [helmvolu] Desired PodInfo ConfigMap (1 extensions) (1 enabled)
2025-01-29 01:00:42,298 INFO c.h.h.t.HelmChartContainer - [hivemq-test-hivemq-platform] [hivemq-platform-operator] [62b15f4a] 01:00:42.292 [pool-6-thread-12] DEBUG c.h.p.o.dependants.PodInfoConfigMap - [helmvolu] Desired PodInfo ConfigMap (metrics port: 9399) (metrics path: /)
2025-01-29 01:00:42,298 INFO c.h.h.t.HelmChartContainer - [hivemq-test-hivemq-platform] [hivemq-platform-operator] [62b15f4a] 01:00:42.292 [pool-6-thread-12] DEBUG c.h.p.o.dependants.PodInfoConfigMap - [helmvolu] Desired PodInfo ConfigMap (extension state hash: -1817474005)
2025-01-29 01:00:42,299 INFO c.h.h.t.HelmChartContainer - [hivemq-test-hivemq-platform] [hivemq-platform-operator] [62b15f4a] 01:00:42.295 [pool-6-thread-18] DEBUG c.h.p.o.d.PlatformServiceResource - [helmvolu] Desired Platform services (3 services)
2025-01-29 01:00:42,299 INFO c.h.h.t.HelmChartContainer - [hivemq-test-hivemq-platform] [hivemq-platform-operator] [62b15f4a] 01:00:42.295 [pool-6-thread-20] DEBUG c.h.p.o.d.PodServiceAccountResource - [helmvolu] Desired PodServiceAccountResource (serviceAccountName: hivemq-platform-pod-test-hivemq-platform)
2025-01-29 01:00:42,303 INFO c.h.h.t.HelmChartContainer - [hivemq-test-hivemq-platform] [hivemq-platform-operator] [62b15f4a] 01:00:42.301 [pool-6-thread-18] DEBUG c.h.p.o.d.StatefulSetResource - [helmvolu] Desired StatefulSet (2 replicas) for status STARTING (READY)
2025-01-29 01:00:42,379 INFO c.h.h.t.HelmChartContainer - [hivemq-test-hivemq-platform] [hivemq-platform-operator] [62b15f4a] 01:00:42.378 [ReconcilerExecutor-hivemq-controller-119] INFO  c.h.p.o.HiveMQPlatformReconciler - [helmvolu] Reconciling HiveMQ Platform 'test-hivemq-platform' in namespace 'helmvolumeclaimtemplatesit'
2025-01-29 01:00:42,379 INFO c.h.h.t.HelmChartContainer - [hivemq-test-hivemq-platform] [hivemq-platform-operator] [62b15f4a] 01:00:42.378 [ReconcilerExecutor-hivemq-controller-119] DEBUG c.h.p.o.HiveMQPlatformReconciler - [helmvolu] Custom Resource Status STARTING - HiveMQ Platform is starting (READY)
2025-01-29 01:00:42,379 INFO c.h.h.t.HelmChartContainer - [hivemq-test-hivemq-platform] [hivemq-platform-operator] [62b15f4a] 01:00:42.378 [ReconcilerExecutor-hivemq-controller-119] DEBUG c.h.p.o.HiveMQPlatformReconciler - [helmvolu] Custom Resource Spec (replicas: 2) (extensions: 1)
2025-01-29 01:00:42,382 INFO c.h.h.t.HelmChartContainer - [hivemq-test-hivemq-platform] [hivemq-platform-operator] [62b15f4a] 01:00:42.380 [ReconcilerExecutor-hivemq-controller-119] DEBUG c.h.p.o.HiveMQPlatformReconciler - [helmvolu] StatefulSet Status (revision: test-hivemq-platform-6c7bb94cbd, replicas: 2, available: 1, ready: 1, current: 2, updated: 2)
2025-01-29 01:00:42,383 INFO c.h.h.t.HelmChartContainer - [hivemq-test-hivemq-platform] [hivemq-platform-operator] [62b15f4a] 01:00:42.380 [ReconcilerExecutor-hivemq-controller-119] DEBUG c.h.p.o.HiveMQPlatformReconciler - [helmvolu] StatefulSet Spec (replicas: 2, init containers: 1, containers: 1, volumes: 4)
2025-01-29 01:00:42,384 INFO c.h.h.t.HelmChartContainer - [hivemq-test-hivemq-platform] [hivemq-platform-operator] [62b15f4a] 01:00:42.381 [ReconcilerExecutor-hivemq-controller-119] DEBUG c.h.p.o.h.HiveMQPlatformReconcilerErrorHandler - [helmvolu] Pod 'test-hivemq-platform-1' phase Running
2025-01-29 01:00:42,385 INFO c.h.h.t.HelmChartContainer - [hivemq-test-hivemq-platform] [hivemq-platform-operator] [62b15f4a] 01:00:42.382 [ReconcilerExecutor-hivemq-controller-119] DEBUG c.h.p.o.h.HiveMQPlatformReconcilerErrorHandler - [helmvolu] Pod 'test-hivemq-platform-0' phase Running
2025-01-29 01:00:42,385 INFO c.h.h.t.HelmChartContainer - [hivemq-test-hivemq-platform] [hivemq-platform-operator] [62b15f4a] 01:00:42.383 [ReconcilerExecutor-hivemq-controller-119] INFO  c.h.p.o.h.HiveMQPlatformReconcilerBaseHandler - [helmvolu] HiveMQ Platform is starting, 1 of 2 replicas are ready
2025-01-29 01:00:42,551 INFO c.h.h.t.HelmChartContainer - [test-hivemq-platform] [hivemq] [87ee406e] INFO  - [HiveMQ Platform Operator Init 1.7.0-SNAPSHOT] HiveMQ Platform Operator Init 1.7.0-SNAPSHOT (commit: bebf408 on branch: HEAD) built on Sun Jan 26 20:47:47 UTC 2025
2025-01-29 01:00:43,678 INFO c.h.h.t.HelmChartContainer - [test-hivemq-platform] [hivemq] [87ee406e] INFO  - [HiveMQ Platform Operator Init App 1.7.0-SNAPSHOT] Using bind address 10.42.0.11 from environment variable
2025-01-29 01:00:44,645 INFO c.h.h.t.HelmChartContainer - [test-hivemq-platform] [hivemq] [87ee406e] INFO  - [HiveMQ Platform Operator Init App 1.7.0-SNAPSHOT] HiveMQ Platform Operator Init App 1.7.0-SNAPSHOT (commit: bebf408 on branch: HEAD) built on Sun Jan 26 20:47:47 UTC 2025
2025-01-29 01:00:44,646 INFO c.h.h.t.HelmChartContainer - [test-hivemq-platform] [hivemq] [87ee406e] INFO  - [HiveMQ Platform Operator Init App 1.7.0-SNAPSHOT] PodInfo ConfigMap directory: /etc/podinfo
2025-01-29 01:00:44,646 INFO c.h.h.t.HelmChartContainer - [test-hivemq-platform] [hivemq] [87ee406e] INFO  - [HiveMQ Platform Operator Init App 1.7.0-SNAPSHOT] HiveMQ home directory: /opt/hivemq
2025-01-29 01:00:44,646 INFO c.h.h.t.HelmChartContainer - [test-hivemq-platform] [hivemq] [87ee406e] INFO  - [HiveMQ Platform Operator Init App 1.7.0-SNAPSHOT] HiveMQ Logback folder: /opt/hivemq/conf
2025-01-29 01:00:44,646 INFO c.h.h.t.HelmChartContainer - [test-hivemq-platform] [hivemq] [87ee406e] INFO  - [HiveMQ Platform Operator Init App 1.7.0-SNAPSHOT] HiveMQ Config folder: /opt/hivemq/conf-k8s
2025-01-29 01:00:44,647 INFO c.h.h.t.HelmChartContainer - [test-hivemq-platform] [hivemq] [87ee406e] INFO  - [HiveMQ Platform Operator Init App 1.7.0-SNAPSHOT] Starting HiveMQ Platform Operator Init App
2025-01-29 01:00:44,647 INFO c.h.h.t.HelmChartContainer - [test-hivemq-platform] [hivemq] [87ee406e] INFO  - [HiveMQ Platform Operator Init App 1.7.0-SNAPSHOT] Starting Pod reconciler
2025-01-29 01:00:45,843 INFO c.h.h.t.HelmChartContainer - [test-hivemq-platform] [hivemq] [87ee406e] INFO  - [HiveMQ Platform Operator Init App 1.7.0-SNAPSHOT] Pod reconciler is scheduled (interval: 5000 ms)
2025-01-29 01:00:45,844 INFO c.h.h.t.HelmChartContainer - [test-hivemq-platform] [hivemq] [87ee406e] INFO  - [HiveMQ Platform Operator Init App 1.7.0-SNAPSHOT] Starting the REST API on 10.42.0.11:7979
2025-01-29 01:00:45,847 INFO c.h.h.t.HelmChartContainer - [test-hivemq-platform] [hivemq] [87ee406e] INFO  - [HiveMQ Platform Operator Init App 1.7.0-SNAPSHOT] Waiting up to 600s for at most 2 HiveMQ nodes in cluster service hivemq-test-hivemq-platform-cluster.helmvolumeclaimtemplatesit.svc
2025-01-29 01:00:46,155 INFO c.h.h.t.HelmChartContainer - [test-hivemq-platform] [hivemq] [87ee406e] INFO  - [HiveMQ Platform Operator Init App 1.7.0-SNAPSHOT] Resolved 2 IP addresses: [10.42.0.9, 10.42.0.11]
2025-01-29 01:00:46,155 INFO c.h.h.t.HelmChartContainer - [test-hivemq-platform] [hivemq] [87ee406e] INFO  - [HiveMQ Platform Operator Init App 1.7.0-SNAPSHOT] HiveMQ node count of 2 is within threshold of 2
2025-01-29 01:00:46,155 INFO c.h.h.t.HelmChartContainer - [test-hivemq-platform] [hivemq] [87ee406e] INFO  - [HiveMQ Platform Operator Init App 1.7.0-SNAPSHOT] Proceeding with container start
2025-01-29 01:00:46,261 INFO c.h.h.t.HelmChartContainer - [test-hivemq-platform] [hivemq] [87ee406e] INFO  - [HiveMQ Platform Operator Init App 1.7.0-SNAPSHOT] Initializing HiveMQ Platform extensions with initial configuration: {hivemq-allow-all-extension={start-priority=-1, skip-https-hostname-verification=false, restart=true, config-version=0, header-version=0, c-uri=, priority=-1, uri=preinstalled, skip-https-certificate-validation=false, enabled=true}, hivemq-prometheus-extension={restart=true, enabled=true, request-header-path=no-request-headers, uri=preinstalled, skip-https-certificate-validation=false, skip-https-hostname-verification=false, c-uri=, start-priority=-1, priority=-1}}
2025-01-29 01:00:46,742 INFO c.h.h.t.HelmChartContainer - [test-hivemq-platform] [hivemq] [87ee406e] INFO  - [HiveMQ Platform Operator Init App 1.7.0-SNAPSHOT] Extension hivemq-allow-all-extension was already enabled
2025-01-29 01:00:46,754 INFO c.h.h.t.HelmChartContainer - [test-hivemq-platform] [hivemq] [87ee406e] INFO  - [HiveMQ Platform Operator Init App 1.7.0-SNAPSHOT] Successfully enabled extension hivemq-prometheus-extension
2025-01-29 01:00:46,756 INFO c.h.h.t.HelmChartContainer - [test-hivemq-platform] [hivemq] [87ee406e] INFO  - [HiveMQ Platform Operator Init App 1.7.0-SNAPSHOT] Starting HiveMQ Platform version 4.36.0 (4.36.0)
2025-01-29 01:00:46,757 INFO c.h.h.t.HelmChartContainer - [test-hivemq-platform] [hivemq] [87ee406e] INFO  - [HiveMQ Platform Operator Init App 1.7.0-SNAPSHOT] Configuring the HiveMQ Platform
2025-01-29 01:00:46,849 INFO c.h.h.t.HelmChartContainer - [test-hivemq-platform] [hivemq] [87ee406e] INFO  - [HiveMQ Platform Operator Init App 1.7.0-SNAPSHOT] Changed logback.xml file scan period to 20 seconds
2025-01-29 01:00:46,946 INFO c.h.h.t.HelmChartContainer - [test-hivemq-platform] [hivemq] [87ee406e] INFO  - [HiveMQ Platform Operator Init App 1.7.0-SNAPSHOT] Starting the HiveMQ Platform
2025-01-29 01:00:46,950 INFO c.h.h.t.HelmChartContainer - [test-hivemq-platform] [hivemq] [87ee406e] -------------------------------------------------------------------------
2025-01-29 01:00:46,950 INFO c.h.h.t.HelmChartContainer - [test-hivemq-platform] [hivemq] [87ee406e] 
2025-01-29 01:00:46,950 INFO c.h.h.t.HelmChartContainer - [test-hivemq-platform] [hivemq] [87ee406e]                   _    _  _              __  __   ____
2025-01-29 01:00:46,950 INFO c.h.h.t.HelmChartContainer - [test-hivemq-platform] [hivemq] [87ee406e]                  | |  | |(_)            |  \/  | / __ \
2025-01-29 01:00:46,950 INFO c.h.h.t.HelmChartContainer - [test-hivemq-platform] [hivemq] [87ee406e]                  | |__| | _ __   __ ___ | \  / || |  | |
2025-01-29 01:00:46,950 INFO c.h.h.t.HelmChartContainer - [test-hivemq-platform] [hivemq] [87ee406e]                  |  __  || |\ \ / // _ \| |\/| || |  | |
2025-01-29 01:00:46,950 INFO c.h.h.t.HelmChartContainer - [test-hivemq-platform] [hivemq] [87ee406e]                  | |  | || | \ V /|  __/| |  | || |__| |
2025-01-29 01:00:46,950 INFO c.h.h.t.HelmChartContainer - [test-hivemq-platform] [hivemq] [87ee406e]                  |_|  |_||_|  \_/  \___||_|  |_| \___\_\
2025-01-29 01:00:46,950 INFO c.h.h.t.HelmChartContainer - [test-hivemq-platform] [hivemq] [87ee406e] 
2025-01-29 01:00:46,950 INFO c.h.h.t.HelmChartContainer - [test-hivemq-platform] [hivemq] [87ee406e] -------------------------------------------------------------------------
2025-01-29 01:00:46,950 INFO c.h.h.t.HelmChartContainer - [test-hivemq-platform] [hivemq] [87ee406e] 
2025-01-29 01:00:46,950 INFO c.h.h.t.HelmChartContainer - [test-hivemq-platform] [hivemq] [87ee406e]   HiveMQ Start Script for Linux/Unix v1.14
2025-01-29 01:00:46,950 INFO c.h.h.t.HelmChartContainer - [test-hivemq-platform] [hivemq] [87ee406e] 
2025-01-29 01:00:47,050 INFO c.h.h.t.HelmChartContainer - [test-hivemq-platform] [hivemq] [87ee406e] -------------------------------------------------------------------------
2025-01-29 01:00:47,050 INFO c.h.h.t.HelmChartContainer - [test-hivemq-platform] [hivemq] [87ee406e] 
2025-01-29 01:00:47,050 INFO c.h.h.t.HelmChartContainer - [test-hivemq-platform] [hivemq] [87ee406e]   HIVEMQ_HOME: /opt/hivemq
2025-01-29 01:00:47,050 INFO c.h.h.t.HelmChartContainer - [test-hivemq-platform] [hivemq] [87ee406e] 
2025-01-29 01:00:47,050 INFO c.h.h.t.HelmChartContainer - [test-hivemq-platform] [hivemq] [87ee406e]   JAVA_OPTS: -XX:+UnlockExperimentalVMOptions -XX:InitialRAMPercentage=50 -XX:MaxRAMPercentage=50 -Djava.net.preferIPv4Stack=true --add-opens java.base/java.lang=ALL-UNNAMED --add-opens java.base/java.nio=ALL-UNNAMED --add-opens java.base/sun.nio.ch=ALL-UNNAMED --add-opens jdk.management/com.sun.management.internal=ALL-UNNAMED --add-exports java.base/jdk.internal.misc=ALL-UNNAMED -Djava.security.egd=file:/dev/./urandom -Dcom.sun.management.jmxremote -Dcom.sun.management.jmxremote.port=9010 -Dcom.sun.management.jmxremote.local.only=false -Dcom.sun.management.jmxremote.authenticate=false -Dcom.sun.management.jmxremote.ssl=false -Duser.language=en -Duser.region=US -XX:+CrashOnOutOfMemoryError -XX:+HeapDumpOnOutOfMemoryError
2025-01-29 01:00:47,050 INFO c.h.h.t.HelmChartContainer - [test-hivemq-platform] [hivemq] [87ee406e] 
2025-01-29 01:00:47,050 INFO c.h.h.t.HelmChartContainer - [test-hivemq-platform] [hivemq] [87ee406e]   JAVA_VERSION: 21
2025-01-29 01:00:47,050 INFO c.h.h.t.HelmChartContainer - [test-hivemq-platform] [hivemq] [87ee406e] 
2025-01-29 01:00:47,050 INFO c.h.h.t.HelmChartContainer - [test-hivemq-platform] [hivemq] [87ee406e] -------------------------------------------------------------------------
2025-01-29 01:00:47,050 INFO c.h.h.t.HelmChartContainer - [test-hivemq-platform] [hivemq] [87ee406e] 
2025-01-29 01:00:48,349 INFO c.h.h.t.HelmChartContainer - [test-hivemq-platform] [hivemq] [87ee406e] INFO  - [HiveMQ Platform Operator Init App 1.7.0-SNAPSHOT] Returning default Health API response 503 for readiness
2025-01-29 01:00:48,749 INFO c.h.h.t.HelmChartContainer - [EVENT] Warning [Unhealthy] Readiness probe failed: HTTP probe failed with statuscode: 503 [helmvolumeclaimtemplatesit:test-hivemq-platform-1]
2025-01-29 01:00:48,749 INFO c.h.h.t.HelmChartContainer - Received Unhealthy event for container hivemq in pod test-hivemq-platform-1 [87ee406e-a8cc-40d6-b22e-7a5a0ba0ecf3]
2025-01-29 01:00:49,653 INFO c.h.h.t.HelmChartContainer - [test-hivemq-platform] [hivemq] [87ee406e] INFO  - Starting HiveMQ Enterprise Server
2025-01-29 01:00:49,659 INFO c.h.h.t.HelmChartContainer - [test-hivemq-platform] [hivemq] [87ee406e] INFO  - HiveMQ version: 4.36.0
2025-01-29 01:00:49,661 INFO c.h.h.t.HelmChartContainer - [test-hivemq-platform] [hivemq] [87ee406e] INFO  - HiveMQ home directory: /opt/hivemq
2025-01-29 01:00:49,661 INFO c.h.h.t.HelmChartContainer - [test-hivemq-platform] [hivemq] [87ee406e] INFO  - Log Configuration was overridden by /opt/hivemq/conf/logback.xml
2025-01-29 01:00:50,950 INFO c.h.h.t.HelmChartContainer - [test-hivemq-platform] [hivemq] [87ee406e] INFO  - Successfully loaded configuration from '/opt/hivemq/conf-k8s/config.xml'.
2025-01-29 01:00:51,553 INFO c.h.h.t.HelmChartContainer - [test-hivemq-platform] [hivemq] [87ee406e] INFO  - This node's ID is CoqyU
2025-01-29 01:00:51,554 INFO c.h.h.t.HelmChartContainer - [test-hivemq-platform] [hivemq] [87ee406e] INFO  - Clustering is enabled
2025-01-29 01:00:52,387 INFO c.h.h.t.HelmChartContainer - [hivemq-test-hivemq-platform] [hivemq-platform-operator] [62b15f4a] 01:00:52.386 [pool-6-thread-28] DEBUG c.h.p.o.d.PlatformServiceResource - [helmvolu] Desired Platform services (3 services)
2025-01-29 01:00:52,388 INFO c.h.h.t.HelmChartContainer - [hivemq-test-hivemq-platform] [hivemq-platform-operator] [62b15f4a] 01:00:52.387 [pool-6-thread-27] DEBUG c.h.p.o.dependants.PodInfoConfigMap - [helmvolu] Desired PodInfo ConfigMap (1 extensions) (1 enabled)
2025-01-29 01:00:52,389 INFO c.h.h.t.HelmChartContainer - [hivemq-test-hivemq-platform] [hivemq-platform-operator] [62b15f4a] 01:00:52.387 [pool-6-thread-27] DEBUG c.h.p.o.dependants.PodInfoConfigMap - [helmvolu] Desired PodInfo ConfigMap (metrics port: 9399) (metrics path: /)
2025-01-29 01:00:52,389 INFO c.h.h.t.HelmChartContainer - [hivemq-test-hivemq-platform] [hivemq-platform-operator] [62b15f4a] 01:00:52.387 [pool-6-thread-27] DEBUG c.h.p.o.dependants.PodInfoConfigMap - [helmvolu] Desired PodInfo ConfigMap (extension state hash: -1817474005)
2025-01-29 01:00:52,389 INFO c.h.h.t.HelmChartContainer - [hivemq-test-hivemq-platform] [hivemq-platform-operator] [62b15f4a] 01:00:52.387 [pool-6-thread-25] DEBUG c.h.p.o.d.PodServiceAccountResource - [helmvolu] Desired PodServiceAccountResource (serviceAccountName: hivemq-platform-pod-test-hivemq-platform)
2025-01-29 01:00:52,396 INFO c.h.h.t.HelmChartContainer - [hivemq-test-hivemq-platform] [hivemq-platform-operator] [62b15f4a] 01:00:52.395 [pool-6-thread-28] DEBUG c.h.p.o.d.StatefulSetResource - [helmvolu] Desired StatefulSet (2 replicas) for status STARTING (READY)
2025-01-29 01:00:52,400 INFO c.h.h.t.HelmChartContainer - [hivemq-test-hivemq-platform] [hivemq-platform-operator] [62b15f4a] 01:00:52.399 [ReconcilerExecutor-hivemq-controller-120] INFO  c.h.p.o.HiveMQPlatformReconciler - [helmvolu] Reconciling HiveMQ Platform 'test-hivemq-platform' in namespace 'helmvolumeclaimtemplatesit'
2025-01-29 01:00:52,401 INFO c.h.h.t.HelmChartContainer - [hivemq-test-hivemq-platform] [hivemq-platform-operator] [62b15f4a] 01:00:52.399 [ReconcilerExecutor-hivemq-controller-120] DEBUG c.h.p.o.HiveMQPlatformReconciler - [helmvolu] Custom Resource Status STARTING - HiveMQ Platform is starting (READY)
2025-01-29 01:00:52,401 INFO c.h.h.t.HelmChartContainer - [hivemq-test-hivemq-platform] [hivemq-platform-operator] [62b15f4a] 01:00:52.399 [ReconcilerExecutor-hivemq-controller-120] DEBUG c.h.p.o.HiveMQPlatformReconciler - [helmvolu] Custom Resource Spec (replicas: 2) (extensions: 1)
2025-01-29 01:00:52,402 INFO c.h.h.t.HelmChartContainer - [hivemq-test-hivemq-platform] [hivemq-platform-operator] [62b15f4a] 01:00:52.401 [ReconcilerExecutor-hivemq-controller-120] DEBUG c.h.p.o.HiveMQPlatformReconciler - [helmvolu] StatefulSet Status (revision: test-hivemq-platform-6c7bb94cbd, replicas: 2, available: 1, ready: 1, current: 2, updated: 2)
2025-01-29 01:00:52,402 INFO c.h.h.t.HelmChartContainer - [hivemq-test-hivemq-platform] [hivemq-platform-operator] [62b15f4a] 01:00:52.401 [ReconcilerExecutor-hivemq-controller-120] DEBUG c.h.p.o.HiveMQPlatformReconciler - [helmvolu] StatefulSet Spec (replicas: 2, init containers: 1, containers: 1, volumes: 4)
2025-01-29 01:00:52,406 INFO c.h.h.t.HelmChartContainer - [hivemq-test-hivemq-platform] [hivemq-platform-operator] [62b15f4a] 01:00:52.404 [ReconcilerExecutor-hivemq-controller-120] DEBUG c.h.p.o.h.HiveMQPlatformReconcilerErrorHandler - [helmvolu] Pod 'test-hivemq-platform-1' phase Running
2025-01-29 01:00:52,407 INFO c.h.h.t.HelmChartContainer - [hivemq-test-hivemq-platform] [hivemq-platform-operator] [62b15f4a] 01:00:52.406 [ReconcilerExecutor-hivemq-controller-120] DEBUG c.h.p.o.h.HiveMQPlatformReconcilerErrorHandler - [helmvolu] Pod 'test-hivemq-platform-0' phase Running
2025-01-29 01:00:52,479 INFO c.h.h.t.HelmChartContainer - [hivemq-test-hivemq-platform] [hivemq-platform-operator] [62b15f4a] 01:00:52.478 [ReconcilerExecutor-hivemq-controller-120] INFO  c.h.p.o.h.HiveMQPlatformReconcilerBaseHandler - [helmvolu] HiveMQ Platform is starting, 1 of 2 replicas are ready
2025-01-29 01:00:52,533 INFO c.h.h.t.HelmChartContainer - [test-hivemq-platform] [hivemq] [605aab2b] INFO  - [HiveMQ Platform Operator Init App 1.7.0-SNAPSHOT] Returning Health API response 200 for liveness
2025-01-29 01:00:53,751 INFO c.h.h.t.HelmChartContainer - [test-hivemq-platform] [hivemq] [87ee406e] WARN  - [HiveMQ Platform Operator Init App 1.7.0-SNAPSHOT] Cannot connect to Health API for readiness: null
2025-01-29 01:00:53,757 INFO c.h.h.t.HelmChartContainer - [EVENT] Warning [Unhealthy] Readiness probe failed: HTTP probe failed with statuscode: 503 [helmvolumeclaimtemplatesit:test-hivemq-platform-1]
2025-01-29 01:00:53,757 INFO c.h.h.t.HelmChartContainer - Received Unhealthy event for container hivemq in pod test-hivemq-platform-1 [87ee406e-a8cc-40d6-b22e-7a5a0ba0ecf3]
2025-01-29 01:00:57,050 INFO c.h.h.t.HelmChartContainer - [test-hivemq-platform] [hivemq] [87ee406e] Jan 29, 2025 1:00:57 AM io.vertx.core.impl.BlockedThreadChecker
2025-01-29 01:00:57,050 INFO c.h.h.t.HelmChartContainer - [test-hivemq-platform] [hivemq] [87ee406e] WARNING: Thread Thread[vert.x-eventloop-thread-1,5,main] has been blocked for 2600 ms, time limit is 2000 ms
2025-01-29 01:00:57,553 INFO c.h.h.t.HelmChartContainer - [test-hivemq-platform] [hivemq] [87ee406e] INFO  - [HiveMQ Platform Operator Init App 1.7.0-SNAPSHOT] Updating Pod HiveMQ Platform Operator Init App version annotation (version: 1.7.0-SNAPSHOT)
2025-01-29 01:00:58,067 INFO c.h.h.t.HelmChartContainer - [POD] test-hivemq-platform-1 [87ee406e-a8cc-40d6-b22e-7a5a0ba0ecf3] in helmvolumeclaimtemplatesit was MODIFIED
2025-01-29 01:00:58,071 INFO c.h.h.t.HelmChartContainer - [hivemq-test-hivemq-platform] [hivemq-platform-operator] [62b15f4a] 01:00:58.070 [pool-6-thread-34] DEBUG c.h.p.o.d.PlatformServiceResource - [helmvolu] Desired Platform services (3 services)
2025-01-29 01:00:58,074 INFO c.h.h.t.HelmChartContainer - [hivemq-test-hivemq-platform] [hivemq-platform-operator] [62b15f4a] 01:00:58.072 [pool-6-thread-33] DEBUG c.h.p.o.d.PodServiceAccountResource - [helmvolu] Desired PodServiceAccountResource (serviceAccountName: hivemq-platform-pod-test-hivemq-platform)
2025-01-29 01:00:58,075 INFO c.h.h.t.HelmChartContainer - [hivemq-test-hivemq-platform] [hivemq-platform-operator] [62b15f4a] 01:00:58.071 [pool-6-thread-31] DEBUG c.h.p.o.dependants.PodInfoConfigMap - [helmvolu] Desired PodInfo ConfigMap (1 extensions) (1 enabled)
2025-01-29 01:00:58,075 INFO c.h.h.t.HelmChartContainer - [hivemq-test-hivemq-platform] [hivemq-platform-operator] [62b15f4a] 01:00:58.074 [pool-6-thread-31] DEBUG c.h.p.o.dependants.PodInfoConfigMap - [helmvolu] Desired PodInfo ConfigMap (metrics port: 9399) (metrics path: /)
2025-01-29 01:00:58,075 INFO c.h.h.t.HelmChartContainer - [hivemq-test-hivemq-platform] [hivemq-platform-operator] [62b15f4a] 01:00:58.074 [pool-6-thread-31] DEBUG c.h.p.o.dependants.PodInfoConfigMap - [helmvolu] Desired PodInfo ConfigMap (extension state hash: -1817474005)
2025-01-29 01:00:58,077 INFO c.h.h.t.HelmChartContainer - [hivemq-test-hivemq-platform] [hivemq-platform-operator] [62b15f4a] 01:00:58.076 [pool-6-thread-31] DEBUG c.h.p.o.d.StatefulSetResource - [helmvolu] Desired StatefulSet (2 replicas) for status STARTING (READY)
2025-01-29 01:00:58,081 INFO c.h.h.t.HelmChartContainer - [hivemq-test-hivemq-platform] [hivemq-platform-operator] [62b15f4a] 01:00:58.079 [ReconcilerExecutor-hivemq-controller-121] INFO  c.h.p.o.HiveMQPlatformReconciler - [helmvolu] Reconciling HiveMQ Platform 'test-hivemq-platform' in namespace 'helmvolumeclaimtemplatesit'
2025-01-29 01:00:58,081 INFO c.h.h.t.HelmChartContainer - [hivemq-test-hivemq-platform] [hivemq-platform-operator] [62b15f4a] 01:00:58.079 [ReconcilerExecutor-hivemq-controller-121] DEBUG c.h.p.o.HiveMQPlatformReconciler - [helmvolu] Custom Resource Status STARTING - HiveMQ Platform is starting (READY)
2025-01-29 01:00:58,081 INFO c.h.h.t.HelmChartContainer - [hivemq-test-hivemq-platform] [hivemq-platform-operator] [62b15f4a] 01:00:58.079 [ReconcilerExecutor-hivemq-controller-121] DEBUG c.h.p.o.HiveMQPlatformReconciler - [helmvolu] Custom Resource Spec (replicas: 2) (extensions: 1)
2025-01-29 01:00:58,081 INFO c.h.h.t.HelmChartContainer - [hivemq-test-hivemq-platform] [hivemq-platform-operator] [62b15f4a] 01:00:58.080 [ReconcilerExecutor-hivemq-controller-121] DEBUG c.h.p.o.HiveMQPlatformReconciler - [helmvolu] StatefulSet Status (revision: test-hivemq-platform-6c7bb94cbd, replicas: 2, available: 1, ready: 1, current: 2, updated: 2)
2025-01-29 01:00:58,081 INFO c.h.h.t.HelmChartContainer - [hivemq-test-hivemq-platform] [hivemq-platform-operator] [62b15f4a] 01:00:58.080 [ReconcilerExecutor-hivemq-controller-121] DEBUG c.h.p.o.HiveMQPlatformReconciler - [helmvolu] StatefulSet Spec (replicas: 2, init containers: 1, containers: 1, volumes: 4)
2025-01-29 01:00:58,082 INFO c.h.h.t.HelmChartContainer - [hivemq-test-hivemq-platform] [hivemq-platform-operator] [62b15f4a] 01:00:58.081 [ReconcilerExecutor-hivemq-controller-121] DEBUG c.h.p.o.h.HiveMQPlatformReconcilerErrorHandler - [helmvolu] Pod 'test-hivemq-platform-1' phase Running
2025-01-29 01:00:58,084 INFO c.h.h.t.HelmChartContainer - [hivemq-test-hivemq-platform] [hivemq-platform-operator] [62b15f4a] 01:00:58.083 [ReconcilerExecutor-hivemq-controller-121] DEBUG c.h.p.o.h.HiveMQPlatformReconcilerErrorHandler - [helmvolu] Pod 'test-hivemq-platform-0' phase Running
2025-01-29 01:00:58,084 INFO c.h.h.t.HelmChartContainer - [hivemq-test-hivemq-platform] [hivemq-platform-operator] [62b15f4a] 01:00:58.083 [ReconcilerExecutor-hivemq-controller-121] INFO  c.h.p.o.h.HiveMQPlatformReconcilerBaseHandler - [helmvolu] HiveMQ Platform is starting, 1 of 2 replicas are ready
2025-01-29 01:00:58,148 INFO c.h.h.t.HelmChartContainer - [test-hivemq-platform] [hivemq] [87ee406e] WARN  - [HiveMQ Platform Operator Init App 1.7.0-SNAPSHOT] Cannot connect to Health API for readiness: null
2025-01-29 01:00:58,152 INFO c.h.h.t.HelmChartContainer - [test-hivemq-platform] [hivemq] [87ee406e] INFO  - [HiveMQ Platform Operator Init App 1.7.0-SNAPSHOT] Successfully updated Pod HiveMQ Platform Operator Init App version annotation (version: 1.7.0-SNAPSHOT)
2025-01-29 01:00:58,152 INFO c.h.h.t.HelmChartContainer - [EVENT] Warning [Unhealthy] Readiness probe failed: HTTP probe failed with statuscode: 503 [helmvolumeclaimtemplatesit:test-hivemq-platform-1]
2025-01-29 01:00:58,152 INFO c.h.h.t.HelmChartContainer - Received Unhealthy event for container hivemq in pod test-hivemq-platform-1 [87ee406e-a8cc-40d6-b22e-7a5a0ba0ecf3]
2025-01-29 01:01:03,145 INFO c.h.h.t.HelmChartContainer - [test-hivemq-platform] [hivemq] [87ee406e] WARN  - [HiveMQ Platform Operator Init App 1.7.0-SNAPSHOT] Cannot connect to Health API for readiness: null
2025-01-29 01:01:03,152 INFO c.h.h.t.HelmChartContainer - [EVENT] Warning [Unhealthy] Readiness probe failed: HTTP probe failed with statuscode: 503 [helmvolumeclaimtemplatesit:test-hivemq-platform-1]
2025-01-29 01:01:03,152 INFO c.h.h.t.HelmChartContainer - Received Unhealthy event for container hivemq in pod test-hivemq-platform-1 [87ee406e-a8cc-40d6-b22e-7a5a0ba0ecf3]
2025-01-29 01:01:08,088 INFO c.h.h.t.HelmChartContainer - [hivemq-test-hivemq-platform] [hivemq-platform-operator] [62b15f4a] 01:01:08.087 [pool-6-thread-43] DEBUG c.h.p.o.d.PlatformServiceResource - [helmvolu] Desired Platform services (3 services)
2025-01-29 01:01:08,089 INFO c.h.h.t.HelmChartContainer - [hivemq-test-hivemq-platform] [hivemq-platform-operator] [62b15f4a] 01:01:08.087 [pool-6-thread-49] DEBUG c.h.p.o.d.PodServiceAccountResource - [helmvolu] Desired PodServiceAccountResource (serviceAccountName: hivemq-platform-pod-test-hivemq-platform)
2025-01-29 01:01:08,090 INFO c.h.h.t.HelmChartContainer - [hivemq-test-hivemq-platform] [hivemq-platform-operator] [62b15f4a] 01:01:08.088 [pool-6-thread-42] DEBUG c.h.p.o.dependants.PodInfoConfigMap - [helmvolu] Desired PodInfo ConfigMap (1 extensions) (1 enabled)
2025-01-29 01:01:08,091 INFO c.h.h.t.HelmChartContainer - [hivemq-test-hivemq-platform] [hivemq-platform-operator] [62b15f4a] 01:01:08.090 [pool-6-thread-42] DEBUG c.h.p.o.dependants.PodInfoConfigMap - [helmvolu] Desired PodInfo ConfigMap (metrics port: 9399) (metrics path: /)
2025-01-29 01:01:08,092 INFO c.h.h.t.HelmChartContainer - [hivemq-test-hivemq-platform] [hivemq-platform-operator] [62b15f4a] 01:01:08.090 [pool-6-thread-42] DEBUG c.h.p.o.dependants.PodInfoConfigMap - [helmvolu] Desired PodInfo ConfigMap (extension state hash: -1817474005)
2025-01-29 01:01:08,094 INFO c.h.h.t.HelmChartContainer - [hivemq-test-hivemq-platform] [hivemq-platform-operator] [62b15f4a] 01:01:08.094 [pool-6-thread-43] DEBUG c.h.p.o.d.StatefulSetResource - [helmvolu] Desired StatefulSet (2 replicas) for status STARTING (READY)
2025-01-29 01:01:08,097 INFO c.h.h.t.HelmChartContainer - [hivemq-test-hivemq-platform] [hivemq-platform-operator] [62b15f4a] 01:01:08.097 [ReconcilerExecutor-hivemq-controller-122] INFO  c.h.p.o.HiveMQPlatformReconciler - [helmvolu] Reconciling HiveMQ Platform 'test-hivemq-platform' in namespace 'helmvolumeclaimtemplatesit'
2025-01-29 01:01:08,098 INFO c.h.h.t.HelmChartContainer - [hivemq-test-hivemq-platform] [hivemq-platform-operator] [62b15f4a] 01:01:08.097 [ReconcilerExecutor-hivemq-controller-122] DEBUG c.h.p.o.HiveMQPlatformReconciler - [helmvolu] Custom Resource Status STARTING - HiveMQ Platform is starting (READY)
2025-01-29 01:01:08,098 INFO c.h.h.t.HelmChartContainer - [hivemq-test-hivemq-platform] [hivemq-platform-operator] [62b15f4a] 01:01:08.097 [ReconcilerExecutor-hivemq-controller-122] DEBUG c.h.p.o.HiveMQPlatformReconciler - [helmvolu] Custom Resource Spec (replicas: 2) (extensions: 1)
2025-01-29 01:01:08,101 INFO c.h.h.t.HelmChartContainer - [hivemq-test-hivemq-platform] [hivemq-platform-operator] [62b15f4a] 01:01:08.098 [ReconcilerExecutor-hivemq-controller-122] DEBUG c.h.p.o.HiveMQPlatformReconciler - [helmvolu] StatefulSet Status (revision: test-hivemq-platform-6c7bb94cbd, replicas: 2, available: 1, ready: 1, current: 2, updated: 2)
2025-01-29 01:01:08,102 INFO c.h.h.t.HelmChartContainer - [hivemq-test-hivemq-platform] [hivemq-platform-operator] [62b15f4a] 01:01:08.098 [ReconcilerExecutor-hivemq-controller-122] DEBUG c.h.p.o.HiveMQPlatformReconciler - [helmvolu] StatefulSet Spec (replicas: 2, init containers: 1, containers: 1, volumes: 4)
2025-01-29 01:01:08,102 INFO c.h.h.t.HelmChartContainer - [hivemq-test-hivemq-platform] [hivemq-platform-operator] [62b15f4a] 01:01:08.099 [ReconcilerExecutor-hivemq-controller-122] DEBUG c.h.p.o.h.HiveMQPlatformReconcilerErrorHandler - [helmvolu] Pod 'test-hivemq-platform-1' phase Running
2025-01-29 01:01:08,102 INFO c.h.h.t.HelmChartContainer - [hivemq-test-hivemq-platform] [hivemq-platform-operator] [62b15f4a] 01:01:08.101 [ReconcilerExecutor-hivemq-controller-122] DEBUG c.h.p.o.h.HiveMQPlatformReconcilerErrorHandler - [helmvolu] Pod 'test-hivemq-platform-0' phase Running
2025-01-29 01:01:08,103 INFO c.h.h.t.HelmChartContainer - [hivemq-test-hivemq-platform] [hivemq-platform-operator] [62b15f4a] 01:01:08.101 [ReconcilerExecutor-hivemq-controller-122] INFO  c.h.p.o.h.HiveMQPlatformReconcilerBaseHandler - [helmvolu] HiveMQ Platform is starting, 1 of 2 replicas are ready
2025-01-29 01:01:08,145 INFO c.h.h.t.HelmChartContainer - [test-hivemq-platform] [hivemq] [87ee406e] WARN  - [HiveMQ Platform Operator Init App 1.7.0-SNAPSHOT] Cannot connect to Health API for readiness: null
2025-01-29 01:01:08,159 INFO c.h.h.t.HelmChartContainer - [EVENT] Warning [Unhealthy] Readiness probe failed: HTTP probe failed with statuscode: 503 [helmvolumeclaimtemplatesit:test-hivemq-platform-1]
2025-01-29 01:01:08,160 INFO c.h.h.t.HelmChartContainer - Received Unhealthy event for container hivemq in pod test-hivemq-platform-1 [87ee406e-a8cc-40d6-b22e-7a5a0ba0ecf3]
2025-01-29 01:01:09,152 INFO c.h.h.t.HelmChartContainer - [test-hivemq-platform] [hivemq] [87ee406e] INFO  - No valid license file found. Using trial license, restricted to 25 connections.
2025-01-29 01:01:10,343 INFO c.h.h.t.HelmChartContainer - [test-hivemq-platform] [hivemq] [87ee406e] WARN  - [HiveMQ Platform Operator Init App 1.7.0-SNAPSHOT] Cannot connect to Health API for liveness: null
2025-01-29 01:01:10,343 INFO c.h.h.t.HelmChartContainer - [test-hivemq-platform] [hivemq] [87ee406e] INFO  - [HiveMQ Platform Operator Init App 1.7.0-SNAPSHOT] Returning default Health API response 200 for liveness
2025-01-29 01:01:12,647 INFO c.h.h.t.HelmChartContainer - [test-hivemq-platform] [hivemq] [87ee406e] INFO  - No valid license file for Data Hub found. Using free license, restricted to 1 policy.
2025-01-29 01:01:13,148 INFO c.h.h.t.HelmChartContainer - [test-hivemq-platform] [hivemq] [87ee406e] WARN  - [HiveMQ Platform Operator Init App 1.7.0-SNAPSHOT] Cannot connect to Health API for readiness: null
2025-01-29 01:01:13,150 INFO c.h.h.t.HelmChartContainer - [EVENT] Warning [Unhealthy] Readiness probe failed: HTTP probe failed with statuscode: 503 [helmvolumeclaimtemplatesit:test-hivemq-platform-1]
2025-01-29 01:01:13,150 INFO c.h.h.t.HelmChartContainer - Received Unhealthy event for container hivemq in pod test-hivemq-platform-1 [87ee406e-a8cc-40d6-b22e-7a5a0ba0ecf3]
2025-01-29 01:01:13,852 INFO c.h.h.t.HelmChartContainer - [test-hivemq-platform] [hivemq] [87ee406e] INFO  - Audit Logger started.
2025-01-29 01:01:14,085 INFO c.h.h.t.HelmChartContainer - [test-hivemq-platform] [hivemq] [87ee406e] INFO  - This node uses '1' CPU cores.
2025-01-29 01:01:14,143 INFO c.h.h.t.HelmChartContainer - [test-hivemq-platform] [hivemq] [87ee406e] INFO  - Starting HiveMQ Health API on address 0.0.0.0 and port 8889
2025-01-29 01:01:14,952 INFO c.h.h.t.HelmChartContainer - [test-hivemq-platform] [hivemq] [87ee406e] INFO  - Started HiveMQ Health API in 808ms
2025-01-29 01:01:15,467 INFO c.h.h.t.HelmChartContainer - [test-hivemq-platform] [hivemq] [87ee406e] INFO  - Starting HiveMQ extension system.
2025-01-29 01:01:15,749 INFO c.h.h.t.HelmChartContainer - [test-hivemq-platform] [hivemq] [87ee406e] INFO  - Starting extension with id "hivemq-dns-cluster-discovery" at /opt/hivemq/extensions/hivemq-dns-cluster-discovery
2025-01-29 01:01:16,151 INFO c.h.h.t.HelmChartContainer - [test-hivemq-platform] [hivemq] [87ee406e] INFO  - Using TCP cluster transport on address 10.42.0.11 and port 7000
2025-01-29 01:01:16,157 INFO c.h.h.t.HelmChartContainer - [test-hivemq-platform] [hivemq] [87ee406e] INFO  - Using extension cluster discovery
2025-01-29 01:01:16,355 INFO c.h.h.t.HelmChartContainer - [test-hivemq-platform] [hivemq] [87ee406e] INFO  - Extension "DNS Cluster Discovery Extension" version 4.3.2 started successfully.
2025-01-29 01:01:16,355 INFO c.h.h.t.HelmChartContainer - [test-hivemq-platform] [hivemq] [87ee406e] INFO  - Starting extension with id "hivemq-prometheus-extension" at /opt/hivemq/extensions/hivemq-prometheus-extension
2025-01-29 01:01:17,445 INFO c.h.h.t.HelmChartContainer - [test-hivemq-platform] [hivemq] [87ee406e] INFO  - Started Jetty Server exposing Prometheus Servlet on URI http://0.0.0.0:9399/
2025-01-29 01:01:17,446 INFO c.h.h.t.HelmChartContainer - [test-hivemq-platform] [hivemq] [87ee406e] INFO  - Extension "Prometheus Monitoring Extension" version 4.0.12 started successfully.
2025-01-29 01:01:17,446 INFO c.h.h.t.HelmChartContainer - [test-hivemq-platform] [hivemq] [87ee406e] INFO  - Starting extension with id "hivemq-allow-all-extension" at /opt/hivemq/extensions/hivemq-allow-all-extension
2025-01-29 01:01:17,446 INFO c.h.h.t.HelmChartContainer - [test-hivemq-platform] [hivemq] [87ee406e] WARN  - 
2025-01-29 01:01:17,446 INFO c.h.h.t.HelmChartContainer - [test-hivemq-platform] [hivemq] [87ee406e] ################################################################################################################
2025-01-29 01:01:17,446 INFO c.h.h.t.HelmChartContainer - [test-hivemq-platform] [hivemq] [87ee406e] # This HiveMQ deployment is not secure! You are lacking Authentication and Authorization.                      #
2025-01-29 01:01:17,446 INFO c.h.h.t.HelmChartContainer - [test-hivemq-platform] [hivemq] [87ee406e] # Right now any MQTT client can connect to the broker with a full set of permissions.                          #
2025-01-29 01:01:17,446 INFO c.h.h.t.HelmChartContainer - [test-hivemq-platform] [hivemq] [87ee406e] # For production usage, add an appropriate security extension and remove the hivemq-allow-all extension.       #
2025-01-29 01:01:17,446 INFO c.h.h.t.HelmChartContainer - [test-hivemq-platform] [hivemq] [87ee406e] # You can download security extensions from the HiveMQ Marketplace (https://www.hivemq.com/extensions/).       #
2025-01-29 01:01:17,446 INFO c.h.h.t.HelmChartContainer - [test-hivemq-platform] [hivemq] [87ee406e] ################################################################################################################
2025-01-29 01:01:17,447 INFO c.h.h.t.HelmChartContainer - [test-hivemq-platform] [hivemq] [87ee406e] INFO  - Extension "Allow All Extension" version 1.1.1 started successfully.
2025-01-29 01:01:17,555 INFO c.h.h.t.HelmChartContainer - [test-hivemq-platform] [hivemq] [605aab2b] INFO  - Cluster nodes found by discovery: [3rtKK|1] (2) [3rtKK, CoqyU].
2025-01-29 01:01:17,644 INFO c.h.h.t.HelmChartContainer - [test-hivemq-platform] [hivemq] [87ee406e] INFO  - Cluster nodes found by discovery: [3rtKK|1] (2) [3rtKK, CoqyU].
2025-01-29 01:01:17,751 INFO c.h.h.t.HelmChartContainer - [test-hivemq-platform] [hivemq] [87ee406e] INFO  - Cluster size = 1, members : [3rtKK].
2025-01-29 01:01:18,108 INFO c.h.h.t.HelmChartContainer - [hivemq-test-hivemq-platform] [hivemq-platform-operator] [62b15f4a] 01:01:18.106 [pool-6-thread-6] DEBUG c.h.p.o.d.PlatformServiceResource - [helmvolu] Desired Platform services (3 services)
2025-01-29 01:01:18,110 INFO c.h.h.t.HelmChartContainer - [hivemq-test-hivemq-platform] [hivemq-platform-operator] [62b15f4a] 01:01:18.107 [pool-6-thread-5] DEBUG c.h.p.o.dependants.PodInfoConfigMap - [helmvolu] Desired PodInfo ConfigMap (1 extensions) (1 enabled)
2025-01-29 01:01:18,110 INFO c.h.h.t.HelmChartContainer - [hivemq-test-hivemq-platform] [hivemq-platform-operator] [62b15f4a] 01:01:18.107 [pool-6-thread-5] DEBUG c.h.p.o.dependants.PodInfoConfigMap - [helmvolu] Desired PodInfo ConfigMap (metrics port: 9399) (metrics path: /)
2025-01-29 01:01:18,110 INFO c.h.h.t.HelmChartContainer - [hivemq-test-hivemq-platform] [hivemq-platform-operator] [62b15f4a] 01:01:18.107 [pool-6-thread-5] DEBUG c.h.p.o.dependants.PodInfoConfigMap - [helmvolu] Desired PodInfo ConfigMap (extension state hash: -1817474005)
2025-01-29 01:01:18,110 INFO c.h.h.t.HelmChartContainer - [hivemq-test-hivemq-platform] [hivemq-platform-operator] [62b15f4a] 01:01:18.108 [pool-6-thread-10] DEBUG c.h.p.o.d.PodServiceAccountResource - [helmvolu] Desired PodServiceAccountResource (serviceAccountName: hivemq-platform-pod-test-hivemq-platform)
2025-01-29 01:01:18,113 INFO c.h.h.t.HelmChartContainer - [hivemq-test-hivemq-platform] [hivemq-platform-operator] [62b15f4a] 01:01:18.113 [pool-6-thread-6] DEBUG c.h.p.o.d.StatefulSetResource - [helmvolu] Desired StatefulSet (2 replicas) for status STARTING (READY)
2025-01-29 01:01:18,118 INFO c.h.h.t.HelmChartContainer - [hivemq-test-hivemq-platform] [hivemq-platform-operator] [62b15f4a] 01:01:18.116 [ReconcilerExecutor-hivemq-controller-123] INFO  c.h.p.o.HiveMQPlatformReconciler - [helmvolu] Reconciling HiveMQ Platform 'test-hivemq-platform' in namespace 'helmvolumeclaimtemplatesit'
2025-01-29 01:01:18,119 INFO c.h.h.t.HelmChartContainer - [hivemq-test-hivemq-platform] [hivemq-platform-operator] [62b15f4a] 01:01:18.116 [ReconcilerExecutor-hivemq-controller-123] DEBUG c.h.p.o.HiveMQPlatformReconciler - [helmvolu] Custom Resource Status STARTING - HiveMQ Platform is starting (READY)
2025-01-29 01:01:18,119 INFO c.h.h.t.HelmChartContainer - [hivemq-test-hivemq-platform] [hivemq-platform-operator] [62b15f4a] 01:01:18.116 [ReconcilerExecutor-hivemq-controller-123] DEBUG c.h.p.o.HiveMQPlatformReconciler - [helmvolu] Custom Resource Spec (replicas: 2) (extensions: 1)
2025-01-29 01:01:18,120 INFO c.h.h.t.HelmChartContainer - [hivemq-test-hivemq-platform] [hivemq-platform-operator] [62b15f4a] 01:01:18.118 [ReconcilerExecutor-hivemq-controller-123] DEBUG c.h.p.o.HiveMQPlatformReconciler - [helmvolu] StatefulSet Status (revision: test-hivemq-platform-6c7bb94cbd, replicas: 2, available: 1, ready: 1, current: 2, updated: 2)
2025-01-29 01:01:18,120 INFO c.h.h.t.HelmChartContainer - [hivemq-test-hivemq-platform] [hivemq-platform-operator] [62b15f4a] 01:01:18.118 [ReconcilerExecutor-hivemq-controller-123] DEBUG c.h.p.o.HiveMQPlatformReconciler - [helmvolu] StatefulSet Spec (replicas: 2, init containers: 1, containers: 1, volumes: 4)
2025-01-29 01:01:18,120 INFO c.h.h.t.HelmChartContainer - [hivemq-test-hivemq-platform] [hivemq-platform-operator] [62b15f4a] 01:01:18.119 [ReconcilerExecutor-hivemq-controller-123] DEBUG c.h.p.o.h.HiveMQPlatformReconcilerErrorHandler - [helmvolu] Pod 'test-hivemq-platform-1' phase Running
2025-01-29 01:01:18,169 INFO c.h.h.t.HelmChartContainer - [test-hivemq-platform] [hivemq] [87ee406e] INFO  - Starting cluster join process. This may take a while. Please do not shut down HiveMQ.
2025-01-29 01:01:18,172 INFO c.h.h.t.HelmChartContainer - [test-hivemq-platform] [hivemq] [87ee406e] INFO  - Cluster join process is still ongoing. Please do not shut down HiveMQ.
2025-01-29 01:01:18,180 INFO c.h.h.t.HelmChartContainer - [hivemq-test-hivemq-platform] [hivemq-platform-operator] [62b15f4a] 01:01:18.179 [ReconcilerExecutor-hivemq-controller-123] DEBUG c.h.p.o.h.HiveMQPlatformReconcilerErrorHandler - [helmvolu] Pod 'test-hivemq-platform-0' phase Running
2025-01-29 01:01:18,181 INFO c.h.h.t.HelmChartContainer - [hivemq-test-hivemq-platform] [hivemq-platform-operator] [62b15f4a] 01:01:18.180 [ReconcilerExecutor-hivemq-controller-123] INFO  c.h.p.o.h.HiveMQPlatformReconcilerBaseHandler - [helmvolu] HiveMQ Platform is starting, 1 of 2 replicas are ready
2025-01-29 01:01:18,650 INFO c.h.h.t.HelmChartContainer - [test-hivemq-platform] [hivemq] [87ee406e] INFO  - [HiveMQ Platform Operator Init App 1.7.0-SNAPSHOT] Returning Health API response 503 for readiness
2025-01-29 01:01:18,657 INFO c.h.h.t.HelmChartContainer - [EVENT] Warning [Unhealthy] Readiness probe failed: HTTP probe failed with statuscode: 503 [helmvolumeclaimtemplatesit:test-hivemq-platform-1]
2025-01-29 01:01:18,657 INFO c.h.h.t.HelmChartContainer - Received Unhealthy event for container hivemq in pod test-hivemq-platform-1 [87ee406e-a8cc-40d6-b22e-7a5a0ba0ecf3]
2025-01-29 01:01:20,182 INFO c.h.h.t.HelmChartContainer - [test-hivemq-platform] [hivemq] [605aab2b] INFO  - Cluster size = 2, members : [3rtKK, CoqyU].
2025-01-29 01:01:20,191 INFO c.h.h.t.HelmChartContainer - [test-hivemq-platform] [hivemq] [87ee406e] INFO  - Cluster size = 2, members : [3rtKK, CoqyU].
2025-01-29 01:01:20,194 INFO c.h.h.t.HelmChartContainer - [test-hivemq-platform] [hivemq] [87ee406e] INFO  - Finished cluster join process successfully.
2025-01-29 01:01:20,197 INFO c.h.h.t.HelmChartContainer - [test-hivemq-platform] [hivemq] [87ee406e] WARN  - No user for HiveMQ Control Center configured. Starting with default user
2025-01-29 01:01:20,198 INFO c.h.h.t.HelmChartContainer - [test-hivemq-platform] [hivemq] [87ee406e] INFO  - Starting HiveMQ Control Center on address 0.0.0.0 and port 8080
2025-01-29 01:01:20,201 INFO c.h.h.t.HelmChartContainer - [test-hivemq-platform] [hivemq] [87ee406e] INFO  - Mounting HiveMQ Control Center V2 Preview
2025-01-29 01:01:20,849 INFO c.h.h.t.HelmChartContainer - [test-hivemq-platform] [hivemq] [87ee406e] INFO  - Started HiveMQ Control Center in 651ms
2025-01-29 01:01:20,862 INFO c.h.h.t.HelmChartContainer - [test-hivemq-platform] [hivemq] [87ee406e] INFO  - Starting TCP listener on address 0.0.0.0 and port 1883
2025-01-29 01:01:20,956 INFO c.h.h.t.HelmChartContainer - [test-hivemq-platform] [hivemq] [87ee406e] INFO  - Started TCP Listener on address 0.0.0.0 and on port 1883.
2025-01-29 01:01:20,956 INFO c.h.h.t.HelmChartContainer - [test-hivemq-platform] [hivemq] [87ee406e] INFO  - Started HiveMQ in 31613ms
2025-01-29 01:01:23,071 INFO c.h.h.t.HelmChartContainer - [test-hivemq-platform] [hivemq] [87ee406e] INFO  - [HiveMQ Platform Operator Init App 1.7.0-SNAPSHOT] Returning Health API response 200 for readiness
2025-01-29 01:01:23,083 INFO c.h.h.t.HelmChartContainer - [POD] test-hivemq-platform-1 [87ee406e-a8cc-40d6-b22e-7a5a0ba0ecf3] in helmvolumeclaimtemplatesit was MODIFIED
2025-01-29 01:01:23,099 INFO c.h.h.t.HelmChartContainer - [hivemq-test-hivemq-platform] [hivemq-platform-operator] [62b15f4a] 01:01:23.096 [pool-6-thread-12] DEBUG c.h.p.o.d.PlatformServiceResource - [helmvolu] Desired Platform services (3 services)
2025-01-29 01:01:23,100 INFO c.h.h.t.HelmChartContainer - [hivemq-test-hivemq-platform] [hivemq-platform-operator] [62b15f4a] 01:01:23.097 [pool-6-thread-14] DEBUG c.h.p.o.dependants.PodInfoConfigMap - [helmvolu] Desired PodInfo ConfigMap (1 extensions) (1 enabled)
2025-01-29 01:01:23,100 INFO c.h.h.t.HelmChartContainer - [hivemq-test-hivemq-platform] [hivemq-platform-operator] [62b15f4a] 01:01:23.097 [pool-6-thread-14] DEBUG c.h.p.o.dependants.PodInfoConfigMap - [helmvolu] Desired PodInfo ConfigMap (metrics port: 9399) (metrics path: /)
2025-01-29 01:01:23,100 INFO c.h.h.t.HelmChartContainer - [hivemq-test-hivemq-platform] [hivemq-platform-operator] [62b15f4a] 01:01:23.097 [pool-6-thread-14] DEBUG c.h.p.o.dependants.PodInfoConfigMap - [helmvolu] Desired PodInfo ConfigMap (extension state hash: -1817474005)
2025-01-29 01:01:23,101 INFO c.h.h.t.HelmChartContainer - [hivemq-test-hivemq-platform] [hivemq-platform-operator] [62b15f4a] 01:01:23.101 [pool-6-thread-19] DEBUG c.h.p.o.d.PodServiceAccountResource - [helmvolu] Desired PodServiceAccountResource (serviceAccountName: hivemq-platform-pod-test-hivemq-platform)
2025-01-29 01:01:23,199 INFO c.h.h.t.HelmChartContainer - [hivemq-test-hivemq-platform] [hivemq-platform-operator] [62b15f4a] 01:01:23.197 [pool-6-thread-18] DEBUG c.h.p.o.d.StatefulSetResource - [helmvolu] Desired StatefulSet (2 replicas) for status STARTING (READY)
2025-01-29 01:01:23,202 INFO c.h.h.t.HelmChartContainer - [hivemq-test-hivemq-platform] [hivemq-platform-operator] [62b15f4a] 01:01:23.201 [ReconcilerExecutor-hivemq-controller-124] INFO  c.h.p.o.HiveMQPlatformReconciler - [helmvolu] Reconciling HiveMQ Platform 'test-hivemq-platform' in namespace 'helmvolumeclaimtemplatesit'
2025-01-29 01:01:23,203 INFO c.h.h.t.HelmChartContainer - [hivemq-test-hivemq-platform] [hivemq-platform-operator] [62b15f4a] 01:01:23.201 [ReconcilerExecutor-hivemq-controller-124] DEBUG c.h.p.o.HiveMQPlatformReconciler - [helmvolu] Custom Resource Status STARTING - HiveMQ Platform is starting (READY)
2025-01-29 01:01:23,203 INFO c.h.h.t.HelmChartContainer - [hivemq-test-hivemq-platform] [hivemq-platform-operator] [62b15f4a] 01:01:23.201 [ReconcilerExecutor-hivemq-controller-124] DEBUG c.h.p.o.HiveMQPlatformReconciler - [helmvolu] Custom Resource Spec (replicas: 2) (extensions: 1)
2025-01-29 01:01:23,278 INFO c.h.h.t.HelmChartContainer - [hivemq-test-hivemq-platform] [hivemq-platform-operator] [62b15f4a] 01:01:23.277 [ReconcilerExecutor-hivemq-controller-124] DEBUG c.h.p.o.HiveMQPlatformReconciler - [helmvolu] StatefulSet Status (revision: test-hivemq-platform-6c7bb94cbd, replicas: 2, available: 2, ready: 2, current: 2, updated: 2)
2025-01-29 01:01:23,278 INFO c.h.h.t.HelmChartContainer - [hivemq-test-hivemq-platform] [hivemq-platform-operator] [62b15f4a] 01:01:23.277 [ReconcilerExecutor-hivemq-controller-124] DEBUG c.h.p.o.HiveMQPlatformReconciler - [helmvolu] StatefulSet Spec (replicas: 2, init containers: 1, containers: 1, volumes: 4)
2025-01-29 01:01:23,280 INFO c.h.h.t.HelmChartContainer - [hivemq-test-hivemq-platform] [hivemq-platform-operator] [62b15f4a] 01:01:23.279 [ReconcilerExecutor-hivemq-controller-124] DEBUG c.h.p.o.h.HiveMQPlatformReconcilerErrorHandler - [helmvolu] Pod 'test-hivemq-platform-1' phase Running
2025-01-29 01:01:23,282 INFO c.h.h.t.HelmChartContainer - [hivemq-test-hivemq-platform] [hivemq-platform-operator] [62b15f4a] 01:01:23.281 [ReconcilerExecutor-hivemq-controller-124] DEBUG c.h.p.o.h.HiveMQPlatformReconcilerErrorHandler - [helmvolu] Pod 'test-hivemq-platform-0' phase Running
2025-01-29 01:01:23,283 INFO c.h.h.t.HelmChartContainer - [hivemq-test-hivemq-platform] [hivemq-platform-operator] [62b15f4a] 01:01:23.282 [ReconcilerExecutor-hivemq-controller-124] INFO  c.h.p.o.h.HiveMQPlatformReconcilerBaseHandler - [helmvolu] HiveMQ Platform started successfully
2025-01-29 01:01:23,379 INFO c.h.h.t.HelmChartContainer - [hivemq-test-hivemq-platform] [hivemq-platform-operator] [62b15f4a] 01:01:23.377 [ReconcilerExecutor-hivemq-controller-124] DEBUG c.h.p.operator.event.EventSender - [helmvolu] Creating K8s event hivemq-platform-ready: [Ready] HiveMQ Platform is ready
2025-01-29 01:01:23,382 INFO c.h.h.t.HelmChartContainer - [EVENT] Normal [Ready] HiveMQ Platform is ready [helmvolumeclaimtemplatesit:test-hivemq-platform]
2025-01-29 01:01:23,384 INFO c.h.h.t.HelmChartContainer - [hivemq-test-hivemq-platform] [hivemq-platform-operator] [62b15f4a] 01:01:23.382 [ReconcilerExecutor-hivemq-controller-124] INFO  c.h.p.o.h.AbstractHiveMQReconcilerStateHandler - [helmvolu] Update HiveMQ Platform Status (STARTING [READY] -> RUNNING [READY]): HiveMQ Platform is ready
2025-01-29 01:01:23,395 DEBUG com.hivemq.helmcharts.util.K8sUtil - Comparing actual state 'RUNNING' and waiting for 'RUNNING'
2025-01-29 01:01:23,400 INFO c.h.h.t.HelmChartContainer - [hivemq-test-hivemq-platform] [hivemq-platform-operator] [62b15f4a] 01:01:23.396 [pool-6-thread-30] DEBUG c.h.p.o.d.PlatformServiceResource - [helmvolu] Desired Platform services (3 services)
2025-01-29 01:01:23,401 INFO c.h.h.t.HelmChartContainer - [hivemq-test-hivemq-platform] [hivemq-platform-operator] [62b15f4a] 01:01:23.398 [pool-6-thread-23] DEBUG c.h.p.o.dependants.PodInfoConfigMap - [helmvolu] Desired PodInfo ConfigMap (1 extensions) (1 enabled)
2025-01-29 01:01:23,401 INFO c.h.h.t.HelmChartContainer - [hivemq-test-hivemq-platform] [hivemq-platform-operator] [62b15f4a] 01:01:23.399 [pool-6-thread-23] DEBUG c.h.p.o.dependants.PodInfoConfigMap - [helmvolu] Desired PodInfo ConfigMap (metrics port: 9399) (metrics path: /)
2025-01-29 01:01:23,401 INFO c.h.h.t.HelmChartContainer - [hivemq-test-hivemq-platform] [hivemq-platform-operator] [62b15f4a] 01:01:23.399 [pool-6-thread-23] DEBUG c.h.p.o.dependants.PodInfoConfigMap - [helmvolu] Desired PodInfo ConfigMap (extension state hash: -1817474005)
2025-01-29 01:01:23,401 INFO c.h.h.t.HelmChartContainer - [hivemq-test-hivemq-platform] [hivemq-platform-operator] [62b15f4a] 01:01:23.399 [pool-6-thread-23] DEBUG c.h.p.o.dependants.PodInfoConfigMap - [helmvolu] Update PodInfo ConfigMap
2025-01-29 01:01:23,403 INFO c.h.h.t.HelmChartContainer - [hivemq-test-hivemq-platform] [hivemq-platform-operator] [62b15f4a] 01:01:23.402 [pool-6-thread-30] DEBUG c.h.p.o.d.PodServiceAccountResource - [helmvolu] Desired PodServiceAccountResource (serviceAccountName: hivemq-platform-pod-test-hivemq-platform)
2025-01-29 01:01:23,487 INFO c.h.h.t.HelmChartContainer - [hivemq-test-hivemq-platform] [hivemq-platform-operator] [62b15f4a] 01:01:23.485 [pool-6-thread-23] DEBUG c.h.p.o.d.StatefulSetResource - [helmvolu] Desired StatefulSet (2 replicas) for status RUNNING (READY)
2025-01-29 01:01:23,489 INFO c.h.h.t.HelmChartContainer - [hivemq-test-hivemq-platform] [hivemq-platform-operator] [62b15f4a] 01:01:23.488 [ReconcilerExecutor-hivemq-controller-125] INFO  c.h.p.o.HiveMQPlatformReconciler - [helmvolu] Reconciling HiveMQ Platform 'test-hivemq-platform' in namespace 'helmvolumeclaimtemplatesit'
2025-01-29 01:01:23,490 INFO c.h.h.t.HelmChartContainer - [hivemq-test-hivemq-platform] [hivemq-platform-operator] [62b15f4a] 01:01:23.488 [ReconcilerExecutor-hivemq-controller-125] DEBUG c.h.p.o.HiveMQPlatformReconciler - [helmvolu] Custom Resource Status RUNNING - HiveMQ Platform is ready (READY)
2025-01-29 01:01:23,490 INFO c.h.h.t.HelmChartContainer - [hivemq-test-hivemq-platform] [hivemq-platform-operator] [62b15f4a] 01:01:23.488 [ReconcilerExecutor-hivemq-controller-125] DEBUG c.h.p.o.HiveMQPlatformReconciler - [helmvolu] Custom Resource Spec (replicas: 2) (extensions: 1)
2025-01-29 01:01:23,490 INFO c.h.h.t.HelmChartContainer - [hivemq-test-hivemq-platform] [hivemq-platform-operator] [62b15f4a] 01:01:23.489 [ReconcilerExecutor-hivemq-controller-125] DEBUG c.h.p.o.HiveMQPlatformReconciler - [helmvolu] StatefulSet Status (revision: test-hivemq-platform-6c7bb94cbd, replicas: 2, available: 2, ready: 2, current: 2, updated: 2)
2025-01-29 01:01:23,490 INFO c.h.h.t.HelmChartContainer - [hivemq-test-hivemq-platform] [hivemq-platform-operator] [62b15f4a] 01:01:23.489 [ReconcilerExecutor-hivemq-controller-125] DEBUG c.h.p.o.HiveMQPlatformReconciler - [helmvolu] StatefulSet Spec (replicas: 2, init containers: 1, containers: 1, volumes: 4)
2025-01-29 01:01:23,491 INFO c.h.h.t.HelmChartContainer - [hivemq-test-hivemq-platform] [hivemq-platform-operator] [62b15f4a] 01:01:23.490 [ReconcilerExecutor-hivemq-controller-125] DEBUG c.h.p.o.h.HiveMQPlatformReconcilerErrorHandler - [helmvolu] Pod 'test-hivemq-platform-1' phase Running
2025-01-29 01:01:23,492 INFO c.h.h.t.HelmChartContainer - [hivemq-test-hivemq-platform] [hivemq-platform-operator] [62b15f4a] 01:01:23.492 [ReconcilerExecutor-hivemq-controller-125] DEBUG c.h.p.o.h.HiveMQPlatformReconcilerErrorHandler - [helmvolu] Pod 'test-hivemq-platform-0' phase Running
2025-01-29 01:01:25,532 DEBUG com.hivemq.helmcharts.util.PodUtil - Received status for command '[touch, /opt/hivemq/data/test-hivemq-platform-0.txt]' on pod 'test-hivemq-platform-0' (exit code: 0)
2025-01-29 01:01:25,619 DEBUG com.hivemq.helmcharts.util.PodUtil - Received status for command '[sh, -c, echo -n 'Persisted content for pod test-hivemq-platform-0' >> /opt/hivemq/data/test-hivemq-platform-0.txt]' on pod 'test-hivemq-platform-0' (exit code: 0)
2025-01-29 01:01:25,710 DEBUG com.hivemq.helmcharts.util.PodUtil - Received status for command '[touch, /opt/hivemq/data/test-hivemq-platform-1.txt]' on pod 'test-hivemq-platform-1' (exit code: 0)
2025-01-29 01:01:25,797 DEBUG com.hivemq.helmcharts.util.PodUtil - Received status for command '[sh, -c, echo -n 'Persisted content for pod test-hivemq-platform-1' >> /opt/hivemq/data/test-hivemq-platform-1.txt]' on pod 'test-hivemq-platform-1' (exit code: 0)
2025-01-29 01:01:25,814 DEBUG com.hivemq.helmcharts.util.K8sUtil - Comparing actual state 'RUNNING' and waiting for 'ROLLING_RESTART'
2025-01-29 01:01:25,821 INFO c.h.h.t.HelmChartContainer - [hivemq-test-hivemq-platform] [hivemq-platform-operator] [62b15f4a] 01:01:25.814 [pool-6-thread-37] DEBUG c.h.p.o.d.PlatformServiceResource - [helmvolu] Desired Platform services (3 services)
2025-01-29 01:01:25,822 INFO c.h.h.t.HelmChartContainer - [hivemq-test-hivemq-platform] [hivemq-platform-operator] [62b15f4a] 01:01:25.815 [pool-6-thread-32] DEBUG c.h.p.o.dependants.PodInfoConfigMap - [helmvolu] Desired PodInfo ConfigMap (1 extensions) (1 enabled)
2025-01-29 01:01:25,822 INFO c.h.h.t.HelmChartContainer - [hivemq-test-hivemq-platform] [hivemq-platform-operator] [62b15f4a] 01:01:25.815 [pool-6-thread-32] DEBUG c.h.p.o.dependants.PodInfoConfigMap - [helmvolu] Desired PodInfo ConfigMap (metrics port: 9399) (metrics path: /)
2025-01-29 01:01:25,822 INFO c.h.h.t.HelmChartContainer - [hivemq-test-hivemq-platform] [hivemq-platform-operator] [62b15f4a] 01:01:25.815 [pool-6-thread-32] DEBUG c.h.p.o.dependants.PodInfoConfigMap - [helmvolu] Desired PodInfo ConfigMap (extension state hash: -1817474005)
2025-01-29 01:01:25,822 INFO c.h.h.t.HelmChartContainer - [hivemq-test-hivemq-platform] [hivemq-platform-operator] [62b15f4a] 01:01:25.816 [pool-6-thread-35] DEBUG c.h.p.o.d.PodServiceAccountResource - [helmvolu] Desired PodServiceAccountResource (serviceAccountName: hivemq-platform-pod-test-hivemq-platform)
2025-01-29 01:01:25,825 INFO c.h.h.t.HelmChartContainer - [hivemq-test-hivemq-platform] [hivemq-platform-operator] [62b15f4a] 01:01:25.822 [pool-6-thread-37] DEBUG c.h.p.o.d.StatefulSetResource - [helmvolu] Desired StatefulSet (2 replicas) for status RUNNING (READY)
2025-01-29 01:01:25,829 INFO c.h.h.t.HelmChartContainer - [hivemq-test-hivemq-platform] [hivemq-platform-operator] [62b15f4a] 01:01:25.828 [pool-6-thread-37] DEBUG c.h.p.o.d.StatefulSetResource - [helmvolu] Update StatefulSet (replicas: 2 -> 2)
2025-01-29 01:01:25,830 INFO c.h.h.t.HelmChartContainer - [hivemq-test-hivemq-platform] [hivemq-platform-operator] [62b15f4a] 01:01:25.828 [pool-6-thread-37] DEBUG c.h.p.o.d.StatefulSetResource - [helmvolu] Detected change in StatefulSet specification (path: /template/metadata/annotations/kubernetes-resource-versions) (actual value: {broker-configuration-v2=-2089688360}) (target value: {broker-configuration-v2=1242811043})
2025-01-29 01:01:25,830 INFO c.h.h.t.HelmChartContainer - [hivemq-test-hivemq-platform] [hivemq-platform-operator] [62b15f4a] 01:01:25.828 [pool-6-thread-37] INFO  c.h.p.o.d.StatefulSetResource - [helmvolu] StatefulSet spec was updated, triggering rolling restart
2025-01-29 01:01:25,850 INFO c.h.h.t.HelmChartContainer - [hivemq-test-hivemq-platform] [hivemq-platform-operator] [62b15f4a] 01:01:25.844 [ReconcilerExecutor-hivemq-controller-126] INFO  c.h.p.o.HiveMQPlatformReconciler - [helmvolu] Reconciling HiveMQ Platform 'test-hivemq-platform' in namespace 'helmvolumeclaimtemplatesit'
2025-01-29 01:01:25,850 INFO c.h.h.t.HelmChartContainer - [hivemq-test-hivemq-platform] [hivemq-platform-operator] [62b15f4a] 01:01:25.845 [ReconcilerExecutor-hivemq-controller-126] DEBUG c.h.p.o.HiveMQPlatformReconciler - [helmvolu] Custom Resource Status RUNNING - HiveMQ Platform is ready (READY) (reconciliation requests: ROLLING_RESTART, REQUESTS_UPDATED)
2025-01-29 01:01:25,851 INFO c.h.h.t.HelmChartContainer - [hivemq-test-hivemq-platform] [hivemq-platform-operator] [62b15f4a] 01:01:25.845 [ReconcilerExecutor-hivemq-controller-126] DEBUG c.h.p.o.HiveMQPlatformReconciler - [helmvolu] Custom Resource Spec (replicas: 2) (extensions: 1)
2025-01-29 01:01:25,851 INFO c.h.h.t.HelmChartContainer - [hivemq-test-hivemq-platform] [hivemq-platform-operator] [62b15f4a] 01:01:25.846 [ReconcilerExecutor-hivemq-controller-126] DEBUG c.h.p.o.HiveMQPlatformReconciler - [helmvolu] StatefulSet Status (revision: test-hivemq-platform-6c7bb94cbd, replicas: 2, available: 2, ready: 2, current: 2, updated: 2)
2025-01-29 01:01:25,851 INFO c.h.h.t.HelmChartContainer - [hivemq-test-hivemq-platform] [hivemq-platform-operator] [62b15f4a] 01:01:25.846 [ReconcilerExecutor-hivemq-controller-126] DEBUG c.h.p.o.HiveMQPlatformReconciler - [helmvolu] StatefulSet Spec (replicas: 2, init containers: 1, containers: 1, volumes: 4)
2025-01-29 01:01:25,851 INFO c.h.h.t.HelmChartContainer - [hivemq-test-hivemq-platform] [hivemq-platform-operator] [62b15f4a] 01:01:25.847 [ReconcilerExecutor-hivemq-controller-126] DEBUG c.h.p.o.h.HiveMQPlatformReconcilerErrorHandler - [helmvolu] Pod 'test-hivemq-platform-1' phase Running
2025-01-29 01:01:25,881 INFO c.h.h.t.HelmChartContainer - [hivemq-test-hivemq-platform] [hivemq-platform-operator] [62b15f4a] 01:01:25.879 [ReconcilerExecutor-hivemq-controller-126] DEBUG c.h.p.o.h.HiveMQPlatformReconcilerErrorHandler - [helmvolu] Pod 'test-hivemq-platform-0' phase Running
2025-01-29 01:01:25,881 INFO c.h.h.t.HelmChartContainer - [hivemq-test-hivemq-platform] [hivemq-platform-operator] [62b15f4a] 01:01:25.879 [ReconcilerExecutor-hivemq-controller-126] INFO  c.h.p.o.h.HiveMQPlatformReconcilerBaseHandler - [helmvolu] Started rolling restart (scaling to 3 replicas)
2025-01-29 01:01:25,896 INFO c.h.h.t.HelmChartContainer - [hivemq-test-hivemq-platform] [hivemq-platform-operator] [62b15f4a] 01:01:25.895 [ReconcilerExecutor-hivemq-controller-126] DEBUG c.h.p.operator.event.EventSender - [helmvolu] Creating K8s event rolling-restart-started: [RollingRestart] HiveMQ Platform is starting a surge Pod (rolling restart)
2025-01-29 01:01:25,900 INFO c.h.h.t.HelmChartContainer - [EVENT] Normal [RollingRestart] HiveMQ Platform is starting a surge Pod (rolling restart) [helmvolumeclaimtemplatesit:test-hivemq-platform]
2025-01-29 01:01:25,901 INFO c.h.h.t.HelmChartContainer - [hivemq-test-hivemq-platform] [hivemq-platform-operator] [62b15f4a] 01:01:25.900 [ReconcilerExecutor-hivemq-controller-126] INFO  c.h.p.o.h.AbstractHiveMQReconcilerStateHandler - [helmvolu] Update HiveMQ Platform Status (RUNNING [READY] -> ROLLING_RESTART [SURGE_IN_PROGRESS]): HiveMQ Platform is starting a surge Pod (rolling restart)
2025-01-29 01:01:25,987 DEBUG com.hivemq.helmcharts.util.K8sUtil - Comparing actual state 'ROLLING_RESTART' and waiting for 'ROLLING_RESTART'
2025-01-29 01:01:25,996 DEBUG com.hivemq.helmcharts.util.K8sUtil - Comparing actual state 'ROLLING_RESTART' and waiting for 'RUNNING'
2025-01-29 01:01:25,996 INFO c.h.h.t.HelmChartContainer - [hivemq-test-hivemq-platform] [hivemq-platform-operator] [62b15f4a] 01:01:25.993 [pool-6-thread-46] DEBUG c.h.p.o.dependants.PodInfoConfigMap - [helmvolu] Desired PodInfo ConfigMap (1 extensions) (1 enabled)
2025-01-29 01:01:25,996 INFO c.h.h.t.HelmChartContainer - [hivemq-test-hivemq-platform] [hivemq-platform-operator] [62b15f4a] 01:01:25.993 [pool-6-thread-48] DEBUG c.h.p.o.d.PodServiceAccountResource - [helmvolu] Desired PodServiceAccountResource (serviceAccountName: hivemq-platform-pod-test-hivemq-platform)
2025-01-29 01:01:25,996 INFO c.h.h.t.HelmChartContainer - [hivemq-test-hivemq-platform] [hivemq-platform-operator] [62b15f4a] 01:01:25.993 [pool-6-thread-46] DEBUG c.h.p.o.dependants.PodInfoConfigMap - [helmvolu] Desired PodInfo ConfigMap (metrics port: 9399) (metrics path: /)
2025-01-29 01:01:25,996 INFO c.h.h.t.HelmChartContainer - [hivemq-test-hivemq-platform] [hivemq-platform-operator] [62b15f4a] 01:01:25.993 [pool-6-thread-46] DEBUG c.h.p.o.dependants.PodInfoConfigMap - [helmvolu] Desired PodInfo ConfigMap (extension state hash: -1817474005)
2025-01-29 01:01:25,996 INFO c.h.h.t.HelmChartContainer - [hivemq-test-hivemq-platform] [hivemq-platform-operator] [62b15f4a] 01:01:25.994 [pool-6-thread-46] DEBUG c.h.p.o.dependants.PodInfoConfigMap - [helmvolu] Update PodInfo ConfigMap
2025-01-29 01:01:25,996 INFO c.h.h.t.HelmChartContainer - [hivemq-test-hivemq-platform] [hivemq-platform-operator] [62b15f4a] 01:01:25.995 [pool-6-thread-45] DEBUG c.h.p.o.d.PlatformServiceResource - [helmvolu] Desired Platform services (3 services)
2025-01-29 01:01:26,078 INFO c.h.h.t.HelmChartContainer - [hivemq-test-hivemq-platform] [hivemq-platform-operator] [62b15f4a] 01:01:26.077 [pool-6-thread-46] DEBUG c.h.p.o.d.StatefulSetResource - [helmvolu] Desired StatefulSet (3 replicas) for status ROLLING_RESTART (SURGE_IN_PROGRESS)
2025-01-29 01:01:26,082 INFO c.h.h.t.HelmChartContainer - [hivemq-test-hivemq-platform] [hivemq-platform-operator] [62b15f4a] 01:01:26.081 [pool-6-thread-46] DEBUG c.h.p.o.d.StatefulSetResource - [helmvolu] Update StatefulSet (replicas: 2 -> 3)
2025-01-29 01:01:26,096 INFO c.h.h.t.HelmChartContainer - [hivemq-test-hivemq-platform] [hivemq-platform-operator] [62b15f4a] 01:01:26.092 [ReconcilerExecutor-hivemq-controller-127] INFO  c.h.p.o.HiveMQPlatformReconciler - [helmvolu] Reconciling HiveMQ Platform 'test-hivemq-platform' in namespace 'helmvolumeclaimtemplatesit'
2025-01-29 01:01:26,096 INFO c.h.h.t.HelmChartContainer - [hivemq-test-hivemq-platform] [hivemq-platform-operator] [62b15f4a] 01:01:26.092 [ReconcilerExecutor-hivemq-controller-127] DEBUG c.h.p.o.HiveMQPlatformReconciler - [helmvolu] Custom Resource Status ROLLING_RESTART - HiveMQ Platform is starting a surge Pod (rolling restart) (SURGE_IN_PROGRESS)
2025-01-29 01:01:26,096 INFO c.h.h.t.HelmChartContainer - [hivemq-test-hivemq-platform] [hivemq-platform-operator] [62b15f4a] 01:01:26.092 [ReconcilerExecutor-hivemq-controller-127] DEBUG c.h.p.o.HiveMQPlatformReconciler - [helmvolu] Custom Resource Spec (replicas: 2) (extensions: 1)
2025-01-29 01:01:26,096 INFO c.h.h.t.HelmChartContainer - [hivemq-test-hivemq-platform] [hivemq-platform-operator] [62b15f4a] 01:01:26.093 [ReconcilerExecutor-hivemq-controller-127] DEBUG c.h.p.o.HiveMQPlatformReconciler - [helmvolu] StatefulSet Status (revision: test-hivemq-platform-59475f86c9, replicas: 2, available: 2, ready: 2, current: 2, updated: 0)
2025-01-29 01:01:26,096 INFO c.h.h.t.HelmChartContainer - [hivemq-test-hivemq-platform] [hivemq-platform-operator] [62b15f4a] 01:01:26.093 [ReconcilerExecutor-hivemq-controller-127] DEBUG c.h.p.o.HiveMQPlatformReconciler - [helmvolu] StatefulSet Spec (replicas: 3, init containers: 1, containers: 1, volumes: 4)
2025-01-29 01:01:26,098 INFO c.h.h.t.HelmChartContainer - [hivemq-test-hivemq-platform] [hivemq-platform-operator] [62b15f4a] 01:01:26.094 [ReconcilerExecutor-hivemq-controller-127] DEBUG c.h.p.o.h.HiveMQPlatformReconcilerErrorHandler - [helmvolu] Pod 'test-hivemq-platform-1' phase Running
2025-01-29 01:01:26,098 INFO c.h.h.t.HelmChartContainer - [hivemq-test-hivemq-platform] [hivemq-platform-operator] [62b15f4a] 01:01:26.095 [ReconcilerExecutor-hivemq-controller-127] DEBUG c.h.p.o.h.HiveMQPlatformReconcilerErrorHandler - [helmvolu] Pod 'test-hivemq-platform-0' phase Running
2025-01-29 01:01:26,101 INFO c.h.h.t.HelmChartContainer - [hivemq-test-hivemq-platform] [hivemq-platform-operator] [62b15f4a] 01:01:26.099 [ReconcilerExecutor-hivemq-controller-127] DEBUG c.h.p.o.h.HiveMQPlatformReconcilerRollingRestartHandler - [helmvolu] Rolling restart is waiting for 2 of 3 replicas
2025-01-29 01:01:26,102 INFO c.h.h.t.HelmChartContainer - [EVENT] Normal [SuccessfulCreate] create Claim hivemq-pvc-data-test-hivemq-platform-2 Pod test-hivemq-platform-2 in StatefulSet test-hivemq-platform success [helmvolumeclaimtemplatesit:test-hivemq-platform]
2025-01-29 01:01:26,119 INFO c.h.h.t.HelmChartContainer - [EVENT] Normal [WaitForFirstConsumer] waiting for first consumer to be created before binding [helmvolumeclaimtemplatesit:hivemq-pvc-data-test-hivemq-platform-2]
2025-01-29 01:01:26,120 INFO c.h.h.t.HelmChartContainer - [POD] test-hivemq-platform-2 [89ea2ea8-ab21-464f-9287-68649e40129e] in helmvolumeclaimtemplatesit was ADDED
2025-01-29 01:01:26,122 INFO c.h.h.t.HelmChartContainer - [EVENT] Normal [SuccessfulCreate] create Pod test-hivemq-platform-2 in StatefulSet test-hivemq-platform successful [helmvolumeclaimtemplatesit:test-hivemq-platform]
2025-01-29 01:01:26,122 INFO c.h.h.t.HelmChartContainer - [EVENT] Normal [ExternalProvisioning] Waiting for a volume to be created either by the external provisioner 'rancher.io/local-path' or manually by the system administrator. If volume creation is delayed, please verify that the provisioner is running and correctly registered. [helmvolumeclaimtemplatesit:hivemq-pvc-data-test-hivemq-platform-2]
2025-01-29 01:01:26,123 INFO c.h.h.t.HelmChartContainer - [hivemq-test-hivemq-platform] [hivemq-platform-operator] [62b15f4a] 01:01:26.114 [pool-6-thread-5] DEBUG c.h.p.o.d.PlatformServiceResource - [helmvolu] Desired Platform services (3 services)
2025-01-29 01:01:26,123 INFO c.h.h.t.HelmChartContainer - [hivemq-test-hivemq-platform] [hivemq-platform-operator] [62b15f4a] 01:01:26.117 [pool-6-thread-5] DEBUG c.h.p.o.d.PodServiceAccountResource - [helmvolu] Desired PodServiceAccountResource (serviceAccountName: hivemq-platform-pod-test-hivemq-platform)
2025-01-29 01:01:26,129 INFO c.h.h.t.HelmChartContainer - [EVENT] Normal [ExternalProvisioning] Waiting for a volume to be created either by the external provisioner 'rancher.io/local-path' or manually by the system administrator. If volume creation is delayed, please verify that the provisioner is running and correctly registered. [helmvolumeclaimtemplatesit:hivemq-pvc-data-test-hivemq-platform-2]
2025-01-29 01:01:26,134 INFO c.h.h.t.HelmChartContainer - [EVENT] Normal [Provisioning] External provisioner is provisioning volume for claim "helmvolumeclaimtemplatesit/hivemq-pvc-data-test-hivemq-platform-2" [helmvolumeclaimtemplatesit:hivemq-pvc-data-test-hivemq-platform-2]
2025-01-29 01:01:26,181 INFO c.h.h.t.HelmChartContainer - [hivemq-test-hivemq-platform] [hivemq-platform-operator] [62b15f4a] 01:01:26.178 [pool-6-thread-10] DEBUG c.h.p.o.dependants.PodInfoConfigMap - [helmvolu] Desired PodInfo ConfigMap (1 extensions) (1 enabled)
2025-01-29 01:01:26,184 INFO c.h.h.t.HelmChartContainer - [hivemq-test-hivemq-platform] [hivemq-platform-operator] [62b15f4a] 01:01:26.178 [pool-6-thread-10] DEBUG c.h.p.o.dependants.PodInfoConfigMap - [helmvolu] Desired PodInfo ConfigMap (metrics port: 9399) (metrics path: /)
2025-01-29 01:01:26,184 INFO c.h.h.t.HelmChartContainer - [hivemq-test-hivemq-platform] [hivemq-platform-operator] [62b15f4a] 01:01:26.178 [pool-6-thread-10] DEBUG c.h.p.o.dependants.PodInfoConfigMap - [helmvolu] Desired PodInfo ConfigMap (extension state hash: -1817474005)
2025-01-29 01:01:26,184 INFO c.h.h.t.HelmChartContainer - [hivemq-test-hivemq-platform] [hivemq-platform-operator] [62b15f4a] 01:01:26.180 [pool-6-thread-10] DEBUG c.h.p.o.d.StatefulSetResource - [helmvolu] Desired StatefulSet (3 replicas) for status ROLLING_RESTART (SURGE_IN_PROGRESS)
2025-01-29 01:01:26,185 INFO c.h.h.t.HelmChartContainer - [hivemq-test-hivemq-platform] [hivemq-platform-operator] [62b15f4a] 01:01:26.184 [ReconcilerExecutor-hivemq-controller-128] INFO  c.h.p.o.HiveMQPlatformReconciler - [helmvolu] Reconciling HiveMQ Platform 'test-hivemq-platform' in namespace 'helmvolumeclaimtemplatesit'
2025-01-29 01:01:26,187 INFO c.h.h.t.HelmChartContainer - [hivemq-test-hivemq-platform] [hivemq-platform-operator] [62b15f4a] 01:01:26.184 [ReconcilerExecutor-hivemq-controller-128] DEBUG c.h.p.o.HiveMQPlatformReconciler - [helmvolu] Custom Resource Status ROLLING_RESTART - HiveMQ Platform is starting a surge Pod (rolling restart) (SURGE_IN_PROGRESS)
2025-01-29 01:01:26,187 INFO c.h.h.t.HelmChartContainer - [hivemq-test-hivemq-platform] [hivemq-platform-operator] [62b15f4a] 01:01:26.184 [ReconcilerExecutor-hivemq-controller-128] DEBUG c.h.p.o.HiveMQPlatformReconciler - [helmvolu] Custom Resource Spec (replicas: 2) (extensions: 1)
2025-01-29 01:01:26,188 INFO c.h.h.t.HelmChartContainer - [hivemq-test-hivemq-platform] [hivemq-platform-operator] [62b15f4a] 01:01:26.185 [ReconcilerExecutor-hivemq-controller-128] DEBUG c.h.p.o.HiveMQPlatformReconciler - [helmvolu] StatefulSet Status (revision: test-hivemq-platform-59475f86c9, replicas: 3, available: 2, ready: 2, current: 2, updated: 1)
2025-01-29 01:01:26,188 INFO c.h.h.t.HelmChartContainer - [hivemq-test-hivemq-platform] [hivemq-platform-operator] [62b15f4a] 01:01:26.185 [ReconcilerExecutor-hivemq-controller-128] DEBUG c.h.p.o.HiveMQPlatformReconciler - [helmvolu] StatefulSet Spec (replicas: 3, init containers: 1, containers: 1, volumes: 4)
2025-01-29 01:01:26,190 INFO c.h.h.t.HelmChartContainer - [hivemq-test-hivemq-platform] [hivemq-platform-operator] [62b15f4a] 01:01:26.186 [ReconcilerExecutor-hivemq-controller-128] DEBUG c.h.p.o.h.HiveMQPlatformReconcilerErrorHandler - [helmvolu] Pod 'test-hivemq-platform-2' phase Pending
2025-01-29 01:01:26,190 INFO c.h.h.t.HelmChartContainer - [hivemq-test-hivemq-platform] [hivemq-platform-operator] [62b15f4a] 01:01:26.187 [ReconcilerExecutor-hivemq-controller-128] DEBUG c.h.p.o.h.HiveMQPlatformReconcilerErrorHandler - [helmvolu] Pod 'test-hivemq-platform-1' phase Running
2025-01-29 01:01:26,190 INFO c.h.h.t.HelmChartContainer - [hivemq-test-hivemq-platform] [hivemq-platform-operator] [62b15f4a] 01:01:26.188 [ReconcilerExecutor-hivemq-controller-128] DEBUG c.h.p.o.h.HiveMQPlatformReconcilerErrorHandler - [helmvolu] Pod 'test-hivemq-platform-0' phase Running
2025-01-29 01:01:26,190 INFO c.h.h.t.HelmChartContainer - [hivemq-test-hivemq-platform] [hivemq-platform-operator] [62b15f4a] 01:01:26.188 [ReconcilerExecutor-hivemq-controller-128] DEBUG c.h.p.o.h.HiveMQPlatformReconcilerRollingRestartHandler - [helmvolu] Rolling restart is waiting for 2 of 3 replicas
2025-01-29 01:01:26,193 INFO c.h.h.t.HelmChartContainer - [hivemq-test-hivemq-platform] [hivemq-platform-operator] [62b15f4a] 01:01:26.191 [pool-6-thread-15] DEBUG c.h.p.o.d.PlatformServiceResource - [helmvolu] Desired Platform services (3 services)
2025-01-29 01:01:26,193 INFO c.h.h.t.HelmChartContainer - [hivemq-test-hivemq-platform] [hivemq-platform-operator] [62b15f4a] 01:01:26.192 [pool-6-thread-16] DEBUG c.h.p.o.d.PodServiceAccountResource - [helmvolu] Desired PodServiceAccountResource (serviceAccountName: hivemq-platform-pod-test-hivemq-platform)
2025-01-29 01:01:26,204 INFO c.h.h.t.HelmChartContainer - [POD] helper-pod-create-pvc-c3bd48cf-f607-4a1c-a00e-f4bdfb4b8271 [da7a92ee-4de4-4474-8398-832ce48b79eb] in kube-system was ADDED
2025-01-29 01:01:26,206 INFO c.h.h.t.HelmChartContainer - [hivemq-test-hivemq-platform] [hivemq-platform-operator] [62b15f4a] 01:01:26.202 [pool-6-thread-14] DEBUG c.h.p.o.dependants.PodInfoConfigMap - [helmvolu] Desired PodInfo ConfigMap (1 extensions) (1 enabled)
2025-01-29 01:01:26,207 INFO c.h.h.t.HelmChartContainer - [hivemq-test-hivemq-platform] [hivemq-platform-operator] [62b15f4a] 01:01:26.202 [pool-6-thread-14] DEBUG c.h.p.o.dependants.PodInfoConfigMap - [helmvolu] Desired PodInfo ConfigMap (metrics port: 9399) (metrics path: /)
2025-01-29 01:01:26,207 INFO c.h.h.t.HelmChartContainer - [hivemq-test-hivemq-platform] [hivemq-platform-operator] [62b15f4a] 01:01:26.202 [pool-6-thread-14] DEBUG c.h.p.o.dependants.PodInfoConfigMap - [helmvolu] Desired PodInfo ConfigMap (extension state hash: -1817474005)
2025-01-29 01:01:26,207 INFO c.h.h.t.HelmChartContainer - [hivemq-test-hivemq-platform] [hivemq-platform-operator] [62b15f4a] 01:01:26.205 [pool-6-thread-14] DEBUG c.h.p.o.d.StatefulSetResource - [helmvolu] Desired StatefulSet (3 replicas) for status ROLLING_RESTART (SURGE_IN_PROGRESS)
2025-01-29 01:01:26,209 INFO c.h.h.t.HelmChartContainer - [hivemq-test-hivemq-platform] [hivemq-platform-operator] [62b15f4a] 01:01:26.208 [ReconcilerExecutor-hivemq-controller-129] INFO  c.h.p.o.HiveMQPlatformReconciler - [helmvolu] Reconciling HiveMQ Platform 'test-hivemq-platform' in namespace 'helmvolumeclaimtemplatesit'
2025-01-29 01:01:26,209 INFO c.h.h.t.HelmChartContainer - [hivemq-test-hivemq-platform] [hivemq-platform-operator] [62b15f4a] 01:01:26.208 [ReconcilerExecutor-hivemq-controller-129] DEBUG c.h.p.o.HiveMQPlatformReconciler - [helmvolu] Custom Resource Status ROLLING_RESTART - HiveMQ Platform is starting a surge Pod (rolling restart) (SURGE_IN_PROGRESS)
2025-01-29 01:01:26,209 INFO c.h.h.t.HelmChartContainer - [hivemq-test-hivemq-platform] [hivemq-platform-operator] [62b15f4a] 01:01:26.208 [ReconcilerExecutor-hivemq-controller-129] DEBUG c.h.p.o.HiveMQPlatformReconciler - [helmvolu] Custom Resource Spec (replicas: 2) (extensions: 1)
2025-01-29 01:01:26,210 INFO c.h.h.t.HelmChartContainer - [POD] helper-pod-create-pvc-c3bd48cf-f607-4a1c-a00e-f4bdfb4b8271 [da7a92ee-4de4-4474-8398-832ce48b79eb] in kube-system was MODIFIED
2025-01-29 01:01:26,280 INFO c.h.h.t.HelmChartContainer - [hivemq-test-hivemq-platform] [hivemq-platform-operator] [62b15f4a] 01:01:26.279 [ReconcilerExecutor-hivemq-controller-129] DEBUG c.h.p.o.HiveMQPlatformReconciler - [helmvolu] StatefulSet Status (revision: test-hivemq-platform-59475f86c9, replicas: 3, available: 2, ready: 2, current: 2, updated: 1)
2025-01-29 01:01:26,281 INFO c.h.h.t.HelmChartContainer - [hivemq-test-hivemq-platform] [hivemq-platform-operator] [62b15f4a] 01:01:26.279 [ReconcilerExecutor-hivemq-controller-129] DEBUG c.h.p.o.HiveMQPlatformReconciler - [helmvolu] StatefulSet Spec (replicas: 3, init containers: 1, containers: 1, volumes: 4)
2025-01-29 01:01:26,281 INFO c.h.h.t.HelmChartContainer - [hivemq-test-hivemq-platform] [hivemq-platform-operator] [62b15f4a] 01:01:26.280 [ReconcilerExecutor-hivemq-controller-129] DEBUG c.h.p.o.h.HiveMQPlatformReconcilerErrorHandler - [helmvolu] Pod 'test-hivemq-platform-2' phase Pending
2025-01-29 01:01:26,283 INFO c.h.h.t.HelmChartContainer - [hivemq-test-hivemq-platform] [hivemq-platform-operator] [62b15f4a] 01:01:26.283 [ReconcilerExecutor-hivemq-controller-129] DEBUG c.h.p.o.h.HiveMQPlatformReconcilerErrorHandler - [helmvolu] Pod 'test-hivemq-platform-1' phase Running
2025-01-29 01:01:26,285 INFO c.h.h.t.HelmChartContainer - [hivemq-test-hivemq-platform] [hivemq-platform-operator] [62b15f4a] 01:01:26.284 [ReconcilerExecutor-hivemq-controller-129] DEBUG c.h.p.o.h.HiveMQPlatformReconcilerErrorHandler - [helmvolu] Pod 'test-hivemq-platform-0' phase Running
2025-01-29 01:01:26,286 INFO c.h.h.t.HelmChartContainer - [hivemq-test-hivemq-platform] [hivemq-platform-operator] [62b15f4a] 01:01:26.285 [ReconcilerExecutor-hivemq-controller-129] DEBUG c.h.p.o.h.HiveMQPlatformReconcilerRollingRestartHandler - [helmvolu] Rolling restart is waiting for 2 of 3 replicas
2025-01-29 01:01:26,355 INFO c.h.h.t.HelmChartContainer - [K3S] [reconciler_common.go:251] "operationExecutor.VerifyControllerAttachedVolume started for volume \"script\" (UniqueName: \"kubernetes.io/configmap/da7a92ee-4de4-4474-8398-832ce48b79eb-script\") pod \"helper-pod-create-pvc-c3bd48cf-f607-4a1c-a00e-f4bdfb4b8271\" (UID: \"da7a92ee-4de4-4474-8398-832ce48b79eb\") " pod="kube-system/helper-pod-create-pvc-c3bd48cf-f607-4a1c-a00e-f4bdfb4b8271"
2025-01-29 01:01:26,355 INFO c.h.h.t.HelmChartContainer - [K3S] [reconciler_common.go:251] "operationExecutor.VerifyControllerAttachedVolume started for volume \"data\" (UniqueName: \"kubernetes.io/host-path/da7a92ee-4de4-4474-8398-832ce48b79eb-data\") pod \"helper-pod-create-pvc-c3bd48cf-f607-4a1c-a00e-f4bdfb4b8271\" (UID: \"da7a92ee-4de4-4474-8398-832ce48b79eb\") " pod="kube-system/helper-pod-create-pvc-c3bd48cf-f607-4a1c-a00e-f4bdfb4b8271"
2025-01-29 01:01:26,355 INFO c.h.h.t.HelmChartContainer - [K3S] [reconciler_common.go:251] "operationExecutor.VerifyControllerAttachedVolume started for volume \"kube-api-access-9rkxv\" (UniqueName: \"kubernetes.io/projected/da7a92ee-4de4-4474-8398-832ce48b79eb-kube-api-access-9rkxv\") pod \"helper-pod-create-pvc-c3bd48cf-f607-4a1c-a00e-f4bdfb4b8271\" (UID: \"da7a92ee-4de4-4474-8398-832ce48b79eb\") " pod="kube-system/helper-pod-create-pvc-c3bd48cf-f607-4a1c-a00e-f4bdfb4b8271"
2025-01-29 01:01:26,992 INFO c.h.h.t.HelmChartContainer - [K3S] [scope.go:117] "RemoveContainer" containerID="b78529b3494610369951e33ecabc3f0794d50e9a93fe75e02341c53ad65558b3"
2025-01-29 01:01:27,348 INFO c.h.h.t.HelmChartContainer - [POD] helper-pod-create-pvc-c3bd48cf-f607-4a1c-a00e-f4bdfb4b8271 [da7a92ee-4de4-4474-8398-832ce48b79eb] in kube-system was MODIFIED
2025-01-29 01:01:28,421 INFO c.h.h.t.HelmChartContainer - [POD] helper-pod-create-pvc-c3bd48cf-f607-4a1c-a00e-f4bdfb4b8271 [da7a92ee-4de4-4474-8398-832ce48b79eb] in kube-system was MODIFIED
2025-01-29 01:01:28,567 INFO c.h.h.t.HelmChartContainer - [K3S] [reconciler_common.go:162] "operationExecutor.UnmountVolume started for volume \"kube-api-access-9rkxv\" (UniqueName: \"kubernetes.io/projected/da7a92ee-4de4-4474-8398-832ce48b79eb-kube-api-access-9rkxv\") pod \"da7a92ee-4de4-4474-8398-832ce48b79eb\" (UID: \"da7a92ee-4de4-4474-8398-832ce48b79eb\") "
2025-01-29 01:01:28,567 INFO c.h.h.t.HelmChartContainer - [K3S] [reconciler_common.go:162] "operationExecutor.UnmountVolume started for volume \"script\" (UniqueName: \"kubernetes.io/configmap/da7a92ee-4de4-4474-8398-832ce48b79eb-script\") pod \"da7a92ee-4de4-4474-8398-832ce48b79eb\" (UID: \"da7a92ee-4de4-4474-8398-832ce48b79eb\") "
2025-01-29 01:01:28,568 INFO c.h.h.t.HelmChartContainer - [K3S] [reconciler_common.go:162] "operationExecutor.UnmountVolume started for volume \"data\" (UniqueName: \"kubernetes.io/host-path/da7a92ee-4de4-4474-8398-832ce48b79eb-data\") pod \"da7a92ee-4de4-4474-8398-832ce48b79eb\" (UID: \"da7a92ee-4de4-4474-8398-832ce48b79eb\") "
2025-01-29 01:01:28,668 INFO c.h.h.t.HelmChartContainer - [K3S] [reconciler_common.go:299] "Volume detached for volume \"data\" (UniqueName: \"kubernetes.io/host-path/da7a92ee-4de4-4474-8398-832ce48b79eb-data\") on node \"dacb2472075c\" DevicePath \"\""
2025-01-29 01:01:28,668 INFO c.h.h.t.HelmChartContainer - [K3S] [reconciler_common.go:299] "Volume detached for volume \"kube-api-access-9rkxv\" (UniqueName: \"kubernetes.io/projected/da7a92ee-4de4-4474-8398-832ce48b79eb-kube-api-access-9rkxv\") on node \"dacb2472075c\" DevicePath \"\""
2025-01-29 01:01:28,668 INFO c.h.h.t.HelmChartContainer - [K3S] [reconciler_common.go:299] "Volume detached for volume \"script\" (UniqueName: \"kubernetes.io/configmap/da7a92ee-4de4-4474-8398-832ce48b79eb-script\") on node \"dacb2472075c\" DevicePath \"\""
2025-01-29 01:01:29,221 INFO c.h.h.t.HelmChartContainer - [POD] helper-pod-create-pvc-c3bd48cf-f607-4a1c-a00e-f4bdfb4b8271 [da7a92ee-4de4-4474-8398-832ce48b79eb] in kube-system was MODIFIED
2025-01-29 01:01:29,222 INFO c.h.h.t.HelmChartContainer - [POD] helper-pod-create-pvc-c3bd48cf-f607-4a1c-a00e-f4bdfb4b8271 [da7a92ee-4de4-4474-8398-832ce48b79eb] in kube-system was DELETED
2025-01-29 01:01:29,227 INFO c.h.h.t.HelmChartContainer - [EVENT] Normal [ProvisioningSucceeded] Successfully provisioned volume pvc-c3bd48cf-f607-4a1c-a00e-f4bdfb4b8271 [helmvolumeclaimtemplatesit:hivemq-pvc-data-test-hivemq-platform-2]
2025-01-29 01:01:29,344 INFO c.h.h.t.HelmChartContainer - [K3S] [pod_container_deletor.go:80] "Container not found in pod's containers" containerID="e138fc14a89edb6d0dc6b2bea01714c8849a9b89a88294e70c0be42e00d448dd"
2025-01-29 01:01:29,345 INFO c.h.h.t.HelmChartContainer - [K3S] [status_manager.go:890] "Failed to get status for pod" podUID="da7a92ee-4de4-4474-8398-832ce48b79eb" pod="kube-system/helper-pod-create-pvc-c3bd48cf-f607-4a1c-a00e-f4bdfb4b8271" err="pods \"helper-pod-create-pvc-c3bd48cf-f607-4a1c-a00e-f4bdfb4b8271\" is forbidden: User \"system:node:dacb2472075c\" cannot get resource \"pods\" in API group \"\" in the namespace \"kube-system\": no relationship found between node 'dacb2472075c' and this object"
2025-01-29 01:01:30,115 INFO c.h.h.t.HelmChartContainer - [POD] test-hivemq-platform-2 [89ea2ea8-ab21-464f-9287-68649e40129e] in helmvolumeclaimtemplatesit was MODIFIED
2025-01-29 01:01:30,116 INFO c.h.h.t.HelmChartContainer - [K3S] [memory_manager.go:355] "RemoveStaleState removing state" podUID="da7a92ee-4de4-4474-8398-832ce48b79eb" containerName="helper-pod"
2025-01-29 01:01:30,117 INFO c.h.h.t.HelmChartContainer - [EVENT] Normal [Scheduled] Successfully assigned helmvolumeclaimtemplatesit/test-hivemq-platform-2 to dacb2472075c [helmvolumeclaimtemplatesit:test-hivemq-platform-2]
2025-01-29 01:01:30,117 INFO c.h.h.t.HelmChartContainer - [K3S] [status_manager.go:890] "Failed to get status for pod" podUID="da7a92ee-4de4-4474-8398-832ce48b79eb" pod="kube-system/helper-pod-create-pvc-c3bd48cf-f607-4a1c-a00e-f4bdfb4b8271" err="pods \"helper-pod-create-pvc-c3bd48cf-f607-4a1c-a00e-f4bdfb4b8271\" is forbidden: User \"system:node:dacb2472075c\" cannot get resource \"pods\" in API group \"\" in the namespace \"kube-system\": no relationship found between node 'dacb2472075c' and this object"
2025-01-29 01:01:30,122 INFO c.h.h.t.HelmChartContainer - [hivemq-test-hivemq-platform] [hivemq-platform-operator] [62b15f4a] 01:01:30.122 [pool-6-thread-24] DEBUG c.h.p.o.dependants.PodInfoConfigMap - [helmvolu] Desired PodInfo ConfigMap (1 extensions) (1 enabled)
2025-01-29 01:01:30,126 INFO c.h.h.t.HelmChartContainer - [hivemq-test-hivemq-platform] [hivemq-platform-operator] [62b15f4a] 01:01:30.122 [pool-6-thread-24] DEBUG c.h.p.o.dependants.PodInfoConfigMap - [helmvolu] Desired PodInfo ConfigMap (metrics port: 9399) (metrics path: /)
2025-01-29 01:01:30,127 INFO c.h.h.t.HelmChartContainer - [hivemq-test-hivemq-platform] [hivemq-platform-operator] [62b15f4a] 01:01:30.123 [pool-6-thread-24] DEBUG c.h.p.o.dependants.PodInfoConfigMap - [helmvolu] Desired PodInfo ConfigMap (extension state hash: -1817474005)
2025-01-29 01:01:30,127 INFO c.h.h.t.HelmChartContainer - [hivemq-test-hivemq-platform] [hivemq-platform-operator] [62b15f4a] 01:01:30.122 [pool-6-thread-27] DEBUG c.h.p.o.d.PodServiceAccountResource - [helmvolu] Desired PodServiceAccountResource (serviceAccountName: hivemq-platform-pod-test-hivemq-platform)
2025-01-29 01:01:30,127 INFO c.h.h.t.HelmChartContainer - [hivemq-test-hivemq-platform] [hivemq-platform-operator] [62b15f4a] 01:01:30.122 [pool-6-thread-21] DEBUG c.h.p.o.d.PlatformServiceResource - [helmvolu] Desired Platform services (3 services)
2025-01-29 01:01:30,131 INFO c.h.h.t.HelmChartContainer - [POD] test-hivemq-platform-2 [89ea2ea8-ab21-464f-9287-68649e40129e] in helmvolumeclaimtemplatesit was MODIFIED
2025-01-29 01:01:30,135 INFO c.h.h.t.HelmChartContainer - [hivemq-test-hivemq-platform] [hivemq-platform-operator] [62b15f4a] 01:01:30.133 [pool-6-thread-21] DEBUG c.h.p.o.d.StatefulSetResource - [helmvolu] Desired StatefulSet (3 replicas) for status ROLLING_RESTART (SURGE_IN_PROGRESS)
2025-01-29 01:01:30,139 INFO c.h.h.t.HelmChartContainer - [hivemq-test-hivemq-platform] [hivemq-platform-operator] [62b15f4a] 01:01:30.136 [ReconcilerExecutor-hivemq-controller-130] INFO  c.h.p.o.HiveMQPlatformReconciler - [helmvolu] Reconciling HiveMQ Platform 'test-hivemq-platform' in namespace 'helmvolumeclaimtemplatesit'
2025-01-29 01:01:30,139 INFO c.h.h.t.HelmChartContainer - [hivemq-test-hivemq-platform] [hivemq-platform-operator] [62b15f4a] 01:01:30.136 [ReconcilerExecutor-hivemq-controller-130] DEBUG c.h.p.o.HiveMQPlatformReconciler - [helmvolu] Custom Resource Status ROLLING_RESTART - HiveMQ Platform is starting a surge Pod (rolling restart) (SURGE_IN_PROGRESS)
2025-01-29 01:01:30,140 INFO c.h.h.t.HelmChartContainer - [hivemq-test-hivemq-platform] [hivemq-platform-operator] [62b15f4a] 01:01:30.136 [ReconcilerExecutor-hivemq-controller-130] DEBUG c.h.p.o.HiveMQPlatformReconciler - [helmvolu] Custom Resource Spec (replicas: 2) (extensions: 1)
2025-01-29 01:01:30,140 INFO c.h.h.t.HelmChartContainer - [hivemq-test-hivemq-platform] [hivemq-platform-operator] [62b15f4a] 01:01:30.138 [ReconcilerExecutor-hivemq-controller-130] DEBUG c.h.p.o.HiveMQPlatformReconciler - [helmvolu] StatefulSet Status (revision: test-hivemq-platform-59475f86c9, replicas: 3, available: 2, ready: 2, current: 2, updated: 1)
2025-01-29 01:01:30,140 INFO c.h.h.t.HelmChartContainer - [hivemq-test-hivemq-platform] [hivemq-platform-operator] [62b15f4a] 01:01:30.138 [ReconcilerExecutor-hivemq-controller-130] DEBUG c.h.p.o.HiveMQPlatformReconciler - [helmvolu] StatefulSet Spec (replicas: 3, init containers: 1, containers: 1, volumes: 4)
2025-01-29 01:01:30,140 INFO c.h.h.t.HelmChartContainer - [hivemq-test-hivemq-platform] [hivemq-platform-operator] [62b15f4a] 01:01:30.139 [ReconcilerExecutor-hivemq-controller-130] DEBUG c.h.p.o.h.HiveMQPlatformReconcilerErrorHandler - [helmvolu] Pod 'test-hivemq-platform-2' phase Pending
2025-01-29 01:01:30,143 INFO c.h.h.t.HelmChartContainer - [hivemq-test-hivemq-platform] [hivemq-platform-operator] [62b15f4a] 01:01:30.139 [ReconcilerExecutor-hivemq-controller-130] DEBUG c.h.p.o.h.HiveMQPlatformReconcilerErrorHandler - [helmvolu] Pod 'test-hivemq-platform-2' condition 'PodReadyToStartContainers': False
2025-01-29 01:01:30,143 INFO c.h.h.t.HelmChartContainer - [hivemq-test-hivemq-platform] [hivemq-platform-operator] [62b15f4a] 01:01:30.139 [ReconcilerExecutor-hivemq-controller-130] DEBUG c.h.p.o.h.HiveMQPlatformReconcilerErrorHandler - [helmvolu] Pod 'test-hivemq-platform-2' condition 'Initialized': False
2025-01-29 01:01:30,144 INFO c.h.h.t.HelmChartContainer - [hivemq-test-hivemq-platform] [hivemq-platform-operator] [62b15f4a] 01:01:30.139 [ReconcilerExecutor-hivemq-controller-130] DEBUG c.h.p.o.h.HiveMQPlatformReconcilerErrorHandler - [helmvolu] Pod 'test-hivemq-platform-2' condition 'Ready': False
2025-01-29 01:01:30,144 INFO c.h.h.t.HelmChartContainer - [hivemq-test-hivemq-platform] [hivemq-platform-operator] [62b15f4a] 01:01:30.139 [ReconcilerExecutor-hivemq-controller-130] DEBUG c.h.p.o.h.HiveMQPlatformReconcilerErrorHandler - [helmvolu] Pod 'test-hivemq-platform-2' condition 'ContainersReady': False
2025-01-29 01:01:30,144 INFO c.h.h.t.HelmChartContainer - [hivemq-test-hivemq-platform] [hivemq-platform-operator] [62b15f4a] 01:01:30.139 [ReconcilerExecutor-hivemq-controller-130] DEBUG c.h.p.o.h.HiveMQPlatformReconcilerErrorHandler - [helmvolu] Pod 'test-hivemq-platform-2' condition 'PodScheduled': True
2025-01-29 01:01:30,144 INFO c.h.h.t.HelmChartContainer - [hivemq-test-hivemq-platform] [hivemq-platform-operator] [62b15f4a] 01:01:30.139 [ReconcilerExecutor-hivemq-controller-130] DEBUG c.h.p.o.h.HiveMQPlatformReconcilerErrorHandler - [helmvolu] Pod 'test-hivemq-platform-2' containerStatus 'hivemq' (started: false) (ready: false) (waiting: [PodInitializing] null)
2025-01-29 01:01:30,144 INFO c.h.h.t.HelmChartContainer - [hivemq-test-hivemq-platform] [hivemq-platform-operator] [62b15f4a] 01:01:30.141 [ReconcilerExecutor-hivemq-controller-130] DEBUG c.h.p.o.h.HiveMQPlatformReconcilerErrorHandler - [helmvolu] Pod 'test-hivemq-platform-1' phase Running
2025-01-29 01:01:30,144 INFO c.h.h.t.HelmChartContainer - [hivemq-test-hivemq-platform] [hivemq-platform-operator] [62b15f4a] 01:01:30.142 [ReconcilerExecutor-hivemq-controller-130] DEBUG c.h.p.o.h.HiveMQPlatformReconcilerErrorHandler - [helmvolu] Pod 'test-hivemq-platform-0' phase Running
2025-01-29 01:01:30,144 INFO c.h.h.t.HelmChartContainer - [hivemq-test-hivemq-platform] [hivemq-platform-operator] [62b15f4a] 01:01:30.142 [ReconcilerExecutor-hivemq-controller-130] DEBUG c.h.p.o.h.HiveMQPlatformReconcilerRollingRestartHandler - [helmvolu] Rolling restart is waiting for 2 of 3 replicas
2025-01-29 01:01:30,183 INFO c.h.h.t.HelmChartContainer - [hivemq-test-hivemq-platform] [hivemq-platform-operator] [62b15f4a] 01:01:30.180 [pool-6-thread-40] DEBUG c.h.p.o.d.PlatformServiceResource - [helmvolu] Desired Platform services (3 services)
2025-01-29 01:01:30,183 INFO c.h.h.t.HelmChartContainer - [hivemq-test-hivemq-platform] [hivemq-platform-operator] [62b15f4a] 01:01:30.180 [pool-6-thread-35] DEBUG c.h.p.o.dependants.PodInfoConfigMap - [helmvolu] Desired PodInfo ConfigMap (1 extensions) (1 enabled)
2025-01-29 01:01:30,183 INFO c.h.h.t.HelmChartContainer - [hivemq-test-hivemq-platform] [hivemq-platform-operator] [62b15f4a] 01:01:30.180 [pool-6-thread-35] DEBUG c.h.p.o.dependants.PodInfoConfigMap - [helmvolu] Desired PodInfo ConfigMap (metrics port: 9399) (metrics path: /)
2025-01-29 01:01:30,183 INFO c.h.h.t.HelmChartContainer - [hivemq-test-hivemq-platform] [hivemq-platform-operator] [62b15f4a] 01:01:30.180 [pool-6-thread-35] DEBUG c.h.p.o.dependants.PodInfoConfigMap - [helmvolu] Desired PodInfo ConfigMap (extension state hash: -1817474005)
2025-01-29 01:01:30,183 INFO c.h.h.t.HelmChartContainer - [hivemq-test-hivemq-platform] [hivemq-platform-operator] [62b15f4a] 01:01:30.181 [pool-6-thread-38] DEBUG c.h.p.o.d.PodServiceAccountResource - [helmvolu] Desired PodServiceAccountResource (serviceAccountName: hivemq-platform-pod-test-hivemq-platform)
2025-01-29 01:01:30,186 INFO c.h.h.t.HelmChartContainer - [hivemq-test-hivemq-platform] [hivemq-platform-operator] [62b15f4a] 01:01:30.185 [pool-6-thread-40] DEBUG c.h.p.o.d.StatefulSetResource - [helmvolu] Desired StatefulSet (3 replicas) for status ROLLING_RESTART (SURGE_IN_PROGRESS)
2025-01-29 01:01:30,188 INFO c.h.h.t.HelmChartContainer - [hivemq-test-hivemq-platform] [hivemq-platform-operator] [62b15f4a] 01:01:30.188 [ReconcilerExecutor-hivemq-controller-131] INFO  c.h.p.o.HiveMQPlatformReconciler - [helmvolu] Reconciling HiveMQ Platform 'test-hivemq-platform' in namespace 'helmvolumeclaimtemplatesit'
2025-01-29 01:01:30,189 INFO c.h.h.t.HelmChartContainer - [hivemq-test-hivemq-platform] [hivemq-platform-operator] [62b15f4a] 01:01:30.188 [ReconcilerExecutor-hivemq-controller-131] DEBUG c.h.p.o.HiveMQPlatformReconciler - [helmvolu] Custom Resource Status ROLLING_RESTART - HiveMQ Platform is starting a surge Pod (rolling restart) (SURGE_IN_PROGRESS)
2025-01-29 01:01:30,189 INFO c.h.h.t.HelmChartContainer - [hivemq-test-hivemq-platform] [hivemq-platform-operator] [62b15f4a] 01:01:30.188 [ReconcilerExecutor-hivemq-controller-131] DEBUG c.h.p.o.HiveMQPlatformReconciler - [helmvolu] Custom Resource Spec (replicas: 2) (extensions: 1)
2025-01-29 01:01:30,190 INFO c.h.h.t.HelmChartContainer - [hivemq-test-hivemq-platform] [hivemq-platform-operator] [62b15f4a] 01:01:30.189 [ReconcilerExecutor-hivemq-controller-131] DEBUG c.h.p.o.HiveMQPlatformReconciler - [helmvolu] StatefulSet Status (revision: test-hivemq-platform-59475f86c9, replicas: 3, available: 2, ready: 2, current: 2, updated: 1)
2025-01-29 01:01:30,191 INFO c.h.h.t.HelmChartContainer - [hivemq-test-hivemq-platform] [hivemq-platform-operator] [62b15f4a] 01:01:30.189 [ReconcilerExecutor-hivemq-controller-131] DEBUG c.h.p.o.HiveMQPlatformReconciler - [helmvolu] StatefulSet Spec (replicas: 3, init containers: 1, containers: 1, volumes: 4)
2025-01-29 01:01:30,192 INFO c.h.h.t.HelmChartContainer - [hivemq-test-hivemq-platform] [hivemq-platform-operator] [62b15f4a] 01:01:30.191 [ReconcilerExecutor-hivemq-controller-131] DEBUG c.h.p.o.h.HiveMQPlatformReconcilerErrorHandler - [helmvolu] Pod 'test-hivemq-platform-2' phase Pending
2025-01-29 01:01:30,194 INFO c.h.h.t.HelmChartContainer - [hivemq-test-hivemq-platform] [hivemq-platform-operator] [62b15f4a] 01:01:30.191 [ReconcilerExecutor-hivemq-controller-131] DEBUG c.h.p.o.h.HiveMQPlatformReconcilerErrorHandler - [helmvolu] Pod 'test-hivemq-platform-2' condition 'PodReadyToStartContainers': False
2025-01-29 01:01:30,194 INFO c.h.h.t.HelmChartContainer - [hivemq-test-hivemq-platform] [hivemq-platform-operator] [62b15f4a] 01:01:30.191 [ReconcilerExecutor-hivemq-controller-131] DEBUG c.h.p.o.h.HiveMQPlatformReconcilerErrorHandler - [helmvolu] Pod 'test-hivemq-platform-2' condition 'Initialized': False
2025-01-29 01:01:30,194 INFO c.h.h.t.HelmChartContainer - [hivemq-test-hivemq-platform] [hivemq-platform-operator] [62b15f4a] 01:01:30.191 [ReconcilerExecutor-hivemq-controller-131] DEBUG c.h.p.o.h.HiveMQPlatformReconcilerErrorHandler - [helmvolu] Pod 'test-hivemq-platform-2' condition 'Ready': False
2025-01-29 01:01:30,194 INFO c.h.h.t.HelmChartContainer - [hivemq-test-hivemq-platform] [hivemq-platform-operator] [62b15f4a] 01:01:30.191 [ReconcilerExecutor-hivemq-controller-131] DEBUG c.h.p.o.h.HiveMQPlatformReconcilerErrorHandler - [helmvolu] Pod 'test-hivemq-platform-2' condition 'ContainersReady': False
2025-01-29 01:01:30,194 INFO c.h.h.t.HelmChartContainer - [hivemq-test-hivemq-platform] [hivemq-platform-operator] [62b15f4a] 01:01:30.191 [ReconcilerExecutor-hivemq-controller-131] DEBUG c.h.p.o.h.HiveMQPlatformReconcilerErrorHandler - [helmvolu] Pod 'test-hivemq-platform-2' condition 'PodScheduled': True
2025-01-29 01:01:30,194 INFO c.h.h.t.HelmChartContainer - [hivemq-test-hivemq-platform] [hivemq-platform-operator] [62b15f4a] 01:01:30.191 [ReconcilerExecutor-hivemq-controller-131] DEBUG c.h.p.o.h.HiveMQPlatformReconcilerErrorHandler - [helmvolu] Pod 'test-hivemq-platform-2' containerStatus 'hivemq' (started: false) (ready: false) (waiting: [PodInitializing] null)
2025-01-29 01:01:30,195 INFO c.h.h.t.HelmChartContainer - [hivemq-test-hivemq-platform] [hivemq-platform-operator] [62b15f4a] 01:01:30.194 [ReconcilerExecutor-hivemq-controller-131] DEBUG c.h.p.o.h.HiveMQPlatformReconcilerErrorHandler - [helmvolu] Pod 'test-hivemq-platform-1' phase Running
2025-01-29 01:01:30,195 INFO c.h.h.t.HelmChartContainer - [hivemq-test-hivemq-platform] [hivemq-platform-operator] [62b15f4a] 01:01:30.195 [ReconcilerExecutor-hivemq-controller-131] DEBUG c.h.p.o.h.HiveMQPlatformReconcilerErrorHandler - [helmvolu] Pod 'test-hivemq-platform-0' phase Running
2025-01-29 01:01:30,278 INFO c.h.h.t.HelmChartContainer - [K3S] [reconciler_common.go:251] "operationExecutor.VerifyControllerAttachedVolume started for volume \"pvc-c3bd48cf-f607-4a1c-a00e-f4bdfb4b8271\" (UniqueName: \"kubernetes.io/local-volume/pvc-c3bd48cf-f607-4a1c-a00e-f4bdfb4b8271\") pod \"test-hivemq-platform-2\" (UID: \"89ea2ea8-ab21-464f-9287-68649e40129e\") " pod="helmvolumeclaimtemplatesit/test-hivemq-platform-2"
2025-01-29 01:01:30,278 INFO c.h.h.t.HelmChartContainer - [K3S] [reconciler_common.go:251] "operationExecutor.VerifyControllerAttachedVolume started for volume \"pod-info\" (UniqueName: \"kubernetes.io/configmap/89ea2ea8-ab21-464f-9287-68649e40129e-pod-info\") pod \"test-hivemq-platform-2\" (UID: \"89ea2ea8-ab21-464f-9287-68649e40129e\") " pod="helmvolumeclaimtemplatesit/test-hivemq-platform-2"
2025-01-29 01:01:30,278 INFO c.h.h.t.HelmChartContainer - [K3S] [reconciler_common.go:251] "operationExecutor.VerifyControllerAttachedVolume started for volume \"kube-api-access-tw8m7\" (UniqueName: \"kubernetes.io/projected/89ea2ea8-ab21-464f-9287-68649e40129e-kube-api-access-tw8m7\") pod \"test-hivemq-platform-2\" (UID: \"89ea2ea8-ab21-464f-9287-68649e40129e\") " pod="helmvolumeclaimtemplatesit/test-hivemq-platform-2"
2025-01-29 01:01:30,278 INFO c.h.h.t.HelmChartContainer - [K3S] [reconciler_common.go:251] "operationExecutor.VerifyControllerAttachedVolume started for volume \"broker-configuration\" (UniqueName: \"kubernetes.io/configmap/89ea2ea8-ab21-464f-9287-68649e40129e-broker-configuration\") pod \"test-hivemq-platform-2\" (UID: \"89ea2ea8-ab21-464f-9287-68649e40129e\") " pod="helmvolumeclaimtemplatesit/test-hivemq-platform-2"
2025-01-29 01:01:30,278 INFO c.h.h.t.HelmChartContainer - [K3S] [reconciler_common.go:251] "operationExecutor.VerifyControllerAttachedVolume started for volume \"operator-init\" (UniqueName: \"kubernetes.io/empty-dir/89ea2ea8-ab21-464f-9287-68649e40129e-operator-init\") pod \"test-hivemq-platform-2\" (UID: \"89ea2ea8-ab21-464f-9287-68649e40129e\") " pod="helmvolumeclaimtemplatesit/test-hivemq-platform-2"
2025-01-29 01:01:30,279 INFO c.h.h.t.HelmChartContainer - [hivemq-test-hivemq-platform] [hivemq-platform-operator] [62b15f4a] 01:01:30.278 [ReconcilerExecutor-hivemq-controller-131] DEBUG c.h.p.o.h.HiveMQPlatformReconcilerRollingRestartHandler - [helmvolu] Rolling restart is waiting for 2 of 3 replicas
2025-01-29 01:01:30,507 INFO c.h.h.t.HelmChartContainer - [EVENT] Normal [Pulled] Container image "docker.io/hivemq/hivemq-platform-operator-init-test:snapshot" already present on machine [helmvolumeclaimtemplatesit:test-hivemq-platform-2]
2025-01-29 01:01:30,514 INFO c.h.h.t.HelmChartContainer - [EVENT] Normal [Created] Created container: hivemq-platform-operator-init [helmvolumeclaimtemplatesit:test-hivemq-platform-2]
2025-01-29 01:01:30,552 INFO c.h.h.t.HelmChartContainer - [EVENT] Normal [Started] Started container hivemq-platform-operator-init [helmvolumeclaimtemplatesit:test-hivemq-platform-2]
2025-01-29 01:01:30,950 INFO c.h.h.t.HelmChartContainer - [K3S] [kubelet_volumes.go:163] "Cleaned up orphaned pod volumes dir" podUID="da7a92ee-4de4-4474-8398-832ce48b79eb" path="/var/lib/kubelet/pods/da7a92ee-4de4-4474-8398-832ce48b79eb/volumes"
2025-01-29 01:01:31,352 INFO c.h.h.t.HelmChartContainer - [EVENT] Normal [Pulled] Container image "docker.io/hivemq/hivemq4:4.36.0" already present on machine [helmvolumeclaimtemplatesit:test-hivemq-platform-2]
2025-01-29 01:01:31,353 INFO c.h.h.t.HelmChartContainer - Received Pulled event for container hivemq in pod test-hivemq-platform-2 [89ea2ea8-ab21-464f-9287-68649e40129e]
2025-01-29 01:01:31,368 INFO c.h.h.t.HelmChartContainer - [POD] test-hivemq-platform-2 [89ea2ea8-ab21-464f-9287-68649e40129e] in helmvolumeclaimtemplatesit was MODIFIED
2025-01-29 01:01:31,388 INFO c.h.h.t.HelmChartContainer - [EVENT] Normal [Created] Created container: hivemq [helmvolumeclaimtemplatesit:test-hivemq-platform-2]
2025-01-29 01:01:31,389 INFO c.h.h.t.HelmChartContainer - Received Created event for container hivemq in pod test-hivemq-platform-2 [89ea2ea8-ab21-464f-9287-68649e40129e]
2025-01-29 01:01:31,391 INFO c.h.h.t.HelmChartContainer - [hivemq-test-hivemq-platform] [hivemq-platform-operator] [62b15f4a] 01:01:31.371 [pool-6-thread-48] DEBUG c.h.p.o.d.PlatformServiceResource - [helmvolu] Desired Platform services (3 services)
2025-01-29 01:01:31,391 INFO c.h.h.t.HelmChartContainer - [hivemq-test-hivemq-platform] [hivemq-platform-operator] [62b15f4a] 01:01:31.374 [pool-6-thread-47] DEBUG c.h.p.o.d.PodServiceAccountResource - [helmvolu] Desired PodServiceAccountResource (serviceAccountName: hivemq-platform-pod-test-hivemq-platform)
2025-01-29 01:01:31,391 INFO c.h.h.t.HelmChartContainer - [hivemq-test-hivemq-platform] [hivemq-platform-operator] [62b15f4a] 01:01:31.376 [pool-6-thread-49] DEBUG c.h.p.o.dependants.PodInfoConfigMap - [helmvolu] Desired PodInfo ConfigMap (1 extensions) (1 enabled)
2025-01-29 01:01:31,391 INFO c.h.h.t.HelmChartContainer - [hivemq-test-hivemq-platform] [hivemq-platform-operator] [62b15f4a] 01:01:31.376 [pool-6-thread-49] DEBUG c.h.p.o.dependants.PodInfoConfigMap - [helmvolu] Desired PodInfo ConfigMap (metrics port: 9399) (metrics path: /)
2025-01-29 01:01:31,391 INFO c.h.h.t.HelmChartContainer - [hivemq-test-hivemq-platform] [hivemq-platform-operator] [62b15f4a] 01:01:31.376 [pool-6-thread-49] DEBUG c.h.p.o.dependants.PodInfoConfigMap - [helmvolu] Desired PodInfo ConfigMap (extension state hash: -1817474005)
2025-01-29 01:01:31,391 INFO c.h.h.t.HelmChartContainer - [hivemq-test-hivemq-platform] [hivemq-platform-operator] [62b15f4a] 01:01:31.381 [pool-6-thread-48] DEBUG c.h.p.o.d.StatefulSetResource - [helmvolu] Desired StatefulSet (3 replicas) for status ROLLING_RESTART (SURGE_IN_PROGRESS)
2025-01-29 01:01:31,394 INFO c.h.h.t.HelmChartContainer - [hivemq-test-hivemq-platform] [hivemq-platform-operator] [62b15f4a] 01:01:31.388 [ReconcilerExecutor-hivemq-controller-132] INFO  c.h.p.o.HiveMQPlatformReconciler - [helmvolu] Reconciling HiveMQ Platform 'test-hivemq-platform' in namespace 'helmvolumeclaimtemplatesit'
2025-01-29 01:01:31,394 INFO c.h.h.t.HelmChartContainer - [hivemq-test-hivemq-platform] [hivemq-platform-operator] [62b15f4a] 01:01:31.388 [ReconcilerExecutor-hivemq-controller-132] DEBUG c.h.p.o.HiveMQPlatformReconciler - [helmvolu] Custom Resource Status ROLLING_RESTART - HiveMQ Platform is starting a surge Pod (rolling restart) (SURGE_IN_PROGRESS)
2025-01-29 01:01:31,394 INFO c.h.h.t.HelmChartContainer - [hivemq-test-hivemq-platform] [hivemq-platform-operator] [62b15f4a] 01:01:31.388 [ReconcilerExecutor-hivemq-controller-132] DEBUG c.h.p.o.HiveMQPlatformReconciler - [helmvolu] Custom Resource Spec (replicas: 2) (extensions: 1)
2025-01-29 01:01:31,394 INFO c.h.h.t.HelmChartContainer - [hivemq-test-hivemq-platform] [hivemq-platform-operator] [62b15f4a] 01:01:31.390 [ReconcilerExecutor-hivemq-controller-132] DEBUG c.h.p.o.HiveMQPlatformReconciler - [helmvolu] StatefulSet Status (revision: test-hivemq-platform-59475f86c9, replicas: 3, available: 2, ready: 2, current: 2, updated: 1)
2025-01-29 01:01:31,394 INFO c.h.h.t.HelmChartContainer - [hivemq-test-hivemq-platform] [hivemq-platform-operator] [62b15f4a] 01:01:31.390 [ReconcilerExecutor-hivemq-controller-132] DEBUG c.h.p.o.HiveMQPlatformReconciler - [helmvolu] StatefulSet Spec (replicas: 3, init containers: 1, containers: 1, volumes: 4)
2025-01-29 01:01:31,396 INFO c.h.h.t.HelmChartContainer - [hivemq-test-hivemq-platform] [hivemq-platform-operator] [62b15f4a] 01:01:31.392 [ReconcilerExecutor-hivemq-controller-132] DEBUG c.h.p.o.h.HiveMQPlatformReconcilerErrorHandler - [helmvolu] Pod 'test-hivemq-platform-2' phase Pending
2025-01-29 01:01:31,399 INFO c.h.h.t.HelmChartContainer - [hivemq-test-hivemq-platform] [hivemq-platform-operator] [62b15f4a] 01:01:31.392 [ReconcilerExecutor-hivemq-controller-132] DEBUG c.h.p.o.h.HiveMQPlatformReconcilerErrorHandler - [helmvolu] Pod 'test-hivemq-platform-2' condition 'PodReadyToStartContainers': True
2025-01-29 01:01:31,399 INFO c.h.h.t.HelmChartContainer - [hivemq-test-hivemq-platform] [hivemq-platform-operator] [62b15f4a] 01:01:31.392 [ReconcilerExecutor-hivemq-controller-132] DEBUG c.h.p.o.h.HiveMQPlatformReconcilerErrorHandler - [helmvolu] Pod 'test-hivemq-platform-2' condition 'Initialized': True
2025-01-29 01:01:31,399 INFO c.h.h.t.HelmChartContainer - [hivemq-test-hivemq-platform] [hivemq-platform-operator] [62b15f4a] 01:01:31.393 [ReconcilerExecutor-hivemq-controller-132] DEBUG c.h.p.o.h.HiveMQPlatformReconcilerErrorHandler - [helmvolu] Pod 'test-hivemq-platform-2' condition 'Ready': False
2025-01-29 01:01:31,399 INFO c.h.h.t.HelmChartContainer - [hivemq-test-hivemq-platform] [hivemq-platform-operator] [62b15f4a] 01:01:31.394 [ReconcilerExecutor-hivemq-controller-132] DEBUG c.h.p.o.h.HiveMQPlatformReconcilerErrorHandler - [helmvolu] Pod 'test-hivemq-platform-2' condition 'ContainersReady': False
2025-01-29 01:01:31,399 INFO c.h.h.t.HelmChartContainer - [hivemq-test-hivemq-platform] [hivemq-platform-operator] [62b15f4a] 01:01:31.396 [ReconcilerExecutor-hivemq-controller-132] DEBUG c.h.p.o.h.HiveMQPlatformReconcilerErrorHandler - [helmvolu] Pod 'test-hivemq-platform-2' condition 'PodScheduled': True
2025-01-29 01:01:31,399 INFO c.h.h.t.HelmChartContainer - [hivemq-test-hivemq-platform] [hivemq-platform-operator] [62b15f4a] 01:01:31.396 [ReconcilerExecutor-hivemq-controller-132] DEBUG c.h.p.o.h.HiveMQPlatformReconcilerErrorHandler - [helmvolu] Pod 'test-hivemq-platform-2' containerStatus 'hivemq' (started: false) (ready: false) (waiting: [PodInitializing] null)
2025-01-29 01:01:31,401 INFO c.h.h.t.HelmChartContainer - [hivemq-test-hivemq-platform] [hivemq-platform-operator] [62b15f4a] 01:01:31.399 [ReconcilerExecutor-hivemq-controller-132] DEBUG c.h.p.o.h.HiveMQPlatformReconcilerErrorHandler - [helmvolu] Pod 'test-hivemq-platform-1' phase Running
2025-01-29 01:01:31,403 INFO c.h.h.t.HelmChartContainer - [hivemq-test-hivemq-platform] [hivemq-platform-operator] [62b15f4a] 01:01:31.400 [ReconcilerExecutor-hivemq-controller-132] DEBUG c.h.p.o.h.HiveMQPlatformReconcilerErrorHandler - [helmvolu] Pod 'test-hivemq-platform-0' phase Running
2025-01-29 01:01:31,403 INFO c.h.h.t.HelmChartContainer - [hivemq-test-hivemq-platform] [hivemq-platform-operator] [62b15f4a] 01:01:31.401 [ReconcilerExecutor-hivemq-controller-132] DEBUG c.h.p.o.h.HiveMQPlatformReconcilerRollingRestartHandler - [helmvolu] Rolling restart is waiting for 2 of 3 replicas
2025-01-29 01:01:32,365 INFO c.h.h.t.HelmChartContainer - [POD] test-hivemq-platform-2 [89ea2ea8-ab21-464f-9287-68649e40129e] in helmvolumeclaimtemplatesit was MODIFIED
2025-01-29 01:01:32,375 INFO c.h.h.t.HelmChartContainer - [EVENT] Normal [Started] Started container hivemq [helmvolumeclaimtemplatesit:test-hivemq-platform-2]
2025-01-29 01:01:32,375 INFO c.h.h.t.HelmChartContainer - Received Started event for container hivemq in pod test-hivemq-platform-2 [89ea2ea8-ab21-464f-9287-68649e40129e]
2025-01-29 01:01:32,376 INFO c.h.h.t.HelmChartContainer - [hivemq-test-hivemq-platform] [hivemq-platform-operator] [62b15f4a] 01:01:32.370 [pool-6-thread-2] DEBUG c.h.p.o.dependants.PodInfoConfigMap - [helmvolu] Desired PodInfo ConfigMap (1 extensions) (1 enabled)
2025-01-29 01:01:32,377 INFO c.h.h.t.HelmChartContainer - Started log watcher for hivemq in pod test-hivemq-platform-2 [89ea2ea8-ab21-464f-9287-68649e40129e]
2025-01-29 01:01:32,377 INFO c.h.h.t.HelmChartContainer - [test-hivemq-platform] [hivemq] [89ea2ea8] Adding pre-installed HiveMQ Platform Operator extensions
2025-01-29 01:01:32,377 INFO c.h.h.t.HelmChartContainer - [test-hivemq-platform] [hivemq] [89ea2ea8] Running as user 10000
2025-01-29 01:01:32,377 INFO c.h.h.t.HelmChartContainer - [test-hivemq-platform] [hivemq] [89ea2ea8] Starting HiveMQ Platform Operator Init
2025-01-29 01:01:32,378 INFO c.h.h.t.HelmChartContainer - [hivemq-test-hivemq-platform] [hivemq-platform-operator] [62b15f4a] 01:01:32.370 [pool-6-thread-2] DEBUG c.h.p.o.dependants.PodInfoConfigMap - [helmvolu] Desired PodInfo ConfigMap (metrics port: 9399) (metrics path: /)
2025-01-29 01:01:32,378 INFO c.h.h.t.HelmChartContainer - [hivemq-test-hivemq-platform] [hivemq-platform-operator] [62b15f4a] 01:01:32.370 [pool-6-thread-2] DEBUG c.h.p.o.dependants.PodInfoConfigMap - [helmvolu] Desired PodInfo ConfigMap (extension state hash: -1817474005)
2025-01-29 01:01:32,378 INFO c.h.h.t.HelmChartContainer - [hivemq-test-hivemq-platform] [hivemq-platform-operator] [62b15f4a] 01:01:32.371 [pool-6-thread-8] DEBUG c.h.p.o.d.PodServiceAccountResource - [helmvolu] Desired PodServiceAccountResource (serviceAccountName: hivemq-platform-pod-test-hivemq-platform)
2025-01-29 01:01:32,378 INFO c.h.h.t.HelmChartContainer - [hivemq-test-hivemq-platform] [hivemq-platform-operator] [62b15f4a] 01:01:32.373 [pool-6-thread-3] DEBUG c.h.p.o.d.PlatformServiceResource - [helmvolu] Desired Platform services (3 services)
2025-01-29 01:01:32,392 INFO c.h.h.t.HelmChartContainer - [hivemq-test-hivemq-platform] [hivemq-platform-operator] [62b15f4a] 01:01:32.390 [pool-6-thread-10] DEBUG c.h.p.o.d.StatefulSetResource - [helmvolu] Desired StatefulSet (3 replicas) for status ROLLING_RESTART (SURGE_IN_PROGRESS)
2025-01-29 01:01:32,402 INFO c.h.h.t.HelmChartContainer - [hivemq-test-hivemq-platform] [hivemq-platform-operator] [62b15f4a] 01:01:32.399 [ReconcilerExecutor-hivemq-controller-133] INFO  c.h.p.o.HiveMQPlatformReconciler - [helmvolu] Reconciling HiveMQ Platform 'test-hivemq-platform' in namespace 'helmvolumeclaimtemplatesit'
2025-01-29 01:01:32,406 INFO c.h.h.t.HelmChartContainer - [hivemq-test-hivemq-platform] [hivemq-platform-operator] [62b15f4a] 01:01:32.400 [ReconcilerExecutor-hivemq-controller-133] DEBUG c.h.p.o.HiveMQPlatformReconciler - [helmvolu] Custom Resource Status ROLLING_RESTART - HiveMQ Platform is starting a surge Pod (rolling restart) (SURGE_IN_PROGRESS)
2025-01-29 01:01:32,406 INFO c.h.h.t.HelmChartContainer - [hivemq-test-hivemq-platform] [hivemq-platform-operator] [62b15f4a] 01:01:32.400 [ReconcilerExecutor-hivemq-controller-133] DEBUG c.h.p.o.HiveMQPlatformReconciler - [helmvolu] Custom Resource Spec (replicas: 2) (extensions: 1)
2025-01-29 01:01:32,406 INFO c.h.h.t.HelmChartContainer - [hivemq-test-hivemq-platform] [hivemq-platform-operator] [62b15f4a] 01:01:32.402 [ReconcilerExecutor-hivemq-controller-133] DEBUG c.h.p.o.HiveMQPlatformReconciler - [helmvolu] StatefulSet Status (revision: test-hivemq-platform-59475f86c9, replicas: 3, available: 2, ready: 2, current: 2, updated: 1)
2025-01-29 01:01:32,406 INFO c.h.h.t.HelmChartContainer - [hivemq-test-hivemq-platform] [hivemq-platform-operator] [62b15f4a] 01:01:32.402 [ReconcilerExecutor-hivemq-controller-133] DEBUG c.h.p.o.HiveMQPlatformReconciler - [helmvolu] StatefulSet Spec (replicas: 3, init containers: 1, containers: 1, volumes: 4)
2025-01-29 01:01:32,406 INFO c.h.h.t.HelmChartContainer - [hivemq-test-hivemq-platform] [hivemq-platform-operator] [62b15f4a] 01:01:32.403 [ReconcilerExecutor-hivemq-controller-133] DEBUG c.h.p.o.h.HiveMQPlatformReconcilerErrorHandler - [helmvolu] Pod 'test-hivemq-platform-2' phase Running
2025-01-29 01:01:32,407 INFO c.h.h.t.HelmChartContainer - [hivemq-test-hivemq-platform] [hivemq-platform-operator] [62b15f4a] 01:01:32.405 [ReconcilerExecutor-hivemq-controller-133] DEBUG c.h.p.o.h.HiveMQPlatformReconcilerErrorHandler - [helmvolu] Pod 'test-hivemq-platform-1' phase Running
2025-01-29 01:01:32,407 INFO c.h.h.t.HelmChartContainer - [hivemq-test-hivemq-platform] [hivemq-platform-operator] [62b15f4a] 01:01:32.406 [ReconcilerExecutor-hivemq-controller-133] DEBUG c.h.p.o.h.HiveMQPlatformReconcilerErrorHandler - [helmvolu] Pod 'test-hivemq-platform-0' phase Running
2025-01-29 01:01:32,407 INFO c.h.h.t.HelmChartContainer - [hivemq-test-hivemq-platform] [hivemq-platform-operator] [62b15f4a] 01:01:32.406 [ReconcilerExecutor-hivemq-controller-133] DEBUG c.h.p.o.h.HiveMQPlatformReconcilerRollingRestartHandler - [helmvolu] Rolling restart is waiting for 2 of 3 replicas
2025-01-29 01:01:32,672 INFO c.h.h.t.HelmChartContainer - [test-hivemq-platform] [hivemq] [89ea2ea8] INFO  - [HiveMQ Platform Operator Init 1.7.0-SNAPSHOT] HiveMQ Platform Operator Init 1.7.0-SNAPSHOT (commit: bebf408 on branch: HEAD) built on Sun Jan 26 20:47:47 UTC 2025
2025-01-29 01:01:33,877 INFO c.h.h.t.HelmChartContainer - [test-hivemq-platform] [hivemq] [89ea2ea8] INFO  - [HiveMQ Platform Operator Init App 1.7.0-SNAPSHOT] Using bind address 10.42.0.13 from environment variable
2025-01-29 01:01:34,774 INFO c.h.h.t.HelmChartContainer - [test-hivemq-platform] [hivemq] [89ea2ea8] INFO  - [HiveMQ Platform Operator Init App 1.7.0-SNAPSHOT] HiveMQ Platform Operator Init App 1.7.0-SNAPSHOT (commit: bebf408 on branch: HEAD) built on Sun Jan 26 20:47:47 UTC 2025
2025-01-29 01:01:34,774 INFO c.h.h.t.HelmChartContainer - [test-hivemq-platform] [hivemq] [89ea2ea8] INFO  - [HiveMQ Platform Operator Init App 1.7.0-SNAPSHOT] PodInfo ConfigMap directory: /etc/podinfo
2025-01-29 01:01:34,774 INFO c.h.h.t.HelmChartContainer - [test-hivemq-platform] [hivemq] [89ea2ea8] INFO  - [HiveMQ Platform Operator Init App 1.7.0-SNAPSHOT] HiveMQ home directory: /opt/hivemq
2025-01-29 01:01:34,774 INFO c.h.h.t.HelmChartContainer - [test-hivemq-platform] [hivemq] [89ea2ea8] INFO  - [HiveMQ Platform Operator Init App 1.7.0-SNAPSHOT] HiveMQ Logback folder: /opt/hivemq/conf
2025-01-29 01:01:34,775 INFO c.h.h.t.HelmChartContainer - [test-hivemq-platform] [hivemq] [89ea2ea8] INFO  - [HiveMQ Platform Operator Init App 1.7.0-SNAPSHOT] HiveMQ Config folder: /opt/hivemq/conf-k8s
2025-01-29 01:01:34,778 INFO c.h.h.t.HelmChartContainer - [test-hivemq-platform] [hivemq] [89ea2ea8] INFO  - [HiveMQ Platform Operator Init App 1.7.0-SNAPSHOT] Starting HiveMQ Platform Operator Init App
2025-01-29 01:01:34,779 INFO c.h.h.t.HelmChartContainer - [test-hivemq-platform] [hivemq] [89ea2ea8] INFO  - [HiveMQ Platform Operator Init App 1.7.0-SNAPSHOT] Starting Pod reconciler
2025-01-29 01:01:36,079 INFO c.h.h.t.HelmChartContainer - [test-hivemq-platform] [hivemq] [89ea2ea8] INFO  - [HiveMQ Platform Operator Init App 1.7.0-SNAPSHOT] Pod reconciler is scheduled (interval: 5000 ms)
2025-01-29 01:01:36,081 INFO c.h.h.t.HelmChartContainer - [test-hivemq-platform] [hivemq] [89ea2ea8] INFO  - [HiveMQ Platform Operator Init App 1.7.0-SNAPSHOT] Starting the REST API on 10.42.0.13:7979
2025-01-29 01:01:36,084 INFO c.h.h.t.HelmChartContainer - [test-hivemq-platform] [hivemq] [89ea2ea8] INFO  - [HiveMQ Platform Operator Init App 1.7.0-SNAPSHOT] Waiting up to 600s for at most 3 HiveMQ nodes in cluster service hivemq-test-hivemq-platform-cluster.helmvolumeclaimtemplatesit.svc
2025-01-29 01:01:36,472 INFO c.h.h.t.HelmChartContainer - [test-hivemq-platform] [hivemq] [89ea2ea8] INFO  - [HiveMQ Platform Operator Init App 1.7.0-SNAPSHOT] Resolved 3 IP addresses: [10.42.0.9, 10.42.0.13, 10.42.0.11]
2025-01-29 01:01:36,472 INFO c.h.h.t.HelmChartContainer - [test-hivemq-platform] [hivemq] [89ea2ea8] INFO  - [HiveMQ Platform Operator Init App 1.7.0-SNAPSHOT] HiveMQ node count of 3 is within threshold of 3
2025-01-29 01:01:36,472 INFO c.h.h.t.HelmChartContainer - [test-hivemq-platform] [hivemq] [89ea2ea8] INFO  - [HiveMQ Platform Operator Init App 1.7.0-SNAPSHOT] Waiting 15s for previous shutdown replication to finish...
2025-01-29 01:01:38,363 INFO c.h.h.t.HelmChartContainer - [test-hivemq-platform] [hivemq] [89ea2ea8] INFO  - [HiveMQ Platform Operator Init App 1.7.0-SNAPSHOT] Returning default Health API response 503 for readiness
2025-01-29 01:01:38,477 INFO c.h.h.t.HelmChartContainer - [EVENT] Warning [Unhealthy] Readiness probe failed: HTTP probe failed with statuscode: 503 [helmvolumeclaimtemplatesit:test-hivemq-platform-2]
2025-01-29 01:01:38,477 INFO c.h.h.t.HelmChartContainer - Received Unhealthy event for container hivemq in pod test-hivemq-platform-2 [89ea2ea8-ab21-464f-9287-68649e40129e]
2025-01-29 01:01:40,346 INFO c.h.h.t.HelmChartContainer - [test-hivemq-platform] [hivemq] [87ee406e] INFO  - [HiveMQ Platform Operator Init App 1.7.0-SNAPSHOT] Returning Health API response 200 for liveness
2025-01-29 01:01:42,413 INFO c.h.h.t.HelmChartContainer - [hivemq-test-hivemq-platform] [hivemq-platform-operator] [62b15f4a] 01:01:42.411 [pool-6-thread-11] DEBUG c.h.p.o.d.PlatformServiceResource - [helmvolu] Desired Platform services (3 services)
2025-01-29 01:01:42,413 INFO c.h.h.t.HelmChartContainer - [hivemq-test-hivemq-platform] [hivemq-platform-operator] [62b15f4a] 01:01:42.412 [pool-6-thread-13] DEBUG c.h.p.o.d.PodServiceAccountResource - [helmvolu] Desired PodServiceAccountResource (serviceAccountName: hivemq-platform-pod-test-hivemq-platform)
2025-01-29 01:01:42,414 INFO c.h.h.t.HelmChartContainer - [hivemq-test-hivemq-platform] [hivemq-platform-operator] [62b15f4a] 01:01:42.412 [pool-6-thread-15] DEBUG c.h.p.o.dependants.PodInfoConfigMap - [helmvolu] Desired PodInfo ConfigMap (1 extensions) (1 enabled)
2025-01-29 01:01:42,416 INFO c.h.h.t.HelmChartContainer - [hivemq-test-hivemq-platform] [hivemq-platform-operator] [62b15f4a] 01:01:42.414 [pool-6-thread-15] DEBUG c.h.p.o.dependants.PodInfoConfigMap - [helmvolu] Desired PodInfo ConfigMap (metrics port: 9399) (metrics path: /)
2025-01-29 01:01:42,417 INFO c.h.h.t.HelmChartContainer - [hivemq-test-hivemq-platform] [hivemq-platform-operator] [62b15f4a] 01:01:42.415 [pool-6-thread-15] DEBUG c.h.p.o.dependants.PodInfoConfigMap - [helmvolu] Desired PodInfo ConfigMap (extension state hash: -1817474005)
2025-01-29 01:01:42,418 INFO c.h.h.t.HelmChartContainer - [hivemq-test-hivemq-platform] [hivemq-platform-operator] [62b15f4a] 01:01:42.417 [pool-6-thread-15] DEBUG c.h.p.o.d.StatefulSetResource - [helmvolu] Desired StatefulSet (3 replicas) for status ROLLING_RESTART (SURGE_IN_PROGRESS)
2025-01-29 01:01:42,421 INFO c.h.h.t.HelmChartContainer - [hivemq-test-hivemq-platform] [hivemq-platform-operator] [62b15f4a] 01:01:42.420 [ReconcilerExecutor-hivemq-controller-134] INFO  c.h.p.o.HiveMQPlatformReconciler - [helmvolu] Reconciling HiveMQ Platform 'test-hivemq-platform' in namespace 'helmvolumeclaimtemplatesit'
2025-01-29 01:01:42,422 INFO c.h.h.t.HelmChartContainer - [hivemq-test-hivemq-platform] [hivemq-platform-operator] [62b15f4a] 01:01:42.420 [ReconcilerExecutor-hivemq-controller-134] DEBUG c.h.p.o.HiveMQPlatformReconciler - [helmvolu] Custom Resource Status ROLLING_RESTART - HiveMQ Platform is starting a surge Pod (rolling restart) (SURGE_IN_PROGRESS)
2025-01-29 01:01:42,422 INFO c.h.h.t.HelmChartContainer - [hivemq-test-hivemq-platform] [hivemq-platform-operator] [62b15f4a] 01:01:42.420 [ReconcilerExecutor-hivemq-controller-134] DEBUG c.h.p.o.HiveMQPlatformReconciler - [helmvolu] Custom Resource Spec (replicas: 2) (extensions: 1)
2025-01-29 01:01:42,423 INFO c.h.h.t.HelmChartContainer - [hivemq-test-hivemq-platform] [hivemq-platform-operator] [62b15f4a] 01:01:42.422 [ReconcilerExecutor-hivemq-controller-134] DEBUG c.h.p.o.HiveMQPlatformReconciler - [helmvolu] StatefulSet Status (revision: test-hivemq-platform-59475f86c9, replicas: 3, available: 2, ready: 2, current: 2, updated: 1)
2025-01-29 01:01:42,423 INFO c.h.h.t.HelmChartContainer - [hivemq-test-hivemq-platform] [hivemq-platform-operator] [62b15f4a] 01:01:42.422 [ReconcilerExecutor-hivemq-controller-134] DEBUG c.h.p.o.HiveMQPlatformReconciler - [helmvolu] StatefulSet Spec (replicas: 3, init containers: 1, containers: 1, volumes: 4)
2025-01-29 01:01:42,424 INFO c.h.h.t.HelmChartContainer - [hivemq-test-hivemq-platform] [hivemq-platform-operator] [62b15f4a] 01:01:42.423 [ReconcilerExecutor-hivemq-controller-134] DEBUG c.h.p.o.h.HiveMQPlatformReconcilerErrorHandler - [helmvolu] Pod 'test-hivemq-platform-2' phase Running
2025-01-29 01:01:42,426 INFO c.h.h.t.HelmChartContainer - [hivemq-test-hivemq-platform] [hivemq-platform-operator] [62b15f4a] 01:01:42.424 [ReconcilerExecutor-hivemq-controller-134] DEBUG c.h.p.o.h.HiveMQPlatformReconcilerErrorHandler - [helmvolu] Pod 'test-hivemq-platform-1' phase Running
2025-01-29 01:01:42,426 INFO c.h.h.t.HelmChartContainer - [hivemq-test-hivemq-platform] [hivemq-platform-operator] [62b15f4a] 01:01:42.426 [ReconcilerExecutor-hivemq-controller-134] DEBUG c.h.p.o.h.HiveMQPlatformReconcilerErrorHandler - [helmvolu] Pod 'test-hivemq-platform-0' phase Running
2025-01-29 01:01:42,427 INFO c.h.h.t.HelmChartContainer - [hivemq-test-hivemq-platform] [hivemq-platform-operator] [62b15f4a] 01:01:42.426 [ReconcilerExecutor-hivemq-controller-134] DEBUG c.h.p.o.h.HiveMQPlatformReconcilerRollingRestartHandler - [helmvolu] Rolling restart is waiting for 2 of 3 replicas
2025-01-29 01:01:43,379 INFO c.h.h.t.HelmChartContainer - [EVENT] Warning [Unhealthy] Readiness probe failed: HTTP probe failed with statuscode: 503 [helmvolumeclaimtemplatesit:test-hivemq-platform-2]
2025-01-29 01:01:43,380 INFO c.h.h.t.HelmChartContainer - Received Unhealthy event for container hivemq in pod test-hivemq-platform-2 [89ea2ea8-ab21-464f-9287-68649e40129e]
2025-01-29 01:01:43,882 INFO c.h.h.t.HelmChartContainer - [test-hivemq-platform] [hivemq] [89ea2ea8] INFO  - [HiveMQ Platform Operator Init App 1.7.0-SNAPSHOT] Updating Pod HiveMQ Platform Operator Init App version annotation (version: 1.7.0-SNAPSHOT)
2025-01-29 01:01:44,293 INFO c.h.h.t.HelmChartContainer - [POD] test-hivemq-platform-2 [89ea2ea8-ab21-464f-9287-68649e40129e] in helmvolumeclaimtemplatesit was MODIFIED
2025-01-29 01:01:44,303 INFO c.h.h.t.HelmChartContainer - [EVENT] Warning [Unhealthy] Readiness probe failed: HTTP probe failed with statuscode: 503 [helmvolumeclaimtemplatesit:test-hivemq-platform-2]
2025-01-29 01:01:44,303 INFO c.h.h.t.HelmChartContainer - Received Unhealthy event for container hivemq in pod test-hivemq-platform-2 [89ea2ea8-ab21-464f-9287-68649e40129e]
2025-01-29 01:01:44,304 INFO c.h.h.t.HelmChartContainer - [hivemq-test-hivemq-platform] [hivemq-platform-operator] [62b15f4a] 01:01:44.303 [pool-6-thread-26] DEBUG c.h.p.o.d.PlatformServiceResource - [helmvolu] Desired Platform services (3 services)
2025-01-29 01:01:44,308 INFO c.h.h.t.HelmChartContainer - [hivemq-test-hivemq-platform] [hivemq-platform-operator] [62b15f4a] 01:01:44.305 [pool-6-thread-29] DEBUG c.h.p.o.dependants.PodInfoConfigMap - [helmvolu] Desired PodInfo ConfigMap (1 extensions) (1 enabled)
2025-01-29 01:01:44,309 INFO c.h.h.t.HelmChartContainer - [hivemq-test-hivemq-platform] [hivemq-platform-operator] [62b15f4a] 01:01:44.307 [pool-6-thread-29] DEBUG c.h.p.o.dependants.PodInfoConfigMap - [helmvolu] Desired PodInfo ConfigMap (metrics port: 9399) (metrics path: /)
2025-01-29 01:01:44,309 INFO c.h.h.t.HelmChartContainer - [hivemq-test-hivemq-platform] [hivemq-platform-operator] [62b15f4a] 01:01:44.307 [pool-6-thread-29] DEBUG c.h.p.o.dependants.PodInfoConfigMap - [helmvolu] Desired PodInfo ConfigMap (extension state hash: -1817474005)
2025-01-29 01:01:44,315 INFO c.h.h.t.HelmChartContainer - [hivemq-test-hivemq-platform] [hivemq-platform-operator] [62b15f4a] 01:01:44.307 [pool-6-thread-26] DEBUG c.h.p.o.d.PodServiceAccountResource - [helmvolu] Desired PodServiceAccountResource (serviceAccountName: hivemq-platform-pod-test-hivemq-platform)
2025-01-29 01:01:44,315 INFO c.h.h.t.HelmChartContainer - [hivemq-test-hivemq-platform] [hivemq-platform-operator] [62b15f4a] 01:01:44.311 [pool-6-thread-26] DEBUG c.h.p.o.d.StatefulSetResource - [helmvolu] Desired StatefulSet (3 replicas) for status ROLLING_RESTART (SURGE_IN_PROGRESS)
2025-01-29 01:01:44,372 INFO c.h.h.t.HelmChartContainer - [test-hivemq-platform] [hivemq] [89ea2ea8] INFO  - [HiveMQ Platform Operator Init App 1.7.0-SNAPSHOT] Successfully updated Pod HiveMQ Platform Operator Init App version annotation (version: 1.7.0-SNAPSHOT)
2025-01-29 01:01:44,378 INFO c.h.h.t.HelmChartContainer - [hivemq-test-hivemq-platform] [hivemq-platform-operator] [62b15f4a] 01:01:44.378 [ReconcilerExecutor-hivemq-controller-135] INFO  c.h.p.o.HiveMQPlatformReconciler - [helmvolu] Reconciling HiveMQ Platform 'test-hivemq-platform' in namespace 'helmvolumeclaimtemplatesit'
2025-01-29 01:01:44,379 INFO c.h.h.t.HelmChartContainer - [hivemq-test-hivemq-platform] [hivemq-platform-operator] [62b15f4a] 01:01:44.378 [ReconcilerExecutor-hivemq-controller-135] DEBUG c.h.p.o.HiveMQPlatformReconciler - [helmvolu] Custom Resource Status ROLLING_RESTART - HiveMQ Platform is starting a surge Pod (rolling restart) (SURGE_IN_PROGRESS)
2025-01-29 01:01:44,379 INFO c.h.h.t.HelmChartContainer - [hivemq-test-hivemq-platform] [hivemq-platform-operator] [62b15f4a] 01:01:44.378 [ReconcilerExecutor-hivemq-controller-135] DEBUG c.h.p.o.HiveMQPlatformReconciler - [helmvolu] Custom Resource Spec (replicas: 2) (extensions: 1)
2025-01-29 01:01:44,380 INFO c.h.h.t.HelmChartContainer - [hivemq-test-hivemq-platform] [hivemq-platform-operator] [62b15f4a] 01:01:44.380 [ReconcilerExecutor-hivemq-controller-135] DEBUG c.h.p.o.HiveMQPlatformReconciler - [helmvolu] StatefulSet Status (revision: test-hivemq-platform-59475f86c9, replicas: 3, available: 2, ready: 2, current: 2, updated: 1)
2025-01-29 01:01:44,381 INFO c.h.h.t.HelmChartContainer - [hivemq-test-hivemq-platform] [hivemq-platform-operator] [62b15f4a] 01:01:44.380 [ReconcilerExecutor-hivemq-controller-135] DEBUG c.h.p.o.HiveMQPlatformReconciler - [helmvolu] StatefulSet Spec (replicas: 3, init containers: 1, containers: 1, volumes: 4)
2025-01-29 01:01:44,382 INFO c.h.h.t.HelmChartContainer - [hivemq-test-hivemq-platform] [hivemq-platform-operator] [62b15f4a] 01:01:44.381 [ReconcilerExecutor-hivemq-controller-135] DEBUG c.h.p.o.h.HiveMQPlatformReconcilerErrorHandler - [helmvolu] Pod 'test-hivemq-platform-2' phase Running
2025-01-29 01:01:44,382 INFO c.h.h.t.HelmChartContainer - [hivemq-test-hivemq-platform] [hivemq-platform-operator] [62b15f4a] 01:01:44.382 [ReconcilerExecutor-hivemq-controller-135] DEBUG c.h.p.o.h.HiveMQPlatformReconcilerErrorHandler - [helmvolu] Pod 'test-hivemq-platform-1' phase Running
2025-01-29 01:01:44,383 INFO c.h.h.t.HelmChartContainer - [hivemq-test-hivemq-platform] [hivemq-platform-operator] [62b15f4a] 01:01:44.383 [ReconcilerExecutor-hivemq-controller-135] DEBUG c.h.p.o.h.HiveMQPlatformReconcilerErrorHandler - [helmvolu] Pod 'test-hivemq-platform-0' phase Running
2025-01-29 01:01:44,384 INFO c.h.h.t.HelmChartContainer - [hivemq-test-hivemq-platform] [hivemq-platform-operator] [62b15f4a] 01:01:44.383 [ReconcilerExecutor-hivemq-controller-135] DEBUG c.h.p.o.h.HiveMQPlatformReconcilerRollingRestartHandler - [helmvolu] Rolling restart is waiting for 2 of 3 replicas
2025-01-29 01:01:49,296 INFO c.h.h.t.HelmChartContainer - [EVENT] Warning [Unhealthy] Readiness probe failed: HTTP probe failed with statuscode: 503 [helmvolumeclaimtemplatesit:test-hivemq-platform-2]
2025-01-29 01:01:49,296 INFO c.h.h.t.HelmChartContainer - Received Unhealthy event for container hivemq in pod test-hivemq-platform-2 [89ea2ea8-ab21-464f-9287-68649e40129e]
2025-01-29 01:01:51,473 INFO c.h.h.t.HelmChartContainer - [test-hivemq-platform] [hivemq] [89ea2ea8] INFO  - [HiveMQ Platform Operator Init App 1.7.0-SNAPSHOT] Proceeding with container start
2025-01-29 01:01:51,476 INFO c.h.h.t.HelmChartContainer - [test-hivemq-platform] [hivemq] [89ea2ea8] INFO  - [HiveMQ Platform Operator Init App 1.7.0-SNAPSHOT] Initializing HiveMQ Platform extensions with initial configuration: {hivemq-allow-all-extension={start-priority=-1, skip-https-hostname-verification=false, restart=true, config-version=0, header-version=0, c-uri=, priority=-1, uri=preinstalled, skip-https-certificate-validation=false, enabled=true}, hivemq-prometheus-extension={priority=-1, start-priority=-1, c-uri=, skip-https-hostname-verification=false, skip-https-certificate-validation=false, uri=preinstalled, request-header-path=no-request-headers, enabled=true, restart=true}}
2025-01-29 01:01:51,976 INFO c.h.h.t.HelmChartContainer - [test-hivemq-platform] [hivemq] [89ea2ea8] INFO  - [HiveMQ Platform Operator Init App 1.7.0-SNAPSHOT] Extension hivemq-allow-all-extension was already enabled
2025-01-29 01:01:51,989 INFO c.h.h.t.HelmChartContainer - [test-hivemq-platform] [hivemq] [89ea2ea8] INFO  - [HiveMQ Platform Operator Init App 1.7.0-SNAPSHOT] Successfully enabled extension hivemq-prometheus-extension
2025-01-29 01:01:51,992 INFO c.h.h.t.HelmChartContainer - [test-hivemq-platform] [hivemq] [89ea2ea8] INFO  - [HiveMQ Platform Operator Init App 1.7.0-SNAPSHOT] Starting HiveMQ Platform version 4.36.0 (4.36.0)
2025-01-29 01:01:51,992 INFO c.h.h.t.HelmChartContainer - [test-hivemq-platform] [hivemq] [89ea2ea8] INFO  - [HiveMQ Platform Operator Init App 1.7.0-SNAPSHOT] Configuring the HiveMQ Platform
2025-01-29 01:01:52,078 INFO c.h.h.t.HelmChartContainer - [test-hivemq-platform] [hivemq] [89ea2ea8] INFO  - [HiveMQ Platform Operator Init App 1.7.0-SNAPSHOT] Changed logback.xml file scan period to 20 seconds
2025-01-29 01:01:52,092 INFO c.h.h.t.HelmChartContainer - [test-hivemq-platform] [hivemq] [89ea2ea8] INFO  - [HiveMQ Platform Operator Init App 1.7.0-SNAPSHOT] Starting the HiveMQ Platform
2025-01-29 01:01:52,172 INFO c.h.h.t.HelmChartContainer - [test-hivemq-platform] [hivemq] [89ea2ea8] -------------------------------------------------------------------------
2025-01-29 01:01:52,172 INFO c.h.h.t.HelmChartContainer - [test-hivemq-platform] [hivemq] [89ea2ea8] 
2025-01-29 01:01:52,172 INFO c.h.h.t.HelmChartContainer - [test-hivemq-platform] [hivemq] [89ea2ea8]                   _    _  _              __  __   ____
2025-01-29 01:01:52,172 INFO c.h.h.t.HelmChartContainer - [test-hivemq-platform] [hivemq] [89ea2ea8]                  | |  | |(_)            |  \/  | / __ \
2025-01-29 01:01:52,172 INFO c.h.h.t.HelmChartContainer - [test-hivemq-platform] [hivemq] [89ea2ea8]                  | |__| | _ __   __ ___ | \  / || |  | |
2025-01-29 01:01:52,172 INFO c.h.h.t.HelmChartContainer - [test-hivemq-platform] [hivemq] [89ea2ea8]                  |  __  || |\ \ / // _ \| |\/| || |  | |
2025-01-29 01:01:52,172 INFO c.h.h.t.HelmChartContainer - [test-hivemq-platform] [hivemq] [89ea2ea8]                  | |  | || | \ V /|  __/| |  | || |__| |
2025-01-29 01:01:52,172 INFO c.h.h.t.HelmChartContainer - [test-hivemq-platform] [hivemq] [89ea2ea8]                  |_|  |_||_|  \_/  \___||_|  |_| \___\_\
2025-01-29 01:01:52,172 INFO c.h.h.t.HelmChartContainer - [test-hivemq-platform] [hivemq] [89ea2ea8] 
2025-01-29 01:01:52,172 INFO c.h.h.t.HelmChartContainer - [test-hivemq-platform] [hivemq] [89ea2ea8] -------------------------------------------------------------------------
2025-01-29 01:01:52,172 INFO c.h.h.t.HelmChartContainer - [test-hivemq-platform] [hivemq] [89ea2ea8] 
2025-01-29 01:01:52,172 INFO c.h.h.t.HelmChartContainer - [test-hivemq-platform] [hivemq] [89ea2ea8]   HiveMQ Start Script for Linux/Unix v1.14
2025-01-29 01:01:52,172 INFO c.h.h.t.HelmChartContainer - [test-hivemq-platform] [hivemq] [89ea2ea8] 
2025-01-29 01:01:52,201 INFO c.h.h.t.HelmChartContainer - [test-hivemq-platform] [hivemq] [89ea2ea8] -------------------------------------------------------------------------
2025-01-29 01:01:52,201 INFO c.h.h.t.HelmChartContainer - [test-hivemq-platform] [hivemq] [89ea2ea8] 
2025-01-29 01:01:52,201 INFO c.h.h.t.HelmChartContainer - [test-hivemq-platform] [hivemq] [89ea2ea8]   HIVEMQ_HOME: /opt/hivemq
2025-01-29 01:01:52,201 INFO c.h.h.t.HelmChartContainer - [test-hivemq-platform] [hivemq] [89ea2ea8] 
2025-01-29 01:01:52,201 INFO c.h.h.t.HelmChartContainer - [test-hivemq-platform] [hivemq] [89ea2ea8]   JAVA_OPTS: -XX:+UnlockExperimentalVMOptions -XX:InitialRAMPercentage=50 -XX:MaxRAMPercentage=50 -Djava.net.preferIPv4Stack=true --add-opens java.base/java.lang=ALL-UNNAMED --add-opens java.base/java.nio=ALL-UNNAMED --add-opens java.base/sun.nio.ch=ALL-UNNAMED --add-opens jdk.management/com.sun.management.internal=ALL-UNNAMED --add-exports java.base/jdk.internal.misc=ALL-UNNAMED -Djava.security.egd=file:/dev/./urandom -Dcom.sun.management.jmxremote -Dcom.sun.management.jmxremote.port=9010 -Dcom.sun.management.jmxremote.local.only=false -Dcom.sun.management.jmxremote.authenticate=false -Dcom.sun.management.jmxremote.ssl=false -Duser.language=en -Duser.region=US -XX:+CrashOnOutOfMemoryError -XX:+HeapDumpOnOutOfMemoryError
2025-01-29 01:01:52,201 INFO c.h.h.t.HelmChartContainer - [test-hivemq-platform] [hivemq] [89ea2ea8] 
2025-01-29 01:01:52,201 INFO c.h.h.t.HelmChartContainer - [test-hivemq-platform] [hivemq] [89ea2ea8]   JAVA_VERSION: 21
2025-01-29 01:01:52,201 INFO c.h.h.t.HelmChartContainer - [test-hivemq-platform] [hivemq] [89ea2ea8] 
2025-01-29 01:01:52,201 INFO c.h.h.t.HelmChartContainer - [test-hivemq-platform] [hivemq] [89ea2ea8] -------------------------------------------------------------------------
2025-01-29 01:01:52,201 INFO c.h.h.t.HelmChartContainer - [test-hivemq-platform] [hivemq] [89ea2ea8] 
2025-01-29 01:01:54,380 INFO c.h.h.t.HelmChartContainer - [EVENT] Warning [Unhealthy] Readiness probe failed: HTTP probe failed with statuscode: 503 [helmvolumeclaimtemplatesit:test-hivemq-platform-2]
2025-01-29 01:01:54,380 INFO c.h.h.t.HelmChartContainer - Received Unhealthy event for container hivemq in pod test-hivemq-platform-2 [89ea2ea8-ab21-464f-9287-68649e40129e]
2025-01-29 01:01:54,388 INFO c.h.h.t.HelmChartContainer - [hivemq-test-hivemq-platform] [hivemq-platform-operator] [62b15f4a] 01:01:54.387 [pool-6-thread-39] DEBUG c.h.p.o.d.PlatformServiceResource - [helmvolu] Desired Platform services (3 services)
2025-01-29 01:01:54,388 INFO c.h.h.t.HelmChartContainer - [hivemq-test-hivemq-platform] [hivemq-platform-operator] [62b15f4a] 01:01:54.387 [pool-6-thread-38] DEBUG c.h.p.o.dependants.PodInfoConfigMap - [helmvolu] Desired PodInfo ConfigMap (1 extensions) (1 enabled)
2025-01-29 01:01:54,388 INFO c.h.h.t.HelmChartContainer - [hivemq-test-hivemq-platform] [hivemq-platform-operator] [62b15f4a] 01:01:54.387 [pool-6-thread-38] DEBUG c.h.p.o.dependants.PodInfoConfigMap - [helmvolu] Desired PodInfo ConfigMap (metrics port: 9399) (metrics path: /)
2025-01-29 01:01:54,388 INFO c.h.h.t.HelmChartContainer - [hivemq-test-hivemq-platform] [hivemq-platform-operator] [62b15f4a] 01:01:54.387 [pool-6-thread-38] DEBUG c.h.p.o.dependants.PodInfoConfigMap - [helmvolu] Desired PodInfo ConfigMap (extension state hash: -1817474005)
2025-01-29 01:01:54,388 INFO c.h.h.t.HelmChartContainer - [hivemq-test-hivemq-platform] [hivemq-platform-operator] [62b15f4a] 01:01:54.387 [pool-6-thread-35] DEBUG c.h.p.o.d.PodServiceAccountResource - [helmvolu] Desired PodServiceAccountResource (serviceAccountName: hivemq-platform-pod-test-hivemq-platform)
2025-01-29 01:01:54,395 INFO c.h.h.t.HelmChartContainer - [hivemq-test-hivemq-platform] [hivemq-platform-operator] [62b15f4a] 01:01:54.393 [pool-6-thread-39] DEBUG c.h.p.o.d.StatefulSetResource - [helmvolu] Desired StatefulSet (3 replicas) for status ROLLING_RESTART (SURGE_IN_PROGRESS)
2025-01-29 01:01:54,397 INFO c.h.h.t.HelmChartContainer - [hivemq-test-hivemq-platform] [hivemq-platform-operator] [62b15f4a] 01:01:54.396 [ReconcilerExecutor-hivemq-controller-136] INFO  c.h.p.o.HiveMQPlatformReconciler - [helmvolu] Reconciling HiveMQ Platform 'test-hivemq-platform' in namespace 'helmvolumeclaimtemplatesit'
2025-01-29 01:01:54,397 INFO c.h.h.t.HelmChartContainer - [hivemq-test-hivemq-platform] [hivemq-platform-operator] [62b15f4a] 01:01:54.396 [ReconcilerExecutor-hivemq-controller-136] DEBUG c.h.p.o.HiveMQPlatformReconciler - [helmvolu] Custom Resource Status ROLLING_RESTART - HiveMQ Platform is starting a surge Pod (rolling restart) (SURGE_IN_PROGRESS)
2025-01-29 01:01:54,397 INFO c.h.h.t.HelmChartContainer - [hivemq-test-hivemq-platform] [hivemq-platform-operator] [62b15f4a] 01:01:54.396 [ReconcilerExecutor-hivemq-controller-136] DEBUG c.h.p.o.HiveMQPlatformReconciler - [helmvolu] Custom Resource Spec (replicas: 2) (extensions: 1)
2025-01-29 01:01:54,398 INFO c.h.h.t.HelmChartContainer - [hivemq-test-hivemq-platform] [hivemq-platform-operator] [62b15f4a] 01:01:54.397 [ReconcilerExecutor-hivemq-controller-136] DEBUG c.h.p.o.HiveMQPlatformReconciler - [helmvolu] StatefulSet Status (revision: test-hivemq-platform-59475f86c9, replicas: 3, available: 2, ready: 2, current: 2, updated: 1)
2025-01-29 01:01:54,398 INFO c.h.h.t.HelmChartContainer - [hivemq-test-hivemq-platform] [hivemq-platform-operator] [62b15f4a] 01:01:54.397 [ReconcilerExecutor-hivemq-controller-136] DEBUG c.h.p.o.HiveMQPlatformReconciler - [helmvolu] StatefulSet Spec (replicas: 3, init containers: 1, containers: 1, volumes: 4)
2025-01-29 01:01:54,399 INFO c.h.h.t.HelmChartContainer - [hivemq-test-hivemq-platform] [hivemq-platform-operator] [62b15f4a] 01:01:54.398 [ReconcilerExecutor-hivemq-controller-136] DEBUG c.h.p.o.h.HiveMQPlatformReconcilerErrorHandler - [helmvolu] Pod 'test-hivemq-platform-2' phase Running
2025-01-29 01:01:54,400 INFO c.h.h.t.HelmChartContainer - [hivemq-test-hivemq-platform] [hivemq-platform-operator] [62b15f4a] 01:01:54.400 [ReconcilerExecutor-hivemq-controller-136] DEBUG c.h.p.o.h.HiveMQPlatformReconcilerErrorHandler - [helmvolu] Pod 'test-hivemq-platform-1' phase Running
2025-01-29 01:01:54,401 INFO c.h.h.t.HelmChartContainer - [hivemq-test-hivemq-platform] [hivemq-platform-operator] [62b15f4a] 01:01:54.401 [ReconcilerExecutor-hivemq-controller-136] DEBUG c.h.p.o.h.HiveMQPlatformReconcilerErrorHandler - [helmvolu] Pod 'test-hivemq-platform-0' phase Running
2025-01-29 01:01:54,402 INFO c.h.h.t.HelmChartContainer - [hivemq-test-hivemq-platform] [hivemq-platform-operator] [62b15f4a] 01:01:54.401 [ReconcilerExecutor-hivemq-controller-136] DEBUG c.h.p.o.h.HiveMQPlatformReconcilerRollingRestartHandler - [helmvolu] Rolling restart is waiting for 2 of 3 replicas
2025-01-29 01:01:54,686 INFO c.h.h.t.HelmChartContainer - [test-hivemq-platform] [hivemq] [89ea2ea8] INFO  - Starting HiveMQ Enterprise Server
2025-01-29 01:01:54,776 INFO c.h.h.t.HelmChartContainer - [test-hivemq-platform] [hivemq] [89ea2ea8] INFO  - HiveMQ version: 4.36.0
2025-01-29 01:01:54,776 INFO c.h.h.t.HelmChartContainer - [test-hivemq-platform] [hivemq] [89ea2ea8] INFO  - HiveMQ home directory: /opt/hivemq
2025-01-29 01:01:54,776 INFO c.h.h.t.HelmChartContainer - [test-hivemq-platform] [hivemq] [89ea2ea8] INFO  - Log Configuration was overridden by /opt/hivemq/conf/logback.xml
2025-01-29 01:01:56,088 INFO c.h.h.t.HelmChartContainer - [test-hivemq-platform] [hivemq] [89ea2ea8] INFO  - Successfully loaded configuration from '/opt/hivemq/conf-k8s/config.xml'.
2025-01-29 01:01:56,478 INFO c.h.h.t.HelmChartContainer - [test-hivemq-platform] [hivemq] [89ea2ea8] INFO  - This node's ID is gkHSz
2025-01-29 01:01:56,478 INFO c.h.h.t.HelmChartContainer - [test-hivemq-platform] [hivemq] [89ea2ea8] INFO  - Clustering is enabled
2025-01-29 01:01:59,576 INFO c.h.h.t.HelmChartContainer - [test-hivemq-platform] [hivemq] [89ea2ea8] WARN  - [HiveMQ Platform Operator Init App 1.7.0-SNAPSHOT] Cannot connect to Health API for readiness: null
2025-01-29 01:01:59,582 INFO c.h.h.t.HelmChartContainer - [EVENT] Warning [Unhealthy] Readiness probe failed: HTTP probe failed with statuscode: 503 [helmvolumeclaimtemplatesit:test-hivemq-platform-2]
2025-01-29 01:01:59,582 INFO c.h.h.t.HelmChartContainer - Received Unhealthy event for container hivemq in pod test-hivemq-platform-2 [89ea2ea8-ab21-464f-9287-68649e40129e]
2025-01-29 01:02:00,474 INFO c.h.h.t.HelmChartContainer - [test-hivemq-platform] [hivemq] [89ea2ea8] WARN  - [HiveMQ Platform Operator Init App 1.7.0-SNAPSHOT] Cannot connect to Health API for liveness: null
2025-01-29 01:02:00,474 INFO c.h.h.t.HelmChartContainer - [test-hivemq-platform] [hivemq] [89ea2ea8] INFO  - [HiveMQ Platform Operator Init App 1.7.0-SNAPSHOT] Returning default Health API response 200 for liveness
2025-01-29 01:02:04,294 INFO c.h.h.t.HelmChartContainer - [test-hivemq-platform] [hivemq] [89ea2ea8] WARN  - [HiveMQ Platform Operator Init App 1.7.0-SNAPSHOT] Cannot connect to Health API for readiness: null
2025-01-29 01:02:04,298 INFO c.h.h.t.HelmChartContainer - [EVENT] Warning [Unhealthy] Readiness probe failed: HTTP probe failed with statuscode: 503 [helmvolumeclaimtemplatesit:test-hivemq-platform-2]
2025-01-29 01:02:04,298 INFO c.h.h.t.HelmChartContainer - Received Unhealthy event for container hivemq in pod test-hivemq-platform-2 [89ea2ea8-ab21-464f-9287-68649e40129e]
2025-01-29 01:02:04,405 INFO c.h.h.t.HelmChartContainer - [hivemq-test-hivemq-platform] [hivemq-platform-operator] [62b15f4a] 01:02:04.404 [pool-6-thread-44] DEBUG c.h.p.o.d.PlatformServiceResource - [helmvolu] Desired Platform services (3 services)
2025-01-29 01:02:04,407 INFO c.h.h.t.HelmChartContainer - [hivemq-test-hivemq-platform] [hivemq-platform-operator] [62b15f4a] 01:02:04.405 [pool-6-thread-49] DEBUG c.h.p.o.d.PodServiceAccountResource - [helmvolu] Desired PodServiceAccountResource (serviceAccountName: hivemq-platform-pod-test-hivemq-platform)
2025-01-29 01:02:04,407 INFO c.h.h.t.HelmChartContainer - [hivemq-test-hivemq-platform] [hivemq-platform-operator] [62b15f4a] 01:02:04.406 [pool-6-thread-47] DEBUG c.h.p.o.dependants.PodInfoConfigMap - [helmvolu] Desired PodInfo ConfigMap (1 extensions) (1 enabled)
2025-01-29 01:02:04,408 INFO c.h.h.t.HelmChartContainer - [hivemq-test-hivemq-platform] [hivemq-platform-operator] [62b15f4a] 01:02:04.406 [pool-6-thread-47] DEBUG c.h.p.o.dependants.PodInfoConfigMap - [helmvolu] Desired PodInfo ConfigMap (metrics port: 9399) (metrics path: /)
2025-01-29 01:02:04,408 INFO c.h.h.t.HelmChartContainer - [hivemq-test-hivemq-platform] [hivemq-platform-operator] [62b15f4a] 01:02:04.406 [pool-6-thread-47] DEBUG c.h.p.o.dependants.PodInfoConfigMap - [helmvolu] Desired PodInfo ConfigMap (extension state hash: -1817474005)
2025-01-29 01:02:04,411 INFO c.h.h.t.HelmChartContainer - [hivemq-test-hivemq-platform] [hivemq-platform-operator] [62b15f4a] 01:02:04.410 [pool-6-thread-44] DEBUG c.h.p.o.d.StatefulSetResource - [helmvolu] Desired StatefulSet (3 replicas) for status ROLLING_RESTART (SURGE_IN_PROGRESS)
2025-01-29 01:02:04,414 INFO c.h.h.t.HelmChartContainer - [hivemq-test-hivemq-platform] [hivemq-platform-operator] [62b15f4a] 01:02:04.413 [ReconcilerExecutor-hivemq-controller-137] INFO  c.h.p.o.HiveMQPlatformReconciler - [helmvolu] Reconciling HiveMQ Platform 'test-hivemq-platform' in namespace 'helmvolumeclaimtemplatesit'
2025-01-29 01:02:04,415 INFO c.h.h.t.HelmChartContainer - [hivemq-test-hivemq-platform] [hivemq-platform-operator] [62b15f4a] 01:02:04.413 [ReconcilerExecutor-hivemq-controller-137] DEBUG c.h.p.o.HiveMQPlatformReconciler - [helmvolu] Custom Resource Status ROLLING_RESTART - HiveMQ Platform is starting a surge Pod (rolling restart) (SURGE_IN_PROGRESS)
2025-01-29 01:02:04,415 INFO c.h.h.t.HelmChartContainer - [hivemq-test-hivemq-platform] [hivemq-platform-operator] [62b15f4a] 01:02:04.413 [ReconcilerExecutor-hivemq-controller-137] DEBUG c.h.p.o.HiveMQPlatformReconciler - [helmvolu] Custom Resource Spec (replicas: 2) (extensions: 1)
2025-01-29 01:02:04,415 INFO c.h.h.t.HelmChartContainer - [hivemq-test-hivemq-platform] [hivemq-platform-operator] [62b15f4a] 01:02:04.414 [ReconcilerExecutor-hivemq-controller-137] DEBUG c.h.p.o.HiveMQPlatformReconciler - [helmvolu] StatefulSet Status (revision: test-hivemq-platform-59475f86c9, replicas: 3, available: 2, ready: 2, current: 2, updated: 1)
2025-01-29 01:02:04,415 INFO c.h.h.t.HelmChartContainer - [hivemq-test-hivemq-platform] [hivemq-platform-operator] [62b15f4a] 01:02:04.414 [ReconcilerExecutor-hivemq-controller-137] DEBUG c.h.p.o.HiveMQPlatformReconciler - [helmvolu] StatefulSet Spec (replicas: 3, init containers: 1, containers: 1, volumes: 4)
2025-01-29 01:02:04,417 INFO c.h.h.t.HelmChartContainer - [hivemq-test-hivemq-platform] [hivemq-platform-operator] [62b15f4a] 01:02:04.415 [ReconcilerExecutor-hivemq-controller-137] DEBUG c.h.p.o.h.HiveMQPlatformReconcilerErrorHandler - [helmvolu] Pod 'test-hivemq-platform-2' phase Running
2025-01-29 01:02:04,418 INFO c.h.h.t.HelmChartContainer - [hivemq-test-hivemq-platform] [hivemq-platform-operator] [62b15f4a] 01:02:04.416 [ReconcilerExecutor-hivemq-controller-137] DEBUG c.h.p.o.h.HiveMQPlatformReconcilerErrorHandler - [helmvolu] Pod 'test-hivemq-platform-1' phase Running
2025-01-29 01:02:04,418 INFO c.h.h.t.HelmChartContainer - [hivemq-test-hivemq-platform] [hivemq-platform-operator] [62b15f4a] 01:02:04.417 [ReconcilerExecutor-hivemq-controller-137] DEBUG c.h.p.o.h.HiveMQPlatformReconcilerErrorHandler - [helmvolu] Pod 'test-hivemq-platform-0' phase Running
2025-01-29 01:02:04,418 INFO c.h.h.t.HelmChartContainer - [hivemq-test-hivemq-platform] [hivemq-platform-operator] [62b15f4a] 01:02:04.417 [ReconcilerExecutor-hivemq-controller-137] DEBUG c.h.p.o.h.HiveMQPlatformReconcilerRollingRestartHandler - [helmvolu] Rolling restart is waiting for 2 of 3 replicas
2025-01-29 01:02:09,374 INFO c.h.h.t.HelmChartContainer - [test-hivemq-platform] [hivemq] [89ea2ea8] WARN  - [HiveMQ Platform Operator Init App 1.7.0-SNAPSHOT] Cannot connect to Health API for readiness: null
2025-01-29 01:02:09,383 INFO c.h.h.t.HelmChartContainer - [EVENT] Warning [Unhealthy] Readiness probe failed: HTTP probe failed with statuscode: 503 [helmvolumeclaimtemplatesit:test-hivemq-platform-2]
2025-01-29 01:02:09,384 INFO c.h.h.t.HelmChartContainer - Received Unhealthy event for container hivemq in pod test-hivemq-platform-2 [89ea2ea8-ab21-464f-9287-68649e40129e]
2025-01-29 01:02:09,975 INFO c.h.h.t.HelmChartContainer - [test-hivemq-platform] [hivemq] [89ea2ea8] INFO  - No valid license file found. Using trial license, restricted to 25 connections.
2025-01-29 01:02:13,471 INFO c.h.h.t.HelmChartContainer - [test-hivemq-platform] [hivemq] [89ea2ea8] INFO  - No valid license file for Data Hub found. Using free license, restricted to 1 policy.
2025-01-29 01:02:14,295 INFO c.h.h.t.HelmChartContainer - [test-hivemq-platform] [hivemq] [89ea2ea8] WARN  - [HiveMQ Platform Operator Init App 1.7.0-SNAPSHOT] Cannot connect to Health API for readiness: null
2025-01-29 01:02:14,299 INFO c.h.h.t.HelmChartContainer - [EVENT] Warning [Unhealthy] Readiness probe failed: HTTP probe failed with statuscode: 503 [helmvolumeclaimtemplatesit:test-hivemq-platform-2]
2025-01-29 01:02:14,299 INFO c.h.h.t.HelmChartContainer - Received Unhealthy event for container hivemq in pod test-hivemq-platform-2 [89ea2ea8-ab21-464f-9287-68649e40129e]
2025-01-29 01:02:14,422 INFO c.h.h.t.HelmChartContainer - [hivemq-test-hivemq-platform] [hivemq-platform-operator] [62b15f4a] 01:02:14.420 [pool-6-thread-9] DEBUG c.h.p.o.d.PlatformServiceResource - [helmvolu] Desired Platform services (3 services)
2025-01-29 01:02:14,422 INFO c.h.h.t.HelmChartContainer - [hivemq-test-hivemq-platform] [hivemq-platform-operator] [62b15f4a] 01:02:14.421 [pool-6-thread-2] DEBUG c.h.p.o.dependants.PodInfoConfigMap - [helmvolu] Desired PodInfo ConfigMap (1 extensions) (1 enabled)
2025-01-29 01:02:14,422 INFO c.h.h.t.HelmChartContainer - [hivemq-test-hivemq-platform] [hivemq-platform-operator] [62b15f4a] 01:02:14.421 [pool-6-thread-2] DEBUG c.h.p.o.dependants.PodInfoConfigMap - [helmvolu] Desired PodInfo ConfigMap (metrics port: 9399) (metrics path: /)
2025-01-29 01:02:14,422 INFO c.h.h.t.HelmChartContainer - [hivemq-test-hivemq-platform] [hivemq-platform-operator] [62b15f4a] 01:02:14.421 [pool-6-thread-2] DEBUG c.h.p.o.dependants.PodInfoConfigMap - [helmvolu] Desired PodInfo ConfigMap (extension state hash: -1817474005)
2025-01-29 01:02:14,423 INFO c.h.h.t.HelmChartContainer - [hivemq-test-hivemq-platform] [hivemq-platform-operator] [62b15f4a] 01:02:14.421 [pool-6-thread-1] DEBUG c.h.p.o.d.PodServiceAccountResource - [helmvolu] Desired PodServiceAccountResource (serviceAccountName: hivemq-platform-pod-test-hivemq-platform)
2025-01-29 01:02:14,426 INFO c.h.h.t.HelmChartContainer - [hivemq-test-hivemq-platform] [hivemq-platform-operator] [62b15f4a] 01:02:14.426 [pool-6-thread-9] DEBUG c.h.p.o.d.StatefulSetResource - [helmvolu] Desired StatefulSet (3 replicas) for status ROLLING_RESTART (SURGE_IN_PROGRESS)
2025-01-29 01:02:14,430 INFO c.h.h.t.HelmChartContainer - [hivemq-test-hivemq-platform] [hivemq-platform-operator] [62b15f4a] 01:02:14.429 [ReconcilerExecutor-hivemq-controller-138] INFO  c.h.p.o.HiveMQPlatformReconciler - [helmvolu] Reconciling HiveMQ Platform 'test-hivemq-platform' in namespace 'helmvolumeclaimtemplatesit'
2025-01-29 01:02:14,430 INFO c.h.h.t.HelmChartContainer - [hivemq-test-hivemq-platform] [hivemq-platform-operator] [62b15f4a] 01:02:14.429 [ReconcilerExecutor-hivemq-controller-138] DEBUG c.h.p.o.HiveMQPlatformReconciler - [helmvolu] Custom Resource Status ROLLING_RESTART - HiveMQ Platform is starting a surge Pod (rolling restart) (SURGE_IN_PROGRESS)
2025-01-29 01:02:14,431 INFO c.h.h.t.HelmChartContainer - [hivemq-test-hivemq-platform] [hivemq-platform-operator] [62b15f4a] 01:02:14.429 [ReconcilerExecutor-hivemq-controller-138] DEBUG c.h.p.o.HiveMQPlatformReconciler - [helmvolu] Custom Resource Spec (replicas: 2) (extensions: 1)
2025-01-29 01:02:14,431 INFO c.h.h.t.HelmChartContainer - [hivemq-test-hivemq-platform] [hivemq-platform-operator] [62b15f4a] 01:02:14.430 [ReconcilerExecutor-hivemq-controller-138] DEBUG c.h.p.o.HiveMQPlatformReconciler - [helmvolu] StatefulSet Status (revision: test-hivemq-platform-59475f86c9, replicas: 3, available: 2, ready: 2, current: 2, updated: 1)
2025-01-29 01:02:14,431 INFO c.h.h.t.HelmChartContainer - [hivemq-test-hivemq-platform] [hivemq-platform-operator] [62b15f4a] 01:02:14.430 [ReconcilerExecutor-hivemq-controller-138] DEBUG c.h.p.o.HiveMQPlatformReconciler - [helmvolu] StatefulSet Spec (replicas: 3, init containers: 1, containers: 1, volumes: 4)
2025-01-29 01:02:14,432 INFO c.h.h.t.HelmChartContainer - [hivemq-test-hivemq-platform] [hivemq-platform-operator] [62b15f4a] 01:02:14.431 [ReconcilerExecutor-hivemq-controller-138] DEBUG c.h.p.o.h.HiveMQPlatformReconcilerErrorHandler - [helmvolu] Pod 'test-hivemq-platform-2' phase Running
2025-01-29 01:02:14,434 INFO c.h.h.t.HelmChartContainer - [hivemq-test-hivemq-platform] [hivemq-platform-operator] [62b15f4a] 01:02:14.434 [ReconcilerExecutor-hivemq-controller-138] DEBUG c.h.p.o.h.HiveMQPlatformReconcilerErrorHandler - [helmvolu] Pod 'test-hivemq-platform-1' phase Running
2025-01-29 01:02:14,435 INFO c.h.h.t.HelmChartContainer - [hivemq-test-hivemq-platform] [hivemq-platform-operator] [62b15f4a] 01:02:14.434 [ReconcilerExecutor-hivemq-controller-138] DEBUG c.h.p.o.h.HiveMQPlatformReconcilerErrorHandler - [helmvolu] Pod 'test-hivemq-platform-0' phase Running
2025-01-29 01:02:14,435 INFO c.h.h.t.HelmChartContainer - [hivemq-test-hivemq-platform] [hivemq-platform-operator] [62b15f4a] 01:02:14.435 [ReconcilerExecutor-hivemq-controller-138] DEBUG c.h.p.o.h.HiveMQPlatformReconcilerRollingRestartHandler - [helmvolu] Rolling restart is waiting for 2 of 3 replicas
2025-01-29 01:02:14,688 INFO c.h.h.t.HelmChartContainer - [test-hivemq-platform] [hivemq] [89ea2ea8] INFO  - Audit Logger started.
2025-01-29 01:02:15,005 INFO c.h.h.t.HelmChartContainer - [test-hivemq-platform] [hivemq] [89ea2ea8] INFO  - This node uses '1' CPU cores.
2025-01-29 01:02:15,010 INFO c.h.h.t.HelmChartContainer - [test-hivemq-platform] [hivemq] [89ea2ea8] INFO  - Starting HiveMQ Health API on address 0.0.0.0 and port 8889
2025-01-29 01:02:15,892 INFO c.h.h.t.HelmChartContainer - [test-hivemq-platform] [hivemq] [89ea2ea8] INFO  - Started HiveMQ Health API in 881ms
2025-01-29 01:02:16,709 INFO c.h.h.t.HelmChartContainer - [test-hivemq-platform] [hivemq] [89ea2ea8] INFO  - Starting HiveMQ extension system.
2025-01-29 01:02:16,887 INFO c.h.h.t.HelmChartContainer - [test-hivemq-platform] [hivemq] [89ea2ea8] INFO  - Starting extension with id "hivemq-dns-cluster-discovery" at /opt/hivemq/extensions/hivemq-dns-cluster-discovery
2025-01-29 01:02:17,474 INFO c.h.h.t.HelmChartContainer - [test-hivemq-platform] [hivemq] [89ea2ea8] INFO  - Extension "DNS Cluster Discovery Extension" version 4.3.2 started successfully.
2025-01-29 01:02:17,474 INFO c.h.h.t.HelmChartContainer - [test-hivemq-platform] [hivemq] [89ea2ea8] INFO  - Starting extension with id "hivemq-prometheus-extension" at /opt/hivemq/extensions/hivemq-prometheus-extension
2025-01-29 01:02:17,474 INFO c.h.h.t.HelmChartContainer - [test-hivemq-platform] [hivemq] [89ea2ea8] INFO  - Using TCP cluster transport on address 10.42.0.13 and port 7000
2025-01-29 01:02:17,483 INFO c.h.h.t.HelmChartContainer - [test-hivemq-platform] [hivemq] [89ea2ea8] INFO  - Using extension cluster discovery
2025-01-29 01:02:18,384 INFO c.h.h.t.HelmChartContainer - [test-hivemq-platform] [hivemq] [89ea2ea8] INFO  - Started Jetty Server exposing Prometheus Servlet on URI http://0.0.0.0:9399/
2025-01-29 01:02:18,384 INFO c.h.h.t.HelmChartContainer - [test-hivemq-platform] [hivemq] [89ea2ea8] INFO  - Extension "Prometheus Monitoring Extension" version 4.0.12 started successfully.
2025-01-29 01:02:18,384 INFO c.h.h.t.HelmChartContainer - [test-hivemq-platform] [hivemq] [89ea2ea8] INFO  - Starting extension with id "hivemq-allow-all-extension" at /opt/hivemq/extensions/hivemq-allow-all-extension
2025-01-29 01:02:18,384 INFO c.h.h.t.HelmChartContainer - [test-hivemq-platform] [hivemq] [89ea2ea8] WARN  - 
2025-01-29 01:02:18,384 INFO c.h.h.t.HelmChartContainer - [test-hivemq-platform] [hivemq] [89ea2ea8] ################################################################################################################
2025-01-29 01:02:18,384 INFO c.h.h.t.HelmChartContainer - [test-hivemq-platform] [hivemq] [89ea2ea8] # This HiveMQ deployment is not secure! You are lacking Authentication and Authorization.                      #
2025-01-29 01:02:18,384 INFO c.h.h.t.HelmChartContainer - [test-hivemq-platform] [hivemq] [89ea2ea8] # Right now any MQTT client can connect to the broker with a full set of permissions.                          #
2025-01-29 01:02:18,384 INFO c.h.h.t.HelmChartContainer - [test-hivemq-platform] [hivemq] [89ea2ea8] # For production usage, add an appropriate security extension and remove the hivemq-allow-all extension.       #
2025-01-29 01:02:18,384 INFO c.h.h.t.HelmChartContainer - [test-hivemq-platform] [hivemq] [89ea2ea8] # You can download security extensions from the HiveMQ Marketplace (https://www.hivemq.com/extensions/).       #
2025-01-29 01:02:18,384 INFO c.h.h.t.HelmChartContainer - [test-hivemq-platform] [hivemq] [89ea2ea8] ################################################################################################################
2025-01-29 01:02:18,384 INFO c.h.h.t.HelmChartContainer - [test-hivemq-platform] [hivemq] [89ea2ea8] INFO  - Extension "Allow All Extension" version 1.1.1 started successfully.
2025-01-29 01:02:18,576 INFO c.h.h.t.HelmChartContainer - [test-hivemq-platform] [hivemq] [605aab2b] INFO  - Cluster nodes found by discovery: [3rtKK|2] (3) [3rtKK, CoqyU, gkHSz].
2025-01-29 01:02:18,579 INFO c.h.h.t.HelmChartContainer - [test-hivemq-platform] [hivemq] [87ee406e] INFO  - Cluster nodes found by discovery: [3rtKK|2] (3) [3rtKK, CoqyU, gkHSz].
2025-01-29 01:02:18,586 INFO c.h.h.t.HelmChartContainer - [test-hivemq-platform] [hivemq] [89ea2ea8] INFO  - Cluster nodes found by discovery: [3rtKK|2] (3) [3rtKK, CoqyU, gkHSz].
2025-01-29 01:02:18,696 INFO c.h.h.t.HelmChartContainer - [test-hivemq-platform] [hivemq] [89ea2ea8] INFO  - Cluster size = 1, members : [3rtKK].
2025-01-29 01:02:18,776 INFO c.h.h.t.HelmChartContainer - [test-hivemq-platform] [hivemq] [89ea2ea8] INFO  - Cluster size = 2, members : [3rtKK, CoqyU].
2025-01-29 01:02:19,073 INFO c.h.h.t.HelmChartContainer - [test-hivemq-platform] [hivemq] [89ea2ea8] INFO  - Starting cluster join process. This may take a while. Please do not shut down HiveMQ.
2025-01-29 01:02:19,074 INFO c.h.h.t.HelmChartContainer - [test-hivemq-platform] [hivemq] [89ea2ea8] INFO  - Cluster join process is still ongoing. Please do not shut down HiveMQ.
2025-01-29 01:02:19,780 INFO c.h.h.t.HelmChartContainer - [test-hivemq-platform] [hivemq] [89ea2ea8] INFO  - [HiveMQ Platform Operator Init App 1.7.0-SNAPSHOT] Returning Health API response 503 for readiness
2025-01-29 01:02:19,786 INFO c.h.h.t.HelmChartContainer - [EVENT] Warning [Unhealthy] Readiness probe failed: HTTP probe failed with statuscode: 503 [helmvolumeclaimtemplatesit:test-hivemq-platform-2]
2025-01-29 01:02:19,786 INFO c.h.h.t.HelmChartContainer - Received Unhealthy event for container hivemq in pod test-hivemq-platform-2 [89ea2ea8-ab21-464f-9287-68649e40129e]
2025-01-29 01:02:21,080 INFO c.h.h.t.HelmChartContainer - [test-hivemq-platform] [hivemq] [605aab2b] INFO  - Cluster size = 3, members : [3rtKK, CoqyU, gkHSz].
2025-01-29 01:02:21,091 INFO c.h.h.t.HelmChartContainer - [test-hivemq-platform] [hivemq] [87ee406e] INFO  - Cluster size = 3, members : [3rtKK, CoqyU, gkHSz].
2025-01-29 01:02:21,100 INFO c.h.h.t.HelmChartContainer - [test-hivemq-platform] [hivemq] [89ea2ea8] INFO  - Cluster size = 3, members : [3rtKK, CoqyU, gkHSz].
2025-01-29 01:02:21,107 INFO c.h.h.t.HelmChartContainer - [test-hivemq-platform] [hivemq] [89ea2ea8] INFO  - Finished cluster join process successfully.
2025-01-29 01:02:21,108 INFO c.h.h.t.HelmChartContainer - [test-hivemq-platform] [hivemq] [89ea2ea8] WARN  - No user for HiveMQ Control Center configured. Starting with default user
2025-01-29 01:02:21,173 INFO c.h.h.t.HelmChartContainer - [test-hivemq-platform] [hivemq] [89ea2ea8] INFO  - Starting HiveMQ Control Center on address 0.0.0.0 and port 8080
2025-01-29 01:02:21,180 INFO c.h.h.t.HelmChartContainer - [test-hivemq-platform] [hivemq] [89ea2ea8] INFO  - Mounting HiveMQ Control Center V2 Preview
2025-01-29 01:02:21,873 INFO c.h.h.t.HelmChartContainer - [test-hivemq-platform] [hivemq] [89ea2ea8] INFO  - Started HiveMQ Control Center in 765ms
2025-01-29 01:02:21,892 INFO c.h.h.t.HelmChartContainer - [test-hivemq-platform] [hivemq] [89ea2ea8] INFO  - Starting TCP listener on address 0.0.0.0 and port 1884
2025-01-29 01:02:21,910 INFO c.h.h.t.HelmChartContainer - [test-hivemq-platform] [hivemq] [89ea2ea8] INFO  - Started TCP Listener on address 0.0.0.0 and on port 1884.
2025-01-29 01:02:21,911 INFO c.h.h.t.HelmChartContainer - [test-hivemq-platform] [hivemq] [89ea2ea8] INFO  - Started HiveMQ in 27633ms
2025-01-29 01:02:23,427 INFO c.h.h.t.HelmChartContainer - [K3S] [INFO] COMPACT compactRev=0 targetCompactRev=2 currentRev=1052
2025-01-29 01:02:23,427 INFO c.h.h.t.HelmChartContainer - [K3S] [INFO] COMPACT deleted 0 rows from 2 revisions in 550.661µs - compacted to 2/1052
2025-01-29 01:02:23,427 INFO c.h.h.t.HelmChartContainer - [K3S] [INFO] COMPACT compacted from 0 to 2 in 1 transactions over 1ms
2025-01-29 01:02:24,295 INFO c.h.h.t.HelmChartContainer - [test-hivemq-platform] [hivemq] [89ea2ea8] INFO  - [HiveMQ Platform Operator Init App 1.7.0-SNAPSHOT] Returning Health API response 200 for readiness
2025-01-29 01:02:24,315 INFO c.h.h.t.HelmChartContainer - [POD] test-hivemq-platform-2 [89ea2ea8-ab21-464f-9287-68649e40129e] in helmvolumeclaimtemplatesit was MODIFIED
2025-01-29 01:02:24,319 INFO c.h.h.t.HelmChartContainer - [hivemq-test-hivemq-platform] [hivemq-platform-operator] [62b15f4a] 01:02:24.313 [pool-6-thread-12] DEBUG c.h.p.o.d.PlatformServiceResource - [helmvolu] Desired Platform services (3 services)
2025-01-29 01:02:24,320 INFO c.h.h.t.HelmChartContainer - [hivemq-test-hivemq-platform] [hivemq-platform-operator] [62b15f4a] 01:02:24.316 [pool-6-thread-16] DEBUG c.h.p.o.dependants.PodInfoConfigMap - [helmvolu] Desired PodInfo ConfigMap (1 extensions) (1 enabled)
2025-01-29 01:02:24,320 INFO c.h.h.t.HelmChartContainer - [hivemq-test-hivemq-platform] [hivemq-platform-operator] [62b15f4a] 01:02:24.316 [pool-6-thread-16] DEBUG c.h.p.o.dependants.PodInfoConfigMap - [helmvolu] Desired PodInfo ConfigMap (metrics port: 9399) (metrics path: /)
2025-01-29 01:02:24,320 INFO c.h.h.t.HelmChartContainer - [hivemq-test-hivemq-platform] [hivemq-platform-operator] [62b15f4a] 01:02:24.316 [pool-6-thread-16] DEBUG c.h.p.o.dependants.PodInfoConfigMap - [helmvolu] Desired PodInfo ConfigMap (extension state hash: -1817474005)
2025-01-29 01:02:24,320 INFO c.h.h.t.HelmChartContainer - [hivemq-test-hivemq-platform] [hivemq-platform-operator] [62b15f4a] 01:02:24.318 [pool-6-thread-13] DEBUG c.h.p.o.d.PodServiceAccountResource - [helmvolu] Desired PodServiceAccountResource (serviceAccountName: hivemq-platform-pod-test-hivemq-platform)
2025-01-29 01:02:24,324 INFO c.h.h.t.HelmChartContainer - [hivemq-test-hivemq-platform] [hivemq-platform-operator] [62b15f4a] 01:02:24.321 [pool-6-thread-17] DEBUG c.h.p.o.d.StatefulSetResource - [helmvolu] Desired StatefulSet (3 replicas) for status ROLLING_RESTART (SURGE_IN_PROGRESS)
2025-01-29 01:02:24,327 INFO c.h.h.t.HelmChartContainer - [hivemq-test-hivemq-platform] [hivemq-platform-operator] [62b15f4a] 01:02:24.326 [ReconcilerExecutor-hivemq-controller-139] INFO  c.h.p.o.HiveMQPlatformReconciler - [helmvolu] Reconciling HiveMQ Platform 'test-hivemq-platform' in namespace 'helmvolumeclaimtemplatesit'
2025-01-29 01:02:24,327 INFO c.h.h.t.HelmChartContainer - [hivemq-test-hivemq-platform] [hivemq-platform-operator] [62b15f4a] 01:02:24.326 [ReconcilerExecutor-hivemq-controller-139] DEBUG c.h.p.o.HiveMQPlatformReconciler - [helmvolu] Custom Resource Status ROLLING_RESTART - HiveMQ Platform is starting a surge Pod (rolling restart) (SURGE_IN_PROGRESS)
2025-01-29 01:02:24,327 INFO c.h.h.t.HelmChartContainer - [hivemq-test-hivemq-platform] [hivemq-platform-operator] [62b15f4a] 01:02:24.326 [ReconcilerExecutor-hivemq-controller-139] DEBUG c.h.p.o.HiveMQPlatformReconciler - [helmvolu] Custom Resource Spec (replicas: 2) (extensions: 1)
2025-01-29 01:02:24,329 INFO c.h.h.t.HelmChartContainer - [hivemq-test-hivemq-platform] [hivemq-platform-operator] [62b15f4a] 01:02:24.328 [ReconcilerExecutor-hivemq-controller-139] DEBUG c.h.p.o.HiveMQPlatformReconciler - [helmvolu] StatefulSet Status (revision: test-hivemq-platform-59475f86c9, replicas: 3, available: 3, ready: 3, current: 2, updated: 1)
2025-01-29 01:02:24,329 INFO c.h.h.t.HelmChartContainer - [hivemq-test-hivemq-platform] [hivemq-platform-operator] [62b15f4a] 01:02:24.328 [ReconcilerExecutor-hivemq-controller-139] DEBUG c.h.p.o.HiveMQPlatformReconciler - [helmvolu] StatefulSet Spec (replicas: 3, init containers: 1, containers: 1, volumes: 4)
2025-01-29 01:02:24,330 INFO c.h.h.t.HelmChartContainer - [hivemq-test-hivemq-platform] [hivemq-platform-operator] [62b15f4a] 01:02:24.329 [ReconcilerExecutor-hivemq-controller-139] DEBUG c.h.p.o.h.HiveMQPlatformReconcilerErrorHandler - [helmvolu] Pod 'test-hivemq-platform-2' phase Running
2025-01-29 01:02:24,331 INFO c.h.h.t.HelmChartContainer - [hivemq-test-hivemq-platform] [hivemq-platform-operator] [62b15f4a] 01:02:24.330 [ReconcilerExecutor-hivemq-controller-139] DEBUG c.h.p.o.h.HiveMQPlatformReconcilerErrorHandler - [helmvolu] Pod 'test-hivemq-platform-1' phase Running
2025-01-29 01:02:24,333 INFO c.h.h.t.HelmChartContainer - [hivemq-test-hivemq-platform] [hivemq-platform-operator] [62b15f4a] 01:02:24.331 [ReconcilerExecutor-hivemq-controller-139] DEBUG c.h.p.o.h.HiveMQPlatformReconcilerErrorHandler - [helmvolu] Pod 'test-hivemq-platform-0' phase Running
2025-01-29 01:02:24,334 INFO c.h.h.t.HelmChartContainer - [hivemq-test-hivemq-platform] [hivemq-platform-operator] [62b15f4a] 01:02:24.331 [ReconcilerExecutor-hivemq-controller-139] INFO  c.h.p.o.h.HiveMQPlatformReconcilerRollingRestartHandler - [helmvolu] Surge Pod started successfully
2025-01-29 01:02:24,392 INFO c.h.h.t.HelmChartContainer - [hivemq-test-hivemq-platform] [hivemq-platform-operator] [62b15f4a] 01:02:24.391 [ReconcilerExecutor-hivemq-controller-139] DEBUG c.h.p.operator.event.EventSender - [helmvolu] Creating K8s event rolling-restart-surge-in-progress: [RollingRestart] HiveMQ Platform is restarting Pods (rolling restart)
2025-01-29 01:02:24,395 INFO c.h.h.t.HelmChartContainer - [EVENT] Normal [RollingRestart] HiveMQ Platform is restarting Pods (rolling restart) [helmvolumeclaimtemplatesit:test-hivemq-platform]
2025-01-29 01:02:24,395 INFO c.h.h.t.HelmChartContainer - [hivemq-test-hivemq-platform] [hivemq-platform-operator] [62b15f4a] 01:02:24.395 [ReconcilerExecutor-hivemq-controller-139] INFO  c.h.p.o.h.AbstractHiveMQReconcilerStateHandler - [helmvolu] Update HiveMQ Platform Status (ROLLING_RESTART [SURGE_IN_PROGRESS] -> ROLLING_RESTART [RESTART_PODS_IN_PROGRESS]): HiveMQ Platform is restarting Pods (rolling restart)
2025-01-29 01:02:24,403 DEBUG com.hivemq.helmcharts.util.K8sUtil - Comparing actual state 'ROLLING_RESTART' and waiting for 'RUNNING'
2025-01-29 01:02:24,406 INFO c.h.h.t.HelmChartContainer - [hivemq-test-hivemq-platform] [hivemq-platform-operator] [62b15f4a] 01:02:24.404 [pool-6-thread-30] DEBUG c.h.p.o.d.PlatformServiceResource - [helmvolu] Desired Platform services (3 services)
2025-01-29 01:02:24,406 INFO c.h.h.t.HelmChartContainer - [hivemq-test-hivemq-platform] [hivemq-platform-operator] [62b15f4a] 01:02:24.405 [pool-6-thread-29] DEBUG c.h.p.o.d.PodServiceAccountResource - [helmvolu] Desired PodServiceAccountResource (serviceAccountName: hivemq-platform-pod-test-hivemq-platform)
2025-01-29 01:02:24,479 INFO c.h.h.t.HelmChartContainer - [hivemq-test-hivemq-platform] [hivemq-platform-operator] [62b15f4a] 01:02:24.478 [pool-6-thread-28] DEBUG c.h.p.o.dependants.PodInfoConfigMap - [helmvolu] Desired PodInfo ConfigMap (1 extensions) (1 enabled)
2025-01-29 01:02:24,479 INFO c.h.h.t.HelmChartContainer - [hivemq-test-hivemq-platform] [hivemq-platform-operator] [62b15f4a] 01:02:24.478 [pool-6-thread-28] DEBUG c.h.p.o.dependants.PodInfoConfigMap - [helmvolu] Desired PodInfo ConfigMap (metrics port: 9399) (metrics path: /)
2025-01-29 01:02:24,479 INFO c.h.h.t.HelmChartContainer - [hivemq-test-hivemq-platform] [hivemq-platform-operator] [62b15f4a] 01:02:24.478 [pool-6-thread-28] DEBUG c.h.p.o.dependants.PodInfoConfigMap - [helmvolu] Desired PodInfo ConfigMap (extension state hash: -1817474005)
2025-01-29 01:02:24,480 INFO c.h.h.t.HelmChartContainer - [hivemq-test-hivemq-platform] [hivemq-platform-operator] [62b15f4a] 01:02:24.480 [pool-6-thread-28] DEBUG c.h.p.o.d.StatefulSetResource - [helmvolu] Desired StatefulSet (3 replicas) for status ROLLING_RESTART (RESTART_PODS_IN_PROGRESS)
2025-01-29 01:02:24,484 INFO c.h.h.t.HelmChartContainer - [hivemq-test-hivemq-platform] [hivemq-platform-operator] [62b15f4a] 01:02:24.483 [ReconcilerExecutor-hivemq-controller-140] INFO  c.h.p.o.HiveMQPlatformReconciler - [helmvolu] Reconciling HiveMQ Platform 'test-hivemq-platform' in namespace 'helmvolumeclaimtemplatesit'
2025-01-29 01:02:24,484 INFO c.h.h.t.HelmChartContainer - [hivemq-test-hivemq-platform] [hivemq-platform-operator] [62b15f4a] 01:02:24.483 [ReconcilerExecutor-hivemq-controller-140] DEBUG c.h.p.o.HiveMQPlatformReconciler - [helmvolu] Custom Resource Status ROLLING_RESTART - HiveMQ Platform is restarting Pods (rolling restart) (RESTART_PODS_IN_PROGRESS)
2025-01-29 01:02:24,484 INFO c.h.h.t.HelmChartContainer - [hivemq-test-hivemq-platform] [hivemq-platform-operator] [62b15f4a] 01:02:24.483 [ReconcilerExecutor-hivemq-controller-140] DEBUG c.h.p.o.HiveMQPlatformReconciler - [helmvolu] Custom Resource Spec (replicas: 2) (extensions: 1)
2025-01-29 01:02:24,486 INFO c.h.h.t.HelmChartContainer - [hivemq-test-hivemq-platform] [hivemq-platform-operator] [62b15f4a] 01:02:24.484 [ReconcilerExecutor-hivemq-controller-140] DEBUG c.h.p.o.HiveMQPlatformReconciler - [helmvolu] StatefulSet Status (revision: test-hivemq-platform-59475f86c9, replicas: 3, available: 3, ready: 3, current: 2, updated: 1)
2025-01-29 01:02:24,486 INFO c.h.h.t.HelmChartContainer - [hivemq-test-hivemq-platform] [hivemq-platform-operator] [62b15f4a] 01:02:24.484 [ReconcilerExecutor-hivemq-controller-140] DEBUG c.h.p.o.HiveMQPlatformReconciler - [helmvolu] StatefulSet Spec (replicas: 3, init containers: 1, containers: 1, volumes: 4)
2025-01-29 01:02:24,486 INFO c.h.h.t.HelmChartContainer - [hivemq-test-hivemq-platform] [hivemq-platform-operator] [62b15f4a] 01:02:24.485 [ReconcilerExecutor-hivemq-controller-140] DEBUG c.h.p.o.h.HiveMQPlatformReconcilerErrorHandler - [helmvolu] Pod 'test-hivemq-platform-2' phase Running
2025-01-29 01:02:24,487 INFO c.h.h.t.HelmChartContainer - [hivemq-test-hivemq-platform] [hivemq-platform-operator] [62b15f4a] 01:02:24.487 [ReconcilerExecutor-hivemq-controller-140] DEBUG c.h.p.o.h.HiveMQPlatformReconcilerErrorHandler - [helmvolu] Pod 'test-hivemq-platform-1' phase Running
2025-01-29 01:02:24,488 INFO c.h.h.t.HelmChartContainer - [hivemq-test-hivemq-platform] [hivemq-platform-operator] [62b15f4a] 01:02:24.488 [ReconcilerExecutor-hivemq-controller-140] DEBUG c.h.p.o.h.HiveMQPlatformReconcilerErrorHandler - [helmvolu] Pod 'test-hivemq-platform-0' phase Running
2025-01-29 01:02:24,494 INFO c.h.h.t.HelmChartContainer - [hivemq-test-hivemq-platform] [hivemq-platform-operator] [62b15f4a] 01:02:24.493 [ReconcilerExecutor-hivemq-controller-140] DEBUG c.h.p.o.h.HiveMQPlatformReconcilerRollingRestartHandler - [helmvolu] Skipping Pod test-hivemq-platform-2 as it's already on the controller update revision (update revision: test-hivemq-platform-59475f86c9, pod revision: test-hivemq-platform-59475f86c9)
2025-01-29 01:02:24,596 INFO c.h.h.t.HelmChartContainer - [hivemq-test-hivemq-platform] [hivemq-platform-operator] [62b15f4a] 01:02:24.595 [ReconcilerExecutor-hivemq-controller-140] DEBUG c.h.p.o.h.HiveMQPlatformReconcilerRollingRestartHandler - [helmvolu] The last Pod is running for 54 seconds, the next Pod can be restarted
2025-01-29 01:02:24,596 INFO c.h.h.t.HelmChartContainer - [hivemq-test-hivemq-platform] [hivemq-platform-operator] [62b15f4a] 01:02:24.595 [ReconcilerExecutor-hivemq-controller-140] INFO  c.h.p.o.h.HiveMQPlatformReconcilerRollingRestartHandler - [helmvolu] Restarting Pod test-hivemq-platform-1 as it's not matching the controller update revision (update revision: test-hivemq-platform-59475f86c9, pod revision: test-hivemq-platform-6c7bb94cbd)
2025-01-29 01:02:24,697 INFO c.h.h.t.HelmChartContainer - [POD] test-hivemq-platform-1 [87ee406e-a8cc-40d6-b22e-7a5a0ba0ecf3] in helmvolumeclaimtemplatesit was MODIFIED
2025-01-29 01:02:24,707 INFO c.h.h.t.HelmChartContainer - [EVENT] Normal [Killing] Stopping container hivemq [helmvolumeclaimtemplatesit:test-hivemq-platform-1]
2025-01-29 01:02:24,708 INFO c.h.h.t.HelmChartContainer - Received Killing event for container hivemq in pod test-hivemq-platform-1 [87ee406e-a8cc-40d6-b22e-7a5a0ba0ecf3]
2025-01-29 01:02:24,708 INFO c.h.h.t.HelmChartContainer - Container [test-hivemq-platform-1] [hivemq] [87ee406e-a8cc-40d6-b22e-7a5a0ba0ecf3] was terminated
2025-01-29 01:02:24,708 INFO c.h.h.t.HelmChartContainer - Stopped log watcher for hivemq in pod test-hivemq-platform-1 [87ee406e-a8cc-40d6-b22e-7a5a0ba0ecf3]
2025-01-29 01:02:24,727 INFO c.h.h.t.HelmChartContainer - [test-hivemq-platform] [hivemq] [87ee406e] INFO  - [HiveMQ Platform Operator Init App 1.7.0-SNAPSHOT] Shutting down
2025-01-29 01:02:24,728 INFO c.h.h.t.HelmChartContainer - [test-hivemq-platform] [hivemq] [87ee406e] INFO  - [HiveMQ Platform Operator Init App 1.7.0-SNAPSHOT] Stopping the HiveMQ Platform
2025-01-29 01:02:24,742 INFO c.h.h.t.HelmChartContainer - [hivemq-test-hivemq-platform] [hivemq-platform-operator] [62b15f4a] 01:02:24.734 [pool-6-thread-31] DEBUG c.h.p.o.d.PlatformServiceResource - [helmvolu] Desired Platform services (3 services)
2025-01-29 01:02:24,742 INFO c.h.h.t.HelmChartContainer - [hivemq-test-hivemq-platform] [hivemq-platform-operator] [62b15f4a] 01:02:24.734 [pool-6-thread-32] DEBUG c.h.p.o.dependants.PodInfoConfigMap - [helmvolu] Desired PodInfo ConfigMap (1 extensions) (1 enabled)
2025-01-29 01:02:24,742 INFO c.h.h.t.HelmChartContainer - [hivemq-test-hivemq-platform] [hivemq-platform-operator] [62b15f4a] 01:02:24.734 [pool-6-thread-32] DEBUG c.h.p.o.dependants.PodInfoConfigMap - [helmvolu] Desired PodInfo ConfigMap (metrics port: 9399) (metrics path: /)
2025-01-29 01:02:24,742 INFO c.h.h.t.HelmChartContainer - [hivemq-test-hivemq-platform] [hivemq-platform-operator] [62b15f4a] 01:02:24.734 [pool-6-thread-32] DEBUG c.h.p.o.dependants.PodInfoConfigMap - [helmvolu] Desired PodInfo ConfigMap (extension state hash: -1817474005)
2025-01-29 01:02:24,742 INFO c.h.h.t.HelmChartContainer - [hivemq-test-hivemq-platform] [hivemq-platform-operator] [62b15f4a] 01:02:24.740 [pool-6-thread-38] DEBUG c.h.p.o.d.PodServiceAccountResource - [helmvolu] Desired PodServiceAccountResource (serviceAccountName: hivemq-platform-pod-test-hivemq-platform)
2025-01-29 01:02:24,780 INFO c.h.h.t.HelmChartContainer - [hivemq-test-hivemq-platform] [hivemq-platform-operator] [62b15f4a] 01:02:24.779 [pool-6-thread-36] DEBUG c.h.p.o.d.StatefulSetResource - [helmvolu] Desired StatefulSet (3 replicas) for status ROLLING_RESTART (RESTART_PODS_IN_PROGRESS)
2025-01-29 01:02:24,782 INFO c.h.h.t.HelmChartContainer - [hivemq-test-hivemq-platform] [hivemq-platform-operator] [62b15f4a] 01:02:24.781 [ReconcilerExecutor-hivemq-controller-141] INFO  c.h.p.o.HiveMQPlatformReconciler - [helmvolu] Reconciling HiveMQ Platform 'test-hivemq-platform' in namespace 'helmvolumeclaimtemplatesit'
2025-01-29 01:02:24,782 INFO c.h.h.t.HelmChartContainer - [hivemq-test-hivemq-platform] [hivemq-platform-operator] [62b15f4a] 01:02:24.781 [ReconcilerExecutor-hivemq-controller-141] DEBUG c.h.p.o.HiveMQPlatformReconciler - [helmvolu] Custom Resource Status ROLLING_RESTART - HiveMQ Platform is restarting Pods (rolling restart) (RESTART_PODS_IN_PROGRESS)
2025-01-29 01:02:24,782 INFO c.h.h.t.HelmChartContainer - [hivemq-test-hivemq-platform] [hivemq-platform-operator] [62b15f4a] 01:02:24.781 [ReconcilerExecutor-hivemq-controller-141] DEBUG c.h.p.o.HiveMQPlatformReconciler - [helmvolu] Custom Resource Spec (replicas: 2) (extensions: 1)
2025-01-29 01:02:24,786 INFO c.h.h.t.HelmChartContainer - [hivemq-test-hivemq-platform] [hivemq-platform-operator] [62b15f4a] 01:02:24.783 [ReconcilerExecutor-hivemq-controller-141] DEBUG c.h.p.o.HiveMQPlatformReconciler - [helmvolu] StatefulSet Status (revision: test-hivemq-platform-59475f86c9, replicas: 3, available: 3, ready: 3, current: 1, updated: 1)
2025-01-29 01:02:24,786 INFO c.h.h.t.HelmChartContainer - [hivemq-test-hivemq-platform] [hivemq-platform-operator] [62b15f4a] 01:02:24.783 [ReconcilerExecutor-hivemq-controller-141] DEBUG c.h.p.o.HiveMQPlatformReconciler - [helmvolu] StatefulSet Spec (replicas: 3, init containers: 1, containers: 1, volumes: 4)
2025-01-29 01:02:24,786 INFO c.h.h.t.HelmChartContainer - [hivemq-test-hivemq-platform] [hivemq-platform-operator] [62b15f4a] 01:02:24.784 [ReconcilerExecutor-hivemq-controller-141] DEBUG c.h.p.o.h.HiveMQPlatformReconcilerErrorHandler - [helmvolu] Pod 'test-hivemq-platform-2' phase Running
2025-01-29 01:02:24,786 INFO c.h.h.t.HelmChartContainer - [hivemq-test-hivemq-platform] [hivemq-platform-operator] [62b15f4a] 01:02:24.785 [ReconcilerExecutor-hivemq-controller-141] DEBUG c.h.p.o.h.HiveMQPlatformReconcilerErrorHandler - [helmvolu] Pod 'test-hivemq-platform-1' phase Running
2025-01-29 01:02:24,788 INFO c.h.h.t.HelmChartContainer - [hivemq-test-hivemq-platform] [hivemq-platform-operator] [62b15f4a] 01:02:24.787 [ReconcilerExecutor-hivemq-controller-141] DEBUG c.h.p.o.h.HiveMQPlatformReconcilerErrorHandler - [helmvolu] Pod 'test-hivemq-platform-0' phase Running
2025-01-29 01:02:24,795 INFO c.h.h.t.HelmChartContainer - [hivemq-test-hivemq-platform] [hivemq-platform-operator] [62b15f4a] 01:02:24.794 [ReconcilerExecutor-hivemq-controller-141] DEBUG c.h.p.o.h.HiveMQPlatformReconcilerRollingRestartHandler - [helmvolu] Skipping Pod test-hivemq-platform-2 as it's already on the controller update revision (update revision: test-hivemq-platform-59475f86c9, pod revision: test-hivemq-platform-59475f86c9)
2025-01-29 01:02:24,810 INFO c.h.h.t.HelmChartContainer - [hivemq-test-hivemq-platform] [hivemq-platform-operator] [62b15f4a] 01:02:24.808 [ReconcilerExecutor-hivemq-controller-141] DEBUG c.h.p.o.h.HiveMQPlatformReconcilerRollingRestartHandler - [helmvolu] The last Pod is running for 54 seconds, the next Pod can be restarted
2025-01-29 01:02:24,810 INFO c.h.h.t.HelmChartContainer - [hivemq-test-hivemq-platform] [hivemq-platform-operator] [62b15f4a] 01:02:24.808 [ReconcilerExecutor-hivemq-controller-141] INFO  c.h.p.o.h.HiveMQPlatformReconcilerRollingRestartHandler - [helmvolu] Restarting Pod test-hivemq-platform-1 as it's not matching the controller update revision (update revision: test-hivemq-platform-59475f86c9, pod revision: test-hivemq-platform-6c7bb94cbd)
2025-01-29 01:02:24,845 INFO c.h.h.t.HelmChartContainer - [test-hivemq-platform] [hivemq] [87ee406e] INFO  - Shutting down HiveMQ. Please wait, this could take a while...
2025-01-29 01:02:24,852 INFO c.h.h.t.HelmChartContainer - [test-hivemq-platform] [hivemq] [87ee406e] INFO  - Shutting down listeners and clients
2025-01-29 01:02:24,853 INFO c.h.h.t.HelmChartContainer - [test-hivemq-platform] [hivemq] [87ee406e] INFO  - Shutdown of listeners is done
2025-01-29 01:02:24,855 INFO c.h.h.t.HelmChartContainer - [test-hivemq-platform] [hivemq] [87ee406e] INFO  - No clients are connected, proceeding with shutdown
2025-01-29 01:02:24,884 INFO c.h.h.t.HelmChartContainer - [hivemq-test-hivemq-platform] [hivemq-platform-operator] [62b15f4a] 01:02:24.882 [pool-6-thread-50] DEBUG c.h.p.o.d.PlatformServiceResource - [helmvolu] Desired Platform services (3 services)
2025-01-29 01:02:24,884 INFO c.h.h.t.HelmChartContainer - [hivemq-test-hivemq-platform] [hivemq-platform-operator] [62b15f4a] 01:02:24.882 [pool-6-thread-45] DEBUG c.h.p.o.dependants.PodInfoConfigMap - [helmvolu] Desired PodInfo ConfigMap (1 extensions) (1 enabled)
2025-01-29 01:02:24,884 INFO c.h.h.t.HelmChartContainer - [hivemq-test-hivemq-platform] [hivemq-platform-operator] [62b15f4a] 01:02:24.882 [pool-6-thread-45] DEBUG c.h.p.o.dependants.PodInfoConfigMap - [helmvolu] Desired PodInfo ConfigMap (metrics port: 9399) (metrics path: /)
2025-01-29 01:02:24,884 INFO c.h.h.t.HelmChartContainer - [hivemq-test-hivemq-platform] [hivemq-platform-operator] [62b15f4a] 01:02:24.882 [pool-6-thread-45] DEBUG c.h.p.o.dependants.PodInfoConfigMap - [helmvolu] Desired PodInfo ConfigMap (extension state hash: -1817474005)
2025-01-29 01:02:24,884 INFO c.h.h.t.HelmChartContainer - [hivemq-test-hivemq-platform] [hivemq-platform-operator] [62b15f4a] 01:02:24.883 [pool-6-thread-49] DEBUG c.h.p.o.d.PodServiceAccountResource - [helmvolu] Desired PodServiceAccountResource (serviceAccountName: hivemq-platform-pod-test-hivemq-platform)
2025-01-29 01:02:24,887 INFO c.h.h.t.HelmChartContainer - [hivemq-test-hivemq-platform] [hivemq-platform-operator] [62b15f4a] 01:02:24.886 [pool-6-thread-44] DEBUG c.h.p.o.d.StatefulSetResource - [helmvolu] Desired StatefulSet (3 replicas) for status ROLLING_RESTART (RESTART_PODS_IN_PROGRESS)
2025-01-29 01:02:24,889 INFO c.h.h.t.HelmChartContainer - [hivemq-test-hivemq-platform] [hivemq-platform-operator] [62b15f4a] 01:02:24.888 [ReconcilerExecutor-hivemq-controller-142] INFO  c.h.p.o.HiveMQPlatformReconciler - [helmvolu] Reconciling HiveMQ Platform 'test-hivemq-platform' in namespace 'helmvolumeclaimtemplatesit'
2025-01-29 01:02:24,889 INFO c.h.h.t.HelmChartContainer - [hivemq-test-hivemq-platform] [hivemq-platform-operator] [62b15f4a] 01:02:24.888 [ReconcilerExecutor-hivemq-controller-142] DEBUG c.h.p.o.HiveMQPlatformReconciler - [helmvolu] Custom Resource Status ROLLING_RESTART - HiveMQ Platform is restarting Pods (rolling restart) (RESTART_PODS_IN_PROGRESS)
2025-01-29 01:02:24,889 INFO c.h.h.t.HelmChartContainer - [hivemq-test-hivemq-platform] [hivemq-platform-operator] [62b15f4a] 01:02:24.888 [ReconcilerExecutor-hivemq-controller-142] DEBUG c.h.p.o.HiveMQPlatformReconciler - [helmvolu] Custom Resource Spec (replicas: 2) (extensions: 1)
2025-01-29 01:02:24,890 INFO c.h.h.t.HelmChartContainer - [hivemq-test-hivemq-platform] [hivemq-platform-operator] [62b15f4a] 01:02:24.889 [ReconcilerExecutor-hivemq-controller-142] DEBUG c.h.p.o.HiveMQPlatformReconciler - [helmvolu] StatefulSet Status (revision: test-hivemq-platform-59475f86c9, replicas: 3, available: 3, ready: 3, current: 1, updated: 1)
2025-01-29 01:02:24,890 INFO c.h.h.t.HelmChartContainer - [hivemq-test-hivemq-platform] [hivemq-platform-operator] [62b15f4a] 01:02:24.889 [ReconcilerExecutor-hivemq-controller-142] DEBUG c.h.p.o.HiveMQPlatformReconciler - [helmvolu] StatefulSet Spec (replicas: 3, init containers: 1, containers: 1, volumes: 4)
2025-01-29 01:02:24,893 INFO c.h.h.t.HelmChartContainer - [hivemq-test-hivemq-platform] [hivemq-platform-operator] [62b15f4a] 01:02:24.891 [ReconcilerExecutor-hivemq-controller-142] DEBUG c.h.p.o.h.HiveMQPlatformReconcilerErrorHandler - [helmvolu] Pod 'test-hivemq-platform-2' phase Running
2025-01-29 01:02:24,893 INFO c.h.h.t.HelmChartContainer - [hivemq-test-hivemq-platform] [hivemq-platform-operator] [62b15f4a] 01:02:24.892 [ReconcilerExecutor-hivemq-controller-142] DEBUG c.h.p.o.h.HiveMQPlatformReconcilerErrorHandler - [helmvolu] Pod 'test-hivemq-platform-1' phase Running
2025-01-29 01:02:24,895 INFO c.h.h.t.HelmChartContainer - [hivemq-test-hivemq-platform] [hivemq-platform-operator] [62b15f4a] 01:02:24.894 [ReconcilerExecutor-hivemq-controller-142] DEBUG c.h.p.o.h.HiveMQPlatformReconcilerErrorHandler - [helmvolu] Pod 'test-hivemq-platform-0' phase Running
2025-01-29 01:02:24,901 INFO c.h.h.t.HelmChartContainer - [hivemq-test-hivemq-platform] [hivemq-platform-operator] [62b15f4a] 01:02:24.900 [ReconcilerExecutor-hivemq-controller-142] DEBUG c.h.p.o.h.HiveMQPlatformReconcilerRollingRestartHandler - [helmvolu] Skipping Pod test-hivemq-platform-2 as it's already on the controller update revision (update revision: test-hivemq-platform-59475f86c9, pod revision: test-hivemq-platform-59475f86c9)
2025-01-29 01:02:24,991 INFO c.h.h.t.HelmChartContainer - [hivemq-test-hivemq-platform] [hivemq-platform-operator] [62b15f4a] 01:02:24.987 [ReconcilerExecutor-hivemq-controller-142] DEBUG c.h.p.o.h.HiveMQPlatformReconcilerRollingRestartHandler - [helmvolu] The last Pod is running for 54 seconds, the next Pod can be restarted
2025-01-29 01:02:24,991 INFO c.h.h.t.HelmChartContainer - [hivemq-test-hivemq-platform] [hivemq-platform-operator] [62b15f4a] 01:02:24.987 [ReconcilerExecutor-hivemq-controller-142] INFO  c.h.p.o.h.HiveMQPlatformReconcilerRollingRestartHandler - [helmvolu] Restarting Pod test-hivemq-platform-1 as it's not matching the controller update revision (update revision: test-hivemq-platform-59475f86c9, pod revision: test-hivemq-platform-6c7bb94cbd)
2025-01-29 01:02:26,967 INFO c.h.h.t.HelmChartContainer - [K3S] [info.go:53] Couldn't collect info from any of the files in "/etc/machine-id,/var/lib/dbus/machine-id"
2025-01-29 01:02:27,018 INFO c.h.h.t.HelmChartContainer - [K3S] [scope.go:117] "RemoveContainer" containerID="e60531a424efd7da2a90acd2fabf4933fd9adc58eb54ad0b2b1bf00cfda09160"
2025-01-29 01:02:28,067 INFO c.h.h.t.HelmChartContainer - [test-hivemq-platform] [hivemq] [87ee406e] INFO  - [HiveMQ Platform Operator Init App 1.7.0-SNAPSHOT] Returning shutdown Health API response 503 for readiness
2025-01-29 01:02:28,071 INFO c.h.h.t.HelmChartContainer - [EVENT] Warning [Unhealthy] Readiness probe failed: HTTP probe failed with statuscode: 503 [helmvolumeclaimtemplatesit:test-hivemq-platform-1]
2025-01-29 01:02:28,071 INFO c.h.h.t.HelmChartContainer - Received Unhealthy event for container hivemq in pod test-hivemq-platform-1 [87ee406e-a8cc-40d6-b22e-7a5a0ba0ecf3]
2025-01-29 01:02:28,553 INFO c.h.h.t.HelmChartContainer - [test-hivemq-platform] [hivemq] [87ee406e] INFO  - Shutting down extension system
2025-01-29 01:02:28,556 INFO c.h.h.t.HelmChartContainer - [test-hivemq-platform] [hivemq] [87ee406e] INFO  - Stopping extension with id hivemq-dns-cluster-discovery
2025-01-29 01:02:28,556 INFO c.h.h.t.HelmChartContainer - [test-hivemq-platform] [hivemq] [87ee406e] INFO  - Extension "DNS Cluster Discovery Extension" version 4.3.2 stopped successfully.
2025-01-29 01:02:28,557 INFO c.h.h.t.HelmChartContainer - [test-hivemq-platform] [hivemq] [87ee406e] INFO  - Stopping extension with id hivemq-prometheus-extension
2025-01-29 01:02:28,563 INFO c.h.h.t.HelmChartContainer - [test-hivemq-platform] [hivemq] [87ee406e] INFO  - Extension "Prometheus Monitoring Extension" version 4.0.12 stopped successfully.
2025-01-29 01:02:28,564 INFO c.h.h.t.HelmChartContainer - [test-hivemq-platform] [hivemq] [87ee406e] INFO  - Stopping extension with id hivemq-allow-all-extension
2025-01-29 01:02:28,564 INFO c.h.h.t.HelmChartContainer - [test-hivemq-platform] [hivemq] [87ee406e] INFO  - Extension "Allow All Extension" version 1.1.1 stopped successfully.
2025-01-29 01:02:28,567 INFO c.h.h.t.HelmChartContainer - [test-hivemq-platform] [hivemq] [605aab2b] INFO  - Cluster nodes found by discovery: [3rtKK|3] (2) [3rtKK, gkHSz].
2025-01-29 01:02:28,574 INFO c.h.h.t.HelmChartContainer - [test-hivemq-platform] [hivemq] [89ea2ea8] INFO  - Cluster nodes found by discovery: [3rtKK|3] (2) [3rtKK, gkHSz].
2025-01-29 01:02:28,575 INFO c.h.h.t.HelmChartContainer - [test-hivemq-platform] [hivemq] [605aab2b] INFO  - Cluster size = 2, members : [3rtKK, gkHSz].
2025-01-29 01:02:28,578 INFO c.h.h.t.HelmChartContainer - [test-hivemq-platform] [hivemq] [605aab2b] INFO  - Starting cluster replication process. This may take a while. Please do not shut down HiveMQ.
2025-01-29 01:02:28,582 INFO c.h.h.t.HelmChartContainer - [test-hivemq-platform] [hivemq] [89ea2ea8] INFO  - Cluster size = 2, members : [3rtKK, gkHSz].
2025-01-29 01:02:28,591 INFO c.h.h.t.HelmChartContainer - [test-hivemq-platform] [hivemq] [89ea2ea8] INFO  - Starting cluster replication process. This may take a while. Please do not shut down HiveMQ.
2025-01-29 01:02:28,886 INFO c.h.h.t.HelmChartContainer - [test-hivemq-platform] [hivemq] [605aab2b] INFO  - Finished cluster replication successfully in 303 ms.
2025-01-29 01:02:28,894 INFO c.h.h.t.HelmChartContainer - [test-hivemq-platform] [hivemq] [89ea2ea8] INFO  - Finished cluster replication successfully in 310 ms.
2025-01-29 01:02:30,423 INFO c.h.h.t.HelmChartContainer - [test-hivemq-platform] [hivemq] [89ea2ea8] INFO  - [HiveMQ Platform Operator Init App 1.7.0-SNAPSHOT] Returning Health API response 200 for liveness
2025-01-29 01:02:30,854 INFO c.h.h.t.HelmChartContainer - [test-hivemq-platform] [hivemq] [87ee406e] INFO  - Shutdown completed.
2025-01-29 01:02:31,204 INFO c.h.h.t.HelmChartContainer - [test-hivemq-platform] [hivemq] [87ee406e] INFO  - [HiveMQ Platform Operator Init App 1.7.0-SNAPSHOT] The HiveMQ Platform exited with code 143
2025-01-29 01:02:31,204 INFO c.h.h.t.HelmChartContainer - [test-hivemq-platform] [hivemq] [87ee406e] INFO  - [HiveMQ Platform Operator Init App 1.7.0-SNAPSHOT] Stopping the REST API
2025-01-29 01:02:31,242 INFO c.h.h.t.HelmChartContainer - [test-hivemq-platform] [hivemq] [87ee406e] INFO  - [HiveMQ Platform Operator Init App 1.7.0-SNAPSHOT] Shutdown complete
2025-01-29 01:02:31,726 INFO c.h.h.t.HelmChartContainer - [POD] test-hivemq-platform-1 [87ee406e-a8cc-40d6-b22e-7a5a0ba0ecf3] in helmvolumeclaimtemplatesit was MODIFIED
2025-01-29 01:02:31,726 INFO c.h.h.t.HelmChartContainer - [hivemq-test-hivemq-platform] [hivemq-platform-operator] [62b15f4a] 01:02:31.723 [pool-6-thread-2] DEBUG c.h.p.o.d.PlatformServiceResource - [helmvolu] Desired Platform services (3 services)
2025-01-29 01:02:31,731 INFO c.h.h.t.HelmChartContainer - [hivemq-test-hivemq-platform] [hivemq-platform-operator] [62b15f4a] 01:02:31.727 [pool-6-thread-5] DEBUG c.h.p.o.d.PodServiceAccountResource - [helmvolu] Desired PodServiceAccountResource (serviceAccountName: hivemq-platform-pod-test-hivemq-platform)
2025-01-29 01:02:31,731 INFO c.h.h.t.HelmChartContainer - [hivemq-test-hivemq-platform] [hivemq-platform-operator] [62b15f4a] 01:02:31.724 [pool-6-thread-1] DEBUG c.h.p.o.dependants.PodInfoConfigMap - [helmvolu] Desired PodInfo ConfigMap (1 extensions) (1 enabled)
2025-01-29 01:02:31,731 INFO c.h.h.t.HelmChartContainer - [hivemq-test-hivemq-platform] [hivemq-platform-operator] [62b15f4a] 01:02:31.728 [pool-6-thread-1] DEBUG c.h.p.o.dependants.PodInfoConfigMap - [helmvolu] Desired PodInfo ConfigMap (metrics port: 9399) (metrics path: /)
2025-01-29 01:02:31,731 INFO c.h.h.t.HelmChartContainer - [hivemq-test-hivemq-platform] [hivemq-platform-operator] [62b15f4a] 01:02:31.728 [pool-6-thread-1] DEBUG c.h.p.o.dependants.PodInfoConfigMap - [helmvolu] Desired PodInfo ConfigMap (extension state hash: -1817474005)
2025-01-29 01:02:31,739 INFO c.h.h.t.HelmChartContainer - [hivemq-test-hivemq-platform] [hivemq-platform-operator] [62b15f4a] 01:02:31.735 [pool-6-thread-4] DEBUG c.h.p.o.d.StatefulSetResource - [helmvolu] Desired StatefulSet (3 replicas) for status ROLLING_RESTART (RESTART_PODS_IN_PROGRESS)
2025-01-29 01:02:31,744 INFO c.h.h.t.HelmChartContainer - [hivemq-test-hivemq-platform] [hivemq-platform-operator] [62b15f4a] 01:02:31.742 [ReconcilerExecutor-hivemq-controller-143] INFO  c.h.p.o.HiveMQPlatformReconciler - [helmvolu] Reconciling HiveMQ Platform 'test-hivemq-platform' in namespace 'helmvolumeclaimtemplatesit'
2025-01-29 01:02:31,744 INFO c.h.h.t.HelmChartContainer - [hivemq-test-hivemq-platform] [hivemq-platform-operator] [62b15f4a] 01:02:31.742 [ReconcilerExecutor-hivemq-controller-143] DEBUG c.h.p.o.HiveMQPlatformReconciler - [helmvolu] Custom Resource Status ROLLING_RESTART - HiveMQ Platform is restarting Pods (rolling restart) (RESTART_PODS_IN_PROGRESS)
2025-01-29 01:02:31,744 INFO c.h.h.t.HelmChartContainer - [hivemq-test-hivemq-platform] [hivemq-platform-operator] [62b15f4a] 01:02:31.742 [ReconcilerExecutor-hivemq-controller-143] DEBUG c.h.p.o.HiveMQPlatformReconciler - [helmvolu] Custom Resource Spec (replicas: 2) (extensions: 1)
2025-01-29 01:02:31,745 INFO c.h.h.t.HelmChartContainer - [hivemq-test-hivemq-platform] [hivemq-platform-operator] [62b15f4a] 01:02:31.743 [ReconcilerExecutor-hivemq-controller-143] DEBUG c.h.p.o.HiveMQPlatformReconciler - [helmvolu] StatefulSet Status (revision: test-hivemq-platform-59475f86c9, replicas: 3, available: 2, ready: 2, current: 1, updated: 1)
2025-01-29 01:02:31,745 INFO c.h.h.t.HelmChartContainer - [hivemq-test-hivemq-platform] [hivemq-platform-operator] [62b15f4a] 01:02:31.743 [ReconcilerExecutor-hivemq-controller-143] DEBUG c.h.p.o.HiveMQPlatformReconciler - [helmvolu] StatefulSet Spec (replicas: 3, init containers: 1, containers: 1, volumes: 4)
2025-01-29 01:02:31,745 INFO c.h.h.t.HelmChartContainer - [hivemq-test-hivemq-platform] [hivemq-platform-operator] [62b15f4a] 01:02:31.744 [ReconcilerExecutor-hivemq-controller-143] DEBUG c.h.p.o.h.HiveMQPlatformReconcilerErrorHandler - [helmvolu] Pod 'test-hivemq-platform-2' phase Running
2025-01-29 01:02:31,748 INFO c.h.h.t.HelmChartContainer - [hivemq-test-hivemq-platform] [hivemq-platform-operator] [62b15f4a] 01:02:31.745 [ReconcilerExecutor-hivemq-controller-143] DEBUG c.h.p.o.h.HiveMQPlatformReconcilerErrorHandler - [helmvolu] Pod 'test-hivemq-platform-1' phase Failed
2025-01-29 01:02:31,748 INFO c.h.h.t.HelmChartContainer - [hivemq-test-hivemq-platform] [hivemq-platform-operator] [62b15f4a] 01:02:31.745 [ReconcilerExecutor-hivemq-controller-143] DEBUG c.h.p.o.h.HiveMQPlatformReconcilerErrorHandler - [helmvolu] Pod 'test-hivemq-platform-1' condition 'PodReadyToStartContainers': False
2025-01-29 01:02:31,748 INFO c.h.h.t.HelmChartContainer - [hivemq-test-hivemq-platform] [hivemq-platform-operator] [62b15f4a] 01:02:31.745 [ReconcilerExecutor-hivemq-controller-143] DEBUG c.h.p.o.h.HiveMQPlatformReconcilerErrorHandler - [helmvolu] Pod 'test-hivemq-platform-1' condition 'Initialized': True
2025-01-29 01:02:31,748 INFO c.h.h.t.HelmChartContainer - [hivemq-test-hivemq-platform] [hivemq-platform-operator] [62b15f4a] 01:02:31.745 [ReconcilerExecutor-hivemq-controller-143] DEBUG c.h.p.o.h.HiveMQPlatformReconcilerErrorHandler - [helmvolu] Pod 'test-hivemq-platform-1' condition 'Ready': False
2025-01-29 01:02:31,748 INFO c.h.h.t.HelmChartContainer - [hivemq-test-hivemq-platform] [hivemq-platform-operator] [62b15f4a] 01:02:31.745 [ReconcilerExecutor-hivemq-controller-143] DEBUG c.h.p.o.h.HiveMQPlatformReconcilerErrorHandler - [helmvolu] Pod 'test-hivemq-platform-1' condition 'ContainersReady': False
2025-01-29 01:02:31,748 INFO c.h.h.t.HelmChartContainer - [hivemq-test-hivemq-platform] [hivemq-platform-operator] [62b15f4a] 01:02:31.745 [ReconcilerExecutor-hivemq-controller-143] DEBUG c.h.p.o.h.HiveMQPlatformReconcilerErrorHandler - [helmvolu] Pod 'test-hivemq-platform-1' condition 'PodScheduled': True
2025-01-29 01:02:31,748 INFO c.h.h.t.HelmChartContainer - [hivemq-test-hivemq-platform] [hivemq-platform-operator] [62b15f4a] 01:02:31.745 [ReconcilerExecutor-hivemq-controller-143] DEBUG c.h.p.o.h.HiveMQPlatformReconcilerErrorHandler - [helmvolu] Pod 'test-hivemq-platform-1' containerStatus 'hivemq' (started: false) (ready: false) (waiting: [Unknown] no message)
2025-01-29 01:02:31,748 INFO c.h.h.t.HelmChartContainer - [hivemq-test-hivemq-platform] [hivemq-platform-operator] [62b15f4a] 01:02:31.746 [ReconcilerExecutor-hivemq-controller-143] DEBUG c.h.p.o.h.HiveMQPlatformReconcilerErrorHandler - [helmvolu] Pod 'test-hivemq-platform-0' phase Running
2025-01-29 01:02:31,748 INFO c.h.h.t.HelmChartContainer - [hivemq-test-hivemq-platform] [hivemq-platform-operator] [62b15f4a] 01:02:31.747 [ReconcilerExecutor-hivemq-controller-143] DEBUG c.h.p.o.h.HiveMQPlatformReconcilerRollingRestartHandler - [helmvolu] Rolling restart is waiting for 2 of 3 replicas
2025-01-29 01:02:31,782 INFO c.h.h.t.HelmChartContainer - [hivemq-test-hivemq-platform] [hivemq-platform-operator] [62b15f4a] 01:02:31.780 [pool-6-thread-13] DEBUG c.h.p.o.d.PlatformServiceResource - [helmvolu] Desired Platform services (3 services)
2025-01-29 01:02:31,782 INFO c.h.h.t.HelmChartContainer - [hivemq-test-hivemq-platform] [hivemq-platform-operator] [62b15f4a] 01:02:31.781 [pool-6-thread-18] DEBUG c.h.p.o.d.PodServiceAccountResource - [helmvolu] Desired PodServiceAccountResource (serviceAccountName: hivemq-platform-pod-test-hivemq-platform)
2025-01-29 01:02:31,782 INFO c.h.h.t.HelmChartContainer - [hivemq-test-hivemq-platform] [hivemq-platform-operator] [62b15f4a] 01:02:31.782 [pool-6-thread-20] DEBUG c.h.p.o.dependants.PodInfoConfigMap - [helmvolu] Desired PodInfo ConfigMap (1 extensions) (1 enabled)
2025-01-29 01:02:31,782 INFO c.h.h.t.HelmChartContainer - [hivemq-test-hivemq-platform] [hivemq-platform-operator] [62b15f4a] 01:02:31.782 [pool-6-thread-20] DEBUG c.h.p.o.dependants.PodInfoConfigMap - [helmvolu] Desired PodInfo ConfigMap (metrics port: 9399) (metrics path: /)
2025-01-29 01:02:31,783 INFO c.h.h.t.HelmChartContainer - [hivemq-test-hivemq-platform] [hivemq-platform-operator] [62b15f4a] 01:02:31.782 [pool-6-thread-20] DEBUG c.h.p.o.dependants.PodInfoConfigMap - [helmvolu] Desired PodInfo ConfigMap (extension state hash: -1817474005)
2025-01-29 01:02:31,786 INFO c.h.h.t.HelmChartContainer - [hivemq-test-hivemq-platform] [hivemq-platform-operator] [62b15f4a] 01:02:31.785 [pool-6-thread-14] DEBUG c.h.p.o.d.StatefulSetResource - [helmvolu] Desired StatefulSet (3 replicas) for status ROLLING_RESTART (RESTART_PODS_IN_PROGRESS)
2025-01-29 01:02:31,789 INFO c.h.h.t.HelmChartContainer - [hivemq-test-hivemq-platform] [hivemq-platform-operator] [62b15f4a] 01:02:31.788 [ReconcilerExecutor-hivemq-controller-144] INFO  c.h.p.o.HiveMQPlatformReconciler - [helmvolu] Reconciling HiveMQ Platform 'test-hivemq-platform' in namespace 'helmvolumeclaimtemplatesit'
2025-01-29 01:02:31,790 INFO c.h.h.t.HelmChartContainer - [hivemq-test-hivemq-platform] [hivemq-platform-operator] [62b15f4a] 01:02:31.788 [ReconcilerExecutor-hivemq-controller-144] DEBUG c.h.p.o.HiveMQPlatformReconciler - [helmvolu] Custom Resource Status ROLLING_RESTART - HiveMQ Platform is restarting Pods (rolling restart) (RESTART_PODS_IN_PROGRESS)
2025-01-29 01:02:31,790 INFO c.h.h.t.HelmChartContainer - [hivemq-test-hivemq-platform] [hivemq-platform-operator] [62b15f4a] 01:02:31.789 [ReconcilerExecutor-hivemq-controller-144] DEBUG c.h.p.o.HiveMQPlatformReconciler - [helmvolu] Custom Resource Spec (replicas: 2) (extensions: 1)
2025-01-29 01:02:31,792 INFO c.h.h.t.HelmChartContainer - [hivemq-test-hivemq-platform] [hivemq-platform-operator] [62b15f4a] 01:02:31.790 [ReconcilerExecutor-hivemq-controller-144] DEBUG c.h.p.o.HiveMQPlatformReconciler - [helmvolu] StatefulSet Status (revision: test-hivemq-platform-59475f86c9, replicas: 3, available: 2, ready: 2, current: 1, updated: 1)
2025-01-29 01:02:31,792 INFO c.h.h.t.HelmChartContainer - [hivemq-test-hivemq-platform] [hivemq-platform-operator] [62b15f4a] 01:02:31.790 [ReconcilerExecutor-hivemq-controller-144] DEBUG c.h.p.o.HiveMQPlatformReconciler - [helmvolu] StatefulSet Spec (replicas: 3, init containers: 1, containers: 1, volumes: 4)
2025-01-29 01:02:31,794 INFO c.h.h.t.HelmChartContainer - [hivemq-test-hivemq-platform] [hivemq-platform-operator] [62b15f4a] 01:02:31.792 [ReconcilerExecutor-hivemq-controller-144] DEBUG c.h.p.o.h.HiveMQPlatformReconcilerErrorHandler - [helmvolu] Pod 'test-hivemq-platform-2' phase Running
2025-01-29 01:02:31,795 INFO c.h.h.t.HelmChartContainer - [hivemq-test-hivemq-platform] [hivemq-platform-operator] [62b15f4a] 01:02:31.794 [ReconcilerExecutor-hivemq-controller-144] DEBUG c.h.p.o.h.HiveMQPlatformReconcilerErrorHandler - [helmvolu] Pod 'test-hivemq-platform-1' phase Failed
2025-01-29 01:02:31,797 INFO c.h.h.t.HelmChartContainer - [hivemq-test-hivemq-platform] [hivemq-platform-operator] [62b15f4a] 01:02:31.794 [ReconcilerExecutor-hivemq-controller-144] DEBUG c.h.p.o.h.HiveMQPlatformReconcilerErrorHandler - [helmvolu] Pod 'test-hivemq-platform-1' condition 'PodReadyToStartContainers': False
2025-01-29 01:02:31,798 INFO c.h.h.t.HelmChartContainer - [hivemq-test-hivemq-platform] [hivemq-platform-operator] [62b15f4a] 01:02:31.794 [ReconcilerExecutor-hivemq-controller-144] DEBUG c.h.p.o.h.HiveMQPlatformReconcilerErrorHandler - [helmvolu] Pod 'test-hivemq-platform-1' condition 'Initialized': True
2025-01-29 01:02:31,798 INFO c.h.h.t.HelmChartContainer - [hivemq-test-hivemq-platform] [hivemq-platform-operator] [62b15f4a] 01:02:31.794 [ReconcilerExecutor-hivemq-controller-144] DEBUG c.h.p.o.h.HiveMQPlatformReconcilerErrorHandler - [helmvolu] Pod 'test-hivemq-platform-1' condition 'Ready': False
2025-01-29 01:02:31,798 INFO c.h.h.t.HelmChartContainer - [hivemq-test-hivemq-platform] [hivemq-platform-operator] [62b15f4a] 01:02:31.794 [ReconcilerExecutor-hivemq-controller-144] DEBUG c.h.p.o.h.HiveMQPlatformReconcilerErrorHandler - [helmvolu] Pod 'test-hivemq-platform-1' condition 'ContainersReady': False
2025-01-29 01:02:31,798 INFO c.h.h.t.HelmChartContainer - [hivemq-test-hivemq-platform] [hivemq-platform-operator] [62b15f4a] 01:02:31.794 [ReconcilerExecutor-hivemq-controller-144] DEBUG c.h.p.o.h.HiveMQPlatformReconcilerErrorHandler - [helmvolu] Pod 'test-hivemq-platform-1' condition 'PodScheduled': True
2025-01-29 01:02:31,798 INFO c.h.h.t.HelmChartContainer - [hivemq-test-hivemq-platform] [hivemq-platform-operator] [62b15f4a] 01:02:31.794 [ReconcilerExecutor-hivemq-controller-144] DEBUG c.h.p.o.h.HiveMQPlatformReconcilerErrorHandler - [helmvolu] Pod 'test-hivemq-platform-1' containerStatus 'hivemq' (started: false) (ready: false) (waiting: [Unknown] no message)
2025-01-29 01:02:31,798 INFO c.h.h.t.HelmChartContainer - [hivemq-test-hivemq-platform] [hivemq-platform-operator] [62b15f4a] 01:02:31.795 [ReconcilerExecutor-hivemq-controller-144] DEBUG c.h.p.o.h.HiveMQPlatformReconcilerErrorHandler - [helmvolu] Pod 'test-hivemq-platform-0' phase Running
2025-01-29 01:02:31,798 INFO c.h.h.t.HelmChartContainer - [hivemq-test-hivemq-platform] [hivemq-platform-operator] [62b15f4a] 01:02:31.796 [ReconcilerExecutor-hivemq-controller-144] DEBUG c.h.p.o.h.HiveMQPlatformReconcilerRollingRestartHandler - [helmvolu] Rolling restart is waiting for 2 of 3 replicas
2025-01-29 01:02:31,859 INFO c.h.h.t.HelmChartContainer - [K3S] [reconciler_common.go:162] "operationExecutor.UnmountVolume started for volume \"operator-init\" (UniqueName: \"kubernetes.io/empty-dir/87ee406e-a8cc-40d6-b22e-7a5a0ba0ecf3-operator-init\") pod \"87ee406e-a8cc-40d6-b22e-7a5a0ba0ecf3\" (UID: \"87ee406e-a8cc-40d6-b22e-7a5a0ba0ecf3\") "
2025-01-29 01:02:31,859 INFO c.h.h.t.HelmChartContainer - [K3S] [reconciler_common.go:162] "operationExecutor.UnmountVolume started for volume \"broker-configuration\" (UniqueName: \"kubernetes.io/configmap/87ee406e-a8cc-40d6-b22e-7a5a0ba0ecf3-broker-configuration\") pod \"87ee406e-a8cc-40d6-b22e-7a5a0ba0ecf3\" (UID: \"87ee406e-a8cc-40d6-b22e-7a5a0ba0ecf3\") "
2025-01-29 01:02:31,859 INFO c.h.h.t.HelmChartContainer - [K3S] [reconciler_common.go:162] "operationExecutor.UnmountVolume started for volume \"kube-api-access-phbfb\" (UniqueName: \"kubernetes.io/projected/87ee406e-a8cc-40d6-b22e-7a5a0ba0ecf3-kube-api-access-phbfb\") pod \"87ee406e-a8cc-40d6-b22e-7a5a0ba0ecf3\" (UID: \"87ee406e-a8cc-40d6-b22e-7a5a0ba0ecf3\") "
2025-01-29 01:02:31,860 INFO c.h.h.t.HelmChartContainer - [K3S] [reconciler_common.go:162] "operationExecutor.UnmountVolume started for volume \"pod-info\" (UniqueName: \"kubernetes.io/configmap/87ee406e-a8cc-40d6-b22e-7a5a0ba0ecf3-pod-info\") pod \"87ee406e-a8cc-40d6-b22e-7a5a0ba0ecf3\" (UID: \"87ee406e-a8cc-40d6-b22e-7a5a0ba0ecf3\") "
2025-01-29 01:02:31,860 INFO c.h.h.t.HelmChartContainer - [K3S] [reconciler_common.go:162] "operationExecutor.UnmountVolume started for volume \"hivemq-pvc-data\" (UniqueName: \"kubernetes.io/local-volume/pvc-269e796d-774f-45e9-98f2-e3b41618541e\") pod \"87ee406e-a8cc-40d6-b22e-7a5a0ba0ecf3\" (UID: \"87ee406e-a8cc-40d6-b22e-7a5a0ba0ecf3\") "
2025-01-29 01:02:31,958 INFO c.h.h.t.HelmChartContainer - [K3S] [reconciler_common.go:299] "Volume detached for volume \"broker-configuration\" (UniqueName: \"kubernetes.io/configmap/87ee406e-a8cc-40d6-b22e-7a5a0ba0ecf3-broker-configuration\") on node \"dacb2472075c\" DevicePath \"\""
2025-01-29 01:02:31,959 INFO c.h.h.t.HelmChartContainer - [K3S] [reconciler_common.go:299] "Volume detached for volume \"kube-api-access-phbfb\" (UniqueName: \"kubernetes.io/projected/87ee406e-a8cc-40d6-b22e-7a5a0ba0ecf3-kube-api-access-phbfb\") on node \"dacb2472075c\" DevicePath \"\""
2025-01-29 01:02:31,959 INFO c.h.h.t.HelmChartContainer - [K3S] [reconciler_common.go:299] "Volume detached for volume \"pod-info\" (UniqueName: \"kubernetes.io/configmap/87ee406e-a8cc-40d6-b22e-7a5a0ba0ecf3-pod-info\") on node \"dacb2472075c\" DevicePath \"\""
2025-01-29 01:02:31,959 INFO c.h.h.t.HelmChartContainer - [K3S] [reconciler_common.go:292] "operationExecutor.UnmountDevice started for volume \"pvc-269e796d-774f-45e9-98f2-e3b41618541e\" (UniqueName: \"kubernetes.io/local-volume/pvc-269e796d-774f-45e9-98f2-e3b41618541e\") on node \"dacb2472075c\" "
2025-01-29 01:02:31,959 INFO c.h.h.t.HelmChartContainer - [K3S] [reconciler_common.go:299] "Volume detached for volume \"operator-init\" (UniqueName: \"kubernetes.io/empty-dir/87ee406e-a8cc-40d6-b22e-7a5a0ba0ecf3-operator-init\") on node \"dacb2472075c\" DevicePath \"\""
2025-01-29 01:02:32,059 INFO c.h.h.t.HelmChartContainer - [K3S] [reconciler_common.go:299] "Volume detached for volume \"pvc-269e796d-774f-45e9-98f2-e3b41618541e\" (UniqueName: \"kubernetes.io/local-volume/pvc-269e796d-774f-45e9-98f2-e3b41618541e\") on node \"dacb2472075c\" DevicePath \"\""
2025-01-29 01:02:32,442 INFO c.h.h.t.HelmChartContainer - [K3S] [scope.go:117] "RemoveContainer" containerID="205066380e23c8f9fccb419b9e78ca5d37034d9d9b04700eb51696a24a2ba81d"
2025-01-29 01:02:32,446 INFO c.h.h.t.HelmChartContainer - [K3S] [scope.go:117] "RemoveContainer" containerID="7cebb49ff6426bae59f46cf07d50245e2a08384aafd2998be9bf48226b521231"
2025-01-29 01:02:32,450 INFO c.h.h.t.HelmChartContainer - [K3S] [scope.go:117] "RemoveContainer" containerID="205066380e23c8f9fccb419b9e78ca5d37034d9d9b04700eb51696a24a2ba81d"
2025-01-29 01:02:32,450 INFO c.h.h.t.HelmChartContainer - [K3S] [scope.go:117] "RemoveContainer" containerID="7cebb49ff6426bae59f46cf07d50245e2a08384aafd2998be9bf48226b521231"
2025-01-29 01:02:32,458 INFO c.h.h.t.HelmChartContainer - [POD] test-hivemq-platform-1 [87ee406e-a8cc-40d6-b22e-7a5a0ba0ecf3] in helmvolumeclaimtemplatesit was MODIFIED
2025-01-29 01:02:32,466 INFO c.h.h.t.HelmChartContainer - [hivemq-test-hivemq-platform] [hivemq-platform-operator] [62b15f4a] 01:02:32.462 [pool-6-thread-27] DEBUG c.h.p.o.d.PlatformServiceResource - [helmvolu] Desired Platform services (3 services)
2025-01-29 01:02:32,466 INFO c.h.h.t.HelmChartContainer - [hivemq-test-hivemq-platform] [hivemq-platform-operator] [62b15f4a] 01:02:32.465 [pool-6-thread-27] DEBUG c.h.p.o.dependants.PodInfoConfigMap - [helmvolu] Desired PodInfo ConfigMap (1 extensions) (1 enabled)
2025-01-29 01:02:32,466 INFO c.h.h.t.HelmChartContainer - [hivemq-test-hivemq-platform] [hivemq-platform-operator] [62b15f4a] 01:02:32.465 [pool-6-thread-27] DEBUG c.h.p.o.dependants.PodInfoConfigMap - [helmvolu] Desired PodInfo ConfigMap (metrics port: 9399) (metrics path: /)
2025-01-29 01:02:32,466 INFO c.h.h.t.HelmChartContainer - [hivemq-test-hivemq-platform] [hivemq-platform-operator] [62b15f4a] 01:02:32.465 [pool-6-thread-27] DEBUG c.h.p.o.dependants.PodInfoConfigMap - [helmvolu] Desired PodInfo ConfigMap (extension state hash: -1817474005)
2025-01-29 01:02:32,468 INFO c.h.h.t.HelmChartContainer - [hivemq-test-hivemq-platform] [hivemq-platform-operator] [62b15f4a] 01:02:32.467 [pool-6-thread-30] DEBUG c.h.p.o.d.PodServiceAccountResource - [helmvolu] Desired PodServiceAccountResource (serviceAccountName: hivemq-platform-pod-test-hivemq-platform)
2025-01-29 01:02:32,468 INFO c.h.h.t.HelmChartContainer - [POD] test-hivemq-platform-1 [87ee406e-a8cc-40d6-b22e-7a5a0ba0ecf3] in helmvolumeclaimtemplatesit was DELETED
2025-01-29 01:02:32,472 INFO c.h.h.t.HelmChartContainer - [hivemq-test-hivemq-platform] [hivemq-platform-operator] [62b15f4a] 01:02:32.470 [pool-6-thread-27] DEBUG c.h.p.o.d.StatefulSetResource - [helmvolu] Desired StatefulSet (3 replicas) for status ROLLING_RESTART (RESTART_PODS_IN_PROGRESS)
2025-01-29 01:02:32,475 INFO c.h.h.t.HelmChartContainer - [hivemq-test-hivemq-platform] [hivemq-platform-operator] [62b15f4a] 01:02:32.472 [ReconcilerExecutor-hivemq-controller-145] INFO  c.h.p.o.HiveMQPlatformReconciler - [helmvolu] Reconciling HiveMQ Platform 'test-hivemq-platform' in namespace 'helmvolumeclaimtemplatesit'
2025-01-29 01:02:32,475 INFO c.h.h.t.HelmChartContainer - [hivemq-test-hivemq-platform] [hivemq-platform-operator] [62b15f4a] 01:02:32.473 [ReconcilerExecutor-hivemq-controller-145] DEBUG c.h.p.o.HiveMQPlatformReconciler - [helmvolu] Custom Resource Status ROLLING_RESTART - HiveMQ Platform is restarting Pods (rolling restart) (RESTART_PODS_IN_PROGRESS)
2025-01-29 01:02:32,475 INFO c.h.h.t.HelmChartContainer - [hivemq-test-hivemq-platform] [hivemq-platform-operator] [62b15f4a] 01:02:32.473 [ReconcilerExecutor-hivemq-controller-145] DEBUG c.h.p.o.HiveMQPlatformReconciler - [helmvolu] Custom Resource Spec (replicas: 2) (extensions: 1)
2025-01-29 01:02:32,475 INFO c.h.h.t.HelmChartContainer - [hivemq-test-hivemq-platform] [hivemq-platform-operator] [62b15f4a] 01:02:32.473 [ReconcilerExecutor-hivemq-controller-145] DEBUG c.h.p.o.HiveMQPlatformReconciler - [helmvolu] StatefulSet Status (revision: test-hivemq-platform-59475f86c9, replicas: 3, available: 2, ready: 2, current: 1, updated: 1)
2025-01-29 01:02:32,475 INFO c.h.h.t.HelmChartContainer - [hivemq-test-hivemq-platform] [hivemq-platform-operator] [62b15f4a] 01:02:32.473 [ReconcilerExecutor-hivemq-controller-145] DEBUG c.h.p.o.HiveMQPlatformReconciler - [helmvolu] StatefulSet Spec (replicas: 3, init containers: 1, containers: 1, volumes: 4)
2025-01-29 01:02:32,475 INFO c.h.h.t.HelmChartContainer - [hivemq-test-hivemq-platform] [hivemq-platform-operator] [62b15f4a] 01:02:32.474 [ReconcilerExecutor-hivemq-controller-145] DEBUG c.h.p.o.h.HiveMQPlatformReconcilerErrorHandler - [helmvolu] Pod 'test-hivemq-platform-2' phase Running
2025-01-29 01:02:32,483 INFO c.h.h.t.HelmChartContainer - [hivemq-test-hivemq-platform] [hivemq-platform-operator] [62b15f4a] 01:02:32.475 [ReconcilerExecutor-hivemq-controller-145] DEBUG c.h.p.o.h.HiveMQPlatformReconcilerErrorHandler - [helmvolu] Pod 'test-hivemq-platform-0' phase Running
2025-01-29 01:02:32,484 INFO c.h.h.t.HelmChartContainer - [hivemq-test-hivemq-platform] [hivemq-platform-operator] [62b15f4a] 01:02:32.476 [ReconcilerExecutor-hivemq-controller-145] DEBUG c.h.p.o.h.HiveMQPlatformReconcilerRollingRestartHandler - [helmvolu] Rolling restart is waiting for 2 of 3 replicas
2025-01-29 01:02:32,484 INFO c.h.h.t.HelmChartContainer - [hivemq-test-hivemq-platform] [hivemq-platform-operator] [62b15f4a] 01:02:32.478 [pool-6-thread-38] DEBUG c.h.p.o.d.PlatformServiceResource - [helmvolu] Desired Platform services (3 services)
2025-01-29 01:02:32,484 INFO c.h.h.t.HelmChartContainer - [hivemq-test-hivemq-platform] [hivemq-platform-operator] [62b15f4a] 01:02:32.479 [pool-6-thread-33] DEBUG c.h.p.o.dependants.PodInfoConfigMap - [helmvolu] Desired PodInfo ConfigMap (1 extensions) (1 enabled)
2025-01-29 01:02:32,484 INFO c.h.h.t.HelmChartContainer - [hivemq-test-hivemq-platform] [hivemq-platform-operator] [62b15f4a] 01:02:32.479 [pool-6-thread-33] DEBUG c.h.p.o.dependants.PodInfoConfigMap - [helmvolu] Desired PodInfo ConfigMap (metrics port: 9399) (metrics path: /)
2025-01-29 01:02:32,484 INFO c.h.h.t.HelmChartContainer - [hivemq-test-hivemq-platform] [hivemq-platform-operator] [62b15f4a] 01:02:32.479 [pool-6-thread-33] DEBUG c.h.p.o.dependants.PodInfoConfigMap - [helmvolu] Desired PodInfo ConfigMap (extension state hash: -1817474005)
2025-01-29 01:02:32,485 INFO c.h.h.t.HelmChartContainer - [hivemq-test-hivemq-platform] [hivemq-platform-operator] [62b15f4a] 01:02:32.482 [pool-6-thread-35] DEBUG c.h.p.o.d.PodServiceAccountResource - [helmvolu] Desired PodServiceAccountResource (serviceAccountName: hivemq-platform-pod-test-hivemq-platform)
2025-01-29 01:02:32,487 INFO c.h.h.t.HelmChartContainer - [hivemq-test-hivemq-platform] [hivemq-platform-operator] [62b15f4a] 01:02:32.486 [pool-6-thread-33] DEBUG c.h.p.o.d.StatefulSetResource - [helmvolu] Desired StatefulSet (3 replicas) for status ROLLING_RESTART (RESTART_PODS_IN_PROGRESS)
2025-01-29 01:02:32,495 INFO c.h.h.t.HelmChartContainer - [POD] test-hivemq-platform-1 [2318d085-89bd-4414-b22c-e67c93016ad9] in helmvolumeclaimtemplatesit was ADDED
2025-01-29 01:02:32,502 INFO c.h.h.t.HelmChartContainer - [hivemq-test-hivemq-platform] [hivemq-platform-operator] [62b15f4a] 01:02:32.496 [ReconcilerExecutor-hivemq-controller-146] INFO  c.h.p.o.HiveMQPlatformReconciler - [helmvolu] Reconciling HiveMQ Platform 'test-hivemq-platform' in namespace 'helmvolumeclaimtemplatesit'
2025-01-29 01:02:32,502 INFO c.h.h.t.HelmChartContainer - [hivemq-test-hivemq-platform] [hivemq-platform-operator] [62b15f4a] 01:02:32.496 [ReconcilerExecutor-hivemq-controller-146] DEBUG c.h.p.o.HiveMQPlatformReconciler - [helmvolu] Custom Resource Status ROLLING_RESTART - HiveMQ Platform is restarting Pods (rolling restart) (RESTART_PODS_IN_PROGRESS)
2025-01-29 01:02:32,502 INFO c.h.h.t.HelmChartContainer - [hivemq-test-hivemq-platform] [hivemq-platform-operator] [62b15f4a] 01:02:32.496 [ReconcilerExecutor-hivemq-controller-146] DEBUG c.h.p.o.HiveMQPlatformReconciler - [helmvolu] Custom Resource Spec (replicas: 2) (extensions: 1)
2025-01-29 01:02:32,502 INFO c.h.h.t.HelmChartContainer - [hivemq-test-hivemq-platform] [hivemq-platform-operator] [62b15f4a] 01:02:32.499 [ReconcilerExecutor-hivemq-controller-146] DEBUG c.h.p.o.HiveMQPlatformReconciler - [helmvolu] StatefulSet Status (revision: test-hivemq-platform-59475f86c9, replicas: 3, available: 2, ready: 2, current: 1, updated: 1)
2025-01-29 01:02:32,503 INFO c.h.h.t.HelmChartContainer - [hivemq-test-hivemq-platform] [hivemq-platform-operator] [62b15f4a] 01:02:32.499 [ReconcilerExecutor-hivemq-controller-146] DEBUG c.h.p.o.HiveMQPlatformReconciler - [helmvolu] StatefulSet Spec (replicas: 3, init containers: 1, containers: 1, volumes: 4)
2025-01-29 01:02:32,503 INFO c.h.h.t.HelmChartContainer - [hivemq-test-hivemq-platform] [hivemq-platform-operator] [62b15f4a] 01:02:32.501 [ReconcilerExecutor-hivemq-controller-146] DEBUG c.h.p.o.h.HiveMQPlatformReconcilerErrorHandler - [helmvolu] Pod 'test-hivemq-platform-2' phase Running
2025-01-29 01:02:32,504 INFO c.h.h.t.HelmChartContainer - [hivemq-test-hivemq-platform] [hivemq-platform-operator] [62b15f4a] 01:02:32.502 [ReconcilerExecutor-hivemq-controller-146] DEBUG c.h.p.o.h.HiveMQPlatformReconcilerErrorHandler - [helmvolu] Pod 'test-hivemq-platform-1' phase Pending
2025-01-29 01:02:32,504 INFO c.h.h.t.HelmChartContainer - [hivemq-test-hivemq-platform] [hivemq-platform-operator] [62b15f4a] 01:02:32.502 [ReconcilerExecutor-hivemq-controller-146] DEBUG c.h.p.o.h.HiveMQPlatformReconcilerErrorHandler - [helmvolu] Pod 'test-hivemq-platform-0' phase Running
2025-01-29 01:02:32,506 INFO c.h.h.t.HelmChartContainer - [hivemq-test-hivemq-platform] [hivemq-platform-operator] [62b15f4a] 01:02:32.503 [ReconcilerExecutor-hivemq-controller-146] DEBUG c.h.p.o.h.HiveMQPlatformReconcilerRollingRestartHandler - [helmvolu] Rolling restart is waiting for 2 of 3 replicas
2025-01-29 01:02:32,508 INFO c.h.h.t.HelmChartContainer - [EVENT] Normal [SuccessfulCreate] create Pod test-hivemq-platform-1 in StatefulSet test-hivemq-platform successful [helmvolumeclaimtemplatesit:test-hivemq-platform]
2025-01-29 01:02:32,516 INFO c.h.h.t.HelmChartContainer - [POD] test-hivemq-platform-1 [2318d085-89bd-4414-b22c-e67c93016ad9] in helmvolumeclaimtemplatesit was MODIFIED
2025-01-29 01:02:32,516 INFO c.h.h.t.HelmChartContainer - [K3S] [memory_manager.go:355] "RemoveStaleState removing state" podUID="87ee406e-a8cc-40d6-b22e-7a5a0ba0ecf3" containerName="hivemq"
2025-01-29 01:02:32,522 INFO c.h.h.t.HelmChartContainer - [EVENT] Normal [Scheduled] Successfully assigned helmvolumeclaimtemplatesit/test-hivemq-platform-1 to dacb2472075c [helmvolumeclaimtemplatesit:test-hivemq-platform-1]
2025-01-29 01:02:32,530 INFO c.h.h.t.HelmChartContainer - [POD] test-hivemq-platform-1 [2318d085-89bd-4414-b22c-e67c93016ad9] in helmvolumeclaimtemplatesit was MODIFIED
2025-01-29 01:02:32,585 INFO c.h.h.t.HelmChartContainer - [hivemq-test-hivemq-platform] [hivemq-platform-operator] [62b15f4a] 01:02:32.581 [pool-6-thread-42] DEBUG c.h.p.o.d.PlatformServiceResource - [helmvolu] Desired Platform services (3 services)
2025-01-29 01:02:32,585 INFO c.h.h.t.HelmChartContainer - [hivemq-test-hivemq-platform] [hivemq-platform-operator] [62b15f4a] 01:02:32.581 [pool-6-thread-43] DEBUG c.h.p.o.dependants.PodInfoConfigMap - [helmvolu] Desired PodInfo ConfigMap (1 extensions) (1 enabled)
2025-01-29 01:02:32,585 INFO c.h.h.t.HelmChartContainer - [hivemq-test-hivemq-platform] [hivemq-platform-operator] [62b15f4a] 01:02:32.581 [pool-6-thread-43] DEBUG c.h.p.o.dependants.PodInfoConfigMap - [helmvolu] Desired PodInfo ConfigMap (metrics port: 9399) (metrics path: /)
2025-01-29 01:02:32,585 INFO c.h.h.t.HelmChartContainer - [hivemq-test-hivemq-platform] [hivemq-platform-operator] [62b15f4a] 01:02:32.581 [pool-6-thread-43] DEBUG c.h.p.o.dependants.PodInfoConfigMap - [helmvolu] Desired PodInfo ConfigMap (extension state hash: -1817474005)
2025-01-29 01:02:32,585 INFO c.h.h.t.HelmChartContainer - [hivemq-test-hivemq-platform] [hivemq-platform-operator] [62b15f4a] 01:02:32.583 [pool-6-thread-43] DEBUG c.h.p.o.d.PodServiceAccountResource - [helmvolu] Desired PodServiceAccountResource (serviceAccountName: hivemq-platform-pod-test-hivemq-platform)
2025-01-29 01:02:32,592 INFO c.h.h.t.HelmChartContainer - [hivemq-test-hivemq-platform] [hivemq-platform-operator] [62b15f4a] 01:02:32.591 [pool-6-thread-42] DEBUG c.h.p.o.d.StatefulSetResource - [helmvolu] Desired StatefulSet (3 replicas) for status ROLLING_RESTART (RESTART_PODS_IN_PROGRESS)
2025-01-29 01:02:32,596 INFO c.h.h.t.HelmChartContainer - [hivemq-test-hivemq-platform] [hivemq-platform-operator] [62b15f4a] 01:02:32.595 [ReconcilerExecutor-hivemq-controller-147] INFO  c.h.p.o.HiveMQPlatformReconciler - [helmvolu] Reconciling HiveMQ Platform 'test-hivemq-platform' in namespace 'helmvolumeclaimtemplatesit'
2025-01-29 01:02:32,597 INFO c.h.h.t.HelmChartContainer - [hivemq-test-hivemq-platform] [hivemq-platform-operator] [62b15f4a] 01:02:32.595 [ReconcilerExecutor-hivemq-controller-147] DEBUG c.h.p.o.HiveMQPlatformReconciler - [helmvolu] Custom Resource Status ROLLING_RESTART - HiveMQ Platform is restarting Pods (rolling restart) (RESTART_PODS_IN_PROGRESS)
2025-01-29 01:02:32,597 INFO c.h.h.t.HelmChartContainer - [hivemq-test-hivemq-platform] [hivemq-platform-operator] [62b15f4a] 01:02:32.595 [ReconcilerExecutor-hivemq-controller-147] DEBUG c.h.p.o.HiveMQPlatformReconciler - [helmvolu] Custom Resource Spec (replicas: 2) (extensions: 1)
2025-01-29 01:02:32,598 INFO c.h.h.t.HelmChartContainer - [hivemq-test-hivemq-platform] [hivemq-platform-operator] [62b15f4a] 01:02:32.597 [ReconcilerExecutor-hivemq-controller-147] DEBUG c.h.p.o.HiveMQPlatformReconciler - [helmvolu] StatefulSet Status (revision: test-hivemq-platform-59475f86c9, replicas: 3, available: 2, ready: 2, current: 1, updated: 2)
2025-01-29 01:02:32,599 INFO c.h.h.t.HelmChartContainer - [hivemq-test-hivemq-platform] [hivemq-platform-operator] [62b15f4a] 01:02:32.597 [ReconcilerExecutor-hivemq-controller-147] DEBUG c.h.p.o.HiveMQPlatformReconciler - [helmvolu] StatefulSet Spec (replicas: 3, init containers: 1, containers: 1, volumes: 4)
2025-01-29 01:02:32,601 INFO c.h.h.t.HelmChartContainer - [hivemq-test-hivemq-platform] [hivemq-platform-operator] [62b15f4a] 01:02:32.599 [ReconcilerExecutor-hivemq-controller-147] DEBUG c.h.p.o.h.HiveMQPlatformReconcilerErrorHandler - [helmvolu] Pod 'test-hivemq-platform-2' phase Running
2025-01-29 01:02:32,602 INFO c.h.h.t.HelmChartContainer - [hivemq-test-hivemq-platform] [hivemq-platform-operator] [62b15f4a] 01:02:32.601 [ReconcilerExecutor-hivemq-controller-147] DEBUG c.h.p.o.h.HiveMQPlatformReconcilerErrorHandler - [helmvolu] Pod 'test-hivemq-platform-1' phase Pending
2025-01-29 01:02:32,602 INFO c.h.h.t.HelmChartContainer - [hivemq-test-hivemq-platform] [hivemq-platform-operator] [62b15f4a] 01:02:32.601 [ReconcilerExecutor-hivemq-controller-147] DEBUG c.h.p.o.h.HiveMQPlatformReconcilerErrorHandler - [helmvolu] Pod 'test-hivemq-platform-1' condition 'PodReadyToStartContainers': False
2025-01-29 01:02:32,602 INFO c.h.h.t.HelmChartContainer - [hivemq-test-hivemq-platform] [hivemq-platform-operator] [62b15f4a] 01:02:32.601 [ReconcilerExecutor-hivemq-controller-147] DEBUG c.h.p.o.h.HiveMQPlatformReconcilerErrorHandler - [helmvolu] Pod 'test-hivemq-platform-1' condition 'Initialized': False
2025-01-29 01:02:32,602 INFO c.h.h.t.HelmChartContainer - [hivemq-test-hivemq-platform] [hivemq-platform-operator] [62b15f4a] 01:02:32.601 [ReconcilerExecutor-hivemq-controller-147] DEBUG c.h.p.o.h.HiveMQPlatformReconcilerErrorHandler - [helmvolu] Pod 'test-hivemq-platform-1' condition 'Ready': False
2025-01-29 01:02:32,602 INFO c.h.h.t.HelmChartContainer - [hivemq-test-hivemq-platform] [hivemq-platform-operator] [62b15f4a] 01:02:32.601 [ReconcilerExecutor-hivemq-controller-147] DEBUG c.h.p.o.h.HiveMQPlatformReconcilerErrorHandler - [helmvolu] Pod 'test-hivemq-platform-1' condition 'ContainersReady': False
2025-01-29 01:02:32,602 INFO c.h.h.t.HelmChartContainer - [hivemq-test-hivemq-platform] [hivemq-platform-operator] [62b15f4a] 01:02:32.601 [ReconcilerExecutor-hivemq-controller-147] DEBUG c.h.p.o.h.HiveMQPlatformReconcilerErrorHandler - [helmvolu] Pod 'test-hivemq-platform-1' condition 'PodScheduled': True
2025-01-29 01:02:32,602 INFO c.h.h.t.HelmChartContainer - [hivemq-test-hivemq-platform] [hivemq-platform-operator] [62b15f4a] 01:02:32.601 [ReconcilerExecutor-hivemq-controller-147] DEBUG c.h.p.o.h.HiveMQPlatformReconcilerErrorHandler - [helmvolu] Pod 'test-hivemq-platform-1' containerStatus 'hivemq' (started: false) (ready: false) (waiting: [PodInitializing] null)
2025-01-29 01:02:32,664 INFO c.h.h.t.HelmChartContainer - [K3S] [reconciler_common.go:251] "operationExecutor.VerifyControllerAttachedVolume started for volume \"kube-api-access-nrml8\" (UniqueName: \"kubernetes.io/projected/2318d085-89bd-4414-b22c-e67c93016ad9-kube-api-access-nrml8\") pod \"test-hivemq-platform-1\" (UID: \"2318d085-89bd-4414-b22c-e67c93016ad9\") " pod="helmvolumeclaimtemplatesit/test-hivemq-platform-1"
2025-01-29 01:02:32,665 INFO c.h.h.t.HelmChartContainer - [K3S] [reconciler_common.go:251] "operationExecutor.VerifyControllerAttachedVolume started for volume \"broker-configuration\" (UniqueName: \"kubernetes.io/configmap/2318d085-89bd-4414-b22c-e67c93016ad9-broker-configuration\") pod \"test-hivemq-platform-1\" (UID: \"2318d085-89bd-4414-b22c-e67c93016ad9\") " pod="helmvolumeclaimtemplatesit/test-hivemq-platform-1"
2025-01-29 01:02:32,665 INFO c.h.h.t.HelmChartContainer - [K3S] [reconciler_common.go:251] "operationExecutor.VerifyControllerAttachedVolume started for volume \"operator-init\" (UniqueName: \"kubernetes.io/empty-dir/2318d085-89bd-4414-b22c-e67c93016ad9-operator-init\") pod \"test-hivemq-platform-1\" (UID: \"2318d085-89bd-4414-b22c-e67c93016ad9\") " pod="helmvolumeclaimtemplatesit/test-hivemq-platform-1"
2025-01-29 01:02:32,665 INFO c.h.h.t.HelmChartContainer - [K3S] [reconciler_common.go:251] "operationExecutor.VerifyControllerAttachedVolume started for volume \"pod-info\" (UniqueName: \"kubernetes.io/configmap/2318d085-89bd-4414-b22c-e67c93016ad9-pod-info\") pod \"test-hivemq-platform-1\" (UID: \"2318d085-89bd-4414-b22c-e67c93016ad9\") " pod="helmvolumeclaimtemplatesit/test-hivemq-platform-1"
2025-01-29 01:02:32,665 INFO c.h.h.t.HelmChartContainer - [K3S] [reconciler_common.go:251] "operationExecutor.VerifyControllerAttachedVolume started for volume \"pvc-269e796d-774f-45e9-98f2-e3b41618541e\" (UniqueName: \"kubernetes.io/local-volume/pvc-269e796d-774f-45e9-98f2-e3b41618541e\") pod \"test-hivemq-platform-1\" (UID: \"2318d085-89bd-4414-b22c-e67c93016ad9\") " pod="helmvolumeclaimtemplatesit/test-hivemq-platform-1"
2025-01-29 01:02:32,679 INFO c.h.h.t.HelmChartContainer - [hivemq-test-hivemq-platform] [hivemq-platform-operator] [62b15f4a] 01:02:32.677 [ReconcilerExecutor-hivemq-controller-147] DEBUG c.h.p.o.h.HiveMQPlatformReconcilerErrorHandler - [helmvolu] Pod 'test-hivemq-platform-0' phase Running
2025-01-29 01:02:32,679 INFO c.h.h.t.HelmChartContainer - [hivemq-test-hivemq-platform] [hivemq-platform-operator] [62b15f4a] 01:02:32.678 [ReconcilerExecutor-hivemq-controller-147] DEBUG c.h.p.o.h.HiveMQPlatformReconcilerRollingRestartHandler - [helmvolu] Rolling restart is waiting for 2 of 3 replicas
2025-01-29 01:02:32,683 INFO c.h.h.t.HelmChartContainer - [hivemq-test-hivemq-platform] [hivemq-platform-operator] [62b15f4a] 01:02:32.682 [pool-6-thread-5] DEBUG c.h.p.o.d.PodServiceAccountResource - [helmvolu] Desired PodServiceAccountResource (serviceAccountName: hivemq-platform-pod-test-hivemq-platform)
2025-01-29 01:02:32,683 INFO c.h.h.t.HelmChartContainer - [hivemq-test-hivemq-platform] [hivemq-platform-operator] [62b15f4a] 01:02:32.682 [pool-6-thread-6] DEBUG c.h.p.o.dependants.PodInfoConfigMap - [helmvolu] Desired PodInfo ConfigMap (1 extensions) (1 enabled)
2025-01-29 01:02:32,683 INFO c.h.h.t.HelmChartContainer - [hivemq-test-hivemq-platform] [hivemq-platform-operator] [62b15f4a] 01:02:32.682 [pool-6-thread-6] DEBUG c.h.p.o.dependants.PodInfoConfigMap - [helmvolu] Desired PodInfo ConfigMap (metrics port: 9399) (metrics path: /)
2025-01-29 01:02:32,683 INFO c.h.h.t.HelmChartContainer - [hivemq-test-hivemq-platform] [hivemq-platform-operator] [62b15f4a] 01:02:32.682 [pool-6-thread-6] DEBUG c.h.p.o.dependants.PodInfoConfigMap - [helmvolu] Desired PodInfo ConfigMap (extension state hash: -1817474005)
2025-01-29 01:02:32,686 INFO c.h.h.t.HelmChartContainer - [hivemq-test-hivemq-platform] [hivemq-platform-operator] [62b15f4a] 01:02:32.683 [pool-6-thread-7] DEBUG c.h.p.o.d.PlatformServiceResource - [helmvolu] Desired Platform services (3 services)
2025-01-29 01:02:32,687 INFO c.h.h.t.HelmChartContainer - [hivemq-test-hivemq-platform] [hivemq-platform-operator] [62b15f4a] 01:02:32.687 [pool-6-thread-4] DEBUG c.h.p.o.d.StatefulSetResource - [helmvolu] Desired StatefulSet (3 replicas) for status ROLLING_RESTART (RESTART_PODS_IN_PROGRESS)
2025-01-29 01:02:32,690 INFO c.h.h.t.HelmChartContainer - [hivemq-test-hivemq-platform] [hivemq-platform-operator] [62b15f4a] 01:02:32.689 [ReconcilerExecutor-hivemq-controller-150] INFO  c.h.p.o.HiveMQPlatformReconciler - [helmvolu] Reconciling HiveMQ Platform 'test-hivemq-platform' in namespace 'helmvolumeclaimtemplatesit'
2025-01-29 01:02:32,691 INFO c.h.h.t.HelmChartContainer - [hivemq-test-hivemq-platform] [hivemq-platform-operator] [62b15f4a] 01:02:32.689 [ReconcilerExecutor-hivemq-controller-150] DEBUG c.h.p.o.HiveMQPlatformReconciler - [helmvolu] Custom Resource Status ROLLING_RESTART - HiveMQ Platform is restarting Pods (rolling restart) (RESTART_PODS_IN_PROGRESS)
2025-01-29 01:02:32,691 INFO c.h.h.t.HelmChartContainer - [hivemq-test-hivemq-platform] [hivemq-platform-operator] [62b15f4a] 01:02:32.689 [ReconcilerExecutor-hivemq-controller-150] DEBUG c.h.p.o.HiveMQPlatformReconciler - [helmvolu] Custom Resource Spec (replicas: 2) (extensions: 1)
2025-01-29 01:02:32,692 INFO c.h.h.t.HelmChartContainer - [hivemq-test-hivemq-platform] [hivemq-platform-operator] [62b15f4a] 01:02:32.691 [ReconcilerExecutor-hivemq-controller-150] DEBUG c.h.p.o.HiveMQPlatformReconciler - [helmvolu] StatefulSet Status (revision: test-hivemq-platform-59475f86c9, replicas: 3, available: 2, ready: 2, current: 1, updated: 2)
2025-01-29 01:02:32,692 INFO c.h.h.t.HelmChartContainer - [hivemq-test-hivemq-platform] [hivemq-platform-operator] [62b15f4a] 01:02:32.691 [ReconcilerExecutor-hivemq-controller-150] DEBUG c.h.p.o.HiveMQPlatformReconciler - [helmvolu] StatefulSet Spec (replicas: 3, init containers: 1, containers: 1, volumes: 4)
2025-01-29 01:02:32,693 INFO c.h.h.t.HelmChartContainer - [hivemq-test-hivemq-platform] [hivemq-platform-operator] [62b15f4a] 01:02:32.692 [ReconcilerExecutor-hivemq-controller-150] DEBUG c.h.p.o.h.HiveMQPlatformReconcilerErrorHandler - [helmvolu] Pod 'test-hivemq-platform-2' phase Running
2025-01-29 01:02:32,695 INFO c.h.h.t.HelmChartContainer - [hivemq-test-hivemq-platform] [hivemq-platform-operator] [62b15f4a] 01:02:32.693 [ReconcilerExecutor-hivemq-controller-150] DEBUG c.h.p.o.h.HiveMQPlatformReconcilerErrorHandler - [helmvolu] Pod 'test-hivemq-platform-1' phase Pending
2025-01-29 01:02:32,695 INFO c.h.h.t.HelmChartContainer - [hivemq-test-hivemq-platform] [hivemq-platform-operator] [62b15f4a] 01:02:32.693 [ReconcilerExecutor-hivemq-controller-150] DEBUG c.h.p.o.h.HiveMQPlatformReconcilerErrorHandler - [helmvolu] Pod 'test-hivemq-platform-1' condition 'PodReadyToStartContainers': False
2025-01-29 01:02:32,696 INFO c.h.h.t.HelmChartContainer - [hivemq-test-hivemq-platform] [hivemq-platform-operator] [62b15f4a] 01:02:32.693 [ReconcilerExecutor-hivemq-controller-150] DEBUG c.h.p.o.h.HiveMQPlatformReconcilerErrorHandler - [helmvolu] Pod 'test-hivemq-platform-1' condition 'Initialized': False
2025-01-29 01:02:32,696 INFO c.h.h.t.HelmChartContainer - [hivemq-test-hivemq-platform] [hivemq-platform-operator] [62b15f4a] 01:02:32.693 [ReconcilerExecutor-hivemq-controller-150] DEBUG c.h.p.o.h.HiveMQPlatformReconcilerErrorHandler - [helmvolu] Pod 'test-hivemq-platform-1' condition 'Ready': False
2025-01-29 01:02:32,696 INFO c.h.h.t.HelmChartContainer - [hivemq-test-hivemq-platform] [hivemq-platform-operator] [62b15f4a] 01:02:32.694 [ReconcilerExecutor-hivemq-controller-150] DEBUG c.h.p.o.h.HiveMQPlatformReconcilerErrorHandler - [helmvolu] Pod 'test-hivemq-platform-1' condition 'ContainersReady': False
2025-01-29 01:02:32,696 INFO c.h.h.t.HelmChartContainer - [hivemq-test-hivemq-platform] [hivemq-platform-operator] [62b15f4a] 01:02:32.694 [ReconcilerExecutor-hivemq-controller-150] DEBUG c.h.p.o.h.HiveMQPlatformReconcilerErrorHandler - [helmvolu] Pod 'test-hivemq-platform-1' condition 'PodScheduled': True
2025-01-29 01:02:32,696 INFO c.h.h.t.HelmChartContainer - [hivemq-test-hivemq-platform] [hivemq-platform-operator] [62b15f4a] 01:02:32.694 [ReconcilerExecutor-hivemq-controller-150] DEBUG c.h.p.o.h.HiveMQPlatformReconcilerErrorHandler - [helmvolu] Pod 'test-hivemq-platform-1' containerStatus 'hivemq' (started: false) (ready: false) (waiting: [PodInitializing] null)
2025-01-29 01:02:32,696 INFO c.h.h.t.HelmChartContainer - [hivemq-test-hivemq-platform] [hivemq-platform-operator] [62b15f4a] 01:02:32.695 [ReconcilerExecutor-hivemq-controller-150] DEBUG c.h.p.o.h.HiveMQPlatformReconcilerErrorHandler - [helmvolu] Pod 'test-hivemq-platform-0' phase Running
2025-01-29 01:02:32,697 INFO c.h.h.t.HelmChartContainer - [hivemq-test-hivemq-platform] [hivemq-platform-operator] [62b15f4a] 01:02:32.695 [ReconcilerExecutor-hivemq-controller-150] DEBUG c.h.p.o.h.HiveMQPlatformReconcilerRollingRestartHandler - [helmvolu] Rolling restart is waiting for 2 of 3 replicas
2025-01-29 01:02:32,906 INFO c.h.h.t.HelmChartContainer - [EVENT] Normal [Pulled] Container image "docker.io/hivemq/hivemq-platform-operator-init-test:snapshot" already present on machine [helmvolumeclaimtemplatesit:test-hivemq-platform-1]
2025-01-29 01:02:32,914 INFO c.h.h.t.HelmChartContainer - [EVENT] Normal [Created] Created container: hivemq-platform-operator-init [helmvolumeclaimtemplatesit:test-hivemq-platform-1]
2025-01-29 01:02:32,951 INFO c.h.h.t.HelmChartContainer - [K3S] [kubelet_volumes.go:163] "Cleaned up orphaned pod volumes dir" podUID="87ee406e-a8cc-40d6-b22e-7a5a0ba0ecf3" path="/var/lib/kubelet/pods/87ee406e-a8cc-40d6-b22e-7a5a0ba0ecf3/volumes"
2025-01-29 01:02:32,952 INFO c.h.h.t.HelmChartContainer - [EVENT] Normal [Started] Started container hivemq-platform-operator-init [helmvolumeclaimtemplatesit:test-hivemq-platform-1]
2025-01-29 01:02:33,450 INFO c.h.h.t.HelmChartContainer - [EVENT] Normal [Pulled] Container image "docker.io/hivemq/hivemq4:4.36.0" already present on machine [helmvolumeclaimtemplatesit:test-hivemq-platform-1]
2025-01-29 01:02:33,450 INFO c.h.h.t.HelmChartContainer - Received Pulled event for container hivemq in pod test-hivemq-platform-1 [2318d085-89bd-4414-b22c-e67c93016ad9]
2025-01-29 01:02:33,465 INFO c.h.h.t.HelmChartContainer - [POD] test-hivemq-platform-1 [2318d085-89bd-4414-b22c-e67c93016ad9] in helmvolumeclaimtemplatesit was MODIFIED
2025-01-29 01:02:33,485 INFO c.h.h.t.HelmChartContainer - [hivemq-test-hivemq-platform] [hivemq-platform-operator] [62b15f4a] 01:02:33.461 [pool-6-thread-20] DEBUG c.h.p.o.d.PlatformServiceResource - [helmvolu] Desired Platform services (3 services)
2025-01-29 01:02:33,486 INFO c.h.h.t.HelmChartContainer - [hivemq-test-hivemq-platform] [hivemq-platform-operator] [62b15f4a] 01:02:33.467 [pool-6-thread-13] DEBUG c.h.p.o.d.PodServiceAccountResource - [helmvolu] Desired PodServiceAccountResource (serviceAccountName: hivemq-platform-pod-test-hivemq-platform)
2025-01-29 01:02:33,486 INFO c.h.h.t.HelmChartContainer - [hivemq-test-hivemq-platform] [hivemq-platform-operator] [62b15f4a] 01:02:33.470 [pool-6-thread-20] DEBUG c.h.p.o.dependants.PodInfoConfigMap - [helmvolu] Desired PodInfo ConfigMap (1 extensions) (1 enabled)
2025-01-29 01:02:33,486 INFO c.h.h.t.HelmChartContainer - [hivemq-test-hivemq-platform] [hivemq-platform-operator] [62b15f4a] 01:02:33.470 [pool-6-thread-20] DEBUG c.h.p.o.dependants.PodInfoConfigMap - [helmvolu] Desired PodInfo ConfigMap (metrics port: 9399) (metrics path: /)
2025-01-29 01:02:33,486 INFO c.h.h.t.HelmChartContainer - [hivemq-test-hivemq-platform] [hivemq-platform-operator] [62b15f4a] 01:02:33.470 [pool-6-thread-20] DEBUG c.h.p.o.dependants.PodInfoConfigMap - [helmvolu] Desired PodInfo ConfigMap (extension state hash: -1817474005)
2025-01-29 01:02:33,486 INFO c.h.h.t.HelmChartContainer - [hivemq-test-hivemq-platform] [hivemq-platform-operator] [62b15f4a] 01:02:33.472 [pool-6-thread-20] DEBUG c.h.p.o.d.StatefulSetResource - [helmvolu] Desired StatefulSet (3 replicas) for status ROLLING_RESTART (RESTART_PODS_IN_PROGRESS)
2025-01-29 01:02:33,486 INFO c.h.h.t.HelmChartContainer - [hivemq-test-hivemq-platform] [hivemq-platform-operator] [62b15f4a] 01:02:33.477 [ReconcilerExecutor-hivemq-controller-151] INFO  c.h.p.o.HiveMQPlatformReconciler - [helmvolu] Reconciling HiveMQ Platform 'test-hivemq-platform' in namespace 'helmvolumeclaimtemplatesit'
2025-01-29 01:02:33,486 INFO c.h.h.t.HelmChartContainer - [hivemq-test-hivemq-platform] [hivemq-platform-operator] [62b15f4a] 01:02:33.477 [ReconcilerExecutor-hivemq-controller-151] DEBUG c.h.p.o.HiveMQPlatformReconciler - [helmvolu] Custom Resource Status ROLLING_RESTART - HiveMQ Platform is restarting Pods (rolling restart) (RESTART_PODS_IN_PROGRESS)
2025-01-29 01:02:33,486 INFO c.h.h.t.HelmChartContainer - [hivemq-test-hivemq-platform] [hivemq-platform-operator] [62b15f4a] 01:02:33.477 [ReconcilerExecutor-hivemq-controller-151] DEBUG c.h.p.o.HiveMQPlatformReconciler - [helmvolu] Custom Resource Spec (replicas: 2) (extensions: 1)
2025-01-29 01:02:33,486 INFO c.h.h.t.HelmChartContainer - [hivemq-test-hivemq-platform] [hivemq-platform-operator] [62b15f4a] 01:02:33.478 [ReconcilerExecutor-hivemq-controller-151] DEBUG c.h.p.o.HiveMQPlatformReconciler - [helmvolu] StatefulSet Status (revision: test-hivemq-platform-59475f86c9, replicas: 3, available: 2, ready: 2, current: 1, updated: 2)
2025-01-29 01:02:33,486 INFO c.h.h.t.HelmChartContainer - [hivemq-test-hivemq-platform] [hivemq-platform-operator] [62b15f4a] 01:02:33.478 [ReconcilerExecutor-hivemq-controller-151] DEBUG c.h.p.o.HiveMQPlatformReconciler - [helmvolu] StatefulSet Spec (replicas: 3, init containers: 1, containers: 1, volumes: 4)
2025-01-29 01:02:33,488 INFO c.h.h.t.HelmChartContainer - [hivemq-test-hivemq-platform] [hivemq-platform-operator] [62b15f4a] 01:02:33.480 [ReconcilerExecutor-hivemq-controller-151] DEBUG c.h.p.o.h.HiveMQPlatformReconcilerErrorHandler - [helmvolu] Pod 'test-hivemq-platform-2' phase Running
2025-01-29 01:02:33,488 INFO c.h.h.t.HelmChartContainer - [hivemq-test-hivemq-platform] [hivemq-platform-operator] [62b15f4a] 01:02:33.481 [ReconcilerExecutor-hivemq-controller-151] DEBUG c.h.p.o.h.HiveMQPlatformReconcilerErrorHandler - [helmvolu] Pod 'test-hivemq-platform-1' phase Pending
2025-01-29 01:02:33,488 INFO c.h.h.t.HelmChartContainer - [hivemq-test-hivemq-platform] [hivemq-platform-operator] [62b15f4a] 01:02:33.481 [ReconcilerExecutor-hivemq-controller-151] DEBUG c.h.p.o.h.HiveMQPlatformReconcilerErrorHandler - [helmvolu] Pod 'test-hivemq-platform-1' condition 'PodReadyToStartContainers': True
2025-01-29 01:02:33,488 INFO c.h.h.t.HelmChartContainer - [hivemq-test-hivemq-platform] [hivemq-platform-operator] [62b15f4a] 01:02:33.481 [ReconcilerExecutor-hivemq-controller-151] DEBUG c.h.p.o.h.HiveMQPlatformReconcilerErrorHandler - [helmvolu] Pod 'test-hivemq-platform-1' condition 'Initialized': True
2025-01-29 01:02:33,488 INFO c.h.h.t.HelmChartContainer - [hivemq-test-hivemq-platform] [hivemq-platform-operator] [62b15f4a] 01:02:33.481 [ReconcilerExecutor-hivemq-controller-151] DEBUG c.h.p.o.h.HiveMQPlatformReconcilerErrorHandler - [helmvolu] Pod 'test-hivemq-platform-1' condition 'Ready': False
2025-01-29 01:02:33,488 INFO c.h.h.t.HelmChartContainer - [hivemq-test-hivemq-platform] [hivemq-platform-operator] [62b15f4a] 01:02:33.481 [ReconcilerExecutor-hivemq-controller-151] DEBUG c.h.p.o.h.HiveMQPlatformReconcilerErrorHandler - [helmvolu] Pod 'test-hivemq-platform-1' condition 'ContainersReady': False
2025-01-29 01:02:33,488 INFO c.h.h.t.HelmChartContainer - [hivemq-test-hivemq-platform] [hivemq-platform-operator] [62b15f4a] 01:02:33.481 [ReconcilerExecutor-hivemq-controller-151] DEBUG c.h.p.o.h.HiveMQPlatformReconcilerErrorHandler - [helmvolu] Pod 'test-hivemq-platform-1' condition 'PodScheduled': True
2025-01-29 01:02:33,488 INFO c.h.h.t.HelmChartContainer - [hivemq-test-hivemq-platform] [hivemq-platform-operator] [62b15f4a] 01:02:33.481 [ReconcilerExecutor-hivemq-controller-151] DEBUG c.h.p.o.h.HiveMQPlatformReconcilerErrorHandler - [helmvolu] Pod 'test-hivemq-platform-1' containerStatus 'hivemq' (started: false) (ready: false) (waiting: [PodInitializing] null)
2025-01-29 01:02:33,488 INFO c.h.h.t.HelmChartContainer - [hivemq-test-hivemq-platform] [hivemq-platform-operator] [62b15f4a] 01:02:33.482 [ReconcilerExecutor-hivemq-controller-151] DEBUG c.h.p.o.h.HiveMQPlatformReconcilerErrorHandler - [helmvolu] Pod 'test-hivemq-platform-0' phase Running
2025-01-29 01:02:33,490 INFO c.h.h.t.HelmChartContainer - [hivemq-test-hivemq-platform] [hivemq-platform-operator] [62b15f4a] 01:02:33.482 [ReconcilerExecutor-hivemq-controller-151] DEBUG c.h.p.o.h.HiveMQPlatformReconcilerRollingRestartHandler - [helmvolu] Rolling restart is waiting for 2 of 3 replicas
2025-01-29 01:02:33,490 INFO c.h.h.t.HelmChartContainer - [EVENT] Normal [Created] Created container: hivemq [helmvolumeclaimtemplatesit:test-hivemq-platform-1]
2025-01-29 01:02:33,490 INFO c.h.h.t.HelmChartContainer - Received Created event for container hivemq in pod test-hivemq-platform-1 [2318d085-89bd-4414-b22c-e67c93016ad9]
2025-01-29 01:02:34,461 INFO c.h.h.t.HelmChartContainer - [POD] test-hivemq-platform-1 [2318d085-89bd-4414-b22c-e67c93016ad9] in helmvolumeclaimtemplatesit was MODIFIED
2025-01-29 01:02:34,470 INFO c.h.h.t.HelmChartContainer - Started log watcher for hivemq in pod test-hivemq-platform-1 [2318d085-89bd-4414-b22c-e67c93016ad9]
2025-01-29 01:02:34,470 INFO c.h.h.t.HelmChartContainer - [test-hivemq-platform] [hivemq] [2318d085] Adding pre-installed HiveMQ Platform Operator extensions
2025-01-29 01:02:34,470 INFO c.h.h.t.HelmChartContainer - [test-hivemq-platform] [hivemq] [2318d085] Running as user 10000
2025-01-29 01:02:34,470 INFO c.h.h.t.HelmChartContainer - [test-hivemq-platform] [hivemq] [2318d085] Starting HiveMQ Platform Operator Init
2025-01-29 01:02:34,470 INFO c.h.h.t.HelmChartContainer - [hivemq-test-hivemq-platform] [hivemq-platform-operator] [62b15f4a] 01:02:34.466 [pool-6-thread-22] DEBUG c.h.p.o.d.PlatformServiceResource - [helmvolu] Desired Platform services (3 services)
2025-01-29 01:02:34,470 INFO c.h.h.t.HelmChartContainer - [hivemq-test-hivemq-platform] [hivemq-platform-operator] [62b15f4a] 01:02:34.468 [pool-6-thread-29] DEBUG c.h.p.o.dependants.PodInfoConfigMap - [helmvolu] Desired PodInfo ConfigMap (1 extensions) (1 enabled)
2025-01-29 01:02:34,470 INFO c.h.h.t.HelmChartContainer - [hivemq-test-hivemq-platform] [hivemq-platform-operator] [62b15f4a] 01:02:34.468 [pool-6-thread-29] DEBUG c.h.p.o.dependants.PodInfoConfigMap - [helmvolu] Desired PodInfo ConfigMap (metrics port: 9399) (metrics path: /)
2025-01-29 01:02:34,471 INFO c.h.h.t.HelmChartContainer - [hivemq-test-hivemq-platform] [hivemq-platform-operator] [62b15f4a] 01:02:34.468 [pool-6-thread-29] DEBUG c.h.p.o.dependants.PodInfoConfigMap - [helmvolu] Desired PodInfo ConfigMap (extension state hash: -1817474005)
2025-01-29 01:02:34,471 INFO c.h.h.t.HelmChartContainer - [hivemq-test-hivemq-platform] [hivemq-platform-operator] [62b15f4a] 01:02:34.469 [pool-6-thread-29] DEBUG c.h.p.o.d.PodServiceAccountResource - [helmvolu] Desired PodServiceAccountResource (serviceAccountName: hivemq-platform-pod-test-hivemq-platform)
2025-01-29 01:02:34,473 INFO c.h.h.t.HelmChartContainer - [EVENT] Normal [Started] Started container hivemq [helmvolumeclaimtemplatesit:test-hivemq-platform-1]
2025-01-29 01:02:34,473 INFO c.h.h.t.HelmChartContainer - Received Started event for container hivemq in pod test-hivemq-platform-1 [2318d085-89bd-4414-b22c-e67c93016ad9]
2025-01-29 01:02:34,475 INFO c.h.h.t.HelmChartContainer - [hivemq-test-hivemq-platform] [hivemq-platform-operator] [62b15f4a] 01:02:34.474 [pool-6-thread-29] DEBUG c.h.p.o.d.StatefulSetResource - [helmvolu] Desired StatefulSet (3 replicas) for status ROLLING_RESTART (RESTART_PODS_IN_PROGRESS)
2025-01-29 01:02:34,477 INFO c.h.h.t.HelmChartContainer - [hivemq-test-hivemq-platform] [hivemq-platform-operator] [62b15f4a] 01:02:34.476 [ReconcilerExecutor-hivemq-controller-152] INFO  c.h.p.o.HiveMQPlatformReconciler - [helmvolu] Reconciling HiveMQ Platform 'test-hivemq-platform' in namespace 'helmvolumeclaimtemplatesit'
2025-01-29 01:02:34,478 INFO c.h.h.t.HelmChartContainer - [hivemq-test-hivemq-platform] [hivemq-platform-operator] [62b15f4a] 01:02:34.477 [ReconcilerExecutor-hivemq-controller-152] DEBUG c.h.p.o.HiveMQPlatformReconciler - [helmvolu] Custom Resource Status ROLLING_RESTART - HiveMQ Platform is restarting Pods (rolling restart) (RESTART_PODS_IN_PROGRESS)
2025-01-29 01:02:34,478 INFO c.h.h.t.HelmChartContainer - [hivemq-test-hivemq-platform] [hivemq-platform-operator] [62b15f4a] 01:02:34.477 [ReconcilerExecutor-hivemq-controller-152] DEBUG c.h.p.o.HiveMQPlatformReconciler - [helmvolu] Custom Resource Spec (replicas: 2) (extensions: 1)
2025-01-29 01:02:34,482 INFO c.h.h.t.HelmChartContainer - [hivemq-test-hivemq-platform] [hivemq-platform-operator] [62b15f4a] 01:02:34.480 [ReconcilerExecutor-hivemq-controller-152] DEBUG c.h.p.o.HiveMQPlatformReconciler - [helmvolu] StatefulSet Status (revision: test-hivemq-platform-59475f86c9, replicas: 3, available: 2, ready: 2, current: 1, updated: 2)
2025-01-29 01:02:34,483 INFO c.h.h.t.HelmChartContainer - [hivemq-test-hivemq-platform] [hivemq-platform-operator] [62b15f4a] 01:02:34.480 [ReconcilerExecutor-hivemq-controller-152] DEBUG c.h.p.o.HiveMQPlatformReconciler - [helmvolu] StatefulSet Spec (replicas: 3, init containers: 1, containers: 1, volumes: 4)
2025-01-29 01:02:34,483 INFO c.h.h.t.HelmChartContainer - [hivemq-test-hivemq-platform] [hivemq-platform-operator] [62b15f4a] 01:02:34.481 [ReconcilerExecutor-hivemq-controller-152] DEBUG c.h.p.o.h.HiveMQPlatformReconcilerErrorHandler - [helmvolu] Pod 'test-hivemq-platform-2' phase Running
2025-01-29 01:02:34,486 INFO c.h.h.t.HelmChartContainer - [hivemq-test-hivemq-platform] [hivemq-platform-operator] [62b15f4a] 01:02:34.483 [ReconcilerExecutor-hivemq-controller-152] DEBUG c.h.p.o.h.HiveMQPlatformReconcilerErrorHandler - [helmvolu] Pod 'test-hivemq-platform-1' phase Running
2025-01-29 01:02:34,486 INFO c.h.h.t.HelmChartContainer - [hivemq-test-hivemq-platform] [hivemq-platform-operator] [62b15f4a] 01:02:34.484 [ReconcilerExecutor-hivemq-controller-152] DEBUG c.h.p.o.h.HiveMQPlatformReconcilerErrorHandler - [helmvolu] Pod 'test-hivemq-platform-0' phase Running
2025-01-29 01:02:34,486 INFO c.h.h.t.HelmChartContainer - [hivemq-test-hivemq-platform] [hivemq-platform-operator] [62b15f4a] 01:02:34.484 [ReconcilerExecutor-hivemq-controller-152] DEBUG c.h.p.o.h.HiveMQPlatformReconcilerRollingRestartHandler - [helmvolu] Rolling restart is waiting for 2 of 3 replicas
2025-01-29 01:02:34,822 INFO c.h.h.t.HelmChartContainer - [test-hivemq-platform] [hivemq] [2318d085] INFO  - [HiveMQ Platform Operator Init 1.7.0-SNAPSHOT] HiveMQ Platform Operator Init 1.7.0-SNAPSHOT (commit: bebf408 on branch: HEAD) built on Sun Jan 26 20:47:47 UTC 2025
2025-01-29 01:02:35,952 INFO c.h.h.t.HelmChartContainer - [test-hivemq-platform] [hivemq] [2318d085] INFO  - [HiveMQ Platform Operator Init App 1.7.0-SNAPSHOT] Using bind address 10.42.0.14 from environment variable
2025-01-29 01:02:36,843 INFO c.h.h.t.HelmChartContainer - [test-hivemq-platform] [hivemq] [2318d085] INFO  - [HiveMQ Platform Operator Init App 1.7.0-SNAPSHOT] HiveMQ Platform Operator Init App 1.7.0-SNAPSHOT (commit: bebf408 on branch: HEAD) built on Sun Jan 26 20:47:47 UTC 2025
2025-01-29 01:02:36,844 INFO c.h.h.t.HelmChartContainer - [test-hivemq-platform] [hivemq] [2318d085] INFO  - [HiveMQ Platform Operator Init App 1.7.0-SNAPSHOT] PodInfo ConfigMap directory: /etc/podinfo
2025-01-29 01:02:36,844 INFO c.h.h.t.HelmChartContainer - [test-hivemq-platform] [hivemq] [2318d085] INFO  - [HiveMQ Platform Operator Init App 1.7.0-SNAPSHOT] HiveMQ home directory: /opt/hivemq
2025-01-29 01:02:36,844 INFO c.h.h.t.HelmChartContainer - [test-hivemq-platform] [hivemq] [2318d085] INFO  - [HiveMQ Platform Operator Init App 1.7.0-SNAPSHOT] HiveMQ Logback folder: /opt/hivemq/conf
2025-01-29 01:02:36,844 INFO c.h.h.t.HelmChartContainer - [test-hivemq-platform] [hivemq] [2318d085] INFO  - [HiveMQ Platform Operator Init App 1.7.0-SNAPSHOT] HiveMQ Config folder: /opt/hivemq/conf-k8s
2025-01-29 01:02:36,844 INFO c.h.h.t.HelmChartContainer - [test-hivemq-platform] [hivemq] [2318d085] INFO  - [HiveMQ Platform Operator Init App 1.7.0-SNAPSHOT] Starting HiveMQ Platform Operator Init App
2025-01-29 01:02:36,844 INFO c.h.h.t.HelmChartContainer - [test-hivemq-platform] [hivemq] [2318d085] INFO  - [HiveMQ Platform Operator Init App 1.7.0-SNAPSHOT] Starting Pod reconciler
2025-01-29 01:02:38,133 INFO c.h.h.t.HelmChartContainer - [test-hivemq-platform] [hivemq] [2318d085] INFO  - [HiveMQ Platform Operator Init App 1.7.0-SNAPSHOT] Pod reconciler is scheduled (interval: 5000 ms)
2025-01-29 01:02:38,134 INFO c.h.h.t.HelmChartContainer - [test-hivemq-platform] [hivemq] [2318d085] INFO  - [HiveMQ Platform Operator Init App 1.7.0-SNAPSHOT] Starting the REST API on 10.42.0.14:7979
2025-01-29 01:02:38,137 INFO c.h.h.t.HelmChartContainer - [test-hivemq-platform] [hivemq] [2318d085] INFO  - [HiveMQ Platform Operator Init App 1.7.0-SNAPSHOT] Waiting up to 600s for at most 3 HiveMQ nodes in cluster service hivemq-test-hivemq-platform-cluster.helmvolumeclaimtemplatesit.svc
2025-01-29 01:02:38,533 INFO c.h.h.t.HelmChartContainer - [test-hivemq-platform] [hivemq] [2318d085] INFO  - [HiveMQ Platform Operator Init App 1.7.0-SNAPSHOT] Resolved 3 IP addresses: [10.42.0.9, 10.42.0.14, 10.42.0.13]
2025-01-29 01:02:38,534 INFO c.h.h.t.HelmChartContainer - [test-hivemq-platform] [hivemq] [2318d085] INFO  - [HiveMQ Platform Operator Init App 1.7.0-SNAPSHOT] HiveMQ node count of 3 is within threshold of 3
2025-01-29 01:02:38,534 INFO c.h.h.t.HelmChartContainer - [test-hivemq-platform] [hivemq] [2318d085] INFO  - [HiveMQ Platform Operator Init App 1.7.0-SNAPSHOT] Waiting 15s for previous shutdown replication to finish...
2025-01-29 01:02:40,460 INFO c.h.h.t.HelmChartContainer - [test-hivemq-platform] [hivemq] [2318d085] INFO  - [HiveMQ Platform Operator Init App 1.7.0-SNAPSHOT] Returning default Health API response 503 for readiness
2025-01-29 01:02:40,537 INFO c.h.h.t.HelmChartContainer - [EVENT] Warning [Unhealthy] Readiness probe failed: HTTP probe failed with statuscode: 503 [helmvolumeclaimtemplatesit:test-hivemq-platform-1]
2025-01-29 01:02:40,537 INFO c.h.h.t.HelmChartContainer - Received Unhealthy event for container hivemq in pod test-hivemq-platform-1 [2318d085-89bd-4414-b22c-e67c93016ad9]
2025-01-29 01:02:44,488 INFO c.h.h.t.HelmChartContainer - [hivemq-test-hivemq-platform] [hivemq-platform-operator] [62b15f4a] 01:02:44.486 [pool-6-thread-32] DEBUG c.h.p.o.dependants.PodInfoConfigMap - [helmvolu] Desired PodInfo ConfigMap (1 extensions) (1 enabled)
2025-01-29 01:02:44,488 INFO c.h.h.t.HelmChartContainer - [hivemq-test-hivemq-platform] [hivemq-platform-operator] [62b15f4a] 01:02:44.486 [pool-6-thread-32] DEBUG c.h.p.o.dependants.PodInfoConfigMap - [helmvolu] Desired PodInfo ConfigMap (metrics port: 9399) (metrics path: /)
2025-01-29 01:02:44,488 INFO c.h.h.t.HelmChartContainer - [hivemq-test-hivemq-platform] [hivemq-platform-operator] [62b15f4a] 01:02:44.486 [pool-6-thread-32] DEBUG c.h.p.o.dependants.PodInfoConfigMap - [helmvolu] Desired PodInfo ConfigMap (extension state hash: -1817474005)
2025-01-29 01:02:44,490 INFO c.h.h.t.HelmChartContainer - [hivemq-test-hivemq-platform] [hivemq-platform-operator] [62b15f4a] 01:02:44.487 [pool-6-thread-38] DEBUG c.h.p.o.d.PlatformServiceResource - [helmvolu] Desired Platform services (3 services)
2025-01-29 01:02:44,490 INFO c.h.h.t.HelmChartContainer - [hivemq-test-hivemq-platform] [hivemq-platform-operator] [62b15f4a] 01:02:44.487 [pool-6-thread-34] DEBUG c.h.p.o.d.PodServiceAccountResource - [helmvolu] Desired PodServiceAccountResource (serviceAccountName: hivemq-platform-pod-test-hivemq-platform)
2025-01-29 01:02:44,491 INFO c.h.h.t.HelmChartContainer - [hivemq-test-hivemq-platform] [hivemq-platform-operator] [62b15f4a] 01:02:44.490 [pool-6-thread-38] DEBUG c.h.p.o.d.StatefulSetResource - [helmvolu] Desired StatefulSet (3 replicas) for status ROLLING_RESTART (RESTART_PODS_IN_PROGRESS)
2025-01-29 01:02:44,493 INFO c.h.h.t.HelmChartContainer - [hivemq-test-hivemq-platform] [hivemq-platform-operator] [62b15f4a] 01:02:44.492 [ReconcilerExecutor-hivemq-controller-153] INFO  c.h.p.o.HiveMQPlatformReconciler - [helmvolu] Reconciling HiveMQ Platform 'test-hivemq-platform' in namespace 'helmvolumeclaimtemplatesit'
2025-01-29 01:02:44,494 INFO c.h.h.t.HelmChartContainer - [hivemq-test-hivemq-platform] [hivemq-platform-operator] [62b15f4a] 01:02:44.492 [ReconcilerExecutor-hivemq-controller-153] DEBUG c.h.p.o.HiveMQPlatformReconciler - [helmvolu] Custom Resource Status ROLLING_RESTART - HiveMQ Platform is restarting Pods (rolling restart) (RESTART_PODS_IN_PROGRESS)
2025-01-29 01:02:44,495 INFO c.h.h.t.HelmChartContainer - [hivemq-test-hivemq-platform] [hivemq-platform-operator] [62b15f4a] 01:02:44.492 [ReconcilerExecutor-hivemq-controller-153] DEBUG c.h.p.o.HiveMQPlatformReconciler - [helmvolu] Custom Resource Spec (replicas: 2) (extensions: 1)
2025-01-29 01:02:44,495 INFO c.h.h.t.HelmChartContainer - [hivemq-test-hivemq-platform] [hivemq-platform-operator] [62b15f4a] 01:02:44.494 [ReconcilerExecutor-hivemq-controller-153] DEBUG c.h.p.o.HiveMQPlatformReconciler - [helmvolu] StatefulSet Status (revision: test-hivemq-platform-59475f86c9, replicas: 3, available: 2, ready: 2, current: 1, updated: 2)
2025-01-29 01:02:44,495 INFO c.h.h.t.HelmChartContainer - [hivemq-test-hivemq-platform] [hivemq-platform-operator] [62b15f4a] 01:02:44.494 [ReconcilerExecutor-hivemq-controller-153] DEBUG c.h.p.o.HiveMQPlatformReconciler - [helmvolu] StatefulSet Spec (replicas: 3, init containers: 1, containers: 1, volumes: 4)
2025-01-29 01:02:44,496 INFO c.h.h.t.HelmChartContainer - [hivemq-test-hivemq-platform] [hivemq-platform-operator] [62b15f4a] 01:02:44.496 [ReconcilerExecutor-hivemq-controller-153] DEBUG c.h.p.o.h.HiveMQPlatformReconcilerErrorHandler - [helmvolu] Pod 'test-hivemq-platform-2' phase Running
2025-01-29 01:02:44,498 INFO c.h.h.t.HelmChartContainer - [hivemq-test-hivemq-platform] [hivemq-platform-operator] [62b15f4a] 01:02:44.497 [ReconcilerExecutor-hivemq-controller-153] DEBUG c.h.p.o.h.HiveMQPlatformReconcilerErrorHandler - [helmvolu] Pod 'test-hivemq-platform-1' phase Running
2025-01-29 01:02:44,498 INFO c.h.h.t.HelmChartContainer - [hivemq-test-hivemq-platform] [hivemq-platform-operator] [62b15f4a] 01:02:44.498 [ReconcilerExecutor-hivemq-controller-153] DEBUG c.h.p.o.h.HiveMQPlatformReconcilerErrorHandler - [helmvolu] Pod 'test-hivemq-platform-0' phase Running
2025-01-29 01:02:44,499 INFO c.h.h.t.HelmChartContainer - [hivemq-test-hivemq-platform] [hivemq-platform-operator] [62b15f4a] 01:02:44.498 [ReconcilerExecutor-hivemq-controller-153] DEBUG c.h.p.o.h.HiveMQPlatformReconcilerRollingRestartHandler - [helmvolu] Rolling restart is waiting for 2 of 3 replicas
2025-01-29 01:02:45,528 INFO c.h.h.t.HelmChartContainer - [EVENT] Warning [Unhealthy] Readiness probe failed: HTTP probe failed with statuscode: 503 [helmvolumeclaimtemplatesit:test-hivemq-platform-1]
2025-01-29 01:02:45,528 INFO c.h.h.t.HelmChartContainer - Received Unhealthy event for container hivemq in pod test-hivemq-platform-1 [2318d085-89bd-4414-b22c-e67c93016ad9]
2025-01-29 01:02:45,533 INFO c.h.h.t.HelmChartContainer - [test-hivemq-platform] [hivemq] [2318d085] INFO  - [HiveMQ Platform Operator Init App 1.7.0-SNAPSHOT] Updating Pod HiveMQ Platform Operator Init App version annotation (version: 1.7.0-SNAPSHOT)
2025-01-29 01:02:45,932 INFO c.h.h.t.HelmChartContainer - [POD] test-hivemq-platform-1 [2318d085-89bd-4414-b22c-e67c93016ad9] in helmvolumeclaimtemplatesit was MODIFIED
2025-01-29 01:02:45,938 INFO c.h.h.t.HelmChartContainer - [test-hivemq-platform] [hivemq] [2318d085] INFO  - [HiveMQ Platform Operator Init App 1.7.0-SNAPSHOT] Successfully updated Pod HiveMQ Platform Operator Init App version annotation (version: 1.7.0-SNAPSHOT)
2025-01-29 01:02:45,939 INFO c.h.h.t.HelmChartContainer - [EVENT] Warning [Unhealthy] Readiness probe failed: HTTP probe failed with statuscode: 503 [helmvolumeclaimtemplatesit:test-hivemq-platform-1]
2025-01-29 01:02:45,940 INFO c.h.h.t.HelmChartContainer - Received Unhealthy event for container hivemq in pod test-hivemq-platform-1 [2318d085-89bd-4414-b22c-e67c93016ad9]
2025-01-29 01:02:45,940 INFO c.h.h.t.HelmChartContainer - [hivemq-test-hivemq-platform] [hivemq-platform-operator] [62b15f4a] 01:02:45.938 [pool-6-thread-41] DEBUG c.h.p.o.dependants.PodInfoConfigMap - [helmvolu] Desired PodInfo ConfigMap (1 extensions) (1 enabled)
2025-01-29 01:02:45,940 INFO c.h.h.t.HelmChartContainer - [hivemq-test-hivemq-platform] [hivemq-platform-operator] [62b15f4a] 01:02:45.938 [pool-6-thread-41] DEBUG c.h.p.o.dependants.PodInfoConfigMap - [helmvolu] Desired PodInfo ConfigMap (metrics port: 9399) (metrics path: /)
2025-01-29 01:02:45,940 INFO c.h.h.t.HelmChartContainer - [hivemq-test-hivemq-platform] [hivemq-platform-operator] [62b15f4a] 01:02:45.938 [pool-6-thread-41] DEBUG c.h.p.o.dependants.PodInfoConfigMap - [helmvolu] Desired PodInfo ConfigMap (extension state hash: -1817474005)
2025-01-29 01:02:45,940 INFO c.h.h.t.HelmChartContainer - [hivemq-test-hivemq-platform] [hivemq-platform-operator] [62b15f4a] 01:02:45.938 [pool-6-thread-43] DEBUG c.h.p.o.d.PlatformServiceResource - [helmvolu] Desired Platform services (3 services)
2025-01-29 01:02:45,941 INFO c.h.h.t.HelmChartContainer - [hivemq-test-hivemq-platform] [hivemq-platform-operator] [62b15f4a] 01:02:45.939 [pool-6-thread-41] DEBUG c.h.p.o.d.PodServiceAccountResource - [helmvolu] Desired PodServiceAccountResource (serviceAccountName: hivemq-platform-pod-test-hivemq-platform)
2025-01-29 01:02:45,945 INFO c.h.h.t.HelmChartContainer - [hivemq-test-hivemq-platform] [hivemq-platform-operator] [62b15f4a] 01:02:45.943 [pool-6-thread-42] DEBUG c.h.p.o.d.StatefulSetResource - [helmvolu] Desired StatefulSet (3 replicas) for status ROLLING_RESTART (RESTART_PODS_IN_PROGRESS)
2025-01-29 01:02:45,948 INFO c.h.h.t.HelmChartContainer - [hivemq-test-hivemq-platform] [hivemq-platform-operator] [62b15f4a] 01:02:45.947 [ReconcilerExecutor-hivemq-controller-52] INFO  c.h.p.o.HiveMQPlatformReconciler - [helmvolu] Reconciling HiveMQ Platform 'test-hivemq-platform' in namespace 'helmvolumeclaimtemplatesit'
2025-01-29 01:02:45,949 INFO c.h.h.t.HelmChartContainer - [hivemq-test-hivemq-platform] [hivemq-platform-operator] [62b15f4a] 01:02:45.947 [ReconcilerExecutor-hivemq-controller-52] DEBUG c.h.p.o.HiveMQPlatformReconciler - [helmvolu] Custom Resource Status ROLLING_RESTART - HiveMQ Platform is restarting Pods (rolling restart) (RESTART_PODS_IN_PROGRESS)
2025-01-29 01:02:45,949 INFO c.h.h.t.HelmChartContainer - [hivemq-test-hivemq-platform] [hivemq-platform-operator] [62b15f4a] 01:02:45.947 [ReconcilerExecutor-hivemq-controller-52] DEBUG c.h.p.o.HiveMQPlatformReconciler - [helmvolu] Custom Resource Spec (replicas: 2) (extensions: 1)
2025-01-29 01:02:45,950 INFO c.h.h.t.HelmChartContainer - [hivemq-test-hivemq-platform] [hivemq-platform-operator] [62b15f4a] 01:02:45.949 [ReconcilerExecutor-hivemq-controller-52] DEBUG c.h.p.o.HiveMQPlatformReconciler - [helmvolu] StatefulSet Status (revision: test-hivemq-platform-59475f86c9, replicas: 3, available: 2, ready: 2, current: 1, updated: 2)
2025-01-29 01:02:45,950 INFO c.h.h.t.HelmChartContainer - [hivemq-test-hivemq-platform] [hivemq-platform-operator] [62b15f4a] 01:02:45.949 [ReconcilerExecutor-hivemq-controller-52] DEBUG c.h.p.o.HiveMQPlatformReconciler - [helmvolu] StatefulSet Spec (replicas: 3, init containers: 1, containers: 1, volumes: 4)
2025-01-29 01:02:45,952 INFO c.h.h.t.HelmChartContainer - [hivemq-test-hivemq-platform] [hivemq-platform-operator] [62b15f4a] 01:02:45.951 [ReconcilerExecutor-hivemq-controller-52] DEBUG c.h.p.o.h.HiveMQPlatformReconcilerErrorHandler - [helmvolu] Pod 'test-hivemq-platform-2' phase Running
2025-01-29 01:02:45,955 INFO c.h.h.t.HelmChartContainer - [hivemq-test-hivemq-platform] [hivemq-platform-operator] [62b15f4a] 01:02:45.952 [ReconcilerExecutor-hivemq-controller-52] DEBUG c.h.p.o.h.HiveMQPlatformReconcilerErrorHandler - [helmvolu] Pod 'test-hivemq-platform-1' phase Running
2025-01-29 01:02:45,955 INFO c.h.h.t.HelmChartContainer - [hivemq-test-hivemq-platform] [hivemq-platform-operator] [62b15f4a] 01:02:45.953 [ReconcilerExecutor-hivemq-controller-52] DEBUG c.h.p.o.h.HiveMQPlatformReconcilerErrorHandler - [helmvolu] Pod 'test-hivemq-platform-0' phase Running
2025-01-29 01:02:45,955 INFO c.h.h.t.HelmChartContainer - [hivemq-test-hivemq-platform] [hivemq-platform-operator] [62b15f4a] 01:02:45.954 [ReconcilerExecutor-hivemq-controller-52] DEBUG c.h.p.o.h.HiveMQPlatformReconcilerRollingRestartHandler - [helmvolu] Rolling restart is waiting for 2 of 3 replicas
2025-01-29 01:02:50,936 INFO c.h.h.t.HelmChartContainer - [EVENT] Warning [Unhealthy] Readiness probe failed: HTTP probe failed with statuscode: 503 [helmvolumeclaimtemplatesit:test-hivemq-platform-1]
2025-01-29 01:02:50,936 INFO c.h.h.t.HelmChartContainer - Received Unhealthy event for container hivemq in pod test-hivemq-platform-1 [2318d085-89bd-4414-b22c-e67c93016ad9]
2025-01-29 01:02:53,534 INFO c.h.h.t.HelmChartContainer - [test-hivemq-platform] [hivemq] [2318d085] INFO  - [HiveMQ Platform Operator Init App 1.7.0-SNAPSHOT] Proceeding with container start
2025-01-29 01:02:53,537 INFO c.h.h.t.HelmChartContainer - [test-hivemq-platform] [hivemq] [2318d085] INFO  - [HiveMQ Platform Operator Init App 1.7.0-SNAPSHOT] Initializing HiveMQ Platform extensions with initial configuration: {hivemq-allow-all-extension={start-priority=-1, skip-https-hostname-verification=false, restart=true, config-version=0, header-version=0, c-uri=, priority=-1, uri=preinstalled, skip-https-certificate-validation=false, enabled=true}, hivemq-prometheus-extension={request-header-path=no-request-headers, enabled=true, restart=true, priority=-1, start-priority=-1, c-uri=, skip-https-hostname-verification=false, skip-https-certificate-validation=false, uri=preinstalled}}
2025-01-29 01:02:53,939 INFO c.h.h.t.HelmChartContainer - [test-hivemq-platform] [hivemq] [2318d085] INFO  - [HiveMQ Platform Operator Init App 1.7.0-SNAPSHOT] Extension hivemq-allow-all-extension was already enabled
2025-01-29 01:02:54,024 INFO c.h.h.t.HelmChartContainer - [test-hivemq-platform] [hivemq] [2318d085] INFO  - [HiveMQ Platform Operator Init App 1.7.0-SNAPSHOT] Successfully enabled extension hivemq-prometheus-extension
2025-01-29 01:02:54,026 INFO c.h.h.t.HelmChartContainer - [test-hivemq-platform] [hivemq] [2318d085] INFO  - [HiveMQ Platform Operator Init App 1.7.0-SNAPSHOT] Starting HiveMQ Platform version 4.36.0 (4.36.0)
2025-01-29 01:02:54,026 INFO c.h.h.t.HelmChartContainer - [test-hivemq-platform] [hivemq] [2318d085] INFO  - [HiveMQ Platform Operator Init App 1.7.0-SNAPSHOT] Configuring the HiveMQ Platform
2025-01-29 01:02:54,035 INFO c.h.h.t.HelmChartContainer - [test-hivemq-platform] [hivemq] [2318d085] INFO  - [HiveMQ Platform Operator Init App 1.7.0-SNAPSHOT] Changed logback.xml file scan period to 20 seconds
2025-01-29 01:02:54,127 INFO c.h.h.t.HelmChartContainer - [test-hivemq-platform] [hivemq] [2318d085] INFO  - [HiveMQ Platform Operator Init App 1.7.0-SNAPSHOT] Starting the HiveMQ Platform
2025-01-29 01:02:54,130 INFO c.h.h.t.HelmChartContainer - [test-hivemq-platform] [hivemq] [2318d085] -------------------------------------------------------------------------
2025-01-29 01:02:54,130 INFO c.h.h.t.HelmChartContainer - [test-hivemq-platform] [hivemq] [2318d085] 
2025-01-29 01:02:54,130 INFO c.h.h.t.HelmChartContainer - [test-hivemq-platform] [hivemq] [2318d085]                   _    _  _              __  __   ____
2025-01-29 01:02:54,130 INFO c.h.h.t.HelmChartContainer - [test-hivemq-platform] [hivemq] [2318d085]                  | |  | |(_)            |  \/  | / __ \
2025-01-29 01:02:54,130 INFO c.h.h.t.HelmChartContainer - [test-hivemq-platform] [hivemq] [2318d085]                  | |__| | _ __   __ ___ | \  / || |  | |
2025-01-29 01:02:54,130 INFO c.h.h.t.HelmChartContainer - [test-hivemq-platform] [hivemq] [2318d085]                  |  __  || |\ \ / // _ \| |\/| || |  | |
2025-01-29 01:02:54,130 INFO c.h.h.t.HelmChartContainer - [test-hivemq-platform] [hivemq] [2318d085]                  | |  | || | \ V /|  __/| |  | || |__| |
2025-01-29 01:02:54,130 INFO c.h.h.t.HelmChartContainer - [test-hivemq-platform] [hivemq] [2318d085]                  |_|  |_||_|  \_/  \___||_|  |_| \___\_\
2025-01-29 01:02:54,130 INFO c.h.h.t.HelmChartContainer - [test-hivemq-platform] [hivemq] [2318d085] 
2025-01-29 01:02:54,130 INFO c.h.h.t.HelmChartContainer - [test-hivemq-platform] [hivemq] [2318d085] -------------------------------------------------------------------------
2025-01-29 01:02:54,130 INFO c.h.h.t.HelmChartContainer - [test-hivemq-platform] [hivemq] [2318d085] 
2025-01-29 01:02:54,131 INFO c.h.h.t.HelmChartContainer - [test-hivemq-platform] [hivemq] [2318d085]   HiveMQ Start Script for Linux/Unix v1.14
2025-01-29 01:02:54,131 INFO c.h.h.t.HelmChartContainer - [test-hivemq-platform] [hivemq] [2318d085] 
2025-01-29 01:02:54,239 INFO c.h.h.t.HelmChartContainer - [test-hivemq-platform] [hivemq] [2318d085] -------------------------------------------------------------------------
2025-01-29 01:02:54,239 INFO c.h.h.t.HelmChartContainer - [test-hivemq-platform] [hivemq] [2318d085] 
2025-01-29 01:02:54,239 INFO c.h.h.t.HelmChartContainer - [test-hivemq-platform] [hivemq] [2318d085]   HIVEMQ_HOME: /opt/hivemq
2025-01-29 01:02:54,240 INFO c.h.h.t.HelmChartContainer - [test-hivemq-platform] [hivemq] [2318d085] 
2025-01-29 01:02:54,240 INFO c.h.h.t.HelmChartContainer - [test-hivemq-platform] [hivemq] [2318d085]   JAVA_OPTS: -XX:+UnlockExperimentalVMOptions -XX:InitialRAMPercentage=50 -XX:MaxRAMPercentage=50 -Djava.net.preferIPv4Stack=true --add-opens java.base/java.lang=ALL-UNNAMED --add-opens java.base/java.nio=ALL-UNNAMED --add-opens java.base/sun.nio.ch=ALL-UNNAMED --add-opens jdk.management/com.sun.management.internal=ALL-UNNAMED --add-exports java.base/jdk.internal.misc=ALL-UNNAMED -Djava.security.egd=file:/dev/./urandom -Dcom.sun.management.jmxremote -Dcom.sun.management.jmxremote.port=9010 -Dcom.sun.management.jmxremote.local.only=false -Dcom.sun.management.jmxremote.authenticate=false -Dcom.sun.management.jmxremote.ssl=false -Duser.language=en -Duser.region=US -XX:+CrashOnOutOfMemoryError -XX:+HeapDumpOnOutOfMemoryError
2025-01-29 01:02:54,240 INFO c.h.h.t.HelmChartContainer - [test-hivemq-platform] [hivemq] [2318d085] 
2025-01-29 01:02:54,240 INFO c.h.h.t.HelmChartContainer - [test-hivemq-platform] [hivemq] [2318d085]   JAVA_VERSION: 21
2025-01-29 01:02:54,240 INFO c.h.h.t.HelmChartContainer - [test-hivemq-platform] [hivemq] [2318d085] 
2025-01-29 01:02:54,240 INFO c.h.h.t.HelmChartContainer - [test-hivemq-platform] [hivemq] [2318d085] -------------------------------------------------------------------------
2025-01-29 01:02:54,240 INFO c.h.h.t.HelmChartContainer - [test-hivemq-platform] [hivemq] [2318d085] 
2025-01-29 01:02:55,939 INFO c.h.h.t.HelmChartContainer - [EVENT] Warning [Unhealthy] Readiness probe failed: HTTP probe failed with statuscode: 503 [helmvolumeclaimtemplatesit:test-hivemq-platform-1]
2025-01-29 01:02:55,939 INFO c.h.h.t.HelmChartContainer - Received Unhealthy event for container hivemq in pod test-hivemq-platform-1 [2318d085-89bd-4414-b22c-e67c93016ad9]
2025-01-29 01:02:55,958 INFO c.h.h.t.HelmChartContainer - [hivemq-test-hivemq-platform] [hivemq-platform-operator] [62b15f4a] 01:02:55.956 [pool-6-thread-6] DEBUG c.h.p.o.d.PlatformServiceResource - [helmvolu] Desired Platform services (3 services)
2025-01-29 01:02:55,958 INFO c.h.h.t.HelmChartContainer - [hivemq-test-hivemq-platform] [hivemq-platform-operator] [62b15f4a] 01:02:55.956 [pool-6-thread-10] DEBUG c.h.p.o.d.PodServiceAccountResource - [helmvolu] Desired PodServiceAccountResource (serviceAccountName: hivemq-platform-pod-test-hivemq-platform)
2025-01-29 01:02:55,958 INFO c.h.h.t.HelmChartContainer - [hivemq-test-hivemq-platform] [hivemq-platform-operator] [62b15f4a] 01:02:55.957 [pool-6-thread-5] DEBUG c.h.p.o.dependants.PodInfoConfigMap - [helmvolu] Desired PodInfo ConfigMap (1 extensions) (1 enabled)
2025-01-29 01:02:55,959 INFO c.h.h.t.HelmChartContainer - [hivemq-test-hivemq-platform] [hivemq-platform-operator] [62b15f4a] 01:02:55.957 [pool-6-thread-5] DEBUG c.h.p.o.dependants.PodInfoConfigMap - [helmvolu] Desired PodInfo ConfigMap (metrics port: 9399) (metrics path: /)
2025-01-29 01:02:55,959 INFO c.h.h.t.HelmChartContainer - [hivemq-test-hivemq-platform] [hivemq-platform-operator] [62b15f4a] 01:02:55.957 [pool-6-thread-5] DEBUG c.h.p.o.dependants.PodInfoConfigMap - [helmvolu] Desired PodInfo ConfigMap (extension state hash: -1817474005)
2025-01-29 01:02:55,960 INFO c.h.h.t.HelmChartContainer - [hivemq-test-hivemq-platform] [hivemq-platform-operator] [62b15f4a] 01:02:55.960 [pool-6-thread-6] DEBUG c.h.p.o.d.StatefulSetResource - [helmvolu] Desired StatefulSet (3 replicas) for status ROLLING_RESTART (RESTART_PODS_IN_PROGRESS)
2025-01-29 01:02:55,964 INFO c.h.h.t.HelmChartContainer - [hivemq-test-hivemq-platform] [hivemq-platform-operator] [62b15f4a] 01:02:55.962 [ReconcilerExecutor-hivemq-controller-53] INFO  c.h.p.o.HiveMQPlatformReconciler - [helmvolu] Reconciling HiveMQ Platform 'test-hivemq-platform' in namespace 'helmvolumeclaimtemplatesit'
2025-01-29 01:02:55,965 INFO c.h.h.t.HelmChartContainer - [hivemq-test-hivemq-platform] [hivemq-platform-operator] [62b15f4a] 01:02:55.962 [ReconcilerExecutor-hivemq-controller-53] DEBUG c.h.p.o.HiveMQPlatformReconciler - [helmvolu] Custom Resource Status ROLLING_RESTART - HiveMQ Platform is restarting Pods (rolling restart) (RESTART_PODS_IN_PROGRESS)
2025-01-29 01:02:55,965 INFO c.h.h.t.HelmChartContainer - [hivemq-test-hivemq-platform] [hivemq-platform-operator] [62b15f4a] 01:02:55.962 [ReconcilerExecutor-hivemq-controller-53] DEBUG c.h.p.o.HiveMQPlatformReconciler - [helmvolu] Custom Resource Spec (replicas: 2) (extensions: 1)
2025-01-29 01:02:55,965 INFO c.h.h.t.HelmChartContainer - [hivemq-test-hivemq-platform] [hivemq-platform-operator] [62b15f4a] 01:02:55.963 [ReconcilerExecutor-hivemq-controller-53] DEBUG c.h.p.o.HiveMQPlatformReconciler - [helmvolu] StatefulSet Status (revision: test-hivemq-platform-59475f86c9, replicas: 3, available: 2, ready: 2, current: 1, updated: 2)
2025-01-29 01:02:55,965 INFO c.h.h.t.HelmChartContainer - [hivemq-test-hivemq-platform] [hivemq-platform-operator] [62b15f4a] 01:02:55.963 [ReconcilerExecutor-hivemq-controller-53] DEBUG c.h.p.o.HiveMQPlatformReconciler - [helmvolu] StatefulSet Spec (replicas: 3, init containers: 1, containers: 1, volumes: 4)
2025-01-29 01:02:55,966 INFO c.h.h.t.HelmChartContainer - [hivemq-test-hivemq-platform] [hivemq-platform-operator] [62b15f4a] 01:02:55.964 [ReconcilerExecutor-hivemq-controller-53] DEBUG c.h.p.o.h.HiveMQPlatformReconcilerErrorHandler - [helmvolu] Pod 'test-hivemq-platform-2' phase Running
2025-01-29 01:02:55,968 INFO c.h.h.t.HelmChartContainer - [hivemq-test-hivemq-platform] [hivemq-platform-operator] [62b15f4a] 01:02:55.966 [ReconcilerExecutor-hivemq-controller-53] DEBUG c.h.p.o.h.HiveMQPlatformReconcilerErrorHandler - [helmvolu] Pod 'test-hivemq-platform-1' phase Running
2025-01-29 01:02:55,968 INFO c.h.h.t.HelmChartContainer - [hivemq-test-hivemq-platform] [hivemq-platform-operator] [62b15f4a] 01:02:55.967 [ReconcilerExecutor-hivemq-controller-53] DEBUG c.h.p.o.h.HiveMQPlatformReconcilerErrorHandler - [helmvolu] Pod 'test-hivemq-platform-0' phase Running
2025-01-29 01:02:55,968 INFO c.h.h.t.HelmChartContainer - [hivemq-test-hivemq-platform] [hivemq-platform-operator] [62b15f4a] 01:02:55.967 [ReconcilerExecutor-hivemq-controller-53] DEBUG c.h.p.o.h.HiveMQPlatformReconcilerRollingRestartHandler - [helmvolu] Rolling restart is waiting for 2 of 3 replicas
2025-01-29 01:02:56,629 INFO c.h.h.t.HelmChartContainer - [test-hivemq-platform] [hivemq] [2318d085] INFO  - Starting HiveMQ Enterprise Server
2025-01-29 01:02:56,635 INFO c.h.h.t.HelmChartContainer - [test-hivemq-platform] [hivemq] [2318d085] INFO  - HiveMQ version: 4.36.0
2025-01-29 01:02:56,636 INFO c.h.h.t.HelmChartContainer - [test-hivemq-platform] [hivemq] [2318d085] INFO  - HiveMQ home directory: /opt/hivemq
2025-01-29 01:02:56,636 INFO c.h.h.t.HelmChartContainer - [test-hivemq-platform] [hivemq] [2318d085] INFO  - Log Configuration was overridden by /opt/hivemq/conf/logback.xml
2025-01-29 01:02:57,923 INFO c.h.h.t.HelmChartContainer - [test-hivemq-platform] [hivemq] [2318d085] INFO  - Successfully loaded configuration from '/opt/hivemq/conf-k8s/config.xml'.
2025-01-29 01:02:58,227 INFO c.h.h.t.HelmChartContainer - [test-hivemq-platform] [hivemq] [2318d085] INFO  - This node's ID is dWMlC
2025-01-29 01:02:58,434 INFO c.h.h.t.HelmChartContainer - [test-hivemq-platform] [hivemq] [2318d085] INFO  - Clustering is enabled
2025-01-29 01:03:01,234 INFO c.h.h.t.HelmChartContainer - [test-hivemq-platform] [hivemq] [2318d085] WARN  - [HiveMQ Platform Operator Init App 1.7.0-SNAPSHOT] Cannot connect to Health API for readiness: null
2025-01-29 01:03:01,325 INFO c.h.h.t.HelmChartContainer - [EVENT] Warning [Unhealthy] Readiness probe failed: HTTP probe failed with statuscode: 503 [helmvolumeclaimtemplatesit:test-hivemq-platform-1]
2025-01-29 01:03:01,325 INFO c.h.h.t.HelmChartContainer - Received Unhealthy event for container hivemq in pod test-hivemq-platform-1 [2318d085-89bd-4414-b22c-e67c93016ad9]
2025-01-29 01:03:02,823 INFO c.h.h.t.HelmChartContainer - [test-hivemq-platform] [hivemq] [2318d085] WARN  - [HiveMQ Platform Operator Init App 1.7.0-SNAPSHOT] Cannot connect to Health API for liveness: null
2025-01-29 01:03:02,824 INFO c.h.h.t.HelmChartContainer - [test-hivemq-platform] [hivemq] [2318d085] INFO  - [HiveMQ Platform Operator Init App 1.7.0-SNAPSHOT] Returning default Health API response 200 for liveness
2025-01-29 01:03:05,934 INFO c.h.h.t.HelmChartContainer - [test-hivemq-platform] [hivemq] [2318d085] WARN  - [HiveMQ Platform Operator Init App 1.7.0-SNAPSHOT] Cannot connect to Health API for readiness: null
2025-01-29 01:03:05,941 INFO c.h.h.t.HelmChartContainer - [EVENT] Warning [Unhealthy] Readiness probe failed: HTTP probe failed with statuscode: 503 [helmvolumeclaimtemplatesit:test-hivemq-platform-1]
2025-01-29 01:03:05,942 INFO c.h.h.t.HelmChartContainer - Received Unhealthy event for container hivemq in pod test-hivemq-platform-1 [2318d085-89bd-4414-b22c-e67c93016ad9]
2025-01-29 01:03:05,972 INFO c.h.h.t.HelmChartContainer - [hivemq-test-hivemq-platform] [hivemq-platform-operator] [62b15f4a] 01:03:05.969 [pool-6-thread-13] DEBUG c.h.p.o.d.PlatformServiceResource - [helmvolu] Desired Platform services (3 services)
2025-01-29 01:03:05,973 INFO c.h.h.t.HelmChartContainer - [hivemq-test-hivemq-platform] [hivemq-platform-operator] [62b15f4a] 01:03:05.969 [pool-6-thread-18] DEBUG c.h.p.o.dependants.PodInfoConfigMap - [helmvolu] Desired PodInfo ConfigMap (1 extensions) (1 enabled)
2025-01-29 01:03:05,973 INFO c.h.h.t.HelmChartContainer - [hivemq-test-hivemq-platform] [hivemq-platform-operator] [62b15f4a] 01:03:05.969 [pool-6-thread-18] DEBUG c.h.p.o.dependants.PodInfoConfigMap - [helmvolu] Desired PodInfo ConfigMap (metrics port: 9399) (metrics path: /)
2025-01-29 01:03:05,973 INFO c.h.h.t.HelmChartContainer - [hivemq-test-hivemq-platform] [hivemq-platform-operator] [62b15f4a] 01:03:05.969 [pool-6-thread-18] DEBUG c.h.p.o.dependants.PodInfoConfigMap - [helmvolu] Desired PodInfo ConfigMap (extension state hash: -1817474005)
2025-01-29 01:03:05,974 INFO c.h.h.t.HelmChartContainer - [hivemq-test-hivemq-platform] [hivemq-platform-operator] [62b15f4a] 01:03:05.972 [pool-6-thread-18] DEBUG c.h.p.o.d.PodServiceAccountResource - [helmvolu] Desired PodServiceAccountResource (serviceAccountName: hivemq-platform-pod-test-hivemq-platform)
2025-01-29 01:03:05,975 INFO c.h.h.t.HelmChartContainer - [hivemq-test-hivemq-platform] [hivemq-platform-operator] [62b15f4a] 01:03:05.973 [pool-6-thread-13] DEBUG c.h.p.o.d.StatefulSetResource - [helmvolu] Desired StatefulSet (3 replicas) for status ROLLING_RESTART (RESTART_PODS_IN_PROGRESS)
2025-01-29 01:03:05,977 INFO c.h.h.t.HelmChartContainer - [hivemq-test-hivemq-platform] [hivemq-platform-operator] [62b15f4a] 01:03:05.975 [ReconcilerExecutor-hivemq-controller-64] INFO  c.h.p.o.HiveMQPlatformReconciler - [helmvolu] Reconciling HiveMQ Platform 'test-hivemq-platform' in namespace 'helmvolumeclaimtemplatesit'
2025-01-29 01:03:05,977 INFO c.h.h.t.HelmChartContainer - [hivemq-test-hivemq-platform] [hivemq-platform-operator] [62b15f4a] 01:03:05.975 [ReconcilerExecutor-hivemq-controller-64] DEBUG c.h.p.o.HiveMQPlatformReconciler - [helmvolu] Custom Resource Status ROLLING_RESTART - HiveMQ Platform is restarting Pods (rolling restart) (RESTART_PODS_IN_PROGRESS)
2025-01-29 01:03:05,977 INFO c.h.h.t.HelmChartContainer - [hivemq-test-hivemq-platform] [hivemq-platform-operator] [62b15f4a] 01:03:05.975 [ReconcilerExecutor-hivemq-controller-64] DEBUG c.h.p.o.HiveMQPlatformReconciler - [helmvolu] Custom Resource Spec (replicas: 2) (extensions: 1)
2025-01-29 01:03:05,978 INFO c.h.h.t.HelmChartContainer - [hivemq-test-hivemq-platform] [hivemq-platform-operator] [62b15f4a] 01:03:05.976 [ReconcilerExecutor-hivemq-controller-64] DEBUG c.h.p.o.HiveMQPlatformReconciler - [helmvolu] StatefulSet Status (revision: test-hivemq-platform-59475f86c9, replicas: 3, available: 2, ready: 2, current: 1, updated: 2)
2025-01-29 01:03:05,978 INFO c.h.h.t.HelmChartContainer - [hivemq-test-hivemq-platform] [hivemq-platform-operator] [62b15f4a] 01:03:05.976 [ReconcilerExecutor-hivemq-controller-64] DEBUG c.h.p.o.HiveMQPlatformReconciler - [helmvolu] StatefulSet Spec (replicas: 3, init containers: 1, containers: 1, volumes: 4)
2025-01-29 01:03:05,981 INFO c.h.h.t.HelmChartContainer - [hivemq-test-hivemq-platform] [hivemq-platform-operator] [62b15f4a] 01:03:05.977 [ReconcilerExecutor-hivemq-controller-64] DEBUG c.h.p.o.h.HiveMQPlatformReconcilerErrorHandler - [helmvolu] Pod 'test-hivemq-platform-2' phase Running
2025-01-29 01:03:05,981 INFO c.h.h.t.HelmChartContainer - [hivemq-test-hivemq-platform] [hivemq-platform-operator] [62b15f4a] 01:03:05.978 [ReconcilerExecutor-hivemq-controller-64] DEBUG c.h.p.o.h.HiveMQPlatformReconcilerErrorHandler - [helmvolu] Pod 'test-hivemq-platform-1' phase Running
2025-01-29 01:03:05,981 INFO c.h.h.t.HelmChartContainer - [hivemq-test-hivemq-platform] [hivemq-platform-operator] [62b15f4a] 01:03:05.979 [ReconcilerExecutor-hivemq-controller-64] DEBUG c.h.p.o.h.HiveMQPlatformReconcilerErrorHandler - [helmvolu] Pod 'test-hivemq-platform-0' phase Running
2025-01-29 01:03:05,984 INFO c.h.h.t.HelmChartContainer - [hivemq-test-hivemq-platform] [hivemq-platform-operator] [62b15f4a] 01:03:05.981 [ReconcilerExecutor-hivemq-controller-64] DEBUG c.h.p.o.h.HiveMQPlatformReconcilerRollingRestartHandler - [helmvolu] Rolling restart is waiting for 2 of 3 replicas
2025-01-29 01:03:10,935 INFO c.h.h.t.HelmChartContainer - [test-hivemq-platform] [hivemq] [2318d085] WARN  - [HiveMQ Platform Operator Init App 1.7.0-SNAPSHOT] Cannot connect to Health API for readiness: null
2025-01-29 01:03:10,940 INFO c.h.h.t.HelmChartContainer - [EVENT] Warning [Unhealthy] Readiness probe failed: HTTP probe failed with statuscode: 503 [helmvolumeclaimtemplatesit:test-hivemq-platform-1]
2025-01-29 01:03:10,940 INFO c.h.h.t.HelmChartContainer - Received Unhealthy event for container hivemq in pod test-hivemq-platform-1 [2318d085-89bd-4414-b22c-e67c93016ad9]
2025-01-29 01:03:11,427 INFO c.h.h.t.HelmChartContainer - [test-hivemq-platform] [hivemq] [2318d085] INFO  - No valid license file found. Using trial license, restricted to 25 connections.
2025-01-29 01:03:15,939 INFO c.h.h.t.HelmChartContainer - [test-hivemq-platform] [hivemq] [2318d085] WARN  - [HiveMQ Platform Operator Init App 1.7.0-SNAPSHOT] Cannot connect to Health API for readiness: null
2025-01-29 01:03:15,944 INFO c.h.h.t.HelmChartContainer - [EVENT] Warning [Unhealthy] Readiness probe failed: HTTP probe failed with statuscode: 503 [helmvolumeclaimtemplatesit:test-hivemq-platform-1]
2025-01-29 01:03:15,944 INFO c.h.h.t.HelmChartContainer - Received Unhealthy event for container hivemq in pod test-hivemq-platform-1 [2318d085-89bd-4414-b22c-e67c93016ad9]
2025-01-29 01:03:15,986 INFO c.h.h.t.HelmChartContainer - [hivemq-test-hivemq-platform] [hivemq-platform-operator] [62b15f4a] 01:03:15.983 [pool-6-thread-23] DEBUG c.h.p.o.d.PlatformServiceResource - [helmvolu] Desired Platform services (3 services)
2025-01-29 01:03:15,986 INFO c.h.h.t.HelmChartContainer - [hivemq-test-hivemq-platform] [hivemq-platform-operator] [62b15f4a] 01:03:15.984 [pool-6-thread-25] DEBUG c.h.p.o.d.PodServiceAccountResource - [helmvolu] Desired PodServiceAccountResource (serviceAccountName: hivemq-platform-pod-test-hivemq-platform)
2025-01-29 01:03:15,988 INFO c.h.h.t.HelmChartContainer - [hivemq-test-hivemq-platform] [hivemq-platform-operator] [62b15f4a] 01:03:15.986 [pool-6-thread-24] DEBUG c.h.p.o.dependants.PodInfoConfigMap - [helmvolu] Desired PodInfo ConfigMap (1 extensions) (1 enabled)
2025-01-29 01:03:15,988 INFO c.h.h.t.HelmChartContainer - [hivemq-test-hivemq-platform] [hivemq-platform-operator] [62b15f4a] 01:03:15.986 [pool-6-thread-24] DEBUG c.h.p.o.dependants.PodInfoConfigMap - [helmvolu] Desired PodInfo ConfigMap (metrics port: 9399) (metrics path: /)
2025-01-29 01:03:15,988 INFO c.h.h.t.HelmChartContainer - [hivemq-test-hivemq-platform] [hivemq-platform-operator] [62b15f4a] 01:03:15.986 [pool-6-thread-24] DEBUG c.h.p.o.dependants.PodInfoConfigMap - [helmvolu] Desired PodInfo ConfigMap (extension state hash: -1817474005)
2025-01-29 01:03:15,990 INFO c.h.h.t.HelmChartContainer - [hivemq-test-hivemq-platform] [hivemq-platform-operator] [62b15f4a] 01:03:15.989 [pool-6-thread-29] DEBUG c.h.p.o.d.StatefulSetResource - [helmvolu] Desired StatefulSet (3 replicas) for status ROLLING_RESTART (RESTART_PODS_IN_PROGRESS)
2025-01-29 01:03:15,992 INFO c.h.h.t.HelmChartContainer - [hivemq-test-hivemq-platform] [hivemq-platform-operator] [62b15f4a] 01:03:15.991 [ReconcilerExecutor-hivemq-controller-75] INFO  c.h.p.o.HiveMQPlatformReconciler - [helmvolu] Reconciling HiveMQ Platform 'test-hivemq-platform' in namespace 'helmvolumeclaimtemplatesit'
2025-01-29 01:03:15,992 INFO c.h.h.t.HelmChartContainer - [hivemq-test-hivemq-platform] [hivemq-platform-operator] [62b15f4a] 01:03:15.991 [ReconcilerExecutor-hivemq-controller-75] DEBUG c.h.p.o.HiveMQPlatformReconciler - [helmvolu] Custom Resource Status ROLLING_RESTART - HiveMQ Platform is restarting Pods (rolling restart) (RESTART_PODS_IN_PROGRESS)
2025-01-29 01:03:15,993 INFO c.h.h.t.HelmChartContainer - [hivemq-test-hivemq-platform] [hivemq-platform-operator] [62b15f4a] 01:03:15.991 [ReconcilerExecutor-hivemq-controller-75] DEBUG c.h.p.o.HiveMQPlatformReconciler - [helmvolu] Custom Resource Spec (replicas: 2) (extensions: 1)
2025-01-29 01:03:15,994 INFO c.h.h.t.HelmChartContainer - [hivemq-test-hivemq-platform] [hivemq-platform-operator] [62b15f4a] 01:03:15.992 [ReconcilerExecutor-hivemq-controller-75] DEBUG c.h.p.o.HiveMQPlatformReconciler - [helmvolu] StatefulSet Status (revision: test-hivemq-platform-59475f86c9, replicas: 3, available: 2, ready: 2, current: 1, updated: 2)
2025-01-29 01:03:15,994 INFO c.h.h.t.HelmChartContainer - [hivemq-test-hivemq-platform] [hivemq-platform-operator] [62b15f4a] 01:03:15.993 [ReconcilerExecutor-hivemq-controller-75] DEBUG c.h.p.o.HiveMQPlatformReconciler - [helmvolu] StatefulSet Spec (replicas: 3, init containers: 1, containers: 1, volumes: 4)
2025-01-29 01:03:15,998 INFO c.h.h.t.HelmChartContainer - [hivemq-test-hivemq-platform] [hivemq-platform-operator] [62b15f4a] 01:03:15.994 [ReconcilerExecutor-hivemq-controller-75] DEBUG c.h.p.o.h.HiveMQPlatformReconcilerErrorHandler - [helmvolu] Pod 'test-hivemq-platform-2' phase Running
2025-01-29 01:03:15,998 INFO c.h.h.t.HelmChartContainer - [hivemq-test-hivemq-platform] [hivemq-platform-operator] [62b15f4a] 01:03:15.996 [ReconcilerExecutor-hivemq-controller-75] DEBUG c.h.p.o.h.HiveMQPlatformReconcilerErrorHandler - [helmvolu] Pod 'test-hivemq-platform-1' phase Running
2025-01-29 01:03:15,998 INFO c.h.h.t.HelmChartContainer - [hivemq-test-hivemq-platform] [hivemq-platform-operator] [62b15f4a] 01:03:15.997 [ReconcilerExecutor-hivemq-controller-75] DEBUG c.h.p.o.h.HiveMQPlatformReconcilerErrorHandler - [helmvolu] Pod 'test-hivemq-platform-0' phase Running
2025-01-29 01:03:15,999 INFO c.h.h.t.HelmChartContainer - [hivemq-test-hivemq-platform] [hivemq-platform-operator] [62b15f4a] 01:03:15.997 [ReconcilerExecutor-hivemq-controller-75] DEBUG c.h.p.o.h.HiveMQPlatformReconcilerRollingRestartHandler - [helmvolu] Rolling restart is waiting for 2 of 3 replicas
2025-01-29 01:03:16,942 INFO c.h.h.t.HelmChartContainer - [test-hivemq-platform] [hivemq] [2318d085] INFO  - No valid license file for Data Hub found. Using free license, restricted to 1 policy.
2025-01-29 01:03:18,235 INFO c.h.h.t.HelmChartContainer - [test-hivemq-platform] [hivemq] [2318d085] INFO  - Audit Logger started.
2025-01-29 01:03:18,632 INFO c.h.h.t.HelmChartContainer - [test-hivemq-platform] [hivemq] [2318d085] INFO  - This node uses '1' CPU cores.
2025-01-29 01:03:18,637 INFO c.h.h.t.HelmChartContainer - [test-hivemq-platform] [hivemq] [2318d085] INFO  - Starting HiveMQ Health API on address 0.0.0.0 and port 8889
2025-01-29 01:03:19,431 INFO c.h.h.t.HelmChartContainer - [test-hivemq-platform] [hivemq] [2318d085] INFO  - Started HiveMQ Health API in 793ms
2025-01-29 01:03:20,045 INFO c.h.h.t.HelmChartContainer - [test-hivemq-platform] [hivemq] [2318d085] INFO  - Starting HiveMQ extension system.
2025-01-29 01:03:20,239 INFO c.h.h.t.HelmChartContainer - [test-hivemq-platform] [hivemq] [2318d085] INFO  - Starting extension with id "hivemq-dns-cluster-discovery" at /opt/hivemq/extensions/hivemq-dns-cluster-discovery
2025-01-29 01:03:20,822 INFO c.h.h.t.HelmChartContainer - [test-hivemq-platform] [hivemq] [2318d085] INFO  - Extension "DNS Cluster Discovery Extension" version 4.3.2 started successfully.
2025-01-29 01:03:20,822 INFO c.h.h.t.HelmChartContainer - [test-hivemq-platform] [hivemq] [2318d085] INFO  - Starting extension with id "hivemq-prometheus-extension" at /opt/hivemq/extensions/hivemq-prometheus-extension
2025-01-29 01:03:20,929 INFO c.h.h.t.HelmChartContainer - [test-hivemq-platform] [hivemq] [2318d085] INFO  - Using TCP cluster transport on address 10.42.0.14 and port 7000
2025-01-29 01:03:20,931 INFO c.h.h.t.HelmChartContainer - [test-hivemq-platform] [hivemq] [2318d085] INFO  - Using extension cluster discovery
2025-01-29 01:03:21,975 INFO c.h.h.t.HelmChartContainer - [EVENT] Warning [Unhealthy] Readiness probe failed: Get "http://10.42.0.14:7979/readiness": context deadline exceeded (Client.Timeout exceeded while awaiting headers) [helmvolumeclaimtemplatesit:test-hivemq-platform-1]
2025-01-29 01:03:21,975 INFO c.h.h.t.HelmChartContainer - Received Unhealthy event for container hivemq in pod test-hivemq-platform-1 [2318d085-89bd-4414-b22c-e67c93016ad9]
2025-01-29 01:03:22,027 INFO c.h.h.t.HelmChartContainer - [test-hivemq-platform] [hivemq] [2318d085] INFO  - Started Jetty Server exposing Prometheus Servlet on URI http://0.0.0.0:9399/
2025-01-29 01:03:22,029 INFO c.h.h.t.HelmChartContainer - [test-hivemq-platform] [hivemq] [2318d085] INFO  - Extension "Prometheus Monitoring Extension" version 4.0.12 started successfully.
2025-01-29 01:03:22,029 INFO c.h.h.t.HelmChartContainer - [test-hivemq-platform] [hivemq] [2318d085] INFO  - Starting extension with id "hivemq-allow-all-extension" at /opt/hivemq/extensions/hivemq-allow-all-extension
2025-01-29 01:03:22,029 INFO c.h.h.t.HelmChartContainer - [test-hivemq-platform] [hivemq] [2318d085] WARN  - 
2025-01-29 01:03:22,029 INFO c.h.h.t.HelmChartContainer - [test-hivemq-platform] [hivemq] [2318d085] ################################################################################################################
2025-01-29 01:03:22,029 INFO c.h.h.t.HelmChartContainer - [test-hivemq-platform] [hivemq] [2318d085] # This HiveMQ deployment is not secure! You are lacking Authentication and Authorization.                      #
2025-01-29 01:03:22,029 INFO c.h.h.t.HelmChartContainer - [test-hivemq-platform] [hivemq] [2318d085] # Right now any MQTT client can connect to the broker with a full set of permissions.                          #
2025-01-29 01:03:22,029 INFO c.h.h.t.HelmChartContainer - [test-hivemq-platform] [hivemq] [2318d085] # For production usage, add an appropriate security extension and remove the hivemq-allow-all extension.       #
2025-01-29 01:03:22,029 INFO c.h.h.t.HelmChartContainer - [test-hivemq-platform] [hivemq] [2318d085] # You can download security extensions from the HiveMQ Marketplace (https://www.hivemq.com/extensions/).       #
2025-01-29 01:03:22,029 INFO c.h.h.t.HelmChartContainer - [test-hivemq-platform] [hivemq] [2318d085] ################################################################################################################
2025-01-29 01:03:22,029 INFO c.h.h.t.HelmChartContainer - [test-hivemq-platform] [hivemq] [2318d085] INFO  - Extension "Allow All Extension" version 1.1.1 started successfully.
2025-01-29 01:03:22,327 INFO c.h.h.t.HelmChartContainer - [test-hivemq-platform] [hivemq] [605aab2b] INFO  - Cluster nodes found by discovery: [3rtKK|4] (3) [3rtKK, gkHSz, dWMlC].
2025-01-29 01:03:22,331 INFO c.h.h.t.HelmChartContainer - [test-hivemq-platform] [hivemq] [89ea2ea8] INFO  - Cluster nodes found by discovery: [3rtKK|4] (3) [3rtKK, gkHSz, dWMlC].
2025-01-29 01:03:22,429 INFO c.h.h.t.HelmChartContainer - [test-hivemq-platform] [hivemq] [2318d085] INFO  - Cluster nodes found by discovery: [3rtKK|4] (3) [3rtKK, gkHSz, dWMlC].
2025-01-29 01:03:22,532 INFO c.h.h.t.HelmChartContainer - [test-hivemq-platform] [hivemq] [2318d085] INFO  - [HiveMQ Platform Operator Init App 1.7.0-SNAPSHOT] Returning Health API response 503 for readiness
2025-01-29 01:03:22,726 INFO c.h.h.t.HelmChartContainer - [test-hivemq-platform] [hivemq] [2318d085] INFO  - Cluster size = 1, members : [3rtKK].
2025-01-29 01:03:22,727 INFO c.h.h.t.HelmChartContainer - [test-hivemq-platform] [hivemq] [2318d085] INFO  - Cluster size = 2, members : [3rtKK, gkHSz].
2025-01-29 01:03:23,222 INFO c.h.h.t.HelmChartContainer - [test-hivemq-platform] [hivemq] [2318d085] INFO  - Starting cluster join process. This may take a while. Please do not shut down HiveMQ.
2025-01-29 01:03:23,224 INFO c.h.h.t.HelmChartContainer - [test-hivemq-platform] [hivemq] [2318d085] INFO  - Cluster join process is still ongoing. Please do not shut down HiveMQ.
2025-01-29 01:03:25,230 INFO c.h.h.t.HelmChartContainer - [test-hivemq-platform] [hivemq] [605aab2b] INFO  - Cluster size = 3, members : [3rtKK, gkHSz, dWMlC].
2025-01-29 01:03:25,238 INFO c.h.h.t.HelmChartContainer - [test-hivemq-platform] [hivemq] [89ea2ea8] INFO  - Cluster size = 3, members : [3rtKK, gkHSz, dWMlC].
2025-01-29 01:03:25,244 INFO c.h.h.t.HelmChartContainer - [test-hivemq-platform] [hivemq] [2318d085] INFO  - Cluster size = 3, members : [3rtKK, gkHSz, dWMlC].
2025-01-29 01:03:25,248 INFO c.h.h.t.HelmChartContainer - [test-hivemq-platform] [hivemq] [2318d085] INFO  - Finished cluster join process successfully.
2025-01-29 01:03:25,321 INFO c.h.h.t.HelmChartContainer - [test-hivemq-platform] [hivemq] [2318d085] WARN  - No user for HiveMQ Control Center configured. Starting with default user
2025-01-29 01:03:25,322 INFO c.h.h.t.HelmChartContainer - [test-hivemq-platform] [hivemq] [2318d085] INFO  - Starting HiveMQ Control Center on address 0.0.0.0 and port 8080
2025-01-29 01:03:25,328 INFO c.h.h.t.HelmChartContainer - [test-hivemq-platform] [hivemq] [2318d085] INFO  - Mounting HiveMQ Control Center V2 Preview
2025-01-29 01:03:25,941 INFO c.h.h.t.HelmChartContainer - [EVENT] Warning [Unhealthy] Readiness probe failed: HTTP probe failed with statuscode: 503 [helmvolumeclaimtemplatesit:test-hivemq-platform-1]
2025-01-29 01:03:25,941 INFO c.h.h.t.HelmChartContainer - Received Unhealthy event for container hivemq in pod test-hivemq-platform-1 [2318d085-89bd-4414-b22c-e67c93016ad9]
2025-01-29 01:03:26,002 INFO c.h.h.t.HelmChartContainer - [hivemq-test-hivemq-platform] [hivemq-platform-operator] [62b15f4a] 01:03:26.000 [pool-6-thread-37] DEBUG c.h.p.o.d.PlatformServiceResource - [helmvolu] Desired Platform services (3 services)
2025-01-29 01:03:26,002 INFO c.h.h.t.HelmChartContainer - [hivemq-test-hivemq-platform] [hivemq-platform-operator] [62b15f4a] 01:03:26.000 [pool-6-thread-34] DEBUG c.h.p.o.d.PodServiceAccountResource - [helmvolu] Desired PodServiceAccountResource (serviceAccountName: hivemq-platform-pod-test-hivemq-platform)
2025-01-29 01:03:26,004 INFO c.h.h.t.HelmChartContainer - [hivemq-test-hivemq-platform] [hivemq-platform-operator] [62b15f4a] 01:03:26.001 [pool-6-thread-31] DEBUG c.h.p.o.dependants.PodInfoConfigMap - [helmvolu] Desired PodInfo ConfigMap (1 extensions) (1 enabled)
2025-01-29 01:03:26,004 INFO c.h.h.t.HelmChartContainer - [hivemq-test-hivemq-platform] [hivemq-platform-operator] [62b15f4a] 01:03:26.001 [pool-6-thread-31] DEBUG c.h.p.o.dependants.PodInfoConfigMap - [helmvolu] Desired PodInfo ConfigMap (metrics port: 9399) (metrics path: /)
2025-01-29 01:03:26,004 INFO c.h.h.t.HelmChartContainer - [hivemq-test-hivemq-platform] [hivemq-platform-operator] [62b15f4a] 01:03:26.001 [pool-6-thread-31] DEBUG c.h.p.o.dependants.PodInfoConfigMap - [helmvolu] Desired PodInfo ConfigMap (extension state hash: -1817474005)
2025-01-29 01:03:26,004 INFO c.h.h.t.HelmChartContainer - [hivemq-test-hivemq-platform] [hivemq-platform-operator] [62b15f4a] 01:03:26.003 [pool-6-thread-38] DEBUG c.h.p.o.d.StatefulSetResource - [helmvolu] Desired StatefulSet (3 replicas) for status ROLLING_RESTART (RESTART_PODS_IN_PROGRESS)
2025-01-29 01:03:26,007 INFO c.h.h.t.HelmChartContainer - [hivemq-test-hivemq-platform] [hivemq-platform-operator] [62b15f4a] 01:03:26.005 [ReconcilerExecutor-hivemq-controller-86] INFO  c.h.p.o.HiveMQPlatformReconciler - [helmvolu] Reconciling HiveMQ Platform 'test-hivemq-platform' in namespace 'helmvolumeclaimtemplatesit'
2025-01-29 01:03:26,007 INFO c.h.h.t.HelmChartContainer - [hivemq-test-hivemq-platform] [hivemq-platform-operator] [62b15f4a] 01:03:26.005 [ReconcilerExecutor-hivemq-controller-86] DEBUG c.h.p.o.HiveMQPlatformReconciler - [helmvolu] Custom Resource Status ROLLING_RESTART - HiveMQ Platform is restarting Pods (rolling restart) (RESTART_PODS_IN_PROGRESS)
2025-01-29 01:03:26,007 INFO c.h.h.t.HelmChartContainer - [hivemq-test-hivemq-platform] [hivemq-platform-operator] [62b15f4a] 01:03:26.005 [ReconcilerExecutor-hivemq-controller-86] DEBUG c.h.p.o.HiveMQPlatformReconciler - [helmvolu] Custom Resource Spec (replicas: 2) (extensions: 1)
2025-01-29 01:03:26,009 INFO c.h.h.t.HelmChartContainer - [hivemq-test-hivemq-platform] [hivemq-platform-operator] [62b15f4a] 01:03:26.008 [ReconcilerExecutor-hivemq-controller-86] DEBUG c.h.p.o.HiveMQPlatformReconciler - [helmvolu] StatefulSet Status (revision: test-hivemq-platform-59475f86c9, replicas: 3, available: 2, ready: 2, current: 1, updated: 2)
2025-01-29 01:03:26,010 INFO c.h.h.t.HelmChartContainer - [hivemq-test-hivemq-platform] [hivemq-platform-operator] [62b15f4a] 01:03:26.008 [ReconcilerExecutor-hivemq-controller-86] DEBUG c.h.p.o.HiveMQPlatformReconciler - [helmvolu] StatefulSet Spec (replicas: 3, init containers: 1, containers: 1, volumes: 4)
2025-01-29 01:03:26,010 INFO c.h.h.t.HelmChartContainer - [hivemq-test-hivemq-platform] [hivemq-platform-operator] [62b15f4a] 01:03:26.010 [ReconcilerExecutor-hivemq-controller-86] DEBUG c.h.p.o.h.HiveMQPlatformReconcilerErrorHandler - [helmvolu] Pod 'test-hivemq-platform-2' phase Running
2025-01-29 01:03:26,012 INFO c.h.h.t.HelmChartContainer - [hivemq-test-hivemq-platform] [hivemq-platform-operator] [62b15f4a] 01:03:26.011 [ReconcilerExecutor-hivemq-controller-86] DEBUG c.h.p.o.h.HiveMQPlatformReconcilerErrorHandler - [helmvolu] Pod 'test-hivemq-platform-1' phase Running
2025-01-29 01:03:26,013 INFO c.h.h.t.HelmChartContainer - [hivemq-test-hivemq-platform] [hivemq-platform-operator] [62b15f4a] 01:03:26.011 [ReconcilerExecutor-hivemq-controller-86] DEBUG c.h.p.o.h.HiveMQPlatformReconcilerErrorHandler - [helmvolu] Pod 'test-hivemq-platform-0' phase Running
2025-01-29 01:03:26,013 INFO c.h.h.t.HelmChartContainer - [hivemq-test-hivemq-platform] [hivemq-platform-operator] [62b15f4a] 01:03:26.012 [ReconcilerExecutor-hivemq-controller-86] DEBUG c.h.p.o.h.HiveMQPlatformReconcilerRollingRestartHandler - [helmvolu] Rolling restart is waiting for 2 of 3 replicas
2025-01-29 01:03:26,034 INFO c.h.h.t.HelmChartContainer - [test-hivemq-platform] [hivemq] [2318d085] INFO  - Started HiveMQ Control Center in 714ms
2025-01-29 01:03:26,131 INFO c.h.h.t.HelmChartContainer - [test-hivemq-platform] [hivemq] [2318d085] INFO  - Starting TCP listener on address 0.0.0.0 and port 1884
2025-01-29 01:03:26,222 INFO c.h.h.t.HelmChartContainer - [test-hivemq-platform] [hivemq] [2318d085] INFO  - Started TCP Listener on address 0.0.0.0 and on port 1884.
2025-01-29 01:03:26,222 INFO c.h.h.t.HelmChartContainer - [test-hivemq-platform] [hivemq] [2318d085] INFO  - Started HiveMQ in 29894ms
2025-01-29 01:03:30,935 INFO c.h.h.t.HelmChartContainer - [test-hivemq-platform] [hivemq] [2318d085] INFO  - [HiveMQ Platform Operator Init App 1.7.0-SNAPSHOT] Returning Health API response 200 for readiness
2025-01-29 01:03:30,950 INFO c.h.h.t.HelmChartContainer - [POD] test-hivemq-platform-1 [2318d085-89bd-4414-b22c-e67c93016ad9] in helmvolumeclaimtemplatesit was MODIFIED
2025-01-29 01:03:30,963 INFO c.h.h.t.HelmChartContainer - [hivemq-test-hivemq-platform] [hivemq-platform-operator] [62b15f4a] 01:03:30.951 [pool-6-thread-49] DEBUG c.h.p.o.d.PlatformServiceResource - [helmvolu] Desired Platform services (3 services)
2025-01-29 01:03:30,965 INFO c.h.h.t.HelmChartContainer - [hivemq-test-hivemq-platform] [hivemq-platform-operator] [62b15f4a] 01:03:30.951 [pool-6-thread-41] DEBUG c.h.p.o.dependants.PodInfoConfigMap - [helmvolu] Desired PodInfo ConfigMap (1 extensions) (1 enabled)
2025-01-29 01:03:30,965 INFO c.h.h.t.HelmChartContainer - [hivemq-test-hivemq-platform] [hivemq-platform-operator] [62b15f4a] 01:03:30.951 [pool-6-thread-41] DEBUG c.h.p.o.dependants.PodInfoConfigMap - [helmvolu] Desired PodInfo ConfigMap (metrics port: 9399) (metrics path: /)
2025-01-29 01:03:30,965 INFO c.h.h.t.HelmChartContainer - [hivemq-test-hivemq-platform] [hivemq-platform-operator] [62b15f4a] 01:03:30.951 [pool-6-thread-41] DEBUG c.h.p.o.dependants.PodInfoConfigMap - [helmvolu] Desired PodInfo ConfigMap (extension state hash: -1817474005)
2025-01-29 01:03:30,966 INFO c.h.h.t.HelmChartContainer - [hivemq-test-hivemq-platform] [hivemq-platform-operator] [62b15f4a] 01:03:30.952 [pool-6-thread-41] DEBUG c.h.p.o.d.PodServiceAccountResource - [helmvolu] Desired PodServiceAccountResource (serviceAccountName: hivemq-platform-pod-test-hivemq-platform)
2025-01-29 01:03:30,971 INFO c.h.h.t.HelmChartContainer - [hivemq-test-hivemq-platform] [hivemq-platform-operator] [62b15f4a] 01:03:30.956 [pool-6-thread-42] DEBUG c.h.p.o.d.StatefulSetResource - [helmvolu] Desired StatefulSet (3 replicas) for status ROLLING_RESTART (RESTART_PODS_IN_PROGRESS)
2025-01-29 01:03:30,972 INFO c.h.h.t.HelmChartContainer - [hivemq-test-hivemq-platform] [hivemq-platform-operator] [62b15f4a] 01:03:30.958 [ReconcilerExecutor-hivemq-controller-97] INFO  c.h.p.o.HiveMQPlatformReconciler - [helmvolu] Reconciling HiveMQ Platform 'test-hivemq-platform' in namespace 'helmvolumeclaimtemplatesit'
2025-01-29 01:03:30,972 INFO c.h.h.t.HelmChartContainer - [hivemq-test-hivemq-platform] [hivemq-platform-operator] [62b15f4a] 01:03:30.958 [ReconcilerExecutor-hivemq-controller-97] DEBUG c.h.p.o.HiveMQPlatformReconciler - [helmvolu] Custom Resource Status ROLLING_RESTART - HiveMQ Platform is restarting Pods (rolling restart) (RESTART_PODS_IN_PROGRESS)
2025-01-29 01:03:30,972 INFO c.h.h.t.HelmChartContainer - [hivemq-test-hivemq-platform] [hivemq-platform-operator] [62b15f4a] 01:03:30.958 [ReconcilerExecutor-hivemq-controller-97] DEBUG c.h.p.o.HiveMQPlatformReconciler - [helmvolu] Custom Resource Spec (replicas: 2) (extensions: 1)
2025-01-29 01:03:30,972 INFO c.h.h.t.HelmChartContainer - [hivemq-test-hivemq-platform] [hivemq-platform-operator] [62b15f4a] 01:03:30.960 [ReconcilerExecutor-hivemq-controller-97] DEBUG c.h.p.o.HiveMQPlatformReconciler - [helmvolu] StatefulSet Status (revision: test-hivemq-platform-59475f86c9, replicas: 3, available: 2, ready: 2, current: 1, updated: 2)
2025-01-29 01:03:30,972 INFO c.h.h.t.HelmChartContainer - [hivemq-test-hivemq-platform] [hivemq-platform-operator] [62b15f4a] 01:03:30.960 [ReconcilerExecutor-hivemq-controller-97] DEBUG c.h.p.o.HiveMQPlatformReconciler - [helmvolu] StatefulSet Spec (replicas: 3, init containers: 1, containers: 1, volumes: 4)
2025-01-29 01:03:30,972 INFO c.h.h.t.HelmChartContainer - [hivemq-test-hivemq-platform] [hivemq-platform-operator] [62b15f4a] 01:03:30.961 [ReconcilerExecutor-hivemq-controller-97] DEBUG c.h.p.o.h.HiveMQPlatformReconcilerErrorHandler - [helmvolu] Pod 'test-hivemq-platform-2' phase Running
2025-01-29 01:03:30,972 INFO c.h.h.t.HelmChartContainer - [hivemq-test-hivemq-platform] [hivemq-platform-operator] [62b15f4a] 01:03:30.962 [ReconcilerExecutor-hivemq-controller-97] DEBUG c.h.p.o.h.HiveMQPlatformReconcilerErrorHandler - [helmvolu] Pod 'test-hivemq-platform-1' phase Running
2025-01-29 01:03:30,972 INFO c.h.h.t.HelmChartContainer - [hivemq-test-hivemq-platform] [hivemq-platform-operator] [62b15f4a] 01:03:30.962 [ReconcilerExecutor-hivemq-controller-97] DEBUG c.h.p.o.h.HiveMQPlatformReconcilerErrorHandler - [helmvolu] Pod 'test-hivemq-platform-0' phase Running
2025-01-29 01:03:30,972 INFO c.h.h.t.HelmChartContainer - [hivemq-test-hivemq-platform] [hivemq-platform-operator] [62b15f4a] 01:03:30.963 [ReconcilerExecutor-hivemq-controller-97] DEBUG c.h.p.o.h.HiveMQPlatformReconcilerRollingRestartHandler - [helmvolu] Rolling restart is waiting for 2 of 3 replicas
2025-01-29 01:03:30,990 INFO c.h.h.t.HelmChartContainer - [hivemq-test-hivemq-platform] [hivemq-platform-operator] [62b15f4a] 01:03:30.984 [pool-6-thread-10] DEBUG c.h.p.o.d.PlatformServiceResource - [helmvolu] Desired Platform services (3 services)
2025-01-29 01:03:30,990 INFO c.h.h.t.HelmChartContainer - [hivemq-test-hivemq-platform] [hivemq-platform-operator] [62b15f4a] 01:03:30.986 [pool-6-thread-10] DEBUG c.h.p.o.dependants.PodInfoConfigMap - [helmvolu] Desired PodInfo ConfigMap (1 extensions) (1 enabled)
2025-01-29 01:03:30,991 INFO c.h.h.t.HelmChartContainer - [hivemq-test-hivemq-platform] [hivemq-platform-operator] [62b15f4a] 01:03:30.988 [pool-6-thread-10] DEBUG c.h.p.o.dependants.PodInfoConfigMap - [helmvolu] Desired PodInfo ConfigMap (metrics port: 9399) (metrics path: /)
2025-01-29 01:03:30,991 INFO c.h.h.t.HelmChartContainer - [hivemq-test-hivemq-platform] [hivemq-platform-operator] [62b15f4a] 01:03:30.988 [pool-6-thread-10] DEBUG c.h.p.o.dependants.PodInfoConfigMap - [helmvolu] Desired PodInfo ConfigMap (extension state hash: -1817474005)
2025-01-29 01:03:30,991 INFO c.h.h.t.HelmChartContainer - [hivemq-test-hivemq-platform] [hivemq-platform-operator] [62b15f4a] 01:03:30.987 [pool-6-thread-1] DEBUG c.h.p.o.d.PodServiceAccountResource - [helmvolu] Desired PodServiceAccountResource (serviceAccountName: hivemq-platform-pod-test-hivemq-platform)
2025-01-29 01:03:30,999 INFO c.h.h.t.HelmChartContainer - [hivemq-test-hivemq-platform] [hivemq-platform-operator] [62b15f4a] 01:03:30.998 [pool-6-thread-10] DEBUG c.h.p.o.d.StatefulSetResource - [helmvolu] Desired StatefulSet (3 replicas) for status ROLLING_RESTART (RESTART_PODS_IN_PROGRESS)
2025-01-29 01:03:31,005 INFO c.h.h.t.HelmChartContainer - [hivemq-test-hivemq-platform] [hivemq-platform-operator] [62b15f4a] 01:03:31.004 [ReconcilerExecutor-hivemq-controller-108] INFO  c.h.p.o.HiveMQPlatformReconciler - [helmvolu] Reconciling HiveMQ Platform 'test-hivemq-platform' in namespace 'helmvolumeclaimtemplatesit'
2025-01-29 01:03:31,005 INFO c.h.h.t.HelmChartContainer - [hivemq-test-hivemq-platform] [hivemq-platform-operator] [62b15f4a] 01:03:31.004 [ReconcilerExecutor-hivemq-controller-108] DEBUG c.h.p.o.HiveMQPlatformReconciler - [helmvolu] Custom Resource Status ROLLING_RESTART - HiveMQ Platform is restarting Pods (rolling restart) (RESTART_PODS_IN_PROGRESS)
2025-01-29 01:03:31,005 INFO c.h.h.t.HelmChartContainer - [hivemq-test-hivemq-platform] [hivemq-platform-operator] [62b15f4a] 01:03:31.004 [ReconcilerExecutor-hivemq-controller-108] DEBUG c.h.p.o.HiveMQPlatformReconciler - [helmvolu] Custom Resource Spec (replicas: 2) (extensions: 1)
2025-01-29 01:03:31,011 INFO c.h.h.t.HelmChartContainer - [hivemq-test-hivemq-platform] [hivemq-platform-operator] [62b15f4a] 01:03:31.009 [ReconcilerExecutor-hivemq-controller-108] DEBUG c.h.p.o.HiveMQPlatformReconciler - [helmvolu] StatefulSet Status (revision: test-hivemq-platform-59475f86c9, replicas: 3, available: 3, ready: 3, current: 1, updated: 2)
2025-01-29 01:03:31,011 INFO c.h.h.t.HelmChartContainer - [hivemq-test-hivemq-platform] [hivemq-platform-operator] [62b15f4a] 01:03:31.009 [ReconcilerExecutor-hivemq-controller-108] DEBUG c.h.p.o.HiveMQPlatformReconciler - [helmvolu] StatefulSet Spec (replicas: 3, init containers: 1, containers: 1, volumes: 4)
2025-01-29 01:03:31,023 INFO c.h.h.t.HelmChartContainer - [hivemq-test-hivemq-platform] [hivemq-platform-operator] [62b15f4a] 01:03:31.022 [ReconcilerExecutor-hivemq-controller-108] DEBUG c.h.p.o.h.HiveMQPlatformReconcilerErrorHandler - [helmvolu] Pod 'test-hivemq-platform-2' phase Running
2025-01-29 01:03:31,077 INFO c.h.h.t.HelmChartContainer - [hivemq-test-hivemq-platform] [hivemq-platform-operator] [62b15f4a] 01:03:31.074 [ReconcilerExecutor-hivemq-controller-108] DEBUG c.h.p.o.h.HiveMQPlatformReconcilerErrorHandler - [helmvolu] Pod 'test-hivemq-platform-1' phase Running
2025-01-29 01:03:31,077 INFO c.h.h.t.HelmChartContainer - [hivemq-test-hivemq-platform] [hivemq-platform-operator] [62b15f4a] 01:03:31.075 [ReconcilerExecutor-hivemq-controller-108] DEBUG c.h.p.o.h.HiveMQPlatformReconcilerErrorHandler - [helmvolu] Pod 'test-hivemq-platform-0' phase Running
2025-01-29 01:03:31,089 INFO c.h.h.t.HelmChartContainer - [hivemq-test-hivemq-platform] [hivemq-platform-operator] [62b15f4a] 01:03:31.088 [ReconcilerExecutor-hivemq-controller-108] DEBUG c.h.p.o.h.HiveMQPlatformReconcilerRollingRestartHandler - [helmvolu] Skipping Pod test-hivemq-platform-2 as it's already on the controller update revision (update revision: test-hivemq-platform-59475f86c9, pod revision: test-hivemq-platform-59475f86c9)
2025-01-29 01:03:31,093 INFO c.h.h.t.HelmChartContainer - [hivemq-test-hivemq-platform] [hivemq-platform-operator] [62b15f4a] 01:03:31.092 [ReconcilerExecutor-hivemq-controller-108] DEBUG c.h.p.o.h.HiveMQPlatformReconcilerRollingRestartHandler - [helmvolu] Skipping Pod test-hivemq-platform-1 as it's already on the controller update revision (update revision: test-hivemq-platform-59475f86c9, pod revision: test-hivemq-platform-59475f86c9)
2025-01-29 01:03:31,180 INFO c.h.h.t.HelmChartContainer - [hivemq-test-hivemq-platform] [hivemq-platform-operator] [62b15f4a] 01:03:31.179 [ReconcilerExecutor-hivemq-controller-108] DEBUG c.h.p.o.h.HiveMQPlatformReconcilerRollingRestartHandler - [helmvolu] The last Pod is running for 59 seconds, the next Pod can be restarted
2025-01-29 01:03:31,181 INFO c.h.h.t.HelmChartContainer - [hivemq-test-hivemq-platform] [hivemq-platform-operator] [62b15f4a] 01:03:31.179 [ReconcilerExecutor-hivemq-controller-108] INFO  c.h.p.o.h.HiveMQPlatformReconcilerRollingRestartHandler - [helmvolu] Restarting Pod test-hivemq-platform-0 as it's not matching the controller update revision (update revision: test-hivemq-platform-59475f86c9, pod revision: test-hivemq-platform-6c7bb94cbd)
2025-01-29 01:03:31,194 INFO c.h.h.t.HelmChartContainer - [POD] test-hivemq-platform-0 [605aab2b-a0ca-4a79-a357-131464bb868b] in helmvolumeclaimtemplatesit was MODIFIED
2025-01-29 01:03:31,212 INFO c.h.h.t.HelmChartContainer - [test-hivemq-platform] [hivemq] [605aab2b] INFO  - [HiveMQ Platform Operator Init App 1.7.0-SNAPSHOT] Shutting down
2025-01-29 01:03:31,213 INFO c.h.h.t.HelmChartContainer - [test-hivemq-platform] [hivemq] [605aab2b] INFO  - [HiveMQ Platform Operator Init App 1.7.0-SNAPSHOT] Stopping the HiveMQ Platform
2025-01-29 01:03:31,213 INFO c.h.h.t.HelmChartContainer - [hivemq-test-hivemq-platform] [hivemq-platform-operator] [62b15f4a] 01:03:31.201 [pool-6-thread-12] DEBUG c.h.p.o.dependants.PodInfoConfigMap - [helmvolu] Desired PodInfo ConfigMap (1 extensions) (1 enabled)
2025-01-29 01:03:31,214 INFO c.h.h.t.HelmChartContainer - [hivemq-test-hivemq-platform] [hivemq-platform-operator] [62b15f4a] 01:03:31.201 [pool-6-thread-12] DEBUG c.h.p.o.dependants.PodInfoConfigMap - [helmvolu] Desired PodInfo ConfigMap (metrics port: 9399) (metrics path: /)
2025-01-29 01:03:31,214 INFO c.h.h.t.HelmChartContainer - [hivemq-test-hivemq-platform] [hivemq-platform-operator] [62b15f4a] 01:03:31.201 [pool-6-thread-12] DEBUG c.h.p.o.dependants.PodInfoConfigMap - [helmvolu] Desired PodInfo ConfigMap (extension state hash: -1817474005)
2025-01-29 01:03:31,214 INFO c.h.h.t.HelmChartContainer - [hivemq-test-hivemq-platform] [hivemq-platform-operator] [62b15f4a] 01:03:31.203 [pool-6-thread-12] DEBUG c.h.p.o.d.PodServiceAccountResource - [helmvolu] Desired PodServiceAccountResource (serviceAccountName: hivemq-platform-pod-test-hivemq-platform)
2025-01-29 01:03:31,214 INFO c.h.h.t.HelmChartContainer - [hivemq-test-hivemq-platform] [hivemq-platform-operator] [62b15f4a] 01:03:31.204 [pool-6-thread-18] DEBUG c.h.p.o.d.PlatformServiceResource - [helmvolu] Desired Platform services (3 services)
2025-01-29 01:03:31,234 INFO c.h.h.t.HelmChartContainer - [EVENT] Normal [Killing] Stopping container hivemq [helmvolumeclaimtemplatesit:test-hivemq-platform-0]
2025-01-29 01:03:31,234 INFO c.h.h.t.HelmChartContainer - Received Killing event for container hivemq in pod test-hivemq-platform-0 [605aab2b-a0ca-4a79-a357-131464bb868b]
2025-01-29 01:03:31,234 INFO c.h.h.t.HelmChartContainer - Container [test-hivemq-platform-0] [hivemq] [605aab2b-a0ca-4a79-a357-131464bb868b] was terminated
2025-01-29 01:03:31,234 INFO c.h.h.t.HelmChartContainer - Stopped log watcher for hivemq in pod test-hivemq-platform-0 [605aab2b-a0ca-4a79-a357-131464bb868b]
2025-01-29 01:03:31,278 INFO c.h.h.t.HelmChartContainer - [hivemq-test-hivemq-platform] [hivemq-platform-operator] [62b15f4a] 01:03:31.277 [pool-6-thread-18] DEBUG c.h.p.o.d.StatefulSetResource - [helmvolu] Desired StatefulSet (3 replicas) for status ROLLING_RESTART (RESTART_PODS_IN_PROGRESS)
2025-01-29 01:03:31,283 INFO c.h.h.t.HelmChartContainer - [hivemq-test-hivemq-platform] [hivemq-platform-operator] [62b15f4a] 01:03:31.282 [ReconcilerExecutor-hivemq-controller-109] INFO  c.h.p.o.HiveMQPlatformReconciler - [helmvolu] Reconciling HiveMQ Platform 'test-hivemq-platform' in namespace 'helmvolumeclaimtemplatesit'
2025-01-29 01:03:31,285 INFO c.h.h.t.HelmChartContainer - [hivemq-test-hivemq-platform] [hivemq-platform-operator] [62b15f4a] 01:03:31.283 [ReconcilerExecutor-hivemq-controller-109] DEBUG c.h.p.o.HiveMQPlatformReconciler - [helmvolu] Custom Resource Status ROLLING_RESTART - HiveMQ Platform is restarting Pods (rolling restart) (RESTART_PODS_IN_PROGRESS)
2025-01-29 01:03:31,285 INFO c.h.h.t.HelmChartContainer - [hivemq-test-hivemq-platform] [hivemq-platform-operator] [62b15f4a] 01:03:31.283 [ReconcilerExecutor-hivemq-controller-109] DEBUG c.h.p.o.HiveMQPlatformReconciler - [helmvolu] Custom Resource Spec (replicas: 2) (extensions: 1)
2025-01-29 01:03:31,285 INFO c.h.h.t.HelmChartContainer - [hivemq-test-hivemq-platform] [hivemq-platform-operator] [62b15f4a] 01:03:31.284 [ReconcilerExecutor-hivemq-controller-109] DEBUG c.h.p.o.HiveMQPlatformReconciler - [helmvolu] StatefulSet Status (revision: test-hivemq-platform-59475f86c9, replicas: 3, available: 3, ready: 3, current: 0, updated: 2)
2025-01-29 01:03:31,286 INFO c.h.h.t.HelmChartContainer - [hivemq-test-hivemq-platform] [hivemq-platform-operator] [62b15f4a] 01:03:31.284 [ReconcilerExecutor-hivemq-controller-109] DEBUG c.h.p.o.HiveMQPlatformReconciler - [helmvolu] StatefulSet Spec (replicas: 3, init containers: 1, containers: 1, volumes: 4)
2025-01-29 01:03:31,286 INFO c.h.h.t.HelmChartContainer - [hivemq-test-hivemq-platform] [hivemq-platform-operator] [62b15f4a] 01:03:31.285 [ReconcilerExecutor-hivemq-controller-109] DEBUG c.h.p.o.h.HiveMQPlatformReconcilerErrorHandler - [helmvolu] Pod 'test-hivemq-platform-2' phase Running
2025-01-29 01:03:31,287 INFO c.h.h.t.HelmChartContainer - [hivemq-test-hivemq-platform] [hivemq-platform-operator] [62b15f4a] 01:03:31.286 [ReconcilerExecutor-hivemq-controller-109] DEBUG c.h.p.o.h.HiveMQPlatformReconcilerErrorHandler - [helmvolu] Pod 'test-hivemq-platform-1' phase Running
2025-01-29 01:03:31,288 INFO c.h.h.t.HelmChartContainer - [hivemq-test-hivemq-platform] [hivemq-platform-operator] [62b15f4a] 01:03:31.286 [ReconcilerExecutor-hivemq-controller-109] DEBUG c.h.p.o.h.HiveMQPlatformReconcilerErrorHandler - [helmvolu] Pod 'test-hivemq-platform-0' phase Running
2025-01-29 01:03:31,292 INFO c.h.h.t.HelmChartContainer - [hivemq-test-hivemq-platform] [hivemq-platform-operator] [62b15f4a] 01:03:31.291 [ReconcilerExecutor-hivemq-controller-109] DEBUG c.h.p.o.h.HiveMQPlatformReconcilerRollingRestartHandler - [helmvolu] Skipping Pod test-hivemq-platform-2 as it's already on the controller update revision (update revision: test-hivemq-platform-59475f86c9, pod revision: test-hivemq-platform-59475f86c9)
2025-01-29 01:03:31,296 INFO c.h.h.t.HelmChartContainer - [hivemq-test-hivemq-platform] [hivemq-platform-operator] [62b15f4a] 01:03:31.295 [ReconcilerExecutor-hivemq-controller-109] DEBUG c.h.p.o.h.HiveMQPlatformReconcilerRollingRestartHandler - [helmvolu] Skipping Pod test-hivemq-platform-1 as it's already on the controller update revision (update revision: test-hivemq-platform-59475f86c9, pod revision: test-hivemq-platform-59475f86c9)
2025-01-29 01:03:31,368 INFO c.h.h.t.HelmChartContainer - [test-hivemq-platform] [hivemq] [605aab2b] INFO  - Shutting down HiveMQ. Please wait, this could take a while...
2025-01-29 01:03:31,372 INFO c.h.h.t.HelmChartContainer - [test-hivemq-platform] [hivemq] [605aab2b] INFO  - Shutting down listeners and clients
2025-01-29 01:03:31,374 INFO c.h.h.t.HelmChartContainer - [test-hivemq-platform] [hivemq] [605aab2b] INFO  - Shutdown of listeners is done
2025-01-29 01:03:31,374 INFO c.h.h.t.HelmChartContainer - [test-hivemq-platform] [hivemq] [605aab2b] INFO  - No clients are connected, proceeding with shutdown
2025-01-29 01:03:31,380 INFO c.h.h.t.HelmChartContainer - [hivemq-test-hivemq-platform] [hivemq-platform-operator] [62b15f4a] 01:03:31.379 [ReconcilerExecutor-hivemq-controller-109] DEBUG c.h.p.o.h.HiveMQPlatformReconcilerRollingRestartHandler - [helmvolu] The last Pod is running for 59 seconds, the next Pod can be restarted
2025-01-29 01:03:31,383 INFO c.h.h.t.HelmChartContainer - [hivemq-test-hivemq-platform] [hivemq-platform-operator] [62b15f4a] 01:03:31.379 [ReconcilerExecutor-hivemq-controller-109] INFO  c.h.p.o.h.HiveMQPlatformReconcilerRollingRestartHandler - [helmvolu] Restarting Pod test-hivemq-platform-0 as it's not matching the controller update revision (update revision: test-hivemq-platform-59475f86c9, pod revision: test-hivemq-platform-6c7bb94cbd)
2025-01-29 01:03:31,390 INFO c.h.h.t.HelmChartContainer - [hivemq-test-hivemq-platform] [hivemq-platform-operator] [62b15f4a] 01:03:31.388 [pool-6-thread-26] DEBUG c.h.p.o.d.PlatformServiceResource - [helmvolu] Desired Platform services (3 services)
2025-01-29 01:03:31,393 INFO c.h.h.t.HelmChartContainer - [hivemq-test-hivemq-platform] [hivemq-platform-operator] [62b15f4a] 01:03:31.389 [pool-6-thread-30] DEBUG c.h.p.o.dependants.PodInfoConfigMap - [helmvolu] Desired PodInfo ConfigMap (1 extensions) (1 enabled)
2025-01-29 01:03:31,393 INFO c.h.h.t.HelmChartContainer - [hivemq-test-hivemq-platform] [hivemq-platform-operator] [62b15f4a] 01:03:31.389 [pool-6-thread-30] DEBUG c.h.p.o.dependants.PodInfoConfigMap - [helmvolu] Desired PodInfo ConfigMap (metrics port: 9399) (metrics path: /)
2025-01-29 01:03:31,393 INFO c.h.h.t.HelmChartContainer - [hivemq-test-hivemq-platform] [hivemq-platform-operator] [62b15f4a] 01:03:31.389 [pool-6-thread-30] DEBUG c.h.p.o.dependants.PodInfoConfigMap - [helmvolu] Desired PodInfo ConfigMap (extension state hash: -1817474005)
2025-01-29 01:03:31,393 INFO c.h.h.t.HelmChartContainer - [hivemq-test-hivemq-platform] [hivemq-platform-operator] [62b15f4a] 01:03:31.390 [pool-6-thread-30] DEBUG c.h.p.o.d.PodServiceAccountResource - [helmvolu] Desired PodServiceAccountResource (serviceAccountName: hivemq-platform-pod-test-hivemq-platform)
2025-01-29 01:03:31,395 INFO c.h.h.t.HelmChartContainer - [hivemq-test-hivemq-platform] [hivemq-platform-operator] [62b15f4a] 01:03:31.394 [pool-6-thread-26] DEBUG c.h.p.o.d.StatefulSetResource - [helmvolu] Desired StatefulSet (3 replicas) for status ROLLING_RESTART (RESTART_PODS_IN_PROGRESS)
2025-01-29 01:03:31,397 INFO c.h.h.t.HelmChartContainer - [hivemq-test-hivemq-platform] [hivemq-platform-operator] [62b15f4a] 01:03:31.396 [ReconcilerExecutor-hivemq-controller-109] INFO  c.h.p.o.HiveMQPlatformReconciler - [helmvolu] Reconciling HiveMQ Platform 'test-hivemq-platform' in namespace 'helmvolumeclaimtemplatesit'
2025-01-29 01:03:31,397 INFO c.h.h.t.HelmChartContainer - [hivemq-test-hivemq-platform] [hivemq-platform-operator] [62b15f4a] 01:03:31.396 [ReconcilerExecutor-hivemq-controller-109] DEBUG c.h.p.o.HiveMQPlatformReconciler - [helmvolu] Custom Resource Status ROLLING_RESTART - HiveMQ Platform is restarting Pods (rolling restart) (RESTART_PODS_IN_PROGRESS)
2025-01-29 01:03:31,397 INFO c.h.h.t.HelmChartContainer - [hivemq-test-hivemq-platform] [hivemq-platform-operator] [62b15f4a] 01:03:31.397 [ReconcilerExecutor-hivemq-controller-109] DEBUG c.h.p.o.HiveMQPlatformReconciler - [helmvolu] Custom Resource Spec (replicas: 2) (extensions: 1)
2025-01-29 01:03:31,476 INFO c.h.h.t.HelmChartContainer - [hivemq-test-hivemq-platform] [hivemq-platform-operator] [62b15f4a] 01:03:31.475 [ReconcilerExecutor-hivemq-controller-109] DEBUG c.h.p.o.HiveMQPlatformReconciler - [helmvolu] StatefulSet Status (revision: test-hivemq-platform-59475f86c9, replicas: 3, available: 3, ready: 3, current: 0, updated: 2)
2025-01-29 01:03:31,476 INFO c.h.h.t.HelmChartContainer - [hivemq-test-hivemq-platform] [hivemq-platform-operator] [62b15f4a] 01:03:31.475 [ReconcilerExecutor-hivemq-controller-109] DEBUG c.h.p.o.HiveMQPlatformReconciler - [helmvolu] StatefulSet Spec (replicas: 3, init containers: 1, containers: 1, volumes: 4)
2025-01-29 01:03:31,479 INFO c.h.h.t.HelmChartContainer - [hivemq-test-hivemq-platform] [hivemq-platform-operator] [62b15f4a] 01:03:31.478 [ReconcilerExecutor-hivemq-controller-109] DEBUG c.h.p.o.h.HiveMQPlatformReconcilerErrorHandler - [helmvolu] Pod 'test-hivemq-platform-2' phase Running
2025-01-29 01:03:31,480 INFO c.h.h.t.HelmChartContainer - [hivemq-test-hivemq-platform] [hivemq-platform-operator] [62b15f4a] 01:03:31.479 [ReconcilerExecutor-hivemq-controller-109] DEBUG c.h.p.o.h.HiveMQPlatformReconcilerErrorHandler - [helmvolu] Pod 'test-hivemq-platform-1' phase Running
2025-01-29 01:03:31,481 INFO c.h.h.t.HelmChartContainer - [hivemq-test-hivemq-platform] [hivemq-platform-operator] [62b15f4a] 01:03:31.480 [ReconcilerExecutor-hivemq-controller-109] DEBUG c.h.p.o.h.HiveMQPlatformReconcilerErrorHandler - [helmvolu] Pod 'test-hivemq-platform-0' phase Running
2025-01-29 01:03:31,486 INFO c.h.h.t.HelmChartContainer - [hivemq-test-hivemq-platform] [hivemq-platform-operator] [62b15f4a] 01:03:31.485 [ReconcilerExecutor-hivemq-controller-109] DEBUG c.h.p.o.h.HiveMQPlatformReconcilerRollingRestartHandler - [helmvolu] Skipping Pod test-hivemq-platform-2 as it's already on the controller update revision (update revision: test-hivemq-platform-59475f86c9, pod revision: test-hivemq-platform-59475f86c9)
2025-01-29 01:03:31,489 INFO c.h.h.t.HelmChartContainer - [hivemq-test-hivemq-platform] [hivemq-platform-operator] [62b15f4a] 01:03:31.488 [ReconcilerExecutor-hivemq-controller-109] DEBUG c.h.p.o.h.HiveMQPlatformReconcilerRollingRestartHandler - [helmvolu] Skipping Pod test-hivemq-platform-1 as it's already on the controller update revision (update revision: test-hivemq-platform-59475f86c9, pod revision: test-hivemq-platform-59475f86c9)
2025-01-29 01:03:31,499 INFO c.h.h.t.HelmChartContainer - [hivemq-test-hivemq-platform] [hivemq-platform-operator] [62b15f4a] 01:03:31.498 [ReconcilerExecutor-hivemq-controller-109] DEBUG c.h.p.o.h.HiveMQPlatformReconcilerRollingRestartHandler - [helmvolu] The last Pod is running for 59 seconds, the next Pod can be restarted
2025-01-29 01:03:31,499 INFO c.h.h.t.HelmChartContainer - [hivemq-test-hivemq-platform] [hivemq-platform-operator] [62b15f4a] 01:03:31.498 [ReconcilerExecutor-hivemq-controller-109] INFO  c.h.p.o.h.HiveMQPlatformReconcilerRollingRestartHandler - [helmvolu] Restarting Pod test-hivemq-platform-0 as it's not matching the controller update revision (update revision: test-hivemq-platform-59475f86c9, pod revision: test-hivemq-platform-6c7bb94cbd)
2025-01-29 01:03:32,825 INFO c.h.h.t.HelmChartContainer - [test-hivemq-platform] [hivemq] [2318d085] INFO  - [HiveMQ Platform Operator Init App 1.7.0-SNAPSHOT] Returning Health API response 200 for liveness
2025-01-29 01:03:34,098 INFO c.h.h.t.HelmChartContainer - [test-hivemq-platform] [hivemq] [605aab2b] INFO  - Shutting down extension system
2025-01-29 01:03:34,105 INFO c.h.h.t.HelmChartContainer - [test-hivemq-platform] [hivemq] [605aab2b] INFO  - Stopping extension with id hivemq-dns-cluster-discovery
2025-01-29 01:03:34,105 INFO c.h.h.t.HelmChartContainer - [test-hivemq-platform] [hivemq] [605aab2b] INFO  - Extension "DNS Cluster Discovery Extension" version 4.3.2 stopped successfully.
2025-01-29 01:03:34,106 INFO c.h.h.t.HelmChartContainer - [test-hivemq-platform] [hivemq] [605aab2b] INFO  - Stopping extension with id hivemq-prometheus-extension
2025-01-29 01:03:34,113 INFO c.h.h.t.HelmChartContainer - [test-hivemq-platform] [hivemq] [605aab2b] INFO  - Extension "Prometheus Monitoring Extension" version 4.0.12 stopped successfully.
2025-01-29 01:03:34,113 INFO c.h.h.t.HelmChartContainer - [test-hivemq-platform] [hivemq] [605aab2b] INFO  - Stopping extension with id hivemq-allow-all-extension
2025-01-29 01:03:34,113 INFO c.h.h.t.HelmChartContainer - [test-hivemq-platform] [hivemq] [605aab2b] INFO  - Extension "Allow All Extension" version 1.1.1 stopped successfully.
2025-01-29 01:03:34,119 INFO c.h.h.t.HelmChartContainer - [test-hivemq-platform] [hivemq] [89ea2ea8] INFO  - Cluster nodes found by discovery: [gkHSz|5] (2) [gkHSz, dWMlC].
2025-01-29 01:03:34,120 INFO c.h.h.t.HelmChartContainer - [test-hivemq-platform] [hivemq] [89ea2ea8] INFO  - Cluster size = 2, members : [gkHSz, dWMlC].
2025-01-29 01:03:34,131 INFO c.h.h.t.HelmChartContainer - [test-hivemq-platform] [hivemq] [2318d085] INFO  - Cluster nodes found by discovery: [gkHSz|5] (2) [gkHSz, dWMlC].
2025-01-29 01:03:34,131 INFO c.h.h.t.HelmChartContainer - [test-hivemq-platform] [hivemq] [89ea2ea8] INFO  - Starting cluster replication process. This may take a while. Please do not shut down HiveMQ.
2025-01-29 01:03:34,138 INFO c.h.h.t.HelmChartContainer - [test-hivemq-platform] [hivemq] [2318d085] INFO  - Cluster size = 2, members : [gkHSz, dWMlC].
2025-01-29 01:03:34,141 INFO c.h.h.t.HelmChartContainer - [test-hivemq-platform] [hivemq] [2318d085] INFO  - Starting cluster replication process. This may take a while. Please do not shut down HiveMQ.
2025-01-29 01:03:34,435 INFO c.h.h.t.HelmChartContainer - [test-hivemq-platform] [hivemq] [89ea2ea8] INFO  - Finished cluster replication successfully in 302 ms.
2025-01-29 01:03:34,507 INFO c.h.h.t.HelmChartContainer - [test-hivemq-platform] [hivemq] [2318d085] INFO  - Finished cluster replication successfully in 366 ms.
2025-01-29 01:03:35,981 INFO c.h.h.t.HelmChartContainer - [test-hivemq-platform] [hivemq] [605aab2b] INFO  - [HiveMQ Platform Operator Init App 1.7.0-SNAPSHOT] Returning shutdown Health API response 503 for readiness
2025-01-29 01:03:35,987 INFO c.h.h.t.HelmChartContainer - [EVENT] Warning [Unhealthy] Readiness probe failed: HTTP probe failed with statuscode: 503 [helmvolumeclaimtemplatesit:test-hivemq-platform-0]
2025-01-29 01:03:35,987 INFO c.h.h.t.HelmChartContainer - Received Unhealthy event for container hivemq in pod test-hivemq-platform-0 [605aab2b-a0ca-4a79-a357-131464bb868b]
2025-01-29 01:03:36,477 INFO c.h.h.t.HelmChartContainer - [test-hivemq-platform] [hivemq] [605aab2b] INFO  - Shutdown completed.
2025-01-29 01:03:36,826 INFO c.h.h.t.HelmChartContainer - [test-hivemq-platform] [hivemq] [605aab2b] INFO  - [HiveMQ Platform Operator Init App 1.7.0-SNAPSHOT] The HiveMQ Platform exited with code 143
2025-01-29 01:03:36,826 INFO c.h.h.t.HelmChartContainer - [test-hivemq-platform] [hivemq] [605aab2b] INFO  - [HiveMQ Platform Operator Init App 1.7.0-SNAPSHOT] Stopping the REST API
2025-01-29 01:03:36,840 INFO c.h.h.t.HelmChartContainer - [test-hivemq-platform] [hivemq] [605aab2b] INFO  - [HiveMQ Platform Operator Init App 1.7.0-SNAPSHOT] Shutdown complete
2025-01-29 01:03:37,307 INFO c.h.h.t.HelmChartContainer - [POD] test-hivemq-platform-0 [605aab2b-a0ca-4a79-a357-131464bb868b] in helmvolumeclaimtemplatesit was MODIFIED
2025-01-29 01:03:37,312 INFO c.h.h.t.HelmChartContainer - [hivemq-test-hivemq-platform] [hivemq-platform-operator] [62b15f4a] 01:03:37.306 [pool-6-thread-32] DEBUG c.h.p.o.d.PlatformServiceResource - [helmvolu] Desired Platform services (3 services)
2025-01-29 01:03:37,315 INFO c.h.h.t.HelmChartContainer - [hivemq-test-hivemq-platform] [hivemq-platform-operator] [62b15f4a] 01:03:37.308 [pool-6-thread-39] DEBUG c.h.p.o.dependants.PodInfoConfigMap - [helmvolu] Desired PodInfo ConfigMap (1 extensions) (1 enabled)
2025-01-29 01:03:37,315 INFO c.h.h.t.HelmChartContainer - [hivemq-test-hivemq-platform] [hivemq-platform-operator] [62b15f4a] 01:03:37.308 [pool-6-thread-39] DEBUG c.h.p.o.dependants.PodInfoConfigMap - [helmvolu] Desired PodInfo ConfigMap (metrics port: 9399) (metrics path: /)
2025-01-29 01:03:37,315 INFO c.h.h.t.HelmChartContainer - [hivemq-test-hivemq-platform] [hivemq-platform-operator] [62b15f4a] 01:03:37.308 [pool-6-thread-39] DEBUG c.h.p.o.dependants.PodInfoConfigMap - [helmvolu] Desired PodInfo ConfigMap (extension state hash: -1817474005)
2025-01-29 01:03:37,315 INFO c.h.h.t.HelmChartContainer - [hivemq-test-hivemq-platform] [hivemq-platform-operator] [62b15f4a] 01:03:37.308 [pool-6-thread-39] DEBUG c.h.p.o.d.PodServiceAccountResource - [helmvolu] Desired PodServiceAccountResource (serviceAccountName: hivemq-platform-pod-test-hivemq-platform)
2025-01-29 01:03:37,315 INFO c.h.h.t.HelmChartContainer - [hivemq-test-hivemq-platform] [hivemq-platform-operator] [62b15f4a] 01:03:37.311 [pool-6-thread-39] DEBUG c.h.p.o.d.StatefulSetResource - [helmvolu] Desired StatefulSet (3 replicas) for status ROLLING_RESTART (RESTART_PODS_IN_PROGRESS)
2025-01-29 01:03:37,324 INFO c.h.h.t.HelmChartContainer - [hivemq-test-hivemq-platform] [hivemq-platform-operator] [62b15f4a] 01:03:37.315 [ReconcilerExecutor-hivemq-controller-111] INFO  c.h.p.o.HiveMQPlatformReconciler - [helmvolu] Reconciling HiveMQ Platform 'test-hivemq-platform' in namespace 'helmvolumeclaimtemplatesit'
2025-01-29 01:03:37,324 INFO c.h.h.t.HelmChartContainer - [hivemq-test-hivemq-platform] [hivemq-platform-operator] [62b15f4a] 01:03:37.315 [ReconcilerExecutor-hivemq-controller-111] DEBUG c.h.p.o.HiveMQPlatformReconciler - [helmvolu] Custom Resource Status ROLLING_RESTART - HiveMQ Platform is restarting Pods (rolling restart) (RESTART_PODS_IN_PROGRESS)
2025-01-29 01:03:37,324 INFO c.h.h.t.HelmChartContainer - [hivemq-test-hivemq-platform] [hivemq-platform-operator] [62b15f4a] 01:03:37.315 [ReconcilerExecutor-hivemq-controller-111] DEBUG c.h.p.o.HiveMQPlatformReconciler - [helmvolu] Custom Resource Spec (replicas: 2) (extensions: 1)
2025-01-29 01:03:37,324 INFO c.h.h.t.HelmChartContainer - [hivemq-test-hivemq-platform] [hivemq-platform-operator] [62b15f4a] 01:03:37.317 [ReconcilerExecutor-hivemq-controller-111] DEBUG c.h.p.o.HiveMQPlatformReconciler - [helmvolu] StatefulSet Status (revision: test-hivemq-platform-59475f86c9, replicas: 3, available: 3, ready: 3, current: 0, updated: 2)
2025-01-29 01:03:37,324 INFO c.h.h.t.HelmChartContainer - [hivemq-test-hivemq-platform] [hivemq-platform-operator] [62b15f4a] 01:03:37.317 [ReconcilerExecutor-hivemq-controller-111] DEBUG c.h.p.o.HiveMQPlatformReconciler - [helmvolu] StatefulSet Spec (replicas: 3, init containers: 1, containers: 1, volumes: 4)
2025-01-29 01:03:37,324 INFO c.h.h.t.HelmChartContainer - [hivemq-test-hivemq-platform] [hivemq-platform-operator] [62b15f4a] 01:03:37.318 [ReconcilerExecutor-hivemq-controller-111] DEBUG c.h.p.o.h.HiveMQPlatformReconcilerErrorHandler - [helmvolu] Pod 'test-hivemq-platform-2' phase Running
2025-01-29 01:03:37,324 INFO c.h.h.t.HelmChartContainer - [hivemq-test-hivemq-platform] [hivemq-platform-operator] [62b15f4a] 01:03:37.319 [ReconcilerExecutor-hivemq-controller-111] DEBUG c.h.p.o.h.HiveMQPlatformReconcilerErrorHandler - [helmvolu] Pod 'test-hivemq-platform-1' phase Running
2025-01-29 01:03:37,324 INFO c.h.h.t.HelmChartContainer - [hivemq-test-hivemq-platform] [hivemq-platform-operator] [62b15f4a] 01:03:37.320 [ReconcilerExecutor-hivemq-controller-111] DEBUG c.h.p.o.h.HiveMQPlatformReconcilerErrorHandler - [helmvolu] Pod 'test-hivemq-platform-0' phase Failed
2025-01-29 01:03:37,329 INFO c.h.h.t.HelmChartContainer - [hivemq-test-hivemq-platform] [hivemq-platform-operator] [62b15f4a] 01:03:37.321 [ReconcilerExecutor-hivemq-controller-111] DEBUG c.h.p.o.h.HiveMQPlatformReconcilerErrorHandler - [helmvolu] Pod 'test-hivemq-platform-0' condition 'PodReadyToStartContainers': False
2025-01-29 01:03:37,329 INFO c.h.h.t.HelmChartContainer - [hivemq-test-hivemq-platform] [hivemq-platform-operator] [62b15f4a] 01:03:37.321 [ReconcilerExecutor-hivemq-controller-111] DEBUG c.h.p.o.h.HiveMQPlatformReconcilerErrorHandler - [helmvolu] Pod 'test-hivemq-platform-0' condition 'Initialized': True
2025-01-29 01:03:37,329 INFO c.h.h.t.HelmChartContainer - [hivemq-test-hivemq-platform] [hivemq-platform-operator] [62b15f4a] 01:03:37.321 [ReconcilerExecutor-hivemq-controller-111] DEBUG c.h.p.o.h.HiveMQPlatformReconcilerErrorHandler - [helmvolu] Pod 'test-hivemq-platform-0' condition 'Ready': False
2025-01-29 01:03:37,329 INFO c.h.h.t.HelmChartContainer - [hivemq-test-hivemq-platform] [hivemq-platform-operator] [62b15f4a] 01:03:37.321 [ReconcilerExecutor-hivemq-controller-111] DEBUG c.h.p.o.h.HiveMQPlatformReconcilerErrorHandler - [helmvolu] Pod 'test-hivemq-platform-0' condition 'ContainersReady': False
2025-01-29 01:03:37,329 INFO c.h.h.t.HelmChartContainer - [hivemq-test-hivemq-platform] [hivemq-platform-operator] [62b15f4a] 01:03:37.321 [ReconcilerExecutor-hivemq-controller-111] DEBUG c.h.p.o.h.HiveMQPlatformReconcilerErrorHandler - [helmvolu] Pod 'test-hivemq-platform-0' condition 'PodScheduled': True
2025-01-29 01:03:37,329 INFO c.h.h.t.HelmChartContainer - [hivemq-test-hivemq-platform] [hivemq-platform-operator] [62b15f4a] 01:03:37.321 [ReconcilerExecutor-hivemq-controller-111] DEBUG c.h.p.o.h.HiveMQPlatformReconcilerErrorHandler - [helmvolu] Pod 'test-hivemq-platform-0' containerStatus 'hivemq' (started: false) (ready: false) (waiting: [Unknown] no message)
2025-01-29 01:03:37,333 INFO c.h.h.t.HelmChartContainer - [hivemq-test-hivemq-platform] [hivemq-platform-operator] [62b15f4a] 01:03:37.329 [ReconcilerExecutor-hivemq-controller-111] DEBUG c.h.p.o.h.HiveMQPlatformReconcilerRollingRestartHandler - [helmvolu] Skipping Pod test-hivemq-platform-2 as it's already on the controller update revision (update revision: test-hivemq-platform-59475f86c9, pod revision: test-hivemq-platform-59475f86c9)
2025-01-29 01:03:37,352 INFO c.h.h.t.HelmChartContainer - [K3S] [reconciler_common.go:162] "operationExecutor.UnmountVolume started for volume \"broker-configuration\" (UniqueName: \"kubernetes.io/configmap/605aab2b-a0ca-4a79-a357-131464bb868b-broker-configuration\") pod \"605aab2b-a0ca-4a79-a357-131464bb868b\" (UID: \"605aab2b-a0ca-4a79-a357-131464bb868b\") "
2025-01-29 01:03:37,352 INFO c.h.h.t.HelmChartContainer - [K3S] [reconciler_common.go:162] "operationExecutor.UnmountVolume started for volume \"hivemq-pvc-data\" (UniqueName: \"kubernetes.io/local-volume/pvc-2e5aba3d-5f14-4a61-8609-0291474aabfa\") pod \"605aab2b-a0ca-4a79-a357-131464bb868b\" (UID: \"605aab2b-a0ca-4a79-a357-131464bb868b\") "
2025-01-29 01:03:37,352 INFO c.h.h.t.HelmChartContainer - [K3S] [reconciler_common.go:162] "operationExecutor.UnmountVolume started for volume \"operator-init\" (UniqueName: \"kubernetes.io/empty-dir/605aab2b-a0ca-4a79-a357-131464bb868b-operator-init\") pod \"605aab2b-a0ca-4a79-a357-131464bb868b\" (UID: \"605aab2b-a0ca-4a79-a357-131464bb868b\") "
2025-01-29 01:03:37,353 INFO c.h.h.t.HelmChartContainer - [K3S] [reconciler_common.go:162] "operationExecutor.UnmountVolume started for volume \"kube-api-access-jz9qv\" (UniqueName: \"kubernetes.io/projected/605aab2b-a0ca-4a79-a357-131464bb868b-kube-api-access-jz9qv\") pod \"605aab2b-a0ca-4a79-a357-131464bb868b\" (UID: \"605aab2b-a0ca-4a79-a357-131464bb868b\") "
2025-01-29 01:03:37,353 INFO c.h.h.t.HelmChartContainer - [K3S] [reconciler_common.go:162] "operationExecutor.UnmountVolume started for volume \"pod-info\" (UniqueName: \"kubernetes.io/configmap/605aab2b-a0ca-4a79-a357-131464bb868b-pod-info\") pod \"605aab2b-a0ca-4a79-a357-131464bb868b\" (UID: \"605aab2b-a0ca-4a79-a357-131464bb868b\") "
2025-01-29 01:03:37,379 INFO c.h.h.t.HelmChartContainer - [hivemq-test-hivemq-platform] [hivemq-platform-operator] [62b15f4a] 01:03:37.378 [ReconcilerExecutor-hivemq-controller-111] DEBUG c.h.p.o.h.HiveMQPlatformReconcilerRollingRestartHandler - [helmvolu] Skipping Pod test-hivemq-platform-1 as it's already on the controller update revision (update revision: test-hivemq-platform-59475f86c9, pod revision: test-hivemq-platform-59475f86c9)
2025-01-29 01:03:37,389 INFO c.h.h.t.HelmChartContainer - [hivemq-test-hivemq-platform] [hivemq-platform-operator] [62b15f4a] 01:03:37.388 [ReconcilerExecutor-hivemq-controller-111] DEBUG c.h.p.o.h.HiveMQPlatformReconcilerRollingRestartHandler - [helmvolu] The last Pod is running for 65 seconds, the next Pod can be restarted
2025-01-29 01:03:37,389 INFO c.h.h.t.HelmChartContainer - [hivemq-test-hivemq-platform] [hivemq-platform-operator] [62b15f4a] 01:03:37.388 [ReconcilerExecutor-hivemq-controller-111] INFO  c.h.p.o.h.HiveMQPlatformReconcilerRollingRestartHandler - [helmvolu] Restarting Pod test-hivemq-platform-0 as it's not matching the controller update revision (update revision: test-hivemq-platform-59475f86c9, pod revision: test-hivemq-platform-6c7bb94cbd)
2025-01-29 01:03:37,395 INFO c.h.h.t.HelmChartContainer - [hivemq-test-hivemq-platform] [hivemq-platform-operator] [62b15f4a] 01:03:37.394 [pool-6-thread-48] DEBUG c.h.p.o.d.PlatformServiceResource - [helmvolu] Desired Platform services (3 services)
2025-01-29 01:03:37,397 INFO c.h.h.t.HelmChartContainer - [hivemq-test-hivemq-platform] [hivemq-platform-operator] [62b15f4a] 01:03:37.396 [pool-6-thread-45] DEBUG c.h.p.o.dependants.PodInfoConfigMap - [helmvolu] Desired PodInfo ConfigMap (1 extensions) (1 enabled)
2025-01-29 01:03:37,397 INFO c.h.h.t.HelmChartContainer - [hivemq-test-hivemq-platform] [hivemq-platform-operator] [62b15f4a] 01:03:37.396 [pool-6-thread-45] DEBUG c.h.p.o.dependants.PodInfoConfigMap - [helmvolu] Desired PodInfo ConfigMap (metrics port: 9399) (metrics path: /)
2025-01-29 01:03:37,397 INFO c.h.h.t.HelmChartContainer - [hivemq-test-hivemq-platform] [hivemq-platform-operator] [62b15f4a] 01:03:37.396 [pool-6-thread-45] DEBUG c.h.p.o.dependants.PodInfoConfigMap - [helmvolu] Desired PodInfo ConfigMap (extension state hash: -1817474005)
2025-01-29 01:03:37,397 INFO c.h.h.t.HelmChartContainer - [hivemq-test-hivemq-platform] [hivemq-platform-operator] [62b15f4a] 01:03:37.396 [pool-6-thread-43] DEBUG c.h.p.o.d.PodServiceAccountResource - [helmvolu] Desired PodServiceAccountResource (serviceAccountName: hivemq-platform-pod-test-hivemq-platform)
2025-01-29 01:03:37,399 INFO c.h.h.t.HelmChartContainer - [hivemq-test-hivemq-platform] [hivemq-platform-operator] [62b15f4a] 01:03:37.398 [pool-6-thread-48] DEBUG c.h.p.o.d.StatefulSetResource - [helmvolu] Desired StatefulSet (3 replicas) for status ROLLING_RESTART (RESTART_PODS_IN_PROGRESS)
2025-01-29 01:03:37,400 INFO c.h.h.t.HelmChartContainer - [hivemq-test-hivemq-platform] [hivemq-platform-operator] [62b15f4a] 01:03:37.400 [ReconcilerExecutor-hivemq-controller-111] INFO  c.h.p.o.HiveMQPlatformReconciler - [helmvolu] Reconciling HiveMQ Platform 'test-hivemq-platform' in namespace 'helmvolumeclaimtemplatesit'
2025-01-29 01:03:37,401 INFO c.h.h.t.HelmChartContainer - [hivemq-test-hivemq-platform] [hivemq-platform-operator] [62b15f4a] 01:03:37.400 [ReconcilerExecutor-hivemq-controller-111] DEBUG c.h.p.o.HiveMQPlatformReconciler - [helmvolu] Custom Resource Status ROLLING_RESTART - HiveMQ Platform is restarting Pods (rolling restart) (RESTART_PODS_IN_PROGRESS)
2025-01-29 01:03:37,401 INFO c.h.h.t.HelmChartContainer - [hivemq-test-hivemq-platform] [hivemq-platform-operator] [62b15f4a] 01:03:37.400 [ReconcilerExecutor-hivemq-controller-111] DEBUG c.h.p.o.HiveMQPlatformReconciler - [helmvolu] Custom Resource Spec (replicas: 2) (extensions: 1)
2025-01-29 01:03:37,402 INFO c.h.h.t.HelmChartContainer - [hivemq-test-hivemq-platform] [hivemq-platform-operator] [62b15f4a] 01:03:37.401 [ReconcilerExecutor-hivemq-controller-111] DEBUG c.h.p.o.HiveMQPlatformReconciler - [helmvolu] StatefulSet Status (revision: test-hivemq-platform-59475f86c9, replicas: 3, available: 2, ready: 2, current: 0, updated: 2)
2025-01-29 01:03:37,402 INFO c.h.h.t.HelmChartContainer - [hivemq-test-hivemq-platform] [hivemq-platform-operator] [62b15f4a] 01:03:37.401 [ReconcilerExecutor-hivemq-controller-111] DEBUG c.h.p.o.HiveMQPlatformReconciler - [helmvolu] StatefulSet Spec (replicas: 3, init containers: 1, containers: 1, volumes: 4)
2025-01-29 01:03:37,404 INFO c.h.h.t.HelmChartContainer - [hivemq-test-hivemq-platform] [hivemq-platform-operator] [62b15f4a] 01:03:37.403 [ReconcilerExecutor-hivemq-controller-111] DEBUG c.h.p.o.h.HiveMQPlatformReconcilerErrorHandler - [helmvolu] Pod 'test-hivemq-platform-2' phase Running
2025-01-29 01:03:37,405 INFO c.h.h.t.HelmChartContainer - [hivemq-test-hivemq-platform] [hivemq-platform-operator] [62b15f4a] 01:03:37.404 [ReconcilerExecutor-hivemq-controller-111] DEBUG c.h.p.o.h.HiveMQPlatformReconcilerErrorHandler - [helmvolu] Pod 'test-hivemq-platform-1' phase Running
2025-01-29 01:03:37,406 INFO c.h.h.t.HelmChartContainer - [hivemq-test-hivemq-platform] [hivemq-platform-operator] [62b15f4a] 01:03:37.405 [ReconcilerExecutor-hivemq-controller-111] DEBUG c.h.p.o.h.HiveMQPlatformReconcilerErrorHandler - [helmvolu] Pod 'test-hivemq-platform-0' phase Failed
2025-01-29 01:03:37,407 INFO c.h.h.t.HelmChartContainer - [hivemq-test-hivemq-platform] [hivemq-platform-operator] [62b15f4a] 01:03:37.405 [ReconcilerExecutor-hivemq-controller-111] DEBUG c.h.p.o.h.HiveMQPlatformReconcilerErrorHandler - [helmvolu] Pod 'test-hivemq-platform-0' condition 'PodReadyToStartContainers': False
2025-01-29 01:03:37,407 INFO c.h.h.t.HelmChartContainer - [hivemq-test-hivemq-platform] [hivemq-platform-operator] [62b15f4a] 01:03:37.405 [ReconcilerExecutor-hivemq-controller-111] DEBUG c.h.p.o.h.HiveMQPlatformReconcilerErrorHandler - [helmvolu] Pod 'test-hivemq-platform-0' condition 'Initialized': True
2025-01-29 01:03:37,407 INFO c.h.h.t.HelmChartContainer - [hivemq-test-hivemq-platform] [hivemq-platform-operator] [62b15f4a] 01:03:37.405 [ReconcilerExecutor-hivemq-controller-111] DEBUG c.h.p.o.h.HiveMQPlatformReconcilerErrorHandler - [helmvolu] Pod 'test-hivemq-platform-0' condition 'Ready': False
2025-01-29 01:03:37,407 INFO c.h.h.t.HelmChartContainer - [hivemq-test-hivemq-platform] [hivemq-platform-operator] [62b15f4a] 01:03:37.405 [ReconcilerExecutor-hivemq-controller-111] DEBUG c.h.p.o.h.HiveMQPlatformReconcilerErrorHandler - [helmvolu] Pod 'test-hivemq-platform-0' condition 'ContainersReady': False
2025-01-29 01:03:37,407 INFO c.h.h.t.HelmChartContainer - [hivemq-test-hivemq-platform] [hivemq-platform-operator] [62b15f4a] 01:03:37.405 [ReconcilerExecutor-hivemq-controller-111] DEBUG c.h.p.o.h.HiveMQPlatformReconcilerErrorHandler - [helmvolu] Pod 'test-hivemq-platform-0' condition 'PodScheduled': True
2025-01-29 01:03:37,407 INFO c.h.h.t.HelmChartContainer - [hivemq-test-hivemq-platform] [hivemq-platform-operator] [62b15f4a] 01:03:37.405 [ReconcilerExecutor-hivemq-controller-111] DEBUG c.h.p.o.h.HiveMQPlatformReconcilerErrorHandler - [helmvolu] Pod 'test-hivemq-platform-0' containerStatus 'hivemq' (started: false) (ready: false) (waiting: [Unknown] no message)
2025-01-29 01:03:37,407 INFO c.h.h.t.HelmChartContainer - [hivemq-test-hivemq-platform] [hivemq-platform-operator] [62b15f4a] 01:03:37.406 [ReconcilerExecutor-hivemq-controller-111] DEBUG c.h.p.o.h.HiveMQPlatformReconcilerRollingRestartHandler - [helmvolu] Rolling restart is waiting for 2 of 3 replicas
2025-01-29 01:03:37,451 INFO c.h.h.t.HelmChartContainer - [K3S] [reconciler_common.go:299] "Volume detached for volume \"broker-configuration\" (UniqueName: \"kubernetes.io/configmap/605aab2b-a0ca-4a79-a357-131464bb868b-broker-configuration\") on node \"dacb2472075c\" DevicePath \"\""
2025-01-29 01:03:37,451 INFO c.h.h.t.HelmChartContainer - [K3S] [reconciler_common.go:292] "operationExecutor.UnmountDevice started for volume \"pvc-2e5aba3d-5f14-4a61-8609-0291474aabfa\" (UniqueName: \"kubernetes.io/local-volume/pvc-2e5aba3d-5f14-4a61-8609-0291474aabfa\") on node \"dacb2472075c\" "
2025-01-29 01:03:37,452 INFO c.h.h.t.HelmChartContainer - [K3S] [reconciler_common.go:299] "Volume detached for volume \"operator-init\" (UniqueName: \"kubernetes.io/empty-dir/605aab2b-a0ca-4a79-a357-131464bb868b-operator-init\") on node \"dacb2472075c\" DevicePath \"\""
2025-01-29 01:03:37,452 INFO c.h.h.t.HelmChartContainer - [K3S] [reconciler_common.go:299] "Volume detached for volume \"kube-api-access-jz9qv\" (UniqueName: \"kubernetes.io/projected/605aab2b-a0ca-4a79-a357-131464bb868b-kube-api-access-jz9qv\") on node \"dacb2472075c\" DevicePath \"\""
2025-01-29 01:03:37,452 INFO c.h.h.t.HelmChartContainer - [K3S] [reconciler_common.go:299] "Volume detached for volume \"pod-info\" (UniqueName: \"kubernetes.io/configmap/605aab2b-a0ca-4a79-a357-131464bb868b-pod-info\") on node \"dacb2472075c\" DevicePath \"\""
2025-01-29 01:03:37,538 INFO c.h.h.t.HelmChartContainer - [K3S] [scope.go:117] "RemoveContainer" containerID="e414af7f75b63f4f17c8c5da7a1ae558b8d2a52e5bcfd7a4d2b86fcf2ccfe593"
2025-01-29 01:03:37,543 INFO c.h.h.t.HelmChartContainer - [K3S] [scope.go:117] "RemoveContainer" containerID="6ec5d6b8d7f9667a29eb9cbbf4c275569c8589cd4c5fb01a46176878ae4c2d91"
2025-01-29 01:03:37,546 INFO c.h.h.t.HelmChartContainer - [K3S] [scope.go:117] "RemoveContainer" containerID="e414af7f75b63f4f17c8c5da7a1ae558b8d2a52e5bcfd7a4d2b86fcf2ccfe593"
2025-01-29 01:03:37,547 INFO c.h.h.t.HelmChartContainer - [K3S] [scope.go:117] "RemoveContainer" containerID="6ec5d6b8d7f9667a29eb9cbbf4c275569c8589cd4c5fb01a46176878ae4c2d91"
2025-01-29 01:03:37,554 INFO c.h.h.t.HelmChartContainer - [K3S] [reconciler_common.go:299] "Volume detached for volume \"pvc-2e5aba3d-5f14-4a61-8609-0291474aabfa\" (UniqueName: \"kubernetes.io/local-volume/pvc-2e5aba3d-5f14-4a61-8609-0291474aabfa\") on node \"dacb2472075c\" DevicePath \"\""
2025-01-29 01:03:37,559 INFO c.h.h.t.HelmChartContainer - [POD] test-hivemq-platform-0 [605aab2b-a0ca-4a79-a357-131464bb868b] in helmvolumeclaimtemplatesit was MODIFIED
2025-01-29 01:03:37,561 INFO c.h.h.t.HelmChartContainer - [hivemq-test-hivemq-platform] [hivemq-platform-operator] [62b15f4a] 01:03:37.558 [pool-6-thread-8] DEBUG c.h.p.o.d.PlatformServiceResource - [helmvolu] Desired Platform services (3 services)
2025-01-29 01:03:37,563 INFO c.h.h.t.HelmChartContainer - [POD] test-hivemq-platform-0 [605aab2b-a0ca-4a79-a357-131464bb868b] in helmvolumeclaimtemplatesit was DELETED
2025-01-29 01:03:37,564 INFO c.h.h.t.HelmChartContainer - [hivemq-test-hivemq-platform] [hivemq-platform-operator] [62b15f4a] 01:03:37.560 [pool-6-thread-2] DEBUG c.h.p.o.dependants.PodInfoConfigMap - [helmvolu] Desired PodInfo ConfigMap (1 extensions) (1 enabled)
2025-01-29 01:03:37,569 INFO c.h.h.t.HelmChartContainer - [hivemq-test-hivemq-platform] [hivemq-platform-operator] [62b15f4a] 01:03:37.560 [pool-6-thread-2] DEBUG c.h.p.o.dependants.PodInfoConfigMap - [helmvolu] Desired PodInfo ConfigMap (metrics port: 9399) (metrics path: /)
2025-01-29 01:03:37,569 INFO c.h.h.t.HelmChartContainer - [hivemq-test-hivemq-platform] [hivemq-platform-operator] [62b15f4a] 01:03:37.560 [pool-6-thread-2] DEBUG c.h.p.o.dependants.PodInfoConfigMap - [helmvolu] Desired PodInfo ConfigMap (extension state hash: -1817474005)
2025-01-29 01:03:37,569 INFO c.h.h.t.HelmChartContainer - [hivemq-test-hivemq-platform] [hivemq-platform-operator] [62b15f4a] 01:03:37.561 [pool-6-thread-9] DEBUG c.h.p.o.d.PodServiceAccountResource - [helmvolu] Desired PodServiceAccountResource (serviceAccountName: hivemq-platform-pod-test-hivemq-platform)
2025-01-29 01:03:37,569 INFO c.h.h.t.HelmChartContainer - [hivemq-test-hivemq-platform] [hivemq-platform-operator] [62b15f4a] 01:03:37.565 [pool-6-thread-10] DEBUG c.h.p.o.d.StatefulSetResource - [helmvolu] Desired StatefulSet (3 replicas) for status ROLLING_RESTART (RESTART_PODS_IN_PROGRESS)
2025-01-29 01:03:37,569 INFO c.h.h.t.HelmChartContainer - [hivemq-test-hivemq-platform] [hivemq-platform-operator] [62b15f4a] 01:03:37.568 [ReconcilerExecutor-hivemq-controller-113] INFO  c.h.p.o.HiveMQPlatformReconciler - [helmvolu] Reconciling HiveMQ Platform 'test-hivemq-platform' in namespace 'helmvolumeclaimtemplatesit'
2025-01-29 01:03:37,569 INFO c.h.h.t.HelmChartContainer - [hivemq-test-hivemq-platform] [hivemq-platform-operator] [62b15f4a] 01:03:37.568 [ReconcilerExecutor-hivemq-controller-113] DEBUG c.h.p.o.HiveMQPlatformReconciler - [helmvolu] Custom Resource Status ROLLING_RESTART - HiveMQ Platform is restarting Pods (rolling restart) (RESTART_PODS_IN_PROGRESS)
2025-01-29 01:03:37,569 INFO c.h.h.t.HelmChartContainer - [hivemq-test-hivemq-platform] [hivemq-platform-operator] [62b15f4a] 01:03:37.568 [ReconcilerExecutor-hivemq-controller-113] DEBUG c.h.p.o.HiveMQPlatformReconciler - [helmvolu] Custom Resource Spec (replicas: 2) (extensions: 1)
2025-01-29 01:03:37,573 INFO c.h.h.t.HelmChartContainer - [hivemq-test-hivemq-platform] [hivemq-platform-operator] [62b15f4a] 01:03:37.571 [ReconcilerExecutor-hivemq-controller-113] DEBUG c.h.p.o.HiveMQPlatformReconciler - [helmvolu] StatefulSet Status (revision: test-hivemq-platform-59475f86c9, replicas: 3, available: 2, ready: 2, current: 0, updated: 2)
2025-01-29 01:03:37,573 INFO c.h.h.t.HelmChartContainer - [hivemq-test-hivemq-platform] [hivemq-platform-operator] [62b15f4a] 01:03:37.571 [ReconcilerExecutor-hivemq-controller-113] DEBUG c.h.p.o.HiveMQPlatformReconciler - [helmvolu] StatefulSet Spec (replicas: 3, init containers: 1, containers: 1, volumes: 4)
2025-01-29 01:03:37,577 INFO c.h.h.t.HelmChartContainer - [POD] test-hivemq-platform-0 [f7e46eb7-58b7-4ee9-b247-c76e68a97476] in helmvolumeclaimtemplatesit was ADDED
2025-01-29 01:03:37,578 INFO c.h.h.t.HelmChartContainer - [hivemq-test-hivemq-platform] [hivemq-platform-operator] [62b15f4a] 01:03:37.573 [ReconcilerExecutor-hivemq-controller-113] DEBUG c.h.p.o.h.HiveMQPlatformReconcilerErrorHandler - [helmvolu] Pod 'test-hivemq-platform-2' phase Running
2025-01-29 01:03:37,578 INFO c.h.h.t.HelmChartContainer - [hivemq-test-hivemq-platform] [hivemq-platform-operator] [62b15f4a] 01:03:37.574 [ReconcilerExecutor-hivemq-controller-113] DEBUG c.h.p.o.h.HiveMQPlatformReconcilerErrorHandler - [helmvolu] Pod 'test-hivemq-platform-1' phase Running
2025-01-29 01:03:37,580 INFO c.h.h.t.HelmChartContainer - [hivemq-test-hivemq-platform] [hivemq-platform-operator] [62b15f4a] 01:03:37.575 [ReconcilerExecutor-hivemq-controller-113] DEBUG c.h.p.o.h.HiveMQPlatformReconcilerRollingRestartHandler - [helmvolu] Rolling restart is waiting for 2 of 3 replicas
2025-01-29 01:03:37,582 INFO c.h.h.t.HelmChartContainer - [hivemq-test-hivemq-platform] [hivemq-platform-operator] [62b15f4a] 01:03:37.578 [pool-6-thread-19] DEBUG c.h.p.o.d.PlatformServiceResource - [helmvolu] Desired Platform services (3 services)
2025-01-29 01:03:37,582 INFO c.h.h.t.HelmChartContainer - [hivemq-test-hivemq-platform] [hivemq-platform-operator] [62b15f4a] 01:03:37.580 [pool-6-thread-14] DEBUG c.h.p.o.d.PodServiceAccountResource - [helmvolu] Desired PodServiceAccountResource (serviceAccountName: hivemq-platform-pod-test-hivemq-platform)
2025-01-29 01:03:37,584 INFO c.h.h.t.HelmChartContainer - [hivemq-test-hivemq-platform] [hivemq-platform-operator] [62b15f4a] 01:03:37.583 [pool-6-thread-15] DEBUG c.h.p.o.dependants.PodInfoConfigMap - [helmvolu] Desired PodInfo ConfigMap (1 extensions) (1 enabled)
2025-01-29 01:03:37,585 INFO c.h.h.t.HelmChartContainer - [hivemq-test-hivemq-platform] [hivemq-platform-operator] [62b15f4a] 01:03:37.584 [pool-6-thread-15] DEBUG c.h.p.o.dependants.PodInfoConfigMap - [helmvolu] Desired PodInfo ConfigMap (metrics port: 9399) (metrics path: /)
2025-01-29 01:03:37,586 INFO c.h.h.t.HelmChartContainer - [hivemq-test-hivemq-platform] [hivemq-platform-operator] [62b15f4a] 01:03:37.584 [pool-6-thread-15] DEBUG c.h.p.o.dependants.PodInfoConfigMap - [helmvolu] Desired PodInfo ConfigMap (extension state hash: -1817474005)
2025-01-29 01:03:37,589 INFO c.h.h.t.HelmChartContainer - [hivemq-test-hivemq-platform] [hivemq-platform-operator] [62b15f4a] 01:03:37.588 [pool-6-thread-15] DEBUG c.h.p.o.d.StatefulSetResource - [helmvolu] Desired StatefulSet (3 replicas) for status ROLLING_RESTART (RESTART_PODS_IN_PROGRESS)
2025-01-29 01:03:37,592 INFO c.h.h.t.HelmChartContainer - [K3S] [memory_manager.go:355] "RemoveStaleState removing state" podUID="605aab2b-a0ca-4a79-a357-131464bb868b" containerName="hivemq"
2025-01-29 01:03:37,597 INFO c.h.h.t.HelmChartContainer - [POD] test-hivemq-platform-0 [f7e46eb7-58b7-4ee9-b247-c76e68a97476] in helmvolumeclaimtemplatesit was MODIFIED
2025-01-29 01:03:37,597 INFO c.h.h.t.HelmChartContainer - [hivemq-test-hivemq-platform] [hivemq-platform-operator] [62b15f4a] 01:03:37.595 [ReconcilerExecutor-hivemq-controller-113] INFO  c.h.p.o.HiveMQPlatformReconciler - [helmvolu] Reconciling HiveMQ Platform 'test-hivemq-platform' in namespace 'helmvolumeclaimtemplatesit'
2025-01-29 01:03:37,597 INFO c.h.h.t.HelmChartContainer - [hivemq-test-hivemq-platform] [hivemq-platform-operator] [62b15f4a] 01:03:37.595 [ReconcilerExecutor-hivemq-controller-113] DEBUG c.h.p.o.HiveMQPlatformReconciler - [helmvolu] Custom Resource Status ROLLING_RESTART - HiveMQ Platform is restarting Pods (rolling restart) (RESTART_PODS_IN_PROGRESS)
2025-01-29 01:03:37,598 INFO c.h.h.t.HelmChartContainer - [EVENT] Normal [SuccessfulCreate] create Pod test-hivemq-platform-0 in StatefulSet test-hivemq-platform successful [helmvolumeclaimtemplatesit:test-hivemq-platform]
2025-01-29 01:03:37,598 INFO c.h.h.t.HelmChartContainer - [K3S] [status_manager.go:890] "Failed to get status for pod" podUID="f7e46eb7-58b7-4ee9-b247-c76e68a97476" pod="helmvolumeclaimtemplatesit/test-hivemq-platform-0" err="pods \"test-hivemq-platform-0\" is forbidden: User \"system:node:dacb2472075c\" cannot get resource \"pods\" in API group \"\" in the namespace \"helmvolumeclaimtemplatesit\": no relationship found between node 'dacb2472075c' and this object"
2025-01-29 01:03:37,601 INFO c.h.h.t.HelmChartContainer - [hivemq-test-hivemq-platform] [hivemq-platform-operator] [62b15f4a] 01:03:37.595 [ReconcilerExecutor-hivemq-controller-113] DEBUG c.h.p.o.HiveMQPlatformReconciler - [helmvolu] Custom Resource Spec (replicas: 2) (extensions: 1)
2025-01-29 01:03:37,602 INFO c.h.h.t.HelmChartContainer - [hivemq-test-hivemq-platform] [hivemq-platform-operator] [62b15f4a] 01:03:37.596 [ReconcilerExecutor-hivemq-controller-113] DEBUG c.h.p.o.HiveMQPlatformReconciler - [helmvolu] StatefulSet Status (revision: test-hivemq-platform-59475f86c9, replicas: 3, available: 2, ready: 2, current: 0, updated: 2)
2025-01-29 01:03:37,602 INFO c.h.h.t.HelmChartContainer - [hivemq-test-hivemq-platform] [hivemq-platform-operator] [62b15f4a] 01:03:37.598 [ReconcilerExecutor-hivemq-controller-113] DEBUG c.h.p.o.HiveMQPlatformReconciler - [helmvolu] StatefulSet Spec (replicas: 3, init containers: 1, containers: 1, volumes: 4)
2025-01-29 01:03:37,602 INFO c.h.h.t.HelmChartContainer - [hivemq-test-hivemq-platform] [hivemq-platform-operator] [62b15f4a] 01:03:37.600 [ReconcilerExecutor-hivemq-controller-113] DEBUG c.h.p.o.h.HiveMQPlatformReconcilerErrorHandler - [helmvolu] Pod 'test-hivemq-platform-2' phase Running
2025-01-29 01:03:37,602 INFO c.h.h.t.HelmChartContainer - [hivemq-test-hivemq-platform] [hivemq-platform-operator] [62b15f4a] 01:03:37.600 [ReconcilerExecutor-hivemq-controller-113] DEBUG c.h.p.o.h.HiveMQPlatformReconcilerErrorHandler - [helmvolu] Pod 'test-hivemq-platform-1' phase Running
2025-01-29 01:03:37,603 INFO c.h.h.t.HelmChartContainer - [hivemq-test-hivemq-platform] [hivemq-platform-operator] [62b15f4a] 01:03:37.601 [ReconcilerExecutor-hivemq-controller-113] DEBUG c.h.p.o.h.HiveMQPlatformReconcilerErrorHandler - [helmvolu] Pod 'test-hivemq-platform-0' phase Pending
2025-01-29 01:03:37,603 INFO c.h.h.t.HelmChartContainer - [hivemq-test-hivemq-platform] [hivemq-platform-operator] [62b15f4a] 01:03:37.601 [ReconcilerExecutor-hivemq-controller-113] DEBUG c.h.p.o.h.HiveMQPlatformReconcilerErrorHandler - [helmvolu] Pod 'test-hivemq-platform-0' condition 'PodScheduled': True
2025-01-29 01:03:37,605 INFO c.h.h.t.HelmChartContainer - [hivemq-test-hivemq-platform] [hivemq-platform-operator] [62b15f4a] 01:03:37.602 [ReconcilerExecutor-hivemq-controller-113] DEBUG c.h.p.o.h.HiveMQPlatformReconcilerRollingRestartHandler - [helmvolu] Rolling restart is waiting for 2 of 3 replicas
2025-01-29 01:03:37,608 INFO c.h.h.t.HelmChartContainer - [EVENT] Normal [Scheduled] Successfully assigned helmvolumeclaimtemplatesit/test-hivemq-platform-0 to dacb2472075c [helmvolumeclaimtemplatesit:test-hivemq-platform-0]
2025-01-29 01:03:37,611 INFO c.h.h.t.HelmChartContainer - [hivemq-test-hivemq-platform] [hivemq-platform-operator] [62b15f4a] 01:03:37.608 [pool-6-thread-30] DEBUG c.h.p.o.d.PlatformServiceResource - [helmvolu] Desired Platform services (3 services)
2025-01-29 01:03:37,611 INFO c.h.h.t.HelmChartContainer - [hivemq-test-hivemq-platform] [hivemq-platform-operator] [62b15f4a] 01:03:37.609 [pool-6-thread-21] DEBUG c.h.p.o.dependants.PodInfoConfigMap - [helmvolu] Desired PodInfo ConfigMap (1 extensions) (1 enabled)
2025-01-29 01:03:37,611 INFO c.h.h.t.HelmChartContainer - [hivemq-test-hivemq-platform] [hivemq-platform-operator] [62b15f4a] 01:03:37.609 [pool-6-thread-21] DEBUG c.h.p.o.dependants.PodInfoConfigMap - [helmvolu] Desired PodInfo ConfigMap (metrics port: 9399) (metrics path: /)
2025-01-29 01:03:37,611 INFO c.h.h.t.HelmChartContainer - [hivemq-test-hivemq-platform] [hivemq-platform-operator] [62b15f4a] 01:03:37.609 [pool-6-thread-21] DEBUG c.h.p.o.dependants.PodInfoConfigMap - [helmvolu] Desired PodInfo ConfigMap (extension state hash: -1817474005)
2025-01-29 01:03:37,653 INFO c.h.h.t.HelmChartContainer - [K3S] [reconciler_common.go:251] "operationExecutor.VerifyControllerAttachedVolume started for volume \"pod-info\" (UniqueName: \"kubernetes.io/configmap/f7e46eb7-58b7-4ee9-b247-c76e68a97476-pod-info\") pod \"test-hivemq-platform-0\" (UID: \"f7e46eb7-58b7-4ee9-b247-c76e68a97476\") " pod="helmvolumeclaimtemplatesit/test-hivemq-platform-0"
2025-01-29 01:03:37,654 INFO c.h.h.t.HelmChartContainer - [K3S] [reconciler_common.go:251] "operationExecutor.VerifyControllerAttachedVolume started for volume \"broker-configuration\" (UniqueName: \"kubernetes.io/configmap/f7e46eb7-58b7-4ee9-b247-c76e68a97476-broker-configuration\") pod \"test-hivemq-platform-0\" (UID: \"f7e46eb7-58b7-4ee9-b247-c76e68a97476\") " pod="helmvolumeclaimtemplatesit/test-hivemq-platform-0"
2025-01-29 01:03:37,654 INFO c.h.h.t.HelmChartContainer - [K3S] [reconciler_common.go:251] "operationExecutor.VerifyControllerAttachedVolume started for volume \"pvc-2e5aba3d-5f14-4a61-8609-0291474aabfa\" (UniqueName: \"kubernetes.io/local-volume/pvc-2e5aba3d-5f14-4a61-8609-0291474aabfa\") pod \"test-hivemq-platform-0\" (UID: \"f7e46eb7-58b7-4ee9-b247-c76e68a97476\") " pod="helmvolumeclaimtemplatesit/test-hivemq-platform-0"
2025-01-29 01:03:37,654 INFO c.h.h.t.HelmChartContainer - [K3S] [reconciler_common.go:251] "operationExecutor.VerifyControllerAttachedVolume started for volume \"operator-init\" (UniqueName: \"kubernetes.io/empty-dir/f7e46eb7-58b7-4ee9-b247-c76e68a97476-operator-init\") pod \"test-hivemq-platform-0\" (UID: \"f7e46eb7-58b7-4ee9-b247-c76e68a97476\") " pod="helmvolumeclaimtemplatesit/test-hivemq-platform-0"
2025-01-29 01:03:37,654 INFO c.h.h.t.HelmChartContainer - [K3S] [reconciler_common.go:251] "operationExecutor.VerifyControllerAttachedVolume started for volume \"kube-api-access-wlrzg\" (UniqueName: \"kubernetes.io/projected/f7e46eb7-58b7-4ee9-b247-c76e68a97476-kube-api-access-wlrzg\") pod \"test-hivemq-platform-0\" (UID: \"f7e46eb7-58b7-4ee9-b247-c76e68a97476\") " pod="helmvolumeclaimtemplatesit/test-hivemq-platform-0"
2025-01-29 01:03:37,676 INFO c.h.h.t.HelmChartContainer - [hivemq-test-hivemq-platform] [hivemq-platform-operator] [62b15f4a] 01:03:37.675 [pool-6-thread-28] DEBUG c.h.p.o.d.PodServiceAccountResource - [helmvolu] Desired PodServiceAccountResource (serviceAccountName: hivemq-platform-pod-test-hivemq-platform)
2025-01-29 01:03:37,680 INFO c.h.h.t.HelmChartContainer - [hivemq-test-hivemq-platform] [hivemq-platform-operator] [62b15f4a] 01:03:37.680 [pool-6-thread-30] DEBUG c.h.p.o.d.StatefulSetResource - [helmvolu] Desired StatefulSet (3 replicas) for status ROLLING_RESTART (RESTART_PODS_IN_PROGRESS)
2025-01-29 01:03:37,682 INFO c.h.h.t.HelmChartContainer - [hivemq-test-hivemq-platform] [hivemq-platform-operator] [62b15f4a] 01:03:37.681 [ReconcilerExecutor-hivemq-controller-113] INFO  c.h.p.o.HiveMQPlatformReconciler - [helmvolu] Reconciling HiveMQ Platform 'test-hivemq-platform' in namespace 'helmvolumeclaimtemplatesit'
2025-01-29 01:03:37,682 INFO c.h.h.t.HelmChartContainer - [hivemq-test-hivemq-platform] [hivemq-platform-operator] [62b15f4a] 01:03:37.681 [ReconcilerExecutor-hivemq-controller-113] DEBUG c.h.p.o.HiveMQPlatformReconciler - [helmvolu] Custom Resource Status ROLLING_RESTART - HiveMQ Platform is restarting Pods (rolling restart) (RESTART_PODS_IN_PROGRESS)
2025-01-29 01:03:37,682 INFO c.h.h.t.HelmChartContainer - [hivemq-test-hivemq-platform] [hivemq-platform-operator] [62b15f4a] 01:03:37.681 [ReconcilerExecutor-hivemq-controller-113] DEBUG c.h.p.o.HiveMQPlatformReconciler - [helmvolu] Custom Resource Spec (replicas: 2) (extensions: 1)
2025-01-29 01:03:37,683 INFO c.h.h.t.HelmChartContainer - [hivemq-test-hivemq-platform] [hivemq-platform-operator] [62b15f4a] 01:03:37.682 [ReconcilerExecutor-hivemq-controller-113] DEBUG c.h.p.o.HiveMQPlatformReconciler - [helmvolu] StatefulSet Status (revision: test-hivemq-platform-59475f86c9, replicas: 3, available: 2, ready: 2, current: 0, updated: 3)
2025-01-29 01:03:37,683 INFO c.h.h.t.HelmChartContainer - [hivemq-test-hivemq-platform] [hivemq-platform-operator] [62b15f4a] 01:03:37.682 [ReconcilerExecutor-hivemq-controller-113] DEBUG c.h.p.o.HiveMQPlatformReconciler - [helmvolu] StatefulSet Spec (replicas: 3, init containers: 1, containers: 1, volumes: 4)
2025-01-29 01:03:37,684 INFO c.h.h.t.HelmChartContainer - [hivemq-test-hivemq-platform] [hivemq-platform-operator] [62b15f4a] 01:03:37.683 [ReconcilerExecutor-hivemq-controller-113] DEBUG c.h.p.o.h.HiveMQPlatformReconcilerErrorHandler - [helmvolu] Pod 'test-hivemq-platform-2' phase Running
2025-01-29 01:03:37,685 INFO c.h.h.t.HelmChartContainer - [hivemq-test-hivemq-platform] [hivemq-platform-operator] [62b15f4a] 01:03:37.684 [ReconcilerExecutor-hivemq-controller-113] DEBUG c.h.p.o.h.HiveMQPlatformReconcilerErrorHandler - [helmvolu] Pod 'test-hivemq-platform-1' phase Running
2025-01-29 01:03:37,686 INFO c.h.h.t.HelmChartContainer - [hivemq-test-hivemq-platform] [hivemq-platform-operator] [62b15f4a] 01:03:37.686 [ReconcilerExecutor-hivemq-controller-113] DEBUG c.h.p.o.h.HiveMQPlatformReconcilerErrorHandler - [helmvolu] Pod 'test-hivemq-platform-0' phase Pending
2025-01-29 01:03:37,686 INFO c.h.h.t.HelmChartContainer - [hivemq-test-hivemq-platform] [hivemq-platform-operator] [62b15f4a] 01:03:37.686 [ReconcilerExecutor-hivemq-controller-113] DEBUG c.h.p.o.h.HiveMQPlatformReconcilerErrorHandler - [helmvolu] Pod 'test-hivemq-platform-0' condition 'PodScheduled': True
2025-01-29 01:03:37,687 INFO c.h.h.t.HelmChartContainer - [hivemq-test-hivemq-platform] [hivemq-platform-operator] [62b15f4a] 01:03:37.686 [ReconcilerExecutor-hivemq-controller-113] DEBUG c.h.p.o.h.HiveMQPlatformReconcilerRollingRestartHandler - [helmvolu] Rolling restart is waiting for 2 of 3 replicas
2025-01-29 01:03:37,690 INFO c.h.h.t.HelmChartContainer - [hivemq-test-hivemq-platform] [hivemq-platform-operator] [62b15f4a] 01:03:37.688 [pool-6-thread-32] DEBUG c.h.p.o.d.PlatformServiceResource - [helmvolu] Desired Platform services (3 services)
2025-01-29 01:03:37,690 INFO c.h.h.t.HelmChartContainer - [hivemq-test-hivemq-platform] [hivemq-platform-operator] [62b15f4a] 01:03:37.688 [pool-6-thread-31] DEBUG c.h.p.o.dependants.PodInfoConfigMap - [helmvolu] Desired PodInfo ConfigMap (1 extensions) (1 enabled)
2025-01-29 01:03:37,691 INFO c.h.h.t.HelmChartContainer - [hivemq-test-hivemq-platform] [hivemq-platform-operator] [62b15f4a] 01:03:37.688 [pool-6-thread-31] DEBUG c.h.p.o.dependants.PodInfoConfigMap - [helmvolu] Desired PodInfo ConfigMap (metrics port: 9399) (metrics path: /)
2025-01-29 01:03:37,691 INFO c.h.h.t.HelmChartContainer - [hivemq-test-hivemq-platform] [hivemq-platform-operator] [62b15f4a] 01:03:37.688 [pool-6-thread-31] DEBUG c.h.p.o.dependants.PodInfoConfigMap - [helmvolu] Desired PodInfo ConfigMap (extension state hash: -1817474005)
2025-01-29 01:03:37,691 INFO c.h.h.t.HelmChartContainer - [hivemq-test-hivemq-platform] [hivemq-platform-operator] [62b15f4a] 01:03:37.689 [pool-6-thread-31] DEBUG c.h.p.o.d.PodServiceAccountResource - [helmvolu] Desired PodServiceAccountResource (serviceAccountName: hivemq-platform-pod-test-hivemq-platform)
2025-01-29 01:03:37,693 INFO c.h.h.t.HelmChartContainer - [hivemq-test-hivemq-platform] [hivemq-platform-operator] [62b15f4a] 01:03:37.692 [pool-6-thread-40] DEBUG c.h.p.o.d.StatefulSetResource - [helmvolu] Desired StatefulSet (3 replicas) for status ROLLING_RESTART (RESTART_PODS_IN_PROGRESS)
2025-01-29 01:03:37,695 INFO c.h.h.t.HelmChartContainer - [hivemq-test-hivemq-platform] [hivemq-platform-operator] [62b15f4a] 01:03:37.694 [ReconcilerExecutor-hivemq-controller-113] INFO  c.h.p.o.HiveMQPlatformReconciler - [helmvolu] Reconciling HiveMQ Platform 'test-hivemq-platform' in namespace 'helmvolumeclaimtemplatesit'
2025-01-29 01:03:37,695 INFO c.h.h.t.HelmChartContainer - [hivemq-test-hivemq-platform] [hivemq-platform-operator] [62b15f4a] 01:03:37.694 [ReconcilerExecutor-hivemq-controller-113] DEBUG c.h.p.o.HiveMQPlatformReconciler - [helmvolu] Custom Resource Status ROLLING_RESTART - HiveMQ Platform is restarting Pods (rolling restart) (RESTART_PODS_IN_PROGRESS)
2025-01-29 01:03:37,696 INFO c.h.h.t.HelmChartContainer - [hivemq-test-hivemq-platform] [hivemq-platform-operator] [62b15f4a] 01:03:37.694 [ReconcilerExecutor-hivemq-controller-113] DEBUG c.h.p.o.HiveMQPlatformReconciler - [helmvolu] Custom Resource Spec (replicas: 2) (extensions: 1)
2025-01-29 01:03:37,775 INFO c.h.h.t.HelmChartContainer - [hivemq-test-hivemq-platform] [hivemq-platform-operator] [62b15f4a] 01:03:37.695 [ReconcilerExecutor-hivemq-controller-113] DEBUG c.h.p.o.HiveMQPlatformReconciler - [helmvolu] StatefulSet Status (revision: test-hivemq-platform-59475f86c9, replicas: 3, available: 2, ready: 2, current: 0, updated: 3)
2025-01-29 01:03:37,775 INFO c.h.h.t.HelmChartContainer - [hivemq-test-hivemq-platform] [hivemq-platform-operator] [62b15f4a] 01:03:37.774 [ReconcilerExecutor-hivemq-controller-113] DEBUG c.h.p.o.HiveMQPlatformReconciler - [helmvolu] StatefulSet Spec (replicas: 3, init containers: 1, containers: 1, volumes: 4)
2025-01-29 01:03:37,776 INFO c.h.h.t.HelmChartContainer - [hivemq-test-hivemq-platform] [hivemq-platform-operator] [62b15f4a] 01:03:37.776 [ReconcilerExecutor-hivemq-controller-113] DEBUG c.h.p.o.h.HiveMQPlatformReconcilerErrorHandler - [helmvolu] Pod 'test-hivemq-platform-2' phase Running
2025-01-29 01:03:37,777 INFO c.h.h.t.HelmChartContainer - [hivemq-test-hivemq-platform] [hivemq-platform-operator] [62b15f4a] 01:03:37.777 [ReconcilerExecutor-hivemq-controller-113] DEBUG c.h.p.o.h.HiveMQPlatformReconcilerErrorHandler - [helmvolu] Pod 'test-hivemq-platform-1' phase Running
2025-01-29 01:03:37,778 INFO c.h.h.t.HelmChartContainer - [hivemq-test-hivemq-platform] [hivemq-platform-operator] [62b15f4a] 01:03:37.777 [ReconcilerExecutor-hivemq-controller-113] DEBUG c.h.p.o.h.HiveMQPlatformReconcilerErrorHandler - [helmvolu] Pod 'test-hivemq-platform-0' phase Pending
2025-01-29 01:03:37,778 INFO c.h.h.t.HelmChartContainer - [hivemq-test-hivemq-platform] [hivemq-platform-operator] [62b15f4a] 01:03:37.777 [ReconcilerExecutor-hivemq-controller-113] DEBUG c.h.p.o.h.HiveMQPlatformReconcilerErrorHandler - [helmvolu] Pod 'test-hivemq-platform-0' condition 'PodScheduled': True
2025-01-29 01:03:37,779 INFO c.h.h.t.HelmChartContainer - [hivemq-test-hivemq-platform] [hivemq-platform-operator] [62b15f4a] 01:03:37.778 [ReconcilerExecutor-hivemq-controller-113] DEBUG c.h.p.o.h.HiveMQPlatformReconcilerRollingRestartHandler - [helmvolu] Rolling restart is waiting for 2 of 3 replicas
2025-01-29 01:03:37,989 INFO c.h.h.t.HelmChartContainer - [EVENT] Normal [Pulled] Container image "docker.io/hivemq/hivemq-platform-operator-init-test:snapshot" already present on machine [helmvolumeclaimtemplatesit:test-hivemq-platform-0]
2025-01-29 01:03:37,995 INFO c.h.h.t.HelmChartContainer - [EVENT] Normal [Created] Created container: hivemq-platform-operator-init [helmvolumeclaimtemplatesit:test-hivemq-platform-0]
2025-01-29 01:03:38,041 INFO c.h.h.t.HelmChartContainer - [EVENT] Normal [Started] Started container hivemq-platform-operator-init [helmvolumeclaimtemplatesit:test-hivemq-platform-0]
2025-01-29 01:03:38,546 INFO c.h.h.t.HelmChartContainer - [EVENT] Normal [Pulled] Container image "docker.io/hivemq/hivemq4:4.36.0" already present on machine [helmvolumeclaimtemplatesit:test-hivemq-platform-0]
2025-01-29 01:03:38,546 INFO c.h.h.t.HelmChartContainer - Received Pulled event for container hivemq in pod test-hivemq-platform-0 [f7e46eb7-58b7-4ee9-b247-c76e68a97476]
2025-01-29 01:03:38,556 INFO c.h.h.t.HelmChartContainer - [POD] test-hivemq-platform-0 [f7e46eb7-58b7-4ee9-b247-c76e68a97476] in helmvolumeclaimtemplatesit was MODIFIED
2025-01-29 01:03:38,565 INFO c.h.h.t.HelmChartContainer - [hivemq-test-hivemq-platform] [hivemq-platform-operator] [62b15f4a] 01:03:38.560 [pool-6-thread-46] DEBUG c.h.p.o.d.PodServiceAccountResource - [helmvolu] Desired PodServiceAccountResource (serviceAccountName: hivemq-platform-pod-test-hivemq-platform)
2025-01-29 01:03:38,569 INFO c.h.h.t.HelmChartContainer - [EVENT] Normal [Created] Created container: hivemq [helmvolumeclaimtemplatesit:test-hivemq-platform-0]
2025-01-29 01:03:38,569 INFO c.h.h.t.HelmChartContainer - Received Created event for container hivemq in pod test-hivemq-platform-0 [f7e46eb7-58b7-4ee9-b247-c76e68a97476]
2025-01-29 01:03:38,577 INFO c.h.h.t.HelmChartContainer - [hivemq-test-hivemq-platform] [hivemq-platform-operator] [62b15f4a] 01:03:38.560 [pool-6-thread-50] DEBUG c.h.p.o.dependants.PodInfoConfigMap - [helmvolu] Desired PodInfo ConfigMap (1 extensions) (1 enabled)
2025-01-29 01:03:38,577 INFO c.h.h.t.HelmChartContainer - [hivemq-test-hivemq-platform] [hivemq-platform-operator] [62b15f4a] 01:03:38.564 [pool-6-thread-50] DEBUG c.h.p.o.dependants.PodInfoConfigMap - [helmvolu] Desired PodInfo ConfigMap (metrics port: 9399) (metrics path: /)
2025-01-29 01:03:38,577 INFO c.h.h.t.HelmChartContainer - [hivemq-test-hivemq-platform] [hivemq-platform-operator] [62b15f4a] 01:03:38.564 [pool-6-thread-50] DEBUG c.h.p.o.dependants.PodInfoConfigMap - [helmvolu] Desired PodInfo ConfigMap (extension state hash: -1817474005)
2025-01-29 01:03:38,577 INFO c.h.h.t.HelmChartContainer - [hivemq-test-hivemq-platform] [hivemq-platform-operator] [62b15f4a] 01:03:38.561 [pool-6-thread-49] DEBUG c.h.p.o.d.PlatformServiceResource - [helmvolu] Desired Platform services (3 services)
2025-01-29 01:03:38,577 INFO c.h.h.t.HelmChartContainer - [hivemq-test-hivemq-platform] [hivemq-platform-operator] [62b15f4a] 01:03:38.571 [pool-6-thread-49] DEBUG c.h.p.o.d.StatefulSetResource - [helmvolu] Desired StatefulSet (3 replicas) for status ROLLING_RESTART (RESTART_PODS_IN_PROGRESS)
2025-01-29 01:03:38,582 INFO c.h.h.t.HelmChartContainer - [hivemq-test-hivemq-platform] [hivemq-platform-operator] [62b15f4a] 01:03:38.576 [ReconcilerExecutor-hivemq-controller-117] INFO  c.h.p.o.HiveMQPlatformReconciler - [helmvolu] Reconciling HiveMQ Platform 'test-hivemq-platform' in namespace 'helmvolumeclaimtemplatesit'
2025-01-29 01:03:38,582 INFO c.h.h.t.HelmChartContainer - [hivemq-test-hivemq-platform] [hivemq-platform-operator] [62b15f4a] 01:03:38.576 [ReconcilerExecutor-hivemq-controller-117] DEBUG c.h.p.o.HiveMQPlatformReconciler - [helmvolu] Custom Resource Status ROLLING_RESTART - HiveMQ Platform is restarting Pods (rolling restart) (RESTART_PODS_IN_PROGRESS)
2025-01-29 01:03:38,582 INFO c.h.h.t.HelmChartContainer - [hivemq-test-hivemq-platform] [hivemq-platform-operator] [62b15f4a] 01:03:38.576 [ReconcilerExecutor-hivemq-controller-117] DEBUG c.h.p.o.HiveMQPlatformReconciler - [helmvolu] Custom Resource Spec (replicas: 2) (extensions: 1)
2025-01-29 01:03:38,582 INFO c.h.h.t.HelmChartContainer - [hivemq-test-hivemq-platform] [hivemq-platform-operator] [62b15f4a] 01:03:38.580 [ReconcilerExecutor-hivemq-controller-117] DEBUG c.h.p.o.HiveMQPlatformReconciler - [helmvolu] StatefulSet Status (revision: test-hivemq-platform-59475f86c9, replicas: 3, available: 2, ready: 2, current: 0, updated: 3)
2025-01-29 01:03:38,589 INFO c.h.h.t.HelmChartContainer - [hivemq-test-hivemq-platform] [hivemq-platform-operator] [62b15f4a] 01:03:38.580 [ReconcilerExecutor-hivemq-controller-117] DEBUG c.h.p.o.HiveMQPlatformReconciler - [helmvolu] StatefulSet Spec (replicas: 3, init containers: 1, containers: 1, volumes: 4)
2025-01-29 01:03:38,590 INFO c.h.h.t.HelmChartContainer - [hivemq-test-hivemq-platform] [hivemq-platform-operator] [62b15f4a] 01:03:38.582 [ReconcilerExecutor-hivemq-controller-117] DEBUG c.h.p.o.h.HiveMQPlatformReconcilerErrorHandler - [helmvolu] Pod 'test-hivemq-platform-2' phase Running
2025-01-29 01:03:38,590 INFO c.h.h.t.HelmChartContainer - [hivemq-test-hivemq-platform] [hivemq-platform-operator] [62b15f4a] 01:03:38.585 [ReconcilerExecutor-hivemq-controller-117] DEBUG c.h.p.o.h.HiveMQPlatformReconcilerErrorHandler - [helmvolu] Pod 'test-hivemq-platform-1' phase Running
2025-01-29 01:03:38,592 INFO c.h.h.t.HelmChartContainer - [hivemq-test-hivemq-platform] [hivemq-platform-operator] [62b15f4a] 01:03:38.586 [ReconcilerExecutor-hivemq-controller-117] DEBUG c.h.p.o.h.HiveMQPlatformReconcilerErrorHandler - [helmvolu] Pod 'test-hivemq-platform-0' phase Pending
2025-01-29 01:03:38,592 INFO c.h.h.t.HelmChartContainer - [hivemq-test-hivemq-platform] [hivemq-platform-operator] [62b15f4a] 01:03:38.587 [ReconcilerExecutor-hivemq-controller-117] DEBUG c.h.p.o.h.HiveMQPlatformReconcilerErrorHandler - [helmvolu] Pod 'test-hivemq-platform-0' condition 'PodReadyToStartContainers': True
2025-01-29 01:03:38,592 INFO c.h.h.t.HelmChartContainer - [hivemq-test-hivemq-platform] [hivemq-platform-operator] [62b15f4a] 01:03:38.587 [ReconcilerExecutor-hivemq-controller-117] DEBUG c.h.p.o.h.HiveMQPlatformReconcilerErrorHandler - [helmvolu] Pod 'test-hivemq-platform-0' condition 'Initialized': True
2025-01-29 01:03:38,592 INFO c.h.h.t.HelmChartContainer - [hivemq-test-hivemq-platform] [hivemq-platform-operator] [62b15f4a] 01:03:38.587 [ReconcilerExecutor-hivemq-controller-117] DEBUG c.h.p.o.h.HiveMQPlatformReconcilerErrorHandler - [helmvolu] Pod 'test-hivemq-platform-0' condition 'Ready': False
2025-01-29 01:03:38,592 INFO c.h.h.t.HelmChartContainer - [hivemq-test-hivemq-platform] [hivemq-platform-operator] [62b15f4a] 01:03:38.587 [ReconcilerExecutor-hivemq-controller-117] DEBUG c.h.p.o.h.HiveMQPlatformReconcilerErrorHandler - [helmvolu] Pod 'test-hivemq-platform-0' condition 'ContainersReady': False
2025-01-29 01:03:38,592 INFO c.h.h.t.HelmChartContainer - [hivemq-test-hivemq-platform] [hivemq-platform-operator] [62b15f4a] 01:03:38.587 [ReconcilerExecutor-hivemq-controller-117] DEBUG c.h.p.o.h.HiveMQPlatformReconcilerErrorHandler - [helmvolu] Pod 'test-hivemq-platform-0' condition 'PodScheduled': True
2025-01-29 01:03:38,593 INFO c.h.h.t.HelmChartContainer - [hivemq-test-hivemq-platform] [hivemq-platform-operator] [62b15f4a] 01:03:38.587 [ReconcilerExecutor-hivemq-controller-117] DEBUG c.h.p.o.h.HiveMQPlatformReconcilerErrorHandler - [helmvolu] Pod 'test-hivemq-platform-0' containerStatus 'hivemq' (started: false) (ready: false) (waiting: [PodInitializing] null)
2025-01-29 01:03:38,593 INFO c.h.h.t.HelmChartContainer - [hivemq-test-hivemq-platform] [hivemq-platform-operator] [62b15f4a] 01:03:38.587 [ReconcilerExecutor-hivemq-controller-117] DEBUG c.h.p.o.h.HiveMQPlatformReconcilerRollingRestartHandler - [helmvolu] Rolling restart is waiting for 2 of 3 replicas
2025-01-29 01:03:38,951 INFO c.h.h.t.HelmChartContainer - [K3S] [kubelet_volumes.go:163] "Cleaned up orphaned pod volumes dir" podUID="605aab2b-a0ca-4a79-a357-131464bb868b" path="/var/lib/kubelet/pods/605aab2b-a0ca-4a79-a357-131464bb868b/volumes"
2025-01-29 01:03:39,556 INFO c.h.h.t.HelmChartContainer - [POD] test-hivemq-platform-0 [f7e46eb7-58b7-4ee9-b247-c76e68a97476] in helmvolumeclaimtemplatesit was MODIFIED
2025-01-29 01:03:39,563 INFO c.h.h.t.HelmChartContainer - [hivemq-test-hivemq-platform] [hivemq-platform-operator] [62b15f4a] 01:03:39.559 [pool-6-thread-7] DEBUG c.h.p.o.dependants.PodInfoConfigMap - [helmvolu] Desired PodInfo ConfigMap (1 extensions) (1 enabled)
2025-01-29 01:03:39,568 INFO c.h.h.t.HelmChartContainer - [hivemq-test-hivemq-platform] [hivemq-platform-operator] [62b15f4a] 01:03:39.563 [pool-6-thread-7] DEBUG c.h.p.o.dependants.PodInfoConfigMap - [helmvolu] Desired PodInfo ConfigMap (metrics port: 9399) (metrics path: /)
2025-01-29 01:03:39,571 INFO c.h.h.t.HelmChartContainer - [hivemq-test-hivemq-platform] [hivemq-platform-operator] [62b15f4a] 01:03:39.563 [pool-6-thread-7] DEBUG c.h.p.o.dependants.PodInfoConfigMap - [helmvolu] Desired PodInfo ConfigMap (extension state hash: -1817474005)
2025-01-29 01:03:39,571 INFO c.h.h.t.HelmChartContainer - [hivemq-test-hivemq-platform] [hivemq-platform-operator] [62b15f4a] 01:03:39.561 [pool-6-thread-3] DEBUG c.h.p.o.d.PodServiceAccountResource - [helmvolu] Desired PodServiceAccountResource (serviceAccountName: hivemq-platform-pod-test-hivemq-platform)
2025-01-29 01:03:39,571 INFO c.h.h.t.HelmChartContainer - [hivemq-test-hivemq-platform] [hivemq-platform-operator] [62b15f4a] 01:03:39.563 [pool-6-thread-1] DEBUG c.h.p.o.d.PlatformServiceResource - [helmvolu] Desired Platform services (3 services)
2025-01-29 01:03:39,572 INFO c.h.h.t.HelmChartContainer - [EVENT] Normal [Started] Started container hivemq [helmvolumeclaimtemplatesit:test-hivemq-platform-0]
2025-01-29 01:03:39,572 INFO c.h.h.t.HelmChartContainer - Received Started event for container hivemq in pod test-hivemq-platform-0 [f7e46eb7-58b7-4ee9-b247-c76e68a97476]
2025-01-29 01:03:39,573 INFO c.h.h.t.HelmChartContainer - Started log watcher for hivemq in pod test-hivemq-platform-0 [f7e46eb7-58b7-4ee9-b247-c76e68a97476]
2025-01-29 01:03:39,573 INFO c.h.h.t.HelmChartContainer - [test-hivemq-platform] [hivemq] [f7e46eb7] Adding pre-installed HiveMQ Platform Operator extensions
2025-01-29 01:03:39,573 INFO c.h.h.t.HelmChartContainer - [test-hivemq-platform] [hivemq] [f7e46eb7] Running as user 10000
2025-01-29 01:03:39,573 INFO c.h.h.t.HelmChartContainer - [test-hivemq-platform] [hivemq] [f7e46eb7] Starting HiveMQ Platform Operator Init
2025-01-29 01:03:39,574 INFO c.h.h.t.HelmChartContainer - [hivemq-test-hivemq-platform] [hivemq-platform-operator] [62b15f4a] 01:03:39.572 [pool-6-thread-1] DEBUG c.h.p.o.d.StatefulSetResource - [helmvolu] Desired StatefulSet (3 replicas) for status ROLLING_RESTART (RESTART_PODS_IN_PROGRESS)
2025-01-29 01:03:39,577 INFO c.h.h.t.HelmChartContainer - [hivemq-test-hivemq-platform] [hivemq-platform-operator] [62b15f4a] 01:03:39.575 [ReconcilerExecutor-hivemq-controller-118] INFO  c.h.p.o.HiveMQPlatformReconciler - [helmvolu] Reconciling HiveMQ Platform 'test-hivemq-platform' in namespace 'helmvolumeclaimtemplatesit'
2025-01-29 01:03:39,577 INFO c.h.h.t.HelmChartContainer - [hivemq-test-hivemq-platform] [hivemq-platform-operator] [62b15f4a] 01:03:39.575 [ReconcilerExecutor-hivemq-controller-118] DEBUG c.h.p.o.HiveMQPlatformReconciler - [helmvolu] Custom Resource Status ROLLING_RESTART - HiveMQ Platform is restarting Pods (rolling restart) (RESTART_PODS_IN_PROGRESS)
2025-01-29 01:03:39,577 INFO c.h.h.t.HelmChartContainer - [hivemq-test-hivemq-platform] [hivemq-platform-operator] [62b15f4a] 01:03:39.575 [ReconcilerExecutor-hivemq-controller-118] DEBUG c.h.p.o.HiveMQPlatformReconciler - [helmvolu] Custom Resource Spec (replicas: 2) (extensions: 1)
2025-01-29 01:03:39,578 INFO c.h.h.t.HelmChartContainer - [hivemq-test-hivemq-platform] [hivemq-platform-operator] [62b15f4a] 01:03:39.576 [ReconcilerExecutor-hivemq-controller-118] DEBUG c.h.p.o.HiveMQPlatformReconciler - [helmvolu] StatefulSet Status (revision: test-hivemq-platform-59475f86c9, replicas: 3, available: 2, ready: 2, current: 0, updated: 3)
2025-01-29 01:03:39,579 INFO c.h.h.t.HelmChartContainer - [hivemq-test-hivemq-platform] [hivemq-platform-operator] [62b15f4a] 01:03:39.576 [ReconcilerExecutor-hivemq-controller-118] DEBUG c.h.p.o.HiveMQPlatformReconciler - [helmvolu] StatefulSet Spec (replicas: 3, init containers: 1, containers: 1, volumes: 4)
2025-01-29 01:03:39,579 INFO c.h.h.t.HelmChartContainer - [hivemq-test-hivemq-platform] [hivemq-platform-operator] [62b15f4a] 01:03:39.577 [ReconcilerExecutor-hivemq-controller-118] DEBUG c.h.p.o.h.HiveMQPlatformReconcilerErrorHandler - [helmvolu] Pod 'test-hivemq-platform-2' phase Running
2025-01-29 01:03:39,579 INFO c.h.h.t.HelmChartContainer - [hivemq-test-hivemq-platform] [hivemq-platform-operator] [62b15f4a] 01:03:39.578 [ReconcilerExecutor-hivemq-controller-118] DEBUG c.h.p.o.h.HiveMQPlatformReconcilerErrorHandler - [helmvolu] Pod 'test-hivemq-platform-1' phase Running
2025-01-29 01:03:39,580 INFO c.h.h.t.HelmChartContainer - [hivemq-test-hivemq-platform] [hivemq-platform-operator] [62b15f4a] 01:03:39.579 [ReconcilerExecutor-hivemq-controller-118] DEBUG c.h.p.o.h.HiveMQPlatformReconcilerErrorHandler - [helmvolu] Pod 'test-hivemq-platform-0' phase Running
2025-01-29 01:03:39,580 INFO c.h.h.t.HelmChartContainer - [hivemq-test-hivemq-platform] [hivemq-platform-operator] [62b15f4a] 01:03:39.579 [ReconcilerExecutor-hivemq-controller-118] DEBUG c.h.p.o.h.HiveMQPlatformReconcilerRollingRestartHandler - [helmvolu] Rolling restart is waiting for 2 of 3 replicas
2025-01-29 01:03:39,859 INFO c.h.h.t.HelmChartContainer - [test-hivemq-platform] [hivemq] [f7e46eb7] INFO  - [HiveMQ Platform Operator Init 1.7.0-SNAPSHOT] HiveMQ Platform Operator Init 1.7.0-SNAPSHOT (commit: bebf408 on branch: HEAD) built on Sun Jan 26 20:47:47 UTC 2025
2025-01-29 01:03:41,041 INFO c.h.h.t.HelmChartContainer - [test-hivemq-platform] [hivemq] [f7e46eb7] INFO  - [HiveMQ Platform Operator Init App 1.7.0-SNAPSHOT] Using bind address 10.42.0.15 from environment variable
2025-01-29 01:03:41,958 INFO c.h.h.t.HelmChartContainer - [test-hivemq-platform] [hivemq] [f7e46eb7] INFO  - [HiveMQ Platform Operator Init App 1.7.0-SNAPSHOT] HiveMQ Platform Operator Init App 1.7.0-SNAPSHOT (commit: bebf408 on branch: HEAD) built on Sun Jan 26 20:47:47 UTC 2025
2025-01-29 01:03:41,959 INFO c.h.h.t.HelmChartContainer - [test-hivemq-platform] [hivemq] [f7e46eb7] INFO  - [HiveMQ Platform Operator Init App 1.7.0-SNAPSHOT] PodInfo ConfigMap directory: /etc/podinfo
2025-01-29 01:03:41,960 INFO c.h.h.t.HelmChartContainer - [test-hivemq-platform] [hivemq] [f7e46eb7] INFO  - [HiveMQ Platform Operator Init App 1.7.0-SNAPSHOT] HiveMQ home directory: /opt/hivemq
2025-01-29 01:03:41,960 INFO c.h.h.t.HelmChartContainer - [test-hivemq-platform] [hivemq] [f7e46eb7] INFO  - [HiveMQ Platform Operator Init App 1.7.0-SNAPSHOT] HiveMQ Logback folder: /opt/hivemq/conf
2025-01-29 01:03:41,960 INFO c.h.h.t.HelmChartContainer - [test-hivemq-platform] [hivemq] [f7e46eb7] INFO  - [HiveMQ Platform Operator Init App 1.7.0-SNAPSHOT] HiveMQ Config folder: /opt/hivemq/conf-k8s
2025-01-29 01:03:41,960 INFO c.h.h.t.HelmChartContainer - [test-hivemq-platform] [hivemq] [f7e46eb7] INFO  - [HiveMQ Platform Operator Init App 1.7.0-SNAPSHOT] Starting HiveMQ Platform Operator Init App
2025-01-29 01:03:41,960 INFO c.h.h.t.HelmChartContainer - [test-hivemq-platform] [hivemq] [f7e46eb7] INFO  - [HiveMQ Platform Operator Init App 1.7.0-SNAPSHOT] Starting Pod reconciler
2025-01-29 01:03:43,062 INFO c.h.h.t.HelmChartContainer - [test-hivemq-platform] [hivemq] [f7e46eb7] INFO  - [HiveMQ Platform Operator Init App 1.7.0-SNAPSHOT] Pod reconciler is scheduled (interval: 5000 ms)
2025-01-29 01:03:43,123 INFO c.h.h.t.HelmChartContainer - [test-hivemq-platform] [hivemq] [f7e46eb7] INFO  - [HiveMQ Platform Operator Init App 1.7.0-SNAPSHOT] Starting the REST API on 10.42.0.15:7979
2025-01-29 01:03:43,125 INFO c.h.h.t.HelmChartContainer - [test-hivemq-platform] [hivemq] [f7e46eb7] INFO  - [HiveMQ Platform Operator Init App 1.7.0-SNAPSHOT] Waiting up to 600s for at most 3 HiveMQ nodes in cluster service hivemq-test-hivemq-platform-cluster.helmvolumeclaimtemplatesit.svc
2025-01-29 01:03:43,439 INFO c.h.h.t.HelmChartContainer - [test-hivemq-platform] [hivemq] [f7e46eb7] INFO  - [HiveMQ Platform Operator Init App 1.7.0-SNAPSHOT] Resolved 3 IP addresses: [10.42.0.15, 10.42.0.14, 10.42.0.13]
2025-01-29 01:03:43,439 INFO c.h.h.t.HelmChartContainer - [test-hivemq-platform] [hivemq] [f7e46eb7] INFO  - [HiveMQ Platform Operator Init App 1.7.0-SNAPSHOT] HiveMQ node count of 3 is within threshold of 3
2025-01-29 01:03:43,439 INFO c.h.h.t.HelmChartContainer - [test-hivemq-platform] [hivemq] [f7e46eb7] INFO  - [HiveMQ Platform Operator Init App 1.7.0-SNAPSHOT] Waiting 15s for previous shutdown replication to finish...
2025-01-29 01:03:45,555 INFO c.h.h.t.HelmChartContainer - [test-hivemq-platform] [hivemq] [f7e46eb7] INFO  - [HiveMQ Platform Operator Init App 1.7.0-SNAPSHOT] Returning default Health API response 503 for readiness
2025-01-29 01:03:45,669 INFO c.h.h.t.HelmChartContainer - [EVENT] Warning [Unhealthy] Readiness probe failed: HTTP probe failed with statuscode: 503 [helmvolumeclaimtemplatesit:test-hivemq-platform-0]
2025-01-29 01:03:45,669 INFO c.h.h.t.HelmChartContainer - Received Unhealthy event for container hivemq in pod test-hivemq-platform-0 [f7e46eb7-58b7-4ee9-b247-c76e68a97476]
2025-01-29 01:03:49,586 INFO c.h.h.t.HelmChartContainer - [hivemq-test-hivemq-platform] [hivemq-platform-operator] [62b15f4a] 01:03:49.583 [pool-6-thread-19] DEBUG c.h.p.o.d.PlatformServiceResource - [helmvolu] Desired Platform services (3 services)
2025-01-29 01:03:49,586 INFO c.h.h.t.HelmChartContainer - [hivemq-test-hivemq-platform] [hivemq-platform-operator] [62b15f4a] 01:03:49.583 [pool-6-thread-14] DEBUG c.h.p.o.dependants.PodInfoConfigMap - [helmvolu] Desired PodInfo ConfigMap (1 extensions) (1 enabled)
2025-01-29 01:03:49,586 INFO c.h.h.t.HelmChartContainer - [hivemq-test-hivemq-platform] [hivemq-platform-operator] [62b15f4a] 01:03:49.583 [pool-6-thread-14] DEBUG c.h.p.o.dependants.PodInfoConfigMap - [helmvolu] Desired PodInfo ConfigMap (metrics port: 9399) (metrics path: /)
2025-01-29 01:03:49,586 INFO c.h.h.t.HelmChartContainer - [hivemq-test-hivemq-platform] [hivemq-platform-operator] [62b15f4a] 01:03:49.583 [pool-6-thread-14] DEBUG c.h.p.o.dependants.PodInfoConfigMap - [helmvolu] Desired PodInfo ConfigMap (extension state hash: -1817474005)
2025-01-29 01:03:49,586 INFO c.h.h.t.HelmChartContainer - [hivemq-test-hivemq-platform] [hivemq-platform-operator] [62b15f4a] 01:03:49.583 [pool-6-thread-14] DEBUG c.h.p.o.d.PodServiceAccountResource - [helmvolu] Desired PodServiceAccountResource (serviceAccountName: hivemq-platform-pod-test-hivemq-platform)
2025-01-29 01:03:49,587 INFO c.h.h.t.HelmChartContainer - [hivemq-test-hivemq-platform] [hivemq-platform-operator] [62b15f4a] 01:03:49.586 [pool-6-thread-19] DEBUG c.h.p.o.d.StatefulSetResource - [helmvolu] Desired StatefulSet (3 replicas) for status ROLLING_RESTART (RESTART_PODS_IN_PROGRESS)
2025-01-29 01:03:49,590 INFO c.h.h.t.HelmChartContainer - [hivemq-test-hivemq-platform] [hivemq-platform-operator] [62b15f4a] 01:03:49.589 [ReconcilerExecutor-hivemq-controller-119] INFO  c.h.p.o.HiveMQPlatformReconciler - [helmvolu] Reconciling HiveMQ Platform 'test-hivemq-platform' in namespace 'helmvolumeclaimtemplatesit'
2025-01-29 01:03:49,590 INFO c.h.h.t.HelmChartContainer - [hivemq-test-hivemq-platform] [hivemq-platform-operator] [62b15f4a] 01:03:49.589 [ReconcilerExecutor-hivemq-controller-119] DEBUG c.h.p.o.HiveMQPlatformReconciler - [helmvolu] Custom Resource Status ROLLING_RESTART - HiveMQ Platform is restarting Pods (rolling restart) (RESTART_PODS_IN_PROGRESS)
2025-01-29 01:03:49,590 INFO c.h.h.t.HelmChartContainer - [hivemq-test-hivemq-platform] [hivemq-platform-operator] [62b15f4a] 01:03:49.589 [ReconcilerExecutor-hivemq-controller-119] DEBUG c.h.p.o.HiveMQPlatformReconciler - [helmvolu] Custom Resource Spec (replicas: 2) (extensions: 1)
2025-01-29 01:03:49,593 INFO c.h.h.t.HelmChartContainer - [hivemq-test-hivemq-platform] [hivemq-platform-operator] [62b15f4a] 01:03:49.590 [ReconcilerExecutor-hivemq-controller-119] DEBUG c.h.p.o.HiveMQPlatformReconciler - [helmvolu] StatefulSet Status (revision: test-hivemq-platform-59475f86c9, replicas: 3, available: 2, ready: 2, current: 0, updated: 3)
2025-01-29 01:03:49,593 INFO c.h.h.t.HelmChartContainer - [hivemq-test-hivemq-platform] [hivemq-platform-operator] [62b15f4a] 01:03:49.590 [ReconcilerExecutor-hivemq-controller-119] DEBUG c.h.p.o.HiveMQPlatformReconciler - [helmvolu] StatefulSet Spec (replicas: 3, init containers: 1, containers: 1, volumes: 4)
2025-01-29 01:03:49,593 INFO c.h.h.t.HelmChartContainer - [hivemq-test-hivemq-platform] [hivemq-platform-operator] [62b15f4a] 01:03:49.591 [ReconcilerExecutor-hivemq-controller-119] DEBUG c.h.p.o.h.HiveMQPlatformReconcilerErrorHandler - [helmvolu] Pod 'test-hivemq-platform-2' phase Running
2025-01-29 01:03:49,594 INFO c.h.h.t.HelmChartContainer - [hivemq-test-hivemq-platform] [hivemq-platform-operator] [62b15f4a] 01:03:49.592 [ReconcilerExecutor-hivemq-controller-119] DEBUG c.h.p.o.h.HiveMQPlatformReconcilerErrorHandler - [helmvolu] Pod 'test-hivemq-platform-1' phase Running
2025-01-29 01:03:49,595 INFO c.h.h.t.HelmChartContainer - [hivemq-test-hivemq-platform] [hivemq-platform-operator] [62b15f4a] 01:03:49.593 [ReconcilerExecutor-hivemq-controller-119] DEBUG c.h.p.o.h.HiveMQPlatformReconcilerErrorHandler - [helmvolu] Pod 'test-hivemq-platform-0' phase Running
2025-01-29 01:03:49,595 INFO c.h.h.t.HelmChartContainer - [hivemq-test-hivemq-platform] [hivemq-platform-operator] [62b15f4a] 01:03:49.593 [ReconcilerExecutor-hivemq-controller-119] DEBUG c.h.p.o.h.HiveMQPlatformReconcilerRollingRestartHandler - [helmvolu] Rolling restart is waiting for 2 of 3 replicas
2025-01-29 01:03:50,572 INFO c.h.h.t.HelmChartContainer - [EVENT] Warning [Unhealthy] Readiness probe failed: HTTP probe failed with statuscode: 503 [helmvolumeclaimtemplatesit:test-hivemq-platform-0]
2025-01-29 01:03:50,572 INFO c.h.h.t.HelmChartContainer - Received Unhealthy event for container hivemq in pod test-hivemq-platform-0 [f7e46eb7-58b7-4ee9-b247-c76e68a97476]
2025-01-29 01:03:50,578 INFO c.h.h.t.HelmChartContainer - [test-hivemq-platform] [hivemq] [f7e46eb7] INFO  - [HiveMQ Platform Operator Init App 1.7.0-SNAPSHOT] Updating Pod HiveMQ Platform Operator Init App version annotation (version: 1.7.0-SNAPSHOT)
2025-01-29 01:03:50,976 INFO c.h.h.t.HelmChartContainer - [POD] test-hivemq-platform-0 [f7e46eb7-58b7-4ee9-b247-c76e68a97476] in helmvolumeclaimtemplatesit was MODIFIED
2025-01-29 01:03:50,980 INFO c.h.h.t.HelmChartContainer - [EVENT] Warning [Unhealthy] Readiness probe failed: HTTP probe failed with statuscode: 503 [helmvolumeclaimtemplatesit:test-hivemq-platform-0]
2025-01-29 01:03:50,981 INFO c.h.h.t.HelmChartContainer - Received Unhealthy event for container hivemq in pod test-hivemq-platform-0 [f7e46eb7-58b7-4ee9-b247-c76e68a97476]
2025-01-29 01:03:50,982 INFO c.h.h.t.HelmChartContainer - [hivemq-test-hivemq-platform] [hivemq-platform-operator] [62b15f4a] 01:03:50.980 [pool-6-thread-27] DEBUG c.h.p.o.d.PlatformServiceResource - [helmvolu] Desired Platform services (3 services)
2025-01-29 01:03:50,984 INFO c.h.h.t.HelmChartContainer - [hivemq-test-hivemq-platform] [hivemq-platform-operator] [62b15f4a] 01:03:50.982 [pool-6-thread-28] DEBUG c.h.p.o.d.PodServiceAccountResource - [helmvolu] Desired PodServiceAccountResource (serviceAccountName: hivemq-platform-pod-test-hivemq-platform)
2025-01-29 01:03:50,984 INFO c.h.h.t.HelmChartContainer - [hivemq-test-hivemq-platform] [hivemq-platform-operator] [62b15f4a] 01:03:50.981 [pool-6-thread-22] DEBUG c.h.p.o.dependants.PodInfoConfigMap - [helmvolu] Desired PodInfo ConfigMap (1 extensions) (1 enabled)
2025-01-29 01:03:50,985 INFO c.h.h.t.HelmChartContainer - [hivemq-test-hivemq-platform] [hivemq-platform-operator] [62b15f4a] 01:03:50.983 [pool-6-thread-22] DEBUG c.h.p.o.dependants.PodInfoConfigMap - [helmvolu] Desired PodInfo ConfigMap (metrics port: 9399) (metrics path: /)
2025-01-29 01:03:50,985 INFO c.h.h.t.HelmChartContainer - [hivemq-test-hivemq-platform] [hivemq-platform-operator] [62b15f4a] 01:03:50.983 [pool-6-thread-22] DEBUG c.h.p.o.dependants.PodInfoConfigMap - [helmvolu] Desired PodInfo ConfigMap (extension state hash: -1817474005)
2025-01-29 01:03:50,986 INFO c.h.h.t.HelmChartContainer - [hivemq-test-hivemq-platform] [hivemq-platform-operator] [62b15f4a] 01:03:50.986 [pool-6-thread-27] DEBUG c.h.p.o.d.StatefulSetResource - [helmvolu] Desired StatefulSet (3 replicas) for status ROLLING_RESTART (RESTART_PODS_IN_PROGRESS)
2025-01-29 01:03:50,988 INFO c.h.h.t.HelmChartContainer - [hivemq-test-hivemq-platform] [hivemq-platform-operator] [62b15f4a] 01:03:50.987 [ReconcilerExecutor-hivemq-controller-120] INFO  c.h.p.o.HiveMQPlatformReconciler - [helmvolu] Reconciling HiveMQ Platform 'test-hivemq-platform' in namespace 'helmvolumeclaimtemplatesit'
2025-01-29 01:03:50,988 INFO c.h.h.t.HelmChartContainer - [hivemq-test-hivemq-platform] [hivemq-platform-operator] [62b15f4a] 01:03:50.987 [ReconcilerExecutor-hivemq-controller-120] DEBUG c.h.p.o.HiveMQPlatformReconciler - [helmvolu] Custom Resource Status ROLLING_RESTART - HiveMQ Platform is restarting Pods (rolling restart) (RESTART_PODS_IN_PROGRESS)
2025-01-29 01:03:50,988 INFO c.h.h.t.HelmChartContainer - [hivemq-test-hivemq-platform] [hivemq-platform-operator] [62b15f4a] 01:03:50.987 [ReconcilerExecutor-hivemq-controller-120] DEBUG c.h.p.o.HiveMQPlatformReconciler - [helmvolu] Custom Resource Spec (replicas: 2) (extensions: 1)
2025-01-29 01:03:50,989 INFO c.h.h.t.HelmChartContainer - [hivemq-test-hivemq-platform] [hivemq-platform-operator] [62b15f4a] 01:03:50.988 [ReconcilerExecutor-hivemq-controller-120] DEBUG c.h.p.o.HiveMQPlatformReconciler - [helmvolu] StatefulSet Status (revision: test-hivemq-platform-59475f86c9, replicas: 3, available: 2, ready: 2, current: 0, updated: 3)
2025-01-29 01:03:50,989 INFO c.h.h.t.HelmChartContainer - [hivemq-test-hivemq-platform] [hivemq-platform-operator] [62b15f4a] 01:03:50.988 [ReconcilerExecutor-hivemq-controller-120] DEBUG c.h.p.o.HiveMQPlatformReconciler - [helmvolu] StatefulSet Spec (replicas: 3, init containers: 1, containers: 1, volumes: 4)
2025-01-29 01:03:50,990 INFO c.h.h.t.HelmChartContainer - [hivemq-test-hivemq-platform] [hivemq-platform-operator] [62b15f4a] 01:03:50.989 [ReconcilerExecutor-hivemq-controller-120] DEBUG c.h.p.o.h.HiveMQPlatformReconcilerErrorHandler - [helmvolu] Pod 'test-hivemq-platform-2' phase Running
2025-01-29 01:03:50,991 INFO c.h.h.t.HelmChartContainer - [hivemq-test-hivemq-platform] [hivemq-platform-operator] [62b15f4a] 01:03:50.990 [ReconcilerExecutor-hivemq-controller-120] DEBUG c.h.p.o.h.HiveMQPlatformReconcilerErrorHandler - [helmvolu] Pod 'test-hivemq-platform-1' phase Running
2025-01-29 01:03:50,992 INFO c.h.h.t.HelmChartContainer - [hivemq-test-hivemq-platform] [hivemq-platform-operator] [62b15f4a] 01:03:50.991 [ReconcilerExecutor-hivemq-controller-120] DEBUG c.h.p.o.h.HiveMQPlatformReconcilerErrorHandler - [helmvolu] Pod 'test-hivemq-platform-0' phase Running
2025-01-29 01:03:50,992 INFO c.h.h.t.HelmChartContainer - [hivemq-test-hivemq-platform] [hivemq-platform-operator] [62b15f4a] 01:03:50.991 [ReconcilerExecutor-hivemq-controller-120] DEBUG c.h.p.o.h.HiveMQPlatformReconcilerRollingRestartHandler - [helmvolu] Rolling restart is waiting for 2 of 3 replicas
2025-01-29 01:03:51,058 INFO c.h.h.t.HelmChartContainer - [test-hivemq-platform] [hivemq] [f7e46eb7] INFO  - [HiveMQ Platform Operator Init App 1.7.0-SNAPSHOT] Successfully updated Pod HiveMQ Platform Operator Init App version annotation (version: 1.7.0-SNAPSHOT)
2025-01-29 01:03:55,979 INFO c.h.h.t.HelmChartContainer - [EVENT] Warning [Unhealthy] Readiness probe failed: HTTP probe failed with statuscode: 503 [helmvolumeclaimtemplatesit:test-hivemq-platform-0]
2025-01-29 01:03:55,980 INFO c.h.h.t.HelmChartContainer - Received Unhealthy event for container hivemq in pod test-hivemq-platform-0 [f7e46eb7-58b7-4ee9-b247-c76e68a97476]
2025-01-29 01:03:58,439 INFO c.h.h.t.HelmChartContainer - [test-hivemq-platform] [hivemq] [f7e46eb7] INFO  - [HiveMQ Platform Operator Init App 1.7.0-SNAPSHOT] Proceeding with container start
2025-01-29 01:03:58,442 INFO c.h.h.t.HelmChartContainer - [test-hivemq-platform] [hivemq] [f7e46eb7] INFO  - [HiveMQ Platform Operator Init App 1.7.0-SNAPSHOT] Initializing HiveMQ Platform extensions with initial configuration: {hivemq-allow-all-extension={start-priority=-1, skip-https-hostname-verification=false, restart=true, config-version=0, header-version=0, c-uri=, priority=-1, uri=preinstalled, skip-https-certificate-validation=false, enabled=true}, hivemq-prometheus-extension={uri=preinstalled, request-header-path=no-request-headers, enabled=true, restart=true, priority=-1, start-priority=-1, c-uri=, skip-https-hostname-verification=false, skip-https-certificate-validation=false}}
2025-01-29 01:03:58,836 INFO c.h.h.t.HelmChartContainer - [test-hivemq-platform] [hivemq] [f7e46eb7] INFO  - [HiveMQ Platform Operator Init App 1.7.0-SNAPSHOT] Extension hivemq-allow-all-extension was already enabled
2025-01-29 01:03:58,924 INFO c.h.h.t.HelmChartContainer - [test-hivemq-platform] [hivemq] [f7e46eb7] INFO  - [HiveMQ Platform Operator Init App 1.7.0-SNAPSHOT] Successfully enabled extension hivemq-prometheus-extension
2025-01-29 01:03:58,926 INFO c.h.h.t.HelmChartContainer - [test-hivemq-platform] [hivemq] [f7e46eb7] INFO  - [HiveMQ Platform Operator Init App 1.7.0-SNAPSHOT] Starting HiveMQ Platform version 4.36.0 (4.36.0)
2025-01-29 01:03:58,926 INFO c.h.h.t.HelmChartContainer - [test-hivemq-platform] [hivemq] [f7e46eb7] INFO  - [HiveMQ Platform Operator Init App 1.7.0-SNAPSHOT] Configuring the HiveMQ Platform
2025-01-29 01:03:58,962 INFO c.h.h.t.HelmChartContainer - [test-hivemq-platform] [hivemq] [f7e46eb7] INFO  - [HiveMQ Platform Operator Init App 1.7.0-SNAPSHOT] Changed logback.xml file scan period to 20 seconds
2025-01-29 01:03:59,033 INFO c.h.h.t.HelmChartContainer - [test-hivemq-platform] [hivemq] [f7e46eb7] INFO  - [HiveMQ Platform Operator Init App 1.7.0-SNAPSHOT] Starting the HiveMQ Platform
2025-01-29 01:03:59,059 INFO c.h.h.t.HelmChartContainer - [test-hivemq-platform] [hivemq] [f7e46eb7] -------------------------------------------------------------------------
2025-01-29 01:03:59,060 INFO c.h.h.t.HelmChartContainer - [test-hivemq-platform] [hivemq] [f7e46eb7] 
2025-01-29 01:03:59,060 INFO c.h.h.t.HelmChartContainer - [test-hivemq-platform] [hivemq] [f7e46eb7]                   _    _  _              __  __   ____
2025-01-29 01:03:59,060 INFO c.h.h.t.HelmChartContainer - [test-hivemq-platform] [hivemq] [f7e46eb7]                  | |  | |(_)            |  \/  | / __ \
2025-01-29 01:03:59,060 INFO c.h.h.t.HelmChartContainer - [test-hivemq-platform] [hivemq] [f7e46eb7]                  | |__| | _ __   __ ___ | \  / || |  | |
2025-01-29 01:03:59,060 INFO c.h.h.t.HelmChartContainer - [test-hivemq-platform] [hivemq] [f7e46eb7]                  |  __  || |\ \ / // _ \| |\/| || |  | |
2025-01-29 01:03:59,060 INFO c.h.h.t.HelmChartContainer - [test-hivemq-platform] [hivemq] [f7e46eb7]                  | |  | || | \ V /|  __/| |  | || |__| |
2025-01-29 01:03:59,060 INFO c.h.h.t.HelmChartContainer - [test-hivemq-platform] [hivemq] [f7e46eb7]                  |_|  |_||_|  \_/  \___||_|  |_| \___\_\
2025-01-29 01:03:59,060 INFO c.h.h.t.HelmChartContainer - [test-hivemq-platform] [hivemq] [f7e46eb7] 
2025-01-29 01:03:59,060 INFO c.h.h.t.HelmChartContainer - [test-hivemq-platform] [hivemq] [f7e46eb7] -------------------------------------------------------------------------
2025-01-29 01:03:59,061 INFO c.h.h.t.HelmChartContainer - [test-hivemq-platform] [hivemq] [f7e46eb7] 
2025-01-29 01:03:59,061 INFO c.h.h.t.HelmChartContainer - [test-hivemq-platform] [hivemq] [f7e46eb7]   HiveMQ Start Script for Linux/Unix v1.14
2025-01-29 01:03:59,061 INFO c.h.h.t.HelmChartContainer - [test-hivemq-platform] [hivemq] [f7e46eb7] 
2025-01-29 01:03:59,146 INFO c.h.h.t.HelmChartContainer - [test-hivemq-platform] [hivemq] [f7e46eb7] -------------------------------------------------------------------------
2025-01-29 01:03:59,147 INFO c.h.h.t.HelmChartContainer - [test-hivemq-platform] [hivemq] [f7e46eb7] 
2025-01-29 01:03:59,148 INFO c.h.h.t.HelmChartContainer - [test-hivemq-platform] [hivemq] [f7e46eb7]   HIVEMQ_HOME: /opt/hivemq
2025-01-29 01:03:59,148 INFO c.h.h.t.HelmChartContainer - [test-hivemq-platform] [hivemq] [f7e46eb7] 
2025-01-29 01:03:59,148 INFO c.h.h.t.HelmChartContainer - [test-hivemq-platform] [hivemq] [f7e46eb7]   JAVA_OPTS: -XX:+UnlockExperimentalVMOptions -XX:InitialRAMPercentage=50 -XX:MaxRAMPercentage=50 -Djava.net.preferIPv4Stack=true --add-opens java.base/java.lang=ALL-UNNAMED --add-opens java.base/java.nio=ALL-UNNAMED --add-opens java.base/sun.nio.ch=ALL-UNNAMED --add-opens jdk.management/com.sun.management.internal=ALL-UNNAMED --add-exports java.base/jdk.internal.misc=ALL-UNNAMED -Djava.security.egd=file:/dev/./urandom -Dcom.sun.management.jmxremote -Dcom.sun.management.jmxremote.port=9010 -Dcom.sun.management.jmxremote.local.only=false -Dcom.sun.management.jmxremote.authenticate=false -Dcom.sun.management.jmxremote.ssl=false -Duser.language=en -Duser.region=US -XX:+CrashOnOutOfMemoryError -XX:+HeapDumpOnOutOfMemoryError
2025-01-29 01:03:59,148 INFO c.h.h.t.HelmChartContainer - [test-hivemq-platform] [hivemq] [f7e46eb7] 
2025-01-29 01:03:59,148 INFO c.h.h.t.HelmChartContainer - [test-hivemq-platform] [hivemq] [f7e46eb7]   JAVA_VERSION: 21
2025-01-29 01:03:59,148 INFO c.h.h.t.HelmChartContainer - [test-hivemq-platform] [hivemq] [f7e46eb7] 
2025-01-29 01:03:59,148 INFO c.h.h.t.HelmChartContainer - [test-hivemq-platform] [hivemq] [f7e46eb7] -------------------------------------------------------------------------
2025-01-29 01:03:59,148 INFO c.h.h.t.HelmChartContainer - [test-hivemq-platform] [hivemq] [f7e46eb7] 
2025-01-29 01:04:00,994 INFO c.h.h.t.HelmChartContainer - [hivemq-test-hivemq-platform] [hivemq-platform-operator] [62b15f4a] 01:04:00.993 [pool-6-thread-32] DEBUG c.h.p.o.d.PlatformServiceResource - [helmvolu] Desired Platform services (3 services)
2025-01-29 01:04:00,995 INFO c.h.h.t.HelmChartContainer - [hivemq-test-hivemq-platform] [hivemq-platform-operator] [62b15f4a] 01:04:00.993 [pool-6-thread-31] DEBUG c.h.p.o.dependants.PodInfoConfigMap - [helmvolu] Desired PodInfo ConfigMap (1 extensions) (1 enabled)
2025-01-29 01:04:00,995 INFO c.h.h.t.HelmChartContainer - [hivemq-test-hivemq-platform] [hivemq-platform-operator] [62b15f4a] 01:04:00.994 [pool-6-thread-31] DEBUG c.h.p.o.dependants.PodInfoConfigMap - [helmvolu] Desired PodInfo ConfigMap (metrics port: 9399) (metrics path: /)
2025-01-29 01:04:00,995 INFO c.h.h.t.HelmChartContainer - [hivemq-test-hivemq-platform] [hivemq-platform-operator] [62b15f4a] 01:04:00.994 [pool-6-thread-31] DEBUG c.h.p.o.dependants.PodInfoConfigMap - [helmvolu] Desired PodInfo ConfigMap (extension state hash: -1817474005)
2025-01-29 01:04:00,995 INFO c.h.h.t.HelmChartContainer - [hivemq-test-hivemq-platform] [hivemq-platform-operator] [62b15f4a] 01:04:00.993 [pool-6-thread-36] DEBUG c.h.p.o.d.PodServiceAccountResource - [helmvolu] Desired PodServiceAccountResource (serviceAccountName: hivemq-platform-pod-test-hivemq-platform)
2025-01-29 01:04:00,997 INFO c.h.h.t.HelmChartContainer - [hivemq-test-hivemq-platform] [hivemq-platform-operator] [62b15f4a] 01:04:00.996 [pool-6-thread-32] DEBUG c.h.p.o.d.StatefulSetResource - [helmvolu] Desired StatefulSet (3 replicas) for status ROLLING_RESTART (RESTART_PODS_IN_PROGRESS)
2025-01-29 01:04:00,999 INFO c.h.h.t.HelmChartContainer - [hivemq-test-hivemq-platform] [hivemq-platform-operator] [62b15f4a] 01:04:00.998 [ReconcilerExecutor-hivemq-controller-121] INFO  c.h.p.o.HiveMQPlatformReconciler - [helmvolu] Reconciling HiveMQ Platform 'test-hivemq-platform' in namespace 'helmvolumeclaimtemplatesit'
2025-01-29 01:04:01,000 INFO c.h.h.t.HelmChartContainer - [hivemq-test-hivemq-platform] [hivemq-platform-operator] [62b15f4a] 01:04:00.998 [ReconcilerExecutor-hivemq-controller-121] DEBUG c.h.p.o.HiveMQPlatformReconciler - [helmvolu] Custom Resource Status ROLLING_RESTART - HiveMQ Platform is restarting Pods (rolling restart) (RESTART_PODS_IN_PROGRESS)
2025-01-29 01:04:01,000 INFO c.h.h.t.HelmChartContainer - [hivemq-test-hivemq-platform] [hivemq-platform-operator] [62b15f4a] 01:04:00.998 [ReconcilerExecutor-hivemq-controller-121] DEBUG c.h.p.o.HiveMQPlatformReconciler - [helmvolu] Custom Resource Spec (replicas: 2) (extensions: 1)
2025-01-29 01:04:01,000 INFO c.h.h.t.HelmChartContainer - [hivemq-test-hivemq-platform] [hivemq-platform-operator] [62b15f4a] 01:04:00.999 [ReconcilerExecutor-hivemq-controller-121] DEBUG c.h.p.o.HiveMQPlatformReconciler - [helmvolu] StatefulSet Status (revision: test-hivemq-platform-59475f86c9, replicas: 3, available: 2, ready: 2, current: 0, updated: 3)
2025-01-29 01:04:01,000 INFO c.h.h.t.HelmChartContainer - [hivemq-test-hivemq-platform] [hivemq-platform-operator] [62b15f4a] 01:04:00.999 [ReconcilerExecutor-hivemq-controller-121] DEBUG c.h.p.o.HiveMQPlatformReconciler - [helmvolu] StatefulSet Spec (replicas: 3, init containers: 1, containers: 1, volumes: 4)
2025-01-29 01:04:01,001 INFO c.h.h.t.HelmChartContainer - [hivemq-test-hivemq-platform] [hivemq-platform-operator] [62b15f4a] 01:04:01.000 [ReconcilerExecutor-hivemq-controller-121] DEBUG c.h.p.o.h.HiveMQPlatformReconcilerErrorHandler - [helmvolu] Pod 'test-hivemq-platform-2' phase Running
2025-01-29 01:04:01,002 INFO c.h.h.t.HelmChartContainer - [hivemq-test-hivemq-platform] [hivemq-platform-operator] [62b15f4a] 01:04:01.001 [ReconcilerExecutor-hivemq-controller-121] DEBUG c.h.p.o.h.HiveMQPlatformReconcilerErrorHandler - [helmvolu] Pod 'test-hivemq-platform-1' phase Running
2025-01-29 01:04:01,002 INFO c.h.h.t.HelmChartContainer - [hivemq-test-hivemq-platform] [hivemq-platform-operator] [62b15f4a] 01:04:01.002 [ReconcilerExecutor-hivemq-controller-121] DEBUG c.h.p.o.h.HiveMQPlatformReconcilerErrorHandler - [helmvolu] Pod 'test-hivemq-platform-0' phase Running
2025-01-29 01:04:01,003 INFO c.h.h.t.HelmChartContainer - [hivemq-test-hivemq-platform] [hivemq-platform-operator] [62b15f4a] 01:04:01.002 [ReconcilerExecutor-hivemq-controller-121] DEBUG c.h.p.o.h.HiveMQPlatformReconcilerRollingRestartHandler - [helmvolu] Rolling restart is waiting for 2 of 3 replicas
2025-01-29 01:04:01,031 INFO c.h.h.t.HelmChartContainer - [EVENT] Warning [Unhealthy] Readiness probe failed: HTTP probe failed with statuscode: 503 [helmvolumeclaimtemplatesit:test-hivemq-platform-0]
2025-01-29 01:04:01,031 INFO c.h.h.t.HelmChartContainer - Received Unhealthy event for container hivemq in pod test-hivemq-platform-0 [f7e46eb7-58b7-4ee9-b247-c76e68a97476]
2025-01-29 01:04:01,735 INFO c.h.h.t.HelmChartContainer - [test-hivemq-platform] [hivemq] [f7e46eb7] INFO  - Starting HiveMQ Enterprise Server
2025-01-29 01:04:01,740 INFO c.h.h.t.HelmChartContainer - [test-hivemq-platform] [hivemq] [f7e46eb7] INFO  - HiveMQ version: 4.36.0
2025-01-29 01:04:01,740 INFO c.h.h.t.HelmChartContainer - [test-hivemq-platform] [hivemq] [f7e46eb7] INFO  - HiveMQ home directory: /opt/hivemq
2025-01-29 01:04:01,740 INFO c.h.h.t.HelmChartContainer - [test-hivemq-platform] [hivemq] [f7e46eb7] INFO  - Log Configuration was overridden by /opt/hivemq/conf/logback.xml
2025-01-29 01:04:03,038 INFO c.h.h.t.HelmChartContainer - [test-hivemq-platform] [hivemq] [f7e46eb7] INFO  - Successfully loaded configuration from '/opt/hivemq/conf-k8s/config.xml'.
2025-01-29 01:04:03,330 INFO c.h.h.t.HelmChartContainer - [test-hivemq-platform] [hivemq] [f7e46eb7] INFO  - This node's ID is DIswx
2025-01-29 01:04:03,633 INFO c.h.h.t.HelmChartContainer - [test-hivemq-platform] [hivemq] [f7e46eb7] INFO  - Clustering is enabled
2025-01-29 01:04:06,228 INFO c.h.h.t.HelmChartContainer - [test-hivemq-platform] [hivemq] [f7e46eb7] WARN  - [HiveMQ Platform Operator Init App 1.7.0-SNAPSHOT] Cannot connect to Health API for readiness: null
2025-01-29 01:04:06,234 INFO c.h.h.t.HelmChartContainer - [EVENT] Warning [Unhealthy] Readiness probe failed: HTTP probe failed with statuscode: 503 [helmvolumeclaimtemplatesit:test-hivemq-platform-0]
2025-01-29 01:04:06,234 INFO c.h.h.t.HelmChartContainer - Received Unhealthy event for container hivemq in pod test-hivemq-platform-0 [f7e46eb7-58b7-4ee9-b247-c76e68a97476]
2025-01-29 01:04:07,925 INFO c.h.h.t.HelmChartContainer - [test-hivemq-platform] [hivemq] [f7e46eb7] WARN  - [HiveMQ Platform Operator Init App 1.7.0-SNAPSHOT] Cannot connect to Health API for liveness: null
2025-01-29 01:04:07,925 INFO c.h.h.t.HelmChartContainer - [test-hivemq-platform] [hivemq] [f7e46eb7] INFO  - [HiveMQ Platform Operator Init App 1.7.0-SNAPSHOT] Returning default Health API response 200 for liveness
2025-01-29 01:04:11,007 INFO c.h.h.t.HelmChartContainer - [hivemq-test-hivemq-platform] [hivemq-platform-operator] [62b15f4a] 01:04:11.005 [pool-6-thread-44] DEBUG c.h.p.o.d.PlatformServiceResource - [helmvolu] Desired Platform services (3 services)
2025-01-29 01:04:11,007 INFO c.h.h.t.HelmChartContainer - [hivemq-test-hivemq-platform] [hivemq-platform-operator] [62b15f4a] 01:04:11.006 [pool-6-thread-47] DEBUG c.h.p.o.dependants.PodInfoConfigMap - [helmvolu] Desired PodInfo ConfigMap (1 extensions) (1 enabled)
2025-01-29 01:04:11,007 INFO c.h.h.t.HelmChartContainer - [hivemq-test-hivemq-platform] [hivemq-platform-operator] [62b15f4a] 01:04:11.006 [pool-6-thread-47] DEBUG c.h.p.o.dependants.PodInfoConfigMap - [helmvolu] Desired PodInfo ConfigMap (metrics port: 9399) (metrics path: /)
2025-01-29 01:04:11,007 INFO c.h.h.t.HelmChartContainer - [hivemq-test-hivemq-platform] [hivemq-platform-operator] [62b15f4a] 01:04:11.006 [pool-6-thread-47] DEBUG c.h.p.o.dependants.PodInfoConfigMap - [helmvolu] Desired PodInfo ConfigMap (extension state hash: -1817474005)
2025-01-29 01:04:11,007 INFO c.h.h.t.HelmChartContainer - [hivemq-test-hivemq-platform] [hivemq-platform-operator] [62b15f4a] 01:04:11.006 [pool-6-thread-45] DEBUG c.h.p.o.d.PodServiceAccountResource - [helmvolu] Desired PodServiceAccountResource (serviceAccountName: hivemq-platform-pod-test-hivemq-platform)
2025-01-29 01:04:11,009 INFO c.h.h.t.HelmChartContainer - [hivemq-test-hivemq-platform] [hivemq-platform-operator] [62b15f4a] 01:04:11.008 [pool-6-thread-44] DEBUG c.h.p.o.d.StatefulSetResource - [helmvolu] Desired StatefulSet (3 replicas) for status ROLLING_RESTART (RESTART_PODS_IN_PROGRESS)
2025-01-29 01:04:11,010 INFO c.h.h.t.HelmChartContainer - [hivemq-test-hivemq-platform] [hivemq-platform-operator] [62b15f4a] 01:04:11.010 [ReconcilerExecutor-hivemq-controller-122] INFO  c.h.p.o.HiveMQPlatformReconciler - [helmvolu] Reconciling HiveMQ Platform 'test-hivemq-platform' in namespace 'helmvolumeclaimtemplatesit'
2025-01-29 01:04:11,011 INFO c.h.h.t.HelmChartContainer - [hivemq-test-hivemq-platform] [hivemq-platform-operator] [62b15f4a] 01:04:11.010 [ReconcilerExecutor-hivemq-controller-122] DEBUG c.h.p.o.HiveMQPlatformReconciler - [helmvolu] Custom Resource Status ROLLING_RESTART - HiveMQ Platform is restarting Pods (rolling restart) (RESTART_PODS_IN_PROGRESS)
2025-01-29 01:04:11,011 INFO c.h.h.t.HelmChartContainer - [hivemq-test-hivemq-platform] [hivemq-platform-operator] [62b15f4a] 01:04:11.010 [ReconcilerExecutor-hivemq-controller-122] DEBUG c.h.p.o.HiveMQPlatformReconciler - [helmvolu] Custom Resource Spec (replicas: 2) (extensions: 1)
2025-01-29 01:04:11,011 INFO c.h.h.t.HelmChartContainer - [hivemq-test-hivemq-platform] [hivemq-platform-operator] [62b15f4a] 01:04:11.010 [ReconcilerExecutor-hivemq-controller-122] DEBUG c.h.p.o.HiveMQPlatformReconciler - [helmvolu] StatefulSet Status (revision: test-hivemq-platform-59475f86c9, replicas: 3, available: 2, ready: 2, current: 0, updated: 3)
2025-01-29 01:04:11,011 INFO c.h.h.t.HelmChartContainer - [hivemq-test-hivemq-platform] [hivemq-platform-operator] [62b15f4a] 01:04:11.010 [ReconcilerExecutor-hivemq-controller-122] DEBUG c.h.p.o.HiveMQPlatformReconciler - [helmvolu] StatefulSet Spec (replicas: 3, init containers: 1, containers: 1, volumes: 4)
2025-01-29 01:04:11,012 INFO c.h.h.t.HelmChartContainer - [hivemq-test-hivemq-platform] [hivemq-platform-operator] [62b15f4a] 01:04:11.012 [ReconcilerExecutor-hivemq-controller-122] DEBUG c.h.p.o.h.HiveMQPlatformReconcilerErrorHandler - [helmvolu] Pod 'test-hivemq-platform-2' phase Running
2025-01-29 01:04:11,013 INFO c.h.h.t.HelmChartContainer - [hivemq-test-hivemq-platform] [hivemq-platform-operator] [62b15f4a] 01:04:11.012 [ReconcilerExecutor-hivemq-controller-122] DEBUG c.h.p.o.h.HiveMQPlatformReconcilerErrorHandler - [helmvolu] Pod 'test-hivemq-platform-1' phase Running
2025-01-29 01:04:11,014 INFO c.h.h.t.HelmChartContainer - [hivemq-test-hivemq-platform] [hivemq-platform-operator] [62b15f4a] 01:04:11.013 [ReconcilerExecutor-hivemq-controller-122] DEBUG c.h.p.o.h.HiveMQPlatformReconcilerErrorHandler - [helmvolu] Pod 'test-hivemq-platform-0' phase Running
2025-01-29 01:04:11,014 INFO c.h.h.t.HelmChartContainer - [hivemq-test-hivemq-platform] [hivemq-platform-operator] [62b15f4a] 01:04:11.013 [ReconcilerExecutor-hivemq-controller-122] DEBUG c.h.p.o.h.HiveMQPlatformReconcilerRollingRestartHandler - [helmvolu] Rolling restart is waiting for 2 of 3 replicas
2025-01-29 01:04:11,027 INFO c.h.h.t.HelmChartContainer - [test-hivemq-platform] [hivemq] [f7e46eb7] WARN  - [HiveMQ Platform Operator Init App 1.7.0-SNAPSHOT] Cannot connect to Health API for readiness: null
2025-01-29 01:04:11,033 INFO c.h.h.t.HelmChartContainer - [EVENT] Warning [Unhealthy] Readiness probe failed: HTTP probe failed with statuscode: 503 [helmvolumeclaimtemplatesit:test-hivemq-platform-0]
2025-01-29 01:04:11,033 INFO c.h.h.t.HelmChartContainer - Received Unhealthy event for container hivemq in pod test-hivemq-platform-0 [f7e46eb7-58b7-4ee9-b247-c76e68a97476]
2025-01-29 01:04:16,025 INFO c.h.h.t.HelmChartContainer - [test-hivemq-platform] [hivemq] [f7e46eb7] WARN  - [HiveMQ Platform Operator Init App 1.7.0-SNAPSHOT] Cannot connect to Health API for readiness: null
2025-01-29 01:04:16,029 INFO c.h.h.t.HelmChartContainer - [EVENT] Warning [Unhealthy] Readiness probe failed: HTTP probe failed with statuscode: 503 [helmvolumeclaimtemplatesit:test-hivemq-platform-0]
2025-01-29 01:04:16,029 INFO c.h.h.t.HelmChartContainer - Received Unhealthy event for container hivemq in pod test-hivemq-platform-0 [f7e46eb7-58b7-4ee9-b247-c76e68a97476]
2025-01-29 01:04:16,722 INFO c.h.h.t.HelmChartContainer - [test-hivemq-platform] [hivemq] [f7e46eb7] INFO  - No valid license file found. Using trial license, restricted to 25 connections.
2025-01-29 01:04:19,926 INFO c.h.h.t.HelmChartContainer - [test-hivemq-platform] [hivemq] [f7e46eb7] INFO  - No valid license file for Data Hub found. Using free license, restricted to 1 policy.
2025-01-29 01:04:21,018 INFO c.h.h.t.HelmChartContainer - [hivemq-test-hivemq-platform] [hivemq-platform-operator] [62b15f4a] 01:04:21.016 [pool-6-thread-4] DEBUG c.h.p.o.dependants.PodInfoConfigMap - [helmvolu] Desired PodInfo ConfigMap (1 extensions) (1 enabled)
2025-01-29 01:04:21,018 INFO c.h.h.t.HelmChartContainer - [hivemq-test-hivemq-platform] [hivemq-platform-operator] [62b15f4a] 01:04:21.016 [pool-6-thread-9] DEBUG c.h.p.o.d.PodServiceAccountResource - [helmvolu] Desired PodServiceAccountResource (serviceAccountName: hivemq-platform-pod-test-hivemq-platform)
2025-01-29 01:04:21,018 INFO c.h.h.t.HelmChartContainer - [hivemq-test-hivemq-platform] [hivemq-platform-operator] [62b15f4a] 01:04:21.016 [pool-6-thread-4] DEBUG c.h.p.o.dependants.PodInfoConfigMap - [helmvolu] Desired PodInfo ConfigMap (metrics port: 9399) (metrics path: /)
2025-01-29 01:04:21,018 INFO c.h.h.t.HelmChartContainer - [hivemq-test-hivemq-platform] [hivemq-platform-operator] [62b15f4a] 01:04:21.016 [pool-6-thread-4] DEBUG c.h.p.o.dependants.PodInfoConfigMap - [helmvolu] Desired PodInfo ConfigMap (extension state hash: -1817474005)
2025-01-29 01:04:21,018 INFO c.h.h.t.HelmChartContainer - [hivemq-test-hivemq-platform] [hivemq-platform-operator] [62b15f4a] 01:04:21.016 [pool-6-thread-6] DEBUG c.h.p.o.d.PlatformServiceResource - [helmvolu] Desired Platform services (3 services)
2025-01-29 01:04:21,019 INFO c.h.h.t.HelmChartContainer - [hivemq-test-hivemq-platform] [hivemq-platform-operator] [62b15f4a] 01:04:21.019 [pool-6-thread-6] DEBUG c.h.p.o.d.StatefulSetResource - [helmvolu] Desired StatefulSet (3 replicas) for status ROLLING_RESTART (RESTART_PODS_IN_PROGRESS)
2025-01-29 01:04:21,025 INFO c.h.h.t.HelmChartContainer - [hivemq-test-hivemq-platform] [hivemq-platform-operator] [62b15f4a] 01:04:21.021 [ReconcilerExecutor-hivemq-controller-123] INFO  c.h.p.o.HiveMQPlatformReconciler - [helmvolu] Reconciling HiveMQ Platform 'test-hivemq-platform' in namespace 'helmvolumeclaimtemplatesit'
2025-01-29 01:04:21,025 INFO c.h.h.t.HelmChartContainer - [hivemq-test-hivemq-platform] [hivemq-platform-operator] [62b15f4a] 01:04:21.021 [ReconcilerExecutor-hivemq-controller-123] DEBUG c.h.p.o.HiveMQPlatformReconciler - [helmvolu] Custom Resource Status ROLLING_RESTART - HiveMQ Platform is restarting Pods (rolling restart) (RESTART_PODS_IN_PROGRESS)
2025-01-29 01:04:21,025 INFO c.h.h.t.HelmChartContainer - [hivemq-test-hivemq-platform] [hivemq-platform-operator] [62b15f4a] 01:04:21.021 [ReconcilerExecutor-hivemq-controller-123] DEBUG c.h.p.o.HiveMQPlatformReconciler - [helmvolu] Custom Resource Spec (replicas: 2) (extensions: 1)
2025-01-29 01:04:21,025 INFO c.h.h.t.HelmChartContainer - [hivemq-test-hivemq-platform] [hivemq-platform-operator] [62b15f4a] 01:04:21.022 [ReconcilerExecutor-hivemq-controller-123] DEBUG c.h.p.o.HiveMQPlatformReconciler - [helmvolu] StatefulSet Status (revision: test-hivemq-platform-59475f86c9, replicas: 3, available: 2, ready: 2, current: 0, updated: 3)
2025-01-29 01:04:21,025 INFO c.h.h.t.HelmChartContainer - [hivemq-test-hivemq-platform] [hivemq-platform-operator] [62b15f4a] 01:04:21.022 [ReconcilerExecutor-hivemq-controller-123] DEBUG c.h.p.o.HiveMQPlatformReconciler - [helmvolu] StatefulSet Spec (replicas: 3, init containers: 1, containers: 1, volumes: 4)
2025-01-29 01:04:21,025 INFO c.h.h.t.HelmChartContainer - [hivemq-test-hivemq-platform] [hivemq-platform-operator] [62b15f4a] 01:04:21.023 [ReconcilerExecutor-hivemq-controller-123] DEBUG c.h.p.o.h.HiveMQPlatformReconcilerErrorHandler - [helmvolu] Pod 'test-hivemq-platform-2' phase Running
2025-01-29 01:04:21,026 INFO c.h.h.t.HelmChartContainer - [hivemq-test-hivemq-platform] [hivemq-platform-operator] [62b15f4a] 01:04:21.026 [ReconcilerExecutor-hivemq-controller-123] DEBUG c.h.p.o.h.HiveMQPlatformReconcilerErrorHandler - [helmvolu] Pod 'test-hivemq-platform-1' phase Running
2025-01-29 01:04:21,027 INFO c.h.h.t.HelmChartContainer - [test-hivemq-platform] [hivemq] [f7e46eb7] WARN  - [HiveMQ Platform Operator Init App 1.7.0-SNAPSHOT] Cannot connect to Health API for readiness: null
2025-01-29 01:04:21,031 INFO c.h.h.t.HelmChartContainer - [hivemq-test-hivemq-platform] [hivemq-platform-operator] [62b15f4a] 01:04:21.028 [ReconcilerExecutor-hivemq-controller-123] DEBUG c.h.p.o.h.HiveMQPlatformReconcilerErrorHandler - [helmvolu] Pod 'test-hivemq-platform-0' phase Running
2025-01-29 01:04:21,031 INFO c.h.h.t.HelmChartContainer - [hivemq-test-hivemq-platform] [hivemq-platform-operator] [62b15f4a] 01:04:21.028 [ReconcilerExecutor-hivemq-controller-123] DEBUG c.h.p.o.h.HiveMQPlatformReconcilerRollingRestartHandler - [helmvolu] Rolling restart is waiting for 2 of 3 replicas
2025-01-29 01:04:21,037 INFO c.h.h.t.HelmChartContainer - [EVENT] Warning [Unhealthy] Readiness probe failed: HTTP probe failed with statuscode: 503 [helmvolumeclaimtemplatesit:test-hivemq-platform-0]
2025-01-29 01:04:21,037 INFO c.h.h.t.HelmChartContainer - Received Unhealthy event for container hivemq in pod test-hivemq-platform-0 [f7e46eb7-58b7-4ee9-b247-c76e68a97476]
2025-01-29 01:04:21,131 INFO c.h.h.t.HelmChartContainer - [test-hivemq-platform] [hivemq] [f7e46eb7] INFO  - Audit Logger started.
2025-01-29 01:04:21,425 INFO c.h.h.t.HelmChartContainer - [test-hivemq-platform] [hivemq] [f7e46eb7] INFO  - This node uses '1' CPU cores.
2025-01-29 01:04:21,459 INFO c.h.h.t.HelmChartContainer - [test-hivemq-platform] [hivemq] [f7e46eb7] INFO  - Starting HiveMQ Health API on address 0.0.0.0 and port 8889
2025-01-29 01:04:22,224 INFO c.h.h.t.HelmChartContainer - [test-hivemq-platform] [hivemq] [f7e46eb7] INFO  - Started HiveMQ Health API in 765ms
2025-01-29 01:04:22,764 INFO c.h.h.t.HelmChartContainer - [test-hivemq-platform] [hivemq] [f7e46eb7] INFO  - Starting HiveMQ extension system.
2025-01-29 01:04:23,059 INFO c.h.h.t.HelmChartContainer - [test-hivemq-platform] [hivemq] [f7e46eb7] INFO  - Starting extension with id "hivemq-dns-cluster-discovery" at /opt/hivemq/extensions/hivemq-dns-cluster-discovery
2025-01-29 01:04:23,666 INFO c.h.h.t.HelmChartContainer - [test-hivemq-platform] [hivemq] [f7e46eb7] INFO  - Using TCP cluster transport on address 10.42.0.15 and port 7000
2025-01-29 01:04:23,725 INFO c.h.h.t.HelmChartContainer - [test-hivemq-platform] [hivemq] [f7e46eb7] INFO  - Using extension cluster discovery
2025-01-29 01:04:23,760 INFO c.h.h.t.HelmChartContainer - [test-hivemq-platform] [hivemq] [f7e46eb7] INFO  - Extension "DNS Cluster Discovery Extension" version 4.3.2 started successfully.
2025-01-29 01:04:23,760 INFO c.h.h.t.HelmChartContainer - [test-hivemq-platform] [hivemq] [f7e46eb7] INFO  - Starting extension with id "hivemq-prometheus-extension" at /opt/hivemq/extensions/hivemq-prometheus-extension
2025-01-29 01:04:24,564 INFO c.h.h.t.HelmChartContainer - [test-hivemq-platform] [hivemq] [f7e46eb7] INFO  - Started Jetty Server exposing Prometheus Servlet on URI http://0.0.0.0:9399/
2025-01-29 01:04:24,565 INFO c.h.h.t.HelmChartContainer - [test-hivemq-platform] [hivemq] [f7e46eb7] INFO  - Extension "Prometheus Monitoring Extension" version 4.0.12 started successfully.
2025-01-29 01:04:24,565 INFO c.h.h.t.HelmChartContainer - [test-hivemq-platform] [hivemq] [f7e46eb7] INFO  - Starting extension with id "hivemq-allow-all-extension" at /opt/hivemq/extensions/hivemq-allow-all-extension
2025-01-29 01:04:24,565 INFO c.h.h.t.HelmChartContainer - [test-hivemq-platform] [hivemq] [f7e46eb7] WARN  - 
2025-01-29 01:04:24,565 INFO c.h.h.t.HelmChartContainer - [test-hivemq-platform] [hivemq] [f7e46eb7] ################################################################################################################
2025-01-29 01:04:24,565 INFO c.h.h.t.HelmChartContainer - [test-hivemq-platform] [hivemq] [f7e46eb7] # This HiveMQ deployment is not secure! You are lacking Authentication and Authorization.                      #
2025-01-29 01:04:24,565 INFO c.h.h.t.HelmChartContainer - [test-hivemq-platform] [hivemq] [f7e46eb7] # Right now any MQTT client can connect to the broker with a full set of permissions.                          #
2025-01-29 01:04:24,565 INFO c.h.h.t.HelmChartContainer - [test-hivemq-platform] [hivemq] [f7e46eb7] # For production usage, add an appropriate security extension and remove the hivemq-allow-all extension.       #
2025-01-29 01:04:24,565 INFO c.h.h.t.HelmChartContainer - [test-hivemq-platform] [hivemq] [f7e46eb7] # You can download security extensions from the HiveMQ Marketplace (https://www.hivemq.com/extensions/).       #
2025-01-29 01:04:24,565 INFO c.h.h.t.HelmChartContainer - [test-hivemq-platform] [hivemq] [f7e46eb7] ################################################################################################################
2025-01-29 01:04:24,623 INFO c.h.h.t.HelmChartContainer - [test-hivemq-platform] [hivemq] [f7e46eb7] INFO  - Extension "Allow All Extension" version 1.1.1 started successfully.
2025-01-29 01:04:24,833 INFO c.h.h.t.HelmChartContainer - [test-hivemq-platform] [hivemq] [89ea2ea8] INFO  - Cluster nodes found by discovery: [gkHSz|6] (3) [gkHSz, dWMlC, DIswx].
2025-01-29 01:04:24,835 INFO c.h.h.t.HelmChartContainer - [test-hivemq-platform] [hivemq] [2318d085] INFO  - Cluster nodes found by discovery: [gkHSz|6] (3) [gkHSz, dWMlC, DIswx].
2025-01-29 01:04:24,927 INFO c.h.h.t.HelmChartContainer - [test-hivemq-platform] [hivemq] [f7e46eb7] INFO  - Cluster nodes found by discovery: [gkHSz|6] (3) [gkHSz, dWMlC, DIswx].
2025-01-29 01:04:25,059 INFO c.h.h.t.HelmChartContainer - [test-hivemq-platform] [hivemq] [f7e46eb7] INFO  - Cluster size = 1, members : [dWMlC].
2025-01-29 01:04:25,124 INFO c.h.h.t.HelmChartContainer - [test-hivemq-platform] [hivemq] [f7e46eb7] INFO  - Cluster size = 2, members : [gkHSz, dWMlC].
2025-01-29 01:04:25,362 INFO c.h.h.t.HelmChartContainer - [test-hivemq-platform] [hivemq] [f7e46eb7] INFO  - Starting cluster join process. This may take a while. Please do not shut down HiveMQ.
2025-01-29 01:04:25,364 INFO c.h.h.t.HelmChartContainer - [test-hivemq-platform] [hivemq] [f7e46eb7] INFO  - Cluster join process is still ongoing. Please do not shut down HiveMQ.
2025-01-29 01:04:26,461 INFO c.h.h.t.HelmChartContainer - [test-hivemq-platform] [hivemq] [f7e46eb7] INFO  - [HiveMQ Platform Operator Init App 1.7.0-SNAPSHOT] Returning Health API response 503 for readiness
2025-01-29 01:04:26,466 INFO c.h.h.t.HelmChartContainer - [EVENT] Warning [Unhealthy] Readiness probe failed: HTTP probe failed with statuscode: 503 [helmvolumeclaimtemplatesit:test-hivemq-platform-0]
2025-01-29 01:04:26,466 INFO c.h.h.t.HelmChartContainer - Received Unhealthy event for container hivemq in pod test-hivemq-platform-0 [f7e46eb7-58b7-4ee9-b247-c76e68a97476]
2025-01-29 01:04:27,373 INFO c.h.h.t.HelmChartContainer - [test-hivemq-platform] [hivemq] [89ea2ea8] INFO  - Cluster size = 3, members : [gkHSz, dWMlC, DIswx].
2025-01-29 01:04:27,379 INFO c.h.h.t.HelmChartContainer - [test-hivemq-platform] [hivemq] [2318d085] INFO  - Cluster size = 3, members : [gkHSz, dWMlC, DIswx].
2025-01-29 01:04:27,384 INFO c.h.h.t.HelmChartContainer - [test-hivemq-platform] [hivemq] [f7e46eb7] INFO  - Cluster size = 3, members : [gkHSz, dWMlC, DIswx].
2025-01-29 01:04:27,391 INFO c.h.h.t.HelmChartContainer - [test-hivemq-platform] [hivemq] [f7e46eb7] INFO  - Finished cluster join process successfully.
2025-01-29 01:04:27,461 INFO c.h.h.t.HelmChartContainer - [test-hivemq-platform] [hivemq] [f7e46eb7] WARN  - No user for HiveMQ Control Center configured. Starting with default user
2025-01-29 01:04:27,462 INFO c.h.h.t.HelmChartContainer - [test-hivemq-platform] [hivemq] [f7e46eb7] INFO  - Starting HiveMQ Control Center on address 0.0.0.0 and port 8080
2025-01-29 01:04:27,464 INFO c.h.h.t.HelmChartContainer - [test-hivemq-platform] [hivemq] [f7e46eb7] INFO  - Mounting HiveMQ Control Center V2 Preview
2025-01-29 01:04:28,167 INFO c.h.h.t.HelmChartContainer - [test-hivemq-platform] [hivemq] [f7e46eb7] INFO  - Started HiveMQ Control Center in 707ms
2025-01-29 01:04:28,261 INFO c.h.h.t.HelmChartContainer - [test-hivemq-platform] [hivemq] [f7e46eb7] INFO  - Starting TCP listener on address 0.0.0.0 and port 1884
2025-01-29 01:04:28,276 INFO c.h.h.t.HelmChartContainer - [test-hivemq-platform] [hivemq] [f7e46eb7] INFO  - Started TCP Listener on address 0.0.0.0 and on port 1884.
2025-01-29 01:04:28,276 INFO c.h.h.t.HelmChartContainer - [test-hivemq-platform] [hivemq] [f7e46eb7] INFO  - Started HiveMQ in 26938ms
2025-01-29 01:04:30,980 INFO c.h.h.t.HelmChartContainer - [test-hivemq-platform] [hivemq] [f7e46eb7] INFO  - [HiveMQ Platform Operator Init App 1.7.0-SNAPSHOT] Returning Health API response 200 for readiness
2025-01-29 01:04:30,988 INFO c.h.h.t.HelmChartContainer - [POD] test-hivemq-platform-0 [f7e46eb7-58b7-4ee9-b247-c76e68a97476] in helmvolumeclaimtemplatesit was MODIFIED
2025-01-29 01:04:30,995 INFO c.h.h.t.HelmChartContainer - [hivemq-test-hivemq-platform] [hivemq-platform-operator] [62b15f4a] 01:04:30.994 [pool-6-thread-14] DEBUG c.h.p.o.d.PlatformServiceResource - [helmvolu] Desired Platform services (3 services)
2025-01-29 01:04:30,999 INFO c.h.h.t.HelmChartContainer - [hivemq-test-hivemq-platform] [hivemq-platform-operator] [62b15f4a] 01:04:30.997 [pool-6-thread-14] DEBUG c.h.p.o.dependants.PodInfoConfigMap - [helmvolu] Desired PodInfo ConfigMap (1 extensions) (1 enabled)
2025-01-29 01:04:31,006 INFO c.h.h.t.HelmChartContainer - [hivemq-test-hivemq-platform] [hivemq-platform-operator] [62b15f4a] 01:04:31.001 [pool-6-thread-14] DEBUG c.h.p.o.dependants.PodInfoConfigMap - [helmvolu] Desired PodInfo ConfigMap (metrics port: 9399) (metrics path: /)
2025-01-29 01:04:31,006 INFO c.h.h.t.HelmChartContainer - [hivemq-test-hivemq-platform] [hivemq-platform-operator] [62b15f4a] 01:04:31.001 [pool-6-thread-14] DEBUG c.h.p.o.dependants.PodInfoConfigMap - [helmvolu] Desired PodInfo ConfigMap (extension state hash: -1817474005)
2025-01-29 01:04:31,006 INFO c.h.h.t.HelmChartContainer - [hivemq-test-hivemq-platform] [hivemq-platform-operator] [62b15f4a] 01:04:30.998 [pool-6-thread-11] DEBUG c.h.p.o.d.PodServiceAccountResource - [helmvolu] Desired PodServiceAccountResource (serviceAccountName: hivemq-platform-pod-test-hivemq-platform)
2025-01-29 01:04:31,006 INFO c.h.h.t.HelmChartContainer - [hivemq-test-hivemq-platform] [hivemq-platform-operator] [62b15f4a] 01:04:31.003 [pool-6-thread-14] DEBUG c.h.p.o.d.StatefulSetResource - [helmvolu] Desired StatefulSet (3 replicas) for status ROLLING_RESTART (RESTART_PODS_IN_PROGRESS)
2025-01-29 01:04:31,010 INFO c.h.h.t.HelmChartContainer - [hivemq-test-hivemq-platform] [hivemq-platform-operator] [62b15f4a] 01:04:31.005 [ReconcilerExecutor-hivemq-controller-124] INFO  c.h.p.o.HiveMQPlatformReconciler - [helmvolu] Reconciling HiveMQ Platform 'test-hivemq-platform' in namespace 'helmvolumeclaimtemplatesit'
2025-01-29 01:04:31,011 INFO c.h.h.t.HelmChartContainer - [hivemq-test-hivemq-platform] [hivemq-platform-operator] [62b15f4a] 01:04:31.005 [ReconcilerExecutor-hivemq-controller-124] DEBUG c.h.p.o.HiveMQPlatformReconciler - [helmvolu] Custom Resource Status ROLLING_RESTART - HiveMQ Platform is restarting Pods (rolling restart) (RESTART_PODS_IN_PROGRESS)
2025-01-29 01:04:31,011 INFO c.h.h.t.HelmChartContainer - [hivemq-test-hivemq-platform] [hivemq-platform-operator] [62b15f4a] 01:04:31.005 [ReconcilerExecutor-hivemq-controller-124] DEBUG c.h.p.o.HiveMQPlatformReconciler - [helmvolu] Custom Resource Spec (replicas: 2) (extensions: 1)
2025-01-29 01:04:31,011 INFO c.h.h.t.HelmChartContainer - [hivemq-test-hivemq-platform] [hivemq-platform-operator] [62b15f4a] 01:04:31.006 [ReconcilerExecutor-hivemq-controller-124] DEBUG c.h.p.o.HiveMQPlatformReconciler - [helmvolu] StatefulSet Status (revision: test-hivemq-platform-59475f86c9, replicas: 3, available: 2, ready: 2, current: 0, updated: 3)
2025-01-29 01:04:31,011 INFO c.h.h.t.HelmChartContainer - [hivemq-test-hivemq-platform] [hivemq-platform-operator] [62b15f4a] 01:04:31.006 [ReconcilerExecutor-hivemq-controller-124] DEBUG c.h.p.o.HiveMQPlatformReconciler - [helmvolu] StatefulSet Spec (replicas: 3, init containers: 1, containers: 1, volumes: 4)
2025-01-29 01:04:31,011 INFO c.h.h.t.HelmChartContainer - [hivemq-test-hivemq-platform] [hivemq-platform-operator] [62b15f4a] 01:04:31.007 [ReconcilerExecutor-hivemq-controller-124] DEBUG c.h.p.o.h.HiveMQPlatformReconcilerErrorHandler - [helmvolu] Pod 'test-hivemq-platform-2' phase Running
2025-01-29 01:04:31,011 INFO c.h.h.t.HelmChartContainer - [hivemq-test-hivemq-platform] [hivemq-platform-operator] [62b15f4a] 01:04:31.008 [ReconcilerExecutor-hivemq-controller-124] DEBUG c.h.p.o.h.HiveMQPlatformReconcilerErrorHandler - [helmvolu] Pod 'test-hivemq-platform-1' phase Running
2025-01-29 01:04:31,012 INFO c.h.h.t.HelmChartContainer - [hivemq-test-hivemq-platform] [hivemq-platform-operator] [62b15f4a] 01:04:31.008 [ReconcilerExecutor-hivemq-controller-124] DEBUG c.h.p.o.h.HiveMQPlatformReconcilerErrorHandler - [helmvolu] Pod 'test-hivemq-platform-0' phase Running
2025-01-29 01:04:31,012 INFO c.h.h.t.HelmChartContainer - [hivemq-test-hivemq-platform] [hivemq-platform-operator] [62b15f4a] 01:04:31.009 [ReconcilerExecutor-hivemq-controller-124] DEBUG c.h.p.o.h.HiveMQPlatformReconcilerRollingRestartHandler - [helmvolu] Rolling restart is waiting for 2 of 3 replicas
2025-01-29 01:04:31,014 INFO c.h.h.t.HelmChartContainer - [hivemq-test-hivemq-platform] [hivemq-platform-operator] [62b15f4a] 01:04:31.011 [pool-6-thread-25] DEBUG c.h.p.o.d.PlatformServiceResource - [helmvolu] Desired Platform services (3 services)
2025-01-29 01:04:31,014 INFO c.h.h.t.HelmChartContainer - [hivemq-test-hivemq-platform] [hivemq-platform-operator] [62b15f4a] 01:04:31.012 [pool-6-thread-23] DEBUG c.h.p.o.d.PodServiceAccountResource - [helmvolu] Desired PodServiceAccountResource (serviceAccountName: hivemq-platform-pod-test-hivemq-platform)
2025-01-29 01:04:31,014 INFO c.h.h.t.HelmChartContainer - [hivemq-test-hivemq-platform] [hivemq-platform-operator] [62b15f4a] 01:04:31.012 [pool-6-thread-21] DEBUG c.h.p.o.dependants.PodInfoConfigMap - [helmvolu] Desired PodInfo ConfigMap (1 extensions) (1 enabled)
2025-01-29 01:04:31,014 INFO c.h.h.t.HelmChartContainer - [hivemq-test-hivemq-platform] [hivemq-platform-operator] [62b15f4a] 01:04:31.013 [pool-6-thread-21] DEBUG c.h.p.o.dependants.PodInfoConfigMap - [helmvolu] Desired PodInfo ConfigMap (metrics port: 9399) (metrics path: /)
2025-01-29 01:04:31,014 INFO c.h.h.t.HelmChartContainer - [hivemq-test-hivemq-platform] [hivemq-platform-operator] [62b15f4a] 01:04:31.013 [pool-6-thread-21] DEBUG c.h.p.o.dependants.PodInfoConfigMap - [helmvolu] Desired PodInfo ConfigMap (extension state hash: -1817474005)
2025-01-29 01:04:31,016 INFO c.h.h.t.HelmChartContainer - [hivemq-test-hivemq-platform] [hivemq-platform-operator] [62b15f4a] 01:04:31.016 [pool-6-thread-25] DEBUG c.h.p.o.d.StatefulSetResource - [helmvolu] Desired StatefulSet (3 replicas) for status ROLLING_RESTART (RESTART_PODS_IN_PROGRESS)
2025-01-29 01:04:31,019 INFO c.h.h.t.HelmChartContainer - [hivemq-test-hivemq-platform] [hivemq-platform-operator] [62b15f4a] 01:04:31.018 [ReconcilerExecutor-hivemq-controller-124] INFO  c.h.p.o.HiveMQPlatformReconciler - [helmvolu] Reconciling HiveMQ Platform 'test-hivemq-platform' in namespace 'helmvolumeclaimtemplatesit'
2025-01-29 01:04:31,019 INFO c.h.h.t.HelmChartContainer - [hivemq-test-hivemq-platform] [hivemq-platform-operator] [62b15f4a] 01:04:31.018 [ReconcilerExecutor-hivemq-controller-124] DEBUG c.h.p.o.HiveMQPlatformReconciler - [helmvolu] Custom Resource Status ROLLING_RESTART - HiveMQ Platform is restarting Pods (rolling restart) (RESTART_PODS_IN_PROGRESS)
2025-01-29 01:04:31,019 INFO c.h.h.t.HelmChartContainer - [hivemq-test-hivemq-platform] [hivemq-platform-operator] [62b15f4a] 01:04:31.018 [ReconcilerExecutor-hivemq-controller-124] DEBUG c.h.p.o.HiveMQPlatformReconciler - [helmvolu] Custom Resource Spec (replicas: 2) (extensions: 1)
2025-01-29 01:04:31,019 INFO c.h.h.t.HelmChartContainer - [hivemq-test-hivemq-platform] [hivemq-platform-operator] [62b15f4a] 01:04:31.019 [ReconcilerExecutor-hivemq-controller-124] DEBUG c.h.p.o.HiveMQPlatformReconciler - [helmvolu] StatefulSet Status (revision: test-hivemq-platform-59475f86c9, replicas: 3, available: 3, ready: 3, current: 0, updated: 3)
2025-01-29 01:04:31,020 INFO c.h.h.t.HelmChartContainer - [hivemq-test-hivemq-platform] [hivemq-platform-operator] [62b15f4a] 01:04:31.019 [ReconcilerExecutor-hivemq-controller-124] DEBUG c.h.p.o.HiveMQPlatformReconciler - [helmvolu] StatefulSet Spec (replicas: 3, init containers: 1, containers: 1, volumes: 4)
2025-01-29 01:04:31,021 INFO c.h.h.t.HelmChartContainer - [hivemq-test-hivemq-platform] [hivemq-platform-operator] [62b15f4a] 01:04:31.020 [ReconcilerExecutor-hivemq-controller-124] DEBUG c.h.p.o.h.HiveMQPlatformReconcilerErrorHandler - [helmvolu] Pod 'test-hivemq-platform-2' phase Running
2025-01-29 01:04:31,022 INFO c.h.h.t.HelmChartContainer - [hivemq-test-hivemq-platform] [hivemq-platform-operator] [62b15f4a] 01:04:31.021 [ReconcilerExecutor-hivemq-controller-124] DEBUG c.h.p.o.h.HiveMQPlatformReconcilerErrorHandler - [helmvolu] Pod 'test-hivemq-platform-1' phase Running
2025-01-29 01:04:31,023 INFO c.h.h.t.HelmChartContainer - [hivemq-test-hivemq-platform] [hivemq-platform-operator] [62b15f4a] 01:04:31.022 [ReconcilerExecutor-hivemq-controller-124] DEBUG c.h.p.o.h.HiveMQPlatformReconcilerErrorHandler - [helmvolu] Pod 'test-hivemq-platform-0' phase Running
2025-01-29 01:04:31,083 INFO c.h.h.t.HelmChartContainer - [hivemq-test-hivemq-platform] [hivemq-platform-operator] [62b15f4a] 01:04:31.082 [ReconcilerExecutor-hivemq-controller-124] DEBUG c.h.p.o.h.HiveMQPlatformReconcilerRollingRestartHandler - [helmvolu] Skipping Pod test-hivemq-platform-2 as it's already on the controller update revision (update revision: test-hivemq-platform-59475f86c9, pod revision: test-hivemq-platform-59475f86c9)
2025-01-29 01:04:31,086 INFO c.h.h.t.HelmChartContainer - [hivemq-test-hivemq-platform] [hivemq-platform-operator] [62b15f4a] 01:04:31.086 [ReconcilerExecutor-hivemq-controller-124] DEBUG c.h.p.o.h.HiveMQPlatformReconcilerRollingRestartHandler - [helmvolu] Skipping Pod test-hivemq-platform-1 as it's already on the controller update revision (update revision: test-hivemq-platform-59475f86c9, pod revision: test-hivemq-platform-59475f86c9)
2025-01-29 01:04:31,090 INFO c.h.h.t.HelmChartContainer - [hivemq-test-hivemq-platform] [hivemq-platform-operator] [62b15f4a] 01:04:31.089 [ReconcilerExecutor-hivemq-controller-124] DEBUG c.h.p.o.h.HiveMQPlatformReconcilerRollingRestartHandler - [helmvolu] Skipping Pod test-hivemq-platform-0 as it's already on the controller update revision (update revision: test-hivemq-platform-59475f86c9, pod revision: test-hivemq-platform-59475f86c9)
2025-01-29 01:04:31,090 INFO c.h.h.t.HelmChartContainer - [hivemq-test-hivemq-platform] [hivemq-platform-operator] [62b15f4a] 01:04:31.089 [ReconcilerExecutor-hivemq-controller-124] INFO  c.h.p.o.h.HiveMQPlatformReconcilerRollingRestartHandler - [helmvolu] Stopping surge Pod
2025-01-29 01:04:31,101 INFO c.h.h.t.HelmChartContainer - [hivemq-test-hivemq-platform] [hivemq-platform-operator] [62b15f4a] 01:04:31.100 [ReconcilerExecutor-hivemq-controller-124] DEBUG c.h.p.operator.event.EventSender - [helmvolu] Creating K8s event rolling-restart-scale-down-in-progress: [RollingRestart] HiveMQ Platform is stopping the surge Pod (rolling restart)
2025-01-29 01:04:31,104 INFO c.h.h.t.HelmChartContainer - [EVENT] Normal [RollingRestart] HiveMQ Platform is stopping the surge Pod (rolling restart) [helmvolumeclaimtemplatesit:test-hivemq-platform]
2025-01-29 01:04:31,105 INFO c.h.h.t.HelmChartContainer - [hivemq-test-hivemq-platform] [hivemq-platform-operator] [62b15f4a] 01:04:31.104 [ReconcilerExecutor-hivemq-controller-124] INFO  c.h.p.o.h.AbstractHiveMQReconcilerStateHandler - [helmvolu] Update HiveMQ Platform Status (ROLLING_RESTART [RESTART_PODS_IN_PROGRESS] -> ROLLING_RESTART [SCALE_DOWN_IN_PROGRESS]): HiveMQ Platform is stopping the surge Pod (rolling restart)
2025-01-29 01:04:31,111 DEBUG com.hivemq.helmcharts.util.K8sUtil - Comparing actual state 'ROLLING_RESTART' and waiting for 'RUNNING'
2025-01-29 01:04:35,988 INFO c.h.h.t.HelmChartContainer - [K3S] [range_allocator.go:247] "Successfully synced" key="dacb2472075c"
2025-01-29 01:04:37,901 INFO c.h.h.t.HelmChartContainer - [test-hivemq-platform] [hivemq] [f7e46eb7] INFO  - [HiveMQ Platform Operator Init App 1.7.0-SNAPSHOT] Returning Health API response 200 for liveness
2025-01-29 01:04:41,117 INFO c.h.h.t.HelmChartContainer - [hivemq-test-hivemq-platform] [hivemq-platform-operator] [62b15f4a] 01:04:41.114 [pool-6-thread-34] DEBUG c.h.p.o.d.PlatformServiceResource - [helmvolu] Desired Platform services (3 services)
2025-01-29 01:04:41,117 INFO c.h.h.t.HelmChartContainer - [hivemq-test-hivemq-platform] [hivemq-platform-operator] [62b15f4a] 01:04:41.114 [pool-6-thread-38] DEBUG c.h.p.o.dependants.PodInfoConfigMap - [helmvolu] Desired PodInfo ConfigMap (1 extensions) (1 enabled)
2025-01-29 01:04:41,117 INFO c.h.h.t.HelmChartContainer - [hivemq-test-hivemq-platform] [hivemq-platform-operator] [62b15f4a] 01:04:41.114 [pool-6-thread-38] DEBUG c.h.p.o.dependants.PodInfoConfigMap - [helmvolu] Desired PodInfo ConfigMap (metrics port: 9399) (metrics path: /)
2025-01-29 01:04:41,117 INFO c.h.h.t.HelmChartContainer - [hivemq-test-hivemq-platform] [hivemq-platform-operator] [62b15f4a] 01:04:41.114 [pool-6-thread-38] DEBUG c.h.p.o.dependants.PodInfoConfigMap - [helmvolu] Desired PodInfo ConfigMap (extension state hash: -1817474005)
2025-01-29 01:04:41,117 INFO c.h.h.t.HelmChartContainer - [hivemq-test-hivemq-platform] [hivemq-platform-operator] [62b15f4a] 01:04:41.114 [pool-6-thread-37] DEBUG c.h.p.o.d.PodServiceAccountResource - [helmvolu] Desired PodServiceAccountResource (serviceAccountName: hivemq-platform-pod-test-hivemq-platform)
2025-01-29 01:04:41,117 INFO c.h.h.t.HelmChartContainer - [hivemq-test-hivemq-platform] [hivemq-platform-operator] [62b15f4a] 01:04:41.115 [pool-6-thread-38] DEBUG c.h.p.o.dependants.PodInfoConfigMap - [helmvolu] Update PodInfo ConfigMap
2025-01-29 01:04:41,123 INFO c.h.h.t.HelmChartContainer - [hivemq-test-hivemq-platform] [hivemq-platform-operator] [62b15f4a] 01:04:41.122 [pool-6-thread-38] DEBUG c.h.p.o.d.StatefulSetResource - [helmvolu] Desired StatefulSet (2 replicas) for status ROLLING_RESTART (SCALE_DOWN_IN_PROGRESS)
2025-01-29 01:04:41,125 INFO c.h.h.t.HelmChartContainer - [hivemq-test-hivemq-platform] [hivemq-platform-operator] [62b15f4a] 01:04:41.124 [pool-6-thread-38] DEBUG c.h.p.o.d.StatefulSetResource - [helmvolu] Update StatefulSet (replicas: 3 -> 2)
2025-01-29 01:04:41,151 INFO c.h.h.t.HelmChartContainer - [POD] test-hivemq-platform-2 [89ea2ea8-ab21-464f-9287-68649e40129e] in helmvolumeclaimtemplatesit was MODIFIED
2025-01-29 01:04:41,159 INFO c.h.h.t.HelmChartContainer - [EVENT] Normal [Killing] Stopping container hivemq [helmvolumeclaimtemplatesit:test-hivemq-platform-2]
2025-01-29 01:04:41,159 INFO c.h.h.t.HelmChartContainer - Received Killing event for container hivemq in pod test-hivemq-platform-2 [89ea2ea8-ab21-464f-9287-68649e40129e]
2025-01-29 01:04:41,159 INFO c.h.h.t.HelmChartContainer - Container [test-hivemq-platform-2] [hivemq] [89ea2ea8-ab21-464f-9287-68649e40129e] was terminated
2025-01-29 01:04:41,159 INFO c.h.h.t.HelmChartContainer - Stopped log watcher for hivemq in pod test-hivemq-platform-2 [89ea2ea8-ab21-464f-9287-68649e40129e]
2025-01-29 01:04:41,164 INFO c.h.h.t.HelmChartContainer - [test-hivemq-platform] [hivemq] [89ea2ea8] INFO  - [HiveMQ Platform Operator Init App 1.7.0-SNAPSHOT] Shutting down
2025-01-29 01:04:41,164 INFO c.h.h.t.HelmChartContainer - [test-hivemq-platform] [hivemq] [89ea2ea8] INFO  - [HiveMQ Platform Operator Init App 1.7.0-SNAPSHOT] Stopping the HiveMQ Platform
2025-01-29 01:04:41,166 INFO c.h.h.t.HelmChartContainer - [EVENT] Normal [SuccessfulDelete] delete Pod test-hivemq-platform-2 in StatefulSet test-hivemq-platform successful [helmvolumeclaimtemplatesit:test-hivemq-platform]
2025-01-29 01:04:41,185 INFO c.h.h.t.HelmChartContainer - [hivemq-test-hivemq-platform] [hivemq-platform-operator] [62b15f4a] 01:04:41.182 [ReconcilerExecutor-hivemq-controller-126] INFO  c.h.p.o.HiveMQPlatformReconciler - [helmvolu] Reconciling HiveMQ Platform 'test-hivemq-platform' in namespace 'helmvolumeclaimtemplatesit'
2025-01-29 01:04:41,187 INFO c.h.h.t.HelmChartContainer - [hivemq-test-hivemq-platform] [hivemq-platform-operator] [62b15f4a] 01:04:41.183 [ReconcilerExecutor-hivemq-controller-126] DEBUG c.h.p.o.HiveMQPlatformReconciler - [helmvolu] Custom Resource Status ROLLING_RESTART - HiveMQ Platform is stopping the surge Pod (rolling restart) (SCALE_DOWN_IN_PROGRESS)
2025-01-29 01:04:41,187 INFO c.h.h.t.HelmChartContainer - [hivemq-test-hivemq-platform] [hivemq-platform-operator] [62b15f4a] 01:04:41.183 [ReconcilerExecutor-hivemq-controller-126] DEBUG c.h.p.o.HiveMQPlatformReconciler - [helmvolu] Custom Resource Spec (replicas: 2) (extensions: 1)
2025-01-29 01:04:41,187 INFO c.h.h.t.HelmChartContainer - [hivemq-test-hivemq-platform] [hivemq-platform-operator] [62b15f4a] 01:04:41.186 [ReconcilerExecutor-hivemq-controller-126] DEBUG c.h.p.o.HiveMQPlatformReconciler - [helmvolu] StatefulSet Status (revision: test-hivemq-platform-59475f86c9, replicas: 3, available: 3, ready: 3, current: 0, updated: 3)
2025-01-29 01:04:41,188 INFO c.h.h.t.HelmChartContainer - [hivemq-test-hivemq-platform] [hivemq-platform-operator] [62b15f4a] 01:04:41.186 [ReconcilerExecutor-hivemq-controller-126] DEBUG c.h.p.o.HiveMQPlatformReconciler - [helmvolu] StatefulSet Spec (replicas: 2, init containers: 1, containers: 1, volumes: 4)
2025-01-29 01:04:41,188 INFO c.h.h.t.HelmChartContainer - [hivemq-test-hivemq-platform] [hivemq-platform-operator] [62b15f4a] 01:04:41.187 [ReconcilerExecutor-hivemq-controller-126] DEBUG c.h.p.o.h.HiveMQPlatformReconcilerErrorHandler - [helmvolu] Pod 'test-hivemq-platform-1' phase Running
2025-01-29 01:04:41,191 INFO c.h.h.t.HelmChartContainer - [hivemq-test-hivemq-platform] [hivemq-platform-operator] [62b15f4a] 01:04:41.188 [ReconcilerExecutor-hivemq-controller-126] DEBUG c.h.p.o.h.HiveMQPlatformReconcilerErrorHandler - [helmvolu] Pod 'test-hivemq-platform-0' phase Running
2025-01-29 01:04:41,191 INFO c.h.h.t.HelmChartContainer - [hivemq-test-hivemq-platform] [hivemq-platform-operator] [62b15f4a] 01:04:41.189 [ReconcilerExecutor-hivemq-controller-126] DEBUG c.h.p.o.h.HiveMQPlatformReconcilerRollingRestartHandler - [helmvolu] Rolling restart is waiting for 3 of 2 replicas
2025-01-29 01:04:41,193 INFO c.h.h.t.HelmChartContainer - [hivemq-test-hivemq-platform] [hivemq-platform-operator] [62b15f4a] 01:04:41.192 [pool-6-thread-47] DEBUG c.h.p.o.d.PlatformServiceResource - [helmvolu] Desired Platform services (3 services)
2025-01-29 01:04:41,194 INFO c.h.h.t.HelmChartContainer - [hivemq-test-hivemq-platform] [hivemq-platform-operator] [62b15f4a] 01:04:41.194 [pool-6-thread-43] DEBUG c.h.p.o.dependants.PodInfoConfigMap - [helmvolu] Desired PodInfo ConfigMap (1 extensions) (1 enabled)
2025-01-29 01:04:41,195 INFO c.h.h.t.HelmChartContainer - [hivemq-test-hivemq-platform] [hivemq-platform-operator] [62b15f4a] 01:04:41.195 [pool-6-thread-43] DEBUG c.h.p.o.dependants.PodInfoConfigMap - [helmvolu] Desired PodInfo ConfigMap (metrics port: 9399) (metrics path: /)
2025-01-29 01:04:41,196 INFO c.h.h.t.HelmChartContainer - [hivemq-test-hivemq-platform] [hivemq-platform-operator] [62b15f4a] 01:04:41.194 [pool-6-thread-41] DEBUG c.h.p.o.d.PodServiceAccountResource - [helmvolu] Desired PodServiceAccountResource (serviceAccountName: hivemq-platform-pod-test-hivemq-platform)
2025-01-29 01:04:41,196 INFO c.h.h.t.HelmChartContainer - [hivemq-test-hivemq-platform] [hivemq-platform-operator] [62b15f4a] 01:04:41.195 [pool-6-thread-43] DEBUG c.h.p.o.dependants.PodInfoConfigMap - [helmvolu] Desired PodInfo ConfigMap (extension state hash: -1817474005)
2025-01-29 01:04:41,198 INFO c.h.h.t.HelmChartContainer - [hivemq-test-hivemq-platform] [hivemq-platform-operator] [62b15f4a] 01:04:41.197 [pool-6-thread-43] DEBUG c.h.p.o.d.StatefulSetResource - [helmvolu] Desired StatefulSet (2 replicas) for status ROLLING_RESTART (SCALE_DOWN_IN_PROGRESS)
2025-01-29 01:04:41,201 INFO c.h.h.t.HelmChartContainer - [hivemq-test-hivemq-platform] [hivemq-platform-operator] [62b15f4a] 01:04:41.200 [ReconcilerExecutor-hivemq-controller-127] INFO  c.h.p.o.HiveMQPlatformReconciler - [helmvolu] Reconciling HiveMQ Platform 'test-hivemq-platform' in namespace 'helmvolumeclaimtemplatesit'
2025-01-29 01:04:41,201 INFO c.h.h.t.HelmChartContainer - [hivemq-test-hivemq-platform] [hivemq-platform-operator] [62b15f4a] 01:04:41.200 [ReconcilerExecutor-hivemq-controller-127] DEBUG c.h.p.o.HiveMQPlatformReconciler - [helmvolu] Custom Resource Status ROLLING_RESTART - HiveMQ Platform is stopping the surge Pod (rolling restart) (SCALE_DOWN_IN_PROGRESS)
2025-01-29 01:04:41,201 INFO c.h.h.t.HelmChartContainer - [hivemq-test-hivemq-platform] [hivemq-platform-operator] [62b15f4a] 01:04:41.200 [ReconcilerExecutor-hivemq-controller-127] DEBUG c.h.p.o.HiveMQPlatformReconciler - [helmvolu] Custom Resource Spec (replicas: 2) (extensions: 1)
2025-01-29 01:04:41,201 INFO c.h.h.t.HelmChartContainer - [hivemq-test-hivemq-platform] [hivemq-platform-operator] [62b15f4a] 01:04:41.201 [ReconcilerExecutor-hivemq-controller-127] DEBUG c.h.p.o.HiveMQPlatformReconciler - [helmvolu] StatefulSet Status (revision: test-hivemq-platform-59475f86c9, replicas: 3, available: 3, ready: 3, current: 0, updated: 2)
2025-01-29 01:04:41,201 INFO c.h.h.t.HelmChartContainer - [hivemq-test-hivemq-platform] [hivemq-platform-operator] [62b15f4a] 01:04:41.201 [ReconcilerExecutor-hivemq-controller-127] DEBUG c.h.p.o.HiveMQPlatformReconciler - [helmvolu] StatefulSet Spec (replicas: 2, init containers: 1, containers: 1, volumes: 4)
2025-01-29 01:04:41,203 INFO c.h.h.t.HelmChartContainer - [hivemq-test-hivemq-platform] [hivemq-platform-operator] [62b15f4a] 01:04:41.203 [ReconcilerExecutor-hivemq-controller-127] DEBUG c.h.p.o.h.HiveMQPlatformReconcilerErrorHandler - [helmvolu] Pod 'test-hivemq-platform-1' phase Running
2025-01-29 01:04:41,204 INFO c.h.h.t.HelmChartContainer - [hivemq-test-hivemq-platform] [hivemq-platform-operator] [62b15f4a] 01:04:41.204 [ReconcilerExecutor-hivemq-controller-127] DEBUG c.h.p.o.h.HiveMQPlatformReconcilerErrorHandler - [helmvolu] Pod 'test-hivemq-platform-0' phase Running
2025-01-29 01:04:41,205 INFO c.h.h.t.HelmChartContainer - [hivemq-test-hivemq-platform] [hivemq-platform-operator] [62b15f4a] 01:04:41.204 [ReconcilerExecutor-hivemq-controller-127] DEBUG c.h.p.o.h.HiveMQPlatformReconcilerRollingRestartHandler - [helmvolu] Rolling restart is waiting for 3 of 2 replicas
2025-01-29 01:04:41,208 INFO c.h.h.t.HelmChartContainer - [hivemq-test-hivemq-platform] [hivemq-platform-operator] [62b15f4a] 01:04:41.206 [pool-6-thread-4] DEBUG c.h.p.o.d.PlatformServiceResource - [helmvolu] Desired Platform services (3 services)
2025-01-29 01:04:41,208 INFO c.h.h.t.HelmChartContainer - [hivemq-test-hivemq-platform] [hivemq-platform-operator] [62b15f4a] 01:04:41.207 [pool-6-thread-5] DEBUG c.h.p.o.d.PodServiceAccountResource - [helmvolu] Desired PodServiceAccountResource (serviceAccountName: hivemq-platform-pod-test-hivemq-platform)
2025-01-29 01:04:41,209 INFO c.h.h.t.HelmChartContainer - [hivemq-test-hivemq-platform] [hivemq-platform-operator] [62b15f4a] 01:04:41.208 [pool-6-thread-8] DEBUG c.h.p.o.dependants.PodInfoConfigMap - [helmvolu] Desired PodInfo ConfigMap (1 extensions) (1 enabled)
2025-01-29 01:04:41,209 INFO c.h.h.t.HelmChartContainer - [hivemq-test-hivemq-platform] [hivemq-platform-operator] [62b15f4a] 01:04:41.208 [pool-6-thread-8] DEBUG c.h.p.o.dependants.PodInfoConfigMap - [helmvolu] Desired PodInfo ConfigMap (metrics port: 9399) (metrics path: /)
2025-01-29 01:04:41,209 INFO c.h.h.t.HelmChartContainer - [hivemq-test-hivemq-platform] [hivemq-platform-operator] [62b15f4a] 01:04:41.208 [pool-6-thread-8] DEBUG c.h.p.o.dependants.PodInfoConfigMap - [helmvolu] Desired PodInfo ConfigMap (extension state hash: -1817474005)
2025-01-29 01:04:41,212 INFO c.h.h.t.HelmChartContainer - [hivemq-test-hivemq-platform] [hivemq-platform-operator] [62b15f4a] 01:04:41.211 [pool-6-thread-9] DEBUG c.h.p.o.d.StatefulSetResource - [helmvolu] Desired StatefulSet (2 replicas) for status ROLLING_RESTART (SCALE_DOWN_IN_PROGRESS)
2025-01-29 01:04:41,283 INFO c.h.h.t.HelmChartContainer - [hivemq-test-hivemq-platform] [hivemq-platform-operator] [62b15f4a] 01:04:41.281 [ReconcilerExecutor-hivemq-controller-128] INFO  c.h.p.o.HiveMQPlatformReconciler - [helmvolu] Reconciling HiveMQ Platform 'test-hivemq-platform' in namespace 'helmvolumeclaimtemplatesit'
2025-01-29 01:04:41,283 INFO c.h.h.t.HelmChartContainer - [hivemq-test-hivemq-platform] [hivemq-platform-operator] [62b15f4a] 01:04:41.281 [ReconcilerExecutor-hivemq-controller-128] DEBUG c.h.p.o.HiveMQPlatformReconciler - [helmvolu] Custom Resource Status ROLLING_RESTART - HiveMQ Platform is stopping the surge Pod (rolling restart) (SCALE_DOWN_IN_PROGRESS)
2025-01-29 01:04:41,283 INFO c.h.h.t.HelmChartContainer - [hivemq-test-hivemq-platform] [hivemq-platform-operator] [62b15f4a] 01:04:41.281 [ReconcilerExecutor-hivemq-controller-128] DEBUG c.h.p.o.HiveMQPlatformReconciler - [helmvolu] Custom Resource Spec (replicas: 2) (extensions: 1)
2025-01-29 01:04:41,284 INFO c.h.h.t.HelmChartContainer - [test-hivemq-platform] [hivemq] [89ea2ea8] INFO  - Shutting down HiveMQ. Please wait, this could take a while...
2025-01-29 01:04:41,285 INFO c.h.h.t.HelmChartContainer - [hivemq-test-hivemq-platform] [hivemq-platform-operator] [62b15f4a] 01:04:41.284 [ReconcilerExecutor-hivemq-controller-128] DEBUG c.h.p.o.HiveMQPlatformReconciler - [helmvolu] StatefulSet Status (revision: test-hivemq-platform-59475f86c9, replicas: 3, available: 3, ready: 3, current: 0, updated: 2)
2025-01-29 01:04:41,285 INFO c.h.h.t.HelmChartContainer - [hivemq-test-hivemq-platform] [hivemq-platform-operator] [62b15f4a] 01:04:41.284 [ReconcilerExecutor-hivemq-controller-128] DEBUG c.h.p.o.HiveMQPlatformReconciler - [helmvolu] StatefulSet Spec (replicas: 2, init containers: 1, containers: 1, volumes: 4)
2025-01-29 01:04:41,287 INFO c.h.h.t.HelmChartContainer - [hivemq-test-hivemq-platform] [hivemq-platform-operator] [62b15f4a] 01:04:41.286 [ReconcilerExecutor-hivemq-controller-128] DEBUG c.h.p.o.h.HiveMQPlatformReconcilerErrorHandler - [helmvolu] Pod 'test-hivemq-platform-1' phase Running
2025-01-29 01:04:41,288 INFO c.h.h.t.HelmChartContainer - [hivemq-test-hivemq-platform] [hivemq-platform-operator] [62b15f4a] 01:04:41.287 [ReconcilerExecutor-hivemq-controller-128] DEBUG c.h.p.o.h.HiveMQPlatformReconcilerErrorHandler - [helmvolu] Pod 'test-hivemq-platform-0' phase Running
2025-01-29 01:04:41,289 INFO c.h.h.t.HelmChartContainer - [hivemq-test-hivemq-platform] [hivemq-platform-operator] [62b15f4a] 01:04:41.288 [ReconcilerExecutor-hivemq-controller-128] DEBUG c.h.p.o.h.HiveMQPlatformReconcilerRollingRestartHandler - [helmvolu] Rolling restart is waiting for 3 of 2 replicas
2025-01-29 01:04:41,373 INFO c.h.h.t.HelmChartContainer - [test-hivemq-platform] [hivemq] [89ea2ea8] INFO  - Shutting down listeners and clients
2025-01-29 01:04:41,373 INFO c.h.h.t.HelmChartContainer - [test-hivemq-platform] [hivemq] [89ea2ea8] INFO  - Shutdown of listeners is done
2025-01-29 01:04:41,373 INFO c.h.h.t.HelmChartContainer - [test-hivemq-platform] [hivemq] [89ea2ea8] INFO  - No clients are connected, proceeding with shutdown
2025-01-29 01:04:44,292 INFO c.h.h.t.HelmChartContainer - [test-hivemq-platform] [hivemq] [89ea2ea8] INFO  - [HiveMQ Platform Operator Init App 1.7.0-SNAPSHOT] Returning shutdown Health API response 503 for readiness
2025-01-29 01:04:44,296 INFO c.h.h.t.HelmChartContainer - [EVENT] Warning [Unhealthy] Readiness probe failed: HTTP probe failed with statuscode: 503 [helmvolumeclaimtemplatesit:test-hivemq-platform-2]
2025-01-29 01:04:44,297 INFO c.h.h.t.HelmChartContainer - Received Unhealthy event for container hivemq in pod test-hivemq-platform-2 [89ea2ea8-ab21-464f-9287-68649e40129e]
2025-01-29 01:04:44,789 INFO c.h.h.t.HelmChartContainer - [test-hivemq-platform] [hivemq] [89ea2ea8] INFO  - Shutting down extension system
2025-01-29 01:04:44,796 INFO c.h.h.t.HelmChartContainer - [test-hivemq-platform] [hivemq] [89ea2ea8] INFO  - Stopping extension with id hivemq-dns-cluster-discovery
2025-01-29 01:04:44,797 INFO c.h.h.t.HelmChartContainer - [test-hivemq-platform] [hivemq] [89ea2ea8] INFO  - Extension "DNS Cluster Discovery Extension" version 4.3.2 stopped successfully.
2025-01-29 01:04:44,797 INFO c.h.h.t.HelmChartContainer - [test-hivemq-platform] [hivemq] [89ea2ea8] INFO  - Stopping extension with id hivemq-prometheus-extension
2025-01-29 01:04:44,801 INFO c.h.h.t.HelmChartContainer - [test-hivemq-platform] [hivemq] [89ea2ea8] INFO  - Extension "Prometheus Monitoring Extension" version 4.0.12 stopped successfully.
2025-01-29 01:04:44,802 INFO c.h.h.t.HelmChartContainer - [test-hivemq-platform] [hivemq] [89ea2ea8] INFO  - Stopping extension with id hivemq-allow-all-extension
2025-01-29 01:04:44,802 INFO c.h.h.t.HelmChartContainer - [test-hivemq-platform] [hivemq] [89ea2ea8] INFO  - Extension "Allow All Extension" version 1.1.1 stopped successfully.
2025-01-29 01:04:44,808 INFO c.h.h.t.HelmChartContainer - [test-hivemq-platform] [hivemq] [2318d085] INFO  - Cluster nodes found by discovery: [dWMlC|7] (2) [dWMlC, DIswx].
2025-01-29 01:04:44,817 INFO c.h.h.t.HelmChartContainer - [test-hivemq-platform] [hivemq] [2318d085] INFO  - Cluster size = 2, members : [dWMlC, DIswx].
2025-01-29 01:04:44,819 INFO c.h.h.t.HelmChartContainer - [test-hivemq-platform] [hivemq] [f7e46eb7] INFO  - Cluster nodes found by discovery: [dWMlC|7] (2) [dWMlC, DIswx].
2025-01-29 01:04:44,820 INFO c.h.h.t.HelmChartContainer - [test-hivemq-platform] [hivemq] [f7e46eb7] INFO  - Cluster size = 2, members : [dWMlC, DIswx].
2025-01-29 01:04:44,831 INFO c.h.h.t.HelmChartContainer - [test-hivemq-platform] [hivemq] [2318d085] INFO  - Starting cluster replication process. This may take a while. Please do not shut down HiveMQ.
2025-01-29 01:04:44,836 INFO c.h.h.t.HelmChartContainer - [test-hivemq-platform] [hivemq] [f7e46eb7] INFO  - Starting cluster replication process. This may take a while. Please do not shut down HiveMQ.
2025-01-29 01:04:45,127 INFO c.h.h.t.HelmChartContainer - [test-hivemq-platform] [hivemq] [2318d085] INFO  - Finished cluster replication successfully in 296 ms.
2025-01-29 01:04:45,163 INFO c.h.h.t.HelmChartContainer - [test-hivemq-platform] [hivemq] [f7e46eb7] INFO  - Finished cluster replication successfully in 326 ms.
2025-01-29 01:04:47,144 INFO c.h.h.t.HelmChartContainer - [test-hivemq-platform] [hivemq] [89ea2ea8] INFO  - Shutdown completed.
2025-01-29 01:04:47,494 INFO c.h.h.t.HelmChartContainer - [test-hivemq-platform] [hivemq] [89ea2ea8] INFO  - [HiveMQ Platform Operator Init App 1.7.0-SNAPSHOT] The HiveMQ Platform exited with code 143
2025-01-29 01:04:47,494 INFO c.h.h.t.HelmChartContainer - [test-hivemq-platform] [hivemq] [89ea2ea8] INFO  - [HiveMQ Platform Operator Init App 1.7.0-SNAPSHOT] Stopping the REST API
2025-01-29 01:04:47,502 INFO c.h.h.t.HelmChartContainer - [test-hivemq-platform] [hivemq] [89ea2ea8] INFO  - [HiveMQ Platform Operator Init App 1.7.0-SNAPSHOT] Shutdown complete
2025-01-29 01:04:47,992 INFO c.h.h.t.HelmChartContainer - [POD] test-hivemq-platform-2 [89ea2ea8-ab21-464f-9287-68649e40129e] in helmvolumeclaimtemplatesit was MODIFIED
2025-01-29 01:04:47,998 INFO c.h.h.t.HelmChartContainer - [hivemq-test-hivemq-platform] [hivemq-platform-operator] [62b15f4a] 01:04:47.997 [pool-6-thread-16] DEBUG c.h.p.o.d.PlatformServiceResource - [helmvolu] Desired Platform services (3 services)
2025-01-29 01:04:48,001 INFO c.h.h.t.HelmChartContainer - [hivemq-test-hivemq-platform] [hivemq-platform-operator] [62b15f4a] 01:04:47.998 [pool-6-thread-20] DEBUG c.h.p.o.dependants.PodInfoConfigMap - [helmvolu] Desired PodInfo ConfigMap (1 extensions) (1 enabled)
2025-01-29 01:04:48,001 INFO c.h.h.t.HelmChartContainer - [hivemq-test-hivemq-platform] [hivemq-platform-operator] [62b15f4a] 01:04:47.998 [pool-6-thread-20] DEBUG c.h.p.o.dependants.PodInfoConfigMap - [helmvolu] Desired PodInfo ConfigMap (metrics port: 9399) (metrics path: /)
2025-01-29 01:04:48,001 INFO c.h.h.t.HelmChartContainer - [hivemq-test-hivemq-platform] [hivemq-platform-operator] [62b15f4a] 01:04:47.998 [pool-6-thread-20] DEBUG c.h.p.o.dependants.PodInfoConfigMap - [helmvolu] Desired PodInfo ConfigMap (extension state hash: -1817474005)
2025-01-29 01:04:48,004 INFO c.h.h.t.HelmChartContainer - [hivemq-test-hivemq-platform] [hivemq-platform-operator] [62b15f4a] 01:04:48.000 [pool-6-thread-17] DEBUG c.h.p.o.d.PodServiceAccountResource - [helmvolu] Desired PodServiceAccountResource (serviceAccountName: hivemq-platform-pod-test-hivemq-platform)
2025-01-29 01:04:48,010 INFO c.h.h.t.HelmChartContainer - [hivemq-test-hivemq-platform] [hivemq-platform-operator] [62b15f4a] 01:04:48.005 [pool-6-thread-16] DEBUG c.h.p.o.d.StatefulSetResource - [helmvolu] Desired StatefulSet (2 replicas) for status ROLLING_RESTART (SCALE_DOWN_IN_PROGRESS)
2025-01-29 01:04:48,013 INFO c.h.h.t.HelmChartContainer - [hivemq-test-hivemq-platform] [hivemq-platform-operator] [62b15f4a] 01:04:48.008 [ReconcilerExecutor-hivemq-controller-129] INFO  c.h.p.o.HiveMQPlatformReconciler - [helmvolu] Reconciling HiveMQ Platform 'test-hivemq-platform' in namespace 'helmvolumeclaimtemplatesit'
2025-01-29 01:04:48,013 INFO c.h.h.t.HelmChartContainer - [hivemq-test-hivemq-platform] [hivemq-platform-operator] [62b15f4a] 01:04:48.008 [ReconcilerExecutor-hivemq-controller-129] DEBUG c.h.p.o.HiveMQPlatformReconciler - [helmvolu] Custom Resource Status ROLLING_RESTART - HiveMQ Platform is stopping the surge Pod (rolling restart) (SCALE_DOWN_IN_PROGRESS)
2025-01-29 01:04:48,013 INFO c.h.h.t.HelmChartContainer - [hivemq-test-hivemq-platform] [hivemq-platform-operator] [62b15f4a] 01:04:48.008 [ReconcilerExecutor-hivemq-controller-129] DEBUG c.h.p.o.HiveMQPlatformReconciler - [helmvolu] Custom Resource Spec (replicas: 2) (extensions: 1)
2025-01-29 01:04:48,013 INFO c.h.h.t.HelmChartContainer - [hivemq-test-hivemq-platform] [hivemq-platform-operator] [62b15f4a] 01:04:48.009 [ReconcilerExecutor-hivemq-controller-129] DEBUG c.h.p.o.HiveMQPlatformReconciler - [helmvolu] StatefulSet Status (revision: test-hivemq-platform-59475f86c9, replicas: 3, available: 3, ready: 3, current: 0, updated: 2)
2025-01-29 01:04:48,013 INFO c.h.h.t.HelmChartContainer - [hivemq-test-hivemq-platform] [hivemq-platform-operator] [62b15f4a] 01:04:48.009 [ReconcilerExecutor-hivemq-controller-129] DEBUG c.h.p.o.HiveMQPlatformReconciler - [helmvolu] StatefulSet Spec (replicas: 2, init containers: 1, containers: 1, volumes: 4)
2025-01-29 01:04:48,013 INFO c.h.h.t.HelmChartContainer - [hivemq-test-hivemq-platform] [hivemq-platform-operator] [62b15f4a] 01:04:48.010 [ReconcilerExecutor-hivemq-controller-129] DEBUG c.h.p.o.h.HiveMQPlatformReconcilerErrorHandler - [helmvolu] Pod 'test-hivemq-platform-1' phase Running
2025-01-29 01:04:48,014 INFO c.h.h.t.HelmChartContainer - [hivemq-test-hivemq-platform] [hivemq-platform-operator] [62b15f4a] 01:04:48.011 [ReconcilerExecutor-hivemq-controller-129] DEBUG c.h.p.o.h.HiveMQPlatformReconcilerErrorHandler - [helmvolu] Pod 'test-hivemq-platform-0' phase Running
2025-01-29 01:04:48,014 INFO c.h.h.t.HelmChartContainer - [hivemq-test-hivemq-platform] [hivemq-platform-operator] [62b15f4a] 01:04:48.012 [ReconcilerExecutor-hivemq-controller-129] DEBUG c.h.p.o.h.HiveMQPlatformReconcilerRollingRestartHandler - [helmvolu] Rolling restart is waiting for 3 of 2 replicas
2025-01-29 01:04:48,021 INFO c.h.h.t.HelmChartContainer - [hivemq-test-hivemq-platform] [hivemq-platform-operator] [62b15f4a] 01:04:48.020 [pool-6-thread-23] DEBUG c.h.p.o.d.PlatformServiceResource - [helmvolu] Desired Platform services (3 services)
2025-01-29 01:04:48,021 INFO c.h.h.t.HelmChartContainer - [hivemq-test-hivemq-platform] [hivemq-platform-operator] [62b15f4a] 01:04:48.020 [pool-6-thread-24] DEBUG c.h.p.o.d.PodServiceAccountResource - [helmvolu] Desired PodServiceAccountResource (serviceAccountName: hivemq-platform-pod-test-hivemq-platform)
2025-01-29 01:04:48,022 INFO c.h.h.t.HelmChartContainer - [hivemq-test-hivemq-platform] [hivemq-platform-operator] [62b15f4a] 01:04:48.021 [pool-6-thread-29] DEBUG c.h.p.o.dependants.PodInfoConfigMap - [helmvolu] Desired PodInfo ConfigMap (1 extensions) (1 enabled)
2025-01-29 01:04:48,023 INFO c.h.h.t.HelmChartContainer - [hivemq-test-hivemq-platform] [hivemq-platform-operator] [62b15f4a] 01:04:48.021 [pool-6-thread-29] DEBUG c.h.p.o.dependants.PodInfoConfigMap - [helmvolu] Desired PodInfo ConfigMap (metrics port: 9399) (metrics path: /)
2025-01-29 01:04:48,023 INFO c.h.h.t.HelmChartContainer - [hivemq-test-hivemq-platform] [hivemq-platform-operator] [62b15f4a] 01:04:48.021 [pool-6-thread-29] DEBUG c.h.p.o.dependants.PodInfoConfigMap - [helmvolu] Desired PodInfo ConfigMap (extension state hash: -1817474005)
2025-01-29 01:04:48,025 INFO c.h.h.t.HelmChartContainer - [hivemq-test-hivemq-platform] [hivemq-platform-operator] [62b15f4a] 01:04:48.023 [pool-6-thread-23] DEBUG c.h.p.o.d.StatefulSetResource - [helmvolu] Desired StatefulSet (2 replicas) for status ROLLING_RESTART (SCALE_DOWN_IN_PROGRESS)
2025-01-29 01:04:48,027 INFO c.h.h.t.HelmChartContainer - [hivemq-test-hivemq-platform] [hivemq-platform-operator] [62b15f4a] 01:04:48.026 [ReconcilerExecutor-hivemq-controller-130] INFO  c.h.p.o.HiveMQPlatformReconciler - [helmvolu] Reconciling HiveMQ Platform 'test-hivemq-platform' in namespace 'helmvolumeclaimtemplatesit'
2025-01-29 01:04:48,027 INFO c.h.h.t.HelmChartContainer - [hivemq-test-hivemq-platform] [hivemq-platform-operator] [62b15f4a] 01:04:48.026 [ReconcilerExecutor-hivemq-controller-130] DEBUG c.h.p.o.HiveMQPlatformReconciler - [helmvolu] Custom Resource Status ROLLING_RESTART - HiveMQ Platform is stopping the surge Pod (rolling restart) (SCALE_DOWN_IN_PROGRESS)
2025-01-29 01:04:48,027 INFO c.h.h.t.HelmChartContainer - [hivemq-test-hivemq-platform] [hivemq-platform-operator] [62b15f4a] 01:04:48.026 [ReconcilerExecutor-hivemq-controller-130] DEBUG c.h.p.o.HiveMQPlatformReconciler - [helmvolu] Custom Resource Spec (replicas: 2) (extensions: 1)
2025-01-29 01:04:48,028 INFO c.h.h.t.HelmChartContainer - [hivemq-test-hivemq-platform] [hivemq-platform-operator] [62b15f4a] 01:04:48.027 [ReconcilerExecutor-hivemq-controller-130] DEBUG c.h.p.o.HiveMQPlatformReconciler - [helmvolu] StatefulSet Status (revision: test-hivemq-platform-59475f86c9, replicas: 3, available: 2, ready: 2, current: 0, updated: 2)
2025-01-29 01:04:48,028 INFO c.h.h.t.HelmChartContainer - [hivemq-test-hivemq-platform] [hivemq-platform-operator] [62b15f4a] 01:04:48.027 [ReconcilerExecutor-hivemq-controller-130] DEBUG c.h.p.o.HiveMQPlatformReconciler - [helmvolu] StatefulSet Spec (replicas: 2, init containers: 1, containers: 1, volumes: 4)
2025-01-29 01:04:48,029 INFO c.h.h.t.HelmChartContainer - [hivemq-test-hivemq-platform] [hivemq-platform-operator] [62b15f4a] 01:04:48.028 [ReconcilerExecutor-hivemq-controller-130] DEBUG c.h.p.o.h.HiveMQPlatformReconcilerErrorHandler - [helmvolu] Pod 'test-hivemq-platform-1' phase Running
2025-01-29 01:04:48,030 INFO c.h.h.t.HelmChartContainer - [hivemq-test-hivemq-platform] [hivemq-platform-operator] [62b15f4a] 01:04:48.029 [ReconcilerExecutor-hivemq-controller-130] DEBUG c.h.p.o.h.HiveMQPlatformReconcilerErrorHandler - [helmvolu] Pod 'test-hivemq-platform-0' phase Running
2025-01-29 01:04:48,030 INFO c.h.h.t.HelmChartContainer - [hivemq-test-hivemq-platform] [hivemq-platform-operator] [62b15f4a] 01:04:48.030 [ReconcilerExecutor-hivemq-controller-130] INFO  c.h.p.o.h.HiveMQPlatformReconcilerRollingRestartHandler - [helmvolu] Rolling restart is done
2025-01-29 01:04:48,083 INFO c.h.h.t.HelmChartContainer - [EVENT] Normal [Ready] HiveMQ Platform is ready [helmvolumeclaimtemplatesit:test-hivemq-platform]
2025-01-29 01:04:48,084 INFO c.h.h.t.HelmChartContainer - [hivemq-test-hivemq-platform] [hivemq-platform-operator] [62b15f4a] 01:04:48.083 [ReconcilerExecutor-hivemq-controller-130] DEBUG c.h.p.operator.event.EventSender - [helmvolu] Updating K8s event hivemq-platform-ready: [Ready] HiveMQ Platform is ready
2025-01-29 01:04:48,085 INFO c.h.h.t.HelmChartContainer - [K3S] [reconciler_common.go:162] "operationExecutor.UnmountVolume started for volume \"hivemq-pvc-data\" (UniqueName: \"kubernetes.io/local-volume/pvc-c3bd48cf-f607-4a1c-a00e-f4bdfb4b8271\") pod \"89ea2ea8-ab21-464f-9287-68649e40129e\" (UID: \"89ea2ea8-ab21-464f-9287-68649e40129e\") "
2025-01-29 01:04:48,086 INFO c.h.h.t.HelmChartContainer - [hivemq-test-hivemq-platform] [hivemq-platform-operator] [62b15f4a] 01:04:48.083 [ReconcilerExecutor-hivemq-controller-130] INFO  c.h.p.o.h.AbstractHiveMQReconcilerStateHandler - [helmvolu] Update HiveMQ Platform Status (ROLLING_RESTART [SCALE_DOWN_IN_PROGRESS] -> RUNNING [READY]): HiveMQ Platform is ready
2025-01-29 01:04:48,086 INFO c.h.h.t.HelmChartContainer - [K3S] [reconciler_common.go:162] "operationExecutor.UnmountVolume started for volume \"operator-init\" (UniqueName: \"kubernetes.io/empty-dir/89ea2ea8-ab21-464f-9287-68649e40129e-operator-init\") pod \"89ea2ea8-ab21-464f-9287-68649e40129e\" (UID: \"89ea2ea8-ab21-464f-9287-68649e40129e\") "
2025-01-29 01:04:48,086 INFO c.h.h.t.HelmChartContainer - [K3S] [reconciler_common.go:162] "operationExecutor.UnmountVolume started for volume \"pod-info\" (UniqueName: \"kubernetes.io/configmap/89ea2ea8-ab21-464f-9287-68649e40129e-pod-info\") pod \"89ea2ea8-ab21-464f-9287-68649e40129e\" (UID: \"89ea2ea8-ab21-464f-9287-68649e40129e\") "
2025-01-29 01:04:48,086 INFO c.h.h.t.HelmChartContainer - [K3S] [reconciler_common.go:162] "operationExecutor.UnmountVolume started for volume \"kube-api-access-tw8m7\" (UniqueName: \"kubernetes.io/projected/89ea2ea8-ab21-464f-9287-68649e40129e-kube-api-access-tw8m7\") pod \"89ea2ea8-ab21-464f-9287-68649e40129e\" (UID: \"89ea2ea8-ab21-464f-9287-68649e40129e\") "
2025-01-29 01:04:48,086 INFO c.h.h.t.HelmChartContainer - [K3S] [reconciler_common.go:162] "operationExecutor.UnmountVolume started for volume \"broker-configuration\" (UniqueName: \"kubernetes.io/configmap/89ea2ea8-ab21-464f-9287-68649e40129e-broker-configuration\") pod \"89ea2ea8-ab21-464f-9287-68649e40129e\" (UID: \"89ea2ea8-ab21-464f-9287-68649e40129e\") "
2025-01-29 01:04:48,092 DEBUG com.hivemq.helmcharts.util.K8sUtil - Comparing actual state 'RUNNING' and waiting for 'RUNNING'
2025-01-29 01:04:48,185 INFO c.h.h.t.HelmChartContainer - [K3S] [reconciler_common.go:299] "Volume detached for volume \"operator-init\" (UniqueName: \"kubernetes.io/empty-dir/89ea2ea8-ab21-464f-9287-68649e40129e-operator-init\") on node \"dacb2472075c\" DevicePath \"\""
2025-01-29 01:04:48,185 INFO c.h.h.t.HelmChartContainer - [K3S] [reconciler_common.go:299] "Volume detached for volume \"pod-info\" (UniqueName: \"kubernetes.io/configmap/89ea2ea8-ab21-464f-9287-68649e40129e-pod-info\") on node \"dacb2472075c\" DevicePath \"\""
2025-01-29 01:04:48,185 INFO c.h.h.t.HelmChartContainer - [K3S] [reconciler_common.go:299] "Volume detached for volume \"kube-api-access-tw8m7\" (UniqueName: \"kubernetes.io/projected/89ea2ea8-ab21-464f-9287-68649e40129e-kube-api-access-tw8m7\") on node \"dacb2472075c\" DevicePath \"\""
2025-01-29 01:04:48,185 INFO c.h.h.t.HelmChartContainer - [K3S] [reconciler_common.go:299] "Volume detached for volume \"broker-configuration\" (UniqueName: \"kubernetes.io/configmap/89ea2ea8-ab21-464f-9287-68649e40129e-broker-configuration\") on node \"dacb2472075c\" DevicePath \"\""
2025-01-29 01:04:48,185 INFO c.h.h.t.HelmChartContainer - [K3S] [reconciler_common.go:292] "operationExecutor.UnmountDevice started for volume \"pvc-c3bd48cf-f607-4a1c-a00e-f4bdfb4b8271\" (UniqueName: \"kubernetes.io/local-volume/pvc-c3bd48cf-f607-4a1c-a00e-f4bdfb4b8271\") on node \"dacb2472075c\" "
2025-01-29 01:04:48,285 INFO c.h.h.t.HelmChartContainer - [K3S] [reconciler_common.go:299] "Volume detached for volume \"pvc-c3bd48cf-f607-4a1c-a00e-f4bdfb4b8271\" (UniqueName: \"kubernetes.io/local-volume/pvc-c3bd48cf-f607-4a1c-a00e-f4bdfb4b8271\") on node \"dacb2472075c\" DevicePath \"\""
2025-01-29 01:04:48,643 INFO c.h.h.t.HelmChartContainer - [K3S] [scope.go:117] "RemoveContainer" containerID="8b8bf8c38ffbf46b73e15d104d6b8c49cd7b57eb58cb566f8575da29499816da"
2025-01-29 01:04:48,654 INFO c.h.h.t.HelmChartContainer - [K3S] [scope.go:117] "RemoveContainer" containerID="e16d7697b2072d7da10783c98f1333c790b066c1ff71ed1feaf3d27c52542e80"
2025-01-29 01:04:48,657 INFO c.h.h.t.HelmChartContainer - [K3S] [scope.go:117] "RemoveContainer" containerID="8b8bf8c38ffbf46b73e15d104d6b8c49cd7b57eb58cb566f8575da29499816da"
2025-01-29 01:04:48,658 INFO c.h.h.t.HelmChartContainer - [K3S] [scope.go:117] "RemoveContainer" containerID="e16d7697b2072d7da10783c98f1333c790b066c1ff71ed1feaf3d27c52542e80"
2025-01-29 01:04:48,664 INFO c.h.h.t.HelmChartContainer - [POD] test-hivemq-platform-2 [89ea2ea8-ab21-464f-9287-68649e40129e] in helmvolumeclaimtemplatesit was MODIFIED
2025-01-29 01:04:48,667 INFO c.h.h.t.HelmChartContainer - [POD] test-hivemq-platform-2 [89ea2ea8-ab21-464f-9287-68649e40129e] in helmvolumeclaimtemplatesit was DELETED
2025-01-29 01:04:48,670 INFO c.h.h.t.HelmChartContainer - [hivemq-test-hivemq-platform] [hivemq-platform-operator] [62b15f4a] 01:04:48.666 [pool-6-thread-37] DEBUG c.h.p.o.d.PlatformServiceResource - [helmvolu] Desired Platform services (3 services)
2025-01-29 01:04:48,672 INFO c.h.h.t.HelmChartContainer - [hivemq-test-hivemq-platform] [hivemq-platform-operator] [62b15f4a] 01:04:48.671 [pool-6-thread-39] DEBUG c.h.p.o.d.PodServiceAccountResource - [helmvolu] Desired PodServiceAccountResource (serviceAccountName: hivemq-platform-pod-test-hivemq-platform)
2025-01-29 01:04:48,675 INFO c.h.h.t.HelmChartContainer - [hivemq-test-hivemq-platform] [hivemq-platform-operator] [62b15f4a] 01:04:48.673 [pool-6-thread-37] DEBUG c.h.p.o.dependants.PodInfoConfigMap - [helmvolu] Desired PodInfo ConfigMap (1 extensions) (1 enabled)
2025-01-29 01:04:48,675 INFO c.h.h.t.HelmChartContainer - [hivemq-test-hivemq-platform] [hivemq-platform-operator] [62b15f4a] 01:04:48.673 [pool-6-thread-37] DEBUG c.h.p.o.dependants.PodInfoConfigMap - [helmvolu] Desired PodInfo ConfigMap (metrics port: 9399) (metrics path: /)
2025-01-29 01:04:48,675 INFO c.h.h.t.HelmChartContainer - [hivemq-test-hivemq-platform] [hivemq-platform-operator] [62b15f4a] 01:04:48.673 [pool-6-thread-37] DEBUG c.h.p.o.dependants.PodInfoConfigMap - [helmvolu] Desired PodInfo ConfigMap (extension state hash: -1817474005)
2025-01-29 01:04:48,675 INFO c.h.h.t.HelmChartContainer - [hivemq-test-hivemq-platform] [hivemq-platform-operator] [62b15f4a] 01:04:48.673 [pool-6-thread-37] DEBUG c.h.p.o.dependants.PodInfoConfigMap - [helmvolu] Update PodInfo ConfigMap
2025-01-29 01:04:48,687 INFO c.h.h.t.HelmChartContainer - [hivemq-test-hivemq-platform] [hivemq-platform-operator] [62b15f4a] 01:04:48.686 [pool-6-thread-37] DEBUG c.h.p.o.d.StatefulSetResource - [helmvolu] Desired StatefulSet (2 replicas) for status RUNNING (READY)
2025-01-29 01:04:48,689 INFO c.h.h.t.HelmChartContainer - [hivemq-test-hivemq-platform] [hivemq-platform-operator] [62b15f4a] 01:04:48.688 [ReconcilerExecutor-hivemq-controller-131] INFO  c.h.p.o.HiveMQPlatformReconciler - [helmvolu] Reconciling HiveMQ Platform 'test-hivemq-platform' in namespace 'helmvolumeclaimtemplatesit'
2025-01-29 01:04:48,689 INFO c.h.h.t.HelmChartContainer - [hivemq-test-hivemq-platform] [hivemq-platform-operator] [62b15f4a] 01:04:48.688 [ReconcilerExecutor-hivemq-controller-131] DEBUG c.h.p.o.HiveMQPlatformReconciler - [helmvolu] Custom Resource Status RUNNING - HiveMQ Platform is ready (READY)
2025-01-29 01:04:48,689 INFO c.h.h.t.HelmChartContainer - [hivemq-test-hivemq-platform] [hivemq-platform-operator] [62b15f4a] 01:04:48.688 [ReconcilerExecutor-hivemq-controller-131] DEBUG c.h.p.o.HiveMQPlatformReconciler - [helmvolu] Custom Resource Spec (replicas: 2) (extensions: 1)
2025-01-29 01:04:48,690 INFO c.h.h.t.HelmChartContainer - [hivemq-test-hivemq-platform] [hivemq-platform-operator] [62b15f4a] 01:04:48.689 [ReconcilerExecutor-hivemq-controller-131] DEBUG c.h.p.o.HiveMQPlatformReconciler - [helmvolu] StatefulSet Status (revision: test-hivemq-platform-59475f86c9, replicas: 2, available: 2, ready: 2, current: 0, updated: 2)
2025-01-29 01:04:48,690 INFO c.h.h.t.HelmChartContainer - [hivemq-test-hivemq-platform] [hivemq-platform-operator] [62b15f4a] 01:04:48.689 [ReconcilerExecutor-hivemq-controller-131] DEBUG c.h.p.o.HiveMQPlatformReconciler - [helmvolu] StatefulSet Spec (replicas: 2, init containers: 1, containers: 1, volumes: 4)
2025-01-29 01:04:48,691 INFO c.h.h.t.HelmChartContainer - [hivemq-test-hivemq-platform] [hivemq-platform-operator] [62b15f4a] 01:04:48.690 [ReconcilerExecutor-hivemq-controller-131] DEBUG c.h.p.o.h.HiveMQPlatformReconcilerErrorHandler - [helmvolu] Pod 'test-hivemq-platform-1' phase Running
2025-01-29 01:04:48,692 INFO c.h.h.t.HelmChartContainer - [hivemq-test-hivemq-platform] [hivemq-platform-operator] [62b15f4a] 01:04:48.691 [ReconcilerExecutor-hivemq-controller-131] DEBUG c.h.p.o.h.HiveMQPlatformReconcilerErrorHandler - [helmvolu] Pod 'test-hivemq-platform-0' phase Running
2025-01-29 01:04:48,695 INFO c.h.h.t.HelmChartContainer - [hivemq-test-hivemq-platform] [hivemq-platform-operator] [62b15f4a] 01:04:48.694 [pool-6-thread-46] DEBUG c.h.p.o.d.PlatformServiceResource - [helmvolu] Desired Platform services (3 services)
2025-01-29 01:04:48,695 INFO c.h.h.t.HelmChartContainer - [hivemq-test-hivemq-platform] [hivemq-platform-operator] [62b15f4a] 01:04:48.694 [pool-6-thread-45] DEBUG c.h.p.o.dependants.PodInfoConfigMap - [helmvolu] Desired PodInfo ConfigMap (1 extensions) (1 enabled)
2025-01-29 01:04:48,695 INFO c.h.h.t.HelmChartContainer - [hivemq-test-hivemq-platform] [hivemq-platform-operator] [62b15f4a] 01:04:48.694 [pool-6-thread-45] DEBUG c.h.p.o.dependants.PodInfoConfigMap - [helmvolu] Desired PodInfo ConfigMap (metrics port: 9399) (metrics path: /)
2025-01-29 01:04:48,695 INFO c.h.h.t.HelmChartContainer - [hivemq-test-hivemq-platform] [hivemq-platform-operator] [62b15f4a] 01:04:48.694 [pool-6-thread-45] DEBUG c.h.p.o.dependants.PodInfoConfigMap - [helmvolu] Desired PodInfo ConfigMap (extension state hash: -1817474005)
2025-01-29 01:04:48,696 INFO c.h.h.t.HelmChartContainer - [hivemq-test-hivemq-platform] [hivemq-platform-operator] [62b15f4a] 01:04:48.695 [pool-6-thread-49] DEBUG c.h.p.o.d.PodServiceAccountResource - [helmvolu] Desired PodServiceAccountResource (serviceAccountName: hivemq-platform-pod-test-hivemq-platform)
2025-01-29 01:04:48,698 INFO c.h.h.t.HelmChartContainer - [hivemq-test-hivemq-platform] [hivemq-platform-operator] [62b15f4a] 01:04:48.697 [pool-6-thread-46] DEBUG c.h.p.o.d.StatefulSetResource - [helmvolu] Desired StatefulSet (2 replicas) for status RUNNING (READY)
2025-01-29 01:04:48,700 INFO c.h.h.t.HelmChartContainer - [hivemq-test-hivemq-platform] [hivemq-platform-operator] [62b15f4a] 01:04:48.699 [ReconcilerExecutor-hivemq-controller-131] INFO  c.h.p.o.HiveMQPlatformReconciler - [helmvolu] Reconciling HiveMQ Platform 'test-hivemq-platform' in namespace 'helmvolumeclaimtemplatesit'
2025-01-29 01:04:48,700 INFO c.h.h.t.HelmChartContainer - [hivemq-test-hivemq-platform] [hivemq-platform-operator] [62b15f4a] 01:04:48.699 [ReconcilerExecutor-hivemq-controller-131] DEBUG c.h.p.o.HiveMQPlatformReconciler - [helmvolu] Custom Resource Status RUNNING - HiveMQ Platform is ready (READY)
2025-01-29 01:04:48,700 INFO c.h.h.t.HelmChartContainer - [hivemq-test-hivemq-platform] [hivemq-platform-operator] [62b15f4a] 01:04:48.699 [ReconcilerExecutor-hivemq-controller-131] DEBUG c.h.p.o.HiveMQPlatformReconciler - [helmvolu] Custom Resource Spec (replicas: 2) (extensions: 1)
2025-01-29 01:04:48,701 INFO c.h.h.t.HelmChartContainer - [hivemq-test-hivemq-platform] [hivemq-platform-operator] [62b15f4a] 01:04:48.700 [ReconcilerExecutor-hivemq-controller-131] DEBUG c.h.p.o.HiveMQPlatformReconciler - [helmvolu] StatefulSet Status (revision: test-hivemq-platform-59475f86c9, replicas: 2, available: 2, ready: 2, current: 0, updated: 2)
2025-01-29 01:04:48,702 INFO c.h.h.t.HelmChartContainer - [hivemq-test-hivemq-platform] [hivemq-platform-operator] [62b15f4a] 01:04:48.700 [ReconcilerExecutor-hivemq-controller-131] DEBUG c.h.p.o.HiveMQPlatformReconciler - [helmvolu] StatefulSet Spec (replicas: 2, init containers: 1, containers: 1, volumes: 4)
2025-01-29 01:04:48,702 INFO c.h.h.t.HelmChartContainer - [hivemq-test-hivemq-platform] [hivemq-platform-operator] [62b15f4a] 01:04:48.702 [ReconcilerExecutor-hivemq-controller-131] DEBUG c.h.p.o.h.HiveMQPlatformReconcilerErrorHandler - [helmvolu] Pod 'test-hivemq-platform-1' phase Running
2025-01-29 01:04:48,703 INFO c.h.h.t.HelmChartContainer - [hivemq-test-hivemq-platform] [hivemq-platform-operator] [62b15f4a] 01:04:48.703 [ReconcilerExecutor-hivemq-controller-131] DEBUG c.h.p.o.h.HiveMQPlatformReconcilerErrorHandler - [helmvolu] Pod 'test-hivemq-platform-0' phase Running
2025-01-29 01:04:48,950 INFO c.h.h.t.HelmChartContainer - [K3S] [kubelet_volumes.go:163] "Cleaned up orphaned pod volumes dir" podUID="89ea2ea8-ab21-464f-9287-68649e40129e" path="/var/lib/kubelet/pods/89ea2ea8-ab21-464f-9287-68649e40129e/volumes"
2025-01-29 01:04:50,184 DEBUG com.hivemq.helmcharts.util.PodUtil - Received status for command '[cat, /opt/hivemq/data/test-hivemq-platform-0.txt]' on pod 'test-hivemq-platform-0' (exit code: 0)
2025-01-29 01:04:50,273 DEBUG com.hivemq.helmcharts.util.PodUtil - Received status for command '[cat, /opt/hivemq/data/test-hivemq-platform-1.txt]' on pod 'test-hivemq-platform-1' (exit code: 0)
2025-01-29 01:04:50,274 INFO c.h.h.t.HelmChartContainer - Uninstalling release 'test-hivemq-platform' in namespace 'helmvolumeclaimtemplatesit'...
2025-01-29 01:04:50,274 DEBUG c.h.h.t.HelmChartContainer - Executing helm command: /bin/helm --kubeconfig /etc/rancher/k3s/k3s.yaml uninstall test-hivemq-platform  --wait --timeout 5m0s --cascade foreground --namespace helmvolumeclaimtemplatesit
2025-01-29 01:04:50,477 INFO c.h.h.t.HelmChartContainer - [hivemq-test-hivemq-platform] [hivemq-platform-operator] [62b15f4a] 01:04:50.474 [pool-6-thread-10] DEBUG c.h.p.o.dependants.PodInfoConfigMap - [helmvolu] Desired PodInfo ConfigMap (1 extensions) (1 enabled)
2025-01-29 01:04:50,477 INFO c.h.h.t.HelmChartContainer - [hivemq-test-hivemq-platform] [hivemq-platform-operator] [62b15f4a] 01:04:50.474 [pool-6-thread-10] DEBUG c.h.p.o.dependants.PodInfoConfigMap - [helmvolu] Desired PodInfo ConfigMap (metrics port: 9399) (metrics path: /)
2025-01-29 01:04:50,477 INFO c.h.h.t.HelmChartContainer - [hivemq-test-hivemq-platform] [hivemq-platform-operator] [62b15f4a] 01:04:50.474 [pool-6-thread-10] DEBUG c.h.p.o.dependants.PodInfoConfigMap - [helmvolu] Desired PodInfo ConfigMap (extension state hash: -1817474005)
2025-01-29 01:04:50,477 INFO c.h.h.t.HelmChartContainer - [hivemq-test-hivemq-platform] [hivemq-platform-operator] [62b15f4a] 01:04:50.475 [pool-6-thread-10] DEBUG c.h.p.o.d.PodServiceAccountResource - [helmvolu] Desired PodServiceAccountResource (serviceAccountName: hivemq-platform-pod-test-hivemq-platform)
2025-01-29 01:04:50,478 INFO c.h.h.t.HelmChartContainer - [hivemq-test-hivemq-platform] [hivemq-platform-operator] [62b15f4a] 01:04:50.475 [pool-6-thread-2] DEBUG c.h.p.o.d.PlatformServiceResource - [helmvolu] Desired Platform services (3 services)
2025-01-29 01:04:50,479 INFO c.h.h.t.HelmChartContainer - [hivemq-test-hivemq-platform] [hivemq-platform-operator] [62b15f4a] 01:04:50.478 [pool-6-thread-2] DEBUG c.h.p.o.d.StatefulSetResource - [helmvolu] Desired StatefulSet (2 replicas) for status RUNNING (READY)
2025-01-29 01:04:50,486 INFO c.h.h.t.HelmChartContainer - [hivemq-test-hivemq-platform] [hivemq-platform-operator] [62b15f4a] 01:04:50.482 [ReconcilerExecutor-hivemq-controller-133] INFO  c.h.p.o.HiveMQPlatformReconciler - [helmvolu] Reconciling HiveMQ Platform 'test-hivemq-platform' in namespace 'helmvolumeclaimtemplatesit'
2025-01-29 01:04:50,486 INFO c.h.h.t.HelmChartContainer - [hivemq-test-hivemq-platform] [hivemq-platform-operator] [62b15f4a] 01:04:50.482 [ReconcilerExecutor-hivemq-controller-133] DEBUG c.h.p.o.HiveMQPlatformReconciler - [helmvolu] Custom Resource Status RUNNING - HiveMQ Platform is ready (READY)
2025-01-29 01:04:50,486 INFO c.h.h.t.HelmChartContainer - [hivemq-test-hivemq-platform] [hivemq-platform-operator] [62b15f4a] 01:04:50.482 [ReconcilerExecutor-hivemq-controller-133] DEBUG c.h.p.o.HiveMQPlatformReconciler - [helmvolu] Custom Resource Spec (replicas: 2) (extensions: 1)
2025-01-29 01:04:50,486 INFO c.h.h.t.HelmChartContainer - [hivemq-test-hivemq-platform] [hivemq-platform-operator] [62b15f4a] 01:04:50.483 [ReconcilerExecutor-hivemq-controller-133] DEBUG c.h.p.o.HiveMQPlatformReconciler - [helmvolu] StatefulSet Status (revision: test-hivemq-platform-59475f86c9, replicas: 2, available: 2, ready: 2, current: 0, updated: 2)
2025-01-29 01:04:50,486 INFO c.h.h.t.HelmChartContainer - [hivemq-test-hivemq-platform] [hivemq-platform-operator] [62b15f4a] 01:04:50.483 [ReconcilerExecutor-hivemq-controller-133] DEBUG c.h.p.o.HiveMQPlatformReconciler - [helmvolu] StatefulSet Spec (replicas: 2, init containers: 1, containers: 1, volumes: 4)
2025-01-29 01:04:50,486 INFO c.h.h.t.HelmChartContainer - [hivemq-test-hivemq-platform] [hivemq-platform-operator] [62b15f4a] 01:04:50.484 [ReconcilerExecutor-hivemq-controller-133] DEBUG c.h.p.o.h.HiveMQPlatformReconcilerErrorHandler - [helmvolu] Pod 'test-hivemq-platform-1' phase Running
2025-01-29 01:04:50,490 INFO c.h.h.t.HelmChartContainer - [hivemq-test-hivemq-platform] [hivemq-platform-operator] [62b15f4a] 01:04:50.485 [ReconcilerExecutor-hivemq-controller-133] DEBUG c.h.p.o.h.HiveMQPlatformReconcilerErrorHandler - [helmvolu] Pod 'test-hivemq-platform-0' phase Running
2025-01-29 01:04:50,494 INFO c.h.h.t.HelmChartContainer - [hivemq-test-hivemq-platform] [hivemq-platform-operator] [62b15f4a] 01:04:50.489 [ReconcilerExecutor-hivemq-controller-133] INFO  c.h.p.o.HiveMQPlatformReconciler - [helmvolu] Cleanup test-hivemq-platform - helmvolumeclaimtemplatesit HiveMQ Platform is shut down
2025-01-29 01:04:51,408 INFO c.h.h.t.HelmChartContainer - [POD] test-hivemq-platform-1 [2318d085-89bd-4414-b22c-e67c93016ad9] in helmvolumeclaimtemplatesit was MODIFIED
2025-01-29 01:04:51,413 INFO c.h.h.t.HelmChartContainer - [EVENT] Normal [Killing] Stopping container hivemq [helmvolumeclaimtemplatesit:test-hivemq-platform-1]
2025-01-29 01:04:51,413 INFO c.h.h.t.HelmChartContainer - Received Killing event for container hivemq in pod test-hivemq-platform-1 [2318d085-89bd-4414-b22c-e67c93016ad9]
2025-01-29 01:04:51,413 INFO c.h.h.t.HelmChartContainer - Container [test-hivemq-platform-1] [hivemq] [2318d085-89bd-4414-b22c-e67c93016ad9] was terminated
2025-01-29 01:04:51,413 INFO c.h.h.t.HelmChartContainer - Stopped log watcher for hivemq in pod test-hivemq-platform-1 [2318d085-89bd-4414-b22c-e67c93016ad9]
2025-01-29 01:04:51,418 INFO c.h.h.t.HelmChartContainer - [test-hivemq-platform] [hivemq] [2318d085] INFO  - [HiveMQ Platform Operator Init App 1.7.0-SNAPSHOT] Shutting down
2025-01-29 01:04:51,420 INFO c.h.h.t.HelmChartContainer - [test-hivemq-platform] [hivemq] [2318d085] INFO  - [HiveMQ Platform Operator Init App 1.7.0-SNAPSHOT] Stopping the HiveMQ Platform
2025-01-29 01:04:51,450 INFO c.h.h.t.HelmChartContainer - [EVENT] Normal [Killing] Stopping container hivemq [helmvolumeclaimtemplatesit:test-hivemq-platform-0]
2025-01-29 01:04:51,450 INFO c.h.h.t.HelmChartContainer - Received Killing event for container hivemq in pod test-hivemq-platform-0 [f7e46eb7-58b7-4ee9-b247-c76e68a97476]
2025-01-29 01:04:51,450 INFO c.h.h.t.HelmChartContainer - Container [test-hivemq-platform-0] [hivemq] [f7e46eb7-58b7-4ee9-b247-c76e68a97476] was terminated
2025-01-29 01:04:51,450 INFO c.h.h.t.HelmChartContainer - Stopped log watcher for hivemq in pod test-hivemq-platform-0 [f7e46eb7-58b7-4ee9-b247-c76e68a97476]
2025-01-29 01:04:51,451 INFO c.h.h.t.HelmChartContainer - [POD] test-hivemq-platform-0 [f7e46eb7-58b7-4ee9-b247-c76e68a97476] in helmvolumeclaimtemplatesit was MODIFIED
2025-01-29 01:04:51,456 INFO c.h.h.t.HelmChartContainer - [test-hivemq-platform] [hivemq] [f7e46eb7] INFO  - [HiveMQ Platform Operator Init App 1.7.0-SNAPSHOT] Shutting down
2025-01-29 01:04:51,456 INFO c.h.h.t.HelmChartContainer - [test-hivemq-platform] [hivemq] [f7e46eb7] INFO  - [HiveMQ Platform Operator Init App 1.7.0-SNAPSHOT] Stopping the HiveMQ Platform
2025-01-29 01:04:51,563 INFO c.h.h.t.HelmChartContainer - [K3S] [authentication.go:74] "Unable to authenticate the request" err="[invalid bearer token, serviceaccounts \"hivemq-platform-pod-test-hivemq-platform\" not found]"
2025-01-29 01:04:51,670 INFO c.h.h.t.HelmChartContainer - [test-hivemq-platform] [hivemq] [f7e46eb7] INFO  - Shutting down HiveMQ. Please wait, this could take a while...
2025-01-29 01:04:51,672 INFO c.h.h.t.HelmChartContainer - [K3S] [authentication.go:74] "Unable to authenticate the request" err="[invalid bearer token, serviceaccounts \"hivemq-platform-pod-test-hivemq-platform\" not found]"
2025-01-29 01:04:51,706 INFO c.h.h.t.HelmChartContainer - [test-hivemq-platform] [hivemq] [2318d085] INFO  - Shutting down HiveMQ. Please wait, this could take a while...
2025-01-29 01:04:51,708 INFO c.h.h.t.HelmChartContainer - [test-hivemq-platform] [hivemq] [2318d085] INFO  - Shutting down listeners and clients
2025-01-29 01:04:51,723 INFO c.h.h.t.HelmChartContainer - [test-hivemq-platform] [hivemq] [2318d085] INFO  - Shutdown of listeners is done
2025-01-29 01:04:51,725 INFO c.h.h.t.HelmChartContainer - [test-hivemq-platform] [hivemq] [2318d085] INFO  - No clients are connected, proceeding with shutdown
2025-01-29 01:04:51,729 INFO c.h.h.t.HelmChartContainer - [test-hivemq-platform] [hivemq] [2318d085] WARN  - [HiveMQ Platform Operator Init App 1.7.0-SNAPSHOT] Could not update Pod annotations: Failure executing: GET at: https://10.43.0.1:443/api/v1/namespaces/helmvolumeclaimtemplatesit/pods/test-hivemq-platform-1. Message: pods "test-hivemq-platform-1" is forbidden: User "system:serviceaccount:helmvolumeclaimtemplatesit:hivemq-platform-pod-test-hivemq-platform" cannot get resource "pods" in API group "" in the namespace "helmvolumeclaimtemplatesit". Received status: Status(apiVersion=v1, code=403, details=StatusDetails(causes=[], group=null, kind=pods, name=test-hivemq-platform-1, retryAfterSeconds=null, uid=null, additionalProperties={}), kind=Status, message=pods "test-hivemq-platform-1" is forbidden: User "system:serviceaccount:helmvolumeclaimtemplatesit:hivemq-platform-pod-test-hivemq-platform" cannot get resource "pods" in API group "" in the namespace "helmvolumeclaimtemplatesit", metadata=ListMeta(_continue=null, remainingItemCount=null, resourceVersion=null, selfLink=null, additionalProperties={}), reason=Forbidden, status=Failure, additionalProperties={}).
2025-01-29 01:04:51,766 INFO c.h.h.t.HelmChartContainer - [test-hivemq-platform] [hivemq] [f7e46eb7] INFO  - Shutting down listeners and clients
2025-01-29 01:04:51,766 INFO c.h.h.t.HelmChartContainer - [test-hivemq-platform] [hivemq] [f7e46eb7] INFO  - Shutdown of listeners is done
2025-01-29 01:04:51,767 INFO c.h.h.t.HelmChartContainer - [test-hivemq-platform] [hivemq] [f7e46eb7] INFO  - No clients are connected, proceeding with shutdown
2025-01-29 01:04:51,864 INFO c.h.h.t.HelmChartContainer - [test-hivemq-platform] [hivemq] [f7e46eb7] WARN  - [HiveMQ Platform Operator Init App 1.7.0-SNAPSHOT] Could not update Pod annotations: Failure executing: GET at: https://10.43.0.1:443/api/v1/namespaces/helmvolumeclaimtemplatesit/pods/test-hivemq-platform-0. Message: Unauthorized. Received status: Status(apiVersion=v1, code=401, details=null, kind=Status, message=Unauthorized, metadata=ListMeta(_continue=null, remainingItemCount=null, resourceVersion=null, selfLink=null, additionalProperties={}), reason=Unauthorized, status=Failure, additionalProperties={}).
2025-01-29 01:04:52,527 INFO c.h.h.t.HelmChartContainer - Deleting namespace 'helmvolumeclaimtemplatesit'...
2025-01-29 01:04:54,139 INFO c.h.h.t.HelmChartContainer - [test-hivemq-platform] [hivemq] [2318d085] INFO  - Shutting down extension system
2025-01-29 01:04:54,141 INFO c.h.h.t.HelmChartContainer - [test-hivemq-platform] [hivemq] [2318d085] INFO  - Stopping extension with id hivemq-dns-cluster-discovery
2025-01-29 01:04:54,141 INFO c.h.h.t.HelmChartContainer - [test-hivemq-platform] [hivemq] [2318d085] INFO  - Extension "DNS Cluster Discovery Extension" version 4.3.2 stopped successfully.
2025-01-29 01:04:54,142 INFO c.h.h.t.HelmChartContainer - [test-hivemq-platform] [hivemq] [2318d085] INFO  - Stopping extension with id hivemq-prometheus-extension
2025-01-29 01:04:54,145 INFO c.h.h.t.HelmChartContainer - [test-hivemq-platform] [hivemq] [2318d085] INFO  - Extension "Prometheus Monitoring Extension" version 4.0.12 stopped successfully.
2025-01-29 01:04:54,146 INFO c.h.h.t.HelmChartContainer - [test-hivemq-platform] [hivemq] [2318d085] INFO  - Stopping extension with id hivemq-allow-all-extension
2025-01-29 01:04:54,146 INFO c.h.h.t.HelmChartContainer - [test-hivemq-platform] [hivemq] [2318d085] INFO  - Extension "Allow All Extension" version 1.1.1 stopped successfully.
2025-01-29 01:04:54,151 INFO c.h.h.t.HelmChartContainer - [test-hivemq-platform] [hivemq] [f7e46eb7] INFO  - Cluster nodes found by discovery: [DIswx|8] (1) [DIswx].
2025-01-29 01:04:54,154 INFO c.h.h.t.HelmChartContainer - [test-hivemq-platform] [hivemq] [f7e46eb7] INFO  - Cluster size = 1, members : [DIswx].
2025-01-29 01:04:54,867 INFO c.h.h.t.HelmChartContainer - [test-hivemq-platform] [hivemq] [f7e46eb7] INFO  - Shutting down extension system
2025-01-29 01:04:54,872 INFO c.h.h.t.HelmChartContainer - [test-hivemq-platform] [hivemq] [f7e46eb7] INFO  - Stopping extension with id hivemq-dns-cluster-discovery
2025-01-29 01:04:54,873 INFO c.h.h.t.HelmChartContainer - [test-hivemq-platform] [hivemq] [f7e46eb7] INFO  - Extension "DNS Cluster Discovery Extension" version 4.3.2 stopped successfully.
2025-01-29 01:04:54,873 INFO c.h.h.t.HelmChartContainer - [test-hivemq-platform] [hivemq] [f7e46eb7] INFO  - Stopping extension with id hivemq-prometheus-extension
2025-01-29 01:04:54,876 INFO c.h.h.t.HelmChartContainer - [test-hivemq-platform] [hivemq] [f7e46eb7] INFO  - Extension "Prometheus Monitoring Extension" version 4.0.12 stopped successfully.
2025-01-29 01:04:54,877 INFO c.h.h.t.HelmChartContainer - [test-hivemq-platform] [hivemq] [f7e46eb7] INFO  - Stopping extension with id hivemq-allow-all-extension
2025-01-29 01:04:54,877 INFO c.h.h.t.HelmChartContainer - [test-hivemq-platform] [hivemq] [f7e46eb7] INFO  - Extension "Allow All Extension" version 1.1.1 stopped successfully.
2025-01-29 01:04:55,932 INFO c.h.h.t.HelmChartContainer - [test-hivemq-platform] [hivemq] [2318d085] INFO  - [HiveMQ Platform Operator Init App 1.7.0-SNAPSHOT] Returning shutdown Health API response 503 for readiness
2025-01-29 01:04:55,936 INFO c.h.h.t.HelmChartContainer - [EVENT] Warning [Unhealthy] Readiness probe failed: HTTP probe failed with statuscode: 503 [helmvolumeclaimtemplatesit:test-hivemq-platform-1]
2025-01-29 01:04:55,936 INFO c.h.h.t.HelmChartContainer - Received Unhealthy event for container hivemq in pod test-hivemq-platform-1 [2318d085-89bd-4414-b22c-e67c93016ad9]
2025-01-29 01:04:55,975 INFO c.h.h.t.HelmChartContainer - [test-hivemq-platform] [hivemq] [f7e46eb7] INFO  - [HiveMQ Platform Operator Init App 1.7.0-SNAPSHOT] Returning shutdown Health API response 503 for readiness
2025-01-29 01:04:55,979 INFO c.h.h.t.HelmChartContainer - [EVENT] Warning [Unhealthy] Readiness probe failed: HTTP probe failed with statuscode: 503 [helmvolumeclaimtemplatesit:test-hivemq-platform-0]
2025-01-29 01:04:55,979 INFO c.h.h.t.HelmChartContainer - Received Unhealthy event for container hivemq in pod test-hivemq-platform-0 [f7e46eb7-58b7-4ee9-b247-c76e68a97476]
2025-01-29 01:04:56,426 INFO c.h.h.t.HelmChartContainer - [test-hivemq-platform] [hivemq] [2318d085] INFO  - Shutdown completed.
2025-01-29 01:04:56,732 INFO c.h.h.t.HelmChartContainer - [K3S] [authentication.go:74] "Unable to authenticate the request" err="[invalid bearer token, serviceaccounts \"hivemq-platform-pod-test-hivemq-platform\" not found]"
2025-01-29 01:04:56,750 INFO c.h.h.t.HelmChartContainer - [K3S] [authentication.go:74] "Unable to authenticate the request" err="[invalid bearer token, serviceaccounts \"hivemq-platform-pod-test-hivemq-platform\" not found]"
2025-01-29 01:04:56,753 INFO c.h.h.t.HelmChartContainer - [test-hivemq-platform] [hivemq] [2318d085] WARN  - [HiveMQ Platform Operator Init App 1.7.0-SNAPSHOT] Could not update Pod annotations: Failure executing: GET at: https://10.43.0.1:443/api/v1/namespaces/helmvolumeclaimtemplatesit/pods/test-hivemq-platform-1. Message: Unauthorized. Received status: Status(apiVersion=v1, code=401, details=null, kind=Status, message=Unauthorized, metadata=ListMeta(_continue=null, remainingItemCount=null, resourceVersion=null, selfLink=null, additionalProperties={}), reason=Unauthorized, status=Failure, additionalProperties={}).
2025-01-29 01:04:56,867 INFO c.h.h.t.HelmChartContainer - [K3S] [authentication.go:74] "Unable to authenticate the request" err="[invalid bearer token, serviceaccounts \"hivemq-platform-pod-test-hivemq-platform\" not found]"
2025-01-29 01:04:56,880 INFO c.h.h.t.HelmChartContainer - [K3S] [authentication.go:74] "Unable to authenticate the request" err="[invalid bearer token, serviceaccounts \"hivemq-platform-pod-test-hivemq-platform\" not found]"
2025-01-29 01:04:56,882 INFO c.h.h.t.HelmChartContainer - [test-hivemq-platform] [hivemq] [f7e46eb7] WARN  - [HiveMQ Platform Operator Init App 1.7.0-SNAPSHOT] Could not update Pod annotations: Failure executing: GET at: https://10.43.0.1:443/api/v1/namespaces/helmvolumeclaimtemplatesit/pods/test-hivemq-platform-0. Message: Unauthorized. Received status: Status(apiVersion=v1, code=401, details=null, kind=Status, message=Unauthorized, metadata=ListMeta(_continue=null, remainingItemCount=null, resourceVersion=null, selfLink=null, additionalProperties={}), reason=Unauthorized, status=Failure, additionalProperties={}).
2025-01-29 01:04:56,921 INFO c.h.h.t.HelmChartContainer - [test-hivemq-platform] [hivemq] [2318d085] INFO  - [HiveMQ Platform Operator Init App 1.7.0-SNAPSHOT] The HiveMQ Platform exited with code 143
2025-01-29 01:04:56,922 INFO c.h.h.t.HelmChartContainer - [test-hivemq-platform] [hivemq] [2318d085] INFO  - [HiveMQ Platform Operator Init App 1.7.0-SNAPSHOT] Stopping the REST API
2025-01-29 01:04:56,927 INFO c.h.h.t.HelmChartContainer - [test-hivemq-platform] [hivemq] [2318d085] INFO  - [HiveMQ Platform Operator Init App 1.7.0-SNAPSHOT] Shutdown complete
2025-01-29 01:04:57,170 INFO c.h.h.t.HelmChartContainer - [test-hivemq-platform] [hivemq] [f7e46eb7] INFO  - Shutdown completed.
2025-01-29 01:04:57,420 INFO c.h.h.t.HelmChartContainer - [POD] test-hivemq-platform-1 [2318d085-89bd-4414-b22c-e67c93016ad9] in helmvolumeclaimtemplatesit was MODIFIED
2025-01-29 01:04:57,425 INFO c.h.h.t.HelmChartContainer - [K3S] [stateful_set.go:438] "Unhandled Error" err="error syncing StatefulSet helmvolumeclaimtemplatesit/test-hivemq-platform, requeuing: controllerrevisions.apps \"test-hivemq-platform-59475f86c9\" is forbidden: unable to create new content in namespace helmvolumeclaimtemplatesit because it is being terminated"
2025-01-29 01:04:57,449 INFO c.h.h.t.HelmChartContainer - [K3S] [reconciler_common.go:162] "operationExecutor.UnmountVolume started for volume \"operator-init\" (UniqueName: \"kubernetes.io/empty-dir/2318d085-89bd-4414-b22c-e67c93016ad9-operator-init\") pod \"2318d085-89bd-4414-b22c-e67c93016ad9\" (UID: \"2318d085-89bd-4414-b22c-e67c93016ad9\") "
2025-01-29 01:04:57,449 INFO c.h.h.t.HelmChartContainer - [K3S] [reconciler_common.go:162] "operationExecutor.UnmountVolume started for volume \"broker-configuration\" (UniqueName: \"kubernetes.io/configmap/2318d085-89bd-4414-b22c-e67c93016ad9-broker-configuration\") pod \"2318d085-89bd-4414-b22c-e67c93016ad9\" (UID: \"2318d085-89bd-4414-b22c-e67c93016ad9\") "
2025-01-29 01:04:57,449 INFO c.h.h.t.HelmChartContainer - [K3S] [reconciler_common.go:162] "operationExecutor.UnmountVolume started for volume \"kube-api-access-nrml8\" (UniqueName: \"kubernetes.io/projected/2318d085-89bd-4414-b22c-e67c93016ad9-kube-api-access-nrml8\") pod \"2318d085-89bd-4414-b22c-e67c93016ad9\" (UID: \"2318d085-89bd-4414-b22c-e67c93016ad9\") "
2025-01-29 01:04:57,449 INFO c.h.h.t.HelmChartContainer - [K3S] [reconciler_common.go:162] "operationExecutor.UnmountVolume started for volume \"hivemq-pvc-data\" (UniqueName: \"kubernetes.io/local-volume/pvc-269e796d-774f-45e9-98f2-e3b41618541e\") pod \"2318d085-89bd-4414-b22c-e67c93016ad9\" (UID: \"2318d085-89bd-4414-b22c-e67c93016ad9\") "
2025-01-29 01:04:57,450 INFO c.h.h.t.HelmChartContainer - [K3S] [reconciler_common.go:162] "operationExecutor.UnmountVolume started for volume \"pod-info\" (UniqueName: \"kubernetes.io/configmap/2318d085-89bd-4414-b22c-e67c93016ad9-pod-info\") pod \"2318d085-89bd-4414-b22c-e67c93016ad9\" (UID: \"2318d085-89bd-4414-b22c-e67c93016ad9\") "
2025-01-29 01:04:57,452 INFO c.h.h.t.HelmChartContainer - [K3S] [stateful_set.go:438] "Unhandled Error" err="error syncing StatefulSet helmvolumeclaimtemplatesit/test-hivemq-platform, requeuing: controllerrevisions.apps \"test-hivemq-platform-59475f86c9\" is forbidden: unable to create new content in namespace helmvolumeclaimtemplatesit because it is being terminated"
2025-01-29 01:04:57,468 INFO c.h.h.t.HelmChartContainer - [K3S] [stateful_set.go:438] "Unhandled Error" err="error syncing StatefulSet helmvolumeclaimtemplatesit/test-hivemq-platform, requeuing: controllerrevisions.apps \"test-hivemq-platform-59475f86c9\" is forbidden: unable to create new content in namespace helmvolumeclaimtemplatesit because it is being terminated"
2025-01-29 01:04:57,493 INFO c.h.h.t.HelmChartContainer - [K3S] [stateful_set.go:438] "Unhandled Error" err="error syncing StatefulSet helmvolumeclaimtemplatesit/test-hivemq-platform, requeuing: controllerrevisions.apps \"test-hivemq-platform-59475f86c9\" is forbidden: unable to create new content in namespace helmvolumeclaimtemplatesit because it is being terminated"
2025-01-29 01:04:57,520 INFO c.h.h.t.HelmChartContainer - [test-hivemq-platform] [hivemq] [f7e46eb7] INFO  - [HiveMQ Platform Operator Init App 1.7.0-SNAPSHOT] The HiveMQ Platform exited with code 143
2025-01-29 01:04:57,520 INFO c.h.h.t.HelmChartContainer - [test-hivemq-platform] [hivemq] [f7e46eb7] INFO  - [HiveMQ Platform Operator Init App 1.7.0-SNAPSHOT] Stopping the REST API
2025-01-29 01:04:57,525 INFO c.h.h.t.HelmChartContainer - [test-hivemq-platform] [hivemq] [f7e46eb7] INFO  - [HiveMQ Platform Operator Init App 1.7.0-SNAPSHOT] Shutdown complete
2025-01-29 01:04:57,536 INFO c.h.h.t.HelmChartContainer - [K3S] [stateful_set.go:438] "Unhandled Error" err="error syncing StatefulSet helmvolumeclaimtemplatesit/test-hivemq-platform, requeuing: controllerrevisions.apps \"test-hivemq-platform-59475f86c9\" is forbidden: unable to create new content in namespace helmvolumeclaimtemplatesit because it is being terminated"
2025-01-29 01:04:57,550 INFO c.h.h.t.HelmChartContainer - [K3S] [reconciler_common.go:299] "Volume detached for volume \"broker-configuration\" (UniqueName: \"kubernetes.io/configmap/2318d085-89bd-4414-b22c-e67c93016ad9-broker-configuration\") on node \"dacb2472075c\" DevicePath \"\""
2025-01-29 01:04:57,550 INFO c.h.h.t.HelmChartContainer - [K3S] [reconciler_common.go:299] "Volume detached for volume \"kube-api-access-nrml8\" (UniqueName: \"kubernetes.io/projected/2318d085-89bd-4414-b22c-e67c93016ad9-kube-api-access-nrml8\") on node \"dacb2472075c\" DevicePath \"\""
2025-01-29 01:04:57,550 INFO c.h.h.t.HelmChartContainer - [K3S] [reconciler_common.go:299] "Volume detached for volume \"operator-init\" (UniqueName: \"kubernetes.io/empty-dir/2318d085-89bd-4414-b22c-e67c93016ad9-operator-init\") on node \"dacb2472075c\" DevicePath \"\""
2025-01-29 01:04:57,550 INFO c.h.h.t.HelmChartContainer - [K3S] [reconciler_common.go:292] "operationExecutor.UnmountDevice started for volume \"pvc-269e796d-774f-45e9-98f2-e3b41618541e\" (UniqueName: \"kubernetes.io/local-volume/pvc-269e796d-774f-45e9-98f2-e3b41618541e\") on node \"dacb2472075c\" "
2025-01-29 01:04:57,551 INFO c.h.h.t.HelmChartContainer - [K3S] [reconciler_common.go:299] "Volume detached for volume \"pod-info\" (UniqueName: \"kubernetes.io/configmap/2318d085-89bd-4414-b22c-e67c93016ad9-pod-info\") on node \"dacb2472075c\" DevicePath \"\""
2025-01-29 01:04:57,581 INFO c.h.h.t.HelmChartContainer - [POD] helper-pod-delete-pvc-c3bd48cf-f607-4a1c-a00e-f4bdfb4b8271 [5dc829fe-00cb-48a7-b5ae-128f84e05b10] in kube-system was ADDED
2025-01-29 01:04:57,582 INFO c.h.h.t.HelmChartContainer - [K3S] [memory_manager.go:355] "RemoveStaleState removing state" podUID="2318d085-89bd-4414-b22c-e67c93016ad9" containerName="hivemq"
2025-01-29 01:04:57,582 INFO c.h.h.t.HelmChartContainer - [K3S] [memory_manager.go:355] "RemoveStaleState removing state" podUID="89ea2ea8-ab21-464f-9287-68649e40129e" containerName="hivemq"
2025-01-29 01:04:57,587 INFO c.h.h.t.HelmChartContainer - [POD] helper-pod-delete-pvc-c3bd48cf-f607-4a1c-a00e-f4bdfb4b8271 [5dc829fe-00cb-48a7-b5ae-128f84e05b10] in kube-system was MODIFIED
2025-01-29 01:04:57,620 INFO c.h.h.t.HelmChartContainer - [K3S] [stateful_set.go:438] "Unhandled Error" err="error syncing StatefulSet helmvolumeclaimtemplatesit/test-hivemq-platform, requeuing: controllerrevisions.apps \"test-hivemq-platform-59475f86c9\" is forbidden: unable to create new content in namespace helmvolumeclaimtemplatesit because it is being terminated"
2025-01-29 01:04:57,651 INFO c.h.h.t.HelmChartContainer - [K3S] [reconciler_common.go:251] "operationExecutor.VerifyControllerAttachedVolume started for volume \"script\" (UniqueName: \"kubernetes.io/configmap/5dc829fe-00cb-48a7-b5ae-128f84e05b10-script\") pod \"helper-pod-delete-pvc-c3bd48cf-f607-4a1c-a00e-f4bdfb4b8271\" (UID: \"5dc829fe-00cb-48a7-b5ae-128f84e05b10\") " pod="kube-system/helper-pod-delete-pvc-c3bd48cf-f607-4a1c-a00e-f4bdfb4b8271"
2025-01-29 01:04:57,651 INFO c.h.h.t.HelmChartContainer - [K3S] [reconciler_common.go:251] "operationExecutor.VerifyControllerAttachedVolume started for volume \"data\" (UniqueName: \"kubernetes.io/host-path/5dc829fe-00cb-48a7-b5ae-128f84e05b10-data\") pod \"helper-pod-delete-pvc-c3bd48cf-f607-4a1c-a00e-f4bdfb4b8271\" (UID: \"5dc829fe-00cb-48a7-b5ae-128f84e05b10\") " pod="kube-system/helper-pod-delete-pvc-c3bd48cf-f607-4a1c-a00e-f4bdfb4b8271"
2025-01-29 01:04:57,651 INFO c.h.h.t.HelmChartContainer - [K3S] [reconciler_common.go:251] "operationExecutor.VerifyControllerAttachedVolume started for volume \"kube-api-access-79qs6\" (UniqueName: \"kubernetes.io/projected/5dc829fe-00cb-48a7-b5ae-128f84e05b10-kube-api-access-79qs6\") pod \"helper-pod-delete-pvc-c3bd48cf-f607-4a1c-a00e-f4bdfb4b8271\" (UID: \"5dc829fe-00cb-48a7-b5ae-128f84e05b10\") " pod="kube-system/helper-pod-delete-pvc-c3bd48cf-f607-4a1c-a00e-f4bdfb4b8271"
2025-01-29 01:04:57,651 INFO c.h.h.t.HelmChartContainer - [K3S] [reconciler_common.go:299] "Volume detached for volume \"pvc-269e796d-774f-45e9-98f2-e3b41618541e\" (UniqueName: \"kubernetes.io/local-volume/pvc-269e796d-774f-45e9-98f2-e3b41618541e\") on node \"dacb2472075c\" DevicePath \"\""
2025-01-29 01:04:57,657 INFO c.h.h.t.HelmChartContainer - [K3S] [scope.go:117] "RemoveContainer" containerID="b84485bd771ba8c8130a360f55e1e5c8c16af7229ef8843add3626911d67da8d"
2025-01-29 01:04:57,661 INFO c.h.h.t.HelmChartContainer - [K3S] [scope.go:117] "RemoveContainer" containerID="61d94609b5d8bfe7fc85b3546ec0df14b13bc947bb4cbf231a464ee5d0ceaafd"
2025-01-29 01:04:57,664 INFO c.h.h.t.HelmChartContainer - [K3S] [scope.go:117] "RemoveContainer" containerID="b84485bd771ba8c8130a360f55e1e5c8c16af7229ef8843add3626911d67da8d"
2025-01-29 01:04:57,665 INFO c.h.h.t.HelmChartContainer - [K3S] [scope.go:117] "RemoveContainer" containerID="61d94609b5d8bfe7fc85b3546ec0df14b13bc947bb4cbf231a464ee5d0ceaafd"
2025-01-29 01:04:57,671 INFO c.h.h.t.HelmChartContainer - [POD] test-hivemq-platform-1 [2318d085-89bd-4414-b22c-e67c93016ad9] in helmvolumeclaimtemplatesit was MODIFIED
2025-01-29 01:04:57,672 INFO c.h.h.t.HelmChartContainer - [K3S] [stateful_set.go:438] "Unhandled Error" err="error syncing StatefulSet helmvolumeclaimtemplatesit/test-hivemq-platform, requeuing: controllerrevisions.apps \"test-hivemq-platform-59475f86c9\" is forbidden: unable to create new content in namespace helmvolumeclaimtemplatesit because it is being terminated"
2025-01-29 01:04:57,677 INFO c.h.h.t.HelmChartContainer - [K3S] [stateful_set.go:438] "Unhandled Error" err="error syncing StatefulSet helmvolumeclaimtemplatesit/test-hivemq-platform, requeuing: controllerrevisions.apps \"test-hivemq-platform-59475f86c9\" is forbidden: unable to create new content in namespace helmvolumeclaimtemplatesit because it is being terminated"
2025-01-29 01:04:57,677 INFO c.h.h.t.HelmChartContainer - [POD] test-hivemq-platform-1 [2318d085-89bd-4414-b22c-e67c93016ad9] in helmvolumeclaimtemplatesit was DELETED
2025-01-29 01:04:57,693 INFO c.h.h.t.HelmChartContainer - [POD] helper-pod-delete-pvc-269e796d-774f-45e9-98f2-e3b41618541e [0c5b6e86-1e22-4593-8da7-0b9b975d4922] in kube-system was ADDED
2025-01-29 01:04:57,703 INFO c.h.h.t.HelmChartContainer - [POD] helper-pod-delete-pvc-269e796d-774f-45e9-98f2-e3b41618541e [0c5b6e86-1e22-4593-8da7-0b9b975d4922] in kube-system was MODIFIED
2025-01-29 01:04:57,752 INFO c.h.h.t.HelmChartContainer - [K3S] [reconciler_common.go:251] "operationExecutor.VerifyControllerAttachedVolume started for volume \"data\" (UniqueName: \"kubernetes.io/host-path/0c5b6e86-1e22-4593-8da7-0b9b975d4922-data\") pod \"helper-pod-delete-pvc-269e796d-774f-45e9-98f2-e3b41618541e\" (UID: \"0c5b6e86-1e22-4593-8da7-0b9b975d4922\") " pod="kube-system/helper-pod-delete-pvc-269e796d-774f-45e9-98f2-e3b41618541e"
2025-01-29 01:04:57,752 INFO c.h.h.t.HelmChartContainer - [K3S] [reconciler_common.go:251] "operationExecutor.VerifyControllerAttachedVolume started for volume \"script\" (UniqueName: \"kubernetes.io/configmap/0c5b6e86-1e22-4593-8da7-0b9b975d4922-script\") pod \"helper-pod-delete-pvc-269e796d-774f-45e9-98f2-e3b41618541e\" (UID: \"0c5b6e86-1e22-4593-8da7-0b9b975d4922\") " pod="kube-system/helper-pod-delete-pvc-269e796d-774f-45e9-98f2-e3b41618541e"
2025-01-29 01:04:57,752 INFO c.h.h.t.HelmChartContainer - [K3S] [reconciler_common.go:251] "operationExecutor.VerifyControllerAttachedVolume started for volume \"kube-api-access-5tx4r\" (UniqueName: \"kubernetes.io/projected/0c5b6e86-1e22-4593-8da7-0b9b975d4922-kube-api-access-5tx4r\") pod \"helper-pod-delete-pvc-269e796d-774f-45e9-98f2-e3b41618541e\" (UID: \"0c5b6e86-1e22-4593-8da7-0b9b975d4922\") " pod="kube-system/helper-pod-delete-pvc-269e796d-774f-45e9-98f2-e3b41618541e"
2025-01-29 01:04:57,783 INFO c.h.h.t.HelmChartContainer - [K3S] [stateful_set.go:438] "Unhandled Error" err="error syncing StatefulSet helmvolumeclaimtemplatesit/test-hivemq-platform, requeuing: controllerrevisions.apps \"test-hivemq-platform-59475f86c9\" is forbidden: unable to create new content in namespace helmvolumeclaimtemplatesit because it is being terminated"
2025-01-29 01:04:57,932 INFO c.h.h.t.HelmChartContainer - [K3S] [stateful_set.go:466] "StatefulSet has been deleted" key="helmvolumeclaimtemplatesit/test-hivemq-platform"
2025-01-29 01:04:58,002 INFO c.h.h.t.HelmChartContainer - [POD] test-hivemq-platform-0 [f7e46eb7-58b7-4ee9-b247-c76e68a97476] in helmvolumeclaimtemplatesit was MODIFIED
2025-01-29 01:04:58,053 INFO c.h.h.t.HelmChartContainer - [K3S] [reconciler_common.go:162] "operationExecutor.UnmountVolume started for volume \"broker-configuration\" (UniqueName: \"kubernetes.io/configmap/f7e46eb7-58b7-4ee9-b247-c76e68a97476-broker-configuration\") pod \"f7e46eb7-58b7-4ee9-b247-c76e68a97476\" (UID: \"f7e46eb7-58b7-4ee9-b247-c76e68a97476\") "
2025-01-29 01:04:58,054 INFO c.h.h.t.HelmChartContainer - [K3S] [reconciler_common.go:162] "operationExecutor.UnmountVolume started for volume \"pod-info\" (UniqueName: \"kubernetes.io/configmap/f7e46eb7-58b7-4ee9-b247-c76e68a97476-pod-info\") pod \"f7e46eb7-58b7-4ee9-b247-c76e68a97476\" (UID: \"f7e46eb7-58b7-4ee9-b247-c76e68a97476\") "
2025-01-29 01:04:58,055 INFO c.h.h.t.HelmChartContainer - [K3S] [reconciler_common.go:162] "operationExecutor.UnmountVolume started for volume \"kube-api-access-wlrzg\" (UniqueName: \"kubernetes.io/projected/f7e46eb7-58b7-4ee9-b247-c76e68a97476-kube-api-access-wlrzg\") pod \"f7e46eb7-58b7-4ee9-b247-c76e68a97476\" (UID: \"f7e46eb7-58b7-4ee9-b247-c76e68a97476\") "
2025-01-29 01:04:58,055 INFO c.h.h.t.HelmChartContainer - [K3S] [reconciler_common.go:162] "operationExecutor.UnmountVolume started for volume \"operator-init\" (UniqueName: \"kubernetes.io/empty-dir/f7e46eb7-58b7-4ee9-b247-c76e68a97476-operator-init\") pod \"f7e46eb7-58b7-4ee9-b247-c76e68a97476\" (UID: \"f7e46eb7-58b7-4ee9-b247-c76e68a97476\") "
2025-01-29 01:04:58,055 INFO c.h.h.t.HelmChartContainer - [K3S] [reconciler_common.go:162] "operationExecutor.UnmountVolume started for volume \"hivemq-pvc-data\" (UniqueName: \"kubernetes.io/local-volume/pvc-2e5aba3d-5f14-4a61-8609-0291474aabfa\") pod \"f7e46eb7-58b7-4ee9-b247-c76e68a97476\" (UID: \"f7e46eb7-58b7-4ee9-b247-c76e68a97476\") "
2025-01-29 01:04:58,154 INFO c.h.h.t.HelmChartContainer - [K3S] [reconciler_common.go:299] "Volume detached for volume \"pod-info\" (UniqueName: \"kubernetes.io/configmap/f7e46eb7-58b7-4ee9-b247-c76e68a97476-pod-info\") on node \"dacb2472075c\" DevicePath \"\""
2025-01-29 01:04:58,154 INFO c.h.h.t.HelmChartContainer - [K3S] [reconciler_common.go:299] "Volume detached for volume \"kube-api-access-wlrzg\" (UniqueName: \"kubernetes.io/projected/f7e46eb7-58b7-4ee9-b247-c76e68a97476-kube-api-access-wlrzg\") on node \"dacb2472075c\" DevicePath \"\""
2025-01-29 01:04:58,154 INFO c.h.h.t.HelmChartContainer - [K3S] [reconciler_common.go:299] "Volume detached for volume \"operator-init\" (UniqueName: \"kubernetes.io/empty-dir/f7e46eb7-58b7-4ee9-b247-c76e68a97476-operator-init\") on node \"dacb2472075c\" DevicePath \"\""
2025-01-29 01:04:58,154 INFO c.h.h.t.HelmChartContainer - [K3S] [reconciler_common.go:292] "operationExecutor.UnmountDevice started for volume \"pvc-2e5aba3d-5f14-4a61-8609-0291474aabfa\" (UniqueName: \"kubernetes.io/local-volume/pvc-2e5aba3d-5f14-4a61-8609-0291474aabfa\") on node \"dacb2472075c\" "
2025-01-29 01:04:58,154 INFO c.h.h.t.HelmChartContainer - [K3S] [reconciler_common.go:299] "Volume detached for volume \"broker-configuration\" (UniqueName: \"kubernetes.io/configmap/f7e46eb7-58b7-4ee9-b247-c76e68a97476-broker-configuration\") on node \"dacb2472075c\" DevicePath \"\""
2025-01-29 01:04:58,255 INFO c.h.h.t.HelmChartContainer - [K3S] [reconciler_common.go:299] "Volume detached for volume \"pvc-2e5aba3d-5f14-4a61-8609-0291474aabfa\" (UniqueName: \"kubernetes.io/local-volume/pvc-2e5aba3d-5f14-4a61-8609-0291474aabfa\") on node \"dacb2472075c\" DevicePath \"\""
2025-01-29 01:04:58,660 INFO c.h.h.t.HelmChartContainer - [K3S] [scope.go:117] "RemoveContainer" containerID="8aa4fbec6148286b6225cbf9ffe01a9654e28d8b6124d63990ef0dc1139dda1f"
2025-01-29 01:04:58,664 INFO c.h.h.t.HelmChartContainer - [K3S] [scope.go:117] "RemoveContainer" containerID="cb5a7fff304012367f38cd40428c99ba1f933b3cf00cb96fd5145f1cbd714b19"
2025-01-29 01:04:58,667 INFO c.h.h.t.HelmChartContainer - [K3S] [scope.go:117] "RemoveContainer" containerID="8aa4fbec6148286b6225cbf9ffe01a9654e28d8b6124d63990ef0dc1139dda1f"
2025-01-29 01:04:58,668 INFO c.h.h.t.HelmChartContainer - [K3S] [scope.go:117] "RemoveContainer" containerID="cb5a7fff304012367f38cd40428c99ba1f933b3cf00cb96fd5145f1cbd714b19"
2025-01-29 01:04:58,673 INFO c.h.h.t.HelmChartContainer - [POD] helper-pod-delete-pvc-c3bd48cf-f607-4a1c-a00e-f4bdfb4b8271 [5dc829fe-00cb-48a7-b5ae-128f84e05b10] in kube-system was MODIFIED
2025-01-29 01:04:58,683 INFO c.h.h.t.HelmChartContainer - [POD] helper-pod-delete-pvc-269e796d-774f-45e9-98f2-e3b41618541e [0c5b6e86-1e22-4593-8da7-0b9b975d4922] in kube-system was MODIFIED
2025-01-29 01:04:58,693 INFO c.h.h.t.HelmChartContainer - [POD] test-hivemq-platform-0 [f7e46eb7-58b7-4ee9-b247-c76e68a97476] in helmvolumeclaimtemplatesit was MODIFIED
2025-01-29 01:04:58,695 INFO c.h.h.t.HelmChartContainer - [POD] test-hivemq-platform-0 [f7e46eb7-58b7-4ee9-b247-c76e68a97476] in helmvolumeclaimtemplatesit was DELETED
2025-01-29 01:04:58,709 INFO c.h.h.t.HelmChartContainer - [K3S] [memory_manager.go:355] "RemoveStaleState removing state" podUID="f7e46eb7-58b7-4ee9-b247-c76e68a97476" containerName="hivemq"
2025-01-29 01:04:58,710 INFO c.h.h.t.HelmChartContainer - [POD] helper-pod-delete-pvc-2e5aba3d-5f14-4a61-8609-0291474aabfa [eb79c2a9-37a8-476c-82d8-536a6b41c0e3] in kube-system was ADDED
2025-01-29 01:04:58,718 INFO c.h.h.t.HelmChartContainer - [POD] helper-pod-delete-pvc-2e5aba3d-5f14-4a61-8609-0291474aabfa [eb79c2a9-37a8-476c-82d8-536a6b41c0e3] in kube-system was MODIFIED
2025-01-29 01:04:58,758 INFO c.h.h.t.HelmChartContainer - [K3S] [reconciler_common.go:251] "operationExecutor.VerifyControllerAttachedVolume started for volume \"script\" (UniqueName: \"kubernetes.io/configmap/eb79c2a9-37a8-476c-82d8-536a6b41c0e3-script\") pod \"helper-pod-delete-pvc-2e5aba3d-5f14-4a61-8609-0291474aabfa\" (UID: \"eb79c2a9-37a8-476c-82d8-536a6b41c0e3\") " pod="kube-system/helper-pod-delete-pvc-2e5aba3d-5f14-4a61-8609-0291474aabfa"
2025-01-29 01:04:58,758 INFO c.h.h.t.HelmChartContainer - [K3S] [reconciler_common.go:251] "operationExecutor.VerifyControllerAttachedVolume started for volume \"kube-api-access-t2jss\" (UniqueName: \"kubernetes.io/projected/eb79c2a9-37a8-476c-82d8-536a6b41c0e3-kube-api-access-t2jss\") pod \"helper-pod-delete-pvc-2e5aba3d-5f14-4a61-8609-0291474aabfa\" (UID: \"eb79c2a9-37a8-476c-82d8-536a6b41c0e3\") " pod="kube-system/helper-pod-delete-pvc-2e5aba3d-5f14-4a61-8609-0291474aabfa"
2025-01-29 01:04:58,758 INFO c.h.h.t.HelmChartContainer - [K3S] [reconciler_common.go:251] "operationExecutor.VerifyControllerAttachedVolume started for volume \"data\" (UniqueName: \"kubernetes.io/host-path/eb79c2a9-37a8-476c-82d8-536a6b41c0e3-data\") pod \"helper-pod-delete-pvc-2e5aba3d-5f14-4a61-8609-0291474aabfa\" (UID: \"eb79c2a9-37a8-476c-82d8-536a6b41c0e3\") " pod="kube-system/helper-pod-delete-pvc-2e5aba3d-5f14-4a61-8609-0291474aabfa"
2025-01-29 01:04:58,950 INFO c.h.h.t.HelmChartContainer - [K3S] [kubelet_volumes.go:163] "Cleaned up orphaned pod volumes dir" podUID="2318d085-89bd-4414-b22c-e67c93016ad9" path="/var/lib/kubelet/pods/2318d085-89bd-4414-b22c-e67c93016ad9/volumes"
2025-01-29 01:04:58,951 INFO c.h.h.t.HelmChartContainer - [K3S] [kubelet_volumes.go:163] "Cleaned up orphaned pod volumes dir" podUID="f7e46eb7-58b7-4ee9-b247-c76e68a97476" path="/var/lib/kubelet/pods/f7e46eb7-58b7-4ee9-b247-c76e68a97476/volumes"
2025-01-29 01:04:59,064 INFO c.h.h.t.HelmChartContainer - [K3S] [stateful_set.go:466] "StatefulSet has been deleted" key="helmvolumeclaimtemplatesit/test-hivemq-platform"
2025-01-29 01:04:59,679 INFO c.h.h.t.HelmChartContainer - [POD] helper-pod-delete-pvc-2e5aba3d-5f14-4a61-8609-0291474aabfa [eb79c2a9-37a8-476c-82d8-536a6b41c0e3] in kube-system was MODIFIED
2025-01-29 01:04:59,748 INFO c.h.h.t.HelmChartContainer - [POD] helper-pod-delete-pvc-c3bd48cf-f607-4a1c-a00e-f4bdfb4b8271 [5dc829fe-00cb-48a7-b5ae-128f84e05b10] in kube-system was MODIFIED
2025-01-29 01:04:59,765 INFO c.h.h.t.HelmChartContainer - [POD] helper-pod-delete-pvc-269e796d-774f-45e9-98f2-e3b41618541e [0c5b6e86-1e22-4593-8da7-0b9b975d4922] in kube-system was MODIFIED
2025-01-29 01:04:59,866 INFO c.h.h.t.HelmChartContainer - [K3S] [reconciler_common.go:162] "operationExecutor.UnmountVolume started for volume \"script\" (UniqueName: \"kubernetes.io/configmap/0c5b6e86-1e22-4593-8da7-0b9b975d4922-script\") pod \"0c5b6e86-1e22-4593-8da7-0b9b975d4922\" (UID: \"0c5b6e86-1e22-4593-8da7-0b9b975d4922\") "
2025-01-29 01:04:59,866 INFO c.h.h.t.HelmChartContainer - [K3S] [reconciler_common.go:162] "operationExecutor.UnmountVolume started for volume \"script\" (UniqueName: \"kubernetes.io/configmap/5dc829fe-00cb-48a7-b5ae-128f84e05b10-script\") pod \"5dc829fe-00cb-48a7-b5ae-128f84e05b10\" (UID: \"5dc829fe-00cb-48a7-b5ae-128f84e05b10\") "
2025-01-29 01:04:59,866 INFO c.h.h.t.HelmChartContainer - [K3S] [reconciler_common.go:162] "operationExecutor.UnmountVolume started for volume \"data\" (UniqueName: \"kubernetes.io/host-path/0c5b6e86-1e22-4593-8da7-0b9b975d4922-data\") pod \"0c5b6e86-1e22-4593-8da7-0b9b975d4922\" (UID: \"0c5b6e86-1e22-4593-8da7-0b9b975d4922\") "
2025-01-29 01:04:59,866 INFO c.h.h.t.HelmChartContainer - [K3S] [reconciler_common.go:162] "operationExecutor.UnmountVolume started for volume \"kube-api-access-79qs6\" (UniqueName: \"kubernetes.io/projected/5dc829fe-00cb-48a7-b5ae-128f84e05b10-kube-api-access-79qs6\") pod \"5dc829fe-00cb-48a7-b5ae-128f84e05b10\" (UID: \"5dc829fe-00cb-48a7-b5ae-128f84e05b10\") "
2025-01-29 01:04:59,866 INFO c.h.h.t.HelmChartContainer - [K3S] [reconciler_common.go:162] "operationExecutor.UnmountVolume started for volume \"data\" (UniqueName: \"kubernetes.io/host-path/5dc829fe-00cb-48a7-b5ae-128f84e05b10-data\") pod \"5dc829fe-00cb-48a7-b5ae-128f84e05b10\" (UID: \"5dc829fe-00cb-48a7-b5ae-128f84e05b10\") "
2025-01-29 01:04:59,866 INFO c.h.h.t.HelmChartContainer - [K3S] [reconciler_common.go:162] "operationExecutor.UnmountVolume started for volume \"kube-api-access-5tx4r\" (UniqueName: \"kubernetes.io/projected/0c5b6e86-1e22-4593-8da7-0b9b975d4922-kube-api-access-5tx4r\") pod \"0c5b6e86-1e22-4593-8da7-0b9b975d4922\" (UID: \"0c5b6e86-1e22-4593-8da7-0b9b975d4922\") "
2025-01-29 01:04:59,966 INFO c.h.h.t.HelmChartContainer - [K3S] [reconciler_common.go:299] "Volume detached for volume \"script\" (UniqueName: \"kubernetes.io/configmap/5dc829fe-00cb-48a7-b5ae-128f84e05b10-script\") on node \"dacb2472075c\" DevicePath \"\""
2025-01-29 01:04:59,966 INFO c.h.h.t.HelmChartContainer - [K3S] [reconciler_common.go:299] "Volume detached for volume \"data\" (UniqueName: \"kubernetes.io/host-path/0c5b6e86-1e22-4593-8da7-0b9b975d4922-data\") on node \"dacb2472075c\" DevicePath \"\""
2025-01-29 01:04:59,967 INFO c.h.h.t.HelmChartContainer - [K3S] [reconciler_common.go:299] "Volume detached for volume \"kube-api-access-5tx4r\" (UniqueName: \"kubernetes.io/projected/0c5b6e86-1e22-4593-8da7-0b9b975d4922-kube-api-access-5tx4r\") on node \"dacb2472075c\" DevicePath \"\""
2025-01-29 01:04:59,967 INFO c.h.h.t.HelmChartContainer - [K3S] [reconciler_common.go:299] "Volume detached for volume \"kube-api-access-79qs6\" (UniqueName: \"kubernetes.io/projected/5dc829fe-00cb-48a7-b5ae-128f84e05b10-kube-api-access-79qs6\") on node \"dacb2472075c\" DevicePath \"\""
2025-01-29 01:04:59,967 INFO c.h.h.t.HelmChartContainer - [K3S] [reconciler_common.go:299] "Volume detached for volume \"data\" (UniqueName: \"kubernetes.io/host-path/5dc829fe-00cb-48a7-b5ae-128f84e05b10-data\") on node \"dacb2472075c\" DevicePath \"\""
2025-01-29 01:04:59,967 INFO c.h.h.t.HelmChartContainer - [K3S] [reconciler_common.go:299] "Volume detached for volume \"script\" (UniqueName: \"kubernetes.io/configmap/0c5b6e86-1e22-4593-8da7-0b9b975d4922-script\") on node \"dacb2472075c\" DevicePath \"\""
2025-01-29 01:05:00,599 INFO c.h.h.t.HelmChartContainer - [POD] helper-pod-delete-pvc-c3bd48cf-f607-4a1c-a00e-f4bdfb4b8271 [5dc829fe-00cb-48a7-b5ae-128f84e05b10] in kube-system was MODIFIED
2025-01-29 01:05:00,601 INFO c.h.h.t.HelmChartContainer - [POD] helper-pod-delete-pvc-c3bd48cf-f607-4a1c-a00e-f4bdfb4b8271 [5dc829fe-00cb-48a7-b5ae-128f84e05b10] in kube-system was DELETED
2025-01-29 01:05:00,669 INFO c.h.h.t.HelmChartContainer - [K3S] [pod_container_deletor.go:80] "Container not found in pod's containers" containerID="87de2d4100f3dd2723f1afcf9dd67f5f86c16b63aa74467e54cb2481c97d2aa4"
2025-01-29 01:05:00,670 INFO c.h.h.t.HelmChartContainer - [K3S] [pod_container_deletor.go:80] "Container not found in pod's containers" containerID="7a81d1db34977a12fabb3e600fa90a1695bc439072eafec00801a0ce466dfa81"
2025-01-29 01:05:00,679 INFO c.h.h.t.HelmChartContainer - [K3S] [status_manager.go:890] "Failed to get status for pod" podUID="5dc829fe-00cb-48a7-b5ae-128f84e05b10" pod="kube-system/helper-pod-delete-pvc-c3bd48cf-f607-4a1c-a00e-f4bdfb4b8271" err="pods \"helper-pod-delete-pvc-c3bd48cf-f607-4a1c-a00e-f4bdfb4b8271\" is forbidden: User \"system:node:dacb2472075c\" cannot get resource \"pods\" in API group \"\" in the namespace \"kube-system\": no relationship found between node 'dacb2472075c' and this object"
2025-01-29 01:05:00,715 INFO c.h.h.t.HelmChartContainer - [POD] helper-pod-delete-pvc-269e796d-774f-45e9-98f2-e3b41618541e [0c5b6e86-1e22-4593-8da7-0b9b975d4922] in kube-system was MODIFIED
2025-01-29 01:05:00,717 INFO c.h.h.t.HelmChartContainer - [POD] helper-pod-delete-pvc-269e796d-774f-45e9-98f2-e3b41618541e [0c5b6e86-1e22-4593-8da7-0b9b975d4922] in kube-system was DELETED
2025-01-29 01:05:00,756 INFO c.h.h.t.HelmChartContainer - [K3S] [status_manager.go:890] "Failed to get status for pod" podUID="5dc829fe-00cb-48a7-b5ae-128f84e05b10" pod="kube-system/helper-pod-delete-pvc-c3bd48cf-f607-4a1c-a00e-f4bdfb4b8271" err="pods \"helper-pod-delete-pvc-c3bd48cf-f607-4a1c-a00e-f4bdfb4b8271\" is forbidden: User \"system:node:dacb2472075c\" cannot get resource \"pods\" in API group \"\" in the namespace \"kube-system\": no relationship found between node 'dacb2472075c' and this object"
2025-01-29 01:05:00,757 INFO c.h.h.t.HelmChartContainer - [POD] helper-pod-delete-pvc-2e5aba3d-5f14-4a61-8609-0291474aabfa [eb79c2a9-37a8-476c-82d8-536a6b41c0e3] in kube-system was MODIFIED
2025-01-29 01:05:00,870 INFO c.h.h.t.HelmChartContainer - [K3S] [reconciler_common.go:162] "operationExecutor.UnmountVolume started for volume \"data\" (UniqueName: \"kubernetes.io/host-path/eb79c2a9-37a8-476c-82d8-536a6b41c0e3-data\") pod \"eb79c2a9-37a8-476c-82d8-536a6b41c0e3\" (UID: \"eb79c2a9-37a8-476c-82d8-536a6b41c0e3\") "
2025-01-29 01:05:00,870 INFO c.h.h.t.HelmChartContainer - [K3S] [reconciler_common.go:162] "operationExecutor.UnmountVolume started for volume \"script\" (UniqueName: \"kubernetes.io/configmap/eb79c2a9-37a8-476c-82d8-536a6b41c0e3-script\") pod \"eb79c2a9-37a8-476c-82d8-536a6b41c0e3\" (UID: \"eb79c2a9-37a8-476c-82d8-536a6b41c0e3\") "
2025-01-29 01:05:00,870 INFO c.h.h.t.HelmChartContainer - [K3S] [reconciler_common.go:162] "operationExecutor.UnmountVolume started for volume \"kube-api-access-t2jss\" (UniqueName: \"kubernetes.io/projected/eb79c2a9-37a8-476c-82d8-536a6b41c0e3-kube-api-access-t2jss\") pod \"eb79c2a9-37a8-476c-82d8-536a6b41c0e3\" (UID: \"eb79c2a9-37a8-476c-82d8-536a6b41c0e3\") "
2025-01-29 01:05:00,950 INFO c.h.h.t.HelmChartContainer - [K3S] [kubelet_volumes.go:163] "Cleaned up orphaned pod volumes dir" podUID="0c5b6e86-1e22-4593-8da7-0b9b975d4922" path="/var/lib/kubelet/pods/0c5b6e86-1e22-4593-8da7-0b9b975d4922/volumes"
2025-01-29 01:05:00,951 INFO c.h.h.t.HelmChartContainer - [K3S] [kubelet_volumes.go:163] "Cleaned up orphaned pod volumes dir" podUID="5dc829fe-00cb-48a7-b5ae-128f84e05b10" path="/var/lib/kubelet/pods/5dc829fe-00cb-48a7-b5ae-128f84e05b10/volumes"
2025-01-29 01:05:00,971 INFO c.h.h.t.HelmChartContainer - [K3S] [reconciler_common.go:299] "Volume detached for volume \"data\" (UniqueName: \"kubernetes.io/host-path/eb79c2a9-37a8-476c-82d8-536a6b41c0e3-data\") on node \"dacb2472075c\" DevicePath \"\""
2025-01-29 01:05:00,971 INFO c.h.h.t.HelmChartContainer - [K3S] [reconciler_common.go:299] "Volume detached for volume \"script\" (UniqueName: \"kubernetes.io/configmap/eb79c2a9-37a8-476c-82d8-536a6b41c0e3-script\") on node \"dacb2472075c\" DevicePath \"\""
2025-01-29 01:05:00,971 INFO c.h.h.t.HelmChartContainer - [K3S] [reconciler_common.go:299] "Volume detached for volume \"kube-api-access-t2jss\" (UniqueName: \"kubernetes.io/projected/eb79c2a9-37a8-476c-82d8-536a6b41c0e3-kube-api-access-t2jss\") on node \"dacb2472075c\" DevicePath \"\""
2025-01-29 01:05:01,673 INFO c.h.h.t.HelmChartContainer - [K3S] [pod_container_deletor.go:80] "Container not found in pod's containers" containerID="354055c1177b820b2465b3c7d0d6a0bd94cac964389aa1e21c58d83bc5e5ce33"
2025-01-29 01:05:01,733 INFO c.h.h.t.HelmChartContainer - [POD] helper-pod-delete-pvc-2e5aba3d-5f14-4a61-8609-0291474aabfa [eb79c2a9-37a8-476c-82d8-536a6b41c0e3] in kube-system was MODIFIED
2025-01-29 01:05:01,734 INFO c.h.h.t.HelmChartContainer - [POD] helper-pod-delete-pvc-2e5aba3d-5f14-4a61-8609-0291474aabfa [eb79c2a9-37a8-476c-82d8-536a6b41c0e3] in kube-system was DELETED
2025-01-29 01:05:02,950 INFO c.h.h.t.HelmChartContainer - [K3S] [kubelet_volumes.go:163] "Cleaned up orphaned pod volumes dir" podUID="eb79c2a9-37a8-476c-82d8-536a6b41c0e3" path="/var/lib/kubelet/pods/eb79c2a9-37a8-476c-82d8-536a6b41c0e3/volumes"
2025-01-29 01:05:03,161 INFO c.h.h.t.HelmChartContainer - Namespace 'helmvolumeclaimtemplatesit' deleted
2025-01-29 01:05:03,161 INFO c.h.h.t.HelmChartContainer - Release 'test-hivemq-platform' in namespace 'helmvolumeclaimtemplatesit' is uninstalled
2025-01-29 01:05:03,161 INFO c.h.h.t.HelmChartContainer - Uninstalling release 'test-hivemq-platform-operator' in namespace 'helmvolumeclaimtemplatesit-operator'...
2025-01-29 01:05:03,162 DEBUG c.h.h.t.HelmChartContainer - Executing helm command: /bin/helm --kubeconfig /etc/rancher/k3s/k3s.yaml uninstall test-hivemq-platform-operator  --wait --timeout 5m0s --cascade foreground --namespace helmvolumeclaimtemplatesit-operator
2025-01-29 01:05:03,329 INFO c.h.h.t.HelmChartContainer - [K3S] [replica_set.go:679] "Finished syncing" kind="ReplicaSet" key="helmvolumeclaimtemplatesit-operator/hivemq-test-hivemq-platform-operator-6966f96d65" duration="11.617835ms"
2025-01-29 01:05:03,331 INFO c.h.h.t.HelmChartContainer - [K3S] [replica_set.go:679] "Finished syncing" kind="ReplicaSet" key="helmvolumeclaimtemplatesit-operator/hivemq-test-hivemq-platform-operator-6966f96d65" duration="35.296µs"
2025-01-29 01:05:03,348 INFO c.h.h.t.HelmChartContainer - [POD] hivemq-test-hivemq-platform-operator-6966f96d65-hn57r [62b15f4a-1cc5-4b69-9a52-9951ab27ea98] in helmvolumeclaimtemplatesit-operator was MODIFIED
2025-01-29 01:05:03,354 INFO c.h.h.t.HelmChartContainer - [EVENT] Normal [Killing] Stopping container hivemq-platform-operator [helmvolumeclaimtemplatesit-operator:hivemq-test-hivemq-platform-operator-6966f96d65-hn57r]
2025-01-29 01:05:03,354 INFO c.h.h.t.HelmChartContainer - Received Killing event for container hivemq-platform-operator in pod hivemq-test-hivemq-platform-operator-6966f96d65-hn57r [62b15f4a-1cc5-4b69-9a52-9951ab27ea98]
2025-01-29 01:05:03,354 INFO c.h.h.t.HelmChartContainer - Container [hivemq-test-hivemq-platform-operator-6966f96d65-hn57r] [hivemq-platform-operator] [62b15f4a-1cc5-4b69-9a52-9951ab27ea98] was terminated
2025-01-29 01:05:03,354 INFO c.h.h.t.HelmChartContainer - Stopped log watcher for hivemq-platform-operator in pod hivemq-test-hivemq-platform-operator-6966f96d65-hn57r [62b15f4a-1cc5-4b69-9a52-9951ab27ea98]
2025-01-29 01:05:03,356 INFO c.h.h.t.HelmChartContainer - [K3S] [replica_set.go:679] "Finished syncing" kind="ReplicaSet" key="helmvolumeclaimtemplatesit-operator/hivemq-test-hivemq-platform-operator-6966f96d65" duration="10.617815ms"
2025-01-29 01:05:03,357 INFO c.h.h.t.HelmChartContainer - [hivemq-test-hivemq-platform] [hivemq-platform-operator] [62b15f4a] 01:05:03.355 [application-shutdown-thread] INFO  c.h.p.o.HiveMQPlatformOperatorApplication - HiveMQ Platform Operator is stopping...
2025-01-29 01:05:03,357 INFO c.h.h.t.HelmChartContainer - [hivemq-test-hivemq-platform] [hivemq-platform-operator] [62b15f4a] 01:05:03.355 [application-shutdown-thread] INFO  i.javaoperatorsdk.operator.Operator - Operator SDK 4.9.7 is shutting down...
2025-01-29 01:05:03,362 INFO c.h.h.t.HelmChartContainer - [K3S] [replica_set.go:679] "Finished syncing" kind="ReplicaSet" key="helmvolumeclaimtemplatesit-operator/hivemq-test-hivemq-platform-operator-6966f96d65" duration="38.542µs"
2025-01-29 01:05:03,822 INFO c.h.h.t.HelmChartContainer - [K3S] [replica_set.go:679] "Finished syncing" kind="ReplicaSet" key="helmvolumeclaimtemplatesit-operator/hivemq-test-hivemq-platform-operator-6966f96d65" duration="39.443µs"
2025-01-29 01:05:03,823 INFO c.h.h.t.HelmChartContainer - [POD] hivemq-test-hivemq-platform-operator-6966f96d65-hn57r [62b15f4a-1cc5-4b69-9a52-9951ab27ea98] in helmvolumeclaimtemplatesit-operator was MODIFIED
2025-01-29 01:05:03,890 INFO c.h.h.t.HelmChartContainer - [K3S] [reconciler_common.go:162] "operationExecutor.UnmountVolume started for volume \"kube-api-access-grtjw\" (UniqueName: \"kubernetes.io/projected/62b15f4a-1cc5-4b69-9a52-9951ab27ea98-kube-api-access-grtjw\") pod \"62b15f4a-1cc5-4b69-9a52-9951ab27ea98\" (UID: \"62b15f4a-1cc5-4b69-9a52-9951ab27ea98\") "
2025-01-29 01:05:03,990 INFO c.h.h.t.HelmChartContainer - [K3S] [reconciler_common.go:299] "Volume detached for volume \"kube-api-access-grtjw\" (UniqueName: \"kubernetes.io/projected/62b15f4a-1cc5-4b69-9a52-9951ab27ea98-kube-api-access-grtjw\") on node \"dacb2472075c\" DevicePath \"\""
2025-01-29 01:05:04,678 INFO c.h.h.t.HelmChartContainer - [K3S] [scope.go:117] "RemoveContainer" containerID="0c05f728a7b830b2bf49e0d0da908eb0c96168f0af5668b3c27c865214a29e1d"
2025-01-29 01:05:04,682 INFO c.h.h.t.HelmChartContainer - [K3S] [scope.go:117] "RemoveContainer" containerID="0c05f728a7b830b2bf49e0d0da908eb0c96168f0af5668b3c27c865214a29e1d"
2025-01-29 01:05:04,690 INFO c.h.h.t.HelmChartContainer - [K3S] [replica_set.go:679] "Finished syncing" kind="ReplicaSet" key="helmvolumeclaimtemplatesit-operator/hivemq-test-hivemq-platform-operator-6966f96d65" duration="42.319µs"
2025-01-29 01:05:04,690 INFO c.h.h.t.HelmChartContainer - [POD] hivemq-test-hivemq-platform-operator-6966f96d65-hn57r [62b15f4a-1cc5-4b69-9a52-9951ab27ea98] in helmvolumeclaimtemplatesit-operator was MODIFIED
2025-01-29 01:05:04,692 INFO c.h.h.t.HelmChartContainer - [K3S] [replica_set.go:679] "Finished syncing" kind="ReplicaSet" key="helmvolumeclaimtemplatesit-operator/hivemq-test-hivemq-platform-operator-6966f96d65" duration="29.446µs"
2025-01-29 01:05:04,692 INFO c.h.h.t.HelmChartContainer - [POD] hivemq-test-hivemq-platform-operator-6966f96d65-hn57r [62b15f4a-1cc5-4b69-9a52-9951ab27ea98] in helmvolumeclaimtemplatesit-operator was DELETED
2025-01-29 01:05:04,701 INFO c.h.h.t.HelmChartContainer - [K3S] [replica_set.go:679] "Finished syncing" kind="ReplicaSet" key="helmvolumeclaimtemplatesit-operator/hivemq-test-hivemq-platform-operator-6966f96d65" duration="3.858µs"
2025-01-29 01:05:04,951 INFO c.h.h.t.HelmChartContainer - [K3S] [kubelet_volumes.go:163] "Cleaned up orphaned pod volumes dir" podUID="62b15f4a-1cc5-4b69-9a52-9951ab27ea98" path="/var/lib/kubelet/pods/62b15f4a-1cc5-4b69-9a52-9951ab27ea98/volumes"
2025-01-29 01:05:05,377 INFO c.h.h.t.HelmChartContainer - Deleting namespace 'helmvolumeclaimtemplatesit-operator'...
2025-01-29 01:05:08,075 INFO c.h.h.t.HelmChartContainer - [K3S] [namespace_controller.go:187] "Namespace has been deleted" namespace="helmvolumeclaimtemplatesit"
2025-01-29 01:05:10,594 INFO c.h.h.t.HelmChartContainer - Namespace 'helmvolumeclaimtemplatesit-operator' deleted
2025-01-29 01:05:10,594 INFO c.h.h.t.HelmChartContainer - Release 'test-hivemq-platform-operator' in namespace 'helmvolumeclaimtemplatesit-operator' is uninstalled
2025-01-29 01:05:11,901 INFO c.h.helmcharts.AbstractHelmChartIT - Removed unused containers:

2025-01-29 01:05:15,496 INFO c.h.h.t.HelmChartContainer - [K3S] [namespace_controller.go:187] "Namespace has been deleted" namespace="helmvolumeclaimtemplatesit-operator"
2025-01-29 01:05:20,272 INFO c.h.helmcharts.AbstractHelmChartIT - Removed unused snapshots:
Removing snapshot sha256:03af251906410714c5aef9fa705b63f6bbc39c4a5e787de7361eeb18886c2ed2
Removing snapshot sha256:0c46b3b43cce082ce5ec34ffc6c294e0417d17b9d1e6f366d114b6aadc4f96dc
Removing snapshot sha256:0ce761beee59082d6ed5bcebd3a805b8ddd9b3426b617e4809e7fb7c6587ffec
Removing snapshot sha256:0df91287303208332c8ff6ba40ae4710105201739addbfbddfb955f1ad593664
Removing snapshot sha256:1021ef88c7974bfff89c5a0ec4fd3160daac6c48a075f74cff721f85dd104e68
Removing snapshot sha256:10aba4953ddc18145dd38e3704709bc464aa20af60b56fe52caaff4b68411e62
Removing snapshot sha256:2573e0d8158209ed54ab25c87bcdcb00bd3d2539246960a3d592a1c599d70465
Removing snapshot sha256:35c237fc8a88863140754e1d373ea2ec6bc1fbe4e024dea501dd8c54e9b964cc
Removing snapshot sha256:362a8a37f8bbc31925a8146adcf7cf51f9882f5c1dcbef67c5baa03a297543c0
Removing snapshot sha256:43a7c979bbaba6838bc3102d6b10a1459f3ab050b87ccdfef84ef90cf43d3058
Removing snapshot sha256:4ab04491cdf0d3267f08206fe30bd48f49f94b9cab2f016d6739220f722a64af
Removing snapshot sha256:4b6068250e89c96f263060261819c7d912855bfbd64b3eb4c4a8483299b8c295
Removing snapshot sha256:580e69a0a8034ede1921139bbd2bfb72a69ebf276d008281896c32dd8bf74775
Removing snapshot sha256:5d30ba46b27fe37484567ccc5242cadc78217b8da605f3f195ef25cbf7487904
Removing snapshot sha256:63ca1fbb43ae5034640e5e6cb3e083e05c290072c5366fcaa9d62435a4cced85
Removing snapshot sha256:66140dc7271ceb0a9b5e521509e7d96b916d4182681f723881bfae89675de7f6
Removing snapshot sha256:67f702c6baae873bceb19487c8b1f27bd2b86077e4f2f0e480e6d60ab508b8f5
Removing snapshot sha256:6864348dd42806d552efdec384f1274be15e2d0c10ce44c1f04347af004c10a9
Removing snapshot sha256:6c7dee8f2c39b84b7dc2711c01d33de93514d9055499173e9290176fbe484b6c
Removing snapshot sha256:82753493a6d61ded36556292f02f31841a14c20d2f279f19eaad65afb661d5cd
Removing snapshot sha256:8a10d3db42c505ee0fcfa98417bdd7e39b304f6bcc0a06bb1b220797ff2cc63c
Removing snapshot sha256:a0904247e36a7726c03c71ee48f3e64462021c88dafeb13f37fdaf613b27f11c
Removing snapshot sha256:a21e5b12dbac529ad45d976eb9ce45c881f3bedcc500fb30aba1e52aa1813418
Removing snapshot sha256:b921e6c28969094157f9b8e7244677780319637afd14450b7cb6b2fdea558a0c
Removing snapshot sha256:bc27ecb5769a00e309cf99ebc763c4a4b958b618d1decc96ffac5bc05f02f5b7
Removing snapshot sha256:be3ccb6627a5332e309d45ef461d09b4879dd870c7394d89323d0ebc6ca6aa8a
Removing snapshot sha256:c261f7cbbc64211ee175ee47273acdb7b1a36a4450b397a064a8f2c026490095
Removing snapshot sha256:c34d9393647eea0c9e3557ab988efaf59f61d10a2a5613b439ef0958cca5ec10
Removing snapshot sha256:ccf3c4a0fa967a41c1c83497a2ce6fa5787965859df0adb32c4ca2cf7490bc2b
Removing snapshot sha256:cf92d33f869417309692088c341cd0f223c178ea78a125f757317b22aa8f90e9
Removing snapshot sha256:d0037344cf2fb078884f1849f6a1f8cf9a33a3b6139b6a85833e5ee528e1f9a8
Removing snapshot sha256:d3b36d5b79273b1e98e7700470eaeff05a882e777124d84cebcc1505b85ecb36
Removing snapshot sha256:d65a44a37914602d12c611e5e22a50f11451d847e63015cc1c2aef92dee777a4
Removing snapshot sha256:e18b31bb841a287b695489bbb8c784edf581f5292cab69cef47ebdd9efb22194
Removing snapshot sha256:e2dc0bae2455930f23ae570e019b7f32edc75c0f2d71cab084db837ff9051796
Removing snapshot sha256:eccbd24a99c60cd9e86ee5305dbfc4a4dc89f5ab4fb1f06c8d64797cecedef34
Removing snapshot sha256:f144bb4c7c7f0d2aa7eeffd36d934ec40db1ee167be727e326aad9fdc616f475

]]></system-out>
  </testcase>
  <system-out><![CDATA[2025-01-29 00:59:21,786 INFO c.h.h.t.HelmChartContainerExtension - Using cached HelmChartContainer instance
]]></system-out>
  <system-err><![CDATA[]]></system-err>
</testsuite>
