<?xml version="1.0" encoding="UTF-8"?>
<testsuite name="com.hivemq.helmcharts.services.HelmControlCenterIT" tests="6" skipped="0" failures="0" errors="0" timestamp="2025-07-01T12:29:19" hostname="fv-az1392-585" time="603.359">
  <properties/>
  <testcase name="platformChart_withCustomControlCenterCredentialsSecret_thenAbleToLogin()" classname="com.hivemq.helmcharts.services.HelmControlCenterIT" time="108.918"/>
  <testcase name="platformChart_withCustomControlCenterUsernameAndPassword_thenAbleToLogin()" classname="com.hivemq.helmcharts.services.HelmControlCenterIT" time="92.771"/>
  <testcase name="platformChart_withCustomServiceName_thenAbleToLogin()" classname="com.hivemq.helmcharts.services.HelmControlCenterIT" time="95.983"/>
  <testcase name="platformChart_whenTlsEnabledWithDifferentPrivateKey_thenAbleToLogin()" classname="com.hivemq.helmcharts.services.HelmControlCenterIT" time="109.46"/>
  <testcase name="platformChart_whenTlsEnabled_thenAbleToLogin()" classname="com.hivemq.helmcharts.services.HelmControlCenterIT" time="106.133"/>
  <testcase name="platformChart_whenControlCenterEnabled_thenAbleToLogin()" classname="com.hivemq.helmcharts.services.HelmControlCenterIT" time="90.093"/>
</testsuite>
