<?xml version="1.0" encoding="UTF-8"?>
<testsuite name="com.hivemq.helmcharts.license.HelmBrokerLicensesIT" tests="2" skipped="0" failures="0" errors="0" timestamp="2025-01-30T18:13:17" hostname="fv-az1336-213" time="203.563">
  <properties/>
  <testcase name="withExistingBrokerLicenseSecret_statefulSetWithLicenseSecretMounted()" classname="com.hivemq.helmcharts.license.HelmBrokerLicensesIT" time="105.068">
    <system-out><![CDATA[2025-01-30 18:13:17,310 INFO c.h.h.t.HelmChartContainer - Creating namespace 'helmbrokerlicensesit-operator'...
2025-01-30 18:13:17,525 INFO c.h.h.t.HelmChartContainer - [POD] coredns-ff8999cc5-ndlml [a5b6767f-f1d0-4dd2-a2ea-6f49ea57515d] in kube-system was ADDED
2025-01-30 18:13:17,525 INFO c.h.h.t.HelmChartContainer - Namespace 'helmbrokerlicensesit-operator' created
2025-01-30 18:13:17,525 INFO c.h.h.t.HelmChartContainer - Creating namespace 'helmbrokerlicensesit'...
2025-01-30 18:13:17,527 INFO c.h.h.t.HelmChartContainer - [POD] local-path-provisioner-698b58967b-ztz4n [9fe9d97e-9c38-41f3-8f58-7c6245d86de4] in kube-system was ADDED
2025-01-30 18:13:17,530 INFO c.h.h.t.HelmChartContainer - [POD] metrics-server-8584b5786c-zzt74 [195a1a2c-be9b-4f6a-af23-db7f8fb48b67] in kube-system was ADDED
2025-01-30 18:13:17,539 INFO c.h.h.t.HelmChartContainer - Namespace 'helmbrokerlicensesit' created
2025-01-30 18:13:17,614 DEBUG c.h.h.t.HelmChartContainer - Executing helm command: /bin/helm --kubeconfig /etc/rancher/k3s/k3s.yaml install test-hivemq-platform-operator /charts/hivemq-platform-operator --wait --timeout 5m0s --set image.repository=docker.io/hivemq --set image.name=hivemq-platform-operator-test --set image.initImageName=hivemq-platform-operator-init-test --set image.tag=snapshot --set image.pullPolicy=Never --set logLevel=DEBUG --set resources.cpu=512m --namespace helmbrokerlicensesit-operator
2025-01-30 18:13:19,981 INFO c.h.h.t.HelmChartContainer - [K3S] [alloc.go:330] "allocated clusterIPs" service="helmbrokerlicensesit-operator/hivemq-platform-operator-test-hivemq-platform-operator" clusterIPs={"IPv4":"10.43.23.60"}
2025-01-30 18:13:19,999 INFO c.h.h.t.HelmChartContainer - [EVENT] Normal [ScalingReplicaSet] Scaled up replica set hivemq-test-hivemq-platform-operator-6966f96d65 from 0 to 1 [helmbrokerlicensesit-operator:hivemq-test-hivemq-platform-operator]
2025-01-30 18:13:20,010 INFO c.h.h.t.HelmChartContainer - [POD] hivemq-test-hivemq-platform-operator-6966f96d65-6tqwp [2b5b6080-2edf-492e-9ee1-c3367d5b0f12] in helmbrokerlicensesit-operator was ADDED
2025-01-30 18:13:20,011 INFO c.h.h.t.HelmChartContainer - [EVENT] Normal [SuccessfulCreate] Created pod: hivemq-test-hivemq-platform-operator-6966f96d65-6tqwp [helmbrokerlicensesit-operator:hivemq-test-hivemq-platform-operator-6966f96d65]
2025-01-30 18:13:20,015 INFO c.h.h.t.HelmChartContainer - [POD] hivemq-test-hivemq-platform-operator-6966f96d65-6tqwp [2b5b6080-2edf-492e-9ee1-c3367d5b0f12] in helmbrokerlicensesit-operator was MODIFIED
2025-01-30 18:13:20,022 INFO c.h.h.t.HelmChartContainer - [K3S] [replica_set.go:679] "Finished syncing" kind="ReplicaSet" key="helmbrokerlicensesit-operator/hivemq-test-hivemq-platform-operator-6966f96d65" duration="29.392979ms"
2025-01-30 18:13:20,029 INFO c.h.h.t.HelmChartContainer - [EVENT] Normal [Scheduled] Successfully assigned helmbrokerlicensesit-operator/hivemq-test-hivemq-platform-operator-6966f96d65-6tqwp to b22a4545b13d [helmbrokerlicensesit-operator:hivemq-test-hivemq-platform-operator-6966f96d65-6tqwp]
2025-01-30 18:13:20,046 INFO c.h.h.t.HelmChartContainer - [K3S] [replica_set.go:679] "Finished syncing" kind="ReplicaSet" key="helmbrokerlicensesit-operator/hivemq-test-hivemq-platform-operator-6966f96d65" duration="23.939478ms"
2025-01-30 18:13:20,058 INFO c.h.h.t.HelmChartContainer - [POD] hivemq-test-hivemq-platform-operator-6966f96d65-6tqwp [2b5b6080-2edf-492e-9ee1-c3367d5b0f12] in helmbrokerlicensesit-operator was MODIFIED
2025-01-30 18:13:20,061 INFO c.h.h.t.HelmChartContainer - [K3S] [replica_set.go:679] "Finished syncing" kind="ReplicaSet" key="helmbrokerlicensesit-operator/hivemq-test-hivemq-platform-operator-6966f96d65" duration="14.987718ms"
2025-01-30 18:13:20,061 INFO c.h.h.t.HelmChartContainer - [K3S] [replica_set.go:679] "Finished syncing" kind="ReplicaSet" key="helmbrokerlicensesit-operator/hivemq-test-hivemq-platform-operator-6966f96d65" duration="63.719µs"
2025-01-30 18:13:20,181 INFO c.h.h.t.HelmChartContainer - [K3S] [reconciler_common.go:251] "operationExecutor.VerifyControllerAttachedVolume started for volume \"kube-api-access-r7ffx\" (UniqueName: \"kubernetes.io/projected/2b5b6080-2edf-492e-9ee1-c3367d5b0f12-kube-api-access-r7ffx\") pod \"hivemq-test-hivemq-platform-operator-6966f96d65-6tqwp\" (UID: \"2b5b6080-2edf-492e-9ee1-c3367d5b0f12\") " pod="helmbrokerlicensesit-operator/hivemq-test-hivemq-platform-operator-6966f96d65-6tqwp"
2025-01-30 18:13:20,407 INFO c.h.h.t.HelmChartContainer - [EVENT] Normal [Pulled] Container image "docker.io/hivemq/hivemq-platform-operator-test:snapshot" already present on machine [helmbrokerlicensesit-operator:hivemq-test-hivemq-platform-operator-6966f96d65-6tqwp]
2025-01-30 18:13:20,407 INFO c.h.h.t.HelmChartContainer - Received Pulled event for container hivemq-platform-operator in pod hivemq-test-hivemq-platform-operator-6966f96d65-6tqwp [2b5b6080-2edf-492e-9ee1-c3367d5b0f12]
2025-01-30 18:13:20,416 INFO c.h.h.t.HelmChartContainer - [EVENT] Normal [Created] Created container: hivemq-platform-operator [helmbrokerlicensesit-operator:hivemq-test-hivemq-platform-operator-6966f96d65-6tqwp]
2025-01-30 18:13:20,416 INFO c.h.h.t.HelmChartContainer - Received Created event for container hivemq-platform-operator in pod hivemq-test-hivemq-platform-operator-6966f96d65-6tqwp [2b5b6080-2edf-492e-9ee1-c3367d5b0f12]
2025-01-30 18:13:21,334 INFO c.h.h.t.HelmChartContainer - [K3S] [replica_set.go:679] "Finished syncing" kind="ReplicaSet" key="helmbrokerlicensesit-operator/hivemq-test-hivemq-platform-operator-6966f96d65" duration="43.421µs"
2025-01-30 18:13:21,339 INFO c.h.h.t.HelmChartContainer - [POD] hivemq-test-hivemq-platform-operator-6966f96d65-6tqwp [2b5b6080-2edf-492e-9ee1-c3367d5b0f12] in helmbrokerlicensesit-operator was MODIFIED
2025-01-30 18:13:21,354 INFO c.h.h.t.HelmChartContainer - [EVENT] Normal [Started] Started container hivemq-platform-operator [helmbrokerlicensesit-operator:hivemq-test-hivemq-platform-operator-6966f96d65-6tqwp]
2025-01-30 18:13:21,354 INFO c.h.h.t.HelmChartContainer - Received Started event for container hivemq-platform-operator in pod hivemq-test-hivemq-platform-operator-6966f96d65-6tqwp [2b5b6080-2edf-492e-9ee1-c3367d5b0f12]
2025-01-30 18:13:21,354 INFO c.h.h.t.HelmChartContainer - Started log watcher for hivemq-platform-operator in pod hivemq-test-hivemq-platform-operator-6966f96d65-6tqwp [2b5b6080-2edf-492e-9ee1-c3367d5b0f12]
2025-01-30 18:13:21,355 INFO c.h.h.t.HelmChartContainer - [hivemq-test-hivemq-platform] [hivemq-platform-operator] [2b5b6080] -------------------------------------------------------------------------
2025-01-30 18:13:21,355 INFO c.h.h.t.HelmChartContainer - [hivemq-test-hivemq-platform] [hivemq-platform-operator] [2b5b6080] 
2025-01-30 18:13:21,355 INFO c.h.h.t.HelmChartContainer - [hivemq-test-hivemq-platform] [hivemq-platform-operator] [2b5b6080]                   _    _  _              __  __   ____
2025-01-30 18:13:21,355 INFO c.h.h.t.HelmChartContainer - [hivemq-test-hivemq-platform] [hivemq-platform-operator] [2b5b6080]                  | |  | |(_)            |  \/  | / __ \
2025-01-30 18:13:21,355 INFO c.h.h.t.HelmChartContainer - [hivemq-test-hivemq-platform] [hivemq-platform-operator] [2b5b6080]                  | |__| | _ __   __ ___ | \  / || |  | |
2025-01-30 18:13:21,355 INFO c.h.h.t.HelmChartContainer - [hivemq-test-hivemq-platform] [hivemq-platform-operator] [2b5b6080]                  |  __  || |\ \ / // _ \| |\/| || |  | |
2025-01-30 18:13:21,355 INFO c.h.h.t.HelmChartContainer - [hivemq-test-hivemq-platform] [hivemq-platform-operator] [2b5b6080]                  | |  | || | \ V /|  __/| |  | || |__| |
2025-01-30 18:13:21,355 INFO c.h.h.t.HelmChartContainer - [hivemq-test-hivemq-platform] [hivemq-platform-operator] [2b5b6080]                  |_|  |_||_|  \_/  \___||_|  |_| \___\_\
2025-01-30 18:13:21,355 INFO c.h.h.t.HelmChartContainer - [hivemq-test-hivemq-platform] [hivemq-platform-operator] [2b5b6080] 
2025-01-30 18:13:21,355 INFO c.h.h.t.HelmChartContainer - [hivemq-test-hivemq-platform] [hivemq-platform-operator] [2b5b6080] -------------------------------------------------------------------------
2025-01-30 18:13:21,355 INFO c.h.h.t.HelmChartContainer - [hivemq-test-hivemq-platform] [hivemq-platform-operator] [2b5b6080] 
2025-01-30 18:13:21,355 INFO c.h.h.t.HelmChartContainer - [hivemq-test-hivemq-platform] [hivemq-platform-operator] [2b5b6080]   HiveMQ Platform Operator Start Script v1.0
2025-01-30 18:13:21,355 INFO c.h.h.t.HelmChartContainer - [hivemq-test-hivemq-platform] [hivemq-platform-operator] [2b5b6080] 
2025-01-30 18:13:21,355 INFO c.h.h.t.HelmChartContainer - [hivemq-test-hivemq-platform] [hivemq-platform-operator] [2b5b6080] -------------------------------------------------------------------------
2025-01-30 18:13:21,355 INFO c.h.h.t.HelmChartContainer - [hivemq-test-hivemq-platform] [hivemq-platform-operator] [2b5b6080] 
2025-01-30 18:13:21,355 INFO c.h.h.t.HelmChartContainer - [hivemq-test-hivemq-platform] [hivemq-platform-operator] [2b5b6080]   JAVA_OPTS: -XX:+UnlockExperimentalVMOptions -XX:InitialRAMPercentage=75 -XX:MaxRAMPercentage=75 -Duser.language=en -Duser.region=US
2025-01-30 18:13:21,355 INFO c.h.h.t.HelmChartContainer - [hivemq-test-hivemq-platform] [hivemq-platform-operator] [2b5b6080] 
2025-01-30 18:13:21,355 INFO c.h.h.t.HelmChartContainer - [hivemq-test-hivemq-platform] [hivemq-platform-operator] [2b5b6080]   JAVA_VERSION: 21
2025-01-30 18:13:21,355 INFO c.h.h.t.HelmChartContainer - [hivemq-test-hivemq-platform] [hivemq-platform-operator] [2b5b6080] 
2025-01-30 18:13:21,355 INFO c.h.h.t.HelmChartContainer - [hivemq-test-hivemq-platform] [hivemq-platform-operator] [2b5b6080] -------------------------------------------------------------------------
2025-01-30 18:13:21,355 INFO c.h.h.t.HelmChartContainer - [hivemq-test-hivemq-platform] [hivemq-platform-operator] [2b5b6080] 
2025-01-30 18:13:23,792 INFO c.h.h.t.HelmChartContainer - [hivemq-test-hivemq-platform] [hivemq-platform-operator] [2b5b6080] 18:13:23.790 [main] DEBUG org.jboss.logging - Logging Provider: org.jboss.logging.Slf4jLoggerProvider
2025-01-30 18:13:23,959 INFO c.h.h.t.HelmChartContainer - [hivemq-test-hivemq-platform] [hivemq-platform-operator] [2b5b6080] 18:13:23.958 [main] DEBUG io.smallrye.config - SRCFG01006: Loaded ConfigSource SysPropConfigSource with ordinal 400
2025-01-30 18:13:23,960 INFO c.h.h.t.HelmChartContainer - [hivemq-test-hivemq-platform] [hivemq-platform-operator] [2b5b6080] 18:13:23.958 [main] DEBUG io.smallrye.config - SRCFG01006: Loaded ConfigSource EnvConfigSource with ordinal 300
2025-01-30 18:13:23,960 INFO c.h.h.t.HelmChartContainer - [hivemq-test-hivemq-platform] [hivemq-platform-operator] [2b5b6080] 18:13:23.958 [main] DEBUG io.smallrye.config - SRCFG01006: Loaded ConfigSource PropertiesConfigSource[source=jar:file:///opt/hivemq-platform-operator/bin/hivemq-platform-operator.jar!/hivemq-platform-operator.properties] with ordinal 100
2025-01-30 18:13:23,960 INFO c.h.h.t.HelmChartContainer - [hivemq-test-hivemq-platform] [hivemq-platform-operator] [2b5b6080] 18:13:23.958 [main] DEBUG io.smallrye.config - SRCFG01006: Loaded ConfigSource DefaultValuesConfigSource with ordinal -2147483648
2025-01-30 18:13:24,061 INFO c.h.h.t.HelmChartContainer - [hivemq-test-hivemq-platform] [hivemq-platform-operator] [2b5b6080] 18:13:24.059 [main] DEBUG i.m.c.u.i.l.InternalLoggerFactory - Using SLF4J as the default logging framework
2025-01-30 18:13:24,186 INFO c.h.h.t.HelmChartContainer - [hivemq-test-hivemq-platform] [hivemq-platform-operator] [2b5b6080] 18:13:24.158 [main] INFO  c.h.p.o.HiveMQPlatformOperatorApplication - HiveMQ Platform Operator 1.7.0-SNAPSHOT (commit: 47e3375 on branch: HEAD) built on Thu Jan 30 03:55:50 UTC 2025
2025-01-30 18:13:24,186 INFO c.h.h.t.HelmChartContainer - [hivemq-test-hivemq-platform] [hivemq-platform-operator] [2b5b6080] 18:13:24.184 [main] INFO  c.h.p.o.HiveMQPlatformOperatorApplication - HiveMQ Platform Operator is running in namespace: helmbrokerlicensesit-operator
2025-01-30 18:13:24,186 INFO c.h.h.t.HelmChartContainer - [hivemq-test-hivemq-platform] [hivemq-platform-operator] [2b5b6080] 18:13:24.185 [main] INFO  c.h.p.o.HiveMQPlatformOperatorApplication - Watching all namespaces
2025-01-30 18:13:24,187 INFO c.h.h.t.HelmChartContainer - [hivemq-test-hivemq-platform] [hivemq-platform-operator] [2b5b6080] 18:13:24.185 [main] INFO  c.h.p.o.HiveMQPlatformOperatorApplication - Log level: DEBUG
2025-01-30 18:13:24,187 INFO c.h.h.t.HelmChartContainer - [hivemq-test-hivemq-platform] [hivemq-platform-operator] [2b5b6080] 18:13:24.185 [main] INFO  c.h.p.o.HiveMQPlatformOperatorApplication - Release name: test-hivemq-platform-operator
2025-01-30 18:13:24,187 INFO c.h.h.t.HelmChartContainer - [hivemq-test-hivemq-platform] [hivemq-platform-operator] [2b5b6080] 18:13:24.185 [main] INFO  c.h.p.o.HiveMQPlatformOperatorApplication - HiveMQ Platform Operator Init image: docker.io/hivemq/hivemq-platform-operator-init-test:snapshot
2025-01-30 18:13:24,187 INFO c.h.h.t.HelmChartContainer - [hivemq-test-hivemq-platform] [hivemq-platform-operator] [2b5b6080] 18:13:24.185 [main] INFO  c.h.p.o.HiveMQPlatformOperatorApplication - HiveMQ Platform Operator Init App update URL: http://hivemq-platform-operator-test-hivemq-platform-operator.helmbrokerlicensesit-operator.svc:8080/initAppUpdate/hivemq-platform-operator-init-app-1.7.0-SNAPSHOT.jar
2025-01-30 18:13:24,187 INFO c.h.h.t.HelmChartContainer - [hivemq-test-hivemq-platform] [hivemq-platform-operator] [2b5b6080] 18:13:24.185 [main] INFO  c.h.p.o.HiveMQPlatformOperatorApplication - Additional imagePullSecret for all Platform deployments: none
2025-01-30 18:13:24,187 INFO c.h.h.t.HelmChartContainer - [hivemq-test-hivemq-platform] [hivemq-platform-operator] [2b5b6080] 18:13:24.185 [main] INFO  c.h.p.o.HiveMQPlatformOperatorApplication - Apply HiveMQ Platform CRD: true
2025-01-30 18:13:24,187 INFO c.h.h.t.HelmChartContainer - [hivemq-test-hivemq-platform] [hivemq-platform-operator] [2b5b6080] 18:13:24.185 [main] INFO  c.h.p.o.HiveMQPlatformOperatorApplication - Create Platform ServiceAccount: true
2025-01-30 18:13:24,187 INFO c.h.h.t.HelmChartContainer - [hivemq-test-hivemq-platform] [hivemq-platform-operator] [2b5b6080] 18:13:24.185 [main] INFO  c.h.p.o.HiveMQPlatformOperatorApplication - Create Platform ServiceAccount permissions: true
2025-01-30 18:13:24,187 INFO c.h.h.t.HelmChartContainer - [hivemq-test-hivemq-platform] [hivemq-platform-operator] [2b5b6080] 18:13:24.185 [main] INFO  c.h.p.o.HiveMQPlatformOperatorApplication - Validate Platform ServiceAccount: true
2025-01-30 18:13:24,187 INFO c.h.h.t.HelmChartContainer - [hivemq-test-hivemq-platform] [hivemq-platform-operator] [2b5b6080] 18:13:24.185 [main] INFO  c.h.p.o.HiveMQPlatformOperatorApplication - Validate Platform ServiceAccount permissions: true
2025-01-30 18:13:24,285 INFO c.h.h.t.HelmChartContainer - [hivemq-test-hivemq-platform] [hivemq-platform-operator] [2b5b6080] 18:13:24.284 [main] INFO  c.h.platform.operator.util.CRDUtil - Verifying deployed HiveMQ Platform CRD...
2025-01-30 18:13:26,760 INFO c.h.h.t.HelmChartContainer - [hivemq-test-hivemq-platform] [hivemq-platform-operator] [2b5b6080] 18:13:26.758 [main] DEBUG c.h.platform.operator.util.CRDUtil - HiveMQ Platform CRD version v1 is up to date
2025-01-30 18:13:26,760 INFO c.h.h.t.HelmChartContainer - [hivemq-test-hivemq-platform] [hivemq-platform-operator] [2b5b6080] 18:13:26.758 [main] INFO  c.h.platform.operator.util.CRDUtil - HiveMQ Platform CRD is up to date (version: V1_6_0)
2025-01-30 18:13:26,761 INFO c.h.h.t.HelmChartContainer - [hivemq-test-hivemq-platform] [hivemq-platform-operator] [2b5b6080] 18:13:26.759 [main] INFO  c.h.platform.operator.util.CRDUtil - Waiting 10000 ms for HiveMQ Platform CRD 'hivemq-platforms.hivemq.com' to become ready...
2025-01-30 18:13:27,059 INFO c.h.h.t.HelmChartContainer - [hivemq-test-hivemq-platform] [hivemq-platform-operator] [2b5b6080] 18:13:27.058 [vert.x-eventloop-thread-1] DEBUG c.h.platform.operator.util.CRDUtil - Checking CRD condition 'NamesAccepted' (status: 'True')
2025-01-30 18:13:27,061 INFO c.h.h.t.HelmChartContainer - [hivemq-test-hivemq-platform] [hivemq-platform-operator] [2b5b6080] 18:13:27.058 [vert.x-eventloop-thread-1] DEBUG c.h.platform.operator.util.CRDUtil - Checking CRD condition 'Established' (status: 'True')
2025-01-30 18:13:27,061 INFO c.h.h.t.HelmChartContainer - [hivemq-test-hivemq-platform] [hivemq-platform-operator] [2b5b6080] 18:13:27.059 [main] INFO  c.h.platform.operator.util.CRDUtil - HiveMQ Platform CRD 'hivemq-platforms.hivemq.com' is ready
2025-01-30 18:13:27,258 INFO c.h.h.t.HelmChartContainer - [hivemq-test-hivemq-platform] [hivemq-platform-operator] [2b5b6080] 18:13:27.256 [main] INFO  c.h.p.o.HiveMQPlatformReconciler - HiveMQ Platform Operator is starting...
2025-01-30 18:13:27,363 INFO c.h.h.t.HelmChartContainer - [hivemq-test-hivemq-platform] [hivemq-platform-operator] [2b5b6080] 18:13:27.362 [main] WARN  Default ConfigurationService implementation - Configuration for reconciler 'hivemq-controller' was not found. Known reconcilers: None.
2025-01-30 18:13:27,389 INFO c.h.h.t.HelmChartContainer - [hivemq-test-hivemq-platform] [hivemq-platform-operator] [2b5b6080] 18:13:27.388 [main] INFO  Default ConfigurationService implementation - Created configuration for reconciler com.hivemq.platform.operator.HiveMQPlatformReconciler with name hivemq-controller
2025-01-30 18:13:27,492 INFO c.h.h.t.HelmChartContainer - [hivemq-test-hivemq-platform] [hivemq-platform-operator] [2b5b6080] 18:13:27.491 [main] DEBUG c.h.p.o.HiveMQPlatformReconciler - HiveMQ Platform Operator is preparing EventSources
2025-01-30 18:13:27,565 INFO c.h.h.t.HelmChartContainer - [hivemq-test-hivemq-platform] [hivemq-platform-operator] [2b5b6080] 18:13:27.563 [main] INFO  i.javaoperatorsdk.operator.Operator - Registered reconciler: 'hivemq-controller' for resource: 'class com.hivemq.platform.operator.v1.HiveMQPlatform' for namespace(s): [all namespaces]
2025-01-30 18:13:28,194 INFO c.h.h.t.HelmChartContainer - [hivemq-test-hivemq-platform] [hivemq-platform-operator] [2b5b6080] 18:13:28.193 [main] INFO  c.h.p.operator.webserver.JettyServer - Starting Jetty server on port 8080
2025-01-30 18:13:28,290 INFO c.h.h.t.HelmChartContainer - [hivemq-test-hivemq-platform] [hivemq-platform-operator] [2b5b6080] 18:13:28.288 [main] INFO  i.javaoperatorsdk.operator.Operator - Operator SDK 4.9.7 (commit: 2133d28) built on Wed Nov 20 12:56:20 UTC 2024 starting...
2025-01-30 18:13:28,290 INFO c.h.h.t.HelmChartContainer - [hivemq-test-hivemq-platform] [hivemq-platform-operator] [2b5b6080] 18:13:28.289 [main] INFO  i.javaoperatorsdk.operator.Operator - Client version: 6.13.5
2025-01-30 18:13:28,292 INFO c.h.h.t.HelmChartContainer - [hivemq-test-hivemq-platform] [hivemq-platform-operator] [2b5b6080] 18:13:28.290 [Controller Starter for: hivemq-controller] INFO  i.j.operator.processing.Controller - Starting 'hivemq-controller' controller for reconciler: com.hivemq.platform.operator.HiveMQPlatformReconciler, resource: com.hivemq.platform.operator.v1.HiveMQPlatform
2025-01-30 18:13:28,322 INFO c.h.h.t.HelmChartContainer - [POD] metrics-server-8584b5786c-zzt74 [195a1a2c-be9b-4f6a-af23-db7f8fb48b67] in kube-system was MODIFIED
2025-01-30 18:13:28,329 INFO c.h.h.t.HelmChartContainer - [K3S] [replica_set.go:679] "Finished syncing" kind="ReplicaSet" key="kube-system/metrics-server-8584b5786c" duration="7.941204ms"
2025-01-30 18:13:28,329 INFO c.h.h.t.HelmChartContainer - [K3S] [replica_set.go:679] "Finished syncing" kind="ReplicaSet" key="kube-system/metrics-server-8584b5786c" duration="261.307µs"
2025-01-30 18:13:28,851 INFO c.h.h.t.HelmChartContainer - [K3S] [range_allocator.go:247] "Successfully synced" key="b22a4545b13d"
2025-01-30 18:13:30,886 INFO c.h.h.t.HelmChartContainer - [hivemq-test-hivemq-platform] [hivemq-platform-operator] [2b5b6080] 18:13:30.884 [Controller Starter for: hivemq-controller] INFO  i.j.operator.processing.Controller - 'hivemq-controller' controller started
2025-01-30 18:13:30,888 INFO c.h.h.t.HelmChartContainer - [hivemq-test-hivemq-platform] [hivemq-platform-operator] [2b5b6080] 18:13:30.885 [main] INFO  c.h.p.o.HiveMQPlatformOperatorApplication - HiveMQ Platform Operator 1.7.0-SNAPSHOT started in 6726 ms
2025-01-30 18:13:32,342 INFO c.h.h.t.HelmChartContainer - [POD] hivemq-test-hivemq-platform-operator-6966f96d65-6tqwp [2b5b6080-2edf-492e-9ee1-c3367d5b0f12] in helmbrokerlicensesit-operator was MODIFIED
2025-01-30 18:13:32,348 INFO c.h.h.t.HelmChartContainer - [K3S] [replica_set.go:679] "Finished syncing" kind="ReplicaSet" key="helmbrokerlicensesit-operator/hivemq-test-hivemq-platform-operator-6966f96d65" duration="10.449269ms"
2025-01-30 18:13:32,349 INFO c.h.h.t.HelmChartContainer - [K3S] [replica_set.go:679] "Finished syncing" kind="ReplicaSet" key="helmbrokerlicensesit-operator/hivemq-test-hivemq-platform-operator-6966f96d65" duration="41.718µs"
2025-01-30 18:13:34,052 INFO c.h.h.testcontainer.LogWaiterUtil - TEST Waiting for log pattern on 'test-hivemq-platform-0': .*License file license.lic is corrupt.
2025-01-30 18:13:34,135 DEBUG c.h.h.t.HelmChartContainer - Executing helm command: /bin/helm --kubeconfig /etc/rancher/k3s/k3s.yaml install test-hivemq-platform /charts/hivemq-platform --wait --timeout 5m0s --set image.repository=docker.io/hivemq --set image.tag=4.36.0 --set image.pullPolicy=Never --set nodes.resources.cpu=512m --set nodes.replicaCount=1 --set license.name=test-license --namespace helmbrokerlicensesit
2025-01-30 18:13:34,367 INFO c.h.h.t.HelmChartContainer - [hivemq-test-hivemq-platform] [hivemq-platform-operator] [2b5b6080] 18:13:34.365 [-2082509879-pool-1-thread-2] WARN  i.m.p.PrometheusMeterRegistry - The meter (MeterId{name='operator.sdk.events.received', tags=[tag(action=ADDED),tag(event=ResourceEvent),tag(group=hivemq.com),tag(kind=HiveMQPlatform),tag(name=test-hivemq-platform),tag(namespace=helmbrokerlicensesit),tag(scope=namespace),tag(version=v1)]}) registration has failed: Prometheus requires that all meters with the same name have the same set of tag keys. There is already an existing meter named 'operator.sdk.events.received' containing tag keys [event, group, kind, name, namespace, scope, version]. The meter you are attempting to register has keys [action, event, group, kind, name, namespace, scope, version]. Note that subsequent logs will be logged at debug level.
2025-01-30 18:13:34,789 INFO c.h.h.t.HelmChartContainer - [hivemq-test-hivemq-platform] [hivemq-platform-operator] [2b5b6080] 18:13:34.787 [pool-6-thread-3] DEBUG c.h.p.o.dependants.PodInfoConfigMap - [helmbrok] Desired PodInfo ConfigMap (1 extensions) (1 enabled)
2025-01-30 18:13:34,790 INFO c.h.h.t.HelmChartContainer - [hivemq-test-hivemq-platform] [hivemq-platform-operator] [2b5b6080] 18:13:34.788 [pool-6-thread-3] DEBUG c.h.p.o.dependants.PodInfoConfigMap - [helmbrok] Desired PodInfo ConfigMap (metrics port: 9399) (metrics path: /)
2025-01-30 18:13:34,791 INFO c.h.h.t.HelmChartContainer - [hivemq-test-hivemq-platform] [hivemq-platform-operator] [2b5b6080] 18:13:34.788 [pool-6-thread-3] DEBUG c.h.p.o.dependants.PodInfoConfigMap - [helmbrok] Desired PodInfo ConfigMap (extension state hash: -1817474005)
2025-01-30 18:13:34,791 INFO c.h.h.t.HelmChartContainer - [hivemq-test-hivemq-platform] [hivemq-platform-operator] [2b5b6080] 18:13:34.790 [pool-6-thread-3] DEBUG c.h.p.o.dependants.PodInfoConfigMap - [helmbrok] Create PodInfo ConfigMap
2025-01-30 18:13:34,985 INFO c.h.h.t.HelmChartContainer - [hivemq-test-hivemq-platform] [hivemq-platform-operator] [2b5b6080] 18:13:34.958 [pool-6-thread-5] DEBUG c.h.p.o.dependants.PodRoleResource - [helmbrok] Create Role: Role(apiVersion=rbac.authorization.k8s.io/v1, kind=Role, metadata=ObjectMeta(annotations={meta.helm.sh/release-name=test-hivemq-platform, meta.helm.sh/release-namespace=helmbrokerlicensesit}, creationTimestamp=null, deletionGracePeriodSeconds=null, deletionTimestamp=null, finalizers=[], generateName=null, generation=null, labels={helm.sh/chart=hivemq-platform-0.2.32, app.kubernetes.io/managed-by=Helm, app.kubernetes.io/name=hivemq-platform, hivemq-platform=test-hivemq-platform, app.kubernetes.io/instance=test-hivemq-platform, app.kubernetes.io/version=4.36.0}, managedFields=[], name=hivemq-platform-role-test-hivemq-platform, namespace=helmbrokerlicensesit, ownerReferences=[OwnerReference(apiVersion=hivemq.com/v1, blockOwnerDeletion=null, controller=null, kind=HiveMQPlatform, name=test-hivemq-platform, uid=6f1242c3-bf76-4599-a6fa-44bd8726e712, additionalProperties={})], resourceVersion=null, selfLink=null, uid=null, additionalProperties={}), rules=[PolicyRule(apiGroups=[], nonResourceURLs=[], resourceNames=[], resources=[pods], verbs=[get, patch, update], additionalProperties={})], additionalProperties={})
2025-01-30 18:13:35,060 INFO c.h.h.t.HelmChartContainer - [hivemq-test-hivemq-platform] [hivemq-platform-operator] [2b5b6080] 18:13:35.058 [pool-6-thread-7] DEBUG c.h.p.o.d.PodServiceAccountResource - [helmbrok] Desired PodServiceAccountResource (serviceAccountName: hivemq-platform-pod-test-hivemq-platform)
2025-01-30 18:13:35,061 INFO c.h.h.t.HelmChartContainer - [hivemq-test-hivemq-platform] [hivemq-platform-operator] [2b5b6080] 18:13:35.059 [pool-6-thread-7] DEBUG c.h.p.o.d.PodServiceAccountResource - [helmbrok] Create ServiceAccount 'hivemq-platform-pod-test-hivemq-platform'
2025-01-30 18:13:35,193 INFO c.h.h.t.HelmChartContainer - [hivemq-test-hivemq-platform] [hivemq-platform-operator] [2b5b6080] 18:13:35.191 [pool-6-thread-10] DEBUG c.h.p.o.d.PodRoleBindingResource - [helmbrok] Create RoleBinding: RoleBinding(apiVersion=rbac.authorization.k8s.io/v1, kind=RoleBinding, metadata=ObjectMeta(annotations={meta.helm.sh/release-name=test-hivemq-platform, meta.helm.sh/release-namespace=helmbrokerlicensesit}, creationTimestamp=null, deletionGracePeriodSeconds=null, deletionTimestamp=null, finalizers=[], generateName=null, generation=null, labels={helm.sh/chart=hivemq-platform-0.2.32, app.kubernetes.io/managed-by=Helm, app.kubernetes.io/name=hivemq-platform, hivemq-platform=test-hivemq-platform, app.kubernetes.io/instance=test-hivemq-platform, app.kubernetes.io/version=4.36.0}, managedFields=[], name=hivemq-platform-role-binding-test-hivemq-platform, namespace=helmbrokerlicensesit, ownerReferences=[OwnerReference(apiVersion=hivemq.com/v1, blockOwnerDeletion=null, controller=null, kind=HiveMQPlatform, name=test-hivemq-platform, uid=6f1242c3-bf76-4599-a6fa-44bd8726e712, additionalProperties={})], resourceVersion=null, selfLink=null, uid=null, additionalProperties={}), roleRef=RoleRef(apiGroup=rbac.authorization.k8s.io, kind=Role, name=hivemq-platform-role-test-hivemq-platform, additionalProperties={}), subjects=[Subject(apiGroup=null, kind=ServiceAccount, name=hivemq-platform-pod-test-hivemq-platform, namespace=helmbrokerlicensesit, additionalProperties={})], additionalProperties={})
2025-01-30 18:13:35,286 INFO c.h.h.t.HelmChartContainer - [hivemq-test-hivemq-platform] [hivemq-platform-operator] [2b5b6080] 18:13:35.285 [ReconcilerExecutor-hivemq-controller-52] INFO  c.h.p.o.HiveMQPlatformReconciler - [helmbrok] Reconciling HiveMQ Platform 'test-hivemq-platform' in namespace 'helmbrokerlicensesit'
2025-01-30 18:13:35,287 INFO c.h.h.t.HelmChartContainer - [hivemq-test-hivemq-platform] [hivemq-platform-operator] [2b5b6080] 18:13:35.286 [ReconcilerExecutor-hivemq-controller-52] DEBUG c.h.p.o.HiveMQPlatformReconciler - [helmbrok] Custom Resource Status CREATED - HiveMQ Platform was created (READY)
2025-01-30 18:13:35,288 INFO c.h.h.t.HelmChartContainer - [hivemq-test-hivemq-platform] [hivemq-platform-operator] [2b5b6080] 18:13:35.286 [ReconcilerExecutor-hivemq-controller-52] DEBUG c.h.p.o.HiveMQPlatformReconciler - [helmbrok] Custom Resource Spec (replicas: 1) (extensions: 1)
2025-01-30 18:13:35,291 INFO c.h.h.t.HelmChartContainer - [hivemq-test-hivemq-platform] [hivemq-platform-operator] [2b5b6080] 18:13:35.289 [ReconcilerExecutor-hivemq-controller-52] INFO  c.h.p.o.h.HiveMQPlatformReconcilerBaseHandler - [helmbrok] HiveMQ Platform is starting
2025-01-30 18:13:35,393 INFO c.h.h.t.HelmChartContainer - [hivemq-test-hivemq-platform] [hivemq-platform-operator] [2b5b6080] 18:13:35.392 [ReconcilerExecutor-hivemq-controller-52] DEBUG c.h.p.operator.event.EventSender - [helmbrok] Creating K8s event hivemq-platform-starting: [Start] HiveMQ Platform is starting
2025-01-30 18:13:35,458 INFO c.h.h.t.HelmChartContainer - [EVENT] Normal [Start] HiveMQ Platform is starting [helmbrokerlicensesit:test-hivemq-platform]
2025-01-30 18:13:35,463 INFO c.h.h.t.HelmChartContainer - [hivemq-test-hivemq-platform] [hivemq-platform-operator] [2b5b6080] 18:13:35.461 [ReconcilerExecutor-hivemq-controller-52] INFO  c.h.p.o.h.AbstractHiveMQReconcilerStateHandler - [helmbrok] Update HiveMQ Platform Status (CREATED [READY] -> STARTING [READY]): HiveMQ Platform is starting
2025-01-30 18:13:35,493 DEBUG com.hivemq.helmcharts.util.K8sUtil - Comparing actual state 'STARTING' and waiting for 'RUNNING'
2025-01-30 18:13:45,564 INFO c.h.h.t.HelmChartContainer - [hivemq-test-hivemq-platform] [hivemq-platform-operator] [2b5b6080] 18:13:45.559 [pool-6-thread-12] DEBUG c.h.p.o.d.PlatformServiceResource - [helmbrok] Desired Platform services (3 services)
2025-01-30 18:13:45,566 INFO c.h.h.t.HelmChartContainer - [hivemq-test-hivemq-platform] [hivemq-platform-operator] [2b5b6080] 18:13:45.563 [pool-6-thread-13] DEBUG c.h.p.o.dependants.PodInfoConfigMap - [helmbrok] Desired PodInfo ConfigMap (1 extensions) (1 enabled)
2025-01-30 18:13:45,566 INFO c.h.h.t.HelmChartContainer - [hivemq-test-hivemq-platform] [hivemq-platform-operator] [2b5b6080] 18:13:45.563 [pool-6-thread-13] DEBUG c.h.p.o.dependants.PodInfoConfigMap - [helmbrok] Desired PodInfo ConfigMap (metrics port: 9399) (metrics path: /)
2025-01-30 18:13:45,567 INFO c.h.h.t.HelmChartContainer - [hivemq-test-hivemq-platform] [hivemq-platform-operator] [2b5b6080] 18:13:45.563 [pool-6-thread-13] DEBUG c.h.p.o.dependants.PodInfoConfigMap - [helmbrok] Desired PodInfo ConfigMap (extension state hash: -1817474005)
2025-01-30 18:13:45,572 INFO c.h.h.t.HelmChartContainer - [hivemq-test-hivemq-platform] [hivemq-platform-operator] [2b5b6080] 18:13:45.571 [pool-6-thread-17] DEBUG c.h.p.o.d.PodServiceAccountResource - [helmbrok] Desired PodServiceAccountResource (serviceAccountName: hivemq-platform-pod-test-hivemq-platform)
2025-01-30 18:13:45,573 INFO c.h.h.t.HelmChartContainer - [hivemq-test-hivemq-platform] [hivemq-platform-operator] [2b5b6080] 18:13:45.570 [pool-6-thread-13] DEBUG c.h.p.o.dependants.PodInfoConfigMap - [helmbrok] Update PodInfo ConfigMap
2025-01-30 18:13:45,578 INFO c.h.h.t.HelmChartContainer - [K3S] [alloc.go:330] "allocated clusterIPs" service="helmbrokerlicensesit/hivemq-test-hivemq-platform-metrics-9399" clusterIPs={"IPv4":"10.43.178.244"}
2025-01-30 18:13:45,672 INFO c.h.h.t.HelmChartContainer - [K3S] [alloc.go:330] "allocated clusterIPs" service="helmbrokerlicensesit/hivemq-test-hivemq-platform-cc-8080" clusterIPs={"IPv4":"10.43.198.5"}
2025-01-30 18:13:45,764 INFO c.h.h.t.HelmChartContainer - [K3S] [alloc.go:330] "allocated clusterIPs" service="helmbrokerlicensesit/hivemq-test-hivemq-platform-mqtt-1883" clusterIPs={"IPv4":"10.43.56.75"}
2025-01-30 18:13:45,774 INFO c.h.h.t.HelmChartContainer - [hivemq-test-hivemq-platform] [hivemq-platform-operator] [2b5b6080] 18:13:45.771 [pool-6-thread-20] DEBUG c.h.p.o.d.StatefulSetResource - [helmbrok] Desired StatefulSet (1 replicas) for status STARTING (READY)
2025-01-30 18:13:45,868 INFO c.h.h.t.HelmChartContainer - [hivemq-test-hivemq-platform] [hivemq-platform-operator] [2b5b6080] 18:13:45.867 [pool-6-thread-20] DEBUG c.h.p.o.d.StatefulSetResource - [helmbrok] Create StatefulSet
2025-01-30 18:13:45,909 INFO c.h.h.t.HelmChartContainer - [POD] test-hivemq-platform-0 [3306e807-4c4a-43eb-9c63-ec6f2863e4ca] in helmbrokerlicensesit was ADDED
2025-01-30 18:13:45,911 INFO c.h.h.t.HelmChartContainer - [EVENT] Normal [SuccessfulCreate] create Pod test-hivemq-platform-0 in StatefulSet test-hivemq-platform successful [helmbrokerlicensesit:test-hivemq-platform]
2025-01-30 18:13:45,916 INFO c.h.h.t.HelmChartContainer - [EVENT] Normal [Scheduled] Successfully assigned helmbrokerlicensesit/test-hivemq-platform-0 to b22a4545b13d [helmbrokerlicensesit:test-hivemq-platform-0]
2025-01-30 18:13:45,916 INFO c.h.h.t.HelmChartContainer - [POD] test-hivemq-platform-0 [3306e807-4c4a-43eb-9c63-ec6f2863e4ca] in helmbrokerlicensesit was MODIFIED
2025-01-30 18:13:45,925 INFO c.h.h.t.HelmChartContainer - [POD] test-hivemq-platform-0 [3306e807-4c4a-43eb-9c63-ec6f2863e4ca] in helmbrokerlicensesit was MODIFIED
2025-01-30 18:13:45,937 INFO c.h.h.t.HelmChartContainer - [K3S] [reconciler_common.go:251] "operationExecutor.VerifyControllerAttachedVolume started for volume \"operator-init\" (UniqueName: \"kubernetes.io/empty-dir/3306e807-4c4a-43eb-9c63-ec6f2863e4ca-operator-init\") pod \"test-hivemq-platform-0\" (UID: \"3306e807-4c4a-43eb-9c63-ec6f2863e4ca\") " pod="helmbrokerlicensesit/test-hivemq-platform-0"
2025-01-30 18:13:45,937 INFO c.h.h.t.HelmChartContainer - [K3S] [reconciler_common.go:251] "operationExecutor.VerifyControllerAttachedVolume started for volume \"kube-api-access-rcc62\" (UniqueName: \"kubernetes.io/projected/3306e807-4c4a-43eb-9c63-ec6f2863e4ca-kube-api-access-rcc62\") pod \"test-hivemq-platform-0\" (UID: \"3306e807-4c4a-43eb-9c63-ec6f2863e4ca\") " pod="helmbrokerlicensesit/test-hivemq-platform-0"
2025-01-30 18:13:45,937 INFO c.h.h.t.HelmChartContainer - [K3S] [reconciler_common.go:251] "operationExecutor.VerifyControllerAttachedVolume started for volume \"licenses\" (UniqueName: \"kubernetes.io/secret/3306e807-4c4a-43eb-9c63-ec6f2863e4ca-licenses\") pod \"test-hivemq-platform-0\" (UID: \"3306e807-4c4a-43eb-9c63-ec6f2863e4ca\") " pod="helmbrokerlicensesit/test-hivemq-platform-0"
2025-01-30 18:13:45,937 INFO c.h.h.t.HelmChartContainer - [K3S] [reconciler_common.go:251] "operationExecutor.VerifyControllerAttachedVolume started for volume \"pod-info\" (UniqueName: \"kubernetes.io/configmap/3306e807-4c4a-43eb-9c63-ec6f2863e4ca-pod-info\") pod \"test-hivemq-platform-0\" (UID: \"3306e807-4c4a-43eb-9c63-ec6f2863e4ca\") " pod="helmbrokerlicensesit/test-hivemq-platform-0"
2025-01-30 18:13:45,937 INFO c.h.h.t.HelmChartContainer - [K3S] [reconciler_common.go:251] "operationExecutor.VerifyControllerAttachedVolume started for volume \"broker-configuration\" (UniqueName: \"kubernetes.io/configmap/3306e807-4c4a-43eb-9c63-ec6f2863e4ca-broker-configuration\") pod \"test-hivemq-platform-0\" (UID: \"3306e807-4c4a-43eb-9c63-ec6f2863e4ca\") " pod="helmbrokerlicensesit/test-hivemq-platform-0"
2025-01-30 18:13:46,058 INFO c.h.h.t.HelmChartContainer - [hivemq-test-hivemq-platform] [hivemq-platform-operator] [2b5b6080] 18:13:46.057 [ReconcilerExecutor-hivemq-controller-63] INFO  c.h.p.o.HiveMQPlatformReconciler - [helmbrok] Reconciling HiveMQ Platform 'test-hivemq-platform' in namespace 'helmbrokerlicensesit'
2025-01-30 18:13:46,059 INFO c.h.h.t.HelmChartContainer - [hivemq-test-hivemq-platform] [hivemq-platform-operator] [2b5b6080] 18:13:46.057 [ReconcilerExecutor-hivemq-controller-63] DEBUG c.h.p.o.HiveMQPlatformReconciler - [helmbrok] Custom Resource Status STARTING - HiveMQ Platform is starting (READY)
2025-01-30 18:13:46,059 INFO c.h.h.t.HelmChartContainer - [hivemq-test-hivemq-platform] [hivemq-platform-operator] [2b5b6080] 18:13:46.057 [ReconcilerExecutor-hivemq-controller-63] DEBUG c.h.p.o.HiveMQPlatformReconciler - [helmbrok] Custom Resource Spec (replicas: 1) (extensions: 1)
2025-01-30 18:13:46,062 INFO c.h.h.t.HelmChartContainer - [hivemq-test-hivemq-platform] [hivemq-platform-operator] [2b5b6080] 18:13:46.061 [ReconcilerExecutor-hivemq-controller-63] DEBUG c.h.p.o.HiveMQPlatformReconciler - [helmbrok] StatefulSet Status (revision: test-hivemq-platform-5c857ddf4c, replicas: 1, available: 0, ready: 0, current: 1, updated: 1)
2025-01-30 18:13:46,062 INFO c.h.h.t.HelmChartContainer - [hivemq-test-hivemq-platform] [hivemq-platform-operator] [2b5b6080] 18:13:46.061 [ReconcilerExecutor-hivemq-controller-63] DEBUG c.h.p.o.HiveMQPlatformReconciler - [helmbrok] StatefulSet Spec (replicas: 1, init containers: 1, containers: 1, volumes: 4)
2025-01-30 18:13:46,156 INFO c.h.h.t.HelmChartContainer - [hivemq-test-hivemq-platform] [hivemq-platform-operator] [2b5b6080] 18:13:46.154 [ReconcilerExecutor-hivemq-controller-63] DEBUG c.h.p.o.h.HiveMQPlatformReconcilerErrorHandler - [helmbrok] Pod 'test-hivemq-platform-0' phase Pending
2025-01-30 18:13:46,157 INFO c.h.h.t.HelmChartContainer - [hivemq-test-hivemq-platform] [hivemq-platform-operator] [2b5b6080] 18:13:46.155 [ReconcilerExecutor-hivemq-controller-63] DEBUG c.h.p.o.h.HiveMQPlatformReconcilerErrorHandler - [helmbrok] Pod 'test-hivemq-platform-0' condition 'PodReadyToStartContainers': False
2025-01-30 18:13:46,157 INFO c.h.h.t.HelmChartContainer - [hivemq-test-hivemq-platform] [hivemq-platform-operator] [2b5b6080] 18:13:46.155 [ReconcilerExecutor-hivemq-controller-63] DEBUG c.h.p.o.h.HiveMQPlatformReconcilerErrorHandler - [helmbrok] Pod 'test-hivemq-platform-0' condition 'Initialized': False
2025-01-30 18:13:46,157 INFO c.h.h.t.HelmChartContainer - [hivemq-test-hivemq-platform] [hivemq-platform-operator] [2b5b6080] 18:13:46.155 [ReconcilerExecutor-hivemq-controller-63] DEBUG c.h.p.o.h.HiveMQPlatformReconcilerErrorHandler - [helmbrok] Pod 'test-hivemq-platform-0' condition 'Ready': False
2025-01-30 18:13:46,157 INFO c.h.h.t.HelmChartContainer - [hivemq-test-hivemq-platform] [hivemq-platform-operator] [2b5b6080] 18:13:46.155 [ReconcilerExecutor-hivemq-controller-63] DEBUG c.h.p.o.h.HiveMQPlatformReconcilerErrorHandler - [helmbrok] Pod 'test-hivemq-platform-0' condition 'ContainersReady': False
2025-01-30 18:13:46,157 INFO c.h.h.t.HelmChartContainer - [hivemq-test-hivemq-platform] [hivemq-platform-operator] [2b5b6080] 18:13:46.155 [ReconcilerExecutor-hivemq-controller-63] DEBUG c.h.p.o.h.HiveMQPlatformReconcilerErrorHandler - [helmbrok] Pod 'test-hivemq-platform-0' condition 'PodScheduled': True
2025-01-30 18:13:46,157 INFO c.h.h.t.HelmChartContainer - [hivemq-test-hivemq-platform] [hivemq-platform-operator] [2b5b6080] 18:13:46.155 [ReconcilerExecutor-hivemq-controller-63] DEBUG c.h.p.o.h.HiveMQPlatformReconcilerErrorHandler - [helmbrok] Pod 'test-hivemq-platform-0' containerStatus 'hivemq' (started: false) (ready: false) (waiting: [PodInitializing] null)
2025-01-30 18:13:46,159 INFO c.h.h.t.HelmChartContainer - [hivemq-test-hivemq-platform] [hivemq-platform-operator] [2b5b6080] 18:13:46.159 [ReconcilerExecutor-hivemq-controller-63] INFO  c.h.p.o.h.HiveMQPlatformReconcilerBaseHandler - [helmbrok] HiveMQ Platform is starting, 0 of 1 replicas are ready
2025-01-30 18:13:46,164 INFO c.h.h.t.HelmChartContainer - [hivemq-test-hivemq-platform] [hivemq-platform-operator] [2b5b6080] 18:13:46.163 [pool-6-thread-22] DEBUG c.h.p.o.d.PlatformServiceResource - [helmbrok] Desired Platform services (3 services)
2025-01-30 18:13:46,165 INFO c.h.h.t.HelmChartContainer - [hivemq-test-hivemq-platform] [hivemq-platform-operator] [2b5b6080] 18:13:46.164 [pool-6-thread-23] DEBUG c.h.p.o.dependants.PodInfoConfigMap - [helmbrok] Desired PodInfo ConfigMap (1 extensions) (1 enabled)
2025-01-30 18:13:46,167 INFO c.h.h.t.HelmChartContainer - [hivemq-test-hivemq-platform] [hivemq-platform-operator] [2b5b6080] 18:13:46.164 [pool-6-thread-23] DEBUG c.h.p.o.dependants.PodInfoConfigMap - [helmbrok] Desired PodInfo ConfigMap (metrics port: 9399) (metrics path: /)
2025-01-30 18:13:46,167 INFO c.h.h.t.HelmChartContainer - [hivemq-test-hivemq-platform] [hivemq-platform-operator] [2b5b6080] 18:13:46.164 [pool-6-thread-23] DEBUG c.h.p.o.dependants.PodInfoConfigMap - [helmbrok] Desired PodInfo ConfigMap (extension state hash: -1817474005)
2025-01-30 18:13:46,171 INFO c.h.h.t.HelmChartContainer - [hivemq-test-hivemq-platform] [hivemq-platform-operator] [2b5b6080] 18:13:46.170 [pool-6-thread-27] DEBUG c.h.p.o.d.PodServiceAccountResource - [helmbrok] Desired PodServiceAccountResource (serviceAccountName: hivemq-platform-pod-test-hivemq-platform)
2025-01-30 18:13:46,265 INFO c.h.h.t.HelmChartContainer - [hivemq-test-hivemq-platform] [hivemq-platform-operator] [2b5b6080] 18:13:46.261 [pool-6-thread-30] DEBUG c.h.p.o.d.StatefulSetResource - [helmbrok] Desired StatefulSet (1 replicas) for status STARTING (READY)
2025-01-30 18:13:46,274 INFO c.h.h.t.HelmChartContainer - [hivemq-test-hivemq-platform] [hivemq-platform-operator] [2b5b6080] 18:13:46.273 [ReconcilerExecutor-hivemq-controller-74] INFO  c.h.p.o.HiveMQPlatformReconciler - [helmbrok] Reconciling HiveMQ Platform 'test-hivemq-platform' in namespace 'helmbrokerlicensesit'
2025-01-30 18:13:46,274 INFO c.h.h.t.HelmChartContainer - [hivemq-test-hivemq-platform] [hivemq-platform-operator] [2b5b6080] 18:13:46.273 [ReconcilerExecutor-hivemq-controller-74] DEBUG c.h.p.o.HiveMQPlatformReconciler - [helmbrok] Custom Resource Status STARTING - HiveMQ Platform is starting (READY)
2025-01-30 18:13:46,274 INFO c.h.h.t.HelmChartContainer - [hivemq-test-hivemq-platform] [hivemq-platform-operator] [2b5b6080] 18:13:46.273 [ReconcilerExecutor-hivemq-controller-74] DEBUG c.h.p.o.HiveMQPlatformReconciler - [helmbrok] Custom Resource Spec (replicas: 1) (extensions: 1)
2025-01-30 18:13:46,305 INFO c.h.h.t.HelmChartContainer - [EVENT] Normal [Pulled] Container image "docker.io/hivemq/hivemq-platform-operator-init-test:snapshot" already present on machine [helmbrokerlicensesit:test-hivemq-platform-0]
2025-01-30 18:13:46,313 INFO c.h.h.t.HelmChartContainer - [EVENT] Normal [Created] Created container: hivemq-platform-operator-init [helmbrokerlicensesit:test-hivemq-platform-0]
2025-01-30 18:13:46,353 INFO c.h.h.t.HelmChartContainer - [EVENT] Normal [Started] Started container hivemq-platform-operator-init [helmbrokerlicensesit:test-hivemq-platform-0]
2025-01-30 18:13:46,359 INFO c.h.h.t.HelmChartContainer - [hivemq-test-hivemq-platform] [hivemq-platform-operator] [2b5b6080] 18:13:46.356 [ReconcilerExecutor-hivemq-controller-74] DEBUG c.h.p.o.HiveMQPlatformReconciler - [helmbrok] StatefulSet Status (revision: test-hivemq-platform-5c857ddf4c, replicas: 1, available: 0, ready: 0, current: 1, updated: 1)
2025-01-30 18:13:46,359 INFO c.h.h.t.HelmChartContainer - [hivemq-test-hivemq-platform] [hivemq-platform-operator] [2b5b6080] 18:13:46.356 [ReconcilerExecutor-hivemq-controller-74] DEBUG c.h.p.o.HiveMQPlatformReconciler - [helmbrok] StatefulSet Spec (replicas: 1, init containers: 1, containers: 1, volumes: 4)
2025-01-30 18:13:46,368 INFO c.h.h.t.HelmChartContainer - [hivemq-test-hivemq-platform] [hivemq-platform-operator] [2b5b6080] 18:13:46.361 [ReconcilerExecutor-hivemq-controller-74] DEBUG c.h.p.o.h.HiveMQPlatformReconcilerErrorHandler - [helmbrok] Pod 'test-hivemq-platform-0' phase Pending
2025-01-30 18:13:46,370 INFO c.h.h.t.HelmChartContainer - [hivemq-test-hivemq-platform] [hivemq-platform-operator] [2b5b6080] 18:13:46.361 [ReconcilerExecutor-hivemq-controller-74] DEBUG c.h.p.o.h.HiveMQPlatformReconcilerErrorHandler - [helmbrok] Pod 'test-hivemq-platform-0' condition 'PodReadyToStartContainers': False
2025-01-30 18:13:46,370 INFO c.h.h.t.HelmChartContainer - [hivemq-test-hivemq-platform] [hivemq-platform-operator] [2b5b6080] 18:13:46.361 [ReconcilerExecutor-hivemq-controller-74] DEBUG c.h.p.o.h.HiveMQPlatformReconcilerErrorHandler - [helmbrok] Pod 'test-hivemq-platform-0' condition 'Initialized': False
2025-01-30 18:13:46,373 INFO c.h.h.t.HelmChartContainer - [hivemq-test-hivemq-platform] [hivemq-platform-operator] [2b5b6080] 18:13:46.361 [ReconcilerExecutor-hivemq-controller-74] DEBUG c.h.p.o.h.HiveMQPlatformReconcilerErrorHandler - [helmbrok] Pod 'test-hivemq-platform-0' condition 'Ready': False
2025-01-30 18:13:46,373 INFO c.h.h.t.HelmChartContainer - [hivemq-test-hivemq-platform] [hivemq-platform-operator] [2b5b6080] 18:13:46.362 [ReconcilerExecutor-hivemq-controller-74] DEBUG c.h.p.o.h.HiveMQPlatformReconcilerErrorHandler - [helmbrok] Pod 'test-hivemq-platform-0' condition 'ContainersReady': False
2025-01-30 18:13:46,373 INFO c.h.h.t.HelmChartContainer - [hivemq-test-hivemq-platform] [hivemq-platform-operator] [2b5b6080] 18:13:46.362 [ReconcilerExecutor-hivemq-controller-74] DEBUG c.h.p.o.h.HiveMQPlatformReconcilerErrorHandler - [helmbrok] Pod 'test-hivemq-platform-0' condition 'PodScheduled': True
2025-01-30 18:13:46,373 INFO c.h.h.t.HelmChartContainer - [hivemq-test-hivemq-platform] [hivemq-platform-operator] [2b5b6080] 18:13:46.362 [ReconcilerExecutor-hivemq-controller-74] DEBUG c.h.p.o.h.HiveMQPlatformReconcilerErrorHandler - [helmbrok] Pod 'test-hivemq-platform-0' containerStatus 'hivemq' (started: false) (ready: false) (waiting: [PodInitializing] null)
2025-01-30 18:13:46,373 INFO c.h.h.t.HelmChartContainer - [hivemq-test-hivemq-platform] [hivemq-platform-operator] [2b5b6080] 18:13:46.366 [ReconcilerExecutor-hivemq-controller-74] INFO  c.h.p.o.h.HiveMQPlatformReconcilerBaseHandler - [helmbrok] HiveMQ Platform is starting, 0 of 1 replicas are ready
2025-01-30 18:13:46,384 INFO c.h.h.t.HelmChartContainer - [POD] test-hivemq-platform-0 [3306e807-4c4a-43eb-9c63-ec6f2863e4ca] in helmbrokerlicensesit was MODIFIED
2025-01-30 18:13:46,468 INFO c.h.h.t.HelmChartContainer - [hivemq-test-hivemq-platform] [hivemq-platform-operator] [2b5b6080] 18:13:46.458 [pool-6-thread-32] DEBUG c.h.p.o.d.PlatformServiceResource - [helmbrok] Desired Platform services (3 services)
2025-01-30 18:13:46,468 INFO c.h.h.t.HelmChartContainer - [hivemq-test-hivemq-platform] [hivemq-platform-operator] [2b5b6080] 18:13:46.459 [pool-6-thread-33] DEBUG c.h.p.o.dependants.PodInfoConfigMap - [helmbrok] Desired PodInfo ConfigMap (1 extensions) (1 enabled)
2025-01-30 18:13:46,468 INFO c.h.h.t.HelmChartContainer - [hivemq-test-hivemq-platform] [hivemq-platform-operator] [2b5b6080] 18:13:46.459 [pool-6-thread-33] DEBUG c.h.p.o.dependants.PodInfoConfigMap - [helmbrok] Desired PodInfo ConfigMap (metrics port: 9399) (metrics path: /)
2025-01-30 18:13:46,468 INFO c.h.h.t.HelmChartContainer - [hivemq-test-hivemq-platform] [hivemq-platform-operator] [2b5b6080] 18:13:46.459 [pool-6-thread-33] DEBUG c.h.p.o.dependants.PodInfoConfigMap - [helmbrok] Desired PodInfo ConfigMap (extension state hash: -1817474005)
2025-01-30 18:13:46,468 INFO c.h.h.t.HelmChartContainer - [hivemq-test-hivemq-platform] [hivemq-platform-operator] [2b5b6080] 18:13:46.463 [pool-6-thread-37] DEBUG c.h.p.o.d.PodServiceAccountResource - [helmbrok] Desired PodServiceAccountResource (serviceAccountName: hivemq-platform-pod-test-hivemq-platform)
2025-01-30 18:13:46,557 INFO c.h.h.t.HelmChartContainer - [hivemq-test-hivemq-platform] [hivemq-platform-operator] [2b5b6080] 18:13:46.555 [pool-6-thread-40] DEBUG c.h.p.o.d.StatefulSetResource - [helmbrok] Desired StatefulSet (1 replicas) for status STARTING (READY)
2025-01-30 18:13:46,563 INFO c.h.h.t.HelmChartContainer - [hivemq-test-hivemq-platform] [hivemq-platform-operator] [2b5b6080] 18:13:46.561 [ReconcilerExecutor-hivemq-controller-85] INFO  c.h.p.o.HiveMQPlatformReconciler - [helmbrok] Reconciling HiveMQ Platform 'test-hivemq-platform' in namespace 'helmbrokerlicensesit'
2025-01-30 18:13:46,563 INFO c.h.h.t.HelmChartContainer - [hivemq-test-hivemq-platform] [hivemq-platform-operator] [2b5b6080] 18:13:46.561 [ReconcilerExecutor-hivemq-controller-85] DEBUG c.h.p.o.HiveMQPlatformReconciler - [helmbrok] Custom Resource Status STARTING - HiveMQ Platform is starting (READY)
2025-01-30 18:13:46,563 INFO c.h.h.t.HelmChartContainer - [hivemq-test-hivemq-platform] [hivemq-platform-operator] [2b5b6080] 18:13:46.561 [ReconcilerExecutor-hivemq-controller-85] DEBUG c.h.p.o.HiveMQPlatformReconciler - [helmbrok] Custom Resource Spec (replicas: 1) (extensions: 1)
2025-01-30 18:13:46,565 INFO c.h.h.t.HelmChartContainer - [hivemq-test-hivemq-platform] [hivemq-platform-operator] [2b5b6080] 18:13:46.563 [ReconcilerExecutor-hivemq-controller-85] DEBUG c.h.p.o.HiveMQPlatformReconciler - [helmbrok] StatefulSet Status (revision: test-hivemq-platform-5c857ddf4c, replicas: 1, available: 0, ready: 0, current: 1, updated: 1)
2025-01-30 18:13:46,566 INFO c.h.h.t.HelmChartContainer - [hivemq-test-hivemq-platform] [hivemq-platform-operator] [2b5b6080] 18:13:46.564 [ReconcilerExecutor-hivemq-controller-85] DEBUG c.h.p.o.HiveMQPlatformReconciler - [helmbrok] StatefulSet Spec (replicas: 1, init containers: 1, containers: 1, volumes: 4)
2025-01-30 18:13:46,568 INFO c.h.h.t.HelmChartContainer - [hivemq-test-hivemq-platform] [hivemq-platform-operator] [2b5b6080] 18:13:46.568 [ReconcilerExecutor-hivemq-controller-85] DEBUG c.h.p.o.h.HiveMQPlatformReconcilerErrorHandler - [helmbrok] Pod 'test-hivemq-platform-0' phase Pending
2025-01-30 18:13:46,569 INFO c.h.h.t.HelmChartContainer - [hivemq-test-hivemq-platform] [hivemq-platform-operator] [2b5b6080] 18:13:46.569 [ReconcilerExecutor-hivemq-controller-85] DEBUG c.h.p.o.h.HiveMQPlatformReconcilerErrorHandler - [helmbrok] Pod 'test-hivemq-platform-0' condition 'PodReadyToStartContainers': True
2025-01-30 18:13:46,570 INFO c.h.h.t.HelmChartContainer - [hivemq-test-hivemq-platform] [hivemq-platform-operator] [2b5b6080] 18:13:46.569 [ReconcilerExecutor-hivemq-controller-85] DEBUG c.h.p.o.h.HiveMQPlatformReconcilerErrorHandler - [helmbrok] Pod 'test-hivemq-platform-0' condition 'Initialized': False
2025-01-30 18:13:46,571 INFO c.h.h.t.HelmChartContainer - [hivemq-test-hivemq-platform] [hivemq-platform-operator] [2b5b6080] 18:13:46.570 [ReconcilerExecutor-hivemq-controller-85] DEBUG c.h.p.o.h.HiveMQPlatformReconcilerErrorHandler - [helmbrok] Pod 'test-hivemq-platform-0' condition 'Ready': False
2025-01-30 18:13:46,572 INFO c.h.h.t.HelmChartContainer - [hivemq-test-hivemq-platform] [hivemq-platform-operator] [2b5b6080] 18:13:46.571 [ReconcilerExecutor-hivemq-controller-85] DEBUG c.h.p.o.h.HiveMQPlatformReconcilerErrorHandler - [helmbrok] Pod 'test-hivemq-platform-0' condition 'ContainersReady': False
2025-01-30 18:13:46,572 INFO c.h.h.t.HelmChartContainer - [hivemq-test-hivemq-platform] [hivemq-platform-operator] [2b5b6080] 18:13:46.571 [ReconcilerExecutor-hivemq-controller-85] DEBUG c.h.p.o.h.HiveMQPlatformReconcilerErrorHandler - [helmbrok] Pod 'test-hivemq-platform-0' condition 'PodScheduled': True
2025-01-30 18:13:46,572 INFO c.h.h.t.HelmChartContainer - [hivemq-test-hivemq-platform] [hivemq-platform-operator] [2b5b6080] 18:13:46.571 [ReconcilerExecutor-hivemq-controller-85] DEBUG c.h.p.o.h.HiveMQPlatformReconcilerErrorHandler - [helmbrok] Pod 'test-hivemq-platform-0' containerStatus 'hivemq' (started: false) (ready: false) (waiting: [PodInitializing] null)
2025-01-30 18:13:46,574 INFO c.h.h.t.HelmChartContainer - [hivemq-test-hivemq-platform] [hivemq-platform-operator] [2b5b6080] 18:13:46.573 [ReconcilerExecutor-hivemq-controller-85] INFO  c.h.p.o.h.HiveMQPlatformReconcilerBaseHandler - [helmbrok] HiveMQ Platform is starting, 0 of 1 replicas are ready
2025-01-30 18:13:47,362 INFO c.h.h.t.HelmChartContainer - [EVENT] Normal [Pulled] Container image "docker.io/hivemq/hivemq4:4.36.0" already present on machine [helmbrokerlicensesit:test-hivemq-platform-0]
2025-01-30 18:13:47,363 INFO c.h.h.t.HelmChartContainer - Received Pulled event for container hivemq in pod test-hivemq-platform-0 [3306e807-4c4a-43eb-9c63-ec6f2863e4ca]
2025-01-30 18:13:47,371 INFO c.h.h.t.HelmChartContainer - [POD] test-hivemq-platform-0 [3306e807-4c4a-43eb-9c63-ec6f2863e4ca] in helmbrokerlicensesit was MODIFIED
2025-01-30 18:13:47,376 INFO c.h.h.t.HelmChartContainer - [EVENT] Normal [Created] Created container: hivemq [helmbrokerlicensesit:test-hivemq-platform-0]
2025-01-30 18:13:47,376 INFO c.h.h.t.HelmChartContainer - Received Created event for container hivemq in pod test-hivemq-platform-0 [3306e807-4c4a-43eb-9c63-ec6f2863e4ca]
2025-01-30 18:13:47,384 INFO c.h.h.t.HelmChartContainer - [hivemq-test-hivemq-platform] [hivemq-platform-operator] [2b5b6080] 18:13:47.382 [pool-6-thread-42] DEBUG c.h.p.o.d.PlatformServiceResource - [helmbrok] Desired Platform services (3 services)
2025-01-30 18:13:47,387 INFO c.h.h.t.HelmChartContainer - [hivemq-test-hivemq-platform] [hivemq-platform-operator] [2b5b6080] 18:13:47.383 [pool-6-thread-43] DEBUG c.h.p.o.dependants.PodInfoConfigMap - [helmbrok] Desired PodInfo ConfigMap (1 extensions) (1 enabled)
2025-01-30 18:13:47,387 INFO c.h.h.t.HelmChartContainer - [hivemq-test-hivemq-platform] [hivemq-platform-operator] [2b5b6080] 18:13:47.383 [pool-6-thread-43] DEBUG c.h.p.o.dependants.PodInfoConfigMap - [helmbrok] Desired PodInfo ConfigMap (metrics port: 9399) (metrics path: /)
2025-01-30 18:13:47,387 INFO c.h.h.t.HelmChartContainer - [hivemq-test-hivemq-platform] [hivemq-platform-operator] [2b5b6080] 18:13:47.383 [pool-6-thread-43] DEBUG c.h.p.o.dependants.PodInfoConfigMap - [helmbrok] Desired PodInfo ConfigMap (extension state hash: -1817474005)
2025-01-30 18:13:47,399 INFO c.h.h.t.HelmChartContainer - [hivemq-test-hivemq-platform] [hivemq-platform-operator] [2b5b6080] 18:13:47.396 [pool-6-thread-47] DEBUG c.h.p.o.d.PodServiceAccountResource - [helmbrok] Desired PodServiceAccountResource (serviceAccountName: hivemq-platform-pod-test-hivemq-platform)
2025-01-30 18:13:47,465 INFO c.h.h.t.HelmChartContainer - [hivemq-test-hivemq-platform] [hivemq-platform-operator] [2b5b6080] 18:13:47.460 [pool-6-thread-50] DEBUG c.h.p.o.d.StatefulSetResource - [helmbrok] Desired StatefulSet (1 replicas) for status STARTING (READY)
2025-01-30 18:13:47,486 INFO c.h.h.t.HelmChartContainer - [hivemq-test-hivemq-platform] [hivemq-platform-operator] [2b5b6080] 18:13:47.484 [ReconcilerExecutor-hivemq-controller-96] INFO  c.h.p.o.HiveMQPlatformReconciler - [helmbrok] Reconciling HiveMQ Platform 'test-hivemq-platform' in namespace 'helmbrokerlicensesit'
2025-01-30 18:13:47,486 INFO c.h.h.t.HelmChartContainer - [hivemq-test-hivemq-platform] [hivemq-platform-operator] [2b5b6080] 18:13:47.484 [ReconcilerExecutor-hivemq-controller-96] DEBUG c.h.p.o.HiveMQPlatformReconciler - [helmbrok] Custom Resource Status STARTING - HiveMQ Platform is starting (READY)
2025-01-30 18:13:47,486 INFO c.h.h.t.HelmChartContainer - [hivemq-test-hivemq-platform] [hivemq-platform-operator] [2b5b6080] 18:13:47.484 [ReconcilerExecutor-hivemq-controller-96] DEBUG c.h.p.o.HiveMQPlatformReconciler - [helmbrok] Custom Resource Spec (replicas: 1) (extensions: 1)
2025-01-30 18:13:47,492 INFO c.h.h.t.HelmChartContainer - [hivemq-test-hivemq-platform] [hivemq-platform-operator] [2b5b6080] 18:13:47.488 [ReconcilerExecutor-hivemq-controller-96] DEBUG c.h.p.o.HiveMQPlatformReconciler - [helmbrok] StatefulSet Status (revision: test-hivemq-platform-5c857ddf4c, replicas: 1, available: 0, ready: 0, current: 1, updated: 1)
2025-01-30 18:13:47,492 INFO c.h.h.t.HelmChartContainer - [hivemq-test-hivemq-platform] [hivemq-platform-operator] [2b5b6080] 18:13:47.489 [ReconcilerExecutor-hivemq-controller-96] DEBUG c.h.p.o.HiveMQPlatformReconciler - [helmbrok] StatefulSet Spec (replicas: 1, init containers: 1, containers: 1, volumes: 4)
2025-01-30 18:13:47,556 INFO c.h.h.t.HelmChartContainer - [hivemq-test-hivemq-platform] [hivemq-platform-operator] [2b5b6080] 18:13:47.554 [ReconcilerExecutor-hivemq-controller-96] DEBUG c.h.p.o.h.HiveMQPlatformReconcilerErrorHandler - [helmbrok] Pod 'test-hivemq-platform-0' phase Pending
2025-01-30 18:13:47,557 INFO c.h.h.t.HelmChartContainer - [hivemq-test-hivemq-platform] [hivemq-platform-operator] [2b5b6080] 18:13:47.555 [ReconcilerExecutor-hivemq-controller-96] DEBUG c.h.p.o.h.HiveMQPlatformReconcilerErrorHandler - [helmbrok] Pod 'test-hivemq-platform-0' condition 'PodReadyToStartContainers': True
2025-01-30 18:13:47,558 INFO c.h.h.t.HelmChartContainer - [hivemq-test-hivemq-platform] [hivemq-platform-operator] [2b5b6080] 18:13:47.555 [ReconcilerExecutor-hivemq-controller-96] DEBUG c.h.p.o.h.HiveMQPlatformReconcilerErrorHandler - [helmbrok] Pod 'test-hivemq-platform-0' condition 'Initialized': True
2025-01-30 18:13:47,558 INFO c.h.h.t.HelmChartContainer - [hivemq-test-hivemq-platform] [hivemq-platform-operator] [2b5b6080] 18:13:47.555 [ReconcilerExecutor-hivemq-controller-96] DEBUG c.h.p.o.h.HiveMQPlatformReconcilerErrorHandler - [helmbrok] Pod 'test-hivemq-platform-0' condition 'Ready': False
2025-01-30 18:13:47,558 INFO c.h.h.t.HelmChartContainer - [hivemq-test-hivemq-platform] [hivemq-platform-operator] [2b5b6080] 18:13:47.555 [ReconcilerExecutor-hivemq-controller-96] DEBUG c.h.p.o.h.HiveMQPlatformReconcilerErrorHandler - [helmbrok] Pod 'test-hivemq-platform-0' condition 'ContainersReady': False
2025-01-30 18:13:47,558 INFO c.h.h.t.HelmChartContainer - [hivemq-test-hivemq-platform] [hivemq-platform-operator] [2b5b6080] 18:13:47.555 [ReconcilerExecutor-hivemq-controller-96] DEBUG c.h.p.o.h.HiveMQPlatformReconcilerErrorHandler - [helmbrok] Pod 'test-hivemq-platform-0' condition 'PodScheduled': True
2025-01-30 18:13:47,558 INFO c.h.h.t.HelmChartContainer - [hivemq-test-hivemq-platform] [hivemq-platform-operator] [2b5b6080] 18:13:47.555 [ReconcilerExecutor-hivemq-controller-96] DEBUG c.h.p.o.h.HiveMQPlatformReconcilerErrorHandler - [helmbrok] Pod 'test-hivemq-platform-0' containerStatus 'hivemq' (started: false) (ready: false) (waiting: [PodInitializing] null)
2025-01-30 18:13:47,559 INFO c.h.h.t.HelmChartContainer - [hivemq-test-hivemq-platform] [hivemq-platform-operator] [2b5b6080] 18:13:47.556 [ReconcilerExecutor-hivemq-controller-96] INFO  c.h.p.o.h.HiveMQPlatformReconcilerBaseHandler - [helmbrok] HiveMQ Platform is starting, 0 of 1 replicas are ready
2025-01-30 18:13:48,380 INFO c.h.h.t.HelmChartContainer - [POD] test-hivemq-platform-0 [3306e807-4c4a-43eb-9c63-ec6f2863e4ca] in helmbrokerlicensesit was MODIFIED
2025-01-30 18:13:48,386 INFO c.h.h.t.HelmChartContainer - [EVENT] Normal [Started] Started container hivemq [helmbrokerlicensesit:test-hivemq-platform-0]
2025-01-30 18:13:48,386 INFO c.h.h.t.HelmChartContainer - Received Started event for container hivemq in pod test-hivemq-platform-0 [3306e807-4c4a-43eb-9c63-ec6f2863e4ca]
2025-01-30 18:13:48,386 INFO c.h.h.t.HelmChartContainer - Started log watcher for hivemq in pod test-hivemq-platform-0 [3306e807-4c4a-43eb-9c63-ec6f2863e4ca]
2025-01-30 18:13:48,391 INFO c.h.h.t.HelmChartContainer - [test-hivemq-platform] [hivemq] [3306e807] Adding pre-installed HiveMQ Platform Operator extensions
2025-01-30 18:13:48,391 INFO c.h.h.t.HelmChartContainer - [test-hivemq-platform] [hivemq] [3306e807] Running as user 10000
2025-01-30 18:13:48,391 INFO c.h.h.t.HelmChartContainer - [test-hivemq-platform] [hivemq] [3306e807] Starting HiveMQ Platform Operator Init
2025-01-30 18:13:48,391 INFO c.h.h.t.HelmChartContainer - [hivemq-test-hivemq-platform] [hivemq-platform-operator] [2b5b6080] 18:13:48.383 [pool-6-thread-6] DEBUG c.h.p.o.d.PlatformServiceResource - [helmbrok] Desired Platform services (3 services)
2025-01-30 18:13:48,391 INFO c.h.h.t.HelmChartContainer - [hivemq-test-hivemq-platform] [hivemq-platform-operator] [2b5b6080] 18:13:48.383 [pool-6-thread-8] DEBUG c.h.p.o.dependants.PodInfoConfigMap - [helmbrok] Desired PodInfo ConfigMap (1 extensions) (1 enabled)
2025-01-30 18:13:48,392 INFO c.h.h.t.HelmChartContainer - [hivemq-test-hivemq-platform] [hivemq-platform-operator] [2b5b6080] 18:13:48.384 [pool-6-thread-8] DEBUG c.h.p.o.dependants.PodInfoConfigMap - [helmbrok] Desired PodInfo ConfigMap (metrics port: 9399) (metrics path: /)
2025-01-30 18:13:48,392 INFO c.h.h.t.HelmChartContainer - [hivemq-test-hivemq-platform] [hivemq-platform-operator] [2b5b6080] 18:13:48.384 [pool-6-thread-8] DEBUG c.h.p.o.dependants.PodInfoConfigMap - [helmbrok] Desired PodInfo ConfigMap (extension state hash: -1817474005)
2025-01-30 18:13:48,393 INFO c.h.h.t.HelmChartContainer - [hivemq-test-hivemq-platform] [hivemq-platform-operator] [2b5b6080] 18:13:48.385 [pool-6-thread-8] DEBUG c.h.p.o.d.PodServiceAccountResource - [helmbrok] Desired PodServiceAccountResource (serviceAccountName: hivemq-platform-pod-test-hivemq-platform)
2025-01-30 18:13:48,397 INFO c.h.h.t.HelmChartContainer - [hivemq-test-hivemq-platform] [hivemq-platform-operator] [2b5b6080] 18:13:48.395 [pool-6-thread-6] DEBUG c.h.p.o.d.StatefulSetResource - [helmbrok] Desired StatefulSet (1 replicas) for status STARTING (READY)
2025-01-30 18:13:48,456 INFO c.h.h.t.HelmChartContainer - [hivemq-test-hivemq-platform] [hivemq-platform-operator] [2b5b6080] 18:13:48.454 [ReconcilerExecutor-hivemq-controller-107] INFO  c.h.p.o.HiveMQPlatformReconciler - [helmbrok] Reconciling HiveMQ Platform 'test-hivemq-platform' in namespace 'helmbrokerlicensesit'
2025-01-30 18:13:48,456 INFO c.h.h.t.HelmChartContainer - [hivemq-test-hivemq-platform] [hivemq-platform-operator] [2b5b6080] 18:13:48.454 [ReconcilerExecutor-hivemq-controller-107] DEBUG c.h.p.o.HiveMQPlatformReconciler - [helmbrok] Custom Resource Status STARTING - HiveMQ Platform is starting (READY)
2025-01-30 18:13:48,457 INFO c.h.h.t.HelmChartContainer - [hivemq-test-hivemq-platform] [hivemq-platform-operator] [2b5b6080] 18:13:48.454 [ReconcilerExecutor-hivemq-controller-107] DEBUG c.h.p.o.HiveMQPlatformReconciler - [helmbrok] Custom Resource Spec (replicas: 1) (extensions: 1)
2025-01-30 18:13:48,461 INFO c.h.h.t.HelmChartContainer - [hivemq-test-hivemq-platform] [hivemq-platform-operator] [2b5b6080] 18:13:48.460 [ReconcilerExecutor-hivemq-controller-107] DEBUG c.h.p.o.HiveMQPlatformReconciler - [helmbrok] StatefulSet Status (revision: test-hivemq-platform-5c857ddf4c, replicas: 1, available: 0, ready: 0, current: 1, updated: 1)
2025-01-30 18:13:48,461 INFO c.h.h.t.HelmChartContainer - [hivemq-test-hivemq-platform] [hivemq-platform-operator] [2b5b6080] 18:13:48.460 [ReconcilerExecutor-hivemq-controller-107] DEBUG c.h.p.o.HiveMQPlatformReconciler - [helmbrok] StatefulSet Spec (replicas: 1, init containers: 1, containers: 1, volumes: 4)
2025-01-30 18:13:48,462 INFO c.h.h.t.HelmChartContainer - [hivemq-test-hivemq-platform] [hivemq-platform-operator] [2b5b6080] 18:13:48.462 [ReconcilerExecutor-hivemq-controller-107] DEBUG c.h.p.o.h.HiveMQPlatformReconcilerErrorHandler - [helmbrok] Pod 'test-hivemq-platform-0' phase Running
2025-01-30 18:13:48,463 INFO c.h.h.t.HelmChartContainer - [hivemq-test-hivemq-platform] [hivemq-platform-operator] [2b5b6080] 18:13:48.463 [ReconcilerExecutor-hivemq-controller-107] INFO  c.h.p.o.h.HiveMQPlatformReconcilerBaseHandler - [helmbrok] HiveMQ Platform is starting, 0 of 1 replicas are ready
2025-01-30 18:13:48,711 INFO c.h.h.t.HelmChartContainer - [test-hivemq-platform] [hivemq] [3306e807] INFO  - [HiveMQ Platform Operator Init 1.7.0-SNAPSHOT] HiveMQ Platform Operator Init 1.7.0-SNAPSHOT (commit: 47e3375 on branch: HEAD) built on Thu Jan 30 03:55:50 UTC 2025
2025-01-30 18:13:49,923 INFO c.h.h.t.HelmChartContainer - [test-hivemq-platform] [hivemq] [3306e807] INFO  - [HiveMQ Platform Operator Init App 1.7.0-SNAPSHOT] Using bind address 10.42.0.6 from environment variable
2025-01-30 18:13:50,829 INFO c.h.h.t.HelmChartContainer - [test-hivemq-platform] [hivemq] [3306e807] INFO  - [HiveMQ Platform Operator Init App 1.7.0-SNAPSHOT] HiveMQ Platform Operator Init App 1.7.0-SNAPSHOT (commit: 47e3375 on branch: HEAD) built on Thu Jan 30 03:55:50 UTC 2025
2025-01-30 18:13:50,829 INFO c.h.h.t.HelmChartContainer - [test-hivemq-platform] [hivemq] [3306e807] INFO  - [HiveMQ Platform Operator Init App 1.7.0-SNAPSHOT] PodInfo ConfigMap directory: /etc/podinfo
2025-01-30 18:13:50,830 INFO c.h.h.t.HelmChartContainer - [test-hivemq-platform] [hivemq] [3306e807] INFO  - [HiveMQ Platform Operator Init App 1.7.0-SNAPSHOT] HiveMQ home directory: /opt/hivemq
2025-01-30 18:13:50,830 INFO c.h.h.t.HelmChartContainer - [test-hivemq-platform] [hivemq] [3306e807] INFO  - [HiveMQ Platform Operator Init App 1.7.0-SNAPSHOT] HiveMQ Logback folder: /opt/hivemq/conf
2025-01-30 18:13:50,830 INFO c.h.h.t.HelmChartContainer - [test-hivemq-platform] [hivemq] [3306e807] INFO  - [HiveMQ Platform Operator Init App 1.7.0-SNAPSHOT] HiveMQ Config folder: /opt/hivemq/conf-k8s
2025-01-30 18:13:50,830 INFO c.h.h.t.HelmChartContainer - [test-hivemq-platform] [hivemq] [3306e807] INFO  - [HiveMQ Platform Operator Init App 1.7.0-SNAPSHOT] Starting HiveMQ Platform Operator Init App
2025-01-30 18:13:50,831 INFO c.h.h.t.HelmChartContainer - [test-hivemq-platform] [hivemq] [3306e807] INFO  - [HiveMQ Platform Operator Init App 1.7.0-SNAPSHOT] Starting Pod reconciler
2025-01-30 18:13:52,113 INFO c.h.h.t.HelmChartContainer - [test-hivemq-platform] [hivemq] [3306e807] INFO  - [HiveMQ Platform Operator Init App 1.7.0-SNAPSHOT] Pod reconciler is scheduled (interval: 5000 ms)
2025-01-30 18:13:52,115 INFO c.h.h.t.HelmChartContainer - [test-hivemq-platform] [hivemq] [3306e807] INFO  - [HiveMQ Platform Operator Init App 1.7.0-SNAPSHOT] Starting the REST API on 10.42.0.6:7979
2025-01-30 18:13:52,117 INFO c.h.h.t.HelmChartContainer - [test-hivemq-platform] [hivemq] [3306e807] INFO  - [HiveMQ Platform Operator Init App 1.7.0-SNAPSHOT] Waiting up to 600s for at most 1 HiveMQ nodes in cluster service hivemq-test-hivemq-platform-cluster.helmbrokerlicensesit.svc
2025-01-30 18:13:52,428 INFO c.h.h.t.HelmChartContainer - [test-hivemq-platform] [hivemq] [3306e807] INFO  - [HiveMQ Platform Operator Init App 1.7.0-SNAPSHOT] Resolved 1 IP addresses: [10.42.0.6]
2025-01-30 18:13:52,428 INFO c.h.h.t.HelmChartContainer - [test-hivemq-platform] [hivemq] [3306e807] INFO  - [HiveMQ Platform Operator Init App 1.7.0-SNAPSHOT] HiveMQ node count of 1 is within threshold of 1
2025-01-30 18:13:52,428 INFO c.h.h.t.HelmChartContainer - [test-hivemq-platform] [hivemq] [3306e807] INFO  - [HiveMQ Platform Operator Init App 1.7.0-SNAPSHOT] Proceeding with container start
2025-01-30 18:13:52,526 INFO c.h.h.t.HelmChartContainer - [test-hivemq-platform] [hivemq] [3306e807] INFO  - [HiveMQ Platform Operator Init App 1.7.0-SNAPSHOT] Initializing HiveMQ Platform extensions with initial configuration: {hivemq-allow-all-extension={start-priority=-1, skip-https-hostname-verification=false, restart=true, config-version=0, header-version=0, c-uri=, priority=-1, uri=preinstalled, skip-https-certificate-validation=false, enabled=true}, hivemq-prometheus-extension={c-uri=, skip-https-hostname-verification=false, skip-https-certificate-validation=false, uri=preinstalled, request-header-path=no-request-headers, enabled=true, restart=true, priority=-1, start-priority=-1}}
2025-01-30 18:13:53,005 INFO c.h.h.t.HelmChartContainer - [test-hivemq-platform] [hivemq] [3306e807] INFO  - [HiveMQ Platform Operator Init App 1.7.0-SNAPSHOT] Extension hivemq-allow-all-extension was already enabled
2025-01-30 18:13:53,017 INFO c.h.h.t.HelmChartContainer - [test-hivemq-platform] [hivemq] [3306e807] INFO  - [HiveMQ Platform Operator Init App 1.7.0-SNAPSHOT] Successfully enabled extension hivemq-prometheus-extension
2025-01-30 18:13:53,018 INFO c.h.h.t.HelmChartContainer - [test-hivemq-platform] [hivemq] [3306e807] INFO  - [HiveMQ Platform Operator Init App 1.7.0-SNAPSHOT] Starting HiveMQ Platform version 4.36.0 (4.36.0)
2025-01-30 18:13:53,020 INFO c.h.h.t.HelmChartContainer - [test-hivemq-platform] [hivemq] [3306e807] INFO  - [HiveMQ Platform Operator Init App 1.7.0-SNAPSHOT] Configuring the HiveMQ Platform
2025-01-30 18:13:53,109 INFO c.h.h.t.HelmChartContainer - [test-hivemq-platform] [hivemq] [3306e807] INFO  - [HiveMQ Platform Operator Init App 1.7.0-SNAPSHOT] Changed logback.xml file scan period to 20 seconds
2025-01-30 18:13:53,119 INFO c.h.h.t.HelmChartContainer - [test-hivemq-platform] [hivemq] [3306e807] INFO  - [HiveMQ Platform Operator Init App 1.7.0-SNAPSHOT] Starting the HiveMQ Platform
2025-01-30 18:13:53,204 INFO c.h.h.t.HelmChartContainer - [test-hivemq-platform] [hivemq] [3306e807] -------------------------------------------------------------------------
2025-01-30 18:13:53,204 INFO c.h.h.t.HelmChartContainer - [test-hivemq-platform] [hivemq] [3306e807] 
2025-01-30 18:13:53,204 INFO c.h.h.t.HelmChartContainer - [test-hivemq-platform] [hivemq] [3306e807]                   _    _  _              __  __   ____
2025-01-30 18:13:53,204 INFO c.h.h.t.HelmChartContainer - [test-hivemq-platform] [hivemq] [3306e807]                  | |  | |(_)            |  \/  | / __ \
2025-01-30 18:13:53,204 INFO c.h.h.t.HelmChartContainer - [test-hivemq-platform] [hivemq] [3306e807]                  | |__| | _ __   __ ___ | \  / || |  | |
2025-01-30 18:13:53,204 INFO c.h.h.t.HelmChartContainer - [test-hivemq-platform] [hivemq] [3306e807]                  |  __  || |\ \ / // _ \| |\/| || |  | |
2025-01-30 18:13:53,204 INFO c.h.h.t.HelmChartContainer - [test-hivemq-platform] [hivemq] [3306e807]                  | |  | || | \ V /|  __/| |  | || |__| |
2025-01-30 18:13:53,204 INFO c.h.h.t.HelmChartContainer - [test-hivemq-platform] [hivemq] [3306e807]                  |_|  |_||_|  \_/  \___||_|  |_| \___\_\
2025-01-30 18:13:53,204 INFO c.h.h.t.HelmChartContainer - [test-hivemq-platform] [hivemq] [3306e807] 
2025-01-30 18:13:53,204 INFO c.h.h.t.HelmChartContainer - [test-hivemq-platform] [hivemq] [3306e807] -------------------------------------------------------------------------
2025-01-30 18:13:53,204 INFO c.h.h.t.HelmChartContainer - [test-hivemq-platform] [hivemq] [3306e807] 
2025-01-30 18:13:53,204 INFO c.h.h.t.HelmChartContainer - [test-hivemq-platform] [hivemq] [3306e807]   HiveMQ Start Script for Linux/Unix v1.14
2025-01-30 18:13:53,204 INFO c.h.h.t.HelmChartContainer - [test-hivemq-platform] [hivemq] [3306e807] 
2025-01-30 18:13:53,234 INFO c.h.h.t.HelmChartContainer - [test-hivemq-platform] [hivemq] [3306e807] -------------------------------------------------------------------------
2025-01-30 18:13:53,234 INFO c.h.h.t.HelmChartContainer - [test-hivemq-platform] [hivemq] [3306e807] 
2025-01-30 18:13:53,234 INFO c.h.h.t.HelmChartContainer - [test-hivemq-platform] [hivemq] [3306e807]   HIVEMQ_HOME: /opt/hivemq
2025-01-30 18:13:53,234 INFO c.h.h.t.HelmChartContainer - [test-hivemq-platform] [hivemq] [3306e807] 
2025-01-30 18:13:53,234 INFO c.h.h.t.HelmChartContainer - [test-hivemq-platform] [hivemq] [3306e807]   JAVA_OPTS: -XX:+UnlockExperimentalVMOptions -XX:InitialRAMPercentage=50 -XX:MaxRAMPercentage=50 -Djava.net.preferIPv4Stack=true --add-opens java.base/java.lang=ALL-UNNAMED --add-opens java.base/java.nio=ALL-UNNAMED --add-opens java.base/sun.nio.ch=ALL-UNNAMED --add-opens jdk.management/com.sun.management.internal=ALL-UNNAMED --add-exports java.base/jdk.internal.misc=ALL-UNNAMED -Djava.security.egd=file:/dev/./urandom -Dcom.sun.management.jmxremote -Dcom.sun.management.jmxremote.port=9010 -Dcom.sun.management.jmxremote.local.only=false -Dcom.sun.management.jmxremote.authenticate=false -Dcom.sun.management.jmxremote.ssl=false -Duser.language=en -Duser.region=US -XX:+CrashOnOutOfMemoryError -XX:+HeapDumpOnOutOfMemoryError
2025-01-30 18:13:53,234 INFO c.h.h.t.HelmChartContainer - [test-hivemq-platform] [hivemq] [3306e807] 
2025-01-30 18:13:53,234 INFO c.h.h.t.HelmChartContainer - [test-hivemq-platform] [hivemq] [3306e807]   JAVA_VERSION: 21
2025-01-30 18:13:53,234 INFO c.h.h.t.HelmChartContainer - [test-hivemq-platform] [hivemq] [3306e807] 
2025-01-30 18:13:53,234 INFO c.h.h.t.HelmChartContainer - [test-hivemq-platform] [hivemq] [3306e807] -------------------------------------------------------------------------
2025-01-30 18:13:53,234 INFO c.h.h.t.HelmChartContainer - [test-hivemq-platform] [hivemq] [3306e807] 
2025-01-30 18:13:54,412 INFO c.h.h.t.HelmChartContainer - [test-hivemq-platform] [hivemq] [3306e807] INFO  - [HiveMQ Platform Operator Init App 1.7.0-SNAPSHOT] Returning default Health API response 503 for readiness
2025-01-30 18:13:54,818 INFO c.h.h.t.HelmChartContainer - [EVENT] Warning [Unhealthy] Readiness probe failed: HTTP probe failed with statuscode: 503 [helmbrokerlicensesit:test-hivemq-platform-0]
2025-01-30 18:13:54,818 INFO c.h.h.t.HelmChartContainer - Received Unhealthy event for container hivemq in pod test-hivemq-platform-0 [3306e807-4c4a-43eb-9c63-ec6f2863e4ca]
2025-01-30 18:13:55,913 INFO c.h.h.t.HelmChartContainer - [test-hivemq-platform] [hivemq] [3306e807] INFO  - Starting HiveMQ Enterprise Server
2025-01-30 18:13:55,918 INFO c.h.h.t.HelmChartContainer - [test-hivemq-platform] [hivemq] [3306e807] INFO  - HiveMQ version: 4.36.0
2025-01-30 18:13:55,918 INFO c.h.h.t.HelmChartContainer - [test-hivemq-platform] [hivemq] [3306e807] INFO  - HiveMQ home directory: /opt/hivemq
2025-01-30 18:13:55,919 INFO c.h.h.t.HelmChartContainer - [test-hivemq-platform] [hivemq] [3306e807] INFO  - Log Configuration was overridden by /opt/hivemq/conf/logback.xml
2025-01-30 18:13:57,019 INFO c.h.h.t.HelmChartContainer - [test-hivemq-platform] [hivemq] [3306e807] INFO  - Successfully loaded configuration from '/opt/hivemq/conf-k8s/config.xml'.
2025-01-30 18:13:57,512 INFO c.h.h.t.HelmChartContainer - [test-hivemq-platform] [hivemq] [3306e807] INFO  - This node's ID is LLcbQ
2025-01-30 18:13:57,514 INFO c.h.h.t.HelmChartContainer - [test-hivemq-platform] [hivemq] [3306e807] INFO  - Clustering is enabled
2025-01-30 18:13:58,470 INFO c.h.h.t.HelmChartContainer - [hivemq-test-hivemq-platform] [hivemq-platform-operator] [2b5b6080] 18:13:58.467 [pool-6-thread-11] DEBUG c.h.p.o.dependants.PodInfoConfigMap - [helmbrok] Desired PodInfo ConfigMap (1 extensions) (1 enabled)
2025-01-30 18:13:58,470 INFO c.h.h.t.HelmChartContainer - [hivemq-test-hivemq-platform] [hivemq-platform-operator] [2b5b6080] 18:13:58.467 [pool-6-thread-11] DEBUG c.h.p.o.dependants.PodInfoConfigMap - [helmbrok] Desired PodInfo ConfigMap (metrics port: 9399) (metrics path: /)
2025-01-30 18:13:58,470 INFO c.h.h.t.HelmChartContainer - [hivemq-test-hivemq-platform] [hivemq-platform-operator] [2b5b6080] 18:13:58.467 [pool-6-thread-11] DEBUG c.h.p.o.dependants.PodInfoConfigMap - [helmbrok] Desired PodInfo ConfigMap (extension state hash: -1817474005)
2025-01-30 18:13:58,470 INFO c.h.h.t.HelmChartContainer - [hivemq-test-hivemq-platform] [hivemq-platform-operator] [2b5b6080] 18:13:58.468 [pool-6-thread-14] DEBUG c.h.p.o.d.PlatformServiceResource - [helmbrok] Desired Platform services (3 services)
2025-01-30 18:13:58,470 INFO c.h.h.t.HelmChartContainer - [hivemq-test-hivemq-platform] [hivemq-platform-operator] [2b5b6080] 18:13:58.467 [pool-6-thread-19] DEBUG c.h.p.o.d.PodServiceAccountResource - [helmbrok] Desired PodServiceAccountResource (serviceAccountName: hivemq-platform-pod-test-hivemq-platform)
2025-01-30 18:13:58,474 INFO c.h.h.t.HelmChartContainer - [hivemq-test-hivemq-platform] [hivemq-platform-operator] [2b5b6080] 18:13:58.473 [pool-6-thread-14] DEBUG c.h.p.o.d.StatefulSetResource - [helmbrok] Desired StatefulSet (1 replicas) for status STARTING (READY)
2025-01-30 18:13:58,479 INFO c.h.h.t.HelmChartContainer - [hivemq-test-hivemq-platform] [hivemq-platform-operator] [2b5b6080] 18:13:58.477 [ReconcilerExecutor-hivemq-controller-108] INFO  c.h.p.o.HiveMQPlatformReconciler - [helmbrok] Reconciling HiveMQ Platform 'test-hivemq-platform' in namespace 'helmbrokerlicensesit'
2025-01-30 18:13:58,479 INFO c.h.h.t.HelmChartContainer - [hivemq-test-hivemq-platform] [hivemq-platform-operator] [2b5b6080] 18:13:58.477 [ReconcilerExecutor-hivemq-controller-108] DEBUG c.h.p.o.HiveMQPlatformReconciler - [helmbrok] Custom Resource Status STARTING - HiveMQ Platform is starting (READY)
2025-01-30 18:13:58,479 INFO c.h.h.t.HelmChartContainer - [hivemq-test-hivemq-platform] [hivemq-platform-operator] [2b5b6080] 18:13:58.477 [ReconcilerExecutor-hivemq-controller-108] DEBUG c.h.p.o.HiveMQPlatformReconciler - [helmbrok] Custom Resource Spec (replicas: 1) (extensions: 1)
2025-01-30 18:13:58,480 INFO c.h.h.t.HelmChartContainer - [hivemq-test-hivemq-platform] [hivemq-platform-operator] [2b5b6080] 18:13:58.479 [ReconcilerExecutor-hivemq-controller-108] DEBUG c.h.p.o.HiveMQPlatformReconciler - [helmbrok] StatefulSet Status (revision: test-hivemq-platform-5c857ddf4c, replicas: 1, available: 0, ready: 0, current: 1, updated: 1)
2025-01-30 18:13:58,480 INFO c.h.h.t.HelmChartContainer - [hivemq-test-hivemq-platform] [hivemq-platform-operator] [2b5b6080] 18:13:58.479 [ReconcilerExecutor-hivemq-controller-108] DEBUG c.h.p.o.HiveMQPlatformReconciler - [helmbrok] StatefulSet Spec (replicas: 1, init containers: 1, containers: 1, volumes: 4)
2025-01-30 18:13:58,482 INFO c.h.h.t.HelmChartContainer - [hivemq-test-hivemq-platform] [hivemq-platform-operator] [2b5b6080] 18:13:58.480 [ReconcilerExecutor-hivemq-controller-108] DEBUG c.h.p.o.h.HiveMQPlatformReconcilerErrorHandler - [helmbrok] Pod 'test-hivemq-platform-0' phase Running
2025-01-30 18:13:58,483 INFO c.h.h.t.HelmChartContainer - [hivemq-test-hivemq-platform] [hivemq-platform-operator] [2b5b6080] 18:13:58.481 [ReconcilerExecutor-hivemq-controller-108] INFO  c.h.p.o.h.HiveMQPlatformReconcilerBaseHandler - [helmbrok] HiveMQ Platform is starting, 0 of 1 replicas are ready
2025-01-30 18:14:00,012 INFO c.h.h.t.HelmChartContainer - [test-hivemq-platform] [hivemq] [3306e807] WARN  - [HiveMQ Platform Operator Init App 1.7.0-SNAPSHOT] Cannot connect to Health API for readiness: null
2025-01-30 18:14:00,018 INFO c.h.h.t.HelmChartContainer - [EVENT] Warning [Unhealthy] Readiness probe failed: HTTP probe failed with statuscode: 503 [helmbrokerlicensesit:test-hivemq-platform-0]
2025-01-30 18:14:00,019 INFO c.h.h.t.HelmChartContainer - Received Unhealthy event for container hivemq in pod test-hivemq-platform-0 [3306e807-4c4a-43eb-9c63-ec6f2863e4ca]
2025-01-30 18:14:03,314 INFO c.h.h.t.HelmChartContainer - [test-hivemq-platform] [hivemq] [3306e807] Jan 30, 2025 6:14:03 PM io.vertx.core.impl.BlockedThreadChecker
2025-01-30 18:14:03,315 INFO c.h.h.t.HelmChartContainer - [test-hivemq-platform] [hivemq] [3306e807] WARNING: Thread Thread[vert.x-eventloop-thread-1,5,main] has been blocked for 2602 ms, time limit is 2000 ms
2025-01-30 18:14:04,006 INFO c.h.h.t.HelmChartContainer - [test-hivemq-platform] [hivemq] [3306e807] INFO  - [HiveMQ Platform Operator Init App 1.7.0-SNAPSHOT] Updating Pod HiveMQ Platform Operator Init App version annotation (version: 1.7.0-SNAPSHOT)
2025-01-30 18:14:04,408 INFO c.h.h.t.HelmChartContainer - [test-hivemq-platform] [hivemq] [3306e807] WARN  - [HiveMQ Platform Operator Init App 1.7.0-SNAPSHOT] Cannot connect to Health API for readiness: null
2025-01-30 18:14:04,412 INFO c.h.h.t.HelmChartContainer - [EVENT] Warning [Unhealthy] Readiness probe failed: HTTP probe failed with statuscode: 503 [helmbrokerlicensesit:test-hivemq-platform-0]
2025-01-30 18:14:04,412 INFO c.h.h.t.HelmChartContainer - Received Unhealthy event for container hivemq in pod test-hivemq-platform-0 [3306e807-4c4a-43eb-9c63-ec6f2863e4ca]
2025-01-30 18:14:04,632 INFO c.h.h.t.HelmChartContainer - [POD] test-hivemq-platform-0 [3306e807-4c4a-43eb-9c63-ec6f2863e4ca] in helmbrokerlicensesit was MODIFIED
2025-01-30 18:14:04,637 INFO c.h.h.t.HelmChartContainer - [hivemq-test-hivemq-platform] [hivemq-platform-operator] [2b5b6080] 18:14:04.635 [pool-6-thread-22] DEBUG c.h.p.o.d.PlatformServiceResource - [helmbrok] Desired Platform services (3 services)
2025-01-30 18:14:04,638 INFO c.h.h.t.HelmChartContainer - [hivemq-test-hivemq-platform] [hivemq-platform-operator] [2b5b6080] 18:14:04.636 [pool-6-thread-26] DEBUG c.h.p.o.dependants.PodInfoConfigMap - [helmbrok] Desired PodInfo ConfigMap (1 extensions) (1 enabled)
2025-01-30 18:14:04,638 INFO c.h.h.t.HelmChartContainer - [hivemq-test-hivemq-platform] [hivemq-platform-operator] [2b5b6080] 18:14:04.636 [pool-6-thread-26] DEBUG c.h.p.o.dependants.PodInfoConfigMap - [helmbrok] Desired PodInfo ConfigMap (metrics port: 9399) (metrics path: /)
2025-01-30 18:14:04,638 INFO c.h.h.t.HelmChartContainer - [hivemq-test-hivemq-platform] [hivemq-platform-operator] [2b5b6080] 18:14:04.636 [pool-6-thread-26] DEBUG c.h.p.o.dependants.PodInfoConfigMap - [helmbrok] Desired PodInfo ConfigMap (extension state hash: -1817474005)
2025-01-30 18:14:04,641 INFO c.h.h.t.HelmChartContainer - [hivemq-test-hivemq-platform] [hivemq-platform-operator] [2b5b6080] 18:14:04.637 [pool-6-thread-27] DEBUG c.h.p.o.d.PodServiceAccountResource - [helmbrok] Desired PodServiceAccountResource (serviceAccountName: hivemq-platform-pod-test-hivemq-platform)
2025-01-30 18:14:04,646 INFO c.h.h.t.HelmChartContainer - [hivemq-test-hivemq-platform] [hivemq-platform-operator] [2b5b6080] 18:14:04.645 [pool-6-thread-22] DEBUG c.h.p.o.d.StatefulSetResource - [helmbrok] Desired StatefulSet (1 replicas) for status STARTING (READY)
2025-01-30 18:14:04,684 INFO c.h.h.t.HelmChartContainer - [hivemq-test-hivemq-platform] [hivemq-platform-operator] [2b5b6080] 18:14:04.683 [ReconcilerExecutor-hivemq-controller-109] INFO  c.h.p.o.HiveMQPlatformReconciler - [helmbrok] Reconciling HiveMQ Platform 'test-hivemq-platform' in namespace 'helmbrokerlicensesit'
2025-01-30 18:14:04,684 INFO c.h.h.t.HelmChartContainer - [hivemq-test-hivemq-platform] [hivemq-platform-operator] [2b5b6080] 18:14:04.683 [ReconcilerExecutor-hivemq-controller-109] DEBUG c.h.p.o.HiveMQPlatformReconciler - [helmbrok] Custom Resource Status STARTING - HiveMQ Platform is starting (READY)
2025-01-30 18:14:04,684 INFO c.h.h.t.HelmChartContainer - [hivemq-test-hivemq-platform] [hivemq-platform-operator] [2b5b6080] 18:14:04.683 [ReconcilerExecutor-hivemq-controller-109] DEBUG c.h.p.o.HiveMQPlatformReconciler - [helmbrok] Custom Resource Spec (replicas: 1) (extensions: 1)
2025-01-30 18:14:04,686 INFO c.h.h.t.HelmChartContainer - [hivemq-test-hivemq-platform] [hivemq-platform-operator] [2b5b6080] 18:14:04.684 [ReconcilerExecutor-hivemq-controller-109] DEBUG c.h.p.o.HiveMQPlatformReconciler - [helmbrok] StatefulSet Status (revision: test-hivemq-platform-5c857ddf4c, replicas: 1, available: 0, ready: 0, current: 1, updated: 1)
2025-01-30 18:14:04,687 INFO c.h.h.t.HelmChartContainer - [hivemq-test-hivemq-platform] [hivemq-platform-operator] [2b5b6080] 18:14:04.685 [ReconcilerExecutor-hivemq-controller-109] DEBUG c.h.p.o.HiveMQPlatformReconciler - [helmbrok] StatefulSet Spec (replicas: 1, init containers: 1, containers: 1, volumes: 4)
2025-01-30 18:14:04,687 INFO c.h.h.t.HelmChartContainer - [hivemq-test-hivemq-platform] [hivemq-platform-operator] [2b5b6080] 18:14:04.686 [ReconcilerExecutor-hivemq-controller-109] DEBUG c.h.p.o.h.HiveMQPlatformReconcilerErrorHandler - [helmbrok] Pod 'test-hivemq-platform-0' phase Running
2025-01-30 18:14:04,687 INFO c.h.h.t.HelmChartContainer - [hivemq-test-hivemq-platform] [hivemq-platform-operator] [2b5b6080] 18:14:04.686 [ReconcilerExecutor-hivemq-controller-109] INFO  c.h.p.o.h.HiveMQPlatformReconcilerBaseHandler - [helmbrok] HiveMQ Platform is starting, 0 of 1 replicas are ready
2025-01-30 18:14:04,711 INFO c.h.h.t.HelmChartContainer - [test-hivemq-platform] [hivemq] [3306e807] WARN  - [HiveMQ Platform Operator Init App 1.7.0-SNAPSHOT] Cannot connect to Health API for readiness: null
2025-01-30 18:14:04,713 INFO c.h.h.t.HelmChartContainer - [test-hivemq-platform] [hivemq] [3306e807] INFO  - [HiveMQ Platform Operator Init App 1.7.0-SNAPSHOT] Successfully updated Pod HiveMQ Platform Operator Init App version annotation (version: 1.7.0-SNAPSHOT)
2025-01-30 18:14:04,716 INFO c.h.h.t.HelmChartContainer - [EVENT] Warning [Unhealthy] Readiness probe failed: HTTP probe failed with statuscode: 503 [helmbrokerlicensesit:test-hivemq-platform-0]
2025-01-30 18:14:04,716 INFO c.h.h.t.HelmChartContainer - Received Unhealthy event for container hivemq in pod test-hivemq-platform-0 [3306e807-4c4a-43eb-9c63-ec6f2863e4ca]
2025-01-30 18:14:09,710 INFO c.h.h.t.HelmChartContainer - [test-hivemq-platform] [hivemq] [3306e807] WARN  - [HiveMQ Platform Operator Init App 1.7.0-SNAPSHOT] Cannot connect to Health API for readiness: null
2025-01-30 18:14:09,716 INFO c.h.h.t.HelmChartContainer - [EVENT] Warning [Unhealthy] Readiness probe failed: HTTP probe failed with statuscode: 503 [helmbrokerlicensesit:test-hivemq-platform-0]
2025-01-30 18:14:09,716 INFO c.h.h.t.HelmChartContainer - Received Unhealthy event for container hivemq in pod test-hivemq-platform-0 [3306e807-4c4a-43eb-9c63-ec6f2863e4ca]
2025-01-30 18:14:14,633 INFO c.h.h.t.HelmChartContainer - [test-hivemq-platform] [hivemq] [3306e807] WARN  - [HiveMQ Platform Operator Init App 1.7.0-SNAPSHOT] Cannot connect to Health API for readiness: null
2025-01-30 18:14:14,637 INFO c.h.h.t.HelmChartContainer - [EVENT] Warning [Unhealthy] Readiness probe failed: HTTP probe failed with statuscode: 503 [helmbrokerlicensesit:test-hivemq-platform-0]
2025-01-30 18:14:14,637 INFO c.h.h.t.HelmChartContainer - Received Unhealthy event for container hivemq in pod test-hivemq-platform-0 [3306e807-4c4a-43eb-9c63-ec6f2863e4ca]
2025-01-30 18:14:14,691 INFO c.h.h.t.HelmChartContainer - [hivemq-test-hivemq-platform] [hivemq-platform-operator] [2b5b6080] 18:14:14.690 [pool-6-thread-34] DEBUG c.h.p.o.d.PlatformServiceResource - [helmbrok] Desired Platform services (3 services)
2025-01-30 18:14:14,693 INFO c.h.h.t.HelmChartContainer - [hivemq-test-hivemq-platform] [hivemq-platform-operator] [2b5b6080] 18:14:14.692 [pool-6-thread-36] DEBUG c.h.p.o.d.PodServiceAccountResource - [helmbrok] Desired PodServiceAccountResource (serviceAccountName: hivemq-platform-pod-test-hivemq-platform)
2025-01-30 18:14:14,695 INFO c.h.h.t.HelmChartContainer - [hivemq-test-hivemq-platform] [hivemq-platform-operator] [2b5b6080] 18:14:14.694 [pool-6-thread-35] DEBUG c.h.p.o.dependants.PodInfoConfigMap - [helmbrok] Desired PodInfo ConfigMap (1 extensions) (1 enabled)
2025-01-30 18:14:14,695 INFO c.h.h.t.HelmChartContainer - [hivemq-test-hivemq-platform] [hivemq-platform-operator] [2b5b6080] 18:14:14.694 [pool-6-thread-35] DEBUG c.h.p.o.dependants.PodInfoConfigMap - [helmbrok] Desired PodInfo ConfigMap (metrics port: 9399) (metrics path: /)
2025-01-30 18:14:14,695 INFO c.h.h.t.HelmChartContainer - [hivemq-test-hivemq-platform] [hivemq-platform-operator] [2b5b6080] 18:14:14.694 [pool-6-thread-35] DEBUG c.h.p.o.dependants.PodInfoConfigMap - [helmbrok] Desired PodInfo ConfigMap (extension state hash: -1817474005)
2025-01-30 18:14:14,697 INFO c.h.h.t.HelmChartContainer - [hivemq-test-hivemq-platform] [hivemq-platform-operator] [2b5b6080] 18:14:14.697 [pool-6-thread-34] DEBUG c.h.p.o.d.StatefulSetResource - [helmbrok] Desired StatefulSet (1 replicas) for status STARTING (READY)
2025-01-30 18:14:14,702 INFO c.h.h.t.HelmChartContainer - [hivemq-test-hivemq-platform] [hivemq-platform-operator] [2b5b6080] 18:14:14.701 [ReconcilerExecutor-hivemq-controller-110] INFO  c.h.p.o.HiveMQPlatformReconciler - [helmbrok] Reconciling HiveMQ Platform 'test-hivemq-platform' in namespace 'helmbrokerlicensesit'
2025-01-30 18:14:14,703 INFO c.h.h.t.HelmChartContainer - [hivemq-test-hivemq-platform] [hivemq-platform-operator] [2b5b6080] 18:14:14.701 [ReconcilerExecutor-hivemq-controller-110] DEBUG c.h.p.o.HiveMQPlatformReconciler - [helmbrok] Custom Resource Status STARTING - HiveMQ Platform is starting (READY)
2025-01-30 18:14:14,703 INFO c.h.h.t.HelmChartContainer - [hivemq-test-hivemq-platform] [hivemq-platform-operator] [2b5b6080] 18:14:14.701 [ReconcilerExecutor-hivemq-controller-110] DEBUG c.h.p.o.HiveMQPlatformReconciler - [helmbrok] Custom Resource Spec (replicas: 1) (extensions: 1)
2025-01-30 18:14:14,703 INFO c.h.h.t.HelmChartContainer - [hivemq-test-hivemq-platform] [hivemq-platform-operator] [2b5b6080] 18:14:14.702 [ReconcilerExecutor-hivemq-controller-110] DEBUG c.h.p.o.HiveMQPlatformReconciler - [helmbrok] StatefulSet Status (revision: test-hivemq-platform-5c857ddf4c, replicas: 1, available: 0, ready: 0, current: 1, updated: 1)
2025-01-30 18:14:14,704 INFO c.h.h.t.HelmChartContainer - [hivemq-test-hivemq-platform] [hivemq-platform-operator] [2b5b6080] 18:14:14.702 [ReconcilerExecutor-hivemq-controller-110] DEBUG c.h.p.o.HiveMQPlatformReconciler - [helmbrok] StatefulSet Spec (replicas: 1, init containers: 1, containers: 1, volumes: 4)
2025-01-30 18:14:14,705 INFO c.h.h.t.HelmChartContainer - [hivemq-test-hivemq-platform] [hivemq-platform-operator] [2b5b6080] 18:14:14.705 [ReconcilerExecutor-hivemq-controller-110] DEBUG c.h.p.o.h.HiveMQPlatformReconcilerErrorHandler - [helmbrok] Pod 'test-hivemq-platform-0' phase Running
2025-01-30 18:14:14,706 INFO c.h.h.t.HelmChartContainer - [hivemq-test-hivemq-platform] [hivemq-platform-operator] [2b5b6080] 18:14:14.705 [ReconcilerExecutor-hivemq-controller-110] INFO  c.h.p.o.h.HiveMQPlatformReconcilerBaseHandler - [helmbrok] HiveMQ Platform is starting, 0 of 1 replicas are ready
2025-01-30 18:14:14,817 INFO c.h.h.t.HelmChartContainer - [test-hivemq-platform] [hivemq] [3306e807] WARN  - License file license.lic is corrupt.
2025-01-30 18:14:14,817 INFO c.h.h.testcontainer.LogWaiterUtil - TEST Found log pattern on 'test-hivemq-platform-0': .*License file license.lic is corrupt.
2025-01-30 18:14:14,818 INFO c.h.h.t.HelmChartContainer - [test-hivemq-platform] [hivemq] [3306e807] INFO  - No valid license file found. Using trial license, restricted to 25 connections.
2025-01-30 18:14:16,220 INFO c.h.h.t.HelmChartContainer - [test-hivemq-platform] [hivemq] [3306e807] WARN  - [HiveMQ Platform Operator Init App 1.7.0-SNAPSHOT] Cannot connect to Health API for liveness: null
2025-01-30 18:14:16,220 INFO c.h.h.t.HelmChartContainer - [test-hivemq-platform] [hivemq] [3306e807] INFO  - [HiveMQ Platform Operator Init App 1.7.0-SNAPSHOT] Returning default Health API response 200 for liveness
2025-01-30 18:14:19,308 INFO c.h.h.t.HelmChartContainer - [test-hivemq-platform] [hivemq] [3306e807] INFO  - No valid license file for Data Hub found. Using free license, restricted to 1 policy.
2025-01-30 18:14:19,707 INFO c.h.h.t.HelmChartContainer - [test-hivemq-platform] [hivemq] [3306e807] WARN  - [HiveMQ Platform Operator Init App 1.7.0-SNAPSHOT] Cannot connect to Health API for readiness: null
2025-01-30 18:14:19,711 INFO c.h.h.t.HelmChartContainer - [EVENT] Warning [Unhealthy] Readiness probe failed: HTTP probe failed with statuscode: 503 [helmbrokerlicensesit:test-hivemq-platform-0]
2025-01-30 18:14:19,711 INFO c.h.h.t.HelmChartContainer - Received Unhealthy event for container hivemq in pod test-hivemq-platform-0 [3306e807-4c4a-43eb-9c63-ec6f2863e4ca]
2025-01-30 18:14:20,510 INFO c.h.h.t.HelmChartContainer - [test-hivemq-platform] [hivemq] [3306e807] INFO  - Audit Logger started.
2025-01-30 18:14:20,752 INFO c.h.h.t.HelmChartContainer - [test-hivemq-platform] [hivemq] [3306e807] INFO  - This node uses '1' CPU cores.
2025-01-30 18:14:20,806 INFO c.h.h.t.HelmChartContainer - [test-hivemq-platform] [hivemq] [3306e807] INFO  - Starting HiveMQ Health API on address 0.0.0.0 and port 8889
2025-01-30 18:14:21,616 INFO c.h.h.t.HelmChartContainer - [test-hivemq-platform] [hivemq] [3306e807] INFO  - Started HiveMQ Health API in 810ms
2025-01-30 18:14:22,502 INFO c.h.h.t.HelmChartContainer - [test-hivemq-platform] [hivemq] [3306e807] INFO  - Starting HiveMQ extension system.
2025-01-30 18:14:22,808 INFO c.h.h.t.HelmChartContainer - [test-hivemq-platform] [hivemq] [3306e807] INFO  - Starting extension with id "hivemq-dns-cluster-discovery" at /opt/hivemq/extensions/hivemq-dns-cluster-discovery
2025-01-30 18:14:23,216 INFO c.h.h.t.HelmChartContainer - [test-hivemq-platform] [hivemq] [3306e807] INFO  - Extension "DNS Cluster Discovery Extension" version 4.3.2 started successfully.
2025-01-30 18:14:23,217 INFO c.h.h.t.HelmChartContainer - [test-hivemq-platform] [hivemq] [3306e807] INFO  - Starting extension with id "hivemq-prometheus-extension" at /opt/hivemq/extensions/hivemq-prometheus-extension
2025-01-30 18:14:23,310 INFO c.h.h.t.HelmChartContainer - [test-hivemq-platform] [hivemq] [3306e807] INFO  - Using TCP cluster transport on address 10.42.0.6 and port 7000
2025-01-30 18:14:23,314 INFO c.h.h.t.HelmChartContainer - [test-hivemq-platform] [hivemq] [3306e807] INFO  - Using extension cluster discovery
2025-01-30 18:14:24,213 INFO c.h.h.t.HelmChartContainer - [test-hivemq-platform] [hivemq] [3306e807] INFO  - Started Jetty Server exposing Prometheus Servlet on URI http://0.0.0.0:9399/
2025-01-30 18:14:24,214 INFO c.h.h.t.HelmChartContainer - [test-hivemq-platform] [hivemq] [3306e807] INFO  - Extension "Prometheus Monitoring Extension" version 4.0.12 started successfully.
2025-01-30 18:14:24,214 INFO c.h.h.t.HelmChartContainer - [test-hivemq-platform] [hivemq] [3306e807] INFO  - Starting extension with id "hivemq-allow-all-extension" at /opt/hivemq/extensions/hivemq-allow-all-extension
2025-01-30 18:14:24,215 INFO c.h.h.t.HelmChartContainer - [test-hivemq-platform] [hivemq] [3306e807] WARN  - 
2025-01-30 18:14:24,215 INFO c.h.h.t.HelmChartContainer - [test-hivemq-platform] [hivemq] [3306e807] ################################################################################################################
2025-01-30 18:14:24,215 INFO c.h.h.t.HelmChartContainer - [test-hivemq-platform] [hivemq] [3306e807] # This HiveMQ deployment is not secure! You are lacking Authentication and Authorization.                      #
2025-01-30 18:14:24,215 INFO c.h.h.t.HelmChartContainer - [test-hivemq-platform] [hivemq] [3306e807] # Right now any MQTT client can connect to the broker with a full set of permissions.                          #
2025-01-30 18:14:24,215 INFO c.h.h.t.HelmChartContainer - [test-hivemq-platform] [hivemq] [3306e807] # For production usage, add an appropriate security extension and remove the hivemq-allow-all extension.       #
2025-01-30 18:14:24,215 INFO c.h.h.t.HelmChartContainer - [test-hivemq-platform] [hivemq] [3306e807] # You can download security extensions from the HiveMQ Marketplace (https://www.hivemq.com/extensions/).       #
2025-01-30 18:14:24,215 INFO c.h.h.t.HelmChartContainer - [test-hivemq-platform] [hivemq] [3306e807] ################################################################################################################
2025-01-30 18:14:24,215 INFO c.h.h.t.HelmChartContainer - [test-hivemq-platform] [hivemq] [3306e807] INFO  - Extension "Allow All Extension" version 1.1.1 started successfully.
2025-01-30 18:14:24,712 INFO c.h.h.t.HelmChartContainer - [hivemq-test-hivemq-platform] [hivemq-platform-operator] [2b5b6080] 18:14:24.710 [pool-6-thread-46] DEBUG c.h.p.o.dependants.PodInfoConfigMap - [helmbrok] Desired PodInfo ConfigMap (1 extensions) (1 enabled)
2025-01-30 18:14:24,712 INFO c.h.h.t.HelmChartContainer - [hivemq-test-hivemq-platform] [hivemq-platform-operator] [2b5b6080] 18:14:24.710 [pool-6-thread-46] DEBUG c.h.p.o.dependants.PodInfoConfigMap - [helmbrok] Desired PodInfo ConfigMap (metrics port: 9399) (metrics path: /)
2025-01-30 18:14:24,712 INFO c.h.h.t.HelmChartContainer - [hivemq-test-hivemq-platform] [hivemq-platform-operator] [2b5b6080] 18:14:24.710 [pool-6-thread-46] DEBUG c.h.p.o.dependants.PodInfoConfigMap - [helmbrok] Desired PodInfo ConfigMap (extension state hash: -1817474005)
2025-01-30 18:14:24,713 INFO c.h.h.t.HelmChartContainer - [hivemq-test-hivemq-platform] [hivemq-platform-operator] [2b5b6080] 18:14:24.712 [pool-6-thread-45] DEBUG c.h.p.o.d.PodServiceAccountResource - [helmbrok] Desired PodServiceAccountResource (serviceAccountName: hivemq-platform-pod-test-hivemq-platform)
2025-01-30 18:14:24,716 INFO c.h.h.t.HelmChartContainer - [hivemq-test-hivemq-platform] [hivemq-platform-operator] [2b5b6080] 18:14:24.713 [pool-6-thread-42] DEBUG c.h.p.o.d.PlatformServiceResource - [helmbrok] Desired Platform services (3 services)
2025-01-30 18:14:24,721 INFO c.h.h.t.HelmChartContainer - [hivemq-test-hivemq-platform] [hivemq-platform-operator] [2b5b6080] 18:14:24.721 [pool-6-thread-42] DEBUG c.h.p.o.d.StatefulSetResource - [helmbrok] Desired StatefulSet (1 replicas) for status STARTING (READY)
2025-01-30 18:14:24,788 INFO c.h.h.t.HelmChartContainer - [hivemq-test-hivemq-platform] [hivemq-platform-operator] [2b5b6080] 18:14:24.785 [ReconcilerExecutor-hivemq-controller-111] INFO  c.h.p.o.HiveMQPlatformReconciler - [helmbrok] Reconciling HiveMQ Platform 'test-hivemq-platform' in namespace 'helmbrokerlicensesit'
2025-01-30 18:14:24,788 INFO c.h.h.t.HelmChartContainer - [hivemq-test-hivemq-platform] [hivemq-platform-operator] [2b5b6080] 18:14:24.785 [ReconcilerExecutor-hivemq-controller-111] DEBUG c.h.p.o.HiveMQPlatformReconciler - [helmbrok] Custom Resource Status STARTING - HiveMQ Platform is starting (READY)
2025-01-30 18:14:24,788 INFO c.h.h.t.HelmChartContainer - [hivemq-test-hivemq-platform] [hivemq-platform-operator] [2b5b6080] 18:14:24.785 [ReconcilerExecutor-hivemq-controller-111] DEBUG c.h.p.o.HiveMQPlatformReconciler - [helmbrok] Custom Resource Spec (replicas: 1) (extensions: 1)
2025-01-30 18:14:24,789 INFO c.h.h.t.HelmChartContainer - [hivemq-test-hivemq-platform] [hivemq-platform-operator] [2b5b6080] 18:14:24.788 [ReconcilerExecutor-hivemq-controller-111] DEBUG c.h.p.o.HiveMQPlatformReconciler - [helmbrok] StatefulSet Status (revision: test-hivemq-platform-5c857ddf4c, replicas: 1, available: 0, ready: 0, current: 1, updated: 1)
2025-01-30 18:14:24,789 INFO c.h.h.t.HelmChartContainer - [hivemq-test-hivemq-platform] [hivemq-platform-operator] [2b5b6080] 18:14:24.788 [ReconcilerExecutor-hivemq-controller-111] DEBUG c.h.p.o.HiveMQPlatformReconciler - [helmbrok] StatefulSet Spec (replicas: 1, init containers: 1, containers: 1, volumes: 4)
2025-01-30 18:14:24,790 INFO c.h.h.t.HelmChartContainer - [hivemq-test-hivemq-platform] [hivemq-platform-operator] [2b5b6080] 18:14:24.790 [ReconcilerExecutor-hivemq-controller-111] DEBUG c.h.p.o.h.HiveMQPlatformReconcilerErrorHandler - [helmbrok] Pod 'test-hivemq-platform-0' phase Running
2025-01-30 18:14:24,791 INFO c.h.h.t.HelmChartContainer - [hivemq-test-hivemq-platform] [hivemq-platform-operator] [2b5b6080] 18:14:24.790 [ReconcilerExecutor-hivemq-controller-111] INFO  c.h.p.o.h.HiveMQPlatformReconcilerBaseHandler - [helmbrok] HiveMQ Platform is starting, 0 of 1 replicas are ready
2025-01-30 18:14:25,204 INFO c.h.h.t.HelmChartContainer - [test-hivemq-platform] [hivemq] [3306e807] INFO  - [HiveMQ Platform Operator Init App 1.7.0-SNAPSHOT] Returning Health API response 503 for readiness
2025-01-30 18:14:25,207 INFO c.h.h.t.HelmChartContainer - [EVENT] Warning [Unhealthy] Readiness probe failed: HTTP probe failed with statuscode: 503 [helmbrokerlicensesit:test-hivemq-platform-0]
2025-01-30 18:14:25,208 INFO c.h.h.t.HelmChartContainer - Received Unhealthy event for container hivemq in pod test-hivemq-platform-0 [3306e807-4c4a-43eb-9c63-ec6f2863e4ca]
2025-01-30 18:14:26,317 INFO c.h.h.t.HelmChartContainer - [test-hivemq-platform] [hivemq] [3306e807] INFO  - LLcbQ: no members discovered after 2407 ms: creating cluster as first member
2025-01-30 18:14:26,323 INFO c.h.h.t.HelmChartContainer - [test-hivemq-platform] [hivemq] [3306e807] INFO  - Cluster nodes found by discovery: [LLcbQ|0] (1) [LLcbQ].
2025-01-30 18:14:26,406 INFO c.h.h.t.HelmChartContainer - [test-hivemq-platform] [hivemq] [3306e807] WARN  - No user for HiveMQ Control Center configured. Starting with default user
2025-01-30 18:14:26,408 INFO c.h.h.t.HelmChartContainer - [test-hivemq-platform] [hivemq] [3306e807] INFO  - Starting HiveMQ Control Center on address 0.0.0.0 and port 8080
2025-01-30 18:14:26,419 INFO c.h.h.t.HelmChartContainer - [test-hivemq-platform] [hivemq] [3306e807] INFO  - Mounting HiveMQ Control Center V2 Preview
2025-01-30 18:14:27,020 INFO c.h.h.t.HelmChartContainer - [test-hivemq-platform] [hivemq] [3306e807] INFO  - Started HiveMQ Control Center in 613ms
2025-01-30 18:14:27,113 INFO c.h.h.t.HelmChartContainer - [test-hivemq-platform] [hivemq] [3306e807] INFO  - Starting TCP listener on address 0.0.0.0 and port 1883
2025-01-30 18:14:27,127 INFO c.h.h.t.HelmChartContainer - [test-hivemq-platform] [hivemq] [3306e807] INFO  - Started TCP Listener on address 0.0.0.0 and on port 1883.
2025-01-30 18:14:27,128 INFO c.h.h.t.HelmChartContainer - [test-hivemq-platform] [hivemq] [3306e807] INFO  - Started HiveMQ in 31516ms
2025-01-30 18:14:29,635 INFO c.h.h.t.HelmChartContainer - [test-hivemq-platform] [hivemq] [3306e807] INFO  - [HiveMQ Platform Operator Init App 1.7.0-SNAPSHOT] Returning Health API response 200 for readiness
2025-01-30 18:14:29,657 INFO c.h.h.t.HelmChartContainer - [POD] test-hivemq-platform-0 [3306e807-4c4a-43eb-9c63-ec6f2863e4ca] in helmbrokerlicensesit was MODIFIED
2025-01-30 18:14:29,661 INFO c.h.h.t.HelmChartContainer - [hivemq-test-hivemq-platform] [hivemq-platform-operator] [2b5b6080] 18:14:29.660 [pool-6-thread-9] DEBUG c.h.p.o.d.PlatformServiceResource - [helmbrok] Desired Platform services (3 services)
2025-01-30 18:14:29,664 INFO c.h.h.t.HelmChartContainer - [hivemq-test-hivemq-platform] [hivemq-platform-operator] [2b5b6080] 18:14:29.662 [pool-6-thread-8] DEBUG c.h.p.o.dependants.PodInfoConfigMap - [helmbrok] Desired PodInfo ConfigMap (1 extensions) (1 enabled)
2025-01-30 18:14:29,664 INFO c.h.h.t.HelmChartContainer - [hivemq-test-hivemq-platform] [hivemq-platform-operator] [2b5b6080] 18:14:29.663 [pool-6-thread-8] DEBUG c.h.p.o.dependants.PodInfoConfigMap - [helmbrok] Desired PodInfo ConfigMap (metrics port: 9399) (metrics path: /)
2025-01-30 18:14:29,664 INFO c.h.h.t.HelmChartContainer - [hivemq-test-hivemq-platform] [hivemq-platform-operator] [2b5b6080] 18:14:29.663 [pool-6-thread-8] DEBUG c.h.p.o.dependants.PodInfoConfigMap - [helmbrok] Desired PodInfo ConfigMap (extension state hash: -1817474005)
2025-01-30 18:14:29,668 INFO c.h.h.t.HelmChartContainer - [hivemq-test-hivemq-platform] [hivemq-platform-operator] [2b5b6080] 18:14:29.666 [pool-6-thread-2] DEBUG c.h.p.o.d.PodServiceAccountResource - [helmbrok] Desired PodServiceAccountResource (serviceAccountName: hivemq-platform-pod-test-hivemq-platform)
2025-01-30 18:14:29,672 INFO c.h.h.t.HelmChartContainer - [hivemq-test-hivemq-platform] [hivemq-platform-operator] [2b5b6080] 18:14:29.671 [pool-6-thread-9] DEBUG c.h.p.o.d.StatefulSetResource - [helmbrok] Desired StatefulSet (1 replicas) for status STARTING (READY)
2025-01-30 18:14:29,686 INFO c.h.h.t.HelmChartContainer - [hivemq-test-hivemq-platform] [hivemq-platform-operator] [2b5b6080] 18:14:29.685 [ReconcilerExecutor-hivemq-controller-112] INFO  c.h.p.o.HiveMQPlatformReconciler - [helmbrok] Reconciling HiveMQ Platform 'test-hivemq-platform' in namespace 'helmbrokerlicensesit'
2025-01-30 18:14:29,686 INFO c.h.h.t.HelmChartContainer - [hivemq-test-hivemq-platform] [hivemq-platform-operator] [2b5b6080] 18:14:29.685 [ReconcilerExecutor-hivemq-controller-112] DEBUG c.h.p.o.HiveMQPlatformReconciler - [helmbrok] Custom Resource Status STARTING - HiveMQ Platform is starting (READY)
2025-01-30 18:14:29,686 INFO c.h.h.t.HelmChartContainer - [hivemq-test-hivemq-platform] [hivemq-platform-operator] [2b5b6080] 18:14:29.685 [ReconcilerExecutor-hivemq-controller-112] DEBUG c.h.p.o.HiveMQPlatformReconciler - [helmbrok] Custom Resource Spec (replicas: 1) (extensions: 1)
2025-01-30 18:14:29,688 INFO c.h.h.t.HelmChartContainer - [hivemq-test-hivemq-platform] [hivemq-platform-operator] [2b5b6080] 18:14:29.687 [ReconcilerExecutor-hivemq-controller-112] DEBUG c.h.p.o.HiveMQPlatformReconciler - [helmbrok] StatefulSet Status (revision: test-hivemq-platform-5c857ddf4c, replicas: 1, available: 1, ready: 1, current: 1, updated: 1)
2025-01-30 18:14:29,688 INFO c.h.h.t.HelmChartContainer - [hivemq-test-hivemq-platform] [hivemq-platform-operator] [2b5b6080] 18:14:29.687 [ReconcilerExecutor-hivemq-controller-112] DEBUG c.h.p.o.HiveMQPlatformReconciler - [helmbrok] StatefulSet Spec (replicas: 1, init containers: 1, containers: 1, volumes: 4)
2025-01-30 18:14:29,689 INFO c.h.h.t.HelmChartContainer - [hivemq-test-hivemq-platform] [hivemq-platform-operator] [2b5b6080] 18:14:29.688 [ReconcilerExecutor-hivemq-controller-112] DEBUG c.h.p.o.h.HiveMQPlatformReconcilerErrorHandler - [helmbrok] Pod 'test-hivemq-platform-0' phase Running
2025-01-30 18:14:29,690 INFO c.h.h.t.HelmChartContainer - [hivemq-test-hivemq-platform] [hivemq-platform-operator] [2b5b6080] 18:14:29.689 [ReconcilerExecutor-hivemq-controller-112] INFO  c.h.p.o.h.HiveMQPlatformReconcilerBaseHandler - [helmbrok] HiveMQ Platform started successfully
2025-01-30 18:14:29,785 INFO c.h.h.t.HelmChartContainer - [hivemq-test-hivemq-platform] [hivemq-platform-operator] [2b5b6080] 18:14:29.770 [ReconcilerExecutor-hivemq-controller-112] DEBUG c.h.p.operator.event.EventSender - [helmbrok] Creating K8s event hivemq-platform-ready: [Ready] HiveMQ Platform is ready
2025-01-30 18:14:29,788 INFO c.h.h.t.HelmChartContainer - [EVENT] Normal [Ready] HiveMQ Platform is ready [helmbrokerlicensesit:test-hivemq-platform]
2025-01-30 18:14:29,789 INFO c.h.h.t.HelmChartContainer - [hivemq-test-hivemq-platform] [hivemq-platform-operator] [2b5b6080] 18:14:29.788 [ReconcilerExecutor-hivemq-controller-112] INFO  c.h.p.o.h.AbstractHiveMQReconcilerStateHandler - [helmbrok] Update HiveMQ Platform Status (STARTING [READY] -> RUNNING [READY]): HiveMQ Platform is ready
2025-01-30 18:14:29,861 DEBUG com.hivemq.helmcharts.util.K8sUtil - Comparing actual state 'RUNNING' and waiting for 'RUNNING'
2025-01-30 18:14:29,868 INFO c.h.h.t.HelmChartContainer - [hivemq-test-hivemq-platform] [hivemq-platform-operator] [2b5b6080] 18:14:29.865 [pool-6-thread-11] DEBUG c.h.p.o.d.PlatformServiceResource - [helmbrok] Desired Platform services (3 services)
2025-01-30 18:14:29,871 INFO c.h.h.t.HelmChartContainer - [hivemq-test-hivemq-platform] [hivemq-platform-operator] [2b5b6080] 18:14:29.868 [pool-6-thread-17] DEBUG c.h.p.o.d.PodServiceAccountResource - [helmbrok] Desired PodServiceAccountResource (serviceAccountName: hivemq-platform-pod-test-hivemq-platform)
2025-01-30 18:14:29,873 INFO c.h.h.t.HelmChartContainer - [hivemq-test-hivemq-platform] [hivemq-platform-operator] [2b5b6080] 18:14:29.870 [pool-6-thread-19] DEBUG c.h.p.o.dependants.PodInfoConfigMap - [helmbrok] Desired PodInfo ConfigMap (1 extensions) (1 enabled)
2025-01-30 18:14:29,873 INFO c.h.h.t.HelmChartContainer - [hivemq-test-hivemq-platform] [hivemq-platform-operator] [2b5b6080] 18:14:29.872 [pool-6-thread-19] DEBUG c.h.p.o.dependants.PodInfoConfigMap - [helmbrok] Desired PodInfo ConfigMap (metrics port: 9399) (metrics path: /)
2025-01-30 18:14:29,883 INFO c.h.h.t.HelmChartContainer - [hivemq-test-hivemq-platform] [hivemq-platform-operator] [2b5b6080] 18:14:29.883 [pool-6-thread-19] DEBUG c.h.p.o.dependants.PodInfoConfigMap - [helmbrok] Desired PodInfo ConfigMap (extension state hash: -1817474005)
2025-01-30 18:14:29,884 INFO c.h.h.t.HelmChartContainer - [hivemq-test-hivemq-platform] [hivemq-platform-operator] [2b5b6080] 18:14:29.884 [pool-6-thread-19] DEBUG c.h.p.o.dependants.PodInfoConfigMap - [helmbrok] Update PodInfo ConfigMap
2025-01-30 18:14:29,962 INFO c.h.h.t.HelmChartContainer - [hivemq-test-hivemq-platform] [hivemq-platform-operator] [2b5b6080] 18:14:29.961 [pool-6-thread-19] DEBUG c.h.p.o.d.StatefulSetResource - [helmbrok] Desired StatefulSet (1 replicas) for status RUNNING (READY)
2025-01-30 18:14:29,967 INFO c.h.h.t.HelmChartContainer - [hivemq-test-hivemq-platform] [hivemq-platform-operator] [2b5b6080] 18:14:29.965 [ReconcilerExecutor-hivemq-controller-113] INFO  c.h.p.o.HiveMQPlatformReconciler - [helmbrok] Reconciling HiveMQ Platform 'test-hivemq-platform' in namespace 'helmbrokerlicensesit'
2025-01-30 18:14:29,967 INFO c.h.h.t.HelmChartContainer - [hivemq-test-hivemq-platform] [hivemq-platform-operator] [2b5b6080] 18:14:29.965 [ReconcilerExecutor-hivemq-controller-113] DEBUG c.h.p.o.HiveMQPlatformReconciler - [helmbrok] Custom Resource Status RUNNING - HiveMQ Platform is ready (READY)
2025-01-30 18:14:29,967 INFO c.h.h.t.HelmChartContainer - [hivemq-test-hivemq-platform] [hivemq-platform-operator] [2b5b6080] 18:14:29.965 [ReconcilerExecutor-hivemq-controller-113] DEBUG c.h.p.o.HiveMQPlatformReconciler - [helmbrok] Custom Resource Spec (replicas: 1) (extensions: 1)
2025-01-30 18:14:29,968 INFO c.h.h.t.HelmChartContainer - [hivemq-test-hivemq-platform] [hivemq-platform-operator] [2b5b6080] 18:14:29.967 [ReconcilerExecutor-hivemq-controller-113] DEBUG c.h.p.o.HiveMQPlatformReconciler - [helmbrok] StatefulSet Status (revision: test-hivemq-platform-5c857ddf4c, replicas: 1, available: 1, ready: 1, current: 1, updated: 1)
2025-01-30 18:14:29,969 INFO c.h.h.t.HelmChartContainer - [hivemq-test-hivemq-platform] [hivemq-platform-operator] [2b5b6080] 18:14:29.967 [ReconcilerExecutor-hivemq-controller-113] DEBUG c.h.p.o.HiveMQPlatformReconciler - [helmbrok] StatefulSet Spec (replicas: 1, init containers: 1, containers: 1, volumes: 4)
2025-01-30 18:14:29,970 INFO c.h.h.t.HelmChartContainer - [hivemq-test-hivemq-platform] [hivemq-platform-operator] [2b5b6080] 18:14:29.969 [ReconcilerExecutor-hivemq-controller-113] DEBUG c.h.p.o.h.HiveMQPlatformReconcilerErrorHandler - [helmbrok] Pod 'test-hivemq-platform-0' phase Running
2025-01-30 18:14:33,911 INFO c.h.h.t.HelmChartContainer - Uninstalling release 'test-hivemq-platform' in namespace 'helmbrokerlicensesit'...
2025-01-30 18:14:33,911 DEBUG c.h.h.t.HelmChartContainer - Executing helm command: /bin/helm --kubeconfig /etc/rancher/k3s/k3s.yaml uninstall test-hivemq-platform  --wait --timeout 5m0s --cascade foreground --namespace helmbrokerlicensesit
2025-01-30 18:14:34,105 INFO c.h.h.t.HelmChartContainer - [hivemq-test-hivemq-platform] [hivemq-platform-operator] [2b5b6080] 18:14:34.103 [pool-6-thread-28] DEBUG c.h.p.o.d.PlatformServiceResource - [helmbrok] Desired Platform services (3 services)
2025-01-30 18:14:34,109 INFO c.h.h.t.HelmChartContainer - [hivemq-test-hivemq-platform] [hivemq-platform-operator] [2b5b6080] 18:14:34.107 [pool-6-thread-23] DEBUG c.h.p.o.d.PodServiceAccountResource - [helmbrok] Desired PodServiceAccountResource (serviceAccountName: hivemq-platform-pod-test-hivemq-platform)
2025-01-30 18:14:34,116 INFO c.h.h.t.HelmChartContainer - [hivemq-test-hivemq-platform] [hivemq-platform-operator] [2b5b6080] 18:14:34.109 [pool-6-thread-25] DEBUG c.h.p.o.dependants.PodInfoConfigMap - [helmbrok] Desired PodInfo ConfigMap (1 extensions) (1 enabled)
2025-01-30 18:14:34,116 INFO c.h.h.t.HelmChartContainer - [hivemq-test-hivemq-platform] [hivemq-platform-operator] [2b5b6080] 18:14:34.111 [pool-6-thread-25] DEBUG c.h.p.o.dependants.PodInfoConfigMap - [helmbrok] Desired PodInfo ConfigMap (metrics port: 9399) (metrics path: /)
2025-01-30 18:14:34,116 INFO c.h.h.t.HelmChartContainer - [hivemq-test-hivemq-platform] [hivemq-platform-operator] [2b5b6080] 18:14:34.111 [pool-6-thread-25] DEBUG c.h.p.o.dependants.PodInfoConfigMap - [helmbrok] Desired PodInfo ConfigMap (extension state hash: -1817474005)
2025-01-30 18:14:34,116 INFO c.h.h.t.HelmChartContainer - [hivemq-test-hivemq-platform] [hivemq-platform-operator] [2b5b6080] 18:14:34.115 [pool-6-thread-28] DEBUG c.h.p.o.d.StatefulSetResource - [helmbrok] Desired StatefulSet (1 replicas) for status RUNNING (READY)
2025-01-30 18:14:34,191 INFO c.h.h.t.HelmChartContainer - [hivemq-test-hivemq-platform] [hivemq-platform-operator] [2b5b6080] 18:14:34.187 [ReconcilerExecutor-hivemq-controller-115] INFO  c.h.p.o.HiveMQPlatformReconciler - [helmbrok] Reconciling HiveMQ Platform 'test-hivemq-platform' in namespace 'helmbrokerlicensesit'
2025-01-30 18:14:34,191 INFO c.h.h.t.HelmChartContainer - [hivemq-test-hivemq-platform] [hivemq-platform-operator] [2b5b6080] 18:14:34.187 [ReconcilerExecutor-hivemq-controller-115] DEBUG c.h.p.o.HiveMQPlatformReconciler - [helmbrok] Custom Resource Status RUNNING - HiveMQ Platform is ready (READY)
2025-01-30 18:14:34,191 INFO c.h.h.t.HelmChartContainer - [hivemq-test-hivemq-platform] [hivemq-platform-operator] [2b5b6080] 18:14:34.187 [ReconcilerExecutor-hivemq-controller-115] DEBUG c.h.p.o.HiveMQPlatformReconciler - [helmbrok] Custom Resource Spec (replicas: 1) (extensions: 1)
2025-01-30 18:14:34,191 INFO c.h.h.t.HelmChartContainer - [hivemq-test-hivemq-platform] [hivemq-platform-operator] [2b5b6080] 18:14:34.187 [ReconcilerExecutor-hivemq-controller-115] WARN  c.h.p.o.h.HiveMQPlatformReconcilerErrorHandler - [helmbrok] Could not find ConfigMap 'hivemq-configuration-test-hivemq-platform' for HiveMQ Platform configuration
2025-01-30 18:14:34,295 INFO c.h.h.t.HelmChartContainer - [hivemq-test-hivemq-platform] [hivemq-platform-operator] [2b5b6080] 18:14:34.293 [ReconcilerExecutor-hivemq-controller-115] DEBUG c.h.p.operator.event.EventSender - [helmbrok] Creating K8s event hivemq-platform-invalid-configuration: [Start] Could not find ConfigMap 'hivemq-configuration-test-hivemq-platform' for HiveMQ Platform configuration
2025-01-30 18:14:34,298 INFO c.h.h.t.HelmChartContainer - [EVENT] Warning [Start] Could not find ConfigMap 'hivemq-configuration-test-hivemq-platform' for HiveMQ Platform configuration [helmbrokerlicensesit:test-hivemq-platform]
2025-01-30 18:14:34,356 INFO c.h.h.t.HelmChartContainer - [hivemq-test-hivemq-platform] [hivemq-platform-operator] [2b5b6080] 18:14:34.355 [ReconcilerExecutor-hivemq-controller-115] INFO  c.h.p.o.h.AbstractHiveMQReconcilerStateHandler - [helmbrok] Update HiveMQ Platform Status (RUNNING [READY] -> ERROR [INVALID_CONFIG_MAP]): Could not find ConfigMap 'hivemq-configuration-test-hivemq-platform' for HiveMQ Platform configuration
2025-01-30 18:14:34,392 INFO c.h.h.t.HelmChartContainer - [hivemq-test-hivemq-platform] [hivemq-platform-operator] [2b5b6080] 18:14:34.388 [ReconcilerExecutor-hivemq-controller-115] ERROR i.j.o.p.event.EventProcessor - Error during event processing ExecutionScope{ resource id: ResourceID{name='test-hivemq-platform', namespace='helmbrokerlicensesit'}, version: 605}
2025-01-30 18:14:34,392 INFO c.h.h.t.HelmChartContainer - [hivemq-test-hivemq-platform] [hivemq-platform-operator] [2b5b6080] io.fabric8.kubernetes.client.KubernetesClientException: Failure executing: PUT at: https://10.43.0.1:443/apis/hivemq.com/v1/namespaces/helmbrokerlicensesit/hivemq-platforms/test-hivemq-platform/status. Message: Operation cannot be fulfilled on hivemq-platforms.hivemq.com "test-hivemq-platform": the object has been modified; please apply your changes to the latest version and try again. Received status: Status(apiVersion=v1, code=409, details=StatusDetails(causes=[], group=hivemq.com, kind=hivemq-platforms, name=test-hivemq-platform, retryAfterSeconds=null, uid=null, additionalProperties={}), kind=Status, message=Operation cannot be fulfilled on hivemq-platforms.hivemq.com "test-hivemq-platform": the object has been modified; please apply your changes to the latest version and try again, metadata=ListMeta(_continue=null, remainingItemCount=null, resourceVersion=null, selfLink=null, additionalProperties={}), reason=Conflict, status=Failure, additionalProperties={}).
2025-01-30 18:14:34,392 INFO c.h.h.t.HelmChartContainer - [hivemq-test-hivemq-platform] [hivemq-platform-operator] [2b5b6080] 	at io.fabric8.kubernetes.client.KubernetesClientException.copyAsCause(KubernetesClientException.java:238)
2025-01-30 18:14:34,392 INFO c.h.h.t.HelmChartContainer - [hivemq-test-hivemq-platform] [hivemq-platform-operator] [2b5b6080] 	at io.fabric8.kubernetes.client.dsl.internal.OperationSupport.waitForResult(OperationSupport.java:507)
2025-01-30 18:14:34,392 INFO c.h.h.t.HelmChartContainer - [hivemq-test-hivemq-platform] [hivemq-platform-operator] [2b5b6080] 	at io.fabric8.kubernetes.client.dsl.internal.OperationSupport.handleResponse(OperationSupport.java:524)
2025-01-30 18:14:34,393 INFO c.h.h.t.HelmChartContainer - [hivemq-test-hivemq-platform] [hivemq-platform-operator] [2b5b6080] 	at io.fabric8.kubernetes.client.dsl.internal.OperationSupport.handleUpdate(OperationSupport.java:358)
2025-01-30 18:14:34,393 INFO c.h.h.t.HelmChartContainer - [hivemq-test-hivemq-platform] [hivemq-platform-operator] [2b5b6080] 	at io.fabric8.kubernetes.client.dsl.internal.BaseOperation.handleUpdate(BaseOperation.java:759)
2025-01-30 18:14:34,393 INFO c.h.h.t.HelmChartContainer - [hivemq-test-hivemq-platform] [hivemq-platform-operator] [2b5b6080] 	at io.fabric8.kubernetes.client.dsl.internal.HasMetadataOperation.update(HasMetadataOperation.java:138)
2025-01-30 18:14:34,393 INFO c.h.h.t.HelmChartContainer - [hivemq-test-hivemq-platform] [hivemq-platform-operator] [2b5b6080] 	at io.fabric8.kubernetes.client.dsl.internal.HasMetadataOperation.update(HasMetadataOperation.java:121)
2025-01-30 18:14:34,393 INFO c.h.h.t.HelmChartContainer - [hivemq-test-hivemq-platform] [hivemq-platform-operator] [2b5b6080] 	at io.fabric8.kubernetes.client.dsl.internal.HasMetadataOperation.updateStatus(HasMetadataOperation.java:126)
2025-01-30 18:14:34,393 INFO c.h.h.t.HelmChartContainer - [hivemq-test-hivemq-platform] [hivemq-platform-operator] [2b5b6080] 	at io.fabric8.kubernetes.client.dsl.internal.HasMetadataOperation.updateStatus(HasMetadataOperation.java:44)
2025-01-30 18:14:34,393 INFO c.h.h.t.HelmChartContainer - [hivemq-test-hivemq-platform] [hivemq-platform-operator] [2b5b6080] 	at io.javaoperatorsdk.operator.processing.event.ReconciliationDispatcher$CustomResourceFacade.updateStatus(ReconciliationDispatcher.java:408)
2025-01-30 18:14:34,393 INFO c.h.h.t.HelmChartContainer - [hivemq-test-hivemq-platform] [hivemq-platform-operator] [2b5b6080] 	at io.javaoperatorsdk.operator.processing.event.ReconciliationDispatcher.updateStatusGenerationAware(ReconciliationDispatcher.java:228)
2025-01-30 18:14:34,393 INFO c.h.h.t.HelmChartContainer - [hivemq-test-hivemq-platform] [hivemq-platform-operator] [2b5b6080] 	at io.javaoperatorsdk.operator.processing.event.ReconciliationDispatcher.reconcileExecution(ReconciliationDispatcher.java:150)
2025-01-30 18:14:34,393 INFO c.h.h.t.HelmChartContainer - [hivemq-test-hivemq-platform] [hivemq-platform-operator] [2b5b6080] 	at io.javaoperatorsdk.operator.processing.event.ReconciliationDispatcher.handleReconcile(ReconciliationDispatcher.java:117)
2025-01-30 18:14:34,393 INFO c.h.h.t.HelmChartContainer - [hivemq-test-hivemq-platform] [hivemq-platform-operator] [2b5b6080] 	at io.javaoperatorsdk.operator.processing.event.ReconciliationDispatcher.handleDispatch(ReconciliationDispatcher.java:91)
2025-01-30 18:14:34,393 INFO c.h.h.t.HelmChartContainer - [hivemq-test-hivemq-platform] [hivemq-platform-operator] [2b5b6080] 	at io.javaoperatorsdk.operator.processing.event.ReconciliationDispatcher.handleExecution(ReconciliationDispatcher.java:64)
2025-01-30 18:14:34,393 INFO c.h.h.t.HelmChartContainer - [hivemq-test-hivemq-platform] [hivemq-platform-operator] [2b5b6080] 	at io.javaoperatorsdk.operator.processing.event.EventProcessor$ReconcilerExecutor.run(EventProcessor.java:452)
2025-01-30 18:14:34,393 INFO c.h.h.t.HelmChartContainer - [hivemq-test-hivemq-platform] [hivemq-platform-operator] [2b5b6080] 	at java.base/java.util.concurrent.ThreadPoolExecutor.runWorker(Unknown Source)
2025-01-30 18:14:34,393 INFO c.h.h.t.HelmChartContainer - [hivemq-test-hivemq-platform] [hivemq-platform-operator] [2b5b6080] 	at java.base/java.util.concurrent.ThreadPoolExecutor$Worker.run(Unknown Source)
2025-01-30 18:14:34,393 INFO c.h.h.t.HelmChartContainer - [hivemq-test-hivemq-platform] [hivemq-platform-operator] [2b5b6080] 	at java.base/java.lang.Thread.run(Unknown Source)
2025-01-30 18:14:34,393 INFO c.h.h.t.HelmChartContainer - [hivemq-test-hivemq-platform] [hivemq-platform-operator] [2b5b6080] Caused by: io.fabric8.kubernetes.client.KubernetesClientException: Failure executing: PUT at: https://10.43.0.1:443/apis/hivemq.com/v1/namespaces/helmbrokerlicensesit/hivemq-platforms/test-hivemq-platform/status. Message: Operation cannot be fulfilled on hivemq-platforms.hivemq.com "test-hivemq-platform": the object has been modified; please apply your changes to the latest version and try again. Received status: Status(apiVersion=v1, code=409, details=StatusDetails(causes=[], group=hivemq.com, kind=hivemq-platforms, name=test-hivemq-platform, retryAfterSeconds=null, uid=null, additionalProperties={}), kind=Status, message=Operation cannot be fulfilled on hivemq-platforms.hivemq.com "test-hivemq-platform": the object has been modified; please apply your changes to the latest version and try again, metadata=ListMeta(_continue=null, remainingItemCount=null, resourceVersion=null, selfLink=null, additionalProperties={}), reason=Conflict, status=Failure, additionalProperties={}).
2025-01-30 18:14:34,393 INFO c.h.h.t.HelmChartContainer - [hivemq-test-hivemq-platform] [hivemq-platform-operator] [2b5b6080] 	at io.fabric8.kubernetes.client.dsl.internal.OperationSupport.requestFailure(OperationSupport.java:660)
2025-01-30 18:14:34,393 INFO c.h.h.t.HelmChartContainer - [hivemq-test-hivemq-platform] [hivemq-platform-operator] [2b5b6080] 	at io.fabric8.kubernetes.client.dsl.internal.OperationSupport.requestFailure(OperationSupport.java:640)
2025-01-30 18:14:34,393 INFO c.h.h.t.HelmChartContainer - [hivemq-test-hivemq-platform] [hivemq-platform-operator] [2b5b6080] 	at io.fabric8.kubernetes.client.dsl.internal.OperationSupport.assertResponseCode(OperationSupport.java:589)
2025-01-30 18:14:34,393 INFO c.h.h.t.HelmChartContainer - [hivemq-test-hivemq-platform] [hivemq-platform-operator] [2b5b6080] 	at io.fabric8.kubernetes.client.dsl.internal.OperationSupport.lambda$handleResponse$0(OperationSupport.java:549)
2025-01-30 18:14:34,393 INFO c.h.h.t.HelmChartContainer - [hivemq-test-hivemq-platform] [hivemq-platform-operator] [2b5b6080] 	at java.base/java.util.concurrent.CompletableFuture$UniApply.tryFire(Unknown Source)
2025-01-30 18:14:34,393 INFO c.h.h.t.HelmChartContainer - [hivemq-test-hivemq-platform] [hivemq-platform-operator] [2b5b6080] 	at java.base/java.util.concurrent.CompletableFuture.postComplete(Unknown Source)
2025-01-30 18:14:34,393 INFO c.h.h.t.HelmChartContainer - [hivemq-test-hivemq-platform] [hivemq-platform-operator] [2b5b6080] 	at java.base/java.util.concurrent.CompletableFuture.complete(Unknown Source)
2025-01-30 18:14:34,393 INFO c.h.h.t.HelmChartContainer - [hivemq-test-hivemq-platform] [hivemq-platform-operator] [2b5b6080] 	at io.fabric8.kubernetes.client.http.StandardHttpClient.lambda$completeOrCancel$10(StandardHttpClient.java:141)
2025-01-30 18:14:34,393 INFO c.h.h.t.HelmChartContainer - [hivemq-test-hivemq-platform] [hivemq-platform-operator] [2b5b6080] 	at java.base/java.util.concurrent.CompletableFuture.uniWhenComplete(Unknown Source)
2025-01-30 18:14:34,393 INFO c.h.h.t.HelmChartContainer - [hivemq-test-hivemq-platform] [hivemq-platform-operator] [2b5b6080] 	at java.base/java.util.concurrent.CompletableFuture$UniWhenComplete.tryFire(Unknown Source)
2025-01-30 18:14:34,393 INFO c.h.h.t.HelmChartContainer - [hivemq-test-hivemq-platform] [hivemq-platform-operator] [2b5b6080] 	at java.base/java.util.concurrent.CompletableFuture.postComplete(Unknown Source)
2025-01-30 18:14:34,396 INFO c.h.h.t.HelmChartContainer - [hivemq-test-hivemq-platform] [hivemq-platform-operator] [2b5b6080] 	at java.base/java.util.concurrent.CompletableFuture.complete(Unknown Source)
2025-01-30 18:14:34,396 INFO c.h.h.t.HelmChartContainer - [hivemq-test-hivemq-platform] [hivemq-platform-operator] [2b5b6080] 	at io.fabric8.kubernetes.client.http.ByteArrayBodyHandler.onBodyDone(ByteArrayBodyHandler.java:51)
2025-01-30 18:14:34,396 INFO c.h.h.t.HelmChartContainer - [hivemq-test-hivemq-platform] [hivemq-platform-operator] [2b5b6080] 	at java.base/java.util.concurrent.CompletableFuture.uniWhenComplete(Unknown Source)
2025-01-30 18:14:34,396 INFO c.h.h.t.HelmChartContainer - [hivemq-test-hivemq-platform] [hivemq-platform-operator] [2b5b6080] 	at java.base/java.util.concurrent.CompletableFuture$UniWhenComplete.tryFire(Unknown Source)
2025-01-30 18:14:34,396 INFO c.h.h.t.HelmChartContainer - [hivemq-test-hivemq-platform] [hivemq-platform-operator] [2b5b6080] 	at java.base/java.util.concurrent.CompletableFuture.postComplete(Unknown Source)
2025-01-30 18:14:34,396 INFO c.h.h.t.HelmChartContainer - [hivemq-test-hivemq-platform] [hivemq-platform-operator] [2b5b6080] 	at java.base/java.util.concurrent.CompletableFuture.complete(Unknown Source)
2025-01-30 18:14:34,396 INFO c.h.h.t.HelmChartContainer - [hivemq-test-hivemq-platform] [hivemq-platform-operator] [2b5b6080] 	at io.fabric8.kubernetes.client.vertx.VertxHttpRequest.lambda$null$1(VertxHttpRequest.java:121)
2025-01-30 18:14:34,396 INFO c.h.h.t.HelmChartContainer - [hivemq-test-hivemq-platform] [hivemq-platform-operator] [2b5b6080] 	at io.vertx.core.impl.ContextInternal.dispatch(ContextInternal.java:279)
2025-01-30 18:14:34,396 INFO c.h.h.t.HelmChartContainer - [hivemq-test-hivemq-platform] [hivemq-platform-operator] [2b5b6080] 	at io.vertx.core.impl.ContextInternal.dispatch(ContextInternal.java:261)
2025-01-30 18:14:34,396 INFO c.h.h.t.HelmChartContainer - [hivemq-test-hivemq-platform] [hivemq-platform-operator] [2b5b6080] 	at io.vertx.core.http.impl.HttpEventHandler.handleEnd(HttpEventHandler.java:76)
2025-01-30 18:14:34,396 INFO c.h.h.t.HelmChartContainer - [hivemq-test-hivemq-platform] [hivemq-platform-operator] [2b5b6080] 	at io.vertx.core.http.impl.HttpClientResponseImpl.handleEnd(HttpClientResponseImpl.java:250)
2025-01-30 18:14:34,396 INFO c.h.h.t.HelmChartContainer - [hivemq-test-hivemq-platform] [hivemq-platform-operator] [2b5b6080] 	at io.vertx.core.http.impl.Http1xClientConnection$StreamImpl.lambda$new$0(Http1xClientConnection.java:421)
2025-01-30 18:14:34,396 INFO c.h.h.t.HelmChartContainer - [hivemq-test-hivemq-platform] [hivemq-platform-operator] [2b5b6080] 	at io.vertx.core.streams.impl.InboundBuffer.handleEvent(InboundBuffer.java:279)
2025-01-30 18:14:34,396 INFO c.h.h.t.HelmChartContainer - [hivemq-test-hivemq-platform] [hivemq-platform-operator] [2b5b6080] 	at io.vertx.core.streams.impl.InboundBuffer.write(InboundBuffer.java:157)
2025-01-30 18:14:34,396 INFO c.h.h.t.HelmChartContainer - [hivemq-test-hivemq-platform] [hivemq-platform-operator] [2b5b6080] 	at io.vertx.core.http.impl.Http1xClientConnection$StreamImpl.handleEnd(Http1xClientConnection.java:709)
2025-01-30 18:14:34,396 INFO c.h.h.t.HelmChartContainer - [hivemq-test-hivemq-platform] [hivemq-platform-operator] [2b5b6080] 	at io.vertx.core.impl.ContextImpl.execute(ContextImpl.java:313)
2025-01-30 18:14:34,396 INFO c.h.h.t.HelmChartContainer - [hivemq-test-hivemq-platform] [hivemq-platform-operator] [2b5b6080] 	at io.vertx.core.impl.ContextImpl.execute(ContextImpl.java:293)
2025-01-30 18:14:34,396 INFO c.h.h.t.HelmChartContainer - [hivemq-test-hivemq-platform] [hivemq-platform-operator] [2b5b6080] 	at io.vertx.core.http.impl.Http1xClientConnection.handleResponseEnd(Http1xClientConnection.java:940)
2025-01-30 18:14:34,396 INFO c.h.h.t.HelmChartContainer - [hivemq-test-hivemq-platform] [hivemq-platform-operator] [2b5b6080] 	at io.vertx.core.http.impl.Http1xClientConnection.handleHttpMessage(Http1xClientConnection.java:810)
2025-01-30 18:14:34,396 INFO c.h.h.t.HelmChartContainer - [hivemq-test-hivemq-platform] [hivemq-platform-operator] [2b5b6080] 	at io.vertx.core.http.impl.Http1xClientConnection.handleMessage(Http1xClientConnection.java:774)
2025-01-30 18:14:34,396 INFO c.h.h.t.HelmChartContainer - [hivemq-test-hivemq-platform] [hivemq-platform-operator] [2b5b6080] 	at io.vertx.core.net.impl.ConnectionBase.read(ConnectionBase.java:159)
2025-01-30 18:14:34,396 INFO c.h.h.t.HelmChartContainer - [hivemq-test-hivemq-platform] [hivemq-platform-operator] [2b5b6080] 	at io.vertx.core.net.impl.VertxHandler.channelRead(VertxHandler.java:153)
2025-01-30 18:14:34,396 INFO c.h.h.t.HelmChartContainer - [hivemq-test-hivemq-platform] [hivemq-platform-operator] [2b5b6080] 	at io.netty.channel.AbstractChannelHandlerContext.invokeChannelRead(AbstractChannelHandlerContext.java:442)
2025-01-30 18:14:34,396 INFO c.h.h.t.HelmChartContainer - [hivemq-test-hivemq-platform] [hivemq-platform-operator] [2b5b6080] 	at io.netty.channel.AbstractChannelHandlerContext.invokeChannelRead(AbstractChannelHandlerContext.java:420)
2025-01-30 18:14:34,396 INFO c.h.h.t.HelmChartContainer - [hivemq-test-hivemq-platform] [hivemq-platform-operator] [2b5b6080] 	at io.netty.channel.AbstractChannelHandlerContext.fireChannelRead(AbstractChannelHandlerContext.java:412)
2025-01-30 18:14:34,396 INFO c.h.h.t.HelmChartContainer - [hivemq-test-hivemq-platform] [hivemq-platform-operator] [2b5b6080] 	at io.netty.channel.CombinedChannelDuplexHandler$DelegatingChannelHandlerContext.fireChannelRead(CombinedChannelDuplexHandler.java:436)
2025-01-30 18:14:34,396 INFO c.h.h.t.HelmChartContainer - [hivemq-test-hivemq-platform] [hivemq-platform-operator] [2b5b6080] 	at io.netty.handler.codec.ByteToMessageDecoder.fireChannelRead(ByteToMessageDecoder.java:346)
2025-01-30 18:14:34,396 INFO c.h.h.t.HelmChartContainer - [hivemq-test-hivemq-platform] [hivemq-platform-operator] [2b5b6080] 	at io.netty.handler.codec.ByteToMessageDecoder.channelRead(ByteToMessageDecoder.java:318)
2025-01-30 18:14:34,396 INFO c.h.h.t.HelmChartContainer - [hivemq-test-hivemq-platform] [hivemq-platform-operator] [2b5b6080] 	at io.netty.channel.CombinedChannelDuplexHandler.channelRead(CombinedChannelDuplexHandler.java:251)
2025-01-30 18:14:34,396 INFO c.h.h.t.HelmChartContainer - [hivemq-test-hivemq-platform] [hivemq-platform-operator] [2b5b6080] 	at io.netty.channel.AbstractChannelHandlerContext.invokeChannelRead(AbstractChannelHandlerContext.java:442)
2025-01-30 18:14:34,396 INFO c.h.h.t.HelmChartContainer - [hivemq-test-hivemq-platform] [hivemq-platform-operator] [2b5b6080] 	at io.netty.channel.AbstractChannelHandlerContext.invokeChannelRead(AbstractChannelHandlerContext.java:420)
2025-01-30 18:14:34,396 INFO c.h.h.t.HelmChartContainer - [hivemq-test-hivemq-platform] [hivemq-platform-operator] [2b5b6080] 	at io.netty.channel.AbstractChannelHandlerContext.fireChannelRead(AbstractChannelHandlerContext.java:412)
2025-01-30 18:14:34,396 INFO c.h.h.t.HelmChartContainer - [hivemq-test-hivemq-platform] [hivemq-platform-operator] [2b5b6080] 	at io.netty.handler.ssl.SslHandler.unwrap(SslHandler.java:1475)
2025-01-30 18:14:34,396 INFO c.h.h.t.HelmChartContainer - [hivemq-test-hivemq-platform] [hivemq-platform-operator] [2b5b6080] 	at io.netty.handler.ssl.SslHandler.decodeJdkCompatible(SslHandler.java:1338)
2025-01-30 18:14:34,396 INFO c.h.h.t.HelmChartContainer - [hivemq-test-hivemq-platform] [hivemq-platform-operator] [2b5b6080] 	at io.netty.handler.ssl.SslHandler.decode(SslHandler.java:1387)
2025-01-30 18:14:34,396 INFO c.h.h.t.HelmChartContainer - [hivemq-test-hivemq-platform] [hivemq-platform-operator] [2b5b6080] 	at io.netty.handler.codec.ByteToMessageDecoder.decodeRemovalReentryProtection(ByteToMessageDecoder.java:530)
2025-01-30 18:14:34,396 INFO c.h.h.t.HelmChartContainer - [hivemq-test-hivemq-platform] [hivemq-platform-operator] [2b5b6080] 	at io.netty.handler.codec.ByteToMessageDecoder.callDecode(ByteToMessageDecoder.java:469)
2025-01-30 18:14:34,396 INFO c.h.h.t.HelmChartContainer - [hivemq-test-hivemq-platform] [hivemq-platform-operator] [2b5b6080] 	at io.netty.handler.codec.ByteToMessageDecoder.channelRead(ByteToMessageDecoder.java:290)
2025-01-30 18:14:34,396 INFO c.h.h.t.HelmChartContainer - [hivemq-test-hivemq-platform] [hivemq-platform-operator] [2b5b6080] 	at io.netty.channel.AbstractChannelHandlerContext.invokeChannelRead(AbstractChannelHandlerContext.java:444)
2025-01-30 18:14:34,396 INFO c.h.h.t.HelmChartContainer - [hivemq-test-hivemq-platform] [hivemq-platform-operator] [2b5b6080] 	at io.netty.channel.AbstractChannelHandlerContext.invokeChannelRead(AbstractChannelHandlerContext.java:420)
2025-01-30 18:14:34,396 INFO c.h.h.t.HelmChartContainer - [hivemq-test-hivemq-platform] [hivemq-platform-operator] [2b5b6080] 	at io.netty.channel.AbstractChannelHandlerContext.fireChannelRead(AbstractChannelHandlerContext.java:412)
2025-01-30 18:14:34,396 INFO c.h.h.t.HelmChartContainer - [hivemq-test-hivemq-platform] [hivemq-platform-operator] [2b5b6080] 	at io.netty.channel.DefaultChannelPipeline$HeadContext.channelRead(DefaultChannelPipeline.java:1407)
2025-01-30 18:14:34,396 INFO c.h.h.t.HelmChartContainer - [hivemq-test-hivemq-platform] [hivemq-platform-operator] [2b5b6080] 	at io.netty.channel.AbstractChannelHandlerContext.invokeChannelRead(AbstractChannelHandlerContext.java:440)
2025-01-30 18:14:34,396 INFO c.h.h.t.HelmChartContainer - [hivemq-test-hivemq-platform] [hivemq-platform-operator] [2b5b6080] 	at io.netty.channel.AbstractChannelHandlerContext.invokeChannelRead(AbstractChannelHandlerContext.java:420)
2025-01-30 18:14:34,396 INFO c.h.h.t.HelmChartContainer - [hivemq-test-hivemq-platform] [hivemq-platform-operator] [2b5b6080] 	at io.netty.channel.DefaultChannelPipeline.fireChannelRead(DefaultChannelPipeline.java:918)
2025-01-30 18:14:34,396 INFO c.h.h.t.HelmChartContainer - [hivemq-test-hivemq-platform] [hivemq-platform-operator] [2b5b6080] 	at io.netty.channel.nio.AbstractNioByteChannel$NioByteUnsafe.read(AbstractNioByteChannel.java:166)
2025-01-30 18:14:34,396 INFO c.h.h.t.HelmChartContainer - [hivemq-test-hivemq-platform] [hivemq-platform-operator] [2b5b6080] 	at io.netty.channel.nio.NioEventLoop.processSelectedKey(NioEventLoop.java:788)
2025-01-30 18:14:34,397 INFO c.h.h.t.HelmChartContainer - [hivemq-test-hivemq-platform] [hivemq-platform-operator] [2b5b6080] 	at io.netty.channel.nio.NioEventLoop.processSelectedKeysOptimized(NioEventLoop.java:724)
2025-01-30 18:14:34,397 INFO c.h.h.t.HelmChartContainer - [hivemq-test-hivemq-platform] [hivemq-platform-operator] [2b5b6080] 	at io.netty.channel.nio.NioEventLoop.processSelectedKeys(NioEventLoop.java:650)
2025-01-30 18:14:34,397 INFO c.h.h.t.HelmChartContainer - [hivemq-test-hivemq-platform] [hivemq-platform-operator] [2b5b6080] 	at io.netty.channel.nio.NioEventLoop.run(NioEventLoop.java:562)
2025-01-30 18:14:34,397 INFO c.h.h.t.HelmChartContainer - [hivemq-test-hivemq-platform] [hivemq-platform-operator] [2b5b6080] 	at io.netty.util.concurrent.SingleThreadEventExecutor$4.run(SingleThreadEventExecutor.java:997)
2025-01-30 18:14:34,397 INFO c.h.h.t.HelmChartContainer - [hivemq-test-hivemq-platform] [hivemq-platform-operator] [2b5b6080] 	at io.netty.util.internal.ThreadExecutorMap$2.run(ThreadExecutorMap.java:74)
2025-01-30 18:14:34,397 INFO c.h.h.t.HelmChartContainer - [hivemq-test-hivemq-platform] [hivemq-platform-operator] [2b5b6080] 	at io.netty.util.concurrent.FastThreadLocalRunnable.run(FastThreadLocalRunnable.java:30)
2025-01-30 18:14:34,397 INFO c.h.h.t.HelmChartContainer - [hivemq-test-hivemq-platform] [hivemq-platform-operator] [2b5b6080] 	... 1 common frames omitted
2025-01-30 18:14:34,397 INFO c.h.h.t.HelmChartContainer - [hivemq-test-hivemq-platform] [hivemq-platform-operator] [2b5b6080] 18:14:34.394 [ReconcilerExecutor-hivemq-controller-120] INFO  c.h.p.o.HiveMQPlatformReconciler - [helmbrok] Cleanup test-hivemq-platform - helmbrokerlicensesit HiveMQ Platform is shut down
2025-01-30 18:14:34,939 INFO c.h.h.t.HelmChartContainer - [POD] test-hivemq-platform-0 [3306e807-4c4a-43eb-9c63-ec6f2863e4ca] in helmbrokerlicensesit was MODIFIED
2025-01-30 18:14:34,946 INFO c.h.h.t.HelmChartContainer - [test-hivemq-platform] [hivemq] [3306e807] INFO  - [HiveMQ Platform Operator Init App 1.7.0-SNAPSHOT] Shutting down
2025-01-30 18:14:34,946 INFO c.h.h.t.HelmChartContainer - [test-hivemq-platform] [hivemq] [3306e807] INFO  - [HiveMQ Platform Operator Init App 1.7.0-SNAPSHOT] Stopping the HiveMQ Platform
2025-01-30 18:14:34,947 INFO c.h.h.t.HelmChartContainer - [EVENT] Normal [Killing] Stopping container hivemq [helmbrokerlicensesit:test-hivemq-platform-0]
2025-01-30 18:14:34,947 INFO c.h.h.t.HelmChartContainer - Received Killing event for container hivemq in pod test-hivemq-platform-0 [3306e807-4c4a-43eb-9c63-ec6f2863e4ca]
2025-01-30 18:14:34,947 INFO c.h.h.t.HelmChartContainer - Container [test-hivemq-platform-0] [hivemq] [3306e807-4c4a-43eb-9c63-ec6f2863e4ca] was terminated
2025-01-30 18:14:34,949 INFO c.h.h.t.HelmChartContainer - Stopped log watcher for hivemq in pod test-hivemq-platform-0 [3306e807-4c4a-43eb-9c63-ec6f2863e4ca]
2025-01-30 18:14:35,017 INFO c.h.h.t.HelmChartContainer - [K3S] [authentication.go:74] "Unable to authenticate the request" err="[invalid bearer token, serviceaccounts \"hivemq-platform-pod-test-hivemq-platform\" not found]"
2025-01-30 18:14:35,020 INFO c.h.h.t.HelmChartContainer - [test-hivemq-platform] [hivemq] [3306e807] INFO  - Shutting down HiveMQ. Please wait, this could take a while...
2025-01-30 18:14:35,107 INFO c.h.h.t.HelmChartContainer - [test-hivemq-platform] [hivemq] [3306e807] INFO  - Shutting down listeners and clients
2025-01-30 18:14:35,111 INFO c.h.h.t.HelmChartContainer - [test-hivemq-platform] [hivemq] [3306e807] INFO  - Shutdown of listeners is done
2025-01-30 18:14:35,111 INFO c.h.h.t.HelmChartContainer - [test-hivemq-platform] [hivemq] [3306e807] INFO  - No clients are connected, proceeding with shutdown
2025-01-30 18:14:35,205 INFO c.h.h.t.HelmChartContainer - [K3S] [authentication.go:74] "Unable to authenticate the request" err="[invalid bearer token, serviceaccounts \"hivemq-platform-pod-test-hivemq-platform\" not found]"
2025-01-30 18:14:35,217 INFO c.h.h.t.HelmChartContainer - [test-hivemq-platform] [hivemq] [3306e807] WARN  - [HiveMQ Platform Operator Init App 1.7.0-SNAPSHOT] Could not update Pod annotations: Failure executing: GET at: https://10.43.0.1:443/api/v1/namespaces/helmbrokerlicensesit/pods/test-hivemq-platform-0. Message: Unauthorized. Received status: Status(apiVersion=v1, code=401, details=null, kind=Status, message=Unauthorized, metadata=ListMeta(_continue=null, remainingItemCount=null, resourceVersion=null, selfLink=null, additionalProperties={}), reason=Unauthorized, status=Failure, additionalProperties={}).
2025-01-30 18:14:36,159 INFO c.h.h.t.HelmChartContainer - Deleting namespace 'helmbrokerlicensesit'...
2025-01-30 18:14:38,511 INFO c.h.h.t.HelmChartContainer - [test-hivemq-platform] [hivemq] [3306e807] INFO  - Shutting down extension system
2025-01-30 18:14:38,518 INFO c.h.h.t.HelmChartContainer - [test-hivemq-platform] [hivemq] [3306e807] INFO  - Stopping extension with id hivemq-dns-cluster-discovery
2025-01-30 18:14:38,519 INFO c.h.h.t.HelmChartContainer - [test-hivemq-platform] [hivemq] [3306e807] INFO  - Extension "DNS Cluster Discovery Extension" version 4.3.2 stopped successfully.
2025-01-30 18:14:38,520 INFO c.h.h.t.HelmChartContainer - [test-hivemq-platform] [hivemq] [3306e807] INFO  - Stopping extension with id hivemq-prometheus-extension
2025-01-30 18:14:38,525 INFO c.h.h.t.HelmChartContainer - [test-hivemq-platform] [hivemq] [3306e807] INFO  - Extension "Prometheus Monitoring Extension" version 4.0.12 stopped successfully.
2025-01-30 18:14:38,525 INFO c.h.h.t.HelmChartContainer - [test-hivemq-platform] [hivemq] [3306e807] INFO  - Stopping extension with id hivemq-allow-all-extension
2025-01-30 18:14:38,525 INFO c.h.h.t.HelmChartContainer - [test-hivemq-platform] [hivemq] [3306e807] INFO  - Extension "Allow All Extension" version 1.1.1 stopped successfully.
2025-01-30 18:14:39,631 INFO c.h.h.t.HelmChartContainer - [test-hivemq-platform] [hivemq] [3306e807] INFO  - [HiveMQ Platform Operator Init App 1.7.0-SNAPSHOT] Returning shutdown Health API response 503 for readiness
2025-01-30 18:14:39,636 INFO c.h.h.t.HelmChartContainer - [EVENT] Warning [Unhealthy] Readiness probe failed: HTTP probe failed with statuscode: 503 [helmbrokerlicensesit:test-hivemq-platform-0]
2025-01-30 18:14:39,637 INFO c.h.h.t.HelmChartContainer - Received Unhealthy event for container hivemq in pod test-hivemq-platform-0 [3306e807-4c4a-43eb-9c63-ec6f2863e4ca]
2025-01-30 18:14:40,221 INFO c.h.h.t.HelmChartContainer - [K3S] [authentication.go:74] "Unable to authenticate the request" err="[invalid bearer token, serviceaccounts \"hivemq-platform-pod-test-hivemq-platform\" not found]"
2025-01-30 18:14:40,231 INFO c.h.h.t.HelmChartContainer - [K3S] [authentication.go:74] "Unable to authenticate the request" err="[invalid bearer token, serviceaccounts \"hivemq-platform-pod-test-hivemq-platform\" not found]"
2025-01-30 18:14:40,233 INFO c.h.h.t.HelmChartContainer - [test-hivemq-platform] [hivemq] [3306e807] WARN  - [HiveMQ Platform Operator Init App 1.7.0-SNAPSHOT] Could not update Pod annotations: Failure executing: GET at: https://10.43.0.1:443/api/v1/namespaces/helmbrokerlicensesit/pods/test-hivemq-platform-0. Message: Unauthorized. Received status: Status(apiVersion=v1, code=401, details=null, kind=Status, message=Unauthorized, metadata=ListMeta(_continue=null, remainingItemCount=null, resourceVersion=null, selfLink=null, additionalProperties={}), reason=Unauthorized, status=Failure, additionalProperties={}).
2025-01-30 18:14:40,882 INFO c.h.h.t.HelmChartContainer - [test-hivemq-platform] [hivemq] [3306e807] INFO  - Shutdown completed.
2025-01-30 18:14:41,243 INFO c.h.h.t.HelmChartContainer - [test-hivemq-platform] [hivemq] [3306e807] INFO  - [HiveMQ Platform Operator Init App 1.7.0-SNAPSHOT] The HiveMQ Platform exited with code 143
2025-01-30 18:14:41,243 INFO c.h.h.t.HelmChartContainer - [test-hivemq-platform] [hivemq] [3306e807] INFO  - [HiveMQ Platform Operator Init App 1.7.0-SNAPSHOT] Stopping the REST API
2025-01-30 18:14:41,283 INFO c.h.h.t.HelmChartContainer - [test-hivemq-platform] [hivemq] [3306e807] INFO  - [HiveMQ Platform Operator Init App 1.7.0-SNAPSHOT] Shutdown complete
2025-01-30 18:14:41,303 INFO c.h.h.t.HelmChartContainer - [K3S] [stateful_set.go:466] "StatefulSet has been deleted" key="helmbrokerlicensesit/test-hivemq-platform"
2025-01-30 18:14:41,780 INFO c.h.h.t.HelmChartContainer - [POD] test-hivemq-platform-0 [3306e807-4c4a-43eb-9c63-ec6f2863e4ca] in helmbrokerlicensesit was MODIFIED
2025-01-30 18:14:41,869 INFO c.h.h.t.HelmChartContainer - [K3S] [reconciler_common.go:162] "operationExecutor.UnmountVolume started for volume \"licenses\" (UniqueName: \"kubernetes.io/secret/3306e807-4c4a-43eb-9c63-ec6f2863e4ca-licenses\") pod \"3306e807-4c4a-43eb-9c63-ec6f2863e4ca\" (UID: \"3306e807-4c4a-43eb-9c63-ec6f2863e4ca\") "
2025-01-30 18:14:41,869 INFO c.h.h.t.HelmChartContainer - [K3S] [reconciler_common.go:162] "operationExecutor.UnmountVolume started for volume \"operator-init\" (UniqueName: \"kubernetes.io/empty-dir/3306e807-4c4a-43eb-9c63-ec6f2863e4ca-operator-init\") pod \"3306e807-4c4a-43eb-9c63-ec6f2863e4ca\" (UID: \"3306e807-4c4a-43eb-9c63-ec6f2863e4ca\") "
2025-01-30 18:14:41,870 INFO c.h.h.t.HelmChartContainer - [K3S] [reconciler_common.go:162] "operationExecutor.UnmountVolume started for volume \"broker-configuration\" (UniqueName: \"kubernetes.io/configmap/3306e807-4c4a-43eb-9c63-ec6f2863e4ca-broker-configuration\") pod \"3306e807-4c4a-43eb-9c63-ec6f2863e4ca\" (UID: \"3306e807-4c4a-43eb-9c63-ec6f2863e4ca\") "
2025-01-30 18:14:41,870 INFO c.h.h.t.HelmChartContainer - [K3S] [reconciler_common.go:162] "operationExecutor.UnmountVolume started for volume \"kube-api-access-rcc62\" (UniqueName: \"kubernetes.io/projected/3306e807-4c4a-43eb-9c63-ec6f2863e4ca-kube-api-access-rcc62\") pod \"3306e807-4c4a-43eb-9c63-ec6f2863e4ca\" (UID: \"3306e807-4c4a-43eb-9c63-ec6f2863e4ca\") "
2025-01-30 18:14:41,871 INFO c.h.h.t.HelmChartContainer - [K3S] [reconciler_common.go:162] "operationExecutor.UnmountVolume started for volume \"pod-info\" (UniqueName: \"kubernetes.io/configmap/3306e807-4c4a-43eb-9c63-ec6f2863e4ca-pod-info\") pod \"3306e807-4c4a-43eb-9c63-ec6f2863e4ca\" (UID: \"3306e807-4c4a-43eb-9c63-ec6f2863e4ca\") "
2025-01-30 18:14:41,970 INFO c.h.h.t.HelmChartContainer - [K3S] [reconciler_common.go:299] "Volume detached for volume \"operator-init\" (UniqueName: \"kubernetes.io/empty-dir/3306e807-4c4a-43eb-9c63-ec6f2863e4ca-operator-init\") on node \"b22a4545b13d\" DevicePath \"\""
2025-01-30 18:14:41,970 INFO c.h.h.t.HelmChartContainer - [K3S] [reconciler_common.go:299] "Volume detached for volume \"licenses\" (UniqueName: \"kubernetes.io/secret/3306e807-4c4a-43eb-9c63-ec6f2863e4ca-licenses\") on node \"b22a4545b13d\" DevicePath \"\""
2025-01-30 18:14:41,970 INFO c.h.h.t.HelmChartContainer - [K3S] [reconciler_common.go:299] "Volume detached for volume \"broker-configuration\" (UniqueName: \"kubernetes.io/configmap/3306e807-4c4a-43eb-9c63-ec6f2863e4ca-broker-configuration\") on node \"b22a4545b13d\" DevicePath \"\""
2025-01-30 18:14:41,970 INFO c.h.h.t.HelmChartContainer - [K3S] [reconciler_common.go:299] "Volume detached for volume \"kube-api-access-rcc62\" (UniqueName: \"kubernetes.io/projected/3306e807-4c4a-43eb-9c63-ec6f2863e4ca-kube-api-access-rcc62\") on node \"b22a4545b13d\" DevicePath \"\""
2025-01-30 18:14:41,970 INFO c.h.h.t.HelmChartContainer - [K3S] [reconciler_common.go:299] "Volume detached for volume \"pod-info\" (UniqueName: \"kubernetes.io/configmap/3306e807-4c4a-43eb-9c63-ec6f2863e4ca-pod-info\") on node \"b22a4545b13d\" DevicePath \"\""
2025-01-30 18:14:42,442 INFO c.h.h.t.HelmChartContainer - [K3S] [scope.go:117] "RemoveContainer" containerID="57993e3a6ca503196216bf9bfc2647dfdb0897b76cf552565a871abbe86281df"
2025-01-30 18:14:42,455 INFO c.h.h.t.HelmChartContainer - [POD] test-hivemq-platform-0 [3306e807-4c4a-43eb-9c63-ec6f2863e4ca] in helmbrokerlicensesit was MODIFIED
2025-01-30 18:14:42,458 INFO c.h.h.t.HelmChartContainer - [POD] test-hivemq-platform-0 [3306e807-4c4a-43eb-9c63-ec6f2863e4ca] in helmbrokerlicensesit was DELETED
2025-01-30 18:14:42,539 INFO c.h.h.t.HelmChartContainer - [K3S] [scope.go:117] "RemoveContainer" containerID="b7d04449c5aa88adb126322d8303623c05bf276c9324dfd571ca92637598456d"
2025-01-30 18:14:42,542 INFO c.h.h.t.HelmChartContainer - [K3S] [scope.go:117] "RemoveContainer" containerID="57993e3a6ca503196216bf9bfc2647dfdb0897b76cf552565a871abbe86281df"
2025-01-30 18:14:42,543 INFO c.h.h.t.HelmChartContainer - [K3S] [scope.go:117] "RemoveContainer" containerID="b7d04449c5aa88adb126322d8303623c05bf276c9324dfd571ca92637598456d"
2025-01-30 18:14:44,265 INFO c.h.h.t.HelmChartContainer - [K3S] [kubelet_volumes.go:163] "Cleaned up orphaned pod volumes dir" podUID="3306e807-4c4a-43eb-9c63-ec6f2863e4ca" path="/var/lib/kubelet/pods/3306e807-4c4a-43eb-9c63-ec6f2863e4ca/volumes"
2025-01-30 18:14:46,496 INFO c.h.h.t.HelmChartContainer - Namespace 'helmbrokerlicensesit' deleted
2025-01-30 18:14:46,496 INFO c.h.h.t.HelmChartContainer - Release 'test-hivemq-platform' in namespace 'helmbrokerlicensesit' is uninstalled
2025-01-30 18:14:46,496 INFO c.h.h.t.HelmChartContainer - Uninstalling release 'test-hivemq-platform-operator' in namespace 'helmbrokerlicensesit-operator'...
2025-01-30 18:14:46,496 DEBUG c.h.h.t.HelmChartContainer - Executing helm command: /bin/helm --kubeconfig /etc/rancher/k3s/k3s.yaml uninstall test-hivemq-platform-operator  --wait --timeout 5m0s --cascade foreground --namespace helmbrokerlicensesit-operator
2025-01-30 18:14:46,698 INFO c.h.h.t.HelmChartContainer - [K3S] [replica_set.go:679] "Finished syncing" kind="ReplicaSet" key="helmbrokerlicensesit-operator/hivemq-test-hivemq-platform-operator-6966f96d65" duration="10.071386ms"
2025-01-30 18:14:46,701 INFO c.h.h.t.HelmChartContainer - [K3S] [replica_set.go:679] "Finished syncing" kind="ReplicaSet" key="helmbrokerlicensesit-operator/hivemq-test-hivemq-platform-operator-6966f96d65" duration="34.835µs"
2025-01-30 18:14:46,722 INFO c.h.h.t.HelmChartContainer - [POD] hivemq-test-hivemq-platform-operator-6966f96d65-6tqwp [2b5b6080-2edf-492e-9ee1-c3367d5b0f12] in helmbrokerlicensesit-operator was MODIFIED
2025-01-30 18:14:46,729 INFO c.h.h.t.HelmChartContainer - [EVENT] Normal [Killing] Stopping container hivemq-platform-operator [helmbrokerlicensesit-operator:hivemq-test-hivemq-platform-operator-6966f96d65-6tqwp]
2025-01-30 18:14:46,730 INFO c.h.h.t.HelmChartContainer - Received Killing event for container hivemq-platform-operator in pod hivemq-test-hivemq-platform-operator-6966f96d65-6tqwp [2b5b6080-2edf-492e-9ee1-c3367d5b0f12]
2025-01-30 18:14:46,730 INFO c.h.h.t.HelmChartContainer - Container [hivemq-test-hivemq-platform-operator-6966f96d65-6tqwp] [hivemq-platform-operator] [2b5b6080-2edf-492e-9ee1-c3367d5b0f12] was terminated
2025-01-30 18:14:46,730 INFO c.h.h.t.HelmChartContainer - Stopped log watcher for hivemq-platform-operator in pod hivemq-test-hivemq-platform-operator-6966f96d65-6tqwp [2b5b6080-2edf-492e-9ee1-c3367d5b0f12]
2025-01-30 18:14:46,732 INFO c.h.h.t.HelmChartContainer - [K3S] [replica_set.go:679] "Finished syncing" kind="ReplicaSet" key="helmbrokerlicensesit-operator/hivemq-test-hivemq-platform-operator-6966f96d65" duration="14.959626ms"
2025-01-30 18:14:46,733 INFO c.h.h.t.HelmChartContainer - [K3S] [replica_set.go:679] "Finished syncing" kind="ReplicaSet" key="helmbrokerlicensesit-operator/hivemq-test-hivemq-platform-operator-6966f96d65" duration="48.3µs"
2025-01-30 18:14:46,735 INFO c.h.h.t.HelmChartContainer - [hivemq-test-hivemq-platform] [hivemq-platform-operator] [2b5b6080] 18:14:46.733 [application-shutdown-thread] INFO  c.h.p.o.HiveMQPlatformOperatorApplication - HiveMQ Platform Operator is stopping...
2025-01-30 18:14:46,735 INFO c.h.h.t.HelmChartContainer - [hivemq-test-hivemq-platform] [hivemq-platform-operator] [2b5b6080] 18:14:46.733 [application-shutdown-thread] INFO  i.javaoperatorsdk.operator.Operator - Operator SDK 4.9.7 is shutting down...
2025-01-30 18:14:47,329 INFO c.h.h.t.HelmChartContainer - [K3S] [replica_set.go:679] "Finished syncing" kind="ReplicaSet" key="helmbrokerlicensesit-operator/hivemq-test-hivemq-platform-operator-6966f96d65" duration="55.614µs"
2025-01-30 18:14:47,331 INFO c.h.h.t.HelmChartContainer - [POD] hivemq-test-hivemq-platform-operator-6966f96d65-6tqwp [2b5b6080-2edf-492e-9ee1-c3367d5b0f12] in helmbrokerlicensesit-operator was MODIFIED
2025-01-30 18:14:47,402 INFO c.h.h.t.HelmChartContainer - [K3S] [reconciler_common.go:162] "operationExecutor.UnmountVolume started for volume \"kube-api-access-r7ffx\" (UniqueName: \"kubernetes.io/projected/2b5b6080-2edf-492e-9ee1-c3367d5b0f12-kube-api-access-r7ffx\") pod \"2b5b6080-2edf-492e-9ee1-c3367d5b0f12\" (UID: \"2b5b6080-2edf-492e-9ee1-c3367d5b0f12\") "
2025-01-30 18:14:47,451 INFO c.h.h.t.HelmChartContainer - [K3S] [scope.go:117] "RemoveContainer" containerID="aaea9f10050aee473c8431ac1cd334ca319e6750f5f2ca9dc86e10f7266fd56e"
2025-01-30 18:14:47,454 INFO c.h.h.t.HelmChartContainer - [K3S] [scope.go:117] "RemoveContainer" containerID="aaea9f10050aee473c8431ac1cd334ca319e6750f5f2ca9dc86e10f7266fd56e"
2025-01-30 18:14:47,462 INFO c.h.h.t.HelmChartContainer - [K3S] [replica_set.go:679] "Finished syncing" kind="ReplicaSet" key="helmbrokerlicensesit-operator/hivemq-test-hivemq-platform-operator-6966f96d65" duration="43.502µs"
2025-01-30 18:14:47,463 INFO c.h.h.t.HelmChartContainer - [POD] hivemq-test-hivemq-platform-operator-6966f96d65-6tqwp [2b5b6080-2edf-492e-9ee1-c3367d5b0f12] in helmbrokerlicensesit-operator was MODIFIED
2025-01-30 18:14:47,466 INFO c.h.h.t.HelmChartContainer - [K3S] [replica_set.go:679] "Finished syncing" kind="ReplicaSet" key="helmbrokerlicensesit-operator/hivemq-test-hivemq-platform-operator-6966f96d65" duration="27.672µs"
2025-01-30 18:14:47,466 INFO c.h.h.t.HelmChartContainer - [POD] hivemq-test-hivemq-platform-operator-6966f96d65-6tqwp [2b5b6080-2edf-492e-9ee1-c3367d5b0f12] in helmbrokerlicensesit-operator was DELETED
2025-01-30 18:14:47,479 INFO c.h.h.t.HelmChartContainer - [K3S] [replica_set.go:679] "Finished syncing" kind="ReplicaSet" key="helmbrokerlicensesit-operator/hivemq-test-hivemq-platform-operator-6966f96d65" duration="5.3µs"
2025-01-30 18:14:47,503 INFO c.h.h.t.HelmChartContainer - [K3S] [reconciler_common.go:299] "Volume detached for volume \"kube-api-access-r7ffx\" (UniqueName: \"kubernetes.io/projected/2b5b6080-2edf-492e-9ee1-c3367d5b0f12-kube-api-access-r7ffx\") on node \"b22a4545b13d\" DevicePath \"\""
2025-01-30 18:14:48,266 INFO c.h.h.t.HelmChartContainer - [K3S] [kubelet_volumes.go:163] "Cleaned up orphaned pod volumes dir" podUID="2b5b6080-2edf-492e-9ee1-c3367d5b0f12" path="/var/lib/kubelet/pods/2b5b6080-2edf-492e-9ee1-c3367d5b0f12/volumes"
2025-01-30 18:14:48,741 INFO c.h.h.t.HelmChartContainer - Deleting namespace 'helmbrokerlicensesit-operator'...
2025-01-30 18:14:51,409 INFO c.h.h.t.HelmChartContainer - [K3S] [namespace_controller.go:187] "Namespace has been deleted" namespace="helmbrokerlicensesit"
2025-01-30 18:14:53,959 INFO c.h.h.t.HelmChartContainer - Namespace 'helmbrokerlicensesit-operator' deleted
2025-01-30 18:14:53,959 INFO c.h.h.t.HelmChartContainer - Release 'test-hivemq-platform-operator' in namespace 'helmbrokerlicensesit-operator' is uninstalled
2025-01-30 18:14:54,678 INFO c.h.helmcharts.AbstractHelmChartIT - Removed unused containers:

2025-01-30 18:14:58,857 INFO c.h.h.t.HelmChartContainer - [K3S] [namespace_controller.go:187] "Namespace has been deleted" namespace="helmbrokerlicensesit-operator"
2025-01-30 18:15:02,369 INFO c.h.helmcharts.AbstractHelmChartIT - Removed unused snapshots:
Removing snapshot sha256:03af251906410714c5aef9fa705b63f6bbc39c4a5e787de7361eeb18886c2ed2
Removing snapshot sha256:0c46b3b43cce082ce5ec34ffc6c294e0417d17b9d1e6f366d114b6aadc4f96dc
Removing snapshot sha256:0ce761beee59082d6ed5bcebd3a805b8ddd9b3426b617e4809e7fb7c6587ffec
Removing snapshot sha256:0df91287303208332c8ff6ba40ae4710105201739addbfbddfb955f1ad593664
Removing snapshot sha256:1021ef88c7974bfff89c5a0ec4fd3160daac6c48a075f74cff721f85dd104e68
Removing snapshot sha256:10aba4953ddc18145dd38e3704709bc464aa20af60b56fe52caaff4b68411e62
Removing snapshot sha256:2573e0d8158209ed54ab25c87bcdcb00bd3d2539246960a3d592a1c599d70465
Removing snapshot sha256:362a8a37f8bbc31925a8146adcf7cf51f9882f5c1dcbef67c5baa03a297543c0
Removing snapshot sha256:3fa4ad33f0ddc8fd45b39b6b4640f82a3a83619606cd975bfe89d8710ad2d4cd
Removing snapshot sha256:43a7c979bbaba6838bc3102d6b10a1459f3ab050b87ccdfef84ef90cf43d3058
Removing snapshot sha256:4ab04491cdf0d3267f08206fe30bd48f49f94b9cab2f016d6739220f722a64af
Removing snapshot sha256:4b6068250e89c96f263060261819c7d912855bfbd64b3eb4c4a8483299b8c295
Removing snapshot sha256:580e69a0a8034ede1921139bbd2bfb72a69ebf276d008281896c32dd8bf74775
Removing snapshot sha256:5d30ba46b27fe37484567ccc5242cadc78217b8da605f3f195ef25cbf7487904
Removing snapshot sha256:63ca1fbb43ae5034640e5e6cb3e083e05c290072c5366fcaa9d62435a4cced85
Removing snapshot sha256:67f702c6baae873bceb19487c8b1f27bd2b86077e4f2f0e480e6d60ab508b8f5
Removing snapshot sha256:6864348dd42806d552efdec384f1274be15e2d0c10ce44c1f04347af004c10a9
Removing snapshot sha256:6c3c1b293b2342929cba033e74096c053e1316334dfc219f6383af45cb3314b3
Removing snapshot sha256:6c7dee8f2c39b84b7dc2711c01d33de93514d9055499173e9290176fbe484b6c
Removing snapshot sha256:749a8a48990c6022da7b498506c088d40c1363312ae0a5b05fa0ef6be6cd4b00
Removing snapshot sha256:82753493a6d61ded36556292f02f31841a14c20d2f279f19eaad65afb661d5cd
Removing snapshot sha256:8a10d3db42c505ee0fcfa98417bdd7e39b304f6bcc0a06bb1b220797ff2cc63c
Removing snapshot sha256:a21e5b12dbac529ad45d976eb9ce45c881f3bedcc500fb30aba1e52aa1813418
Removing snapshot sha256:b921e6c28969094157f9b8e7244677780319637afd14450b7cb6b2fdea558a0c
Removing snapshot sha256:bc27ecb5769a00e309cf99ebc763c4a4b958b618d1decc96ffac5bc05f02f5b7
Removing snapshot sha256:be3ccb6627a5332e309d45ef461d09b4879dd870c7394d89323d0ebc6ca6aa8a
Removing snapshot sha256:c261f7cbbc64211ee175ee47273acdb7b1a36a4450b397a064a8f2c026490095
Removing snapshot sha256:c34d9393647eea0c9e3557ab988efaf59f61d10a2a5613b439ef0958cca5ec10
Removing snapshot sha256:ccf3c4a0fa967a41c1c83497a2ce6fa5787965859df0adb32c4ca2cf7490bc2b
Removing snapshot sha256:cf92d33f869417309692088c341cd0f223c178ea78a125f757317b22aa8f90e9
Removing snapshot sha256:d0037344cf2fb078884f1849f6a1f8cf9a33a3b6139b6a85833e5ee528e1f9a8
Removing snapshot sha256:d3b36d5b79273b1e98e7700470eaeff05a882e777124d84cebcc1505b85ecb36
Removing snapshot sha256:d65a44a37914602d12c611e5e22a50f11451d847e63015cc1c2aef92dee777a4
Removing snapshot sha256:e2dc0bae2455930f23ae570e019b7f32edc75c0f2d71cab084db837ff9051796
Removing snapshot sha256:eccbd24a99c60cd9e86ee5305dbfc4a4dc89f5ab4fb1f06c8d64797cecedef34
Removing snapshot sha256:f144bb4c7c7f0d2aa7eeffd36d934ec40db1ee167be727e326aad9fdc616f475

]]></system-out>
  </testcase>
  <testcase name="withBrokerLicenseFileContent_statefulSetWithLicenseSecretMounted()" classname="com.hivemq.helmcharts.license.HelmBrokerLicensesIT" time="98.494">
    <system-out><![CDATA[2025-01-30 18:15:02,377 INFO c.h.h.t.HelmChartContainer - Creating namespace 'helmbrokerlicensesit-operator'...
2025-01-30 18:15:02,383 INFO c.h.h.t.HelmChartContainer - Namespace 'helmbrokerlicensesit-operator' created
2025-01-30 18:15:02,383 INFO c.h.h.t.HelmChartContainer - Creating namespace 'helmbrokerlicensesit'...
2025-01-30 18:15:02,389 INFO c.h.h.t.HelmChartContainer - Namespace 'helmbrokerlicensesit' created
2025-01-30 18:15:02,457 DEBUG c.h.h.t.HelmChartContainer - Executing helm command: /bin/helm --kubeconfig /etc/rancher/k3s/k3s.yaml install test-hivemq-platform-operator /charts/hivemq-platform-operator --wait --timeout 5m0s --set image.repository=docker.io/hivemq --set image.name=hivemq-platform-operator-test --set image.initImageName=hivemq-platform-operator-init-test --set image.tag=snapshot --set image.pullPolicy=Never --set logLevel=DEBUG --set resources.cpu=512m --namespace helmbrokerlicensesit-operator
2025-01-30 18:15:02,766 INFO c.h.h.t.HelmChartContainer - [K3S] [alloc.go:330] "allocated clusterIPs" service="helmbrokerlicensesit-operator/hivemq-platform-operator-test-hivemq-platform-operator" clusterIPs={"IPv4":"10.43.167.194"}
2025-01-30 18:15:02,788 INFO c.h.h.t.HelmChartContainer - [EVENT] Normal [ScalingReplicaSet] Scaled up replica set hivemq-test-hivemq-platform-operator-6966f96d65 from 0 to 1 [helmbrokerlicensesit-operator:hivemq-test-hivemq-platform-operator]
2025-01-30 18:15:02,794 INFO c.h.h.t.HelmChartContainer - [POD] hivemq-test-hivemq-platform-operator-6966f96d65-ddzsn [442828c0-c9a1-4901-9c4b-ebd6047db378] in helmbrokerlicensesit-operator was ADDED
2025-01-30 18:15:02,803 INFO c.h.h.t.HelmChartContainer - [EVENT] Normal [SuccessfulCreate] Created pod: hivemq-test-hivemq-platform-operator-6966f96d65-ddzsn [helmbrokerlicensesit-operator:hivemq-test-hivemq-platform-operator-6966f96d65]
2025-01-30 18:15:02,806 INFO c.h.h.t.HelmChartContainer - [K3S] [memory_manager.go:355] "RemoveStaleState removing state" podUID="2b5b6080-2edf-492e-9ee1-c3367d5b0f12" containerName="hivemq-platform-operator"
2025-01-30 18:15:02,806 INFO c.h.h.t.HelmChartContainer - [K3S] [memory_manager.go:355] "RemoveStaleState removing state" podUID="3306e807-4c4a-43eb-9c63-ec6f2863e4ca" containerName="hivemq"
2025-01-30 18:15:02,806 INFO c.h.h.t.HelmChartContainer - [POD] hivemq-test-hivemq-platform-operator-6966f96d65-ddzsn [442828c0-c9a1-4901-9c4b-ebd6047db378] in helmbrokerlicensesit-operator was MODIFIED
2025-01-30 18:15:02,807 INFO c.h.h.t.HelmChartContainer - [K3S] [replica_set.go:679] "Finished syncing" kind="ReplicaSet" key="helmbrokerlicensesit-operator/hivemq-test-hivemq-platform-operator-6966f96d65" duration="25.949335ms"
2025-01-30 18:15:02,810 INFO c.h.h.t.HelmChartContainer - [EVENT] Normal [Scheduled] Successfully assigned helmbrokerlicensesit-operator/hivemq-test-hivemq-platform-operator-6966f96d65-ddzsn to b22a4545b13d [helmbrokerlicensesit-operator:hivemq-test-hivemq-platform-operator-6966f96d65-ddzsn]
2025-01-30 18:15:02,813 INFO c.h.h.t.HelmChartContainer - [K3S] [replica_set.go:679] "Finished syncing" kind="ReplicaSet" key="helmbrokerlicensesit-operator/hivemq-test-hivemq-platform-operator-6966f96d65" duration="6.058762ms"
2025-01-30 18:15:02,820 INFO c.h.h.t.HelmChartContainer - [POD] hivemq-test-hivemq-platform-operator-6966f96d65-ddzsn [442828c0-c9a1-4901-9c4b-ebd6047db378] in helmbrokerlicensesit-operator was MODIFIED
2025-01-30 18:15:02,827 INFO c.h.h.t.HelmChartContainer - [K3S] [replica_set.go:679] "Finished syncing" kind="ReplicaSet" key="helmbrokerlicensesit-operator/hivemq-test-hivemq-platform-operator-6966f96d65" duration="14.429371ms"
2025-01-30 18:15:02,827 INFO c.h.h.t.HelmChartContainer - [K3S] [replica_set.go:679] "Finished syncing" kind="ReplicaSet" key="helmbrokerlicensesit-operator/hivemq-test-hivemq-platform-operator-6966f96d65" duration="49.262µs"
2025-01-30 18:15:02,893 INFO c.h.h.t.HelmChartContainer - [K3S] [reconciler_common.go:251] "operationExecutor.VerifyControllerAttachedVolume started for volume \"kube-api-access-ctlwn\" (UniqueName: \"kubernetes.io/projected/442828c0-c9a1-4901-9c4b-ebd6047db378-kube-api-access-ctlwn\") pod \"hivemq-test-hivemq-platform-operator-6966f96d65-ddzsn\" (UID: \"442828c0-c9a1-4901-9c4b-ebd6047db378\") " pod="helmbrokerlicensesit-operator/hivemq-test-hivemq-platform-operator-6966f96d65-ddzsn"
2025-01-30 18:15:03,205 INFO c.h.h.t.HelmChartContainer - [EVENT] Normal [Pulled] Container image "docker.io/hivemq/hivemq-platform-operator-test:snapshot" already present on machine [helmbrokerlicensesit-operator:hivemq-test-hivemq-platform-operator-6966f96d65-ddzsn]
2025-01-30 18:15:03,205 INFO c.h.h.t.HelmChartContainer - Received Pulled event for container hivemq-platform-operator in pod hivemq-test-hivemq-platform-operator-6966f96d65-ddzsn [442828c0-c9a1-4901-9c4b-ebd6047db378]
2025-01-30 18:15:04,524 INFO c.h.h.t.HelmChartContainer - [EVENT] Normal [Created] Created container: hivemq-platform-operator [helmbrokerlicensesit-operator:hivemq-test-hivemq-platform-operator-6966f96d65-ddzsn]
2025-01-30 18:15:04,524 INFO c.h.h.t.HelmChartContainer - Received Created event for container hivemq-platform-operator in pod hivemq-test-hivemq-platform-operator-6966f96d65-ddzsn [442828c0-c9a1-4901-9c4b-ebd6047db378]
2025-01-30 18:15:05,489 INFO c.h.h.t.HelmChartContainer - [K3S] [replica_set.go:679] "Finished syncing" kind="ReplicaSet" key="helmbrokerlicensesit-operator/hivemq-test-hivemq-platform-operator-6966f96d65" duration="39.774µs"
2025-01-30 18:15:05,489 INFO c.h.h.t.HelmChartContainer - [POD] hivemq-test-hivemq-platform-operator-6966f96d65-ddzsn [442828c0-c9a1-4901-9c4b-ebd6047db378] in helmbrokerlicensesit-operator was MODIFIED
2025-01-30 18:15:05,513 INFO c.h.h.t.HelmChartContainer - [EVENT] Normal [Started] Started container hivemq-platform-operator [helmbrokerlicensesit-operator:hivemq-test-hivemq-platform-operator-6966f96d65-ddzsn]
2025-01-30 18:15:05,513 INFO c.h.h.t.HelmChartContainer - Started log watcher for hivemq-platform-operator in pod hivemq-test-hivemq-platform-operator-6966f96d65-ddzsn [442828c0-c9a1-4901-9c4b-ebd6047db378]
2025-01-30 18:15:05,514 INFO c.h.h.t.HelmChartContainer - Received Started event for container hivemq-platform-operator in pod hivemq-test-hivemq-platform-operator-6966f96d65-ddzsn [442828c0-c9a1-4901-9c4b-ebd6047db378]
2025-01-30 18:15:05,516 INFO c.h.h.t.HelmChartContainer - [hivemq-test-hivemq-platform] [hivemq-platform-operator] [442828c0] -------------------------------------------------------------------------
2025-01-30 18:15:05,516 INFO c.h.h.t.HelmChartContainer - [hivemq-test-hivemq-platform] [hivemq-platform-operator] [442828c0] 
2025-01-30 18:15:05,516 INFO c.h.h.t.HelmChartContainer - [hivemq-test-hivemq-platform] [hivemq-platform-operator] [442828c0]                   _    _  _              __  __   ____
2025-01-30 18:15:05,516 INFO c.h.h.t.HelmChartContainer - [hivemq-test-hivemq-platform] [hivemq-platform-operator] [442828c0]                  | |  | |(_)            |  \/  | / __ \
2025-01-30 18:15:05,516 INFO c.h.h.t.HelmChartContainer - [hivemq-test-hivemq-platform] [hivemq-platform-operator] [442828c0]                  | |__| | _ __   __ ___ | \  / || |  | |
2025-01-30 18:15:05,516 INFO c.h.h.t.HelmChartContainer - [hivemq-test-hivemq-platform] [hivemq-platform-operator] [442828c0]                  |  __  || |\ \ / // _ \| |\/| || |  | |
2025-01-30 18:15:05,516 INFO c.h.h.t.HelmChartContainer - [hivemq-test-hivemq-platform] [hivemq-platform-operator] [442828c0]                  | |  | || | \ V /|  __/| |  | || |__| |
2025-01-30 18:15:05,516 INFO c.h.h.t.HelmChartContainer - [hivemq-test-hivemq-platform] [hivemq-platform-operator] [442828c0]                  |_|  |_||_|  \_/  \___||_|  |_| \___\_\
2025-01-30 18:15:05,516 INFO c.h.h.t.HelmChartContainer - [hivemq-test-hivemq-platform] [hivemq-platform-operator] [442828c0] 
2025-01-30 18:15:05,516 INFO c.h.h.t.HelmChartContainer - [hivemq-test-hivemq-platform] [hivemq-platform-operator] [442828c0] -------------------------------------------------------------------------
2025-01-30 18:15:05,517 INFO c.h.h.t.HelmChartContainer - [hivemq-test-hivemq-platform] [hivemq-platform-operator] [442828c0] 
2025-01-30 18:15:05,517 INFO c.h.h.t.HelmChartContainer - [hivemq-test-hivemq-platform] [hivemq-platform-operator] [442828c0]   HiveMQ Platform Operator Start Script v1.0
2025-01-30 18:15:05,517 INFO c.h.h.t.HelmChartContainer - [hivemq-test-hivemq-platform] [hivemq-platform-operator] [442828c0] 
2025-01-30 18:15:05,517 INFO c.h.h.t.HelmChartContainer - [hivemq-test-hivemq-platform] [hivemq-platform-operator] [442828c0] -------------------------------------------------------------------------
2025-01-30 18:15:05,517 INFO c.h.h.t.HelmChartContainer - [hivemq-test-hivemq-platform] [hivemq-platform-operator] [442828c0] 
2025-01-30 18:15:05,517 INFO c.h.h.t.HelmChartContainer - [hivemq-test-hivemq-platform] [hivemq-platform-operator] [442828c0]   JAVA_OPTS: -XX:+UnlockExperimentalVMOptions -XX:InitialRAMPercentage=75 -XX:MaxRAMPercentage=75 -Duser.language=en -Duser.region=US
2025-01-30 18:15:05,517 INFO c.h.h.t.HelmChartContainer - [hivemq-test-hivemq-platform] [hivemq-platform-operator] [442828c0] 
2025-01-30 18:15:05,517 INFO c.h.h.t.HelmChartContainer - [hivemq-test-hivemq-platform] [hivemq-platform-operator] [442828c0]   JAVA_VERSION: 21
2025-01-30 18:15:05,517 INFO c.h.h.t.HelmChartContainer - [hivemq-test-hivemq-platform] [hivemq-platform-operator] [442828c0] 
2025-01-30 18:15:05,517 INFO c.h.h.t.HelmChartContainer - [hivemq-test-hivemq-platform] [hivemq-platform-operator] [442828c0] -------------------------------------------------------------------------
2025-01-30 18:15:05,517 INFO c.h.h.t.HelmChartContainer - [hivemq-test-hivemq-platform] [hivemq-platform-operator] [442828c0] 
2025-01-30 18:15:07,808 INFO c.h.h.t.HelmChartContainer - [hivemq-test-hivemq-platform] [hivemq-platform-operator] [442828c0] 18:15:07.806 [main] DEBUG org.jboss.logging - Logging Provider: org.jboss.logging.Slf4jLoggerProvider
2025-01-30 18:15:07,912 INFO c.h.h.t.HelmChartContainer - [hivemq-test-hivemq-platform] [hivemq-platform-operator] [442828c0] 18:15:07.910 [main] DEBUG io.smallrye.config - SRCFG01006: Loaded ConfigSource SysPropConfigSource with ordinal 400
2025-01-30 18:15:07,912 INFO c.h.h.t.HelmChartContainer - [hivemq-test-hivemq-platform] [hivemq-platform-operator] [442828c0] 18:15:07.911 [main] DEBUG io.smallrye.config - SRCFG01006: Loaded ConfigSource EnvConfigSource with ordinal 300
2025-01-30 18:15:07,912 INFO c.h.h.t.HelmChartContainer - [hivemq-test-hivemq-platform] [hivemq-platform-operator] [442828c0] 18:15:07.911 [main] DEBUG io.smallrye.config - SRCFG01006: Loaded ConfigSource PropertiesConfigSource[source=jar:file:///opt/hivemq-platform-operator/bin/hivemq-platform-operator.jar!/hivemq-platform-operator.properties] with ordinal 100
2025-01-30 18:15:07,913 INFO c.h.h.t.HelmChartContainer - [hivemq-test-hivemq-platform] [hivemq-platform-operator] [442828c0] 18:15:07.911 [main] DEBUG io.smallrye.config - SRCFG01006: Loaded ConfigSource DefaultValuesConfigSource with ordinal -2147483648
2025-01-30 18:15:08,019 INFO c.h.h.t.HelmChartContainer - [hivemq-test-hivemq-platform] [hivemq-platform-operator] [442828c0] 18:15:08.018 [main] DEBUG i.m.c.u.i.l.InternalLoggerFactory - Using SLF4J as the default logging framework
2025-01-30 18:15:08,116 INFO c.h.h.t.HelmChartContainer - [hivemq-test-hivemq-platform] [hivemq-platform-operator] [442828c0] 18:15:08.110 [main] INFO  c.h.p.o.HiveMQPlatformOperatorApplication - HiveMQ Platform Operator 1.7.0-SNAPSHOT (commit: 47e3375 on branch: HEAD) built on Thu Jan 30 03:55:50 UTC 2025
2025-01-30 18:15:08,117 INFO c.h.h.t.HelmChartContainer - [hivemq-test-hivemq-platform] [hivemq-platform-operator] [442828c0] 18:15:08.116 [main] INFO  c.h.p.o.HiveMQPlatformOperatorApplication - HiveMQ Platform Operator is running in namespace: helmbrokerlicensesit-operator
2025-01-30 18:15:08,117 INFO c.h.h.t.HelmChartContainer - [hivemq-test-hivemq-platform] [hivemq-platform-operator] [442828c0] 18:15:08.116 [main] INFO  c.h.p.o.HiveMQPlatformOperatorApplication - Watching all namespaces
2025-01-30 18:15:08,117 INFO c.h.h.t.HelmChartContainer - [hivemq-test-hivemq-platform] [hivemq-platform-operator] [442828c0] 18:15:08.116 [main] INFO  c.h.p.o.HiveMQPlatformOperatorApplication - Log level: DEBUG
2025-01-30 18:15:08,117 INFO c.h.h.t.HelmChartContainer - [hivemq-test-hivemq-platform] [hivemq-platform-operator] [442828c0] 18:15:08.116 [main] INFO  c.h.p.o.HiveMQPlatformOperatorApplication - Release name: test-hivemq-platform-operator
2025-01-30 18:15:08,118 INFO c.h.h.t.HelmChartContainer - [hivemq-test-hivemq-platform] [hivemq-platform-operator] [442828c0] 18:15:08.116 [main] INFO  c.h.p.o.HiveMQPlatformOperatorApplication - HiveMQ Platform Operator Init image: docker.io/hivemq/hivemq-platform-operator-init-test:snapshot
2025-01-30 18:15:08,118 INFO c.h.h.t.HelmChartContainer - [hivemq-test-hivemq-platform] [hivemq-platform-operator] [442828c0] 18:15:08.116 [main] INFO  c.h.p.o.HiveMQPlatformOperatorApplication - HiveMQ Platform Operator Init App update URL: http://hivemq-platform-operator-test-hivemq-platform-operator.helmbrokerlicensesit-operator.svc:8080/initAppUpdate/hivemq-platform-operator-init-app-1.7.0-SNAPSHOT.jar
2025-01-30 18:15:08,118 INFO c.h.h.t.HelmChartContainer - [hivemq-test-hivemq-platform] [hivemq-platform-operator] [442828c0] 18:15:08.116 [main] INFO  c.h.p.o.HiveMQPlatformOperatorApplication - Additional imagePullSecret for all Platform deployments: none
2025-01-30 18:15:08,118 INFO c.h.h.t.HelmChartContainer - [hivemq-test-hivemq-platform] [hivemq-platform-operator] [442828c0] 18:15:08.116 [main] INFO  c.h.p.o.HiveMQPlatformOperatorApplication - Apply HiveMQ Platform CRD: true
2025-01-30 18:15:08,118 INFO c.h.h.t.HelmChartContainer - [hivemq-test-hivemq-platform] [hivemq-platform-operator] [442828c0] 18:15:08.116 [main] INFO  c.h.p.o.HiveMQPlatformOperatorApplication - Create Platform ServiceAccount: true
2025-01-30 18:15:08,118 INFO c.h.h.t.HelmChartContainer - [hivemq-test-hivemq-platform] [hivemq-platform-operator] [442828c0] 18:15:08.116 [main] INFO  c.h.p.o.HiveMQPlatformOperatorApplication - Create Platform ServiceAccount permissions: true
2025-01-30 18:15:08,118 INFO c.h.h.t.HelmChartContainer - [hivemq-test-hivemq-platform] [hivemq-platform-operator] [442828c0] 18:15:08.116 [main] INFO  c.h.p.o.HiveMQPlatformOperatorApplication - Validate Platform ServiceAccount: true
2025-01-30 18:15:08,118 INFO c.h.h.t.HelmChartContainer - [hivemq-test-hivemq-platform] [hivemq-platform-operator] [442828c0] 18:15:08.116 [main] INFO  c.h.p.o.HiveMQPlatformOperatorApplication - Validate Platform ServiceAccount permissions: true
2025-01-30 18:15:08,313 INFO c.h.h.t.HelmChartContainer - [hivemq-test-hivemq-platform] [hivemq-platform-operator] [442828c0] 18:15:08.312 [main] INFO  c.h.platform.operator.util.CRDUtil - Verifying deployed HiveMQ Platform CRD...
2025-01-30 18:15:10,608 INFO c.h.h.t.HelmChartContainer - [hivemq-test-hivemq-platform] [hivemq-platform-operator] [442828c0] 18:15:10.606 [main] DEBUG c.h.platform.operator.util.CRDUtil - HiveMQ Platform CRD version v1 is up to date
2025-01-30 18:15:10,610 INFO c.h.h.t.HelmChartContainer - [hivemq-test-hivemq-platform] [hivemq-platform-operator] [442828c0] 18:15:10.606 [main] INFO  c.h.platform.operator.util.CRDUtil - HiveMQ Platform CRD is up to date (version: V1_6_0)
2025-01-30 18:15:10,610 INFO c.h.h.t.HelmChartContainer - [hivemq-test-hivemq-platform] [hivemq-platform-operator] [442828c0] 18:15:10.606 [main] INFO  c.h.platform.operator.util.CRDUtil - Waiting 10000 ms for HiveMQ Platform CRD 'hivemq-platforms.hivemq.com' to become ready...
2025-01-30 18:15:10,913 INFO c.h.h.t.HelmChartContainer - [hivemq-test-hivemq-platform] [hivemq-platform-operator] [442828c0] 18:15:10.912 [vert.x-eventloop-thread-1] DEBUG c.h.platform.operator.util.CRDUtil - Checking CRD condition 'NamesAccepted' (status: 'True')
2025-01-30 18:15:10,914 INFO c.h.h.t.HelmChartContainer - [hivemq-test-hivemq-platform] [hivemq-platform-operator] [442828c0] 18:15:10.912 [vert.x-eventloop-thread-1] DEBUG c.h.platform.operator.util.CRDUtil - Checking CRD condition 'Established' (status: 'True')
2025-01-30 18:15:10,997 INFO c.h.h.t.HelmChartContainer - [hivemq-test-hivemq-platform] [hivemq-platform-operator] [442828c0] 18:15:10.996 [main] INFO  c.h.platform.operator.util.CRDUtil - HiveMQ Platform CRD 'hivemq-platforms.hivemq.com' is ready
2025-01-30 18:15:11,109 INFO c.h.h.t.HelmChartContainer - [hivemq-test-hivemq-platform] [hivemq-platform-operator] [442828c0] 18:15:11.108 [main] INFO  c.h.p.o.HiveMQPlatformReconciler - HiveMQ Platform Operator is starting...
2025-01-30 18:15:11,212 INFO c.h.h.t.HelmChartContainer - [hivemq-test-hivemq-platform] [hivemq-platform-operator] [442828c0] 18:15:11.211 [main] WARN  Default ConfigurationService implementation - Configuration for reconciler 'hivemq-controller' was not found. Known reconcilers: None.
2025-01-30 18:15:11,298 INFO c.h.h.t.HelmChartContainer - [hivemq-test-hivemq-platform] [hivemq-platform-operator] [442828c0] 18:15:11.297 [main] INFO  Default ConfigurationService implementation - Created configuration for reconciler com.hivemq.platform.operator.HiveMQPlatformReconciler with name hivemq-controller
2025-01-30 18:15:11,400 INFO c.h.h.t.HelmChartContainer - [hivemq-test-hivemq-platform] [hivemq-platform-operator] [442828c0] 18:15:11.399 [main] DEBUG c.h.p.o.HiveMQPlatformReconciler - HiveMQ Platform Operator is preparing EventSources
2025-01-30 18:15:11,411 INFO c.h.h.t.HelmChartContainer - [hivemq-test-hivemq-platform] [hivemq-platform-operator] [442828c0] 18:15:11.410 [main] INFO  i.javaoperatorsdk.operator.Operator - Registered reconciler: 'hivemq-controller' for resource: 'class com.hivemq.platform.operator.v1.HiveMQPlatform' for namespace(s): [all namespaces]
2025-01-30 18:15:12,000 INFO c.h.h.t.HelmChartContainer - [hivemq-test-hivemq-platform] [hivemq-platform-operator] [442828c0] 18:15:11.998 [main] INFO  c.h.p.operator.webserver.JettyServer - Starting Jetty server on port 8080
2025-01-30 18:15:12,017 INFO c.h.h.t.HelmChartContainer - [hivemq-test-hivemq-platform] [hivemq-platform-operator] [442828c0] 18:15:12.016 [main] INFO  i.javaoperatorsdk.operator.Operator - Operator SDK 4.9.7 (commit: 2133d28) built on Wed Nov 20 12:56:20 UTC 2024 starting...
2025-01-30 18:15:12,018 INFO c.h.h.t.HelmChartContainer - [hivemq-test-hivemq-platform] [hivemq-platform-operator] [442828c0] 18:15:12.016 [main] INFO  i.javaoperatorsdk.operator.Operator - Client version: 6.13.5
2025-01-30 18:15:12,097 INFO c.h.h.t.HelmChartContainer - [hivemq-test-hivemq-platform] [hivemq-platform-operator] [442828c0] 18:15:12.096 [Controller Starter for: hivemq-controller] INFO  i.j.operator.processing.Controller - Starting 'hivemq-controller' controller for reconciler: com.hivemq.platform.operator.HiveMQPlatformReconciler, resource: com.hivemq.platform.operator.v1.HiveMQPlatform
2025-01-30 18:15:14,502 INFO c.h.h.t.HelmChartContainer - [hivemq-test-hivemq-platform] [hivemq-platform-operator] [442828c0] 18:15:14.500 [Controller Starter for: hivemq-controller] INFO  i.j.operator.processing.Controller - 'hivemq-controller' controller started
2025-01-30 18:15:14,502 INFO c.h.h.t.HelmChartContainer - [hivemq-test-hivemq-platform] [hivemq-platform-operator] [442828c0] 18:15:14.501 [main] INFO  c.h.p.o.HiveMQPlatformOperatorApplication - HiveMQ Platform Operator 1.7.0-SNAPSHOT started in 6391 ms
2025-01-30 18:15:16,499 INFO c.h.h.t.HelmChartContainer - [POD] hivemq-test-hivemq-platform-operator-6966f96d65-ddzsn [442828c0-c9a1-4901-9c4b-ebd6047db378] in helmbrokerlicensesit-operator was MODIFIED
2025-01-30 18:15:16,504 INFO c.h.h.t.HelmChartContainer - [K3S] [replica_set.go:679] "Finished syncing" kind="ReplicaSet" key="helmbrokerlicensesit-operator/hivemq-test-hivemq-platform-operator-6966f96d65" duration="10.573974ms"
2025-01-30 18:15:16,504 INFO c.h.h.t.HelmChartContainer - [K3S] [replica_set.go:679] "Finished syncing" kind="ReplicaSet" key="helmbrokerlicensesit-operator/hivemq-test-hivemq-platform-operator-6966f96d65" duration="43.321µs"
2025-01-30 18:15:16,852 INFO c.h.h.testcontainer.LogWaiterUtil - TEST Waiting for log pattern on 'test-hivemq-platform-0': .*License file license.lic is corrupt.
2025-01-30 18:15:16,924 DEBUG c.h.h.t.HelmChartContainer - Executing helm command: /bin/helm --kubeconfig /etc/rancher/k3s/k3s.yaml install test-hivemq-platform /charts/hivemq-platform --wait --timeout 5m0s --set image.repository=docker.io/hivemq --set image.tag=4.36.0 --set image.pullPolicy=Never --set nodes.resources.cpu=512m --set nodes.replicaCount=1 --set license.create=true --set-file license.overrideLicense=/files/mock-license.lic --namespace helmbrokerlicensesit
2025-01-30 18:15:17,312 INFO c.h.h.t.HelmChartContainer - [hivemq-test-hivemq-platform] [hivemq-platform-operator] [442828c0] 18:15:17.311 [-2082509879-pool-1-thread-3] WARN  i.m.p.PrometheusMeterRegistry - The meter (MeterId{name='operator.sdk.events.received', tags=[tag(action=ADDED),tag(event=ResourceEvent),tag(group=hivemq.com),tag(kind=HiveMQPlatform),tag(name=test-hivemq-platform),tag(namespace=helmbrokerlicensesit),tag(scope=namespace),tag(version=v1)]}) registration has failed: Prometheus requires that all meters with the same name have the same set of tag keys. There is already an existing meter named 'operator.sdk.events.received' containing tag keys [event, group, kind, name, namespace, scope, version]. The meter you are attempting to register has keys [action, event, group, kind, name, namespace, scope, version]. Note that subsequent logs will be logged at debug level.
2025-01-30 18:15:17,803 INFO c.h.h.t.HelmChartContainer - [hivemq-test-hivemq-platform] [hivemq-platform-operator] [442828c0] 18:15:17.801 [pool-6-thread-3] DEBUG c.h.p.o.dependants.PodInfoConfigMap - [helmbrok] Desired PodInfo ConfigMap (1 extensions) (1 enabled)
2025-01-30 18:15:17,803 INFO c.h.h.t.HelmChartContainer - [hivemq-test-hivemq-platform] [hivemq-platform-operator] [442828c0] 18:15:17.802 [pool-6-thread-3] DEBUG c.h.p.o.dependants.PodInfoConfigMap - [helmbrok] Desired PodInfo ConfigMap (metrics port: 9399) (metrics path: /)
2025-01-30 18:15:17,804 INFO c.h.h.t.HelmChartContainer - [hivemq-test-hivemq-platform] [hivemq-platform-operator] [442828c0] 18:15:17.802 [pool-6-thread-3] DEBUG c.h.p.o.dependants.PodInfoConfigMap - [helmbrok] Desired PodInfo ConfigMap (extension state hash: -1817474005)
2025-01-30 18:15:17,809 INFO c.h.h.t.HelmChartContainer - [hivemq-test-hivemq-platform] [hivemq-platform-operator] [442828c0] 18:15:17.806 [pool-6-thread-3] DEBUG c.h.p.o.dependants.PodInfoConfigMap - [helmbrok] Create PodInfo ConfigMap
2025-01-30 18:15:17,910 INFO c.h.h.t.HelmChartContainer - [hivemq-test-hivemq-platform] [hivemq-platform-operator] [442828c0] 18:15:17.906 [pool-6-thread-5] DEBUG c.h.p.o.dependants.PodRoleResource - [helmbrok] Create Role: Role(apiVersion=rbac.authorization.k8s.io/v1, kind=Role, metadata=ObjectMeta(annotations={meta.helm.sh/release-name=test-hivemq-platform, meta.helm.sh/release-namespace=helmbrokerlicensesit}, creationTimestamp=null, deletionGracePeriodSeconds=null, deletionTimestamp=null, finalizers=[], generateName=null, generation=null, labels={helm.sh/chart=hivemq-platform-0.2.32, app.kubernetes.io/managed-by=Helm, app.kubernetes.io/name=hivemq-platform, hivemq-platform=test-hivemq-platform, app.kubernetes.io/instance=test-hivemq-platform, app.kubernetes.io/version=4.36.0}, managedFields=[], name=hivemq-platform-role-test-hivemq-platform, namespace=helmbrokerlicensesit, ownerReferences=[OwnerReference(apiVersion=hivemq.com/v1, blockOwnerDeletion=null, controller=null, kind=HiveMQPlatform, name=test-hivemq-platform, uid=0ca80b98-3443-4f9c-ac7c-bc4e9ca1ed35, additionalProperties={})], resourceVersion=null, selfLink=null, uid=null, additionalProperties={}), rules=[PolicyRule(apiGroups=[], nonResourceURLs=[], resourceNames=[], resources=[pods], verbs=[get, patch, update], additionalProperties={})], additionalProperties={})
2025-01-30 18:15:18,104 INFO c.h.h.t.HelmChartContainer - [hivemq-test-hivemq-platform] [hivemq-platform-operator] [442828c0] 18:15:18.102 [pool-6-thread-7] DEBUG c.h.p.o.d.PodServiceAccountResource - [helmbrok] Desired PodServiceAccountResource (serviceAccountName: hivemq-platform-pod-test-hivemq-platform)
2025-01-30 18:15:18,104 INFO c.h.h.t.HelmChartContainer - [hivemq-test-hivemq-platform] [hivemq-platform-operator] [442828c0] 18:15:18.103 [pool-6-thread-7] DEBUG c.h.p.o.d.PodServiceAccountResource - [helmbrok] Create ServiceAccount 'hivemq-platform-pod-test-hivemq-platform'
2025-01-30 18:15:18,203 INFO c.h.h.t.HelmChartContainer - [hivemq-test-hivemq-platform] [hivemq-platform-operator] [442828c0] 18:15:18.202 [pool-6-thread-10] DEBUG c.h.p.o.d.PodRoleBindingResource - [helmbrok] Create RoleBinding: RoleBinding(apiVersion=rbac.authorization.k8s.io/v1, kind=RoleBinding, metadata=ObjectMeta(annotations={meta.helm.sh/release-name=test-hivemq-platform, meta.helm.sh/release-namespace=helmbrokerlicensesit}, creationTimestamp=null, deletionGracePeriodSeconds=null, deletionTimestamp=null, finalizers=[], generateName=null, generation=null, labels={helm.sh/chart=hivemq-platform-0.2.32, app.kubernetes.io/managed-by=Helm, app.kubernetes.io/name=hivemq-platform, hivemq-platform=test-hivemq-platform, app.kubernetes.io/instance=test-hivemq-platform, app.kubernetes.io/version=4.36.0}, managedFields=[], name=hivemq-platform-role-binding-test-hivemq-platform, namespace=helmbrokerlicensesit, ownerReferences=[OwnerReference(apiVersion=hivemq.com/v1, blockOwnerDeletion=null, controller=null, kind=HiveMQPlatform, name=test-hivemq-platform, uid=0ca80b98-3443-4f9c-ac7c-bc4e9ca1ed35, additionalProperties={})], resourceVersion=null, selfLink=null, uid=null, additionalProperties={}), roleRef=RoleRef(apiGroup=rbac.authorization.k8s.io, kind=Role, name=hivemq-platform-role-test-hivemq-platform, additionalProperties={}), subjects=[Subject(apiGroup=null, kind=ServiceAccount, name=hivemq-platform-pod-test-hivemq-platform, namespace=helmbrokerlicensesit, additionalProperties={})], additionalProperties={})
2025-01-30 18:15:18,298 INFO c.h.h.t.HelmChartContainer - [hivemq-test-hivemq-platform] [hivemq-platform-operator] [442828c0] 18:15:18.297 [ReconcilerExecutor-hivemq-controller-54] INFO  c.h.p.o.HiveMQPlatformReconciler - [helmbrok] Reconciling HiveMQ Platform 'test-hivemq-platform' in namespace 'helmbrokerlicensesit'
2025-01-30 18:15:18,298 INFO c.h.h.t.HelmChartContainer - [hivemq-test-hivemq-platform] [hivemq-platform-operator] [442828c0] 18:15:18.297 [ReconcilerExecutor-hivemq-controller-54] DEBUG c.h.p.o.HiveMQPlatformReconciler - [helmbrok] Custom Resource Status CREATED - HiveMQ Platform was created (READY)
2025-01-30 18:15:18,298 INFO c.h.h.t.HelmChartContainer - [hivemq-test-hivemq-platform] [hivemq-platform-operator] [442828c0] 18:15:18.297 [ReconcilerExecutor-hivemq-controller-54] DEBUG c.h.p.o.HiveMQPlatformReconciler - [helmbrok] Custom Resource Spec (replicas: 1) (extensions: 1)
2025-01-30 18:15:18,302 INFO c.h.h.t.HelmChartContainer - [hivemq-test-hivemq-platform] [hivemq-platform-operator] [442828c0] 18:15:18.301 [ReconcilerExecutor-hivemq-controller-54] INFO  c.h.p.o.h.HiveMQPlatformReconcilerBaseHandler - [helmbrok] HiveMQ Platform is starting
2025-01-30 18:15:18,411 INFO c.h.h.t.HelmChartContainer - [hivemq-test-hivemq-platform] [hivemq-platform-operator] [442828c0] 18:15:18.410 [ReconcilerExecutor-hivemq-controller-54] DEBUG c.h.p.operator.event.EventSender - [helmbrok] Creating K8s event hivemq-platform-starting: [Start] HiveMQ Platform is starting
2025-01-30 18:15:18,421 INFO c.h.h.t.HelmChartContainer - [EVENT] Normal [Start] HiveMQ Platform is starting [helmbrokerlicensesit:test-hivemq-platform]
2025-01-30 18:15:18,501 INFO c.h.h.t.HelmChartContainer - [hivemq-test-hivemq-platform] [hivemq-platform-operator] [442828c0] 18:15:18.499 [ReconcilerExecutor-hivemq-controller-54] INFO  c.h.p.o.h.AbstractHiveMQReconcilerStateHandler - [helmbrok] Update HiveMQ Platform Status (CREATED [READY] -> STARTING [READY]): HiveMQ Platform is starting
2025-01-30 18:15:18,517 DEBUG com.hivemq.helmcharts.util.K8sUtil - Comparing actual state 'STARTING' and waiting for 'RUNNING'
2025-01-30 18:15:28,606 INFO c.h.h.t.HelmChartContainer - [hivemq-test-hivemq-platform] [hivemq-platform-operator] [442828c0] 18:15:28.604 [pool-6-thread-12] DEBUG c.h.p.o.d.PlatformServiceResource - [helmbrok] Desired Platform services (3 services)
2025-01-30 18:15:28,608 INFO c.h.h.t.HelmChartContainer - [hivemq-test-hivemq-platform] [hivemq-platform-operator] [442828c0] 18:15:28.605 [pool-6-thread-13] DEBUG c.h.p.o.dependants.PodInfoConfigMap - [helmbrok] Desired PodInfo ConfigMap (1 extensions) (1 enabled)
2025-01-30 18:15:28,608 INFO c.h.h.t.HelmChartContainer - [hivemq-test-hivemq-platform] [hivemq-platform-operator] [442828c0] 18:15:28.605 [pool-6-thread-13] DEBUG c.h.p.o.dependants.PodInfoConfigMap - [helmbrok] Desired PodInfo ConfigMap (metrics port: 9399) (metrics path: /)
2025-01-30 18:15:28,608 INFO c.h.h.t.HelmChartContainer - [hivemq-test-hivemq-platform] [hivemq-platform-operator] [442828c0] 18:15:28.606 [pool-6-thread-13] DEBUG c.h.p.o.dependants.PodInfoConfigMap - [helmbrok] Desired PodInfo ConfigMap (extension state hash: -1817474005)
2025-01-30 18:15:28,615 INFO c.h.h.t.HelmChartContainer - [hivemq-test-hivemq-platform] [hivemq-platform-operator] [442828c0] 18:15:28.611 [pool-6-thread-13] DEBUG c.h.p.o.dependants.PodInfoConfigMap - [helmbrok] Update PodInfo ConfigMap
2025-01-30 18:15:28,701 INFO c.h.h.t.HelmChartContainer - [hivemq-test-hivemq-platform] [hivemq-platform-operator] [442828c0] 18:15:28.696 [pool-6-thread-17] DEBUG c.h.p.o.d.PodServiceAccountResource - [helmbrok] Desired PodServiceAccountResource (serviceAccountName: hivemq-platform-pod-test-hivemq-platform)
2025-01-30 18:15:28,704 INFO c.h.h.t.HelmChartContainer - [K3S] [alloc.go:330] "allocated clusterIPs" service="helmbrokerlicensesit/hivemq-test-hivemq-platform-metrics-9399" clusterIPs={"IPv4":"10.43.233.116"}
2025-01-30 18:15:28,803 INFO c.h.h.t.HelmChartContainer - [K3S] [alloc.go:330] "allocated clusterIPs" service="helmbrokerlicensesit/hivemq-test-hivemq-platform-cc-8080" clusterIPs={"IPv4":"10.43.34.26"}
2025-01-30 18:15:28,815 INFO c.h.h.t.HelmChartContainer - [K3S] [alloc.go:330] "allocated clusterIPs" service="helmbrokerlicensesit/hivemq-test-hivemq-platform-mqtt-1883" clusterIPs={"IPv4":"10.43.254.8"}
2025-01-30 18:15:28,900 INFO c.h.h.t.HelmChartContainer - [hivemq-test-hivemq-platform] [hivemq-platform-operator] [442828c0] 18:15:28.898 [pool-6-thread-20] DEBUG c.h.p.o.d.StatefulSetResource - [helmbrok] Desired StatefulSet (1 replicas) for status STARTING (READY)
2025-01-30 18:15:28,911 INFO c.h.h.t.HelmChartContainer - [hivemq-test-hivemq-platform] [hivemq-platform-operator] [442828c0] 18:15:28.910 [pool-6-thread-20] DEBUG c.h.p.o.d.StatefulSetResource - [helmbrok] Create StatefulSet
2025-01-30 18:15:29,007 INFO c.h.h.t.HelmChartContainer - [hivemq-test-hivemq-platform] [hivemq-platform-operator] [442828c0] 18:15:29.004 [ReconcilerExecutor-hivemq-controller-65] INFO  c.h.p.o.HiveMQPlatformReconciler - [helmbrok] Reconciling HiveMQ Platform 'test-hivemq-platform' in namespace 'helmbrokerlicensesit'
2025-01-30 18:15:29,007 INFO c.h.h.t.HelmChartContainer - [hivemq-test-hivemq-platform] [hivemq-platform-operator] [442828c0] 18:15:29.004 [ReconcilerExecutor-hivemq-controller-65] DEBUG c.h.p.o.HiveMQPlatformReconciler - [helmbrok] Custom Resource Status STARTING - HiveMQ Platform is starting (READY)
2025-01-30 18:15:29,008 INFO c.h.h.t.HelmChartContainer - [hivemq-test-hivemq-platform] [hivemq-platform-operator] [442828c0] 18:15:29.004 [ReconcilerExecutor-hivemq-controller-65] DEBUG c.h.p.o.HiveMQPlatformReconciler - [helmbrok] Custom Resource Spec (replicas: 1) (extensions: 1)
2025-01-30 18:15:29,009 INFO c.h.h.t.HelmChartContainer - [hivemq-test-hivemq-platform] [hivemq-platform-operator] [442828c0] 18:15:29.007 [ReconcilerExecutor-hivemq-controller-65] DEBUG c.h.p.o.HiveMQPlatformReconciler - [helmbrok] StatefulSet Status (revision: null, replicas: 0, available: 0, ready: 0, current: 0, updated: 0)
2025-01-30 18:15:29,009 INFO c.h.h.t.HelmChartContainer - [hivemq-test-hivemq-platform] [hivemq-platform-operator] [442828c0] 18:15:29.007 [ReconcilerExecutor-hivemq-controller-65] DEBUG c.h.p.o.HiveMQPlatformReconciler - [helmbrok] StatefulSet Spec (replicas: 1, init containers: 1, containers: 1, volumes: 4)
2025-01-30 18:15:29,013 INFO c.h.h.t.HelmChartContainer - [hivemq-test-hivemq-platform] [hivemq-platform-operator] [442828c0] 18:15:29.011 [ReconcilerExecutor-hivemq-controller-65] INFO  c.h.p.o.h.HiveMQPlatformReconcilerBaseHandler - [helmbrok] HiveMQ Platform is starting, 0 of 1 replicas are ready
2025-01-30 18:15:29,020 INFO c.h.h.t.HelmChartContainer - [POD] test-hivemq-platform-0 [2a281e1a-bb0c-4fe2-a66b-bfd976fa8ded] in helmbrokerlicensesit was ADDED
2025-01-30 18:15:29,023 INFO c.h.h.t.HelmChartContainer - [EVENT] Normal [SuccessfulCreate] create Pod test-hivemq-platform-0 in StatefulSet test-hivemq-platform successful [helmbrokerlicensesit:test-hivemq-platform]
2025-01-30 18:15:29,025 INFO c.h.h.t.HelmChartContainer - [POD] test-hivemq-platform-0 [2a281e1a-bb0c-4fe2-a66b-bfd976fa8ded] in helmbrokerlicensesit was MODIFIED
2025-01-30 18:15:29,026 INFO c.h.h.t.HelmChartContainer - [EVENT] Normal [Scheduled] Successfully assigned helmbrokerlicensesit/test-hivemq-platform-0 to b22a4545b13d [helmbrokerlicensesit:test-hivemq-platform-0]
2025-01-30 18:15:29,038 INFO c.h.h.t.HelmChartContainer - [POD] test-hivemq-platform-0 [2a281e1a-bb0c-4fe2-a66b-bfd976fa8ded] in helmbrokerlicensesit was MODIFIED
2025-01-30 18:15:29,043 INFO c.h.h.t.HelmChartContainer - [K3S] [reconciler_common.go:251] "operationExecutor.VerifyControllerAttachedVolume started for volume \"licenses\" (UniqueName: \"kubernetes.io/secret/2a281e1a-bb0c-4fe2-a66b-bfd976fa8ded-licenses\") pod \"test-hivemq-platform-0\" (UID: \"2a281e1a-bb0c-4fe2-a66b-bfd976fa8ded\") " pod="helmbrokerlicensesit/test-hivemq-platform-0"
2025-01-30 18:15:29,043 INFO c.h.h.t.HelmChartContainer - [K3S] [reconciler_common.go:251] "operationExecutor.VerifyControllerAttachedVolume started for volume \"pod-info\" (UniqueName: \"kubernetes.io/configmap/2a281e1a-bb0c-4fe2-a66b-bfd976fa8ded-pod-info\") pod \"test-hivemq-platform-0\" (UID: \"2a281e1a-bb0c-4fe2-a66b-bfd976fa8ded\") " pod="helmbrokerlicensesit/test-hivemq-platform-0"
2025-01-30 18:15:29,044 INFO c.h.h.t.HelmChartContainer - [K3S] [reconciler_common.go:251] "operationExecutor.VerifyControllerAttachedVolume started for volume \"broker-configuration\" (UniqueName: \"kubernetes.io/configmap/2a281e1a-bb0c-4fe2-a66b-bfd976fa8ded-broker-configuration\") pod \"test-hivemq-platform-0\" (UID: \"2a281e1a-bb0c-4fe2-a66b-bfd976fa8ded\") " pod="helmbrokerlicensesit/test-hivemq-platform-0"
2025-01-30 18:15:29,044 INFO c.h.h.t.HelmChartContainer - [K3S] [reconciler_common.go:251] "operationExecutor.VerifyControllerAttachedVolume started for volume \"kube-api-access-4g97h\" (UniqueName: \"kubernetes.io/projected/2a281e1a-bb0c-4fe2-a66b-bfd976fa8ded-kube-api-access-4g97h\") pod \"test-hivemq-platform-0\" (UID: \"2a281e1a-bb0c-4fe2-a66b-bfd976fa8ded\") " pod="helmbrokerlicensesit/test-hivemq-platform-0"
2025-01-30 18:15:29,044 INFO c.h.h.t.HelmChartContainer - [K3S] [reconciler_common.go:251] "operationExecutor.VerifyControllerAttachedVolume started for volume \"operator-init\" (UniqueName: \"kubernetes.io/empty-dir/2a281e1a-bb0c-4fe2-a66b-bfd976fa8ded-operator-init\") pod \"test-hivemq-platform-0\" (UID: \"2a281e1a-bb0c-4fe2-a66b-bfd976fa8ded\") " pod="helmbrokerlicensesit/test-hivemq-platform-0"
2025-01-30 18:15:29,103 INFO c.h.h.t.HelmChartContainer - [hivemq-test-hivemq-platform] [hivemq-platform-operator] [442828c0] 18:15:29.100 [pool-6-thread-22] DEBUG c.h.p.o.d.PlatformServiceResource - [helmbrok] Desired Platform services (3 services)
2025-01-30 18:15:29,105 INFO c.h.h.t.HelmChartContainer - [hivemq-test-hivemq-platform] [hivemq-platform-operator] [442828c0] 18:15:29.103 [pool-6-thread-23] DEBUG c.h.p.o.dependants.PodInfoConfigMap - [helmbrok] Desired PodInfo ConfigMap (1 extensions) (1 enabled)
2025-01-30 18:15:29,106 INFO c.h.h.t.HelmChartContainer - [hivemq-test-hivemq-platform] [hivemq-platform-operator] [442828c0] 18:15:29.105 [pool-6-thread-23] DEBUG c.h.p.o.dependants.PodInfoConfigMap - [helmbrok] Desired PodInfo ConfigMap (metrics port: 9399) (metrics path: /)
2025-01-30 18:15:29,108 INFO c.h.h.t.HelmChartContainer - [hivemq-test-hivemq-platform] [hivemq-platform-operator] [442828c0] 18:15:29.106 [pool-6-thread-23] DEBUG c.h.p.o.dependants.PodInfoConfigMap - [helmbrok] Desired PodInfo ConfigMap (extension state hash: -1817474005)
2025-01-30 18:15:29,111 INFO c.h.h.t.HelmChartContainer - [hivemq-test-hivemq-platform] [hivemq-platform-operator] [442828c0] 18:15:29.111 [pool-6-thread-27] DEBUG c.h.p.o.d.PodServiceAccountResource - [helmbrok] Desired PodServiceAccountResource (serviceAccountName: hivemq-platform-pod-test-hivemq-platform)
2025-01-30 18:15:29,211 INFO c.h.h.t.HelmChartContainer - [hivemq-test-hivemq-platform] [hivemq-platform-operator] [442828c0] 18:15:29.210 [pool-6-thread-29] DEBUG c.h.p.o.d.StatefulSetResource - [helmbrok] Desired StatefulSet (1 replicas) for status STARTING (READY)
2025-01-30 18:15:29,304 INFO c.h.h.t.HelmChartContainer - [hivemq-test-hivemq-platform] [hivemq-platform-operator] [442828c0] 18:15:29.302 [ReconcilerExecutor-hivemq-controller-76] INFO  c.h.p.o.HiveMQPlatformReconciler - [helmbrok] Reconciling HiveMQ Platform 'test-hivemq-platform' in namespace 'helmbrokerlicensesit'
2025-01-30 18:15:29,304 INFO c.h.h.t.HelmChartContainer - [hivemq-test-hivemq-platform] [hivemq-platform-operator] [442828c0] 18:15:29.303 [ReconcilerExecutor-hivemq-controller-76] DEBUG c.h.p.o.HiveMQPlatformReconciler - [helmbrok] Custom Resource Status STARTING - HiveMQ Platform is starting (READY)
2025-01-30 18:15:29,304 INFO c.h.h.t.HelmChartContainer - [hivemq-test-hivemq-platform] [hivemq-platform-operator] [442828c0] 18:15:29.303 [ReconcilerExecutor-hivemq-controller-76] DEBUG c.h.p.o.HiveMQPlatformReconciler - [helmbrok] Custom Resource Spec (replicas: 1) (extensions: 1)
2025-01-30 18:15:29,307 INFO c.h.h.t.HelmChartContainer - [hivemq-test-hivemq-platform] [hivemq-platform-operator] [442828c0] 18:15:29.306 [ReconcilerExecutor-hivemq-controller-76] DEBUG c.h.p.o.HiveMQPlatformReconciler - [helmbrok] StatefulSet Status (revision: test-hivemq-platform-6994fc54f5, replicas: 1, available: 0, ready: 0, current: 1, updated: 1)
2025-01-30 18:15:29,308 INFO c.h.h.t.HelmChartContainer - [hivemq-test-hivemq-platform] [hivemq-platform-operator] [442828c0] 18:15:29.307 [ReconcilerExecutor-hivemq-controller-76] DEBUG c.h.p.o.HiveMQPlatformReconciler - [helmbrok] StatefulSet Spec (replicas: 1, init containers: 1, containers: 1, volumes: 4)
2025-01-30 18:15:29,401 INFO c.h.h.t.HelmChartContainer - [hivemq-test-hivemq-platform] [hivemq-platform-operator] [442828c0] 18:15:29.398 [ReconcilerExecutor-hivemq-controller-76] DEBUG c.h.p.o.h.HiveMQPlatformReconcilerErrorHandler - [helmbrok] Pod 'test-hivemq-platform-0' phase Pending
2025-01-30 18:15:29,402 INFO c.h.h.t.HelmChartContainer - [hivemq-test-hivemq-platform] [hivemq-platform-operator] [442828c0] 18:15:29.399 [ReconcilerExecutor-hivemq-controller-76] DEBUG c.h.p.o.h.HiveMQPlatformReconcilerErrorHandler - [helmbrok] Pod 'test-hivemq-platform-0' condition 'PodReadyToStartContainers': False
2025-01-30 18:15:29,402 INFO c.h.h.t.HelmChartContainer - [hivemq-test-hivemq-platform] [hivemq-platform-operator] [442828c0] 18:15:29.400 [ReconcilerExecutor-hivemq-controller-76] DEBUG c.h.p.o.h.HiveMQPlatformReconcilerErrorHandler - [helmbrok] Pod 'test-hivemq-platform-0' condition 'Initialized': False
2025-01-30 18:15:29,402 INFO c.h.h.t.HelmChartContainer - [hivemq-test-hivemq-platform] [hivemq-platform-operator] [442828c0] 18:15:29.400 [ReconcilerExecutor-hivemq-controller-76] DEBUG c.h.p.o.h.HiveMQPlatformReconcilerErrorHandler - [helmbrok] Pod 'test-hivemq-platform-0' condition 'Ready': False
2025-01-30 18:15:29,402 INFO c.h.h.t.HelmChartContainer - [hivemq-test-hivemq-platform] [hivemq-platform-operator] [442828c0] 18:15:29.400 [ReconcilerExecutor-hivemq-controller-76] DEBUG c.h.p.o.h.HiveMQPlatformReconcilerErrorHandler - [helmbrok] Pod 'test-hivemq-platform-0' condition 'ContainersReady': False
2025-01-30 18:15:29,404 INFO c.h.h.t.HelmChartContainer - [hivemq-test-hivemq-platform] [hivemq-platform-operator] [442828c0] 18:15:29.401 [ReconcilerExecutor-hivemq-controller-76] DEBUG c.h.p.o.h.HiveMQPlatformReconcilerErrorHandler - [helmbrok] Pod 'test-hivemq-platform-0' condition 'PodScheduled': True
2025-01-30 18:15:29,404 INFO c.h.h.t.HelmChartContainer - [hivemq-test-hivemq-platform] [hivemq-platform-operator] [442828c0] 18:15:29.401 [ReconcilerExecutor-hivemq-controller-76] DEBUG c.h.p.o.h.HiveMQPlatformReconcilerErrorHandler - [helmbrok] Pod 'test-hivemq-platform-0' containerStatus 'hivemq' (started: false) (ready: false) (waiting: [PodInitializing] null)
2025-01-30 18:15:29,405 INFO c.h.h.t.HelmChartContainer - [hivemq-test-hivemq-platform] [hivemq-platform-operator] [442828c0] 18:15:29.403 [ReconcilerExecutor-hivemq-controller-76] INFO  c.h.p.o.h.HiveMQPlatformReconcilerBaseHandler - [helmbrok] HiveMQ Platform is starting, 0 of 1 replicas are ready
2025-01-30 18:15:29,411 INFO c.h.h.t.HelmChartContainer - [hivemq-test-hivemq-platform] [hivemq-platform-operator] [442828c0] 18:15:29.410 [pool-6-thread-32] DEBUG c.h.p.o.d.PlatformServiceResource - [helmbrok] Desired Platform services (3 services)
2025-01-30 18:15:29,418 INFO c.h.h.t.HelmChartContainer - [hivemq-test-hivemq-platform] [hivemq-platform-operator] [442828c0] 18:15:29.417 [pool-6-thread-33] DEBUG c.h.p.o.dependants.PodInfoConfigMap - [helmbrok] Desired PodInfo ConfigMap (1 extensions) (1 enabled)
2025-01-30 18:15:29,419 INFO c.h.h.t.HelmChartContainer - [hivemq-test-hivemq-platform] [hivemq-platform-operator] [442828c0] 18:15:29.417 [pool-6-thread-33] DEBUG c.h.p.o.dependants.PodInfoConfigMap - [helmbrok] Desired PodInfo ConfigMap (metrics port: 9399) (metrics path: /)
2025-01-30 18:15:29,419 INFO c.h.h.t.HelmChartContainer - [hivemq-test-hivemq-platform] [hivemq-platform-operator] [442828c0] 18:15:29.417 [pool-6-thread-33] DEBUG c.h.p.o.dependants.PodInfoConfigMap - [helmbrok] Desired PodInfo ConfigMap (extension state hash: -1817474005)
2025-01-30 18:15:29,428 INFO c.h.h.t.HelmChartContainer - [EVENT] Normal [Pulled] Container image "docker.io/hivemq/hivemq-platform-operator-init-test:snapshot" already present on machine [helmbrokerlicensesit:test-hivemq-platform-0]
2025-01-30 18:15:29,501 INFO c.h.h.t.HelmChartContainer - [hivemq-test-hivemq-platform] [hivemq-platform-operator] [442828c0] 18:15:29.499 [pool-6-thread-37] DEBUG c.h.p.o.d.PodServiceAccountResource - [helmbrok] Desired PodServiceAccountResource (serviceAccountName: hivemq-platform-pod-test-hivemq-platform)
2025-01-30 18:15:29,510 INFO c.h.h.t.HelmChartContainer - [hivemq-test-hivemq-platform] [hivemq-platform-operator] [442828c0] 18:15:29.507 [pool-6-thread-40] DEBUG c.h.p.o.d.StatefulSetResource - [helmbrok] Desired StatefulSet (1 replicas) for status STARTING (READY)
2025-01-30 18:15:29,513 INFO c.h.h.t.HelmChartContainer - [hivemq-test-hivemq-platform] [hivemq-platform-operator] [442828c0] 18:15:29.512 [ReconcilerExecutor-hivemq-controller-87] INFO  c.h.p.o.HiveMQPlatformReconciler - [helmbrok] Reconciling HiveMQ Platform 'test-hivemq-platform' in namespace 'helmbrokerlicensesit'
2025-01-30 18:15:29,513 INFO c.h.h.t.HelmChartContainer - [hivemq-test-hivemq-platform] [hivemq-platform-operator] [442828c0] 18:15:29.512 [ReconcilerExecutor-hivemq-controller-87] DEBUG c.h.p.o.HiveMQPlatformReconciler - [helmbrok] Custom Resource Status STARTING - HiveMQ Platform is starting (READY)
2025-01-30 18:15:29,513 INFO c.h.h.t.HelmChartContainer - [hivemq-test-hivemq-platform] [hivemq-platform-operator] [442828c0] 18:15:29.512 [ReconcilerExecutor-hivemq-controller-87] DEBUG c.h.p.o.HiveMQPlatformReconciler - [helmbrok] Custom Resource Spec (replicas: 1) (extensions: 1)
2025-01-30 18:15:29,514 INFO c.h.h.t.HelmChartContainer - [hivemq-test-hivemq-platform] [hivemq-platform-operator] [442828c0] 18:15:29.514 [ReconcilerExecutor-hivemq-controller-87] DEBUG c.h.p.o.HiveMQPlatformReconciler - [helmbrok] StatefulSet Status (revision: test-hivemq-platform-6994fc54f5, replicas: 1, available: 0, ready: 0, current: 1, updated: 1)
2025-01-30 18:15:29,516 INFO c.h.h.t.HelmChartContainer - [hivemq-test-hivemq-platform] [hivemq-platform-operator] [442828c0] 18:15:29.514 [ReconcilerExecutor-hivemq-controller-87] DEBUG c.h.p.o.HiveMQPlatformReconciler - [helmbrok] StatefulSet Spec (replicas: 1, init containers: 1, containers: 1, volumes: 4)
2025-01-30 18:15:29,517 INFO c.h.h.t.HelmChartContainer - [hivemq-test-hivemq-platform] [hivemq-platform-operator] [442828c0] 18:15:29.515 [ReconcilerExecutor-hivemq-controller-87] DEBUG c.h.p.o.h.HiveMQPlatformReconcilerErrorHandler - [helmbrok] Pod 'test-hivemq-platform-0' phase Pending
2025-01-30 18:15:29,517 INFO c.h.h.t.HelmChartContainer - [hivemq-test-hivemq-platform] [hivemq-platform-operator] [442828c0] 18:15:29.516 [ReconcilerExecutor-hivemq-controller-87] DEBUG c.h.p.o.h.HiveMQPlatformReconcilerErrorHandler - [helmbrok] Pod 'test-hivemq-platform-0' condition 'PodReadyToStartContainers': False
2025-01-30 18:15:29,517 INFO c.h.h.t.HelmChartContainer - [hivemq-test-hivemq-platform] [hivemq-platform-operator] [442828c0] 18:15:29.516 [ReconcilerExecutor-hivemq-controller-87] DEBUG c.h.p.o.h.HiveMQPlatformReconcilerErrorHandler - [helmbrok] Pod 'test-hivemq-platform-0' condition 'Initialized': False
2025-01-30 18:15:29,517 INFO c.h.h.t.HelmChartContainer - [hivemq-test-hivemq-platform] [hivemq-platform-operator] [442828c0] 18:15:29.516 [ReconcilerExecutor-hivemq-controller-87] DEBUG c.h.p.o.h.HiveMQPlatformReconcilerErrorHandler - [helmbrok] Pod 'test-hivemq-platform-0' condition 'Ready': False
2025-01-30 18:15:29,517 INFO c.h.h.t.HelmChartContainer - [hivemq-test-hivemq-platform] [hivemq-platform-operator] [442828c0] 18:15:29.516 [ReconcilerExecutor-hivemq-controller-87] DEBUG c.h.p.o.h.HiveMQPlatformReconcilerErrorHandler - [helmbrok] Pod 'test-hivemq-platform-0' condition 'ContainersReady': False
2025-01-30 18:15:29,517 INFO c.h.h.t.HelmChartContainer - [hivemq-test-hivemq-platform] [hivemq-platform-operator] [442828c0] 18:15:29.516 [ReconcilerExecutor-hivemq-controller-87] DEBUG c.h.p.o.h.HiveMQPlatformReconcilerErrorHandler - [helmbrok] Pod 'test-hivemq-platform-0' condition 'PodScheduled': True
2025-01-30 18:15:29,517 INFO c.h.h.t.HelmChartContainer - [hivemq-test-hivemq-platform] [hivemq-platform-operator] [442828c0] 18:15:29.516 [ReconcilerExecutor-hivemq-controller-87] DEBUG c.h.p.o.h.HiveMQPlatformReconcilerErrorHandler - [helmbrok] Pod 'test-hivemq-platform-0' containerStatus 'hivemq' (started: false) (ready: false) (waiting: [PodInitializing] null)
2025-01-30 18:15:29,556 INFO c.h.h.t.HelmChartContainer - [EVENT] Normal [Created] Created container: hivemq-platform-operator-init [helmbrokerlicensesit:test-hivemq-platform-0]
2025-01-30 18:15:29,592 INFO c.h.h.t.HelmChartContainer - [EVENT] Normal [Started] Started container hivemq-platform-operator-init [helmbrokerlicensesit:test-hivemq-platform-0]
2025-01-30 18:15:29,598 INFO c.h.h.t.HelmChartContainer - [hivemq-test-hivemq-platform] [hivemq-platform-operator] [442828c0] 18:15:29.596 [ReconcilerExecutor-hivemq-controller-87] INFO  c.h.p.o.h.HiveMQPlatformReconcilerBaseHandler - [helmbrok] HiveMQ Platform is starting, 0 of 1 replicas are ready
2025-01-30 18:15:30,518 INFO c.h.h.t.HelmChartContainer - [EVENT] Normal [Pulled] Container image "docker.io/hivemq/hivemq4:4.36.0" already present on machine [helmbrokerlicensesit:test-hivemq-platform-0]
2025-01-30 18:15:30,518 INFO c.h.h.t.HelmChartContainer - Received Pulled event for container hivemq in pod test-hivemq-platform-0 [2a281e1a-bb0c-4fe2-a66b-bfd976fa8ded]
2025-01-30 18:15:30,527 INFO c.h.h.t.HelmChartContainer - [POD] test-hivemq-platform-0 [2a281e1a-bb0c-4fe2-a66b-bfd976fa8ded] in helmbrokerlicensesit was MODIFIED
2025-01-30 18:15:30,554 INFO c.h.h.t.HelmChartContainer - [hivemq-test-hivemq-platform] [hivemq-platform-operator] [442828c0] 18:15:30.547 [pool-6-thread-42] DEBUG c.h.p.o.d.PlatformServiceResource - [helmbrok] Desired Platform services (3 services)
2025-01-30 18:15:30,554 INFO c.h.h.t.HelmChartContainer - [hivemq-test-hivemq-platform] [hivemq-platform-operator] [442828c0] 18:15:30.550 [pool-6-thread-43] DEBUG c.h.p.o.dependants.PodInfoConfigMap - [helmbrok] Desired PodInfo ConfigMap (1 extensions) (1 enabled)
2025-01-30 18:15:30,555 INFO c.h.h.t.HelmChartContainer - [hivemq-test-hivemq-platform] [hivemq-platform-operator] [442828c0] 18:15:30.551 [pool-6-thread-43] DEBUG c.h.p.o.dependants.PodInfoConfigMap - [helmbrok] Desired PodInfo ConfigMap (metrics port: 9399) (metrics path: /)
2025-01-30 18:15:30,558 INFO c.h.h.t.HelmChartContainer - [hivemq-test-hivemq-platform] [hivemq-platform-operator] [442828c0] 18:15:30.552 [pool-6-thread-47] DEBUG c.h.p.o.d.PodServiceAccountResource - [helmbrok] Desired PodServiceAccountResource (serviceAccountName: hivemq-platform-pod-test-hivemq-platform)
2025-01-30 18:15:30,558 INFO c.h.h.t.HelmChartContainer - [hivemq-test-hivemq-platform] [hivemq-platform-operator] [442828c0] 18:15:30.552 [pool-6-thread-43] DEBUG c.h.p.o.dependants.PodInfoConfigMap - [helmbrok] Desired PodInfo ConfigMap (extension state hash: -1817474005)
2025-01-30 18:15:30,601 INFO c.h.h.t.HelmChartContainer - [hivemq-test-hivemq-platform] [hivemq-platform-operator] [442828c0] 18:15:30.600 [pool-6-thread-50] DEBUG c.h.p.o.d.StatefulSetResource - [helmbrok] Desired StatefulSet (1 replicas) for status STARTING (READY)
2025-01-30 18:15:30,607 INFO c.h.h.t.HelmChartContainer - [hivemq-test-hivemq-platform] [hivemq-platform-operator] [442828c0] 18:15:30.606 [ReconcilerExecutor-hivemq-controller-98] INFO  c.h.p.o.HiveMQPlatformReconciler - [helmbrok] Reconciling HiveMQ Platform 'test-hivemq-platform' in namespace 'helmbrokerlicensesit'
2025-01-30 18:15:30,609 INFO c.h.h.t.HelmChartContainer - [hivemq-test-hivemq-platform] [hivemq-platform-operator] [442828c0] 18:15:30.606 [ReconcilerExecutor-hivemq-controller-98] DEBUG c.h.p.o.HiveMQPlatformReconciler - [helmbrok] Custom Resource Status STARTING - HiveMQ Platform is starting (READY)
2025-01-30 18:15:30,609 INFO c.h.h.t.HelmChartContainer - [hivemq-test-hivemq-platform] [hivemq-platform-operator] [442828c0] 18:15:30.606 [ReconcilerExecutor-hivemq-controller-98] DEBUG c.h.p.o.HiveMQPlatformReconciler - [helmbrok] Custom Resource Spec (replicas: 1) (extensions: 1)
2025-01-30 18:15:30,613 INFO c.h.h.t.HelmChartContainer - [hivemq-test-hivemq-platform] [hivemq-platform-operator] [442828c0] 18:15:30.611 [ReconcilerExecutor-hivemq-controller-98] DEBUG c.h.p.o.HiveMQPlatformReconciler - [helmbrok] StatefulSet Status (revision: test-hivemq-platform-6994fc54f5, replicas: 1, available: 0, ready: 0, current: 1, updated: 1)
2025-01-30 18:15:30,613 INFO c.h.h.t.HelmChartContainer - [hivemq-test-hivemq-platform] [hivemq-platform-operator] [442828c0] 18:15:30.611 [ReconcilerExecutor-hivemq-controller-98] DEBUG c.h.p.o.HiveMQPlatformReconciler - [helmbrok] StatefulSet Spec (replicas: 1, init containers: 1, containers: 1, volumes: 4)
2025-01-30 18:15:30,615 INFO c.h.h.t.HelmChartContainer - [hivemq-test-hivemq-platform] [hivemq-platform-operator] [442828c0] 18:15:30.614 [ReconcilerExecutor-hivemq-controller-98] DEBUG c.h.p.o.h.HiveMQPlatformReconcilerErrorHandler - [helmbrok] Pod 'test-hivemq-platform-0' phase Pending
2025-01-30 18:15:30,616 INFO c.h.h.t.HelmChartContainer - [hivemq-test-hivemq-platform] [hivemq-platform-operator] [442828c0] 18:15:30.615 [ReconcilerExecutor-hivemq-controller-98] DEBUG c.h.p.o.h.HiveMQPlatformReconcilerErrorHandler - [helmbrok] Pod 'test-hivemq-platform-0' condition 'PodReadyToStartContainers': True
2025-01-30 18:15:30,617 INFO c.h.h.t.HelmChartContainer - [hivemq-test-hivemq-platform] [hivemq-platform-operator] [442828c0] 18:15:30.616 [ReconcilerExecutor-hivemq-controller-98] DEBUG c.h.p.o.h.HiveMQPlatformReconcilerErrorHandler - [helmbrok] Pod 'test-hivemq-platform-0' condition 'Initialized': True
2025-01-30 18:15:30,618 INFO c.h.h.t.HelmChartContainer - [hivemq-test-hivemq-platform] [hivemq-platform-operator] [442828c0] 18:15:30.616 [ReconcilerExecutor-hivemq-controller-98] DEBUG c.h.p.o.h.HiveMQPlatformReconcilerErrorHandler - [helmbrok] Pod 'test-hivemq-platform-0' condition 'Ready': False
2025-01-30 18:15:30,618 INFO c.h.h.t.HelmChartContainer - [hivemq-test-hivemq-platform] [hivemq-platform-operator] [442828c0] 18:15:30.617 [ReconcilerExecutor-hivemq-controller-98] DEBUG c.h.p.o.h.HiveMQPlatformReconcilerErrorHandler - [helmbrok] Pod 'test-hivemq-platform-0' condition 'ContainersReady': False
2025-01-30 18:15:30,619 INFO c.h.h.t.HelmChartContainer - [hivemq-test-hivemq-platform] [hivemq-platform-operator] [442828c0] 18:15:30.617 [ReconcilerExecutor-hivemq-controller-98] DEBUG c.h.p.o.h.HiveMQPlatformReconcilerErrorHandler - [helmbrok] Pod 'test-hivemq-platform-0' condition 'PodScheduled': True
2025-01-30 18:15:30,619 INFO c.h.h.t.HelmChartContainer - [hivemq-test-hivemq-platform] [hivemq-platform-operator] [442828c0] 18:15:30.617 [ReconcilerExecutor-hivemq-controller-98] DEBUG c.h.p.o.h.HiveMQPlatformReconcilerErrorHandler - [helmbrok] Pod 'test-hivemq-platform-0' containerStatus 'hivemq' (started: false) (ready: false) (waiting: [PodInitializing] null)
2025-01-30 18:15:30,620 INFO c.h.h.t.HelmChartContainer - [hivemq-test-hivemq-platform] [hivemq-platform-operator] [442828c0] 18:15:30.619 [ReconcilerExecutor-hivemq-controller-98] INFO  c.h.p.o.h.HiveMQPlatformReconcilerBaseHandler - [helmbrok] HiveMQ Platform is starting, 0 of 1 replicas are ready
2025-01-30 18:15:31,974 INFO c.h.h.t.HelmChartContainer - [EVENT] Normal [Created] Created container: hivemq [helmbrokerlicensesit:test-hivemq-platform-0]
2025-01-30 18:15:31,974 INFO c.h.h.t.HelmChartContainer - Received Created event for container hivemq in pod test-hivemq-platform-0 [2a281e1a-bb0c-4fe2-a66b-bfd976fa8ded]
2025-01-30 18:15:32,531 INFO c.h.h.t.HelmChartContainer - [POD] test-hivemq-platform-0 [2a281e1a-bb0c-4fe2-a66b-bfd976fa8ded] in helmbrokerlicensesit was MODIFIED
2025-01-30 18:15:32,538 INFO c.h.h.t.HelmChartContainer - [hivemq-test-hivemq-platform] [hivemq-platform-operator] [442828c0] 18:15:32.537 [pool-6-thread-8] DEBUG c.h.p.o.d.PlatformServiceResource - [helmbrok] Desired Platform services (3 services)
2025-01-30 18:15:32,541 INFO c.h.h.t.HelmChartContainer - [hivemq-test-hivemq-platform] [hivemq-platform-operator] [442828c0] 18:15:32.540 [pool-6-thread-3] DEBUG c.h.p.o.dependants.PodInfoConfigMap - [helmbrok] Desired PodInfo ConfigMap (1 extensions) (1 enabled)
2025-01-30 18:15:32,542 INFO c.h.h.t.HelmChartContainer - [hivemq-test-hivemq-platform] [hivemq-platform-operator] [442828c0] 18:15:32.541 [pool-6-thread-9] DEBUG c.h.p.o.d.PodServiceAccountResource - [helmbrok] Desired PodServiceAccountResource (serviceAccountName: hivemq-platform-pod-test-hivemq-platform)
2025-01-30 18:15:32,543 INFO c.h.h.t.HelmChartContainer - [hivemq-test-hivemq-platform] [hivemq-platform-operator] [442828c0] 18:15:32.541 [pool-6-thread-3] DEBUG c.h.p.o.dependants.PodInfoConfigMap - [helmbrok] Desired PodInfo ConfigMap (metrics port: 9399) (metrics path: /)
2025-01-30 18:15:32,543 INFO c.h.h.t.HelmChartContainer - [hivemq-test-hivemq-platform] [hivemq-platform-operator] [442828c0] 18:15:32.541 [pool-6-thread-3] DEBUG c.h.p.o.dependants.PodInfoConfigMap - [helmbrok] Desired PodInfo ConfigMap (extension state hash: -1817474005)
2025-01-30 18:15:32,546 INFO c.h.h.t.HelmChartContainer - [EVENT] Normal [Started] Started container hivemq [helmbrokerlicensesit:test-hivemq-platform-0]
2025-01-30 18:15:32,546 INFO c.h.h.t.HelmChartContainer - Received Started event for container hivemq in pod test-hivemq-platform-0 [2a281e1a-bb0c-4fe2-a66b-bfd976fa8ded]
2025-01-30 18:15:32,547 INFO c.h.h.t.HelmChartContainer - Started log watcher for hivemq in pod test-hivemq-platform-0 [2a281e1a-bb0c-4fe2-a66b-bfd976fa8ded]
2025-01-30 18:15:32,547 INFO c.h.h.t.HelmChartContainer - [test-hivemq-platform] [hivemq] [2a281e1a] Adding pre-installed HiveMQ Platform Operator extensions
2025-01-30 18:15:32,547 INFO c.h.h.t.HelmChartContainer - [test-hivemq-platform] [hivemq] [2a281e1a] Running as user 10000
2025-01-30 18:15:32,547 INFO c.h.h.t.HelmChartContainer - [test-hivemq-platform] [hivemq] [2a281e1a] Starting HiveMQ Platform Operator Init
2025-01-30 18:15:32,600 INFO c.h.h.t.HelmChartContainer - [hivemq-test-hivemq-platform] [hivemq-platform-operator] [442828c0] 18:15:32.596 [pool-6-thread-8] DEBUG c.h.p.o.d.StatefulSetResource - [helmbrok] Desired StatefulSet (1 replicas) for status STARTING (READY)
2025-01-30 18:15:32,606 INFO c.h.h.t.HelmChartContainer - [hivemq-test-hivemq-platform] [hivemq-platform-operator] [442828c0] 18:15:32.605 [ReconcilerExecutor-hivemq-controller-109] INFO  c.h.p.o.HiveMQPlatformReconciler - [helmbrok] Reconciling HiveMQ Platform 'test-hivemq-platform' in namespace 'helmbrokerlicensesit'
2025-01-30 18:15:32,606 INFO c.h.h.t.HelmChartContainer - [hivemq-test-hivemq-platform] [hivemq-platform-operator] [442828c0] 18:15:32.605 [ReconcilerExecutor-hivemq-controller-109] DEBUG c.h.p.o.HiveMQPlatformReconciler - [helmbrok] Custom Resource Status STARTING - HiveMQ Platform is starting (READY)
2025-01-30 18:15:32,606 INFO c.h.h.t.HelmChartContainer - [hivemq-test-hivemq-platform] [hivemq-platform-operator] [442828c0] 18:15:32.605 [ReconcilerExecutor-hivemq-controller-109] DEBUG c.h.p.o.HiveMQPlatformReconciler - [helmbrok] Custom Resource Spec (replicas: 1) (extensions: 1)
2025-01-30 18:15:32,610 INFO c.h.h.t.HelmChartContainer - [hivemq-test-hivemq-platform] [hivemq-platform-operator] [442828c0] 18:15:32.609 [ReconcilerExecutor-hivemq-controller-109] DEBUG c.h.p.o.HiveMQPlatformReconciler - [helmbrok] StatefulSet Status (revision: test-hivemq-platform-6994fc54f5, replicas: 1, available: 0, ready: 0, current: 1, updated: 1)
2025-01-30 18:15:32,610 INFO c.h.h.t.HelmChartContainer - [hivemq-test-hivemq-platform] [hivemq-platform-operator] [442828c0] 18:15:32.609 [ReconcilerExecutor-hivemq-controller-109] DEBUG c.h.p.o.HiveMQPlatformReconciler - [helmbrok] StatefulSet Spec (replicas: 1, init containers: 1, containers: 1, volumes: 4)
2025-01-30 18:15:32,612 INFO c.h.h.t.HelmChartContainer - [hivemq-test-hivemq-platform] [hivemq-platform-operator] [442828c0] 18:15:32.612 [ReconcilerExecutor-hivemq-controller-109] DEBUG c.h.p.o.h.HiveMQPlatformReconcilerErrorHandler - [helmbrok] Pod 'test-hivemq-platform-0' phase Running
2025-01-30 18:15:32,697 INFO c.h.h.t.HelmChartContainer - [hivemq-test-hivemq-platform] [hivemq-platform-operator] [442828c0] 18:15:32.613 [ReconcilerExecutor-hivemq-controller-109] INFO  c.h.p.o.h.HiveMQPlatformReconcilerBaseHandler - [helmbrok] HiveMQ Platform is starting, 0 of 1 replicas are ready
2025-01-30 18:15:33,200 INFO c.h.h.t.HelmChartContainer - [test-hivemq-platform] [hivemq] [2a281e1a] INFO  - [HiveMQ Platform Operator Init 1.7.0-SNAPSHOT] HiveMQ Platform Operator Init 1.7.0-SNAPSHOT (commit: 47e3375 on branch: HEAD) built on Thu Jan 30 03:55:50 UTC 2025
2025-01-30 18:15:34,387 INFO c.h.h.t.HelmChartContainer - [test-hivemq-platform] [hivemq] [2a281e1a] INFO  - [HiveMQ Platform Operator Init App 1.7.0-SNAPSHOT] Using bind address 10.42.0.8 from environment variable
2025-01-30 18:15:35,302 INFO c.h.h.t.HelmChartContainer - [test-hivemq-platform] [hivemq] [2a281e1a] INFO  - [HiveMQ Platform Operator Init App 1.7.0-SNAPSHOT] HiveMQ Platform Operator Init App 1.7.0-SNAPSHOT (commit: 47e3375 on branch: HEAD) built on Thu Jan 30 03:55:50 UTC 2025
2025-01-30 18:15:35,303 INFO c.h.h.t.HelmChartContainer - [test-hivemq-platform] [hivemq] [2a281e1a] INFO  - [HiveMQ Platform Operator Init App 1.7.0-SNAPSHOT] PodInfo ConfigMap directory: /etc/podinfo
2025-01-30 18:15:35,303 INFO c.h.h.t.HelmChartContainer - [test-hivemq-platform] [hivemq] [2a281e1a] INFO  - [HiveMQ Platform Operator Init App 1.7.0-SNAPSHOT] HiveMQ home directory: /opt/hivemq
2025-01-30 18:15:35,303 INFO c.h.h.t.HelmChartContainer - [test-hivemq-platform] [hivemq] [2a281e1a] INFO  - [HiveMQ Platform Operator Init App 1.7.0-SNAPSHOT] HiveMQ Logback folder: /opt/hivemq/conf
2025-01-30 18:15:35,304 INFO c.h.h.t.HelmChartContainer - [test-hivemq-platform] [hivemq] [2a281e1a] INFO  - [HiveMQ Platform Operator Init App 1.7.0-SNAPSHOT] HiveMQ Config folder: /opt/hivemq/conf-k8s
2025-01-30 18:15:35,305 INFO c.h.h.t.HelmChartContainer - [test-hivemq-platform] [hivemq] [2a281e1a] INFO  - [HiveMQ Platform Operator Init App 1.7.0-SNAPSHOT] Starting HiveMQ Platform Operator Init App
2025-01-30 18:15:35,305 INFO c.h.h.t.HelmChartContainer - [test-hivemq-platform] [hivemq] [2a281e1a] INFO  - [HiveMQ Platform Operator Init App 1.7.0-SNAPSHOT] Starting Pod reconciler
2025-01-30 18:15:36,405 INFO c.h.h.t.HelmChartContainer - [test-hivemq-platform] [hivemq] [2a281e1a] INFO  - [HiveMQ Platform Operator Init App 1.7.0-SNAPSHOT] Pod reconciler is scheduled (interval: 5000 ms)
2025-01-30 18:15:36,406 INFO c.h.h.t.HelmChartContainer - [test-hivemq-platform] [hivemq] [2a281e1a] INFO  - [HiveMQ Platform Operator Init App 1.7.0-SNAPSHOT] Starting the REST API on 10.42.0.8:7979
2025-01-30 18:15:36,409 INFO c.h.h.t.HelmChartContainer - [test-hivemq-platform] [hivemq] [2a281e1a] INFO  - [HiveMQ Platform Operator Init App 1.7.0-SNAPSHOT] Waiting up to 600s for at most 1 HiveMQ nodes in cluster service hivemq-test-hivemq-platform-cluster.helmbrokerlicensesit.svc
2025-01-30 18:15:36,787 INFO c.h.h.t.HelmChartContainer - [test-hivemq-platform] [hivemq] [2a281e1a] INFO  - [HiveMQ Platform Operator Init App 1.7.0-SNAPSHOT] Resolved 1 IP addresses: [10.42.0.8]
2025-01-30 18:15:36,787 INFO c.h.h.t.HelmChartContainer - [test-hivemq-platform] [hivemq] [2a281e1a] INFO  - [HiveMQ Platform Operator Init App 1.7.0-SNAPSHOT] HiveMQ node count of 1 is within threshold of 1
2025-01-30 18:15:36,787 INFO c.h.h.t.HelmChartContainer - [test-hivemq-platform] [hivemq] [2a281e1a] INFO  - [HiveMQ Platform Operator Init App 1.7.0-SNAPSHOT] Proceeding with container start
2025-01-30 18:15:36,810 INFO c.h.h.t.HelmChartContainer - [test-hivemq-platform] [hivemq] [2a281e1a] INFO  - [HiveMQ Platform Operator Init App 1.7.0-SNAPSHOT] Initializing HiveMQ Platform extensions with initial configuration: {hivemq-allow-all-extension={start-priority=-1, skip-https-hostname-verification=false, restart=true, config-version=0, header-version=0, c-uri=, priority=-1, uri=preinstalled, skip-https-certificate-validation=false, enabled=true}, hivemq-prometheus-extension={restart=true, priority=-1, start-priority=-1, c-uri=, skip-https-hostname-verification=false, skip-https-certificate-validation=false, uri=preinstalled, request-header-path=no-request-headers, enabled=true}}
2025-01-30 18:15:37,206 INFO c.h.h.t.HelmChartContainer - [test-hivemq-platform] [hivemq] [2a281e1a] INFO  - [HiveMQ Platform Operator Init App 1.7.0-SNAPSHOT] Extension hivemq-allow-all-extension was already enabled
2025-01-30 18:15:37,294 INFO c.h.h.t.HelmChartContainer - [test-hivemq-platform] [hivemq] [2a281e1a] INFO  - [HiveMQ Platform Operator Init App 1.7.0-SNAPSHOT] Successfully enabled extension hivemq-prometheus-extension
2025-01-30 18:15:37,296 INFO c.h.h.t.HelmChartContainer - [test-hivemq-platform] [hivemq] [2a281e1a] INFO  - [HiveMQ Platform Operator Init App 1.7.0-SNAPSHOT] Starting HiveMQ Platform version 4.36.0 (4.36.0)
2025-01-30 18:15:37,298 INFO c.h.h.t.HelmChartContainer - [test-hivemq-platform] [hivemq] [2a281e1a] INFO  - [HiveMQ Platform Operator Init App 1.7.0-SNAPSHOT] Configuring the HiveMQ Platform
2025-01-30 18:15:37,392 INFO c.h.h.t.HelmChartContainer - [test-hivemq-platform] [hivemq] [2a281e1a] INFO  - [HiveMQ Platform Operator Init App 1.7.0-SNAPSHOT] Changed logback.xml file scan period to 20 seconds
2025-01-30 18:15:37,488 INFO c.h.h.t.HelmChartContainer - [test-hivemq-platform] [hivemq] [2a281e1a] INFO  - [HiveMQ Platform Operator Init App 1.7.0-SNAPSHOT] Starting the HiveMQ Platform
2025-01-30 18:15:37,491 INFO c.h.h.t.HelmChartContainer - [test-hivemq-platform] [hivemq] [2a281e1a] -------------------------------------------------------------------------
2025-01-30 18:15:37,491 INFO c.h.h.t.HelmChartContainer - [test-hivemq-platform] [hivemq] [2a281e1a] 
2025-01-30 18:15:37,491 INFO c.h.h.t.HelmChartContainer - [test-hivemq-platform] [hivemq] [2a281e1a]                   _    _  _              __  __   ____
2025-01-30 18:15:37,491 INFO c.h.h.t.HelmChartContainer - [test-hivemq-platform] [hivemq] [2a281e1a]                  | |  | |(_)            |  \/  | / __ \
2025-01-30 18:15:37,491 INFO c.h.h.t.HelmChartContainer - [test-hivemq-platform] [hivemq] [2a281e1a]                  | |__| | _ __   __ ___ | \  / || |  | |
2025-01-30 18:15:37,491 INFO c.h.h.t.HelmChartContainer - [test-hivemq-platform] [hivemq] [2a281e1a]                  |  __  || |\ \ / // _ \| |\/| || |  | |
2025-01-30 18:15:37,491 INFO c.h.h.t.HelmChartContainer - [test-hivemq-platform] [hivemq] [2a281e1a]                  | |  | || | \ V /|  __/| |  | || |__| |
2025-01-30 18:15:37,491 INFO c.h.h.t.HelmChartContainer - [test-hivemq-platform] [hivemq] [2a281e1a]                  |_|  |_||_|  \_/  \___||_|  |_| \___\_\
2025-01-30 18:15:37,491 INFO c.h.h.t.HelmChartContainer - [test-hivemq-platform] [hivemq] [2a281e1a] 
2025-01-30 18:15:37,491 INFO c.h.h.t.HelmChartContainer - [test-hivemq-platform] [hivemq] [2a281e1a] -------------------------------------------------------------------------
2025-01-30 18:15:37,491 INFO c.h.h.t.HelmChartContainer - [test-hivemq-platform] [hivemq] [2a281e1a] 
2025-01-30 18:15:37,491 INFO c.h.h.t.HelmChartContainer - [test-hivemq-platform] [hivemq] [2a281e1a]   HiveMQ Start Script for Linux/Unix v1.14
2025-01-30 18:15:37,491 INFO c.h.h.t.HelmChartContainer - [test-hivemq-platform] [hivemq] [2a281e1a] 
2025-01-30 18:15:37,583 INFO c.h.h.t.HelmChartContainer - [test-hivemq-platform] [hivemq] [2a281e1a] -------------------------------------------------------------------------
2025-01-30 18:15:37,583 INFO c.h.h.t.HelmChartContainer - [test-hivemq-platform] [hivemq] [2a281e1a] 
2025-01-30 18:15:37,583 INFO c.h.h.t.HelmChartContainer - [test-hivemq-platform] [hivemq] [2a281e1a]   HIVEMQ_HOME: /opt/hivemq
2025-01-30 18:15:37,583 INFO c.h.h.t.HelmChartContainer - [test-hivemq-platform] [hivemq] [2a281e1a] 
2025-01-30 18:15:37,583 INFO c.h.h.t.HelmChartContainer - [test-hivemq-platform] [hivemq] [2a281e1a]   JAVA_OPTS: -XX:+UnlockExperimentalVMOptions -XX:InitialRAMPercentage=50 -XX:MaxRAMPercentage=50 -Djava.net.preferIPv4Stack=true --add-opens java.base/java.lang=ALL-UNNAMED --add-opens java.base/java.nio=ALL-UNNAMED --add-opens java.base/sun.nio.ch=ALL-UNNAMED --add-opens jdk.management/com.sun.management.internal=ALL-UNNAMED --add-exports java.base/jdk.internal.misc=ALL-UNNAMED -Djava.security.egd=file:/dev/./urandom -Dcom.sun.management.jmxremote -Dcom.sun.management.jmxremote.port=9010 -Dcom.sun.management.jmxremote.local.only=false -Dcom.sun.management.jmxremote.authenticate=false -Dcom.sun.management.jmxremote.ssl=false -Duser.language=en -Duser.region=US -XX:+CrashOnOutOfMemoryError -XX:+HeapDumpOnOutOfMemoryError
2025-01-30 18:15:37,583 INFO c.h.h.t.HelmChartContainer - [test-hivemq-platform] [hivemq] [2a281e1a] 
2025-01-30 18:15:37,583 INFO c.h.h.t.HelmChartContainer - [test-hivemq-platform] [hivemq] [2a281e1a]   JAVA_VERSION: 21
2025-01-30 18:15:37,583 INFO c.h.h.t.HelmChartContainer - [test-hivemq-platform] [hivemq] [2a281e1a] 
2025-01-30 18:15:37,584 INFO c.h.h.t.HelmChartContainer - [test-hivemq-platform] [hivemq] [2a281e1a] -------------------------------------------------------------------------
2025-01-30 18:15:37,584 INFO c.h.h.t.HelmChartContainer - [test-hivemq-platform] [hivemq] [2a281e1a] 
2025-01-30 18:15:38,596 INFO c.h.h.t.HelmChartContainer - [test-hivemq-platform] [hivemq] [2a281e1a] INFO  - [HiveMQ Platform Operator Init App 1.7.0-SNAPSHOT] Returning default Health API response 503 for readiness
2025-01-30 18:15:38,989 INFO c.h.h.t.HelmChartContainer - [EVENT] Warning [Unhealthy] Readiness probe failed: HTTP probe failed with statuscode: 503 [helmbrokerlicensesit:test-hivemq-platform-0]
2025-01-30 18:15:38,989 INFO c.h.h.t.HelmChartContainer - Received Unhealthy event for container hivemq in pod test-hivemq-platform-0 [2a281e1a-bb0c-4fe2-a66b-bfd976fa8ded]
2025-01-30 18:15:40,300 INFO c.h.h.t.HelmChartContainer - [test-hivemq-platform] [hivemq] [2a281e1a] INFO  - Starting HiveMQ Enterprise Server
2025-01-30 18:15:40,354 INFO c.h.h.t.HelmChartContainer - [test-hivemq-platform] [hivemq] [2a281e1a] INFO  - HiveMQ version: 4.36.0
2025-01-30 18:15:40,354 INFO c.h.h.t.HelmChartContainer - [test-hivemq-platform] [hivemq] [2a281e1a] INFO  - HiveMQ home directory: /opt/hivemq
2025-01-30 18:15:40,355 INFO c.h.h.t.HelmChartContainer - [test-hivemq-platform] [hivemq] [2a281e1a] INFO  - Log Configuration was overridden by /opt/hivemq/conf/logback.xml
2025-01-30 18:15:41,689 INFO c.h.h.t.HelmChartContainer - [test-hivemq-platform] [hivemq] [2a281e1a] INFO  - Successfully loaded configuration from '/opt/hivemq/conf-k8s/config.xml'.
2025-01-30 18:15:42,390 INFO c.h.h.t.HelmChartContainer - [test-hivemq-platform] [hivemq] [2a281e1a] INFO  - This node's ID is vIucL
2025-01-30 18:15:42,390 INFO c.h.h.t.HelmChartContainer - [test-hivemq-platform] [hivemq] [2a281e1a] INFO  - Clustering is enabled
2025-01-30 18:15:42,703 INFO c.h.h.t.HelmChartContainer - [hivemq-test-hivemq-platform] [hivemq-platform-operator] [442828c0] 18:15:42.699 [pool-6-thread-16] DEBUG c.h.p.o.d.PlatformServiceResource - [helmbrok] Desired Platform services (3 services)
2025-01-30 18:15:42,714 INFO c.h.h.t.HelmChartContainer - [hivemq-test-hivemq-platform] [hivemq-platform-operator] [442828c0] 18:15:42.701 [pool-6-thread-14] DEBUG c.h.p.o.d.PodServiceAccountResource - [helmbrok] Desired PodServiceAccountResource (serviceAccountName: hivemq-platform-pod-test-hivemq-platform)
2025-01-30 18:15:42,714 INFO c.h.h.t.HelmChartContainer - [hivemq-test-hivemq-platform] [hivemq-platform-operator] [442828c0] 18:15:42.705 [pool-6-thread-15] DEBUG c.h.p.o.dependants.PodInfoConfigMap - [helmbrok] Desired PodInfo ConfigMap (1 extensions) (1 enabled)
2025-01-30 18:15:42,714 INFO c.h.h.t.HelmChartContainer - [hivemq-test-hivemq-platform] [hivemq-platform-operator] [442828c0] 18:15:42.705 [pool-6-thread-15] DEBUG c.h.p.o.dependants.PodInfoConfigMap - [helmbrok] Desired PodInfo ConfigMap (metrics port: 9399) (metrics path: /)
2025-01-30 18:15:42,714 INFO c.h.h.t.HelmChartContainer - [hivemq-test-hivemq-platform] [hivemq-platform-operator] [442828c0] 18:15:42.705 [pool-6-thread-15] DEBUG c.h.p.o.dependants.PodInfoConfigMap - [helmbrok] Desired PodInfo ConfigMap (extension state hash: -1817474005)
2025-01-30 18:15:42,799 INFO c.h.h.t.HelmChartContainer - [hivemq-test-hivemq-platform] [hivemq-platform-operator] [442828c0] 18:15:42.795 [pool-6-thread-16] DEBUG c.h.p.o.d.StatefulSetResource - [helmbrok] Desired StatefulSet (1 replicas) for status STARTING (READY)
2025-01-30 18:15:42,804 INFO c.h.h.t.HelmChartContainer - [hivemq-test-hivemq-platform] [hivemq-platform-operator] [442828c0] 18:15:42.802 [ReconcilerExecutor-hivemq-controller-110] INFO  c.h.p.o.HiveMQPlatformReconciler - [helmbrok] Reconciling HiveMQ Platform 'test-hivemq-platform' in namespace 'helmbrokerlicensesit'
2025-01-30 18:15:42,804 INFO c.h.h.t.HelmChartContainer - [hivemq-test-hivemq-platform] [hivemq-platform-operator] [442828c0] 18:15:42.802 [ReconcilerExecutor-hivemq-controller-110] DEBUG c.h.p.o.HiveMQPlatformReconciler - [helmbrok] Custom Resource Status STARTING - HiveMQ Platform is starting (READY)
2025-01-30 18:15:42,804 INFO c.h.h.t.HelmChartContainer - [hivemq-test-hivemq-platform] [hivemq-platform-operator] [442828c0] 18:15:42.802 [ReconcilerExecutor-hivemq-controller-110] DEBUG c.h.p.o.HiveMQPlatformReconciler - [helmbrok] Custom Resource Spec (replicas: 1) (extensions: 1)
2025-01-30 18:15:42,805 INFO c.h.h.t.HelmChartContainer - [hivemq-test-hivemq-platform] [hivemq-platform-operator] [442828c0] 18:15:42.804 [ReconcilerExecutor-hivemq-controller-110] DEBUG c.h.p.o.HiveMQPlatformReconciler - [helmbrok] StatefulSet Status (revision: test-hivemq-platform-6994fc54f5, replicas: 1, available: 0, ready: 0, current: 1, updated: 1)
2025-01-30 18:15:42,806 INFO c.h.h.t.HelmChartContainer - [hivemq-test-hivemq-platform] [hivemq-platform-operator] [442828c0] 18:15:42.804 [ReconcilerExecutor-hivemq-controller-110] DEBUG c.h.p.o.HiveMQPlatformReconciler - [helmbrok] StatefulSet Spec (replicas: 1, init containers: 1, containers: 1, volumes: 4)
2025-01-30 18:15:42,807 INFO c.h.h.t.HelmChartContainer - [hivemq-test-hivemq-platform] [hivemq-platform-operator] [442828c0] 18:15:42.806 [ReconcilerExecutor-hivemq-controller-110] DEBUG c.h.p.o.h.HiveMQPlatformReconcilerErrorHandler - [helmbrok] Pod 'test-hivemq-platform-0' phase Running
2025-01-30 18:15:42,808 INFO c.h.h.t.HelmChartContainer - [hivemq-test-hivemq-platform] [hivemq-platform-operator] [442828c0] 18:15:42.807 [ReconcilerExecutor-hivemq-controller-110] INFO  c.h.p.o.h.HiveMQPlatformReconcilerBaseHandler - [helmbrok] HiveMQ Platform is starting, 0 of 1 replicas are ready
2025-01-30 18:15:43,992 INFO c.h.h.t.HelmChartContainer - [test-hivemq-platform] [hivemq] [2a281e1a] WARN  - [HiveMQ Platform Operator Init App 1.7.0-SNAPSHOT] Cannot connect to Health API for readiness: null
2025-01-30 18:15:43,998 INFO c.h.h.t.HelmChartContainer - [EVENT] Warning [Unhealthy] Readiness probe failed: HTTP probe failed with statuscode: 503 [helmbrokerlicensesit:test-hivemq-platform-0]
2025-01-30 18:15:43,998 INFO c.h.h.t.HelmChartContainer - Received Unhealthy event for container hivemq in pod test-hivemq-platform-0 [2a281e1a-bb0c-4fe2-a66b-bfd976fa8ded]
2025-01-30 18:15:46,886 INFO c.h.h.t.HelmChartContainer - [test-hivemq-platform] [hivemq] [2a281e1a] Jan 30, 2025 6:15:46 PM io.vertx.core.impl.BlockedThreadChecker
2025-01-30 18:15:46,886 INFO c.h.h.t.HelmChartContainer - [test-hivemq-platform] [hivemq] [2a281e1a] WARNING: Thread Thread[vert.x-eventloop-thread-1,5,main] has been blocked for 2483 ms, time limit is 2000 ms
2025-01-30 18:15:47,587 INFO c.h.h.t.HelmChartContainer - [test-hivemq-platform] [hivemq] [2a281e1a] INFO  - [HiveMQ Platform Operator Init App 1.7.0-SNAPSHOT] Updating Pod HiveMQ Platform Operator Init App version annotation (version: 1.7.0-SNAPSHOT)
2025-01-30 18:15:48,200 INFO c.h.h.t.HelmChartContainer - [POD] test-hivemq-platform-0 [2a281e1a-bb0c-4fe2-a66b-bfd976fa8ded] in helmbrokerlicensesit was MODIFIED
2025-01-30 18:15:48,252 INFO c.h.h.t.HelmChartContainer - [hivemq-test-hivemq-platform] [hivemq-platform-operator] [442828c0] 18:15:48.207 [pool-6-thread-22] DEBUG c.h.p.o.d.PlatformServiceResource - [helmbrok] Desired Platform services (3 services)
2025-01-30 18:15:48,252 INFO c.h.h.t.HelmChartContainer - [hivemq-test-hivemq-platform] [hivemq-platform-operator] [442828c0] 18:15:48.207 [pool-6-thread-25] DEBUG c.h.p.o.d.PodServiceAccountResource - [helmbrok] Desired PodServiceAccountResource (serviceAccountName: hivemq-platform-pod-test-hivemq-platform)
2025-01-30 18:15:48,252 INFO c.h.h.t.HelmChartContainer - [test-hivemq-platform] [hivemq] [2a281e1a] INFO  - [HiveMQ Platform Operator Init App 1.7.0-SNAPSHOT] Successfully updated Pod HiveMQ Platform Operator Init App version annotation (version: 1.7.0-SNAPSHOT)
2025-01-30 18:15:48,252 INFO c.h.h.t.HelmChartContainer - [hivemq-test-hivemq-platform] [hivemq-platform-operator] [442828c0] 18:15:48.210 [pool-6-thread-27] DEBUG c.h.p.o.dependants.PodInfoConfigMap - [helmbrok] Desired PodInfo ConfigMap (1 extensions) (1 enabled)
2025-01-30 18:15:48,252 INFO c.h.h.t.HelmChartContainer - [hivemq-test-hivemq-platform] [hivemq-platform-operator] [442828c0] 18:15:48.210 [pool-6-thread-27] DEBUG c.h.p.o.dependants.PodInfoConfigMap - [helmbrok] Desired PodInfo ConfigMap (metrics port: 9399) (metrics path: /)
2025-01-30 18:15:48,252 INFO c.h.h.t.HelmChartContainer - [hivemq-test-hivemq-platform] [hivemq-platform-operator] [442828c0] 18:15:48.210 [pool-6-thread-27] DEBUG c.h.p.o.dependants.PodInfoConfigMap - [helmbrok] Desired PodInfo ConfigMap (extension state hash: -1817474005)
2025-01-30 18:15:48,252 INFO c.h.h.t.HelmChartContainer - [hivemq-test-hivemq-platform] [hivemq-platform-operator] [442828c0] 18:15:48.213 [pool-6-thread-22] DEBUG c.h.p.o.d.StatefulSetResource - [helmbrok] Desired StatefulSet (1 replicas) for status STARTING (READY)
2025-01-30 18:15:48,252 INFO c.h.h.t.HelmChartContainer - [hivemq-test-hivemq-platform] [hivemq-platform-operator] [442828c0] 18:15:48.216 [ReconcilerExecutor-hivemq-controller-111] INFO  c.h.p.o.HiveMQPlatformReconciler - [helmbrok] Reconciling HiveMQ Platform 'test-hivemq-platform' in namespace 'helmbrokerlicensesit'
2025-01-30 18:15:48,252 INFO c.h.h.t.HelmChartContainer - [hivemq-test-hivemq-platform] [hivemq-platform-operator] [442828c0] 18:15:48.216 [ReconcilerExecutor-hivemq-controller-111] DEBUG c.h.p.o.HiveMQPlatformReconciler - [helmbrok] Custom Resource Status STARTING - HiveMQ Platform is starting (READY)
2025-01-30 18:15:48,252 INFO c.h.h.t.HelmChartContainer - [hivemq-test-hivemq-platform] [hivemq-platform-operator] [442828c0] 18:15:48.216 [ReconcilerExecutor-hivemq-controller-111] DEBUG c.h.p.o.HiveMQPlatformReconciler - [helmbrok] Custom Resource Spec (replicas: 1) (extensions: 1)
2025-01-30 18:15:48,252 INFO c.h.h.t.HelmChartContainer - [hivemq-test-hivemq-platform] [hivemq-platform-operator] [442828c0] 18:15:48.217 [ReconcilerExecutor-hivemq-controller-111] DEBUG c.h.p.o.HiveMQPlatformReconciler - [helmbrok] StatefulSet Status (revision: test-hivemq-platform-6994fc54f5, replicas: 1, available: 0, ready: 0, current: 1, updated: 1)
2025-01-30 18:15:48,252 INFO c.h.h.t.HelmChartContainer - [hivemq-test-hivemq-platform] [hivemq-platform-operator] [442828c0] 18:15:48.217 [ReconcilerExecutor-hivemq-controller-111] DEBUG c.h.p.o.HiveMQPlatformReconciler - [helmbrok] StatefulSet Spec (replicas: 1, init containers: 1, containers: 1, volumes: 4)
2025-01-30 18:15:48,252 INFO c.h.h.t.HelmChartContainer - [hivemq-test-hivemq-platform] [hivemq-platform-operator] [442828c0] 18:15:48.218 [ReconcilerExecutor-hivemq-controller-111] DEBUG c.h.p.o.h.HiveMQPlatformReconcilerErrorHandler - [helmbrok] Pod 'test-hivemq-platform-0' phase Running
2025-01-30 18:15:48,252 INFO c.h.h.t.HelmChartContainer - [hivemq-test-hivemq-platform] [hivemq-platform-operator] [442828c0] 18:15:48.219 [ReconcilerExecutor-hivemq-controller-111] INFO  c.h.p.o.h.HiveMQPlatformReconcilerBaseHandler - [helmbrok] HiveMQ Platform is starting, 0 of 1 replicas are ready
2025-01-30 18:15:48,287 INFO c.h.h.t.HelmChartContainer - [test-hivemq-platform] [hivemq] [2a281e1a] WARN  - [HiveMQ Platform Operator Init App 1.7.0-SNAPSHOT] Cannot connect to Health API for readiness: null
2025-01-30 18:15:48,295 INFO c.h.h.t.HelmChartContainer - [EVENT] Warning [Unhealthy] Readiness probe failed: HTTP probe failed with statuscode: 503 [helmbrokerlicensesit:test-hivemq-platform-0]
2025-01-30 18:15:48,295 INFO c.h.h.t.HelmChartContainer - Received Unhealthy event for container hivemq in pod test-hivemq-platform-0 [2a281e1a-bb0c-4fe2-a66b-bfd976fa8ded]
2025-01-30 18:15:53,201 INFO c.h.h.t.HelmChartContainer - [test-hivemq-platform] [hivemq] [2a281e1a] WARN  - [HiveMQ Platform Operator Init App 1.7.0-SNAPSHOT] Cannot connect to Health API for readiness: null
2025-01-30 18:15:53,207 INFO c.h.h.t.HelmChartContainer - [EVENT] Warning [Unhealthy] Readiness probe failed: HTTP probe failed with statuscode: 503 [helmbrokerlicensesit:test-hivemq-platform-0]
2025-01-30 18:15:53,207 INFO c.h.h.t.HelmChartContainer - Received Unhealthy event for container hivemq in pod test-hivemq-platform-0 [2a281e1a-bb0c-4fe2-a66b-bfd976fa8ded]
2025-01-30 18:15:58,200 INFO c.h.h.t.HelmChartContainer - [test-hivemq-platform] [hivemq] [2a281e1a] WARN  - [HiveMQ Platform Operator Init App 1.7.0-SNAPSHOT] Cannot connect to Health API for readiness: null
2025-01-30 18:15:58,205 INFO c.h.h.t.HelmChartContainer - [EVENT] Warning [Unhealthy] Readiness probe failed: HTTP probe failed with statuscode: 503 [helmbrokerlicensesit:test-hivemq-platform-0]
2025-01-30 18:15:58,205 INFO c.h.h.t.HelmChartContainer - Received Unhealthy event for container hivemq in pod test-hivemq-platform-0 [2a281e1a-bb0c-4fe2-a66b-bfd976fa8ded]
2025-01-30 18:15:58,227 INFO c.h.h.t.HelmChartContainer - [hivemq-test-hivemq-platform] [hivemq-platform-operator] [442828c0] 18:15:58.223 [pool-6-thread-36] DEBUG c.h.p.o.d.PlatformServiceResource - [helmbrok] Desired Platform services (3 services)
2025-01-30 18:15:58,227 INFO c.h.h.t.HelmChartContainer - [hivemq-test-hivemq-platform] [hivemq-platform-operator] [442828c0] 18:15:58.224 [pool-6-thread-32] DEBUG c.h.p.o.dependants.PodInfoConfigMap - [helmbrok] Desired PodInfo ConfigMap (1 extensions) (1 enabled)
2025-01-30 18:15:58,227 INFO c.h.h.t.HelmChartContainer - [hivemq-test-hivemq-platform] [hivemq-platform-operator] [442828c0] 18:15:58.225 [pool-6-thread-32] DEBUG c.h.p.o.dependants.PodInfoConfigMap - [helmbrok] Desired PodInfo ConfigMap (metrics port: 9399) (metrics path: /)
2025-01-30 18:15:58,227 INFO c.h.h.t.HelmChartContainer - [hivemq-test-hivemq-platform] [hivemq-platform-operator] [442828c0] 18:15:58.225 [pool-6-thread-32] DEBUG c.h.p.o.dependants.PodInfoConfigMap - [helmbrok] Desired PodInfo ConfigMap (extension state hash: -1817474005)
2025-01-30 18:15:58,227 INFO c.h.h.t.HelmChartContainer - [hivemq-test-hivemq-platform] [hivemq-platform-operator] [442828c0] 18:15:58.226 [pool-6-thread-32] DEBUG c.h.p.o.d.PodServiceAccountResource - [helmbrok] Desired PodServiceAccountResource (serviceAccountName: hivemq-platform-pod-test-hivemq-platform)
2025-01-30 18:15:58,234 INFO c.h.h.t.HelmChartContainer - [hivemq-test-hivemq-platform] [hivemq-platform-operator] [442828c0] 18:15:58.231 [pool-6-thread-36] DEBUG c.h.p.o.d.StatefulSetResource - [helmbrok] Desired StatefulSet (1 replicas) for status STARTING (READY)
2025-01-30 18:15:58,302 INFO c.h.h.t.HelmChartContainer - [hivemq-test-hivemq-platform] [hivemq-platform-operator] [442828c0] 18:15:58.295 [ReconcilerExecutor-hivemq-controller-112] INFO  c.h.p.o.HiveMQPlatformReconciler - [helmbrok] Reconciling HiveMQ Platform 'test-hivemq-platform' in namespace 'helmbrokerlicensesit'
2025-01-30 18:15:58,303 INFO c.h.h.t.HelmChartContainer - [hivemq-test-hivemq-platform] [hivemq-platform-operator] [442828c0] 18:15:58.296 [ReconcilerExecutor-hivemq-controller-112] DEBUG c.h.p.o.HiveMQPlatformReconciler - [helmbrok] Custom Resource Status STARTING - HiveMQ Platform is starting (READY)
2025-01-30 18:15:58,303 INFO c.h.h.t.HelmChartContainer - [hivemq-test-hivemq-platform] [hivemq-platform-operator] [442828c0] 18:15:58.296 [ReconcilerExecutor-hivemq-controller-112] DEBUG c.h.p.o.HiveMQPlatformReconciler - [helmbrok] Custom Resource Spec (replicas: 1) (extensions: 1)
2025-01-30 18:15:58,303 INFO c.h.h.t.HelmChartContainer - [hivemq-test-hivemq-platform] [hivemq-platform-operator] [442828c0] 18:15:58.298 [ReconcilerExecutor-hivemq-controller-112] DEBUG c.h.p.o.HiveMQPlatformReconciler - [helmbrok] StatefulSet Status (revision: test-hivemq-platform-6994fc54f5, replicas: 1, available: 0, ready: 0, current: 1, updated: 1)
2025-01-30 18:15:58,303 INFO c.h.h.t.HelmChartContainer - [hivemq-test-hivemq-platform] [hivemq-platform-operator] [442828c0] 18:15:58.298 [ReconcilerExecutor-hivemq-controller-112] DEBUG c.h.p.o.HiveMQPlatformReconciler - [helmbrok] StatefulSet Spec (replicas: 1, init containers: 1, containers: 1, volumes: 4)
2025-01-30 18:15:58,303 INFO c.h.h.t.HelmChartContainer - [hivemq-test-hivemq-platform] [hivemq-platform-operator] [442828c0] 18:15:58.301 [ReconcilerExecutor-hivemq-controller-112] DEBUG c.h.p.o.h.HiveMQPlatformReconcilerErrorHandler - [helmbrok] Pod 'test-hivemq-platform-0' phase Running
2025-01-30 18:15:58,304 INFO c.h.h.t.HelmChartContainer - [hivemq-test-hivemq-platform] [hivemq-platform-operator] [442828c0] 18:15:58.303 [ReconcilerExecutor-hivemq-controller-112] INFO  c.h.p.o.h.HiveMQPlatformReconcilerBaseHandler - [helmbrok] HiveMQ Platform is starting, 0 of 1 replicas are ready
2025-01-30 18:15:59,387 INFO c.h.h.t.HelmChartContainer - [test-hivemq-platform] [hivemq] [2a281e1a] WARN  - [HiveMQ Platform Operator Init App 1.7.0-SNAPSHOT] Cannot connect to Health API for liveness: null
2025-01-30 18:15:59,387 INFO c.h.h.t.HelmChartContainer - [test-hivemq-platform] [hivemq] [2a281e1a] INFO  - [HiveMQ Platform Operator Init App 1.7.0-SNAPSHOT] Returning default Health API response 200 for liveness
2025-01-30 18:16:00,298 INFO c.h.h.t.HelmChartContainer - [test-hivemq-platform] [hivemq] [2a281e1a] WARN  - License file license.lic is corrupt.
2025-01-30 18:16:00,298 INFO c.h.h.testcontainer.LogWaiterUtil - TEST Found log pattern on 'test-hivemq-platform-0': .*License file license.lic is corrupt.
2025-01-30 18:16:00,300 INFO c.h.h.t.HelmChartContainer - [test-hivemq-platform] [hivemq] [2a281e1a] INFO  - No valid license file found. Using trial license, restricted to 25 connections.
2025-01-30 18:16:03,201 INFO c.h.h.t.HelmChartContainer - [test-hivemq-platform] [hivemq] [2a281e1a] WARN  - [HiveMQ Platform Operator Init App 1.7.0-SNAPSHOT] Cannot connect to Health API for readiness: null
2025-01-30 18:16:03,205 INFO c.h.h.t.HelmChartContainer - [EVENT] Warning [Unhealthy] Readiness probe failed: HTTP probe failed with statuscode: 503 [helmbrokerlicensesit:test-hivemq-platform-0]
2025-01-30 18:16:03,205 INFO c.h.h.t.HelmChartContainer - Received Unhealthy event for container hivemq in pod test-hivemq-platform-0 [2a281e1a-bb0c-4fe2-a66b-bfd976fa8ded]
2025-01-30 18:16:04,991 INFO c.h.h.t.HelmChartContainer - [test-hivemq-platform] [hivemq] [2a281e1a] INFO  - No valid license file for Data Hub found. Using free license, restricted to 1 policy.
2025-01-30 18:16:06,007 INFO c.h.h.t.HelmChartContainer - [test-hivemq-platform] [hivemq] [2a281e1a] INFO  - Audit Logger started.
2025-01-30 18:16:06,307 INFO c.h.h.t.HelmChartContainer - [test-hivemq-platform] [hivemq] [2a281e1a] INFO  - This node uses '1' CPU cores.
2025-01-30 18:16:06,352 INFO c.h.h.t.HelmChartContainer - [test-hivemq-platform] [hivemq] [2a281e1a] INFO  - Starting HiveMQ Health API on address 0.0.0.0 and port 8889
2025-01-30 18:16:07,092 INFO c.h.h.t.HelmChartContainer - [test-hivemq-platform] [hivemq] [2a281e1a] INFO  - Started HiveMQ Health API in 740ms
2025-01-30 18:16:07,652 INFO c.h.h.t.HelmChartContainer - [test-hivemq-platform] [hivemq] [2a281e1a] INFO  - Starting HiveMQ extension system.
2025-01-30 18:16:07,890 INFO c.h.h.t.HelmChartContainer - [test-hivemq-platform] [hivemq] [2a281e1a] INFO  - Starting extension with id "hivemq-dns-cluster-discovery" at /opt/hivemq/extensions/hivemq-dns-cluster-discovery
2025-01-30 18:16:08,313 INFO c.h.h.t.HelmChartContainer - [hivemq-test-hivemq-platform] [hivemq-platform-operator] [442828c0] 18:16:08.310 [pool-6-thread-46] DEBUG c.h.p.o.dependants.PodInfoConfigMap - [helmbrok] Desired PodInfo ConfigMap (1 extensions) (1 enabled)
2025-01-30 18:16:08,315 INFO c.h.h.t.HelmChartContainer - [hivemq-test-hivemq-platform] [hivemq-platform-operator] [442828c0] 18:16:08.311 [pool-6-thread-46] DEBUG c.h.p.o.dependants.PodInfoConfigMap - [helmbrok] Desired PodInfo ConfigMap (metrics port: 9399) (metrics path: /)
2025-01-30 18:16:08,315 INFO c.h.h.t.HelmChartContainer - [hivemq-test-hivemq-platform] [hivemq-platform-operator] [442828c0] 18:16:08.311 [pool-6-thread-46] DEBUG c.h.p.o.dependants.PodInfoConfigMap - [helmbrok] Desired PodInfo ConfigMap (extension state hash: -1817474005)
2025-01-30 18:16:08,317 INFO c.h.h.t.HelmChartContainer - [hivemq-test-hivemq-platform] [hivemq-platform-operator] [442828c0] 18:16:08.311 [pool-6-thread-43] DEBUG c.h.p.o.d.PodServiceAccountResource - [helmbrok] Desired PodServiceAccountResource (serviceAccountName: hivemq-platform-pod-test-hivemq-platform)
2025-01-30 18:16:08,317 INFO c.h.h.t.HelmChartContainer - [hivemq-test-hivemq-platform] [hivemq-platform-operator] [442828c0] 18:16:08.314 [pool-6-thread-47] DEBUG c.h.p.o.d.PlatformServiceResource - [helmbrok] Desired Platform services (3 services)
2025-01-30 18:16:08,325 INFO c.h.h.t.HelmChartContainer - [hivemq-test-hivemq-platform] [hivemq-platform-operator] [442828c0] 18:16:08.324 [pool-6-thread-50] DEBUG c.h.p.o.d.StatefulSetResource - [helmbrok] Desired StatefulSet (1 replicas) for status STARTING (READY)
2025-01-30 18:16:08,398 INFO c.h.h.t.HelmChartContainer - [hivemq-test-hivemq-platform] [hivemq-platform-operator] [442828c0] 18:16:08.396 [ReconcilerExecutor-hivemq-controller-113] INFO  c.h.p.o.HiveMQPlatformReconciler - [helmbrok] Reconciling HiveMQ Platform 'test-hivemq-platform' in namespace 'helmbrokerlicensesit'
2025-01-30 18:16:08,400 INFO c.h.h.t.HelmChartContainer - [hivemq-test-hivemq-platform] [hivemq-platform-operator] [442828c0] 18:16:08.397 [ReconcilerExecutor-hivemq-controller-113] DEBUG c.h.p.o.HiveMQPlatformReconciler - [helmbrok] Custom Resource Status STARTING - HiveMQ Platform is starting (READY)
2025-01-30 18:16:08,401 INFO c.h.h.t.HelmChartContainer - [hivemq-test-hivemq-platform] [hivemq-platform-operator] [442828c0] 18:16:08.397 [ReconcilerExecutor-hivemq-controller-113] DEBUG c.h.p.o.HiveMQPlatformReconciler - [helmbrok] Custom Resource Spec (replicas: 1) (extensions: 1)
2025-01-30 18:16:08,401 INFO c.h.h.t.HelmChartContainer - [hivemq-test-hivemq-platform] [hivemq-platform-operator] [442828c0] 18:16:08.399 [ReconcilerExecutor-hivemq-controller-113] DEBUG c.h.p.o.HiveMQPlatformReconciler - [helmbrok] StatefulSet Status (revision: test-hivemq-platform-6994fc54f5, replicas: 1, available: 0, ready: 0, current: 1, updated: 1)
2025-01-30 18:16:08,401 INFO c.h.h.t.HelmChartContainer - [hivemq-test-hivemq-platform] [hivemq-platform-operator] [442828c0] 18:16:08.399 [ReconcilerExecutor-hivemq-controller-113] DEBUG c.h.p.o.HiveMQPlatformReconciler - [helmbrok] StatefulSet Spec (replicas: 1, init containers: 1, containers: 1, volumes: 4)
2025-01-30 18:16:08,406 INFO c.h.h.t.HelmChartContainer - [hivemq-test-hivemq-platform] [hivemq-platform-operator] [442828c0] 18:16:08.405 [ReconcilerExecutor-hivemq-controller-113] DEBUG c.h.p.o.h.HiveMQPlatformReconcilerErrorHandler - [helmbrok] Pod 'test-hivemq-platform-0' phase Running
2025-01-30 18:16:08,406 INFO c.h.h.t.HelmChartContainer - [hivemq-test-hivemq-platform] [hivemq-platform-operator] [442828c0] 18:16:08.406 [ReconcilerExecutor-hivemq-controller-113] INFO  c.h.p.o.h.HiveMQPlatformReconcilerBaseHandler - [helmbrok] HiveMQ Platform is starting, 0 of 1 replicas are ready
2025-01-30 18:16:08,554 INFO c.h.h.t.HelmChartContainer - [test-hivemq-platform] [hivemq] [2a281e1a] INFO  - Using TCP cluster transport on address 10.42.0.8 and port 7000
2025-01-30 18:16:08,554 INFO c.h.h.t.HelmChartContainer - [test-hivemq-platform] [hivemq] [2a281e1a] INFO  - Extension "DNS Cluster Discovery Extension" version 4.3.2 started successfully.
2025-01-30 18:16:08,555 INFO c.h.h.t.HelmChartContainer - [test-hivemq-platform] [hivemq] [2a281e1a] INFO  - Starting extension with id "hivemq-prometheus-extension" at /opt/hivemq/extensions/hivemq-prometheus-extension
2025-01-30 18:16:08,592 INFO c.h.h.t.HelmChartContainer - [test-hivemq-platform] [hivemq] [2a281e1a] INFO  - Using extension cluster discovery
2025-01-30 18:16:09,240 INFO c.h.h.t.HelmChartContainer - [EVENT] Warning [Unhealthy] Readiness probe failed: Get "http://10.42.0.8:7979/readiness": context deadline exceeded (Client.Timeout exceeded while awaiting headers) [helmbrokerlicensesit:test-hivemq-platform-0]
2025-01-30 18:16:09,240 INFO c.h.h.t.HelmChartContainer - Received Unhealthy event for container hivemq in pod test-hivemq-platform-0 [2a281e1a-bb0c-4fe2-a66b-bfd976fa8ded]
2025-01-30 18:16:09,854 INFO c.h.h.t.HelmChartContainer - [test-hivemq-platform] [hivemq] [2a281e1a] INFO  - Started Jetty Server exposing Prometheus Servlet on URI http://0.0.0.0:9399/
2025-01-30 18:16:09,854 INFO c.h.h.t.HelmChartContainer - [test-hivemq-platform] [hivemq] [2a281e1a] INFO  - Extension "Prometheus Monitoring Extension" version 4.0.12 started successfully.
2025-01-30 18:16:09,854 INFO c.h.h.t.HelmChartContainer - [test-hivemq-platform] [hivemq] [2a281e1a] INFO  - Starting extension with id "hivemq-allow-all-extension" at /opt/hivemq/extensions/hivemq-allow-all-extension
2025-01-30 18:16:09,854 INFO c.h.h.t.HelmChartContainer - [test-hivemq-platform] [hivemq] [2a281e1a] WARN  - 
2025-01-30 18:16:09,854 INFO c.h.h.t.HelmChartContainer - [test-hivemq-platform] [hivemq] [2a281e1a] ################################################################################################################
2025-01-30 18:16:09,854 INFO c.h.h.t.HelmChartContainer - [test-hivemq-platform] [hivemq] [2a281e1a] # This HiveMQ deployment is not secure! You are lacking Authentication and Authorization.                      #
2025-01-30 18:16:09,854 INFO c.h.h.t.HelmChartContainer - [test-hivemq-platform] [hivemq] [2a281e1a] # Right now any MQTT client can connect to the broker with a full set of permissions.                          #
2025-01-30 18:16:09,854 INFO c.h.h.t.HelmChartContainer - [test-hivemq-platform] [hivemq] [2a281e1a] # For production usage, add an appropriate security extension and remove the hivemq-allow-all extension.       #
2025-01-30 18:16:09,854 INFO c.h.h.t.HelmChartContainer - [test-hivemq-platform] [hivemq] [2a281e1a] # You can download security extensions from the HiveMQ Marketplace (https://www.hivemq.com/extensions/).       #
2025-01-30 18:16:09,854 INFO c.h.h.t.HelmChartContainer - [test-hivemq-platform] [hivemq] [2a281e1a] ################################################################################################################
2025-01-30 18:16:09,884 INFO c.h.h.t.HelmChartContainer - [test-hivemq-platform] [hivemq] [2a281e1a] INFO  - Extension "Allow All Extension" version 1.1.1 started successfully.
2025-01-30 18:16:09,890 INFO c.h.h.t.HelmChartContainer - [test-hivemq-platform] [hivemq] [2a281e1a] INFO  - [HiveMQ Platform Operator Init App 1.7.0-SNAPSHOT] Returning Health API response 503 for readiness
2025-01-30 18:16:11,953 INFO c.h.h.t.HelmChartContainer - [test-hivemq-platform] [hivemq] [2a281e1a] INFO  - vIucL: no members discovered after 2563 ms: creating cluster as first member
2025-01-30 18:16:11,958 INFO c.h.h.t.HelmChartContainer - [test-hivemq-platform] [hivemq] [2a281e1a] INFO  - Cluster nodes found by discovery: [vIucL|0] (1) [vIucL].
2025-01-30 18:16:12,053 INFO c.h.h.t.HelmChartContainer - [test-hivemq-platform] [hivemq] [2a281e1a] WARN  - No user for HiveMQ Control Center configured. Starting with default user
2025-01-30 18:16:12,053 INFO c.h.h.t.HelmChartContainer - [test-hivemq-platform] [hivemq] [2a281e1a] INFO  - Starting HiveMQ Control Center on address 0.0.0.0 and port 8080
2025-01-30 18:16:12,057 INFO c.h.h.t.HelmChartContainer - [test-hivemq-platform] [hivemq] [2a281e1a] INFO  - Mounting HiveMQ Control Center V2 Preview
2025-01-30 18:16:12,660 INFO c.h.h.t.HelmChartContainer - [test-hivemq-platform] [hivemq] [2a281e1a] INFO  - Started HiveMQ Control Center in 607ms
2025-01-30 18:16:12,673 INFO c.h.h.t.HelmChartContainer - [test-hivemq-platform] [hivemq] [2a281e1a] INFO  - Starting TCP listener on address 0.0.0.0 and port 1883
2025-01-30 18:16:12,763 INFO c.h.h.t.HelmChartContainer - [test-hivemq-platform] [hivemq] [2a281e1a] INFO  - Started TCP Listener on address 0.0.0.0 and on port 1883.
2025-01-30 18:16:12,763 INFO c.h.h.t.HelmChartContainer - [test-hivemq-platform] [hivemq] [2a281e1a] INFO  - Started HiveMQ in 32862ms
2025-01-30 18:16:13,202 INFO c.h.h.t.HelmChartContainer - [test-hivemq-platform] [hivemq] [2a281e1a] INFO  - [HiveMQ Platform Operator Init App 1.7.0-SNAPSHOT] Returning Health API response 200 for readiness
2025-01-30 18:16:13,216 INFO c.h.h.t.HelmChartContainer - [POD] test-hivemq-platform-0 [2a281e1a-bb0c-4fe2-a66b-bfd976fa8ded] in helmbrokerlicensesit was MODIFIED
2025-01-30 18:16:13,224 INFO c.h.h.t.HelmChartContainer - [hivemq-test-hivemq-platform] [hivemq-platform-operator] [442828c0] 18:16:13.220 [pool-6-thread-2] DEBUG c.h.p.o.d.PlatformServiceResource - [helmbrok] Desired Platform services (3 services)
2025-01-30 18:16:13,228 INFO c.h.h.t.HelmChartContainer - [hivemq-test-hivemq-platform] [hivemq-platform-operator] [442828c0] 18:16:13.223 [pool-6-thread-1] DEBUG c.h.p.o.dependants.PodInfoConfigMap - [helmbrok] Desired PodInfo ConfigMap (1 extensions) (1 enabled)
2025-01-30 18:16:13,228 INFO c.h.h.t.HelmChartContainer - [hivemq-test-hivemq-platform] [hivemq-platform-operator] [442828c0] 18:16:13.223 [pool-6-thread-1] DEBUG c.h.p.o.dependants.PodInfoConfigMap - [helmbrok] Desired PodInfo ConfigMap (metrics port: 9399) (metrics path: /)
2025-01-30 18:16:13,228 INFO c.h.h.t.HelmChartContainer - [hivemq-test-hivemq-platform] [hivemq-platform-operator] [442828c0] 18:16:13.224 [pool-6-thread-1] DEBUG c.h.p.o.dependants.PodInfoConfigMap - [helmbrok] Desired PodInfo ConfigMap (extension state hash: -1817474005)
2025-01-30 18:16:13,228 INFO c.h.h.t.HelmChartContainer - [hivemq-test-hivemq-platform] [hivemq-platform-operator] [442828c0] 18:16:13.223 [pool-6-thread-5] DEBUG c.h.p.o.d.PodServiceAccountResource - [helmbrok] Desired PodServiceAccountResource (serviceAccountName: hivemq-platform-pod-test-hivemq-platform)
2025-01-30 18:16:13,238 INFO c.h.h.t.HelmChartContainer - [hivemq-test-hivemq-platform] [hivemq-platform-operator] [442828c0] 18:16:13.235 [pool-6-thread-2] DEBUG c.h.p.o.d.StatefulSetResource - [helmbrok] Desired StatefulSet (1 replicas) for status STARTING (READY)
2025-01-30 18:16:13,298 INFO c.h.h.t.HelmChartContainer - [hivemq-test-hivemq-platform] [hivemq-platform-operator] [442828c0] 18:16:13.296 [ReconcilerExecutor-hivemq-controller-114] INFO  c.h.p.o.HiveMQPlatformReconciler - [helmbrok] Reconciling HiveMQ Platform 'test-hivemq-platform' in namespace 'helmbrokerlicensesit'
2025-01-30 18:16:13,298 INFO c.h.h.t.HelmChartContainer - [hivemq-test-hivemq-platform] [hivemq-platform-operator] [442828c0] 18:16:13.296 [ReconcilerExecutor-hivemq-controller-114] DEBUG c.h.p.o.HiveMQPlatformReconciler - [helmbrok] Custom Resource Status STARTING - HiveMQ Platform is starting (READY)
2025-01-30 18:16:13,298 INFO c.h.h.t.HelmChartContainer - [hivemq-test-hivemq-platform] [hivemq-platform-operator] [442828c0] 18:16:13.296 [ReconcilerExecutor-hivemq-controller-114] DEBUG c.h.p.o.HiveMQPlatformReconciler - [helmbrok] Custom Resource Spec (replicas: 1) (extensions: 1)
2025-01-30 18:16:13,299 INFO c.h.h.t.HelmChartContainer - [hivemq-test-hivemq-platform] [hivemq-platform-operator] [442828c0] 18:16:13.298 [ReconcilerExecutor-hivemq-controller-114] DEBUG c.h.p.o.HiveMQPlatformReconciler - [helmbrok] StatefulSet Status (revision: test-hivemq-platform-6994fc54f5, replicas: 1, available: 1, ready: 1, current: 1, updated: 1)
2025-01-30 18:16:13,300 INFO c.h.h.t.HelmChartContainer - [hivemq-test-hivemq-platform] [hivemq-platform-operator] [442828c0] 18:16:13.298 [ReconcilerExecutor-hivemq-controller-114] DEBUG c.h.p.o.HiveMQPlatformReconciler - [helmbrok] StatefulSet Spec (replicas: 1, init containers: 1, containers: 1, volumes: 4)
2025-01-30 18:16:13,301 INFO c.h.h.t.HelmChartContainer - [hivemq-test-hivemq-platform] [hivemq-platform-operator] [442828c0] 18:16:13.300 [ReconcilerExecutor-hivemq-controller-114] DEBUG c.h.p.o.h.HiveMQPlatformReconcilerErrorHandler - [helmbrok] Pod 'test-hivemq-platform-0' phase Running
2025-01-30 18:16:13,302 INFO c.h.h.t.HelmChartContainer - [hivemq-test-hivemq-platform] [hivemq-platform-operator] [442828c0] 18:16:13.301 [ReconcilerExecutor-hivemq-controller-114] INFO  c.h.p.o.h.HiveMQPlatformReconcilerBaseHandler - [helmbrok] HiveMQ Platform started successfully
2025-01-30 18:16:13,318 INFO c.h.h.t.HelmChartContainer - [hivemq-test-hivemq-platform] [hivemq-platform-operator] [442828c0] 18:16:13.317 [ReconcilerExecutor-hivemq-controller-114] DEBUG c.h.p.operator.event.EventSender - [helmbrok] Creating K8s event hivemq-platform-ready: [Ready] HiveMQ Platform is ready
2025-01-30 18:16:13,321 INFO c.h.h.t.HelmChartContainer - [EVENT] Normal [Ready] HiveMQ Platform is ready [helmbrokerlicensesit:test-hivemq-platform]
2025-01-30 18:16:13,397 INFO c.h.h.t.HelmChartContainer - [hivemq-test-hivemq-platform] [hivemq-platform-operator] [442828c0] 18:16:13.395 [ReconcilerExecutor-hivemq-controller-114] INFO  c.h.p.o.h.AbstractHiveMQReconcilerStateHandler - [helmbrok] Update HiveMQ Platform Status (STARTING [READY] -> RUNNING [READY]): HiveMQ Platform is ready
2025-01-30 18:16:13,405 DEBUG com.hivemq.helmcharts.util.K8sUtil - Comparing actual state 'RUNNING' and waiting for 'RUNNING'
2025-01-30 18:16:13,414 INFO c.h.h.t.HelmChartContainer - [hivemq-test-hivemq-platform] [hivemq-platform-operator] [442828c0] 18:16:13.409 [pool-6-thread-13] DEBUG c.h.p.o.dependants.PodInfoConfigMap - [helmbrok] Desired PodInfo ConfigMap (1 extensions) (1 enabled)
2025-01-30 18:16:13,414 INFO c.h.h.t.HelmChartContainer - [hivemq-test-hivemq-platform] [hivemq-platform-operator] [442828c0] 18:16:13.409 [pool-6-thread-13] DEBUG c.h.p.o.dependants.PodInfoConfigMap - [helmbrok] Desired PodInfo ConfigMap (metrics port: 9399) (metrics path: /)
2025-01-30 18:16:13,414 INFO c.h.h.t.HelmChartContainer - [hivemq-test-hivemq-platform] [hivemq-platform-operator] [442828c0] 18:16:13.409 [pool-6-thread-13] DEBUG c.h.p.o.dependants.PodInfoConfigMap - [helmbrok] Desired PodInfo ConfigMap (extension state hash: -1817474005)
2025-01-30 18:16:13,414 INFO c.h.h.t.HelmChartContainer - [hivemq-test-hivemq-platform] [hivemq-platform-operator] [442828c0] 18:16:13.409 [pool-6-thread-18] DEBUG c.h.p.o.d.PodServiceAccountResource - [helmbrok] Desired PodServiceAccountResource (serviceAccountName: hivemq-platform-pod-test-hivemq-platform)
2025-01-30 18:16:13,414 INFO c.h.h.t.HelmChartContainer - [hivemq-test-hivemq-platform] [hivemq-platform-operator] [442828c0] 18:16:13.410 [pool-6-thread-19] DEBUG c.h.p.o.d.PlatformServiceResource - [helmbrok] Desired Platform services (3 services)
2025-01-30 18:16:13,414 INFO c.h.h.t.HelmChartContainer - [hivemq-test-hivemq-platform] [hivemq-platform-operator] [442828c0] 18:16:13.412 [pool-6-thread-13] DEBUG c.h.p.o.dependants.PodInfoConfigMap - [helmbrok] Update PodInfo ConfigMap
2025-01-30 18:16:13,506 INFO c.h.h.t.HelmChartContainer - [hivemq-test-hivemq-platform] [hivemq-platform-operator] [442828c0] 18:16:13.504 [pool-6-thread-13] DEBUG c.h.p.o.d.StatefulSetResource - [helmbrok] Desired StatefulSet (1 replicas) for status RUNNING (READY)
2025-01-30 18:16:13,510 INFO c.h.h.t.HelmChartContainer - [hivemq-test-hivemq-platform] [hivemq-platform-operator] [442828c0] 18:16:13.509 [ReconcilerExecutor-hivemq-controller-115] INFO  c.h.p.o.HiveMQPlatformReconciler - [helmbrok] Reconciling HiveMQ Platform 'test-hivemq-platform' in namespace 'helmbrokerlicensesit'
2025-01-30 18:16:13,510 INFO c.h.h.t.HelmChartContainer - [hivemq-test-hivemq-platform] [hivemq-platform-operator] [442828c0] 18:16:13.509 [ReconcilerExecutor-hivemq-controller-115] DEBUG c.h.p.o.HiveMQPlatformReconciler - [helmbrok] Custom Resource Status RUNNING - HiveMQ Platform is ready (READY)
2025-01-30 18:16:13,510 INFO c.h.h.t.HelmChartContainer - [hivemq-test-hivemq-platform] [hivemq-platform-operator] [442828c0] 18:16:13.509 [ReconcilerExecutor-hivemq-controller-115] DEBUG c.h.p.o.HiveMQPlatformReconciler - [helmbrok] Custom Resource Spec (replicas: 1) (extensions: 1)
2025-01-30 18:16:13,512 INFO c.h.h.t.HelmChartContainer - [hivemq-test-hivemq-platform] [hivemq-platform-operator] [442828c0] 18:16:13.510 [ReconcilerExecutor-hivemq-controller-115] DEBUG c.h.p.o.HiveMQPlatformReconciler - [helmbrok] StatefulSet Status (revision: test-hivemq-platform-6994fc54f5, replicas: 1, available: 1, ready: 1, current: 1, updated: 1)
2025-01-30 18:16:13,512 INFO c.h.h.t.HelmChartContainer - [hivemq-test-hivemq-platform] [hivemq-platform-operator] [442828c0] 18:16:13.510 [ReconcilerExecutor-hivemq-controller-115] DEBUG c.h.p.o.HiveMQPlatformReconciler - [helmbrok] StatefulSet Spec (replicas: 1, init containers: 1, containers: 1, volumes: 4)
2025-01-30 18:16:13,512 INFO c.h.h.t.HelmChartContainer - [hivemq-test-hivemq-platform] [hivemq-platform-operator] [442828c0] 18:16:13.512 [ReconcilerExecutor-hivemq-controller-115] DEBUG c.h.p.o.h.HiveMQPlatformReconcilerErrorHandler - [helmbrok] Pod 'test-hivemq-platform-0' phase Running
2025-01-30 18:16:17,428 INFO c.h.h.t.HelmChartContainer - Uninstalling release 'test-hivemq-platform' in namespace 'helmbrokerlicensesit'...
2025-01-30 18:16:17,428 DEBUG c.h.h.t.HelmChartContainer - Executing helm command: /bin/helm --kubeconfig /etc/rancher/k3s/k3s.yaml uninstall test-hivemq-platform  --wait --timeout 5m0s --cascade foreground --namespace helmbrokerlicensesit
2025-01-30 18:16:17,616 INFO c.h.h.t.HelmChartContainer - [hivemq-test-hivemq-platform] [hivemq-platform-operator] [442828c0] 18:16:17.613 [pool-6-thread-21] DEBUG c.h.p.o.d.PlatformServiceResource - [helmbrok] Desired Platform services (3 services)
2025-01-30 18:16:17,617 INFO c.h.h.t.HelmChartContainer - [hivemq-test-hivemq-platform] [hivemq-platform-operator] [442828c0] 18:16:17.615 [pool-6-thread-24] DEBUG c.h.p.o.dependants.PodInfoConfigMap - [helmbrok] Desired PodInfo ConfigMap (1 extensions) (1 enabled)
2025-01-30 18:16:17,617 INFO c.h.h.t.HelmChartContainer - [hivemq-test-hivemq-platform] [hivemq-platform-operator] [442828c0] 18:16:17.616 [pool-6-thread-24] DEBUG c.h.p.o.dependants.PodInfoConfigMap - [helmbrok] Desired PodInfo ConfigMap (metrics port: 9399) (metrics path: /)
2025-01-30 18:16:17,617 INFO c.h.h.t.HelmChartContainer - [hivemq-test-hivemq-platform] [hivemq-platform-operator] [442828c0] 18:16:17.616 [pool-6-thread-24] DEBUG c.h.p.o.dependants.PodInfoConfigMap - [helmbrok] Desired PodInfo ConfigMap (extension state hash: -1817474005)
2025-01-30 18:16:17,626 INFO c.h.h.t.HelmChartContainer - [hivemq-test-hivemq-platform] [hivemq-platform-operator] [442828c0] 18:16:17.616 [pool-6-thread-26] DEBUG c.h.p.o.d.PodServiceAccountResource - [helmbrok] Desired PodServiceAccountResource (serviceAccountName: hivemq-platform-pod-test-hivemq-platform)
2025-01-30 18:16:17,698 INFO c.h.h.t.HelmChartContainer - [hivemq-test-hivemq-platform] [hivemq-platform-operator] [442828c0] 18:16:17.697 [pool-6-thread-21] DEBUG c.h.p.o.d.StatefulSetResource - [helmbrok] Desired StatefulSet (1 replicas) for status RUNNING (READY)
2025-01-30 18:16:17,789 INFO c.h.h.t.HelmChartContainer - [hivemq-test-hivemq-platform] [hivemq-platform-operator] [442828c0] 18:16:17.786 [ReconcilerExecutor-hivemq-controller-116] INFO  c.h.p.o.HiveMQPlatformReconciler - [helmbrok] Reconciling HiveMQ Platform 'test-hivemq-platform' in namespace 'helmbrokerlicensesit'
2025-01-30 18:16:17,789 INFO c.h.h.t.HelmChartContainer - [hivemq-test-hivemq-platform] [hivemq-platform-operator] [442828c0] 18:16:17.787 [ReconcilerExecutor-hivemq-controller-116] DEBUG c.h.p.o.HiveMQPlatformReconciler - [helmbrok] Custom Resource Status RUNNING - HiveMQ Platform is ready (READY)
2025-01-30 18:16:17,789 INFO c.h.h.t.HelmChartContainer - [hivemq-test-hivemq-platform] [hivemq-platform-operator] [442828c0] 18:16:17.787 [ReconcilerExecutor-hivemq-controller-116] DEBUG c.h.p.o.HiveMQPlatformReconciler - [helmbrok] Custom Resource Spec (replicas: 1) (extensions: 1)
2025-01-30 18:16:17,789 INFO c.h.h.t.HelmChartContainer - [hivemq-test-hivemq-platform] [hivemq-platform-operator] [442828c0] 18:16:17.787 [ReconcilerExecutor-hivemq-controller-116] WARN  c.h.p.o.h.HiveMQPlatformReconcilerErrorHandler - [helmbrok] Could not find ConfigMap 'hivemq-configuration-test-hivemq-platform' for HiveMQ Platform configuration
2025-01-30 18:16:17,897 INFO c.h.h.t.HelmChartContainer - [hivemq-test-hivemq-platform] [hivemq-platform-operator] [442828c0] 18:16:17.895 [ReconcilerExecutor-hivemq-controller-116] DEBUG c.h.p.operator.event.EventSender - [helmbrok] Creating K8s event hivemq-platform-invalid-configuration: [Start] Could not find ConfigMap 'hivemq-configuration-test-hivemq-platform' for HiveMQ Platform configuration
2025-01-30 18:16:17,901 INFO c.h.h.t.HelmChartContainer - [EVENT] Warning [Start] Could not find ConfigMap 'hivemq-configuration-test-hivemq-platform' for HiveMQ Platform configuration [helmbrokerlicensesit:test-hivemq-platform]
2025-01-30 18:16:17,903 INFO c.h.h.t.HelmChartContainer - [hivemq-test-hivemq-platform] [hivemq-platform-operator] [442828c0] 18:16:17.901 [ReconcilerExecutor-hivemq-controller-116] INFO  c.h.p.o.h.AbstractHiveMQReconcilerStateHandler - [helmbrok] Update HiveMQ Platform Status (RUNNING [READY] -> ERROR [INVALID_CONFIG_MAP]): Could not find ConfigMap 'hivemq-configuration-test-hivemq-platform' for HiveMQ Platform configuration
2025-01-30 18:16:17,914 INFO c.h.h.t.HelmChartContainer - [hivemq-test-hivemq-platform] [hivemq-platform-operator] [442828c0] 18:16:17.909 [ReconcilerExecutor-hivemq-controller-116] ERROR i.j.o.p.event.EventProcessor - Error during event processing ExecutionScope{ resource id: ResourceID{name='test-hivemq-platform', namespace='helmbrokerlicensesit'}, version: 861}
2025-01-30 18:16:17,914 INFO c.h.h.t.HelmChartContainer - [hivemq-test-hivemq-platform] [hivemq-platform-operator] [442828c0] io.fabric8.kubernetes.client.KubernetesClientException: Failure executing: PUT at: https://10.43.0.1:443/apis/hivemq.com/v1/namespaces/helmbrokerlicensesit/hivemq-platforms/test-hivemq-platform/status. Message: Operation cannot be fulfilled on hivemq-platforms.hivemq.com "test-hivemq-platform": the object has been modified; please apply your changes to the latest version and try again. Received status: Status(apiVersion=v1, code=409, details=StatusDetails(causes=[], group=hivemq.com, kind=hivemq-platforms, name=test-hivemq-platform, retryAfterSeconds=null, uid=null, additionalProperties={}), kind=Status, message=Operation cannot be fulfilled on hivemq-platforms.hivemq.com "test-hivemq-platform": the object has been modified; please apply your changes to the latest version and try again, metadata=ListMeta(_continue=null, remainingItemCount=null, resourceVersion=null, selfLink=null, additionalProperties={}), reason=Conflict, status=Failure, additionalProperties={}).
2025-01-30 18:16:17,914 INFO c.h.h.t.HelmChartContainer - [hivemq-test-hivemq-platform] [hivemq-platform-operator] [442828c0] 	at io.fabric8.kubernetes.client.KubernetesClientException.copyAsCause(KubernetesClientException.java:238)
2025-01-30 18:16:17,914 INFO c.h.h.t.HelmChartContainer - [hivemq-test-hivemq-platform] [hivemq-platform-operator] [442828c0] 	at io.fabric8.kubernetes.client.dsl.internal.OperationSupport.waitForResult(OperationSupport.java:507)
2025-01-30 18:16:17,914 INFO c.h.h.t.HelmChartContainer - [hivemq-test-hivemq-platform] [hivemq-platform-operator] [442828c0] 	at io.fabric8.kubernetes.client.dsl.internal.OperationSupport.handleResponse(OperationSupport.java:524)
2025-01-30 18:16:17,914 INFO c.h.h.t.HelmChartContainer - [hivemq-test-hivemq-platform] [hivemq-platform-operator] [442828c0] 	at io.fabric8.kubernetes.client.dsl.internal.OperationSupport.handleUpdate(OperationSupport.java:358)
2025-01-30 18:16:17,914 INFO c.h.h.t.HelmChartContainer - [hivemq-test-hivemq-platform] [hivemq-platform-operator] [442828c0] 	at io.fabric8.kubernetes.client.dsl.internal.BaseOperation.handleUpdate(BaseOperation.java:759)
2025-01-30 18:16:17,914 INFO c.h.h.t.HelmChartContainer - [hivemq-test-hivemq-platform] [hivemq-platform-operator] [442828c0] 	at io.fabric8.kubernetes.client.dsl.internal.HasMetadataOperation.update(HasMetadataOperation.java:138)
2025-01-30 18:16:17,914 INFO c.h.h.t.HelmChartContainer - [hivemq-test-hivemq-platform] [hivemq-platform-operator] [442828c0] 	at io.fabric8.kubernetes.client.dsl.internal.HasMetadataOperation.update(HasMetadataOperation.java:121)
2025-01-30 18:16:17,914 INFO c.h.h.t.HelmChartContainer - [hivemq-test-hivemq-platform] [hivemq-platform-operator] [442828c0] 	at io.fabric8.kubernetes.client.dsl.internal.HasMetadataOperation.updateStatus(HasMetadataOperation.java:126)
2025-01-30 18:16:17,914 INFO c.h.h.t.HelmChartContainer - [hivemq-test-hivemq-platform] [hivemq-platform-operator] [442828c0] 	at io.fabric8.kubernetes.client.dsl.internal.HasMetadataOperation.updateStatus(HasMetadataOperation.java:44)
2025-01-30 18:16:17,914 INFO c.h.h.t.HelmChartContainer - [hivemq-test-hivemq-platform] [hivemq-platform-operator] [442828c0] 	at io.javaoperatorsdk.operator.processing.event.ReconciliationDispatcher$CustomResourceFacade.updateStatus(ReconciliationDispatcher.java:408)
2025-01-30 18:16:17,914 INFO c.h.h.t.HelmChartContainer - [hivemq-test-hivemq-platform] [hivemq-platform-operator] [442828c0] 	at io.javaoperatorsdk.operator.processing.event.ReconciliationDispatcher.updateStatusGenerationAware(ReconciliationDispatcher.java:228)
2025-01-30 18:16:17,914 INFO c.h.h.t.HelmChartContainer - [hivemq-test-hivemq-platform] [hivemq-platform-operator] [442828c0] 	at io.javaoperatorsdk.operator.processing.event.ReconciliationDispatcher.reconcileExecution(ReconciliationDispatcher.java:150)
2025-01-30 18:16:17,914 INFO c.h.h.t.HelmChartContainer - [hivemq-test-hivemq-platform] [hivemq-platform-operator] [442828c0] 	at io.javaoperatorsdk.operator.processing.event.ReconciliationDispatcher.handleReconcile(ReconciliationDispatcher.java:117)
2025-01-30 18:16:17,914 INFO c.h.h.t.HelmChartContainer - [hivemq-test-hivemq-platform] [hivemq-platform-operator] [442828c0] 	at io.javaoperatorsdk.operator.processing.event.ReconciliationDispatcher.handleDispatch(ReconciliationDispatcher.java:91)
2025-01-30 18:16:17,914 INFO c.h.h.t.HelmChartContainer - [hivemq-test-hivemq-platform] [hivemq-platform-operator] [442828c0] 	at io.javaoperatorsdk.operator.processing.event.ReconciliationDispatcher.handleExecution(ReconciliationDispatcher.java:64)
2025-01-30 18:16:17,914 INFO c.h.h.t.HelmChartContainer - [hivemq-test-hivemq-platform] [hivemq-platform-operator] [442828c0] 	at io.javaoperatorsdk.operator.processing.event.EventProcessor$ReconcilerExecutor.run(EventProcessor.java:452)
2025-01-30 18:16:17,914 INFO c.h.h.t.HelmChartContainer - [hivemq-test-hivemq-platform] [hivemq-platform-operator] [442828c0] 	at java.base/java.util.concurrent.ThreadPoolExecutor.runWorker(Unknown Source)
2025-01-30 18:16:17,914 INFO c.h.h.t.HelmChartContainer - [hivemq-test-hivemq-platform] [hivemq-platform-operator] [442828c0] 	at java.base/java.util.concurrent.ThreadPoolExecutor$Worker.run(Unknown Source)
2025-01-30 18:16:17,914 INFO c.h.h.t.HelmChartContainer - [hivemq-test-hivemq-platform] [hivemq-platform-operator] [442828c0] 	at java.base/java.lang.Thread.run(Unknown Source)
2025-01-30 18:16:17,914 INFO c.h.h.t.HelmChartContainer - [hivemq-test-hivemq-platform] [hivemq-platform-operator] [442828c0] Caused by: io.fabric8.kubernetes.client.KubernetesClientException: Failure executing: PUT at: https://10.43.0.1:443/apis/hivemq.com/v1/namespaces/helmbrokerlicensesit/hivemq-platforms/test-hivemq-platform/status. Message: Operation cannot be fulfilled on hivemq-platforms.hivemq.com "test-hivemq-platform": the object has been modified; please apply your changes to the latest version and try again. Received status: Status(apiVersion=v1, code=409, details=StatusDetails(causes=[], group=hivemq.com, kind=hivemq-platforms, name=test-hivemq-platform, retryAfterSeconds=null, uid=null, additionalProperties={}), kind=Status, message=Operation cannot be fulfilled on hivemq-platforms.hivemq.com "test-hivemq-platform": the object has been modified; please apply your changes to the latest version and try again, metadata=ListMeta(_continue=null, remainingItemCount=null, resourceVersion=null, selfLink=null, additionalProperties={}), reason=Conflict, status=Failure, additionalProperties={}).
2025-01-30 18:16:17,914 INFO c.h.h.t.HelmChartContainer - [hivemq-test-hivemq-platform] [hivemq-platform-operator] [442828c0] 	at io.fabric8.kubernetes.client.dsl.internal.OperationSupport.requestFailure(OperationSupport.java:660)
2025-01-30 18:16:17,914 INFO c.h.h.t.HelmChartContainer - [hivemq-test-hivemq-platform] [hivemq-platform-operator] [442828c0] 	at io.fabric8.kubernetes.client.dsl.internal.OperationSupport.requestFailure(OperationSupport.java:640)
2025-01-30 18:16:17,914 INFO c.h.h.t.HelmChartContainer - [hivemq-test-hivemq-platform] [hivemq-platform-operator] [442828c0] 	at io.fabric8.kubernetes.client.dsl.internal.OperationSupport.assertResponseCode(OperationSupport.java:589)
2025-01-30 18:16:17,914 INFO c.h.h.t.HelmChartContainer - [hivemq-test-hivemq-platform] [hivemq-platform-operator] [442828c0] 	at io.fabric8.kubernetes.client.dsl.internal.OperationSupport.lambda$handleResponse$0(OperationSupport.java:549)
2025-01-30 18:16:17,914 INFO c.h.h.t.HelmChartContainer - [hivemq-test-hivemq-platform] [hivemq-platform-operator] [442828c0] 	at java.base/java.util.concurrent.CompletableFuture$UniApply.tryFire(Unknown Source)
2025-01-30 18:16:17,914 INFO c.h.h.t.HelmChartContainer - [hivemq-test-hivemq-platform] [hivemq-platform-operator] [442828c0] 	at java.base/java.util.concurrent.CompletableFuture.postComplete(Unknown Source)
2025-01-30 18:16:17,914 INFO c.h.h.t.HelmChartContainer - [hivemq-test-hivemq-platform] [hivemq-platform-operator] [442828c0] 	at java.base/java.util.concurrent.CompletableFuture.complete(Unknown Source)
2025-01-30 18:16:17,914 INFO c.h.h.t.HelmChartContainer - [hivemq-test-hivemq-platform] [hivemq-platform-operator] [442828c0] 	at io.fabric8.kubernetes.client.http.StandardHttpClient.lambda$completeOrCancel$10(StandardHttpClient.java:141)
2025-01-30 18:16:17,914 INFO c.h.h.t.HelmChartContainer - [hivemq-test-hivemq-platform] [hivemq-platform-operator] [442828c0] 	at java.base/java.util.concurrent.CompletableFuture.uniWhenComplete(Unknown Source)
2025-01-30 18:16:17,914 INFO c.h.h.t.HelmChartContainer - [hivemq-test-hivemq-platform] [hivemq-platform-operator] [442828c0] 	at java.base/java.util.concurrent.CompletableFuture$UniWhenComplete.tryFire(Unknown Source)
2025-01-30 18:16:17,915 INFO c.h.h.t.HelmChartContainer - [hivemq-test-hivemq-platform] [hivemq-platform-operator] [442828c0] 	at java.base/java.util.concurrent.CompletableFuture.postComplete(Unknown Source)
2025-01-30 18:16:17,915 INFO c.h.h.t.HelmChartContainer - [hivemq-test-hivemq-platform] [hivemq-platform-operator] [442828c0] 	at java.base/java.util.concurrent.CompletableFuture.complete(Unknown Source)
2025-01-30 18:16:17,915 INFO c.h.h.t.HelmChartContainer - [hivemq-test-hivemq-platform] [hivemq-platform-operator] [442828c0] 	at io.fabric8.kubernetes.client.http.ByteArrayBodyHandler.onBodyDone(ByteArrayBodyHandler.java:51)
2025-01-30 18:16:17,915 INFO c.h.h.t.HelmChartContainer - [hivemq-test-hivemq-platform] [hivemq-platform-operator] [442828c0] 	at java.base/java.util.concurrent.CompletableFuture.uniWhenComplete(Unknown Source)
2025-01-30 18:16:17,915 INFO c.h.h.t.HelmChartContainer - [hivemq-test-hivemq-platform] [hivemq-platform-operator] [442828c0] 	at java.base/java.util.concurrent.CompletableFuture$UniWhenComplete.tryFire(Unknown Source)
2025-01-30 18:16:17,915 INFO c.h.h.t.HelmChartContainer - [hivemq-test-hivemq-platform] [hivemq-platform-operator] [442828c0] 	at java.base/java.util.concurrent.CompletableFuture.postComplete(Unknown Source)
2025-01-30 18:16:17,915 INFO c.h.h.t.HelmChartContainer - [hivemq-test-hivemq-platform] [hivemq-platform-operator] [442828c0] 	at java.base/java.util.concurrent.CompletableFuture.complete(Unknown Source)
2025-01-30 18:16:17,915 INFO c.h.h.t.HelmChartContainer - [hivemq-test-hivemq-platform] [hivemq-platform-operator] [442828c0] 	at io.fabric8.kubernetes.client.vertx.VertxHttpRequest.lambda$null$1(VertxHttpRequest.java:121)
2025-01-30 18:16:17,915 INFO c.h.h.t.HelmChartContainer - [hivemq-test-hivemq-platform] [hivemq-platform-operator] [442828c0] 	at io.vertx.core.impl.ContextInternal.dispatch(ContextInternal.java:279)
2025-01-30 18:16:17,915 INFO c.h.h.t.HelmChartContainer - [hivemq-test-hivemq-platform] [hivemq-platform-operator] [442828c0] 	at io.vertx.core.impl.ContextInternal.dispatch(ContextInternal.java:261)
2025-01-30 18:16:17,915 INFO c.h.h.t.HelmChartContainer - [hivemq-test-hivemq-platform] [hivemq-platform-operator] [442828c0] 	at io.vertx.core.http.impl.HttpEventHandler.handleEnd(HttpEventHandler.java:76)
2025-01-30 18:16:17,915 INFO c.h.h.t.HelmChartContainer - [hivemq-test-hivemq-platform] [hivemq-platform-operator] [442828c0] 	at io.vertx.core.http.impl.HttpClientResponseImpl.handleEnd(HttpClientResponseImpl.java:250)
2025-01-30 18:16:17,915 INFO c.h.h.t.HelmChartContainer - [hivemq-test-hivemq-platform] [hivemq-platform-operator] [442828c0] 	at io.vertx.core.http.impl.Http1xClientConnection$StreamImpl.lambda$new$0(Http1xClientConnection.java:421)
2025-01-30 18:16:17,915 INFO c.h.h.t.HelmChartContainer - [hivemq-test-hivemq-platform] [hivemq-platform-operator] [442828c0] 	at io.vertx.core.streams.impl.InboundBuffer.handleEvent(InboundBuffer.java:279)
2025-01-30 18:16:17,915 INFO c.h.h.t.HelmChartContainer - [hivemq-test-hivemq-platform] [hivemq-platform-operator] [442828c0] 	at io.vertx.core.streams.impl.InboundBuffer.write(InboundBuffer.java:157)
2025-01-30 18:16:17,915 INFO c.h.h.t.HelmChartContainer - [hivemq-test-hivemq-platform] [hivemq-platform-operator] [442828c0] 	at io.vertx.core.http.impl.Http1xClientConnection$StreamImpl.handleEnd(Http1xClientConnection.java:709)
2025-01-30 18:16:17,915 INFO c.h.h.t.HelmChartContainer - [hivemq-test-hivemq-platform] [hivemq-platform-operator] [442828c0] 	at io.vertx.core.impl.ContextImpl.execute(ContextImpl.java:313)
2025-01-30 18:16:17,915 INFO c.h.h.t.HelmChartContainer - [hivemq-test-hivemq-platform] [hivemq-platform-operator] [442828c0] 	at io.vertx.core.impl.ContextImpl.execute(ContextImpl.java:293)
2025-01-30 18:16:17,915 INFO c.h.h.t.HelmChartContainer - [hivemq-test-hivemq-platform] [hivemq-platform-operator] [442828c0] 	at io.vertx.core.http.impl.Http1xClientConnection.handleResponseEnd(Http1xClientConnection.java:940)
2025-01-30 18:16:17,915 INFO c.h.h.t.HelmChartContainer - [hivemq-test-hivemq-platform] [hivemq-platform-operator] [442828c0] 	at io.vertx.core.http.impl.Http1xClientConnection.handleHttpMessage(Http1xClientConnection.java:810)
2025-01-30 18:16:17,915 INFO c.h.h.t.HelmChartContainer - [hivemq-test-hivemq-platform] [hivemq-platform-operator] [442828c0] 	at io.vertx.core.http.impl.Http1xClientConnection.handleMessage(Http1xClientConnection.java:774)
2025-01-30 18:16:17,915 INFO c.h.h.t.HelmChartContainer - [hivemq-test-hivemq-platform] [hivemq-platform-operator] [442828c0] 	at io.vertx.core.net.impl.ConnectionBase.read(ConnectionBase.java:159)
2025-01-30 18:16:17,915 INFO c.h.h.t.HelmChartContainer - [hivemq-test-hivemq-platform] [hivemq-platform-operator] [442828c0] 	at io.vertx.core.net.impl.VertxHandler.channelRead(VertxHandler.java:153)
2025-01-30 18:16:17,915 INFO c.h.h.t.HelmChartContainer - [hivemq-test-hivemq-platform] [hivemq-platform-operator] [442828c0] 	at io.netty.channel.AbstractChannelHandlerContext.invokeChannelRead(AbstractChannelHandlerContext.java:442)
2025-01-30 18:16:17,915 INFO c.h.h.t.HelmChartContainer - [hivemq-test-hivemq-platform] [hivemq-platform-operator] [442828c0] 	at io.netty.channel.AbstractChannelHandlerContext.invokeChannelRead(AbstractChannelHandlerContext.java:420)
2025-01-30 18:16:17,915 INFO c.h.h.t.HelmChartContainer - [hivemq-test-hivemq-platform] [hivemq-platform-operator] [442828c0] 	at io.netty.channel.AbstractChannelHandlerContext.fireChannelRead(AbstractChannelHandlerContext.java:412)
2025-01-30 18:16:17,915 INFO c.h.h.t.HelmChartContainer - [hivemq-test-hivemq-platform] [hivemq-platform-operator] [442828c0] 	at io.netty.channel.CombinedChannelDuplexHandler$DelegatingChannelHandlerContext.fireChannelRead(CombinedChannelDuplexHandler.java:436)
2025-01-30 18:16:17,915 INFO c.h.h.t.HelmChartContainer - [hivemq-test-hivemq-platform] [hivemq-platform-operator] [442828c0] 	at io.netty.handler.codec.ByteToMessageDecoder.fireChannelRead(ByteToMessageDecoder.java:346)
2025-01-30 18:16:17,915 INFO c.h.h.t.HelmChartContainer - [hivemq-test-hivemq-platform] [hivemq-platform-operator] [442828c0] 	at io.netty.handler.codec.ByteToMessageDecoder.channelRead(ByteToMessageDecoder.java:318)
2025-01-30 18:16:17,915 INFO c.h.h.t.HelmChartContainer - [hivemq-test-hivemq-platform] [hivemq-platform-operator] [442828c0] 	at io.netty.channel.CombinedChannelDuplexHandler.channelRead(CombinedChannelDuplexHandler.java:251)
2025-01-30 18:16:17,915 INFO c.h.h.t.HelmChartContainer - [hivemq-test-hivemq-platform] [hivemq-platform-operator] [442828c0] 	at io.netty.channel.AbstractChannelHandlerContext.invokeChannelRead(AbstractChannelHandlerContext.java:442)
2025-01-30 18:16:17,915 INFO c.h.h.t.HelmChartContainer - [hivemq-test-hivemq-platform] [hivemq-platform-operator] [442828c0] 	at io.netty.channel.AbstractChannelHandlerContext.invokeChannelRead(AbstractChannelHandlerContext.java:420)
2025-01-30 18:16:17,915 INFO c.h.h.t.HelmChartContainer - [hivemq-test-hivemq-platform] [hivemq-platform-operator] [442828c0] 	at io.netty.channel.AbstractChannelHandlerContext.fireChannelRead(AbstractChannelHandlerContext.java:412)
2025-01-30 18:16:17,915 INFO c.h.h.t.HelmChartContainer - [hivemq-test-hivemq-platform] [hivemq-platform-operator] [442828c0] 	at io.netty.handler.ssl.SslHandler.unwrap(SslHandler.java:1475)
2025-01-30 18:16:17,915 INFO c.h.h.t.HelmChartContainer - [hivemq-test-hivemq-platform] [hivemq-platform-operator] [442828c0] 	at io.netty.handler.ssl.SslHandler.decodeJdkCompatible(SslHandler.java:1338)
2025-01-30 18:16:17,915 INFO c.h.h.t.HelmChartContainer - [hivemq-test-hivemq-platform] [hivemq-platform-operator] [442828c0] 	at io.netty.handler.ssl.SslHandler.decode(SslHandler.java:1387)
2025-01-30 18:16:17,915 INFO c.h.h.t.HelmChartContainer - [hivemq-test-hivemq-platform] [hivemq-platform-operator] [442828c0] 	at io.netty.handler.codec.ByteToMessageDecoder.decodeRemovalReentryProtection(ByteToMessageDecoder.java:530)
2025-01-30 18:16:17,915 INFO c.h.h.t.HelmChartContainer - [hivemq-test-hivemq-platform] [hivemq-platform-operator] [442828c0] 	at io.netty.handler.codec.ByteToMessageDecoder.callDecode(ByteToMessageDecoder.java:469)
2025-01-30 18:16:17,915 INFO c.h.h.t.HelmChartContainer - [hivemq-test-hivemq-platform] [hivemq-platform-operator] [442828c0] 	at io.netty.handler.codec.ByteToMessageDecoder.channelRead(ByteToMessageDecoder.java:290)
2025-01-30 18:16:17,915 INFO c.h.h.t.HelmChartContainer - [hivemq-test-hivemq-platform] [hivemq-platform-operator] [442828c0] 	at io.netty.channel.AbstractChannelHandlerContext.invokeChannelRead(AbstractChannelHandlerContext.java:444)
2025-01-30 18:16:17,915 INFO c.h.h.t.HelmChartContainer - [hivemq-test-hivemq-platform] [hivemq-platform-operator] [442828c0] 	at io.netty.channel.AbstractChannelHandlerContext.invokeChannelRead(AbstractChannelHandlerContext.java:420)
2025-01-30 18:16:17,915 INFO c.h.h.t.HelmChartContainer - [hivemq-test-hivemq-platform] [hivemq-platform-operator] [442828c0] 	at io.netty.channel.AbstractChannelHandlerContext.fireChannelRead(AbstractChannelHandlerContext.java:412)
2025-01-30 18:16:17,915 INFO c.h.h.t.HelmChartContainer - [hivemq-test-hivemq-platform] [hivemq-platform-operator] [442828c0] 	at io.netty.channel.DefaultChannelPipeline$HeadContext.channelRead(DefaultChannelPipeline.java:1407)
2025-01-30 18:16:17,915 INFO c.h.h.t.HelmChartContainer - [hivemq-test-hivemq-platform] [hivemq-platform-operator] [442828c0] 	at io.netty.channel.AbstractChannelHandlerContext.invokeChannelRead(AbstractChannelHandlerContext.java:440)
2025-01-30 18:16:17,915 INFO c.h.h.t.HelmChartContainer - [hivemq-test-hivemq-platform] [hivemq-platform-operator] [442828c0] 	at io.netty.channel.AbstractChannelHandlerContext.invokeChannelRead(AbstractChannelHandlerContext.java:420)
2025-01-30 18:16:17,916 INFO c.h.h.t.HelmChartContainer - [hivemq-test-hivemq-platform] [hivemq-platform-operator] [442828c0] 	at io.netty.channel.DefaultChannelPipeline.fireChannelRead(DefaultChannelPipeline.java:918)
2025-01-30 18:16:17,916 INFO c.h.h.t.HelmChartContainer - [hivemq-test-hivemq-platform] [hivemq-platform-operator] [442828c0] 	at io.netty.channel.nio.AbstractNioByteChannel$NioByteUnsafe.read(AbstractNioByteChannel.java:166)
2025-01-30 18:16:17,916 INFO c.h.h.t.HelmChartContainer - [hivemq-test-hivemq-platform] [hivemq-platform-operator] [442828c0] 	at io.netty.channel.nio.NioEventLoop.processSelectedKey(NioEventLoop.java:788)
2025-01-30 18:16:17,916 INFO c.h.h.t.HelmChartContainer - [hivemq-test-hivemq-platform] [hivemq-platform-operator] [442828c0] 	at io.netty.channel.nio.NioEventLoop.processSelectedKeysOptimized(NioEventLoop.java:724)
2025-01-30 18:16:17,916 INFO c.h.h.t.HelmChartContainer - [hivemq-test-hivemq-platform] [hivemq-platform-operator] [442828c0] 	at io.netty.channel.nio.NioEventLoop.processSelectedKeys(NioEventLoop.java:650)
2025-01-30 18:16:17,916 INFO c.h.h.t.HelmChartContainer - [hivemq-test-hivemq-platform] [hivemq-platform-operator] [442828c0] 	at io.netty.channel.nio.NioEventLoop.run(NioEventLoop.java:562)
2025-01-30 18:16:17,916 INFO c.h.h.t.HelmChartContainer - [hivemq-test-hivemq-platform] [hivemq-platform-operator] [442828c0] 	at io.netty.util.concurrent.SingleThreadEventExecutor$4.run(SingleThreadEventExecutor.java:997)
2025-01-30 18:16:17,916 INFO c.h.h.t.HelmChartContainer - [hivemq-test-hivemq-platform] [hivemq-platform-operator] [442828c0] 	at io.netty.util.internal.ThreadExecutorMap$2.run(ThreadExecutorMap.java:74)
2025-01-30 18:16:17,916 INFO c.h.h.t.HelmChartContainer - [hivemq-test-hivemq-platform] [hivemq-platform-operator] [442828c0] 	at io.netty.util.concurrent.FastThreadLocalRunnable.run(FastThreadLocalRunnable.java:30)
2025-01-30 18:16:17,916 INFO c.h.h.t.HelmChartContainer - [hivemq-test-hivemq-platform] [hivemq-platform-operator] [442828c0] 	... 1 common frames omitted
2025-01-30 18:16:17,989 INFO c.h.h.t.HelmChartContainer - [hivemq-test-hivemq-platform] [hivemq-platform-operator] [442828c0] 18:16:17.988 [ReconcilerExecutor-hivemq-controller-122] INFO  c.h.p.o.HiveMQPlatformReconciler - [helmbrok] Cleanup test-hivemq-platform - helmbrokerlicensesit HiveMQ Platform is shut down
2025-01-30 18:16:18,400 INFO c.h.h.t.HelmChartContainer - [EVENT] Normal [Killing] Stopping container hivemq [helmbrokerlicensesit:test-hivemq-platform-0]
2025-01-30 18:16:18,400 INFO c.h.h.t.HelmChartContainer - Received Killing event for container hivemq in pod test-hivemq-platform-0 [2a281e1a-bb0c-4fe2-a66b-bfd976fa8ded]
2025-01-30 18:16:18,400 INFO c.h.h.t.HelmChartContainer - Container [test-hivemq-platform-0] [hivemq] [2a281e1a-bb0c-4fe2-a66b-bfd976fa8ded] was terminated
2025-01-30 18:16:18,400 INFO c.h.h.t.HelmChartContainer - Stopped log watcher for hivemq in pod test-hivemq-platform-0 [2a281e1a-bb0c-4fe2-a66b-bfd976fa8ded]
2025-01-30 18:16:18,401 INFO c.h.h.t.HelmChartContainer - [POD] test-hivemq-platform-0 [2a281e1a-bb0c-4fe2-a66b-bfd976fa8ded] in helmbrokerlicensesit was MODIFIED
2025-01-30 18:16:18,416 INFO c.h.h.t.HelmChartContainer - [test-hivemq-platform] [hivemq] [2a281e1a] INFO  - [HiveMQ Platform Operator Init App 1.7.0-SNAPSHOT] Shutting down
2025-01-30 18:16:18,416 INFO c.h.h.t.HelmChartContainer - [test-hivemq-platform] [hivemq] [2a281e1a] INFO  - [HiveMQ Platform Operator Init App 1.7.0-SNAPSHOT] Stopping the HiveMQ Platform
2025-01-30 18:16:18,501 INFO c.h.h.t.HelmChartContainer - [test-hivemq-platform] [hivemq] [2a281e1a] INFO  - Shutting down HiveMQ. Please wait, this could take a while...
2025-01-30 18:16:18,587 INFO c.h.h.t.HelmChartContainer - [test-hivemq-platform] [hivemq] [2a281e1a] INFO  - Shutting down listeners and clients
2025-01-30 18:16:18,587 INFO c.h.h.t.HelmChartContainer - [test-hivemq-platform] [hivemq] [2a281e1a] INFO  - Shutdown of listeners is done
2025-01-30 18:16:18,587 INFO c.h.h.t.HelmChartContainer - [test-hivemq-platform] [hivemq] [2a281e1a] INFO  - No clients are connected, proceeding with shutdown
2025-01-30 18:16:18,591 INFO c.h.h.t.HelmChartContainer - [K3S] [authentication.go:74] "Unable to authenticate the request" err="[invalid bearer token, serviceaccounts \"hivemq-platform-pod-test-hivemq-platform\" not found]"
2025-01-30 18:16:18,686 INFO c.h.h.t.HelmChartContainer - [K3S] [authentication.go:74] "Unable to authenticate the request" err="[invalid bearer token, serviceaccounts \"hivemq-platform-pod-test-hivemq-platform\" not found]"
2025-01-30 18:16:18,700 INFO c.h.h.t.HelmChartContainer - [test-hivemq-platform] [hivemq] [2a281e1a] WARN  - [HiveMQ Platform Operator Init App 1.7.0-SNAPSHOT] Could not update Pod annotations: Failure executing: GET at: https://10.43.0.1:443/api/v1/namespaces/helmbrokerlicensesit/pods/test-hivemq-platform-0. Message: Unauthorized. Received status: Status(apiVersion=v1, code=401, details=null, kind=Status, message=Unauthorized, metadata=ListMeta(_continue=null, remainingItemCount=null, resourceVersion=null, selfLink=null, additionalProperties={}), reason=Unauthorized, status=Failure, additionalProperties={}).
2025-01-30 18:16:19,665 INFO c.h.h.t.HelmChartContainer - Deleting namespace 'helmbrokerlicensesit'...
2025-01-30 18:16:20,692 INFO c.h.h.t.HelmChartContainer - [test-hivemq-platform] [hivemq] [2a281e1a] INFO  - Shutting down extension system
2025-01-30 18:16:20,697 INFO c.h.h.t.HelmChartContainer - [test-hivemq-platform] [hivemq] [2a281e1a] INFO  - Stopping extension with id hivemq-dns-cluster-discovery
2025-01-30 18:16:20,698 INFO c.h.h.t.HelmChartContainer - [test-hivemq-platform] [hivemq] [2a281e1a] INFO  - Extension "DNS Cluster Discovery Extension" version 4.3.2 stopped successfully.
2025-01-30 18:16:20,699 INFO c.h.h.t.HelmChartContainer - [test-hivemq-platform] [hivemq] [2a281e1a] INFO  - Stopping extension with id hivemq-prometheus-extension
2025-01-30 18:16:20,702 INFO c.h.h.t.HelmChartContainer - [test-hivemq-platform] [hivemq] [2a281e1a] INFO  - Extension "Prometheus Monitoring Extension" version 4.0.12 stopped successfully.
2025-01-30 18:16:20,703 INFO c.h.h.t.HelmChartContainer - [test-hivemq-platform] [hivemq] [2a281e1a] INFO  - Stopping extension with id hivemq-allow-all-extension
2025-01-30 18:16:20,703 INFO c.h.h.t.HelmChartContainer - [test-hivemq-platform] [hivemq] [2a281e1a] INFO  - Extension "Allow All Extension" version 1.1.1 stopped successfully.
2025-01-30 18:16:23,055 INFO c.h.h.t.HelmChartContainer - [test-hivemq-platform] [hivemq] [2a281e1a] INFO  - Shutdown completed.
2025-01-30 18:16:23,198 INFO c.h.h.t.HelmChartContainer - [test-hivemq-platform] [hivemq] [2a281e1a] INFO  - [HiveMQ Platform Operator Init App 1.7.0-SNAPSHOT] Returning shutdown Health API response 503 for readiness
2025-01-30 18:16:23,202 INFO c.h.h.t.HelmChartContainer - [EVENT] Warning [Unhealthy] Readiness probe failed: HTTP probe failed with statuscode: 503 [helmbrokerlicensesit:test-hivemq-platform-0]
2025-01-30 18:16:23,202 INFO c.h.h.t.HelmChartContainer - Received Unhealthy event for container hivemq in pod test-hivemq-platform-0 [2a281e1a-bb0c-4fe2-a66b-bfd976fa8ded]
2025-01-30 18:16:23,404 INFO c.h.h.t.HelmChartContainer - [test-hivemq-platform] [hivemq] [2a281e1a] INFO  - [HiveMQ Platform Operator Init App 1.7.0-SNAPSHOT] The HiveMQ Platform exited with code 143
2025-01-30 18:16:23,404 INFO c.h.h.t.HelmChartContainer - [test-hivemq-platform] [hivemq] [2a281e1a] INFO  - [HiveMQ Platform Operator Init App 1.7.0-SNAPSHOT] Stopping the REST API
2025-01-30 18:16:23,411 INFO c.h.h.t.HelmChartContainer - [test-hivemq-platform] [hivemq] [2a281e1a] INFO  - [HiveMQ Platform Operator Init App 1.7.0-SNAPSHOT] Shutdown complete
2025-01-30 18:16:23,860 INFO c.h.h.t.HelmChartContainer - [K3S] [stateful_set.go:438] "Unhandled Error" err="error syncing StatefulSet helmbrokerlicensesit/test-hivemq-platform, requeuing: controllerrevisions.apps \"test-hivemq-platform-6994fc54f5\" is forbidden: unable to create new content in namespace helmbrokerlicensesit because it is being terminated"
2025-01-30 18:16:23,861 INFO c.h.h.t.HelmChartContainer - [POD] test-hivemq-platform-0 [2a281e1a-bb0c-4fe2-a66b-bfd976fa8ded] in helmbrokerlicensesit was MODIFIED
2025-01-30 18:16:23,867 INFO c.h.h.t.HelmChartContainer - [K3S] [stateful_set.go:438] "Unhandled Error" err="error syncing StatefulSet helmbrokerlicensesit/test-hivemq-platform, requeuing: controllerrevisions.apps \"test-hivemq-platform-6994fc54f5\" is forbidden: unable to create new content in namespace helmbrokerlicensesit because it is being terminated"
2025-01-30 18:16:23,880 INFO c.h.h.t.HelmChartContainer - [K3S] [stateful_set.go:438] "Unhandled Error" err="error syncing StatefulSet helmbrokerlicensesit/test-hivemq-platform, requeuing: controllerrevisions.apps \"test-hivemq-platform-6994fc54f5\" is forbidden: unable to create new content in namespace helmbrokerlicensesit because it is being terminated"
2025-01-30 18:16:23,904 INFO c.h.h.t.HelmChartContainer - [K3S] [stateful_set.go:438] "Unhandled Error" err="error syncing StatefulSet helmbrokerlicensesit/test-hivemq-platform, requeuing: controllerrevisions.apps \"test-hivemq-platform-6994fc54f5\" is forbidden: unable to create new content in namespace helmbrokerlicensesit because it is being terminated"
2025-01-30 18:16:23,946 INFO c.h.h.t.HelmChartContainer - [K3S] [stateful_set.go:438] "Unhandled Error" err="error syncing StatefulSet helmbrokerlicensesit/test-hivemq-platform, requeuing: controllerrevisions.apps \"test-hivemq-platform-6994fc54f5\" is forbidden: unable to create new content in namespace helmbrokerlicensesit because it is being terminated"
2025-01-30 18:16:23,985 INFO c.h.h.t.HelmChartContainer - [K3S] [reconciler_common.go:162] "operationExecutor.UnmountVolume started for volume \"licenses\" (UniqueName: \"kubernetes.io/secret/2a281e1a-bb0c-4fe2-a66b-bfd976fa8ded-licenses\") pod \"2a281e1a-bb0c-4fe2-a66b-bfd976fa8ded\" (UID: \"2a281e1a-bb0c-4fe2-a66b-bfd976fa8ded\") "
2025-01-30 18:16:23,986 INFO c.h.h.t.HelmChartContainer - [K3S] [reconciler_common.go:162] "operationExecutor.UnmountVolume started for volume \"broker-configuration\" (UniqueName: \"kubernetes.io/configmap/2a281e1a-bb0c-4fe2-a66b-bfd976fa8ded-broker-configuration\") pod \"2a281e1a-bb0c-4fe2-a66b-bfd976fa8ded\" (UID: \"2a281e1a-bb0c-4fe2-a66b-bfd976fa8ded\") "
2025-01-30 18:16:23,986 INFO c.h.h.t.HelmChartContainer - [K3S] [reconciler_common.go:162] "operationExecutor.UnmountVolume started for volume \"pod-info\" (UniqueName: \"kubernetes.io/configmap/2a281e1a-bb0c-4fe2-a66b-bfd976fa8ded-pod-info\") pod \"2a281e1a-bb0c-4fe2-a66b-bfd976fa8ded\" (UID: \"2a281e1a-bb0c-4fe2-a66b-bfd976fa8ded\") "
2025-01-30 18:16:23,986 INFO c.h.h.t.HelmChartContainer - [K3S] [reconciler_common.go:162] "operationExecutor.UnmountVolume started for volume \"kube-api-access-4g97h\" (UniqueName: \"kubernetes.io/projected/2a281e1a-bb0c-4fe2-a66b-bfd976fa8ded-kube-api-access-4g97h\") pod \"2a281e1a-bb0c-4fe2-a66b-bfd976fa8ded\" (UID: \"2a281e1a-bb0c-4fe2-a66b-bfd976fa8ded\") "
2025-01-30 18:16:23,986 INFO c.h.h.t.HelmChartContainer - [K3S] [reconciler_common.go:162] "operationExecutor.UnmountVolume started for volume \"operator-init\" (UniqueName: \"kubernetes.io/empty-dir/2a281e1a-bb0c-4fe2-a66b-bfd976fa8ded-operator-init\") pod \"2a281e1a-bb0c-4fe2-a66b-bfd976fa8ded\" (UID: \"2a281e1a-bb0c-4fe2-a66b-bfd976fa8ded\") "
2025-01-30 18:16:24,030 INFO c.h.h.t.HelmChartContainer - [K3S] [stateful_set.go:438] "Unhandled Error" err="error syncing StatefulSet helmbrokerlicensesit/test-hivemq-platform, requeuing: controllerrevisions.apps \"test-hivemq-platform-6994fc54f5\" is forbidden: unable to create new content in namespace helmbrokerlicensesit because it is being terminated"
2025-01-30 18:16:24,087 INFO c.h.h.t.HelmChartContainer - [K3S] [reconciler_common.go:299] "Volume detached for volume \"pod-info\" (UniqueName: \"kubernetes.io/configmap/2a281e1a-bb0c-4fe2-a66b-bfd976fa8ded-pod-info\") on node \"b22a4545b13d\" DevicePath \"\""
2025-01-30 18:16:24,087 INFO c.h.h.t.HelmChartContainer - [K3S] [reconciler_common.go:299] "Volume detached for volume \"kube-api-access-4g97h\" (UniqueName: \"kubernetes.io/projected/2a281e1a-bb0c-4fe2-a66b-bfd976fa8ded-kube-api-access-4g97h\") on node \"b22a4545b13d\" DevicePath \"\""
2025-01-30 18:16:24,087 INFO c.h.h.t.HelmChartContainer - [K3S] [reconciler_common.go:299] "Volume detached for volume \"operator-init\" (UniqueName: \"kubernetes.io/empty-dir/2a281e1a-bb0c-4fe2-a66b-bfd976fa8ded-operator-init\") on node \"b22a4545b13d\" DevicePath \"\""
2025-01-30 18:16:24,087 INFO c.h.h.t.HelmChartContainer - [K3S] [reconciler_common.go:299] "Volume detached for volume \"licenses\" (UniqueName: \"kubernetes.io/secret/2a281e1a-bb0c-4fe2-a66b-bfd976fa8ded-licenses\") on node \"b22a4545b13d\" DevicePath \"\""
2025-01-30 18:16:24,087 INFO c.h.h.t.HelmChartContainer - [K3S] [reconciler_common.go:299] "Volume detached for volume \"broker-configuration\" (UniqueName: \"kubernetes.io/configmap/2a281e1a-bb0c-4fe2-a66b-bfd976fa8ded-broker-configuration\") on node \"b22a4545b13d\" DevicePath \"\""
2025-01-30 18:16:24,193 INFO c.h.h.t.HelmChartContainer - [K3S] [stateful_set.go:438] "Unhandled Error" err="error syncing StatefulSet helmbrokerlicensesit/test-hivemq-platform, requeuing: controllerrevisions.apps \"test-hivemq-platform-6994fc54f5\" is forbidden: unable to create new content in namespace helmbrokerlicensesit because it is being terminated"
2025-01-30 18:16:24,516 INFO c.h.h.t.HelmChartContainer - [K3S] [stateful_set.go:438] "Unhandled Error" err="error syncing StatefulSet helmbrokerlicensesit/test-hivemq-platform, requeuing: controllerrevisions.apps \"test-hivemq-platform-6994fc54f5\" is forbidden: unable to create new content in namespace helmbrokerlicensesit because it is being terminated"
2025-01-30 18:16:24,591 INFO c.h.h.t.HelmChartContainer - [K3S] [scope.go:117] "RemoveContainer" containerID="1dc8720b7109eeb2b2c054e25663bd62d9e9a9c2a62df6f0131b12d4d4c3f052"
2025-01-30 18:16:24,606 INFO c.h.h.t.HelmChartContainer - [K3S] [stateful_set.go:438] "Unhandled Error" err="error syncing StatefulSet helmbrokerlicensesit/test-hivemq-platform, requeuing: controllerrevisions.apps \"test-hivemq-platform-6994fc54f5\" is forbidden: unable to create new content in namespace helmbrokerlicensesit because it is being terminated"
2025-01-30 18:16:24,606 INFO c.h.h.t.HelmChartContainer - [POD] test-hivemq-platform-0 [2a281e1a-bb0c-4fe2-a66b-bfd976fa8ded] in helmbrokerlicensesit was MODIFIED
2025-01-30 18:16:24,609 INFO c.h.h.t.HelmChartContainer - [K3S] [stateful_set.go:438] "Unhandled Error" err="error syncing StatefulSet helmbrokerlicensesit/test-hivemq-platform, requeuing: controllerrevisions.apps \"test-hivemq-platform-6994fc54f5\" is forbidden: unable to create new content in namespace helmbrokerlicensesit because it is being terminated"
2025-01-30 18:16:24,612 INFO c.h.h.t.HelmChartContainer - [POD] test-hivemq-platform-0 [2a281e1a-bb0c-4fe2-a66b-bfd976fa8ded] in helmbrokerlicensesit was DELETED
2025-01-30 18:16:24,619 INFO c.h.h.t.HelmChartContainer - [K3S] [stateful_set.go:466] "StatefulSet has been deleted" key="helmbrokerlicensesit/test-hivemq-platform"
2025-01-30 18:16:24,705 INFO c.h.h.t.HelmChartContainer - [K3S] [scope.go:117] "RemoveContainer" containerID="286c0854591ddf24022d004c4e68a19ffcc89638aa49816d88f7e356e0f671a6"
2025-01-30 18:16:24,708 INFO c.h.h.t.HelmChartContainer - [K3S] [scope.go:117] "RemoveContainer" containerID="1dc8720b7109eeb2b2c054e25663bd62d9e9a9c2a62df6f0131b12d4d4c3f052"
2025-01-30 18:16:24,709 INFO c.h.h.t.HelmChartContainer - [K3S] [scope.go:117] "RemoveContainer" containerID="286c0854591ddf24022d004c4e68a19ffcc89638aa49816d88f7e356e0f671a6"
2025-01-30 18:16:24,888 INFO c.h.h.t.HelmChartContainer - Namespace 'helmbrokerlicensesit' deleted
2025-01-30 18:16:24,888 INFO c.h.h.t.HelmChartContainer - Release 'test-hivemq-platform' in namespace 'helmbrokerlicensesit' is uninstalled
2025-01-30 18:16:24,888 INFO c.h.h.t.HelmChartContainer - Uninstalling release 'test-hivemq-platform-operator' in namespace 'helmbrokerlicensesit-operator'...
2025-01-30 18:16:24,888 DEBUG c.h.h.t.HelmChartContainer - Executing helm command: /bin/helm --kubeconfig /etc/rancher/k3s/k3s.yaml uninstall test-hivemq-platform-operator  --wait --timeout 5m0s --cascade foreground --namespace helmbrokerlicensesit-operator
2025-01-30 18:16:25,052 INFO c.h.h.t.HelmChartContainer - [K3S] [replica_set.go:679] "Finished syncing" kind="ReplicaSet" key="helmbrokerlicensesit-operator/hivemq-test-hivemq-platform-operator-6966f96d65" duration="14.839949ms"
2025-01-30 18:16:25,053 INFO c.h.h.t.HelmChartContainer - [K3S] [replica_set.go:679] "Finished syncing" kind="ReplicaSet" key="helmbrokerlicensesit-operator/hivemq-test-hivemq-platform-operator-6966f96d65" duration="38.01µs"
2025-01-30 18:16:25,072 INFO c.h.h.t.HelmChartContainer - [POD] hivemq-test-hivemq-platform-operator-6966f96d65-ddzsn [442828c0-c9a1-4901-9c4b-ebd6047db378] in helmbrokerlicensesit-operator was MODIFIED
2025-01-30 18:16:25,086 INFO c.h.h.t.HelmChartContainer - [EVENT] Normal [Killing] Stopping container hivemq-platform-operator [helmbrokerlicensesit-operator:hivemq-test-hivemq-platform-operator-6966f96d65-ddzsn]
2025-01-30 18:16:25,086 INFO c.h.h.t.HelmChartContainer - Received Killing event for container hivemq-platform-operator in pod hivemq-test-hivemq-platform-operator-6966f96d65-ddzsn [442828c0-c9a1-4901-9c4b-ebd6047db378]
2025-01-30 18:16:25,087 INFO c.h.h.t.HelmChartContainer - Container [hivemq-test-hivemq-platform-operator-6966f96d65-ddzsn] [hivemq-platform-operator] [442828c0-c9a1-4901-9c4b-ebd6047db378] was terminated
2025-01-30 18:16:25,087 INFO c.h.h.t.HelmChartContainer - Stopped log watcher for hivemq-platform-operator in pod hivemq-test-hivemq-platform-operator-6966f96d65-ddzsn [442828c0-c9a1-4901-9c4b-ebd6047db378]
2025-01-30 18:16:25,093 INFO c.h.h.t.HelmChartContainer - [hivemq-test-hivemq-platform] [hivemq-platform-operator] [442828c0] 18:16:25.091 [application-shutdown-thread] INFO  c.h.p.o.HiveMQPlatformOperatorApplication - HiveMQ Platform Operator is stopping...
2025-01-30 18:16:25,094 INFO c.h.h.t.HelmChartContainer - [hivemq-test-hivemq-platform] [hivemq-platform-operator] [442828c0] 18:16:25.091 [application-shutdown-thread] INFO  i.javaoperatorsdk.operator.Operator - Operator SDK 4.9.7 is shutting down...
2025-01-30 18:16:25,103 INFO c.h.h.t.HelmChartContainer - [K3S] [replica_set.go:679] "Finished syncing" kind="ReplicaSet" key="helmbrokerlicensesit-operator/hivemq-test-hivemq-platform-operator-6966f96d65" duration="28.987953ms"
2025-01-30 18:16:25,106 INFO c.h.h.t.HelmChartContainer - [K3S] [replica_set.go:679] "Finished syncing" kind="ReplicaSet" key="helmbrokerlicensesit-operator/hivemq-test-hivemq-platform-operator-6966f96d65" duration="56.205µs"
2025-01-30 18:16:25,158 INFO c.h.h.t.HelmChartContainer - [K3S] [stateful_set.go:466] "StatefulSet has been deleted" key="helmbrokerlicensesit/test-hivemq-platform"
2025-01-30 18:16:25,415 INFO c.h.h.t.HelmChartContainer - [K3S] [replica_set.go:679] "Finished syncing" kind="ReplicaSet" key="helmbrokerlicensesit-operator/hivemq-test-hivemq-platform-operator-6966f96d65" duration="43.522µs"
2025-01-30 18:16:25,416 INFO c.h.h.t.HelmChartContainer - [POD] hivemq-test-hivemq-platform-operator-6966f96d65-ddzsn [442828c0-c9a1-4901-9c4b-ebd6047db378] in helmbrokerlicensesit-operator was MODIFIED
2025-01-30 18:16:25,493 INFO c.h.h.t.HelmChartContainer - [K3S] [reconciler_common.go:162] "operationExecutor.UnmountVolume started for volume \"kube-api-access-ctlwn\" (UniqueName: \"kubernetes.io/projected/442828c0-c9a1-4901-9c4b-ebd6047db378-kube-api-access-ctlwn\") pod \"442828c0-c9a1-4901-9c4b-ebd6047db378\" (UID: \"442828c0-c9a1-4901-9c4b-ebd6047db378\") "
2025-01-30 18:16:25,594 INFO c.h.h.t.HelmChartContainer - [K3S] [reconciler_common.go:299] "Volume detached for volume \"kube-api-access-ctlwn\" (UniqueName: \"kubernetes.io/projected/442828c0-c9a1-4901-9c4b-ebd6047db378-kube-api-access-ctlwn\") on node \"b22a4545b13d\" DevicePath \"\""
2025-01-30 18:16:25,594 INFO c.h.h.t.HelmChartContainer - [K3S] [scope.go:117] "RemoveContainer" containerID="4f4c0a4cfe72bde548b3311e93f85ce0319eac6f3e8af25819aa5ab8592337bd"
2025-01-30 18:16:25,598 INFO c.h.h.t.HelmChartContainer - [K3S] [scope.go:117] "RemoveContainer" containerID="4f4c0a4cfe72bde548b3311e93f85ce0319eac6f3e8af25819aa5ab8592337bd"
2025-01-30 18:16:25,606 INFO c.h.h.t.HelmChartContainer - [K3S] [replica_set.go:679] "Finished syncing" kind="ReplicaSet" key="helmbrokerlicensesit-operator/hivemq-test-hivemq-platform-operator-6966f96d65" duration="40.496µs"
2025-01-30 18:16:25,606 INFO c.h.h.t.HelmChartContainer - [POD] hivemq-test-hivemq-platform-operator-6966f96d65-ddzsn [442828c0-c9a1-4901-9c4b-ebd6047db378] in helmbrokerlicensesit-operator was MODIFIED
2025-01-30 18:16:25,608 INFO c.h.h.t.HelmChartContainer - [K3S] [replica_set.go:679] "Finished syncing" kind="ReplicaSet" key="helmbrokerlicensesit-operator/hivemq-test-hivemq-platform-operator-6966f96d65" duration="29.545µs"
2025-01-30 18:16:25,608 INFO c.h.h.t.HelmChartContainer - [POD] hivemq-test-hivemq-platform-operator-6966f96d65-ddzsn [442828c0-c9a1-4901-9c4b-ebd6047db378] in helmbrokerlicensesit-operator was DELETED
2025-01-30 18:16:25,618 INFO c.h.h.t.HelmChartContainer - [K3S] [replica_set.go:679] "Finished syncing" kind="ReplicaSet" key="helmbrokerlicensesit-operator/hivemq-test-hivemq-platform-operator-6966f96d65" duration="7.213µs"
2025-01-30 18:16:26,266 INFO c.h.h.t.HelmChartContainer - [K3S] [kubelet_volumes.go:163] "Cleaned up orphaned pod volumes dir" podUID="2a281e1a-bb0c-4fe2-a66b-bfd976fa8ded" path="/var/lib/kubelet/pods/2a281e1a-bb0c-4fe2-a66b-bfd976fa8ded/volumes"
2025-01-30 18:16:26,266 INFO c.h.h.t.HelmChartContainer - [K3S] [kubelet_volumes.go:163] "Cleaned up orphaned pod volumes dir" podUID="442828c0-c9a1-4901-9c4b-ebd6047db378" path="/var/lib/kubelet/pods/442828c0-c9a1-4901-9c4b-ebd6047db378/volumes"
2025-01-30 18:16:27,084 INFO c.h.h.t.HelmChartContainer - Deleting namespace 'helmbrokerlicensesit-operator'...
2025-01-30 18:16:29,830 INFO c.h.h.t.HelmChartContainer - [K3S] [namespace_controller.go:187] "Namespace has been deleted" namespace="helmbrokerlicensesit"
2025-01-30 18:16:32,303 INFO c.h.h.t.HelmChartContainer - Namespace 'helmbrokerlicensesit-operator' deleted
2025-01-30 18:16:32,303 INFO c.h.h.t.HelmChartContainer - Release 'test-hivemq-platform-operator' in namespace 'helmbrokerlicensesit-operator' is uninstalled
2025-01-30 18:16:33,056 INFO c.h.helmcharts.AbstractHelmChartIT - Removed unused containers:

2025-01-30 18:16:37,204 INFO c.h.h.t.HelmChartContainer - [K3S] [namespace_controller.go:187] "Namespace has been deleted" namespace="helmbrokerlicensesit-operator"
2025-01-30 18:16:40,871 INFO c.h.helmcharts.AbstractHelmChartIT - Removed unused snapshots:
Removing snapshot sha256:03af251906410714c5aef9fa705b63f6bbc39c4a5e787de7361eeb18886c2ed2
Removing snapshot sha256:0c46b3b43cce082ce5ec34ffc6c294e0417d17b9d1e6f366d114b6aadc4f96dc
Removing snapshot sha256:0ce761beee59082d6ed5bcebd3a805b8ddd9b3426b617e4809e7fb7c6587ffec
Removing snapshot sha256:0df91287303208332c8ff6ba40ae4710105201739addbfbddfb955f1ad593664
Removing snapshot sha256:1021ef88c7974bfff89c5a0ec4fd3160daac6c48a075f74cff721f85dd104e68
Removing snapshot sha256:10aba4953ddc18145dd38e3704709bc464aa20af60b56fe52caaff4b68411e62
Removing snapshot sha256:2573e0d8158209ed54ab25c87bcdcb00bd3d2539246960a3d592a1c599d70465
Removing snapshot sha256:362a8a37f8bbc31925a8146adcf7cf51f9882f5c1dcbef67c5baa03a297543c0
Removing snapshot sha256:3fa4ad33f0ddc8fd45b39b6b4640f82a3a83619606cd975bfe89d8710ad2d4cd
Removing snapshot sha256:43a7c979bbaba6838bc3102d6b10a1459f3ab050b87ccdfef84ef90cf43d3058
Removing snapshot sha256:4ab04491cdf0d3267f08206fe30bd48f49f94b9cab2f016d6739220f722a64af
Removing snapshot sha256:4b6068250e89c96f263060261819c7d912855bfbd64b3eb4c4a8483299b8c295
Removing snapshot sha256:580e69a0a8034ede1921139bbd2bfb72a69ebf276d008281896c32dd8bf74775
Removing snapshot sha256:5d30ba46b27fe37484567ccc5242cadc78217b8da605f3f195ef25cbf7487904
Removing snapshot sha256:63ca1fbb43ae5034640e5e6cb3e083e05c290072c5366fcaa9d62435a4cced85
Removing snapshot sha256:67f702c6baae873bceb19487c8b1f27bd2b86077e4f2f0e480e6d60ab508b8f5
Removing snapshot sha256:6864348dd42806d552efdec384f1274be15e2d0c10ce44c1f04347af004c10a9
Removing snapshot sha256:6c3c1b293b2342929cba033e74096c053e1316334dfc219f6383af45cb3314b3
Removing snapshot sha256:6c7dee8f2c39b84b7dc2711c01d33de93514d9055499173e9290176fbe484b6c
Removing snapshot sha256:749a8a48990c6022da7b498506c088d40c1363312ae0a5b05fa0ef6be6cd4b00
Removing snapshot sha256:82753493a6d61ded36556292f02f31841a14c20d2f279f19eaad65afb661d5cd
Removing snapshot sha256:8a10d3db42c505ee0fcfa98417bdd7e39b304f6bcc0a06bb1b220797ff2cc63c
Removing snapshot sha256:a21e5b12dbac529ad45d976eb9ce45c881f3bedcc500fb30aba1e52aa1813418
Removing snapshot sha256:b921e6c28969094157f9b8e7244677780319637afd14450b7cb6b2fdea558a0c
Removing snapshot sha256:bc27ecb5769a00e309cf99ebc763c4a4b958b618d1decc96ffac5bc05f02f5b7
Removing snapshot sha256:be3ccb6627a5332e309d45ef461d09b4879dd870c7394d89323d0ebc6ca6aa8a
Removing snapshot sha256:c261f7cbbc64211ee175ee47273acdb7b1a36a4450b397a064a8f2c026490095
Removing snapshot sha256:c34d9393647eea0c9e3557ab988efaf59f61d10a2a5613b439ef0958cca5ec10
Removing snapshot sha256:ccf3c4a0fa967a41c1c83497a2ce6fa5787965859df0adb32c4ca2cf7490bc2b
Removing snapshot sha256:cf92d33f869417309692088c341cd0f223c178ea78a125f757317b22aa8f90e9
Removing snapshot sha256:d0037344cf2fb078884f1849f6a1f8cf9a33a3b6139b6a85833e5ee528e1f9a8
Removing snapshot sha256:d3b36d5b79273b1e98e7700470eaeff05a882e777124d84cebcc1505b85ecb36
Removing snapshot sha256:d65a44a37914602d12c611e5e22a50f11451d847e63015cc1c2aef92dee777a4
Removing snapshot sha256:e2dc0bae2455930f23ae570e019b7f32edc75c0f2d71cab084db837ff9051796
Removing snapshot sha256:eccbd24a99c60cd9e86ee5305dbfc4a4dc89f5ab4fb1f06c8d64797cecedef34
Removing snapshot sha256:f144bb4c7c7f0d2aa7eeffd36d934ec40db1ee167be727e326aad9fdc616f475

]]></system-out>
  </testcase>
  <system-out><![CDATA[2025-01-30 18:12:28,639 INFO c.h.h.t.HelmChartContainerExtension - Using cached HelmChartContainer instance
2025-01-30 18:12:28,644 INFO c.h.h.t.HelmChartContainerExtension - Creating cached HelmChartContainer instance
2025-01-30 18:12:28,662 INFO o.testcontainers.DockerClientFactory - Testcontainers version: 1.20.4
2025-01-30 18:12:29,078 INFO o.t.d.DockerClientProviderStrategy - Found Docker environment with local Unix socket (unix:///var/run/docker.sock)
2025-01-30 18:12:29,089 INFO o.testcontainers.DockerClientFactory - Docker host IP address is localhost
2025-01-30 18:12:29,106 INFO o.testcontainers.DockerClientFactory - Connected to docker: 
  Server Version: 26.1.3
  API Version: 1.45
  Operating System: Ubuntu 24.04.1 LTS
  Total Memory: 15990 MB
2025-01-30 18:12:29,113 INFO o.testcontainers.images.PullPolicy - Image pull policy will be performed by: DefaultPullPolicy()
2025-01-30 18:12:29,116 INFO o.t.utility.ImageNameSubstitutor - Image name substitution will be performed by: DefaultImageNameSubstitutor (composite of 'ConfigurationFileImageNameSubstitutor' and 'PrefixingImageNameSubstitutor')
2025-01-30 18:12:29,143 INFO tc.testcontainers/ryuk:0.11.0 - Pulling docker image: testcontainers/ryuk:0.11.0. Please be patient; this may take some time but only needs to be done once.
2025-01-30 18:12:29,991 INFO tc.testcontainers/ryuk:0.11.0 - Starting to pull image
2025-01-30 18:12:30,007 INFO tc.testcontainers/ryuk:0.11.0 - Pulling image layers:  0 pending,  0 downloaded,  0 extracted, (0 bytes/0 bytes)
2025-01-30 18:12:30,557 INFO tc.testcontainers/ryuk:0.11.0 - Pulling image layers:  2 pending,  1 downloaded,  0 extracted, (879 KB/? MB)
2025-01-30 18:12:30,664 INFO tc.testcontainers/ryuk:0.11.0 - Pulling image layers:  1 pending,  2 downloaded,  0 extracted, (5 MB/? MB)
2025-01-30 18:12:30,719 INFO tc.testcontainers/ryuk:0.11.0 - Pulling image layers:  0 pending,  3 downloaded,  0 extracted, (8 MB/10 MB)
2025-01-30 18:12:30,767 INFO tc.testcontainers/ryuk:0.11.0 - Pulling image layers:  0 pending,  3 downloaded,  1 extracted, (10 MB/10 MB)
2025-01-30 18:12:30,914 INFO tc.testcontainers/ryuk:0.11.0 - Pulling image layers:  0 pending,  3 downloaded,  2 extracted, (10 MB/10 MB)
2025-01-30 18:12:30,953 INFO tc.testcontainers/ryuk:0.11.0 - Pulling image layers:  0 pending,  3 downloaded,  3 extracted, (10 MB/10 MB)
2025-01-30 18:12:30,960 INFO tc.testcontainers/ryuk:0.11.0 - Image testcontainers/ryuk:0.11.0 pull took PT1.817118811S
2025-01-30 18:12:30,977 INFO tc.testcontainers/ryuk:0.11.0 - Creating container for image: testcontainers/ryuk:0.11.0
2025-01-30 18:12:31,029 INFO tc.testcontainers/ryuk:0.11.0 - Container testcontainers/ryuk:0.11.0 is starting: d2dd48328fd94db6e4478fccb365cfbca49db6b7f9cfa6839f1d6ea1909ba3fe
2025-01-30 18:12:31,278 INFO tc.testcontainers/ryuk:0.11.0 - Container testcontainers/ryuk:0.11.0 started in PT0.301603634S
2025-01-30 18:12:31,282 INFO o.t.utility.RyukResourceReaper - Ryuk started - will monitor and terminate Testcontainers containers on JVM exit
2025-01-30 18:12:31,282 INFO o.testcontainers.DockerClientFactory - Checking the system...
2025-01-30 18:12:31,283 INFO o.testcontainers.DockerClientFactory - ✔︎ Docker server version should be at least 1.6.0
2025-01-30 18:12:31,361 INFO o.t.i.builder.ImageFromDockerfile - Pre-emptively checking local images for 'ubuntu:noble-20241118.1@sha256:80dd3c3b9c6cecb9f1667e9290b3bc61b78c2678c02cbdae5f0fea92cc6734ab', referenced via a Dockerfile. If not available, it will be pulled.
2025-01-30 18:12:31,364 INFO t.u.1@sha256:80dd3c... - Pulling docker image: ubuntu:noble-20241118.1@sha256:80dd3c3b9c6cecb9f1667e9290b3bc61b78c2678c02cbdae5f0fea92cc6734ab. Please be patient; this may take some time but only needs to be done once.
2025-01-30 18:12:31,934 INFO t.u.1@sha256:80dd3c... - Starting to pull image
2025-01-30 18:12:31,935 INFO t.u.1@sha256:80dd3c... - Pulling image layers:  0 pending,  0 downloaded,  0 extracted, (0 bytes/0 bytes)
2025-01-30 18:12:33,460 INFO t.u.1@sha256:80dd3c... - Pulling image layers:  0 pending,  1 downloaded,  0 extracted, (23 MB/28 MB)
2025-01-30 18:12:34,379 INFO t.u.1@sha256:80dd3c... - Pulling image layers:  0 pending,  1 downloaded,  1 extracted, (28 MB/28 MB)
2025-01-30 18:12:34,385 INFO t.u.1@sha256:80dd3c... - Pull complete. 1 layers, pulled in 2s (downloaded 28 MB at 14 MB/s)
2025-01-30 18:12:34,385 INFO t.u.1@sha256:80dd3c... - Image ubuntu:noble-20241118.1@sha256:80dd3c3b9c6cecb9f1667e9290b3bc61b78c2678c02cbdae5f0fea92cc6734ab pull took PT3.020615893S
2025-01-30 18:12:34,387 INFO o.t.i.builder.ImageFromDockerfile - Pre-emptively checking local images for 'rancher/k3s:v1.32.1-k3s1', referenced via a Dockerfile. If not available, it will be pulled.
2025-01-30 18:12:34,389 INFO tc.rancher/k3s:v1.32.1-k3s1 - Pulling docker image: rancher/k3s:v1.32.1-k3s1. Please be patient; this may take some time but only needs to be done once.
2025-01-30 18:12:35,198 INFO tc.rancher/k3s:v1.32.1-k3s1 - Starting to pull image
2025-01-30 18:12:35,199 INFO tc.rancher/k3s:v1.32.1-k3s1 - Pulling image layers:  0 pending,  0 downloaded,  0 extracted, (0 bytes/0 bytes)
2025-01-30 18:12:36,733 INFO tc.rancher/k3s:v1.32.1-k3s1 - Pulling image layers:  0 pending,  1 downloaded,  0 extracted, (70 MB/71 MB)
2025-01-30 18:12:37,779 INFO tc.rancher/k3s:v1.32.1-k3s1 - Pulling image layers:  0 pending,  1 downloaded,  1 extracted, (71 MB/71 MB)
2025-01-30 18:12:37,785 INFO tc.rancher/k3s:v1.32.1-k3s1 - Pull complete. 1 layers, pulled in 2s (downloaded 71 MB at 35 MB/s)
2025-01-30 18:12:37,785 INFO tc.rancher/k3s:v1.32.1-k3s1 - Image rancher/k3s:v1.32.1-k3s1 pull took PT3.396572636S
2025-01-30 18:12:37,792 INFO o.t.i.builder.ImageFromDockerfile - Transferred 0 bytes to Docker daemon
2025-01-30 18:12:53,021 INFO c.h.h.t.HelmChartContainer - Starting HelmChartContainer...
2025-01-30 18:12:53,025 INFO t.localhost/testcontainers/zw8yevi2irxw9xpr:latest - Creating container for image: localhost/testcontainers/zw8yevi2irxw9xpr:latest
2025-01-30 18:12:53,090 INFO tc.alpine:3.17 - Pulling docker image: alpine:3.17. Please be patient; this may take some time but only needs to be done once.
2025-01-30 18:12:53,909 INFO tc.alpine:3.17 - Starting to pull image
2025-01-30 18:12:53,910 INFO tc.alpine:3.17 - Pulling image layers:  0 pending,  0 downloaded,  0 extracted, (0 bytes/0 bytes)
2025-01-30 18:12:54,552 INFO tc.alpine:3.17 - Pulling image layers:  0 pending,  1 downloaded,  0 extracted, (2 MB/3 MB)
2025-01-30 18:12:54,647 INFO tc.alpine:3.17 - Pulling image layers:  0 pending,  1 downloaded,  1 extracted, (3 MB/3 MB)
2025-01-30 18:12:54,655 INFO tc.alpine:3.17 - Image alpine:3.17 pull took PT1.564778578S
2025-01-30 18:12:55,228 INFO t.localhost/testcontainers/zw8yevi2irxw9xpr:latest - Container localhost/testcontainers/zw8yevi2irxw9xpr:latest is starting: b22a4545b13deda60aa458cedacc9e4e070d01652ed2da2519471d9f49e6831d
2025-01-30 18:12:55,577 INFO c.h.h.t.HelmChartContainer - [K3S] [INFO] Starting k3s v1.32.1+k3s1 (6a322f12)
2025-01-30 18:12:55,580 INFO c.h.h.t.HelmChartContainer - [K3S] [INFO] Configuring sqlite3 database connection pooling: maxIdleConns=2, maxOpenConns=0, connMaxLifetime=0s
2025-01-30 18:12:55,580 INFO c.h.h.t.HelmChartContainer - [K3S] [INFO] Configuring database table schema and indexes, this may take a moment...
2025-01-30 18:12:55,583 INFO c.h.h.t.HelmChartContainer - [K3S] [INFO] Database tables and indexes are up to date
2025-01-30 18:12:55,586 INFO c.h.h.t.HelmChartContainer - [K3S] [INFO] Kine available at unix://kine.sock
2025-01-30 18:12:55,815 INFO c.h.h.t.HelmChartContainer - [K3S] [INFO] Saving cluster bootstrap data to datastore
2025-01-30 18:12:55,817 INFO c.h.h.t.HelmChartContainer - [K3S] [INFO] Active TLS secret / (ver=) (count 10): map[listener.cattle.io/cn-10.43.0.1:10.43.0.1 listener.cattle.io/cn-127.0.0.1:127.0.0.1 listener.cattle.io/cn-172.18.0.2:172.18.0.2 listener.cattle.io/cn-__1-f16284:::1 listener.cattle.io/cn-b22a4545b13d:b22a4545b13d listener.cattle.io/cn-kubernetes:kubernetes listener.cattle.io/cn-kubernetes.default:kubernetes.default listener.cattle.io/cn-kubernetes.default.svc:kubernetes.default.svc listener.cattle.io/cn-kubernetes.default.svc.cluster.local:kubernetes.default.svc.cluster.local listener.cattle.io/cn-localhost:localhost listener.cattle.io/fingerprint:SHA1=4FB221D06BE7E3561D548516369633BD52B6197D]
2025-01-30 18:12:55,986 INFO c.h.h.t.HelmChartContainer - [K3S] [INFO] Running kube-apiserver --advertise-port=6443 --allow-privileged=true --anonymous-auth=false --api-audiences=https://kubernetes.default.svc.cluster.local,k3s --authorization-mode=Node,RBAC --bind-address=127.0.0.1 --cert-dir=/var/lib/rancher/k3s/server/tls/temporary-certs --client-ca-file=/var/lib/rancher/k3s/server/tls/client-ca.crt --egress-selector-config-file=/var/lib/rancher/k3s/server/etc/egress-selector-config.yaml --enable-admission-plugins=NodeRestriction --enable-aggregator-routing=true --enable-bootstrap-token-auth=true --etcd-compaction-interval=0s --etcd-servers=unix://kine.sock --kubelet-certificate-authority=/var/lib/rancher/k3s/server/tls/server-ca.crt --kubelet-client-certificate=/var/lib/rancher/k3s/server/tls/client-kube-apiserver.crt --kubelet-client-key=/var/lib/rancher/k3s/server/tls/client-kube-apiserver.key --kubelet-preferred-address-types=InternalIP,ExternalIP,Hostname --profiling=false --proxy-client-cert-file=/var/lib/rancher/k3s/server/tls/client-auth-proxy.crt --proxy-client-key-file=/var/lib/rancher/k3s/server/tls/client-auth-proxy.key --requestheader-allowed-names=system:auth-proxy --requestheader-client-ca-file=/var/lib/rancher/k3s/server/tls/request-header-ca.crt --requestheader-extra-headers-prefix=X-Remote-Extra- --requestheader-group-headers=X-Remote-Group --requestheader-username-headers=X-Remote-User --secure-port=6444 --service-account-issuer=https://kubernetes.default.svc.cluster.local --service-account-key-file=/var/lib/rancher/k3s/server/tls/service.key --service-account-signing-key-file=/var/lib/rancher/k3s/server/tls/service.current.key --service-cluster-ip-range=10.43.0.0/16 --service-node-port-range=30000-32767 --storage-backend=etcd3 --tls-cert-file=/var/lib/rancher/k3s/server/tls/serving-kube-apiserver.crt --tls-cipher-suites=TLS_ECDHE_ECDSA_WITH_AES_256_GCM_SHA384,TLS_ECDHE_RSA_WITH_AES_256_GCM_SHA384,TLS_ECDHE_ECDSA_WITH_AES_128_GCM_SHA256,TLS_ECDHE_RSA_WITH_AES_128_GCM_SHA256,TLS_ECDHE_ECDSA_WITH_CHACHA20_POLY1305,TLS_ECDHE_RSA_WITH_CHACHA20_POLY1305 --tls-private-key-file=/var/lib/rancher/k3s/server/tls/serving-kube-apiserver.key
2025-01-30 18:12:55,987 INFO c.h.h.t.HelmChartContainer - [K3S] [INFO] Running kube-scheduler --authentication-kubeconfig=/var/lib/rancher/k3s/server/cred/scheduler.kubeconfig --authorization-kubeconfig=/var/lib/rancher/k3s/server/cred/scheduler.kubeconfig --bind-address=127.0.0.1 --kubeconfig=/var/lib/rancher/k3s/server/cred/scheduler.kubeconfig --leader-elect=false --profiling=false --secure-port=10259
2025-01-30 18:12:55,987 INFO c.h.h.t.HelmChartContainer - [K3S] [registry.go:256] calling componentGlobalsRegistry.AddFlags more than once, the registry will be set by the latest flags
2025-01-30 18:12:55,988 INFO c.h.h.t.HelmChartContainer - [K3S] [INFO] Waiting for API server to become available
2025-01-30 18:12:55,989 INFO c.h.h.t.HelmChartContainer - [K3S] [INFO] Running kube-controller-manager --allocate-node-cidrs=true --authentication-kubeconfig=/var/lib/rancher/k3s/server/cred/controller.kubeconfig --authorization-kubeconfig=/var/lib/rancher/k3s/server/cred/controller.kubeconfig --bind-address=127.0.0.1 --cluster-cidr=10.42.0.0/16 --cluster-signing-kube-apiserver-client-cert-file=/var/lib/rancher/k3s/server/tls/client-ca.nochain.crt --cluster-signing-kube-apiserver-client-key-file=/var/lib/rancher/k3s/server/tls/client-ca.key --cluster-signing-kubelet-client-cert-file=/var/lib/rancher/k3s/server/tls/client-ca.nochain.crt --cluster-signing-kubelet-client-key-file=/var/lib/rancher/k3s/server/tls/client-ca.key --cluster-signing-kubelet-serving-cert-file=/var/lib/rancher/k3s/server/tls/server-ca.nochain.crt --cluster-signing-kubelet-serving-key-file=/var/lib/rancher/k3s/server/tls/server-ca.key --cluster-signing-legacy-unknown-cert-file=/var/lib/rancher/k3s/server/tls/server-ca.nochain.crt --cluster-signing-legacy-unknown-key-file=/var/lib/rancher/k3s/server/tls/server-ca.key --configure-cloud-routes=false --controllers=*,tokencleaner,-service,-route,-cloud-node-lifecycle --kubeconfig=/var/lib/rancher/k3s/server/cred/controller.kubeconfig --leader-elect=false --profiling=false --root-ca-file=/var/lib/rancher/k3s/server/tls/server-ca.crt --secure-port=10257 --service-account-private-key-file=/var/lib/rancher/k3s/server/tls/service.current.key --service-cluster-ip-range=10.43.0.0/16 --use-service-account-credentials=true
2025-01-30 18:12:55,989 INFO c.h.h.t.HelmChartContainer - [K3S] [options.go:299] unable to set WatchListClient feature gate, err: cannot override default for feature "WatchListClient": gates already added to a flag set
2025-01-30 18:12:55,989 INFO c.h.h.t.HelmChartContainer - [K3S] [registry.go:256] calling componentGlobalsRegistry.AddFlags more than once, the registry will be set by the latest flags
2025-01-30 18:12:55,989 INFO c.h.h.t.HelmChartContainer - [K3S] [registry.go:256] calling componentGlobalsRegistry.AddFlags more than once, the registry will be set by the latest flags
2025-01-30 18:12:55,990 INFO c.h.h.t.HelmChartContainer - [K3S] [INFO] Running cloud-controller-manager --allocate-node-cidrs=true --authentication-kubeconfig=/var/lib/rancher/k3s/server/cred/cloud-controller.kubeconfig --authorization-kubeconfig=/var/lib/rancher/k3s/server/cred/cloud-controller.kubeconfig --bind-address=127.0.0.1 --cloud-config=/var/lib/rancher/k3s/server/etc/cloud-config.yaml --cloud-provider=k3s --cluster-cidr=10.42.0.0/16 --configure-cloud-routes=false --controllers=*,-route --kubeconfig=/var/lib/rancher/k3s/server/cred/cloud-controller.kubeconfig --leader-elect=false --leader-elect-resource-name=k3s-cloud-controller-manager --node-status-update-frequency=1m0s --profiling=false
2025-01-30 18:12:55,990 INFO c.h.h.t.HelmChartContainer - [K3S] [INFO] Server node token is available at /var/lib/rancher/k3s/server/token
2025-01-30 18:12:55,990 INFO c.h.h.t.HelmChartContainer - [K3S] [INFO] To join server node to cluster: k3s server -s https://172.18.0.2:6443 -t ${SERVER_NODE_TOKEN}
2025-01-30 18:12:55,990 INFO c.h.h.t.HelmChartContainer - [K3S] [INFO] Agent node token is available at /var/lib/rancher/k3s/server/agent-token
2025-01-30 18:12:55,991 INFO c.h.h.t.HelmChartContainer - [K3S] [INFO] To join agent node to cluster: k3s agent -s https://172.18.0.2:6443 -t ${AGENT_NODE_TOKEN}
2025-01-30 18:12:55,991 INFO c.h.h.t.HelmChartContainer - [K3S] [options.go:238] external host was not specified, using 172.18.0.2
2025-01-30 18:12:55,991 INFO c.h.h.t.HelmChartContainer - [K3S] [INFO] Wrote kubeconfig /etc/rancher/k3s/k3s.yaml
2025-01-30 18:12:55,991 INFO c.h.h.t.HelmChartContainer - [K3S] [INFO] Run: k3s kubectl
2025-01-30 18:12:55,994 INFO c.h.h.t.HelmChartContainer - [K3S] [server.go:151] Version: v1.32.1+k3s1
2025-01-30 18:12:56,008 INFO c.h.h.t.HelmChartContainer - [K3S] [server.go:153] "Golang settings" GOGC="" GOMAXPROCS="" GOTRACEBACK=""
2025-01-30 18:12:56,246 INFO c.h.h.t.HelmChartContainer - [K3S] [plugins.go:157] Loaded 13 mutating admission controller(s) successfully in the following order: NamespaceLifecycle,LimitRanger,ServiceAccount,NodeRestriction,TaintNodesByCondition,Priority,DefaultTolerationSeconds,DefaultStorageClass,StorageObjectInUseProtection,RuntimeClass,DefaultIngressClass,MutatingAdmissionPolicy,MutatingAdmissionWebhook.
2025-01-30 18:12:56,247 INFO c.h.h.t.HelmChartContainer - [K3S] [plugins.go:160] Loaded 13 validating admission controller(s) successfully in the following order: LimitRanger,ServiceAccount,PodSecurity,Priority,PersistentVolumeClaimResize,RuntimeClass,CertificateApproval,CertificateSigning,ClusterTrustBundleAttest,CertificateSubjectRestriction,ValidatingAdmissionPolicy,ValidatingAdmissionWebhook,ResourceQuota.
2025-01-30 18:12:56,247 INFO c.h.h.t.HelmChartContainer - [K3S] [instance.go:233] Using reconciler: lease
2025-01-30 18:12:56,324 INFO c.h.h.t.HelmChartContainer - [K3S] [apis.go:106] API group "internal.apiserver.k8s.io" is not enabled, skipping.
2025-01-30 18:12:56,379 INFO c.h.h.t.HelmChartContainer - [K3S] [apis.go:106] API group "storagemigration.k8s.io" is not enabled, skipping.
2025-01-30 18:12:56,402 INFO c.h.h.t.HelmChartContainer - [K3S] [apis.go:106] API group "resource.k8s.io" is not enabled, skipping.
2025-01-30 18:12:56,626 INFO c.h.h.t.HelmChartContainer - [K3S] [INFO] Password verified locally for node b22a4545b13d
2025-01-30 18:12:56,730 INFO c.h.h.t.HelmChartContainer - [K3S] [dynamic_cafile_content.go:161] "Starting controller" name="request-header::/var/lib/rancher/k3s/server/tls/request-header-ca.crt"
2025-01-30 18:12:56,731 INFO c.h.h.t.HelmChartContainer - [K3S] [dynamic_cafile_content.go:161] "Starting controller" name="client-ca-bundle::/var/lib/rancher/k3s/server/tls/client-ca.crt"
2025-01-30 18:12:56,731 INFO c.h.h.t.HelmChartContainer - [K3S] [dynamic_serving_content.go:135] "Starting controller" name="serving-cert::/var/lib/rancher/k3s/server/tls/serving-kube-apiserver.crt::/var/lib/rancher/k3s/server/tls/serving-kube-apiserver.key"
2025-01-30 18:12:56,731 INFO c.h.h.t.HelmChartContainer - [K3S] [secure_serving.go:213] Serving securely on 127.0.0.1:6444
2025-01-30 18:12:56,732 INFO c.h.h.t.HelmChartContainer - [K3S] [tlsconfig.go:243] "Starting DynamicServingCertificateController"
2025-01-30 18:12:56,732 INFO c.h.h.t.HelmChartContainer - [K3S] [controller.go:78] Starting OpenAPI AggregationController
2025-01-30 18:12:56,733 INFO c.h.h.t.HelmChartContainer - [K3S] [system_namespaces_controller.go:66] Starting system namespaces controller
2025-01-30 18:12:56,733 INFO c.h.h.t.HelmChartContainer - [K3S] [aggregator.go:169] waiting for initial CRD sync...
2025-01-30 18:12:56,733 INFO c.h.h.t.HelmChartContainer - [K3S] [controller.go:80] Starting OpenAPI V3 AggregationController
2025-01-30 18:12:56,733 INFO c.h.h.t.HelmChartContainer - [K3S] [customresource_discovery_controller.go:292] Starting DiscoveryController
2025-01-30 18:12:56,734 INFO c.h.h.t.HelmChartContainer - [K3S] [gc_controller.go:78] Starting apiserver lease garbage collector
2025-01-30 18:12:56,734 INFO c.h.h.t.HelmChartContainer - [K3S] [remote_available_controller.go:411] Starting RemoteAvailability controller
2025-01-30 18:12:56,734 INFO c.h.h.t.HelmChartContainer - [K3S] [cluster_authentication_trust_controller.go:462] Starting cluster_authentication_trust_controller controller
2025-01-30 18:12:56,734 INFO c.h.h.t.HelmChartContainer - [K3S] [local_available_controller.go:156] Starting LocalAvailability controller
2025-01-30 18:12:56,734 INFO c.h.h.t.HelmChartContainer - [K3S] [apiservice_controller.go:100] Starting APIServiceRegistrationController
2025-01-30 18:12:56,739 INFO c.h.h.t.HelmChartContainer - [K3S] [controller.go:119] Starting legacy_token_tracking_controller
2025-01-30 18:12:56,739 INFO c.h.h.t.HelmChartContainer - [K3S] [apf_controller.go:377] Starting API Priority and Fairness config controller
2025-01-30 18:12:56,739 INFO c.h.h.t.HelmChartContainer - [K3S] [dynamic_serving_content.go:135] "Starting controller" name="aggregator-proxy-cert::/var/lib/rancher/k3s/server/tls/client-auth-proxy.crt::/var/lib/rancher/k3s/server/tls/client-auth-proxy.key"
2025-01-30 18:12:56,739 INFO c.h.h.t.HelmChartContainer - [K3S] [crdregistration_controller.go:114] Starting crd-autoregister controller
2025-01-30 18:12:56,739 INFO c.h.h.t.HelmChartContainer - [K3S] [controller.go:142] Starting OpenAPI controller
2025-01-30 18:12:56,739 INFO c.h.h.t.HelmChartContainer - [K3S] [controller.go:90] Starting OpenAPI V3 controller
2025-01-30 18:12:56,739 INFO c.h.h.t.HelmChartContainer - [K3S] [naming_controller.go:294] Starting NamingConditionController
2025-01-30 18:12:56,739 INFO c.h.h.t.HelmChartContainer - [K3S] [establishing_controller.go:81] Starting EstablishingController
2025-01-30 18:12:56,739 INFO c.h.h.t.HelmChartContainer - [K3S] [nonstructuralschema_controller.go:195] Starting NonStructuralSchemaConditionController
2025-01-30 18:12:56,740 INFO c.h.h.t.HelmChartContainer - [K3S] [apiapproval_controller.go:189] Starting KubernetesAPIApprovalPolicyConformantConditionController
2025-01-30 18:12:56,740 INFO c.h.h.t.HelmChartContainer - [K3S] [crd_finalizer.go:269] Starting CRDFinalizer
2025-01-30 18:12:56,740 INFO c.h.h.t.HelmChartContainer - [K3S] [dynamic_cafile_content.go:161] "Starting controller" name="client-ca-bundle::/var/lib/rancher/k3s/server/tls/client-ca.crt"
2025-01-30 18:12:56,740 INFO c.h.h.t.HelmChartContainer - [K3S] [dynamic_cafile_content.go:161] "Starting controller" name="request-header::/var/lib/rancher/k3s/server/tls/request-header-ca.crt"
2025-01-30 18:12:56,835 INFO c.h.h.t.HelmChartContainer - [K3S] [apf_controller.go:382] Running API Priority and Fairness config worker
2025-01-30 18:12:56,836 INFO c.h.h.t.HelmChartContainer - [K3S] [apf_controller.go:385] Running API Priority and Fairness periodic rebalancing process
2025-01-30 18:12:56,836 INFO c.h.h.t.HelmChartContainer - [K3S] [handler_discovery.go:451] Starting ResourceDiscoveryManager
2025-01-30 18:12:56,837 INFO c.h.h.t.HelmChartContainer - [K3S] [aggregator.go:171] initial CRD sync complete...
2025-01-30 18:12:56,837 INFO c.h.h.t.HelmChartContainer - [K3S] [autoregister_controller.go:144] Starting autoregister controller
2025-01-30 18:12:56,841 INFO c.h.h.t.HelmChartContainer - [K3S] [policy_source.go:240] refreshing policies
2025-01-30 18:12:56,890 INFO c.h.h.t.HelmChartContainer - [K3S] [controller.go:148] "Unhandled Error" err="while syncing ConfigMap \"kube-system/kube-apiserver-legacy-service-account-token-tracking\", err: namespaces \"kube-system\" not found" logger="UnhandledError"
2025-01-30 18:12:56,891 INFO c.h.h.t.HelmChartContainer - [K3S] [controller.go:95] Unable to perform initial Kubernetes service initialization: namespaces "default" not found
2025-01-30 18:12:56,914 INFO c.h.h.t.HelmChartContainer - [K3S] [controller.go:145] "Failed to ensure lease exists, will retry" err="namespaces \"kube-system\" not found" interval="200ms"
2025-01-30 18:12:57,167 INFO c.h.h.t.HelmChartContainer - [K3S] [WARNING] Host resolv.conf includes loopback or multicast nameservers - kubelet will use autogenerated resolv.conf with nameserver 8.8.8.8
2025-01-30 18:12:57,175 INFO c.h.h.t.HelmChartContainer - [K3S] [INFO] Module overlay was already loaded
2025-01-30 18:12:57,176 INFO c.h.h.t.HelmChartContainer - [K3S] [INFO] Module nf_conntrack was already loaded
2025-01-30 18:12:57,176 INFO c.h.h.t.HelmChartContainer - [K3S] [INFO] Module br_netfilter was already loaded
2025-01-30 18:12:57,180 INFO c.h.h.t.HelmChartContainer - [K3S] [INFO] Set sysctl 'net/netfilter/nf_conntrack_max' to 131072
2025-01-30 18:12:57,181 INFO c.h.h.t.HelmChartContainer - [K3S] [INFO] Set sysctl 'net/netfilter/nf_conntrack_tcp_timeout_established' to 86400
2025-01-30 18:12:57,181 INFO c.h.h.t.HelmChartContainer - [K3S] [INFO] Set sysctl 'net/netfilter/nf_conntrack_tcp_timeout_close_wait' to 3600
2025-01-30 18:12:57,182 INFO c.h.h.t.HelmChartContainer - [K3S] [INFO] Logging containerd to /var/lib/rancher/k3s/agent/containerd/containerd.log
2025-01-30 18:12:57,183 INFO c.h.h.t.HelmChartContainer - [K3S] [INFO] Running containerd -c /var/lib/rancher/k3s/agent/etc/containerd/config.toml -a /run/k3s/containerd/containerd.sock --state /run/k3s/containerd --root /var/lib/rancher/k3s/agent/containerd
2025-01-30 18:12:57,737 INFO c.h.h.t.HelmChartContainer - [K3S] [storage_scheduling.go:95] created PriorityClass system-node-critical with value 2000001000
2025-01-30 18:12:57,741 INFO c.h.h.t.HelmChartContainer - [K3S] [storage_scheduling.go:95] created PriorityClass system-cluster-critical with value 2000000000
2025-01-30 18:12:57,741 INFO c.h.h.t.HelmChartContainer - [K3S] [storage_scheduling.go:111] all system priority classes are created successfully or already exist.
2025-01-30 18:12:58,095 INFO c.h.h.t.HelmChartContainer - [K3S] [alloc.go:330] "allocated clusterIPs" service="default/kubernetes" clusterIPs={"IPv4":"10.43.0.1"}
2025-01-30 18:12:58,099 INFO c.h.h.t.HelmChartContainer - [K3S] [lease.go:265] Resetting endpoints for master service "kubernetes" to [172.18.0.2]
2025-01-30 18:12:58,186 INFO c.h.h.t.HelmChartContainer - [K3S] [INFO] containerd is now running
2025-01-30 18:12:58,189 INFO c.h.h.t.HelmChartContainer - [K3S] [INFO] Connecting to proxy" url="wss://127.0.0.1:6443/v1-k3s/connect
2025-01-30 18:12:58,190 INFO c.h.h.t.HelmChartContainer - [K3S] [INFO] Creating k3s-cert-monitor event broadcaster
2025-01-30 18:12:58,193 INFO c.h.h.t.HelmChartContainer - [K3S] [INFO] Running kubelet --cloud-provider=external --config-dir=/var/lib/rancher/k3s/agent/etc/kubelet.conf.d --containerd=/run/k3s/containerd/containerd.sock --hostname-override=b22a4545b13d --kubeconfig=/var/lib/rancher/k3s/agent/kubelet.kubeconfig --node-ip=172.18.0.2 --node-labels=
2025-01-30 18:12:58,194 INFO c.h.h.t.HelmChartContainer - [K3S] [INFO] Handling backend connection request [b22a4545b13d]
2025-01-30 18:12:58,194 INFO c.h.h.t.HelmChartContainer - [K3S] [INFO] Remotedialer connected to proxy" url="wss://127.0.0.1:6443/v1-k3s/connect
2025-01-30 18:12:58,196 INFO c.h.h.t.HelmChartContainer - [K3S] Flag --containerd has been deprecated, This is a cadvisor flag that was mistakenly registered with the Kubelet. Due to legacy concerns, it will follow the standard CLI deprecation timeline before being removed.
2025-01-30 18:12:58,200 INFO c.h.h.t.HelmChartContainer - [K3S] [server.go:515] "Kubelet version" kubeletVersion="v1.32.1+k3s1"
2025-01-30 18:12:58,200 INFO c.h.h.t.HelmChartContainer - [K3S] [server.go:517] "Golang settings" GOGC="" GOMAXPROCS="" GOTRACEBACK=""
2025-01-30 18:12:58,202 INFO c.h.h.t.HelmChartContainer - [K3S] [dynamic_cafile_content.go:161] "Starting controller" name="client-ca-bundle::/var/lib/rancher/k3s/agent/client-ca.crt"
2025-01-30 18:12:58,204 INFO c.h.h.t.HelmChartContainer - [K3S] [log.go:32] "RuntimeConfig from runtime service failed" err="rpc error: code = Unimplemented desc = method RuntimeConfig not implemented"
2025-01-30 18:12:58,204 INFO c.h.h.t.HelmChartContainer - [K3S] [server.go:1416] "CRI implementation should be updated to support RuntimeConfig when KubeletCgroupDriverFromCRI feature gate has been enabled. Falling back to using cgroupDriver from kubelet config."
2025-01-30 18:12:58,207 INFO c.h.h.t.HelmChartContainer - [K3S] [info.go:53] Couldn't collect info from any of the files in "/etc/machine-id,/var/lib/dbus/machine-id"
2025-01-30 18:12:58,208 INFO c.h.h.t.HelmChartContainer - [K3S] [server.go:767] "--cgroups-per-qos enabled, but --cgroup-root was not specified.  defaulting to /"
2025-01-30 18:12:58,208 INFO c.h.h.t.HelmChartContainer - [K3S] [server.go:836] "NoSwap is set due to memorySwapBehavior not specified" memorySwapBehavior="" FailSwapOn=false
2025-01-30 18:12:58,208 INFO c.h.h.t.HelmChartContainer - [K3S] [swap_util.go:115] "Swap is on" /proc/swaps contents=<
2025-01-30 18:12:58,208 INFO c.h.h.t.HelmChartContainer - [K3S] 	Filename				Type		Size		Used		Priority
2025-01-30 18:12:58,208 INFO c.h.h.t.HelmChartContainer - [K3S] 	/mnt/swapfile                           file		4194300		0		-2
2025-01-30 18:12:58,208 INFO c.h.h.t.HelmChartContainer - [K3S]  >
2025-01-30 18:12:58,208 INFO c.h.h.t.HelmChartContainer - [K3S] [container_manager_linux.go:268] "Container manager verified user specified cgroup-root exists" cgroupRoot=[]
2025-01-30 18:12:58,208 INFO c.h.h.t.HelmChartContainer - [K3S] [container_manager_linux.go:273] "Creating Container Manager object based on Node Config" nodeConfig={"NodeName":"b22a4545b13d","RuntimeCgroupsName":"","SystemCgroupsName":"","KubeletCgroupsName":"/k3s","KubeletOOMScoreAdj":-999,"ContainerRuntime":"","CgroupsPerQOS":true,"CgroupRoot":"/","CgroupDriver":"cgroupfs","KubeletRootDir":"/var/lib/kubelet","ProtectKernelDefaults":false,"KubeReservedCgroupName":"","SystemReservedCgroupName":"","ReservedSystemCPUs":{},"EnforceNodeAllocatable":{"pods":{}},"KubeReserved":null,"SystemReserved":null,"HardEvictionThresholds":[{"Signal":"imagefs.available","Operator":"LessThan","Value":{"Quantity":null,"Percentage":0.05},"GracePeriod":0,"MinReclaim":null},{"Signal":"nodefs.available","Operator":"LessThan","Value":{"Quantity":null,"Percentage":0.05},"GracePeriod":0,"MinReclaim":null}],"QOSReserved":{},"CPUManagerPolicy":"none","CPUManagerPolicyOptions":null,"TopologyManagerScope":"container","CPUManagerReconcilePeriod":10000000000,"ExperimentalMemoryManagerPolicy":"None","ExperimentalMemoryManagerReservedMemory":null,"PodPidsLimit":-1,"EnforceCPULimits":true,"CPUCFSQuotaPeriod":100000000,"TopologyManagerPolicy":"none","TopologyManagerPolicyOptions":null,"CgroupVersion":2}
2025-01-30 18:12:58,210 INFO c.h.h.t.HelmChartContainer - [K3S] [topology_manager.go:138] "Creating topology manager with none policy"
2025-01-30 18:12:58,210 INFO c.h.h.t.HelmChartContainer - [K3S] [container_manager_linux.go:304] "Creating device plugin manager"
2025-01-30 18:12:58,210 INFO c.h.h.t.HelmChartContainer - [K3S] [state_mem.go:36] "Initialized new in-memory state store"
2025-01-30 18:12:58,211 INFO c.h.h.t.HelmChartContainer - [K3S] [kubelet.go:446] "Attempting to sync node with API server"
2025-01-30 18:12:58,212 INFO c.h.h.t.HelmChartContainer - [K3S] [kubelet.go:341] "Adding static pod path" path="/var/lib/rancher/k3s/agent/pod-manifests"
2025-01-30 18:12:58,212 INFO c.h.h.t.HelmChartContainer - [K3S] [kubelet.go:352] "Adding apiserver pod source"
2025-01-30 18:12:58,212 INFO c.h.h.t.HelmChartContainer - [K3S] [apiserver.go:42] "Waiting for node sync before watching apiserver pods"
2025-01-30 18:12:58,214 INFO c.h.h.t.HelmChartContainer - [K3S] [kuberuntime_manager.go:269] "Container runtime initialized" containerRuntime="containerd" version="v1.7.23-k3s2" apiVersion="v1"
2025-01-30 18:12:58,214 INFO c.h.h.t.HelmChartContainer - [K3S] [kubelet.go:890] "Not starting ClusterTrustBundle informer because we are in static kubelet mode"
2025-01-30 18:12:58,214 INFO c.h.h.t.HelmChartContainer - [K3S] [probe.go:272] Flexvolume plugin directory at /usr/libexec/kubernetes/kubelet-plugins/volume/exec/ does not exist. Recreating.
2025-01-30 18:12:58,214 INFO c.h.h.t.HelmChartContainer - [K3S] [watchdog_linux.go:99] "Systemd watchdog is not enabled"
2025-01-30 18:12:58,214 INFO c.h.h.t.HelmChartContainer - [K3S] [server.go:1282] "Started kubelet"
2025-01-30 18:12:58,217 INFO c.h.h.t.HelmChartContainer - [K3S] [ratelimit.go:55] "Setting rate limiting for endpoint" service="podresources" qps=100 burstTokens=10
2025-01-30 18:12:58,218 INFO c.h.h.t.HelmChartContainer - [K3S] [server.go:243] "Starting to serve the podresources API" endpoint="unix:/var/lib/kubelet/pod-resources/kubelet.sock"
2025-01-30 18:12:58,220 INFO c.h.h.t.HelmChartContainer - [K3S] [fs_resource_analyzer.go:67] "Starting FS ResourceAnalyzer"
2025-01-30 18:12:58,220 INFO c.h.h.t.HelmChartContainer - [K3S] [server.go:169] "Starting to listen" address="0.0.0.0" port=10250
2025-01-30 18:12:58,220 INFO c.h.h.t.HelmChartContainer - [K3S] [server.go:490] "Adding debug handlers to kubelet server"
2025-01-30 18:12:58,222 INFO c.h.h.t.HelmChartContainer - [K3S] [server.go:208] "Starting to listen read-only" address="0.0.0.0" port=10255
2025-01-30 18:12:58,223 INFO c.h.h.t.HelmChartContainer - [K3S] [dynamic_serving_content.go:135] "Starting controller" name="kubelet-server-cert-files::/var/lib/rancher/k3s/agent/serving-kubelet.crt::/var/lib/rancher/k3s/agent/serving-kubelet.key"
2025-01-30 18:12:58,231 INFO c.h.h.t.HelmChartContainer - [K3S] [volume_manager.go:297] "Starting Kubelet Volume Manager"
2025-01-30 18:12:58,232 INFO c.h.h.t.HelmChartContainer - [K3S] [kubelet_node_status.go:467] "Error getting the current node from lister" err="node \"b22a4545b13d\" not found"
2025-01-30 18:12:58,232 INFO c.h.h.t.HelmChartContainer - [K3S] [kubelet.go:1561] "Image garbage collection failed once. Stats initialization may not have completed yet" err="invalid capacity 0 on image filesystem"
2025-01-30 18:12:58,232 INFO c.h.h.t.HelmChartContainer - [K3S] [factory.go:221] Registration of the systemd container factory successfully
2025-01-30 18:12:58,232 INFO c.h.h.t.HelmChartContainer - [K3S] [factory.go:219] Registration of the crio container factory failed: Get "http://%2Fvar%2Frun%2Fcrio%2Fcrio.sock/info": dial unix /var/run/crio/crio.sock: connect: no such file or directory
2025-01-30 18:12:58,232 INFO c.h.h.t.HelmChartContainer - [K3S] [desired_state_of_world_populator.go:149] "Desired state populator starts to run"
2025-01-30 18:12:58,232 INFO c.h.h.t.HelmChartContainer - [K3S] [reconciler.go:26] "Reconciler: start to sync state"
2025-01-30 18:12:58,234 INFO c.h.h.t.HelmChartContainer - [K3S] [factory.go:221] Registration of the containerd container factory successfully
2025-01-30 18:12:58,247 INFO c.h.h.t.HelmChartContainer - [K3S] [nodelease.go:49] "Failed to get node when trying to set owner ref to the node lease" err="nodes \"b22a4545b13d\" not found" node="b22a4545b13d"
2025-01-30 18:12:58,255 INFO c.h.h.t.HelmChartContainer - [K3S] [kubelet_network_linux.go:50] "Initialized iptables rules." protocol="IPv4"
2025-01-30 18:12:58,258 INFO c.h.h.t.HelmChartContainer - [K3S] [cpu_manager.go:221] "Starting CPU manager" policy="none"
2025-01-30 18:12:58,259 INFO c.h.h.t.HelmChartContainer - [K3S] [cpu_manager.go:222] "Reconciling" reconcilePeriod="10s"
2025-01-30 18:12:58,259 INFO c.h.h.t.HelmChartContainer - [K3S] [state_mem.go:36] "Initialized new in-memory state store"
2025-01-30 18:12:58,261 INFO c.h.h.t.HelmChartContainer - [K3S] [policy_none.go:49] "None policy: Start"
2025-01-30 18:12:58,261 INFO c.h.h.t.HelmChartContainer - [K3S] [memory_manager.go:186] "Starting memorymanager" policy="None"
2025-01-30 18:12:58,261 INFO c.h.h.t.HelmChartContainer - [K3S] [state_mem.go:35] "Initializing new in-memory state store"
2025-01-30 18:12:58,263 INFO c.h.h.t.HelmChartContainer - [K3S] [kubelet_network_linux.go:50] "Initialized iptables rules." protocol="IPv6"
2025-01-30 18:12:58,263 INFO c.h.h.t.HelmChartContainer - [K3S] [status_manager.go:227] "Starting to sync pod status with apiserver"
2025-01-30 18:12:58,264 INFO c.h.h.t.HelmChartContainer - [K3S] [watchdog_linux.go:127] "Systemd watchdog is not enabled or the interval is invalid, so health checking will not be started."
2025-01-30 18:12:58,264 INFO c.h.h.t.HelmChartContainer - [K3S] [kubelet.go:2388] "Starting kubelet main sync loop"
2025-01-30 18:12:58,264 INFO c.h.h.t.HelmChartContainer - [K3S] [kubelet.go:2412] "Skipping pod synchronization" err="[container runtime status check may not have completed yet, PLEG is not healthy: pleg has yet to be successful]"
2025-01-30 18:12:58,269 INFO c.h.h.t.HelmChartContainer - [K3S] [manager.go:519] "Failed to read data from checkpoint" checkpoint="kubelet_internal_checkpoint" err="checkpoint is not found"
2025-01-30 18:12:58,269 INFO c.h.h.t.HelmChartContainer - [K3S] [eviction_manager.go:189] "Eviction manager: starting control loop"
2025-01-30 18:12:58,269 INFO c.h.h.t.HelmChartContainer - [K3S] [container_log_manager.go:189] "Initializing container log rotate workers" workers=1 monitorPeriod="10s"
2025-01-30 18:12:58,270 INFO c.h.h.t.HelmChartContainer - [K3S] [plugin_manager.go:118] "Starting Kubelet Plugin Manager"
2025-01-30 18:12:58,278 INFO c.h.h.t.HelmChartContainer - [K3S] [eviction_manager.go:267] "eviction manager: failed to check if we have separate container filesystem. Ignoring." err="no imagefs label for configured runtime"
2025-01-30 18:12:58,278 INFO c.h.h.t.HelmChartContainer - [K3S] [eviction_manager.go:292] "Eviction manager: failed to get summary stats" err="failed to get node info: node \"b22a4545b13d\" not found"
2025-01-30 18:12:58,329 INFO c.h.h.t.HelmChartContainer - [K3S] [ERROR] Sending HTTP/1.1 503 response to 127.0.0.1:36192: runtime core not ready
2025-01-30 18:12:58,371 INFO c.h.h.t.HelmChartContainer - [K3S] [kubelet_node_status.go:76] "Attempting to register node" node="b22a4545b13d"
2025-01-30 18:12:58,378 INFO c.h.h.t.HelmChartContainer - [K3S] [kubelet_node_status.go:79] "Successfully registered node" node="b22a4545b13d"
2025-01-30 18:12:58,378 INFO c.h.h.t.HelmChartContainer - [K3S] [kubelet_node_status.go:549] "Error updating node status, will retry" err="error getting node \"b22a4545b13d\": node \"b22a4545b13d\" not found"
2025-01-30 18:12:58,381 INFO c.h.h.t.HelmChartContainer - [K3S] [INFO] Annotations and labels have been set successfully on node: b22a4545b13d
2025-01-30 18:12:58,381 INFO c.h.h.t.HelmChartContainer - [K3S] [INFO] Starting flannel with backend vxlan
2025-01-30 18:12:58,431 INFO c.h.h.t.HelmChartContainer - [K3S] [INFO] Running kube-proxy --cluster-cidr=10.42.0.0/16 --conntrack-max-per-core=0 --conntrack-tcp-timeout-close-wait=0s --conntrack-tcp-timeout-established=0s --healthz-bind-address=127.0.0.1 --hostname-override=b22a4545b13d --kubeconfig=/var/lib/rancher/k3s/agent/kubeproxy.kubeconfig --proxy-mode=iptables
2025-01-30 18:12:58,473 INFO c.h.h.t.HelmChartContainer - [K3S] [server.go:698] "Successfully retrieved node IP(s)" IPs=["172.18.0.2"]
2025-01-30 18:12:58,473 INFO c.h.h.t.HelmChartContainer - [K3S] [server.go:234] "Kube-proxy configuration may be incomplete or incorrect" err="nodePortAddresses is unset; NodePort connections will be accepted on all local IPs. Consider using `--nodeport-addresses primary`"
2025-01-30 18:12:58,476 INFO c.h.h.t.HelmChartContainer - [K3S] [server.go:243] "kube-proxy running in dual-stack mode" primary ipFamily="IPv4"
2025-01-30 18:12:58,476 INFO c.h.h.t.HelmChartContainer - [K3S] [server_linux.go:170] "Using iptables Proxier"
2025-01-30 18:12:58,478 INFO c.h.h.t.HelmChartContainer - [K3S] [proxier.go:255] "Setting route_localnet=1 to allow node-ports on localhost; to change this either disable iptables.localhostNodePorts (--iptables-localhost-nodeports) or set nodePortAddresses (--nodeport-addresses) to filter loopback addresses"
2025-01-30 18:12:58,482 INFO c.h.h.t.HelmChartContainer - [K3S] [server.go:497] "Version info" version="v1.32.1+k3s1"
2025-01-30 18:12:58,482 INFO c.h.h.t.HelmChartContainer - [K3S] [server.go:499] "Golang settings" GOGC="" GOMAXPROCS="" GOTRACEBACK=""
2025-01-30 18:12:58,487 INFO c.h.h.t.HelmChartContainer - [K3S] [config.go:199] "Starting service config controller"
2025-01-30 18:12:58,488 INFO c.h.h.t.HelmChartContainer - [K3S] [config.go:105] "Starting endpoint slice config controller"
2025-01-30 18:12:58,488 INFO c.h.h.t.HelmChartContainer - [K3S] [config.go:329] "Starting node config controller"
2025-01-30 18:12:58,687 INFO c.h.h.t.HelmChartContainer - [K3S] [kubelet_node_status.go:502] "Fast updating node status as it just became ready"
2025-01-30 18:12:58,993 INFO c.h.h.t.HelmChartContainer - [K3S] [INFO] Waiting for untainted node
2025-01-30 18:12:58,993 INFO c.h.h.t.HelmChartContainer - [K3S] [INFO] Kube API server is now running
2025-01-30 18:12:58,993 INFO c.h.h.t.HelmChartContainer - [K3S] [INFO] ETCD server is now running
2025-01-30 18:12:58,993 INFO c.h.h.t.HelmChartContainer - [K3S] [INFO] k3s is up and running
2025-01-30 18:12:58,993 INFO c.h.h.t.HelmChartContainer - [K3S] [INFO] Waiting for cloud-controller-manager privileges to become available
2025-01-30 18:12:58,994 INFO c.h.h.t.HelmChartContainer - [K3S] [INFO] Creating k3s-supervisor event broadcaster
2025-01-30 18:12:59,000 INFO c.h.h.t.HelmChartContainer - [K3S] [INFO] Applying CRD addons.k3s.cattle.io
2025-01-30 18:12:59,010 INFO c.h.h.t.HelmChartContainer - [K3S] [INFO] Applying CRD etcdsnapshotfiles.k3s.cattle.io
2025-01-30 18:12:59,019 INFO c.h.h.t.HelmChartContainer - [K3S] [INFO] Applying CRD helmcharts.helm.cattle.io
2025-01-30 18:12:59,036 INFO c.h.h.t.HelmChartContainer - [K3S] [INFO] Applying CRD helmchartconfigs.helm.cattle.io
2025-01-30 18:12:59,060 INFO c.h.h.t.HelmChartContainer - [K3S] [INFO] Waiting for CRD helmchartconfigs.helm.cattle.io to become available
2025-01-30 18:12:59,210 INFO c.h.h.t.HelmChartContainer - [K3S] [apiserver.go:52] "Watching apiserver"
2025-01-30 18:12:59,230 INFO c.h.h.t.HelmChartContainer - [K3S] [desired_state_of_world_populator.go:157] "Finished populating initial desired state of world"
2025-01-30 18:12:59,414 INFO c.h.h.t.HelmChartContainer - [K3S] [serving.go:392] Generated self-signed cert in-memory
2025-01-30 18:12:59,562 INFO c.h.h.t.HelmChartContainer - [K3S] [INFO] Done waiting for CRD helmchartconfigs.helm.cattle.io to become available
2025-01-30 18:12:59,563 INFO c.h.h.t.HelmChartContainer - [K3S] [INFO] Writing static file: /var/lib/rancher/k3s/server/static/charts/traefik-27.0.201+up27.0.2.tgz
2025-01-30 18:12:59,564 INFO c.h.h.t.HelmChartContainer - [K3S] [INFO] Writing static file: /var/lib/rancher/k3s/server/static/charts/traefik-crd-27.0.201+up27.0.2.tgz
2025-01-30 18:12:59,564 INFO c.h.h.t.HelmChartContainer - [K3S] [INFO] Writing manifest: /var/lib/rancher/k3s/server/manifests/ccm.yaml
2025-01-30 18:12:59,564 INFO c.h.h.t.HelmChartContainer - [K3S] [INFO] Writing manifest: /var/lib/rancher/k3s/server/manifests/coredns.yaml
2025-01-30 18:12:59,564 INFO c.h.h.t.HelmChartContainer - [K3S] [INFO] Writing manifest: /var/lib/rancher/k3s/server/manifests/metrics-server/aggregated-metrics-reader.yaml
2025-01-30 18:12:59,564 INFO c.h.h.t.HelmChartContainer - [K3S] [INFO] Writing manifest: /var/lib/rancher/k3s/server/manifests/metrics-server/metrics-server-deployment.yaml
2025-01-30 18:12:59,565 INFO c.h.h.t.HelmChartContainer - [K3S] [INFO] Writing manifest: /var/lib/rancher/k3s/server/manifests/metrics-server/metrics-server-service.yaml
2025-01-30 18:12:59,565 INFO c.h.h.t.HelmChartContainer - [K3S] [INFO] Writing manifest: /var/lib/rancher/k3s/server/manifests/local-storage.yaml
2025-01-30 18:12:59,566 INFO c.h.h.t.HelmChartContainer - [K3S] [INFO] Writing manifest: /var/lib/rancher/k3s/server/manifests/metrics-server/auth-delegator.yaml
2025-01-30 18:12:59,566 INFO c.h.h.t.HelmChartContainer - [K3S] [INFO] Writing manifest: /var/lib/rancher/k3s/server/manifests/metrics-server/auth-reader.yaml
2025-01-30 18:12:59,566 INFO c.h.h.t.HelmChartContainer - [K3S] [INFO] Writing manifest: /var/lib/rancher/k3s/server/manifests/metrics-server/metrics-apiservice.yaml
2025-01-30 18:12:59,566 INFO c.h.h.t.HelmChartContainer - [K3S] [INFO] Writing manifest: /var/lib/rancher/k3s/server/manifests/metrics-server/resource-reader.yaml
2025-01-30 18:12:59,566 INFO c.h.h.t.HelmChartContainer - [K3S] [INFO] Writing manifest: /var/lib/rancher/k3s/server/manifests/rolebindings.yaml
2025-01-30 18:12:59,566 INFO c.h.h.t.HelmChartContainer - [K3S] [INFO] Writing manifest: /var/lib/rancher/k3s/server/manifests/runtimes.yaml
2025-01-30 18:12:59,567 INFO c.h.h.t.HelmChartContainer - [K3S] [INFO] Starting dynamiclistener CN filter node controller with SANs: [localhost 127.0.0.1 ::1 localhost b22a4545b13d 172.18.0.2 10.43.0.1 kubernetes kubernetes.default kubernetes.default.svc kubernetes.default.svc.cluster.local]
2025-01-30 18:12:59,567 INFO c.h.h.t.HelmChartContainer - [K3S] [INFO] Tunnel server egress proxy mode: agent
2025-01-30 18:12:59,671 INFO c.h.h.t.HelmChartContainer - [K3S] [INFO] Starting k3s.cattle.io/v1, Kind=Addon controller
2025-01-30 18:12:59,672 INFO c.h.h.t.HelmChartContainer - [K3S] [INFO] Creating deploy event broadcaster
2025-01-30 18:12:59,776 INFO c.h.h.t.HelmChartContainer - [K3S] [INFO] Starting /v1, Kind=Node controller
2025-01-30 18:12:59,776 INFO c.h.h.t.HelmChartContainer - [K3S] [INFO] Creating helm-controller event broadcaster
2025-01-30 18:12:59,786 INFO c.h.h.t.HelmChartContainer - [K3S] [INFO] Cluster dns configmap has been set successfully
2025-01-30 18:12:59,811 INFO c.h.h.t.HelmChartContainer - [K3S] [controllermanager.go:185] "Starting" version="v1.32.1+k3s1"
2025-01-30 18:12:59,811 INFO c.h.h.t.HelmChartContainer - [K3S] [controllermanager.go:187] "Golang settings" GOGC="" GOMAXPROCS="" GOTRACEBACK=""
2025-01-30 18:12:59,814 INFO c.h.h.t.HelmChartContainer - [K3S] [configmap_cafile_content.go:205] "Starting controller" name="client-ca::kube-system::extension-apiserver-authentication::client-ca-file"
2025-01-30 18:12:59,814 INFO c.h.h.t.HelmChartContainer - [K3S] [tlsconfig.go:243] "Starting DynamicServingCertificateController"
2025-01-30 18:12:59,814 INFO c.h.h.t.HelmChartContainer - [K3S] [configmap_cafile_content.go:205] "Starting controller" name="client-ca::kube-system::extension-apiserver-authentication::requestheader-client-ca-file"
2025-01-30 18:12:59,814 INFO c.h.h.t.HelmChartContainer - [K3S] [requestheader_controller.go:180] Starting RequestHeaderAuthRequestController
2025-01-30 18:12:59,814 INFO c.h.h.t.HelmChartContainer - [K3S] [secure_serving.go:213] Serving securely on 127.0.0.1:10257
2025-01-30 18:12:59,819 INFO c.h.h.t.HelmChartContainer - [K3S] [INFO] Starting /v1, Kind=Secret controller
2025-01-30 18:12:59,819 INFO c.h.h.t.HelmChartContainer - [K3S] [INFO] Starting /v1, Kind=ConfigMap controller
2025-01-30 18:12:59,819 INFO c.h.h.t.HelmChartContainer - [K3S] [INFO] Starting /v1, Kind=ServiceAccount controller
2025-01-30 18:12:59,822 INFO c.h.h.t.HelmChartContainer - [K3S] [INFO] Updating TLS secret for kube-system/k3s-serving (count: 10): map[listener.cattle.io/cn-10.43.0.1:10.43.0.1 listener.cattle.io/cn-127.0.0.1:127.0.0.1 listener.cattle.io/cn-172.18.0.2:172.18.0.2 listener.cattle.io/cn-__1-f16284:::1 listener.cattle.io/cn-b22a4545b13d:b22a4545b13d listener.cattle.io/cn-kubernetes:kubernetes listener.cattle.io/cn-kubernetes.default:kubernetes.default listener.cattle.io/cn-kubernetes.default.svc:kubernetes.default.svc listener.cattle.io/cn-kubernetes.default.svc.cluster.local:kubernetes.default.svc.cluster.local listener.cattle.io/cn-localhost:localhost listener.cattle.io/fingerprint:SHA1=4FB221D06BE7E3561D548516369633BD52B6197D]
2025-01-30 18:12:59,823 INFO c.h.h.t.HelmChartContainer - [K3S] [controllermanager.go:765] "Started controller" controller="serviceaccount-token-controller"
2025-01-30 18:12:59,826 INFO c.h.h.t.HelmChartContainer - [K3S] [INFO] Active TLS secret kube-system/k3s-serving (ver=229) (count 10): map[listener.cattle.io/cn-10.43.0.1:10.43.0.1 listener.cattle.io/cn-127.0.0.1:127.0.0.1 listener.cattle.io/cn-172.18.0.2:172.18.0.2 listener.cattle.io/cn-__1-f16284:::1 listener.cattle.io/cn-b22a4545b13d:b22a4545b13d listener.cattle.io/cn-kubernetes:kubernetes listener.cattle.io/cn-kubernetes.default:kubernetes.default listener.cattle.io/cn-kubernetes.default.svc:kubernetes.default.svc listener.cattle.io/cn-kubernetes.default.svc.cluster.local:kubernetes.default.svc.cluster.local listener.cattle.io/cn-localhost:localhost listener.cattle.io/fingerprint:SHA1=4FB221D06BE7E3561D548516369633BD52B6197D]
2025-01-30 18:12:59,829 INFO c.h.h.t.HelmChartContainer - [K3S] [controllermanager.go:765] "Started controller" controller="daemonset-controller"
2025-01-30 18:12:59,829 INFO c.h.h.t.HelmChartContainer - [K3S] [daemon_controller.go:294] "Starting daemon sets controller"
2025-01-30 18:12:59,840 INFO c.h.h.t.HelmChartContainer - [K3S] [controllermanager.go:765] "Started controller" controller="horizontal-pod-autoscaler-controller"
2025-01-30 18:12:59,840 INFO c.h.h.t.HelmChartContainer - [K3S] [horizontal.go:201] "Starting HPA controller"
2025-01-30 18:12:59,855 INFO c.h.h.t.HelmChartContainer - [K3S] [range_allocator.go:112] "No Secondary Service CIDR provided. Skipping filtering out secondary service addresses"
2025-01-30 18:12:59,856 INFO c.h.h.t.HelmChartContainer - [K3S] [controllermanager.go:765] "Started controller" controller="node-ipam-controller"
2025-01-30 18:12:59,856 INFO c.h.h.t.HelmChartContainer - [K3S] [node_ipam_controller.go:141] "Starting ipam controller"
2025-01-30 18:12:59,861 INFO c.h.h.t.HelmChartContainer - [K3S] [controllermanager.go:765] "Started controller" controller="ttl-after-finished-controller"
2025-01-30 18:12:59,861 INFO c.h.h.t.HelmChartContainer - [K3S] [ttlafterfinished_controller.go:112] "Starting TTL after finished controller"
2025-01-30 18:12:59,863 INFO c.h.h.t.HelmChartContainer - [K3S] [controllermanager.go:765] "Started controller" controller="taint-eviction-controller"
2025-01-30 18:12:59,863 INFO c.h.h.t.HelmChartContainer - [K3S] [controllermanager.go:717] "Controller is disabled by a feature gate" controller="selinux-warning-controller" requiredFeatureGates=["SELinuxChangePolicy"]
2025-01-30 18:12:59,863 INFO c.h.h.t.HelmChartContainer - [K3S] [taint_eviction.go:281] "Starting" controller="taint-eviction-controller"
2025-01-30 18:12:59,863 INFO c.h.h.t.HelmChartContainer - [K3S] [taint_eviction.go:287] "Sending events to api server"
2025-01-30 18:12:59,868 INFO c.h.h.t.HelmChartContainer - [K3S] [controllermanager.go:765] "Started controller" controller="endpoints-controller"
2025-01-30 18:12:59,868 INFO c.h.h.t.HelmChartContainer - [K3S] [endpoints_controller.go:182] "Starting endpoint controller"
2025-01-30 18:12:59,873 INFO c.h.h.t.HelmChartContainer - [K3S] [controllermanager.go:765] "Started controller" controller="certificatesigningrequest-cleaner-controller"
2025-01-30 18:12:59,873 INFO c.h.h.t.HelmChartContainer - [K3S] [controllermanager.go:728] "Warning: controller is disabled" controller="bootstrap-signer-controller"
2025-01-30 18:12:59,873 INFO c.h.h.t.HelmChartContainer - [K3S] [cleaner.go:83] "Starting CSR cleaner controller"
2025-01-30 18:12:59,878 INFO c.h.h.t.HelmChartContainer - [K3S] [controllermanager.go:765] "Started controller" controller="token-cleaner-controller"
2025-01-30 18:12:59,878 INFO c.h.h.t.HelmChartContainer - [K3S] [tokencleaner.go:117] "Starting token cleaner controller"
2025-01-30 18:12:59,882 INFO c.h.h.t.HelmChartContainer - [K3S] [controllermanager.go:765] "Started controller" controller="clusterrole-aggregation-controller"
2025-01-30 18:12:59,883 INFO c.h.h.t.HelmChartContainer - [K3S] [clusterroleaggregation_controller.go:194] "Starting ClusterRoleAggregator controller"
2025-01-30 18:12:59,885 INFO c.h.h.t.HelmChartContainer - [K3S] [INFO] Starting helm.cattle.io/v1, Kind=HelmChart controller
2025-01-30 18:12:59,886 INFO c.h.h.t.HelmChartContainer - [K3S] [INFO] Starting helm.cattle.io/v1, Kind=HelmChartConfig controller
2025-01-30 18:12:59,888 INFO c.h.h.t.HelmChartContainer - [K3S] [INFO] Starting rbac.authorization.k8s.io/v1, Kind=ClusterRoleBinding controller
2025-01-30 18:12:59,891 INFO c.h.h.t.HelmChartContainer - [K3S] [INFO] Starting batch/v1, Kind=Job controller
2025-01-30 18:12:59,919 INFO c.h.h.t.HelmChartContainer - [K3S] [INFO] Updating TLS secret for kube-system/k3s-serving (count: 10): map[listener.cattle.io/cn-10.43.0.1:10.43.0.1 listener.cattle.io/cn-127.0.0.1:127.0.0.1 listener.cattle.io/cn-172.18.0.2:172.18.0.2 listener.cattle.io/cn-__1-f16284:::1 listener.cattle.io/cn-b22a4545b13d:b22a4545b13d listener.cattle.io/cn-kubernetes:kubernetes listener.cattle.io/cn-kubernetes.default:kubernetes.default listener.cattle.io/cn-kubernetes.default.svc:kubernetes.default.svc listener.cattle.io/cn-kubernetes.default.svc.cluster.local:kubernetes.default.svc.cluster.local listener.cattle.io/cn-localhost:localhost listener.cattle.io/fingerprint:SHA1=4FB221D06BE7E3561D548516369633BD52B6197D]
2025-01-30 18:12:59,975 INFO c.h.h.t.HelmChartContainer - [K3S] [controllermanager.go:765] "Started controller" controller="job-controller"
2025-01-30 18:12:59,976 INFO c.h.h.t.HelmChartContainer - [K3S] [job_controller.go:243] "Starting job controller"
2025-01-30 18:13:00,025 INFO c.h.h.t.HelmChartContainer - [K3S] [node_lifecycle_controller.go:432] "Controller will reconcile labels"
2025-01-30 18:13:00,026 INFO c.h.h.t.HelmChartContainer - [K3S] [controllermanager.go:765] "Started controller" controller="node-lifecycle-controller"
2025-01-30 18:13:00,026 INFO c.h.h.t.HelmChartContainer - [K3S] [controllermanager.go:723] "Skipping a cloud provider controller" controller="service-lb-controller"
2025-01-30 18:13:00,026 INFO c.h.h.t.HelmChartContainer - [K3S] [node_lifecycle_controller.go:466] "Sending events to api server"
2025-01-30 18:13:00,026 INFO c.h.h.t.HelmChartContainer - [K3S] [node_lifecycle_controller.go:477] "Starting node controller"
2025-01-30 18:13:00,182 INFO c.h.h.t.HelmChartContainer - [K3S] [controllermanager.go:765] "Started controller" controller="root-ca-certificate-publisher-controller"
2025-01-30 18:13:00,182 INFO c.h.h.t.HelmChartContainer - [K3S] [controllermanager.go:743] "Warning: skipping controller" controller="storage-version-migrator-controller"
2025-01-30 18:13:00,182 INFO c.h.h.t.HelmChartContainer - [K3S] [publisher.go:107] "Starting root CA cert publisher controller"
2025-01-30 18:13:00,326 INFO c.h.h.t.HelmChartContainer - [K3S] [controllermanager.go:765] "Started controller" controller="replicationcontroller-controller"
2025-01-30 18:13:00,326 INFO c.h.h.t.HelmChartContainer - [K3S] [replica_set.go:217] "Starting controller" name="replicationcontroller"
2025-01-30 18:13:00,476 INFO c.h.h.t.HelmChartContainer - [K3S] [controllermanager.go:765] "Started controller" controller="replicaset-controller"
2025-01-30 18:13:00,476 INFO c.h.h.t.HelmChartContainer - [K3S] [replica_set.go:217] "Starting controller" name="replicaset"
2025-01-30 18:13:00,626 INFO c.h.h.t.HelmChartContainer - [K3S] [controllermanager.go:765] "Started controller" controller="persistentvolume-expander-controller"
2025-01-30 18:13:00,626 INFO c.h.h.t.HelmChartContainer - [K3S] [expand_controller.go:329] "Starting expand controller"
2025-01-30 18:13:00,776 INFO c.h.h.t.HelmChartContainer - [K3S] [controllermanager.go:765] "Started controller" controller="legacy-serviceaccount-token-cleaner-controller"
2025-01-30 18:13:00,776 INFO c.h.h.t.HelmChartContainer - [K3S] [legacy_serviceaccount_token_cleaner.go:103] "Starting legacy service account token cleaner controller"
2025-01-30 18:13:00,803 INFO c.h.h.t.HelmChartContainer - [K3S] [INFO] Labels and annotations have been set successfully on node: b22a4545b13d
2025-01-30 18:13:01,028 INFO c.h.h.t.HelmChartContainer - [K3S] [controllermanager.go:765] "Started controller" controller="garbage-collector-controller"
2025-01-30 18:13:01,029 INFO c.h.h.t.HelmChartContainer - [K3S] [graph_builder.go:351] "Running" component="GraphBuilder"
2025-01-30 18:13:01,276 INFO c.h.h.t.HelmChartContainer - [K3S] [controllermanager.go:765] "Started controller" controller="pod-garbage-collector-controller"
2025-01-30 18:13:01,276 INFO c.h.h.t.HelmChartContainer - [K3S] [gc_controller.go:99] "Starting GC controller"
2025-01-30 18:13:01,426 INFO c.h.h.t.HelmChartContainer - [K3S] [controllermanager.go:765] "Started controller" controller="serviceaccount-controller"
2025-01-30 18:13:01,426 INFO c.h.h.t.HelmChartContainer - [K3S] [serviceaccounts_controller.go:114] "Starting service account controller"
2025-01-30 18:13:01,577 INFO c.h.h.t.HelmChartContainer - [K3S] [controllermanager.go:765] "Started controller" controller="deployment-controller"
2025-01-30 18:13:01,577 INFO c.h.h.t.HelmChartContainer - [K3S] [deployment_controller.go:173] "Starting controller" controller="deployment"
2025-01-30 18:13:01,677 INFO c.h.h.t.HelmChartContainer - [K3S] [event.go:389] "Event occurred" object="kube-system/ccm" fieldPath="" kind="Addon" apiVersion="k3s.cattle.io/v1" type="Normal" reason="ApplyingManifest" message="Applying manifest at \"/var/lib/rancher/k3s/server/manifests/ccm.yaml\""
2025-01-30 18:13:01,696 INFO c.h.h.t.HelmChartContainer - [K3S] [event.go:389] "Event occurred" object="kube-system/ccm" fieldPath="" kind="Addon" apiVersion="k3s.cattle.io/v1" type="Normal" reason="AppliedManifest" message="Applied manifest at \"/var/lib/rancher/k3s/server/manifests/ccm.yaml\""
2025-01-30 18:13:01,704 INFO c.h.h.t.HelmChartContainer - [K3S] [event.go:389] "Event occurred" object="kube-system/coredns" fieldPath="" kind="Addon" apiVersion="k3s.cattle.io/v1" type="Normal" reason="ApplyingManifest" message="Applying manifest at \"/var/lib/rancher/k3s/server/manifests/coredns.yaml\""
2025-01-30 18:13:01,717 INFO c.h.h.t.HelmChartContainer - [K3S] [event.go:389] "Event occurred" object="b22a4545b13d" fieldPath="" kind="Node" apiVersion="" type="Normal" reason="NodePasswordValidationComplete" message="Deferred node password secret validation complete"
2025-01-30 18:13:01,775 INFO c.h.h.t.HelmChartContainer - [K3S] [controllermanager.go:765] "Started controller" controller="disruption-controller"
2025-01-30 18:13:01,775 INFO c.h.h.t.HelmChartContainer - [K3S] [disruption.go:452] "Sending events to api server."
2025-01-30 18:13:01,775 INFO c.h.h.t.HelmChartContainer - [K3S] [disruption.go:463] "Starting disruption controller"
2025-01-30 18:13:01,807 INFO c.h.h.t.HelmChartContainer - [K3S] [alloc.go:330] "allocated clusterIPs" service="kube-system/kube-dns" clusterIPs={"IPv4":"10.43.0.10"}
2025-01-30 18:13:01,808 INFO c.h.h.t.HelmChartContainer - [K3S] [event.go:389] "Event occurred" object="kube-system/coredns" fieldPath="" kind="Addon" apiVersion="k3s.cattle.io/v1" type="Normal" reason="AppliedManifest" message="Applied manifest at \"/var/lib/rancher/k3s/server/manifests/coredns.yaml\""
2025-01-30 18:13:01,815 INFO c.h.h.t.HelmChartContainer - [K3S] [event.go:389] "Event occurred" object="kube-system/local-storage" fieldPath="" kind="Addon" apiVersion="k3s.cattle.io/v1" type="Normal" reason="ApplyingManifest" message="Applying manifest at \"/var/lib/rancher/k3s/server/manifests/local-storage.yaml\""
2025-01-30 18:13:01,909 INFO c.h.h.t.HelmChartContainer - [K3S] [event.go:389] "Event occurred" object="kube-system/local-storage" fieldPath="" kind="Addon" apiVersion="k3s.cattle.io/v1" type="Normal" reason="AppliedManifest" message="Applied manifest at \"/var/lib/rancher/k3s/server/manifests/local-storage.yaml\""
2025-01-30 18:13:01,914 INFO c.h.h.t.HelmChartContainer - [K3S] [event.go:389] "Event occurred" object="kube-system/aggregated-metrics-reader" fieldPath="" kind="Addon" apiVersion="k3s.cattle.io/v1" type="Normal" reason="ApplyingManifest" message="Applying manifest at \"/var/lib/rancher/k3s/server/manifests/metrics-server/aggregated-metrics-reader.yaml\""
2025-01-30 18:13:01,918 INFO c.h.h.t.HelmChartContainer - [K3S] [event.go:389] "Event occurred" object="kube-system/aggregated-metrics-reader" fieldPath="" kind="Addon" apiVersion="k3s.cattle.io/v1" type="Normal" reason="AppliedManifest" message="Applied manifest at \"/var/lib/rancher/k3s/server/manifests/metrics-server/aggregated-metrics-reader.yaml\""
2025-01-30 18:13:01,924 INFO c.h.h.t.HelmChartContainer - [K3S] [event.go:389] "Event occurred" object="kube-system/auth-delegator" fieldPath="" kind="Addon" apiVersion="k3s.cattle.io/v1" type="Normal" reason="ApplyingManifest" message="Applying manifest at \"/var/lib/rancher/k3s/server/manifests/metrics-server/auth-delegator.yaml\""
2025-01-30 18:13:01,925 INFO c.h.h.t.HelmChartContainer - [K3S] [controllermanager.go:765] "Started controller" controller="statefulset-controller"
2025-01-30 18:13:01,926 INFO c.h.h.t.HelmChartContainer - [K3S] [stateful_set.go:166] "Starting stateful set controller"
2025-01-30 18:13:01,929 INFO c.h.h.t.HelmChartContainer - [K3S] [event.go:389] "Event occurred" object="kube-system/auth-delegator" fieldPath="" kind="Addon" apiVersion="k3s.cattle.io/v1" type="Normal" reason="AppliedManifest" message="Applied manifest at \"/var/lib/rancher/k3s/server/manifests/metrics-server/auth-delegator.yaml\""
2025-01-30 18:13:01,934 INFO c.h.h.t.HelmChartContainer - [K3S] [event.go:389] "Event occurred" object="kube-system/auth-reader" fieldPath="" kind="Addon" apiVersion="k3s.cattle.io/v1" type="Normal" reason="ApplyingManifest" message="Applying manifest at \"/var/lib/rancher/k3s/server/manifests/metrics-server/auth-reader.yaml\""
2025-01-30 18:13:01,939 INFO c.h.h.t.HelmChartContainer - [K3S] [event.go:389] "Event occurred" object="kube-system/auth-reader" fieldPath="" kind="Addon" apiVersion="k3s.cattle.io/v1" type="Normal" reason="AppliedManifest" message="Applied manifest at \"/var/lib/rancher/k3s/server/manifests/metrics-server/auth-reader.yaml\""
2025-01-30 18:13:01,945 INFO c.h.h.t.HelmChartContainer - [K3S] [event.go:389] "Event occurred" object="kube-system/metrics-apiservice" fieldPath="" kind="Addon" apiVersion="k3s.cattle.io/v1" type="Normal" reason="ApplyingManifest" message="Applying manifest at \"/var/lib/rancher/k3s/server/manifests/metrics-server/metrics-apiservice.yaml\""
2025-01-30 18:13:01,952 INFO c.h.h.t.HelmChartContainer - [K3S] [event.go:389] "Event occurred" object="kube-system/metrics-apiservice" fieldPath="" kind="Addon" apiVersion="k3s.cattle.io/v1" type="Normal" reason="AppliedManifest" message="Applied manifest at \"/var/lib/rancher/k3s/server/manifests/metrics-server/metrics-apiservice.yaml\""
2025-01-30 18:13:01,955 INFO c.h.h.t.HelmChartContainer - [K3S] [handler_proxy.go:99] no RequestInfo found in the context
2025-01-30 18:13:01,956 INFO c.h.h.t.HelmChartContainer - [K3S] [controller.go:146] "Unhandled Error" err=<
2025-01-30 18:13:01,956 INFO c.h.h.t.HelmChartContainer - [K3S] 	, Header: map[Content-Type:[text/plain; charset=utf-8] X-Content-Type-Options:[nosniff]]
2025-01-30 18:13:01,956 INFO c.h.h.t.HelmChartContainer - [K3S]  >
2025-01-30 18:13:01,957 INFO c.h.h.t.HelmChartContainer - [K3S] [handler_proxy.go:143] error resolving kube-system/metrics-server: service "metrics-server" not found
2025-01-30 18:13:01,958 INFO c.h.h.t.HelmChartContainer - [K3S] [event.go:389] "Event occurred" object="kube-system/metrics-server-deployment" fieldPath="" kind="Addon" apiVersion="k3s.cattle.io/v1" type="Normal" reason="ApplyingManifest" message="Applying manifest at \"/var/lib/rancher/k3s/server/manifests/metrics-server/metrics-server-deployment.yaml\""
2025-01-30 18:13:02,001 INFO c.h.h.t.HelmChartContainer - [K3S] [event.go:389] "Event occurred" object="kube-system/metrics-server-deployment" fieldPath="" kind="Addon" apiVersion="k3s.cattle.io/v1" type="Normal" reason="AppliedManifest" message="Applied manifest at \"/var/lib/rancher/k3s/server/manifests/metrics-server/metrics-server-deployment.yaml\""
2025-01-30 18:13:02,007 INFO c.h.h.t.HelmChartContainer - [K3S] [event.go:389] "Event occurred" object="kube-system/metrics-server-service" fieldPath="" kind="Addon" apiVersion="k3s.cattle.io/v1" type="Normal" reason="ApplyingManifest" message="Applying manifest at \"/var/lib/rancher/k3s/server/manifests/metrics-server/metrics-server-service.yaml\""
2025-01-30 18:13:02,014 INFO c.h.h.t.HelmChartContainer - [K3S] [alloc.go:330] "allocated clusterIPs" service="kube-system/metrics-server" clusterIPs={"IPv4":"10.43.247.251"}
2025-01-30 18:13:02,015 INFO c.h.h.t.HelmChartContainer - [K3S] [event.go:389] "Event occurred" object="kube-system/metrics-server-service" fieldPath="" kind="Addon" apiVersion="k3s.cattle.io/v1" type="Normal" reason="AppliedManifest" message="Applied manifest at \"/var/lib/rancher/k3s/server/manifests/metrics-server/metrics-server-service.yaml\""
2025-01-30 18:13:02,019 INFO c.h.h.t.HelmChartContainer - [K3S] [handler_proxy.go:99] no RequestInfo found in the context
2025-01-30 18:13:02,020 INFO c.h.h.t.HelmChartContainer - [K3S] [controller.go:146] "Unhandled Error" err=<
2025-01-30 18:13:02,020 INFO c.h.h.t.HelmChartContainer - [K3S] 	, Header: map[Content-Type:[text/plain; charset=utf-8] X-Content-Type-Options:[nosniff]]
2025-01-30 18:13:02,020 INFO c.h.h.t.HelmChartContainer - [K3S]  >
2025-01-30 18:13:02,021 INFO c.h.h.t.HelmChartContainer - [K3S] [handler_proxy.go:143] error resolving kube-system/metrics-server: endpoints "metrics-server" not found
2025-01-30 18:13:02,024 INFO c.h.h.t.HelmChartContainer - [K3S] [event.go:389] "Event occurred" object="kube-system/resource-reader" fieldPath="" kind="Addon" apiVersion="k3s.cattle.io/v1" type="Normal" reason="ApplyingManifest" message="Applying manifest at \"/var/lib/rancher/k3s/server/manifests/metrics-server/resource-reader.yaml\""
2025-01-30 18:13:02,035 INFO c.h.h.t.HelmChartContainer - [K3S] [event.go:389] "Event occurred" object="kube-system/resource-reader" fieldPath="" kind="Addon" apiVersion="k3s.cattle.io/v1" type="Normal" reason="AppliedManifest" message="Applied manifest at \"/var/lib/rancher/k3s/server/manifests/metrics-server/resource-reader.yaml\""
2025-01-30 18:13:02,042 INFO c.h.h.t.HelmChartContainer - [K3S] [event.go:389] "Event occurred" object="kube-system/rolebindings" fieldPath="" kind="Addon" apiVersion="k3s.cattle.io/v1" type="Normal" reason="ApplyingManifest" message="Applying manifest at \"/var/lib/rancher/k3s/server/manifests/rolebindings.yaml\""
2025-01-30 18:13:02,076 INFO c.h.h.t.HelmChartContainer - [K3S] [controllermanager.go:765] "Started controller" controller="ttl-controller"
2025-01-30 18:13:02,076 INFO c.h.h.t.HelmChartContainer - [K3S] [ttl_controller.go:127] "Starting TTL controller"
2025-01-30 18:13:02,149 INFO c.h.h.t.HelmChartContainer - [K3S] [event.go:389] "Event occurred" object="kube-system/rolebindings" fieldPath="" kind="Addon" apiVersion="k3s.cattle.io/v1" type="Normal" reason="AppliedManifest" message="Applied manifest at \"/var/lib/rancher/k3s/server/manifests/rolebindings.yaml\""
2025-01-30 18:13:02,156 INFO c.h.h.t.HelmChartContainer - [K3S] [event.go:389] "Event occurred" object="kube-system/runtimes" fieldPath="" kind="Addon" apiVersion="k3s.cattle.io/v1" type="Normal" reason="ApplyingManifest" message="Applying manifest at \"/var/lib/rancher/k3s/server/manifests/runtimes.yaml\""
2025-01-30 18:13:02,180 INFO c.h.h.t.HelmChartContainer - [K3S] [event.go:389] "Event occurred" object="kube-system/runtimes" fieldPath="" kind="Addon" apiVersion="k3s.cattle.io/v1" type="Normal" reason="AppliedManifest" message="Applied manifest at \"/var/lib/rancher/k3s/server/manifests/runtimes.yaml\""
2025-01-30 18:13:02,198 INFO c.h.h.t.HelmChartContainer - [K3S] [INFO] Tunnel authorizer set Kubelet Port 0.0.0.0:10250
2025-01-30 18:13:02,228 INFO c.h.h.t.HelmChartContainer - [K3S] [controllermanager.go:765] "Started controller" controller="persistentvolume-attach-detach-controller"
2025-01-30 18:13:02,228 INFO c.h.h.t.HelmChartContainer - [K3S] [attach_detach_controller.go:338] "Starting attach detach controller"
2025-01-30 18:13:02,344 INFO c.h.h.t.HelmChartContainer - [K3S] [serving.go:392] Generated self-signed cert in-memory
2025-01-30 18:13:02,376 INFO c.h.h.t.HelmChartContainer - [K3S] [controllermanager.go:765] "Started controller" controller="endpointslice-controller"
2025-01-30 18:13:02,376 INFO c.h.h.t.HelmChartContainer - [K3S] [controllermanager.go:717] "Controller is disabled by a feature gate" controller="volumeattributesclass-protection-controller" requiredFeatureGates=["VolumeAttributesClass"]
2025-01-30 18:13:02,376 INFO c.h.h.t.HelmChartContainer - [K3S] [controllermanager.go:717] "Controller is disabled by a feature gate" controller="kube-apiserver-serving-clustertrustbundle-publisher-controller" requiredFeatureGates=["ClusterTrustBundle"]
2025-01-30 18:13:02,376 INFO c.h.h.t.HelmChartContainer - [K3S] [controllermanager.go:717] "Controller is disabled by a feature gate" controller="storageversion-garbage-collector-controller" requiredFeatureGates=["APIServerIdentity","StorageVersionAPI"]
2025-01-30 18:13:02,376 INFO c.h.h.t.HelmChartContainer - [K3S] [endpointslice_controller.go:281] "Starting endpoint slice controller"
2025-01-30 18:13:02,526 INFO c.h.h.t.HelmChartContainer - [K3S] [controllermanager.go:765] "Started controller" controller="persistentvolume-protection-controller"
2025-01-30 18:13:02,526 INFO c.h.h.t.HelmChartContainer - [K3S] [pv_protection_controller.go:81] "Starting PV protection controller"
2025-01-30 18:13:02,595 INFO c.h.h.t.HelmChartContainer - [K3S] [serving.go:392] Generated self-signed cert in-memory
2025-01-30 18:13:02,832 INFO c.h.h.t.HelmChartContainer - [K3S] [controllermanager.go:765] "Started controller" controller="resourcequota-controller"
2025-01-30 18:13:02,832 INFO c.h.h.t.HelmChartContainer - [K3S] [resource_quota_controller.go:300] "Starting resource quota controller"
2025-01-30 18:13:02,876 INFO c.h.h.t.HelmChartContainer - [K3S] [certificate_controller.go:120] "Starting certificate controller" name="csrsigning-kubelet-serving"
2025-01-30 18:13:02,876 INFO c.h.h.t.HelmChartContainer - [K3S] [dynamic_serving_content.go:135] "Starting controller" name="csr-controller::/var/lib/rancher/k3s/server/tls/server-ca.nochain.crt::/var/lib/rancher/k3s/server/tls/server-ca.key"
2025-01-30 18:13:02,876 INFO c.h.h.t.HelmChartContainer - [K3S] [certificate_controller.go:120] "Starting certificate controller" name="csrsigning-kubelet-client"
2025-01-30 18:13:02,877 INFO c.h.h.t.HelmChartContainer - [K3S] [dynamic_serving_content.go:135] "Starting controller" name="csr-controller::/var/lib/rancher/k3s/server/tls/client-ca.nochain.crt::/var/lib/rancher/k3s/server/tls/client-ca.key"
2025-01-30 18:13:02,877 INFO c.h.h.t.HelmChartContainer - [K3S] [certificate_controller.go:120] "Starting certificate controller" name="csrsigning-kube-apiserver-client"
2025-01-30 18:13:02,877 INFO c.h.h.t.HelmChartContainer - [K3S] [dynamic_serving_content.go:135] "Starting controller" name="csr-controller::/var/lib/rancher/k3s/server/tls/client-ca.nochain.crt::/var/lib/rancher/k3s/server/tls/client-ca.key"
2025-01-30 18:13:02,877 INFO c.h.h.t.HelmChartContainer - [K3S] [controllermanager.go:765] "Started controller" controller="certificatesigningrequest-signing-controller"
2025-01-30 18:13:02,877 INFO c.h.h.t.HelmChartContainer - [K3S] [certificate_controller.go:120] "Starting certificate controller" name="csrsigning-legacy-unknown"
2025-01-30 18:13:02,877 INFO c.h.h.t.HelmChartContainer - [K3S] [dynamic_serving_content.go:135] "Starting controller" name="csr-controller::/var/lib/rancher/k3s/server/tls/server-ca.nochain.crt::/var/lib/rancher/k3s/server/tls/server-ca.key"
2025-01-30 18:13:02,922 INFO c.h.h.t.HelmChartContainer - [K3S] [controllermanager.go:160] Version: v1.32.1+k3s1
2025-01-30 18:13:02,925 INFO c.h.h.t.HelmChartContainer - [K3S] [requestheader_controller.go:180] Starting RequestHeaderAuthRequestController
2025-01-30 18:13:02,926 INFO c.h.h.t.HelmChartContainer - [K3S] [configmap_cafile_content.go:205] "Starting controller" name="client-ca::kube-system::extension-apiserver-authentication::client-ca-file"
2025-01-30 18:13:02,926 INFO c.h.h.t.HelmChartContainer - [K3S] [configmap_cafile_content.go:205] "Starting controller" name="client-ca::kube-system::extension-apiserver-authentication::requestheader-client-ca-file"
2025-01-30 18:13:02,926 INFO c.h.h.t.HelmChartContainer - [K3S] [secure_serving.go:213] Serving securely on 127.0.0.1:10258
2025-01-30 18:13:02,926 INFO c.h.h.t.HelmChartContainer - [K3S] [tlsconfig.go:243] "Starting DynamicServingCertificateController"
2025-01-30 18:13:02,929 INFO c.h.h.t.HelmChartContainer - [K3S] [INFO] Creating service-lb-controller event broadcaster
2025-01-30 18:13:02,953 INFO c.h.h.t.HelmChartContainer - [K3S] [handler_proxy.go:99] no RequestInfo found in the context
2025-01-30 18:13:02,953 INFO c.h.h.t.HelmChartContainer - [K3S] [handler_proxy.go:99] no RequestInfo found in the context
2025-01-30 18:13:02,953 INFO c.h.h.t.HelmChartContainer - [K3S] [controller.go:102] "Unhandled Error" err=<
2025-01-30 18:13:02,953 INFO c.h.h.t.HelmChartContainer - [K3S] 	, Header: map[Content-Type:[text/plain; charset=utf-8] X-Content-Type-Options:[nosniff]]
2025-01-30 18:13:02,953 INFO c.h.h.t.HelmChartContainer - [K3S]  >
2025-01-30 18:13:03,026 INFO c.h.h.t.HelmChartContainer - [K3S] [controllermanager.go:765] "Started controller" controller="persistentvolumeclaim-protection-controller"
2025-01-30 18:13:03,026 INFO c.h.h.t.HelmChartContainer - [K3S] [pvc_protection_controller.go:168] "Starting PVC protection controller"
2025-01-30 18:13:03,041 INFO c.h.h.t.HelmChartContainer - [K3S] [INFO] Starting /v1, Kind=Node controller
2025-01-30 18:13:03,044 INFO c.h.h.t.HelmChartContainer - [K3S] [INFO] Starting /v1, Kind=Pod controller
2025-01-30 18:13:03,046 INFO c.h.h.t.HelmChartContainer - [K3S] [INFO] Starting apps/v1, Kind=DaemonSet controller
2025-01-30 18:13:03,049 INFO c.h.h.t.HelmChartContainer - [K3S] [INFO] Starting discovery.k8s.io/v1, Kind=EndpointSlice controller
2025-01-30 18:13:03,049 INFO c.h.h.t.HelmChartContainer - [K3S] [controllermanager.go:329] Started "cloud-node-controller"
2025-01-30 18:13:03,050 INFO c.h.h.t.HelmChartContainer - [K3S] [controllermanager.go:329] Started "cloud-node-lifecycle-controller"
2025-01-30 18:13:03,050 INFO c.h.h.t.HelmChartContainer - [K3S] [node_controller.go:176] Sending events to api server.
2025-01-30 18:13:03,050 INFO c.h.h.t.HelmChartContainer - [K3S] [node_controller.go:185] Waiting for informer caches to sync
2025-01-30 18:13:03,051 INFO c.h.h.t.HelmChartContainer - [K3S] [node_lifecycle_controller.go:112] Sending events to api server
2025-01-30 18:13:03,051 INFO c.h.h.t.HelmChartContainer - [K3S] [controllermanager.go:329] Started "service-lb-controller"
2025-01-30 18:13:03,051 INFO c.h.h.t.HelmChartContainer - [K3S] [controllermanager.go:306] "node-route-controller" is disabled
2025-01-30 18:13:03,051 INFO c.h.h.t.HelmChartContainer - [K3S] [controller.go:234] Starting service controller
2025-01-30 18:13:03,151 INFO c.h.h.t.HelmChartContainer - [K3S] [node_controller.go:429] Initializing node b22a4545b13d with cloud provider
2025-01-30 18:13:03,155 INFO c.h.h.t.HelmChartContainer - [K3S] [node_controller.go:474] Successfully initialized node b22a4545b13d with cloud provider
2025-01-30 18:13:03,156 INFO c.h.h.t.HelmChartContainer - [K3S] [event.go:389] "Event occurred" object="b22a4545b13d" fieldPath="" kind="Node" apiVersion="v1" type="Normal" reason="Synced" message="Node synced successfully"
2025-01-30 18:13:03,167 INFO c.h.h.t.HelmChartContainer - [K3S] [INFO] Updated coredns NodeHosts entry for b22a4545b13d
2025-01-30 18:13:03,181 INFO c.h.h.t.HelmChartContainer - [K3S] [controllermanager.go:765] "Started controller" controller="ephemeral-volume-controller"
2025-01-30 18:13:03,181 INFO c.h.h.t.HelmChartContainer - [K3S] [controllermanager.go:717] "Controller is disabled by a feature gate" controller="resourceclaim-controller" requiredFeatureGates=["DynamicResourceAllocation"]
2025-01-30 18:13:03,181 INFO c.h.h.t.HelmChartContainer - [K3S] [controller.go:173] "Starting ephemeral volume controller"
2025-01-30 18:13:03,204 INFO c.h.h.t.HelmChartContainer - [K3S] [INFO] Started tunnel to 172.18.0.2:6443
2025-01-30 18:13:03,204 INFO c.h.h.t.HelmChartContainer - [K3S] [INFO] Stopped tunnel to 127.0.0.1:6443
2025-01-30 18:13:03,204 INFO c.h.h.t.HelmChartContainer - [K3S] [INFO] Connecting to proxy" url="wss://172.18.0.2:6443/v1-k3s/connect
2025-01-30 18:13:03,204 INFO c.h.h.t.HelmChartContainer - [K3S] [INFO] Proxy done" err="context canceled" url="wss://127.0.0.1:6443/v1-k3s/connect
2025-01-30 18:13:03,204 INFO c.h.h.t.HelmChartContainer - [K3S] [INFO] error in remotedialer server [400]: websocket: close 1006 (abnormal closure): unexpected EOF
2025-01-30 18:13:03,206 INFO c.h.h.t.HelmChartContainer - [K3S] [INFO] Handling backend connection request [b22a4545b13d]
2025-01-30 18:13:03,207 INFO c.h.h.t.HelmChartContainer - [K3S] [INFO] Remotedialer connected to proxy" url="wss://172.18.0.2:6443/v1-k3s/connect
2025-01-30 18:13:03,375 INFO c.h.h.t.HelmChartContainer - [K3S] [controllermanager.go:765] "Started controller" controller="validatingadmissionpolicy-status-controller"
2025-01-30 18:13:03,444 INFO c.h.h.t.HelmChartContainer - [K3S] [serving.go:392] Generated self-signed cert in-memory
2025-01-30 18:13:03,526 INFO c.h.h.t.HelmChartContainer - [K3S] [controllermanager.go:765] "Started controller" controller="endpointslice-mirroring-controller"
2025-01-30 18:13:03,526 INFO c.h.h.t.HelmChartContainer - [K3S] [endpointslicemirroring_controller.go:227] "Starting EndpointSliceMirroring controller"
2025-01-30 18:13:03,576 INFO c.h.h.t.HelmChartContainer - [K3S] [controllermanager.go:765] "Started controller" controller="certificatesigningrequest-approving-controller"
2025-01-30 18:13:03,576 INFO c.h.h.t.HelmChartContainer - [K3S] [controllermanager.go:723] "Skipping a cloud provider controller" controller="cloud-node-lifecycle-controller"
2025-01-30 18:13:03,576 INFO c.h.h.t.HelmChartContainer - [K3S] [certificate_controller.go:120] "Starting certificate controller" name="csrapproving"
2025-01-30 18:13:03,704 INFO c.h.h.t.HelmChartContainer - [K3S] [server.go:164] "Starting Kubernetes Scheduler" version="v1.32.1+k3s1"
2025-01-30 18:13:03,704 INFO c.h.h.t.HelmChartContainer - [K3S] [server.go:166] "Golang settings" GOGC="" GOMAXPROCS="" GOTRACEBACK=""
2025-01-30 18:13:03,707 INFO c.h.h.t.HelmChartContainer - [K3S] [requestheader_controller.go:180] Starting RequestHeaderAuthRequestController
2025-01-30 18:13:03,707 INFO c.h.h.t.HelmChartContainer - [K3S] [configmap_cafile_content.go:205] "Starting controller" name="client-ca::kube-system::extension-apiserver-authentication::client-ca-file"
2025-01-30 18:13:03,708 INFO c.h.h.t.HelmChartContainer - [K3S] [configmap_cafile_content.go:205] "Starting controller" name="client-ca::kube-system::extension-apiserver-authentication::requestheader-client-ca-file"
2025-01-30 18:13:03,708 INFO c.h.h.t.HelmChartContainer - [K3S] [secure_serving.go:213] Serving securely on 127.0.0.1:10259
2025-01-30 18:13:03,708 INFO c.h.h.t.HelmChartContainer - [K3S] [tlsconfig.go:243] "Starting DynamicServingCertificateController"
2025-01-30 18:13:03,726 INFO c.h.h.t.HelmChartContainer - [K3S] [controllermanager.go:765] "Started controller" controller="persistentvolume-binder-controller"
2025-01-30 18:13:03,726 INFO c.h.h.t.HelmChartContainer - [K3S] [pv_controller_base.go:308] "Starting persistent volume controller"
2025-01-30 18:13:03,875 INFO c.h.h.t.HelmChartContainer - [K3S] [controllermanager.go:765] "Started controller" controller="cronjob-controller"
2025-01-30 18:13:03,876 INFO c.h.h.t.HelmChartContainer - [K3S] [cronjob_controllerv2.go:145] "Starting cronjob controller v2"
2025-01-30 18:13:04,130 INFO c.h.h.t.HelmChartContainer - [K3S] [controllermanager.go:765] "Started controller" controller="namespace-controller"
2025-01-30 18:13:04,130 INFO c.h.h.t.HelmChartContainer - [K3S] [controllermanager.go:723] "Skipping a cloud provider controller" controller="node-route-controller"
2025-01-30 18:13:04,130 INFO c.h.h.t.HelmChartContainer - [K3S] [controllermanager.go:717] "Controller is disabled by a feature gate" controller="service-cidr-controller" requiredFeatureGates=["MultiCIDRServiceAllocator"]
2025-01-30 18:13:04,130 INFO c.h.h.t.HelmChartContainer - [K3S] [namespace_controller.go:202] "Starting namespace controller"
2025-01-30 18:13:04,139 INFO c.h.h.t.HelmChartContainer - [K3S] [actual_state_of_world.go:541] "Failed to update statusUpdateNeeded field in actual state of world" err="Failed to set statusUpdateNeeded to needed true, because nodeName=\"b22a4545b13d\" does not exist"
2025-01-30 18:13:04,156 INFO c.h.h.t.HelmChartContainer - [K3S] [range_allocator.go:177] "Sending events to api server"
2025-01-30 18:13:04,157 INFO c.h.h.t.HelmChartContainer - [K3S] [range_allocator.go:183] "Starting range CIDR allocator"
2025-01-30 18:13:04,161 INFO c.h.h.t.HelmChartContainer - [K3S] [range_allocator.go:428] "Set node PodCIDR" node="b22a4545b13d" podCIDRs=["10.42.0.0/24"]
2025-01-30 18:13:04,162 INFO c.h.h.t.HelmChartContainer - [K3S] [range_allocator.go:247] "Successfully synced" key="b22a4545b13d"
2025-01-30 18:13:04,162 INFO c.h.h.t.HelmChartContainer - [K3S] [range_allocator.go:247] "Successfully synced" key="b22a4545b13d"
2025-01-30 18:13:04,162 INFO c.h.h.t.HelmChartContainer - [K3S] [INFO] Flannel found PodCIDR assigned for node b22a4545b13d
2025-01-30 18:13:04,162 INFO c.h.h.t.HelmChartContainer - [K3S] [INFO] The interface eth0 with ipv4 address 172.18.0.2 will be used by flannel
2025-01-30 18:13:04,164 INFO c.h.h.t.HelmChartContainer - [K3S] [kube.go:139] Waiting 10m0s for node controller to sync
2025-01-30 18:13:04,164 INFO c.h.h.t.HelmChartContainer - [K3S] [kube.go:469] Starting kube subnet manager
2025-01-30 18:13:04,228 INFO c.h.h.t.HelmChartContainer - [K3S] [node_lifecycle_controller.go:1234] "Initializing eviction metric for zone" zone=""
2025-01-30 18:13:04,228 INFO c.h.h.t.HelmChartContainer - [K3S] [node_lifecycle_controller.go:886] "Missing timestamp for Node. Assuming now as a timestamp" node="b22a4545b13d"
2025-01-30 18:13:04,228 INFO c.h.h.t.HelmChartContainer - [K3S] [node_lifecycle_controller.go:1080] "Controller detected that zone is now in new state" zone="" newState="Normal"
2025-01-30 18:13:04,234 INFO c.h.h.t.HelmChartContainer - [K3S] [range_allocator.go:247] "Successfully synced" key="b22a4545b13d"
2025-01-30 18:13:04,235 INFO c.h.h.t.HelmChartContainer - [K3S] [handler_proxy.go:99] no RequestInfo found in the context
2025-01-30 18:13:04,235 INFO c.h.h.t.HelmChartContainer - [K3S] [controller.go:146] "Unhandled Error" err=<
2025-01-30 18:13:04,235 INFO c.h.h.t.HelmChartContainer - [K3S] 	, Header: map[Content-Type:[text/plain; charset=utf-8] X-Content-Type-Options:[nosniff]]
2025-01-30 18:13:04,235 INFO c.h.h.t.HelmChartContainer - [K3S]  >
2025-01-30 18:13:04,236 INFO c.h.h.t.HelmChartContainer - [K3S] [handler_proxy.go:143] error resolving kube-system/metrics-server: no endpoints available for service "metrics-server"
2025-01-30 18:13:04,274 INFO c.h.h.t.HelmChartContainer - [K3S] [INFO] Starting network policy controller version v2.2.1, built on 2025-01-28T18:27:08Z, go1.23.4
2025-01-30 18:13:04,274 INFO c.h.h.t.HelmChartContainer - [K3S] [network_policy_controller.go:164] Starting network policy controller
2025-01-30 18:13:04,300 INFO c.h.h.t.HelmChartContainer - [K3S] [network_policy_controller.go:176] Starting network policy controller full sync goroutine
2025-01-30 18:13:04,779 INFO c.h.h.t.HelmChartContainer - [K3S] [range_allocator.go:247] "Successfully synced" key="b22a4545b13d"
2025-01-30 18:13:05,037 INFO c.h.h.t.HelmChartContainer - [K3S] [replica_set.go:679] "Finished syncing" kind="ReplicaSet" key="kube-system/local-path-provisioner-698b58967b" duration="355.201609ms"
2025-01-30 18:13:05,039 INFO c.h.h.t.HelmChartContainer - [K3S] [replica_set.go:679] "Finished syncing" kind="ReplicaSet" key="kube-system/coredns-ff8999cc5" duration="357.745923ms"
2025-01-30 18:13:05,039 INFO c.h.h.t.HelmChartContainer - [K3S] [replica_set.go:679] "Finished syncing" kind="ReplicaSet" key="kube-system/metrics-server-8584b5786c" duration="358.02128ms"
2025-01-30 18:13:05,048 INFO c.h.h.t.HelmChartContainer - [K3S] [replica_set.go:679] "Finished syncing" kind="ReplicaSet" key="kube-system/coredns-ff8999cc5" duration="8.3074ms"
2025-01-30 18:13:05,048 INFO c.h.h.t.HelmChartContainer - [K3S] [replica_set.go:679] "Finished syncing" kind="ReplicaSet" key="kube-system/coredns-ff8999cc5" duration="29.415µs"
2025-01-30 18:13:05,059 INFO c.h.h.t.HelmChartContainer - [K3S] [replica_set.go:679] "Finished syncing" kind="ReplicaSet" key="kube-system/local-path-provisioner-698b58967b" duration="21.544648ms"
2025-01-30 18:13:05,059 INFO c.h.h.t.HelmChartContainer - [K3S] [replica_set.go:679] "Finished syncing" kind="ReplicaSet" key="kube-system/local-path-provisioner-698b58967b" duration="28.112µs"
2025-01-30 18:13:05,059 INFO c.h.h.t.HelmChartContainer - [K3S] [replica_set.go:679] "Finished syncing" kind="ReplicaSet" key="kube-system/local-path-provisioner-698b58967b" duration="20.969µs"
2025-01-30 18:13:05,062 INFO c.h.h.t.HelmChartContainer - [K3S] [replica_set.go:679] "Finished syncing" kind="ReplicaSet" key="kube-system/metrics-server-8584b5786c" duration="22.624122ms"
2025-01-30 18:13:05,071 INFO c.h.h.t.HelmChartContainer - [K3S] [reconciler_common.go:251] "operationExecutor.VerifyControllerAttachedVolume started for volume \"kube-api-access-nghr7\" (UniqueName: \"kubernetes.io/projected/195a1a2c-be9b-4f6a-af23-db7f8fb48b67-kube-api-access-nghr7\") pod \"metrics-server-8584b5786c-zzt74\" (UID: \"195a1a2c-be9b-4f6a-af23-db7f8fb48b67\") " pod="kube-system/metrics-server-8584b5786c-zzt74"
2025-01-30 18:13:05,071 INFO c.h.h.t.HelmChartContainer - [K3S] [reconciler_common.go:251] "operationExecutor.VerifyControllerAttachedVolume started for volume \"config-volume\" (UniqueName: \"kubernetes.io/configmap/9fe9d97e-9c38-41f3-8f58-7c6245d86de4-config-volume\") pod \"local-path-provisioner-698b58967b-ztz4n\" (UID: \"9fe9d97e-9c38-41f3-8f58-7c6245d86de4\") " pod="kube-system/local-path-provisioner-698b58967b-ztz4n"
2025-01-30 18:13:05,072 INFO c.h.h.t.HelmChartContainer - [K3S] [reconciler_common.go:251] "operationExecutor.VerifyControllerAttachedVolume started for volume \"kube-api-access-q47gv\" (UniqueName: \"kubernetes.io/projected/9fe9d97e-9c38-41f3-8f58-7c6245d86de4-kube-api-access-q47gv\") pod \"local-path-provisioner-698b58967b-ztz4n\" (UID: \"9fe9d97e-9c38-41f3-8f58-7c6245d86de4\") " pod="kube-system/local-path-provisioner-698b58967b-ztz4n"
2025-01-30 18:13:05,072 INFO c.h.h.t.HelmChartContainer - [K3S] [reconciler_common.go:251] "operationExecutor.VerifyControllerAttachedVolume started for volume \"config-volume\" (UniqueName: \"kubernetes.io/configmap/a5b6767f-f1d0-4dd2-a2ea-6f49ea57515d-config-volume\") pod \"coredns-ff8999cc5-ndlml\" (UID: \"a5b6767f-f1d0-4dd2-a2ea-6f49ea57515d\") " pod="kube-system/coredns-ff8999cc5-ndlml"
2025-01-30 18:13:05,072 INFO c.h.h.t.HelmChartContainer - [K3S] [reconciler_common.go:251] "operationExecutor.VerifyControllerAttachedVolume started for volume \"custom-config-volume\" (UniqueName: \"kubernetes.io/configmap/a5b6767f-f1d0-4dd2-a2ea-6f49ea57515d-custom-config-volume\") pod \"coredns-ff8999cc5-ndlml\" (UID: \"a5b6767f-f1d0-4dd2-a2ea-6f49ea57515d\") " pod="kube-system/coredns-ff8999cc5-ndlml"
2025-01-30 18:13:05,072 INFO c.h.h.t.HelmChartContainer - [K3S] [reconciler_common.go:251] "operationExecutor.VerifyControllerAttachedVolume started for volume \"kube-api-access-vc8lg\" (UniqueName: \"kubernetes.io/projected/a5b6767f-f1d0-4dd2-a2ea-6f49ea57515d-kube-api-access-vc8lg\") pod \"coredns-ff8999cc5-ndlml\" (UID: \"a5b6767f-f1d0-4dd2-a2ea-6f49ea57515d\") " pod="kube-system/coredns-ff8999cc5-ndlml"
2025-01-30 18:13:05,072 INFO c.h.h.t.HelmChartContainer - [K3S] [replica_set.go:679] "Finished syncing" kind="ReplicaSet" key="kube-system/metrics-server-8584b5786c" duration="8.693466ms"
2025-01-30 18:13:05,072 INFO c.h.h.t.HelmChartContainer - [K3S] [reconciler_common.go:251] "operationExecutor.VerifyControllerAttachedVolume started for volume \"tmp-dir\" (UniqueName: \"kubernetes.io/empty-dir/195a1a2c-be9b-4f6a-af23-db7f8fb48b67-tmp-dir\") pod \"metrics-server-8584b5786c-zzt74\" (UID: \"195a1a2c-be9b-4f6a-af23-db7f8fb48b67\") " pod="kube-system/metrics-server-8584b5786c-zzt74"
2025-01-30 18:13:05,072 INFO c.h.h.t.HelmChartContainer - [K3S] [replica_set.go:679] "Finished syncing" kind="ReplicaSet" key="kube-system/metrics-server-8584b5786c" duration="29.615µs"
2025-01-30 18:13:05,083 INFO c.h.h.t.HelmChartContainer - [K3S] [replica_set.go:679] "Finished syncing" kind="ReplicaSet" key="kube-system/coredns-ff8999cc5" duration="34.495µs"
2025-01-30 18:13:05,089 INFO c.h.h.t.HelmChartContainer - [K3S] [replica_set.go:679] "Finished syncing" kind="ReplicaSet" key="kube-system/local-path-provisioner-698b58967b" duration="27.972µs"
2025-01-30 18:13:05,095 INFO c.h.h.t.HelmChartContainer - [K3S] [replica_set.go:679] "Finished syncing" kind="ReplicaSet" key="kube-system/metrics-server-8584b5786c" duration="26.349µs"
2025-01-30 18:13:05,163 INFO c.h.h.t.HelmChartContainer - [K3S] [kube.go:146] Node controller sync successful
2025-01-30 18:13:05,163 INFO c.h.h.t.HelmChartContainer - [K3S] [vxlan.go:141] VXLAN config: VNI=1 Port=0 GBP=false Learning=false DirectRouting=false
2025-01-30 18:13:05,166 INFO c.h.h.t.HelmChartContainer - [K3S] [kube.go:636] List of node(b22a4545b13d) annotations: map[string]string{"alpha.kubernetes.io/provided-node-ip":"172.18.0.2", "k3s.io/hostname":"b22a4545b13d", "k3s.io/internal-ip":"172.18.0.2", "k3s.io/node-args":"[\"server\",\"--etcd-arg\",\"unsafe-no-fsync\",\"--etcd-arg\",\"snapshot-count=10000\",\"--etcd-arg\",\"auto-compaction-mode=revision\",\"--etcd-arg\",\"auto-compaction-retention=1000000\",\"--kube-apiserver-arg\",\"etcd-compaction-interval=0s\",\"--disable\",\"traefik\",\"--tls-san\",\"localhost\"]", "k3s.io/node-config-hash":"2QNNT5M5XUBFOLO5XPGEVGOM5UDLHHTIVMSRUPAUHE5DU3HUYQUQ====", "k3s.io/node-env":"{}", "node.alpha.kubernetes.io/ttl":"0", "volumes.kubernetes.io/controller-managed-attach-detach":"true"}
2025-01-30 18:13:05,173 INFO c.h.h.t.HelmChartContainer - [K3S] [iptables.go:51] Starting flannel in iptables mode...
2025-01-30 18:13:05,174 INFO c.h.h.t.HelmChartContainer - [K3S] [WARNING] no subnet found for key: FLANNEL_NETWORK in file: /run/flannel/subnet.env
2025-01-30 18:13:05,174 INFO c.h.h.t.HelmChartContainer - [K3S] [WARNING] no subnet found for key: FLANNEL_SUBNET in file: /run/flannel/subnet.env
2025-01-30 18:13:05,174 INFO c.h.h.t.HelmChartContainer - [K3S] [WARNING] no subnet found for key: FLANNEL_IPV6_NETWORK in file: /run/flannel/subnet.env
2025-01-30 18:13:05,174 INFO c.h.h.t.HelmChartContainer - [K3S] [WARNING] no subnet found for key: FLANNEL_IPV6_SUBNET in file: /run/flannel/subnet.env
2025-01-30 18:13:05,176 INFO c.h.h.t.HelmChartContainer - [K3S] [iptables.go:115] Current network or subnet (10.42.0.0/16, 10.42.0.0/24) is not equal to previous one (0.0.0.0/0, 0.0.0.0/0), trying to recycle old iptables rules
2025-01-30 18:13:05,176 INFO c.h.h.t.HelmChartContainer - [K3S] [kube.go:490] Creating the node lease for IPv4. This is the n.Spec.PodCIDRs: [10.42.0.0/24]
2025-01-30 18:13:05,176 INFO c.h.h.t.HelmChartContainer - [K3S] [range_allocator.go:247] "Successfully synced" key="b22a4545b13d"
2025-01-30 18:13:05,186 INFO c.h.h.t.HelmChartContainer - [K3S] [iptables.go:125] Setting up masking rules
2025-01-30 18:13:05,190 INFO c.h.h.t.HelmChartContainer - [K3S] [iptables.go:226] Changing default FORWARD chain policy to ACCEPT
2025-01-30 18:13:05,195 INFO c.h.h.t.HelmChartContainer - [K3S] [INFO] Wrote flannel subnet file to /run/flannel/subnet.env
2025-01-30 18:13:05,195 INFO c.h.h.t.HelmChartContainer - [K3S] [INFO] Running flannel backend.
2025-01-30 18:13:05,195 INFO c.h.h.t.HelmChartContainer - [K3S] [vxlan_network.go:65] watching for new subnet leases
2025-01-30 18:13:05,218 INFO c.h.h.t.HelmChartContainer - [K3S] [iptables.go:372] bootstrap done
2025-01-30 18:13:05,229 INFO c.h.h.t.HelmChartContainer - [K3S] [iptables.go:372] bootstrap done
2025-01-30 18:13:05,237 INFO c.h.h.t.HelmChartContainer - [K3S] [handler_proxy.go:99] no RequestInfo found in the context
2025-01-30 18:13:05,238 INFO c.h.h.t.HelmChartContainer - [K3S] [controller.go:102] "Unhandled Error" err=<
2025-01-30 18:13:05,238 INFO c.h.h.t.HelmChartContainer - [K3S] 	, Header: map[Content-Type:[text/plain; charset=utf-8] X-Content-Type-Options:[nosniff]]
2025-01-30 18:13:05,239 INFO c.h.h.t.HelmChartContainer - [K3S]  >
2025-01-30 18:13:05,242 INFO c.h.h.t.HelmChartContainer - [K3S] [handler_proxy.go:99] no RequestInfo found in the context
2025-01-30 18:13:08,453 INFO c.h.h.t.HelmChartContainer - [K3S] [kuberuntime_manager.go:1702] "Updating runtime config through cri with podcidr" CIDR="10.42.0.0/24"
2025-01-30 18:13:08,455 INFO c.h.h.t.HelmChartContainer - [K3S] [kubelet_network.go:61] "Updating Pod CIDR" originalPodCIDR="" newPodCIDR="10.42.0.0/24"
2025-01-30 18:13:08,460 INFO c.h.h.t.HelmChartContainer - [K3S] [range_allocator.go:247] "Successfully synced" key="b22a4545b13d"
2025-01-30 18:13:08,523 DEBUG c.h.h.t.HelmChartContainer - Image file loaded 'hivemq-platform-operator.tar'
2025-01-30 18:13:09,236 DEBUG c.h.h.t.HelmChartContainer - Image file loaded 'hivemq-platform-operator-init.tar'
2025-01-30 18:13:10,323 INFO c.h.h.t.HelmChartContainer - [K3S] [replica_set.go:679] "Finished syncing" kind="ReplicaSet" key="kube-system/local-path-provisioner-698b58967b" duration="8.078514ms"
2025-01-30 18:13:10,324 INFO c.h.h.t.HelmChartContainer - [K3S] [replica_set.go:679] "Finished syncing" kind="ReplicaSet" key="kube-system/local-path-provisioner-698b58967b" duration="61.265µs"
2025-01-30 18:13:11,326 INFO c.h.h.t.HelmChartContainer - [K3S] [replica_set.go:679] "Finished syncing" kind="ReplicaSet" key="kube-system/metrics-server-8584b5786c" duration="3.900568ms"
2025-01-30 18:13:11,395 INFO c.h.h.t.HelmChartContainer - [K3S] [replica_set.go:679] "Finished syncing" kind="ReplicaSet" key="kube-system/coredns-ff8999cc5" duration="22.959045ms"
2025-01-30 18:13:11,395 INFO c.h.h.t.HelmChartContainer - [K3S] [replica_set.go:679] "Finished syncing" kind="ReplicaSet" key="kube-system/coredns-ff8999cc5" duration="61.565µs"
2025-01-30 18:13:15,803 DEBUG c.h.h.t.HelmChartContainer - Image file loaded 'hivemq-platform.tar'
2025-01-30 18:13:15,803 DEBUG c.h.h.t.HelmChartContainer - Successful Helm chart Container startup
2025-01-30 18:13:15,811 INFO t.localhost/testcontainers/zw8yevi2irxw9xpr:latest - Container localhost/testcontainers/zw8yevi2irxw9xpr:latest started in PT22.786210004S
2025-01-30 18:13:15,820 DEBUG c.h.h.t.HelmChartContainer - Executing helm command: /bin/helm --kubeconfig /etc/rancher/k3s/k3s.yaml repo add hivemq https://hivemq.github.io/helm-charts
2025-01-30 18:13:17,273 INFO c.h.h.t.HelmChartContainer - [EVENT] Normal [Starting] Starting kubelet. [null:b22a4545b13d]
2025-01-30 18:13:17,274 INFO c.h.h.t.HelmChartContainer - [EVENT] Warning [InvalidDiskCapacity] invalid capacity 0 on image filesystem [null:b22a4545b13d]
2025-01-30 18:13:17,275 INFO c.h.h.t.HelmChartContainer - [EVENT] Normal [NodeHasSufficientMemory] Node b22a4545b13d status is now: NodeHasSufficientMemory [null:b22a4545b13d]
2025-01-30 18:13:17,276 INFO c.h.h.t.HelmChartContainer - [EVENT] Normal [NodeHasNoDiskPressure] Node b22a4545b13d status is now: NodeHasNoDiskPressure [null:b22a4545b13d]
2025-01-30 18:13:17,277 INFO c.h.h.t.HelmChartContainer - [EVENT] Normal [NodeHasSufficientPID] Node b22a4545b13d status is now: NodeHasSufficientPID [null:b22a4545b13d]
2025-01-30 18:13:17,280 INFO c.h.h.t.HelmChartContainer - [EVENT] Normal [NodeAllocatableEnforced] Updated Node Allocatable limit across pods [null:b22a4545b13d]
2025-01-30 18:13:17,281 INFO c.h.h.t.HelmChartContainer - [EVENT] Normal [NodeReady] Node b22a4545b13d status is now: NodeReady [null:b22a4545b13d]
2025-01-30 18:13:17,281 INFO c.h.h.t.HelmChartContainer - Saved kubeconfig file on /tmp/kubeconfig-14404308398657387987.yaml
2025-01-30 18:13:17,281 INFO c.h.h.t.HelmChartContainer - HelmChartContainer is started
2025-01-30 18:13:17,282 INFO c.h.h.t.HelmChartContainer - [EVENT] Normal [NodePasswordValidationComplete] Deferred node password secret validation complete [null:b22a4545b13d]
2025-01-30 18:13:17,282 INFO c.h.h.t.HelmChartContainer - [EVENT] Normal [Synced] Node synced successfully [null:b22a4545b13d]
2025-01-30 18:13:17,282 INFO c.h.h.t.HelmChartContainer - [EVENT] Normal [RegisteredNode] Node b22a4545b13d event: Registered Node b22a4545b13d in Controller [null:b22a4545b13d]
]]></system-out>
  <system-err><![CDATA[]]></system-err>
</testsuite>
