<?xml version="1.0" encoding="UTF-8"?>
<testsuite name="com.hivemq.helmcharts.services.HelmWebsocketsIT" tests="2" skipped="0" failures="0" errors="0" timestamp="2025-02-04T14:30:37" hostname="fv-az1307-498" time="223.017">
  <properties/>
  <testcase name="platformChart_whenMtlsWebsocketEnabledWithDifferentPrivateKey_thenSendsReceivesMessage(Path)" classname="com.hivemq.helmcharts.services.HelmWebsocketsIT" time="108.564"/>
  <testcase name="platformChart_whenMtlsWebsocketEnabled_thenSendsReceivesMessage(Path)" classname="com.hivemq.helmcharts.services.HelmWebsocketsIT" time="114.453"/>
</testsuite>
