<?xml version="1.0" encoding="UTF-8"?>
<testsuite name="com.hivemq.helmcharts.operator.HelmUpgradeOperatorIT" tests="1" skipped="0" failures="0" errors="0" timestamp="2025-01-29T17:08:46" hostname="fv-az1781-308" time="45.492">
  <properties/>
  <testcase name="withDeployedOperator_upgradeUsingNewValues()" classname="com.hivemq.helmcharts.operator.HelmUpgradeOperatorIT" time="45.492">
    <system-out><![CDATA[2025-01-29 17:08:46,440 INFO c.h.h.t.HelmChartContainer - Creating namespace 'helmupgradeoperatorit-operator'...
2025-01-29 17:08:46,447 INFO c.h.h.t.HelmChartContainer - Namespace 'helmupgradeoperatorit-operator' created
2025-01-29 17:08:46,447 INFO c.h.h.t.HelmChartContainer - Creating namespace 'helmupgradeoperatorit'...
2025-01-29 17:08:46,466 INFO c.h.h.t.HelmChartContainer - Namespace 'helmupgradeoperatorit' created
2025-01-29 17:08:46,536 DEBUG c.h.h.t.HelmChartContainer - Executing helm command: /bin/helm --kubeconfig /etc/rancher/k3s/k3s.yaml install test-hivemq-platform-operator /charts/hivemq-platform-operator --wait --timeout 5m0s --set image.repository=docker.io/hivemq --set image.name=hivemq-platform-operator-test --set image.initImageName=hivemq-platform-operator-init-test --set image.tag=snapshot --set image.pullPolicy=Never --set logLevel=DEBUG --set resources.cpu=512m --namespace helmupgradeoperatorit-operator
2025-01-29 17:08:46,831 INFO c.h.h.t.HelmChartContainer - [K3S] [alloc.go:330] "allocated clusterIPs" service="helmupgradeoperatorit-operator/hivemq-platform-operator-test-hivemq-platform-operator" clusterIPs={"IPv4":"10.43.203.131"}
2025-01-29 17:08:46,847 INFO c.h.h.t.HelmChartContainer - [EVENT] Normal [ScalingReplicaSet] Scaled up replica set hivemq-test-hivemq-platform-operator-6966f96d65 from 0 to 1 [helmupgradeoperatorit-operator:hivemq-test-hivemq-platform-operator]
2025-01-29 17:08:46,854 INFO c.h.h.t.HelmChartContainer - [POD] hivemq-test-hivemq-platform-operator-6966f96d65-qb8jr [530f4dce-df9a-4f21-9c40-edf2b43c58b7] in helmupgradeoperatorit-operator was ADDED
2025-01-29 17:08:46,856 INFO c.h.h.t.HelmChartContainer - [POD] hivemq-test-hivemq-platform-operator-6966f96d65-qb8jr [530f4dce-df9a-4f21-9c40-edf2b43c58b7] in helmupgradeoperatorit-operator was MODIFIED
2025-01-29 17:08:46,857 INFO c.h.h.t.HelmChartContainer - [K3S] [memory_manager.go:355] "RemoveStaleState removing state" podUID="02630772-db8e-4214-9721-446388500d50" containerName="hivemq-platform-operator"
2025-01-29 17:08:46,857 INFO c.h.h.t.HelmChartContainer - [K3S] [memory_manager.go:355] "RemoveStaleState removing state" podUID="6d8284d4-8059-42ea-aeb1-147e06b3477a" containerName="hivemq"
2025-01-29 17:08:46,864 INFO c.h.h.t.HelmChartContainer - [EVENT] Normal [SuccessfulCreate] Created pod: hivemq-test-hivemq-platform-operator-6966f96d65-qb8jr [helmupgradeoperatorit-operator:hivemq-test-hivemq-platform-operator-6966f96d65]
2025-01-29 17:08:46,864 INFO c.h.h.t.HelmChartContainer - [EVENT] Normal [Scheduled] Successfully assigned helmupgradeoperatorit-operator/hivemq-test-hivemq-platform-operator-6966f96d65-qb8jr to 38f70066c240 [helmupgradeoperatorit-operator:hivemq-test-hivemq-platform-operator-6966f96d65-qb8jr]
2025-01-29 17:08:46,866 INFO c.h.h.t.HelmChartContainer - [K3S] [replica_set.go:679] "Finished syncing" kind="ReplicaSet" key="helmupgradeoperatorit-operator/hivemq-test-hivemq-platform-operator-6966f96d65" duration="25.313694ms"
2025-01-29 17:08:46,870 INFO c.h.h.t.HelmChartContainer - [K3S] [replica_set.go:679] "Finished syncing" kind="ReplicaSet" key="helmupgradeoperatorit-operator/hivemq-test-hivemq-platform-operator-6966f96d65" duration="4.720213ms"
2025-01-29 17:08:46,872 INFO c.h.h.t.HelmChartContainer - [K3S] [replica_set.go:679] "Finished syncing" kind="ReplicaSet" key="helmupgradeoperatorit-operator/hivemq-test-hivemq-platform-operator-6966f96d65" duration="36.719µs"
2025-01-29 17:08:46,872 INFO c.h.h.t.HelmChartContainer - [K3S] [replica_set.go:679] "Finished syncing" kind="ReplicaSet" key="helmupgradeoperatorit-operator/hivemq-test-hivemq-platform-operator-6966f96d65" duration="29.926µs"
2025-01-29 17:08:46,873 INFO c.h.h.t.HelmChartContainer - [POD] hivemq-test-hivemq-platform-operator-6966f96d65-qb8jr [530f4dce-df9a-4f21-9c40-edf2b43c58b7] in helmupgradeoperatorit-operator was MODIFIED
2025-01-29 17:08:46,950 INFO c.h.h.t.HelmChartContainer - [K3S] [reconciler_common.go:251] "operationExecutor.VerifyControllerAttachedVolume started for volume \"kube-api-access-gkmgt\" (UniqueName: \"kubernetes.io/projected/530f4dce-df9a-4f21-9c40-edf2b43c58b7-kube-api-access-gkmgt\") pod \"hivemq-test-hivemq-platform-operator-6966f96d65-qb8jr\" (UID: \"530f4dce-df9a-4f21-9c40-edf2b43c58b7\") " pod="helmupgradeoperatorit-operator/hivemq-test-hivemq-platform-operator-6966f96d65-qb8jr"
2025-01-29 17:08:47,247 INFO c.h.h.t.HelmChartContainer - [EVENT] Normal [Pulled] Container image "docker.io/hivemq/hivemq-platform-operator-test:snapshot" already present on machine [helmupgradeoperatorit-operator:hivemq-test-hivemq-platform-operator-6966f96d65-qb8jr]
2025-01-29 17:08:47,247 INFO c.h.h.t.HelmChartContainer - Received Pulled event for container hivemq-platform-operator in pod hivemq-test-hivemq-platform-operator-6966f96d65-qb8jr [530f4dce-df9a-4f21-9c40-edf2b43c58b7]
2025-01-29 17:08:48,489 INFO c.h.h.t.HelmChartContainer - [EVENT] Normal [Created] Created container: hivemq-platform-operator [helmupgradeoperatorit-operator:hivemq-test-hivemq-platform-operator-6966f96d65-qb8jr]
2025-01-29 17:08:48,489 INFO c.h.h.t.HelmChartContainer - Received Created event for container hivemq-platform-operator in pod hivemq-test-hivemq-platform-operator-6966f96d65-qb8jr [530f4dce-df9a-4f21-9c40-edf2b43c58b7]
2025-01-29 17:08:48,852 INFO c.h.h.t.HelmChartContainer - [K3S] [replica_set.go:679] "Finished syncing" kind="ReplicaSet" key="helmupgradeoperatorit-operator/hivemq-test-hivemq-platform-operator-6966f96d65" duration="45.174µs"
2025-01-29 17:08:48,853 INFO c.h.h.t.HelmChartContainer - [POD] hivemq-test-hivemq-platform-operator-6966f96d65-qb8jr [530f4dce-df9a-4f21-9c40-edf2b43c58b7] in helmupgradeoperatorit-operator was MODIFIED
2025-01-29 17:08:48,860 INFO c.h.h.t.HelmChartContainer - [EVENT] Normal [Started] Started container hivemq-platform-operator [helmupgradeoperatorit-operator:hivemq-test-hivemq-platform-operator-6966f96d65-qb8jr]
2025-01-29 17:08:48,860 INFO c.h.h.t.HelmChartContainer - Received Started event for container hivemq-platform-operator in pod hivemq-test-hivemq-platform-operator-6966f96d65-qb8jr [530f4dce-df9a-4f21-9c40-edf2b43c58b7]
2025-01-29 17:08:48,860 INFO c.h.h.t.HelmChartContainer - Started log watcher for hivemq-platform-operator in pod hivemq-test-hivemq-platform-operator-6966f96d65-qb8jr [530f4dce-df9a-4f21-9c40-edf2b43c58b7]
2025-01-29 17:08:48,861 INFO c.h.h.t.HelmChartContainer - [hivemq-test-hivemq-platform] [hivemq-platform-operator] [530f4dce] -------------------------------------------------------------------------
2025-01-29 17:08:48,861 INFO c.h.h.t.HelmChartContainer - [hivemq-test-hivemq-platform] [hivemq-platform-operator] [530f4dce] 
2025-01-29 17:08:48,861 INFO c.h.h.t.HelmChartContainer - [hivemq-test-hivemq-platform] [hivemq-platform-operator] [530f4dce]                   _    _  _              __  __   ____
2025-01-29 17:08:48,861 INFO c.h.h.t.HelmChartContainer - [hivemq-test-hivemq-platform] [hivemq-platform-operator] [530f4dce]                  | |  | |(_)            |  \/  | / __ \
2025-01-29 17:08:48,861 INFO c.h.h.t.HelmChartContainer - [hivemq-test-hivemq-platform] [hivemq-platform-operator] [530f4dce]                  | |__| | _ __   __ ___ | \  / || |  | |
2025-01-29 17:08:48,861 INFO c.h.h.t.HelmChartContainer - [hivemq-test-hivemq-platform] [hivemq-platform-operator] [530f4dce]                  |  __  || |\ \ / // _ \| |\/| || |  | |
2025-01-29 17:08:48,861 INFO c.h.h.t.HelmChartContainer - [hivemq-test-hivemq-platform] [hivemq-platform-operator] [530f4dce]                  | |  | || | \ V /|  __/| |  | || |__| |
2025-01-29 17:08:48,861 INFO c.h.h.t.HelmChartContainer - [hivemq-test-hivemq-platform] [hivemq-platform-operator] [530f4dce]                  |_|  |_||_|  \_/  \___||_|  |_| \___\_\
2025-01-29 17:08:48,861 INFO c.h.h.t.HelmChartContainer - [hivemq-test-hivemq-platform] [hivemq-platform-operator] [530f4dce] 
2025-01-29 17:08:48,861 INFO c.h.h.t.HelmChartContainer - [hivemq-test-hivemq-platform] [hivemq-platform-operator] [530f4dce] -------------------------------------------------------------------------
2025-01-29 17:08:48,861 INFO c.h.h.t.HelmChartContainer - [hivemq-test-hivemq-platform] [hivemq-platform-operator] [530f4dce] 
2025-01-29 17:08:48,861 INFO c.h.h.t.HelmChartContainer - [hivemq-test-hivemq-platform] [hivemq-platform-operator] [530f4dce]   HiveMQ Platform Operator Start Script v1.0
2025-01-29 17:08:48,861 INFO c.h.h.t.HelmChartContainer - [hivemq-test-hivemq-platform] [hivemq-platform-operator] [530f4dce] 
2025-01-29 17:08:48,861 INFO c.h.h.t.HelmChartContainer - [hivemq-test-hivemq-platform] [hivemq-platform-operator] [530f4dce] -------------------------------------------------------------------------
2025-01-29 17:08:48,861 INFO c.h.h.t.HelmChartContainer - [hivemq-test-hivemq-platform] [hivemq-platform-operator] [530f4dce] 
2025-01-29 17:08:48,861 INFO c.h.h.t.HelmChartContainer - [hivemq-test-hivemq-platform] [hivemq-platform-operator] [530f4dce]   JAVA_OPTS: -XX:+UnlockExperimentalVMOptions -XX:InitialRAMPercentage=75 -XX:MaxRAMPercentage=75 -Duser.language=en -Duser.region=US
2025-01-29 17:08:48,861 INFO c.h.h.t.HelmChartContainer - [hivemq-test-hivemq-platform] [hivemq-platform-operator] [530f4dce] 
2025-01-29 17:08:48,861 INFO c.h.h.t.HelmChartContainer - [hivemq-test-hivemq-platform] [hivemq-platform-operator] [530f4dce]   JAVA_VERSION: 21
2025-01-29 17:08:48,861 INFO c.h.h.t.HelmChartContainer - [hivemq-test-hivemq-platform] [hivemq-platform-operator] [530f4dce] 
2025-01-29 17:08:48,861 INFO c.h.h.t.HelmChartContainer - [hivemq-test-hivemq-platform] [hivemq-platform-operator] [530f4dce] -------------------------------------------------------------------------
2025-01-29 17:08:48,861 INFO c.h.h.t.HelmChartContainer - [hivemq-test-hivemq-platform] [hivemq-platform-operator] [530f4dce] 
2025-01-29 17:08:50,412 INFO c.h.h.t.HelmChartContainer - [K3S] [range_allocator.go:247] "Successfully synced" key="38f70066c240"
2025-01-29 17:08:51,929 INFO c.h.h.t.HelmChartContainer - [hivemq-test-hivemq-platform] [hivemq-platform-operator] [530f4dce] 17:08:51.926 [main] DEBUG org.jboss.logging - Logging Provider: org.jboss.logging.Slf4jLoggerProvider
2025-01-29 17:08:52,030 INFO c.h.h.t.HelmChartContainer - [hivemq-test-hivemq-platform] [hivemq-platform-operator] [530f4dce] 17:08:52.029 [main] DEBUG io.smallrye.config - SRCFG01006: Loaded ConfigSource SysPropConfigSource with ordinal 400
2025-01-29 17:08:52,030 INFO c.h.h.t.HelmChartContainer - [hivemq-test-hivemq-platform] [hivemq-platform-operator] [530f4dce] 17:08:52.029 [main] DEBUG io.smallrye.config - SRCFG01006: Loaded ConfigSource EnvConfigSource with ordinal 300
2025-01-29 17:08:52,031 INFO c.h.h.t.HelmChartContainer - [hivemq-test-hivemq-platform] [hivemq-platform-operator] [530f4dce] 17:08:52.029 [main] DEBUG io.smallrye.config - SRCFG01006: Loaded ConfigSource PropertiesConfigSource[source=jar:file:///opt/hivemq-platform-operator/bin/hivemq-platform-operator.jar!/hivemq-platform-operator.properties] with ordinal 100
2025-01-29 17:08:52,031 INFO c.h.h.t.HelmChartContainer - [hivemq-test-hivemq-platform] [hivemq-platform-operator] [530f4dce] 17:08:52.029 [main] DEBUG io.smallrye.config - SRCFG01006: Loaded ConfigSource DefaultValuesConfigSource with ordinal -2147483648
2025-01-29 17:08:52,127 INFO c.h.h.t.HelmChartContainer - [hivemq-test-hivemq-platform] [hivemq-platform-operator] [530f4dce] 17:08:52.127 [main] DEBUG i.m.c.u.i.l.InternalLoggerFactory - Using SLF4J as the default logging framework
2025-01-29 17:08:52,243 INFO c.h.h.t.HelmChartContainer - [hivemq-test-hivemq-platform] [hivemq-platform-operator] [530f4dce] 17:08:52.234 [main] INFO  c.h.p.o.HiveMQPlatformOperatorApplication - HiveMQ Platform Operator 1.7.0-SNAPSHOT (commit: 8465ebf on branch: HEAD) built on Wed Jan 29 16:56:31 UTC 2025
2025-01-29 17:08:52,244 INFO c.h.h.t.HelmChartContainer - [hivemq-test-hivemq-platform] [hivemq-platform-operator] [530f4dce] 17:08:52.242 [main] INFO  c.h.p.o.HiveMQPlatformOperatorApplication - HiveMQ Platform Operator is running in namespace: helmupgradeoperatorit-operator
2025-01-29 17:08:52,244 INFO c.h.h.t.HelmChartContainer - [hivemq-test-hivemq-platform] [hivemq-platform-operator] [530f4dce] 17:08:52.242 [main] INFO  c.h.p.o.HiveMQPlatformOperatorApplication - Watching all namespaces
2025-01-29 17:08:52,245 INFO c.h.h.t.HelmChartContainer - [hivemq-test-hivemq-platform] [hivemq-platform-operator] [530f4dce] 17:08:52.242 [main] INFO  c.h.p.o.HiveMQPlatformOperatorApplication - Log level: DEBUG
2025-01-29 17:08:52,245 INFO c.h.h.t.HelmChartContainer - [hivemq-test-hivemq-platform] [hivemq-platform-operator] [530f4dce] 17:08:52.242 [main] INFO  c.h.p.o.HiveMQPlatformOperatorApplication - Release name: test-hivemq-platform-operator
2025-01-29 17:08:52,245 INFO c.h.h.t.HelmChartContainer - [hivemq-test-hivemq-platform] [hivemq-platform-operator] [530f4dce] 17:08:52.242 [main] INFO  c.h.p.o.HiveMQPlatformOperatorApplication - HiveMQ Platform Operator Init image: docker.io/hivemq/hivemq-platform-operator-init-test:snapshot
2025-01-29 17:08:52,245 INFO c.h.h.t.HelmChartContainer - [hivemq-test-hivemq-platform] [hivemq-platform-operator] [530f4dce] 17:08:52.242 [main] INFO  c.h.p.o.HiveMQPlatformOperatorApplication - HiveMQ Platform Operator Init App update URL: http://hivemq-platform-operator-test-hivemq-platform-operator.helmupgradeoperatorit-operator.svc:8080/initAppUpdate/hivemq-platform-operator-init-app-1.7.0-SNAPSHOT.jar
2025-01-29 17:08:52,245 INFO c.h.h.t.HelmChartContainer - [hivemq-test-hivemq-platform] [hivemq-platform-operator] [530f4dce] 17:08:52.243 [main] INFO  c.h.p.o.HiveMQPlatformOperatorApplication - Additional imagePullSecret for all Platform deployments: none
2025-01-29 17:08:52,245 INFO c.h.h.t.HelmChartContainer - [hivemq-test-hivemq-platform] [hivemq-platform-operator] [530f4dce] 17:08:52.243 [main] INFO  c.h.p.o.HiveMQPlatformOperatorApplication - Apply HiveMQ Platform CRD: true
2025-01-29 17:08:52,245 INFO c.h.h.t.HelmChartContainer - [hivemq-test-hivemq-platform] [hivemq-platform-operator] [530f4dce] 17:08:52.243 [main] INFO  c.h.p.o.HiveMQPlatformOperatorApplication - Create Platform ServiceAccount: true
2025-01-29 17:08:52,245 INFO c.h.h.t.HelmChartContainer - [hivemq-test-hivemq-platform] [hivemq-platform-operator] [530f4dce] 17:08:52.243 [main] INFO  c.h.p.o.HiveMQPlatformOperatorApplication - Create Platform ServiceAccount permissions: true
2025-01-29 17:08:52,245 INFO c.h.h.t.HelmChartContainer - [hivemq-test-hivemq-platform] [hivemq-platform-operator] [530f4dce] 17:08:52.243 [main] INFO  c.h.p.o.HiveMQPlatformOperatorApplication - Validate Platform ServiceAccount: true
2025-01-29 17:08:52,245 INFO c.h.h.t.HelmChartContainer - [hivemq-test-hivemq-platform] [hivemq-platform-operator] [530f4dce] 17:08:52.243 [main] INFO  c.h.p.o.HiveMQPlatformOperatorApplication - Validate Platform ServiceAccount permissions: true
2025-01-29 17:08:52,428 INFO c.h.h.t.HelmChartContainer - [hivemq-test-hivemq-platform] [hivemq-platform-operator] [530f4dce] 17:08:52.427 [main] INFO  c.h.platform.operator.util.CRDUtil - Verifying deployed HiveMQ Platform CRD...
2025-01-29 17:08:54,836 INFO c.h.h.t.HelmChartContainer - [hivemq-test-hivemq-platform] [hivemq-platform-operator] [530f4dce] 17:08:54.835 [main] DEBUG c.h.platform.operator.util.CRDUtil - HiveMQ Platform CRD version v1 is up to date
2025-01-29 17:08:54,836 INFO c.h.h.t.HelmChartContainer - [hivemq-test-hivemq-platform] [hivemq-platform-operator] [530f4dce] 17:08:54.835 [main] INFO  c.h.platform.operator.util.CRDUtil - HiveMQ Platform CRD is up to date (version: V1_6_0)
2025-01-29 17:08:54,837 INFO c.h.h.t.HelmChartContainer - [hivemq-test-hivemq-platform] [hivemq-platform-operator] [530f4dce] 17:08:54.835 [main] INFO  c.h.platform.operator.util.CRDUtil - Waiting 10000 ms for HiveMQ Platform CRD 'hivemq-platforms.hivemq.com' to become ready...
2025-01-29 17:08:55,131 INFO c.h.h.t.HelmChartContainer - [hivemq-test-hivemq-platform] [hivemq-platform-operator] [530f4dce] 17:08:55.130 [vert.x-eventloop-thread-1] DEBUG c.h.platform.operator.util.CRDUtil - Checking CRD condition 'NamesAccepted' (status: 'True')
2025-01-29 17:08:55,132 INFO c.h.h.t.HelmChartContainer - [hivemq-test-hivemq-platform] [hivemq-platform-operator] [530f4dce] 17:08:55.130 [vert.x-eventloop-thread-1] DEBUG c.h.platform.operator.util.CRDUtil - Checking CRD condition 'Established' (status: 'True')
2025-01-29 17:08:55,133 INFO c.h.h.t.HelmChartContainer - [hivemq-test-hivemq-platform] [hivemq-platform-operator] [530f4dce] 17:08:55.132 [main] INFO  c.h.platform.operator.util.CRDUtil - HiveMQ Platform CRD 'hivemq-platforms.hivemq.com' is ready
2025-01-29 17:08:55,331 INFO c.h.h.t.HelmChartContainer - [hivemq-test-hivemq-platform] [hivemq-platform-operator] [530f4dce] 17:08:55.330 [main] INFO  c.h.p.o.HiveMQPlatformReconciler - HiveMQ Platform Operator is starting...
2025-01-29 17:08:55,363 INFO c.h.h.t.HelmChartContainer - [hivemq-test-hivemq-platform] [hivemq-platform-operator] [530f4dce] 17:08:55.361 [main] WARN  Default ConfigurationService implementation - Configuration for reconciler 'hivemq-controller' was not found. Known reconcilers: None.
2025-01-29 17:08:55,430 INFO c.h.h.t.HelmChartContainer - [hivemq-test-hivemq-platform] [hivemq-platform-operator] [530f4dce] 17:08:55.429 [main] INFO  Default ConfigurationService implementation - Created configuration for reconciler com.hivemq.platform.operator.HiveMQPlatformReconciler with name hivemq-controller
2025-01-29 17:08:55,539 INFO c.h.h.t.HelmChartContainer - [hivemq-test-hivemq-platform] [hivemq-platform-operator] [530f4dce] 17:08:55.538 [main] DEBUG c.h.p.o.HiveMQPlatformReconciler - HiveMQ Platform Operator is preparing EventSources
2025-01-29 17:08:55,628 INFO c.h.h.t.HelmChartContainer - [hivemq-test-hivemq-platform] [hivemq-platform-operator] [530f4dce] 17:08:55.627 [main] INFO  i.javaoperatorsdk.operator.Operator - Registered reconciler: 'hivemq-controller' for resource: 'class com.hivemq.platform.operator.v1.HiveMQPlatform' for namespace(s): [all namespaces]
2025-01-29 17:08:56,138 INFO c.h.h.t.HelmChartContainer - [hivemq-test-hivemq-platform] [hivemq-platform-operator] [530f4dce] 17:08:56.137 [main] INFO  c.h.p.operator.webserver.JettyServer - Starting Jetty server on port 8080
2025-01-29 17:08:56,233 INFO c.h.h.t.HelmChartContainer - [hivemq-test-hivemq-platform] [hivemq-platform-operator] [530f4dce] 17:08:56.232 [main] INFO  i.javaoperatorsdk.operator.Operator - Operator SDK 4.9.7 (commit: 2133d28) built on Wed Nov 20 12:56:20 UTC 2024 starting...
2025-01-29 17:08:56,233 INFO c.h.h.t.HelmChartContainer - [hivemq-test-hivemq-platform] [hivemq-platform-operator] [530f4dce] 17:08:56.232 [main] INFO  i.javaoperatorsdk.operator.Operator - Client version: 6.13.5
2025-01-29 17:08:56,234 INFO c.h.h.t.HelmChartContainer - [hivemq-test-hivemq-platform] [hivemq-platform-operator] [530f4dce] 17:08:56.234 [Controller Starter for: hivemq-controller] INFO  i.j.operator.processing.Controller - Starting 'hivemq-controller' controller for reconciler: com.hivemq.platform.operator.HiveMQPlatformReconciler, resource: com.hivemq.platform.operator.v1.HiveMQPlatform
2025-01-29 17:08:58,627 INFO c.h.h.t.HelmChartContainer - [hivemq-test-hivemq-platform] [hivemq-platform-operator] [530f4dce] 17:08:58.626 [Controller Starter for: hivemq-controller] INFO  i.j.operator.processing.Controller - 'hivemq-controller' controller started
2025-01-29 17:08:58,628 INFO c.h.h.t.HelmChartContainer - [hivemq-test-hivemq-platform] [hivemq-platform-operator] [530f4dce] 17:08:58.627 [main] INFO  c.h.p.o.HiveMQPlatformOperatorApplication - HiveMQ Platform Operator 1.7.0-SNAPSHOT started in 6392 ms
2025-01-29 17:09:00,860 INFO c.h.h.t.HelmChartContainer - [POD] hivemq-test-hivemq-platform-operator-6966f96d65-qb8jr [530f4dce-df9a-4f21-9c40-edf2b43c58b7] in helmupgradeoperatorit-operator was MODIFIED
2025-01-29 17:09:00,865 INFO c.h.h.t.HelmChartContainer - [K3S] [replica_set.go:679] "Finished syncing" kind="ReplicaSet" key="helmupgradeoperatorit-operator/hivemq-test-hivemq-platform-operator-6966f96d65" duration="7.10385ms"
2025-01-29 17:09:00,865 INFO c.h.h.t.HelmChartContainer - [K3S] [replica_set.go:679] "Finished syncing" kind="ReplicaSet" key="helmupgradeoperatorit-operator/hivemq-test-hivemq-platform-operator-6966f96d65" duration="30.648µs"
2025-01-29 17:09:02,897 DEBUG c.h.h.operator.HelmUpgradeOperatorIT - Operator deployed successfully
2025-01-29 17:09:02,982 DEBUG c.h.h.t.HelmChartContainer - Executing helm command: /bin/helm --kubeconfig /etc/rancher/k3s/k3s.yaml upgrade test-hivemq-platform-operator /charts/hivemq-platform-operator --wait --timeout 5m0s --set image.repository=docker.io/hivemq --set image.name=hivemq-platform-operator-test --set image.initImageName=hivemq-platform-operator-init-test --set image.tag=snapshot --set image.pullPolicy=Never --set logLevel=DEBUG --set resources.cpu=512m --set http.port=8081 --namespace helmupgradeoperatorit-operator
2025-01-29 17:09:03,417 INFO c.h.h.t.HelmChartContainer - [EVENT] Normal [ScalingReplicaSet] Scaled down replica set hivemq-test-hivemq-platform-operator-6966f96d65 from 1 to 0 [helmupgradeoperatorit-operator:hivemq-test-hivemq-platform-operator]
2025-01-29 17:09:03,421 INFO c.h.h.t.HelmChartContainer - [POD] hivemq-test-hivemq-platform-operator-6966f96d65-qb8jr [530f4dce-df9a-4f21-9c40-edf2b43c58b7] in helmupgradeoperatorit-operator was MODIFIED
2025-01-29 17:09:03,423 INFO c.h.h.t.HelmChartContainer - [EVENT] Normal [SuccessfulDelete] Deleted pod: hivemq-test-hivemq-platform-operator-6966f96d65-qb8jr [helmupgradeoperatorit-operator:hivemq-test-hivemq-platform-operator-6966f96d65]
2025-01-29 17:09:03,432 INFO c.h.h.t.HelmChartContainer - [K3S] [replica_set.go:679] "Finished syncing" kind="ReplicaSet" key="helmupgradeoperatorit-operator/hivemq-test-hivemq-platform-operator-6966f96d65" duration="18.724801ms"
2025-01-29 17:09:03,433 INFO c.h.h.t.HelmChartContainer - [hivemq-test-hivemq-platform] [hivemq-platform-operator] [530f4dce] 17:09:03.431 [application-shutdown-thread] INFO  c.h.p.o.HiveMQPlatformOperatorApplication - HiveMQ Platform Operator is stopping...
2025-01-29 17:09:03,433 INFO c.h.h.t.HelmChartContainer - [hivemq-test-hivemq-platform] [hivemq-platform-operator] [530f4dce] 17:09:03.431 [application-shutdown-thread] INFO  i.javaoperatorsdk.operator.Operator - Operator SDK 4.9.7 is shutting down...
2025-01-29 17:09:03,434 INFO c.h.h.t.HelmChartContainer - [EVENT] Normal [Killing] Stopping container hivemq-platform-operator [helmupgradeoperatorit-operator:hivemq-test-hivemq-platform-operator-6966f96d65-qb8jr]
2025-01-29 17:09:03,434 INFO c.h.h.t.HelmChartContainer - Received Killing event for container hivemq-platform-operator in pod hivemq-test-hivemq-platform-operator-6966f96d65-qb8jr [530f4dce-df9a-4f21-9c40-edf2b43c58b7]
2025-01-29 17:09:03,434 INFO c.h.h.t.HelmChartContainer - Container [hivemq-test-hivemq-platform-operator-6966f96d65-qb8jr] [hivemq-platform-operator] [530f4dce-df9a-4f21-9c40-edf2b43c58b7] was terminated
2025-01-29 17:09:03,434 INFO c.h.h.t.HelmChartContainer - Stopped log watcher for hivemq-platform-operator in pod hivemq-test-hivemq-platform-operator-6966f96d65-qb8jr [530f4dce-df9a-4f21-9c40-edf2b43c58b7]
2025-01-29 17:09:03,440 INFO c.h.h.t.HelmChartContainer - [K3S] [replica_set.go:679] "Finished syncing" kind="ReplicaSet" key="helmupgradeoperatorit-operator/hivemq-test-hivemq-platform-operator-6966f96d65" duration="5.617502ms"
2025-01-29 17:09:03,440 INFO c.h.h.t.HelmChartContainer - [K3S] [replica_set.go:679] "Finished syncing" kind="ReplicaSet" key="helmupgradeoperatorit-operator/hivemq-test-hivemq-platform-operator-6966f96d65" duration="35.787µs"
2025-01-29 17:09:04,287 INFO c.h.h.t.HelmChartContainer - [K3S] [replica_set.go:679] "Finished syncing" kind="ReplicaSet" key="helmupgradeoperatorit-operator/hivemq-test-hivemq-platform-operator-6966f96d65" duration="38.722µs"
2025-01-29 17:09:04,287 INFO c.h.h.t.HelmChartContainer - [POD] hivemq-test-hivemq-platform-operator-6966f96d65-qb8jr [530f4dce-df9a-4f21-9c40-edf2b43c58b7] in helmupgradeoperatorit-operator was MODIFIED
2025-01-29 17:09:04,348 INFO c.h.h.t.HelmChartContainer - [K3S] [reconciler_common.go:162] "operationExecutor.UnmountVolume started for volume \"kube-api-access-gkmgt\" (UniqueName: \"kubernetes.io/projected/530f4dce-df9a-4f21-9c40-edf2b43c58b7-kube-api-access-gkmgt\") pod \"530f4dce-df9a-4f21-9c40-edf2b43c58b7\" (UID: \"530f4dce-df9a-4f21-9c40-edf2b43c58b7\") "
2025-01-29 17:09:04,449 INFO c.h.h.t.HelmChartContainer - [K3S] [reconciler_common.go:299] "Volume detached for volume \"kube-api-access-gkmgt\" (UniqueName: \"kubernetes.io/projected/530f4dce-df9a-4f21-9c40-edf2b43c58b7-kube-api-access-gkmgt\") on node \"38f70066c240\" DevicePath \"\""
2025-01-29 17:09:04,865 INFO c.h.h.t.HelmChartContainer - [K3S] [scope.go:117] "RemoveContainer" containerID="2d15cec7d41edc6c1ec05d33d37140ad73236495fb0fb88d77b41c15fd20cad4"
2025-01-29 17:09:04,868 INFO c.h.h.t.HelmChartContainer - [K3S] [scope.go:117] "RemoveContainer" containerID="2d15cec7d41edc6c1ec05d33d37140ad73236495fb0fb88d77b41c15fd20cad4"
2025-01-29 17:09:04,877 INFO c.h.h.t.HelmChartContainer - [K3S] [replica_set.go:679] "Finished syncing" kind="ReplicaSet" key="helmupgradeoperatorit-operator/hivemq-test-hivemq-platform-operator-6966f96d65" duration="43.201µs"
2025-01-29 17:09:04,877 INFO c.h.h.t.HelmChartContainer - [POD] hivemq-test-hivemq-platform-operator-6966f96d65-qb8jr [530f4dce-df9a-4f21-9c40-edf2b43c58b7] in helmupgradeoperatorit-operator was MODIFIED
2025-01-29 17:09:04,879 INFO c.h.h.t.HelmChartContainer - [K3S] [replica_set.go:679] "Finished syncing" kind="ReplicaSet" key="helmupgradeoperatorit-operator/hivemq-test-hivemq-platform-operator-6966f96d65" duration="30.026µs"
2025-01-29 17:09:04,879 INFO c.h.h.t.HelmChartContainer - [POD] hivemq-test-hivemq-platform-operator-6966f96d65-qb8jr [530f4dce-df9a-4f21-9c40-edf2b43c58b7] in helmupgradeoperatorit-operator was DELETED
2025-01-29 17:09:04,887 INFO c.h.h.t.HelmChartContainer - [EVENT] Normal [ScalingReplicaSet] Scaled up replica set hivemq-test-hivemq-platform-operator-56497fff47 from 0 to 1 [helmupgradeoperatorit-operator:hivemq-test-hivemq-platform-operator]
2025-01-29 17:09:04,890 INFO c.h.h.t.HelmChartContainer - [POD] hivemq-test-hivemq-platform-operator-56497fff47-2c95z [62c02fde-2ea7-41b2-8f39-26258e95f4a7] in helmupgradeoperatorit-operator was ADDED
2025-01-29 17:09:04,901 INFO c.h.h.t.HelmChartContainer - [EVENT] Normal [SuccessfulCreate] Created pod: hivemq-test-hivemq-platform-operator-56497fff47-2c95z [helmupgradeoperatorit-operator:hivemq-test-hivemq-platform-operator-56497fff47]
2025-01-29 17:09:04,909 INFO c.h.h.t.HelmChartContainer - [POD] hivemq-test-hivemq-platform-operator-56497fff47-2c95z [62c02fde-2ea7-41b2-8f39-26258e95f4a7] in helmupgradeoperatorit-operator was MODIFIED
2025-01-29 17:09:04,910 INFO c.h.h.t.HelmChartContainer - [K3S] [replica_set.go:679] "Finished syncing" kind="ReplicaSet" key="helmupgradeoperatorit-operator/hivemq-test-hivemq-platform-operator-56497fff47" duration="24.576679ms"
2025-01-29 17:09:04,911 INFO c.h.h.t.HelmChartContainer - [K3S] [memory_manager.go:355] "RemoveStaleState removing state" podUID="530f4dce-df9a-4f21-9c40-edf2b43c58b7" containerName="hivemq-platform-operator"
2025-01-29 17:09:04,926 INFO c.h.h.t.HelmChartContainer - [EVENT] Normal [Scheduled] Successfully assigned helmupgradeoperatorit-operator/hivemq-test-hivemq-platform-operator-56497fff47-2c95z to 38f70066c240 [helmupgradeoperatorit-operator:hivemq-test-hivemq-platform-operator-56497fff47-2c95z]
2025-01-29 17:09:04,936 INFO c.h.h.t.HelmChartContainer - [POD] hivemq-test-hivemq-platform-operator-56497fff47-2c95z [62c02fde-2ea7-41b2-8f39-26258e95f4a7] in helmupgradeoperatorit-operator was MODIFIED
2025-01-29 17:09:04,938 INFO c.h.h.t.HelmChartContainer - [K3S] [replica_set.go:679] "Finished syncing" kind="ReplicaSet" key="helmupgradeoperatorit-operator/hivemq-test-hivemq-platform-operator-56497fff47" duration="27.752336ms"
2025-01-29 17:09:04,938 INFO c.h.h.t.HelmChartContainer - [K3S] [replica_set.go:679] "Finished syncing" kind="ReplicaSet" key="helmupgradeoperatorit-operator/hivemq-test-hivemq-platform-operator-56497fff47" duration="88.145µs"
2025-01-29 17:09:04,952 INFO c.h.h.t.HelmChartContainer - [K3S] [reconciler_common.go:251] "operationExecutor.VerifyControllerAttachedVolume started for volume \"kube-api-access-j6g4b\" (UniqueName: \"kubernetes.io/projected/62c02fde-2ea7-41b2-8f39-26258e95f4a7-kube-api-access-j6g4b\") pod \"hivemq-test-hivemq-platform-operator-56497fff47-2c95z\" (UID: \"62c02fde-2ea7-41b2-8f39-26258e95f4a7\") " pod="helmupgradeoperatorit-operator/hivemq-test-hivemq-platform-operator-56497fff47-2c95z"
2025-01-29 17:09:05,129 INFO c.h.h.t.HelmChartContainer - [K3S] [kubelet_volumes.go:163] "Cleaned up orphaned pod volumes dir" podUID="530f4dce-df9a-4f21-9c40-edf2b43c58b7" path="/var/lib/kubelet/pods/530f4dce-df9a-4f21-9c40-edf2b43c58b7/volumes"
2025-01-29 17:09:05,304 INFO c.h.h.t.HelmChartContainer - [EVENT] Normal [Pulled] Container image "docker.io/hivemq/hivemq-platform-operator-test:snapshot" already present on machine [helmupgradeoperatorit-operator:hivemq-test-hivemq-platform-operator-56497fff47-2c95z]
2025-01-29 17:09:05,304 INFO c.h.h.t.HelmChartContainer - Received Pulled event for container hivemq-platform-operator in pod hivemq-test-hivemq-platform-operator-56497fff47-2c95z [62c02fde-2ea7-41b2-8f39-26258e95f4a7]
2025-01-29 17:09:05,314 INFO c.h.h.t.HelmChartContainer - [EVENT] Normal [Created] Created container: hivemq-platform-operator [helmupgradeoperatorit-operator:hivemq-test-hivemq-platform-operator-56497fff47-2c95z]
2025-01-29 17:09:05,314 INFO c.h.h.t.HelmChartContainer - Received Created event for container hivemq-platform-operator in pod hivemq-test-hivemq-platform-operator-56497fff47-2c95z [62c02fde-2ea7-41b2-8f39-26258e95f4a7]
2025-01-29 17:09:05,877 INFO c.h.h.t.HelmChartContainer - [POD] hivemq-test-hivemq-platform-operator-56497fff47-2c95z [62c02fde-2ea7-41b2-8f39-26258e95f4a7] in helmupgradeoperatorit-operator was MODIFIED
2025-01-29 17:09:05,878 INFO c.h.h.t.HelmChartContainer - [K3S] [replica_set.go:679] "Finished syncing" kind="ReplicaSet" key="helmupgradeoperatorit-operator/hivemq-test-hivemq-platform-operator-56497fff47" duration="43.671µs"
2025-01-29 17:09:05,887 INFO c.h.h.t.HelmChartContainer - Started log watcher for hivemq-platform-operator in pod hivemq-test-hivemq-platform-operator-56497fff47-2c95z [62c02fde-2ea7-41b2-8f39-26258e95f4a7]
2025-01-29 17:09:05,887 INFO c.h.h.t.HelmChartContainer - [hivemq-test-hivemq-platform] [hivemq-platform-operator] [62c02fde] -------------------------------------------------------------------------
2025-01-29 17:09:05,887 INFO c.h.h.t.HelmChartContainer - [hivemq-test-hivemq-platform] [hivemq-platform-operator] [62c02fde] 
2025-01-29 17:09:05,887 INFO c.h.h.t.HelmChartContainer - [EVENT] Normal [Started] Started container hivemq-platform-operator [helmupgradeoperatorit-operator:hivemq-test-hivemq-platform-operator-56497fff47-2c95z]
2025-01-29 17:09:05,887 INFO c.h.h.t.HelmChartContainer - [hivemq-test-hivemq-platform] [hivemq-platform-operator] [62c02fde]                   _    _  _              __  __   ____
2025-01-29 17:09:05,887 INFO c.h.h.t.HelmChartContainer - [hivemq-test-hivemq-platform] [hivemq-platform-operator] [62c02fde]                  | |  | |(_)            |  \/  | / __ \
2025-01-29 17:09:05,887 INFO c.h.h.t.HelmChartContainer - [hivemq-test-hivemq-platform] [hivemq-platform-operator] [62c02fde]                  | |__| | _ __   __ ___ | \  / || |  | |
2025-01-29 17:09:05,887 INFO c.h.h.t.HelmChartContainer - [hivemq-test-hivemq-platform] [hivemq-platform-operator] [62c02fde]                  |  __  || |\ \ / // _ \| |\/| || |  | |
2025-01-29 17:09:05,887 INFO c.h.h.t.HelmChartContainer - [hivemq-test-hivemq-platform] [hivemq-platform-operator] [62c02fde]                  | |  | || | \ V /|  __/| |  | || |__| |
2025-01-29 17:09:05,887 INFO c.h.h.t.HelmChartContainer - [hivemq-test-hivemq-platform] [hivemq-platform-operator] [62c02fde]                  |_|  |_||_|  \_/  \___||_|  |_| \___\_\
2025-01-29 17:09:05,887 INFO c.h.h.t.HelmChartContainer - Received Started event for container hivemq-platform-operator in pod hivemq-test-hivemq-platform-operator-56497fff47-2c95z [62c02fde-2ea7-41b2-8f39-26258e95f4a7]
2025-01-29 17:09:05,887 INFO c.h.h.t.HelmChartContainer - [hivemq-test-hivemq-platform] [hivemq-platform-operator] [62c02fde] 
2025-01-29 17:09:05,887 INFO c.h.h.t.HelmChartContainer - [hivemq-test-hivemq-platform] [hivemq-platform-operator] [62c02fde] -------------------------------------------------------------------------
2025-01-29 17:09:05,887 INFO c.h.h.t.HelmChartContainer - [hivemq-test-hivemq-platform] [hivemq-platform-operator] [62c02fde] 
2025-01-29 17:09:05,888 INFO c.h.h.t.HelmChartContainer - [hivemq-test-hivemq-platform] [hivemq-platform-operator] [62c02fde]   HiveMQ Platform Operator Start Script v1.0
2025-01-29 17:09:05,888 INFO c.h.h.t.HelmChartContainer - [hivemq-test-hivemq-platform] [hivemq-platform-operator] [62c02fde] 
2025-01-29 17:09:05,888 INFO c.h.h.t.HelmChartContainer - [hivemq-test-hivemq-platform] [hivemq-platform-operator] [62c02fde] -------------------------------------------------------------------------
2025-01-29 17:09:05,888 INFO c.h.h.t.HelmChartContainer - [hivemq-test-hivemq-platform] [hivemq-platform-operator] [62c02fde] 
2025-01-29 17:09:05,888 INFO c.h.h.t.HelmChartContainer - [hivemq-test-hivemq-platform] [hivemq-platform-operator] [62c02fde]   JAVA_OPTS: -XX:+UnlockExperimentalVMOptions -XX:InitialRAMPercentage=75 -XX:MaxRAMPercentage=75 -Duser.language=en -Duser.region=US
2025-01-29 17:09:05,888 INFO c.h.h.t.HelmChartContainer - [hivemq-test-hivemq-platform] [hivemq-platform-operator] [62c02fde] 
2025-01-29 17:09:05,888 INFO c.h.h.t.HelmChartContainer - [hivemq-test-hivemq-platform] [hivemq-platform-operator] [62c02fde]   JAVA_VERSION: 21
2025-01-29 17:09:05,888 INFO c.h.h.t.HelmChartContainer - [hivemq-test-hivemq-platform] [hivemq-platform-operator] [62c02fde] 
2025-01-29 17:09:05,888 INFO c.h.h.t.HelmChartContainer - [hivemq-test-hivemq-platform] [hivemq-platform-operator] [62c02fde] -------------------------------------------------------------------------
2025-01-29 17:09:05,888 INFO c.h.h.t.HelmChartContainer - [hivemq-test-hivemq-platform] [hivemq-platform-operator] [62c02fde] 
2025-01-29 17:09:08,638 INFO c.h.h.t.HelmChartContainer - [hivemq-test-hivemq-platform] [hivemq-platform-operator] [62c02fde] 17:09:08.636 [main] DEBUG org.jboss.logging - Logging Provider: org.jboss.logging.Slf4jLoggerProvider
2025-01-29 17:09:08,824 INFO c.h.h.t.HelmChartContainer - [hivemq-test-hivemq-platform] [hivemq-platform-operator] [62c02fde] 17:09:08.822 [main] DEBUG io.smallrye.config - SRCFG01006: Loaded ConfigSource SysPropConfigSource with ordinal 400
2025-01-29 17:09:08,824 INFO c.h.h.t.HelmChartContainer - [hivemq-test-hivemq-platform] [hivemq-platform-operator] [62c02fde] 17:09:08.822 [main] DEBUG io.smallrye.config - SRCFG01006: Loaded ConfigSource EnvConfigSource with ordinal 300
2025-01-29 17:09:08,824 INFO c.h.h.t.HelmChartContainer - [hivemq-test-hivemq-platform] [hivemq-platform-operator] [62c02fde] 17:09:08.822 [main] DEBUG io.smallrye.config - SRCFG01006: Loaded ConfigSource PropertiesConfigSource[source=jar:file:///opt/hivemq-platform-operator/bin/hivemq-platform-operator.jar!/hivemq-platform-operator.properties] with ordinal 100
2025-01-29 17:09:08,824 INFO c.h.h.t.HelmChartContainer - [hivemq-test-hivemq-platform] [hivemq-platform-operator] [62c02fde] 17:09:08.822 [main] DEBUG io.smallrye.config - SRCFG01006: Loaded ConfigSource DefaultValuesConfigSource with ordinal -2147483648
2025-01-29 17:09:08,854 INFO c.h.h.t.HelmChartContainer - [hivemq-test-hivemq-platform] [hivemq-platform-operator] [62c02fde] 17:09:08.853 [main] DEBUG i.m.c.u.i.l.InternalLoggerFactory - Using SLF4J as the default logging framework
2025-01-29 17:09:09,034 INFO c.h.h.t.HelmChartContainer - [hivemq-test-hivemq-platform] [hivemq-platform-operator] [62c02fde] 17:09:09.026 [main] INFO  c.h.p.o.HiveMQPlatformOperatorApplication - HiveMQ Platform Operator 1.7.0-SNAPSHOT (commit: 8465ebf on branch: HEAD) built on Wed Jan 29 16:56:31 UTC 2025
2025-01-29 17:09:09,035 INFO c.h.h.t.HelmChartContainer - [hivemq-test-hivemq-platform] [hivemq-platform-operator] [62c02fde] 17:09:09.034 [main] INFO  c.h.p.o.HiveMQPlatformOperatorApplication - HiveMQ Platform Operator is running in namespace: helmupgradeoperatorit-operator
2025-01-29 17:09:09,035 INFO c.h.h.t.HelmChartContainer - [hivemq-test-hivemq-platform] [hivemq-platform-operator] [62c02fde] 17:09:09.034 [main] INFO  c.h.p.o.HiveMQPlatformOperatorApplication - Watching all namespaces
2025-01-29 17:09:09,035 INFO c.h.h.t.HelmChartContainer - [hivemq-test-hivemq-platform] [hivemq-platform-operator] [62c02fde] 17:09:09.034 [main] INFO  c.h.p.o.HiveMQPlatformOperatorApplication - Log level: DEBUG
2025-01-29 17:09:09,035 INFO c.h.h.t.HelmChartContainer - [hivemq-test-hivemq-platform] [hivemq-platform-operator] [62c02fde] 17:09:09.034 [main] INFO  c.h.p.o.HiveMQPlatformOperatorApplication - Release name: test-hivemq-platform-operator
2025-01-29 17:09:09,035 INFO c.h.h.t.HelmChartContainer - [hivemq-test-hivemq-platform] [hivemq-platform-operator] [62c02fde] 17:09:09.034 [main] INFO  c.h.p.o.HiveMQPlatformOperatorApplication - HiveMQ Platform Operator Init image: docker.io/hivemq/hivemq-platform-operator-init-test:snapshot
2025-01-29 17:09:09,035 INFO c.h.h.t.HelmChartContainer - [hivemq-test-hivemq-platform] [hivemq-platform-operator] [62c02fde] 17:09:09.034 [main] INFO  c.h.p.o.HiveMQPlatformOperatorApplication - HiveMQ Platform Operator Init App update URL: http://hivemq-platform-operator-test-hivemq-platform-operator.helmupgradeoperatorit-operator.svc:8081/initAppUpdate/hivemq-platform-operator-init-app-1.7.0-SNAPSHOT.jar
2025-01-29 17:09:09,036 INFO c.h.h.t.HelmChartContainer - [hivemq-test-hivemq-platform] [hivemq-platform-operator] [62c02fde] 17:09:09.034 [main] INFO  c.h.p.o.HiveMQPlatformOperatorApplication - Additional imagePullSecret for all Platform deployments: none
2025-01-29 17:09:09,036 INFO c.h.h.t.HelmChartContainer - [hivemq-test-hivemq-platform] [hivemq-platform-operator] [62c02fde] 17:09:09.034 [main] INFO  c.h.p.o.HiveMQPlatformOperatorApplication - Apply HiveMQ Platform CRD: true
2025-01-29 17:09:09,037 INFO c.h.h.t.HelmChartContainer - [hivemq-test-hivemq-platform] [hivemq-platform-operator] [62c02fde] 17:09:09.034 [main] INFO  c.h.p.o.HiveMQPlatformOperatorApplication - Create Platform ServiceAccount: true
2025-01-29 17:09:09,037 INFO c.h.h.t.HelmChartContainer - [hivemq-test-hivemq-platform] [hivemq-platform-operator] [62c02fde] 17:09:09.034 [main] INFO  c.h.p.o.HiveMQPlatformOperatorApplication - Create Platform ServiceAccount permissions: true
2025-01-29 17:09:09,037 INFO c.h.h.t.HelmChartContainer - [hivemq-test-hivemq-platform] [hivemq-platform-operator] [62c02fde] 17:09:09.034 [main] INFO  c.h.p.o.HiveMQPlatformOperatorApplication - Validate Platform ServiceAccount: true
2025-01-29 17:09:09,037 INFO c.h.h.t.HelmChartContainer - [hivemq-test-hivemq-platform] [hivemq-platform-operator] [62c02fde] 17:09:09.035 [main] INFO  c.h.p.o.HiveMQPlatformOperatorApplication - Validate Platform ServiceAccount permissions: true
2025-01-29 17:09:09,229 INFO c.h.h.t.HelmChartContainer - [hivemq-test-hivemq-platform] [hivemq-platform-operator] [62c02fde] 17:09:09.229 [main] INFO  c.h.platform.operator.util.CRDUtil - Verifying deployed HiveMQ Platform CRD...
2025-01-29 17:09:11,631 INFO c.h.h.t.HelmChartContainer - [hivemq-test-hivemq-platform] [hivemq-platform-operator] [62c02fde] 17:09:11.629 [main] DEBUG c.h.platform.operator.util.CRDUtil - HiveMQ Platform CRD version v1 is up to date
2025-01-29 17:09:11,631 INFO c.h.h.t.HelmChartContainer - [hivemq-test-hivemq-platform] [hivemq-platform-operator] [62c02fde] 17:09:11.629 [main] INFO  c.h.platform.operator.util.CRDUtil - HiveMQ Platform CRD is up to date (version: V1_6_0)
2025-01-29 17:09:11,632 INFO c.h.h.t.HelmChartContainer - [hivemq-test-hivemq-platform] [hivemq-platform-operator] [62c02fde] 17:09:11.629 [main] INFO  c.h.platform.operator.util.CRDUtil - Waiting 10000 ms for HiveMQ Platform CRD 'hivemq-platforms.hivemq.com' to become ready...
2025-01-29 17:09:11,926 INFO c.h.h.t.HelmChartContainer - [hivemq-test-hivemq-platform] [hivemq-platform-operator] [62c02fde] 17:09:11.924 [vert.x-eventloop-thread-1] DEBUG c.h.platform.operator.util.CRDUtil - Checking CRD condition 'NamesAccepted' (status: 'True')
2025-01-29 17:09:11,927 INFO c.h.h.t.HelmChartContainer - [hivemq-test-hivemq-platform] [hivemq-platform-operator] [62c02fde] 17:09:11.924 [vert.x-eventloop-thread-1] DEBUG c.h.platform.operator.util.CRDUtil - Checking CRD condition 'Established' (status: 'True')
2025-01-29 17:09:11,928 INFO c.h.h.t.HelmChartContainer - [hivemq-test-hivemq-platform] [hivemq-platform-operator] [62c02fde] 17:09:11.925 [main] INFO  c.h.platform.operator.util.CRDUtil - HiveMQ Platform CRD 'hivemq-platforms.hivemq.com' is ready
2025-01-29 17:09:12,124 INFO c.h.h.t.HelmChartContainer - [hivemq-test-hivemq-platform] [hivemq-platform-operator] [62c02fde] 17:09:12.123 [main] INFO  c.h.p.o.HiveMQPlatformReconciler - HiveMQ Platform Operator is starting...
2025-01-29 17:09:12,227 INFO c.h.h.t.HelmChartContainer - [hivemq-test-hivemq-platform] [hivemq-platform-operator] [62c02fde] 17:09:12.225 [main] WARN  Default ConfigurationService implementation - Configuration for reconciler 'hivemq-controller' was not found. Known reconcilers: None.
2025-01-29 17:09:12,234 INFO c.h.h.t.HelmChartContainer - [hivemq-test-hivemq-platform] [hivemq-platform-operator] [62c02fde] 17:09:12.233 [main] INFO  Default ConfigurationService implementation - Created configuration for reconciler com.hivemq.platform.operator.HiveMQPlatformReconciler with name hivemq-controller
2025-01-29 17:09:12,336 INFO c.h.h.t.HelmChartContainer - [hivemq-test-hivemq-platform] [hivemq-platform-operator] [62c02fde] 17:09:12.335 [main] DEBUG c.h.p.o.HiveMQPlatformReconciler - HiveMQ Platform Operator is preparing EventSources
2025-01-29 17:09:12,427 INFO c.h.h.t.HelmChartContainer - [hivemq-test-hivemq-platform] [hivemq-platform-operator] [62c02fde] 17:09:12.425 [main] INFO  i.javaoperatorsdk.operator.Operator - Registered reconciler: 'hivemq-controller' for resource: 'class com.hivemq.platform.operator.v1.HiveMQPlatform' for namespace(s): [all namespaces]
2025-01-29 17:09:13,023 INFO c.h.h.t.HelmChartContainer - [hivemq-test-hivemq-platform] [hivemq-platform-operator] [62c02fde] 17:09:13.022 [main] INFO  c.h.p.operator.webserver.JettyServer - Starting Jetty server on port 8081
2025-01-29 17:09:13,041 INFO c.h.h.t.HelmChartContainer - [hivemq-test-hivemq-platform] [hivemq-platform-operator] [62c02fde] 17:09:13.040 [main] INFO  i.javaoperatorsdk.operator.Operator - Operator SDK 4.9.7 (commit: 2133d28) built on Wed Nov 20 12:56:20 UTC 2024 starting...
2025-01-29 17:09:13,042 INFO c.h.h.t.HelmChartContainer - [hivemq-test-hivemq-platform] [hivemq-platform-operator] [62c02fde] 17:09:13.040 [main] INFO  i.javaoperatorsdk.operator.Operator - Client version: 6.13.5
2025-01-29 17:09:13,119 INFO c.h.h.t.HelmChartContainer - [hivemq-test-hivemq-platform] [hivemq-platform-operator] [62c02fde] 17:09:13.118 [Controller Starter for: hivemq-controller] INFO  i.j.operator.processing.Controller - Starting 'hivemq-controller' controller for reconciler: com.hivemq.platform.operator.HiveMQPlatformReconciler, resource: com.hivemq.platform.operator.v1.HiveMQPlatform
2025-01-29 17:09:15,420 INFO c.h.h.t.HelmChartContainer - [hivemq-test-hivemq-platform] [hivemq-platform-operator] [62c02fde] 17:09:15.418 [Controller Starter for: hivemq-controller] INFO  i.j.operator.processing.Controller - 'hivemq-controller' controller started
2025-01-29 17:09:15,420 INFO c.h.h.t.HelmChartContainer - [hivemq-test-hivemq-platform] [hivemq-platform-operator] [62c02fde] 17:09:15.419 [main] INFO  c.h.p.o.HiveMQPlatformOperatorApplication - HiveMQ Platform Operator 1.7.0-SNAPSHOT started in 6393 ms
2025-01-29 17:09:16,884 INFO c.h.h.t.HelmChartContainer - [POD] hivemq-test-hivemq-platform-operator-56497fff47-2c95z [62c02fde-2ea7-41b2-8f39-26258e95f4a7] in helmupgradeoperatorit-operator was MODIFIED
2025-01-29 17:09:16,890 INFO c.h.h.t.HelmChartContainer - [K3S] [replica_set.go:679] "Finished syncing" kind="ReplicaSet" key="helmupgradeoperatorit-operator/hivemq-test-hivemq-platform-operator-56497fff47" duration="5.797649ms"
2025-01-29 17:09:16,890 INFO c.h.h.t.HelmChartContainer - [K3S] [replica_set.go:679] "Finished syncing" kind="ReplicaSet" key="helmupgradeoperatorit-operator/hivemq-test-hivemq-platform-operator-56497fff47" duration="32.43µs"
2025-01-29 17:09:17,529 INFO c.h.h.t.HelmChartContainer - Uninstalling release 'test-hivemq-platform-operator' in namespace 'helmupgradeoperatorit-operator'...
2025-01-29 17:09:17,529 DEBUG c.h.h.t.HelmChartContainer - Executing helm command: /bin/helm --kubeconfig /etc/rancher/k3s/k3s.yaml uninstall test-hivemq-platform-operator  --wait --timeout 5m0s --cascade foreground --namespace helmupgradeoperatorit-operator
2025-01-29 17:09:17,701 INFO c.h.h.t.HelmChartContainer - [K3S] [replica_set.go:679] "Finished syncing" kind="ReplicaSet" key="helmupgradeoperatorit-operator/hivemq-test-hivemq-platform-operator-6966f96d65" duration="8.997µs"
2025-01-29 17:09:17,711 INFO c.h.h.t.HelmChartContainer - [K3S] [replica_set.go:679] "Finished syncing" kind="ReplicaSet" key="helmupgradeoperatorit-operator/hivemq-test-hivemq-platform-operator-56497fff47" duration="10.49439ms"
2025-01-29 17:09:17,713 INFO c.h.h.t.HelmChartContainer - [K3S] [replica_set.go:679] "Finished syncing" kind="ReplicaSet" key="helmupgradeoperatorit-operator/hivemq-test-hivemq-platform-operator-56497fff47" duration="41.868µs"
2025-01-29 17:09:17,737 INFO c.h.h.t.HelmChartContainer - [POD] hivemq-test-hivemq-platform-operator-56497fff47-2c95z [62c02fde-2ea7-41b2-8f39-26258e95f4a7] in helmupgradeoperatorit-operator was MODIFIED
2025-01-29 17:09:17,747 INFO c.h.h.t.HelmChartContainer - [EVENT] Normal [Killing] Stopping container hivemq-platform-operator [helmupgradeoperatorit-operator:hivemq-test-hivemq-platform-operator-56497fff47-2c95z]
2025-01-29 17:09:17,747 INFO c.h.h.t.HelmChartContainer - Received Killing event for container hivemq-platform-operator in pod hivemq-test-hivemq-platform-operator-56497fff47-2c95z [62c02fde-2ea7-41b2-8f39-26258e95f4a7]
2025-01-29 17:09:17,747 INFO c.h.h.t.HelmChartContainer - Container [hivemq-test-hivemq-platform-operator-56497fff47-2c95z] [hivemq-platform-operator] [62c02fde-2ea7-41b2-8f39-26258e95f4a7] was terminated
2025-01-29 17:09:17,747 INFO c.h.h.t.HelmChartContainer - Stopped log watcher for hivemq-platform-operator in pod hivemq-test-hivemq-platform-operator-56497fff47-2c95z [62c02fde-2ea7-41b2-8f39-26258e95f4a7]
2025-01-29 17:09:17,747 INFO c.h.h.t.HelmChartContainer - [K3S] [replica_set.go:679] "Finished syncing" kind="ReplicaSet" key="helmupgradeoperatorit-operator/hivemq-test-hivemq-platform-operator-56497fff47" duration="15.962593ms"
2025-01-29 17:09:17,748 INFO c.h.h.t.HelmChartContainer - [K3S] [replica_set.go:679] "Finished syncing" kind="ReplicaSet" key="helmupgradeoperatorit-operator/hivemq-test-hivemq-platform-operator-56497fff47" duration="35.486µs"
2025-01-29 17:09:17,749 INFO c.h.h.t.HelmChartContainer - [EVENT] Warning [FailedToUpdateEndpoint] Failed to update endpoint helmupgradeoperatorit-operator/hivemq-platform-operator-test-hivemq-platform-operator: Operation cannot be fulfilled on endpoints "hivemq-platform-operator-test-hivemq-platform-operator": StorageError: invalid object, Code: 4, Key: /registry/services/endpoints/helmupgradeoperatorit-operator/hivemq-platform-operator-test-hivemq-platform-operator, ResourceVersion: 0, AdditionalErrorMsg: Precondition failed: UID in precondition: 24665f77-e7be-4a84-b275-9b7bbd02855f, UID in object meta:  [helmupgradeoperatorit-operator:hivemq-platform-operator-test-hivemq-platform-operator]
2025-01-29 17:09:17,793 INFO c.h.h.t.HelmChartContainer - [hivemq-test-hivemq-platform] [hivemq-platform-operator] [62c02fde] 17:09:17.792 [application-shutdown-thread] INFO  c.h.p.o.HiveMQPlatformOperatorApplication - HiveMQ Platform Operator is stopping...
2025-01-29 17:09:17,793 INFO c.h.h.t.HelmChartContainer - [hivemq-test-hivemq-platform] [hivemq-platform-operator] [62c02fde] 17:09:17.792 [application-shutdown-thread] INFO  i.javaoperatorsdk.operator.Operator - Operator SDK 4.9.7 is shutting down...
2025-01-29 17:09:18,342 INFO c.h.h.t.HelmChartContainer - [K3S] [replica_set.go:679] "Finished syncing" kind="ReplicaSet" key="helmupgradeoperatorit-operator/hivemq-test-hivemq-platform-operator-56497fff47" duration="41.477µs"
2025-01-29 17:09:18,344 INFO c.h.h.t.HelmChartContainer - [POD] hivemq-test-hivemq-platform-operator-56497fff47-2c95z [62c02fde-2ea7-41b2-8f39-26258e95f4a7] in helmupgradeoperatorit-operator was MODIFIED
2025-01-29 17:09:18,427 INFO c.h.h.t.HelmChartContainer - [K3S] [reconciler_common.go:162] "operationExecutor.UnmountVolume started for volume \"kube-api-access-j6g4b\" (UniqueName: \"kubernetes.io/projected/62c02fde-2ea7-41b2-8f39-26258e95f4a7-kube-api-access-j6g4b\") pod \"62c02fde-2ea7-41b2-8f39-26258e95f4a7\" (UID: \"62c02fde-2ea7-41b2-8f39-26258e95f4a7\") "
2025-01-29 17:09:18,528 INFO c.h.h.t.HelmChartContainer - [K3S] [reconciler_common.go:299] "Volume detached for volume \"kube-api-access-j6g4b\" (UniqueName: \"kubernetes.io/projected/62c02fde-2ea7-41b2-8f39-26258e95f4a7-kube-api-access-j6g4b\") on node \"38f70066c240\" DevicePath \"\""
2025-01-29 17:09:18,888 INFO c.h.h.t.HelmChartContainer - [K3S] [scope.go:117] "RemoveContainer" containerID="110e39d709c93bc984d56abc3fb3785163ec6dcf7ab95d98602314b264e3a01d"
2025-01-29 17:09:18,891 INFO c.h.h.t.HelmChartContainer - [K3S] [scope.go:117] "RemoveContainer" containerID="110e39d709c93bc984d56abc3fb3785163ec6dcf7ab95d98602314b264e3a01d"
2025-01-29 17:09:18,899 INFO c.h.h.t.HelmChartContainer - [K3S] [replica_set.go:679] "Finished syncing" kind="ReplicaSet" key="helmupgradeoperatorit-operator/hivemq-test-hivemq-platform-operator-56497fff47" duration="46.096µs"
2025-01-29 17:09:18,900 INFO c.h.h.t.HelmChartContainer - [POD] hivemq-test-hivemq-platform-operator-56497fff47-2c95z [62c02fde-2ea7-41b2-8f39-26258e95f4a7] in helmupgradeoperatorit-operator was MODIFIED
2025-01-29 17:09:18,903 INFO c.h.h.t.HelmChartContainer - [K3S] [replica_set.go:679] "Finished syncing" kind="ReplicaSet" key="helmupgradeoperatorit-operator/hivemq-test-hivemq-platform-operator-56497fff47" duration="34.464µs"
2025-01-29 17:09:18,904 INFO c.h.h.t.HelmChartContainer - [POD] hivemq-test-hivemq-platform-operator-56497fff47-2c95z [62c02fde-2ea7-41b2-8f39-26258e95f4a7] in helmupgradeoperatorit-operator was DELETED
2025-01-29 17:09:18,915 INFO c.h.h.t.HelmChartContainer - [K3S] [replica_set.go:679] "Finished syncing" kind="ReplicaSet" key="helmupgradeoperatorit-operator/hivemq-test-hivemq-platform-operator-56497fff47" duration="6.792µs"
2025-01-29 17:09:19,129 INFO c.h.h.t.HelmChartContainer - [K3S] [kubelet_volumes.go:163] "Cleaned up orphaned pod volumes dir" podUID="62c02fde-2ea7-41b2-8f39-26258e95f4a7" path="/var/lib/kubelet/pods/62c02fde-2ea7-41b2-8f39-26258e95f4a7/volumes"
2025-01-29 17:09:19,772 INFO c.h.h.t.HelmChartContainer - Deleting namespace 'helmupgradeoperatorit-operator'...
2025-01-29 17:09:24,990 INFO c.h.h.t.HelmChartContainer - Namespace 'helmupgradeoperatorit-operator' deleted
2025-01-29 17:09:24,990 INFO c.h.h.t.HelmChartContainer - Release 'test-hivemq-platform-operator' in namespace 'helmupgradeoperatorit-operator' is uninstalled
2025-01-29 17:09:25,805 INFO c.h.helmcharts.AbstractHelmChartIT - Removed unused containers:

2025-01-29 17:09:29,922 INFO c.h.h.t.HelmChartContainer - [K3S] [namespace_controller.go:187] "Namespace has been deleted" namespace="helmupgradeoperatorit-operator"
2025-01-29 17:09:31,932 INFO c.h.helmcharts.AbstractHelmChartIT - Removed unused snapshots:
Removing snapshot sha256:03af251906410714c5aef9fa705b63f6bbc39c4a5e787de7361eeb18886c2ed2
Removing snapshot sha256:05e92d4edb7dae17100de87c70ce860a0be1c86cf824bdeb0ecaca118b84ef20
Removing snapshot sha256:0c46b3b43cce082ce5ec34ffc6c294e0417d17b9d1e6f366d114b6aadc4f96dc
Removing snapshot sha256:0ce761beee59082d6ed5bcebd3a805b8ddd9b3426b617e4809e7fb7c6587ffec
Removing snapshot sha256:1021ef88c7974bfff89c5a0ec4fd3160daac6c48a075f74cff721f85dd104e68
Removing snapshot sha256:10aba4953ddc18145dd38e3704709bc464aa20af60b56fe52caaff4b68411e62
Removing snapshot sha256:362a8a37f8bbc31925a8146adcf7cf51f9882f5c1dcbef67c5baa03a297543c0
Removing snapshot sha256:43a7c979bbaba6838bc3102d6b10a1459f3ab050b87ccdfef84ef90cf43d3058
Removing snapshot sha256:4ab04491cdf0d3267f08206fe30bd48f49f94b9cab2f016d6739220f722a64af
Removing snapshot sha256:4b6068250e89c96f263060261819c7d912855bfbd64b3eb4c4a8483299b8c295
Removing snapshot sha256:580e69a0a8034ede1921139bbd2bfb72a69ebf276d008281896c32dd8bf74775
Removing snapshot sha256:5d30ba46b27fe37484567ccc5242cadc78217b8da605f3f195ef25cbf7487904
Removing snapshot sha256:63ca1fbb43ae5034640e5e6cb3e083e05c290072c5366fcaa9d62435a4cced85
Removing snapshot sha256:67f702c6baae873bceb19487c8b1f27bd2b86077e4f2f0e480e6d60ab508b8f5
Removing snapshot sha256:6864348dd42806d552efdec384f1274be15e2d0c10ce44c1f04347af004c10a9
Removing snapshot sha256:6c7dee8f2c39b84b7dc2711c01d33de93514d9055499173e9290176fbe484b6c
Removing snapshot sha256:82753493a6d61ded36556292f02f31841a14c20d2f279f19eaad65afb661d5cd
Removing snapshot sha256:8a10d3db42c505ee0fcfa98417bdd7e39b304f6bcc0a06bb1b220797ff2cc63c
Removing snapshot sha256:a21e5b12dbac529ad45d976eb9ce45c881f3bedcc500fb30aba1e52aa1813418
Removing snapshot sha256:b921e6c28969094157f9b8e7244677780319637afd14450b7cb6b2fdea558a0c
Removing snapshot sha256:bc27ecb5769a00e309cf99ebc763c4a4b958b618d1decc96ffac5bc05f02f5b7
Removing snapshot sha256:be3ccb6627a5332e309d45ef461d09b4879dd870c7394d89323d0ebc6ca6aa8a
Removing snapshot sha256:c261f7cbbc64211ee175ee47273acdb7b1a36a4450b397a064a8f2c026490095
Removing snapshot sha256:c34d9393647eea0c9e3557ab988efaf59f61d10a2a5613b439ef0958cca5ec10
Removing snapshot sha256:ccf3c4a0fa967a41c1c83497a2ce6fa5787965859df0adb32c4ca2cf7490bc2b
Removing snapshot sha256:cf92d33f869417309692088c341cd0f223c178ea78a125f757317b22aa8f90e9
Removing snapshot sha256:d0037344cf2fb078884f1849f6a1f8cf9a33a3b6139b6a85833e5ee528e1f9a8
Removing snapshot sha256:d3b36d5b79273b1e98e7700470eaeff05a882e777124d84cebcc1505b85ecb36
Removing snapshot sha256:d65a44a37914602d12c611e5e22a50f11451d847e63015cc1c2aef92dee777a4
Removing snapshot sha256:e2dc0bae2455930f23ae570e019b7f32edc75c0f2d71cab084db837ff9051796
Removing snapshot sha256:eccbd24a99c60cd9e86ee5305dbfc4a4dc89f5ab4fb1f06c8d64797cecedef34
Removing snapshot sha256:f144bb4c7c7f0d2aa7eeffd36d934ec40db1ee167be727e326aad9fdc616f475

2025-01-29 17:09:31,932 WARN c.h.helmcharts.AbstractHelmChartIT - Error during removal of snapshots:
ctr: failed to remove "sha256:03af251906410714c5aef9fa705b63f6bbc39c4a5e787de7361eeb18886c2ed2": cannot remove snapshot with child: failed precondition
ctr: failed to remove "sha256:0c46b3b43cce082ce5ec34ffc6c294e0417d17b9d1e6f366d114b6aadc4f96dc": cannot remove snapshot with child: failed precondition
ctr: failed to remove "sha256:0ce761beee59082d6ed5bcebd3a805b8ddd9b3426b617e4809e7fb7c6587ffec": cannot remove snapshot with child: failed precondition
ctr: failed to remove "sha256:1021ef88c7974bfff89c5a0ec4fd3160daac6c48a075f74cff721f85dd104e68": cannot remove snapshot with child: failed precondition
ctr: failed to remove "sha256:10aba4953ddc18145dd38e3704709bc464aa20af60b56fe52caaff4b68411e62": cannot remove snapshot with child: failed precondition
ctr: failed to remove "sha256:362a8a37f8bbc31925a8146adcf7cf51f9882f5c1dcbef67c5baa03a297543c0": cannot remove snapshot with child: failed precondition
ctr: failed to remove "sha256:43a7c979bbaba6838bc3102d6b10a1459f3ab050b87ccdfef84ef90cf43d3058": cannot remove snapshot with child: failed precondition
ctr: failed to remove "sha256:4ab04491cdf0d3267f08206fe30bd48f49f94b9cab2f016d6739220f722a64af": cannot remove snapshot with child: failed precondition
ctr: failed to remove "sha256:4b6068250e89c96f263060261819c7d912855bfbd64b3eb4c4a8483299b8c295": cannot remove snapshot with child: failed precondition
ctr: failed to remove "sha256:580e69a0a8034ede1921139bbd2bfb72a69ebf276d008281896c32dd8bf74775": cannot remove snapshot with child: failed precondition
ctr: failed to remove "sha256:5d30ba46b27fe37484567ccc5242cadc78217b8da605f3f195ef25cbf7487904": cannot remove snapshot with child: failed precondition
ctr: failed to remove "sha256:63ca1fbb43ae5034640e5e6cb3e083e05c290072c5366fcaa9d62435a4cced85": cannot remove snapshot with child: failed precondition
ctr: failed to remove "sha256:67f702c6baae873bceb19487c8b1f27bd2b86077e4f2f0e480e6d60ab508b8f5": cannot remove snapshot with child: failed precondition
ctr: failed to remove "sha256:6864348dd42806d552efdec384f1274be15e2d0c10ce44c1f04347af004c10a9": cannot remove snapshot with child: failed precondition
ctr: failed to remove "sha256:6c7dee8f2c39b84b7dc2711c01d33de93514d9055499173e9290176fbe484b6c": cannot remove snapshot with child: failed precondition
ctr: failed to remove "sha256:82753493a6d61ded36556292f02f31841a14c20d2f279f19eaad65afb661d5cd": cannot remove snapshot with child: failed precondition
ctr: failed to remove "sha256:8a10d3db42c505ee0fcfa98417bdd7e39b304f6bcc0a06bb1b220797ff2cc63c": cannot remove snapshot with child: failed precondition
ctr: failed to remove "sha256:a21e5b12dbac529ad45d976eb9ce45c881f3bedcc500fb30aba1e52aa1813418": cannot remove snapshot with child: failed precondition
ctr: failed to remove "sha256:b921e6c28969094157f9b8e7244677780319637afd14450b7cb6b2fdea558a0c": cannot remove snapshot with child: failed precondition
ctr: failed to remove "sha256:bc27ecb5769a00e309cf99ebc763c4a4b958b618d1decc96ffac5bc05f02f5b7": cannot remove snapshot with child: failed precondition
ctr: failed to remove "sha256:be3ccb6627a5332e309d45ef461d09b4879dd870c7394d89323d0ebc6ca6aa8a": cannot remove snapshot with child: failed precondition
ctr: failed to remove "sha256:c261f7cbbc64211ee175ee47273acdb7b1a36a4450b397a064a8f2c026490095": cannot remove snapshot with child: failed precondition
ctr: failed to remove "sha256:c34d9393647eea0c9e3557ab988efaf59f61d10a2a5613b439ef0958cca5ec10": cannot remove snapshot with child: failed precondition
ctr: failed to remove "sha256:ccf3c4a0fa967a41c1c83497a2ce6fa5787965859df0adb32c4ca2cf7490bc2b": cannot remove snapshot with child: failed precondition
ctr: failed to remove "sha256:cf92d33f869417309692088c341cd0f223c178ea78a125f757317b22aa8f90e9": cannot remove snapshot with child: failed precondition
ctr: failed to remove "sha256:d0037344cf2fb078884f1849f6a1f8cf9a33a3b6139b6a85833e5ee528e1f9a8": cannot remove snapshot with child: failed precondition
ctr: failed to remove "sha256:d3b36d5b79273b1e98e7700470eaeff05a882e777124d84cebcc1505b85ecb36": cannot remove snapshot with child: failed precondition
ctr: failed to remove "sha256:d65a44a37914602d12c611e5e22a50f11451d847e63015cc1c2aef92dee777a4": cannot remove snapshot with child: failed precondition
ctr: failed to remove "sha256:e2dc0bae2455930f23ae570e019b7f32edc75c0f2d71cab084db837ff9051796": cannot remove snapshot with child: failed precondition
ctr: failed to remove "sha256:eccbd24a99c60cd9e86ee5305dbfc4a4dc89f5ab4fb1f06c8d64797cecedef34": cannot remove snapshot with child: failed precondition
ctr: failed to remove "sha256:f144bb4c7c7f0d2aa7eeffd36d934ec40db1ee167be727e326aad9fdc616f475": cannot remove snapshot with child: failed precondition

]]></system-out>
  </testcase>
  <system-out><![CDATA[2025-01-29 17:08:46,439 INFO c.h.h.t.HelmChartContainerExtension - Using cached HelmChartContainer instance
]]></system-out>
  <system-err><![CDATA[]]></system-err>
</testsuite>
