<?xml version="1.0" encoding="UTF-8"?>
<testsuite name="com.hivemq.helmcharts.migration.HelmLegacyStatefulSetMigrationIT" tests="1" skipped="0" failures="0" errors="0" timestamp="2025-02-21T19:40:06" hostname="fv-az1928-687" time="305.059">
  <properties/>
  <testcase name="migrateToCurrentPlatformOperator()" classname="com.hivemq.helmcharts.migration.HelmLegacyStatefulSetMigrationIT" time="305.059"/>
</testsuite>
