<?xml version="1.0" encoding="UTF-8"?>
<testsuite name="com.hivemq.helmcharts.platform.HelmCustomLogbackIT" tests="1" skipped="0" failures="0" errors="0" timestamp="2025-02-25T14:17:30" hostname="fv-az1440-40" time="108.291">
  <properties/>
  <testcase name="withCustomLogbackConfig_platformUsingCustomLogbackXml()" classname="com.hivemq.helmcharts.platform.HelmCustomLogbackIT" time="108.291"/>
</testsuite>
