<?xml version="1.0" encoding="UTF-8"?>
<testsuite name="com.hivemq.helmcharts.services.HelmMetricsServiceIT" tests="2" skipped="0" failures="0" errors="0" timestamp="2025-01-29T13:23:42" hostname="fv-az1047-752" time="199.85">
  <properties/>
  <testcase name="platformChart_withCustomServiceName_thenMetricsAvailable()" classname="com.hivemq.helmcharts.services.HelmMetricsServiceIT" time="100.363">
    <system-out><![CDATA[2025-01-29 13:23:42,941 INFO c.h.h.t.HelmChartContainer - Creating namespace 'helmmetricsserviceit-operator'...
2025-01-29 13:23:42,949 INFO c.h.h.t.HelmChartContainer - Namespace 'helmmetricsserviceit-operator' created
2025-01-29 13:23:42,949 INFO c.h.h.t.HelmChartContainer - Creating namespace 'helmmetricsserviceit'...
2025-01-29 13:23:43,051 INFO c.h.h.t.HelmChartContainer - Namespace 'helmmetricsserviceit' created
2025-01-29 13:23:43,120 DEBUG c.h.h.t.HelmChartContainer - Executing helm command: /bin/helm --kubeconfig /etc/rancher/k3s/k3s.yaml install test-hivemq-platform-operator /charts/hivemq-platform-operator --wait --timeout 5m0s --set image.repository=docker.io/hivemq --set image.name=hivemq-platform-operator-test --set image.initImageName=hivemq-platform-operator-init-test --set image.tag=snapshot --set image.pullPolicy=Never --set logLevel=DEBUG --set resources.cpu=512m --namespace helmmetricsserviceit-operator
2025-01-29 13:23:43,433 INFO c.h.h.t.HelmChartContainer - [K3S] [alloc.go:330] "allocated clusterIPs" service="helmmetricsserviceit-operator/hivemq-platform-operator-test-hivemq-platform-operator" clusterIPs={"IPv4":"10.43.76.249"}
2025-01-29 13:23:43,448 INFO c.h.h.t.HelmChartContainer - [EVENT] Normal [ScalingReplicaSet] Scaled up replica set hivemq-test-hivemq-platform-operator-6966f96d65 from 0 to 1 [helmmetricsserviceit-operator:hivemq-test-hivemq-platform-operator]
2025-01-29 13:23:43,457 INFO c.h.h.t.HelmChartContainer - [POD] hivemq-test-hivemq-platform-operator-6966f96d65-6s6bq [efddf6ca-b2dc-493c-b121-c7dc9f735459] in helmmetricsserviceit-operator was ADDED
2025-01-29 13:23:43,458 INFO c.h.h.t.HelmChartContainer - [EVENT] Normal [SuccessfulCreate] Created pod: hivemq-test-hivemq-platform-operator-6966f96d65-6s6bq [helmmetricsserviceit-operator:hivemq-test-hivemq-platform-operator-6966f96d65]
2025-01-29 13:23:43,465 INFO c.h.h.t.HelmChartContainer - [K3S] [memory_manager.go:355] "RemoveStaleState removing state" podUID="e4c1e683-9f5c-4c29-a795-a7de8be434c4" containerName="hivemq-platform-operator"
2025-01-29 13:23:43,470 INFO c.h.h.t.HelmChartContainer - [K3S] [memory_manager.go:355] "RemoveStaleState removing state" podUID="8dca6fed-4fe3-4988-9307-694277d716ea" containerName="hivemq"
2025-01-29 13:23:43,471 INFO c.h.h.t.HelmChartContainer - [POD] hivemq-test-hivemq-platform-operator-6966f96d65-6s6bq [efddf6ca-b2dc-493c-b121-c7dc9f735459] in helmmetricsserviceit-operator was MODIFIED
2025-01-29 13:23:43,471 INFO c.h.h.t.HelmChartContainer - [K3S] [replica_set.go:679] "Finished syncing" kind="ReplicaSet" key="helmmetricsserviceit-operator/hivemq-test-hivemq-platform-operator-6966f96d65" duration="24.771612ms"
2025-01-29 13:23:43,473 INFO c.h.h.t.HelmChartContainer - [EVENT] Normal [Scheduled] Successfully assigned helmmetricsserviceit-operator/hivemq-test-hivemq-platform-operator-6966f96d65-6s6bq to bd3ce72ce098 [helmmetricsserviceit-operator:hivemq-test-hivemq-platform-operator-6966f96d65-6s6bq]
2025-01-29 13:23:43,490 INFO c.h.h.t.HelmChartContainer - [K3S] [replica_set.go:679] "Finished syncing" kind="ReplicaSet" key="helmmetricsserviceit-operator/hivemq-test-hivemq-platform-operator-6966f96d65" duration="17.762514ms"
2025-01-29 13:23:43,490 INFO c.h.h.t.HelmChartContainer - [K3S] [replica_set.go:679] "Finished syncing" kind="ReplicaSet" key="helmmetricsserviceit-operator/hivemq-test-hivemq-platform-operator-6966f96d65" duration="48.691µs"
2025-01-29 13:23:43,490 INFO c.h.h.t.HelmChartContainer - [K3S] [replica_set.go:679] "Finished syncing" kind="ReplicaSet" key="helmmetricsserviceit-operator/hivemq-test-hivemq-platform-operator-6966f96d65" duration="44.163µs"
2025-01-29 13:23:43,491 INFO c.h.h.t.HelmChartContainer - [POD] hivemq-test-hivemq-platform-operator-6966f96d65-6s6bq [efddf6ca-b2dc-493c-b121-c7dc9f735459] in helmmetricsserviceit-operator was MODIFIED
2025-01-29 13:23:43,593 INFO c.h.h.t.HelmChartContainer - [K3S] [reconciler_common.go:251] "operationExecutor.VerifyControllerAttachedVolume started for volume \"kube-api-access-wxkr4\" (UniqueName: \"kubernetes.io/projected/efddf6ca-b2dc-493c-b121-c7dc9f735459-kube-api-access-wxkr4\") pod \"hivemq-test-hivemq-platform-operator-6966f96d65-6s6bq\" (UID: \"efddf6ca-b2dc-493c-b121-c7dc9f735459\") " pod="helmmetricsserviceit-operator/hivemq-test-hivemq-platform-operator-6966f96d65-6s6bq"
2025-01-29 13:23:43,861 INFO c.h.h.t.HelmChartContainer - [EVENT] Normal [Pulled] Container image "docker.io/hivemq/hivemq-platform-operator-test:snapshot" already present on machine [helmmetricsserviceit-operator:hivemq-test-hivemq-platform-operator-6966f96d65-6s6bq]
2025-01-29 13:23:43,862 INFO c.h.h.t.HelmChartContainer - Received Pulled event for container hivemq-platform-operator in pod hivemq-test-hivemq-platform-operator-6966f96d65-6s6bq [efddf6ca-b2dc-493c-b121-c7dc9f735459]
2025-01-29 13:23:45,114 INFO c.h.h.t.HelmChartContainer - [EVENT] Normal [Created] Created container: hivemq-platform-operator [helmmetricsserviceit-operator:hivemq-test-hivemq-platform-operator-6966f96d65-6s6bq]
2025-01-29 13:23:45,115 INFO c.h.h.t.HelmChartContainer - Received Created event for container hivemq-platform-operator in pod hivemq-test-hivemq-platform-operator-6966f96d65-6s6bq [efddf6ca-b2dc-493c-b121-c7dc9f735459]
2025-01-29 13:23:45,939 INFO c.h.h.t.HelmChartContainer - [K3S] [replica_set.go:679] "Finished syncing" kind="ReplicaSet" key="helmmetricsserviceit-operator/hivemq-test-hivemq-platform-operator-6966f96d65" duration="43.191µs"
2025-01-29 13:23:45,940 INFO c.h.h.t.HelmChartContainer - [POD] hivemq-test-hivemq-platform-operator-6966f96d65-6s6bq [efddf6ca-b2dc-493c-b121-c7dc9f735459] in helmmetricsserviceit-operator was MODIFIED
2025-01-29 13:23:45,948 INFO c.h.h.t.HelmChartContainer - [EVENT] Normal [Started] Started container hivemq-platform-operator [helmmetricsserviceit-operator:hivemq-test-hivemq-platform-operator-6966f96d65-6s6bq]
2025-01-29 13:23:45,948 INFO c.h.h.t.HelmChartContainer - Received Started event for container hivemq-platform-operator in pod hivemq-test-hivemq-platform-operator-6966f96d65-6s6bq [efddf6ca-b2dc-493c-b121-c7dc9f735459]
2025-01-29 13:23:45,948 INFO c.h.h.t.HelmChartContainer - Started log watcher for hivemq-platform-operator in pod hivemq-test-hivemq-platform-operator-6966f96d65-6s6bq [efddf6ca-b2dc-493c-b121-c7dc9f735459]
2025-01-29 13:23:45,948 INFO c.h.h.t.HelmChartContainer - [hivemq-test-hivemq-platform] [hivemq-platform-operator] [efddf6ca] -------------------------------------------------------------------------
2025-01-29 13:23:45,948 INFO c.h.h.t.HelmChartContainer - [hivemq-test-hivemq-platform] [hivemq-platform-operator] [efddf6ca] 
2025-01-29 13:23:45,948 INFO c.h.h.t.HelmChartContainer - [hivemq-test-hivemq-platform] [hivemq-platform-operator] [efddf6ca]                   _    _  _              __  __   ____
2025-01-29 13:23:45,948 INFO c.h.h.t.HelmChartContainer - [hivemq-test-hivemq-platform] [hivemq-platform-operator] [efddf6ca]                  | |  | |(_)            |  \/  | / __ \
2025-01-29 13:23:45,948 INFO c.h.h.t.HelmChartContainer - [hivemq-test-hivemq-platform] [hivemq-platform-operator] [efddf6ca]                  | |__| | _ __   __ ___ | \  / || |  | |
2025-01-29 13:23:45,948 INFO c.h.h.t.HelmChartContainer - [hivemq-test-hivemq-platform] [hivemq-platform-operator] [efddf6ca]                  |  __  || |\ \ / // _ \| |\/| || |  | |
2025-01-29 13:23:45,948 INFO c.h.h.t.HelmChartContainer - [hivemq-test-hivemq-platform] [hivemq-platform-operator] [efddf6ca]                  | |  | || | \ V /|  __/| |  | || |__| |
2025-01-29 13:23:45,948 INFO c.h.h.t.HelmChartContainer - [hivemq-test-hivemq-platform] [hivemq-platform-operator] [efddf6ca]                  |_|  |_||_|  \_/  \___||_|  |_| \___\_\
2025-01-29 13:23:45,948 INFO c.h.h.t.HelmChartContainer - [hivemq-test-hivemq-platform] [hivemq-platform-operator] [efddf6ca] 
2025-01-29 13:23:45,948 INFO c.h.h.t.HelmChartContainer - [hivemq-test-hivemq-platform] [hivemq-platform-operator] [efddf6ca] -------------------------------------------------------------------------
2025-01-29 13:23:45,948 INFO c.h.h.t.HelmChartContainer - [hivemq-test-hivemq-platform] [hivemq-platform-operator] [efddf6ca] 
2025-01-29 13:23:45,948 INFO c.h.h.t.HelmChartContainer - [hivemq-test-hivemq-platform] [hivemq-platform-operator] [efddf6ca]   HiveMQ Platform Operator Start Script v1.0
2025-01-29 13:23:45,948 INFO c.h.h.t.HelmChartContainer - [hivemq-test-hivemq-platform] [hivemq-platform-operator] [efddf6ca] 
2025-01-29 13:23:45,948 INFO c.h.h.t.HelmChartContainer - [hivemq-test-hivemq-platform] [hivemq-platform-operator] [efddf6ca] -------------------------------------------------------------------------
2025-01-29 13:23:45,948 INFO c.h.h.t.HelmChartContainer - [hivemq-test-hivemq-platform] [hivemq-platform-operator] [efddf6ca] 
2025-01-29 13:23:45,948 INFO c.h.h.t.HelmChartContainer - [hivemq-test-hivemq-platform] [hivemq-platform-operator] [efddf6ca]   JAVA_OPTS: -XX:+UnlockExperimentalVMOptions -XX:InitialRAMPercentage=75 -XX:MaxRAMPercentage=75 -Duser.language=en -Duser.region=US
2025-01-29 13:23:45,948 INFO c.h.h.t.HelmChartContainer - [hivemq-test-hivemq-platform] [hivemq-platform-operator] [efddf6ca] 
2025-01-29 13:23:45,948 INFO c.h.h.t.HelmChartContainer - [hivemq-test-hivemq-platform] [hivemq-platform-operator] [efddf6ca]   JAVA_VERSION: 21
2025-01-29 13:23:45,948 INFO c.h.h.t.HelmChartContainer - [hivemq-test-hivemq-platform] [hivemq-platform-operator] [efddf6ca] 
2025-01-29 13:23:45,948 INFO c.h.h.t.HelmChartContainer - [hivemq-test-hivemq-platform] [hivemq-platform-operator] [efddf6ca] -------------------------------------------------------------------------
2025-01-29 13:23:45,948 INFO c.h.h.t.HelmChartContainer - [hivemq-test-hivemq-platform] [hivemq-platform-operator] [efddf6ca] 
2025-01-29 13:23:48,731 INFO c.h.h.t.HelmChartContainer - [hivemq-test-hivemq-platform] [hivemq-platform-operator] [efddf6ca] 13:23:48.729 [main] DEBUG org.jboss.logging - Logging Provider: org.jboss.logging.Slf4jLoggerProvider
2025-01-29 13:23:48,866 INFO c.h.h.t.HelmChartContainer - [hivemq-test-hivemq-platform] [hivemq-platform-operator] [efddf6ca] 13:23:48.864 [main] DEBUG io.smallrye.config - SRCFG01006: Loaded ConfigSource SysPropConfigSource with ordinal 400
2025-01-29 13:23:48,866 INFO c.h.h.t.HelmChartContainer - [hivemq-test-hivemq-platform] [hivemq-platform-operator] [efddf6ca] 13:23:48.864 [main] DEBUG io.smallrye.config - SRCFG01006: Loaded ConfigSource EnvConfigSource with ordinal 300
2025-01-29 13:23:48,867 INFO c.h.h.t.HelmChartContainer - [hivemq-test-hivemq-platform] [hivemq-platform-operator] [efddf6ca] 13:23:48.864 [main] DEBUG io.smallrye.config - SRCFG01006: Loaded ConfigSource PropertiesConfigSource[source=jar:file:///opt/hivemq-platform-operator/bin/hivemq-platform-operator.jar!/hivemq-platform-operator.properties] with ordinal 100
2025-01-29 13:23:48,867 INFO c.h.h.t.HelmChartContainer - [hivemq-test-hivemq-platform] [hivemq-platform-operator] [efddf6ca] 13:23:48.864 [main] DEBUG io.smallrye.config - SRCFG01006: Loaded ConfigSource DefaultValuesConfigSource with ordinal -2147483648
2025-01-29 13:23:48,977 INFO c.h.h.t.HelmChartContainer - [hivemq-test-hivemq-platform] [hivemq-platform-operator] [efddf6ca] 13:23:48.976 [main] DEBUG i.m.c.u.i.l.InternalLoggerFactory - Using SLF4J as the default logging framework
2025-01-29 13:23:49,167 INFO c.h.h.t.HelmChartContainer - [hivemq-test-hivemq-platform] [hivemq-platform-operator] [efddf6ca] 13:23:49.117 [main] INFO  c.h.p.o.HiveMQPlatformOperatorApplication - HiveMQ Platform Operator 1.7.0-SNAPSHOT (commit: bebf408 on branch: HEAD) built on Sun Jan 26 20:47:47 UTC 2025
2025-01-29 13:23:49,168 INFO c.h.h.t.HelmChartContainer - [hivemq-test-hivemq-platform] [hivemq-platform-operator] [efddf6ca] 13:23:49.166 [main] INFO  c.h.p.o.HiveMQPlatformOperatorApplication - HiveMQ Platform Operator is running in namespace: helmmetricsserviceit-operator
2025-01-29 13:23:49,168 INFO c.h.h.t.HelmChartContainer - [hivemq-test-hivemq-platform] [hivemq-platform-operator] [efddf6ca] 13:23:49.166 [main] INFO  c.h.p.o.HiveMQPlatformOperatorApplication - Watching all namespaces
2025-01-29 13:23:49,168 INFO c.h.h.t.HelmChartContainer - [hivemq-test-hivemq-platform] [hivemq-platform-operator] [efddf6ca] 13:23:49.166 [main] INFO  c.h.p.o.HiveMQPlatformOperatorApplication - Log level: DEBUG
2025-01-29 13:23:49,168 INFO c.h.h.t.HelmChartContainer - [hivemq-test-hivemq-platform] [hivemq-platform-operator] [efddf6ca] 13:23:49.166 [main] INFO  c.h.p.o.HiveMQPlatformOperatorApplication - Release name: test-hivemq-platform-operator
2025-01-29 13:23:49,168 INFO c.h.h.t.HelmChartContainer - [hivemq-test-hivemq-platform] [hivemq-platform-operator] [efddf6ca] 13:23:49.167 [main] INFO  c.h.p.o.HiveMQPlatformOperatorApplication - HiveMQ Platform Operator Init image: docker.io/hivemq/hivemq-platform-operator-init-test:snapshot
2025-01-29 13:23:49,168 INFO c.h.h.t.HelmChartContainer - [hivemq-test-hivemq-platform] [hivemq-platform-operator] [efddf6ca] 13:23:49.167 [main] INFO  c.h.p.o.HiveMQPlatformOperatorApplication - HiveMQ Platform Operator Init App update URL: http://hivemq-platform-operator-test-hivemq-platform-operator.helmmetricsserviceit-operator.svc:8080/initAppUpdate/hivemq-platform-operator-init-app-1.7.0-SNAPSHOT.jar
2025-01-29 13:23:49,168 INFO c.h.h.t.HelmChartContainer - [hivemq-test-hivemq-platform] [hivemq-platform-operator] [efddf6ca] 13:23:49.167 [main] INFO  c.h.p.o.HiveMQPlatformOperatorApplication - Additional imagePullSecret for all Platform deployments: none
2025-01-29 13:23:49,168 INFO c.h.h.t.HelmChartContainer - [hivemq-test-hivemq-platform] [hivemq-platform-operator] [efddf6ca] 13:23:49.167 [main] INFO  c.h.p.o.HiveMQPlatformOperatorApplication - Apply HiveMQ Platform CRD: true
2025-01-29 13:23:49,168 INFO c.h.h.t.HelmChartContainer - [hivemq-test-hivemq-platform] [hivemq-platform-operator] [efddf6ca] 13:23:49.167 [main] INFO  c.h.p.o.HiveMQPlatformOperatorApplication - Create Platform ServiceAccount: true
2025-01-29 13:23:49,168 INFO c.h.h.t.HelmChartContainer - [hivemq-test-hivemq-platform] [hivemq-platform-operator] [efddf6ca] 13:23:49.167 [main] INFO  c.h.p.o.HiveMQPlatformOperatorApplication - Create Platform ServiceAccount permissions: true
2025-01-29 13:23:49,168 INFO c.h.h.t.HelmChartContainer - [hivemq-test-hivemq-platform] [hivemq-platform-operator] [efddf6ca] 13:23:49.167 [main] INFO  c.h.p.o.HiveMQPlatformOperatorApplication - Validate Platform ServiceAccount: true
2025-01-29 13:23:49,168 INFO c.h.h.t.HelmChartContainer - [hivemq-test-hivemq-platform] [hivemq-platform-operator] [efddf6ca] 13:23:49.167 [main] INFO  c.h.p.o.HiveMQPlatformOperatorApplication - Validate Platform ServiceAccount permissions: true
2025-01-29 13:23:49,318 INFO c.h.h.t.HelmChartContainer - [hivemq-test-hivemq-platform] [hivemq-platform-operator] [efddf6ca] 13:23:49.317 [main] INFO  c.h.platform.operator.util.CRDUtil - Verifying deployed HiveMQ Platform CRD...
2025-01-29 13:23:51,976 INFO c.h.h.t.HelmChartContainer - [hivemq-test-hivemq-platform] [hivemq-platform-operator] [efddf6ca] 13:23:51.975 [main] DEBUG c.h.platform.operator.util.CRDUtil - HiveMQ Platform CRD version v1 is up to date
2025-01-29 13:23:51,976 INFO c.h.h.t.HelmChartContainer - [hivemq-test-hivemq-platform] [hivemq-platform-operator] [efddf6ca] 13:23:51.975 [main] INFO  c.h.platform.operator.util.CRDUtil - HiveMQ Platform CRD is up to date (version: V1_6_0)
2025-01-29 13:23:51,976 INFO c.h.h.t.HelmChartContainer - [hivemq-test-hivemq-platform] [hivemq-platform-operator] [efddf6ca] 13:23:51.975 [main] INFO  c.h.platform.operator.util.CRDUtil - Waiting 10000 ms for HiveMQ Platform CRD 'hivemq-platforms.hivemq.com' to become ready...
2025-01-29 13:23:52,266 INFO c.h.h.t.HelmChartContainer - [hivemq-test-hivemq-platform] [hivemq-platform-operator] [efddf6ca] 13:23:52.263 [vert.x-eventloop-thread-1] DEBUG c.h.platform.operator.util.CRDUtil - Checking CRD condition 'NamesAccepted' (status: 'True')
2025-01-29 13:23:52,266 INFO c.h.h.t.HelmChartContainer - [hivemq-test-hivemq-platform] [hivemq-platform-operator] [efddf6ca] 13:23:52.263 [vert.x-eventloop-thread-1] DEBUG c.h.platform.operator.util.CRDUtil - Checking CRD condition 'Established' (status: 'True')
2025-01-29 13:23:52,266 INFO c.h.h.t.HelmChartContainer - [hivemq-test-hivemq-platform] [hivemq-platform-operator] [efddf6ca] 13:23:52.264 [main] INFO  c.h.platform.operator.util.CRDUtil - HiveMQ Platform CRD 'hivemq-platforms.hivemq.com' is ready
2025-01-29 13:23:52,468 INFO c.h.h.t.HelmChartContainer - [hivemq-test-hivemq-platform] [hivemq-platform-operator] [efddf6ca] 13:23:52.468 [main] INFO  c.h.p.o.HiveMQPlatformReconciler - HiveMQ Platform Operator is starting...
2025-01-29 13:23:52,527 INFO c.h.h.t.HelmChartContainer - [hivemq-test-hivemq-platform] [hivemq-platform-operator] [efddf6ca] 13:23:52.526 [main] WARN  Default ConfigurationService implementation - Configuration for reconciler 'hivemq-controller' was not found. Known reconcilers: None.
2025-01-29 13:23:52,572 INFO c.h.h.t.HelmChartContainer - [hivemq-test-hivemq-platform] [hivemq-platform-operator] [efddf6ca] 13:23:52.571 [main] INFO  Default ConfigurationService implementation - Created configuration for reconciler com.hivemq.platform.operator.HiveMQPlatformReconciler with name hivemq-controller
2025-01-29 13:23:52,676 INFO c.h.h.t.HelmChartContainer - [hivemq-test-hivemq-platform] [hivemq-platform-operator] [efddf6ca] 13:23:52.675 [main] DEBUG c.h.p.o.HiveMQPlatformReconciler - HiveMQ Platform Operator is preparing EventSources
2025-01-29 13:23:52,767 INFO c.h.h.t.HelmChartContainer - [hivemq-test-hivemq-platform] [hivemq-platform-operator] [efddf6ca] 13:23:52.766 [main] INFO  i.javaoperatorsdk.operator.Operator - Registered reconciler: 'hivemq-controller' for resource: 'class com.hivemq.platform.operator.v1.HiveMQPlatform' for namespace(s): [all namespaces]
2025-01-29 13:23:53,367 INFO c.h.h.t.HelmChartContainer - [hivemq-test-hivemq-platform] [hivemq-platform-operator] [efddf6ca] 13:23:53.366 [main] INFO  c.h.p.operator.webserver.JettyServer - Starting Jetty server on port 8080
2025-01-29 13:23:53,425 INFO c.h.h.t.HelmChartContainer - [hivemq-test-hivemq-platform] [hivemq-platform-operator] [efddf6ca] 13:23:53.424 [main] INFO  i.javaoperatorsdk.operator.Operator - Operator SDK 4.9.7 (commit: 2133d28) built on Wed Nov 20 12:56:20 UTC 2024 starting...
2025-01-29 13:23:53,425 INFO c.h.h.t.HelmChartContainer - [hivemq-test-hivemq-platform] [hivemq-platform-operator] [efddf6ca] 13:23:53.424 [main] INFO  i.javaoperatorsdk.operator.Operator - Client version: 6.13.4
2025-01-29 13:23:53,466 INFO c.h.h.t.HelmChartContainer - [hivemq-test-hivemq-platform] [hivemq-platform-operator] [efddf6ca] 13:23:53.464 [Controller Starter for: hivemq-controller] INFO  i.j.operator.processing.Controller - Starting 'hivemq-controller' controller for reconciler: com.hivemq.platform.operator.HiveMQPlatformReconciler, resource: com.hivemq.platform.operator.v1.HiveMQPlatform
2025-01-29 13:23:56,068 INFO c.h.h.t.HelmChartContainer - [hivemq-test-hivemq-platform] [hivemq-platform-operator] [efddf6ca] 13:23:56.067 [Controller Starter for: hivemq-controller] INFO  i.j.operator.processing.Controller - 'hivemq-controller' controller started
2025-01-29 13:23:56,069 INFO c.h.h.t.HelmChartContainer - [hivemq-test-hivemq-platform] [hivemq-platform-operator] [efddf6ca] 13:23:56.068 [main] INFO  c.h.p.o.HiveMQPlatformOperatorApplication - HiveMQ Platform Operator 1.7.0-SNAPSHOT started in 6950 ms
2025-01-29 13:23:56,947 INFO c.h.h.t.HelmChartContainer - [POD] hivemq-test-hivemq-platform-operator-6966f96d65-6s6bq [efddf6ca-b2dc-493c-b121-c7dc9f735459] in helmmetricsserviceit-operator was MODIFIED
2025-01-29 13:23:56,955 INFO c.h.h.t.HelmChartContainer - [K3S] [replica_set.go:679] "Finished syncing" kind="ReplicaSet" key="helmmetricsserviceit-operator/hivemq-test-hivemq-platform-operator-6966f96d65" duration="7.532954ms"
2025-01-29 13:23:56,955 INFO c.h.h.t.HelmChartContainer - [K3S] [replica_set.go:679] "Finished syncing" kind="ReplicaSet" key="helmmetricsserviceit-operator/hivemq-test-hivemq-platform-operator-6966f96d65" duration="52.639µs"
2025-01-29 13:23:57,574 DEBUG c.h.h.t.HelmChartContainer - Executing helm command: /bin/helm --kubeconfig /etc/rancher/k3s/k3s.yaml install test-hivemq-platform /charts/hivemq-platform --wait --timeout 5m0s --set image.repository=docker.io/hivemq --set image.tag=4.36.0 --set image.pullPolicy=Never --set nodes.resources.cpu=512m -f /files/custom-service-names-values.yaml --namespace helmmetricsserviceit
2025-01-29 13:23:57,867 INFO c.h.h.t.HelmChartContainer - [hivemq-test-hivemq-platform] [hivemq-platform-operator] [efddf6ca] 13:23:57.866 [-373097727-pool-1-thread-2] WARN  i.m.p.PrometheusMeterRegistry - The meter (MeterId{name='operator.sdk.events.received', tags=[tag(action=ADDED),tag(event=ResourceEvent),tag(group=hivemq.com),tag(kind=HiveMQPlatform),tag(name=test-hivemq-platform),tag(namespace=helmmetricsserviceit),tag(scope=namespace),tag(version=v1)]}) registration has failed: Prometheus requires that all meters with the same name have the same set of tag keys. There is already an existing meter named 'operator.sdk.events.received' containing tag keys [event, group, kind, name, namespace, scope, version]. The meter you are attempting to register has keys [action, event, group, kind, name, namespace, scope, version]. Note that subsequent logs will be logged at debug level.
2025-01-29 13:23:58,328 INFO c.h.h.t.HelmChartContainer - [hivemq-test-hivemq-platform] [hivemq-platform-operator] [efddf6ca] 13:23:58.327 [pool-6-thread-3] DEBUG c.h.p.o.dependants.PodInfoConfigMap - [helmmetr] Desired PodInfo ConfigMap (1 extensions) (1 enabled)
2025-01-29 13:23:58,329 INFO c.h.h.t.HelmChartContainer - [hivemq-test-hivemq-platform] [hivemq-platform-operator] [efddf6ca] 13:23:58.328 [pool-6-thread-3] DEBUG c.h.p.o.dependants.PodInfoConfigMap - [helmmetr] Desired PodInfo ConfigMap (metrics port: 9399) (metrics path: /)
2025-01-29 13:23:58,329 INFO c.h.h.t.HelmChartContainer - [hivemq-test-hivemq-platform] [hivemq-platform-operator] [efddf6ca] 13:23:58.328 [pool-6-thread-3] DEBUG c.h.p.o.dependants.PodInfoConfigMap - [helmmetr] Desired PodInfo ConfigMap (extension state hash: -1817474005)
2025-01-29 13:23:58,365 INFO c.h.h.t.HelmChartContainer - [hivemq-test-hivemq-platform] [hivemq-platform-operator] [efddf6ca] 13:23:58.364 [pool-6-thread-3] DEBUG c.h.p.o.dependants.PodInfoConfigMap - [helmmetr] Create PodInfo ConfigMap
2025-01-29 13:23:58,471 INFO c.h.h.t.HelmChartContainer - [hivemq-test-hivemq-platform] [hivemq-platform-operator] [efddf6ca] 13:23:58.470 [pool-6-thread-5] DEBUG c.h.p.o.dependants.PodRoleResource - [helmmetr] Create Role: Role(apiVersion=rbac.authorization.k8s.io/v1, kind=Role, metadata=ObjectMeta(annotations={meta.helm.sh/release-name=test-hivemq-platform, meta.helm.sh/release-namespace=helmmetricsserviceit}, creationTimestamp=null, deletionGracePeriodSeconds=null, deletionTimestamp=null, finalizers=[], generateName=null, generation=null, labels={helm.sh/chart=hivemq-platform-0.2.32, app.kubernetes.io/managed-by=Helm, app.kubernetes.io/name=hivemq-platform, hivemq-platform=test-hivemq-platform, app.kubernetes.io/instance=test-hivemq-platform, app.kubernetes.io/version=4.36.0}, managedFields=[], name=hivemq-platform-role-test-hivemq-platform, namespace=helmmetricsserviceit, ownerReferences=[OwnerReference(apiVersion=hivemq.com/v1, blockOwnerDeletion=null, controller=null, kind=HiveMQPlatform, name=test-hivemq-platform, uid=eef07641-5941-4553-82de-976e5c6e2bbc, additionalProperties={})], resourceVersion=null, selfLink=null, uid=null, additionalProperties={}), rules=[PolicyRule(apiGroups=[], nonResourceURLs=[], resourceNames=[], resources=[pods], verbs=[get, patch, update], additionalProperties={})], additionalProperties={})
2025-01-29 13:23:58,665 INFO c.h.h.t.HelmChartContainer - [hivemq-test-hivemq-platform] [hivemq-platform-operator] [efddf6ca] 13:23:58.623 [pool-6-thread-7] DEBUG c.h.p.o.d.PodServiceAccountResource - [helmmetr] Desired PodServiceAccountResource (serviceAccountName: hivemq-platform-pod-test-hivemq-platform)
2025-01-29 13:23:58,666 INFO c.h.h.t.HelmChartContainer - [hivemq-test-hivemq-platform] [hivemq-platform-operator] [efddf6ca] 13:23:58.664 [pool-6-thread-7] DEBUG c.h.p.o.d.PodServiceAccountResource - [helmmetr] Create ServiceAccount 'hivemq-platform-pod-test-hivemq-platform'
2025-01-29 13:23:58,767 INFO c.h.h.t.HelmChartContainer - [hivemq-test-hivemq-platform] [hivemq-platform-operator] [efddf6ca] 13:23:58.766 [pool-6-thread-10] DEBUG c.h.p.o.d.PodRoleBindingResource - [helmmetr] Create RoleBinding: RoleBinding(apiVersion=rbac.authorization.k8s.io/v1, kind=RoleBinding, metadata=ObjectMeta(annotations={meta.helm.sh/release-name=test-hivemq-platform, meta.helm.sh/release-namespace=helmmetricsserviceit}, creationTimestamp=null, deletionGracePeriodSeconds=null, deletionTimestamp=null, finalizers=[], generateName=null, generation=null, labels={helm.sh/chart=hivemq-platform-0.2.32, app.kubernetes.io/managed-by=Helm, app.kubernetes.io/name=hivemq-platform, hivemq-platform=test-hivemq-platform, app.kubernetes.io/instance=test-hivemq-platform, app.kubernetes.io/version=4.36.0}, managedFields=[], name=hivemq-platform-role-binding-test-hivemq-platform, namespace=helmmetricsserviceit, ownerReferences=[OwnerReference(apiVersion=hivemq.com/v1, blockOwnerDeletion=null, controller=null, kind=HiveMQPlatform, name=test-hivemq-platform, uid=eef07641-5941-4553-82de-976e5c6e2bbc, additionalProperties={})], resourceVersion=null, selfLink=null, uid=null, additionalProperties={}), roleRef=RoleRef(apiGroup=rbac.authorization.k8s.io, kind=Role, name=hivemq-platform-role-test-hivemq-platform, additionalProperties={}), subjects=[Subject(apiGroup=null, kind=ServiceAccount, name=hivemq-platform-pod-test-hivemq-platform, namespace=helmmetricsserviceit, additionalProperties={})], additionalProperties={})
2025-01-29 13:23:58,820 INFO c.h.h.t.HelmChartContainer - [hivemq-test-hivemq-platform] [hivemq-platform-operator] [efddf6ca] 13:23:58.818 [ReconcilerExecutor-hivemq-controller-54] INFO  c.h.p.o.HiveMQPlatformReconciler - [helmmetr] Reconciling HiveMQ Platform 'test-hivemq-platform' in namespace 'helmmetricsserviceit'
2025-01-29 13:23:58,820 INFO c.h.h.t.HelmChartContainer - [hivemq-test-hivemq-platform] [hivemq-platform-operator] [efddf6ca] 13:23:58.819 [ReconcilerExecutor-hivemq-controller-54] DEBUG c.h.p.o.HiveMQPlatformReconciler - [helmmetr] Custom Resource Status CREATED - HiveMQ Platform was created (READY)
2025-01-29 13:23:58,821 INFO c.h.h.t.HelmChartContainer - [hivemq-test-hivemq-platform] [hivemq-platform-operator] [efddf6ca] 13:23:58.820 [ReconcilerExecutor-hivemq-controller-54] DEBUG c.h.p.o.HiveMQPlatformReconciler - [helmmetr] Custom Resource Spec (replicas: 1) (extensions: 1)
2025-01-29 13:23:58,824 INFO c.h.h.t.HelmChartContainer - [hivemq-test-hivemq-platform] [hivemq-platform-operator] [efddf6ca] 13:23:58.823 [ReconcilerExecutor-hivemq-controller-54] INFO  c.h.p.o.h.HiveMQPlatformReconcilerBaseHandler - [helmmetr] HiveMQ Platform is starting
2025-01-29 13:23:58,971 INFO c.h.h.t.HelmChartContainer - [hivemq-test-hivemq-platform] [hivemq-platform-operator] [efddf6ca] 13:23:58.970 [ReconcilerExecutor-hivemq-controller-54] DEBUG c.h.p.operator.event.EventSender - [helmmetr] Creating K8s event hivemq-platform-starting: [Start] HiveMQ Platform is starting
2025-01-29 13:23:59,024 INFO c.h.h.t.HelmChartContainer - [EVENT] Normal [Start] HiveMQ Platform is starting [helmmetricsserviceit:test-hivemq-platform]
2025-01-29 13:23:59,030 INFO c.h.h.t.HelmChartContainer - [hivemq-test-hivemq-platform] [hivemq-platform-operator] [efddf6ca] 13:23:59.029 [ReconcilerExecutor-hivemq-controller-54] INFO  c.h.p.o.h.AbstractHiveMQReconcilerStateHandler - [helmmetr] Update HiveMQ Platform Status (CREATED [READY] -> STARTING [READY]): HiveMQ Platform is starting
2025-01-29 13:23:59,124 DEBUG com.hivemq.helmcharts.util.K8sUtil - Comparing actual state 'STARTING' and waiting for 'RUNNING'
2025-01-29 13:24:09,174 INFO c.h.h.t.HelmChartContainer - [hivemq-test-hivemq-platform] [hivemq-platform-operator] [efddf6ca] 13:24:09.172 [pool-6-thread-12] DEBUG c.h.p.o.d.PlatformServiceResource - [helmmetr] Desired Platform services (4 services)
2025-01-29 13:24:09,175 INFO c.h.h.t.HelmChartContainer - [hivemq-test-hivemq-platform] [hivemq-platform-operator] [efddf6ca] 13:24:09.174 [pool-6-thread-13] DEBUG c.h.p.o.dependants.PodInfoConfigMap - [helmmetr] Desired PodInfo ConfigMap (1 extensions) (1 enabled)
2025-01-29 13:24:09,175 INFO c.h.h.t.HelmChartContainer - [hivemq-test-hivemq-platform] [hivemq-platform-operator] [efddf6ca] 13:24:09.174 [pool-6-thread-13] DEBUG c.h.p.o.dependants.PodInfoConfigMap - [helmmetr] Desired PodInfo ConfigMap (metrics port: 9399) (metrics path: /)
2025-01-29 13:24:09,176 INFO c.h.h.t.HelmChartContainer - [hivemq-test-hivemq-platform] [hivemq-platform-operator] [efddf6ca] 13:24:09.174 [pool-6-thread-13] DEBUG c.h.p.o.dependants.PodInfoConfigMap - [helmmetr] Desired PodInfo ConfigMap (extension state hash: -1817474005)
2025-01-29 13:24:09,270 INFO c.h.h.t.HelmChartContainer - [hivemq-test-hivemq-platform] [hivemq-platform-operator] [efddf6ca] 13:24:09.266 [pool-6-thread-17] DEBUG c.h.p.o.d.PodServiceAccountResource - [helmmetr] Desired PodServiceAccountResource (serviceAccountName: hivemq-platform-pod-test-hivemq-platform)
2025-01-29 13:24:09,273 INFO c.h.h.t.HelmChartContainer - [hivemq-test-hivemq-platform] [hivemq-platform-operator] [efddf6ca] 13:24:09.270 [pool-6-thread-13] DEBUG c.h.p.o.dependants.PodInfoConfigMap - [helmmetr] Update PodInfo ConfigMap
2025-01-29 13:24:09,278 INFO c.h.h.t.HelmChartContainer - [K3S] [alloc.go:330] "allocated clusterIPs" service="helmmetricsserviceit/mqtt-service" clusterIPs={"IPv4":"10.43.111.77"}
2025-01-29 13:24:09,374 INFO c.h.h.t.HelmChartContainer - [K3S] [alloc.go:330] "allocated clusterIPs" service="helmmetricsserviceit/control-center-service" clusterIPs={"IPv4":"10.43.35.152"}
2025-01-29 13:24:09,386 INFO c.h.h.t.HelmChartContainer - [K3S] [alloc.go:330] "allocated clusterIPs" service="helmmetricsserviceit/rest-api-service" clusterIPs={"IPv4":"10.43.53.65"}
2025-01-29 13:24:09,470 INFO c.h.h.t.HelmChartContainer - [K3S] [alloc.go:330] "allocated clusterIPs" service="helmmetricsserviceit/metrics-service" clusterIPs={"IPv4":"10.43.2.195"}
2025-01-29 13:24:09,481 INFO c.h.h.t.HelmChartContainer - [hivemq-test-hivemq-platform] [hivemq-platform-operator] [efddf6ca] 13:24:09.478 [pool-6-thread-20] DEBUG c.h.p.o.d.StatefulSetResource - [helmmetr] Desired StatefulSet (1 replicas) for status STARTING (READY)
2025-01-29 13:24:09,570 INFO c.h.h.t.HelmChartContainer - [hivemq-test-hivemq-platform] [hivemq-platform-operator] [efddf6ca] 13:24:09.568 [pool-6-thread-20] DEBUG c.h.p.o.d.StatefulSetResource - [helmmetr] Create StatefulSet
2025-01-29 13:24:09,609 INFO c.h.h.t.HelmChartContainer - [POD] test-hivemq-platform-0 [d2de5e0d-30bc-4e4e-a8c0-01062d1196c1] in helmmetricsserviceit was ADDED
2025-01-29 13:24:09,610 INFO c.h.h.t.HelmChartContainer - [EVENT] Normal [SuccessfulCreate] create Pod test-hivemq-platform-0 in StatefulSet test-hivemq-platform successful [helmmetricsserviceit:test-hivemq-platform]
2025-01-29 13:24:09,615 INFO c.h.h.t.HelmChartContainer - [POD] test-hivemq-platform-0 [d2de5e0d-30bc-4e4e-a8c0-01062d1196c1] in helmmetricsserviceit was MODIFIED
2025-01-29 13:24:09,616 INFO c.h.h.t.HelmChartContainer - [EVENT] Normal [Scheduled] Successfully assigned helmmetricsserviceit/test-hivemq-platform-0 to bd3ce72ce098 [helmmetricsserviceit:test-hivemq-platform-0]
2025-01-29 13:24:09,624 INFO c.h.h.t.HelmChartContainer - [POD] test-hivemq-platform-0 [d2de5e0d-30bc-4e4e-a8c0-01062d1196c1] in helmmetricsserviceit was MODIFIED
2025-01-29 13:24:09,682 INFO c.h.h.t.HelmChartContainer - [hivemq-test-hivemq-platform] [hivemq-platform-operator] [efddf6ca] 13:24:09.680 [ReconcilerExecutor-hivemq-controller-65] INFO  c.h.p.o.HiveMQPlatformReconciler - [helmmetr] Reconciling HiveMQ Platform 'test-hivemq-platform' in namespace 'helmmetricsserviceit'
2025-01-29 13:24:09,682 INFO c.h.h.t.HelmChartContainer - [hivemq-test-hivemq-platform] [hivemq-platform-operator] [efddf6ca] 13:24:09.680 [ReconcilerExecutor-hivemq-controller-65] DEBUG c.h.p.o.HiveMQPlatformReconciler - [helmmetr] Custom Resource Status STARTING - HiveMQ Platform is starting (READY)
2025-01-29 13:24:09,682 INFO c.h.h.t.HelmChartContainer - [hivemq-test-hivemq-platform] [hivemq-platform-operator] [efddf6ca] 13:24:09.680 [ReconcilerExecutor-hivemq-controller-65] DEBUG c.h.p.o.HiveMQPlatformReconciler - [helmmetr] Custom Resource Spec (replicas: 1) (extensions: 1)
2025-01-29 13:24:09,748 INFO c.h.h.t.HelmChartContainer - [K3S] [reconciler_common.go:251] "operationExecutor.VerifyControllerAttachedVolume started for volume \"pod-info\" (UniqueName: \"kubernetes.io/configmap/d2de5e0d-30bc-4e4e-a8c0-01062d1196c1-pod-info\") pod \"test-hivemq-platform-0\" (UID: \"d2de5e0d-30bc-4e4e-a8c0-01062d1196c1\") " pod="helmmetricsserviceit/test-hivemq-platform-0"
2025-01-29 13:24:09,749 INFO c.h.h.t.HelmChartContainer - [K3S] [reconciler_common.go:251] "operationExecutor.VerifyControllerAttachedVolume started for volume \"broker-configuration\" (UniqueName: \"kubernetes.io/configmap/d2de5e0d-30bc-4e4e-a8c0-01062d1196c1-broker-configuration\") pod \"test-hivemq-platform-0\" (UID: \"d2de5e0d-30bc-4e4e-a8c0-01062d1196c1\") " pod="helmmetricsserviceit/test-hivemq-platform-0"
2025-01-29 13:24:09,749 INFO c.h.h.t.HelmChartContainer - [K3S] [reconciler_common.go:251] "operationExecutor.VerifyControllerAttachedVolume started for volume \"operator-init\" (UniqueName: \"kubernetes.io/empty-dir/d2de5e0d-30bc-4e4e-a8c0-01062d1196c1-operator-init\") pod \"test-hivemq-platform-0\" (UID: \"d2de5e0d-30bc-4e4e-a8c0-01062d1196c1\") " pod="helmmetricsserviceit/test-hivemq-platform-0"
2025-01-29 13:24:09,749 INFO c.h.h.t.HelmChartContainer - [K3S] [reconciler_common.go:251] "operationExecutor.VerifyControllerAttachedVolume started for volume \"kube-api-access-h5zsg\" (UniqueName: \"kubernetes.io/projected/d2de5e0d-30bc-4e4e-a8c0-01062d1196c1-kube-api-access-h5zsg\") pod \"test-hivemq-platform-0\" (UID: \"d2de5e0d-30bc-4e4e-a8c0-01062d1196c1\") " pod="helmmetricsserviceit/test-hivemq-platform-0"
2025-01-29 13:24:09,766 INFO c.h.h.t.HelmChartContainer - [hivemq-test-hivemq-platform] [hivemq-platform-operator] [efddf6ca] 13:24:09.765 [ReconcilerExecutor-hivemq-controller-65] DEBUG c.h.p.o.HiveMQPlatformReconciler - [helmmetr] StatefulSet Status (revision: test-hivemq-platform-69f859d85d, replicas: 1, available: 0, ready: 0, current: 1, updated: 1)
2025-01-29 13:24:09,767 INFO c.h.h.t.HelmChartContainer - [hivemq-test-hivemq-platform] [hivemq-platform-operator] [efddf6ca] 13:24:09.765 [ReconcilerExecutor-hivemq-controller-65] DEBUG c.h.p.o.HiveMQPlatformReconciler - [helmmetr] StatefulSet Spec (replicas: 1, init containers: 1, containers: 1, volumes: 3)
2025-01-29 13:24:09,780 INFO c.h.h.t.HelmChartContainer - [hivemq-test-hivemq-platform] [hivemq-platform-operator] [efddf6ca] 13:24:09.777 [ReconcilerExecutor-hivemq-controller-65] DEBUG c.h.p.o.h.HiveMQPlatformReconcilerErrorHandler - [helmmetr] Pod 'test-hivemq-platform-0' phase Pending
2025-01-29 13:24:09,780 INFO c.h.h.t.HelmChartContainer - [hivemq-test-hivemq-platform] [hivemq-platform-operator] [efddf6ca] 13:24:09.778 [ReconcilerExecutor-hivemq-controller-65] DEBUG c.h.p.o.h.HiveMQPlatformReconcilerErrorHandler - [helmmetr] Pod 'test-hivemq-platform-0' condition 'PodReadyToStartContainers': False
2025-01-29 13:24:09,780 INFO c.h.h.t.HelmChartContainer - [hivemq-test-hivemq-platform] [hivemq-platform-operator] [efddf6ca] 13:24:09.779 [ReconcilerExecutor-hivemq-controller-65] DEBUG c.h.p.o.h.HiveMQPlatformReconcilerErrorHandler - [helmmetr] Pod 'test-hivemq-platform-0' condition 'Initialized': False
2025-01-29 13:24:09,781 INFO c.h.h.t.HelmChartContainer - [hivemq-test-hivemq-platform] [hivemq-platform-operator] [efddf6ca] 13:24:09.779 [ReconcilerExecutor-hivemq-controller-65] DEBUG c.h.p.o.h.HiveMQPlatformReconcilerErrorHandler - [helmmetr] Pod 'test-hivemq-platform-0' condition 'Ready': False
2025-01-29 13:24:09,781 INFO c.h.h.t.HelmChartContainer - [hivemq-test-hivemq-platform] [hivemq-platform-operator] [efddf6ca] 13:24:09.779 [ReconcilerExecutor-hivemq-controller-65] DEBUG c.h.p.o.h.HiveMQPlatformReconcilerErrorHandler - [helmmetr] Pod 'test-hivemq-platform-0' condition 'ContainersReady': False
2025-01-29 13:24:09,781 INFO c.h.h.t.HelmChartContainer - [hivemq-test-hivemq-platform] [hivemq-platform-operator] [efddf6ca] 13:24:09.779 [ReconcilerExecutor-hivemq-controller-65] DEBUG c.h.p.o.h.HiveMQPlatformReconcilerErrorHandler - [helmmetr] Pod 'test-hivemq-platform-0' condition 'PodScheduled': True
2025-01-29 13:24:09,781 INFO c.h.h.t.HelmChartContainer - [hivemq-test-hivemq-platform] [hivemq-platform-operator] [efddf6ca] 13:24:09.779 [ReconcilerExecutor-hivemq-controller-65] DEBUG c.h.p.o.h.HiveMQPlatformReconcilerErrorHandler - [helmmetr] Pod 'test-hivemq-platform-0' containerStatus 'hivemq' (started: false) (ready: false) (waiting: [PodInitializing] null)
2025-01-29 13:24:09,866 INFO c.h.h.t.HelmChartContainer - [hivemq-test-hivemq-platform] [hivemq-platform-operator] [efddf6ca] 13:24:09.865 [ReconcilerExecutor-hivemq-controller-65] INFO  c.h.p.o.h.HiveMQPlatformReconcilerBaseHandler - [helmmetr] HiveMQ Platform is starting, 0 of 1 replicas are ready
2025-01-29 13:24:09,873 INFO c.h.h.t.HelmChartContainer - [hivemq-test-hivemq-platform] [hivemq-platform-operator] [efddf6ca] 13:24:09.872 [pool-6-thread-22] DEBUG c.h.p.o.d.PlatformServiceResource - [helmmetr] Desired Platform services (4 services)
2025-01-29 13:24:09,876 INFO c.h.h.t.HelmChartContainer - [hivemq-test-hivemq-platform] [hivemq-platform-operator] [efddf6ca] 13:24:09.874 [pool-6-thread-23] DEBUG c.h.p.o.dependants.PodInfoConfigMap - [helmmetr] Desired PodInfo ConfigMap (1 extensions) (1 enabled)
2025-01-29 13:24:09,876 INFO c.h.h.t.HelmChartContainer - [hivemq-test-hivemq-platform] [hivemq-platform-operator] [efddf6ca] 13:24:09.874 [pool-6-thread-23] DEBUG c.h.p.o.dependants.PodInfoConfigMap - [helmmetr] Desired PodInfo ConfigMap (metrics port: 9399) (metrics path: /)
2025-01-29 13:24:09,877 INFO c.h.h.t.HelmChartContainer - [hivemq-test-hivemq-platform] [hivemq-platform-operator] [efddf6ca] 13:24:09.874 [pool-6-thread-23] DEBUG c.h.p.o.dependants.PodInfoConfigMap - [helmmetr] Desired PodInfo ConfigMap (extension state hash: -1817474005)
2025-01-29 13:24:09,880 INFO c.h.h.t.HelmChartContainer - [hivemq-test-hivemq-platform] [hivemq-platform-operator] [efddf6ca] 13:24:09.879 [pool-6-thread-27] DEBUG c.h.p.o.d.PodServiceAccountResource - [helmmetr] Desired PodServiceAccountResource (serviceAccountName: hivemq-platform-pod-test-hivemq-platform)
2025-01-29 13:24:09,978 INFO c.h.h.t.HelmChartContainer - [hivemq-test-hivemq-platform] [hivemq-platform-operator] [efddf6ca] 13:24:09.977 [pool-6-thread-30] DEBUG c.h.p.o.d.StatefulSetResource - [helmmetr] Desired StatefulSet (1 replicas) for status STARTING (READY)
2025-01-29 13:24:10,011 INFO c.h.h.t.HelmChartContainer - [EVENT] Normal [Pulled] Container image "docker.io/hivemq/hivemq-platform-operator-init-test:snapshot" already present on machine [helmmetricsserviceit:test-hivemq-platform-0]
2025-01-29 13:24:10,066 INFO c.h.h.t.HelmChartContainer - [hivemq-test-hivemq-platform] [hivemq-platform-operator] [efddf6ca] 13:24:10.063 [ReconcilerExecutor-hivemq-controller-76] INFO  c.h.p.o.HiveMQPlatformReconciler - [helmmetr] Reconciling HiveMQ Platform 'test-hivemq-platform' in namespace 'helmmetricsserviceit'
2025-01-29 13:24:10,066 INFO c.h.h.t.HelmChartContainer - [hivemq-test-hivemq-platform] [hivemq-platform-operator] [efddf6ca] 13:24:10.063 [ReconcilerExecutor-hivemq-controller-76] DEBUG c.h.p.o.HiveMQPlatformReconciler - [helmmetr] Custom Resource Status STARTING - HiveMQ Platform is starting (READY)
2025-01-29 13:24:10,066 INFO c.h.h.t.HelmChartContainer - [hivemq-test-hivemq-platform] [hivemq-platform-operator] [efddf6ca] 13:24:10.063 [ReconcilerExecutor-hivemq-controller-76] DEBUG c.h.p.o.HiveMQPlatformReconciler - [helmmetr] Custom Resource Spec (replicas: 1) (extensions: 1)
2025-01-29 13:24:10,071 INFO c.h.h.t.HelmChartContainer - [hivemq-test-hivemq-platform] [hivemq-platform-operator] [efddf6ca] 13:24:10.067 [ReconcilerExecutor-hivemq-controller-76] DEBUG c.h.p.o.HiveMQPlatformReconciler - [helmmetr] StatefulSet Status (revision: test-hivemq-platform-69f859d85d, replicas: 1, available: 0, ready: 0, current: 1, updated: 1)
2025-01-29 13:24:10,071 INFO c.h.h.t.HelmChartContainer - [hivemq-test-hivemq-platform] [hivemq-platform-operator] [efddf6ca] 13:24:10.067 [ReconcilerExecutor-hivemq-controller-76] DEBUG c.h.p.o.HiveMQPlatformReconciler - [helmmetr] StatefulSet Spec (replicas: 1, init containers: 1, containers: 1, volumes: 3)
2025-01-29 13:24:10,073 INFO c.h.h.t.HelmChartContainer - [hivemq-test-hivemq-platform] [hivemq-platform-operator] [efddf6ca] 13:24:10.068 [ReconcilerExecutor-hivemq-controller-76] DEBUG c.h.p.o.h.HiveMQPlatformReconcilerErrorHandler - [helmmetr] Pod 'test-hivemq-platform-0' phase Pending
2025-01-29 13:24:10,073 INFO c.h.h.t.HelmChartContainer - [hivemq-test-hivemq-platform] [hivemq-platform-operator] [efddf6ca] 13:24:10.069 [ReconcilerExecutor-hivemq-controller-76] DEBUG c.h.p.o.h.HiveMQPlatformReconcilerErrorHandler - [helmmetr] Pod 'test-hivemq-platform-0' condition 'PodReadyToStartContainers': False
2025-01-29 13:24:10,073 INFO c.h.h.t.HelmChartContainer - [hivemq-test-hivemq-platform] [hivemq-platform-operator] [efddf6ca] 13:24:10.069 [ReconcilerExecutor-hivemq-controller-76] DEBUG c.h.p.o.h.HiveMQPlatformReconcilerErrorHandler - [helmmetr] Pod 'test-hivemq-platform-0' condition 'Initialized': False
2025-01-29 13:24:10,073 INFO c.h.h.t.HelmChartContainer - [hivemq-test-hivemq-platform] [hivemq-platform-operator] [efddf6ca] 13:24:10.069 [ReconcilerExecutor-hivemq-controller-76] DEBUG c.h.p.o.h.HiveMQPlatformReconcilerErrorHandler - [helmmetr] Pod 'test-hivemq-platform-0' condition 'Ready': False
2025-01-29 13:24:10,073 INFO c.h.h.t.HelmChartContainer - [hivemq-test-hivemq-platform] [hivemq-platform-operator] [efddf6ca] 13:24:10.069 [ReconcilerExecutor-hivemq-controller-76] DEBUG c.h.p.o.h.HiveMQPlatformReconcilerErrorHandler - [helmmetr] Pod 'test-hivemq-platform-0' condition 'ContainersReady': False
2025-01-29 13:24:10,073 INFO c.h.h.t.HelmChartContainer - [hivemq-test-hivemq-platform] [hivemq-platform-operator] [efddf6ca] 13:24:10.069 [ReconcilerExecutor-hivemq-controller-76] DEBUG c.h.p.o.h.HiveMQPlatformReconcilerErrorHandler - [helmmetr] Pod 'test-hivemq-platform-0' condition 'PodScheduled': True
2025-01-29 13:24:10,073 INFO c.h.h.t.HelmChartContainer - [hivemq-test-hivemq-platform] [hivemq-platform-operator] [efddf6ca] 13:24:10.069 [ReconcilerExecutor-hivemq-controller-76] DEBUG c.h.p.o.h.HiveMQPlatformReconcilerErrorHandler - [helmmetr] Pod 'test-hivemq-platform-0' containerStatus 'hivemq' (started: false) (ready: false) (waiting: [PodInitializing] null)
2025-01-29 13:24:10,073 INFO c.h.h.t.HelmChartContainer - [hivemq-test-hivemq-platform] [hivemq-platform-operator] [efddf6ca] 13:24:10.070 [ReconcilerExecutor-hivemq-controller-76] INFO  c.h.p.o.h.HiveMQPlatformReconcilerBaseHandler - [helmmetr] HiveMQ Platform is starting, 0 of 1 replicas are ready
2025-01-29 13:24:10,129 INFO c.h.h.t.HelmChartContainer - [EVENT] Normal [Created] Created container: hivemq-platform-operator-init [helmmetricsserviceit:test-hivemq-platform-0]
2025-01-29 13:24:10,165 INFO c.h.h.t.HelmChartContainer - [EVENT] Normal [Started] Started container hivemq-platform-operator-init [helmmetricsserviceit:test-hivemq-platform-0]
2025-01-29 13:24:10,993 INFO c.h.h.t.HelmChartContainer - [POD] test-hivemq-platform-0 [d2de5e0d-30bc-4e4e-a8c0-01062d1196c1] in helmmetricsserviceit was MODIFIED
2025-01-29 13:24:11,004 INFO c.h.h.t.HelmChartContainer - [hivemq-test-hivemq-platform] [hivemq-platform-operator] [efddf6ca] 13:24:10.997 [pool-6-thread-32] DEBUG c.h.p.o.d.PlatformServiceResource - [helmmetr] Desired Platform services (4 services)
2025-01-29 13:24:11,004 INFO c.h.h.t.HelmChartContainer - [hivemq-test-hivemq-platform] [hivemq-platform-operator] [efddf6ca] 13:24:11.002 [pool-6-thread-33] DEBUG c.h.p.o.dependants.PodInfoConfigMap - [helmmetr] Desired PodInfo ConfigMap (1 extensions) (1 enabled)
2025-01-29 13:24:11,004 INFO c.h.h.t.HelmChartContainer - [hivemq-test-hivemq-platform] [hivemq-platform-operator] [efddf6ca] 13:24:11.003 [pool-6-thread-33] DEBUG c.h.p.o.dependants.PodInfoConfigMap - [helmmetr] Desired PodInfo ConfigMap (metrics port: 9399) (metrics path: /)
2025-01-29 13:24:11,005 INFO c.h.h.t.HelmChartContainer - [hivemq-test-hivemq-platform] [hivemq-platform-operator] [efddf6ca] 13:24:11.003 [pool-6-thread-33] DEBUG c.h.p.o.dependants.PodInfoConfigMap - [helmmetr] Desired PodInfo ConfigMap (extension state hash: -1817474005)
2025-01-29 13:24:11,066 INFO c.h.h.t.HelmChartContainer - [hivemq-test-hivemq-platform] [hivemq-platform-operator] [efddf6ca] 13:24:11.064 [pool-6-thread-37] DEBUG c.h.p.o.d.PodServiceAccountResource - [helmmetr] Desired PodServiceAccountResource (serviceAccountName: hivemq-platform-pod-test-hivemq-platform)
2025-01-29 13:24:11,069 INFO c.h.h.t.HelmChartContainer - [hivemq-test-hivemq-platform] [hivemq-platform-operator] [efddf6ca] 13:24:11.068 [pool-6-thread-40] DEBUG c.h.p.o.d.StatefulSetResource - [helmmetr] Desired StatefulSet (1 replicas) for status STARTING (READY)
2025-01-29 13:24:11,073 INFO c.h.h.t.HelmChartContainer - [hivemq-test-hivemq-platform] [hivemq-platform-operator] [efddf6ca] 13:24:11.072 [ReconcilerExecutor-hivemq-controller-87] INFO  c.h.p.o.HiveMQPlatformReconciler - [helmmetr] Reconciling HiveMQ Platform 'test-hivemq-platform' in namespace 'helmmetricsserviceit'
2025-01-29 13:24:11,073 INFO c.h.h.t.HelmChartContainer - [hivemq-test-hivemq-platform] [hivemq-platform-operator] [efddf6ca] 13:24:11.072 [ReconcilerExecutor-hivemq-controller-87] DEBUG c.h.p.o.HiveMQPlatformReconciler - [helmmetr] Custom Resource Status STARTING - HiveMQ Platform is starting (READY)
2025-01-29 13:24:11,074 INFO c.h.h.t.HelmChartContainer - [hivemq-test-hivemq-platform] [hivemq-platform-operator] [efddf6ca] 13:24:11.072 [ReconcilerExecutor-hivemq-controller-87] DEBUG c.h.p.o.HiveMQPlatformReconciler - [helmmetr] Custom Resource Spec (replicas: 1) (extensions: 1)
2025-01-29 13:24:11,077 INFO c.h.h.t.HelmChartContainer - [hivemq-test-hivemq-platform] [hivemq-platform-operator] [efddf6ca] 13:24:11.075 [ReconcilerExecutor-hivemq-controller-87] DEBUG c.h.p.o.HiveMQPlatformReconciler - [helmmetr] StatefulSet Status (revision: test-hivemq-platform-69f859d85d, replicas: 1, available: 0, ready: 0, current: 1, updated: 1)
2025-01-29 13:24:11,077 INFO c.h.h.t.HelmChartContainer - [hivemq-test-hivemq-platform] [hivemq-platform-operator] [efddf6ca] 13:24:11.075 [ReconcilerExecutor-hivemq-controller-87] DEBUG c.h.p.o.HiveMQPlatformReconciler - [helmmetr] StatefulSet Spec (replicas: 1, init containers: 1, containers: 1, volumes: 3)
2025-01-29 13:24:11,079 INFO c.h.h.t.HelmChartContainer - [hivemq-test-hivemq-platform] [hivemq-platform-operator] [efddf6ca] 13:24:11.078 [ReconcilerExecutor-hivemq-controller-87] DEBUG c.h.p.o.h.HiveMQPlatformReconcilerErrorHandler - [helmmetr] Pod 'test-hivemq-platform-0' phase Pending
2025-01-29 13:24:11,079 INFO c.h.h.t.HelmChartContainer - [hivemq-test-hivemq-platform] [hivemq-platform-operator] [efddf6ca] 13:24:11.078 [ReconcilerExecutor-hivemq-controller-87] DEBUG c.h.p.o.h.HiveMQPlatformReconcilerErrorHandler - [helmmetr] Pod 'test-hivemq-platform-0' condition 'PodReadyToStartContainers': True
2025-01-29 13:24:11,080 INFO c.h.h.t.HelmChartContainer - [hivemq-test-hivemq-platform] [hivemq-platform-operator] [efddf6ca] 13:24:11.078 [ReconcilerExecutor-hivemq-controller-87] DEBUG c.h.p.o.h.HiveMQPlatformReconcilerErrorHandler - [helmmetr] Pod 'test-hivemq-platform-0' condition 'Initialized': False
2025-01-29 13:24:11,081 INFO c.h.h.t.HelmChartContainer - [hivemq-test-hivemq-platform] [hivemq-platform-operator] [efddf6ca] 13:24:11.079 [ReconcilerExecutor-hivemq-controller-87] DEBUG c.h.p.o.h.HiveMQPlatformReconcilerErrorHandler - [helmmetr] Pod 'test-hivemq-platform-0' condition 'Ready': False
2025-01-29 13:24:11,081 INFO c.h.h.t.HelmChartContainer - [hivemq-test-hivemq-platform] [hivemq-platform-operator] [efddf6ca] 13:24:11.079 [ReconcilerExecutor-hivemq-controller-87] DEBUG c.h.p.o.h.HiveMQPlatformReconcilerErrorHandler - [helmmetr] Pod 'test-hivemq-platform-0' condition 'ContainersReady': False
2025-01-29 13:24:11,081 INFO c.h.h.t.HelmChartContainer - [hivemq-test-hivemq-platform] [hivemq-platform-operator] [efddf6ca] 13:24:11.079 [ReconcilerExecutor-hivemq-controller-87] DEBUG c.h.p.o.h.HiveMQPlatformReconcilerErrorHandler - [helmmetr] Pod 'test-hivemq-platform-0' condition 'PodScheduled': True
2025-01-29 13:24:11,081 INFO c.h.h.t.HelmChartContainer - [hivemq-test-hivemq-platform] [hivemq-platform-operator] [efddf6ca] 13:24:11.079 [ReconcilerExecutor-hivemq-controller-87] DEBUG c.h.p.o.h.HiveMQPlatformReconcilerErrorHandler - [helmmetr] Pod 'test-hivemq-platform-0' containerStatus 'hivemq' (started: false) (ready: false) (waiting: [PodInitializing] null)
2025-01-29 13:24:11,081 INFO c.h.h.t.HelmChartContainer - [hivemq-test-hivemq-platform] [hivemq-platform-operator] [efddf6ca] 13:24:11.080 [ReconcilerExecutor-hivemq-controller-87] INFO  c.h.p.o.h.HiveMQPlatformReconcilerBaseHandler - [helmmetr] HiveMQ Platform is starting, 0 of 1 replicas are ready
2025-01-29 13:24:11,973 INFO c.h.h.t.HelmChartContainer - [EVENT] Normal [Pulled] Container image "docker.io/hivemq/hivemq4:4.36.0" already present on machine [helmmetricsserviceit:test-hivemq-platform-0]
2025-01-29 13:24:11,973 INFO c.h.h.t.HelmChartContainer - Received Pulled event for container hivemq in pod test-hivemq-platform-0 [d2de5e0d-30bc-4e4e-a8c0-01062d1196c1]
2025-01-29 13:24:11,979 INFO c.h.h.t.HelmChartContainer - [POD] test-hivemq-platform-0 [d2de5e0d-30bc-4e4e-a8c0-01062d1196c1] in helmmetricsserviceit was MODIFIED
2025-01-29 13:24:11,990 INFO c.h.h.t.HelmChartContainer - [hivemq-test-hivemq-platform] [hivemq-platform-operator] [efddf6ca] 13:24:11.987 [pool-6-thread-42] DEBUG c.h.p.o.d.PlatformServiceResource - [helmmetr] Desired Platform services (4 services)
2025-01-29 13:24:11,991 INFO c.h.h.t.HelmChartContainer - [hivemq-test-hivemq-platform] [hivemq-platform-operator] [efddf6ca] 13:24:11.990 [pool-6-thread-43] DEBUG c.h.p.o.dependants.PodInfoConfigMap - [helmmetr] Desired PodInfo ConfigMap (1 extensions) (1 enabled)
2025-01-29 13:24:11,991 INFO c.h.h.t.HelmChartContainer - [hivemq-test-hivemq-platform] [hivemq-platform-operator] [efddf6ca] 13:24:11.991 [pool-6-thread-43] DEBUG c.h.p.o.dependants.PodInfoConfigMap - [helmmetr] Desired PodInfo ConfigMap (metrics port: 9399) (metrics path: /)
2025-01-29 13:24:11,991 INFO c.h.h.t.HelmChartContainer - [hivemq-test-hivemq-platform] [hivemq-platform-operator] [efddf6ca] 13:24:11.991 [pool-6-thread-43] DEBUG c.h.p.o.dependants.PodInfoConfigMap - [helmmetr] Desired PodInfo ConfigMap (extension state hash: -1817474005)
2025-01-29 13:24:11,999 INFO c.h.h.t.HelmChartContainer - [hivemq-test-hivemq-platform] [hivemq-platform-operator] [efddf6ca] 13:24:11.998 [pool-6-thread-47] DEBUG c.h.p.o.d.PodServiceAccountResource - [helmmetr] Desired PodServiceAccountResource (serviceAccountName: hivemq-platform-pod-test-hivemq-platform)
2025-01-29 13:24:12,073 INFO c.h.h.t.HelmChartContainer - [hivemq-test-hivemq-platform] [hivemq-platform-operator] [efddf6ca] 13:24:12.068 [pool-6-thread-50] DEBUG c.h.p.o.d.StatefulSetResource - [helmmetr] Desired StatefulSet (1 replicas) for status STARTING (READY)
2025-01-29 13:24:12,074 INFO c.h.h.t.HelmChartContainer - [hivemq-test-hivemq-platform] [hivemq-platform-operator] [efddf6ca] 13:24:12.072 [ReconcilerExecutor-hivemq-controller-98] INFO  c.h.p.o.HiveMQPlatformReconciler - [helmmetr] Reconciling HiveMQ Platform 'test-hivemq-platform' in namespace 'helmmetricsserviceit'
2025-01-29 13:24:12,074 INFO c.h.h.t.HelmChartContainer - [hivemq-test-hivemq-platform] [hivemq-platform-operator] [efddf6ca] 13:24:12.072 [ReconcilerExecutor-hivemq-controller-98] DEBUG c.h.p.o.HiveMQPlatformReconciler - [helmmetr] Custom Resource Status STARTING - HiveMQ Platform is starting (READY)
2025-01-29 13:24:12,074 INFO c.h.h.t.HelmChartContainer - [hivemq-test-hivemq-platform] [hivemq-platform-operator] [efddf6ca] 13:24:12.072 [ReconcilerExecutor-hivemq-controller-98] DEBUG c.h.p.o.HiveMQPlatformReconciler - [helmmetr] Custom Resource Spec (replicas: 1) (extensions: 1)
2025-01-29 13:24:12,076 INFO c.h.h.t.HelmChartContainer - [hivemq-test-hivemq-platform] [hivemq-platform-operator] [efddf6ca] 13:24:12.074 [ReconcilerExecutor-hivemq-controller-98] DEBUG c.h.p.o.HiveMQPlatformReconciler - [helmmetr] StatefulSet Status (revision: test-hivemq-platform-69f859d85d, replicas: 1, available: 0, ready: 0, current: 1, updated: 1)
2025-01-29 13:24:12,077 INFO c.h.h.t.HelmChartContainer - [hivemq-test-hivemq-platform] [hivemq-platform-operator] [efddf6ca] 13:24:12.074 [ReconcilerExecutor-hivemq-controller-98] DEBUG c.h.p.o.HiveMQPlatformReconciler - [helmmetr] StatefulSet Spec (replicas: 1, init containers: 1, containers: 1, volumes: 3)
2025-01-29 13:24:12,077 INFO c.h.h.t.HelmChartContainer - [hivemq-test-hivemq-platform] [hivemq-platform-operator] [efddf6ca] 13:24:12.076 [ReconcilerExecutor-hivemq-controller-98] DEBUG c.h.p.o.h.HiveMQPlatformReconcilerErrorHandler - [helmmetr] Pod 'test-hivemq-platform-0' phase Pending
2025-01-29 13:24:12,077 INFO c.h.h.t.HelmChartContainer - [hivemq-test-hivemq-platform] [hivemq-platform-operator] [efddf6ca] 13:24:12.076 [ReconcilerExecutor-hivemq-controller-98] DEBUG c.h.p.o.h.HiveMQPlatformReconcilerErrorHandler - [helmmetr] Pod 'test-hivemq-platform-0' condition 'PodReadyToStartContainers': True
2025-01-29 13:24:12,077 INFO c.h.h.t.HelmChartContainer - [hivemq-test-hivemq-platform] [hivemq-platform-operator] [efddf6ca] 13:24:12.076 [ReconcilerExecutor-hivemq-controller-98] DEBUG c.h.p.o.h.HiveMQPlatformReconcilerErrorHandler - [helmmetr] Pod 'test-hivemq-platform-0' condition 'Initialized': True
2025-01-29 13:24:12,077 INFO c.h.h.t.HelmChartContainer - [hivemq-test-hivemq-platform] [hivemq-platform-operator] [efddf6ca] 13:24:12.076 [ReconcilerExecutor-hivemq-controller-98] DEBUG c.h.p.o.h.HiveMQPlatformReconcilerErrorHandler - [helmmetr] Pod 'test-hivemq-platform-0' condition 'Ready': False
2025-01-29 13:24:12,081 INFO c.h.h.t.HelmChartContainer - [hivemq-test-hivemq-platform] [hivemq-platform-operator] [efddf6ca] 13:24:12.077 [ReconcilerExecutor-hivemq-controller-98] DEBUG c.h.p.o.h.HiveMQPlatformReconcilerErrorHandler - [helmmetr] Pod 'test-hivemq-platform-0' condition 'ContainersReady': False
2025-01-29 13:24:12,081 INFO c.h.h.t.HelmChartContainer - [hivemq-test-hivemq-platform] [hivemq-platform-operator] [efddf6ca] 13:24:12.077 [ReconcilerExecutor-hivemq-controller-98] DEBUG c.h.p.o.h.HiveMQPlatformReconcilerErrorHandler - [helmmetr] Pod 'test-hivemq-platform-0' condition 'PodScheduled': True
2025-01-29 13:24:12,081 INFO c.h.h.t.HelmChartContainer - [hivemq-test-hivemq-platform] [hivemq-platform-operator] [efddf6ca] 13:24:12.077 [ReconcilerExecutor-hivemq-controller-98] DEBUG c.h.p.o.h.HiveMQPlatformReconcilerErrorHandler - [helmmetr] Pod 'test-hivemq-platform-0' containerStatus 'hivemq' (started: false) (ready: false) (waiting: [PodInitializing] null)
2025-01-29 13:24:12,081 INFO c.h.h.t.HelmChartContainer - [hivemq-test-hivemq-platform] [hivemq-platform-operator] [efddf6ca] 13:24:12.077 [ReconcilerExecutor-hivemq-controller-98] INFO  c.h.p.o.h.HiveMQPlatformReconcilerBaseHandler - [helmmetr] HiveMQ Platform is starting, 0 of 1 replicas are ready
2025-01-29 13:24:13,033 INFO c.h.h.t.HelmChartContainer - [EVENT] Normal [Created] Created container: hivemq [helmmetricsserviceit:test-hivemq-platform-0]
2025-01-29 13:24:13,033 INFO c.h.h.t.HelmChartContainer - Received Created event for container hivemq in pod test-hivemq-platform-0 [d2de5e0d-30bc-4e4e-a8c0-01062d1196c1]
2025-01-29 13:24:13,984 INFO c.h.h.t.HelmChartContainer - [POD] test-hivemq-platform-0 [d2de5e0d-30bc-4e4e-a8c0-01062d1196c1] in helmmetricsserviceit was MODIFIED
2025-01-29 13:24:13,993 INFO c.h.h.t.HelmChartContainer - [hivemq-test-hivemq-platform] [hivemq-platform-operator] [efddf6ca] 13:24:13.991 [pool-6-thread-8] DEBUG c.h.p.o.d.PlatformServiceResource - [helmmetr] Desired Platform services (4 services)
2025-01-29 13:24:14,000 INFO c.h.h.t.HelmChartContainer - [hivemq-test-hivemq-platform] [hivemq-platform-operator] [efddf6ca] 13:24:13.997 [pool-6-thread-6] DEBUG c.h.p.o.d.PodServiceAccountResource - [helmmetr] Desired PodServiceAccountResource (serviceAccountName: hivemq-platform-pod-test-hivemq-platform)
2025-01-29 13:24:14,002 INFO c.h.h.t.HelmChartContainer - [EVENT] Normal [Started] Started container hivemq [helmmetricsserviceit:test-hivemq-platform-0]
2025-01-29 13:24:14,002 INFO c.h.h.t.HelmChartContainer - Received Started event for container hivemq in pod test-hivemq-platform-0 [d2de5e0d-30bc-4e4e-a8c0-01062d1196c1]
2025-01-29 13:24:14,002 INFO c.h.h.t.HelmChartContainer - Started log watcher for hivemq in pod test-hivemq-platform-0 [d2de5e0d-30bc-4e4e-a8c0-01062d1196c1]
2025-01-29 13:24:14,004 INFO c.h.h.t.HelmChartContainer - [test-hivemq-platform] [hivemq] [d2de5e0d] Adding pre-installed HiveMQ Platform Operator extensions
2025-01-29 13:24:14,004 INFO c.h.h.t.HelmChartContainer - [test-hivemq-platform] [hivemq] [d2de5e0d] Running as user 10000
2025-01-29 13:24:14,005 INFO c.h.h.t.HelmChartContainer - [test-hivemq-platform] [hivemq] [d2de5e0d] Starting HiveMQ Platform Operator Init
2025-01-29 13:24:14,008 INFO c.h.h.t.HelmChartContainer - [hivemq-test-hivemq-platform] [hivemq-platform-operator] [efddf6ca] 13:24:13.995 [pool-6-thread-9] DEBUG c.h.p.o.dependants.PodInfoConfigMap - [helmmetr] Desired PodInfo ConfigMap (1 extensions) (1 enabled)
2025-01-29 13:24:14,008 INFO c.h.h.t.HelmChartContainer - [hivemq-test-hivemq-platform] [hivemq-platform-operator] [efddf6ca] 13:24:14.007 [pool-6-thread-9] DEBUG c.h.p.o.dependants.PodInfoConfigMap - [helmmetr] Desired PodInfo ConfigMap (metrics port: 9399) (metrics path: /)
2025-01-29 13:24:14,008 INFO c.h.h.t.HelmChartContainer - [hivemq-test-hivemq-platform] [hivemq-platform-operator] [efddf6ca] 13:24:14.007 [pool-6-thread-9] DEBUG c.h.p.o.dependants.PodInfoConfigMap - [helmmetr] Desired PodInfo ConfigMap (extension state hash: -1817474005)
2025-01-29 13:24:14,066 INFO c.h.h.t.HelmChartContainer - [hivemq-test-hivemq-platform] [hivemq-platform-operator] [efddf6ca] 13:24:14.064 [pool-6-thread-6] DEBUG c.h.p.o.d.StatefulSetResource - [helmmetr] Desired StatefulSet (1 replicas) for status STARTING (READY)
2025-01-29 13:24:14,070 INFO c.h.h.t.HelmChartContainer - [hivemq-test-hivemq-platform] [hivemq-platform-operator] [efddf6ca] 13:24:14.069 [ReconcilerExecutor-hivemq-controller-109] INFO  c.h.p.o.HiveMQPlatformReconciler - [helmmetr] Reconciling HiveMQ Platform 'test-hivemq-platform' in namespace 'helmmetricsserviceit'
2025-01-29 13:24:14,070 INFO c.h.h.t.HelmChartContainer - [hivemq-test-hivemq-platform] [hivemq-platform-operator] [efddf6ca] 13:24:14.069 [ReconcilerExecutor-hivemq-controller-109] DEBUG c.h.p.o.HiveMQPlatformReconciler - [helmmetr] Custom Resource Status STARTING - HiveMQ Platform is starting (READY)
2025-01-29 13:24:14,071 INFO c.h.h.t.HelmChartContainer - [hivemq-test-hivemq-platform] [hivemq-platform-operator] [efddf6ca] 13:24:14.069 [ReconcilerExecutor-hivemq-controller-109] DEBUG c.h.p.o.HiveMQPlatformReconciler - [helmmetr] Custom Resource Spec (replicas: 1) (extensions: 1)
2025-01-29 13:24:14,073 INFO c.h.h.t.HelmChartContainer - [hivemq-test-hivemq-platform] [hivemq-platform-operator] [efddf6ca] 13:24:14.071 [ReconcilerExecutor-hivemq-controller-109] DEBUG c.h.p.o.HiveMQPlatformReconciler - [helmmetr] StatefulSet Status (revision: test-hivemq-platform-69f859d85d, replicas: 1, available: 0, ready: 0, current: 1, updated: 1)
2025-01-29 13:24:14,073 INFO c.h.h.t.HelmChartContainer - [hivemq-test-hivemq-platform] [hivemq-platform-operator] [efddf6ca] 13:24:14.071 [ReconcilerExecutor-hivemq-controller-109] DEBUG c.h.p.o.HiveMQPlatformReconciler - [helmmetr] StatefulSet Spec (replicas: 1, init containers: 1, containers: 1, volumes: 3)
2025-01-29 13:24:14,074 INFO c.h.h.t.HelmChartContainer - [hivemq-test-hivemq-platform] [hivemq-platform-operator] [efddf6ca] 13:24:14.074 [ReconcilerExecutor-hivemq-controller-109] DEBUG c.h.p.o.h.HiveMQPlatformReconcilerErrorHandler - [helmmetr] Pod 'test-hivemq-platform-0' phase Running
2025-01-29 13:24:14,075 INFO c.h.h.t.HelmChartContainer - [hivemq-test-hivemq-platform] [hivemq-platform-operator] [efddf6ca] 13:24:14.074 [ReconcilerExecutor-hivemq-controller-109] INFO  c.h.p.o.h.HiveMQPlatformReconcilerBaseHandler - [helmmetr] HiveMQ Platform is starting, 0 of 1 replicas are ready
2025-01-29 13:24:14,352 INFO c.h.h.t.HelmChartContainer - [test-hivemq-platform] [hivemq] [d2de5e0d] INFO  - [HiveMQ Platform Operator Init 1.7.0-SNAPSHOT] HiveMQ Platform Operator Init 1.7.0-SNAPSHOT (commit: bebf408 on branch: HEAD) built on Sun Jan 26 20:47:47 UTC 2025
2025-01-29 13:24:15,467 INFO c.h.h.t.HelmChartContainer - [test-hivemq-platform] [hivemq] [d2de5e0d] INFO  - [HiveMQ Platform Operator Init App 1.7.0-SNAPSHOT] Using bind address 10.42.0.10 from environment variable
2025-01-29 13:24:16,391 INFO c.h.h.t.HelmChartContainer - [test-hivemq-platform] [hivemq] [d2de5e0d] INFO  - [HiveMQ Platform Operator Init App 1.7.0-SNAPSHOT] HiveMQ Platform Operator Init App 1.7.0-SNAPSHOT (commit: bebf408 on branch: HEAD) built on Sun Jan 26 20:47:47 UTC 2025
2025-01-29 13:24:16,391 INFO c.h.h.t.HelmChartContainer - [test-hivemq-platform] [hivemq] [d2de5e0d] INFO  - [HiveMQ Platform Operator Init App 1.7.0-SNAPSHOT] PodInfo ConfigMap directory: /etc/podinfo
2025-01-29 13:24:16,391 INFO c.h.h.t.HelmChartContainer - [test-hivemq-platform] [hivemq] [d2de5e0d] INFO  - [HiveMQ Platform Operator Init App 1.7.0-SNAPSHOT] HiveMQ home directory: /opt/hivemq
2025-01-29 13:24:16,391 INFO c.h.h.t.HelmChartContainer - [test-hivemq-platform] [hivemq] [d2de5e0d] INFO  - [HiveMQ Platform Operator Init App 1.7.0-SNAPSHOT] HiveMQ Logback folder: /opt/hivemq/conf
2025-01-29 13:24:16,391 INFO c.h.h.t.HelmChartContainer - [test-hivemq-platform] [hivemq] [d2de5e0d] INFO  - [HiveMQ Platform Operator Init App 1.7.0-SNAPSHOT] HiveMQ Config folder: /opt/hivemq/conf-k8s
2025-01-29 13:24:16,393 INFO c.h.h.t.HelmChartContainer - [test-hivemq-platform] [hivemq] [d2de5e0d] INFO  - [HiveMQ Platform Operator Init App 1.7.0-SNAPSHOT] Starting HiveMQ Platform Operator Init App
2025-01-29 13:24:16,393 INFO c.h.h.t.HelmChartContainer - [test-hivemq-platform] [hivemq] [d2de5e0d] INFO  - [HiveMQ Platform Operator Init App 1.7.0-SNAPSHOT] Starting Pod reconciler
2025-01-29 13:24:17,849 INFO c.h.h.t.HelmChartContainer - [test-hivemq-platform] [hivemq] [d2de5e0d] INFO  - [HiveMQ Platform Operator Init App 1.7.0-SNAPSHOT] Pod reconciler is scheduled (interval: 5000 ms)
2025-01-29 13:24:17,850 INFO c.h.h.t.HelmChartContainer - [test-hivemq-platform] [hivemq] [d2de5e0d] INFO  - [HiveMQ Platform Operator Init App 1.7.0-SNAPSHOT] Starting the REST API on 10.42.0.10:7979
2025-01-29 13:24:17,852 INFO c.h.h.t.HelmChartContainer - [test-hivemq-platform] [hivemq] [d2de5e0d] INFO  - [HiveMQ Platform Operator Init App 1.7.0-SNAPSHOT] Waiting up to 600s for at most 1 HiveMQ nodes in cluster service hivemq-test-hivemq-platform-cluster.helmmetricsserviceit.svc
2025-01-29 13:24:18,193 INFO c.h.h.t.HelmChartContainer - [test-hivemq-platform] [hivemq] [d2de5e0d] INFO  - [HiveMQ Platform Operator Init App 1.7.0-SNAPSHOT] Resolved 1 IP addresses: [10.42.0.10]
2025-01-29 13:24:18,193 INFO c.h.h.t.HelmChartContainer - [test-hivemq-platform] [hivemq] [d2de5e0d] INFO  - [HiveMQ Platform Operator Init App 1.7.0-SNAPSHOT] HiveMQ node count of 1 is within threshold of 1
2025-01-29 13:24:18,193 INFO c.h.h.t.HelmChartContainer - [test-hivemq-platform] [hivemq] [d2de5e0d] INFO  - [HiveMQ Platform Operator Init App 1.7.0-SNAPSHOT] Proceeding with container start
2025-01-29 13:24:18,263 INFO c.h.h.t.HelmChartContainer - [test-hivemq-platform] [hivemq] [d2de5e0d] INFO  - [HiveMQ Platform Operator Init App 1.7.0-SNAPSHOT] Initializing HiveMQ Platform extensions with initial configuration: {hivemq-allow-all-extension={start-priority=-1, skip-https-hostname-verification=false, restart=true, config-version=0, header-version=0, c-uri=, priority=-1, uri=preinstalled, skip-https-certificate-validation=false, enabled=true}, hivemq-prometheus-extension={restart=true, enabled=true, request-header-path=no-request-headers, uri=preinstalled, skip-https-certificate-validation=false, skip-https-hostname-verification=false, c-uri=, start-priority=-1, priority=-1}}
2025-01-29 13:24:18,752 INFO c.h.h.t.HelmChartContainer - [test-hivemq-platform] [hivemq] [d2de5e0d] INFO  - [HiveMQ Platform Operator Init App 1.7.0-SNAPSHOT] Extension hivemq-allow-all-extension was already enabled
2025-01-29 13:24:18,847 INFO c.h.h.t.HelmChartContainer - [test-hivemq-platform] [hivemq] [d2de5e0d] INFO  - [HiveMQ Platform Operator Init App 1.7.0-SNAPSHOT] Successfully enabled extension hivemq-prometheus-extension
2025-01-29 13:24:18,848 INFO c.h.h.t.HelmChartContainer - [test-hivemq-platform] [hivemq] [d2de5e0d] INFO  - [HiveMQ Platform Operator Init App 1.7.0-SNAPSHOT] Starting HiveMQ Platform version 4.36.0 (4.36.0)
2025-01-29 13:24:18,850 INFO c.h.h.t.HelmChartContainer - [test-hivemq-platform] [hivemq] [d2de5e0d] INFO  - [HiveMQ Platform Operator Init App 1.7.0-SNAPSHOT] Configuring the HiveMQ Platform
2025-01-29 13:24:18,889 INFO c.h.h.t.HelmChartContainer - [test-hivemq-platform] [hivemq] [d2de5e0d] INFO  - [HiveMQ Platform Operator Init App 1.7.0-SNAPSHOT] Changed logback.xml file scan period to 20 seconds
2025-01-29 13:24:18,954 INFO c.h.h.t.HelmChartContainer - [test-hivemq-platform] [hivemq] [d2de5e0d] INFO  - [HiveMQ Platform Operator Init App 1.7.0-SNAPSHOT] Starting the HiveMQ Platform
2025-01-29 13:24:18,957 INFO c.h.h.t.HelmChartContainer - [test-hivemq-platform] [hivemq] [d2de5e0d] -------------------------------------------------------------------------
2025-01-29 13:24:18,957 INFO c.h.h.t.HelmChartContainer - [test-hivemq-platform] [hivemq] [d2de5e0d] 
2025-01-29 13:24:18,957 INFO c.h.h.t.HelmChartContainer - [test-hivemq-platform] [hivemq] [d2de5e0d]                   _    _  _              __  __   ____
2025-01-29 13:24:18,957 INFO c.h.h.t.HelmChartContainer - [test-hivemq-platform] [hivemq] [d2de5e0d]                  | |  | |(_)            |  \/  | / __ \
2025-01-29 13:24:18,957 INFO c.h.h.t.HelmChartContainer - [test-hivemq-platform] [hivemq] [d2de5e0d]                  | |__| | _ __   __ ___ | \  / || |  | |
2025-01-29 13:24:18,957 INFO c.h.h.t.HelmChartContainer - [test-hivemq-platform] [hivemq] [d2de5e0d]                  |  __  || |\ \ / // _ \| |\/| || |  | |
2025-01-29 13:24:18,957 INFO c.h.h.t.HelmChartContainer - [test-hivemq-platform] [hivemq] [d2de5e0d]                  | |  | || | \ V /|  __/| |  | || |__| |
2025-01-29 13:24:18,957 INFO c.h.h.t.HelmChartContainer - [test-hivemq-platform] [hivemq] [d2de5e0d]                  |_|  |_||_|  \_/  \___||_|  |_| \___\_\
2025-01-29 13:24:18,957 INFO c.h.h.t.HelmChartContainer - [test-hivemq-platform] [hivemq] [d2de5e0d] 
2025-01-29 13:24:18,957 INFO c.h.h.t.HelmChartContainer - [test-hivemq-platform] [hivemq] [d2de5e0d] -------------------------------------------------------------------------
2025-01-29 13:24:18,957 INFO c.h.h.t.HelmChartContainer - [test-hivemq-platform] [hivemq] [d2de5e0d] 
2025-01-29 13:24:18,957 INFO c.h.h.t.HelmChartContainer - [test-hivemq-platform] [hivemq] [d2de5e0d]   HiveMQ Start Script for Linux/Unix v1.14
2025-01-29 13:24:18,957 INFO c.h.h.t.HelmChartContainer - [test-hivemq-platform] [hivemq] [d2de5e0d] 
2025-01-29 13:24:19,059 INFO c.h.h.t.HelmChartContainer - [test-hivemq-platform] [hivemq] [d2de5e0d] -------------------------------------------------------------------------
2025-01-29 13:24:19,059 INFO c.h.h.t.HelmChartContainer - [test-hivemq-platform] [hivemq] [d2de5e0d] 
2025-01-29 13:24:19,059 INFO c.h.h.t.HelmChartContainer - [test-hivemq-platform] [hivemq] [d2de5e0d]   HIVEMQ_HOME: /opt/hivemq
2025-01-29 13:24:19,059 INFO c.h.h.t.HelmChartContainer - [test-hivemq-platform] [hivemq] [d2de5e0d] 
2025-01-29 13:24:19,059 INFO c.h.h.t.HelmChartContainer - [test-hivemq-platform] [hivemq] [d2de5e0d]   JAVA_OPTS: -XX:+UnlockExperimentalVMOptions -XX:InitialRAMPercentage=50 -XX:MaxRAMPercentage=50 -Djava.net.preferIPv4Stack=true --add-opens java.base/java.lang=ALL-UNNAMED --add-opens java.base/java.nio=ALL-UNNAMED --add-opens java.base/sun.nio.ch=ALL-UNNAMED --add-opens jdk.management/com.sun.management.internal=ALL-UNNAMED --add-exports java.base/jdk.internal.misc=ALL-UNNAMED -Djava.security.egd=file:/dev/./urandom -Dcom.sun.management.jmxremote -Dcom.sun.management.jmxremote.port=9010 -Dcom.sun.management.jmxremote.local.only=false -Dcom.sun.management.jmxremote.authenticate=false -Dcom.sun.management.jmxremote.ssl=false -Duser.language=en -Duser.region=US -XX:+CrashOnOutOfMemoryError -XX:+HeapDumpOnOutOfMemoryError
2025-01-29 13:24:19,059 INFO c.h.h.t.HelmChartContainer - [test-hivemq-platform] [hivemq] [d2de5e0d] 
2025-01-29 13:24:19,059 INFO c.h.h.t.HelmChartContainer - [test-hivemq-platform] [hivemq] [d2de5e0d]   JAVA_VERSION: 21
2025-01-29 13:24:19,059 INFO c.h.h.t.HelmChartContainer - [test-hivemq-platform] [hivemq] [d2de5e0d] 
2025-01-29 13:24:19,059 INFO c.h.h.t.HelmChartContainer - [test-hivemq-platform] [hivemq] [d2de5e0d] -------------------------------------------------------------------------
2025-01-29 13:24:19,059 INFO c.h.h.t.HelmChartContainer - [test-hivemq-platform] [hivemq] [d2de5e0d] 
2025-01-29 13:24:20,087 INFO c.h.h.t.HelmChartContainer - [test-hivemq-platform] [hivemq] [d2de5e0d] INFO  - [HiveMQ Platform Operator Init App 1.7.0-SNAPSHOT] Returning default Health API response 503 for readiness
2025-01-29 13:24:20,391 INFO c.h.h.t.HelmChartContainer - [EVENT] Warning [Unhealthy] Readiness probe failed: HTTP probe failed with statuscode: 503 [helmmetricsserviceit:test-hivemq-platform-0]
2025-01-29 13:24:20,392 INFO c.h.h.t.HelmChartContainer - Received Unhealthy event for container hivemq in pod test-hivemq-platform-0 [d2de5e0d-30bc-4e4e-a8c0-01062d1196c1]
2025-01-29 13:24:21,858 INFO c.h.h.t.HelmChartContainer - [test-hivemq-platform] [hivemq] [d2de5e0d] INFO  - Starting HiveMQ Enterprise Server
2025-01-29 13:24:21,947 INFO c.h.h.t.HelmChartContainer - [test-hivemq-platform] [hivemq] [d2de5e0d] INFO  - HiveMQ version: 4.36.0
2025-01-29 13:24:21,947 INFO c.h.h.t.HelmChartContainer - [test-hivemq-platform] [hivemq] [d2de5e0d] INFO  - HiveMQ home directory: /opt/hivemq
2025-01-29 13:24:21,948 INFO c.h.h.t.HelmChartContainer - [test-hivemq-platform] [hivemq] [d2de5e0d] INFO  - Log Configuration was overridden by /opt/hivemq/conf/logback.xml
2025-01-29 13:24:23,357 INFO c.h.h.t.HelmChartContainer - [test-hivemq-platform] [hivemq] [d2de5e0d] INFO  - Successfully loaded configuration from '/opt/hivemq/conf-k8s/config.xml'.
2025-01-29 13:24:24,081 INFO c.h.h.t.HelmChartContainer - [hivemq-test-hivemq-platform] [hivemq-platform-operator] [efddf6ca] 13:24:24.079 [pool-6-thread-16] DEBUG c.h.p.o.d.PlatformServiceResource - [helmmetr] Desired Platform services (4 services)
2025-01-29 13:24:24,081 INFO c.h.h.t.HelmChartContainer - [hivemq-test-hivemq-platform] [hivemq-platform-operator] [efddf6ca] 13:24:24.080 [pool-6-thread-14] DEBUG c.h.p.o.dependants.PodInfoConfigMap - [helmmetr] Desired PodInfo ConfigMap (1 extensions) (1 enabled)
2025-01-29 13:24:24,081 INFO c.h.h.t.HelmChartContainer - [hivemq-test-hivemq-platform] [hivemq-platform-operator] [efddf6ca] 13:24:24.080 [pool-6-thread-14] DEBUG c.h.p.o.dependants.PodInfoConfigMap - [helmmetr] Desired PodInfo ConfigMap (metrics port: 9399) (metrics path: /)
2025-01-29 13:24:24,081 INFO c.h.h.t.HelmChartContainer - [hivemq-test-hivemq-platform] [hivemq-platform-operator] [efddf6ca] 13:24:24.080 [pool-6-thread-14] DEBUG c.h.p.o.dependants.PodInfoConfigMap - [helmmetr] Desired PodInfo ConfigMap (extension state hash: -1817474005)
2025-01-29 13:24:24,082 INFO c.h.h.t.HelmChartContainer - [hivemq-test-hivemq-platform] [hivemq-platform-operator] [efddf6ca] 13:24:24.081 [pool-6-thread-17] DEBUG c.h.p.o.d.PodServiceAccountResource - [helmmetr] Desired PodServiceAccountResource (serviceAccountName: hivemq-platform-pod-test-hivemq-platform)
2025-01-29 13:24:24,094 INFO c.h.h.t.HelmChartContainer - [hivemq-test-hivemq-platform] [hivemq-platform-operator] [efddf6ca] 13:24:24.090 [pool-6-thread-16] DEBUG c.h.p.o.d.StatefulSetResource - [helmmetr] Desired StatefulSet (1 replicas) for status STARTING (READY)
2025-01-29 13:24:24,167 INFO c.h.h.t.HelmChartContainer - [hivemq-test-hivemq-platform] [hivemq-platform-operator] [efddf6ca] 13:24:24.164 [ReconcilerExecutor-hivemq-controller-110] INFO  c.h.p.o.HiveMQPlatformReconciler - [helmmetr] Reconciling HiveMQ Platform 'test-hivemq-platform' in namespace 'helmmetricsserviceit'
2025-01-29 13:24:24,167 INFO c.h.h.t.HelmChartContainer - [hivemq-test-hivemq-platform] [hivemq-platform-operator] [efddf6ca] 13:24:24.164 [ReconcilerExecutor-hivemq-controller-110] DEBUG c.h.p.o.HiveMQPlatformReconciler - [helmmetr] Custom Resource Status STARTING - HiveMQ Platform is starting (READY)
2025-01-29 13:24:24,167 INFO c.h.h.t.HelmChartContainer - [hivemq-test-hivemq-platform] [hivemq-platform-operator] [efddf6ca] 13:24:24.164 [ReconcilerExecutor-hivemq-controller-110] DEBUG c.h.p.o.HiveMQPlatformReconciler - [helmmetr] Custom Resource Spec (replicas: 1) (extensions: 1)
2025-01-29 13:24:24,168 INFO c.h.h.t.HelmChartContainer - [hivemq-test-hivemq-platform] [hivemq-platform-operator] [efddf6ca] 13:24:24.166 [ReconcilerExecutor-hivemq-controller-110] DEBUG c.h.p.o.HiveMQPlatformReconciler - [helmmetr] StatefulSet Status (revision: test-hivemq-platform-69f859d85d, replicas: 1, available: 0, ready: 0, current: 1, updated: 1)
2025-01-29 13:24:24,168 INFO c.h.h.t.HelmChartContainer - [hivemq-test-hivemq-platform] [hivemq-platform-operator] [efddf6ca] 13:24:24.166 [ReconcilerExecutor-hivemq-controller-110] DEBUG c.h.p.o.HiveMQPlatformReconciler - [helmmetr] StatefulSet Spec (replicas: 1, init containers: 1, containers: 1, volumes: 3)
2025-01-29 13:24:24,169 INFO c.h.h.t.HelmChartContainer - [hivemq-test-hivemq-platform] [hivemq-platform-operator] [efddf6ca] 13:24:24.169 [ReconcilerExecutor-hivemq-controller-110] DEBUG c.h.p.o.h.HiveMQPlatformReconcilerErrorHandler - [helmmetr] Pod 'test-hivemq-platform-0' phase Running
2025-01-29 13:24:24,170 INFO c.h.h.t.HelmChartContainer - [hivemq-test-hivemq-platform] [hivemq-platform-operator] [efddf6ca] 13:24:24.169 [ReconcilerExecutor-hivemq-controller-110] INFO  c.h.p.o.h.HiveMQPlatformReconcilerBaseHandler - [helmmetr] HiveMQ Platform is starting, 0 of 1 replicas are ready
2025-01-29 13:24:24,187 INFO c.h.h.t.HelmChartContainer - [test-hivemq-platform] [hivemq] [d2de5e0d] INFO  - This node's ID is 70CtW
2025-01-29 13:24:24,187 INFO c.h.h.t.HelmChartContainer - [test-hivemq-platform] [hivemq] [d2de5e0d] INFO  - Clustering is enabled
2025-01-29 13:24:25,552 INFO c.h.h.t.HelmChartContainer - [test-hivemq-platform] [hivemq] [d2de5e0d] WARN  - [HiveMQ Platform Operator Init App 1.7.0-SNAPSHOT] Cannot connect to Health API for readiness: null
2025-01-29 13:24:25,556 INFO c.h.h.t.HelmChartContainer - [EVENT] Warning [Unhealthy] Readiness probe failed: HTTP probe failed with statuscode: 503 [helmmetricsserviceit:test-hivemq-platform-0]
2025-01-29 13:24:25,556 INFO c.h.h.t.HelmChartContainer - Received Unhealthy event for container hivemq in pod test-hivemq-platform-0 [d2de5e0d-30bc-4e4e-a8c0-01062d1196c1]
2025-01-29 13:24:27,948 INFO c.h.h.t.HelmChartContainer - [test-hivemq-platform] [hivemq] [d2de5e0d] Jan 29, 2025 1:24:27 PM io.vertx.core.impl.BlockedThreadChecker
2025-01-29 13:24:27,948 INFO c.h.h.t.HelmChartContainer - [test-hivemq-platform] [hivemq] [d2de5e0d] WARNING: Thread Thread[vert.x-eventloop-thread-1,5,main] has been blocked for 2001 ms, time limit is 2000 ms
2025-01-29 13:24:28,789 INFO c.h.h.t.HelmChartContainer - [test-hivemq-platform] [hivemq] [d2de5e0d] INFO  - [HiveMQ Platform Operator Init App 1.7.0-SNAPSHOT] Updating Pod HiveMQ Platform Operator Init App version annotation (version: 1.7.0-SNAPSHOT)
2025-01-29 13:24:29,760 INFO c.h.h.t.HelmChartContainer - [POD] test-hivemq-platform-0 [d2de5e0d-30bc-4e4e-a8c0-01062d1196c1] in helmmetricsserviceit was MODIFIED
2025-01-29 13:24:29,774 INFO c.h.h.t.HelmChartContainer - [hivemq-test-hivemq-platform] [hivemq-platform-operator] [efddf6ca] 13:24:29.770 [pool-6-thread-27] DEBUG c.h.p.o.d.PlatformServiceResource - [helmmetr] Desired Platform services (4 services)
2025-01-29 13:24:29,776 INFO c.h.h.t.HelmChartContainer - [hivemq-test-hivemq-platform] [hivemq-platform-operator] [efddf6ca] 13:24:29.774 [pool-6-thread-21] DEBUG c.h.p.o.d.PodServiceAccountResource - [helmmetr] Desired PodServiceAccountResource (serviceAccountName: hivemq-platform-pod-test-hivemq-platform)
2025-01-29 13:24:29,777 INFO c.h.h.t.HelmChartContainer - [hivemq-test-hivemq-platform] [hivemq-platform-operator] [efddf6ca] 13:24:29.774 [pool-6-thread-26] DEBUG c.h.p.o.dependants.PodInfoConfigMap - [helmmetr] Desired PodInfo ConfigMap (1 extensions) (1 enabled)
2025-01-29 13:24:29,777 INFO c.h.h.t.HelmChartContainer - [hivemq-test-hivemq-platform] [hivemq-platform-operator] [efddf6ca] 13:24:29.774 [pool-6-thread-26] DEBUG c.h.p.o.dependants.PodInfoConfigMap - [helmmetr] Desired PodInfo ConfigMap (metrics port: 9399) (metrics path: /)
2025-01-29 13:24:29,777 INFO c.h.h.t.HelmChartContainer - [hivemq-test-hivemq-platform] [hivemq-platform-operator] [efddf6ca] 13:24:29.774 [pool-6-thread-26] DEBUG c.h.p.o.dependants.PodInfoConfigMap - [helmmetr] Desired PodInfo ConfigMap (extension state hash: -1817474005)
2025-01-29 13:24:29,816 INFO c.h.h.t.HelmChartContainer - [hivemq-test-hivemq-platform] [hivemq-platform-operator] [efddf6ca] 13:24:29.815 [pool-6-thread-21] DEBUG c.h.p.o.d.StatefulSetResource - [helmmetr] Desired StatefulSet (1 replicas) for status STARTING (READY)
2025-01-29 13:24:29,853 INFO c.h.h.t.HelmChartContainer - [test-hivemq-platform] [hivemq] [d2de5e0d] WARN  - [HiveMQ Platform Operator Init App 1.7.0-SNAPSHOT] Cannot connect to Health API for readiness: null
2025-01-29 13:24:29,857 INFO c.h.h.t.HelmChartContainer - [test-hivemq-platform] [hivemq] [d2de5e0d] INFO  - [HiveMQ Platform Operator Init App 1.7.0-SNAPSHOT] Successfully updated Pod HiveMQ Platform Operator Init App version annotation (version: 1.7.0-SNAPSHOT)
2025-01-29 13:24:29,859 INFO c.h.h.t.HelmChartContainer - [EVENT] Warning [Unhealthy] Readiness probe failed: HTTP probe failed with statuscode: 503 [helmmetricsserviceit:test-hivemq-platform-0]
2025-01-29 13:24:29,859 INFO c.h.h.t.HelmChartContainer - Received Unhealthy event for container hivemq in pod test-hivemq-platform-0 [d2de5e0d-30bc-4e4e-a8c0-01062d1196c1]
2025-01-29 13:24:29,868 INFO c.h.h.t.HelmChartContainer - [hivemq-test-hivemq-platform] [hivemq-platform-operator] [efddf6ca] 13:24:29.864 [ReconcilerExecutor-hivemq-controller-111] INFO  c.h.p.o.HiveMQPlatformReconciler - [helmmetr] Reconciling HiveMQ Platform 'test-hivemq-platform' in namespace 'helmmetricsserviceit'
2025-01-29 13:24:29,870 INFO c.h.h.t.HelmChartContainer - [hivemq-test-hivemq-platform] [hivemq-platform-operator] [efddf6ca] 13:24:29.865 [ReconcilerExecutor-hivemq-controller-111] DEBUG c.h.p.o.HiveMQPlatformReconciler - [helmmetr] Custom Resource Status STARTING - HiveMQ Platform is starting (READY)
2025-01-29 13:24:29,871 INFO c.h.h.t.HelmChartContainer - [hivemq-test-hivemq-platform] [hivemq-platform-operator] [efddf6ca] 13:24:29.865 [ReconcilerExecutor-hivemq-controller-111] DEBUG c.h.p.o.HiveMQPlatformReconciler - [helmmetr] Custom Resource Spec (replicas: 1) (extensions: 1)
2025-01-29 13:24:29,871 INFO c.h.h.t.HelmChartContainer - [hivemq-test-hivemq-platform] [hivemq-platform-operator] [efddf6ca] 13:24:29.867 [ReconcilerExecutor-hivemq-controller-111] DEBUG c.h.p.o.HiveMQPlatformReconciler - [helmmetr] StatefulSet Status (revision: test-hivemq-platform-69f859d85d, replicas: 1, available: 0, ready: 0, current: 1, updated: 1)
2025-01-29 13:24:29,872 INFO c.h.h.t.HelmChartContainer - [hivemq-test-hivemq-platform] [hivemq-platform-operator] [efddf6ca] 13:24:29.867 [ReconcilerExecutor-hivemq-controller-111] DEBUG c.h.p.o.HiveMQPlatformReconciler - [helmmetr] StatefulSet Spec (replicas: 1, init containers: 1, containers: 1, volumes: 3)
2025-01-29 13:24:29,874 INFO c.h.h.t.HelmChartContainer - [hivemq-test-hivemq-platform] [hivemq-platform-operator] [efddf6ca] 13:24:29.868 [ReconcilerExecutor-hivemq-controller-111] DEBUG c.h.p.o.h.HiveMQPlatformReconcilerErrorHandler - [helmmetr] Pod 'test-hivemq-platform-0' phase Running
2025-01-29 13:24:29,874 INFO c.h.h.t.HelmChartContainer - [hivemq-test-hivemq-platform] [hivemq-platform-operator] [efddf6ca] 13:24:29.869 [ReconcilerExecutor-hivemq-controller-111] INFO  c.h.p.o.h.HiveMQPlatformReconcilerBaseHandler - [helmmetr] HiveMQ Platform is starting, 0 of 1 replicas are ready
2025-01-29 13:24:34,751 INFO c.h.h.t.HelmChartContainer - [K3S] [INFO] COMPACT compactRev=0 targetCompactRev=2 currentRev=1136
2025-01-29 13:24:34,752 INFO c.h.h.t.HelmChartContainer - [K3S] [INFO] COMPACT deleted 0 rows from 2 revisions in 647.782µs - compacted to 2/1136
2025-01-29 13:24:34,752 INFO c.h.h.t.HelmChartContainer - [K3S] [INFO] COMPACT compacted from 0 to 2 in 1 transactions over 1ms
2025-01-29 13:24:34,788 INFO c.h.h.t.HelmChartContainer - [test-hivemq-platform] [hivemq] [d2de5e0d] WARN  - [HiveMQ Platform Operator Init App 1.7.0-SNAPSHOT] Cannot connect to Health API for readiness: null
2025-01-29 13:24:34,794 INFO c.h.h.t.HelmChartContainer - [EVENT] Warning [Unhealthy] Readiness probe failed: HTTP probe failed with statuscode: 503 [helmmetricsserviceit:test-hivemq-platform-0]
2025-01-29 13:24:34,794 INFO c.h.h.t.HelmChartContainer - Received Unhealthy event for container hivemq in pod test-hivemq-platform-0 [d2de5e0d-30bc-4e4e-a8c0-01062d1196c1]
2025-01-29 13:24:37,529 INFO c.h.h.t.HelmChartContainer - [K3S] [info.go:53] Couldn't collect info from any of the files in "/etc/machine-id,/var/lib/dbus/machine-id"
2025-01-29 13:24:39,790 INFO c.h.h.t.HelmChartContainer - [test-hivemq-platform] [hivemq] [d2de5e0d] WARN  - [HiveMQ Platform Operator Init App 1.7.0-SNAPSHOT] Cannot connect to Health API for readiness: null
2025-01-29 13:24:39,796 INFO c.h.h.t.HelmChartContainer - [EVENT] Warning [Unhealthy] Readiness probe failed: HTTP probe failed with statuscode: 503 [helmmetricsserviceit:test-hivemq-platform-0]
2025-01-29 13:24:39,796 INFO c.h.h.t.HelmChartContainer - Received Unhealthy event for container hivemq in pod test-hivemq-platform-0 [d2de5e0d-30bc-4e4e-a8c0-01062d1196c1]
2025-01-29 13:24:39,874 INFO c.h.h.t.HelmChartContainer - [hivemq-test-hivemq-platform] [hivemq-platform-operator] [efddf6ca] 13:24:39.872 [pool-6-thread-35] DEBUG c.h.p.o.d.PlatformServiceResource - [helmmetr] Desired Platform services (4 services)
2025-01-29 13:24:39,875 INFO c.h.h.t.HelmChartContainer - [hivemq-test-hivemq-platform] [hivemq-platform-operator] [efddf6ca] 13:24:39.873 [pool-6-thread-36] DEBUG c.h.p.o.dependants.PodInfoConfigMap - [helmmetr] Desired PodInfo ConfigMap (1 extensions) (1 enabled)
2025-01-29 13:24:39,875 INFO c.h.h.t.HelmChartContainer - [hivemq-test-hivemq-platform] [hivemq-platform-operator] [efddf6ca] 13:24:39.873 [pool-6-thread-36] DEBUG c.h.p.o.dependants.PodInfoConfigMap - [helmmetr] Desired PodInfo ConfigMap (metrics port: 9399) (metrics path: /)
2025-01-29 13:24:39,875 INFO c.h.h.t.HelmChartContainer - [hivemq-test-hivemq-platform] [hivemq-platform-operator] [efddf6ca] 13:24:39.873 [pool-6-thread-36] DEBUG c.h.p.o.dependants.PodInfoConfigMap - [helmmetr] Desired PodInfo ConfigMap (extension state hash: -1817474005)
2025-01-29 13:24:39,877 INFO c.h.h.t.HelmChartContainer - [hivemq-test-hivemq-platform] [hivemq-platform-operator] [efddf6ca] 13:24:39.876 [pool-6-thread-34] DEBUG c.h.p.o.d.PodServiceAccountResource - [helmmetr] Desired PodServiceAccountResource (serviceAccountName: hivemq-platform-pod-test-hivemq-platform)
2025-01-29 13:24:39,880 INFO c.h.h.t.HelmChartContainer - [hivemq-test-hivemq-platform] [hivemq-platform-operator] [efddf6ca] 13:24:39.879 [pool-6-thread-35] DEBUG c.h.p.o.d.StatefulSetResource - [helmmetr] Desired StatefulSet (1 replicas) for status STARTING (READY)
2025-01-29 13:24:39,883 INFO c.h.h.t.HelmChartContainer - [hivemq-test-hivemq-platform] [hivemq-platform-operator] [efddf6ca] 13:24:39.882 [ReconcilerExecutor-hivemq-controller-112] INFO  c.h.p.o.HiveMQPlatformReconciler - [helmmetr] Reconciling HiveMQ Platform 'test-hivemq-platform' in namespace 'helmmetricsserviceit'
2025-01-29 13:24:39,884 INFO c.h.h.t.HelmChartContainer - [hivemq-test-hivemq-platform] [hivemq-platform-operator] [efddf6ca] 13:24:39.882 [ReconcilerExecutor-hivemq-controller-112] DEBUG c.h.p.o.HiveMQPlatformReconciler - [helmmetr] Custom Resource Status STARTING - HiveMQ Platform is starting (READY)
2025-01-29 13:24:39,884 INFO c.h.h.t.HelmChartContainer - [hivemq-test-hivemq-platform] [hivemq-platform-operator] [efddf6ca] 13:24:39.883 [ReconcilerExecutor-hivemq-controller-112] DEBUG c.h.p.o.HiveMQPlatformReconciler - [helmmetr] Custom Resource Spec (replicas: 1) (extensions: 1)
2025-01-29 13:24:39,887 INFO c.h.h.t.HelmChartContainer - [hivemq-test-hivemq-platform] [hivemq-platform-operator] [efddf6ca] 13:24:39.884 [ReconcilerExecutor-hivemq-controller-112] DEBUG c.h.p.o.HiveMQPlatformReconciler - [helmmetr] StatefulSet Status (revision: test-hivemq-platform-69f859d85d, replicas: 1, available: 0, ready: 0, current: 1, updated: 1)
2025-01-29 13:24:39,887 INFO c.h.h.t.HelmChartContainer - [hivemq-test-hivemq-platform] [hivemq-platform-operator] [efddf6ca] 13:24:39.884 [ReconcilerExecutor-hivemq-controller-112] DEBUG c.h.p.o.HiveMQPlatformReconciler - [helmmetr] StatefulSet Spec (replicas: 1, init containers: 1, containers: 1, volumes: 3)
2025-01-29 13:24:39,889 INFO c.h.h.t.HelmChartContainer - [hivemq-test-hivemq-platform] [hivemq-platform-operator] [efddf6ca] 13:24:39.888 [ReconcilerExecutor-hivemq-controller-112] DEBUG c.h.p.o.h.HiveMQPlatformReconcilerErrorHandler - [helmmetr] Pod 'test-hivemq-platform-0' phase Running
2025-01-29 13:24:39,890 INFO c.h.h.t.HelmChartContainer - [hivemq-test-hivemq-platform] [hivemq-platform-operator] [efddf6ca] 13:24:39.889 [ReconcilerExecutor-hivemq-controller-112] INFO  c.h.p.o.h.HiveMQPlatformReconcilerBaseHandler - [helmmetr] HiveMQ Platform is starting, 0 of 1 replicas are ready
2025-01-29 13:24:39,987 INFO c.h.h.t.HelmChartContainer - [test-hivemq-platform] [hivemq] [d2de5e0d] WARN  - [HiveMQ Platform Operator Init App 1.7.0-SNAPSHOT] Cannot connect to Health API for liveness: null
2025-01-29 13:24:39,987 INFO c.h.h.t.HelmChartContainer - [test-hivemq-platform] [hivemq] [d2de5e0d] INFO  - [HiveMQ Platform Operator Init App 1.7.0-SNAPSHOT] Returning default Health API response 200 for liveness
2025-01-29 13:24:41,591 INFO c.h.h.t.HelmChartContainer - [test-hivemq-platform] [hivemq] [d2de5e0d] INFO  - No valid license file found. Using trial license, restricted to 25 connections.
2025-01-29 13:24:44,796 INFO c.h.h.t.HelmChartContainer - [test-hivemq-platform] [hivemq] [d2de5e0d] WARN  - [HiveMQ Platform Operator Init App 1.7.0-SNAPSHOT] Cannot connect to Health API for readiness: null
2025-01-29 13:24:44,797 INFO c.h.h.t.HelmChartContainer - [EVENT] Warning [Unhealthy] Readiness probe failed: HTTP probe failed with statuscode: 503 [helmmetricsserviceit:test-hivemq-platform-0]
2025-01-29 13:24:44,797 INFO c.h.h.t.HelmChartContainer - Received Unhealthy event for container hivemq in pod test-hivemq-platform-0 [d2de5e0d-30bc-4e4e-a8c0-01062d1196c1]
2025-01-29 13:24:45,590 INFO c.h.h.t.HelmChartContainer - [test-hivemq-platform] [hivemq] [d2de5e0d] INFO  - No valid license file for Data Hub found. Using free license, restricted to 1 policy.
2025-01-29 13:24:46,803 INFO c.h.h.t.HelmChartContainer - [test-hivemq-platform] [hivemq] [d2de5e0d] INFO  - Audit Logger started.
2025-01-29 13:24:47,104 INFO c.h.h.t.HelmChartContainer - [test-hivemq-platform] [hivemq] [d2de5e0d] INFO  - This node uses '1' CPU cores.
2025-01-29 13:24:47,109 INFO c.h.h.t.HelmChartContainer - [test-hivemq-platform] [hivemq] [d2de5e0d] INFO  - Starting HiveMQ Health API on address 0.0.0.0 and port 8889
2025-01-29 13:24:47,991 INFO c.h.h.t.HelmChartContainer - [test-hivemq-platform] [hivemq] [d2de5e0d] INFO  - Started HiveMQ Health API in 880ms
2025-01-29 13:24:48,892 INFO c.h.h.t.HelmChartContainer - [test-hivemq-platform] [hivemq] [d2de5e0d] INFO  - Starting HiveMQ extension system.
2025-01-29 13:24:49,152 INFO c.h.h.t.HelmChartContainer - [test-hivemq-platform] [hivemq] [d2de5e0d] INFO  - Starting extension with id "hivemq-dns-cluster-discovery" at /opt/hivemq/extensions/hivemq-dns-cluster-discovery
2025-01-29 13:24:49,651 INFO c.h.h.t.HelmChartContainer - [test-hivemq-platform] [hivemq] [d2de5e0d] INFO  - Extension "DNS Cluster Discovery Extension" version 4.3.2 started successfully.
2025-01-29 13:24:49,652 INFO c.h.h.t.HelmChartContainer - [test-hivemq-platform] [hivemq] [d2de5e0d] INFO  - Starting extension with id "hivemq-prometheus-extension" at /opt/hivemq/extensions/hivemq-prometheus-extension
2025-01-29 13:24:49,849 INFO c.h.h.t.HelmChartContainer - [test-hivemq-platform] [hivemq] [d2de5e0d] INFO  - Using TCP cluster transport on address 10.42.0.10 and port 7000
2025-01-29 13:24:49,889 INFO c.h.h.t.HelmChartContainer - [test-hivemq-platform] [hivemq] [d2de5e0d] INFO  - Using extension cluster discovery
2025-01-29 13:24:49,925 INFO c.h.h.t.HelmChartContainer - [hivemq-test-hivemq-platform] [hivemq-platform-operator] [efddf6ca] 13:24:49.918 [pool-6-thread-47] DEBUG c.h.p.o.d.PlatformServiceResource - [helmmetr] Desired Platform services (4 services)
2025-01-29 13:24:49,925 INFO c.h.h.t.HelmChartContainer - [hivemq-test-hivemq-platform] [hivemq-platform-operator] [efddf6ca] 13:24:49.919 [pool-6-thread-45] DEBUG c.h.p.o.d.PodServiceAccountResource - [helmmetr] Desired PodServiceAccountResource (serviceAccountName: hivemq-platform-pod-test-hivemq-platform)
2025-01-29 13:24:49,925 INFO c.h.h.t.HelmChartContainer - [hivemq-test-hivemq-platform] [hivemq-platform-operator] [efddf6ca] 13:24:49.920 [pool-6-thread-46] DEBUG c.h.p.o.dependants.PodInfoConfigMap - [helmmetr] Desired PodInfo ConfigMap (1 extensions) (1 enabled)
2025-01-29 13:24:49,925 INFO c.h.h.t.HelmChartContainer - [hivemq-test-hivemq-platform] [hivemq-platform-operator] [efddf6ca] 13:24:49.922 [pool-6-thread-46] DEBUG c.h.p.o.dependants.PodInfoConfigMap - [helmmetr] Desired PodInfo ConfigMap (metrics port: 9399) (metrics path: /)
2025-01-29 13:24:49,925 INFO c.h.h.t.HelmChartContainer - [hivemq-test-hivemq-platform] [hivemq-platform-operator] [efddf6ca] 13:24:49.922 [pool-6-thread-46] DEBUG c.h.p.o.dependants.PodInfoConfigMap - [helmmetr] Desired PodInfo ConfigMap (extension state hash: -1817474005)
2025-01-29 13:24:49,933 INFO c.h.h.t.HelmChartContainer - [hivemq-test-hivemq-platform] [hivemq-platform-operator] [efddf6ca] 13:24:49.932 [pool-6-thread-47] DEBUG c.h.p.o.d.StatefulSetResource - [helmmetr] Desired StatefulSet (1 replicas) for status STARTING (READY)
2025-01-29 13:24:50,023 INFO c.h.h.t.HelmChartContainer - [hivemq-test-hivemq-platform] [hivemq-platform-operator] [efddf6ca] 13:24:50.020 [ReconcilerExecutor-hivemq-controller-113] INFO  c.h.p.o.HiveMQPlatformReconciler - [helmmetr] Reconciling HiveMQ Platform 'test-hivemq-platform' in namespace 'helmmetricsserviceit'
2025-01-29 13:24:50,023 INFO c.h.h.t.HelmChartContainer - [hivemq-test-hivemq-platform] [hivemq-platform-operator] [efddf6ca] 13:24:50.020 [ReconcilerExecutor-hivemq-controller-113] DEBUG c.h.p.o.HiveMQPlatformReconciler - [helmmetr] Custom Resource Status STARTING - HiveMQ Platform is starting (READY)
2025-01-29 13:24:50,023 INFO c.h.h.t.HelmChartContainer - [hivemq-test-hivemq-platform] [hivemq-platform-operator] [efddf6ca] 13:24:50.020 [ReconcilerExecutor-hivemq-controller-113] DEBUG c.h.p.o.HiveMQPlatformReconciler - [helmmetr] Custom Resource Spec (replicas: 1) (extensions: 1)
2025-01-29 13:24:50,024 INFO c.h.h.t.HelmChartContainer - [hivemq-test-hivemq-platform] [hivemq-platform-operator] [efddf6ca] 13:24:50.023 [ReconcilerExecutor-hivemq-controller-113] DEBUG c.h.p.o.HiveMQPlatformReconciler - [helmmetr] StatefulSet Status (revision: test-hivemq-platform-69f859d85d, replicas: 1, available: 0, ready: 0, current: 1, updated: 1)
2025-01-29 13:24:50,025 INFO c.h.h.t.HelmChartContainer - [hivemq-test-hivemq-platform] [hivemq-platform-operator] [efddf6ca] 13:24:50.023 [ReconcilerExecutor-hivemq-controller-113] DEBUG c.h.p.o.HiveMQPlatformReconciler - [helmmetr] StatefulSet Spec (replicas: 1, init containers: 1, containers: 1, volumes: 3)
2025-01-29 13:24:50,026 INFO c.h.h.t.HelmChartContainer - [hivemq-test-hivemq-platform] [hivemq-platform-operator] [efddf6ca] 13:24:50.025 [ReconcilerExecutor-hivemq-controller-113] DEBUG c.h.p.o.h.HiveMQPlatformReconcilerErrorHandler - [helmmetr] Pod 'test-hivemq-platform-0' phase Running
2025-01-29 13:24:50,027 INFO c.h.h.t.HelmChartContainer - [hivemq-test-hivemq-platform] [hivemq-platform-operator] [efddf6ca] 13:24:50.026 [ReconcilerExecutor-hivemq-controller-113] INFO  c.h.p.o.h.HiveMQPlatformReconcilerBaseHandler - [helmmetr] HiveMQ Platform is starting, 0 of 1 replicas are ready
2025-01-29 13:24:50,804 INFO c.h.h.t.HelmChartContainer - [EVENT] Warning [Unhealthy] Readiness probe failed: Get "http://10.42.0.10:7979/readiness": context deadline exceeded (Client.Timeout exceeded while awaiting headers) [helmmetricsserviceit:test-hivemq-platform-0]
2025-01-29 13:24:50,804 INFO c.h.h.t.HelmChartContainer - Received Unhealthy event for container hivemq in pod test-hivemq-platform-0 [d2de5e0d-30bc-4e4e-a8c0-01062d1196c1]
2025-01-29 13:24:50,994 INFO c.h.h.t.HelmChartContainer - [test-hivemq-platform] [hivemq] [d2de5e0d] INFO  - Started Jetty Server exposing Prometheus Servlet on URI http://0.0.0.0:9399/
2025-01-29 13:24:50,994 INFO c.h.h.t.HelmChartContainer - [test-hivemq-platform] [hivemq] [d2de5e0d] INFO  - Extension "Prometheus Monitoring Extension" version 4.0.12 started successfully.
2025-01-29 13:24:50,994 INFO c.h.h.t.HelmChartContainer - [test-hivemq-platform] [hivemq] [d2de5e0d] INFO  - Starting extension with id "hivemq-allow-all-extension" at /opt/hivemq/extensions/hivemq-allow-all-extension
2025-01-29 13:24:50,994 INFO c.h.h.t.HelmChartContainer - [test-hivemq-platform] [hivemq] [d2de5e0d] WARN  - 
2025-01-29 13:24:50,994 INFO c.h.h.t.HelmChartContainer - [test-hivemq-platform] [hivemq] [d2de5e0d] ################################################################################################################
2025-01-29 13:24:50,994 INFO c.h.h.t.HelmChartContainer - [test-hivemq-platform] [hivemq] [d2de5e0d] # This HiveMQ deployment is not secure! You are lacking Authentication and Authorization.                      #
2025-01-29 13:24:50,994 INFO c.h.h.t.HelmChartContainer - [test-hivemq-platform] [hivemq] [d2de5e0d] # Right now any MQTT client can connect to the broker with a full set of permissions.                          #
2025-01-29 13:24:50,994 INFO c.h.h.t.HelmChartContainer - [test-hivemq-platform] [hivemq] [d2de5e0d] # For production usage, add an appropriate security extension and remove the hivemq-allow-all extension.       #
2025-01-29 13:24:50,994 INFO c.h.h.t.HelmChartContainer - [test-hivemq-platform] [hivemq] [d2de5e0d] # You can download security extensions from the HiveMQ Marketplace (https://www.hivemq.com/extensions/).       #
2025-01-29 13:24:50,994 INFO c.h.h.t.HelmChartContainer - [test-hivemq-platform] [hivemq] [d2de5e0d] ################################################################################################################
2025-01-29 13:24:50,994 INFO c.h.h.t.HelmChartContainer - [test-hivemq-platform] [hivemq] [d2de5e0d] INFO  - Extension "Allow All Extension" version 1.1.1 started successfully.
2025-01-29 13:24:51,246 INFO c.h.h.t.HelmChartContainer - [test-hivemq-platform] [hivemq] [d2de5e0d] INFO  - [HiveMQ Platform Operator Init App 1.7.0-SNAPSHOT] Returning Health API response 503 for readiness
2025-01-29 13:24:53,088 INFO c.h.h.t.HelmChartContainer - [test-hivemq-platform] [hivemq] [d2de5e0d] INFO  - 70CtW: no members discovered after 2241 ms: creating cluster as first member
2025-01-29 13:24:53,094 INFO c.h.h.t.HelmChartContainer - [test-hivemq-platform] [hivemq] [d2de5e0d] INFO  - Cluster nodes found by discovery: [70CtW|0] (1) [70CtW].
2025-01-29 13:24:53,114 INFO c.h.h.t.HelmChartContainer - [test-hivemq-platform] [hivemq] [d2de5e0d] INFO  - Starting HiveMQ REST API on address 0.0.0.0 and port 8890
2025-01-29 13:24:53,600 INFO c.h.h.t.HelmChartContainer - [test-hivemq-platform] [hivemq] [d2de5e0d] INFO  - Started HiveMQ REST API in 484ms
2025-01-29 13:24:53,600 INFO c.h.h.t.HelmChartContainer - [test-hivemq-platform] [hivemq] [d2de5e0d] WARN  - No user for HiveMQ Control Center configured. Starting with default user
2025-01-29 13:24:53,601 INFO c.h.h.t.HelmChartContainer - [test-hivemq-platform] [hivemq] [d2de5e0d] INFO  - Starting HiveMQ Control Center on address 0.0.0.0 and port 8081
2025-01-29 13:24:53,604 INFO c.h.h.t.HelmChartContainer - [test-hivemq-platform] [hivemq] [d2de5e0d] INFO  - Mounting HiveMQ Control Center V2 Preview
2025-01-29 13:24:54,300 INFO c.h.h.t.HelmChartContainer - [test-hivemq-platform] [hivemq] [d2de5e0d] INFO  - Started HiveMQ Control Center in 701ms
2025-01-29 13:24:54,392 INFO c.h.h.t.HelmChartContainer - [test-hivemq-platform] [hivemq] [d2de5e0d] INFO  - Starting TCP listener on address 0.0.0.0 and port 1883
2025-01-29 13:24:54,407 INFO c.h.h.t.HelmChartContainer - [test-hivemq-platform] [hivemq] [d2de5e0d] INFO  - Started TCP Listener on address 0.0.0.0 and on port 1883.
2025-01-29 13:24:54,407 INFO c.h.h.t.HelmChartContainer - [test-hivemq-platform] [hivemq] [d2de5e0d] INFO  - Started HiveMQ in 32918ms
2025-01-29 13:24:54,766 INFO c.h.h.t.HelmChartContainer - [test-hivemq-platform] [hivemq] [d2de5e0d] INFO  - [HiveMQ Platform Operator Init App 1.7.0-SNAPSHOT] Returning Health API response 200 for readiness
2025-01-29 13:24:54,777 INFO c.h.h.t.HelmChartContainer - [POD] test-hivemq-platform-0 [d2de5e0d-30bc-4e4e-a8c0-01062d1196c1] in helmmetricsserviceit was MODIFIED
2025-01-29 13:24:54,789 INFO c.h.h.t.HelmChartContainer - [hivemq-test-hivemq-platform] [hivemq-platform-operator] [efddf6ca] 13:24:54.787 [pool-6-thread-3] DEBUG c.h.p.o.d.PlatformServiceResource - [helmmetr] Desired Platform services (4 services)
2025-01-29 13:24:54,793 INFO c.h.h.t.HelmChartContainer - [hivemq-test-hivemq-platform] [hivemq-platform-operator] [efddf6ca] 13:24:54.791 [pool-6-thread-4] DEBUG c.h.p.o.d.PodServiceAccountResource - [helmmetr] Desired PodServiceAccountResource (serviceAccountName: hivemq-platform-pod-test-hivemq-platform)
2025-01-29 13:24:54,806 INFO c.h.h.t.HelmChartContainer - [hivemq-test-hivemq-platform] [hivemq-platform-operator] [efddf6ca] 13:24:54.792 [pool-6-thread-5] DEBUG c.h.p.o.dependants.PodInfoConfigMap - [helmmetr] Desired PodInfo ConfigMap (1 extensions) (1 enabled)
2025-01-29 13:24:54,806 INFO c.h.h.t.HelmChartContainer - [hivemq-test-hivemq-platform] [hivemq-platform-operator] [efddf6ca] 13:24:54.805 [pool-6-thread-5] DEBUG c.h.p.o.dependants.PodInfoConfigMap - [helmmetr] Desired PodInfo ConfigMap (metrics port: 9399) (metrics path: /)
2025-01-29 13:24:54,806 INFO c.h.h.t.HelmChartContainer - [hivemq-test-hivemq-platform] [hivemq-platform-operator] [efddf6ca] 13:24:54.805 [pool-6-thread-5] DEBUG c.h.p.o.dependants.PodInfoConfigMap - [helmmetr] Desired PodInfo ConfigMap (extension state hash: -1817474005)
2025-01-29 13:24:54,866 INFO c.h.h.t.HelmChartContainer - [hivemq-test-hivemq-platform] [hivemq-platform-operator] [efddf6ca] 13:24:54.864 [pool-6-thread-5] DEBUG c.h.p.o.d.StatefulSetResource - [helmmetr] Desired StatefulSet (1 replicas) for status STARTING (READY)
2025-01-29 13:24:54,869 INFO c.h.h.t.HelmChartContainer - [hivemq-test-hivemq-platform] [hivemq-platform-operator] [efddf6ca] 13:24:54.868 [ReconcilerExecutor-hivemq-controller-114] INFO  c.h.p.o.HiveMQPlatformReconciler - [helmmetr] Reconciling HiveMQ Platform 'test-hivemq-platform' in namespace 'helmmetricsserviceit'
2025-01-29 13:24:54,871 INFO c.h.h.t.HelmChartContainer - [hivemq-test-hivemq-platform] [hivemq-platform-operator] [efddf6ca] 13:24:54.868 [ReconcilerExecutor-hivemq-controller-114] DEBUG c.h.p.o.HiveMQPlatformReconciler - [helmmetr] Custom Resource Status STARTING - HiveMQ Platform is starting (READY)
2025-01-29 13:24:54,871 INFO c.h.h.t.HelmChartContainer - [hivemq-test-hivemq-platform] [hivemq-platform-operator] [efddf6ca] 13:24:54.868 [ReconcilerExecutor-hivemq-controller-114] DEBUG c.h.p.o.HiveMQPlatformReconciler - [helmmetr] Custom Resource Spec (replicas: 1) (extensions: 1)
2025-01-29 13:24:54,871 INFO c.h.h.t.HelmChartContainer - [hivemq-test-hivemq-platform] [hivemq-platform-operator] [efddf6ca] 13:24:54.870 [ReconcilerExecutor-hivemq-controller-114] DEBUG c.h.p.o.HiveMQPlatformReconciler - [helmmetr] StatefulSet Status (revision: test-hivemq-platform-69f859d85d, replicas: 1, available: 1, ready: 1, current: 1, updated: 1)
2025-01-29 13:24:54,872 INFO c.h.h.t.HelmChartContainer - [hivemq-test-hivemq-platform] [hivemq-platform-operator] [efddf6ca] 13:24:54.870 [ReconcilerExecutor-hivemq-controller-114] DEBUG c.h.p.o.HiveMQPlatformReconciler - [helmmetr] StatefulSet Spec (replicas: 1, init containers: 1, containers: 1, volumes: 3)
2025-01-29 13:24:54,873 INFO c.h.h.t.HelmChartContainer - [hivemq-test-hivemq-platform] [hivemq-platform-operator] [efddf6ca] 13:24:54.872 [ReconcilerExecutor-hivemq-controller-114] DEBUG c.h.p.o.h.HiveMQPlatformReconcilerErrorHandler - [helmmetr] Pod 'test-hivemq-platform-0' phase Running
2025-01-29 13:24:54,874 INFO c.h.h.t.HelmChartContainer - [hivemq-test-hivemq-platform] [hivemq-platform-operator] [efddf6ca] 13:24:54.873 [ReconcilerExecutor-hivemq-controller-114] INFO  c.h.p.o.h.HiveMQPlatformReconcilerBaseHandler - [helmmetr] HiveMQ Platform started successfully
2025-01-29 13:24:54,971 INFO c.h.h.t.HelmChartContainer - [hivemq-test-hivemq-platform] [hivemq-platform-operator] [efddf6ca] 13:24:54.971 [ReconcilerExecutor-hivemq-controller-114] DEBUG c.h.p.operator.event.EventSender - [helmmetr] Creating K8s event hivemq-platform-ready: [Ready] HiveMQ Platform is ready
2025-01-29 13:24:54,976 INFO c.h.h.t.HelmChartContainer - [EVENT] Normal [Ready] HiveMQ Platform is ready [helmmetricsserviceit:test-hivemq-platform]
2025-01-29 13:24:54,977 INFO c.h.h.t.HelmChartContainer - [hivemq-test-hivemq-platform] [hivemq-platform-operator] [efddf6ca] 13:24:54.976 [ReconcilerExecutor-hivemq-controller-114] INFO  c.h.p.o.h.AbstractHiveMQReconcilerStateHandler - [helmmetr] Update HiveMQ Platform Status (STARTING [READY] -> RUNNING [READY]): HiveMQ Platform is ready
2025-01-29 13:24:54,986 DEBUG com.hivemq.helmcharts.util.K8sUtil - Comparing actual state 'RUNNING' and waiting for 'RUNNING'
2025-01-29 13:24:55,071 INFO c.h.h.t.HelmChartContainer - [hivemq-test-hivemq-platform] [hivemq-platform-operator] [efddf6ca] 13:24:55.066 [pool-6-thread-15] DEBUG c.h.p.o.d.PlatformServiceResource - [helmmetr] Desired Platform services (4 services)
2025-01-29 13:24:55,075 INFO c.h.h.t.HelmChartContainer - [hivemq-test-hivemq-platform] [hivemq-platform-operator] [efddf6ca] 13:24:55.074 [pool-6-thread-11] DEBUG c.h.p.o.d.PodServiceAccountResource - [helmmetr] Desired PodServiceAccountResource (serviceAccountName: hivemq-platform-pod-test-hivemq-platform)
2025-01-29 13:24:55,075 INFO c.h.h.t.HelmChartContainer - [hivemq-test-hivemq-platform] [hivemq-platform-operator] [efddf6ca] 13:24:55.069 [pool-6-thread-14] DEBUG c.h.p.o.dependants.PodInfoConfigMap - [helmmetr] Desired PodInfo ConfigMap (1 extensions) (1 enabled)
2025-01-29 13:24:55,075 INFO c.h.h.t.HelmChartContainer - [hivemq-test-hivemq-platform] [hivemq-platform-operator] [efddf6ca] 13:24:55.074 [pool-6-thread-14] DEBUG c.h.p.o.dependants.PodInfoConfigMap - [helmmetr] Desired PodInfo ConfigMap (metrics port: 9399) (metrics path: /)
2025-01-29 13:24:55,075 INFO c.h.h.t.HelmChartContainer - [hivemq-test-hivemq-platform] [hivemq-platform-operator] [efddf6ca] 13:24:55.074 [pool-6-thread-14] DEBUG c.h.p.o.dependants.PodInfoConfigMap - [helmmetr] Desired PodInfo ConfigMap (extension state hash: -1817474005)
2025-01-29 13:24:55,077 INFO c.h.h.t.HelmChartContainer - [hivemq-test-hivemq-platform] [hivemq-platform-operator] [efddf6ca] 13:24:55.075 [pool-6-thread-14] DEBUG c.h.p.o.dependants.PodInfoConfigMap - [helmmetr] Update PodInfo ConfigMap
2025-01-29 13:24:55,165 INFO c.h.h.t.HelmChartContainer - [hivemq-test-hivemq-platform] [hivemq-platform-operator] [efddf6ca] 13:24:55.094 [pool-6-thread-14] DEBUG c.h.p.o.d.StatefulSetResource - [helmmetr] Desired StatefulSet (1 replicas) for status RUNNING (READY)
2025-01-29 13:24:55,174 INFO c.h.h.t.HelmChartContainer - [hivemq-test-hivemq-platform] [hivemq-platform-operator] [efddf6ca] 13:24:55.172 [ReconcilerExecutor-hivemq-controller-115] INFO  c.h.p.o.HiveMQPlatformReconciler - [helmmetr] Reconciling HiveMQ Platform 'test-hivemq-platform' in namespace 'helmmetricsserviceit'
2025-01-29 13:24:55,177 INFO c.h.h.t.HelmChartContainer - [hivemq-test-hivemq-platform] [hivemq-platform-operator] [efddf6ca] 13:24:55.172 [ReconcilerExecutor-hivemq-controller-115] DEBUG c.h.p.o.HiveMQPlatformReconciler - [helmmetr] Custom Resource Status RUNNING - HiveMQ Platform is ready (READY)
2025-01-29 13:24:55,177 INFO c.h.h.t.HelmChartContainer - [hivemq-test-hivemq-platform] [hivemq-platform-operator] [efddf6ca] 13:24:55.172 [ReconcilerExecutor-hivemq-controller-115] DEBUG c.h.p.o.HiveMQPlatformReconciler - [helmmetr] Custom Resource Spec (replicas: 1) (extensions: 1)
2025-01-29 13:24:55,177 INFO c.h.h.t.HelmChartContainer - [hivemq-test-hivemq-platform] [hivemq-platform-operator] [efddf6ca] 13:24:55.174 [ReconcilerExecutor-hivemq-controller-115] DEBUG c.h.p.o.HiveMQPlatformReconciler - [helmmetr] StatefulSet Status (revision: test-hivemq-platform-69f859d85d, replicas: 1, available: 1, ready: 1, current: 1, updated: 1)
2025-01-29 13:24:55,177 INFO c.h.h.t.HelmChartContainer - [hivemq-test-hivemq-platform] [hivemq-platform-operator] [efddf6ca] 13:24:55.174 [ReconcilerExecutor-hivemq-controller-115] DEBUG c.h.p.o.HiveMQPlatformReconciler - [helmmetr] StatefulSet Spec (replicas: 1, init containers: 1, containers: 1, volumes: 3)
2025-01-29 13:24:55,177 INFO c.h.h.t.HelmChartContainer - [hivemq-test-hivemq-platform] [hivemq-platform-operator] [efddf6ca] 13:24:55.176 [ReconcilerExecutor-hivemq-controller-115] DEBUG c.h.p.o.h.HiveMQPlatformReconcilerErrorHandler - [helmmetr] Pod 'test-hivemq-platform-0' phase Running
2025-01-29 13:24:58,130 INFO c.h.helmcharts.util.MonitoringUtil - Asserting Prometheus subscribes metrics...
2025-01-29 13:24:58,913 INFO c.h.helmcharts.util.MonitoringUtil - Asserted subscribes metrics (782 ms)
2025-01-29 13:24:58,913 INFO c.h.helmcharts.util.MonitoringUtil - Asserting Prometheus publishes metrics...
2025-01-29 13:24:59,261 INFO c.h.helmcharts.util.MonitoringUtil - Asserted publishes metrics (347 ms)
2025-01-29 13:24:59,262 INFO c.h.h.t.HelmChartContainer - Uninstalling release 'test-hivemq-platform' in namespace 'helmmetricsserviceit'...
2025-01-29 13:24:59,262 DEBUG c.h.h.t.HelmChartContainer - Executing helm command: /bin/helm --kubeconfig /etc/rancher/k3s/k3s.yaml uninstall test-hivemq-platform  --wait --timeout 5m0s --cascade foreground --namespace helmmetricsserviceit
2025-01-29 13:24:59,264 INFO c.h.h.t.HelmChartContainer - [K3S] [upgradeaware.go:427] Error proxying data from client to backend: remote error: tls: user canceled
2025-01-29 13:24:59,473 INFO c.h.h.t.HelmChartContainer - [hivemq-test-hivemq-platform] [hivemq-platform-operator] [efddf6ca] 13:24:59.465 [pool-6-thread-24] DEBUG c.h.p.o.dependants.PodInfoConfigMap - [helmmetr] Desired PodInfo ConfigMap (1 extensions) (1 enabled)
2025-01-29 13:24:59,476 INFO c.h.h.t.HelmChartContainer - [hivemq-test-hivemq-platform] [hivemq-platform-operator] [efddf6ca] 13:24:59.465 [pool-6-thread-24] DEBUG c.h.p.o.dependants.PodInfoConfigMap - [helmmetr] Desired PodInfo ConfigMap (metrics port: 9399) (metrics path: /)
2025-01-29 13:24:59,476 INFO c.h.h.t.HelmChartContainer - [hivemq-test-hivemq-platform] [hivemq-platform-operator] [efddf6ca] 13:24:59.466 [pool-6-thread-24] DEBUG c.h.p.o.dependants.PodInfoConfigMap - [helmmetr] Desired PodInfo ConfigMap (extension state hash: -1817474005)
2025-01-29 13:24:59,476 INFO c.h.h.t.HelmChartContainer - [hivemq-test-hivemq-platform] [hivemq-platform-operator] [efddf6ca] 13:24:59.467 [pool-6-thread-28] DEBUG c.h.p.o.d.PlatformServiceResource - [helmmetr] Desired Platform services (4 services)
2025-01-29 13:24:59,476 INFO c.h.h.t.HelmChartContainer - [hivemq-test-hivemq-platform] [hivemq-platform-operator] [efddf6ca] 13:24:59.470 [pool-6-thread-23] DEBUG c.h.p.o.d.PodServiceAccountResource - [helmmetr] Desired PodServiceAccountResource (serviceAccountName: hivemq-platform-pod-test-hivemq-platform)
2025-01-29 13:24:59,520 INFO c.h.h.t.HelmChartContainer - [hivemq-test-hivemq-platform] [hivemq-platform-operator] [efddf6ca] 13:24:59.518 [pool-6-thread-28] DEBUG c.h.p.o.d.StatefulSetResource - [helmmetr] Desired StatefulSet (1 replicas) for status RUNNING (READY)
2025-01-29 13:24:59,525 INFO c.h.h.t.HelmChartContainer - [hivemq-test-hivemq-platform] [hivemq-platform-operator] [efddf6ca] 13:24:59.524 [ReconcilerExecutor-hivemq-controller-116] INFO  c.h.p.o.HiveMQPlatformReconciler - [helmmetr] Reconciling HiveMQ Platform 'test-hivemq-platform' in namespace 'helmmetricsserviceit'
2025-01-29 13:24:59,526 INFO c.h.h.t.HelmChartContainer - [hivemq-test-hivemq-platform] [hivemq-platform-operator] [efddf6ca] 13:24:59.524 [ReconcilerExecutor-hivemq-controller-116] DEBUG c.h.p.o.HiveMQPlatformReconciler - [helmmetr] Custom Resource Status RUNNING - HiveMQ Platform is ready (READY)
2025-01-29 13:24:59,526 INFO c.h.h.t.HelmChartContainer - [hivemq-test-hivemq-platform] [hivemq-platform-operator] [efddf6ca] 13:24:59.524 [ReconcilerExecutor-hivemq-controller-116] DEBUG c.h.p.o.HiveMQPlatformReconciler - [helmmetr] Custom Resource Spec (replicas: 1) (extensions: 1)
2025-01-29 13:24:59,526 INFO c.h.h.t.HelmChartContainer - [hivemq-test-hivemq-platform] [hivemq-platform-operator] [efddf6ca] 13:24:59.525 [ReconcilerExecutor-hivemq-controller-116] WARN  c.h.p.o.h.HiveMQPlatformReconcilerErrorHandler - [helmmetr] Could not find ConfigMap 'hivemq-configuration-test-hivemq-platform' for HiveMQ Platform configuration
2025-01-29 13:24:59,723 INFO c.h.h.t.HelmChartContainer - [hivemq-test-hivemq-platform] [hivemq-platform-operator] [efddf6ca] 13:24:59.721 [ReconcilerExecutor-hivemq-controller-116] DEBUG c.h.p.operator.event.EventSender - [helmmetr] Creating K8s event hivemq-platform-invalid-configuration: [Start] Could not find ConfigMap 'hivemq-configuration-test-hivemq-platform' for HiveMQ Platform configuration
2025-01-29 13:24:59,727 INFO c.h.h.t.HelmChartContainer - [EVENT] Warning [Start] Could not find ConfigMap 'hivemq-configuration-test-hivemq-platform' for HiveMQ Platform configuration [helmmetricsserviceit:test-hivemq-platform]
2025-01-29 13:24:59,728 INFO c.h.h.t.HelmChartContainer - [hivemq-test-hivemq-platform] [hivemq-platform-operator] [efddf6ca] 13:24:59.727 [ReconcilerExecutor-hivemq-controller-116] INFO  c.h.p.o.h.AbstractHiveMQReconcilerStateHandler - [helmmetr] Update HiveMQ Platform Status (RUNNING [READY] -> ERROR [INVALID_CONFIG_MAP]): Could not find ConfigMap 'hivemq-configuration-test-hivemq-platform' for HiveMQ Platform configuration
2025-01-29 13:24:59,820 INFO c.h.h.t.HelmChartContainer - [hivemq-test-hivemq-platform] [hivemq-platform-operator] [efddf6ca] 13:24:59.816 [ReconcilerExecutor-hivemq-controller-116] ERROR i.j.o.p.event.EventProcessor - Error during event processing ExecutionScope{ resource id: ResourceID{name='test-hivemq-platform', namespace='helmmetricsserviceit'}, version: 1159}
2025-01-29 13:24:59,820 INFO c.h.h.t.HelmChartContainer - [hivemq-test-hivemq-platform] [hivemq-platform-operator] [efddf6ca] io.fabric8.kubernetes.client.KubernetesClientException: Failure executing: PUT at: https://10.43.0.1:443/apis/hivemq.com/v1/namespaces/helmmetricsserviceit/hivemq-platforms/test-hivemq-platform/status. Message: Operation cannot be fulfilled on hivemq-platforms.hivemq.com "test-hivemq-platform": the object has been modified; please apply your changes to the latest version and try again. Received status: Status(apiVersion=v1, code=409, details=StatusDetails(causes=[], group=hivemq.com, kind=hivemq-platforms, name=test-hivemq-platform, retryAfterSeconds=null, uid=null, additionalProperties={}), kind=Status, message=Operation cannot be fulfilled on hivemq-platforms.hivemq.com "test-hivemq-platform": the object has been modified; please apply your changes to the latest version and try again, metadata=ListMeta(_continue=null, remainingItemCount=null, resourceVersion=null, selfLink=null, additionalProperties={}), reason=Conflict, status=Failure, additionalProperties={}).
2025-01-29 13:24:59,820 INFO c.h.h.t.HelmChartContainer - [hivemq-test-hivemq-platform] [hivemq-platform-operator] [efddf6ca] 	at io.fabric8.kubernetes.client.KubernetesClientException.copyAsCause(KubernetesClientException.java:238)
2025-01-29 13:24:59,820 INFO c.h.h.t.HelmChartContainer - [hivemq-test-hivemq-platform] [hivemq-platform-operator] [efddf6ca] 	at io.fabric8.kubernetes.client.dsl.internal.OperationSupport.waitForResult(OperationSupport.java:507)
2025-01-29 13:24:59,820 INFO c.h.h.t.HelmChartContainer - [hivemq-test-hivemq-platform] [hivemq-platform-operator] [efddf6ca] 	at io.fabric8.kubernetes.client.dsl.internal.OperationSupport.handleResponse(OperationSupport.java:524)
2025-01-29 13:24:59,820 INFO c.h.h.t.HelmChartContainer - [hivemq-test-hivemq-platform] [hivemq-platform-operator] [efddf6ca] 	at io.fabric8.kubernetes.client.dsl.internal.OperationSupport.handleUpdate(OperationSupport.java:358)
2025-01-29 13:24:59,820 INFO c.h.h.t.HelmChartContainer - [hivemq-test-hivemq-platform] [hivemq-platform-operator] [efddf6ca] 	at io.fabric8.kubernetes.client.dsl.internal.BaseOperation.handleUpdate(BaseOperation.java:759)
2025-01-29 13:24:59,820 INFO c.h.h.t.HelmChartContainer - [hivemq-test-hivemq-platform] [hivemq-platform-operator] [efddf6ca] 	at io.fabric8.kubernetes.client.dsl.internal.HasMetadataOperation.update(HasMetadataOperation.java:138)
2025-01-29 13:24:59,820 INFO c.h.h.t.HelmChartContainer - [hivemq-test-hivemq-platform] [hivemq-platform-operator] [efddf6ca] 	at io.fabric8.kubernetes.client.dsl.internal.HasMetadataOperation.update(HasMetadataOperation.java:121)
2025-01-29 13:24:59,820 INFO c.h.h.t.HelmChartContainer - [hivemq-test-hivemq-platform] [hivemq-platform-operator] [efddf6ca] 	at io.fabric8.kubernetes.client.dsl.internal.HasMetadataOperation.updateStatus(HasMetadataOperation.java:126)
2025-01-29 13:24:59,820 INFO c.h.h.t.HelmChartContainer - [hivemq-test-hivemq-platform] [hivemq-platform-operator] [efddf6ca] 	at io.fabric8.kubernetes.client.dsl.internal.HasMetadataOperation.updateStatus(HasMetadataOperation.java:44)
2025-01-29 13:24:59,820 INFO c.h.h.t.HelmChartContainer - [hivemq-test-hivemq-platform] [hivemq-platform-operator] [efddf6ca] 	at io.javaoperatorsdk.operator.processing.event.ReconciliationDispatcher$CustomResourceFacade.updateStatus(ReconciliationDispatcher.java:408)
2025-01-29 13:24:59,820 INFO c.h.h.t.HelmChartContainer - [hivemq-test-hivemq-platform] [hivemq-platform-operator] [efddf6ca] 	at io.javaoperatorsdk.operator.processing.event.ReconciliationDispatcher.updateStatusGenerationAware(ReconciliationDispatcher.java:228)
2025-01-29 13:24:59,820 INFO c.h.h.t.HelmChartContainer - [hivemq-test-hivemq-platform] [hivemq-platform-operator] [efddf6ca] 	at io.javaoperatorsdk.operator.processing.event.ReconciliationDispatcher.reconcileExecution(ReconciliationDispatcher.java:150)
2025-01-29 13:24:59,820 INFO c.h.h.t.HelmChartContainer - [hivemq-test-hivemq-platform] [hivemq-platform-operator] [efddf6ca] 	at io.javaoperatorsdk.operator.processing.event.ReconciliationDispatcher.handleReconcile(ReconciliationDispatcher.java:117)
2025-01-29 13:24:59,820 INFO c.h.h.t.HelmChartContainer - [hivemq-test-hivemq-platform] [hivemq-platform-operator] [efddf6ca] 	at io.javaoperatorsdk.operator.processing.event.ReconciliationDispatcher.handleDispatch(ReconciliationDispatcher.java:91)
2025-01-29 13:24:59,820 INFO c.h.h.t.HelmChartContainer - [hivemq-test-hivemq-platform] [hivemq-platform-operator] [efddf6ca] 	at io.javaoperatorsdk.operator.processing.event.ReconciliationDispatcher.handleExecution(ReconciliationDispatcher.java:64)
2025-01-29 13:24:59,820 INFO c.h.h.t.HelmChartContainer - [hivemq-test-hivemq-platform] [hivemq-platform-operator] [efddf6ca] 	at io.javaoperatorsdk.operator.processing.event.EventProcessor$ReconcilerExecutor.run(EventProcessor.java:452)
2025-01-29 13:24:59,820 INFO c.h.h.t.HelmChartContainer - [hivemq-test-hivemq-platform] [hivemq-platform-operator] [efddf6ca] 	at java.base/java.util.concurrent.ThreadPoolExecutor.runWorker(Unknown Source)
2025-01-29 13:24:59,820 INFO c.h.h.t.HelmChartContainer - [hivemq-test-hivemq-platform] [hivemq-platform-operator] [efddf6ca] 	at java.base/java.util.concurrent.ThreadPoolExecutor$Worker.run(Unknown Source)
2025-01-29 13:24:59,820 INFO c.h.h.t.HelmChartContainer - [hivemq-test-hivemq-platform] [hivemq-platform-operator] [efddf6ca] 	at java.base/java.lang.Thread.run(Unknown Source)
2025-01-29 13:24:59,820 INFO c.h.h.t.HelmChartContainer - [hivemq-test-hivemq-platform] [hivemq-platform-operator] [efddf6ca] Caused by: io.fabric8.kubernetes.client.KubernetesClientException: Failure executing: PUT at: https://10.43.0.1:443/apis/hivemq.com/v1/namespaces/helmmetricsserviceit/hivemq-platforms/test-hivemq-platform/status. Message: Operation cannot be fulfilled on hivemq-platforms.hivemq.com "test-hivemq-platform": the object has been modified; please apply your changes to the latest version and try again. Received status: Status(apiVersion=v1, code=409, details=StatusDetails(causes=[], group=hivemq.com, kind=hivemq-platforms, name=test-hivemq-platform, retryAfterSeconds=null, uid=null, additionalProperties={}), kind=Status, message=Operation cannot be fulfilled on hivemq-platforms.hivemq.com "test-hivemq-platform": the object has been modified; please apply your changes to the latest version and try again, metadata=ListMeta(_continue=null, remainingItemCount=null, resourceVersion=null, selfLink=null, additionalProperties={}), reason=Conflict, status=Failure, additionalProperties={}).
2025-01-29 13:24:59,820 INFO c.h.h.t.HelmChartContainer - [hivemq-test-hivemq-platform] [hivemq-platform-operator] [efddf6ca] 	at io.fabric8.kubernetes.client.dsl.internal.OperationSupport.requestFailure(OperationSupport.java:660)
2025-01-29 13:24:59,820 INFO c.h.h.t.HelmChartContainer - [hivemq-test-hivemq-platform] [hivemq-platform-operator] [efddf6ca] 	at io.fabric8.kubernetes.client.dsl.internal.OperationSupport.requestFailure(OperationSupport.java:640)
2025-01-29 13:24:59,820 INFO c.h.h.t.HelmChartContainer - [hivemq-test-hivemq-platform] [hivemq-platform-operator] [efddf6ca] 	at io.fabric8.kubernetes.client.dsl.internal.OperationSupport.assertResponseCode(OperationSupport.java:589)
2025-01-29 13:24:59,820 INFO c.h.h.t.HelmChartContainer - [hivemq-test-hivemq-platform] [hivemq-platform-operator] [efddf6ca] 	at io.fabric8.kubernetes.client.dsl.internal.OperationSupport.lambda$handleResponse$0(OperationSupport.java:549)
2025-01-29 13:24:59,820 INFO c.h.h.t.HelmChartContainer - [hivemq-test-hivemq-platform] [hivemq-platform-operator] [efddf6ca] 	at java.base/java.util.concurrent.CompletableFuture$UniApply.tryFire(Unknown Source)
2025-01-29 13:24:59,820 INFO c.h.h.t.HelmChartContainer - [hivemq-test-hivemq-platform] [hivemq-platform-operator] [efddf6ca] 	at java.base/java.util.concurrent.CompletableFuture.postComplete(Unknown Source)
2025-01-29 13:24:59,820 INFO c.h.h.t.HelmChartContainer - [hivemq-test-hivemq-platform] [hivemq-platform-operator] [efddf6ca] 	at java.base/java.util.concurrent.CompletableFuture.complete(Unknown Source)
2025-01-29 13:24:59,820 INFO c.h.h.t.HelmChartContainer - [hivemq-test-hivemq-platform] [hivemq-platform-operator] [efddf6ca] 	at io.fabric8.kubernetes.client.http.StandardHttpClient.lambda$completeOrCancel$10(StandardHttpClient.java:141)
2025-01-29 13:24:59,820 INFO c.h.h.t.HelmChartContainer - [hivemq-test-hivemq-platform] [hivemq-platform-operator] [efddf6ca] 	at java.base/java.util.concurrent.CompletableFuture.uniWhenComplete(Unknown Source)
2025-01-29 13:24:59,820 INFO c.h.h.t.HelmChartContainer - [hivemq-test-hivemq-platform] [hivemq-platform-operator] [efddf6ca] 	at java.base/java.util.concurrent.CompletableFuture$UniWhenComplete.tryFire(Unknown Source)
2025-01-29 13:24:59,820 INFO c.h.h.t.HelmChartContainer - [hivemq-test-hivemq-platform] [hivemq-platform-operator] [efddf6ca] 	at java.base/java.util.concurrent.CompletableFuture.postComplete(Unknown Source)
2025-01-29 13:24:59,820 INFO c.h.h.t.HelmChartContainer - [hivemq-test-hivemq-platform] [hivemq-platform-operator] [efddf6ca] 	at java.base/java.util.concurrent.CompletableFuture.complete(Unknown Source)
2025-01-29 13:24:59,820 INFO c.h.h.t.HelmChartContainer - [hivemq-test-hivemq-platform] [hivemq-platform-operator] [efddf6ca] 	at io.fabric8.kubernetes.client.http.ByteArrayBodyHandler.onBodyDone(ByteArrayBodyHandler.java:51)
2025-01-29 13:24:59,820 INFO c.h.h.t.HelmChartContainer - [hivemq-test-hivemq-platform] [hivemq-platform-operator] [efddf6ca] 	at java.base/java.util.concurrent.CompletableFuture.uniWhenComplete(Unknown Source)
2025-01-29 13:24:59,820 INFO c.h.h.t.HelmChartContainer - [hivemq-test-hivemq-platform] [hivemq-platform-operator] [efddf6ca] 	at java.base/java.util.concurrent.CompletableFuture$UniWhenComplete.tryFire(Unknown Source)
2025-01-29 13:24:59,820 INFO c.h.h.t.HelmChartContainer - [hivemq-test-hivemq-platform] [hivemq-platform-operator] [efddf6ca] 	at java.base/java.util.concurrent.CompletableFuture.postComplete(Unknown Source)
2025-01-29 13:24:59,820 INFO c.h.h.t.HelmChartContainer - [hivemq-test-hivemq-platform] [hivemq-platform-operator] [efddf6ca] 	at java.base/java.util.concurrent.CompletableFuture.complete(Unknown Source)
2025-01-29 13:24:59,820 INFO c.h.h.t.HelmChartContainer - [hivemq-test-hivemq-platform] [hivemq-platform-operator] [efddf6ca] 	at io.fabric8.kubernetes.client.vertx.VertxHttpRequest.lambda$null$1(VertxHttpRequest.java:121)
2025-01-29 13:24:59,820 INFO c.h.h.t.HelmChartContainer - [hivemq-test-hivemq-platform] [hivemq-platform-operator] [efddf6ca] 	at io.vertx.core.impl.ContextInternal.dispatch(ContextInternal.java:279)
2025-01-29 13:24:59,820 INFO c.h.h.t.HelmChartContainer - [hivemq-test-hivemq-platform] [hivemq-platform-operator] [efddf6ca] 	at io.vertx.core.impl.ContextInternal.dispatch(ContextInternal.java:261)
2025-01-29 13:24:59,820 INFO c.h.h.t.HelmChartContainer - [hivemq-test-hivemq-platform] [hivemq-platform-operator] [efddf6ca] 	at io.vertx.core.http.impl.HttpEventHandler.handleEnd(HttpEventHandler.java:76)
2025-01-29 13:24:59,820 INFO c.h.h.t.HelmChartContainer - [hivemq-test-hivemq-platform] [hivemq-platform-operator] [efddf6ca] 	at io.vertx.core.http.impl.HttpClientResponseImpl.handleEnd(HttpClientResponseImpl.java:250)
2025-01-29 13:24:59,820 INFO c.h.h.t.HelmChartContainer - [hivemq-test-hivemq-platform] [hivemq-platform-operator] [efddf6ca] 	at io.vertx.core.http.impl.Http1xClientConnection$StreamImpl.lambda$new$0(Http1xClientConnection.java:421)
2025-01-29 13:24:59,820 INFO c.h.h.t.HelmChartContainer - [hivemq-test-hivemq-platform] [hivemq-platform-operator] [efddf6ca] 	at io.vertx.core.streams.impl.InboundBuffer.handleEvent(InboundBuffer.java:279)
2025-01-29 13:24:59,820 INFO c.h.h.t.HelmChartContainer - [hivemq-test-hivemq-platform] [hivemq-platform-operator] [efddf6ca] 	at io.vertx.core.streams.impl.InboundBuffer.write(InboundBuffer.java:157)
2025-01-29 13:24:59,820 INFO c.h.h.t.HelmChartContainer - [hivemq-test-hivemq-platform] [hivemq-platform-operator] [efddf6ca] 	at io.vertx.core.http.impl.Http1xClientConnection$StreamImpl.handleEnd(Http1xClientConnection.java:709)
2025-01-29 13:24:59,820 INFO c.h.h.t.HelmChartContainer - [hivemq-test-hivemq-platform] [hivemq-platform-operator] [efddf6ca] 	at io.vertx.core.impl.ContextImpl.lambda$execute$4(ContextImpl.java:315)
2025-01-29 13:24:59,820 INFO c.h.h.t.HelmChartContainer - [hivemq-test-hivemq-platform] [hivemq-platform-operator] [efddf6ca] 	at io.netty.util.concurrent.AbstractEventExecutor.runTask(AbstractEventExecutor.java:173)
2025-01-29 13:24:59,820 INFO c.h.h.t.HelmChartContainer - [hivemq-test-hivemq-platform] [hivemq-platform-operator] [efddf6ca] 	at io.netty.util.concurrent.AbstractEventExecutor.safeExecute(AbstractEventExecutor.java:166)
2025-01-29 13:24:59,820 INFO c.h.h.t.HelmChartContainer - [hivemq-test-hivemq-platform] [hivemq-platform-operator] [efddf6ca] 	at io.netty.util.concurrent.SingleThreadEventExecutor.runAllTasks(SingleThreadEventExecutor.java:472)
2025-01-29 13:24:59,820 INFO c.h.h.t.HelmChartContainer - [hivemq-test-hivemq-platform] [hivemq-platform-operator] [efddf6ca] 	at io.netty.channel.nio.NioEventLoop.run(NioEventLoop.java:569)
2025-01-29 13:24:59,821 INFO c.h.h.t.HelmChartContainer - [hivemq-test-hivemq-platform] [hivemq-platform-operator] [efddf6ca] 	at io.netty.util.concurrent.SingleThreadEventExecutor$4.run(SingleThreadEventExecutor.java:997)
2025-01-29 13:24:59,821 INFO c.h.h.t.HelmChartContainer - [hivemq-test-hivemq-platform] [hivemq-platform-operator] [efddf6ca] 	at io.netty.util.internal.ThreadExecutorMap$2.run(ThreadExecutorMap.java:74)
2025-01-29 13:24:59,821 INFO c.h.h.t.HelmChartContainer - [hivemq-test-hivemq-platform] [hivemq-platform-operator] [efddf6ca] 	at io.netty.util.concurrent.FastThreadLocalRunnable.run(FastThreadLocalRunnable.java:30)
2025-01-29 13:24:59,821 INFO c.h.h.t.HelmChartContainer - [hivemq-test-hivemq-platform] [hivemq-platform-operator] [efddf6ca] 	... 1 common frames omitted
2025-01-29 13:24:59,824 INFO c.h.h.t.HelmChartContainer - [hivemq-test-hivemq-platform] [hivemq-platform-operator] [efddf6ca] 13:24:59.822 [ReconcilerExecutor-hivemq-controller-122] INFO  c.h.p.o.HiveMQPlatformReconciler - [helmmetr] Cleanup test-hivemq-platform - helmmetricsserviceit HiveMQ Platform is shut down
2025-01-29 13:25:00,117 INFO c.h.h.t.HelmChartContainer - [POD] test-hivemq-platform-0 [d2de5e0d-30bc-4e4e-a8c0-01062d1196c1] in helmmetricsserviceit was MODIFIED
2025-01-29 13:25:00,122 INFO c.h.h.t.HelmChartContainer - [EVENT] Normal [Killing] Stopping container hivemq [helmmetricsserviceit:test-hivemq-platform-0]
2025-01-29 13:25:00,122 INFO c.h.h.t.HelmChartContainer - Received Killing event for container hivemq in pod test-hivemq-platform-0 [d2de5e0d-30bc-4e4e-a8c0-01062d1196c1]
2025-01-29 13:25:00,122 INFO c.h.h.t.HelmChartContainer - Container [test-hivemq-platform-0] [hivemq] [d2de5e0d-30bc-4e4e-a8c0-01062d1196c1] was terminated
2025-01-29 13:25:00,123 INFO c.h.h.t.HelmChartContainer - Stopped log watcher for hivemq in pod test-hivemq-platform-0 [d2de5e0d-30bc-4e4e-a8c0-01062d1196c1]
2025-01-29 13:25:00,127 INFO c.h.h.t.HelmChartContainer - [test-hivemq-platform] [hivemq] [d2de5e0d] INFO  - [HiveMQ Platform Operator Init App 1.7.0-SNAPSHOT] Shutting down
2025-01-29 13:25:00,128 INFO c.h.h.t.HelmChartContainer - [test-hivemq-platform] [hivemq] [d2de5e0d] INFO  - [HiveMQ Platform Operator Init App 1.7.0-SNAPSHOT] Stopping the HiveMQ Platform
2025-01-29 13:25:00,250 INFO c.h.h.t.HelmChartContainer - [test-hivemq-platform] [hivemq] [d2de5e0d] INFO  - Shutting down HiveMQ. Please wait, this could take a while...
2025-01-29 13:25:00,295 INFO c.h.h.t.HelmChartContainer - [test-hivemq-platform] [hivemq] [d2de5e0d] INFO  - Shutting down listeners and clients
2025-01-29 13:25:00,298 INFO c.h.h.t.HelmChartContainer - [test-hivemq-platform] [hivemq] [d2de5e0d] INFO  - Shutdown of listeners is done
2025-01-29 13:25:00,298 INFO c.h.h.t.HelmChartContainer - [test-hivemq-platform] [hivemq] [d2de5e0d] INFO  - No clients are connected, proceeding with shutdown
2025-01-29 13:25:00,450 INFO c.h.h.t.HelmChartContainer - [K3S] [authentication.go:74] "Unable to authenticate the request" err="[invalid bearer token, serviceaccounts \"hivemq-platform-pod-test-hivemq-platform\" not found]"
2025-01-29 13:25:00,467 INFO c.h.h.t.HelmChartContainer - [K3S] [authentication.go:74] "Unable to authenticate the request" err="[invalid bearer token, serviceaccounts \"hivemq-platform-pod-test-hivemq-platform\" not found]"
2025-01-29 13:25:00,554 INFO c.h.h.t.HelmChartContainer - [test-hivemq-platform] [hivemq] [d2de5e0d] WARN  - [HiveMQ Platform Operator Init App 1.7.0-SNAPSHOT] Could not update Pod annotations: Failure executing: GET at: https://10.43.0.1:443/api/v1/namespaces/helmmetricsserviceit/pods/test-hivemq-platform-0. Message: Unauthorized. Received status: Status(apiVersion=v1, code=401, details=null, kind=Status, message=Unauthorized, metadata=ListMeta(_continue=null, remainingItemCount=null, resourceVersion=null, selfLink=null, additionalProperties={}), reason=Unauthorized, status=Failure, additionalProperties={}).
2025-01-29 13:25:01,526 INFO c.h.h.t.HelmChartContainer - Deleting namespace 'helmmetricsserviceit'...
2025-01-29 13:25:02,992 INFO c.h.h.t.HelmChartContainer - [test-hivemq-platform] [hivemq] [d2de5e0d] INFO  - Shutting down extension system
2025-01-29 13:25:02,994 INFO c.h.h.t.HelmChartContainer - [test-hivemq-platform] [hivemq] [d2de5e0d] INFO  - Stopping extension with id hivemq-dns-cluster-discovery
2025-01-29 13:25:02,995 INFO c.h.h.t.HelmChartContainer - [test-hivemq-platform] [hivemq] [d2de5e0d] INFO  - Extension "DNS Cluster Discovery Extension" version 4.3.2 stopped successfully.
2025-01-29 13:25:02,995 INFO c.h.h.t.HelmChartContainer - [test-hivemq-platform] [hivemq] [d2de5e0d] INFO  - Stopping extension with id hivemq-prometheus-extension
2025-01-29 13:25:02,999 INFO c.h.h.t.HelmChartContainer - [test-hivemq-platform] [hivemq] [d2de5e0d] INFO  - Extension "Prometheus Monitoring Extension" version 4.0.12 stopped successfully.
2025-01-29 13:25:02,999 INFO c.h.h.t.HelmChartContainer - [test-hivemq-platform] [hivemq] [d2de5e0d] INFO  - Stopping extension with id hivemq-allow-all-extension
2025-01-29 13:25:02,999 INFO c.h.h.t.HelmChartContainer - [test-hivemq-platform] [hivemq] [d2de5e0d] INFO  - Extension "Allow All Extension" version 1.1.1 stopped successfully.
2025-01-29 13:25:04,761 INFO c.h.h.t.HelmChartContainer - [test-hivemq-platform] [hivemq] [d2de5e0d] INFO  - [HiveMQ Platform Operator Init App 1.7.0-SNAPSHOT] Returning shutdown Health API response 503 for readiness
2025-01-29 13:25:04,765 INFO c.h.h.t.HelmChartContainer - [EVENT] Warning [Unhealthy] Readiness probe failed: HTTP probe failed with statuscode: 503 [helmmetricsserviceit:test-hivemq-platform-0]
2025-01-29 13:25:04,765 INFO c.h.h.t.HelmChartContainer - Received Unhealthy event for container hivemq in pod test-hivemq-platform-0 [d2de5e0d-30bc-4e4e-a8c0-01062d1196c1]
2025-01-29 13:25:05,345 INFO c.h.h.t.HelmChartContainer - [test-hivemq-platform] [hivemq] [d2de5e0d] INFO  - Shutdown completed.
2025-01-29 13:25:05,558 INFO c.h.h.t.HelmChartContainer - [K3S] [authentication.go:74] "Unable to authenticate the request" err="[invalid bearer token, serviceaccounts \"hivemq-platform-pod-test-hivemq-platform\" not found]"
2025-01-29 13:25:05,569 INFO c.h.h.t.HelmChartContainer - [K3S] [authentication.go:74] "Unable to authenticate the request" err="[invalid bearer token, serviceaccounts \"hivemq-platform-pod-test-hivemq-platform\" not found]"
2025-01-29 13:25:05,571 INFO c.h.h.t.HelmChartContainer - [test-hivemq-platform] [hivemq] [d2de5e0d] WARN  - [HiveMQ Platform Operator Init App 1.7.0-SNAPSHOT] Could not update Pod annotations: Failure executing: GET at: https://10.43.0.1:443/api/v1/namespaces/helmmetricsserviceit/pods/test-hivemq-platform-0. Message: Unauthorized. Received status: Status(apiVersion=v1, code=401, details=null, kind=Status, message=Unauthorized, metadata=ListMeta(_continue=null, remainingItemCount=null, resourceVersion=null, selfLink=null, additionalProperties={}), reason=Unauthorized, status=Failure, additionalProperties={}).
2025-01-29 13:25:05,693 INFO c.h.h.t.HelmChartContainer - [test-hivemq-platform] [hivemq] [d2de5e0d] INFO  - [HiveMQ Platform Operator Init App 1.7.0-SNAPSHOT] The HiveMQ Platform exited with code 143
2025-01-29 13:25:05,693 INFO c.h.h.t.HelmChartContainer - [test-hivemq-platform] [hivemq] [d2de5e0d] INFO  - [HiveMQ Platform Operator Init App 1.7.0-SNAPSHOT] Stopping the REST API
2025-01-29 13:25:05,699 INFO c.h.h.t.HelmChartContainer - [test-hivemq-platform] [hivemq] [d2de5e0d] INFO  - [HiveMQ Platform Operator Init App 1.7.0-SNAPSHOT] Shutdown complete
2025-01-29 13:25:06,143 INFO c.h.h.t.HelmChartContainer - [POD] test-hivemq-platform-0 [d2de5e0d-30bc-4e4e-a8c0-01062d1196c1] in helmmetricsserviceit was MODIFIED
2025-01-29 13:25:06,144 INFO c.h.h.t.HelmChartContainer - [K3S] [stateful_set.go:438] "Unhandled Error" err="error syncing StatefulSet helmmetricsserviceit/test-hivemq-platform, requeuing: controllerrevisions.apps \"test-hivemq-platform-69f859d85d\" is forbidden: unable to create new content in namespace helmmetricsserviceit because it is being terminated"
2025-01-29 13:25:06,153 INFO c.h.h.t.HelmChartContainer - [K3S] [stateful_set.go:438] "Unhandled Error" err="error syncing StatefulSet helmmetricsserviceit/test-hivemq-platform, requeuing: controllerrevisions.apps \"test-hivemq-platform-69f859d85d\" is forbidden: unable to create new content in namespace helmmetricsserviceit because it is being terminated"
2025-01-29 13:25:06,166 INFO c.h.h.t.HelmChartContainer - [K3S] [stateful_set.go:438] "Unhandled Error" err="error syncing StatefulSet helmmetricsserviceit/test-hivemq-platform, requeuing: controllerrevisions.apps \"test-hivemq-platform-69f859d85d\" is forbidden: unable to create new content in namespace helmmetricsserviceit because it is being terminated"
2025-01-29 13:25:06,190 INFO c.h.h.t.HelmChartContainer - [K3S] [stateful_set.go:438] "Unhandled Error" err="error syncing StatefulSet helmmetricsserviceit/test-hivemq-platform, requeuing: controllerrevisions.apps \"test-hivemq-platform-69f859d85d\" is forbidden: unable to create new content in namespace helmmetricsserviceit because it is being terminated"
2025-01-29 13:25:06,191 INFO c.h.h.t.HelmChartContainer - [K3S] [reconciler_common.go:162] "operationExecutor.UnmountVolume started for volume \"pod-info\" (UniqueName: \"kubernetes.io/configmap/d2de5e0d-30bc-4e4e-a8c0-01062d1196c1-pod-info\") pod \"d2de5e0d-30bc-4e4e-a8c0-01062d1196c1\" (UID: \"d2de5e0d-30bc-4e4e-a8c0-01062d1196c1\") "
2025-01-29 13:25:06,191 INFO c.h.h.t.HelmChartContainer - [K3S] [reconciler_common.go:162] "operationExecutor.UnmountVolume started for volume \"kube-api-access-h5zsg\" (UniqueName: \"kubernetes.io/projected/d2de5e0d-30bc-4e4e-a8c0-01062d1196c1-kube-api-access-h5zsg\") pod \"d2de5e0d-30bc-4e4e-a8c0-01062d1196c1\" (UID: \"d2de5e0d-30bc-4e4e-a8c0-01062d1196c1\") "
2025-01-29 13:25:06,191 INFO c.h.h.t.HelmChartContainer - [K3S] [reconciler_common.go:162] "operationExecutor.UnmountVolume started for volume \"operator-init\" (UniqueName: \"kubernetes.io/empty-dir/d2de5e0d-30bc-4e4e-a8c0-01062d1196c1-operator-init\") pod \"d2de5e0d-30bc-4e4e-a8c0-01062d1196c1\" (UID: \"d2de5e0d-30bc-4e4e-a8c0-01062d1196c1\") "
2025-01-29 13:25:06,191 INFO c.h.h.t.HelmChartContainer - [K3S] [reconciler_common.go:162] "operationExecutor.UnmountVolume started for volume \"broker-configuration\" (UniqueName: \"kubernetes.io/configmap/d2de5e0d-30bc-4e4e-a8c0-01062d1196c1-broker-configuration\") pod \"d2de5e0d-30bc-4e4e-a8c0-01062d1196c1\" (UID: \"d2de5e0d-30bc-4e4e-a8c0-01062d1196c1\") "
2025-01-29 13:25:06,233 INFO c.h.h.t.HelmChartContainer - [K3S] [stateful_set.go:438] "Unhandled Error" err="error syncing StatefulSet helmmetricsserviceit/test-hivemq-platform, requeuing: controllerrevisions.apps \"test-hivemq-platform-69f859d85d\" is forbidden: unable to create new content in namespace helmmetricsserviceit because it is being terminated"
2025-01-29 13:25:06,292 INFO c.h.h.t.HelmChartContainer - [K3S] [reconciler_common.go:299] "Volume detached for volume \"kube-api-access-h5zsg\" (UniqueName: \"kubernetes.io/projected/d2de5e0d-30bc-4e4e-a8c0-01062d1196c1-kube-api-access-h5zsg\") on node \"bd3ce72ce098\" DevicePath \"\""
2025-01-29 13:25:06,292 INFO c.h.h.t.HelmChartContainer - [K3S] [reconciler_common.go:299] "Volume detached for volume \"broker-configuration\" (UniqueName: \"kubernetes.io/configmap/d2de5e0d-30bc-4e4e-a8c0-01062d1196c1-broker-configuration\") on node \"bd3ce72ce098\" DevicePath \"\""
2025-01-29 13:25:06,292 INFO c.h.h.t.HelmChartContainer - [K3S] [reconciler_common.go:299] "Volume detached for volume \"operator-init\" (UniqueName: \"kubernetes.io/empty-dir/d2de5e0d-30bc-4e4e-a8c0-01062d1196c1-operator-init\") on node \"bd3ce72ce098\" DevicePath \"\""
2025-01-29 13:25:06,292 INFO c.h.h.t.HelmChartContainer - [K3S] [reconciler_common.go:299] "Volume detached for volume \"pod-info\" (UniqueName: \"kubernetes.io/configmap/d2de5e0d-30bc-4e4e-a8c0-01062d1196c1-pod-info\") on node \"bd3ce72ce098\" DevicePath \"\""
2025-01-29 13:25:06,316 INFO c.h.h.t.HelmChartContainer - [K3S] [stateful_set.go:438] "Unhandled Error" err="error syncing StatefulSet helmmetricsserviceit/test-hivemq-platform, requeuing: controllerrevisions.apps \"test-hivemq-platform-69f859d85d\" is forbidden: unable to create new content in namespace helmmetricsserviceit because it is being terminated"
2025-01-29 13:25:06,480 INFO c.h.h.t.HelmChartContainer - [K3S] [stateful_set.go:438] "Unhandled Error" err="error syncing StatefulSet helmmetricsserviceit/test-hivemq-platform, requeuing: controllerrevisions.apps \"test-hivemq-platform-69f859d85d\" is forbidden: unable to create new content in namespace helmmetricsserviceit because it is being terminated"
2025-01-29 13:25:06,576 INFO c.h.h.t.HelmChartContainer - [K3S] [stateful_set.go:466] "StatefulSet has been deleted" key="helmmetricsserviceit/test-hivemq-platform"
2025-01-29 13:25:06,686 INFO c.h.h.t.HelmChartContainer - [K3S] [namespace_controller.go:164] "Unhandled Error" err="deletion of namespace helmmetricsserviceit failed: unexpected items still remain in namespace: helmmetricsserviceit for gvr: /v1, Resource=pods"
2025-01-29 13:25:06,802 INFO c.h.h.t.HelmChartContainer - [K3S] [stateful_set.go:466] "StatefulSet has been deleted" key="helmmetricsserviceit/test-hivemq-platform"
2025-01-29 13:25:06,851 INFO c.h.h.t.HelmChartContainer - [K3S] [namespace_controller.go:164] "Unhandled Error" err="deletion of namespace helmmetricsserviceit failed: unexpected items still remain in namespace: helmmetricsserviceit for gvr: /v1, Resource=pods"
2025-01-29 13:25:06,952 INFO c.h.h.t.HelmChartContainer - [K3S] [namespace_controller.go:164] "Unhandled Error" err="deletion of namespace helmmetricsserviceit failed: unexpected items still remain in namespace: helmmetricsserviceit for gvr: /v1, Resource=pods"
2025-01-29 13:25:07,051 INFO c.h.h.t.HelmChartContainer - [K3S] [scope.go:117] "RemoveContainer" containerID="2181e0b6357ed56477b3554898488b22b653df776ef040f4d90a91bbaca98875"
2025-01-29 13:25:07,066 INFO c.h.h.t.HelmChartContainer - [POD] test-hivemq-platform-0 [d2de5e0d-30bc-4e4e-a8c0-01062d1196c1] in helmmetricsserviceit was MODIFIED
2025-01-29 13:25:07,072 INFO c.h.h.t.HelmChartContainer - [POD] test-hivemq-platform-0 [d2de5e0d-30bc-4e4e-a8c0-01062d1196c1] in helmmetricsserviceit was DELETED
2025-01-29 13:25:07,074 INFO c.h.h.t.HelmChartContainer - [K3S] [namespace_controller.go:164] "Unhandled Error" err="deletion of namespace helmmetricsserviceit failed: unexpected items still remain in namespace: helmmetricsserviceit for gvr: /v1, Resource=pods"
2025-01-29 13:25:07,168 INFO c.h.h.t.HelmChartContainer - [K3S] [scope.go:117] "RemoveContainer" containerID="62d52bc92a0368f7dec500c4aaa9b0abd4493a38fecea47c1ddd13944cb089d5"
2025-01-29 13:25:07,171 INFO c.h.h.t.HelmChartContainer - [K3S] [scope.go:117] "RemoveContainer" containerID="2181e0b6357ed56477b3554898488b22b653df776ef040f4d90a91bbaca98875"
2025-01-29 13:25:07,172 INFO c.h.h.t.HelmChartContainer - [K3S] [scope.go:117] "RemoveContainer" containerID="62d52bc92a0368f7dec500c4aaa9b0abd4493a38fecea47c1ddd13944cb089d5"
2025-01-29 13:25:07,249 INFO c.h.h.t.HelmChartContainer - Namespace 'helmmetricsserviceit' deleted
2025-01-29 13:25:07,249 INFO c.h.h.t.HelmChartContainer - Release 'test-hivemq-platform' in namespace 'helmmetricsserviceit' is uninstalled
2025-01-29 13:25:07,249 INFO c.h.h.t.HelmChartContainer - Uninstalling release 'test-hivemq-platform-operator' in namespace 'helmmetricsserviceit-operator'...
2025-01-29 13:25:07,250 DEBUG c.h.h.t.HelmChartContainer - Executing helm command: /bin/helm --kubeconfig /etc/rancher/k3s/k3s.yaml uninstall test-hivemq-platform-operator  --wait --timeout 5m0s --cascade foreground --namespace helmmetricsserviceit-operator
2025-01-29 13:25:07,419 INFO c.h.h.t.HelmChartContainer - [K3S] [replica_set.go:679] "Finished syncing" kind="ReplicaSet" key="helmmetricsserviceit-operator/hivemq-test-hivemq-platform-operator-6966f96d65" duration="9.455332ms"
2025-01-29 13:25:07,420 INFO c.h.h.t.HelmChartContainer - [K3S] [replica_set.go:679] "Finished syncing" kind="ReplicaSet" key="helmmetricsserviceit-operator/hivemq-test-hivemq-platform-operator-6966f96d65" duration="36.017µs"
2025-01-29 13:25:07,435 INFO c.h.h.t.HelmChartContainer - [POD] hivemq-test-hivemq-platform-operator-6966f96d65-6s6bq [efddf6ca-b2dc-493c-b121-c7dc9f735459] in helmmetricsserviceit-operator was MODIFIED
2025-01-29 13:25:07,444 INFO c.h.h.t.HelmChartContainer - [EVENT] Normal [Killing] Stopping container hivemq-platform-operator [helmmetricsserviceit-operator:hivemq-test-hivemq-platform-operator-6966f96d65-6s6bq]
2025-01-29 13:25:07,444 INFO c.h.h.t.HelmChartContainer - Received Killing event for container hivemq-platform-operator in pod hivemq-test-hivemq-platform-operator-6966f96d65-6s6bq [efddf6ca-b2dc-493c-b121-c7dc9f735459]
2025-01-29 13:25:07,444 INFO c.h.h.t.HelmChartContainer - Container [hivemq-test-hivemq-platform-operator-6966f96d65-6s6bq] [hivemq-platform-operator] [efddf6ca-b2dc-493c-b121-c7dc9f735459] was terminated
2025-01-29 13:25:07,444 INFO c.h.h.t.HelmChartContainer - Stopped log watcher for hivemq-platform-operator in pod hivemq-test-hivemq-platform-operator-6966f96d65-6s6bq [efddf6ca-b2dc-493c-b121-c7dc9f735459]
2025-01-29 13:25:07,448 INFO c.h.h.t.HelmChartContainer - [hivemq-test-hivemq-platform] [hivemq-platform-operator] [efddf6ca] 13:25:07.445 [application-shutdown-thread] INFO  c.h.p.o.HiveMQPlatformOperatorApplication - HiveMQ Platform Operator is stopping...
2025-01-29 13:25:07,449 INFO c.h.h.t.HelmChartContainer - [hivemq-test-hivemq-platform] [hivemq-platform-operator] [efddf6ca] 13:25:07.447 [application-shutdown-thread] INFO  i.javaoperatorsdk.operator.Operator - Operator SDK 4.9.7 is shutting down...
2025-01-29 13:25:07,458 INFO c.h.h.t.HelmChartContainer - [K3S] [replica_set.go:679] "Finished syncing" kind="ReplicaSet" key="helmmetricsserviceit-operator/hivemq-test-hivemq-platform-operator-6966f96d65" duration="23.81571ms"
2025-01-29 13:25:07,458 INFO c.h.h.t.HelmChartContainer - [K3S] [replica_set.go:679] "Finished syncing" kind="ReplicaSet" key="helmmetricsserviceit-operator/hivemq-test-hivemq-platform-operator-6966f96d65" duration="34.103µs"
2025-01-29 13:25:07,513 INFO c.h.h.t.HelmChartContainer - [K3S] [kubelet_volumes.go:163] "Cleaned up orphaned pod volumes dir" podUID="d2de5e0d-30bc-4e4e-a8c0-01062d1196c1" path="/var/lib/kubelet/pods/d2de5e0d-30bc-4e4e-a8c0-01062d1196c1/volumes"
2025-01-29 13:25:08,053 INFO c.h.h.t.HelmChartContainer - [K3S] [scope.go:117] "RemoveContainer" containerID="63b0cd5180e055afe08139f7df862b2b0ecc99be8aba4bccb96038fcdffb8d5f"
2025-01-29 13:25:08,056 INFO c.h.h.t.HelmChartContainer - [K3S] [scope.go:117] "RemoveContainer" containerID="63b0cd5180e055afe08139f7df862b2b0ecc99be8aba4bccb96038fcdffb8d5f"
2025-01-29 13:25:08,061 INFO c.h.h.t.HelmChartContainer - [K3S] [replica_set.go:679] "Finished syncing" kind="ReplicaSet" key="helmmetricsserviceit-operator/hivemq-test-hivemq-platform-operator-6966f96d65" duration="46.447µs"
2025-01-29 13:25:08,062 INFO c.h.h.t.HelmChartContainer - [POD] hivemq-test-hivemq-platform-operator-6966f96d65-6s6bq [efddf6ca-b2dc-493c-b121-c7dc9f735459] in helmmetricsserviceit-operator was MODIFIED
2025-01-29 13:25:08,107 INFO c.h.h.t.HelmChartContainer - [K3S] [reconciler_common.go:162] "operationExecutor.UnmountVolume started for volume \"kube-api-access-wxkr4\" (UniqueName: \"kubernetes.io/projected/efddf6ca-b2dc-493c-b121-c7dc9f735459-kube-api-access-wxkr4\") pod \"efddf6ca-b2dc-493c-b121-c7dc9f735459\" (UID: \"efddf6ca-b2dc-493c-b121-c7dc9f735459\") "
2025-01-29 13:25:08,208 INFO c.h.h.t.HelmChartContainer - [K3S] [reconciler_common.go:299] "Volume detached for volume \"kube-api-access-wxkr4\" (UniqueName: \"kubernetes.io/projected/efddf6ca-b2dc-493c-b121-c7dc9f735459-kube-api-access-wxkr4\") on node \"bd3ce72ce098\" DevicePath \"\""
2025-01-29 13:25:09,068 INFO c.h.h.t.HelmChartContainer - [K3S] [replica_set.go:679] "Finished syncing" kind="ReplicaSet" key="helmmetricsserviceit-operator/hivemq-test-hivemq-platform-operator-6966f96d65" duration="47.6µs"
2025-01-29 13:25:09,068 INFO c.h.h.t.HelmChartContainer - [POD] hivemq-test-hivemq-platform-operator-6966f96d65-6s6bq [efddf6ca-b2dc-493c-b121-c7dc9f735459] in helmmetricsserviceit-operator was MODIFIED
2025-01-29 13:25:09,071 INFO c.h.h.t.HelmChartContainer - [K3S] [replica_set.go:679] "Finished syncing" kind="ReplicaSet" key="helmmetricsserviceit-operator/hivemq-test-hivemq-platform-operator-6966f96d65" duration="32.07µs"
2025-01-29 13:25:09,073 INFO c.h.h.t.HelmChartContainer - [POD] hivemq-test-hivemq-platform-operator-6966f96d65-6s6bq [efddf6ca-b2dc-493c-b121-c7dc9f735459] in helmmetricsserviceit-operator was DELETED
2025-01-29 13:25:09,088 INFO c.h.h.t.HelmChartContainer - [K3S] [replica_set.go:679] "Finished syncing" kind="ReplicaSet" key="helmmetricsserviceit-operator/hivemq-test-hivemq-platform-operator-6966f96d65" duration="9.438µs"
2025-01-29 13:25:09,453 INFO c.h.h.t.HelmChartContainer - Deleting namespace 'helmmetricsserviceit-operator'...
2025-01-29 13:25:09,512 INFO c.h.h.t.HelmChartContainer - [K3S] [kubelet_volumes.go:163] "Cleaned up orphaned pod volumes dir" podUID="efddf6ca-b2dc-493c-b121-c7dc9f735459" path="/var/lib/kubelet/pods/efddf6ca-b2dc-493c-b121-c7dc9f735459/volumes"
2025-01-29 13:25:12,221 INFO c.h.h.t.HelmChartContainer - [K3S] [namespace_controller.go:187] "Namespace has been deleted" namespace="helmmetricsserviceit"
2025-01-29 13:25:14,669 INFO c.h.h.t.HelmChartContainer - Namespace 'helmmetricsserviceit-operator' deleted
2025-01-29 13:25:14,669 INFO c.h.h.t.HelmChartContainer - Release 'test-hivemq-platform-operator' in namespace 'helmmetricsserviceit-operator' is uninstalled
2025-01-29 13:25:15,398 INFO c.h.helmcharts.AbstractHelmChartIT - Removed unused containers:

2025-01-29 13:25:19,574 INFO c.h.h.t.HelmChartContainer - [K3S] [namespace_controller.go:187] "Namespace has been deleted" namespace="helmmetricsserviceit-operator"
2025-01-29 13:25:23,303 INFO c.h.helmcharts.AbstractHelmChartIT - Removed unused snapshots:
Removing snapshot sha256:03af251906410714c5aef9fa705b63f6bbc39c4a5e787de7361eeb18886c2ed2
Removing snapshot sha256:0c46b3b43cce082ce5ec34ffc6c294e0417d17b9d1e6f366d114b6aadc4f96dc
Removing snapshot sha256:0ce761beee59082d6ed5bcebd3a805b8ddd9b3426b617e4809e7fb7c6587ffec
Removing snapshot sha256:0df91287303208332c8ff6ba40ae4710105201739addbfbddfb955f1ad593664
Removing snapshot sha256:1021ef88c7974bfff89c5a0ec4fd3160daac6c48a075f74cff721f85dd104e68
Removing snapshot sha256:10aba4953ddc18145dd38e3704709bc464aa20af60b56fe52caaff4b68411e62
Removing snapshot sha256:2573e0d8158209ed54ab25c87bcdcb00bd3d2539246960a3d592a1c599d70465
Removing snapshot sha256:362a8a37f8bbc31925a8146adcf7cf51f9882f5c1dcbef67c5baa03a297543c0
Removing snapshot sha256:37b66ab370a939dc026e1c7597cded8a74d654f0d0d6bc0a380cc669dd9a7a66
Removing snapshot sha256:3fa4ad33f0ddc8fd45b39b6b4640f82a3a83619606cd975bfe89d8710ad2d4cd
Removing snapshot sha256:43a7c979bbaba6838bc3102d6b10a1459f3ab050b87ccdfef84ef90cf43d3058
Removing snapshot sha256:4ab04491cdf0d3267f08206fe30bd48f49f94b9cab2f016d6739220f722a64af
Removing snapshot sha256:4b6068250e89c96f263060261819c7d912855bfbd64b3eb4c4a8483299b8c295
Removing snapshot sha256:580e69a0a8034ede1921139bbd2bfb72a69ebf276d008281896c32dd8bf74775
Removing snapshot sha256:5d30ba46b27fe37484567ccc5242cadc78217b8da605f3f195ef25cbf7487904
Removing snapshot sha256:63ca1fbb43ae5034640e5e6cb3e083e05c290072c5366fcaa9d62435a4cced85
Removing snapshot sha256:67f702c6baae873bceb19487c8b1f27bd2b86077e4f2f0e480e6d60ab508b8f5
Removing snapshot sha256:6864348dd42806d552efdec384f1274be15e2d0c10ce44c1f04347af004c10a9
Removing snapshot sha256:6c7dee8f2c39b84b7dc2711c01d33de93514d9055499173e9290176fbe484b6c
Removing snapshot sha256:82753493a6d61ded36556292f02f31841a14c20d2f279f19eaad65afb661d5cd
Removing snapshot sha256:8a10d3db42c505ee0fcfa98417bdd7e39b304f6bcc0a06bb1b220797ff2cc63c
Removing snapshot sha256:a21e5b12dbac529ad45d976eb9ce45c881f3bedcc500fb30aba1e52aa1813418
Removing snapshot sha256:b921e6c28969094157f9b8e7244677780319637afd14450b7cb6b2fdea558a0c
Removing snapshot sha256:bc27ecb5769a00e309cf99ebc763c4a4b958b618d1decc96ffac5bc05f02f5b7
Removing snapshot sha256:be3ccb6627a5332e309d45ef461d09b4879dd870c7394d89323d0ebc6ca6aa8a
Removing snapshot sha256:c261f7cbbc64211ee175ee47273acdb7b1a36a4450b397a064a8f2c026490095
Removing snapshot sha256:c34d9393647eea0c9e3557ab988efaf59f61d10a2a5613b439ef0958cca5ec10
Removing snapshot sha256:c4405a73c3cca288ce4bd72c8299aeeb9481c69da28a6d1b9e3582d68204933a
Removing snapshot sha256:ccf3c4a0fa967a41c1c83497a2ce6fa5787965859df0adb32c4ca2cf7490bc2b
Removing snapshot sha256:cf92d33f869417309692088c341cd0f223c178ea78a125f757317b22aa8f90e9
Removing snapshot sha256:d0037344cf2fb078884f1849f6a1f8cf9a33a3b6139b6a85833e5ee528e1f9a8
Removing snapshot sha256:d3b36d5b79273b1e98e7700470eaeff05a882e777124d84cebcc1505b85ecb36
Removing snapshot sha256:d65a44a37914602d12c611e5e22a50f11451d847e63015cc1c2aef92dee777a4
Removing snapshot sha256:e2dc0bae2455930f23ae570e019b7f32edc75c0f2d71cab084db837ff9051796
Removing snapshot sha256:eccbd24a99c60cd9e86ee5305dbfc4a4dc89f5ab4fb1f06c8d64797cecedef34
Removing snapshot sha256:f144bb4c7c7f0d2aa7eeffd36d934ec40db1ee167be727e326aad9fdc616f475

]]></system-out>
  </testcase>
  <testcase name="platformChart_withCustomMetrics_thenMetricsAvailable()" classname="com.hivemq.helmcharts.services.HelmMetricsServiceIT" time="99.487">
    <system-out><![CDATA[2025-01-29 13:25:23,304 INFO c.h.h.t.HelmChartContainer - Creating namespace 'helmmetricsserviceit-operator'...
2025-01-29 13:25:23,309 INFO c.h.h.t.HelmChartContainer - Namespace 'helmmetricsserviceit-operator' created
2025-01-29 13:25:23,309 INFO c.h.h.t.HelmChartContainer - Creating namespace 'helmmetricsserviceit'...
2025-01-29 13:25:23,315 INFO c.h.h.t.HelmChartContainer - Namespace 'helmmetricsserviceit' created
2025-01-29 13:25:23,381 DEBUG c.h.h.t.HelmChartContainer - Executing helm command: /bin/helm --kubeconfig /etc/rancher/k3s/k3s.yaml install test-hivemq-platform-operator /charts/hivemq-platform-operator --wait --timeout 5m0s --set image.repository=docker.io/hivemq --set image.name=hivemq-platform-operator-test --set image.initImageName=hivemq-platform-operator-init-test --set image.tag=snapshot --set image.pullPolicy=Never --set logLevel=DEBUG --set resources.cpu=512m --namespace helmmetricsserviceit-operator
2025-01-29 13:25:23,721 INFO c.h.h.t.HelmChartContainer - [K3S] [alloc.go:330] "allocated clusterIPs" service="helmmetricsserviceit-operator/hivemq-platform-operator-test-hivemq-platform-operator" clusterIPs={"IPv4":"10.43.231.72"}
2025-01-29 13:25:23,748 INFO c.h.h.t.HelmChartContainer - [EVENT] Normal [ScalingReplicaSet] Scaled up replica set hivemq-test-hivemq-platform-operator-6966f96d65 from 0 to 1 [helmmetricsserviceit-operator:hivemq-test-hivemq-platform-operator]
2025-01-29 13:25:23,754 INFO c.h.h.t.HelmChartContainer - [POD] hivemq-test-hivemq-platform-operator-6966f96d65-9v7hp [42df55e0-af62-4dbd-a8c1-6c037e5f295f] in helmmetricsserviceit-operator was ADDED
2025-01-29 13:25:23,764 INFO c.h.h.t.HelmChartContainer - [EVENT] Normal [SuccessfulCreate] Created pod: hivemq-test-hivemq-platform-operator-6966f96d65-9v7hp [helmmetricsserviceit-operator:hivemq-test-hivemq-platform-operator-6966f96d65]
2025-01-29 13:25:23,766 INFO c.h.h.t.HelmChartContainer - [POD] hivemq-test-hivemq-platform-operator-6966f96d65-9v7hp [42df55e0-af62-4dbd-a8c1-6c037e5f295f] in helmmetricsserviceit-operator was MODIFIED
2025-01-29 13:25:23,768 INFO c.h.h.t.HelmChartContainer - [K3S] [memory_manager.go:355] "RemoveStaleState removing state" podUID="efddf6ca-b2dc-493c-b121-c7dc9f735459" containerName="hivemq-platform-operator"
2025-01-29 13:25:23,768 INFO c.h.h.t.HelmChartContainer - [K3S] [memory_manager.go:355] "RemoveStaleState removing state" podUID="d2de5e0d-30bc-4e4e-a8c0-01062d1196c1" containerName="hivemq"
2025-01-29 13:25:23,770 INFO c.h.h.t.HelmChartContainer - [K3S] [replica_set.go:679] "Finished syncing" kind="ReplicaSet" key="helmmetricsserviceit-operator/hivemq-test-hivemq-platform-operator-6966f96d65" duration="28.979953ms"
2025-01-29 13:25:23,774 INFO c.h.h.t.HelmChartContainer - [EVENT] Normal [Scheduled] Successfully assigned helmmetricsserviceit-operator/hivemq-test-hivemq-platform-operator-6966f96d65-9v7hp to bd3ce72ce098 [helmmetricsserviceit-operator:hivemq-test-hivemq-platform-operator-6966f96d65-9v7hp]
2025-01-29 13:25:23,780 INFO c.h.h.t.HelmChartContainer - [K3S] [replica_set.go:679] "Finished syncing" kind="ReplicaSet" key="helmmetricsserviceit-operator/hivemq-test-hivemq-platform-operator-6966f96d65" duration="8.62048ms"
2025-01-29 13:25:23,780 INFO c.h.h.t.HelmChartContainer - [K3S] [replica_set.go:679] "Finished syncing" kind="ReplicaSet" key="helmmetricsserviceit-operator/hivemq-test-hivemq-platform-operator-6966f96d65" duration="37.33µs"
2025-01-29 13:25:23,784 INFO c.h.h.t.HelmChartContainer - [K3S] [replica_set.go:679] "Finished syncing" kind="ReplicaSet" key="helmmetricsserviceit-operator/hivemq-test-hivemq-platform-operator-6966f96d65" duration="29.616µs"
2025-01-29 13:25:23,787 INFO c.h.h.t.HelmChartContainer - [POD] hivemq-test-hivemq-platform-operator-6966f96d65-9v7hp [42df55e0-af62-4dbd-a8c1-6c037e5f295f] in helmmetricsserviceit-operator was MODIFIED
2025-01-29 13:25:23,803 INFO c.h.h.t.HelmChartContainer - [K3S] [reconciler_common.go:251] "operationExecutor.VerifyControllerAttachedVolume started for volume \"kube-api-access-qpzk2\" (UniqueName: \"kubernetes.io/projected/42df55e0-af62-4dbd-a8c1-6c037e5f295f-kube-api-access-qpzk2\") pod \"hivemq-test-hivemq-platform-operator-6966f96d65-9v7hp\" (UID: \"42df55e0-af62-4dbd-a8c1-6c037e5f295f\") " pod="helmmetricsserviceit-operator/hivemq-test-hivemq-platform-operator-6966f96d65-9v7hp"
2025-01-29 13:25:24,159 INFO c.h.h.t.HelmChartContainer - [EVENT] Normal [Pulled] Container image "docker.io/hivemq/hivemq-platform-operator-test:snapshot" already present on machine [helmmetricsserviceit-operator:hivemq-test-hivemq-platform-operator-6966f96d65-9v7hp]
2025-01-29 13:25:24,159 INFO c.h.h.t.HelmChartContainer - Received Pulled event for container hivemq-platform-operator in pod hivemq-test-hivemq-platform-operator-6966f96d65-9v7hp [42df55e0-af62-4dbd-a8c1-6c037e5f295f]
2025-01-29 13:25:25,402 INFO c.h.h.t.HelmChartContainer - [EVENT] Normal [Created] Created container: hivemq-platform-operator [helmmetricsserviceit-operator:hivemq-test-hivemq-platform-operator-6966f96d65-9v7hp]
2025-01-29 13:25:25,402 INFO c.h.h.t.HelmChartContainer - Received Created event for container hivemq-platform-operator in pod hivemq-test-hivemq-platform-operator-6966f96d65-9v7hp [42df55e0-af62-4dbd-a8c1-6c037e5f295f]
2025-01-29 13:25:26,094 INFO c.h.h.t.HelmChartContainer - [K3S] [replica_set.go:679] "Finished syncing" kind="ReplicaSet" key="helmmetricsserviceit-operator/hivemq-test-hivemq-platform-operator-6966f96d65" duration="42.729µs"
2025-01-29 13:25:26,096 INFO c.h.h.t.HelmChartContainer - [POD] hivemq-test-hivemq-platform-operator-6966f96d65-9v7hp [42df55e0-af62-4dbd-a8c1-6c037e5f295f] in helmmetricsserviceit-operator was MODIFIED
2025-01-29 13:25:26,106 INFO c.h.h.t.HelmChartContainer - Started log watcher for hivemq-platform-operator in pod hivemq-test-hivemq-platform-operator-6966f96d65-9v7hp [42df55e0-af62-4dbd-a8c1-6c037e5f295f]
2025-01-29 13:25:26,106 INFO c.h.h.t.HelmChartContainer - [EVENT] Normal [Started] Started container hivemq-platform-operator [helmmetricsserviceit-operator:hivemq-test-hivemq-platform-operator-6966f96d65-9v7hp]
2025-01-29 13:25:26,107 INFO c.h.h.t.HelmChartContainer - Received Started event for container hivemq-platform-operator in pod hivemq-test-hivemq-platform-operator-6966f96d65-9v7hp [42df55e0-af62-4dbd-a8c1-6c037e5f295f]
2025-01-29 13:25:26,107 INFO c.h.h.t.HelmChartContainer - [hivemq-test-hivemq-platform] [hivemq-platform-operator] [42df55e0] -------------------------------------------------------------------------
2025-01-29 13:25:26,107 INFO c.h.h.t.HelmChartContainer - [hivemq-test-hivemq-platform] [hivemq-platform-operator] [42df55e0] 
2025-01-29 13:25:26,107 INFO c.h.h.t.HelmChartContainer - [hivemq-test-hivemq-platform] [hivemq-platform-operator] [42df55e0]                   _    _  _              __  __   ____
2025-01-29 13:25:26,107 INFO c.h.h.t.HelmChartContainer - [hivemq-test-hivemq-platform] [hivemq-platform-operator] [42df55e0]                  | |  | |(_)            |  \/  | / __ \
2025-01-29 13:25:26,107 INFO c.h.h.t.HelmChartContainer - [hivemq-test-hivemq-platform] [hivemq-platform-operator] [42df55e0]                  | |__| | _ __   __ ___ | \  / || |  | |
2025-01-29 13:25:26,107 INFO c.h.h.t.HelmChartContainer - [hivemq-test-hivemq-platform] [hivemq-platform-operator] [42df55e0]                  |  __  || |\ \ / // _ \| |\/| || |  | |
2025-01-29 13:25:26,107 INFO c.h.h.t.HelmChartContainer - [hivemq-test-hivemq-platform] [hivemq-platform-operator] [42df55e0]                  | |  | || | \ V /|  __/| |  | || |__| |
2025-01-29 13:25:26,107 INFO c.h.h.t.HelmChartContainer - [hivemq-test-hivemq-platform] [hivemq-platform-operator] [42df55e0]                  |_|  |_||_|  \_/  \___||_|  |_| \___\_\
2025-01-29 13:25:26,107 INFO c.h.h.t.HelmChartContainer - [hivemq-test-hivemq-platform] [hivemq-platform-operator] [42df55e0] 
2025-01-29 13:25:26,107 INFO c.h.h.t.HelmChartContainer - [hivemq-test-hivemq-platform] [hivemq-platform-operator] [42df55e0] -------------------------------------------------------------------------
2025-01-29 13:25:26,107 INFO c.h.h.t.HelmChartContainer - [hivemq-test-hivemq-platform] [hivemq-platform-operator] [42df55e0] 
2025-01-29 13:25:26,107 INFO c.h.h.t.HelmChartContainer - [hivemq-test-hivemq-platform] [hivemq-platform-operator] [42df55e0]   HiveMQ Platform Operator Start Script v1.0
2025-01-29 13:25:26,107 INFO c.h.h.t.HelmChartContainer - [hivemq-test-hivemq-platform] [hivemq-platform-operator] [42df55e0] 
2025-01-29 13:25:26,107 INFO c.h.h.t.HelmChartContainer - [hivemq-test-hivemq-platform] [hivemq-platform-operator] [42df55e0] -------------------------------------------------------------------------
2025-01-29 13:25:26,108 INFO c.h.h.t.HelmChartContainer - [hivemq-test-hivemq-platform] [hivemq-platform-operator] [42df55e0] 
2025-01-29 13:25:26,108 INFO c.h.h.t.HelmChartContainer - [hivemq-test-hivemq-platform] [hivemq-platform-operator] [42df55e0]   JAVA_OPTS: -XX:+UnlockExperimentalVMOptions -XX:InitialRAMPercentage=75 -XX:MaxRAMPercentage=75 -Duser.language=en -Duser.region=US
2025-01-29 13:25:26,108 INFO c.h.h.t.HelmChartContainer - [hivemq-test-hivemq-platform] [hivemq-platform-operator] [42df55e0] 
2025-01-29 13:25:26,108 INFO c.h.h.t.HelmChartContainer - [hivemq-test-hivemq-platform] [hivemq-platform-operator] [42df55e0]   JAVA_VERSION: 21
2025-01-29 13:25:26,108 INFO c.h.h.t.HelmChartContainer - [hivemq-test-hivemq-platform] [hivemq-platform-operator] [42df55e0] 
2025-01-29 13:25:26,108 INFO c.h.h.t.HelmChartContainer - [hivemq-test-hivemq-platform] [hivemq-platform-operator] [42df55e0] -------------------------------------------------------------------------
2025-01-29 13:25:26,108 INFO c.h.h.t.HelmChartContainer - [hivemq-test-hivemq-platform] [hivemq-platform-operator] [42df55e0] 
2025-01-29 13:25:28,815 INFO c.h.h.t.HelmChartContainer - [hivemq-test-hivemq-platform] [hivemq-platform-operator] [42df55e0] 13:25:28.731 [main] DEBUG org.jboss.logging - Logging Provider: org.jboss.logging.Slf4jLoggerProvider
2025-01-29 13:25:28,883 INFO c.h.h.t.HelmChartContainer - [hivemq-test-hivemq-platform] [hivemq-platform-operator] [42df55e0] 13:25:28.882 [main] DEBUG io.smallrye.config - SRCFG01006: Loaded ConfigSource SysPropConfigSource with ordinal 400
2025-01-29 13:25:28,883 INFO c.h.h.t.HelmChartContainer - [hivemq-test-hivemq-platform] [hivemq-platform-operator] [42df55e0] 13:25:28.882 [main] DEBUG io.smallrye.config - SRCFG01006: Loaded ConfigSource EnvConfigSource with ordinal 300
2025-01-29 13:25:28,883 INFO c.h.h.t.HelmChartContainer - [hivemq-test-hivemq-platform] [hivemq-platform-operator] [42df55e0] 13:25:28.882 [main] DEBUG io.smallrye.config - SRCFG01006: Loaded ConfigSource PropertiesConfigSource[source=jar:file:///opt/hivemq-platform-operator/bin/hivemq-platform-operator.jar!/hivemq-platform-operator.properties] with ordinal 100
2025-01-29 13:25:28,883 INFO c.h.h.t.HelmChartContainer - [hivemq-test-hivemq-platform] [hivemq-platform-operator] [42df55e0] 13:25:28.882 [main] DEBUG io.smallrye.config - SRCFG01006: Loaded ConfigSource DefaultValuesConfigSource with ordinal -2147483648
2025-01-29 13:25:28,980 INFO c.h.h.t.HelmChartContainer - [hivemq-test-hivemq-platform] [hivemq-platform-operator] [42df55e0] 13:25:28.978 [main] DEBUG i.m.c.u.i.l.InternalLoggerFactory - Using SLF4J as the default logging framework
2025-01-29 13:25:29,123 INFO c.h.h.t.HelmChartContainer - [hivemq-test-hivemq-platform] [hivemq-platform-operator] [42df55e0] 13:25:29.079 [main] INFO  c.h.p.o.HiveMQPlatformOperatorApplication - HiveMQ Platform Operator 1.7.0-SNAPSHOT (commit: bebf408 on branch: HEAD) built on Sun Jan 26 20:47:47 UTC 2025
2025-01-29 13:25:29,123 INFO c.h.h.t.HelmChartContainer - [hivemq-test-hivemq-platform] [hivemq-platform-operator] [42df55e0] 13:25:29.122 [main] INFO  c.h.p.o.HiveMQPlatformOperatorApplication - HiveMQ Platform Operator is running in namespace: helmmetricsserviceit-operator
2025-01-29 13:25:29,124 INFO c.h.h.t.HelmChartContainer - [hivemq-test-hivemq-platform] [hivemq-platform-operator] [42df55e0] 13:25:29.122 [main] INFO  c.h.p.o.HiveMQPlatformOperatorApplication - Watching all namespaces
2025-01-29 13:25:29,124 INFO c.h.h.t.HelmChartContainer - [hivemq-test-hivemq-platform] [hivemq-platform-operator] [42df55e0] 13:25:29.122 [main] INFO  c.h.p.o.HiveMQPlatformOperatorApplication - Log level: DEBUG
2025-01-29 13:25:29,124 INFO c.h.h.t.HelmChartContainer - [hivemq-test-hivemq-platform] [hivemq-platform-operator] [42df55e0] 13:25:29.122 [main] INFO  c.h.p.o.HiveMQPlatformOperatorApplication - Release name: test-hivemq-platform-operator
2025-01-29 13:25:29,124 INFO c.h.h.t.HelmChartContainer - [hivemq-test-hivemq-platform] [hivemq-platform-operator] [42df55e0] 13:25:29.122 [main] INFO  c.h.p.o.HiveMQPlatformOperatorApplication - HiveMQ Platform Operator Init image: docker.io/hivemq/hivemq-platform-operator-init-test:snapshot
2025-01-29 13:25:29,124 INFO c.h.h.t.HelmChartContainer - [hivemq-test-hivemq-platform] [hivemq-platform-operator] [42df55e0] 13:25:29.122 [main] INFO  c.h.p.o.HiveMQPlatformOperatorApplication - HiveMQ Platform Operator Init App update URL: http://hivemq-platform-operator-test-hivemq-platform-operator.helmmetricsserviceit-operator.svc:8080/initAppUpdate/hivemq-platform-operator-init-app-1.7.0-SNAPSHOT.jar
2025-01-29 13:25:29,124 INFO c.h.h.t.HelmChartContainer - [hivemq-test-hivemq-platform] [hivemq-platform-operator] [42df55e0] 13:25:29.122 [main] INFO  c.h.p.o.HiveMQPlatformOperatorApplication - Additional imagePullSecret for all Platform deployments: none
2025-01-29 13:25:29,124 INFO c.h.h.t.HelmChartContainer - [hivemq-test-hivemq-platform] [hivemq-platform-operator] [42df55e0] 13:25:29.122 [main] INFO  c.h.p.o.HiveMQPlatformOperatorApplication - Apply HiveMQ Platform CRD: true
2025-01-29 13:25:29,124 INFO c.h.h.t.HelmChartContainer - [hivemq-test-hivemq-platform] [hivemq-platform-operator] [42df55e0] 13:25:29.123 [main] INFO  c.h.p.o.HiveMQPlatformOperatorApplication - Create Platform ServiceAccount: true
2025-01-29 13:25:29,124 INFO c.h.h.t.HelmChartContainer - [hivemq-test-hivemq-platform] [hivemq-platform-operator] [42df55e0] 13:25:29.123 [main] INFO  c.h.p.o.HiveMQPlatformOperatorApplication - Create Platform ServiceAccount permissions: true
2025-01-29 13:25:29,124 INFO c.h.h.t.HelmChartContainer - [hivemq-test-hivemq-platform] [hivemq-platform-operator] [42df55e0] 13:25:29.123 [main] INFO  c.h.p.o.HiveMQPlatformOperatorApplication - Validate Platform ServiceAccount: true
2025-01-29 13:25:29,124 INFO c.h.h.t.HelmChartContainer - [hivemq-test-hivemq-platform] [hivemq-platform-operator] [42df55e0] 13:25:29.123 [main] INFO  c.h.p.o.HiveMQPlatformOperatorApplication - Validate Platform ServiceAccount permissions: true
2025-01-29 13:25:29,325 INFO c.h.h.t.HelmChartContainer - [hivemq-test-hivemq-platform] [hivemq-platform-operator] [42df55e0] 13:25:29.324 [main] INFO  c.h.platform.operator.util.CRDUtil - Verifying deployed HiveMQ Platform CRD...
2025-01-29 13:25:31,824 INFO c.h.h.t.HelmChartContainer - [hivemq-test-hivemq-platform] [hivemq-platform-operator] [42df55e0] 13:25:31.823 [main] DEBUG c.h.platform.operator.util.CRDUtil - HiveMQ Platform CRD version v1 is up to date
2025-01-29 13:25:31,825 INFO c.h.h.t.HelmChartContainer - [hivemq-test-hivemq-platform] [hivemq-platform-operator] [42df55e0] 13:25:31.823 [main] INFO  c.h.platform.operator.util.CRDUtil - HiveMQ Platform CRD is up to date (version: V1_6_0)
2025-01-29 13:25:31,825 INFO c.h.h.t.HelmChartContainer - [hivemq-test-hivemq-platform] [hivemq-platform-operator] [42df55e0] 13:25:31.824 [main] INFO  c.h.platform.operator.util.CRDUtil - Waiting 10000 ms for HiveMQ Platform CRD 'hivemq-platforms.hivemq.com' to become ready...
2025-01-29 13:25:32,129 INFO c.h.h.t.HelmChartContainer - [hivemq-test-hivemq-platform] [hivemq-platform-operator] [42df55e0] 13:25:32.127 [vert.x-eventloop-thread-1] DEBUG c.h.platform.operator.util.CRDUtil - Checking CRD condition 'NamesAccepted' (status: 'True')
2025-01-29 13:25:32,129 INFO c.h.h.t.HelmChartContainer - [hivemq-test-hivemq-platform] [hivemq-platform-operator] [42df55e0] 13:25:32.128 [vert.x-eventloop-thread-1] DEBUG c.h.platform.operator.util.CRDUtil - Checking CRD condition 'Established' (status: 'True')
2025-01-29 13:25:32,129 INFO c.h.h.t.HelmChartContainer - [hivemq-test-hivemq-platform] [hivemq-platform-operator] [42df55e0] 13:25:32.128 [main] INFO  c.h.platform.operator.util.CRDUtil - HiveMQ Platform CRD 'hivemq-platforms.hivemq.com' is ready
2025-01-29 13:25:32,325 INFO c.h.h.t.HelmChartContainer - [hivemq-test-hivemq-platform] [hivemq-platform-operator] [42df55e0] 13:25:32.323 [main] INFO  c.h.p.o.HiveMQPlatformReconciler - HiveMQ Platform Operator is starting...
2025-01-29 13:25:32,426 INFO c.h.h.t.HelmChartContainer - [hivemq-test-hivemq-platform] [hivemq-platform-operator] [42df55e0] 13:25:32.425 [main] WARN  Default ConfigurationService implementation - Configuration for reconciler 'hivemq-controller' was not found. Known reconcilers: None.
2025-01-29 13:25:32,434 INFO c.h.h.t.HelmChartContainer - [hivemq-test-hivemq-platform] [hivemq-platform-operator] [42df55e0] 13:25:32.433 [main] INFO  Default ConfigurationService implementation - Created configuration for reconciler com.hivemq.platform.operator.HiveMQPlatformReconciler with name hivemq-controller
2025-01-29 13:25:32,535 INFO c.h.h.t.HelmChartContainer - [hivemq-test-hivemq-platform] [hivemq-platform-operator] [42df55e0] 13:25:32.534 [main] DEBUG c.h.p.o.HiveMQPlatformReconciler - HiveMQ Platform Operator is preparing EventSources
2025-01-29 13:25:32,623 INFO c.h.h.t.HelmChartContainer - [hivemq-test-hivemq-platform] [hivemq-platform-operator] [42df55e0] 13:25:32.622 [main] INFO  i.javaoperatorsdk.operator.Operator - Registered reconciler: 'hivemq-controller' for resource: 'class com.hivemq.platform.operator.v1.HiveMQPlatform' for namespace(s): [all namespaces]
2025-01-29 13:25:33,227 INFO c.h.h.t.HelmChartContainer - [hivemq-test-hivemq-platform] [hivemq-platform-operator] [42df55e0] 13:25:33.226 [main] INFO  c.h.p.operator.webserver.JettyServer - Starting Jetty server on port 8080
2025-01-29 13:25:33,325 INFO c.h.h.t.HelmChartContainer - [hivemq-test-hivemq-platform] [hivemq-platform-operator] [42df55e0] 13:25:33.324 [main] INFO  i.javaoperatorsdk.operator.Operator - Operator SDK 4.9.7 (commit: 2133d28) built on Wed Nov 20 12:56:20 UTC 2024 starting...
2025-01-29 13:25:33,325 INFO c.h.h.t.HelmChartContainer - [hivemq-test-hivemq-platform] [hivemq-platform-operator] [42df55e0] 13:25:33.324 [main] INFO  i.javaoperatorsdk.operator.Operator - Client version: 6.13.4
2025-01-29 13:25:33,326 INFO c.h.h.t.HelmChartContainer - [hivemq-test-hivemq-platform] [hivemq-platform-operator] [42df55e0] 13:25:33.326 [Controller Starter for: hivemq-controller] INFO  i.j.operator.processing.Controller - Starting 'hivemq-controller' controller for reconciler: com.hivemq.platform.operator.HiveMQPlatformReconciler, resource: com.hivemq.platform.operator.v1.HiveMQPlatform
2025-01-29 13:25:35,816 INFO c.h.h.t.HelmChartContainer - [hivemq-test-hivemq-platform] [hivemq-platform-operator] [42df55e0] 13:25:35.814 [Controller Starter for: hivemq-controller] INFO  i.j.operator.processing.Controller - 'hivemq-controller' controller started
2025-01-29 13:25:35,816 INFO c.h.h.t.HelmChartContainer - [hivemq-test-hivemq-platform] [hivemq-platform-operator] [42df55e0] 13:25:35.815 [main] INFO  c.h.p.o.HiveMQPlatformOperatorApplication - HiveMQ Platform Operator 1.7.0-SNAPSHOT started in 6735 ms
2025-01-29 13:25:37,102 INFO c.h.h.t.HelmChartContainer - [POD] hivemq-test-hivemq-platform-operator-6966f96d65-9v7hp [42df55e0-af62-4dbd-a8c1-6c037e5f295f] in helmmetricsserviceit-operator was MODIFIED
2025-01-29 13:25:37,109 INFO c.h.h.t.HelmChartContainer - [K3S] [replica_set.go:679] "Finished syncing" kind="ReplicaSet" key="helmmetricsserviceit-operator/hivemq-test-hivemq-platform-operator-6966f96d65" duration="8.156368ms"
2025-01-29 13:25:37,110 INFO c.h.h.t.HelmChartContainer - [K3S] [replica_set.go:679] "Finished syncing" kind="ReplicaSet" key="helmmetricsserviceit-operator/hivemq-test-hivemq-platform-operator-6966f96d65" duration="46.497µs"
2025-01-29 13:25:37,859 DEBUG c.h.h.t.HelmChartContainer - Executing helm command: /bin/helm --kubeconfig /etc/rancher/k3s/k3s.yaml install test-hivemq-platform /charts/hivemq-platform --wait --timeout 5m0s --set image.repository=docker.io/hivemq --set image.tag=4.36.0 --set image.pullPolicy=Never --set nodes.resources.cpu=512m -f /files/metrics-values.yaml --namespace helmmetricsserviceit
2025-01-29 13:25:38,116 INFO c.h.h.t.HelmChartContainer - [hivemq-test-hivemq-platform] [hivemq-platform-operator] [42df55e0] 13:25:38.114 [-373097727-pool-1-thread-4] WARN  i.m.p.PrometheusMeterRegistry - The meter (MeterId{name='operator.sdk.events.received', tags=[tag(action=ADDED),tag(event=ResourceEvent),tag(group=hivemq.com),tag(kind=HiveMQPlatform),tag(name=test-hivemq-platform),tag(namespace=helmmetricsserviceit),tag(scope=namespace),tag(version=v1)]}) registration has failed: Prometheus requires that all meters with the same name have the same set of tag keys. There is already an existing meter named 'operator.sdk.events.received' containing tag keys [event, group, kind, name, namespace, scope, version]. The meter you are attempting to register has keys [action, event, group, kind, name, namespace, scope, version]. Note that subsequent logs will be logged at debug level.
2025-01-29 13:25:38,524 INFO c.h.h.t.HelmChartContainer - [hivemq-test-hivemq-platform] [hivemq-platform-operator] [42df55e0] 13:25:38.523 [pool-6-thread-3] DEBUG c.h.p.o.dependants.PodInfoConfigMap - [helmmetr] Desired PodInfo ConfigMap (1 extensions) (1 enabled)
2025-01-29 13:25:38,525 INFO c.h.h.t.HelmChartContainer - [hivemq-test-hivemq-platform] [hivemq-platform-operator] [42df55e0] 13:25:38.524 [pool-6-thread-3] DEBUG c.h.p.o.dependants.PodInfoConfigMap - [helmmetr] Desired PodInfo ConfigMap (metrics port: 9499) (metrics path: /metrics)
2025-01-29 13:25:38,525 INFO c.h.h.t.HelmChartContainer - [hivemq-test-hivemq-platform] [hivemq-platform-operator] [42df55e0] 13:25:38.524 [pool-6-thread-3] DEBUG c.h.p.o.dependants.PodInfoConfigMap - [helmmetr] Desired PodInfo ConfigMap (extension state hash: 1243513115)
2025-01-29 13:25:38,580 INFO c.h.h.t.HelmChartContainer - [hivemq-test-hivemq-platform] [hivemq-platform-operator] [42df55e0] 13:25:38.579 [pool-6-thread-3] DEBUG c.h.p.o.dependants.PodInfoConfigMap - [helmmetr] Create PodInfo ConfigMap
2025-01-29 13:25:38,683 INFO c.h.h.t.HelmChartContainer - [hivemq-test-hivemq-platform] [hivemq-platform-operator] [42df55e0] 13:25:38.680 [pool-6-thread-5] DEBUG c.h.p.o.dependants.PodRoleResource - [helmmetr] Create Role: Role(apiVersion=rbac.authorization.k8s.io/v1, kind=Role, metadata=ObjectMeta(annotations={meta.helm.sh/release-name=test-hivemq-platform, meta.helm.sh/release-namespace=helmmetricsserviceit}, creationTimestamp=null, deletionGracePeriodSeconds=null, deletionTimestamp=null, finalizers=[], generateName=null, generation=null, labels={helm.sh/chart=hivemq-platform-0.2.32, app.kubernetes.io/managed-by=Helm, app.kubernetes.io/name=hivemq-platform, hivemq-platform=test-hivemq-platform, app.kubernetes.io/instance=test-hivemq-platform, app.kubernetes.io/version=4.36.0}, managedFields=[], name=hivemq-platform-role-test-hivemq-platform, namespace=helmmetricsserviceit, ownerReferences=[OwnerReference(apiVersion=hivemq.com/v1, blockOwnerDeletion=null, controller=null, kind=HiveMQPlatform, name=test-hivemq-platform, uid=befc2579-fbf2-4efb-83bc-62fb98744722, additionalProperties={})], resourceVersion=null, selfLink=null, uid=null, additionalProperties={}), rules=[PolicyRule(apiGroups=[], nonResourceURLs=[], resourceNames=[], resources=[pods], verbs=[get, patch, update], additionalProperties={})], additionalProperties={})
2025-01-29 13:25:38,785 INFO c.h.h.t.HelmChartContainer - [hivemq-test-hivemq-platform] [hivemq-platform-operator] [42df55e0] 13:25:38.783 [pool-6-thread-7] DEBUG c.h.p.o.d.PodServiceAccountResource - [helmmetr] Desired PodServiceAccountResource (serviceAccountName: hivemq-platform-pod-test-hivemq-platform)
2025-01-29 13:25:38,817 INFO c.h.h.t.HelmChartContainer - [hivemq-test-hivemq-platform] [hivemq-platform-operator] [42df55e0] 13:25:38.784 [pool-6-thread-7] DEBUG c.h.p.o.d.PodServiceAccountResource - [helmmetr] Create ServiceAccount 'hivemq-platform-pod-test-hivemq-platform'
2025-01-29 13:25:38,923 INFO c.h.h.t.HelmChartContainer - [hivemq-test-hivemq-platform] [hivemq-platform-operator] [42df55e0] 13:25:38.921 [pool-6-thread-10] DEBUG c.h.p.o.d.PodRoleBindingResource - [helmmetr] Create RoleBinding: RoleBinding(apiVersion=rbac.authorization.k8s.io/v1, kind=RoleBinding, metadata=ObjectMeta(annotations={meta.helm.sh/release-name=test-hivemq-platform, meta.helm.sh/release-namespace=helmmetricsserviceit}, creationTimestamp=null, deletionGracePeriodSeconds=null, deletionTimestamp=null, finalizers=[], generateName=null, generation=null, labels={helm.sh/chart=hivemq-platform-0.2.32, app.kubernetes.io/managed-by=Helm, app.kubernetes.io/name=hivemq-platform, hivemq-platform=test-hivemq-platform, app.kubernetes.io/instance=test-hivemq-platform, app.kubernetes.io/version=4.36.0}, managedFields=[], name=hivemq-platform-role-binding-test-hivemq-platform, namespace=helmmetricsserviceit, ownerReferences=[OwnerReference(apiVersion=hivemq.com/v1, blockOwnerDeletion=null, controller=null, kind=HiveMQPlatform, name=test-hivemq-platform, uid=befc2579-fbf2-4efb-83bc-62fb98744722, additionalProperties={})], resourceVersion=null, selfLink=null, uid=null, additionalProperties={}), roleRef=RoleRef(apiGroup=rbac.authorization.k8s.io, kind=Role, name=hivemq-platform-role-test-hivemq-platform, additionalProperties={}), subjects=[Subject(apiGroup=null, kind=ServiceAccount, name=hivemq-platform-pod-test-hivemq-platform, namespace=helmmetricsserviceit, additionalProperties={})], additionalProperties={})
2025-01-29 13:25:39,017 INFO c.h.h.t.HelmChartContainer - [hivemq-test-hivemq-platform] [hivemq-platform-operator] [42df55e0] 13:25:39.016 [ReconcilerExecutor-hivemq-controller-54] INFO  c.h.p.o.HiveMQPlatformReconciler - [helmmetr] Reconciling HiveMQ Platform 'test-hivemq-platform' in namespace 'helmmetricsserviceit'
2025-01-29 13:25:39,018 INFO c.h.h.t.HelmChartContainer - [hivemq-test-hivemq-platform] [hivemq-platform-operator] [42df55e0] 13:25:39.016 [ReconcilerExecutor-hivemq-controller-54] DEBUG c.h.p.o.HiveMQPlatformReconciler - [helmmetr] Custom Resource Status CREATED - HiveMQ Platform was created (READY)
2025-01-29 13:25:39,018 INFO c.h.h.t.HelmChartContainer - [hivemq-test-hivemq-platform] [hivemq-platform-operator] [42df55e0] 13:25:39.017 [ReconcilerExecutor-hivemq-controller-54] DEBUG c.h.p.o.HiveMQPlatformReconciler - [helmmetr] Custom Resource Spec (replicas: 1) (extensions: 1)
2025-01-29 13:25:39,021 INFO c.h.h.t.HelmChartContainer - [hivemq-test-hivemq-platform] [hivemq-platform-operator] [42df55e0] 13:25:39.020 [ReconcilerExecutor-hivemq-controller-54] INFO  c.h.p.o.h.HiveMQPlatformReconcilerBaseHandler - [helmmetr] HiveMQ Platform is starting
2025-01-29 13:25:39,184 INFO c.h.h.t.HelmChartContainer - [hivemq-test-hivemq-platform] [hivemq-platform-operator] [42df55e0] 13:25:39.183 [ReconcilerExecutor-hivemq-controller-54] DEBUG c.h.p.operator.event.EventSender - [helmmetr] Creating K8s event hivemq-platform-starting: [Start] HiveMQ Platform is starting
2025-01-29 13:25:39,219 INFO c.h.h.t.HelmChartContainer - [EVENT] Normal [Start] HiveMQ Platform is starting [helmmetricsserviceit:test-hivemq-platform]
2025-01-29 13:25:39,224 INFO c.h.h.t.HelmChartContainer - [hivemq-test-hivemq-platform] [hivemq-platform-operator] [42df55e0] 13:25:39.223 [ReconcilerExecutor-hivemq-controller-54] INFO  c.h.p.o.h.AbstractHiveMQReconcilerStateHandler - [helmmetr] Update HiveMQ Platform Status (CREATED [READY] -> STARTING [READY]): HiveMQ Platform is starting
2025-01-29 13:25:39,322 DEBUG com.hivemq.helmcharts.util.K8sUtil - Comparing actual state 'STARTING' and waiting for 'RUNNING'
2025-01-29 13:25:49,333 INFO c.h.h.t.HelmChartContainer - [hivemq-test-hivemq-platform] [hivemq-platform-operator] [42df55e0] 13:25:49.332 [pool-6-thread-12] DEBUG c.h.p.o.d.PlatformServiceResource - [helmmetr] Desired Platform services (2 services)
2025-01-29 13:25:49,336 INFO c.h.h.t.HelmChartContainer - [hivemq-test-hivemq-platform] [hivemq-platform-operator] [42df55e0] 13:25:49.334 [pool-6-thread-13] DEBUG c.h.p.o.dependants.PodInfoConfigMap - [helmmetr] Desired PodInfo ConfigMap (1 extensions) (1 enabled)
2025-01-29 13:25:49,336 INFO c.h.h.t.HelmChartContainer - [hivemq-test-hivemq-platform] [hivemq-platform-operator] [42df55e0] 13:25:49.335 [pool-6-thread-13] DEBUG c.h.p.o.dependants.PodInfoConfigMap - [helmmetr] Desired PodInfo ConfigMap (metrics port: 9499) (metrics path: /metrics)
2025-01-29 13:25:49,336 INFO c.h.h.t.HelmChartContainer - [hivemq-test-hivemq-platform] [hivemq-platform-operator] [42df55e0] 13:25:49.335 [pool-6-thread-13] DEBUG c.h.p.o.dependants.PodInfoConfigMap - [helmmetr] Desired PodInfo ConfigMap (extension state hash: 1243513115)
2025-01-29 13:25:49,340 INFO c.h.h.t.HelmChartContainer - [hivemq-test-hivemq-platform] [hivemq-platform-operator] [42df55e0] 13:25:49.338 [pool-6-thread-17] DEBUG c.h.p.o.d.PodServiceAccountResource - [helmmetr] Desired PodServiceAccountResource (serviceAccountName: hivemq-platform-pod-test-hivemq-platform)
2025-01-29 13:25:49,341 INFO c.h.h.t.HelmChartContainer - [hivemq-test-hivemq-platform] [hivemq-platform-operator] [42df55e0] 13:25:49.340 [pool-6-thread-13] DEBUG c.h.p.o.dependants.PodInfoConfigMap - [helmmetr] Update PodInfo ConfigMap
2025-01-29 13:25:49,430 INFO c.h.h.t.HelmChartContainer - [K3S] [alloc.go:330] "allocated clusterIPs" service="helmmetricsserviceit/hivemq-test-hivemq-platform-mqtt-1883" clusterIPs={"IPv4":"10.43.183.90"}
2025-01-29 13:25:49,485 INFO c.h.h.t.HelmChartContainer - [K3S] [alloc.go:330] "allocated clusterIPs" service="helmmetricsserviceit/hivemq-test-hivemq-platform-metrics-9499" clusterIPs={"IPv4":"10.43.84.219"}
2025-01-29 13:25:49,519 INFO c.h.h.t.HelmChartContainer - [hivemq-test-hivemq-platform] [hivemq-platform-operator] [42df55e0] 13:25:49.518 [pool-6-thread-20] DEBUG c.h.p.o.d.StatefulSetResource - [helmmetr] Desired StatefulSet (1 replicas) for status STARTING (READY)
2025-01-29 13:25:49,531 INFO c.h.h.t.HelmChartContainer - [hivemq-test-hivemq-platform] [hivemq-platform-operator] [42df55e0] 13:25:49.530 [pool-6-thread-20] DEBUG c.h.p.o.d.StatefulSetResource - [helmmetr] Create StatefulSet
2025-01-29 13:25:49,650 INFO c.h.h.t.HelmChartContainer - [POD] test-hivemq-platform-0 [9ed6d189-f858-423f-8fcd-4977f3e4c9cf] in helmmetricsserviceit was ADDED
2025-01-29 13:25:49,655 INFO c.h.h.t.HelmChartContainer - [EVENT] Normal [SuccessfulCreate] create Pod test-hivemq-platform-0 in StatefulSet test-hivemq-platform successful [helmmetricsserviceit:test-hivemq-platform]
2025-01-29 13:25:49,655 INFO c.h.h.t.HelmChartContainer - [EVENT] Normal [Scheduled] Successfully assigned helmmetricsserviceit/test-hivemq-platform-0 to bd3ce72ce098 [helmmetricsserviceit:test-hivemq-platform-0]
2025-01-29 13:25:49,657 INFO c.h.h.t.HelmChartContainer - [POD] test-hivemq-platform-0 [9ed6d189-f858-423f-8fcd-4977f3e4c9cf] in helmmetricsserviceit was MODIFIED
2025-01-29 13:25:49,663 INFO c.h.h.t.HelmChartContainer - [POD] test-hivemq-platform-0 [9ed6d189-f858-423f-8fcd-4977f3e4c9cf] in helmmetricsserviceit was MODIFIED
2025-01-29 13:25:49,749 INFO c.h.h.t.HelmChartContainer - [K3S] [reconciler_common.go:251] "operationExecutor.VerifyControllerAttachedVolume started for volume \"kube-api-access-gsccx\" (UniqueName: \"kubernetes.io/projected/9ed6d189-f858-423f-8fcd-4977f3e4c9cf-kube-api-access-gsccx\") pod \"test-hivemq-platform-0\" (UID: \"9ed6d189-f858-423f-8fcd-4977f3e4c9cf\") " pod="helmmetricsserviceit/test-hivemq-platform-0"
2025-01-29 13:25:49,749 INFO c.h.h.t.HelmChartContainer - [K3S] [reconciler_common.go:251] "operationExecutor.VerifyControllerAttachedVolume started for volume \"pod-info\" (UniqueName: \"kubernetes.io/configmap/9ed6d189-f858-423f-8fcd-4977f3e4c9cf-pod-info\") pod \"test-hivemq-platform-0\" (UID: \"9ed6d189-f858-423f-8fcd-4977f3e4c9cf\") " pod="helmmetricsserviceit/test-hivemq-platform-0"
2025-01-29 13:25:49,749 INFO c.h.h.t.HelmChartContainer - [K3S] [reconciler_common.go:251] "operationExecutor.VerifyControllerAttachedVolume started for volume \"broker-configuration\" (UniqueName: \"kubernetes.io/configmap/9ed6d189-f858-423f-8fcd-4977f3e4c9cf-broker-configuration\") pod \"test-hivemq-platform-0\" (UID: \"9ed6d189-f858-423f-8fcd-4977f3e4c9cf\") " pod="helmmetricsserviceit/test-hivemq-platform-0"
2025-01-29 13:25:49,749 INFO c.h.h.t.HelmChartContainer - [K3S] [reconciler_common.go:251] "operationExecutor.VerifyControllerAttachedVolume started for volume \"operator-init\" (UniqueName: \"kubernetes.io/empty-dir/9ed6d189-f858-423f-8fcd-4977f3e4c9cf-operator-init\") pod \"test-hivemq-platform-0\" (UID: \"9ed6d189-f858-423f-8fcd-4977f3e4c9cf\") " pod="helmmetricsserviceit/test-hivemq-platform-0"
2025-01-29 13:25:49,816 INFO c.h.h.t.HelmChartContainer - [hivemq-test-hivemq-platform] [hivemq-platform-operator] [42df55e0] 13:25:49.814 [ReconcilerExecutor-hivemq-controller-65] INFO  c.h.p.o.HiveMQPlatformReconciler - [helmmetr] Reconciling HiveMQ Platform 'test-hivemq-platform' in namespace 'helmmetricsserviceit'
2025-01-29 13:25:49,816 INFO c.h.h.t.HelmChartContainer - [hivemq-test-hivemq-platform] [hivemq-platform-operator] [42df55e0] 13:25:49.814 [ReconcilerExecutor-hivemq-controller-65] DEBUG c.h.p.o.HiveMQPlatformReconciler - [helmmetr] Custom Resource Status STARTING - HiveMQ Platform is starting (READY)
2025-01-29 13:25:49,816 INFO c.h.h.t.HelmChartContainer - [hivemq-test-hivemq-platform] [hivemq-platform-operator] [42df55e0] 13:25:49.814 [ReconcilerExecutor-hivemq-controller-65] DEBUG c.h.p.o.HiveMQPlatformReconciler - [helmmetr] Custom Resource Spec (replicas: 1) (extensions: 1)
2025-01-29 13:25:49,821 INFO c.h.h.t.HelmChartContainer - [hivemq-test-hivemq-platform] [hivemq-platform-operator] [42df55e0] 13:25:49.820 [ReconcilerExecutor-hivemq-controller-65] DEBUG c.h.p.o.HiveMQPlatformReconciler - [helmmetr] StatefulSet Status (revision: test-hivemq-platform-84f6684d79, replicas: 1, available: 0, ready: 0, current: 1, updated: 1)
2025-01-29 13:25:49,821 INFO c.h.h.t.HelmChartContainer - [hivemq-test-hivemq-platform] [hivemq-platform-operator] [42df55e0] 13:25:49.820 [ReconcilerExecutor-hivemq-controller-65] DEBUG c.h.p.o.HiveMQPlatformReconciler - [helmmetr] StatefulSet Spec (replicas: 1, init containers: 1, containers: 1, volumes: 3)
2025-01-29 13:25:49,916 INFO c.h.h.t.HelmChartContainer - [hivemq-test-hivemq-platform] [hivemq-platform-operator] [42df55e0] 13:25:49.914 [ReconcilerExecutor-hivemq-controller-65] DEBUG c.h.p.o.h.HiveMQPlatformReconcilerErrorHandler - [helmmetr] Pod 'test-hivemq-platform-0' phase Pending
2025-01-29 13:25:49,917 INFO c.h.h.t.HelmChartContainer - [hivemq-test-hivemq-platform] [hivemq-platform-operator] [42df55e0] 13:25:49.915 [ReconcilerExecutor-hivemq-controller-65] DEBUG c.h.p.o.h.HiveMQPlatformReconcilerErrorHandler - [helmmetr] Pod 'test-hivemq-platform-0' condition 'PodReadyToStartContainers': False
2025-01-29 13:25:49,917 INFO c.h.h.t.HelmChartContainer - [hivemq-test-hivemq-platform] [hivemq-platform-operator] [42df55e0] 13:25:49.916 [ReconcilerExecutor-hivemq-controller-65] DEBUG c.h.p.o.h.HiveMQPlatformReconcilerErrorHandler - [helmmetr] Pod 'test-hivemq-platform-0' condition 'Initialized': False
2025-01-29 13:25:49,917 INFO c.h.h.t.HelmChartContainer - [hivemq-test-hivemq-platform] [hivemq-platform-operator] [42df55e0] 13:25:49.916 [ReconcilerExecutor-hivemq-controller-65] DEBUG c.h.p.o.h.HiveMQPlatformReconcilerErrorHandler - [helmmetr] Pod 'test-hivemq-platform-0' condition 'Ready': False
2025-01-29 13:25:49,917 INFO c.h.h.t.HelmChartContainer - [hivemq-test-hivemq-platform] [hivemq-platform-operator] [42df55e0] 13:25:49.916 [ReconcilerExecutor-hivemq-controller-65] DEBUG c.h.p.o.h.HiveMQPlatformReconcilerErrorHandler - [helmmetr] Pod 'test-hivemq-platform-0' condition 'ContainersReady': False
2025-01-29 13:25:49,917 INFO c.h.h.t.HelmChartContainer - [hivemq-test-hivemq-platform] [hivemq-platform-operator] [42df55e0] 13:25:49.916 [ReconcilerExecutor-hivemq-controller-65] DEBUG c.h.p.o.h.HiveMQPlatformReconcilerErrorHandler - [helmmetr] Pod 'test-hivemq-platform-0' condition 'PodScheduled': True
2025-01-29 13:25:49,917 INFO c.h.h.t.HelmChartContainer - [hivemq-test-hivemq-platform] [hivemq-platform-operator] [42df55e0] 13:25:49.916 [ReconcilerExecutor-hivemq-controller-65] DEBUG c.h.p.o.h.HiveMQPlatformReconcilerErrorHandler - [helmmetr] Pod 'test-hivemq-platform-0' containerStatus 'hivemq' (started: false) (ready: false) (waiting: [PodInitializing] null)
2025-01-29 13:25:49,919 INFO c.h.h.t.HelmChartContainer - [hivemq-test-hivemq-platform] [hivemq-platform-operator] [42df55e0] 13:25:49.918 [ReconcilerExecutor-hivemq-controller-65] INFO  c.h.p.o.h.HiveMQPlatformReconcilerBaseHandler - [helmmetr] HiveMQ Platform is starting, 0 of 1 replicas are ready
2025-01-29 13:25:49,925 INFO c.h.h.t.HelmChartContainer - [hivemq-test-hivemq-platform] [hivemq-platform-operator] [42df55e0] 13:25:49.923 [pool-6-thread-22] DEBUG c.h.p.o.d.PlatformServiceResource - [helmmetr] Desired Platform services (2 services)
2025-01-29 13:25:49,926 INFO c.h.h.t.HelmChartContainer - [hivemq-test-hivemq-platform] [hivemq-platform-operator] [42df55e0] 13:25:49.925 [pool-6-thread-23] DEBUG c.h.p.o.dependants.PodInfoConfigMap - [helmmetr] Desired PodInfo ConfigMap (1 extensions) (1 enabled)
2025-01-29 13:25:49,928 INFO c.h.h.t.HelmChartContainer - [hivemq-test-hivemq-platform] [hivemq-platform-operator] [42df55e0] 13:25:49.927 [pool-6-thread-23] DEBUG c.h.p.o.dependants.PodInfoConfigMap - [helmmetr] Desired PodInfo ConfigMap (metrics port: 9499) (metrics path: /metrics)
2025-01-29 13:25:49,929 INFO c.h.h.t.HelmChartContainer - [hivemq-test-hivemq-platform] [hivemq-platform-operator] [42df55e0] 13:25:49.928 [pool-6-thread-23] DEBUG c.h.p.o.dependants.PodInfoConfigMap - [helmmetr] Desired PodInfo ConfigMap (extension state hash: 1243513115)
2025-01-29 13:25:49,931 INFO c.h.h.t.HelmChartContainer - [hivemq-test-hivemq-platform] [hivemq-platform-operator] [42df55e0] 13:25:49.930 [pool-6-thread-27] DEBUG c.h.p.o.d.PodServiceAccountResource - [helmmetr] Desired PodServiceAccountResource (serviceAccountName: hivemq-platform-pod-test-hivemq-platform)
2025-01-29 13:25:50,023 INFO c.h.h.t.HelmChartContainer - [hivemq-test-hivemq-platform] [hivemq-platform-operator] [42df55e0] 13:25:50.021 [pool-6-thread-30] DEBUG c.h.p.o.d.StatefulSetResource - [helmmetr] Desired StatefulSet (1 replicas) for status STARTING (READY)
2025-01-29 13:25:50,029 INFO c.h.h.t.HelmChartContainer - [hivemq-test-hivemq-platform] [hivemq-platform-operator] [42df55e0] 13:25:50.027 [ReconcilerExecutor-hivemq-controller-76] INFO  c.h.p.o.HiveMQPlatformReconciler - [helmmetr] Reconciling HiveMQ Platform 'test-hivemq-platform' in namespace 'helmmetricsserviceit'
2025-01-29 13:25:50,030 INFO c.h.h.t.HelmChartContainer - [hivemq-test-hivemq-platform] [hivemq-platform-operator] [42df55e0] 13:25:50.027 [ReconcilerExecutor-hivemq-controller-76] DEBUG c.h.p.o.HiveMQPlatformReconciler - [helmmetr] Custom Resource Status STARTING - HiveMQ Platform is starting (READY)
2025-01-29 13:25:50,031 INFO c.h.h.t.HelmChartContainer - [hivemq-test-hivemq-platform] [hivemq-platform-operator] [42df55e0] 13:25:50.027 [ReconcilerExecutor-hivemq-controller-76] DEBUG c.h.p.o.HiveMQPlatformReconciler - [helmmetr] Custom Resource Spec (replicas: 1) (extensions: 1)
2025-01-29 13:25:50,032 INFO c.h.h.t.HelmChartContainer - [hivemq-test-hivemq-platform] [hivemq-platform-operator] [42df55e0] 13:25:50.029 [ReconcilerExecutor-hivemq-controller-76] DEBUG c.h.p.o.HiveMQPlatformReconciler - [helmmetr] StatefulSet Status (revision: test-hivemq-platform-84f6684d79, replicas: 1, available: 0, ready: 0, current: 1, updated: 1)
2025-01-29 13:25:50,032 INFO c.h.h.t.HelmChartContainer - [hivemq-test-hivemq-platform] [hivemq-platform-operator] [42df55e0] 13:25:50.030 [ReconcilerExecutor-hivemq-controller-76] DEBUG c.h.p.o.HiveMQPlatformReconciler - [helmmetr] StatefulSet Spec (replicas: 1, init containers: 1, containers: 1, volumes: 3)
2025-01-29 13:25:50,035 INFO c.h.h.t.HelmChartContainer - [hivemq-test-hivemq-platform] [hivemq-platform-operator] [42df55e0] 13:25:50.034 [ReconcilerExecutor-hivemq-controller-76] DEBUG c.h.p.o.h.HiveMQPlatformReconcilerErrorHandler - [helmmetr] Pod 'test-hivemq-platform-0' phase Pending
2025-01-29 13:25:50,035 INFO c.h.h.t.HelmChartContainer - [hivemq-test-hivemq-platform] [hivemq-platform-operator] [42df55e0] 13:25:50.034 [ReconcilerExecutor-hivemq-controller-76] DEBUG c.h.p.o.h.HiveMQPlatformReconcilerErrorHandler - [helmmetr] Pod 'test-hivemq-platform-0' condition 'PodReadyToStartContainers': False
2025-01-29 13:25:50,047 INFO c.h.h.t.HelmChartContainer - [EVENT] Normal [Pulled] Container image "docker.io/hivemq/hivemq-platform-operator-init-test:snapshot" already present on machine [helmmetricsserviceit:test-hivemq-platform-0]
2025-01-29 13:25:50,116 INFO c.h.h.t.HelmChartContainer - [hivemq-test-hivemq-platform] [hivemq-platform-operator] [42df55e0] 13:25:50.035 [ReconcilerExecutor-hivemq-controller-76] DEBUG c.h.p.o.h.HiveMQPlatformReconcilerErrorHandler - [helmmetr] Pod 'test-hivemq-platform-0' condition 'Initialized': False
2025-01-29 13:25:50,116 INFO c.h.h.t.HelmChartContainer - [hivemq-test-hivemq-platform] [hivemq-platform-operator] [42df55e0] 13:25:50.114 [ReconcilerExecutor-hivemq-controller-76] DEBUG c.h.p.o.h.HiveMQPlatformReconcilerErrorHandler - [helmmetr] Pod 'test-hivemq-platform-0' condition 'Ready': False
2025-01-29 13:25:50,116 INFO c.h.h.t.HelmChartContainer - [hivemq-test-hivemq-platform] [hivemq-platform-operator] [42df55e0] 13:25:50.114 [ReconcilerExecutor-hivemq-controller-76] DEBUG c.h.p.o.h.HiveMQPlatformReconcilerErrorHandler - [helmmetr] Pod 'test-hivemq-platform-0' condition 'ContainersReady': False
2025-01-29 13:25:50,116 INFO c.h.h.t.HelmChartContainer - [hivemq-test-hivemq-platform] [hivemq-platform-operator] [42df55e0] 13:25:50.114 [ReconcilerExecutor-hivemq-controller-76] DEBUG c.h.p.o.h.HiveMQPlatformReconcilerErrorHandler - [helmmetr] Pod 'test-hivemq-platform-0' condition 'PodScheduled': True
2025-01-29 13:25:50,116 INFO c.h.h.t.HelmChartContainer - [hivemq-test-hivemq-platform] [hivemq-platform-operator] [42df55e0] 13:25:50.114 [ReconcilerExecutor-hivemq-controller-76] DEBUG c.h.p.o.h.HiveMQPlatformReconcilerErrorHandler - [helmmetr] Pod 'test-hivemq-platform-0' containerStatus 'hivemq' (started: false) (ready: false) (waiting: [PodInitializing] null)
2025-01-29 13:25:50,119 INFO c.h.h.t.HelmChartContainer - [hivemq-test-hivemq-platform] [hivemq-platform-operator] [42df55e0] 13:25:50.118 [ReconcilerExecutor-hivemq-controller-76] INFO  c.h.p.o.h.HiveMQPlatformReconcilerBaseHandler - [helmmetr] HiveMQ Platform is starting, 0 of 1 replicas are ready
2025-01-29 13:25:50,165 INFO c.h.h.t.HelmChartContainer - [EVENT] Normal [Created] Created container: hivemq-platform-operator-init [helmmetricsserviceit:test-hivemq-platform-0]
2025-01-29 13:25:50,200 INFO c.h.h.t.HelmChartContainer - [EVENT] Normal [Started] Started container hivemq-platform-operator-init [helmmetricsserviceit:test-hivemq-platform-0]
2025-01-29 13:25:51,124 INFO c.h.h.t.HelmChartContainer - [EVENT] Normal [Pulled] Container image "docker.io/hivemq/hivemq4:4.36.0" already present on machine [helmmetricsserviceit:test-hivemq-platform-0]
2025-01-29 13:25:51,124 INFO c.h.h.t.HelmChartContainer - Received Pulled event for container hivemq in pod test-hivemq-platform-0 [9ed6d189-f858-423f-8fcd-4977f3e4c9cf]
2025-01-29 13:25:51,143 INFO c.h.h.t.HelmChartContainer - [POD] test-hivemq-platform-0 [9ed6d189-f858-423f-8fcd-4977f3e4c9cf] in helmmetricsserviceit was MODIFIED
2025-01-29 13:25:51,180 INFO c.h.h.t.HelmChartContainer - [hivemq-test-hivemq-platform] [hivemq-platform-operator] [42df55e0] 13:25:51.162 [pool-6-thread-32] DEBUG c.h.p.o.d.PlatformServiceResource - [helmmetr] Desired Platform services (2 services)
2025-01-29 13:25:51,181 INFO c.h.h.t.HelmChartContainer - [hivemq-test-hivemq-platform] [hivemq-platform-operator] [42df55e0] 13:25:51.165 [pool-6-thread-33] DEBUG c.h.p.o.dependants.PodInfoConfigMap - [helmmetr] Desired PodInfo ConfigMap (1 extensions) (1 enabled)
2025-01-29 13:25:51,181 INFO c.h.h.t.HelmChartContainer - [hivemq-test-hivemq-platform] [hivemq-platform-operator] [42df55e0] 13:25:51.166 [pool-6-thread-33] DEBUG c.h.p.o.dependants.PodInfoConfigMap - [helmmetr] Desired PodInfo ConfigMap (metrics port: 9499) (metrics path: /metrics)
2025-01-29 13:25:51,181 INFO c.h.h.t.HelmChartContainer - [hivemq-test-hivemq-platform] [hivemq-platform-operator] [42df55e0] 13:25:51.167 [pool-6-thread-33] DEBUG c.h.p.o.dependants.PodInfoConfigMap - [helmmetr] Desired PodInfo ConfigMap (extension state hash: 1243513115)
2025-01-29 13:25:51,181 INFO c.h.h.t.HelmChartContainer - [hivemq-test-hivemq-platform] [hivemq-platform-operator] [42df55e0] 13:25:51.171 [pool-6-thread-37] DEBUG c.h.p.o.d.PodServiceAccountResource - [helmmetr] Desired PodServiceAccountResource (serviceAccountName: hivemq-platform-pod-test-hivemq-platform)
2025-01-29 13:25:51,193 INFO c.h.h.t.HelmChartContainer - [hivemq-test-hivemq-platform] [hivemq-platform-operator] [42df55e0] 13:25:51.191 [pool-6-thread-40] DEBUG c.h.p.o.d.StatefulSetResource - [helmmetr] Desired StatefulSet (1 replicas) for status STARTING (READY)
2025-01-29 13:25:51,236 INFO c.h.h.t.HelmChartContainer - [hivemq-test-hivemq-platform] [hivemq-platform-operator] [42df55e0] 13:25:51.232 [ReconcilerExecutor-hivemq-controller-87] INFO  c.h.p.o.HiveMQPlatformReconciler - [helmmetr] Reconciling HiveMQ Platform 'test-hivemq-platform' in namespace 'helmmetricsserviceit'
2025-01-29 13:25:51,236 INFO c.h.h.t.HelmChartContainer - [hivemq-test-hivemq-platform] [hivemq-platform-operator] [42df55e0] 13:25:51.232 [ReconcilerExecutor-hivemq-controller-87] DEBUG c.h.p.o.HiveMQPlatformReconciler - [helmmetr] Custom Resource Status STARTING - HiveMQ Platform is starting (READY)
2025-01-29 13:25:51,236 INFO c.h.h.t.HelmChartContainer - [hivemq-test-hivemq-platform] [hivemq-platform-operator] [42df55e0] 13:25:51.232 [ReconcilerExecutor-hivemq-controller-87] DEBUG c.h.p.o.HiveMQPlatformReconciler - [helmmetr] Custom Resource Spec (replicas: 1) (extensions: 1)
2025-01-29 13:25:51,250 INFO c.h.h.t.HelmChartContainer - [hivemq-test-hivemq-platform] [hivemq-platform-operator] [42df55e0] 13:25:51.239 [ReconcilerExecutor-hivemq-controller-87] DEBUG c.h.p.o.HiveMQPlatformReconciler - [helmmetr] StatefulSet Status (revision: test-hivemq-platform-84f6684d79, replicas: 1, available: 0, ready: 0, current: 1, updated: 1)
2025-01-29 13:25:51,250 INFO c.h.h.t.HelmChartContainer - [hivemq-test-hivemq-platform] [hivemq-platform-operator] [42df55e0] 13:25:51.239 [ReconcilerExecutor-hivemq-controller-87] DEBUG c.h.p.o.HiveMQPlatformReconciler - [helmmetr] StatefulSet Spec (replicas: 1, init containers: 1, containers: 1, volumes: 3)
2025-01-29 13:25:51,250 INFO c.h.h.t.HelmChartContainer - [hivemq-test-hivemq-platform] [hivemq-platform-operator] [42df55e0] 13:25:51.243 [ReconcilerExecutor-hivemq-controller-87] DEBUG c.h.p.o.h.HiveMQPlatformReconcilerErrorHandler - [helmmetr] Pod 'test-hivemq-platform-0' phase Pending
2025-01-29 13:25:51,250 INFO c.h.h.t.HelmChartContainer - [hivemq-test-hivemq-platform] [hivemq-platform-operator] [42df55e0] 13:25:51.244 [ReconcilerExecutor-hivemq-controller-87] DEBUG c.h.p.o.h.HiveMQPlatformReconcilerErrorHandler - [helmmetr] Pod 'test-hivemq-platform-0' condition 'PodReadyToStartContainers': True
2025-01-29 13:25:51,250 INFO c.h.h.t.HelmChartContainer - [hivemq-test-hivemq-platform] [hivemq-platform-operator] [42df55e0] 13:25:51.244 [ReconcilerExecutor-hivemq-controller-87] DEBUG c.h.p.o.h.HiveMQPlatformReconcilerErrorHandler - [helmmetr] Pod 'test-hivemq-platform-0' condition 'Initialized': True
2025-01-29 13:25:51,250 INFO c.h.h.t.HelmChartContainer - [hivemq-test-hivemq-platform] [hivemq-platform-operator] [42df55e0] 13:25:51.245 [ReconcilerExecutor-hivemq-controller-87] DEBUG c.h.p.o.h.HiveMQPlatformReconcilerErrorHandler - [helmmetr] Pod 'test-hivemq-platform-0' condition 'Ready': False
2025-01-29 13:25:51,250 INFO c.h.h.t.HelmChartContainer - [hivemq-test-hivemq-platform] [hivemq-platform-operator] [42df55e0] 13:25:51.245 [ReconcilerExecutor-hivemq-controller-87] DEBUG c.h.p.o.h.HiveMQPlatformReconcilerErrorHandler - [helmmetr] Pod 'test-hivemq-platform-0' condition 'ContainersReady': False
2025-01-29 13:25:51,250 INFO c.h.h.t.HelmChartContainer - [hivemq-test-hivemq-platform] [hivemq-platform-operator] [42df55e0] 13:25:51.245 [ReconcilerExecutor-hivemq-controller-87] DEBUG c.h.p.o.h.HiveMQPlatformReconcilerErrorHandler - [helmmetr] Pod 'test-hivemq-platform-0' condition 'PodScheduled': True
2025-01-29 13:25:51,250 INFO c.h.h.t.HelmChartContainer - [hivemq-test-hivemq-platform] [hivemq-platform-operator] [42df55e0] 13:25:51.245 [ReconcilerExecutor-hivemq-controller-87] DEBUG c.h.p.o.h.HiveMQPlatformReconcilerErrorHandler - [helmmetr] Pod 'test-hivemq-platform-0' containerStatus 'hivemq' (started: false) (ready: false) (waiting: [PodInitializing] null)
2025-01-29 13:25:51,251 INFO c.h.h.t.HelmChartContainer - [hivemq-test-hivemq-platform] [hivemq-platform-operator] [42df55e0] 13:25:51.248 [ReconcilerExecutor-hivemq-controller-87] INFO  c.h.p.o.h.HiveMQPlatformReconcilerBaseHandler - [helmmetr] HiveMQ Platform is starting, 0 of 1 replicas are ready
2025-01-29 13:25:52,215 INFO c.h.h.t.HelmChartContainer - [EVENT] Normal [Created] Created container: hivemq [helmmetricsserviceit:test-hivemq-platform-0]
2025-01-29 13:25:52,215 INFO c.h.h.t.HelmChartContainer - Received Created event for container hivemq in pod test-hivemq-platform-0 [9ed6d189-f858-423f-8fcd-4977f3e4c9cf]
2025-01-29 13:25:53,136 INFO c.h.h.t.HelmChartContainer - [POD] test-hivemq-platform-0 [9ed6d189-f858-423f-8fcd-4977f3e4c9cf] in helmmetricsserviceit was MODIFIED
2025-01-29 13:25:53,143 INFO c.h.h.t.HelmChartContainer - [hivemq-test-hivemq-platform] [hivemq-platform-operator] [42df55e0] 13:25:53.141 [pool-6-thread-42] DEBUG c.h.p.o.d.PlatformServiceResource - [helmmetr] Desired Platform services (2 services)
2025-01-29 13:25:53,147 INFO c.h.h.t.HelmChartContainer - Started log watcher for hivemq in pod test-hivemq-platform-0 [9ed6d189-f858-423f-8fcd-4977f3e4c9cf]
2025-01-29 13:25:53,148 INFO c.h.h.t.HelmChartContainer - [EVENT] Normal [Started] Started container hivemq [helmmetricsserviceit:test-hivemq-platform-0]
2025-01-29 13:25:53,148 INFO c.h.h.t.HelmChartContainer - Received Started event for container hivemq in pod test-hivemq-platform-0 [9ed6d189-f858-423f-8fcd-4977f3e4c9cf]
2025-01-29 13:25:53,147 INFO c.h.h.t.HelmChartContainer - [hivemq-test-hivemq-platform] [hivemq-platform-operator] [42df55e0] 13:25:53.143 [pool-6-thread-43] DEBUG c.h.p.o.dependants.PodInfoConfigMap - [helmmetr] Desired PodInfo ConfigMap (1 extensions) (1 enabled)
2025-01-29 13:25:53,148 INFO c.h.h.t.HelmChartContainer - [hivemq-test-hivemq-platform] [hivemq-platform-operator] [42df55e0] 13:25:53.143 [pool-6-thread-43] DEBUG c.h.p.o.dependants.PodInfoConfigMap - [helmmetr] Desired PodInfo ConfigMap (metrics port: 9499) (metrics path: /metrics)
2025-01-29 13:25:53,148 INFO c.h.h.t.HelmChartContainer - [hivemq-test-hivemq-platform] [hivemq-platform-operator] [42df55e0] 13:25:53.143 [pool-6-thread-43] DEBUG c.h.p.o.dependants.PodInfoConfigMap - [helmmetr] Desired PodInfo ConfigMap (extension state hash: 1243513115)
2025-01-29 13:25:53,148 INFO c.h.h.t.HelmChartContainer - [test-hivemq-platform] [hivemq] [9ed6d189] Adding pre-installed HiveMQ Platform Operator extensions
2025-01-29 13:25:53,148 INFO c.h.h.t.HelmChartContainer - [test-hivemq-platform] [hivemq] [9ed6d189] Running as user 10000
2025-01-29 13:25:53,148 INFO c.h.h.t.HelmChartContainer - [test-hivemq-platform] [hivemq] [9ed6d189] Starting HiveMQ Platform Operator Init
2025-01-29 13:25:53,156 INFO c.h.h.t.HelmChartContainer - [hivemq-test-hivemq-platform] [hivemq-platform-operator] [42df55e0] 13:25:53.152 [pool-6-thread-47] DEBUG c.h.p.o.d.PodServiceAccountResource - [helmmetr] Desired PodServiceAccountResource (serviceAccountName: hivemq-platform-pod-test-hivemq-platform)
2025-01-29 13:25:53,217 INFO c.h.h.t.HelmChartContainer - [hivemq-test-hivemq-platform] [hivemq-platform-operator] [42df55e0] 13:25:53.215 [pool-6-thread-49] DEBUG c.h.p.o.d.StatefulSetResource - [helmmetr] Desired StatefulSet (1 replicas) for status STARTING (READY)
2025-01-29 13:25:53,220 INFO c.h.h.t.HelmChartContainer - [hivemq-test-hivemq-platform] [hivemq-platform-operator] [42df55e0] 13:25:53.220 [ReconcilerExecutor-hivemq-controller-98] INFO  c.h.p.o.HiveMQPlatformReconciler - [helmmetr] Reconciling HiveMQ Platform 'test-hivemq-platform' in namespace 'helmmetricsserviceit'
2025-01-29 13:25:53,221 INFO c.h.h.t.HelmChartContainer - [hivemq-test-hivemq-platform] [hivemq-platform-operator] [42df55e0] 13:25:53.220 [ReconcilerExecutor-hivemq-controller-98] DEBUG c.h.p.o.HiveMQPlatformReconciler - [helmmetr] Custom Resource Status STARTING - HiveMQ Platform is starting (READY)
2025-01-29 13:25:53,221 INFO c.h.h.t.HelmChartContainer - [hivemq-test-hivemq-platform] [hivemq-platform-operator] [42df55e0] 13:25:53.220 [ReconcilerExecutor-hivemq-controller-98] DEBUG c.h.p.o.HiveMQPlatformReconciler - [helmmetr] Custom Resource Spec (replicas: 1) (extensions: 1)
2025-01-29 13:25:53,224 INFO c.h.h.t.HelmChartContainer - [hivemq-test-hivemq-platform] [hivemq-platform-operator] [42df55e0] 13:25:53.223 [ReconcilerExecutor-hivemq-controller-98] DEBUG c.h.p.o.HiveMQPlatformReconciler - [helmmetr] StatefulSet Status (revision: test-hivemq-platform-84f6684d79, replicas: 1, available: 0, ready: 0, current: 1, updated: 1)
2025-01-29 13:25:53,224 INFO c.h.h.t.HelmChartContainer - [hivemq-test-hivemq-platform] [hivemq-platform-operator] [42df55e0] 13:25:53.223 [ReconcilerExecutor-hivemq-controller-98] DEBUG c.h.p.o.HiveMQPlatformReconciler - [helmmetr] StatefulSet Spec (replicas: 1, init containers: 1, containers: 1, volumes: 3)
2025-01-29 13:25:53,226 INFO c.h.h.t.HelmChartContainer - [hivemq-test-hivemq-platform] [hivemq-platform-operator] [42df55e0] 13:25:53.225 [ReconcilerExecutor-hivemq-controller-98] DEBUG c.h.p.o.h.HiveMQPlatformReconcilerErrorHandler - [helmmetr] Pod 'test-hivemq-platform-0' phase Running
2025-01-29 13:25:53,227 INFO c.h.h.t.HelmChartContainer - [hivemq-test-hivemq-platform] [hivemq-platform-operator] [42df55e0] 13:25:53.226 [ReconcilerExecutor-hivemq-controller-98] INFO  c.h.p.o.h.HiveMQPlatformReconcilerBaseHandler - [helmmetr] HiveMQ Platform is starting, 0 of 1 replicas are ready
2025-01-29 13:25:53,508 INFO c.h.h.t.HelmChartContainer - [test-hivemq-platform] [hivemq] [9ed6d189] INFO  - [HiveMQ Platform Operator Init 1.7.0-SNAPSHOT] HiveMQ Platform Operator Init 1.7.0-SNAPSHOT (commit: bebf408 on branch: HEAD) built on Sun Jan 26 20:47:47 UTC 2025
2025-01-29 13:25:54,678 INFO c.h.h.t.HelmChartContainer - [test-hivemq-platform] [hivemq] [9ed6d189] INFO  - [HiveMQ Platform Operator Init App 1.7.0-SNAPSHOT] Using bind address 10.42.0.12 from environment variable
2025-01-29 13:25:55,558 INFO c.h.h.t.HelmChartContainer - [test-hivemq-platform] [hivemq] [9ed6d189] INFO  - [HiveMQ Platform Operator Init App 1.7.0-SNAPSHOT] HiveMQ Platform Operator Init App 1.7.0-SNAPSHOT (commit: bebf408 on branch: HEAD) built on Sun Jan 26 20:47:47 UTC 2025
2025-01-29 13:25:55,559 INFO c.h.h.t.HelmChartContainer - [test-hivemq-platform] [hivemq] [9ed6d189] INFO  - [HiveMQ Platform Operator Init App 1.7.0-SNAPSHOT] PodInfo ConfigMap directory: /etc/podinfo
2025-01-29 13:25:55,559 INFO c.h.h.t.HelmChartContainer - [test-hivemq-platform] [hivemq] [9ed6d189] INFO  - [HiveMQ Platform Operator Init App 1.7.0-SNAPSHOT] HiveMQ home directory: /opt/hivemq
2025-01-29 13:25:55,559 INFO c.h.h.t.HelmChartContainer - [test-hivemq-platform] [hivemq] [9ed6d189] INFO  - [HiveMQ Platform Operator Init App 1.7.0-SNAPSHOT] HiveMQ Logback folder: /opt/hivemq/conf
2025-01-29 13:25:55,559 INFO c.h.h.t.HelmChartContainer - [test-hivemq-platform] [hivemq] [9ed6d189] INFO  - [HiveMQ Platform Operator Init App 1.7.0-SNAPSHOT] HiveMQ Config folder: /opt/hivemq/conf-k8s
2025-01-29 13:25:55,560 INFO c.h.h.t.HelmChartContainer - [test-hivemq-platform] [hivemq] [9ed6d189] INFO  - [HiveMQ Platform Operator Init App 1.7.0-SNAPSHOT] Starting HiveMQ Platform Operator Init App
2025-01-29 13:25:55,560 INFO c.h.h.t.HelmChartContainer - [test-hivemq-platform] [hivemq] [9ed6d189] INFO  - [HiveMQ Platform Operator Init App 1.7.0-SNAPSHOT] Starting Pod reconciler
2025-01-29 13:25:56,906 INFO c.h.h.t.HelmChartContainer - [test-hivemq-platform] [hivemq] [9ed6d189] INFO  - [HiveMQ Platform Operator Init App 1.7.0-SNAPSHOT] Pod reconciler is scheduled (interval: 5000 ms)
2025-01-29 13:25:56,950 INFO c.h.h.t.HelmChartContainer - [test-hivemq-platform] [hivemq] [9ed6d189] INFO  - [HiveMQ Platform Operator Init App 1.7.0-SNAPSHOT] Starting the REST API on 10.42.0.12:7979
2025-01-29 13:25:56,952 INFO c.h.h.t.HelmChartContainer - [test-hivemq-platform] [hivemq] [9ed6d189] INFO  - [HiveMQ Platform Operator Init App 1.7.0-SNAPSHOT] Waiting up to 600s for at most 1 HiveMQ nodes in cluster service hivemq-test-hivemq-platform-cluster.helmmetricsserviceit.svc
2025-01-29 13:25:57,270 INFO c.h.h.t.HelmChartContainer - [test-hivemq-platform] [hivemq] [9ed6d189] INFO  - [HiveMQ Platform Operator Init App 1.7.0-SNAPSHOT] Resolved 1 IP addresses: [10.42.0.12]
2025-01-29 13:25:57,270 INFO c.h.h.t.HelmChartContainer - [test-hivemq-platform] [hivemq] [9ed6d189] INFO  - [HiveMQ Platform Operator Init App 1.7.0-SNAPSHOT] HiveMQ node count of 1 is within threshold of 1
2025-01-29 13:25:57,270 INFO c.h.h.t.HelmChartContainer - [test-hivemq-platform] [hivemq] [9ed6d189] INFO  - [HiveMQ Platform Operator Init App 1.7.0-SNAPSHOT] Proceeding with container start
2025-01-29 13:25:57,368 INFO c.h.h.t.HelmChartContainer - [test-hivemq-platform] [hivemq] [9ed6d189] INFO  - [HiveMQ Platform Operator Init App 1.7.0-SNAPSHOT] Initializing HiveMQ Platform extensions with initial configuration: {hivemq-allow-all-extension={start-priority=-1, skip-https-hostname-verification=false, restart=true, config-version=0, header-version=0, c-uri=, priority=-1, uri=preinstalled, skip-https-certificate-validation=false, enabled=true}, hivemq-prometheus-extension={uri=preinstalled, request-header-path=no-request-headers, enabled=true, restart=true, priority=-1, start-priority=-1, c-uri=, skip-https-hostname-verification=false, skip-https-certificate-validation=false}}
2025-01-29 13:25:57,957 INFO c.h.h.t.HelmChartContainer - [test-hivemq-platform] [hivemq] [9ed6d189] INFO  - [HiveMQ Platform Operator Init App 1.7.0-SNAPSHOT] Extension hivemq-allow-all-extension was already enabled
2025-01-29 13:25:57,966 INFO c.h.h.t.HelmChartContainer - [test-hivemq-platform] [hivemq] [9ed6d189] INFO  - [HiveMQ Platform Operator Init App 1.7.0-SNAPSHOT] Successfully enabled extension hivemq-prometheus-extension
2025-01-29 13:25:57,967 INFO c.h.h.t.HelmChartContainer - [test-hivemq-platform] [hivemq] [9ed6d189] INFO  - [HiveMQ Platform Operator Init App 1.7.0-SNAPSHOT] Starting HiveMQ Platform version 4.36.0 (4.36.0)
2025-01-29 13:25:57,967 INFO c.h.h.t.HelmChartContainer - [test-hivemq-platform] [hivemq] [9ed6d189] INFO  - [HiveMQ Platform Operator Init App 1.7.0-SNAPSHOT] Configuring the HiveMQ Platform
2025-01-29 13:25:58,055 INFO c.h.h.t.HelmChartContainer - [test-hivemq-platform] [hivemq] [9ed6d189] INFO  - [HiveMQ Platform Operator Init App 1.7.0-SNAPSHOT] Changed logback.xml file scan period to 20 seconds
2025-01-29 13:25:58,151 INFO c.h.h.t.HelmChartContainer - [test-hivemq-platform] [hivemq] [9ed6d189] INFO  - [HiveMQ Platform Operator Init App 1.7.0-SNAPSHOT] Starting the HiveMQ Platform
2025-01-29 13:25:58,154 INFO c.h.h.t.HelmChartContainer - [test-hivemq-platform] [hivemq] [9ed6d189] -------------------------------------------------------------------------
2025-01-29 13:25:58,154 INFO c.h.h.t.HelmChartContainer - [test-hivemq-platform] [hivemq] [9ed6d189] 
2025-01-29 13:25:58,155 INFO c.h.h.t.HelmChartContainer - [test-hivemq-platform] [hivemq] [9ed6d189]                   _    _  _              __  __   ____
2025-01-29 13:25:58,156 INFO c.h.h.t.HelmChartContainer - [test-hivemq-platform] [hivemq] [9ed6d189]                  | |  | |(_)            |  \/  | / __ \
2025-01-29 13:25:58,156 INFO c.h.h.t.HelmChartContainer - [test-hivemq-platform] [hivemq] [9ed6d189]                  | |__| | _ __   __ ___ | \  / || |  | |
2025-01-29 13:25:58,156 INFO c.h.h.t.HelmChartContainer - [test-hivemq-platform] [hivemq] [9ed6d189]                  |  __  || |\ \ / // _ \| |\/| || |  | |
2025-01-29 13:25:58,156 INFO c.h.h.t.HelmChartContainer - [test-hivemq-platform] [hivemq] [9ed6d189]                  | |  | || | \ V /|  __/| |  | || |__| |
2025-01-29 13:25:58,156 INFO c.h.h.t.HelmChartContainer - [test-hivemq-platform] [hivemq] [9ed6d189]                  |_|  |_||_|  \_/  \___||_|  |_| \___\_\
2025-01-29 13:25:58,156 INFO c.h.h.t.HelmChartContainer - [test-hivemq-platform] [hivemq] [9ed6d189] 
2025-01-29 13:25:58,156 INFO c.h.h.t.HelmChartContainer - [test-hivemq-platform] [hivemq] [9ed6d189] -------------------------------------------------------------------------
2025-01-29 13:25:58,156 INFO c.h.h.t.HelmChartContainer - [test-hivemq-platform] [hivemq] [9ed6d189] 
2025-01-29 13:25:58,156 INFO c.h.h.t.HelmChartContainer - [test-hivemq-platform] [hivemq] [9ed6d189]   HiveMQ Start Script for Linux/Unix v1.14
2025-01-29 13:25:58,156 INFO c.h.h.t.HelmChartContainer - [test-hivemq-platform] [hivemq] [9ed6d189] 
2025-01-29 13:25:58,265 INFO c.h.h.t.HelmChartContainer - [test-hivemq-platform] [hivemq] [9ed6d189] -------------------------------------------------------------------------
2025-01-29 13:25:58,265 INFO c.h.h.t.HelmChartContainer - [test-hivemq-platform] [hivemq] [9ed6d189] 
2025-01-29 13:25:58,265 INFO c.h.h.t.HelmChartContainer - [test-hivemq-platform] [hivemq] [9ed6d189]   HIVEMQ_HOME: /opt/hivemq
2025-01-29 13:25:58,265 INFO c.h.h.t.HelmChartContainer - [test-hivemq-platform] [hivemq] [9ed6d189] 
2025-01-29 13:25:58,265 INFO c.h.h.t.HelmChartContainer - [test-hivemq-platform] [hivemq] [9ed6d189]   JAVA_OPTS: -XX:+UnlockExperimentalVMOptions -XX:InitialRAMPercentage=50 -XX:MaxRAMPercentage=50 -Djava.net.preferIPv4Stack=true --add-opens java.base/java.lang=ALL-UNNAMED --add-opens java.base/java.nio=ALL-UNNAMED --add-opens java.base/sun.nio.ch=ALL-UNNAMED --add-opens jdk.management/com.sun.management.internal=ALL-UNNAMED --add-exports java.base/jdk.internal.misc=ALL-UNNAMED -Djava.security.egd=file:/dev/./urandom -Dcom.sun.management.jmxremote -Dcom.sun.management.jmxremote.port=9010 -Dcom.sun.management.jmxremote.local.only=false -Dcom.sun.management.jmxremote.authenticate=false -Dcom.sun.management.jmxremote.ssl=false -Duser.language=en -Duser.region=US -XX:+CrashOnOutOfMemoryError -XX:+HeapDumpOnOutOfMemoryError
2025-01-29 13:25:58,265 INFO c.h.h.t.HelmChartContainer - [test-hivemq-platform] [hivemq] [9ed6d189] 
2025-01-29 13:25:58,265 INFO c.h.h.t.HelmChartContainer - [test-hivemq-platform] [hivemq] [9ed6d189]   JAVA_VERSION: 21
2025-01-29 13:25:58,265 INFO c.h.h.t.HelmChartContainer - [test-hivemq-platform] [hivemq] [9ed6d189] 
2025-01-29 13:25:58,265 INFO c.h.h.t.HelmChartContainer - [test-hivemq-platform] [hivemq] [9ed6d189] -------------------------------------------------------------------------
2025-01-29 13:25:58,265 INFO c.h.h.t.HelmChartContainer - [test-hivemq-platform] [hivemq] [9ed6d189] 
2025-01-29 13:25:59,160 INFO c.h.h.t.HelmChartContainer - [test-hivemq-platform] [hivemq] [9ed6d189] INFO  - [HiveMQ Platform Operator Init App 1.7.0-SNAPSHOT] Returning default Health API response 503 for readiness
2025-01-29 13:25:59,560 INFO c.h.h.t.HelmChartContainer - [EVENT] Warning [Unhealthy] Readiness probe failed: HTTP probe failed with statuscode: 503 [helmmetricsserviceit:test-hivemq-platform-0]
2025-01-29 13:25:59,560 INFO c.h.h.t.HelmChartContainer - Received Unhealthy event for container hivemq in pod test-hivemq-platform-0 [9ed6d189-f858-423f-8fcd-4977f3e4c9cf]
2025-01-29 13:26:01,250 INFO c.h.h.t.HelmChartContainer - [test-hivemq-platform] [hivemq] [9ed6d189] INFO  - Starting HiveMQ Enterprise Server
2025-01-29 13:26:01,256 INFO c.h.h.t.HelmChartContainer - [test-hivemq-platform] [hivemq] [9ed6d189] INFO  - HiveMQ version: 4.36.0
2025-01-29 13:26:01,256 INFO c.h.h.t.HelmChartContainer - [test-hivemq-platform] [hivemq] [9ed6d189] INFO  - HiveMQ home directory: /opt/hivemq
2025-01-29 13:26:01,256 INFO c.h.h.t.HelmChartContainer - [test-hivemq-platform] [hivemq] [9ed6d189] INFO  - Log Configuration was overridden by /opt/hivemq/conf/logback.xml
2025-01-29 13:26:02,962 INFO c.h.h.t.HelmChartContainer - [test-hivemq-platform] [hivemq] [9ed6d189] INFO  - Successfully loaded configuration from '/opt/hivemq/conf-k8s/config.xml'.
2025-01-29 13:26:03,232 INFO c.h.h.t.HelmChartContainer - [hivemq-test-hivemq-platform] [hivemq-platform-operator] [42df55e0] 13:26:03.230 [pool-6-thread-9] DEBUG c.h.p.o.d.PlatformServiceResource - [helmmetr] Desired Platform services (2 services)
2025-01-29 13:26:03,234 INFO c.h.h.t.HelmChartContainer - [hivemq-test-hivemq-platform] [hivemq-platform-operator] [42df55e0] 13:26:03.231 [pool-6-thread-8] DEBUG c.h.p.o.dependants.PodInfoConfigMap - [helmmetr] Desired PodInfo ConfigMap (1 extensions) (1 enabled)
2025-01-29 13:26:03,234 INFO c.h.h.t.HelmChartContainer - [hivemq-test-hivemq-platform] [hivemq-platform-operator] [42df55e0] 13:26:03.231 [pool-6-thread-8] DEBUG c.h.p.o.dependants.PodInfoConfigMap - [helmmetr] Desired PodInfo ConfigMap (metrics port: 9499) (metrics path: /metrics)
2025-01-29 13:26:03,234 INFO c.h.h.t.HelmChartContainer - [hivemq-test-hivemq-platform] [hivemq-platform-operator] [42df55e0] 13:26:03.231 [pool-6-thread-8] DEBUG c.h.p.o.dependants.PodInfoConfigMap - [helmmetr] Desired PodInfo ConfigMap (extension state hash: 1243513115)
2025-01-29 13:26:03,234 INFO c.h.h.t.HelmChartContainer - [hivemq-test-hivemq-platform] [hivemq-platform-operator] [42df55e0] 13:26:03.232 [pool-6-thread-8] DEBUG c.h.p.o.d.PodServiceAccountResource - [helmmetr] Desired PodServiceAccountResource (serviceAccountName: hivemq-platform-pod-test-hivemq-platform)
2025-01-29 13:26:03,240 INFO c.h.h.t.HelmChartContainer - [hivemq-test-hivemq-platform] [hivemq-platform-operator] [42df55e0] 13:26:03.238 [pool-6-thread-6] DEBUG c.h.p.o.d.StatefulSetResource - [helmmetr] Desired StatefulSet (1 replicas) for status STARTING (READY)
2025-01-29 13:26:03,244 INFO c.h.h.t.HelmChartContainer - [hivemq-test-hivemq-platform] [hivemq-platform-operator] [42df55e0] 13:26:03.243 [ReconcilerExecutor-hivemq-controller-109] INFO  c.h.p.o.HiveMQPlatformReconciler - [helmmetr] Reconciling HiveMQ Platform 'test-hivemq-platform' in namespace 'helmmetricsserviceit'
2025-01-29 13:26:03,244 INFO c.h.h.t.HelmChartContainer - [hivemq-test-hivemq-platform] [hivemq-platform-operator] [42df55e0] 13:26:03.243 [ReconcilerExecutor-hivemq-controller-109] DEBUG c.h.p.o.HiveMQPlatformReconciler - [helmmetr] Custom Resource Status STARTING - HiveMQ Platform is starting (READY)
2025-01-29 13:26:03,244 INFO c.h.h.t.HelmChartContainer - [hivemq-test-hivemq-platform] [hivemq-platform-operator] [42df55e0] 13:26:03.243 [ReconcilerExecutor-hivemq-controller-109] DEBUG c.h.p.o.HiveMQPlatformReconciler - [helmmetr] Custom Resource Spec (replicas: 1) (extensions: 1)
2025-01-29 13:26:03,246 INFO c.h.h.t.HelmChartContainer - [hivemq-test-hivemq-platform] [hivemq-platform-operator] [42df55e0] 13:26:03.245 [ReconcilerExecutor-hivemq-controller-109] DEBUG c.h.p.o.HiveMQPlatformReconciler - [helmmetr] StatefulSet Status (revision: test-hivemq-platform-84f6684d79, replicas: 1, available: 0, ready: 0, current: 1, updated: 1)
2025-01-29 13:26:03,246 INFO c.h.h.t.HelmChartContainer - [hivemq-test-hivemq-platform] [hivemq-platform-operator] [42df55e0] 13:26:03.245 [ReconcilerExecutor-hivemq-controller-109] DEBUG c.h.p.o.HiveMQPlatformReconciler - [helmmetr] StatefulSet Spec (replicas: 1, init containers: 1, containers: 1, volumes: 3)
2025-01-29 13:26:03,318 INFO c.h.h.t.HelmChartContainer - [hivemq-test-hivemq-platform] [hivemq-platform-operator] [42df55e0] 13:26:03.316 [ReconcilerExecutor-hivemq-controller-109] DEBUG c.h.p.o.h.HiveMQPlatformReconcilerErrorHandler - [helmmetr] Pod 'test-hivemq-platform-0' phase Running
2025-01-29 13:26:03,318 INFO c.h.h.t.HelmChartContainer - [hivemq-test-hivemq-platform] [hivemq-platform-operator] [42df55e0] 13:26:03.317 [ReconcilerExecutor-hivemq-controller-109] INFO  c.h.p.o.h.HiveMQPlatformReconcilerBaseHandler - [helmmetr] HiveMQ Platform is starting, 0 of 1 replicas are ready
2025-01-29 13:26:03,852 INFO c.h.h.t.HelmChartContainer - [test-hivemq-platform] [hivemq] [9ed6d189] INFO  - This node's ID is 4y6rh
2025-01-29 13:26:03,853 INFO c.h.h.t.HelmChartContainer - [test-hivemq-platform] [hivemq] [9ed6d189] INFO  - Clustering is enabled
2025-01-29 13:26:04,463 INFO c.h.h.t.HelmChartContainer - [test-hivemq-platform] [hivemq] [9ed6d189] WARN  - [HiveMQ Platform Operator Init App 1.7.0-SNAPSHOT] Cannot connect to Health API for readiness: null
2025-01-29 13:26:04,467 INFO c.h.h.t.HelmChartContainer - [EVENT] Warning [Unhealthy] Readiness probe failed: HTTP probe failed with statuscode: 503 [helmmetricsserviceit:test-hivemq-platform-0]
2025-01-29 13:26:04,467 INFO c.h.h.t.HelmChartContainer - Received Unhealthy event for container hivemq in pod test-hivemq-platform-0 [9ed6d189-f858-423f-8fcd-4977f3e4c9cf]
2025-01-29 13:26:07,159 INFO c.h.h.t.HelmChartContainer - [test-hivemq-platform] [hivemq] [9ed6d189] Jan 29, 2025 1:26:07 PM io.vertx.core.impl.BlockedThreadChecker
2025-01-29 13:26:07,159 INFO c.h.h.t.HelmChartContainer - [test-hivemq-platform] [hivemq] [9ed6d189] WARNING: Thread Thread[vert.x-eventloop-thread-1,5,main] has been blocked for 2403 ms, time limit is 2000 ms
2025-01-29 13:26:08,051 INFO c.h.h.t.HelmChartContainer - [test-hivemq-platform] [hivemq] [9ed6d189] INFO  - [HiveMQ Platform Operator Init App 1.7.0-SNAPSHOT] Updating Pod HiveMQ Platform Operator Init App version annotation (version: 1.7.0-SNAPSHOT)
2025-01-29 13:26:08,964 INFO c.h.h.t.HelmChartContainer - [POD] test-hivemq-platform-0 [9ed6d189-f858-423f-8fcd-4977f3e4c9cf] in helmmetricsserviceit was MODIFIED
2025-01-29 13:26:08,973 INFO c.h.h.t.HelmChartContainer - [hivemq-test-hivemq-platform] [hivemq-platform-operator] [42df55e0] 13:26:08.971 [pool-6-thread-16] DEBUG c.h.p.o.d.PlatformServiceResource - [helmmetr] Desired Platform services (2 services)
2025-01-29 13:26:08,975 INFO c.h.h.t.HelmChartContainer - [hivemq-test-hivemq-platform] [hivemq-platform-operator] [42df55e0] 13:26:08.972 [pool-6-thread-14] DEBUG c.h.p.o.dependants.PodInfoConfigMap - [helmmetr] Desired PodInfo ConfigMap (1 extensions) (1 enabled)
2025-01-29 13:26:08,975 INFO c.h.h.t.HelmChartContainer - [hivemq-test-hivemq-platform] [hivemq-platform-operator] [42df55e0] 13:26:08.973 [pool-6-thread-17] DEBUG c.h.p.o.d.PodServiceAccountResource - [helmmetr] Desired PodServiceAccountResource (serviceAccountName: hivemq-platform-pod-test-hivemq-platform)
2025-01-29 13:26:08,975 INFO c.h.h.t.HelmChartContainer - [hivemq-test-hivemq-platform] [hivemq-platform-operator] [42df55e0] 13:26:08.973 [pool-6-thread-14] DEBUG c.h.p.o.dependants.PodInfoConfigMap - [helmmetr] Desired PodInfo ConfigMap (metrics port: 9499) (metrics path: /metrics)
2025-01-29 13:26:08,975 INFO c.h.h.t.HelmChartContainer - [hivemq-test-hivemq-platform] [hivemq-platform-operator] [42df55e0] 13:26:08.973 [pool-6-thread-14] DEBUG c.h.p.o.dependants.PodInfoConfigMap - [helmmetr] Desired PodInfo ConfigMap (extension state hash: 1243513115)
2025-01-29 13:26:08,980 INFO c.h.h.t.HelmChartContainer - [hivemq-test-hivemq-platform] [hivemq-platform-operator] [42df55e0] 13:26:08.978 [pool-6-thread-16] DEBUG c.h.p.o.d.StatefulSetResource - [helmmetr] Desired StatefulSet (1 replicas) for status STARTING (READY)
2025-01-29 13:26:08,984 INFO c.h.h.t.HelmChartContainer - [hivemq-test-hivemq-platform] [hivemq-platform-operator] [42df55e0] 13:26:08.982 [ReconcilerExecutor-hivemq-controller-110] INFO  c.h.p.o.HiveMQPlatformReconciler - [helmmetr] Reconciling HiveMQ Platform 'test-hivemq-platform' in namespace 'helmmetricsserviceit'
2025-01-29 13:26:08,984 INFO c.h.h.t.HelmChartContainer - [hivemq-test-hivemq-platform] [hivemq-platform-operator] [42df55e0] 13:26:08.982 [ReconcilerExecutor-hivemq-controller-110] DEBUG c.h.p.o.HiveMQPlatformReconciler - [helmmetr] Custom Resource Status STARTING - HiveMQ Platform is starting (READY)
2025-01-29 13:26:08,984 INFO c.h.h.t.HelmChartContainer - [hivemq-test-hivemq-platform] [hivemq-platform-operator] [42df55e0] 13:26:08.983 [ReconcilerExecutor-hivemq-controller-110] DEBUG c.h.p.o.HiveMQPlatformReconciler - [helmmetr] Custom Resource Spec (replicas: 1) (extensions: 1)
2025-01-29 13:26:08,985 INFO c.h.h.t.HelmChartContainer - [hivemq-test-hivemq-platform] [hivemq-platform-operator] [42df55e0] 13:26:08.984 [ReconcilerExecutor-hivemq-controller-110] DEBUG c.h.p.o.HiveMQPlatformReconciler - [helmmetr] StatefulSet Status (revision: test-hivemq-platform-84f6684d79, replicas: 1, available: 0, ready: 0, current: 1, updated: 1)
2025-01-29 13:26:09,016 INFO c.h.h.t.HelmChartContainer - [hivemq-test-hivemq-platform] [hivemq-platform-operator] [42df55e0] 13:26:09.014 [ReconcilerExecutor-hivemq-controller-110] DEBUG c.h.p.o.HiveMQPlatformReconciler - [helmmetr] StatefulSet Spec (replicas: 1, init containers: 1, containers: 1, volumes: 3)
2025-01-29 13:26:09,020 INFO c.h.h.t.HelmChartContainer - [hivemq-test-hivemq-platform] [hivemq-platform-operator] [42df55e0] 13:26:09.018 [ReconcilerExecutor-hivemq-controller-110] DEBUG c.h.p.o.h.HiveMQPlatformReconcilerErrorHandler - [helmmetr] Pod 'test-hivemq-platform-0' phase Running
2025-01-29 13:26:09,020 INFO c.h.h.t.HelmChartContainer - [hivemq-test-hivemq-platform] [hivemq-platform-operator] [42df55e0] 13:26:09.019 [ReconcilerExecutor-hivemq-controller-110] INFO  c.h.p.o.h.HiveMQPlatformReconcilerBaseHandler - [helmmetr] HiveMQ Platform is starting, 0 of 1 replicas are ready
2025-01-29 13:26:09,059 INFO c.h.h.t.HelmChartContainer - [test-hivemq-platform] [hivemq] [9ed6d189] WARN  - [HiveMQ Platform Operator Init App 1.7.0-SNAPSHOT] Cannot connect to Health API for readiness: null
2025-01-29 13:26:09,060 INFO c.h.h.t.HelmChartContainer - [test-hivemq-platform] [hivemq] [9ed6d189] INFO  - [HiveMQ Platform Operator Init App 1.7.0-SNAPSHOT] Successfully updated Pod HiveMQ Platform Operator Init App version annotation (version: 1.7.0-SNAPSHOT)
2025-01-29 13:26:09,066 INFO c.h.h.t.HelmChartContainer - [EVENT] Warning [Unhealthy] Readiness probe failed: HTTP probe failed with statuscode: 503 [helmmetricsserviceit:test-hivemq-platform-0]
2025-01-29 13:26:09,066 INFO c.h.h.t.HelmChartContainer - Received Unhealthy event for container hivemq in pod test-hivemq-platform-0 [9ed6d189-f858-423f-8fcd-4977f3e4c9cf]
2025-01-29 13:26:14,008 INFO c.h.h.t.HelmChartContainer - [test-hivemq-platform] [hivemq] [9ed6d189] WARN  - [HiveMQ Platform Operator Init App 1.7.0-SNAPSHOT] Cannot connect to Health API for readiness: null
2025-01-29 13:26:14,014 INFO c.h.h.t.HelmChartContainer - [EVENT] Warning [Unhealthy] Readiness probe failed: HTTP probe failed with statuscode: 503 [helmmetricsserviceit:test-hivemq-platform-0]
2025-01-29 13:26:14,014 INFO c.h.h.t.HelmChartContainer - Received Unhealthy event for container hivemq in pod test-hivemq-platform-0 [9ed6d189-f858-423f-8fcd-4977f3e4c9cf]
2025-01-29 13:26:19,008 INFO c.h.h.t.HelmChartContainer - [test-hivemq-platform] [hivemq] [9ed6d189] WARN  - [HiveMQ Platform Operator Init App 1.7.0-SNAPSHOT] Cannot connect to Health API for readiness: null
2025-01-29 13:26:19,014 INFO c.h.h.t.HelmChartContainer - [EVENT] Warning [Unhealthy] Readiness probe failed: HTTP probe failed with statuscode: 503 [helmmetricsserviceit:test-hivemq-platform-0]
2025-01-29 13:26:19,014 INFO c.h.h.t.HelmChartContainer - Received Unhealthy event for container hivemq in pod test-hivemq-platform-0 [9ed6d189-f858-423f-8fcd-4977f3e4c9cf]
2025-01-29 13:26:19,027 INFO c.h.h.t.HelmChartContainer - [hivemq-test-hivemq-platform] [hivemq-platform-operator] [42df55e0] 13:26:19.024 [pool-6-thread-25] DEBUG c.h.p.o.d.PlatformServiceResource - [helmmetr] Desired Platform services (2 services)
2025-01-29 13:26:19,027 INFO c.h.h.t.HelmChartContainer - [hivemq-test-hivemq-platform] [hivemq-platform-operator] [42df55e0] 13:26:19.025 [pool-6-thread-23] DEBUG c.h.p.o.d.PodServiceAccountResource - [helmmetr] Desired PodServiceAccountResource (serviceAccountName: hivemq-platform-pod-test-hivemq-platform)
2025-01-29 13:26:19,027 INFO c.h.h.t.HelmChartContainer - [hivemq-test-hivemq-platform] [hivemq-platform-operator] [42df55e0] 13:26:19.026 [pool-6-thread-22] DEBUG c.h.p.o.dependants.PodInfoConfigMap - [helmmetr] Desired PodInfo ConfigMap (1 extensions) (1 enabled)
2025-01-29 13:26:19,028 INFO c.h.h.t.HelmChartContainer - [hivemq-test-hivemq-platform] [hivemq-platform-operator] [42df55e0] 13:26:19.026 [pool-6-thread-22] DEBUG c.h.p.o.dependants.PodInfoConfigMap - [helmmetr] Desired PodInfo ConfigMap (metrics port: 9499) (metrics path: /metrics)
2025-01-29 13:26:19,028 INFO c.h.h.t.HelmChartContainer - [hivemq-test-hivemq-platform] [hivemq-platform-operator] [42df55e0] 13:26:19.026 [pool-6-thread-22] DEBUG c.h.p.o.dependants.PodInfoConfigMap - [helmmetr] Desired PodInfo ConfigMap (extension state hash: 1243513115)
2025-01-29 13:26:19,032 INFO c.h.h.t.HelmChartContainer - [hivemq-test-hivemq-platform] [hivemq-platform-operator] [42df55e0] 13:26:19.031 [pool-6-thread-25] DEBUG c.h.p.o.d.StatefulSetResource - [helmmetr] Desired StatefulSet (1 replicas) for status STARTING (READY)
2025-01-29 13:26:19,037 INFO c.h.h.t.HelmChartContainer - [hivemq-test-hivemq-platform] [hivemq-platform-operator] [42df55e0] 13:26:19.036 [ReconcilerExecutor-hivemq-controller-111] INFO  c.h.p.o.HiveMQPlatformReconciler - [helmmetr] Reconciling HiveMQ Platform 'test-hivemq-platform' in namespace 'helmmetricsserviceit'
2025-01-29 13:26:19,038 INFO c.h.h.t.HelmChartContainer - [hivemq-test-hivemq-platform] [hivemq-platform-operator] [42df55e0] 13:26:19.036 [ReconcilerExecutor-hivemq-controller-111] DEBUG c.h.p.o.HiveMQPlatformReconciler - [helmmetr] Custom Resource Status STARTING - HiveMQ Platform is starting (READY)
2025-01-29 13:26:19,038 INFO c.h.h.t.HelmChartContainer - [hivemq-test-hivemq-platform] [hivemq-platform-operator] [42df55e0] 13:26:19.036 [ReconcilerExecutor-hivemq-controller-111] DEBUG c.h.p.o.HiveMQPlatformReconciler - [helmmetr] Custom Resource Spec (replicas: 1) (extensions: 1)
2025-01-29 13:26:19,039 INFO c.h.h.t.HelmChartContainer - [hivemq-test-hivemq-platform] [hivemq-platform-operator] [42df55e0] 13:26:19.038 [ReconcilerExecutor-hivemq-controller-111] DEBUG c.h.p.o.HiveMQPlatformReconciler - [helmmetr] StatefulSet Status (revision: test-hivemq-platform-84f6684d79, replicas: 1, available: 0, ready: 0, current: 1, updated: 1)
2025-01-29 13:26:19,039 INFO c.h.h.t.HelmChartContainer - [hivemq-test-hivemq-platform] [hivemq-platform-operator] [42df55e0] 13:26:19.038 [ReconcilerExecutor-hivemq-controller-111] DEBUG c.h.p.o.HiveMQPlatformReconciler - [helmmetr] StatefulSet Spec (replicas: 1, init containers: 1, containers: 1, volumes: 3)
2025-01-29 13:26:19,119 INFO c.h.h.t.HelmChartContainer - [hivemq-test-hivemq-platform] [hivemq-platform-operator] [42df55e0] 13:26:19.115 [ReconcilerExecutor-hivemq-controller-111] DEBUG c.h.p.o.h.HiveMQPlatformReconcilerErrorHandler - [helmmetr] Pod 'test-hivemq-platform-0' phase Running
2025-01-29 13:26:19,119 INFO c.h.h.t.HelmChartContainer - [hivemq-test-hivemq-platform] [hivemq-platform-operator] [42df55e0] 13:26:19.116 [ReconcilerExecutor-hivemq-controller-111] INFO  c.h.p.o.h.HiveMQPlatformReconcilerBaseHandler - [helmmetr] HiveMQ Platform is starting, 0 of 1 replicas are ready
2025-01-29 13:26:20,009 INFO c.h.h.t.HelmChartContainer - [test-hivemq-platform] [hivemq] [9ed6d189] WARN  - [HiveMQ Platform Operator Init App 1.7.0-SNAPSHOT] Cannot connect to Health API for liveness: null
2025-01-29 13:26:20,011 INFO c.h.h.t.HelmChartContainer - [test-hivemq-platform] [hivemq] [9ed6d189] INFO  - [HiveMQ Platform Operator Init App 1.7.0-SNAPSHOT] Returning default Health API response 200 for liveness
2025-01-29 13:26:21,352 INFO c.h.h.t.HelmChartContainer - [test-hivemq-platform] [hivemq] [9ed6d189] INFO  - No valid license file found. Using trial license, restricted to 25 connections.
2025-01-29 13:26:24,010 INFO c.h.h.t.HelmChartContainer - [test-hivemq-platform] [hivemq] [9ed6d189] WARN  - [HiveMQ Platform Operator Init App 1.7.0-SNAPSHOT] Cannot connect to Health API for readiness: null
2025-01-29 13:26:24,014 INFO c.h.h.t.HelmChartContainer - [EVENT] Warning [Unhealthy] Readiness probe failed: HTTP probe failed with statuscode: 503 [helmmetricsserviceit:test-hivemq-platform-0]
2025-01-29 13:26:24,014 INFO c.h.h.t.HelmChartContainer - Received Unhealthy event for container hivemq in pod test-hivemq-platform-0 [9ed6d189-f858-423f-8fcd-4977f3e4c9cf]
2025-01-29 13:26:25,418 INFO c.h.h.t.HelmChartContainer - [test-hivemq-platform] [hivemq] [9ed6d189] INFO  - No valid license file for Data Hub found. Using free license, restricted to 1 policy.
2025-01-29 13:26:26,043 INFO c.h.h.t.HelmChartContainer - [K3S] [range_allocator.go:247] "Successfully synced" key="bd3ce72ce098"
2025-01-29 13:26:26,630 INFO c.h.h.t.HelmChartContainer - [test-hivemq-platform] [hivemq] [9ed6d189] INFO  - Audit Logger started.
2025-01-29 13:26:26,918 INFO c.h.h.t.HelmChartContainer - [test-hivemq-platform] [hivemq] [9ed6d189] INFO  - This node uses '1' CPU cores.
2025-01-29 13:26:26,922 INFO c.h.h.t.HelmChartContainer - [test-hivemq-platform] [hivemq] [9ed6d189] INFO  - Starting HiveMQ Health API on address 0.0.0.0 and port 8889
2025-01-29 13:26:27,726 INFO c.h.h.t.HelmChartContainer - [test-hivemq-platform] [hivemq] [9ed6d189] INFO  - Started HiveMQ Health API in 803ms
2025-01-29 13:26:28,321 INFO c.h.h.t.HelmChartContainer - [test-hivemq-platform] [hivemq] [9ed6d189] INFO  - Starting HiveMQ extension system.
2025-01-29 13:26:28,613 INFO c.h.h.t.HelmChartContainer - [test-hivemq-platform] [hivemq] [9ed6d189] INFO  - Starting extension with id "hivemq-dns-cluster-discovery" at /opt/hivemq/extensions/hivemq-dns-cluster-discovery
2025-01-29 13:26:29,122 INFO c.h.h.t.HelmChartContainer - [hivemq-test-hivemq-platform] [hivemq-platform-operator] [42df55e0] 13:26:29.121 [pool-6-thread-33] DEBUG c.h.p.o.d.PlatformServiceResource - [helmmetr] Desired Platform services (2 services)
2025-01-29 13:26:29,124 INFO c.h.h.t.HelmChartContainer - [hivemq-test-hivemq-platform] [hivemq-platform-operator] [42df55e0] 13:26:29.123 [pool-6-thread-36] DEBUG c.h.p.o.d.PodServiceAccountResource - [helmmetr] Desired PodServiceAccountResource (serviceAccountName: hivemq-platform-pod-test-hivemq-platform)
2025-01-29 13:26:29,125 INFO c.h.h.t.HelmChartContainer - [hivemq-test-hivemq-platform] [hivemq-platform-operator] [42df55e0] 13:26:29.122 [pool-6-thread-37] DEBUG c.h.p.o.dependants.PodInfoConfigMap - [helmmetr] Desired PodInfo ConfigMap (1 extensions) (1 enabled)
2025-01-29 13:26:29,125 INFO c.h.h.t.HelmChartContainer - [hivemq-test-hivemq-platform] [hivemq-platform-operator] [42df55e0] 13:26:29.124 [pool-6-thread-37] DEBUG c.h.p.o.dependants.PodInfoConfigMap - [helmmetr] Desired PodInfo ConfigMap (metrics port: 9499) (metrics path: /metrics)
2025-01-29 13:26:29,126 INFO c.h.h.t.HelmChartContainer - [hivemq-test-hivemq-platform] [hivemq-platform-operator] [42df55e0] 13:26:29.124 [pool-6-thread-37] DEBUG c.h.p.o.dependants.PodInfoConfigMap - [helmmetr] Desired PodInfo ConfigMap (extension state hash: 1243513115)
2025-01-29 13:26:29,130 INFO c.h.h.t.HelmChartContainer - [hivemq-test-hivemq-platform] [hivemq-platform-operator] [42df55e0] 13:26:29.130 [pool-6-thread-33] DEBUG c.h.p.o.d.StatefulSetResource - [helmmetr] Desired StatefulSet (1 replicas) for status STARTING (READY)
2025-01-29 13:26:29,135 INFO c.h.h.t.HelmChartContainer - [hivemq-test-hivemq-platform] [hivemq-platform-operator] [42df55e0] 13:26:29.134 [ReconcilerExecutor-hivemq-controller-112] INFO  c.h.p.o.HiveMQPlatformReconciler - [helmmetr] Reconciling HiveMQ Platform 'test-hivemq-platform' in namespace 'helmmetricsserviceit'
2025-01-29 13:26:29,136 INFO c.h.h.t.HelmChartContainer - [hivemq-test-hivemq-platform] [hivemq-platform-operator] [42df55e0] 13:26:29.134 [ReconcilerExecutor-hivemq-controller-112] DEBUG c.h.p.o.HiveMQPlatformReconciler - [helmmetr] Custom Resource Status STARTING - HiveMQ Platform is starting (READY)
2025-01-29 13:26:29,136 INFO c.h.h.t.HelmChartContainer - [hivemq-test-hivemq-platform] [hivemq-platform-operator] [42df55e0] 13:26:29.135 [ReconcilerExecutor-hivemq-controller-112] DEBUG c.h.p.o.HiveMQPlatformReconciler - [helmmetr] Custom Resource Spec (replicas: 1) (extensions: 1)
2025-01-29 13:26:29,138 INFO c.h.h.t.HelmChartContainer - [hivemq-test-hivemq-platform] [hivemq-platform-operator] [42df55e0] 13:26:29.137 [ReconcilerExecutor-hivemq-controller-112] DEBUG c.h.p.o.HiveMQPlatformReconciler - [helmmetr] StatefulSet Status (revision: test-hivemq-platform-84f6684d79, replicas: 1, available: 0, ready: 0, current: 1, updated: 1)
2025-01-29 13:26:29,138 INFO c.h.h.t.HelmChartContainer - [hivemq-test-hivemq-platform] [hivemq-platform-operator] [42df55e0] 13:26:29.137 [ReconcilerExecutor-hivemq-controller-112] DEBUG c.h.p.o.HiveMQPlatformReconciler - [helmmetr] StatefulSet Spec (replicas: 1, init containers: 1, containers: 1, volumes: 3)
2025-01-29 13:26:29,139 INFO c.h.h.t.HelmChartContainer - [hivemq-test-hivemq-platform] [hivemq-platform-operator] [42df55e0] 13:26:29.139 [ReconcilerExecutor-hivemq-controller-112] DEBUG c.h.p.o.h.HiveMQPlatformReconcilerErrorHandler - [helmmetr] Pod 'test-hivemq-platform-0' phase Running
2025-01-29 13:26:29,140 INFO c.h.h.t.HelmChartContainer - [hivemq-test-hivemq-platform] [hivemq-platform-operator] [42df55e0] 13:26:29.139 [ReconcilerExecutor-hivemq-controller-112] INFO  c.h.p.o.h.HiveMQPlatformReconcilerBaseHandler - [helmmetr] HiveMQ Platform is starting, 0 of 1 replicas are ready
2025-01-29 13:26:29,214 INFO c.h.h.t.HelmChartContainer - [test-hivemq-platform] [hivemq] [9ed6d189] INFO  - Using TCP cluster transport on address 10.42.0.12 and port 7000
2025-01-29 13:26:29,309 INFO c.h.h.t.HelmChartContainer - [test-hivemq-platform] [hivemq] [9ed6d189] INFO  - Using extension cluster discovery
2025-01-29 13:26:29,310 INFO c.h.h.t.HelmChartContainer - [test-hivemq-platform] [hivemq] [9ed6d189] INFO  - Extension "DNS Cluster Discovery Extension" version 4.3.2 started successfully.
2025-01-29 13:26:29,310 INFO c.h.h.t.HelmChartContainer - [test-hivemq-platform] [hivemq] [9ed6d189] INFO  - Starting extension with id "hivemq-prometheus-extension" at /opt/hivemq/extensions/hivemq-prometheus-extension
2025-01-29 13:26:30,010 INFO c.h.h.t.HelmChartContainer - [EVENT] Warning [Unhealthy] Readiness probe failed: Get "http://10.42.0.12:7979/readiness": context deadline exceeded (Client.Timeout exceeded while awaiting headers) [helmmetricsserviceit:test-hivemq-platform-0]
2025-01-29 13:26:30,010 INFO c.h.h.t.HelmChartContainer - Received Unhealthy event for container hivemq in pod test-hivemq-platform-0 [9ed6d189-f858-423f-8fcd-4977f3e4c9cf]
2025-01-29 13:26:30,616 INFO c.h.h.t.HelmChartContainer - [test-hivemq-platform] [hivemq] [9ed6d189] INFO  - Started Jetty Server exposing Prometheus Servlet on URI http://0.0.0.0:9499/metrics
2025-01-29 13:26:30,617 INFO c.h.h.t.HelmChartContainer - [test-hivemq-platform] [hivemq] [9ed6d189] INFO  - Extension "Prometheus Monitoring Extension" version 4.0.12 started successfully.
2025-01-29 13:26:30,617 INFO c.h.h.t.HelmChartContainer - [test-hivemq-platform] [hivemq] [9ed6d189] INFO  - Starting extension with id "hivemq-allow-all-extension" at /opt/hivemq/extensions/hivemq-allow-all-extension
2025-01-29 13:26:30,617 INFO c.h.h.t.HelmChartContainer - [test-hivemq-platform] [hivemq] [9ed6d189] WARN  - 
2025-01-29 13:26:30,617 INFO c.h.h.t.HelmChartContainer - [test-hivemq-platform] [hivemq] [9ed6d189] ################################################################################################################
2025-01-29 13:26:30,617 INFO c.h.h.t.HelmChartContainer - [test-hivemq-platform] [hivemq] [9ed6d189] # This HiveMQ deployment is not secure! You are lacking Authentication and Authorization.                      #
2025-01-29 13:26:30,617 INFO c.h.h.t.HelmChartContainer - [test-hivemq-platform] [hivemq] [9ed6d189] # Right now any MQTT client can connect to the broker with a full set of permissions.                          #
2025-01-29 13:26:30,617 INFO c.h.h.t.HelmChartContainer - [test-hivemq-platform] [hivemq] [9ed6d189] # For production usage, add an appropriate security extension and remove the hivemq-allow-all extension.       #
2025-01-29 13:26:30,617 INFO c.h.h.t.HelmChartContainer - [test-hivemq-platform] [hivemq] [9ed6d189] # You can download security extensions from the HiveMQ Marketplace (https://www.hivemq.com/extensions/).       #
2025-01-29 13:26:30,617 INFO c.h.h.t.HelmChartContainer - [test-hivemq-platform] [hivemq] [9ed6d189] ################################################################################################################
2025-01-29 13:26:30,617 INFO c.h.h.t.HelmChartContainer - [test-hivemq-platform] [hivemq] [9ed6d189] INFO  - Extension "Allow All Extension" version 1.1.1 started successfully.
2025-01-29 13:26:30,714 INFO c.h.h.t.HelmChartContainer - [test-hivemq-platform] [hivemq] [9ed6d189] INFO  - [HiveMQ Platform Operator Init App 1.7.0-SNAPSHOT] Returning Health API response 503 for readiness
2025-01-29 13:26:32,807 INFO c.h.h.t.HelmChartContainer - [test-hivemq-platform] [hivemq] [9ed6d189] INFO  - 4y6rh: no members discovered after 2590 ms: creating cluster as first member
2025-01-29 13:26:32,813 INFO c.h.h.t.HelmChartContainer - [test-hivemq-platform] [hivemq] [9ed6d189] INFO  - Cluster nodes found by discovery: [4y6rh|0] (1) [4y6rh].
2025-01-29 13:26:32,831 INFO c.h.h.t.HelmChartContainer - [test-hivemq-platform] [hivemq] [9ed6d189] WARN  - No user for HiveMQ Control Center configured. Starting with default user
2025-01-29 13:26:32,831 INFO c.h.h.t.HelmChartContainer - [test-hivemq-platform] [hivemq] [9ed6d189] INFO  - Starting HiveMQ Control Center on address 127.0.0.1 and port 8080
2025-01-29 13:26:32,832 INFO c.h.h.t.HelmChartContainer - [test-hivemq-platform] [hivemq] [9ed6d189] INFO  - Mounting HiveMQ Control Center V2 Preview
2025-01-29 13:26:33,611 INFO c.h.h.t.HelmChartContainer - [test-hivemq-platform] [hivemq] [9ed6d189] INFO  - Started HiveMQ Control Center in 779ms
2025-01-29 13:26:33,626 INFO c.h.h.t.HelmChartContainer - [test-hivemq-platform] [hivemq] [9ed6d189] INFO  - Starting TCP listener on address 0.0.0.0 and port 1883
2025-01-29 13:26:33,707 INFO c.h.h.t.HelmChartContainer - [test-hivemq-platform] [hivemq] [9ed6d189] INFO  - Started TCP Listener on address 0.0.0.0 and on port 1883.
2025-01-29 13:26:33,708 INFO c.h.h.t.HelmChartContainer - [test-hivemq-platform] [hivemq] [9ed6d189] INFO  - Started HiveMQ in 32847ms
2025-01-29 13:26:33,969 INFO c.h.h.t.HelmChartContainer - [test-hivemq-platform] [hivemq] [9ed6d189] INFO  - [HiveMQ Platform Operator Init App 1.7.0-SNAPSHOT] Returning Health API response 200 for readiness
2025-01-29 13:26:33,981 INFO c.h.h.t.HelmChartContainer - [POD] test-hivemq-platform-0 [9ed6d189-f858-423f-8fcd-4977f3e4c9cf] in helmmetricsserviceit was MODIFIED
2025-01-29 13:26:33,991 INFO c.h.h.t.HelmChartContainer - [hivemq-test-hivemq-platform] [hivemq-platform-operator] [42df55e0] 13:26:33.988 [pool-6-thread-41] DEBUG c.h.p.o.d.PlatformServiceResource - [helmmetr] Desired Platform services (2 services)
2025-01-29 13:26:33,991 INFO c.h.h.t.HelmChartContainer - [hivemq-test-hivemq-platform] [hivemq-platform-operator] [42df55e0] 13:26:33.989 [pool-6-thread-47] DEBUG c.h.p.o.dependants.PodInfoConfigMap - [helmmetr] Desired PodInfo ConfigMap (1 extensions) (1 enabled)
2025-01-29 13:26:33,991 INFO c.h.h.t.HelmChartContainer - [hivemq-test-hivemq-platform] [hivemq-platform-operator] [42df55e0] 13:26:33.989 [pool-6-thread-47] DEBUG c.h.p.o.dependants.PodInfoConfigMap - [helmmetr] Desired PodInfo ConfigMap (metrics port: 9499) (metrics path: /metrics)
2025-01-29 13:26:33,991 INFO c.h.h.t.HelmChartContainer - [hivemq-test-hivemq-platform] [hivemq-platform-operator] [42df55e0] 13:26:33.989 [pool-6-thread-47] DEBUG c.h.p.o.dependants.PodInfoConfigMap - [helmmetr] Desired PodInfo ConfigMap (extension state hash: 1243513115)
2025-01-29 13:26:33,994 INFO c.h.h.t.HelmChartContainer - [hivemq-test-hivemq-platform] [hivemq-platform-operator] [42df55e0] 13:26:33.991 [pool-6-thread-42] DEBUG c.h.p.o.d.PodServiceAccountResource - [helmmetr] Desired PodServiceAccountResource (serviceAccountName: hivemq-platform-pod-test-hivemq-platform)
2025-01-29 13:26:34,003 INFO c.h.h.t.HelmChartContainer - [hivemq-test-hivemq-platform] [hivemq-platform-operator] [42df55e0] 13:26:34.002 [pool-6-thread-41] DEBUG c.h.p.o.d.StatefulSetResource - [helmmetr] Desired StatefulSet (1 replicas) for status STARTING (READY)
2025-01-29 13:26:34,088 INFO c.h.h.t.HelmChartContainer - [hivemq-test-hivemq-platform] [hivemq-platform-operator] [42df55e0] 13:26:34.084 [ReconcilerExecutor-hivemq-controller-113] INFO  c.h.p.o.HiveMQPlatformReconciler - [helmmetr] Reconciling HiveMQ Platform 'test-hivemq-platform' in namespace 'helmmetricsserviceit'
2025-01-29 13:26:34,088 INFO c.h.h.t.HelmChartContainer - [hivemq-test-hivemq-platform] [hivemq-platform-operator] [42df55e0] 13:26:34.084 [ReconcilerExecutor-hivemq-controller-113] DEBUG c.h.p.o.HiveMQPlatformReconciler - [helmmetr] Custom Resource Status STARTING - HiveMQ Platform is starting (READY)
2025-01-29 13:26:34,088 INFO c.h.h.t.HelmChartContainer - [hivemq-test-hivemq-platform] [hivemq-platform-operator] [42df55e0] 13:26:34.084 [ReconcilerExecutor-hivemq-controller-113] DEBUG c.h.p.o.HiveMQPlatformReconciler - [helmmetr] Custom Resource Spec (replicas: 1) (extensions: 1)
2025-01-29 13:26:34,088 INFO c.h.h.t.HelmChartContainer - [hivemq-test-hivemq-platform] [hivemq-platform-operator] [42df55e0] 13:26:34.087 [ReconcilerExecutor-hivemq-controller-113] DEBUG c.h.p.o.HiveMQPlatformReconciler - [helmmetr] StatefulSet Status (revision: test-hivemq-platform-84f6684d79, replicas: 1, available: 1, ready: 1, current: 1, updated: 1)
2025-01-29 13:26:34,088 INFO c.h.h.t.HelmChartContainer - [hivemq-test-hivemq-platform] [hivemq-platform-operator] [42df55e0] 13:26:34.087 [ReconcilerExecutor-hivemq-controller-113] DEBUG c.h.p.o.HiveMQPlatformReconciler - [helmmetr] StatefulSet Spec (replicas: 1, init containers: 1, containers: 1, volumes: 3)
2025-01-29 13:26:34,094 INFO c.h.h.t.HelmChartContainer - [hivemq-test-hivemq-platform] [hivemq-platform-operator] [42df55e0] 13:26:34.088 [ReconcilerExecutor-hivemq-controller-113] DEBUG c.h.p.o.h.HiveMQPlatformReconcilerErrorHandler - [helmmetr] Pod 'test-hivemq-platform-0' phase Running
2025-01-29 13:26:34,094 INFO c.h.h.t.HelmChartContainer - [hivemq-test-hivemq-platform] [hivemq-platform-operator] [42df55e0] 13:26:34.089 [ReconcilerExecutor-hivemq-controller-113] INFO  c.h.p.o.h.HiveMQPlatformReconcilerBaseHandler - [helmmetr] HiveMQ Platform started successfully
2025-01-29 13:26:34,193 INFO c.h.h.t.HelmChartContainer - [hivemq-test-hivemq-platform] [hivemq-platform-operator] [42df55e0] 13:26:34.192 [ReconcilerExecutor-hivemq-controller-113] DEBUG c.h.p.operator.event.EventSender - [helmmetr] Creating K8s event hivemq-platform-ready: [Ready] HiveMQ Platform is ready
2025-01-29 13:26:34,196 INFO c.h.h.t.HelmChartContainer - [EVENT] Normal [Ready] HiveMQ Platform is ready [helmmetricsserviceit:test-hivemq-platform]
2025-01-29 13:26:34,198 INFO c.h.h.t.HelmChartContainer - [hivemq-test-hivemq-platform] [hivemq-platform-operator] [42df55e0] 13:26:34.197 [ReconcilerExecutor-hivemq-controller-113] INFO  c.h.p.o.h.AbstractHiveMQReconcilerStateHandler - [helmmetr] Update HiveMQ Platform Status (STARTING [READY] -> RUNNING [READY]): HiveMQ Platform is ready
2025-01-29 13:26:34,205 DEBUG com.hivemq.helmcharts.util.K8sUtil - Comparing actual state 'RUNNING' and waiting for 'RUNNING'
2025-01-29 13:26:34,212 INFO c.h.h.t.HelmChartContainer - [hivemq-test-hivemq-platform] [hivemq-platform-operator] [42df55e0] 13:26:34.210 [pool-6-thread-3] DEBUG c.h.p.o.d.PlatformServiceResource - [helmmetr] Desired Platform services (2 services)
2025-01-29 13:26:34,212 INFO c.h.h.t.HelmChartContainer - [hivemq-test-hivemq-platform] [hivemq-platform-operator] [42df55e0] 13:26:34.211 [pool-6-thread-4] DEBUG c.h.p.o.dependants.PodInfoConfigMap - [helmmetr] Desired PodInfo ConfigMap (1 extensions) (1 enabled)
2025-01-29 13:26:34,282 INFO c.h.h.t.HelmChartContainer - [hivemq-test-hivemq-platform] [hivemq-platform-operator] [42df55e0] 13:26:34.279 [pool-6-thread-4] DEBUG c.h.p.o.dependants.PodInfoConfigMap - [helmmetr] Desired PodInfo ConfigMap (metrics port: 9499) (metrics path: /metrics)
2025-01-29 13:26:34,282 INFO c.h.h.t.HelmChartContainer - [hivemq-test-hivemq-platform] [hivemq-platform-operator] [42df55e0] 13:26:34.279 [pool-6-thread-4] DEBUG c.h.p.o.dependants.PodInfoConfigMap - [helmmetr] Desired PodInfo ConfigMap (extension state hash: 1243513115)
2025-01-29 13:26:34,282 INFO c.h.h.t.HelmChartContainer - [hivemq-test-hivemq-platform] [hivemq-platform-operator] [42df55e0] 13:26:34.280 [pool-6-thread-4] DEBUG c.h.p.o.dependants.PodInfoConfigMap - [helmmetr] Update PodInfo ConfigMap
2025-01-29 13:26:34,285 INFO c.h.h.t.HelmChartContainer - [hivemq-test-hivemq-platform] [hivemq-platform-operator] [42df55e0] 13:26:34.283 [pool-6-thread-8] DEBUG c.h.p.o.d.PodServiceAccountResource - [helmmetr] Desired PodServiceAccountResource (serviceAccountName: hivemq-platform-pod-test-hivemq-platform)
2025-01-29 13:26:34,297 INFO c.h.h.t.HelmChartContainer - [hivemq-test-hivemq-platform] [hivemq-platform-operator] [42df55e0] 13:26:34.296 [pool-6-thread-4] DEBUG c.h.p.o.d.StatefulSetResource - [helmmetr] Desired StatefulSet (1 replicas) for status RUNNING (READY)
2025-01-29 13:26:34,381 INFO c.h.h.t.HelmChartContainer - [hivemq-test-hivemq-platform] [hivemq-platform-operator] [42df55e0] 13:26:34.379 [ReconcilerExecutor-hivemq-controller-114] INFO  c.h.p.o.HiveMQPlatformReconciler - [helmmetr] Reconciling HiveMQ Platform 'test-hivemq-platform' in namespace 'helmmetricsserviceit'
2025-01-29 13:26:34,381 INFO c.h.h.t.HelmChartContainer - [hivemq-test-hivemq-platform] [hivemq-platform-operator] [42df55e0] 13:26:34.379 [ReconcilerExecutor-hivemq-controller-114] DEBUG c.h.p.o.HiveMQPlatformReconciler - [helmmetr] Custom Resource Status RUNNING - HiveMQ Platform is ready (READY)
2025-01-29 13:26:34,381 INFO c.h.h.t.HelmChartContainer - [hivemq-test-hivemq-platform] [hivemq-platform-operator] [42df55e0] 13:26:34.379 [ReconcilerExecutor-hivemq-controller-114] DEBUG c.h.p.o.HiveMQPlatformReconciler - [helmmetr] Custom Resource Spec (replicas: 1) (extensions: 1)
2025-01-29 13:26:34,382 INFO c.h.h.t.HelmChartContainer - [hivemq-test-hivemq-platform] [hivemq-platform-operator] [42df55e0] 13:26:34.381 [ReconcilerExecutor-hivemq-controller-114] DEBUG c.h.p.o.HiveMQPlatformReconciler - [helmmetr] StatefulSet Status (revision: test-hivemq-platform-84f6684d79, replicas: 1, available: 1, ready: 1, current: 1, updated: 1)
2025-01-29 13:26:34,382 INFO c.h.h.t.HelmChartContainer - [hivemq-test-hivemq-platform] [hivemq-platform-operator] [42df55e0] 13:26:34.381 [ReconcilerExecutor-hivemq-controller-114] DEBUG c.h.p.o.HiveMQPlatformReconciler - [helmmetr] StatefulSet Spec (replicas: 1, init containers: 1, containers: 1, volumes: 3)
2025-01-29 13:26:34,383 INFO c.h.h.t.HelmChartContainer - [hivemq-test-hivemq-platform] [hivemq-platform-operator] [42df55e0] 13:26:34.383 [ReconcilerExecutor-hivemq-controller-114] DEBUG c.h.p.o.h.HiveMQPlatformReconcilerErrorHandler - [helmmetr] Pod 'test-hivemq-platform-0' phase Running
2025-01-29 13:26:37,356 INFO c.h.helmcharts.util.MonitoringUtil - Asserting Prometheus subscribes metrics...
2025-01-29 13:26:38,125 INFO c.h.helmcharts.util.MonitoringUtil - Asserted subscribes metrics (768 ms)
2025-01-29 13:26:38,125 INFO c.h.helmcharts.util.MonitoringUtil - Asserting Prometheus publishes metrics...
2025-01-29 13:26:38,417 INFO c.h.helmcharts.util.MonitoringUtil - Asserted publishes metrics (292 ms)
2025-01-29 13:26:38,418 INFO c.h.h.t.HelmChartContainer - Uninstalling release 'test-hivemq-platform' in namespace 'helmmetricsserviceit'...
2025-01-29 13:26:38,418 DEBUG c.h.h.t.HelmChartContainer - Executing helm command: /bin/helm --kubeconfig /etc/rancher/k3s/k3s.yaml uninstall test-hivemq-platform  --wait --timeout 5m0s --cascade foreground --namespace helmmetricsserviceit
2025-01-29 13:26:38,614 INFO c.h.h.t.HelmChartContainer - [hivemq-test-hivemq-platform] [hivemq-platform-operator] [42df55e0] 13:26:38.611 [pool-6-thread-15] DEBUG c.h.p.o.d.PlatformServiceResource - [helmmetr] Desired Platform services (2 services)
2025-01-29 13:26:38,614 INFO c.h.h.t.HelmChartContainer - [hivemq-test-hivemq-platform] [hivemq-platform-operator] [42df55e0] 13:26:38.612 [pool-6-thread-14] DEBUG c.h.p.o.dependants.PodInfoConfigMap - [helmmetr] Desired PodInfo ConfigMap (1 extensions) (1 enabled)
2025-01-29 13:26:38,614 INFO c.h.h.t.HelmChartContainer - [hivemq-test-hivemq-platform] [hivemq-platform-operator] [42df55e0] 13:26:38.613 [pool-6-thread-14] DEBUG c.h.p.o.dependants.PodInfoConfigMap - [helmmetr] Desired PodInfo ConfigMap (metrics port: 9499) (metrics path: /metrics)
2025-01-29 13:26:38,614 INFO c.h.h.t.HelmChartContainer - [hivemq-test-hivemq-platform] [hivemq-platform-operator] [42df55e0] 13:26:38.613 [pool-6-thread-14] DEBUG c.h.p.o.dependants.PodInfoConfigMap - [helmmetr] Desired PodInfo ConfigMap (extension state hash: 1243513115)
2025-01-29 13:26:38,619 INFO c.h.h.t.HelmChartContainer - [hivemq-test-hivemq-platform] [hivemq-platform-operator] [42df55e0] 13:26:38.616 [pool-6-thread-19] DEBUG c.h.p.o.d.PodServiceAccountResource - [helmmetr] Desired PodServiceAccountResource (serviceAccountName: hivemq-platform-pod-test-hivemq-platform)
2025-01-29 13:26:38,627 INFO c.h.h.t.HelmChartContainer - [hivemq-test-hivemq-platform] [hivemq-platform-operator] [42df55e0] 13:26:38.620 [pool-6-thread-15] DEBUG c.h.p.o.d.StatefulSetResource - [helmmetr] Desired StatefulSet (1 replicas) for status RUNNING (READY)
2025-01-29 13:26:38,628 INFO c.h.h.t.HelmChartContainer - [hivemq-test-hivemq-platform] [hivemq-platform-operator] [42df55e0] 13:26:38.623 [ReconcilerExecutor-hivemq-controller-115] INFO  c.h.p.o.HiveMQPlatformReconciler - [helmmetr] Reconciling HiveMQ Platform 'test-hivemq-platform' in namespace 'helmmetricsserviceit'
2025-01-29 13:26:38,628 INFO c.h.h.t.HelmChartContainer - [hivemq-test-hivemq-platform] [hivemq-platform-operator] [42df55e0] 13:26:38.624 [ReconcilerExecutor-hivemq-controller-115] DEBUG c.h.p.o.HiveMQPlatformReconciler - [helmmetr] Custom Resource Status RUNNING - HiveMQ Platform is ready (READY)
2025-01-29 13:26:38,628 INFO c.h.h.t.HelmChartContainer - [hivemq-test-hivemq-platform] [hivemq-platform-operator] [42df55e0] 13:26:38.624 [ReconcilerExecutor-hivemq-controller-115] DEBUG c.h.p.o.HiveMQPlatformReconciler - [helmmetr] Custom Resource Spec (replicas: 1) (extensions: 1)
2025-01-29 13:26:38,684 INFO c.h.h.t.HelmChartContainer - [hivemq-test-hivemq-platform] [hivemq-platform-operator] [42df55e0] 13:26:38.683 [ReconcilerExecutor-hivemq-controller-115] DEBUG c.h.p.o.HiveMQPlatformReconciler - [helmmetr] StatefulSet Status (revision: test-hivemq-platform-84f6684d79, replicas: 1, available: 1, ready: 1, current: 1, updated: 1)
2025-01-29 13:26:38,684 INFO c.h.h.t.HelmChartContainer - [hivemq-test-hivemq-platform] [hivemq-platform-operator] [42df55e0] 13:26:38.683 [ReconcilerExecutor-hivemq-controller-115] DEBUG c.h.p.o.HiveMQPlatformReconciler - [helmmetr] StatefulSet Spec (replicas: 1, init containers: 1, containers: 1, volumes: 3)
2025-01-29 13:26:38,687 INFO c.h.h.t.HelmChartContainer - [hivemq-test-hivemq-platform] [hivemq-platform-operator] [42df55e0] 13:26:38.686 [ReconcilerExecutor-hivemq-controller-115] DEBUG c.h.p.o.h.HiveMQPlatformReconcilerErrorHandler - [helmmetr] Pod 'test-hivemq-platform-0' phase Running
2025-01-29 13:26:38,688 INFO c.h.h.t.HelmChartContainer - [hivemq-test-hivemq-platform] [hivemq-platform-operator] [42df55e0] 13:26:38.688 [ReconcilerExecutor-hivemq-controller-115] DEBUG c.h.p.o.HiveMQPlatformReconciler - [helmmetr] PodInfoConfigMap is not ready yet
2025-01-29 13:26:38,718 INFO c.h.h.t.HelmChartContainer - [hivemq-test-hivemq-platform] [hivemq-platform-operator] [42df55e0] 13:26:38.717 [ReconcilerExecutor-hivemq-controller-120] INFO  c.h.p.o.HiveMQPlatformReconciler - [helmmetr] Cleanup test-hivemq-platform - helmmetricsserviceit HiveMQ Platform is shut down
2025-01-29 13:26:39,166 INFO c.h.h.t.HelmChartContainer - [POD] test-hivemq-platform-0 [9ed6d189-f858-423f-8fcd-4977f3e4c9cf] in helmmetricsserviceit was MODIFIED
2025-01-29 13:26:39,168 INFO c.h.h.t.HelmChartContainer - [EVENT] Normal [Killing] Stopping container hivemq [helmmetricsserviceit:test-hivemq-platform-0]
2025-01-29 13:26:39,168 INFO c.h.h.t.HelmChartContainer - Received Killing event for container hivemq in pod test-hivemq-platform-0 [9ed6d189-f858-423f-8fcd-4977f3e4c9cf]
2025-01-29 13:26:39,168 INFO c.h.h.t.HelmChartContainer - Container [test-hivemq-platform-0] [hivemq] [9ed6d189-f858-423f-8fcd-4977f3e4c9cf] was terminated
2025-01-29 13:26:39,168 INFO c.h.h.t.HelmChartContainer - Stopped log watcher for hivemq in pod test-hivemq-platform-0 [9ed6d189-f858-423f-8fcd-4977f3e4c9cf]
2025-01-29 13:26:39,175 INFO c.h.h.t.HelmChartContainer - [test-hivemq-platform] [hivemq] [9ed6d189] INFO  - [HiveMQ Platform Operator Init App 1.7.0-SNAPSHOT] Shutting down
2025-01-29 13:26:39,175 INFO c.h.h.t.HelmChartContainer - [test-hivemq-platform] [hivemq] [9ed6d189] INFO  - [HiveMQ Platform Operator Init App 1.7.0-SNAPSHOT] Stopping the HiveMQ Platform
2025-01-29 13:26:39,351 INFO c.h.h.t.HelmChartContainer - [test-hivemq-platform] [hivemq] [9ed6d189] INFO  - Shutting down HiveMQ. Please wait, this could take a while...
2025-01-29 13:26:39,355 INFO c.h.h.t.HelmChartContainer - [test-hivemq-platform] [hivemq] [9ed6d189] INFO  - Shutting down listeners and clients
2025-01-29 13:26:39,358 INFO c.h.h.t.HelmChartContainer - [test-hivemq-platform] [hivemq] [9ed6d189] INFO  - Shutdown of listeners is done
2025-01-29 13:26:39,358 INFO c.h.h.t.HelmChartContainer - [test-hivemq-platform] [hivemq] [9ed6d189] INFO  - No clients are connected, proceeding with shutdown
2025-01-29 13:26:39,559 INFO c.h.h.t.HelmChartContainer - [K3S] [authentication.go:74] "Unable to authenticate the request" err="[invalid bearer token, serviceaccounts \"hivemq-platform-pod-test-hivemq-platform\" not found]"
2025-01-29 13:26:39,577 INFO c.h.h.t.HelmChartContainer - [K3S] [authentication.go:74] "Unable to authenticate the request" err="[invalid bearer token, serviceaccounts \"hivemq-platform-pod-test-hivemq-platform\" not found]"
2025-01-29 13:26:39,606 INFO c.h.h.t.HelmChartContainer - [test-hivemq-platform] [hivemq] [9ed6d189] WARN  - [HiveMQ Platform Operator Init App 1.7.0-SNAPSHOT] Could not update Pod annotations: Failure executing: GET at: https://10.43.0.1:443/api/v1/namespaces/helmmetricsserviceit/pods/test-hivemq-platform-0. Message: Unauthorized. Received status: Status(apiVersion=v1, code=401, details=null, kind=Status, message=Unauthorized, metadata=ListMeta(_continue=null, remainingItemCount=null, resourceVersion=null, selfLink=null, additionalProperties={}), reason=Unauthorized, status=Failure, additionalProperties={}).
2025-01-29 13:26:40,686 INFO c.h.h.t.HelmChartContainer - Deleting namespace 'helmmetricsserviceit'...
2025-01-29 13:26:42,456 INFO c.h.h.t.HelmChartContainer - [test-hivemq-platform] [hivemq] [9ed6d189] INFO  - Shutting down extension system
2025-01-29 13:26:42,458 INFO c.h.h.t.HelmChartContainer - [test-hivemq-platform] [hivemq] [9ed6d189] INFO  - Stopping extension with id hivemq-dns-cluster-discovery
2025-01-29 13:26:42,458 INFO c.h.h.t.HelmChartContainer - [test-hivemq-platform] [hivemq] [9ed6d189] INFO  - Extension "DNS Cluster Discovery Extension" version 4.3.2 stopped successfully.
2025-01-29 13:26:42,459 INFO c.h.h.t.HelmChartContainer - [test-hivemq-platform] [hivemq] [9ed6d189] INFO  - Stopping extension with id hivemq-prometheus-extension
2025-01-29 13:26:42,462 INFO c.h.h.t.HelmChartContainer - [test-hivemq-platform] [hivemq] [9ed6d189] INFO  - Extension "Prometheus Monitoring Extension" version 4.0.12 stopped successfully.
2025-01-29 13:26:42,462 INFO c.h.h.t.HelmChartContainer - [test-hivemq-platform] [hivemq] [9ed6d189] INFO  - Stopping extension with id hivemq-allow-all-extension
2025-01-29 13:26:42,463 INFO c.h.h.t.HelmChartContainer - [test-hivemq-platform] [hivemq] [9ed6d189] INFO  - Extension "Allow All Extension" version 1.1.1 stopped successfully.
2025-01-29 13:26:43,965 INFO c.h.h.t.HelmChartContainer - [test-hivemq-platform] [hivemq] [9ed6d189] INFO  - [HiveMQ Platform Operator Init App 1.7.0-SNAPSHOT] Returning shutdown Health API response 503 for readiness
2025-01-29 13:26:43,969 INFO c.h.h.t.HelmChartContainer - [EVENT] Warning [Unhealthy] Readiness probe failed: HTTP probe failed with statuscode: 503 [helmmetricsserviceit:test-hivemq-platform-0]
2025-01-29 13:26:43,969 INFO c.h.h.t.HelmChartContainer - Received Unhealthy event for container hivemq in pod test-hivemq-platform-0 [9ed6d189-f858-423f-8fcd-4977f3e4c9cf]
2025-01-29 13:26:44,611 INFO c.h.h.t.HelmChartContainer - [K3S] [authentication.go:74] "Unable to authenticate the request" err="[invalid bearer token, serviceaccounts \"hivemq-platform-pod-test-hivemq-platform\" not found]"
2025-01-29 13:26:44,624 INFO c.h.h.t.HelmChartContainer - [K3S] [authentication.go:74] "Unable to authenticate the request" err="[invalid bearer token, serviceaccounts \"hivemq-platform-pod-test-hivemq-platform\" not found]"
2025-01-29 13:26:44,706 INFO c.h.h.t.HelmChartContainer - [test-hivemq-platform] [hivemq] [9ed6d189] WARN  - [HiveMQ Platform Operator Init App 1.7.0-SNAPSHOT] Could not update Pod annotations: Failure executing: GET at: https://10.43.0.1:443/api/v1/namespaces/helmmetricsserviceit/pods/test-hivemq-platform-0. Message: Unauthorized. Received status: Status(apiVersion=v1, code=401, details=null, kind=Status, message=Unauthorized, metadata=ListMeta(_continue=null, remainingItemCount=null, resourceVersion=null, selfLink=null, additionalProperties={}), reason=Unauthorized, status=Failure, additionalProperties={}).
2025-01-29 13:26:44,918 INFO c.h.h.t.HelmChartContainer - [test-hivemq-platform] [hivemq] [9ed6d189] INFO  - Shutdown completed.
2025-01-29 13:26:45,267 INFO c.h.h.t.HelmChartContainer - [test-hivemq-platform] [hivemq] [9ed6d189] INFO  - [HiveMQ Platform Operator Init App 1.7.0-SNAPSHOT] The HiveMQ Platform exited with code 143
2025-01-29 13:26:45,267 INFO c.h.h.t.HelmChartContainer - [test-hivemq-platform] [hivemq] [9ed6d189] INFO  - [HiveMQ Platform Operator Init App 1.7.0-SNAPSHOT] Stopping the REST API
2025-01-29 13:26:45,272 INFO c.h.h.t.HelmChartContainer - [test-hivemq-platform] [hivemq] [9ed6d189] INFO  - [HiveMQ Platform Operator Init App 1.7.0-SNAPSHOT] Shutdown complete
2025-01-29 13:26:45,725 INFO c.h.h.t.HelmChartContainer - [POD] test-hivemq-platform-0 [9ed6d189-f858-423f-8fcd-4977f3e4c9cf] in helmmetricsserviceit was MODIFIED
2025-01-29 13:26:45,729 INFO c.h.h.t.HelmChartContainer - [K3S] [stateful_set.go:438] "Unhandled Error" err="error syncing StatefulSet helmmetricsserviceit/test-hivemq-platform, requeuing: controllerrevisions.apps \"test-hivemq-platform-84f6684d79\" is forbidden: unable to create new content in namespace helmmetricsserviceit because it is being terminated"
2025-01-29 13:26:45,738 INFO c.h.h.t.HelmChartContainer - [K3S] [stateful_set.go:438] "Unhandled Error" err="error syncing StatefulSet helmmetricsserviceit/test-hivemq-platform, requeuing: controllerrevisions.apps \"test-hivemq-platform-84f6684d79\" is forbidden: unable to create new content in namespace helmmetricsserviceit because it is being terminated"
2025-01-29 13:26:45,751 INFO c.h.h.t.HelmChartContainer - [K3S] [stateful_set.go:438] "Unhandled Error" err="error syncing StatefulSet helmmetricsserviceit/test-hivemq-platform, requeuing: controllerrevisions.apps \"test-hivemq-platform-84f6684d79\" is forbidden: unable to create new content in namespace helmmetricsserviceit because it is being terminated"
2025-01-29 13:26:45,773 INFO c.h.h.t.HelmChartContainer - [K3S] [stateful_set.go:438] "Unhandled Error" err="error syncing StatefulSet helmmetricsserviceit/test-hivemq-platform, requeuing: controllerrevisions.apps \"test-hivemq-platform-84f6684d79\" is forbidden: unable to create new content in namespace helmmetricsserviceit because it is being terminated"
2025-01-29 13:26:45,805 INFO c.h.h.t.HelmChartContainer - [K3S] [stateful_set.go:466] "StatefulSet has been deleted" key="helmmetricsserviceit/test-hivemq-platform"
2025-01-29 13:26:45,815 INFO c.h.h.t.HelmChartContainer - [K3S] [stateful_set.go:466] "StatefulSet has been deleted" key="helmmetricsserviceit/test-hivemq-platform"
2025-01-29 13:26:45,852 INFO c.h.h.t.HelmChartContainer - [K3S] [namespace_controller.go:164] "Unhandled Error" err="deletion of namespace helmmetricsserviceit failed: unexpected items still remain in namespace: helmmetricsserviceit for gvr: /v1, Resource=pods"
2025-01-29 13:26:45,880 INFO c.h.h.t.HelmChartContainer - [K3S] [reconciler_common.go:162] "operationExecutor.UnmountVolume started for volume \"kube-api-access-gsccx\" (UniqueName: \"kubernetes.io/projected/9ed6d189-f858-423f-8fcd-4977f3e4c9cf-kube-api-access-gsccx\") pod \"9ed6d189-f858-423f-8fcd-4977f3e4c9cf\" (UID: \"9ed6d189-f858-423f-8fcd-4977f3e4c9cf\") "
2025-01-29 13:26:45,880 INFO c.h.h.t.HelmChartContainer - [K3S] [reconciler_common.go:162] "operationExecutor.UnmountVolume started for volume \"operator-init\" (UniqueName: \"kubernetes.io/empty-dir/9ed6d189-f858-423f-8fcd-4977f3e4c9cf-operator-init\") pod \"9ed6d189-f858-423f-8fcd-4977f3e4c9cf\" (UID: \"9ed6d189-f858-423f-8fcd-4977f3e4c9cf\") "
2025-01-29 13:26:45,880 INFO c.h.h.t.HelmChartContainer - [K3S] [reconciler_common.go:162] "operationExecutor.UnmountVolume started for volume \"broker-configuration\" (UniqueName: \"kubernetes.io/configmap/9ed6d189-f858-423f-8fcd-4977f3e4c9cf-broker-configuration\") pod \"9ed6d189-f858-423f-8fcd-4977f3e4c9cf\" (UID: \"9ed6d189-f858-423f-8fcd-4977f3e4c9cf\") "
2025-01-29 13:26:45,880 INFO c.h.h.t.HelmChartContainer - [K3S] [reconciler_common.go:162] "operationExecutor.UnmountVolume started for volume \"pod-info\" (UniqueName: \"kubernetes.io/configmap/9ed6d189-f858-423f-8fcd-4977f3e4c9cf-pod-info\") pod \"9ed6d189-f858-423f-8fcd-4977f3e4c9cf\" (UID: \"9ed6d189-f858-423f-8fcd-4977f3e4c9cf\") "
2025-01-29 13:26:45,979 INFO c.h.h.t.HelmChartContainer - [K3S] [reconciler_common.go:299] "Volume detached for volume \"pod-info\" (UniqueName: \"kubernetes.io/configmap/9ed6d189-f858-423f-8fcd-4977f3e4c9cf-pod-info\") on node \"bd3ce72ce098\" DevicePath \"\""
2025-01-29 13:26:45,979 INFO c.h.h.t.HelmChartContainer - [K3S] [reconciler_common.go:299] "Volume detached for volume \"operator-init\" (UniqueName: \"kubernetes.io/empty-dir/9ed6d189-f858-423f-8fcd-4977f3e4c9cf-operator-init\") on node \"bd3ce72ce098\" DevicePath \"\""
2025-01-29 13:26:45,979 INFO c.h.h.t.HelmChartContainer - [K3S] [reconciler_common.go:299] "Volume detached for volume \"broker-configuration\" (UniqueName: \"kubernetes.io/configmap/9ed6d189-f858-423f-8fcd-4977f3e4c9cf-broker-configuration\") on node \"bd3ce72ce098\" DevicePath \"\""
2025-01-29 13:26:45,979 INFO c.h.h.t.HelmChartContainer - [K3S] [reconciler_common.go:299] "Volume detached for volume \"kube-api-access-gsccx\" (UniqueName: \"kubernetes.io/projected/9ed6d189-f858-423f-8fcd-4977f3e4c9cf-kube-api-access-gsccx\") on node \"bd3ce72ce098\" DevicePath \"\""
2025-01-29 13:26:46,008 INFO c.h.h.t.HelmChartContainer - [K3S] [namespace_controller.go:164] "Unhandled Error" err="deletion of namespace helmmetricsserviceit failed: unexpected items still remain in namespace: helmmetricsserviceit for gvr: /v1, Resource=pods"
2025-01-29 13:26:46,109 INFO c.h.h.t.HelmChartContainer - [K3S] [namespace_controller.go:164] "Unhandled Error" err="deletion of namespace helmmetricsserviceit failed: unexpected items still remain in namespace: helmmetricsserviceit for gvr: /v1, Resource=pods"
2025-01-29 13:26:46,207 INFO c.h.h.t.HelmChartContainer - [K3S] [scope.go:117] "RemoveContainer" containerID="595468837ae0101dead8dd6e2bd9adf8dc9737732059aade53a14f0e13c1b46f"
2025-01-29 13:26:46,221 INFO c.h.h.t.HelmChartContainer - [POD] test-hivemq-platform-0 [9ed6d189-f858-423f-8fcd-4977f3e4c9cf] in helmmetricsserviceit was MODIFIED
2025-01-29 13:26:46,226 INFO c.h.h.t.HelmChartContainer - [POD] test-hivemq-platform-0 [9ed6d189-f858-423f-8fcd-4977f3e4c9cf] in helmmetricsserviceit was DELETED
2025-01-29 13:26:46,235 INFO c.h.h.t.HelmChartContainer - [K3S] [namespace_controller.go:164] "Unhandled Error" err="deletion of namespace helmmetricsserviceit failed: unexpected items still remain in namespace: helmmetricsserviceit for gvr: /v1, Resource=pods"
2025-01-29 13:26:46,317 INFO c.h.h.t.HelmChartContainer - [K3S] [scope.go:117] "RemoveContainer" containerID="6ed68a66eb20f9dc600cc9c620332785c0071e55e6bb83c730bad42c7599c69f"
2025-01-29 13:26:46,320 INFO c.h.h.t.HelmChartContainer - [K3S] [scope.go:117] "RemoveContainer" containerID="595468837ae0101dead8dd6e2bd9adf8dc9737732059aade53a14f0e13c1b46f"
2025-01-29 13:26:46,321 INFO c.h.h.t.HelmChartContainer - [K3S] [scope.go:117] "RemoveContainer" containerID="6ed68a66eb20f9dc600cc9c620332785c0071e55e6bb83c730bad42c7599c69f"
2025-01-29 13:26:46,407 INFO c.h.h.t.HelmChartContainer - Namespace 'helmmetricsserviceit' deleted
2025-01-29 13:26:46,407 INFO c.h.h.t.HelmChartContainer - Release 'test-hivemq-platform' in namespace 'helmmetricsserviceit' is uninstalled
2025-01-29 13:26:46,407 INFO c.h.h.t.HelmChartContainer - Uninstalling release 'test-hivemq-platform-operator' in namespace 'helmmetricsserviceit-operator'...
2025-01-29 13:26:46,407 DEBUG c.h.h.t.HelmChartContainer - Executing helm command: /bin/helm --kubeconfig /etc/rancher/k3s/k3s.yaml uninstall test-hivemq-platform-operator  --wait --timeout 5m0s --cascade foreground --namespace helmmetricsserviceit-operator
2025-01-29 13:26:46,583 INFO c.h.h.t.HelmChartContainer - [K3S] [replica_set.go:679] "Finished syncing" kind="ReplicaSet" key="helmmetricsserviceit-operator/hivemq-test-hivemq-platform-operator-6966f96d65" duration="12.045709ms"
2025-01-29 13:26:46,584 INFO c.h.h.t.HelmChartContainer - [K3S] [replica_set.go:679] "Finished syncing" kind="ReplicaSet" key="helmmetricsserviceit-operator/hivemq-test-hivemq-platform-operator-6966f96d65" duration="46.387µs"
2025-01-29 13:26:46,597 INFO c.h.h.t.HelmChartContainer - [POD] hivemq-test-hivemq-platform-operator-6966f96d65-9v7hp [42df55e0-af62-4dbd-a8c1-6c037e5f295f] in helmmetricsserviceit-operator was MODIFIED
2025-01-29 13:26:46,610 INFO c.h.h.t.HelmChartContainer - [hivemq-test-hivemq-platform] [hivemq-platform-operator] [42df55e0] 13:26:46.609 [application-shutdown-thread] INFO  c.h.p.o.HiveMQPlatformOperatorApplication - HiveMQ Platform Operator is stopping...
2025-01-29 13:26:46,614 INFO c.h.h.t.HelmChartContainer - [hivemq-test-hivemq-platform] [hivemq-platform-operator] [42df55e0] 13:26:46.609 [application-shutdown-thread] INFO  i.javaoperatorsdk.operator.Operator - Operator SDK 4.9.7 is shutting down...
2025-01-29 13:26:46,614 INFO c.h.h.t.HelmChartContainer - [K3S] [replica_set.go:679] "Finished syncing" kind="ReplicaSet" key="helmmetricsserviceit-operator/hivemq-test-hivemq-platform-operator-6966f96d65" duration="16.163649ms"
2025-01-29 13:26:46,614 INFO c.h.h.t.HelmChartContainer - [K3S] [replica_set.go:679] "Finished syncing" kind="ReplicaSet" key="helmmetricsserviceit-operator/hivemq-test-hivemq-platform-operator-6966f96d65" duration="40.095µs"
2025-01-29 13:26:46,615 INFO c.h.h.t.HelmChartContainer - [EVENT] Normal [Killing] Stopping container hivemq-platform-operator [helmmetricsserviceit-operator:hivemq-test-hivemq-platform-operator-6966f96d65-9v7hp]
2025-01-29 13:26:46,615 INFO c.h.h.t.HelmChartContainer - Received Killing event for container hivemq-platform-operator in pod hivemq-test-hivemq-platform-operator-6966f96d65-9v7hp [42df55e0-af62-4dbd-a8c1-6c037e5f295f]
2025-01-29 13:26:46,615 INFO c.h.h.t.HelmChartContainer - Container [hivemq-test-hivemq-platform-operator-6966f96d65-9v7hp] [hivemq-platform-operator] [42df55e0-af62-4dbd-a8c1-6c037e5f295f] was terminated
2025-01-29 13:26:46,615 INFO c.h.h.t.HelmChartContainer - Stopped log watcher for hivemq-platform-operator in pod hivemq-test-hivemq-platform-operator-6966f96d65-9v7hp [42df55e0-af62-4dbd-a8c1-6c037e5f295f]
2025-01-29 13:26:47,089 INFO c.h.h.t.HelmChartContainer - [EVENT] Warning [Unhealthy] Readiness probe failed: Get "http://10.42.0.11:8080/health/readiness": dial tcp 10.42.0.11:8080: connect: connection refused [helmmetricsserviceit-operator:hivemq-test-hivemq-platform-operator-6966f96d65-9v7hp]
2025-01-29 13:26:47,089 INFO c.h.h.t.HelmChartContainer - Received Unhealthy event for container hivemq-platform-operator in pod hivemq-test-hivemq-platform-operator-6966f96d65-9v7hp [42df55e0-af62-4dbd-a8c1-6c037e5f295f]
2025-01-29 13:26:47,208 INFO c.h.h.t.HelmChartContainer - [K3S] [pod_container_deletor.go:80] "Container not found in pod's containers" containerID="61c2939f26debdf1376ff47542322f5048496651137f5fbc164eae0f2f5f13be"
2025-01-29 13:26:47,226 INFO c.h.h.t.HelmChartContainer - [K3S] [replica_set.go:679] "Finished syncing" kind="ReplicaSet" key="helmmetricsserviceit-operator/hivemq-test-hivemq-platform-operator-6966f96d65" duration="45.555µs"
2025-01-29 13:26:47,227 INFO c.h.h.t.HelmChartContainer - [POD] hivemq-test-hivemq-platform-operator-6966f96d65-9v7hp [42df55e0-af62-4dbd-a8c1-6c037e5f295f] in helmmetricsserviceit-operator was MODIFIED
2025-01-29 13:26:47,386 INFO c.h.h.t.HelmChartContainer - [K3S] [reconciler_common.go:162] "operationExecutor.UnmountVolume started for volume \"kube-api-access-qpzk2\" (UniqueName: \"kubernetes.io/projected/42df55e0-af62-4dbd-a8c1-6c037e5f295f-kube-api-access-qpzk2\") pod \"42df55e0-af62-4dbd-a8c1-6c037e5f295f\" (UID: \"42df55e0-af62-4dbd-a8c1-6c037e5f295f\") "
2025-01-29 13:26:47,487 INFO c.h.h.t.HelmChartContainer - [K3S] [reconciler_common.go:299] "Volume detached for volume \"kube-api-access-qpzk2\" (UniqueName: \"kubernetes.io/projected/42df55e0-af62-4dbd-a8c1-6c037e5f295f-kube-api-access-qpzk2\") on node \"bd3ce72ce098\" DevicePath \"\""
2025-01-29 13:26:47,512 INFO c.h.h.t.HelmChartContainer - [K3S] [kubelet_volumes.go:163] "Cleaned up orphaned pod volumes dir" podUID="9ed6d189-f858-423f-8fcd-4977f3e4c9cf" path="/var/lib/kubelet/pods/9ed6d189-f858-423f-8fcd-4977f3e4c9cf/volumes"
2025-01-29 13:26:48,218 INFO c.h.h.t.HelmChartContainer - [K3S] [replica_set.go:679] "Finished syncing" kind="ReplicaSet" key="helmmetricsserviceit-operator/hivemq-test-hivemq-platform-operator-6966f96d65" duration="53.059µs"
2025-01-29 13:26:48,218 INFO c.h.h.t.HelmChartContainer - [POD] hivemq-test-hivemq-platform-operator-6966f96d65-9v7hp [42df55e0-af62-4dbd-a8c1-6c037e5f295f] in helmmetricsserviceit-operator was MODIFIED
2025-01-29 13:26:48,221 INFO c.h.h.t.HelmChartContainer - [K3S] [replica_set.go:679] "Finished syncing" kind="ReplicaSet" key="helmmetricsserviceit-operator/hivemq-test-hivemq-platform-operator-6966f96d65" duration="30.227µs"
2025-01-29 13:26:48,222 INFO c.h.h.t.HelmChartContainer - [POD] hivemq-test-hivemq-platform-operator-6966f96d65-9v7hp [42df55e0-af62-4dbd-a8c1-6c037e5f295f] in helmmetricsserviceit-operator was DELETED
2025-01-29 13:26:48,230 INFO c.h.h.t.HelmChartContainer - [K3S] [replica_set.go:679] "Finished syncing" kind="ReplicaSet" key="helmmetricsserviceit-operator/hivemq-test-hivemq-platform-operator-6966f96d65" duration="8.746µs"
2025-01-29 13:26:48,631 INFO c.h.h.t.HelmChartContainer - Deleting namespace 'helmmetricsserviceit-operator'...
2025-01-29 13:26:49,512 INFO c.h.h.t.HelmChartContainer - [K3S] [kubelet_volumes.go:163] "Cleaned up orphaned pod volumes dir" podUID="42df55e0-af62-4dbd-a8c1-6c037e5f295f" path="/var/lib/kubelet/pods/42df55e0-af62-4dbd-a8c1-6c037e5f295f/volumes"
2025-01-29 13:26:51,377 INFO c.h.h.t.HelmChartContainer - [K3S] [namespace_controller.go:187] "Namespace has been deleted" namespace="helmmetricsserviceit"
2025-01-29 13:26:53,848 INFO c.h.h.t.HelmChartContainer - Namespace 'helmmetricsserviceit-operator' deleted
2025-01-29 13:26:53,848 INFO c.h.h.t.HelmChartContainer - Release 'test-hivemq-platform-operator' in namespace 'helmmetricsserviceit-operator' is uninstalled
2025-01-29 13:26:54,670 INFO c.h.helmcharts.AbstractHelmChartIT - Removed unused containers:

2025-01-29 13:26:58,794 INFO c.h.h.t.HelmChartContainer - [K3S] [namespace_controller.go:187] "Namespace has been deleted" namespace="helmmetricsserviceit-operator"
2025-01-29 13:27:02,790 INFO c.h.helmcharts.AbstractHelmChartIT - Removed unused snapshots:
Removing snapshot sha256:03af251906410714c5aef9fa705b63f6bbc39c4a5e787de7361eeb18886c2ed2
Removing snapshot sha256:0c46b3b43cce082ce5ec34ffc6c294e0417d17b9d1e6f366d114b6aadc4f96dc
Removing snapshot sha256:0ce761beee59082d6ed5bcebd3a805b8ddd9b3426b617e4809e7fb7c6587ffec
Removing snapshot sha256:0df91287303208332c8ff6ba40ae4710105201739addbfbddfb955f1ad593664
Removing snapshot sha256:1021ef88c7974bfff89c5a0ec4fd3160daac6c48a075f74cff721f85dd104e68
Removing snapshot sha256:10aba4953ddc18145dd38e3704709bc464aa20af60b56fe52caaff4b68411e62
Removing snapshot sha256:2573e0d8158209ed54ab25c87bcdcb00bd3d2539246960a3d592a1c599d70465
Removing snapshot sha256:362a8a37f8bbc31925a8146adcf7cf51f9882f5c1dcbef67c5baa03a297543c0
Removing snapshot sha256:37b66ab370a939dc026e1c7597cded8a74d654f0d0d6bc0a380cc669dd9a7a66
Removing snapshot sha256:3fa4ad33f0ddc8fd45b39b6b4640f82a3a83619606cd975bfe89d8710ad2d4cd
Removing snapshot sha256:43a7c979bbaba6838bc3102d6b10a1459f3ab050b87ccdfef84ef90cf43d3058
Removing snapshot sha256:4ab04491cdf0d3267f08206fe30bd48f49f94b9cab2f016d6739220f722a64af
Removing snapshot sha256:4b6068250e89c96f263060261819c7d912855bfbd64b3eb4c4a8483299b8c295
Removing snapshot sha256:580e69a0a8034ede1921139bbd2bfb72a69ebf276d008281896c32dd8bf74775
Removing snapshot sha256:5d30ba46b27fe37484567ccc5242cadc78217b8da605f3f195ef25cbf7487904
Removing snapshot sha256:63ca1fbb43ae5034640e5e6cb3e083e05c290072c5366fcaa9d62435a4cced85
Removing snapshot sha256:67f702c6baae873bceb19487c8b1f27bd2b86077e4f2f0e480e6d60ab508b8f5
Removing snapshot sha256:6864348dd42806d552efdec384f1274be15e2d0c10ce44c1f04347af004c10a9
Removing snapshot sha256:6c7dee8f2c39b84b7dc2711c01d33de93514d9055499173e9290176fbe484b6c
Removing snapshot sha256:82753493a6d61ded36556292f02f31841a14c20d2f279f19eaad65afb661d5cd
Removing snapshot sha256:8a10d3db42c505ee0fcfa98417bdd7e39b304f6bcc0a06bb1b220797ff2cc63c
Removing snapshot sha256:a21e5b12dbac529ad45d976eb9ce45c881f3bedcc500fb30aba1e52aa1813418
Removing snapshot sha256:b921e6c28969094157f9b8e7244677780319637afd14450b7cb6b2fdea558a0c
Removing snapshot sha256:bc27ecb5769a00e309cf99ebc763c4a4b958b618d1decc96ffac5bc05f02f5b7
Removing snapshot sha256:be3ccb6627a5332e309d45ef461d09b4879dd870c7394d89323d0ebc6ca6aa8a
Removing snapshot sha256:c261f7cbbc64211ee175ee47273acdb7b1a36a4450b397a064a8f2c026490095
Removing snapshot sha256:c34d9393647eea0c9e3557ab988efaf59f61d10a2a5613b439ef0958cca5ec10
Removing snapshot sha256:c4405a73c3cca288ce4bd72c8299aeeb9481c69da28a6d1b9e3582d68204933a
Removing snapshot sha256:ccf3c4a0fa967a41c1c83497a2ce6fa5787965859df0adb32c4ca2cf7490bc2b
Removing snapshot sha256:cf92d33f869417309692088c341cd0f223c178ea78a125f757317b22aa8f90e9
Removing snapshot sha256:d0037344cf2fb078884f1849f6a1f8cf9a33a3b6139b6a85833e5ee528e1f9a8
Removing snapshot sha256:d3b36d5b79273b1e98e7700470eaeff05a882e777124d84cebcc1505b85ecb36
Removing snapshot sha256:d65a44a37914602d12c611e5e22a50f11451d847e63015cc1c2aef92dee777a4
Removing snapshot sha256:e2dc0bae2455930f23ae570e019b7f32edc75c0f2d71cab084db837ff9051796
Removing snapshot sha256:e31519795c7e3df686c447a21ec8d2eb301388a5e39ccf7f20a25c6f6ce3a522
Removing snapshot sha256:e9e86ed11d9bebc0707dd6f1166c51237ebb44f98657241f943261b2675a5449
Removing snapshot sha256:eccbd24a99c60cd9e86ee5305dbfc4a4dc89f5ab4fb1f06c8d64797cecedef34
Removing snapshot sha256:edd1404c718ab99ca3456bdf222065033800bb67d4334a9642746685a24394cd
Removing snapshot sha256:f144bb4c7c7f0d2aa7eeffd36d934ec40db1ee167be727e326aad9fdc616f475

]]></system-out>
  </testcase>
  <system-out><![CDATA[2025-01-29 13:23:42,939 INFO c.h.h.t.HelmChartContainerExtension - Using cached HelmChartContainer instance
]]></system-out>
  <system-err><![CDATA[]]></system-err>
</testsuite>
