<?xml version="1.0" encoding="UTF-8"?>
<testsuite name="com.hivemq.helmcharts.migration.HelmLegacyStatefulSetMigrationIT" tests="1" skipped="0" failures="0" errors="0" timestamp="2025-01-30T18:28:47" hostname="fv-az797-775" time="309.922">
  <properties/>
  <testcase name="migrateToCurrentPlatformOperator()" classname="com.hivemq.helmcharts.migration.HelmLegacyStatefulSetMigrationIT" time="309.922">
    <system-out><![CDATA[2025-01-30 18:28:47,647 INFO c.h.h.t.HelmChartContainer - Creating namespace 'helmlegacystatefulsetmigrationit-operator'...
2025-01-30 18:28:47,863 INFO c.h.h.t.HelmChartContainer - Namespace 'helmlegacystatefulsetmigrationit-operator' created
2025-01-30 18:28:47,863 INFO c.h.h.t.HelmChartContainer - Creating namespace 'helmlegacystatefulsetmigrationit'...
2025-01-30 18:28:47,865 INFO c.h.h.t.HelmChartContainer - [POD] coredns-ff8999cc5-ltbcv [4af019fd-ee91-4d61-88ee-55b438409d77] in kube-system was ADDED
2025-01-30 18:28:47,870 INFO c.h.h.t.HelmChartContainer - [POD] local-path-provisioner-698b58967b-lhshv [f6ebdf60-3114-416c-95c7-bb59e297d0d8] in kube-system was ADDED
2025-01-30 18:28:47,870 INFO c.h.h.t.HelmChartContainer - [POD] metrics-server-8584b5786c-2lqp2 [0ef72f50-1054-4781-ba33-1645d2b22fb7] in kube-system was ADDED
2025-01-30 18:28:47,875 INFO c.h.h.t.HelmChartContainer - Namespace 'helmlegacystatefulsetmigrationit' created
2025-01-30 18:28:47,945 DEBUG c.h.h.t.HelmChartContainer - Executing helm command: /bin/helm --kubeconfig /etc/rancher/k3s/k3s.yaml install test-hivemq-platform-operator /charts/hivemq-platform-operator --wait --timeout 5m0s --set image.repository=docker.io/hivemq --set image.name=hivemq-platform-operator-test --set image.initImageName=hivemq-platform-operator-init-test --set image.tag=snapshot --set image.pullPolicy=Never --set logLevel=DEBUG --set resources.cpu=512m --namespace helmlegacystatefulsetmigrationit-operator
2025-01-30 18:28:50,303 INFO c.h.h.t.HelmChartContainer - [K3S] [alloc.go:330] "allocated clusterIPs" service="helmlegacystatefulsetmigrationit-operator/hivemq-platform-operator-test-hivemq-platform-operator" clusterIPs={"IPv4":"10.43.89.107"}
2025-01-30 18:28:50,322 INFO c.h.h.t.HelmChartContainer - [EVENT] Normal [ScalingReplicaSet] Scaled up replica set hivemq-test-hivemq-platform-operator-6966f96d65 from 0 to 1 [helmlegacystatefulsetmigrationit-operator:hivemq-test-hivemq-platform-operator]
2025-01-30 18:28:50,337 INFO c.h.h.t.HelmChartContainer - [K3S] [replica_set.go:679] "Finished syncing" kind="ReplicaSet" key="helmlegacystatefulsetmigrationit-operator/hivemq-test-hivemq-platform-operator-6966f96d65" duration="16.780039ms"
2025-01-30 18:28:50,340 INFO c.h.h.t.HelmChartContainer - [POD] hivemq-test-hivemq-platform-operator-6966f96d65-bwk9h [e7767014-e123-4ed4-b56a-eb75bf2dc19c] in helmlegacystatefulsetmigrationit-operator was ADDED
2025-01-30 18:28:50,342 INFO c.h.h.t.HelmChartContainer - [POD] hivemq-test-hivemq-platform-operator-6966f96d65-bwk9h [e7767014-e123-4ed4-b56a-eb75bf2dc19c] in helmlegacystatefulsetmigrationit-operator was MODIFIED
2025-01-30 18:28:50,343 INFO c.h.h.t.HelmChartContainer - [EVENT] Normal [SuccessfulCreate] Created pod: hivemq-test-hivemq-platform-operator-6966f96d65-bwk9h [helmlegacystatefulsetmigrationit-operator:hivemq-test-hivemq-platform-operator-6966f96d65]
2025-01-30 18:28:50,345 INFO c.h.h.t.HelmChartContainer - [EVENT] Normal [Scheduled] Successfully assigned helmlegacystatefulsetmigrationit-operator/hivemq-test-hivemq-platform-operator-6966f96d65-bwk9h to b99e65a4204c [helmlegacystatefulsetmigrationit-operator:hivemq-test-hivemq-platform-operator-6966f96d65-bwk9h]
2025-01-30 18:28:50,361 INFO c.h.h.t.HelmChartContainer - [K3S] [replica_set.go:679] "Finished syncing" kind="ReplicaSet" key="helmlegacystatefulsetmigrationit-operator/hivemq-test-hivemq-platform-operator-6966f96d65" duration="27.625948ms"
2025-01-30 18:28:50,365 INFO c.h.h.t.HelmChartContainer - [POD] hivemq-test-hivemq-platform-operator-6966f96d65-bwk9h [e7767014-e123-4ed4-b56a-eb75bf2dc19c] in helmlegacystatefulsetmigrationit-operator was MODIFIED
2025-01-30 18:28:50,371 INFO c.h.h.t.HelmChartContainer - [K3S] [replica_set.go:679] "Finished syncing" kind="ReplicaSet" key="helmlegacystatefulsetmigrationit-operator/hivemq-test-hivemq-platform-operator-6966f96d65" duration="11.508697ms"
2025-01-30 18:28:50,371 INFO c.h.h.t.HelmChartContainer - [K3S] [replica_set.go:679] "Finished syncing" kind="ReplicaSet" key="helmlegacystatefulsetmigrationit-operator/hivemq-test-hivemq-platform-operator-6966f96d65" duration="32.951µs"
2025-01-30 18:28:50,510 INFO c.h.h.t.HelmChartContainer - [K3S] [reconciler_common.go:251] "operationExecutor.VerifyControllerAttachedVolume started for volume \"kube-api-access-hscm5\" (UniqueName: \"kubernetes.io/projected/e7767014-e123-4ed4-b56a-eb75bf2dc19c-kube-api-access-hscm5\") pod \"hivemq-test-hivemq-platform-operator-6966f96d65-bwk9h\" (UID: \"e7767014-e123-4ed4-b56a-eb75bf2dc19c\") " pod="helmlegacystatefulsetmigrationit-operator/hivemq-test-hivemq-platform-operator-6966f96d65-bwk9h"
2025-01-30 18:28:50,726 INFO c.h.h.t.HelmChartContainer - [EVENT] Normal [Pulled] Container image "docker.io/hivemq/hivemq-platform-operator-test:snapshot" already present on machine [helmlegacystatefulsetmigrationit-operator:hivemq-test-hivemq-platform-operator-6966f96d65-bwk9h]
2025-01-30 18:28:50,727 INFO c.h.h.t.HelmChartContainer - Received Pulled event for container hivemq-platform-operator in pod hivemq-test-hivemq-platform-operator-6966f96d65-bwk9h [e7767014-e123-4ed4-b56a-eb75bf2dc19c]
2025-01-30 18:28:50,738 INFO c.h.h.t.HelmChartContainer - [EVENT] Normal [Created] Created container: hivemq-platform-operator [helmlegacystatefulsetmigrationit-operator:hivemq-test-hivemq-platform-operator-6966f96d65-bwk9h]
2025-01-30 18:28:50,738 INFO c.h.h.t.HelmChartContainer - Received Created event for container hivemq-platform-operator in pod hivemq-test-hivemq-platform-operator-6966f96d65-bwk9h [e7767014-e123-4ed4-b56a-eb75bf2dc19c]
2025-01-30 18:28:51,477 INFO c.h.h.t.HelmChartContainer - [POD] hivemq-test-hivemq-platform-operator-6966f96d65-bwk9h [e7767014-e123-4ed4-b56a-eb75bf2dc19c] in helmlegacystatefulsetmigrationit-operator was MODIFIED
2025-01-30 18:28:51,477 INFO c.h.h.t.HelmChartContainer - [K3S] [replica_set.go:679] "Finished syncing" kind="ReplicaSet" key="helmlegacystatefulsetmigrationit-operator/hivemq-test-hivemq-platform-operator-6966f96d65" duration="41.928µs"
2025-01-30 18:28:51,508 INFO c.h.h.t.HelmChartContainer - [EVENT] Normal [Started] Started container hivemq-platform-operator [helmlegacystatefulsetmigrationit-operator:hivemq-test-hivemq-platform-operator-6966f96d65-bwk9h]
2025-01-30 18:28:51,508 INFO c.h.h.t.HelmChartContainer - Started log watcher for hivemq-platform-operator in pod hivemq-test-hivemq-platform-operator-6966f96d65-bwk9h [e7767014-e123-4ed4-b56a-eb75bf2dc19c]
2025-01-30 18:28:51,508 INFO c.h.h.t.HelmChartContainer - Received Started event for container hivemq-platform-operator in pod hivemq-test-hivemq-platform-operator-6966f96d65-bwk9h [e7767014-e123-4ed4-b56a-eb75bf2dc19c]
2025-01-30 18:28:51,509 INFO c.h.h.t.HelmChartContainer - [hivemq-test-hivemq-platform] [hivemq-platform-operator] [e7767014] -------------------------------------------------------------------------
2025-01-30 18:28:51,509 INFO c.h.h.t.HelmChartContainer - [hivemq-test-hivemq-platform] [hivemq-platform-operator] [e7767014] 
2025-01-30 18:28:51,509 INFO c.h.h.t.HelmChartContainer - [hivemq-test-hivemq-platform] [hivemq-platform-operator] [e7767014]                   _    _  _              __  __   ____
2025-01-30 18:28:51,509 INFO c.h.h.t.HelmChartContainer - [hivemq-test-hivemq-platform] [hivemq-platform-operator] [e7767014]                  | |  | |(_)            |  \/  | / __ \
2025-01-30 18:28:51,509 INFO c.h.h.t.HelmChartContainer - [hivemq-test-hivemq-platform] [hivemq-platform-operator] [e7767014]                  | |__| | _ __   __ ___ | \  / || |  | |
2025-01-30 18:28:51,509 INFO c.h.h.t.HelmChartContainer - [hivemq-test-hivemq-platform] [hivemq-platform-operator] [e7767014]                  |  __  || |\ \ / // _ \| |\/| || |  | |
2025-01-30 18:28:51,509 INFO c.h.h.t.HelmChartContainer - [hivemq-test-hivemq-platform] [hivemq-platform-operator] [e7767014]                  | |  | || | \ V /|  __/| |  | || |__| |
2025-01-30 18:28:51,509 INFO c.h.h.t.HelmChartContainer - [hivemq-test-hivemq-platform] [hivemq-platform-operator] [e7767014]                  |_|  |_||_|  \_/  \___||_|  |_| \___\_\
2025-01-30 18:28:51,509 INFO c.h.h.t.HelmChartContainer - [hivemq-test-hivemq-platform] [hivemq-platform-operator] [e7767014] 
2025-01-30 18:28:51,509 INFO c.h.h.t.HelmChartContainer - [hivemq-test-hivemq-platform] [hivemq-platform-operator] [e7767014] -------------------------------------------------------------------------
2025-01-30 18:28:51,509 INFO c.h.h.t.HelmChartContainer - [hivemq-test-hivemq-platform] [hivemq-platform-operator] [e7767014] 
2025-01-30 18:28:51,509 INFO c.h.h.t.HelmChartContainer - [hivemq-test-hivemq-platform] [hivemq-platform-operator] [e7767014]   HiveMQ Platform Operator Start Script v1.0
2025-01-30 18:28:51,509 INFO c.h.h.t.HelmChartContainer - [hivemq-test-hivemq-platform] [hivemq-platform-operator] [e7767014] 
2025-01-30 18:28:51,509 INFO c.h.h.t.HelmChartContainer - [hivemq-test-hivemq-platform] [hivemq-platform-operator] [e7767014] -------------------------------------------------------------------------
2025-01-30 18:28:51,509 INFO c.h.h.t.HelmChartContainer - [hivemq-test-hivemq-platform] [hivemq-platform-operator] [e7767014] 
2025-01-30 18:28:51,509 INFO c.h.h.t.HelmChartContainer - [hivemq-test-hivemq-platform] [hivemq-platform-operator] [e7767014]   JAVA_OPTS: -XX:+UnlockExperimentalVMOptions -XX:InitialRAMPercentage=75 -XX:MaxRAMPercentage=75 -Duser.language=en -Duser.region=US
2025-01-30 18:28:51,509 INFO c.h.h.t.HelmChartContainer - [hivemq-test-hivemq-platform] [hivemq-platform-operator] [e7767014] 
2025-01-30 18:28:51,509 INFO c.h.h.t.HelmChartContainer - [hivemq-test-hivemq-platform] [hivemq-platform-operator] [e7767014]   JAVA_VERSION: 21
2025-01-30 18:28:51,509 INFO c.h.h.t.HelmChartContainer - [hivemq-test-hivemq-platform] [hivemq-platform-operator] [e7767014] 
2025-01-30 18:28:51,509 INFO c.h.h.t.HelmChartContainer - [hivemq-test-hivemq-platform] [hivemq-platform-operator] [e7767014] -------------------------------------------------------------------------
2025-01-30 18:28:51,509 INFO c.h.h.t.HelmChartContainer - [hivemq-test-hivemq-platform] [hivemq-platform-operator] [e7767014] 
2025-01-30 18:28:54,079 INFO c.h.h.t.HelmChartContainer - [hivemq-test-hivemq-platform] [hivemq-platform-operator] [e7767014] 18:28:54.076 [main] DEBUG org.jboss.logging - Logging Provider: org.jboss.logging.Slf4jLoggerProvider
2025-01-30 18:28:54,183 INFO c.h.h.t.HelmChartContainer - [hivemq-test-hivemq-platform] [hivemq-platform-operator] [e7767014] 18:28:54.181 [main] DEBUG io.smallrye.config - SRCFG01006: Loaded ConfigSource SysPropConfigSource with ordinal 400
2025-01-30 18:28:54,183 INFO c.h.h.t.HelmChartContainer - [hivemq-test-hivemq-platform] [hivemq-platform-operator] [e7767014] 18:28:54.181 [main] DEBUG io.smallrye.config - SRCFG01006: Loaded ConfigSource EnvConfigSource with ordinal 300
2025-01-30 18:28:54,183 INFO c.h.h.t.HelmChartContainer - [hivemq-test-hivemq-platform] [hivemq-platform-operator] [e7767014] 18:28:54.181 [main] DEBUG io.smallrye.config - SRCFG01006: Loaded ConfigSource PropertiesConfigSource[source=jar:file:///opt/hivemq-platform-operator/bin/hivemq-platform-operator.jar!/hivemq-platform-operator.properties] with ordinal 100
2025-01-30 18:28:54,183 INFO c.h.h.t.HelmChartContainer - [hivemq-test-hivemq-platform] [hivemq-platform-operator] [e7767014] 18:28:54.181 [main] DEBUG io.smallrye.config - SRCFG01006: Loaded ConfigSource DefaultValuesConfigSource with ordinal -2147483648
2025-01-30 18:28:54,292 INFO c.h.h.t.HelmChartContainer - [hivemq-test-hivemq-platform] [hivemq-platform-operator] [e7767014] 18:28:54.291 [main] DEBUG i.m.c.u.i.l.InternalLoggerFactory - Using SLF4J as the default logging framework
2025-01-30 18:28:54,477 INFO c.h.h.t.HelmChartContainer - [hivemq-test-hivemq-platform] [hivemq-platform-operator] [e7767014] 18:28:54.468 [main] INFO  c.h.p.o.HiveMQPlatformOperatorApplication - HiveMQ Platform Operator 1.7.0-SNAPSHOT (commit: 47e3375 on branch: HEAD) built on Thu Jan 30 03:55:50 UTC 2025
2025-01-30 18:28:54,477 INFO c.h.h.t.HelmChartContainer - [hivemq-test-hivemq-platform] [hivemq-platform-operator] [e7767014] 18:28:54.476 [main] INFO  c.h.p.o.HiveMQPlatformOperatorApplication - HiveMQ Platform Operator is running in namespace: helmlegacystatefulsetmigrationit-operator
2025-01-30 18:28:54,479 INFO c.h.h.t.HelmChartContainer - [hivemq-test-hivemq-platform] [hivemq-platform-operator] [e7767014] 18:28:54.476 [main] INFO  c.h.p.o.HiveMQPlatformOperatorApplication - Watching all namespaces
2025-01-30 18:28:54,479 INFO c.h.h.t.HelmChartContainer - [hivemq-test-hivemq-platform] [hivemq-platform-operator] [e7767014] 18:28:54.476 [main] INFO  c.h.p.o.HiveMQPlatformOperatorApplication - Log level: DEBUG
2025-01-30 18:28:54,479 INFO c.h.h.t.HelmChartContainer - [hivemq-test-hivemq-platform] [hivemq-platform-operator] [e7767014] 18:28:54.476 [main] INFO  c.h.p.o.HiveMQPlatformOperatorApplication - Release name: test-hivemq-platform-operator
2025-01-30 18:28:54,479 INFO c.h.h.t.HelmChartContainer - [hivemq-test-hivemq-platform] [hivemq-platform-operator] [e7767014] 18:28:54.476 [main] INFO  c.h.p.o.HiveMQPlatformOperatorApplication - HiveMQ Platform Operator Init image: docker.io/hivemq/hivemq-platform-operator-init-test:snapshot
2025-01-30 18:28:54,479 INFO c.h.h.t.HelmChartContainer - [hivemq-test-hivemq-platform] [hivemq-platform-operator] [e7767014] 18:28:54.476 [main] INFO  c.h.p.o.HiveMQPlatformOperatorApplication - HiveMQ Platform Operator Init App update URL: http://hivemq-platform-operator-test-hivemq-platform-operator.helmlegacystatefulsetmigrationit-operator.svc:8080/initAppUpdate/hivemq-platform-operator-init-app-1.7.0-SNAPSHOT.jar
2025-01-30 18:28:54,479 INFO c.h.h.t.HelmChartContainer - [hivemq-test-hivemq-platform] [hivemq-platform-operator] [e7767014] 18:28:54.476 [main] INFO  c.h.p.o.HiveMQPlatformOperatorApplication - Additional imagePullSecret for all Platform deployments: none
2025-01-30 18:28:54,479 INFO c.h.h.t.HelmChartContainer - [hivemq-test-hivemq-platform] [hivemq-platform-operator] [e7767014] 18:28:54.476 [main] INFO  c.h.p.o.HiveMQPlatformOperatorApplication - Apply HiveMQ Platform CRD: true
2025-01-30 18:28:54,479 INFO c.h.h.t.HelmChartContainer - [hivemq-test-hivemq-platform] [hivemq-platform-operator] [e7767014] 18:28:54.476 [main] INFO  c.h.p.o.HiveMQPlatformOperatorApplication - Create Platform ServiceAccount: true
2025-01-30 18:28:54,479 INFO c.h.h.t.HelmChartContainer - [hivemq-test-hivemq-platform] [hivemq-platform-operator] [e7767014] 18:28:54.476 [main] INFO  c.h.p.o.HiveMQPlatformOperatorApplication - Create Platform ServiceAccount permissions: true
2025-01-30 18:28:54,480 INFO c.h.h.t.HelmChartContainer - [hivemq-test-hivemq-platform] [hivemq-platform-operator] [e7767014] 18:28:54.476 [main] INFO  c.h.p.o.HiveMQPlatformOperatorApplication - Validate Platform ServiceAccount: true
2025-01-30 18:28:54,480 INFO c.h.h.t.HelmChartContainer - [hivemq-test-hivemq-platform] [hivemq-platform-operator] [e7767014] 18:28:54.476 [main] INFO  c.h.p.o.HiveMQPlatformOperatorApplication - Validate Platform ServiceAccount permissions: true
2025-01-30 18:28:54,623 INFO c.h.h.t.HelmChartContainer - [hivemq-test-hivemq-platform] [hivemq-platform-operator] [e7767014] 18:28:54.622 [main] INFO  c.h.platform.operator.util.CRDUtil - Verifying deployed HiveMQ Platform CRD...
2025-01-30 18:28:57,073 INFO c.h.h.t.HelmChartContainer - [hivemq-test-hivemq-platform] [hivemq-platform-operator] [e7767014] 18:28:57.071 [main] DEBUG c.h.platform.operator.util.CRDUtil - HiveMQ Platform CRD version v1 is up to date
2025-01-30 18:28:57,074 INFO c.h.h.t.HelmChartContainer - [hivemq-test-hivemq-platform] [hivemq-platform-operator] [e7767014] 18:28:57.071 [main] INFO  c.h.platform.operator.util.CRDUtil - HiveMQ Platform CRD is up to date (version: V1_6_0)
2025-01-30 18:28:57,074 INFO c.h.h.t.HelmChartContainer - [hivemq-test-hivemq-platform] [hivemq-platform-operator] [e7767014] 18:28:57.071 [main] INFO  c.h.platform.operator.util.CRDUtil - Waiting 10000 ms for HiveMQ Platform CRD 'hivemq-platforms.hivemq.com' to become ready...
2025-01-30 18:28:57,369 INFO c.h.h.t.HelmChartContainer - [hivemq-test-hivemq-platform] [hivemq-platform-operator] [e7767014] 18:28:57.366 [vert.x-eventloop-thread-1] DEBUG c.h.platform.operator.util.CRDUtil - Checking CRD condition 'NamesAccepted' (status: 'True')
2025-01-30 18:28:57,371 INFO c.h.h.t.HelmChartContainer - [hivemq-test-hivemq-platform] [hivemq-platform-operator] [e7767014] 18:28:57.367 [vert.x-eventloop-thread-1] DEBUG c.h.platform.operator.util.CRDUtil - Checking CRD condition 'Established' (status: 'True')
2025-01-30 18:28:57,371 INFO c.h.h.t.HelmChartContainer - [hivemq-test-hivemq-platform] [hivemq-platform-operator] [e7767014] 18:28:57.367 [main] INFO  c.h.platform.operator.util.CRDUtil - HiveMQ Platform CRD 'hivemq-platforms.hivemq.com' is ready
2025-01-30 18:28:57,569 INFO c.h.h.t.HelmChartContainer - [hivemq-test-hivemq-platform] [hivemq-platform-operator] [e7767014] 18:28:57.568 [main] INFO  c.h.p.o.HiveMQPlatformReconciler - HiveMQ Platform Operator is starting...
2025-01-30 18:28:57,675 INFO c.h.h.t.HelmChartContainer - [hivemq-test-hivemq-platform] [hivemq-platform-operator] [e7767014] 18:28:57.673 [main] WARN  Default ConfigurationService implementation - Configuration for reconciler 'hivemq-controller' was not found. Known reconcilers: None.
2025-01-30 18:28:57,683 INFO c.h.h.t.HelmChartContainer - [hivemq-test-hivemq-platform] [hivemq-platform-operator] [e7767014] 18:28:57.682 [main] INFO  Default ConfigurationService implementation - Created configuration for reconciler com.hivemq.platform.operator.HiveMQPlatformReconciler with name hivemq-controller
2025-01-30 18:28:57,783 INFO c.h.h.t.HelmChartContainer - [hivemq-test-hivemq-platform] [hivemq-platform-operator] [e7767014] 18:28:57.781 [main] DEBUG c.h.p.o.HiveMQPlatformReconciler - HiveMQ Platform Operator is preparing EventSources
2025-01-30 18:28:57,871 INFO c.h.h.t.HelmChartContainer - [hivemq-test-hivemq-platform] [hivemq-platform-operator] [e7767014] 18:28:57.869 [main] INFO  i.javaoperatorsdk.operator.Operator - Registered reconciler: 'hivemq-controller' for resource: 'class com.hivemq.platform.operator.v1.HiveMQPlatform' for namespace(s): [all namespaces]
2025-01-30 18:28:58,374 INFO c.h.h.t.HelmChartContainer - [hivemq-test-hivemq-platform] [hivemq-platform-operator] [e7767014] 18:28:58.372 [main] INFO  c.h.p.operator.webserver.JettyServer - Starting Jetty server on port 8080
2025-01-30 18:28:58,393 INFO c.h.h.t.HelmChartContainer - [hivemq-test-hivemq-platform] [hivemq-platform-operator] [e7767014] 18:28:58.392 [main] INFO  i.javaoperatorsdk.operator.Operator - Operator SDK 4.9.7 (commit: 2133d28) built on Wed Nov 20 12:56:20 UTC 2024 starting...
2025-01-30 18:28:58,393 INFO c.h.h.t.HelmChartContainer - [hivemq-test-hivemq-platform] [hivemq-platform-operator] [e7767014] 18:28:58.392 [main] INFO  i.javaoperatorsdk.operator.Operator - Client version: 6.13.5
2025-01-30 18:28:58,423 INFO c.h.h.t.HelmChartContainer - [hivemq-test-hivemq-platform] [hivemq-platform-operator] [e7767014] 18:28:58.422 [Controller Starter for: hivemq-controller] INFO  i.j.operator.processing.Controller - Starting 'hivemq-controller' controller for reconciler: com.hivemq.platform.operator.HiveMQPlatformReconciler, resource: com.hivemq.platform.operator.v1.HiveMQPlatform
2025-01-30 18:28:58,463 INFO c.h.h.t.HelmChartContainer - [POD] metrics-server-8584b5786c-2lqp2 [0ef72f50-1054-4781-ba33-1645d2b22fb7] in kube-system was MODIFIED
2025-01-30 18:28:58,469 INFO c.h.h.t.HelmChartContainer - [K3S] [replica_set.go:679] "Finished syncing" kind="ReplicaSet" key="kube-system/metrics-server-8584b5786c" duration="8.710681ms"
2025-01-30 18:28:58,469 INFO c.h.h.t.HelmChartContainer - [K3S] [replica_set.go:679] "Finished syncing" kind="ReplicaSet" key="kube-system/metrics-server-8584b5786c" duration="30.487µs"
2025-01-30 18:29:00,404 INFO c.h.h.t.HelmChartContainer - [K3S] [range_allocator.go:247] "Successfully synced" key="b99e65a4204c"
2025-01-30 18:29:00,770 INFO c.h.h.t.HelmChartContainer - [hivemq-test-hivemq-platform] [hivemq-platform-operator] [e7767014] 18:29:00.767 [Controller Starter for: hivemq-controller] INFO  i.j.operator.processing.Controller - 'hivemq-controller' controller started
2025-01-30 18:29:00,770 INFO c.h.h.t.HelmChartContainer - [hivemq-test-hivemq-platform] [hivemq-platform-operator] [e7767014] 18:29:00.769 [main] INFO  c.h.p.o.HiveMQPlatformOperatorApplication - HiveMQ Platform Operator 1.7.0-SNAPSHOT started in 6301 ms
2025-01-30 18:29:02,483 INFO c.h.h.t.HelmChartContainer - [POD] hivemq-test-hivemq-platform-operator-6966f96d65-bwk9h [e7767014-e123-4ed4-b56a-eb75bf2dc19c] in helmlegacystatefulsetmigrationit-operator was MODIFIED
2025-01-30 18:29:02,486 INFO c.h.h.t.HelmChartContainer - [K3S] [replica_set.go:679] "Finished syncing" kind="ReplicaSet" key="helmlegacystatefulsetmigrationit-operator/hivemq-test-hivemq-platform-operator-6966f96d65" duration="6.734706ms"
2025-01-30 18:29:02,491 INFO c.h.h.t.HelmChartContainer - [K3S] [replica_set.go:679] "Finished syncing" kind="ReplicaSet" key="helmlegacystatefulsetmigrationit-operator/hivemq-test-hivemq-platform-operator-6966f96d65" duration="47.799µs"
2025-01-30 18:29:06,419 DEBUG c.h.h.t.HelmChartContainer - Executing helm command: /bin/helm --kubeconfig /etc/rancher/k3s/k3s.yaml install test-hivemq-legacy-platform /charts/hivemq-operator --wait --timeout 5m0s -f /files/migration-legacy-stateful-set-values.yaml --namespace helmlegacystatefulsetmigrationit-operator
2025-01-30 18:29:09,033 INFO c.h.h.t.HelmChartContainer - [K3S] [alloc.go:330] "allocated clusterIPs" service="helmlegacystatefulsetmigrationit-operator/test-hivemq-legacy-platform-hivemq-operator-operator" clusterIPs={"IPv4":"10.43.151.210"}
2025-01-30 18:29:09,070 INFO c.h.h.t.HelmChartContainer - [EVENT] Normal [ScalingReplicaSet] Scaled up replica set test-hivemq-legacy-platform-hivemq-operator-operator-56c5b9f7b7 from 0 to 1 [helmlegacystatefulsetmigrationit-operator:test-hivemq-legacy-platform-hivemq-operator-operator]
2025-01-30 18:29:09,071 INFO c.h.h.t.HelmChartContainer - [EVENT] Normal [SuccessfulCreate] Created pod: test-hivemq-legacy-platform-hivemq-operator-operator-56c5bxnd4r [helmlegacystatefulsetmigrationit-operator:test-hivemq-legacy-platform-hivemq-operator-operator-56c5b9f7b7]
2025-01-30 18:29:09,071 INFO c.h.h.t.HelmChartContainer - [POD] test-hivemq-legacy-platform-hivemq-operator-operator-56c5bxnd4r [e35bfde7-35e3-41f4-aa55-8f4242fc6f73] in helmlegacystatefulsetmigrationit-operator was ADDED
2025-01-30 18:29:09,076 INFO c.h.h.t.HelmChartContainer - [POD] test-hivemq-legacy-platform-hivemq-operator-operator-56c5bxnd4r [e35bfde7-35e3-41f4-aa55-8f4242fc6f73] in helmlegacystatefulsetmigrationit-operator was MODIFIED
2025-01-30 18:29:09,082 INFO c.h.h.t.HelmChartContainer - [K3S] [replica_set.go:679] "Finished syncing" kind="ReplicaSet" key="helmlegacystatefulsetmigrationit-operator/test-hivemq-legacy-platform-hivemq-operator-operator-56c5b9f7b7" duration="36.278317ms"
2025-01-30 18:29:09,093 INFO c.h.h.t.HelmChartContainer - [EVENT] Normal [Scheduled] Successfully assigned helmlegacystatefulsetmigrationit-operator/test-hivemq-legacy-platform-hivemq-operator-operator-56c5bxnd4r to b99e65a4204c [helmlegacystatefulsetmigrationit-operator:test-hivemq-legacy-platform-hivemq-operator-operator-56c5bxnd4r]
2025-01-30 18:29:09,103 INFO c.h.h.t.HelmChartContainer - [K3S] [replica_set.go:679] "Finished syncing" kind="ReplicaSet" key="helmlegacystatefulsetmigrationit-operator/test-hivemq-legacy-platform-hivemq-operator-operator-56c5b9f7b7" duration="20.752713ms"
2025-01-30 18:29:09,103 INFO c.h.h.t.HelmChartContainer - [K3S] [replica_set.go:679] "Finished syncing" kind="ReplicaSet" key="helmlegacystatefulsetmigrationit-operator/test-hivemq-legacy-platform-hivemq-operator-operator-56c5b9f7b7" duration="59.18µs"
2025-01-30 18:29:09,118 INFO c.h.h.t.HelmChartContainer - [POD] test-hivemq-legacy-platform-hivemq-operator-operator-56c5bxnd4r [e35bfde7-35e3-41f4-aa55-8f4242fc6f73] in helmlegacystatefulsetmigrationit-operator was MODIFIED
2025-01-30 18:29:09,120 INFO c.h.h.t.HelmChartContainer - [K3S] [replica_set.go:679] "Finished syncing" kind="ReplicaSet" key="helmlegacystatefulsetmigrationit-operator/test-hivemq-legacy-platform-hivemq-operator-operator-56c5b9f7b7" duration="45.986µs"
2025-01-30 18:29:09,125 INFO c.h.h.t.HelmChartContainer - [K3S] [reconciler_common.go:251] "operationExecutor.VerifyControllerAttachedVolume started for volume \"templates\" (UniqueName: \"kubernetes.io/configmap/e35bfde7-35e3-41f4-aa55-8f4242fc6f73-templates\") pod \"test-hivemq-legacy-platform-hivemq-operator-operator-56c5bxnd4r\" (UID: \"e35bfde7-35e3-41f4-aa55-8f4242fc6f73\") " pod="helmlegacystatefulsetmigrationit-operator/test-hivemq-legacy-platform-hivemq-operator-operator-56c5bxnd4r"
2025-01-30 18:29:09,126 INFO c.h.h.t.HelmChartContainer - [K3S] [reconciler_common.go:251] "operationExecutor.VerifyControllerAttachedVolume started for volume \"kube-api-access-84zvq\" (UniqueName: \"kubernetes.io/projected/e35bfde7-35e3-41f4-aa55-8f4242fc6f73-kube-api-access-84zvq\") pod \"test-hivemq-legacy-platform-hivemq-operator-operator-56c5bxnd4r\" (UID: \"e35bfde7-35e3-41f4-aa55-8f4242fc6f73\") " pod="helmlegacystatefulsetmigrationit-operator/test-hivemq-legacy-platform-hivemq-operator-operator-56c5bxnd4r"
2025-01-30 18:29:09,459 INFO c.h.h.t.HelmChartContainer - [EVENT] Normal [Pulling] Pulling image "hivemq/hivemq-operator:4.7.10" [helmlegacystatefulsetmigrationit-operator:test-hivemq-legacy-platform-hivemq-operator-operator-56c5bxnd4r]
2025-01-30 18:29:09,459 INFO c.h.h.t.HelmChartContainer - Received Pulling event for container operator in pod test-hivemq-legacy-platform-hivemq-operator-operator-56c5bxnd4r [e35bfde7-35e3-41f4-aa55-8f4242fc6f73]
2025-01-30 18:29:13,829 INFO c.h.h.t.HelmChartContainer - [EVENT] Normal [Pulled] Successfully pulled image "hivemq/hivemq-operator:4.7.10" in 4.37s (4.37s including waiting). Image size: 133174259 bytes. [helmlegacystatefulsetmigrationit-operator:test-hivemq-legacy-platform-hivemq-operator-operator-56c5bxnd4r]
2025-01-30 18:29:13,829 INFO c.h.h.t.HelmChartContainer - Received Pulled event for container operator in pod test-hivemq-legacy-platform-hivemq-operator-operator-56c5bxnd4r [e35bfde7-35e3-41f4-aa55-8f4242fc6f73]
2025-01-30 18:29:13,846 INFO c.h.h.t.HelmChartContainer - [EVENT] Normal [Created] Created container: operator [helmlegacystatefulsetmigrationit-operator:test-hivemq-legacy-platform-hivemq-operator-operator-56c5bxnd4r]
2025-01-30 18:29:13,846 INFO c.h.h.t.HelmChartContainer - Received Created event for container operator in pod test-hivemq-legacy-platform-hivemq-operator-operator-56c5bxnd4r [e35bfde7-35e3-41f4-aa55-8f4242fc6f73]
2025-01-30 18:29:14,518 INFO c.h.h.t.HelmChartContainer - [POD] test-hivemq-legacy-platform-hivemq-operator-operator-56c5bxnd4r [e35bfde7-35e3-41f4-aa55-8f4242fc6f73] in helmlegacystatefulsetmigrationit-operator was MODIFIED
2025-01-30 18:29:14,527 INFO c.h.h.t.HelmChartContainer - [K3S] [replica_set.go:679] "Finished syncing" kind="ReplicaSet" key="helmlegacystatefulsetmigrationit-operator/test-hivemq-legacy-platform-hivemq-operator-operator-56c5b9f7b7" duration="10.575882ms"
2025-01-30 18:29:14,531 INFO c.h.h.t.HelmChartContainer - [K3S] [replica_set.go:679] "Finished syncing" kind="ReplicaSet" key="helmlegacystatefulsetmigrationit-operator/test-hivemq-legacy-platform-hivemq-operator-operator-56c5b9f7b7" duration="36.368µs"
2025-01-30 18:29:14,533 INFO c.h.h.t.HelmChartContainer - Started log watcher for operator in pod test-hivemq-legacy-platform-hivemq-operator-operator-56c5bxnd4r [e35bfde7-35e3-41f4-aa55-8f4242fc6f73]
2025-01-30 18:29:14,533 INFO c.h.h.t.HelmChartContainer - [EVENT] Normal [Started] Started container operator [helmlegacystatefulsetmigrationit-operator:test-hivemq-legacy-platform-hivemq-operator-operator-56c5bxnd4r]
2025-01-30 18:29:14,533 INFO c.h.h.t.HelmChartContainer - Received Started event for container operator in pod test-hivemq-legacy-platform-hivemq-operator-operator-56c5bxnd4r [e35bfde7-35e3-41f4-aa55-8f4242fc6f73]
2025-01-30 18:29:14,535 INFO c.h.h.t.HelmChartContainer - [test-hivemq-legacy-platform] [operator] [e35bfde7] Picked up JAVA_TOOL_OPTIONS: -XX:+UnlockExperimentalVMOptions -XX:InitialRAMPercentage=75 -XX:MaxRAMPercentage=75
2025-01-30 18:29:15,167 INFO com.hivemq.helmcharts.util.K8sUtil - Pod 'test-hivemq-legacy-platform-hivemq-operator-operator-56c5bxnd4r' is ready
2025-01-30 18:29:15,301 INFO c.h.h.t.HelmChartContainer - [test-hivemq-legacy-platform] [operator] [e35bfde7]  __  __ _                                  _   
2025-01-30 18:29:15,301 INFO c.h.h.t.HelmChartContainer - [test-hivemq-legacy-platform] [operator] [e35bfde7] |  \/  (_) ___ _ __ ___  _ __   __ _ _   _| |_ 
2025-01-30 18:29:15,301 INFO c.h.h.t.HelmChartContainer - [test-hivemq-legacy-platform] [operator] [e35bfde7] | |\/| | |/ __| '__/ _ \| '_ \ / _` | | | | __|
2025-01-30 18:29:15,301 INFO c.h.h.t.HelmChartContainer - [test-hivemq-legacy-platform] [operator] [e35bfde7] | |  | | | (__| | | (_) | | | | (_| | |_| | |_ 
2025-01-30 18:29:15,301 INFO c.h.h.t.HelmChartContainer - [test-hivemq-legacy-platform] [operator] [e35bfde7] |_|  |_|_|\___|_|  \___/|_| |_|\__,_|\__,_|\__|
2025-01-30 18:29:15,303 INFO c.h.h.t.HelmChartContainer - [test-hivemq-legacy-platform] [operator] [e35bfde7]   Micronaut (v3.5.2)
2025-01-30 18:29:15,304 INFO c.h.h.t.HelmChartContainer - [test-hivemq-legacy-platform] [operator] [e35bfde7] 
2025-01-30 18:29:17,397 INFO c.h.h.t.HelmChartContainer - [test-hivemq-legacy-platform] [operator] [e35bfde7] ?[36m18:29:17.393?[0;39m ?[1;30m[main]?[0;39m ?[34mINFO ?[0;39m ?[35mio.micronaut.runtime.Micronaut?[0;39m - Startup completed in 2098ms. Server Running: http://test-hivemq-legacy-platform-hivemq-operator-operator-56c5bxnd4r:8443
2025-01-30 18:29:18,527 INFO c.h.h.t.HelmChartContainer - [test-hivemq-legacy-platform] [operator] [e35bfde7] ?[36m18:29:18.525?[0;39m ?[1;30m[main]?[0;39m ?[34mINFO ?[0;39m ?[35mcom.hivemq.Operator?[0;39m - Initializing HiveMQ operator
2025-01-30 18:29:19,505 INFO c.h.h.t.HelmChartContainer - [test-hivemq-legacy-platform] [operator] [e35bfde7] ?[36m18:29:19.502?[0;39m ?[1;30m[main]?[0;39m ?[34mINFO ?[0;39m ?[35mcom.hivemq.Operator?[0;39m - Operating from namespace 'helmlegacystatefulsetmigrationit-operator'
2025-01-30 18:29:19,694 INFO c.h.h.t.HelmChartContainer - [test-hivemq-legacy-platform] [operator] [e35bfde7] ?[36m18:29:19.693?[0;39m ?[1;30m[pool-3-thread-1]?[0;39m ?[34mINFO ?[0;39m ?[35mcom.hivemq.AbstractWatcher?[0;39m - CustomResource watcher running for kinds HiveMQCluster
2025-01-30 18:29:20,201 INFO c.h.h.t.HelmChartContainer - [test-hivemq-legacy-platform] [operator] [e35bfde7] ?[36m18:29:20.199?[0;39m ?[1;30m[main]?[0;39m ?[34mINFO ?[0;39m ?[35mcom.hivemq.Operator?[0;39m - Operator started in 1674ms
2025-01-30 18:29:20,509 INFO c.h.h.t.HelmChartContainer - [test-hivemq-legacy-platform] [operator] [e35bfde7] ?[36m18:29:20.508?[0;39m ?[1;30m[pool-3-thread-2]?[0;39m ?[34mINFO ?[0;39m ?[35mcom.hivemq.Operator?[0;39m - Syncing state for cluster 'test-hivemq-legacy-platform' in namespace 'helmlegacystatefulsetmigrationit-operator'
2025-01-30 18:29:20,909 INFO c.h.h.t.HelmChartContainer - [K3S] [alloc.go:330] "allocated clusterIPs" service="helmlegacystatefulsetmigrationit-operator/hivemq-test-hivemq-legacy-platform-mqtt" clusterIPs={"IPv4":"10.43.179.240"}
2025-01-30 18:29:20,915 INFO c.h.h.t.HelmChartContainer - [K3S] [alloc.go:330] "allocated clusterIPs" service="helmlegacystatefulsetmigrationit-operator/hivemq-test-hivemq-legacy-platform-metrics" clusterIPs={"IPv4":"10.43.201.45"}
2025-01-30 18:29:20,922 INFO c.h.h.t.HelmChartContainer - [K3S] [alloc.go:330] "allocated clusterIPs" service="helmlegacystatefulsetmigrationit-operator/hivemq-test-hivemq-legacy-platform-api" clusterIPs={"IPv4":"10.43.86.243"}
2025-01-30 18:29:20,926 INFO c.h.h.t.HelmChartContainer - [K3S] [alloc.go:330] "allocated clusterIPs" service="helmlegacystatefulsetmigrationit-operator/hivemq-test-hivemq-legacy-platform-cc" clusterIPs={"IPv4":"10.43.198.94"}
2025-01-30 18:29:21,219 DEBUG com.hivemq.helmcharts.util.K8sUtil - Comparing actual state 'Pending' and waiting for 'Running'
2025-01-30 18:29:22,304 DEBUG com.hivemq.helmcharts.util.K8sUtil - Comparing actual state 'Pending' and waiting for 'Running'
2025-01-30 18:29:22,505 INFO c.h.h.t.HelmChartContainer - [test-hivemq-legacy-platform] [operator] [e35bfde7] ?[36m18:29:22.503?[0;39m ?[1;30m[pool-3-thread-9]?[0;39m ?[34mINFO ?[0;39m ?[35mcom.hivemq.Operator?[0;39m - Syncing state for cluster 'test-hivemq-legacy-platform' in namespace 'helmlegacystatefulsetmigrationit-operator'
2025-01-30 18:29:22,678 INFO c.h.h.t.HelmChartContainer - [EVENT] Normal [SuccessfulCreate] create Claim data-test-hivemq-legacy-platform-0 Pod test-hivemq-legacy-platform-0 in StatefulSet test-hivemq-legacy-platform success [helmlegacystatefulsetmigrationit-operator:test-hivemq-legacy-platform]
2025-01-30 18:29:22,689 INFO c.h.h.t.HelmChartContainer - [EVENT] Normal [SuccessfulCreate] create Pod test-hivemq-legacy-platform-0 in StatefulSet test-hivemq-legacy-platform successful [helmlegacystatefulsetmigrationit-operator:test-hivemq-legacy-platform]
2025-01-30 18:29:22,693 INFO c.h.h.t.HelmChartContainer - [EVENT] Normal [WaitForFirstConsumer] waiting for first consumer to be created before binding [helmlegacystatefulsetmigrationit-operator:data-test-hivemq-legacy-platform-0]
2025-01-30 18:29:22,703 INFO c.h.h.t.HelmChartContainer - [POD] test-hivemq-legacy-platform-0 [40472b67-ce40-45aa-8faf-16e584ef204c] in helmlegacystatefulsetmigrationit-operator was ADDED
2025-01-30 18:29:22,720 INFO c.h.h.t.HelmChartContainer - [EVENT] Normal [ExternalProvisioning] Waiting for a volume to be created either by the external provisioner 'rancher.io/local-path' or manually by the system administrator. If volume creation is delayed, please verify that the provisioner is running and correctly registered. [helmlegacystatefulsetmigrationit-operator:data-test-hivemq-legacy-platform-0]
2025-01-30 18:29:22,736 INFO c.h.h.t.HelmChartContainer - [EVENT] Normal [Provisioning] External provisioner is provisioning volume for claim "helmlegacystatefulsetmigrationit-operator/data-test-hivemq-legacy-platform-0" [helmlegacystatefulsetmigrationit-operator:data-test-hivemq-legacy-platform-0]
2025-01-30 18:29:22,780 INFO c.h.h.t.HelmChartContainer - [POD] helper-pod-create-pvc-eb2ec216-05df-404c-91de-301d73cbfbbc [b49c6360-5b0e-49c7-88eb-398bf9946a0b] in kube-system was ADDED
2025-01-30 18:29:22,793 INFO c.h.h.t.HelmChartContainer - [POD] helper-pod-create-pvc-eb2ec216-05df-404c-91de-301d73cbfbbc [b49c6360-5b0e-49c7-88eb-398bf9946a0b] in kube-system was MODIFIED
2025-01-30 18:29:22,807 INFO c.h.h.t.HelmChartContainer - [K3S] [reconciler_common.go:251] "operationExecutor.VerifyControllerAttachedVolume started for volume \"data\" (UniqueName: \"kubernetes.io/host-path/b49c6360-5b0e-49c7-88eb-398bf9946a0b-data\") pod \"helper-pod-create-pvc-eb2ec216-05df-404c-91de-301d73cbfbbc\" (UID: \"b49c6360-5b0e-49c7-88eb-398bf9946a0b\") " pod="kube-system/helper-pod-create-pvc-eb2ec216-05df-404c-91de-301d73cbfbbc"
2025-01-30 18:29:22,808 INFO c.h.h.t.HelmChartContainer - [K3S] [reconciler_common.go:251] "operationExecutor.VerifyControllerAttachedVolume started for volume \"script\" (UniqueName: \"kubernetes.io/configmap/b49c6360-5b0e-49c7-88eb-398bf9946a0b-script\") pod \"helper-pod-create-pvc-eb2ec216-05df-404c-91de-301d73cbfbbc\" (UID: \"b49c6360-5b0e-49c7-88eb-398bf9946a0b\") " pod="kube-system/helper-pod-create-pvc-eb2ec216-05df-404c-91de-301d73cbfbbc"
2025-01-30 18:29:22,808 INFO c.h.h.t.HelmChartContainer - [K3S] [reconciler_common.go:251] "operationExecutor.VerifyControllerAttachedVolume started for volume \"kube-api-access-fh7mw\" (UniqueName: \"kubernetes.io/projected/b49c6360-5b0e-49c7-88eb-398bf9946a0b-kube-api-access-fh7mw\") pod \"helper-pod-create-pvc-eb2ec216-05df-404c-91de-301d73cbfbbc\" (UID: \"b49c6360-5b0e-49c7-88eb-398bf9946a0b\") " pod="kube-system/helper-pod-create-pvc-eb2ec216-05df-404c-91de-301d73cbfbbc"
2025-01-30 18:29:23,419 DEBUG com.hivemq.helmcharts.util.K8sUtil - Comparing actual state 'Pending' and waiting for 'Running'
2025-01-30 18:29:24,004 DEBUG com.hivemq.helmcharts.util.K8sUtil - Comparing actual state 'Updating' and waiting for 'Running'
2025-01-30 18:29:25,536 INFO c.h.h.t.HelmChartContainer - [POD] helper-pod-create-pvc-eb2ec216-05df-404c-91de-301d73cbfbbc [b49c6360-5b0e-49c7-88eb-398bf9946a0b] in kube-system was MODIFIED
2025-01-30 18:29:26,536 INFO c.h.h.t.HelmChartContainer - [POD] helper-pod-create-pvc-eb2ec216-05df-404c-91de-301d73cbfbbc [b49c6360-5b0e-49c7-88eb-398bf9946a0b] in kube-system was MODIFIED
2025-01-30 18:29:27,615 INFO c.h.h.t.HelmChartContainer - [POD] helper-pod-create-pvc-eb2ec216-05df-404c-91de-301d73cbfbbc [b49c6360-5b0e-49c7-88eb-398bf9946a0b] in kube-system was MODIFIED
2025-01-30 18:29:27,638 INFO c.h.h.t.HelmChartContainer - [K3S] [reconciler_common.go:162] "operationExecutor.UnmountVolume started for volume \"kube-api-access-fh7mw\" (UniqueName: \"kubernetes.io/projected/b49c6360-5b0e-49c7-88eb-398bf9946a0b-kube-api-access-fh7mw\") pod \"b49c6360-5b0e-49c7-88eb-398bf9946a0b\" (UID: \"b49c6360-5b0e-49c7-88eb-398bf9946a0b\") "
2025-01-30 18:29:27,638 INFO c.h.h.t.HelmChartContainer - [K3S] [reconciler_common.go:162] "operationExecutor.UnmountVolume started for volume \"data\" (UniqueName: \"kubernetes.io/host-path/b49c6360-5b0e-49c7-88eb-398bf9946a0b-data\") pod \"b49c6360-5b0e-49c7-88eb-398bf9946a0b\" (UID: \"b49c6360-5b0e-49c7-88eb-398bf9946a0b\") "
2025-01-30 18:29:27,639 INFO c.h.h.t.HelmChartContainer - [K3S] [reconciler_common.go:162] "operationExecutor.UnmountVolume started for volume \"script\" (UniqueName: \"kubernetes.io/configmap/b49c6360-5b0e-49c7-88eb-398bf9946a0b-script\") pod \"b49c6360-5b0e-49c7-88eb-398bf9946a0b\" (UID: \"b49c6360-5b0e-49c7-88eb-398bf9946a0b\") "
2025-01-30 18:29:27,738 INFO c.h.h.t.HelmChartContainer - [K3S] [reconciler_common.go:299] "Volume detached for volume \"kube-api-access-fh7mw\" (UniqueName: \"kubernetes.io/projected/b49c6360-5b0e-49c7-88eb-398bf9946a0b-kube-api-access-fh7mw\") on node \"b99e65a4204c\" DevicePath \"\""
2025-01-30 18:29:27,739 INFO c.h.h.t.HelmChartContainer - [K3S] [reconciler_common.go:299] "Volume detached for volume \"data\" (UniqueName: \"kubernetes.io/host-path/b49c6360-5b0e-49c7-88eb-398bf9946a0b-data\") on node \"b99e65a4204c\" DevicePath \"\""
2025-01-30 18:29:27,739 INFO c.h.h.t.HelmChartContainer - [K3S] [reconciler_common.go:299] "Volume detached for volume \"script\" (UniqueName: \"kubernetes.io/configmap/b49c6360-5b0e-49c7-88eb-398bf9946a0b-script\") on node \"b99e65a4204c\" DevicePath \"\""
2025-01-30 18:29:27,814 INFO c.h.h.t.HelmChartContainer - [POD] helper-pod-create-pvc-eb2ec216-05df-404c-91de-301d73cbfbbc [b49c6360-5b0e-49c7-88eb-398bf9946a0b] in kube-system was MODIFIED
2025-01-30 18:29:27,817 INFO c.h.h.t.HelmChartContainer - [POD] helper-pod-create-pvc-eb2ec216-05df-404c-91de-301d73cbfbbc [b49c6360-5b0e-49c7-88eb-398bf9946a0b] in kube-system was DELETED
2025-01-30 18:29:27,834 INFO c.h.h.t.HelmChartContainer - [EVENT] Normal [ProvisioningSucceeded] Successfully provisioned volume pvc-eb2ec216-05df-404c-91de-301d73cbfbbc [helmlegacystatefulsetmigrationit-operator:data-test-hivemq-legacy-platform-0]
2025-01-30 18:29:28,530 INFO c.h.h.t.HelmChartContainer - [K3S] [pod_container_deletor.go:80] "Container not found in pod's containers" containerID="e0de38df6f95771c528fa08bf9bc1d95f360fc1ddfca193f307e4f3c0ee0be20"
2025-01-30 18:29:28,536 INFO c.h.h.t.HelmChartContainer - [K3S] [status_manager.go:890] "Failed to get status for pod" podUID="b49c6360-5b0e-49c7-88eb-398bf9946a0b" pod="kube-system/helper-pod-create-pvc-eb2ec216-05df-404c-91de-301d73cbfbbc" err="pods \"helper-pod-create-pvc-eb2ec216-05df-404c-91de-301d73cbfbbc\" is forbidden: User \"system:node:b99e65a4204c\" cannot get resource \"pods\" in API group \"\" in the namespace \"kube-system\": no relationship found between node 'b99e65a4204c' and this object"
2025-01-30 18:29:28,694 INFO c.h.h.t.HelmChartContainer - [EVENT] Normal [Scheduled] Successfully assigned helmlegacystatefulsetmigrationit-operator/test-hivemq-legacy-platform-0 to b99e65a4204c [helmlegacystatefulsetmigrationit-operator:test-hivemq-legacy-platform-0]
2025-01-30 18:29:28,697 INFO c.h.h.t.HelmChartContainer - [POD] test-hivemq-legacy-platform-0 [40472b67-ce40-45aa-8faf-16e584ef204c] in helmlegacystatefulsetmigrationit-operator was MODIFIED
2025-01-30 18:29:28,700 INFO c.h.h.t.HelmChartContainer - [K3S] [memory_manager.go:355] "RemoveStaleState removing state" podUID="b49c6360-5b0e-49c7-88eb-398bf9946a0b" containerName="helper-pod"
2025-01-30 18:29:28,700 INFO c.h.h.t.HelmChartContainer - [K3S] [status_manager.go:890] "Failed to get status for pod" podUID="b49c6360-5b0e-49c7-88eb-398bf9946a0b" pod="kube-system/helper-pod-create-pvc-eb2ec216-05df-404c-91de-301d73cbfbbc" err="pods \"helper-pod-create-pvc-eb2ec216-05df-404c-91de-301d73cbfbbc\" is forbidden: User \"system:node:b99e65a4204c\" cannot get resource \"pods\" in API group \"\" in the namespace \"kube-system\": no relationship found between node 'b99e65a4204c' and this object"
2025-01-30 18:29:28,716 INFO c.h.h.t.HelmChartContainer - [POD] test-hivemq-legacy-platform-0 [40472b67-ce40-45aa-8faf-16e584ef204c] in helmlegacystatefulsetmigrationit-operator was MODIFIED
2025-01-30 18:29:28,843 INFO c.h.h.t.HelmChartContainer - [K3S] [reconciler_common.go:251] "operationExecutor.VerifyControllerAttachedVolume started for volume \"heap-dumps\" (UniqueName: \"kubernetes.io/empty-dir/40472b67-ce40-45aa-8faf-16e584ef204c-heap-dumps\") pod \"test-hivemq-legacy-platform-0\" (UID: \"40472b67-ce40-45aa-8faf-16e584ef204c\") " pod="helmlegacystatefulsetmigrationit-operator/test-hivemq-legacy-platform-0"
2025-01-30 18:29:28,844 INFO c.h.h.t.HelmChartContainer - [K3S] [reconciler_common.go:251] "operationExecutor.VerifyControllerAttachedVolume started for volume \"shared-data\" (UniqueName: \"kubernetes.io/empty-dir/40472b67-ce40-45aa-8faf-16e584ef204c-shared-data\") pod \"test-hivemq-legacy-platform-0\" (UID: \"40472b67-ce40-45aa-8faf-16e584ef204c\") " pod="helmlegacystatefulsetmigrationit-operator/test-hivemq-legacy-platform-0"
2025-01-30 18:29:28,844 INFO c.h.h.t.HelmChartContainer - [K3S] [reconciler_common.go:251] "operationExecutor.VerifyControllerAttachedVolume started for volume \"pvc-eb2ec216-05df-404c-91de-301d73cbfbbc\" (UniqueName: \"kubernetes.io/local-volume/pvc-eb2ec216-05df-404c-91de-301d73cbfbbc\") pod \"test-hivemq-legacy-platform-0\" (UID: \"40472b67-ce40-45aa-8faf-16e584ef204c\") " pod="helmlegacystatefulsetmigrationit-operator/test-hivemq-legacy-platform-0"
2025-01-30 18:29:28,844 INFO c.h.h.t.HelmChartContainer - [K3S] [reconciler_common.go:251] "operationExecutor.VerifyControllerAttachedVolume started for volume \"backup\" (UniqueName: \"kubernetes.io/empty-dir/40472b67-ce40-45aa-8faf-16e584ef204c-backup\") pod \"test-hivemq-legacy-platform-0\" (UID: \"40472b67-ce40-45aa-8faf-16e584ef204c\") " pod="helmlegacystatefulsetmigrationit-operator/test-hivemq-legacy-platform-0"
2025-01-30 18:29:28,844 INFO c.h.h.t.HelmChartContainer - [K3S] [reconciler_common.go:251] "operationExecutor.VerifyControllerAttachedVolume started for volume \"live-info\" (UniqueName: \"kubernetes.io/configmap/40472b67-ce40-45aa-8faf-16e584ef204c-live-info\") pod \"test-hivemq-legacy-platform-0\" (UID: \"40472b67-ce40-45aa-8faf-16e584ef204c\") " pod="helmlegacystatefulsetmigrationit-operator/test-hivemq-legacy-platform-0"
2025-01-30 18:29:28,844 INFO c.h.h.t.HelmChartContainer - [K3S] [reconciler_common.go:251] "operationExecutor.VerifyControllerAttachedVolume started for volume \"ese-configuration\" (UniqueName: \"kubernetes.io/configmap/40472b67-ce40-45aa-8faf-16e584ef204c-ese-configuration\") pod \"test-hivemq-legacy-platform-0\" (UID: \"40472b67-ce40-45aa-8faf-16e584ef204c\") " pod="helmlegacystatefulsetmigrationit-operator/test-hivemq-legacy-platform-0"
2025-01-30 18:29:28,844 INFO c.h.h.t.HelmChartContainer - [K3S] [reconciler_common.go:251] "operationExecutor.VerifyControllerAttachedVolume started for volume \"log\" (UniqueName: \"kubernetes.io/empty-dir/40472b67-ce40-45aa-8faf-16e584ef204c-log\") pod \"test-hivemq-legacy-platform-0\" (UID: \"40472b67-ce40-45aa-8faf-16e584ef204c\") " pod="helmlegacystatefulsetmigrationit-operator/test-hivemq-legacy-platform-0"
2025-01-30 18:29:28,844 INFO c.h.h.t.HelmChartContainer - [K3S] [reconciler_common.go:251] "operationExecutor.VerifyControllerAttachedVolume started for volume \"audit\" (UniqueName: \"kubernetes.io/empty-dir/40472b67-ce40-45aa-8faf-16e584ef204c-audit\") pod \"test-hivemq-legacy-platform-0\" (UID: \"40472b67-ce40-45aa-8faf-16e584ef204c\") " pod="helmlegacystatefulsetmigrationit-operator/test-hivemq-legacy-platform-0"
2025-01-30 18:29:28,844 INFO c.h.h.t.HelmChartContainer - [K3S] [reconciler_common.go:251] "operationExecutor.VerifyControllerAttachedVolume started for volume \"dns-wait-config\" (UniqueName: \"kubernetes.io/configmap/40472b67-ce40-45aa-8faf-16e584ef204c-dns-wait-config\") pod \"test-hivemq-legacy-platform-0\" (UID: \"40472b67-ce40-45aa-8faf-16e584ef204c\") " pod="helmlegacystatefulsetmigrationit-operator/test-hivemq-legacy-platform-0"
2025-01-30 18:29:28,844 INFO c.h.h.t.HelmChartContainer - [K3S] [reconciler_common.go:251] "operationExecutor.VerifyControllerAttachedVolume started for volume \"ese-file-realm\" (UniqueName: \"kubernetes.io/configmap/40472b67-ce40-45aa-8faf-16e584ef204c-ese-file-realm\") pod \"test-hivemq-legacy-platform-0\" (UID: \"40472b67-ce40-45aa-8faf-16e584ef204c\") " pod="helmlegacystatefulsetmigrationit-operator/test-hivemq-legacy-platform-0"
2025-01-30 18:29:28,844 INFO c.h.h.t.HelmChartContainer - [K3S] [reconciler_common.go:251] "operationExecutor.VerifyControllerAttachedVolume started for volume \"kube-api-access-7wj97\" (UniqueName: \"kubernetes.io/projected/40472b67-ce40-45aa-8faf-16e584ef204c-kube-api-access-7wj97\") pod \"test-hivemq-legacy-platform-0\" (UID: \"40472b67-ce40-45aa-8faf-16e584ef204c\") " pod="helmlegacystatefulsetmigrationit-operator/test-hivemq-legacy-platform-0"
2025-01-30 18:29:28,844 INFO c.h.h.t.HelmChartContainer - [K3S] [reconciler_common.go:251] "operationExecutor.VerifyControllerAttachedVolume started for volume \"conf-override\" (UniqueName: \"kubernetes.io/empty-dir/40472b67-ce40-45aa-8faf-16e584ef204c-conf-override\") pod \"test-hivemq-legacy-platform-0\" (UID: \"40472b67-ce40-45aa-8faf-16e584ef204c\") " pod="helmlegacystatefulsetmigrationit-operator/test-hivemq-legacy-platform-0"
2025-01-30 18:29:29,088 INFO c.h.h.t.HelmChartContainer - [EVENT] Normal [Pulling] Pulling image "busybox:latest" [helmlegacystatefulsetmigrationit-operator:test-hivemq-legacy-platform-0]
2025-01-30 18:29:29,409 INFO c.h.h.t.HelmChartContainer - [K3S] [status_manager.go:890] "Failed to get status for pod" podUID="b49c6360-5b0e-49c7-88eb-398bf9946a0b" pod="kube-system/helper-pod-create-pvc-eb2ec216-05df-404c-91de-301d73cbfbbc" err="pods \"helper-pod-create-pvc-eb2ec216-05df-404c-91de-301d73cbfbbc\" is forbidden: User \"system:node:b99e65a4204c\" cannot get resource \"pods\" in API group \"\" in the namespace \"kube-system\": no relationship found between node 'b99e65a4204c' and this object"
2025-01-30 18:29:29,410 INFO c.h.h.t.HelmChartContainer - [K3S] [kubelet_volumes.go:163] "Cleaned up orphaned pod volumes dir" podUID="b49c6360-5b0e-49c7-88eb-398bf9946a0b" path="/var/lib/kubelet/pods/b49c6360-5b0e-49c7-88eb-398bf9946a0b/volumes"
2025-01-30 18:29:30,734 INFO c.h.h.t.HelmChartContainer - [K3S] [range_allocator.go:247] "Successfully synced" key="b99e65a4204c"
2025-01-30 18:29:31,154 INFO c.h.h.t.HelmChartContainer - [EVENT] Normal [Pulled] Successfully pulled image "busybox:latest" in 2.066s (2.066s including waiting). Image size: 2167089 bytes. [helmlegacystatefulsetmigrationit-operator:test-hivemq-legacy-platform-0]
2025-01-30 18:29:31,165 INFO c.h.h.t.HelmChartContainer - [EVENT] Normal [Created] Created container: init-shared [helmlegacystatefulsetmigrationit-operator:test-hivemq-legacy-platform-0]
2025-01-30 18:29:31,205 INFO c.h.h.t.HelmChartContainer - [EVENT] Normal [Started] Started container init-shared [helmlegacystatefulsetmigrationit-operator:test-hivemq-legacy-platform-0]
2025-01-30 18:29:31,541 INFO c.h.h.t.HelmChartContainer - [EVENT] Normal [Pulling] Pulling image "hivemq/init-dns-wait:1.0.0" [helmlegacystatefulsetmigrationit-operator:test-hivemq-legacy-platform-0]
2025-01-30 18:29:31,559 INFO c.h.h.t.HelmChartContainer - [POD] test-hivemq-legacy-platform-0 [40472b67-ce40-45aa-8faf-16e584ef204c] in helmlegacystatefulsetmigrationit-operator was MODIFIED
2025-01-30 18:29:33,368 INFO c.h.h.t.HelmChartContainer - [EVENT] Normal [Pulled] Successfully pulled image "hivemq/init-dns-wait:1.0.0" in 1.827s (1.827s including waiting). Image size: 9765054 bytes. [helmlegacystatefulsetmigrationit-operator:test-hivemq-legacy-platform-0]
2025-01-30 18:29:33,375 INFO c.h.h.t.HelmChartContainer - [EVENT] Normal [Created] Created container: dns-wait [helmlegacystatefulsetmigrationit-operator:test-hivemq-legacy-platform-0]
2025-01-30 18:29:33,421 INFO c.h.h.t.HelmChartContainer - [EVENT] Normal [Started] Started container dns-wait [helmlegacystatefulsetmigrationit-operator:test-hivemq-legacy-platform-0]
2025-01-30 18:29:33,554 INFO c.h.h.t.HelmChartContainer - [POD] test-hivemq-legacy-platform-0 [40472b67-ce40-45aa-8faf-16e584ef204c] in helmlegacystatefulsetmigrationit-operator was MODIFIED
2025-01-30 18:29:43,560 INFO c.h.h.t.HelmChartContainer - [EVENT] Normal [Pulling] Pulling image "hivemq/hivemq4:k8s-4.36.0" [helmlegacystatefulsetmigrationit-operator:test-hivemq-legacy-platform-0]
2025-01-30 18:29:43,560 INFO c.h.h.t.HelmChartContainer - Received Pulling event for container hivemq in pod test-hivemq-legacy-platform-0 [40472b67-ce40-45aa-8faf-16e584ef204c]
2025-01-30 18:29:43,574 INFO c.h.h.t.HelmChartContainer - [POD] test-hivemq-legacy-platform-0 [40472b67-ce40-45aa-8faf-16e584ef204c] in helmlegacystatefulsetmigrationit-operator was MODIFIED
2025-01-30 18:29:45,608 INFO c.h.h.t.HelmChartContainer - [EVENT] Normal [Pulled] Successfully pulled image "hivemq/hivemq4:k8s-4.36.0" in 2.049s (2.049s including waiting). Image size: 699327787 bytes. [helmlegacystatefulsetmigrationit-operator:test-hivemq-legacy-platform-0]
2025-01-30 18:29:45,608 INFO c.h.h.t.HelmChartContainer - Received Pulled event for container hivemq in pod test-hivemq-legacy-platform-0 [40472b67-ce40-45aa-8faf-16e584ef204c]
2025-01-30 18:29:45,621 INFO c.h.h.t.HelmChartContainer - [EVENT] Normal [Created] Created container: hivemq [helmlegacystatefulsetmigrationit-operator:test-hivemq-legacy-platform-0]
2025-01-30 18:29:45,621 INFO c.h.h.t.HelmChartContainer - Received Created event for container hivemq in pod test-hivemq-legacy-platform-0 [40472b67-ce40-45aa-8faf-16e584ef204c]
2025-01-30 18:29:46,581 INFO c.h.h.t.HelmChartContainer - [POD] test-hivemq-legacy-platform-0 [40472b67-ce40-45aa-8faf-16e584ef204c] in helmlegacystatefulsetmigrationit-operator was MODIFIED
2025-01-30 18:29:46,590 INFO c.h.h.t.HelmChartContainer - [EVENT] Normal [Started] Started container hivemq [helmlegacystatefulsetmigrationit-operator:test-hivemq-legacy-platform-0]
2025-01-30 18:29:46,590 INFO c.h.h.t.HelmChartContainer - Received Started event for container hivemq in pod test-hivemq-legacy-platform-0 [40472b67-ce40-45aa-8faf-16e584ef204c]
2025-01-30 18:29:46,591 INFO c.h.h.t.HelmChartContainer - Started log watcher for hivemq in pod test-hivemq-legacy-platform-0 [40472b67-ce40-45aa-8faf-16e584ef204c]
2025-01-30 18:29:46,592 INFO c.h.h.t.HelmChartContainer - [test-hivemq-legacy-platform] [hivemq] [40472b67] Copying external files
2025-01-30 18:29:46,592 INFO c.h.h.t.HelmChartContainer - [test-hivemq-legacy-platform] [hivemq] [40472b67] '/conf-override/extensions/hivemq-enterprise-security-extension/..data' -> '/opt/hivemq/extensions/hivemq-enterprise-security-extension/..data'
2025-01-30 18:29:46,592 INFO c.h.h.t.HelmChartContainer - [test-hivemq-legacy-platform] [hivemq] [40472b67] '/conf-override/extensions/hivemq-enterprise-security-extension/enterprise-security-extension.xml' -> '/opt/hivemq/extensions/hivemq-enterprise-security-extension/enterprise-security-extension.xml'
2025-01-30 18:29:46,593 INFO c.h.h.t.HelmChartContainer - [test-hivemq-legacy-platform] [hivemq] [40472b67] '/conf-override/extensions/hivemq-enterprise-security-extension/..2025_01_30_18_29_28.1405247941' -> '/opt/hivemq/extensions/hivemq-enterprise-security-extension/..2025_01_30_18_29_28.1405247941'
2025-01-30 18:29:46,593 INFO c.h.h.t.HelmChartContainer - [test-hivemq-legacy-platform] [hivemq] [40472b67] '/conf-override/extensions/hivemq-enterprise-security-extension/..2025_01_30_18_29_28.1405247941/enterprise-security-extension.xml' -> '/opt/hivemq/extensions/hivemq-enterprise-security-extension/..2025_01_30_18_29_28.1405247941/enterprise-security-extension.xml'
2025-01-30 18:29:46,593 INFO c.h.h.t.HelmChartContainer - [test-hivemq-legacy-platform] [hivemq] [40472b67] Rewriting config.xml...
2025-01-30 18:29:46,593 INFO c.h.h.t.HelmChartContainer - [test-hivemq-legacy-platform] [hivemq] [40472b67] Creating initial lastUpdate files...
2025-01-30 18:29:46,593 INFO c.h.h.t.HelmChartContainer - [test-hivemq-legacy-platform] [hivemq] [40472b67] '/conf-override/extensions/hivemq-enterprise-security-extension/..2025_01_30_18_29_28.1405247941/enterprise-security-extension.xml' -> '/opt/hivemq/extensions/hivemq-enterprise-security-extension/..2025_01_30_18_29_28.1405247941/enterprise-security-extension.xml.lastUpdate'
2025-01-30 18:29:46,593 INFO c.h.h.t.HelmChartContainer - [test-hivemq-legacy-platform] [hivemq] [40472b67] Pod info:
2025-01-30 18:29:46,593 INFO c.h.h.t.HelmChartContainer - [test-hivemq-legacy-platform] [hivemq] [40472b67] extension-names=hivemq-enterprise-security-extension
2025-01-30 18:29:46,593 INFO c.h.h.t.HelmChartContainer - [test-hivemq-legacy-platform] [hivemq] [40472b67] extension-uris=preinstalled
2025-01-30 18:29:46,593 INFO c.h.h.t.HelmChartContainer - [test-hivemq-legacy-platform] [hivemq] [40472b67] extension-states=true
2025-01-30 18:29:46,593 INFO c.h.h.t.HelmChartContainer - [test-hivemq-legacy-platform] [hivemq] [40472b67] extensions-static=false
2025-01-30 18:29:46,593 INFO c.h.h.t.HelmChartContainer - [test-hivemq-legacy-platform] [hivemq] [40472b67] Installing extension #0 with name: hivemq-enterprise-security-extension, URI: preinstalled, enabled state: true
2025-01-30 18:29:46,593 INFO c.h.h.t.HelmChartContainer - [test-hivemq-legacy-platform] [hivemq] [40472b67] + [[ 3 != 3 ]]
2025-01-30 18:29:46,593 INFO c.h.h.t.HelmChartContainer - [test-hivemq-legacy-platform] [hivemq] [40472b67] + EXTENSION_URI=preinstalled
2025-01-30 18:29:46,593 INFO c.h.h.t.HelmChartContainer - [test-hivemq-legacy-platform] [hivemq] [40472b67] + EXTENSION_NAME=hivemq-enterprise-security-extension
2025-01-30 18:29:46,593 INFO c.h.h.t.HelmChartContainer - [test-hivemq-legacy-platform] [hivemq] [40472b67] + TARGET_STATE=true
2025-01-30 18:29:46,593 INFO c.h.h.t.HelmChartContainer - [test-hivemq-legacy-platform] [hivemq] [40472b67] + TARGET_DIR=/opt/hivemq/extensions/hivemq-enterprise-security-extension
2025-01-30 18:29:46,593 INFO c.h.h.t.HelmChartContainer - [test-hivemq-legacy-platform] [hivemq] [40472b67] ++ mktemp -d
2025-01-30 18:29:46,593 INFO c.h.h.t.HelmChartContainer - [test-hivemq-legacy-platform] [hivemq] [40472b67] + install_dir=/tmp/tmp.q0pn32XnLT
2025-01-30 18:29:46,593 INFO c.h.h.t.HelmChartContainer - [test-hivemq-legacy-platform] [hivemq] [40472b67] + set +e
2025-01-30 18:29:46,593 INFO c.h.h.t.HelmChartContainer - [test-hivemq-legacy-platform] [hivemq] [40472b67] + [[ -f /opt/hivemq/extensions/hivemq-enterprise-security-extension/DISABLED ]]
2025-01-30 18:29:46,593 INFO c.h.h.t.HelmChartContainer - [test-hivemq-legacy-platform] [hivemq] [40472b67] + was_enabled=0
2025-01-30 18:29:46,593 INFO c.h.h.t.HelmChartContainer - [test-hivemq-legacy-platform] [hivemq] [40472b67] + set -e
2025-01-30 18:29:46,593 INFO c.h.h.t.HelmChartContainer - [test-hivemq-legacy-platform] [hivemq] [40472b67] + [[ preinstalled != \p\r\e\i\n\s\t\a\l\l\e\d ]]
2025-01-30 18:29:46,593 INFO c.h.h.t.HelmChartContainer - [test-hivemq-legacy-platform] [hivemq] [40472b67] + [[ true == \f\a\l\s\e ]]
2025-01-30 18:29:46,593 INFO c.h.h.t.HelmChartContainer - [test-hivemq-legacy-platform] [hivemq] [40472b67] + [[ -f /opt/hivemq/extensions/hivemq-enterprise-security-extension/DISABLED ]]
2025-01-30 18:29:46,593 INFO c.h.h.t.HelmChartContainer - [test-hivemq-legacy-platform] [hivemq] [40472b67] + rm -f /opt/hivemq/extensions/hivemq-enterprise-security-extension/DISABLED
2025-01-30 18:29:46,593 INFO c.h.h.t.HelmChartContainer - [test-hivemq-legacy-platform] [hivemq] [40472b67] + was_enabled=0
2025-01-30 18:29:46,593 INFO c.h.h.t.HelmChartContainer - [test-hivemq-legacy-platform] [hivemq] [40472b67] + [[ preinstalled != \p\r\e\i\n\s\t\a\l\l\e\d ]]
2025-01-30 18:29:46,593 INFO c.h.h.t.HelmChartContainer - [test-hivemq-legacy-platform] [hivemq] [40472b67] + /opt/hivemq/bin/run_initialization.sh hivemq-enterprise-security-extension
2025-01-30 18:29:46,593 INFO c.h.h.t.HelmChartContainer - [test-hivemq-legacy-platform] [hivemq] [40472b67] + EXTENSION_NAME=hivemq-enterprise-security-extension
2025-01-30 18:29:46,593 INFO c.h.h.t.HelmChartContainer - [test-hivemq-legacy-platform] [hivemq] [40472b67] + TARGET_DIR=/opt/hivemq/extensions/hivemq-enterprise-security-extension
2025-01-30 18:29:46,593 INFO c.h.h.t.HelmChartContainer - [test-hivemq-legacy-platform] [hivemq] [40472b67] + cd /opt/hivemq/extensions/hivemq-enterprise-security-extension
2025-01-30 18:29:46,593 INFO c.h.h.t.HelmChartContainer - [test-hivemq-legacy-platform] [hivemq] [40472b67] + [[ -f init_tmp ]]
2025-01-30 18:29:46,593 INFO c.h.h.t.HelmChartContainer - [test-hivemq-legacy-platform] [hivemq] [40472b67] + [[ -f /etc/podinfo/init-extension-hivemq-enterprise-security-extension ]]
2025-01-30 18:29:46,593 INFO c.h.h.t.HelmChartContainer - [test-hivemq-legacy-platform] [hivemq] [40472b67] /conf-override/extensions/hivemq-enterprise-security-extension/:/opt/hivemq/extensions/hivemq-enterprise-security-extension
2025-01-30 18:29:46,593 INFO c.h.h.t.HelmChartContainer - [test-hivemq-legacy-platform] [hivemq] [40472b67] Disabling allow all extension
2025-01-30 18:29:46,593 INFO c.h.h.t.HelmChartContainer - [test-hivemq-legacy-platform] [hivemq] [40472b67] Enabling REST API in config.xml...
2025-01-30 18:29:46,593 INFO c.h.h.t.HelmChartContainer - [test-hivemq-legacy-platform] [hivemq] [40472b67] -------------------------------------------------------------------------
2025-01-30 18:29:46,593 INFO c.h.h.t.HelmChartContainer - [test-hivemq-legacy-platform] [hivemq] [40472b67] 
2025-01-30 18:29:46,593 INFO c.h.h.t.HelmChartContainer - [test-hivemq-legacy-platform] [hivemq] [40472b67]                   _    _  _              __  __   ____
2025-01-30 18:29:46,593 INFO c.h.h.t.HelmChartContainer - [test-hivemq-legacy-platform] [hivemq] [40472b67]                  | |  | |(_)            |  \/  | / __ \
2025-01-30 18:29:46,593 INFO c.h.h.t.HelmChartContainer - [test-hivemq-legacy-platform] [hivemq] [40472b67]                  | |__| | _ __   __ ___ | \  / || |  | |
2025-01-30 18:29:46,593 INFO c.h.h.t.HelmChartContainer - [test-hivemq-legacy-platform] [hivemq] [40472b67]                  |  __  || |\ \ / // _ \| |\/| || |  | |
2025-01-30 18:29:46,593 INFO c.h.h.t.HelmChartContainer - [test-hivemq-legacy-platform] [hivemq] [40472b67]                  | |  | || | \ V /|  __/| |  | || |__| |
2025-01-30 18:29:46,593 INFO c.h.h.t.HelmChartContainer - [test-hivemq-legacy-platform] [hivemq] [40472b67]                  |_|  |_||_|  \_/  \___||_|  |_| \___\_\
2025-01-30 18:29:46,593 INFO c.h.h.t.HelmChartContainer - [test-hivemq-legacy-platform] [hivemq] [40472b67] 
2025-01-30 18:29:46,593 INFO c.h.h.t.HelmChartContainer - [test-hivemq-legacy-platform] [hivemq] [40472b67] -------------------------------------------------------------------------
2025-01-30 18:29:46,593 INFO c.h.h.t.HelmChartContainer - [test-hivemq-legacy-platform] [hivemq] [40472b67] 
2025-01-30 18:29:46,593 INFO c.h.h.t.HelmChartContainer - [test-hivemq-legacy-platform] [hivemq] [40472b67]   HiveMQ Start Script for Linux/Unix v1.14
2025-01-30 18:29:46,593 INFO c.h.h.t.HelmChartContainer - [test-hivemq-legacy-platform] [hivemq] [40472b67] 
2025-01-30 18:29:46,593 INFO c.h.h.t.HelmChartContainer - [test-hivemq-legacy-platform] [hivemq] [40472b67] -------------------------------------------------------------------------
2025-01-30 18:29:46,593 INFO c.h.h.t.HelmChartContainer - [test-hivemq-legacy-platform] [hivemq] [40472b67] 
2025-01-30 18:29:46,593 INFO c.h.h.t.HelmChartContainer - [test-hivemq-legacy-platform] [hivemq] [40472b67]   HIVEMQ_HOME: /opt/hivemq
2025-01-30 18:29:46,593 INFO c.h.h.t.HelmChartContainer - [test-hivemq-legacy-platform] [hivemq] [40472b67] 
2025-01-30 18:29:46,593 INFO c.h.h.t.HelmChartContainer - [test-hivemq-legacy-platform] [hivemq] [40472b67]   JAVA_OPTS: -XX:+UnlockExperimentalVMOptions -XX:InitialRAMPercentage=40 -XX:MaxRAMPercentage=50 -XX:MinRAMPercentage=30 -Djava.net.preferIPv4Stack=true --add-opens java.base/java.lang=ALL-UNNAMED --add-opens java.base/java.nio=ALL-UNNAMED --add-opens java.base/sun.nio.ch=ALL-UNNAMED --add-opens jdk.management/com.sun.management.internal=ALL-UNNAMED --add-exports java.base/jdk.internal.misc=ALL-UNNAMED -Djava.security.egd=file:/dev/./urandom -Dcom.sun.management.jmxremote -Dcom.sun.management.jmxremote.port=9010 -Dcom.sun.management.jmxremote.local.only=false -Dcom.sun.management.jmxremote.authenticate=false -Dcom.sun.management.jmxremote.ssl=false -Duser.language=en -Duser.region=US -XX:+CrashOnOutOfMemoryError -XX:+HeapDumpOnOutOfMemoryError
2025-01-30 18:29:46,593 INFO c.h.h.t.HelmChartContainer - [test-hivemq-legacy-platform] [hivemq] [40472b67] 
2025-01-30 18:29:46,593 INFO c.h.h.t.HelmChartContainer - [test-hivemq-legacy-platform] [hivemq] [40472b67]   JAVA_VERSION: 21
2025-01-30 18:29:46,593 INFO c.h.h.t.HelmChartContainer - [test-hivemq-legacy-platform] [hivemq] [40472b67] 
2025-01-30 18:29:46,593 INFO c.h.h.t.HelmChartContainer - [test-hivemq-legacy-platform] [hivemq] [40472b67] -------------------------------------------------------------------------
2025-01-30 18:29:46,593 INFO c.h.h.t.HelmChartContainer - [test-hivemq-legacy-platform] [hivemq] [40472b67] 
2025-01-30 18:29:48,334 INFO c.h.h.t.HelmChartContainer - [test-hivemq-legacy-platform] [hivemq] [40472b67] INFO  - Starting HiveMQ Enterprise Server
2025-01-30 18:29:48,341 INFO c.h.h.t.HelmChartContainer - [test-hivemq-legacy-platform] [hivemq] [40472b67] INFO  - HiveMQ version: 4.36.0
2025-01-30 18:29:48,342 INFO c.h.h.t.HelmChartContainer - [test-hivemq-legacy-platform] [hivemq] [40472b67] INFO  - HiveMQ home directory: /opt/hivemq
2025-01-30 18:29:48,342 INFO c.h.h.t.HelmChartContainer - [test-hivemq-legacy-platform] [hivemq] [40472b67] INFO  - Log Configuration was overridden by /opt/hivemq/conf/logback.xml
2025-01-30 18:29:49,635 INFO c.h.h.t.HelmChartContainer - [test-hivemq-legacy-platform] [hivemq] [40472b67] INFO  - Successfully loaded configuration from '/opt/hivemq/conf/config.xml'.
2025-01-30 18:29:49,931 INFO c.h.h.t.HelmChartContainer - [test-hivemq-legacy-platform] [hivemq] [40472b67] INFO  - This node's ID is XOdfu
2025-01-30 18:29:49,931 INFO c.h.h.t.HelmChartContainer - [test-hivemq-legacy-platform] [hivemq] [40472b67] INFO  - Clustering is enabled
2025-01-30 18:29:52,834 INFO c.h.h.t.HelmChartContainer - [EVENT] Warning [Unhealthy] Readiness probe failed: Log statement not present (yet)
 [helmlegacystatefulsetmigrationit-operator:test-hivemq-legacy-platform-0]
2025-01-30 18:29:52,834 INFO c.h.h.t.HelmChartContainer - Received Unhealthy event for container hivemq in pod test-hivemq-legacy-platform-0 [40472b67-ce40-45aa-8faf-16e584ef204c]
2025-01-30 18:29:57,740 INFO c.h.h.t.HelmChartContainer - [EVENT] Warning [Unhealthy] Readiness probe failed: Log statement not present (yet)
 [helmlegacystatefulsetmigrationit-operator:test-hivemq-legacy-platform-0]
2025-01-30 18:29:57,741 INFO c.h.h.t.HelmChartContainer - Received Unhealthy event for container hivemq in pod test-hivemq-legacy-platform-0 [40472b67-ce40-45aa-8faf-16e584ef204c]
2025-01-30 18:30:01,334 INFO c.h.h.t.HelmChartContainer - [K3S] [range_allocator.go:247] "Successfully synced" key="b99e65a4204c"
2025-01-30 18:30:02,736 INFO c.h.h.t.HelmChartContainer - [EVENT] Warning [Unhealthy] Readiness probe failed: Log statement not present (yet)
 [helmlegacystatefulsetmigrationit-operator:test-hivemq-legacy-platform-0]
2025-01-30 18:30:02,737 INFO c.h.h.t.HelmChartContainer - Received Unhealthy event for container hivemq in pod test-hivemq-legacy-platform-0 [40472b67-ce40-45aa-8faf-16e584ef204c]
2025-01-30 18:30:02,906 INFO c.h.h.t.HelmChartContainer - [test-hivemq-legacy-platform] [hivemq] [40472b67] INFO  - No valid license file found. Using trial license, restricted to 25 connections.
2025-01-30 18:30:05,832 INFO c.h.h.t.HelmChartContainer - [test-hivemq-legacy-platform] [hivemq] [40472b67] INFO  - No valid license file for Data Hub found. Using free license, restricted to 1 policy.
2025-01-30 18:30:06,941 INFO c.h.h.t.HelmChartContainer - [test-hivemq-legacy-platform] [hivemq] [40472b67] INFO  - Audit Logger started.
2025-01-30 18:30:07,228 INFO c.h.h.t.HelmChartContainer - [test-hivemq-legacy-platform] [hivemq] [40472b67] INFO  - This node uses '1' CPU cores.
2025-01-30 18:30:07,638 INFO c.h.h.t.HelmChartContainer - [EVENT] Warning [Unhealthy] Readiness probe failed: Log statement not present (yet)
 [helmlegacystatefulsetmigrationit-operator:test-hivemq-legacy-platform-0]
2025-01-30 18:30:07,638 INFO c.h.h.t.HelmChartContainer - Received Unhealthy event for container hivemq in pod test-hivemq-legacy-platform-0 [40472b67-ce40-45aa-8faf-16e584ef204c]
2025-01-30 18:30:07,752 INFO c.h.h.t.HelmChartContainer - [test-hivemq-legacy-platform] [hivemq] [40472b67] INFO  - Starting HiveMQ extension system.
2025-01-30 18:30:10,734 INFO c.h.h.t.HelmChartContainer - [test-hivemq-legacy-platform] [hivemq] [40472b67] INFO  - No license found for enterprise extension with name "HiveMQ Enterprise Security Extension". Entering extension trial mode. "HiveMQ Enterprise Security Extension" will be disabled in 5 hours.
2025-01-30 18:30:10,936 INFO c.h.h.t.HelmChartContainer - [test-hivemq-legacy-platform] [hivemq] [40472b67] INFO  - Starting extension with id "hivemq-dns-cluster-discovery" at /opt/hivemq/extensions/hivemq-dns-cluster-discovery
2025-01-30 18:30:11,507 INFO c.h.h.t.HelmChartContainer - [test-hivemq-legacy-platform] [hivemq] [40472b67] INFO  - Extension "DNS Cluster Discovery Extension" version 4.3.3 started successfully.
2025-01-30 18:30:11,507 INFO c.h.h.t.HelmChartContainer - [test-hivemq-legacy-platform] [hivemq] [40472b67] INFO  - Starting extension with id "hivemq-enterprise-security-extension" at /opt/hivemq/extensions/hivemq-enterprise-security-extension
2025-01-30 18:30:11,536 INFO c.h.h.t.HelmChartContainer - [test-hivemq-legacy-platform] [hivemq] [40472b67] INFO  - Using TCP cluster transport on address 10.42.0.8 and port 7000
2025-01-30 18:30:11,632 INFO c.h.h.t.HelmChartContainer - [test-hivemq-legacy-platform] [hivemq] [40472b67] INFO  - Using extension cluster discovery
2025-01-30 18:30:12,739 INFO c.h.h.t.HelmChartContainer - [EVENT] Warning [Unhealthy] Readiness probe failed: Log statement not present (yet)
 [helmlegacystatefulsetmigrationit-operator:test-hivemq-legacy-platform-0]
2025-01-30 18:30:12,739 INFO c.h.h.t.HelmChartContainer - Received Unhealthy event for container hivemq in pod test-hivemq-legacy-platform-0 [40472b67-ce40-45aa-8faf-16e584ef204c]
2025-01-30 18:30:13,029 INFO c.h.h.t.HelmChartContainer - [test-hivemq-legacy-platform] [hivemq] [40472b67] WARN  - HiveMQ Enterprise Security Extension: The configuration file is placed at the legacy location '/opt/hivemq/extensions/hivemq-enterprise-security-extension/enterprise-security-extension.xml'. Please move the configuration file to the new location '/opt/hivemq/extensions/hivemq-enterprise-security-extension/conf/config.xml'. Support for the legacy location will be removed in a future release.
2025-01-30 18:30:13,132 INFO c.h.h.t.HelmChartContainer - [test-hivemq-legacy-platform] [hivemq] [40472b67] INFO  - HiveMQ Enterprise Security Extension: Successfully loaded configuration from '/opt/hivemq/extensions/hivemq-enterprise-security-extension/enterprise-security-extension.xml'.
2025-01-30 18:30:13,135 INFO c.h.h.t.HelmChartContainer - [test-hivemq-legacy-platform] [hivemq] [40472b67] INFO  - HiveMQ Enterprise Security Extension: Starting HiveMQ Enterprise Security Extension.
2025-01-30 18:30:13,333 INFO c.h.h.t.HelmChartContainer - [test-hivemq-legacy-platform] [hivemq] [40472b67] INFO  - HiveMQ Enterprise Security Extension: Access log is written to /opt/hivemq/log/access/access.log.
2025-01-30 18:30:13,540 INFO c.h.h.t.HelmChartContainer - [test-hivemq-legacy-platform] [hivemq] [40472b67] INFO  - HiveMQ Enterprise Security Extension: Started HiveMQ Enterprise Security Extension successfully in 2032ms.
2025-01-30 18:30:13,605 INFO c.h.h.t.HelmChartContainer - [test-hivemq-legacy-platform] [hivemq] [40472b67] INFO  - Extension "HiveMQ Enterprise Security Extension" version 4.36.0 started successfully.
2025-01-30 18:30:13,605 INFO c.h.h.t.HelmChartContainer - [test-hivemq-legacy-platform] [hivemq] [40472b67] INFO  - Starting extension with id "hivemq-k8s-sync-extension" at /opt/hivemq/extensions/hivemq-k8s-sync-extension
2025-01-30 18:30:13,815 INFO c.h.h.t.HelmChartContainer - [test-hivemq-legacy-platform] [hivemq] [40472b67] INFO  - Started HiveMQ Kubernetes State Synchronization Extension:1.0.3
2025-01-30 18:30:13,815 INFO c.h.h.t.HelmChartContainer - [test-hivemq-legacy-platform] [hivemq] [40472b67] INFO  - Extension "HiveMQ Kubernetes State Synchronization Extension" version 1.0.3 started successfully.
2025-01-30 18:30:13,816 INFO c.h.h.t.HelmChartContainer - [test-hivemq-legacy-platform] [hivemq] [40472b67] INFO  - Starting extension with id "hivemq-prometheus-extension" at /opt/hivemq/extensions/hivemq-prometheus-extension
2025-01-30 18:30:14,138 INFO c.h.h.t.HelmChartContainer - [test-hivemq-legacy-platform] [hivemq] [40472b67] INFO  - Started Jetty Server exposing Prometheus Servlet on URI http://0.0.0.0:9399/
2025-01-30 18:30:14,204 INFO c.h.h.t.HelmChartContainer - [test-hivemq-legacy-platform] [hivemq] [40472b67] INFO  - Extension "Prometheus Monitoring Extension" version 4.0.13 started successfully.
2025-01-30 18:30:14,728 INFO c.h.h.t.HelmChartContainer - [test-hivemq-legacy-platform] [hivemq] [40472b67] INFO  - XOdfu: no members discovered after 2402 ms: creating cluster as first member
2025-01-30 18:30:14,735 INFO c.h.h.t.HelmChartContainer - [test-hivemq-legacy-platform] [hivemq] [40472b67] INFO  - Cluster nodes found by discovery: [XOdfu|0] (1) [XOdfu].
2025-01-30 18:30:14,755 INFO c.h.h.t.HelmChartContainer - [test-hivemq-legacy-platform] [hivemq] [40472b67] INFO  - Starting HiveMQ REST API on address 0.0.0.0 and port 8888
2025-01-30 18:30:15,838 INFO c.h.h.t.HelmChartContainer - [test-hivemq-legacy-platform] [hivemq] [40472b67] INFO  - Started HiveMQ REST API in 1081ms
2025-01-30 18:30:15,838 INFO c.h.h.t.HelmChartContainer - [test-hivemq-legacy-platform] [hivemq] [40472b67] WARN  - No user for HiveMQ Control Center configured. Starting with default user
2025-01-30 18:30:15,838 INFO c.h.h.t.HelmChartContainer - [test-hivemq-legacy-platform] [hivemq] [40472b67] INFO  - Starting HiveMQ Control Center on address 0.0.0.0 and port 8080
2025-01-30 18:30:15,848 INFO c.h.h.t.HelmChartContainer - [test-hivemq-legacy-platform] [hivemq] [40472b67] INFO  - Mounting HiveMQ Control Center V2 Preview
2025-01-30 18:30:16,528 INFO c.h.h.t.HelmChartContainer - [test-hivemq-legacy-platform] [hivemq] [40472b67] INFO  - Started HiveMQ Control Center in 691ms
2025-01-30 18:30:16,545 INFO c.h.h.t.HelmChartContainer - [test-hivemq-legacy-platform] [hivemq] [40472b67] INFO  - Starting TCP listener on address 0.0.0.0 and port 1883
2025-01-30 18:30:16,636 INFO c.h.h.t.HelmChartContainer - [test-hivemq-legacy-platform] [hivemq] [40472b67] INFO  - Started TCP Listener on address 0.0.0.0 and on port 1883.
2025-01-30 18:30:16,637 INFO c.h.h.t.HelmChartContainer - [test-hivemq-legacy-platform] [hivemq] [40472b67] INFO  - Started HiveMQ in 28709ms
2025-01-30 18:30:17,626 INFO c.h.h.t.HelmChartContainer - [POD] test-hivemq-legacy-platform-0 [40472b67-ce40-45aa-8faf-16e584ef204c] in helmlegacystatefulsetmigrationit-operator was MODIFIED
2025-01-30 18:30:17,813 DEBUG com.hivemq.helmcharts.util.K8sUtil - Comparing actual state 'Updating' and waiting for 'Running'
2025-01-30 18:30:17,904 DEBUG com.hivemq.helmcharts.util.K8sUtil - Comparing actual state 'Running' and waiting for 'Running'
2025-01-30 18:30:18,001 INFO c.h.h.t.HelmChartContainer - [test-hivemq-legacy-platform] [operator] [e35bfde7] ?[36m18:30:17.995?[0;39m ?[1;30m[pool-3-thread-2]?[0;39m ?[31mWARN ?[0;39m ?[35mc.h.operations.MonitoringOperable?[0;39m - Prometheus Operator ServiceMonitor CRD not found with v1 api, will try with v1beta1
2025-01-30 18:30:18,002 INFO c.h.h.t.HelmChartContainer - [test-hivemq-legacy-platform] [operator] [e35bfde7] ?[36m18:30:17.998?[0;39m ?[1;30m[pool-3-thread-2]?[0;39m ?[31mWARN ?[0;39m ?[35mc.h.operations.MonitoringOperable?[0;39m - Prometheus Operator Prometheus CRD (prometheuses.monitoring.coreos.com) not found with v1beta1 api, can not auto-integrate with Prometheus using ServiceMonitor resource.
2025-01-30 18:30:18,002 INFO c.h.h.t.HelmChartContainer - [test-hivemq-legacy-platform] [operator] [e35bfde7] ?[36m18:30:17.999?[0;39m ?[1;30m[pool-3-thread-2]?[0;39m ?[34mINFO ?[0;39m ?[35mcom.hivemq.Operator?[0;39m - State synchronization complete for cluster 'test-hivemq-legacy-platform' in namespace 'helmlegacystatefulsetmigrationit-operator' in 57491ms
2025-01-30 18:30:18,012 INFO c.h.h.util.ControlCenterUtil - Log into CC on hivemq-test-hivemq-legacy-platform-cc:8080 (username: admin) (password: hivemq) (TLS: false)
2025-01-30 18:30:18,063 INFO c.h.h.t.HelmChartContainer - [K3S] [wrap.go:53] "Timeout or abort while handling" method="GET" URI="/apis/hivemq.com/v1/namespaces/helmlegacystatefulsetmigrationit-operator/hivemq-clusters/test-hivemq-legacy-platform" auditID="5b51256a-9ce3-4dc4-9c59-29856444168e"
2025-01-30 18:30:18,064 INFO c.h.h.t.HelmChartContainer - [K3S] [writers.go:123] "Unhandled Error" err="apiserver was unable to write a JSON response: http2: stream closed"
2025-01-30 18:30:18,065 INFO c.h.h.t.HelmChartContainer - [K3S] [status.go:71] "Unhandled Error" err="apiserver received an error that is not an metav1.Status: &errors.errorString{s:\"http2: stream closed\"}: http2: stream closed"
2025-01-30 18:30:18,067 INFO c.h.h.t.HelmChartContainer - [K3S] [writers.go:136] "Unhandled Error" err="apiserver was unable to write a fallback JSON response: http: Handler timeout"
2025-01-30 18:30:18,068 INFO c.h.h.t.HelmChartContainer - [K3S] [timeout.go:140] "Post-timeout activity" timeElapsed="5.81783ms" method="GET" path="/apis/hivemq.com/v1/namespaces/helmlegacystatefulsetmigrationit-operator/hivemq-clusters/test-hivemq-legacy-platform" result=null
2025-01-30 18:30:18,168 INFO c.h.h.t.HelmChartContainer - [test-hivemq-legacy-platform] [operator] [e35bfde7] ?[36m18:30:18.166?[0;39m ?[1;30m[pool-3-thread-9]?[0;39m ?[31mWARN ?[0;39m ?[35mc.h.operations.MonitoringOperable?[0;39m - Prometheus Operator ServiceMonitor CRD not found with v1 api, will try with v1beta1
2025-01-30 18:30:18,170 INFO c.h.h.t.HelmChartContainer - [test-hivemq-legacy-platform] [operator] [e35bfde7] ?[36m18:30:18.169?[0;39m ?[1;30m[pool-3-thread-9]?[0;39m ?[31mWARN ?[0;39m ?[35mc.h.operations.MonitoringOperable?[0;39m - Prometheus Operator Prometheus CRD (prometheuses.monitoring.coreos.com) not found with v1beta1 api, can not auto-integrate with Prometheus using ServiceMonitor resource.
2025-01-30 18:30:18,171 INFO c.h.h.t.HelmChartContainer - [test-hivemq-legacy-platform] [operator] [e35bfde7] ?[36m18:30:18.169?[0;39m ?[1;30m[pool-3-thread-9]?[0;39m ?[34mINFO ?[0;39m ?[35mcom.hivemq.Operator?[0;39m - State synchronization complete for cluster 'test-hivemq-legacy-platform' in namespace 'helmlegacystatefulsetmigrationit-operator' in 55666ms
2025-01-30 18:30:21,663 INFO c.h.h.util.ControlCenterUtil - Login attempt 1 was successful
2025-01-30 18:30:21,665 INFO com.hivemq.helmcharts.util.MqttUtil - Publishing retained messages to 30 topics...
2025-01-30 18:30:23,440 INFO com.hivemq.helmcharts.util.MqttUtil - Published retained messages to topics (1774 ms): [scjklkcytkwqtnn, ceolplxctkhoosa, ucbiozwavxmaytf, wivvbrxpoulazes, rexkophzhdvcpmp, pbejmzjuwusfoaa, miuytbgrwwusqtn, wdrqfuqgagytnkt, fhzwdiyxjhdgauf, anjbponkopkkpyd, srmoqlhteinhpuk, coikbbvlbexhiwh, rnbzdgeahqcjaam, avkhzgehzcsflbl, fvdeshvuhvehmez, fvjdvqmndhunump, iaurmkkdtrnamtb, qtdoruvxmhbpzus, ojcvdzjiocxfrkb, eeycbjmbndvbrtc, evjhdbsfbuyopru, nagaduomwdfsaiu, atxxsbcqslnpcop, jknpjavrhdznddo, gvqdkrksutzmnlp, peyubcbwoelbivs, zrevlgaunqcknug, hjhksemeybvfmek, qesrqbpsumxadwa, fatddyexivasojg]
2025-01-30 18:30:23,441 INFO c.hivemq.helmcharts.util.RestAPIUtil - Checking authorization for REST API on hivemq-test-hivemq-legacy-platform-api:8888 (username: user) (password: password) (endpoint path: /api/v1/mqtt/clients)
2025-01-30 18:30:24,565 INFO c.h.helmcharts.util.MonitoringUtil - Asserting Prometheus publishes metrics...
2025-01-30 18:30:25,364 INFO c.h.helmcharts.util.MonitoringUtil - Asserted publishes metrics (799 ms)
2025-01-30 18:30:25,426 INFO c.h.h.t.HelmChartContainer - [EVENT] Normal [ScalingReplicaSet] Scaled down replica set test-hivemq-legacy-platform-hivemq-operator-operator-56c5b9f7b7 from 1 to 0 [helmlegacystatefulsetmigrationit-operator:test-hivemq-legacy-platform-hivemq-operator-operator]
2025-01-30 18:30:25,430 INFO c.h.h.t.HelmChartContainer - [POD] test-hivemq-legacy-platform-hivemq-operator-operator-56c5bxnd4r [e35bfde7-35e3-41f4-aa55-8f4242fc6f73] in helmlegacystatefulsetmigrationit-operator was MODIFIED
2025-01-30 18:30:25,431 INFO c.h.h.t.HelmChartContainer - [EVENT] Normal [SuccessfulDelete] Deleted pod: test-hivemq-legacy-platform-hivemq-operator-operator-56c5bxnd4r [helmlegacystatefulsetmigrationit-operator:test-hivemq-legacy-platform-hivemq-operator-operator-56c5b9f7b7]
2025-01-30 18:30:25,444 INFO c.h.h.t.HelmChartContainer - [K3S] [replica_set.go:679] "Finished syncing" kind="ReplicaSet" key="helmlegacystatefulsetmigrationit-operator/test-hivemq-legacy-platform-hivemq-operator-operator-56c5b9f7b7" duration="18.356983ms"
2025-01-30 18:30:25,444 INFO c.h.h.t.HelmChartContainer - [EVENT] Normal [Killing] Stopping container operator [helmlegacystatefulsetmigrationit-operator:test-hivemq-legacy-platform-hivemq-operator-operator-56c5bxnd4r]
2025-01-30 18:30:25,444 INFO c.h.h.t.HelmChartContainer - Received Killing event for container operator in pod test-hivemq-legacy-platform-hivemq-operator-operator-56c5bxnd4r [e35bfde7-35e3-41f4-aa55-8f4242fc6f73]
2025-01-30 18:30:25,444 INFO c.h.h.t.HelmChartContainer - Container [test-hivemq-legacy-platform-hivemq-operator-operator-56c5bxnd4r] [operator] [e35bfde7-35e3-41f4-aa55-8f4242fc6f73] was terminated
2025-01-30 18:30:25,447 INFO c.h.h.t.HelmChartContainer - [test-hivemq-legacy-platform] [operator] [e35bfde7] ?[36m18:30:25.441?[0;39m ?[1;30m[Thread-0]?[0;39m ?[34mINFO ?[0;39m ?[35mio.micronaut.runtime.Micronaut?[0;39m - Embedded Application shutting down
2025-01-30 18:30:25,447 INFO c.h.h.t.HelmChartContainer - Stopped log watcher for operator in pod test-hivemq-legacy-platform-hivemq-operator-operator-56c5bxnd4r [e35bfde7-35e3-41f4-aa55-8f4242fc6f73]
2025-01-30 18:30:25,456 INFO c.h.h.t.HelmChartContainer - [K3S] [replica_set.go:679] "Finished syncing" kind="ReplicaSet" key="helmlegacystatefulsetmigrationit-operator/test-hivemq-legacy-platform-hivemq-operator-operator-56c5b9f7b7" duration="19.87572ms"
2025-01-30 18:30:25,477 INFO c.h.h.t.HelmChartContainer - [K3S] [replica_set.go:679] "Finished syncing" kind="ReplicaSet" key="helmlegacystatefulsetmigrationit-operator/test-hivemq-legacy-platform-hivemq-operator-operator-56c5b9f7b7" duration="23.250371ms"
2025-01-30 18:30:25,478 INFO c.h.h.t.HelmChartContainer - [K3S] [replica_set.go:679] "Finished syncing" kind="ReplicaSet" key="helmlegacystatefulsetmigrationit-operator/test-hivemq-legacy-platform-hivemq-operator-operator-56c5b9f7b7" duration="70.561µs"
2025-01-30 18:30:26,030 INFO c.h.h.t.HelmChartContainer - [K3S] [replica_set.go:679] "Finished syncing" kind="ReplicaSet" key="helmlegacystatefulsetmigrationit-operator/test-hivemq-legacy-platform-hivemq-operator-operator-56c5b9f7b7" duration="37.169µs"
2025-01-30 18:30:26,031 INFO c.h.h.t.HelmChartContainer - [POD] test-hivemq-legacy-platform-hivemq-operator-operator-56c5bxnd4r [e35bfde7-35e3-41f4-aa55-8f4242fc6f73] in helmlegacystatefulsetmigrationit-operator was MODIFIED
2025-01-30 18:30:26,098 INFO c.h.h.t.HelmChartContainer - [K3S] [reconciler_common.go:162] "operationExecutor.UnmountVolume started for volume \"kube-api-access-84zvq\" (UniqueName: \"kubernetes.io/projected/e35bfde7-35e3-41f4-aa55-8f4242fc6f73-kube-api-access-84zvq\") pod \"e35bfde7-35e3-41f4-aa55-8f4242fc6f73\" (UID: \"e35bfde7-35e3-41f4-aa55-8f4242fc6f73\") "
2025-01-30 18:30:26,099 INFO c.h.h.t.HelmChartContainer - [K3S] [reconciler_common.go:162] "operationExecutor.UnmountVolume started for volume \"templates\" (UniqueName: \"kubernetes.io/configmap/e35bfde7-35e3-41f4-aa55-8f4242fc6f73-templates\") pod \"e35bfde7-35e3-41f4-aa55-8f4242fc6f73\" (UID: \"e35bfde7-35e3-41f4-aa55-8f4242fc6f73\") "
2025-01-30 18:30:26,199 INFO c.h.h.t.HelmChartContainer - [K3S] [reconciler_common.go:299] "Volume detached for volume \"templates\" (UniqueName: \"kubernetes.io/configmap/e35bfde7-35e3-41f4-aa55-8f4242fc6f73-templates\") on node \"b99e65a4204c\" DevicePath \"\""
2025-01-30 18:30:26,199 INFO c.h.h.t.HelmChartContainer - [K3S] [reconciler_common.go:299] "Volume detached for volume \"kube-api-access-84zvq\" (UniqueName: \"kubernetes.io/projected/e35bfde7-35e3-41f4-aa55-8f4242fc6f73-kube-api-access-84zvq\") on node \"b99e65a4204c\" DevicePath \"\""
2025-01-30 18:30:26,634 INFO c.h.h.t.HelmChartContainer - [K3S] [scope.go:117] "RemoveContainer" containerID="af9068bddc79ecd07c2bda26c9163aa9cb8b8d0ef58efcdc675dfc310a1b36cc"
2025-01-30 18:30:26,637 INFO c.h.h.t.HelmChartContainer - [K3S] [scope.go:117] "RemoveContainer" containerID="af9068bddc79ecd07c2bda26c9163aa9cb8b8d0ef58efcdc675dfc310a1b36cc"
2025-01-30 18:30:26,647 INFO c.h.h.t.HelmChartContainer - [K3S] [replica_set.go:679] "Finished syncing" kind="ReplicaSet" key="helmlegacystatefulsetmigrationit-operator/test-hivemq-legacy-platform-hivemq-operator-operator-56c5b9f7b7" duration="40.906µs"
2025-01-30 18:30:26,649 INFO c.h.h.t.HelmChartContainer - [POD] test-hivemq-legacy-platform-hivemq-operator-operator-56c5bxnd4r [e35bfde7-35e3-41f4-aa55-8f4242fc6f73] in helmlegacystatefulsetmigrationit-operator was MODIFIED
2025-01-30 18:30:26,650 INFO c.h.h.t.HelmChartContainer - [K3S] [replica_set.go:679] "Finished syncing" kind="ReplicaSet" key="helmlegacystatefulsetmigrationit-operator/test-hivemq-legacy-platform-hivemq-operator-operator-56c5b9f7b7" duration="30.997µs"
2025-01-30 18:30:26,650 INFO c.h.h.t.HelmChartContainer - [POD] test-hivemq-legacy-platform-hivemq-operator-operator-56c5bxnd4r [e35bfde7-35e3-41f4-aa55-8f4242fc6f73] in helmlegacystatefulsetmigrationit-operator was DELETED
2025-01-30 18:30:26,774 INFO c.h.h.t.HelmChartContainer - [EVENT] Normal [ScalingReplicaSet] Scaled up replica set test-hivemq-legacy-platform-hivemq-operator-operator-56c5b9f7b7 from 0 to 1 [helmlegacystatefulsetmigrationit-operator:test-hivemq-legacy-platform-hivemq-operator-operator]
2025-01-30 18:30:26,775 INFO c.h.h.t.HelmChartContainer - [EVENT] Normal [SuccessfulCreate] Created pod: test-hivemq-legacy-platform-hivemq-operator-operator-56c5b7k6ch [helmlegacystatefulsetmigrationit-operator:test-hivemq-legacy-platform-hivemq-operator-operator-56c5b9f7b7]
2025-01-30 18:30:26,780 INFO c.h.h.t.HelmChartContainer - [K3S] [memory_manager.go:355] "RemoveStaleState removing state" podUID="e35bfde7-35e3-41f4-aa55-8f4242fc6f73" containerName="operator"
2025-01-30 18:30:26,785 INFO c.h.h.t.HelmChartContainer - [POD] test-hivemq-legacy-platform-hivemq-operator-operator-56c5b7k6ch [11210e4b-9f5f-44e7-8877-43ff20a62a22] in helmlegacystatefulsetmigrationit-operator was ADDED
2025-01-30 18:30:26,785 INFO c.h.h.t.HelmChartContainer - [POD] test-hivemq-legacy-platform-hivemq-operator-operator-56c5b7k6ch [11210e4b-9f5f-44e7-8877-43ff20a62a22] in helmlegacystatefulsetmigrationit-operator was MODIFIED
2025-01-30 18:30:26,789 INFO c.h.h.t.HelmChartContainer - [K3S] [replica_set.go:679] "Finished syncing" kind="ReplicaSet" key="helmlegacystatefulsetmigrationit-operator/test-hivemq-legacy-platform-hivemq-operator-operator-56c5b9f7b7" duration="27.342335ms"
2025-01-30 18:30:26,791 INFO c.h.h.t.HelmChartContainer - [POD] test-hivemq-legacy-platform-hivemq-operator-operator-56c5b7k6ch [11210e4b-9f5f-44e7-8877-43ff20a62a22] in helmlegacystatefulsetmigrationit-operator was MODIFIED
2025-01-30 18:30:26,794 INFO c.h.h.t.HelmChartContainer - [EVENT] Normal [Scheduled] Successfully assigned helmlegacystatefulsetmigrationit-operator/test-hivemq-legacy-platform-hivemq-operator-operator-56c5b7k6ch to b99e65a4204c [helmlegacystatefulsetmigrationit-operator:test-hivemq-legacy-platform-hivemq-operator-operator-56c5b7k6ch]
2025-01-30 18:30:26,801 INFO c.h.h.t.HelmChartContainer - [K3S] [replica_set.go:679] "Finished syncing" kind="ReplicaSet" key="helmlegacystatefulsetmigrationit-operator/test-hivemq-legacy-platform-hivemq-operator-operator-56c5b9f7b7" duration="13.142022ms"
2025-01-30 18:30:26,802 INFO c.h.h.t.HelmChartContainer - [K3S] [replica_set.go:679] "Finished syncing" kind="ReplicaSet" key="helmlegacystatefulsetmigrationit-operator/test-hivemq-legacy-platform-hivemq-operator-operator-56c5b9f7b7" duration="38.491µs"
2025-01-30 18:30:26,817 ERROR i.f.k.c.d.i.AbstractWatchManager - Unhandled exception encountered in watcher event handler
java.util.concurrent.RejectedExecutionException: null
	at io.fabric8.kubernetes.client.utils.internal.SerialExecutor.execute(SerialExecutor.java:47)
	at io.fabric8.kubernetes.client.dsl.internal.AbstractWatchManager$SerialWatcher.eventReceived(AbstractWatchManager.java:70)
	at io.fabric8.kubernetes.client.dsl.internal.AbstractWatchManager.eventReceived(AbstractWatchManager.java:292)
	at io.fabric8.kubernetes.client.dsl.internal.AbstractWatchManager.onMessage(AbstractWatchManager.java:377)
	at io.fabric8.kubernetes.client.dsl.internal.WatcherWebSocketListener.onMessage(WatcherWebSocketListener.java:52)
	at io.fabric8.kubernetes.client.okhttp.OkHttpWebSocketImpl$1.onMessage(OkHttpWebSocketImpl.java:115)
	at okhttp3.internal.ws.RealWebSocket.onReadMessage(RealWebSocket.java:323)
	at okhttp3.internal.ws.WebSocketReader.readMessageFrame(WebSocketReader.java:219)
	at okhttp3.internal.ws.WebSocketReader.processNextFrame(WebSocketReader.java:105)
	at okhttp3.internal.ws.RealWebSocket.loopReader(RealWebSocket.java:274)
	at okhttp3.internal.ws.RealWebSocket$2.onResponse(RealWebSocket.java:214)
	at okhttp3.RealCall$AsyncCall.execute(RealCall.java:203)
	at okhttp3.internal.NamedRunnable.run(NamedRunnable.java:32)
	at java.base/java.util.concurrent.ThreadPoolExecutor.runWorker(ThreadPoolExecutor.java:1144)
	at java.base/java.util.concurrent.ThreadPoolExecutor$Worker.run(ThreadPoolExecutor.java:642)
	at java.base/java.lang.Thread.run(Thread.java:1583)
2025-01-30 18:30:26,905 INFO c.h.h.t.HelmChartContainer - [K3S] [reconciler_common.go:251] "operationExecutor.VerifyControllerAttachedVolume started for volume \"templates\" (UniqueName: \"kubernetes.io/configmap/11210e4b-9f5f-44e7-8877-43ff20a62a22-templates\") pod \"test-hivemq-legacy-platform-hivemq-operator-operator-56c5b7k6ch\" (UID: \"11210e4b-9f5f-44e7-8877-43ff20a62a22\") " pod="helmlegacystatefulsetmigrationit-operator/test-hivemq-legacy-platform-hivemq-operator-operator-56c5b7k6ch"
2025-01-30 18:30:26,906 INFO c.h.h.t.HelmChartContainer - [K3S] [reconciler_common.go:251] "operationExecutor.VerifyControllerAttachedVolume started for volume \"kube-api-access-4hl2z\" (UniqueName: \"kubernetes.io/projected/11210e4b-9f5f-44e7-8877-43ff20a62a22-kube-api-access-4hl2z\") pod \"test-hivemq-legacy-platform-hivemq-operator-operator-56c5b7k6ch\" (UID: \"11210e4b-9f5f-44e7-8877-43ff20a62a22\") " pod="helmlegacystatefulsetmigrationit-operator/test-hivemq-legacy-platform-hivemq-operator-operator-56c5b7k6ch"
2025-01-30 18:30:27,037 DEBUG c.h.h.t.HelmChartContainer - Executing helm command: /bin/helm --kubeconfig /etc/rancher/k3s/k3s.yaml install test-hivemq-legacy-platform /charts/hivemq-platform --wait --timeout 5m0s --set image.repository=docker.io/hivemq --set image.tag=4.36.0 --set image.pullPolicy=Never --set nodes.resources.cpu=512m -f /files/migration-platform-stateful-set-values.yaml --namespace helmlegacystatefulsetmigrationit-operator
2025-01-30 18:30:27,177 INFO c.h.h.t.HelmChartContainer - [EVENT] Normal [Pulled] Container image "hivemq/hivemq-operator:4.7.10" already present on machine [helmlegacystatefulsetmigrationit-operator:test-hivemq-legacy-platform-hivemq-operator-operator-56c5b7k6ch]
2025-01-30 18:30:27,177 INFO c.h.h.t.HelmChartContainer - Received Pulled event for container operator in pod test-hivemq-legacy-platform-hivemq-operator-operator-56c5b7k6ch [11210e4b-9f5f-44e7-8877-43ff20a62a22]
2025-01-30 18:30:27,199 INFO c.h.h.t.HelmChartContainer - [EVENT] Normal [Created] Created container: operator [helmlegacystatefulsetmigrationit-operator:test-hivemq-legacy-platform-hivemq-operator-operator-56c5b7k6ch]
2025-01-30 18:30:27,199 INFO c.h.h.t.HelmChartContainer - Received Created event for container operator in pod test-hivemq-legacy-platform-hivemq-operator-operator-56c5b7k6ch [11210e4b-9f5f-44e7-8877-43ff20a62a22]
2025-01-30 18:30:27,379 INFO c.h.h.t.HelmChartContainer - [hivemq-test-hivemq-platform] [hivemq-platform-operator] [e7767014] 18:30:27.377 [-2082509879-pool-1-thread-6] WARN  i.m.p.PrometheusMeterRegistry - The meter (MeterId{name='operator.sdk.events.received', tags=[tag(action=ADDED),tag(event=ResourceEvent),tag(group=hivemq.com),tag(kind=HiveMQPlatform),tag(name=test-hivemq-legacy-platform),tag(namespace=helmlegacystatefulsetmigrationit-operator),tag(scope=namespace),tag(version=v1)]}) registration has failed: Prometheus requires that all meters with the same name have the same set of tag keys. There is already an existing meter named 'operator.sdk.events.received' containing tag keys [event, group, kind, name, namespace, scope, version]. The meter you are attempting to register has keys [action, event, group, kind, name, namespace, scope, version]. Note that subsequent logs will be logged at debug level.
2025-01-30 18:30:27,411 INFO c.h.h.t.HelmChartContainer - [K3S] [kubelet_volumes.go:163] "Cleaned up orphaned pod volumes dir" podUID="e35bfde7-35e3-41f4-aa55-8f4242fc6f73" path="/var/lib/kubelet/pods/e35bfde7-35e3-41f4-aa55-8f4242fc6f73/volumes"
2025-01-30 18:30:27,651 INFO c.h.h.t.HelmChartContainer - [POD] test-hivemq-legacy-platform-hivemq-operator-operator-56c5b7k6ch [11210e4b-9f5f-44e7-8877-43ff20a62a22] in helmlegacystatefulsetmigrationit-operator was MODIFIED
2025-01-30 18:30:27,661 INFO c.h.h.t.HelmChartContainer - [K3S] [replica_set.go:679] "Finished syncing" kind="ReplicaSet" key="helmlegacystatefulsetmigrationit-operator/test-hivemq-legacy-platform-hivemq-operator-operator-56c5b9f7b7" duration="8.627771ms"
2025-01-30 18:30:27,662 INFO c.h.h.t.HelmChartContainer - [K3S] [replica_set.go:679] "Finished syncing" kind="ReplicaSet" key="helmlegacystatefulsetmigrationit-operator/test-hivemq-legacy-platform-hivemq-operator-operator-56c5b9f7b7" duration="43.762µs"
2025-01-30 18:30:27,666 INFO c.h.h.t.HelmChartContainer - [EVENT] Normal [Started] Started container operator [helmlegacystatefulsetmigrationit-operator:test-hivemq-legacy-platform-hivemq-operator-operator-56c5b7k6ch]
2025-01-30 18:30:27,666 INFO c.h.h.t.HelmChartContainer - Received Started event for container operator in pod test-hivemq-legacy-platform-hivemq-operator-operator-56c5b7k6ch [11210e4b-9f5f-44e7-8877-43ff20a62a22]
2025-01-30 18:30:27,668 INFO c.h.h.t.HelmChartContainer - Started log watcher for operator in pod test-hivemq-legacy-platform-hivemq-operator-operator-56c5b7k6ch [11210e4b-9f5f-44e7-8877-43ff20a62a22]
2025-01-30 18:30:27,668 INFO c.h.h.t.HelmChartContainer - [test-hivemq-legacy-platform] [operator] [11210e4b] Picked up JAVA_TOOL_OPTIONS: -XX:+UnlockExperimentalVMOptions -XX:InitialRAMPercentage=75 -XX:MaxRAMPercentage=75
2025-01-30 18:30:28,031 INFO c.h.h.t.HelmChartContainer - [hivemq-test-hivemq-platform] [hivemq-platform-operator] [e7767014] 18:30:28.029 [pool-6-thread-3] DEBUG c.h.p.o.dependants.PodInfoConfigMap - [helmlega] Desired PodInfo ConfigMap (2 extensions) (1 enabled)
2025-01-30 18:30:28,031 INFO c.h.h.t.HelmChartContainer - [hivemq-test-hivemq-platform] [hivemq-platform-operator] [e7767014] 18:30:28.029 [pool-6-thread-3] DEBUG c.h.p.o.dependants.PodInfoConfigMap - [helmlega] Desired PodInfo ConfigMap (metrics port: 9399) (metrics path: /)
2025-01-30 18:30:28,031 INFO c.h.h.t.HelmChartContainer - [hivemq-test-hivemq-platform] [hivemq-platform-operator] [e7767014] 18:30:28.029 [pool-6-thread-3] DEBUG c.h.p.o.dependants.PodInfoConfigMap - [helmlega] Desired PodInfo ConfigMap (extension state hash: 259316804)
2025-01-30 18:30:28,069 INFO c.h.h.t.HelmChartContainer - [hivemq-test-hivemq-platform] [hivemq-platform-operator] [e7767014] 18:30:28.066 [pool-6-thread-3] DEBUG c.h.p.o.dependants.PodInfoConfigMap - [helmlega] Create PodInfo ConfigMap
2025-01-30 18:30:28,170 INFO c.h.h.t.HelmChartContainer - [hivemq-test-hivemq-platform] [hivemq-platform-operator] [e7767014] 18:30:28.127 [pool-6-thread-5] DEBUG c.h.p.o.dependants.PodRoleResource - [helmlega] Create Role: Role(apiVersion=rbac.authorization.k8s.io/v1, kind=Role, metadata=ObjectMeta(annotations={meta.helm.sh/release-name=test-hivemq-legacy-platform, meta.helm.sh/release-namespace=helmlegacystatefulsetmigrationit-operator}, creationTimestamp=null, deletionGracePeriodSeconds=null, deletionTimestamp=null, finalizers=[], generateName=null, generation=null, labels={helm.sh/chart=hivemq-platform-0.2.32, app.kubernetes.io/managed-by=Helm, app.kubernetes.io/name=hivemq-platform, hivemq-platform=test-hivemq-legacy-platform, app.kubernetes.io/instance=test-hivemq-legacy-platform, app.kubernetes.io/version=4.36.0}, managedFields=[], name=hivemq-platform-role-test-hivemq-legacy-platform, namespace=helmlegacystatefulsetmigrationit-operator, ownerReferences=[OwnerReference(apiVersion=hivemq.com/v1, blockOwnerDeletion=null, controller=null, kind=HiveMQPlatform, name=test-hivemq-legacy-platform, uid=ce37efec-35d4-420e-981b-0271469d390c, additionalProperties={})], resourceVersion=null, selfLink=null, uid=null, additionalProperties={}), rules=[PolicyRule(apiGroups=[], nonResourceURLs=[], resourceNames=[], resources=[pods], verbs=[get, patch, update], additionalProperties={})], additionalProperties={})
2025-01-30 18:30:28,325 INFO c.h.h.t.HelmChartContainer - [hivemq-test-hivemq-platform] [hivemq-platform-operator] [e7767014] 18:30:28.324 [pool-6-thread-7] DEBUG c.h.p.o.d.PodServiceAccountResource - [helmlega] Desired PodServiceAccountResource (serviceAccountName: hivemq-platform-pod-test-hivemq-legacy-platform)
2025-01-30 18:30:28,327 INFO c.h.h.t.HelmChartContainer - [hivemq-test-hivemq-platform] [hivemq-platform-operator] [e7767014] 18:30:28.324 [pool-6-thread-7] DEBUG c.h.p.o.d.PodServiceAccountResource - [helmlega] Create ServiceAccount 'hivemq-platform-pod-test-hivemq-legacy-platform'
2025-01-30 18:30:28,473 INFO c.h.h.t.HelmChartContainer - [hivemq-test-hivemq-platform] [hivemq-platform-operator] [e7767014] 18:30:28.470 [pool-6-thread-9] DEBUG c.h.p.o.d.PodRoleBindingResource - [helmlega] Create RoleBinding: RoleBinding(apiVersion=rbac.authorization.k8s.io/v1, kind=RoleBinding, metadata=ObjectMeta(annotations={meta.helm.sh/release-name=test-hivemq-legacy-platform, meta.helm.sh/release-namespace=helmlegacystatefulsetmigrationit-operator}, creationTimestamp=null, deletionGracePeriodSeconds=null, deletionTimestamp=null, finalizers=[], generateName=null, generation=null, labels={helm.sh/chart=hivemq-platform-0.2.32, app.kubernetes.io/managed-by=Helm, app.kubernetes.io/name=hivemq-platform, hivemq-platform=test-hivemq-legacy-platform, app.kubernetes.io/instance=test-hivemq-legacy-platform, app.kubernetes.io/version=4.36.0}, managedFields=[], name=hivemq-platform-role-binding-test-hivemq-legacy-platform, namespace=helmlegacystatefulsetmigrationit-operator, ownerReferences=[OwnerReference(apiVersion=hivemq.com/v1, blockOwnerDeletion=null, controller=null, kind=HiveMQPlatform, name=test-hivemq-legacy-platform, uid=ce37efec-35d4-420e-981b-0271469d390c, additionalProperties={})], resourceVersion=null, selfLink=null, uid=null, additionalProperties={}), roleRef=RoleRef(apiGroup=rbac.authorization.k8s.io, kind=Role, name=hivemq-platform-role-test-hivemq-legacy-platform, additionalProperties={}), subjects=[Subject(apiGroup=null, kind=ServiceAccount, name=hivemq-platform-pod-test-hivemq-legacy-platform, namespace=helmlegacystatefulsetmigrationit-operator, additionalProperties={})], additionalProperties={})
2025-01-30 18:30:28,568 INFO c.h.h.t.HelmChartContainer - [hivemq-test-hivemq-platform] [hivemq-platform-operator] [e7767014] 18:30:28.566 [ReconcilerExecutor-hivemq-controller-55] INFO  c.h.p.o.HiveMQPlatformReconciler - [helmlega] Reconciling HiveMQ Platform 'test-hivemq-legacy-platform' in namespace 'helmlegacystatefulsetmigrationit-operator'
2025-01-30 18:30:28,568 INFO c.h.h.t.HelmChartContainer - [hivemq-test-hivemq-platform] [hivemq-platform-operator] [e7767014] 18:30:28.566 [ReconcilerExecutor-hivemq-controller-55] DEBUG c.h.p.o.HiveMQPlatformReconciler - [helmlega] Custom Resource Status CREATED - HiveMQ Platform was created (READY)
2025-01-30 18:30:28,568 INFO c.h.h.t.HelmChartContainer - [hivemq-test-hivemq-platform] [hivemq-platform-operator] [e7767014] 18:30:28.566 [ReconcilerExecutor-hivemq-controller-55] DEBUG c.h.p.o.HiveMQPlatformReconciler - [helmlega] Custom Resource Spec (replicas: 1) (extensions: 2)
2025-01-30 18:30:28,573 INFO c.h.h.t.HelmChartContainer - [hivemq-test-hivemq-platform] [hivemq-platform-operator] [e7767014] 18:30:28.572 [ReconcilerExecutor-hivemq-controller-55] INFO  c.h.p.o.h.HiveMQPlatformReconcilerBaseHandler - [helmlega] HiveMQ Platform is migrating from a HiveMQ Operator with StatefulSet installation
2025-01-30 18:30:28,653 INFO c.h.h.t.HelmChartContainer - [test-hivemq-legacy-platform] [operator] [11210e4b]  __  __ _                                  _   
2025-01-30 18:30:28,653 INFO c.h.h.t.HelmChartContainer - [test-hivemq-legacy-platform] [operator] [11210e4b] |  \/  (_) ___ _ __ ___  _ __   __ _ _   _| |_ 
2025-01-30 18:30:28,653 INFO c.h.h.t.HelmChartContainer - [test-hivemq-legacy-platform] [operator] [11210e4b] | |\/| | |/ __| '__/ _ \| '_ \ / _` | | | | __|
2025-01-30 18:30:28,653 INFO c.h.h.t.HelmChartContainer - [test-hivemq-legacy-platform] [operator] [11210e4b] | |  | | | (__| | | (_) | | | | (_| | |_| | |_ 
2025-01-30 18:30:28,653 INFO c.h.h.t.HelmChartContainer - [test-hivemq-legacy-platform] [operator] [11210e4b] |_|  |_|_|\___|_|  \___/|_| |_|\__,_|\__,_|\__|
2025-01-30 18:30:28,681 INFO c.h.h.t.HelmChartContainer - [hivemq-test-hivemq-platform] [hivemq-platform-operator] [e7767014] 18:30:28.678 [ReconcilerExecutor-hivemq-controller-55] DEBUG c.h.p.operator.event.EventSender - [helmlega] Creating K8s event hivemq-platform-statefulset-migration-started: [StatefulSetMigration] HiveMQ Platform is starting a migration of a HiveMQ Cluster with StatefulSet
2025-01-30 18:30:28,721 INFO c.h.h.t.HelmChartContainer - [test-hivemq-legacy-platform] [operator] [11210e4b]   Micronaut (v3.5.2)
2025-01-30 18:30:28,721 INFO c.h.h.t.HelmChartContainer - [test-hivemq-legacy-platform] [operator] [11210e4b] 
2025-01-30 18:30:28,731 INFO c.h.h.t.HelmChartContainer - [EVENT] Normal [StatefulSetMigration] HiveMQ Platform is starting a migration of a HiveMQ Cluster with StatefulSet [helmlegacystatefulsetmigrationit-operator:test-hivemq-legacy-platform]
2025-01-30 18:30:28,769 INFO c.h.h.t.HelmChartContainer - [hivemq-test-hivemq-platform] [hivemq-platform-operator] [e7767014] 18:30:28.768 [ReconcilerExecutor-hivemq-controller-55] INFO  c.h.p.o.h.AbstractHiveMQReconcilerStateHandler - [helmlega] Update HiveMQ Platform Status (CREATED [READY] -> STATEFULSET_MIGRATION [STATEFULSET_MIGRATION_STARTING]): HiveMQ Platform is starting a migration of a HiveMQ Cluster with StatefulSet
2025-01-30 18:30:28,784 DEBUG com.hivemq.helmcharts.util.K8sUtil - Comparing actual state 'STATEFULSET_MIGRATION' and waiting for 'STATEFULSET_MIGRATION'
2025-01-30 18:30:28,798 DEBUG com.hivemq.helmcharts.util.K8sUtil - Comparing actual state 'STATEFULSET_MIGRATION' and waiting for 'ROLLING_RESTART'
2025-01-30 18:30:29,363 INFO c.h.h.t.HelmChartContainer - [K3S] [scope.go:117] "RemoveContainer" containerID="c10b3902d98394a344eb863fd80bd6d462e7198c9b0bc629ce6c63c72adeaadf"
2025-01-30 18:30:30,940 INFO c.h.h.t.HelmChartContainer - [test-hivemq-legacy-platform] [operator] [11210e4b] ?[36m18:30:30.937?[0;39m ?[1;30m[main]?[0;39m ?[34mINFO ?[0;39m ?[35mio.micronaut.runtime.Micronaut?[0;39m - Startup completed in 2292ms. Server Running: http://test-hivemq-legacy-platform-hivemq-operator-operator-56c5b7k6ch:8443
2025-01-30 18:30:32,058 INFO c.h.h.t.HelmChartContainer - [test-hivemq-legacy-platform] [operator] [11210e4b] ?[36m18:30:32.056?[0;39m ?[1;30m[main]?[0;39m ?[34mINFO ?[0;39m ?[35mcom.hivemq.Operator?[0;39m - Initializing HiveMQ operator
2025-01-30 18:30:33,129 INFO c.h.h.t.HelmChartContainer - [test-hivemq-legacy-platform] [operator] [11210e4b] ?[36m18:30:33.127?[0;39m ?[1;30m[main]?[0;39m ?[34mINFO ?[0;39m ?[35mcom.hivemq.Operator?[0;39m - Operating from namespace 'helmlegacystatefulsetmigrationit-operator'
2025-01-30 18:30:33,327 INFO c.h.h.t.HelmChartContainer - [test-hivemq-legacy-platform] [operator] [11210e4b] ?[36m18:30:33.325?[0;39m ?[1;30m[pool-3-thread-1]?[0;39m ?[34mINFO ?[0;39m ?[35mcom.hivemq.AbstractWatcher?[0;39m - CustomResource watcher running for kinds HiveMQCluster
2025-01-30 18:30:33,823 INFO c.h.h.t.HelmChartContainer - [test-hivemq-legacy-platform] [operator] [11210e4b] ?[36m18:30:33.822?[0;39m ?[1;30m[main]?[0;39m ?[34mINFO ?[0;39m ?[35mcom.hivemq.Operator?[0;39m - Operator started in 1765ms
2025-01-30 18:30:38,878 INFO c.h.h.t.HelmChartContainer - [hivemq-test-hivemq-platform] [hivemq-platform-operator] [e7767014] 18:30:38.877 [ReconcilerExecutor-hivemq-controller-67] INFO  c.h.p.o.HiveMQPlatformReconciler - [helmlega] Reconciling HiveMQ Platform 'test-hivemq-legacy-platform' in namespace 'helmlegacystatefulsetmigrationit-operator'
2025-01-30 18:30:38,878 INFO c.h.h.t.HelmChartContainer - [hivemq-test-hivemq-platform] [hivemq-platform-operator] [e7767014] 18:30:38.877 [ReconcilerExecutor-hivemq-controller-67] DEBUG c.h.p.o.HiveMQPlatformReconciler - [helmlega] Custom Resource Status STATEFULSET_MIGRATION - HiveMQ Platform is starting a migration of a HiveMQ Cluster with StatefulSet (STATEFULSET_MIGRATION_STARTING)
2025-01-30 18:30:38,878 INFO c.h.h.t.HelmChartContainer - [hivemq-test-hivemq-platform] [hivemq-platform-operator] [e7767014] 18:30:38.877 [ReconcilerExecutor-hivemq-controller-67] DEBUG c.h.p.o.HiveMQPlatformReconciler - [helmlega] Custom Resource Spec (replicas: 1) (extensions: 2)
2025-01-30 18:30:38,881 INFO c.h.h.t.HelmChartContainer - [hivemq-test-hivemq-platform] [hivemq-platform-operator] [e7767014] 18:30:38.879 [ReconcilerExecutor-hivemq-controller-67] INFO  c.h.p.o.h.HiveMQPlatformReconcilerMigrationHandler - [helmlega] Starting migration of HiveMQ Cluster test-hivemq-legacy-platform with StatefulSet
2025-01-30 18:30:39,070 INFO c.h.h.t.HelmChartContainer - [hivemq-test-hivemq-platform] [hivemq-platform-operator] [e7767014] 18:30:39.068 [ReconcilerExecutor-hivemq-controller-67] INFO  c.h.p.o.h.HiveMQPlatformReconcilerMigrationHandler - [helmlega] HiveMQ Cluster test-hivemq-legacy-platform with StatefulSet is ready for migration
2025-01-30 18:30:39,083 INFO c.h.h.t.HelmChartContainer - [hivemq-test-hivemq-platform] [hivemq-platform-operator] [e7767014] 18:30:39.082 [ReconcilerExecutor-hivemq-controller-67] DEBUG c.h.p.operator.event.EventSender - [helmlega] Creating K8s event hivemq-platform-statefulset-migration-in-progress: [StatefulSetMigration] HiveMQ Platform is migrating from a HiveMQ Cluster with StatefulSet
2025-01-30 18:30:39,087 INFO c.h.h.t.HelmChartContainer - [EVENT] Normal [StatefulSetMigration] HiveMQ Platform is migrating from a HiveMQ Cluster with StatefulSet [helmlegacystatefulsetmigrationit-operator:test-hivemq-legacy-platform]
2025-01-30 18:30:39,166 INFO c.h.h.t.HelmChartContainer - [hivemq-test-hivemq-platform] [hivemq-platform-operator] [e7767014] 18:30:39.165 [ReconcilerExecutor-hivemq-controller-67] INFO  c.h.p.o.h.AbstractHiveMQReconcilerStateHandler - [helmlega] Update HiveMQ Platform Status (STATEFULSET_MIGRATION [STATEFULSET_MIGRATION_STARTING] -> STATEFULSET_MIGRATION [STATEFULSET_MIGRATION_IN_PROGRESS]): HiveMQ Platform is migrating from a HiveMQ Cluster with StatefulSet
2025-01-30 18:30:39,177 DEBUG com.hivemq.helmcharts.util.K8sUtil - Comparing actual state 'STATEFULSET_MIGRATION' and waiting for 'ROLLING_RESTART'
2025-01-30 18:30:49,187 INFO c.h.h.t.HelmChartContainer - [hivemq-test-hivemq-platform] [hivemq-platform-operator] [e7767014] 18:30:49.186 [ReconcilerExecutor-hivemq-controller-78] INFO  c.h.p.o.HiveMQPlatformReconciler - [helmlega] Reconciling HiveMQ Platform 'test-hivemq-legacy-platform' in namespace 'helmlegacystatefulsetmigrationit-operator'
2025-01-30 18:30:49,188 INFO c.h.h.t.HelmChartContainer - [hivemq-test-hivemq-platform] [hivemq-platform-operator] [e7767014] 18:30:49.186 [ReconcilerExecutor-hivemq-controller-78] DEBUG c.h.p.o.HiveMQPlatformReconciler - [helmlega] Custom Resource Status STATEFULSET_MIGRATION - HiveMQ Platform is migrating from a HiveMQ Cluster with StatefulSet (STATEFULSET_MIGRATION_IN_PROGRESS)
2025-01-30 18:30:49,188 INFO c.h.h.t.HelmChartContainer - [hivemq-test-hivemq-platform] [hivemq-platform-operator] [e7767014] 18:30:49.186 [ReconcilerExecutor-hivemq-controller-78] DEBUG c.h.p.o.HiveMQPlatformReconciler - [helmlega] Custom Resource Spec (replicas: 1) (extensions: 2)
2025-01-30 18:30:49,199 INFO c.h.h.t.HelmChartContainer - [hivemq-test-hivemq-platform] [hivemq-platform-operator] [e7767014] 18:30:49.188 [ReconcilerExecutor-hivemq-controller-78] INFO  c.h.p.o.h.HiveMQPlatformReconcilerMigrationHandler - [helmlega] Migration of HiveMQ Cluster test-hivemq-legacy-platform with StatefulSet
2025-01-30 18:30:49,373 INFO c.h.h.t.HelmChartContainer - [hivemq-test-hivemq-platform] [hivemq-platform-operator] [e7767014] 18:30:49.371 [ReconcilerExecutor-hivemq-controller-78] DEBUG c.h.p.o.h.HiveMQPlatformReconcilerMigrationHandler - [helmlega] Successfully migrated StatefulSet 'test-hivemq-legacy-platform' (resourceVersion: 718 -> 763)
2025-01-30 18:30:49,491 INFO c.h.h.t.HelmChartContainer - [POD] test-hivemq-legacy-platform-0 [40472b67-ce40-45aa-8faf-16e584ef204c] in helmlegacystatefulsetmigrationit-operator was MODIFIED
2025-01-30 18:30:49,492 INFO c.h.h.t.HelmChartContainer - [hivemq-test-hivemq-platform] [hivemq-platform-operator] [e7767014] 18:30:49.488 [ReconcilerExecutor-hivemq-controller-78] DEBUG c.h.p.o.h.HiveMQPlatformReconcilerMigrationHandler - [helmlega] Successfully migrated Pod 'test-hivemq-legacy-platform-0' (resourceVersion: 674 -> 764)
2025-01-30 18:30:49,585 INFO c.h.h.t.HelmChartContainer - [hivemq-test-hivemq-platform] [hivemq-platform-operator] [e7767014] 18:30:49.575 [ReconcilerExecutor-hivemq-controller-78] DEBUG c.h.p.o.h.HiveMQPlatformReconcilerMigrationHandler - [helmlega] Successfully migrated Service 'hivemq-test-hivemq-legacy-platform-mqtt' (resourceVersion: 715 -> 765)
2025-01-30 18:30:49,667 INFO c.h.h.t.HelmChartContainer - [hivemq-test-hivemq-platform] [hivemq-platform-operator] [e7767014] 18:30:49.665 [ReconcilerExecutor-hivemq-controller-78] DEBUG c.h.p.o.h.HiveMQPlatformReconcilerMigrationHandler - [helmlega] Successfully migrated Service 'hivemq-test-hivemq-legacy-platform-cc' (resourceVersion: 714 -> 768)
2025-01-30 18:30:49,680 INFO c.h.h.t.HelmChartContainer - [hivemq-test-hivemq-platform] [hivemq-platform-operator] [e7767014] 18:30:49.678 [ReconcilerExecutor-hivemq-controller-78] DEBUG c.h.p.o.h.HiveMQPlatformReconcilerMigrationHandler - [helmlega] Successfully migrated Service 'hivemq-test-hivemq-legacy-platform-metrics' (resourceVersion: 713 -> 771)
2025-01-30 18:30:49,768 INFO c.h.h.t.HelmChartContainer - [hivemq-test-hivemq-platform] [hivemq-platform-operator] [e7767014] 18:30:49.766 [ReconcilerExecutor-hivemq-controller-78] DEBUG c.h.p.o.h.HiveMQPlatformReconcilerMigrationHandler - [helmlega] Successfully migrated Service 'hivemq-test-hivemq-legacy-platform-api' (resourceVersion: 717 -> 774)
2025-01-30 18:30:49,780 INFO c.h.h.t.HelmChartContainer - [hivemq-test-hivemq-platform] [hivemq-platform-operator] [e7767014] 18:30:49.775 [ReconcilerExecutor-hivemq-controller-78] DEBUG c.h.p.o.h.HiveMQPlatformReconcilerMigrationHandler - [helmlega] Successfully migrated Service 'hivemq-test-hivemq-legacy-platform-cluster' (resourceVersion: 716 -> 777)
2025-01-30 18:30:49,781 INFO c.h.h.t.HelmChartContainer - [hivemq-test-hivemq-platform] [hivemq-platform-operator] [e7767014] 18:30:49.775 [ReconcilerExecutor-hivemq-controller-78] INFO  c.h.p.o.h.HiveMQPlatformReconcilerMigrationHandler - [helmlega] Migration of HiveMQ Cluster test-hivemq-legacy-platform with StatefulSet was successful
2025-01-30 18:30:49,875 INFO c.h.h.t.HelmChartContainer - [hivemq-test-hivemq-platform] [hivemq-platform-operator] [e7767014] 18:30:49.874 [ReconcilerExecutor-hivemq-controller-78] DEBUG c.h.p.operator.event.EventSender - [helmlega] Creating K8s event hivemq-platform-statefulset-migration-validation: [StatefulSetMigration] HiveMQ Platform is validating a migration of a HiveMQ Cluster with StatefulSet
2025-01-30 18:30:49,881 INFO c.h.h.t.HelmChartContainer - [EVENT] Normal [StatefulSetMigration] HiveMQ Platform is validating a migration of a HiveMQ Cluster with StatefulSet [helmlegacystatefulsetmigrationit-operator:test-hivemq-legacy-platform]
2025-01-30 18:30:49,881 INFO c.h.h.t.HelmChartContainer - [hivemq-test-hivemq-platform] [hivemq-platform-operator] [e7767014] 18:30:49.879 [ReconcilerExecutor-hivemq-controller-78] INFO  c.h.p.o.h.AbstractHiveMQReconcilerStateHandler - [helmlega] Update HiveMQ Platform Status (STATEFULSET_MIGRATION [STATEFULSET_MIGRATION_IN_PROGRESS] -> STATEFULSET_MIGRATION [STATEFULSET_MIGRATION_VALIDATION]): HiveMQ Platform is validating a migration of a HiveMQ Cluster with StatefulSet
2025-01-30 18:30:49,890 DEBUG com.hivemq.helmcharts.util.K8sUtil - Comparing actual state 'STATEFULSET_MIGRATION' and waiting for 'ROLLING_RESTART'
2025-01-30 18:30:49,974 INFO c.h.h.t.HelmChartContainer - [hivemq-test-hivemq-platform] [hivemq-platform-operator] [e7767014] 18:30:49.973 [ReconcilerExecutor-hivemq-controller-90] INFO  c.h.p.o.HiveMQPlatformReconciler - [helmlega] Reconciling HiveMQ Platform 'test-hivemq-legacy-platform' in namespace 'helmlegacystatefulsetmigrationit-operator'
2025-01-30 18:30:49,974 INFO c.h.h.t.HelmChartContainer - [hivemq-test-hivemq-platform] [hivemq-platform-operator] [e7767014] 18:30:49.973 [ReconcilerExecutor-hivemq-controller-90] DEBUG c.h.p.o.HiveMQPlatformReconciler - [helmlega] Custom Resource Status STATEFULSET_MIGRATION - HiveMQ Platform is validating a migration of a HiveMQ Cluster with StatefulSet (STATEFULSET_MIGRATION_VALIDATION)
2025-01-30 18:30:49,974 INFO c.h.h.t.HelmChartContainer - [hivemq-test-hivemq-platform] [hivemq-platform-operator] [e7767014] 18:30:49.973 [ReconcilerExecutor-hivemq-controller-90] DEBUG c.h.p.o.HiveMQPlatformReconciler - [helmlega] Custom Resource Spec (replicas: 1) (extensions: 2)
2025-01-30 18:30:50,070 INFO c.h.h.t.HelmChartContainer - [hivemq-test-hivemq-platform] [hivemq-platform-operator] [e7767014] 18:30:50.067 [ReconcilerExecutor-hivemq-controller-90] DEBUG c.h.p.o.h.HiveMQPlatformReconcilerMigrationHandler - [helmlega] Validation of migrated StatefulSet 'test-hivemq-legacy-platform' of HiveMQ Platform 'test-hivemq-legacy-platform'
2025-01-30 18:30:50,074 INFO c.h.h.t.HelmChartContainer - [hivemq-test-hivemq-platform] [hivemq-platform-operator] [e7767014] 18:30:50.073 [ReconcilerExecutor-hivemq-controller-90] DEBUG c.h.p.o.h.HiveMQPlatformReconcilerMigrationHandler - [helmlega] Validation of migrated Pod 'test-hivemq-legacy-platform-0' of HiveMQ Platform 'test-hivemq-legacy-platform'
2025-01-30 18:30:50,079 INFO c.h.h.t.HelmChartContainer - [hivemq-test-hivemq-platform] [hivemq-platform-operator] [e7767014] 18:30:50.077 [ReconcilerExecutor-hivemq-controller-90] DEBUG c.h.p.o.h.HiveMQPlatformReconcilerMigrationHandler - [helmlega] Validation of migrated Service 'hivemq-test-hivemq-legacy-platform-mqtt' of HiveMQ Platform 'test-hivemq-legacy-platform'
2025-01-30 18:30:50,079 INFO c.h.h.t.HelmChartContainer - [hivemq-test-hivemq-platform] [hivemq-platform-operator] [e7767014] 18:30:50.078 [ReconcilerExecutor-hivemq-controller-90] DEBUG c.h.p.o.h.HiveMQPlatformReconcilerMigrationHandler - [helmlega] Validation of migrated Service 'hivemq-test-hivemq-legacy-platform-cc' of HiveMQ Platform 'test-hivemq-legacy-platform'
2025-01-30 18:30:50,079 INFO c.h.h.t.HelmChartContainer - [hivemq-test-hivemq-platform] [hivemq-platform-operator] [e7767014] 18:30:50.078 [ReconcilerExecutor-hivemq-controller-90] DEBUG c.h.p.o.h.HiveMQPlatformReconcilerMigrationHandler - [helmlega] Validation of migrated Service 'hivemq-test-hivemq-legacy-platform-cluster' of HiveMQ Platform 'test-hivemq-legacy-platform'
2025-01-30 18:30:50,079 INFO c.h.h.t.HelmChartContainer - [hivemq-test-hivemq-platform] [hivemq-platform-operator] [e7767014] 18:30:50.078 [ReconcilerExecutor-hivemq-controller-90] DEBUG c.h.p.o.h.HiveMQPlatformReconcilerMigrationHandler - [helmlega] Validation of migrated Service 'hivemq-test-hivemq-legacy-platform-metrics' of HiveMQ Platform 'test-hivemq-legacy-platform'
2025-01-30 18:30:50,079 INFO c.h.h.t.HelmChartContainer - [hivemq-test-hivemq-platform] [hivemq-platform-operator] [e7767014] 18:30:50.078 [ReconcilerExecutor-hivemq-controller-90] DEBUG c.h.p.o.h.HiveMQPlatformReconcilerMigrationHandler - [helmlega] Validation of migrated Service 'hivemq-test-hivemq-legacy-platform-api' of HiveMQ Platform 'test-hivemq-legacy-platform'
2025-01-30 18:30:50,079 INFO c.h.h.t.HelmChartContainer - [hivemq-test-hivemq-platform] [hivemq-platform-operator] [e7767014] 18:30:50.078 [ReconcilerExecutor-hivemq-controller-90] INFO  c.h.p.o.h.HiveMQPlatformReconcilerMigrationHandler - [helmlega] Migration of HiveMQ Cluster test-hivemq-legacy-platform with StatefulSet validated successfully
2025-01-30 18:30:50,177 INFO c.h.h.t.HelmChartContainer - [hivemq-test-hivemq-platform] [hivemq-platform-operator] [e7767014] 18:30:50.176 [ReconcilerExecutor-hivemq-controller-90] DEBUG c.h.p.operator.event.EventSender - [helmlega] Creating K8s event hivemq-platform-ready: [Ready] HiveMQ Platform is ready
2025-01-30 18:30:50,180 INFO c.h.h.t.HelmChartContainer - [EVENT] Normal [Ready] HiveMQ Platform is ready [helmlegacystatefulsetmigrationit-operator:test-hivemq-legacy-platform]
2025-01-30 18:30:50,181 INFO c.h.h.t.HelmChartContainer - [hivemq-test-hivemq-platform] [hivemq-platform-operator] [e7767014] 18:30:50.180 [ReconcilerExecutor-hivemq-controller-90] INFO  c.h.p.o.h.AbstractHiveMQReconcilerStateHandler - [helmlega] Update HiveMQ Platform Status (STATEFULSET_MIGRATION [STATEFULSET_MIGRATION_VALIDATION] -> RUNNING [READY]): HiveMQ Platform is ready
2025-01-30 18:30:50,189 DEBUG com.hivemq.helmcharts.util.K8sUtil - Comparing actual state 'RUNNING' and waiting for 'ROLLING_RESTART'
2025-01-30 18:31:00,199 INFO c.h.h.t.HelmChartContainer - [hivemq-test-hivemq-platform] [hivemq-platform-operator] [e7767014] 18:31:00.196 [pool-6-thread-42] DEBUG c.h.p.o.d.PlatformServiceResource - [helmlega] Desired Platform services (4 services)
2025-01-30 18:31:00,200 INFO c.h.h.t.HelmChartContainer - [hivemq-test-hivemq-platform] [hivemq-platform-operator] [e7767014] 18:31:00.198 [pool-6-thread-43] DEBUG c.h.p.o.dependants.PodInfoConfigMap - [helmlega] Desired PodInfo ConfigMap (2 extensions) (1 enabled)
2025-01-30 18:31:00,200 INFO c.h.h.t.HelmChartContainer - [hivemq-test-hivemq-platform] [hivemq-platform-operator] [e7767014] 18:31:00.198 [pool-6-thread-43] DEBUG c.h.p.o.dependants.PodInfoConfigMap - [helmlega] Desired PodInfo ConfigMap (metrics port: 9399) (metrics path: /)
2025-01-30 18:31:00,200 INFO c.h.h.t.HelmChartContainer - [hivemq-test-hivemq-platform] [hivemq-platform-operator] [e7767014] 18:31:00.198 [pool-6-thread-43] DEBUG c.h.p.o.dependants.PodInfoConfigMap - [helmlega] Desired PodInfo ConfigMap (extension state hash: 259316804)
2025-01-30 18:31:00,201 INFO c.h.h.t.HelmChartContainer - [hivemq-test-hivemq-platform] [hivemq-platform-operator] [e7767014] 18:31:00.200 [pool-6-thread-47] DEBUG c.h.p.o.d.PodServiceAccountResource - [helmlega] Desired PodServiceAccountResource (serviceAccountName: hivemq-platform-pod-test-hivemq-legacy-platform)
2025-01-30 18:31:00,210 INFO c.h.h.t.HelmChartContainer - [hivemq-test-hivemq-platform] [hivemq-platform-operator] [e7767014] 18:31:00.209 [pool-6-thread-43] DEBUG c.h.p.o.dependants.PodInfoConfigMap - [helmlega] Update PodInfo ConfigMap
2025-01-30 18:31:00,471 INFO c.h.h.t.HelmChartContainer - [hivemq-test-hivemq-platform] [hivemq-platform-operator] [e7767014] 18:31:00.470 [pool-6-thread-50] DEBUG c.h.p.o.d.StatefulSetResource - [helmlega] Actual selector match labels: {app=hivemq, hivemq-cluster=test-hivemq-legacy-platform}
2025-01-30 18:31:00,471 INFO c.h.h.t.HelmChartContainer - [hivemq-test-hivemq-platform] [hivemq-platform-operator] [e7767014] 18:31:00.470 [pool-6-thread-50] DEBUG c.h.p.o.d.StatefulSetResource - [helmlega] Target selector match labels: {hivemq-platform=test-hivemq-legacy-platform}
2025-01-30 18:31:00,471 INFO c.h.h.t.HelmChartContainer - [hivemq-test-hivemq-platform] [hivemq-platform-operator] [e7767014] 18:31:00.470 [pool-6-thread-50] INFO  c.h.p.o.d.StatefulSetResource - [helmlega] Detected change of immutable fields in StatefulSet specification, will re-create the StatefulSet
2025-01-30 18:31:00,479 INFO c.h.h.t.HelmChartContainer - [hivemq-test-hivemq-platform] [hivemq-platform-operator] [e7767014] 18:31:00.478 [pool-6-thread-50] INFO  c.h.p.o.d.StatefulSetResource - [helmlega] Fixing labels on Pod 'test-hivemq-legacy-platform-0'
2025-01-30 18:31:00,508 INFO c.h.h.t.HelmChartContainer - [POD] test-hivemq-legacy-platform-0 [40472b67-ce40-45aa-8faf-16e584ef204c] in helmlegacystatefulsetmigrationit-operator was MODIFIED
2025-01-30 18:31:00,614 INFO c.h.h.t.HelmChartContainer - [POD] test-hivemq-legacy-platform-0 [40472b67-ce40-45aa-8faf-16e584ef204c] in helmlegacystatefulsetmigrationit-operator was MODIFIED
2025-01-30 18:31:00,615 INFO c.h.h.t.HelmChartContainer - [K3S] [stateful_set.go:438] "Unhandled Error" err="error syncing StatefulSet helmlegacystatefulsetmigrationit-operator/test-hivemq-legacy-platform, requeuing: can't adopt ControllerRevisions: helmlegacystatefulsetmigrationit-operator/test-hivemq-legacy-platform has just been deleted at 2025-01-30 18:31:00 +0000 UTC"
2025-01-30 18:31:00,619 INFO c.h.h.t.HelmChartContainer - [K3S] [stateful_set.go:438] "Unhandled Error" err="error syncing StatefulSet helmlegacystatefulsetmigrationit-operator/test-hivemq-legacy-platform, requeuing: can't adopt ControllerRevisions: helmlegacystatefulsetmigrationit-operator/test-hivemq-legacy-platform has just been deleted at 2025-01-30 18:31:00 +0000 UTC"
2025-01-30 18:31:00,623 INFO c.h.h.t.HelmChartContainer - [K3S] [stateful_set.go:438] "Unhandled Error" err="error syncing StatefulSet helmlegacystatefulsetmigrationit-operator/test-hivemq-legacy-platform, requeuing: can't adopt ControllerRevisions: helmlegacystatefulsetmigrationit-operator/test-hivemq-legacy-platform has just been deleted at 2025-01-30 18:31:00 +0000 UTC"
2025-01-30 18:31:00,626 INFO c.h.h.t.HelmChartContainer - [K3S] [stateful_set.go:466] "StatefulSet has been deleted" key="helmlegacystatefulsetmigrationit-operator/test-hivemq-legacy-platform"
2025-01-30 18:31:00,632 INFO c.h.h.t.HelmChartContainer - [K3S] [stateful_set.go:466] "StatefulSet has been deleted" key="helmlegacystatefulsetmigrationit-operator/test-hivemq-legacy-platform"
2025-01-30 18:31:00,772 INFO c.h.h.t.HelmChartContainer - [hivemq-test-hivemq-platform] [hivemq-platform-operator] [e7767014] 18:31:00.771 [pool-6-thread-50] INFO  c.h.p.o.d.StatefulSetResource - [helmlega] StatefulSet needs to be re-created, stopping current reconciliation
2025-01-30 18:31:00,773 INFO c.h.h.t.HelmChartContainer - [hivemq-test-hivemq-platform] [hivemq-platform-operator] [e7767014] 18:31:00.771 [ReconcilerExecutor-hivemq-controller-101] INFO  c.h.p.o.HiveMQPlatformReconciler - [helmlega] Reconciling HiveMQ Platform 'test-hivemq-legacy-platform' in namespace 'helmlegacystatefulsetmigrationit-operator'
2025-01-30 18:31:00,773 INFO c.h.h.t.HelmChartContainer - [hivemq-test-hivemq-platform] [hivemq-platform-operator] [e7767014] 18:31:00.771 [ReconcilerExecutor-hivemq-controller-101] DEBUG c.h.p.o.HiveMQPlatformReconciler - [helmlega] Custom Resource Status RUNNING - HiveMQ Platform is ready (READY) (reconciliation requests: ROLLING_RESTART, REQUESTS_UPDATED)
2025-01-30 18:31:00,773 INFO c.h.h.t.HelmChartContainer - [hivemq-test-hivemq-platform] [hivemq-platform-operator] [e7767014] 18:31:00.771 [ReconcilerExecutor-hivemq-controller-101] DEBUG c.h.p.o.HiveMQPlatformReconciler - [helmlega] Custom Resource Spec (replicas: 1) (extensions: 2)
2025-01-30 18:31:00,775 INFO c.h.h.t.HelmChartContainer - [hivemq-test-hivemq-platform] [hivemq-platform-operator] [e7767014] 18:31:00.773 [ReconcilerExecutor-hivemq-controller-101] DEBUG c.h.p.o.HiveMQPlatformReconciler - [helmlega] StatefulSet is not ready yet
2025-01-30 18:31:00,775 INFO c.h.h.t.HelmChartContainer - [hivemq-test-hivemq-platform] [hivemq-platform-operator] [e7767014] 18:31:00.774 [ReconcilerExecutor-hivemq-controller-101] DEBUG c.h.p.o.h.AbstractHiveMQReconcilerStateHandler - [helmlega] HiveMQ Platform annotations have been updated, will update resource
2025-01-30 18:31:00,775 INFO c.h.h.t.HelmChartContainer - [hivemq-test-hivemq-platform] [hivemq-platform-operator] [e7767014] 18:31:00.774 [ReconcilerExecutor-hivemq-controller-101] INFO  c.h.p.o.h.AbstractHiveMQReconcilerStateHandler - [helmlega] Update HiveMQ Platform Status (STATEFULSET_MIGRATION [STATEFULSET_MIGRATION_VALIDATION] -> RUNNING [READY]): HiveMQ Platform is ready (reconciliation requests: ROLLING_RESTART)
2025-01-30 18:31:00,786 DEBUG com.hivemq.helmcharts.util.K8sUtil - Comparing actual state 'RUNNING' and waiting for 'ROLLING_RESTART'
2025-01-30 18:31:00,873 INFO c.h.h.t.HelmChartContainer - [hivemq-test-hivemq-platform] [hivemq-platform-operator] [e7767014] 18:31:00.868 [pool-6-thread-6] DEBUG c.h.p.o.d.PlatformServiceResource - [helmlega] Desired Platform services (4 services)
2025-01-30 18:31:00,873 INFO c.h.h.t.HelmChartContainer - [hivemq-test-hivemq-platform] [hivemq-platform-operator] [e7767014] 18:31:00.869 [pool-6-thread-5] DEBUG c.h.p.o.dependants.PodInfoConfigMap - [helmlega] Desired PodInfo ConfigMap (2 extensions) (1 enabled)
2025-01-30 18:31:00,873 INFO c.h.h.t.HelmChartContainer - [hivemq-test-hivemq-platform] [hivemq-platform-operator] [e7767014] 18:31:00.869 [pool-6-thread-5] DEBUG c.h.p.o.dependants.PodInfoConfigMap - [helmlega] Desired PodInfo ConfigMap (metrics port: 9399) (metrics path: /)
2025-01-30 18:31:00,873 INFO c.h.h.t.HelmChartContainer - [hivemq-test-hivemq-platform] [hivemq-platform-operator] [e7767014] 18:31:00.869 [pool-6-thread-5] DEBUG c.h.p.o.dependants.PodInfoConfigMap - [helmlega] Desired PodInfo ConfigMap (extension state hash: 259316804)
2025-01-30 18:31:00,873 INFO c.h.h.t.HelmChartContainer - [hivemq-test-hivemq-platform] [hivemq-platform-operator] [e7767014] 18:31:00.870 [pool-6-thread-5] DEBUG c.h.p.o.d.PodServiceAccountResource - [helmlega] Desired PodServiceAccountResource (serviceAccountName: hivemq-platform-pod-test-hivemq-legacy-platform)
2025-01-30 18:31:00,875 INFO c.h.h.t.HelmChartContainer - [hivemq-test-hivemq-platform] [hivemq-platform-operator] [e7767014] 18:31:00.875 [pool-6-thread-6] DEBUG c.h.p.o.d.StatefulSetResource - [helmlega] Desired StatefulSet (1 replicas) for status RUNNING (READY)
2025-01-30 18:31:00,970 INFO c.h.h.t.HelmChartContainer - [hivemq-test-hivemq-platform] [hivemq-platform-operator] [e7767014] 18:31:00.969 [pool-6-thread-6] DEBUG c.h.p.o.d.StatefulSetResource - [helmlega] Create StatefulSet
2025-01-30 18:31:00,986 INFO c.h.h.t.HelmChartContainer - [hivemq-test-hivemq-platform] [hivemq-platform-operator] [e7767014] 18:31:00.984 [ReconcilerExecutor-hivemq-controller-112] INFO  c.h.p.o.HiveMQPlatformReconciler - [helmlega] Reconciling HiveMQ Platform 'test-hivemq-legacy-platform' in namespace 'helmlegacystatefulsetmigrationit-operator'
2025-01-30 18:31:00,986 INFO c.h.h.t.HelmChartContainer - [hivemq-test-hivemq-platform] [hivemq-platform-operator] [e7767014] 18:31:00.984 [ReconcilerExecutor-hivemq-controller-112] DEBUG c.h.p.o.HiveMQPlatformReconciler - [helmlega] Custom Resource Status RUNNING - HiveMQ Platform is ready (READY) (reconciliation requests: ROLLING_RESTART)
2025-01-30 18:31:00,986 INFO c.h.h.t.HelmChartContainer - [hivemq-test-hivemq-platform] [hivemq-platform-operator] [e7767014] 18:31:00.984 [ReconcilerExecutor-hivemq-controller-112] DEBUG c.h.p.o.HiveMQPlatformReconciler - [helmlega] Custom Resource Spec (replicas: 1) (extensions: 2)
2025-01-30 18:31:01,002 INFO c.h.h.t.HelmChartContainer - [POD] test-hivemq-legacy-platform-0 [40472b67-ce40-45aa-8faf-16e584ef204c] in helmlegacystatefulsetmigrationit-operator was MODIFIED
2025-01-30 18:31:01,067 INFO c.h.h.t.HelmChartContainer - [hivemq-test-hivemq-platform] [hivemq-platform-operator] [e7767014] 18:31:00.987 [ReconcilerExecutor-hivemq-controller-112] DEBUG c.h.p.o.HiveMQPlatformReconciler - [helmlega] StatefulSet Status (revision: null, replicas: 0, available: 0, ready: 0, current: 0, updated: 0)
2025-01-30 18:31:01,068 INFO c.h.h.t.HelmChartContainer - [hivemq-test-hivemq-platform] [hivemq-platform-operator] [e7767014] 18:31:01.065 [ReconcilerExecutor-hivemq-controller-112] DEBUG c.h.p.o.HiveMQPlatformReconciler - [helmlega] StatefulSet Spec (replicas: 1, init containers: 1, containers: 1, volumes: 6)
2025-01-30 18:31:01,071 INFO c.h.h.t.HelmChartContainer - [hivemq-test-hivemq-platform] [hivemq-platform-operator] [e7767014] 18:31:01.070 [ReconcilerExecutor-hivemq-controller-112] DEBUG c.h.p.o.h.HiveMQPlatformReconcilerErrorHandler - [helmlega] Pod 'test-hivemq-legacy-platform-0' phase Running
2025-01-30 18:31:01,073 INFO c.h.h.t.HelmChartContainer - [hivemq-test-hivemq-platform] [hivemq-platform-operator] [e7767014] 18:31:01.072 [ReconcilerExecutor-hivemq-controller-112] INFO  c.h.p.o.h.HiveMQPlatformReconcilerBaseHandler - [helmlega] Started rolling restart (scaling to 2 replicas)
2025-01-30 18:31:01,173 INFO c.h.h.t.HelmChartContainer - [hivemq-test-hivemq-platform] [hivemq-platform-operator] [e7767014] 18:31:01.172 [ReconcilerExecutor-hivemq-controller-112] DEBUG c.h.p.operator.event.EventSender - [helmlega] Creating K8s event rolling-restart-started: [RollingRestart] HiveMQ Platform is starting a surge Pod (rolling restart)
2025-01-30 18:31:01,176 INFO c.h.h.t.HelmChartContainer - [EVENT] Normal [RollingRestart] HiveMQ Platform is starting a surge Pod (rolling restart) [helmlegacystatefulsetmigrationit-operator:test-hivemq-legacy-platform]
2025-01-30 18:31:01,178 INFO c.h.h.t.HelmChartContainer - [hivemq-test-hivemq-platform] [hivemq-platform-operator] [e7767014] 18:31:01.177 [ReconcilerExecutor-hivemq-controller-112] INFO  c.h.p.o.h.AbstractHiveMQReconcilerStateHandler - [helmlega] Update HiveMQ Platform Status (RUNNING [READY] -> ROLLING_RESTART [SURGE_IN_PROGRESS]): HiveMQ Platform is starting a surge Pod (rolling restart)
2025-01-30 18:31:01,187 DEBUG com.hivemq.helmcharts.util.K8sUtil - Comparing actual state 'ROLLING_RESTART' and waiting for 'ROLLING_RESTART'
2025-01-30 18:31:01,201 DEBUG com.hivemq.helmcharts.util.K8sUtil - Comparing actual state 'ROLLING_RESTART' and waiting for 'RUNNING'
2025-01-30 18:31:01,272 INFO c.h.h.t.HelmChartContainer - [hivemq-test-hivemq-platform] [hivemq-platform-operator] [e7767014] 18:31:01.269 [pool-6-thread-14] DEBUG c.h.p.o.d.PlatformServiceResource - [helmlega] Desired Platform services (4 services)
2025-01-30 18:31:01,274 INFO c.h.h.t.HelmChartContainer - [hivemq-test-hivemq-platform] [hivemq-platform-operator] [e7767014] 18:31:01.273 [pool-6-thread-15] DEBUG c.h.p.o.dependants.PodInfoConfigMap - [helmlega] Desired PodInfo ConfigMap (2 extensions) (1 enabled)
2025-01-30 18:31:01,274 INFO c.h.h.t.HelmChartContainer - [hivemq-test-hivemq-platform] [hivemq-platform-operator] [e7767014] 18:31:01.273 [pool-6-thread-15] DEBUG c.h.p.o.dependants.PodInfoConfigMap - [helmlega] Desired PodInfo ConfigMap (metrics port: 9399) (metrics path: /)
2025-01-30 18:31:01,276 INFO c.h.h.t.HelmChartContainer - [hivemq-test-hivemq-platform] [hivemq-platform-operator] [e7767014] 18:31:01.273 [pool-6-thread-15] DEBUG c.h.p.o.dependants.PodInfoConfigMap - [helmlega] Desired PodInfo ConfigMap (extension state hash: 259316804)
2025-01-30 18:31:01,276 INFO c.h.h.t.HelmChartContainer - [hivemq-test-hivemq-platform] [hivemq-platform-operator] [e7767014] 18:31:01.274 [pool-6-thread-13] DEBUG c.h.p.o.d.PodServiceAccountResource - [helmlega] Desired PodServiceAccountResource (serviceAccountName: hivemq-platform-pod-test-hivemq-legacy-platform)
2025-01-30 18:31:01,277 INFO c.h.h.t.HelmChartContainer - [hivemq-test-hivemq-platform] [hivemq-platform-operator] [e7767014] 18:31:01.276 [pool-6-thread-15] DEBUG c.h.p.o.dependants.PodInfoConfigMap - [helmlega] Update PodInfo ConfigMap
2025-01-30 18:31:01,369 INFO c.h.h.t.HelmChartContainer - [hivemq-test-hivemq-platform] [hivemq-platform-operator] [e7767014] 18:31:01.367 [pool-6-thread-15] DEBUG c.h.p.o.d.StatefulSetResource - [helmlega] Desired StatefulSet (2 replicas) for status ROLLING_RESTART (SURGE_IN_PROGRESS)
2025-01-30 18:31:01,376 INFO c.h.h.t.HelmChartContainer - [hivemq-test-hivemq-platform] [hivemq-platform-operator] [e7767014] 18:31:01.374 [pool-6-thread-15] DEBUG c.h.p.o.d.StatefulSetResource - [helmlega] Update StatefulSet (replicas: 1 -> 2)
2025-01-30 18:31:01,400 INFO c.h.h.t.HelmChartContainer - [EVENT] Normal [SuccessfulCreate] create Claim data-test-hivemq-legacy-platform-1 Pod test-hivemq-legacy-platform-1 in StatefulSet test-hivemq-legacy-platform success [helmlegacystatefulsetmigrationit-operator:test-hivemq-legacy-platform]
2025-01-30 18:31:01,401 INFO c.h.h.t.HelmChartContainer - [EVENT] Normal [WaitForFirstConsumer] waiting for first consumer to be created before binding [helmlegacystatefulsetmigrationit-operator:data-test-hivemq-legacy-platform-1]
2025-01-30 18:31:01,404 INFO c.h.h.t.HelmChartContainer - [POD] test-hivemq-legacy-platform-1 [b2e5a097-19fb-461e-97a0-f47e91a22e55] in helmlegacystatefulsetmigrationit-operator was ADDED
2025-01-30 18:31:01,406 INFO c.h.h.t.HelmChartContainer - [EVENT] Normal [SuccessfulCreate] create Pod test-hivemq-legacy-platform-1 in StatefulSet test-hivemq-legacy-platform successful [helmlegacystatefulsetmigrationit-operator:test-hivemq-legacy-platform]
2025-01-30 18:31:01,415 INFO c.h.h.t.HelmChartContainer - [EVENT] Normal [ExternalProvisioning] Waiting for a volume to be created either by the external provisioner 'rancher.io/local-path' or manually by the system administrator. If volume creation is delayed, please verify that the provisioner is running and correctly registered. [helmlegacystatefulsetmigrationit-operator:data-test-hivemq-legacy-platform-1]
2025-01-30 18:31:01,420 INFO c.h.h.t.HelmChartContainer - [EVENT] Normal [Provisioning] External provisioner is provisioning volume for claim "helmlegacystatefulsetmigrationit-operator/data-test-hivemq-legacy-platform-1" [helmlegacystatefulsetmigrationit-operator:data-test-hivemq-legacy-platform-1]
2025-01-30 18:31:01,472 INFO c.h.h.t.HelmChartContainer - [hivemq-test-hivemq-platform] [hivemq-platform-operator] [e7767014] 18:31:01.470 [ReconcilerExecutor-hivemq-controller-113] INFO  c.h.p.o.HiveMQPlatformReconciler - [helmlega] Reconciling HiveMQ Platform 'test-hivemq-legacy-platform' in namespace 'helmlegacystatefulsetmigrationit-operator'
2025-01-30 18:31:01,472 INFO c.h.h.t.HelmChartContainer - [hivemq-test-hivemq-platform] [hivemq-platform-operator] [e7767014] 18:31:01.470 [ReconcilerExecutor-hivemq-controller-113] DEBUG c.h.p.o.HiveMQPlatformReconciler - [helmlega] Custom Resource Status ROLLING_RESTART - HiveMQ Platform is starting a surge Pod (rolling restart) (SURGE_IN_PROGRESS)
2025-01-30 18:31:01,472 INFO c.h.h.t.HelmChartContainer - [hivemq-test-hivemq-platform] [hivemq-platform-operator] [e7767014] 18:31:01.470 [ReconcilerExecutor-hivemq-controller-113] DEBUG c.h.p.o.HiveMQPlatformReconciler - [helmlega] Custom Resource Spec (replicas: 1) (extensions: 2)
2025-01-30 18:31:01,475 INFO c.h.h.t.HelmChartContainer - [hivemq-test-hivemq-platform] [hivemq-platform-operator] [e7767014] 18:31:01.473 [ReconcilerExecutor-hivemq-controller-113] DEBUG c.h.p.o.HiveMQPlatformReconciler - [helmlega] StatefulSet Status (revision: test-hivemq-legacy-platform-65df8dcb7f, replicas: 1, available: 1, ready: 1, current: 0, updated: 0)
2025-01-30 18:31:01,477 INFO c.h.h.t.HelmChartContainer - [hivemq-test-hivemq-platform] [hivemq-platform-operator] [e7767014] 18:31:01.473 [ReconcilerExecutor-hivemq-controller-113] DEBUG c.h.p.o.HiveMQPlatformReconciler - [helmlega] StatefulSet Spec (replicas: 2, init containers: 1, containers: 1, volumes: 6)
2025-01-30 18:31:01,477 INFO c.h.h.t.HelmChartContainer - [hivemq-test-hivemq-platform] [hivemq-platform-operator] [e7767014] 18:31:01.476 [ReconcilerExecutor-hivemq-controller-113] DEBUG c.h.p.o.h.HiveMQPlatformReconcilerErrorHandler - [helmlega] Pod 'test-hivemq-legacy-platform-1' phase Pending
2025-01-30 18:31:01,480 INFO c.h.h.t.HelmChartContainer - [hivemq-test-hivemq-platform] [hivemq-platform-operator] [e7767014] 18:31:01.480 [ReconcilerExecutor-hivemq-controller-113] DEBUG c.h.p.o.h.HiveMQPlatformReconcilerErrorHandler - [helmlega] Pod 'test-hivemq-legacy-platform-0' phase Running
2025-01-30 18:31:01,483 INFO c.h.h.t.HelmChartContainer - [hivemq-test-hivemq-platform] [hivemq-platform-operator] [e7767014] 18:31:01.482 [ReconcilerExecutor-hivemq-controller-113] DEBUG c.h.p.o.h.HiveMQPlatformReconcilerRollingRestartHandler - [helmlega] Rolling restart is waiting for 1 of 2 replicas
2025-01-30 18:31:01,501 INFO c.h.h.t.HelmChartContainer - [POD] helper-pod-create-pvc-bce05030-cdda-4097-887e-3f9317c86257 [e50c8adb-cca9-4556-8447-ae4200e9bc0f] in kube-system was ADDED
2025-01-30 18:31:01,507 INFO c.h.h.t.HelmChartContainer - [POD] helper-pod-create-pvc-bce05030-cdda-4097-887e-3f9317c86257 [e50c8adb-cca9-4556-8447-ae4200e9bc0f] in kube-system was MODIFIED
2025-01-30 18:31:01,572 INFO c.h.h.t.HelmChartContainer - [hivemq-test-hivemq-platform] [hivemq-platform-operator] [e7767014] 18:31:01.567 [pool-6-thread-28] DEBUG c.h.p.o.d.PlatformServiceResource - [helmlega] Desired Platform services (4 services)
2025-01-30 18:31:01,572 INFO c.h.h.t.HelmChartContainer - [hivemq-test-hivemq-platform] [hivemq-platform-operator] [e7767014] 18:31:01.568 [pool-6-thread-27] DEBUG c.h.p.o.dependants.PodInfoConfigMap - [helmlega] Desired PodInfo ConfigMap (2 extensions) (1 enabled)
2025-01-30 18:31:01,572 INFO c.h.h.t.HelmChartContainer - [hivemq-test-hivemq-platform] [hivemq-platform-operator] [e7767014] 18:31:01.568 [pool-6-thread-27] DEBUG c.h.p.o.dependants.PodInfoConfigMap - [helmlega] Desired PodInfo ConfigMap (metrics port: 9399) (metrics path: /)
2025-01-30 18:31:01,572 INFO c.h.h.t.HelmChartContainer - [hivemq-test-hivemq-platform] [hivemq-platform-operator] [e7767014] 18:31:01.569 [pool-6-thread-27] DEBUG c.h.p.o.dependants.PodInfoConfigMap - [helmlega] Desired PodInfo ConfigMap (extension state hash: 259316804)
2025-01-30 18:31:01,572 INFO c.h.h.t.HelmChartContainer - [hivemq-test-hivemq-platform] [hivemq-platform-operator] [e7767014] 18:31:01.569 [pool-6-thread-27] DEBUG c.h.p.o.d.PodServiceAccountResource - [helmlega] Desired PodServiceAccountResource (serviceAccountName: hivemq-platform-pod-test-hivemq-legacy-platform)
2025-01-30 18:31:01,577 INFO c.h.h.t.HelmChartContainer - [hivemq-test-hivemq-platform] [hivemq-platform-operator] [e7767014] 18:31:01.575 [pool-6-thread-28] DEBUG c.h.p.o.d.StatefulSetResource - [helmlega] Desired StatefulSet (2 replicas) for status ROLLING_RESTART (SURGE_IN_PROGRESS)
2025-01-30 18:31:01,582 INFO c.h.h.t.HelmChartContainer - [hivemq-test-hivemq-platform] [hivemq-platform-operator] [e7767014] 18:31:01.580 [ReconcilerExecutor-hivemq-controller-114] INFO  c.h.p.o.HiveMQPlatformReconciler - [helmlega] Reconciling HiveMQ Platform 'test-hivemq-legacy-platform' in namespace 'helmlegacystatefulsetmigrationit-operator'
2025-01-30 18:31:01,582 INFO c.h.h.t.HelmChartContainer - [hivemq-test-hivemq-platform] [hivemq-platform-operator] [e7767014] 18:31:01.580 [ReconcilerExecutor-hivemq-controller-114] DEBUG c.h.p.o.HiveMQPlatformReconciler - [helmlega] Custom Resource Status ROLLING_RESTART - HiveMQ Platform is starting a surge Pod (rolling restart) (SURGE_IN_PROGRESS)
2025-01-30 18:31:01,582 INFO c.h.h.t.HelmChartContainer - [hivemq-test-hivemq-platform] [hivemq-platform-operator] [e7767014] 18:31:01.581 [ReconcilerExecutor-hivemq-controller-114] DEBUG c.h.p.o.HiveMQPlatformReconciler - [helmlega] Custom Resource Spec (replicas: 1) (extensions: 2)
2025-01-30 18:31:01,625 INFO c.h.h.t.HelmChartContainer - [K3S] [reconciler_common.go:251] "operationExecutor.VerifyControllerAttachedVolume started for volume \"data\" (UniqueName: \"kubernetes.io/host-path/e50c8adb-cca9-4556-8447-ae4200e9bc0f-data\") pod \"helper-pod-create-pvc-bce05030-cdda-4097-887e-3f9317c86257\" (UID: \"e50c8adb-cca9-4556-8447-ae4200e9bc0f\") " pod="kube-system/helper-pod-create-pvc-bce05030-cdda-4097-887e-3f9317c86257"
2025-01-30 18:31:01,625 INFO c.h.h.t.HelmChartContainer - [K3S] [reconciler_common.go:251] "operationExecutor.VerifyControllerAttachedVolume started for volume \"script\" (UniqueName: \"kubernetes.io/configmap/e50c8adb-cca9-4556-8447-ae4200e9bc0f-script\") pod \"helper-pod-create-pvc-bce05030-cdda-4097-887e-3f9317c86257\" (UID: \"e50c8adb-cca9-4556-8447-ae4200e9bc0f\") " pod="kube-system/helper-pod-create-pvc-bce05030-cdda-4097-887e-3f9317c86257"
2025-01-30 18:31:01,625 INFO c.h.h.t.HelmChartContainer - [K3S] [reconciler_common.go:251] "operationExecutor.VerifyControllerAttachedVolume started for volume \"kube-api-access-l7qcx\" (UniqueName: \"kubernetes.io/projected/e50c8adb-cca9-4556-8447-ae4200e9bc0f-kube-api-access-l7qcx\") pod \"helper-pod-create-pvc-bce05030-cdda-4097-887e-3f9317c86257\" (UID: \"e50c8adb-cca9-4556-8447-ae4200e9bc0f\") " pod="kube-system/helper-pod-create-pvc-bce05030-cdda-4097-887e-3f9317c86257"
2025-01-30 18:31:01,669 INFO c.h.h.t.HelmChartContainer - [hivemq-test-hivemq-platform] [hivemq-platform-operator] [e7767014] 18:31:01.667 [ReconcilerExecutor-hivemq-controller-114] DEBUG c.h.p.o.HiveMQPlatformReconciler - [helmlega] StatefulSet Status (revision: test-hivemq-legacy-platform-65df8dcb7f, replicas: 2, available: 1, ready: 1, current: 1, updated: 1)
2025-01-30 18:31:01,669 INFO c.h.h.t.HelmChartContainer - [hivemq-test-hivemq-platform] [hivemq-platform-operator] [e7767014] 18:31:01.668 [ReconcilerExecutor-hivemq-controller-114] DEBUG c.h.p.o.HiveMQPlatformReconciler - [helmlega] StatefulSet Spec (replicas: 2, init containers: 1, containers: 1, volumes: 6)
2025-01-30 18:31:01,671 INFO c.h.h.t.HelmChartContainer - [hivemq-test-hivemq-platform] [hivemq-platform-operator] [e7767014] 18:31:01.669 [ReconcilerExecutor-hivemq-controller-114] DEBUG c.h.p.o.h.HiveMQPlatformReconcilerErrorHandler - [helmlega] Pod 'test-hivemq-legacy-platform-1' phase Pending
2025-01-30 18:31:01,673 INFO c.h.h.t.HelmChartContainer - [hivemq-test-hivemq-platform] [hivemq-platform-operator] [e7767014] 18:31:01.672 [ReconcilerExecutor-hivemq-controller-114] DEBUG c.h.p.o.h.HiveMQPlatformReconcilerErrorHandler - [helmlega] Pod 'test-hivemq-legacy-platform-0' phase Running
2025-01-30 18:31:01,675 INFO c.h.h.t.HelmChartContainer - [hivemq-test-hivemq-platform] [hivemq-platform-operator] [e7767014] 18:31:01.674 [ReconcilerExecutor-hivemq-controller-114] DEBUG c.h.p.o.h.HiveMQPlatformReconcilerRollingRestartHandler - [helmlega] Rolling restart is waiting for 1 of 2 replicas
2025-01-30 18:31:02,698 INFO c.h.h.t.HelmChartContainer - [POD] helper-pod-create-pvc-bce05030-cdda-4097-887e-3f9317c86257 [e50c8adb-cca9-4556-8447-ae4200e9bc0f] in kube-system was MODIFIED
2025-01-30 18:31:03,774 INFO c.h.h.t.HelmChartContainer - [POD] helper-pod-create-pvc-bce05030-cdda-4097-887e-3f9317c86257 [e50c8adb-cca9-4556-8447-ae4200e9bc0f] in kube-system was MODIFIED
2025-01-30 18:31:03,839 INFO c.h.h.t.HelmChartContainer - [K3S] [reconciler_common.go:162] "operationExecutor.UnmountVolume started for volume \"script\" (UniqueName: \"kubernetes.io/configmap/e50c8adb-cca9-4556-8447-ae4200e9bc0f-script\") pod \"e50c8adb-cca9-4556-8447-ae4200e9bc0f\" (UID: \"e50c8adb-cca9-4556-8447-ae4200e9bc0f\") "
2025-01-30 18:31:03,839 INFO c.h.h.t.HelmChartContainer - [K3S] [reconciler_common.go:162] "operationExecutor.UnmountVolume started for volume \"data\" (UniqueName: \"kubernetes.io/host-path/e50c8adb-cca9-4556-8447-ae4200e9bc0f-data\") pod \"e50c8adb-cca9-4556-8447-ae4200e9bc0f\" (UID: \"e50c8adb-cca9-4556-8447-ae4200e9bc0f\") "
2025-01-30 18:31:03,839 INFO c.h.h.t.HelmChartContainer - [K3S] [reconciler_common.go:162] "operationExecutor.UnmountVolume started for volume \"kube-api-access-l7qcx\" (UniqueName: \"kubernetes.io/projected/e50c8adb-cca9-4556-8447-ae4200e9bc0f-kube-api-access-l7qcx\") pod \"e50c8adb-cca9-4556-8447-ae4200e9bc0f\" (UID: \"e50c8adb-cca9-4556-8447-ae4200e9bc0f\") "
2025-01-30 18:31:03,939 INFO c.h.h.t.HelmChartContainer - [K3S] [reconciler_common.go:299] "Volume detached for volume \"kube-api-access-l7qcx\" (UniqueName: \"kubernetes.io/projected/e50c8adb-cca9-4556-8447-ae4200e9bc0f-kube-api-access-l7qcx\") on node \"b99e65a4204c\" DevicePath \"\""
2025-01-30 18:31:03,940 INFO c.h.h.t.HelmChartContainer - [K3S] [reconciler_common.go:299] "Volume detached for volume \"data\" (UniqueName: \"kubernetes.io/host-path/e50c8adb-cca9-4556-8447-ae4200e9bc0f-data\") on node \"b99e65a4204c\" DevicePath \"\""
2025-01-30 18:31:03,940 INFO c.h.h.t.HelmChartContainer - [K3S] [reconciler_common.go:299] "Volume detached for volume \"script\" (UniqueName: \"kubernetes.io/configmap/e50c8adb-cca9-4556-8447-ae4200e9bc0f-script\") on node \"b99e65a4204c\" DevicePath \"\""
2025-01-30 18:31:04,520 INFO c.h.h.t.HelmChartContainer - [POD] helper-pod-create-pvc-bce05030-cdda-4097-887e-3f9317c86257 [e50c8adb-cca9-4556-8447-ae4200e9bc0f] in kube-system was MODIFIED
2025-01-30 18:31:04,522 INFO c.h.h.t.HelmChartContainer - [POD] helper-pod-create-pvc-bce05030-cdda-4097-887e-3f9317c86257 [e50c8adb-cca9-4556-8447-ae4200e9bc0f] in kube-system was DELETED
2025-01-30 18:31:04,533 INFO c.h.h.t.HelmChartContainer - [EVENT] Normal [ProvisioningSucceeded] Successfully provisioned volume pvc-bce05030-cdda-4097-887e-3f9317c86257 [helmlegacystatefulsetmigrationit-operator:data-test-hivemq-legacy-platform-1]
2025-01-30 18:31:04,694 INFO c.h.h.t.HelmChartContainer - [K3S] [pod_container_deletor.go:80] "Container not found in pod's containers" containerID="4c0ff6f0c2cbe6dcfbf49552ee210c3aa8ffd436e519e2b611970a2f59584cb2"
2025-01-30 18:31:04,700 INFO c.h.h.t.HelmChartContainer - [K3S] [status_manager.go:890] "Failed to get status for pod" podUID="e50c8adb-cca9-4556-8447-ae4200e9bc0f" pod="kube-system/helper-pod-create-pvc-bce05030-cdda-4097-887e-3f9317c86257" err="pods \"helper-pod-create-pvc-bce05030-cdda-4097-887e-3f9317c86257\" is forbidden: User \"system:node:b99e65a4204c\" cannot get resource \"pods\" in API group \"\" in the namespace \"kube-system\": no relationship found between node 'b99e65a4204c' and this object"
2025-01-30 18:31:05,410 INFO c.h.h.t.HelmChartContainer - [K3S] [kubelet_volumes.go:163] "Cleaned up orphaned pod volumes dir" podUID="e50c8adb-cca9-4556-8447-ae4200e9bc0f" path="/var/lib/kubelet/pods/e50c8adb-cca9-4556-8447-ae4200e9bc0f/volumes"
2025-01-30 18:31:05,414 INFO c.h.h.t.HelmChartContainer - [K3S] [memory_manager.go:355] "RemoveStaleState removing state" podUID="e50c8adb-cca9-4556-8447-ae4200e9bc0f" containerName="helper-pod"
2025-01-30 18:31:05,416 INFO c.h.h.t.HelmChartContainer - [POD] test-hivemq-legacy-platform-1 [b2e5a097-19fb-461e-97a0-f47e91a22e55] in helmlegacystatefulsetmigrationit-operator was MODIFIED
2025-01-30 18:31:05,419 INFO c.h.h.t.HelmChartContainer - [EVENT] Normal [Scheduled] Successfully assigned helmlegacystatefulsetmigrationit-operator/test-hivemq-legacy-platform-1 to b99e65a4204c [helmlegacystatefulsetmigrationit-operator:test-hivemq-legacy-platform-1]
2025-01-30 18:31:05,427 INFO c.h.h.t.HelmChartContainer - [hivemq-test-hivemq-platform] [hivemq-platform-operator] [e7767014] 18:31:05.423 [pool-6-thread-37] DEBUG c.h.p.o.d.PlatformServiceResource - [helmlega] Desired Platform services (4 services)
2025-01-30 18:31:05,430 INFO c.h.h.t.HelmChartContainer - [hivemq-test-hivemq-platform] [hivemq-platform-operator] [e7767014] 18:31:05.426 [pool-6-thread-34] DEBUG c.h.p.o.d.PodServiceAccountResource - [helmlega] Desired PodServiceAccountResource (serviceAccountName: hivemq-platform-pod-test-hivemq-legacy-platform)
2025-01-30 18:31:05,432 INFO c.h.h.t.HelmChartContainer - [hivemq-test-hivemq-platform] [hivemq-platform-operator] [e7767014] 18:31:05.429 [pool-6-thread-38] DEBUG c.h.p.o.dependants.PodInfoConfigMap - [helmlega] Desired PodInfo ConfigMap (2 extensions) (1 enabled)
2025-01-30 18:31:05,432 INFO c.h.h.t.HelmChartContainer - [hivemq-test-hivemq-platform] [hivemq-platform-operator] [e7767014] 18:31:05.430 [pool-6-thread-38] DEBUG c.h.p.o.dependants.PodInfoConfigMap - [helmlega] Desired PodInfo ConfigMap (metrics port: 9399) (metrics path: /)
2025-01-30 18:31:05,432 INFO c.h.h.t.HelmChartContainer - [hivemq-test-hivemq-platform] [hivemq-platform-operator] [e7767014] 18:31:05.430 [pool-6-thread-38] DEBUG c.h.p.o.dependants.PodInfoConfigMap - [helmlega] Desired PodInfo ConfigMap (extension state hash: 259316804)
2025-01-30 18:31:05,441 INFO c.h.h.t.HelmChartContainer - [hivemq-test-hivemq-platform] [hivemq-platform-operator] [e7767014] 18:31:05.441 [pool-6-thread-35] DEBUG c.h.p.o.d.StatefulSetResource - [helmlega] Desired StatefulSet (2 replicas) for status ROLLING_RESTART (SURGE_IN_PROGRESS)
2025-01-30 18:31:05,442 INFO c.h.h.t.HelmChartContainer - [POD] test-hivemq-legacy-platform-1 [b2e5a097-19fb-461e-97a0-f47e91a22e55] in helmlegacystatefulsetmigrationit-operator was MODIFIED
2025-01-30 18:31:05,527 INFO c.h.h.t.HelmChartContainer - [hivemq-test-hivemq-platform] [hivemq-platform-operator] [e7767014] 18:31:05.523 [ReconcilerExecutor-hivemq-controller-115] INFO  c.h.p.o.HiveMQPlatformReconciler - [helmlega] Reconciling HiveMQ Platform 'test-hivemq-legacy-platform' in namespace 'helmlegacystatefulsetmigrationit-operator'
2025-01-30 18:31:05,528 INFO c.h.h.t.HelmChartContainer - [hivemq-test-hivemq-platform] [hivemq-platform-operator] [e7767014] 18:31:05.524 [ReconcilerExecutor-hivemq-controller-115] DEBUG c.h.p.o.HiveMQPlatformReconciler - [helmlega] Custom Resource Status ROLLING_RESTART - HiveMQ Platform is starting a surge Pod (rolling restart) (SURGE_IN_PROGRESS)
2025-01-30 18:31:05,528 INFO c.h.h.t.HelmChartContainer - [hivemq-test-hivemq-platform] [hivemq-platform-operator] [e7767014] 18:31:05.524 [ReconcilerExecutor-hivemq-controller-115] DEBUG c.h.p.o.HiveMQPlatformReconciler - [helmlega] Custom Resource Spec (replicas: 1) (extensions: 2)
2025-01-30 18:31:05,530 INFO c.h.h.t.HelmChartContainer - [hivemq-test-hivemq-platform] [hivemq-platform-operator] [e7767014] 18:31:05.528 [ReconcilerExecutor-hivemq-controller-115] DEBUG c.h.p.o.HiveMQPlatformReconciler - [helmlega] StatefulSet Status (revision: test-hivemq-legacy-platform-65df8dcb7f, replicas: 2, available: 1, ready: 1, current: 1, updated: 1)
2025-01-30 18:31:05,530 INFO c.h.h.t.HelmChartContainer - [hivemq-test-hivemq-platform] [hivemq-platform-operator] [e7767014] 18:31:05.529 [ReconcilerExecutor-hivemq-controller-115] DEBUG c.h.p.o.HiveMQPlatformReconciler - [helmlega] StatefulSet Spec (replicas: 2, init containers: 1, containers: 1, volumes: 6)
2025-01-30 18:31:05,533 INFO c.h.h.t.HelmChartContainer - [hivemq-test-hivemq-platform] [hivemq-platform-operator] [e7767014] 18:31:05.531 [ReconcilerExecutor-hivemq-controller-115] DEBUG c.h.p.o.h.HiveMQPlatformReconcilerErrorHandler - [helmlega] Pod 'test-hivemq-legacy-platform-1' phase Pending
2025-01-30 18:31:05,533 INFO c.h.h.t.HelmChartContainer - [hivemq-test-hivemq-platform] [hivemq-platform-operator] [e7767014] 18:31:05.532 [ReconcilerExecutor-hivemq-controller-115] DEBUG c.h.p.o.h.HiveMQPlatformReconcilerErrorHandler - [helmlega] Pod 'test-hivemq-legacy-platform-1' condition 'PodReadyToStartContainers': False
2025-01-30 18:31:05,534 INFO c.h.h.t.HelmChartContainer - [hivemq-test-hivemq-platform] [hivemq-platform-operator] [e7767014] 18:31:05.532 [ReconcilerExecutor-hivemq-controller-115] DEBUG c.h.p.o.h.HiveMQPlatformReconcilerErrorHandler - [helmlega] Pod 'test-hivemq-legacy-platform-1' condition 'Initialized': False
2025-01-30 18:31:05,535 INFO c.h.h.t.HelmChartContainer - [hivemq-test-hivemq-platform] [hivemq-platform-operator] [e7767014] 18:31:05.532 [ReconcilerExecutor-hivemq-controller-115] DEBUG c.h.p.o.h.HiveMQPlatformReconcilerErrorHandler - [helmlega] Pod 'test-hivemq-legacy-platform-1' condition 'Ready': False
2025-01-30 18:31:05,535 INFO c.h.h.t.HelmChartContainer - [hivemq-test-hivemq-platform] [hivemq-platform-operator] [e7767014] 18:31:05.532 [ReconcilerExecutor-hivemq-controller-115] DEBUG c.h.p.o.h.HiveMQPlatformReconcilerErrorHandler - [helmlega] Pod 'test-hivemq-legacy-platform-1' condition 'ContainersReady': False
2025-01-30 18:31:05,535 INFO c.h.h.t.HelmChartContainer - [hivemq-test-hivemq-platform] [hivemq-platform-operator] [e7767014] 18:31:05.532 [ReconcilerExecutor-hivemq-controller-115] DEBUG c.h.p.o.h.HiveMQPlatformReconcilerErrorHandler - [helmlega] Pod 'test-hivemq-legacy-platform-1' condition 'PodScheduled': True
2025-01-30 18:31:05,535 INFO c.h.h.t.HelmChartContainer - [hivemq-test-hivemq-platform] [hivemq-platform-operator] [e7767014] 18:31:05.533 [ReconcilerExecutor-hivemq-controller-115] DEBUG c.h.p.o.h.HiveMQPlatformReconcilerErrorHandler - [helmlega] Pod 'test-hivemq-legacy-platform-1' containerStatus 'hivemq' (started: false) (ready: false) (waiting: [PodInitializing] null)
2025-01-30 18:31:05,547 INFO c.h.h.t.HelmChartContainer - [K3S] [reconciler_common.go:251] "operationExecutor.VerifyControllerAttachedVolume started for volume \"pod-info\" (UniqueName: \"kubernetes.io/configmap/b2e5a097-19fb-461e-97a0-f47e91a22e55-pod-info\") pod \"test-hivemq-legacy-platform-1\" (UID: \"b2e5a097-19fb-461e-97a0-f47e91a22e55\") " pod="helmlegacystatefulsetmigrationit-operator/test-hivemq-legacy-platform-1"
2025-01-30 18:31:05,547 INFO c.h.h.t.HelmChartContainer - [K3S] [reconciler_common.go:251] "operationExecutor.VerifyControllerAttachedVolume started for volume \"broker-configuration\" (UniqueName: \"kubernetes.io/configmap/b2e5a097-19fb-461e-97a0-f47e91a22e55-broker-configuration\") pod \"test-hivemq-legacy-platform-1\" (UID: \"b2e5a097-19fb-461e-97a0-f47e91a22e55\") " pod="helmlegacystatefulsetmigrationit-operator/test-hivemq-legacy-platform-1"
2025-01-30 18:31:05,547 INFO c.h.h.t.HelmChartContainer - [K3S] [reconciler_common.go:251] "operationExecutor.VerifyControllerAttachedVolume started for volume \"kube-api-access-t26zp\" (UniqueName: \"kubernetes.io/projected/b2e5a097-19fb-461e-97a0-f47e91a22e55-kube-api-access-t26zp\") pod \"test-hivemq-legacy-platform-1\" (UID: \"b2e5a097-19fb-461e-97a0-f47e91a22e55\") " pod="helmlegacystatefulsetmigrationit-operator/test-hivemq-legacy-platform-1"
2025-01-30 18:31:05,547 INFO c.h.h.t.HelmChartContainer - [K3S] [reconciler_common.go:251] "operationExecutor.VerifyControllerAttachedVolume started for volume \"extension-configuration-hivemq-enterprise-security-extension\" (UniqueName: \"kubernetes.io/configmap/b2e5a097-19fb-461e-97a0-f47e91a22e55-extension-configuration-hivemq-enterprise-security-extension\") pod \"test-hivemq-legacy-platform-1\" (UID: \"b2e5a097-19fb-461e-97a0-f47e91a22e55\") " pod="helmlegacystatefulsetmigrationit-operator/test-hivemq-legacy-platform-1"
2025-01-30 18:31:05,547 INFO c.h.h.t.HelmChartContainer - [K3S] [reconciler_common.go:251] "operationExecutor.VerifyControllerAttachedVolume started for volume \"operator-init\" (UniqueName: \"kubernetes.io/empty-dir/b2e5a097-19fb-461e-97a0-f47e91a22e55-operator-init\") pod \"test-hivemq-legacy-platform-1\" (UID: \"b2e5a097-19fb-461e-97a0-f47e91a22e55\") " pod="helmlegacystatefulsetmigrationit-operator/test-hivemq-legacy-platform-1"
2025-01-30 18:31:05,547 INFO c.h.h.t.HelmChartContainer - [K3S] [reconciler_common.go:251] "operationExecutor.VerifyControllerAttachedVolume started for volume \"pvc-bce05030-cdda-4097-887e-3f9317c86257\" (UniqueName: \"kubernetes.io/local-volume/pvc-bce05030-cdda-4097-887e-3f9317c86257\") pod \"test-hivemq-legacy-platform-1\" (UID: \"b2e5a097-19fb-461e-97a0-f47e91a22e55\") " pod="helmlegacystatefulsetmigrationit-operator/test-hivemq-legacy-platform-1"
2025-01-30 18:31:05,547 INFO c.h.h.t.HelmChartContainer - [K3S] [reconciler_common.go:251] "operationExecutor.VerifyControllerAttachedVolume started for volume \"ese-file-realm\" (UniqueName: \"kubernetes.io/configmap/b2e5a097-19fb-461e-97a0-f47e91a22e55-ese-file-realm\") pod \"test-hivemq-legacy-platform-1\" (UID: \"b2e5a097-19fb-461e-97a0-f47e91a22e55\") " pod="helmlegacystatefulsetmigrationit-operator/test-hivemq-legacy-platform-1"
2025-01-30 18:31:05,566 INFO c.h.h.t.HelmChartContainer - [hivemq-test-hivemq-platform] [hivemq-platform-operator] [e7767014] 18:31:05.565 [ReconcilerExecutor-hivemq-controller-115] DEBUG c.h.p.o.h.HiveMQPlatformReconcilerErrorHandler - [helmlega] Pod 'test-hivemq-legacy-platform-0' phase Running
2025-01-30 18:31:05,567 INFO c.h.h.t.HelmChartContainer - [hivemq-test-hivemq-platform] [hivemq-platform-operator] [e7767014] 18:31:05.566 [ReconcilerExecutor-hivemq-controller-115] DEBUG c.h.p.o.h.HiveMQPlatformReconcilerRollingRestartHandler - [helmlega] Rolling restart is waiting for 1 of 2 replicas
2025-01-30 18:31:05,570 INFO c.h.h.t.HelmChartContainer - [hivemq-test-hivemq-platform] [hivemq-platform-operator] [e7767014] 18:31:05.569 [pool-6-thread-46] DEBUG c.h.p.o.d.PlatformServiceResource - [helmlega] Desired Platform services (4 services)
2025-01-30 18:31:05,624 INFO c.h.h.t.HelmChartContainer - [hivemq-test-hivemq-platform] [hivemq-platform-operator] [e7767014] 18:31:05.621 [pool-6-thread-44] DEBUG c.h.p.o.d.PodServiceAccountResource - [helmlega] Desired PodServiceAccountResource (serviceAccountName: hivemq-platform-pod-test-hivemq-legacy-platform)
2025-01-30 18:31:05,625 INFO c.h.h.t.HelmChartContainer - [hivemq-test-hivemq-platform] [hivemq-platform-operator] [e7767014] 18:31:05.623 [pool-6-thread-41] DEBUG c.h.p.o.dependants.PodInfoConfigMap - [helmlega] Desired PodInfo ConfigMap (2 extensions) (1 enabled)
2025-01-30 18:31:05,627 INFO c.h.h.t.HelmChartContainer - [hivemq-test-hivemq-platform] [hivemq-platform-operator] [e7767014] 18:31:05.623 [pool-6-thread-41] DEBUG c.h.p.o.dependants.PodInfoConfigMap - [helmlega] Desired PodInfo ConfigMap (metrics port: 9399) (metrics path: /)
2025-01-30 18:31:05,627 INFO c.h.h.t.HelmChartContainer - [hivemq-test-hivemq-platform] [hivemq-platform-operator] [e7767014] 18:31:05.623 [pool-6-thread-41] DEBUG c.h.p.o.dependants.PodInfoConfigMap - [helmlega] Desired PodInfo ConfigMap (extension state hash: 259316804)
2025-01-30 18:31:05,631 INFO c.h.h.t.HelmChartContainer - [hivemq-test-hivemq-platform] [hivemq-platform-operator] [e7767014] 18:31:05.630 [pool-6-thread-46] DEBUG c.h.p.o.d.StatefulSetResource - [helmlega] Desired StatefulSet (2 replicas) for status ROLLING_RESTART (SURGE_IN_PROGRESS)
2025-01-30 18:31:05,670 INFO c.h.h.t.HelmChartContainer - [hivemq-test-hivemq-platform] [hivemq-platform-operator] [e7767014] 18:31:05.668 [ReconcilerExecutor-hivemq-controller-116] INFO  c.h.p.o.HiveMQPlatformReconciler - [helmlega] Reconciling HiveMQ Platform 'test-hivemq-legacy-platform' in namespace 'helmlegacystatefulsetmigrationit-operator'
2025-01-30 18:31:05,670 INFO c.h.h.t.HelmChartContainer - [hivemq-test-hivemq-platform] [hivemq-platform-operator] [e7767014] 18:31:05.668 [ReconcilerExecutor-hivemq-controller-116] DEBUG c.h.p.o.HiveMQPlatformReconciler - [helmlega] Custom Resource Status ROLLING_RESTART - HiveMQ Platform is starting a surge Pod (rolling restart) (SURGE_IN_PROGRESS)
2025-01-30 18:31:05,670 INFO c.h.h.t.HelmChartContainer - [hivemq-test-hivemq-platform] [hivemq-platform-operator] [e7767014] 18:31:05.668 [ReconcilerExecutor-hivemq-controller-116] DEBUG c.h.p.o.HiveMQPlatformReconciler - [helmlega] Custom Resource Spec (replicas: 1) (extensions: 2)
2025-01-30 18:31:05,671 INFO c.h.h.t.HelmChartContainer - [hivemq-test-hivemq-platform] [hivemq-platform-operator] [e7767014] 18:31:05.671 [ReconcilerExecutor-hivemq-controller-116] DEBUG c.h.p.o.HiveMQPlatformReconciler - [helmlega] StatefulSet Status (revision: test-hivemq-legacy-platform-65df8dcb7f, replicas: 2, available: 1, ready: 1, current: 1, updated: 1)
2025-01-30 18:31:05,671 INFO c.h.h.t.HelmChartContainer - [hivemq-test-hivemq-platform] [hivemq-platform-operator] [e7767014] 18:31:05.671 [ReconcilerExecutor-hivemq-controller-116] DEBUG c.h.p.o.HiveMQPlatformReconciler - [helmlega] StatefulSet Spec (replicas: 2, init containers: 1, containers: 1, volumes: 6)
2025-01-30 18:31:05,725 INFO c.h.h.t.HelmChartContainer - [hivemq-test-hivemq-platform] [hivemq-platform-operator] [e7767014] 18:31:05.722 [ReconcilerExecutor-hivemq-controller-116] DEBUG c.h.p.o.h.HiveMQPlatformReconcilerErrorHandler - [helmlega] Pod 'test-hivemq-legacy-platform-1' phase Pending
2025-01-30 18:31:05,725 INFO c.h.h.t.HelmChartContainer - [hivemq-test-hivemq-platform] [hivemq-platform-operator] [e7767014] 18:31:05.723 [ReconcilerExecutor-hivemq-controller-116] DEBUG c.h.p.o.h.HiveMQPlatformReconcilerErrorHandler - [helmlega] Pod 'test-hivemq-legacy-platform-1' condition 'PodReadyToStartContainers': False
2025-01-30 18:31:05,725 INFO c.h.h.t.HelmChartContainer - [hivemq-test-hivemq-platform] [hivemq-platform-operator] [e7767014] 18:31:05.723 [ReconcilerExecutor-hivemq-controller-116] DEBUG c.h.p.o.h.HiveMQPlatformReconcilerErrorHandler - [helmlega] Pod 'test-hivemq-legacy-platform-1' condition 'Initialized': False
2025-01-30 18:31:05,725 INFO c.h.h.t.HelmChartContainer - [hivemq-test-hivemq-platform] [hivemq-platform-operator] [e7767014] 18:31:05.723 [ReconcilerExecutor-hivemq-controller-116] DEBUG c.h.p.o.h.HiveMQPlatformReconcilerErrorHandler - [helmlega] Pod 'test-hivemq-legacy-platform-1' condition 'Ready': False
2025-01-30 18:31:05,725 INFO c.h.h.t.HelmChartContainer - [hivemq-test-hivemq-platform] [hivemq-platform-operator] [e7767014] 18:31:05.723 [ReconcilerExecutor-hivemq-controller-116] DEBUG c.h.p.o.h.HiveMQPlatformReconcilerErrorHandler - [helmlega] Pod 'test-hivemq-legacy-platform-1' condition 'ContainersReady': False
2025-01-30 18:31:05,725 INFO c.h.h.t.HelmChartContainer - [hivemq-test-hivemq-platform] [hivemq-platform-operator] [e7767014] 18:31:05.723 [ReconcilerExecutor-hivemq-controller-116] DEBUG c.h.p.o.h.HiveMQPlatformReconcilerErrorHandler - [helmlega] Pod 'test-hivemq-legacy-platform-1' condition 'PodScheduled': True
2025-01-30 18:31:05,725 INFO c.h.h.t.HelmChartContainer - [hivemq-test-hivemq-platform] [hivemq-platform-operator] [e7767014] 18:31:05.723 [ReconcilerExecutor-hivemq-controller-116] DEBUG c.h.p.o.h.HiveMQPlatformReconcilerErrorHandler - [helmlega] Pod 'test-hivemq-legacy-platform-1' containerStatus 'hivemq' (started: false) (ready: false) (waiting: [PodInitializing] null)
2025-01-30 18:31:05,727 INFO c.h.h.t.HelmChartContainer - [hivemq-test-hivemq-platform] [hivemq-platform-operator] [e7767014] 18:31:05.726 [ReconcilerExecutor-hivemq-controller-116] DEBUG c.h.p.o.h.HiveMQPlatformReconcilerErrorHandler - [helmlega] Pod 'test-hivemq-legacy-platform-0' phase Running
2025-01-30 18:31:05,729 INFO c.h.h.t.HelmChartContainer - [hivemq-test-hivemq-platform] [hivemq-platform-operator] [e7767014] 18:31:05.727 [ReconcilerExecutor-hivemq-controller-116] DEBUG c.h.p.o.h.HiveMQPlatformReconcilerRollingRestartHandler - [helmlega] Rolling restart is waiting for 1 of 2 replicas
2025-01-30 18:31:05,811 INFO c.h.h.t.HelmChartContainer - [EVENT] Normal [Pulled] Container image "docker.io/hivemq/hivemq-platform-operator-init-test:snapshot" already present on machine [helmlegacystatefulsetmigrationit-operator:test-hivemq-legacy-platform-1]
2025-01-30 18:31:05,818 INFO c.h.h.t.HelmChartContainer - [EVENT] Normal [Created] Created container: hivemq-platform-operator-init [helmlegacystatefulsetmigrationit-operator:test-hivemq-legacy-platform-1]
2025-01-30 18:31:05,862 INFO c.h.h.t.HelmChartContainer - [EVENT] Normal [Started] Started container hivemq-platform-operator-init [helmlegacystatefulsetmigrationit-operator:test-hivemq-legacy-platform-1]
2025-01-30 18:31:06,702 INFO c.h.h.t.HelmChartContainer - [EVENT] Normal [Pulled] Container image "docker.io/hivemq/hivemq4:4.36.0" already present on machine [helmlegacystatefulsetmigrationit-operator:test-hivemq-legacy-platform-1]
2025-01-30 18:31:06,702 INFO c.h.h.t.HelmChartContainer - Received Pulled event for container hivemq in pod test-hivemq-legacy-platform-1 [b2e5a097-19fb-461e-97a0-f47e91a22e55]
2025-01-30 18:31:06,711 INFO c.h.h.t.HelmChartContainer - [POD] test-hivemq-legacy-platform-1 [b2e5a097-19fb-461e-97a0-f47e91a22e55] in helmlegacystatefulsetmigrationit-operator was MODIFIED
2025-01-30 18:31:06,731 INFO c.h.h.t.HelmChartContainer - [hivemq-test-hivemq-platform] [hivemq-platform-operator] [e7767014] 18:31:06.721 [pool-6-thread-1] DEBUG c.h.p.o.d.PlatformServiceResource - [helmlega] Desired Platform services (4 services)
2025-01-30 18:31:06,740 INFO c.h.h.t.HelmChartContainer - [hivemq-test-hivemq-platform] [hivemq-platform-operator] [e7767014] 18:31:06.728 [pool-6-thread-4] DEBUG c.h.p.o.d.PodServiceAccountResource - [helmlega] Desired PodServiceAccountResource (serviceAccountName: hivemq-platform-pod-test-hivemq-legacy-platform)
2025-01-30 18:31:06,741 INFO c.h.h.t.HelmChartContainer - [hivemq-test-hivemq-platform] [hivemq-platform-operator] [e7767014] 18:31:06.732 [pool-6-thread-10] DEBUG c.h.p.o.dependants.PodInfoConfigMap - [helmlega] Desired PodInfo ConfigMap (2 extensions) (1 enabled)
2025-01-30 18:31:06,741 INFO c.h.h.t.HelmChartContainer - [hivemq-test-hivemq-platform] [hivemq-platform-operator] [e7767014] 18:31:06.733 [pool-6-thread-10] DEBUG c.h.p.o.dependants.PodInfoConfigMap - [helmlega] Desired PodInfo ConfigMap (metrics port: 9399) (metrics path: /)
2025-01-30 18:31:06,741 INFO c.h.h.t.HelmChartContainer - [hivemq-test-hivemq-platform] [hivemq-platform-operator] [e7767014] 18:31:06.733 [pool-6-thread-10] DEBUG c.h.p.o.dependants.PodInfoConfigMap - [helmlega] Desired PodInfo ConfigMap (extension state hash: 259316804)
2025-01-30 18:31:06,743 INFO c.h.h.t.HelmChartContainer - [EVENT] Normal [Created] Created container: hivemq [helmlegacystatefulsetmigrationit-operator:test-hivemq-legacy-platform-1]
2025-01-30 18:31:06,743 INFO c.h.h.t.HelmChartContainer - Received Created event for container hivemq in pod test-hivemq-legacy-platform-1 [b2e5a097-19fb-461e-97a0-f47e91a22e55]
2025-01-30 18:31:06,746 INFO c.h.h.t.HelmChartContainer - [hivemq-test-hivemq-platform] [hivemq-platform-operator] [e7767014] 18:31:06.744 [pool-6-thread-1] DEBUG c.h.p.o.d.StatefulSetResource - [helmlega] Desired StatefulSet (2 replicas) for status ROLLING_RESTART (SURGE_IN_PROGRESS)
2025-01-30 18:31:06,828 INFO c.h.h.t.HelmChartContainer - [hivemq-test-hivemq-platform] [hivemq-platform-operator] [e7767014] 18:31:06.824 [ReconcilerExecutor-hivemq-controller-117] INFO  c.h.p.o.HiveMQPlatformReconciler - [helmlega] Reconciling HiveMQ Platform 'test-hivemq-legacy-platform' in namespace 'helmlegacystatefulsetmigrationit-operator'
2025-01-30 18:31:06,828 INFO c.h.h.t.HelmChartContainer - [hivemq-test-hivemq-platform] [hivemq-platform-operator] [e7767014] 18:31:06.824 [ReconcilerExecutor-hivemq-controller-117] DEBUG c.h.p.o.HiveMQPlatformReconciler - [helmlega] Custom Resource Status ROLLING_RESTART - HiveMQ Platform is starting a surge Pod (rolling restart) (SURGE_IN_PROGRESS)
2025-01-30 18:31:06,828 INFO c.h.h.t.HelmChartContainer - [hivemq-test-hivemq-platform] [hivemq-platform-operator] [e7767014] 18:31:06.824 [ReconcilerExecutor-hivemq-controller-117] DEBUG c.h.p.o.HiveMQPlatformReconciler - [helmlega] Custom Resource Spec (replicas: 1) (extensions: 2)
2025-01-30 18:31:06,829 INFO c.h.h.t.HelmChartContainer - [hivemq-test-hivemq-platform] [hivemq-platform-operator] [e7767014] 18:31:06.827 [ReconcilerExecutor-hivemq-controller-117] DEBUG c.h.p.o.HiveMQPlatformReconciler - [helmlega] StatefulSet Status (revision: test-hivemq-legacy-platform-65df8dcb7f, replicas: 2, available: 1, ready: 1, current: 1, updated: 1)
2025-01-30 18:31:06,829 INFO c.h.h.t.HelmChartContainer - [hivemq-test-hivemq-platform] [hivemq-platform-operator] [e7767014] 18:31:06.827 [ReconcilerExecutor-hivemq-controller-117] DEBUG c.h.p.o.HiveMQPlatformReconciler - [helmlega] StatefulSet Spec (replicas: 2, init containers: 1, containers: 1, volumes: 6)
2025-01-30 18:31:06,830 INFO c.h.h.t.HelmChartContainer - [hivemq-test-hivemq-platform] [hivemq-platform-operator] [e7767014] 18:31:06.829 [ReconcilerExecutor-hivemq-controller-117] DEBUG c.h.p.o.h.HiveMQPlatformReconcilerErrorHandler - [helmlega] Pod 'test-hivemq-legacy-platform-1' phase Pending
2025-01-30 18:31:06,831 INFO c.h.h.t.HelmChartContainer - [hivemq-test-hivemq-platform] [hivemq-platform-operator] [e7767014] 18:31:06.829 [ReconcilerExecutor-hivemq-controller-117] DEBUG c.h.p.o.h.HiveMQPlatformReconcilerErrorHandler - [helmlega] Pod 'test-hivemq-legacy-platform-1' condition 'PodReadyToStartContainers': True
2025-01-30 18:31:06,831 INFO c.h.h.t.HelmChartContainer - [hivemq-test-hivemq-platform] [hivemq-platform-operator] [e7767014] 18:31:06.830 [ReconcilerExecutor-hivemq-controller-117] DEBUG c.h.p.o.h.HiveMQPlatformReconcilerErrorHandler - [helmlega] Pod 'test-hivemq-legacy-platform-1' condition 'Initialized': True
2025-01-30 18:31:06,831 INFO c.h.h.t.HelmChartContainer - [hivemq-test-hivemq-platform] [hivemq-platform-operator] [e7767014] 18:31:06.830 [ReconcilerExecutor-hivemq-controller-117] DEBUG c.h.p.o.h.HiveMQPlatformReconcilerErrorHandler - [helmlega] Pod 'test-hivemq-legacy-platform-1' condition 'Ready': False
2025-01-30 18:31:06,831 INFO c.h.h.t.HelmChartContainer - [hivemq-test-hivemq-platform] [hivemq-platform-operator] [e7767014] 18:31:06.830 [ReconcilerExecutor-hivemq-controller-117] DEBUG c.h.p.o.h.HiveMQPlatformReconcilerErrorHandler - [helmlega] Pod 'test-hivemq-legacy-platform-1' condition 'ContainersReady': False
2025-01-30 18:31:06,831 INFO c.h.h.t.HelmChartContainer - [hivemq-test-hivemq-platform] [hivemq-platform-operator] [e7767014] 18:31:06.830 [ReconcilerExecutor-hivemq-controller-117] DEBUG c.h.p.o.h.HiveMQPlatformReconcilerErrorHandler - [helmlega] Pod 'test-hivemq-legacy-platform-1' condition 'PodScheduled': True
2025-01-30 18:31:06,832 INFO c.h.h.t.HelmChartContainer - [hivemq-test-hivemq-platform] [hivemq-platform-operator] [e7767014] 18:31:06.830 [ReconcilerExecutor-hivemq-controller-117] DEBUG c.h.p.o.h.HiveMQPlatformReconcilerErrorHandler - [helmlega] Pod 'test-hivemq-legacy-platform-1' containerStatus 'hivemq' (started: false) (ready: false) (waiting: [PodInitializing] null)
2025-01-30 18:31:06,835 INFO c.h.h.t.HelmChartContainer - [hivemq-test-hivemq-platform] [hivemq-platform-operator] [e7767014] 18:31:06.833 [ReconcilerExecutor-hivemq-controller-117] DEBUG c.h.p.o.h.HiveMQPlatformReconcilerErrorHandler - [helmlega] Pod 'test-hivemq-legacy-platform-0' phase Running
2025-01-30 18:31:06,835 INFO c.h.h.t.HelmChartContainer - [hivemq-test-hivemq-platform] [hivemq-platform-operator] [e7767014] 18:31:06.834 [ReconcilerExecutor-hivemq-controller-117] DEBUG c.h.p.o.h.HiveMQPlatformReconcilerRollingRestartHandler - [helmlega] Rolling restart is waiting for 1 of 2 replicas
2025-01-30 18:31:07,719 INFO c.h.h.t.HelmChartContainer - [POD] test-hivemq-legacy-platform-1 [b2e5a097-19fb-461e-97a0-f47e91a22e55] in helmlegacystatefulsetmigrationit-operator was MODIFIED
2025-01-30 18:31:07,723 INFO c.h.h.t.HelmChartContainer - Started log watcher for hivemq in pod test-hivemq-legacy-platform-1 [b2e5a097-19fb-461e-97a0-f47e91a22e55]
2025-01-30 18:31:07,724 INFO c.h.h.t.HelmChartContainer - [EVENT] Normal [Started] Started container hivemq [helmlegacystatefulsetmigrationit-operator:test-hivemq-legacy-platform-1]
2025-01-30 18:31:07,724 INFO c.h.h.t.HelmChartContainer - Received Started event for container hivemq in pod test-hivemq-legacy-platform-1 [b2e5a097-19fb-461e-97a0-f47e91a22e55]
2025-01-30 18:31:07,725 INFO c.h.h.t.HelmChartContainer - [test-hivemq-legacy-platform] [hivemq] [b2e5a097] Adding pre-installed HiveMQ Platform Operator extensions
2025-01-30 18:31:07,725 INFO c.h.h.t.HelmChartContainer - [test-hivemq-legacy-platform] [hivemq] [b2e5a097] Running as user 10000
2025-01-30 18:31:07,725 INFO c.h.h.t.HelmChartContainer - [test-hivemq-legacy-platform] [hivemq] [b2e5a097] Starting HiveMQ Platform Operator Init
2025-01-30 18:31:07,725 INFO c.h.h.t.HelmChartContainer - [hivemq-test-hivemq-platform] [hivemq-platform-operator] [e7767014] 18:31:07.718 [pool-6-thread-19] DEBUG c.h.p.o.d.PlatformServiceResource - [helmlega] Desired Platform services (4 services)
2025-01-30 18:31:07,728 INFO c.h.h.t.HelmChartContainer - [hivemq-test-hivemq-platform] [hivemq-platform-operator] [e7767014] 18:31:07.723 [pool-6-thread-17] DEBUG c.h.p.o.dependants.PodInfoConfigMap - [helmlega] Desired PodInfo ConfigMap (2 extensions) (1 enabled)
2025-01-30 18:31:07,728 INFO c.h.h.t.HelmChartContainer - [hivemq-test-hivemq-platform] [hivemq-platform-operator] [e7767014] 18:31:07.726 [pool-6-thread-17] DEBUG c.h.p.o.dependants.PodInfoConfigMap - [helmlega] Desired PodInfo ConfigMap (metrics port: 9399) (metrics path: /)
2025-01-30 18:31:07,728 INFO c.h.h.t.HelmChartContainer - [hivemq-test-hivemq-platform] [hivemq-platform-operator] [e7767014] 18:31:07.726 [pool-6-thread-17] DEBUG c.h.p.o.dependants.PodInfoConfigMap - [helmlega] Desired PodInfo ConfigMap (extension state hash: 259316804)
2025-01-30 18:31:07,734 INFO c.h.h.t.HelmChartContainer - [hivemq-test-hivemq-platform] [hivemq-platform-operator] [e7767014] 18:31:07.732 [pool-6-thread-18] DEBUG c.h.p.o.d.PodServiceAccountResource - [helmlega] Desired PodServiceAccountResource (serviceAccountName: hivemq-platform-pod-test-hivemq-legacy-platform)
2025-01-30 18:31:07,746 INFO c.h.h.t.HelmChartContainer - [hivemq-test-hivemq-platform] [hivemq-platform-operator] [e7767014] 18:31:07.743 [pool-6-thread-12] DEBUG c.h.p.o.d.StatefulSetResource - [helmlega] Desired StatefulSet (2 replicas) for status ROLLING_RESTART (SURGE_IN_PROGRESS)
2025-01-30 18:31:07,771 INFO c.h.h.t.HelmChartContainer - [hivemq-test-hivemq-platform] [hivemq-platform-operator] [e7767014] 18:31:07.768 [ReconcilerExecutor-hivemq-controller-118] INFO  c.h.p.o.HiveMQPlatformReconciler - [helmlega] Reconciling HiveMQ Platform 'test-hivemq-legacy-platform' in namespace 'helmlegacystatefulsetmigrationit-operator'
2025-01-30 18:31:07,771 INFO c.h.h.t.HelmChartContainer - [hivemq-test-hivemq-platform] [hivemq-platform-operator] [e7767014] 18:31:07.768 [ReconcilerExecutor-hivemq-controller-118] DEBUG c.h.p.o.HiveMQPlatformReconciler - [helmlega] Custom Resource Status ROLLING_RESTART - HiveMQ Platform is starting a surge Pod (rolling restart) (SURGE_IN_PROGRESS)
2025-01-30 18:31:07,772 INFO c.h.h.t.HelmChartContainer - [hivemq-test-hivemq-platform] [hivemq-platform-operator] [e7767014] 18:31:07.768 [ReconcilerExecutor-hivemq-controller-118] DEBUG c.h.p.o.HiveMQPlatformReconciler - [helmlega] Custom Resource Spec (replicas: 1) (extensions: 2)
2025-01-30 18:31:07,772 INFO c.h.h.t.HelmChartContainer - [hivemq-test-hivemq-platform] [hivemq-platform-operator] [e7767014] 18:31:07.771 [ReconcilerExecutor-hivemq-controller-118] DEBUG c.h.p.o.HiveMQPlatformReconciler - [helmlega] StatefulSet Status (revision: test-hivemq-legacy-platform-65df8dcb7f, replicas: 2, available: 1, ready: 1, current: 1, updated: 1)
2025-01-30 18:31:07,772 INFO c.h.h.t.HelmChartContainer - [hivemq-test-hivemq-platform] [hivemq-platform-operator] [e7767014] 18:31:07.772 [ReconcilerExecutor-hivemq-controller-118] DEBUG c.h.p.o.HiveMQPlatformReconciler - [helmlega] StatefulSet Spec (replicas: 2, init containers: 1, containers: 1, volumes: 6)
2025-01-30 18:31:07,826 INFO c.h.h.t.HelmChartContainer - [hivemq-test-hivemq-platform] [hivemq-platform-operator] [e7767014] 18:31:07.822 [ReconcilerExecutor-hivemq-controller-118] DEBUG c.h.p.o.h.HiveMQPlatformReconcilerErrorHandler - [helmlega] Pod 'test-hivemq-legacy-platform-1' phase Running
2025-01-30 18:31:07,827 INFO c.h.h.t.HelmChartContainer - [hivemq-test-hivemq-platform] [hivemq-platform-operator] [e7767014] 18:31:07.824 [ReconcilerExecutor-hivemq-controller-118] DEBUG c.h.p.o.h.HiveMQPlatformReconcilerErrorHandler - [helmlega] Pod 'test-hivemq-legacy-platform-0' phase Running
2025-01-30 18:31:07,827 INFO c.h.h.t.HelmChartContainer - [hivemq-test-hivemq-platform] [hivemq-platform-operator] [e7767014] 18:31:07.825 [ReconcilerExecutor-hivemq-controller-118] DEBUG c.h.p.o.h.HiveMQPlatformReconcilerRollingRestartHandler - [helmlega] Rolling restart is waiting for 1 of 2 replicas
2025-01-30 18:31:08,056 INFO c.h.h.t.HelmChartContainer - [test-hivemq-legacy-platform] [hivemq] [b2e5a097] INFO  - [HiveMQ Platform Operator Init 1.7.0-SNAPSHOT] HiveMQ Platform Operator Init 1.7.0-SNAPSHOT (commit: 47e3375 on branch: HEAD) built on Thu Jan 30 03:55:50 UTC 2025
2025-01-30 18:31:09,256 INFO c.h.h.t.HelmChartContainer - [test-hivemq-legacy-platform] [hivemq] [b2e5a097] INFO  - [HiveMQ Platform Operator Init App 1.7.0-SNAPSHOT] Using bind address 10.42.0.11 from environment variable
2025-01-30 18:31:10,233 INFO c.h.h.t.HelmChartContainer - [test-hivemq-legacy-platform] [hivemq] [b2e5a097] INFO  - [HiveMQ Platform Operator Init App 1.7.0-SNAPSHOT] HiveMQ Platform Operator Init App 1.7.0-SNAPSHOT (commit: 47e3375 on branch: HEAD) built on Thu Jan 30 03:55:50 UTC 2025
2025-01-30 18:31:10,233 INFO c.h.h.t.HelmChartContainer - [test-hivemq-legacy-platform] [hivemq] [b2e5a097] INFO  - [HiveMQ Platform Operator Init App 1.7.0-SNAPSHOT] PodInfo ConfigMap directory: /etc/podinfo
2025-01-30 18:31:10,233 INFO c.h.h.t.HelmChartContainer - [test-hivemq-legacy-platform] [hivemq] [b2e5a097] INFO  - [HiveMQ Platform Operator Init App 1.7.0-SNAPSHOT] HiveMQ home directory: /opt/hivemq
2025-01-30 18:31:10,233 INFO c.h.h.t.HelmChartContainer - [test-hivemq-legacy-platform] [hivemq] [b2e5a097] INFO  - [HiveMQ Platform Operator Init App 1.7.0-SNAPSHOT] HiveMQ Logback folder: /opt/hivemq/conf
2025-01-30 18:31:10,233 INFO c.h.h.t.HelmChartContainer - [test-hivemq-legacy-platform] [hivemq] [b2e5a097] INFO  - [HiveMQ Platform Operator Init App 1.7.0-SNAPSHOT] HiveMQ Config folder: /opt/hivemq/conf-k8s
2025-01-30 18:31:10,234 INFO c.h.h.t.HelmChartContainer - [test-hivemq-legacy-platform] [hivemq] [b2e5a097] INFO  - [HiveMQ Platform Operator Init App 1.7.0-SNAPSHOT] Starting HiveMQ Platform Operator Init App
2025-01-30 18:31:10,234 INFO c.h.h.t.HelmChartContainer - [test-hivemq-legacy-platform] [hivemq] [b2e5a097] INFO  - [HiveMQ Platform Operator Init App 1.7.0-SNAPSHOT] Starting Pod reconciler
2025-01-30 18:31:11,552 INFO c.h.h.t.HelmChartContainer - [test-hivemq-legacy-platform] [hivemq] [b2e5a097] INFO  - [HiveMQ Platform Operator Init App 1.7.0-SNAPSHOT] Pod reconciler is scheduled (interval: 5000 ms)
2025-01-30 18:31:11,553 INFO c.h.h.t.HelmChartContainer - [test-hivemq-legacy-platform] [hivemq] [b2e5a097] INFO  - [HiveMQ Platform Operator Init App 1.7.0-SNAPSHOT] Starting the REST API on 10.42.0.11:7979
2025-01-30 18:31:11,556 INFO c.h.h.t.HelmChartContainer - [test-hivemq-legacy-platform] [hivemq] [b2e5a097] INFO  - [HiveMQ Platform Operator Init App 1.7.0-SNAPSHOT] Waiting up to 600s for at most 2 HiveMQ nodes in cluster service hivemq-test-hivemq-legacy-platform-cluster.helmlegacystatefulsetmigrationit-operator.svc
2025-01-30 18:31:11,950 INFO c.h.h.t.HelmChartContainer - [test-hivemq-legacy-platform] [hivemq] [b2e5a097] INFO  - [HiveMQ Platform Operator Init App 1.7.0-SNAPSHOT] Resolved 2 IP addresses: [10.42.0.8, 10.42.0.11]
2025-01-30 18:31:11,950 INFO c.h.h.t.HelmChartContainer - [test-hivemq-legacy-platform] [hivemq] [b2e5a097] INFO  - [HiveMQ Platform Operator Init App 1.7.0-SNAPSHOT] HiveMQ node count of 2 is within threshold of 2
2025-01-30 18:31:11,950 INFO c.h.h.t.HelmChartContainer - [test-hivemq-legacy-platform] [hivemq] [b2e5a097] INFO  - [HiveMQ Platform Operator Init App 1.7.0-SNAPSHOT] Waiting 15s for previous shutdown replication to finish...
2025-01-30 18:31:13,711 INFO c.h.h.t.HelmChartContainer - [test-hivemq-legacy-platform] [hivemq] [b2e5a097] INFO  - [HiveMQ Platform Operator Init App 1.7.0-SNAPSHOT] Returning default Health API response 503 for readiness
2025-01-30 18:31:13,765 INFO c.h.h.t.HelmChartContainer - [EVENT] Warning [Unhealthy] Readiness probe failed: HTTP probe failed with statuscode: 503 [helmlegacystatefulsetmigrationit-operator:test-hivemq-legacy-platform-1]
2025-01-30 18:31:13,765 INFO c.h.h.t.HelmChartContainer - Received Unhealthy event for container hivemq in pod test-hivemq-legacy-platform-1 [b2e5a097-19fb-461e-97a0-f47e91a22e55]
2025-01-30 18:31:17,838 INFO c.h.h.t.HelmChartContainer - [hivemq-test-hivemq-platform] [hivemq-platform-operator] [e7767014] 18:31:17.834 [pool-6-thread-24] DEBUG c.h.p.o.d.PlatformServiceResource - [helmlega] Desired Platform services (4 services)
2025-01-30 18:31:17,839 INFO c.h.h.t.HelmChartContainer - [hivemq-test-hivemq-platform] [hivemq-platform-operator] [e7767014] 18:31:17.835 [pool-6-thread-23] DEBUG c.h.p.o.dependants.PodInfoConfigMap - [helmlega] Desired PodInfo ConfigMap (2 extensions) (1 enabled)
2025-01-30 18:31:17,839 INFO c.h.h.t.HelmChartContainer - [hivemq-test-hivemq-platform] [hivemq-platform-operator] [e7767014] 18:31:17.835 [pool-6-thread-23] DEBUG c.h.p.o.dependants.PodInfoConfigMap - [helmlega] Desired PodInfo ConfigMap (metrics port: 9399) (metrics path: /)
2025-01-30 18:31:17,839 INFO c.h.h.t.HelmChartContainer - [hivemq-test-hivemq-platform] [hivemq-platform-operator] [e7767014] 18:31:17.835 [pool-6-thread-23] DEBUG c.h.p.o.dependants.PodInfoConfigMap - [helmlega] Desired PodInfo ConfigMap (extension state hash: 259316804)
2025-01-30 18:31:17,839 INFO c.h.h.t.HelmChartContainer - [hivemq-test-hivemq-platform] [hivemq-platform-operator] [e7767014] 18:31:17.837 [pool-6-thread-23] DEBUG c.h.p.o.d.PodServiceAccountResource - [helmlega] Desired PodServiceAccountResource (serviceAccountName: hivemq-platform-pod-test-hivemq-legacy-platform)
2025-01-30 18:31:17,845 INFO c.h.h.t.HelmChartContainer - [hivemq-test-hivemq-platform] [hivemq-platform-operator] [e7767014] 18:31:17.843 [pool-6-thread-24] DEBUG c.h.p.o.d.StatefulSetResource - [helmlega] Desired StatefulSet (2 replicas) for status ROLLING_RESTART (SURGE_IN_PROGRESS)
2025-01-30 18:31:17,924 INFO c.h.h.t.HelmChartContainer - [hivemq-test-hivemq-platform] [hivemq-platform-operator] [e7767014] 18:31:17.921 [ReconcilerExecutor-hivemq-controller-119] INFO  c.h.p.o.HiveMQPlatformReconciler - [helmlega] Reconciling HiveMQ Platform 'test-hivemq-legacy-platform' in namespace 'helmlegacystatefulsetmigrationit-operator'
2025-01-30 18:31:17,926 INFO c.h.h.t.HelmChartContainer - [hivemq-test-hivemq-platform] [hivemq-platform-operator] [e7767014] 18:31:17.921 [ReconcilerExecutor-hivemq-controller-119] DEBUG c.h.p.o.HiveMQPlatformReconciler - [helmlega] Custom Resource Status ROLLING_RESTART - HiveMQ Platform is starting a surge Pod (rolling restart) (SURGE_IN_PROGRESS)
2025-01-30 18:31:17,927 INFO c.h.h.t.HelmChartContainer - [hivemq-test-hivemq-platform] [hivemq-platform-operator] [e7767014] 18:31:17.921 [ReconcilerExecutor-hivemq-controller-119] DEBUG c.h.p.o.HiveMQPlatformReconciler - [helmlega] Custom Resource Spec (replicas: 1) (extensions: 2)
2025-01-30 18:31:17,927 INFO c.h.h.t.HelmChartContainer - [hivemq-test-hivemq-platform] [hivemq-platform-operator] [e7767014] 18:31:17.924 [ReconcilerExecutor-hivemq-controller-119] DEBUG c.h.p.o.HiveMQPlatformReconciler - [helmlega] StatefulSet Status (revision: test-hivemq-legacy-platform-65df8dcb7f, replicas: 2, available: 1, ready: 1, current: 1, updated: 1)
2025-01-30 18:31:17,927 INFO c.h.h.t.HelmChartContainer - [hivemq-test-hivemq-platform] [hivemq-platform-operator] [e7767014] 18:31:17.924 [ReconcilerExecutor-hivemq-controller-119] DEBUG c.h.p.o.HiveMQPlatformReconciler - [helmlega] StatefulSet Spec (replicas: 2, init containers: 1, containers: 1, volumes: 6)
2025-01-30 18:31:17,928 INFO c.h.h.t.HelmChartContainer - [hivemq-test-hivemq-platform] [hivemq-platform-operator] [e7767014] 18:31:17.926 [ReconcilerExecutor-hivemq-controller-119] DEBUG c.h.p.o.h.HiveMQPlatformReconcilerErrorHandler - [helmlega] Pod 'test-hivemq-legacy-platform-1' phase Running
2025-01-30 18:31:17,929 INFO c.h.h.t.HelmChartContainer - [hivemq-test-hivemq-platform] [hivemq-platform-operator] [e7767014] 18:31:17.928 [ReconcilerExecutor-hivemq-controller-119] DEBUG c.h.p.o.h.HiveMQPlatformReconcilerErrorHandler - [helmlega] Pod 'test-hivemq-legacy-platform-0' phase Running
2025-01-30 18:31:17,930 INFO c.h.h.t.HelmChartContainer - [hivemq-test-hivemq-platform] [hivemq-platform-operator] [e7767014] 18:31:17.928 [ReconcilerExecutor-hivemq-controller-119] DEBUG c.h.p.o.h.HiveMQPlatformReconcilerRollingRestartHandler - [helmlega] Rolling restart is waiting for 1 of 2 replicas
2025-01-30 18:31:18,749 INFO c.h.h.t.HelmChartContainer - [EVENT] Warning [Unhealthy] Readiness probe failed: HTTP probe failed with statuscode: 503 [helmlegacystatefulsetmigrationit-operator:test-hivemq-legacy-platform-1]
2025-01-30 18:31:18,749 INFO c.h.h.t.HelmChartContainer - Received Unhealthy event for container hivemq in pod test-hivemq-legacy-platform-1 [b2e5a097-19fb-461e-97a0-f47e91a22e55]
2025-01-30 18:31:18,961 INFO c.h.h.t.HelmChartContainer - [test-hivemq-legacy-platform] [hivemq] [b2e5a097] INFO  - [HiveMQ Platform Operator Init App 1.7.0-SNAPSHOT] Updating Pod HiveMQ Platform Operator Init App version annotation (version: 1.7.0-SNAPSHOT)
2025-01-30 18:31:19,353 INFO c.h.h.t.HelmChartContainer - [POD] test-hivemq-legacy-platform-1 [b2e5a097-19fb-461e-97a0-f47e91a22e55] in helmlegacystatefulsetmigrationit-operator was MODIFIED
2025-01-30 18:31:19,362 INFO c.h.h.t.HelmChartContainer - [hivemq-test-hivemq-platform] [hivemq-platform-operator] [e7767014] 18:31:19.359 [pool-6-thread-34] DEBUG c.h.p.o.d.PlatformServiceResource - [helmlega] Desired Platform services (4 services)
2025-01-30 18:31:19,366 INFO c.h.h.t.HelmChartContainer - [EVENT] Warning [Unhealthy] Readiness probe failed: HTTP probe failed with statuscode: 503 [helmlegacystatefulsetmigrationit-operator:test-hivemq-legacy-platform-1]
2025-01-30 18:31:19,366 INFO c.h.h.t.HelmChartContainer - Received Unhealthy event for container hivemq in pod test-hivemq-legacy-platform-1 [b2e5a097-19fb-461e-97a0-f47e91a22e55]
2025-01-30 18:31:19,368 INFO c.h.h.t.HelmChartContainer - [hivemq-test-hivemq-platform] [hivemq-platform-operator] [e7767014] 18:31:19.362 [pool-6-thread-38] DEBUG c.h.p.o.dependants.PodInfoConfigMap - [helmlega] Desired PodInfo ConfigMap (2 extensions) (1 enabled)
2025-01-30 18:31:19,368 INFO c.h.h.t.HelmChartContainer - [hivemq-test-hivemq-platform] [hivemq-platform-operator] [e7767014] 18:31:19.362 [pool-6-thread-38] DEBUG c.h.p.o.dependants.PodInfoConfigMap - [helmlega] Desired PodInfo ConfigMap (metrics port: 9399) (metrics path: /)
2025-01-30 18:31:19,368 INFO c.h.h.t.HelmChartContainer - [hivemq-test-hivemq-platform] [hivemq-platform-operator] [e7767014] 18:31:19.362 [pool-6-thread-38] DEBUG c.h.p.o.dependants.PodInfoConfigMap - [helmlega] Desired PodInfo ConfigMap (extension state hash: 259316804)
2025-01-30 18:31:19,371 INFO c.h.h.t.HelmChartContainer - [test-hivemq-legacy-platform] [hivemq] [b2e5a097] INFO  - [HiveMQ Platform Operator Init App 1.7.0-SNAPSHOT] Successfully updated Pod HiveMQ Platform Operator Init App version annotation (version: 1.7.0-SNAPSHOT)
2025-01-30 18:31:19,371 INFO c.h.h.t.HelmChartContainer - [hivemq-test-hivemq-platform] [hivemq-platform-operator] [e7767014] 18:31:19.366 [pool-6-thread-38] DEBUG c.h.p.o.d.PodServiceAccountResource - [helmlega] Desired PodServiceAccountResource (serviceAccountName: hivemq-platform-pod-test-hivemq-legacy-platform)
2025-01-30 18:31:19,374 INFO c.h.h.t.HelmChartContainer - [hivemq-test-hivemq-platform] [hivemq-platform-operator] [e7767014] 18:31:19.373 [pool-6-thread-36] DEBUG c.h.p.o.d.StatefulSetResource - [helmlega] Desired StatefulSet (2 replicas) for status ROLLING_RESTART (SURGE_IN_PROGRESS)
2025-01-30 18:31:19,379 INFO c.h.h.t.HelmChartContainer - [hivemq-test-hivemq-platform] [hivemq-platform-operator] [e7767014] 18:31:19.378 [ReconcilerExecutor-hivemq-controller-120] INFO  c.h.p.o.HiveMQPlatformReconciler - [helmlega] Reconciling HiveMQ Platform 'test-hivemq-legacy-platform' in namespace 'helmlegacystatefulsetmigrationit-operator'
2025-01-30 18:31:19,379 INFO c.h.h.t.HelmChartContainer - [hivemq-test-hivemq-platform] [hivemq-platform-operator] [e7767014] 18:31:19.378 [ReconcilerExecutor-hivemq-controller-120] DEBUG c.h.p.o.HiveMQPlatformReconciler - [helmlega] Custom Resource Status ROLLING_RESTART - HiveMQ Platform is starting a surge Pod (rolling restart) (SURGE_IN_PROGRESS)
2025-01-30 18:31:19,380 INFO c.h.h.t.HelmChartContainer - [hivemq-test-hivemq-platform] [hivemq-platform-operator] [e7767014] 18:31:19.378 [ReconcilerExecutor-hivemq-controller-120] DEBUG c.h.p.o.HiveMQPlatformReconciler - [helmlega] Custom Resource Spec (replicas: 1) (extensions: 2)
2025-01-30 18:31:19,384 INFO c.h.h.t.HelmChartContainer - [hivemq-test-hivemq-platform] [hivemq-platform-operator] [e7767014] 18:31:19.383 [ReconcilerExecutor-hivemq-controller-120] DEBUG c.h.p.o.HiveMQPlatformReconciler - [helmlega] StatefulSet Status (revision: test-hivemq-legacy-platform-65df8dcb7f, replicas: 2, available: 1, ready: 1, current: 1, updated: 1)
2025-01-30 18:31:19,423 INFO c.h.h.t.HelmChartContainer - [hivemq-test-hivemq-platform] [hivemq-platform-operator] [e7767014] 18:31:19.421 [ReconcilerExecutor-hivemq-controller-120] DEBUG c.h.p.o.HiveMQPlatformReconciler - [helmlega] StatefulSet Spec (replicas: 2, init containers: 1, containers: 1, volumes: 6)
2025-01-30 18:31:19,424 INFO c.h.h.t.HelmChartContainer - [hivemq-test-hivemq-platform] [hivemq-platform-operator] [e7767014] 18:31:19.423 [ReconcilerExecutor-hivemq-controller-120] DEBUG c.h.p.o.h.HiveMQPlatformReconcilerErrorHandler - [helmlega] Pod 'test-hivemq-legacy-platform-1' phase Running
2025-01-30 18:31:19,426 INFO c.h.h.t.HelmChartContainer - [hivemq-test-hivemq-platform] [hivemq-platform-operator] [e7767014] 18:31:19.425 [ReconcilerExecutor-hivemq-controller-120] DEBUG c.h.p.o.h.HiveMQPlatformReconcilerErrorHandler - [helmlega] Pod 'test-hivemq-legacy-platform-0' phase Running
2025-01-30 18:31:19,427 INFO c.h.h.t.HelmChartContainer - [hivemq-test-hivemq-platform] [hivemq-platform-operator] [e7767014] 18:31:19.426 [ReconcilerExecutor-hivemq-controller-120] DEBUG c.h.p.o.h.HiveMQPlatformReconcilerRollingRestartHandler - [helmlega] Rolling restart is waiting for 1 of 2 replicas
2025-01-30 18:31:24,360 INFO c.h.h.t.HelmChartContainer - [EVENT] Warning [Unhealthy] Readiness probe failed: HTTP probe failed with statuscode: 503 [helmlegacystatefulsetmigrationit-operator:test-hivemq-legacy-platform-1]
2025-01-30 18:31:24,360 INFO c.h.h.t.HelmChartContainer - Received Unhealthy event for container hivemq in pod test-hivemq-legacy-platform-1 [b2e5a097-19fb-461e-97a0-f47e91a22e55]
2025-01-30 18:31:26,950 INFO c.h.h.t.HelmChartContainer - [test-hivemq-legacy-platform] [hivemq] [b2e5a097] INFO  - [HiveMQ Platform Operator Init App 1.7.0-SNAPSHOT] Proceeding with container start
2025-01-30 18:31:26,954 INFO c.h.h.t.HelmChartContainer - [test-hivemq-legacy-platform] [hivemq] [b2e5a097] INFO  - [HiveMQ Platform Operator Init App 1.7.0-SNAPSHOT] Initializing HiveMQ Platform extensions with initial configuration: {hivemq-allow-all-extension={start-priority=-1, skip-https-hostname-verification=false, restart=true, config-version=0, header-version=0, c-uri=, priority=-1, uri=preinstalled, skip-https-certificate-validation=false, enabled=false}, hivemq-enterprise-security-extension={start-priority=-1, skip-https-hostname-verification=false, restart=true, config-version=734, header-version=0, c-uri=, priority=-1, uri=preinstalled, skip-https-certificate-validation=false, enabled=true}, hivemq-prometheus-extension={restart=true, enabled=true, request-header-path=no-request-headers, uri=preinstalled, skip-https-certificate-validation=false, skip-https-hostname-verification=false, c-uri=, start-priority=-1, priority=-1}}
2025-01-30 18:31:26,955 INFO c.h.h.t.HelmChartContainer - [test-hivemq-legacy-platform] [hivemq] [b2e5a097] INFO  - [HiveMQ Platform Operator Init App 1.7.0-SNAPSHOT] Successfully disabled extension hivemq-allow-all-extension
2025-01-30 18:31:27,444 INFO c.h.h.t.HelmChartContainer - [test-hivemq-legacy-platform] [hivemq] [b2e5a097] INFO  - [HiveMQ Platform Operator Init App 1.7.0-SNAPSHOT] Successfully enabled extension hivemq-enterprise-security-extension
2025-01-30 18:31:27,459 INFO c.h.h.t.HelmChartContainer - [test-hivemq-legacy-platform] [hivemq] [b2e5a097] INFO  - [HiveMQ Platform Operator Init App 1.7.0-SNAPSHOT] Successfully enabled extension hivemq-prometheus-extension
2025-01-30 18:31:27,462 INFO c.h.h.t.HelmChartContainer - [test-hivemq-legacy-platform] [hivemq] [b2e5a097] INFO  - [HiveMQ Platform Operator Init App 1.7.0-SNAPSHOT] Starting HiveMQ Platform version 4.36.0 (4.36.0)
2025-01-30 18:31:27,462 INFO c.h.h.t.HelmChartContainer - [test-hivemq-legacy-platform] [hivemq] [b2e5a097] INFO  - [HiveMQ Platform Operator Init App 1.7.0-SNAPSHOT] Configuring the HiveMQ Platform
2025-01-30 18:31:27,553 INFO c.h.h.t.HelmChartContainer - [test-hivemq-legacy-platform] [hivemq] [b2e5a097] INFO  - [HiveMQ Platform Operator Init App 1.7.0-SNAPSHOT] Changed logback.xml file scan period to 20 seconds
2025-01-30 18:31:27,649 INFO c.h.h.t.HelmChartContainer - [test-hivemq-legacy-platform] [hivemq] [b2e5a097] INFO  - [HiveMQ Platform Operator Init App 1.7.0-SNAPSHOT] Starting the HiveMQ Platform
2025-01-30 18:31:27,652 INFO c.h.h.t.HelmChartContainer - [test-hivemq-legacy-platform] [hivemq] [b2e5a097] -------------------------------------------------------------------------
2025-01-30 18:31:27,652 INFO c.h.h.t.HelmChartContainer - [test-hivemq-legacy-platform] [hivemq] [b2e5a097] 
2025-01-30 18:31:27,652 INFO c.h.h.t.HelmChartContainer - [test-hivemq-legacy-platform] [hivemq] [b2e5a097]                   _    _  _              __  __   ____
2025-01-30 18:31:27,653 INFO c.h.h.t.HelmChartContainer - [test-hivemq-legacy-platform] [hivemq] [b2e5a097]                  | |  | |(_)            |  \/  | / __ \
2025-01-30 18:31:27,653 INFO c.h.h.t.HelmChartContainer - [test-hivemq-legacy-platform] [hivemq] [b2e5a097]                  | |__| | _ __   __ ___ | \  / || |  | |
2025-01-30 18:31:27,653 INFO c.h.h.t.HelmChartContainer - [test-hivemq-legacy-platform] [hivemq] [b2e5a097]                  |  __  || |\ \ / // _ \| |\/| || |  | |
2025-01-30 18:31:27,653 INFO c.h.h.t.HelmChartContainer - [test-hivemq-legacy-platform] [hivemq] [b2e5a097]                  | |  | || | \ V /|  __/| |  | || |__| |
2025-01-30 18:31:27,653 INFO c.h.h.t.HelmChartContainer - [test-hivemq-legacy-platform] [hivemq] [b2e5a097]                  |_|  |_||_|  \_/  \___||_|  |_| \___\_\
2025-01-30 18:31:27,654 INFO c.h.h.t.HelmChartContainer - [test-hivemq-legacy-platform] [hivemq] [b2e5a097] 
2025-01-30 18:31:27,654 INFO c.h.h.t.HelmChartContainer - [test-hivemq-legacy-platform] [hivemq] [b2e5a097] -------------------------------------------------------------------------
2025-01-30 18:31:27,654 INFO c.h.h.t.HelmChartContainer - [test-hivemq-legacy-platform] [hivemq] [b2e5a097] 
2025-01-30 18:31:27,654 INFO c.h.h.t.HelmChartContainer - [test-hivemq-legacy-platform] [hivemq] [b2e5a097]   HiveMQ Start Script for Linux/Unix v1.14
2025-01-30 18:31:27,654 INFO c.h.h.t.HelmChartContainer - [test-hivemq-legacy-platform] [hivemq] [b2e5a097] 
2025-01-30 18:31:27,751 INFO c.h.h.t.HelmChartContainer - [test-hivemq-legacy-platform] [hivemq] [b2e5a097] -------------------------------------------------------------------------
2025-01-30 18:31:27,751 INFO c.h.h.t.HelmChartContainer - [test-hivemq-legacy-platform] [hivemq] [b2e5a097] 
2025-01-30 18:31:27,751 INFO c.h.h.t.HelmChartContainer - [test-hivemq-legacy-platform] [hivemq] [b2e5a097]   HIVEMQ_HOME: /opt/hivemq
2025-01-30 18:31:27,751 INFO c.h.h.t.HelmChartContainer - [test-hivemq-legacy-platform] [hivemq] [b2e5a097] 
2025-01-30 18:31:27,751 INFO c.h.h.t.HelmChartContainer - [test-hivemq-legacy-platform] [hivemq] [b2e5a097]   JAVA_OPTS: -XX:+UnlockExperimentalVMOptions -XX:InitialRAMPercentage=50 -XX:MaxRAMPercentage=50 -Djava.net.preferIPv4Stack=true --add-opens java.base/java.lang=ALL-UNNAMED --add-opens java.base/java.nio=ALL-UNNAMED --add-opens java.base/sun.nio.ch=ALL-UNNAMED --add-opens jdk.management/com.sun.management.internal=ALL-UNNAMED --add-exports java.base/jdk.internal.misc=ALL-UNNAMED -Djava.security.egd=file:/dev/./urandom -Dcom.sun.management.jmxremote -Dcom.sun.management.jmxremote.port=9010 -Dcom.sun.management.jmxremote.local.only=false -Dcom.sun.management.jmxremote.authenticate=false -Dcom.sun.management.jmxremote.ssl=false -Duser.language=en -Duser.region=US -XX:+CrashOnOutOfMemoryError -XX:+HeapDumpOnOutOfMemoryError
2025-01-30 18:31:27,751 INFO c.h.h.t.HelmChartContainer - [test-hivemq-legacy-platform] [hivemq] [b2e5a097] 
2025-01-30 18:31:27,751 INFO c.h.h.t.HelmChartContainer - [test-hivemq-legacy-platform] [hivemq] [b2e5a097]   JAVA_VERSION: 21
2025-01-30 18:31:27,751 INFO c.h.h.t.HelmChartContainer - [test-hivemq-legacy-platform] [hivemq] [b2e5a097] 
2025-01-30 18:31:27,751 INFO c.h.h.t.HelmChartContainer - [test-hivemq-legacy-platform] [hivemq] [b2e5a097] -------------------------------------------------------------------------
2025-01-30 18:31:27,752 INFO c.h.h.t.HelmChartContainer - [test-hivemq-legacy-platform] [hivemq] [b2e5a097] 
2025-01-30 18:31:29,363 INFO c.h.h.t.HelmChartContainer - [EVENT] Warning [Unhealthy] Readiness probe failed: HTTP probe failed with statuscode: 503 [helmlegacystatefulsetmigrationit-operator:test-hivemq-legacy-platform-1]
2025-01-30 18:31:29,363 INFO c.h.h.t.HelmChartContainer - Received Unhealthy event for container hivemq in pod test-hivemq-legacy-platform-1 [b2e5a097-19fb-461e-97a0-f47e91a22e55]
2025-01-30 18:31:29,412 INFO c.h.h.t.HelmChartContainer - [K3S] [scope.go:117] "RemoveContainer" containerID="a15f7c7dc5b058bd734b79131615cb87c9faa916392b73399a3b164bffe550a2"
2025-01-30 18:31:29,435 INFO c.h.h.t.HelmChartContainer - [hivemq-test-hivemq-platform] [hivemq-platform-operator] [e7767014] 18:31:29.431 [pool-6-thread-49] DEBUG c.h.p.o.d.PlatformServiceResource - [helmlega] Desired Platform services (4 services)
2025-01-30 18:31:29,435 INFO c.h.h.t.HelmChartContainer - [hivemq-test-hivemq-platform] [hivemq-platform-operator] [e7767014] 18:31:29.432 [pool-6-thread-48] DEBUG c.h.p.o.dependants.PodInfoConfigMap - [helmlega] Desired PodInfo ConfigMap (2 extensions) (1 enabled)
2025-01-30 18:31:29,435 INFO c.h.h.t.HelmChartContainer - [hivemq-test-hivemq-platform] [hivemq-platform-operator] [e7767014] 18:31:29.432 [pool-6-thread-48] DEBUG c.h.p.o.dependants.PodInfoConfigMap - [helmlega] Desired PodInfo ConfigMap (metrics port: 9399) (metrics path: /)
2025-01-30 18:31:29,435 INFO c.h.h.t.HelmChartContainer - [hivemq-test-hivemq-platform] [hivemq-platform-operator] [e7767014] 18:31:29.432 [pool-6-thread-48] DEBUG c.h.p.o.dependants.PodInfoConfigMap - [helmlega] Desired PodInfo ConfigMap (extension state hash: 259316804)
2025-01-30 18:31:29,435 INFO c.h.h.t.HelmChartContainer - [hivemq-test-hivemq-platform] [hivemq-platform-operator] [e7767014] 18:31:29.432 [pool-6-thread-41] DEBUG c.h.p.o.d.PodServiceAccountResource - [helmlega] Desired PodServiceAccountResource (serviceAccountName: hivemq-platform-pod-test-hivemq-legacy-platform)
2025-01-30 18:31:29,449 INFO c.h.h.t.HelmChartContainer - [hivemq-test-hivemq-platform] [hivemq-platform-operator] [e7767014] 18:31:29.446 [pool-6-thread-49] DEBUG c.h.p.o.d.StatefulSetResource - [helmlega] Desired StatefulSet (2 replicas) for status ROLLING_RESTART (SURGE_IN_PROGRESS)
2025-01-30 18:31:29,526 INFO c.h.h.t.HelmChartContainer - [hivemq-test-hivemq-platform] [hivemq-platform-operator] [e7767014] 18:31:29.524 [ReconcilerExecutor-hivemq-controller-121] INFO  c.h.p.o.HiveMQPlatformReconciler - [helmlega] Reconciling HiveMQ Platform 'test-hivemq-legacy-platform' in namespace 'helmlegacystatefulsetmigrationit-operator'
2025-01-30 18:31:29,526 INFO c.h.h.t.HelmChartContainer - [hivemq-test-hivemq-platform] [hivemq-platform-operator] [e7767014] 18:31:29.524 [ReconcilerExecutor-hivemq-controller-121] DEBUG c.h.p.o.HiveMQPlatformReconciler - [helmlega] Custom Resource Status ROLLING_RESTART - HiveMQ Platform is starting a surge Pod (rolling restart) (SURGE_IN_PROGRESS)
2025-01-30 18:31:29,526 INFO c.h.h.t.HelmChartContainer - [hivemq-test-hivemq-platform] [hivemq-platform-operator] [e7767014] 18:31:29.524 [ReconcilerExecutor-hivemq-controller-121] DEBUG c.h.p.o.HiveMQPlatformReconciler - [helmlega] Custom Resource Spec (replicas: 1) (extensions: 2)
2025-01-30 18:31:29,528 INFO c.h.h.t.HelmChartContainer - [hivemq-test-hivemq-platform] [hivemq-platform-operator] [e7767014] 18:31:29.527 [ReconcilerExecutor-hivemq-controller-121] DEBUG c.h.p.o.HiveMQPlatformReconciler - [helmlega] StatefulSet Status (revision: test-hivemq-legacy-platform-65df8dcb7f, replicas: 2, available: 1, ready: 1, current: 1, updated: 1)
2025-01-30 18:31:29,528 INFO c.h.h.t.HelmChartContainer - [hivemq-test-hivemq-platform] [hivemq-platform-operator] [e7767014] 18:31:29.527 [ReconcilerExecutor-hivemq-controller-121] DEBUG c.h.p.o.HiveMQPlatformReconciler - [helmlega] StatefulSet Spec (replicas: 2, init containers: 1, containers: 1, volumes: 6)
2025-01-30 18:31:29,529 INFO c.h.h.t.HelmChartContainer - [hivemq-test-hivemq-platform] [hivemq-platform-operator] [e7767014] 18:31:29.529 [ReconcilerExecutor-hivemq-controller-121] DEBUG c.h.p.o.h.HiveMQPlatformReconcilerErrorHandler - [helmlega] Pod 'test-hivemq-legacy-platform-1' phase Running
2025-01-30 18:31:29,532 INFO c.h.h.t.HelmChartContainer - [hivemq-test-hivemq-platform] [hivemq-platform-operator] [e7767014] 18:31:29.531 [ReconcilerExecutor-hivemq-controller-121] DEBUG c.h.p.o.h.HiveMQPlatformReconcilerErrorHandler - [helmlega] Pod 'test-hivemq-legacy-platform-0' phase Running
2025-01-30 18:31:29,533 INFO c.h.h.t.HelmChartContainer - [hivemq-test-hivemq-platform] [hivemq-platform-operator] [e7767014] 18:31:29.532 [ReconcilerExecutor-hivemq-controller-121] DEBUG c.h.p.o.h.HiveMQPlatformReconcilerRollingRestartHandler - [helmlega] Rolling restart is waiting for 1 of 2 replicas
2025-01-30 18:31:30,258 INFO c.h.h.t.HelmChartContainer - [test-hivemq-legacy-platform] [hivemq] [b2e5a097] INFO  - Starting HiveMQ Enterprise Server
2025-01-30 18:31:30,346 INFO c.h.h.t.HelmChartContainer - [test-hivemq-legacy-platform] [hivemq] [b2e5a097] INFO  - HiveMQ version: 4.36.0
2025-01-30 18:31:30,346 INFO c.h.h.t.HelmChartContainer - [test-hivemq-legacy-platform] [hivemq] [b2e5a097] INFO  - HiveMQ home directory: /opt/hivemq
2025-01-30 18:31:30,346 INFO c.h.h.t.HelmChartContainer - [test-hivemq-legacy-platform] [hivemq] [b2e5a097] INFO  - Log Configuration was overridden by /opt/hivemq/conf/logback.xml
2025-01-30 18:31:31,558 INFO c.h.h.t.HelmChartContainer - [test-hivemq-legacy-platform] [hivemq] [b2e5a097] INFO  - Successfully loaded configuration from '/opt/hivemq/conf-k8s/config.xml'.
2025-01-30 18:31:31,945 INFO c.h.h.t.HelmChartContainer - [test-hivemq-legacy-platform] [hivemq] [b2e5a097] INFO  - This node's ID is DpVGA
2025-01-30 18:31:31,945 INFO c.h.h.t.HelmChartContainer - [test-hivemq-legacy-platform] [hivemq] [b2e5a097] INFO  - Clustering is enabled
2025-01-30 18:31:34,554 INFO c.h.h.t.HelmChartContainer - [test-hivemq-legacy-platform] [hivemq] [b2e5a097] WARN  - [HiveMQ Platform Operator Init App 1.7.0-SNAPSHOT] Cannot connect to Health API for readiness: null
2025-01-30 18:31:34,559 INFO c.h.h.t.HelmChartContainer - [EVENT] Warning [Unhealthy] Readiness probe failed: HTTP probe failed with statuscode: 503 [helmlegacystatefulsetmigrationit-operator:test-hivemq-legacy-platform-1]
2025-01-30 18:31:34,559 INFO c.h.h.t.HelmChartContainer - Received Unhealthy event for container hivemq in pod test-hivemq-legacy-platform-1 [b2e5a097-19fb-461e-97a0-f47e91a22e55]
2025-01-30 18:31:35,746 INFO c.h.h.t.HelmChartContainer - [test-hivemq-legacy-platform] [hivemq] [b2e5a097] WARN  - [HiveMQ Platform Operator Init App 1.7.0-SNAPSHOT] Cannot connect to Health API for liveness: null
2025-01-30 18:31:35,746 INFO c.h.h.t.HelmChartContainer - [test-hivemq-legacy-platform] [hivemq] [b2e5a097] INFO  - [HiveMQ Platform Operator Init App 1.7.0-SNAPSHOT] Returning default Health API response 200 for liveness
2025-01-30 18:31:39,446 INFO c.h.h.t.HelmChartContainer - [test-hivemq-legacy-platform] [hivemq] [b2e5a097] WARN  - [HiveMQ Platform Operator Init App 1.7.0-SNAPSHOT] Cannot connect to Health API for readiness: null
2025-01-30 18:31:39,452 INFO c.h.h.t.HelmChartContainer - [EVENT] Warning [Unhealthy] Readiness probe failed: HTTP probe failed with statuscode: 503 [helmlegacystatefulsetmigrationit-operator:test-hivemq-legacy-platform-1]
2025-01-30 18:31:39,452 INFO c.h.h.t.HelmChartContainer - Received Unhealthy event for container hivemq in pod test-hivemq-legacy-platform-1 [b2e5a097-19fb-461e-97a0-f47e91a22e55]
2025-01-30 18:31:39,539 INFO c.h.h.t.HelmChartContainer - [hivemq-test-hivemq-platform] [hivemq-platform-operator] [e7767014] 18:31:39.536 [pool-6-thread-3] DEBUG c.h.p.o.d.PodServiceAccountResource - [helmlega] Desired PodServiceAccountResource (serviceAccountName: hivemq-platform-pod-test-hivemq-legacy-platform)
2025-01-30 18:31:39,539 INFO c.h.h.t.HelmChartContainer - [hivemq-test-hivemq-platform] [hivemq-platform-operator] [e7767014] 18:31:39.536 [pool-6-thread-5] DEBUG c.h.p.o.dependants.PodInfoConfigMap - [helmlega] Desired PodInfo ConfigMap (2 extensions) (1 enabled)
2025-01-30 18:31:39,539 INFO c.h.h.t.HelmChartContainer - [hivemq-test-hivemq-platform] [hivemq-platform-operator] [e7767014] 18:31:39.537 [pool-6-thread-5] DEBUG c.h.p.o.dependants.PodInfoConfigMap - [helmlega] Desired PodInfo ConfigMap (metrics port: 9399) (metrics path: /)
2025-01-30 18:31:39,539 INFO c.h.h.t.HelmChartContainer - [hivemq-test-hivemq-platform] [hivemq-platform-operator] [e7767014] 18:31:39.537 [pool-6-thread-5] DEBUG c.h.p.o.dependants.PodInfoConfigMap - [helmlega] Desired PodInfo ConfigMap (extension state hash: 259316804)
2025-01-30 18:31:39,540 INFO c.h.h.t.HelmChartContainer - [hivemq-test-hivemq-platform] [hivemq-platform-operator] [e7767014] 18:31:39.536 [pool-6-thread-2] DEBUG c.h.p.o.d.PlatformServiceResource - [helmlega] Desired Platform services (4 services)
2025-01-30 18:31:39,548 INFO c.h.h.t.HelmChartContainer - [hivemq-test-hivemq-platform] [hivemq-platform-operator] [e7767014] 18:31:39.546 [pool-6-thread-1] DEBUG c.h.p.o.d.StatefulSetResource - [helmlega] Desired StatefulSet (2 replicas) for status ROLLING_RESTART (SURGE_IN_PROGRESS)
2025-01-30 18:31:39,552 INFO c.h.h.t.HelmChartContainer - [hivemq-test-hivemq-platform] [hivemq-platform-operator] [e7767014] 18:31:39.551 [ReconcilerExecutor-hivemq-controller-122] INFO  c.h.p.o.HiveMQPlatformReconciler - [helmlega] Reconciling HiveMQ Platform 'test-hivemq-legacy-platform' in namespace 'helmlegacystatefulsetmigrationit-operator'
2025-01-30 18:31:39,553 INFO c.h.h.t.HelmChartContainer - [hivemq-test-hivemq-platform] [hivemq-platform-operator] [e7767014] 18:31:39.551 [ReconcilerExecutor-hivemq-controller-122] DEBUG c.h.p.o.HiveMQPlatformReconciler - [helmlega] Custom Resource Status ROLLING_RESTART - HiveMQ Platform is starting a surge Pod (rolling restart) (SURGE_IN_PROGRESS)
2025-01-30 18:31:39,557 INFO c.h.h.t.HelmChartContainer - [hivemq-test-hivemq-platform] [hivemq-platform-operator] [e7767014] 18:31:39.551 [ReconcilerExecutor-hivemq-controller-122] DEBUG c.h.p.o.HiveMQPlatformReconciler - [helmlega] Custom Resource Spec (replicas: 1) (extensions: 2)
2025-01-30 18:31:39,557 INFO c.h.h.t.HelmChartContainer - [hivemq-test-hivemq-platform] [hivemq-platform-operator] [e7767014] 18:31:39.553 [ReconcilerExecutor-hivemq-controller-122] DEBUG c.h.p.o.HiveMQPlatformReconciler - [helmlega] StatefulSet Status (revision: test-hivemq-legacy-platform-65df8dcb7f, replicas: 2, available: 1, ready: 1, current: 1, updated: 1)
2025-01-30 18:31:39,557 INFO c.h.h.t.HelmChartContainer - [hivemq-test-hivemq-platform] [hivemq-platform-operator] [e7767014] 18:31:39.553 [ReconcilerExecutor-hivemq-controller-122] DEBUG c.h.p.o.HiveMQPlatformReconciler - [helmlega] StatefulSet Spec (replicas: 2, init containers: 1, containers: 1, volumes: 6)
2025-01-30 18:31:39,557 INFO c.h.h.t.HelmChartContainer - [hivemq-test-hivemq-platform] [hivemq-platform-operator] [e7767014] 18:31:39.555 [ReconcilerExecutor-hivemq-controller-122] DEBUG c.h.p.o.h.HiveMQPlatformReconcilerErrorHandler - [helmlega] Pod 'test-hivemq-legacy-platform-1' phase Running
2025-01-30 18:31:39,623 INFO c.h.h.t.HelmChartContainer - [hivemq-test-hivemq-platform] [hivemq-platform-operator] [e7767014] 18:31:39.621 [ReconcilerExecutor-hivemq-controller-122] DEBUG c.h.p.o.h.HiveMQPlatformReconcilerErrorHandler - [helmlega] Pod 'test-hivemq-legacy-platform-0' phase Running
2025-01-30 18:31:39,624 INFO c.h.h.t.HelmChartContainer - [hivemq-test-hivemq-platform] [hivemq-platform-operator] [e7767014] 18:31:39.622 [ReconcilerExecutor-hivemq-controller-122] DEBUG c.h.p.o.h.HiveMQPlatformReconcilerRollingRestartHandler - [helmlega] Rolling restart is waiting for 1 of 2 replicas
2025-01-30 18:31:44,358 INFO c.h.h.t.HelmChartContainer - [test-hivemq-legacy-platform] [hivemq] [b2e5a097] WARN  - [HiveMQ Platform Operator Init App 1.7.0-SNAPSHOT] Cannot connect to Health API for readiness: null
2025-01-30 18:31:44,363 INFO c.h.h.t.HelmChartContainer - [EVENT] Warning [Unhealthy] Readiness probe failed: HTTP probe failed with statuscode: 503 [helmlegacystatefulsetmigrationit-operator:test-hivemq-legacy-platform-1]
2025-01-30 18:31:44,363 INFO c.h.h.t.HelmChartContainer - Received Unhealthy event for container hivemq in pod test-hivemq-legacy-platform-1 [b2e5a097-19fb-461e-97a0-f47e91a22e55]
2025-01-30 18:31:45,078 INFO c.h.h.t.HelmChartContainer - [test-hivemq-legacy-platform] [hivemq] [b2e5a097] INFO  - No valid license file found. Using trial license, restricted to 25 connections.
2025-01-30 18:31:47,849 INFO c.h.h.t.HelmChartContainer - [test-hivemq-legacy-platform] [hivemq] [b2e5a097] INFO  - No valid license file for Data Hub found. Using free license, restricted to 1 policy.
2025-01-30 18:31:49,044 INFO c.h.h.t.HelmChartContainer - [test-hivemq-legacy-platform] [hivemq] [b2e5a097] INFO  - Audit Logger started.
2025-01-30 18:31:49,279 INFO c.h.h.t.HelmChartContainer - [test-hivemq-legacy-platform] [hivemq] [b2e5a097] INFO  - This node uses '1' CPU cores.
2025-01-30 18:31:49,284 INFO c.h.h.t.HelmChartContainer - [test-hivemq-legacy-platform] [hivemq] [b2e5a097] INFO  - Starting HiveMQ Health API on address 0.0.0.0 and port 8889
2025-01-30 18:31:49,358 INFO c.h.h.t.HelmChartContainer - [test-hivemq-legacy-platform] [hivemq] [b2e5a097] WARN  - [HiveMQ Platform Operator Init App 1.7.0-SNAPSHOT] Cannot connect to Health API for readiness: null
2025-01-30 18:31:49,362 INFO c.h.h.t.HelmChartContainer - [EVENT] Warning [Unhealthy] Readiness probe failed: HTTP probe failed with statuscode: 503 [helmlegacystatefulsetmigrationit-operator:test-hivemq-legacy-platform-1]
2025-01-30 18:31:49,362 INFO c.h.h.t.HelmChartContainer - Received Unhealthy event for container hivemq in pod test-hivemq-legacy-platform-1 [b2e5a097-19fb-461e-97a0-f47e91a22e55]
2025-01-30 18:31:49,628 INFO c.h.h.t.HelmChartContainer - [hivemq-test-hivemq-platform] [hivemq-platform-operator] [e7767014] 18:31:49.626 [pool-6-thread-13] DEBUG c.h.p.o.d.PlatformServiceResource - [helmlega] Desired Platform services (4 services)
2025-01-30 18:31:49,630 INFO c.h.h.t.HelmChartContainer - [hivemq-test-hivemq-platform] [hivemq-platform-operator] [e7767014] 18:31:49.627 [pool-6-thread-14] DEBUG c.h.p.o.d.PodServiceAccountResource - [helmlega] Desired PodServiceAccountResource (serviceAccountName: hivemq-platform-pod-test-hivemq-legacy-platform)
2025-01-30 18:31:49,630 INFO c.h.h.t.HelmChartContainer - [hivemq-test-hivemq-platform] [hivemq-platform-operator] [e7767014] 18:31:49.628 [pool-6-thread-16] DEBUG c.h.p.o.dependants.PodInfoConfigMap - [helmlega] Desired PodInfo ConfigMap (2 extensions) (1 enabled)
2025-01-30 18:31:49,630 INFO c.h.h.t.HelmChartContainer - [hivemq-test-hivemq-platform] [hivemq-platform-operator] [e7767014] 18:31:49.628 [pool-6-thread-16] DEBUG c.h.p.o.dependants.PodInfoConfigMap - [helmlega] Desired PodInfo ConfigMap (metrics port: 9399) (metrics path: /)
2025-01-30 18:31:49,630 INFO c.h.h.t.HelmChartContainer - [hivemq-test-hivemq-platform] [hivemq-platform-operator] [e7767014] 18:31:49.628 [pool-6-thread-16] DEBUG c.h.p.o.dependants.PodInfoConfigMap - [helmlega] Desired PodInfo ConfigMap (extension state hash: 259316804)
2025-01-30 18:31:49,633 INFO c.h.h.t.HelmChartContainer - [hivemq-test-hivemq-platform] [hivemq-platform-operator] [e7767014] 18:31:49.632 [pool-6-thread-13] DEBUG c.h.p.o.d.StatefulSetResource - [helmlega] Desired StatefulSet (2 replicas) for status ROLLING_RESTART (SURGE_IN_PROGRESS)
2025-01-30 18:31:49,641 INFO c.h.h.t.HelmChartContainer - [hivemq-test-hivemq-platform] [hivemq-platform-operator] [e7767014] 18:31:49.636 [ReconcilerExecutor-hivemq-controller-123] INFO  c.h.p.o.HiveMQPlatformReconciler - [helmlega] Reconciling HiveMQ Platform 'test-hivemq-legacy-platform' in namespace 'helmlegacystatefulsetmigrationit-operator'
2025-01-30 18:31:49,641 INFO c.h.h.t.HelmChartContainer - [hivemq-test-hivemq-platform] [hivemq-platform-operator] [e7767014] 18:31:49.636 [ReconcilerExecutor-hivemq-controller-123] DEBUG c.h.p.o.HiveMQPlatformReconciler - [helmlega] Custom Resource Status ROLLING_RESTART - HiveMQ Platform is starting a surge Pod (rolling restart) (SURGE_IN_PROGRESS)
2025-01-30 18:31:49,641 INFO c.h.h.t.HelmChartContainer - [hivemq-test-hivemq-platform] [hivemq-platform-operator] [e7767014] 18:31:49.636 [ReconcilerExecutor-hivemq-controller-123] DEBUG c.h.p.o.HiveMQPlatformReconciler - [helmlega] Custom Resource Spec (replicas: 1) (extensions: 2)
2025-01-30 18:31:49,641 INFO c.h.h.t.HelmChartContainer - [hivemq-test-hivemq-platform] [hivemq-platform-operator] [e7767014] 18:31:49.637 [ReconcilerExecutor-hivemq-controller-123] DEBUG c.h.p.o.HiveMQPlatformReconciler - [helmlega] StatefulSet Status (revision: test-hivemq-legacy-platform-65df8dcb7f, replicas: 2, available: 1, ready: 1, current: 1, updated: 1)
2025-01-30 18:31:49,641 INFO c.h.h.t.HelmChartContainer - [hivemq-test-hivemq-platform] [hivemq-platform-operator] [e7767014] 18:31:49.637 [ReconcilerExecutor-hivemq-controller-123] DEBUG c.h.p.o.HiveMQPlatformReconciler - [helmlega] StatefulSet Spec (replicas: 2, init containers: 1, containers: 1, volumes: 6)
2025-01-30 18:31:49,641 INFO c.h.h.t.HelmChartContainer - [hivemq-test-hivemq-platform] [hivemq-platform-operator] [e7767014] 18:31:49.639 [ReconcilerExecutor-hivemq-controller-123] DEBUG c.h.p.o.h.HiveMQPlatformReconcilerErrorHandler - [helmlega] Pod 'test-hivemq-legacy-platform-1' phase Running
2025-01-30 18:31:49,642 INFO c.h.h.t.HelmChartContainer - [hivemq-test-hivemq-platform] [hivemq-platform-operator] [e7767014] 18:31:49.641 [ReconcilerExecutor-hivemq-controller-123] DEBUG c.h.p.o.h.HiveMQPlatformReconcilerErrorHandler - [helmlega] Pod 'test-hivemq-legacy-platform-0' phase Running
2025-01-30 18:31:49,644 INFO c.h.h.t.HelmChartContainer - [hivemq-test-hivemq-platform] [hivemq-platform-operator] [e7767014] 18:31:49.642 [ReconcilerExecutor-hivemq-controller-123] DEBUG c.h.p.o.h.HiveMQPlatformReconcilerRollingRestartHandler - [helmlega] Rolling restart is waiting for 1 of 2 replicas
2025-01-30 18:31:50,153 INFO c.h.h.t.HelmChartContainer - [test-hivemq-legacy-platform] [hivemq] [b2e5a097] INFO  - Started HiveMQ Health API in 868ms
2025-01-30 18:31:50,965 INFO c.h.h.t.HelmChartContainer - [test-hivemq-legacy-platform] [hivemq] [b2e5a097] INFO  - Starting HiveMQ extension system.
2025-01-30 18:31:54,251 INFO c.h.h.t.HelmChartContainer - [test-hivemq-legacy-platform] [hivemq] [b2e5a097] INFO  - No license found for enterprise extension with name "HiveMQ Enterprise Security Extension". Entering extension trial mode. "HiveMQ Enterprise Security Extension" will be disabled in 5 hours.
2025-01-30 18:31:54,545 INFO c.h.h.t.HelmChartContainer - [test-hivemq-legacy-platform] [hivemq] [b2e5a097] INFO  - Starting extension with id "hivemq-dns-cluster-discovery" at /opt/hivemq/extensions/hivemq-dns-cluster-discovery
2025-01-30 18:31:55,243 INFO c.h.h.t.HelmChartContainer - [test-hivemq-legacy-platform] [hivemq] [b2e5a097] INFO  - Extension "DNS Cluster Discovery Extension" version 4.3.2 started successfully.
2025-01-30 18:31:55,243 INFO c.h.h.t.HelmChartContainer - [test-hivemq-legacy-platform] [hivemq] [b2e5a097] INFO  - Starting extension with id "hivemq-enterprise-security-extension" at /opt/hivemq/extensions/hivemq-enterprise-security-extension
2025-01-30 18:31:55,345 INFO c.h.h.t.HelmChartContainer - [test-hivemq-legacy-platform] [hivemq] [b2e5a097] INFO  - Using TCP cluster transport on address 10.42.0.11 and port 7000
2025-01-30 18:31:55,353 INFO c.h.h.t.HelmChartContainer - [test-hivemq-legacy-platform] [hivemq] [b2e5a097] INFO  - Using extension cluster discovery
2025-01-30 18:31:55,398 INFO c.h.h.t.HelmChartContainer - [EVENT] Warning [Unhealthy] Readiness probe failed: Get "http://10.42.0.11:7979/readiness": context deadline exceeded (Client.Timeout exceeded while awaiting headers) [helmlegacystatefulsetmigrationit-operator:test-hivemq-legacy-platform-1]
2025-01-30 18:31:55,398 INFO c.h.h.t.HelmChartContainer - Received Unhealthy event for container hivemq in pod test-hivemq-legacy-platform-1 [b2e5a097-19fb-461e-97a0-f47e91a22e55]
2025-01-30 18:31:56,053 INFO c.h.h.t.HelmChartContainer - [test-hivemq-legacy-platform] [hivemq] [b2e5a097] INFO  - [HiveMQ Platform Operator Init App 1.7.0-SNAPSHOT] Returning Health API response 503 for readiness
2025-01-30 18:31:56,957 INFO c.h.h.t.HelmChartContainer - [test-hivemq-legacy-platform] [hivemq] [40472b67] INFO  - Cluster nodes found by discovery: [XOdfu|1] (2) [XOdfu, DpVGA].
2025-01-30 18:31:57,056 INFO c.h.h.t.HelmChartContainer - [test-hivemq-legacy-platform] [hivemq] [b2e5a097] INFO  - Cluster nodes found by discovery: [XOdfu|1] (2) [XOdfu, DpVGA].
2025-01-30 18:31:57,147 INFO c.h.h.t.HelmChartContainer - [test-hivemq-legacy-platform] [hivemq] [b2e5a097] WARN  - HiveMQ Enterprise Security Extension: The configuration file is placed at the legacy location '/opt/hivemq/extensions/hivemq-enterprise-security-extension/conf/enterprise-security-extension.xml'. Please move the configuration file to the new location '/opt/hivemq/extensions/hivemq-enterprise-security-extension/conf/config.xml'. Support for the legacy location will be removed in a future release.
2025-01-30 18:31:57,252 INFO c.h.h.t.HelmChartContainer - [test-hivemq-legacy-platform] [hivemq] [b2e5a097] INFO  - HiveMQ Enterprise Security Extension: Successfully loaded configuration from '/opt/hivemq/extensions/hivemq-enterprise-security-extension/conf/enterprise-security-extension.xml'.
2025-01-30 18:31:57,255 INFO c.h.h.t.HelmChartContainer - [test-hivemq-legacy-platform] [hivemq] [b2e5a097] INFO  - HiveMQ Enterprise Security Extension: Starting HiveMQ Enterprise Security Extension.
2025-01-30 18:31:57,355 INFO c.h.h.t.HelmChartContainer - [test-hivemq-legacy-platform] [hivemq] [b2e5a097] INFO  - Cluster size = 1, members : [XOdfu].
2025-01-30 18:31:57,654 INFO c.h.h.t.HelmChartContainer - [test-hivemq-legacy-platform] [hivemq] [b2e5a097] INFO  - HiveMQ Enterprise Security Extension: Access log is written to /opt/hivemq/log/access/access.log.
2025-01-30 18:31:58,046 INFO c.h.h.t.HelmChartContainer - [test-hivemq-legacy-platform] [hivemq] [b2e5a097] INFO  - Starting cluster join process. This may take a while. Please do not shut down HiveMQ.
2025-01-30 18:31:58,047 INFO c.h.h.t.HelmChartContainer - [test-hivemq-legacy-platform] [hivemq] [b2e5a097] INFO  - Cluster join process is still ongoing. Please do not shut down HiveMQ.
2025-01-30 18:31:58,145 INFO c.h.h.t.HelmChartContainer - [test-hivemq-legacy-platform] [hivemq] [b2e5a097] INFO  - HiveMQ Enterprise Security Extension: Started HiveMQ Enterprise Security Extension successfully in 2900ms.
2025-01-30 18:31:58,147 INFO c.h.h.t.HelmChartContainer - [test-hivemq-legacy-platform] [hivemq] [b2e5a097] INFO  - Extension "HiveMQ Enterprise Security Extension" version 4.36.0 started successfully.
2025-01-30 18:31:58,147 INFO c.h.h.t.HelmChartContainer - [test-hivemq-legacy-platform] [hivemq] [b2e5a097] INFO  - Starting extension with id "hivemq-prometheus-extension" at /opt/hivemq/extensions/hivemq-prometheus-extension
2025-01-30 18:31:58,754 INFO c.h.h.t.HelmChartContainer - [test-hivemq-legacy-platform] [hivemq] [b2e5a097] INFO  - Started Jetty Server exposing Prometheus Servlet on URI http://0.0.0.0:9399/
2025-01-30 18:31:58,754 INFO c.h.h.t.HelmChartContainer - [test-hivemq-legacy-platform] [hivemq] [b2e5a097] INFO  - Extension "Prometheus Monitoring Extension" version 4.0.12 started successfully.
2025-01-30 18:31:59,364 INFO c.h.h.t.HelmChartContainer - [EVENT] Warning [Unhealthy] Readiness probe failed: HTTP probe failed with statuscode: 503 [helmlegacystatefulsetmigrationit-operator:test-hivemq-legacy-platform-1]
2025-01-30 18:31:59,364 INFO c.h.h.t.HelmChartContainer - Received Unhealthy event for container hivemq in pod test-hivemq-legacy-platform-1 [b2e5a097-19fb-461e-97a0-f47e91a22e55]
2025-01-30 18:31:59,649 INFO c.h.h.t.HelmChartContainer - [hivemq-test-hivemq-platform] [hivemq-platform-operator] [e7767014] 18:31:59.647 [pool-6-thread-23] DEBUG c.h.p.o.d.PodServiceAccountResource - [helmlega] Desired PodServiceAccountResource (serviceAccountName: hivemq-platform-pod-test-hivemq-legacy-platform)
2025-01-30 18:31:59,650 INFO c.h.h.t.HelmChartContainer - [hivemq-test-hivemq-platform] [hivemq-platform-operator] [e7767014] 18:31:59.647 [pool-6-thread-30] DEBUG c.h.p.o.d.PlatformServiceResource - [helmlega] Desired Platform services (4 services)
2025-01-30 18:31:59,650 INFO c.h.h.t.HelmChartContainer - [hivemq-test-hivemq-platform] [hivemq-platform-operator] [e7767014] 18:31:59.647 [pool-6-thread-27] DEBUG c.h.p.o.dependants.PodInfoConfigMap - [helmlega] Desired PodInfo ConfigMap (2 extensions) (1 enabled)
2025-01-30 18:31:59,650 INFO c.h.h.t.HelmChartContainer - [hivemq-test-hivemq-platform] [hivemq-platform-operator] [e7767014] 18:31:59.649 [pool-6-thread-27] DEBUG c.h.p.o.dependants.PodInfoConfigMap - [helmlega] Desired PodInfo ConfigMap (metrics port: 9399) (metrics path: /)
2025-01-30 18:31:59,651 INFO c.h.h.t.HelmChartContainer - [hivemq-test-hivemq-platform] [hivemq-platform-operator] [e7767014] 18:31:59.649 [pool-6-thread-27] DEBUG c.h.p.o.dependants.PodInfoConfigMap - [helmlega] Desired PodInfo ConfigMap (extension state hash: 259316804)
2025-01-30 18:31:59,654 INFO c.h.h.t.HelmChartContainer - [hivemq-test-hivemq-platform] [hivemq-platform-operator] [e7767014] 18:31:59.653 [pool-6-thread-30] DEBUG c.h.p.o.d.StatefulSetResource - [helmlega] Desired StatefulSet (2 replicas) for status ROLLING_RESTART (SURGE_IN_PROGRESS)
2025-01-30 18:31:59,657 INFO c.h.h.t.HelmChartContainer - [hivemq-test-hivemq-platform] [hivemq-platform-operator] [e7767014] 18:31:59.656 [ReconcilerExecutor-hivemq-controller-124] INFO  c.h.p.o.HiveMQPlatformReconciler - [helmlega] Reconciling HiveMQ Platform 'test-hivemq-legacy-platform' in namespace 'helmlegacystatefulsetmigrationit-operator'
2025-01-30 18:31:59,657 INFO c.h.h.t.HelmChartContainer - [hivemq-test-hivemq-platform] [hivemq-platform-operator] [e7767014] 18:31:59.656 [ReconcilerExecutor-hivemq-controller-124] DEBUG c.h.p.o.HiveMQPlatformReconciler - [helmlega] Custom Resource Status ROLLING_RESTART - HiveMQ Platform is starting a surge Pod (rolling restart) (SURGE_IN_PROGRESS)
2025-01-30 18:31:59,658 INFO c.h.h.t.HelmChartContainer - [hivemq-test-hivemq-platform] [hivemq-platform-operator] [e7767014] 18:31:59.656 [ReconcilerExecutor-hivemq-controller-124] DEBUG c.h.p.o.HiveMQPlatformReconciler - [helmlega] Custom Resource Spec (replicas: 1) (extensions: 2)
2025-01-30 18:31:59,659 INFO c.h.h.t.HelmChartContainer - [hivemq-test-hivemq-platform] [hivemq-platform-operator] [e7767014] 18:31:59.658 [ReconcilerExecutor-hivemq-controller-124] DEBUG c.h.p.o.HiveMQPlatformReconciler - [helmlega] StatefulSet Status (revision: test-hivemq-legacy-platform-65df8dcb7f, replicas: 2, available: 1, ready: 1, current: 1, updated: 1)
2025-01-30 18:31:59,659 INFO c.h.h.t.HelmChartContainer - [hivemq-test-hivemq-platform] [hivemq-platform-operator] [e7767014] 18:31:59.658 [ReconcilerExecutor-hivemq-controller-124] DEBUG c.h.p.o.HiveMQPlatformReconciler - [helmlega] StatefulSet Spec (replicas: 2, init containers: 1, containers: 1, volumes: 6)
2025-01-30 18:31:59,660 INFO c.h.h.t.HelmChartContainer - [hivemq-test-hivemq-platform] [hivemq-platform-operator] [e7767014] 18:31:59.660 [ReconcilerExecutor-hivemq-controller-124] DEBUG c.h.p.o.h.HiveMQPlatformReconcilerErrorHandler - [helmlega] Pod 'test-hivemq-legacy-platform-1' phase Running
2025-01-30 18:31:59,663 INFO c.h.h.t.HelmChartContainer - [hivemq-test-hivemq-platform] [hivemq-platform-operator] [e7767014] 18:31:59.662 [ReconcilerExecutor-hivemq-controller-124] DEBUG c.h.p.o.h.HiveMQPlatformReconcilerErrorHandler - [helmlega] Pod 'test-hivemq-legacy-platform-0' phase Running
2025-01-30 18:31:59,722 INFO c.h.h.t.HelmChartContainer - [hivemq-test-hivemq-platform] [hivemq-platform-operator] [e7767014] 18:31:59.721 [ReconcilerExecutor-hivemq-controller-124] DEBUG c.h.p.o.h.HiveMQPlatformReconcilerRollingRestartHandler - [helmlega] Rolling restart is waiting for 1 of 2 replicas
2025-01-30 18:32:00,193 INFO c.h.h.t.HelmChartContainer - [test-hivemq-legacy-platform] [hivemq] [40472b67] INFO  - Cluster size = 2, members : [XOdfu, DpVGA].
2025-01-30 18:32:00,204 INFO c.h.h.t.HelmChartContainer - [test-hivemq-legacy-platform] [hivemq] [b2e5a097] INFO  - Cluster size = 2, members : [XOdfu, DpVGA].
2025-01-30 18:32:00,243 INFO c.h.h.t.HelmChartContainer - [test-hivemq-legacy-platform] [hivemq] [b2e5a097] INFO  - Finished cluster join process successfully.
2025-01-30 18:32:00,244 INFO c.h.h.t.HelmChartContainer - [test-hivemq-legacy-platform] [hivemq] [b2e5a097] INFO  - Starting HiveMQ REST API on address 0.0.0.0 and port 8888
2025-01-30 18:32:00,746 INFO c.h.h.t.HelmChartContainer - [test-hivemq-legacy-platform] [hivemq] [b2e5a097] INFO  - Started HiveMQ REST API in 501ms
2025-01-30 18:32:00,747 INFO c.h.h.t.HelmChartContainer - [test-hivemq-legacy-platform] [hivemq] [b2e5a097] WARN  - No user for HiveMQ Control Center configured. Starting with default user
2025-01-30 18:32:00,747 INFO c.h.h.t.HelmChartContainer - [test-hivemq-legacy-platform] [hivemq] [b2e5a097] INFO  - Starting HiveMQ Control Center on address 0.0.0.0 and port 8080
2025-01-30 18:32:00,758 INFO c.h.h.t.HelmChartContainer - [test-hivemq-legacy-platform] [hivemq] [b2e5a097] INFO  - Mounting HiveMQ Control Center V2 Preview
2025-01-30 18:32:01,342 INFO c.h.h.t.HelmChartContainer - [test-hivemq-legacy-platform] [hivemq] [b2e5a097] INFO  - Started HiveMQ Control Center in 596ms
2025-01-30 18:32:01,357 INFO c.h.h.t.HelmChartContainer - [test-hivemq-legacy-platform] [hivemq] [b2e5a097] INFO  - Starting TCP listener on address 0.0.0.0 and port 1883
2025-01-30 18:32:01,370 INFO c.h.h.t.HelmChartContainer - [test-hivemq-legacy-platform] [hivemq] [b2e5a097] INFO  - Started TCP Listener on address 0.0.0.0 and on port 1883.
2025-01-30 18:32:01,370 INFO c.h.h.t.HelmChartContainer - [test-hivemq-legacy-platform] [hivemq] [b2e5a097] INFO  - Started HiveMQ in 31426ms
2025-01-30 18:32:04,359 INFO c.h.h.t.HelmChartContainer - [test-hivemq-legacy-platform] [hivemq] [b2e5a097] INFO  - [HiveMQ Platform Operator Init App 1.7.0-SNAPSHOT] Returning Health API response 200 for readiness
2025-01-30 18:32:04,371 INFO c.h.h.t.HelmChartContainer - [POD] test-hivemq-legacy-platform-1 [b2e5a097-19fb-461e-97a0-f47e91a22e55] in helmlegacystatefulsetmigrationit-operator was MODIFIED
2025-01-30 18:32:04,391 INFO c.h.h.t.HelmChartContainer - [hivemq-test-hivemq-platform] [hivemq-platform-operator] [e7767014] 18:32:04.376 [pool-6-thread-33] DEBUG c.h.p.o.d.PlatformServiceResource - [helmlega] Desired Platform services (4 services)
2025-01-30 18:32:04,391 INFO c.h.h.t.HelmChartContainer - [hivemq-test-hivemq-platform] [hivemq-platform-operator] [e7767014] 18:32:04.380 [pool-6-thread-40] DEBUG c.h.p.o.dependants.PodInfoConfigMap - [helmlega] Desired PodInfo ConfigMap (2 extensions) (1 enabled)
2025-01-30 18:32:04,391 INFO c.h.h.t.HelmChartContainer - [hivemq-test-hivemq-platform] [hivemq-platform-operator] [e7767014] 18:32:04.380 [pool-6-thread-40] DEBUG c.h.p.o.dependants.PodInfoConfigMap - [helmlega] Desired PodInfo ConfigMap (metrics port: 9399) (metrics path: /)
2025-01-30 18:32:04,391 INFO c.h.h.t.HelmChartContainer - [hivemq-test-hivemq-platform] [hivemq-platform-operator] [e7767014] 18:32:04.380 [pool-6-thread-40] DEBUG c.h.p.o.dependants.PodInfoConfigMap - [helmlega] Desired PodInfo ConfigMap (extension state hash: 259316804)
2025-01-30 18:32:04,391 INFO c.h.h.t.HelmChartContainer - [hivemq-test-hivemq-platform] [hivemq-platform-operator] [e7767014] 18:32:04.382 [pool-6-thread-34] DEBUG c.h.p.o.d.PodServiceAccountResource - [helmlega] Desired PodServiceAccountResource (serviceAccountName: hivemq-platform-pod-test-hivemq-legacy-platform)
2025-01-30 18:32:04,393 INFO c.h.h.t.HelmChartContainer - [hivemq-test-hivemq-platform] [hivemq-platform-operator] [e7767014] 18:32:04.390 [pool-6-thread-33] DEBUG c.h.p.o.d.StatefulSetResource - [helmlega] Desired StatefulSet (2 replicas) for status ROLLING_RESTART (SURGE_IN_PROGRESS)
2025-01-30 18:32:04,399 INFO c.h.h.t.HelmChartContainer - [hivemq-test-hivemq-platform] [hivemq-platform-operator] [e7767014] 18:32:04.397 [ReconcilerExecutor-hivemq-controller-125] INFO  c.h.p.o.HiveMQPlatformReconciler - [helmlega] Reconciling HiveMQ Platform 'test-hivemq-legacy-platform' in namespace 'helmlegacystatefulsetmigrationit-operator'
2025-01-30 18:32:04,399 INFO c.h.h.t.HelmChartContainer - [hivemq-test-hivemq-platform] [hivemq-platform-operator] [e7767014] 18:32:04.397 [ReconcilerExecutor-hivemq-controller-125] DEBUG c.h.p.o.HiveMQPlatformReconciler - [helmlega] Custom Resource Status ROLLING_RESTART - HiveMQ Platform is starting a surge Pod (rolling restart) (SURGE_IN_PROGRESS)
2025-01-30 18:32:04,399 INFO c.h.h.t.HelmChartContainer - [hivemq-test-hivemq-platform] [hivemq-platform-operator] [e7767014] 18:32:04.397 [ReconcilerExecutor-hivemq-controller-125] DEBUG c.h.p.o.HiveMQPlatformReconciler - [helmlega] Custom Resource Spec (replicas: 1) (extensions: 2)
2025-01-30 18:32:04,467 INFO c.h.h.t.HelmChartContainer - [hivemq-test-hivemq-platform] [hivemq-platform-operator] [e7767014] 18:32:04.466 [ReconcilerExecutor-hivemq-controller-125] DEBUG c.h.p.o.HiveMQPlatformReconciler - [helmlega] StatefulSet Status (revision: test-hivemq-legacy-platform-65df8dcb7f, replicas: 2, available: 2, ready: 2, current: 1, updated: 1)
2025-01-30 18:32:04,468 INFO c.h.h.t.HelmChartContainer - [hivemq-test-hivemq-platform] [hivemq-platform-operator] [e7767014] 18:32:04.466 [ReconcilerExecutor-hivemq-controller-125] DEBUG c.h.p.o.HiveMQPlatformReconciler - [helmlega] StatefulSet Spec (replicas: 2, init containers: 1, containers: 1, volumes: 6)
2025-01-30 18:32:04,469 INFO c.h.h.t.HelmChartContainer - [hivemq-test-hivemq-platform] [hivemq-platform-operator] [e7767014] 18:32:04.468 [ReconcilerExecutor-hivemq-controller-125] DEBUG c.h.p.o.h.HiveMQPlatformReconcilerErrorHandler - [helmlega] Pod 'test-hivemq-legacy-platform-1' phase Running
2025-01-30 18:32:04,472 INFO c.h.h.t.HelmChartContainer - [hivemq-test-hivemq-platform] [hivemq-platform-operator] [e7767014] 18:32:04.470 [ReconcilerExecutor-hivemq-controller-125] DEBUG c.h.p.o.h.HiveMQPlatformReconcilerErrorHandler - [helmlega] Pod 'test-hivemq-legacy-platform-0' phase Running
2025-01-30 18:32:04,472 INFO c.h.h.t.HelmChartContainer - [hivemq-test-hivemq-platform] [hivemq-platform-operator] [e7767014] 18:32:04.471 [ReconcilerExecutor-hivemq-controller-125] INFO  c.h.p.o.h.HiveMQPlatformReconcilerRollingRestartHandler - [helmlega] Surge Pod started successfully
2025-01-30 18:32:04,575 INFO c.h.h.t.HelmChartContainer - [hivemq-test-hivemq-platform] [hivemq-platform-operator] [e7767014] 18:32:04.573 [ReconcilerExecutor-hivemq-controller-125] DEBUG c.h.p.operator.event.EventSender - [helmlega] Creating K8s event rolling-restart-surge-in-progress: [RollingRestart] HiveMQ Platform is restarting Pods (rolling restart)
2025-01-30 18:32:04,577 INFO c.h.h.t.HelmChartContainer - [EVENT] Normal [RollingRestart] HiveMQ Platform is restarting Pods (rolling restart) [helmlegacystatefulsetmigrationit-operator:test-hivemq-legacy-platform]
2025-01-30 18:32:04,577 INFO c.h.h.t.HelmChartContainer - [hivemq-test-hivemq-platform] [hivemq-platform-operator] [e7767014] 18:32:04.577 [ReconcilerExecutor-hivemq-controller-125] INFO  c.h.p.o.h.AbstractHiveMQReconcilerStateHandler - [helmlega] Update HiveMQ Platform Status (ROLLING_RESTART [SURGE_IN_PROGRESS] -> ROLLING_RESTART [RESTART_PODS_IN_PROGRESS]): HiveMQ Platform is restarting Pods (rolling restart)
2025-01-30 18:32:04,586 DEBUG com.hivemq.helmcharts.util.K8sUtil - Comparing actual state 'ROLLING_RESTART' and waiting for 'RUNNING'
2025-01-30 18:32:04,591 INFO c.h.h.t.HelmChartContainer - [hivemq-test-hivemq-platform] [hivemq-platform-operator] [e7767014] 18:32:04.588 [pool-6-thread-43] DEBUG c.h.p.o.d.PlatformServiceResource - [helmlega] Desired Platform services (4 services)
2025-01-30 18:32:04,591 INFO c.h.h.t.HelmChartContainer - [hivemq-test-hivemq-platform] [hivemq-platform-operator] [e7767014] 18:32:04.589 [pool-6-thread-41] DEBUG c.h.p.o.dependants.PodInfoConfigMap - [helmlega] Desired PodInfo ConfigMap (2 extensions) (1 enabled)
2025-01-30 18:32:04,591 INFO c.h.h.t.HelmChartContainer - [hivemq-test-hivemq-platform] [hivemq-platform-operator] [e7767014] 18:32:04.589 [pool-6-thread-41] DEBUG c.h.p.o.dependants.PodInfoConfigMap - [helmlega] Desired PodInfo ConfigMap (metrics port: 9399) (metrics path: /)
2025-01-30 18:32:04,591 INFO c.h.h.t.HelmChartContainer - [hivemq-test-hivemq-platform] [hivemq-platform-operator] [e7767014] 18:32:04.589 [pool-6-thread-41] DEBUG c.h.p.o.dependants.PodInfoConfigMap - [helmlega] Desired PodInfo ConfigMap (extension state hash: 259316804)
2025-01-30 18:32:04,592 INFO c.h.h.t.HelmChartContainer - [hivemq-test-hivemq-platform] [hivemq-platform-operator] [e7767014] 18:32:04.591 [pool-6-thread-45] DEBUG c.h.p.o.d.PodServiceAccountResource - [helmlega] Desired PodServiceAccountResource (serviceAccountName: hivemq-platform-pod-test-hivemq-legacy-platform)
2025-01-30 18:32:04,667 INFO c.h.h.t.HelmChartContainer - [hivemq-test-hivemq-platform] [hivemq-platform-operator] [e7767014] 18:32:04.666 [pool-6-thread-43] DEBUG c.h.p.o.d.StatefulSetResource - [helmlega] Desired StatefulSet (2 replicas) for status ROLLING_RESTART (RESTART_PODS_IN_PROGRESS)
2025-01-30 18:32:04,669 INFO c.h.h.t.HelmChartContainer - [hivemq-test-hivemq-platform] [hivemq-platform-operator] [e7767014] 18:32:04.669 [ReconcilerExecutor-hivemq-controller-126] INFO  c.h.p.o.HiveMQPlatformReconciler - [helmlega] Reconciling HiveMQ Platform 'test-hivemq-legacy-platform' in namespace 'helmlegacystatefulsetmigrationit-operator'
2025-01-30 18:32:04,670 INFO c.h.h.t.HelmChartContainer - [hivemq-test-hivemq-platform] [hivemq-platform-operator] [e7767014] 18:32:04.669 [ReconcilerExecutor-hivemq-controller-126] DEBUG c.h.p.o.HiveMQPlatformReconciler - [helmlega] Custom Resource Status ROLLING_RESTART - HiveMQ Platform is restarting Pods (rolling restart) (RESTART_PODS_IN_PROGRESS)
2025-01-30 18:32:04,671 INFO c.h.h.t.HelmChartContainer - [hivemq-test-hivemq-platform] [hivemq-platform-operator] [e7767014] 18:32:04.669 [ReconcilerExecutor-hivemq-controller-126] DEBUG c.h.p.o.HiveMQPlatformReconciler - [helmlega] Custom Resource Spec (replicas: 1) (extensions: 2)
2025-01-30 18:32:04,673 INFO c.h.h.t.HelmChartContainer - [hivemq-test-hivemq-platform] [hivemq-platform-operator] [e7767014] 18:32:04.671 [ReconcilerExecutor-hivemq-controller-126] DEBUG c.h.p.o.HiveMQPlatformReconciler - [helmlega] StatefulSet Status (revision: test-hivemq-legacy-platform-65df8dcb7f, replicas: 2, available: 2, ready: 2, current: 1, updated: 1)
2025-01-30 18:32:04,673 INFO c.h.h.t.HelmChartContainer - [hivemq-test-hivemq-platform] [hivemq-platform-operator] [e7767014] 18:32:04.671 [ReconcilerExecutor-hivemq-controller-126] DEBUG c.h.p.o.HiveMQPlatformReconciler - [helmlega] StatefulSet Spec (replicas: 2, init containers: 1, containers: 1, volumes: 6)
2025-01-30 18:32:04,674 INFO c.h.h.t.HelmChartContainer - [hivemq-test-hivemq-platform] [hivemq-platform-operator] [e7767014] 18:32:04.673 [ReconcilerExecutor-hivemq-controller-126] DEBUG c.h.p.o.h.HiveMQPlatformReconcilerErrorHandler - [helmlega] Pod 'test-hivemq-legacy-platform-1' phase Running
2025-01-30 18:32:04,677 INFO c.h.h.t.HelmChartContainer - [hivemq-test-hivemq-platform] [hivemq-platform-operator] [e7767014] 18:32:04.676 [ReconcilerExecutor-hivemq-controller-126] DEBUG c.h.p.o.h.HiveMQPlatformReconcilerErrorHandler - [helmlega] Pod 'test-hivemq-legacy-platform-0' phase Running
2025-01-30 18:32:04,683 INFO c.h.h.t.HelmChartContainer - [hivemq-test-hivemq-platform] [hivemq-platform-operator] [e7767014] 18:32:04.682 [ReconcilerExecutor-hivemq-controller-126] DEBUG c.h.p.o.h.HiveMQPlatformReconcilerRollingRestartHandler - [helmlega] Skipping Pod test-hivemq-legacy-platform-1 as it's already on the controller update revision (update revision: test-hivemq-legacy-platform-65df8dcb7f, pod revision: test-hivemq-legacy-platform-65df8dcb7f)
2025-01-30 18:32:04,773 INFO c.h.h.t.HelmChartContainer - [hivemq-test-hivemq-platform] [hivemq-platform-operator] [e7767014] 18:32:04.772 [ReconcilerExecutor-hivemq-controller-126] DEBUG c.h.p.o.h.HiveMQPlatformReconcilerRollingRestartHandler - [helmlega] The last Pod is running for 59 seconds, the next Pod can be restarted
2025-01-30 18:32:04,773 INFO c.h.h.t.HelmChartContainer - [hivemq-test-hivemq-platform] [hivemq-platform-operator] [e7767014] 18:32:04.772 [ReconcilerExecutor-hivemq-controller-126] INFO  c.h.p.o.h.HiveMQPlatformReconcilerRollingRestartHandler - [helmlega] Restarting Pod test-hivemq-legacy-platform-0 as it's not matching the controller update revision (update revision: test-hivemq-legacy-platform-65df8dcb7f, pod revision: test-hivemq-legacy-platform-84fd8d4856)
2025-01-30 18:32:04,783 INFO c.h.h.t.HelmChartContainer - [POD] test-hivemq-legacy-platform-0 [40472b67-ce40-45aa-8faf-16e584ef204c] in helmlegacystatefulsetmigrationit-operator was MODIFIED
2025-01-30 18:32:04,802 INFO c.h.h.t.HelmChartContainer - [EVENT] Normal [Killing] Stopping container hivemq [helmlegacystatefulsetmigrationit-operator:test-hivemq-legacy-platform-0]
2025-01-30 18:32:04,805 INFO c.h.h.t.HelmChartContainer - Received Killing event for container hivemq in pod test-hivemq-legacy-platform-0 [40472b67-ce40-45aa-8faf-16e584ef204c]
2025-01-30 18:32:04,805 INFO c.h.h.t.HelmChartContainer - Container [test-hivemq-legacy-platform-0] [hivemq] [40472b67-ce40-45aa-8faf-16e584ef204c] was terminated
2025-01-30 18:32:04,805 INFO c.h.h.t.HelmChartContainer - Stopped log watcher for hivemq in pod test-hivemq-legacy-platform-0 [40472b67-ce40-45aa-8faf-16e584ef204c]
2025-01-30 18:32:04,866 INFO c.h.h.t.HelmChartContainer - [hivemq-test-hivemq-platform] [hivemq-platform-operator] [e7767014] 18:32:04.865 [pool-6-thread-5] DEBUG c.h.p.o.d.PlatformServiceResource - [helmlega] Desired Platform services (4 services)
2025-01-30 18:32:04,867 INFO c.h.h.t.HelmChartContainer - [hivemq-test-hivemq-platform] [hivemq-platform-operator] [e7767014] 18:32:04.866 [pool-6-thread-8] DEBUG c.h.p.o.dependants.PodInfoConfigMap - [helmlega] Desired PodInfo ConfigMap (2 extensions) (1 enabled)
2025-01-30 18:32:04,868 INFO c.h.h.t.HelmChartContainer - [hivemq-test-hivemq-platform] [hivemq-platform-operator] [e7767014] 18:32:04.866 [pool-6-thread-8] DEBUG c.h.p.o.dependants.PodInfoConfigMap - [helmlega] Desired PodInfo ConfigMap (metrics port: 9399) (metrics path: /)
2025-01-30 18:32:04,868 INFO c.h.h.t.HelmChartContainer - [hivemq-test-hivemq-platform] [hivemq-platform-operator] [e7767014] 18:32:04.866 [pool-6-thread-8] DEBUG c.h.p.o.dependants.PodInfoConfigMap - [helmlega] Desired PodInfo ConfigMap (extension state hash: 259316804)
2025-01-30 18:32:04,871 INFO c.h.h.t.HelmChartContainer - [hivemq-test-hivemq-platform] [hivemq-platform-operator] [e7767014] 18:32:04.870 [pool-6-thread-10] DEBUG c.h.p.o.d.PodServiceAccountResource - [helmlega] Desired PodServiceAccountResource (serviceAccountName: hivemq-platform-pod-test-hivemq-legacy-platform)
2025-01-30 18:32:04,873 INFO c.h.h.t.HelmChartContainer - [hivemq-test-hivemq-platform] [hivemq-platform-operator] [e7767014] 18:32:04.873 [pool-6-thread-5] DEBUG c.h.p.o.d.StatefulSetResource - [helmlega] Desired StatefulSet (2 replicas) for status ROLLING_RESTART (RESTART_PODS_IN_PROGRESS)
2025-01-30 18:32:04,879 INFO c.h.h.t.HelmChartContainer - [hivemq-test-hivemq-platform] [hivemq-platform-operator] [e7767014] 18:32:04.877 [ReconcilerExecutor-hivemq-controller-127] INFO  c.h.p.o.HiveMQPlatformReconciler - [helmlega] Reconciling HiveMQ Platform 'test-hivemq-legacy-platform' in namespace 'helmlegacystatefulsetmigrationit-operator'
2025-01-30 18:32:04,880 INFO c.h.h.t.HelmChartContainer - [hivemq-test-hivemq-platform] [hivemq-platform-operator] [e7767014] 18:32:04.877 [ReconcilerExecutor-hivemq-controller-127] DEBUG c.h.p.o.HiveMQPlatformReconciler - [helmlega] Custom Resource Status ROLLING_RESTART - HiveMQ Platform is restarting Pods (rolling restart) (RESTART_PODS_IN_PROGRESS)
2025-01-30 18:32:04,880 INFO c.h.h.t.HelmChartContainer - [hivemq-test-hivemq-platform] [hivemq-platform-operator] [e7767014] 18:32:04.877 [ReconcilerExecutor-hivemq-controller-127] DEBUG c.h.p.o.HiveMQPlatformReconciler - [helmlega] Custom Resource Spec (replicas: 1) (extensions: 2)
2025-01-30 18:32:04,880 INFO c.h.h.t.HelmChartContainer - [hivemq-test-hivemq-platform] [hivemq-platform-operator] [e7767014] 18:32:04.879 [ReconcilerExecutor-hivemq-controller-127] DEBUG c.h.p.o.HiveMQPlatformReconciler - [helmlega] StatefulSet Status (revision: test-hivemq-legacy-platform-65df8dcb7f, replicas: 2, available: 2, ready: 2, current: 1, updated: 1)
2025-01-30 18:32:04,881 INFO c.h.h.t.HelmChartContainer - [hivemq-test-hivemq-platform] [hivemq-platform-operator] [e7767014] 18:32:04.879 [ReconcilerExecutor-hivemq-controller-127] DEBUG c.h.p.o.HiveMQPlatformReconciler - [helmlega] StatefulSet Spec (replicas: 2, init containers: 1, containers: 1, volumes: 6)
2025-01-30 18:32:04,882 INFO c.h.h.t.HelmChartContainer - [hivemq-test-hivemq-platform] [hivemq-platform-operator] [e7767014] 18:32:04.881 [ReconcilerExecutor-hivemq-controller-127] DEBUG c.h.p.o.h.HiveMQPlatformReconcilerErrorHandler - [helmlega] Pod 'test-hivemq-legacy-platform-1' phase Running
2025-01-30 18:32:04,883 INFO c.h.h.t.HelmChartContainer - [hivemq-test-hivemq-platform] [hivemq-platform-operator] [e7767014] 18:32:04.883 [ReconcilerExecutor-hivemq-controller-127] DEBUG c.h.p.o.h.HiveMQPlatformReconcilerErrorHandler - [helmlega] Pod 'test-hivemq-legacy-platform-0' phase Running
2025-01-30 18:32:04,971 INFO c.h.h.t.HelmChartContainer - [hivemq-test-hivemq-platform] [hivemq-platform-operator] [e7767014] 18:32:04.969 [ReconcilerExecutor-hivemq-controller-127] DEBUG c.h.p.o.h.HiveMQPlatformReconcilerRollingRestartHandler - [helmlega] Skipping Pod test-hivemq-legacy-platform-1 as it's already on the controller update revision (update revision: test-hivemq-legacy-platform-65df8dcb7f, pod revision: test-hivemq-legacy-platform-65df8dcb7f)
2025-01-30 18:32:04,980 INFO c.h.h.t.HelmChartContainer - [hivemq-test-hivemq-platform] [hivemq-platform-operator] [e7767014] 18:32:04.979 [ReconcilerExecutor-hivemq-controller-127] DEBUG c.h.p.o.h.HiveMQPlatformReconcilerRollingRestartHandler - [helmlega] The last Pod is running for 59 seconds, the next Pod can be restarted
2025-01-30 18:32:04,980 INFO c.h.h.t.HelmChartContainer - [hivemq-test-hivemq-platform] [hivemq-platform-operator] [e7767014] 18:32:04.979 [ReconcilerExecutor-hivemq-controller-127] INFO  c.h.p.o.h.HiveMQPlatformReconcilerRollingRestartHandler - [helmlega] Restarting Pod test-hivemq-legacy-platform-0 as it's not matching the controller update revision (update revision: test-hivemq-legacy-platform-65df8dcb7f, pod revision: test-hivemq-legacy-platform-84fd8d4856)
2025-01-30 18:32:05,009 INFO c.h.h.t.HelmChartContainer - [test-hivemq-legacy-platform] [hivemq] [40472b67] INFO  - Shutting down HiveMQ. Please wait, this could take a while...
2025-01-30 18:32:05,026 INFO c.h.h.t.HelmChartContainer - [test-hivemq-legacy-platform] [hivemq] [40472b67] INFO  - Shutting down listeners and clients
2025-01-30 18:32:05,028 INFO c.h.h.t.HelmChartContainer - [test-hivemq-legacy-platform] [hivemq] [40472b67] INFO  - Shutdown of listeners is done
2025-01-30 18:32:05,028 INFO c.h.h.t.HelmChartContainer - [test-hivemq-legacy-platform] [hivemq] [40472b67] INFO  - No clients are connected, proceeding with shutdown
2025-01-30 18:32:05,725 INFO c.h.h.t.HelmChartContainer - [test-hivemq-legacy-platform] [hivemq] [b2e5a097] INFO  - [HiveMQ Platform Operator Init App 1.7.0-SNAPSHOT] Returning Health API response 200 for liveness
2025-01-30 18:32:07,927 INFO c.h.h.t.HelmChartContainer - [test-hivemq-legacy-platform] [hivemq] [40472b67] INFO  - Shutting down extension system
2025-01-30 18:32:07,929 INFO c.h.h.t.HelmChartContainer - [test-hivemq-legacy-platform] [hivemq] [40472b67] INFO  - Stopping extension with id hivemq-dns-cluster-discovery
2025-01-30 18:32:07,930 INFO c.h.h.t.HelmChartContainer - [test-hivemq-legacy-platform] [hivemq] [40472b67] INFO  - Extension "DNS Cluster Discovery Extension" version 4.3.3 stopped successfully.
2025-01-30 18:32:07,931 INFO c.h.h.t.HelmChartContainer - [test-hivemq-legacy-platform] [hivemq] [40472b67] INFO  - Stopping extension with id hivemq-prometheus-extension
2025-01-30 18:32:07,934 INFO c.h.h.t.HelmChartContainer - [test-hivemq-legacy-platform] [hivemq] [40472b67] INFO  - Extension "Prometheus Monitoring Extension" version 4.0.13 stopped successfully.
2025-01-30 18:32:07,935 INFO c.h.h.t.HelmChartContainer - [test-hivemq-legacy-platform] [hivemq] [40472b67] INFO  - Stopping extension with id hivemq-k8s-sync-extension
2025-01-30 18:32:07,936 INFO c.h.h.t.HelmChartContainer - [test-hivemq-legacy-platform] [hivemq] [40472b67] INFO  - Stopped HiveMQ Kubernetes State Synchronization Extension:1.0.3
2025-01-30 18:32:07,936 INFO c.h.h.t.HelmChartContainer - [test-hivemq-legacy-platform] [hivemq] [40472b67] INFO  - Extension "HiveMQ Kubernetes State Synchronization Extension" version 1.0.3 stopped successfully.
2025-01-30 18:32:07,936 INFO c.h.h.t.HelmChartContainer - [test-hivemq-legacy-platform] [hivemq] [40472b67] INFO  - Stopping extension with id hivemq-enterprise-security-extension
2025-01-30 18:32:07,936 INFO c.h.h.t.HelmChartContainer - [test-hivemq-legacy-platform] [hivemq] [40472b67] INFO  - HiveMQ Enterprise Security Extension: Shutting down HiveMQ Enterprise Security Extension.
2025-01-30 18:32:10,938 INFO c.h.h.t.HelmChartContainer - [test-hivemq-legacy-platform] [hivemq] [40472b67] INFO  - HiveMQ Enterprise Security Extension: Stopped HiveMQ Enterprise Security Extension successfully in 3002ms.
2025-01-30 18:32:10,938 INFO c.h.h.t.HelmChartContainer - [test-hivemq-legacy-platform] [hivemq] [40472b67] INFO  - Extension "HiveMQ Enterprise Security Extension" version 4.36.0 stopped successfully.
2025-01-30 18:32:10,944 INFO c.h.h.t.HelmChartContainer - [test-hivemq-legacy-platform] [hivemq] [b2e5a097] INFO  - Cluster nodes found by discovery: [DpVGA|2] (1) [DpVGA].
2025-01-30 18:32:10,950 INFO c.h.h.t.HelmChartContainer - [test-hivemq-legacy-platform] [hivemq] [b2e5a097] INFO  - Cluster size = 1, members : [DpVGA].
2025-01-30 18:32:13,707 INFO c.h.h.t.HelmChartContainer - [test-hivemq-legacy-platform] [hivemq] [40472b67] INFO  - Shutdown completed.
2025-01-30 18:32:14,327 INFO c.h.h.t.HelmChartContainer - [POD] test-hivemq-legacy-platform-0 [40472b67-ce40-45aa-8faf-16e584ef204c] in helmlegacystatefulsetmigrationit-operator was MODIFIED
2025-01-30 18:32:14,335 INFO c.h.h.t.HelmChartContainer - [hivemq-test-hivemq-platform] [hivemq-platform-operator] [e7767014] 18:32:14.330 [pool-6-thread-18] DEBUG c.h.p.o.d.PlatformServiceResource - [helmlega] Desired Platform services (4 services)
2025-01-30 18:32:14,335 INFO c.h.h.t.HelmChartContainer - [hivemq-test-hivemq-platform] [hivemq-platform-operator] [e7767014] 18:32:14.331 [pool-6-thread-11] DEBUG c.h.p.o.dependants.PodInfoConfigMap - [helmlega] Desired PodInfo ConfigMap (2 extensions) (1 enabled)
2025-01-30 18:32:14,338 INFO c.h.h.t.HelmChartContainer - [hivemq-test-hivemq-platform] [hivemq-platform-operator] [e7767014] 18:32:14.331 [pool-6-thread-11] DEBUG c.h.p.o.dependants.PodInfoConfigMap - [helmlega] Desired PodInfo ConfigMap (metrics port: 9399) (metrics path: /)
2025-01-30 18:32:14,338 INFO c.h.h.t.HelmChartContainer - [hivemq-test-hivemq-platform] [hivemq-platform-operator] [e7767014] 18:32:14.331 [pool-6-thread-11] DEBUG c.h.p.o.dependants.PodInfoConfigMap - [helmlega] Desired PodInfo ConfigMap (extension state hash: 259316804)
2025-01-30 18:32:14,338 INFO c.h.h.t.HelmChartContainer - [hivemq-test-hivemq-platform] [hivemq-platform-operator] [e7767014] 18:32:14.332 [pool-6-thread-17] DEBUG c.h.p.o.d.PodServiceAccountResource - [helmlega] Desired PodServiceAccountResource (serviceAccountName: hivemq-platform-pod-test-hivemq-legacy-platform)
2025-01-30 18:32:14,351 INFO c.h.h.t.HelmChartContainer - [hivemq-test-hivemq-platform] [hivemq-platform-operator] [e7767014] 18:32:14.349 [pool-6-thread-18] DEBUG c.h.p.o.d.StatefulSetResource - [helmlega] Desired StatefulSet (2 replicas) for status ROLLING_RESTART (RESTART_PODS_IN_PROGRESS)
2025-01-30 18:32:14,354 INFO c.h.h.t.HelmChartContainer - [hivemq-test-hivemq-platform] [hivemq-platform-operator] [e7767014] 18:32:14.353 [ReconcilerExecutor-hivemq-controller-128] INFO  c.h.p.o.HiveMQPlatformReconciler - [helmlega] Reconciling HiveMQ Platform 'test-hivemq-legacy-platform' in namespace 'helmlegacystatefulsetmigrationit-operator'
2025-01-30 18:32:14,355 INFO c.h.h.t.HelmChartContainer - [hivemq-test-hivemq-platform] [hivemq-platform-operator] [e7767014] 18:32:14.353 [ReconcilerExecutor-hivemq-controller-128] DEBUG c.h.p.o.HiveMQPlatformReconciler - [helmlega] Custom Resource Status ROLLING_RESTART - HiveMQ Platform is restarting Pods (rolling restart) (RESTART_PODS_IN_PROGRESS)
2025-01-30 18:32:14,355 INFO c.h.h.t.HelmChartContainer - [hivemq-test-hivemq-platform] [hivemq-platform-operator] [e7767014] 18:32:14.353 [ReconcilerExecutor-hivemq-controller-128] DEBUG c.h.p.o.HiveMQPlatformReconciler - [helmlega] Custom Resource Spec (replicas: 1) (extensions: 2)
2025-01-30 18:32:14,372 INFO c.h.h.t.HelmChartContainer - [K3S] [reconciler_common.go:162] "operationExecutor.UnmountVolume started for volume \"audit\" (UniqueName: \"kubernetes.io/empty-dir/40472b67-ce40-45aa-8faf-16e584ef204c-audit\") pod \"40472b67-ce40-45aa-8faf-16e584ef204c\" (UID: \"40472b67-ce40-45aa-8faf-16e584ef204c\") "
2025-01-30 18:32:14,372 INFO c.h.h.t.HelmChartContainer - [K3S] [reconciler_common.go:162] "operationExecutor.UnmountVolume started for volume \"conf-override\" (UniqueName: \"kubernetes.io/empty-dir/40472b67-ce40-45aa-8faf-16e584ef204c-conf-override\") pod \"40472b67-ce40-45aa-8faf-16e584ef204c\" (UID: \"40472b67-ce40-45aa-8faf-16e584ef204c\") "
2025-01-30 18:32:14,372 INFO c.h.h.t.HelmChartContainer - [K3S] [reconciler_common.go:162] "operationExecutor.UnmountVolume started for volume \"ese-file-realm\" (UniqueName: \"kubernetes.io/configmap/40472b67-ce40-45aa-8faf-16e584ef204c-ese-file-realm\") pod \"40472b67-ce40-45aa-8faf-16e584ef204c\" (UID: \"40472b67-ce40-45aa-8faf-16e584ef204c\") "
2025-01-30 18:32:14,372 INFO c.h.h.t.HelmChartContainer - [K3S] [reconciler_common.go:162] "operationExecutor.UnmountVolume started for volume \"kube-api-access-7wj97\" (UniqueName: \"kubernetes.io/projected/40472b67-ce40-45aa-8faf-16e584ef204c-kube-api-access-7wj97\") pod \"40472b67-ce40-45aa-8faf-16e584ef204c\" (UID: \"40472b67-ce40-45aa-8faf-16e584ef204c\") "
2025-01-30 18:32:14,373 INFO c.h.h.t.HelmChartContainer - [K3S] [reconciler_common.go:162] "operationExecutor.UnmountVolume started for volume \"live-info\" (UniqueName: \"kubernetes.io/configmap/40472b67-ce40-45aa-8faf-16e584ef204c-live-info\") pod \"40472b67-ce40-45aa-8faf-16e584ef204c\" (UID: \"40472b67-ce40-45aa-8faf-16e584ef204c\") "
2025-01-30 18:32:14,373 INFO c.h.h.t.HelmChartContainer - [K3S] [reconciler_common.go:162] "operationExecutor.UnmountVolume started for volume \"heap-dumps\" (UniqueName: \"kubernetes.io/empty-dir/40472b67-ce40-45aa-8faf-16e584ef204c-heap-dumps\") pod \"40472b67-ce40-45aa-8faf-16e584ef204c\" (UID: \"40472b67-ce40-45aa-8faf-16e584ef204c\") "
2025-01-30 18:32:14,373 INFO c.h.h.t.HelmChartContainer - [K3S] [reconciler_common.go:162] "operationExecutor.UnmountVolume started for volume \"log\" (UniqueName: \"kubernetes.io/empty-dir/40472b67-ce40-45aa-8faf-16e584ef204c-log\") pod \"40472b67-ce40-45aa-8faf-16e584ef204c\" (UID: \"40472b67-ce40-45aa-8faf-16e584ef204c\") "
2025-01-30 18:32:14,373 INFO c.h.h.t.HelmChartContainer - [K3S] [reconciler_common.go:162] "operationExecutor.UnmountVolume started for volume \"dns-wait-config\" (UniqueName: \"kubernetes.io/configmap/40472b67-ce40-45aa-8faf-16e584ef204c-dns-wait-config\") pod \"40472b67-ce40-45aa-8faf-16e584ef204c\" (UID: \"40472b67-ce40-45aa-8faf-16e584ef204c\") "
2025-01-30 18:32:14,373 INFO c.h.h.t.HelmChartContainer - [K3S] [reconciler_common.go:162] "operationExecutor.UnmountVolume started for volume \"shared-data\" (UniqueName: \"kubernetes.io/empty-dir/40472b67-ce40-45aa-8faf-16e584ef204c-shared-data\") pod \"40472b67-ce40-45aa-8faf-16e584ef204c\" (UID: \"40472b67-ce40-45aa-8faf-16e584ef204c\") "
2025-01-30 18:32:14,373 INFO c.h.h.t.HelmChartContainer - [K3S] [reconciler_common.go:162] "operationExecutor.UnmountVolume started for volume \"backup\" (UniqueName: \"kubernetes.io/empty-dir/40472b67-ce40-45aa-8faf-16e584ef204c-backup\") pod \"40472b67-ce40-45aa-8faf-16e584ef204c\" (UID: \"40472b67-ce40-45aa-8faf-16e584ef204c\") "
2025-01-30 18:32:14,373 INFO c.h.h.t.HelmChartContainer - [K3S] [reconciler_common.go:162] "operationExecutor.UnmountVolume started for volume \"ese-configuration\" (UniqueName: \"kubernetes.io/configmap/40472b67-ce40-45aa-8faf-16e584ef204c-ese-configuration\") pod \"40472b67-ce40-45aa-8faf-16e584ef204c\" (UID: \"40472b67-ce40-45aa-8faf-16e584ef204c\") "
2025-01-30 18:32:14,373 INFO c.h.h.t.HelmChartContainer - [K3S] [reconciler_common.go:162] "operationExecutor.UnmountVolume started for volume \"data\" (UniqueName: \"kubernetes.io/local-volume/pvc-eb2ec216-05df-404c-91de-301d73cbfbbc\") pod \"40472b67-ce40-45aa-8faf-16e584ef204c\" (UID: \"40472b67-ce40-45aa-8faf-16e584ef204c\") "
2025-01-30 18:32:14,424 INFO c.h.h.t.HelmChartContainer - [hivemq-test-hivemq-platform] [hivemq-platform-operator] [e7767014] 18:32:14.422 [ReconcilerExecutor-hivemq-controller-128] DEBUG c.h.p.o.HiveMQPlatformReconciler - [helmlega] StatefulSet Status (revision: test-hivemq-legacy-platform-65df8dcb7f, replicas: 2, available: 1, ready: 1, current: 1, updated: 1)
2025-01-30 18:32:14,424 INFO c.h.h.t.HelmChartContainer - [hivemq-test-hivemq-platform] [hivemq-platform-operator] [e7767014] 18:32:14.422 [ReconcilerExecutor-hivemq-controller-128] DEBUG c.h.p.o.HiveMQPlatformReconciler - [helmlega] StatefulSet Spec (replicas: 2, init containers: 1, containers: 1, volumes: 6)
2025-01-30 18:32:14,425 INFO c.h.h.t.HelmChartContainer - [hivemq-test-hivemq-platform] [hivemq-platform-operator] [e7767014] 18:32:14.424 [ReconcilerExecutor-hivemq-controller-128] DEBUG c.h.p.o.h.HiveMQPlatformReconcilerErrorHandler - [helmlega] Pod 'test-hivemq-legacy-platform-1' phase Running
2025-01-30 18:32:14,427 INFO c.h.h.t.HelmChartContainer - [hivemq-test-hivemq-platform] [hivemq-platform-operator] [e7767014] 18:32:14.426 [ReconcilerExecutor-hivemq-controller-128] DEBUG c.h.p.o.h.HiveMQPlatformReconcilerErrorHandler - [helmlega] Pod 'test-hivemq-legacy-platform-0' phase Failed
2025-01-30 18:32:14,428 INFO c.h.h.t.HelmChartContainer - [hivemq-test-hivemq-platform] [hivemq-platform-operator] [e7767014] 18:32:14.426 [ReconcilerExecutor-hivemq-controller-128] DEBUG c.h.p.o.h.HiveMQPlatformReconcilerErrorHandler - [helmlega] Pod 'test-hivemq-legacy-platform-0' condition 'PodReadyToStartContainers': False
2025-01-30 18:32:14,428 INFO c.h.h.t.HelmChartContainer - [hivemq-test-hivemq-platform] [hivemq-platform-operator] [e7767014] 18:32:14.426 [ReconcilerExecutor-hivemq-controller-128] DEBUG c.h.p.o.h.HiveMQPlatformReconcilerErrorHandler - [helmlega] Pod 'test-hivemq-legacy-platform-0' condition 'Initialized': True
2025-01-30 18:32:14,429 INFO c.h.h.t.HelmChartContainer - [hivemq-test-hivemq-platform] [hivemq-platform-operator] [e7767014] 18:32:14.426 [ReconcilerExecutor-hivemq-controller-128] DEBUG c.h.p.o.h.HiveMQPlatformReconcilerErrorHandler - [helmlega] Pod 'test-hivemq-legacy-platform-0' condition 'Ready': False
2025-01-30 18:32:14,429 INFO c.h.h.t.HelmChartContainer - [hivemq-test-hivemq-platform] [hivemq-platform-operator] [e7767014] 18:32:14.426 [ReconcilerExecutor-hivemq-controller-128] DEBUG c.h.p.o.h.HiveMQPlatformReconcilerErrorHandler - [helmlega] Pod 'test-hivemq-legacy-platform-0' condition 'ContainersReady': False
2025-01-30 18:32:14,429 INFO c.h.h.t.HelmChartContainer - [hivemq-test-hivemq-platform] [hivemq-platform-operator] [e7767014] 18:32:14.426 [ReconcilerExecutor-hivemq-controller-128] DEBUG c.h.p.o.h.HiveMQPlatformReconcilerErrorHandler - [helmlega] Pod 'test-hivemq-legacy-platform-0' condition 'PodScheduled': True
2025-01-30 18:32:14,429 INFO c.h.h.t.HelmChartContainer - [hivemq-test-hivemq-platform] [hivemq-platform-operator] [e7767014] 18:32:14.426 [ReconcilerExecutor-hivemq-controller-128] DEBUG c.h.p.o.h.HiveMQPlatformReconcilerErrorHandler - [helmlega] Pod 'test-hivemq-legacy-platform-0' containerStatus 'hivemq' (started: false) (ready: false) (waiting: [Unknown] no message)
2025-01-30 18:32:14,429 INFO c.h.h.t.HelmChartContainer - [hivemq-test-hivemq-platform] [hivemq-platform-operator] [e7767014] 18:32:14.427 [ReconcilerExecutor-hivemq-controller-128] DEBUG c.h.p.o.h.HiveMQPlatformReconcilerRollingRestartHandler - [helmlega] Rolling restart is waiting for 1 of 2 replicas
2025-01-30 18:32:14,432 INFO c.h.h.t.HelmChartContainer - [hivemq-test-hivemq-platform] [hivemq-platform-operator] [e7767014] 18:32:14.430 [pool-6-thread-29] DEBUG c.h.p.o.d.PlatformServiceResource - [helmlega] Desired Platform services (4 services)
2025-01-30 18:32:14,434 INFO c.h.h.t.HelmChartContainer - [hivemq-test-hivemq-platform] [hivemq-platform-operator] [e7767014] 18:32:14.431 [pool-6-thread-25] DEBUG c.h.p.o.dependants.PodInfoConfigMap - [helmlega] Desired PodInfo ConfigMap (2 extensions) (1 enabled)
2025-01-30 18:32:14,434 INFO c.h.h.t.HelmChartContainer - [hivemq-test-hivemq-platform] [hivemq-platform-operator] [e7767014] 18:32:14.431 [pool-6-thread-25] DEBUG c.h.p.o.dependants.PodInfoConfigMap - [helmlega] Desired PodInfo ConfigMap (metrics port: 9399) (metrics path: /)
2025-01-30 18:32:14,435 INFO c.h.h.t.HelmChartContainer - [hivemq-test-hivemq-platform] [hivemq-platform-operator] [e7767014] 18:32:14.432 [pool-6-thread-25] DEBUG c.h.p.o.dependants.PodInfoConfigMap - [helmlega] Desired PodInfo ConfigMap (extension state hash: 259316804)
2025-01-30 18:32:14,438 INFO c.h.h.t.HelmChartContainer - [hivemq-test-hivemq-platform] [hivemq-platform-operator] [e7767014] 18:32:14.433 [pool-6-thread-25] DEBUG c.h.p.o.d.PodServiceAccountResource - [helmlega] Desired PodServiceAccountResource (serviceAccountName: hivemq-platform-pod-test-hivemq-legacy-platform)
2025-01-30 18:32:14,465 INFO c.h.h.t.HelmChartContainer - [hivemq-test-hivemq-platform] [hivemq-platform-operator] [e7767014] 18:32:14.439 [pool-6-thread-29] DEBUG c.h.p.o.d.StatefulSetResource - [helmlega] Desired StatefulSet (2 replicas) for status ROLLING_RESTART (RESTART_PODS_IN_PROGRESS)
2025-01-30 18:32:14,473 INFO c.h.h.t.HelmChartContainer - [K3S] [reconciler_common.go:299] "Volume detached for volume \"log\" (UniqueName: \"kubernetes.io/empty-dir/40472b67-ce40-45aa-8faf-16e584ef204c-log\") on node \"b99e65a4204c\" DevicePath \"\""
2025-01-30 18:32:14,473 INFO c.h.h.t.HelmChartContainer - [K3S] [reconciler_common.go:299] "Volume detached for volume \"dns-wait-config\" (UniqueName: \"kubernetes.io/configmap/40472b67-ce40-45aa-8faf-16e584ef204c-dns-wait-config\") on node \"b99e65a4204c\" DevicePath \"\""
2025-01-30 18:32:14,473 INFO c.h.h.t.HelmChartContainer - [K3S] [reconciler_common.go:292] "operationExecutor.UnmountDevice started for volume \"pvc-eb2ec216-05df-404c-91de-301d73cbfbbc\" (UniqueName: \"kubernetes.io/local-volume/pvc-eb2ec216-05df-404c-91de-301d73cbfbbc\") on node \"b99e65a4204c\" "
2025-01-30 18:32:14,474 INFO c.h.h.t.HelmChartContainer - [K3S] [reconciler_common.go:299] "Volume detached for volume \"shared-data\" (UniqueName: \"kubernetes.io/empty-dir/40472b67-ce40-45aa-8faf-16e584ef204c-shared-data\") on node \"b99e65a4204c\" DevicePath \"\""
2025-01-30 18:32:14,474 INFO c.h.h.t.HelmChartContainer - [K3S] [reconciler_common.go:299] "Volume detached for volume \"backup\" (UniqueName: \"kubernetes.io/empty-dir/40472b67-ce40-45aa-8faf-16e584ef204c-backup\") on node \"b99e65a4204c\" DevicePath \"\""
2025-01-30 18:32:14,474 INFO c.h.h.t.HelmChartContainer - [K3S] [reconciler_common.go:299] "Volume detached for volume \"ese-configuration\" (UniqueName: \"kubernetes.io/configmap/40472b67-ce40-45aa-8faf-16e584ef204c-ese-configuration\") on node \"b99e65a4204c\" DevicePath \"\""
2025-01-30 18:32:14,474 INFO c.h.h.t.HelmChartContainer - [K3S] [reconciler_common.go:299] "Volume detached for volume \"audit\" (UniqueName: \"kubernetes.io/empty-dir/40472b67-ce40-45aa-8faf-16e584ef204c-audit\") on node \"b99e65a4204c\" DevicePath \"\""
2025-01-30 18:32:14,474 INFO c.h.h.t.HelmChartContainer - [K3S] [reconciler_common.go:299] "Volume detached for volume \"conf-override\" (UniqueName: \"kubernetes.io/empty-dir/40472b67-ce40-45aa-8faf-16e584ef204c-conf-override\") on node \"b99e65a4204c\" DevicePath \"\""
2025-01-30 18:32:14,474 INFO c.h.h.t.HelmChartContainer - [K3S] [reconciler_common.go:299] "Volume detached for volume \"ese-file-realm\" (UniqueName: \"kubernetes.io/configmap/40472b67-ce40-45aa-8faf-16e584ef204c-ese-file-realm\") on node \"b99e65a4204c\" DevicePath \"\""
2025-01-30 18:32:14,474 INFO c.h.h.t.HelmChartContainer - [K3S] [reconciler_common.go:299] "Volume detached for volume \"kube-api-access-7wj97\" (UniqueName: \"kubernetes.io/projected/40472b67-ce40-45aa-8faf-16e584ef204c-kube-api-access-7wj97\") on node \"b99e65a4204c\" DevicePath \"\""
2025-01-30 18:32:14,474 INFO c.h.h.t.HelmChartContainer - [K3S] [reconciler_common.go:299] "Volume detached for volume \"live-info\" (UniqueName: \"kubernetes.io/configmap/40472b67-ce40-45aa-8faf-16e584ef204c-live-info\") on node \"b99e65a4204c\" DevicePath \"\""
2025-01-30 18:32:14,474 INFO c.h.h.t.HelmChartContainer - [K3S] [reconciler_common.go:299] "Volume detached for volume \"heap-dumps\" (UniqueName: \"kubernetes.io/empty-dir/40472b67-ce40-45aa-8faf-16e584ef204c-heap-dumps\") on node \"b99e65a4204c\" DevicePath \"\""
2025-01-30 18:32:14,524 INFO c.h.h.t.HelmChartContainer - [hivemq-test-hivemq-platform] [hivemq-platform-operator] [e7767014] 18:32:14.521 [ReconcilerExecutor-hivemq-controller-129] INFO  c.h.p.o.HiveMQPlatformReconciler - [helmlega] Reconciling HiveMQ Platform 'test-hivemq-legacy-platform' in namespace 'helmlegacystatefulsetmigrationit-operator'
2025-01-30 18:32:14,525 INFO c.h.h.t.HelmChartContainer - [hivemq-test-hivemq-platform] [hivemq-platform-operator] [e7767014] 18:32:14.521 [ReconcilerExecutor-hivemq-controller-129] DEBUG c.h.p.o.HiveMQPlatformReconciler - [helmlega] Custom Resource Status ROLLING_RESTART - HiveMQ Platform is restarting Pods (rolling restart) (RESTART_PODS_IN_PROGRESS)
2025-01-30 18:32:14,526 INFO c.h.h.t.HelmChartContainer - [hivemq-test-hivemq-platform] [hivemq-platform-operator] [e7767014] 18:32:14.521 [ReconcilerExecutor-hivemq-controller-129] DEBUG c.h.p.o.HiveMQPlatformReconciler - [helmlega] Custom Resource Spec (replicas: 1) (extensions: 2)
2025-01-30 18:32:14,526 INFO c.h.h.t.HelmChartContainer - [hivemq-test-hivemq-platform] [hivemq-platform-operator] [e7767014] 18:32:14.524 [ReconcilerExecutor-hivemq-controller-129] DEBUG c.h.p.o.HiveMQPlatformReconciler - [helmlega] StatefulSet Status (revision: test-hivemq-legacy-platform-65df8dcb7f, replicas: 2, available: 1, ready: 1, current: 1, updated: 1)
2025-01-30 18:32:14,527 INFO c.h.h.t.HelmChartContainer - [hivemq-test-hivemq-platform] [hivemq-platform-operator] [e7767014] 18:32:14.524 [ReconcilerExecutor-hivemq-controller-129] DEBUG c.h.p.o.HiveMQPlatformReconciler - [helmlega] StatefulSet Spec (replicas: 2, init containers: 1, containers: 1, volumes: 6)
2025-01-30 18:32:14,527 INFO c.h.h.t.HelmChartContainer - [hivemq-test-hivemq-platform] [hivemq-platform-operator] [e7767014] 18:32:14.525 [ReconcilerExecutor-hivemq-controller-129] DEBUG c.h.p.o.h.HiveMQPlatformReconcilerErrorHandler - [helmlega] Pod 'test-hivemq-legacy-platform-1' phase Running
2025-01-30 18:32:14,529 INFO c.h.h.t.HelmChartContainer - [hivemq-test-hivemq-platform] [hivemq-platform-operator] [e7767014] 18:32:14.527 [ReconcilerExecutor-hivemq-controller-129] DEBUG c.h.p.o.h.HiveMQPlatformReconcilerErrorHandler - [helmlega] Pod 'test-hivemq-legacy-platform-0' phase Failed
2025-01-30 18:32:14,529 INFO c.h.h.t.HelmChartContainer - [hivemq-test-hivemq-platform] [hivemq-platform-operator] [e7767014] 18:32:14.527 [ReconcilerExecutor-hivemq-controller-129] DEBUG c.h.p.o.h.HiveMQPlatformReconcilerErrorHandler - [helmlega] Pod 'test-hivemq-legacy-platform-0' condition 'PodReadyToStartContainers': False
2025-01-30 18:32:14,529 INFO c.h.h.t.HelmChartContainer - [hivemq-test-hivemq-platform] [hivemq-platform-operator] [e7767014] 18:32:14.527 [ReconcilerExecutor-hivemq-controller-129] DEBUG c.h.p.o.h.HiveMQPlatformReconcilerErrorHandler - [helmlega] Pod 'test-hivemq-legacy-platform-0' condition 'Initialized': True
2025-01-30 18:32:14,529 INFO c.h.h.t.HelmChartContainer - [hivemq-test-hivemq-platform] [hivemq-platform-operator] [e7767014] 18:32:14.527 [ReconcilerExecutor-hivemq-controller-129] DEBUG c.h.p.o.h.HiveMQPlatformReconcilerErrorHandler - [helmlega] Pod 'test-hivemq-legacy-platform-0' condition 'Ready': False
2025-01-30 18:32:14,529 INFO c.h.h.t.HelmChartContainer - [hivemq-test-hivemq-platform] [hivemq-platform-operator] [e7767014] 18:32:14.527 [ReconcilerExecutor-hivemq-controller-129] DEBUG c.h.p.o.h.HiveMQPlatformReconcilerErrorHandler - [helmlega] Pod 'test-hivemq-legacy-platform-0' condition 'ContainersReady': False
2025-01-30 18:32:14,529 INFO c.h.h.t.HelmChartContainer - [hivemq-test-hivemq-platform] [hivemq-platform-operator] [e7767014] 18:32:14.527 [ReconcilerExecutor-hivemq-controller-129] DEBUG c.h.p.o.h.HiveMQPlatformReconcilerErrorHandler - [helmlega] Pod 'test-hivemq-legacy-platform-0' condition 'PodScheduled': True
2025-01-30 18:32:14,529 INFO c.h.h.t.HelmChartContainer - [hivemq-test-hivemq-platform] [hivemq-platform-operator] [e7767014] 18:32:14.527 [ReconcilerExecutor-hivemq-controller-129] DEBUG c.h.p.o.h.HiveMQPlatformReconcilerErrorHandler - [helmlega] Pod 'test-hivemq-legacy-platform-0' containerStatus 'hivemq' (started: false) (ready: false) (waiting: [Unknown] no message)
2025-01-30 18:32:14,530 INFO c.h.h.t.HelmChartContainer - [hivemq-test-hivemq-platform] [hivemq-platform-operator] [e7767014] 18:32:14.528 [ReconcilerExecutor-hivemq-controller-129] DEBUG c.h.p.o.h.HiveMQPlatformReconcilerRollingRestartHandler - [helmlega] Rolling restart is waiting for 1 of 2 replicas
2025-01-30 18:32:14,574 INFO c.h.h.t.HelmChartContainer - [K3S] [reconciler_common.go:299] "Volume detached for volume \"pvc-eb2ec216-05df-404c-91de-301d73cbfbbc\" (UniqueName: \"kubernetes.io/local-volume/pvc-eb2ec216-05df-404c-91de-301d73cbfbbc\") on node \"b99e65a4204c\" DevicePath \"\""
2025-01-30 18:32:14,807 INFO c.h.h.t.HelmChartContainer - [K3S] [scope.go:117] "RemoveContainer" containerID="8bb6aa1128205d5a3483326f8c8dc783c656021de966ebb3a9a107ba5b6f6628"
2025-01-30 18:32:14,810 INFO c.h.h.t.HelmChartContainer - [K3S] [scope.go:117] "RemoveContainer" containerID="649f62fca5e1cca595ede0d10c1bcce81098d6d490360739c8c9d810d5efaf06"
2025-01-30 18:32:14,814 INFO c.h.h.t.HelmChartContainer - [K3S] [scope.go:117] "RemoveContainer" containerID="a93511c40354a34e0d34ab69bfe6d6b9b68294f40086fac652cd20333ad60d4a"
2025-01-30 18:32:14,817 INFO c.h.h.t.HelmChartContainer - [K3S] [scope.go:117] "RemoveContainer" containerID="8bb6aa1128205d5a3483326f8c8dc783c656021de966ebb3a9a107ba5b6f6628"
2025-01-30 18:32:14,818 INFO c.h.h.t.HelmChartContainer - [K3S] [scope.go:117] "RemoveContainer" containerID="649f62fca5e1cca595ede0d10c1bcce81098d6d490360739c8c9d810d5efaf06"
2025-01-30 18:32:14,819 INFO c.h.h.t.HelmChartContainer - [K3S] [scope.go:117] "RemoveContainer" containerID="a93511c40354a34e0d34ab69bfe6d6b9b68294f40086fac652cd20333ad60d4a"
2025-01-30 18:32:14,823 INFO c.h.h.t.HelmChartContainer - [POD] test-hivemq-legacy-platform-0 [40472b67-ce40-45aa-8faf-16e584ef204c] in helmlegacystatefulsetmigrationit-operator was MODIFIED
2025-01-30 18:32:14,831 INFO c.h.h.t.HelmChartContainer - [POD] test-hivemq-legacy-platform-0 [40472b67-ce40-45aa-8faf-16e584ef204c] in helmlegacystatefulsetmigrationit-operator was DELETED
2025-01-30 18:32:14,836 INFO c.h.h.t.HelmChartContainer - [hivemq-test-hivemq-platform] [hivemq-platform-operator] [e7767014] 18:32:14.834 [pool-6-thread-38] DEBUG c.h.p.o.d.PlatformServiceResource - [helmlega] Desired Platform services (4 services)
2025-01-30 18:32:14,838 INFO c.h.h.t.HelmChartContainer - [hivemq-test-hivemq-platform] [hivemq-platform-operator] [e7767014] 18:32:14.837 [pool-6-thread-34] DEBUG c.h.p.o.dependants.PodInfoConfigMap - [helmlega] Desired PodInfo ConfigMap (2 extensions) (1 enabled)
2025-01-30 18:32:14,841 INFO c.h.h.t.HelmChartContainer - [hivemq-test-hivemq-platform] [hivemq-platform-operator] [e7767014] 18:32:14.838 [pool-6-thread-34] DEBUG c.h.p.o.dependants.PodInfoConfigMap - [helmlega] Desired PodInfo ConfigMap (metrics port: 9399) (metrics path: /)
2025-01-30 18:32:14,841 INFO c.h.h.t.HelmChartContainer - [hivemq-test-hivemq-platform] [hivemq-platform-operator] [e7767014] 18:32:14.838 [pool-6-thread-34] DEBUG c.h.p.o.dependants.PodInfoConfigMap - [helmlega] Desired PodInfo ConfigMap (extension state hash: 259316804)
2025-01-30 18:32:14,841 INFO c.h.h.t.HelmChartContainer - [hivemq-test-hivemq-platform] [hivemq-platform-operator] [e7767014] 18:32:14.838 [pool-6-thread-32] DEBUG c.h.p.o.d.PodServiceAccountResource - [helmlega] Desired PodServiceAccountResource (serviceAccountName: hivemq-platform-pod-test-hivemq-legacy-platform)
2025-01-30 18:32:14,853 INFO c.h.h.t.HelmChartContainer - [hivemq-test-hivemq-platform] [hivemq-platform-operator] [e7767014] 18:32:14.852 [pool-6-thread-38] DEBUG c.h.p.o.d.StatefulSetResource - [helmlega] Desired StatefulSet (2 replicas) for status ROLLING_RESTART (RESTART_PODS_IN_PROGRESS)
2025-01-30 18:32:14,857 INFO c.h.h.t.HelmChartContainer - [POD] test-hivemq-legacy-platform-0 [32dcad8e-5ea8-4837-b537-fae067da5789] in helmlegacystatefulsetmigrationit-operator was ADDED
2025-01-30 18:32:14,862 INFO c.h.h.t.HelmChartContainer - [EVENT] Normal [SuccessfulCreate] create Pod test-hivemq-legacy-platform-0 in StatefulSet test-hivemq-legacy-platform successful [helmlegacystatefulsetmigrationit-operator:test-hivemq-legacy-platform]
2025-01-30 18:32:14,867 INFO c.h.h.t.HelmChartContainer - [K3S] [memory_manager.go:355] "RemoveStaleState removing state" podUID="40472b67-ce40-45aa-8faf-16e584ef204c" containerName="hivemq"
2025-01-30 18:32:14,870 INFO c.h.h.t.HelmChartContainer - [POD] test-hivemq-legacy-platform-0 [32dcad8e-5ea8-4837-b537-fae067da5789] in helmlegacystatefulsetmigrationit-operator was MODIFIED
2025-01-30 18:32:14,872 INFO c.h.h.t.HelmChartContainer - [EVENT] Normal [Scheduled] Successfully assigned helmlegacystatefulsetmigrationit-operator/test-hivemq-legacy-platform-0 to b99e65a4204c [helmlegacystatefulsetmigrationit-operator:test-hivemq-legacy-platform-0]
2025-01-30 18:32:14,880 INFO c.h.h.t.HelmChartContainer - [POD] test-hivemq-legacy-platform-0 [32dcad8e-5ea8-4837-b537-fae067da5789] in helmlegacystatefulsetmigrationit-operator was MODIFIED
2025-01-30 18:32:14,926 INFO c.h.h.t.HelmChartContainer - [hivemq-test-hivemq-platform] [hivemq-platform-operator] [e7767014] 18:32:14.924 [ReconcilerExecutor-hivemq-controller-130] INFO  c.h.p.o.HiveMQPlatformReconciler - [helmlega] Reconciling HiveMQ Platform 'test-hivemq-legacy-platform' in namespace 'helmlegacystatefulsetmigrationit-operator'
2025-01-30 18:32:14,926 INFO c.h.h.t.HelmChartContainer - [hivemq-test-hivemq-platform] [hivemq-platform-operator] [e7767014] 18:32:14.924 [ReconcilerExecutor-hivemq-controller-130] DEBUG c.h.p.o.HiveMQPlatformReconciler - [helmlega] Custom Resource Status ROLLING_RESTART - HiveMQ Platform is restarting Pods (rolling restart) (RESTART_PODS_IN_PROGRESS)
2025-01-30 18:32:14,926 INFO c.h.h.t.HelmChartContainer - [hivemq-test-hivemq-platform] [hivemq-platform-operator] [e7767014] 18:32:14.924 [ReconcilerExecutor-hivemq-controller-130] DEBUG c.h.p.o.HiveMQPlatformReconciler - [helmlega] Custom Resource Spec (replicas: 1) (extensions: 2)
2025-01-30 18:32:14,927 INFO c.h.h.t.HelmChartContainer - [hivemq-test-hivemq-platform] [hivemq-platform-operator] [e7767014] 18:32:14.926 [ReconcilerExecutor-hivemq-controller-130] DEBUG c.h.p.o.HiveMQPlatformReconciler - [helmlega] StatefulSet Status (revision: test-hivemq-legacy-platform-65df8dcb7f, replicas: 1, available: 1, ready: 1, current: 1, updated: 1)
2025-01-30 18:32:14,927 INFO c.h.h.t.HelmChartContainer - [hivemq-test-hivemq-platform] [hivemq-platform-operator] [e7767014] 18:32:14.926 [ReconcilerExecutor-hivemq-controller-130] DEBUG c.h.p.o.HiveMQPlatformReconciler - [helmlega] StatefulSet Spec (replicas: 2, init containers: 1, containers: 1, volumes: 6)
2025-01-30 18:32:14,930 INFO c.h.h.t.HelmChartContainer - [hivemq-test-hivemq-platform] [hivemq-platform-operator] [e7767014] 18:32:14.929 [ReconcilerExecutor-hivemq-controller-130] DEBUG c.h.p.o.h.HiveMQPlatformReconcilerErrorHandler - [helmlega] Pod 'test-hivemq-legacy-platform-1' phase Running
2025-01-30 18:32:14,932 INFO c.h.h.t.HelmChartContainer - [hivemq-test-hivemq-platform] [hivemq-platform-operator] [e7767014] 18:32:14.930 [ReconcilerExecutor-hivemq-controller-130] DEBUG c.h.p.o.h.HiveMQPlatformReconcilerErrorHandler - [helmlega] Pod 'test-hivemq-legacy-platform-0' phase Pending
2025-01-30 18:32:14,932 INFO c.h.h.t.HelmChartContainer - [hivemq-test-hivemq-platform] [hivemq-platform-operator] [e7767014] 18:32:14.930 [ReconcilerExecutor-hivemq-controller-130] DEBUG c.h.p.o.h.HiveMQPlatformReconcilerErrorHandler - [helmlega] Pod 'test-hivemq-legacy-platform-0' condition 'PodReadyToStartContainers': False
2025-01-30 18:32:14,932 INFO c.h.h.t.HelmChartContainer - [hivemq-test-hivemq-platform] [hivemq-platform-operator] [e7767014] 18:32:14.930 [ReconcilerExecutor-hivemq-controller-130] DEBUG c.h.p.o.h.HiveMQPlatformReconcilerErrorHandler - [helmlega] Pod 'test-hivemq-legacy-platform-0' condition 'Initialized': False
2025-01-30 18:32:14,932 INFO c.h.h.t.HelmChartContainer - [hivemq-test-hivemq-platform] [hivemq-platform-operator] [e7767014] 18:32:14.930 [ReconcilerExecutor-hivemq-controller-130] DEBUG c.h.p.o.h.HiveMQPlatformReconcilerErrorHandler - [helmlega] Pod 'test-hivemq-legacy-platform-0' condition 'Ready': False
2025-01-30 18:32:14,932 INFO c.h.h.t.HelmChartContainer - [hivemq-test-hivemq-platform] [hivemq-platform-operator] [e7767014] 18:32:14.931 [ReconcilerExecutor-hivemq-controller-130] DEBUG c.h.p.o.h.HiveMQPlatformReconcilerErrorHandler - [helmlega] Pod 'test-hivemq-legacy-platform-0' condition 'ContainersReady': False
2025-01-30 18:32:14,932 INFO c.h.h.t.HelmChartContainer - [hivemq-test-hivemq-platform] [hivemq-platform-operator] [e7767014] 18:32:14.931 [ReconcilerExecutor-hivemq-controller-130] DEBUG c.h.p.o.h.HiveMQPlatformReconcilerErrorHandler - [helmlega] Pod 'test-hivemq-legacy-platform-0' condition 'PodScheduled': True
2025-01-30 18:32:14,934 INFO c.h.h.t.HelmChartContainer - [hivemq-test-hivemq-platform] [hivemq-platform-operator] [e7767014] 18:32:14.931 [ReconcilerExecutor-hivemq-controller-130] DEBUG c.h.p.o.h.HiveMQPlatformReconcilerErrorHandler - [helmlega] Pod 'test-hivemq-legacy-platform-0' containerStatus 'hivemq' (started: false) (ready: false) (waiting: [PodInitializing] null)
2025-01-30 18:32:14,934 INFO c.h.h.t.HelmChartContainer - [hivemq-test-hivemq-platform] [hivemq-platform-operator] [e7767014] 18:32:14.931 [ReconcilerExecutor-hivemq-controller-130] DEBUG c.h.p.o.h.HiveMQPlatformReconcilerRollingRestartHandler - [helmlega] Rolling restart is waiting for 1 of 2 replicas
2025-01-30 18:32:14,936 INFO c.h.h.t.HelmChartContainer - [hivemq-test-hivemq-platform] [hivemq-platform-operator] [e7767014] 18:32:14.935 [pool-6-thread-47] DEBUG c.h.p.o.d.PlatformServiceResource - [helmlega] Desired Platform services (4 services)
2025-01-30 18:32:14,937 INFO c.h.h.t.HelmChartContainer - [hivemq-test-hivemq-platform] [hivemq-platform-operator] [e7767014] 18:32:14.936 [pool-6-thread-45] DEBUG c.h.p.o.dependants.PodInfoConfigMap - [helmlega] Desired PodInfo ConfigMap (2 extensions) (1 enabled)
2025-01-30 18:32:14,938 INFO c.h.h.t.HelmChartContainer - [hivemq-test-hivemq-platform] [hivemq-platform-operator] [e7767014] 18:32:14.936 [pool-6-thread-45] DEBUG c.h.p.o.dependants.PodInfoConfigMap - [helmlega] Desired PodInfo ConfigMap (metrics port: 9399) (metrics path: /)
2025-01-30 18:32:14,938 INFO c.h.h.t.HelmChartContainer - [hivemq-test-hivemq-platform] [hivemq-platform-operator] [e7767014] 18:32:14.937 [pool-6-thread-45] DEBUG c.h.p.o.dependants.PodInfoConfigMap - [helmlega] Desired PodInfo ConfigMap (extension state hash: 259316804)
2025-01-30 18:32:14,939 INFO c.h.h.t.HelmChartContainer - [hivemq-test-hivemq-platform] [hivemq-platform-operator] [e7767014] 18:32:14.938 [pool-6-thread-45] DEBUG c.h.p.o.d.PodServiceAccountResource - [helmlega] Desired PodServiceAccountResource (serviceAccountName: hivemq-platform-pod-test-hivemq-legacy-platform)
2025-01-30 18:32:14,975 INFO c.h.h.t.HelmChartContainer - [K3S] [reconciler_common.go:251] "operationExecutor.VerifyControllerAttachedVolume started for volume \"pod-info\" (UniqueName: \"kubernetes.io/configmap/32dcad8e-5ea8-4837-b537-fae067da5789-pod-info\") pod \"test-hivemq-legacy-platform-0\" (UID: \"32dcad8e-5ea8-4837-b537-fae067da5789\") " pod="helmlegacystatefulsetmigrationit-operator/test-hivemq-legacy-platform-0"
2025-01-30 18:32:14,975 INFO c.h.h.t.HelmChartContainer - [K3S] [reconciler_common.go:251] "operationExecutor.VerifyControllerAttachedVolume started for volume \"kube-api-access-v454m\" (UniqueName: \"kubernetes.io/projected/32dcad8e-5ea8-4837-b537-fae067da5789-kube-api-access-v454m\") pod \"test-hivemq-legacy-platform-0\" (UID: \"32dcad8e-5ea8-4837-b537-fae067da5789\") " pod="helmlegacystatefulsetmigrationit-operator/test-hivemq-legacy-platform-0"
2025-01-30 18:32:14,976 INFO c.h.h.t.HelmChartContainer - [K3S] [reconciler_common.go:251] "operationExecutor.VerifyControllerAttachedVolume started for volume \"ese-file-realm\" (UniqueName: \"kubernetes.io/configmap/32dcad8e-5ea8-4837-b537-fae067da5789-ese-file-realm\") pod \"test-hivemq-legacy-platform-0\" (UID: \"32dcad8e-5ea8-4837-b537-fae067da5789\") " pod="helmlegacystatefulsetmigrationit-operator/test-hivemq-legacy-platform-0"
2025-01-30 18:32:14,976 INFO c.h.h.t.HelmChartContainer - [K3S] [reconciler_common.go:251] "operationExecutor.VerifyControllerAttachedVolume started for volume \"broker-configuration\" (UniqueName: \"kubernetes.io/configmap/32dcad8e-5ea8-4837-b537-fae067da5789-broker-configuration\") pod \"test-hivemq-legacy-platform-0\" (UID: \"32dcad8e-5ea8-4837-b537-fae067da5789\") " pod="helmlegacystatefulsetmigrationit-operator/test-hivemq-legacy-platform-0"
2025-01-30 18:32:14,976 INFO c.h.h.t.HelmChartContainer - [K3S] [reconciler_common.go:251] "operationExecutor.VerifyControllerAttachedVolume started for volume \"operator-init\" (UniqueName: \"kubernetes.io/empty-dir/32dcad8e-5ea8-4837-b537-fae067da5789-operator-init\") pod \"test-hivemq-legacy-platform-0\" (UID: \"32dcad8e-5ea8-4837-b537-fae067da5789\") " pod="helmlegacystatefulsetmigrationit-operator/test-hivemq-legacy-platform-0"
2025-01-30 18:32:14,976 INFO c.h.h.t.HelmChartContainer - [K3S] [reconciler_common.go:251] "operationExecutor.VerifyControllerAttachedVolume started for volume \"extension-configuration-hivemq-enterprise-security-extension\" (UniqueName: \"kubernetes.io/configmap/32dcad8e-5ea8-4837-b537-fae067da5789-extension-configuration-hivemq-enterprise-security-extension\") pod \"test-hivemq-legacy-platform-0\" (UID: \"32dcad8e-5ea8-4837-b537-fae067da5789\") " pod="helmlegacystatefulsetmigrationit-operator/test-hivemq-legacy-platform-0"
2025-01-30 18:32:14,976 INFO c.h.h.t.HelmChartContainer - [K3S] [reconciler_common.go:251] "operationExecutor.VerifyControllerAttachedVolume started for volume \"pvc-eb2ec216-05df-404c-91de-301d73cbfbbc\" (UniqueName: \"kubernetes.io/local-volume/pvc-eb2ec216-05df-404c-91de-301d73cbfbbc\") pod \"test-hivemq-legacy-platform-0\" (UID: \"32dcad8e-5ea8-4837-b537-fae067da5789\") " pod="helmlegacystatefulsetmigrationit-operator/test-hivemq-legacy-platform-0"
2025-01-30 18:32:15,029 INFO c.h.h.t.HelmChartContainer - [hivemq-test-hivemq-platform] [hivemq-platform-operator] [e7767014] 18:32:15.028 [pool-6-thread-47] DEBUG c.h.p.o.d.StatefulSetResource - [helmlega] Desired StatefulSet (2 replicas) for status ROLLING_RESTART (RESTART_PODS_IN_PROGRESS)
2025-01-30 18:32:15,033 INFO c.h.h.t.HelmChartContainer - [hivemq-test-hivemq-platform] [hivemq-platform-operator] [e7767014] 18:32:15.032 [ReconcilerExecutor-hivemq-controller-135] INFO  c.h.p.o.HiveMQPlatformReconciler - [helmlega] Reconciling HiveMQ Platform 'test-hivemq-legacy-platform' in namespace 'helmlegacystatefulsetmigrationit-operator'
2025-01-30 18:32:15,033 INFO c.h.h.t.HelmChartContainer - [hivemq-test-hivemq-platform] [hivemq-platform-operator] [e7767014] 18:32:15.032 [ReconcilerExecutor-hivemq-controller-135] DEBUG c.h.p.o.HiveMQPlatformReconciler - [helmlega] Custom Resource Status ROLLING_RESTART - HiveMQ Platform is restarting Pods (rolling restart) (RESTART_PODS_IN_PROGRESS)
2025-01-30 18:32:15,033 INFO c.h.h.t.HelmChartContainer - [hivemq-test-hivemq-platform] [hivemq-platform-operator] [e7767014] 18:32:15.032 [ReconcilerExecutor-hivemq-controller-135] DEBUG c.h.p.o.HiveMQPlatformReconciler - [helmlega] Custom Resource Spec (replicas: 1) (extensions: 2)
2025-01-30 18:32:15,036 INFO c.h.h.t.HelmChartContainer - [hivemq-test-hivemq-platform] [hivemq-platform-operator] [e7767014] 18:32:15.035 [ReconcilerExecutor-hivemq-controller-135] DEBUG c.h.p.o.HiveMQPlatformReconciler - [helmlega] StatefulSet Status (revision: test-hivemq-legacy-platform-65df8dcb7f, replicas: 2, available: 1, ready: 1, current: 2, updated: 2)
2025-01-30 18:32:15,036 INFO c.h.h.t.HelmChartContainer - [hivemq-test-hivemq-platform] [hivemq-platform-operator] [e7767014] 18:32:15.035 [ReconcilerExecutor-hivemq-controller-135] DEBUG c.h.p.o.HiveMQPlatformReconciler - [helmlega] StatefulSet Spec (replicas: 2, init containers: 1, containers: 1, volumes: 6)
2025-01-30 18:32:15,038 INFO c.h.h.t.HelmChartContainer - [hivemq-test-hivemq-platform] [hivemq-platform-operator] [e7767014] 18:32:15.037 [ReconcilerExecutor-hivemq-controller-135] DEBUG c.h.p.o.h.HiveMQPlatformReconcilerErrorHandler - [helmlega] Pod 'test-hivemq-legacy-platform-1' phase Running
2025-01-30 18:32:15,039 INFO c.h.h.t.HelmChartContainer - [hivemq-test-hivemq-platform] [hivemq-platform-operator] [e7767014] 18:32:15.038 [ReconcilerExecutor-hivemq-controller-135] DEBUG c.h.p.o.h.HiveMQPlatformReconcilerErrorHandler - [helmlega] Pod 'test-hivemq-legacy-platform-0' phase Pending
2025-01-30 18:32:15,041 INFO c.h.h.t.HelmChartContainer - [hivemq-test-hivemq-platform] [hivemq-platform-operator] [e7767014] 18:32:15.038 [ReconcilerExecutor-hivemq-controller-135] DEBUG c.h.p.o.h.HiveMQPlatformReconcilerErrorHandler - [helmlega] Pod 'test-hivemq-legacy-platform-0' condition 'PodReadyToStartContainers': False
2025-01-30 18:32:15,041 INFO c.h.h.t.HelmChartContainer - [hivemq-test-hivemq-platform] [hivemq-platform-operator] [e7767014] 18:32:15.039 [ReconcilerExecutor-hivemq-controller-135] DEBUG c.h.p.o.h.HiveMQPlatformReconcilerErrorHandler - [helmlega] Pod 'test-hivemq-legacy-platform-0' condition 'Initialized': False
2025-01-30 18:32:15,041 INFO c.h.h.t.HelmChartContainer - [hivemq-test-hivemq-platform] [hivemq-platform-operator] [e7767014] 18:32:15.039 [ReconcilerExecutor-hivemq-controller-135] DEBUG c.h.p.o.h.HiveMQPlatformReconcilerErrorHandler - [helmlega] Pod 'test-hivemq-legacy-platform-0' condition 'Ready': False
2025-01-30 18:32:15,041 INFO c.h.h.t.HelmChartContainer - [hivemq-test-hivemq-platform] [hivemq-platform-operator] [e7767014] 18:32:15.039 [ReconcilerExecutor-hivemq-controller-135] DEBUG c.h.p.o.h.HiveMQPlatformReconcilerErrorHandler - [helmlega] Pod 'test-hivemq-legacy-platform-0' condition 'ContainersReady': False
2025-01-30 18:32:15,041 INFO c.h.h.t.HelmChartContainer - [hivemq-test-hivemq-platform] [hivemq-platform-operator] [e7767014] 18:32:15.039 [ReconcilerExecutor-hivemq-controller-135] DEBUG c.h.p.o.h.HiveMQPlatformReconcilerErrorHandler - [helmlega] Pod 'test-hivemq-legacy-platform-0' condition 'PodScheduled': True
2025-01-30 18:32:15,041 INFO c.h.h.t.HelmChartContainer - [hivemq-test-hivemq-platform] [hivemq-platform-operator] [e7767014] 18:32:15.039 [ReconcilerExecutor-hivemq-controller-135] DEBUG c.h.p.o.h.HiveMQPlatformReconcilerErrorHandler - [helmlega] Pod 'test-hivemq-legacy-platform-0' containerStatus 'hivemq' (started: false) (ready: false) (waiting: [PodInitializing] null)
2025-01-30 18:32:15,041 INFO c.h.h.t.HelmChartContainer - [hivemq-test-hivemq-platform] [hivemq-platform-operator] [e7767014] 18:32:15.039 [ReconcilerExecutor-hivemq-controller-135] DEBUG c.h.p.o.h.HiveMQPlatformReconcilerRollingRestartHandler - [helmlega] Rolling restart is waiting for 1 of 2 replicas
2025-01-30 18:32:15,128 INFO c.h.h.t.HelmChartContainer - [hivemq-test-hivemq-platform] [hivemq-platform-operator] [e7767014] 18:32:15.125 [pool-6-thread-6] DEBUG c.h.p.o.d.PodServiceAccountResource - [helmlega] Desired PodServiceAccountResource (serviceAccountName: hivemq-platform-pod-test-hivemq-legacy-platform)
2025-01-30 18:32:15,128 INFO c.h.h.t.HelmChartContainer - [hivemq-test-hivemq-platform] [hivemq-platform-operator] [e7767014] 18:32:15.126 [pool-6-thread-8] DEBUG c.h.p.o.dependants.PodInfoConfigMap - [helmlega] Desired PodInfo ConfigMap (2 extensions) (1 enabled)
2025-01-30 18:32:15,128 INFO c.h.h.t.HelmChartContainer - [hivemq-test-hivemq-platform] [hivemq-platform-operator] [e7767014] 18:32:15.126 [pool-6-thread-8] DEBUG c.h.p.o.dependants.PodInfoConfigMap - [helmlega] Desired PodInfo ConfigMap (metrics port: 9399) (metrics path: /)
2025-01-30 18:32:15,128 INFO c.h.h.t.HelmChartContainer - [hivemq-test-hivemq-platform] [hivemq-platform-operator] [e7767014] 18:32:15.126 [pool-6-thread-8] DEBUG c.h.p.o.dependants.PodInfoConfigMap - [helmlega] Desired PodInfo ConfigMap (extension state hash: 259316804)
2025-01-30 18:32:15,129 INFO c.h.h.t.HelmChartContainer - [hivemq-test-hivemq-platform] [hivemq-platform-operator] [e7767014] 18:32:15.128 [pool-6-thread-3] DEBUG c.h.p.o.d.PlatformServiceResource - [helmlega] Desired Platform services (4 services)
2025-01-30 18:32:15,135 INFO c.h.h.t.HelmChartContainer - [hivemq-test-hivemq-platform] [hivemq-platform-operator] [e7767014] 18:32:15.133 [pool-6-thread-3] DEBUG c.h.p.o.d.StatefulSetResource - [helmlega] Desired StatefulSet (2 replicas) for status ROLLING_RESTART (RESTART_PODS_IN_PROGRESS)
2025-01-30 18:32:15,139 INFO c.h.h.t.HelmChartContainer - [hivemq-test-hivemq-platform] [hivemq-platform-operator] [e7767014] 18:32:15.138 [ReconcilerExecutor-hivemq-controller-136] INFO  c.h.p.o.HiveMQPlatformReconciler - [helmlega] Reconciling HiveMQ Platform 'test-hivemq-legacy-platform' in namespace 'helmlegacystatefulsetmigrationit-operator'
2025-01-30 18:32:15,139 INFO c.h.h.t.HelmChartContainer - [hivemq-test-hivemq-platform] [hivemq-platform-operator] [e7767014] 18:32:15.138 [ReconcilerExecutor-hivemq-controller-136] DEBUG c.h.p.o.HiveMQPlatformReconciler - [helmlega] Custom Resource Status ROLLING_RESTART - HiveMQ Platform is restarting Pods (rolling restart) (RESTART_PODS_IN_PROGRESS)
2025-01-30 18:32:15,139 INFO c.h.h.t.HelmChartContainer - [hivemq-test-hivemq-platform] [hivemq-platform-operator] [e7767014] 18:32:15.138 [ReconcilerExecutor-hivemq-controller-136] DEBUG c.h.p.o.HiveMQPlatformReconciler - [helmlega] Custom Resource Spec (replicas: 1) (extensions: 2)
2025-01-30 18:32:15,225 INFO c.h.h.t.HelmChartContainer - [hivemq-test-hivemq-platform] [hivemq-platform-operator] [e7767014] 18:32:15.223 [ReconcilerExecutor-hivemq-controller-136] DEBUG c.h.p.o.HiveMQPlatformReconciler - [helmlega] StatefulSet Status (revision: test-hivemq-legacy-platform-65df8dcb7f, replicas: 2, available: 1, ready: 1, current: 2, updated: 2)
2025-01-30 18:32:15,225 INFO c.h.h.t.HelmChartContainer - [hivemq-test-hivemq-platform] [hivemq-platform-operator] [e7767014] 18:32:15.223 [ReconcilerExecutor-hivemq-controller-136] DEBUG c.h.p.o.HiveMQPlatformReconciler - [helmlega] StatefulSet Spec (replicas: 2, init containers: 1, containers: 1, volumes: 6)
2025-01-30 18:32:15,227 INFO c.h.h.t.HelmChartContainer - [hivemq-test-hivemq-platform] [hivemq-platform-operator] [e7767014] 18:32:15.226 [ReconcilerExecutor-hivemq-controller-136] DEBUG c.h.p.o.h.HiveMQPlatformReconcilerErrorHandler - [helmlega] Pod 'test-hivemq-legacy-platform-1' phase Running
2025-01-30 18:32:15,230 INFO c.h.h.t.HelmChartContainer - [hivemq-test-hivemq-platform] [hivemq-platform-operator] [e7767014] 18:32:15.228 [ReconcilerExecutor-hivemq-controller-136] DEBUG c.h.p.o.h.HiveMQPlatformReconcilerErrorHandler - [helmlega] Pod 'test-hivemq-legacy-platform-0' phase Pending
2025-01-30 18:32:15,230 INFO c.h.h.t.HelmChartContainer - [hivemq-test-hivemq-platform] [hivemq-platform-operator] [e7767014] 18:32:15.228 [ReconcilerExecutor-hivemq-controller-136] DEBUG c.h.p.o.h.HiveMQPlatformReconcilerErrorHandler - [helmlega] Pod 'test-hivemq-legacy-platform-0' condition 'PodReadyToStartContainers': False
2025-01-30 18:32:15,230 INFO c.h.h.t.HelmChartContainer - [hivemq-test-hivemq-platform] [hivemq-platform-operator] [e7767014] 18:32:15.228 [ReconcilerExecutor-hivemq-controller-136] DEBUG c.h.p.o.h.HiveMQPlatformReconcilerErrorHandler - [helmlega] Pod 'test-hivemq-legacy-platform-0' condition 'Initialized': False
2025-01-30 18:32:15,230 INFO c.h.h.t.HelmChartContainer - [hivemq-test-hivemq-platform] [hivemq-platform-operator] [e7767014] 18:32:15.228 [ReconcilerExecutor-hivemq-controller-136] DEBUG c.h.p.o.h.HiveMQPlatformReconcilerErrorHandler - [helmlega] Pod 'test-hivemq-legacy-platform-0' condition 'Ready': False
2025-01-30 18:32:15,230 INFO c.h.h.t.HelmChartContainer - [hivemq-test-hivemq-platform] [hivemq-platform-operator] [e7767014] 18:32:15.228 [ReconcilerExecutor-hivemq-controller-136] DEBUG c.h.p.o.h.HiveMQPlatformReconcilerErrorHandler - [helmlega] Pod 'test-hivemq-legacy-platform-0' condition 'ContainersReady': False
2025-01-30 18:32:15,230 INFO c.h.h.t.HelmChartContainer - [hivemq-test-hivemq-platform] [hivemq-platform-operator] [e7767014] 18:32:15.228 [ReconcilerExecutor-hivemq-controller-136] DEBUG c.h.p.o.h.HiveMQPlatformReconcilerErrorHandler - [helmlega] Pod 'test-hivemq-legacy-platform-0' condition 'PodScheduled': True
2025-01-30 18:32:15,230 INFO c.h.h.t.HelmChartContainer - [hivemq-test-hivemq-platform] [hivemq-platform-operator] [e7767014] 18:32:15.228 [ReconcilerExecutor-hivemq-controller-136] DEBUG c.h.p.o.h.HiveMQPlatformReconcilerErrorHandler - [helmlega] Pod 'test-hivemq-legacy-platform-0' containerStatus 'hivemq' (started: false) (ready: false) (waiting: [PodInitializing] null)
2025-01-30 18:32:15,231 INFO c.h.h.t.HelmChartContainer - [hivemq-test-hivemq-platform] [hivemq-platform-operator] [e7767014] 18:32:15.228 [ReconcilerExecutor-hivemq-controller-136] DEBUG c.h.p.o.h.HiveMQPlatformReconcilerRollingRestartHandler - [helmlega] Rolling restart is waiting for 1 of 2 replicas
2025-01-30 18:32:15,270 INFO c.h.h.t.HelmChartContainer - [EVENT] Normal [Pulled] Container image "docker.io/hivemq/hivemq-platform-operator-init-test:snapshot" already present on machine [helmlegacystatefulsetmigrationit-operator:test-hivemq-legacy-platform-0]
2025-01-30 18:32:15,277 INFO c.h.h.t.HelmChartContainer - [EVENT] Normal [Created] Created container: hivemq-platform-operator-init [helmlegacystatefulsetmigrationit-operator:test-hivemq-legacy-platform-0]
2025-01-30 18:32:15,318 INFO c.h.h.t.HelmChartContainer - [EVENT] Normal [Started] Started container hivemq-platform-operator-init [helmlegacystatefulsetmigrationit-operator:test-hivemq-legacy-platform-0]
2025-01-30 18:32:15,409 INFO c.h.h.t.HelmChartContainer - [K3S] [kubelet_volumes.go:163] "Cleaned up orphaned pod volumes dir" podUID="40472b67-ce40-45aa-8faf-16e584ef204c" path="/var/lib/kubelet/pods/40472b67-ce40-45aa-8faf-16e584ef204c/volumes"
2025-01-30 18:32:15,814 INFO c.h.h.t.HelmChartContainer - [EVENT] Normal [Pulled] Container image "docker.io/hivemq/hivemq4:4.36.0" already present on machine [helmlegacystatefulsetmigrationit-operator:test-hivemq-legacy-platform-0]
2025-01-30 18:32:15,815 INFO c.h.h.t.HelmChartContainer - Received Pulled event for container hivemq in pod test-hivemq-legacy-platform-0 [32dcad8e-5ea8-4837-b537-fae067da5789]
2025-01-30 18:32:15,823 INFO c.h.h.t.HelmChartContainer - [POD] test-hivemq-legacy-platform-0 [32dcad8e-5ea8-4837-b537-fae067da5789] in helmlegacystatefulsetmigrationit-operator was MODIFIED
2025-01-30 18:32:15,846 INFO c.h.h.t.HelmChartContainer - [EVENT] Normal [Created] Created container: hivemq [helmlegacystatefulsetmigrationit-operator:test-hivemq-legacy-platform-0]
2025-01-30 18:32:15,846 INFO c.h.h.t.HelmChartContainer - Received Created event for container hivemq in pod test-hivemq-legacy-platform-0 [32dcad8e-5ea8-4837-b537-fae067da5789]
2025-01-30 18:32:15,850 INFO c.h.h.t.HelmChartContainer - [hivemq-test-hivemq-platform] [hivemq-platform-operator] [e7767014] 18:32:15.831 [pool-6-thread-17] DEBUG c.h.p.o.d.PlatformServiceResource - [helmlega] Desired Platform services (4 services)
2025-01-30 18:32:15,850 INFO c.h.h.t.HelmChartContainer - [hivemq-test-hivemq-platform] [hivemq-platform-operator] [e7767014] 18:32:15.832 [pool-6-thread-19] DEBUG c.h.p.o.dependants.PodInfoConfigMap - [helmlega] Desired PodInfo ConfigMap (2 extensions) (1 enabled)
2025-01-30 18:32:15,850 INFO c.h.h.t.HelmChartContainer - [hivemq-test-hivemq-platform] [hivemq-platform-operator] [e7767014] 18:32:15.832 [pool-6-thread-19] DEBUG c.h.p.o.dependants.PodInfoConfigMap - [helmlega] Desired PodInfo ConfigMap (metrics port: 9399) (metrics path: /)
2025-01-30 18:32:15,850 INFO c.h.h.t.HelmChartContainer - [hivemq-test-hivemq-platform] [hivemq-platform-operator] [e7767014] 18:32:15.832 [pool-6-thread-19] DEBUG c.h.p.o.dependants.PodInfoConfigMap - [helmlega] Desired PodInfo ConfigMap (extension state hash: 259316804)
2025-01-30 18:32:15,850 INFO c.h.h.t.HelmChartContainer - [hivemq-test-hivemq-platform] [hivemq-platform-operator] [e7767014] 18:32:15.834 [pool-6-thread-19] DEBUG c.h.p.o.d.PodServiceAccountResource - [helmlega] Desired PodServiceAccountResource (serviceAccountName: hivemq-platform-pod-test-hivemq-legacy-platform)
2025-01-30 18:32:15,850 INFO c.h.h.t.HelmChartContainer - [hivemq-test-hivemq-platform] [hivemq-platform-operator] [e7767014] 18:32:15.840 [pool-6-thread-17] DEBUG c.h.p.o.d.StatefulSetResource - [helmlega] Desired StatefulSet (2 replicas) for status ROLLING_RESTART (RESTART_PODS_IN_PROGRESS)
2025-01-30 18:32:15,850 INFO c.h.h.t.HelmChartContainer - [hivemq-test-hivemq-platform] [hivemq-platform-operator] [e7767014] 18:32:15.844 [ReconcilerExecutor-hivemq-controller-137] INFO  c.h.p.o.HiveMQPlatformReconciler - [helmlega] Reconciling HiveMQ Platform 'test-hivemq-legacy-platform' in namespace 'helmlegacystatefulsetmigrationit-operator'
2025-01-30 18:32:15,853 INFO c.h.h.t.HelmChartContainer - [hivemq-test-hivemq-platform] [hivemq-platform-operator] [e7767014] 18:32:15.844 [ReconcilerExecutor-hivemq-controller-137] DEBUG c.h.p.o.HiveMQPlatformReconciler - [helmlega] Custom Resource Status ROLLING_RESTART - HiveMQ Platform is restarting Pods (rolling restart) (RESTART_PODS_IN_PROGRESS)
2025-01-30 18:32:15,859 INFO c.h.h.t.HelmChartContainer - [hivemq-test-hivemq-platform] [hivemq-platform-operator] [e7767014] 18:32:15.844 [ReconcilerExecutor-hivemq-controller-137] DEBUG c.h.p.o.HiveMQPlatformReconciler - [helmlega] Custom Resource Spec (replicas: 1) (extensions: 2)
2025-01-30 18:32:15,859 INFO c.h.h.t.HelmChartContainer - [hivemq-test-hivemq-platform] [hivemq-platform-operator] [e7767014] 18:32:15.846 [ReconcilerExecutor-hivemq-controller-137] DEBUG c.h.p.o.HiveMQPlatformReconciler - [helmlega] StatefulSet Status (revision: test-hivemq-legacy-platform-65df8dcb7f, replicas: 2, available: 1, ready: 1, current: 2, updated: 2)
2025-01-30 18:32:15,859 INFO c.h.h.t.HelmChartContainer - [hivemq-test-hivemq-platform] [hivemq-platform-operator] [e7767014] 18:32:15.846 [ReconcilerExecutor-hivemq-controller-137] DEBUG c.h.p.o.HiveMQPlatformReconciler - [helmlega] StatefulSet Spec (replicas: 2, init containers: 1, containers: 1, volumes: 6)
2025-01-30 18:32:15,859 INFO c.h.h.t.HelmChartContainer - [hivemq-test-hivemq-platform] [hivemq-platform-operator] [e7767014] 18:32:15.849 [ReconcilerExecutor-hivemq-controller-137] DEBUG c.h.p.o.h.HiveMQPlatformReconcilerErrorHandler - [helmlega] Pod 'test-hivemq-legacy-platform-1' phase Running
2025-01-30 18:32:15,859 INFO c.h.h.t.HelmChartContainer - [hivemq-test-hivemq-platform] [hivemq-platform-operator] [e7767014] 18:32:15.851 [ReconcilerExecutor-hivemq-controller-137] DEBUG c.h.p.o.h.HiveMQPlatformReconcilerErrorHandler - [helmlega] Pod 'test-hivemq-legacy-platform-0' phase Pending
2025-01-30 18:32:15,860 INFO c.h.h.t.HelmChartContainer - [hivemq-test-hivemq-platform] [hivemq-platform-operator] [e7767014] 18:32:15.852 [ReconcilerExecutor-hivemq-controller-137] DEBUG c.h.p.o.h.HiveMQPlatformReconcilerErrorHandler - [helmlega] Pod 'test-hivemq-legacy-platform-0' condition 'PodReadyToStartContainers': True
2025-01-30 18:32:15,860 INFO c.h.h.t.HelmChartContainer - [hivemq-test-hivemq-platform] [hivemq-platform-operator] [e7767014] 18:32:15.852 [ReconcilerExecutor-hivemq-controller-137] DEBUG c.h.p.o.h.HiveMQPlatformReconcilerErrorHandler - [helmlega] Pod 'test-hivemq-legacy-platform-0' condition 'Initialized': True
2025-01-30 18:32:15,860 INFO c.h.h.t.HelmChartContainer - [hivemq-test-hivemq-platform] [hivemq-platform-operator] [e7767014] 18:32:15.852 [ReconcilerExecutor-hivemq-controller-137] DEBUG c.h.p.o.h.HiveMQPlatformReconcilerErrorHandler - [helmlega] Pod 'test-hivemq-legacy-platform-0' condition 'Ready': False
2025-01-30 18:32:15,860 INFO c.h.h.t.HelmChartContainer - [hivemq-test-hivemq-platform] [hivemq-platform-operator] [e7767014] 18:32:15.852 [ReconcilerExecutor-hivemq-controller-137] DEBUG c.h.p.o.h.HiveMQPlatformReconcilerErrorHandler - [helmlega] Pod 'test-hivemq-legacy-platform-0' condition 'ContainersReady': False
2025-01-30 18:32:15,860 INFO c.h.h.t.HelmChartContainer - [hivemq-test-hivemq-platform] [hivemq-platform-operator] [e7767014] 18:32:15.852 [ReconcilerExecutor-hivemq-controller-137] DEBUG c.h.p.o.h.HiveMQPlatformReconcilerErrorHandler - [helmlega] Pod 'test-hivemq-legacy-platform-0' condition 'PodScheduled': True
2025-01-30 18:32:15,860 INFO c.h.h.t.HelmChartContainer - [hivemq-test-hivemq-platform] [hivemq-platform-operator] [e7767014] 18:32:15.852 [ReconcilerExecutor-hivemq-controller-137] DEBUG c.h.p.o.h.HiveMQPlatformReconcilerErrorHandler - [helmlega] Pod 'test-hivemq-legacy-platform-0' containerStatus 'hivemq' (started: false) (ready: false) (waiting: [PodInitializing] null)
2025-01-30 18:32:15,868 INFO c.h.h.t.HelmChartContainer - [hivemq-test-hivemq-platform] [hivemq-platform-operator] [e7767014] 18:32:15.865 [ReconcilerExecutor-hivemq-controller-137] DEBUG c.h.p.o.h.HiveMQPlatformReconcilerRollingRestartHandler - [helmlega] Rolling restart is waiting for 1 of 2 replicas
2025-01-30 18:32:16,823 INFO c.h.h.t.HelmChartContainer - [POD] test-hivemq-legacy-platform-0 [32dcad8e-5ea8-4837-b537-fae067da5789] in helmlegacystatefulsetmigrationit-operator was MODIFIED
2025-01-30 18:32:16,834 INFO c.h.h.t.HelmChartContainer - [EVENT] Normal [Started] Started container hivemq [helmlegacystatefulsetmigrationit-operator:test-hivemq-legacy-platform-0]
2025-01-30 18:32:16,834 INFO c.h.h.t.HelmChartContainer - Started log watcher for hivemq in pod test-hivemq-legacy-platform-0 [32dcad8e-5ea8-4837-b537-fae067da5789]
2025-01-30 18:32:16,835 INFO c.h.h.t.HelmChartContainer - Received Started event for container hivemq in pod test-hivemq-legacy-platform-0 [32dcad8e-5ea8-4837-b537-fae067da5789]
2025-01-30 18:32:16,837 INFO c.h.h.t.HelmChartContainer - [hivemq-test-hivemq-platform] [hivemq-platform-operator] [e7767014] 18:32:16.830 [pool-6-thread-21] DEBUG c.h.p.o.d.PlatformServiceResource - [helmlega] Desired Platform services (4 services)
2025-01-30 18:32:16,837 INFO c.h.h.t.HelmChartContainer - [hivemq-test-hivemq-platform] [hivemq-platform-operator] [e7767014] 18:32:16.831 [pool-6-thread-28] DEBUG c.h.p.o.dependants.PodInfoConfigMap - [helmlega] Desired PodInfo ConfigMap (2 extensions) (1 enabled)
2025-01-30 18:32:16,837 INFO c.h.h.t.HelmChartContainer - [hivemq-test-hivemq-platform] [hivemq-platform-operator] [e7767014] 18:32:16.831 [pool-6-thread-28] DEBUG c.h.p.o.dependants.PodInfoConfigMap - [helmlega] Desired PodInfo ConfigMap (metrics port: 9399) (metrics path: /)
2025-01-30 18:32:16,837 INFO c.h.h.t.HelmChartContainer - [hivemq-test-hivemq-platform] [hivemq-platform-operator] [e7767014] 18:32:16.831 [pool-6-thread-28] DEBUG c.h.p.o.dependants.PodInfoConfigMap - [helmlega] Desired PodInfo ConfigMap (extension state hash: 259316804)
2025-01-30 18:32:16,837 INFO c.h.h.t.HelmChartContainer - [hivemq-test-hivemq-platform] [hivemq-platform-operator] [e7767014] 18:32:16.832 [pool-6-thread-27] DEBUG c.h.p.o.d.PodServiceAccountResource - [helmlega] Desired PodServiceAccountResource (serviceAccountName: hivemq-platform-pod-test-hivemq-legacy-platform)
2025-01-30 18:32:16,837 INFO c.h.h.t.HelmChartContainer - [test-hivemq-legacy-platform] [hivemq] [32dcad8e] Adding pre-installed HiveMQ Platform Operator extensions
2025-01-30 18:32:16,837 INFO c.h.h.t.HelmChartContainer - [test-hivemq-legacy-platform] [hivemq] [32dcad8e] Running as user 10000
2025-01-30 18:32:16,837 INFO c.h.h.t.HelmChartContainer - [test-hivemq-legacy-platform] [hivemq] [32dcad8e] Starting HiveMQ Platform Operator Init
2025-01-30 18:32:16,845 INFO c.h.h.t.HelmChartContainer - [hivemq-test-hivemq-platform] [hivemq-platform-operator] [e7767014] 18:32:16.843 [pool-6-thread-21] DEBUG c.h.p.o.d.StatefulSetResource - [helmlega] Desired StatefulSet (2 replicas) for status ROLLING_RESTART (RESTART_PODS_IN_PROGRESS)
2025-01-30 18:32:16,855 INFO c.h.h.t.HelmChartContainer - [hivemq-test-hivemq-platform] [hivemq-platform-operator] [e7767014] 18:32:16.851 [ReconcilerExecutor-hivemq-controller-138] INFO  c.h.p.o.HiveMQPlatformReconciler - [helmlega] Reconciling HiveMQ Platform 'test-hivemq-legacy-platform' in namespace 'helmlegacystatefulsetmigrationit-operator'
2025-01-30 18:32:16,855 INFO c.h.h.t.HelmChartContainer - [hivemq-test-hivemq-platform] [hivemq-platform-operator] [e7767014] 18:32:16.851 [ReconcilerExecutor-hivemq-controller-138] DEBUG c.h.p.o.HiveMQPlatformReconciler - [helmlega] Custom Resource Status ROLLING_RESTART - HiveMQ Platform is restarting Pods (rolling restart) (RESTART_PODS_IN_PROGRESS)
2025-01-30 18:32:16,856 INFO c.h.h.t.HelmChartContainer - [hivemq-test-hivemq-platform] [hivemq-platform-operator] [e7767014] 18:32:16.851 [ReconcilerExecutor-hivemq-controller-138] DEBUG c.h.p.o.HiveMQPlatformReconciler - [helmlega] Custom Resource Spec (replicas: 1) (extensions: 2)
2025-01-30 18:32:16,857 INFO c.h.h.t.HelmChartContainer - [hivemq-test-hivemq-platform] [hivemq-platform-operator] [e7767014] 18:32:16.853 [ReconcilerExecutor-hivemq-controller-138] DEBUG c.h.p.o.HiveMQPlatformReconciler - [helmlega] StatefulSet Status (revision: test-hivemq-legacy-platform-65df8dcb7f, replicas: 2, available: 1, ready: 1, current: 2, updated: 2)
2025-01-30 18:32:16,857 INFO c.h.h.t.HelmChartContainer - [hivemq-test-hivemq-platform] [hivemq-platform-operator] [e7767014] 18:32:16.853 [ReconcilerExecutor-hivemq-controller-138] DEBUG c.h.p.o.HiveMQPlatformReconciler - [helmlega] StatefulSet Spec (replicas: 2, init containers: 1, containers: 1, volumes: 6)
2025-01-30 18:32:16,871 INFO c.h.h.t.HelmChartContainer - [hivemq-test-hivemq-platform] [hivemq-platform-operator] [e7767014] 18:32:16.866 [ReconcilerExecutor-hivemq-controller-138] DEBUG c.h.p.o.h.HiveMQPlatformReconcilerErrorHandler - [helmlega] Pod 'test-hivemq-legacy-platform-1' phase Running
2025-01-30 18:32:16,924 INFO c.h.h.t.HelmChartContainer - [hivemq-test-hivemq-platform] [hivemq-platform-operator] [e7767014] 18:32:16.922 [ReconcilerExecutor-hivemq-controller-138] DEBUG c.h.p.o.h.HiveMQPlatformReconcilerErrorHandler - [helmlega] Pod 'test-hivemq-legacy-platform-0' phase Running
2025-01-30 18:32:16,924 INFO c.h.h.t.HelmChartContainer - [hivemq-test-hivemq-platform] [hivemq-platform-operator] [e7767014] 18:32:16.923 [ReconcilerExecutor-hivemq-controller-138] DEBUG c.h.p.o.h.HiveMQPlatformReconcilerRollingRestartHandler - [helmlega] Rolling restart is waiting for 1 of 2 replicas
2025-01-30 18:32:17,159 INFO c.h.h.t.HelmChartContainer - [test-hivemq-legacy-platform] [hivemq] [32dcad8e] INFO  - [HiveMQ Platform Operator Init 1.7.0-SNAPSHOT] HiveMQ Platform Operator Init 1.7.0-SNAPSHOT (commit: 47e3375 on branch: HEAD) built on Thu Jan 30 03:55:50 UTC 2025
2025-01-30 18:32:18,375 INFO c.h.h.t.HelmChartContainer - [test-hivemq-legacy-platform] [hivemq] [32dcad8e] INFO  - [HiveMQ Platform Operator Init App 1.7.0-SNAPSHOT] Using bind address 10.42.0.12 from environment variable
2025-01-30 18:32:19,374 INFO c.h.h.t.HelmChartContainer - [test-hivemq-legacy-platform] [hivemq] [32dcad8e] INFO  - [HiveMQ Platform Operator Init App 1.7.0-SNAPSHOT] HiveMQ Platform Operator Init App 1.7.0-SNAPSHOT (commit: 47e3375 on branch: HEAD) built on Thu Jan 30 03:55:50 UTC 2025
2025-01-30 18:32:19,375 INFO c.h.h.t.HelmChartContainer - [test-hivemq-legacy-platform] [hivemq] [32dcad8e] INFO  - [HiveMQ Platform Operator Init App 1.7.0-SNAPSHOT] PodInfo ConfigMap directory: /etc/podinfo
2025-01-30 18:32:19,375 INFO c.h.h.t.HelmChartContainer - [test-hivemq-legacy-platform] [hivemq] [32dcad8e] INFO  - [HiveMQ Platform Operator Init App 1.7.0-SNAPSHOT] HiveMQ home directory: /opt/hivemq
2025-01-30 18:32:19,376 INFO c.h.h.t.HelmChartContainer - [test-hivemq-legacy-platform] [hivemq] [32dcad8e] INFO  - [HiveMQ Platform Operator Init App 1.7.0-SNAPSHOT] HiveMQ Logback folder: /opt/hivemq/conf
2025-01-30 18:32:19,376 INFO c.h.h.t.HelmChartContainer - [test-hivemq-legacy-platform] [hivemq] [32dcad8e] INFO  - [HiveMQ Platform Operator Init App 1.7.0-SNAPSHOT] HiveMQ Config folder: /opt/hivemq/conf-k8s
2025-01-30 18:32:19,376 INFO c.h.h.t.HelmChartContainer - [test-hivemq-legacy-platform] [hivemq] [32dcad8e] INFO  - [HiveMQ Platform Operator Init App 1.7.0-SNAPSHOT] Starting HiveMQ Platform Operator Init App
2025-01-30 18:32:19,376 INFO c.h.h.t.HelmChartContainer - [test-hivemq-legacy-platform] [hivemq] [32dcad8e] INFO  - [HiveMQ Platform Operator Init App 1.7.0-SNAPSHOT] Starting Pod reconciler
2025-01-30 18:32:20,573 INFO c.h.h.t.HelmChartContainer - [test-hivemq-legacy-platform] [hivemq] [32dcad8e] INFO  - [HiveMQ Platform Operator Init App 1.7.0-SNAPSHOT] Pod reconciler is scheduled (interval: 5000 ms)
2025-01-30 18:32:20,574 INFO c.h.h.t.HelmChartContainer - [test-hivemq-legacy-platform] [hivemq] [32dcad8e] INFO  - [HiveMQ Platform Operator Init App 1.7.0-SNAPSHOT] Starting the REST API on 10.42.0.12:7979
2025-01-30 18:32:20,576 INFO c.h.h.t.HelmChartContainer - [test-hivemq-legacy-platform] [hivemq] [32dcad8e] INFO  - [HiveMQ Platform Operator Init App 1.7.0-SNAPSHOT] Waiting up to 600s for at most 2 HiveMQ nodes in cluster service hivemq-test-hivemq-legacy-platform-cluster.helmlegacystatefulsetmigrationit-operator.svc
2025-01-30 18:32:20,956 INFO c.h.h.t.HelmChartContainer - [test-hivemq-legacy-platform] [hivemq] [32dcad8e] INFO  - [HiveMQ Platform Operator Init App 1.7.0-SNAPSHOT] Resolved 2 IP addresses: [10.42.0.12, 10.42.0.11]
2025-01-30 18:32:20,956 INFO c.h.h.t.HelmChartContainer - [test-hivemq-legacy-platform] [hivemq] [32dcad8e] INFO  - [HiveMQ Platform Operator Init App 1.7.0-SNAPSHOT] HiveMQ node count of 2 is within threshold of 2
2025-01-30 18:32:20,956 INFO c.h.h.t.HelmChartContainer - [test-hivemq-legacy-platform] [hivemq] [32dcad8e] INFO  - [HiveMQ Platform Operator Init App 1.7.0-SNAPSHOT] Waiting 15s for previous shutdown replication to finish...
2025-01-30 18:32:22,824 INFO c.h.h.t.HelmChartContainer - [test-hivemq-legacy-platform] [hivemq] [32dcad8e] INFO  - [HiveMQ Platform Operator Init App 1.7.0-SNAPSHOT] Returning default Health API response 503 for readiness
2025-01-30 18:32:22,953 INFO c.h.h.t.HelmChartContainer - [EVENT] Warning [Unhealthy] Readiness probe failed: HTTP probe failed with statuscode: 503 [helmlegacystatefulsetmigrationit-operator:test-hivemq-legacy-platform-0]
2025-01-30 18:32:22,953 INFO c.h.h.t.HelmChartContainer - Received Unhealthy event for container hivemq in pod test-hivemq-legacy-platform-0 [32dcad8e-5ea8-4837-b537-fae067da5789]
2025-01-30 18:32:26,931 INFO c.h.h.t.HelmChartContainer - [hivemq-test-hivemq-platform] [hivemq-platform-operator] [e7767014] 18:32:26.927 [pool-6-thread-39] DEBUG c.h.p.o.d.PlatformServiceResource - [helmlega] Desired Platform services (4 services)
2025-01-30 18:32:26,931 INFO c.h.h.t.HelmChartContainer - [hivemq-test-hivemq-platform] [hivemq-platform-operator] [e7767014] 18:32:26.928 [pool-6-thread-32] DEBUG c.h.p.o.dependants.PodInfoConfigMap - [helmlega] Desired PodInfo ConfigMap (2 extensions) (1 enabled)
2025-01-30 18:32:26,931 INFO c.h.h.t.HelmChartContainer - [hivemq-test-hivemq-platform] [hivemq-platform-operator] [e7767014] 18:32:26.928 [pool-6-thread-32] DEBUG c.h.p.o.dependants.PodInfoConfigMap - [helmlega] Desired PodInfo ConfigMap (metrics port: 9399) (metrics path: /)
2025-01-30 18:32:26,931 INFO c.h.h.t.HelmChartContainer - [hivemq-test-hivemq-platform] [hivemq-platform-operator] [e7767014] 18:32:26.928 [pool-6-thread-32] DEBUG c.h.p.o.dependants.PodInfoConfigMap - [helmlega] Desired PodInfo ConfigMap (extension state hash: 259316804)
2025-01-30 18:32:26,931 INFO c.h.h.t.HelmChartContainer - [hivemq-test-hivemq-platform] [hivemq-platform-operator] [e7767014] 18:32:26.929 [pool-6-thread-35] DEBUG c.h.p.o.d.PodServiceAccountResource - [helmlega] Desired PodServiceAccountResource (serviceAccountName: hivemq-platform-pod-test-hivemq-legacy-platform)
2025-01-30 18:32:26,933 INFO c.h.h.t.HelmChartContainer - [hivemq-test-hivemq-platform] [hivemq-platform-operator] [e7767014] 18:32:26.932 [pool-6-thread-39] DEBUG c.h.p.o.d.StatefulSetResource - [helmlega] Desired StatefulSet (2 replicas) for status ROLLING_RESTART (RESTART_PODS_IN_PROGRESS)
2025-01-30 18:32:26,938 INFO c.h.h.t.HelmChartContainer - [hivemq-test-hivemq-platform] [hivemq-platform-operator] [e7767014] 18:32:26.936 [ReconcilerExecutor-hivemq-controller-139] INFO  c.h.p.o.HiveMQPlatformReconciler - [helmlega] Reconciling HiveMQ Platform 'test-hivemq-legacy-platform' in namespace 'helmlegacystatefulsetmigrationit-operator'
2025-01-30 18:32:26,938 INFO c.h.h.t.HelmChartContainer - [hivemq-test-hivemq-platform] [hivemq-platform-operator] [e7767014] 18:32:26.936 [ReconcilerExecutor-hivemq-controller-139] DEBUG c.h.p.o.HiveMQPlatformReconciler - [helmlega] Custom Resource Status ROLLING_RESTART - HiveMQ Platform is restarting Pods (rolling restart) (RESTART_PODS_IN_PROGRESS)
2025-01-30 18:32:26,938 INFO c.h.h.t.HelmChartContainer - [hivemq-test-hivemq-platform] [hivemq-platform-operator] [e7767014] 18:32:26.937 [ReconcilerExecutor-hivemq-controller-139] DEBUG c.h.p.o.HiveMQPlatformReconciler - [helmlega] Custom Resource Spec (replicas: 1) (extensions: 2)
2025-01-30 18:32:26,942 INFO c.h.h.t.HelmChartContainer - [hivemq-test-hivemq-platform] [hivemq-platform-operator] [e7767014] 18:32:26.938 [ReconcilerExecutor-hivemq-controller-139] DEBUG c.h.p.o.HiveMQPlatformReconciler - [helmlega] StatefulSet Status (revision: test-hivemq-legacy-platform-65df8dcb7f, replicas: 2, available: 1, ready: 1, current: 2, updated: 2)
2025-01-30 18:32:26,942 INFO c.h.h.t.HelmChartContainer - [hivemq-test-hivemq-platform] [hivemq-platform-operator] [e7767014] 18:32:26.938 [ReconcilerExecutor-hivemq-controller-139] DEBUG c.h.p.o.HiveMQPlatformReconciler - [helmlega] StatefulSet Spec (replicas: 2, init containers: 1, containers: 1, volumes: 6)
2025-01-30 18:32:26,942 INFO c.h.h.t.HelmChartContainer - [hivemq-test-hivemq-platform] [hivemq-platform-operator] [e7767014] 18:32:26.939 [ReconcilerExecutor-hivemq-controller-139] DEBUG c.h.p.o.h.HiveMQPlatformReconcilerErrorHandler - [helmlega] Pod 'test-hivemq-legacy-platform-1' phase Running
2025-01-30 18:32:26,942 INFO c.h.h.t.HelmChartContainer - [hivemq-test-hivemq-platform] [hivemq-platform-operator] [e7767014] 18:32:26.941 [ReconcilerExecutor-hivemq-controller-139] DEBUG c.h.p.o.h.HiveMQPlatformReconcilerErrorHandler - [helmlega] Pod 'test-hivemq-legacy-platform-0' phase Running
2025-01-30 18:32:26,942 INFO c.h.h.t.HelmChartContainer - [hivemq-test-hivemq-platform] [hivemq-platform-operator] [e7767014] 18:32:26.941 [ReconcilerExecutor-hivemq-controller-139] DEBUG c.h.p.o.h.HiveMQPlatformReconcilerRollingRestartHandler - [helmlega] Rolling restart is waiting for 1 of 2 replicas
2025-01-30 18:32:27,859 INFO c.h.h.t.HelmChartContainer - [EVENT] Warning [Unhealthy] Readiness probe failed: HTTP probe failed with statuscode: 503 [helmlegacystatefulsetmigrationit-operator:test-hivemq-legacy-platform-0]
2025-01-30 18:32:27,859 INFO c.h.h.t.HelmChartContainer - Received Unhealthy event for container hivemq in pod test-hivemq-legacy-platform-0 [32dcad8e-5ea8-4837-b537-fae067da5789]
2025-01-30 18:32:28,070 INFO c.h.h.t.HelmChartContainer - [test-hivemq-legacy-platform] [hivemq] [32dcad8e] INFO  - [HiveMQ Platform Operator Init App 1.7.0-SNAPSHOT] Updating Pod HiveMQ Platform Operator Init App version annotation (version: 1.7.0-SNAPSHOT)
2025-01-30 18:32:28,462 INFO c.h.h.t.HelmChartContainer - [POD] test-hivemq-legacy-platform-0 [32dcad8e-5ea8-4837-b537-fae067da5789] in helmlegacystatefulsetmigrationit-operator was MODIFIED
2025-01-30 18:32:28,467 INFO c.h.h.t.HelmChartContainer - [hivemq-test-hivemq-platform] [hivemq-platform-operator] [e7767014] 18:32:28.465 [pool-6-thread-45] DEBUG c.h.p.o.dependants.PodInfoConfigMap - [helmlega] Desired PodInfo ConfigMap (2 extensions) (1 enabled)
2025-01-30 18:32:28,467 INFO c.h.h.t.HelmChartContainer - [hivemq-test-hivemq-platform] [hivemq-platform-operator] [e7767014] 18:32:28.465 [pool-6-thread-45] DEBUG c.h.p.o.dependants.PodInfoConfigMap - [helmlega] Desired PodInfo ConfigMap (metrics port: 9399) (metrics path: /)
2025-01-30 18:32:28,467 INFO c.h.h.t.HelmChartContainer - [hivemq-test-hivemq-platform] [hivemq-platform-operator] [e7767014] 18:32:28.465 [pool-6-thread-45] DEBUG c.h.p.o.dependants.PodInfoConfigMap - [helmlega] Desired PodInfo ConfigMap (extension state hash: 259316804)
2025-01-30 18:32:28,469 INFO c.h.h.t.HelmChartContainer - [hivemq-test-hivemq-platform] [hivemq-platform-operator] [e7767014] 18:32:28.467 [pool-6-thread-44] DEBUG c.h.p.o.d.PodServiceAccountResource - [helmlega] Desired PodServiceAccountResource (serviceAccountName: hivemq-platform-pod-test-hivemq-legacy-platform)
2025-01-30 18:32:28,470 INFO c.h.h.t.HelmChartContainer - [hivemq-test-hivemq-platform] [hivemq-platform-operator] [e7767014] 18:32:28.464 [pool-6-thread-50] DEBUG c.h.p.o.d.PlatformServiceResource - [helmlega] Desired Platform services (4 services)
2025-01-30 18:32:28,472 INFO c.h.h.t.HelmChartContainer - [EVENT] Warning [Unhealthy] Readiness probe failed: HTTP probe failed with statuscode: 503 [helmlegacystatefulsetmigrationit-operator:test-hivemq-legacy-platform-0]
2025-01-30 18:32:28,472 INFO c.h.h.t.HelmChartContainer - Received Unhealthy event for container hivemq in pod test-hivemq-legacy-platform-0 [32dcad8e-5ea8-4837-b537-fae067da5789]
2025-01-30 18:32:28,477 INFO c.h.h.t.HelmChartContainer - [hivemq-test-hivemq-platform] [hivemq-platform-operator] [e7767014] 18:32:28.476 [pool-6-thread-50] DEBUG c.h.p.o.d.StatefulSetResource - [helmlega] Desired StatefulSet (2 replicas) for status ROLLING_RESTART (RESTART_PODS_IN_PROGRESS)
2025-01-30 18:32:28,482 INFO c.h.h.t.HelmChartContainer - [hivemq-test-hivemq-platform] [hivemq-platform-operator] [e7767014] 18:32:28.479 [ReconcilerExecutor-hivemq-controller-140] INFO  c.h.p.o.HiveMQPlatformReconciler - [helmlega] Reconciling HiveMQ Platform 'test-hivemq-legacy-platform' in namespace 'helmlegacystatefulsetmigrationit-operator'
2025-01-30 18:32:28,485 INFO c.h.h.t.HelmChartContainer - [test-hivemq-legacy-platform] [hivemq] [32dcad8e] INFO  - [HiveMQ Platform Operator Init App 1.7.0-SNAPSHOT] Successfully updated Pod HiveMQ Platform Operator Init App version annotation (version: 1.7.0-SNAPSHOT)
2025-01-30 18:32:28,486 INFO c.h.h.t.HelmChartContainer - [hivemq-test-hivemq-platform] [hivemq-platform-operator] [e7767014] 18:32:28.480 [ReconcilerExecutor-hivemq-controller-140] DEBUG c.h.p.o.HiveMQPlatformReconciler - [helmlega] Custom Resource Status ROLLING_RESTART - HiveMQ Platform is restarting Pods (rolling restart) (RESTART_PODS_IN_PROGRESS)
2025-01-30 18:32:28,486 INFO c.h.h.t.HelmChartContainer - [hivemq-test-hivemq-platform] [hivemq-platform-operator] [e7767014] 18:32:28.480 [ReconcilerExecutor-hivemq-controller-140] DEBUG c.h.p.o.HiveMQPlatformReconciler - [helmlega] Custom Resource Spec (replicas: 1) (extensions: 2)
2025-01-30 18:32:28,486 INFO c.h.h.t.HelmChartContainer - [hivemq-test-hivemq-platform] [hivemq-platform-operator] [e7767014] 18:32:28.484 [ReconcilerExecutor-hivemq-controller-140] DEBUG c.h.p.o.HiveMQPlatformReconciler - [helmlega] StatefulSet Status (revision: test-hivemq-legacy-platform-65df8dcb7f, replicas: 2, available: 1, ready: 1, current: 2, updated: 2)
2025-01-30 18:32:28,486 INFO c.h.h.t.HelmChartContainer - [hivemq-test-hivemq-platform] [hivemq-platform-operator] [e7767014] 18:32:28.484 [ReconcilerExecutor-hivemq-controller-140] DEBUG c.h.p.o.HiveMQPlatformReconciler - [helmlega] StatefulSet Spec (replicas: 2, init containers: 1, containers: 1, volumes: 6)
2025-01-30 18:32:28,486 INFO c.h.h.t.HelmChartContainer - [hivemq-test-hivemq-platform] [hivemq-platform-operator] [e7767014] 18:32:28.485 [ReconcilerExecutor-hivemq-controller-140] DEBUG c.h.p.o.h.HiveMQPlatformReconcilerErrorHandler - [helmlega] Pod 'test-hivemq-legacy-platform-1' phase Running
2025-01-30 18:32:28,489 INFO c.h.h.t.HelmChartContainer - [hivemq-test-hivemq-platform] [hivemq-platform-operator] [e7767014] 18:32:28.486 [ReconcilerExecutor-hivemq-controller-140] DEBUG c.h.p.o.h.HiveMQPlatformReconcilerErrorHandler - [helmlega] Pod 'test-hivemq-legacy-platform-0' phase Running
2025-01-30 18:32:28,489 INFO c.h.h.t.HelmChartContainer - [hivemq-test-hivemq-platform] [hivemq-platform-operator] [e7767014] 18:32:28.487 [ReconcilerExecutor-hivemq-controller-140] DEBUG c.h.p.o.h.HiveMQPlatformReconcilerRollingRestartHandler - [helmlega] Rolling restart is waiting for 1 of 2 replicas
2025-01-30 18:32:33,466 INFO c.h.h.t.HelmChartContainer - [EVENT] Warning [Unhealthy] Readiness probe failed: HTTP probe failed with statuscode: 503 [helmlegacystatefulsetmigrationit-operator:test-hivemq-legacy-platform-0]
2025-01-30 18:32:33,466 INFO c.h.h.t.HelmChartContainer - Received Unhealthy event for container hivemq in pod test-hivemq-legacy-platform-0 [32dcad8e-5ea8-4837-b537-fae067da5789]
2025-01-30 18:32:35,957 INFO c.h.h.t.HelmChartContainer - [test-hivemq-legacy-platform] [hivemq] [32dcad8e] INFO  - [HiveMQ Platform Operator Init App 1.7.0-SNAPSHOT] Proceeding with container start
2025-01-30 18:32:35,960 INFO c.h.h.t.HelmChartContainer - [test-hivemq-legacy-platform] [hivemq] [32dcad8e] INFO  - [HiveMQ Platform Operator Init App 1.7.0-SNAPSHOT] Initializing HiveMQ Platform extensions with initial configuration: {hivemq-allow-all-extension={start-priority=-1, skip-https-hostname-verification=false, restart=true, config-version=0, header-version=0, c-uri=, priority=-1, uri=preinstalled, skip-https-certificate-validation=false, enabled=false}, hivemq-enterprise-security-extension={start-priority=-1, skip-https-hostname-verification=false, restart=true, config-version=734, header-version=0, c-uri=, priority=-1, uri=preinstalled, skip-https-certificate-validation=false, enabled=true}, hivemq-prometheus-extension={uri=preinstalled, request-header-path=no-request-headers, enabled=true, restart=true, priority=-1, start-priority=-1, c-uri=, skip-https-hostname-verification=false, skip-https-certificate-validation=false}}
2025-01-30 18:32:35,961 INFO c.h.h.t.HelmChartContainer - [test-hivemq-legacy-platform] [hivemq] [32dcad8e] INFO  - [HiveMQ Platform Operator Init App 1.7.0-SNAPSHOT] Successfully disabled extension hivemq-allow-all-extension
2025-01-30 18:32:36,358 INFO c.h.h.t.HelmChartContainer - [test-hivemq-legacy-platform] [hivemq] [32dcad8e] INFO  - [HiveMQ Platform Operator Init App 1.7.0-SNAPSHOT] Successfully enabled extension hivemq-enterprise-security-extension
2025-01-30 18:32:36,367 INFO c.h.h.t.HelmChartContainer - [test-hivemq-legacy-platform] [hivemq] [32dcad8e] INFO  - [HiveMQ Platform Operator Init App 1.7.0-SNAPSHOT] Successfully enabled extension hivemq-prometheus-extension
2025-01-30 18:32:36,368 INFO c.h.h.t.HelmChartContainer - [test-hivemq-legacy-platform] [hivemq] [32dcad8e] INFO  - [HiveMQ Platform Operator Init App 1.7.0-SNAPSHOT] Starting HiveMQ Platform version 4.36.0 (4.36.0)
2025-01-30 18:32:36,368 INFO c.h.h.t.HelmChartContainer - [test-hivemq-legacy-platform] [hivemq] [32dcad8e] INFO  - [HiveMQ Platform Operator Init App 1.7.0-SNAPSHOT] Configuring the HiveMQ Platform
2025-01-30 18:32:36,461 INFO c.h.h.t.HelmChartContainer - [test-hivemq-legacy-platform] [hivemq] [32dcad8e] INFO  - [HiveMQ Platform Operator Init App 1.7.0-SNAPSHOT] Changed logback.xml file scan period to 20 seconds
2025-01-30 18:32:36,555 INFO c.h.h.t.HelmChartContainer - [test-hivemq-legacy-platform] [hivemq] [32dcad8e] INFO  - [HiveMQ Platform Operator Init App 1.7.0-SNAPSHOT] Starting the HiveMQ Platform
2025-01-30 18:32:36,558 INFO c.h.h.t.HelmChartContainer - [test-hivemq-legacy-platform] [hivemq] [32dcad8e] -------------------------------------------------------------------------
2025-01-30 18:32:36,558 INFO c.h.h.t.HelmChartContainer - [test-hivemq-legacy-platform] [hivemq] [32dcad8e] 
2025-01-30 18:32:36,558 INFO c.h.h.t.HelmChartContainer - [test-hivemq-legacy-platform] [hivemq] [32dcad8e]                   _    _  _              __  __   ____
2025-01-30 18:32:36,558 INFO c.h.h.t.HelmChartContainer - [test-hivemq-legacy-platform] [hivemq] [32dcad8e]                  | |  | |(_)            |  \/  | / __ \
2025-01-30 18:32:36,558 INFO c.h.h.t.HelmChartContainer - [test-hivemq-legacy-platform] [hivemq] [32dcad8e]                  | |__| | _ __   __ ___ | \  / || |  | |
2025-01-30 18:32:36,558 INFO c.h.h.t.HelmChartContainer - [test-hivemq-legacy-platform] [hivemq] [32dcad8e]                  |  __  || |\ \ / // _ \| |\/| || |  | |
2025-01-30 18:32:36,558 INFO c.h.h.t.HelmChartContainer - [test-hivemq-legacy-platform] [hivemq] [32dcad8e]                  | |  | || | \ V /|  __/| |  | || |__| |
2025-01-30 18:32:36,558 INFO c.h.h.t.HelmChartContainer - [test-hivemq-legacy-platform] [hivemq] [32dcad8e]                  |_|  |_||_|  \_/  \___||_|  |_| \___\_\
2025-01-30 18:32:36,560 INFO c.h.h.t.HelmChartContainer - [test-hivemq-legacy-platform] [hivemq] [32dcad8e] 
2025-01-30 18:32:36,560 INFO c.h.h.t.HelmChartContainer - [test-hivemq-legacy-platform] [hivemq] [32dcad8e] -------------------------------------------------------------------------
2025-01-30 18:32:36,560 INFO c.h.h.t.HelmChartContainer - [test-hivemq-legacy-platform] [hivemq] [32dcad8e] 
2025-01-30 18:32:36,560 INFO c.h.h.t.HelmChartContainer - [test-hivemq-legacy-platform] [hivemq] [32dcad8e]   HiveMQ Start Script for Linux/Unix v1.14
2025-01-30 18:32:36,560 INFO c.h.h.t.HelmChartContainer - [test-hivemq-legacy-platform] [hivemq] [32dcad8e] 
2025-01-30 18:32:36,665 INFO c.h.h.t.HelmChartContainer - [test-hivemq-legacy-platform] [hivemq] [32dcad8e] -------------------------------------------------------------------------
2025-01-30 18:32:36,665 INFO c.h.h.t.HelmChartContainer - [test-hivemq-legacy-platform] [hivemq] [32dcad8e] 
2025-01-30 18:32:36,665 INFO c.h.h.t.HelmChartContainer - [test-hivemq-legacy-platform] [hivemq] [32dcad8e]   HIVEMQ_HOME: /opt/hivemq
2025-01-30 18:32:36,665 INFO c.h.h.t.HelmChartContainer - [test-hivemq-legacy-platform] [hivemq] [32dcad8e] 
2025-01-30 18:32:36,665 INFO c.h.h.t.HelmChartContainer - [test-hivemq-legacy-platform] [hivemq] [32dcad8e]   JAVA_OPTS: -XX:+UnlockExperimentalVMOptions -XX:InitialRAMPercentage=50 -XX:MaxRAMPercentage=50 -Djava.net.preferIPv4Stack=true --add-opens java.base/java.lang=ALL-UNNAMED --add-opens java.base/java.nio=ALL-UNNAMED --add-opens java.base/sun.nio.ch=ALL-UNNAMED --add-opens jdk.management/com.sun.management.internal=ALL-UNNAMED --add-exports java.base/jdk.internal.misc=ALL-UNNAMED -Djava.security.egd=file:/dev/./urandom -Dcom.sun.management.jmxremote -Dcom.sun.management.jmxremote.port=9010 -Dcom.sun.management.jmxremote.local.only=false -Dcom.sun.management.jmxremote.authenticate=false -Dcom.sun.management.jmxremote.ssl=false -Duser.language=en -Duser.region=US -XX:+CrashOnOutOfMemoryError -XX:+HeapDumpOnOutOfMemoryError
2025-01-30 18:32:36,665 INFO c.h.h.t.HelmChartContainer - [test-hivemq-legacy-platform] [hivemq] [32dcad8e] 
2025-01-30 18:32:36,665 INFO c.h.h.t.HelmChartContainer - [test-hivemq-legacy-platform] [hivemq] [32dcad8e]   JAVA_VERSION: 21
2025-01-30 18:32:36,665 INFO c.h.h.t.HelmChartContainer - [test-hivemq-legacy-platform] [hivemq] [32dcad8e] 
2025-01-30 18:32:36,665 INFO c.h.h.t.HelmChartContainer - [test-hivemq-legacy-platform] [hivemq] [32dcad8e] -------------------------------------------------------------------------
2025-01-30 18:32:36,665 INFO c.h.h.t.HelmChartContainer - [test-hivemq-legacy-platform] [hivemq] [32dcad8e] 
2025-01-30 18:32:38,466 INFO c.h.h.t.HelmChartContainer - [EVENT] Warning [Unhealthy] Readiness probe failed: HTTP probe failed with statuscode: 503 [helmlegacystatefulsetmigrationit-operator:test-hivemq-legacy-platform-0]
2025-01-30 18:32:38,467 INFO c.h.h.t.HelmChartContainer - Received Unhealthy event for container hivemq in pod test-hivemq-legacy-platform-0 [32dcad8e-5ea8-4837-b537-fae067da5789]
2025-01-30 18:32:38,493 INFO c.h.h.t.HelmChartContainer - [hivemq-test-hivemq-platform] [hivemq-platform-operator] [e7767014] 18:32:38.491 [pool-6-thread-8] DEBUG c.h.p.o.d.PlatformServiceResource - [helmlega] Desired Platform services (4 services)
2025-01-30 18:32:38,493 INFO c.h.h.t.HelmChartContainer - [hivemq-test-hivemq-platform] [hivemq-platform-operator] [e7767014] 18:32:38.491 [pool-6-thread-10] DEBUG c.h.p.o.d.PodServiceAccountResource - [helmlega] Desired PodServiceAccountResource (serviceAccountName: hivemq-platform-pod-test-hivemq-legacy-platform)
2025-01-30 18:32:38,494 INFO c.h.h.t.HelmChartContainer - [hivemq-test-hivemq-platform] [hivemq-platform-operator] [e7767014] 18:32:38.492 [pool-6-thread-4] DEBUG c.h.p.o.dependants.PodInfoConfigMap - [helmlega] Desired PodInfo ConfigMap (2 extensions) (1 enabled)
2025-01-30 18:32:38,494 INFO c.h.h.t.HelmChartContainer - [hivemq-test-hivemq-platform] [hivemq-platform-operator] [e7767014] 18:32:38.492 [pool-6-thread-4] DEBUG c.h.p.o.dependants.PodInfoConfigMap - [helmlega] Desired PodInfo ConfigMap (metrics port: 9399) (metrics path: /)
2025-01-30 18:32:38,494 INFO c.h.h.t.HelmChartContainer - [hivemq-test-hivemq-platform] [hivemq-platform-operator] [e7767014] 18:32:38.492 [pool-6-thread-4] DEBUG c.h.p.o.dependants.PodInfoConfigMap - [helmlega] Desired PodInfo ConfigMap (extension state hash: 259316804)
2025-01-30 18:32:38,499 INFO c.h.h.t.HelmChartContainer - [hivemq-test-hivemq-platform] [hivemq-platform-operator] [e7767014] 18:32:38.498 [pool-6-thread-8] DEBUG c.h.p.o.d.StatefulSetResource - [helmlega] Desired StatefulSet (2 replicas) for status ROLLING_RESTART (RESTART_PODS_IN_PROGRESS)
2025-01-30 18:32:38,502 INFO c.h.h.t.HelmChartContainer - [hivemq-test-hivemq-platform] [hivemq-platform-operator] [e7767014] 18:32:38.501 [ReconcilerExecutor-hivemq-controller-141] INFO  c.h.p.o.HiveMQPlatformReconciler - [helmlega] Reconciling HiveMQ Platform 'test-hivemq-legacy-platform' in namespace 'helmlegacystatefulsetmigrationit-operator'
2025-01-30 18:32:38,502 INFO c.h.h.t.HelmChartContainer - [hivemq-test-hivemq-platform] [hivemq-platform-operator] [e7767014] 18:32:38.501 [ReconcilerExecutor-hivemq-controller-141] DEBUG c.h.p.o.HiveMQPlatformReconciler - [helmlega] Custom Resource Status ROLLING_RESTART - HiveMQ Platform is restarting Pods (rolling restart) (RESTART_PODS_IN_PROGRESS)
2025-01-30 18:32:38,502 INFO c.h.h.t.HelmChartContainer - [hivemq-test-hivemq-platform] [hivemq-platform-operator] [e7767014] 18:32:38.501 [ReconcilerExecutor-hivemq-controller-141] DEBUG c.h.p.o.HiveMQPlatformReconciler - [helmlega] Custom Resource Spec (replicas: 1) (extensions: 2)
2025-01-30 18:32:38,503 INFO c.h.h.t.HelmChartContainer - [hivemq-test-hivemq-platform] [hivemq-platform-operator] [e7767014] 18:32:38.502 [ReconcilerExecutor-hivemq-controller-141] DEBUG c.h.p.o.HiveMQPlatformReconciler - [helmlega] StatefulSet Status (revision: test-hivemq-legacy-platform-65df8dcb7f, replicas: 2, available: 1, ready: 1, current: 2, updated: 2)
2025-01-30 18:32:38,503 INFO c.h.h.t.HelmChartContainer - [hivemq-test-hivemq-platform] [hivemq-platform-operator] [e7767014] 18:32:38.502 [ReconcilerExecutor-hivemq-controller-141] DEBUG c.h.p.o.HiveMQPlatformReconciler - [helmlega] StatefulSet Spec (replicas: 2, init containers: 1, containers: 1, volumes: 6)
2025-01-30 18:32:38,506 INFO c.h.h.t.HelmChartContainer - [hivemq-test-hivemq-platform] [hivemq-platform-operator] [e7767014] 18:32:38.505 [ReconcilerExecutor-hivemq-controller-141] DEBUG c.h.p.o.h.HiveMQPlatformReconcilerErrorHandler - [helmlega] Pod 'test-hivemq-legacy-platform-1' phase Running
2025-01-30 18:32:38,507 INFO c.h.h.t.HelmChartContainer - [hivemq-test-hivemq-platform] [hivemq-platform-operator] [e7767014] 18:32:38.506 [ReconcilerExecutor-hivemq-controller-141] DEBUG c.h.p.o.h.HiveMQPlatformReconcilerErrorHandler - [helmlega] Pod 'test-hivemq-legacy-platform-0' phase Running
2025-01-30 18:32:38,508 INFO c.h.h.t.HelmChartContainer - [hivemq-test-hivemq-platform] [hivemq-platform-operator] [e7767014] 18:32:38.506 [ReconcilerExecutor-hivemq-controller-141] DEBUG c.h.p.o.h.HiveMQPlatformReconcilerRollingRestartHandler - [helmlega] Rolling restart is waiting for 1 of 2 replicas
2025-01-30 18:32:39,260 INFO c.h.h.t.HelmChartContainer - [test-hivemq-legacy-platform] [hivemq] [32dcad8e] INFO  - Starting HiveMQ Enterprise Server
2025-01-30 18:32:39,267 INFO c.h.h.t.HelmChartContainer - [test-hivemq-legacy-platform] [hivemq] [32dcad8e] INFO  - HiveMQ version: 4.36.0
2025-01-30 18:32:39,267 INFO c.h.h.t.HelmChartContainer - [test-hivemq-legacy-platform] [hivemq] [32dcad8e] INFO  - HiveMQ home directory: /opt/hivemq
2025-01-30 18:32:39,268 INFO c.h.h.t.HelmChartContainer - [test-hivemq-legacy-platform] [hivemq] [32dcad8e] INFO  - Log Configuration was overridden by /opt/hivemq/conf/logback.xml
2025-01-30 18:32:40,556 INFO c.h.h.t.HelmChartContainer - [test-hivemq-legacy-platform] [hivemq] [32dcad8e] INFO  - Successfully loaded configuration from '/opt/hivemq/conf-k8s/config.xml'.
2025-01-30 18:32:40,954 INFO c.h.h.t.HelmChartContainer - [test-hivemq-legacy-platform] [hivemq] [32dcad8e] INFO  - This node's ID is pjutj
2025-01-30 18:32:41,167 INFO c.h.h.t.HelmChartContainer - [test-hivemq-legacy-platform] [hivemq] [32dcad8e] INFO  - Clustering is enabled
2025-01-30 18:32:43,755 INFO c.h.h.t.HelmChartContainer - [test-hivemq-legacy-platform] [hivemq] [32dcad8e] WARN  - [HiveMQ Platform Operator Init App 1.7.0-SNAPSHOT] Cannot connect to Health API for readiness: null
2025-01-30 18:32:43,763 INFO c.h.h.t.HelmChartContainer - [EVENT] Warning [Unhealthy] Readiness probe failed: HTTP probe failed with statuscode: 503 [helmlegacystatefulsetmigrationit-operator:test-hivemq-legacy-platform-0]
2025-01-30 18:32:43,763 INFO c.h.h.t.HelmChartContainer - Received Unhealthy event for container hivemq in pod test-hivemq-legacy-platform-0 [32dcad8e-5ea8-4837-b537-fae067da5789]
2025-01-30 18:32:45,174 INFO c.h.h.t.HelmChartContainer - [test-hivemq-legacy-platform] [hivemq] [32dcad8e] WARN  - [HiveMQ Platform Operator Init App 1.7.0-SNAPSHOT] Cannot connect to Health API for liveness: null
2025-01-30 18:32:45,175 INFO c.h.h.t.HelmChartContainer - [test-hivemq-legacy-platform] [hivemq] [32dcad8e] INFO  - [HiveMQ Platform Operator Init App 1.7.0-SNAPSHOT] Returning default Health API response 200 for liveness
2025-01-30 18:32:48,464 INFO c.h.h.t.HelmChartContainer - [test-hivemq-legacy-platform] [hivemq] [32dcad8e] WARN  - [HiveMQ Platform Operator Init App 1.7.0-SNAPSHOT] Cannot connect to Health API for readiness: null
2025-01-30 18:32:48,470 INFO c.h.h.t.HelmChartContainer - [EVENT] Warning [Unhealthy] Readiness probe failed: HTTP probe failed with statuscode: 503 [helmlegacystatefulsetmigrationit-operator:test-hivemq-legacy-platform-0]
2025-01-30 18:32:48,470 INFO c.h.h.t.HelmChartContainer - Received Unhealthy event for container hivemq in pod test-hivemq-legacy-platform-0 [32dcad8e-5ea8-4837-b537-fae067da5789]
2025-01-30 18:32:48,512 INFO c.h.h.t.HelmChartContainer - [hivemq-test-hivemq-platform] [hivemq-platform-operator] [e7767014] 18:32:48.510 [pool-6-thread-14] DEBUG c.h.p.o.d.PlatformServiceResource - [helmlega] Desired Platform services (4 services)
2025-01-30 18:32:48,512 INFO c.h.h.t.HelmChartContainer - [hivemq-test-hivemq-platform] [hivemq-platform-operator] [e7767014] 18:32:48.510 [pool-6-thread-20] DEBUG c.h.p.o.d.PodServiceAccountResource - [helmlega] Desired PodServiceAccountResource (serviceAccountName: hivemq-platform-pod-test-hivemq-legacy-platform)
2025-01-30 18:32:48,513 INFO c.h.h.t.HelmChartContainer - [hivemq-test-hivemq-platform] [hivemq-platform-operator] [e7767014] 18:32:48.510 [pool-6-thread-16] DEBUG c.h.p.o.dependants.PodInfoConfigMap - [helmlega] Desired PodInfo ConfigMap (2 extensions) (1 enabled)
2025-01-30 18:32:48,513 INFO c.h.h.t.HelmChartContainer - [hivemq-test-hivemq-platform] [hivemq-platform-operator] [e7767014] 18:32:48.512 [pool-6-thread-16] DEBUG c.h.p.o.dependants.PodInfoConfigMap - [helmlega] Desired PodInfo ConfigMap (metrics port: 9399) (metrics path: /)
2025-01-30 18:32:48,513 INFO c.h.h.t.HelmChartContainer - [hivemq-test-hivemq-platform] [hivemq-platform-operator] [e7767014] 18:32:48.512 [pool-6-thread-16] DEBUG c.h.p.o.dependants.PodInfoConfigMap - [helmlega] Desired PodInfo ConfigMap (extension state hash: 259316804)
2025-01-30 18:32:48,516 INFO c.h.h.t.HelmChartContainer - [hivemq-test-hivemq-platform] [hivemq-platform-operator] [e7767014] 18:32:48.515 [pool-6-thread-12] DEBUG c.h.p.o.d.StatefulSetResource - [helmlega] Desired StatefulSet (2 replicas) for status ROLLING_RESTART (RESTART_PODS_IN_PROGRESS)
2025-01-30 18:32:48,519 INFO c.h.h.t.HelmChartContainer - [hivemq-test-hivemq-platform] [hivemq-platform-operator] [e7767014] 18:32:48.519 [ReconcilerExecutor-hivemq-controller-142] INFO  c.h.p.o.HiveMQPlatformReconciler - [helmlega] Reconciling HiveMQ Platform 'test-hivemq-legacy-platform' in namespace 'helmlegacystatefulsetmigrationit-operator'
2025-01-30 18:32:48,519 INFO c.h.h.t.HelmChartContainer - [hivemq-test-hivemq-platform] [hivemq-platform-operator] [e7767014] 18:32:48.519 [ReconcilerExecutor-hivemq-controller-142] DEBUG c.h.p.o.HiveMQPlatformReconciler - [helmlega] Custom Resource Status ROLLING_RESTART - HiveMQ Platform is restarting Pods (rolling restart) (RESTART_PODS_IN_PROGRESS)
2025-01-30 18:32:48,520 INFO c.h.h.t.HelmChartContainer - [hivemq-test-hivemq-platform] [hivemq-platform-operator] [e7767014] 18:32:48.519 [ReconcilerExecutor-hivemq-controller-142] DEBUG c.h.p.o.HiveMQPlatformReconciler - [helmlega] Custom Resource Spec (replicas: 1) (extensions: 2)
2025-01-30 18:32:48,521 INFO c.h.h.t.HelmChartContainer - [hivemq-test-hivemq-platform] [hivemq-platform-operator] [e7767014] 18:32:48.520 [ReconcilerExecutor-hivemq-controller-142] DEBUG c.h.p.o.HiveMQPlatformReconciler - [helmlega] StatefulSet Status (revision: test-hivemq-legacy-platform-65df8dcb7f, replicas: 2, available: 1, ready: 1, current: 2, updated: 2)
2025-01-30 18:32:48,521 INFO c.h.h.t.HelmChartContainer - [hivemq-test-hivemq-platform] [hivemq-platform-operator] [e7767014] 18:32:48.520 [ReconcilerExecutor-hivemq-controller-142] DEBUG c.h.p.o.HiveMQPlatformReconciler - [helmlega] StatefulSet Spec (replicas: 2, init containers: 1, containers: 1, volumes: 6)
2025-01-30 18:32:48,522 INFO c.h.h.t.HelmChartContainer - [hivemq-test-hivemq-platform] [hivemq-platform-operator] [e7767014] 18:32:48.522 [ReconcilerExecutor-hivemq-controller-142] DEBUG c.h.p.o.h.HiveMQPlatformReconcilerErrorHandler - [helmlega] Pod 'test-hivemq-legacy-platform-1' phase Running
2025-01-30 18:32:48,528 INFO c.h.h.t.HelmChartContainer - [hivemq-test-hivemq-platform] [hivemq-platform-operator] [e7767014] 18:32:48.527 [ReconcilerExecutor-hivemq-controller-142] DEBUG c.h.p.o.h.HiveMQPlatformReconcilerErrorHandler - [helmlega] Pod 'test-hivemq-legacy-platform-0' phase Running
2025-01-30 18:32:48,529 INFO c.h.h.t.HelmChartContainer - [hivemq-test-hivemq-platform] [hivemq-platform-operator] [e7767014] 18:32:48.528 [ReconcilerExecutor-hivemq-controller-142] DEBUG c.h.p.o.h.HiveMQPlatformReconcilerRollingRestartHandler - [helmlega] Rolling restart is waiting for 1 of 2 replicas
2025-01-30 18:32:53,464 INFO c.h.h.t.HelmChartContainer - [test-hivemq-legacy-platform] [hivemq] [32dcad8e] WARN  - [HiveMQ Platform Operator Init App 1.7.0-SNAPSHOT] Cannot connect to Health API for readiness: null
2025-01-30 18:32:53,470 INFO c.h.h.t.HelmChartContainer - [EVENT] Warning [Unhealthy] Readiness probe failed: HTTP probe failed with statuscode: 503 [helmlegacystatefulsetmigrationit-operator:test-hivemq-legacy-platform-0]
2025-01-30 18:32:53,470 INFO c.h.h.t.HelmChartContainer - Received Unhealthy event for container hivemq in pod test-hivemq-legacy-platform-0 [32dcad8e-5ea8-4837-b537-fae067da5789]
2025-01-30 18:32:55,170 INFO c.h.h.t.HelmChartContainer - [test-hivemq-legacy-platform] [hivemq] [32dcad8e] INFO  - No valid license file found. Using trial license, restricted to 25 connections.
2025-01-30 18:32:58,462 INFO c.h.h.t.HelmChartContainer - [test-hivemq-legacy-platform] [hivemq] [32dcad8e] INFO  - No valid license file for Data Hub found. Using free license, restricted to 1 policy.
2025-01-30 18:32:58,465 INFO c.h.h.t.HelmChartContainer - [test-hivemq-legacy-platform] [hivemq] [32dcad8e] WARN  - [HiveMQ Platform Operator Init App 1.7.0-SNAPSHOT] Cannot connect to Health API for readiness: null
2025-01-30 18:32:58,470 INFO c.h.h.t.HelmChartContainer - [EVENT] Warning [Unhealthy] Readiness probe failed: HTTP probe failed with statuscode: 503 [helmlegacystatefulsetmigrationit-operator:test-hivemq-legacy-platform-0]
2025-01-30 18:32:58,470 INFO c.h.h.t.HelmChartContainer - Received Unhealthy event for container hivemq in pod test-hivemq-legacy-platform-0 [32dcad8e-5ea8-4837-b537-fae067da5789]
2025-01-30 18:32:58,536 INFO c.h.h.t.HelmChartContainer - [hivemq-test-hivemq-platform] [hivemq-platform-operator] [e7767014] 18:32:58.531 [pool-6-thread-28] DEBUG c.h.p.o.d.PlatformServiceResource - [helmlega] Desired Platform services (4 services)
2025-01-30 18:32:58,536 INFO c.h.h.t.HelmChartContainer - [hivemq-test-hivemq-platform] [hivemq-platform-operator] [e7767014] 18:32:58.531 [pool-6-thread-27] DEBUG c.h.p.o.dependants.PodInfoConfigMap - [helmlega] Desired PodInfo ConfigMap (2 extensions) (1 enabled)
2025-01-30 18:32:58,536 INFO c.h.h.t.HelmChartContainer - [hivemq-test-hivemq-platform] [hivemq-platform-operator] [e7767014] 18:32:58.532 [pool-6-thread-22] DEBUG c.h.p.o.d.PodServiceAccountResource - [helmlega] Desired PodServiceAccountResource (serviceAccountName: hivemq-platform-pod-test-hivemq-legacy-platform)
2025-01-30 18:32:58,536 INFO c.h.h.t.HelmChartContainer - [hivemq-test-hivemq-platform] [hivemq-platform-operator] [e7767014] 18:32:58.533 [pool-6-thread-27] DEBUG c.h.p.o.dependants.PodInfoConfigMap - [helmlega] Desired PodInfo ConfigMap (metrics port: 9399) (metrics path: /)
2025-01-30 18:32:58,536 INFO c.h.h.t.HelmChartContainer - [hivemq-test-hivemq-platform] [hivemq-platform-operator] [e7767014] 18:32:58.533 [pool-6-thread-27] DEBUG c.h.p.o.dependants.PodInfoConfigMap - [helmlega] Desired PodInfo ConfigMap (extension state hash: 259316804)
2025-01-30 18:32:58,539 INFO c.h.h.t.HelmChartContainer - [hivemq-test-hivemq-platform] [hivemq-platform-operator] [e7767014] 18:32:58.538 [pool-6-thread-28] DEBUG c.h.p.o.d.StatefulSetResource - [helmlega] Desired StatefulSet (2 replicas) for status ROLLING_RESTART (RESTART_PODS_IN_PROGRESS)
2025-01-30 18:32:58,542 INFO c.h.h.t.HelmChartContainer - [hivemq-test-hivemq-platform] [hivemq-platform-operator] [e7767014] 18:32:58.541 [ReconcilerExecutor-hivemq-controller-143] INFO  c.h.p.o.HiveMQPlatformReconciler - [helmlega] Reconciling HiveMQ Platform 'test-hivemq-legacy-platform' in namespace 'helmlegacystatefulsetmigrationit-operator'
2025-01-30 18:32:58,542 INFO c.h.h.t.HelmChartContainer - [hivemq-test-hivemq-platform] [hivemq-platform-operator] [e7767014] 18:32:58.541 [ReconcilerExecutor-hivemq-controller-143] DEBUG c.h.p.o.HiveMQPlatformReconciler - [helmlega] Custom Resource Status ROLLING_RESTART - HiveMQ Platform is restarting Pods (rolling restart) (RESTART_PODS_IN_PROGRESS)
2025-01-30 18:32:58,543 INFO c.h.h.t.HelmChartContainer - [hivemq-test-hivemq-platform] [hivemq-platform-operator] [e7767014] 18:32:58.541 [ReconcilerExecutor-hivemq-controller-143] DEBUG c.h.p.o.HiveMQPlatformReconciler - [helmlega] Custom Resource Spec (replicas: 1) (extensions: 2)
2025-01-30 18:32:58,544 INFO c.h.h.t.HelmChartContainer - [hivemq-test-hivemq-platform] [hivemq-platform-operator] [e7767014] 18:32:58.542 [ReconcilerExecutor-hivemq-controller-143] DEBUG c.h.p.o.HiveMQPlatformReconciler - [helmlega] StatefulSet Status (revision: test-hivemq-legacy-platform-65df8dcb7f, replicas: 2, available: 1, ready: 1, current: 2, updated: 2)
2025-01-30 18:32:58,545 INFO c.h.h.t.HelmChartContainer - [hivemq-test-hivemq-platform] [hivemq-platform-operator] [e7767014] 18:32:58.542 [ReconcilerExecutor-hivemq-controller-143] DEBUG c.h.p.o.HiveMQPlatformReconciler - [helmlega] StatefulSet Spec (replicas: 2, init containers: 1, containers: 1, volumes: 6)
2025-01-30 18:32:58,545 INFO c.h.h.t.HelmChartContainer - [hivemq-test-hivemq-platform] [hivemq-platform-operator] [e7767014] 18:32:58.543 [ReconcilerExecutor-hivemq-controller-143] DEBUG c.h.p.o.h.HiveMQPlatformReconcilerErrorHandler - [helmlega] Pod 'test-hivemq-legacy-platform-1' phase Running
2025-01-30 18:32:58,546 INFO c.h.h.t.HelmChartContainer - [hivemq-test-hivemq-platform] [hivemq-platform-operator] [e7767014] 18:32:58.544 [ReconcilerExecutor-hivemq-controller-143] DEBUG c.h.p.o.h.HiveMQPlatformReconcilerErrorHandler - [helmlega] Pod 'test-hivemq-legacy-platform-0' phase Running
2025-01-30 18:32:58,546 INFO c.h.h.t.HelmChartContainer - [hivemq-test-hivemq-platform] [hivemq-platform-operator] [e7767014] 18:32:58.545 [ReconcilerExecutor-hivemq-controller-143] DEBUG c.h.p.o.h.HiveMQPlatformReconcilerRollingRestartHandler - [helmlega] Rolling restart is waiting for 1 of 2 replicas
2025-01-30 18:32:59,860 INFO c.h.h.t.HelmChartContainer - [test-hivemq-legacy-platform] [hivemq] [32dcad8e] INFO  - Audit Logger started.
2025-01-30 18:33:00,169 INFO c.h.h.t.HelmChartContainer - [test-hivemq-legacy-platform] [hivemq] [32dcad8e] INFO  - This node uses '1' CPU cores.
2025-01-30 18:33:00,173 INFO c.h.h.t.HelmChartContainer - [test-hivemq-legacy-platform] [hivemq] [32dcad8e] INFO  - Starting HiveMQ Health API on address 0.0.0.0 and port 8889
2025-01-30 18:33:01,260 INFO c.h.h.t.HelmChartContainer - [test-hivemq-legacy-platform] [hivemq] [32dcad8e] INFO  - Started HiveMQ Health API in 1086ms
2025-01-30 18:33:01,780 INFO c.h.h.t.HelmChartContainer - [test-hivemq-legacy-platform] [hivemq] [32dcad8e] INFO  - Starting HiveMQ extension system.
2025-01-30 18:33:04,455 INFO c.h.h.t.HelmChartContainer - [test-hivemq-legacy-platform] [hivemq] [32dcad8e] INFO  - [HiveMQ Platform Operator Init App 1.7.0-SNAPSHOT] Returning Health API response 503 for readiness
2025-01-30 18:33:04,459 INFO c.h.h.t.HelmChartContainer - [EVENT] Warning [Unhealthy] Readiness probe failed: HTTP probe failed with statuscode: 503 [helmlegacystatefulsetmigrationit-operator:test-hivemq-legacy-platform-0]
2025-01-30 18:33:04,459 INFO c.h.h.t.HelmChartContainer - Received Unhealthy event for container hivemq in pod test-hivemq-legacy-platform-0 [32dcad8e-5ea8-4837-b537-fae067da5789]
2025-01-30 18:33:05,551 INFO c.h.h.t.HelmChartContainer - [test-hivemq-legacy-platform] [hivemq] [32dcad8e] INFO  - No license found for enterprise extension with name "HiveMQ Enterprise Security Extension". Entering extension trial mode. "HiveMQ Enterprise Security Extension" will be disabled in 5 hours.
2025-01-30 18:33:05,756 INFO c.h.h.t.HelmChartContainer - [test-hivemq-legacy-platform] [hivemq] [32dcad8e] INFO  - Starting extension with id "hivemq-dns-cluster-discovery" at /opt/hivemq/extensions/hivemq-dns-cluster-discovery
2025-01-30 18:33:06,262 INFO c.h.h.t.HelmChartContainer - [test-hivemq-legacy-platform] [hivemq] [32dcad8e] INFO  - Extension "DNS Cluster Discovery Extension" version 4.3.2 started successfully.
2025-01-30 18:33:06,262 INFO c.h.h.t.HelmChartContainer - [test-hivemq-legacy-platform] [hivemq] [32dcad8e] INFO  - Starting extension with id "hivemq-enterprise-security-extension" at /opt/hivemq/extensions/hivemq-enterprise-security-extension
2025-01-30 18:33:06,355 INFO c.h.h.t.HelmChartContainer - [test-hivemq-legacy-platform] [hivemq] [32dcad8e] INFO  - Using TCP cluster transport on address 10.42.0.12 and port 7000
2025-01-30 18:33:06,362 INFO c.h.h.t.HelmChartContainer - [test-hivemq-legacy-platform] [hivemq] [32dcad8e] INFO  - Using extension cluster discovery
2025-01-30 18:33:07,457 INFO c.h.h.t.HelmChartContainer - [test-hivemq-legacy-platform] [hivemq] [b2e5a097] INFO  - Cluster nodes found by discovery: [DpVGA|3] (2) [DpVGA, pjutj].
2025-01-30 18:33:07,556 INFO c.h.h.t.HelmChartContainer - [test-hivemq-legacy-platform] [hivemq] [32dcad8e] INFO  - Cluster nodes found by discovery: [DpVGA|3] (2) [DpVGA, pjutj].
2025-01-30 18:33:07,851 INFO c.h.h.t.HelmChartContainer - [test-hivemq-legacy-platform] [hivemq] [32dcad8e] INFO  - Cluster size = 1, members : [DpVGA].
2025-01-30 18:33:08,053 INFO c.h.h.t.HelmChartContainer - [test-hivemq-legacy-platform] [hivemq] [32dcad8e] WARN  - HiveMQ Enterprise Security Extension: The configuration file is placed at the legacy location '/opt/hivemq/extensions/hivemq-enterprise-security-extension/conf/enterprise-security-extension.xml'. Please move the configuration file to the new location '/opt/hivemq/extensions/hivemq-enterprise-security-extension/conf/config.xml'. Support for the legacy location will be removed in a future release.
2025-01-30 18:33:08,155 INFO c.h.h.t.HelmChartContainer - [test-hivemq-legacy-platform] [hivemq] [32dcad8e] INFO  - HiveMQ Enterprise Security Extension: Successfully loaded configuration from '/opt/hivemq/extensions/hivemq-enterprise-security-extension/conf/enterprise-security-extension.xml'.
2025-01-30 18:33:08,156 INFO c.h.h.t.HelmChartContainer - [test-hivemq-legacy-platform] [hivemq] [32dcad8e] INFO  - HiveMQ Enterprise Security Extension: Starting HiveMQ Enterprise Security Extension.
2025-01-30 18:33:08,354 INFO c.h.h.t.HelmChartContainer - [test-hivemq-legacy-platform] [hivemq] [32dcad8e] INFO  - Starting cluster join process. This may take a while. Please do not shut down HiveMQ.
2025-01-30 18:33:08,356 INFO c.h.h.t.HelmChartContainer - [test-hivemq-legacy-platform] [hivemq] [32dcad8e] INFO  - Cluster join process is still ongoing. Please do not shut down HiveMQ.
2025-01-30 18:33:08,554 INFO c.h.h.t.HelmChartContainer - [hivemq-test-hivemq-platform] [hivemq-platform-operator] [e7767014] 18:33:08.553 [pool-6-thread-40] DEBUG c.h.p.o.d.PlatformServiceResource - [helmlega] Desired Platform services (4 services)
2025-01-30 18:33:08,557 INFO c.h.h.t.HelmChartContainer - [hivemq-test-hivemq-platform] [hivemq-platform-operator] [e7767014] 18:33:08.556 [pool-6-thread-37] DEBUG c.h.p.o.d.PodServiceAccountResource - [helmlega] Desired PodServiceAccountResource (serviceAccountName: hivemq-platform-pod-test-hivemq-legacy-platform)
2025-01-30 18:33:08,561 INFO c.h.h.t.HelmChartContainer - [hivemq-test-hivemq-platform] [hivemq-platform-operator] [e7767014] 18:33:08.560 [pool-6-thread-35] DEBUG c.h.p.o.dependants.PodInfoConfigMap - [helmlega] Desired PodInfo ConfigMap (2 extensions) (1 enabled)
2025-01-30 18:33:08,561 INFO c.h.h.t.HelmChartContainer - [hivemq-test-hivemq-platform] [hivemq-platform-operator] [e7767014] 18:33:08.560 [pool-6-thread-35] DEBUG c.h.p.o.dependants.PodInfoConfigMap - [helmlega] Desired PodInfo ConfigMap (metrics port: 9399) (metrics path: /)
2025-01-30 18:33:08,563 INFO c.h.h.t.HelmChartContainer - [hivemq-test-hivemq-platform] [hivemq-platform-operator] [e7767014] 18:33:08.562 [pool-6-thread-35] DEBUG c.h.p.o.dependants.PodInfoConfigMap - [helmlega] Desired PodInfo ConfigMap (extension state hash: 259316804)
2025-01-30 18:33:08,569 INFO c.h.h.t.HelmChartContainer - [hivemq-test-hivemq-platform] [hivemq-platform-operator] [e7767014] 18:33:08.566 [pool-6-thread-40] DEBUG c.h.p.o.d.StatefulSetResource - [helmlega] Desired StatefulSet (2 replicas) for status ROLLING_RESTART (RESTART_PODS_IN_PROGRESS)
2025-01-30 18:33:08,573 INFO c.h.h.t.HelmChartContainer - [hivemq-test-hivemq-platform] [hivemq-platform-operator] [e7767014] 18:33:08.572 [ReconcilerExecutor-hivemq-controller-144] INFO  c.h.p.o.HiveMQPlatformReconciler - [helmlega] Reconciling HiveMQ Platform 'test-hivemq-legacy-platform' in namespace 'helmlegacystatefulsetmigrationit-operator'
2025-01-30 18:33:08,573 INFO c.h.h.t.HelmChartContainer - [hivemq-test-hivemq-platform] [hivemq-platform-operator] [e7767014] 18:33:08.572 [ReconcilerExecutor-hivemq-controller-144] DEBUG c.h.p.o.HiveMQPlatformReconciler - [helmlega] Custom Resource Status ROLLING_RESTART - HiveMQ Platform is restarting Pods (rolling restart) (RESTART_PODS_IN_PROGRESS)
2025-01-30 18:33:08,573 INFO c.h.h.t.HelmChartContainer - [hivemq-test-hivemq-platform] [hivemq-platform-operator] [e7767014] 18:33:08.572 [ReconcilerExecutor-hivemq-controller-144] DEBUG c.h.p.o.HiveMQPlatformReconciler - [helmlega] Custom Resource Spec (replicas: 1) (extensions: 2)
2025-01-30 18:33:08,581 INFO c.h.h.t.HelmChartContainer - [hivemq-test-hivemq-platform] [hivemq-platform-operator] [e7767014] 18:33:08.580 [ReconcilerExecutor-hivemq-controller-144] DEBUG c.h.p.o.HiveMQPlatformReconciler - [helmlega] StatefulSet Status (revision: test-hivemq-legacy-platform-65df8dcb7f, replicas: 2, available: 1, ready: 1, current: 2, updated: 2)
2025-01-30 18:33:08,588 INFO c.h.h.t.HelmChartContainer - [hivemq-test-hivemq-platform] [hivemq-platform-operator] [e7767014] 18:33:08.584 [ReconcilerExecutor-hivemq-controller-144] DEBUG c.h.p.o.HiveMQPlatformReconciler - [helmlega] StatefulSet Spec (replicas: 2, init containers: 1, containers: 1, volumes: 6)
2025-01-30 18:33:08,589 INFO c.h.h.t.HelmChartContainer - [test-hivemq-legacy-platform] [hivemq] [32dcad8e] INFO  - HiveMQ Enterprise Security Extension: Access log is written to /opt/hivemq/log/access/access.log.
2025-01-30 18:33:08,592 INFO c.h.h.t.HelmChartContainer - [EVENT] Warning [Unhealthy] Readiness probe failed: HTTP probe failed with statuscode: 503 [helmlegacystatefulsetmigrationit-operator:test-hivemq-legacy-platform-0]
2025-01-30 18:33:08,592 INFO c.h.h.t.HelmChartContainer - Received Unhealthy event for container hivemq in pod test-hivemq-legacy-platform-0 [32dcad8e-5ea8-4837-b537-fae067da5789]
2025-01-30 18:33:08,622 INFO c.h.h.t.HelmChartContainer - [hivemq-test-hivemq-platform] [hivemq-platform-operator] [e7767014] 18:33:08.621 [ReconcilerExecutor-hivemq-controller-144] DEBUG c.h.p.o.h.HiveMQPlatformReconcilerErrorHandler - [helmlega] Pod 'test-hivemq-legacy-platform-1' phase Running
2025-01-30 18:33:08,624 INFO c.h.h.t.HelmChartContainer - [hivemq-test-hivemq-platform] [hivemq-platform-operator] [e7767014] 18:33:08.623 [ReconcilerExecutor-hivemq-controller-144] DEBUG c.h.p.o.h.HiveMQPlatformReconcilerErrorHandler - [helmlega] Pod 'test-hivemq-legacy-platform-0' phase Running
2025-01-30 18:33:08,624 INFO c.h.h.t.HelmChartContainer - [hivemq-test-hivemq-platform] [hivemq-platform-operator] [e7767014] 18:33:08.624 [ReconcilerExecutor-hivemq-controller-144] DEBUG c.h.p.o.h.HiveMQPlatformReconcilerRollingRestartHandler - [helmlega] Rolling restart is waiting for 1 of 2 replicas
2025-01-30 18:33:08,958 INFO c.h.h.t.HelmChartContainer - [test-hivemq-legacy-platform] [hivemq] [32dcad8e] INFO  - HiveMQ Enterprise Security Extension: Started HiveMQ Enterprise Security Extension successfully in 2606ms.
2025-01-30 18:33:08,959 INFO c.h.h.t.HelmChartContainer - [test-hivemq-legacy-platform] [hivemq] [32dcad8e] INFO  - Extension "HiveMQ Enterprise Security Extension" version 4.36.0 started successfully.
2025-01-30 18:33:08,959 INFO c.h.h.t.HelmChartContainer - [test-hivemq-legacy-platform] [hivemq] [32dcad8e] INFO  - Starting extension with id "hivemq-prometheus-extension" at /opt/hivemq/extensions/hivemq-prometheus-extension
2025-01-30 18:33:09,458 INFO c.h.h.t.HelmChartContainer - [test-hivemq-legacy-platform] [hivemq] [32dcad8e] INFO  - Started Jetty Server exposing Prometheus Servlet on URI http://0.0.0.0:9399/
2025-01-30 18:33:09,458 INFO c.h.h.t.HelmChartContainer - [test-hivemq-legacy-platform] [hivemq] [32dcad8e] INFO  - Extension "Prometheus Monitoring Extension" version 4.0.12 started successfully.
2025-01-30 18:33:10,460 INFO c.h.h.t.HelmChartContainer - [test-hivemq-legacy-platform] [hivemq] [b2e5a097] INFO  - Cluster size = 2, members : [DpVGA, pjutj].
2025-01-30 18:33:10,471 INFO c.h.h.t.HelmChartContainer - [test-hivemq-legacy-platform] [hivemq] [32dcad8e] INFO  - Cluster size = 2, members : [DpVGA, pjutj].
2025-01-30 18:33:10,474 INFO c.h.h.t.HelmChartContainer - [test-hivemq-legacy-platform] [hivemq] [32dcad8e] INFO  - Finished cluster join process successfully.
2025-01-30 18:33:10,542 INFO c.h.h.t.HelmChartContainer - [test-hivemq-legacy-platform] [hivemq] [32dcad8e] INFO  - Starting HiveMQ REST API on address 0.0.0.0 and port 8888
2025-01-30 18:33:10,964 INFO c.h.h.t.HelmChartContainer - [test-hivemq-legacy-platform] [hivemq] [32dcad8e] INFO  - Started HiveMQ REST API in 488ms
2025-01-30 18:33:10,964 INFO c.h.h.t.HelmChartContainer - [test-hivemq-legacy-platform] [hivemq] [32dcad8e] WARN  - No user for HiveMQ Control Center configured. Starting with default user
2025-01-30 18:33:10,964 INFO c.h.h.t.HelmChartContainer - [test-hivemq-legacy-platform] [hivemq] [32dcad8e] INFO  - Starting HiveMQ Control Center on address 0.0.0.0 and port 8080
2025-01-30 18:33:11,042 INFO c.h.h.t.HelmChartContainer - [test-hivemq-legacy-platform] [hivemq] [32dcad8e] INFO  - Mounting HiveMQ Control Center V2 Preview
2025-01-30 18:33:11,658 INFO c.h.h.t.HelmChartContainer - [test-hivemq-legacy-platform] [hivemq] [32dcad8e] INFO  - Started HiveMQ Control Center in 695ms
2025-01-30 18:33:11,672 INFO c.h.h.t.HelmChartContainer - [test-hivemq-legacy-platform] [hivemq] [32dcad8e] INFO  - Starting TCP listener on address 0.0.0.0 and port 1883
2025-01-30 18:33:11,764 INFO c.h.h.t.HelmChartContainer - [test-hivemq-legacy-platform] [hivemq] [32dcad8e] INFO  - Started TCP Listener on address 0.0.0.0 and on port 1883.
2025-01-30 18:33:11,765 INFO c.h.h.t.HelmChartContainer - [test-hivemq-legacy-platform] [hivemq] [32dcad8e] INFO  - Started HiveMQ in 32904ms
2025-01-30 18:33:13,465 INFO c.h.h.t.HelmChartContainer - [test-hivemq-legacy-platform] [hivemq] [32dcad8e] INFO  - [HiveMQ Platform Operator Init App 1.7.0-SNAPSHOT] Returning Health API response 200 for readiness
2025-01-30 18:33:13,484 INFO c.h.h.t.HelmChartContainer - [POD] test-hivemq-legacy-platform-0 [32dcad8e-5ea8-4837-b537-fae067da5789] in helmlegacystatefulsetmigrationit-operator was MODIFIED
2025-01-30 18:33:13,493 INFO c.h.h.t.HelmChartContainer - [hivemq-test-hivemq-platform] [hivemq-platform-operator] [e7767014] 18:33:13.487 [pool-6-thread-48] DEBUG c.h.p.o.dependants.PodInfoConfigMap - [helmlega] Desired PodInfo ConfigMap (2 extensions) (1 enabled)
2025-01-30 18:33:13,496 INFO c.h.h.t.HelmChartContainer - [hivemq-test-hivemq-platform] [hivemq-platform-operator] [e7767014] 18:33:13.487 [pool-6-thread-48] DEBUG c.h.p.o.dependants.PodInfoConfigMap - [helmlega] Desired PodInfo ConfigMap (metrics port: 9399) (metrics path: /)
2025-01-30 18:33:13,496 INFO c.h.h.t.HelmChartContainer - [hivemq-test-hivemq-platform] [hivemq-platform-operator] [e7767014] 18:33:13.487 [pool-6-thread-48] DEBUG c.h.p.o.dependants.PodInfoConfigMap - [helmlega] Desired PodInfo ConfigMap (extension state hash: 259316804)
2025-01-30 18:33:13,501 INFO c.h.h.t.HelmChartContainer - [hivemq-test-hivemq-platform] [hivemq-platform-operator] [e7767014] 18:33:13.489 [pool-6-thread-48] DEBUG c.h.p.o.d.PodServiceAccountResource - [helmlega] Desired PodServiceAccountResource (serviceAccountName: hivemq-platform-pod-test-hivemq-legacy-platform)
2025-01-30 18:33:13,501 INFO c.h.h.t.HelmChartContainer - [hivemq-test-hivemq-platform] [hivemq-platform-operator] [e7767014] 18:33:13.490 [pool-6-thread-41] DEBUG c.h.p.o.d.PlatformServiceResource - [helmlega] Desired Platform services (4 services)
2025-01-30 18:33:13,503 INFO c.h.h.t.HelmChartContainer - [hivemq-test-hivemq-platform] [hivemq-platform-operator] [e7767014] 18:33:13.502 [pool-6-thread-41] DEBUG c.h.p.o.d.StatefulSetResource - [helmlega] Desired StatefulSet (2 replicas) for status ROLLING_RESTART (RESTART_PODS_IN_PROGRESS)
2025-01-30 18:33:13,507 INFO c.h.h.t.HelmChartContainer - [hivemq-test-hivemq-platform] [hivemq-platform-operator] [e7767014] 18:33:13.506 [ReconcilerExecutor-hivemq-controller-145] INFO  c.h.p.o.HiveMQPlatformReconciler - [helmlega] Reconciling HiveMQ Platform 'test-hivemq-legacy-platform' in namespace 'helmlegacystatefulsetmigrationit-operator'
2025-01-30 18:33:13,508 INFO c.h.h.t.HelmChartContainer - [hivemq-test-hivemq-platform] [hivemq-platform-operator] [e7767014] 18:33:13.506 [ReconcilerExecutor-hivemq-controller-145] DEBUG c.h.p.o.HiveMQPlatformReconciler - [helmlega] Custom Resource Status ROLLING_RESTART - HiveMQ Platform is restarting Pods (rolling restart) (RESTART_PODS_IN_PROGRESS)
2025-01-30 18:33:13,508 INFO c.h.h.t.HelmChartContainer - [hivemq-test-hivemq-platform] [hivemq-platform-operator] [e7767014] 18:33:13.506 [ReconcilerExecutor-hivemq-controller-145] DEBUG c.h.p.o.HiveMQPlatformReconciler - [helmlega] Custom Resource Spec (replicas: 1) (extensions: 2)
2025-01-30 18:33:13,511 INFO c.h.h.t.HelmChartContainer - [hivemq-test-hivemq-platform] [hivemq-platform-operator] [e7767014] 18:33:13.509 [ReconcilerExecutor-hivemq-controller-145] DEBUG c.h.p.o.HiveMQPlatformReconciler - [helmlega] StatefulSet Status (revision: test-hivemq-legacy-platform-65df8dcb7f, replicas: 2, available: 2, ready: 2, current: 2, updated: 2)
2025-01-30 18:33:13,511 INFO c.h.h.t.HelmChartContainer - [hivemq-test-hivemq-platform] [hivemq-platform-operator] [e7767014] 18:33:13.510 [ReconcilerExecutor-hivemq-controller-145] DEBUG c.h.p.o.HiveMQPlatformReconciler - [helmlega] StatefulSet Spec (replicas: 2, init containers: 1, containers: 1, volumes: 6)
2025-01-30 18:33:13,514 INFO c.h.h.t.HelmChartContainer - [hivemq-test-hivemq-platform] [hivemq-platform-operator] [e7767014] 18:33:13.512 [ReconcilerExecutor-hivemq-controller-145] DEBUG c.h.p.o.h.HiveMQPlatformReconcilerErrorHandler - [helmlega] Pod 'test-hivemq-legacy-platform-1' phase Running
2025-01-30 18:33:13,567 INFO c.h.h.t.HelmChartContainer - [hivemq-test-hivemq-platform] [hivemq-platform-operator] [e7767014] 18:33:13.566 [ReconcilerExecutor-hivemq-controller-145] DEBUG c.h.p.o.h.HiveMQPlatformReconcilerErrorHandler - [helmlega] Pod 'test-hivemq-legacy-platform-0' phase Running
2025-01-30 18:33:13,581 INFO c.h.h.t.HelmChartContainer - [hivemq-test-hivemq-platform] [hivemq-platform-operator] [e7767014] 18:33:13.579 [ReconcilerExecutor-hivemq-controller-145] DEBUG c.h.p.o.h.HiveMQPlatformReconcilerRollingRestartHandler - [helmlega] Skipping Pod test-hivemq-legacy-platform-1 as it's already on the controller update revision (update revision: test-hivemq-legacy-platform-65df8dcb7f, pod revision: test-hivemq-legacy-platform-65df8dcb7f)
2025-01-30 18:33:13,666 INFO c.h.h.t.HelmChartContainer - [hivemq-test-hivemq-platform] [hivemq-platform-operator] [e7767014] 18:33:13.665 [ReconcilerExecutor-hivemq-controller-145] DEBUG c.h.p.o.h.HiveMQPlatformReconcilerRollingRestartHandler - [helmlega] Skipping Pod test-hivemq-legacy-platform-0 as it's already on the controller update revision (update revision: test-hivemq-legacy-platform-65df8dcb7f, pod revision: test-hivemq-legacy-platform-65df8dcb7f)
2025-01-30 18:33:13,666 INFO c.h.h.t.HelmChartContainer - [hivemq-test-hivemq-platform] [hivemq-platform-operator] [e7767014] 18:33:13.665 [ReconcilerExecutor-hivemq-controller-145] INFO  c.h.p.o.h.HiveMQPlatformReconcilerRollingRestartHandler - [helmlega] Stopping surge Pod
2025-01-30 18:33:13,681 INFO c.h.h.t.HelmChartContainer - [hivemq-test-hivemq-platform] [hivemq-platform-operator] [e7767014] 18:33:13.679 [ReconcilerExecutor-hivemq-controller-145] DEBUG c.h.p.operator.event.EventSender - [helmlega] Creating K8s event rolling-restart-scale-down-in-progress: [RollingRestart] HiveMQ Platform is stopping the surge Pod (rolling restart)
2025-01-30 18:33:13,684 INFO c.h.h.t.HelmChartContainer - [EVENT] Normal [RollingRestart] HiveMQ Platform is stopping the surge Pod (rolling restart) [helmlegacystatefulsetmigrationit-operator:test-hivemq-legacy-platform]
2025-01-30 18:33:13,685 INFO c.h.h.t.HelmChartContainer - [hivemq-test-hivemq-platform] [hivemq-platform-operator] [e7767014] 18:33:13.684 [ReconcilerExecutor-hivemq-controller-145] INFO  c.h.p.o.h.AbstractHiveMQReconcilerStateHandler - [helmlega] Update HiveMQ Platform Status (ROLLING_RESTART [RESTART_PODS_IN_PROGRESS] -> ROLLING_RESTART [SCALE_DOWN_IN_PROGRESS]): HiveMQ Platform is stopping the surge Pod (rolling restart)
2025-01-30 18:33:13,693 DEBUG com.hivemq.helmcharts.util.K8sUtil - Comparing actual state 'ROLLING_RESTART' and waiting for 'RUNNING'
2025-01-30 18:33:13,698 INFO c.h.h.t.HelmChartContainer - [hivemq-test-hivemq-platform] [hivemq-platform-operator] [e7767014] 18:33:13.695 [pool-6-thread-6] DEBUG c.h.p.o.d.PlatformServiceResource - [helmlega] Desired Platform services (4 services)
2025-01-30 18:33:13,698 INFO c.h.h.t.HelmChartContainer - [hivemq-test-hivemq-platform] [hivemq-platform-operator] [e7767014] 18:33:13.696 [pool-6-thread-1] DEBUG c.h.p.o.d.PodServiceAccountResource - [helmlega] Desired PodServiceAccountResource (serviceAccountName: hivemq-platform-pod-test-hivemq-legacy-platform)
2025-01-30 18:33:13,698 INFO c.h.h.t.HelmChartContainer - [hivemq-test-hivemq-platform] [hivemq-platform-operator] [e7767014] 18:33:13.697 [pool-6-thread-10] DEBUG c.h.p.o.dependants.PodInfoConfigMap - [helmlega] Desired PodInfo ConfigMap (2 extensions) (1 enabled)
2025-01-30 18:33:13,698 INFO c.h.h.t.HelmChartContainer - [hivemq-test-hivemq-platform] [hivemq-platform-operator] [e7767014] 18:33:13.697 [pool-6-thread-10] DEBUG c.h.p.o.dependants.PodInfoConfigMap - [helmlega] Desired PodInfo ConfigMap (metrics port: 9399) (metrics path: /)
2025-01-30 18:33:13,698 INFO c.h.h.t.HelmChartContainer - [hivemq-test-hivemq-platform] [hivemq-platform-operator] [e7767014] 18:33:13.697 [pool-6-thread-10] DEBUG c.h.p.o.dependants.PodInfoConfigMap - [helmlega] Desired PodInfo ConfigMap (extension state hash: 259316804)
2025-01-30 18:33:13,766 INFO c.h.h.t.HelmChartContainer - [hivemq-test-hivemq-platform] [hivemq-platform-operator] [e7767014] 18:33:13.765 [pool-6-thread-10] DEBUG c.h.p.o.dependants.PodInfoConfigMap - [helmlega] Update PodInfo ConfigMap
2025-01-30 18:33:13,774 INFO c.h.h.t.HelmChartContainer - [hivemq-test-hivemq-platform] [hivemq-platform-operator] [e7767014] 18:33:13.773 [pool-6-thread-10] DEBUG c.h.p.o.d.StatefulSetResource - [helmlega] Desired StatefulSet (1 replicas) for status ROLLING_RESTART (SCALE_DOWN_IN_PROGRESS)
2025-01-30 18:33:13,776 INFO c.h.h.t.HelmChartContainer - [hivemq-test-hivemq-platform] [hivemq-platform-operator] [e7767014] 18:33:13.776 [pool-6-thread-10] DEBUG c.h.p.o.d.StatefulSetResource - [helmlega] Update StatefulSet (replicas: 2 -> 1)
2025-01-30 18:33:13,888 INFO c.h.h.t.HelmChartContainer - [hivemq-test-hivemq-platform] [hivemq-platform-operator] [e7767014] 18:33:13.884 [ReconcilerExecutor-hivemq-controller-146] INFO  c.h.p.o.HiveMQPlatformReconciler - [helmlega] Reconciling HiveMQ Platform 'test-hivemq-legacy-platform' in namespace 'helmlegacystatefulsetmigrationit-operator'
2025-01-30 18:33:13,889 INFO c.h.h.t.HelmChartContainer - [hivemq-test-hivemq-platform] [hivemq-platform-operator] [e7767014] 18:33:13.884 [ReconcilerExecutor-hivemq-controller-146] DEBUG c.h.p.o.HiveMQPlatformReconciler - [helmlega] Custom Resource Status ROLLING_RESTART - HiveMQ Platform is stopping the surge Pod (rolling restart) (SCALE_DOWN_IN_PROGRESS)
2025-01-30 18:33:13,889 INFO c.h.h.t.HelmChartContainer - [hivemq-test-hivemq-platform] [hivemq-platform-operator] [e7767014] 18:33:13.884 [ReconcilerExecutor-hivemq-controller-146] DEBUG c.h.p.o.HiveMQPlatformReconciler - [helmlega] Custom Resource Spec (replicas: 1) (extensions: 2)
2025-01-30 18:33:13,889 INFO c.h.h.t.HelmChartContainer - [hivemq-test-hivemq-platform] [hivemq-platform-operator] [e7767014] 18:33:13.887 [ReconcilerExecutor-hivemq-controller-146] DEBUG c.h.p.o.HiveMQPlatformReconciler - [helmlega] StatefulSet Status (revision: test-hivemq-legacy-platform-65df8dcb7f, replicas: 2, available: 2, ready: 2, current: 2, updated: 2)
2025-01-30 18:33:13,889 INFO c.h.h.t.HelmChartContainer - [hivemq-test-hivemq-platform] [hivemq-platform-operator] [e7767014] 18:33:13.887 [ReconcilerExecutor-hivemq-controller-146] DEBUG c.h.p.o.HiveMQPlatformReconciler - [helmlega] StatefulSet Spec (replicas: 1, init containers: 1, containers: 1, volumes: 6)
2025-01-30 18:33:13,893 INFO c.h.h.t.HelmChartContainer - [POD] test-hivemq-legacy-platform-1 [b2e5a097-19fb-461e-97a0-f47e91a22e55] in helmlegacystatefulsetmigrationit-operator was MODIFIED
2025-01-30 18:33:13,896 INFO c.h.h.t.HelmChartContainer - [EVENT] Normal [SuccessfulDelete] delete Pod test-hivemq-legacy-platform-1 in StatefulSet test-hivemq-legacy-platform successful [helmlegacystatefulsetmigrationit-operator:test-hivemq-legacy-platform]
2025-01-30 18:33:13,896 INFO c.h.h.t.HelmChartContainer - [hivemq-test-hivemq-platform] [hivemq-platform-operator] [e7767014] 18:33:13.889 [ReconcilerExecutor-hivemq-controller-146] DEBUG c.h.p.o.h.HiveMQPlatformReconcilerErrorHandler - [helmlega] Pod 'test-hivemq-legacy-platform-0' phase Running
2025-01-30 18:33:13,896 INFO c.h.h.t.HelmChartContainer - [hivemq-test-hivemq-platform] [hivemq-platform-operator] [e7767014] 18:33:13.890 [ReconcilerExecutor-hivemq-controller-146] DEBUG c.h.p.o.h.HiveMQPlatformReconcilerRollingRestartHandler - [helmlega] Rolling restart is waiting for 2 of 1 replicas
2025-01-30 18:33:13,910 INFO c.h.h.t.HelmChartContainer - [test-hivemq-legacy-platform] [hivemq] [b2e5a097] INFO  - [HiveMQ Platform Operator Init App 1.7.0-SNAPSHOT] Shutting down
2025-01-30 18:33:13,912 INFO c.h.h.t.HelmChartContainer - [EVENT] Normal [Killing] Stopping container hivemq [helmlegacystatefulsetmigrationit-operator:test-hivemq-legacy-platform-1]
2025-01-30 18:33:13,912 INFO c.h.h.t.HelmChartContainer - Received Killing event for container hivemq in pod test-hivemq-legacy-platform-1 [b2e5a097-19fb-461e-97a0-f47e91a22e55]
2025-01-30 18:33:13,912 INFO c.h.h.t.HelmChartContainer - Container [test-hivemq-legacy-platform-1] [hivemq] [b2e5a097-19fb-461e-97a0-f47e91a22e55] was terminated
2025-01-30 18:33:13,912 INFO c.h.h.t.HelmChartContainer - Stopped log watcher for hivemq in pod test-hivemq-legacy-platform-1 [b2e5a097-19fb-461e-97a0-f47e91a22e55]
2025-01-30 18:33:13,913 INFO c.h.h.t.HelmChartContainer - [test-hivemq-legacy-platform] [hivemq] [b2e5a097] INFO  - [HiveMQ Platform Operator Init App 1.7.0-SNAPSHOT] Stopping the HiveMQ Platform
2025-01-30 18:33:13,971 INFO c.h.h.t.HelmChartContainer - [hivemq-test-hivemq-platform] [hivemq-platform-operator] [e7767014] 18:33:13.969 [pool-6-thread-11] DEBUG c.h.p.o.d.PlatformServiceResource - [helmlega] Desired Platform services (4 services)
2025-01-30 18:33:13,972 INFO c.h.h.t.HelmChartContainer - [hivemq-test-hivemq-platform] [hivemq-platform-operator] [e7767014] 18:33:13.970 [pool-6-thread-15] DEBUG c.h.p.o.d.PodServiceAccountResource - [helmlega] Desired PodServiceAccountResource (serviceAccountName: hivemq-platform-pod-test-hivemq-legacy-platform)
2025-01-30 18:33:13,972 INFO c.h.h.t.HelmChartContainer - [hivemq-test-hivemq-platform] [hivemq-platform-operator] [e7767014] 18:33:13.971 [pool-6-thread-19] DEBUG c.h.p.o.dependants.PodInfoConfigMap - [helmlega] Desired PodInfo ConfigMap (2 extensions) (1 enabled)
2025-01-30 18:33:13,972 INFO c.h.h.t.HelmChartContainer - [hivemq-test-hivemq-platform] [hivemq-platform-operator] [e7767014] 18:33:13.972 [pool-6-thread-19] DEBUG c.h.p.o.dependants.PodInfoConfigMap - [helmlega] Desired PodInfo ConfigMap (metrics port: 9399) (metrics path: /)
2025-01-30 18:33:13,974 INFO c.h.h.t.HelmChartContainer - [hivemq-test-hivemq-platform] [hivemq-platform-operator] [e7767014] 18:33:13.972 [pool-6-thread-19] DEBUG c.h.p.o.dependants.PodInfoConfigMap - [helmlega] Desired PodInfo ConfigMap (extension state hash: 259316804)
2025-01-30 18:33:13,976 INFO c.h.h.t.HelmChartContainer - [hivemq-test-hivemq-platform] [hivemq-platform-operator] [e7767014] 18:33:13.976 [pool-6-thread-11] DEBUG c.h.p.o.d.StatefulSetResource - [helmlega] Desired StatefulSet (1 replicas) for status ROLLING_RESTART (SCALE_DOWN_IN_PROGRESS)
2025-01-30 18:33:13,979 INFO c.h.h.t.HelmChartContainer - [hivemq-test-hivemq-platform] [hivemq-platform-operator] [e7767014] 18:33:13.978 [ReconcilerExecutor-hivemq-controller-147] INFO  c.h.p.o.HiveMQPlatformReconciler - [helmlega] Reconciling HiveMQ Platform 'test-hivemq-legacy-platform' in namespace 'helmlegacystatefulsetmigrationit-operator'
2025-01-30 18:33:13,979 INFO c.h.h.t.HelmChartContainer - [hivemq-test-hivemq-platform] [hivemq-platform-operator] [e7767014] 18:33:13.979 [ReconcilerExecutor-hivemq-controller-147] DEBUG c.h.p.o.HiveMQPlatformReconciler - [helmlega] Custom Resource Status ROLLING_RESTART - HiveMQ Platform is stopping the surge Pod (rolling restart) (SCALE_DOWN_IN_PROGRESS)
2025-01-30 18:33:13,979 INFO c.h.h.t.HelmChartContainer - [hivemq-test-hivemq-platform] [hivemq-platform-operator] [e7767014] 18:33:13.979 [ReconcilerExecutor-hivemq-controller-147] DEBUG c.h.p.o.HiveMQPlatformReconciler - [helmlega] Custom Resource Spec (replicas: 1) (extensions: 2)
2025-01-30 18:33:14,023 INFO c.h.h.t.HelmChartContainer - [hivemq-test-hivemq-platform] [hivemq-platform-operator] [e7767014] 18:33:13.980 [ReconcilerExecutor-hivemq-controller-147] DEBUG c.h.p.o.HiveMQPlatformReconciler - [helmlega] StatefulSet Status (revision: test-hivemq-legacy-platform-65df8dcb7f, replicas: 2, available: 2, ready: 2, current: 1, updated: 1)
2025-01-30 18:33:14,023 INFO c.h.h.t.HelmChartContainer - [hivemq-test-hivemq-platform] [hivemq-platform-operator] [e7767014] 18:33:14.021 [ReconcilerExecutor-hivemq-controller-147] DEBUG c.h.p.o.HiveMQPlatformReconciler - [helmlega] StatefulSet Spec (replicas: 1, init containers: 1, containers: 1, volumes: 6)
2025-01-30 18:33:14,046 INFO c.h.h.t.HelmChartContainer - [test-hivemq-legacy-platform] [hivemq] [b2e5a097] INFO  - Shutting down HiveMQ. Please wait, this could take a while...
2025-01-30 18:33:14,057 INFO c.h.h.t.HelmChartContainer - [test-hivemq-legacy-platform] [hivemq] [b2e5a097] INFO  - Shutting down listeners and clients
2025-01-30 18:33:14,057 INFO c.h.h.t.HelmChartContainer - [test-hivemq-legacy-platform] [hivemq] [b2e5a097] INFO  - Shutdown of listeners is done
2025-01-30 18:33:14,058 INFO c.h.h.t.HelmChartContainer - [test-hivemq-legacy-platform] [hivemq] [b2e5a097] INFO  - No clients are connected, proceeding with shutdown
2025-01-30 18:33:14,068 INFO c.h.h.t.HelmChartContainer - [hivemq-test-hivemq-platform] [hivemq-platform-operator] [e7767014] 18:33:14.066 [ReconcilerExecutor-hivemq-controller-147] DEBUG c.h.p.o.h.HiveMQPlatformReconcilerErrorHandler - [helmlega] Pod 'test-hivemq-legacy-platform-0' phase Running
2025-01-30 18:33:14,069 INFO c.h.h.t.HelmChartContainer - [hivemq-test-hivemq-platform] [hivemq-platform-operator] [e7767014] 18:33:14.068 [ReconcilerExecutor-hivemq-controller-147] DEBUG c.h.p.o.h.HiveMQPlatformReconcilerRollingRestartHandler - [helmlega] Rolling restart is waiting for 2 of 1 replicas
2025-01-30 18:33:14,074 INFO c.h.h.t.HelmChartContainer - [hivemq-test-hivemq-platform] [hivemq-platform-operator] [e7767014] 18:33:14.073 [pool-6-thread-22] DEBUG c.h.p.o.d.PodServiceAccountResource - [helmlega] Desired PodServiceAccountResource (serviceAccountName: hivemq-platform-pod-test-hivemq-legacy-platform)
2025-01-30 18:33:14,076 INFO c.h.h.t.HelmChartContainer - [hivemq-test-hivemq-platform] [hivemq-platform-operator] [e7767014] 18:33:14.073 [pool-6-thread-23] DEBUG c.h.p.o.d.PlatformServiceResource - [helmlega] Desired Platform services (4 services)
2025-01-30 18:33:14,076 INFO c.h.h.t.HelmChartContainer - [hivemq-test-hivemq-platform] [hivemq-platform-operator] [e7767014] 18:33:14.075 [pool-6-thread-26] DEBUG c.h.p.o.dependants.PodInfoConfigMap - [helmlega] Desired PodInfo ConfigMap (2 extensions) (1 enabled)
2025-01-30 18:33:14,076 INFO c.h.h.t.HelmChartContainer - [hivemq-test-hivemq-platform] [hivemq-platform-operator] [e7767014] 18:33:14.075 [pool-6-thread-26] DEBUG c.h.p.o.dependants.PodInfoConfigMap - [helmlega] Desired PodInfo ConfigMap (metrics port: 9399) (metrics path: /)
2025-01-30 18:33:14,077 INFO c.h.h.t.HelmChartContainer - [hivemq-test-hivemq-platform] [hivemq-platform-operator] [e7767014] 18:33:14.075 [pool-6-thread-26] DEBUG c.h.p.o.dependants.PodInfoConfigMap - [helmlega] Desired PodInfo ConfigMap (extension state hash: 259316804)
2025-01-30 18:33:14,079 INFO c.h.h.t.HelmChartContainer - [hivemq-test-hivemq-platform] [hivemq-platform-operator] [e7767014] 18:33:14.079 [pool-6-thread-23] DEBUG c.h.p.o.d.StatefulSetResource - [helmlega] Desired StatefulSet (1 replicas) for status ROLLING_RESTART (SCALE_DOWN_IN_PROGRESS)
2025-01-30 18:33:14,082 INFO c.h.h.t.HelmChartContainer - [hivemq-test-hivemq-platform] [hivemq-platform-operator] [e7767014] 18:33:14.081 [ReconcilerExecutor-hivemq-controller-148] INFO  c.h.p.o.HiveMQPlatformReconciler - [helmlega] Reconciling HiveMQ Platform 'test-hivemq-legacy-platform' in namespace 'helmlegacystatefulsetmigrationit-operator'
2025-01-30 18:33:14,082 INFO c.h.h.t.HelmChartContainer - [hivemq-test-hivemq-platform] [hivemq-platform-operator] [e7767014] 18:33:14.081 [ReconcilerExecutor-hivemq-controller-148] DEBUG c.h.p.o.HiveMQPlatformReconciler - [helmlega] Custom Resource Status ROLLING_RESTART - HiveMQ Platform is stopping the surge Pod (rolling restart) (SCALE_DOWN_IN_PROGRESS)
2025-01-30 18:33:14,082 INFO c.h.h.t.HelmChartContainer - [hivemq-test-hivemq-platform] [hivemq-platform-operator] [e7767014] 18:33:14.081 [ReconcilerExecutor-hivemq-controller-148] DEBUG c.h.p.o.HiveMQPlatformReconciler - [helmlega] Custom Resource Spec (replicas: 1) (extensions: 2)
2025-01-30 18:33:14,084 INFO c.h.h.t.HelmChartContainer - [hivemq-test-hivemq-platform] [hivemq-platform-operator] [e7767014] 18:33:14.083 [ReconcilerExecutor-hivemq-controller-148] DEBUG c.h.p.o.HiveMQPlatformReconciler - [helmlega] StatefulSet Status (revision: test-hivemq-legacy-platform-65df8dcb7f, replicas: 2, available: 2, ready: 2, current: 1, updated: 1)
2025-01-30 18:33:14,084 INFO c.h.h.t.HelmChartContainer - [hivemq-test-hivemq-platform] [hivemq-platform-operator] [e7767014] 18:33:14.083 [ReconcilerExecutor-hivemq-controller-148] DEBUG c.h.p.o.HiveMQPlatformReconciler - [helmlega] StatefulSet Spec (replicas: 1, init containers: 1, containers: 1, volumes: 6)
2025-01-30 18:33:14,167 INFO c.h.h.t.HelmChartContainer - [hivemq-test-hivemq-platform] [hivemq-platform-operator] [e7767014] 18:33:14.165 [ReconcilerExecutor-hivemq-controller-148] DEBUG c.h.p.o.h.HiveMQPlatformReconcilerErrorHandler - [helmlega] Pod 'test-hivemq-legacy-platform-0' phase Running
2025-01-30 18:33:14,167 INFO c.h.h.t.HelmChartContainer - [hivemq-test-hivemq-platform] [hivemq-platform-operator] [e7767014] 18:33:14.166 [ReconcilerExecutor-hivemq-controller-148] DEBUG c.h.p.o.h.HiveMQPlatformReconcilerRollingRestartHandler - [helmlega] Rolling restart is waiting for 2 of 1 replicas
2025-01-30 18:33:14,356 INFO c.h.h.t.HelmChartContainer - [test-hivemq-legacy-platform] [hivemq] [b2e5a097] INFO  - [HiveMQ Platform Operator Init App 1.7.0-SNAPSHOT] Returning shutdown Health API response 503 for readiness
2025-01-30 18:33:14,360 INFO c.h.h.t.HelmChartContainer - [EVENT] Warning [Unhealthy] Readiness probe failed: HTTP probe failed with statuscode: 503 [helmlegacystatefulsetmigrationit-operator:test-hivemq-legacy-platform-1]
2025-01-30 18:33:14,361 INFO c.h.h.t.HelmChartContainer - Received Unhealthy event for container hivemq in pod test-hivemq-legacy-platform-1 [b2e5a097-19fb-461e-97a0-f47e91a22e55]
2025-01-30 18:33:15,178 INFO c.h.h.t.HelmChartContainer - [test-hivemq-legacy-platform] [hivemq] [32dcad8e] INFO  - [HiveMQ Platform Operator Init App 1.7.0-SNAPSHOT] Returning Health API response 200 for liveness
2025-01-30 18:33:17,058 INFO c.h.h.t.HelmChartContainer - [test-hivemq-legacy-platform] [hivemq] [b2e5a097] INFO  - Shutting down extension system
2025-01-30 18:33:17,060 INFO c.h.h.t.HelmChartContainer - [test-hivemq-legacy-platform] [hivemq] [b2e5a097] INFO  - Stopping extension with id hivemq-dns-cluster-discovery
2025-01-30 18:33:17,062 INFO c.h.h.t.HelmChartContainer - [test-hivemq-legacy-platform] [hivemq] [b2e5a097] INFO  - Extension "DNS Cluster Discovery Extension" version 4.3.2 stopped successfully.
2025-01-30 18:33:17,062 INFO c.h.h.t.HelmChartContainer - [test-hivemq-legacy-platform] [hivemq] [b2e5a097] INFO  - Stopping extension with id hivemq-prometheus-extension
2025-01-30 18:33:17,068 INFO c.h.h.t.HelmChartContainer - [test-hivemq-legacy-platform] [hivemq] [b2e5a097] INFO  - Extension "Prometheus Monitoring Extension" version 4.0.12 stopped successfully.
2025-01-30 18:33:17,068 INFO c.h.h.t.HelmChartContainer - [test-hivemq-legacy-platform] [hivemq] [b2e5a097] INFO  - Stopping extension with id hivemq-enterprise-security-extension
2025-01-30 18:33:17,068 INFO c.h.h.t.HelmChartContainer - [test-hivemq-legacy-platform] [hivemq] [b2e5a097] INFO  - HiveMQ Enterprise Security Extension: Shutting down HiveMQ Enterprise Security Extension.
2025-01-30 18:33:19,360 INFO c.h.h.t.HelmChartContainer - [EVENT] Warning [Unhealthy] Readiness probe failed: HTTP probe failed with statuscode: 503 [helmlegacystatefulsetmigrationit-operator:test-hivemq-legacy-platform-1]
2025-01-30 18:33:19,360 INFO c.h.h.t.HelmChartContainer - Received Unhealthy event for container hivemq in pod test-hivemq-legacy-platform-1 [b2e5a097-19fb-461e-97a0-f47e91a22e55]
2025-01-30 18:33:20,072 INFO c.h.h.t.HelmChartContainer - [test-hivemq-legacy-platform] [hivemq] [b2e5a097] INFO  - HiveMQ Enterprise Security Extension: Stopped HiveMQ Enterprise Security Extension successfully in 3002ms.
2025-01-30 18:33:20,073 INFO c.h.h.t.HelmChartContainer - [test-hivemq-legacy-platform] [hivemq] [b2e5a097] INFO  - Extension "HiveMQ Enterprise Security Extension" version 4.36.0 stopped successfully.
2025-01-30 18:33:20,079 INFO c.h.h.t.HelmChartContainer - [test-hivemq-legacy-platform] [hivemq] [32dcad8e] INFO  - Cluster nodes found by discovery: [pjutj|4] (1) [pjutj].
2025-01-30 18:33:20,084 INFO c.h.h.t.HelmChartContainer - [test-hivemq-legacy-platform] [hivemq] [32dcad8e] INFO  - Cluster size = 1, members : [pjutj].
2025-01-30 18:33:22,934 INFO c.h.h.t.HelmChartContainer - [test-hivemq-legacy-platform] [hivemq] [b2e5a097] INFO  - Shutdown completed.
2025-01-30 18:33:23,343 INFO c.h.h.t.HelmChartContainer - [test-hivemq-legacy-platform] [hivemq] [b2e5a097] INFO  - [HiveMQ Platform Operator Init App 1.7.0-SNAPSHOT] The HiveMQ Platform exited with code 143
2025-01-30 18:33:23,343 INFO c.h.h.t.HelmChartContainer - [test-hivemq-legacy-platform] [hivemq] [b2e5a097] INFO  - [HiveMQ Platform Operator Init App 1.7.0-SNAPSHOT] Stopping the REST API
2025-01-30 18:33:23,348 INFO c.h.h.t.HelmChartContainer - [test-hivemq-legacy-platform] [hivemq] [b2e5a097] INFO  - [HiveMQ Platform Operator Init App 1.7.0-SNAPSHOT] Shutdown complete
2025-01-30 18:33:23,842 INFO c.h.h.t.HelmChartContainer - [POD] test-hivemq-legacy-platform-1 [b2e5a097-19fb-461e-97a0-f47e91a22e55] in helmlegacystatefulsetmigrationit-operator was MODIFIED
2025-01-30 18:33:23,847 INFO c.h.h.t.HelmChartContainer - [hivemq-test-hivemq-platform] [hivemq-platform-operator] [e7767014] 18:33:23.843 [pool-6-thread-38] DEBUG c.h.p.o.dependants.PodInfoConfigMap - [helmlega] Desired PodInfo ConfigMap (2 extensions) (1 enabled)
2025-01-30 18:33:23,847 INFO c.h.h.t.HelmChartContainer - [hivemq-test-hivemq-platform] [hivemq-platform-operator] [e7767014] 18:33:23.842 [pool-6-thread-33] DEBUG c.h.p.o.d.PlatformServiceResource - [helmlega] Desired Platform services (4 services)
2025-01-30 18:33:23,854 INFO c.h.h.t.HelmChartContainer - [hivemq-test-hivemq-platform] [hivemq-platform-operator] [e7767014] 18:33:23.850 [pool-6-thread-38] DEBUG c.h.p.o.dependants.PodInfoConfigMap - [helmlega] Desired PodInfo ConfigMap (metrics port: 9399) (metrics path: /)
2025-01-30 18:33:23,854 INFO c.h.h.t.HelmChartContainer - [hivemq-test-hivemq-platform] [hivemq-platform-operator] [e7767014] 18:33:23.850 [pool-6-thread-38] DEBUG c.h.p.o.dependants.PodInfoConfigMap - [helmlega] Desired PodInfo ConfigMap (extension state hash: 259316804)
2025-01-30 18:33:23,854 INFO c.h.h.t.HelmChartContainer - [hivemq-test-hivemq-platform] [hivemq-platform-operator] [e7767014] 18:33:23.851 [pool-6-thread-36] DEBUG c.h.p.o.d.PodServiceAccountResource - [helmlega] Desired PodServiceAccountResource (serviceAccountName: hivemq-platform-pod-test-hivemq-legacy-platform)
2025-01-30 18:33:23,862 INFO c.h.h.t.HelmChartContainer - [hivemq-test-hivemq-platform] [hivemq-platform-operator] [e7767014] 18:33:23.858 [pool-6-thread-33] DEBUG c.h.p.o.d.StatefulSetResource - [helmlega] Desired StatefulSet (1 replicas) for status ROLLING_RESTART (SCALE_DOWN_IN_PROGRESS)
2025-01-30 18:33:23,870 INFO c.h.h.t.HelmChartContainer - [hivemq-test-hivemq-platform] [hivemq-platform-operator] [e7767014] 18:33:23.866 [ReconcilerExecutor-hivemq-controller-149] INFO  c.h.p.o.HiveMQPlatformReconciler - [helmlega] Reconciling HiveMQ Platform 'test-hivemq-legacy-platform' in namespace 'helmlegacystatefulsetmigrationit-operator'
2025-01-30 18:33:23,870 INFO c.h.h.t.HelmChartContainer - [hivemq-test-hivemq-platform] [hivemq-platform-operator] [e7767014] 18:33:23.866 [ReconcilerExecutor-hivemq-controller-149] DEBUG c.h.p.o.HiveMQPlatformReconciler - [helmlega] Custom Resource Status ROLLING_RESTART - HiveMQ Platform is stopping the surge Pod (rolling restart) (SCALE_DOWN_IN_PROGRESS)
2025-01-30 18:33:23,870 INFO c.h.h.t.HelmChartContainer - [hivemq-test-hivemq-platform] [hivemq-platform-operator] [e7767014] 18:33:23.866 [ReconcilerExecutor-hivemq-controller-149] DEBUG c.h.p.o.HiveMQPlatformReconciler - [helmlega] Custom Resource Spec (replicas: 1) (extensions: 2)
2025-01-30 18:33:23,870 INFO c.h.h.t.HelmChartContainer - [hivemq-test-hivemq-platform] [hivemq-platform-operator] [e7767014] 18:33:23.867 [ReconcilerExecutor-hivemq-controller-149] DEBUG c.h.p.o.HiveMQPlatformReconciler - [helmlega] StatefulSet Status (revision: test-hivemq-legacy-platform-65df8dcb7f, replicas: 2, available: 1, ready: 1, current: 1, updated: 1)
2025-01-30 18:33:23,870 INFO c.h.h.t.HelmChartContainer - [hivemq-test-hivemq-platform] [hivemq-platform-operator] [e7767014] 18:33:23.867 [ReconcilerExecutor-hivemq-controller-149] DEBUG c.h.p.o.HiveMQPlatformReconciler - [helmlega] StatefulSet Spec (replicas: 1, init containers: 1, containers: 1, volumes: 6)
2025-01-30 18:33:23,870 INFO c.h.h.t.HelmChartContainer - [hivemq-test-hivemq-platform] [hivemq-platform-operator] [e7767014] 18:33:23.869 [ReconcilerExecutor-hivemq-controller-149] DEBUG c.h.p.o.h.HiveMQPlatformReconcilerErrorHandler - [helmlega] Pod 'test-hivemq-legacy-platform-0' phase Running
2025-01-30 18:33:23,871 INFO c.h.h.t.HelmChartContainer - [hivemq-test-hivemq-platform] [hivemq-platform-operator] [e7767014] 18:33:23.870 [ReconcilerExecutor-hivemq-controller-149] INFO  c.h.p.o.h.HiveMQPlatformReconcilerRollingRestartHandler - [helmlega] Rolling restart is done
2025-01-30 18:33:23,914 INFO c.h.h.t.HelmChartContainer - [K3S] [scope.go:117] "RemoveContainer" containerID="2a4a6cc42fcce9e1f44546c1ff139f6616c05078dcac9b7525076eab4b5ee2c0"
2025-01-30 18:33:23,919 INFO c.h.h.t.HelmChartContainer - [K3S] [scope.go:117] "RemoveContainer" containerID="60306dd74fdbc429c3d9778ae73cccbb7b53138ea8dd4e99db740d16d5c7028f"
2025-01-30 18:33:23,922 INFO c.h.h.t.HelmChartContainer - [K3S] [reconciler_common.go:162] "operationExecutor.UnmountVolume started for volume \"ese-file-realm\" (UniqueName: \"kubernetes.io/configmap/b2e5a097-19fb-461e-97a0-f47e91a22e55-ese-file-realm\") pod \"b2e5a097-19fb-461e-97a0-f47e91a22e55\" (UID: \"b2e5a097-19fb-461e-97a0-f47e91a22e55\") "
2025-01-30 18:33:23,922 INFO c.h.h.t.HelmChartContainer - [K3S] [reconciler_common.go:162] "operationExecutor.UnmountVolume started for volume \"data\" (UniqueName: \"kubernetes.io/local-volume/pvc-bce05030-cdda-4097-887e-3f9317c86257\") pod \"b2e5a097-19fb-461e-97a0-f47e91a22e55\" (UID: \"b2e5a097-19fb-461e-97a0-f47e91a22e55\") "
2025-01-30 18:33:23,922 INFO c.h.h.t.HelmChartContainer - [K3S] [reconciler_common.go:162] "operationExecutor.UnmountVolume started for volume \"pod-info\" (UniqueName: \"kubernetes.io/configmap/b2e5a097-19fb-461e-97a0-f47e91a22e55-pod-info\") pod \"b2e5a097-19fb-461e-97a0-f47e91a22e55\" (UID: \"b2e5a097-19fb-461e-97a0-f47e91a22e55\") "
2025-01-30 18:33:23,922 INFO c.h.h.t.HelmChartContainer - [K3S] [reconciler_common.go:162] "operationExecutor.UnmountVolume started for volume \"kube-api-access-t26zp\" (UniqueName: \"kubernetes.io/projected/b2e5a097-19fb-461e-97a0-f47e91a22e55-kube-api-access-t26zp\") pod \"b2e5a097-19fb-461e-97a0-f47e91a22e55\" (UID: \"b2e5a097-19fb-461e-97a0-f47e91a22e55\") "
2025-01-30 18:33:23,922 INFO c.h.h.t.HelmChartContainer - [K3S] [reconciler_common.go:162] "operationExecutor.UnmountVolume started for volume \"extension-configuration-hivemq-enterprise-security-extension\" (UniqueName: \"kubernetes.io/configmap/b2e5a097-19fb-461e-97a0-f47e91a22e55-extension-configuration-hivemq-enterprise-security-extension\") pod \"b2e5a097-19fb-461e-97a0-f47e91a22e55\" (UID: \"b2e5a097-19fb-461e-97a0-f47e91a22e55\") "
2025-01-30 18:33:23,922 INFO c.h.h.t.HelmChartContainer - [K3S] [reconciler_common.go:162] "operationExecutor.UnmountVolume started for volume \"broker-configuration\" (UniqueName: \"kubernetes.io/configmap/b2e5a097-19fb-461e-97a0-f47e91a22e55-broker-configuration\") pod \"b2e5a097-19fb-461e-97a0-f47e91a22e55\" (UID: \"b2e5a097-19fb-461e-97a0-f47e91a22e55\") "
2025-01-30 18:33:23,922 INFO c.h.h.t.HelmChartContainer - [K3S] [reconciler_common.go:162] "operationExecutor.UnmountVolume started for volume \"operator-init\" (UniqueName: \"kubernetes.io/empty-dir/b2e5a097-19fb-461e-97a0-f47e91a22e55-operator-init\") pod \"b2e5a097-19fb-461e-97a0-f47e91a22e55\" (UID: \"b2e5a097-19fb-461e-97a0-f47e91a22e55\") "
2025-01-30 18:33:23,925 INFO c.h.h.t.HelmChartContainer - [K3S] [scope.go:117] "RemoveContainer" containerID="2a4a6cc42fcce9e1f44546c1ff139f6616c05078dcac9b7525076eab4b5ee2c0"
2025-01-30 18:33:23,926 INFO c.h.h.t.HelmChartContainer - [K3S] [scope.go:117] "RemoveContainer" containerID="60306dd74fdbc429c3d9778ae73cccbb7b53138ea8dd4e99db740d16d5c7028f"
2025-01-30 18:33:23,934 INFO c.h.h.t.HelmChartContainer - [EVENT] Normal [Ready] HiveMQ Platform is ready [helmlegacystatefulsetmigrationit-operator:test-hivemq-legacy-platform]
2025-01-30 18:33:23,935 INFO c.h.h.t.HelmChartContainer - [hivemq-test-hivemq-platform] [hivemq-platform-operator] [e7767014] 18:33:23.933 [ReconcilerExecutor-hivemq-controller-149] DEBUG c.h.p.operator.event.EventSender - [helmlega] Updating K8s event hivemq-platform-ready: [Ready] HiveMQ Platform is ready
2025-01-30 18:33:23,935 INFO c.h.h.t.HelmChartContainer - [hivemq-test-hivemq-platform] [hivemq-platform-operator] [e7767014] 18:33:23.934 [ReconcilerExecutor-hivemq-controller-149] INFO  c.h.p.o.h.AbstractHiveMQReconcilerStateHandler - [helmlega] Update HiveMQ Platform Status (ROLLING_RESTART [SCALE_DOWN_IN_PROGRESS] -> RUNNING [READY]): HiveMQ Platform is ready
2025-01-30 18:33:23,943 DEBUG com.hivemq.helmcharts.util.K8sUtil - Comparing actual state 'RUNNING' and waiting for 'RUNNING'
2025-01-30 18:33:23,974 INFO c.h.h.util.ControlCenterUtil - Log into CC on hivemq-test-hivemq-legacy-platform-cc:8080 (username: admin) (password: hivemq) (TLS: false)
2025-01-30 18:33:24,026 INFO c.h.h.t.HelmChartContainer - [K3S] [reconciler_common.go:299] "Volume detached for volume \"operator-init\" (UniqueName: \"kubernetes.io/empty-dir/b2e5a097-19fb-461e-97a0-f47e91a22e55-operator-init\") on node \"b99e65a4204c\" DevicePath \"\""
2025-01-30 18:33:24,027 INFO c.h.h.t.HelmChartContainer - [K3S] [reconciler_common.go:299] "Volume detached for volume \"ese-file-realm\" (UniqueName: \"kubernetes.io/configmap/b2e5a097-19fb-461e-97a0-f47e91a22e55-ese-file-realm\") on node \"b99e65a4204c\" DevicePath \"\""
2025-01-30 18:33:24,027 INFO c.h.h.t.HelmChartContainer - [K3S] [reconciler_common.go:292] "operationExecutor.UnmountDevice started for volume \"pvc-bce05030-cdda-4097-887e-3f9317c86257\" (UniqueName: \"kubernetes.io/local-volume/pvc-bce05030-cdda-4097-887e-3f9317c86257\") on node \"b99e65a4204c\" "
2025-01-30 18:33:24,027 INFO c.h.h.t.HelmChartContainer - [K3S] [reconciler_common.go:299] "Volume detached for volume \"pod-info\" (UniqueName: \"kubernetes.io/configmap/b2e5a097-19fb-461e-97a0-f47e91a22e55-pod-info\") on node \"b99e65a4204c\" DevicePath \"\""
2025-01-30 18:33:24,027 INFO c.h.h.t.HelmChartContainer - [K3S] [reconciler_common.go:299] "Volume detached for volume \"kube-api-access-t26zp\" (UniqueName: \"kubernetes.io/projected/b2e5a097-19fb-461e-97a0-f47e91a22e55-kube-api-access-t26zp\") on node \"b99e65a4204c\" DevicePath \"\""
2025-01-30 18:33:24,027 INFO c.h.h.t.HelmChartContainer - [K3S] [reconciler_common.go:299] "Volume detached for volume \"extension-configuration-hivemq-enterprise-security-extension\" (UniqueName: \"kubernetes.io/configmap/b2e5a097-19fb-461e-97a0-f47e91a22e55-extension-configuration-hivemq-enterprise-security-extension\") on node \"b99e65a4204c\" DevicePath \"\""
2025-01-30 18:33:24,027 INFO c.h.h.t.HelmChartContainer - [K3S] [reconciler_common.go:299] "Volume detached for volume \"broker-configuration\" (UniqueName: \"kubernetes.io/configmap/b2e5a097-19fb-461e-97a0-f47e91a22e55-broker-configuration\") on node \"b99e65a4204c\" DevicePath \"\""
2025-01-30 18:33:24,030 INFO c.h.h.t.HelmChartContainer - [hivemq-test-hivemq-platform] [hivemq-platform-operator] [e7767014] 18:33:23.948 [pool-6-thread-44] DEBUG c.h.p.o.d.PodServiceAccountResource - [helmlega] Desired PodServiceAccountResource (serviceAccountName: hivemq-platform-pod-test-hivemq-legacy-platform)
2025-01-30 18:33:24,030 INFO c.h.h.t.HelmChartContainer - [hivemq-test-hivemq-platform] [hivemq-platform-operator] [e7767014] 18:33:24.022 [pool-6-thread-43] DEBUG c.h.p.o.dependants.PodInfoConfigMap - [helmlega] Desired PodInfo ConfigMap (2 extensions) (1 enabled)
2025-01-30 18:33:24,030 INFO c.h.h.t.HelmChartContainer - [hivemq-test-hivemq-platform] [hivemq-platform-operator] [e7767014] 18:33:24.022 [pool-6-thread-43] DEBUG c.h.p.o.dependants.PodInfoConfigMap - [helmlega] Desired PodInfo ConfigMap (metrics port: 9399) (metrics path: /)
2025-01-30 18:33:24,030 INFO c.h.h.t.HelmChartContainer - [hivemq-test-hivemq-platform] [hivemq-platform-operator] [e7767014] 18:33:24.022 [pool-6-thread-43] DEBUG c.h.p.o.dependants.PodInfoConfigMap - [helmlega] Desired PodInfo ConfigMap (extension state hash: 259316804)
2025-01-30 18:33:24,030 INFO c.h.h.t.HelmChartContainer - [hivemq-test-hivemq-platform] [hivemq-platform-operator] [e7767014] 18:33:24.021 [pool-6-thread-46] DEBUG c.h.p.o.d.PlatformServiceResource - [helmlega] Desired Platform services (4 services)
2025-01-30 18:33:24,030 INFO c.h.h.t.HelmChartContainer - [hivemq-test-hivemq-platform] [hivemq-platform-operator] [e7767014] 18:33:24.024 [pool-6-thread-43] DEBUG c.h.p.o.dependants.PodInfoConfigMap - [helmlega] Update PodInfo ConfigMap
2025-01-30 18:33:24,036 INFO c.h.h.t.HelmChartContainer - [hivemq-test-hivemq-platform] [hivemq-platform-operator] [e7767014] 18:33:24.035 [pool-6-thread-43] DEBUG c.h.p.o.d.StatefulSetResource - [helmlega] Desired StatefulSet (1 replicas) for status RUNNING (READY)
2025-01-30 18:33:24,043 INFO c.h.h.t.HelmChartContainer - [hivemq-test-hivemq-platform] [hivemq-platform-operator] [e7767014] 18:33:24.041 [ReconcilerExecutor-hivemq-controller-150] INFO  c.h.p.o.HiveMQPlatformReconciler - [helmlega] Reconciling HiveMQ Platform 'test-hivemq-legacy-platform' in namespace 'helmlegacystatefulsetmigrationit-operator'
2025-01-30 18:33:24,043 INFO c.h.h.t.HelmChartContainer - [hivemq-test-hivemq-platform] [hivemq-platform-operator] [e7767014] 18:33:24.041 [ReconcilerExecutor-hivemq-controller-150] DEBUG c.h.p.o.HiveMQPlatformReconciler - [helmlega] Custom Resource Status RUNNING - HiveMQ Platform is ready (READY)
2025-01-30 18:33:24,043 INFO c.h.h.t.HelmChartContainer - [hivemq-test-hivemq-platform] [hivemq-platform-operator] [e7767014] 18:33:24.041 [ReconcilerExecutor-hivemq-controller-150] DEBUG c.h.p.o.HiveMQPlatformReconciler - [helmlega] Custom Resource Spec (replicas: 1) (extensions: 2)
2025-01-30 18:33:24,045 INFO c.h.h.t.HelmChartContainer - [hivemq-test-hivemq-platform] [hivemq-platform-operator] [e7767014] 18:33:24.043 [ReconcilerExecutor-hivemq-controller-150] DEBUG c.h.p.o.HiveMQPlatformReconciler - [helmlega] StatefulSet Status (revision: test-hivemq-legacy-platform-65df8dcb7f, replicas: 2, available: 1, ready: 1, current: 1, updated: 1)
2025-01-30 18:33:24,045 INFO c.h.h.t.HelmChartContainer - [hivemq-test-hivemq-platform] [hivemq-platform-operator] [e7767014] 18:33:24.043 [ReconcilerExecutor-hivemq-controller-150] DEBUG c.h.p.o.HiveMQPlatformReconciler - [helmlega] StatefulSet Spec (replicas: 1, init containers: 1, containers: 1, volumes: 6)
2025-01-30 18:33:24,045 INFO c.h.h.t.HelmChartContainer - [hivemq-test-hivemq-platform] [hivemq-platform-operator] [e7767014] 18:33:24.044 [ReconcilerExecutor-hivemq-controller-150] DEBUG c.h.p.o.h.HiveMQPlatformReconcilerErrorHandler - [helmlega] Pod 'test-hivemq-legacy-platform-0' phase Running
2025-01-30 18:33:24,123 INFO c.h.h.t.HelmChartContainer - [K3S] [reconciler_common.go:299] "Volume detached for volume \"pvc-bce05030-cdda-4097-887e-3f9317c86257\" (UniqueName: \"kubernetes.io/local-volume/pvc-bce05030-cdda-4097-887e-3f9317c86257\") on node \"b99e65a4204c\" DevicePath \"\""
2025-01-30 18:33:24,242 INFO c.h.h.t.HelmChartContainer - [POD] test-hivemq-legacy-platform-1 [b2e5a097-19fb-461e-97a0-f47e91a22e55] in helmlegacystatefulsetmigrationit-operator was MODIFIED
2025-01-30 18:33:24,246 INFO c.h.h.t.HelmChartContainer - [POD] test-hivemq-legacy-platform-1 [b2e5a097-19fb-461e-97a0-f47e91a22e55] in helmlegacystatefulsetmigrationit-operator was DELETED
2025-01-30 18:33:24,261 INFO c.h.h.t.HelmChartContainer - [hivemq-test-hivemq-platform] [hivemq-platform-operator] [e7767014] 18:33:24.258 [pool-6-thread-2] DEBUG c.h.p.o.d.PlatformServiceResource - [helmlega] Desired Platform services (4 services)
2025-01-30 18:33:24,262 INFO c.h.h.t.HelmChartContainer - [hivemq-test-hivemq-platform] [hivemq-platform-operator] [e7767014] 18:33:24.259 [pool-6-thread-5] DEBUG c.h.p.o.dependants.PodInfoConfigMap - [helmlega] Desired PodInfo ConfigMap (2 extensions) (1 enabled)
2025-01-30 18:33:24,262 INFO c.h.h.t.HelmChartContainer - [hivemq-test-hivemq-platform] [hivemq-platform-operator] [e7767014] 18:33:24.259 [pool-6-thread-5] DEBUG c.h.p.o.dependants.PodInfoConfigMap - [helmlega] Desired PodInfo ConfigMap (metrics port: 9399) (metrics path: /)
2025-01-30 18:33:24,262 INFO c.h.h.t.HelmChartContainer - [hivemq-test-hivemq-platform] [hivemq-platform-operator] [e7767014] 18:33:24.259 [pool-6-thread-4] DEBUG c.h.p.o.d.PodServiceAccountResource - [helmlega] Desired PodServiceAccountResource (serviceAccountName: hivemq-platform-pod-test-hivemq-legacy-platform)
2025-01-30 18:33:24,262 INFO c.h.h.t.HelmChartContainer - [hivemq-test-hivemq-platform] [hivemq-platform-operator] [e7767014] 18:33:24.259 [pool-6-thread-5] DEBUG c.h.p.o.dependants.PodInfoConfigMap - [helmlega] Desired PodInfo ConfigMap (extension state hash: 259316804)
2025-01-30 18:33:24,272 INFO c.h.h.t.HelmChartContainer - [hivemq-test-hivemq-platform] [hivemq-platform-operator] [e7767014] 18:33:24.269 [pool-6-thread-2] DEBUG c.h.p.o.d.StatefulSetResource - [helmlega] Desired StatefulSet (1 replicas) for status RUNNING (READY)
2025-01-30 18:33:24,275 INFO c.h.h.t.HelmChartContainer - [hivemq-test-hivemq-platform] [hivemq-platform-operator] [e7767014] 18:33:24.274 [ReconcilerExecutor-hivemq-controller-151] INFO  c.h.p.o.HiveMQPlatformReconciler - [helmlega] Reconciling HiveMQ Platform 'test-hivemq-legacy-platform' in namespace 'helmlegacystatefulsetmigrationit-operator'
2025-01-30 18:33:24,276 INFO c.h.h.t.HelmChartContainer - [hivemq-test-hivemq-platform] [hivemq-platform-operator] [e7767014] 18:33:24.274 [ReconcilerExecutor-hivemq-controller-151] DEBUG c.h.p.o.HiveMQPlatformReconciler - [helmlega] Custom Resource Status RUNNING - HiveMQ Platform is ready (READY)
2025-01-30 18:33:24,277 INFO c.h.h.t.HelmChartContainer - [hivemq-test-hivemq-platform] [hivemq-platform-operator] [e7767014] 18:33:24.274 [ReconcilerExecutor-hivemq-controller-151] DEBUG c.h.p.o.HiveMQPlatformReconciler - [helmlega] Custom Resource Spec (replicas: 1) (extensions: 2)
2025-01-30 18:33:24,277 INFO c.h.h.t.HelmChartContainer - [hivemq-test-hivemq-platform] [hivemq-platform-operator] [e7767014] 18:33:24.276 [ReconcilerExecutor-hivemq-controller-151] DEBUG c.h.p.o.HiveMQPlatformReconciler - [helmlega] StatefulSet Status (revision: test-hivemq-legacy-platform-65df8dcb7f, replicas: 2, available: 1, ready: 1, current: 1, updated: 1)
2025-01-30 18:33:24,277 INFO c.h.h.t.HelmChartContainer - [hivemq-test-hivemq-platform] [hivemq-platform-operator] [e7767014] 18:33:24.276 [ReconcilerExecutor-hivemq-controller-151] DEBUG c.h.p.o.HiveMQPlatformReconciler - [helmlega] StatefulSet Spec (replicas: 1, init containers: 1, containers: 1, volumes: 6)
2025-01-30 18:33:24,283 INFO c.h.h.t.HelmChartContainer - [hivemq-test-hivemq-platform] [hivemq-platform-operator] [e7767014] 18:33:24.277 [ReconcilerExecutor-hivemq-controller-151] DEBUG c.h.p.o.h.HiveMQPlatformReconcilerErrorHandler - [helmlega] Pod 'test-hivemq-legacy-platform-0' phase Running
2025-01-30 18:33:24,287 INFO c.h.h.t.HelmChartContainer - [hivemq-test-hivemq-platform] [hivemq-platform-operator] [e7767014] 18:33:24.282 [pool-6-thread-13] DEBUG c.h.p.o.d.PlatformServiceResource - [helmlega] Desired Platform services (4 services)
2025-01-30 18:33:24,329 INFO c.h.h.t.HelmChartContainer - [hivemq-test-hivemq-platform] [hivemq-platform-operator] [e7767014] 18:33:24.323 [pool-6-thread-18] DEBUG c.h.p.o.dependants.PodInfoConfigMap - [helmlega] Desired PodInfo ConfigMap (2 extensions) (1 enabled)
2025-01-30 18:33:24,329 INFO c.h.h.t.HelmChartContainer - [hivemq-test-hivemq-platform] [hivemq-platform-operator] [e7767014] 18:33:24.323 [pool-6-thread-18] DEBUG c.h.p.o.dependants.PodInfoConfigMap - [helmlega] Desired PodInfo ConfigMap (metrics port: 9399) (metrics path: /)
2025-01-30 18:33:24,329 INFO c.h.h.t.HelmChartContainer - [hivemq-test-hivemq-platform] [hivemq-platform-operator] [e7767014] 18:33:24.323 [pool-6-thread-18] DEBUG c.h.p.o.dependants.PodInfoConfigMap - [helmlega] Desired PodInfo ConfigMap (extension state hash: 259316804)
2025-01-30 18:33:24,329 INFO c.h.h.t.HelmChartContainer - [hivemq-test-hivemq-platform] [hivemq-platform-operator] [e7767014] 18:33:24.324 [pool-6-thread-20] DEBUG c.h.p.o.d.PodServiceAccountResource - [helmlega] Desired PodServiceAccountResource (serviceAccountName: hivemq-platform-pod-test-hivemq-legacy-platform)
2025-01-30 18:33:24,338 INFO c.h.h.t.HelmChartContainer - [hivemq-test-hivemq-platform] [hivemq-platform-operator] [e7767014] 18:33:24.333 [pool-6-thread-13] DEBUG c.h.p.o.d.StatefulSetResource - [helmlega] Desired StatefulSet (1 replicas) for status RUNNING (READY)
2025-01-30 18:33:24,339 INFO c.h.h.t.HelmChartContainer - [hivemq-test-hivemq-platform] [hivemq-platform-operator] [e7767014] 18:33:24.337 [ReconcilerExecutor-hivemq-controller-152] INFO  c.h.p.o.HiveMQPlatformReconciler - [helmlega] Reconciling HiveMQ Platform 'test-hivemq-legacy-platform' in namespace 'helmlegacystatefulsetmigrationit-operator'
2025-01-30 18:33:24,339 INFO c.h.h.t.HelmChartContainer - [hivemq-test-hivemq-platform] [hivemq-platform-operator] [e7767014] 18:33:24.338 [ReconcilerExecutor-hivemq-controller-152] DEBUG c.h.p.o.HiveMQPlatformReconciler - [helmlega] Custom Resource Status RUNNING - HiveMQ Platform is ready (READY)
2025-01-30 18:33:24,340 INFO c.h.h.t.HelmChartContainer - [hivemq-test-hivemq-platform] [hivemq-platform-operator] [e7767014] 18:33:24.338 [ReconcilerExecutor-hivemq-controller-152] DEBUG c.h.p.o.HiveMQPlatformReconciler - [helmlega] Custom Resource Spec (replicas: 1) (extensions: 2)
2025-01-30 18:33:24,368 INFO c.h.h.t.HelmChartContainer - [hivemq-test-hivemq-platform] [hivemq-platform-operator] [e7767014] 18:33:24.365 [ReconcilerExecutor-hivemq-controller-152] DEBUG c.h.p.o.HiveMQPlatformReconciler - [helmlega] StatefulSet Status (revision: test-hivemq-legacy-platform-65df8dcb7f, replicas: 1, available: 1, ready: 1, current: 1, updated: 1)
2025-01-30 18:33:24,368 INFO c.h.h.t.HelmChartContainer - [hivemq-test-hivemq-platform] [hivemq-platform-operator] [e7767014] 18:33:24.367 [ReconcilerExecutor-hivemq-controller-152] DEBUG c.h.p.o.HiveMQPlatformReconciler - [helmlega] StatefulSet Spec (replicas: 1, init containers: 1, containers: 1, volumes: 6)
2025-01-30 18:33:24,369 INFO c.h.h.t.HelmChartContainer - [hivemq-test-hivemq-platform] [hivemq-platform-operator] [e7767014] 18:33:24.368 [ReconcilerExecutor-hivemq-controller-152] DEBUG c.h.p.o.h.HiveMQPlatformReconcilerErrorHandler - [helmlega] Pod 'test-hivemq-legacy-platform-0' phase Running
2025-01-30 18:33:25,410 INFO c.h.h.t.HelmChartContainer - [K3S] [kubelet_volumes.go:163] "Cleaned up orphaned pod volumes dir" podUID="b2e5a097-19fb-461e-97a0-f47e91a22e55" path="/var/lib/kubelet/pods/b2e5a097-19fb-461e-97a0-f47e91a22e55/volumes"
2025-01-30 18:33:25,746 INFO c.h.h.t.HelmChartContainer - [K3S] [INFO] COMPACT compactRev=0 targetCompactRev=2 currentRev=1027
2025-01-30 18:33:25,746 INFO c.h.h.t.HelmChartContainer - [K3S] [INFO] COMPACT deleted 0 rows from 2 revisions in 472.258µs - compacted to 2/1027
2025-01-30 18:33:25,746 INFO c.h.h.t.HelmChartContainer - [K3S] [INFO] COMPACT compacted from 0 to 2 in 1 transactions over 1ms
2025-01-30 18:33:26,523 INFO c.h.h.util.ControlCenterUtil - Login attempt 1 was successful
2025-01-30 18:33:26,523 INFO com.hivemq.helmcharts.util.MqttUtil - Asserting retained messages on 30 topics...
2025-01-30 18:33:28,507 INFO com.hivemq.helmcharts.util.MqttUtil - Asserted retained messages (1983 ms)
2025-01-30 18:33:28,507 INFO c.hivemq.helmcharts.util.RestAPIUtil - Checking authorization for REST API on hivemq-test-hivemq-legacy-platform-api:8888 (username: user) (password: password) (endpoint path: /api/v1/mqtt/clients)
2025-01-30 18:33:28,654 INFO c.h.helmcharts.util.MonitoringUtil - Asserting Prometheus subscribes metrics...
2025-01-30 18:33:29,268 INFO c.h.helmcharts.util.MonitoringUtil - Asserted subscribes metrics (614 ms)
2025-01-30 18:33:29,270 INFO c.h.h.t.HelmChartContainer - Uninstalling release 'test-hivemq-legacy-platform' in namespace 'helmlegacystatefulsetmigrationit-operator'...
2025-01-30 18:33:29,271 DEBUG c.h.h.t.HelmChartContainer - Executing helm command: /bin/helm --kubeconfig /etc/rancher/k3s/k3s.yaml uninstall test-hivemq-legacy-platform  --wait --timeout 5m0s --cascade foreground --namespace helmlegacystatefulsetmigrationit-operator
2025-01-30 18:33:29,400 INFO c.h.h.t.HelmChartContainer - [K3S] [info.go:53] Couldn't collect info from any of the files in "/etc/machine-id,/var/lib/dbus/machine-id"
2025-01-30 18:33:29,458 INFO c.h.h.t.HelmChartContainer - [hivemq-test-hivemq-platform] [hivemq-platform-operator] [e7767014] 18:33:29.455 [pool-6-thread-25] DEBUG c.h.p.o.d.PlatformServiceResource - [helmlega] Desired Platform services (4 services)
2025-01-30 18:33:29,458 INFO c.h.h.t.HelmChartContainer - [hivemq-test-hivemq-platform] [hivemq-platform-operator] [e7767014] 18:33:29.457 [pool-6-thread-27] DEBUG c.h.p.o.dependants.PodInfoConfigMap - [helmlega] Desired PodInfo ConfigMap (2 extensions) (1 enabled)
2025-01-30 18:33:29,458 INFO c.h.h.t.HelmChartContainer - [hivemq-test-hivemq-platform] [hivemq-platform-operator] [e7767014] 18:33:29.457 [pool-6-thread-27] DEBUG c.h.p.o.dependants.PodInfoConfigMap - [helmlega] Desired PodInfo ConfigMap (metrics port: 9399) (metrics path: /)
2025-01-30 18:33:29,458 INFO c.h.h.t.HelmChartContainer - [hivemq-test-hivemq-platform] [hivemq-platform-operator] [e7767014] 18:33:29.457 [pool-6-thread-27] DEBUG c.h.p.o.dependants.PodInfoConfigMap - [helmlega] Desired PodInfo ConfigMap (extension state hash: 259316804)
2025-01-30 18:33:29,458 INFO c.h.h.t.HelmChartContainer - [hivemq-test-hivemq-platform] [hivemq-platform-operator] [e7767014] 18:33:29.457 [pool-6-thread-21] DEBUG c.h.p.o.d.PodServiceAccountResource - [helmlega] Desired PodServiceAccountResource (serviceAccountName: hivemq-platform-pod-test-hivemq-legacy-platform)
2025-01-30 18:33:29,467 INFO c.h.h.t.HelmChartContainer - [hivemq-test-hivemq-platform] [hivemq-platform-operator] [e7767014] 18:33:29.464 [pool-6-thread-24] DEBUG c.h.p.o.d.StatefulSetResource - [helmlega] Desired StatefulSet (1 replicas) for status RUNNING (READY)
2025-01-30 18:33:29,472 INFO c.h.h.t.HelmChartContainer - [hivemq-test-hivemq-platform] [hivemq-platform-operator] [e7767014] 18:33:29.469 [ReconcilerExecutor-hivemq-controller-153] INFO  c.h.p.o.HiveMQPlatformReconciler - [helmlega] Reconciling HiveMQ Platform 'test-hivemq-legacy-platform' in namespace 'helmlegacystatefulsetmigrationit-operator'
2025-01-30 18:33:29,472 INFO c.h.h.t.HelmChartContainer - [hivemq-test-hivemq-platform] [hivemq-platform-operator] [e7767014] 18:33:29.469 [ReconcilerExecutor-hivemq-controller-153] DEBUG c.h.p.o.HiveMQPlatformReconciler - [helmlega] Custom Resource Status RUNNING - HiveMQ Platform is ready (READY)
2025-01-30 18:33:29,472 INFO c.h.h.t.HelmChartContainer - [hivemq-test-hivemq-platform] [hivemq-platform-operator] [e7767014] 18:33:29.469 [ReconcilerExecutor-hivemq-controller-153] DEBUG c.h.p.o.HiveMQPlatformReconciler - [helmlega] Custom Resource Spec (replicas: 1) (extensions: 2)
2025-01-30 18:33:29,475 INFO c.h.h.t.HelmChartContainer - [hivemq-test-hivemq-platform] [hivemq-platform-operator] [e7767014] 18:33:29.472 [ReconcilerExecutor-hivemq-controller-153] DEBUG c.h.p.o.HiveMQPlatformReconciler - [helmlega] StatefulSet Status (revision: test-hivemq-legacy-platform-65df8dcb7f, replicas: 1, available: 1, ready: 1, current: 1, updated: 1)
2025-01-30 18:33:29,481 INFO c.h.h.t.HelmChartContainer - [hivemq-test-hivemq-platform] [hivemq-platform-operator] [e7767014] 18:33:29.472 [ReconcilerExecutor-hivemq-controller-153] DEBUG c.h.p.o.HiveMQPlatformReconciler - [helmlega] StatefulSet Spec (replicas: 1, init containers: 1, containers: 1, volumes: 6)
2025-01-30 18:33:29,481 INFO c.h.h.t.HelmChartContainer - [hivemq-test-hivemq-platform] [hivemq-platform-operator] [e7767014] 18:33:29.474 [ReconcilerExecutor-hivemq-controller-153] DEBUG c.h.p.o.h.HiveMQPlatformReconcilerErrorHandler - [helmlega] Pod 'test-hivemq-legacy-platform-0' phase Running
2025-01-30 18:33:29,532 INFO c.h.h.t.HelmChartContainer - [hivemq-test-hivemq-platform] [hivemq-platform-operator] [e7767014] 18:33:29.528 [ReconcilerExecutor-hivemq-controller-154] INFO  c.h.p.o.HiveMQPlatformReconciler - [helmlega] Cleanup test-hivemq-legacy-platform - helmlegacystatefulsetmigrationit-operator HiveMQ Platform is shut down
2025-01-30 18:33:30,372 INFO c.h.h.t.HelmChartContainer - [POD] test-hivemq-legacy-platform-0 [32dcad8e-5ea8-4837-b537-fae067da5789] in helmlegacystatefulsetmigrationit-operator was MODIFIED
2025-01-30 18:33:30,376 INFO c.h.h.t.HelmChartContainer - [EVENT] Normal [Killing] Stopping container hivemq [helmlegacystatefulsetmigrationit-operator:test-hivemq-legacy-platform-0]
2025-01-30 18:33:30,376 INFO c.h.h.t.HelmChartContainer - Received Killing event for container hivemq in pod test-hivemq-legacy-platform-0 [32dcad8e-5ea8-4837-b537-fae067da5789]
2025-01-30 18:33:30,376 INFO c.h.h.t.HelmChartContainer - Container [test-hivemq-legacy-platform-0] [hivemq] [32dcad8e-5ea8-4837-b537-fae067da5789] was terminated
2025-01-30 18:33:30,376 INFO c.h.h.t.HelmChartContainer - Stopped log watcher for hivemq in pod test-hivemq-legacy-platform-0 [32dcad8e-5ea8-4837-b537-fae067da5789]
2025-01-30 18:33:30,377 INFO c.h.h.t.HelmChartContainer - [test-hivemq-legacy-platform] [hivemq] [32dcad8e] INFO  - [HiveMQ Platform Operator Init App 1.7.0-SNAPSHOT] Shutting down
2025-01-30 18:33:30,377 INFO c.h.h.t.HelmChartContainer - [test-hivemq-legacy-platform] [hivemq] [32dcad8e] INFO  - [HiveMQ Platform Operator Init App 1.7.0-SNAPSHOT] Stopping the HiveMQ Platform
2025-01-30 18:33:30,561 INFO c.h.h.t.HelmChartContainer - [test-hivemq-legacy-platform] [hivemq] [32dcad8e] INFO  - Shutting down HiveMQ. Please wait, this could take a while...
2025-01-30 18:33:30,569 INFO c.h.h.t.HelmChartContainer - [test-hivemq-legacy-platform] [hivemq] [32dcad8e] INFO  - Shutting down listeners and clients
2025-01-30 18:33:30,569 INFO c.h.h.t.HelmChartContainer - [test-hivemq-legacy-platform] [hivemq] [32dcad8e] INFO  - Shutdown of listeners is done
2025-01-30 18:33:30,570 INFO c.h.h.t.HelmChartContainer - [test-hivemq-legacy-platform] [hivemq] [32dcad8e] INFO  - No clients are connected, proceeding with shutdown
2025-01-30 18:33:31,512 INFO c.h.h.t.HelmChartContainer - Release 'test-hivemq-legacy-platform' in namespace 'helmlegacystatefulsetmigrationit-operator' is uninstalled
2025-01-30 18:33:31,513 INFO c.h.h.t.HelmChartContainer - Uninstalling release 'test-hivemq-platform-operator' in namespace 'helmlegacystatefulsetmigrationit-operator'...
2025-01-30 18:33:31,513 DEBUG c.h.h.t.HelmChartContainer - Executing helm command: /bin/helm --kubeconfig /etc/rancher/k3s/k3s.yaml uninstall test-hivemq-platform-operator  --wait --timeout 5m0s --cascade foreground --namespace helmlegacystatefulsetmigrationit-operator
2025-01-30 18:33:31,683 INFO c.h.h.t.HelmChartContainer - [K3S] [replica_set.go:679] "Finished syncing" kind="ReplicaSet" key="helmlegacystatefulsetmigrationit-operator/hivemq-test-hivemq-platform-operator-6966f96d65" duration="10.484025ms"
2025-01-30 18:33:31,684 INFO c.h.h.t.HelmChartContainer - [K3S] [replica_set.go:679] "Finished syncing" kind="ReplicaSet" key="helmlegacystatefulsetmigrationit-operator/hivemq-test-hivemq-platform-operator-6966f96d65" duration="49.632µs"
2025-01-30 18:33:31,817 INFO c.h.h.t.HelmChartContainer - [POD] hivemq-test-hivemq-platform-operator-6966f96d65-bwk9h [e7767014-e123-4ed4-b56a-eb75bf2dc19c] in helmlegacystatefulsetmigrationit-operator was MODIFIED
2025-01-30 18:33:31,823 INFO c.h.h.t.HelmChartContainer - [EVENT] Normal [Killing] Stopping container hivemq-platform-operator [helmlegacystatefulsetmigrationit-operator:hivemq-test-hivemq-platform-operator-6966f96d65-bwk9h]
2025-01-30 18:33:31,823 INFO c.h.h.t.HelmChartContainer - Received Killing event for container hivemq-platform-operator in pod hivemq-test-hivemq-platform-operator-6966f96d65-bwk9h [e7767014-e123-4ed4-b56a-eb75bf2dc19c]
2025-01-30 18:33:31,823 INFO c.h.h.t.HelmChartContainer - Container [hivemq-test-hivemq-platform-operator-6966f96d65-bwk9h] [hivemq-platform-operator] [e7767014-e123-4ed4-b56a-eb75bf2dc19c] was terminated
2025-01-30 18:33:31,823 INFO c.h.h.t.HelmChartContainer - Stopped log watcher for hivemq-platform-operator in pod hivemq-test-hivemq-platform-operator-6966f96d65-bwk9h [e7767014-e123-4ed4-b56a-eb75bf2dc19c]
2025-01-30 18:33:31,825 INFO c.h.h.t.HelmChartContainer - [K3S] [replica_set.go:679] "Finished syncing" kind="ReplicaSet" key="helmlegacystatefulsetmigrationit-operator/hivemq-test-hivemq-platform-operator-6966f96d65" duration="9.044926ms"
2025-01-30 18:33:31,825 INFO c.h.h.t.HelmChartContainer - [hivemq-test-hivemq-platform] [hivemq-platform-operator] [e7767014] 18:33:31.824 [application-shutdown-thread] INFO  c.h.p.o.HiveMQPlatformOperatorApplication - HiveMQ Platform Operator is stopping...
2025-01-30 18:33:31,826 INFO c.h.h.t.HelmChartContainer - [K3S] [replica_set.go:679] "Finished syncing" kind="ReplicaSet" key="helmlegacystatefulsetmigrationit-operator/hivemq-test-hivemq-platform-operator-6966f96d65" duration="54.431µs"
2025-01-30 18:33:31,826 INFO c.h.h.t.HelmChartContainer - [hivemq-test-hivemq-platform] [hivemq-platform-operator] [e7767014] 18:33:31.824 [application-shutdown-thread] INFO  i.javaoperatorsdk.operator.Operator - Operator SDK 4.9.7 is shutting down...
2025-01-30 18:33:32,373 INFO c.h.h.t.HelmChartContainer - [K3S] [replica_set.go:679] "Finished syncing" kind="ReplicaSet" key="helmlegacystatefulsetmigrationit-operator/hivemq-test-hivemq-platform-operator-6966f96d65" duration="40.476µs"
2025-01-30 18:33:32,374 INFO c.h.h.t.HelmChartContainer - [POD] hivemq-test-hivemq-platform-operator-6966f96d65-bwk9h [e7767014-e123-4ed4-b56a-eb75bf2dc19c] in helmlegacystatefulsetmigrationit-operator was MODIFIED
2025-01-30 18:33:32,489 INFO c.h.h.t.HelmChartContainer - [K3S] [reconciler_common.go:162] "operationExecutor.UnmountVolume started for volume \"kube-api-access-hscm5\" (UniqueName: \"kubernetes.io/projected/e7767014-e123-4ed4-b56a-eb75bf2dc19c-kube-api-access-hscm5\") pod \"e7767014-e123-4ed4-b56a-eb75bf2dc19c\" (UID: \"e7767014-e123-4ed4-b56a-eb75bf2dc19c\") "
2025-01-30 18:33:32,590 INFO c.h.h.t.HelmChartContainer - [K3S] [reconciler_common.go:299] "Volume detached for volume \"kube-api-access-hscm5\" (UniqueName: \"kubernetes.io/projected/e7767014-e123-4ed4-b56a-eb75bf2dc19c-kube-api-access-hscm5\") on node \"b99e65a4204c\" DevicePath \"\""
2025-01-30 18:33:32,934 INFO c.h.h.t.HelmChartContainer - [K3S] [scope.go:117] "RemoveContainer" containerID="aa842f733c0020b68cd4d87fccdb40f5a7b9251991d6039bb01c5891700c01df"
2025-01-30 18:33:32,941 INFO c.h.h.t.HelmChartContainer - [K3S] [scope.go:117] "RemoveContainer" containerID="aa842f733c0020b68cd4d87fccdb40f5a7b9251991d6039bb01c5891700c01df"
2025-01-30 18:33:32,945 INFO c.h.h.t.HelmChartContainer - [K3S] [replica_set.go:679] "Finished syncing" kind="ReplicaSet" key="helmlegacystatefulsetmigrationit-operator/hivemq-test-hivemq-platform-operator-6966f96d65" duration="52.077µs"
2025-01-30 18:33:32,946 INFO c.h.h.t.HelmChartContainer - [POD] hivemq-test-hivemq-platform-operator-6966f96d65-bwk9h [e7767014-e123-4ed4-b56a-eb75bf2dc19c] in helmlegacystatefulsetmigrationit-operator was MODIFIED
2025-01-30 18:33:32,948 INFO c.h.h.t.HelmChartContainer - [POD] hivemq-test-hivemq-platform-operator-6966f96d65-bwk9h [e7767014-e123-4ed4-b56a-eb75bf2dc19c] in helmlegacystatefulsetmigrationit-operator was DELETED
2025-01-30 18:33:32,948 INFO c.h.h.t.HelmChartContainer - [K3S] [replica_set.go:679] "Finished syncing" kind="ReplicaSet" key="helmlegacystatefulsetmigrationit-operator/hivemq-test-hivemq-platform-operator-6966f96d65" duration="61.234µs"
2025-01-30 18:33:32,959 INFO c.h.h.t.HelmChartContainer - [K3S] [replica_set.go:679] "Finished syncing" kind="ReplicaSet" key="helmlegacystatefulsetmigrationit-operator/hivemq-test-hivemq-platform-operator-6966f96d65" duration="6.261µs"
2025-01-30 18:33:33,410 INFO c.h.h.t.HelmChartContainer - [K3S] [kubelet_volumes.go:163] "Cleaned up orphaned pod volumes dir" podUID="e7767014-e123-4ed4-b56a-eb75bf2dc19c" path="/var/lib/kubelet/pods/e7767014-e123-4ed4-b56a-eb75bf2dc19c/volumes"
2025-01-30 18:33:33,461 INFO c.h.h.t.HelmChartContainer - [test-hivemq-legacy-platform] [hivemq] [32dcad8e] INFO  - [HiveMQ Platform Operator Init App 1.7.0-SNAPSHOT] Returning shutdown Health API response 503 for readiness
2025-01-30 18:33:33,465 INFO c.h.h.t.HelmChartContainer - [EVENT] Warning [Unhealthy] Readiness probe failed: HTTP probe failed with statuscode: 503 [helmlegacystatefulsetmigrationit-operator:test-hivemq-legacy-platform-0]
2025-01-30 18:33:33,465 INFO c.h.h.t.HelmChartContainer - Received Unhealthy event for container hivemq in pod test-hivemq-legacy-platform-0 [32dcad8e-5ea8-4837-b537-fae067da5789]
2025-01-30 18:33:33,725 INFO c.h.h.t.HelmChartContainer - Deleting namespace 'helmlegacystatefulsetmigrationit-operator'...
2025-01-30 18:33:33,858 INFO c.h.h.t.HelmChartContainer - [test-hivemq-legacy-platform] [hivemq] [32dcad8e] INFO  - Shutting down extension system
2025-01-30 18:33:33,865 INFO c.h.h.t.HelmChartContainer - [test-hivemq-legacy-platform] [hivemq] [32dcad8e] INFO  - Stopping extension with id hivemq-dns-cluster-discovery
2025-01-30 18:33:33,865 INFO c.h.h.t.HelmChartContainer - [test-hivemq-legacy-platform] [hivemq] [32dcad8e] INFO  - Extension "DNS Cluster Discovery Extension" version 4.3.2 stopped successfully.
2025-01-30 18:33:33,866 INFO c.h.h.t.HelmChartContainer - [test-hivemq-legacy-platform] [hivemq] [32dcad8e] INFO  - Stopping extension with id hivemq-prometheus-extension
2025-01-30 18:33:33,869 INFO c.h.h.t.HelmChartContainer - [test-hivemq-legacy-platform] [hivemq] [32dcad8e] INFO  - Extension "Prometheus Monitoring Extension" version 4.0.12 stopped successfully.
2025-01-30 18:33:33,870 INFO c.h.h.t.HelmChartContainer - [test-hivemq-legacy-platform] [hivemq] [32dcad8e] INFO  - Stopping extension with id hivemq-enterprise-security-extension
2025-01-30 18:33:33,870 INFO c.h.h.t.HelmChartContainer - [test-hivemq-legacy-platform] [hivemq] [32dcad8e] INFO  - HiveMQ Enterprise Security Extension: Shutting down HiveMQ Enterprise Security Extension.
2025-01-30 18:33:34,271 INFO c.h.h.t.HelmChartContainer - [test-hivemq-legacy-platform] [hivemq] [32dcad8e] WARN  - [HiveMQ Platform Operator Init App 1.7.0-SNAPSHOT] Could not update Pod annotations: Failure executing: GET at: https://10.43.0.1:443/api/v1/namespaces/helmlegacystatefulsetmigrationit-operator/pods/test-hivemq-legacy-platform-0. Message: pods "test-hivemq-legacy-platform-0" is forbidden: User "system:serviceaccount:helmlegacystatefulsetmigrationit-operator:hivemq-platform-pod-test-hivemq-legacy-platform" cannot get resource "pods" in API group "" in the namespace "helmlegacystatefulsetmigrationit-operator". Received status: Status(apiVersion=v1, code=403, details=StatusDetails(causes=[], group=null, kind=pods, name=test-hivemq-legacy-platform-0, retryAfterSeconds=null, uid=null, additionalProperties={}), kind=Status, message=pods "test-hivemq-legacy-platform-0" is forbidden: User "system:serviceaccount:helmlegacystatefulsetmigrationit-operator:hivemq-platform-pod-test-hivemq-legacy-platform" cannot get resource "pods" in API group "" in the namespace "helmlegacystatefulsetmigrationit-operator", metadata=ListMeta(_continue=null, remainingItemCount=null, resourceVersion=null, selfLink=null, additionalProperties={}), reason=Forbidden, status=Failure, additionalProperties={}).
2025-01-30 18:33:36,872 INFO c.h.h.t.HelmChartContainer - [test-hivemq-legacy-platform] [hivemq] [32dcad8e] INFO  - HiveMQ Enterprise Security Extension: Stopped HiveMQ Enterprise Security Extension successfully in 3002ms.
2025-01-30 18:33:36,872 INFO c.h.h.t.HelmChartContainer - [test-hivemq-legacy-platform] [hivemq] [32dcad8e] INFO  - Extension "HiveMQ Enterprise Security Extension" version 4.36.0 stopped successfully.
2025-01-30 18:33:38,465 INFO c.h.h.t.HelmChartContainer - [EVENT] Warning [Unhealthy] Readiness probe failed: HTTP probe failed with statuscode: 503 [helmlegacystatefulsetmigrationit-operator:test-hivemq-legacy-platform-0]
2025-01-30 18:33:38,465 INFO c.h.h.t.HelmChartContainer - Received Unhealthy event for container hivemq in pod test-hivemq-legacy-platform-0 [32dcad8e-5ea8-4837-b537-fae067da5789]
2025-01-30 18:33:38,755 INFO c.h.h.t.HelmChartContainer - [POD] test-hivemq-legacy-platform-hivemq-operator-operator-56c5b7k6ch [11210e4b-9f5f-44e7-8877-43ff20a62a22] in helmlegacystatefulsetmigrationit-operator was MODIFIED
2025-01-30 18:33:38,763 INFO c.h.h.t.HelmChartContainer - [K3S] [replica_set.go:679] "Finished syncing" kind="ReplicaSet" key="helmlegacystatefulsetmigrationit-operator/test-hivemq-legacy-platform-hivemq-operator-operator-56c5b9f7b7" duration="10.071792ms"
2025-01-30 18:33:38,764 INFO c.h.h.t.HelmChartContainer - [K3S] [replica_set.go:679] "Finished syncing" kind="ReplicaSet" key="helmlegacystatefulsetmigrationit-operator/test-hivemq-legacy-platform-hivemq-operator-operator-56c5b9f7b7" duration="36.788µs"
2025-01-30 18:33:38,766 INFO c.h.h.t.HelmChartContainer - [test-hivemq-legacy-platform] [operator] [11210e4b] ?[36m18:33:38.764?[0;39m ?[1;30m[Thread-0]?[0;39m ?[34mINFO ?[0;39m ?[35mio.micronaut.runtime.Micronaut?[0;39m - Embedded Application shutting down
2025-01-30 18:33:39,041 INFO c.h.h.t.HelmChartContainer - [K3S] [replica_set.go:679] "Finished syncing" kind="ReplicaSet" key="helmlegacystatefulsetmigrationit-operator/test-hivemq-legacy-platform-hivemq-operator-operator-56c5b9f7b7" duration="5.84µs"
2025-01-30 18:33:39,047 INFO c.h.h.t.HelmChartContainer - [K3S] [stateful_set.go:466] "StatefulSet has been deleted" key="helmlegacystatefulsetmigrationit-operator/test-hivemq-legacy-platform"
2025-01-30 18:33:39,129 INFO c.h.h.t.HelmChartContainer - [POD] helper-pod-delete-pvc-bce05030-cdda-4097-887e-3f9317c86257 [b51f8dcc-03a5-420d-a59e-dd4345a3ddae] in kube-system was ADDED
2025-01-30 18:33:39,129 INFO c.h.h.t.HelmChartContainer - [K3S] [memory_manager.go:355] "RemoveStaleState removing state" podUID="e7767014-e123-4ed4-b56a-eb75bf2dc19c" containerName="hivemq-platform-operator"
2025-01-30 18:33:39,129 INFO c.h.h.t.HelmChartContainer - [K3S] [memory_manager.go:355] "RemoveStaleState removing state" podUID="b2e5a097-19fb-461e-97a0-f47e91a22e55" containerName="hivemq"
2025-01-30 18:33:39,137 INFO c.h.h.t.HelmChartContainer - [POD] helper-pod-delete-pvc-bce05030-cdda-4097-887e-3f9317c86257 [b51f8dcc-03a5-420d-a59e-dd4345a3ddae] in kube-system was MODIFIED
2025-01-30 18:33:39,223 INFO c.h.h.t.HelmChartContainer - [K3S] [reconciler_common.go:251] "operationExecutor.VerifyControllerAttachedVolume started for volume \"kube-api-access-dt2m5\" (UniqueName: \"kubernetes.io/projected/b51f8dcc-03a5-420d-a59e-dd4345a3ddae-kube-api-access-dt2m5\") pod \"helper-pod-delete-pvc-bce05030-cdda-4097-887e-3f9317c86257\" (UID: \"b51f8dcc-03a5-420d-a59e-dd4345a3ddae\") " pod="kube-system/helper-pod-delete-pvc-bce05030-cdda-4097-887e-3f9317c86257"
2025-01-30 18:33:39,223 INFO c.h.h.t.HelmChartContainer - [K3S] [reconciler_common.go:251] "operationExecutor.VerifyControllerAttachedVolume started for volume \"data\" (UniqueName: \"kubernetes.io/host-path/b51f8dcc-03a5-420d-a59e-dd4345a3ddae-data\") pod \"helper-pod-delete-pvc-bce05030-cdda-4097-887e-3f9317c86257\" (UID: \"b51f8dcc-03a5-420d-a59e-dd4345a3ddae\") " pod="kube-system/helper-pod-delete-pvc-bce05030-cdda-4097-887e-3f9317c86257"
2025-01-30 18:33:39,223 INFO c.h.h.t.HelmChartContainer - [K3S] [reconciler_common.go:251] "operationExecutor.VerifyControllerAttachedVolume started for volume \"script\" (UniqueName: \"kubernetes.io/configmap/b51f8dcc-03a5-420d-a59e-dd4345a3ddae-script\") pod \"helper-pod-delete-pvc-bce05030-cdda-4097-887e-3f9317c86257\" (UID: \"b51f8dcc-03a5-420d-a59e-dd4345a3ddae\") " pod="kube-system/helper-pod-delete-pvc-bce05030-cdda-4097-887e-3f9317c86257"
2025-01-30 18:33:39,230 INFO c.h.h.t.HelmChartContainer - [POD] test-hivemq-legacy-platform-hivemq-operator-operator-56c5b7k6ch [11210e4b-9f5f-44e7-8877-43ff20a62a22] in helmlegacystatefulsetmigrationit-operator was MODIFIED
2025-01-30 18:33:39,274 INFO c.h.h.t.HelmChartContainer - [K3S] [authentication.go:74] "Unable to authenticate the request" err="[invalid bearer token, serviceaccounts \"hivemq-platform-pod-test-hivemq-legacy-platform\" not found]"
2025-01-30 18:33:39,295 INFO c.h.h.t.HelmChartContainer - [K3S] [authentication.go:74] "Unable to authenticate the request" err="[invalid bearer token, serviceaccounts \"hivemq-platform-pod-test-hivemq-legacy-platform\" not found]"
2025-01-30 18:33:39,297 INFO c.h.h.t.HelmChartContainer - [test-hivemq-legacy-platform] [hivemq] [32dcad8e] WARN  - [HiveMQ Platform Operator Init App 1.7.0-SNAPSHOT] Could not update Pod annotations: Failure executing: GET at: https://10.43.0.1:443/api/v1/namespaces/helmlegacystatefulsetmigrationit-operator/pods/test-hivemq-legacy-platform-0. Message: Unauthorized. Received status: Status(apiVersion=v1, code=401, details=null, kind=Status, message=Unauthorized, metadata=ListMeta(_continue=null, remainingItemCount=null, resourceVersion=null, selfLink=null, additionalProperties={}), reason=Unauthorized, status=Failure, additionalProperties={}).
2025-01-30 18:33:39,324 INFO c.h.h.t.HelmChartContainer - [K3S] [reconciler_common.go:162] "operationExecutor.UnmountVolume started for volume \"kube-api-access-4hl2z\" (UniqueName: \"kubernetes.io/projected/11210e4b-9f5f-44e7-8877-43ff20a62a22-kube-api-access-4hl2z\") pod \"11210e4b-9f5f-44e7-8877-43ff20a62a22\" (UID: \"11210e4b-9f5f-44e7-8877-43ff20a62a22\") "
2025-01-30 18:33:39,324 INFO c.h.h.t.HelmChartContainer - [K3S] [reconciler_common.go:162] "operationExecutor.UnmountVolume started for volume \"templates\" (UniqueName: \"kubernetes.io/configmap/11210e4b-9f5f-44e7-8877-43ff20a62a22-templates\") pod \"11210e4b-9f5f-44e7-8877-43ff20a62a22\" (UID: \"11210e4b-9f5f-44e7-8877-43ff20a62a22\") "
2025-01-30 18:33:39,425 INFO c.h.h.t.HelmChartContainer - [K3S] [reconciler_common.go:299] "Volume detached for volume \"kube-api-access-4hl2z\" (UniqueName: \"kubernetes.io/projected/11210e4b-9f5f-44e7-8877-43ff20a62a22-kube-api-access-4hl2z\") on node \"b99e65a4204c\" DevicePath \"\""
2025-01-30 18:33:39,425 INFO c.h.h.t.HelmChartContainer - [K3S] [reconciler_common.go:299] "Volume detached for volume \"templates\" (UniqueName: \"kubernetes.io/configmap/11210e4b-9f5f-44e7-8877-43ff20a62a22-templates\") on node \"b99e65a4204c\" DevicePath \"\""
2025-01-30 18:33:39,759 INFO c.h.h.t.HelmChartContainer - [test-hivemq-legacy-platform] [hivemq] [32dcad8e] INFO  - Shutdown completed.
2025-01-30 18:33:39,770 INFO c.h.h.t.HelmChartContainer - Stopped log watcher for operator in pod test-hivemq-legacy-platform-hivemq-operator-operator-56c5b7k6ch [11210e4b-9f5f-44e7-8877-43ff20a62a22]
2025-01-30 18:33:39,943 INFO c.h.h.t.HelmChartContainer - [K3S] [scope.go:117] "RemoveContainer" containerID="246c27709878da3fc82054edda9f86c971cae1022e7f221e66e625ee970470a4"
2025-01-30 18:33:39,946 INFO c.h.h.t.HelmChartContainer - [K3S] [scope.go:117] "RemoveContainer" containerID="246c27709878da3fc82054edda9f86c971cae1022e7f221e66e625ee970470a4"
2025-01-30 18:33:39,953 INFO c.h.h.t.HelmChartContainer - [POD] helper-pod-delete-pvc-bce05030-cdda-4097-887e-3f9317c86257 [b51f8dcc-03a5-420d-a59e-dd4345a3ddae] in kube-system was MODIFIED
2025-01-30 18:33:39,960 INFO c.h.h.t.HelmChartContainer - [POD] test-hivemq-legacy-platform-hivemq-operator-operator-56c5b7k6ch [11210e4b-9f5f-44e7-8877-43ff20a62a22] in helmlegacystatefulsetmigrationit-operator was MODIFIED
2025-01-30 18:33:39,962 INFO c.h.h.t.HelmChartContainer - [POD] test-hivemq-legacy-platform-hivemq-operator-operator-56c5b7k6ch [11210e4b-9f5f-44e7-8877-43ff20a62a22] in helmlegacystatefulsetmigrationit-operator was DELETED
2025-01-30 18:33:40,150 INFO c.h.h.t.HelmChartContainer - [test-hivemq-legacy-platform] [hivemq] [32dcad8e] INFO  - [HiveMQ Platform Operator Init App 1.7.0-SNAPSHOT] The HiveMQ Platform exited with code 143
2025-01-30 18:33:40,150 INFO c.h.h.t.HelmChartContainer - [test-hivemq-legacy-platform] [hivemq] [32dcad8e] INFO  - [HiveMQ Platform Operator Init App 1.7.0-SNAPSHOT] Stopping the REST API
2025-01-30 18:33:40,157 INFO c.h.h.t.HelmChartContainer - [test-hivemq-legacy-platform] [hivemq] [32dcad8e] INFO  - [HiveMQ Platform Operator Init App 1.7.0-SNAPSHOT] Shutdown complete
2025-01-30 18:33:40,575 INFO c.h.h.t.HelmChartContainer - [POD] test-hivemq-legacy-platform-0 [32dcad8e-5ea8-4837-b537-fae067da5789] in helmlegacystatefulsetmigrationit-operator was MODIFIED
2025-01-30 18:33:40,634 INFO c.h.h.t.HelmChartContainer - [K3S] [reconciler_common.go:162] "operationExecutor.UnmountVolume started for volume \"operator-init\" (UniqueName: \"kubernetes.io/empty-dir/32dcad8e-5ea8-4837-b537-fae067da5789-operator-init\") pod \"32dcad8e-5ea8-4837-b537-fae067da5789\" (UID: \"32dcad8e-5ea8-4837-b537-fae067da5789\") "
2025-01-30 18:33:40,634 INFO c.h.h.t.HelmChartContainer - [K3S] [reconciler_common.go:162] "operationExecutor.UnmountVolume started for volume \"pod-info\" (UniqueName: \"kubernetes.io/configmap/32dcad8e-5ea8-4837-b537-fae067da5789-pod-info\") pod \"32dcad8e-5ea8-4837-b537-fae067da5789\" (UID: \"32dcad8e-5ea8-4837-b537-fae067da5789\") "
2025-01-30 18:33:40,634 INFO c.h.h.t.HelmChartContainer - [K3S] [reconciler_common.go:162] "operationExecutor.UnmountVolume started for volume \"extension-configuration-hivemq-enterprise-security-extension\" (UniqueName: \"kubernetes.io/configmap/32dcad8e-5ea8-4837-b537-fae067da5789-extension-configuration-hivemq-enterprise-security-extension\") pod \"32dcad8e-5ea8-4837-b537-fae067da5789\" (UID: \"32dcad8e-5ea8-4837-b537-fae067da5789\") "
2025-01-30 18:33:40,635 INFO c.h.h.t.HelmChartContainer - [K3S] [reconciler_common.go:162] "operationExecutor.UnmountVolume started for volume \"data\" (UniqueName: \"kubernetes.io/local-volume/pvc-eb2ec216-05df-404c-91de-301d73cbfbbc\") pod \"32dcad8e-5ea8-4837-b537-fae067da5789\" (UID: \"32dcad8e-5ea8-4837-b537-fae067da5789\") "
2025-01-30 18:33:40,635 INFO c.h.h.t.HelmChartContainer - [K3S] [reconciler_common.go:162] "operationExecutor.UnmountVolume started for volume \"ese-file-realm\" (UniqueName: \"kubernetes.io/configmap/32dcad8e-5ea8-4837-b537-fae067da5789-ese-file-realm\") pod \"32dcad8e-5ea8-4837-b537-fae067da5789\" (UID: \"32dcad8e-5ea8-4837-b537-fae067da5789\") "
2025-01-30 18:33:40,636 INFO c.h.h.t.HelmChartContainer - [K3S] [reconciler_common.go:162] "operationExecutor.UnmountVolume started for volume \"kube-api-access-v454m\" (UniqueName: \"kubernetes.io/projected/32dcad8e-5ea8-4837-b537-fae067da5789-kube-api-access-v454m\") pod \"32dcad8e-5ea8-4837-b537-fae067da5789\" (UID: \"32dcad8e-5ea8-4837-b537-fae067da5789\") "
2025-01-30 18:33:40,636 INFO c.h.h.t.HelmChartContainer - [K3S] [reconciler_common.go:162] "operationExecutor.UnmountVolume started for volume \"broker-configuration\" (UniqueName: \"kubernetes.io/configmap/32dcad8e-5ea8-4837-b537-fae067da5789-broker-configuration\") pod \"32dcad8e-5ea8-4837-b537-fae067da5789\" (UID: \"32dcad8e-5ea8-4837-b537-fae067da5789\") "
2025-01-30 18:33:40,735 INFO c.h.h.t.HelmChartContainer - [K3S] [reconciler_common.go:299] "Volume detached for volume \"operator-init\" (UniqueName: \"kubernetes.io/empty-dir/32dcad8e-5ea8-4837-b537-fae067da5789-operator-init\") on node \"b99e65a4204c\" DevicePath \"\""
2025-01-30 18:33:40,735 INFO c.h.h.t.HelmChartContainer - [K3S] [reconciler_common.go:299] "Volume detached for volume \"pod-info\" (UniqueName: \"kubernetes.io/configmap/32dcad8e-5ea8-4837-b537-fae067da5789-pod-info\") on node \"b99e65a4204c\" DevicePath \"\""
2025-01-30 18:33:40,735 INFO c.h.h.t.HelmChartContainer - [K3S] [reconciler_common.go:299] "Volume detached for volume \"extension-configuration-hivemq-enterprise-security-extension\" (UniqueName: \"kubernetes.io/configmap/32dcad8e-5ea8-4837-b537-fae067da5789-extension-configuration-hivemq-enterprise-security-extension\") on node \"b99e65a4204c\" DevicePath \"\""
2025-01-30 18:33:40,735 INFO c.h.h.t.HelmChartContainer - [K3S] [reconciler_common.go:292] "operationExecutor.UnmountDevice started for volume \"pvc-eb2ec216-05df-404c-91de-301d73cbfbbc\" (UniqueName: \"kubernetes.io/local-volume/pvc-eb2ec216-05df-404c-91de-301d73cbfbbc\") on node \"b99e65a4204c\" "
2025-01-30 18:33:40,735 INFO c.h.h.t.HelmChartContainer - [K3S] [reconciler_common.go:299] "Volume detached for volume \"kube-api-access-v454m\" (UniqueName: \"kubernetes.io/projected/32dcad8e-5ea8-4837-b537-fae067da5789-kube-api-access-v454m\") on node \"b99e65a4204c\" DevicePath \"\""
2025-01-30 18:33:40,735 INFO c.h.h.t.HelmChartContainer - [K3S] [reconciler_common.go:299] "Volume detached for volume \"broker-configuration\" (UniqueName: \"kubernetes.io/configmap/32dcad8e-5ea8-4837-b537-fae067da5789-broker-configuration\") on node \"b99e65a4204c\" DevicePath \"\""
2025-01-30 18:33:40,735 INFO c.h.h.t.HelmChartContainer - [K3S] [reconciler_common.go:299] "Volume detached for volume \"ese-file-realm\" (UniqueName: \"kubernetes.io/configmap/32dcad8e-5ea8-4837-b537-fae067da5789-ese-file-realm\") on node \"b99e65a4204c\" DevicePath \"\""
2025-01-30 18:33:40,835 INFO c.h.h.t.HelmChartContainer - [K3S] [reconciler_common.go:299] "Volume detached for volume \"pvc-eb2ec216-05df-404c-91de-301d73cbfbbc\" (UniqueName: \"kubernetes.io/local-volume/pvc-eb2ec216-05df-404c-91de-301d73cbfbbc\") on node \"b99e65a4204c\" DevicePath \"\""
2025-01-30 18:33:40,947 INFO c.h.h.t.HelmChartContainer - [K3S] [scope.go:117] "RemoveContainer" containerID="05f4297b629c53b97cf6d418d5aedb0fa27583f91dd7d010822a46ff7bd29b9f"
2025-01-30 18:33:40,953 INFO c.h.h.t.HelmChartContainer - [K3S] [scope.go:117] "RemoveContainer" containerID="32ac420d449792850b1938933224101fb6b4a2eafc9080f628f481a185347e7e"
2025-01-30 18:33:40,959 INFO c.h.h.t.HelmChartContainer - [K3S] [scope.go:117] "RemoveContainer" containerID="05f4297b629c53b97cf6d418d5aedb0fa27583f91dd7d010822a46ff7bd29b9f"
2025-01-30 18:33:40,960 INFO c.h.h.t.HelmChartContainer - [K3S] [scope.go:117] "RemoveContainer" containerID="32ac420d449792850b1938933224101fb6b4a2eafc9080f628f481a185347e7e"
2025-01-30 18:33:40,969 INFO c.h.h.t.HelmChartContainer - [POD] test-hivemq-legacy-platform-0 [32dcad8e-5ea8-4837-b537-fae067da5789] in helmlegacystatefulsetmigrationit-operator was MODIFIED
2025-01-30 18:33:40,969 INFO c.h.h.t.HelmChartContainer - [POD] test-hivemq-legacy-platform-0 [32dcad8e-5ea8-4837-b537-fae067da5789] in helmlegacystatefulsetmigrationit-operator was DELETED
2025-01-30 18:33:40,986 INFO c.h.h.t.HelmChartContainer - [POD] helper-pod-delete-pvc-eb2ec216-05df-404c-91de-301d73cbfbbc [87bc64b8-5c66-468d-a3d0-be19197a5261] in kube-system was ADDED
2025-01-30 18:33:40,988 INFO c.h.h.t.HelmChartContainer - [K3S] [memory_manager.go:355] "RemoveStaleState removing state" podUID="11210e4b-9f5f-44e7-8877-43ff20a62a22" containerName="operator"
2025-01-30 18:33:40,988 INFO c.h.h.t.HelmChartContainer - [K3S] [memory_manager.go:355] "RemoveStaleState removing state" podUID="32dcad8e-5ea8-4837-b537-fae067da5789" containerName="hivemq"
2025-01-30 18:33:40,997 INFO c.h.h.t.HelmChartContainer - [POD] helper-pod-delete-pvc-eb2ec216-05df-404c-91de-301d73cbfbbc [87bc64b8-5c66-468d-a3d0-be19197a5261] in kube-system was MODIFIED
2025-01-30 18:33:41,053 INFO c.h.h.t.HelmChartContainer - [POD] helper-pod-delete-pvc-bce05030-cdda-4097-887e-3f9317c86257 [b51f8dcc-03a5-420d-a59e-dd4345a3ddae] in kube-system was MODIFIED
2025-01-30 18:33:41,137 INFO c.h.h.t.HelmChartContainer - [K3S] [reconciler_common.go:162] "operationExecutor.UnmountVolume started for volume \"kube-api-access-dt2m5\" (UniqueName: \"kubernetes.io/projected/b51f8dcc-03a5-420d-a59e-dd4345a3ddae-kube-api-access-dt2m5\") pod \"b51f8dcc-03a5-420d-a59e-dd4345a3ddae\" (UID: \"b51f8dcc-03a5-420d-a59e-dd4345a3ddae\") "
2025-01-30 18:33:41,137 INFO c.h.h.t.HelmChartContainer - [K3S] [reconciler_common.go:162] "operationExecutor.UnmountVolume started for volume \"data\" (UniqueName: \"kubernetes.io/host-path/b51f8dcc-03a5-420d-a59e-dd4345a3ddae-data\") pod \"b51f8dcc-03a5-420d-a59e-dd4345a3ddae\" (UID: \"b51f8dcc-03a5-420d-a59e-dd4345a3ddae\") "
2025-01-30 18:33:41,137 INFO c.h.h.t.HelmChartContainer - [K3S] [reconciler_common.go:162] "operationExecutor.UnmountVolume started for volume \"script\" (UniqueName: \"kubernetes.io/configmap/b51f8dcc-03a5-420d-a59e-dd4345a3ddae-script\") pod \"b51f8dcc-03a5-420d-a59e-dd4345a3ddae\" (UID: \"b51f8dcc-03a5-420d-a59e-dd4345a3ddae\") "
2025-01-30 18:33:41,137 INFO c.h.h.t.HelmChartContainer - [K3S] [reconciler_common.go:251] "operationExecutor.VerifyControllerAttachedVolume started for volume \"kube-api-access-kcbdl\" (UniqueName: \"kubernetes.io/projected/87bc64b8-5c66-468d-a3d0-be19197a5261-kube-api-access-kcbdl\") pod \"helper-pod-delete-pvc-eb2ec216-05df-404c-91de-301d73cbfbbc\" (UID: \"87bc64b8-5c66-468d-a3d0-be19197a5261\") " pod="kube-system/helper-pod-delete-pvc-eb2ec216-05df-404c-91de-301d73cbfbbc"
2025-01-30 18:33:41,137 INFO c.h.h.t.HelmChartContainer - [K3S] [reconciler_common.go:251] "operationExecutor.VerifyControllerAttachedVolume started for volume \"script\" (UniqueName: \"kubernetes.io/configmap/87bc64b8-5c66-468d-a3d0-be19197a5261-script\") pod \"helper-pod-delete-pvc-eb2ec216-05df-404c-91de-301d73cbfbbc\" (UID: \"87bc64b8-5c66-468d-a3d0-be19197a5261\") " pod="kube-system/helper-pod-delete-pvc-eb2ec216-05df-404c-91de-301d73cbfbbc"
2025-01-30 18:33:41,138 INFO c.h.h.t.HelmChartContainer - [K3S] [reconciler_common.go:251] "operationExecutor.VerifyControllerAttachedVolume started for volume \"data\" (UniqueName: \"kubernetes.io/host-path/87bc64b8-5c66-468d-a3d0-be19197a5261-data\") pod \"helper-pod-delete-pvc-eb2ec216-05df-404c-91de-301d73cbfbbc\" (UID: \"87bc64b8-5c66-468d-a3d0-be19197a5261\") " pod="kube-system/helper-pod-delete-pvc-eb2ec216-05df-404c-91de-301d73cbfbbc"
2025-01-30 18:33:41,146 INFO c.h.h.t.HelmChartContainer - [POD] helper-pod-delete-pvc-bce05030-cdda-4097-887e-3f9317c86257 [b51f8dcc-03a5-420d-a59e-dd4345a3ddae] in kube-system was MODIFIED
2025-01-30 18:33:41,148 INFO c.h.h.t.HelmChartContainer - [POD] helper-pod-delete-pvc-bce05030-cdda-4097-887e-3f9317c86257 [b51f8dcc-03a5-420d-a59e-dd4345a3ddae] in kube-system was DELETED
2025-01-30 18:33:41,237 INFO c.h.h.t.HelmChartContainer - [K3S] [reconciler_common.go:299] "Volume detached for volume \"script\" (UniqueName: \"kubernetes.io/configmap/b51f8dcc-03a5-420d-a59e-dd4345a3ddae-script\") on node \"b99e65a4204c\" DevicePath \"\""
2025-01-30 18:33:41,237 INFO c.h.h.t.HelmChartContainer - [K3S] [reconciler_common.go:299] "Volume detached for volume \"kube-api-access-dt2m5\" (UniqueName: \"kubernetes.io/projected/b51f8dcc-03a5-420d-a59e-dd4345a3ddae-kube-api-access-dt2m5\") on node \"b99e65a4204c\" DevicePath \"\""
2025-01-30 18:33:41,237 INFO c.h.h.t.HelmChartContainer - [K3S] [reconciler_common.go:299] "Volume detached for volume \"data\" (UniqueName: \"kubernetes.io/host-path/b51f8dcc-03a5-420d-a59e-dd4345a3ddae-data\") on node \"b99e65a4204c\" DevicePath \"\""
2025-01-30 18:33:41,410 INFO c.h.h.t.HelmChartContainer - [K3S] [kubelet_volumes.go:163] "Cleaned up orphaned pod volumes dir" podUID="11210e4b-9f5f-44e7-8877-43ff20a62a22" path="/var/lib/kubelet/pods/11210e4b-9f5f-44e7-8877-43ff20a62a22/volumes"
2025-01-30 18:33:41,410 INFO c.h.h.t.HelmChartContainer - [K3S] [kubelet_volumes.go:163] "Cleaned up orphaned pod volumes dir" podUID="32dcad8e-5ea8-4837-b537-fae067da5789" path="/var/lib/kubelet/pods/32dcad8e-5ea8-4837-b537-fae067da5789/volumes"
2025-01-30 18:33:41,411 INFO c.h.h.t.HelmChartContainer - [K3S] [kubelet_volumes.go:163] "Cleaned up orphaned pod volumes dir" podUID="b51f8dcc-03a5-420d-a59e-dd4345a3ddae" path="/var/lib/kubelet/pods/b51f8dcc-03a5-420d-a59e-dd4345a3ddae/volumes"
2025-01-30 18:33:41,952 INFO c.h.h.t.HelmChartContainer - [K3S] [scope.go:117] "RemoveContainer" containerID="81c502911d5c8be68a7cc20fc5536958d7ad72af8520d5bd6761f41fa6a97ed9"
2025-01-30 18:33:41,965 INFO c.h.h.t.HelmChartContainer - [POD] helper-pod-delete-pvc-eb2ec216-05df-404c-91de-301d73cbfbbc [87bc64b8-5c66-468d-a3d0-be19197a5261] in kube-system was MODIFIED
2025-01-30 18:33:43,034 INFO c.h.h.t.HelmChartContainer - [POD] helper-pod-delete-pvc-eb2ec216-05df-404c-91de-301d73cbfbbc [87bc64b8-5c66-468d-a3d0-be19197a5261] in kube-system was MODIFIED
2025-01-30 18:33:43,147 INFO c.h.h.t.HelmChartContainer - [K3S] [reconciler_common.go:162] "operationExecutor.UnmountVolume started for volume \"script\" (UniqueName: \"kubernetes.io/configmap/87bc64b8-5c66-468d-a3d0-be19197a5261-script\") pod \"87bc64b8-5c66-468d-a3d0-be19197a5261\" (UID: \"87bc64b8-5c66-468d-a3d0-be19197a5261\") "
2025-01-30 18:33:43,147 INFO c.h.h.t.HelmChartContainer - [K3S] [reconciler_common.go:162] "operationExecutor.UnmountVolume started for volume \"data\" (UniqueName: \"kubernetes.io/host-path/87bc64b8-5c66-468d-a3d0-be19197a5261-data\") pod \"87bc64b8-5c66-468d-a3d0-be19197a5261\" (UID: \"87bc64b8-5c66-468d-a3d0-be19197a5261\") "
2025-01-30 18:33:43,148 INFO c.h.h.t.HelmChartContainer - [K3S] [reconciler_common.go:162] "operationExecutor.UnmountVolume started for volume \"kube-api-access-kcbdl\" (UniqueName: \"kubernetes.io/projected/87bc64b8-5c66-468d-a3d0-be19197a5261-kube-api-access-kcbdl\") pod \"87bc64b8-5c66-468d-a3d0-be19197a5261\" (UID: \"87bc64b8-5c66-468d-a3d0-be19197a5261\") "
2025-01-30 18:33:43,248 INFO c.h.h.t.HelmChartContainer - [K3S] [reconciler_common.go:299] "Volume detached for volume \"kube-api-access-kcbdl\" (UniqueName: \"kubernetes.io/projected/87bc64b8-5c66-468d-a3d0-be19197a5261-kube-api-access-kcbdl\") on node \"b99e65a4204c\" DevicePath \"\""
2025-01-30 18:33:43,248 INFO c.h.h.t.HelmChartContainer - [K3S] [reconciler_common.go:299] "Volume detached for volume \"script\" (UniqueName: \"kubernetes.io/configmap/87bc64b8-5c66-468d-a3d0-be19197a5261-script\") on node \"b99e65a4204c\" DevicePath \"\""
2025-01-30 18:33:43,248 INFO c.h.h.t.HelmChartContainer - [K3S] [reconciler_common.go:299] "Volume detached for volume \"data\" (UniqueName: \"kubernetes.io/host-path/87bc64b8-5c66-468d-a3d0-be19197a5261-data\") on node \"b99e65a4204c\" DevicePath \"\""
2025-01-30 18:33:43,958 INFO c.h.h.t.HelmChartContainer - [K3S] [pod_container_deletor.go:80] "Container not found in pod's containers" containerID="afb331c59765f8c5dc88230fa9380e74e5ceb433502e94e652167d2017baac23"
2025-01-30 18:33:44,010 INFO c.h.h.t.HelmChartContainer - [POD] helper-pod-delete-pvc-eb2ec216-05df-404c-91de-301d73cbfbbc [87bc64b8-5c66-468d-a3d0-be19197a5261] in kube-system was MODIFIED
2025-01-30 18:33:44,021 INFO c.h.h.t.HelmChartContainer - [POD] helper-pod-delete-pvc-eb2ec216-05df-404c-91de-301d73cbfbbc [87bc64b8-5c66-468d-a3d0-be19197a5261] in kube-system was DELETED
2025-01-30 18:33:44,362 INFO c.h.h.t.HelmChartContainer - Namespace 'helmlegacystatefulsetmigrationit-operator' deleted
2025-01-30 18:33:44,362 INFO c.h.h.t.HelmChartContainer - Release 'test-hivemq-platform-operator' in namespace 'helmlegacystatefulsetmigrationit-operator' is uninstalled
2025-01-30 18:33:45,412 INFO c.h.h.t.HelmChartContainer - [K3S] [kubelet_volumes.go:163] "Cleaned up orphaned pod volumes dir" podUID="87bc64b8-5c66-468d-a3d0-be19197a5261" path="/var/lib/kubelet/pods/87bc64b8-5c66-468d-a3d0-be19197a5261/volumes"
2025-01-30 18:33:45,430 INFO c.h.helmcharts.AbstractHelmChartIT - Removed unused containers:

2025-01-30 18:33:49,322 INFO c.h.h.t.HelmChartContainer - [K3S] [namespace_controller.go:187] "Namespace has been deleted" namespace="helmlegacystatefulsetmigrationit-operator"
2025-01-30 18:33:57,552 INFO c.h.helmcharts.AbstractHelmChartIT - Removed unused snapshots:
Removing snapshot sha256:03af251906410714c5aef9fa705b63f6bbc39c4a5e787de7361eeb18886c2ed2
Removing snapshot sha256:0c46b3b43cce082ce5ec34ffc6c294e0417d17b9d1e6f366d114b6aadc4f96dc
Removing snapshot sha256:0ce761beee59082d6ed5bcebd3a805b8ddd9b3426b617e4809e7fb7c6587ffec
Removing snapshot sha256:0df91287303208332c8ff6ba40ae4710105201739addbfbddfb955f1ad593664
Removing snapshot sha256:1021ef88c7974bfff89c5a0ec4fd3160daac6c48a075f74cff721f85dd104e68
Removing snapshot sha256:10aba4953ddc18145dd38e3704709bc464aa20af60b56fe52caaff4b68411e62
Removing snapshot sha256:1d5cf3e3eb812061f06c49abff02b68d81953942566ded85fcc9c1f47b13186a
Removing snapshot sha256:202fe64c3ce39b94d8beda7d7506ccdfcf7a59f02f17c915078e4c62b5c2ed11
Removing snapshot sha256:211719a067844f37d3a87d652081adb4e1dbe1f0369a0f74bbfa03ea6a491a25
Removing snapshot sha256:24159a7fcc265e27ce90b7e2af0a37a176cf9689be7496d6654efa8cacd3db13
Removing snapshot sha256:2573e0d8158209ed54ab25c87bcdcb00bd3d2539246960a3d592a1c599d70465
Removing snapshot sha256:2944c0692f0b3f4c958b09e4bf315ac3616ed274898af04494fcd963a879bca5
Removing snapshot sha256:29ca722de2d10e44fb7779bcc47bffeaa4b29534f98dd1defe69cb1a08f94721
Removing snapshot sha256:310c61cc983be7b5dfaf552c80a87d1989e9da7ec32068a247fa2ce92714f45b
Removing snapshot sha256:362a8a37f8bbc31925a8146adcf7cf51f9882f5c1dcbef67c5baa03a297543c0
Removing snapshot sha256:3fa4ad33f0ddc8fd45b39b6b4640f82a3a83619606cd975bfe89d8710ad2d4cd
Removing snapshot sha256:43a7c979bbaba6838bc3102d6b10a1459f3ab050b87ccdfef84ef90cf43d3058
Removing snapshot sha256:4ab04491cdf0d3267f08206fe30bd48f49f94b9cab2f016d6739220f722a64af
Removing snapshot sha256:4b6068250e89c96f263060261819c7d912855bfbd64b3eb4c4a8483299b8c295
Removing snapshot sha256:580e69a0a8034ede1921139bbd2bfb72a69ebf276d008281896c32dd8bf74775
Removing snapshot sha256:595756d28ed36d6b35bc20c2f5cde24d9d5d3529fd9f0e72578c5dcc714a6670
Removing snapshot sha256:59654b79daad74c77dc2e28502ca577ba8ce73276720002234a23fc60ee92692
Removing snapshot sha256:5a3228bf75a16fc5ec5b3d4ca301ab7ef2ca3bc2a3e8bf0a02733adfe43e5980
Removing snapshot sha256:5d30ba46b27fe37484567ccc5242cadc78217b8da605f3f195ef25cbf7487904
Removing snapshot sha256:63ca1fbb43ae5034640e5e6cb3e083e05c290072c5366fcaa9d62435a4cced85
Removing snapshot sha256:66140dc7271ceb0a9b5e521509e7d96b916d4182681f723881bfae89675de7f6
Removing snapshot sha256:67f702c6baae873bceb19487c8b1f27bd2b86077e4f2f0e480e6d60ab508b8f5
Removing snapshot sha256:6864348dd42806d552efdec384f1274be15e2d0c10ce44c1f04347af004c10a9
Removing snapshot sha256:6c7dee8f2c39b84b7dc2711c01d33de93514d9055499173e9290176fbe484b6c
Removing snapshot sha256:82753493a6d61ded36556292f02f31841a14c20d2f279f19eaad65afb661d5cd
Removing snapshot sha256:84e1a755f007b73ee24c1c8955818471b986436582ec3b3f6a0a899bea373917
Removing snapshot sha256:8a10d3db42c505ee0fcfa98417bdd7e39b304f6bcc0a06bb1b220797ff2cc63c
Removing snapshot sha256:8bd9d778dd3aef4d3b4c77ee426be03092ca88acfd9bcf279d0631dd96d6df44
Removing snapshot sha256:8d0525d6afb8a8b5d1ea6cd936cc26682368a2535ade71e6dd8d8695ab2b0c69
Removing snapshot sha256:8eed3c0b435850e9a00be0139a9a847ca108037e5fa832424a4e194c78ba59c4
Removing snapshot sha256:9b6f048201798a9c57b6316cb427a1e0aeb399d74aa15ca9e1519e77e2a2269e
Removing snapshot sha256:a0904247e36a7726c03c71ee48f3e64462021c88dafeb13f37fdaf613b27f11c
Removing snapshot sha256:a21e5b12dbac529ad45d976eb9ce45c881f3bedcc500fb30aba1e52aa1813418
Removing snapshot sha256:ab252baf4e5de5aaea9ee70236e159dbf16fd0a2394f5e27a579881aadfd4f49
Removing snapshot sha256:b16db946d5ec56a29087f82eb25ae3c57cd5cae80381f7ad003bd562eaf27a5c
Removing snapshot sha256:b921e6c28969094157f9b8e7244677780319637afd14450b7cb6b2fdea558a0c
Removing snapshot sha256:bb15cd8b3dc7216c815ebfe5c6f9117f0ed1a78426f6bbc69b702d898dec8bae
Removing snapshot sha256:bc27ecb5769a00e309cf99ebc763c4a4b958b618d1decc96ffac5bc05f02f5b7
Removing snapshot sha256:be3ccb6627a5332e309d45ef461d09b4879dd870c7394d89323d0ebc6ca6aa8a
Removing snapshot sha256:c0c5b7491e705290b7ad3cce5c420f88ca1c74090e2726894a1baef025c52f43
Removing snapshot sha256:c261f7cbbc64211ee175ee47273acdb7b1a36a4450b397a064a8f2c026490095
Removing snapshot sha256:c34d9393647eea0c9e3557ab988efaf59f61d10a2a5613b439ef0958cca5ec10
Removing snapshot sha256:c4d5383ee8eaca294a64b01d37df59eac0a3e2a9779e67c450767218d0c4b36a
Removing snapshot sha256:ccf3c4a0fa967a41c1c83497a2ce6fa5787965859df0adb32c4ca2cf7490bc2b
Removing snapshot sha256:cf92d33f869417309692088c341cd0f223c178ea78a125f757317b22aa8f90e9
Removing snapshot sha256:d0037344cf2fb078884f1849f6a1f8cf9a33a3b6139b6a85833e5ee528e1f9a8
Removing snapshot sha256:d3b36d5b79273b1e98e7700470eaeff05a882e777124d84cebcc1505b85ecb36
Removing snapshot sha256:d65a44a37914602d12c611e5e22a50f11451d847e63015cc1c2aef92dee777a4
Removing snapshot sha256:d8737b8f6a0158031aca3fe1d78edc874e0e493186d21e0cb55c5fd0972c49ad
Removing snapshot sha256:d933c5f7d93a7a4196b76b559685f889b7b388041ac839bb7e19f6495750c4ef
Removing snapshot sha256:e2dc0bae2455930f23ae570e019b7f32edc75c0f2d71cab084db837ff9051796
Removing snapshot sha256:e31519795c7e3df686c447a21ec8d2eb301388a5e39ccf7f20a25c6f6ce3a522
Removing snapshot sha256:e4f954326774f256e539cb77d7b760593e89bbc63ca7a5ee0814ba1906135a09
Removing snapshot sha256:e9e86ed11d9bebc0707dd6f1166c51237ebb44f98657241f943261b2675a5449
Removing snapshot sha256:eabc2b3c5c963907b3f557933a60ab243515007cd7c28ba909692f5627b3bd32
Removing snapshot sha256:ecbf3b59a2be12efa647dc6cafe74dc73897de364be1037d9f880482d1ce011f
Removing snapshot sha256:eccbd24a99c60cd9e86ee5305dbfc4a4dc89f5ab4fb1f06c8d64797cecedef34
Removing snapshot sha256:edd1404c718ab99ca3456bdf222065033800bb67d4334a9642746685a24394cd
Removing snapshot sha256:f144bb4c7c7f0d2aa7eeffd36d934ec40db1ee167be727e326aad9fdc616f475
Removing snapshot sha256:ff3d1afd12e9b5642bc649cf82e7302d95c47a7a41fdfb3f34b284058e6b2790

2025-01-30 18:33:57,552 WARN c.h.helmcharts.AbstractHelmChartIT - Error during removal of snapshots:
ctr: failed to remove "sha256:03af251906410714c5aef9fa705b63f6bbc39c4a5e787de7361eeb18886c2ed2": cannot remove snapshot with child: failed precondition
ctr: failed to remove "sha256:0c46b3b43cce082ce5ec34ffc6c294e0417d17b9d1e6f366d114b6aadc4f96dc": cannot remove snapshot with child: failed precondition
ctr: failed to remove "sha256:0ce761beee59082d6ed5bcebd3a805b8ddd9b3426b617e4809e7fb7c6587ffec": cannot remove snapshot with child: failed precondition
ctr: failed to remove "sha256:0df91287303208332c8ff6ba40ae4710105201739addbfbddfb955f1ad593664": cannot remove snapshot with child: failed precondition
ctr: failed to remove "sha256:1021ef88c7974bfff89c5a0ec4fd3160daac6c48a075f74cff721f85dd104e68": cannot remove snapshot with child: failed precondition
ctr: failed to remove "sha256:10aba4953ddc18145dd38e3704709bc464aa20af60b56fe52caaff4b68411e62": cannot remove snapshot with child: failed precondition
ctr: failed to remove "sha256:1d5cf3e3eb812061f06c49abff02b68d81953942566ded85fcc9c1f47b13186a": cannot remove snapshot with child: failed precondition
ctr: failed to remove "sha256:202fe64c3ce39b94d8beda7d7506ccdfcf7a59f02f17c915078e4c62b5c2ed11": cannot remove snapshot with child: failed precondition
ctr: failed to remove "sha256:211719a067844f37d3a87d652081adb4e1dbe1f0369a0f74bbfa03ea6a491a25": cannot remove snapshot with child: failed precondition
ctr: failed to remove "sha256:2573e0d8158209ed54ab25c87bcdcb00bd3d2539246960a3d592a1c599d70465": cannot remove snapshot with child: failed precondition
ctr: failed to remove "sha256:2944c0692f0b3f4c958b09e4bf315ac3616ed274898af04494fcd963a879bca5": cannot remove snapshot with child: failed precondition
ctr: failed to remove "sha256:29ca722de2d10e44fb7779bcc47bffeaa4b29534f98dd1defe69cb1a08f94721": cannot remove snapshot with child: failed precondition
ctr: failed to remove "sha256:310c61cc983be7b5dfaf552c80a87d1989e9da7ec32068a247fa2ce92714f45b": cannot remove snapshot with child: failed precondition
ctr: failed to remove "sha256:362a8a37f8bbc31925a8146adcf7cf51f9882f5c1dcbef67c5baa03a297543c0": cannot remove snapshot with child: failed precondition
ctr: failed to remove "sha256:3fa4ad33f0ddc8fd45b39b6b4640f82a3a83619606cd975bfe89d8710ad2d4cd": cannot remove snapshot with child: failed precondition
ctr: failed to remove "sha256:43a7c979bbaba6838bc3102d6b10a1459f3ab050b87ccdfef84ef90cf43d3058": cannot remove snapshot with child: failed precondition
ctr: failed to remove "sha256:4ab04491cdf0d3267f08206fe30bd48f49f94b9cab2f016d6739220f722a64af": cannot remove snapshot with child: failed precondition
ctr: failed to remove "sha256:4b6068250e89c96f263060261819c7d912855bfbd64b3eb4c4a8483299b8c295": cannot remove snapshot with child: failed precondition
ctr: failed to remove "sha256:580e69a0a8034ede1921139bbd2bfb72a69ebf276d008281896c32dd8bf74775": cannot remove snapshot with child: failed precondition
ctr: failed to remove "sha256:5a3228bf75a16fc5ec5b3d4ca301ab7ef2ca3bc2a3e8bf0a02733adfe43e5980": cannot remove snapshot with child: failed precondition
ctr: failed to remove "sha256:5d30ba46b27fe37484567ccc5242cadc78217b8da605f3f195ef25cbf7487904": cannot remove snapshot with child: failed precondition
ctr: failed to remove "sha256:63ca1fbb43ae5034640e5e6cb3e083e05c290072c5366fcaa9d62435a4cced85": cannot remove snapshot with child: failed precondition
ctr: failed to remove "sha256:66140dc7271ceb0a9b5e521509e7d96b916d4182681f723881bfae89675de7f6": cannot remove snapshot with child: failed precondition
ctr: failed to remove "sha256:67f702c6baae873bceb19487c8b1f27bd2b86077e4f2f0e480e6d60ab508b8f5": cannot remove snapshot with child: failed precondition
ctr: failed to remove "sha256:6864348dd42806d552efdec384f1274be15e2d0c10ce44c1f04347af004c10a9": cannot remove snapshot with child: failed precondition
ctr: failed to remove "sha256:6c7dee8f2c39b84b7dc2711c01d33de93514d9055499173e9290176fbe484b6c": cannot remove snapshot with child: failed precondition
ctr: failed to remove "sha256:82753493a6d61ded36556292f02f31841a14c20d2f279f19eaad65afb661d5cd": cannot remove snapshot with child: failed precondition
ctr: failed to remove "sha256:84e1a755f007b73ee24c1c8955818471b986436582ec3b3f6a0a899bea373917": cannot remove snapshot with child: failed precondition
ctr: failed to remove "sha256:8a10d3db42c505ee0fcfa98417bdd7e39b304f6bcc0a06bb1b220797ff2cc63c": cannot remove snapshot with child: failed precondition
ctr: failed to remove "sha256:8bd9d778dd3aef4d3b4c77ee426be03092ca88acfd9bcf279d0631dd96d6df44": cannot remove snapshot with child: failed precondition
ctr: failed to remove "sha256:8d0525d6afb8a8b5d1ea6cd936cc26682368a2535ade71e6dd8d8695ab2b0c69": cannot remove snapshot with child: failed precondition
ctr: failed to remove "sha256:8eed3c0b435850e9a00be0139a9a847ca108037e5fa832424a4e194c78ba59c4": cannot remove snapshot with child: failed precondition
ctr: failed to remove "sha256:9b6f048201798a9c57b6316cb427a1e0aeb399d74aa15ca9e1519e77e2a2269e": cannot remove snapshot with child: failed precondition
ctr: failed to remove "sha256:a0904247e36a7726c03c71ee48f3e64462021c88dafeb13f37fdaf613b27f11c": cannot remove snapshot with child: failed precondition
ctr: failed to remove "sha256:a21e5b12dbac529ad45d976eb9ce45c881f3bedcc500fb30aba1e52aa1813418": cannot remove snapshot with child: failed precondition
ctr: failed to remove "sha256:ab252baf4e5de5aaea9ee70236e159dbf16fd0a2394f5e27a579881aadfd4f49": cannot remove snapshot with child: failed precondition
ctr: failed to remove "sha256:b921e6c28969094157f9b8e7244677780319637afd14450b7cb6b2fdea558a0c": cannot remove snapshot with child: failed precondition
ctr: failed to remove "sha256:bc27ecb5769a00e309cf99ebc763c4a4b958b618d1decc96ffac5bc05f02f5b7": cannot remove snapshot with child: failed precondition
ctr: failed to remove "sha256:be3ccb6627a5332e309d45ef461d09b4879dd870c7394d89323d0ebc6ca6aa8a": cannot remove snapshot with child: failed precondition
ctr: failed to remove "sha256:c0c5b7491e705290b7ad3cce5c420f88ca1c74090e2726894a1baef025c52f43": cannot remove snapshot with child: failed precondition
ctr: failed to remove "sha256:c261f7cbbc64211ee175ee47273acdb7b1a36a4450b397a064a8f2c026490095": cannot remove snapshot with child: failed precondition
ctr: failed to remove "sha256:c34d9393647eea0c9e3557ab988efaf59f61d10a2a5613b439ef0958cca5ec10": cannot remove snapshot with child: failed precondition
ctr: failed to remove "sha256:c4d5383ee8eaca294a64b01d37df59eac0a3e2a9779e67c450767218d0c4b36a": cannot remove snapshot with child: failed precondition
ctr: failed to remove "sha256:ccf3c4a0fa967a41c1c83497a2ce6fa5787965859df0adb32c4ca2cf7490bc2b": cannot remove snapshot with child: failed precondition
ctr: failed to remove "sha256:cf92d33f869417309692088c341cd0f223c178ea78a125f757317b22aa8f90e9": cannot remove snapshot with child: failed precondition
ctr: failed to remove "sha256:d0037344cf2fb078884f1849f6a1f8cf9a33a3b6139b6a85833e5ee528e1f9a8": cannot remove snapshot with child: failed precondition
ctr: failed to remove "sha256:d3b36d5b79273b1e98e7700470eaeff05a882e777124d84cebcc1505b85ecb36": cannot remove snapshot with child: failed precondition
ctr: failed to remove "sha256:d65a44a37914602d12c611e5e22a50f11451d847e63015cc1c2aef92dee777a4": cannot remove snapshot with child: failed precondition
ctr: failed to remove "sha256:d933c5f7d93a7a4196b76b559685f889b7b388041ac839bb7e19f6495750c4ef": cannot remove snapshot with child: failed precondition
ctr: failed to remove "sha256:e2dc0bae2455930f23ae570e019b7f32edc75c0f2d71cab084db837ff9051796": cannot remove snapshot with child: failed precondition
ctr: failed to remove "sha256:e31519795c7e3df686c447a21ec8d2eb301388a5e39ccf7f20a25c6f6ce3a522": cannot remove snapshot with child: failed precondition
ctr: failed to remove "sha256:e4f954326774f256e539cb77d7b760593e89bbc63ca7a5ee0814ba1906135a09": cannot remove snapshot with child: failed precondition
ctr: failed to remove "sha256:e9e86ed11d9bebc0707dd6f1166c51237ebb44f98657241f943261b2675a5449": cannot remove snapshot with child: failed precondition
ctr: failed to remove "sha256:eabc2b3c5c963907b3f557933a60ab243515007cd7c28ba909692f5627b3bd32": cannot remove snapshot with child: failed precondition
ctr: failed to remove "sha256:ecbf3b59a2be12efa647dc6cafe74dc73897de364be1037d9f880482d1ce011f": cannot remove snapshot with child: failed precondition
ctr: failed to remove "sha256:eccbd24a99c60cd9e86ee5305dbfc4a4dc89f5ab4fb1f06c8d64797cecedef34": cannot remove snapshot with child: failed precondition
ctr: failed to remove "sha256:edd1404c718ab99ca3456bdf222065033800bb67d4334a9642746685a24394cd": cannot remove snapshot with child: failed precondition
ctr: failed to remove "sha256:f144bb4c7c7f0d2aa7eeffd36d934ec40db1ee167be727e326aad9fdc616f475": cannot remove snapshot with child: failed precondition
ctr: failed to remove "sha256:ff3d1afd12e9b5642bc649cf82e7302d95c47a7a41fdfb3f34b284058e6b2790": cannot remove snapshot with child: failed precondition

]]></system-out>
  </testcase>
  <system-out><![CDATA[2025-01-30 18:27:34,721 INFO o.testcontainers.images.PullPolicy - Image pull policy will be performed by: DefaultPullPolicy()
2025-01-30 18:27:34,726 INFO o.t.utility.ImageNameSubstitutor - Image name substitution will be performed by: DefaultImageNameSubstitutor (composite of 'ConfigurationFileImageNameSubstitutor' and 'PrefixingImageNameSubstitutor')
2025-01-30 18:27:34,738 INFO o.testcontainers.DockerClientFactory - Testcontainers version: 1.20.4
2025-01-30 18:27:35,117 INFO o.t.d.DockerClientProviderStrategy - Found Docker environment with local Unix socket (unix:///var/run/docker.sock)
2025-01-30 18:27:35,126 INFO o.testcontainers.DockerClientFactory - Docker host IP address is localhost
2025-01-30 18:27:35,141 INFO o.testcontainers.DockerClientFactory - Connected to docker: 
  Server Version: 26.1.3
  API Version: 1.45
  Operating System: Ubuntu 24.04.1 LTS
  Total Memory: 15990 MB
2025-01-30 18:27:35,168 INFO tc.testcontainers/ryuk:0.11.0 - Pulling docker image: testcontainers/ryuk:0.11.0. Please be patient; this may take some time but only needs to be done once.
2025-01-30 18:27:36,240 INFO tc.testcontainers/ryuk:0.11.0 - Starting to pull image
2025-01-30 18:27:36,256 INFO tc.testcontainers/ryuk:0.11.0 - Pulling image layers:  0 pending,  0 downloaded,  0 extracted, (0 bytes/0 bytes)
2025-01-30 18:27:36,778 INFO tc.testcontainers/ryuk:0.11.0 - Pulling image layers:  2 pending,  1 downloaded,  0 extracted, (807 KB/? MB)
2025-01-30 18:27:36,815 INFO tc.testcontainers/ryuk:0.11.0 - Pulling image layers:  1 pending,  2 downloaded,  0 extracted, (879 KB/? MB)
2025-01-30 18:27:36,823 INFO tc.testcontainers/ryuk:0.11.0 - Pulling image layers:  0 pending,  3 downloaded,  0 extracted, (879 KB/10 MB)
2025-01-30 18:27:36,921 INFO tc.testcontainers/ryuk:0.11.0 - Pulling image layers:  0 pending,  3 downloaded,  1 extracted, (4 MB/10 MB)
2025-01-30 18:27:37,080 INFO tc.testcontainers/ryuk:0.11.0 - Pulling image layers:  0 pending,  3 downloaded,  2 extracted, (4 MB/10 MB)
2025-01-30 18:27:37,138 INFO tc.testcontainers/ryuk:0.11.0 - Pulling image layers:  0 pending,  3 downloaded,  3 extracted, (10 MB/10 MB)
2025-01-30 18:27:37,145 INFO tc.testcontainers/ryuk:0.11.0 - Image testcontainers/ryuk:0.11.0 pull took PT1.976675908S
2025-01-30 18:27:37,161 INFO tc.testcontainers/ryuk:0.11.0 - Creating container for image: testcontainers/ryuk:0.11.0
2025-01-30 18:27:37,221 INFO tc.testcontainers/ryuk:0.11.0 - Container testcontainers/ryuk:0.11.0 is starting: a42ca420a60bab2d31c6871058084a9f51a2e269b01a497c25f4ceee41cc7994
2025-01-30 18:27:37,471 INFO tc.testcontainers/ryuk:0.11.0 - Container testcontainers/ryuk:0.11.0 started in PT0.309547404S
2025-01-30 18:27:37,475 INFO o.t.utility.RyukResourceReaper - Ryuk started - will monitor and terminate Testcontainers containers on JVM exit
2025-01-30 18:27:37,475 INFO o.testcontainers.DockerClientFactory - Checking the system...
2025-01-30 18:27:37,475 INFO o.testcontainers.DockerClientFactory - ✔︎ Docker server version should be at least 1.6.0
2025-01-30 18:27:37,710 INFO o.t.containers.SeleniumUtils - Selenium API version 4.28.1 detected on classpath
2025-01-30 18:27:37,721 INFO t.selenium/standalone-chrome:4.28.1 - Pulling docker image: selenium/standalone-chrome:4.28.1. Please be patient; this may take some time but only needs to be done once.
2025-01-30 18:27:38,805 INFO t.selenium/standalone-chrome:4.28.1 - Starting to pull image
2025-01-30 18:27:38,806 INFO t.selenium/standalone-chrome:4.28.1 - Pulling image layers:  0 pending,  0 downloaded,  0 extracted, (0 bytes/0 bytes)
2025-01-30 18:27:39,568 INFO t.selenium/standalone-chrome:4.28.1 - Pulling image layers: 32 pending,  1 downloaded,  0 extracted, (72 MB/? MB)
2025-01-30 18:27:39,837 INFO t.selenium/standalone-chrome:4.28.1 - Pulling image layers: 31 pending,  2 downloaded,  0 extracted, (130 MB/? MB)
2025-01-30 18:27:40,103 INFO t.selenium/standalone-chrome:4.28.1 - Pulling image layers: 30 pending,  3 downloaded,  0 extracted, (222 MB/? MB)
2025-01-30 18:27:40,365 INFO t.selenium/standalone-chrome:4.28.1 - Pulling image layers: 29 pending,  4 downloaded,  0 extracted, (260 MB/? MB)
2025-01-30 18:27:40,506 INFO t.selenium/standalone-chrome:4.28.1 - Pulling image layers: 28 pending,  5 downloaded,  0 extracted, (292 MB/? MB)
2025-01-30 18:27:40,643 INFO t.selenium/standalone-chrome:4.28.1 - Pulling image layers: 27 pending,  6 downloaded,  0 extracted, (320 MB/? MB)
2025-01-30 18:27:40,649 INFO t.selenium/standalone-chrome:4.28.1 - Pulling image layers: 26 pending,  7 downloaded,  0 extracted, (320 MB/? MB)
2025-01-30 18:27:40,722 INFO t.selenium/standalone-chrome:4.28.1 - Pulling image layers: 26 pending,  7 downloaded,  1 extracted, (320 MB/? MB)
2025-01-30 18:27:40,768 INFO t.selenium/standalone-chrome:4.28.1 - Pulling image layers: 25 pending,  8 downloaded,  1 extracted, (320 MB/? MB)
2025-01-30 18:27:40,932 INFO t.selenium/standalone-chrome:4.28.1 - Pulling image layers: 24 pending,  9 downloaded,  1 extracted, (320 MB/? MB)
2025-01-30 18:27:40,941 INFO t.selenium/standalone-chrome:4.28.1 - Pulling image layers: 23 pending, 10 downloaded,  1 extracted, (320 MB/? MB)
2025-01-30 18:27:41,112 INFO t.selenium/standalone-chrome:4.28.1 - Pulling image layers: 22 pending, 11 downloaded,  1 extracted, (320 MB/? MB)
2025-01-30 18:27:41,342 INFO t.selenium/standalone-chrome:4.28.1 - Pulling image layers: 21 pending, 12 downloaded,  1 extracted, (357 MB/? MB)
2025-01-30 18:27:41,395 INFO t.selenium/standalone-chrome:4.28.1 - Pulling image layers: 20 pending, 13 downloaded,  1 extracted, (357 MB/? MB)
2025-01-30 18:27:41,627 INFO t.selenium/standalone-chrome:4.28.1 - Pulling image layers: 19 pending, 14 downloaded,  1 extracted, (395 MB/? MB)
2025-01-30 18:27:41,665 INFO t.selenium/standalone-chrome:4.28.1 - Pulling image layers: 18 pending, 15 downloaded,  1 extracted, (395 MB/? MB)
2025-01-30 18:27:41,803 INFO t.selenium/standalone-chrome:4.28.1 - Pulling image layers: 17 pending, 16 downloaded,  1 extracted, (416 MB/? MB)
2025-01-30 18:27:42,072 INFO t.selenium/standalone-chrome:4.28.1 - Pulling image layers: 16 pending, 17 downloaded,  1 extracted, (440 MB/? MB)
2025-01-30 18:27:42,135 INFO t.selenium/standalone-chrome:4.28.1 - Pulling image layers: 15 pending, 18 downloaded,  1 extracted, (440 MB/? MB)
2025-01-30 18:27:42,348 INFO t.selenium/standalone-chrome:4.28.1 - Pulling image layers: 14 pending, 19 downloaded,  1 extracted, (449 MB/? MB)
2025-01-30 18:27:42,428 INFO t.selenium/standalone-chrome:4.28.1 - Pulling image layers: 13 pending, 20 downloaded,  1 extracted, (456 MB/? MB)
2025-01-30 18:27:42,693 INFO t.selenium/standalone-chrome:4.28.1 - Pulling image layers: 12 pending, 21 downloaded,  1 extracted, (465 MB/? MB)
2025-01-30 18:27:42,951 INFO t.selenium/standalone-chrome:4.28.1 - Pulling image layers: 11 pending, 22 downloaded,  1 extracted, (526 MB/? MB)
2025-01-30 18:27:43,317 INFO t.selenium/standalone-chrome:4.28.1 - Pulling image layers: 10 pending, 23 downloaded,  1 extracted, (597 MB/? MB)
2025-01-30 18:27:43,586 INFO t.selenium/standalone-chrome:4.28.1 - Pulling image layers:  9 pending, 24 downloaded,  1 extracted, (661 MB/? MB)
2025-01-30 18:27:43,697 INFO t.selenium/standalone-chrome:4.28.1 - Pulling image layers:  8 pending, 25 downloaded,  1 extracted, (700 MB/? MB)
2025-01-30 18:27:43,876 INFO t.selenium/standalone-chrome:4.28.1 - Pulling image layers:  7 pending, 26 downloaded,  1 extracted, (718 MB/? MB)
2025-01-30 18:27:43,925 INFO t.selenium/standalone-chrome:4.28.1 - Pulling image layers:  6 pending, 27 downloaded,  1 extracted, (718 MB/? MB)
2025-01-30 18:27:43,965 INFO t.selenium/standalone-chrome:4.28.1 - Pulling image layers:  5 pending, 28 downloaded,  1 extracted, (718 MB/? MB)
2025-01-30 18:27:44,160 INFO t.selenium/standalone-chrome:4.28.1 - Pulling image layers:  4 pending, 29 downloaded,  1 extracted, (718 MB/? MB)
2025-01-30 18:27:44,201 INFO t.selenium/standalone-chrome:4.28.1 - Pulling image layers:  3 pending, 30 downloaded,  1 extracted, (718 MB/? MB)
2025-01-30 18:27:44,423 INFO t.selenium/standalone-chrome:4.28.1 - Pulling image layers:  2 pending, 31 downloaded,  1 extracted, (718 MB/? MB)
2025-01-30 18:27:45,410 INFO t.selenium/standalone-chrome:4.28.1 - Pulling image layers:  2 pending, 31 downloaded,  2 extracted, (718 MB/? MB)
2025-01-30 18:27:46,558 INFO t.selenium/standalone-chrome:4.28.1 - Pulling image layers:  2 pending, 31 downloaded,  3 extracted, (718 MB/? MB)
2025-01-30 18:27:46,578 INFO t.selenium/standalone-chrome:4.28.1 - Pulling image layers:  2 pending, 31 downloaded,  4 extracted, (718 MB/? MB)
2025-01-30 18:27:46,597 INFO t.selenium/standalone-chrome:4.28.1 - Pulling image layers:  2 pending, 31 downloaded,  5 extracted, (718 MB/? MB)
2025-01-30 18:27:46,609 INFO t.selenium/standalone-chrome:4.28.1 - Pulling image layers:  2 pending, 31 downloaded,  6 extracted, (718 MB/? MB)
2025-01-30 18:27:46,621 INFO t.selenium/standalone-chrome:4.28.1 - Pulling image layers:  2 pending, 31 downloaded,  7 extracted, (718 MB/? MB)
2025-01-30 18:27:46,633 INFO t.selenium/standalone-chrome:4.28.1 - Pulling image layers:  2 pending, 31 downloaded,  8 extracted, (718 MB/? MB)
2025-01-30 18:27:46,646 INFO t.selenium/standalone-chrome:4.28.1 - Pulling image layers:  2 pending, 31 downloaded,  9 extracted, (718 MB/? MB)
2025-01-30 18:27:46,726 INFO t.selenium/standalone-chrome:4.28.1 - Pulling image layers:  2 pending, 31 downloaded, 10 extracted, (718 MB/? MB)
2025-01-30 18:27:46,890 INFO t.selenium/standalone-chrome:4.28.1 - Pulling image layers:  2 pending, 31 downloaded, 11 extracted, (729 MB/? MB)
2025-01-30 18:27:47,320 INFO t.selenium/standalone-chrome:4.28.1 - Pulling image layers:  2 pending, 31 downloaded, 12 extracted, (737 MB/? MB)
2025-01-30 18:27:49,714 INFO t.selenium/standalone-chrome:4.28.1 - Pulling image layers:  2 pending, 31 downloaded, 13 extracted, (752 MB/? MB)
2025-01-30 18:27:49,735 INFO t.selenium/standalone-chrome:4.28.1 - Pulling image layers:  2 pending, 31 downloaded, 14 extracted, (752 MB/? MB)
2025-01-30 18:27:49,748 INFO t.selenium/standalone-chrome:4.28.1 - Pulling image layers:  2 pending, 31 downloaded, 15 extracted, (752 MB/? MB)
2025-01-30 18:27:49,762 INFO t.selenium/standalone-chrome:4.28.1 - Pulling image layers:  2 pending, 31 downloaded, 16 extracted, (752 MB/? MB)
2025-01-30 18:27:53,407 INFO t.selenium/standalone-chrome:4.28.1 - Pulling image layers:  2 pending, 31 downloaded, 17 extracted, (752 MB/? MB)
2025-01-30 18:27:54,378 INFO t.selenium/standalone-chrome:4.28.1 - Pulling image layers:  2 pending, 31 downloaded, 18 extracted, (760 MB/? MB)
2025-01-30 18:27:54,394 INFO t.selenium/standalone-chrome:4.28.1 - Pulling image layers:  2 pending, 31 downloaded, 19 extracted, (760 MB/? MB)
2025-01-30 18:27:54,405 INFO t.selenium/standalone-chrome:4.28.1 - Pulling image layers:  2 pending, 31 downloaded, 20 extracted, (760 MB/? MB)
2025-01-30 18:27:54,420 INFO t.selenium/standalone-chrome:4.28.1 - Pulling image layers:  2 pending, 31 downloaded, 21 extracted, (760 MB/? MB)
2025-01-30 18:27:59,234 INFO t.selenium/standalone-chrome:4.28.1 - Pulling image layers:  2 pending, 31 downloaded, 22 extracted, (772 MB/? MB)
2025-01-30 18:27:59,249 INFO t.selenium/standalone-chrome:4.28.1 - Pulling image layers:  2 pending, 31 downloaded, 23 extracted, (772 MB/? MB)
2025-01-30 18:27:59,267 INFO t.selenium/standalone-chrome:4.28.1 - Pulling image layers:  2 pending, 31 downloaded, 24 extracted, (772 MB/? MB)
2025-01-30 18:27:59,392 INFO t.selenium/standalone-chrome:4.28.1 - Pulling image layers:  2 pending, 31 downloaded, 25 extracted, (781 MB/? MB)
2025-01-30 18:27:59,406 INFO t.selenium/standalone-chrome:4.28.1 - Pulling image layers:  2 pending, 31 downloaded, 26 extracted, (781 MB/? MB)
2025-01-30 18:27:59,420 INFO t.selenium/standalone-chrome:4.28.1 - Pulling image layers:  2 pending, 31 downloaded, 27 extracted, (781 MB/? MB)
2025-01-30 18:27:59,431 INFO t.selenium/standalone-chrome:4.28.1 - Pulling image layers:  2 pending, 31 downloaded, 28 extracted, (781 MB/? MB)
2025-01-30 18:27:59,441 INFO t.selenium/standalone-chrome:4.28.1 - Pulling image layers:  2 pending, 31 downloaded, 29 extracted, (781 MB/? MB)
2025-01-30 18:27:59,453 INFO t.selenium/standalone-chrome:4.28.1 - Pulling image layers:  2 pending, 31 downloaded, 30 extracted, (781 MB/? MB)
2025-01-30 18:27:59,464 INFO t.selenium/standalone-chrome:4.28.1 - Pulling image layers:  2 pending, 31 downloaded, 31 extracted, (781 MB/? MB)
2025-01-30 18:27:59,475 INFO t.selenium/standalone-chrome:4.28.1 - Pulling image layers:  2 pending, 31 downloaded, 32 extracted, (781 MB/? MB)
2025-01-30 18:27:59,488 INFO t.selenium/standalone-chrome:4.28.1 - Pulling image layers:  2 pending, 31 downloaded, 33 extracted, (781 MB/? MB)
2025-01-30 18:27:59,496 INFO t.selenium/standalone-chrome:4.28.1 - Pull complete. 33 layers, pulled in 20s (downloaded 781 MB at 39 MB/s)
2025-01-30 18:27:59,496 INFO t.selenium/standalone-chrome:4.28.1 - Image selenium/standalone-chrome:4.28.1 pull took PT21.774774025S
2025-01-30 18:27:59,500 INFO t.selenium/standalone-chrome:4.28.1 - Creating container for image: selenium/standalone-chrome:4.28.1
2025-01-30 18:27:59,504 INFO tc.alpine:3.17 - Pulling docker image: alpine:3.17. Please be patient; this may take some time but only needs to be done once.
2025-01-30 18:28:00,519 INFO tc.alpine:3.17 - Starting to pull image
2025-01-30 18:28:00,520 INFO tc.alpine:3.17 - Pulling image layers:  0 pending,  0 downloaded,  0 extracted, (0 bytes/0 bytes)
2025-01-30 18:28:01,107 INFO tc.alpine:3.17 - Pulling image layers:  0 pending,  1 downloaded,  0 extracted, (33 KB/3 MB)
2025-01-30 18:28:01,204 INFO tc.alpine:3.17 - Pulling image layers:  0 pending,  1 downloaded,  1 extracted, (3 MB/3 MB)
2025-01-30 18:28:01,210 INFO tc.alpine:3.17 - Image alpine:3.17 pull took PT1.706467092S
2025-01-30 18:28:01,507 INFO t.selenium/standalone-chrome:4.28.1 - Container selenium/standalone-chrome:4.28.1 is starting: de67a21e131db3d1d43f9366c046ca410cf202780f5f63fbae17d4225e3c2508
2025-01-30 18:28:04,298 INFO t.selenium/standalone-chrome:4.28.1 - Container selenium/standalone-chrome:4.28.1 started in PT4.797868982S
2025-01-30 18:28:04,299 INFO c.h.h.t.HelmChartContainerExtension - Using cached HelmChartContainer instance
2025-01-30 18:28:04,301 INFO c.h.h.t.HelmChartContainerExtension - Creating cached HelmChartContainer instance
2025-01-30 18:28:04,366 INFO o.t.i.builder.ImageFromDockerfile - Pre-emptively checking local images for 'ubuntu:noble-20241118.1@sha256:80dd3c3b9c6cecb9f1667e9290b3bc61b78c2678c02cbdae5f0fea92cc6734ab', referenced via a Dockerfile. If not available, it will be pulled.
2025-01-30 18:28:04,369 INFO t.u.1@sha256:80dd3c... - Pulling docker image: ubuntu:noble-20241118.1@sha256:80dd3c3b9c6cecb9f1667e9290b3bc61b78c2678c02cbdae5f0fea92cc6734ab. Please be patient; this may take some time but only needs to be done once.
2025-01-30 18:28:05,114 INFO t.u.1@sha256:80dd3c... - Starting to pull image
2025-01-30 18:28:05,114 INFO t.u.1@sha256:80dd3c... - Pulling image layers:  0 pending,  0 downloaded,  0 extracted, (0 bytes/0 bytes)
2025-01-30 18:28:05,639 INFO t.u.1@sha256:80dd3c... - Image ubuntu:noble-20241118.1@sha256:80dd3c3b9c6cecb9f1667e9290b3bc61b78c2678c02cbdae5f0fea92cc6734ab pull took PT1.27074209S
2025-01-30 18:28:05,641 INFO o.t.i.builder.ImageFromDockerfile - Pre-emptively checking local images for 'rancher/k3s:v1.32.1-k3s1', referenced via a Dockerfile. If not available, it will be pulled.
2025-01-30 18:28:05,642 INFO tc.rancher/k3s:v1.32.1-k3s1 - Pulling docker image: rancher/k3s:v1.32.1-k3s1. Please be patient; this may take some time but only needs to be done once.
2025-01-30 18:28:06,654 INFO tc.rancher/k3s:v1.32.1-k3s1 - Starting to pull image
2025-01-30 18:28:06,654 INFO tc.rancher/k3s:v1.32.1-k3s1 - Pulling image layers:  0 pending,  0 downloaded,  0 extracted, (0 bytes/0 bytes)
2025-01-30 18:28:09,273 INFO tc.rancher/k3s:v1.32.1-k3s1 - Pulling image layers:  0 pending,  1 downloaded,  0 extracted, (63 MB/71 MB)
2025-01-30 18:28:10,328 INFO tc.rancher/k3s:v1.32.1-k3s1 - Pulling image layers:  0 pending,  1 downloaded,  1 extracted, (71 MB/71 MB)
2025-01-30 18:28:10,334 INFO tc.rancher/k3s:v1.32.1-k3s1 - Pull complete. 1 layers, pulled in 3s (downloaded 71 MB at 23 MB/s)
2025-01-30 18:28:10,334 INFO tc.rancher/k3s:v1.32.1-k3s1 - Image rancher/k3s:v1.32.1-k3s1 pull took PT4.691149427S
2025-01-30 18:28:10,338 INFO o.t.i.builder.ImageFromDockerfile - Transferred 0 bytes to Docker daemon
2025-01-30 18:28:25,021 INFO c.h.h.t.HelmChartContainer - Starting HelmChartContainer...
2025-01-30 18:28:25,023 INFO t.localhost/testcontainers/rhw7rqfh49utlt54:latest - Creating container for image: localhost/testcontainers/rhw7rqfh49utlt54:latest
2025-01-30 18:28:25,357 INFO t.localhost/testcontainers/rhw7rqfh49utlt54:latest - Container localhost/testcontainers/rhw7rqfh49utlt54:latest is starting: b99e65a4204c4c6f8446da896c3837aadd1e774778a34f01510c8fa79c45e55c
2025-01-30 18:28:25,733 INFO c.h.h.t.HelmChartContainer - [K3S] [INFO] Starting k3s v1.32.1+k3s1 (6a322f12)
2025-01-30 18:28:25,736 INFO c.h.h.t.HelmChartContainer - [K3S] [INFO] Configuring sqlite3 database connection pooling: maxIdleConns=2, maxOpenConns=0, connMaxLifetime=0s
2025-01-30 18:28:25,736 INFO c.h.h.t.HelmChartContainer - [K3S] [INFO] Configuring database table schema and indexes, this may take a moment...
2025-01-30 18:28:25,739 INFO c.h.h.t.HelmChartContainer - [K3S] [INFO] Database tables and indexes are up to date
2025-01-30 18:28:25,743 INFO c.h.h.t.HelmChartContainer - [K3S] [INFO] Kine available at unix://kine.sock
2025-01-30 18:28:25,848 INFO c.h.h.t.HelmChartContainer - [K3S] [INFO] Saving cluster bootstrap data to datastore
2025-01-30 18:28:25,848 INFO c.h.h.t.HelmChartContainer - [K3S] [WARNING] dynamiclistener [::]:6443: no cached certificate available for preload - deferring certificate load until storage initialization or first client request
2025-01-30 18:28:25,849 INFO c.h.h.t.HelmChartContainer - [K3S] [INFO] Active TLS secret / (ver=) (count 10): map[listener.cattle.io/cn-10.43.0.1:10.43.0.1 listener.cattle.io/cn-127.0.0.1:127.0.0.1 listener.cattle.io/cn-172.18.0.2:172.18.0.2 listener.cattle.io/cn-__1-f16284:::1 listener.cattle.io/cn-b99e65a4204c:b99e65a4204c listener.cattle.io/cn-kubernetes:kubernetes listener.cattle.io/cn-kubernetes.default:kubernetes.default listener.cattle.io/cn-kubernetes.default.svc:kubernetes.default.svc listener.cattle.io/cn-kubernetes.default.svc.cluster.local:kubernetes.default.svc.cluster.local listener.cattle.io/cn-localhost:localhost listener.cattle.io/fingerprint:SHA1=B2411EC24A5948D7569CD3D22E673CDFB9D96FAC]
2025-01-30 18:28:26,020 INFO c.h.h.t.HelmChartContainer - [K3S] [INFO] Running kube-apiserver --advertise-port=6443 --allow-privileged=true --anonymous-auth=false --api-audiences=https://kubernetes.default.svc.cluster.local,k3s --authorization-mode=Node,RBAC --bind-address=127.0.0.1 --cert-dir=/var/lib/rancher/k3s/server/tls/temporary-certs --client-ca-file=/var/lib/rancher/k3s/server/tls/client-ca.crt --egress-selector-config-file=/var/lib/rancher/k3s/server/etc/egress-selector-config.yaml --enable-admission-plugins=NodeRestriction --enable-aggregator-routing=true --enable-bootstrap-token-auth=true --etcd-compaction-interval=0s --etcd-servers=unix://kine.sock --kubelet-certificate-authority=/var/lib/rancher/k3s/server/tls/server-ca.crt --kubelet-client-certificate=/var/lib/rancher/k3s/server/tls/client-kube-apiserver.crt --kubelet-client-key=/var/lib/rancher/k3s/server/tls/client-kube-apiserver.key --kubelet-preferred-address-types=InternalIP,ExternalIP,Hostname --profiling=false --proxy-client-cert-file=/var/lib/rancher/k3s/server/tls/client-auth-proxy.crt --proxy-client-key-file=/var/lib/rancher/k3s/server/tls/client-auth-proxy.key --requestheader-allowed-names=system:auth-proxy --requestheader-client-ca-file=/var/lib/rancher/k3s/server/tls/request-header-ca.crt --requestheader-extra-headers-prefix=X-Remote-Extra- --requestheader-group-headers=X-Remote-Group --requestheader-username-headers=X-Remote-User --secure-port=6444 --service-account-issuer=https://kubernetes.default.svc.cluster.local --service-account-key-file=/var/lib/rancher/k3s/server/tls/service.key --service-account-signing-key-file=/var/lib/rancher/k3s/server/tls/service.current.key --service-cluster-ip-range=10.43.0.0/16 --service-node-port-range=30000-32767 --storage-backend=etcd3 --tls-cert-file=/var/lib/rancher/k3s/server/tls/serving-kube-apiserver.crt --tls-cipher-suites=TLS_ECDHE_ECDSA_WITH_AES_256_GCM_SHA384,TLS_ECDHE_RSA_WITH_AES_256_GCM_SHA384,TLS_ECDHE_ECDSA_WITH_AES_128_GCM_SHA256,TLS_ECDHE_RSA_WITH_AES_128_GCM_SHA256,TLS_ECDHE_ECDSA_WITH_CHACHA20_POLY1305,TLS_ECDHE_RSA_WITH_CHACHA20_POLY1305 --tls-private-key-file=/var/lib/rancher/k3s/server/tls/serving-kube-apiserver.key
2025-01-30 18:28:26,024 INFO c.h.h.t.HelmChartContainer - [K3S] [INFO] Running kube-scheduler --authentication-kubeconfig=/var/lib/rancher/k3s/server/cred/scheduler.kubeconfig --authorization-kubeconfig=/var/lib/rancher/k3s/server/cred/scheduler.kubeconfig --bind-address=127.0.0.1 --kubeconfig=/var/lib/rancher/k3s/server/cred/scheduler.kubeconfig --leader-elect=false --profiling=false --secure-port=10259
2025-01-30 18:28:26,024 INFO c.h.h.t.HelmChartContainer - [K3S] [registry.go:256] calling componentGlobalsRegistry.AddFlags more than once, the registry will be set by the latest flags
2025-01-30 18:28:26,025 INFO c.h.h.t.HelmChartContainer - [K3S] [INFO] Waiting for API server to become available
2025-01-30 18:28:26,026 INFO c.h.h.t.HelmChartContainer - [K3S] [INFO] Running kube-controller-manager --allocate-node-cidrs=true --authentication-kubeconfig=/var/lib/rancher/k3s/server/cred/controller.kubeconfig --authorization-kubeconfig=/var/lib/rancher/k3s/server/cred/controller.kubeconfig --bind-address=127.0.0.1 --cluster-cidr=10.42.0.0/16 --cluster-signing-kube-apiserver-client-cert-file=/var/lib/rancher/k3s/server/tls/client-ca.nochain.crt --cluster-signing-kube-apiserver-client-key-file=/var/lib/rancher/k3s/server/tls/client-ca.key --cluster-signing-kubelet-client-cert-file=/var/lib/rancher/k3s/server/tls/client-ca.nochain.crt --cluster-signing-kubelet-client-key-file=/var/lib/rancher/k3s/server/tls/client-ca.key --cluster-signing-kubelet-serving-cert-file=/var/lib/rancher/k3s/server/tls/server-ca.nochain.crt --cluster-signing-kubelet-serving-key-file=/var/lib/rancher/k3s/server/tls/server-ca.key --cluster-signing-legacy-unknown-cert-file=/var/lib/rancher/k3s/server/tls/server-ca.nochain.crt --cluster-signing-legacy-unknown-key-file=/var/lib/rancher/k3s/server/tls/server-ca.key --configure-cloud-routes=false --controllers=*,tokencleaner,-service,-route,-cloud-node-lifecycle --kubeconfig=/var/lib/rancher/k3s/server/cred/controller.kubeconfig --leader-elect=false --profiling=false --root-ca-file=/var/lib/rancher/k3s/server/tls/server-ca.crt --secure-port=10257 --service-account-private-key-file=/var/lib/rancher/k3s/server/tls/service.current.key --service-cluster-ip-range=10.43.0.0/16 --use-service-account-credentials=true
2025-01-30 18:28:26,027 INFO c.h.h.t.HelmChartContainer - [K3S] [registry.go:256] calling componentGlobalsRegistry.AddFlags more than once, the registry will be set by the latest flags
2025-01-30 18:28:26,027 INFO c.h.h.t.HelmChartContainer - [K3S] [options.go:299] unable to set WatchListClient feature gate, err: cannot override default for feature "WatchListClient": gates already added to a flag set
2025-01-30 18:28:26,027 INFO c.h.h.t.HelmChartContainer - [K3S] [registry.go:256] calling componentGlobalsRegistry.AddFlags more than once, the registry will be set by the latest flags
2025-01-30 18:28:26,027 INFO c.h.h.t.HelmChartContainer - [K3S] [INFO] Running cloud-controller-manager --allocate-node-cidrs=true --authentication-kubeconfig=/var/lib/rancher/k3s/server/cred/cloud-controller.kubeconfig --authorization-kubeconfig=/var/lib/rancher/k3s/server/cred/cloud-controller.kubeconfig --bind-address=127.0.0.1 --cloud-config=/var/lib/rancher/k3s/server/etc/cloud-config.yaml --cloud-provider=k3s --cluster-cidr=10.42.0.0/16 --configure-cloud-routes=false --controllers=*,-route --kubeconfig=/var/lib/rancher/k3s/server/cred/cloud-controller.kubeconfig --leader-elect=false --leader-elect-resource-name=k3s-cloud-controller-manager --node-status-update-frequency=1m0s --profiling=false
2025-01-30 18:28:26,027 INFO c.h.h.t.HelmChartContainer - [K3S] [options.go:238] external host was not specified, using 172.18.0.2
2025-01-30 18:28:26,028 INFO c.h.h.t.HelmChartContainer - [K3S] [INFO] Server node token is available at /var/lib/rancher/k3s/server/token
2025-01-30 18:28:26,028 INFO c.h.h.t.HelmChartContainer - [K3S] [INFO] To join server node to cluster: k3s server -s https://172.18.0.2:6443 -t ${SERVER_NODE_TOKEN}
2025-01-30 18:28:26,028 INFO c.h.h.t.HelmChartContainer - [K3S] [INFO] Agent node token is available at /var/lib/rancher/k3s/server/agent-token
2025-01-30 18:28:26,028 INFO c.h.h.t.HelmChartContainer - [K3S] [INFO] To join agent node to cluster: k3s agent -s https://172.18.0.2:6443 -t ${AGENT_NODE_TOKEN}
2025-01-30 18:28:26,028 INFO c.h.h.t.HelmChartContainer - [K3S] [server.go:151] Version: v1.32.1+k3s1
2025-01-30 18:28:26,028 INFO c.h.h.t.HelmChartContainer - [K3S] [server.go:153] "Golang settings" GOGC="" GOMAXPROCS="" GOTRACEBACK=""
2025-01-30 18:28:26,028 INFO c.h.h.t.HelmChartContainer - [K3S] [INFO] Wrote kubeconfig /etc/rancher/k3s/k3s.yaml
2025-01-30 18:28:26,028 INFO c.h.h.t.HelmChartContainer - [K3S] [INFO] Run: k3s kubectl
2025-01-30 18:28:26,473 INFO c.h.h.t.HelmChartContainer - [K3S] [plugins.go:157] Loaded 13 mutating admission controller(s) successfully in the following order: NamespaceLifecycle,LimitRanger,ServiceAccount,NodeRestriction,TaintNodesByCondition,Priority,DefaultTolerationSeconds,DefaultStorageClass,StorageObjectInUseProtection,RuntimeClass,DefaultIngressClass,MutatingAdmissionPolicy,MutatingAdmissionWebhook.
2025-01-30 18:28:26,473 INFO c.h.h.t.HelmChartContainer - [K3S] [plugins.go:160] Loaded 13 validating admission controller(s) successfully in the following order: LimitRanger,ServiceAccount,PodSecurity,Priority,PersistentVolumeClaimResize,RuntimeClass,CertificateApproval,CertificateSigning,ClusterTrustBundleAttest,CertificateSubjectRestriction,ValidatingAdmissionPolicy,ValidatingAdmissionWebhook,ResourceQuota.
2025-01-30 18:28:26,475 INFO c.h.h.t.HelmChartContainer - [K3S] [instance.go:233] Using reconciler: lease
2025-01-30 18:28:26,548 INFO c.h.h.t.HelmChartContainer - [K3S] [apis.go:106] API group "internal.apiserver.k8s.io" is not enabled, skipping.
2025-01-30 18:28:26,590 INFO c.h.h.t.HelmChartContainer - [K3S] [apis.go:106] API group "storagemigration.k8s.io" is not enabled, skipping.
2025-01-30 18:28:26,627 INFO c.h.h.t.HelmChartContainer - [K3S] [apis.go:106] API group "resource.k8s.io" is not enabled, skipping.
2025-01-30 18:28:26,649 INFO c.h.h.t.HelmChartContainer - [K3S] [INFO] Password verified locally for node b99e65a4204c
2025-01-30 18:28:26,986 INFO c.h.h.t.HelmChartContainer - [K3S] [dynamic_cafile_content.go:161] "Starting controller" name="client-ca-bundle::/var/lib/rancher/k3s/server/tls/client-ca.crt"
2025-01-30 18:28:26,989 INFO c.h.h.t.HelmChartContainer - [K3S] [dynamic_cafile_content.go:161] "Starting controller" name="request-header::/var/lib/rancher/k3s/server/tls/request-header-ca.crt"
2025-01-30 18:28:26,990 INFO c.h.h.t.HelmChartContainer - [K3S] [secure_serving.go:213] Serving securely on 127.0.0.1:6444
2025-01-30 18:28:26,990 INFO c.h.h.t.HelmChartContainer - [K3S] [dynamic_serving_content.go:135] "Starting controller" name="serving-cert::/var/lib/rancher/k3s/server/tls/serving-kube-apiserver.crt::/var/lib/rancher/k3s/server/tls/serving-kube-apiserver.key"
2025-01-30 18:28:26,990 INFO c.h.h.t.HelmChartContainer - [K3S] [tlsconfig.go:243] "Starting DynamicServingCertificateController"
2025-01-30 18:28:26,990 INFO c.h.h.t.HelmChartContainer - [K3S] [apf_controller.go:377] Starting API Priority and Fairness config controller
2025-01-30 18:28:26,990 INFO c.h.h.t.HelmChartContainer - [K3S] [dynamic_serving_content.go:135] "Starting controller" name="aggregator-proxy-cert::/var/lib/rancher/k3s/server/tls/client-auth-proxy.crt::/var/lib/rancher/k3s/server/tls/client-auth-proxy.key"
2025-01-30 18:28:26,990 INFO c.h.h.t.HelmChartContainer - [K3S] [cluster_authentication_trust_controller.go:462] Starting cluster_authentication_trust_controller controller
2025-01-30 18:28:26,990 INFO c.h.h.t.HelmChartContainer - [K3S] [controller.go:119] Starting legacy_token_tracking_controller
2025-01-30 18:28:26,990 INFO c.h.h.t.HelmChartContainer - [K3S] [apiservice_controller.go:100] Starting APIServiceRegistrationController
2025-01-30 18:28:26,990 INFO c.h.h.t.HelmChartContainer - [K3S] [customresource_discovery_controller.go:292] Starting DiscoveryController
2025-01-30 18:28:26,990 INFO c.h.h.t.HelmChartContainer - [K3S] [controller.go:80] Starting OpenAPI V3 AggregationController
2025-01-30 18:28:26,991 INFO c.h.h.t.HelmChartContainer - [K3S] [local_available_controller.go:156] Starting LocalAvailability controller
2025-01-30 18:28:26,991 INFO c.h.h.t.HelmChartContainer - [K3S] [system_namespaces_controller.go:66] Starting system namespaces controller
2025-01-30 18:28:26,991 INFO c.h.h.t.HelmChartContainer - [K3S] [remote_available_controller.go:411] Starting RemoteAvailability controller
2025-01-30 18:28:26,991 INFO c.h.h.t.HelmChartContainer - [K3S] [gc_controller.go:78] Starting apiserver lease garbage collector
2025-01-30 18:28:26,991 INFO c.h.h.t.HelmChartContainer - [K3S] [aggregator.go:169] waiting for initial CRD sync...
2025-01-30 18:28:26,991 INFO c.h.h.t.HelmChartContainer - [K3S] [controller.go:78] Starting OpenAPI AggregationController
2025-01-30 18:28:26,991 INFO c.h.h.t.HelmChartContainer - [K3S] [dynamic_cafile_content.go:161] "Starting controller" name="client-ca-bundle::/var/lib/rancher/k3s/server/tls/client-ca.crt"
2025-01-30 18:28:26,991 INFO c.h.h.t.HelmChartContainer - [K3S] [dynamic_cafile_content.go:161] "Starting controller" name="request-header::/var/lib/rancher/k3s/server/tls/request-header-ca.crt"
2025-01-30 18:28:26,991 INFO c.h.h.t.HelmChartContainer - [K3S] [controller.go:142] Starting OpenAPI controller
2025-01-30 18:28:26,991 INFO c.h.h.t.HelmChartContainer - [K3S] [controller.go:90] Starting OpenAPI V3 controller
2025-01-30 18:28:26,991 INFO c.h.h.t.HelmChartContainer - [K3S] [naming_controller.go:294] Starting NamingConditionController
2025-01-30 18:28:26,992 INFO c.h.h.t.HelmChartContainer - [K3S] [establishing_controller.go:81] Starting EstablishingController
2025-01-30 18:28:26,992 INFO c.h.h.t.HelmChartContainer - [K3S] [nonstructuralschema_controller.go:195] Starting NonStructuralSchemaConditionController
2025-01-30 18:28:26,992 INFO c.h.h.t.HelmChartContainer - [K3S] [apiapproval_controller.go:189] Starting KubernetesAPIApprovalPolicyConformantConditionController
2025-01-30 18:28:26,992 INFO c.h.h.t.HelmChartContainer - [K3S] [crd_finalizer.go:269] Starting CRDFinalizer
2025-01-30 18:28:26,992 INFO c.h.h.t.HelmChartContainer - [K3S] [crdregistration_controller.go:114] Starting crd-autoregister controller
2025-01-30 18:28:27,069 INFO c.h.h.t.HelmChartContainer - [K3S] [policy_source.go:240] refreshing policies
2025-01-30 18:28:27,097 INFO c.h.h.t.HelmChartContainer - [K3S] [apf_controller.go:382] Running API Priority and Fairness config worker
2025-01-30 18:28:27,098 INFO c.h.h.t.HelmChartContainer - [K3S] [apf_controller.go:385] Running API Priority and Fairness periodic rebalancing process
2025-01-30 18:28:27,099 INFO c.h.h.t.HelmChartContainer - [K3S] [handler_discovery.go:451] Starting ResourceDiscoveryManager
2025-01-30 18:28:27,099 INFO c.h.h.t.HelmChartContainer - [K3S] [aggregator.go:171] initial CRD sync complete...
2025-01-30 18:28:27,099 INFO c.h.h.t.HelmChartContainer - [K3S] [autoregister_controller.go:144] Starting autoregister controller
2025-01-30 18:28:27,131 INFO c.h.h.t.HelmChartContainer - [K3S] [controller.go:145] "Failed to ensure lease exists, will retry" err="namespaces \"kube-system\" not found" interval="200ms"
2025-01-30 18:28:27,167 INFO c.h.h.t.HelmChartContainer - [K3S] [controller.go:95] Unable to perform initial Kubernetes service initialization: namespaces "default" not found
2025-01-30 18:28:27,294 INFO c.h.h.t.HelmChartContainer - [K3S] [WARNING] Host resolv.conf includes loopback or multicast nameservers - kubelet will use autogenerated resolv.conf with nameserver 8.8.8.8
2025-01-30 18:28:27,304 INFO c.h.h.t.HelmChartContainer - [K3S] [INFO] Module overlay was already loaded
2025-01-30 18:28:27,305 INFO c.h.h.t.HelmChartContainer - [K3S] [INFO] Module nf_conntrack was already loaded
2025-01-30 18:28:27,305 INFO c.h.h.t.HelmChartContainer - [K3S] [INFO] Module br_netfilter was already loaded
2025-01-30 18:28:27,310 INFO c.h.h.t.HelmChartContainer - [K3S] [INFO] Set sysctl 'net/netfilter/nf_conntrack_tcp_timeout_close_wait' to 3600
2025-01-30 18:28:27,310 INFO c.h.h.t.HelmChartContainer - [K3S] [INFO] Set sysctl 'net/netfilter/nf_conntrack_max' to 131072
2025-01-30 18:28:27,311 INFO c.h.h.t.HelmChartContainer - [K3S] [INFO] Set sysctl 'net/netfilter/nf_conntrack_tcp_timeout_established' to 86400
2025-01-30 18:28:27,312 INFO c.h.h.t.HelmChartContainer - [K3S] [INFO] Logging containerd to /var/lib/rancher/k3s/agent/containerd/containerd.log
2025-01-30 18:28:27,312 INFO c.h.h.t.HelmChartContainer - [K3S] [INFO] Running containerd -c /var/lib/rancher/k3s/agent/etc/containerd/config.toml -a /run/k3s/containerd/containerd.sock --state /run/k3s/containerd --root /var/lib/rancher/k3s/agent/containerd
2025-01-30 18:28:27,991 INFO c.h.h.t.HelmChartContainer - [K3S] [storage_scheduling.go:95] created PriorityClass system-node-critical with value 2000001000
2025-01-30 18:28:27,995 INFO c.h.h.t.HelmChartContainer - [K3S] [storage_scheduling.go:95] created PriorityClass system-cluster-critical with value 2000000000
2025-01-30 18:28:27,995 INFO c.h.h.t.HelmChartContainer - [K3S] [storage_scheduling.go:111] all system priority classes are created successfully or already exist.
2025-01-30 18:28:28,316 INFO c.h.h.t.HelmChartContainer - [K3S] [INFO] containerd is now running
2025-01-30 18:28:28,324 INFO c.h.h.t.HelmChartContainer - [K3S] [INFO] Connecting to proxy" url="wss://127.0.0.1:6443/v1-k3s/connect
2025-01-30 18:28:28,325 INFO c.h.h.t.HelmChartContainer - [K3S] [INFO] Creating k3s-cert-monitor event broadcaster
2025-01-30 18:28:28,325 INFO c.h.h.t.HelmChartContainer - [K3S] [INFO] Running kubelet --cloud-provider=external --config-dir=/var/lib/rancher/k3s/agent/etc/kubelet.conf.d --containerd=/run/k3s/containerd/containerd.sock --hostname-override=b99e65a4204c --kubeconfig=/var/lib/rancher/k3s/agent/kubelet.kubeconfig --node-ip=172.18.0.2 --node-labels=
2025-01-30 18:28:28,330 INFO c.h.h.t.HelmChartContainer - [K3S] [INFO] Handling backend connection request [b99e65a4204c]
2025-01-30 18:28:28,331 INFO c.h.h.t.HelmChartContainer - [K3S] [INFO] Remotedialer connected to proxy" url="wss://127.0.0.1:6443/v1-k3s/connect
2025-01-30 18:28:28,459 INFO c.h.h.t.HelmChartContainer - [K3S] [ERROR] Sending HTTP/1.1 503 response to 127.0.0.1:40124: runtime core not ready
2025-01-30 18:28:28,478 INFO c.h.h.t.HelmChartContainer - [K3S] [alloc.go:330] "allocated clusterIPs" service="default/kubernetes" clusterIPs={"IPv4":"10.43.0.1"}
2025-01-30 18:28:28,482 INFO c.h.h.t.HelmChartContainer - [K3S] [lease.go:265] Resetting endpoints for master service "kubernetes" to [172.18.0.2]
2025-01-30 18:28:28,552 INFO c.h.h.t.HelmChartContainer - [K3S] [INFO] Running kube-proxy --cluster-cidr=10.42.0.0/16 --conntrack-max-per-core=0 --conntrack-tcp-timeout-close-wait=0s --conntrack-tcp-timeout-established=0s --healthz-bind-address=127.0.0.1 --hostname-override=b99e65a4204c --kubeconfig=/var/lib/rancher/k3s/agent/kubeproxy.kubeconfig --proxy-mode=iptables
2025-01-30 18:28:28,588 INFO c.h.h.t.HelmChartContainer - [K3S] [server.go:687] "Failed to retrieve node info" err="nodes \"b99e65a4204c\" not found"
2025-01-30 18:28:29,028 INFO c.h.h.t.HelmChartContainer - [K3S] [INFO] Waiting for untainted node
2025-01-30 18:28:29,028 INFO c.h.h.t.HelmChartContainer - [K3S] [INFO] Creating k3s-supervisor event broadcaster
2025-01-30 18:28:29,028 INFO c.h.h.t.HelmChartContainer - [K3S] [INFO] Waiting for cloud-controller-manager privileges to become available
2025-01-30 18:28:29,028 INFO c.h.h.t.HelmChartContainer - [K3S] [INFO] Kube API server is now running
2025-01-30 18:28:29,028 INFO c.h.h.t.HelmChartContainer - [K3S] [INFO] ETCD server is now running
2025-01-30 18:28:29,028 INFO c.h.h.t.HelmChartContainer - [K3S] [INFO] k3s is up and running
2025-01-30 18:28:29,036 INFO c.h.h.t.HelmChartContainer - [K3S] [INFO] Applying CRD addons.k3s.cattle.io
2025-01-30 18:28:29,050 INFO c.h.h.t.HelmChartContainer - [K3S] [INFO] Applying CRD etcdsnapshotfiles.k3s.cattle.io
2025-01-30 18:28:29,059 INFO c.h.h.t.HelmChartContainer - [K3S] [INFO] Applying CRD helmcharts.helm.cattle.io
2025-01-30 18:28:29,073 INFO c.h.h.t.HelmChartContainer - [K3S] [INFO] Applying CRD helmchartconfigs.helm.cattle.io
2025-01-30 18:28:29,093 INFO c.h.h.t.HelmChartContainer - [K3S] [INFO] Waiting for CRD helmchartconfigs.helm.cattle.io to become available
2025-01-30 18:28:29,334 INFO c.h.h.t.HelmChartContainer - [K3S] Flag --containerd has been deprecated, This is a cadvisor flag that was mistakenly registered with the Kubelet. Due to legacy concerns, it will follow the standard CLI deprecation timeline before being removed.
2025-01-30 18:28:29,335 INFO c.h.h.t.HelmChartContainer - [K3S] [server.go:515] "Kubelet version" kubeletVersion="v1.32.1+k3s1"
2025-01-30 18:28:29,336 INFO c.h.h.t.HelmChartContainer - [K3S] [server.go:517] "Golang settings" GOGC="" GOMAXPROCS="" GOTRACEBACK=""
2025-01-30 18:28:29,336 INFO c.h.h.t.HelmChartContainer - [K3S] [dynamic_cafile_content.go:161] "Starting controller" name="client-ca-bundle::/var/lib/rancher/k3s/agent/client-ca.crt"
2025-01-30 18:28:29,339 INFO c.h.h.t.HelmChartContainer - [K3S] [log.go:32] "RuntimeConfig from runtime service failed" err="rpc error: code = Unimplemented desc = method RuntimeConfig not implemented"
2025-01-30 18:28:29,339 INFO c.h.h.t.HelmChartContainer - [K3S] [server.go:1416] "CRI implementation should be updated to support RuntimeConfig when KubeletCgroupDriverFromCRI feature gate has been enabled. Falling back to using cgroupDriver from kubelet config."
2025-01-30 18:28:29,343 INFO c.h.h.t.HelmChartContainer - [K3S] [info.go:53] Couldn't collect info from any of the files in "/etc/machine-id,/var/lib/dbus/machine-id"
2025-01-30 18:28:29,344 INFO c.h.h.t.HelmChartContainer - [K3S] [server.go:767] "--cgroups-per-qos enabled, but --cgroup-root was not specified.  defaulting to /"
2025-01-30 18:28:29,344 INFO c.h.h.t.HelmChartContainer - [K3S] [server.go:836] "NoSwap is set due to memorySwapBehavior not specified" memorySwapBehavior="" FailSwapOn=false
2025-01-30 18:28:29,344 INFO c.h.h.t.HelmChartContainer - [K3S] [swap_util.go:115] "Swap is on" /proc/swaps contents=<
2025-01-30 18:28:29,344 INFO c.h.h.t.HelmChartContainer - [K3S] 	Filename				Type		Size		Used		Priority
2025-01-30 18:28:29,344 INFO c.h.h.t.HelmChartContainer - [K3S] 	/mnt/swapfile                           file		4194300		524		-2
2025-01-30 18:28:29,344 INFO c.h.h.t.HelmChartContainer - [K3S]  >
2025-01-30 18:28:29,345 INFO c.h.h.t.HelmChartContainer - [K3S] [container_manager_linux.go:268] "Container manager verified user specified cgroup-root exists" cgroupRoot=[]
2025-01-30 18:28:29,346 INFO c.h.h.t.HelmChartContainer - [K3S] [container_manager_linux.go:273] "Creating Container Manager object based on Node Config" nodeConfig={"NodeName":"b99e65a4204c","RuntimeCgroupsName":"","SystemCgroupsName":"","KubeletCgroupsName":"/k3s","KubeletOOMScoreAdj":-999,"ContainerRuntime":"","CgroupsPerQOS":true,"CgroupRoot":"/","CgroupDriver":"cgroupfs","KubeletRootDir":"/var/lib/kubelet","ProtectKernelDefaults":false,"KubeReservedCgroupName":"","SystemReservedCgroupName":"","ReservedSystemCPUs":{},"EnforceNodeAllocatable":{"pods":{}},"KubeReserved":null,"SystemReserved":null,"HardEvictionThresholds":[{"Signal":"imagefs.available","Operator":"LessThan","Value":{"Quantity":null,"Percentage":0.05},"GracePeriod":0,"MinReclaim":null},{"Signal":"nodefs.available","Operator":"LessThan","Value":{"Quantity":null,"Percentage":0.05},"GracePeriod":0,"MinReclaim":null}],"QOSReserved":{},"CPUManagerPolicy":"none","CPUManagerPolicyOptions":null,"TopologyManagerScope":"container","CPUManagerReconcilePeriod":10000000000,"ExperimentalMemoryManagerPolicy":"None","ExperimentalMemoryManagerReservedMemory":null,"PodPidsLimit":-1,"EnforceCPULimits":true,"CPUCFSQuotaPeriod":100000000,"TopologyManagerPolicy":"none","TopologyManagerPolicyOptions":null,"CgroupVersion":2}
2025-01-30 18:28:29,346 INFO c.h.h.t.HelmChartContainer - [K3S] [topology_manager.go:138] "Creating topology manager with none policy"
2025-01-30 18:28:29,347 INFO c.h.h.t.HelmChartContainer - [K3S] [container_manager_linux.go:304] "Creating device plugin manager"
2025-01-30 18:28:29,347 INFO c.h.h.t.HelmChartContainer - [K3S] [state_mem.go:36] "Initialized new in-memory state store"
2025-01-30 18:28:29,348 INFO c.h.h.t.HelmChartContainer - [K3S] [kubelet.go:446] "Attempting to sync node with API server"
2025-01-30 18:28:29,348 INFO c.h.h.t.HelmChartContainer - [K3S] [kubelet.go:341] "Adding static pod path" path="/var/lib/rancher/k3s/agent/pod-manifests"
2025-01-30 18:28:29,348 INFO c.h.h.t.HelmChartContainer - [K3S] [kubelet.go:352] "Adding apiserver pod source"
2025-01-30 18:28:29,348 INFO c.h.h.t.HelmChartContainer - [K3S] [apiserver.go:42] "Waiting for node sync before watching apiserver pods"
2025-01-30 18:28:29,348 INFO c.h.h.t.HelmChartContainer - [K3S] [apiserver.go:52] "Watching apiserver"
2025-01-30 18:28:29,351 INFO c.h.h.t.HelmChartContainer - [K3S] [kuberuntime_manager.go:269] "Container runtime initialized" containerRuntime="containerd" version="v1.7.23-k3s2" apiVersion="v1"
2025-01-30 18:28:29,351 INFO c.h.h.t.HelmChartContainer - [K3S] [kubelet.go:890] "Not starting ClusterTrustBundle informer because we are in static kubelet mode"
2025-01-30 18:28:29,352 INFO c.h.h.t.HelmChartContainer - [K3S] [probe.go:272] Flexvolume plugin directory at /usr/libexec/kubernetes/kubelet-plugins/volume/exec/ does not exist. Recreating.
2025-01-30 18:28:29,353 INFO c.h.h.t.HelmChartContainer - [K3S] [watchdog_linux.go:99] "Systemd watchdog is not enabled"
2025-01-30 18:28:29,353 INFO c.h.h.t.HelmChartContainer - [K3S] [server.go:1282] "Started kubelet"
2025-01-30 18:28:29,356 INFO c.h.h.t.HelmChartContainer - [K3S] [ratelimit.go:55] "Setting rate limiting for endpoint" service="podresources" qps=100 burstTokens=10
2025-01-30 18:28:29,357 INFO c.h.h.t.HelmChartContainer - [K3S] [server.go:243] "Starting to serve the podresources API" endpoint="unix:/var/lib/kubelet/pod-resources/kubelet.sock"
2025-01-30 18:28:29,357 INFO c.h.h.t.HelmChartContainer - [K3S] [server.go:169] "Starting to listen" address="0.0.0.0" port=10250
2025-01-30 18:28:29,360 INFO c.h.h.t.HelmChartContainer - [K3S] [server.go:490] "Adding debug handlers to kubelet server"
2025-01-30 18:28:29,361 INFO c.h.h.t.HelmChartContainer - [K3S] [server.go:208] "Starting to listen read-only" address="0.0.0.0" port=10255
2025-01-30 18:28:29,362 INFO c.h.h.t.HelmChartContainer - [K3S] [kubelet.go:1561] "Image garbage collection failed once. Stats initialization may not have completed yet" err="invalid capacity 0 on image filesystem"
2025-01-30 18:28:29,364 INFO c.h.h.t.HelmChartContainer - [K3S] [fs_resource_analyzer.go:67] "Starting FS ResourceAnalyzer"
2025-01-30 18:28:29,365 INFO c.h.h.t.HelmChartContainer - [K3S] [dynamic_serving_content.go:135] "Starting controller" name="kubelet-server-cert-files::/var/lib/rancher/k3s/agent/serving-kubelet.crt::/var/lib/rancher/k3s/agent/serving-kubelet.key"
2025-01-30 18:28:29,367 INFO c.h.h.t.HelmChartContainer - [K3S] [volume_manager.go:297] "Starting Kubelet Volume Manager"
2025-01-30 18:28:29,368 INFO c.h.h.t.HelmChartContainer - [K3S] [kubelet_node_status.go:467] "Error getting the current node from lister" err="node \"b99e65a4204c\" not found"
2025-01-30 18:28:29,368 INFO c.h.h.t.HelmChartContainer - [K3S] [desired_state_of_world_populator.go:149] "Desired state populator starts to run"
2025-01-30 18:28:29,369 INFO c.h.h.t.HelmChartContainer - [K3S] [reconciler.go:26] "Reconciler: start to sync state"
2025-01-30 18:28:29,371 INFO c.h.h.t.HelmChartContainer - [K3S] [factory.go:221] Registration of the systemd container factory successfully
2025-01-30 18:28:29,371 INFO c.h.h.t.HelmChartContainer - [K3S] [factory.go:219] Registration of the crio container factory failed: Get "http://%2Fvar%2Frun%2Fcrio%2Fcrio.sock/info": dial unix /var/run/crio/crio.sock: connect: no such file or directory
2025-01-30 18:28:29,372 INFO c.h.h.t.HelmChartContainer - [K3S] [factory.go:221] Registration of the containerd container factory successfully
2025-01-30 18:28:29,376 INFO c.h.h.t.HelmChartContainer - [K3S] [nodelease.go:49] "Failed to get node when trying to set owner ref to the node lease" err="nodes \"b99e65a4204c\" not found" node="b99e65a4204c"
2025-01-30 18:28:29,398 INFO c.h.h.t.HelmChartContainer - [K3S] [cpu_manager.go:221] "Starting CPU manager" policy="none"
2025-01-30 18:28:29,398 INFO c.h.h.t.HelmChartContainer - [K3S] [cpu_manager.go:222] "Reconciling" reconcilePeriod="10s"
2025-01-30 18:28:29,399 INFO c.h.h.t.HelmChartContainer - [K3S] [state_mem.go:36] "Initialized new in-memory state store"
2025-01-30 18:28:29,408 INFO c.h.h.t.HelmChartContainer - [K3S] [policy_none.go:49] "None policy: Start"
2025-01-30 18:28:29,411 INFO c.h.h.t.HelmChartContainer - [K3S] [memory_manager.go:186] "Starting memorymanager" policy="None"
2025-01-30 18:28:29,412 INFO c.h.h.t.HelmChartContainer - [K3S] [state_mem.go:35] "Initializing new in-memory state store"
2025-01-30 18:28:29,412 INFO c.h.h.t.HelmChartContainer - [K3S] [serving.go:392] Generated self-signed cert in-memory
2025-01-30 18:28:29,412 INFO c.h.h.t.HelmChartContainer - [K3S] [kubelet_network_linux.go:50] "Initialized iptables rules." protocol="IPv4"
2025-01-30 18:28:29,412 INFO c.h.h.t.HelmChartContainer - [K3S] [manager.go:519] "Failed to read data from checkpoint" checkpoint="kubelet_internal_checkpoint" err="checkpoint is not found"
2025-01-30 18:28:29,412 INFO c.h.h.t.HelmChartContainer - [K3S] [eviction_manager.go:189] "Eviction manager: starting control loop"
2025-01-30 18:28:29,414 INFO c.h.h.t.HelmChartContainer - [K3S] [container_log_manager.go:189] "Initializing container log rotate workers" workers=1 monitorPeriod="10s"
2025-01-30 18:28:29,414 INFO c.h.h.t.HelmChartContainer - [K3S] [kubelet_network_linux.go:50] "Initialized iptables rules." protocol="IPv6"
2025-01-30 18:28:29,414 INFO c.h.h.t.HelmChartContainer - [K3S] [status_manager.go:227] "Starting to sync pod status with apiserver"
2025-01-30 18:28:29,415 INFO c.h.h.t.HelmChartContainer - [K3S] [watchdog_linux.go:127] "Systemd watchdog is not enabled or the interval is invalid, so health checking will not be started."
2025-01-30 18:28:29,415 INFO c.h.h.t.HelmChartContainer - [K3S] [kubelet.go:2388] "Starting kubelet main sync loop"
2025-01-30 18:28:29,415 INFO c.h.h.t.HelmChartContainer - [K3S] [kubelet.go:2412] "Skipping pod synchronization" err="PLEG is not healthy: pleg has yet to be successful"
2025-01-30 18:28:29,416 INFO c.h.h.t.HelmChartContainer - [K3S] [plugin_manager.go:118] "Starting Kubelet Plugin Manager"
2025-01-30 18:28:29,422 INFO c.h.h.t.HelmChartContainer - [K3S] [eviction_manager.go:267] "eviction manager: failed to check if we have separate container filesystem. Ignoring." err="no imagefs label for configured runtime"
2025-01-30 18:28:29,423 INFO c.h.h.t.HelmChartContainer - [K3S] [eviction_manager.go:292] "Eviction manager: failed to get summary stats" err="failed to get node info: node \"b99e65a4204c\" not found"
2025-01-30 18:28:29,508 INFO c.h.h.t.HelmChartContainer - [K3S] [kubelet_node_status.go:76] "Attempting to register node" node="b99e65a4204c"
2025-01-30 18:28:29,516 INFO c.h.h.t.HelmChartContainer - [K3S] [kubelet_node_status.go:79] "Successfully registered node" node="b99e65a4204c"
2025-01-30 18:28:29,516 INFO c.h.h.t.HelmChartContainer - [K3S] [kubelet_node_status.go:549] "Error updating node status, will retry" err="error getting node \"b99e65a4204c\": node \"b99e65a4204c\" not found"
2025-01-30 18:28:29,528 INFO c.h.h.t.HelmChartContainer - [K3S] [INFO] Annotations and labels have been set successfully on node: b99e65a4204c
2025-01-30 18:28:29,528 INFO c.h.h.t.HelmChartContainer - [K3S] [INFO] Starting flannel with backend vxlan
2025-01-30 18:28:29,568 INFO c.h.h.t.HelmChartContainer - [K3S] [desired_state_of_world_populator.go:157] "Finished populating initial desired state of world"
2025-01-30 18:28:29,596 INFO c.h.h.t.HelmChartContainer - [K3S] [INFO] Done waiting for CRD helmchartconfigs.helm.cattle.io to become available
2025-01-30 18:28:29,598 INFO c.h.h.t.HelmChartContainer - [K3S] [INFO] Writing static file: /var/lib/rancher/k3s/server/static/charts/traefik-27.0.201+up27.0.2.tgz
2025-01-30 18:28:29,599 INFO c.h.h.t.HelmChartContainer - [K3S] [INFO] Writing static file: /var/lib/rancher/k3s/server/static/charts/traefik-crd-27.0.201+up27.0.2.tgz
2025-01-30 18:28:29,599 INFO c.h.h.t.HelmChartContainer - [K3S] [INFO] Writing manifest: /var/lib/rancher/k3s/server/manifests/ccm.yaml
2025-01-30 18:28:29,599 INFO c.h.h.t.HelmChartContainer - [K3S] [INFO] Writing manifest: /var/lib/rancher/k3s/server/manifests/local-storage.yaml
2025-01-30 18:28:29,599 INFO c.h.h.t.HelmChartContainer - [K3S] [INFO] Writing manifest: /var/lib/rancher/k3s/server/manifests/metrics-server/aggregated-metrics-reader.yaml
2025-01-30 18:28:29,600 INFO c.h.h.t.HelmChartContainer - [K3S] [INFO] Writing manifest: /var/lib/rancher/k3s/server/manifests/metrics-server/auth-delegator.yaml
2025-01-30 18:28:29,601 INFO c.h.h.t.HelmChartContainer - [K3S] [INFO] Writing manifest: /var/lib/rancher/k3s/server/manifests/metrics-server/metrics-server-service.yaml
2025-01-30 18:28:29,601 INFO c.h.h.t.HelmChartContainer - [K3S] [INFO] Writing manifest: /var/lib/rancher/k3s/server/manifests/rolebindings.yaml
2025-01-30 18:28:29,601 INFO c.h.h.t.HelmChartContainer - [K3S] [INFO] Writing manifest: /var/lib/rancher/k3s/server/manifests/coredns.yaml
2025-01-30 18:28:29,602 INFO c.h.h.t.HelmChartContainer - [K3S] [INFO] Writing manifest: /var/lib/rancher/k3s/server/manifests/metrics-server/auth-reader.yaml
2025-01-30 18:28:29,602 INFO c.h.h.t.HelmChartContainer - [K3S] [INFO] Writing manifest: /var/lib/rancher/k3s/server/manifests/metrics-server/metrics-apiservice.yaml
2025-01-30 18:28:29,603 INFO c.h.h.t.HelmChartContainer - [K3S] [INFO] Writing manifest: /var/lib/rancher/k3s/server/manifests/metrics-server/metrics-server-deployment.yaml
2025-01-30 18:28:29,603 INFO c.h.h.t.HelmChartContainer - [K3S] [INFO] Writing manifest: /var/lib/rancher/k3s/server/manifests/metrics-server/resource-reader.yaml
2025-01-30 18:28:29,603 INFO c.h.h.t.HelmChartContainer - [K3S] [INFO] Writing manifest: /var/lib/rancher/k3s/server/manifests/runtimes.yaml
2025-01-30 18:28:29,603 INFO c.h.h.t.HelmChartContainer - [K3S] [INFO] Starting dynamiclistener CN filter node controller with SANs: [localhost 127.0.0.1 ::1 localhost b99e65a4204c 172.18.0.2 10.43.0.1 kubernetes kubernetes.default kubernetes.default.svc kubernetes.default.svc.cluster.local]
2025-01-30 18:28:29,603 INFO c.h.h.t.HelmChartContainer - [K3S] [INFO] Tunnel server egress proxy mode: agent
2025-01-30 18:28:29,648 INFO c.h.h.t.HelmChartContainer - [K3S] [server.go:698] "Successfully retrieved node IP(s)" IPs=["172.18.0.2"]
2025-01-30 18:28:29,649 INFO c.h.h.t.HelmChartContainer - [K3S] [server.go:234] "Kube-proxy configuration may be incomplete or incorrect" err="nodePortAddresses is unset; NodePort connections will be accepted on all local IPs. Consider using `--nodeport-addresses primary`"
2025-01-30 18:28:29,652 INFO c.h.h.t.HelmChartContainer - [K3S] [server.go:243] "kube-proxy running in dual-stack mode" primary ipFamily="IPv4"
2025-01-30 18:28:29,652 INFO c.h.h.t.HelmChartContainer - [K3S] [server_linux.go:170] "Using iptables Proxier"
2025-01-30 18:28:29,653 INFO c.h.h.t.HelmChartContainer - [K3S] [proxier.go:255] "Setting route_localnet=1 to allow node-ports on localhost; to change this either disable iptables.localhostNodePorts (--iptables-localhost-nodeports) or set nodePortAddresses (--nodeport-addresses) to filter loopback addresses"
2025-01-30 18:28:29,659 INFO c.h.h.t.HelmChartContainer - [K3S] [server.go:497] "Version info" version="v1.32.1+k3s1"
2025-01-30 18:28:29,663 INFO c.h.h.t.HelmChartContainer - [K3S] [server.go:499] "Golang settings" GOGC="" GOMAXPROCS="" GOTRACEBACK=""
2025-01-30 18:28:29,664 INFO c.h.h.t.HelmChartContainer - [K3S] [config.go:199] "Starting service config controller"
2025-01-30 18:28:29,664 INFO c.h.h.t.HelmChartContainer - [K3S] [config.go:105] "Starting endpoint slice config controller"
2025-01-30 18:28:29,668 INFO c.h.h.t.HelmChartContainer - [K3S] [config.go:329] "Starting node config controller"
2025-01-30 18:28:29,709 INFO c.h.h.t.HelmChartContainer - [K3S] [INFO] Starting k3s.cattle.io/v1, Kind=Addon controller
2025-01-30 18:28:29,709 INFO c.h.h.t.HelmChartContainer - [K3S] [INFO] Creating deploy event broadcaster
2025-01-30 18:28:29,712 INFO c.h.h.t.HelmChartContainer - [K3S] [INFO] Creating helm-controller event broadcaster
2025-01-30 18:28:29,713 INFO c.h.h.t.HelmChartContainer - [K3S] [INFO] Starting /v1, Kind=Node controller
2025-01-30 18:28:29,736 INFO c.h.h.t.HelmChartContainer - [K3S] [INFO] Labels and annotations have been set successfully on node: b99e65a4204c
2025-01-30 18:28:29,739 INFO c.h.h.t.HelmChartContainer - [K3S] [INFO] Cluster dns configmap has been set successfully
2025-01-30 18:28:29,746 INFO c.h.h.t.HelmChartContainer - [K3S] [kubelet_node_status.go:502] "Fast updating node status as it just became ready"
2025-01-30 18:28:29,825 INFO c.h.h.t.HelmChartContainer - [K3S] [INFO] Starting helm.cattle.io/v1, Kind=HelmChart controller
2025-01-30 18:28:29,826 INFO c.h.h.t.HelmChartContainer - [K3S] [INFO] Starting helm.cattle.io/v1, Kind=HelmChartConfig controller
2025-01-30 18:28:29,829 INFO c.h.h.t.HelmChartContainer - [K3S] [INFO] Starting rbac.authorization.k8s.io/v1, Kind=ClusterRoleBinding controller
2025-01-30 18:28:29,833 INFO c.h.h.t.HelmChartContainer - [K3S] [INFO] Starting batch/v1, Kind=Job controller
2025-01-30 18:28:29,833 INFO c.h.h.t.HelmChartContainer - [K3S] [INFO] Starting /v1, Kind=ConfigMap controller
2025-01-30 18:28:29,833 INFO c.h.h.t.HelmChartContainer - [K3S] [INFO] Starting /v1, Kind=Secret controller
2025-01-30 18:28:29,836 INFO c.h.h.t.HelmChartContainer - [K3S] [INFO] Starting /v1, Kind=ServiceAccount controller
2025-01-30 18:28:29,854 INFO c.h.h.t.HelmChartContainer - [K3S] [INFO] Updating TLS secret for kube-system/k3s-serving (count: 10): map[listener.cattle.io/cn-10.43.0.1:10.43.0.1 listener.cattle.io/cn-127.0.0.1:127.0.0.1 listener.cattle.io/cn-172.18.0.2:172.18.0.2 listener.cattle.io/cn-__1-f16284:::1 listener.cattle.io/cn-b99e65a4204c:b99e65a4204c listener.cattle.io/cn-kubernetes:kubernetes listener.cattle.io/cn-kubernetes.default:kubernetes.default listener.cattle.io/cn-kubernetes.default.svc:kubernetes.default.svc listener.cattle.io/cn-kubernetes.default.svc.cluster.local:kubernetes.default.svc.cluster.local listener.cattle.io/cn-localhost:localhost listener.cattle.io/fingerprint:SHA1=B2411EC24A5948D7569CD3D22E673CDFB9D96FAC]
2025-01-30 18:28:29,860 INFO c.h.h.t.HelmChartContainer - [K3S] [INFO] Active TLS secret kube-system/k3s-serving (ver=230) (count 10): map[listener.cattle.io/cn-10.43.0.1:10.43.0.1 listener.cattle.io/cn-127.0.0.1:127.0.0.1 listener.cattle.io/cn-172.18.0.2:172.18.0.2 listener.cattle.io/cn-__1-f16284:::1 listener.cattle.io/cn-b99e65a4204c:b99e65a4204c listener.cattle.io/cn-kubernetes:kubernetes listener.cattle.io/cn-kubernetes.default:kubernetes.default listener.cattle.io/cn-kubernetes.default.svc:kubernetes.default.svc listener.cattle.io/cn-kubernetes.default.svc.cluster.local:kubernetes.default.svc.cluster.local listener.cattle.io/cn-localhost:localhost listener.cattle.io/fingerprint:SHA1=B2411EC24A5948D7569CD3D22E673CDFB9D96FAC]
2025-01-30 18:28:29,952 INFO c.h.h.t.HelmChartContainer - [K3S] [INFO] Updating TLS secret for kube-system/k3s-serving (count: 10): map[listener.cattle.io/cn-10.43.0.1:10.43.0.1 listener.cattle.io/cn-127.0.0.1:127.0.0.1 listener.cattle.io/cn-172.18.0.2:172.18.0.2 listener.cattle.io/cn-__1-f16284:::1 listener.cattle.io/cn-b99e65a4204c:b99e65a4204c listener.cattle.io/cn-kubernetes:kubernetes listener.cattle.io/cn-kubernetes.default:kubernetes.default listener.cattle.io/cn-kubernetes.default.svc:kubernetes.default.svc listener.cattle.io/cn-kubernetes.default.svc.cluster.local:kubernetes.default.svc.cluster.local listener.cattle.io/cn-localhost:localhost listener.cattle.io/fingerprint:SHA1=B2411EC24A5948D7569CD3D22E673CDFB9D96FAC]
2025-01-30 18:28:30,105 INFO c.h.h.t.HelmChartContainer - [K3S] [controllermanager.go:185] "Starting" version="v1.32.1+k3s1"
2025-01-30 18:28:30,105 INFO c.h.h.t.HelmChartContainer - [K3S] [controllermanager.go:187] "Golang settings" GOGC="" GOMAXPROCS="" GOTRACEBACK=""
2025-01-30 18:28:30,110 INFO c.h.h.t.HelmChartContainer - [K3S] [requestheader_controller.go:180] Starting RequestHeaderAuthRequestController
2025-01-30 18:28:30,110 INFO c.h.h.t.HelmChartContainer - [K3S] [configmap_cafile_content.go:205] "Starting controller" name="client-ca::kube-system::extension-apiserver-authentication::requestheader-client-ca-file"
2025-01-30 18:28:30,110 INFO c.h.h.t.HelmChartContainer - [K3S] [configmap_cafile_content.go:205] "Starting controller" name="client-ca::kube-system::extension-apiserver-authentication::client-ca-file"
2025-01-30 18:28:30,111 INFO c.h.h.t.HelmChartContainer - [K3S] [secure_serving.go:213] Serving securely on 127.0.0.1:10257
2025-01-30 18:28:30,111 INFO c.h.h.t.HelmChartContainer - [K3S] [tlsconfig.go:243] "Starting DynamicServingCertificateController"
2025-01-30 18:28:30,113 INFO c.h.h.t.HelmChartContainer - [K3S] [controllermanager.go:765] "Started controller" controller="serviceaccount-token-controller"
2025-01-30 18:28:30,120 INFO c.h.h.t.HelmChartContainer - [K3S] [certificate_controller.go:120] "Starting certificate controller" name="csrsigning-kubelet-serving"
2025-01-30 18:28:30,121 INFO c.h.h.t.HelmChartContainer - [K3S] [dynamic_serving_content.go:135] "Starting controller" name="csr-controller::/var/lib/rancher/k3s/server/tls/server-ca.nochain.crt::/var/lib/rancher/k3s/server/tls/server-ca.key"
2025-01-30 18:28:30,121 INFO c.h.h.t.HelmChartContainer - [K3S] [certificate_controller.go:120] "Starting certificate controller" name="csrsigning-kubelet-client"
2025-01-30 18:28:30,121 INFO c.h.h.t.HelmChartContainer - [K3S] [dynamic_serving_content.go:135] "Starting controller" name="csr-controller::/var/lib/rancher/k3s/server/tls/client-ca.nochain.crt::/var/lib/rancher/k3s/server/tls/client-ca.key"
2025-01-30 18:28:30,121 INFO c.h.h.t.HelmChartContainer - [K3S] [certificate_controller.go:120] "Starting certificate controller" name="csrsigning-kube-apiserver-client"
2025-01-30 18:28:30,121 INFO c.h.h.t.HelmChartContainer - [K3S] [dynamic_serving_content.go:135] "Starting controller" name="csr-controller::/var/lib/rancher/k3s/server/tls/client-ca.nochain.crt::/var/lib/rancher/k3s/server/tls/client-ca.key"
2025-01-30 18:28:30,121 INFO c.h.h.t.HelmChartContainer - [K3S] [controllermanager.go:765] "Started controller" controller="certificatesigningrequest-signing-controller"
2025-01-30 18:28:30,121 INFO c.h.h.t.HelmChartContainer - [K3S] [controllermanager.go:723] "Skipping a cloud provider controller" controller="node-route-controller"
2025-01-30 18:28:30,121 INFO c.h.h.t.HelmChartContainer - [K3S] [controllermanager.go:723] "Skipping a cloud provider controller" controller="cloud-node-lifecycle-controller"
2025-01-30 18:28:30,122 INFO c.h.h.t.HelmChartContainer - [K3S] [certificate_controller.go:120] "Starting certificate controller" name="csrsigning-legacy-unknown"
2025-01-30 18:28:30,122 INFO c.h.h.t.HelmChartContainer - [K3S] [dynamic_serving_content.go:135] "Starting controller" name="csr-controller::/var/lib/rancher/k3s/server/tls/server-ca.nochain.crt::/var/lib/rancher/k3s/server/tls/server-ca.key"
2025-01-30 18:28:30,129 INFO c.h.h.t.HelmChartContainer - [K3S] [controllermanager.go:765] "Started controller" controller="persistentvolume-binder-controller"
2025-01-30 18:28:30,129 INFO c.h.h.t.HelmChartContainer - [K3S] [pv_controller_base.go:308] "Starting persistent volume controller"
2025-01-30 18:28:30,135 INFO c.h.h.t.HelmChartContainer - [K3S] [controllermanager.go:765] "Started controller" controller="endpoints-controller"
2025-01-30 18:28:30,135 INFO c.h.h.t.HelmChartContainer - [K3S] [endpoints_controller.go:182] "Starting endpoint controller"
2025-01-30 18:28:30,142 INFO c.h.h.t.HelmChartContainer - [K3S] [controllermanager.go:765] "Started controller" controller="endpointslice-controller"
2025-01-30 18:28:30,142 INFO c.h.h.t.HelmChartContainer - [K3S] [endpointslice_controller.go:281] "Starting endpoint slice controller"
2025-01-30 18:28:30,147 INFO c.h.h.t.HelmChartContainer - [K3S] [controllermanager.go:765] "Started controller" controller="daemonset-controller"
2025-01-30 18:28:30,148 INFO c.h.h.t.HelmChartContainer - [K3S] [daemon_controller.go:294] "Starting daemon sets controller"
2025-01-30 18:28:30,153 INFO c.h.h.t.HelmChartContainer - [K3S] [controllermanager.go:765] "Started controller" controller="taint-eviction-controller"
2025-01-30 18:28:30,153 INFO c.h.h.t.HelmChartContainer - [K3S] [controllermanager.go:723] "Skipping a cloud provider controller" controller="service-lb-controller"
2025-01-30 18:28:30,153 INFO c.h.h.t.HelmChartContainer - [K3S] [taint_eviction.go:281] "Starting" controller="taint-eviction-controller"
2025-01-30 18:28:30,153 INFO c.h.h.t.HelmChartContainer - [K3S] [taint_eviction.go:287] "Sending events to api server"
2025-01-30 18:28:30,158 INFO c.h.h.t.HelmChartContainer - [K3S] [controllermanager.go:765] "Started controller" controller="persistentvolume-protection-controller"
2025-01-30 18:28:30,158 INFO c.h.h.t.HelmChartContainer - [K3S] [controllermanager.go:717] "Controller is disabled by a feature gate" controller="kube-apiserver-serving-clustertrustbundle-publisher-controller" requiredFeatureGates=["ClusterTrustBundle"]
2025-01-30 18:28:30,159 INFO c.h.h.t.HelmChartContainer - [K3S] [controllermanager.go:717] "Controller is disabled by a feature gate" controller="storageversion-garbage-collector-controller" requiredFeatureGates=["APIServerIdentity","StorageVersionAPI"]
2025-01-30 18:28:30,159 INFO c.h.h.t.HelmChartContainer - [K3S] [pv_protection_controller.go:81] "Starting PV protection controller"
2025-01-30 18:28:30,164 INFO c.h.h.t.HelmChartContainer - [K3S] [controllermanager.go:765] "Started controller" controller="endpointslice-mirroring-controller"
2025-01-30 18:28:30,164 INFO c.h.h.t.HelmChartContainer - [K3S] [endpointslicemirroring_controller.go:227] "Starting EndpointSliceMirroring controller"
2025-01-30 18:28:30,171 INFO c.h.h.t.HelmChartContainer - [K3S] [controllermanager.go:765] "Started controller" controller="disruption-controller"
2025-01-30 18:28:30,172 INFO c.h.h.t.HelmChartContainer - [K3S] [controllermanager.go:728] "Warning: controller is disabled" controller="bootstrap-signer-controller"
2025-01-30 18:28:30,172 INFO c.h.h.t.HelmChartContainer - [K3S] [disruption.go:452] "Sending events to api server."
2025-01-30 18:28:30,172 INFO c.h.h.t.HelmChartContainer - [K3S] [disruption.go:463] "Starting disruption controller"
2025-01-30 18:28:30,176 INFO c.h.h.t.HelmChartContainer - [K3S] [node_lifecycle_controller.go:432] "Controller will reconcile labels"
2025-01-30 18:28:30,176 INFO c.h.h.t.HelmChartContainer - [K3S] [controllermanager.go:765] "Started controller" controller="node-lifecycle-controller"
2025-01-30 18:28:30,176 INFO c.h.h.t.HelmChartContainer - [K3S] [controllermanager.go:717] "Controller is disabled by a feature gate" controller="resourceclaim-controller" requiredFeatureGates=["DynamicResourceAllocation"]
2025-01-30 18:28:30,176 INFO c.h.h.t.HelmChartContainer - [K3S] [controllermanager.go:717] "Controller is disabled by a feature gate" controller="volumeattributesclass-protection-controller" requiredFeatureGates=["VolumeAttributesClass"]
2025-01-30 18:28:30,176 INFO c.h.h.t.HelmChartContainer - [K3S] [node_lifecycle_controller.go:466] "Sending events to api server"
2025-01-30 18:28:30,176 INFO c.h.h.t.HelmChartContainer - [K3S] [node_lifecycle_controller.go:477] "Starting node controller"
2025-01-30 18:28:30,216 INFO c.h.h.t.HelmChartContainer - [K3S] [controllermanager.go:765] "Started controller" controller="root-ca-certificate-publisher-controller"
2025-01-30 18:28:30,217 INFO c.h.h.t.HelmChartContainer - [K3S] [publisher.go:107] "Starting root CA cert publisher controller"
2025-01-30 18:28:30,416 INFO c.h.h.t.HelmChartContainer - [K3S] [controllermanager.go:765] "Started controller" controller="validatingadmissionpolicy-status-controller"
2025-01-30 18:28:30,574 INFO c.h.h.t.HelmChartContainer - [K3S] [controllermanager.go:765] "Started controller" controller="replicationcontroller-controller"
2025-01-30 18:28:30,574 INFO c.h.h.t.HelmChartContainer - [K3S] [replica_set.go:217] "Starting controller" name="replicationcontroller"
2025-01-30 18:28:30,866 INFO c.h.h.t.HelmChartContainer - [K3S] [controllermanager.go:765] "Started controller" controller="horizontal-pod-autoscaler-controller"
2025-01-30 18:28:30,866 INFO c.h.h.t.HelmChartContainer - [K3S] [horizontal.go:201] "Starting HPA controller"
2025-01-30 18:28:31,017 INFO c.h.h.t.HelmChartContainer - [K3S] [controllermanager.go:765] "Started controller" controller="statefulset-controller"
2025-01-30 18:28:31,017 INFO c.h.h.t.HelmChartContainer - [K3S] [stateful_set.go:166] "Starting stateful set controller"
2025-01-30 18:28:31,167 INFO c.h.h.t.HelmChartContainer - [K3S] [controllermanager.go:765] "Started controller" controller="token-cleaner-controller"
2025-01-30 18:28:31,167 INFO c.h.h.t.HelmChartContainer - [K3S] [tokencleaner.go:117] "Starting token cleaner controller"
2025-01-30 18:28:31,317 INFO c.h.h.t.HelmChartContainer - [K3S] [controllermanager.go:765] "Started controller" controller="legacy-serviceaccount-token-cleaner-controller"
2025-01-30 18:28:31,317 INFO c.h.h.t.HelmChartContainer - [K3S] [controllermanager.go:717] "Controller is disabled by a feature gate" controller="service-cidr-controller" requiredFeatureGates=["MultiCIDRServiceAllocator"]
2025-01-30 18:28:31,317 INFO c.h.h.t.HelmChartContainer - [K3S] [controllermanager.go:717] "Controller is disabled by a feature gate" controller="selinux-warning-controller" requiredFeatureGates=["SELinuxChangePolicy"]
2025-01-30 18:28:31,317 INFO c.h.h.t.HelmChartContainer - [K3S] [legacy_serviceaccount_token_cleaner.go:103] "Starting legacy service account token cleaner controller"
2025-01-30 18:28:31,471 INFO c.h.h.t.HelmChartContainer - [K3S] [range_allocator.go:112] "No Secondary Service CIDR provided. Skipping filtering out secondary service addresses"
2025-01-30 18:28:31,471 INFO c.h.h.t.HelmChartContainer - [K3S] [controllermanager.go:765] "Started controller" controller="node-ipam-controller"
2025-01-30 18:28:31,471 INFO c.h.h.t.HelmChartContainer - [K3S] [node_ipam_controller.go:141] "Starting ipam controller"
2025-01-30 18:28:31,618 INFO c.h.h.t.HelmChartContainer - [K3S] [controllermanager.go:765] "Started controller" controller="persistentvolume-attach-detach-controller"
2025-01-30 18:28:31,618 INFO c.h.h.t.HelmChartContainer - [K3S] [attach_detach_controller.go:338] "Starting attach detach controller"
2025-01-30 18:28:31,721 INFO c.h.h.t.HelmChartContainer - [K3S] [event.go:389] "Event occurred" object="kube-system/ccm" fieldPath="" kind="Addon" apiVersion="k3s.cattle.io/v1" type="Normal" reason="ApplyingManifest" message="Applying manifest at \"/var/lib/rancher/k3s/server/manifests/ccm.yaml\""
2025-01-30 18:28:31,747 INFO c.h.h.t.HelmChartContainer - [K3S] [event.go:389] "Event occurred" object="kube-system/ccm" fieldPath="" kind="Addon" apiVersion="k3s.cattle.io/v1" type="Normal" reason="AppliedManifest" message="Applied manifest at \"/var/lib/rancher/k3s/server/manifests/ccm.yaml\""
2025-01-30 18:28:31,767 INFO c.h.h.t.HelmChartContainer - [K3S] [event.go:389] "Event occurred" object="kube-system/coredns" fieldPath="" kind="Addon" apiVersion="k3s.cattle.io/v1" type="Normal" reason="ApplyingManifest" message="Applying manifest at \"/var/lib/rancher/k3s/server/manifests/coredns.yaml\""
2025-01-30 18:28:31,772 INFO c.h.h.t.HelmChartContainer - [K3S] [controllermanager.go:765] "Started controller" controller="persistentvolume-expander-controller"
2025-01-30 18:28:31,773 INFO c.h.h.t.HelmChartContainer - [K3S] [expand_controller.go:329] "Starting expand controller"
2025-01-30 18:28:31,777 INFO c.h.h.t.HelmChartContainer - [K3S] [event.go:389] "Event occurred" object="b99e65a4204c" fieldPath="" kind="Node" apiVersion="" type="Normal" reason="NodePasswordValidationComplete" message="Deferred node password secret validation complete"
2025-01-30 18:28:31,866 INFO c.h.h.t.HelmChartContainer - [K3S] [alloc.go:330] "allocated clusterIPs" service="kube-system/kube-dns" clusterIPs={"IPv4":"10.43.0.10"}
2025-01-30 18:28:31,869 INFO c.h.h.t.HelmChartContainer - [K3S] [event.go:389] "Event occurred" object="kube-system/coredns" fieldPath="" kind="Addon" apiVersion="k3s.cattle.io/v1" type="Normal" reason="AppliedManifest" message="Applied manifest at \"/var/lib/rancher/k3s/server/manifests/coredns.yaml\""
2025-01-30 18:28:31,877 INFO c.h.h.t.HelmChartContainer - [K3S] [event.go:389] "Event occurred" object="kube-system/local-storage" fieldPath="" kind="Addon" apiVersion="k3s.cattle.io/v1" type="Normal" reason="ApplyingManifest" message="Applying manifest at \"/var/lib/rancher/k3s/server/manifests/local-storage.yaml\""
2025-01-30 18:28:31,916 INFO c.h.h.t.HelmChartContainer - [K3S] [controllermanager.go:765] "Started controller" controller="persistentvolumeclaim-protection-controller"
2025-01-30 18:28:31,917 INFO c.h.h.t.HelmChartContainer - [K3S] [pvc_protection_controller.go:168] "Starting PVC protection controller"
2025-01-30 18:28:31,966 INFO c.h.h.t.HelmChartContainer - [K3S] [event.go:389] "Event occurred" object="kube-system/local-storage" fieldPath="" kind="Addon" apiVersion="k3s.cattle.io/v1" type="Normal" reason="AppliedManifest" message="Applied manifest at \"/var/lib/rancher/k3s/server/manifests/local-storage.yaml\""
2025-01-30 18:28:31,971 INFO c.h.h.t.HelmChartContainer - [K3S] [event.go:389] "Event occurred" object="kube-system/aggregated-metrics-reader" fieldPath="" kind="Addon" apiVersion="k3s.cattle.io/v1" type="Normal" reason="ApplyingManifest" message="Applying manifest at \"/var/lib/rancher/k3s/server/manifests/metrics-server/aggregated-metrics-reader.yaml\""
2025-01-30 18:28:31,980 INFO c.h.h.t.HelmChartContainer - [K3S] [event.go:389] "Event occurred" object="kube-system/aggregated-metrics-reader" fieldPath="" kind="Addon" apiVersion="k3s.cattle.io/v1" type="Normal" reason="AppliedManifest" message="Applied manifest at \"/var/lib/rancher/k3s/server/manifests/metrics-server/aggregated-metrics-reader.yaml\""
2025-01-30 18:28:31,990 INFO c.h.h.t.HelmChartContainer - [K3S] [event.go:389] "Event occurred" object="kube-system/auth-delegator" fieldPath="" kind="Addon" apiVersion="k3s.cattle.io/v1" type="Normal" reason="ApplyingManifest" message="Applying manifest at \"/var/lib/rancher/k3s/server/manifests/metrics-server/auth-delegator.yaml\""
2025-01-30 18:28:32,039 INFO c.h.h.t.HelmChartContainer - [K3S] [event.go:389] "Event occurred" object="kube-system/auth-delegator" fieldPath="" kind="Addon" apiVersion="k3s.cattle.io/v1" type="Normal" reason="AppliedManifest" message="Applied manifest at \"/var/lib/rancher/k3s/server/manifests/metrics-server/auth-delegator.yaml\""
2025-01-30 18:28:32,044 INFO c.h.h.t.HelmChartContainer - [K3S] [event.go:389] "Event occurred" object="kube-system/auth-reader" fieldPath="" kind="Addon" apiVersion="k3s.cattle.io/v1" type="Normal" reason="ApplyingManifest" message="Applying manifest at \"/var/lib/rancher/k3s/server/manifests/metrics-server/auth-reader.yaml\""
2025-01-30 18:28:32,049 INFO c.h.h.t.HelmChartContainer - [K3S] [event.go:389] "Event occurred" object="kube-system/auth-reader" fieldPath="" kind="Addon" apiVersion="k3s.cattle.io/v1" type="Normal" reason="AppliedManifest" message="Applied manifest at \"/var/lib/rancher/k3s/server/manifests/metrics-server/auth-reader.yaml\""
2025-01-30 18:28:32,055 INFO c.h.h.t.HelmChartContainer - [K3S] [event.go:389] "Event occurred" object="kube-system/metrics-apiservice" fieldPath="" kind="Addon" apiVersion="k3s.cattle.io/v1" type="Normal" reason="ApplyingManifest" message="Applying manifest at \"/var/lib/rancher/k3s/server/manifests/metrics-server/metrics-apiservice.yaml\""
2025-01-30 18:28:32,063 INFO c.h.h.t.HelmChartContainer - [K3S] [event.go:389] "Event occurred" object="kube-system/metrics-apiservice" fieldPath="" kind="Addon" apiVersion="k3s.cattle.io/v1" type="Normal" reason="AppliedManifest" message="Applied manifest at \"/var/lib/rancher/k3s/server/manifests/metrics-server/metrics-apiservice.yaml\""
2025-01-30 18:28:32,068 INFO c.h.h.t.HelmChartContainer - [K3S] [handler_proxy.go:99] no RequestInfo found in the context
2025-01-30 18:28:32,069 INFO c.h.h.t.HelmChartContainer - [K3S] [controller.go:146] "Unhandled Error" err=<
2025-01-30 18:28:32,069 INFO c.h.h.t.HelmChartContainer - [K3S] 	, Header: map[Content-Type:[text/plain; charset=utf-8] X-Content-Type-Options:[nosniff]]
2025-01-30 18:28:32,069 INFO c.h.h.t.HelmChartContainer - [K3S]  >
2025-01-30 18:28:32,069 INFO c.h.h.t.HelmChartContainer - [K3S] [replica_set.go:217] "Starting controller" name="replicaset"
2025-01-30 18:28:32,072 INFO c.h.h.t.HelmChartContainer - [K3S] [controllermanager.go:765] "Started controller" controller="replicaset-controller"
2025-01-30 18:28:32,072 INFO c.h.h.t.HelmChartContainer - [K3S] [handler_proxy.go:143] error resolving kube-system/metrics-server: service "metrics-server" not found
2025-01-30 18:28:32,072 INFO c.h.h.t.HelmChartContainer - [K3S] [event.go:389] "Event occurred" object="kube-system/metrics-server-deployment" fieldPath="" kind="Addon" apiVersion="k3s.cattle.io/v1" type="Normal" reason="ApplyingManifest" message="Applying manifest at \"/var/lib/rancher/k3s/server/manifests/metrics-server/metrics-server-deployment.yaml\""
2025-01-30 18:28:32,082 INFO c.h.h.t.HelmChartContainer - [K3S] [event.go:389] "Event occurred" object="kube-system/metrics-server-deployment" fieldPath="" kind="Addon" apiVersion="k3s.cattle.io/v1" type="Normal" reason="AppliedManifest" message="Applied manifest at \"/var/lib/rancher/k3s/server/manifests/metrics-server/metrics-server-deployment.yaml\""
2025-01-30 18:28:32,088 INFO c.h.h.t.HelmChartContainer - [K3S] [event.go:389] "Event occurred" object="kube-system/metrics-server-service" fieldPath="" kind="Addon" apiVersion="k3s.cattle.io/v1" type="Normal" reason="ApplyingManifest" message="Applying manifest at \"/var/lib/rancher/k3s/server/manifests/metrics-server/metrics-server-service.yaml\""
2025-01-30 18:28:32,094 INFO c.h.h.t.HelmChartContainer - [K3S] [alloc.go:330] "allocated clusterIPs" service="kube-system/metrics-server" clusterIPs={"IPv4":"10.43.72.124"}
2025-01-30 18:28:32,096 INFO c.h.h.t.HelmChartContainer - [K3S] [event.go:389] "Event occurred" object="kube-system/metrics-server-service" fieldPath="" kind="Addon" apiVersion="k3s.cattle.io/v1" type="Normal" reason="AppliedManifest" message="Applied manifest at \"/var/lib/rancher/k3s/server/manifests/metrics-server/metrics-server-service.yaml\""
2025-01-30 18:28:32,100 INFO c.h.h.t.HelmChartContainer - [K3S] [handler_proxy.go:99] no RequestInfo found in the context
2025-01-30 18:28:32,100 INFO c.h.h.t.HelmChartContainer - [K3S] [controller.go:146] "Unhandled Error" err=<
2025-01-30 18:28:32,100 INFO c.h.h.t.HelmChartContainer - [K3S] 	, Header: map[Content-Type:[text/plain; charset=utf-8] X-Content-Type-Options:[nosniff]]
2025-01-30 18:28:32,100 INFO c.h.h.t.HelmChartContainer - [K3S]  >
2025-01-30 18:28:32,101 INFO c.h.h.t.HelmChartContainer - [K3S] [handler_proxy.go:143] error resolving kube-system/metrics-server: endpoints "metrics-server" not found
2025-01-30 18:28:32,105 INFO c.h.h.t.HelmChartContainer - [K3S] [event.go:389] "Event occurred" object="kube-system/resource-reader" fieldPath="" kind="Addon" apiVersion="k3s.cattle.io/v1" type="Normal" reason="ApplyingManifest" message="Applying manifest at \"/var/lib/rancher/k3s/server/manifests/metrics-server/resource-reader.yaml\""
2025-01-30 18:28:32,140 INFO c.h.h.t.HelmChartContainer - [K3S] [event.go:389] "Event occurred" object="kube-system/resource-reader" fieldPath="" kind="Addon" apiVersion="k3s.cattle.io/v1" type="Normal" reason="AppliedManifest" message="Applied manifest at \"/var/lib/rancher/k3s/server/manifests/metrics-server/resource-reader.yaml\""
2025-01-30 18:28:32,146 INFO c.h.h.t.HelmChartContainer - [K3S] [event.go:389] "Event occurred" object="kube-system/rolebindings" fieldPath="" kind="Addon" apiVersion="k3s.cattle.io/v1" type="Normal" reason="ApplyingManifest" message="Applying manifest at \"/var/lib/rancher/k3s/server/manifests/rolebindings.yaml\""
2025-01-30 18:28:32,217 INFO c.h.h.t.HelmChartContainer - [K3S] [controllermanager.go:765] "Started controller" controller="ttl-controller"
2025-01-30 18:28:32,217 INFO c.h.h.t.HelmChartContainer - [K3S] [ttl_controller.go:127] "Starting TTL controller"
2025-01-30 18:28:32,253 INFO c.h.h.t.HelmChartContainer - [K3S] [event.go:389] "Event occurred" object="kube-system/rolebindings" fieldPath="" kind="Addon" apiVersion="k3s.cattle.io/v1" type="Normal" reason="AppliedManifest" message="Applied manifest at \"/var/lib/rancher/k3s/server/manifests/rolebindings.yaml\""
2025-01-30 18:28:32,259 INFO c.h.h.t.HelmChartContainer - [K3S] [event.go:389] "Event occurred" object="kube-system/runtimes" fieldPath="" kind="Addon" apiVersion="k3s.cattle.io/v1" type="Normal" reason="ApplyingManifest" message="Applying manifest at \"/var/lib/rancher/k3s/server/manifests/runtimes.yaml\""
2025-01-30 18:28:32,285 INFO c.h.h.t.HelmChartContainer - [K3S] [event.go:389] "Event occurred" object="kube-system/runtimes" fieldPath="" kind="Addon" apiVersion="k3s.cattle.io/v1" type="Normal" reason="AppliedManifest" message="Applied manifest at \"/var/lib/rancher/k3s/server/manifests/runtimes.yaml\""
2025-01-30 18:28:32,328 INFO c.h.h.t.HelmChartContainer - [K3S] [INFO] Tunnel authorizer set Kubelet Port 0.0.0.0:10250
2025-01-30 18:28:32,367 INFO c.h.h.t.HelmChartContainer - [K3S] [controllermanager.go:765] "Started controller" controller="clusterrole-aggregation-controller"
2025-01-30 18:28:32,367 INFO c.h.h.t.HelmChartContainer - [K3S] [clusterroleaggregation_controller.go:194] "Starting ClusterRoleAggregator controller"
2025-01-30 18:28:32,517 INFO c.h.h.t.HelmChartContainer - [K3S] [controllermanager.go:765] "Started controller" controller="ttl-after-finished-controller"
2025-01-30 18:28:32,517 INFO c.h.h.t.HelmChartContainer - [K3S] [ttlafterfinished_controller.go:112] "Starting TTL after finished controller"
2025-01-30 18:28:32,582 INFO c.h.h.t.HelmChartContainer - [K3S] [serving.go:392] Generated self-signed cert in-memory
2025-01-30 18:28:32,667 INFO c.h.h.t.HelmChartContainer - [K3S] [controllermanager.go:765] "Started controller" controller="pod-garbage-collector-controller"
2025-01-30 18:28:32,667 INFO c.h.h.t.HelmChartContainer - [K3S] [gc_controller.go:99] "Starting GC controller"
2025-01-30 18:28:32,972 INFO c.h.h.t.HelmChartContainer - [K3S] [controllermanager.go:765] "Started controller" controller="resourcequota-controller"
2025-01-30 18:28:32,972 INFO c.h.h.t.HelmChartContainer - [K3S] [resource_quota_controller.go:300] "Starting resource quota controller"
2025-01-30 18:28:33,045 INFO c.h.h.t.HelmChartContainer - [K3S] [serving.go:392] Generated self-signed cert in-memory
2025-01-30 18:28:33,063 INFO c.h.h.t.HelmChartContainer - [K3S] [handler_proxy.go:99] no RequestInfo found in the context
2025-01-30 18:28:33,063 INFO c.h.h.t.HelmChartContainer - [K3S] [handler_proxy.go:99] no RequestInfo found in the context
2025-01-30 18:28:33,063 INFO c.h.h.t.HelmChartContainer - [K3S] [controller.go:102] "Unhandled Error" err=<
2025-01-30 18:28:33,063 INFO c.h.h.t.HelmChartContainer - [K3S] 	, Header: map[Content-Type:[text/plain; charset=utf-8] X-Content-Type-Options:[nosniff]]
2025-01-30 18:28:33,063 INFO c.h.h.t.HelmChartContainer - [K3S]  >
2025-01-30 18:28:33,215 INFO c.h.h.t.HelmChartContainer - [K3S] [graph_builder.go:351] "Running" component="GraphBuilder"
2025-01-30 18:28:33,216 INFO c.h.h.t.HelmChartContainer - [K3S] [controllermanager.go:765] "Started controller" controller="garbage-collector-controller"
2025-01-30 18:28:33,228 INFO c.h.h.t.HelmChartContainer - [K3S] [controllermanager.go:160] Version: v1.32.1+k3s1
2025-01-30 18:28:33,231 INFO c.h.h.t.HelmChartContainer - [K3S] [secure_serving.go:213] Serving securely on 127.0.0.1:10258
2025-01-30 18:28:33,234 INFO c.h.h.t.HelmChartContainer - [K3S] [tlsconfig.go:243] "Starting DynamicServingCertificateController"
2025-01-30 18:28:33,234 INFO c.h.h.t.HelmChartContainer - [K3S] [requestheader_controller.go:180] Starting RequestHeaderAuthRequestController
2025-01-30 18:28:33,235 INFO c.h.h.t.HelmChartContainer - [K3S] [configmap_cafile_content.go:205] "Starting controller" name="client-ca::kube-system::extension-apiserver-authentication::client-ca-file"
2025-01-30 18:28:33,235 INFO c.h.h.t.HelmChartContainer - [K3S] [configmap_cafile_content.go:205] "Starting controller" name="client-ca::kube-system::extension-apiserver-authentication::requestheader-client-ca-file"
2025-01-30 18:28:33,236 INFO c.h.h.t.HelmChartContainer - [K3S] [INFO] Creating service-lb-controller event broadcaster
2025-01-30 18:28:33,323 INFO c.h.h.t.HelmChartContainer - [K3S] [controllermanager.go:765] "Started controller" controller="certificatesigningrequest-cleaner-controller"
2025-01-30 18:28:33,323 INFO c.h.h.t.HelmChartContainer - [K3S] [cleaner.go:83] "Starting CSR cleaner controller"
2025-01-30 18:28:33,335 INFO c.h.h.t.HelmChartContainer - [K3S] [INFO] Started tunnel to 172.18.0.2:6443
2025-01-30 18:28:33,336 INFO c.h.h.t.HelmChartContainer - [K3S] [INFO] Stopped tunnel to 127.0.0.1:6443
2025-01-30 18:28:33,336 INFO c.h.h.t.HelmChartContainer - [K3S] [INFO] Connecting to proxy" url="wss://172.18.0.2:6443/v1-k3s/connect
2025-01-30 18:28:33,336 INFO c.h.h.t.HelmChartContainer - [K3S] [INFO] Proxy done" err="context canceled" url="wss://127.0.0.1:6443/v1-k3s/connect
2025-01-30 18:28:33,336 INFO c.h.h.t.HelmChartContainer - [K3S] [INFO] error in remotedialer server [400]: websocket: close 1006 (abnormal closure): unexpected EOF
2025-01-30 18:28:33,336 INFO c.h.h.t.HelmChartContainer - [K3S] [INFO] Handling backend connection request [b99e65a4204c]
2025-01-30 18:28:33,336 INFO c.h.h.t.HelmChartContainer - [K3S] [INFO] Remotedialer connected to proxy" url="wss://172.18.0.2:6443/v1-k3s/connect
2025-01-30 18:28:33,352 INFO c.h.h.t.HelmChartContainer - [K3S] [INFO] Starting /v1, Kind=Node controller
2025-01-30 18:28:33,355 INFO c.h.h.t.HelmChartContainer - [K3S] [INFO] Starting /v1, Kind=Pod controller
2025-01-30 18:28:33,358 INFO c.h.h.t.HelmChartContainer - [K3S] [INFO] Starting apps/v1, Kind=DaemonSet controller
2025-01-30 18:28:33,360 INFO c.h.h.t.HelmChartContainer - [K3S] [INFO] Starting discovery.k8s.io/v1, Kind=EndpointSlice controller
2025-01-30 18:28:33,361 INFO c.h.h.t.HelmChartContainer - [K3S] [controllermanager.go:329] Started "cloud-node-controller"
2025-01-30 18:28:33,361 INFO c.h.h.t.HelmChartContainer - [K3S] [node_controller.go:176] Sending events to api server.
2025-01-30 18:28:33,361 INFO c.h.h.t.HelmChartContainer - [K3S] [node_controller.go:185] Waiting for informer caches to sync
2025-01-30 18:28:33,361 INFO c.h.h.t.HelmChartContainer - [K3S] [controllermanager.go:329] Started "cloud-node-lifecycle-controller"
2025-01-30 18:28:33,362 INFO c.h.h.t.HelmChartContainer - [K3S] [node_lifecycle_controller.go:112] Sending events to api server
2025-01-30 18:28:33,362 INFO c.h.h.t.HelmChartContainer - [K3S] [controllermanager.go:329] Started "service-lb-controller"
2025-01-30 18:28:33,362 INFO c.h.h.t.HelmChartContainer - [K3S] [controllermanager.go:306] "node-route-controller" is disabled
2025-01-30 18:28:33,362 INFO c.h.h.t.HelmChartContainer - [K3S] [controller.go:234] Starting service controller
2025-01-30 18:28:33,462 INFO c.h.h.t.HelmChartContainer - [K3S] [node_controller.go:429] Initializing node b99e65a4204c with cloud provider
2025-01-30 18:28:33,466 INFO c.h.h.t.HelmChartContainer - [K3S] [node_controller.go:474] Successfully initialized node b99e65a4204c with cloud provider
2025-01-30 18:28:33,466 INFO c.h.h.t.HelmChartContainer - [K3S] [event.go:389] "Event occurred" object="b99e65a4204c" fieldPath="" kind="Node" apiVersion="v1" type="Normal" reason="Synced" message="Node synced successfully"
2025-01-30 18:28:33,485 INFO c.h.h.t.HelmChartContainer - [K3S] [INFO] Updated coredns NodeHosts entry for b99e65a4204c
2025-01-30 18:28:33,621 INFO c.h.h.t.HelmChartContainer - [K3S] [controllermanager.go:765] "Started controller" controller="namespace-controller"
2025-01-30 18:28:33,621 INFO c.h.h.t.HelmChartContainer - [K3S] [namespace_controller.go:202] "Starting namespace controller"
2025-01-30 18:28:33,743 INFO c.h.h.t.HelmChartContainer - [K3S] [serving.go:392] Generated self-signed cert in-memory
2025-01-30 18:28:33,766 INFO c.h.h.t.HelmChartContainer - [K3S] [controllermanager.go:765] "Started controller" controller="serviceaccount-controller"
2025-01-30 18:28:33,766 INFO c.h.h.t.HelmChartContainer - [K3S] [serviceaccounts_controller.go:114] "Starting service account controller"
2025-01-30 18:28:33,916 INFO c.h.h.t.HelmChartContainer - [K3S] [controllermanager.go:765] "Started controller" controller="deployment-controller"
2025-01-30 18:28:33,916 INFO c.h.h.t.HelmChartContainer - [K3S] [deployment_controller.go:173] "Starting controller" controller="deployment"
2025-01-30 18:28:34,066 INFO c.h.h.t.HelmChartContainer - [K3S] [controllermanager.go:765] "Started controller" controller="cronjob-controller"
2025-01-30 18:28:34,066 INFO c.h.h.t.HelmChartContainer - [K3S] [cronjob_controllerv2.go:145] "Starting cronjob controller v2"
2025-01-30 18:28:34,177 INFO c.h.h.t.HelmChartContainer - [K3S] [server.go:164] "Starting Kubernetes Scheduler" version="v1.32.1+k3s1"
2025-01-30 18:28:34,177 INFO c.h.h.t.HelmChartContainer - [K3S] [server.go:166] "Golang settings" GOGC="" GOMAXPROCS="" GOTRACEBACK=""
2025-01-30 18:28:34,180 INFO c.h.h.t.HelmChartContainer - [K3S] [secure_serving.go:213] Serving securely on 127.0.0.1:10259
2025-01-30 18:28:34,180 INFO c.h.h.t.HelmChartContainer - [K3S] [requestheader_controller.go:180] Starting RequestHeaderAuthRequestController
2025-01-30 18:28:34,184 INFO c.h.h.t.HelmChartContainer - [K3S] [tlsconfig.go:243] "Starting DynamicServingCertificateController"
2025-01-30 18:28:34,184 INFO c.h.h.t.HelmChartContainer - [K3S] [configmap_cafile_content.go:205] "Starting controller" name="client-ca::kube-system::extension-apiserver-authentication::client-ca-file"
2025-01-30 18:28:34,184 INFO c.h.h.t.HelmChartContainer - [K3S] [configmap_cafile_content.go:205] "Starting controller" name="client-ca::kube-system::extension-apiserver-authentication::requestheader-client-ca-file"
2025-01-30 18:28:34,215 INFO c.h.h.t.HelmChartContainer - [K3S] [controllermanager.go:765] "Started controller" controller="job-controller"
2025-01-30 18:28:34,216 INFO c.h.h.t.HelmChartContainer - [K3S] [job_controller.go:243] "Starting job controller"
2025-01-30 18:28:34,266 INFO c.h.h.t.HelmChartContainer - [K3S] [controllermanager.go:765] "Started controller" controller="certificatesigningrequest-approving-controller"
2025-01-30 18:28:34,266 INFO c.h.h.t.HelmChartContainer - [K3S] [certificate_controller.go:120] "Starting certificate controller" name="csrapproving"
2025-01-30 18:28:34,417 INFO c.h.h.t.HelmChartContainer - [K3S] [controllermanager.go:765] "Started controller" controller="ephemeral-volume-controller"
2025-01-30 18:28:34,417 INFO c.h.h.t.HelmChartContainer - [K3S] [controller.go:173] "Starting ephemeral volume controller"
2025-01-30 18:28:34,417 INFO c.h.h.t.HelmChartContainer - [K3S] [controllermanager.go:743] "Warning: skipping controller" controller="storage-version-migrator-controller"
2025-01-30 18:28:34,434 INFO c.h.h.t.HelmChartContainer - [K3S] [actual_state_of_world.go:541] "Failed to update statusUpdateNeeded field in actual state of world" err="Failed to set statusUpdateNeeded to needed true, because nodeName=\"b99e65a4204c\" does not exist"
2025-01-30 18:28:34,471 INFO c.h.h.t.HelmChartContainer - [K3S] [range_allocator.go:177] "Sending events to api server"
2025-01-30 18:28:34,472 INFO c.h.h.t.HelmChartContainer - [K3S] [range_allocator.go:183] "Starting range CIDR allocator"
2025-01-30 18:28:34,476 INFO c.h.h.t.HelmChartContainer - [K3S] [range_allocator.go:428] "Set node PodCIDR" node="b99e65a4204c" podCIDRs=["10.42.0.0/24"]
2025-01-30 18:28:34,476 INFO c.h.h.t.HelmChartContainer - [K3S] [range_allocator.go:247] "Successfully synced" key="b99e65a4204c"
2025-01-30 18:28:34,476 INFO c.h.h.t.HelmChartContainer - [K3S] [INFO] Flannel found PodCIDR assigned for node b99e65a4204c
2025-01-30 18:28:34,476 INFO c.h.h.t.HelmChartContainer - [K3S] [range_allocator.go:247] "Successfully synced" key="b99e65a4204c"
2025-01-30 18:28:34,477 INFO c.h.h.t.HelmChartContainer - [K3S] [node_lifecycle_controller.go:1234] "Initializing eviction metric for zone" zone=""
2025-01-30 18:28:34,477 INFO c.h.h.t.HelmChartContainer - [K3S] [node_lifecycle_controller.go:886] "Missing timestamp for Node. Assuming now as a timestamp" node="b99e65a4204c"
2025-01-30 18:28:34,478 INFO c.h.h.t.HelmChartContainer - [K3S] [node_lifecycle_controller.go:1080] "Controller detected that zone is now in new state" zone="" newState="Normal"
2025-01-30 18:28:34,478 INFO c.h.h.t.HelmChartContainer - [K3S] [INFO] The interface eth0 with ipv4 address 172.18.0.2 will be used by flannel
2025-01-30 18:28:34,480 INFO c.h.h.t.HelmChartContainer - [K3S] [kube.go:139] Waiting 10m0s for node controller to sync
2025-01-30 18:28:34,480 INFO c.h.h.t.HelmChartContainer - [K3S] [kube.go:469] Starting kube subnet manager
2025-01-30 18:28:34,483 INFO c.h.h.t.HelmChartContainer - [K3S] [range_allocator.go:247] "Successfully synced" key="b99e65a4204c"
2025-01-30 18:28:34,589 INFO c.h.h.t.HelmChartContainer - [K3S] [INFO] Starting network policy controller version v2.2.1, built on 2025-01-28T18:27:08Z, go1.23.4
2025-01-30 18:28:34,589 INFO c.h.h.t.HelmChartContainer - [K3S] [network_policy_controller.go:164] Starting network policy controller
2025-01-30 18:28:34,616 INFO c.h.h.t.HelmChartContainer - [K3S] [network_policy_controller.go:176] Starting network policy controller full sync goroutine
2025-01-30 18:28:35,121 INFO c.h.h.t.HelmChartContainer - [K3S] [range_allocator.go:247] "Successfully synced" key="b99e65a4204c"
2025-01-30 18:28:35,173 INFO c.h.h.t.HelmChartContainer - [K3S] [handler_proxy.go:99] no RequestInfo found in the context
2025-01-30 18:28:35,173 INFO c.h.h.t.HelmChartContainer - [K3S] [controller.go:146] "Unhandled Error" err=<
2025-01-30 18:28:35,173 INFO c.h.h.t.HelmChartContainer - [K3S] 	, Header: map[Content-Type:[text/plain; charset=utf-8] X-Content-Type-Options:[nosniff]]
2025-01-30 18:28:35,173 INFO c.h.h.t.HelmChartContainer - [K3S]  >
2025-01-30 18:28:35,174 INFO c.h.h.t.HelmChartContainer - [K3S] [handler_proxy.go:143] error resolving kube-system/metrics-server: no endpoints available for service "metrics-server"
2025-01-30 18:28:35,331 INFO c.h.h.t.HelmChartContainer - [K3S] [replica_set.go:679] "Finished syncing" kind="ReplicaSet" key="kube-system/metrics-server-8584b5786c" duration="258.596604ms"
2025-01-30 18:28:35,334 INFO c.h.h.t.HelmChartContainer - [K3S] [replica_set.go:679] "Finished syncing" kind="ReplicaSet" key="kube-system/local-path-provisioner-698b58967b" duration="259.696249ms"
2025-01-30 18:28:35,338 INFO c.h.h.t.HelmChartContainer - [K3S] [replica_set.go:679] "Finished syncing" kind="ReplicaSet" key="kube-system/coredns-ff8999cc5" duration="260.76067ms"
2025-01-30 18:28:35,341 INFO c.h.h.t.HelmChartContainer - [K3S] [replica_set.go:679] "Finished syncing" kind="ReplicaSet" key="kube-system/local-path-provisioner-698b58967b" duration="9.183188ms"
2025-01-30 18:28:35,353 INFO c.h.h.t.HelmChartContainer - [K3S] [replica_set.go:679] "Finished syncing" kind="ReplicaSet" key="kube-system/coredns-ff8999cc5" duration="14.133597ms"
2025-01-30 18:28:35,355 INFO c.h.h.t.HelmChartContainer - [K3S] [replica_set.go:679] "Finished syncing" kind="ReplicaSet" key="kube-system/coredns-ff8999cc5" duration="32.19µs"
2025-01-30 18:28:35,356 INFO c.h.h.t.HelmChartContainer - [K3S] [replica_set.go:679] "Finished syncing" kind="ReplicaSet" key="kube-system/metrics-server-8584b5786c" duration="25.424234ms"
2025-01-30 18:28:35,357 INFO c.h.h.t.HelmChartContainer - [K3S] [replica_set.go:679] "Finished syncing" kind="ReplicaSet" key="kube-system/metrics-server-8584b5786c" duration="30.176µs"
2025-01-30 18:28:35,357 INFO c.h.h.t.HelmChartContainer - [K3S] [replica_set.go:679] "Finished syncing" kind="ReplicaSet" key="kube-system/metrics-server-8584b5786c" duration="27.281µs"
2025-01-30 18:28:35,358 INFO c.h.h.t.HelmChartContainer - [K3S] [replica_set.go:679] "Finished syncing" kind="ReplicaSet" key="kube-system/local-path-provisioner-698b58967b" duration="17.360759ms"
2025-01-30 18:28:35,359 INFO c.h.h.t.HelmChartContainer - [K3S] [replica_set.go:679] "Finished syncing" kind="ReplicaSet" key="kube-system/local-path-provisioner-698b58967b" duration="26.038µs"
2025-01-30 18:28:35,369 INFO c.h.h.t.HelmChartContainer - [K3S] [replica_set.go:679] "Finished syncing" kind="ReplicaSet" key="kube-system/coredns-ff8999cc5" duration="33.602µs"
2025-01-30 18:28:35,376 INFO c.h.h.t.HelmChartContainer - [K3S] [replica_set.go:679] "Finished syncing" kind="ReplicaSet" key="kube-system/local-path-provisioner-698b58967b" duration="31.929µs"
2025-01-30 18:28:35,382 INFO c.h.h.t.HelmChartContainer - [K3S] [replica_set.go:679] "Finished syncing" kind="ReplicaSet" key="kube-system/metrics-server-8584b5786c" duration="35.436µs"
2025-01-30 18:28:35,480 INFO c.h.h.t.HelmChartContainer - [K3S] [kube.go:146] Node controller sync successful
2025-01-30 18:28:35,480 INFO c.h.h.t.HelmChartContainer - [K3S] [vxlan.go:141] VXLAN config: VNI=1 Port=0 GBP=false Learning=false DirectRouting=false
2025-01-30 18:28:35,482 INFO c.h.h.t.HelmChartContainer - [K3S] [kube.go:636] List of node(b99e65a4204c) annotations: map[string]string{"alpha.kubernetes.io/provided-node-ip":"172.18.0.2", "k3s.io/hostname":"b99e65a4204c", "k3s.io/internal-ip":"172.18.0.2", "k3s.io/node-args":"[\"server\",\"--etcd-arg\",\"unsafe-no-fsync\",\"--etcd-arg\",\"snapshot-count=10000\",\"--etcd-arg\",\"auto-compaction-mode=revision\",\"--etcd-arg\",\"auto-compaction-retention=1000000\",\"--kube-apiserver-arg\",\"etcd-compaction-interval=0s\",\"--disable\",\"traefik\",\"--tls-san\",\"localhost\"]", "k3s.io/node-config-hash":"2QNNT5M5XUBFOLO5XPGEVGOM5UDLHHTIVMSRUPAUHE5DU3HUYQUQ====", "k3s.io/node-env":"{}", "node.alpha.kubernetes.io/ttl":"0", "volumes.kubernetes.io/controller-managed-attach-detach":"true"}
2025-01-30 18:28:35,487 INFO c.h.h.t.HelmChartContainer - [K3S] [kube.go:490] Creating the node lease for IPv4. This is the n.Spec.PodCIDRs: [10.42.0.0/24]
2025-01-30 18:28:35,487 INFO c.h.h.t.HelmChartContainer - [K3S] [iptables.go:51] Starting flannel in iptables mode...
2025-01-30 18:28:35,487 INFO c.h.h.t.HelmChartContainer - [K3S] [WARNING] no subnet found for key: FLANNEL_NETWORK in file: /run/flannel/subnet.env
2025-01-30 18:28:35,487 INFO c.h.h.t.HelmChartContainer - [K3S] [WARNING] no subnet found for key: FLANNEL_SUBNET in file: /run/flannel/subnet.env
2025-01-30 18:28:35,487 INFO c.h.h.t.HelmChartContainer - [K3S] [WARNING] no subnet found for key: FLANNEL_IPV6_NETWORK in file: /run/flannel/subnet.env
2025-01-30 18:28:35,487 INFO c.h.h.t.HelmChartContainer - [K3S] [WARNING] no subnet found for key: FLANNEL_IPV6_SUBNET in file: /run/flannel/subnet.env
2025-01-30 18:28:35,487 INFO c.h.h.t.HelmChartContainer - [K3S] [iptables.go:115] Current network or subnet (10.42.0.0/16, 10.42.0.0/24) is not equal to previous one (0.0.0.0/0, 0.0.0.0/0), trying to recycle old iptables rules
2025-01-30 18:28:35,488 INFO c.h.h.t.HelmChartContainer - [K3S] [range_allocator.go:247] "Successfully synced" key="b99e65a4204c"
2025-01-30 18:28:35,494 INFO c.h.h.t.HelmChartContainer - [K3S] [iptables.go:125] Setting up masking rules
2025-01-30 18:28:35,496 INFO c.h.h.t.HelmChartContainer - [K3S] [iptables.go:226] Changing default FORWARD chain policy to ACCEPT
2025-01-30 18:28:35,498 INFO c.h.h.t.HelmChartContainer - [K3S] [INFO] Wrote flannel subnet file to /run/flannel/subnet.env
2025-01-30 18:28:35,498 INFO c.h.h.t.HelmChartContainer - [K3S] [INFO] Running flannel backend.
2025-01-30 18:28:35,498 INFO c.h.h.t.HelmChartContainer - [K3S] [vxlan_network.go:65] watching for new subnet leases
2025-01-30 18:28:35,503 INFO c.h.h.t.HelmChartContainer - [K3S] [reconciler_common.go:251] "operationExecutor.VerifyControllerAttachedVolume started for volume \"tmp-dir\" (UniqueName: \"kubernetes.io/empty-dir/0ef72f50-1054-4781-ba33-1645d2b22fb7-tmp-dir\") pod \"metrics-server-8584b5786c-2lqp2\" (UID: \"0ef72f50-1054-4781-ba33-1645d2b22fb7\") " pod="kube-system/metrics-server-8584b5786c-2lqp2"
2025-01-30 18:28:35,503 INFO c.h.h.t.HelmChartContainer - [K3S] [reconciler_common.go:251] "operationExecutor.VerifyControllerAttachedVolume started for volume \"kube-api-access-p48d8\" (UniqueName: \"kubernetes.io/projected/0ef72f50-1054-4781-ba33-1645d2b22fb7-kube-api-access-p48d8\") pod \"metrics-server-8584b5786c-2lqp2\" (UID: \"0ef72f50-1054-4781-ba33-1645d2b22fb7\") " pod="kube-system/metrics-server-8584b5786c-2lqp2"
2025-01-30 18:28:35,503 INFO c.h.h.t.HelmChartContainer - [K3S] [reconciler_common.go:251] "operationExecutor.VerifyControllerAttachedVolume started for volume \"config-volume\" (UniqueName: \"kubernetes.io/configmap/4af019fd-ee91-4d61-88ee-55b438409d77-config-volume\") pod \"coredns-ff8999cc5-ltbcv\" (UID: \"4af019fd-ee91-4d61-88ee-55b438409d77\") " pod="kube-system/coredns-ff8999cc5-ltbcv"
2025-01-30 18:28:35,503 INFO c.h.h.t.HelmChartContainer - [K3S] [reconciler_common.go:251] "operationExecutor.VerifyControllerAttachedVolume started for volume \"custom-config-volume\" (UniqueName: \"kubernetes.io/configmap/4af019fd-ee91-4d61-88ee-55b438409d77-custom-config-volume\") pod \"coredns-ff8999cc5-ltbcv\" (UID: \"4af019fd-ee91-4d61-88ee-55b438409d77\") " pod="kube-system/coredns-ff8999cc5-ltbcv"
2025-01-30 18:28:35,504 INFO c.h.h.t.HelmChartContainer - [K3S] [reconciler_common.go:251] "operationExecutor.VerifyControllerAttachedVolume started for volume \"kube-api-access-7ll95\" (UniqueName: \"kubernetes.io/projected/4af019fd-ee91-4d61-88ee-55b438409d77-kube-api-access-7ll95\") pod \"coredns-ff8999cc5-ltbcv\" (UID: \"4af019fd-ee91-4d61-88ee-55b438409d77\") " pod="kube-system/coredns-ff8999cc5-ltbcv"
2025-01-30 18:28:35,504 INFO c.h.h.t.HelmChartContainer - [K3S] [reconciler_common.go:251] "operationExecutor.VerifyControllerAttachedVolume started for volume \"config-volume\" (UniqueName: \"kubernetes.io/configmap/f6ebdf60-3114-416c-95c7-bb59e297d0d8-config-volume\") pod \"local-path-provisioner-698b58967b-lhshv\" (UID: \"f6ebdf60-3114-416c-95c7-bb59e297d0d8\") " pod="kube-system/local-path-provisioner-698b58967b-lhshv"
2025-01-30 18:28:35,504 INFO c.h.h.t.HelmChartContainer - [K3S] [reconciler_common.go:251] "operationExecutor.VerifyControllerAttachedVolume started for volume \"kube-api-access-w8mxs\" (UniqueName: \"kubernetes.io/projected/f6ebdf60-3114-416c-95c7-bb59e297d0d8-kube-api-access-w8mxs\") pod \"local-path-provisioner-698b58967b-lhshv\" (UID: \"f6ebdf60-3114-416c-95c7-bb59e297d0d8\") " pod="kube-system/local-path-provisioner-698b58967b-lhshv"
2025-01-30 18:28:35,507 INFO c.h.h.t.HelmChartContainer - [K3S] [iptables.go:372] bootstrap done
2025-01-30 18:28:35,511 INFO c.h.h.t.HelmChartContainer - [K3S] [iptables.go:372] bootstrap done
2025-01-30 18:28:35,595 WARN c.h.h.t.HelmChartContainer - K3s image not ready yet 'Condition with Lambda expression in com.hivemq.helmcharts.testcontainer.HelmChartContainer$K3sReadyStartupCheckStrategy was not fulfilled within 10 seconds.'
2025-01-30 18:28:36,175 INFO c.h.h.t.HelmChartContainer - [K3S] [handler_proxy.go:99] no RequestInfo found in the context
2025-01-30 18:28:36,175 INFO c.h.h.t.HelmChartContainer - [K3S] [handler_proxy.go:99] no RequestInfo found in the context
2025-01-30 18:28:36,175 INFO c.h.h.t.HelmChartContainer - [K3S] [controller.go:102] "Unhandled Error" err=<
2025-01-30 18:28:36,175 INFO c.h.h.t.HelmChartContainer - [K3S] 	, Header: map[Content-Type:[text/plain; charset=utf-8] X-Content-Type-Options:[nosniff]]
2025-01-30 18:28:36,175 INFO c.h.h.t.HelmChartContainer - [K3S]  >
2025-01-30 18:28:39,718 INFO c.h.h.t.HelmChartContainer - [K3S] [kuberuntime_manager.go:1702] "Updating runtime config through cri with podcidr" CIDR="10.42.0.0/24"
2025-01-30 18:28:39,722 INFO c.h.h.t.HelmChartContainer - [K3S] [kubelet_network.go:61] "Updating Pod CIDR" originalPodCIDR="" newPodCIDR="10.42.0.0/24"
2025-01-30 18:28:39,737 INFO c.h.h.t.HelmChartContainer - [K3S] [range_allocator.go:247] "Successfully synced" key="b99e65a4204c"
2025-01-30 18:28:40,045 DEBUG c.h.h.t.HelmChartContainer - Image file loaded 'hivemq-platform-operator.tar'
2025-01-30 18:28:40,464 INFO c.h.h.t.HelmChartContainer - [K3S] [replica_set.go:679] "Finished syncing" kind="ReplicaSet" key="kube-system/local-path-provisioner-698b58967b" duration="6.464452ms"
2025-01-30 18:28:40,465 INFO c.h.h.t.HelmChartContainer - [K3S] [replica_set.go:679] "Finished syncing" kind="ReplicaSet" key="kube-system/local-path-provisioner-698b58967b" duration="70.651µs"
2025-01-30 18:28:40,748 DEBUG c.h.h.t.HelmChartContainer - Image file loaded 'hivemq-platform-operator-init.tar'
2025-01-30 18:28:41,460 INFO c.h.h.t.HelmChartContainer - [K3S] [replica_set.go:679] "Finished syncing" kind="ReplicaSet" key="kube-system/metrics-server-8584b5786c" duration="48.781µs"
2025-01-30 18:28:41,490 INFO c.h.h.t.HelmChartContainer - [K3S] [replica_set.go:679] "Finished syncing" kind="ReplicaSet" key="kube-system/coredns-ff8999cc5" duration="15.971955ms"
2025-01-30 18:28:41,490 INFO c.h.h.t.HelmChartContainer - [K3S] [replica_set.go:679] "Finished syncing" kind="ReplicaSet" key="kube-system/coredns-ff8999cc5" duration="41.477µs"
2025-01-30 18:28:46,377 DEBUG c.h.h.t.HelmChartContainer - Image file loaded 'hivemq-platform.tar'
2025-01-30 18:28:46,377 DEBUG c.h.h.t.HelmChartContainer - Successful Helm chart Container startup
2025-01-30 18:28:46,391 INFO t.localhost/testcontainers/rhw7rqfh49utlt54:latest - Container localhost/testcontainers/rhw7rqfh49utlt54:latest started in PT21.36788946S
2025-01-30 18:28:46,402 DEBUG c.h.h.t.HelmChartContainer - Executing helm command: /bin/helm --kubeconfig /etc/rancher/k3s/k3s.yaml repo add hivemq https://hivemq.github.io/helm-charts
2025-01-30 18:28:47,589 INFO c.h.h.t.HelmChartContainer - Saved kubeconfig file on /tmp/kubeconfig-607764275982328554.yaml
2025-01-30 18:28:47,589 INFO c.h.h.t.HelmChartContainer - HelmChartContainer is started
2025-01-30 18:28:47,595 INFO c.h.h.t.HelmChartContainer - [EVENT] Normal [Starting] Starting kubelet. [null:b99e65a4204c]
2025-01-30 18:28:47,596 INFO c.h.h.t.HelmChartContainer - [EVENT] Warning [InvalidDiskCapacity] invalid capacity 0 on image filesystem [null:b99e65a4204c]
2025-01-30 18:28:47,597 INFO c.h.h.t.HelmChartContainer - [EVENT] Normal [NodeHasSufficientMemory] Node b99e65a4204c status is now: NodeHasSufficientMemory [null:b99e65a4204c]
2025-01-30 18:28:47,598 INFO c.h.h.t.HelmChartContainer - [EVENT] Normal [NodeHasNoDiskPressure] Node b99e65a4204c status is now: NodeHasNoDiskPressure [null:b99e65a4204c]
2025-01-30 18:28:47,598 INFO c.h.h.t.HelmChartContainer - [EVENT] Normal [NodeHasSufficientPID] Node b99e65a4204c status is now: NodeHasSufficientPID [null:b99e65a4204c]
2025-01-30 18:28:47,599 INFO c.h.h.t.HelmChartContainer - [EVENT] Normal [NodeAllocatableEnforced] Updated Node Allocatable limit across pods [null:b99e65a4204c]
2025-01-30 18:28:47,601 INFO c.h.h.t.HelmChartContainer - [EVENT] Normal [NodeReady] Node b99e65a4204c status is now: NodeReady [null:b99e65a4204c]
2025-01-30 18:28:47,603 INFO c.h.h.t.HelmChartContainer - [EVENT] Normal [NodePasswordValidationComplete] Deferred node password secret validation complete [null:b99e65a4204c]
2025-01-30 18:28:47,605 INFO c.h.h.t.HelmChartContainer - [EVENT] Normal [Synced] Node synced successfully [null:b99e65a4204c]
2025-01-30 18:28:47,605 INFO c.h.h.t.HelmChartContainer - [EVENT] Normal [RegisteredNode] Node b99e65a4204c event: Registered Node b99e65a4204c in Controller [null:b99e65a4204c]
]]></system-out>
  <system-err><![CDATA[]]></system-err>
</testsuite>
