<?xml version="1.0" encoding="UTF-8"?>
<testsuite name="com.hivemq.helmcharts.extensions.HelmExtensionPriorityIT" tests="1" skipped="0" failures="0" errors="0" timestamp="2025-01-29T13:56:47" hostname="fv-az1278-994" time="123.707">
  <properties/>
  <testcase name="platformChart_whenExtensionPriorityIsConfigured_thenInterceptorsAreExecutedInTheExpectedOrder()" classname="com.hivemq.helmcharts.extensions.HelmExtensionPriorityIT" time="123.707">
    <system-out><![CDATA[2025-01-29 13:56:47,896 INFO c.h.h.t.HelmChartContainer - Creating namespace 'helmextensionpriorityit-operator'...
2025-01-29 13:56:47,902 INFO c.h.h.t.HelmChartContainer - Namespace 'helmextensionpriorityit-operator' created
2025-01-29 13:56:47,903 INFO c.h.h.t.HelmChartContainer - Creating namespace 'helmextensionpriorityit'...
2025-01-29 13:56:47,909 INFO c.h.h.t.HelmChartContainer - Namespace 'helmextensionpriorityit' created
2025-01-29 13:56:47,973 DEBUG c.h.h.t.HelmChartContainer - Executing helm command: /bin/helm --kubeconfig /etc/rancher/k3s/k3s.yaml install test-hivemq-platform-operator /charts/hivemq-platform-operator --wait --timeout 5m0s --set image.repository=docker.io/hivemq --set image.name=hivemq-platform-operator-test --set image.initImageName=hivemq-platform-operator-init-test --set image.tag=snapshot --set image.pullPolicy=Never --set logLevel=DEBUG --set resources.cpu=512m --namespace helmextensionpriorityit-operator
2025-01-29 13:56:48,358 INFO c.h.h.t.HelmChartContainer - [K3S] [alloc.go:330] "allocated clusterIPs" service="helmextensionpriorityit-operator/hivemq-platform-operator-test-hivemq-platform-operator" clusterIPs={"IPv4":"10.43.56.163"}
2025-01-29 13:56:48,369 INFO c.h.h.t.HelmChartContainer - [EVENT] Normal [ScalingReplicaSet] Scaled up replica set hivemq-test-hivemq-platform-operator-6966f96d65 from 0 to 1 [helmextensionpriorityit-operator:hivemq-test-hivemq-platform-operator]
2025-01-29 13:56:48,377 INFO c.h.h.t.HelmChartContainer - [POD] hivemq-test-hivemq-platform-operator-6966f96d65-cjgxf [bb4ebb6c-1582-4d94-8ed0-dd16c7e7d0d7] in helmextensionpriorityit-operator was ADDED
2025-01-29 13:56:48,380 INFO c.h.h.t.HelmChartContainer - [K3S] [memory_manager.go:355] "RemoveStaleState removing state" podUID="09874065-bf80-4441-84ef-72002992ee37" containerName="hivemq"
2025-01-29 13:56:48,380 INFO c.h.h.t.HelmChartContainer - [K3S] [memory_manager.go:355] "RemoveStaleState removing state" podUID="ab14b7ad-3388-4c2f-a4ed-bed9c7c15417" containerName="hivemq-platform-operator"
2025-01-29 13:56:48,386 INFO c.h.h.t.HelmChartContainer - [POD] hivemq-test-hivemq-platform-operator-6966f96d65-cjgxf [bb4ebb6c-1582-4d94-8ed0-dd16c7e7d0d7] in helmextensionpriorityit-operator was MODIFIED
2025-01-29 13:56:48,392 INFO c.h.h.t.HelmChartContainer - [EVENT] Normal [Scheduled] Successfully assigned helmextensionpriorityit-operator/hivemq-test-hivemq-platform-operator-6966f96d65-cjgxf to e0d747e94538 [helmextensionpriorityit-operator:hivemq-test-hivemq-platform-operator-6966f96d65-cjgxf]
2025-01-29 13:56:48,393 INFO c.h.h.t.HelmChartContainer - [K3S] [replica_set.go:679] "Finished syncing" kind="ReplicaSet" key="helmextensionpriorityit-operator/hivemq-test-hivemq-platform-operator-6966f96d65" duration="25.880684ms"
2025-01-29 13:56:48,394 INFO c.h.h.t.HelmChartContainer - [EVENT] Normal [SuccessfulCreate] Created pod: hivemq-test-hivemq-platform-operator-6966f96d65-cjgxf [helmextensionpriorityit-operator:hivemq-test-hivemq-platform-operator-6966f96d65]
2025-01-29 13:56:48,400 INFO c.h.h.t.HelmChartContainer - [K3S] [replica_set.go:679] "Finished syncing" kind="ReplicaSet" key="helmextensionpriorityit-operator/hivemq-test-hivemq-platform-operator-6966f96d65" duration="6.337455ms"
2025-01-29 13:56:48,401 INFO c.h.h.t.HelmChartContainer - [K3S] [replica_set.go:679] "Finished syncing" kind="ReplicaSet" key="helmextensionpriorityit-operator/hivemq-test-hivemq-platform-operator-6966f96d65" duration="33.743µs"
2025-01-29 13:56:48,402 INFO c.h.h.t.HelmChartContainer - [POD] hivemq-test-hivemq-platform-operator-6966f96d65-cjgxf [bb4ebb6c-1582-4d94-8ed0-dd16c7e7d0d7] in helmextensionpriorityit-operator was MODIFIED
2025-01-29 13:56:48,477 INFO c.h.h.t.HelmChartContainer - [K3S] [reconciler_common.go:251] "operationExecutor.VerifyControllerAttachedVolume started for volume \"kube-api-access-zpxt6\" (UniqueName: \"kubernetes.io/projected/bb4ebb6c-1582-4d94-8ed0-dd16c7e7d0d7-kube-api-access-zpxt6\") pod \"hivemq-test-hivemq-platform-operator-6966f96d65-cjgxf\" (UID: \"bb4ebb6c-1582-4d94-8ed0-dd16c7e7d0d7\") " pod="helmextensionpriorityit-operator/hivemq-test-hivemq-platform-operator-6966f96d65-cjgxf"
2025-01-29 13:56:48,780 INFO c.h.h.t.HelmChartContainer - [EVENT] Normal [Pulled] Container image "docker.io/hivemq/hivemq-platform-operator-test:snapshot" already present on machine [helmextensionpriorityit-operator:hivemq-test-hivemq-platform-operator-6966f96d65-cjgxf]
2025-01-29 13:56:48,780 INFO c.h.h.t.HelmChartContainer - Received Pulled event for container hivemq-platform-operator in pod hivemq-test-hivemq-platform-operator-6966f96d65-cjgxf [bb4ebb6c-1582-4d94-8ed0-dd16c7e7d0d7]
2025-01-29 13:56:50,035 INFO c.h.h.t.HelmChartContainer - [EVENT] Normal [Created] Created container: hivemq-platform-operator [helmextensionpriorityit-operator:hivemq-test-hivemq-platform-operator-6966f96d65-cjgxf]
2025-01-29 13:56:50,035 INFO c.h.h.t.HelmChartContainer - Received Created event for container hivemq-platform-operator in pod hivemq-test-hivemq-platform-operator-6966f96d65-cjgxf [bb4ebb6c-1582-4d94-8ed0-dd16c7e7d0d7]
2025-01-29 13:56:50,452 INFO c.h.h.t.HelmChartContainer - [K3S] [replica_set.go:679] "Finished syncing" kind="ReplicaSet" key="helmextensionpriorityit-operator/hivemq-test-hivemq-platform-operator-6966f96d65" duration="40.886µs"
2025-01-29 13:56:50,458 INFO c.h.h.t.HelmChartContainer - [POD] hivemq-test-hivemq-platform-operator-6966f96d65-cjgxf [bb4ebb6c-1582-4d94-8ed0-dd16c7e7d0d7] in helmextensionpriorityit-operator was MODIFIED
2025-01-29 13:56:50,465 INFO c.h.h.t.HelmChartContainer - [EVENT] Normal [Started] Started container hivemq-platform-operator [helmextensionpriorityit-operator:hivemq-test-hivemq-platform-operator-6966f96d65-cjgxf]
2025-01-29 13:56:50,465 INFO c.h.h.t.HelmChartContainer - Received Started event for container hivemq-platform-operator in pod hivemq-test-hivemq-platform-operator-6966f96d65-cjgxf [bb4ebb6c-1582-4d94-8ed0-dd16c7e7d0d7]
2025-01-29 13:56:50,465 INFO c.h.h.t.HelmChartContainer - Started log watcher for hivemq-platform-operator in pod hivemq-test-hivemq-platform-operator-6966f96d65-cjgxf [bb4ebb6c-1582-4d94-8ed0-dd16c7e7d0d7]
2025-01-29 13:56:50,470 INFO c.h.h.t.HelmChartContainer - [hivemq-test-hivemq-platform] [hivemq-platform-operator] [bb4ebb6c] -------------------------------------------------------------------------
2025-01-29 13:56:50,472 INFO c.h.h.t.HelmChartContainer - [hivemq-test-hivemq-platform] [hivemq-platform-operator] [bb4ebb6c] 
2025-01-29 13:56:50,472 INFO c.h.h.t.HelmChartContainer - [hivemq-test-hivemq-platform] [hivemq-platform-operator] [bb4ebb6c]                   _    _  _              __  __   ____
2025-01-29 13:56:50,472 INFO c.h.h.t.HelmChartContainer - [hivemq-test-hivemq-platform] [hivemq-platform-operator] [bb4ebb6c]                  | |  | |(_)            |  \/  | / __ \
2025-01-29 13:56:50,472 INFO c.h.h.t.HelmChartContainer - [hivemq-test-hivemq-platform] [hivemq-platform-operator] [bb4ebb6c]                  | |__| | _ __   __ ___ | \  / || |  | |
2025-01-29 13:56:50,472 INFO c.h.h.t.HelmChartContainer - [hivemq-test-hivemq-platform] [hivemq-platform-operator] [bb4ebb6c]                  |  __  || |\ \ / // _ \| |\/| || |  | |
2025-01-29 13:56:50,472 INFO c.h.h.t.HelmChartContainer - [hivemq-test-hivemq-platform] [hivemq-platform-operator] [bb4ebb6c]                  | |  | || | \ V /|  __/| |  | || |__| |
2025-01-29 13:56:50,472 INFO c.h.h.t.HelmChartContainer - [hivemq-test-hivemq-platform] [hivemq-platform-operator] [bb4ebb6c]                  |_|  |_||_|  \_/  \___||_|  |_| \___\_\
2025-01-29 13:56:50,472 INFO c.h.h.t.HelmChartContainer - [hivemq-test-hivemq-platform] [hivemq-platform-operator] [bb4ebb6c] 
2025-01-29 13:56:50,472 INFO c.h.h.t.HelmChartContainer - [hivemq-test-hivemq-platform] [hivemq-platform-operator] [bb4ebb6c] -------------------------------------------------------------------------
2025-01-29 13:56:50,472 INFO c.h.h.t.HelmChartContainer - [hivemq-test-hivemq-platform] [hivemq-platform-operator] [bb4ebb6c] 
2025-01-29 13:56:50,472 INFO c.h.h.t.HelmChartContainer - [hivemq-test-hivemq-platform] [hivemq-platform-operator] [bb4ebb6c]   HiveMQ Platform Operator Start Script v1.0
2025-01-29 13:56:50,472 INFO c.h.h.t.HelmChartContainer - [hivemq-test-hivemq-platform] [hivemq-platform-operator] [bb4ebb6c] 
2025-01-29 13:56:50,472 INFO c.h.h.t.HelmChartContainer - [hivemq-test-hivemq-platform] [hivemq-platform-operator] [bb4ebb6c] -------------------------------------------------------------------------
2025-01-29 13:56:50,472 INFO c.h.h.t.HelmChartContainer - [hivemq-test-hivemq-platform] [hivemq-platform-operator] [bb4ebb6c] 
2025-01-29 13:56:50,472 INFO c.h.h.t.HelmChartContainer - [hivemq-test-hivemq-platform] [hivemq-platform-operator] [bb4ebb6c]   JAVA_OPTS: -XX:+UnlockExperimentalVMOptions -XX:InitialRAMPercentage=75 -XX:MaxRAMPercentage=75 -Duser.language=en -Duser.region=US
2025-01-29 13:56:50,472 INFO c.h.h.t.HelmChartContainer - [hivemq-test-hivemq-platform] [hivemq-platform-operator] [bb4ebb6c] 
2025-01-29 13:56:50,472 INFO c.h.h.t.HelmChartContainer - [hivemq-test-hivemq-platform] [hivemq-platform-operator] [bb4ebb6c]   JAVA_VERSION: 21
2025-01-29 13:56:50,472 INFO c.h.h.t.HelmChartContainer - [hivemq-test-hivemq-platform] [hivemq-platform-operator] [bb4ebb6c] 
2025-01-29 13:56:50,472 INFO c.h.h.t.HelmChartContainer - [hivemq-test-hivemq-platform] [hivemq-platform-operator] [bb4ebb6c] -------------------------------------------------------------------------
2025-01-29 13:56:50,472 INFO c.h.h.t.HelmChartContainer - [hivemq-test-hivemq-platform] [hivemq-platform-operator] [bb4ebb6c] 
2025-01-29 13:56:53,452 INFO c.h.h.t.HelmChartContainer - [hivemq-test-hivemq-platform] [hivemq-platform-operator] [bb4ebb6c] 13:56:53.450 [main] DEBUG org.jboss.logging - Logging Provider: org.jboss.logging.Slf4jLoggerProvider
2025-01-29 13:56:53,558 INFO c.h.h.t.HelmChartContainer - [hivemq-test-hivemq-platform] [hivemq-platform-operator] [bb4ebb6c] 13:56:53.557 [main] DEBUG io.smallrye.config - SRCFG01006: Loaded ConfigSource SysPropConfigSource with ordinal 400
2025-01-29 13:56:53,558 INFO c.h.h.t.HelmChartContainer - [hivemq-test-hivemq-platform] [hivemq-platform-operator] [bb4ebb6c] 13:56:53.557 [main] DEBUG io.smallrye.config - SRCFG01006: Loaded ConfigSource EnvConfigSource with ordinal 300
2025-01-29 13:56:53,558 INFO c.h.h.t.HelmChartContainer - [hivemq-test-hivemq-platform] [hivemq-platform-operator] [bb4ebb6c] 13:56:53.557 [main] DEBUG io.smallrye.config - SRCFG01006: Loaded ConfigSource PropertiesConfigSource[source=jar:file:///opt/hivemq-platform-operator/bin/hivemq-platform-operator.jar!/hivemq-platform-operator.properties] with ordinal 100
2025-01-29 13:56:53,559 INFO c.h.h.t.HelmChartContainer - [hivemq-test-hivemq-platform] [hivemq-platform-operator] [bb4ebb6c] 13:56:53.558 [main] DEBUG io.smallrye.config - SRCFG01006: Loaded ConfigSource DefaultValuesConfigSource with ordinal -2147483648
2025-01-29 13:56:53,660 INFO c.h.h.t.HelmChartContainer - [hivemq-test-hivemq-platform] [hivemq-platform-operator] [bb4ebb6c] 13:56:53.658 [main] DEBUG i.m.c.u.i.l.InternalLoggerFactory - Using SLF4J as the default logging framework
2025-01-29 13:56:53,762 INFO c.h.h.t.HelmChartContainer - [hivemq-test-hivemq-platform] [hivemq-platform-operator] [bb4ebb6c] 13:56:53.755 [main] INFO  c.h.p.o.HiveMQPlatformOperatorApplication - HiveMQ Platform Operator 1.7.0-SNAPSHOT (commit: bebf408 on branch: HEAD) built on Sun Jan 26 20:47:47 UTC 2025
2025-01-29 13:56:53,825 INFO c.h.h.t.HelmChartContainer - [hivemq-test-hivemq-platform] [hivemq-platform-operator] [bb4ebb6c] 13:56:53.823 [main] INFO  c.h.p.o.HiveMQPlatformOperatorApplication - HiveMQ Platform Operator is running in namespace: helmextensionpriorityit-operator
2025-01-29 13:56:53,825 INFO c.h.h.t.HelmChartContainer - [hivemq-test-hivemq-platform] [hivemq-platform-operator] [bb4ebb6c] 13:56:53.824 [main] INFO  c.h.p.o.HiveMQPlatformOperatorApplication - Watching all namespaces
2025-01-29 13:56:53,825 INFO c.h.h.t.HelmChartContainer - [hivemq-test-hivemq-platform] [hivemq-platform-operator] [bb4ebb6c] 13:56:53.824 [main] INFO  c.h.p.o.HiveMQPlatformOperatorApplication - Log level: DEBUG
2025-01-29 13:56:53,825 INFO c.h.h.t.HelmChartContainer - [hivemq-test-hivemq-platform] [hivemq-platform-operator] [bb4ebb6c] 13:56:53.824 [main] INFO  c.h.p.o.HiveMQPlatformOperatorApplication - Release name: test-hivemq-platform-operator
2025-01-29 13:56:53,825 INFO c.h.h.t.HelmChartContainer - [hivemq-test-hivemq-platform] [hivemq-platform-operator] [bb4ebb6c] 13:56:53.824 [main] INFO  c.h.p.o.HiveMQPlatformOperatorApplication - HiveMQ Platform Operator Init image: docker.io/hivemq/hivemq-platform-operator-init-test:snapshot
2025-01-29 13:56:53,825 INFO c.h.h.t.HelmChartContainer - [hivemq-test-hivemq-platform] [hivemq-platform-operator] [bb4ebb6c] 13:56:53.824 [main] INFO  c.h.p.o.HiveMQPlatformOperatorApplication - HiveMQ Platform Operator Init App update URL: http://hivemq-platform-operator-test-hivemq-platform-operator.helmextensionpriorityit-operator.svc:8080/initAppUpdate/hivemq-platform-operator-init-app-1.7.0-SNAPSHOT.jar
2025-01-29 13:56:53,842 INFO c.h.h.t.HelmChartContainer - [hivemq-test-hivemq-platform] [hivemq-platform-operator] [bb4ebb6c] 13:56:53.841 [main] INFO  c.h.p.o.HiveMQPlatformOperatorApplication - Additional imagePullSecret for all Platform deployments: none
2025-01-29 13:56:53,842 INFO c.h.h.t.HelmChartContainer - [hivemq-test-hivemq-platform] [hivemq-platform-operator] [bb4ebb6c] 13:56:53.841 [main] INFO  c.h.p.o.HiveMQPlatformOperatorApplication - Apply HiveMQ Platform CRD: true
2025-01-29 13:56:53,842 INFO c.h.h.t.HelmChartContainer - [hivemq-test-hivemq-platform] [hivemq-platform-operator] [bb4ebb6c] 13:56:53.841 [main] INFO  c.h.p.o.HiveMQPlatformOperatorApplication - Create Platform ServiceAccount: true
2025-01-29 13:56:53,842 INFO c.h.h.t.HelmChartContainer - [hivemq-test-hivemq-platform] [hivemq-platform-operator] [bb4ebb6c] 13:56:53.841 [main] INFO  c.h.p.o.HiveMQPlatformOperatorApplication - Create Platform ServiceAccount permissions: true
2025-01-29 13:56:53,842 INFO c.h.h.t.HelmChartContainer - [hivemq-test-hivemq-platform] [hivemq-platform-operator] [bb4ebb6c] 13:56:53.841 [main] INFO  c.h.p.o.HiveMQPlatformOperatorApplication - Validate Platform ServiceAccount: true
2025-01-29 13:56:53,842 INFO c.h.h.t.HelmChartContainer - [hivemq-test-hivemq-platform] [hivemq-platform-operator] [bb4ebb6c] 13:56:53.841 [main] INFO  c.h.p.o.HiveMQPlatformOperatorApplication - Validate Platform ServiceAccount permissions: true
2025-01-29 13:56:53,953 INFO c.h.h.t.HelmChartContainer - [hivemq-test-hivemq-platform] [hivemq-platform-operator] [bb4ebb6c] 13:56:53.952 [main] INFO  c.h.platform.operator.util.CRDUtil - Verifying deployed HiveMQ Platform CRD...
2025-01-29 13:56:56,362 INFO c.h.h.t.HelmChartContainer - [hivemq-test-hivemq-platform] [hivemq-platform-operator] [bb4ebb6c] 13:56:56.360 [main] DEBUG c.h.platform.operator.util.CRDUtil - HiveMQ Platform CRD version v1 is up to date
2025-01-29 13:56:56,362 INFO c.h.h.t.HelmChartContainer - [hivemq-test-hivemq-platform] [hivemq-platform-operator] [bb4ebb6c] 13:56:56.361 [main] INFO  c.h.platform.operator.util.CRDUtil - HiveMQ Platform CRD is up to date (version: V1_6_0)
2025-01-29 13:56:56,362 INFO c.h.h.t.HelmChartContainer - [hivemq-test-hivemq-platform] [hivemq-platform-operator] [bb4ebb6c] 13:56:56.361 [main] INFO  c.h.platform.operator.util.CRDUtil - Waiting 10000 ms for HiveMQ Platform CRD 'hivemq-platforms.hivemq.com' to become ready...
2025-01-29 13:56:56,757 INFO c.h.h.t.HelmChartContainer - [hivemq-test-hivemq-platform] [hivemq-platform-operator] [bb4ebb6c] 13:56:56.754 [vert.x-eventloop-thread-1] DEBUG c.h.platform.operator.util.CRDUtil - Checking CRD condition 'NamesAccepted' (status: 'True')
2025-01-29 13:56:56,758 INFO c.h.h.t.HelmChartContainer - [hivemq-test-hivemq-platform] [hivemq-platform-operator] [bb4ebb6c] 13:56:56.755 [vert.x-eventloop-thread-1] DEBUG c.h.platform.operator.util.CRDUtil - Checking CRD condition 'Established' (status: 'True')
2025-01-29 13:56:56,758 INFO c.h.h.t.HelmChartContainer - [hivemq-test-hivemq-platform] [hivemq-platform-operator] [bb4ebb6c] 13:56:56.755 [main] INFO  c.h.platform.operator.util.CRDUtil - HiveMQ Platform CRD 'hivemq-platforms.hivemq.com' is ready
2025-01-29 13:56:56,953 INFO c.h.h.t.HelmChartContainer - [hivemq-test-hivemq-platform] [hivemq-platform-operator] [bb4ebb6c] 13:56:56.951 [main] INFO  c.h.p.o.HiveMQPlatformReconciler - HiveMQ Platform Operator is starting...
2025-01-29 13:56:57,059 INFO c.h.h.t.HelmChartContainer - [hivemq-test-hivemq-platform] [hivemq-platform-operator] [bb4ebb6c] 13:56:57.057 [main] WARN  Default ConfigurationService implementation - Configuration for reconciler 'hivemq-controller' was not found. Known reconcilers: None.
2025-01-29 13:56:57,143 INFO c.h.h.t.HelmChartContainer - [hivemq-test-hivemq-platform] [hivemq-platform-operator] [bb4ebb6c] 13:56:57.142 [main] INFO  Default ConfigurationService implementation - Created configuration for reconciler com.hivemq.platform.operator.HiveMQPlatformReconciler with name hivemq-controller
2025-01-29 13:56:57,244 INFO c.h.h.t.HelmChartContainer - [hivemq-test-hivemq-platform] [hivemq-platform-operator] [bb4ebb6c] 13:56:57.243 [main] DEBUG c.h.p.o.HiveMQPlatformReconciler - HiveMQ Platform Operator is preparing EventSources
2025-01-29 13:56:57,256 INFO c.h.h.t.HelmChartContainer - [hivemq-test-hivemq-platform] [hivemq-platform-operator] [bb4ebb6c] 13:56:57.255 [main] INFO  i.javaoperatorsdk.operator.Operator - Registered reconciler: 'hivemq-controller' for resource: 'class com.hivemq.platform.operator.v1.HiveMQPlatform' for namespace(s): [all namespaces]
2025-01-29 13:56:57,847 INFO c.h.h.t.HelmChartContainer - [hivemq-test-hivemq-platform] [hivemq-platform-operator] [bb4ebb6c] 13:56:57.846 [main] INFO  c.h.p.operator.webserver.JettyServer - Starting Jetty server on port 8080
2025-01-29 13:56:57,865 INFO c.h.h.t.HelmChartContainer - [hivemq-test-hivemq-platform] [hivemq-platform-operator] [bb4ebb6c] 13:56:57.864 [main] INFO  i.javaoperatorsdk.operator.Operator - Operator SDK 4.9.7 (commit: 2133d28) built on Wed Nov 20 12:56:20 UTC 2024 starting...
2025-01-29 13:56:57,866 INFO c.h.h.t.HelmChartContainer - [hivemq-test-hivemq-platform] [hivemq-platform-operator] [bb4ebb6c] 13:56:57.864 [main] INFO  i.javaoperatorsdk.operator.Operator - Client version: 6.13.4
2025-01-29 13:56:57,867 INFO c.h.h.t.HelmChartContainer - [hivemq-test-hivemq-platform] [hivemq-platform-operator] [bb4ebb6c] 13:56:57.866 [Controller Starter for: hivemq-controller] INFO  i.j.operator.processing.Controller - Starting 'hivemq-controller' controller for reconciler: com.hivemq.platform.operator.HiveMQPlatformReconciler, resource: com.hivemq.platform.operator.v1.HiveMQPlatform
2025-01-29 13:57:00,353 INFO c.h.h.t.HelmChartContainer - [hivemq-test-hivemq-platform] [hivemq-platform-operator] [bb4ebb6c] 13:57:00.352 [Controller Starter for: hivemq-controller] INFO  i.j.operator.processing.Controller - 'hivemq-controller' controller started
2025-01-29 13:57:00,354 INFO c.h.h.t.HelmChartContainer - [hivemq-test-hivemq-platform] [hivemq-platform-operator] [bb4ebb6c] 13:57:00.352 [main] INFO  c.h.p.o.HiveMQPlatformOperatorApplication - HiveMQ Platform Operator 1.7.0-SNAPSHOT started in 6597 ms
2025-01-29 13:57:01,458 INFO c.h.h.t.HelmChartContainer - [POD] hivemq-test-hivemq-platform-operator-6966f96d65-cjgxf [bb4ebb6c-1582-4d94-8ed0-dd16c7e7d0d7] in helmextensionpriorityit-operator was MODIFIED
2025-01-29 13:57:01,464 INFO c.h.h.t.HelmChartContainer - [K3S] [replica_set.go:679] "Finished syncing" kind="ReplicaSet" key="helmextensionpriorityit-operator/hivemq-test-hivemq-platform-operator-6966f96d65" duration="10.116165ms"
2025-01-29 13:57:01,466 INFO c.h.h.t.HelmChartContainer - [K3S] [replica_set.go:679] "Finished syncing" kind="ReplicaSet" key="helmextensionpriorityit-operator/hivemq-test-hivemq-platform-operator-6966f96d65" duration="35.326µs"
2025-01-29 13:57:02,504 DEBUG c.h.helmcharts.util.HiveMQExtension - Trying to compile class '/home/runner/work/helm-charts/helm-charts/helm-charts/tests-hivemq-platform-operator/src/integrationTest/java/com/hivemq/helmcharts/extensions/custom/AppendingFooPublishInboundInterceptorExtensionMain.java' into extension 'hivemq-appending-foo-extension'
2025-01-29 13:57:03,622 DEBUG c.h.helmcharts.util.HiveMQExtension - Trying to compile class '/home/runner/work/helm-charts/helm-charts/helm-charts/tests-hivemq-platform-operator/src/integrationTest/java/com/hivemq/helmcharts/extensions/custom/BaseAppendingPublishInboundInterceptorExtensionMain.java' into extension 'hivemq-appending-foo-extension'
2025-01-29 13:57:03,827 DEBUG c.h.helmcharts.util.HiveMQExtension - Trying to package class 'com.hivemq.extension.sdk.api.services.intializer.InitializerRegistry' into extension 'hivemq-appending-foo-extension'
2025-01-29 13:57:03,832 DEBUG c.h.helmcharts.util.HiveMQExtension - Trying to package class 'com.hivemq.extension.sdk.api.services.Services' into extension 'hivemq-appending-foo-extension'
2025-01-29 13:57:03,833 DEBUG c.h.helmcharts.util.HiveMQExtension - Trying to compile class '/home/runner/work/helm-charts/helm-charts/helm-charts/tests-hivemq-platform-operator/src/integrationTest/java/com/hivemq/helmcharts/extensions/custom/BaseAppendingPublishInboundInterceptorExtensionMain.java' into extension 'hivemq-appending-foo-extension'
2025-01-29 13:57:03,930 DEBUG c.h.helmcharts.util.HiveMQExtension - Trying to package class 'com.hivemq.extension.sdk.api.client.ClientContext' into extension 'hivemq-appending-foo-extension'
2025-01-29 13:57:03,932 DEBUG c.h.helmcharts.util.HiveMQExtension - Trying to package class 'org.slf4j.Logger' into extension 'hivemq-appending-foo-extension'
2025-01-29 13:57:03,933 DEBUG c.h.helmcharts.util.HiveMQExtension - Trying to compile class '/home/runner/work/helm-charts/helm-charts/helm-charts/tests-hivemq-platform-operator/src/integrationTest/java/com/hivemq/helmcharts/extensions/custom/AppendingPublishInboundInterceptor.java' into extension 'hivemq-appending-foo-extension'
2025-01-29 13:57:04,115 DEBUG c.h.helmcharts.util.HiveMQExtension - Trying to package class 'com.hivemq.extension.sdk.api.interceptor.publish.PublishInboundInterceptor' into extension 'hivemq-appending-foo-extension'
2025-01-29 13:57:04,117 DEBUG c.h.helmcharts.util.HiveMQExtension - Trying to package class 'org.slf4j.Logger' into extension 'hivemq-appending-foo-extension'
2025-01-29 13:57:04,118 DEBUG c.h.helmcharts.util.HiveMQExtension - Trying to package class 'com.hivemq.extension.sdk.api.packets.publish.ModifiablePublishPacket' into extension 'hivemq-appending-foo-extension'
2025-01-29 13:57:04,119 DEBUG c.h.helmcharts.util.HiveMQExtension - Trying to package class 'org.slf4j.LoggerFactory' into extension 'hivemq-appending-foo-extension'
2025-01-29 13:57:04,120 DEBUG c.h.helmcharts.util.HiveMQExtension - Trying to package class 'com.hivemq.extension.sdk.api.interceptor.publish.parameter.PublishInboundOutput' into extension 'hivemq-appending-foo-extension'
2025-01-29 13:57:04,121 DEBUG c.h.helmcharts.util.HiveMQExtension - Trying to compile class '/home/runner/work/helm-charts/helm-charts/helm-charts/tests-hivemq-platform-operator/src/integrationTest/java/com/hivemq/helmcharts/extensions/custom/AppendingPublishInboundInterceptor.java' into extension 'hivemq-appending-foo-extension'
2025-01-29 13:57:04,210 DEBUG c.h.helmcharts.util.HiveMQExtension - Trying to package class 'com.hivemq.extension.sdk.api.packets.publish.PublishPacket' into extension 'hivemq-appending-foo-extension'
2025-01-29 13:57:04,211 DEBUG c.h.helmcharts.util.HiveMQExtension - Trying to package class 'com.hivemq.extension.sdk.api.interceptor.publish.parameter.PublishInboundInput' into extension 'hivemq-appending-foo-extension'
2025-01-29 13:57:04,212 DEBUG c.h.helmcharts.util.HiveMQExtension - Trying to package class 'com.hivemq.extension.sdk.api.ExtensionMain' into extension 'hivemq-appending-foo-extension'
2025-01-29 13:57:04,213 DEBUG c.h.helmcharts.util.HiveMQExtension - Trying to package class 'org.slf4j.LoggerFactory' into extension 'hivemq-appending-foo-extension'
2025-01-29 13:57:04,234 DEBUG c.h.helmcharts.util.HiveMQExtension - Trying to compile class '/home/runner/work/helm-charts/helm-charts/helm-charts/tests-hivemq-platform-operator/src/integrationTest/java/com/hivemq/helmcharts/extensions/custom/AppendingBarPublishInboundInterceptorExtensionMain.java' into extension 'hivemq-appending-bar-extension'
2025-01-29 13:57:04,446 DEBUG c.h.helmcharts.util.HiveMQExtension - Trying to compile class '/home/runner/work/helm-charts/helm-charts/helm-charts/tests-hivemq-platform-operator/src/integrationTest/java/com/hivemq/helmcharts/extensions/custom/BaseAppendingPublishInboundInterceptorExtensionMain.java' into extension 'hivemq-appending-bar-extension'
2025-01-29 13:57:04,512 DEBUG c.h.helmcharts.util.HiveMQExtension - Trying to package class 'com.hivemq.extension.sdk.api.services.intializer.InitializerRegistry' into extension 'hivemq-appending-bar-extension'
2025-01-29 13:57:04,513 DEBUG c.h.helmcharts.util.HiveMQExtension - Trying to package class 'com.hivemq.extension.sdk.api.services.Services' into extension 'hivemq-appending-bar-extension'
2025-01-29 13:57:04,514 DEBUG c.h.helmcharts.util.HiveMQExtension - Trying to compile class '/home/runner/work/helm-charts/helm-charts/helm-charts/tests-hivemq-platform-operator/src/integrationTest/java/com/hivemq/helmcharts/extensions/custom/BaseAppendingPublishInboundInterceptorExtensionMain.java' into extension 'hivemq-appending-bar-extension'
2025-01-29 13:57:04,572 DEBUG c.h.helmcharts.util.HiveMQExtension - Trying to package class 'com.hivemq.extension.sdk.api.client.ClientContext' into extension 'hivemq-appending-bar-extension'
2025-01-29 13:57:04,573 DEBUG c.h.helmcharts.util.HiveMQExtension - Trying to package class 'org.slf4j.Logger' into extension 'hivemq-appending-bar-extension'
2025-01-29 13:57:04,574 DEBUG c.h.helmcharts.util.HiveMQExtension - Trying to compile class '/home/runner/work/helm-charts/helm-charts/helm-charts/tests-hivemq-platform-operator/src/integrationTest/java/com/hivemq/helmcharts/extensions/custom/AppendingPublishInboundInterceptor.java' into extension 'hivemq-appending-bar-extension'
2025-01-29 13:57:04,642 DEBUG c.h.helmcharts.util.HiveMQExtension - Trying to package class 'com.hivemq.extension.sdk.api.interceptor.publish.PublishInboundInterceptor' into extension 'hivemq-appending-bar-extension'
2025-01-29 13:57:04,642 DEBUG c.h.helmcharts.util.HiveMQExtension - Trying to package class 'org.slf4j.Logger' into extension 'hivemq-appending-bar-extension'
2025-01-29 13:57:04,643 DEBUG c.h.helmcharts.util.HiveMQExtension - Trying to package class 'com.hivemq.extension.sdk.api.packets.publish.ModifiablePublishPacket' into extension 'hivemq-appending-bar-extension'
2025-01-29 13:57:04,644 DEBUG c.h.helmcharts.util.HiveMQExtension - Trying to package class 'org.slf4j.LoggerFactory' into extension 'hivemq-appending-bar-extension'
2025-01-29 13:57:04,644 DEBUG c.h.helmcharts.util.HiveMQExtension - Trying to package class 'com.hivemq.extension.sdk.api.interceptor.publish.parameter.PublishInboundOutput' into extension 'hivemq-appending-bar-extension'
2025-01-29 13:57:04,645 DEBUG c.h.helmcharts.util.HiveMQExtension - Trying to compile class '/home/runner/work/helm-charts/helm-charts/helm-charts/tests-hivemq-platform-operator/src/integrationTest/java/com/hivemq/helmcharts/extensions/custom/AppendingPublishInboundInterceptor.java' into extension 'hivemq-appending-bar-extension'
2025-01-29 13:57:04,720 DEBUG c.h.helmcharts.util.HiveMQExtension - Trying to package class 'com.hivemq.extension.sdk.api.packets.publish.PublishPacket' into extension 'hivemq-appending-bar-extension'
2025-01-29 13:57:04,723 DEBUG c.h.helmcharts.util.HiveMQExtension - Trying to package class 'com.hivemq.extension.sdk.api.interceptor.publish.parameter.PublishInboundInput' into extension 'hivemq-appending-bar-extension'
2025-01-29 13:57:04,724 DEBUG c.h.helmcharts.util.HiveMQExtension - Trying to package class 'com.hivemq.extension.sdk.api.ExtensionMain' into extension 'hivemq-appending-bar-extension'
2025-01-29 13:57:04,725 DEBUG c.h.helmcharts.util.HiveMQExtension - Trying to package class 'org.slf4j.LoggerFactory' into extension 'hivemq-appending-bar-extension'
2025-01-29 13:57:04,734 DEBUG c.h.helmcharts.util.HiveMQExtension - Trying to compile class '/home/runner/work/helm-charts/helm-charts/helm-charts/tests-hivemq-platform-operator/src/integrationTest/java/com/hivemq/helmcharts/extensions/custom/BaseAppendingPublishInboundInterceptorExtensionMain.java' into extension 'hivemq-appending-baz-extension'
2025-01-29 13:57:04,884 DEBUG c.h.helmcharts.util.HiveMQExtension - Trying to package class 'com.hivemq.extension.sdk.api.services.intializer.InitializerRegistry' into extension 'hivemq-appending-baz-extension'
2025-01-29 13:57:04,885 DEBUG c.h.helmcharts.util.HiveMQExtension - Trying to package class 'com.hivemq.extension.sdk.api.services.Services' into extension 'hivemq-appending-baz-extension'
2025-01-29 13:57:04,886 DEBUG c.h.helmcharts.util.HiveMQExtension - Trying to compile class '/home/runner/work/helm-charts/helm-charts/helm-charts/tests-hivemq-platform-operator/src/integrationTest/java/com/hivemq/helmcharts/extensions/custom/BaseAppendingPublishInboundInterceptorExtensionMain.java' into extension 'hivemq-appending-baz-extension'
2025-01-29 13:57:04,964 DEBUG c.h.helmcharts.util.HiveMQExtension - Trying to package class 'com.hivemq.extension.sdk.api.client.ClientContext' into extension 'hivemq-appending-baz-extension'
2025-01-29 13:57:04,966 DEBUG c.h.helmcharts.util.HiveMQExtension - Trying to package class 'org.slf4j.Logger' into extension 'hivemq-appending-baz-extension'
2025-01-29 13:57:04,967 DEBUG c.h.helmcharts.util.HiveMQExtension - Trying to compile class '/home/runner/work/helm-charts/helm-charts/helm-charts/tests-hivemq-platform-operator/src/integrationTest/java/com/hivemq/helmcharts/extensions/custom/AppendingPublishInboundInterceptor.java' into extension 'hivemq-appending-baz-extension'
2025-01-29 13:57:05,041 DEBUG c.h.helmcharts.util.HiveMQExtension - Trying to package class 'com.hivemq.extension.sdk.api.interceptor.publish.PublishInboundInterceptor' into extension 'hivemq-appending-baz-extension'
2025-01-29 13:57:05,043 DEBUG c.h.helmcharts.util.HiveMQExtension - Trying to package class 'org.slf4j.Logger' into extension 'hivemq-appending-baz-extension'
2025-01-29 13:57:05,044 DEBUG c.h.helmcharts.util.HiveMQExtension - Trying to package class 'com.hivemq.extension.sdk.api.packets.publish.ModifiablePublishPacket' into extension 'hivemq-appending-baz-extension'
2025-01-29 13:57:05,044 DEBUG c.h.helmcharts.util.HiveMQExtension - Trying to package class 'org.slf4j.LoggerFactory' into extension 'hivemq-appending-baz-extension'
2025-01-29 13:57:05,045 DEBUG c.h.helmcharts.util.HiveMQExtension - Trying to package class 'com.hivemq.extension.sdk.api.interceptor.publish.parameter.PublishInboundOutput' into extension 'hivemq-appending-baz-extension'
2025-01-29 13:57:05,046 DEBUG c.h.helmcharts.util.HiveMQExtension - Trying to compile class '/home/runner/work/helm-charts/helm-charts/helm-charts/tests-hivemq-platform-operator/src/integrationTest/java/com/hivemq/helmcharts/extensions/custom/AppendingPublishInboundInterceptor.java' into extension 'hivemq-appending-baz-extension'
2025-01-29 13:57:05,099 DEBUG c.h.helmcharts.util.HiveMQExtension - Trying to package class 'com.hivemq.extension.sdk.api.packets.publish.PublishPacket' into extension 'hivemq-appending-baz-extension'
2025-01-29 13:57:05,100 DEBUG c.h.helmcharts.util.HiveMQExtension - Trying to package class 'com.hivemq.extension.sdk.api.interceptor.publish.parameter.PublishInboundInput' into extension 'hivemq-appending-baz-extension'
2025-01-29 13:57:05,101 DEBUG c.h.helmcharts.util.HiveMQExtension - Trying to package class 'com.hivemq.extension.sdk.api.ExtensionMain' into extension 'hivemq-appending-baz-extension'
2025-01-29 13:57:05,101 DEBUG c.h.helmcharts.util.HiveMQExtension - Trying to package class 'org.slf4j.LoggerFactory' into extension 'hivemq-appending-baz-extension'
2025-01-29 13:57:05,102 DEBUG c.h.helmcharts.util.HiveMQExtension - Trying to compile class '/home/runner/work/helm-charts/helm-charts/helm-charts/tests-hivemq-platform-operator/src/integrationTest/java/com/hivemq/helmcharts/extensions/custom/AppendingBazPublishInboundInterceptorExtensionMain.java' into extension 'hivemq-appending-baz-extension'
2025-01-29 13:57:05,216 INFO c.h.h.t.HelmChartContainer - [EVENT] Normal [ScalingReplicaSet] Scaled up replica set nginx-86cbc5c94 from 0 to 1 [helmextensionpriorityit:nginx]
2025-01-29 13:57:05,235 INFO c.h.h.t.HelmChartContainer - [EVENT] Normal [SuccessfulCreate] Created pod: nginx-86cbc5c94-66pmp [helmextensionpriorityit:nginx-86cbc5c94]
2025-01-29 13:57:05,249 INFO c.h.h.t.HelmChartContainer - [POD] nginx-86cbc5c94-66pmp [4fd3d0a6-7d70-4d8d-a898-7c2e6c7f24c0] in helmextensionpriorityit was ADDED
2025-01-29 13:57:05,249 INFO c.h.h.t.HelmChartContainer - [K3S] [replica_set.go:679] "Finished syncing" kind="ReplicaSet" key="helmextensionpriorityit/nginx-86cbc5c94" duration="29.053528ms"
2025-01-29 13:57:05,262 INFO c.h.h.t.HelmChartContainer - [POD] nginx-86cbc5c94-66pmp [4fd3d0a6-7d70-4d8d-a898-7c2e6c7f24c0] in helmextensionpriorityit was MODIFIED
2025-01-29 13:57:05,265 INFO c.h.h.t.HelmChartContainer - [K3S] [alloc.go:330] "allocated clusterIPs" service="helmextensionpriorityit/nginx-service" clusterIPs={"IPv4":"10.43.207.70"}
2025-01-29 13:57:05,270 INFO c.h.h.t.HelmChartContainer - [EVENT] Normal [Scheduled] Successfully assigned helmextensionpriorityit/nginx-86cbc5c94-66pmp to e0d747e94538 [helmextensionpriorityit:nginx-86cbc5c94-66pmp]
2025-01-29 13:57:05,272 INFO c.h.h.t.HelmChartContainer - [K3S] [replica_set.go:679] "Finished syncing" kind="ReplicaSet" key="helmextensionpriorityit/nginx-86cbc5c94" duration="25.492361ms"
2025-01-29 13:57:05,285 INFO c.h.h.t.HelmChartContainer - [POD] nginx-86cbc5c94-66pmp [4fd3d0a6-7d70-4d8d-a898-7c2e6c7f24c0] in helmextensionpriorityit was MODIFIED
2025-01-29 13:57:05,286 INFO c.h.h.t.HelmChartContainer - [K3S] [replica_set.go:679] "Finished syncing" kind="ReplicaSet" key="helmextensionpriorityit/nginx-86cbc5c94" duration="13.922042ms"
2025-01-29 13:57:05,287 INFO c.h.h.t.HelmChartContainer - [K3S] [replica_set.go:679] "Finished syncing" kind="ReplicaSet" key="helmextensionpriorityit/nginx-86cbc5c94" duration="28.393µs"
2025-01-29 13:57:05,289 INFO c.h.h.t.HelmChartContainer - [K3S] [replica_set.go:679] "Finished syncing" kind="ReplicaSet" key="helmextensionpriorityit/nginx-86cbc5c94" duration="24.546µs"
2025-01-29 13:57:05,388 INFO c.h.h.t.HelmChartContainer - [K3S] [reconciler_common.go:251] "operationExecutor.VerifyControllerAttachedVolume started for volume \"kube-api-access-qljdx\" (UniqueName: \"kubernetes.io/projected/4fd3d0a6-7d70-4d8d-a898-7c2e6c7f24c0-kube-api-access-qljdx\") pod \"nginx-86cbc5c94-66pmp\" (UID: \"4fd3d0a6-7d70-4d8d-a898-7c2e6c7f24c0\") " pod="helmextensionpriorityit/nginx-86cbc5c94-66pmp"
2025-01-29 13:57:05,388 INFO c.h.h.t.HelmChartContainer - [K3S] [reconciler_common.go:251] "operationExecutor.VerifyControllerAttachedVolume started for volume \"volume-hivemq-appending-foo-extension-100\" (UniqueName: \"kubernetes.io/host-path/4fd3d0a6-7d70-4d8d-a898-7c2e6c7f24c0-volume-hivemq-appending-foo-extension-100\") pod \"nginx-86cbc5c94-66pmp\" (UID: \"4fd3d0a6-7d70-4d8d-a898-7c2e6c7f24c0\") " pod="helmextensionpriorityit/nginx-86cbc5c94-66pmp"
2025-01-29 13:57:05,388 INFO c.h.h.t.HelmChartContainer - [K3S] [reconciler_common.go:251] "operationExecutor.VerifyControllerAttachedVolume started for volume \"volume-hivemq-appending-bar-extension-100\" (UniqueName: \"kubernetes.io/host-path/4fd3d0a6-7d70-4d8d-a898-7c2e6c7f24c0-volume-hivemq-appending-bar-extension-100\") pod \"nginx-86cbc5c94-66pmp\" (UID: \"4fd3d0a6-7d70-4d8d-a898-7c2e6c7f24c0\") " pod="helmextensionpriorityit/nginx-86cbc5c94-66pmp"
2025-01-29 13:57:05,388 INFO c.h.h.t.HelmChartContainer - [K3S] [reconciler_common.go:251] "operationExecutor.VerifyControllerAttachedVolume started for volume \"volume-hivemq-appending-baz-extension-100\" (UniqueName: \"kubernetes.io/host-path/4fd3d0a6-7d70-4d8d-a898-7c2e6c7f24c0-volume-hivemq-appending-baz-extension-100\") pod \"nginx-86cbc5c94-66pmp\" (UID: \"4fd3d0a6-7d70-4d8d-a898-7c2e6c7f24c0\") " pod="helmextensionpriorityit/nginx-86cbc5c94-66pmp"
2025-01-29 13:57:05,659 INFO c.h.h.t.HelmChartContainer - [EVENT] Normal [Pulling] Pulling image "nginx:1.27.3" [helmextensionpriorityit:nginx-86cbc5c94-66pmp]
2025-01-29 13:57:05,659 INFO c.h.h.t.HelmChartContainer - Received Pulling event for container nginx in pod nginx-86cbc5c94-66pmp [4fd3d0a6-7d70-4d8d-a898-7c2e6c7f24c0]
2025-01-29 13:57:08,922 INFO c.h.h.t.HelmChartContainer - [EVENT] Normal [Pulled] Successfully pulled image "nginx:1.27.3" in 3.263s (3.263s including waiting). Image size: 72080558 bytes. [helmextensionpriorityit:nginx-86cbc5c94-66pmp]
2025-01-29 13:57:08,922 INFO c.h.h.t.HelmChartContainer - Received Pulled event for container nginx in pod nginx-86cbc5c94-66pmp [4fd3d0a6-7d70-4d8d-a898-7c2e6c7f24c0]
2025-01-29 13:57:08,928 INFO c.h.h.t.HelmChartContainer - [EVENT] Normal [Created] Created container: nginx [helmextensionpriorityit:nginx-86cbc5c94-66pmp]
2025-01-29 13:57:08,928 INFO c.h.h.t.HelmChartContainer - Received Created event for container nginx in pod nginx-86cbc5c94-66pmp [4fd3d0a6-7d70-4d8d-a898-7c2e6c7f24c0]
2025-01-29 13:57:09,484 INFO c.h.h.t.HelmChartContainer - [POD] nginx-86cbc5c94-66pmp [4fd3d0a6-7d70-4d8d-a898-7c2e6c7f24c0] in helmextensionpriorityit was MODIFIED
2025-01-29 13:57:09,498 INFO c.h.h.t.HelmChartContainer - [K3S] [replica_set.go:679] "Finished syncing" kind="ReplicaSet" key="helmextensionpriorityit/nginx-86cbc5c94" duration="19.380634ms"
2025-01-29 13:57:09,498 INFO c.h.h.t.HelmChartContainer - [K3S] [replica_set.go:679] "Finished syncing" kind="ReplicaSet" key="helmextensionpriorityit/nginx-86cbc5c94" duration="31.568µs"
2025-01-29 13:57:09,499 INFO c.h.h.t.HelmChartContainer - Started log watcher for nginx in pod nginx-86cbc5c94-66pmp [4fd3d0a6-7d70-4d8d-a898-7c2e6c7f24c0]
2025-01-29 13:57:09,499 INFO c.h.h.t.HelmChartContainer - [EVENT] Normal [Started] Started container nginx [helmextensionpriorityit:nginx-86cbc5c94-66pmp]
2025-01-29 13:57:09,499 INFO c.h.h.t.HelmChartContainer - [nginx-86cbc5c94-66pm] [nginx] [4fd3d0a6] /docker-entrypoint.sh: /docker-entrypoint.d/ is not empty, will attempt to perform configuration
2025-01-29 13:57:09,499 INFO c.h.h.t.HelmChartContainer - Received Started event for container nginx in pod nginx-86cbc5c94-66pmp [4fd3d0a6-7d70-4d8d-a898-7c2e6c7f24c0]
2025-01-29 13:57:09,499 INFO c.h.h.t.HelmChartContainer - [nginx-86cbc5c94-66pm] [nginx] [4fd3d0a6] /docker-entrypoint.sh: Looking for shell scripts in /docker-entrypoint.d/
2025-01-29 13:57:09,499 INFO c.h.h.t.HelmChartContainer - [nginx-86cbc5c94-66pm] [nginx] [4fd3d0a6] /docker-entrypoint.sh: Launching /docker-entrypoint.d/10-listen-on-ipv6-by-default.sh
2025-01-29 13:57:09,499 INFO c.h.h.t.HelmChartContainer - [nginx-86cbc5c94-66pm] [nginx] [4fd3d0a6] 10-listen-on-ipv6-by-default.sh: info: Getting the checksum of /etc/nginx/conf.d/default.conf
2025-01-29 13:57:09,499 INFO c.h.h.t.HelmChartContainer - [nginx-86cbc5c94-66pm] [nginx] [4fd3d0a6] 10-listen-on-ipv6-by-default.sh: info: Enabled listen on IPv6 in /etc/nginx/conf.d/default.conf
2025-01-29 13:57:09,499 INFO c.h.h.t.HelmChartContainer - [nginx-86cbc5c94-66pm] [nginx] [4fd3d0a6] /docker-entrypoint.sh: Sourcing /docker-entrypoint.d/15-local-resolvers.envsh
2025-01-29 13:57:09,499 INFO c.h.h.t.HelmChartContainer - [nginx-86cbc5c94-66pm] [nginx] [4fd3d0a6] /docker-entrypoint.sh: Launching /docker-entrypoint.d/20-envsubst-on-templates.sh
2025-01-29 13:57:09,499 INFO c.h.h.t.HelmChartContainer - [nginx-86cbc5c94-66pm] [nginx] [4fd3d0a6] /docker-entrypoint.sh: Launching /docker-entrypoint.d/30-tune-worker-processes.sh
2025-01-29 13:57:09,499 INFO c.h.h.t.HelmChartContainer - [nginx-86cbc5c94-66pm] [nginx] [4fd3d0a6] /docker-entrypoint.sh: Configuration complete; ready for start up
2025-01-29 13:57:09,499 INFO c.h.h.t.HelmChartContainer - [nginx-86cbc5c94-66pm] [nginx] [4fd3d0a6] 2025/01/29 13:57:08 [notice] 1#1: using the "epoll" event method
2025-01-29 13:57:09,499 INFO c.h.h.t.HelmChartContainer - [nginx-86cbc5c94-66pm] [nginx] [4fd3d0a6] 2025/01/29 13:57:08 [notice] 1#1: nginx/1.27.3
2025-01-29 13:57:09,499 INFO c.h.h.t.HelmChartContainer - [nginx-86cbc5c94-66pm] [nginx] [4fd3d0a6] 2025/01/29 13:57:08 [notice] 1#1: built by gcc 12.2.0 (Debian 12.2.0-14) 
2025-01-29 13:57:09,499 INFO c.h.h.t.HelmChartContainer - [nginx-86cbc5c94-66pm] [nginx] [4fd3d0a6] 2025/01/29 13:57:08 [notice] 1#1: OS: Linux 6.8.0-1020-azure
2025-01-29 13:57:09,499 INFO c.h.h.t.HelmChartContainer - [nginx-86cbc5c94-66pm] [nginx] [4fd3d0a6] 2025/01/29 13:57:08 [notice] 1#1: getrlimit(RLIMIT_NOFILE): 1048576:1048576
2025-01-29 13:57:09,499 INFO c.h.h.t.HelmChartContainer - [nginx-86cbc5c94-66pm] [nginx] [4fd3d0a6] 2025/01/29 13:57:08 [notice] 1#1: start worker processes
2025-01-29 13:57:09,499 INFO c.h.h.t.HelmChartContainer - [nginx-86cbc5c94-66pm] [nginx] [4fd3d0a6] 2025/01/29 13:57:08 [notice] 1#1: start worker process 29
2025-01-29 13:57:09,499 INFO c.h.h.t.HelmChartContainer - [nginx-86cbc5c94-66pm] [nginx] [4fd3d0a6] 2025/01/29 13:57:08 [notice] 1#1: start worker process 30
2025-01-29 13:57:09,499 INFO c.h.h.t.HelmChartContainer - [nginx-86cbc5c94-66pm] [nginx] [4fd3d0a6] 2025/01/29 13:57:08 [notice] 1#1: start worker process 31
2025-01-29 13:57:09,499 INFO c.h.h.t.HelmChartContainer - [nginx-86cbc5c94-66pm] [nginx] [4fd3d0a6] 2025/01/29 13:57:08 [notice] 1#1: start worker process 32
2025-01-29 13:57:11,295 INFO c.h.h.testcontainer.LogWaiterUtil - TEST Waiting for log pattern on 'test-hivemq-platform-0': .*Extension "HiveMQ Appending Foo Extension" version 1.0.0 started successfully.
2025-01-29 13:57:11,296 INFO c.h.h.testcontainer.LogWaiterUtil - TEST Waiting for log pattern on 'test-hivemq-platform-0': .*Extension "HiveMQ Appending Bar Extension" version 1.0.0 started successfully.
2025-01-29 13:57:11,296 INFO c.h.h.testcontainer.LogWaiterUtil - TEST Waiting for log pattern on 'test-hivemq-platform-0': .*Extension "HiveMQ Appending Baz Extension" version 1.0.0 started successfully.
2025-01-29 13:57:11,354 DEBUG c.h.h.t.HelmChartContainer - Executing helm command: /bin/helm --kubeconfig /etc/rancher/k3s/k3s.yaml install test-hivemq-platform /charts/hivemq-platform --wait --timeout 5m0s --set image.repository=docker.io/hivemq --set image.tag=4.36.0 --set image.pullPolicy=Never --set nodes.resources.cpu=512m -f /files/extension-priority-values.yaml --namespace helmextensionpriorityit
2025-01-29 13:57:11,587 INFO c.h.h.t.HelmChartContainer - [hivemq-test-hivemq-platform] [hivemq-platform-operator] [bb4ebb6c] 13:57:11.586 [-373097727-pool-1-thread-4] WARN  i.m.p.PrometheusMeterRegistry - The meter (MeterId{name='operator.sdk.events.received', tags=[tag(action=ADDED),tag(event=ResourceEvent),tag(group=hivemq.com),tag(kind=HiveMQPlatform),tag(name=test-hivemq-platform),tag(namespace=helmextensionpriorityit),tag(scope=namespace),tag(version=v1)]}) registration has failed: Prometheus requires that all meters with the same name have the same set of tag keys. There is already an existing meter named 'operator.sdk.events.received' containing tag keys [event, group, kind, name, namespace, scope, version]. The meter you are attempting to register has keys [action, event, group, kind, name, namespace, scope, version]. Note that subsequent logs will be logged at debug level.
2025-01-29 13:57:12,060 INFO c.h.h.t.HelmChartContainer - [hivemq-test-hivemq-platform] [hivemq-platform-operator] [bb4ebb6c] 13:57:12.059 [pool-6-thread-3] DEBUG c.h.p.o.dependants.PodInfoConfigMap - [helmexte] Desired PodInfo ConfigMap (3 extensions) (3 enabled)
2025-01-29 13:57:12,061 INFO c.h.h.t.HelmChartContainer - [hivemq-test-hivemq-platform] [hivemq-platform-operator] [bb4ebb6c] 13:57:12.060 [pool-6-thread-3] DEBUG c.h.p.o.dependants.PodInfoConfigMap - [helmexte] Desired PodInfo ConfigMap (metrics port: 9399) (metrics path: /)
2025-01-29 13:57:12,061 INFO c.h.h.t.HelmChartContainer - [hivemq-test-hivemq-platform] [hivemq-platform-operator] [bb4ebb6c] 13:57:12.060 [pool-6-thread-3] DEBUG c.h.p.o.dependants.PodInfoConfigMap - [helmexte] Desired PodInfo ConfigMap (extension state hash: 687648868)
2025-01-29 13:57:12,063 INFO c.h.h.t.HelmChartContainer - [hivemq-test-hivemq-platform] [hivemq-platform-operator] [bb4ebb6c] 13:57:12.062 [pool-6-thread-3] DEBUG c.h.p.o.dependants.PodInfoConfigMap - [helmexte] Create PodInfo ConfigMap
2025-01-29 13:57:12,154 INFO c.h.h.t.HelmChartContainer - [hivemq-test-hivemq-platform] [hivemq-platform-operator] [bb4ebb6c] 13:57:12.152 [pool-6-thread-5] DEBUG c.h.p.o.dependants.PodRoleResource - [helmexte] Create Role: Role(apiVersion=rbac.authorization.k8s.io/v1, kind=Role, metadata=ObjectMeta(annotations={meta.helm.sh/release-name=test-hivemq-platform, meta.helm.sh/release-namespace=helmextensionpriorityit}, creationTimestamp=null, deletionGracePeriodSeconds=null, deletionTimestamp=null, finalizers=[], generateName=null, generation=null, labels={helm.sh/chart=hivemq-platform-0.2.32, app.kubernetes.io/managed-by=Helm, app.kubernetes.io/name=hivemq-platform, hivemq-platform=test-hivemq-platform, app.kubernetes.io/instance=test-hivemq-platform, app.kubernetes.io/version=4.36.0}, managedFields=[], name=hivemq-platform-role-test-hivemq-platform, namespace=helmextensionpriorityit, ownerReferences=[OwnerReference(apiVersion=hivemq.com/v1, blockOwnerDeletion=null, controller=null, kind=HiveMQPlatform, name=test-hivemq-platform, uid=1d66b634-00f7-4ece-a6c9-3bb85474e35e, additionalProperties={})], resourceVersion=null, selfLink=null, uid=null, additionalProperties={}), rules=[PolicyRule(apiGroups=[], nonResourceURLs=[], resourceNames=[], resources=[pods], verbs=[get, patch, update], additionalProperties={})], additionalProperties={})
2025-01-29 13:57:12,347 INFO c.h.h.t.HelmChartContainer - [hivemq-test-hivemq-platform] [hivemq-platform-operator] [bb4ebb6c] 13:57:12.345 [pool-6-thread-7] DEBUG c.h.p.o.d.PodServiceAccountResource - [helmexte] Desired PodServiceAccountResource (serviceAccountName: hivemq-platform-pod-test-hivemq-platform)
2025-01-29 13:57:12,348 INFO c.h.h.t.HelmChartContainer - [hivemq-test-hivemq-platform] [hivemq-platform-operator] [bb4ebb6c] 13:57:12.346 [pool-6-thread-7] DEBUG c.h.p.o.d.PodServiceAccountResource - [helmexte] Create ServiceAccount 'hivemq-platform-pod-test-hivemq-platform'
2025-01-29 13:57:12,452 INFO c.h.h.t.HelmChartContainer - [hivemq-test-hivemq-platform] [hivemq-platform-operator] [bb4ebb6c] 13:57:12.451 [pool-6-thread-9] DEBUG c.h.p.o.d.PodRoleBindingResource - [helmexte] Create RoleBinding: RoleBinding(apiVersion=rbac.authorization.k8s.io/v1, kind=RoleBinding, metadata=ObjectMeta(annotations={meta.helm.sh/release-name=test-hivemq-platform, meta.helm.sh/release-namespace=helmextensionpriorityit}, creationTimestamp=null, deletionGracePeriodSeconds=null, deletionTimestamp=null, finalizers=[], generateName=null, generation=null, labels={helm.sh/chart=hivemq-platform-0.2.32, app.kubernetes.io/managed-by=Helm, app.kubernetes.io/name=hivemq-platform, hivemq-platform=test-hivemq-platform, app.kubernetes.io/instance=test-hivemq-platform, app.kubernetes.io/version=4.36.0}, managedFields=[], name=hivemq-platform-role-binding-test-hivemq-platform, namespace=helmextensionpriorityit, ownerReferences=[OwnerReference(apiVersion=hivemq.com/v1, blockOwnerDeletion=null, controller=null, kind=HiveMQPlatform, name=test-hivemq-platform, uid=1d66b634-00f7-4ece-a6c9-3bb85474e35e, additionalProperties={})], resourceVersion=null, selfLink=null, uid=null, additionalProperties={}), roleRef=RoleRef(apiGroup=rbac.authorization.k8s.io, kind=Role, name=hivemq-platform-role-test-hivemq-platform, additionalProperties={}), subjects=[Subject(apiGroup=null, kind=ServiceAccount, name=hivemq-platform-pod-test-hivemq-platform, namespace=helmextensionpriorityit, additionalProperties={})], additionalProperties={})
2025-01-29 13:57:12,546 INFO c.h.h.t.HelmChartContainer - [hivemq-test-hivemq-platform] [hivemq-platform-operator] [bb4ebb6c] 13:57:12.545 [ReconcilerExecutor-hivemq-controller-53] INFO  c.h.p.o.HiveMQPlatformReconciler - [helmexte] Reconciling HiveMQ Platform 'test-hivemq-platform' in namespace 'helmextensionpriorityit'
2025-01-29 13:57:12,547 INFO c.h.h.t.HelmChartContainer - [hivemq-test-hivemq-platform] [hivemq-platform-operator] [bb4ebb6c] 13:57:12.546 [ReconcilerExecutor-hivemq-controller-53] DEBUG c.h.p.o.HiveMQPlatformReconciler - [helmexte] Custom Resource Status CREATED - HiveMQ Platform was created (READY)
2025-01-29 13:57:12,548 INFO c.h.h.t.HelmChartContainer - [hivemq-test-hivemq-platform] [hivemq-platform-operator] [bb4ebb6c] 13:57:12.547 [ReconcilerExecutor-hivemq-controller-53] DEBUG c.h.p.o.HiveMQPlatformReconciler - [helmexte] Custom Resource Spec (replicas: 1) (extensions: 3)
2025-01-29 13:57:12,551 INFO c.h.h.t.HelmChartContainer - [hivemq-test-hivemq-platform] [hivemq-platform-operator] [bb4ebb6c] 13:57:12.550 [ReconcilerExecutor-hivemq-controller-53] INFO  c.h.p.o.h.HiveMQPlatformReconcilerBaseHandler - [helmexte] HiveMQ Platform is starting
2025-01-29 13:57:12,660 INFO c.h.h.t.HelmChartContainer - [hivemq-test-hivemq-platform] [hivemq-platform-operator] [bb4ebb6c] 13:57:12.659 [ReconcilerExecutor-hivemq-controller-53] DEBUG c.h.p.operator.event.EventSender - [helmexte] Creating K8s event hivemq-platform-starting: [Start] HiveMQ Platform is starting
2025-01-29 13:57:12,747 INFO c.h.h.t.HelmChartContainer - [EVENT] Normal [Start] HiveMQ Platform is starting [helmextensionpriorityit:test-hivemq-platform]
2025-01-29 13:57:12,752 INFO c.h.h.t.HelmChartContainer - [hivemq-test-hivemq-platform] [hivemq-platform-operator] [bb4ebb6c] 13:57:12.750 [ReconcilerExecutor-hivemq-controller-53] INFO  c.h.p.o.h.AbstractHiveMQReconcilerStateHandler - [helmexte] Update HiveMQ Platform Status (CREATED [READY] -> STARTING [READY]): HiveMQ Platform is starting
2025-01-29 13:57:12,766 DEBUG com.hivemq.helmcharts.util.K8sUtil - Comparing actual state 'STARTING' and waiting for 'RUNNING'
2025-01-29 13:57:22,851 INFO c.h.h.t.HelmChartContainer - [hivemq-test-hivemq-platform] [hivemq-platform-operator] [bb4ebb6c] 13:57:22.848 [pool-6-thread-12] DEBUG c.h.p.o.d.PlatformServiceResource - [helmexte] Desired Platform services (2 services)
2025-01-29 13:57:22,851 INFO c.h.h.t.HelmChartContainer - [hivemq-test-hivemq-platform] [hivemq-platform-operator] [bb4ebb6c] 13:57:22.850 [pool-6-thread-13] DEBUG c.h.p.o.dependants.PodInfoConfigMap - [helmexte] Desired PodInfo ConfigMap (3 extensions) (3 enabled)
2025-01-29 13:57:22,851 INFO c.h.h.t.HelmChartContainer - [hivemq-test-hivemq-platform] [hivemq-platform-operator] [bb4ebb6c] 13:57:22.850 [pool-6-thread-13] DEBUG c.h.p.o.dependants.PodInfoConfigMap - [helmexte] Desired PodInfo ConfigMap (metrics port: 9399) (metrics path: /)
2025-01-29 13:57:22,851 INFO c.h.h.t.HelmChartContainer - [hivemq-test-hivemq-platform] [hivemq-platform-operator] [bb4ebb6c] 13:57:22.850 [pool-6-thread-13] DEBUG c.h.p.o.dependants.PodInfoConfigMap - [helmexte] Desired PodInfo ConfigMap (extension state hash: 687648868)
2025-01-29 13:57:22,858 INFO c.h.h.t.HelmChartContainer - [hivemq-test-hivemq-platform] [hivemq-platform-operator] [bb4ebb6c] 13:57:22.856 [pool-6-thread-17] DEBUG c.h.p.o.d.PodServiceAccountResource - [helmexte] Desired PodServiceAccountResource (serviceAccountName: hivemq-platform-pod-test-hivemq-platform)
2025-01-29 13:57:22,948 INFO c.h.h.t.HelmChartContainer - [hivemq-test-hivemq-platform] [hivemq-platform-operator] [bb4ebb6c] 13:57:22.944 [pool-6-thread-13] DEBUG c.h.p.o.dependants.PodInfoConfigMap - [helmexte] Update PodInfo ConfigMap
2025-01-29 13:57:22,954 INFO c.h.h.t.HelmChartContainer - [K3S] [alloc.go:330] "allocated clusterIPs" service="helmextensionpriorityit/hivemq-test-hivemq-platform-metrics-9399" clusterIPs={"IPv4":"10.43.189.247"}
2025-01-29 13:57:23,055 INFO c.h.h.t.HelmChartContainer - [K3S] [alloc.go:330] "allocated clusterIPs" service="helmextensionpriorityit/hivemq-test-hivemq-platform-mqtt-1884" clusterIPs={"IPv4":"10.43.246.17"}
2025-01-29 13:57:23,062 INFO c.h.h.t.HelmChartContainer - [hivemq-test-hivemq-platform] [hivemq-platform-operator] [bb4ebb6c] 13:57:23.060 [pool-6-thread-20] DEBUG c.h.p.o.d.StatefulSetResource - [helmexte] Desired StatefulSet (1 replicas) for status STARTING (READY)
2025-01-29 13:57:23,153 INFO c.h.h.t.HelmChartContainer - [hivemq-test-hivemq-platform] [hivemq-platform-operator] [bb4ebb6c] 13:57:23.151 [pool-6-thread-20] DEBUG c.h.p.o.d.StatefulSetResource - [helmexte] Create StatefulSet
2025-01-29 13:57:23,263 INFO c.h.h.t.HelmChartContainer - [POD] test-hivemq-platform-0 [e8d68b9b-24f6-42ad-8aa3-960668620649] in helmextensionpriorityit was ADDED
2025-01-29 13:57:23,264 INFO c.h.h.t.HelmChartContainer - [hivemq-test-hivemq-platform] [hivemq-platform-operator] [bb4ebb6c] 13:57:23.259 [ReconcilerExecutor-hivemq-controller-64] INFO  c.h.p.o.HiveMQPlatformReconciler - [helmexte] Reconciling HiveMQ Platform 'test-hivemq-platform' in namespace 'helmextensionpriorityit'
2025-01-29 13:57:23,264 INFO c.h.h.t.HelmChartContainer - [hivemq-test-hivemq-platform] [hivemq-platform-operator] [bb4ebb6c] 13:57:23.259 [ReconcilerExecutor-hivemq-controller-64] DEBUG c.h.p.o.HiveMQPlatformReconciler - [helmexte] Custom Resource Status STARTING - HiveMQ Platform is starting (READY)
2025-01-29 13:57:23,264 INFO c.h.h.t.HelmChartContainer - [hivemq-test-hivemq-platform] [hivemq-platform-operator] [bb4ebb6c] 13:57:23.259 [ReconcilerExecutor-hivemq-controller-64] DEBUG c.h.p.o.HiveMQPlatformReconciler - [helmexte] Custom Resource Spec (replicas: 1) (extensions: 3)
2025-01-29 13:57:23,266 INFO c.h.h.t.HelmChartContainer - [EVENT] Normal [SuccessfulCreate] create Pod test-hivemq-platform-0 in StatefulSet test-hivemq-platform successful [helmextensionpriorityit:test-hivemq-platform]
2025-01-29 13:57:23,273 INFO c.h.h.t.HelmChartContainer - [EVENT] Normal [Scheduled] Successfully assigned helmextensionpriorityit/test-hivemq-platform-0 to e0d747e94538 [helmextensionpriorityit:test-hivemq-platform-0]
2025-01-29 13:57:23,274 INFO c.h.h.t.HelmChartContainer - [POD] test-hivemq-platform-0 [e8d68b9b-24f6-42ad-8aa3-960668620649] in helmextensionpriorityit was MODIFIED
2025-01-29 13:57:23,273 INFO c.h.h.t.HelmChartContainer - [hivemq-test-hivemq-platform] [hivemq-platform-operator] [bb4ebb6c] 13:57:23.265 [ReconcilerExecutor-hivemq-controller-64] DEBUG c.h.p.o.HiveMQPlatformReconciler - [helmexte] StatefulSet Status (revision: null, replicas: 0, available: 0, ready: 0, current: 0, updated: 0)
2025-01-29 13:57:23,274 INFO c.h.h.t.HelmChartContainer - [hivemq-test-hivemq-platform] [hivemq-platform-operator] [bb4ebb6c] 13:57:23.266 [ReconcilerExecutor-hivemq-controller-64] DEBUG c.h.p.o.HiveMQPlatformReconciler - [helmexte] StatefulSet Spec (replicas: 1, init containers: 1, containers: 1, volumes: 3)
2025-01-29 13:57:23,283 INFO c.h.h.t.HelmChartContainer - [POD] test-hivemq-platform-0 [e8d68b9b-24f6-42ad-8aa3-960668620649] in helmextensionpriorityit was MODIFIED
2025-01-29 13:57:23,353 INFO c.h.h.t.HelmChartContainer - [hivemq-test-hivemq-platform] [hivemq-platform-operator] [bb4ebb6c] 13:57:23.351 [ReconcilerExecutor-hivemq-controller-64] DEBUG c.h.p.o.h.HiveMQPlatformReconcilerErrorHandler - [helmexte] Pod 'test-hivemq-platform-0' phase Pending
2025-01-29 13:57:23,395 INFO c.h.h.t.HelmChartContainer - [K3S] [reconciler_common.go:251] "operationExecutor.VerifyControllerAttachedVolume started for volume \"operator-init\" (UniqueName: \"kubernetes.io/empty-dir/e8d68b9b-24f6-42ad-8aa3-960668620649-operator-init\") pod \"test-hivemq-platform-0\" (UID: \"e8d68b9b-24f6-42ad-8aa3-960668620649\") " pod="helmextensionpriorityit/test-hivemq-platform-0"
2025-01-29 13:57:23,395 INFO c.h.h.t.HelmChartContainer - [K3S] [reconciler_common.go:251] "operationExecutor.VerifyControllerAttachedVolume started for volume \"pod-info\" (UniqueName: \"kubernetes.io/configmap/e8d68b9b-24f6-42ad-8aa3-960668620649-pod-info\") pod \"test-hivemq-platform-0\" (UID: \"e8d68b9b-24f6-42ad-8aa3-960668620649\") " pod="helmextensionpriorityit/test-hivemq-platform-0"
2025-01-29 13:57:23,395 INFO c.h.h.t.HelmChartContainer - [K3S] [reconciler_common.go:251] "operationExecutor.VerifyControllerAttachedVolume started for volume \"kube-api-access-k8lj7\" (UniqueName: \"kubernetes.io/projected/e8d68b9b-24f6-42ad-8aa3-960668620649-kube-api-access-k8lj7\") pod \"test-hivemq-platform-0\" (UID: \"e8d68b9b-24f6-42ad-8aa3-960668620649\") " pod="helmextensionpriorityit/test-hivemq-platform-0"
2025-01-29 13:57:23,395 INFO c.h.h.t.HelmChartContainer - [K3S] [reconciler_common.go:251] "operationExecutor.VerifyControllerAttachedVolume started for volume \"broker-configuration\" (UniqueName: \"kubernetes.io/configmap/e8d68b9b-24f6-42ad-8aa3-960668620649-broker-configuration\") pod \"test-hivemq-platform-0\" (UID: \"e8d68b9b-24f6-42ad-8aa3-960668620649\") " pod="helmextensionpriorityit/test-hivemq-platform-0"
2025-01-29 13:57:23,443 INFO c.h.h.t.HelmChartContainer - [hivemq-test-hivemq-platform] [hivemq-platform-operator] [bb4ebb6c] 13:57:23.442 [ReconcilerExecutor-hivemq-controller-64] INFO  c.h.p.o.h.HiveMQPlatformReconcilerBaseHandler - [helmexte] HiveMQ Platform is starting, 0 of 1 replicas are ready
2025-01-29 13:57:23,452 INFO c.h.h.t.HelmChartContainer - [hivemq-test-hivemq-platform] [hivemq-platform-operator] [bb4ebb6c] 13:57:23.446 [pool-6-thread-22] DEBUG c.h.p.o.d.PlatformServiceResource - [helmexte] Desired Platform services (2 services)
2025-01-29 13:57:23,452 INFO c.h.h.t.HelmChartContainer - [hivemq-test-hivemq-platform] [hivemq-platform-operator] [bb4ebb6c] 13:57:23.448 [pool-6-thread-23] DEBUG c.h.p.o.dependants.PodInfoConfigMap - [helmexte] Desired PodInfo ConfigMap (3 extensions) (3 enabled)
2025-01-29 13:57:23,452 INFO c.h.h.t.HelmChartContainer - [hivemq-test-hivemq-platform] [hivemq-platform-operator] [bb4ebb6c] 13:57:23.448 [pool-6-thread-23] DEBUG c.h.p.o.dependants.PodInfoConfigMap - [helmexte] Desired PodInfo ConfigMap (metrics port: 9399) (metrics path: /)
2025-01-29 13:57:23,452 INFO c.h.h.t.HelmChartContainer - [hivemq-test-hivemq-platform] [hivemq-platform-operator] [bb4ebb6c] 13:57:23.448 [pool-6-thread-23] DEBUG c.h.p.o.dependants.PodInfoConfigMap - [helmexte] Desired PodInfo ConfigMap (extension state hash: 687648868)
2025-01-29 13:57:23,452 INFO c.h.h.t.HelmChartContainer - [hivemq-test-hivemq-platform] [hivemq-platform-operator] [bb4ebb6c] 13:57:23.451 [pool-6-thread-27] DEBUG c.h.p.o.d.PodServiceAccountResource - [helmexte] Desired PodServiceAccountResource (serviceAccountName: hivemq-platform-pod-test-hivemq-platform)
2025-01-29 13:57:23,459 INFO c.h.h.t.HelmChartContainer - [hivemq-test-hivemq-platform] [hivemq-platform-operator] [bb4ebb6c] 13:57:23.458 [pool-6-thread-29] DEBUG c.h.p.o.d.StatefulSetResource - [helmexte] Desired StatefulSet (1 replicas) for status STARTING (READY)
2025-01-29 13:57:23,544 INFO c.h.h.t.HelmChartContainer - [hivemq-test-hivemq-platform] [hivemq-platform-operator] [bb4ebb6c] 13:57:23.543 [ReconcilerExecutor-hivemq-controller-75] INFO  c.h.p.o.HiveMQPlatformReconciler - [helmexte] Reconciling HiveMQ Platform 'test-hivemq-platform' in namespace 'helmextensionpriorityit'
2025-01-29 13:57:23,544 INFO c.h.h.t.HelmChartContainer - [hivemq-test-hivemq-platform] [hivemq-platform-operator] [bb4ebb6c] 13:57:23.543 [ReconcilerExecutor-hivemq-controller-75] DEBUG c.h.p.o.HiveMQPlatformReconciler - [helmexte] Custom Resource Status STARTING - HiveMQ Platform is starting (READY)
2025-01-29 13:57:23,545 INFO c.h.h.t.HelmChartContainer - [hivemq-test-hivemq-platform] [hivemq-platform-operator] [bb4ebb6c] 13:57:23.543 [ReconcilerExecutor-hivemq-controller-75] DEBUG c.h.p.o.HiveMQPlatformReconciler - [helmexte] Custom Resource Spec (replicas: 1) (extensions: 3)
2025-01-29 13:57:23,547 INFO c.h.h.t.HelmChartContainer - [hivemq-test-hivemq-platform] [hivemq-platform-operator] [bb4ebb6c] 13:57:23.546 [ReconcilerExecutor-hivemq-controller-75] DEBUG c.h.p.o.HiveMQPlatformReconciler - [helmexte] StatefulSet Status (revision: test-hivemq-platform-6fd78546f5, replicas: 1, available: 0, ready: 0, current: 1, updated: 1)
2025-01-29 13:57:23,547 INFO c.h.h.t.HelmChartContainer - [hivemq-test-hivemq-platform] [hivemq-platform-operator] [bb4ebb6c] 13:57:23.546 [ReconcilerExecutor-hivemq-controller-75] DEBUG c.h.p.o.HiveMQPlatformReconciler - [helmexte] StatefulSet Spec (replicas: 1, init containers: 1, containers: 1, volumes: 3)
2025-01-29 13:57:23,554 INFO c.h.h.t.HelmChartContainer - [hivemq-test-hivemq-platform] [hivemq-platform-operator] [bb4ebb6c] 13:57:23.552 [ReconcilerExecutor-hivemq-controller-75] DEBUG c.h.p.o.h.HiveMQPlatformReconcilerErrorHandler - [helmexte] Pod 'test-hivemq-platform-0' phase Pending
2025-01-29 13:57:23,554 INFO c.h.h.t.HelmChartContainer - [hivemq-test-hivemq-platform] [hivemq-platform-operator] [bb4ebb6c] 13:57:23.553 [ReconcilerExecutor-hivemq-controller-75] DEBUG c.h.p.o.h.HiveMQPlatformReconcilerErrorHandler - [helmexte] Pod 'test-hivemq-platform-0' condition 'PodReadyToStartContainers': False
2025-01-29 13:57:23,555 INFO c.h.h.t.HelmChartContainer - [hivemq-test-hivemq-platform] [hivemq-platform-operator] [bb4ebb6c] 13:57:23.553 [ReconcilerExecutor-hivemq-controller-75] DEBUG c.h.p.o.h.HiveMQPlatformReconcilerErrorHandler - [helmexte] Pod 'test-hivemq-platform-0' condition 'Initialized': False
2025-01-29 13:57:23,556 INFO c.h.h.t.HelmChartContainer - [hivemq-test-hivemq-platform] [hivemq-platform-operator] [bb4ebb6c] 13:57:23.553 [ReconcilerExecutor-hivemq-controller-75] DEBUG c.h.p.o.h.HiveMQPlatformReconcilerErrorHandler - [helmexte] Pod 'test-hivemq-platform-0' condition 'Ready': False
2025-01-29 13:57:23,556 INFO c.h.h.t.HelmChartContainer - [hivemq-test-hivemq-platform] [hivemq-platform-operator] [bb4ebb6c] 13:57:23.553 [ReconcilerExecutor-hivemq-controller-75] DEBUG c.h.p.o.h.HiveMQPlatformReconcilerErrorHandler - [helmexte] Pod 'test-hivemq-platform-0' condition 'ContainersReady': False
2025-01-29 13:57:23,556 INFO c.h.h.t.HelmChartContainer - [hivemq-test-hivemq-platform] [hivemq-platform-operator] [bb4ebb6c] 13:57:23.553 [ReconcilerExecutor-hivemq-controller-75] DEBUG c.h.p.o.h.HiveMQPlatformReconcilerErrorHandler - [helmexte] Pod 'test-hivemq-platform-0' condition 'PodScheduled': True
2025-01-29 13:57:23,556 INFO c.h.h.t.HelmChartContainer - [hivemq-test-hivemq-platform] [hivemq-platform-operator] [bb4ebb6c] 13:57:23.554 [ReconcilerExecutor-hivemq-controller-75] DEBUG c.h.p.o.h.HiveMQPlatformReconcilerErrorHandler - [helmexte] Pod 'test-hivemq-platform-0' containerStatus 'hivemq' (started: false) (ready: false) (waiting: [PodInitializing] null)
2025-01-29 13:57:23,559 INFO c.h.h.t.HelmChartContainer - [hivemq-test-hivemq-platform] [hivemq-platform-operator] [bb4ebb6c] 13:57:23.557 [ReconcilerExecutor-hivemq-controller-75] INFO  c.h.p.o.h.HiveMQPlatformReconcilerBaseHandler - [helmexte] HiveMQ Platform is starting, 0 of 1 replicas are ready
2025-01-29 13:57:23,680 INFO c.h.h.t.HelmChartContainer - [EVENT] Normal [Pulled] Container image "docker.io/hivemq/hivemq-platform-operator-init-test:snapshot" already present on machine [helmextensionpriorityit:test-hivemq-platform-0]
2025-01-29 13:57:24,085 INFO c.h.h.t.HelmChartContainer - [K3S] [range_allocator.go:247] "Successfully synced" key="e0d747e94538"
2025-01-29 13:57:24,365 INFO c.h.h.t.HelmChartContainer - [EVENT] Normal [Created] Created container: hivemq-platform-operator-init [helmextensionpriorityit:test-hivemq-platform-0]
2025-01-29 13:57:24,405 INFO c.h.h.t.HelmChartContainer - [EVENT] Normal [Started] Started container hivemq-platform-operator-init [helmextensionpriorityit:test-hivemq-platform-0]
2025-01-29 13:57:24,516 INFO c.h.h.t.HelmChartContainer - [POD] test-hivemq-platform-0 [e8d68b9b-24f6-42ad-8aa3-960668620649] in helmextensionpriorityit was MODIFIED
2025-01-29 13:57:24,528 INFO c.h.h.t.HelmChartContainer - [hivemq-test-hivemq-platform] [hivemq-platform-operator] [bb4ebb6c] 13:57:24.525 [pool-6-thread-32] DEBUG c.h.p.o.d.PlatformServiceResource - [helmexte] Desired Platform services (2 services)
2025-01-29 13:57:24,532 INFO c.h.h.t.HelmChartContainer - [hivemq-test-hivemq-platform] [hivemq-platform-operator] [bb4ebb6c] 13:57:24.530 [pool-6-thread-33] DEBUG c.h.p.o.dependants.PodInfoConfigMap - [helmexte] Desired PodInfo ConfigMap (3 extensions) (3 enabled)
2025-01-29 13:57:24,532 INFO c.h.h.t.HelmChartContainer - [hivemq-test-hivemq-platform] [hivemq-platform-operator] [bb4ebb6c] 13:57:24.530 [pool-6-thread-33] DEBUG c.h.p.o.dependants.PodInfoConfigMap - [helmexte] Desired PodInfo ConfigMap (metrics port: 9399) (metrics path: /)
2025-01-29 13:57:24,533 INFO c.h.h.t.HelmChartContainer - [hivemq-test-hivemq-platform] [hivemq-platform-operator] [bb4ebb6c] 13:57:24.530 [pool-6-thread-33] DEBUG c.h.p.o.dependants.PodInfoConfigMap - [helmexte] Desired PodInfo ConfigMap (extension state hash: 687648868)
2025-01-29 13:57:24,536 INFO c.h.h.t.HelmChartContainer - [hivemq-test-hivemq-platform] [hivemq-platform-operator] [bb4ebb6c] 13:57:24.535 [pool-6-thread-37] DEBUG c.h.p.o.d.PodServiceAccountResource - [helmexte] Desired PodServiceAccountResource (serviceAccountName: hivemq-platform-pod-test-hivemq-platform)
2025-01-29 13:57:24,547 INFO c.h.h.t.HelmChartContainer - [hivemq-test-hivemq-platform] [hivemq-platform-operator] [bb4ebb6c] 13:57:24.545 [pool-6-thread-40] DEBUG c.h.p.o.d.StatefulSetResource - [helmexte] Desired StatefulSet (1 replicas) for status STARTING (READY)
2025-01-29 13:57:24,552 INFO c.h.h.t.HelmChartContainer - [hivemq-test-hivemq-platform] [hivemq-platform-operator] [bb4ebb6c] 13:57:24.550 [ReconcilerExecutor-hivemq-controller-86] INFO  c.h.p.o.HiveMQPlatformReconciler - [helmexte] Reconciling HiveMQ Platform 'test-hivemq-platform' in namespace 'helmextensionpriorityit'
2025-01-29 13:57:24,552 INFO c.h.h.t.HelmChartContainer - [hivemq-test-hivemq-platform] [hivemq-platform-operator] [bb4ebb6c] 13:57:24.551 [ReconcilerExecutor-hivemq-controller-86] DEBUG c.h.p.o.HiveMQPlatformReconciler - [helmexte] Custom Resource Status STARTING - HiveMQ Platform is starting (READY)
2025-01-29 13:57:24,552 INFO c.h.h.t.HelmChartContainer - [hivemq-test-hivemq-platform] [hivemq-platform-operator] [bb4ebb6c] 13:57:24.551 [ReconcilerExecutor-hivemq-controller-86] DEBUG c.h.p.o.HiveMQPlatformReconciler - [helmexte] Custom Resource Spec (replicas: 1) (extensions: 3)
2025-01-29 13:57:24,626 INFO c.h.h.t.HelmChartContainer - [hivemq-test-hivemq-platform] [hivemq-platform-operator] [bb4ebb6c] 13:57:24.624 [ReconcilerExecutor-hivemq-controller-86] DEBUG c.h.p.o.HiveMQPlatformReconciler - [helmexte] StatefulSet Status (revision: test-hivemq-platform-6fd78546f5, replicas: 1, available: 0, ready: 0, current: 1, updated: 1)
2025-01-29 13:57:24,626 INFO c.h.h.t.HelmChartContainer - [hivemq-test-hivemq-platform] [hivemq-platform-operator] [bb4ebb6c] 13:57:24.624 [ReconcilerExecutor-hivemq-controller-86] DEBUG c.h.p.o.HiveMQPlatformReconciler - [helmexte] StatefulSet Spec (replicas: 1, init containers: 1, containers: 1, volumes: 3)
2025-01-29 13:57:24,630 INFO c.h.h.t.HelmChartContainer - [hivemq-test-hivemq-platform] [hivemq-platform-operator] [bb4ebb6c] 13:57:24.628 [ReconcilerExecutor-hivemq-controller-86] DEBUG c.h.p.o.h.HiveMQPlatformReconcilerErrorHandler - [helmexte] Pod 'test-hivemq-platform-0' phase Pending
2025-01-29 13:57:24,630 INFO c.h.h.t.HelmChartContainer - [hivemq-test-hivemq-platform] [hivemq-platform-operator] [bb4ebb6c] 13:57:24.628 [ReconcilerExecutor-hivemq-controller-86] DEBUG c.h.p.o.h.HiveMQPlatformReconcilerErrorHandler - [helmexte] Pod 'test-hivemq-platform-0' condition 'PodReadyToStartContainers': True
2025-01-29 13:57:24,630 INFO c.h.h.t.HelmChartContainer - [hivemq-test-hivemq-platform] [hivemq-platform-operator] [bb4ebb6c] 13:57:24.628 [ReconcilerExecutor-hivemq-controller-86] DEBUG c.h.p.o.h.HiveMQPlatformReconcilerErrorHandler - [helmexte] Pod 'test-hivemq-platform-0' condition 'Initialized': False
2025-01-29 13:57:24,630 INFO c.h.h.t.HelmChartContainer - [hivemq-test-hivemq-platform] [hivemq-platform-operator] [bb4ebb6c] 13:57:24.628 [ReconcilerExecutor-hivemq-controller-86] DEBUG c.h.p.o.h.HiveMQPlatformReconcilerErrorHandler - [helmexte] Pod 'test-hivemq-platform-0' condition 'Ready': False
2025-01-29 13:57:24,630 INFO c.h.h.t.HelmChartContainer - [hivemq-test-hivemq-platform] [hivemq-platform-operator] [bb4ebb6c] 13:57:24.628 [ReconcilerExecutor-hivemq-controller-86] DEBUG c.h.p.o.h.HiveMQPlatformReconcilerErrorHandler - [helmexte] Pod 'test-hivemq-platform-0' condition 'ContainersReady': False
2025-01-29 13:57:24,630 INFO c.h.h.t.HelmChartContainer - [hivemq-test-hivemq-platform] [hivemq-platform-operator] [bb4ebb6c] 13:57:24.629 [ReconcilerExecutor-hivemq-controller-86] DEBUG c.h.p.o.h.HiveMQPlatformReconcilerErrorHandler - [helmexte] Pod 'test-hivemq-platform-0' condition 'PodScheduled': True
2025-01-29 13:57:24,630 INFO c.h.h.t.HelmChartContainer - [hivemq-test-hivemq-platform] [hivemq-platform-operator] [bb4ebb6c] 13:57:24.629 [ReconcilerExecutor-hivemq-controller-86] DEBUG c.h.p.o.h.HiveMQPlatformReconcilerErrorHandler - [helmexte] Pod 'test-hivemq-platform-0' containerStatus 'hivemq' (started: false) (ready: false) (waiting: [PodInitializing] null)
2025-01-29 13:57:24,634 INFO c.h.h.t.HelmChartContainer - [hivemq-test-hivemq-platform] [hivemq-platform-operator] [bb4ebb6c] 13:57:24.633 [ReconcilerExecutor-hivemq-controller-86] INFO  c.h.p.o.h.HiveMQPlatformReconcilerBaseHandler - [helmexte] HiveMQ Platform is starting, 0 of 1 replicas are ready
2025-01-29 13:57:25,501 INFO c.h.h.t.HelmChartContainer - [EVENT] Normal [Pulled] Container image "docker.io/hivemq/hivemq4:4.36.0" already present on machine [helmextensionpriorityit:test-hivemq-platform-0]
2025-01-29 13:57:25,501 INFO c.h.h.t.HelmChartContainer - Received Pulled event for container hivemq in pod test-hivemq-platform-0 [e8d68b9b-24f6-42ad-8aa3-960668620649]
2025-01-29 13:57:25,513 INFO c.h.h.t.HelmChartContainer - [POD] test-hivemq-platform-0 [e8d68b9b-24f6-42ad-8aa3-960668620649] in helmextensionpriorityit was MODIFIED
2025-01-29 13:57:25,522 INFO c.h.h.t.HelmChartContainer - [hivemq-test-hivemq-platform] [hivemq-platform-operator] [bb4ebb6c] 13:57:25.521 [pool-6-thread-42] DEBUG c.h.p.o.d.PlatformServiceResource - [helmexte] Desired Platform services (2 services)
2025-01-29 13:57:25,527 INFO c.h.h.t.HelmChartContainer - [hivemq-test-hivemq-platform] [hivemq-platform-operator] [bb4ebb6c] 13:57:25.526 [pool-6-thread-47] DEBUG c.h.p.o.d.PodServiceAccountResource - [helmexte] Desired PodServiceAccountResource (serviceAccountName: hivemq-platform-pod-test-hivemq-platform)
2025-01-29 13:57:25,529 INFO c.h.h.t.HelmChartContainer - [hivemq-test-hivemq-platform] [hivemq-platform-operator] [bb4ebb6c] 13:57:25.527 [pool-6-thread-43] DEBUG c.h.p.o.dependants.PodInfoConfigMap - [helmexte] Desired PodInfo ConfigMap (3 extensions) (3 enabled)
2025-01-29 13:57:25,529 INFO c.h.h.t.HelmChartContainer - [hivemq-test-hivemq-platform] [hivemq-platform-operator] [bb4ebb6c] 13:57:25.527 [pool-6-thread-43] DEBUG c.h.p.o.dependants.PodInfoConfigMap - [helmexte] Desired PodInfo ConfigMap (metrics port: 9399) (metrics path: /)
2025-01-29 13:57:25,530 INFO c.h.h.t.HelmChartContainer - [hivemq-test-hivemq-platform] [hivemq-platform-operator] [bb4ebb6c] 13:57:25.527 [pool-6-thread-43] DEBUG c.h.p.o.dependants.PodInfoConfigMap - [helmexte] Desired PodInfo ConfigMap (extension state hash: 687648868)
2025-01-29 13:57:25,545 INFO c.h.h.t.HelmChartContainer - [hivemq-test-hivemq-platform] [hivemq-platform-operator] [bb4ebb6c] 13:57:25.541 [pool-6-thread-50] DEBUG c.h.p.o.d.StatefulSetResource - [helmexte] Desired StatefulSet (1 replicas) for status STARTING (READY)
2025-01-29 13:57:25,552 INFO c.h.h.t.HelmChartContainer - [hivemq-test-hivemq-platform] [hivemq-platform-operator] [bb4ebb6c] 13:57:25.550 [ReconcilerExecutor-hivemq-controller-97] INFO  c.h.p.o.HiveMQPlatformReconciler - [helmexte] Reconciling HiveMQ Platform 'test-hivemq-platform' in namespace 'helmextensionpriorityit'
2025-01-29 13:57:25,552 INFO c.h.h.t.HelmChartContainer - [hivemq-test-hivemq-platform] [hivemq-platform-operator] [bb4ebb6c] 13:57:25.550 [ReconcilerExecutor-hivemq-controller-97] DEBUG c.h.p.o.HiveMQPlatformReconciler - [helmexte] Custom Resource Status STARTING - HiveMQ Platform is starting (READY)
2025-01-29 13:57:25,552 INFO c.h.h.t.HelmChartContainer - [hivemq-test-hivemq-platform] [hivemq-platform-operator] [bb4ebb6c] 13:57:25.550 [ReconcilerExecutor-hivemq-controller-97] DEBUG c.h.p.o.HiveMQPlatformReconciler - [helmexte] Custom Resource Spec (replicas: 1) (extensions: 3)
2025-01-29 13:57:25,553 INFO c.h.h.t.HelmChartContainer - [hivemq-test-hivemq-platform] [hivemq-platform-operator] [bb4ebb6c] 13:57:25.552 [ReconcilerExecutor-hivemq-controller-97] DEBUG c.h.p.o.HiveMQPlatformReconciler - [helmexte] StatefulSet Status (revision: test-hivemq-platform-6fd78546f5, replicas: 1, available: 0, ready: 0, current: 1, updated: 1)
2025-01-29 13:57:25,553 INFO c.h.h.t.HelmChartContainer - [hivemq-test-hivemq-platform] [hivemq-platform-operator] [bb4ebb6c] 13:57:25.552 [ReconcilerExecutor-hivemq-controller-97] DEBUG c.h.p.o.HiveMQPlatformReconciler - [helmexte] StatefulSet Spec (replicas: 1, init containers: 1, containers: 1, volumes: 3)
2025-01-29 13:57:25,556 INFO c.h.h.t.HelmChartContainer - [hivemq-test-hivemq-platform] [hivemq-platform-operator] [bb4ebb6c] 13:57:25.555 [ReconcilerExecutor-hivemq-controller-97] DEBUG c.h.p.o.h.HiveMQPlatformReconcilerErrorHandler - [helmexte] Pod 'test-hivemq-platform-0' phase Pending
2025-01-29 13:57:25,556 INFO c.h.h.t.HelmChartContainer - [hivemq-test-hivemq-platform] [hivemq-platform-operator] [bb4ebb6c] 13:57:25.555 [ReconcilerExecutor-hivemq-controller-97] DEBUG c.h.p.o.h.HiveMQPlatformReconcilerErrorHandler - [helmexte] Pod 'test-hivemq-platform-0' condition 'PodReadyToStartContainers': True
2025-01-29 13:57:25,556 INFO c.h.h.t.HelmChartContainer - [hivemq-test-hivemq-platform] [hivemq-platform-operator] [bb4ebb6c] 13:57:25.555 [ReconcilerExecutor-hivemq-controller-97] DEBUG c.h.p.o.h.HiveMQPlatformReconcilerErrorHandler - [helmexte] Pod 'test-hivemq-platform-0' condition 'Initialized': True
2025-01-29 13:57:25,625 INFO c.h.h.t.HelmChartContainer - [hivemq-test-hivemq-platform] [hivemq-platform-operator] [bb4ebb6c] 13:57:25.623 [ReconcilerExecutor-hivemq-controller-97] DEBUG c.h.p.o.h.HiveMQPlatformReconcilerErrorHandler - [helmexte] Pod 'test-hivemq-platform-0' condition 'Ready': False
2025-01-29 13:57:25,625 INFO c.h.h.t.HelmChartContainer - [hivemq-test-hivemq-platform] [hivemq-platform-operator] [bb4ebb6c] 13:57:25.623 [ReconcilerExecutor-hivemq-controller-97] DEBUG c.h.p.o.h.HiveMQPlatformReconcilerErrorHandler - [helmexte] Pod 'test-hivemq-platform-0' condition 'ContainersReady': False
2025-01-29 13:57:25,626 INFO c.h.h.t.HelmChartContainer - [hivemq-test-hivemq-platform] [hivemq-platform-operator] [bb4ebb6c] 13:57:25.623 [ReconcilerExecutor-hivemq-controller-97] DEBUG c.h.p.o.h.HiveMQPlatformReconcilerErrorHandler - [helmexte] Pod 'test-hivemq-platform-0' condition 'PodScheduled': True
2025-01-29 13:57:25,626 INFO c.h.h.t.HelmChartContainer - [hivemq-test-hivemq-platform] [hivemq-platform-operator] [bb4ebb6c] 13:57:25.623 [ReconcilerExecutor-hivemq-controller-97] DEBUG c.h.p.o.h.HiveMQPlatformReconcilerErrorHandler - [helmexte] Pod 'test-hivemq-platform-0' containerStatus 'hivemq' (started: false) (ready: false) (waiting: [PodInitializing] null)
2025-01-29 13:57:25,627 INFO c.h.h.t.HelmChartContainer - [hivemq-test-hivemq-platform] [hivemq-platform-operator] [bb4ebb6c] 13:57:25.625 [ReconcilerExecutor-hivemq-controller-97] INFO  c.h.p.o.h.HiveMQPlatformReconcilerBaseHandler - [helmexte] HiveMQ Platform is starting, 0 of 1 replicas are ready
2025-01-29 13:57:26,881 INFO c.h.h.t.HelmChartContainer - [EVENT] Normal [Created] Created container: hivemq [helmextensionpriorityit:test-hivemq-platform-0]
2025-01-29 13:57:26,881 INFO c.h.h.t.HelmChartContainer - Received Created event for container hivemq in pod test-hivemq-platform-0 [e8d68b9b-24f6-42ad-8aa3-960668620649]
2025-01-29 13:57:27,512 INFO c.h.h.t.HelmChartContainer - [POD] test-hivemq-platform-0 [e8d68b9b-24f6-42ad-8aa3-960668620649] in helmextensionpriorityit was MODIFIED
2025-01-29 13:57:27,522 INFO c.h.h.t.HelmChartContainer - [hivemq-test-hivemq-platform] [hivemq-platform-operator] [bb4ebb6c] 13:57:27.520 [pool-6-thread-3] DEBUG c.h.p.o.d.PlatformServiceResource - [helmexte] Desired Platform services (2 services)
2025-01-29 13:57:27,527 INFO c.h.h.t.HelmChartContainer - [hivemq-test-hivemq-platform] [hivemq-platform-operator] [bb4ebb6c] 13:57:27.521 [pool-6-thread-5] DEBUG c.h.p.o.dependants.PodInfoConfigMap - [helmexte] Desired PodInfo ConfigMap (3 extensions) (3 enabled)
2025-01-29 13:57:27,535 INFO c.h.h.t.HelmChartContainer - [hivemq-test-hivemq-platform] [hivemq-platform-operator] [bb4ebb6c] 13:57:27.532 [pool-6-thread-5] DEBUG c.h.p.o.dependants.PodInfoConfigMap - [helmexte] Desired PodInfo ConfigMap (metrics port: 9399) (metrics path: /)
2025-01-29 13:57:27,537 INFO c.h.h.t.HelmChartContainer - [hivemq-test-hivemq-platform] [hivemq-platform-operator] [bb4ebb6c] 13:57:27.532 [pool-6-thread-5] DEBUG c.h.p.o.dependants.PodInfoConfigMap - [helmexte] Desired PodInfo ConfigMap (extension state hash: 687648868)
2025-01-29 13:57:27,537 INFO c.h.h.t.HelmChartContainer - Started log watcher for hivemq in pod test-hivemq-platform-0 [e8d68b9b-24f6-42ad-8aa3-960668620649]
2025-01-29 13:57:27,538 INFO c.h.h.t.HelmChartContainer - [test-hivemq-platform] [hivemq] [e8d68b9b] Adding pre-installed HiveMQ Platform Operator extensions
2025-01-29 13:57:27,538 INFO c.h.h.t.HelmChartContainer - [test-hivemq-platform] [hivemq] [e8d68b9b] Running as user 10000
2025-01-29 13:57:27,538 INFO c.h.h.t.HelmChartContainer - [test-hivemq-platform] [hivemq] [e8d68b9b] Starting HiveMQ Platform Operator Init
2025-01-29 13:57:27,538 INFO c.h.h.t.HelmChartContainer - [EVENT] Normal [Started] Started container hivemq [helmextensionpriorityit:test-hivemq-platform-0]
2025-01-29 13:57:27,538 INFO c.h.h.t.HelmChartContainer - Received Started event for container hivemq in pod test-hivemq-platform-0 [e8d68b9b-24f6-42ad-8aa3-960668620649]
2025-01-29 13:57:27,540 INFO c.h.h.t.HelmChartContainer - [hivemq-test-hivemq-platform] [hivemq-platform-operator] [bb4ebb6c] 13:57:27.536 [pool-6-thread-5] DEBUG c.h.p.o.d.StatefulSetResource - [helmexte] Desired StatefulSet (1 replicas) for status STARTING (READY)
2025-01-29 13:57:27,543 INFO c.h.h.t.HelmChartContainer - [hivemq-test-hivemq-platform] [hivemq-platform-operator] [bb4ebb6c] 13:57:27.524 [pool-6-thread-6] DEBUG c.h.p.o.d.PodServiceAccountResource - [helmexte] Desired PodServiceAccountResource (serviceAccountName: hivemq-platform-pod-test-hivemq-platform)
2025-01-29 13:57:27,551 INFO c.h.h.t.HelmChartContainer - [hivemq-test-hivemq-platform] [hivemq-platform-operator] [bb4ebb6c] 13:57:27.550 [ReconcilerExecutor-hivemq-controller-108] INFO  c.h.p.o.HiveMQPlatformReconciler - [helmexte] Reconciling HiveMQ Platform 'test-hivemq-platform' in namespace 'helmextensionpriorityit'
2025-01-29 13:57:27,552 INFO c.h.h.t.HelmChartContainer - [hivemq-test-hivemq-platform] [hivemq-platform-operator] [bb4ebb6c] 13:57:27.550 [ReconcilerExecutor-hivemq-controller-108] DEBUG c.h.p.o.HiveMQPlatformReconciler - [helmexte] Custom Resource Status STARTING - HiveMQ Platform is starting (READY)
2025-01-29 13:57:27,554 INFO c.h.h.t.HelmChartContainer - [hivemq-test-hivemq-platform] [hivemq-platform-operator] [bb4ebb6c] 13:57:27.550 [ReconcilerExecutor-hivemq-controller-108] DEBUG c.h.p.o.HiveMQPlatformReconciler - [helmexte] Custom Resource Spec (replicas: 1) (extensions: 3)
2025-01-29 13:57:27,556 INFO c.h.h.t.HelmChartContainer - [hivemq-test-hivemq-platform] [hivemq-platform-operator] [bb4ebb6c] 13:57:27.555 [ReconcilerExecutor-hivemq-controller-108] DEBUG c.h.p.o.HiveMQPlatformReconciler - [helmexte] StatefulSet Status (revision: test-hivemq-platform-6fd78546f5, replicas: 1, available: 0, ready: 0, current: 1, updated: 1)
2025-01-29 13:57:27,560 INFO c.h.h.t.HelmChartContainer - [hivemq-test-hivemq-platform] [hivemq-platform-operator] [bb4ebb6c] 13:57:27.557 [ReconcilerExecutor-hivemq-controller-108] DEBUG c.h.p.o.HiveMQPlatformReconciler - [helmexte] StatefulSet Spec (replicas: 1, init containers: 1, containers: 1, volumes: 3)
2025-01-29 13:57:27,562 INFO c.h.h.t.HelmChartContainer - [hivemq-test-hivemq-platform] [hivemq-platform-operator] [bb4ebb6c] 13:57:27.560 [ReconcilerExecutor-hivemq-controller-108] DEBUG c.h.p.o.h.HiveMQPlatformReconcilerErrorHandler - [helmexte] Pod 'test-hivemq-platform-0' phase Running
2025-01-29 13:57:27,627 INFO c.h.h.t.HelmChartContainer - [hivemq-test-hivemq-platform] [hivemq-platform-operator] [bb4ebb6c] 13:57:27.623 [ReconcilerExecutor-hivemq-controller-108] INFO  c.h.p.o.h.HiveMQPlatformReconcilerBaseHandler - [helmexte] HiveMQ Platform is starting, 0 of 1 replicas are ready
2025-01-29 13:57:28,141 INFO c.h.h.t.HelmChartContainer - [test-hivemq-platform] [hivemq] [e8d68b9b] INFO  - [HiveMQ Platform Operator Init 1.7.0-SNAPSHOT] HiveMQ Platform Operator Init 1.7.0-SNAPSHOT (commit: bebf408 on branch: HEAD) built on Sun Jan 26 20:47:47 UTC 2025
2025-01-29 13:57:29,421 INFO c.h.h.t.HelmChartContainer - [test-hivemq-platform] [hivemq] [e8d68b9b] INFO  - [HiveMQ Platform Operator Init App 1.7.0-SNAPSHOT] Using bind address 10.42.0.9 from environment variable
2025-01-29 13:57:30,329 INFO c.h.h.t.HelmChartContainer - [test-hivemq-platform] [hivemq] [e8d68b9b] INFO  - [HiveMQ Platform Operator Init App 1.7.0-SNAPSHOT] HiveMQ Platform Operator Init App 1.7.0-SNAPSHOT (commit: bebf408 on branch: HEAD) built on Sun Jan 26 20:47:47 UTC 2025
2025-01-29 13:57:30,330 INFO c.h.h.t.HelmChartContainer - [test-hivemq-platform] [hivemq] [e8d68b9b] INFO  - [HiveMQ Platform Operator Init App 1.7.0-SNAPSHOT] PodInfo ConfigMap directory: /etc/podinfo
2025-01-29 13:57:30,330 INFO c.h.h.t.HelmChartContainer - [test-hivemq-platform] [hivemq] [e8d68b9b] INFO  - [HiveMQ Platform Operator Init App 1.7.0-SNAPSHOT] HiveMQ home directory: /opt/hivemq
2025-01-29 13:57:30,330 INFO c.h.h.t.HelmChartContainer - [test-hivemq-platform] [hivemq] [e8d68b9b] INFO  - [HiveMQ Platform Operator Init App 1.7.0-SNAPSHOT] HiveMQ Logback folder: /opt/hivemq/conf
2025-01-29 13:57:30,330 INFO c.h.h.t.HelmChartContainer - [test-hivemq-platform] [hivemq] [e8d68b9b] INFO  - [HiveMQ Platform Operator Init App 1.7.0-SNAPSHOT] HiveMQ Config folder: /opt/hivemq/conf-k8s
2025-01-29 13:57:30,330 INFO c.h.h.t.HelmChartContainer - [test-hivemq-platform] [hivemq] [e8d68b9b] INFO  - [HiveMQ Platform Operator Init App 1.7.0-SNAPSHOT] Starting HiveMQ Platform Operator Init App
2025-01-29 13:57:30,330 INFO c.h.h.t.HelmChartContainer - [test-hivemq-platform] [hivemq] [e8d68b9b] INFO  - [HiveMQ Platform Operator Init App 1.7.0-SNAPSHOT] Starting Pod reconciler
2025-01-29 13:57:31,546 INFO c.h.h.t.HelmChartContainer - [test-hivemq-platform] [hivemq] [e8d68b9b] INFO  - [HiveMQ Platform Operator Init App 1.7.0-SNAPSHOT] Pod reconciler is scheduled (interval: 5000 ms)
2025-01-29 13:57:31,547 INFO c.h.h.t.HelmChartContainer - [test-hivemq-platform] [hivemq] [e8d68b9b] INFO  - [HiveMQ Platform Operator Init App 1.7.0-SNAPSHOT] Starting the REST API on 10.42.0.9:7979
2025-01-29 13:57:31,550 INFO c.h.h.t.HelmChartContainer - [test-hivemq-platform] [hivemq] [e8d68b9b] INFO  - [HiveMQ Platform Operator Init App 1.7.0-SNAPSHOT] Waiting up to 600s for at most 1 HiveMQ nodes in cluster service hivemq-test-hivemq-platform-cluster.helmextensionpriorityit.svc
2025-01-29 13:57:31,929 INFO c.h.h.t.HelmChartContainer - [test-hivemq-platform] [hivemq] [e8d68b9b] INFO  - [HiveMQ Platform Operator Init App 1.7.0-SNAPSHOT] Resolved 1 IP addresses: [10.42.0.9]
2025-01-29 13:57:31,930 INFO c.h.h.t.HelmChartContainer - [test-hivemq-platform] [hivemq] [e8d68b9b] INFO  - [HiveMQ Platform Operator Init App 1.7.0-SNAPSHOT] HiveMQ node count of 1 is within threshold of 1
2025-01-29 13:57:31,930 INFO c.h.h.t.HelmChartContainer - [test-hivemq-platform] [hivemq] [e8d68b9b] INFO  - [HiveMQ Platform Operator Init App 1.7.0-SNAPSHOT] Proceeding with container start
2025-01-29 13:57:32,018 INFO c.h.h.t.HelmChartContainer - [test-hivemq-platform] [hivemq] [e8d68b9b] INFO  - [HiveMQ Platform Operator Init App 1.7.0-SNAPSHOT] Initializing HiveMQ Platform extensions with initial configuration: {hivemq-appending-bar-extension={start-priority=2000, skip-https-hostname-verification=false, restart=true, config-version=0, header-version=0, c-uri=, priority=2000, uri=http://nginx-service/hivemq-appending-bar-extension-1.0.0.zip, skip-https-certificate-validation=false, enabled=true}, hivemq-appending-baz-extension={start-priority=3000, skip-https-hostname-verification=false, restart=true, config-version=0, header-version=0, c-uri=, priority=1000, uri=http://nginx-service/hivemq-appending-baz-extension-1.0.0.zip, skip-https-certificate-validation=false, enabled=true}, hivemq-appending-foo-extension={start-priority=1000, skip-https-hostname-verification=false, restart=true, config-version=0, header-version=0, c-uri=, priority=3000, uri=http://nginx-service/hivemq-appending-foo-extension-1.0.0.zip, skip-https-certificate-validation=false, enabled=true}, hivemq-prometheus-extension={request-header-path=no-request-headers, uri=preinstalled, skip-https-certificate-validation=false, skip-https-hostname-verification=false, c-uri=, start-priority=-1, priority=-1, restart=true, enabled=true}}
2025-01-29 13:57:32,024 INFO c.h.h.t.HelmChartContainer - [test-hivemq-platform] [hivemq] [e8d68b9b] INFO  - [HiveMQ Platform Operator Init App 1.7.0-SNAPSHOT] Installing custom extension hivemq-appending-bar-extension from URL http://nginx-service/hivemq-appending-bar-extension-1.0.0.zip
2025-01-29 13:57:32,026 INFO c.h.h.t.HelmChartContainer - [test-hivemq-platform] [hivemq] [e8d68b9b] INFO  - [HiveMQ Platform Operator Init App 1.7.0-SNAPSHOT] Downloading custom extension hivemq-appending-bar-extension into '/tmp/hivemq-appending-bar-extension16748466729350878908/extension.zip'
2025-01-29 13:57:32,132 INFO c.h.h.t.HelmChartContainer - [nginx-86cbc5c94-66pm] [nginx] [4fd3d0a6] 10.42.0.9 - - [29/Jan/2025:13:57:32 +0000] "GET /hivemq-appending-bar-extension-1.0.0.zip HTTP/1.1" 200 20145 "-" "Java-http-client/21.0.5" "-"
2025-01-29 13:57:32,229 INFO c.h.h.t.HelmChartContainer - [test-hivemq-platform] [hivemq] [e8d68b9b] INFO  - [HiveMQ Platform Operator Init App 1.7.0-SNAPSHOT] Copy extension from '/tmp/hivemq-appending-bar-extension16748466729350878908/hivemq-appending-bar-extension' to '/opt/hivemq/extensions/hivemq-appending-bar-extension'
2025-01-29 13:57:32,231 INFO c.h.h.t.HelmChartContainer - [test-hivemq-platform] [hivemq] [e8d68b9b] INFO  - [HiveMQ Platform Operator Init App 1.7.0-SNAPSHOT] Found hivemq-extension.xml in folder '/tmp/hivemq-appending-bar-extension16748466729350878908/hivemq-appending-bar-extension/hivemq-appending-bar-extension'
2025-01-29 13:57:32,253 INFO c.h.h.t.HelmChartContainer - [test-hivemq-platform] [hivemq] [e8d68b9b] INFO  - [HiveMQ Platform Operator Init App 1.7.0-SNAPSHOT] Configuring priority 2000 for extension hivemq-appending-bar-extension
2025-01-29 13:57:32,254 INFO c.h.h.t.HelmChartContainer - [test-hivemq-platform] [hivemq] [e8d68b9b] INFO  - [HiveMQ Platform Operator Init App 1.7.0-SNAPSHOT] Configuring start-priority 2000 for extension hivemq-appending-bar-extension
2025-01-29 13:57:32,640 INFO c.h.h.t.HelmChartContainer - [test-hivemq-platform] [hivemq] [e8d68b9b] INFO  - [HiveMQ Platform Operator Init App 1.7.0-SNAPSHOT] Extension hivemq-appending-bar-extension was already enabled
2025-01-29 13:57:32,642 INFO c.h.h.t.HelmChartContainer - [test-hivemq-platform] [hivemq] [e8d68b9b] INFO  - [HiveMQ Platform Operator Init App 1.7.0-SNAPSHOT] Installing custom extension hivemq-appending-baz-extension from URL http://nginx-service/hivemq-appending-baz-extension-1.0.0.zip
2025-01-29 13:57:32,643 INFO c.h.h.t.HelmChartContainer - [test-hivemq-platform] [hivemq] [e8d68b9b] INFO  - [HiveMQ Platform Operator Init App 1.7.0-SNAPSHOT] Downloading custom extension hivemq-appending-baz-extension into '/tmp/hivemq-appending-baz-extension2853326705280346385/extension.zip'
2025-01-29 13:57:32,716 INFO c.h.h.t.HelmChartContainer - [nginx-86cbc5c94-66pm] [nginx] [4fd3d0a6] 10.42.0.9 - - [29/Jan/2025:13:57:32 +0000] "GET /hivemq-appending-baz-extension-1.0.0.zip HTTP/1.1" 200 20145 "-" "Java-http-client/21.0.5" "-"
2025-01-29 13:57:32,727 INFO c.h.h.t.HelmChartContainer - [test-hivemq-platform] [hivemq] [e8d68b9b] INFO  - [HiveMQ Platform Operator Init App 1.7.0-SNAPSHOT] Copy extension from '/tmp/hivemq-appending-baz-extension2853326705280346385/hivemq-appending-baz-extension' to '/opt/hivemq/extensions/hivemq-appending-baz-extension'
2025-01-29 13:57:32,727 INFO c.h.h.t.HelmChartContainer - [test-hivemq-platform] [hivemq] [e8d68b9b] INFO  - [HiveMQ Platform Operator Init App 1.7.0-SNAPSHOT] Found hivemq-extension.xml in folder '/tmp/hivemq-appending-baz-extension2853326705280346385/hivemq-appending-baz-extension/hivemq-appending-baz-extension'
2025-01-29 13:57:32,730 INFO c.h.h.t.HelmChartContainer - [test-hivemq-platform] [hivemq] [e8d68b9b] INFO  - [HiveMQ Platform Operator Init App 1.7.0-SNAPSHOT] Configuring priority 1000 for extension hivemq-appending-baz-extension
2025-01-29 13:57:32,731 INFO c.h.h.t.HelmChartContainer - [test-hivemq-platform] [hivemq] [e8d68b9b] INFO  - [HiveMQ Platform Operator Init App 1.7.0-SNAPSHOT] Configuring start-priority 3000 for extension hivemq-appending-baz-extension
2025-01-29 13:57:32,738 INFO c.h.h.t.HelmChartContainer - [test-hivemq-platform] [hivemq] [e8d68b9b] INFO  - [HiveMQ Platform Operator Init App 1.7.0-SNAPSHOT] Extension hivemq-appending-baz-extension was already enabled
2025-01-29 13:57:32,739 INFO c.h.h.t.HelmChartContainer - [test-hivemq-platform] [hivemq] [e8d68b9b] INFO  - [HiveMQ Platform Operator Init App 1.7.0-SNAPSHOT] Installing custom extension hivemq-appending-foo-extension from URL http://nginx-service/hivemq-appending-foo-extension-1.0.0.zip
2025-01-29 13:57:32,814 INFO c.h.h.t.HelmChartContainer - [test-hivemq-platform] [hivemq] [e8d68b9b] INFO  - [HiveMQ Platform Operator Init App 1.7.0-SNAPSHOT] Downloading custom extension hivemq-appending-foo-extension into '/tmp/hivemq-appending-foo-extension11192384379240562060/extension.zip'
2025-01-29 13:57:32,826 INFO c.h.h.t.HelmChartContainer - [nginx-86cbc5c94-66pm] [nginx] [4fd3d0a6] 10.42.0.9 - - [29/Jan/2025:13:57:32 +0000] "GET /hivemq-appending-foo-extension-1.0.0.zip HTTP/1.1" 200 20146 "-" "Java-http-client/21.0.5" "-"
2025-01-29 13:57:32,829 INFO c.h.h.t.HelmChartContainer - [test-hivemq-platform] [hivemq] [e8d68b9b] INFO  - [HiveMQ Platform Operator Init App 1.7.0-SNAPSHOT] Copy extension from '/tmp/hivemq-appending-foo-extension11192384379240562060/hivemq-appending-foo-extension' to '/opt/hivemq/extensions/hivemq-appending-foo-extension'
2025-01-29 13:57:32,829 INFO c.h.h.t.HelmChartContainer - [test-hivemq-platform] [hivemq] [e8d68b9b] INFO  - [HiveMQ Platform Operator Init App 1.7.0-SNAPSHOT] Found hivemq-extension.xml in folder '/tmp/hivemq-appending-foo-extension11192384379240562060/hivemq-appending-foo-extension/hivemq-appending-foo-extension'
2025-01-29 13:57:32,832 INFO c.h.h.t.HelmChartContainer - [test-hivemq-platform] [hivemq] [e8d68b9b] INFO  - [HiveMQ Platform Operator Init App 1.7.0-SNAPSHOT] Configuring priority 3000 for extension hivemq-appending-foo-extension
2025-01-29 13:57:32,833 INFO c.h.h.t.HelmChartContainer - [test-hivemq-platform] [hivemq] [e8d68b9b] INFO  - [HiveMQ Platform Operator Init App 1.7.0-SNAPSHOT] Configuring start-priority 1000 for extension hivemq-appending-foo-extension
2025-01-29 13:57:32,916 INFO c.h.h.t.HelmChartContainer - [test-hivemq-platform] [hivemq] [e8d68b9b] INFO  - [HiveMQ Platform Operator Init App 1.7.0-SNAPSHOT] Extension hivemq-appending-foo-extension was already enabled
2025-01-29 13:57:32,936 INFO c.h.h.t.HelmChartContainer - [test-hivemq-platform] [hivemq] [e8d68b9b] INFO  - [HiveMQ Platform Operator Init App 1.7.0-SNAPSHOT] Successfully enabled extension hivemq-prometheus-extension
2025-01-29 13:57:32,937 INFO c.h.h.t.HelmChartContainer - [test-hivemq-platform] [hivemq] [e8d68b9b] INFO  - [HiveMQ Platform Operator Init App 1.7.0-SNAPSHOT] Starting HiveMQ Platform version 4.36.0 (4.36.0)
2025-01-29 13:57:32,937 INFO c.h.h.t.HelmChartContainer - [test-hivemq-platform] [hivemq] [e8d68b9b] INFO  - [HiveMQ Platform Operator Init App 1.7.0-SNAPSHOT] Configuring the HiveMQ Platform
2025-01-29 13:57:33,029 INFO c.h.h.t.HelmChartContainer - [test-hivemq-platform] [hivemq] [e8d68b9b] INFO  - [HiveMQ Platform Operator Init App 1.7.0-SNAPSHOT] Changed logback.xml file scan period to 20 seconds
2025-01-29 13:57:33,040 INFO c.h.h.t.HelmChartContainer - [test-hivemq-platform] [hivemq] [e8d68b9b] INFO  - [HiveMQ Platform Operator Init App 1.7.0-SNAPSHOT] Starting the HiveMQ Platform
2025-01-29 13:57:33,115 INFO c.h.h.t.HelmChartContainer - [test-hivemq-platform] [hivemq] [e8d68b9b] -------------------------------------------------------------------------
2025-01-29 13:57:33,116 INFO c.h.h.t.HelmChartContainer - [test-hivemq-platform] [hivemq] [e8d68b9b] 
2025-01-29 13:57:33,116 INFO c.h.h.t.HelmChartContainer - [test-hivemq-platform] [hivemq] [e8d68b9b]                   _    _  _              __  __   ____
2025-01-29 13:57:33,116 INFO c.h.h.t.HelmChartContainer - [test-hivemq-platform] [hivemq] [e8d68b9b]                  | |  | |(_)            |  \/  | / __ \
2025-01-29 13:57:33,116 INFO c.h.h.t.HelmChartContainer - [test-hivemq-platform] [hivemq] [e8d68b9b]                  | |__| | _ __   __ ___ | \  / || |  | |
2025-01-29 13:57:33,116 INFO c.h.h.t.HelmChartContainer - [test-hivemq-platform] [hivemq] [e8d68b9b]                  |  __  || |\ \ / // _ \| |\/| || |  | |
2025-01-29 13:57:33,116 INFO c.h.h.t.HelmChartContainer - [test-hivemq-platform] [hivemq] [e8d68b9b]                  | |  | || | \ V /|  __/| |  | || |__| |
2025-01-29 13:57:33,116 INFO c.h.h.t.HelmChartContainer - [test-hivemq-platform] [hivemq] [e8d68b9b]                  |_|  |_||_|  \_/  \___||_|  |_| \___\_\
2025-01-29 13:57:33,116 INFO c.h.h.t.HelmChartContainer - [test-hivemq-platform] [hivemq] [e8d68b9b] 
2025-01-29 13:57:33,116 INFO c.h.h.t.HelmChartContainer - [test-hivemq-platform] [hivemq] [e8d68b9b] -------------------------------------------------------------------------
2025-01-29 13:57:33,116 INFO c.h.h.t.HelmChartContainer - [test-hivemq-platform] [hivemq] [e8d68b9b] 
2025-01-29 13:57:33,116 INFO c.h.h.t.HelmChartContainer - [test-hivemq-platform] [hivemq] [e8d68b9b]   HiveMQ Start Script for Linux/Unix v1.14
2025-01-29 13:57:33,116 INFO c.h.h.t.HelmChartContainer - [test-hivemq-platform] [hivemq] [e8d68b9b] 
2025-01-29 13:57:33,152 INFO c.h.h.t.HelmChartContainer - [test-hivemq-platform] [hivemq] [e8d68b9b] -------------------------------------------------------------------------
2025-01-29 13:57:33,152 INFO c.h.h.t.HelmChartContainer - [test-hivemq-platform] [hivemq] [e8d68b9b] 
2025-01-29 13:57:33,152 INFO c.h.h.t.HelmChartContainer - [test-hivemq-platform] [hivemq] [e8d68b9b]   HIVEMQ_HOME: /opt/hivemq
2025-01-29 13:57:33,152 INFO c.h.h.t.HelmChartContainer - [test-hivemq-platform] [hivemq] [e8d68b9b] 
2025-01-29 13:57:33,152 INFO c.h.h.t.HelmChartContainer - [test-hivemq-platform] [hivemq] [e8d68b9b]   JAVA_OPTS: -XX:+UnlockExperimentalVMOptions -XX:InitialRAMPercentage=50 -XX:MaxRAMPercentage=50 -Djava.net.preferIPv4Stack=true --add-opens java.base/java.lang=ALL-UNNAMED --add-opens java.base/java.nio=ALL-UNNAMED --add-opens java.base/sun.nio.ch=ALL-UNNAMED --add-opens jdk.management/com.sun.management.internal=ALL-UNNAMED --add-exports java.base/jdk.internal.misc=ALL-UNNAMED -Djava.security.egd=file:/dev/./urandom -Dcom.sun.management.jmxremote -Dcom.sun.management.jmxremote.port=9010 -Dcom.sun.management.jmxremote.local.only=false -Dcom.sun.management.jmxremote.authenticate=false -Dcom.sun.management.jmxremote.ssl=false -Duser.language=en -Duser.region=US -XX:+CrashOnOutOfMemoryError -XX:+HeapDumpOnOutOfMemoryError
2025-01-29 13:57:33,153 INFO c.h.h.t.HelmChartContainer - [test-hivemq-platform] [hivemq] [e8d68b9b] 
2025-01-29 13:57:33,153 INFO c.h.h.t.HelmChartContainer - [test-hivemq-platform] [hivemq] [e8d68b9b]   JAVA_VERSION: 21
2025-01-29 13:57:33,153 INFO c.h.h.t.HelmChartContainer - [test-hivemq-platform] [hivemq] [e8d68b9b] 
2025-01-29 13:57:33,153 INFO c.h.h.t.HelmChartContainer - [test-hivemq-platform] [hivemq] [e8d68b9b] -------------------------------------------------------------------------
2025-01-29 13:57:33,153 INFO c.h.h.t.HelmChartContainer - [test-hivemq-platform] [hivemq] [e8d68b9b] 
2025-01-29 13:57:33,530 INFO c.h.h.t.HelmChartContainer - [test-hivemq-platform] [hivemq] [e8d68b9b] INFO  - [HiveMQ Platform Operator Init App 1.7.0-SNAPSHOT] Returning default Health API response 503 for readiness
2025-01-29 13:57:33,933 INFO c.h.h.t.HelmChartContainer - [EVENT] Warning [Unhealthy] Readiness probe failed: HTTP probe failed with statuscode: 503 [helmextensionpriorityit:test-hivemq-platform-0]
2025-01-29 13:57:33,933 INFO c.h.h.t.HelmChartContainer - Received Unhealthy event for container hivemq in pod test-hivemq-platform-0 [e8d68b9b-24f6-42ad-8aa3-960668620649]
2025-01-29 13:57:35,739 INFO c.h.h.t.HelmChartContainer - [test-hivemq-platform] [hivemq] [e8d68b9b] INFO  - Starting HiveMQ Enterprise Server
2025-01-29 13:57:35,817 INFO c.h.h.t.HelmChartContainer - [test-hivemq-platform] [hivemq] [e8d68b9b] INFO  - HiveMQ version: 4.36.0
2025-01-29 13:57:35,817 INFO c.h.h.t.HelmChartContainer - [test-hivemq-platform] [hivemq] [e8d68b9b] INFO  - HiveMQ home directory: /opt/hivemq
2025-01-29 13:57:35,818 INFO c.h.h.t.HelmChartContainer - [test-hivemq-platform] [hivemq] [e8d68b9b] INFO  - Log Configuration was overridden by /opt/hivemq/conf/logback.xml
2025-01-29 13:57:37,432 INFO c.h.h.t.HelmChartContainer - [test-hivemq-platform] [hivemq] [e8d68b9b] INFO  - Successfully loaded configuration from '/opt/hivemq/conf-k8s/config.xml'.
2025-01-29 13:57:37,634 INFO c.h.h.t.HelmChartContainer - [hivemq-test-hivemq-platform] [hivemq-platform-operator] [bb4ebb6c] 13:57:37.631 [pool-6-thread-15] DEBUG c.h.p.o.d.PlatformServiceResource - [helmexte] Desired Platform services (2 services)
2025-01-29 13:57:37,634 INFO c.h.h.t.HelmChartContainer - [hivemq-test-hivemq-platform] [hivemq-platform-operator] [bb4ebb6c] 13:57:37.631 [pool-6-thread-11] DEBUG c.h.p.o.d.PodServiceAccountResource - [helmexte] Desired PodServiceAccountResource (serviceAccountName: hivemq-platform-pod-test-hivemq-platform)
2025-01-29 13:57:37,638 INFO c.h.h.t.HelmChartContainer - [hivemq-test-hivemq-platform] [hivemq-platform-operator] [bb4ebb6c] 13:57:37.637 [pool-6-thread-16] DEBUG c.h.p.o.dependants.PodInfoConfigMap - [helmexte] Desired PodInfo ConfigMap (3 extensions) (3 enabled)
2025-01-29 13:57:37,639 INFO c.h.h.t.HelmChartContainer - [hivemq-test-hivemq-platform] [hivemq-platform-operator] [bb4ebb6c] 13:57:37.638 [pool-6-thread-16] DEBUG c.h.p.o.dependants.PodInfoConfigMap - [helmexte] Desired PodInfo ConfigMap (metrics port: 9399) (metrics path: /)
2025-01-29 13:57:37,639 INFO c.h.h.t.HelmChartContainer - [hivemq-test-hivemq-platform] [hivemq-platform-operator] [bb4ebb6c] 13:57:37.638 [pool-6-thread-16] DEBUG c.h.p.o.dependants.PodInfoConfigMap - [helmexte] Desired PodInfo ConfigMap (extension state hash: 687648868)
2025-01-29 13:57:37,648 INFO c.h.h.t.HelmChartContainer - [hivemq-test-hivemq-platform] [hivemq-platform-operator] [bb4ebb6c] 13:57:37.647 [pool-6-thread-15] DEBUG c.h.p.o.d.StatefulSetResource - [helmexte] Desired StatefulSet (1 replicas) for status STARTING (READY)
2025-01-29 13:57:37,727 INFO c.h.h.t.HelmChartContainer - [hivemq-test-hivemq-platform] [hivemq-platform-operator] [bb4ebb6c] 13:57:37.724 [ReconcilerExecutor-hivemq-controller-109] INFO  c.h.p.o.HiveMQPlatformReconciler - [helmexte] Reconciling HiveMQ Platform 'test-hivemq-platform' in namespace 'helmextensionpriorityit'
2025-01-29 13:57:37,731 INFO c.h.h.t.HelmChartContainer - [hivemq-test-hivemq-platform] [hivemq-platform-operator] [bb4ebb6c] 13:57:37.724 [ReconcilerExecutor-hivemq-controller-109] DEBUG c.h.p.o.HiveMQPlatformReconciler - [helmexte] Custom Resource Status STARTING - HiveMQ Platform is starting (READY)
2025-01-29 13:57:37,731 INFO c.h.h.t.HelmChartContainer - [hivemq-test-hivemq-platform] [hivemq-platform-operator] [bb4ebb6c] 13:57:37.724 [ReconcilerExecutor-hivemq-controller-109] DEBUG c.h.p.o.HiveMQPlatformReconciler - [helmexte] Custom Resource Spec (replicas: 1) (extensions: 3)
2025-01-29 13:57:37,734 INFO c.h.h.t.HelmChartContainer - [hivemq-test-hivemq-platform] [hivemq-platform-operator] [bb4ebb6c] 13:57:37.734 [ReconcilerExecutor-hivemq-controller-109] DEBUG c.h.p.o.HiveMQPlatformReconciler - [helmexte] StatefulSet Status (revision: test-hivemq-platform-6fd78546f5, replicas: 1, available: 0, ready: 0, current: 1, updated: 1)
2025-01-29 13:57:37,735 INFO c.h.h.t.HelmChartContainer - [hivemq-test-hivemq-platform] [hivemq-platform-operator] [bb4ebb6c] 13:57:37.734 [ReconcilerExecutor-hivemq-controller-109] DEBUG c.h.p.o.HiveMQPlatformReconciler - [helmexte] StatefulSet Spec (replicas: 1, init containers: 1, containers: 1, volumes: 3)
2025-01-29 13:57:37,740 INFO c.h.h.t.HelmChartContainer - [hivemq-test-hivemq-platform] [hivemq-platform-operator] [bb4ebb6c] 13:57:37.739 [ReconcilerExecutor-hivemq-controller-109] DEBUG c.h.p.o.h.HiveMQPlatformReconcilerErrorHandler - [helmexte] Pod 'test-hivemq-platform-0' phase Running
2025-01-29 13:57:37,741 INFO c.h.h.t.HelmChartContainer - [hivemq-test-hivemq-platform] [hivemq-platform-operator] [bb4ebb6c] 13:57:37.740 [ReconcilerExecutor-hivemq-controller-109] INFO  c.h.p.o.h.HiveMQPlatformReconcilerBaseHandler - [helmexte] HiveMQ Platform is starting, 0 of 1 replicas are ready
2025-01-29 13:57:38,428 INFO c.h.h.t.HelmChartContainer - [test-hivemq-platform] [hivemq] [e8d68b9b] INFO  - This node's ID is ckHmW
2025-01-29 13:57:38,428 INFO c.h.h.t.HelmChartContainer - [test-hivemq-platform] [hivemq] [e8d68b9b] INFO  - Clustering is enabled
2025-01-29 13:57:38,530 INFO c.h.h.t.HelmChartContainer - [test-hivemq-platform] [hivemq] [e8d68b9b] WARN  - [HiveMQ Platform Operator Init App 1.7.0-SNAPSHOT] Cannot connect to Health API for readiness: null
2025-01-29 13:57:38,534 INFO c.h.h.t.HelmChartContainer - [EVENT] Warning [Unhealthy] Readiness probe failed: HTTP probe failed with statuscode: 503 [helmextensionpriorityit:test-hivemq-platform-0]
2025-01-29 13:57:38,535 INFO c.h.h.t.HelmChartContainer - Received Unhealthy event for container hivemq in pod test-hivemq-platform-0 [e8d68b9b-24f6-42ad-8aa3-960668620649]
2025-01-29 13:57:41,932 INFO c.h.h.t.HelmChartContainer - [test-hivemq-platform] [hivemq] [e8d68b9b] Jan 29, 2025 1:57:41 PM io.vertx.core.impl.BlockedThreadChecker
2025-01-29 13:57:41,932 INFO c.h.h.t.HelmChartContainer - [test-hivemq-platform] [hivemq] [e8d68b9b] WARNING: Thread Thread[vert.x-eventloop-thread-1,5,main] has been blocked for 2110 ms, time limit is 2000 ms
2025-01-29 13:57:42,629 INFO c.h.h.t.HelmChartContainer - [test-hivemq-platform] [hivemq] [e8d68b9b] INFO  - [HiveMQ Platform Operator Init App 1.7.0-SNAPSHOT] Updating Pod HiveMQ Platform Operator Init App version annotation (version: 1.7.0-SNAPSHOT)
2025-01-29 13:57:43,534 INFO c.h.h.t.HelmChartContainer - [POD] test-hivemq-platform-0 [e8d68b9b-24f6-42ad-8aa3-960668620649] in helmextensionpriorityit was MODIFIED
2025-01-29 13:57:43,538 INFO c.h.h.t.HelmChartContainer - [test-hivemq-platform] [hivemq] [e8d68b9b] WARN  - [HiveMQ Platform Operator Init App 1.7.0-SNAPSHOT] Cannot connect to Health API for readiness: null
2025-01-29 13:57:43,543 INFO c.h.h.t.HelmChartContainer - [hivemq-test-hivemq-platform] [hivemq-platform-operator] [bb4ebb6c] 13:57:43.540 [pool-6-thread-27] DEBUG c.h.p.o.d.PlatformServiceResource - [helmexte] Desired Platform services (2 services)
2025-01-29 13:57:43,543 INFO c.h.h.t.HelmChartContainer - [EVENT] Warning [Unhealthy] Readiness probe failed: HTTP probe failed with statuscode: 503 [helmextensionpriorityit:test-hivemq-platform-0]
2025-01-29 13:57:43,543 INFO c.h.h.t.HelmChartContainer - Received Unhealthy event for container hivemq in pod test-hivemq-platform-0 [e8d68b9b-24f6-42ad-8aa3-960668620649]
2025-01-29 13:57:43,545 INFO c.h.h.t.HelmChartContainer - [test-hivemq-platform] [hivemq] [e8d68b9b] INFO  - [HiveMQ Platform Operator Init App 1.7.0-SNAPSHOT] Successfully updated Pod HiveMQ Platform Operator Init App version annotation (version: 1.7.0-SNAPSHOT)
2025-01-29 13:57:43,546 INFO c.h.h.t.HelmChartContainer - [hivemq-test-hivemq-platform] [hivemq-platform-operator] [bb4ebb6c] 13:57:43.545 [pool-6-thread-23] DEBUG c.h.p.o.d.PodServiceAccountResource - [helmexte] Desired PodServiceAccountResource (serviceAccountName: hivemq-platform-pod-test-hivemq-platform)
2025-01-29 13:57:43,547 INFO c.h.h.t.HelmChartContainer - [hivemq-test-hivemq-platform] [hivemq-platform-operator] [bb4ebb6c] 13:57:43.546 [pool-6-thread-22] DEBUG c.h.p.o.dependants.PodInfoConfigMap - [helmexte] Desired PodInfo ConfigMap (3 extensions) (3 enabled)
2025-01-29 13:57:43,549 INFO c.h.h.t.HelmChartContainer - [hivemq-test-hivemq-platform] [hivemq-platform-operator] [bb4ebb6c] 13:57:43.547 [pool-6-thread-22] DEBUG c.h.p.o.dependants.PodInfoConfigMap - [helmexte] Desired PodInfo ConfigMap (metrics port: 9399) (metrics path: /)
2025-01-29 13:57:43,550 INFO c.h.h.t.HelmChartContainer - [hivemq-test-hivemq-platform] [hivemq-platform-operator] [bb4ebb6c] 13:57:43.549 [pool-6-thread-22] DEBUG c.h.p.o.dependants.PodInfoConfigMap - [helmexte] Desired PodInfo ConfigMap (extension state hash: 687648868)
2025-01-29 13:57:43,556 INFO c.h.h.t.HelmChartContainer - [hivemq-test-hivemq-platform] [hivemq-platform-operator] [bb4ebb6c] 13:57:43.553 [pool-6-thread-22] DEBUG c.h.p.o.d.StatefulSetResource - [helmexte] Desired StatefulSet (1 replicas) for status STARTING (READY)
2025-01-29 13:57:43,618 INFO c.h.h.t.HelmChartContainer - [test-hivemq-platform] [hivemq] [e8d68b9b] WARN  - [HiveMQ Platform Operator Init App 1.7.0-SNAPSHOT] Cannot connect to Health API for readiness: null
2025-01-29 13:57:43,628 INFO c.h.h.t.HelmChartContainer - [EVENT] Warning [Unhealthy] Readiness probe failed: HTTP probe failed with statuscode: 503 [helmextensionpriorityit:test-hivemq-platform-0]
2025-01-29 13:57:43,628 INFO c.h.h.t.HelmChartContainer - Received Unhealthy event for container hivemq in pod test-hivemq-platform-0 [e8d68b9b-24f6-42ad-8aa3-960668620649]
2025-01-29 13:57:43,632 INFO c.h.h.t.HelmChartContainer - [hivemq-test-hivemq-platform] [hivemq-platform-operator] [bb4ebb6c] 13:57:43.623 [ReconcilerExecutor-hivemq-controller-110] INFO  c.h.p.o.HiveMQPlatformReconciler - [helmexte] Reconciling HiveMQ Platform 'test-hivemq-platform' in namespace 'helmextensionpriorityit'
2025-01-29 13:57:43,632 INFO c.h.h.t.HelmChartContainer - [hivemq-test-hivemq-platform] [hivemq-platform-operator] [bb4ebb6c] 13:57:43.623 [ReconcilerExecutor-hivemq-controller-110] DEBUG c.h.p.o.HiveMQPlatformReconciler - [helmexte] Custom Resource Status STARTING - HiveMQ Platform is starting (READY)
2025-01-29 13:57:43,632 INFO c.h.h.t.HelmChartContainer - [hivemq-test-hivemq-platform] [hivemq-platform-operator] [bb4ebb6c] 13:57:43.623 [ReconcilerExecutor-hivemq-controller-110] DEBUG c.h.p.o.HiveMQPlatformReconciler - [helmexte] Custom Resource Spec (replicas: 1) (extensions: 3)
2025-01-29 13:57:43,632 INFO c.h.h.t.HelmChartContainer - [hivemq-test-hivemq-platform] [hivemq-platform-operator] [bb4ebb6c] 13:57:43.625 [ReconcilerExecutor-hivemq-controller-110] DEBUG c.h.p.o.HiveMQPlatformReconciler - [helmexte] StatefulSet Status (revision: test-hivemq-platform-6fd78546f5, replicas: 1, available: 0, ready: 0, current: 1, updated: 1)
2025-01-29 13:57:43,632 INFO c.h.h.t.HelmChartContainer - [hivemq-test-hivemq-platform] [hivemq-platform-operator] [bb4ebb6c] 13:57:43.625 [ReconcilerExecutor-hivemq-controller-110] DEBUG c.h.p.o.HiveMQPlatformReconciler - [helmexte] StatefulSet Spec (replicas: 1, init containers: 1, containers: 1, volumes: 3)
2025-01-29 13:57:43,633 INFO c.h.h.t.HelmChartContainer - [hivemq-test-hivemq-platform] [hivemq-platform-operator] [bb4ebb6c] 13:57:43.627 [ReconcilerExecutor-hivemq-controller-110] DEBUG c.h.p.o.h.HiveMQPlatformReconcilerErrorHandler - [helmexte] Pod 'test-hivemq-platform-0' phase Running
2025-01-29 13:57:43,633 INFO c.h.h.t.HelmChartContainer - [hivemq-test-hivemq-platform] [hivemq-platform-operator] [bb4ebb6c] 13:57:43.627 [ReconcilerExecutor-hivemq-controller-110] INFO  c.h.p.o.h.HiveMQPlatformReconcilerBaseHandler - [helmexte] HiveMQ Platform is starting, 0 of 1 replicas are ready
2025-01-29 13:57:48,541 INFO c.h.h.t.HelmChartContainer - [test-hivemq-platform] [hivemq] [e8d68b9b] WARN  - [HiveMQ Platform Operator Init App 1.7.0-SNAPSHOT] Cannot connect to Health API for readiness: null
2025-01-29 13:57:48,545 INFO c.h.h.t.HelmChartContainer - [EVENT] Warning [Unhealthy] Readiness probe failed: HTTP probe failed with statuscode: 503 [helmextensionpriorityit:test-hivemq-platform-0]
2025-01-29 13:57:48,545 INFO c.h.h.t.HelmChartContainer - Received Unhealthy event for container hivemq in pod test-hivemq-platform-0 [e8d68b9b-24f6-42ad-8aa3-960668620649]
2025-01-29 13:57:53,541 INFO c.h.h.t.HelmChartContainer - [test-hivemq-platform] [hivemq] [e8d68b9b] WARN  - [HiveMQ Platform Operator Init App 1.7.0-SNAPSHOT] Cannot connect to Health API for readiness: null
2025-01-29 13:57:53,546 INFO c.h.h.t.HelmChartContainer - [EVENT] Warning [Unhealthy] Readiness probe failed: HTTP probe failed with statuscode: 503 [helmextensionpriorityit:test-hivemq-platform-0]
2025-01-29 13:57:53,546 INFO c.h.h.t.HelmChartContainer - Received Unhealthy event for container hivemq in pod test-hivemq-platform-0 [e8d68b9b-24f6-42ad-8aa3-960668620649]
2025-01-29 13:57:53,628 INFO c.h.h.t.HelmChartContainer - [test-hivemq-platform] [hivemq] [e8d68b9b] WARN  - [HiveMQ Platform Operator Init App 1.7.0-SNAPSHOT] Cannot connect to Health API for liveness: null
2025-01-29 13:57:53,629 INFO c.h.h.t.HelmChartContainer - [test-hivemq-platform] [hivemq] [e8d68b9b] INFO  - [HiveMQ Platform Operator Init App 1.7.0-SNAPSHOT] Returning default Health API response 200 for liveness
2025-01-29 13:57:53,641 INFO c.h.h.t.HelmChartContainer - [hivemq-test-hivemq-platform] [hivemq-platform-operator] [bb4ebb6c] 13:57:53.639 [pool-6-thread-37] DEBUG c.h.p.o.d.PlatformServiceResource - [helmexte] Desired Platform services (2 services)
2025-01-29 13:57:53,643 INFO c.h.h.t.HelmChartContainer - [hivemq-test-hivemq-platform] [hivemq-platform-operator] [bb4ebb6c] 13:57:53.640 [pool-6-thread-35] DEBUG c.h.p.o.dependants.PodInfoConfigMap - [helmexte] Desired PodInfo ConfigMap (3 extensions) (3 enabled)
2025-01-29 13:57:53,644 INFO c.h.h.t.HelmChartContainer - [hivemq-test-hivemq-platform] [hivemq-platform-operator] [bb4ebb6c] 13:57:53.642 [pool-6-thread-33] DEBUG c.h.p.o.d.PodServiceAccountResource - [helmexte] Desired PodServiceAccountResource (serviceAccountName: hivemq-platform-pod-test-hivemq-platform)
2025-01-29 13:57:53,644 INFO c.h.h.t.HelmChartContainer - [hivemq-test-hivemq-platform] [hivemq-platform-operator] [bb4ebb6c] 13:57:53.643 [pool-6-thread-35] DEBUG c.h.p.o.dependants.PodInfoConfigMap - [helmexte] Desired PodInfo ConfigMap (metrics port: 9399) (metrics path: /)
2025-01-29 13:57:53,645 INFO c.h.h.t.HelmChartContainer - [hivemq-test-hivemq-platform] [hivemq-platform-operator] [bb4ebb6c] 13:57:53.644 [pool-6-thread-35] DEBUG c.h.p.o.dependants.PodInfoConfigMap - [helmexte] Desired PodInfo ConfigMap (extension state hash: 687648868)
2025-01-29 13:57:53,649 INFO c.h.h.t.HelmChartContainer - [hivemq-test-hivemq-platform] [hivemq-platform-operator] [bb4ebb6c] 13:57:53.647 [pool-6-thread-37] DEBUG c.h.p.o.d.StatefulSetResource - [helmexte] Desired StatefulSet (1 replicas) for status STARTING (READY)
2025-01-29 13:57:53,652 INFO c.h.h.t.HelmChartContainer - [hivemq-test-hivemq-platform] [hivemq-platform-operator] [bb4ebb6c] 13:57:53.651 [ReconcilerExecutor-hivemq-controller-111] INFO  c.h.p.o.HiveMQPlatformReconciler - [helmexte] Reconciling HiveMQ Platform 'test-hivemq-platform' in namespace 'helmextensionpriorityit'
2025-01-29 13:57:53,652 INFO c.h.h.t.HelmChartContainer - [hivemq-test-hivemq-platform] [hivemq-platform-operator] [bb4ebb6c] 13:57:53.651 [ReconcilerExecutor-hivemq-controller-111] DEBUG c.h.p.o.HiveMQPlatformReconciler - [helmexte] Custom Resource Status STARTING - HiveMQ Platform is starting (READY)
2025-01-29 13:57:53,652 INFO c.h.h.t.HelmChartContainer - [hivemq-test-hivemq-platform] [hivemq-platform-operator] [bb4ebb6c] 13:57:53.651 [ReconcilerExecutor-hivemq-controller-111] DEBUG c.h.p.o.HiveMQPlatformReconciler - [helmexte] Custom Resource Spec (replicas: 1) (extensions: 3)
2025-01-29 13:57:53,653 INFO c.h.h.t.HelmChartContainer - [hivemq-test-hivemq-platform] [hivemq-platform-operator] [bb4ebb6c] 13:57:53.652 [ReconcilerExecutor-hivemq-controller-111] DEBUG c.h.p.o.HiveMQPlatformReconciler - [helmexte] StatefulSet Status (revision: test-hivemq-platform-6fd78546f5, replicas: 1, available: 0, ready: 0, current: 1, updated: 1)
2025-01-29 13:57:53,654 INFO c.h.h.t.HelmChartContainer - [hivemq-test-hivemq-platform] [hivemq-platform-operator] [bb4ebb6c] 13:57:53.653 [ReconcilerExecutor-hivemq-controller-111] DEBUG c.h.p.o.HiveMQPlatformReconciler - [helmexte] StatefulSet Spec (replicas: 1, init containers: 1, containers: 1, volumes: 3)
2025-01-29 13:57:53,725 INFO c.h.h.t.HelmChartContainer - [hivemq-test-hivemq-platform] [hivemq-platform-operator] [bb4ebb6c] 13:57:53.723 [ReconcilerExecutor-hivemq-controller-111] DEBUG c.h.p.o.h.HiveMQPlatformReconcilerErrorHandler - [helmexte] Pod 'test-hivemq-platform-0' phase Running
2025-01-29 13:57:53,726 INFO c.h.h.t.HelmChartContainer - [hivemq-test-hivemq-platform] [hivemq-platform-operator] [bb4ebb6c] 13:57:53.725 [ReconcilerExecutor-hivemq-controller-111] INFO  c.h.p.o.h.HiveMQPlatformReconcilerBaseHandler - [helmexte] HiveMQ Platform is starting, 0 of 1 replicas are ready
2025-01-29 13:57:54,633 INFO c.h.h.t.HelmChartContainer - [test-hivemq-platform] [hivemq] [e8d68b9b] INFO  - No valid license file found. Using trial license, restricted to 25 connections.
2025-01-29 13:57:58,344 INFO c.h.h.t.HelmChartContainer - [test-hivemq-platform] [hivemq] [e8d68b9b] INFO  - No valid license file for Data Hub found. Using free license, restricted to 1 policy.
2025-01-29 13:57:58,629 INFO c.h.h.t.HelmChartContainer - [test-hivemq-platform] [hivemq] [e8d68b9b] WARN  - [HiveMQ Platform Operator Init App 1.7.0-SNAPSHOT] Cannot connect to Health API for readiness: null
2025-01-29 13:57:58,638 INFO c.h.h.t.HelmChartContainer - [EVENT] Warning [Unhealthy] Readiness probe failed: HTTP probe failed with statuscode: 503 [helmextensionpriorityit:test-hivemq-platform-0]
2025-01-29 13:57:58,638 INFO c.h.h.t.HelmChartContainer - Received Unhealthy event for container hivemq in pod test-hivemq-platform-0 [e8d68b9b-24f6-42ad-8aa3-960668620649]
2025-01-29 13:57:59,540 INFO c.h.h.t.HelmChartContainer - [test-hivemq-platform] [hivemq] [e8d68b9b] INFO  - Audit Logger started.
2025-01-29 13:57:59,828 INFO c.h.h.t.HelmChartContainer - [test-hivemq-platform] [hivemq] [e8d68b9b] INFO  - This node uses '1' CPU cores.
2025-01-29 13:57:59,832 INFO c.h.h.t.HelmChartContainer - [test-hivemq-platform] [hivemq] [e8d68b9b] INFO  - Starting HiveMQ Health API on address 0.0.0.0 and port 8889
2025-01-29 13:58:00,727 INFO c.h.h.t.HelmChartContainer - [test-hivemq-platform] [hivemq] [e8d68b9b] INFO  - Started HiveMQ Health API in 895ms
2025-01-29 13:58:01,230 INFO c.h.h.t.HelmChartContainer - [test-hivemq-platform] [hivemq] [e8d68b9b] INFO  - Starting HiveMQ extension system.
2025-01-29 13:58:01,531 INFO c.h.h.t.HelmChartContainer - [test-hivemq-platform] [hivemq] [e8d68b9b] INFO  - Starting extension with id "hivemq-dns-cluster-discovery" at /opt/hivemq/extensions/hivemq-dns-cluster-discovery
2025-01-29 13:58:02,036 INFO c.h.h.t.HelmChartContainer - [test-hivemq-platform] [hivemq] [e8d68b9b] INFO  - Extension "DNS Cluster Discovery Extension" version 4.3.2 started successfully.
2025-01-29 13:58:02,036 INFO c.h.h.t.HelmChartContainer - [test-hivemq-platform] [hivemq] [e8d68b9b] INFO  - Starting extension with id "hivemq-appending-baz-extension" at /opt/hivemq/extensions/hivemq-appending-baz-extension
2025-01-29 13:58:02,036 INFO c.h.h.t.HelmChartContainer - [test-hivemq-platform] [hivemq] [e8d68b9b] INFO  - HiveMQ Baz-Appending PublishInboundInterceptor Extension started
2025-01-29 13:58:02,036 INFO c.h.h.t.HelmChartContainer - [test-hivemq-platform] [hivemq] [e8d68b9b] INFO  - Extension "HiveMQ Appending Baz Extension" version 1.0.0 started successfully.
2025-01-29 13:58:02,036 INFO c.h.h.testcontainer.LogWaiterUtil - TEST Found log pattern on 'test-hivemq-platform-0': .*Extension "HiveMQ Appending Baz Extension" version 1.0.0 started successfully.
2025-01-29 13:58:02,037 INFO c.h.h.t.HelmChartContainer - [test-hivemq-platform] [hivemq] [e8d68b9b] INFO  - Starting extension with id "hivemq-appending-bar-extension" at /opt/hivemq/extensions/hivemq-appending-bar-extension
2025-01-29 13:58:02,037 INFO c.h.h.t.HelmChartContainer - [test-hivemq-platform] [hivemq] [e8d68b9b] INFO  - HiveMQ Bar-Appending PublishInboundInterceptor Extension started
2025-01-29 13:58:02,037 INFO c.h.h.t.HelmChartContainer - [test-hivemq-platform] [hivemq] [e8d68b9b] INFO  - Extension "HiveMQ Appending Bar Extension" version 1.0.0 started successfully.
2025-01-29 13:58:02,038 INFO c.h.h.testcontainer.LogWaiterUtil - TEST Found log pattern on 'test-hivemq-platform-0': .*Extension "HiveMQ Appending Bar Extension" version 1.0.0 started successfully.
2025-01-29 13:58:02,038 INFO c.h.h.t.HelmChartContainer - [test-hivemq-platform] [hivemq] [e8d68b9b] INFO  - Starting extension with id "hivemq-appending-foo-extension" at /opt/hivemq/extensions/hivemq-appending-foo-extension
2025-01-29 13:58:02,038 INFO c.h.h.t.HelmChartContainer - [test-hivemq-platform] [hivemq] [e8d68b9b] INFO  - HiveMQ Foo-Appending PublishInboundInterceptor Extension started
2025-01-29 13:58:02,038 INFO c.h.h.t.HelmChartContainer - [test-hivemq-platform] [hivemq] [e8d68b9b] INFO  - Extension "HiveMQ Appending Foo Extension" version 1.0.0 started successfully.
2025-01-29 13:58:02,038 INFO c.h.h.testcontainer.LogWaiterUtil - TEST Found log pattern on 'test-hivemq-platform-0': .*Extension "HiveMQ Appending Foo Extension" version 1.0.0 started successfully.
2025-01-29 13:58:02,038 INFO c.h.h.t.HelmChartContainer - [test-hivemq-platform] [hivemq] [e8d68b9b] INFO  - Starting extension with id "hivemq-prometheus-extension" at /opt/hivemq/extensions/hivemq-prometheus-extension
2025-01-29 13:58:02,229 INFO c.h.h.t.HelmChartContainer - [test-hivemq-platform] [hivemq] [e8d68b9b] INFO  - Using TCP cluster transport on address 10.42.0.9 and port 7000
2025-01-29 13:58:02,235 INFO c.h.h.t.HelmChartContainer - [test-hivemq-platform] [hivemq] [e8d68b9b] INFO  - Using extension cluster discovery
2025-01-29 13:58:03,136 INFO c.h.h.t.HelmChartContainer - [test-hivemq-platform] [hivemq] [e8d68b9b] INFO  - Started Jetty Server exposing Prometheus Servlet on URI http://0.0.0.0:9399/
2025-01-29 13:58:03,136 INFO c.h.h.t.HelmChartContainer - [test-hivemq-platform] [hivemq] [e8d68b9b] INFO  - Extension "Prometheus Monitoring Extension" version 4.0.12 started successfully.
2025-01-29 13:58:03,136 INFO c.h.h.t.HelmChartContainer - [test-hivemq-platform] [hivemq] [e8d68b9b] INFO  - Starting extension with id "hivemq-allow-all-extension" at /opt/hivemq/extensions/hivemq-allow-all-extension
2025-01-29 13:58:03,136 INFO c.h.h.t.HelmChartContainer - [test-hivemq-platform] [hivemq] [e8d68b9b] WARN  - 
2025-01-29 13:58:03,136 INFO c.h.h.t.HelmChartContainer - [test-hivemq-platform] [hivemq] [e8d68b9b] ################################################################################################################
2025-01-29 13:58:03,136 INFO c.h.h.t.HelmChartContainer - [test-hivemq-platform] [hivemq] [e8d68b9b] # This HiveMQ deployment is not secure! You are lacking Authentication and Authorization.                      #
2025-01-29 13:58:03,136 INFO c.h.h.t.HelmChartContainer - [test-hivemq-platform] [hivemq] [e8d68b9b] # Right now any MQTT client can connect to the broker with a full set of permissions.                          #
2025-01-29 13:58:03,136 INFO c.h.h.t.HelmChartContainer - [test-hivemq-platform] [hivemq] [e8d68b9b] # For production usage, add an appropriate security extension and remove the hivemq-allow-all extension.       #
2025-01-29 13:58:03,136 INFO c.h.h.t.HelmChartContainer - [test-hivemq-platform] [hivemq] [e8d68b9b] # You can download security extensions from the HiveMQ Marketplace (https://www.hivemq.com/extensions/).       #
2025-01-29 13:58:03,136 INFO c.h.h.t.HelmChartContainer - [test-hivemq-platform] [hivemq] [e8d68b9b] ################################################################################################################
2025-01-29 13:58:03,136 INFO c.h.h.t.HelmChartContainer - [test-hivemq-platform] [hivemq] [e8d68b9b] INFO  - Extension "Allow All Extension" version 1.1.1 started successfully.
2025-01-29 13:58:03,735 INFO c.h.h.t.HelmChartContainer - [hivemq-test-hivemq-platform] [hivemq-platform-operator] [bb4ebb6c] 13:58:03.732 [pool-6-thread-43] DEBUG c.h.p.o.d.PlatformServiceResource - [helmexte] Desired Platform services (2 services)
2025-01-29 13:58:03,735 INFO c.h.h.t.HelmChartContainer - [hivemq-test-hivemq-platform] [hivemq-platform-operator] [bb4ebb6c] 13:58:03.733 [pool-6-thread-41] DEBUG c.h.p.o.dependants.PodInfoConfigMap - [helmexte] Desired PodInfo ConfigMap (3 extensions) (3 enabled)
2025-01-29 13:58:03,735 INFO c.h.h.t.HelmChartContainer - [hivemq-test-hivemq-platform] [hivemq-platform-operator] [bb4ebb6c] 13:58:03.733 [pool-6-thread-41] DEBUG c.h.p.o.dependants.PodInfoConfigMap - [helmexte] Desired PodInfo ConfigMap (metrics port: 9399) (metrics path: /)
2025-01-29 13:58:03,735 INFO c.h.h.t.HelmChartContainer - [hivemq-test-hivemq-platform] [hivemq-platform-operator] [bb4ebb6c] 13:58:03.733 [pool-6-thread-41] DEBUG c.h.p.o.dependants.PodInfoConfigMap - [helmexte] Desired PodInfo ConfigMap (extension state hash: 687648868)
2025-01-29 13:58:03,738 INFO c.h.h.t.HelmChartContainer - [hivemq-test-hivemq-platform] [hivemq-platform-operator] [bb4ebb6c] 13:58:03.736 [pool-6-thread-42] DEBUG c.h.p.o.d.PodServiceAccountResource - [helmexte] Desired PodServiceAccountResource (serviceAccountName: hivemq-platform-pod-test-hivemq-platform)
2025-01-29 13:58:03,753 INFO c.h.h.t.HelmChartContainer - [hivemq-test-hivemq-platform] [hivemq-platform-operator] [bb4ebb6c] 13:58:03.752 [pool-6-thread-43] DEBUG c.h.p.o.d.StatefulSetResource - [helmexte] Desired StatefulSet (1 replicas) for status STARTING (READY)
2025-01-29 13:58:03,831 INFO c.h.h.t.HelmChartContainer - [hivemq-test-hivemq-platform] [hivemq-platform-operator] [bb4ebb6c] 13:58:03.826 [ReconcilerExecutor-hivemq-controller-112] INFO  c.h.p.o.HiveMQPlatformReconciler - [helmexte] Reconciling HiveMQ Platform 'test-hivemq-platform' in namespace 'helmextensionpriorityit'
2025-01-29 13:58:03,831 INFO c.h.h.t.HelmChartContainer - [hivemq-test-hivemq-platform] [hivemq-platform-operator] [bb4ebb6c] 13:58:03.826 [ReconcilerExecutor-hivemq-controller-112] DEBUG c.h.p.o.HiveMQPlatformReconciler - [helmexte] Custom Resource Status STARTING - HiveMQ Platform is starting (READY)
2025-01-29 13:58:03,831 INFO c.h.h.t.HelmChartContainer - [hivemq-test-hivemq-platform] [hivemq-platform-operator] [bb4ebb6c] 13:58:03.826 [ReconcilerExecutor-hivemq-controller-112] DEBUG c.h.p.o.HiveMQPlatformReconciler - [helmexte] Custom Resource Spec (replicas: 1) (extensions: 3)
2025-01-29 13:58:03,831 INFO c.h.h.t.HelmChartContainer - [hivemq-test-hivemq-platform] [hivemq-platform-operator] [bb4ebb6c] 13:58:03.829 [ReconcilerExecutor-hivemq-controller-112] DEBUG c.h.p.o.HiveMQPlatformReconciler - [helmexte] StatefulSet Status (revision: test-hivemq-platform-6fd78546f5, replicas: 1, available: 0, ready: 0, current: 1, updated: 1)
2025-01-29 13:58:03,831 INFO c.h.h.t.HelmChartContainer - [hivemq-test-hivemq-platform] [hivemq-platform-operator] [bb4ebb6c] 13:58:03.829 [ReconcilerExecutor-hivemq-controller-112] DEBUG c.h.p.o.HiveMQPlatformReconciler - [helmexte] StatefulSet Spec (replicas: 1, init containers: 1, containers: 1, volumes: 3)
2025-01-29 13:58:03,833 INFO c.h.h.t.HelmChartContainer - [hivemq-test-hivemq-platform] [hivemq-platform-operator] [bb4ebb6c] 13:58:03.833 [ReconcilerExecutor-hivemq-controller-112] DEBUG c.h.p.o.h.HiveMQPlatformReconcilerErrorHandler - [helmexte] Pod 'test-hivemq-platform-0' phase Running
2025-01-29 13:58:03,835 INFO c.h.h.t.HelmChartContainer - [hivemq-test-hivemq-platform] [hivemq-platform-operator] [bb4ebb6c] 13:58:03.834 [ReconcilerExecutor-hivemq-controller-112] INFO  c.h.p.o.h.HiveMQPlatformReconcilerBaseHandler - [helmexte] HiveMQ Platform is starting, 0 of 1 replicas are ready
2025-01-29 13:58:03,935 INFO c.h.h.t.HelmChartContainer - [test-hivemq-platform] [hivemq] [e8d68b9b] INFO  - [HiveMQ Platform Operator Init App 1.7.0-SNAPSHOT] Returning Health API response 503 for readiness
2025-01-29 13:58:03,940 INFO c.h.h.t.HelmChartContainer - [EVENT] Warning [Unhealthy] Readiness probe failed: HTTP probe failed with statuscode: 503 [helmextensionpriorityit:test-hivemq-platform-0]
2025-01-29 13:58:03,940 INFO c.h.h.t.HelmChartContainer - Received Unhealthy event for container hivemq in pod test-hivemq-platform-0 [e8d68b9b-24f6-42ad-8aa3-960668620649]
2025-01-29 13:58:05,229 INFO c.h.h.t.HelmChartContainer - [test-hivemq-platform] [hivemq] [e8d68b9b] INFO  - ckHmW: no members discovered after 2303 ms: creating cluster as first member
2025-01-29 13:58:05,234 INFO c.h.h.t.HelmChartContainer - [test-hivemq-platform] [hivemq] [e8d68b9b] INFO  - Cluster nodes found by discovery: [ckHmW|0] (1) [ckHmW].
2025-01-29 13:58:05,252 INFO c.h.h.t.HelmChartContainer - [test-hivemq-platform] [hivemq] [e8d68b9b] WARN  - No user for HiveMQ Control Center configured. Starting with default user
2025-01-29 13:58:05,253 INFO c.h.h.t.HelmChartContainer - [test-hivemq-platform] [hivemq] [e8d68b9b] INFO  - Starting HiveMQ Control Center on address 127.0.0.1 and port 8080
2025-01-29 13:58:05,253 INFO c.h.h.t.HelmChartContainer - [test-hivemq-platform] [hivemq] [e8d68b9b] INFO  - Mounting HiveMQ Control Center V2 Preview
2025-01-29 13:58:05,936 INFO c.h.h.t.HelmChartContainer - [test-hivemq-platform] [hivemq] [e8d68b9b] INFO  - Started HiveMQ Control Center in 684ms
2025-01-29 13:58:05,950 INFO c.h.h.t.HelmChartContainer - [test-hivemq-platform] [hivemq] [e8d68b9b] INFO  - Starting TCP listener on address 0.0.0.0 and port 1884
2025-01-29 13:58:06,037 INFO c.h.h.t.HelmChartContainer - [test-hivemq-platform] [hivemq] [e8d68b9b] INFO  - Started TCP Listener on address 0.0.0.0 and on port 1884.
2025-01-29 13:58:06,037 INFO c.h.h.t.HelmChartContainer - [test-hivemq-platform] [hivemq] [e8d68b9b] INFO  - Started HiveMQ in 30611ms
2025-01-29 13:58:08,542 INFO c.h.h.t.HelmChartContainer - [test-hivemq-platform] [hivemq] [e8d68b9b] INFO  - [HiveMQ Platform Operator Init App 1.7.0-SNAPSHOT] Returning Health API response 200 for readiness
2025-01-29 13:58:08,551 INFO c.h.h.t.HelmChartContainer - [POD] test-hivemq-platform-0 [e8d68b9b-24f6-42ad-8aa3-960668620649] in helmextensionpriorityit was MODIFIED
2025-01-29 13:58:08,569 INFO c.h.h.t.HelmChartContainer - [hivemq-test-hivemq-platform] [hivemq-platform-operator] [bb4ebb6c] 13:58:08.568 [pool-6-thread-3] DEBUG c.h.p.o.d.PlatformServiceResource - [helmexte] Desired Platform services (2 services)
2025-01-29 13:58:08,576 INFO c.h.h.t.HelmChartContainer - [hivemq-test-hivemq-platform] [hivemq-platform-operator] [bb4ebb6c] 13:58:08.573 [pool-6-thread-1] DEBUG c.h.p.o.dependants.PodInfoConfigMap - [helmexte] Desired PodInfo ConfigMap (3 extensions) (3 enabled)
2025-01-29 13:58:08,576 INFO c.h.h.t.HelmChartContainer - [hivemq-test-hivemq-platform] [hivemq-platform-operator] [bb4ebb6c] 13:58:08.573 [pool-6-thread-1] DEBUG c.h.p.o.dependants.PodInfoConfigMap - [helmexte] Desired PodInfo ConfigMap (metrics port: 9399) (metrics path: /)
2025-01-29 13:58:08,576 INFO c.h.h.t.HelmChartContainer - [hivemq-test-hivemq-platform] [hivemq-platform-operator] [bb4ebb6c] 13:58:08.573 [pool-6-thread-1] DEBUG c.h.p.o.dependants.PodInfoConfigMap - [helmexte] Desired PodInfo ConfigMap (extension state hash: 687648868)
2025-01-29 13:58:08,581 INFO c.h.h.t.HelmChartContainer - [hivemq-test-hivemq-platform] [hivemq-platform-operator] [bb4ebb6c] 13:58:08.580 [pool-6-thread-10] DEBUG c.h.p.o.d.PodServiceAccountResource - [helmexte] Desired PodServiceAccountResource (serviceAccountName: hivemq-platform-pod-test-hivemq-platform)
2025-01-29 13:58:08,582 INFO c.h.h.t.HelmChartContainer - [hivemq-test-hivemq-platform] [hivemq-platform-operator] [bb4ebb6c] 13:58:08.581 [pool-6-thread-4] DEBUG c.h.p.o.d.StatefulSetResource - [helmexte] Desired StatefulSet (1 replicas) for status STARTING (READY)
2025-01-29 13:58:08,643 INFO c.h.h.t.HelmChartContainer - [hivemq-test-hivemq-platform] [hivemq-platform-operator] [bb4ebb6c] 13:58:08.641 [ReconcilerExecutor-hivemq-controller-113] INFO  c.h.p.o.HiveMQPlatformReconciler - [helmexte] Reconciling HiveMQ Platform 'test-hivemq-platform' in namespace 'helmextensionpriorityit'
2025-01-29 13:58:08,643 INFO c.h.h.t.HelmChartContainer - [hivemq-test-hivemq-platform] [hivemq-platform-operator] [bb4ebb6c] 13:58:08.641 [ReconcilerExecutor-hivemq-controller-113] DEBUG c.h.p.o.HiveMQPlatformReconciler - [helmexte] Custom Resource Status STARTING - HiveMQ Platform is starting (READY)
2025-01-29 13:58:08,643 INFO c.h.h.t.HelmChartContainer - [hivemq-test-hivemq-platform] [hivemq-platform-operator] [bb4ebb6c] 13:58:08.641 [ReconcilerExecutor-hivemq-controller-113] DEBUG c.h.p.o.HiveMQPlatformReconciler - [helmexte] Custom Resource Spec (replicas: 1) (extensions: 3)
2025-01-29 13:58:08,645 INFO c.h.h.t.HelmChartContainer - [hivemq-test-hivemq-platform] [hivemq-platform-operator] [bb4ebb6c] 13:58:08.643 [ReconcilerExecutor-hivemq-controller-113] DEBUG c.h.p.o.HiveMQPlatformReconciler - [helmexte] StatefulSet Status (revision: test-hivemq-platform-6fd78546f5, replicas: 1, available: 1, ready: 1, current: 1, updated: 1)
2025-01-29 13:58:08,645 INFO c.h.h.t.HelmChartContainer - [hivemq-test-hivemq-platform] [hivemq-platform-operator] [bb4ebb6c] 13:58:08.644 [ReconcilerExecutor-hivemq-controller-113] DEBUG c.h.p.o.HiveMQPlatformReconciler - [helmexte] StatefulSet Spec (replicas: 1, init containers: 1, containers: 1, volumes: 3)
2025-01-29 13:58:08,646 INFO c.h.h.t.HelmChartContainer - [hivemq-test-hivemq-platform] [hivemq-platform-operator] [bb4ebb6c] 13:58:08.645 [ReconcilerExecutor-hivemq-controller-113] DEBUG c.h.p.o.h.HiveMQPlatformReconcilerErrorHandler - [helmexte] Pod 'test-hivemq-platform-0' phase Running
2025-01-29 13:58:08,647 INFO c.h.h.t.HelmChartContainer - [hivemq-test-hivemq-platform] [hivemq-platform-operator] [bb4ebb6c] 13:58:08.646 [ReconcilerExecutor-hivemq-controller-113] INFO  c.h.p.o.h.HiveMQPlatformReconcilerBaseHandler - [helmexte] HiveMQ Platform started successfully
2025-01-29 13:58:08,662 INFO c.h.h.t.HelmChartContainer - [hivemq-test-hivemq-platform] [hivemq-platform-operator] [bb4ebb6c] 13:58:08.661 [ReconcilerExecutor-hivemq-controller-113] DEBUG c.h.p.operator.event.EventSender - [helmexte] Creating K8s event hivemq-platform-ready: [Ready] HiveMQ Platform is ready
2025-01-29 13:58:08,665 INFO c.h.h.t.HelmChartContainer - [EVENT] Normal [Ready] HiveMQ Platform is ready [helmextensionpriorityit:test-hivemq-platform]
2025-01-29 13:58:08,745 INFO c.h.h.t.HelmChartContainer - [hivemq-test-hivemq-platform] [hivemq-platform-operator] [bb4ebb6c] 13:58:08.742 [ReconcilerExecutor-hivemq-controller-113] INFO  c.h.p.o.h.AbstractHiveMQReconcilerStateHandler - [helmexte] Update HiveMQ Platform Status (STARTING [READY] -> RUNNING [READY]): HiveMQ Platform is ready
2025-01-29 13:58:08,752 DEBUG com.hivemq.helmcharts.util.K8sUtil - Comparing actual state 'RUNNING' and waiting for 'RUNNING'
2025-01-29 13:58:08,766 INFO c.h.h.t.HelmChartContainer - [hivemq-test-hivemq-platform] [hivemq-platform-operator] [bb4ebb6c] 13:58:08.763 [pool-6-thread-19] DEBUG c.h.p.o.d.PlatformServiceResource - [helmexte] Desired Platform services (2 services)
2025-01-29 13:58:08,844 INFO c.h.h.t.HelmChartContainer - [hivemq-test-hivemq-platform] [hivemq-platform-operator] [bb4ebb6c] 13:58:08.841 [pool-6-thread-13] DEBUG c.h.p.o.dependants.PodInfoConfigMap - [helmexte] Desired PodInfo ConfigMap (3 extensions) (3 enabled)
2025-01-29 13:58:08,844 INFO c.h.h.t.HelmChartContainer - [hivemq-test-hivemq-platform] [hivemq-platform-operator] [bb4ebb6c] 13:58:08.842 [pool-6-thread-13] DEBUG c.h.p.o.dependants.PodInfoConfigMap - [helmexte] Desired PodInfo ConfigMap (metrics port: 9399) (metrics path: /)
2025-01-29 13:58:08,844 INFO c.h.h.t.HelmChartContainer - [hivemq-test-hivemq-platform] [hivemq-platform-operator] [bb4ebb6c] 13:58:08.842 [pool-6-thread-13] DEBUG c.h.p.o.dependants.PodInfoConfigMap - [helmexte] Desired PodInfo ConfigMap (extension state hash: 687648868)
2025-01-29 13:58:08,844 INFO c.h.h.t.HelmChartContainer - [hivemq-test-hivemq-platform] [hivemq-platform-operator] [bb4ebb6c] 13:58:08.842 [pool-6-thread-13] DEBUG c.h.p.o.dependants.PodInfoConfigMap - [helmexte] Update PodInfo ConfigMap
2025-01-29 13:58:08,847 INFO c.h.h.t.HelmChartContainer - [hivemq-test-hivemq-platform] [hivemq-platform-operator] [bb4ebb6c] 13:58:08.846 [pool-6-thread-18] DEBUG c.h.p.o.d.PodServiceAccountResource - [helmexte] Desired PodServiceAccountResource (serviceAccountName: hivemq-platform-pod-test-hivemq-platform)
2025-01-29 13:58:08,859 INFO c.h.h.t.HelmChartContainer - [hivemq-test-hivemq-platform] [hivemq-platform-operator] [bb4ebb6c] 13:58:08.855 [pool-6-thread-13] DEBUG c.h.p.o.d.StatefulSetResource - [helmexte] Desired StatefulSet (1 replicas) for status RUNNING (READY)
2025-01-29 13:58:08,943 INFO c.h.h.t.HelmChartContainer - [hivemq-test-hivemq-platform] [hivemq-platform-operator] [bb4ebb6c] 13:58:08.941 [ReconcilerExecutor-hivemq-controller-114] INFO  c.h.p.o.HiveMQPlatformReconciler - [helmexte] Reconciling HiveMQ Platform 'test-hivemq-platform' in namespace 'helmextensionpriorityit'
2025-01-29 13:58:08,943 INFO c.h.h.t.HelmChartContainer - [hivemq-test-hivemq-platform] [hivemq-platform-operator] [bb4ebb6c] 13:58:08.942 [ReconcilerExecutor-hivemq-controller-114] DEBUG c.h.p.o.HiveMQPlatformReconciler - [helmexte] Custom Resource Status RUNNING - HiveMQ Platform is ready (READY)
2025-01-29 13:58:08,943 INFO c.h.h.t.HelmChartContainer - [hivemq-test-hivemq-platform] [hivemq-platform-operator] [bb4ebb6c] 13:58:08.942 [ReconcilerExecutor-hivemq-controller-114] DEBUG c.h.p.o.HiveMQPlatformReconciler - [helmexte] Custom Resource Spec (replicas: 1) (extensions: 3)
2025-01-29 13:58:08,946 INFO c.h.h.t.HelmChartContainer - [hivemq-test-hivemq-platform] [hivemq-platform-operator] [bb4ebb6c] 13:58:08.945 [ReconcilerExecutor-hivemq-controller-114] DEBUG c.h.p.o.HiveMQPlatformReconciler - [helmexte] StatefulSet Status (revision: test-hivemq-platform-6fd78546f5, replicas: 1, available: 1, ready: 1, current: 1, updated: 1)
2025-01-29 13:58:08,946 INFO c.h.h.t.HelmChartContainer - [hivemq-test-hivemq-platform] [hivemq-platform-operator] [bb4ebb6c] 13:58:08.945 [ReconcilerExecutor-hivemq-controller-114] DEBUG c.h.p.o.HiveMQPlatformReconciler - [helmexte] StatefulSet Spec (replicas: 1, init containers: 1, containers: 1, volumes: 3)
2025-01-29 13:58:08,948 INFO c.h.h.t.HelmChartContainer - [hivemq-test-hivemq-platform] [hivemq-platform-operator] [bb4ebb6c] 13:58:08.948 [ReconcilerExecutor-hivemq-controller-114] DEBUG c.h.p.o.h.HiveMQPlatformReconcilerErrorHandler - [helmexte] Pod 'test-hivemq-platform-0' phase Running
2025-01-29 13:58:18,953 INFO c.h.h.t.HelmChartContainer - [hivemq-test-hivemq-platform] [hivemq-platform-operator] [bb4ebb6c] 13:58:18.952 [pool-6-thread-28] DEBUG c.h.p.o.d.PlatformServiceResource - [helmexte] Desired Platform services (2 services)
2025-01-29 13:58:18,954 INFO c.h.h.t.HelmChartContainer - [hivemq-test-hivemq-platform] [hivemq-platform-operator] [bb4ebb6c] 13:58:18.952 [pool-6-thread-23] DEBUG c.h.p.o.dependants.PodInfoConfigMap - [helmexte] Desired PodInfo ConfigMap (3 extensions) (3 enabled)
2025-01-29 13:58:18,955 INFO c.h.h.t.HelmChartContainer - [hivemq-test-hivemq-platform] [hivemq-platform-operator] [bb4ebb6c] 13:58:18.952 [pool-6-thread-23] DEBUG c.h.p.o.dependants.PodInfoConfigMap - [helmexte] Desired PodInfo ConfigMap (metrics port: 9399) (metrics path: /)
2025-01-29 13:58:18,955 INFO c.h.h.t.HelmChartContainer - [hivemq-test-hivemq-platform] [hivemq-platform-operator] [bb4ebb6c] 13:58:18.952 [pool-6-thread-23] DEBUG c.h.p.o.dependants.PodInfoConfigMap - [helmexte] Desired PodInfo ConfigMap (extension state hash: 687648868)
2025-01-29 13:58:18,955 INFO c.h.h.t.HelmChartContainer - [hivemq-test-hivemq-platform] [hivemq-platform-operator] [bb4ebb6c] 13:58:18.954 [pool-6-thread-26] DEBUG c.h.p.o.d.PodServiceAccountResource - [helmexte] Desired PodServiceAccountResource (serviceAccountName: hivemq-platform-pod-test-hivemq-platform)
2025-01-29 13:58:18,959 INFO c.h.h.t.HelmChartContainer - [hivemq-test-hivemq-platform] [hivemq-platform-operator] [bb4ebb6c] 13:58:18.959 [pool-6-thread-28] DEBUG c.h.p.o.d.StatefulSetResource - [helmexte] Desired StatefulSet (1 replicas) for status RUNNING (READY)
2025-01-29 13:58:18,964 INFO c.h.h.t.HelmChartContainer - [hivemq-test-hivemq-platform] [hivemq-platform-operator] [bb4ebb6c] 13:58:18.962 [ReconcilerExecutor-hivemq-controller-115] INFO  c.h.p.o.HiveMQPlatformReconciler - [helmexte] Reconciling HiveMQ Platform 'test-hivemq-platform' in namespace 'helmextensionpriorityit'
2025-01-29 13:58:18,965 INFO c.h.h.t.HelmChartContainer - [hivemq-test-hivemq-platform] [hivemq-platform-operator] [bb4ebb6c] 13:58:18.962 [ReconcilerExecutor-hivemq-controller-115] DEBUG c.h.p.o.HiveMQPlatformReconciler - [helmexte] Custom Resource Status RUNNING - HiveMQ Platform is ready (READY)
2025-01-29 13:58:18,966 INFO c.h.h.t.HelmChartContainer - [hivemq-test-hivemq-platform] [hivemq-platform-operator] [bb4ebb6c] 13:58:18.963 [ReconcilerExecutor-hivemq-controller-115] DEBUG c.h.p.o.HiveMQPlatformReconciler - [helmexte] Custom Resource Spec (replicas: 1) (extensions: 3)
2025-01-29 13:58:18,967 INFO c.h.h.t.HelmChartContainer - [hivemq-test-hivemq-platform] [hivemq-platform-operator] [bb4ebb6c] 13:58:18.965 [ReconcilerExecutor-hivemq-controller-115] DEBUG c.h.p.o.HiveMQPlatformReconciler - [helmexte] StatefulSet Status (revision: test-hivemq-platform-6fd78546f5, replicas: 1, available: 1, ready: 1, current: 1, updated: 1)
2025-01-29 13:58:18,967 INFO c.h.h.t.HelmChartContainer - [hivemq-test-hivemq-platform] [hivemq-platform-operator] [bb4ebb6c] 13:58:18.965 [ReconcilerExecutor-hivemq-controller-115] DEBUG c.h.p.o.HiveMQPlatformReconciler - [helmexte] StatefulSet Spec (replicas: 1, init containers: 1, containers: 1, volumes: 3)
2025-01-29 13:58:18,968 INFO c.h.h.t.HelmChartContainer - [hivemq-test-hivemq-platform] [hivemq-platform-operator] [bb4ebb6c] 13:58:18.967 [ReconcilerExecutor-hivemq-controller-115] DEBUG c.h.p.o.h.HiveMQPlatformReconcilerErrorHandler - [helmexte] Pod 'test-hivemq-platform-0' phase Running
2025-01-29 13:58:19,539 INFO c.h.h.e.HelmExtensionPriorityIT - Client subscribed
2025-01-29 13:58:19,544 INFO c.h.h.e.HelmExtensionPriorityIT - Client published
2025-01-29 13:58:19,616 INFO c.h.h.t.HelmChartContainer - [test-hivemq-platform] [hivemq] [e8d68b9b] INFO  - [AppendingFooPublishInboundInterceptorExtensionMain] Modifying payload: test -> test-foo
2025-01-29 13:58:19,616 INFO c.h.h.t.HelmChartContainer - [test-hivemq-platform] [hivemq] [e8d68b9b] INFO  - [AppendingBarPublishInboundInterceptorExtensionMain] Modifying payload: test-foo -> test-foo-bar
2025-01-29 13:58:19,616 INFO c.h.h.t.HelmChartContainer - [test-hivemq-platform] [hivemq] [e8d68b9b] INFO  - [AppendingBazPublishInboundInterceptorExtensionMain] Modifying payload: test-foo-bar -> test-foo-bar-baz
2025-01-29 13:58:19,645 INFO c.h.h.e.HelmExtensionPriorityIT - Message received by Client
2025-01-29 13:58:21,663 INFO c.h.h.t.HelmChartContainer - Uninstalling release 'test-hivemq-platform' in namespace 'helmextensionpriorityit'...
2025-01-29 13:58:21,663 DEBUG c.h.h.t.HelmChartContainer - Executing helm command: /bin/helm --kubeconfig /etc/rancher/k3s/k3s.yaml uninstall test-hivemq-platform  --wait --timeout 5m0s --cascade foreground --namespace helmextensionpriorityit
2025-01-29 13:58:21,857 INFO c.h.h.t.HelmChartContainer - [hivemq-test-hivemq-platform] [hivemq-platform-operator] [bb4ebb6c] 13:58:21.851 [pool-6-thread-31] DEBUG c.h.p.o.d.PlatformServiceResource - [helmexte] Desired Platform services (2 services)
2025-01-29 13:58:21,862 INFO c.h.h.t.HelmChartContainer - [hivemq-test-hivemq-platform] [hivemq-platform-operator] [bb4ebb6c] 13:58:21.858 [pool-6-thread-38] DEBUG c.h.p.o.dependants.PodInfoConfigMap - [helmexte] Desired PodInfo ConfigMap (3 extensions) (3 enabled)
2025-01-29 13:58:21,862 INFO c.h.h.t.HelmChartContainer - [hivemq-test-hivemq-platform] [hivemq-platform-operator] [bb4ebb6c] 13:58:21.858 [pool-6-thread-38] DEBUG c.h.p.o.dependants.PodInfoConfigMap - [helmexte] Desired PodInfo ConfigMap (metrics port: 9399) (metrics path: /)
2025-01-29 13:58:21,862 INFO c.h.h.t.HelmChartContainer - [hivemq-test-hivemq-platform] [hivemq-platform-operator] [bb4ebb6c] 13:58:21.858 [pool-6-thread-38] DEBUG c.h.p.o.dependants.PodInfoConfigMap - [helmexte] Desired PodInfo ConfigMap (extension state hash: 687648868)
2025-01-29 13:58:21,862 INFO c.h.h.t.HelmChartContainer - [hivemq-test-hivemq-platform] [hivemq-platform-operator] [bb4ebb6c] 13:58:21.858 [pool-6-thread-38] DEBUG c.h.p.o.d.PodServiceAccountResource - [helmexte] Desired PodServiceAccountResource (serviceAccountName: hivemq-platform-pod-test-hivemq-platform)
2025-01-29 13:58:21,932 INFO c.h.h.t.HelmChartContainer - [hivemq-test-hivemq-platform] [hivemq-platform-operator] [bb4ebb6c] 13:58:21.931 [pool-6-thread-38] DEBUG c.h.p.o.d.StatefulSetResource - [helmexte] Desired StatefulSet (1 replicas) for status RUNNING (READY)
2025-01-29 13:58:22,026 INFO c.h.h.t.HelmChartContainer - [hivemq-test-hivemq-platform] [hivemq-platform-operator] [bb4ebb6c] 13:58:22.025 [pool-6-thread-38] DEBUG c.h.p.o.d.StatefulSetResource - [helmexte] Update StatefulSet (replicas: 1 -> 1)
2025-01-29 13:58:22,028 INFO c.h.h.t.HelmChartContainer - [hivemq-test-hivemq-platform] [hivemq-platform-operator] [bb4ebb6c] 13:58:22.027 [pool-6-thread-38] DEBUG c.h.p.o.d.StatefulSetResource - [helmexte] Detected change in StatefulSet specification (path: /template/metadata/annotations/kubernetes-resource-versions) (actual value: {broker-configuration-v2=319910904}) (target value: {broker-configuration-v2=0})
2025-01-29 13:58:22,029 INFO c.h.h.t.HelmChartContainer - [hivemq-test-hivemq-platform] [hivemq-platform-operator] [bb4ebb6c] 13:58:22.027 [pool-6-thread-38] INFO  c.h.p.o.d.StatefulSetResource - [helmexte] StatefulSet spec was updated, triggering rolling restart
2025-01-29 13:58:22,126 INFO c.h.h.t.HelmChartContainer - [hivemq-test-hivemq-platform] [hivemq-platform-operator] [bb4ebb6c] 13:58:22.123 [ReconcilerExecutor-hivemq-controller-116] INFO  c.h.p.o.HiveMQPlatformReconciler - [helmexte] Reconciling HiveMQ Platform 'test-hivemq-platform' in namespace 'helmextensionpriorityit'
2025-01-29 13:58:22,127 INFO c.h.h.t.HelmChartContainer - [hivemq-test-hivemq-platform] [hivemq-platform-operator] [bb4ebb6c] 13:58:22.124 [ReconcilerExecutor-hivemq-controller-116] DEBUG c.h.p.o.HiveMQPlatformReconciler - [helmexte] Custom Resource Status RUNNING - HiveMQ Platform is ready (READY) (reconciliation requests: REQUESTS_UPDATED, ROLLING_RESTART)
2025-01-29 13:58:22,127 INFO c.h.h.t.HelmChartContainer - [hivemq-test-hivemq-platform] [hivemq-platform-operator] [bb4ebb6c] 13:58:22.124 [ReconcilerExecutor-hivemq-controller-116] DEBUG c.h.p.o.HiveMQPlatformReconciler - [helmexte] Custom Resource Spec (replicas: 1) (extensions: 3)
2025-01-29 13:58:22,127 INFO c.h.h.t.HelmChartContainer - [hivemq-test-hivemq-platform] [hivemq-platform-operator] [bb4ebb6c] 13:58:22.124 [ReconcilerExecutor-hivemq-controller-116] WARN  c.h.p.o.h.HiveMQPlatformReconcilerErrorHandler - [helmexte] Could not find ConfigMap 'hivemq-configuration-test-hivemq-platform' for HiveMQ Platform configuration
2025-01-29 13:58:22,143 INFO c.h.h.t.HelmChartContainer - [hivemq-test-hivemq-platform] [hivemq-platform-operator] [bb4ebb6c] 13:58:22.142 [ReconcilerExecutor-hivemq-controller-116] DEBUG c.h.p.operator.event.EventSender - [helmexte] Creating K8s event hivemq-platform-invalid-configuration: [Start] Could not find ConfigMap 'hivemq-configuration-test-hivemq-platform' for HiveMQ Platform configuration
2025-01-29 13:58:22,148 INFO c.h.h.t.HelmChartContainer - [EVENT] Warning [Start] Could not find ConfigMap 'hivemq-configuration-test-hivemq-platform' for HiveMQ Platform configuration [helmextensionpriorityit:test-hivemq-platform]
2025-01-29 13:58:22,150 INFO c.h.h.t.HelmChartContainer - [hivemq-test-hivemq-platform] [hivemq-platform-operator] [bb4ebb6c] 13:58:22.149 [ReconcilerExecutor-hivemq-controller-116] INFO  c.h.p.o.h.AbstractHiveMQReconcilerStateHandler - [helmexte] Update HiveMQ Platform Status (RUNNING [READY] -> ERROR [INVALID_CONFIG_MAP]): Could not find ConfigMap 'hivemq-configuration-test-hivemq-platform' for HiveMQ Platform configuration (reconciliation requests: ROLLING_RESTART)
2025-01-29 13:58:22,238 INFO c.h.h.t.HelmChartContainer - [hivemq-test-hivemq-platform] [hivemq-platform-operator] [bb4ebb6c] 13:58:22.234 [ReconcilerExecutor-hivemq-controller-116] ERROR i.j.o.p.event.EventProcessor - Error during event processing ExecutionScope{ resource id: ResourceID{name='test-hivemq-platform', namespace='helmextensionpriorityit'}, version: 880}
2025-01-29 13:58:22,238 INFO c.h.h.t.HelmChartContainer - [hivemq-test-hivemq-platform] [hivemq-platform-operator] [bb4ebb6c] io.fabric8.kubernetes.client.KubernetesClientException: Failure executing: PUT at: https://10.43.0.1:443/apis/hivemq.com/v1/namespaces/helmextensionpriorityit/hivemq-platforms/test-hivemq-platform/status. Message: Operation cannot be fulfilled on hivemq-platforms.hivemq.com "test-hivemq-platform": the object has been modified; please apply your changes to the latest version and try again. Received status: Status(apiVersion=v1, code=409, details=StatusDetails(causes=[], group=hivemq.com, kind=hivemq-platforms, name=test-hivemq-platform, retryAfterSeconds=null, uid=null, additionalProperties={}), kind=Status, message=Operation cannot be fulfilled on hivemq-platforms.hivemq.com "test-hivemq-platform": the object has been modified; please apply your changes to the latest version and try again, metadata=ListMeta(_continue=null, remainingItemCount=null, resourceVersion=null, selfLink=null, additionalProperties={}), reason=Conflict, status=Failure, additionalProperties={}).
2025-01-29 13:58:22,238 INFO c.h.h.t.HelmChartContainer - [hivemq-test-hivemq-platform] [hivemq-platform-operator] [bb4ebb6c] 	at io.fabric8.kubernetes.client.KubernetesClientException.copyAsCause(KubernetesClientException.java:238)
2025-01-29 13:58:22,238 INFO c.h.h.t.HelmChartContainer - [hivemq-test-hivemq-platform] [hivemq-platform-operator] [bb4ebb6c] 	at io.fabric8.kubernetes.client.dsl.internal.OperationSupport.waitForResult(OperationSupport.java:507)
2025-01-29 13:58:22,238 INFO c.h.h.t.HelmChartContainer - [hivemq-test-hivemq-platform] [hivemq-platform-operator] [bb4ebb6c] 	at io.fabric8.kubernetes.client.dsl.internal.OperationSupport.handleResponse(OperationSupport.java:524)
2025-01-29 13:58:22,238 INFO c.h.h.t.HelmChartContainer - [hivemq-test-hivemq-platform] [hivemq-platform-operator] [bb4ebb6c] 	at io.fabric8.kubernetes.client.dsl.internal.OperationSupport.handleUpdate(OperationSupport.java:358)
2025-01-29 13:58:22,238 INFO c.h.h.t.HelmChartContainer - [hivemq-test-hivemq-platform] [hivemq-platform-operator] [bb4ebb6c] 	at io.fabric8.kubernetes.client.dsl.internal.BaseOperation.handleUpdate(BaseOperation.java:759)
2025-01-29 13:58:22,238 INFO c.h.h.t.HelmChartContainer - [hivemq-test-hivemq-platform] [hivemq-platform-operator] [bb4ebb6c] 	at io.fabric8.kubernetes.client.dsl.internal.HasMetadataOperation.update(HasMetadataOperation.java:138)
2025-01-29 13:58:22,238 INFO c.h.h.t.HelmChartContainer - [hivemq-test-hivemq-platform] [hivemq-platform-operator] [bb4ebb6c] 	at io.fabric8.kubernetes.client.dsl.internal.HasMetadataOperation.update(HasMetadataOperation.java:121)
2025-01-29 13:58:22,238 INFO c.h.h.t.HelmChartContainer - [hivemq-test-hivemq-platform] [hivemq-platform-operator] [bb4ebb6c] 	at io.fabric8.kubernetes.client.dsl.internal.HasMetadataOperation.updateStatus(HasMetadataOperation.java:126)
2025-01-29 13:58:22,238 INFO c.h.h.t.HelmChartContainer - [hivemq-test-hivemq-platform] [hivemq-platform-operator] [bb4ebb6c] 	at io.fabric8.kubernetes.client.dsl.internal.HasMetadataOperation.updateStatus(HasMetadataOperation.java:44)
2025-01-29 13:58:22,238 INFO c.h.h.t.HelmChartContainer - [hivemq-test-hivemq-platform] [hivemq-platform-operator] [bb4ebb6c] 	at io.javaoperatorsdk.operator.processing.event.ReconciliationDispatcher$CustomResourceFacade.updateStatus(ReconciliationDispatcher.java:408)
2025-01-29 13:58:22,238 INFO c.h.h.t.HelmChartContainer - [hivemq-test-hivemq-platform] [hivemq-platform-operator] [bb4ebb6c] 	at io.javaoperatorsdk.operator.processing.event.ReconciliationDispatcher.updateStatusGenerationAware(ReconciliationDispatcher.java:228)
2025-01-29 13:58:22,238 INFO c.h.h.t.HelmChartContainer - [hivemq-test-hivemq-platform] [hivemq-platform-operator] [bb4ebb6c] 	at io.javaoperatorsdk.operator.processing.event.ReconciliationDispatcher.reconcileExecution(ReconciliationDispatcher.java:150)
2025-01-29 13:58:22,238 INFO c.h.h.t.HelmChartContainer - [hivemq-test-hivemq-platform] [hivemq-platform-operator] [bb4ebb6c] 	at io.javaoperatorsdk.operator.processing.event.ReconciliationDispatcher.handleReconcile(ReconciliationDispatcher.java:117)
2025-01-29 13:58:22,238 INFO c.h.h.t.HelmChartContainer - [hivemq-test-hivemq-platform] [hivemq-platform-operator] [bb4ebb6c] 	at io.javaoperatorsdk.operator.processing.event.ReconciliationDispatcher.handleDispatch(ReconciliationDispatcher.java:91)
2025-01-29 13:58:22,238 INFO c.h.h.t.HelmChartContainer - [hivemq-test-hivemq-platform] [hivemq-platform-operator] [bb4ebb6c] 	at io.javaoperatorsdk.operator.processing.event.ReconciliationDispatcher.handleExecution(ReconciliationDispatcher.java:64)
2025-01-29 13:58:22,238 INFO c.h.h.t.HelmChartContainer - [hivemq-test-hivemq-platform] [hivemq-platform-operator] [bb4ebb6c] 	at io.javaoperatorsdk.operator.processing.event.EventProcessor$ReconcilerExecutor.run(EventProcessor.java:452)
2025-01-29 13:58:22,238 INFO c.h.h.t.HelmChartContainer - [hivemq-test-hivemq-platform] [hivemq-platform-operator] [bb4ebb6c] 	at java.base/java.util.concurrent.ThreadPoolExecutor.runWorker(Unknown Source)
2025-01-29 13:58:22,238 INFO c.h.h.t.HelmChartContainer - [hivemq-test-hivemq-platform] [hivemq-platform-operator] [bb4ebb6c] 	at java.base/java.util.concurrent.ThreadPoolExecutor$Worker.run(Unknown Source)
2025-01-29 13:58:22,238 INFO c.h.h.t.HelmChartContainer - [hivemq-test-hivemq-platform] [hivemq-platform-operator] [bb4ebb6c] 	at java.base/java.lang.Thread.run(Unknown Source)
2025-01-29 13:58:22,238 INFO c.h.h.t.HelmChartContainer - [hivemq-test-hivemq-platform] [hivemq-platform-operator] [bb4ebb6c] Caused by: io.fabric8.kubernetes.client.KubernetesClientException: Failure executing: PUT at: https://10.43.0.1:443/apis/hivemq.com/v1/namespaces/helmextensionpriorityit/hivemq-platforms/test-hivemq-platform/status. Message: Operation cannot be fulfilled on hivemq-platforms.hivemq.com "test-hivemq-platform": the object has been modified; please apply your changes to the latest version and try again. Received status: Status(apiVersion=v1, code=409, details=StatusDetails(causes=[], group=hivemq.com, kind=hivemq-platforms, name=test-hivemq-platform, retryAfterSeconds=null, uid=null, additionalProperties={}), kind=Status, message=Operation cannot be fulfilled on hivemq-platforms.hivemq.com "test-hivemq-platform": the object has been modified; please apply your changes to the latest version and try again, metadata=ListMeta(_continue=null, remainingItemCount=null, resourceVersion=null, selfLink=null, additionalProperties={}), reason=Conflict, status=Failure, additionalProperties={}).
2025-01-29 13:58:22,238 INFO c.h.h.t.HelmChartContainer - [hivemq-test-hivemq-platform] [hivemq-platform-operator] [bb4ebb6c] 	at io.fabric8.kubernetes.client.dsl.internal.OperationSupport.requestFailure(OperationSupport.java:660)
2025-01-29 13:58:22,238 INFO c.h.h.t.HelmChartContainer - [hivemq-test-hivemq-platform] [hivemq-platform-operator] [bb4ebb6c] 	at io.fabric8.kubernetes.client.dsl.internal.OperationSupport.requestFailure(OperationSupport.java:640)
2025-01-29 13:58:22,238 INFO c.h.h.t.HelmChartContainer - [hivemq-test-hivemq-platform] [hivemq-platform-operator] [bb4ebb6c] 	at io.fabric8.kubernetes.client.dsl.internal.OperationSupport.assertResponseCode(OperationSupport.java:589)
2025-01-29 13:58:22,238 INFO c.h.h.t.HelmChartContainer - [hivemq-test-hivemq-platform] [hivemq-platform-operator] [bb4ebb6c] 	at io.fabric8.kubernetes.client.dsl.internal.OperationSupport.lambda$handleResponse$0(OperationSupport.java:549)
2025-01-29 13:58:22,238 INFO c.h.h.t.HelmChartContainer - [hivemq-test-hivemq-platform] [hivemq-platform-operator] [bb4ebb6c] 	at java.base/java.util.concurrent.CompletableFuture$UniApply.tryFire(Unknown Source)
2025-01-29 13:58:22,238 INFO c.h.h.t.HelmChartContainer - [hivemq-test-hivemq-platform] [hivemq-platform-operator] [bb4ebb6c] 	at java.base/java.util.concurrent.CompletableFuture.postComplete(Unknown Source)
2025-01-29 13:58:22,238 INFO c.h.h.t.HelmChartContainer - [hivemq-test-hivemq-platform] [hivemq-platform-operator] [bb4ebb6c] 	at java.base/java.util.concurrent.CompletableFuture.complete(Unknown Source)
2025-01-29 13:58:22,238 INFO c.h.h.t.HelmChartContainer - [hivemq-test-hivemq-platform] [hivemq-platform-operator] [bb4ebb6c] 	at io.fabric8.kubernetes.client.http.StandardHttpClient.lambda$completeOrCancel$10(StandardHttpClient.java:141)
2025-01-29 13:58:22,238 INFO c.h.h.t.HelmChartContainer - [hivemq-test-hivemq-platform] [hivemq-platform-operator] [bb4ebb6c] 	at java.base/java.util.concurrent.CompletableFuture.uniWhenComplete(Unknown Source)
2025-01-29 13:58:22,238 INFO c.h.h.t.HelmChartContainer - [hivemq-test-hivemq-platform] [hivemq-platform-operator] [bb4ebb6c] 	at java.base/java.util.concurrent.CompletableFuture$UniWhenComplete.tryFire(Unknown Source)
2025-01-29 13:58:22,238 INFO c.h.h.t.HelmChartContainer - [hivemq-test-hivemq-platform] [hivemq-platform-operator] [bb4ebb6c] 	at java.base/java.util.concurrent.CompletableFuture.postComplete(Unknown Source)
2025-01-29 13:58:22,238 INFO c.h.h.t.HelmChartContainer - [hivemq-test-hivemq-platform] [hivemq-platform-operator] [bb4ebb6c] 	at java.base/java.util.concurrent.CompletableFuture.complete(Unknown Source)
2025-01-29 13:58:22,238 INFO c.h.h.t.HelmChartContainer - [hivemq-test-hivemq-platform] [hivemq-platform-operator] [bb4ebb6c] 	at io.fabric8.kubernetes.client.http.ByteArrayBodyHandler.onBodyDone(ByteArrayBodyHandler.java:51)
2025-01-29 13:58:22,238 INFO c.h.h.t.HelmChartContainer - [hivemq-test-hivemq-platform] [hivemq-platform-operator] [bb4ebb6c] 	at java.base/java.util.concurrent.CompletableFuture.uniWhenComplete(Unknown Source)
2025-01-29 13:58:22,238 INFO c.h.h.t.HelmChartContainer - [hivemq-test-hivemq-platform] [hivemq-platform-operator] [bb4ebb6c] 	at java.base/java.util.concurrent.CompletableFuture$UniWhenComplete.tryFire(Unknown Source)
2025-01-29 13:58:22,239 INFO c.h.h.t.HelmChartContainer - [hivemq-test-hivemq-platform] [hivemq-platform-operator] [bb4ebb6c] 	at java.base/java.util.concurrent.CompletableFuture.postComplete(Unknown Source)
2025-01-29 13:58:22,239 INFO c.h.h.t.HelmChartContainer - [hivemq-test-hivemq-platform] [hivemq-platform-operator] [bb4ebb6c] 	at java.base/java.util.concurrent.CompletableFuture.complete(Unknown Source)
2025-01-29 13:58:22,239 INFO c.h.h.t.HelmChartContainer - [hivemq-test-hivemq-platform] [hivemq-platform-operator] [bb4ebb6c] 	at io.fabric8.kubernetes.client.vertx.VertxHttpRequest.lambda$null$1(VertxHttpRequest.java:121)
2025-01-29 13:58:22,239 INFO c.h.h.t.HelmChartContainer - [hivemq-test-hivemq-platform] [hivemq-platform-operator] [bb4ebb6c] 	at io.vertx.core.impl.ContextInternal.dispatch(ContextInternal.java:279)
2025-01-29 13:58:22,239 INFO c.h.h.t.HelmChartContainer - [hivemq-test-hivemq-platform] [hivemq-platform-operator] [bb4ebb6c] 	at io.vertx.core.impl.ContextInternal.dispatch(ContextInternal.java:261)
2025-01-29 13:58:22,239 INFO c.h.h.t.HelmChartContainer - [hivemq-test-hivemq-platform] [hivemq-platform-operator] [bb4ebb6c] 	at io.vertx.core.http.impl.HttpEventHandler.handleEnd(HttpEventHandler.java:76)
2025-01-29 13:58:22,239 INFO c.h.h.t.HelmChartContainer - [hivemq-test-hivemq-platform] [hivemq-platform-operator] [bb4ebb6c] 	at io.vertx.core.http.impl.HttpClientResponseImpl.handleEnd(HttpClientResponseImpl.java:250)
2025-01-29 13:58:22,239 INFO c.h.h.t.HelmChartContainer - [hivemq-test-hivemq-platform] [hivemq-platform-operator] [bb4ebb6c] 	at io.vertx.core.http.impl.Http1xClientConnection$StreamImpl.lambda$new$0(Http1xClientConnection.java:421)
2025-01-29 13:58:22,239 INFO c.h.h.t.HelmChartContainer - [hivemq-test-hivemq-platform] [hivemq-platform-operator] [bb4ebb6c] 	at io.vertx.core.streams.impl.InboundBuffer.handleEvent(InboundBuffer.java:279)
2025-01-29 13:58:22,239 INFO c.h.h.t.HelmChartContainer - [hivemq-test-hivemq-platform] [hivemq-platform-operator] [bb4ebb6c] 	at io.vertx.core.streams.impl.InboundBuffer.write(InboundBuffer.java:157)
2025-01-29 13:58:22,239 INFO c.h.h.t.HelmChartContainer - [hivemq-test-hivemq-platform] [hivemq-platform-operator] [bb4ebb6c] 	at io.vertx.core.http.impl.Http1xClientConnection$StreamImpl.handleEnd(Http1xClientConnection.java:709)
2025-01-29 13:58:22,240 INFO c.h.h.t.HelmChartContainer - [hivemq-test-hivemq-platform] [hivemq-platform-operator] [bb4ebb6c] 	at io.vertx.core.impl.ContextImpl.execute(ContextImpl.java:313)
2025-01-29 13:58:22,240 INFO c.h.h.t.HelmChartContainer - [hivemq-test-hivemq-platform] [hivemq-platform-operator] [bb4ebb6c] 	at io.vertx.core.impl.ContextImpl.execute(ContextImpl.java:293)
2025-01-29 13:58:22,240 INFO c.h.h.t.HelmChartContainer - [hivemq-test-hivemq-platform] [hivemq-platform-operator] [bb4ebb6c] 	at io.vertx.core.http.impl.Http1xClientConnection.handleResponseEnd(Http1xClientConnection.java:940)
2025-01-29 13:58:22,240 INFO c.h.h.t.HelmChartContainer - [hivemq-test-hivemq-platform] [hivemq-platform-operator] [bb4ebb6c] 	at io.vertx.core.http.impl.Http1xClientConnection.handleHttpMessage(Http1xClientConnection.java:810)
2025-01-29 13:58:22,240 INFO c.h.h.t.HelmChartContainer - [hivemq-test-hivemq-platform] [hivemq-platform-operator] [bb4ebb6c] 	at io.vertx.core.http.impl.Http1xClientConnection.handleMessage(Http1xClientConnection.java:774)
2025-01-29 13:58:22,240 INFO c.h.h.t.HelmChartContainer - [hivemq-test-hivemq-platform] [hivemq-platform-operator] [bb4ebb6c] 	at io.vertx.core.net.impl.ConnectionBase.read(ConnectionBase.java:159)
2025-01-29 13:58:22,240 INFO c.h.h.t.HelmChartContainer - [hivemq-test-hivemq-platform] [hivemq-platform-operator] [bb4ebb6c] 	at io.vertx.core.net.impl.VertxHandler.channelRead(VertxHandler.java:153)
2025-01-29 13:58:22,240 INFO c.h.h.t.HelmChartContainer - [hivemq-test-hivemq-platform] [hivemq-platform-operator] [bb4ebb6c] 	at io.netty.channel.AbstractChannelHandlerContext.invokeChannelRead(AbstractChannelHandlerContext.java:442)
2025-01-29 13:58:22,240 INFO c.h.h.t.HelmChartContainer - [hivemq-test-hivemq-platform] [hivemq-platform-operator] [bb4ebb6c] 	at io.netty.channel.AbstractChannelHandlerContext.invokeChannelRead(AbstractChannelHandlerContext.java:420)
2025-01-29 13:58:22,240 INFO c.h.h.t.HelmChartContainer - [hivemq-test-hivemq-platform] [hivemq-platform-operator] [bb4ebb6c] 	at io.netty.channel.AbstractChannelHandlerContext.fireChannelRead(AbstractChannelHandlerContext.java:412)
2025-01-29 13:58:22,240 INFO c.h.h.t.HelmChartContainer - [hivemq-test-hivemq-platform] [hivemq-platform-operator] [bb4ebb6c] 	at io.netty.channel.CombinedChannelDuplexHandler$DelegatingChannelHandlerContext.fireChannelRead(CombinedChannelDuplexHandler.java:436)
2025-01-29 13:58:22,240 INFO c.h.h.t.HelmChartContainer - [hivemq-test-hivemq-platform] [hivemq-platform-operator] [bb4ebb6c] 	at io.netty.handler.codec.ByteToMessageDecoder.fireChannelRead(ByteToMessageDecoder.java:346)
2025-01-29 13:58:22,240 INFO c.h.h.t.HelmChartContainer - [hivemq-test-hivemq-platform] [hivemq-platform-operator] [bb4ebb6c] 	at io.netty.handler.codec.ByteToMessageDecoder.channelRead(ByteToMessageDecoder.java:318)
2025-01-29 13:58:22,240 INFO c.h.h.t.HelmChartContainer - [hivemq-test-hivemq-platform] [hivemq-platform-operator] [bb4ebb6c] 	at io.netty.channel.CombinedChannelDuplexHandler.channelRead(CombinedChannelDuplexHandler.java:251)
2025-01-29 13:58:22,240 INFO c.h.h.t.HelmChartContainer - [hivemq-test-hivemq-platform] [hivemq-platform-operator] [bb4ebb6c] 	at io.netty.channel.AbstractChannelHandlerContext.invokeChannelRead(AbstractChannelHandlerContext.java:442)
2025-01-29 13:58:22,240 INFO c.h.h.t.HelmChartContainer - [hivemq-test-hivemq-platform] [hivemq-platform-operator] [bb4ebb6c] 	at io.netty.channel.AbstractChannelHandlerContext.invokeChannelRead(AbstractChannelHandlerContext.java:420)
2025-01-29 13:58:22,240 INFO c.h.h.t.HelmChartContainer - [hivemq-test-hivemq-platform] [hivemq-platform-operator] [bb4ebb6c] 	at io.netty.channel.AbstractChannelHandlerContext.fireChannelRead(AbstractChannelHandlerContext.java:412)
2025-01-29 13:58:22,240 INFO c.h.h.t.HelmChartContainer - [hivemq-test-hivemq-platform] [hivemq-platform-operator] [bb4ebb6c] 	at io.netty.handler.ssl.SslHandler.unwrap(SslHandler.java:1475)
2025-01-29 13:58:22,240 INFO c.h.h.t.HelmChartContainer - [hivemq-test-hivemq-platform] [hivemq-platform-operator] [bb4ebb6c] 	at io.netty.handler.ssl.SslHandler.decodeJdkCompatible(SslHandler.java:1338)
2025-01-29 13:58:22,240 INFO c.h.h.t.HelmChartContainer - [hivemq-test-hivemq-platform] [hivemq-platform-operator] [bb4ebb6c] 	at io.netty.handler.ssl.SslHandler.decode(SslHandler.java:1387)
2025-01-29 13:58:22,240 INFO c.h.h.t.HelmChartContainer - [hivemq-test-hivemq-platform] [hivemq-platform-operator] [bb4ebb6c] 	at io.netty.handler.codec.ByteToMessageDecoder.decodeRemovalReentryProtection(ByteToMessageDecoder.java:530)
2025-01-29 13:58:22,240 INFO c.h.h.t.HelmChartContainer - [hivemq-test-hivemq-platform] [hivemq-platform-operator] [bb4ebb6c] 	at io.netty.handler.codec.ByteToMessageDecoder.callDecode(ByteToMessageDecoder.java:469)
2025-01-29 13:58:22,240 INFO c.h.h.t.HelmChartContainer - [hivemq-test-hivemq-platform] [hivemq-platform-operator] [bb4ebb6c] 	at io.netty.handler.codec.ByteToMessageDecoder.channelRead(ByteToMessageDecoder.java:290)
2025-01-29 13:58:22,240 INFO c.h.h.t.HelmChartContainer - [hivemq-test-hivemq-platform] [hivemq-platform-operator] [bb4ebb6c] 	at io.netty.channel.AbstractChannelHandlerContext.invokeChannelRead(AbstractChannelHandlerContext.java:444)
2025-01-29 13:58:22,240 INFO c.h.h.t.HelmChartContainer - [hivemq-test-hivemq-platform] [hivemq-platform-operator] [bb4ebb6c] 	at io.netty.channel.AbstractChannelHandlerContext.invokeChannelRead(AbstractChannelHandlerContext.java:420)
2025-01-29 13:58:22,240 INFO c.h.h.t.HelmChartContainer - [hivemq-test-hivemq-platform] [hivemq-platform-operator] [bb4ebb6c] 	at io.netty.channel.AbstractChannelHandlerContext.fireChannelRead(AbstractChannelHandlerContext.java:412)
2025-01-29 13:58:22,240 INFO c.h.h.t.HelmChartContainer - [hivemq-test-hivemq-platform] [hivemq-platform-operator] [bb4ebb6c] 	at io.netty.channel.DefaultChannelPipeline$HeadContext.channelRead(DefaultChannelPipeline.java:1407)
2025-01-29 13:58:22,240 INFO c.h.h.t.HelmChartContainer - [hivemq-test-hivemq-platform] [hivemq-platform-operator] [bb4ebb6c] 	at io.netty.channel.AbstractChannelHandlerContext.invokeChannelRead(AbstractChannelHandlerContext.java:440)
2025-01-29 13:58:22,240 INFO c.h.h.t.HelmChartContainer - [hivemq-test-hivemq-platform] [hivemq-platform-operator] [bb4ebb6c] 	at io.netty.channel.AbstractChannelHandlerContext.invokeChannelRead(AbstractChannelHandlerContext.java:420)
2025-01-29 13:58:22,240 INFO c.h.h.t.HelmChartContainer - [hivemq-test-hivemq-platform] [hivemq-platform-operator] [bb4ebb6c] 	at io.netty.channel.DefaultChannelPipeline.fireChannelRead(DefaultChannelPipeline.java:918)
2025-01-29 13:58:22,240 INFO c.h.h.t.HelmChartContainer - [hivemq-test-hivemq-platform] [hivemq-platform-operator] [bb4ebb6c] 	at io.netty.channel.nio.AbstractNioByteChannel$NioByteUnsafe.read(AbstractNioByteChannel.java:166)
2025-01-29 13:58:22,240 INFO c.h.h.t.HelmChartContainer - [hivemq-test-hivemq-platform] [hivemq-platform-operator] [bb4ebb6c] 	at io.netty.channel.nio.NioEventLoop.processSelectedKey(NioEventLoop.java:788)
2025-01-29 13:58:22,240 INFO c.h.h.t.HelmChartContainer - [hivemq-test-hivemq-platform] [hivemq-platform-operator] [bb4ebb6c] 	at io.netty.channel.nio.NioEventLoop.processSelectedKeysOptimized(NioEventLoop.java:724)
2025-01-29 13:58:22,240 INFO c.h.h.t.HelmChartContainer - [hivemq-test-hivemq-platform] [hivemq-platform-operator] [bb4ebb6c] 	at io.netty.channel.nio.NioEventLoop.processSelectedKeys(NioEventLoop.java:650)
2025-01-29 13:58:22,240 INFO c.h.h.t.HelmChartContainer - [hivemq-test-hivemq-platform] [hivemq-platform-operator] [bb4ebb6c] 	at io.netty.channel.nio.NioEventLoop.run(NioEventLoop.java:562)
2025-01-29 13:58:22,240 INFO c.h.h.t.HelmChartContainer - [hivemq-test-hivemq-platform] [hivemq-platform-operator] [bb4ebb6c] 	at io.netty.util.concurrent.SingleThreadEventExecutor$4.run(SingleThreadEventExecutor.java:997)
2025-01-29 13:58:22,240 INFO c.h.h.t.HelmChartContainer - [hivemq-test-hivemq-platform] [hivemq-platform-operator] [bb4ebb6c] 	at io.netty.util.internal.ThreadExecutorMap$2.run(ThreadExecutorMap.java:74)
2025-01-29 13:58:22,241 INFO c.h.h.t.HelmChartContainer - [hivemq-test-hivemq-platform] [hivemq-platform-operator] [bb4ebb6c] 	at io.netty.util.concurrent.FastThreadLocalRunnable.run(FastThreadLocalRunnable.java:30)
2025-01-29 13:58:22,241 INFO c.h.h.t.HelmChartContainer - [hivemq-test-hivemq-platform] [hivemq-platform-operator] [bb4ebb6c] 	... 1 common frames omitted
2025-01-29 13:58:22,243 INFO c.h.h.t.HelmChartContainer - [hivemq-test-hivemq-platform] [hivemq-platform-operator] [bb4ebb6c] 13:58:22.241 [ReconcilerExecutor-hivemq-controller-120] INFO  c.h.p.o.HiveMQPlatformReconciler - [helmexte] Cleanup test-hivemq-platform - helmextensionpriorityit HiveMQ Platform is shut down
2025-01-29 13:58:22,456 INFO c.h.h.t.HelmChartContainer - [POD] test-hivemq-platform-0 [e8d68b9b-24f6-42ad-8aa3-960668620649] in helmextensionpriorityit was MODIFIED
2025-01-29 13:58:22,456 INFO c.h.h.t.HelmChartContainer - [EVENT] Normal [Killing] Stopping container hivemq [helmextensionpriorityit:test-hivemq-platform-0]
2025-01-29 13:58:22,456 INFO c.h.h.t.HelmChartContainer - Received Killing event for container hivemq in pod test-hivemq-platform-0 [e8d68b9b-24f6-42ad-8aa3-960668620649]
2025-01-29 13:58:22,457 INFO c.h.h.t.HelmChartContainer - Container [test-hivemq-platform-0] [hivemq] [e8d68b9b-24f6-42ad-8aa3-960668620649] was terminated
2025-01-29 13:58:22,457 INFO c.h.h.t.HelmChartContainer - Stopped log watcher for hivemq in pod test-hivemq-platform-0 [e8d68b9b-24f6-42ad-8aa3-960668620649]
2025-01-29 13:58:22,470 INFO c.h.h.t.HelmChartContainer - [test-hivemq-platform] [hivemq] [e8d68b9b] INFO  - [HiveMQ Platform Operator Init App 1.7.0-SNAPSHOT] Shutting down
2025-01-29 13:58:22,471 INFO c.h.h.t.HelmChartContainer - [test-hivemq-platform] [hivemq] [e8d68b9b] INFO  - [HiveMQ Platform Operator Init App 1.7.0-SNAPSHOT] Stopping the HiveMQ Platform
2025-01-29 13:58:22,537 INFO c.h.h.t.HelmChartContainer - [test-hivemq-platform] [hivemq] [e8d68b9b] INFO  - Shutting down HiveMQ. Please wait, this could take a while...
2025-01-29 13:58:22,541 INFO c.h.h.t.HelmChartContainer - [test-hivemq-platform] [hivemq] [e8d68b9b] INFO  - Shutting down listeners and clients
2025-01-29 13:58:22,625 INFO c.h.h.t.HelmChartContainer - [test-hivemq-platform] [hivemq] [e8d68b9b] INFO  - Shutdown of listeners is done
2025-01-29 13:58:22,626 INFO c.h.h.t.HelmChartContainer - [test-hivemq-platform] [hivemq] [e8d68b9b] INFO  - No clients are connected, proceeding with shutdown
2025-01-29 13:58:23,538 INFO c.h.h.t.HelmChartContainer - [test-hivemq-platform] [hivemq] [e8d68b9b] INFO  - [HiveMQ Platform Operator Init App 1.7.0-SNAPSHOT] Returning shutdown Health API response 503 for readiness
2025-01-29 13:58:23,542 INFO c.h.h.t.HelmChartContainer - [EVENT] Warning [Unhealthy] Readiness probe failed: HTTP probe failed with statuscode: 503 [helmextensionpriorityit:test-hivemq-platform-0]
2025-01-29 13:58:23,542 INFO c.h.h.t.HelmChartContainer - Received Unhealthy event for container hivemq in pod test-hivemq-platform-0 [e8d68b9b-24f6-42ad-8aa3-960668620649]
2025-01-29 13:58:23,881 INFO c.h.h.t.HelmChartContainer - [K3S] [authentication.go:74] "Unable to authenticate the request" err="[invalid bearer token, serviceaccounts \"hivemq-platform-pod-test-hivemq-platform\" not found]"
2025-01-29 13:58:23,900 INFO c.h.h.t.HelmChartContainer - [K3S] [authentication.go:74] "Unable to authenticate the request" err="[invalid bearer token, serviceaccounts \"hivemq-platform-pod-test-hivemq-platform\" not found]"
2025-01-29 13:58:23,907 INFO c.h.h.t.HelmChartContainer - Deleting namespace 'helmextensionpriorityit'...
2025-01-29 13:58:23,935 INFO c.h.h.t.HelmChartContainer - [test-hivemq-platform] [hivemq] [e8d68b9b] WARN  - [HiveMQ Platform Operator Init App 1.7.0-SNAPSHOT] Could not update Pod annotations: Failure executing: GET at: https://10.43.0.1:443/api/v1/namespaces/helmextensionpriorityit/pods/test-hivemq-platform-0. Message: Unauthorized. Received status: Status(apiVersion=v1, code=401, details=null, kind=Status, message=Unauthorized, metadata=ListMeta(_continue=null, remainingItemCount=null, resourceVersion=null, selfLink=null, additionalProperties={}), reason=Unauthorized, status=Failure, additionalProperties={}).
2025-01-29 13:58:25,239 INFO c.h.h.t.HelmChartContainer - [test-hivemq-platform] [hivemq] [e8d68b9b] INFO  - Shutting down extension system
2025-01-29 13:58:25,241 INFO c.h.h.t.HelmChartContainer - [test-hivemq-platform] [hivemq] [e8d68b9b] INFO  - Stopping extension with id hivemq-dns-cluster-discovery
2025-01-29 13:58:25,242 INFO c.h.h.t.HelmChartContainer - [test-hivemq-platform] [hivemq] [e8d68b9b] INFO  - Extension "DNS Cluster Discovery Extension" version 4.3.2 stopped successfully.
2025-01-29 13:58:25,242 INFO c.h.h.t.HelmChartContainer - [test-hivemq-platform] [hivemq] [e8d68b9b] INFO  - Stopping extension with id hivemq-appending-baz-extension
2025-01-29 13:58:25,243 INFO c.h.h.t.HelmChartContainer - [test-hivemq-platform] [hivemq] [e8d68b9b] INFO  - HiveMQ Baz-Appending PublishInboundInterceptor Extension stopped
2025-01-29 13:58:25,243 INFO c.h.h.t.HelmChartContainer - [test-hivemq-platform] [hivemq] [e8d68b9b] INFO  - Extension "HiveMQ Appending Baz Extension" version 1.0.0 stopped successfully.
2025-01-29 13:58:25,244 INFO c.h.h.t.HelmChartContainer - [test-hivemq-platform] [hivemq] [e8d68b9b] INFO  - Stopping extension with id hivemq-appending-bar-extension
2025-01-29 13:58:25,244 INFO c.h.h.t.HelmChartContainer - [test-hivemq-platform] [hivemq] [e8d68b9b] INFO  - HiveMQ Bar-Appending PublishInboundInterceptor Extension stopped
2025-01-29 13:58:25,244 INFO c.h.h.t.HelmChartContainer - [test-hivemq-platform] [hivemq] [e8d68b9b] INFO  - Extension "HiveMQ Appending Bar Extension" version 1.0.0 stopped successfully.
2025-01-29 13:58:25,244 INFO c.h.h.t.HelmChartContainer - [test-hivemq-platform] [hivemq] [e8d68b9b] INFO  - Stopping extension with id hivemq-prometheus-extension
2025-01-29 13:58:25,251 INFO c.h.h.t.HelmChartContainer - [test-hivemq-platform] [hivemq] [e8d68b9b] INFO  - Extension "Prometheus Monitoring Extension" version 4.0.12 stopped successfully.
2025-01-29 13:58:25,251 INFO c.h.h.t.HelmChartContainer - [test-hivemq-platform] [hivemq] [e8d68b9b] INFO  - Stopping extension with id hivemq-appending-foo-extension
2025-01-29 13:58:25,251 INFO c.h.h.t.HelmChartContainer - [test-hivemq-platform] [hivemq] [e8d68b9b] INFO  - HiveMQ Foo-Appending PublishInboundInterceptor Extension stopped
2025-01-29 13:58:25,251 INFO c.h.h.t.HelmChartContainer - [test-hivemq-platform] [hivemq] [e8d68b9b] INFO  - Extension "HiveMQ Appending Foo Extension" version 1.0.0 stopped successfully.
2025-01-29 13:58:25,251 INFO c.h.h.t.HelmChartContainer - [test-hivemq-platform] [hivemq] [e8d68b9b] INFO  - Stopping extension with id hivemq-allow-all-extension
2025-01-29 13:58:25,251 INFO c.h.h.t.HelmChartContainer - [test-hivemq-platform] [hivemq] [e8d68b9b] INFO  - Extension "Allow All Extension" version 1.1.1 stopped successfully.
2025-01-29 13:58:27,531 INFO c.h.h.t.HelmChartContainer - [test-hivemq-platform] [hivemq] [e8d68b9b] INFO  - Shutdown completed.
2025-01-29 13:58:27,882 INFO c.h.h.t.HelmChartContainer - [test-hivemq-platform] [hivemq] [e8d68b9b] INFO  - [HiveMQ Platform Operator Init App 1.7.0-SNAPSHOT] The HiveMQ Platform exited with code 143
2025-01-29 13:58:27,882 INFO c.h.h.t.HelmChartContainer - [test-hivemq-platform] [hivemq] [e8d68b9b] INFO  - [HiveMQ Platform Operator Init App 1.7.0-SNAPSHOT] Stopping the REST API
2025-01-29 13:58:27,925 INFO c.h.h.t.HelmChartContainer - [test-hivemq-platform] [hivemq] [e8d68b9b] INFO  - [HiveMQ Platform Operator Init App 1.7.0-SNAPSHOT] Shutdown complete
2025-01-29 13:58:28,392 INFO c.h.h.t.HelmChartContainer - [POD] test-hivemq-platform-0 [e8d68b9b-24f6-42ad-8aa3-960668620649] in helmextensionpriorityit was MODIFIED
2025-01-29 13:58:28,393 INFO c.h.h.t.HelmChartContainer - [K3S] [stateful_set.go:438] "Unhandled Error" err="error syncing StatefulSet helmextensionpriorityit/test-hivemq-platform, requeuing: controllerrevisions.apps \"test-hivemq-platform-6f59dfcf4f\" is forbidden: unable to create new content in namespace helmextensionpriorityit because it is being terminated"
2025-01-29 13:58:28,401 INFO c.h.h.t.HelmChartContainer - [K3S] [stateful_set.go:438] "Unhandled Error" err="error syncing StatefulSet helmextensionpriorityit/test-hivemq-platform, requeuing: controllerrevisions.apps \"test-hivemq-platform-6f59dfcf4f\" is forbidden: unable to create new content in namespace helmextensionpriorityit because it is being terminated"
2025-01-29 13:58:28,404 INFO c.h.h.t.HelmChartContainer - [K3S] [reconciler_common.go:162] "operationExecutor.UnmountVolume started for volume \"operator-init\" (UniqueName: \"kubernetes.io/empty-dir/e8d68b9b-24f6-42ad-8aa3-960668620649-operator-init\") pod \"e8d68b9b-24f6-42ad-8aa3-960668620649\" (UID: \"e8d68b9b-24f6-42ad-8aa3-960668620649\") "
2025-01-29 13:58:28,405 INFO c.h.h.t.HelmChartContainer - [K3S] [reconciler_common.go:162] "operationExecutor.UnmountVolume started for volume \"broker-configuration\" (UniqueName: \"kubernetes.io/configmap/e8d68b9b-24f6-42ad-8aa3-960668620649-broker-configuration\") pod \"e8d68b9b-24f6-42ad-8aa3-960668620649\" (UID: \"e8d68b9b-24f6-42ad-8aa3-960668620649\") "
2025-01-29 13:58:28,405 INFO c.h.h.t.HelmChartContainer - [K3S] [reconciler_common.go:162] "operationExecutor.UnmountVolume started for volume \"kube-api-access-k8lj7\" (UniqueName: \"kubernetes.io/projected/e8d68b9b-24f6-42ad-8aa3-960668620649-kube-api-access-k8lj7\") pod \"e8d68b9b-24f6-42ad-8aa3-960668620649\" (UID: \"e8d68b9b-24f6-42ad-8aa3-960668620649\") "
2025-01-29 13:58:28,406 INFO c.h.h.t.HelmChartContainer - [K3S] [reconciler_common.go:162] "operationExecutor.UnmountVolume started for volume \"pod-info\" (UniqueName: \"kubernetes.io/configmap/e8d68b9b-24f6-42ad-8aa3-960668620649-pod-info\") pod \"e8d68b9b-24f6-42ad-8aa3-960668620649\" (UID: \"e8d68b9b-24f6-42ad-8aa3-960668620649\") "
2025-01-29 13:58:28,415 INFO c.h.h.t.HelmChartContainer - [K3S] [stateful_set.go:438] "Unhandled Error" err="error syncing StatefulSet helmextensionpriorityit/test-hivemq-platform, requeuing: controllerrevisions.apps \"test-hivemq-platform-6f59dfcf4f\" is forbidden: unable to create new content in namespace helmextensionpriorityit because it is being terminated"
2025-01-29 13:58:28,438 INFO c.h.h.t.HelmChartContainer - [K3S] [stateful_set.go:438] "Unhandled Error" err="error syncing StatefulSet helmextensionpriorityit/test-hivemq-platform, requeuing: controllerrevisions.apps \"test-hivemq-platform-6f59dfcf4f\" is forbidden: unable to create new content in namespace helmextensionpriorityit because it is being terminated"
2025-01-29 13:58:28,483 INFO c.h.h.t.HelmChartContainer - [K3S] [stateful_set.go:438] "Unhandled Error" err="error syncing StatefulSet helmextensionpriorityit/test-hivemq-platform, requeuing: controllerrevisions.apps \"test-hivemq-platform-6f59dfcf4f\" is forbidden: unable to create new content in namespace helmextensionpriorityit because it is being terminated"
2025-01-29 13:58:28,507 INFO c.h.h.t.HelmChartContainer - [K3S] [reconciler_common.go:299] "Volume detached for volume \"broker-configuration\" (UniqueName: \"kubernetes.io/configmap/e8d68b9b-24f6-42ad-8aa3-960668620649-broker-configuration\") on node \"e0d747e94538\" DevicePath \"\""
2025-01-29 13:58:28,507 INFO c.h.h.t.HelmChartContainer - [K3S] [reconciler_common.go:299] "Volume detached for volume \"kube-api-access-k8lj7\" (UniqueName: \"kubernetes.io/projected/e8d68b9b-24f6-42ad-8aa3-960668620649-kube-api-access-k8lj7\") on node \"e0d747e94538\" DevicePath \"\""
2025-01-29 13:58:28,507 INFO c.h.h.t.HelmChartContainer - [K3S] [reconciler_common.go:299] "Volume detached for volume \"pod-info\" (UniqueName: \"kubernetes.io/configmap/e8d68b9b-24f6-42ad-8aa3-960668620649-pod-info\") on node \"e0d747e94538\" DevicePath \"\""
2025-01-29 13:58:28,507 INFO c.h.h.t.HelmChartContainer - [K3S] [reconciler_common.go:299] "Volume detached for volume \"operator-init\" (UniqueName: \"kubernetes.io/empty-dir/e8d68b9b-24f6-42ad-8aa3-960668620649-operator-init\") on node \"e0d747e94538\" DevicePath \"\""
2025-01-29 13:58:28,566 INFO c.h.h.t.HelmChartContainer - [K3S] [stateful_set.go:438] "Unhandled Error" err="error syncing StatefulSet helmextensionpriorityit/test-hivemq-platform, requeuing: controllerrevisions.apps \"test-hivemq-platform-6f59dfcf4f\" is forbidden: unable to create new content in namespace helmextensionpriorityit because it is being terminated"
2025-01-29 13:58:28,594 INFO c.h.h.t.HelmChartContainer - [K3S] [scope.go:117] "RemoveContainer" containerID="a1dc3b5dcf787a14fc5dcd669f94af64c42f377afb2be04b20130c8f5b248dc3"
2025-01-29 13:58:28,613 INFO c.h.h.t.HelmChartContainer - [POD] test-hivemq-platform-0 [e8d68b9b-24f6-42ad-8aa3-960668620649] in helmextensionpriorityit was MODIFIED
2025-01-29 13:58:28,614 INFO c.h.h.t.HelmChartContainer - [K3S] [stateful_set.go:438] "Unhandled Error" err="error syncing StatefulSet helmextensionpriorityit/test-hivemq-platform, requeuing: controllerrevisions.apps \"test-hivemq-platform-6f59dfcf4f\" is forbidden: unable to create new content in namespace helmextensionpriorityit because it is being terminated"
2025-01-29 13:58:28,618 INFO c.h.h.t.HelmChartContainer - [POD] test-hivemq-platform-0 [e8d68b9b-24f6-42ad-8aa3-960668620649] in helmextensionpriorityit was DELETED
2025-01-29 13:58:28,623 INFO c.h.h.t.HelmChartContainer - [K3S] [stateful_set.go:438] "Unhandled Error" err="error syncing StatefulSet helmextensionpriorityit/test-hivemq-platform, requeuing: controllerrevisions.apps \"test-hivemq-platform-6f59dfcf4f\" is forbidden: unable to create new content in namespace helmextensionpriorityit because it is being terminated"
2025-01-29 13:58:28,631 INFO c.h.h.t.HelmChartContainer - [K3S] [stateful_set.go:466] "StatefulSet has been deleted" key="helmextensionpriorityit/test-hivemq-platform"
2025-01-29 13:58:28,703 INFO c.h.h.t.HelmChartContainer - [K3S] [scope.go:117] "RemoveContainer" containerID="7595e81f1675f3ce6fe410f21ed089269911934864ce7889c57025ffe3dca5b3"
2025-01-29 13:58:28,711 INFO c.h.h.t.HelmChartContainer - [K3S] [scope.go:117] "RemoveContainer" containerID="a1dc3b5dcf787a14fc5dcd669f94af64c42f377afb2be04b20130c8f5b248dc3"
2025-01-29 13:58:28,711 INFO c.h.h.t.HelmChartContainer - [K3S] [scope.go:117] "RemoveContainer" containerID="7595e81f1675f3ce6fe410f21ed089269911934864ce7889c57025ffe3dca5b3"
2025-01-29 13:58:28,727 INFO c.h.h.t.HelmChartContainer - [K3S] [stateful_set.go:466] "StatefulSet has been deleted" key="helmextensionpriorityit/test-hivemq-platform"
2025-01-29 13:58:29,053 INFO c.h.h.t.HelmChartContainer - [K3S] [replica_set.go:679] "Finished syncing" kind="ReplicaSet" key="helmextensionpriorityit/nginx-86cbc5c94" duration="6.322µs"
2025-01-29 13:58:29,062 INFO c.h.h.t.HelmChartContainer - [POD] nginx-86cbc5c94-66pmp [4fd3d0a6-7d70-4d8d-a898-7c2e6c7f24c0] in helmextensionpriorityit was MODIFIED
2025-01-29 13:58:29,069 INFO c.h.h.t.HelmChartContainer - [nginx-86cbc5c94-66pm] [nginx] [4fd3d0a6] 2025/01/29 13:58:29 [notice] 1#1: signal 3 (SIGQUIT) received, shutting down
2025-01-29 13:58:29,070 INFO c.h.h.t.HelmChartContainer - [nginx-86cbc5c94-66pm] [nginx] [4fd3d0a6] 2025/01/29 13:58:29 [notice] 29#29: gracefully shutting down
2025-01-29 13:58:29,071 INFO c.h.h.t.HelmChartContainer - [nginx-86cbc5c94-66pm] [nginx] [4fd3d0a6] 2025/01/29 13:58:29 [notice] 29#29: exiting
2025-01-29 13:58:29,071 INFO c.h.h.t.HelmChartContainer - [nginx-86cbc5c94-66pm] [nginx] [4fd3d0a6] 2025/01/29 13:58:29 [notice] 29#29: exit
2025-01-29 13:58:29,071 INFO c.h.h.t.HelmChartContainer - [nginx-86cbc5c94-66pm] [nginx] [4fd3d0a6] 2025/01/29 13:58:29 [notice] 31#31: gracefully shutting down
2025-01-29 13:58:29,071 INFO c.h.h.t.HelmChartContainer - [nginx-86cbc5c94-66pm] [nginx] [4fd3d0a6] 2025/01/29 13:58:29 [notice] 31#31: exiting
2025-01-29 13:58:29,071 INFO c.h.h.t.HelmChartContainer - [nginx-86cbc5c94-66pm] [nginx] [4fd3d0a6] 2025/01/29 13:58:29 [notice] 30#30: gracefully shutting down
2025-01-29 13:58:29,071 INFO c.h.h.t.HelmChartContainer - [nginx-86cbc5c94-66pm] [nginx] [4fd3d0a6] 2025/01/29 13:58:29 [notice] 30#30: exiting
2025-01-29 13:58:29,071 INFO c.h.h.t.HelmChartContainer - [nginx-86cbc5c94-66pm] [nginx] [4fd3d0a6] 2025/01/29 13:58:29 [notice] 31#31: exit
2025-01-29 13:58:29,071 INFO c.h.h.t.HelmChartContainer - [nginx-86cbc5c94-66pm] [nginx] [4fd3d0a6] 2025/01/29 13:58:29 [notice] 30#30: exit
2025-01-29 13:58:29,071 INFO c.h.h.t.HelmChartContainer - [nginx-86cbc5c94-66pm] [nginx] [4fd3d0a6] 2025/01/29 13:58:29 [notice] 32#32: gracefully shutting down
2025-01-29 13:58:29,072 INFO c.h.h.t.HelmChartContainer - [nginx-86cbc5c94-66pm] [nginx] [4fd3d0a6] 2025/01/29 13:58:29 [notice] 32#32: exiting
2025-01-29 13:58:29,072 INFO c.h.h.t.HelmChartContainer - [nginx-86cbc5c94-66pm] [nginx] [4fd3d0a6] 2025/01/29 13:58:29 [notice] 32#32: exit
2025-01-29 13:58:29,078 INFO c.h.h.t.HelmChartContainer - [nginx-86cbc5c94-66pm] [nginx] [4fd3d0a6] 2025/01/29 13:58:29 [notice] 1#1: signal 17 (SIGCHLD) received from 32
2025-01-29 13:58:29,078 INFO c.h.h.t.HelmChartContainer - [nginx-86cbc5c94-66pm] [nginx] [4fd3d0a6] 2025/01/29 13:58:29 [notice] 1#1: worker process 32 exited with code 0
2025-01-29 13:58:29,078 INFO c.h.h.t.HelmChartContainer - [nginx-86cbc5c94-66pm] [nginx] [4fd3d0a6] 2025/01/29 13:58:29 [notice] 1#1: worker process 30 exited with code 0
2025-01-29 13:58:29,078 INFO c.h.h.t.HelmChartContainer - [nginx-86cbc5c94-66pm] [nginx] [4fd3d0a6] 2025/01/29 13:58:29 [notice] 1#1: signal 29 (SIGIO) received
2025-01-29 13:58:29,078 INFO c.h.h.t.HelmChartContainer - [nginx-86cbc5c94-66pm] [nginx] [4fd3d0a6] 2025/01/29 13:58:29 [notice] 1#1: signal 17 (SIGCHLD) received from 30
2025-01-29 13:58:29,080 INFO c.h.h.t.HelmChartContainer - [nginx-86cbc5c94-66pm] [nginx] [4fd3d0a6] 2025/01/29 13:58:29 [notice] 1#1: signal 17 (SIGCHLD) received from 31
2025-01-29 13:58:29,080 INFO c.h.h.t.HelmChartContainer - [nginx-86cbc5c94-66pm] [nginx] [4fd3d0a6] 2025/01/29 13:58:29 [notice] 1#1: worker process 29 exited with code 0
2025-01-29 13:58:29,080 INFO c.h.h.t.HelmChartContainer - [nginx-86cbc5c94-66pm] [nginx] [4fd3d0a6] 2025/01/29 13:58:29 [notice] 1#1: worker process 31 exited with code 0
2025-01-29 13:58:29,080 INFO c.h.h.t.HelmChartContainer - [nginx-86cbc5c94-66pm] [nginx] [4fd3d0a6] 2025/01/29 13:58:29 [notice] 1#1: exit
2025-01-29 13:58:29,231 INFO c.h.h.t.HelmChartContainer - [POD] nginx-86cbc5c94-66pmp [4fd3d0a6-7d70-4d8d-a898-7c2e6c7f24c0] in helmextensionpriorityit was MODIFIED
2025-01-29 13:58:29,310 INFO c.h.h.t.HelmChartContainer - [K3S] [reconciler_common.go:162] "operationExecutor.UnmountVolume started for volume \"kube-api-access-qljdx\" (UniqueName: \"kubernetes.io/projected/4fd3d0a6-7d70-4d8d-a898-7c2e6c7f24c0-kube-api-access-qljdx\") pod \"4fd3d0a6-7d70-4d8d-a898-7c2e6c7f24c0\" (UID: \"4fd3d0a6-7d70-4d8d-a898-7c2e6c7f24c0\") "
2025-01-29 13:58:29,310 INFO c.h.h.t.HelmChartContainer - [K3S] [reconciler_common.go:162] "operationExecutor.UnmountVolume started for volume \"volume-hivemq-appending-bar-extension-100\" (UniqueName: \"kubernetes.io/host-path/4fd3d0a6-7d70-4d8d-a898-7c2e6c7f24c0-volume-hivemq-appending-bar-extension-100\") pod \"4fd3d0a6-7d70-4d8d-a898-7c2e6c7f24c0\" (UID: \"4fd3d0a6-7d70-4d8d-a898-7c2e6c7f24c0\") "
2025-01-29 13:58:29,310 INFO c.h.h.t.HelmChartContainer - [K3S] [reconciler_common.go:162] "operationExecutor.UnmountVolume started for volume \"volume-hivemq-appending-foo-extension-100\" (UniqueName: \"kubernetes.io/host-path/4fd3d0a6-7d70-4d8d-a898-7c2e6c7f24c0-volume-hivemq-appending-foo-extension-100\") pod \"4fd3d0a6-7d70-4d8d-a898-7c2e6c7f24c0\" (UID: \"4fd3d0a6-7d70-4d8d-a898-7c2e6c7f24c0\") "
2025-01-29 13:58:29,310 INFO c.h.h.t.HelmChartContainer - [K3S] [reconciler_common.go:162] "operationExecutor.UnmountVolume started for volume \"volume-hivemq-appending-baz-extension-100\" (UniqueName: \"kubernetes.io/host-path/4fd3d0a6-7d70-4d8d-a898-7c2e6c7f24c0-volume-hivemq-appending-baz-extension-100\") pod \"4fd3d0a6-7d70-4d8d-a898-7c2e6c7f24c0\" (UID: \"4fd3d0a6-7d70-4d8d-a898-7c2e6c7f24c0\") "
2025-01-29 13:58:29,411 INFO c.h.h.t.HelmChartContainer - [K3S] [reconciler_common.go:299] "Volume detached for volume \"kube-api-access-qljdx\" (UniqueName: \"kubernetes.io/projected/4fd3d0a6-7d70-4d8d-a898-7c2e6c7f24c0-kube-api-access-qljdx\") on node \"e0d747e94538\" DevicePath \"\""
2025-01-29 13:58:29,411 INFO c.h.h.t.HelmChartContainer - [K3S] [reconciler_common.go:299] "Volume detached for volume \"volume-hivemq-appending-bar-extension-100\" (UniqueName: \"kubernetes.io/host-path/4fd3d0a6-7d70-4d8d-a898-7c2e6c7f24c0-volume-hivemq-appending-bar-extension-100\") on node \"e0d747e94538\" DevicePath \"\""
2025-01-29 13:58:29,411 INFO c.h.h.t.HelmChartContainer - [K3S] [reconciler_common.go:299] "Volume detached for volume \"volume-hivemq-appending-foo-extension-100\" (UniqueName: \"kubernetes.io/host-path/4fd3d0a6-7d70-4d8d-a898-7c2e6c7f24c0-volume-hivemq-appending-foo-extension-100\") on node \"e0d747e94538\" DevicePath \"\""
2025-01-29 13:58:29,411 INFO c.h.h.t.HelmChartContainer - [K3S] [reconciler_common.go:299] "Volume detached for volume \"volume-hivemq-appending-baz-extension-100\" (UniqueName: \"kubernetes.io/host-path/4fd3d0a6-7d70-4d8d-a898-7c2e6c7f24c0-volume-hivemq-appending-baz-extension-100\") on node \"e0d747e94538\" DevicePath \"\""
2025-01-29 13:58:29,597 INFO c.h.h.t.HelmChartContainer - [K3S] [scope.go:117] "RemoveContainer" containerID="aeb23312689fa27a7e84576fe8701e1507a24858a91d972bcdd790706de4992e"
2025-01-29 13:58:29,600 INFO c.h.h.t.HelmChartContainer - Stopped log watcher for nginx in pod nginx-86cbc5c94-66pmp [4fd3d0a6-7d70-4d8d-a898-7c2e6c7f24c0]
2025-01-29 13:58:29,601 INFO c.h.h.t.HelmChartContainer - [K3S] [scope.go:117] "RemoveContainer" containerID="aeb23312689fa27a7e84576fe8701e1507a24858a91d972bcdd790706de4992e"
2025-01-29 13:58:29,611 INFO c.h.h.t.HelmChartContainer - [POD] nginx-86cbc5c94-66pmp [4fd3d0a6-7d70-4d8d-a898-7c2e6c7f24c0] in helmextensionpriorityit was MODIFIED
2025-01-29 13:58:29,613 INFO c.h.h.t.HelmChartContainer - [POD] nginx-86cbc5c94-66pmp [4fd3d0a6-7d70-4d8d-a898-7c2e6c7f24c0] in helmextensionpriorityit was DELETED
2025-01-29 13:58:30,193 INFO c.h.h.t.HelmChartContainer - [K3S] [kubelet_volumes.go:163] "Cleaned up orphaned pod volumes dir" podUID="4fd3d0a6-7d70-4d8d-a898-7c2e6c7f24c0" path="/var/lib/kubelet/pods/4fd3d0a6-7d70-4d8d-a898-7c2e6c7f24c0/volumes"
2025-01-29 13:58:30,194 INFO c.h.h.t.HelmChartContainer - [K3S] [kubelet_volumes.go:163] "Cleaned up orphaned pod volumes dir" podUID="e8d68b9b-24f6-42ad-8aa3-960668620649" path="/var/lib/kubelet/pods/e8d68b9b-24f6-42ad-8aa3-960668620649/volumes"
2025-01-29 13:58:34,340 INFO c.h.h.t.HelmChartContainer - Namespace 'helmextensionpriorityit' deleted
2025-01-29 13:58:34,340 INFO c.h.h.t.HelmChartContainer - Release 'test-hivemq-platform' in namespace 'helmextensionpriorityit' is uninstalled
2025-01-29 13:58:34,340 INFO c.h.h.t.HelmChartContainer - Uninstalling release 'test-hivemq-platform-operator' in namespace 'helmextensionpriorityit-operator'...
2025-01-29 13:58:34,340 DEBUG c.h.h.t.HelmChartContainer - Executing helm command: /bin/helm --kubeconfig /etc/rancher/k3s/k3s.yaml uninstall test-hivemq-platform-operator  --wait --timeout 5m0s --cascade foreground --namespace helmextensionpriorityit-operator
2025-01-29 13:58:34,496 INFO c.h.h.t.HelmChartContainer - [K3S] [replica_set.go:679] "Finished syncing" kind="ReplicaSet" key="helmextensionpriorityit-operator/hivemq-test-hivemq-platform-operator-6966f96d65" duration="7.650184ms"
2025-01-29 13:58:34,500 INFO c.h.h.t.HelmChartContainer - [K3S] [replica_set.go:679] "Finished syncing" kind="ReplicaSet" key="helmextensionpriorityit-operator/hivemq-test-hivemq-platform-operator-6966f96d65" duration="32.29µs"
2025-01-29 13:58:34,519 INFO c.h.h.t.HelmChartContainer - [POD] hivemq-test-hivemq-platform-operator-6966f96d65-cjgxf [bb4ebb6c-1582-4d94-8ed0-dd16c7e7d0d7] in helmextensionpriorityit-operator was MODIFIED
2025-01-29 13:58:34,526 INFO c.h.h.t.HelmChartContainer - [hivemq-test-hivemq-platform] [hivemq-platform-operator] [bb4ebb6c] 13:58:34.524 [application-shutdown-thread] INFO  c.h.p.o.HiveMQPlatformOperatorApplication - HiveMQ Platform Operator is stopping...
2025-01-29 13:58:34,526 INFO c.h.h.t.HelmChartContainer - [hivemq-test-hivemq-platform] [hivemq-platform-operator] [bb4ebb6c] 13:58:34.525 [application-shutdown-thread] INFO  i.javaoperatorsdk.operator.Operator - Operator SDK 4.9.7 is shutting down...
2025-01-29 13:58:34,535 INFO c.h.h.t.HelmChartContainer - [EVENT] Normal [Killing] Stopping container hivemq-platform-operator [helmextensionpriorityit-operator:hivemq-test-hivemq-platform-operator-6966f96d65-cjgxf]
2025-01-29 13:58:34,535 INFO c.h.h.t.HelmChartContainer - Received Killing event for container hivemq-platform-operator in pod hivemq-test-hivemq-platform-operator-6966f96d65-cjgxf [bb4ebb6c-1582-4d94-8ed0-dd16c7e7d0d7]
2025-01-29 13:58:34,535 INFO c.h.h.t.HelmChartContainer - Container [hivemq-test-hivemq-platform-operator-6966f96d65-cjgxf] [hivemq-platform-operator] [bb4ebb6c-1582-4d94-8ed0-dd16c7e7d0d7] was terminated
2025-01-29 13:58:34,535 INFO c.h.h.t.HelmChartContainer - Stopped log watcher for hivemq-platform-operator in pod hivemq-test-hivemq-platform-operator-6966f96d65-cjgxf [bb4ebb6c-1582-4d94-8ed0-dd16c7e7d0d7]
2025-01-29 13:58:34,536 INFO c.h.h.t.HelmChartContainer - [K3S] [replica_set.go:679] "Finished syncing" kind="ReplicaSet" key="helmextensionpriorityit-operator/hivemq-test-hivemq-platform-operator-6966f96d65" duration="21.143207ms"
2025-01-29 13:58:34,537 INFO c.h.h.t.HelmChartContainer - [K3S] [replica_set.go:679] "Finished syncing" kind="ReplicaSet" key="helmextensionpriorityit-operator/hivemq-test-hivemq-platform-operator-6966f96d65" duration="51.496µs"
2025-01-29 13:58:35,172 INFO c.h.h.t.HelmChartContainer - [K3S] [replica_set.go:679] "Finished syncing" kind="ReplicaSet" key="helmextensionpriorityit-operator/hivemq-test-hivemq-platform-operator-6966f96d65" duration="35.546µs"
2025-01-29 13:58:35,173 INFO c.h.h.t.HelmChartContainer - [POD] hivemq-test-hivemq-platform-operator-6966f96d65-cjgxf [bb4ebb6c-1582-4d94-8ed0-dd16c7e7d0d7] in helmextensionpriorityit-operator was MODIFIED
2025-01-29 13:58:35,245 INFO c.h.h.t.HelmChartContainer - [K3S] [reconciler_common.go:162] "operationExecutor.UnmountVolume started for volume \"kube-api-access-zpxt6\" (UniqueName: \"kubernetes.io/projected/bb4ebb6c-1582-4d94-8ed0-dd16c7e7d0d7-kube-api-access-zpxt6\") pod \"bb4ebb6c-1582-4d94-8ed0-dd16c7e7d0d7\" (UID: \"bb4ebb6c-1582-4d94-8ed0-dd16c7e7d0d7\") "
2025-01-29 13:58:35,346 INFO c.h.h.t.HelmChartContainer - [K3S] [reconciler_common.go:299] "Volume detached for volume \"kube-api-access-zpxt6\" (UniqueName: \"kubernetes.io/projected/bb4ebb6c-1582-4d94-8ed0-dd16c7e7d0d7-kube-api-access-zpxt6\") on node \"e0d747e94538\" DevicePath \"\""
2025-01-29 13:58:35,607 INFO c.h.h.t.HelmChartContainer - [K3S] [scope.go:117] "RemoveContainer" containerID="014501d3c4e318ce5d74ccec6b3eff283eb48d74dbb3b8bae5026de49e042ea0"
2025-01-29 13:58:35,611 INFO c.h.h.t.HelmChartContainer - [K3S] [scope.go:117] "RemoveContainer" containerID="014501d3c4e318ce5d74ccec6b3eff283eb48d74dbb3b8bae5026de49e042ea0"
2025-01-29 13:58:35,619 INFO c.h.h.t.HelmChartContainer - [K3S] [replica_set.go:679] "Finished syncing" kind="ReplicaSet" key="helmextensionpriorityit-operator/hivemq-test-hivemq-platform-operator-6966f96d65" duration="41.458µs"
2025-01-29 13:58:35,619 INFO c.h.h.t.HelmChartContainer - [POD] hivemq-test-hivemq-platform-operator-6966f96d65-cjgxf [bb4ebb6c-1582-4d94-8ed0-dd16c7e7d0d7] in helmextensionpriorityit-operator was MODIFIED
2025-01-29 13:58:35,622 INFO c.h.h.t.HelmChartContainer - [K3S] [replica_set.go:679] "Finished syncing" kind="ReplicaSet" key="helmextensionpriorityit-operator/hivemq-test-hivemq-platform-operator-6966f96d65" duration="28.113µs"
2025-01-29 13:58:35,625 INFO c.h.h.t.HelmChartContainer - [POD] hivemq-test-hivemq-platform-operator-6966f96d65-cjgxf [bb4ebb6c-1582-4d94-8ed0-dd16c7e7d0d7] in helmextensionpriorityit-operator was DELETED
2025-01-29 13:58:35,639 INFO c.h.h.t.HelmChartContainer - [K3S] [replica_set.go:679] "Finished syncing" kind="ReplicaSet" key="helmextensionpriorityit-operator/hivemq-test-hivemq-platform-operator-6966f96d65" duration="6.422µs"
2025-01-29 13:58:36,193 INFO c.h.h.t.HelmChartContainer - [K3S] [kubelet_volumes.go:163] "Cleaned up orphaned pod volumes dir" podUID="bb4ebb6c-1582-4d94-8ed0-dd16c7e7d0d7" path="/var/lib/kubelet/pods/bb4ebb6c-1582-4d94-8ed0-dd16c7e7d0d7/volumes"
2025-01-29 13:58:36,542 INFO c.h.h.t.HelmChartContainer - Deleting namespace 'helmextensionpriorityit-operator'...
2025-01-29 13:58:39,291 INFO c.h.h.t.HelmChartContainer - [K3S] [namespace_controller.go:187] "Namespace has been deleted" namespace="helmextensionpriorityit"
2025-01-29 13:58:41,760 INFO c.h.h.t.HelmChartContainer - Namespace 'helmextensionpriorityit-operator' deleted
2025-01-29 13:58:41,761 INFO c.h.h.t.HelmChartContainer - Release 'test-hivemq-platform-operator' in namespace 'helmextensionpriorityit-operator' is uninstalled
2025-01-29 13:58:42,576 INFO c.h.helmcharts.AbstractHelmChartIT - Removed unused containers:

2025-01-29 13:58:46,661 INFO c.h.h.t.HelmChartContainer - [K3S] [namespace_controller.go:187] "Namespace has been deleted" namespace="helmextensionpriorityit-operator"
2025-01-29 13:58:51,592 INFO c.h.helmcharts.AbstractHelmChartIT - Removed unused snapshots:
Removing snapshot sha256:03af251906410714c5aef9fa705b63f6bbc39c4a5e787de7361eeb18886c2ed2
Removing snapshot sha256:0c46b3b43cce082ce5ec34ffc6c294e0417d17b9d1e6f366d114b6aadc4f96dc
Removing snapshot sha256:0ce761beee59082d6ed5bcebd3a805b8ddd9b3426b617e4809e7fb7c6587ffec
Removing snapshot sha256:0df91287303208332c8ff6ba40ae4710105201739addbfbddfb955f1ad593664
Removing snapshot sha256:1021ef88c7974bfff89c5a0ec4fd3160daac6c48a075f74cff721f85dd104e68
Removing snapshot sha256:10aba4953ddc18145dd38e3704709bc464aa20af60b56fe52caaff4b68411e62
Removing snapshot sha256:2573e0d8158209ed54ab25c87bcdcb00bd3d2539246960a3d592a1c599d70465
Removing snapshot sha256:362a8a37f8bbc31925a8146adcf7cf51f9882f5c1dcbef67c5baa03a297543c0
Removing snapshot sha256:3fa4ad33f0ddc8fd45b39b6b4640f82a3a83619606cd975bfe89d8710ad2d4cd
Removing snapshot sha256:43a7c979bbaba6838bc3102d6b10a1459f3ab050b87ccdfef84ef90cf43d3058
Removing snapshot sha256:4ab04491cdf0d3267f08206fe30bd48f49f94b9cab2f016d6739220f722a64af
Removing snapshot sha256:4b6068250e89c96f263060261819c7d912855bfbd64b3eb4c4a8483299b8c295
Removing snapshot sha256:580e69a0a8034ede1921139bbd2bfb72a69ebf276d008281896c32dd8bf74775
Removing snapshot sha256:58f03283d52a7a977843f0b1edede1030c6021d2a4b34e3eab66c3e046543e77
Removing snapshot sha256:5d30ba46b27fe37484567ccc5242cadc78217b8da605f3f195ef25cbf7487904
Removing snapshot sha256:5ec183755d09a0a54d0f83e5a705f28f1606fe75660c13148fe125e4f12af39f
Removing snapshot sha256:63ca1fbb43ae5034640e5e6cb3e083e05c290072c5366fcaa9d62435a4cced85
Removing snapshot sha256:67f702c6baae873bceb19487c8b1f27bd2b86077e4f2f0e480e6d60ab508b8f5
Removing snapshot sha256:6864348dd42806d552efdec384f1274be15e2d0c10ce44c1f04347af004c10a9
Removing snapshot sha256:6c7dee8f2c39b84b7dc2711c01d33de93514d9055499173e9290176fbe484b6c
Removing snapshot sha256:82753493a6d61ded36556292f02f31841a14c20d2f279f19eaad65afb661d5cd
Removing snapshot sha256:8a10d3db42c505ee0fcfa98417bdd7e39b304f6bcc0a06bb1b220797ff2cc63c
Removing snapshot sha256:8ad081ee0d46efdea0492cd0bb527c50a8891276fd408ec1269522ac9d6d5580
Removing snapshot sha256:a21e5b12dbac529ad45d976eb9ce45c881f3bedcc500fb30aba1e52aa1813418
Removing snapshot sha256:a8d62a6e94dbe8920ecfafa3b3aff0ef70aa26ca929f90b110db998eec09bab5
Removing snapshot sha256:ad858b4eee2d8f479065d1b8c650e13c815e75b2e4503c05a67cdc8880b0975a
Removing snapshot sha256:b921e6c28969094157f9b8e7244677780319637afd14450b7cb6b2fdea558a0c
Removing snapshot sha256:bc27ecb5769a00e309cf99ebc763c4a4b958b618d1decc96ffac5bc05f02f5b7
Removing snapshot sha256:be3ccb6627a5332e309d45ef461d09b4879dd870c7394d89323d0ebc6ca6aa8a
Removing snapshot sha256:c261f7cbbc64211ee175ee47273acdb7b1a36a4450b397a064a8f2c026490095
Removing snapshot sha256:c34d9393647eea0c9e3557ab988efaf59f61d10a2a5613b439ef0958cca5ec10
Removing snapshot sha256:ccf3c4a0fa967a41c1c83497a2ce6fa5787965859df0adb32c4ca2cf7490bc2b
Removing snapshot sha256:cf92d33f869417309692088c341cd0f223c178ea78a125f757317b22aa8f90e9
Removing snapshot sha256:d0037344cf2fb078884f1849f6a1f8cf9a33a3b6139b6a85833e5ee528e1f9a8
Removing snapshot sha256:d3b36d5b79273b1e98e7700470eaeff05a882e777124d84cebcc1505b85ecb36
Removing snapshot sha256:d65a44a37914602d12c611e5e22a50f11451d847e63015cc1c2aef92dee777a4
Removing snapshot sha256:e2dc0bae2455930f23ae570e019b7f32edc75c0f2d71cab084db837ff9051796
Removing snapshot sha256:e31519795c7e3df686c447a21ec8d2eb301388a5e39ccf7f20a25c6f6ce3a522
Removing snapshot sha256:e9e86ed11d9bebc0707dd6f1166c51237ebb44f98657241f943261b2675a5449
Removing snapshot sha256:eccbd24a99c60cd9e86ee5305dbfc4a4dc89f5ab4fb1f06c8d64797cecedef34
Removing snapshot sha256:edd1404c718ab99ca3456bdf222065033800bb67d4334a9642746685a24394cd
Removing snapshot sha256:f144bb4c7c7f0d2aa7eeffd36d934ec40db1ee167be727e326aad9fdc616f475
Removing snapshot sha256:fad28e0c8b385a0eec0a96ecbf6f54e3d93659dbf8906d1e85b98ebacd517acb

]]></system-out>
  </testcase>
  <system-out><![CDATA[2025-01-29 13:56:47,893 INFO c.h.h.t.HelmChartContainerExtension - Using cached HelmChartContainer instance
]]></system-out>
  <system-err><![CDATA[]]></system-err>
</testsuite>
