<?xml version="1.0" encoding="UTF-8"?>
<testsuite name="com.hivemq.helmcharts.platform.HelmCustomConfigIT" tests="4" skipped="0" failures="0" errors="0" timestamp="2025-01-28T23:33:51" hostname="fv-az1436-45" time="482.478">
  <properties/>
  <testcase name="withCustomYml_hivemqRunning()" classname="com.hivemq.helmcharts.platform.HelmCustomConfigIT" time="56.232">
    <system-out><![CDATA[2025-01-28 23:33:51,584 INFO c.h.h.t.HelmChartContainer - Creating namespace 'helmcustomconfigit-operator'...
2025-01-28 23:33:51,797 INFO c.h.h.t.HelmChartContainer - Namespace 'helmcustomconfigit-operator' created
2025-01-28 23:33:51,797 INFO c.h.h.t.HelmChartContainer - Creating namespace 'helmcustomconfigit'...
2025-01-28 23:33:51,798 INFO c.h.h.t.HelmChartContainer - [POD] coredns-ff8999cc5-bgcdv [039ed735-7edd-42cb-bb74-3f7dd539b877] in kube-system was ADDED
2025-01-28 23:33:51,800 INFO c.h.h.t.HelmChartContainer - [POD] local-path-provisioner-698b58967b-r62xk [9a89fae0-92c8-4788-b95e-abf66b79c558] in kube-system was ADDED
2025-01-28 23:33:51,803 INFO c.h.h.t.HelmChartContainer - [POD] metrics-server-8584b5786c-vgznm [e1358ece-fc1d-46c2-ac0b-642a86b4e483] in kube-system was ADDED
2025-01-28 23:33:51,807 INFO c.h.h.t.HelmChartContainer - Namespace 'helmcustomconfigit' created
2025-01-28 23:33:51,882 DEBUG c.h.h.t.HelmChartContainer - Executing helm command: /bin/helm --kubeconfig /etc/rancher/k3s/k3s.yaml install test-hivemq-platform-operator /charts/hivemq-platform-operator --wait --timeout 5m0s --set image.repository=docker.io/hivemq --set image.name=hivemq-platform-operator-test --set image.initImageName=hivemq-platform-operator-init-test --set image.tag=snapshot --set image.pullPolicy=Never --set logLevel=DEBUG --set resources.cpu=512m --namespace helmcustomconfigit-operator
2025-01-28 23:33:54,235 INFO c.h.h.t.HelmChartContainer - [K3S] [alloc.go:330] "allocated clusterIPs" service="helmcustomconfigit-operator/hivemq-platform-operator-test-hivemq-platform-operator" clusterIPs={"IPv4":"10.43.49.235"}
2025-01-28 23:33:54,251 INFO c.h.h.t.HelmChartContainer - [EVENT] Normal [ScalingReplicaSet] Scaled up replica set hivemq-test-hivemq-platform-operator-6966f96d65 from 0 to 1 [helmcustomconfigit-operator:hivemq-test-hivemq-platform-operator]
2025-01-28 23:33:54,258 INFO c.h.h.t.HelmChartContainer - [POD] hivemq-test-hivemq-platform-operator-6966f96d65-dgmpn [f9ed90dc-647c-4bc6-952b-f7300040cf7c] in helmcustomconfigit-operator was ADDED
2025-01-28 23:33:54,269 INFO c.h.h.t.HelmChartContainer - [POD] hivemq-test-hivemq-platform-operator-6966f96d65-dgmpn [f9ed90dc-647c-4bc6-952b-f7300040cf7c] in helmcustomconfigit-operator was MODIFIED
2025-01-28 23:33:54,282 INFO c.h.h.t.HelmChartContainer - [EVENT] Normal [Scheduled] Successfully assigned helmcustomconfigit-operator/hivemq-test-hivemq-platform-operator-6966f96d65-dgmpn to 349c386a830b [helmcustomconfigit-operator:hivemq-test-hivemq-platform-operator-6966f96d65-dgmpn]
2025-01-28 23:33:54,285 INFO c.h.h.t.HelmChartContainer - [K3S] [replica_set.go:679] "Finished syncing" kind="ReplicaSet" key="helmcustomconfigit-operator/hivemq-test-hivemq-platform-operator-6966f96d65" duration="35.140492ms"
2025-01-28 23:33:54,286 INFO c.h.h.t.HelmChartContainer - [EVENT] Normal [SuccessfulCreate] Created pod: hivemq-test-hivemq-platform-operator-6966f96d65-dgmpn [helmcustomconfigit-operator:hivemq-test-hivemq-platform-operator-6966f96d65]
2025-01-28 23:33:54,287 INFO c.h.h.t.HelmChartContainer - [K3S] [replica_set.go:679] "Finished syncing" kind="ReplicaSet" key="helmcustomconfigit-operator/hivemq-test-hivemq-platform-operator-6966f96d65" duration="5.975197ms"
2025-01-28 23:33:54,287 INFO c.h.h.t.HelmChartContainer - [K3S] [replica_set.go:679] "Finished syncing" kind="ReplicaSet" key="helmcustomconfigit-operator/hivemq-test-hivemq-platform-operator-6966f96d65" duration="32.42µs"
2025-01-28 23:33:54,287 INFO c.h.h.t.HelmChartContainer - [POD] hivemq-test-hivemq-platform-operator-6966f96d65-dgmpn [f9ed90dc-647c-4bc6-952b-f7300040cf7c] in helmcustomconfigit-operator was MODIFIED
2025-01-28 23:33:54,287 INFO c.h.h.t.HelmChartContainer - [K3S] [replica_set.go:679] "Finished syncing" kind="ReplicaSet" key="helmcustomconfigit-operator/hivemq-test-hivemq-platform-operator-6966f96d65" duration="28.844µs"
2025-01-28 23:33:54,346 INFO c.h.h.t.HelmChartContainer - [K3S] [reconciler_common.go:251] "operationExecutor.VerifyControllerAttachedVolume started for volume \"kube-api-access-zsp7k\" (UniqueName: \"kubernetes.io/projected/f9ed90dc-647c-4bc6-952b-f7300040cf7c-kube-api-access-zsp7k\") pod \"hivemq-test-hivemq-platform-operator-6966f96d65-dgmpn\" (UID: \"f9ed90dc-647c-4bc6-952b-f7300040cf7c\") " pod="helmcustomconfigit-operator/hivemq-test-hivemq-platform-operator-6966f96d65-dgmpn"
2025-01-28 23:33:54,655 INFO c.h.h.t.HelmChartContainer - [EVENT] Normal [Pulled] Container image "docker.io/hivemq/hivemq-platform-operator-test:snapshot" already present on machine [helmcustomconfigit-operator:hivemq-test-hivemq-platform-operator-6966f96d65-dgmpn]
2025-01-28 23:33:54,656 INFO c.h.h.t.HelmChartContainer - Received Pulled event for container hivemq-platform-operator in pod hivemq-test-hivemq-platform-operator-6966f96d65-dgmpn [f9ed90dc-647c-4bc6-952b-f7300040cf7c]
2025-01-28 23:33:54,664 INFO c.h.h.t.HelmChartContainer - [EVENT] Normal [Created] Created container: hivemq-platform-operator [helmcustomconfigit-operator:hivemq-test-hivemq-platform-operator-6966f96d65-dgmpn]
2025-01-28 23:33:54,664 INFO c.h.h.t.HelmChartContainer - Received Created event for container hivemq-platform-operator in pod hivemq-test-hivemq-platform-operator-6966f96d65-dgmpn [f9ed90dc-647c-4bc6-952b-f7300040cf7c]
2025-01-28 23:33:55,099 INFO c.h.h.t.HelmChartContainer - [K3S] [replica_set.go:679] "Finished syncing" kind="ReplicaSet" key="helmcustomconfigit-operator/hivemq-test-hivemq-platform-operator-6966f96d65" duration="44.492µs"
2025-01-28 23:33:55,108 INFO c.h.h.t.HelmChartContainer - [POD] hivemq-test-hivemq-platform-operator-6966f96d65-dgmpn [f9ed90dc-647c-4bc6-952b-f7300040cf7c] in helmcustomconfigit-operator was MODIFIED
2025-01-28 23:33:55,124 INFO c.h.h.t.HelmChartContainer - Started log watcher for hivemq-platform-operator in pod hivemq-test-hivemq-platform-operator-6966f96d65-dgmpn [f9ed90dc-647c-4bc6-952b-f7300040cf7c]
2025-01-28 23:33:55,125 INFO c.h.h.t.HelmChartContainer - [hivemq-test-hivemq-platform] [hivemq-platform-operator] [f9ed90dc] -------------------------------------------------------------------------
2025-01-28 23:33:55,125 INFO c.h.h.t.HelmChartContainer - [hivemq-test-hivemq-platform] [hivemq-platform-operator] [f9ed90dc] 
2025-01-28 23:33:55,125 INFO c.h.h.t.HelmChartContainer - [hivemq-test-hivemq-platform] [hivemq-platform-operator] [f9ed90dc]                   _    _  _              __  __   ____
2025-01-28 23:33:55,125 INFO c.h.h.t.HelmChartContainer - [hivemq-test-hivemq-platform] [hivemq-platform-operator] [f9ed90dc]                  | |  | |(_)            |  \/  | / __ \
2025-01-28 23:33:55,125 INFO c.h.h.t.HelmChartContainer - [hivemq-test-hivemq-platform] [hivemq-platform-operator] [f9ed90dc]                  | |__| | _ __   __ ___ | \  / || |  | |
2025-01-28 23:33:55,125 INFO c.h.h.t.HelmChartContainer - [hivemq-test-hivemq-platform] [hivemq-platform-operator] [f9ed90dc]                  |  __  || |\ \ / // _ \| |\/| || |  | |
2025-01-28 23:33:55,125 INFO c.h.h.t.HelmChartContainer - [hivemq-test-hivemq-platform] [hivemq-platform-operator] [f9ed90dc]                  | |  | || | \ V /|  __/| |  | || |__| |
2025-01-28 23:33:55,125 INFO c.h.h.t.HelmChartContainer - [hivemq-test-hivemq-platform] [hivemq-platform-operator] [f9ed90dc]                  |_|  |_||_|  \_/  \___||_|  |_| \___\_\
2025-01-28 23:33:55,125 INFO c.h.h.t.HelmChartContainer - [hivemq-test-hivemq-platform] [hivemq-platform-operator] [f9ed90dc] 
2025-01-28 23:33:55,125 INFO c.h.h.t.HelmChartContainer - [hivemq-test-hivemq-platform] [hivemq-platform-operator] [f9ed90dc] -------------------------------------------------------------------------
2025-01-28 23:33:55,125 INFO c.h.h.t.HelmChartContainer - [hivemq-test-hivemq-platform] [hivemq-platform-operator] [f9ed90dc] 
2025-01-28 23:33:55,125 INFO c.h.h.t.HelmChartContainer - [hivemq-test-hivemq-platform] [hivemq-platform-operator] [f9ed90dc]   HiveMQ Platform Operator Start Script v1.0
2025-01-28 23:33:55,125 INFO c.h.h.t.HelmChartContainer - [hivemq-test-hivemq-platform] [hivemq-platform-operator] [f9ed90dc] 
2025-01-28 23:33:55,125 INFO c.h.h.t.HelmChartContainer - [hivemq-test-hivemq-platform] [hivemq-platform-operator] [f9ed90dc] -------------------------------------------------------------------------
2025-01-28 23:33:55,125 INFO c.h.h.t.HelmChartContainer - [hivemq-test-hivemq-platform] [hivemq-platform-operator] [f9ed90dc] 
2025-01-28 23:33:55,125 INFO c.h.h.t.HelmChartContainer - [hivemq-test-hivemq-platform] [hivemq-platform-operator] [f9ed90dc]   JAVA_OPTS: -XX:+UnlockExperimentalVMOptions -XX:InitialRAMPercentage=75 -XX:MaxRAMPercentage=75 -Duser.language=en -Duser.region=US
2025-01-28 23:33:55,125 INFO c.h.h.t.HelmChartContainer - [hivemq-test-hivemq-platform] [hivemq-platform-operator] [f9ed90dc] 
2025-01-28 23:33:55,125 INFO c.h.h.t.HelmChartContainer - [hivemq-test-hivemq-platform] [hivemq-platform-operator] [f9ed90dc]   JAVA_VERSION: 21
2025-01-28 23:33:55,125 INFO c.h.h.t.HelmChartContainer - [hivemq-test-hivemq-platform] [hivemq-platform-operator] [f9ed90dc] 
2025-01-28 23:33:55,125 INFO c.h.h.t.HelmChartContainer - [EVENT] Normal [Started] Started container hivemq-platform-operator [helmcustomconfigit-operator:hivemq-test-hivemq-platform-operator-6966f96d65-dgmpn]
2025-01-28 23:33:55,126 INFO c.h.h.t.HelmChartContainer - [hivemq-test-hivemq-platform] [hivemq-platform-operator] [f9ed90dc] -------------------------------------------------------------------------
2025-01-28 23:33:55,126 INFO c.h.h.t.HelmChartContainer - [hivemq-test-hivemq-platform] [hivemq-platform-operator] [f9ed90dc] 
2025-01-28 23:33:55,126 INFO c.h.h.t.HelmChartContainer - Received Started event for container hivemq-platform-operator in pod hivemq-test-hivemq-platform-operator-6966f96d65-dgmpn [f9ed90dc-647c-4bc6-952b-f7300040cf7c]
2025-01-28 23:33:59,125 INFO c.h.h.t.HelmChartContainer - [hivemq-test-hivemq-platform] [hivemq-platform-operator] [f9ed90dc] 23:33:59.122 [main] DEBUG org.jboss.logging - Logging Provider: org.jboss.logging.Slf4jLoggerProvider
2025-01-28 23:33:59,233 INFO c.h.h.t.HelmChartContainer - [hivemq-test-hivemq-platform] [hivemq-platform-operator] [f9ed90dc] 23:33:59.232 [main] DEBUG io.smallrye.config - SRCFG01006: Loaded ConfigSource SysPropConfigSource with ordinal 400
2025-01-28 23:33:59,234 INFO c.h.h.t.HelmChartContainer - [hivemq-test-hivemq-platform] [hivemq-platform-operator] [f9ed90dc] 23:33:59.232 [main] DEBUG io.smallrye.config - SRCFG01006: Loaded ConfigSource EnvConfigSource with ordinal 300
2025-01-28 23:33:59,234 INFO c.h.h.t.HelmChartContainer - [hivemq-test-hivemq-platform] [hivemq-platform-operator] [f9ed90dc] 23:33:59.232 [main] DEBUG io.smallrye.config - SRCFG01006: Loaded ConfigSource PropertiesConfigSource[source=jar:file:///opt/hivemq-platform-operator/bin/hivemq-platform-operator.jar!/hivemq-platform-operator.properties] with ordinal 100
2025-01-28 23:33:59,234 INFO c.h.h.t.HelmChartContainer - [hivemq-test-hivemq-platform] [hivemq-platform-operator] [f9ed90dc] 23:33:59.232 [main] DEBUG io.smallrye.config - SRCFG01006: Loaded ConfigSource DefaultValuesConfigSource with ordinal -2147483648
2025-01-28 23:33:59,338 INFO c.h.h.t.HelmChartContainer - [hivemq-test-hivemq-platform] [hivemq-platform-operator] [f9ed90dc] 23:33:59.337 [main] DEBUG i.m.c.u.i.l.InternalLoggerFactory - Using SLF4J as the default logging framework
2025-01-28 23:33:59,522 INFO c.h.h.t.HelmChartContainer - [hivemq-test-hivemq-platform] [hivemq-platform-operator] [f9ed90dc] 23:33:59.438 [main] INFO  c.h.p.o.HiveMQPlatformOperatorApplication - HiveMQ Platform Operator 1.7.0-SNAPSHOT (commit: bebf408 on branch: HEAD) built on Sun Jan 26 20:47:47 UTC 2025
2025-01-28 23:33:59,523 INFO c.h.h.t.HelmChartContainer - [hivemq-test-hivemq-platform] [hivemq-platform-operator] [f9ed90dc] 23:33:59.522 [main] INFO  c.h.p.o.HiveMQPlatformOperatorApplication - HiveMQ Platform Operator is running in namespace: helmcustomconfigit-operator
2025-01-28 23:33:59,523 INFO c.h.h.t.HelmChartContainer - [hivemq-test-hivemq-platform] [hivemq-platform-operator] [f9ed90dc] 23:33:59.522 [main] INFO  c.h.p.o.HiveMQPlatformOperatorApplication - Watching all namespaces
2025-01-28 23:33:59,524 INFO c.h.h.t.HelmChartContainer - [hivemq-test-hivemq-platform] [hivemq-platform-operator] [f9ed90dc] 23:33:59.522 [main] INFO  c.h.p.o.HiveMQPlatformOperatorApplication - Log level: DEBUG
2025-01-28 23:33:59,524 INFO c.h.h.t.HelmChartContainer - [hivemq-test-hivemq-platform] [hivemq-platform-operator] [f9ed90dc] 23:33:59.522 [main] INFO  c.h.p.o.HiveMQPlatformOperatorApplication - Release name: test-hivemq-platform-operator
2025-01-28 23:33:59,524 INFO c.h.h.t.HelmChartContainer - [hivemq-test-hivemq-platform] [hivemq-platform-operator] [f9ed90dc] 23:33:59.522 [main] INFO  c.h.p.o.HiveMQPlatformOperatorApplication - HiveMQ Platform Operator Init image: docker.io/hivemq/hivemq-platform-operator-init-test:snapshot
2025-01-28 23:33:59,524 INFO c.h.h.t.HelmChartContainer - [hivemq-test-hivemq-platform] [hivemq-platform-operator] [f9ed90dc] 23:33:59.522 [main] INFO  c.h.p.o.HiveMQPlatformOperatorApplication - HiveMQ Platform Operator Init App update URL: http://hivemq-platform-operator-test-hivemq-platform-operator.helmcustomconfigit-operator.svc:8080/initAppUpdate/hivemq-platform-operator-init-app-1.7.0-SNAPSHOT.jar
2025-01-28 23:33:59,524 INFO c.h.h.t.HelmChartContainer - [hivemq-test-hivemq-platform] [hivemq-platform-operator] [f9ed90dc] 23:33:59.522 [main] INFO  c.h.p.o.HiveMQPlatformOperatorApplication - Additional imagePullSecret for all Platform deployments: none
2025-01-28 23:33:59,524 INFO c.h.h.t.HelmChartContainer - [hivemq-test-hivemq-platform] [hivemq-platform-operator] [f9ed90dc] 23:33:59.522 [main] INFO  c.h.p.o.HiveMQPlatformOperatorApplication - Apply HiveMQ Platform CRD: true
2025-01-28 23:33:59,524 INFO c.h.h.t.HelmChartContainer - [hivemq-test-hivemq-platform] [hivemq-platform-operator] [f9ed90dc] 23:33:59.522 [main] INFO  c.h.p.o.HiveMQPlatformOperatorApplication - Create Platform ServiceAccount: true
2025-01-28 23:33:59,524 INFO c.h.h.t.HelmChartContainer - [hivemq-test-hivemq-platform] [hivemq-platform-operator] [f9ed90dc] 23:33:59.522 [main] INFO  c.h.p.o.HiveMQPlatformOperatorApplication - Create Platform ServiceAccount permissions: true
2025-01-28 23:33:59,524 INFO c.h.h.t.HelmChartContainer - [hivemq-test-hivemq-platform] [hivemq-platform-operator] [f9ed90dc] 23:33:59.522 [main] INFO  c.h.p.o.HiveMQPlatformOperatorApplication - Validate Platform ServiceAccount: true
2025-01-28 23:33:59,524 INFO c.h.h.t.HelmChartContainer - [hivemq-test-hivemq-platform] [hivemq-platform-operator] [f9ed90dc] 23:33:59.523 [main] INFO  c.h.p.o.HiveMQPlatformOperatorApplication - Validate Platform ServiceAccount permissions: true
2025-01-28 23:33:59,544 INFO c.h.h.t.HelmChartContainer - [hivemq-test-hivemq-platform] [hivemq-platform-operator] [f9ed90dc] 23:33:59.543 [main] INFO  c.h.platform.operator.util.CRDUtil - Verifying deployed HiveMQ Platform CRD...
2025-01-28 23:34:01,088 INFO c.h.h.t.HelmChartContainer - [POD] metrics-server-8584b5786c-vgznm [e1358ece-fc1d-46c2-ac0b-642a86b4e483] in kube-system was MODIFIED
2025-01-28 23:34:01,096 INFO c.h.h.t.HelmChartContainer - [K3S] [replica_set.go:679] "Finished syncing" kind="ReplicaSet" key="kube-system/metrics-server-8584b5786c" duration="7.706808ms"
2025-01-28 23:34:01,097 INFO c.h.h.t.HelmChartContainer - [K3S] [replica_set.go:679] "Finished syncing" kind="ReplicaSet" key="kube-system/metrics-server-8584b5786c" duration="27.371µs"
2025-01-28 23:34:02,036 INFO c.h.h.t.HelmChartContainer - [hivemq-test-hivemq-platform] [hivemq-platform-operator] [f9ed90dc] 23:34:02.033 [main] DEBUG c.h.platform.operator.util.CRDUtil - HiveMQ Platform CRD version v1 is up to date
2025-01-28 23:34:02,036 INFO c.h.h.t.HelmChartContainer - [hivemq-test-hivemq-platform] [hivemq-platform-operator] [f9ed90dc] 23:34:02.034 [main] INFO  c.h.platform.operator.util.CRDUtil - HiveMQ Platform CRD is up to date (version: V1_6_0)
2025-01-28 23:34:02,036 INFO c.h.h.t.HelmChartContainer - [hivemq-test-hivemq-platform] [hivemq-platform-operator] [f9ed90dc] 23:34:02.034 [main] INFO  c.h.platform.operator.util.CRDUtil - Waiting 10000 ms for HiveMQ Platform CRD 'hivemq-platforms.hivemq.com' to become ready...
2025-01-28 23:34:02,334 INFO c.h.h.t.HelmChartContainer - [hivemq-test-hivemq-platform] [hivemq-platform-operator] [f9ed90dc] 23:34:02.333 [vert.x-eventloop-thread-1] DEBUG c.h.platform.operator.util.CRDUtil - Checking CRD condition 'NamesAccepted' (status: 'True')
2025-01-28 23:34:02,334 INFO c.h.h.t.HelmChartContainer - [hivemq-test-hivemq-platform] [hivemq-platform-operator] [f9ed90dc] 23:34:02.333 [vert.x-eventloop-thread-1] DEBUG c.h.platform.operator.util.CRDUtil - Checking CRD condition 'Established' (status: 'True')
2025-01-28 23:34:02,335 INFO c.h.h.t.HelmChartContainer - [hivemq-test-hivemq-platform] [hivemq-platform-operator] [f9ed90dc] 23:34:02.334 [main] INFO  c.h.platform.operator.util.CRDUtil - HiveMQ Platform CRD 'hivemq-platforms.hivemq.com' is ready
2025-01-28 23:34:02,527 INFO c.h.h.t.HelmChartContainer - [hivemq-test-hivemq-platform] [hivemq-platform-operator] [f9ed90dc] 23:34:02.526 [main] INFO  c.h.p.o.HiveMQPlatformReconciler - HiveMQ Platform Operator is starting...
2025-01-28 23:34:02,603 INFO c.h.h.t.HelmChartContainer - [hivemq-test-hivemq-platform] [hivemq-platform-operator] [f9ed90dc] 23:34:02.602 [main] WARN  Default ConfigurationService implementation - Configuration for reconciler 'hivemq-controller' was not found. Known reconcilers: None.
2025-01-28 23:34:02,628 INFO c.h.h.t.HelmChartContainer - [hivemq-test-hivemq-platform] [hivemq-platform-operator] [f9ed90dc] 23:34:02.627 [main] INFO  Default ConfigurationService implementation - Created configuration for reconciler com.hivemq.platform.operator.HiveMQPlatformReconciler with name hivemq-controller
2025-01-28 23:34:02,736 INFO c.h.h.t.HelmChartContainer - [hivemq-test-hivemq-platform] [hivemq-platform-operator] [f9ed90dc] 23:34:02.735 [main] DEBUG c.h.p.o.HiveMQPlatformReconciler - HiveMQ Platform Operator is preparing EventSources
2025-01-28 23:34:02,825 INFO c.h.h.t.HelmChartContainer - [hivemq-test-hivemq-platform] [hivemq-platform-operator] [f9ed90dc] 23:34:02.824 [main] INFO  i.javaoperatorsdk.operator.Operator - Registered reconciler: 'hivemq-controller' for resource: 'class com.hivemq.platform.operator.v1.HiveMQPlatform' for namespace(s): [all namespaces]
2025-01-28 23:34:03,441 INFO c.h.h.t.HelmChartContainer - [hivemq-test-hivemq-platform] [hivemq-platform-operator] [f9ed90dc] 23:34:03.440 [main] INFO  c.h.p.operator.webserver.JettyServer - Starting Jetty server on port 8080
2025-01-28 23:34:03,536 INFO c.h.h.t.HelmChartContainer - [hivemq-test-hivemq-platform] [hivemq-platform-operator] [f9ed90dc] 23:34:03.535 [main] INFO  i.javaoperatorsdk.operator.Operator - Operator SDK 4.9.7 (commit: 2133d28) built on Wed Nov 20 12:56:20 UTC 2024 starting...
2025-01-28 23:34:03,536 INFO c.h.h.t.HelmChartContainer - [hivemq-test-hivemq-platform] [hivemq-platform-operator] [f9ed90dc] 23:34:03.535 [main] INFO  i.javaoperatorsdk.operator.Operator - Client version: 6.13.4
2025-01-28 23:34:03,537 INFO c.h.h.t.HelmChartContainer - [hivemq-test-hivemq-platform] [hivemq-platform-operator] [f9ed90dc] 23:34:03.536 [Controller Starter for: hivemq-controller] INFO  i.j.operator.processing.Controller - Starting 'hivemq-controller' controller for reconciler: com.hivemq.platform.operator.HiveMQPlatformReconciler, resource: com.hivemq.platform.operator.v1.HiveMQPlatform
2025-01-28 23:34:04,972 INFO c.h.h.t.HelmChartContainer - [K3S] [range_allocator.go:247] "Successfully synced" key="349c386a830b"
2025-01-28 23:34:06,129 INFO c.h.h.t.HelmChartContainer - [hivemq-test-hivemq-platform] [hivemq-platform-operator] [f9ed90dc] 23:34:06.128 [Controller Starter for: hivemq-controller] INFO  i.j.operator.processing.Controller - 'hivemq-controller' controller started
2025-01-28 23:34:06,129 INFO c.h.h.t.HelmChartContainer - [hivemq-test-hivemq-platform] [hivemq-platform-operator] [f9ed90dc] 23:34:06.128 [main] INFO  c.h.p.o.HiveMQPlatformOperatorApplication - HiveMQ Platform Operator 1.7.0-SNAPSHOT started in 6690 ms
2025-01-28 23:34:06,142 INFO c.h.h.t.HelmChartContainer - [POD] hivemq-test-hivemq-platform-operator-6966f96d65-dgmpn [f9ed90dc-647c-4bc6-952b-f7300040cf7c] in helmcustomconfigit-operator was MODIFIED
2025-01-28 23:34:06,148 INFO c.h.h.t.HelmChartContainer - [K3S] [replica_set.go:679] "Finished syncing" kind="ReplicaSet" key="helmcustomconfigit-operator/hivemq-test-hivemq-platform-operator-6966f96d65" duration="8.438542ms"
2025-01-28 23:34:06,148 INFO c.h.h.t.HelmChartContainer - [K3S] [replica_set.go:679] "Finished syncing" kind="ReplicaSet" key="helmcustomconfigit-operator/hivemq-test-hivemq-platform-operator-6966f96d65" duration="34.574µs"
2025-01-28 23:34:06,311 INFO com.hivemq.helmcharts.util.K8sUtil - Pod 'hivemq-test-hivemq-platform-operator-6966f96d65-dgmpn' is ready
2025-01-28 23:34:06,384 DEBUG c.h.h.t.HelmChartContainer - Executing helm command: /bin/helm --kubeconfig /etc/rancher/k3s/k3s.yaml install test-hivemq-platform /charts/hivemq-platform --wait --timeout 5m0s --set image.repository=docker.io/hivemq --set image.tag=4.36.0 --set image.pullPolicy=Never --set nodes.resources.cpu=512m --set-file config.overrideStatefulSet=/files/stateful-set-spec.yaml --namespace helmcustomconfigit
2025-01-28 23:34:06,926 INFO c.h.h.t.HelmChartContainer - [hivemq-test-hivemq-platform] [hivemq-platform-operator] [f9ed90dc] 23:34:06.924 [-373097727-pool-1-thread-1] WARN  i.m.p.PrometheusMeterRegistry - The meter (MeterId{name='operator.sdk.events.received', tags=[tag(action=ADDED),tag(event=ResourceEvent),tag(group=hivemq.com),tag(kind=HiveMQPlatform),tag(name=test-hivemq-platform),tag(namespace=helmcustomconfigit),tag(scope=namespace),tag(version=v1)]}) registration has failed: Prometheus requires that all meters with the same name have the same set of tag keys. There is already an existing meter named 'operator.sdk.events.received' containing tag keys [event, group, kind, name, namespace, scope, version]. The meter you are attempting to register has keys [action, event, group, kind, name, namespace, scope, version]. Note that subsequent logs will be logged at debug level.
2025-01-28 23:34:07,433 INFO c.h.h.t.HelmChartContainer - [hivemq-test-hivemq-platform] [hivemq-platform-operator] [f9ed90dc] 23:34:07.428 [pool-6-thread-3] DEBUG c.h.p.o.dependants.PodInfoConfigMap - [helmcust] Desired PodInfo ConfigMap (1 extensions) (1 enabled)
2025-01-28 23:34:07,433 INFO c.h.h.t.HelmChartContainer - [hivemq-test-hivemq-platform] [hivemq-platform-operator] [f9ed90dc] 23:34:07.429 [pool-6-thread-3] DEBUG c.h.p.o.dependants.PodInfoConfigMap - [helmcust] Desired PodInfo ConfigMap (metrics port: 9399) (metrics path: /)
2025-01-28 23:34:07,433 INFO c.h.h.t.HelmChartContainer - [hivemq-test-hivemq-platform] [hivemq-platform-operator] [f9ed90dc] 23:34:07.429 [pool-6-thread-3] DEBUG c.h.p.o.dependants.PodInfoConfigMap - [helmcust] Desired PodInfo ConfigMap (extension state hash: -1817474005)
2025-01-28 23:34:07,433 INFO c.h.h.t.HelmChartContainer - [hivemq-test-hivemq-platform] [hivemq-platform-operator] [f9ed90dc] 23:34:07.430 [pool-6-thread-3] DEBUG c.h.p.o.dependants.PodInfoConfigMap - [helmcust] Create PodInfo ConfigMap
2025-01-28 23:34:07,536 INFO c.h.h.t.HelmChartContainer - [hivemq-test-hivemq-platform] [hivemq-platform-operator] [f9ed90dc] 23:34:07.530 [pool-6-thread-5] DEBUG c.h.p.o.dependants.PodRoleResource - [helmcust] Create Role: Role(apiVersion=rbac.authorization.k8s.io/v1, kind=Role, metadata=ObjectMeta(annotations={meta.helm.sh/release-name=test-hivemq-platform, meta.helm.sh/release-namespace=helmcustomconfigit}, creationTimestamp=null, deletionGracePeriodSeconds=null, deletionTimestamp=null, finalizers=[], generateName=null, generation=null, labels={helm.sh/chart=hivemq-platform-0.2.32, app.kubernetes.io/managed-by=Helm, app.kubernetes.io/name=hivemq-platform, hivemq-platform=test-hivemq-platform, app.kubernetes.io/instance=test-hivemq-platform, app.kubernetes.io/version=4.36.0}, managedFields=[], name=hivemq-platform-role-test-hivemq-platform, namespace=helmcustomconfigit, ownerReferences=[OwnerReference(apiVersion=hivemq.com/v1, blockOwnerDeletion=null, controller=null, kind=HiveMQPlatform, name=test-hivemq-platform, uid=6c6272ba-e405-440e-a45c-6a9f9aec59c1, additionalProperties={})], resourceVersion=null, selfLink=null, uid=null, additionalProperties={}), rules=[PolicyRule(apiGroups=[], nonResourceURLs=[], resourceNames=[], resources=[pods], verbs=[get, patch, update], additionalProperties={})], additionalProperties={})
2025-01-28 23:34:07,723 INFO c.h.h.t.HelmChartContainer - [hivemq-test-hivemq-platform] [hivemq-platform-operator] [f9ed90dc] 23:34:07.720 [pool-6-thread-7] DEBUG c.h.p.o.d.PodServiceAccountResource - [helmcust] Desired PodServiceAccountResource (serviceAccountName: hivemq-platform-pod-test-hivemq-platform)
2025-01-28 23:34:07,723 INFO c.h.h.t.HelmChartContainer - [hivemq-test-hivemq-platform] [hivemq-platform-operator] [f9ed90dc] 23:34:07.721 [pool-6-thread-7] DEBUG c.h.p.o.d.PodServiceAccountResource - [helmcust] Create ServiceAccount 'hivemq-platform-pod-test-hivemq-platform'
2025-01-28 23:34:07,832 INFO c.h.h.t.HelmChartContainer - [hivemq-test-hivemq-platform] [hivemq-platform-operator] [f9ed90dc] 23:34:07.830 [pool-6-thread-10] DEBUG c.h.p.o.d.PodRoleBindingResource - [helmcust] Create RoleBinding: RoleBinding(apiVersion=rbac.authorization.k8s.io/v1, kind=RoleBinding, metadata=ObjectMeta(annotations={meta.helm.sh/release-name=test-hivemq-platform, meta.helm.sh/release-namespace=helmcustomconfigit}, creationTimestamp=null, deletionGracePeriodSeconds=null, deletionTimestamp=null, finalizers=[], generateName=null, generation=null, labels={helm.sh/chart=hivemq-platform-0.2.32, app.kubernetes.io/managed-by=Helm, app.kubernetes.io/name=hivemq-platform, hivemq-platform=test-hivemq-platform, app.kubernetes.io/instance=test-hivemq-platform, app.kubernetes.io/version=4.36.0}, managedFields=[], name=hivemq-platform-role-binding-test-hivemq-platform, namespace=helmcustomconfigit, ownerReferences=[OwnerReference(apiVersion=hivemq.com/v1, blockOwnerDeletion=null, controller=null, kind=HiveMQPlatform, name=test-hivemq-platform, uid=6c6272ba-e405-440e-a45c-6a9f9aec59c1, additionalProperties={})], resourceVersion=null, selfLink=null, uid=null, additionalProperties={}), roleRef=RoleRef(apiGroup=rbac.authorization.k8s.io, kind=Role, name=hivemq-platform-role-test-hivemq-platform, additionalProperties={}), subjects=[Subject(apiGroup=null, kind=ServiceAccount, name=hivemq-platform-pod-test-hivemq-platform, namespace=helmcustomconfigit, additionalProperties={})], additionalProperties={})
2025-01-28 23:34:07,904 INFO c.h.h.t.HelmChartContainer - [hivemq-test-hivemq-platform] [hivemq-platform-operator] [f9ed90dc] 23:34:07.903 [ReconcilerExecutor-hivemq-controller-53] INFO  c.h.p.o.HiveMQPlatformReconciler - [helmcust] Reconciling HiveMQ Platform 'test-hivemq-platform' in namespace 'helmcustomconfigit'
2025-01-28 23:34:07,905 INFO c.h.h.t.HelmChartContainer - [hivemq-test-hivemq-platform] [hivemq-platform-operator] [f9ed90dc] 23:34:07.903 [ReconcilerExecutor-hivemq-controller-53] DEBUG c.h.p.o.HiveMQPlatformReconciler - [helmcust] Custom Resource Status CREATED - HiveMQ Platform was created (READY)
2025-01-28 23:34:07,905 INFO c.h.h.t.HelmChartContainer - [hivemq-test-hivemq-platform] [hivemq-platform-operator] [f9ed90dc] 23:34:07.903 [ReconcilerExecutor-hivemq-controller-53] DEBUG c.h.p.o.HiveMQPlatformReconciler - [helmcust] Custom Resource Spec (replicas: 1) (extensions: 1)
2025-01-28 23:34:07,924 INFO c.h.h.t.HelmChartContainer - [hivemq-test-hivemq-platform] [hivemq-platform-operator] [f9ed90dc] 23:34:07.922 [ReconcilerExecutor-hivemq-controller-53] INFO  c.h.p.o.h.HiveMQPlatformReconcilerBaseHandler - [helmcust] HiveMQ Platform is starting
2025-01-28 23:34:08,029 INFO c.h.h.t.HelmChartContainer - [hivemq-test-hivemq-platform] [hivemq-platform-operator] [f9ed90dc] 23:34:08.028 [ReconcilerExecutor-hivemq-controller-53] DEBUG c.h.p.operator.event.EventSender - [helmcust] Creating K8s event hivemq-platform-starting: [Start] HiveMQ Platform is starting
2025-01-28 23:34:08,049 INFO c.h.h.t.HelmChartContainer - [EVENT] Normal [Start] HiveMQ Platform is starting [helmcustomconfigit:test-hivemq-platform]
2025-01-28 23:34:08,123 INFO c.h.h.t.HelmChartContainer - [hivemq-test-hivemq-platform] [hivemq-platform-operator] [f9ed90dc] 23:34:08.122 [ReconcilerExecutor-hivemq-controller-53] INFO  c.h.p.o.h.AbstractHiveMQReconcilerStateHandler - [helmcust] Update HiveMQ Platform Status (CREATED [READY] -> STARTING [READY]): HiveMQ Platform is starting
2025-01-28 23:34:08,138 DEBUG com.hivemq.helmcharts.util.K8sUtil - Comparing actual state 'STARTING' and waiting for 'RUNNING'
2025-01-28 23:34:08,234 INFO c.h.h.t.HelmChartContainer - [hivemq-test-hivemq-platform] [hivemq-platform-operator] [f9ed90dc] 23:34:08.228 [pool-6-thread-12] DEBUG c.h.p.o.d.PlatformServiceResource - [helmcust] Desired Platform services (3 services)
2025-01-28 23:34:08,235 INFO c.h.h.t.HelmChartContainer - [hivemq-test-hivemq-platform] [hivemq-platform-operator] [f9ed90dc] 23:34:08.229 [pool-6-thread-13] DEBUG c.h.p.o.dependants.PodInfoConfigMap - [helmcust] Desired PodInfo ConfigMap (1 extensions) (1 enabled)
2025-01-28 23:34:08,235 INFO c.h.h.t.HelmChartContainer - [hivemq-test-hivemq-platform] [hivemq-platform-operator] [f9ed90dc] 23:34:08.230 [pool-6-thread-13] DEBUG c.h.p.o.dependants.PodInfoConfigMap - [helmcust] Desired PodInfo ConfigMap (metrics port: 9399) (metrics path: /)
2025-01-28 23:34:08,235 INFO c.h.h.t.HelmChartContainer - [hivemq-test-hivemq-platform] [hivemq-platform-operator] [f9ed90dc] 23:34:08.230 [pool-6-thread-13] DEBUG c.h.p.o.dependants.PodInfoConfigMap - [helmcust] Desired PodInfo ConfigMap (extension state hash: -1817474005)
2025-01-28 23:34:08,309 INFO c.h.h.t.HelmChartContainer - [K3S] [alloc.go:330] "allocated clusterIPs" service="helmcustomconfigit/hivemq-test-hivemq-platform-cc-8080" clusterIPs={"IPv4":"10.43.82.75"}
2025-01-28 23:34:08,324 INFO c.h.h.t.HelmChartContainer - [hivemq-test-hivemq-platform] [hivemq-platform-operator] [f9ed90dc] 23:34:08.321 [pool-6-thread-17] DEBUG c.h.p.o.d.PodServiceAccountResource - [helmcust] Desired PodServiceAccountResource (serviceAccountName: hivemq-platform-pod-test-hivemq-platform)
2025-01-28 23:34:08,324 INFO c.h.h.t.HelmChartContainer - [hivemq-test-hivemq-platform] [hivemq-platform-operator] [f9ed90dc] 23:34:08.322 [pool-6-thread-13] DEBUG c.h.p.o.dependants.PodInfoConfigMap - [helmcust] Update PodInfo ConfigMap
2025-01-28 23:34:08,340 INFO c.h.h.t.HelmChartContainer - [K3S] [alloc.go:330] "allocated clusterIPs" service="helmcustomconfigit/hivemq-test-hivemq-platform-metrics-9399" clusterIPs={"IPv4":"10.43.16.101"}
2025-01-28 23:34:08,429 INFO c.h.h.t.HelmChartContainer - [K3S] [alloc.go:330] "allocated clusterIPs" service="helmcustomconfigit/hivemq-test-hivemq-platform-mqtt-1883" clusterIPs={"IPv4":"10.43.16.223"}
2025-01-28 23:34:08,439 INFO c.h.h.t.HelmChartContainer - [hivemq-test-hivemq-platform] [hivemq-platform-operator] [f9ed90dc] 23:34:08.437 [pool-6-thread-20] DEBUG c.h.p.o.d.StatefulSetResource - [helmcust] Desired StatefulSet (1 replicas) for status STARTING (READY)
2025-01-28 23:34:08,530 INFO c.h.h.t.HelmChartContainer - [hivemq-test-hivemq-platform] [hivemq-platform-operator] [f9ed90dc] 23:34:08.528 [pool-6-thread-20] DEBUG c.h.p.o.d.StatefulSetResource - [helmcust] Create StatefulSet
2025-01-28 23:34:08,630 INFO c.h.h.t.HelmChartContainer - [POD] test-hivemq-platform-0 [87d707ac-8295-4ad2-bcdc-9f6ac7a5134c] in helmcustomconfigit was ADDED
2025-01-28 23:34:08,637 INFO c.h.h.t.HelmChartContainer - [EVENT] Normal [Scheduled] Successfully assigned helmcustomconfigit/test-hivemq-platform-0 to 349c386a830b [helmcustomconfigit:test-hivemq-platform-0]
2025-01-28 23:34:08,639 INFO c.h.h.t.HelmChartContainer - [EVENT] Normal [SuccessfulCreate] create Pod test-hivemq-platform-0 in StatefulSet test-hivemq-platform successful [helmcustomconfigit:test-hivemq-platform]
2025-01-28 23:34:08,640 INFO c.h.h.t.HelmChartContainer - [POD] test-hivemq-platform-0 [87d707ac-8295-4ad2-bcdc-9f6ac7a5134c] in helmcustomconfigit was MODIFIED
2025-01-28 23:34:08,652 INFO c.h.h.t.HelmChartContainer - [POD] test-hivemq-platform-0 [87d707ac-8295-4ad2-bcdc-9f6ac7a5134c] in helmcustomconfigit was MODIFIED
2025-01-28 23:34:08,725 INFO c.h.h.t.HelmChartContainer - [hivemq-test-hivemq-platform] [hivemq-platform-operator] [f9ed90dc] 23:34:08.724 [ReconcilerExecutor-hivemq-controller-64] INFO  c.h.p.o.HiveMQPlatformReconciler - [helmcust] Reconciling HiveMQ Platform 'test-hivemq-platform' in namespace 'helmcustomconfigit'
2025-01-28 23:34:08,729 INFO c.h.h.t.HelmChartContainer - [hivemq-test-hivemq-platform] [hivemq-platform-operator] [f9ed90dc] 23:34:08.724 [ReconcilerExecutor-hivemq-controller-64] DEBUG c.h.p.o.HiveMQPlatformReconciler - [helmcust] Custom Resource Status STARTING - HiveMQ Platform is starting (READY)
2025-01-28 23:34:08,729 INFO c.h.h.t.HelmChartContainer - [hivemq-test-hivemq-platform] [hivemq-platform-operator] [f9ed90dc] 23:34:08.724 [ReconcilerExecutor-hivemq-controller-64] DEBUG c.h.p.o.HiveMQPlatformReconciler - [helmcust] Custom Resource Spec (replicas: 1) (extensions: 1)
2025-01-28 23:34:08,729 INFO c.h.h.t.HelmChartContainer - [K3S] [reconciler_common.go:251] "operationExecutor.VerifyControllerAttachedVolume started for volume \"broker-configuration\" (UniqueName: \"kubernetes.io/configmap/87d707ac-8295-4ad2-bcdc-9f6ac7a5134c-broker-configuration\") pod \"test-hivemq-platform-0\" (UID: \"87d707ac-8295-4ad2-bcdc-9f6ac7a5134c\") " pod="helmcustomconfigit/test-hivemq-platform-0"
2025-01-28 23:34:08,730 INFO c.h.h.t.HelmChartContainer - [K3S] [reconciler_common.go:251] "operationExecutor.VerifyControllerAttachedVolume started for volume \"kube-api-access-lc8tm\" (UniqueName: \"kubernetes.io/projected/87d707ac-8295-4ad2-bcdc-9f6ac7a5134c-kube-api-access-lc8tm\") pod \"test-hivemq-platform-0\" (UID: \"87d707ac-8295-4ad2-bcdc-9f6ac7a5134c\") " pod="helmcustomconfigit/test-hivemq-platform-0"
2025-01-28 23:34:08,730 INFO c.h.h.t.HelmChartContainer - [K3S] [reconciler_common.go:251] "operationExecutor.VerifyControllerAttachedVolume started for volume \"pod-info\" (UniqueName: \"kubernetes.io/configmap/87d707ac-8295-4ad2-bcdc-9f6ac7a5134c-pod-info\") pod \"test-hivemq-platform-0\" (UID: \"87d707ac-8295-4ad2-bcdc-9f6ac7a5134c\") " pod="helmcustomconfigit/test-hivemq-platform-0"
2025-01-28 23:34:08,730 INFO c.h.h.t.HelmChartContainer - [K3S] [reconciler_common.go:251] "operationExecutor.VerifyControllerAttachedVolume started for volume \"operator-init\" (UniqueName: \"kubernetes.io/empty-dir/87d707ac-8295-4ad2-bcdc-9f6ac7a5134c-operator-init\") pod \"test-hivemq-platform-0\" (UID: \"87d707ac-8295-4ad2-bcdc-9f6ac7a5134c\") " pod="helmcustomconfigit/test-hivemq-platform-0"
2025-01-28 23:34:08,731 INFO c.h.h.t.HelmChartContainer - [hivemq-test-hivemq-platform] [hivemq-platform-operator] [f9ed90dc] 23:34:08.728 [ReconcilerExecutor-hivemq-controller-64] DEBUG c.h.p.o.HiveMQPlatformReconciler - [helmcust] StatefulSet Status (revision: test-hivemq-platform-66fd65f559, replicas: 1, available: 0, ready: 0, current: 1, updated: 1)
2025-01-28 23:34:08,732 INFO c.h.h.t.HelmChartContainer - [hivemq-test-hivemq-platform] [hivemq-platform-operator] [f9ed90dc] 23:34:08.729 [ReconcilerExecutor-hivemq-controller-64] DEBUG c.h.p.o.HiveMQPlatformReconciler - [helmcust] StatefulSet Spec (replicas: 1, init containers: 1, containers: 1, volumes: 3)
2025-01-28 23:34:08,827 INFO c.h.h.t.HelmChartContainer - [hivemq-test-hivemq-platform] [hivemq-platform-operator] [f9ed90dc] 23:34:08.824 [ReconcilerExecutor-hivemq-controller-64] DEBUG c.h.p.o.h.HiveMQPlatformReconcilerErrorHandler - [helmcust] Pod 'test-hivemq-platform-0' phase Pending
2025-01-28 23:34:08,828 INFO c.h.h.t.HelmChartContainer - [hivemq-test-hivemq-platform] [hivemq-platform-operator] [f9ed90dc] 23:34:08.825 [ReconcilerExecutor-hivemq-controller-64] DEBUG c.h.p.o.h.HiveMQPlatformReconcilerErrorHandler - [helmcust] Pod 'test-hivemq-platform-0' condition 'PodReadyToStartContainers': False
2025-01-28 23:34:08,828 INFO c.h.h.t.HelmChartContainer - [hivemq-test-hivemq-platform] [hivemq-platform-operator] [f9ed90dc] 23:34:08.825 [ReconcilerExecutor-hivemq-controller-64] DEBUG c.h.p.o.h.HiveMQPlatformReconcilerErrorHandler - [helmcust] Pod 'test-hivemq-platform-0' condition 'Initialized': False
2025-01-28 23:34:08,831 INFO c.h.h.t.HelmChartContainer - [hivemq-test-hivemq-platform] [hivemq-platform-operator] [f9ed90dc] 23:34:08.826 [ReconcilerExecutor-hivemq-controller-64] DEBUG c.h.p.o.h.HiveMQPlatformReconcilerErrorHandler - [helmcust] Pod 'test-hivemq-platform-0' condition 'Ready': False
2025-01-28 23:34:08,831 INFO c.h.h.t.HelmChartContainer - [hivemq-test-hivemq-platform] [hivemq-platform-operator] [f9ed90dc] 23:34:08.826 [ReconcilerExecutor-hivemq-controller-64] DEBUG c.h.p.o.h.HiveMQPlatformReconcilerErrorHandler - [helmcust] Pod 'test-hivemq-platform-0' condition 'ContainersReady': False
2025-01-28 23:34:08,832 INFO c.h.h.t.HelmChartContainer - [hivemq-test-hivemq-platform] [hivemq-platform-operator] [f9ed90dc] 23:34:08.826 [ReconcilerExecutor-hivemq-controller-64] DEBUG c.h.p.o.h.HiveMQPlatformReconcilerErrorHandler - [helmcust] Pod 'test-hivemq-platform-0' condition 'PodScheduled': True
2025-01-28 23:34:08,832 INFO c.h.h.t.HelmChartContainer - [hivemq-test-hivemq-platform] [hivemq-platform-operator] [f9ed90dc] 23:34:08.826 [ReconcilerExecutor-hivemq-controller-64] DEBUG c.h.p.o.h.HiveMQPlatformReconcilerErrorHandler - [helmcust] Pod 'test-hivemq-platform-0' containerStatus 'hivemq' (started: false) (ready: false) (waiting: [PodInitializing] null)
2025-01-28 23:34:08,832 INFO c.h.h.t.HelmChartContainer - [hivemq-test-hivemq-platform] [hivemq-platform-operator] [f9ed90dc] 23:34:08.828 [ReconcilerExecutor-hivemq-controller-64] INFO  c.h.p.o.h.HiveMQPlatformReconcilerBaseHandler - [helmcust] HiveMQ Platform is starting, 0 of 1 replicas are ready
2025-01-28 23:34:08,836 INFO c.h.h.t.HelmChartContainer - [hivemq-test-hivemq-platform] [hivemq-platform-operator] [f9ed90dc] 23:34:08.835 [pool-6-thread-22] DEBUG c.h.p.o.d.PlatformServiceResource - [helmcust] Desired Platform services (3 services)
2025-01-28 23:34:08,838 INFO c.h.h.t.HelmChartContainer - [hivemq-test-hivemq-platform] [hivemq-platform-operator] [f9ed90dc] 23:34:08.837 [pool-6-thread-23] DEBUG c.h.p.o.dependants.PodInfoConfigMap - [helmcust] Desired PodInfo ConfigMap (1 extensions) (1 enabled)
2025-01-28 23:34:08,838 INFO c.h.h.t.HelmChartContainer - [hivemq-test-hivemq-platform] [hivemq-platform-operator] [f9ed90dc] 23:34:08.837 [pool-6-thread-23] DEBUG c.h.p.o.dependants.PodInfoConfigMap - [helmcust] Desired PodInfo ConfigMap (metrics port: 9399) (metrics path: /)
2025-01-28 23:34:08,838 INFO c.h.h.t.HelmChartContainer - [hivemq-test-hivemq-platform] [hivemq-platform-operator] [f9ed90dc] 23:34:08.837 [pool-6-thread-23] DEBUG c.h.p.o.dependants.PodInfoConfigMap - [helmcust] Desired PodInfo ConfigMap (extension state hash: -1817474005)
2025-01-28 23:34:08,925 INFO c.h.h.t.HelmChartContainer - [hivemq-test-hivemq-platform] [hivemq-platform-operator] [f9ed90dc] 23:34:08.921 [pool-6-thread-27] DEBUG c.h.p.o.d.PodServiceAccountResource - [helmcust] Desired PodServiceAccountResource (serviceAccountName: hivemq-platform-pod-test-hivemq-platform)
2025-01-28 23:34:08,933 INFO c.h.h.t.HelmChartContainer - [hivemq-test-hivemq-platform] [hivemq-platform-operator] [f9ed90dc] 23:34:08.932 [pool-6-thread-30] DEBUG c.h.p.o.d.StatefulSetResource - [helmcust] Desired StatefulSet (1 replicas) for status STARTING (READY)
2025-01-28 23:34:09,023 INFO c.h.h.t.HelmChartContainer - [hivemq-test-hivemq-platform] [hivemq-platform-operator] [f9ed90dc] 23:34:09.020 [ReconcilerExecutor-hivemq-controller-76] INFO  c.h.p.o.HiveMQPlatformReconciler - [helmcust] Reconciling HiveMQ Platform 'test-hivemq-platform' in namespace 'helmcustomconfigit'
2025-01-28 23:34:09,023 INFO c.h.h.t.HelmChartContainer - [hivemq-test-hivemq-platform] [hivemq-platform-operator] [f9ed90dc] 23:34:09.020 [ReconcilerExecutor-hivemq-controller-76] DEBUG c.h.p.o.HiveMQPlatformReconciler - [helmcust] Custom Resource Status STARTING - HiveMQ Platform is starting (READY)
2025-01-28 23:34:09,023 INFO c.h.h.t.HelmChartContainer - [hivemq-test-hivemq-platform] [hivemq-platform-operator] [f9ed90dc] 23:34:09.020 [ReconcilerExecutor-hivemq-controller-76] DEBUG c.h.p.o.HiveMQPlatformReconciler - [helmcust] Custom Resource Spec (replicas: 1) (extensions: 1)
2025-01-28 23:34:09,025 INFO c.h.h.t.HelmChartContainer - [hivemq-test-hivemq-platform] [hivemq-platform-operator] [f9ed90dc] 23:34:09.023 [ReconcilerExecutor-hivemq-controller-76] DEBUG c.h.p.o.HiveMQPlatformReconciler - [helmcust] StatefulSet Status (revision: test-hivemq-platform-66fd65f559, replicas: 1, available: 0, ready: 0, current: 1, updated: 1)
2025-01-28 23:34:09,027 INFO c.h.h.t.HelmChartContainer - [hivemq-test-hivemq-platform] [hivemq-platform-operator] [f9ed90dc] 23:34:09.023 [ReconcilerExecutor-hivemq-controller-76] DEBUG c.h.p.o.HiveMQPlatformReconciler - [helmcust] StatefulSet Spec (replicas: 1, init containers: 1, containers: 1, volumes: 3)
2025-01-28 23:34:09,030 INFO c.h.h.t.HelmChartContainer - [EVENT] Normal [Pulled] Container image "docker.io/hivemq/hivemq-platform-operator-init-test:snapshot" already present on machine [helmcustomconfigit:test-hivemq-platform-0]
2025-01-28 23:34:09,035 INFO c.h.h.t.HelmChartContainer - [hivemq-test-hivemq-platform] [hivemq-platform-operator] [f9ed90dc] 23:34:09.033 [ReconcilerExecutor-hivemq-controller-76] DEBUG c.h.p.o.h.HiveMQPlatformReconcilerErrorHandler - [helmcust] Pod 'test-hivemq-platform-0' phase Pending
2025-01-28 23:34:09,036 INFO c.h.h.t.HelmChartContainer - [hivemq-test-hivemq-platform] [hivemq-platform-operator] [f9ed90dc] 23:34:09.033 [ReconcilerExecutor-hivemq-controller-76] DEBUG c.h.p.o.h.HiveMQPlatformReconcilerErrorHandler - [helmcust] Pod 'test-hivemq-platform-0' condition 'PodReadyToStartContainers': False
2025-01-28 23:34:09,036 INFO c.h.h.t.HelmChartContainer - [hivemq-test-hivemq-platform] [hivemq-platform-operator] [f9ed90dc] 23:34:09.033 [ReconcilerExecutor-hivemq-controller-76] DEBUG c.h.p.o.h.HiveMQPlatformReconcilerErrorHandler - [helmcust] Pod 'test-hivemq-platform-0' condition 'Initialized': False
2025-01-28 23:34:09,036 INFO c.h.h.t.HelmChartContainer - [hivemq-test-hivemq-platform] [hivemq-platform-operator] [f9ed90dc] 23:34:09.034 [ReconcilerExecutor-hivemq-controller-76] DEBUG c.h.p.o.h.HiveMQPlatformReconcilerErrorHandler - [helmcust] Pod 'test-hivemq-platform-0' condition 'Ready': False
2025-01-28 23:34:09,036 INFO c.h.h.t.HelmChartContainer - [hivemq-test-hivemq-platform] [hivemq-platform-operator] [f9ed90dc] 23:34:09.034 [ReconcilerExecutor-hivemq-controller-76] DEBUG c.h.p.o.h.HiveMQPlatformReconcilerErrorHandler - [helmcust] Pod 'test-hivemq-platform-0' condition 'ContainersReady': False
2025-01-28 23:34:09,036 INFO c.h.h.t.HelmChartContainer - [hivemq-test-hivemq-platform] [hivemq-platform-operator] [f9ed90dc] 23:34:09.034 [ReconcilerExecutor-hivemq-controller-76] DEBUG c.h.p.o.h.HiveMQPlatformReconcilerErrorHandler - [helmcust] Pod 'test-hivemq-platform-0' condition 'PodScheduled': True
2025-01-28 23:34:09,036 INFO c.h.h.t.HelmChartContainer - [hivemq-test-hivemq-platform] [hivemq-platform-operator] [f9ed90dc] 23:34:09.034 [ReconcilerExecutor-hivemq-controller-76] DEBUG c.h.p.o.h.HiveMQPlatformReconcilerErrorHandler - [helmcust] Pod 'test-hivemq-platform-0' containerStatus 'hivemq' (started: false) (ready: false) (waiting: [PodInitializing] null)
2025-01-28 23:34:09,040 INFO c.h.h.t.HelmChartContainer - [hivemq-test-hivemq-platform] [hivemq-platform-operator] [f9ed90dc] 23:34:09.037 [ReconcilerExecutor-hivemq-controller-76] INFO  c.h.p.o.h.HiveMQPlatformReconcilerBaseHandler - [helmcust] HiveMQ Platform is starting, 0 of 1 replicas are ready
2025-01-28 23:34:09,048 INFO c.h.h.t.HelmChartContainer - [EVENT] Normal [Created] Created container: hivemq-platform-operator-init [helmcustomconfigit:test-hivemq-platform-0]
2025-01-28 23:34:09,091 INFO c.h.h.t.HelmChartContainer - [EVENT] Normal [Started] Started container hivemq-platform-operator-init [helmcustomconfigit:test-hivemq-platform-0]
2025-01-28 23:34:09,122 INFO c.h.h.t.HelmChartContainer - [POD] test-hivemq-platform-0 [87d707ac-8295-4ad2-bcdc-9f6ac7a5134c] in helmcustomconfigit was MODIFIED
2025-01-28 23:34:09,139 INFO c.h.h.t.HelmChartContainer - [hivemq-test-hivemq-platform] [hivemq-platform-operator] [f9ed90dc] 23:34:09.137 [pool-6-thread-32] DEBUG c.h.p.o.d.PlatformServiceResource - [helmcust] Desired Platform services (3 services)
2025-01-28 23:34:09,148 INFO c.h.h.t.HelmChartContainer - [hivemq-test-hivemq-platform] [hivemq-platform-operator] [f9ed90dc] 23:34:09.141 [pool-6-thread-33] DEBUG c.h.p.o.dependants.PodInfoConfigMap - [helmcust] Desired PodInfo ConfigMap (1 extensions) (1 enabled)
2025-01-28 23:34:09,148 INFO c.h.h.t.HelmChartContainer - [hivemq-test-hivemq-platform] [hivemq-platform-operator] [f9ed90dc] 23:34:09.141 [pool-6-thread-33] DEBUG c.h.p.o.dependants.PodInfoConfigMap - [helmcust] Desired PodInfo ConfigMap (metrics port: 9399) (metrics path: /)
2025-01-28 23:34:09,148 INFO c.h.h.t.HelmChartContainer - [hivemq-test-hivemq-platform] [hivemq-platform-operator] [f9ed90dc] 23:34:09.141 [pool-6-thread-33] DEBUG c.h.p.o.dependants.PodInfoConfigMap - [helmcust] Desired PodInfo ConfigMap (extension state hash: -1817474005)
2025-01-28 23:34:09,153 INFO c.h.h.t.HelmChartContainer - [hivemq-test-hivemq-platform] [hivemq-platform-operator] [f9ed90dc] 23:34:09.151 [pool-6-thread-37] DEBUG c.h.p.o.d.PodServiceAccountResource - [helmcust] Desired PodServiceAccountResource (serviceAccountName: hivemq-platform-pod-test-hivemq-platform)
2025-01-28 23:34:09,230 INFO c.h.h.t.HelmChartContainer - [hivemq-test-hivemq-platform] [hivemq-platform-operator] [f9ed90dc] 23:34:09.227 [pool-6-thread-40] DEBUG c.h.p.o.d.StatefulSetResource - [helmcust] Desired StatefulSet (1 replicas) for status STARTING (READY)
2025-01-28 23:34:09,232 INFO c.h.h.t.HelmChartContainer - [hivemq-test-hivemq-platform] [hivemq-platform-operator] [f9ed90dc] 23:34:09.231 [ReconcilerExecutor-hivemq-controller-87] INFO  c.h.p.o.HiveMQPlatformReconciler - [helmcust] Reconciling HiveMQ Platform 'test-hivemq-platform' in namespace 'helmcustomconfigit'
2025-01-28 23:34:09,234 INFO c.h.h.t.HelmChartContainer - [hivemq-test-hivemq-platform] [hivemq-platform-operator] [f9ed90dc] 23:34:09.231 [ReconcilerExecutor-hivemq-controller-87] DEBUG c.h.p.o.HiveMQPlatformReconciler - [helmcust] Custom Resource Status STARTING - HiveMQ Platform is starting (READY)
2025-01-28 23:34:09,234 INFO c.h.h.t.HelmChartContainer - [hivemq-test-hivemq-platform] [hivemq-platform-operator] [f9ed90dc] 23:34:09.231 [ReconcilerExecutor-hivemq-controller-87] DEBUG c.h.p.o.HiveMQPlatformReconciler - [helmcust] Custom Resource Spec (replicas: 1) (extensions: 1)
2025-01-28 23:34:09,235 INFO c.h.h.t.HelmChartContainer - [hivemq-test-hivemq-platform] [hivemq-platform-operator] [f9ed90dc] 23:34:09.233 [ReconcilerExecutor-hivemq-controller-87] DEBUG c.h.p.o.HiveMQPlatformReconciler - [helmcust] StatefulSet Status (revision: test-hivemq-platform-66fd65f559, replicas: 1, available: 0, ready: 0, current: 1, updated: 1)
2025-01-28 23:34:09,236 INFO c.h.h.t.HelmChartContainer - [hivemq-test-hivemq-platform] [hivemq-platform-operator] [f9ed90dc] 23:34:09.233 [ReconcilerExecutor-hivemq-controller-87] DEBUG c.h.p.o.HiveMQPlatformReconciler - [helmcust] StatefulSet Spec (replicas: 1, init containers: 1, containers: 1, volumes: 3)
2025-01-28 23:34:09,237 INFO c.h.h.t.HelmChartContainer - [hivemq-test-hivemq-platform] [hivemq-platform-operator] [f9ed90dc] 23:34:09.236 [ReconcilerExecutor-hivemq-controller-87] DEBUG c.h.p.o.h.HiveMQPlatformReconcilerErrorHandler - [helmcust] Pod 'test-hivemq-platform-0' phase Pending
2025-01-28 23:34:09,239 INFO c.h.h.t.HelmChartContainer - [hivemq-test-hivemq-platform] [hivemq-platform-operator] [f9ed90dc] 23:34:09.236 [ReconcilerExecutor-hivemq-controller-87] DEBUG c.h.p.o.h.HiveMQPlatformReconcilerErrorHandler - [helmcust] Pod 'test-hivemq-platform-0' condition 'PodReadyToStartContainers': True
2025-01-28 23:34:09,239 INFO c.h.h.t.HelmChartContainer - [hivemq-test-hivemq-platform] [hivemq-platform-operator] [f9ed90dc] 23:34:09.237 [ReconcilerExecutor-hivemq-controller-87] DEBUG c.h.p.o.h.HiveMQPlatformReconcilerErrorHandler - [helmcust] Pod 'test-hivemq-platform-0' condition 'Initialized': False
2025-01-28 23:34:09,239 INFO c.h.h.t.HelmChartContainer - [hivemq-test-hivemq-platform] [hivemq-platform-operator] [f9ed90dc] 23:34:09.237 [ReconcilerExecutor-hivemq-controller-87] DEBUG c.h.p.o.h.HiveMQPlatformReconcilerErrorHandler - [helmcust] Pod 'test-hivemq-platform-0' condition 'Ready': False
2025-01-28 23:34:09,239 INFO c.h.h.t.HelmChartContainer - [hivemq-test-hivemq-platform] [hivemq-platform-operator] [f9ed90dc] 23:34:09.237 [ReconcilerExecutor-hivemq-controller-87] DEBUG c.h.p.o.h.HiveMQPlatformReconcilerErrorHandler - [helmcust] Pod 'test-hivemq-platform-0' condition 'ContainersReady': False
2025-01-28 23:34:09,239 INFO c.h.h.t.HelmChartContainer - [hivemq-test-hivemq-platform] [hivemq-platform-operator] [f9ed90dc] 23:34:09.237 [ReconcilerExecutor-hivemq-controller-87] DEBUG c.h.p.o.h.HiveMQPlatformReconcilerErrorHandler - [helmcust] Pod 'test-hivemq-platform-0' condition 'PodScheduled': True
2025-01-28 23:34:09,239 INFO c.h.h.t.HelmChartContainer - [hivemq-test-hivemq-platform] [hivemq-platform-operator] [f9ed90dc] 23:34:09.237 [ReconcilerExecutor-hivemq-controller-87] DEBUG c.h.p.o.h.HiveMQPlatformReconcilerErrorHandler - [helmcust] Pod 'test-hivemq-platform-0' containerStatus 'hivemq' (started: false) (ready: false) (waiting: [PodInitializing] null)
2025-01-28 23:34:09,321 INFO c.h.h.t.HelmChartContainer - [hivemq-test-hivemq-platform] [hivemq-platform-operator] [f9ed90dc] 23:34:09.320 [ReconcilerExecutor-hivemq-controller-87] INFO  c.h.p.o.h.HiveMQPlatformReconcilerBaseHandler - [helmcust] HiveMQ Platform is starting, 0 of 1 replicas are ready
2025-01-28 23:34:10,117 INFO c.h.h.t.HelmChartContainer - [EVENT] Normal [Pulled] Container image "docker.io/hivemq/hivemq4:4.36.0" already present on machine [helmcustomconfigit:test-hivemq-platform-0]
2025-01-28 23:34:10,117 INFO c.h.h.t.HelmChartContainer - Received Pulled event for container hivemq in pod test-hivemq-platform-0 [87d707ac-8295-4ad2-bcdc-9f6ac7a5134c]
2025-01-28 23:34:10,131 INFO c.h.h.t.HelmChartContainer - [POD] test-hivemq-platform-0 [87d707ac-8295-4ad2-bcdc-9f6ac7a5134c] in helmcustomconfigit was MODIFIED
2025-01-28 23:34:10,132 INFO c.h.h.t.HelmChartContainer - [EVENT] Normal [Created] Created container: hivemq [helmcustomconfigit:test-hivemq-platform-0]
2025-01-28 23:34:10,132 INFO c.h.h.t.HelmChartContainer - Received Created event for container hivemq in pod test-hivemq-platform-0 [87d707ac-8295-4ad2-bcdc-9f6ac7a5134c]
2025-01-28 23:34:10,137 INFO c.h.h.t.HelmChartContainer - [hivemq-test-hivemq-platform] [hivemq-platform-operator] [f9ed90dc] 23:34:10.133 [pool-6-thread-42] DEBUG c.h.p.o.d.PlatformServiceResource - [helmcust] Desired Platform services (3 services)
2025-01-28 23:34:10,140 INFO c.h.h.t.HelmChartContainer - [hivemq-test-hivemq-platform] [hivemq-platform-operator] [f9ed90dc] 23:34:10.134 [pool-6-thread-43] DEBUG c.h.p.o.dependants.PodInfoConfigMap - [helmcust] Desired PodInfo ConfigMap (1 extensions) (1 enabled)
2025-01-28 23:34:10,145 INFO c.h.h.t.HelmChartContainer - [hivemq-test-hivemq-platform] [hivemq-platform-operator] [f9ed90dc] 23:34:10.139 [pool-6-thread-47] DEBUG c.h.p.o.d.PodServiceAccountResource - [helmcust] Desired PodServiceAccountResource (serviceAccountName: hivemq-platform-pod-test-hivemq-platform)
2025-01-28 23:34:10,150 INFO c.h.h.t.HelmChartContainer - [hivemq-test-hivemq-platform] [hivemq-platform-operator] [f9ed90dc] 23:34:10.141 [pool-6-thread-43] DEBUG c.h.p.o.dependants.PodInfoConfigMap - [helmcust] Desired PodInfo ConfigMap (metrics port: 9399) (metrics path: /)
2025-01-28 23:34:10,150 INFO c.h.h.t.HelmChartContainer - [hivemq-test-hivemq-platform] [hivemq-platform-operator] [f9ed90dc] 23:34:10.141 [pool-6-thread-43] DEBUG c.h.p.o.dependants.PodInfoConfigMap - [helmcust] Desired PodInfo ConfigMap (extension state hash: -1817474005)
2025-01-28 23:34:10,151 INFO c.h.h.t.HelmChartContainer - [hivemq-test-hivemq-platform] [hivemq-platform-operator] [f9ed90dc] 23:34:10.148 [pool-6-thread-50] DEBUG c.h.p.o.d.StatefulSetResource - [helmcust] Desired StatefulSet (1 replicas) for status STARTING (READY)
2025-01-28 23:34:10,225 INFO c.h.h.t.HelmChartContainer - [hivemq-test-hivemq-platform] [hivemq-platform-operator] [f9ed90dc] 23:34:10.223 [ReconcilerExecutor-hivemq-controller-98] INFO  c.h.p.o.HiveMQPlatformReconciler - [helmcust] Reconciling HiveMQ Platform 'test-hivemq-platform' in namespace 'helmcustomconfigit'
2025-01-28 23:34:10,226 INFO c.h.h.t.HelmChartContainer - [hivemq-test-hivemq-platform] [hivemq-platform-operator] [f9ed90dc] 23:34:10.223 [ReconcilerExecutor-hivemq-controller-98] DEBUG c.h.p.o.HiveMQPlatformReconciler - [helmcust] Custom Resource Status STARTING - HiveMQ Platform is starting (READY)
2025-01-28 23:34:10,226 INFO c.h.h.t.HelmChartContainer - [hivemq-test-hivemq-platform] [hivemq-platform-operator] [f9ed90dc] 23:34:10.223 [ReconcilerExecutor-hivemq-controller-98] DEBUG c.h.p.o.HiveMQPlatformReconciler - [helmcust] Custom Resource Spec (replicas: 1) (extensions: 1)
2025-01-28 23:34:10,228 INFO c.h.h.t.HelmChartContainer - [hivemq-test-hivemq-platform] [hivemq-platform-operator] [f9ed90dc] 23:34:10.227 [ReconcilerExecutor-hivemq-controller-98] DEBUG c.h.p.o.HiveMQPlatformReconciler - [helmcust] StatefulSet Status (revision: test-hivemq-platform-66fd65f559, replicas: 1, available: 0, ready: 0, current: 1, updated: 1)
2025-01-28 23:34:10,228 INFO c.h.h.t.HelmChartContainer - [hivemq-test-hivemq-platform] [hivemq-platform-operator] [f9ed90dc] 23:34:10.227 [ReconcilerExecutor-hivemq-controller-98] DEBUG c.h.p.o.HiveMQPlatformReconciler - [helmcust] StatefulSet Spec (replicas: 1, init containers: 1, containers: 1, volumes: 3)
2025-01-28 23:34:10,231 INFO c.h.h.t.HelmChartContainer - [hivemq-test-hivemq-platform] [hivemq-platform-operator] [f9ed90dc] 23:34:10.230 [ReconcilerExecutor-hivemq-controller-98] DEBUG c.h.p.o.h.HiveMQPlatformReconcilerErrorHandler - [helmcust] Pod 'test-hivemq-platform-0' phase Pending
2025-01-28 23:34:10,233 INFO c.h.h.t.HelmChartContainer - [hivemq-test-hivemq-platform] [hivemq-platform-operator] [f9ed90dc] 23:34:10.230 [ReconcilerExecutor-hivemq-controller-98] DEBUG c.h.p.o.h.HiveMQPlatformReconcilerErrorHandler - [helmcust] Pod 'test-hivemq-platform-0' condition 'PodReadyToStartContainers': True
2025-01-28 23:34:10,233 INFO c.h.h.t.HelmChartContainer - [hivemq-test-hivemq-platform] [hivemq-platform-operator] [f9ed90dc] 23:34:10.230 [ReconcilerExecutor-hivemq-controller-98] DEBUG c.h.p.o.h.HiveMQPlatformReconcilerErrorHandler - [helmcust] Pod 'test-hivemq-platform-0' condition 'Initialized': True
2025-01-28 23:34:10,233 INFO c.h.h.t.HelmChartContainer - [hivemq-test-hivemq-platform] [hivemq-platform-operator] [f9ed90dc] 23:34:10.230 [ReconcilerExecutor-hivemq-controller-98] DEBUG c.h.p.o.h.HiveMQPlatformReconcilerErrorHandler - [helmcust] Pod 'test-hivemq-platform-0' condition 'Ready': False
2025-01-28 23:34:10,233 INFO c.h.h.t.HelmChartContainer - [hivemq-test-hivemq-platform] [hivemq-platform-operator] [f9ed90dc] 23:34:10.230 [ReconcilerExecutor-hivemq-controller-98] DEBUG c.h.p.o.h.HiveMQPlatformReconcilerErrorHandler - [helmcust] Pod 'test-hivemq-platform-0' condition 'ContainersReady': False
2025-01-28 23:34:10,234 INFO c.h.h.t.HelmChartContainer - [hivemq-test-hivemq-platform] [hivemq-platform-operator] [f9ed90dc] 23:34:10.230 [ReconcilerExecutor-hivemq-controller-98] DEBUG c.h.p.o.h.HiveMQPlatformReconcilerErrorHandler - [helmcust] Pod 'test-hivemq-platform-0' condition 'PodScheduled': True
2025-01-28 23:34:10,234 INFO c.h.h.t.HelmChartContainer - [hivemq-test-hivemq-platform] [hivemq-platform-operator] [f9ed90dc] 23:34:10.230 [ReconcilerExecutor-hivemq-controller-98] DEBUG c.h.p.o.h.HiveMQPlatformReconcilerErrorHandler - [helmcust] Pod 'test-hivemq-platform-0' containerStatus 'hivemq' (started: false) (ready: false) (waiting: [PodInitializing] null)
2025-01-28 23:34:10,234 INFO c.h.h.t.HelmChartContainer - [hivemq-test-hivemq-platform] [hivemq-platform-operator] [f9ed90dc] 23:34:10.232 [ReconcilerExecutor-hivemq-controller-98] INFO  c.h.p.o.h.HiveMQPlatformReconcilerBaseHandler - [helmcust] HiveMQ Platform is starting, 0 of 1 replicas are ready
2025-01-28 23:34:11,141 INFO c.h.h.t.HelmChartContainer - [POD] test-hivemq-platform-0 [87d707ac-8295-4ad2-bcdc-9f6ac7a5134c] in helmcustomconfigit was MODIFIED
2025-01-28 23:34:11,155 INFO c.h.h.t.HelmChartContainer - [hivemq-test-hivemq-platform] [hivemq-platform-operator] [f9ed90dc] 23:34:11.149 [pool-6-thread-8] DEBUG c.h.p.o.d.PlatformServiceResource - [helmcust] Desired Platform services (3 services)
2025-01-28 23:34:11,156 INFO c.h.h.t.HelmChartContainer - [EVENT] Normal [Started] Started container hivemq [helmcustomconfigit:test-hivemq-platform-0]
2025-01-28 23:34:11,157 INFO c.h.h.t.HelmChartContainer - Received Started event for container hivemq in pod test-hivemq-platform-0 [87d707ac-8295-4ad2-bcdc-9f6ac7a5134c]
2025-01-28 23:34:11,156 INFO c.h.h.t.HelmChartContainer - Started log watcher for hivemq in pod test-hivemq-platform-0 [87d707ac-8295-4ad2-bcdc-9f6ac7a5134c]
2025-01-28 23:34:11,157 INFO c.h.h.t.HelmChartContainer - [test-hivemq-platform] [hivemq] [87d707ac] Adding pre-installed HiveMQ Platform Operator extensions
2025-01-28 23:34:11,157 INFO c.h.h.t.HelmChartContainer - [test-hivemq-platform] [hivemq] [87d707ac] Running as user 10000
2025-01-28 23:34:11,158 INFO c.h.h.t.HelmChartContainer - [test-hivemq-platform] [hivemq] [87d707ac] Starting HiveMQ Platform Operator Init
2025-01-28 23:34:11,158 INFO c.h.h.t.HelmChartContainer - [test-hivemq-platform] [hivemq] [87d707ac] INFO  - [HiveMQ Platform Operator Init 1.7.0-SNAPSHOT] HiveMQ Platform Operator Init 1.7.0-SNAPSHOT (commit: bebf408 on branch: HEAD) built on Sun Jan 26 20:47:47 UTC 2025
2025-01-28 23:34:11,158 INFO c.h.h.t.HelmChartContainer - [test-hivemq-platform] [hivemq] [87d707ac] INFO  - [HiveMQ Platform Operator Init App 1.7.0-SNAPSHOT] Using bind address 10.42.0.6 from environment variable
2025-01-28 23:34:11,158 INFO c.h.h.t.HelmChartContainer - [test-hivemq-platform] [hivemq] [87d707ac] INFO  - [HiveMQ Platform Operator Init App 1.7.0-SNAPSHOT] HiveMQ Platform Operator Init App 1.7.0-SNAPSHOT (commit: bebf408 on branch: HEAD) built on Sun Jan 26 20:47:47 UTC 2025
2025-01-28 23:34:11,158 INFO c.h.h.t.HelmChartContainer - [test-hivemq-platform] [hivemq] [87d707ac] INFO  - [HiveMQ Platform Operator Init App 1.7.0-SNAPSHOT] PodInfo ConfigMap directory: /etc/podinfo
2025-01-28 23:34:11,158 INFO c.h.h.t.HelmChartContainer - [test-hivemq-platform] [hivemq] [87d707ac] INFO  - [HiveMQ Platform Operator Init App 1.7.0-SNAPSHOT] HiveMQ home directory: /opt/hivemq
2025-01-28 23:34:11,158 INFO c.h.h.t.HelmChartContainer - [test-hivemq-platform] [hivemq] [87d707ac] INFO  - [HiveMQ Platform Operator Init App 1.7.0-SNAPSHOT] HiveMQ Logback folder: /opt/hivemq/conf
2025-01-28 23:34:11,158 INFO c.h.h.t.HelmChartContainer - [test-hivemq-platform] [hivemq] [87d707ac] INFO  - [HiveMQ Platform Operator Init App 1.7.0-SNAPSHOT] HiveMQ Config folder: /opt/hivemq/conf-k8s
2025-01-28 23:34:11,158 INFO c.h.h.t.HelmChartContainer - [test-hivemq-platform] [hivemq] [87d707ac] INFO  - [HiveMQ Platform Operator Init App 1.7.0-SNAPSHOT] Starting HiveMQ Platform Operator Init App
2025-01-28 23:34:11,158 INFO c.h.h.t.HelmChartContainer - [test-hivemq-platform] [hivemq] [87d707ac] INFO  - [HiveMQ Platform Operator Init App 1.7.0-SNAPSHOT] Starting Pod reconciler
2025-01-28 23:34:11,168 INFO c.h.h.t.HelmChartContainer - [hivemq-test-hivemq-platform] [hivemq-platform-operator] [f9ed90dc] 23:34:11.164 [pool-6-thread-6] DEBUG c.h.p.o.d.PodServiceAccountResource - [helmcust] Desired PodServiceAccountResource (serviceAccountName: hivemq-platform-pod-test-hivemq-platform)
2025-01-28 23:34:11,173 INFO c.h.h.t.HelmChartContainer - [hivemq-test-hivemq-platform] [hivemq-platform-operator] [f9ed90dc] 23:34:11.153 [pool-6-thread-9] DEBUG c.h.p.o.dependants.PodInfoConfigMap - [helmcust] Desired PodInfo ConfigMap (1 extensions) (1 enabled)
2025-01-28 23:34:11,174 INFO c.h.h.t.HelmChartContainer - [hivemq-test-hivemq-platform] [hivemq-platform-operator] [f9ed90dc] 23:34:11.170 [pool-6-thread-9] DEBUG c.h.p.o.dependants.PodInfoConfigMap - [helmcust] Desired PodInfo ConfigMap (metrics port: 9399) (metrics path: /)
2025-01-28 23:34:11,175 INFO c.h.h.t.HelmChartContainer - [hivemq-test-hivemq-platform] [hivemq-platform-operator] [f9ed90dc] 23:34:11.170 [pool-6-thread-9] DEBUG c.h.p.o.dependants.PodInfoConfigMap - [helmcust] Desired PodInfo ConfigMap (extension state hash: -1817474005)
2025-01-28 23:34:11,226 INFO c.h.h.t.HelmChartContainer - [hivemq-test-hivemq-platform] [hivemq-platform-operator] [f9ed90dc] 23:34:11.225 [pool-6-thread-10] DEBUG c.h.p.o.d.StatefulSetResource - [helmcust] Desired StatefulSet (1 replicas) for status STARTING (READY)
2025-01-28 23:34:11,234 INFO c.h.h.t.HelmChartContainer - [hivemq-test-hivemq-platform] [hivemq-platform-operator] [f9ed90dc] 23:34:11.230 [ReconcilerExecutor-hivemq-controller-109] INFO  c.h.p.o.HiveMQPlatformReconciler - [helmcust] Reconciling HiveMQ Platform 'test-hivemq-platform' in namespace 'helmcustomconfigit'
2025-01-28 23:34:11,235 INFO c.h.h.t.HelmChartContainer - [hivemq-test-hivemq-platform] [hivemq-platform-operator] [f9ed90dc] 23:34:11.230 [ReconcilerExecutor-hivemq-controller-109] DEBUG c.h.p.o.HiveMQPlatformReconciler - [helmcust] Custom Resource Status STARTING - HiveMQ Platform is starting (READY)
2025-01-28 23:34:11,235 INFO c.h.h.t.HelmChartContainer - [hivemq-test-hivemq-platform] [hivemq-platform-operator] [f9ed90dc] 23:34:11.230 [ReconcilerExecutor-hivemq-controller-109] DEBUG c.h.p.o.HiveMQPlatformReconciler - [helmcust] Custom Resource Spec (replicas: 1) (extensions: 1)
2025-01-28 23:34:11,235 INFO c.h.h.t.HelmChartContainer - [hivemq-test-hivemq-platform] [hivemq-platform-operator] [f9ed90dc] 23:34:11.232 [ReconcilerExecutor-hivemq-controller-109] DEBUG c.h.p.o.HiveMQPlatformReconciler - [helmcust] StatefulSet Status (revision: test-hivemq-platform-66fd65f559, replicas: 1, available: 0, ready: 0, current: 1, updated: 1)
2025-01-28 23:34:11,235 INFO c.h.h.t.HelmChartContainer - [hivemq-test-hivemq-platform] [hivemq-platform-operator] [f9ed90dc] 23:34:11.232 [ReconcilerExecutor-hivemq-controller-109] DEBUG c.h.p.o.HiveMQPlatformReconciler - [helmcust] StatefulSet Spec (replicas: 1, init containers: 1, containers: 1, volumes: 3)
2025-01-28 23:34:11,237 INFO c.h.h.t.HelmChartContainer - [hivemq-test-hivemq-platform] [hivemq-platform-operator] [f9ed90dc] 23:34:11.235 [ReconcilerExecutor-hivemq-controller-109] DEBUG c.h.p.o.h.HiveMQPlatformReconcilerErrorHandler - [helmcust] Pod 'test-hivemq-platform-0' phase Running
2025-01-28 23:34:11,239 INFO c.h.h.t.HelmChartContainer - [hivemq-test-hivemq-platform] [hivemq-platform-operator] [f9ed90dc] 23:34:11.237 [ReconcilerExecutor-hivemq-controller-109] INFO  c.h.p.o.h.HiveMQPlatformReconcilerBaseHandler - [helmcust] HiveMQ Platform is starting, 0 of 1 replicas are ready
2025-01-28 23:34:11,477 INFO c.h.h.t.HelmChartContainer - [test-hivemq-platform] [hivemq] [87d707ac] INFO  - [HiveMQ Platform Operator Init App 1.7.0-SNAPSHOT] Pod reconciler is scheduled (interval: 5000 ms)
2025-01-28 23:34:11,478 INFO c.h.h.t.HelmChartContainer - [test-hivemq-platform] [hivemq] [87d707ac] INFO  - [HiveMQ Platform Operator Init App 1.7.0-SNAPSHOT] Starting the REST API on 10.42.0.6:7979
2025-01-28 23:34:11,480 INFO c.h.h.t.HelmChartContainer - [test-hivemq-platform] [hivemq] [87d707ac] INFO  - [HiveMQ Platform Operator Init App 1.7.0-SNAPSHOT] Waiting up to 600s for at most 1 HiveMQ nodes in cluster service hivemq-test-hivemq-platform-cluster.helmcustomconfigit.svc
2025-01-28 23:34:11,586 INFO c.h.h.t.HelmChartContainer - [test-hivemq-platform] [hivemq] [87d707ac] INFO  - [HiveMQ Platform Operator Init App 1.7.0-SNAPSHOT] Resolved 1 IP addresses: [10.42.0.6]
2025-01-28 23:34:11,586 INFO c.h.h.t.HelmChartContainer - [test-hivemq-platform] [hivemq] [87d707ac] INFO  - [HiveMQ Platform Operator Init App 1.7.0-SNAPSHOT] HiveMQ node count of 1 is within threshold of 1
2025-01-28 23:34:11,586 INFO c.h.h.t.HelmChartContainer - [test-hivemq-platform] [hivemq] [87d707ac] INFO  - [HiveMQ Platform Operator Init App 1.7.0-SNAPSHOT] Proceeding with container start
2025-01-28 23:34:11,613 INFO c.h.h.t.HelmChartContainer - [test-hivemq-platform] [hivemq] [87d707ac] INFO  - [HiveMQ Platform Operator Init App 1.7.0-SNAPSHOT] Initializing HiveMQ Platform extensions with initial configuration: {hivemq-allow-all-extension={start-priority=-1, skip-https-hostname-verification=false, restart=true, config-version=0, header-version=0, c-uri=, priority=-1, uri=preinstalled, skip-https-certificate-validation=false, enabled=true}, hivemq-prometheus-extension={start-priority=-1, c-uri=, skip-https-hostname-verification=false, skip-https-certificate-validation=false, uri=preinstalled, request-header-path=no-request-headers, enabled=true, restart=true, priority=-1}}
2025-01-28 23:34:11,780 INFO c.h.h.t.HelmChartContainer - [test-hivemq-platform] [hivemq] [87d707ac] INFO  - [HiveMQ Platform Operator Init App 1.7.0-SNAPSHOT] Extension hivemq-allow-all-extension was already enabled
2025-01-28 23:34:11,791 INFO c.h.h.t.HelmChartContainer - [test-hivemq-platform] [hivemq] [87d707ac] INFO  - [HiveMQ Platform Operator Init App 1.7.0-SNAPSHOT] Successfully enabled extension hivemq-prometheus-extension
2025-01-28 23:34:11,794 INFO c.h.h.t.HelmChartContainer - [test-hivemq-platform] [hivemq] [87d707ac] INFO  - [HiveMQ Platform Operator Init App 1.7.0-SNAPSHOT] Starting HiveMQ Platform version 4.36.0 (4.36.0)
2025-01-28 23:34:11,794 INFO c.h.h.t.HelmChartContainer - [test-hivemq-platform] [hivemq] [87d707ac] INFO  - [HiveMQ Platform Operator Init App 1.7.0-SNAPSHOT] Configuring the HiveMQ Platform
2025-01-28 23:34:11,811 INFO c.h.h.t.HelmChartContainer - [test-hivemq-platform] [hivemq] [87d707ac] INFO  - [HiveMQ Platform Operator Init App 1.7.0-SNAPSHOT] Changed logback.xml file scan period to 20 seconds
2025-01-28 23:34:11,824 INFO c.h.h.t.HelmChartContainer - [test-hivemq-platform] [hivemq] [87d707ac] INFO  - [HiveMQ Platform Operator Init App 1.7.0-SNAPSHOT] Starting the HiveMQ Platform
2025-01-28 23:34:11,827 INFO c.h.h.t.HelmChartContainer - [test-hivemq-platform] [hivemq] [87d707ac] -------------------------------------------------------------------------
2025-01-28 23:34:11,828 INFO c.h.h.t.HelmChartContainer - [test-hivemq-platform] [hivemq] [87d707ac] 
2025-01-28 23:34:11,828 INFO c.h.h.t.HelmChartContainer - [test-hivemq-platform] [hivemq] [87d707ac]                   _    _  _              __  __   ____
2025-01-28 23:34:11,828 INFO c.h.h.t.HelmChartContainer - [test-hivemq-platform] [hivemq] [87d707ac]                  | |  | |(_)            |  \/  | / __ \
2025-01-28 23:34:11,828 INFO c.h.h.t.HelmChartContainer - [test-hivemq-platform] [hivemq] [87d707ac]                  | |__| | _ __   __ ___ | \  / || |  | |
2025-01-28 23:34:11,828 INFO c.h.h.t.HelmChartContainer - [test-hivemq-platform] [hivemq] [87d707ac]                  |  __  || |\ \ / // _ \| |\/| || |  | |
2025-01-28 23:34:11,828 INFO c.h.h.t.HelmChartContainer - [test-hivemq-platform] [hivemq] [87d707ac]                  | |  | || | \ V /|  __/| |  | || |__| |
2025-01-28 23:34:11,828 INFO c.h.h.t.HelmChartContainer - [test-hivemq-platform] [hivemq] [87d707ac]                  |_|  |_||_|  \_/  \___||_|  |_| \___\_\
2025-01-28 23:34:11,828 INFO c.h.h.t.HelmChartContainer - [test-hivemq-platform] [hivemq] [87d707ac] 
2025-01-28 23:34:11,828 INFO c.h.h.t.HelmChartContainer - [test-hivemq-platform] [hivemq] [87d707ac] -------------------------------------------------------------------------
2025-01-28 23:34:11,828 INFO c.h.h.t.HelmChartContainer - [test-hivemq-platform] [hivemq] [87d707ac] 
2025-01-28 23:34:11,828 INFO c.h.h.t.HelmChartContainer - [test-hivemq-platform] [hivemq] [87d707ac]   HiveMQ Start Script for Linux/Unix v1.14
2025-01-28 23:34:11,828 INFO c.h.h.t.HelmChartContainer - [test-hivemq-platform] [hivemq] [87d707ac] 
2025-01-28 23:34:11,859 INFO c.h.h.t.HelmChartContainer - [test-hivemq-platform] [hivemq] [87d707ac] -------------------------------------------------------------------------
2025-01-28 23:34:11,859 INFO c.h.h.t.HelmChartContainer - [test-hivemq-platform] [hivemq] [87d707ac] 
2025-01-28 23:34:11,859 INFO c.h.h.t.HelmChartContainer - [test-hivemq-platform] [hivemq] [87d707ac]   HIVEMQ_HOME: /opt/hivemq
2025-01-28 23:34:11,860 INFO c.h.h.t.HelmChartContainer - [test-hivemq-platform] [hivemq] [87d707ac] 
2025-01-28 23:34:11,860 INFO c.h.h.t.HelmChartContainer - [test-hivemq-platform] [hivemq] [87d707ac]   JAVA_OPTS: -XX:+UnlockExperimentalVMOptions -XX:+UseNUMA -Djava.net.preferIPv4Stack=true --add-opens java.base/java.lang=ALL-UNNAMED --add-opens java.base/java.nio=ALL-UNNAMED --add-opens java.base/sun.nio.ch=ALL-UNNAMED --add-opens jdk.management/com.sun.management.internal=ALL-UNNAMED --add-exports java.base/jdk.internal.misc=ALL-UNNAMED -Djava.security.egd=file:/dev/./urandom -Dcom.sun.management.jmxremote -Dcom.sun.management.jmxremote.port=9010 -Dcom.sun.management.jmxremote.local.only=false -Dcom.sun.management.jmxremote.authenticate=false -Dcom.sun.management.jmxremote.ssl=false -Duser.language=en -Duser.region=US -XX:+CrashOnOutOfMemoryError -XX:+HeapDumpOnOutOfMemoryError
2025-01-28 23:34:11,860 INFO c.h.h.t.HelmChartContainer - [test-hivemq-platform] [hivemq] [87d707ac] 
2025-01-28 23:34:11,860 INFO c.h.h.t.HelmChartContainer - [test-hivemq-platform] [hivemq] [87d707ac]   JAVA_VERSION: 21
2025-01-28 23:34:11,861 INFO c.h.h.t.HelmChartContainer - [test-hivemq-platform] [hivemq] [87d707ac] 
2025-01-28 23:34:11,861 INFO c.h.h.t.HelmChartContainer - [test-hivemq-platform] [hivemq] [87d707ac] -------------------------------------------------------------------------
2025-01-28 23:34:11,861 INFO c.h.h.t.HelmChartContainer - [test-hivemq-platform] [hivemq] [87d707ac] 
2025-01-28 23:34:12,457 INFO c.h.h.t.HelmChartContainer - [test-hivemq-platform] [hivemq] [87d707ac] INFO  - Starting HiveMQ Enterprise Server
2025-01-28 23:34:12,464 INFO c.h.h.t.HelmChartContainer - [test-hivemq-platform] [hivemq] [87d707ac] INFO  - HiveMQ version: 4.36.0
2025-01-28 23:34:12,464 INFO c.h.h.t.HelmChartContainer - [test-hivemq-platform] [hivemq] [87d707ac] INFO  - HiveMQ home directory: /opt/hivemq
2025-01-28 23:34:12,465 INFO c.h.h.t.HelmChartContainer - [test-hivemq-platform] [hivemq] [87d707ac] INFO  - Log Configuration was overridden by /opt/hivemq/conf/logback.xml
2025-01-28 23:34:12,773 INFO c.h.h.t.HelmChartContainer - [test-hivemq-platform] [hivemq] [87d707ac] INFO  - Successfully loaded configuration from '/opt/hivemq/conf-k8s/config.xml'.
2025-01-28 23:34:12,851 INFO c.h.h.t.HelmChartContainer - [test-hivemq-platform] [hivemq] [87d707ac] INFO  - This node's ID is HGzAJ
2025-01-28 23:34:12,852 INFO c.h.h.t.HelmChartContainer - [test-hivemq-platform] [hivemq] [87d707ac] INFO  - Clustering is enabled
2025-01-28 23:34:15,581 INFO c.h.h.t.HelmChartContainer - [test-hivemq-platform] [hivemq] [87d707ac] INFO  - No valid license file found. Using trial license, restricted to 25 connections.
2025-01-28 23:34:16,274 INFO c.h.h.t.HelmChartContainer - [test-hivemq-platform] [hivemq] [87d707ac] INFO  - No valid license file for Data Hub found. Using free license, restricted to 1 policy.
2025-01-28 23:34:16,464 INFO c.h.h.t.HelmChartContainer - [test-hivemq-platform] [hivemq] [87d707ac] INFO  - Audit Logger started.
2025-01-28 23:34:16,554 INFO c.h.h.t.HelmChartContainer - [test-hivemq-platform] [hivemq] [87d707ac] INFO  - This node uses '4' CPU cores.
2025-01-28 23:34:16,558 INFO c.h.h.t.HelmChartContainer - [test-hivemq-platform] [hivemq] [87d707ac] INFO  - Starting HiveMQ Health API on address 0.0.0.0 and port 8889
2025-01-28 23:34:16,826 INFO c.h.h.t.HelmChartContainer - [test-hivemq-platform] [hivemq] [87d707ac] INFO  - Started HiveMQ Health API in 264ms
2025-01-28 23:34:17,095 INFO c.h.h.t.HelmChartContainer - [test-hivemq-platform] [hivemq] [87d707ac] INFO  - Starting HiveMQ extension system.
2025-01-28 23:34:17,176 INFO c.h.h.t.HelmChartContainer - [test-hivemq-platform] [hivemq] [87d707ac] INFO  - Starting extension with id "hivemq-dns-cluster-discovery" at /opt/hivemq/extensions/hivemq-dns-cluster-discovery
2025-01-28 23:34:17,328 INFO c.h.h.t.HelmChartContainer - [test-hivemq-platform] [hivemq] [87d707ac] INFO  - Using TCP cluster transport on address 10.42.0.6 and port 7000
2025-01-28 23:34:17,346 INFO c.h.h.t.HelmChartContainer - [test-hivemq-platform] [hivemq] [87d707ac] INFO  - Using extension cluster discovery
2025-01-28 23:34:17,359 INFO c.h.h.t.HelmChartContainer - [test-hivemq-platform] [hivemq] [87d707ac] INFO  - Extension "DNS Cluster Discovery Extension" version 4.3.2 started successfully.
2025-01-28 23:34:17,360 INFO c.h.h.t.HelmChartContainer - [test-hivemq-platform] [hivemq] [87d707ac] INFO  - Starting extension with id "hivemq-prometheus-extension" at /opt/hivemq/extensions/hivemq-prometheus-extension
2025-01-28 23:34:17,575 INFO c.h.h.t.HelmChartContainer - [test-hivemq-platform] [hivemq] [87d707ac] INFO  - [HiveMQ Platform Operator Init App 1.7.0-SNAPSHOT] Returning Health API response 503 for readiness
2025-01-28 23:34:17,603 INFO c.h.h.t.HelmChartContainer - [test-hivemq-platform] [hivemq] [87d707ac] INFO  - Started Jetty Server exposing Prometheus Servlet on URI http://0.0.0.0:9399/
2025-01-28 23:34:17,603 INFO c.h.h.t.HelmChartContainer - [test-hivemq-platform] [hivemq] [87d707ac] INFO  - Extension "Prometheus Monitoring Extension" version 4.0.12 started successfully.
2025-01-28 23:34:17,604 INFO c.h.h.t.HelmChartContainer - [test-hivemq-platform] [hivemq] [87d707ac] INFO  - Starting extension with id "hivemq-allow-all-extension" at /opt/hivemq/extensions/hivemq-allow-all-extension
2025-01-28 23:34:17,605 INFO c.h.h.t.HelmChartContainer - [test-hivemq-platform] [hivemq] [87d707ac] WARN  - 
2025-01-28 23:34:17,606 INFO c.h.h.t.HelmChartContainer - [test-hivemq-platform] [hivemq] [87d707ac] ################################################################################################################
2025-01-28 23:34:17,607 INFO c.h.h.t.HelmChartContainer - [test-hivemq-platform] [hivemq] [87d707ac] # This HiveMQ deployment is not secure! You are lacking Authentication and Authorization.                      #
2025-01-28 23:34:17,607 INFO c.h.h.t.HelmChartContainer - [test-hivemq-platform] [hivemq] [87d707ac] # Right now any MQTT client can connect to the broker with a full set of permissions.                          #
2025-01-28 23:34:17,607 INFO c.h.h.t.HelmChartContainer - [test-hivemq-platform] [hivemq] [87d707ac] # For production usage, add an appropriate security extension and remove the hivemq-allow-all extension.       #
2025-01-28 23:34:17,607 INFO c.h.h.t.HelmChartContainer - [test-hivemq-platform] [hivemq] [87d707ac] # You can download security extensions from the HiveMQ Marketplace (https://www.hivemq.com/extensions/).       #
2025-01-28 23:34:17,607 INFO c.h.h.t.HelmChartContainer - [test-hivemq-platform] [hivemq] [87d707ac] ################################################################################################################
2025-01-28 23:34:17,608 INFO c.h.h.t.HelmChartContainer - [test-hivemq-platform] [hivemq] [87d707ac] INFO  - Extension "Allow All Extension" version 1.1.1 started successfully.
2025-01-28 23:34:17,627 INFO c.h.h.t.HelmChartContainer - [EVENT] Warning [Unhealthy] Readiness probe failed: HTTP probe failed with statuscode: 503 [helmcustomconfigit:test-hivemq-platform-0]
2025-01-28 23:34:17,627 INFO c.h.h.t.HelmChartContainer - Received Unhealthy event for container hivemq in pod test-hivemq-platform-0 [87d707ac-8295-4ad2-bcdc-9f6ac7a5134c]
2025-01-28 23:34:17,657 INFO c.h.h.t.HelmChartContainer - [test-hivemq-platform] [hivemq] [87d707ac] INFO  - [HiveMQ Platform Operator Init App 1.7.0-SNAPSHOT] Updating Pod HiveMQ Platform Operator Init App version annotation (version: 1.7.0-SNAPSHOT)
2025-01-28 23:34:17,779 INFO c.h.h.t.HelmChartContainer - [test-hivemq-platform] [hivemq] [87d707ac] INFO  - [HiveMQ Platform Operator Init App 1.7.0-SNAPSHOT] Successfully updated Pod HiveMQ Platform Operator Init App version annotation (version: 1.7.0-SNAPSHOT)
2025-01-28 23:34:17,786 INFO c.h.h.t.HelmChartContainer - [POD] test-hivemq-platform-0 [87d707ac-8295-4ad2-bcdc-9f6ac7a5134c] in helmcustomconfigit was MODIFIED
2025-01-28 23:34:17,786 INFO c.h.h.t.HelmChartContainer - [EVENT] Warning [Unhealthy] Readiness probe failed: HTTP probe failed with statuscode: 503 [helmcustomconfigit:test-hivemq-platform-0]
2025-01-28 23:34:17,787 INFO c.h.h.t.HelmChartContainer - Received Unhealthy event for container hivemq in pod test-hivemq-platform-0 [87d707ac-8295-4ad2-bcdc-9f6ac7a5134c]
2025-01-28 23:34:17,787 INFO c.h.h.t.HelmChartContainer - [hivemq-test-hivemq-platform] [hivemq-platform-operator] [f9ed90dc] 23:34:17.766 [pool-6-thread-16] DEBUG c.h.p.o.d.PlatformServiceResource - [helmcust] Desired Platform services (3 services)
2025-01-28 23:34:17,787 INFO c.h.h.t.HelmChartContainer - [hivemq-test-hivemq-platform] [hivemq-platform-operator] [f9ed90dc] 23:34:17.770 [pool-6-thread-17] DEBUG c.h.p.o.d.PodServiceAccountResource - [helmcust] Desired PodServiceAccountResource (serviceAccountName: hivemq-platform-pod-test-hivemq-platform)
2025-01-28 23:34:17,787 INFO c.h.h.t.HelmChartContainer - [hivemq-test-hivemq-platform] [hivemq-platform-operator] [f9ed90dc] 23:34:17.774 [pool-6-thread-14] DEBUG c.h.p.o.dependants.PodInfoConfigMap - [helmcust] Desired PodInfo ConfigMap (1 extensions) (1 enabled)
2025-01-28 23:34:17,787 INFO c.h.h.t.HelmChartContainer - [hivemq-test-hivemq-platform] [hivemq-platform-operator] [f9ed90dc] 23:34:17.774 [pool-6-thread-14] DEBUG c.h.p.o.dependants.PodInfoConfigMap - [helmcust] Desired PodInfo ConfigMap (metrics port: 9399) (metrics path: /)
2025-01-28 23:34:17,787 INFO c.h.h.t.HelmChartContainer - [hivemq-test-hivemq-platform] [hivemq-platform-operator] [f9ed90dc] 23:34:17.774 [pool-6-thread-14] DEBUG c.h.p.o.dependants.PodInfoConfigMap - [helmcust] Desired PodInfo ConfigMap (extension state hash: -1817474005)
2025-01-28 23:34:17,787 INFO c.h.h.t.HelmChartContainer - [hivemq-test-hivemq-platform] [hivemq-platform-operator] [f9ed90dc] 23:34:17.781 [pool-6-thread-16] DEBUG c.h.p.o.d.StatefulSetResource - [helmcust] Desired StatefulSet (1 replicas) for status STARTING (READY)
2025-01-28 23:34:17,829 INFO c.h.h.t.HelmChartContainer - [hivemq-test-hivemq-platform] [hivemq-platform-operator] [f9ed90dc] 23:34:17.825 [ReconcilerExecutor-hivemq-controller-110] INFO  c.h.p.o.HiveMQPlatformReconciler - [helmcust] Reconciling HiveMQ Platform 'test-hivemq-platform' in namespace 'helmcustomconfigit'
2025-01-28 23:34:17,830 INFO c.h.h.t.HelmChartContainer - [hivemq-test-hivemq-platform] [hivemq-platform-operator] [f9ed90dc] 23:34:17.825 [ReconcilerExecutor-hivemq-controller-110] DEBUG c.h.p.o.HiveMQPlatformReconciler - [helmcust] Custom Resource Status STARTING - HiveMQ Platform is starting (READY)
2025-01-28 23:34:17,832 INFO c.h.h.t.HelmChartContainer - [hivemq-test-hivemq-platform] [hivemq-platform-operator] [f9ed90dc] 23:34:17.826 [ReconcilerExecutor-hivemq-controller-110] DEBUG c.h.p.o.HiveMQPlatformReconciler - [helmcust] Custom Resource Spec (replicas: 1) (extensions: 1)
2025-01-28 23:34:17,835 INFO c.h.h.t.HelmChartContainer - [hivemq-test-hivemq-platform] [hivemq-platform-operator] [f9ed90dc] 23:34:17.834 [ReconcilerExecutor-hivemq-controller-110] DEBUG c.h.p.o.HiveMQPlatformReconciler - [helmcust] StatefulSet Status (revision: test-hivemq-platform-66fd65f559, replicas: 1, available: 0, ready: 0, current: 1, updated: 1)
2025-01-28 23:34:17,835 INFO c.h.h.t.HelmChartContainer - [hivemq-test-hivemq-platform] [hivemq-platform-operator] [f9ed90dc] 23:34:17.834 [ReconcilerExecutor-hivemq-controller-110] DEBUG c.h.p.o.HiveMQPlatformReconciler - [helmcust] StatefulSet Spec (replicas: 1, init containers: 1, containers: 1, volumes: 3)
2025-01-28 23:34:17,840 INFO c.h.h.t.HelmChartContainer - [hivemq-test-hivemq-platform] [hivemq-platform-operator] [f9ed90dc] 23:34:17.839 [ReconcilerExecutor-hivemq-controller-110] DEBUG c.h.p.o.h.HiveMQPlatformReconcilerErrorHandler - [helmcust] Pod 'test-hivemq-platform-0' phase Running
2025-01-28 23:34:17,843 INFO c.h.h.t.HelmChartContainer - [hivemq-test-hivemq-platform] [hivemq-platform-operator] [f9ed90dc] 23:34:17.841 [ReconcilerExecutor-hivemq-controller-110] INFO  c.h.p.o.h.HiveMQPlatformReconcilerBaseHandler - [helmcust] HiveMQ Platform is starting, 0 of 1 replicas are ready
2025-01-28 23:34:19,631 INFO c.h.h.t.HelmChartContainer - [test-hivemq-platform] [hivemq] [87d707ac] INFO  - HGzAJ: no members discovered after 2115 ms: creating cluster as first member
2025-01-28 23:34:19,636 INFO c.h.h.t.HelmChartContainer - [test-hivemq-platform] [hivemq] [87d707ac] INFO  - Cluster nodes found by discovery: [HGzAJ|0] (1) [HGzAJ].
2025-01-28 23:34:19,659 INFO c.h.h.t.HelmChartContainer - [test-hivemq-platform] [hivemq] [87d707ac] WARN  - No user for HiveMQ Control Center configured. Starting with default user
2025-01-28 23:34:19,661 INFO c.h.h.t.HelmChartContainer - [test-hivemq-platform] [hivemq] [87d707ac] INFO  - Starting HiveMQ Control Center on address 0.0.0.0 and port 8080
2025-01-28 23:34:19,664 INFO c.h.h.t.HelmChartContainer - [test-hivemq-platform] [hivemq] [87d707ac] INFO  - Mounting HiveMQ Control Center V2 Preview
2025-01-28 23:34:19,804 INFO c.h.h.t.HelmChartContainer - [test-hivemq-platform] [hivemq] [87d707ac] INFO  - Started HiveMQ Control Center in 145ms
2025-01-28 23:34:19,818 INFO c.h.h.t.HelmChartContainer - [test-hivemq-platform] [hivemq] [87d707ac] INFO  - Starting TCP listener on address 0.0.0.0 and port 1883
2025-01-28 23:34:19,831 INFO c.h.h.t.HelmChartContainer - [test-hivemq-platform] [hivemq] [87d707ac] INFO  - Started TCP Listener on address 0.0.0.0 and on port 1883.
2025-01-28 23:34:19,832 INFO c.h.h.t.HelmChartContainer - [test-hivemq-platform] [hivemq] [87d707ac] INFO  - Started HiveMQ in 7443ms
2025-01-28 23:34:22,755 INFO c.h.h.t.HelmChartContainer - [test-hivemq-platform] [hivemq] [87d707ac] INFO  - [HiveMQ Platform Operator Init App 1.7.0-SNAPSHOT] Returning Health API response 200 for readiness
2025-01-28 23:34:22,772 INFO c.h.h.t.HelmChartContainer - [POD] test-hivemq-platform-0 [87d707ac-8295-4ad2-bcdc-9f6ac7a5134c] in helmcustomconfigit was MODIFIED
2025-01-28 23:34:22,785 INFO c.h.h.t.HelmChartContainer - [hivemq-test-hivemq-platform] [hivemq-platform-operator] [f9ed90dc] 23:34:22.779 [pool-6-thread-24] DEBUG c.h.p.o.d.PlatformServiceResource - [helmcust] Desired Platform services (3 services)
2025-01-28 23:34:22,786 INFO c.h.h.t.HelmChartContainer - [hivemq-test-hivemq-platform] [hivemq-platform-operator] [f9ed90dc] 23:34:22.785 [pool-6-thread-27] DEBUG c.h.p.o.dependants.PodInfoConfigMap - [helmcust] Desired PodInfo ConfigMap (1 extensions) (1 enabled)
2025-01-28 23:34:22,788 INFO c.h.h.t.HelmChartContainer - [hivemq-test-hivemq-platform] [hivemq-platform-operator] [f9ed90dc] 23:34:22.787 [pool-6-thread-27] DEBUG c.h.p.o.dependants.PodInfoConfigMap - [helmcust] Desired PodInfo ConfigMap (metrics port: 9399) (metrics path: /)
2025-01-28 23:34:22,790 INFO c.h.h.t.HelmChartContainer - [hivemq-test-hivemq-platform] [hivemq-platform-operator] [f9ed90dc] 23:34:22.787 [pool-6-thread-27] DEBUG c.h.p.o.dependants.PodInfoConfigMap - [helmcust] Desired PodInfo ConfigMap (extension state hash: -1817474005)
2025-01-28 23:34:22,792 INFO c.h.h.t.HelmChartContainer - [hivemq-test-hivemq-platform] [hivemq-platform-operator] [f9ed90dc] 23:34:22.790 [pool-6-thread-27] DEBUG c.h.p.o.d.PodServiceAccountResource - [helmcust] Desired PodServiceAccountResource (serviceAccountName: hivemq-platform-pod-test-hivemq-platform)
2025-01-28 23:34:22,803 INFO c.h.h.t.HelmChartContainer - [hivemq-test-hivemq-platform] [hivemq-platform-operator] [f9ed90dc] 23:34:22.802 [pool-6-thread-24] DEBUG c.h.p.o.d.StatefulSetResource - [helmcust] Desired StatefulSet (1 replicas) for status STARTING (READY)
2025-01-28 23:34:22,830 INFO c.h.h.t.HelmChartContainer - [hivemq-test-hivemq-platform] [hivemq-platform-operator] [f9ed90dc] 23:34:22.824 [ReconcilerExecutor-hivemq-controller-111] INFO  c.h.p.o.HiveMQPlatformReconciler - [helmcust] Reconciling HiveMQ Platform 'test-hivemq-platform' in namespace 'helmcustomconfigit'
2025-01-28 23:34:22,830 INFO c.h.h.t.HelmChartContainer - [hivemq-test-hivemq-platform] [hivemq-platform-operator] [f9ed90dc] 23:34:22.824 [ReconcilerExecutor-hivemq-controller-111] DEBUG c.h.p.o.HiveMQPlatformReconciler - [helmcust] Custom Resource Status STARTING - HiveMQ Platform is starting (READY)
2025-01-28 23:34:22,830 INFO c.h.h.t.HelmChartContainer - [hivemq-test-hivemq-platform] [hivemq-platform-operator] [f9ed90dc] 23:34:22.824 [ReconcilerExecutor-hivemq-controller-111] DEBUG c.h.p.o.HiveMQPlatformReconciler - [helmcust] Custom Resource Spec (replicas: 1) (extensions: 1)
2025-01-28 23:34:22,833 INFO c.h.h.t.HelmChartContainer - [hivemq-test-hivemq-platform] [hivemq-platform-operator] [f9ed90dc] 23:34:22.825 [ReconcilerExecutor-hivemq-controller-111] DEBUG c.h.p.o.HiveMQPlatformReconciler - [helmcust] StatefulSet Status (revision: test-hivemq-platform-66fd65f559, replicas: 1, available: 1, ready: 1, current: 1, updated: 1)
2025-01-28 23:34:22,833 INFO c.h.h.t.HelmChartContainer - [hivemq-test-hivemq-platform] [hivemq-platform-operator] [f9ed90dc] 23:34:22.825 [ReconcilerExecutor-hivemq-controller-111] DEBUG c.h.p.o.HiveMQPlatformReconciler - [helmcust] StatefulSet Spec (replicas: 1, init containers: 1, containers: 1, volumes: 3)
2025-01-28 23:34:22,833 INFO c.h.h.t.HelmChartContainer - [hivemq-test-hivemq-platform] [hivemq-platform-operator] [f9ed90dc] 23:34:22.826 [ReconcilerExecutor-hivemq-controller-111] DEBUG c.h.p.o.h.HiveMQPlatformReconcilerErrorHandler - [helmcust] Pod 'test-hivemq-platform-0' phase Running
2025-01-28 23:34:22,833 INFO c.h.h.t.HelmChartContainer - [hivemq-test-hivemq-platform] [hivemq-platform-operator] [f9ed90dc] 23:34:22.827 [ReconcilerExecutor-hivemq-controller-111] INFO  c.h.p.o.h.HiveMQPlatformReconcilerBaseHandler - [helmcust] HiveMQ Platform started successfully
2025-01-28 23:34:22,922 INFO c.h.h.t.HelmChartContainer - [hivemq-test-hivemq-platform] [hivemq-platform-operator] [f9ed90dc] 23:34:22.920 [ReconcilerExecutor-hivemq-controller-111] DEBUG c.h.p.operator.event.EventSender - [helmcust] Creating K8s event hivemq-platform-ready: [Ready] HiveMQ Platform is ready
2025-01-28 23:34:22,925 INFO c.h.h.t.HelmChartContainer - [EVENT] Normal [Ready] HiveMQ Platform is ready [helmcustomconfigit:test-hivemq-platform]
2025-01-28 23:34:22,927 INFO c.h.h.t.HelmChartContainer - [hivemq-test-hivemq-platform] [hivemq-platform-operator] [f9ed90dc] 23:34:22.925 [ReconcilerExecutor-hivemq-controller-111] INFO  c.h.p.o.h.AbstractHiveMQReconcilerStateHandler - [helmcust] Update HiveMQ Platform Status (STARTING [READY] -> RUNNING [READY]): HiveMQ Platform is ready
2025-01-28 23:34:22,934 DEBUG com.hivemq.helmcharts.util.K8sUtil - Comparing actual state 'RUNNING' and waiting for 'RUNNING'
2025-01-28 23:34:22,942 INFO c.h.h.t.HelmChartContainer - [hivemq-test-hivemq-platform] [hivemq-platform-operator] [f9ed90dc] 23:34:22.940 [pool-6-thread-36] DEBUG c.h.p.o.d.PlatformServiceResource - [helmcust] Desired Platform services (3 services)
2025-01-28 23:34:22,942 INFO c.h.h.t.HelmChartContainer - [hivemq-test-hivemq-platform] [hivemq-platform-operator] [f9ed90dc] 23:34:22.940 [pool-6-thread-31] DEBUG c.h.p.o.d.PodServiceAccountResource - [helmcust] Desired PodServiceAccountResource (serviceAccountName: hivemq-platform-pod-test-hivemq-platform)
2025-01-28 23:34:22,944 INFO c.h.h.t.HelmChartContainer - [hivemq-test-hivemq-platform] [hivemq-platform-operator] [f9ed90dc] 23:34:22.943 [pool-6-thread-35] DEBUG c.h.p.o.dependants.PodInfoConfigMap - [helmcust] Desired PodInfo ConfigMap (1 extensions) (1 enabled)
2025-01-28 23:34:22,944 INFO c.h.h.t.HelmChartContainer - [hivemq-test-hivemq-platform] [hivemq-platform-operator] [f9ed90dc] 23:34:22.943 [pool-6-thread-35] DEBUG c.h.p.o.dependants.PodInfoConfigMap - [helmcust] Desired PodInfo ConfigMap (metrics port: 9399) (metrics path: /)
2025-01-28 23:34:22,944 INFO c.h.h.t.HelmChartContainer - [hivemq-test-hivemq-platform] [hivemq-platform-operator] [f9ed90dc] 23:34:22.943 [pool-6-thread-35] DEBUG c.h.p.o.dependants.PodInfoConfigMap - [helmcust] Desired PodInfo ConfigMap (extension state hash: -1817474005)
2025-01-28 23:34:22,945 INFO c.h.h.t.HelmChartContainer - [hivemq-test-hivemq-platform] [hivemq-platform-operator] [f9ed90dc] 23:34:22.944 [pool-6-thread-35] DEBUG c.h.p.o.dependants.PodInfoConfigMap - [helmcust] Update PodInfo ConfigMap
2025-01-28 23:34:23,029 INFO c.h.h.t.HelmChartContainer - [hivemq-test-hivemq-platform] [hivemq-platform-operator] [f9ed90dc] 23:34:23.027 [pool-6-thread-35] DEBUG c.h.p.o.d.StatefulSetResource - [helmcust] Desired StatefulSet (1 replicas) for status RUNNING (READY)
2025-01-28 23:34:23,034 INFO c.h.h.t.HelmChartContainer - [hivemq-test-hivemq-platform] [hivemq-platform-operator] [f9ed90dc] 23:34:23.031 [ReconcilerExecutor-hivemq-controller-112] INFO  c.h.p.o.HiveMQPlatformReconciler - [helmcust] Reconciling HiveMQ Platform 'test-hivemq-platform' in namespace 'helmcustomconfigit'
2025-01-28 23:34:23,034 INFO c.h.h.t.HelmChartContainer - [hivemq-test-hivemq-platform] [hivemq-platform-operator] [f9ed90dc] 23:34:23.031 [ReconcilerExecutor-hivemq-controller-112] DEBUG c.h.p.o.HiveMQPlatformReconciler - [helmcust] Custom Resource Status RUNNING - HiveMQ Platform is ready (READY)
2025-01-28 23:34:23,035 INFO c.h.h.t.HelmChartContainer - [hivemq-test-hivemq-platform] [hivemq-platform-operator] [f9ed90dc] 23:34:23.031 [ReconcilerExecutor-hivemq-controller-112] DEBUG c.h.p.o.HiveMQPlatformReconciler - [helmcust] Custom Resource Spec (replicas: 1) (extensions: 1)
2025-01-28 23:34:23,036 INFO c.h.h.t.HelmChartContainer - [hivemq-test-hivemq-platform] [hivemq-platform-operator] [f9ed90dc] 23:34:23.033 [ReconcilerExecutor-hivemq-controller-112] DEBUG c.h.p.o.HiveMQPlatformReconciler - [helmcust] StatefulSet Status (revision: test-hivemq-platform-66fd65f559, replicas: 1, available: 1, ready: 1, current: 1, updated: 1)
2025-01-28 23:34:23,036 INFO c.h.h.t.HelmChartContainer - [hivemq-test-hivemq-platform] [hivemq-platform-operator] [f9ed90dc] 23:34:23.034 [ReconcilerExecutor-hivemq-controller-112] DEBUG c.h.p.o.HiveMQPlatformReconciler - [helmcust] StatefulSet Spec (replicas: 1, init containers: 1, containers: 1, volumes: 3)
2025-01-28 23:34:23,038 INFO c.h.h.t.HelmChartContainer - [hivemq-test-hivemq-platform] [hivemq-platform-operator] [f9ed90dc] 23:34:23.036 [ReconcilerExecutor-hivemq-controller-112] DEBUG c.h.p.o.h.HiveMQPlatformReconcilerErrorHandler - [helmcust] Pod 'test-hivemq-platform-0' phase Running
2025-01-28 23:34:24,984 INFO c.h.h.t.HelmChartContainer - Uninstalling release 'test-hivemq-platform' in namespace 'helmcustomconfigit'...
2025-01-28 23:34:24,984 DEBUG c.h.h.t.HelmChartContainer - Executing helm command: /bin/helm --kubeconfig /etc/rancher/k3s/k3s.yaml uninstall test-hivemq-platform  --wait --timeout 5m0s --cascade foreground --namespace helmcustomconfigit
2025-01-28 23:34:25,227 INFO c.h.h.t.HelmChartContainer - [hivemq-test-hivemq-platform] [hivemq-platform-operator] [f9ed90dc] 23:34:25.223 [pool-6-thread-42] DEBUG c.h.p.o.d.PlatformServiceResource - [helmcust] Desired Platform services (3 services)
2025-01-28 23:34:25,227 INFO c.h.h.t.HelmChartContainer - [hivemq-test-hivemq-platform] [hivemq-platform-operator] [f9ed90dc] 23:34:25.224 [pool-6-thread-47] DEBUG c.h.p.o.dependants.PodInfoConfigMap - [helmcust] Desired PodInfo ConfigMap (1 extensions) (1 enabled)
2025-01-28 23:34:25,227 INFO c.h.h.t.HelmChartContainer - [hivemq-test-hivemq-platform] [hivemq-platform-operator] [f9ed90dc] 23:34:25.224 [pool-6-thread-47] DEBUG c.h.p.o.dependants.PodInfoConfigMap - [helmcust] Desired PodInfo ConfigMap (metrics port: 9399) (metrics path: /)
2025-01-28 23:34:25,227 INFO c.h.h.t.HelmChartContainer - [hivemq-test-hivemq-platform] [hivemq-platform-operator] [f9ed90dc] 23:34:25.224 [pool-6-thread-47] DEBUG c.h.p.o.dependants.PodInfoConfigMap - [helmcust] Desired PodInfo ConfigMap (extension state hash: -1817474005)
2025-01-28 23:34:25,230 INFO c.h.h.t.HelmChartContainer - [hivemq-test-hivemq-platform] [hivemq-platform-operator] [f9ed90dc] 23:34:25.228 [pool-6-thread-43] DEBUG c.h.p.o.d.PodRoleBindingResource - [helmcust] Create RoleBinding: RoleBinding(apiVersion=rbac.authorization.k8s.io/v1, kind=RoleBinding, metadata=ObjectMeta(annotations={meta.helm.sh/release-name=test-hivemq-platform, meta.helm.sh/release-namespace=helmcustomconfigit}, creationTimestamp=null, deletionGracePeriodSeconds=null, deletionTimestamp=null, finalizers=[], generateName=null, generation=null, labels={helm.sh/chart=hivemq-platform-0.2.32, app.kubernetes.io/managed-by=Helm, app.kubernetes.io/name=hivemq-platform, hivemq-platform=test-hivemq-platform, app.kubernetes.io/instance=test-hivemq-platform, app.kubernetes.io/version=4.36.0}, managedFields=[], name=hivemq-platform-role-binding-test-hivemq-platform, namespace=helmcustomconfigit, ownerReferences=[OwnerReference(apiVersion=hivemq.com/v1, blockOwnerDeletion=null, controller=null, kind=HiveMQPlatform, name=test-hivemq-platform, uid=6c6272ba-e405-440e-a45c-6a9f9aec59c1, additionalProperties={})], resourceVersion=null, selfLink=null, uid=null, additionalProperties={}), roleRef=RoleRef(apiGroup=rbac.authorization.k8s.io, kind=Role, name=hivemq-platform-role-test-hivemq-platform, additionalProperties={}), subjects=[Subject(apiGroup=null, kind=ServiceAccount, name=hivemq-platform-pod-test-hivemq-platform, namespace=helmcustomconfigit, additionalProperties={})], additionalProperties={})
2025-01-28 23:34:25,230 INFO c.h.h.t.HelmChartContainer - [hivemq-test-hivemq-platform] [hivemq-platform-operator] [f9ed90dc] 23:34:25.225 [pool-6-thread-47] DEBUG c.h.p.o.d.PodServiceAccountResource - [helmcust] Desired PodServiceAccountResource (serviceAccountName: hivemq-platform-pod-test-hivemq-platform)
2025-01-28 23:34:25,230 INFO c.h.h.t.HelmChartContainer - [hivemq-test-hivemq-platform] [hivemq-platform-operator] [f9ed90dc] 23:34:25.230 [pool-6-thread-47] DEBUG c.h.p.o.d.PodServiceAccountResource - [helmcust] Create ServiceAccount 'hivemq-platform-pod-test-hivemq-platform'
2025-01-28 23:34:25,329 INFO c.h.h.t.HelmChartContainer - [hivemq-test-hivemq-platform] [hivemq-platform-operator] [f9ed90dc] 23:34:25.327 [pool-6-thread-42] DEBUG c.h.p.o.d.StatefulSetResource - [helmcust] Desired StatefulSet (1 replicas) for status RUNNING (READY)
2025-01-28 23:34:25,333 INFO c.h.h.t.HelmChartContainer - [hivemq-test-hivemq-platform] [hivemq-platform-operator] [f9ed90dc] 23:34:25.331 [pool-6-thread-42] DEBUG c.h.p.o.d.StatefulSetResource - [helmcust] Update StatefulSet (replicas: 1 -> 1)
2025-01-28 23:34:25,333 INFO c.h.h.t.HelmChartContainer - [hivemq-test-hivemq-platform] [hivemq-platform-operator] [f9ed90dc] 23:34:25.332 [pool-6-thread-42] DEBUG c.h.p.o.d.StatefulSetResource - [helmcust] Detected change in StatefulSet specification (path: /template/metadata/annotations/kubernetes-resource-versions) (actual value: {broker-configuration-v2=-2089688360}) (target value: {broker-configuration-v2=0})
2025-01-28 23:34:25,333 INFO c.h.h.t.HelmChartContainer - [hivemq-test-hivemq-platform] [hivemq-platform-operator] [f9ed90dc] 23:34:25.332 [pool-6-thread-42] INFO  c.h.p.o.d.StatefulSetResource - [helmcust] StatefulSet spec was updated, triggering rolling restart
2025-01-28 23:34:25,429 INFO c.h.h.t.HelmChartContainer - [hivemq-test-hivemq-platform] [hivemq-platform-operator] [f9ed90dc] 23:34:25.424 [ReconcilerExecutor-hivemq-controller-113] ERROR i.j.o.p.event.EventProcessor - Error during event processing ExecutionScope{ resource id: ResourceID{name='test-hivemq-platform', namespace='helmcustomconfigit'}, version: 584}
2025-01-28 23:34:25,430 INFO c.h.h.t.HelmChartContainer - [hivemq-test-hivemq-platform] [hivemq-platform-operator] [f9ed90dc] io.javaoperatorsdk.operator.OperatorException: io.javaoperatorsdk.operator.AggregatedOperatorException: Exception(s) during workflow execution. Details:
2025-01-28 23:34:25,430 INFO c.h.h.t.HelmChartContainer - [hivemq-test-hivemq-platform] [hivemq-platform-operator] [f9ed90dc]  - com.hivemq.platform.operator.dependants.PodRoleBindingResource -> io.fabric8.kubernetes.client.KubernetesClientException: Failure executing: PATCH at: https://10.43.0.1:443/apis/rbac.authorization.k8s.io/v1/namespaces/helmcustomconfigit/rolebindings/hivemq-platform-role-binding-test-hivemq-platform?fieldManager=hivemq-controller&force=true. Message: rolebindings.rbac.authorization.k8s.io "hivemq-platform-role-test-hivemq-platform" not found. Received status: Status(apiVersion=v1, code=404, details=StatusDetails(causes=[], group=rbac.authorization.k8s.io, kind=rolebindings, name=hivemq-platform-role-test-hivemq-platform, retryAfterSeconds=null, uid=null, additionalProperties={}), kind=Status, message=rolebindings.rbac.authorization.k8s.io "hivemq-platform-role-test-hivemq-platform" not found, metadata=ListMeta(_continue=null, remainingItemCount=null, resourceVersion=null, selfLink=null, additionalProperties={}), reason=NotFound, status=Failure, additionalProperties={}).
2025-01-28 23:34:25,430 INFO c.h.h.t.HelmChartContainer - [hivemq-test-hivemq-platform] [hivemq-platform-operator] [f9ed90dc] 	at io.fabric8.kubernetes.client.KubernetesClientException.copyAsCause(KubernetesClientException.java:238)
2025-01-28 23:34:25,431 INFO c.h.h.t.HelmChartContainer - [hivemq-test-hivemq-platform] [hivemq-platform-operator] [f9ed90dc] 	at io.fabric8.kubernetes.client.dsl.internal.OperationSupport.waitForResult(OperationSupport.java:507)
2025-01-28 23:34:25,431 INFO c.h.h.t.HelmChartContainer - [hivemq-test-hivemq-platform] [hivemq-platform-operator] [f9ed90dc] 	at io.fabric8.kubernetes.client.dsl.internal.OperationSupport.handleResponse(OperationSupport.java:524)
2025-01-28 23:34:25,431 INFO c.h.h.t.HelmChartContainer - [hivemq-test-hivemq-platform] [hivemq-platform-operator] [f9ed90dc] 	at io.fabric8.kubernetes.client.dsl.internal.OperationSupport.handlePatch(OperationSupport.java:419)
2025-01-28 23:34:25,431 INFO c.h.h.t.HelmChartContainer - [hivemq-test-hivemq-platform] [hivemq-platform-operator] [f9ed90dc] 	at io.fabric8.kubernetes.client.dsl.internal.OperationSupport.handlePatch(OperationSupport.java:397)
2025-01-28 23:34:25,431 INFO c.h.h.t.HelmChartContainer - [hivemq-test-hivemq-platform] [hivemq-platform-operator] [f9ed90dc] 	at io.fabric8.kubernetes.client.dsl.internal.BaseOperation.handlePatch(BaseOperation.java:764)
2025-01-28 23:34:25,431 INFO c.h.h.t.HelmChartContainer - [hivemq-test-hivemq-platform] [hivemq-platform-operator] [f9ed90dc] 	at io.fabric8.kubernetes.client.dsl.internal.HasMetadataOperation.lambda$patch$2(HasMetadataOperation.java:231)
2025-01-28 23:34:25,433 INFO c.h.h.t.HelmChartContainer - [hivemq-test-hivemq-platform] [hivemq-platform-operator] [f9ed90dc] 	at io.fabric8.kubernetes.client.dsl.internal.HasMetadataOperation.patch(HasMetadataOperation.java:236)
2025-01-28 23:34:25,433 INFO c.h.h.t.HelmChartContainer - [hivemq-test-hivemq-platform] [hivemq-platform-operator] [f9ed90dc] 	at io.fabric8.kubernetes.client.dsl.internal.HasMetadataOperation.patch(HasMetadataOperation.java:251)
2025-01-28 23:34:25,433 INFO c.h.h.t.HelmChartContainer - [hivemq-test-hivemq-platform] [hivemq-platform-operator] [f9ed90dc] 	at io.fabric8.kubernetes.client.dsl.internal.BaseOperation.serverSideApply(BaseOperation.java:1179)
2025-01-28 23:34:25,433 INFO c.h.h.t.HelmChartContainer - [hivemq-test-hivemq-platform] [hivemq-platform-operator] [f9ed90dc] 	at io.fabric8.kubernetes.client.dsl.internal.BaseOperation.serverSideApply(BaseOperation.java:98)
2025-01-28 23:34:25,433 INFO c.h.h.t.HelmChartContainer - [hivemq-test-hivemq-platform] [hivemq-platform-operator] [f9ed90dc] 	at io.javaoperatorsdk.operator.processing.dependent.kubernetes.KubernetesDependentResource.create(KubernetesDependentResource.java:123)
2025-01-28 23:34:25,433 INFO c.h.h.t.HelmChartContainer - [hivemq-test-hivemq-platform] [hivemq-platform-operator] [f9ed90dc] 	at com.hivemq.platform.operator.dependants.PodRoleBindingResource.create(PodRoleBindingResource.java:55)
2025-01-28 23:34:25,433 INFO c.h.h.t.HelmChartContainer - [hivemq-test-hivemq-platform] [hivemq-platform-operator] [f9ed90dc] 	at com.hivemq.platform.operator.dependants.PodRoleBindingResource.create(PodRoleBindingResource.java:22)
2025-01-28 23:34:25,433 INFO c.h.h.t.HelmChartContainer - [hivemq-test-hivemq-platform] [hivemq-platform-operator] [f9ed90dc] 	at io.javaoperatorsdk.operator.processing.dependent.AbstractDependentResource.handleCreate(AbstractDependentResource.java:119)
2025-01-28 23:34:25,433 INFO c.h.h.t.HelmChartContainer - [hivemq-test-hivemq-platform] [hivemq-platform-operator] [f9ed90dc] 	at io.javaoperatorsdk.operator.processing.dependent.AbstractDependentResource.reconcile(AbstractDependentResource.java:62)
2025-01-28 23:34:25,433 INFO c.h.h.t.HelmChartContainer - [hivemq-test-hivemq-platform] [hivemq-platform-operator] [f9ed90dc] 	at io.javaoperatorsdk.operator.processing.dependent.SingleDependentResourceReconciler.reconcile(SingleDependentResourceReconciler.java:19)
2025-01-28 23:34:25,433 INFO c.h.h.t.HelmChartContainer - [hivemq-test-hivemq-platform] [hivemq-platform-operator] [f9ed90dc] 	at io.javaoperatorsdk.operator.processing.dependent.AbstractDependentResource.reconcile(AbstractDependentResource.java:52)
2025-01-28 23:34:25,433 INFO c.h.h.t.HelmChartContainer - [hivemq-test-hivemq-platform] [hivemq-platform-operator] [f9ed90dc] 	at com.hivemq.platform.operator.dependants.PodRoleBindingResource.reconcile(PodRoleBindingResource.java:46)
2025-01-28 23:34:25,433 INFO c.h.h.t.HelmChartContainer - [hivemq-test-hivemq-platform] [hivemq-platform-operator] [f9ed90dc] 	at com.hivemq.platform.operator.dependants.PodRoleBindingResource.reconcile(PodRoleBindingResource.java:22)
2025-01-28 23:34:25,433 INFO c.h.h.t.HelmChartContainer - [hivemq-test-hivemq-platform] [hivemq-platform-operator] [f9ed90dc] 	at io.javaoperatorsdk.operator.processing.dependent.workflow.WorkflowReconcileExecutor$NodeReconcileExecutor.doRun(WorkflowReconcileExecutor.java:123)
2025-01-28 23:34:25,433 INFO c.h.h.t.HelmChartContainer - [hivemq-test-hivemq-platform] [hivemq-platform-operator] [f9ed90dc] 	at io.javaoperatorsdk.operator.processing.dependent.workflow.NodeExecutor.run(NodeExecutor.java:22)
2025-01-28 23:34:25,433 INFO c.h.h.t.HelmChartContainer - [hivemq-test-hivemq-platform] [hivemq-platform-operator] [f9ed90dc] 	at java.base/java.util.concurrent.Executors$RunnableAdapter.call(Unknown Source)
2025-01-28 23:34:25,433 INFO c.h.h.t.HelmChartContainer - [hivemq-test-hivemq-platform] [hivemq-platform-operator] [f9ed90dc] 	at java.base/java.util.concurrent.FutureTask.run(Unknown Source)
2025-01-28 23:34:25,433 INFO c.h.h.t.HelmChartContainer - [hivemq-test-hivemq-platform] [hivemq-platform-operator] [f9ed90dc] 	at java.base/java.util.concurrent.ThreadPoolExecutor.runWorker(Unknown Source)
2025-01-28 23:34:25,433 INFO c.h.h.t.HelmChartContainer - [hivemq-test-hivemq-platform] [hivemq-platform-operator] [f9ed90dc] 	at java.base/java.util.concurrent.ThreadPoolExecutor$Worker.run(Unknown Source)
2025-01-28 23:34:25,433 INFO c.h.h.t.HelmChartContainer - [hivemq-test-hivemq-platform] [hivemq-platform-operator] [f9ed90dc] 	at java.base/java.lang.Thread.run(Unknown Source)
2025-01-28 23:34:25,433 INFO c.h.h.t.HelmChartContainer - [hivemq-test-hivemq-platform] [hivemq-platform-operator] [f9ed90dc] Caused by: io.fabric8.kubernetes.client.KubernetesClientException: Failure executing: PATCH at: https://10.43.0.1:443/apis/rbac.authorization.k8s.io/v1/namespaces/helmcustomconfigit/rolebindings/hivemq-platform-role-binding-test-hivemq-platform?fieldManager=hivemq-controller&force=true. Message: rolebindings.rbac.authorization.k8s.io "hivemq-platform-role-test-hivemq-platform" not found. Received status: Status(apiVersion=v1, code=404, details=StatusDetails(causes=[], group=rbac.authorization.k8s.io, kind=rolebindings, name=hivemq-platform-role-test-hivemq-platform, retryAfterSeconds=null, uid=null, additionalProperties={}), kind=Status, message=rolebindings.rbac.authorization.k8s.io "hivemq-platform-role-test-hivemq-platform" not found, metadata=ListMeta(_continue=null, remainingItemCount=null, resourceVersion=null, selfLink=null, additionalProperties={}), reason=NotFound, status=Failure, additionalProperties={}).
2025-01-28 23:34:25,433 INFO c.h.h.t.HelmChartContainer - [hivemq-test-hivemq-platform] [hivemq-platform-operator] [f9ed90dc] 	at io.fabric8.kubernetes.client.dsl.internal.OperationSupport.requestFailure(OperationSupport.java:660)
2025-01-28 23:34:25,434 INFO c.h.h.t.HelmChartContainer - [hivemq-test-hivemq-platform] [hivemq-platform-operator] [f9ed90dc] 	at io.fabric8.kubernetes.client.dsl.internal.OperationSupport.requestFailure(OperationSupport.java:640)
2025-01-28 23:34:25,434 INFO c.h.h.t.HelmChartContainer - [hivemq-test-hivemq-platform] [hivemq-platform-operator] [f9ed90dc] 	at io.fabric8.kubernetes.client.dsl.internal.OperationSupport.assertResponseCode(OperationSupport.java:589)
2025-01-28 23:34:25,434 INFO c.h.h.t.HelmChartContainer - [hivemq-test-hivemq-platform] [hivemq-platform-operator] [f9ed90dc] 	at io.fabric8.kubernetes.client.dsl.internal.OperationSupport.lambda$handleResponse$0(OperationSupport.java:549)
2025-01-28 23:34:25,434 INFO c.h.h.t.HelmChartContainer - [hivemq-test-hivemq-platform] [hivemq-platform-operator] [f9ed90dc] 	at java.base/java.util.concurrent.CompletableFuture$UniApply.tryFire(Unknown Source)
2025-01-28 23:34:25,434 INFO c.h.h.t.HelmChartContainer - [hivemq-test-hivemq-platform] [hivemq-platform-operator] [f9ed90dc] 	at java.base/java.util.concurrent.CompletableFuture.postComplete(Unknown Source)
2025-01-28 23:34:25,434 INFO c.h.h.t.HelmChartContainer - [hivemq-test-hivemq-platform] [hivemq-platform-operator] [f9ed90dc] 	at java.base/java.util.concurrent.CompletableFuture.complete(Unknown Source)
2025-01-28 23:34:25,434 INFO c.h.h.t.HelmChartContainer - [hivemq-test-hivemq-platform] [hivemq-platform-operator] [f9ed90dc] 	at io.fabric8.kubernetes.client.http.StandardHttpClient.lambda$completeOrCancel$10(StandardHttpClient.java:141)
2025-01-28 23:34:25,434 INFO c.h.h.t.HelmChartContainer - [hivemq-test-hivemq-platform] [hivemq-platform-operator] [f9ed90dc] 	at java.base/java.util.concurrent.CompletableFuture.uniWhenComplete(Unknown Source)
2025-01-28 23:34:25,434 INFO c.h.h.t.HelmChartContainer - [hivemq-test-hivemq-platform] [hivemq-platform-operator] [f9ed90dc] 	at java.base/java.util.concurrent.CompletableFuture$UniWhenComplete.tryFire(Unknown Source)
2025-01-28 23:34:25,434 INFO c.h.h.t.HelmChartContainer - [hivemq-test-hivemq-platform] [hivemq-platform-operator] [f9ed90dc] 	at java.base/java.util.concurrent.CompletableFuture.postComplete(Unknown Source)
2025-01-28 23:34:25,434 INFO c.h.h.t.HelmChartContainer - [hivemq-test-hivemq-platform] [hivemq-platform-operator] [f9ed90dc] 	at java.base/java.util.concurrent.CompletableFuture.complete(Unknown Source)
2025-01-28 23:34:25,434 INFO c.h.h.t.HelmChartContainer - [hivemq-test-hivemq-platform] [hivemq-platform-operator] [f9ed90dc] 	at io.fabric8.kubernetes.client.http.ByteArrayBodyHandler.onBodyDone(ByteArrayBodyHandler.java:51)
2025-01-28 23:34:25,434 INFO c.h.h.t.HelmChartContainer - [hivemq-test-hivemq-platform] [hivemq-platform-operator] [f9ed90dc] 	at java.base/java.util.concurrent.CompletableFuture.uniWhenComplete(Unknown Source)
2025-01-28 23:34:25,434 INFO c.h.h.t.HelmChartContainer - [hivemq-test-hivemq-platform] [hivemq-platform-operator] [f9ed90dc] 	at java.base/java.util.concurrent.CompletableFuture$UniWhenComplete.tryFire(Unknown Source)
2025-01-28 23:34:25,434 INFO c.h.h.t.HelmChartContainer - [hivemq-test-hivemq-platform] [hivemq-platform-operator] [f9ed90dc] 	at java.base/java.util.concurrent.CompletableFuture.postComplete(Unknown Source)
2025-01-28 23:34:25,434 INFO c.h.h.t.HelmChartContainer - [hivemq-test-hivemq-platform] [hivemq-platform-operator] [f9ed90dc] 	at java.base/java.util.concurrent.CompletableFuture.complete(Unknown Source)
2025-01-28 23:34:25,434 INFO c.h.h.t.HelmChartContainer - [hivemq-test-hivemq-platform] [hivemq-platform-operator] [f9ed90dc] 	at io.fabric8.kubernetes.client.vertx.VertxHttpRequest.lambda$null$1(VertxHttpRequest.java:121)
2025-01-28 23:34:25,434 INFO c.h.h.t.HelmChartContainer - [hivemq-test-hivemq-platform] [hivemq-platform-operator] [f9ed90dc] 	at io.vertx.core.impl.ContextInternal.dispatch(ContextInternal.java:279)
2025-01-28 23:34:25,434 INFO c.h.h.t.HelmChartContainer - [hivemq-test-hivemq-platform] [hivemq-platform-operator] [f9ed90dc] 	at io.vertx.core.impl.ContextInternal.dispatch(ContextInternal.java:261)
2025-01-28 23:34:25,434 INFO c.h.h.t.HelmChartContainer - [hivemq-test-hivemq-platform] [hivemq-platform-operator] [f9ed90dc] 	at io.vertx.core.http.impl.HttpEventHandler.handleEnd(HttpEventHandler.java:76)
2025-01-28 23:34:25,434 INFO c.h.h.t.HelmChartContainer - [hivemq-test-hivemq-platform] [hivemq-platform-operator] [f9ed90dc] 	at io.vertx.core.http.impl.HttpClientResponseImpl.handleEnd(HttpClientResponseImpl.java:250)
2025-01-28 23:34:25,434 INFO c.h.h.t.HelmChartContainer - [hivemq-test-hivemq-platform] [hivemq-platform-operator] [f9ed90dc] 	at io.vertx.core.http.impl.Http1xClientConnection$StreamImpl.lambda$new$0(Http1xClientConnection.java:421)
2025-01-28 23:34:25,434 INFO c.h.h.t.HelmChartContainer - [hivemq-test-hivemq-platform] [hivemq-platform-operator] [f9ed90dc] 	at io.vertx.core.streams.impl.InboundBuffer.handleEvent(InboundBuffer.java:279)
2025-01-28 23:34:25,434 INFO c.h.h.t.HelmChartContainer - [hivemq-test-hivemq-platform] [hivemq-platform-operator] [f9ed90dc] 	at io.vertx.core.streams.impl.InboundBuffer.write(InboundBuffer.java:157)
2025-01-28 23:34:25,434 INFO c.h.h.t.HelmChartContainer - [hivemq-test-hivemq-platform] [hivemq-platform-operator] [f9ed90dc] 	at io.vertx.core.http.impl.Http1xClientConnection$StreamImpl.handleEnd(Http1xClientConnection.java:709)
2025-01-28 23:34:25,434 INFO c.h.h.t.HelmChartContainer - [hivemq-test-hivemq-platform] [hivemq-platform-operator] [f9ed90dc] 	at io.vertx.core.impl.ContextImpl.execute(ContextImpl.java:313)
2025-01-28 23:34:25,434 INFO c.h.h.t.HelmChartContainer - [hivemq-test-hivemq-platform] [hivemq-platform-operator] [f9ed90dc] 	at io.vertx.core.impl.ContextImpl.execute(ContextImpl.java:293)
2025-01-28 23:34:25,434 INFO c.h.h.t.HelmChartContainer - [hivemq-test-hivemq-platform] [hivemq-platform-operator] [f9ed90dc] 	at io.vertx.core.http.impl.Http1xClientConnection.handleResponseEnd(Http1xClientConnection.java:940)
2025-01-28 23:34:25,434 INFO c.h.h.t.HelmChartContainer - [hivemq-test-hivemq-platform] [hivemq-platform-operator] [f9ed90dc] 	at io.vertx.core.http.impl.Http1xClientConnection.handleHttpMessage(Http1xClientConnection.java:810)
2025-01-28 23:34:25,434 INFO c.h.h.t.HelmChartContainer - [hivemq-test-hivemq-platform] [hivemq-platform-operator] [f9ed90dc] 	at io.vertx.core.http.impl.Http1xClientConnection.handleMessage(Http1xClientConnection.java:774)
2025-01-28 23:34:25,434 INFO c.h.h.t.HelmChartContainer - [hivemq-test-hivemq-platform] [hivemq-platform-operator] [f9ed90dc] 	at io.vertx.core.net.impl.ConnectionBase.read(ConnectionBase.java:159)
2025-01-28 23:34:25,434 INFO c.h.h.t.HelmChartContainer - [hivemq-test-hivemq-platform] [hivemq-platform-operator] [f9ed90dc] 	at io.vertx.core.net.impl.VertxHandler.channelRead(VertxHandler.java:153)
2025-01-28 23:34:25,435 INFO c.h.h.t.HelmChartContainer - [hivemq-test-hivemq-platform] [hivemq-platform-operator] [f9ed90dc] 	at io.netty.channel.AbstractChannelHandlerContext.invokeChannelRead(AbstractChannelHandlerContext.java:442)
2025-01-28 23:34:25,435 INFO c.h.h.t.HelmChartContainer - [hivemq-test-hivemq-platform] [hivemq-platform-operator] [f9ed90dc] 	at io.netty.channel.AbstractChannelHandlerContext.invokeChannelRead(AbstractChannelHandlerContext.java:420)
2025-01-28 23:34:25,435 INFO c.h.h.t.HelmChartContainer - [hivemq-test-hivemq-platform] [hivemq-platform-operator] [f9ed90dc] 	at io.netty.channel.AbstractChannelHandlerContext.fireChannelRead(AbstractChannelHandlerContext.java:412)
2025-01-28 23:34:25,435 INFO c.h.h.t.HelmChartContainer - [hivemq-test-hivemq-platform] [hivemq-platform-operator] [f9ed90dc] 	at io.netty.channel.CombinedChannelDuplexHandler$DelegatingChannelHandlerContext.fireChannelRead(CombinedChannelDuplexHandler.java:436)
2025-01-28 23:34:25,435 INFO c.h.h.t.HelmChartContainer - [hivemq-test-hivemq-platform] [hivemq-platform-operator] [f9ed90dc] 	at io.netty.handler.codec.ByteToMessageDecoder.fireChannelRead(ByteToMessageDecoder.java:346)
2025-01-28 23:34:25,435 INFO c.h.h.t.HelmChartContainer - [hivemq-test-hivemq-platform] [hivemq-platform-operator] [f9ed90dc] 	at io.netty.handler.codec.ByteToMessageDecoder.channelRead(ByteToMessageDecoder.java:318)
2025-01-28 23:34:25,435 INFO c.h.h.t.HelmChartContainer - [hivemq-test-hivemq-platform] [hivemq-platform-operator] [f9ed90dc] 	at io.netty.channel.CombinedChannelDuplexHandler.channelRead(CombinedChannelDuplexHandler.java:251)
2025-01-28 23:34:25,435 INFO c.h.h.t.HelmChartContainer - [hivemq-test-hivemq-platform] [hivemq-platform-operator] [f9ed90dc] 	at io.netty.channel.AbstractChannelHandlerContext.invokeChannelRead(AbstractChannelHandlerContext.java:442)
2025-01-28 23:34:25,435 INFO c.h.h.t.HelmChartContainer - [hivemq-test-hivemq-platform] [hivemq-platform-operator] [f9ed90dc] 	at io.netty.channel.AbstractChannelHandlerContext.invokeChannelRead(AbstractChannelHandlerContext.java:420)
2025-01-28 23:34:25,435 INFO c.h.h.t.HelmChartContainer - [hivemq-test-hivemq-platform] [hivemq-platform-operator] [f9ed90dc] 	at io.netty.channel.AbstractChannelHandlerContext.fireChannelRead(AbstractChannelHandlerContext.java:412)
2025-01-28 23:34:25,435 INFO c.h.h.t.HelmChartContainer - [hivemq-test-hivemq-platform] [hivemq-platform-operator] [f9ed90dc] 	at io.netty.handler.ssl.SslHandler.unwrap(SslHandler.java:1475)
2025-01-28 23:34:25,435 INFO c.h.h.t.HelmChartContainer - [hivemq-test-hivemq-platform] [hivemq-platform-operator] [f9ed90dc] 	at io.netty.handler.ssl.SslHandler.decodeJdkCompatible(SslHandler.java:1338)
2025-01-28 23:34:25,435 INFO c.h.h.t.HelmChartContainer - [hivemq-test-hivemq-platform] [hivemq-platform-operator] [f9ed90dc] 	at io.netty.handler.ssl.SslHandler.decode(SslHandler.java:1387)
2025-01-28 23:34:25,435 INFO c.h.h.t.HelmChartContainer - [hivemq-test-hivemq-platform] [hivemq-platform-operator] [f9ed90dc] 	at io.netty.handler.codec.ByteToMessageDecoder.decodeRemovalReentryProtection(ByteToMessageDecoder.java:530)
2025-01-28 23:34:25,435 INFO c.h.h.t.HelmChartContainer - [hivemq-test-hivemq-platform] [hivemq-platform-operator] [f9ed90dc] 	at io.netty.handler.codec.ByteToMessageDecoder.callDecode(ByteToMessageDecoder.java:469)
2025-01-28 23:34:25,435 INFO c.h.h.t.HelmChartContainer - [hivemq-test-hivemq-platform] [hivemq-platform-operator] [f9ed90dc] 	at io.netty.handler.codec.ByteToMessageDecoder.channelRead(ByteToMessageDecoder.java:290)
2025-01-28 23:34:25,438 INFO c.h.h.t.HelmChartContainer - [hivemq-test-hivemq-platform] [hivemq-platform-operator] [f9ed90dc] 	at io.netty.channel.AbstractChannelHandlerContext.invokeChannelRead(AbstractChannelHandlerContext.java:444)
2025-01-28 23:34:25,438 INFO c.h.h.t.HelmChartContainer - [hivemq-test-hivemq-platform] [hivemq-platform-operator] [f9ed90dc] 	at io.netty.channel.AbstractChannelHandlerContext.invokeChannelRead(AbstractChannelHandlerContext.java:420)
2025-01-28 23:34:25,438 INFO c.h.h.t.HelmChartContainer - [hivemq-test-hivemq-platform] [hivemq-platform-operator] [f9ed90dc] 	at io.netty.channel.AbstractChannelHandlerContext.fireChannelRead(AbstractChannelHandlerContext.java:412)
2025-01-28 23:34:25,438 INFO c.h.h.t.HelmChartContainer - [hivemq-test-hivemq-platform] [hivemq-platform-operator] [f9ed90dc] 	at io.netty.channel.DefaultChannelPipeline$HeadContext.channelRead(DefaultChannelPipeline.java:1407)
2025-01-28 23:34:25,438 INFO c.h.h.t.HelmChartContainer - [hivemq-test-hivemq-platform] [hivemq-platform-operator] [f9ed90dc] 	at io.netty.channel.AbstractChannelHandlerContext.invokeChannelRead(AbstractChannelHandlerContext.java:440)
2025-01-28 23:34:25,438 INFO c.h.h.t.HelmChartContainer - [hivemq-test-hivemq-platform] [hivemq-platform-operator] [f9ed90dc] 	at io.netty.channel.AbstractChannelHandlerContext.invokeChannelRead(AbstractChannelHandlerContext.java:420)
2025-01-28 23:34:25,438 INFO c.h.h.t.HelmChartContainer - [hivemq-test-hivemq-platform] [hivemq-platform-operator] [f9ed90dc] 	at io.netty.channel.DefaultChannelPipeline.fireChannelRead(DefaultChannelPipeline.java:918)
2025-01-28 23:34:25,438 INFO c.h.h.t.HelmChartContainer - [hivemq-test-hivemq-platform] [hivemq-platform-operator] [f9ed90dc] 	at io.netty.channel.nio.AbstractNioByteChannel$NioByteUnsafe.read(AbstractNioByteChannel.java:166)
2025-01-28 23:34:25,438 INFO c.h.h.t.HelmChartContainer - [hivemq-test-hivemq-platform] [hivemq-platform-operator] [f9ed90dc] 	at io.netty.channel.nio.NioEventLoop.processSelectedKey(NioEventLoop.java:788)
2025-01-28 23:34:25,438 INFO c.h.h.t.HelmChartContainer - [hivemq-test-hivemq-platform] [hivemq-platform-operator] [f9ed90dc] 	at io.netty.channel.nio.NioEventLoop.processSelectedKeysOptimized(NioEventLoop.java:724)
2025-01-28 23:34:25,438 INFO c.h.h.t.HelmChartContainer - [hivemq-test-hivemq-platform] [hivemq-platform-operator] [f9ed90dc] 	at io.netty.channel.nio.NioEventLoop.processSelectedKeys(NioEventLoop.java:650)
2025-01-28 23:34:25,438 INFO c.h.h.t.HelmChartContainer - [hivemq-test-hivemq-platform] [hivemq-platform-operator] [f9ed90dc] 	at io.netty.channel.nio.NioEventLoop.run(NioEventLoop.java:562)
2025-01-28 23:34:25,438 INFO c.h.h.t.HelmChartContainer - [hivemq-test-hivemq-platform] [hivemq-platform-operator] [f9ed90dc] 	at io.netty.util.concurrent.SingleThreadEventExecutor$4.run(SingleThreadEventExecutor.java:997)
2025-01-28 23:34:25,438 INFO c.h.h.t.HelmChartContainer - [hivemq-test-hivemq-platform] [hivemq-platform-operator] [f9ed90dc] 	at io.netty.util.internal.ThreadExecutorMap$2.run(ThreadExecutorMap.java:74)
2025-01-28 23:34:25,438 INFO c.h.h.t.HelmChartContainer - [hivemq-test-hivemq-platform] [hivemq-platform-operator] [f9ed90dc] 	at io.netty.util.concurrent.FastThreadLocalRunnable.run(FastThreadLocalRunnable.java:30)
2025-01-28 23:34:25,438 INFO c.h.h.t.HelmChartContainer - [hivemq-test-hivemq-platform] [hivemq-platform-operator] [f9ed90dc] 	... 1 more
2025-01-28 23:34:25,438 INFO c.h.h.t.HelmChartContainer - [hivemq-test-hivemq-platform] [hivemq-platform-operator] [f9ed90dc] 
2025-01-28 23:34:25,438 INFO c.h.h.t.HelmChartContainer - [hivemq-test-hivemq-platform] [hivemq-platform-operator] [f9ed90dc] 	at io.javaoperatorsdk.operator.monitoring.micrometer.MicrometerMetrics.lambda$timeControllerExecution$0(MicrometerMetrics.java:165)
2025-01-28 23:34:25,438 INFO c.h.h.t.HelmChartContainer - [hivemq-test-hivemq-platform] [hivemq-platform-operator] [f9ed90dc] 	at io.micrometer.core.instrument.AbstractTimer.record(AbstractTimer.java:190)
2025-01-28 23:34:25,438 INFO c.h.h.t.HelmChartContainer - [hivemq-test-hivemq-platform] [hivemq-platform-operator] [f9ed90dc] 	at io.javaoperatorsdk.operator.monitoring.micrometer.MicrometerMetrics.timeControllerExecution(MicrometerMetrics.java:161)
2025-01-28 23:34:25,438 INFO c.h.h.t.HelmChartContainer - [hivemq-test-hivemq-platform] [hivemq-platform-operator] [f9ed90dc] 	at io.javaoperatorsdk.operator.processing.Controller.reconcile(Controller.java:109)
2025-01-28 23:34:25,438 INFO c.h.h.t.HelmChartContainer - [hivemq-test-hivemq-platform] [hivemq-platform-operator] [f9ed90dc] 	at io.javaoperatorsdk.operator.processing.event.ReconciliationDispatcher.reconcileExecution(ReconciliationDispatcher.java:136)
2025-01-28 23:34:25,438 INFO c.h.h.t.HelmChartContainer - [hivemq-test-hivemq-platform] [hivemq-platform-operator] [f9ed90dc] 	at io.javaoperatorsdk.operator.processing.event.ReconciliationDispatcher.handleReconcile(ReconciliationDispatcher.java:117)
2025-01-28 23:34:25,438 INFO c.h.h.t.HelmChartContainer - [hivemq-test-hivemq-platform] [hivemq-platform-operator] [f9ed90dc] 	at io.javaoperatorsdk.operator.processing.event.ReconciliationDispatcher.handleDispatch(ReconciliationDispatcher.java:91)
2025-01-28 23:34:25,438 INFO c.h.h.t.HelmChartContainer - [hivemq-test-hivemq-platform] [hivemq-platform-operator] [f9ed90dc] 	at io.javaoperatorsdk.operator.processing.event.ReconciliationDispatcher.handleExecution(ReconciliationDispatcher.java:64)
2025-01-28 23:34:25,438 INFO c.h.h.t.HelmChartContainer - [hivemq-test-hivemq-platform] [hivemq-platform-operator] [f9ed90dc] 	at io.javaoperatorsdk.operator.processing.event.EventProcessor$ReconcilerExecutor.run(EventProcessor.java:452)
2025-01-28 23:34:25,438 INFO c.h.h.t.HelmChartContainer - [hivemq-test-hivemq-platform] [hivemq-platform-operator] [f9ed90dc] 	at java.base/java.util.concurrent.ThreadPoolExecutor.runWorker(Unknown Source)
2025-01-28 23:34:25,438 INFO c.h.h.t.HelmChartContainer - [hivemq-test-hivemq-platform] [hivemq-platform-operator] [f9ed90dc] 	at java.base/java.util.concurrent.ThreadPoolExecutor$Worker.run(Unknown Source)
2025-01-28 23:34:25,438 INFO c.h.h.t.HelmChartContainer - [hivemq-test-hivemq-platform] [hivemq-platform-operator] [f9ed90dc] 	at java.base/java.lang.Thread.run(Unknown Source)
2025-01-28 23:34:25,438 INFO c.h.h.t.HelmChartContainer - [hivemq-test-hivemq-platform] [hivemq-platform-operator] [f9ed90dc] Caused by: io.javaoperatorsdk.operator.AggregatedOperatorException: Exception(s) during workflow execution. Details:
2025-01-28 23:34:25,438 INFO c.h.h.t.HelmChartContainer - [hivemq-test-hivemq-platform] [hivemq-platform-operator] [f9ed90dc]  - com.hivemq.platform.operator.dependants.PodRoleBindingResource -> io.fabric8.kubernetes.client.KubernetesClientException: Failure executing: PATCH at: https://10.43.0.1:443/apis/rbac.authorization.k8s.io/v1/namespaces/helmcustomconfigit/rolebindings/hivemq-platform-role-binding-test-hivemq-platform?fieldManager=hivemq-controller&force=true. Message: rolebindings.rbac.authorization.k8s.io "hivemq-platform-role-test-hivemq-platform" not found. Received status: Status(apiVersion=v1, code=404, details=StatusDetails(causes=[], group=rbac.authorization.k8s.io, kind=rolebindings, name=hivemq-platform-role-test-hivemq-platform, retryAfterSeconds=null, uid=null, additionalProperties={}), kind=Status, message=rolebindings.rbac.authorization.k8s.io "hivemq-platform-role-test-hivemq-platform" not found, metadata=ListMeta(_continue=null, remainingItemCount=null, resourceVersion=null, selfLink=null, additionalProperties={}), reason=NotFound, status=Failure, additionalProperties={}).
2025-01-28 23:34:25,438 INFO c.h.h.t.HelmChartContainer - [hivemq-test-hivemq-platform] [hivemq-platform-operator] [f9ed90dc] 	at io.fabric8.kubernetes.client.KubernetesClientException.copyAsCause(KubernetesClientException.java:238)
2025-01-28 23:34:25,438 INFO c.h.h.t.HelmChartContainer - [hivemq-test-hivemq-platform] [hivemq-platform-operator] [f9ed90dc] 	at io.fabric8.kubernetes.client.dsl.internal.OperationSupport.waitForResult(OperationSupport.java:507)
2025-01-28 23:34:25,438 INFO c.h.h.t.HelmChartContainer - [hivemq-test-hivemq-platform] [hivemq-platform-operator] [f9ed90dc] 	at io.fabric8.kubernetes.client.dsl.internal.OperationSupport.handleResponse(OperationSupport.java:524)
2025-01-28 23:34:25,438 INFO c.h.h.t.HelmChartContainer - [hivemq-test-hivemq-platform] [hivemq-platform-operator] [f9ed90dc] 	at io.fabric8.kubernetes.client.dsl.internal.OperationSupport.handlePatch(OperationSupport.java:419)
2025-01-28 23:34:25,438 INFO c.h.h.t.HelmChartContainer - [hivemq-test-hivemq-platform] [hivemq-platform-operator] [f9ed90dc] 	at io.fabric8.kubernetes.client.dsl.internal.OperationSupport.handlePatch(OperationSupport.java:397)
2025-01-28 23:34:25,438 INFO c.h.h.t.HelmChartContainer - [hivemq-test-hivemq-platform] [hivemq-platform-operator] [f9ed90dc] 	at io.fabric8.kubernetes.client.dsl.internal.BaseOperation.handlePatch(BaseOperation.java:764)
2025-01-28 23:34:25,438 INFO c.h.h.t.HelmChartContainer - [hivemq-test-hivemq-platform] [hivemq-platform-operator] [f9ed90dc] 	at io.fabric8.kubernetes.client.dsl.internal.HasMetadataOperation.lambda$patch$2(HasMetadataOperation.java:231)
2025-01-28 23:34:25,438 INFO c.h.h.t.HelmChartContainer - [hivemq-test-hivemq-platform] [hivemq-platform-operator] [f9ed90dc] 	at io.fabric8.kubernetes.client.dsl.internal.HasMetadataOperation.patch(HasMetadataOperation.java:236)
2025-01-28 23:34:25,438 INFO c.h.h.t.HelmChartContainer - [hivemq-test-hivemq-platform] [hivemq-platform-operator] [f9ed90dc] 	at io.fabric8.kubernetes.client.dsl.internal.HasMetadataOperation.patch(HasMetadataOperation.java:251)
2025-01-28 23:34:25,438 INFO c.h.h.t.HelmChartContainer - [hivemq-test-hivemq-platform] [hivemq-platform-operator] [f9ed90dc] 	at io.fabric8.kubernetes.client.dsl.internal.BaseOperation.serverSideApply(BaseOperation.java:1179)
2025-01-28 23:34:25,438 INFO c.h.h.t.HelmChartContainer - [hivemq-test-hivemq-platform] [hivemq-platform-operator] [f9ed90dc] 	at io.fabric8.kubernetes.client.dsl.internal.BaseOperation.serverSideApply(BaseOperation.java:98)
2025-01-28 23:34:25,438 INFO c.h.h.t.HelmChartContainer - [hivemq-test-hivemq-platform] [hivemq-platform-operator] [f9ed90dc] 	at io.javaoperatorsdk.operator.processing.dependent.kubernetes.KubernetesDependentResource.create(KubernetesDependentResource.java:123)
2025-01-28 23:34:25,438 INFO c.h.h.t.HelmChartContainer - [hivemq-test-hivemq-platform] [hivemq-platform-operator] [f9ed90dc] 	at com.hivemq.platform.operator.dependants.PodRoleBindingResource.create(PodRoleBindingResource.java:55)
2025-01-28 23:34:25,438 INFO c.h.h.t.HelmChartContainer - [hivemq-test-hivemq-platform] [hivemq-platform-operator] [f9ed90dc] 	at com.hivemq.platform.operator.dependants.PodRoleBindingResource.create(PodRoleBindingResource.java:22)
2025-01-28 23:34:25,438 INFO c.h.h.t.HelmChartContainer - [hivemq-test-hivemq-platform] [hivemq-platform-operator] [f9ed90dc] 	at io.javaoperatorsdk.operator.processing.dependent.AbstractDependentResource.handleCreate(AbstractDependentResource.java:119)
2025-01-28 23:34:25,438 INFO c.h.h.t.HelmChartContainer - [hivemq-test-hivemq-platform] [hivemq-platform-operator] [f9ed90dc] 	at io.javaoperatorsdk.operator.processing.dependent.AbstractDependentResource.reconcile(AbstractDependentResource.java:62)
2025-01-28 23:34:25,438 INFO c.h.h.t.HelmChartContainer - [hivemq-test-hivemq-platform] [hivemq-platform-operator] [f9ed90dc] 	at io.javaoperatorsdk.operator.processing.dependent.SingleDependentResourceReconciler.reconcile(SingleDependentResourceReconciler.java:19)
2025-01-28 23:34:25,438 INFO c.h.h.t.HelmChartContainer - [hivemq-test-hivemq-platform] [hivemq-platform-operator] [f9ed90dc] 	at io.javaoperatorsdk.operator.processing.dependent.AbstractDependentResource.reconcile(AbstractDependentResource.java:52)
2025-01-28 23:34:25,438 INFO c.h.h.t.HelmChartContainer - [hivemq-test-hivemq-platform] [hivemq-platform-operator] [f9ed90dc] 	at com.hivemq.platform.operator.dependants.PodRoleBindingResource.reconcile(PodRoleBindingResource.java:46)
2025-01-28 23:34:25,438 INFO c.h.h.t.HelmChartContainer - [hivemq-test-hivemq-platform] [hivemq-platform-operator] [f9ed90dc] 	at com.hivemq.platform.operator.dependants.PodRoleBindingResource.reconcile(PodRoleBindingResource.java:22)
2025-01-28 23:34:25,438 INFO c.h.h.t.HelmChartContainer - [hivemq-test-hivemq-platform] [hivemq-platform-operator] [f9ed90dc] 	at io.javaoperatorsdk.operator.processing.dependent.workflow.WorkflowReconcileExecutor$NodeReconcileExecutor.doRun(WorkflowReconcileExecutor.java:123)
2025-01-28 23:34:25,438 INFO c.h.h.t.HelmChartContainer - [hivemq-test-hivemq-platform] [hivemq-platform-operator] [f9ed90dc] 	at io.javaoperatorsdk.operator.processing.dependent.workflow.NodeExecutor.run(NodeExecutor.java:22)
2025-01-28 23:34:25,438 INFO c.h.h.t.HelmChartContainer - [hivemq-test-hivemq-platform] [hivemq-platform-operator] [f9ed90dc] 	at java.base/java.util.concurrent.Executors$RunnableAdapter.call(Unknown Source)
2025-01-28 23:34:25,438 INFO c.h.h.t.HelmChartContainer - [hivemq-test-hivemq-platform] [hivemq-platform-operator] [f9ed90dc] 	at java.base/java.util.concurrent.FutureTask.run(Unknown Source)
2025-01-28 23:34:25,438 INFO c.h.h.t.HelmChartContainer - [hivemq-test-hivemq-platform] [hivemq-platform-operator] [f9ed90dc] 	at java.base/java.util.concurrent.ThreadPoolExecutor.runWorker(Unknown Source)
2025-01-28 23:34:25,438 INFO c.h.h.t.HelmChartContainer - [hivemq-test-hivemq-platform] [hivemq-platform-operator] [f9ed90dc] 	at java.base/java.util.concurrent.ThreadPoolExecutor$Worker.run(Unknown Source)
2025-01-28 23:34:25,438 INFO c.h.h.t.HelmChartContainer - [hivemq-test-hivemq-platform] [hivemq-platform-operator] [f9ed90dc] 	at java.base/java.lang.Thread.run(Unknown Source)
2025-01-28 23:34:25,438 INFO c.h.h.t.HelmChartContainer - [hivemq-test-hivemq-platform] [hivemq-platform-operator] [f9ed90dc] Caused by: io.fabric8.kubernetes.client.KubernetesClientException: Failure executing: PATCH at: https://10.43.0.1:443/apis/rbac.authorization.k8s.io/v1/namespaces/helmcustomconfigit/rolebindings/hivemq-platform-role-binding-test-hivemq-platform?fieldManager=hivemq-controller&force=true. Message: rolebindings.rbac.authorization.k8s.io "hivemq-platform-role-test-hivemq-platform" not found. Received status: Status(apiVersion=v1, code=404, details=StatusDetails(causes=[], group=rbac.authorization.k8s.io, kind=rolebindings, name=hivemq-platform-role-test-hivemq-platform, retryAfterSeconds=null, uid=null, additionalProperties={}), kind=Status, message=rolebindings.rbac.authorization.k8s.io "hivemq-platform-role-test-hivemq-platform" not found, metadata=ListMeta(_continue=null, remainingItemCount=null, resourceVersion=null, selfLink=null, additionalProperties={}), reason=NotFound, status=Failure, additionalProperties={}).
2025-01-28 23:34:25,438 INFO c.h.h.t.HelmChartContainer - [hivemq-test-hivemq-platform] [hivemq-platform-operator] [f9ed90dc] 	at io.fabric8.kubernetes.client.dsl.internal.OperationSupport.requestFailure(OperationSupport.java:660)
2025-01-28 23:34:25,438 INFO c.h.h.t.HelmChartContainer - [hivemq-test-hivemq-platform] [hivemq-platform-operator] [f9ed90dc] 	at io.fabric8.kubernetes.client.dsl.internal.OperationSupport.requestFailure(OperationSupport.java:640)
2025-01-28 23:34:25,438 INFO c.h.h.t.HelmChartContainer - [hivemq-test-hivemq-platform] [hivemq-platform-operator] [f9ed90dc] 	at io.fabric8.kubernetes.client.dsl.internal.OperationSupport.assertResponseCode(OperationSupport.java:589)
2025-01-28 23:34:25,438 INFO c.h.h.t.HelmChartContainer - [hivemq-test-hivemq-platform] [hivemq-platform-operator] [f9ed90dc] 	at io.fabric8.kubernetes.client.dsl.internal.OperationSupport.lambda$handleResponse$0(OperationSupport.java:549)
2025-01-28 23:34:25,438 INFO c.h.h.t.HelmChartContainer - [hivemq-test-hivemq-platform] [hivemq-platform-operator] [f9ed90dc] 	at java.base/java.util.concurrent.CompletableFuture$UniApply.tryFire(Unknown Source)
2025-01-28 23:34:25,438 INFO c.h.h.t.HelmChartContainer - [hivemq-test-hivemq-platform] [hivemq-platform-operator] [f9ed90dc] 	at java.base/java.util.concurrent.CompletableFuture.postComplete(Unknown Source)
2025-01-28 23:34:25,439 INFO c.h.h.t.HelmChartContainer - [hivemq-test-hivemq-platform] [hivemq-platform-operator] [f9ed90dc] 	at java.base/java.util.concurrent.CompletableFuture.complete(Unknown Source)
2025-01-28 23:34:25,439 INFO c.h.h.t.HelmChartContainer - [hivemq-test-hivemq-platform] [hivemq-platform-operator] [f9ed90dc] 	at io.fabric8.kubernetes.client.http.StandardHttpClient.lambda$completeOrCancel$10(StandardHttpClient.java:141)
2025-01-28 23:34:25,439 INFO c.h.h.t.HelmChartContainer - [hivemq-test-hivemq-platform] [hivemq-platform-operator] [f9ed90dc] 	at java.base/java.util.concurrent.CompletableFuture.uniWhenComplete(Unknown Source)
2025-01-28 23:34:25,439 INFO c.h.h.t.HelmChartContainer - [hivemq-test-hivemq-platform] [hivemq-platform-operator] [f9ed90dc] 	at java.base/java.util.concurrent.CompletableFuture$UniWhenComplete.tryFire(Unknown Source)
2025-01-28 23:34:25,439 INFO c.h.h.t.HelmChartContainer - [hivemq-test-hivemq-platform] [hivemq-platform-operator] [f9ed90dc] 	at java.base/java.util.concurrent.CompletableFuture.postComplete(Unknown Source)
2025-01-28 23:34:25,439 INFO c.h.h.t.HelmChartContainer - [hivemq-test-hivemq-platform] [hivemq-platform-operator] [f9ed90dc] 	at java.base/java.util.concurrent.CompletableFuture.complete(Unknown Source)
2025-01-28 23:34:25,439 INFO c.h.h.t.HelmChartContainer - [hivemq-test-hivemq-platform] [hivemq-platform-operator] [f9ed90dc] 	at io.fabric8.kubernetes.client.http.ByteArrayBodyHandler.onBodyDone(ByteArrayBodyHandler.java:51)
2025-01-28 23:34:25,439 INFO c.h.h.t.HelmChartContainer - [hivemq-test-hivemq-platform] [hivemq-platform-operator] [f9ed90dc] 	at java.base/java.util.concurrent.CompletableFuture.uniWhenComplete(Unknown Source)
2025-01-28 23:34:25,439 INFO c.h.h.t.HelmChartContainer - [hivemq-test-hivemq-platform] [hivemq-platform-operator] [f9ed90dc] 	at java.base/java.util.concurrent.CompletableFuture$UniWhenComplete.tryFire(Unknown Source)
2025-01-28 23:34:25,439 INFO c.h.h.t.HelmChartContainer - [hivemq-test-hivemq-platform] [hivemq-platform-operator] [f9ed90dc] 	at java.base/java.util.concurrent.CompletableFuture.postComplete(Unknown Source)
2025-01-28 23:34:25,439 INFO c.h.h.t.HelmChartContainer - [hivemq-test-hivemq-platform] [hivemq-platform-operator] [f9ed90dc] 	at java.base/java.util.concurrent.CompletableFuture.complete(Unknown Source)
2025-01-28 23:34:25,439 INFO c.h.h.t.HelmChartContainer - [hivemq-test-hivemq-platform] [hivemq-platform-operator] [f9ed90dc] 	at io.fabric8.kubernetes.client.vertx.VertxHttpRequest.lambda$null$1(VertxHttpRequest.java:121)
2025-01-28 23:34:25,439 INFO c.h.h.t.HelmChartContainer - [hivemq-test-hivemq-platform] [hivemq-platform-operator] [f9ed90dc] 	at io.vertx.core.impl.ContextInternal.dispatch(ContextInternal.java:279)
2025-01-28 23:34:25,439 INFO c.h.h.t.HelmChartContainer - [hivemq-test-hivemq-platform] [hivemq-platform-operator] [f9ed90dc] 	at io.vertx.core.impl.ContextInternal.dispatch(ContextInternal.java:261)
2025-01-28 23:34:25,439 INFO c.h.h.t.HelmChartContainer - [hivemq-test-hivemq-platform] [hivemq-platform-operator] [f9ed90dc] 	at io.vertx.core.http.impl.HttpEventHandler.handleEnd(HttpEventHandler.java:76)
2025-01-28 23:34:25,439 INFO c.h.h.t.HelmChartContainer - [hivemq-test-hivemq-platform] [hivemq-platform-operator] [f9ed90dc] 	at io.vertx.core.http.impl.HttpClientResponseImpl.handleEnd(HttpClientResponseImpl.java:250)
2025-01-28 23:34:25,439 INFO c.h.h.t.HelmChartContainer - [hivemq-test-hivemq-platform] [hivemq-platform-operator] [f9ed90dc] 	at io.vertx.core.http.impl.Http1xClientConnection$StreamImpl.lambda$new$0(Http1xClientConnection.java:421)
2025-01-28 23:34:25,439 INFO c.h.h.t.HelmChartContainer - [hivemq-test-hivemq-platform] [hivemq-platform-operator] [f9ed90dc] 	at io.vertx.core.streams.impl.InboundBuffer.handleEvent(InboundBuffer.java:279)
2025-01-28 23:34:25,439 INFO c.h.h.t.HelmChartContainer - [hivemq-test-hivemq-platform] [hivemq-platform-operator] [f9ed90dc] 	at io.vertx.core.streams.impl.InboundBuffer.write(InboundBuffer.java:157)
2025-01-28 23:34:25,439 INFO c.h.h.t.HelmChartContainer - [hivemq-test-hivemq-platform] [hivemq-platform-operator] [f9ed90dc] 	at io.vertx.core.http.impl.Http1xClientConnection$StreamImpl.handleEnd(Http1xClientConnection.java:709)
2025-01-28 23:34:25,439 INFO c.h.h.t.HelmChartContainer - [hivemq-test-hivemq-platform] [hivemq-platform-operator] [f9ed90dc] 	at io.vertx.core.impl.ContextImpl.execute(ContextImpl.java:313)
2025-01-28 23:34:25,439 INFO c.h.h.t.HelmChartContainer - [hivemq-test-hivemq-platform] [hivemq-platform-operator] [f9ed90dc] 	at io.vertx.core.impl.ContextImpl.execute(ContextImpl.java:293)
2025-01-28 23:34:25,439 INFO c.h.h.t.HelmChartContainer - [hivemq-test-hivemq-platform] [hivemq-platform-operator] [f9ed90dc] 	at io.vertx.core.http.impl.Http1xClientConnection.handleResponseEnd(Http1xClientConnection.java:940)
2025-01-28 23:34:25,439 INFO c.h.h.t.HelmChartContainer - [hivemq-test-hivemq-platform] [hivemq-platform-operator] [f9ed90dc] 	at io.vertx.core.http.impl.Http1xClientConnection.handleHttpMessage(Http1xClientConnection.java:810)
2025-01-28 23:34:25,439 INFO c.h.h.t.HelmChartContainer - [hivemq-test-hivemq-platform] [hivemq-platform-operator] [f9ed90dc] 	at io.vertx.core.http.impl.Http1xClientConnection.handleMessage(Http1xClientConnection.java:774)
2025-01-28 23:34:25,439 INFO c.h.h.t.HelmChartContainer - [hivemq-test-hivemq-platform] [hivemq-platform-operator] [f9ed90dc] 	at io.vertx.core.net.impl.ConnectionBase.read(ConnectionBase.java:159)
2025-01-28 23:34:25,439 INFO c.h.h.t.HelmChartContainer - [hivemq-test-hivemq-platform] [hivemq-platform-operator] [f9ed90dc] 	at io.vertx.core.net.impl.VertxHandler.channelRead(VertxHandler.java:153)
2025-01-28 23:34:25,439 INFO c.h.h.t.HelmChartContainer - [hivemq-test-hivemq-platform] [hivemq-platform-operator] [f9ed90dc] 	at io.netty.channel.AbstractChannelHandlerContext.invokeChannelRead(AbstractChannelHandlerContext.java:442)
2025-01-28 23:34:25,439 INFO c.h.h.t.HelmChartContainer - [hivemq-test-hivemq-platform] [hivemq-platform-operator] [f9ed90dc] 	at io.netty.channel.AbstractChannelHandlerContext.invokeChannelRead(AbstractChannelHandlerContext.java:420)
2025-01-28 23:34:25,439 INFO c.h.h.t.HelmChartContainer - [hivemq-test-hivemq-platform] [hivemq-platform-operator] [f9ed90dc] 	at io.netty.channel.AbstractChannelHandlerContext.fireChannelRead(AbstractChannelHandlerContext.java:412)
2025-01-28 23:34:25,439 INFO c.h.h.t.HelmChartContainer - [hivemq-test-hivemq-platform] [hivemq-platform-operator] [f9ed90dc] 	at io.netty.channel.CombinedChannelDuplexHandler$DelegatingChannelHandlerContext.fireChannelRead(CombinedChannelDuplexHandler.java:436)
2025-01-28 23:34:25,439 INFO c.h.h.t.HelmChartContainer - [hivemq-test-hivemq-platform] [hivemq-platform-operator] [f9ed90dc] 	at io.netty.handler.codec.ByteToMessageDecoder.fireChannelRead(ByteToMessageDecoder.java:346)
2025-01-28 23:34:25,439 INFO c.h.h.t.HelmChartContainer - [hivemq-test-hivemq-platform] [hivemq-platform-operator] [f9ed90dc] 	at io.netty.handler.codec.ByteToMessageDecoder.channelRead(ByteToMessageDecoder.java:318)
2025-01-28 23:34:25,439 INFO c.h.h.t.HelmChartContainer - [hivemq-test-hivemq-platform] [hivemq-platform-operator] [f9ed90dc] 	at io.netty.channel.CombinedChannelDuplexHandler.channelRead(CombinedChannelDuplexHandler.java:251)
2025-01-28 23:34:25,439 INFO c.h.h.t.HelmChartContainer - [hivemq-test-hivemq-platform] [hivemq-platform-operator] [f9ed90dc] 	at io.netty.channel.AbstractChannelHandlerContext.invokeChannelRead(AbstractChannelHandlerContext.java:442)
2025-01-28 23:34:25,439 INFO c.h.h.t.HelmChartContainer - [hivemq-test-hivemq-platform] [hivemq-platform-operator] [f9ed90dc] 	at io.netty.channel.AbstractChannelHandlerContext.invokeChannelRead(AbstractChannelHandlerContext.java:420)
2025-01-28 23:34:25,439 INFO c.h.h.t.HelmChartContainer - [hivemq-test-hivemq-platform] [hivemq-platform-operator] [f9ed90dc] 	at io.netty.channel.AbstractChannelHandlerContext.fireChannelRead(AbstractChannelHandlerContext.java:412)
2025-01-28 23:34:25,439 INFO c.h.h.t.HelmChartContainer - [hivemq-test-hivemq-platform] [hivemq-platform-operator] [f9ed90dc] 	at io.netty.handler.ssl.SslHandler.unwrap(SslHandler.java:1475)
2025-01-28 23:34:25,439 INFO c.h.h.t.HelmChartContainer - [hivemq-test-hivemq-platform] [hivemq-platform-operator] [f9ed90dc] 	at io.netty.handler.ssl.SslHandler.decodeJdkCompatible(SslHandler.java:1338)
2025-01-28 23:34:25,439 INFO c.h.h.t.HelmChartContainer - [hivemq-test-hivemq-platform] [hivemq-platform-operator] [f9ed90dc] 	at io.netty.handler.ssl.SslHandler.decode(SslHandler.java:1387)
2025-01-28 23:34:25,439 INFO c.h.h.t.HelmChartContainer - [hivemq-test-hivemq-platform] [hivemq-platform-operator] [f9ed90dc] 	at io.netty.handler.codec.ByteToMessageDecoder.decodeRemovalReentryProtection(ByteToMessageDecoder.java:530)
2025-01-28 23:34:25,439 INFO c.h.h.t.HelmChartContainer - [hivemq-test-hivemq-platform] [hivemq-platform-operator] [f9ed90dc] 	at io.netty.handler.codec.ByteToMessageDecoder.callDecode(ByteToMessageDecoder.java:469)
2025-01-28 23:34:25,439 INFO c.h.h.t.HelmChartContainer - [hivemq-test-hivemq-platform] [hivemq-platform-operator] [f9ed90dc] 	at io.netty.handler.codec.ByteToMessageDecoder.channelRead(ByteToMessageDecoder.java:290)
2025-01-28 23:34:25,439 INFO c.h.h.t.HelmChartContainer - [hivemq-test-hivemq-platform] [hivemq-platform-operator] [f9ed90dc] 	at io.netty.channel.AbstractChannelHandlerContext.invokeChannelRead(AbstractChannelHandlerContext.java:444)
2025-01-28 23:34:25,439 INFO c.h.h.t.HelmChartContainer - [hivemq-test-hivemq-platform] [hivemq-platform-operator] [f9ed90dc] 	at io.netty.channel.AbstractChannelHandlerContext.invokeChannelRead(AbstractChannelHandlerContext.java:420)
2025-01-28 23:34:25,439 INFO c.h.h.t.HelmChartContainer - [hivemq-test-hivemq-platform] [hivemq-platform-operator] [f9ed90dc] 	at io.netty.channel.AbstractChannelHandlerContext.fireChannelRead(AbstractChannelHandlerContext.java:412)
2025-01-28 23:34:25,439 INFO c.h.h.t.HelmChartContainer - [hivemq-test-hivemq-platform] [hivemq-platform-operator] [f9ed90dc] 	at io.netty.channel.DefaultChannelPipeline$HeadContext.channelRead(DefaultChannelPipeline.java:1407)
2025-01-28 23:34:25,439 INFO c.h.h.t.HelmChartContainer - [hivemq-test-hivemq-platform] [hivemq-platform-operator] [f9ed90dc] 	at io.netty.channel.AbstractChannelHandlerContext.invokeChannelRead(AbstractChannelHandlerContext.java:440)
2025-01-28 23:34:25,439 INFO c.h.h.t.HelmChartContainer - [hivemq-test-hivemq-platform] [hivemq-platform-operator] [f9ed90dc] 	at io.netty.channel.AbstractChannelHandlerContext.invokeChannelRead(AbstractChannelHandlerContext.java:420)
2025-01-28 23:34:25,439 INFO c.h.h.t.HelmChartContainer - [hivemq-test-hivemq-platform] [hivemq-platform-operator] [f9ed90dc] 	at io.netty.channel.DefaultChannelPipeline.fireChannelRead(DefaultChannelPipeline.java:918)
2025-01-28 23:34:25,439 INFO c.h.h.t.HelmChartContainer - [hivemq-test-hivemq-platform] [hivemq-platform-operator] [f9ed90dc] 	at io.netty.channel.nio.AbstractNioByteChannel$NioByteUnsafe.read(AbstractNioByteChannel.java:166)
2025-01-28 23:34:25,439 INFO c.h.h.t.HelmChartContainer - [hivemq-test-hivemq-platform] [hivemq-platform-operator] [f9ed90dc] 	at io.netty.channel.nio.NioEventLoop.processSelectedKey(NioEventLoop.java:788)
2025-01-28 23:34:25,439 INFO c.h.h.t.HelmChartContainer - [hivemq-test-hivemq-platform] [hivemq-platform-operator] [f9ed90dc] 	at io.netty.channel.nio.NioEventLoop.processSelectedKeysOptimized(NioEventLoop.java:724)
2025-01-28 23:34:25,439 INFO c.h.h.t.HelmChartContainer - [hivemq-test-hivemq-platform] [hivemq-platform-operator] [f9ed90dc] 	at io.netty.channel.nio.NioEventLoop.processSelectedKeys(NioEventLoop.java:650)
2025-01-28 23:34:25,439 INFO c.h.h.t.HelmChartContainer - [hivemq-test-hivemq-platform] [hivemq-platform-operator] [f9ed90dc] 	at io.netty.channel.nio.NioEventLoop.run(NioEventLoop.java:562)
2025-01-28 23:34:25,439 INFO c.h.h.t.HelmChartContainer - [hivemq-test-hivemq-platform] [hivemq-platform-operator] [f9ed90dc] 	at io.netty.util.concurrent.SingleThreadEventExecutor$4.run(SingleThreadEventExecutor.java:997)
2025-01-28 23:34:25,439 INFO c.h.h.t.HelmChartContainer - [hivemq-test-hivemq-platform] [hivemq-platform-operator] [f9ed90dc] 	at io.netty.util.internal.ThreadExecutorMap$2.run(ThreadExecutorMap.java:74)
2025-01-28 23:34:25,441 INFO c.h.h.t.HelmChartContainer - [hivemq-test-hivemq-platform] [hivemq-platform-operator] [f9ed90dc] 	at io.netty.util.concurrent.FastThreadLocalRunnable.run(FastThreadLocalRunnable.java:30)
2025-01-28 23:34:25,441 INFO c.h.h.t.HelmChartContainer - [hivemq-test-hivemq-platform] [hivemq-platform-operator] [f9ed90dc] 	... 1 more
2025-01-28 23:34:25,441 INFO c.h.h.t.HelmChartContainer - [hivemq-test-hivemq-platform] [hivemq-platform-operator] [f9ed90dc] 
2025-01-28 23:34:25,441 INFO c.h.h.t.HelmChartContainer - [hivemq-test-hivemq-platform] [hivemq-platform-operator] [f9ed90dc] 	at io.javaoperatorsdk.operator.processing.dependent.workflow.WorkflowResult.throwAggregateExceptionIfErrorsPresent(WorkflowResult.java:54)
2025-01-28 23:34:25,441 INFO c.h.h.t.HelmChartContainer - [hivemq-test-hivemq-platform] [hivemq-platform-operator] [f9ed90dc] 	at io.javaoperatorsdk.operator.processing.dependent.workflow.WorkflowReconcileResult.throwAggregateExceptionIfErrorsPresent(WorkflowReconcileResult.java:9)
2025-01-28 23:34:25,441 INFO c.h.h.t.HelmChartContainer - [hivemq-test-hivemq-platform] [hivemq-platform-operator] [f9ed90dc] 	at io.javaoperatorsdk.operator.processing.dependent.workflow.DefaultWorkflow.reconcile(DefaultWorkflow.java:98)
2025-01-28 23:34:25,441 INFO c.h.h.t.HelmChartContainer - [hivemq-test-hivemq-platform] [hivemq-platform-operator] [f9ed90dc] 	at io.javaoperatorsdk.operator.processing.Controller$1.execute(Controller.java:147)
2025-01-28 23:34:25,441 INFO c.h.h.t.HelmChartContainer - [hivemq-test-hivemq-platform] [hivemq-platform-operator] [f9ed90dc] 	at io.javaoperatorsdk.operator.processing.Controller$1.execute(Controller.java:110)
2025-01-28 23:34:25,441 INFO c.h.h.t.HelmChartContainer - [hivemq-test-hivemq-platform] [hivemq-platform-operator] [f9ed90dc] 	at io.javaoperatorsdk.operator.monitoring.micrometer.MicrometerMetrics.lambda$timeControllerExecution$0(MicrometerMetrics.java:163)
2025-01-28 23:34:25,441 INFO c.h.h.t.HelmChartContainer - [hivemq-test-hivemq-platform] [hivemq-platform-operator] [f9ed90dc] 	... 11 common frames omitted
2025-01-28 23:34:25,441 INFO c.h.h.t.HelmChartContainer - [hivemq-test-hivemq-platform] [hivemq-platform-operator] [f9ed90dc] 23:34:25.429 [ReconcilerExecutor-hivemq-controller-121] INFO  c.h.p.o.HiveMQPlatformReconciler - [helmcust] Cleanup test-hivemq-platform - helmcustomconfigit HiveMQ Platform is shut down
2025-01-28 23:34:25,895 INFO c.h.h.t.HelmChartContainer - [POD] test-hivemq-platform-0 [87d707ac-8295-4ad2-bcdc-9f6ac7a5134c] in helmcustomconfigit was MODIFIED
2025-01-28 23:34:25,899 INFO c.h.h.t.HelmChartContainer - [EVENT] Normal [Killing] Stopping container hivemq [helmcustomconfigit:test-hivemq-platform-0]
2025-01-28 23:34:25,899 INFO c.h.h.t.HelmChartContainer - Received Killing event for container hivemq in pod test-hivemq-platform-0 [87d707ac-8295-4ad2-bcdc-9f6ac7a5134c]
2025-01-28 23:34:25,899 INFO c.h.h.t.HelmChartContainer - Container [test-hivemq-platform-0] [hivemq] [87d707ac-8295-4ad2-bcdc-9f6ac7a5134c] was terminated
2025-01-28 23:34:25,900 INFO c.h.h.t.HelmChartContainer - Stopped log watcher for hivemq in pod test-hivemq-platform-0 [87d707ac-8295-4ad2-bcdc-9f6ac7a5134c]
2025-01-28 23:34:25,910 INFO c.h.h.t.HelmChartContainer - [test-hivemq-platform] [hivemq] [87d707ac] INFO  - [HiveMQ Platform Operator Init App 1.7.0-SNAPSHOT] Shutting down
2025-01-28 23:34:25,910 INFO c.h.h.t.HelmChartContainer - [test-hivemq-platform] [hivemq] [87d707ac] INFO  - [HiveMQ Platform Operator Init App 1.7.0-SNAPSHOT] Stopping the HiveMQ Platform
2025-01-28 23:34:25,949 INFO c.h.h.t.HelmChartContainer - [test-hivemq-platform] [hivemq] [87d707ac] INFO  - Shutting down HiveMQ. Please wait, this could take a while...
2025-01-28 23:34:25,953 INFO c.h.h.t.HelmChartContainer - [test-hivemq-platform] [hivemq] [87d707ac] INFO  - Shutting down listeners and clients
2025-01-28 23:34:25,956 INFO c.h.h.t.HelmChartContainer - [test-hivemq-platform] [hivemq] [87d707ac] INFO  - Shutdown of listeners is done
2025-01-28 23:34:25,956 INFO c.h.h.t.HelmChartContainer - [test-hivemq-platform] [hivemq] [87d707ac] INFO  - No clients are connected, proceeding with shutdown
2025-01-28 23:34:27,218 INFO c.h.h.t.HelmChartContainer - Deleting namespace 'helmcustomconfigit'...
2025-01-28 23:34:27,752 INFO c.h.h.t.HelmChartContainer - [test-hivemq-platform] [hivemq] [87d707ac] INFO  - [HiveMQ Platform Operator Init App 1.7.0-SNAPSHOT] Returning shutdown Health API response 503 for readiness
2025-01-28 23:34:27,759 INFO c.h.h.t.HelmChartContainer - [EVENT] Warning [Unhealthy] Readiness probe failed: HTTP probe failed with statuscode: 503 [helmcustomconfigit:test-hivemq-platform-0]
2025-01-28 23:34:27,759 INFO c.h.h.t.HelmChartContainer - Received Unhealthy event for container hivemq in pod test-hivemq-platform-0 [87d707ac-8295-4ad2-bcdc-9f6ac7a5134c]
2025-01-28 23:34:27,808 INFO c.h.h.t.HelmChartContainer - [K3S] [authentication.go:74] "Unable to authenticate the request" err="[invalid bearer token, serviceaccounts \"hivemq-platform-pod-test-hivemq-platform\" not found]"
2025-01-28 23:34:27,825 INFO c.h.h.t.HelmChartContainer - [K3S] [authentication.go:74] "Unable to authenticate the request" err="[invalid bearer token, serviceaccounts \"hivemq-platform-pod-test-hivemq-platform\" not found]"
2025-01-28 23:34:27,836 INFO c.h.h.t.HelmChartContainer - [test-hivemq-platform] [hivemq] [87d707ac] WARN  - [HiveMQ Platform Operator Init App 1.7.0-SNAPSHOT] Could not update Pod annotations: Failure executing: GET at: https://10.43.0.1:443/api/v1/namespaces/helmcustomconfigit/pods/test-hivemq-platform-0. Message: Unauthorized. Received status: Status(apiVersion=v1, code=401, details=null, kind=Status, message=Unauthorized, metadata=ListMeta(_continue=null, remainingItemCount=null, resourceVersion=null, selfLink=null, additionalProperties={}), reason=Unauthorized, status=Failure, additionalProperties={}).
2025-01-28 23:34:29,101 INFO c.h.h.t.HelmChartContainer - [test-hivemq-platform] [hivemq] [87d707ac] INFO  - Shutting down extension system
2025-01-28 23:34:29,103 INFO c.h.h.t.HelmChartContainer - [test-hivemq-platform] [hivemq] [87d707ac] INFO  - Stopping extension with id hivemq-dns-cluster-discovery
2025-01-28 23:34:29,104 INFO c.h.h.t.HelmChartContainer - [test-hivemq-platform] [hivemq] [87d707ac] INFO  - Extension "DNS Cluster Discovery Extension" version 4.3.2 stopped successfully.
2025-01-28 23:34:29,106 INFO c.h.h.t.HelmChartContainer - [test-hivemq-platform] [hivemq] [87d707ac] INFO  - Stopping extension with id hivemq-prometheus-extension
2025-01-28 23:34:29,109 INFO c.h.h.t.HelmChartContainer - [test-hivemq-platform] [hivemq] [87d707ac] INFO  - Extension "Prometheus Monitoring Extension" version 4.0.12 stopped successfully.
2025-01-28 23:34:29,110 INFO c.h.h.t.HelmChartContainer - [test-hivemq-platform] [hivemq] [87d707ac] INFO  - Stopping extension with id hivemq-allow-all-extension
2025-01-28 23:34:29,110 INFO c.h.h.t.HelmChartContainer - [test-hivemq-platform] [hivemq] [87d707ac] INFO  - Extension "Allow All Extension" version 1.1.1 stopped successfully.
2025-01-28 23:34:31,237 INFO c.h.h.t.HelmChartContainer - [test-hivemq-platform] [hivemq] [87d707ac] INFO  - Shutdown completed.
2025-01-28 23:34:31,588 INFO c.h.h.t.HelmChartContainer - [test-hivemq-platform] [hivemq] [87d707ac] INFO  - [HiveMQ Platform Operator Init App 1.7.0-SNAPSHOT] The HiveMQ Platform exited with code 143
2025-01-28 23:34:31,588 INFO c.h.h.t.HelmChartContainer - [test-hivemq-platform] [hivemq] [87d707ac] INFO  - [HiveMQ Platform Operator Init App 1.7.0-SNAPSHOT] Stopping the REST API
2025-01-28 23:34:31,594 INFO c.h.h.t.HelmChartContainer - [test-hivemq-platform] [hivemq] [87d707ac] INFO  - [HiveMQ Platform Operator Init App 1.7.0-SNAPSHOT] Shutdown complete
2025-01-28 23:34:32,087 INFO c.h.h.t.HelmChartContainer - [K3S] [stateful_set.go:438] "Unhandled Error" err="error syncing StatefulSet helmcustomconfigit/test-hivemq-platform, requeuing: controllerrevisions.apps \"test-hivemq-platform-564bf78888\" is forbidden: unable to create new content in namespace helmcustomconfigit because it is being terminated"
2025-01-28 23:34:32,088 INFO c.h.h.t.HelmChartContainer - [POD] test-hivemq-platform-0 [87d707ac-8295-4ad2-bcdc-9f6ac7a5134c] in helmcustomconfigit was MODIFIED
2025-01-28 23:34:32,094 INFO c.h.h.t.HelmChartContainer - [K3S] [stateful_set.go:438] "Unhandled Error" err="error syncing StatefulSet helmcustomconfigit/test-hivemq-platform, requeuing: controllerrevisions.apps \"test-hivemq-platform-564bf78888\" is forbidden: unable to create new content in namespace helmcustomconfigit because it is being terminated"
2025-01-28 23:34:32,107 INFO c.h.h.t.HelmChartContainer - [K3S] [stateful_set.go:438] "Unhandled Error" err="error syncing StatefulSet helmcustomconfigit/test-hivemq-platform, requeuing: controllerrevisions.apps \"test-hivemq-platform-564bf78888\" is forbidden: unable to create new content in namespace helmcustomconfigit because it is being terminated"
2025-01-28 23:34:32,129 INFO c.h.h.t.HelmChartContainer - [K3S] [stateful_set.go:438] "Unhandled Error" err="error syncing StatefulSet helmcustomconfigit/test-hivemq-platform, requeuing: controllerrevisions.apps \"test-hivemq-platform-564bf78888\" is forbidden: unable to create new content in namespace helmcustomconfigit because it is being terminated"
2025-01-28 23:34:32,143 INFO c.h.h.t.HelmChartContainer - [K3S] [scope.go:117] "RemoveContainer" containerID="1c75523e1b6f1d6791a0f48206401b439bc20a6e24eb71e0532913164c31f1a0"
2025-01-28 23:34:32,167 INFO c.h.h.t.HelmChartContainer - [K3S] [reconciler_common.go:162] "operationExecutor.UnmountVolume started for volume \"operator-init\" (UniqueName: \"kubernetes.io/empty-dir/87d707ac-8295-4ad2-bcdc-9f6ac7a5134c-operator-init\") pod \"87d707ac-8295-4ad2-bcdc-9f6ac7a5134c\" (UID: \"87d707ac-8295-4ad2-bcdc-9f6ac7a5134c\") "
2025-01-28 23:34:32,167 INFO c.h.h.t.HelmChartContainer - [K3S] [reconciler_common.go:162] "operationExecutor.UnmountVolume started for volume \"kube-api-access-lc8tm\" (UniqueName: \"kubernetes.io/projected/87d707ac-8295-4ad2-bcdc-9f6ac7a5134c-kube-api-access-lc8tm\") pod \"87d707ac-8295-4ad2-bcdc-9f6ac7a5134c\" (UID: \"87d707ac-8295-4ad2-bcdc-9f6ac7a5134c\") "
2025-01-28 23:34:32,168 INFO c.h.h.t.HelmChartContainer - [K3S] [reconciler_common.go:162] "operationExecutor.UnmountVolume started for volume \"broker-configuration\" (UniqueName: \"kubernetes.io/configmap/87d707ac-8295-4ad2-bcdc-9f6ac7a5134c-broker-configuration\") pod \"87d707ac-8295-4ad2-bcdc-9f6ac7a5134c\" (UID: \"87d707ac-8295-4ad2-bcdc-9f6ac7a5134c\") "
2025-01-28 23:34:32,168 INFO c.h.h.t.HelmChartContainer - [K3S] [reconciler_common.go:162] "operationExecutor.UnmountVolume started for volume \"pod-info\" (UniqueName: \"kubernetes.io/configmap/87d707ac-8295-4ad2-bcdc-9f6ac7a5134c-pod-info\") pod \"87d707ac-8295-4ad2-bcdc-9f6ac7a5134c\" (UID: \"87d707ac-8295-4ad2-bcdc-9f6ac7a5134c\") "
2025-01-28 23:34:32,172 INFO c.h.h.t.HelmChartContainer - [K3S] [stateful_set.go:438] "Unhandled Error" err="error syncing StatefulSet helmcustomconfigit/test-hivemq-platform, requeuing: controllerrevisions.apps \"test-hivemq-platform-564bf78888\" is forbidden: unable to create new content in namespace helmcustomconfigit because it is being terminated"
2025-01-28 23:34:32,233 INFO c.h.h.t.HelmChartContainer - [K3S] [scope.go:117] "RemoveContainer" containerID="bc9f06f2eeca38e83172bb71da4de68c3c4b6524ee798f2a78018b48fb8dada1"
2025-01-28 23:34:32,236 INFO c.h.h.t.HelmChartContainer - [K3S] [scope.go:117] "RemoveContainer" containerID="1c75523e1b6f1d6791a0f48206401b439bc20a6e24eb71e0532913164c31f1a0"
2025-01-28 23:34:32,237 INFO c.h.h.t.HelmChartContainer - [K3S] [scope.go:117] "RemoveContainer" containerID="bc9f06f2eeca38e83172bb71da4de68c3c4b6524ee798f2a78018b48fb8dada1"
2025-01-28 23:34:32,255 INFO c.h.h.t.HelmChartContainer - [K3S] [stateful_set.go:438] "Unhandled Error" err="error syncing StatefulSet helmcustomconfigit/test-hivemq-platform, requeuing: controllerrevisions.apps \"test-hivemq-platform-564bf78888\" is forbidden: unable to create new content in namespace helmcustomconfigit because it is being terminated"
2025-01-28 23:34:32,267 INFO c.h.h.t.HelmChartContainer - [K3S] [reconciler_common.go:299] "Volume detached for volume \"broker-configuration\" (UniqueName: \"kubernetes.io/configmap/87d707ac-8295-4ad2-bcdc-9f6ac7a5134c-broker-configuration\") on node \"349c386a830b\" DevicePath \"\""
2025-01-28 23:34:32,268 INFO c.h.h.t.HelmChartContainer - [K3S] [reconciler_common.go:299] "Volume detached for volume \"kube-api-access-lc8tm\" (UniqueName: \"kubernetes.io/projected/87d707ac-8295-4ad2-bcdc-9f6ac7a5134c-kube-api-access-lc8tm\") on node \"349c386a830b\" DevicePath \"\""
2025-01-28 23:34:32,268 INFO c.h.h.t.HelmChartContainer - [K3S] [reconciler_common.go:299] "Volume detached for volume \"pod-info\" (UniqueName: \"kubernetes.io/configmap/87d707ac-8295-4ad2-bcdc-9f6ac7a5134c-pod-info\") on node \"349c386a830b\" DevicePath \"\""
2025-01-28 23:34:32,268 INFO c.h.h.t.HelmChartContainer - [K3S] [reconciler_common.go:299] "Volume detached for volume \"operator-init\" (UniqueName: \"kubernetes.io/empty-dir/87d707ac-8295-4ad2-bcdc-9f6ac7a5134c-operator-init\") on node \"349c386a830b\" DevicePath \"\""
2025-01-28 23:34:32,343 INFO c.h.h.t.HelmChartContainer - [K3S] [stateful_set.go:466] "StatefulSet has been deleted" key="helmcustomconfigit/test-hivemq-platform"
2025-01-28 23:34:32,368 INFO c.h.h.t.HelmChartContainer - [K3S] [namespace_controller.go:164] "Unhandled Error" err="deletion of namespace helmcustomconfigit failed: unexpected items still remain in namespace: helmcustomconfigit for gvr: /v1, Resource=pods"
2025-01-28 23:34:32,416 INFO c.h.h.t.HelmChartContainer - [K3S] [stateful_set.go:466] "StatefulSet has been deleted" key="helmcustomconfigit/test-hivemq-platform"
2025-01-28 23:34:32,457 INFO c.h.h.t.HelmChartContainer - [POD] test-hivemq-platform-0 [87d707ac-8295-4ad2-bcdc-9f6ac7a5134c] in helmcustomconfigit was MODIFIED
2025-01-28 23:34:32,459 INFO c.h.h.t.HelmChartContainer - [POD] test-hivemq-platform-0 [87d707ac-8295-4ad2-bcdc-9f6ac7a5134c] in helmcustomconfigit was DELETED
2025-01-28 23:34:32,650 INFO c.h.h.t.HelmChartContainer - Namespace 'helmcustomconfigit' deleted
2025-01-28 23:34:32,650 INFO c.h.h.t.HelmChartContainer - Release 'test-hivemq-platform' in namespace 'helmcustomconfigit' is uninstalled
2025-01-28 23:34:32,650 INFO c.h.h.t.HelmChartContainer - Uninstalling release 'test-hivemq-platform-operator' in namespace 'helmcustomconfigit-operator'...
2025-01-28 23:34:32,651 DEBUG c.h.h.t.HelmChartContainer - Executing helm command: /bin/helm --kubeconfig /etc/rancher/k3s/k3s.yaml uninstall test-hivemq-platform-operator  --wait --timeout 5m0s --cascade foreground --namespace helmcustomconfigit-operator
2025-01-28 23:34:32,814 INFO c.h.h.t.HelmChartContainer - [K3S] [replica_set.go:679] "Finished syncing" kind="ReplicaSet" key="helmcustomconfigit-operator/hivemq-test-hivemq-platform-operator-6966f96d65" duration="5.543738ms"
2025-01-28 23:34:32,815 INFO c.h.h.t.HelmChartContainer - [K3S] [replica_set.go:679] "Finished syncing" kind="ReplicaSet" key="helmcustomconfigit-operator/hivemq-test-hivemq-platform-operator-6966f96d65" duration="25.257µs"
2025-01-28 23:34:32,833 INFO c.h.h.t.HelmChartContainer - [POD] hivemq-test-hivemq-platform-operator-6966f96d65-dgmpn [f9ed90dc-647c-4bc6-952b-f7300040cf7c] in helmcustomconfigit-operator was MODIFIED
2025-01-28 23:34:32,837 INFO c.h.h.t.HelmChartContainer - [EVENT] Normal [Killing] Stopping container hivemq-platform-operator [helmcustomconfigit-operator:hivemq-test-hivemq-platform-operator-6966f96d65-dgmpn]
2025-01-28 23:34:32,838 INFO c.h.h.t.HelmChartContainer - Received Killing event for container hivemq-platform-operator in pod hivemq-test-hivemq-platform-operator-6966f96d65-dgmpn [f9ed90dc-647c-4bc6-952b-f7300040cf7c]
2025-01-28 23:34:32,838 INFO c.h.h.t.HelmChartContainer - Container [hivemq-test-hivemq-platform-operator-6966f96d65-dgmpn] [hivemq-platform-operator] [f9ed90dc-647c-4bc6-952b-f7300040cf7c] was terminated
2025-01-28 23:34:32,838 INFO c.h.h.t.HelmChartContainer - Stopped log watcher for hivemq-platform-operator in pod hivemq-test-hivemq-platform-operator-6966f96d65-dgmpn [f9ed90dc-647c-4bc6-952b-f7300040cf7c]
2025-01-28 23:34:32,840 INFO c.h.h.t.HelmChartContainer - [K3S] [replica_set.go:679] "Finished syncing" kind="ReplicaSet" key="helmcustomconfigit-operator/hivemq-test-hivemq-platform-operator-6966f96d65" duration="10.877837ms"
2025-01-28 23:34:32,842 INFO c.h.h.t.HelmChartContainer - [K3S] [replica_set.go:679] "Finished syncing" kind="ReplicaSet" key="helmcustomconfigit-operator/hivemq-test-hivemq-platform-operator-6966f96d65" duration="40.645µs"
2025-01-28 23:34:32,847 INFO c.h.h.t.HelmChartContainer - [hivemq-test-hivemq-platform] [hivemq-platform-operator] [f9ed90dc] 23:34:32.846 [application-shutdown-thread] INFO  c.h.p.o.HiveMQPlatformOperatorApplication - HiveMQ Platform Operator is stopping...
2025-01-28 23:34:32,850 INFO c.h.h.t.HelmChartContainer - [hivemq-test-hivemq-platform] [hivemq-platform-operator] [f9ed90dc] 23:34:32.847 [application-shutdown-thread] INFO  i.javaoperatorsdk.operator.Operator - Operator SDK 4.9.7 is shutting down...
2025-01-28 23:34:33,462 INFO c.h.h.t.HelmChartContainer - [K3S] [replica_set.go:679] "Finished syncing" kind="ReplicaSet" key="helmcustomconfigit-operator/hivemq-test-hivemq-platform-operator-6966f96d65" duration="37.65µs"
2025-01-28 23:34:33,463 INFO c.h.h.t.HelmChartContainer - [POD] hivemq-test-hivemq-platform-operator-6966f96d65-dgmpn [f9ed90dc-647c-4bc6-952b-f7300040cf7c] in helmcustomconfigit-operator was MODIFIED
2025-01-28 23:34:33,574 INFO c.h.h.t.HelmChartContainer - [K3S] [reconciler_common.go:162] "operationExecutor.UnmountVolume started for volume \"kube-api-access-zsp7k\" (UniqueName: \"kubernetes.io/projected/f9ed90dc-647c-4bc6-952b-f7300040cf7c-kube-api-access-zsp7k\") pod \"f9ed90dc-647c-4bc6-952b-f7300040cf7c\" (UID: \"f9ed90dc-647c-4bc6-952b-f7300040cf7c\") "
2025-01-28 23:34:33,675 INFO c.h.h.t.HelmChartContainer - [K3S] [reconciler_common.go:299] "Volume detached for volume \"kube-api-access-zsp7k\" (UniqueName: \"kubernetes.io/projected/f9ed90dc-647c-4bc6-952b-f7300040cf7c-kube-api-access-zsp7k\") on node \"349c386a830b\" DevicePath \"\""
2025-01-28 23:34:34,013 INFO c.h.h.t.HelmChartContainer - [K3S] [scope.go:117] "RemoveContainer" containerID="7b2012a43a47e17feff65abe8b70684a90749a8cb13258701dc0fe6acbf95a48"
2025-01-28 23:34:34,048 INFO c.h.h.t.HelmChartContainer - [K3S] [kubelet_volumes.go:163] "Cleaned up orphaned pod volumes dir" podUID="87d707ac-8295-4ad2-bcdc-9f6ac7a5134c" path="/var/lib/kubelet/pods/87d707ac-8295-4ad2-bcdc-9f6ac7a5134c/volumes"
2025-01-28 23:34:34,153 INFO c.h.h.t.HelmChartContainer - [K3S] [replica_set.go:679] "Finished syncing" kind="ReplicaSet" key="helmcustomconfigit-operator/hivemq-test-hivemq-platform-operator-6966f96d65" duration="35.706µs"
2025-01-28 23:34:34,155 INFO c.h.h.t.HelmChartContainer - [POD] hivemq-test-hivemq-platform-operator-6966f96d65-dgmpn [f9ed90dc-647c-4bc6-952b-f7300040cf7c] in helmcustomconfigit-operator was MODIFIED
2025-01-28 23:34:34,160 INFO c.h.h.t.HelmChartContainer - [K3S] [replica_set.go:679] "Finished syncing" kind="ReplicaSet" key="helmcustomconfigit-operator/hivemq-test-hivemq-platform-operator-6966f96d65" duration="31.449µs"
2025-01-28 23:34:34,163 INFO c.h.h.t.HelmChartContainer - [POD] hivemq-test-hivemq-platform-operator-6966f96d65-dgmpn [f9ed90dc-647c-4bc6-952b-f7300040cf7c] in helmcustomconfigit-operator was MODIFIED
2025-01-28 23:34:34,165 INFO c.h.h.t.HelmChartContainer - [K3S] [replica_set.go:679] "Finished syncing" kind="ReplicaSet" key="helmcustomconfigit-operator/hivemq-test-hivemq-platform-operator-6966f96d65" duration="29.986µs"
2025-01-28 23:34:34,166 INFO c.h.h.t.HelmChartContainer - [POD] hivemq-test-hivemq-platform-operator-6966f96d65-dgmpn [f9ed90dc-647c-4bc6-952b-f7300040cf7c] in helmcustomconfigit-operator was DELETED
2025-01-28 23:34:34,177 INFO c.h.h.t.HelmChartContainer - [K3S] [replica_set.go:679] "Finished syncing" kind="ReplicaSet" key="helmcustomconfigit-operator/hivemq-test-hivemq-platform-operator-6966f96d65" duration="5.941µs"
2025-01-28 23:34:34,852 INFO c.h.h.t.HelmChartContainer - Deleting namespace 'helmcustomconfigit-operator'...
2025-01-28 23:34:36,047 INFO c.h.h.t.HelmChartContainer - [K3S] [kubelet_volumes.go:163] "Cleaned up orphaned pod volumes dir" podUID="f9ed90dc-647c-4bc6-952b-f7300040cf7c" path="/var/lib/kubelet/pods/f9ed90dc-647c-4bc6-952b-f7300040cf7c/volumes"
2025-01-28 23:34:37,547 INFO c.h.h.t.HelmChartContainer - [K3S] [namespace_controller.go:187] "Namespace has been deleted" namespace="helmcustomconfigit"
2025-01-28 23:34:40,069 INFO c.h.h.t.HelmChartContainer - Namespace 'helmcustomconfigit-operator' deleted
2025-01-28 23:34:40,069 INFO c.h.h.t.HelmChartContainer - Release 'test-hivemq-platform-operator' in namespace 'helmcustomconfigit-operator' is uninstalled
2025-01-28 23:34:40,623 INFO c.h.helmcharts.AbstractHelmChartIT - Removed unused containers:

2025-01-28 23:34:44,971 INFO c.h.h.t.HelmChartContainer - [K3S] [namespace_controller.go:187] "Namespace has been deleted" namespace="helmcustomconfigit-operator"
2025-01-28 23:34:47,807 INFO c.h.helmcharts.AbstractHelmChartIT - Removed unused snapshots:
Removing snapshot sha256:03af251906410714c5aef9fa705b63f6bbc39c4a5e787de7361eeb18886c2ed2
Removing snapshot sha256:0c46b3b43cce082ce5ec34ffc6c294e0417d17b9d1e6f366d114b6aadc4f96dc
Removing snapshot sha256:0ce761beee59082d6ed5bcebd3a805b8ddd9b3426b617e4809e7fb7c6587ffec
Removing snapshot sha256:0df91287303208332c8ff6ba40ae4710105201739addbfbddfb955f1ad593664
Removing snapshot sha256:1021ef88c7974bfff89c5a0ec4fd3160daac6c48a075f74cff721f85dd104e68
Removing snapshot sha256:10aba4953ddc18145dd38e3704709bc464aa20af60b56fe52caaff4b68411e62
Removing snapshot sha256:228bae71e5aaa78fd684ca62109392ed113e4f9a26ca17fd6cd3fd3a0be616b0
Removing snapshot sha256:362a8a37f8bbc31925a8146adcf7cf51f9882f5c1dcbef67c5baa03a297543c0
Removing snapshot sha256:43a7c979bbaba6838bc3102d6b10a1459f3ab050b87ccdfef84ef90cf43d3058
Removing snapshot sha256:4ab04491cdf0d3267f08206fe30bd48f49f94b9cab2f016d6739220f722a64af
Removing snapshot sha256:4b6068250e89c96f263060261819c7d912855bfbd64b3eb4c4a8483299b8c295
Removing snapshot sha256:580e69a0a8034ede1921139bbd2bfb72a69ebf276d008281896c32dd8bf74775
Removing snapshot sha256:5d30ba46b27fe37484567ccc5242cadc78217b8da605f3f195ef25cbf7487904
Removing snapshot sha256:63ca1fbb43ae5034640e5e6cb3e083e05c290072c5366fcaa9d62435a4cced85
Removing snapshot sha256:67f702c6baae873bceb19487c8b1f27bd2b86077e4f2f0e480e6d60ab508b8f5
Removing snapshot sha256:6864348dd42806d552efdec384f1274be15e2d0c10ce44c1f04347af004c10a9
Removing snapshot sha256:6c7dee8f2c39b84b7dc2711c01d33de93514d9055499173e9290176fbe484b6c
Removing snapshot sha256:7155fa4486bdce32759c33b5b6bc72be82aaa2380bb09b479bfc2ccfb04ed1a1
Removing snapshot sha256:82753493a6d61ded36556292f02f31841a14c20d2f279f19eaad65afb661d5cd
Removing snapshot sha256:8a10d3db42c505ee0fcfa98417bdd7e39b304f6bcc0a06bb1b220797ff2cc63c
Removing snapshot sha256:a21e5b12dbac529ad45d976eb9ce45c881f3bedcc500fb30aba1e52aa1813418
Removing snapshot sha256:b921e6c28969094157f9b8e7244677780319637afd14450b7cb6b2fdea558a0c
Removing snapshot sha256:bc27ecb5769a00e309cf99ebc763c4a4b958b618d1decc96ffac5bc05f02f5b7
Removing snapshot sha256:be3ccb6627a5332e309d45ef461d09b4879dd870c7394d89323d0ebc6ca6aa8a
Removing snapshot sha256:c261f7cbbc64211ee175ee47273acdb7b1a36a4450b397a064a8f2c026490095
Removing snapshot sha256:c34d9393647eea0c9e3557ab988efaf59f61d10a2a5613b439ef0958cca5ec10
Removing snapshot sha256:ccf3c4a0fa967a41c1c83497a2ce6fa5787965859df0adb32c4ca2cf7490bc2b
Removing snapshot sha256:cf92d33f869417309692088c341cd0f223c178ea78a125f757317b22aa8f90e9
Removing snapshot sha256:d0037344cf2fb078884f1849f6a1f8cf9a33a3b6139b6a85833e5ee528e1f9a8
Removing snapshot sha256:d3b36d5b79273b1e98e7700470eaeff05a882e777124d84cebcc1505b85ecb36
Removing snapshot sha256:d65a44a37914602d12c611e5e22a50f11451d847e63015cc1c2aef92dee777a4
Removing snapshot sha256:e2dc0bae2455930f23ae570e019b7f32edc75c0f2d71cab084db837ff9051796
Removing snapshot sha256:eccbd24a99c60cd9e86ee5305dbfc4a4dc89f5ab4fb1f06c8d64797cecedef34
Removing snapshot sha256:f144bb4c7c7f0d2aa7eeffd36d934ec40db1ee167be727e326aad9fdc616f475

]]></system-out>
  </testcase>
  <testcase name="withExistingConfigMap_customResourceCreated()" classname="com.hivemq.helmcharts.platform.HelmCustomConfigIT" time="138.755">
    <system-out><![CDATA[2025-01-28 23:34:47,815 INFO c.h.h.t.HelmChartContainer - Creating namespace 'helmcustomconfigit-operator'...
2025-01-28 23:34:47,822 INFO c.h.h.t.HelmChartContainer - Namespace 'helmcustomconfigit-operator' created
2025-01-28 23:34:47,822 INFO c.h.h.t.HelmChartContainer - Creating namespace 'helmcustomconfigit'...
2025-01-28 23:34:47,827 INFO c.h.h.t.HelmChartContainer - Namespace 'helmcustomconfigit' created
2025-01-28 23:34:47,893 DEBUG c.h.h.t.HelmChartContainer - Executing helm command: /bin/helm --kubeconfig /etc/rancher/k3s/k3s.yaml install test-hivemq-platform-operator /charts/hivemq-platform-operator --wait --timeout 5m0s --set image.repository=docker.io/hivemq --set image.name=hivemq-platform-operator-test --set image.initImageName=hivemq-platform-operator-init-test --set image.tag=snapshot --set image.pullPolicy=Never --set logLevel=DEBUG --set resources.cpu=512m --namespace helmcustomconfigit-operator
2025-01-28 23:34:48,195 INFO c.h.h.t.HelmChartContainer - [K3S] [alloc.go:330] "allocated clusterIPs" service="helmcustomconfigit-operator/hivemq-platform-operator-test-hivemq-platform-operator" clusterIPs={"IPv4":"10.43.82.177"}
2025-01-28 23:34:48,215 INFO c.h.h.t.HelmChartContainer - [EVENT] Normal [ScalingReplicaSet] Scaled up replica set hivemq-test-hivemq-platform-operator-6966f96d65 from 0 to 1 [helmcustomconfigit-operator:hivemq-test-hivemq-platform-operator]
2025-01-28 23:34:48,222 INFO c.h.h.t.HelmChartContainer - [POD] hivemq-test-hivemq-platform-operator-6966f96d65-ctcd9 [af3bfc8c-74a1-4beb-8f37-d547a996674c] in helmcustomconfigit-operator was ADDED
2025-01-28 23:34:48,231 INFO c.h.h.t.HelmChartContainer - [POD] hivemq-test-hivemq-platform-operator-6966f96d65-ctcd9 [af3bfc8c-74a1-4beb-8f37-d547a996674c] in helmcustomconfigit-operator was MODIFIED
2025-01-28 23:34:48,232 INFO c.h.h.t.HelmChartContainer - [K3S] [memory_manager.go:355] "RemoveStaleState removing state" podUID="f9ed90dc-647c-4bc6-952b-f7300040cf7c" containerName="hivemq-platform-operator"
2025-01-28 23:34:48,233 INFO c.h.h.t.HelmChartContainer - [K3S] [memory_manager.go:355] "RemoveStaleState removing state" podUID="87d707ac-8295-4ad2-bcdc-9f6ac7a5134c" containerName="hivemq"
2025-01-28 23:34:48,236 INFO c.h.h.t.HelmChartContainer - [K3S] [replica_set.go:679] "Finished syncing" kind="ReplicaSet" key="helmcustomconfigit-operator/hivemq-test-hivemq-platform-operator-6966f96d65" duration="26.82782ms"
2025-01-28 23:34:48,239 INFO c.h.h.t.HelmChartContainer - [EVENT] Normal [SuccessfulCreate] Created pod: hivemq-test-hivemq-platform-operator-6966f96d65-ctcd9 [helmcustomconfigit-operator:hivemq-test-hivemq-platform-operator-6966f96d65]
2025-01-28 23:34:48,244 INFO c.h.h.t.HelmChartContainer - [EVENT] Normal [Scheduled] Successfully assigned helmcustomconfigit-operator/hivemq-test-hivemq-platform-operator-6966f96d65-ctcd9 to 349c386a830b [helmcustomconfigit-operator:hivemq-test-hivemq-platform-operator-6966f96d65-ctcd9]
2025-01-28 23:34:48,252 INFO c.h.h.t.HelmChartContainer - [POD] hivemq-test-hivemq-platform-operator-6966f96d65-ctcd9 [af3bfc8c-74a1-4beb-8f37-d547a996674c] in helmcustomconfigit-operator was MODIFIED
2025-01-28 23:34:48,258 INFO c.h.h.t.HelmChartContainer - [K3S] [replica_set.go:679] "Finished syncing" kind="ReplicaSet" key="helmcustomconfigit-operator/hivemq-test-hivemq-platform-operator-6966f96d65" duration="21.333394ms"
2025-01-28 23:34:48,260 INFO c.h.h.t.HelmChartContainer - [K3S] [reconciler_common.go:251] "operationExecutor.VerifyControllerAttachedVolume started for volume \"kube-api-access-5c97v\" (UniqueName: \"kubernetes.io/projected/af3bfc8c-74a1-4beb-8f37-d547a996674c-kube-api-access-5c97v\") pod \"hivemq-test-hivemq-platform-operator-6966f96d65-ctcd9\" (UID: \"af3bfc8c-74a1-4beb-8f37-d547a996674c\") " pod="helmcustomconfigit-operator/hivemq-test-hivemq-platform-operator-6966f96d65-ctcd9"
2025-01-28 23:34:48,272 INFO c.h.h.t.HelmChartContainer - [K3S] [replica_set.go:679] "Finished syncing" kind="ReplicaSet" key="helmcustomconfigit-operator/hivemq-test-hivemq-platform-operator-6966f96d65" duration="14.228375ms"
2025-01-28 23:34:48,272 INFO c.h.h.t.HelmChartContainer - [K3S] [replica_set.go:679] "Finished syncing" kind="ReplicaSet" key="helmcustomconfigit-operator/hivemq-test-hivemq-platform-operator-6966f96d65" duration="34.353µs"
2025-01-28 23:34:48,634 INFO c.h.h.t.HelmChartContainer - [EVENT] Normal [Pulled] Container image "docker.io/hivemq/hivemq-platform-operator-test:snapshot" already present on machine [helmcustomconfigit-operator:hivemq-test-hivemq-platform-operator-6966f96d65-ctcd9]
2025-01-28 23:34:48,634 INFO c.h.h.t.HelmChartContainer - Received Pulled event for container hivemq-platform-operator in pod hivemq-test-hivemq-platform-operator-6966f96d65-ctcd9 [af3bfc8c-74a1-4beb-8f37-d547a996674c]
2025-01-28 23:34:49,872 INFO c.h.h.t.HelmChartContainer - [EVENT] Normal [Created] Created container: hivemq-platform-operator [helmcustomconfigit-operator:hivemq-test-hivemq-platform-operator-6966f96d65-ctcd9]
2025-01-28 23:34:49,872 INFO c.h.h.t.HelmChartContainer - Received Created event for container hivemq-platform-operator in pod hivemq-test-hivemq-platform-operator-6966f96d65-ctcd9 [af3bfc8c-74a1-4beb-8f37-d547a996674c]
2025-01-28 23:34:50,183 INFO c.h.h.t.HelmChartContainer - [K3S] [replica_set.go:679] "Finished syncing" kind="ReplicaSet" key="helmcustomconfigit-operator/hivemq-test-hivemq-platform-operator-6966f96d65" duration="44.512µs"
2025-01-28 23:34:50,185 INFO c.h.h.t.HelmChartContainer - [POD] hivemq-test-hivemq-platform-operator-6966f96d65-ctcd9 [af3bfc8c-74a1-4beb-8f37-d547a996674c] in helmcustomconfigit-operator was MODIFIED
2025-01-28 23:34:50,198 INFO c.h.h.t.HelmChartContainer - [EVENT] Normal [Started] Started container hivemq-platform-operator [helmcustomconfigit-operator:hivemq-test-hivemq-platform-operator-6966f96d65-ctcd9]
2025-01-28 23:34:50,198 INFO c.h.h.t.HelmChartContainer - Started log watcher for hivemq-platform-operator in pod hivemq-test-hivemq-platform-operator-6966f96d65-ctcd9 [af3bfc8c-74a1-4beb-8f37-d547a996674c]
2025-01-28 23:34:50,198 INFO c.h.h.t.HelmChartContainer - [hivemq-test-hivemq-platform] [hivemq-platform-operator] [af3bfc8c] -------------------------------------------------------------------------
2025-01-28 23:34:50,198 INFO c.h.h.t.HelmChartContainer - [hivemq-test-hivemq-platform] [hivemq-platform-operator] [af3bfc8c] 
2025-01-28 23:34:50,198 INFO c.h.h.t.HelmChartContainer - [hivemq-test-hivemq-platform] [hivemq-platform-operator] [af3bfc8c]                   _    _  _              __  __   ____
2025-01-28 23:34:50,198 INFO c.h.h.t.HelmChartContainer - [hivemq-test-hivemq-platform] [hivemq-platform-operator] [af3bfc8c]                  | |  | |(_)            |  \/  | / __ \
2025-01-28 23:34:50,198 INFO c.h.h.t.HelmChartContainer - [hivemq-test-hivemq-platform] [hivemq-platform-operator] [af3bfc8c]                  | |__| | _ __   __ ___ | \  / || |  | |
2025-01-28 23:34:50,198 INFO c.h.h.t.HelmChartContainer - [hivemq-test-hivemq-platform] [hivemq-platform-operator] [af3bfc8c]                  |  __  || |\ \ / // _ \| |\/| || |  | |
2025-01-28 23:34:50,198 INFO c.h.h.t.HelmChartContainer - [hivemq-test-hivemq-platform] [hivemq-platform-operator] [af3bfc8c]                  | |  | || | \ V /|  __/| |  | || |__| |
2025-01-28 23:34:50,198 INFO c.h.h.t.HelmChartContainer - [hivemq-test-hivemq-platform] [hivemq-platform-operator] [af3bfc8c]                  |_|  |_||_|  \_/  \___||_|  |_| \___\_\
2025-01-28 23:34:50,198 INFO c.h.h.t.HelmChartContainer - [hivemq-test-hivemq-platform] [hivemq-platform-operator] [af3bfc8c] 
2025-01-28 23:34:50,198 INFO c.h.h.t.HelmChartContainer - [hivemq-test-hivemq-platform] [hivemq-platform-operator] [af3bfc8c] -------------------------------------------------------------------------
2025-01-28 23:34:50,198 INFO c.h.h.t.HelmChartContainer - [hivemq-test-hivemq-platform] [hivemq-platform-operator] [af3bfc8c] 
2025-01-28 23:34:50,198 INFO c.h.h.t.HelmChartContainer - [hivemq-test-hivemq-platform] [hivemq-platform-operator] [af3bfc8c]   HiveMQ Platform Operator Start Script v1.0
2025-01-28 23:34:50,198 INFO c.h.h.t.HelmChartContainer - [hivemq-test-hivemq-platform] [hivemq-platform-operator] [af3bfc8c] 
2025-01-28 23:34:50,198 INFO c.h.h.t.HelmChartContainer - [hivemq-test-hivemq-platform] [hivemq-platform-operator] [af3bfc8c] -------------------------------------------------------------------------
2025-01-28 23:34:50,198 INFO c.h.h.t.HelmChartContainer - [hivemq-test-hivemq-platform] [hivemq-platform-operator] [af3bfc8c] 
2025-01-28 23:34:50,198 INFO c.h.h.t.HelmChartContainer - [hivemq-test-hivemq-platform] [hivemq-platform-operator] [af3bfc8c]   JAVA_OPTS: -XX:+UnlockExperimentalVMOptions -XX:InitialRAMPercentage=75 -XX:MaxRAMPercentage=75 -Duser.language=en -Duser.region=US
2025-01-28 23:34:50,198 INFO c.h.h.t.HelmChartContainer - [hivemq-test-hivemq-platform] [hivemq-platform-operator] [af3bfc8c] 
2025-01-28 23:34:50,198 INFO c.h.h.t.HelmChartContainer - [hivemq-test-hivemq-platform] [hivemq-platform-operator] [af3bfc8c]   JAVA_VERSION: 21
2025-01-28 23:34:50,198 INFO c.h.h.t.HelmChartContainer - [hivemq-test-hivemq-platform] [hivemq-platform-operator] [af3bfc8c] 
2025-01-28 23:34:50,198 INFO c.h.h.t.HelmChartContainer - [hivemq-test-hivemq-platform] [hivemq-platform-operator] [af3bfc8c] -------------------------------------------------------------------------
2025-01-28 23:34:50,198 INFO c.h.h.t.HelmChartContainer - [hivemq-test-hivemq-platform] [hivemq-platform-operator] [af3bfc8c] 
2025-01-28 23:34:50,199 INFO c.h.h.t.HelmChartContainer - Received Started event for container hivemq-platform-operator in pod hivemq-test-hivemq-platform-operator-6966f96d65-ctcd9 [af3bfc8c-74a1-4beb-8f37-d547a996674c]
2025-01-28 23:34:52,963 INFO c.h.h.t.HelmChartContainer - [hivemq-test-hivemq-platform] [hivemq-platform-operator] [af3bfc8c] 23:34:52.961 [main] DEBUG org.jboss.logging - Logging Provider: org.jboss.logging.Slf4jLoggerProvider
2025-01-28 23:34:53,063 INFO c.h.h.t.HelmChartContainer - [hivemq-test-hivemq-platform] [hivemq-platform-operator] [af3bfc8c] 23:34:53.062 [main] DEBUG io.smallrye.config - SRCFG01006: Loaded ConfigSource SysPropConfigSource with ordinal 400
2025-01-28 23:34:53,063 INFO c.h.h.t.HelmChartContainer - [hivemq-test-hivemq-platform] [hivemq-platform-operator] [af3bfc8c] 23:34:53.062 [main] DEBUG io.smallrye.config - SRCFG01006: Loaded ConfigSource EnvConfigSource with ordinal 300
2025-01-28 23:34:53,065 INFO c.h.h.t.HelmChartContainer - [hivemq-test-hivemq-platform] [hivemq-platform-operator] [af3bfc8c] 23:34:53.063 [main] DEBUG io.smallrye.config - SRCFG01006: Loaded ConfigSource PropertiesConfigSource[source=jar:file:///opt/hivemq-platform-operator/bin/hivemq-platform-operator.jar!/hivemq-platform-operator.properties] with ordinal 100
2025-01-28 23:34:53,065 INFO c.h.h.t.HelmChartContainer - [hivemq-test-hivemq-platform] [hivemq-platform-operator] [af3bfc8c] 23:34:53.063 [main] DEBUG io.smallrye.config - SRCFG01006: Loaded ConfigSource DefaultValuesConfigSource with ordinal -2147483648
2025-01-28 23:34:53,167 INFO c.h.h.t.HelmChartContainer - [hivemq-test-hivemq-platform] [hivemq-platform-operator] [af3bfc8c] 23:34:53.166 [main] DEBUG i.m.c.u.i.l.InternalLoggerFactory - Using SLF4J as the default logging framework
2025-01-28 23:34:53,328 INFO c.h.h.t.HelmChartContainer - [hivemq-test-hivemq-platform] [hivemq-platform-operator] [af3bfc8c] 23:34:53.270 [main] INFO  c.h.p.o.HiveMQPlatformOperatorApplication - HiveMQ Platform Operator 1.7.0-SNAPSHOT (commit: bebf408 on branch: HEAD) built on Sun Jan 26 20:47:47 UTC 2025
2025-01-28 23:34:53,329 INFO c.h.h.t.HelmChartContainer - [hivemq-test-hivemq-platform] [hivemq-platform-operator] [af3bfc8c] 23:34:53.328 [main] INFO  c.h.p.o.HiveMQPlatformOperatorApplication - HiveMQ Platform Operator is running in namespace: helmcustomconfigit-operator
2025-01-28 23:34:53,330 INFO c.h.h.t.HelmChartContainer - [hivemq-test-hivemq-platform] [hivemq-platform-operator] [af3bfc8c] 23:34:53.328 [main] INFO  c.h.p.o.HiveMQPlatformOperatorApplication - Watching all namespaces
2025-01-28 23:34:53,330 INFO c.h.h.t.HelmChartContainer - [hivemq-test-hivemq-platform] [hivemq-platform-operator] [af3bfc8c] 23:34:53.328 [main] INFO  c.h.p.o.HiveMQPlatformOperatorApplication - Log level: DEBUG
2025-01-28 23:34:53,330 INFO c.h.h.t.HelmChartContainer - [hivemq-test-hivemq-platform] [hivemq-platform-operator] [af3bfc8c] 23:34:53.328 [main] INFO  c.h.p.o.HiveMQPlatformOperatorApplication - Release name: test-hivemq-platform-operator
2025-01-28 23:34:53,330 INFO c.h.h.t.HelmChartContainer - [hivemq-test-hivemq-platform] [hivemq-platform-operator] [af3bfc8c] 23:34:53.328 [main] INFO  c.h.p.o.HiveMQPlatformOperatorApplication - HiveMQ Platform Operator Init image: docker.io/hivemq/hivemq-platform-operator-init-test:snapshot
2025-01-28 23:34:53,331 INFO c.h.h.t.HelmChartContainer - [hivemq-test-hivemq-platform] [hivemq-platform-operator] [af3bfc8c] 23:34:53.328 [main] INFO  c.h.p.o.HiveMQPlatformOperatorApplication - HiveMQ Platform Operator Init App update URL: http://hivemq-platform-operator-test-hivemq-platform-operator.helmcustomconfigit-operator.svc:8080/initAppUpdate/hivemq-platform-operator-init-app-1.7.0-SNAPSHOT.jar
2025-01-28 23:34:53,331 INFO c.h.h.t.HelmChartContainer - [hivemq-test-hivemq-platform] [hivemq-platform-operator] [af3bfc8c] 23:34:53.328 [main] INFO  c.h.p.o.HiveMQPlatformOperatorApplication - Additional imagePullSecret for all Platform deployments: none
2025-01-28 23:34:53,331 INFO c.h.h.t.HelmChartContainer - [hivemq-test-hivemq-platform] [hivemq-platform-operator] [af3bfc8c] 23:34:53.329 [main] INFO  c.h.p.o.HiveMQPlatformOperatorApplication - Apply HiveMQ Platform CRD: true
2025-01-28 23:34:53,331 INFO c.h.h.t.HelmChartContainer - [hivemq-test-hivemq-platform] [hivemq-platform-operator] [af3bfc8c] 23:34:53.329 [main] INFO  c.h.p.o.HiveMQPlatformOperatorApplication - Create Platform ServiceAccount: true
2025-01-28 23:34:53,331 INFO c.h.h.t.HelmChartContainer - [hivemq-test-hivemq-platform] [hivemq-platform-operator] [af3bfc8c] 23:34:53.329 [main] INFO  c.h.p.o.HiveMQPlatformOperatorApplication - Create Platform ServiceAccount permissions: true
2025-01-28 23:34:53,331 INFO c.h.h.t.HelmChartContainer - [hivemq-test-hivemq-platform] [hivemq-platform-operator] [af3bfc8c] 23:34:53.329 [main] INFO  c.h.p.o.HiveMQPlatformOperatorApplication - Validate Platform ServiceAccount: true
2025-01-28 23:34:53,331 INFO c.h.h.t.HelmChartContainer - [hivemq-test-hivemq-platform] [hivemq-platform-operator] [af3bfc8c] 23:34:53.329 [main] INFO  c.h.p.o.HiveMQPlatformOperatorApplication - Validate Platform ServiceAccount permissions: true
2025-01-28 23:34:53,436 INFO c.h.h.t.HelmChartContainer - [hivemq-test-hivemq-platform] [hivemq-platform-operator] [af3bfc8c] 23:34:53.435 [main] INFO  c.h.platform.operator.util.CRDUtil - Verifying deployed HiveMQ Platform CRD...
2025-01-28 23:34:55,730 INFO c.h.h.t.HelmChartContainer - [hivemq-test-hivemq-platform] [hivemq-platform-operator] [af3bfc8c] 23:34:55.728 [main] DEBUG c.h.platform.operator.util.CRDUtil - HiveMQ Platform CRD version v1 is up to date
2025-01-28 23:34:55,730 INFO c.h.h.t.HelmChartContainer - [hivemq-test-hivemq-platform] [hivemq-platform-operator] [af3bfc8c] 23:34:55.728 [main] INFO  c.h.platform.operator.util.CRDUtil - HiveMQ Platform CRD is up to date (version: V1_6_0)
2025-01-28 23:34:55,730 INFO c.h.h.t.HelmChartContainer - [hivemq-test-hivemq-platform] [hivemq-platform-operator] [af3bfc8c] 23:34:55.728 [main] INFO  c.h.platform.operator.util.CRDUtil - Waiting 10000 ms for HiveMQ Platform CRD 'hivemq-platforms.hivemq.com' to become ready...
2025-01-28 23:34:56,029 INFO c.h.h.t.HelmChartContainer - [hivemq-test-hivemq-platform] [hivemq-platform-operator] [af3bfc8c] 23:34:56.028 [vert.x-eventloop-thread-1] DEBUG c.h.platform.operator.util.CRDUtil - Checking CRD condition 'NamesAccepted' (status: 'True')
2025-01-28 23:34:56,030 INFO c.h.h.t.HelmChartContainer - [hivemq-test-hivemq-platform] [hivemq-platform-operator] [af3bfc8c] 23:34:56.029 [vert.x-eventloop-thread-1] DEBUG c.h.platform.operator.util.CRDUtil - Checking CRD condition 'Established' (status: 'True')
2025-01-28 23:34:56,031 INFO c.h.h.t.HelmChartContainer - [hivemq-test-hivemq-platform] [hivemq-platform-operator] [af3bfc8c] 23:34:56.029 [main] INFO  c.h.platform.operator.util.CRDUtil - HiveMQ Platform CRD 'hivemq-platforms.hivemq.com' is ready
2025-01-28 23:34:56,163 INFO c.h.h.t.HelmChartContainer - [hivemq-test-hivemq-platform] [hivemq-platform-operator] [af3bfc8c] 23:34:56.162 [main] INFO  c.h.p.o.HiveMQPlatformReconciler - HiveMQ Platform Operator is starting...
2025-01-28 23:34:56,230 INFO c.h.h.t.HelmChartContainer - [hivemq-test-hivemq-platform] [hivemq-platform-operator] [af3bfc8c] 23:34:56.229 [main] WARN  Default ConfigurationService implementation - Configuration for reconciler 'hivemq-controller' was not found. Known reconcilers: None.
2025-01-28 23:34:56,265 INFO c.h.h.t.HelmChartContainer - [hivemq-test-hivemq-platform] [hivemq-platform-operator] [af3bfc8c] 23:34:56.264 [main] INFO  Default ConfigurationService implementation - Created configuration for reconciler com.hivemq.platform.operator.HiveMQPlatformReconciler with name hivemq-controller
2025-01-28 23:34:56,370 INFO c.h.h.t.HelmChartContainer - [hivemq-test-hivemq-platform] [hivemq-platform-operator] [af3bfc8c] 23:34:56.369 [main] DEBUG c.h.p.o.HiveMQPlatformReconciler - HiveMQ Platform Operator is preparing EventSources
2025-01-28 23:34:56,432 INFO c.h.h.t.HelmChartContainer - [hivemq-test-hivemq-platform] [hivemq-platform-operator] [af3bfc8c] 23:34:56.431 [main] INFO  i.javaoperatorsdk.operator.Operator - Registered reconciler: 'hivemq-controller' for resource: 'class com.hivemq.platform.operator.v1.HiveMQPlatform' for namespace(s): [all namespaces]
2025-01-28 23:34:56,937 INFO c.h.h.t.HelmChartContainer - [hivemq-test-hivemq-platform] [hivemq-platform-operator] [af3bfc8c] 23:34:56.936 [main] INFO  c.h.p.operator.webserver.JettyServer - Starting Jetty server on port 8080
2025-01-28 23:34:57,059 INFO c.h.h.t.HelmChartContainer - [hivemq-test-hivemq-platform] [hivemq-platform-operator] [af3bfc8c] 23:34:57.031 [main] INFO  i.javaoperatorsdk.operator.Operator - Operator SDK 4.9.7 (commit: 2133d28) built on Wed Nov 20 12:56:20 UTC 2024 starting...
2025-01-28 23:34:57,059 INFO c.h.h.t.HelmChartContainer - [hivemq-test-hivemq-platform] [hivemq-platform-operator] [af3bfc8c] 23:34:57.059 [main] INFO  i.javaoperatorsdk.operator.Operator - Client version: 6.13.4
2025-01-28 23:34:57,061 INFO c.h.h.t.HelmChartContainer - [hivemq-test-hivemq-platform] [hivemq-platform-operator] [af3bfc8c] 23:34:57.060 [Controller Starter for: hivemq-controller] INFO  i.j.operator.processing.Controller - Starting 'hivemq-controller' controller for reconciler: com.hivemq.platform.operator.HiveMQPlatformReconciler, resource: com.hivemq.platform.operator.v1.HiveMQPlatform
2025-01-28 23:34:59,427 INFO c.h.h.t.HelmChartContainer - [hivemq-test-hivemq-platform] [hivemq-platform-operator] [af3bfc8c] 23:34:59.426 [Controller Starter for: hivemq-controller] INFO  i.j.operator.processing.Controller - 'hivemq-controller' controller started
2025-01-28 23:34:59,428 INFO c.h.h.t.HelmChartContainer - [hivemq-test-hivemq-platform] [hivemq-platform-operator] [af3bfc8c] 23:34:59.426 [main] INFO  c.h.p.o.HiveMQPlatformOperatorApplication - HiveMQ Platform Operator 1.7.0-SNAPSHOT started in 6156 ms
2025-01-28 23:35:01,191 INFO c.h.h.t.HelmChartContainer - [POD] hivemq-test-hivemq-platform-operator-6966f96d65-ctcd9 [af3bfc8c-74a1-4beb-8f37-d547a996674c] in helmcustomconfigit-operator was MODIFIED
2025-01-28 23:35:01,199 INFO c.h.h.t.HelmChartContainer - [K3S] [replica_set.go:679] "Finished syncing" kind="ReplicaSet" key="helmcustomconfigit-operator/hivemq-test-hivemq-platform-operator-6966f96d65" duration="11.639447ms"
2025-01-28 23:35:01,201 INFO c.h.h.t.HelmChartContainer - [K3S] [replica_set.go:679] "Finished syncing" kind="ReplicaSet" key="helmcustomconfigit-operator/hivemq-test-hivemq-platform-operator-6966f96d65" duration="30.536µs"
2025-01-28 23:35:02,286 INFO com.hivemq.helmcharts.util.K8sUtil - Pod 'hivemq-test-hivemq-platform-operator-6966f96d65-ctcd9' is ready
2025-01-28 23:35:02,397 DEBUG c.h.h.t.HelmChartContainer - Executing helm command: /bin/helm --kubeconfig /etc/rancher/k3s/k3s.yaml install test-hivemq-platform /charts/hivemq-platform --wait --timeout 5m0s --set image.repository=docker.io/hivemq --set image.tag=4.36.0 --set image.pullPolicy=Never --set nodes.resources.cpu=512m --set config.create=false --set config.name=hivemq-configuration --namespace helmcustomconfigit
2025-01-28 23:35:02,603 INFO c.h.h.t.HelmChartContainer - [hivemq-test-hivemq-platform] [hivemq-platform-operator] [af3bfc8c] 23:35:02.602 [-373097727-pool-1-thread-4] WARN  i.m.p.PrometheusMeterRegistry - The meter (MeterId{name='operator.sdk.events.received', tags=[tag(action=ADDED),tag(event=ResourceEvent),tag(group=hivemq.com),tag(kind=HiveMQPlatform),tag(name=test-hivemq-platform),tag(namespace=helmcustomconfigit),tag(scope=namespace),tag(version=v1)]}) registration has failed: Prometheus requires that all meters with the same name have the same set of tag keys. There is already an existing meter named 'operator.sdk.events.received' containing tag keys [event, group, kind, name, namespace, scope, version]. The meter you are attempting to register has keys [action, event, group, kind, name, namespace, scope, version]. Note that subsequent logs will be logged at debug level.
2025-01-28 23:35:03,067 INFO c.h.h.t.HelmChartContainer - [hivemq-test-hivemq-platform] [hivemq-platform-operator] [af3bfc8c] 23:35:03.063 [pool-6-thread-3] DEBUG c.h.p.o.dependants.PodInfoConfigMap - [helmcust] Desired PodInfo ConfigMap (1 extensions) (1 enabled)
2025-01-28 23:35:03,070 INFO c.h.h.t.HelmChartContainer - [hivemq-test-hivemq-platform] [hivemq-platform-operator] [af3bfc8c] 23:35:03.063 [pool-6-thread-3] DEBUG c.h.p.o.dependants.PodInfoConfigMap - [helmcust] Desired PodInfo ConfigMap (metrics port: 9399) (metrics path: /)
2025-01-28 23:35:03,070 INFO c.h.h.t.HelmChartContainer - [hivemq-test-hivemq-platform] [hivemq-platform-operator] [af3bfc8c] 23:35:03.063 [pool-6-thread-3] DEBUG c.h.p.o.dependants.PodInfoConfigMap - [helmcust] Desired PodInfo ConfigMap (extension state hash: -1817474005)
2025-01-28 23:35:03,070 INFO c.h.h.t.HelmChartContainer - [hivemq-test-hivemq-platform] [hivemq-platform-operator] [af3bfc8c] 23:35:03.066 [pool-6-thread-3] DEBUG c.h.p.o.dependants.PodInfoConfigMap - [helmcust] Create PodInfo ConfigMap
2025-01-28 23:35:03,169 INFO c.h.h.t.HelmChartContainer - [hivemq-test-hivemq-platform] [hivemq-platform-operator] [af3bfc8c] 23:35:03.167 [pool-6-thread-5] DEBUG c.h.p.o.dependants.PodRoleResource - [helmcust] Create Role: Role(apiVersion=rbac.authorization.k8s.io/v1, kind=Role, metadata=ObjectMeta(annotations={meta.helm.sh/release-name=test-hivemq-platform, meta.helm.sh/release-namespace=helmcustomconfigit}, creationTimestamp=null, deletionGracePeriodSeconds=null, deletionTimestamp=null, finalizers=[], generateName=null, generation=null, labels={helm.sh/chart=hivemq-platform-0.2.32, app.kubernetes.io/managed-by=Helm, app.kubernetes.io/name=hivemq-platform, hivemq-platform=test-hivemq-platform, app.kubernetes.io/instance=test-hivemq-platform, app.kubernetes.io/version=4.36.0}, managedFields=[], name=hivemq-platform-role-test-hivemq-platform, namespace=helmcustomconfigit, ownerReferences=[OwnerReference(apiVersion=hivemq.com/v1, blockOwnerDeletion=null, controller=null, kind=HiveMQPlatform, name=test-hivemq-platform, uid=923dc431-11b1-4325-9b94-1fddf38b4015, additionalProperties={})], resourceVersion=null, selfLink=null, uid=null, additionalProperties={}), rules=[PolicyRule(apiGroups=[], nonResourceURLs=[], resourceNames=[], resources=[pods], verbs=[get, patch, update], additionalProperties={})], additionalProperties={})
2025-01-28 23:35:03,272 INFO c.h.h.t.HelmChartContainer - [hivemq-test-hivemq-platform] [hivemq-platform-operator] [af3bfc8c] 23:35:03.270 [pool-6-thread-7] DEBUG c.h.p.o.d.PodServiceAccountResource - [helmcust] Desired PodServiceAccountResource (serviceAccountName: hivemq-platform-pod-test-hivemq-platform)
2025-01-28 23:35:03,273 INFO c.h.h.t.HelmChartContainer - [hivemq-test-hivemq-platform] [hivemq-platform-operator] [af3bfc8c] 23:35:03.271 [pool-6-thread-7] DEBUG c.h.p.o.d.PodServiceAccountResource - [helmcust] Create ServiceAccount 'hivemq-platform-pod-test-hivemq-platform'
2025-01-28 23:35:03,376 INFO c.h.h.t.HelmChartContainer - [hivemq-test-hivemq-platform] [hivemq-platform-operator] [af3bfc8c] 23:35:03.375 [pool-6-thread-10] DEBUG c.h.p.o.d.PodRoleBindingResource - [helmcust] Create RoleBinding: RoleBinding(apiVersion=rbac.authorization.k8s.io/v1, kind=RoleBinding, metadata=ObjectMeta(annotations={meta.helm.sh/release-name=test-hivemq-platform, meta.helm.sh/release-namespace=helmcustomconfigit}, creationTimestamp=null, deletionGracePeriodSeconds=null, deletionTimestamp=null, finalizers=[], generateName=null, generation=null, labels={helm.sh/chart=hivemq-platform-0.2.32, app.kubernetes.io/managed-by=Helm, app.kubernetes.io/name=hivemq-platform, hivemq-platform=test-hivemq-platform, app.kubernetes.io/instance=test-hivemq-platform, app.kubernetes.io/version=4.36.0}, managedFields=[], name=hivemq-platform-role-binding-test-hivemq-platform, namespace=helmcustomconfigit, ownerReferences=[OwnerReference(apiVersion=hivemq.com/v1, blockOwnerDeletion=null, controller=null, kind=HiveMQPlatform, name=test-hivemq-platform, uid=923dc431-11b1-4325-9b94-1fddf38b4015, additionalProperties={})], resourceVersion=null, selfLink=null, uid=null, additionalProperties={}), roleRef=RoleRef(apiGroup=rbac.authorization.k8s.io, kind=Role, name=hivemq-platform-role-test-hivemq-platform, additionalProperties={}), subjects=[Subject(apiGroup=null, kind=ServiceAccount, name=hivemq-platform-pod-test-hivemq-platform, namespace=helmcustomconfigit, additionalProperties={})], additionalProperties={})
2025-01-28 23:35:03,474 INFO c.h.h.t.HelmChartContainer - [hivemq-test-hivemq-platform] [hivemq-platform-operator] [af3bfc8c] 23:35:03.473 [ReconcilerExecutor-hivemq-controller-54] INFO  c.h.p.o.HiveMQPlatformReconciler - [helmcust] Reconciling HiveMQ Platform 'test-hivemq-platform' in namespace 'helmcustomconfigit'
2025-01-28 23:35:03,475 INFO c.h.h.t.HelmChartContainer - [hivemq-test-hivemq-platform] [hivemq-platform-operator] [af3bfc8c] 23:35:03.473 [ReconcilerExecutor-hivemq-controller-54] DEBUG c.h.p.o.HiveMQPlatformReconciler - [helmcust] Custom Resource Status CREATED - HiveMQ Platform was created (READY)
2025-01-28 23:35:03,475 INFO c.h.h.t.HelmChartContainer - [hivemq-test-hivemq-platform] [hivemq-platform-operator] [af3bfc8c] 23:35:03.473 [ReconcilerExecutor-hivemq-controller-54] DEBUG c.h.p.o.HiveMQPlatformReconciler - [helmcust] Custom Resource Spec (replicas: 2) (extensions: 1)
2025-01-28 23:35:03,480 INFO c.h.h.t.HelmChartContainer - [hivemq-test-hivemq-platform] [hivemq-platform-operator] [af3bfc8c] 23:35:03.477 [ReconcilerExecutor-hivemq-controller-54] INFO  c.h.p.o.h.HiveMQPlatformReconcilerBaseHandler - [helmcust] HiveMQ Platform is starting
2025-01-28 23:35:03,583 INFO c.h.h.t.HelmChartContainer - [hivemq-test-hivemq-platform] [hivemq-platform-operator] [af3bfc8c] 23:35:03.582 [ReconcilerExecutor-hivemq-controller-54] DEBUG c.h.p.operator.event.EventSender - [helmcust] Creating K8s event hivemq-platform-starting: [Start] HiveMQ Platform is starting
2025-01-28 23:35:03,671 INFO c.h.h.t.HelmChartContainer - [EVENT] Normal [Start] HiveMQ Platform is starting [helmcustomconfigit:test-hivemq-platform]
2025-01-28 23:35:03,675 INFO c.h.h.t.HelmChartContainer - [hivemq-test-hivemq-platform] [hivemq-platform-operator] [af3bfc8c] 23:35:03.673 [ReconcilerExecutor-hivemq-controller-54] INFO  c.h.p.o.h.AbstractHiveMQReconcilerStateHandler - [helmcust] Update HiveMQ Platform Status (CREATED [READY] -> STARTING [READY]): HiveMQ Platform is starting
2025-01-28 23:35:03,766 DEBUG com.hivemq.helmcharts.util.K8sUtil - Comparing actual state 'STARTING' and waiting for 'RUNNING'
2025-01-28 23:35:13,778 INFO c.h.h.t.HelmChartContainer - [hivemq-test-hivemq-platform] [hivemq-platform-operator] [af3bfc8c] 23:35:13.775 [pool-6-thread-12] DEBUG c.h.p.o.d.PlatformServiceResource - [helmcust] Desired Platform services (3 services)
2025-01-28 23:35:13,780 INFO c.h.h.t.HelmChartContainer - [hivemq-test-hivemq-platform] [hivemq-platform-operator] [af3bfc8c] 23:35:13.777 [pool-6-thread-13] DEBUG c.h.p.o.dependants.PodInfoConfigMap - [helmcust] Desired PodInfo ConfigMap (1 extensions) (1 enabled)
2025-01-28 23:35:13,780 INFO c.h.h.t.HelmChartContainer - [hivemq-test-hivemq-platform] [hivemq-platform-operator] [af3bfc8c] 23:35:13.777 [pool-6-thread-13] DEBUG c.h.p.o.dependants.PodInfoConfigMap - [helmcust] Desired PodInfo ConfigMap (metrics port: 9399) (metrics path: /)
2025-01-28 23:35:13,780 INFO c.h.h.t.HelmChartContainer - [hivemq-test-hivemq-platform] [hivemq-platform-operator] [af3bfc8c] 23:35:13.777 [pool-6-thread-13] DEBUG c.h.p.o.dependants.PodInfoConfigMap - [helmcust] Desired PodInfo ConfigMap (extension state hash: -1817474005)
2025-01-28 23:35:13,783 INFO c.h.h.t.HelmChartContainer - [hivemq-test-hivemq-platform] [hivemq-platform-operator] [af3bfc8c] 23:35:13.782 [pool-6-thread-17] DEBUG c.h.p.o.d.PodServiceAccountResource - [helmcust] Desired PodServiceAccountResource (serviceAccountName: hivemq-platform-pod-test-hivemq-platform)
2025-01-28 23:35:13,785 INFO c.h.h.t.HelmChartContainer - [hivemq-test-hivemq-platform] [hivemq-platform-operator] [af3bfc8c] 23:35:13.785 [pool-6-thread-13] DEBUG c.h.p.o.dependants.PodInfoConfigMap - [helmcust] Update PodInfo ConfigMap
2025-01-28 23:35:13,869 INFO c.h.h.t.HelmChartContainer - [K3S] [alloc.go:330] "allocated clusterIPs" service="helmcustomconfigit/hivemq-test-hivemq-platform-cc-8080" clusterIPs={"IPv4":"10.43.110.17"}
2025-01-28 23:35:13,883 INFO c.h.h.t.HelmChartContainer - [K3S] [alloc.go:330] "allocated clusterIPs" service="helmcustomconfigit/hivemq-test-hivemq-platform-metrics-9399" clusterIPs={"IPv4":"10.43.229.191"}
2025-01-28 23:35:13,969 INFO c.h.h.t.HelmChartContainer - [K3S] [alloc.go:330] "allocated clusterIPs" service="helmcustomconfigit/hivemq-test-hivemq-platform-mqtt-1883" clusterIPs={"IPv4":"10.43.21.115"}
2025-01-28 23:35:13,976 INFO c.h.h.t.HelmChartContainer - [hivemq-test-hivemq-platform] [hivemq-platform-operator] [af3bfc8c] 23:35:13.975 [pool-6-thread-20] DEBUG c.h.p.o.d.StatefulSetResource - [helmcust] Desired StatefulSet (2 replicas) for status STARTING (READY)
2025-01-28 23:35:14,070 INFO c.h.h.t.HelmChartContainer - [hivemq-test-hivemq-platform] [hivemq-platform-operator] [af3bfc8c] 23:35:14.069 [pool-6-thread-20] DEBUG c.h.p.o.d.StatefulSetResource - [helmcust] Create StatefulSet
2025-01-28 23:35:14,096 INFO c.h.h.t.HelmChartContainer - [POD] test-hivemq-platform-0 [88695fbf-ba73-4c58-b539-d785eec8ac8b] in helmcustomconfigit was ADDED
2025-01-28 23:35:14,097 INFO c.h.h.t.HelmChartContainer - [EVENT] Normal [SuccessfulCreate] create Pod test-hivemq-platform-0 in StatefulSet test-hivemq-platform successful [helmcustomconfigit:test-hivemq-platform]
2025-01-28 23:35:14,106 INFO c.h.h.t.HelmChartContainer - [EVENT] Normal [Scheduled] Successfully assigned helmcustomconfigit/test-hivemq-platform-0 to 349c386a830b [helmcustomconfigit:test-hivemq-platform-0]
2025-01-28 23:35:14,107 INFO c.h.h.t.HelmChartContainer - [POD] test-hivemq-platform-0 [88695fbf-ba73-4c58-b539-d785eec8ac8b] in helmcustomconfigit was MODIFIED
2025-01-28 23:35:14,111 INFO c.h.h.t.HelmChartContainer - [POD] test-hivemq-platform-0 [88695fbf-ba73-4c58-b539-d785eec8ac8b] in helmcustomconfigit was MODIFIED
2025-01-28 23:35:14,199 INFO c.h.h.t.HelmChartContainer - [K3S] [reconciler_common.go:251] "operationExecutor.VerifyControllerAttachedVolume started for volume \"kube-api-access-jwhsn\" (UniqueName: \"kubernetes.io/projected/88695fbf-ba73-4c58-b539-d785eec8ac8b-kube-api-access-jwhsn\") pod \"test-hivemq-platform-0\" (UID: \"88695fbf-ba73-4c58-b539-d785eec8ac8b\") " pod="helmcustomconfigit/test-hivemq-platform-0"
2025-01-28 23:35:14,199 INFO c.h.h.t.HelmChartContainer - [K3S] [reconciler_common.go:251] "operationExecutor.VerifyControllerAttachedVolume started for volume \"operator-init\" (UniqueName: \"kubernetes.io/empty-dir/88695fbf-ba73-4c58-b539-d785eec8ac8b-operator-init\") pod \"test-hivemq-platform-0\" (UID: \"88695fbf-ba73-4c58-b539-d785eec8ac8b\") " pod="helmcustomconfigit/test-hivemq-platform-0"
2025-01-28 23:35:14,199 INFO c.h.h.t.HelmChartContainer - [K3S] [reconciler_common.go:251] "operationExecutor.VerifyControllerAttachedVolume started for volume \"pod-info\" (UniqueName: \"kubernetes.io/configmap/88695fbf-ba73-4c58-b539-d785eec8ac8b-pod-info\") pod \"test-hivemq-platform-0\" (UID: \"88695fbf-ba73-4c58-b539-d785eec8ac8b\") " pod="helmcustomconfigit/test-hivemq-platform-0"
2025-01-28 23:35:14,199 INFO c.h.h.t.HelmChartContainer - [K3S] [reconciler_common.go:251] "operationExecutor.VerifyControllerAttachedVolume started for volume \"broker-configuration\" (UniqueName: \"kubernetes.io/configmap/88695fbf-ba73-4c58-b539-d785eec8ac8b-broker-configuration\") pod \"test-hivemq-platform-0\" (UID: \"88695fbf-ba73-4c58-b539-d785eec8ac8b\") " pod="helmcustomconfigit/test-hivemq-platform-0"
2025-01-28 23:35:14,262 INFO c.h.h.t.HelmChartContainer - [hivemq-test-hivemq-platform] [hivemq-platform-operator] [af3bfc8c] 23:35:14.259 [ReconcilerExecutor-hivemq-controller-65] INFO  c.h.p.o.HiveMQPlatformReconciler - [helmcust] Reconciling HiveMQ Platform 'test-hivemq-platform' in namespace 'helmcustomconfigit'
2025-01-28 23:35:14,262 INFO c.h.h.t.HelmChartContainer - [hivemq-test-hivemq-platform] [hivemq-platform-operator] [af3bfc8c] 23:35:14.259 [ReconcilerExecutor-hivemq-controller-65] DEBUG c.h.p.o.HiveMQPlatformReconciler - [helmcust] Custom Resource Status STARTING - HiveMQ Platform is starting (READY)
2025-01-28 23:35:14,262 INFO c.h.h.t.HelmChartContainer - [hivemq-test-hivemq-platform] [hivemq-platform-operator] [af3bfc8c] 23:35:14.259 [ReconcilerExecutor-hivemq-controller-65] DEBUG c.h.p.o.HiveMQPlatformReconciler - [helmcust] Custom Resource Spec (replicas: 2) (extensions: 1)
2025-01-28 23:35:14,263 INFO c.h.h.t.HelmChartContainer - [hivemq-test-hivemq-platform] [hivemq-platform-operator] [af3bfc8c] 23:35:14.262 [ReconcilerExecutor-hivemq-controller-65] DEBUG c.h.p.o.HiveMQPlatformReconciler - [helmcust] StatefulSet Status (revision: test-hivemq-platform-86bfbd5557, replicas: 1, available: 0, ready: 0, current: 1, updated: 1)
2025-01-28 23:35:14,264 INFO c.h.h.t.HelmChartContainer - [hivemq-test-hivemq-platform] [hivemq-platform-operator] [af3bfc8c] 23:35:14.263 [ReconcilerExecutor-hivemq-controller-65] DEBUG c.h.p.o.HiveMQPlatformReconciler - [helmcust] StatefulSet Spec (replicas: 2, init containers: 1, containers: 1, volumes: 3)
2025-01-28 23:35:14,277 INFO c.h.h.t.HelmChartContainer - [hivemq-test-hivemq-platform] [hivemq-platform-operator] [af3bfc8c] 23:35:14.276 [ReconcilerExecutor-hivemq-controller-65] DEBUG c.h.p.o.h.HiveMQPlatformReconcilerErrorHandler - [helmcust] Pod 'test-hivemq-platform-0' phase Pending
2025-01-28 23:35:14,278 INFO c.h.h.t.HelmChartContainer - [hivemq-test-hivemq-platform] [hivemq-platform-operator] [af3bfc8c] 23:35:14.277 [ReconcilerExecutor-hivemq-controller-65] DEBUG c.h.p.o.h.HiveMQPlatformReconcilerErrorHandler - [helmcust] Pod 'test-hivemq-platform-0' condition 'PodReadyToStartContainers': False
2025-01-28 23:35:14,278 INFO c.h.h.t.HelmChartContainer - [hivemq-test-hivemq-platform] [hivemq-platform-operator] [af3bfc8c] 23:35:14.277 [ReconcilerExecutor-hivemq-controller-65] DEBUG c.h.p.o.h.HiveMQPlatformReconcilerErrorHandler - [helmcust] Pod 'test-hivemq-platform-0' condition 'Initialized': False
2025-01-28 23:35:14,278 INFO c.h.h.t.HelmChartContainer - [hivemq-test-hivemq-platform] [hivemq-platform-operator] [af3bfc8c] 23:35:14.277 [ReconcilerExecutor-hivemq-controller-65] DEBUG c.h.p.o.h.HiveMQPlatformReconcilerErrorHandler - [helmcust] Pod 'test-hivemq-platform-0' condition 'Ready': False
2025-01-28 23:35:14,278 INFO c.h.h.t.HelmChartContainer - [hivemq-test-hivemq-platform] [hivemq-platform-operator] [af3bfc8c] 23:35:14.277 [ReconcilerExecutor-hivemq-controller-65] DEBUG c.h.p.o.h.HiveMQPlatformReconcilerErrorHandler - [helmcust] Pod 'test-hivemq-platform-0' condition 'ContainersReady': False
2025-01-28 23:35:14,278 INFO c.h.h.t.HelmChartContainer - [hivemq-test-hivemq-platform] [hivemq-platform-operator] [af3bfc8c] 23:35:14.277 [ReconcilerExecutor-hivemq-controller-65] DEBUG c.h.p.o.h.HiveMQPlatformReconcilerErrorHandler - [helmcust] Pod 'test-hivemq-platform-0' condition 'PodScheduled': True
2025-01-28 23:35:14,278 INFO c.h.h.t.HelmChartContainer - [hivemq-test-hivemq-platform] [hivemq-platform-operator] [af3bfc8c] 23:35:14.278 [ReconcilerExecutor-hivemq-controller-65] DEBUG c.h.p.o.h.HiveMQPlatformReconcilerErrorHandler - [helmcust] Pod 'test-hivemq-platform-0' containerStatus 'hivemq' (started: false) (ready: false) (waiting: [PodInitializing] null)
2025-01-28 23:35:14,361 INFO c.h.h.t.HelmChartContainer - [hivemq-test-hivemq-platform] [hivemq-platform-operator] [af3bfc8c] 23:35:14.360 [ReconcilerExecutor-hivemq-controller-65] INFO  c.h.p.o.h.HiveMQPlatformReconcilerBaseHandler - [helmcust] HiveMQ Platform is starting, 0 of 2 replicas are ready
2025-01-28 23:35:14,366 INFO c.h.h.t.HelmChartContainer - [hivemq-test-hivemq-platform] [hivemq-platform-operator] [af3bfc8c] 23:35:14.365 [pool-6-thread-22] DEBUG c.h.p.o.d.PlatformServiceResource - [helmcust] Desired Platform services (3 services)
2025-01-28 23:35:14,368 INFO c.h.h.t.HelmChartContainer - [hivemq-test-hivemq-platform] [hivemq-platform-operator] [af3bfc8c] 23:35:14.366 [pool-6-thread-23] DEBUG c.h.p.o.dependants.PodInfoConfigMap - [helmcust] Desired PodInfo ConfigMap (1 extensions) (1 enabled)
2025-01-28 23:35:14,370 INFO c.h.h.t.HelmChartContainer - [hivemq-test-hivemq-platform] [hivemq-platform-operator] [af3bfc8c] 23:35:14.367 [pool-6-thread-23] DEBUG c.h.p.o.dependants.PodInfoConfigMap - [helmcust] Desired PodInfo ConfigMap (metrics port: 9399) (metrics path: /)
2025-01-28 23:35:14,371 INFO c.h.h.t.HelmChartContainer - [hivemq-test-hivemq-platform] [hivemq-platform-operator] [af3bfc8c] 23:35:14.367 [pool-6-thread-23] DEBUG c.h.p.o.dependants.PodInfoConfigMap - [helmcust] Desired PodInfo ConfigMap (extension state hash: -1817474005)
2025-01-28 23:35:14,375 INFO c.h.h.t.HelmChartContainer - [hivemq-test-hivemq-platform] [hivemq-platform-operator] [af3bfc8c] 23:35:14.373 [pool-6-thread-27] DEBUG c.h.p.o.d.PodServiceAccountResource - [helmcust] Desired PodServiceAccountResource (serviceAccountName: hivemq-platform-pod-test-hivemq-platform)
2025-01-28 23:35:14,463 INFO c.h.h.t.HelmChartContainer - [hivemq-test-hivemq-platform] [hivemq-platform-operator] [af3bfc8c] 23:35:14.460 [pool-6-thread-30] DEBUG c.h.p.o.d.StatefulSetResource - [helmcust] Desired StatefulSet (2 replicas) for status STARTING (READY)
2025-01-28 23:35:14,468 INFO c.h.h.t.HelmChartContainer - [hivemq-test-hivemq-platform] [hivemq-platform-operator] [af3bfc8c] 23:35:14.467 [ReconcilerExecutor-hivemq-controller-76] INFO  c.h.p.o.HiveMQPlatformReconciler - [helmcust] Reconciling HiveMQ Platform 'test-hivemq-platform' in namespace 'helmcustomconfigit'
2025-01-28 23:35:14,469 INFO c.h.h.t.HelmChartContainer - [hivemq-test-hivemq-platform] [hivemq-platform-operator] [af3bfc8c] 23:35:14.467 [ReconcilerExecutor-hivemq-controller-76] DEBUG c.h.p.o.HiveMQPlatformReconciler - [helmcust] Custom Resource Status STARTING - HiveMQ Platform is starting (READY)
2025-01-28 23:35:14,469 INFO c.h.h.t.HelmChartContainer - [hivemq-test-hivemq-platform] [hivemq-platform-operator] [af3bfc8c] 23:35:14.467 [ReconcilerExecutor-hivemq-controller-76] DEBUG c.h.p.o.HiveMQPlatformReconciler - [helmcust] Custom Resource Spec (replicas: 2) (extensions: 1)
2025-01-28 23:35:14,471 INFO c.h.h.t.HelmChartContainer - [hivemq-test-hivemq-platform] [hivemq-platform-operator] [af3bfc8c] 23:35:14.470 [ReconcilerExecutor-hivemq-controller-76] DEBUG c.h.p.o.HiveMQPlatformReconciler - [helmcust] StatefulSet Status (revision: test-hivemq-platform-86bfbd5557, replicas: 1, available: 0, ready: 0, current: 1, updated: 1)
2025-01-28 23:35:14,472 INFO c.h.h.t.HelmChartContainer - [hivemq-test-hivemq-platform] [hivemq-platform-operator] [af3bfc8c] 23:35:14.471 [ReconcilerExecutor-hivemq-controller-76] DEBUG c.h.p.o.HiveMQPlatformReconciler - [helmcust] StatefulSet Spec (replicas: 2, init containers: 1, containers: 1, volumes: 3)
2025-01-28 23:35:14,476 INFO c.h.h.t.HelmChartContainer - [hivemq-test-hivemq-platform] [hivemq-platform-operator] [af3bfc8c] 23:35:14.473 [ReconcilerExecutor-hivemq-controller-76] DEBUG c.h.p.o.h.HiveMQPlatformReconcilerErrorHandler - [helmcust] Pod 'test-hivemq-platform-0' phase Pending
2025-01-28 23:35:14,476 INFO c.h.h.t.HelmChartContainer - [hivemq-test-hivemq-platform] [hivemq-platform-operator] [af3bfc8c] 23:35:14.474 [ReconcilerExecutor-hivemq-controller-76] DEBUG c.h.p.o.h.HiveMQPlatformReconcilerErrorHandler - [helmcust] Pod 'test-hivemq-platform-0' condition 'PodReadyToStartContainers': False
2025-01-28 23:35:14,476 INFO c.h.h.t.HelmChartContainer - [hivemq-test-hivemq-platform] [hivemq-platform-operator] [af3bfc8c] 23:35:14.474 [ReconcilerExecutor-hivemq-controller-76] DEBUG c.h.p.o.h.HiveMQPlatformReconcilerErrorHandler - [helmcust] Pod 'test-hivemq-platform-0' condition 'Initialized': False
2025-01-28 23:35:14,476 INFO c.h.h.t.HelmChartContainer - [hivemq-test-hivemq-platform] [hivemq-platform-operator] [af3bfc8c] 23:35:14.474 [ReconcilerExecutor-hivemq-controller-76] DEBUG c.h.p.o.h.HiveMQPlatformReconcilerErrorHandler - [helmcust] Pod 'test-hivemq-platform-0' condition 'Ready': False
2025-01-28 23:35:14,476 INFO c.h.h.t.HelmChartContainer - [hivemq-test-hivemq-platform] [hivemq-platform-operator] [af3bfc8c] 23:35:14.474 [ReconcilerExecutor-hivemq-controller-76] DEBUG c.h.p.o.h.HiveMQPlatformReconcilerErrorHandler - [helmcust] Pod 'test-hivemq-platform-0' condition 'ContainersReady': False
2025-01-28 23:35:14,476 INFO c.h.h.t.HelmChartContainer - [hivemq-test-hivemq-platform] [hivemq-platform-operator] [af3bfc8c] 23:35:14.474 [ReconcilerExecutor-hivemq-controller-76] DEBUG c.h.p.o.h.HiveMQPlatformReconcilerErrorHandler - [helmcust] Pod 'test-hivemq-platform-0' condition 'PodScheduled': True
2025-01-28 23:35:14,477 INFO c.h.h.t.HelmChartContainer - [hivemq-test-hivemq-platform] [hivemq-platform-operator] [af3bfc8c] 23:35:14.474 [ReconcilerExecutor-hivemq-controller-76] DEBUG c.h.p.o.h.HiveMQPlatformReconcilerErrorHandler - [helmcust] Pod 'test-hivemq-platform-0' containerStatus 'hivemq' (started: false) (ready: false) (waiting: [PodInitializing] null)
2025-01-28 23:35:14,478 INFO c.h.h.t.HelmChartContainer - [hivemq-test-hivemq-platform] [hivemq-platform-operator] [af3bfc8c] 23:35:14.475 [ReconcilerExecutor-hivemq-controller-76] INFO  c.h.p.o.h.HiveMQPlatformReconcilerBaseHandler - [helmcust] HiveMQ Platform is starting, 0 of 2 replicas are ready
2025-01-28 23:35:14,491 INFO c.h.h.t.HelmChartContainer - [EVENT] Normal [Pulled] Container image "docker.io/hivemq/hivemq-platform-operator-init-test:snapshot" already present on machine [helmcustomconfigit:test-hivemq-platform-0]
2025-01-28 23:35:14,632 INFO c.h.h.t.HelmChartContainer - [EVENT] Normal [Created] Created container: hivemq-platform-operator-init [helmcustomconfigit:test-hivemq-platform-0]
2025-01-28 23:35:14,667 INFO c.h.h.t.HelmChartContainer - [EVENT] Normal [Started] Started container hivemq-platform-operator-init [helmcustomconfigit:test-hivemq-platform-0]
2025-01-28 23:35:15,216 INFO c.h.h.t.HelmChartContainer - [POD] test-hivemq-platform-0 [88695fbf-ba73-4c58-b539-d785eec8ac8b] in helmcustomconfigit was MODIFIED
2025-01-28 23:35:15,233 INFO c.h.h.t.HelmChartContainer - [hivemq-test-hivemq-platform] [hivemq-platform-operator] [af3bfc8c] 23:35:15.227 [pool-6-thread-32] DEBUG c.h.p.o.d.PlatformServiceResource - [helmcust] Desired Platform services (3 services)
2025-01-28 23:35:15,233 INFO c.h.h.t.HelmChartContainer - [hivemq-test-hivemq-platform] [hivemq-platform-operator] [af3bfc8c] 23:35:15.228 [pool-6-thread-33] DEBUG c.h.p.o.dependants.PodInfoConfigMap - [helmcust] Desired PodInfo ConfigMap (1 extensions) (1 enabled)
2025-01-28 23:35:15,233 INFO c.h.h.t.HelmChartContainer - [hivemq-test-hivemq-platform] [hivemq-platform-operator] [af3bfc8c] 23:35:15.228 [pool-6-thread-33] DEBUG c.h.p.o.dependants.PodInfoConfigMap - [helmcust] Desired PodInfo ConfigMap (metrics port: 9399) (metrics path: /)
2025-01-28 23:35:15,233 INFO c.h.h.t.HelmChartContainer - [hivemq-test-hivemq-platform] [hivemq-platform-operator] [af3bfc8c] 23:35:15.228 [pool-6-thread-33] DEBUG c.h.p.o.dependants.PodInfoConfigMap - [helmcust] Desired PodInfo ConfigMap (extension state hash: -1817474005)
2025-01-28 23:35:15,235 INFO c.h.h.t.HelmChartContainer - [hivemq-test-hivemq-platform] [hivemq-platform-operator] [af3bfc8c] 23:35:15.234 [pool-6-thread-37] DEBUG c.h.p.o.d.PodServiceAccountResource - [helmcust] Desired PodServiceAccountResource (serviceAccountName: hivemq-platform-pod-test-hivemq-platform)
2025-01-28 23:35:15,264 INFO c.h.h.t.HelmChartContainer - [hivemq-test-hivemq-platform] [hivemq-platform-operator] [af3bfc8c] 23:35:15.263 [pool-6-thread-40] DEBUG c.h.p.o.d.StatefulSetResource - [helmcust] Desired StatefulSet (2 replicas) for status STARTING (READY)
2025-01-28 23:35:15,326 INFO c.h.h.t.HelmChartContainer - [hivemq-test-hivemq-platform] [hivemq-platform-operator] [af3bfc8c] 23:35:15.324 [ReconcilerExecutor-hivemq-controller-87] INFO  c.h.p.o.HiveMQPlatformReconciler - [helmcust] Reconciling HiveMQ Platform 'test-hivemq-platform' in namespace 'helmcustomconfigit'
2025-01-28 23:35:15,326 INFO c.h.h.t.HelmChartContainer - [hivemq-test-hivemq-platform] [hivemq-platform-operator] [af3bfc8c] 23:35:15.324 [ReconcilerExecutor-hivemq-controller-87] DEBUG c.h.p.o.HiveMQPlatformReconciler - [helmcust] Custom Resource Status STARTING - HiveMQ Platform is starting (READY)
2025-01-28 23:35:15,326 INFO c.h.h.t.HelmChartContainer - [hivemq-test-hivemq-platform] [hivemq-platform-operator] [af3bfc8c] 23:35:15.324 [ReconcilerExecutor-hivemq-controller-87] DEBUG c.h.p.o.HiveMQPlatformReconciler - [helmcust] Custom Resource Spec (replicas: 2) (extensions: 1)
2025-01-28 23:35:15,329 INFO c.h.h.t.HelmChartContainer - [hivemq-test-hivemq-platform] [hivemq-platform-operator] [af3bfc8c] 23:35:15.327 [ReconcilerExecutor-hivemq-controller-87] DEBUG c.h.p.o.HiveMQPlatformReconciler - [helmcust] StatefulSet Status (revision: test-hivemq-platform-86bfbd5557, replicas: 1, available: 0, ready: 0, current: 1, updated: 1)
2025-01-28 23:35:15,329 INFO c.h.h.t.HelmChartContainer - [hivemq-test-hivemq-platform] [hivemq-platform-operator] [af3bfc8c] 23:35:15.328 [ReconcilerExecutor-hivemq-controller-87] DEBUG c.h.p.o.HiveMQPlatformReconciler - [helmcust] StatefulSet Spec (replicas: 2, init containers: 1, containers: 1, volumes: 3)
2025-01-28 23:35:15,332 INFO c.h.h.t.HelmChartContainer - [hivemq-test-hivemq-platform] [hivemq-platform-operator] [af3bfc8c] 23:35:15.332 [ReconcilerExecutor-hivemq-controller-87] DEBUG c.h.p.o.h.HiveMQPlatformReconcilerErrorHandler - [helmcust] Pod 'test-hivemq-platform-0' phase Pending
2025-01-28 23:35:15,334 INFO c.h.h.t.HelmChartContainer - [hivemq-test-hivemq-platform] [hivemq-platform-operator] [af3bfc8c] 23:35:15.333 [ReconcilerExecutor-hivemq-controller-87] DEBUG c.h.p.o.h.HiveMQPlatformReconcilerErrorHandler - [helmcust] Pod 'test-hivemq-platform-0' condition 'PodReadyToStartContainers': True
2025-01-28 23:35:15,334 INFO c.h.h.t.HelmChartContainer - [hivemq-test-hivemq-platform] [hivemq-platform-operator] [af3bfc8c] 23:35:15.333 [ReconcilerExecutor-hivemq-controller-87] DEBUG c.h.p.o.h.HiveMQPlatformReconcilerErrorHandler - [helmcust] Pod 'test-hivemq-platform-0' condition 'Initialized': False
2025-01-28 23:35:15,334 INFO c.h.h.t.HelmChartContainer - [hivemq-test-hivemq-platform] [hivemq-platform-operator] [af3bfc8c] 23:35:15.333 [ReconcilerExecutor-hivemq-controller-87] DEBUG c.h.p.o.h.HiveMQPlatformReconcilerErrorHandler - [helmcust] Pod 'test-hivemq-platform-0' condition 'Ready': False
2025-01-28 23:35:15,334 INFO c.h.h.t.HelmChartContainer - [hivemq-test-hivemq-platform] [hivemq-platform-operator] [af3bfc8c] 23:35:15.333 [ReconcilerExecutor-hivemq-controller-87] DEBUG c.h.p.o.h.HiveMQPlatformReconcilerErrorHandler - [helmcust] Pod 'test-hivemq-platform-0' condition 'ContainersReady': False
2025-01-28 23:35:15,335 INFO c.h.h.t.HelmChartContainer - [hivemq-test-hivemq-platform] [hivemq-platform-operator] [af3bfc8c] 23:35:15.333 [ReconcilerExecutor-hivemq-controller-87] DEBUG c.h.p.o.h.HiveMQPlatformReconcilerErrorHandler - [helmcust] Pod 'test-hivemq-platform-0' condition 'PodScheduled': True
2025-01-28 23:35:15,335 INFO c.h.h.t.HelmChartContainer - [hivemq-test-hivemq-platform] [hivemq-platform-operator] [af3bfc8c] 23:35:15.334 [ReconcilerExecutor-hivemq-controller-87] DEBUG c.h.p.o.h.HiveMQPlatformReconcilerErrorHandler - [helmcust] Pod 'test-hivemq-platform-0' containerStatus 'hivemq' (started: false) (ready: false) (waiting: [PodInitializing] null)
2025-01-28 23:35:15,336 INFO c.h.h.t.HelmChartContainer - [hivemq-test-hivemq-platform] [hivemq-platform-operator] [af3bfc8c] 23:35:15.336 [ReconcilerExecutor-hivemq-controller-87] INFO  c.h.p.o.h.HiveMQPlatformReconcilerBaseHandler - [helmcust] HiveMQ Platform is starting, 0 of 2 replicas are ready
2025-01-28 23:35:16,208 INFO c.h.h.t.HelmChartContainer - [EVENT] Normal [Pulled] Container image "docker.io/hivemq/hivemq4:4.36.0" already present on machine [helmcustomconfigit:test-hivemq-platform-0]
2025-01-28 23:35:16,208 INFO c.h.h.t.HelmChartContainer - Received Pulled event for container hivemq in pod test-hivemq-platform-0 [88695fbf-ba73-4c58-b539-d785eec8ac8b]
2025-01-28 23:35:16,215 INFO c.h.h.t.HelmChartContainer - [POD] test-hivemq-platform-0 [88695fbf-ba73-4c58-b539-d785eec8ac8b] in helmcustomconfigit was MODIFIED
2025-01-28 23:35:16,226 INFO c.h.h.t.HelmChartContainer - [hivemq-test-hivemq-platform] [hivemq-platform-operator] [af3bfc8c] 23:35:16.224 [pool-6-thread-42] DEBUG c.h.p.o.d.PlatformServiceResource - [helmcust] Desired Platform services (3 services)
2025-01-28 23:35:16,228 INFO c.h.h.t.HelmChartContainer - [hivemq-test-hivemq-platform] [hivemq-platform-operator] [af3bfc8c] 23:35:16.227 [pool-6-thread-43] DEBUG c.h.p.o.dependants.PodInfoConfigMap - [helmcust] Desired PodInfo ConfigMap (1 extensions) (1 enabled)
2025-01-28 23:35:16,230 INFO c.h.h.t.HelmChartContainer - [hivemq-test-hivemq-platform] [hivemq-platform-operator] [af3bfc8c] 23:35:16.227 [pool-6-thread-43] DEBUG c.h.p.o.dependants.PodInfoConfigMap - [helmcust] Desired PodInfo ConfigMap (metrics port: 9399) (metrics path: /)
2025-01-28 23:35:16,230 INFO c.h.h.t.HelmChartContainer - [hivemq-test-hivemq-platform] [hivemq-platform-operator] [af3bfc8c] 23:35:16.228 [pool-6-thread-43] DEBUG c.h.p.o.dependants.PodInfoConfigMap - [helmcust] Desired PodInfo ConfigMap (extension state hash: -1817474005)
2025-01-28 23:35:16,234 INFO c.h.h.t.HelmChartContainer - [hivemq-test-hivemq-platform] [hivemq-platform-operator] [af3bfc8c] 23:35:16.233 [pool-6-thread-47] DEBUG c.h.p.o.d.PodServiceAccountResource - [helmcust] Desired PodServiceAccountResource (serviceAccountName: hivemq-platform-pod-test-hivemq-platform)
2025-01-28 23:35:16,264 INFO c.h.h.t.HelmChartContainer - [hivemq-test-hivemq-platform] [hivemq-platform-operator] [af3bfc8c] 23:35:16.261 [pool-6-thread-50] DEBUG c.h.p.o.d.StatefulSetResource - [helmcust] Desired StatefulSet (2 replicas) for status STARTING (READY)
2025-01-28 23:35:16,268 INFO c.h.h.t.HelmChartContainer - [hivemq-test-hivemq-platform] [hivemq-platform-operator] [af3bfc8c] 23:35:16.266 [ReconcilerExecutor-hivemq-controller-98] INFO  c.h.p.o.HiveMQPlatformReconciler - [helmcust] Reconciling HiveMQ Platform 'test-hivemq-platform' in namespace 'helmcustomconfigit'
2025-01-28 23:35:16,268 INFO c.h.h.t.HelmChartContainer - [hivemq-test-hivemq-platform] [hivemq-platform-operator] [af3bfc8c] 23:35:16.267 [ReconcilerExecutor-hivemq-controller-98] DEBUG c.h.p.o.HiveMQPlatformReconciler - [helmcust] Custom Resource Status STARTING - HiveMQ Platform is starting (READY)
2025-01-28 23:35:16,268 INFO c.h.h.t.HelmChartContainer - [hivemq-test-hivemq-platform] [hivemq-platform-operator] [af3bfc8c] 23:35:16.267 [ReconcilerExecutor-hivemq-controller-98] DEBUG c.h.p.o.HiveMQPlatformReconciler - [helmcust] Custom Resource Spec (replicas: 2) (extensions: 1)
2025-01-28 23:35:16,328 INFO c.h.h.t.HelmChartContainer - [hivemq-test-hivemq-platform] [hivemq-platform-operator] [af3bfc8c] 23:35:16.325 [ReconcilerExecutor-hivemq-controller-98] DEBUG c.h.p.o.HiveMQPlatformReconciler - [helmcust] StatefulSet Status (revision: test-hivemq-platform-86bfbd5557, replicas: 1, available: 0, ready: 0, current: 1, updated: 1)
2025-01-28 23:35:16,328 INFO c.h.h.t.HelmChartContainer - [hivemq-test-hivemq-platform] [hivemq-platform-operator] [af3bfc8c] 23:35:16.326 [ReconcilerExecutor-hivemq-controller-98] DEBUG c.h.p.o.HiveMQPlatformReconciler - [helmcust] StatefulSet Spec (replicas: 2, init containers: 1, containers: 1, volumes: 3)
2025-01-28 23:35:16,330 INFO c.h.h.t.HelmChartContainer - [hivemq-test-hivemq-platform] [hivemq-platform-operator] [af3bfc8c] 23:35:16.328 [ReconcilerExecutor-hivemq-controller-98] DEBUG c.h.p.o.h.HiveMQPlatformReconcilerErrorHandler - [helmcust] Pod 'test-hivemq-platform-0' phase Pending
2025-01-28 23:35:16,331 INFO c.h.h.t.HelmChartContainer - [hivemq-test-hivemq-platform] [hivemq-platform-operator] [af3bfc8c] 23:35:16.329 [ReconcilerExecutor-hivemq-controller-98] DEBUG c.h.p.o.h.HiveMQPlatformReconcilerErrorHandler - [helmcust] Pod 'test-hivemq-platform-0' condition 'PodReadyToStartContainers': True
2025-01-28 23:35:16,331 INFO c.h.h.t.HelmChartContainer - [hivemq-test-hivemq-platform] [hivemq-platform-operator] [af3bfc8c] 23:35:16.329 [ReconcilerExecutor-hivemq-controller-98] DEBUG c.h.p.o.h.HiveMQPlatformReconcilerErrorHandler - [helmcust] Pod 'test-hivemq-platform-0' condition 'Initialized': True
2025-01-28 23:35:16,331 INFO c.h.h.t.HelmChartContainer - [hivemq-test-hivemq-platform] [hivemq-platform-operator] [af3bfc8c] 23:35:16.329 [ReconcilerExecutor-hivemq-controller-98] DEBUG c.h.p.o.h.HiveMQPlatformReconcilerErrorHandler - [helmcust] Pod 'test-hivemq-platform-0' condition 'Ready': False
2025-01-28 23:35:16,332 INFO c.h.h.t.HelmChartContainer - [hivemq-test-hivemq-platform] [hivemq-platform-operator] [af3bfc8c] 23:35:16.329 [ReconcilerExecutor-hivemq-controller-98] DEBUG c.h.p.o.h.HiveMQPlatformReconcilerErrorHandler - [helmcust] Pod 'test-hivemq-platform-0' condition 'ContainersReady': False
2025-01-28 23:35:16,332 INFO c.h.h.t.HelmChartContainer - [hivemq-test-hivemq-platform] [hivemq-platform-operator] [af3bfc8c] 23:35:16.329 [ReconcilerExecutor-hivemq-controller-98] DEBUG c.h.p.o.h.HiveMQPlatformReconcilerErrorHandler - [helmcust] Pod 'test-hivemq-platform-0' condition 'PodScheduled': True
2025-01-28 23:35:16,332 INFO c.h.h.t.HelmChartContainer - [hivemq-test-hivemq-platform] [hivemq-platform-operator] [af3bfc8c] 23:35:16.329 [ReconcilerExecutor-hivemq-controller-98] DEBUG c.h.p.o.h.HiveMQPlatformReconcilerErrorHandler - [helmcust] Pod 'test-hivemq-platform-0' containerStatus 'hivemq' (started: false) (ready: false) (waiting: [PodInitializing] null)
2025-01-28 23:35:16,332 INFO c.h.h.t.HelmChartContainer - [hivemq-test-hivemq-platform] [hivemq-platform-operator] [af3bfc8c] 23:35:16.330 [ReconcilerExecutor-hivemq-controller-98] INFO  c.h.p.o.h.HiveMQPlatformReconcilerBaseHandler - [helmcust] HiveMQ Platform is starting, 0 of 2 replicas are ready
2025-01-28 23:35:17,327 INFO c.h.h.t.HelmChartContainer - [EVENT] Normal [Created] Created container: hivemq [helmcustomconfigit:test-hivemq-platform-0]
2025-01-28 23:35:17,327 INFO c.h.h.t.HelmChartContainer - Received Created event for container hivemq in pod test-hivemq-platform-0 [88695fbf-ba73-4c58-b539-d785eec8ac8b]
2025-01-28 23:35:18,223 INFO c.h.h.t.HelmChartContainer - [POD] test-hivemq-platform-0 [88695fbf-ba73-4c58-b539-d785eec8ac8b] in helmcustomconfigit was MODIFIED
2025-01-28 23:35:18,233 INFO c.h.h.t.HelmChartContainer - [EVENT] Normal [Started] Started container hivemq [helmcustomconfigit:test-hivemq-platform-0]
2025-01-28 23:35:18,233 INFO c.h.h.t.HelmChartContainer - Received Started event for container hivemq in pod test-hivemq-platform-0 [88695fbf-ba73-4c58-b539-d785eec8ac8b]
2025-01-28 23:35:18,236 INFO c.h.h.t.HelmChartContainer - Started log watcher for hivemq in pod test-hivemq-platform-0 [88695fbf-ba73-4c58-b539-d785eec8ac8b]
2025-01-28 23:35:18,236 INFO c.h.h.t.HelmChartContainer - [test-hivemq-platform] [hivemq] [88695fbf] Adding pre-installed HiveMQ Platform Operator extensions
2025-01-28 23:35:18,236 INFO c.h.h.t.HelmChartContainer - [test-hivemq-platform] [hivemq] [88695fbf] Running as user 10000
2025-01-28 23:35:18,236 INFO c.h.h.t.HelmChartContainer - [test-hivemq-platform] [hivemq] [88695fbf] Starting HiveMQ Platform Operator Init
2025-01-28 23:35:18,237 INFO c.h.h.t.HelmChartContainer - [hivemq-test-hivemq-platform] [hivemq-platform-operator] [af3bfc8c] 23:35:18.237 [pool-6-thread-8] DEBUG c.h.p.o.d.PlatformServiceResource - [helmcust] Desired Platform services (3 services)
2025-01-28 23:35:18,246 INFO c.h.h.t.HelmChartContainer - [hivemq-test-hivemq-platform] [hivemq-platform-operator] [af3bfc8c] 23:35:18.242 [pool-6-thread-5] DEBUG c.h.p.o.dependants.PodInfoConfigMap - [helmcust] Desired PodInfo ConfigMap (1 extensions) (1 enabled)
2025-01-28 23:35:18,254 INFO c.h.h.t.HelmChartContainer - [hivemq-test-hivemq-platform] [hivemq-platform-operator] [af3bfc8c] 23:35:18.252 [pool-6-thread-5] DEBUG c.h.p.o.dependants.PodInfoConfigMap - [helmcust] Desired PodInfo ConfigMap (metrics port: 9399) (metrics path: /)
2025-01-28 23:35:18,254 INFO c.h.h.t.HelmChartContainer - [hivemq-test-hivemq-platform] [hivemq-platform-operator] [af3bfc8c] 23:35:18.252 [pool-6-thread-5] DEBUG c.h.p.o.dependants.PodInfoConfigMap - [helmcust] Desired PodInfo ConfigMap (extension state hash: -1817474005)
2025-01-28 23:35:18,263 INFO c.h.h.t.HelmChartContainer - [hivemq-test-hivemq-platform] [hivemq-platform-operator] [af3bfc8c] 23:35:18.249 [pool-6-thread-8] DEBUG c.h.p.o.d.PodServiceAccountResource - [helmcust] Desired PodServiceAccountResource (serviceAccountName: hivemq-platform-pod-test-hivemq-platform)
2025-01-28 23:35:18,328 INFO c.h.h.t.HelmChartContainer - [hivemq-test-hivemq-platform] [hivemq-platform-operator] [af3bfc8c] 23:35:18.326 [pool-6-thread-10] DEBUG c.h.p.o.d.StatefulSetResource - [helmcust] Desired StatefulSet (2 replicas) for status STARTING (READY)
2025-01-28 23:35:18,332 INFO c.h.h.t.HelmChartContainer - [hivemq-test-hivemq-platform] [hivemq-platform-operator] [af3bfc8c] 23:35:18.331 [ReconcilerExecutor-hivemq-controller-109] INFO  c.h.p.o.HiveMQPlatformReconciler - [helmcust] Reconciling HiveMQ Platform 'test-hivemq-platform' in namespace 'helmcustomconfigit'
2025-01-28 23:35:18,335 INFO c.h.h.t.HelmChartContainer - [hivemq-test-hivemq-platform] [hivemq-platform-operator] [af3bfc8c] 23:35:18.332 [ReconcilerExecutor-hivemq-controller-109] DEBUG c.h.p.o.HiveMQPlatformReconciler - [helmcust] Custom Resource Status STARTING - HiveMQ Platform is starting (READY)
2025-01-28 23:35:18,335 INFO c.h.h.t.HelmChartContainer - [hivemq-test-hivemq-platform] [hivemq-platform-operator] [af3bfc8c] 23:35:18.333 [ReconcilerExecutor-hivemq-controller-109] DEBUG c.h.p.o.HiveMQPlatformReconciler - [helmcust] Custom Resource Spec (replicas: 2) (extensions: 1)
2025-01-28 23:35:18,337 INFO c.h.h.t.HelmChartContainer - [hivemq-test-hivemq-platform] [hivemq-platform-operator] [af3bfc8c] 23:35:18.337 [ReconcilerExecutor-hivemq-controller-109] DEBUG c.h.p.o.HiveMQPlatformReconciler - [helmcust] StatefulSet Status (revision: test-hivemq-platform-86bfbd5557, replicas: 1, available: 0, ready: 0, current: 1, updated: 1)
2025-01-28 23:35:18,339 INFO c.h.h.t.HelmChartContainer - [hivemq-test-hivemq-platform] [hivemq-platform-operator] [af3bfc8c] 23:35:18.338 [ReconcilerExecutor-hivemq-controller-109] DEBUG c.h.p.o.HiveMQPlatformReconciler - [helmcust] StatefulSet Spec (replicas: 2, init containers: 1, containers: 1, volumes: 3)
2025-01-28 23:35:18,341 INFO c.h.h.t.HelmChartContainer - [hivemq-test-hivemq-platform] [hivemq-platform-operator] [af3bfc8c] 23:35:18.340 [ReconcilerExecutor-hivemq-controller-109] DEBUG c.h.p.o.h.HiveMQPlatformReconcilerErrorHandler - [helmcust] Pod 'test-hivemq-platform-0' phase Running
2025-01-28 23:35:18,342 INFO c.h.h.t.HelmChartContainer - [hivemq-test-hivemq-platform] [hivemq-platform-operator] [af3bfc8c] 23:35:18.341 [ReconcilerExecutor-hivemq-controller-109] INFO  c.h.p.o.h.HiveMQPlatformReconcilerBaseHandler - [helmcust] HiveMQ Platform is starting, 0 of 2 replicas are ready
2025-01-28 23:35:18,522 INFO c.h.h.t.HelmChartContainer - [test-hivemq-platform] [hivemq] [88695fbf] INFO  - [HiveMQ Platform Operator Init 1.7.0-SNAPSHOT] HiveMQ Platform Operator Init 1.7.0-SNAPSHOT (commit: bebf408 on branch: HEAD) built on Sun Jan 26 20:47:47 UTC 2025
2025-01-28 23:35:19,648 INFO c.h.h.t.HelmChartContainer - [test-hivemq-platform] [hivemq] [88695fbf] INFO  - [HiveMQ Platform Operator Init App 1.7.0-SNAPSHOT] Using bind address 10.42.0.8 from environment variable
2025-01-28 23:35:20,520 INFO c.h.h.t.HelmChartContainer - [test-hivemq-platform] [hivemq] [88695fbf] INFO  - [HiveMQ Platform Operator Init App 1.7.0-SNAPSHOT] HiveMQ Platform Operator Init App 1.7.0-SNAPSHOT (commit: bebf408 on branch: HEAD) built on Sun Jan 26 20:47:47 UTC 2025
2025-01-28 23:35:20,521 INFO c.h.h.t.HelmChartContainer - [test-hivemq-platform] [hivemq] [88695fbf] INFO  - [HiveMQ Platform Operator Init App 1.7.0-SNAPSHOT] PodInfo ConfigMap directory: /etc/podinfo
2025-01-28 23:35:20,521 INFO c.h.h.t.HelmChartContainer - [test-hivemq-platform] [hivemq] [88695fbf] INFO  - [HiveMQ Platform Operator Init App 1.7.0-SNAPSHOT] HiveMQ home directory: /opt/hivemq
2025-01-28 23:35:20,521 INFO c.h.h.t.HelmChartContainer - [test-hivemq-platform] [hivemq] [88695fbf] INFO  - [HiveMQ Platform Operator Init App 1.7.0-SNAPSHOT] HiveMQ Logback folder: /opt/hivemq/conf
2025-01-28 23:35:20,522 INFO c.h.h.t.HelmChartContainer - [test-hivemq-platform] [hivemq] [88695fbf] INFO  - [HiveMQ Platform Operator Init App 1.7.0-SNAPSHOT] HiveMQ Config folder: /opt/hivemq/conf-k8s
2025-01-28 23:35:20,522 INFO c.h.h.t.HelmChartContainer - [test-hivemq-platform] [hivemq] [88695fbf] INFO  - [HiveMQ Platform Operator Init App 1.7.0-SNAPSHOT] Starting HiveMQ Platform Operator Init App
2025-01-28 23:35:20,522 INFO c.h.h.t.HelmChartContainer - [test-hivemq-platform] [hivemq] [88695fbf] INFO  - [HiveMQ Platform Operator Init App 1.7.0-SNAPSHOT] Starting Pod reconciler
2025-01-28 23:35:21,624 INFO c.h.h.t.HelmChartContainer - [test-hivemq-platform] [hivemq] [88695fbf] INFO  - [HiveMQ Platform Operator Init App 1.7.0-SNAPSHOT] Pod reconciler is scheduled (interval: 5000 ms)
2025-01-28 23:35:21,625 INFO c.h.h.t.HelmChartContainer - [test-hivemq-platform] [hivemq] [88695fbf] INFO  - [HiveMQ Platform Operator Init App 1.7.0-SNAPSHOT] Starting the REST API on 10.42.0.8:7979
2025-01-28 23:35:21,627 INFO c.h.h.t.HelmChartContainer - [test-hivemq-platform] [hivemq] [88695fbf] INFO  - [HiveMQ Platform Operator Init App 1.7.0-SNAPSHOT] Waiting up to 600s for at most 2 HiveMQ nodes in cluster service hivemq-test-hivemq-platform-cluster.helmcustomconfigit.svc
2025-01-28 23:35:21,939 INFO c.h.h.t.HelmChartContainer - [test-hivemq-platform] [hivemq] [88695fbf] INFO  - [HiveMQ Platform Operator Init App 1.7.0-SNAPSHOT] Resolved 1 IP addresses: [10.42.0.8]
2025-01-28 23:35:21,939 INFO c.h.h.t.HelmChartContainer - [test-hivemq-platform] [hivemq] [88695fbf] INFO  - [HiveMQ Platform Operator Init App 1.7.0-SNAPSHOT] HiveMQ node count of 1 is within threshold of 2
2025-01-28 23:35:21,939 INFO c.h.h.t.HelmChartContainer - [test-hivemq-platform] [hivemq] [88695fbf] INFO  - [HiveMQ Platform Operator Init App 1.7.0-SNAPSHOT] Proceeding with container start
2025-01-28 23:35:22,037 INFO c.h.h.t.HelmChartContainer - [test-hivemq-platform] [hivemq] [88695fbf] INFO  - [HiveMQ Platform Operator Init App 1.7.0-SNAPSHOT] Initializing HiveMQ Platform extensions with initial configuration: {hivemq-allow-all-extension={start-priority=-1, skip-https-hostname-verification=false, restart=true, config-version=0, header-version=0, c-uri=, priority=-1, uri=preinstalled, skip-https-certificate-validation=false, enabled=true}, hivemq-prometheus-extension={skip-https-hostname-verification=false, skip-https-certificate-validation=false, uri=preinstalled, request-header-path=no-request-headers, enabled=true, restart=true, priority=-1, start-priority=-1, c-uri=}}
2025-01-28 23:35:22,516 INFO c.h.h.t.HelmChartContainer - [test-hivemq-platform] [hivemq] [88695fbf] INFO  - [HiveMQ Platform Operator Init App 1.7.0-SNAPSHOT] Extension hivemq-allow-all-extension was already enabled
2025-01-28 23:35:22,528 INFO c.h.h.t.HelmChartContainer - [test-hivemq-platform] [hivemq] [88695fbf] INFO  - [HiveMQ Platform Operator Init App 1.7.0-SNAPSHOT] Successfully enabled extension hivemq-prometheus-extension
2025-01-28 23:35:22,529 INFO c.h.h.t.HelmChartContainer - [test-hivemq-platform] [hivemq] [88695fbf] INFO  - [HiveMQ Platform Operator Init App 1.7.0-SNAPSHOT] Starting HiveMQ Platform version 4.36.0 (4.36.0)
2025-01-28 23:35:22,530 INFO c.h.h.t.HelmChartContainer - [test-hivemq-platform] [hivemq] [88695fbf] INFO  - [HiveMQ Platform Operator Init App 1.7.0-SNAPSHOT] Configuring the HiveMQ Platform
2025-01-28 23:35:22,618 INFO c.h.h.t.HelmChartContainer - [test-hivemq-platform] [hivemq] [88695fbf] INFO  - [HiveMQ Platform Operator Init App 1.7.0-SNAPSHOT] Changed logback.xml file scan period to 20 seconds
2025-01-28 23:35:22,631 INFO c.h.h.t.HelmChartContainer - [test-hivemq-platform] [hivemq] [88695fbf] INFO  - [HiveMQ Platform Operator Init App 1.7.0-SNAPSHOT] Starting the HiveMQ Platform
2025-01-28 23:35:22,717 INFO c.h.h.t.HelmChartContainer - [test-hivemq-platform] [hivemq] [88695fbf] -------------------------------------------------------------------------
2025-01-28 23:35:22,717 INFO c.h.h.t.HelmChartContainer - [test-hivemq-platform] [hivemq] [88695fbf] 
2025-01-28 23:35:22,717 INFO c.h.h.t.HelmChartContainer - [test-hivemq-platform] [hivemq] [88695fbf]                   _    _  _              __  __   ____
2025-01-28 23:35:22,717 INFO c.h.h.t.HelmChartContainer - [test-hivemq-platform] [hivemq] [88695fbf]                  | |  | |(_)            |  \/  | / __ \
2025-01-28 23:35:22,717 INFO c.h.h.t.HelmChartContainer - [test-hivemq-platform] [hivemq] [88695fbf]                  | |__| | _ __   __ ___ | \  / || |  | |
2025-01-28 23:35:22,718 INFO c.h.h.t.HelmChartContainer - [test-hivemq-platform] [hivemq] [88695fbf]                  |  __  || |\ \ / // _ \| |\/| || |  | |
2025-01-28 23:35:22,718 INFO c.h.h.t.HelmChartContainer - [test-hivemq-platform] [hivemq] [88695fbf]                  | |  | || | \ V /|  __/| |  | || |__| |
2025-01-28 23:35:22,718 INFO c.h.h.t.HelmChartContainer - [test-hivemq-platform] [hivemq] [88695fbf]                  |_|  |_||_|  \_/  \___||_|  |_| \___\_\
2025-01-28 23:35:22,718 INFO c.h.h.t.HelmChartContainer - [test-hivemq-platform] [hivemq] [88695fbf] 
2025-01-28 23:35:22,718 INFO c.h.h.t.HelmChartContainer - [test-hivemq-platform] [hivemq] [88695fbf] -------------------------------------------------------------------------
2025-01-28 23:35:22,718 INFO c.h.h.t.HelmChartContainer - [test-hivemq-platform] [hivemq] [88695fbf] 
2025-01-28 23:35:22,718 INFO c.h.h.t.HelmChartContainer - [test-hivemq-platform] [hivemq] [88695fbf]   HiveMQ Start Script for Linux/Unix v1.14
2025-01-28 23:35:22,718 INFO c.h.h.t.HelmChartContainer - [test-hivemq-platform] [hivemq] [88695fbf] 
2025-01-28 23:35:22,745 INFO c.h.h.t.HelmChartContainer - [test-hivemq-platform] [hivemq] [88695fbf] -------------------------------------------------------------------------
2025-01-28 23:35:22,745 INFO c.h.h.t.HelmChartContainer - [test-hivemq-platform] [hivemq] [88695fbf] 
2025-01-28 23:35:22,745 INFO c.h.h.t.HelmChartContainer - [test-hivemq-platform] [hivemq] [88695fbf]   HIVEMQ_HOME: /opt/hivemq
2025-01-28 23:35:22,745 INFO c.h.h.t.HelmChartContainer - [test-hivemq-platform] [hivemq] [88695fbf] 
2025-01-28 23:35:22,745 INFO c.h.h.t.HelmChartContainer - [test-hivemq-platform] [hivemq] [88695fbf]   JAVA_OPTS: -XX:+UnlockExperimentalVMOptions -XX:InitialRAMPercentage=50 -XX:MaxRAMPercentage=50 -Djava.net.preferIPv4Stack=true --add-opens java.base/java.lang=ALL-UNNAMED --add-opens java.base/java.nio=ALL-UNNAMED --add-opens java.base/sun.nio.ch=ALL-UNNAMED --add-opens jdk.management/com.sun.management.internal=ALL-UNNAMED --add-exports java.base/jdk.internal.misc=ALL-UNNAMED -Djava.security.egd=file:/dev/./urandom -Dcom.sun.management.jmxremote -Dcom.sun.management.jmxremote.port=9010 -Dcom.sun.management.jmxremote.local.only=false -Dcom.sun.management.jmxremote.authenticate=false -Dcom.sun.management.jmxremote.ssl=false -Duser.language=en -Duser.region=US -XX:+CrashOnOutOfMemoryError -XX:+HeapDumpOnOutOfMemoryError
2025-01-28 23:35:22,745 INFO c.h.h.t.HelmChartContainer - [test-hivemq-platform] [hivemq] [88695fbf] 
2025-01-28 23:35:22,745 INFO c.h.h.t.HelmChartContainer - [test-hivemq-platform] [hivemq] [88695fbf]   JAVA_VERSION: 21
2025-01-28 23:35:22,745 INFO c.h.h.t.HelmChartContainer - [test-hivemq-platform] [hivemq] [88695fbf] 
2025-01-28 23:35:22,745 INFO c.h.h.t.HelmChartContainer - [test-hivemq-platform] [hivemq] [88695fbf] -------------------------------------------------------------------------
2025-01-28 23:35:22,745 INFO c.h.h.t.HelmChartContainer - [test-hivemq-platform] [hivemq] [88695fbf] 
2025-01-28 23:35:24,226 INFO c.h.h.t.HelmChartContainer - [test-hivemq-platform] [hivemq] [88695fbf] INFO  - [HiveMQ Platform Operator Init App 1.7.0-SNAPSHOT] Returning default Health API response 503 for readiness
2025-01-28 23:35:24,632 INFO c.h.h.t.HelmChartContainer - [EVENT] Warning [Unhealthy] Readiness probe failed: HTTP probe failed with statuscode: 503 [helmcustomconfigit:test-hivemq-platform-0]
2025-01-28 23:35:24,632 INFO c.h.h.t.HelmChartContainer - Received Unhealthy event for container hivemq in pod test-hivemq-platform-0 [88695fbf-ba73-4c58-b539-d785eec8ac8b]
2025-01-28 23:35:25,422 INFO c.h.h.t.HelmChartContainer - [test-hivemq-platform] [hivemq] [88695fbf] INFO  - Starting HiveMQ Enterprise Server
2025-01-28 23:35:25,429 INFO c.h.h.t.HelmChartContainer - [test-hivemq-platform] [hivemq] [88695fbf] INFO  - HiveMQ version: 4.36.0
2025-01-28 23:35:25,429 INFO c.h.h.t.HelmChartContainer - [test-hivemq-platform] [hivemq] [88695fbf] INFO  - HiveMQ home directory: /opt/hivemq
2025-01-28 23:35:25,429 INFO c.h.h.t.HelmChartContainer - [test-hivemq-platform] [hivemq] [88695fbf] INFO  - Log Configuration was overridden by /opt/hivemq/conf/logback.xml
2025-01-28 23:35:26,534 INFO c.h.h.t.HelmChartContainer - [test-hivemq-platform] [hivemq] [88695fbf] INFO  - Successfully loaded configuration from '/opt/hivemq/conf-k8s/config.xml'.
2025-01-28 23:35:27,317 INFO c.h.h.t.HelmChartContainer - [test-hivemq-platform] [hivemq] [88695fbf] INFO  - This node's ID is Tri0Z
2025-01-28 23:35:27,317 INFO c.h.h.t.HelmChartContainer - [test-hivemq-platform] [hivemq] [88695fbf] INFO  - Clustering is enabled
2025-01-28 23:35:28,348 INFO c.h.h.t.HelmChartContainer - [hivemq-test-hivemq-platform] [hivemq-platform-operator] [af3bfc8c] 23:35:28.344 [pool-6-thread-18] DEBUG c.h.p.o.d.PlatformServiceResource - [helmcust] Desired Platform services (3 services)
2025-01-28 23:35:28,350 INFO c.h.h.t.HelmChartContainer - [hivemq-test-hivemq-platform] [hivemq-platform-operator] [af3bfc8c] 23:35:28.345 [pool-6-thread-15] DEBUG c.h.p.o.dependants.PodInfoConfigMap - [helmcust] Desired PodInfo ConfigMap (1 extensions) (1 enabled)
2025-01-28 23:35:28,350 INFO c.h.h.t.HelmChartContainer - [hivemq-test-hivemq-platform] [hivemq-platform-operator] [af3bfc8c] 23:35:28.348 [pool-6-thread-15] DEBUG c.h.p.o.dependants.PodInfoConfigMap - [helmcust] Desired PodInfo ConfigMap (metrics port: 9399) (metrics path: /)
2025-01-28 23:35:28,350 INFO c.h.h.t.HelmChartContainer - [hivemq-test-hivemq-platform] [hivemq-platform-operator] [af3bfc8c] 23:35:28.348 [pool-6-thread-15] DEBUG c.h.p.o.dependants.PodInfoConfigMap - [helmcust] Desired PodInfo ConfigMap (extension state hash: -1817474005)
2025-01-28 23:35:28,352 INFO c.h.h.t.HelmChartContainer - [hivemq-test-hivemq-platform] [hivemq-platform-operator] [af3bfc8c] 23:35:28.351 [pool-6-thread-19] DEBUG c.h.p.o.d.PodServiceAccountResource - [helmcust] Desired PodServiceAccountResource (serviceAccountName: hivemq-platform-pod-test-hivemq-platform)
2025-01-28 23:35:28,354 INFO c.h.h.t.HelmChartContainer - [hivemq-test-hivemq-platform] [hivemq-platform-operator] [af3bfc8c] 23:35:28.352 [pool-6-thread-14] DEBUG c.h.p.o.d.StatefulSetResource - [helmcust] Desired StatefulSet (2 replicas) for status STARTING (READY)
2025-01-28 23:35:28,360 INFO c.h.h.t.HelmChartContainer - [hivemq-test-hivemq-platform] [hivemq-platform-operator] [af3bfc8c] 23:35:28.358 [ReconcilerExecutor-hivemq-controller-110] INFO  c.h.p.o.HiveMQPlatformReconciler - [helmcust] Reconciling HiveMQ Platform 'test-hivemq-platform' in namespace 'helmcustomconfigit'
2025-01-28 23:35:28,361 INFO c.h.h.t.HelmChartContainer - [hivemq-test-hivemq-platform] [hivemq-platform-operator] [af3bfc8c] 23:35:28.359 [ReconcilerExecutor-hivemq-controller-110] DEBUG c.h.p.o.HiveMQPlatformReconciler - [helmcust] Custom Resource Status STARTING - HiveMQ Platform is starting (READY)
2025-01-28 23:35:28,361 INFO c.h.h.t.HelmChartContainer - [hivemq-test-hivemq-platform] [hivemq-platform-operator] [af3bfc8c] 23:35:28.359 [ReconcilerExecutor-hivemq-controller-110] DEBUG c.h.p.o.HiveMQPlatformReconciler - [helmcust] Custom Resource Spec (replicas: 2) (extensions: 1)
2025-01-28 23:35:28,427 INFO c.h.h.t.HelmChartContainer - [hivemq-test-hivemq-platform] [hivemq-platform-operator] [af3bfc8c] 23:35:28.425 [ReconcilerExecutor-hivemq-controller-110] DEBUG c.h.p.o.HiveMQPlatformReconciler - [helmcust] StatefulSet Status (revision: test-hivemq-platform-86bfbd5557, replicas: 1, available: 0, ready: 0, current: 1, updated: 1)
2025-01-28 23:35:28,427 INFO c.h.h.t.HelmChartContainer - [hivemq-test-hivemq-platform] [hivemq-platform-operator] [af3bfc8c] 23:35:28.425 [ReconcilerExecutor-hivemq-controller-110] DEBUG c.h.p.o.HiveMQPlatformReconciler - [helmcust] StatefulSet Spec (replicas: 2, init containers: 1, containers: 1, volumes: 3)
2025-01-28 23:35:28,429 INFO c.h.h.t.HelmChartContainer - [hivemq-test-hivemq-platform] [hivemq-platform-operator] [af3bfc8c] 23:35:28.428 [ReconcilerExecutor-hivemq-controller-110] DEBUG c.h.p.o.h.HiveMQPlatformReconcilerErrorHandler - [helmcust] Pod 'test-hivemq-platform-0' phase Running
2025-01-28 23:35:28,432 INFO c.h.h.t.HelmChartContainer - [hivemq-test-hivemq-platform] [hivemq-platform-operator] [af3bfc8c] 23:35:28.429 [ReconcilerExecutor-hivemq-controller-110] INFO  c.h.p.o.h.HiveMQPlatformReconcilerBaseHandler - [helmcust] HiveMQ Platform is starting, 0 of 2 replicas are ready
2025-01-28 23:35:29,627 INFO c.h.h.t.HelmChartContainer - [test-hivemq-platform] [hivemq] [88695fbf] WARN  - [HiveMQ Platform Operator Init App 1.7.0-SNAPSHOT] Cannot connect to Health API for readiness: null
2025-01-28 23:35:29,632 INFO c.h.h.t.HelmChartContainer - [EVENT] Warning [Unhealthy] Readiness probe failed: HTTP probe failed with statuscode: 503 [helmcustomconfigit:test-hivemq-platform-0]
2025-01-28 23:35:29,632 INFO c.h.h.t.HelmChartContainer - Received Unhealthy event for container hivemq in pod test-hivemq-platform-0 [88695fbf-ba73-4c58-b539-d785eec8ac8b]
2025-01-28 23:35:31,927 INFO c.h.h.t.HelmChartContainer - [test-hivemq-platform] [hivemq] [88695fbf] Jan 28, 2025 11:35:31 PM io.vertx.core.impl.BlockedThreadChecker
2025-01-28 23:35:31,927 INFO c.h.h.t.HelmChartContainer - [test-hivemq-platform] [hivemq] [88695fbf] WARNING: Thread Thread[vert.x-eventloop-thread-1,5,main] has been blocked for 2402 ms, time limit is 2000 ms
2025-01-28 23:35:32,419 INFO c.h.h.t.HelmChartContainer - [test-hivemq-platform] [hivemq] [88695fbf] INFO  - [HiveMQ Platform Operator Init App 1.7.0-SNAPSHOT] Updating Pod HiveMQ Platform Operator Init App version annotation (version: 1.7.0-SNAPSHOT)
2025-01-28 23:35:32,935 INFO c.h.h.t.HelmChartContainer - [POD] test-hivemq-platform-0 [88695fbf-ba73-4c58-b539-d785eec8ac8b] in helmcustomconfigit was MODIFIED
2025-01-28 23:35:32,943 INFO c.h.h.t.HelmChartContainer - [hivemq-test-hivemq-platform] [hivemq-platform-operator] [af3bfc8c] 23:35:32.941 [pool-6-thread-21] DEBUG c.h.p.o.d.PlatformServiceResource - [helmcust] Desired Platform services (3 services)
2025-01-28 23:35:32,943 INFO c.h.h.t.HelmChartContainer - [hivemq-test-hivemq-platform] [hivemq-platform-operator] [af3bfc8c] 23:35:32.942 [pool-6-thread-24] DEBUG c.h.p.o.dependants.PodInfoConfigMap - [helmcust] Desired PodInfo ConfigMap (1 extensions) (1 enabled)
2025-01-28 23:35:32,943 INFO c.h.h.t.HelmChartContainer - [hivemq-test-hivemq-platform] [hivemq-platform-operator] [af3bfc8c] 23:35:32.942 [pool-6-thread-24] DEBUG c.h.p.o.dependants.PodInfoConfigMap - [helmcust] Desired PodInfo ConfigMap (metrics port: 9399) (metrics path: /)
2025-01-28 23:35:32,943 INFO c.h.h.t.HelmChartContainer - [hivemq-test-hivemq-platform] [hivemq-platform-operator] [af3bfc8c] 23:35:32.942 [pool-6-thread-24] DEBUG c.h.p.o.dependants.PodInfoConfigMap - [helmcust] Desired PodInfo ConfigMap (extension state hash: -1817474005)
2025-01-28 23:35:32,946 INFO c.h.h.t.HelmChartContainer - [hivemq-test-hivemq-platform] [hivemq-platform-operator] [af3bfc8c] 23:35:32.945 [pool-6-thread-24] DEBUG c.h.p.o.d.PodServiceAccountResource - [helmcust] Desired PodServiceAccountResource (serviceAccountName: hivemq-platform-pod-test-hivemq-platform)
2025-01-28 23:35:32,950 INFO c.h.h.t.HelmChartContainer - [hivemq-test-hivemq-platform] [hivemq-platform-operator] [af3bfc8c] 23:35:32.949 [pool-6-thread-21] DEBUG c.h.p.o.d.StatefulSetResource - [helmcust] Desired StatefulSet (2 replicas) for status STARTING (READY)
2025-01-28 23:35:33,020 INFO c.h.h.t.HelmChartContainer - [test-hivemq-platform] [hivemq] [88695fbf] WARN  - [HiveMQ Platform Operator Init App 1.7.0-SNAPSHOT] Cannot connect to Health API for readiness: null
2025-01-28 23:35:33,025 INFO c.h.h.t.HelmChartContainer - [EVENT] Warning [Unhealthy] Readiness probe failed: HTTP probe failed with statuscode: 503 [helmcustomconfigit:test-hivemq-platform-0]
2025-01-28 23:35:33,025 INFO c.h.h.t.HelmChartContainer - Received Unhealthy event for container hivemq in pod test-hivemq-platform-0 [88695fbf-ba73-4c58-b539-d785eec8ac8b]
2025-01-28 23:35:33,025 INFO c.h.h.t.HelmChartContainer - [test-hivemq-platform] [hivemq] [88695fbf] INFO  - [HiveMQ Platform Operator Init App 1.7.0-SNAPSHOT] Successfully updated Pod HiveMQ Platform Operator Init App version annotation (version: 1.7.0-SNAPSHOT)
2025-01-28 23:35:33,027 INFO c.h.h.t.HelmChartContainer - [hivemq-test-hivemq-platform] [hivemq-platform-operator] [af3bfc8c] 23:35:33.025 [ReconcilerExecutor-hivemq-controller-111] INFO  c.h.p.o.HiveMQPlatformReconciler - [helmcust] Reconciling HiveMQ Platform 'test-hivemq-platform' in namespace 'helmcustomconfigit'
2025-01-28 23:35:33,028 INFO c.h.h.t.HelmChartContainer - [hivemq-test-hivemq-platform] [hivemq-platform-operator] [af3bfc8c] 23:35:33.025 [ReconcilerExecutor-hivemq-controller-111] DEBUG c.h.p.o.HiveMQPlatformReconciler - [helmcust] Custom Resource Status STARTING - HiveMQ Platform is starting (READY)
2025-01-28 23:35:33,028 INFO c.h.h.t.HelmChartContainer - [hivemq-test-hivemq-platform] [hivemq-platform-operator] [af3bfc8c] 23:35:33.026 [ReconcilerExecutor-hivemq-controller-111] DEBUG c.h.p.o.HiveMQPlatformReconciler - [helmcust] Custom Resource Spec (replicas: 2) (extensions: 1)
2025-01-28 23:35:33,029 INFO c.h.h.t.HelmChartContainer - [hivemq-test-hivemq-platform] [hivemq-platform-operator] [af3bfc8c] 23:35:33.028 [ReconcilerExecutor-hivemq-controller-111] DEBUG c.h.p.o.HiveMQPlatformReconciler - [helmcust] StatefulSet Status (revision: test-hivemq-platform-86bfbd5557, replicas: 1, available: 0, ready: 0, current: 1, updated: 1)
2025-01-28 23:35:33,031 INFO c.h.h.t.HelmChartContainer - [hivemq-test-hivemq-platform] [hivemq-platform-operator] [af3bfc8c] 23:35:33.028 [ReconcilerExecutor-hivemq-controller-111] DEBUG c.h.p.o.HiveMQPlatformReconciler - [helmcust] StatefulSet Spec (replicas: 2, init containers: 1, containers: 1, volumes: 3)
2025-01-28 23:35:33,031 INFO c.h.h.t.HelmChartContainer - [hivemq-test-hivemq-platform] [hivemq-platform-operator] [af3bfc8c] 23:35:33.029 [ReconcilerExecutor-hivemq-controller-111] DEBUG c.h.p.o.h.HiveMQPlatformReconcilerErrorHandler - [helmcust] Pod 'test-hivemq-platform-0' phase Running
2025-01-28 23:35:33,031 INFO c.h.h.t.HelmChartContainer - [hivemq-test-hivemq-platform] [hivemq-platform-operator] [af3bfc8c] 23:35:33.030 [ReconcilerExecutor-hivemq-controller-111] INFO  c.h.p.o.h.HiveMQPlatformReconcilerBaseHandler - [helmcust] HiveMQ Platform is starting, 0 of 2 replicas are ready
2025-01-28 23:35:38,021 INFO c.h.h.t.HelmChartContainer - [test-hivemq-platform] [hivemq] [88695fbf] WARN  - [HiveMQ Platform Operator Init App 1.7.0-SNAPSHOT] Cannot connect to Health API for readiness: null
2025-01-28 23:35:38,024 INFO c.h.h.t.HelmChartContainer - [EVENT] Warning [Unhealthy] Readiness probe failed: HTTP probe failed with statuscode: 503 [helmcustomconfigit:test-hivemq-platform-0]
2025-01-28 23:35:38,025 INFO c.h.h.t.HelmChartContainer - Received Unhealthy event for container hivemq in pod test-hivemq-platform-0 [88695fbf-ba73-4c58-b539-d785eec8ac8b]
2025-01-28 23:35:43,018 INFO c.h.h.t.HelmChartContainer - [test-hivemq-platform] [hivemq] [88695fbf] WARN  - [HiveMQ Platform Operator Init App 1.7.0-SNAPSHOT] Cannot connect to Health API for readiness: null
2025-01-28 23:35:43,023 INFO c.h.h.t.HelmChartContainer - [EVENT] Warning [Unhealthy] Readiness probe failed: HTTP probe failed with statuscode: 503 [helmcustomconfigit:test-hivemq-platform-0]
2025-01-28 23:35:43,023 INFO c.h.h.t.HelmChartContainer - Received Unhealthy event for container hivemq in pod test-hivemq-platform-0 [88695fbf-ba73-4c58-b539-d785eec8ac8b]
2025-01-28 23:35:43,037 INFO c.h.h.t.HelmChartContainer - [hivemq-test-hivemq-platform] [hivemq-platform-operator] [af3bfc8c] 23:35:43.034 [pool-6-thread-37] DEBUG c.h.p.o.d.PlatformServiceResource - [helmcust] Desired Platform services (3 services)
2025-01-28 23:35:43,039 INFO c.h.h.t.HelmChartContainer - [hivemq-test-hivemq-platform] [hivemq-platform-operator] [af3bfc8c] 23:35:43.035 [pool-6-thread-36] DEBUG c.h.p.o.dependants.PodInfoConfigMap - [helmcust] Desired PodInfo ConfigMap (1 extensions) (1 enabled)
2025-01-28 23:35:43,040 INFO c.h.h.t.HelmChartContainer - [hivemq-test-hivemq-platform] [hivemq-platform-operator] [af3bfc8c] 23:35:43.035 [pool-6-thread-36] DEBUG c.h.p.o.dependants.PodInfoConfigMap - [helmcust] Desired PodInfo ConfigMap (metrics port: 9399) (metrics path: /)
2025-01-28 23:35:43,041 INFO c.h.h.t.HelmChartContainer - [hivemq-test-hivemq-platform] [hivemq-platform-operator] [af3bfc8c] 23:35:43.035 [pool-6-thread-36] DEBUG c.h.p.o.dependants.PodInfoConfigMap - [helmcust] Desired PodInfo ConfigMap (extension state hash: -1817474005)
2025-01-28 23:35:43,041 INFO c.h.h.t.HelmChartContainer - [hivemq-test-hivemq-platform] [hivemq-platform-operator] [af3bfc8c] 23:35:43.037 [pool-6-thread-33] DEBUG c.h.p.o.d.PodServiceAccountResource - [helmcust] Desired PodServiceAccountResource (serviceAccountName: hivemq-platform-pod-test-hivemq-platform)
2025-01-28 23:35:43,043 INFO c.h.h.t.HelmChartContainer - [hivemq-test-hivemq-platform] [hivemq-platform-operator] [af3bfc8c] 23:35:43.042 [pool-6-thread-37] DEBUG c.h.p.o.d.StatefulSetResource - [helmcust] Desired StatefulSet (2 replicas) for status STARTING (READY)
2025-01-28 23:35:43,047 INFO c.h.h.t.HelmChartContainer - [hivemq-test-hivemq-platform] [hivemq-platform-operator] [af3bfc8c] 23:35:43.046 [ReconcilerExecutor-hivemq-controller-112] INFO  c.h.p.o.HiveMQPlatformReconciler - [helmcust] Reconciling HiveMQ Platform 'test-hivemq-platform' in namespace 'helmcustomconfigit'
2025-01-28 23:35:43,047 INFO c.h.h.t.HelmChartContainer - [hivemq-test-hivemq-platform] [hivemq-platform-operator] [af3bfc8c] 23:35:43.046 [ReconcilerExecutor-hivemq-controller-112] DEBUG c.h.p.o.HiveMQPlatformReconciler - [helmcust] Custom Resource Status STARTING - HiveMQ Platform is starting (READY)
2025-01-28 23:35:43,047 INFO c.h.h.t.HelmChartContainer - [hivemq-test-hivemq-platform] [hivemq-platform-operator] [af3bfc8c] 23:35:43.046 [ReconcilerExecutor-hivemq-controller-112] DEBUG c.h.p.o.HiveMQPlatformReconciler - [helmcust] Custom Resource Spec (replicas: 2) (extensions: 1)
2025-01-28 23:35:43,050 INFO c.h.h.t.HelmChartContainer - [hivemq-test-hivemq-platform] [hivemq-platform-operator] [af3bfc8c] 23:35:43.047 [ReconcilerExecutor-hivemq-controller-112] DEBUG c.h.p.o.HiveMQPlatformReconciler - [helmcust] StatefulSet Status (revision: test-hivemq-platform-86bfbd5557, replicas: 1, available: 0, ready: 0, current: 1, updated: 1)
2025-01-28 23:35:43,050 INFO c.h.h.t.HelmChartContainer - [hivemq-test-hivemq-platform] [hivemq-platform-operator] [af3bfc8c] 23:35:43.047 [ReconcilerExecutor-hivemq-controller-112] DEBUG c.h.p.o.HiveMQPlatformReconciler - [helmcust] StatefulSet Spec (replicas: 2, init containers: 1, containers: 1, volumes: 3)
2025-01-28 23:35:43,052 INFO c.h.h.t.HelmChartContainer - [hivemq-test-hivemq-platform] [hivemq-platform-operator] [af3bfc8c] 23:35:43.049 [ReconcilerExecutor-hivemq-controller-112] DEBUG c.h.p.o.h.HiveMQPlatformReconcilerErrorHandler - [helmcust] Pod 'test-hivemq-platform-0' phase Running
2025-01-28 23:35:43,052 INFO c.h.h.t.HelmChartContainer - [hivemq-test-hivemq-platform] [hivemq-platform-operator] [af3bfc8c] 23:35:43.050 [ReconcilerExecutor-hivemq-controller-112] INFO  c.h.p.o.h.HiveMQPlatformReconcilerBaseHandler - [helmcust] HiveMQ Platform is starting, 0 of 2 replicas are ready
2025-01-28 23:35:43,343 INFO c.h.h.t.HelmChartContainer - [test-hivemq-platform] [hivemq] [88695fbf] INFO  - No valid license file found. Using trial license, restricted to 25 connections.
2025-01-28 23:35:44,419 INFO c.h.h.t.HelmChartContainer - [test-hivemq-platform] [hivemq] [88695fbf] WARN  - [HiveMQ Platform Operator Init App 1.7.0-SNAPSHOT] Cannot connect to Health API for liveness: null
2025-01-28 23:35:44,419 INFO c.h.h.t.HelmChartContainer - [test-hivemq-platform] [hivemq] [88695fbf] INFO  - [HiveMQ Platform Operator Init App 1.7.0-SNAPSHOT] Returning default Health API response 200 for liveness
2025-01-28 23:35:47,321 INFO c.h.h.t.HelmChartContainer - [test-hivemq-platform] [hivemq] [88695fbf] INFO  - No valid license file for Data Hub found. Using free license, restricted to 1 policy.
2025-01-28 23:35:47,938 INFO c.h.h.t.HelmChartContainer - [test-hivemq-platform] [hivemq] [88695fbf] WARN  - [HiveMQ Platform Operator Init App 1.7.0-SNAPSHOT] Cannot connect to Health API for readiness: null
2025-01-28 23:35:47,942 INFO c.h.h.t.HelmChartContainer - [EVENT] Warning [Unhealthy] Readiness probe failed: HTTP probe failed with statuscode: 503 [helmcustomconfigit:test-hivemq-platform-0]
2025-01-28 23:35:47,943 INFO c.h.h.t.HelmChartContainer - Received Unhealthy event for container hivemq in pod test-hivemq-platform-0 [88695fbf-ba73-4c58-b539-d785eec8ac8b]
2025-01-28 23:35:48,522 INFO c.h.h.t.HelmChartContainer - [test-hivemq-platform] [hivemq] [88695fbf] INFO  - Audit Logger started.
2025-01-28 23:35:48,818 INFO c.h.h.t.HelmChartContainer - [test-hivemq-platform] [hivemq] [88695fbf] INFO  - This node uses '1' CPU cores.
2025-01-28 23:35:48,823 INFO c.h.h.t.HelmChartContainer - [test-hivemq-platform] [hivemq] [88695fbf] INFO  - Starting HiveMQ Health API on address 0.0.0.0 and port 8889
2025-01-28 23:35:49,526 INFO c.h.h.t.HelmChartContainer - [test-hivemq-platform] [hivemq] [88695fbf] INFO  - Started HiveMQ Health API in 703ms
2025-01-28 23:35:50,223 INFO c.h.h.t.HelmChartContainer - [test-hivemq-platform] [hivemq] [88695fbf] INFO  - Starting HiveMQ extension system.
2025-01-28 23:35:50,523 INFO c.h.h.t.HelmChartContainer - [test-hivemq-platform] [hivemq] [88695fbf] INFO  - Starting extension with id "hivemq-dns-cluster-discovery" at /opt/hivemq/extensions/hivemq-dns-cluster-discovery
2025-01-28 23:35:51,027 INFO c.h.h.t.HelmChartContainer - [test-hivemq-platform] [hivemq] [88695fbf] INFO  - Using TCP cluster transport on address 10.42.0.8 and port 7000
2025-01-28 23:35:51,118 INFO c.h.h.t.HelmChartContainer - [test-hivemq-platform] [hivemq] [88695fbf] INFO  - Using extension cluster discovery
2025-01-28 23:35:51,119 INFO c.h.h.t.HelmChartContainer - [test-hivemq-platform] [hivemq] [88695fbf] INFO  - Extension "DNS Cluster Discovery Extension" version 4.3.2 started successfully.
2025-01-28 23:35:51,119 INFO c.h.h.t.HelmChartContainer - [test-hivemq-platform] [hivemq] [88695fbf] INFO  - Starting extension with id "hivemq-prometheus-extension" at /opt/hivemq/extensions/hivemq-prometheus-extension
2025-01-28 23:35:51,924 INFO c.h.h.t.HelmChartContainer - [test-hivemq-platform] [hivemq] [88695fbf] INFO  - Started Jetty Server exposing Prometheus Servlet on URI http://0.0.0.0:9399/
2025-01-28 23:35:51,926 INFO c.h.h.t.HelmChartContainer - [test-hivemq-platform] [hivemq] [88695fbf] INFO  - Extension "Prometheus Monitoring Extension" version 4.0.12 started successfully.
2025-01-28 23:35:51,926 INFO c.h.h.t.HelmChartContainer - [test-hivemq-platform] [hivemq] [88695fbf] INFO  - Starting extension with id "hivemq-allow-all-extension" at /opt/hivemq/extensions/hivemq-allow-all-extension
2025-01-28 23:35:51,926 INFO c.h.h.t.HelmChartContainer - [test-hivemq-platform] [hivemq] [88695fbf] WARN  - 
2025-01-28 23:35:51,926 INFO c.h.h.t.HelmChartContainer - [test-hivemq-platform] [hivemq] [88695fbf] ################################################################################################################
2025-01-28 23:35:51,926 INFO c.h.h.t.HelmChartContainer - [test-hivemq-platform] [hivemq] [88695fbf] # This HiveMQ deployment is not secure! You are lacking Authentication and Authorization.                      #
2025-01-28 23:35:51,926 INFO c.h.h.t.HelmChartContainer - [test-hivemq-platform] [hivemq] [88695fbf] # Right now any MQTT client can connect to the broker with a full set of permissions.                          #
2025-01-28 23:35:51,926 INFO c.h.h.t.HelmChartContainer - [test-hivemq-platform] [hivemq] [88695fbf] # For production usage, add an appropriate security extension and remove the hivemq-allow-all extension.       #
2025-01-28 23:35:51,926 INFO c.h.h.t.HelmChartContainer - [test-hivemq-platform] [hivemq] [88695fbf] # You can download security extensions from the HiveMQ Marketplace (https://www.hivemq.com/extensions/).       #
2025-01-28 23:35:51,926 INFO c.h.h.t.HelmChartContainer - [test-hivemq-platform] [hivemq] [88695fbf] ################################################################################################################
2025-01-28 23:35:51,926 INFO c.h.h.t.HelmChartContainer - [test-hivemq-platform] [hivemq] [88695fbf] INFO  - Extension "Allow All Extension" version 1.1.1 started successfully.
2025-01-28 23:35:53,058 INFO c.h.h.t.HelmChartContainer - [hivemq-test-hivemq-platform] [hivemq-platform-operator] [af3bfc8c] 23:35:53.054 [pool-6-thread-45] DEBUG c.h.p.o.d.PlatformServiceResource - [helmcust] Desired Platform services (3 services)
2025-01-28 23:35:53,060 INFO c.h.h.t.HelmChartContainer - [hivemq-test-hivemq-platform] [hivemq-platform-operator] [af3bfc8c] 23:35:53.055 [pool-6-thread-42] DEBUG c.h.p.o.dependants.PodInfoConfigMap - [helmcust] Desired PodInfo ConfigMap (1 extensions) (1 enabled)
2025-01-28 23:35:53,060 INFO c.h.h.t.HelmChartContainer - [hivemq-test-hivemq-platform] [hivemq-platform-operator] [af3bfc8c] 23:35:53.055 [pool-6-thread-42] DEBUG c.h.p.o.dependants.PodInfoConfigMap - [helmcust] Desired PodInfo ConfigMap (metrics port: 9399) (metrics path: /)
2025-01-28 23:35:53,060 INFO c.h.h.t.HelmChartContainer - [hivemq-test-hivemq-platform] [hivemq-platform-operator] [af3bfc8c] 23:35:53.055 [pool-6-thread-42] DEBUG c.h.p.o.dependants.PodInfoConfigMap - [helmcust] Desired PodInfo ConfigMap (extension state hash: -1817474005)
2025-01-28 23:35:53,060 INFO c.h.h.t.HelmChartContainer - [hivemq-test-hivemq-platform] [hivemq-platform-operator] [af3bfc8c] 23:35:53.056 [pool-6-thread-42] DEBUG c.h.p.o.d.PodServiceAccountResource - [helmcust] Desired PodServiceAccountResource (serviceAccountName: hivemq-platform-pod-test-hivemq-platform)
2025-01-28 23:35:53,064 INFO c.h.h.t.HelmChartContainer - [hivemq-test-hivemq-platform] [hivemq-platform-operator] [af3bfc8c] 23:35:53.063 [pool-6-thread-45] DEBUG c.h.p.o.d.StatefulSetResource - [helmcust] Desired StatefulSet (2 replicas) for status STARTING (READY)
2025-01-28 23:35:53,069 INFO c.h.h.t.HelmChartContainer - [hivemq-test-hivemq-platform] [hivemq-platform-operator] [af3bfc8c] 23:35:53.069 [ReconcilerExecutor-hivemq-controller-113] INFO  c.h.p.o.HiveMQPlatformReconciler - [helmcust] Reconciling HiveMQ Platform 'test-hivemq-platform' in namespace 'helmcustomconfigit'
2025-01-28 23:35:53,070 INFO c.h.h.t.HelmChartContainer - [hivemq-test-hivemq-platform] [hivemq-platform-operator] [af3bfc8c] 23:35:53.069 [ReconcilerExecutor-hivemq-controller-113] DEBUG c.h.p.o.HiveMQPlatformReconciler - [helmcust] Custom Resource Status STARTING - HiveMQ Platform is starting (READY)
2025-01-28 23:35:53,070 INFO c.h.h.t.HelmChartContainer - [hivemq-test-hivemq-platform] [hivemq-platform-operator] [af3bfc8c] 23:35:53.069 [ReconcilerExecutor-hivemq-controller-113] DEBUG c.h.p.o.HiveMQPlatformReconciler - [helmcust] Custom Resource Spec (replicas: 2) (extensions: 1)
2025-01-28 23:35:53,072 INFO c.h.h.t.HelmChartContainer - [hivemq-test-hivemq-platform] [hivemq-platform-operator] [af3bfc8c] 23:35:53.071 [ReconcilerExecutor-hivemq-controller-113] DEBUG c.h.p.o.HiveMQPlatformReconciler - [helmcust] StatefulSet Status (revision: test-hivemq-platform-86bfbd5557, replicas: 1, available: 0, ready: 0, current: 1, updated: 1)
2025-01-28 23:35:53,072 INFO c.h.h.t.HelmChartContainer - [hivemq-test-hivemq-platform] [hivemq-platform-operator] [af3bfc8c] 23:35:53.071 [ReconcilerExecutor-hivemq-controller-113] DEBUG c.h.p.o.HiveMQPlatformReconciler - [helmcust] StatefulSet Spec (replicas: 2, init containers: 1, containers: 1, volumes: 3)
2025-01-28 23:35:53,073 INFO c.h.h.t.HelmChartContainer - [hivemq-test-hivemq-platform] [hivemq-platform-operator] [af3bfc8c] 23:35:53.073 [ReconcilerExecutor-hivemq-controller-113] DEBUG c.h.p.o.h.HiveMQPlatformReconcilerErrorHandler - [helmcust] Pod 'test-hivemq-platform-0' phase Running
2025-01-28 23:35:53,074 INFO c.h.h.t.HelmChartContainer - [hivemq-test-hivemq-platform] [hivemq-platform-operator] [af3bfc8c] 23:35:53.073 [ReconcilerExecutor-hivemq-controller-113] INFO  c.h.p.o.h.HiveMQPlatformReconcilerBaseHandler - [helmcust] HiveMQ Platform is starting, 0 of 2 replicas are ready
2025-01-28 23:35:53,425 INFO c.h.h.t.HelmChartContainer - [test-hivemq-platform] [hivemq] [88695fbf] INFO  - [HiveMQ Platform Operator Init App 1.7.0-SNAPSHOT] Returning Health API response 503 for readiness
2025-01-28 23:35:53,429 INFO c.h.h.t.HelmChartContainer - [EVENT] Warning [Unhealthy] Readiness probe failed: HTTP probe failed with statuscode: 503 [helmcustomconfigit:test-hivemq-platform-0]
2025-01-28 23:35:53,429 INFO c.h.h.t.HelmChartContainer - Received Unhealthy event for container hivemq in pod test-hivemq-platform-0 [88695fbf-ba73-4c58-b539-d785eec8ac8b]
2025-01-28 23:35:54,130 INFO c.h.h.t.HelmChartContainer - [test-hivemq-platform] [hivemq] [88695fbf] INFO  - Tri0Z: no members discovered after 2511 ms: creating cluster as first member
2025-01-28 23:35:54,136 INFO c.h.h.t.HelmChartContainer - [test-hivemq-platform] [hivemq] [88695fbf] INFO  - Cluster nodes found by discovery: [Tri0Z|0] (1) [Tri0Z].
2025-01-28 23:35:54,217 INFO c.h.h.t.HelmChartContainer - [test-hivemq-platform] [hivemq] [88695fbf] WARN  - No user for HiveMQ Control Center configured. Starting with default user
2025-01-28 23:35:54,218 INFO c.h.h.t.HelmChartContainer - [test-hivemq-platform] [hivemq] [88695fbf] INFO  - Starting HiveMQ Control Center on address 0.0.0.0 and port 8080
2025-01-28 23:35:54,227 INFO c.h.h.t.HelmChartContainer - [test-hivemq-platform] [hivemq] [88695fbf] INFO  - Mounting HiveMQ Control Center V2 Preview
2025-01-28 23:35:54,730 INFO c.h.h.t.HelmChartContainer - [test-hivemq-platform] [hivemq] [88695fbf] INFO  - Started HiveMQ Control Center in 513ms
2025-01-28 23:35:54,744 INFO c.h.h.t.HelmChartContainer - [test-hivemq-platform] [hivemq] [88695fbf] INFO  - Starting TCP listener on address 0.0.0.0 and port 1883
2025-01-28 23:35:54,826 INFO c.h.h.t.HelmChartContainer - [test-hivemq-platform] [hivemq] [88695fbf] INFO  - Started TCP Listener on address 0.0.0.0 and on port 1883.
2025-01-28 23:35:54,827 INFO c.h.h.t.HelmChartContainer - [test-hivemq-platform] [hivemq] [88695fbf] INFO  - Started HiveMQ in 29709ms
2025-01-28 23:35:57,940 INFO c.h.h.t.HelmChartContainer - [test-hivemq-platform] [hivemq] [88695fbf] INFO  - [HiveMQ Platform Operator Init App 1.7.0-SNAPSHOT] Returning Health API response 200 for readiness
2025-01-28 23:35:57,953 INFO c.h.h.t.HelmChartContainer - [POD] test-hivemq-platform-0 [88695fbf-ba73-4c58-b539-d785eec8ac8b] in helmcustomconfigit was MODIFIED
2025-01-28 23:35:57,965 INFO c.h.h.t.HelmChartContainer - [hivemq-test-hivemq-platform] [hivemq-platform-operator] [af3bfc8c] 23:35:57.957 [pool-6-thread-6] DEBUG c.h.p.o.d.PlatformServiceResource - [helmcust] Desired Platform services (3 services)
2025-01-28 23:35:57,965 INFO c.h.h.t.HelmChartContainer - [hivemq-test-hivemq-platform] [hivemq-platform-operator] [af3bfc8c] 23:35:57.959 [pool-6-thread-5] DEBUG c.h.p.o.dependants.PodInfoConfigMap - [helmcust] Desired PodInfo ConfigMap (1 extensions) (1 enabled)
2025-01-28 23:35:57,965 INFO c.h.h.t.HelmChartContainer - [hivemq-test-hivemq-platform] [hivemq-platform-operator] [af3bfc8c] 23:35:57.959 [pool-6-thread-5] DEBUG c.h.p.o.dependants.PodInfoConfigMap - [helmcust] Desired PodInfo ConfigMap (metrics port: 9399) (metrics path: /)
2025-01-28 23:35:57,965 INFO c.h.h.t.HelmChartContainer - [hivemq-test-hivemq-platform] [hivemq-platform-operator] [af3bfc8c] 23:35:57.959 [pool-6-thread-5] DEBUG c.h.p.o.dependants.PodInfoConfigMap - [helmcust] Desired PodInfo ConfigMap (extension state hash: -1817474005)
2025-01-28 23:35:57,966 INFO c.h.h.t.HelmChartContainer - [hivemq-test-hivemq-platform] [hivemq-platform-operator] [af3bfc8c] 23:35:57.960 [pool-6-thread-5] DEBUG c.h.p.o.d.PodServiceAccountResource - [helmcust] Desired PodServiceAccountResource (serviceAccountName: hivemq-platform-pod-test-hivemq-platform)
2025-01-28 23:35:57,975 INFO c.h.h.t.HelmChartContainer - [POD] test-hivemq-platform-1 [7b6b8e9b-b0cd-4240-acf9-f01c542516b6] in helmcustomconfigit was ADDED
2025-01-28 23:35:57,977 INFO c.h.h.t.HelmChartContainer - [hivemq-test-hivemq-platform] [hivemq-platform-operator] [af3bfc8c] 23:35:57.970 [pool-6-thread-6] DEBUG c.h.p.o.d.StatefulSetResource - [helmcust] Desired StatefulSet (2 replicas) for status STARTING (READY)
2025-01-28 23:35:57,977 INFO c.h.h.t.HelmChartContainer - [hivemq-test-hivemq-platform] [hivemq-platform-operator] [af3bfc8c] 23:35:57.974 [ReconcilerExecutor-hivemq-controller-114] INFO  c.h.p.o.HiveMQPlatformReconciler - [helmcust] Reconciling HiveMQ Platform 'test-hivemq-platform' in namespace 'helmcustomconfigit'
2025-01-28 23:35:57,979 INFO c.h.h.t.HelmChartContainer - [hivemq-test-hivemq-platform] [hivemq-platform-operator] [af3bfc8c] 23:35:57.974 [ReconcilerExecutor-hivemq-controller-114] DEBUG c.h.p.o.HiveMQPlatformReconciler - [helmcust] Custom Resource Status STARTING - HiveMQ Platform is starting (READY)
2025-01-28 23:35:57,979 INFO c.h.h.t.HelmChartContainer - [hivemq-test-hivemq-platform] [hivemq-platform-operator] [af3bfc8c] 23:35:57.974 [ReconcilerExecutor-hivemq-controller-114] DEBUG c.h.p.o.HiveMQPlatformReconciler - [helmcust] Custom Resource Spec (replicas: 2) (extensions: 1)
2025-01-28 23:35:57,986 INFO c.h.h.t.HelmChartContainer - [POD] test-hivemq-platform-1 [7b6b8e9b-b0cd-4240-acf9-f01c542516b6] in helmcustomconfigit was MODIFIED
2025-01-28 23:35:57,990 INFO c.h.h.t.HelmChartContainer - [EVENT] Normal [Scheduled] Successfully assigned helmcustomconfigit/test-hivemq-platform-1 to 349c386a830b [helmcustomconfigit:test-hivemq-platform-1]
2025-01-28 23:35:57,990 INFO c.h.h.t.HelmChartContainer - [EVENT] Normal [SuccessfulCreate] create Pod test-hivemq-platform-1 in StatefulSet test-hivemq-platform successful [helmcustomconfigit:test-hivemq-platform]
2025-01-28 23:35:57,996 INFO c.h.h.t.HelmChartContainer - [POD] test-hivemq-platform-1 [7b6b8e9b-b0cd-4240-acf9-f01c542516b6] in helmcustomconfigit was MODIFIED
2025-01-28 23:35:58,028 INFO c.h.h.t.HelmChartContainer - [hivemq-test-hivemq-platform] [hivemq-platform-operator] [af3bfc8c] 23:35:57.976 [ReconcilerExecutor-hivemq-controller-114] DEBUG c.h.p.o.HiveMQPlatformReconciler - [helmcust] StatefulSet Status (revision: test-hivemq-platform-86bfbd5557, replicas: 1, available: 0, ready: 0, current: 1, updated: 1)
2025-01-28 23:35:58,028 INFO c.h.h.t.HelmChartContainer - [hivemq-test-hivemq-platform] [hivemq-platform-operator] [af3bfc8c] 23:35:58.026 [ReconcilerExecutor-hivemq-controller-114] DEBUG c.h.p.o.HiveMQPlatformReconciler - [helmcust] StatefulSet Spec (replicas: 2, init containers: 1, containers: 1, volumes: 3)
2025-01-28 23:35:58,062 INFO c.h.h.t.HelmChartContainer - [hivemq-test-hivemq-platform] [hivemq-platform-operator] [af3bfc8c] 23:35:58.060 [ReconcilerExecutor-hivemq-controller-114] DEBUG c.h.p.o.h.HiveMQPlatformReconcilerErrorHandler - [helmcust] Pod 'test-hivemq-platform-0' phase Running
2025-01-28 23:35:58,063 INFO c.h.h.t.HelmChartContainer - [hivemq-test-hivemq-platform] [hivemq-platform-operator] [af3bfc8c] 23:35:58.061 [ReconcilerExecutor-hivemq-controller-114] INFO  c.h.p.o.h.HiveMQPlatformReconcilerBaseHandler - [helmcust] HiveMQ Platform is starting, 0 of 2 replicas are ready
2025-01-28 23:35:58,066 INFO c.h.h.t.HelmChartContainer - [K3S] [reconciler_common.go:251] "operationExecutor.VerifyControllerAttachedVolume started for volume \"kube-api-access-45hm5\" (UniqueName: \"kubernetes.io/projected/7b6b8e9b-b0cd-4240-acf9-f01c542516b6-kube-api-access-45hm5\") pod \"test-hivemq-platform-1\" (UID: \"7b6b8e9b-b0cd-4240-acf9-f01c542516b6\") " pod="helmcustomconfigit/test-hivemq-platform-1"
2025-01-28 23:35:58,066 INFO c.h.h.t.HelmChartContainer - [K3S] [reconciler_common.go:251] "operationExecutor.VerifyControllerAttachedVolume started for volume \"broker-configuration\" (UniqueName: \"kubernetes.io/configmap/7b6b8e9b-b0cd-4240-acf9-f01c542516b6-broker-configuration\") pod \"test-hivemq-platform-1\" (UID: \"7b6b8e9b-b0cd-4240-acf9-f01c542516b6\") " pod="helmcustomconfigit/test-hivemq-platform-1"
2025-01-28 23:35:58,066 INFO c.h.h.t.HelmChartContainer - [K3S] [reconciler_common.go:251] "operationExecutor.VerifyControllerAttachedVolume started for volume \"pod-info\" (UniqueName: \"kubernetes.io/configmap/7b6b8e9b-b0cd-4240-acf9-f01c542516b6-pod-info\") pod \"test-hivemq-platform-1\" (UID: \"7b6b8e9b-b0cd-4240-acf9-f01c542516b6\") " pod="helmcustomconfigit/test-hivemq-platform-1"
2025-01-28 23:35:58,066 INFO c.h.h.t.HelmChartContainer - [K3S] [reconciler_common.go:251] "operationExecutor.VerifyControllerAttachedVolume started for volume \"operator-init\" (UniqueName: \"kubernetes.io/empty-dir/7b6b8e9b-b0cd-4240-acf9-f01c542516b6-operator-init\") pod \"test-hivemq-platform-1\" (UID: \"7b6b8e9b-b0cd-4240-acf9-f01c542516b6\") " pod="helmcustomconfigit/test-hivemq-platform-1"
2025-01-28 23:35:58,067 INFO c.h.h.t.HelmChartContainer - [hivemq-test-hivemq-platform] [hivemq-platform-operator] [af3bfc8c] 23:35:58.065 [pool-6-thread-15] DEBUG c.h.p.o.d.PlatformServiceResource - [helmcust] Desired Platform services (3 services)
2025-01-28 23:35:58,068 INFO c.h.h.t.HelmChartContainer - [hivemq-test-hivemq-platform] [hivemq-platform-operator] [af3bfc8c] 23:35:58.066 [pool-6-thread-18] DEBUG c.h.p.o.dependants.PodInfoConfigMap - [helmcust] Desired PodInfo ConfigMap (1 extensions) (1 enabled)
2025-01-28 23:35:58,070 INFO c.h.h.t.HelmChartContainer - [hivemq-test-hivemq-platform] [hivemq-platform-operator] [af3bfc8c] 23:35:58.069 [pool-6-thread-18] DEBUG c.h.p.o.dependants.PodInfoConfigMap - [helmcust] Desired PodInfo ConfigMap (metrics port: 9399) (metrics path: /)
2025-01-28 23:35:58,071 INFO c.h.h.t.HelmChartContainer - [hivemq-test-hivemq-platform] [hivemq-platform-operator] [af3bfc8c] 23:35:58.069 [pool-6-thread-18] DEBUG c.h.p.o.dependants.PodInfoConfigMap - [helmcust] Desired PodInfo ConfigMap (extension state hash: -1817474005)
2025-01-28 23:35:58,071 INFO c.h.h.t.HelmChartContainer - [hivemq-test-hivemq-platform] [hivemq-platform-operator] [af3bfc8c] 23:35:58.067 [pool-6-thread-16] DEBUG c.h.p.o.d.PodServiceAccountResource - [helmcust] Desired PodServiceAccountResource (serviceAccountName: hivemq-platform-pod-test-hivemq-platform)
2025-01-28 23:35:58,161 INFO c.h.h.t.HelmChartContainer - [hivemq-test-hivemq-platform] [hivemq-platform-operator] [af3bfc8c] 23:35:58.160 [pool-6-thread-15] DEBUG c.h.p.o.d.StatefulSetResource - [helmcust] Desired StatefulSet (2 replicas) for status STARTING (READY)
2025-01-28 23:35:58,165 INFO c.h.h.t.HelmChartContainer - [hivemq-test-hivemq-platform] [hivemq-platform-operator] [af3bfc8c] 23:35:58.164 [ReconcilerExecutor-hivemq-controller-115] INFO  c.h.p.o.HiveMQPlatformReconciler - [helmcust] Reconciling HiveMQ Platform 'test-hivemq-platform' in namespace 'helmcustomconfigit'
2025-01-28 23:35:58,165 INFO c.h.h.t.HelmChartContainer - [hivemq-test-hivemq-platform] [hivemq-platform-operator] [af3bfc8c] 23:35:58.164 [ReconcilerExecutor-hivemq-controller-115] DEBUG c.h.p.o.HiveMQPlatformReconciler - [helmcust] Custom Resource Status STARTING - HiveMQ Platform is starting (READY)
2025-01-28 23:35:58,165 INFO c.h.h.t.HelmChartContainer - [hivemq-test-hivemq-platform] [hivemq-platform-operator] [af3bfc8c] 23:35:58.164 [ReconcilerExecutor-hivemq-controller-115] DEBUG c.h.p.o.HiveMQPlatformReconciler - [helmcust] Custom Resource Spec (replicas: 2) (extensions: 1)
2025-01-28 23:35:58,168 INFO c.h.h.t.HelmChartContainer - [hivemq-test-hivemq-platform] [hivemq-platform-operator] [af3bfc8c] 23:35:58.165 [ReconcilerExecutor-hivemq-controller-115] DEBUG c.h.p.o.HiveMQPlatformReconciler - [helmcust] StatefulSet Status (revision: test-hivemq-platform-86bfbd5557, replicas: 2, available: 1, ready: 1, current: 2, updated: 2)
2025-01-28 23:35:58,168 INFO c.h.h.t.HelmChartContainer - [hivemq-test-hivemq-platform] [hivemq-platform-operator] [af3bfc8c] 23:35:58.165 [ReconcilerExecutor-hivemq-controller-115] DEBUG c.h.p.o.HiveMQPlatformReconciler - [helmcust] StatefulSet Spec (replicas: 2, init containers: 1, containers: 1, volumes: 3)
2025-01-28 23:35:58,170 INFO c.h.h.t.HelmChartContainer - [hivemq-test-hivemq-platform] [hivemq-platform-operator] [af3bfc8c] 23:35:58.167 [ReconcilerExecutor-hivemq-controller-115] DEBUG c.h.p.o.h.HiveMQPlatformReconcilerErrorHandler - [helmcust] Pod 'test-hivemq-platform-1' phase Pending
2025-01-28 23:35:58,170 INFO c.h.h.t.HelmChartContainer - [hivemq-test-hivemq-platform] [hivemq-platform-operator] [af3bfc8c] 23:35:58.167 [ReconcilerExecutor-hivemq-controller-115] DEBUG c.h.p.o.h.HiveMQPlatformReconcilerErrorHandler - [helmcust] Pod 'test-hivemq-platform-1' condition 'PodReadyToStartContainers': False
2025-01-28 23:35:58,170 INFO c.h.h.t.HelmChartContainer - [hivemq-test-hivemq-platform] [hivemq-platform-operator] [af3bfc8c] 23:35:58.167 [ReconcilerExecutor-hivemq-controller-115] DEBUG c.h.p.o.h.HiveMQPlatformReconcilerErrorHandler - [helmcust] Pod 'test-hivemq-platform-1' condition 'Initialized': False
2025-01-28 23:35:58,170 INFO c.h.h.t.HelmChartContainer - [hivemq-test-hivemq-platform] [hivemq-platform-operator] [af3bfc8c] 23:35:58.167 [ReconcilerExecutor-hivemq-controller-115] DEBUG c.h.p.o.h.HiveMQPlatformReconcilerErrorHandler - [helmcust] Pod 'test-hivemq-platform-1' condition 'Ready': False
2025-01-28 23:35:58,171 INFO c.h.h.t.HelmChartContainer - [hivemq-test-hivemq-platform] [hivemq-platform-operator] [af3bfc8c] 23:35:58.167 [ReconcilerExecutor-hivemq-controller-115] DEBUG c.h.p.o.h.HiveMQPlatformReconcilerErrorHandler - [helmcust] Pod 'test-hivemq-platform-1' condition 'ContainersReady': False
2025-01-28 23:35:58,171 INFO c.h.h.t.HelmChartContainer - [hivemq-test-hivemq-platform] [hivemq-platform-operator] [af3bfc8c] 23:35:58.167 [ReconcilerExecutor-hivemq-controller-115] DEBUG c.h.p.o.h.HiveMQPlatformReconcilerErrorHandler - [helmcust] Pod 'test-hivemq-platform-1' condition 'PodScheduled': True
2025-01-28 23:35:58,171 INFO c.h.h.t.HelmChartContainer - [hivemq-test-hivemq-platform] [hivemq-platform-operator] [af3bfc8c] 23:35:58.167 [ReconcilerExecutor-hivemq-controller-115] DEBUG c.h.p.o.h.HiveMQPlatformReconcilerErrorHandler - [helmcust] Pod 'test-hivemq-platform-1' containerStatus 'hivemq' (started: false) (ready: false) (waiting: [PodInitializing] null)
2025-01-28 23:35:58,171 INFO c.h.h.t.HelmChartContainer - [hivemq-test-hivemq-platform] [hivemq-platform-operator] [af3bfc8c] 23:35:58.168 [ReconcilerExecutor-hivemq-controller-115] DEBUG c.h.p.o.h.HiveMQPlatformReconcilerErrorHandler - [helmcust] Pod 'test-hivemq-platform-0' phase Running
2025-01-28 23:35:58,171 INFO c.h.h.t.HelmChartContainer - [hivemq-test-hivemq-platform] [hivemq-platform-operator] [af3bfc8c] 23:35:58.169 [ReconcilerExecutor-hivemq-controller-115] INFO  c.h.p.o.h.HiveMQPlatformReconcilerBaseHandler - [helmcust] HiveMQ Platform is starting, 1 of 2 replicas are ready
2025-01-28 23:35:58,226 INFO c.h.h.t.HelmChartContainer - [hivemq-test-hivemq-platform] [hivemq-platform-operator] [af3bfc8c] 23:35:58.225 [pool-6-thread-29] DEBUG c.h.p.o.d.PlatformServiceResource - [helmcust] Desired Platform services (3 services)
2025-01-28 23:35:58,227 INFO c.h.h.t.HelmChartContainer - [hivemq-test-hivemq-platform] [hivemq-platform-operator] [af3bfc8c] 23:35:58.225 [pool-6-thread-26] DEBUG c.h.p.o.dependants.PodInfoConfigMap - [helmcust] Desired PodInfo ConfigMap (1 extensions) (1 enabled)
2025-01-28 23:35:58,227 INFO c.h.h.t.HelmChartContainer - [hivemq-test-hivemq-platform] [hivemq-platform-operator] [af3bfc8c] 23:35:58.225 [pool-6-thread-26] DEBUG c.h.p.o.dependants.PodInfoConfigMap - [helmcust] Desired PodInfo ConfigMap (metrics port: 9399) (metrics path: /)
2025-01-28 23:35:58,227 INFO c.h.h.t.HelmChartContainer - [hivemq-test-hivemq-platform] [hivemq-platform-operator] [af3bfc8c] 23:35:58.225 [pool-6-thread-26] DEBUG c.h.p.o.dependants.PodInfoConfigMap - [helmcust] Desired PodInfo ConfigMap (extension state hash: -1817474005)
2025-01-28 23:35:58,227 INFO c.h.h.t.HelmChartContainer - [hivemq-test-hivemq-platform] [hivemq-platform-operator] [af3bfc8c] 23:35:58.226 [pool-6-thread-28] DEBUG c.h.p.o.d.PodServiceAccountResource - [helmcust] Desired PodServiceAccountResource (serviceAccountName: hivemq-platform-pod-test-hivemq-platform)
2025-01-28 23:35:58,231 INFO c.h.h.t.HelmChartContainer - [hivemq-test-hivemq-platform] [hivemq-platform-operator] [af3bfc8c] 23:35:58.230 [pool-6-thread-29] DEBUG c.h.p.o.d.StatefulSetResource - [helmcust] Desired StatefulSet (2 replicas) for status STARTING (READY)
2025-01-28 23:35:58,234 INFO c.h.h.t.HelmChartContainer - [hivemq-test-hivemq-platform] [hivemq-platform-operator] [af3bfc8c] 23:35:58.233 [ReconcilerExecutor-hivemq-controller-116] INFO  c.h.p.o.HiveMQPlatformReconciler - [helmcust] Reconciling HiveMQ Platform 'test-hivemq-platform' in namespace 'helmcustomconfigit'
2025-01-28 23:35:58,234 INFO c.h.h.t.HelmChartContainer - [hivemq-test-hivemq-platform] [hivemq-platform-operator] [af3bfc8c] 23:35:58.233 [ReconcilerExecutor-hivemq-controller-116] DEBUG c.h.p.o.HiveMQPlatformReconciler - [helmcust] Custom Resource Status STARTING - HiveMQ Platform is starting (READY)
2025-01-28 23:35:58,234 INFO c.h.h.t.HelmChartContainer - [hivemq-test-hivemq-platform] [hivemq-platform-operator] [af3bfc8c] 23:35:58.233 [ReconcilerExecutor-hivemq-controller-116] DEBUG c.h.p.o.HiveMQPlatformReconciler - [helmcust] Custom Resource Spec (replicas: 2) (extensions: 1)
2025-01-28 23:35:58,235 INFO c.h.h.t.HelmChartContainer - [hivemq-test-hivemq-platform] [hivemq-platform-operator] [af3bfc8c] 23:35:58.234 [ReconcilerExecutor-hivemq-controller-116] DEBUG c.h.p.o.HiveMQPlatformReconciler - [helmcust] StatefulSet Status (revision: test-hivemq-platform-86bfbd5557, replicas: 2, available: 1, ready: 1, current: 2, updated: 2)
2025-01-28 23:35:58,235 INFO c.h.h.t.HelmChartContainer - [hivemq-test-hivemq-platform] [hivemq-platform-operator] [af3bfc8c] 23:35:58.234 [ReconcilerExecutor-hivemq-controller-116] DEBUG c.h.p.o.HiveMQPlatformReconciler - [helmcust] StatefulSet Spec (replicas: 2, init containers: 1, containers: 1, volumes: 3)
2025-01-28 23:35:58,260 INFO c.h.h.t.HelmChartContainer - [hivemq-test-hivemq-platform] [hivemq-platform-operator] [af3bfc8c] 23:35:58.259 [ReconcilerExecutor-hivemq-controller-116] DEBUG c.h.p.o.h.HiveMQPlatformReconcilerErrorHandler - [helmcust] Pod 'test-hivemq-platform-1' phase Pending
2025-01-28 23:35:58,261 INFO c.h.h.t.HelmChartContainer - [hivemq-test-hivemq-platform] [hivemq-platform-operator] [af3bfc8c] 23:35:58.259 [ReconcilerExecutor-hivemq-controller-116] DEBUG c.h.p.o.h.HiveMQPlatformReconcilerErrorHandler - [helmcust] Pod 'test-hivemq-platform-1' condition 'PodReadyToStartContainers': False
2025-01-28 23:35:58,261 INFO c.h.h.t.HelmChartContainer - [hivemq-test-hivemq-platform] [hivemq-platform-operator] [af3bfc8c] 23:35:58.259 [ReconcilerExecutor-hivemq-controller-116] DEBUG c.h.p.o.h.HiveMQPlatformReconcilerErrorHandler - [helmcust] Pod 'test-hivemq-platform-1' condition 'Initialized': False
2025-01-28 23:35:58,261 INFO c.h.h.t.HelmChartContainer - [hivemq-test-hivemq-platform] [hivemq-platform-operator] [af3bfc8c] 23:35:58.259 [ReconcilerExecutor-hivemq-controller-116] DEBUG c.h.p.o.h.HiveMQPlatformReconcilerErrorHandler - [helmcust] Pod 'test-hivemq-platform-1' condition 'Ready': False
2025-01-28 23:35:58,261 INFO c.h.h.t.HelmChartContainer - [hivemq-test-hivemq-platform] [hivemq-platform-operator] [af3bfc8c] 23:35:58.259 [ReconcilerExecutor-hivemq-controller-116] DEBUG c.h.p.o.h.HiveMQPlatformReconcilerErrorHandler - [helmcust] Pod 'test-hivemq-platform-1' condition 'ContainersReady': False
2025-01-28 23:35:58,261 INFO c.h.h.t.HelmChartContainer - [hivemq-test-hivemq-platform] [hivemq-platform-operator] [af3bfc8c] 23:35:58.259 [ReconcilerExecutor-hivemq-controller-116] DEBUG c.h.p.o.h.HiveMQPlatformReconcilerErrorHandler - [helmcust] Pod 'test-hivemq-platform-1' condition 'PodScheduled': True
2025-01-28 23:35:58,262 INFO c.h.h.t.HelmChartContainer - [hivemq-test-hivemq-platform] [hivemq-platform-operator] [af3bfc8c] 23:35:58.259 [ReconcilerExecutor-hivemq-controller-116] DEBUG c.h.p.o.h.HiveMQPlatformReconcilerErrorHandler - [helmcust] Pod 'test-hivemq-platform-1' containerStatus 'hivemq' (started: false) (ready: false) (waiting: [PodInitializing] null)
2025-01-28 23:35:58,262 INFO c.h.h.t.HelmChartContainer - [hivemq-test-hivemq-platform] [hivemq-platform-operator] [af3bfc8c] 23:35:58.261 [ReconcilerExecutor-hivemq-controller-116] DEBUG c.h.p.o.h.HiveMQPlatformReconcilerErrorHandler - [helmcust] Pod 'test-hivemq-platform-0' phase Running
2025-01-28 23:35:58,264 INFO c.h.h.t.HelmChartContainer - [hivemq-test-hivemq-platform] [hivemq-platform-operator] [af3bfc8c] 23:35:58.264 [ReconcilerExecutor-hivemq-controller-116] INFO  c.h.p.o.h.HiveMQPlatformReconcilerBaseHandler - [helmcust] HiveMQ Platform is starting, 1 of 2 replicas are ready
2025-01-28 23:35:58,371 INFO c.h.h.t.HelmChartContainer - [EVENT] Normal [Pulled] Container image "docker.io/hivemq/hivemq-platform-operator-init-test:snapshot" already present on machine [helmcustomconfigit:test-hivemq-platform-1]
2025-01-28 23:35:58,377 INFO c.h.h.t.HelmChartContainer - [EVENT] Normal [Created] Created container: hivemq-platform-operator-init [helmcustomconfigit:test-hivemq-platform-1]
2025-01-28 23:35:58,415 INFO c.h.h.t.HelmChartContainer - [EVENT] Normal [Started] Started container hivemq-platform-operator-init [helmcustomconfigit:test-hivemq-platform-1]
2025-01-28 23:35:59,273 INFO c.h.h.t.HelmChartContainer - [EVENT] Normal [Pulled] Container image "docker.io/hivemq/hivemq4:4.36.0" already present on machine [helmcustomconfigit:test-hivemq-platform-1]
2025-01-28 23:35:59,273 INFO c.h.h.t.HelmChartContainer - Received Pulled event for container hivemq in pod test-hivemq-platform-1 [7b6b8e9b-b0cd-4240-acf9-f01c542516b6]
2025-01-28 23:35:59,281 INFO c.h.h.t.HelmChartContainer - [POD] test-hivemq-platform-1 [7b6b8e9b-b0cd-4240-acf9-f01c542516b6] in helmcustomconfigit was MODIFIED
2025-01-28 23:35:59,299 INFO c.h.h.t.HelmChartContainer - [EVENT] Normal [Created] Created container: hivemq [helmcustomconfigit:test-hivemq-platform-1]
2025-01-28 23:35:59,299 INFO c.h.h.t.HelmChartContainer - Received Created event for container hivemq in pod test-hivemq-platform-1 [7b6b8e9b-b0cd-4240-acf9-f01c542516b6]
2025-01-28 23:35:59,310 INFO c.h.h.t.HelmChartContainer - [hivemq-test-hivemq-platform] [hivemq-platform-operator] [af3bfc8c] 23:35:59.292 [pool-6-thread-35] DEBUG c.h.p.o.d.PlatformServiceResource - [helmcust] Desired Platform services (3 services)
2025-01-28 23:35:59,310 INFO c.h.h.t.HelmChartContainer - [hivemq-test-hivemq-platform] [hivemq-platform-operator] [af3bfc8c] 23:35:59.295 [pool-6-thread-31] DEBUG c.h.p.o.d.PodServiceAccountResource - [helmcust] Desired PodServiceAccountResource (serviceAccountName: hivemq-platform-pod-test-hivemq-platform)
2025-01-28 23:35:59,317 INFO c.h.h.t.HelmChartContainer - [hivemq-test-hivemq-platform] [hivemq-platform-operator] [af3bfc8c] 23:35:59.306 [pool-6-thread-39] DEBUG c.h.p.o.dependants.PodInfoConfigMap - [helmcust] Desired PodInfo ConfigMap (1 extensions) (1 enabled)
2025-01-28 23:35:59,318 INFO c.h.h.t.HelmChartContainer - [hivemq-test-hivemq-platform] [hivemq-platform-operator] [af3bfc8c] 23:35:59.306 [pool-6-thread-39] DEBUG c.h.p.o.dependants.PodInfoConfigMap - [helmcust] Desired PodInfo ConfigMap (metrics port: 9399) (metrics path: /)
2025-01-28 23:35:59,318 INFO c.h.h.t.HelmChartContainer - [hivemq-test-hivemq-platform] [hivemq-platform-operator] [af3bfc8c] 23:35:59.306 [pool-6-thread-39] DEBUG c.h.p.o.dependants.PodInfoConfigMap - [helmcust] Desired PodInfo ConfigMap (extension state hash: -1817474005)
2025-01-28 23:35:59,318 INFO c.h.h.t.HelmChartContainer - [hivemq-test-hivemq-platform] [hivemq-platform-operator] [af3bfc8c] 23:35:59.313 [pool-6-thread-31] DEBUG c.h.p.o.d.StatefulSetResource - [helmcust] Desired StatefulSet (2 replicas) for status STARTING (READY)
2025-01-28 23:35:59,367 INFO c.h.h.t.HelmChartContainer - [hivemq-test-hivemq-platform] [hivemq-platform-operator] [af3bfc8c] 23:35:59.366 [ReconcilerExecutor-hivemq-controller-117] INFO  c.h.p.o.HiveMQPlatformReconciler - [helmcust] Reconciling HiveMQ Platform 'test-hivemq-platform' in namespace 'helmcustomconfigit'
2025-01-28 23:35:59,368 INFO c.h.h.t.HelmChartContainer - [hivemq-test-hivemq-platform] [hivemq-platform-operator] [af3bfc8c] 23:35:59.367 [ReconcilerExecutor-hivemq-controller-117] DEBUG c.h.p.o.HiveMQPlatformReconciler - [helmcust] Custom Resource Status STARTING - HiveMQ Platform is starting (READY)
2025-01-28 23:35:59,368 INFO c.h.h.t.HelmChartContainer - [hivemq-test-hivemq-platform] [hivemq-platform-operator] [af3bfc8c] 23:35:59.367 [ReconcilerExecutor-hivemq-controller-117] DEBUG c.h.p.o.HiveMQPlatformReconciler - [helmcust] Custom Resource Spec (replicas: 2) (extensions: 1)
2025-01-28 23:35:59,371 INFO c.h.h.t.HelmChartContainer - [hivemq-test-hivemq-platform] [hivemq-platform-operator] [af3bfc8c] 23:35:59.370 [ReconcilerExecutor-hivemq-controller-117] DEBUG c.h.p.o.HiveMQPlatformReconciler - [helmcust] StatefulSet Status (revision: test-hivemq-platform-86bfbd5557, replicas: 2, available: 1, ready: 1, current: 2, updated: 2)
2025-01-28 23:35:59,377 INFO c.h.h.t.HelmChartContainer - [hivemq-test-hivemq-platform] [hivemq-platform-operator] [af3bfc8c] 23:35:59.370 [ReconcilerExecutor-hivemq-controller-117] DEBUG c.h.p.o.HiveMQPlatformReconciler - [helmcust] StatefulSet Spec (replicas: 2, init containers: 1, containers: 1, volumes: 3)
2025-01-28 23:35:59,377 INFO c.h.h.t.HelmChartContainer - [hivemq-test-hivemq-platform] [hivemq-platform-operator] [af3bfc8c] 23:35:59.373 [ReconcilerExecutor-hivemq-controller-117] DEBUG c.h.p.o.h.HiveMQPlatformReconcilerErrorHandler - [helmcust] Pod 'test-hivemq-platform-1' phase Pending
2025-01-28 23:35:59,377 INFO c.h.h.t.HelmChartContainer - [hivemq-test-hivemq-platform] [hivemq-platform-operator] [af3bfc8c] 23:35:59.373 [ReconcilerExecutor-hivemq-controller-117] DEBUG c.h.p.o.h.HiveMQPlatformReconcilerErrorHandler - [helmcust] Pod 'test-hivemq-platform-1' condition 'PodReadyToStartContainers': True
2025-01-28 23:35:59,377 INFO c.h.h.t.HelmChartContainer - [hivemq-test-hivemq-platform] [hivemq-platform-operator] [af3bfc8c] 23:35:59.373 [ReconcilerExecutor-hivemq-controller-117] DEBUG c.h.p.o.h.HiveMQPlatformReconcilerErrorHandler - [helmcust] Pod 'test-hivemq-platform-1' condition 'Initialized': True
2025-01-28 23:35:59,377 INFO c.h.h.t.HelmChartContainer - [hivemq-test-hivemq-platform] [hivemq-platform-operator] [af3bfc8c] 23:35:59.373 [ReconcilerExecutor-hivemq-controller-117] DEBUG c.h.p.o.h.HiveMQPlatformReconcilerErrorHandler - [helmcust] Pod 'test-hivemq-platform-1' condition 'Ready': False
2025-01-28 23:35:59,377 INFO c.h.h.t.HelmChartContainer - [hivemq-test-hivemq-platform] [hivemq-platform-operator] [af3bfc8c] 23:35:59.373 [ReconcilerExecutor-hivemq-controller-117] DEBUG c.h.p.o.h.HiveMQPlatformReconcilerErrorHandler - [helmcust] Pod 'test-hivemq-platform-1' condition 'ContainersReady': False
2025-01-28 23:35:59,377 INFO c.h.h.t.HelmChartContainer - [hivemq-test-hivemq-platform] [hivemq-platform-operator] [af3bfc8c] 23:35:59.373 [ReconcilerExecutor-hivemq-controller-117] DEBUG c.h.p.o.h.HiveMQPlatformReconcilerErrorHandler - [helmcust] Pod 'test-hivemq-platform-1' condition 'PodScheduled': True
2025-01-28 23:35:59,377 INFO c.h.h.t.HelmChartContainer - [hivemq-test-hivemq-platform] [hivemq-platform-operator] [af3bfc8c] 23:35:59.373 [ReconcilerExecutor-hivemq-controller-117] DEBUG c.h.p.o.h.HiveMQPlatformReconcilerErrorHandler - [helmcust] Pod 'test-hivemq-platform-1' containerStatus 'hivemq' (started: false) (ready: false) (waiting: [PodInitializing] null)
2025-01-28 23:35:59,378 INFO c.h.h.t.HelmChartContainer - [hivemq-test-hivemq-platform] [hivemq-platform-operator] [af3bfc8c] 23:35:59.377 [ReconcilerExecutor-hivemq-controller-117] DEBUG c.h.p.o.h.HiveMQPlatformReconcilerErrorHandler - [helmcust] Pod 'test-hivemq-platform-0' phase Running
2025-01-28 23:35:59,380 INFO c.h.h.t.HelmChartContainer - [hivemq-test-hivemq-platform] [hivemq-platform-operator] [af3bfc8c] 23:35:59.380 [ReconcilerExecutor-hivemq-controller-117] INFO  c.h.p.o.h.HiveMQPlatformReconcilerBaseHandler - [helmcust] HiveMQ Platform is starting, 1 of 2 replicas are ready
2025-01-28 23:36:00,285 INFO c.h.h.t.HelmChartContainer - [POD] test-hivemq-platform-1 [7b6b8e9b-b0cd-4240-acf9-f01c542516b6] in helmcustomconfigit was MODIFIED
2025-01-28 23:36:00,291 INFO c.h.h.t.HelmChartContainer - [EVENT] Normal [Started] Started container hivemq [helmcustomconfigit:test-hivemq-platform-1]
2025-01-28 23:36:00,291 INFO c.h.h.t.HelmChartContainer - Started log watcher for hivemq in pod test-hivemq-platform-1 [7b6b8e9b-b0cd-4240-acf9-f01c542516b6]
2025-01-28 23:36:00,291 INFO c.h.h.t.HelmChartContainer - [test-hivemq-platform] [hivemq] [7b6b8e9b] Adding pre-installed HiveMQ Platform Operator extensions
2025-01-28 23:36:00,291 INFO c.h.h.t.HelmChartContainer - [test-hivemq-platform] [hivemq] [7b6b8e9b] Running as user 10000
2025-01-28 23:36:00,291 INFO c.h.h.t.HelmChartContainer - [test-hivemq-platform] [hivemq] [7b6b8e9b] Starting HiveMQ Platform Operator Init
2025-01-28 23:36:00,292 INFO c.h.h.t.HelmChartContainer - Received Started event for container hivemq in pod test-hivemq-platform-1 [7b6b8e9b-b0cd-4240-acf9-f01c542516b6]
2025-01-28 23:36:00,297 INFO c.h.h.t.HelmChartContainer - [hivemq-test-hivemq-platform] [hivemq-platform-operator] [af3bfc8c] 23:36:00.293 [pool-6-thread-48] DEBUG c.h.p.o.d.PlatformServiceResource - [helmcust] Desired Platform services (3 services)
2025-01-28 23:36:00,300 INFO c.h.h.t.HelmChartContainer - [hivemq-test-hivemq-platform] [hivemq-platform-operator] [af3bfc8c] 23:36:00.298 [pool-6-thread-46] DEBUG c.h.p.o.dependants.PodInfoConfigMap - [helmcust] Desired PodInfo ConfigMap (1 extensions) (1 enabled)
2025-01-28 23:36:00,301 INFO c.h.h.t.HelmChartContainer - [hivemq-test-hivemq-platform] [hivemq-platform-operator] [af3bfc8c] 23:36:00.299 [pool-6-thread-46] DEBUG c.h.p.o.dependants.PodInfoConfigMap - [helmcust] Desired PodInfo ConfigMap (metrics port: 9399) (metrics path: /)
2025-01-28 23:36:00,302 INFO c.h.h.t.HelmChartContainer - [hivemq-test-hivemq-platform] [hivemq-platform-operator] [af3bfc8c] 23:36:00.299 [pool-6-thread-46] DEBUG c.h.p.o.dependants.PodInfoConfigMap - [helmcust] Desired PodInfo ConfigMap (extension state hash: -1817474005)
2025-01-28 23:36:00,302 INFO c.h.h.t.HelmChartContainer - [hivemq-test-hivemq-platform] [hivemq-platform-operator] [af3bfc8c] 23:36:00.300 [pool-6-thread-43] DEBUG c.h.p.o.d.PodServiceAccountResource - [helmcust] Desired PodServiceAccountResource (serviceAccountName: hivemq-platform-pod-test-hivemq-platform)
2025-01-28 23:36:00,306 INFO c.h.h.t.HelmChartContainer - [hivemq-test-hivemq-platform] [hivemq-platform-operator] [af3bfc8c] 23:36:00.304 [pool-6-thread-44] DEBUG c.h.p.o.d.StatefulSetResource - [helmcust] Desired StatefulSet (2 replicas) for status STARTING (READY)
2025-01-28 23:36:00,327 INFO c.h.h.t.HelmChartContainer - [hivemq-test-hivemq-platform] [hivemq-platform-operator] [af3bfc8c] 23:36:00.326 [ReconcilerExecutor-hivemq-controller-118] INFO  c.h.p.o.HiveMQPlatformReconciler - [helmcust] Reconciling HiveMQ Platform 'test-hivemq-platform' in namespace 'helmcustomconfigit'
2025-01-28 23:36:00,327 INFO c.h.h.t.HelmChartContainer - [hivemq-test-hivemq-platform] [hivemq-platform-operator] [af3bfc8c] 23:36:00.326 [ReconcilerExecutor-hivemq-controller-118] DEBUG c.h.p.o.HiveMQPlatformReconciler - [helmcust] Custom Resource Status STARTING - HiveMQ Platform is starting (READY)
2025-01-28 23:36:00,327 INFO c.h.h.t.HelmChartContainer - [hivemq-test-hivemq-platform] [hivemq-platform-operator] [af3bfc8c] 23:36:00.326 [ReconcilerExecutor-hivemq-controller-118] DEBUG c.h.p.o.HiveMQPlatformReconciler - [helmcust] Custom Resource Spec (replicas: 2) (extensions: 1)
2025-01-28 23:36:00,361 INFO c.h.h.t.HelmChartContainer - [hivemq-test-hivemq-platform] [hivemq-platform-operator] [af3bfc8c] 23:36:00.361 [ReconcilerExecutor-hivemq-controller-118] DEBUG c.h.p.o.HiveMQPlatformReconciler - [helmcust] StatefulSet Status (revision: test-hivemq-platform-86bfbd5557, replicas: 2, available: 1, ready: 1, current: 2, updated: 2)
2025-01-28 23:36:00,361 INFO c.h.h.t.HelmChartContainer - [hivemq-test-hivemq-platform] [hivemq-platform-operator] [af3bfc8c] 23:36:00.361 [ReconcilerExecutor-hivemq-controller-118] DEBUG c.h.p.o.HiveMQPlatformReconciler - [helmcust] StatefulSet Spec (replicas: 2, init containers: 1, containers: 1, volumes: 3)
2025-01-28 23:36:00,365 INFO c.h.h.t.HelmChartContainer - [hivemq-test-hivemq-platform] [hivemq-platform-operator] [af3bfc8c] 23:36:00.362 [ReconcilerExecutor-hivemq-controller-118] DEBUG c.h.p.o.h.HiveMQPlatformReconcilerErrorHandler - [helmcust] Pod 'test-hivemq-platform-1' phase Running
2025-01-28 23:36:00,367 INFO c.h.h.t.HelmChartContainer - [hivemq-test-hivemq-platform] [hivemq-platform-operator] [af3bfc8c] 23:36:00.363 [ReconcilerExecutor-hivemq-controller-118] DEBUG c.h.p.o.h.HiveMQPlatformReconcilerErrorHandler - [helmcust] Pod 'test-hivemq-platform-0' phase Running
2025-01-28 23:36:00,367 INFO c.h.h.t.HelmChartContainer - [hivemq-test-hivemq-platform] [hivemq-platform-operator] [af3bfc8c] 23:36:00.365 [ReconcilerExecutor-hivemq-controller-118] INFO  c.h.p.o.h.HiveMQPlatformReconcilerBaseHandler - [helmcust] HiveMQ Platform is starting, 1 of 2 replicas are ready
2025-01-28 23:36:00,566 INFO c.h.h.t.HelmChartContainer - [test-hivemq-platform] [hivemq] [7b6b8e9b] INFO  - [HiveMQ Platform Operator Init 1.7.0-SNAPSHOT] HiveMQ Platform Operator Init 1.7.0-SNAPSHOT (commit: bebf408 on branch: HEAD) built on Sun Jan 26 20:47:47 UTC 2025
2025-01-28 23:36:01,674 INFO c.h.h.t.HelmChartContainer - [test-hivemq-platform] [hivemq] [7b6b8e9b] INFO  - [HiveMQ Platform Operator Init App 1.7.0-SNAPSHOT] Using bind address 10.42.0.9 from environment variable
2025-01-28 23:36:02,651 INFO c.h.h.t.HelmChartContainer - [test-hivemq-platform] [hivemq] [7b6b8e9b] INFO  - [HiveMQ Platform Operator Init App 1.7.0-SNAPSHOT] HiveMQ Platform Operator Init App 1.7.0-SNAPSHOT (commit: bebf408 on branch: HEAD) built on Sun Jan 26 20:47:47 UTC 2025
2025-01-28 23:36:02,651 INFO c.h.h.t.HelmChartContainer - [test-hivemq-platform] [hivemq] [7b6b8e9b] INFO  - [HiveMQ Platform Operator Init App 1.7.0-SNAPSHOT] PodInfo ConfigMap directory: /etc/podinfo
2025-01-28 23:36:02,651 INFO c.h.h.t.HelmChartContainer - [test-hivemq-platform] [hivemq] [7b6b8e9b] INFO  - [HiveMQ Platform Operator Init App 1.7.0-SNAPSHOT] HiveMQ home directory: /opt/hivemq
2025-01-28 23:36:02,652 INFO c.h.h.t.HelmChartContainer - [test-hivemq-platform] [hivemq] [7b6b8e9b] INFO  - [HiveMQ Platform Operator Init App 1.7.0-SNAPSHOT] HiveMQ Logback folder: /opt/hivemq/conf
2025-01-28 23:36:02,652 INFO c.h.h.t.HelmChartContainer - [test-hivemq-platform] [hivemq] [7b6b8e9b] INFO  - [HiveMQ Platform Operator Init App 1.7.0-SNAPSHOT] HiveMQ Config folder: /opt/hivemq/conf-k8s
2025-01-28 23:36:02,652 INFO c.h.h.t.HelmChartContainer - [test-hivemq-platform] [hivemq] [7b6b8e9b] INFO  - [HiveMQ Platform Operator Init App 1.7.0-SNAPSHOT] Starting HiveMQ Platform Operator Init App
2025-01-28 23:36:02,652 INFO c.h.h.t.HelmChartContainer - [test-hivemq-platform] [hivemq] [7b6b8e9b] INFO  - [HiveMQ Platform Operator Init App 1.7.0-SNAPSHOT] Starting Pod reconciler
2025-01-28 23:36:03,779 INFO c.h.h.t.HelmChartContainer - [test-hivemq-platform] [hivemq] [7b6b8e9b] INFO  - [HiveMQ Platform Operator Init App 1.7.0-SNAPSHOT] Pod reconciler is scheduled (interval: 5000 ms)
2025-01-28 23:36:03,780 INFO c.h.h.t.HelmChartContainer - [test-hivemq-platform] [hivemq] [7b6b8e9b] INFO  - [HiveMQ Platform Operator Init App 1.7.0-SNAPSHOT] Starting the REST API on 10.42.0.9:7979
2025-01-28 23:36:03,783 INFO c.h.h.t.HelmChartContainer - [test-hivemq-platform] [hivemq] [7b6b8e9b] INFO  - [HiveMQ Platform Operator Init App 1.7.0-SNAPSHOT] Waiting up to 600s for at most 2 HiveMQ nodes in cluster service hivemq-test-hivemq-platform-cluster.helmcustomconfigit.svc
2025-01-28 23:36:04,152 INFO c.h.h.t.HelmChartContainer - [test-hivemq-platform] [hivemq] [7b6b8e9b] INFO  - [HiveMQ Platform Operator Init App 1.7.0-SNAPSHOT] Resolved 2 IP addresses: [10.42.0.9, 10.42.0.8]
2025-01-28 23:36:04,152 INFO c.h.h.t.HelmChartContainer - [test-hivemq-platform] [hivemq] [7b6b8e9b] INFO  - [HiveMQ Platform Operator Init App 1.7.0-SNAPSHOT] HiveMQ node count of 2 is within threshold of 2
2025-01-28 23:36:04,152 INFO c.h.h.t.HelmChartContainer - [test-hivemq-platform] [hivemq] [7b6b8e9b] INFO  - [HiveMQ Platform Operator Init App 1.7.0-SNAPSHOT] Proceeding with container start
2025-01-28 23:36:04,249 INFO c.h.h.t.HelmChartContainer - [test-hivemq-platform] [hivemq] [7b6b8e9b] INFO  - [HiveMQ Platform Operator Init App 1.7.0-SNAPSHOT] Initializing HiveMQ Platform extensions with initial configuration: {hivemq-allow-all-extension={start-priority=-1, skip-https-hostname-verification=false, restart=true, config-version=0, header-version=0, c-uri=, priority=-1, uri=preinstalled, skip-https-certificate-validation=false, enabled=true}, hivemq-prometheus-extension={priority=-1, restart=true, enabled=true, request-header-path=no-request-headers, uri=preinstalled, skip-https-certificate-validation=false, skip-https-hostname-verification=false, c-uri=, start-priority=-1}}
2025-01-28 23:36:04,663 INFO c.h.h.t.HelmChartContainer - [test-hivemq-platform] [hivemq] [7b6b8e9b] INFO  - [HiveMQ Platform Operator Init App 1.7.0-SNAPSHOT] Extension hivemq-allow-all-extension was already enabled
2025-01-28 23:36:04,754 INFO c.h.h.t.HelmChartContainer - [test-hivemq-platform] [hivemq] [7b6b8e9b] INFO  - [HiveMQ Platform Operator Init App 1.7.0-SNAPSHOT] Successfully enabled extension hivemq-prometheus-extension
2025-01-28 23:36:04,754 INFO c.h.h.t.HelmChartContainer - [test-hivemq-platform] [hivemq] [7b6b8e9b] INFO  - [HiveMQ Platform Operator Init App 1.7.0-SNAPSHOT] Starting HiveMQ Platform version 4.36.0 (4.36.0)
2025-01-28 23:36:04,754 INFO c.h.h.t.HelmChartContainer - [test-hivemq-platform] [hivemq] [7b6b8e9b] INFO  - [HiveMQ Platform Operator Init App 1.7.0-SNAPSHOT] Configuring the HiveMQ Platform
2025-01-28 23:36:04,761 INFO c.h.h.t.HelmChartContainer - [test-hivemq-platform] [hivemq] [7b6b8e9b] INFO  - [HiveMQ Platform Operator Init App 1.7.0-SNAPSHOT] Changed logback.xml file scan period to 20 seconds
2025-01-28 23:36:04,852 INFO c.h.h.t.HelmChartContainer - [test-hivemq-platform] [hivemq] [7b6b8e9b] INFO  - [HiveMQ Platform Operator Init App 1.7.0-SNAPSHOT] Starting the HiveMQ Platform
2025-01-28 23:36:04,854 INFO c.h.h.t.HelmChartContainer - [test-hivemq-platform] [hivemq] [7b6b8e9b] -------------------------------------------------------------------------
2025-01-28 23:36:04,855 INFO c.h.h.t.HelmChartContainer - [test-hivemq-platform] [hivemq] [7b6b8e9b] 
2025-01-28 23:36:04,855 INFO c.h.h.t.HelmChartContainer - [test-hivemq-platform] [hivemq] [7b6b8e9b]                   _    _  _              __  __   ____
2025-01-28 23:36:04,855 INFO c.h.h.t.HelmChartContainer - [test-hivemq-platform] [hivemq] [7b6b8e9b]                  | |  | |(_)            |  \/  | / __ \
2025-01-28 23:36:04,855 INFO c.h.h.t.HelmChartContainer - [test-hivemq-platform] [hivemq] [7b6b8e9b]                  | |__| | _ __   __ ___ | \  / || |  | |
2025-01-28 23:36:04,855 INFO c.h.h.t.HelmChartContainer - [test-hivemq-platform] [hivemq] [7b6b8e9b]                  |  __  || |\ \ / // _ \| |\/| || |  | |
2025-01-28 23:36:04,855 INFO c.h.h.t.HelmChartContainer - [test-hivemq-platform] [hivemq] [7b6b8e9b]                  | |  | || | \ V /|  __/| |  | || |__| |
2025-01-28 23:36:04,855 INFO c.h.h.t.HelmChartContainer - [test-hivemq-platform] [hivemq] [7b6b8e9b]                  |_|  |_||_|  \_/  \___||_|  |_| \___\_\
2025-01-28 23:36:04,855 INFO c.h.h.t.HelmChartContainer - [test-hivemq-platform] [hivemq] [7b6b8e9b] 
2025-01-28 23:36:04,855 INFO c.h.h.t.HelmChartContainer - [test-hivemq-platform] [hivemq] [7b6b8e9b] -------------------------------------------------------------------------
2025-01-28 23:36:04,855 INFO c.h.h.t.HelmChartContainer - [test-hivemq-platform] [hivemq] [7b6b8e9b] 
2025-01-28 23:36:04,855 INFO c.h.h.t.HelmChartContainer - [test-hivemq-platform] [hivemq] [7b6b8e9b]   HiveMQ Start Script for Linux/Unix v1.14
2025-01-28 23:36:04,855 INFO c.h.h.t.HelmChartContainer - [test-hivemq-platform] [hivemq] [7b6b8e9b] 
2025-01-28 23:36:04,953 INFO c.h.h.t.HelmChartContainer - [test-hivemq-platform] [hivemq] [7b6b8e9b] -------------------------------------------------------------------------
2025-01-28 23:36:04,953 INFO c.h.h.t.HelmChartContainer - [test-hivemq-platform] [hivemq] [7b6b8e9b] 
2025-01-28 23:36:04,953 INFO c.h.h.t.HelmChartContainer - [test-hivemq-platform] [hivemq] [7b6b8e9b]   HIVEMQ_HOME: /opt/hivemq
2025-01-28 23:36:04,953 INFO c.h.h.t.HelmChartContainer - [test-hivemq-platform] [hivemq] [7b6b8e9b] 
2025-01-28 23:36:04,953 INFO c.h.h.t.HelmChartContainer - [test-hivemq-platform] [hivemq] [7b6b8e9b]   JAVA_OPTS: -XX:+UnlockExperimentalVMOptions -XX:InitialRAMPercentage=50 -XX:MaxRAMPercentage=50 -Djava.net.preferIPv4Stack=true --add-opens java.base/java.lang=ALL-UNNAMED --add-opens java.base/java.nio=ALL-UNNAMED --add-opens java.base/sun.nio.ch=ALL-UNNAMED --add-opens jdk.management/com.sun.management.internal=ALL-UNNAMED --add-exports java.base/jdk.internal.misc=ALL-UNNAMED -Djava.security.egd=file:/dev/./urandom -Dcom.sun.management.jmxremote -Dcom.sun.management.jmxremote.port=9010 -Dcom.sun.management.jmxremote.local.only=false -Dcom.sun.management.jmxremote.authenticate=false -Dcom.sun.management.jmxremote.ssl=false -Duser.language=en -Duser.region=US -XX:+CrashOnOutOfMemoryError -XX:+HeapDumpOnOutOfMemoryError
2025-01-28 23:36:04,953 INFO c.h.h.t.HelmChartContainer - [test-hivemq-platform] [hivemq] [7b6b8e9b] 
2025-01-28 23:36:04,953 INFO c.h.h.t.HelmChartContainer - [test-hivemq-platform] [hivemq] [7b6b8e9b]   JAVA_VERSION: 21
2025-01-28 23:36:04,953 INFO c.h.h.t.HelmChartContainer - [test-hivemq-platform] [hivemq] [7b6b8e9b] 
2025-01-28 23:36:04,953 INFO c.h.h.t.HelmChartContainer - [test-hivemq-platform] [hivemq] [7b6b8e9b] -------------------------------------------------------------------------
2025-01-28 23:36:04,953 INFO c.h.h.t.HelmChartContainer - [test-hivemq-platform] [hivemq] [7b6b8e9b] 
2025-01-28 23:36:06,359 INFO c.h.h.t.HelmChartContainer - [test-hivemq-platform] [hivemq] [7b6b8e9b] INFO  - [HiveMQ Platform Operator Init App 1.7.0-SNAPSHOT] Returning default Health API response 503 for readiness
2025-01-28 23:36:06,762 INFO c.h.h.t.HelmChartContainer - [EVENT] Warning [Unhealthy] Readiness probe failed: HTTP probe failed with statuscode: 503 [helmcustomconfigit:test-hivemq-platform-1]
2025-01-28 23:36:06,762 INFO c.h.h.t.HelmChartContainer - Received Unhealthy event for container hivemq in pod test-hivemq-platform-1 [7b6b8e9b-b0cd-4240-acf9-f01c542516b6]
2025-01-28 23:36:07,649 INFO c.h.h.t.HelmChartContainer - [test-hivemq-platform] [hivemq] [7b6b8e9b] INFO  - Starting HiveMQ Enterprise Server
2025-01-28 23:36:07,655 INFO c.h.h.t.HelmChartContainer - [test-hivemq-platform] [hivemq] [7b6b8e9b] INFO  - HiveMQ version: 4.36.0
2025-01-28 23:36:07,656 INFO c.h.h.t.HelmChartContainer - [test-hivemq-platform] [hivemq] [7b6b8e9b] INFO  - HiveMQ home directory: /opt/hivemq
2025-01-28 23:36:07,658 INFO c.h.h.t.HelmChartContainer - [test-hivemq-platform] [hivemq] [7b6b8e9b] INFO  - Log Configuration was overridden by /opt/hivemq/conf/logback.xml
2025-01-28 23:36:08,962 INFO c.h.h.t.HelmChartContainer - [test-hivemq-platform] [hivemq] [7b6b8e9b] INFO  - Successfully loaded configuration from '/opt/hivemq/conf-k8s/config.xml'.
2025-01-28 23:36:09,561 INFO c.h.h.t.HelmChartContainer - [test-hivemq-platform] [hivemq] [7b6b8e9b] INFO  - This node's ID is jag5t
2025-01-28 23:36:09,646 INFO c.h.h.t.HelmChartContainer - [test-hivemq-platform] [hivemq] [7b6b8e9b] INFO  - Clustering is enabled
2025-01-28 23:36:10,373 INFO c.h.h.t.HelmChartContainer - [hivemq-test-hivemq-platform] [hivemq-platform-operator] [af3bfc8c] 23:36:10.370 [pool-6-thread-5] DEBUG c.h.p.o.d.PodServiceAccountResource - [helmcust] Desired PodServiceAccountResource (serviceAccountName: hivemq-platform-pod-test-hivemq-platform)
2025-01-28 23:36:10,373 INFO c.h.h.t.HelmChartContainer - [hivemq-test-hivemq-platform] [hivemq-platform-operator] [af3bfc8c] 23:36:10.372 [pool-6-thread-1] DEBUG c.h.p.o.d.PlatformServiceResource - [helmcust] Desired Platform services (3 services)
2025-01-28 23:36:10,374 INFO c.h.h.t.HelmChartContainer - [hivemq-test-hivemq-platform] [hivemq-platform-operator] [af3bfc8c] 23:36:10.373 [pool-6-thread-8] DEBUG c.h.p.o.dependants.PodInfoConfigMap - [helmcust] Desired PodInfo ConfigMap (1 extensions) (1 enabled)
2025-01-28 23:36:10,375 INFO c.h.h.t.HelmChartContainer - [hivemq-test-hivemq-platform] [hivemq-platform-operator] [af3bfc8c] 23:36:10.374 [pool-6-thread-8] DEBUG c.h.p.o.dependants.PodInfoConfigMap - [helmcust] Desired PodInfo ConfigMap (metrics port: 9399) (metrics path: /)
2025-01-28 23:36:10,376 INFO c.h.h.t.HelmChartContainer - [hivemq-test-hivemq-platform] [hivemq-platform-operator] [af3bfc8c] 23:36:10.375 [pool-6-thread-8] DEBUG c.h.p.o.dependants.PodInfoConfigMap - [helmcust] Desired PodInfo ConfigMap (extension state hash: -1817474005)
2025-01-28 23:36:10,380 INFO c.h.h.t.HelmChartContainer - [hivemq-test-hivemq-platform] [hivemq-platform-operator] [af3bfc8c] 23:36:10.379 [pool-6-thread-1] DEBUG c.h.p.o.d.StatefulSetResource - [helmcust] Desired StatefulSet (2 replicas) for status STARTING (READY)
2025-01-28 23:36:10,385 INFO c.h.h.t.HelmChartContainer - [hivemq-test-hivemq-platform] [hivemq-platform-operator] [af3bfc8c] 23:36:10.384 [ReconcilerExecutor-hivemq-controller-119] INFO  c.h.p.o.HiveMQPlatformReconciler - [helmcust] Reconciling HiveMQ Platform 'test-hivemq-platform' in namespace 'helmcustomconfigit'
2025-01-28 23:36:10,386 INFO c.h.h.t.HelmChartContainer - [hivemq-test-hivemq-platform] [hivemq-platform-operator] [af3bfc8c] 23:36:10.384 [ReconcilerExecutor-hivemq-controller-119] DEBUG c.h.p.o.HiveMQPlatformReconciler - [helmcust] Custom Resource Status STARTING - HiveMQ Platform is starting (READY)
2025-01-28 23:36:10,386 INFO c.h.h.t.HelmChartContainer - [hivemq-test-hivemq-platform] [hivemq-platform-operator] [af3bfc8c] 23:36:10.384 [ReconcilerExecutor-hivemq-controller-119] DEBUG c.h.p.o.HiveMQPlatformReconciler - [helmcust] Custom Resource Spec (replicas: 2) (extensions: 1)
2025-01-28 23:36:10,426 INFO c.h.h.t.HelmChartContainer - [hivemq-test-hivemq-platform] [hivemq-platform-operator] [af3bfc8c] 23:36:10.424 [ReconcilerExecutor-hivemq-controller-119] DEBUG c.h.p.o.HiveMQPlatformReconciler - [helmcust] StatefulSet Status (revision: test-hivemq-platform-86bfbd5557, replicas: 2, available: 1, ready: 1, current: 2, updated: 2)
2025-01-28 23:36:10,426 INFO c.h.h.t.HelmChartContainer - [hivemq-test-hivemq-platform] [hivemq-platform-operator] [af3bfc8c] 23:36:10.424 [ReconcilerExecutor-hivemq-controller-119] DEBUG c.h.p.o.HiveMQPlatformReconciler - [helmcust] StatefulSet Spec (replicas: 2, init containers: 1, containers: 1, volumes: 3)
2025-01-28 23:36:10,426 INFO c.h.h.t.HelmChartContainer - [hivemq-test-hivemq-platform] [hivemq-platform-operator] [af3bfc8c] 23:36:10.425 [ReconcilerExecutor-hivemq-controller-119] DEBUG c.h.p.o.h.HiveMQPlatformReconcilerErrorHandler - [helmcust] Pod 'test-hivemq-platform-1' phase Running
2025-01-28 23:36:10,427 INFO c.h.h.t.HelmChartContainer - [hivemq-test-hivemq-platform] [hivemq-platform-operator] [af3bfc8c] 23:36:10.426 [ReconcilerExecutor-hivemq-controller-119] DEBUG c.h.p.o.h.HiveMQPlatformReconcilerErrorHandler - [helmcust] Pod 'test-hivemq-platform-0' phase Running
2025-01-28 23:36:10,428 INFO c.h.h.t.HelmChartContainer - [hivemq-test-hivemq-platform] [hivemq-platform-operator] [af3bfc8c] 23:36:10.427 [ReconcilerExecutor-hivemq-controller-119] INFO  c.h.p.o.h.HiveMQPlatformReconcilerBaseHandler - [helmcust] HiveMQ Platform is starting, 1 of 2 replicas are ready
2025-01-28 23:36:11,651 INFO c.h.h.t.HelmChartContainer - [test-hivemq-platform] [hivemq] [7b6b8e9b] WARN  - [HiveMQ Platform Operator Init App 1.7.0-SNAPSHOT] Cannot connect to Health API for readiness: null
2025-01-28 23:36:11,657 INFO c.h.h.t.HelmChartContainer - [EVENT] Warning [Unhealthy] Readiness probe failed: HTTP probe failed with statuscode: 503 [helmcustomconfigit:test-hivemq-platform-1]
2025-01-28 23:36:11,657 INFO c.h.h.t.HelmChartContainer - Received Unhealthy event for container hivemq in pod test-hivemq-platform-1 [7b6b8e9b-b0cd-4240-acf9-f01c542516b6]
2025-01-28 23:36:14,159 INFO c.h.h.t.HelmChartContainer - [test-hivemq-platform] [hivemq] [7b6b8e9b] Jan 28, 2025 11:36:14 PM io.vertx.core.impl.BlockedThreadChecker
2025-01-28 23:36:14,159 INFO c.h.h.t.HelmChartContainer - [test-hivemq-platform] [hivemq] [7b6b8e9b] WARNING: Thread Thread[vert.x-eventloop-thread-1,5,main] has been blocked for 2001 ms, time limit is 2000 ms
2025-01-28 23:36:14,413 INFO c.h.h.t.HelmChartContainer - [test-hivemq-platform] [hivemq] [88695fbf] INFO  - [HiveMQ Platform Operator Init App 1.7.0-SNAPSHOT] Returning Health API response 200 for liveness
2025-01-28 23:36:15,153 INFO c.h.h.t.HelmChartContainer - [test-hivemq-platform] [hivemq] [7b6b8e9b] Jan 28, 2025 11:36:15 PM io.vertx.core.impl.BlockedThreadChecker
2025-01-28 23:36:15,153 INFO c.h.h.t.HelmChartContainer - [test-hivemq-platform] [hivemq] [7b6b8e9b] WARNING: Thread Thread[vert.x-eventloop-thread-1,5,main] has been blocked for 3002 ms, time limit is 2000 ms
2025-01-28 23:36:15,256 INFO c.h.h.t.HelmChartContainer - [test-hivemq-platform] [hivemq] [7b6b8e9b] INFO  - [HiveMQ Platform Operator Init App 1.7.0-SNAPSHOT] Updating Pod HiveMQ Platform Operator Init App version annotation (version: 1.7.0-SNAPSHOT)
2025-01-28 23:36:15,865 INFO c.h.h.t.HelmChartContainer - [POD] test-hivemq-platform-1 [7b6b8e9b-b0cd-4240-acf9-f01c542516b6] in helmcustomconfigit was MODIFIED
2025-01-28 23:36:15,872 INFO c.h.h.t.HelmChartContainer - [hivemq-test-hivemq-platform] [hivemq-platform-operator] [af3bfc8c] 23:36:15.870 [pool-6-thread-17] DEBUG c.h.p.o.d.PlatformServiceResource - [helmcust] Desired Platform services (3 services)
2025-01-28 23:36:15,875 INFO c.h.h.t.HelmChartContainer - [hivemq-test-hivemq-platform] [hivemq-platform-operator] [af3bfc8c] 23:36:15.872 [pool-6-thread-11] DEBUG c.h.p.o.dependants.PodInfoConfigMap - [helmcust] Desired PodInfo ConfigMap (1 extensions) (1 enabled)
2025-01-28 23:36:15,875 INFO c.h.h.t.HelmChartContainer - [hivemq-test-hivemq-platform] [hivemq-platform-operator] [af3bfc8c] 23:36:15.872 [pool-6-thread-11] DEBUG c.h.p.o.dependants.PodInfoConfigMap - [helmcust] Desired PodInfo ConfigMap (metrics port: 9399) (metrics path: /)
2025-01-28 23:36:15,875 INFO c.h.h.t.HelmChartContainer - [hivemq-test-hivemq-platform] [hivemq-platform-operator] [af3bfc8c] 23:36:15.872 [pool-6-thread-11] DEBUG c.h.p.o.dependants.PodInfoConfigMap - [helmcust] Desired PodInfo ConfigMap (extension state hash: -1817474005)
2025-01-28 23:36:15,875 INFO c.h.h.t.HelmChartContainer - [hivemq-test-hivemq-platform] [hivemq-platform-operator] [af3bfc8c] 23:36:15.873 [pool-6-thread-20] DEBUG c.h.p.o.d.PodServiceAccountResource - [helmcust] Desired PodServiceAccountResource (serviceAccountName: hivemq-platform-pod-test-hivemq-platform)
2025-01-28 23:36:15,880 INFO c.h.h.t.HelmChartContainer - [hivemq-test-hivemq-platform] [hivemq-platform-operator] [af3bfc8c] 23:36:15.877 [pool-6-thread-11] DEBUG c.h.p.o.d.StatefulSetResource - [helmcust] Desired StatefulSet (2 replicas) for status STARTING (READY)
2025-01-28 23:36:15,881 INFO c.h.h.t.HelmChartContainer - [hivemq-test-hivemq-platform] [hivemq-platform-operator] [af3bfc8c] 23:36:15.879 [ReconcilerExecutor-hivemq-controller-120] INFO  c.h.p.o.HiveMQPlatformReconciler - [helmcust] Reconciling HiveMQ Platform 'test-hivemq-platform' in namespace 'helmcustomconfigit'
2025-01-28 23:36:15,881 INFO c.h.h.t.HelmChartContainer - [hivemq-test-hivemq-platform] [hivemq-platform-operator] [af3bfc8c] 23:36:15.879 [ReconcilerExecutor-hivemq-controller-120] DEBUG c.h.p.o.HiveMQPlatformReconciler - [helmcust] Custom Resource Status STARTING - HiveMQ Platform is starting (READY)
2025-01-28 23:36:15,881 INFO c.h.h.t.HelmChartContainer - [hivemq-test-hivemq-platform] [hivemq-platform-operator] [af3bfc8c] 23:36:15.879 [ReconcilerExecutor-hivemq-controller-120] DEBUG c.h.p.o.HiveMQPlatformReconciler - [helmcust] Custom Resource Spec (replicas: 2) (extensions: 1)
2025-01-28 23:36:15,882 INFO c.h.h.t.HelmChartContainer - [hivemq-test-hivemq-platform] [hivemq-platform-operator] [af3bfc8c] 23:36:15.880 [ReconcilerExecutor-hivemq-controller-120] DEBUG c.h.p.o.HiveMQPlatformReconciler - [helmcust] StatefulSet Status (revision: test-hivemq-platform-86bfbd5557, replicas: 2, available: 1, ready: 1, current: 2, updated: 2)
2025-01-28 23:36:15,882 INFO c.h.h.t.HelmChartContainer - [hivemq-test-hivemq-platform] [hivemq-platform-operator] [af3bfc8c] 23:36:15.880 [ReconcilerExecutor-hivemq-controller-120] DEBUG c.h.p.o.HiveMQPlatformReconciler - [helmcust] StatefulSet Spec (replicas: 2, init containers: 1, containers: 1, volumes: 3)
2025-01-28 23:36:15,882 INFO c.h.h.t.HelmChartContainer - [hivemq-test-hivemq-platform] [hivemq-platform-operator] [af3bfc8c] 23:36:15.882 [ReconcilerExecutor-hivemq-controller-120] DEBUG c.h.p.o.h.HiveMQPlatformReconcilerErrorHandler - [helmcust] Pod 'test-hivemq-platform-1' phase Running
2025-01-28 23:36:15,884 INFO c.h.h.t.HelmChartContainer - [hivemq-test-hivemq-platform] [hivemq-platform-operator] [af3bfc8c] 23:36:15.884 [ReconcilerExecutor-hivemq-controller-120] DEBUG c.h.p.o.h.HiveMQPlatformReconcilerErrorHandler - [helmcust] Pod 'test-hivemq-platform-0' phase Running
2025-01-28 23:36:15,885 INFO c.h.h.t.HelmChartContainer - [hivemq-test-hivemq-platform] [hivemq-platform-operator] [af3bfc8c] 23:36:15.884 [ReconcilerExecutor-hivemq-controller-120] INFO  c.h.p.o.h.HiveMQPlatformReconcilerBaseHandler - [helmcust] HiveMQ Platform is starting, 1 of 2 replicas are ready
2025-01-28 23:36:15,952 INFO c.h.h.t.HelmChartContainer - [test-hivemq-platform] [hivemq] [7b6b8e9b] WARN  - [HiveMQ Platform Operator Init App 1.7.0-SNAPSHOT] Cannot connect to Health API for readiness: null
2025-01-28 23:36:15,952 INFO c.h.h.t.HelmChartContainer - [test-hivemq-platform] [hivemq] [7b6b8e9b] INFO  - [HiveMQ Platform Operator Init App 1.7.0-SNAPSHOT] Successfully updated Pod HiveMQ Platform Operator Init App version annotation (version: 1.7.0-SNAPSHOT)
2025-01-28 23:36:15,958 INFO c.h.h.t.HelmChartContainer - [EVENT] Warning [Unhealthy] Readiness probe failed: HTTP probe failed with statuscode: 503 [helmcustomconfigit:test-hivemq-platform-1]
2025-01-28 23:36:15,958 INFO c.h.h.t.HelmChartContainer - Received Unhealthy event for container hivemq in pod test-hivemq-platform-1 [7b6b8e9b-b0cd-4240-acf9-f01c542516b6]
2025-01-28 23:36:20,867 INFO c.h.h.t.HelmChartContainer - [test-hivemq-platform] [hivemq] [7b6b8e9b] WARN  - [HiveMQ Platform Operator Init App 1.7.0-SNAPSHOT] Cannot connect to Health API for readiness: null
2025-01-28 23:36:20,871 INFO c.h.h.t.HelmChartContainer - [EVENT] Warning [Unhealthy] Readiness probe failed: HTTP probe failed with statuscode: 503 [helmcustomconfigit:test-hivemq-platform-1]
2025-01-28 23:36:20,871 INFO c.h.h.t.HelmChartContainer - Received Unhealthy event for container hivemq in pod test-hivemq-platform-1 [7b6b8e9b-b0cd-4240-acf9-f01c542516b6]
2025-01-28 23:36:25,867 INFO c.h.h.t.HelmChartContainer - [test-hivemq-platform] [hivemq] [7b6b8e9b] WARN  - [HiveMQ Platform Operator Init App 1.7.0-SNAPSHOT] Cannot connect to Health API for readiness: null
2025-01-28 23:36:25,871 INFO c.h.h.t.HelmChartContainer - [EVENT] Warning [Unhealthy] Readiness probe failed: HTTP probe failed with statuscode: 503 [helmcustomconfigit:test-hivemq-platform-1]
2025-01-28 23:36:25,871 INFO c.h.h.t.HelmChartContainer - Received Unhealthy event for container hivemq in pod test-hivemq-platform-1 [7b6b8e9b-b0cd-4240-acf9-f01c542516b6]
2025-01-28 23:36:25,889 INFO c.h.h.t.HelmChartContainer - [hivemq-test-hivemq-platform] [hivemq-platform-operator] [af3bfc8c] 23:36:25.886 [pool-6-thread-23] DEBUG c.h.p.o.d.PlatformServiceResource - [helmcust] Desired Platform services (3 services)
2025-01-28 23:36:25,889 INFO c.h.h.t.HelmChartContainer - [hivemq-test-hivemq-platform] [hivemq-platform-operator] [af3bfc8c] 23:36:25.888 [pool-6-thread-28] DEBUG c.h.p.o.d.PodServiceAccountResource - [helmcust] Desired PodServiceAccountResource (serviceAccountName: hivemq-platform-pod-test-hivemq-platform)
2025-01-28 23:36:25,891 INFO c.h.h.t.HelmChartContainer - [hivemq-test-hivemq-platform] [hivemq-platform-operator] [af3bfc8c] 23:36:25.888 [pool-6-thread-25] DEBUG c.h.p.o.dependants.PodInfoConfigMap - [helmcust] Desired PodInfo ConfigMap (1 extensions) (1 enabled)
2025-01-28 23:36:25,891 INFO c.h.h.t.HelmChartContainer - [hivemq-test-hivemq-platform] [hivemq-platform-operator] [af3bfc8c] 23:36:25.888 [pool-6-thread-25] DEBUG c.h.p.o.dependants.PodInfoConfigMap - [helmcust] Desired PodInfo ConfigMap (metrics port: 9399) (metrics path: /)
2025-01-28 23:36:25,892 INFO c.h.h.t.HelmChartContainer - [hivemq-test-hivemq-platform] [hivemq-platform-operator] [af3bfc8c] 23:36:25.888 [pool-6-thread-25] DEBUG c.h.p.o.dependants.PodInfoConfigMap - [helmcust] Desired PodInfo ConfigMap (extension state hash: -1817474005)
2025-01-28 23:36:25,895 INFO c.h.h.t.HelmChartContainer - [hivemq-test-hivemq-platform] [hivemq-platform-operator] [af3bfc8c] 23:36:25.893 [pool-6-thread-21] DEBUG c.h.p.o.d.StatefulSetResource - [helmcust] Desired StatefulSet (2 replicas) for status STARTING (READY)
2025-01-28 23:36:25,898 INFO c.h.h.t.HelmChartContainer - [hivemq-test-hivemq-platform] [hivemq-platform-operator] [af3bfc8c] 23:36:25.896 [ReconcilerExecutor-hivemq-controller-121] INFO  c.h.p.o.HiveMQPlatformReconciler - [helmcust] Reconciling HiveMQ Platform 'test-hivemq-platform' in namespace 'helmcustomconfigit'
2025-01-28 23:36:25,898 INFO c.h.h.t.HelmChartContainer - [hivemq-test-hivemq-platform] [hivemq-platform-operator] [af3bfc8c] 23:36:25.896 [ReconcilerExecutor-hivemq-controller-121] DEBUG c.h.p.o.HiveMQPlatformReconciler - [helmcust] Custom Resource Status STARTING - HiveMQ Platform is starting (READY)
2025-01-28 23:36:25,898 INFO c.h.h.t.HelmChartContainer - [hivemq-test-hivemq-platform] [hivemq-platform-operator] [af3bfc8c] 23:36:25.896 [ReconcilerExecutor-hivemq-controller-121] DEBUG c.h.p.o.HiveMQPlatformReconciler - [helmcust] Custom Resource Spec (replicas: 2) (extensions: 1)
2025-01-28 23:36:25,899 INFO c.h.h.t.HelmChartContainer - [hivemq-test-hivemq-platform] [hivemq-platform-operator] [af3bfc8c] 23:36:25.897 [ReconcilerExecutor-hivemq-controller-121] DEBUG c.h.p.o.HiveMQPlatformReconciler - [helmcust] StatefulSet Status (revision: test-hivemq-platform-86bfbd5557, replicas: 2, available: 1, ready: 1, current: 2, updated: 2)
2025-01-28 23:36:25,900 INFO c.h.h.t.HelmChartContainer - [hivemq-test-hivemq-platform] [hivemq-platform-operator] [af3bfc8c] 23:36:25.898 [ReconcilerExecutor-hivemq-controller-121] DEBUG c.h.p.o.HiveMQPlatformReconciler - [helmcust] StatefulSet Spec (replicas: 2, init containers: 1, containers: 1, volumes: 3)
2025-01-28 23:36:25,900 INFO c.h.h.t.HelmChartContainer - [hivemq-test-hivemq-platform] [hivemq-platform-operator] [af3bfc8c] 23:36:25.900 [ReconcilerExecutor-hivemq-controller-121] DEBUG c.h.p.o.h.HiveMQPlatformReconcilerErrorHandler - [helmcust] Pod 'test-hivemq-platform-1' phase Running
2025-01-28 23:36:25,902 INFO c.h.h.t.HelmChartContainer - [hivemq-test-hivemq-platform] [hivemq-platform-operator] [af3bfc8c] 23:36:25.901 [ReconcilerExecutor-hivemq-controller-121] DEBUG c.h.p.o.h.HiveMQPlatformReconcilerErrorHandler - [helmcust] Pod 'test-hivemq-platform-0' phase Running
2025-01-28 23:36:25,902 INFO c.h.h.t.HelmChartContainer - [hivemq-test-hivemq-platform] [hivemq-platform-operator] [af3bfc8c] 23:36:25.902 [ReconcilerExecutor-hivemq-controller-121] INFO  c.h.p.o.h.HiveMQPlatformReconcilerBaseHandler - [helmcust] HiveMQ Platform is starting, 1 of 2 replicas are ready
2025-01-28 23:36:27,069 INFO c.h.h.t.HelmChartContainer - [test-hivemq-platform] [hivemq] [7b6b8e9b] INFO  - No valid license file found. Using trial license, restricted to 25 connections.
2025-01-28 23:36:28,352 INFO c.h.h.t.HelmChartContainer - [test-hivemq-platform] [hivemq] [7b6b8e9b] WARN  - [HiveMQ Platform Operator Init App 1.7.0-SNAPSHOT] Cannot connect to Health API for liveness: null
2025-01-28 23:36:28,353 INFO c.h.h.t.HelmChartContainer - [test-hivemq-platform] [hivemq] [7b6b8e9b] INFO  - [HiveMQ Platform Operator Init App 1.7.0-SNAPSHOT] Returning default Health API response 200 for liveness
2025-01-28 23:36:30,160 INFO c.h.h.t.HelmChartContainer - [test-hivemq-platform] [hivemq] [7b6b8e9b] INFO  - No valid license file for Data Hub found. Using free license, restricted to 1 policy.
2025-01-28 23:36:30,868 INFO c.h.h.t.HelmChartContainer - [test-hivemq-platform] [hivemq] [7b6b8e9b] WARN  - [HiveMQ Platform Operator Init App 1.7.0-SNAPSHOT] Cannot connect to Health API for readiness: null
2025-01-28 23:36:30,871 INFO c.h.h.t.HelmChartContainer - [EVENT] Warning [Unhealthy] Readiness probe failed: HTTP probe failed with statuscode: 503 [helmcustomconfigit:test-hivemq-platform-1]
2025-01-28 23:36:30,871 INFO c.h.h.t.HelmChartContainer - Received Unhealthy event for container hivemq in pod test-hivemq-platform-1 [7b6b8e9b-b0cd-4240-acf9-f01c542516b6]
2025-01-28 23:36:31,275 INFO c.h.h.t.HelmChartContainer - [test-hivemq-platform] [hivemq] [7b6b8e9b] INFO  - Audit Logger started.
2025-01-28 23:36:31,562 INFO c.h.h.t.HelmChartContainer - [test-hivemq-platform] [hivemq] [7b6b8e9b] INFO  - This node uses '1' CPU cores.
2025-01-28 23:36:31,565 INFO c.h.h.t.HelmChartContainer - [test-hivemq-platform] [hivemq] [7b6b8e9b] INFO  - Starting HiveMQ Health API on address 0.0.0.0 and port 8889
2025-01-28 23:36:32,271 INFO c.h.h.t.HelmChartContainer - [test-hivemq-platform] [hivemq] [7b6b8e9b] INFO  - Started HiveMQ Health API in 706ms
2025-01-28 23:36:32,859 INFO c.h.h.t.HelmChartContainer - [test-hivemq-platform] [hivemq] [7b6b8e9b] INFO  - Starting HiveMQ extension system.
2025-01-28 23:36:33,065 INFO c.h.h.t.HelmChartContainer - [test-hivemq-platform] [hivemq] [7b6b8e9b] INFO  - Starting extension with id "hivemq-dns-cluster-discovery" at /opt/hivemq/extensions/hivemq-dns-cluster-discovery
2025-01-28 23:36:33,468 INFO c.h.h.t.HelmChartContainer - [test-hivemq-platform] [hivemq] [7b6b8e9b] INFO  - Using TCP cluster transport on address 10.42.0.9 and port 7000
2025-01-28 23:36:33,554 INFO c.h.h.t.HelmChartContainer - [test-hivemq-platform] [hivemq] [7b6b8e9b] INFO  - Using extension cluster discovery
2025-01-28 23:36:33,756 INFO c.h.h.t.HelmChartContainer - [test-hivemq-platform] [hivemq] [7b6b8e9b] INFO  - Extension "DNS Cluster Discovery Extension" version 4.3.2 started successfully.
2025-01-28 23:36:33,756 INFO c.h.h.t.HelmChartContainer - [test-hivemq-platform] [hivemq] [7b6b8e9b] INFO  - Starting extension with id "hivemq-prometheus-extension" at /opt/hivemq/extensions/hivemq-prometheus-extension
2025-01-28 23:36:34,453 INFO c.h.h.t.HelmChartContainer - [test-hivemq-platform] [hivemq] [7b6b8e9b] INFO  - Started Jetty Server exposing Prometheus Servlet on URI http://0.0.0.0:9399/
2025-01-28 23:36:34,454 INFO c.h.h.t.HelmChartContainer - [test-hivemq-platform] [hivemq] [7b6b8e9b] INFO  - Extension "Prometheus Monitoring Extension" version 4.0.12 started successfully.
2025-01-28 23:36:34,454 INFO c.h.h.t.HelmChartContainer - [test-hivemq-platform] [hivemq] [7b6b8e9b] INFO  - Starting extension with id "hivemq-allow-all-extension" at /opt/hivemq/extensions/hivemq-allow-all-extension
2025-01-28 23:36:34,454 INFO c.h.h.t.HelmChartContainer - [test-hivemq-platform] [hivemq] [7b6b8e9b] WARN  - 
2025-01-28 23:36:34,454 INFO c.h.h.t.HelmChartContainer - [test-hivemq-platform] [hivemq] [7b6b8e9b] ################################################################################################################
2025-01-28 23:36:34,454 INFO c.h.h.t.HelmChartContainer - [test-hivemq-platform] [hivemq] [7b6b8e9b] # This HiveMQ deployment is not secure! You are lacking Authentication and Authorization.                      #
2025-01-28 23:36:34,454 INFO c.h.h.t.HelmChartContainer - [test-hivemq-platform] [hivemq] [7b6b8e9b] # Right now any MQTT client can connect to the broker with a full set of permissions.                          #
2025-01-28 23:36:34,454 INFO c.h.h.t.HelmChartContainer - [test-hivemq-platform] [hivemq] [7b6b8e9b] # For production usage, add an appropriate security extension and remove the hivemq-allow-all extension.       #
2025-01-28 23:36:34,454 INFO c.h.h.t.HelmChartContainer - [test-hivemq-platform] [hivemq] [7b6b8e9b] # You can download security extensions from the HiveMQ Marketplace (https://www.hivemq.com/extensions/).       #
2025-01-28 23:36:34,454 INFO c.h.h.t.HelmChartContainer - [test-hivemq-platform] [hivemq] [7b6b8e9b] ################################################################################################################
2025-01-28 23:36:34,454 INFO c.h.h.t.HelmChartContainer - [test-hivemq-platform] [hivemq] [7b6b8e9b] INFO  - Extension "Allow All Extension" version 1.1.1 started successfully.
2025-01-28 23:36:34,679 INFO c.h.h.t.HelmChartContainer - [test-hivemq-platform] [hivemq] [88695fbf] INFO  - Cluster nodes found by discovery: [Tri0Z|1] (2) [Tri0Z, jag5t].
2025-01-28 23:36:34,757 INFO c.h.h.t.HelmChartContainer - [test-hivemq-platform] [hivemq] [7b6b8e9b] INFO  - Cluster nodes found by discovery: [Tri0Z|1] (2) [Tri0Z, jag5t].
2025-01-28 23:36:34,953 INFO c.h.h.t.HelmChartContainer - [test-hivemq-platform] [hivemq] [7b6b8e9b] INFO  - Cluster size = 1, members : [Tri0Z].
2025-01-28 23:36:35,234 INFO c.h.h.t.HelmChartContainer - [test-hivemq-platform] [hivemq] [7b6b8e9b] INFO  - Starting cluster join process. This may take a while. Please do not shut down HiveMQ.
2025-01-28 23:36:35,235 INFO c.h.h.t.HelmChartContainer - [test-hivemq-platform] [hivemq] [7b6b8e9b] INFO  - Cluster join process is still ongoing. Please do not shut down HiveMQ.
2025-01-28 23:36:35,908 INFO c.h.h.t.HelmChartContainer - [hivemq-test-hivemq-platform] [hivemq-platform-operator] [af3bfc8c] 23:36:35.905 [pool-6-thread-33] DEBUG c.h.p.o.d.PlatformServiceResource - [helmcust] Desired Platform services (3 services)
2025-01-28 23:36:35,908 INFO c.h.h.t.HelmChartContainer - [hivemq-test-hivemq-platform] [hivemq-platform-operator] [af3bfc8c] 23:36:35.905 [pool-6-thread-32] DEBUG c.h.p.o.dependants.PodInfoConfigMap - [helmcust] Desired PodInfo ConfigMap (1 extensions) (1 enabled)
2025-01-28 23:36:35,908 INFO c.h.h.t.HelmChartContainer - [hivemq-test-hivemq-platform] [hivemq-platform-operator] [af3bfc8c] 23:36:35.905 [pool-6-thread-32] DEBUG c.h.p.o.dependants.PodInfoConfigMap - [helmcust] Desired PodInfo ConfigMap (metrics port: 9399) (metrics path: /)
2025-01-28 23:36:35,908 INFO c.h.h.t.HelmChartContainer - [hivemq-test-hivemq-platform] [hivemq-platform-operator] [af3bfc8c] 23:36:35.905 [pool-6-thread-32] DEBUG c.h.p.o.dependants.PodInfoConfigMap - [helmcust] Desired PodInfo ConfigMap (extension state hash: -1817474005)
2025-01-28 23:36:35,908 INFO c.h.h.t.HelmChartContainer - [hivemq-test-hivemq-platform] [hivemq-platform-operator] [af3bfc8c] 23:36:35.905 [pool-6-thread-38] DEBUG c.h.p.o.d.PodServiceAccountResource - [helmcust] Desired PodServiceAccountResource (serviceAccountName: hivemq-platform-pod-test-hivemq-platform)
2025-01-28 23:36:35,911 INFO c.h.h.t.HelmChartContainer - [hivemq-test-hivemq-platform] [hivemq-platform-operator] [af3bfc8c] 23:36:35.910 [pool-6-thread-33] DEBUG c.h.p.o.d.StatefulSetResource - [helmcust] Desired StatefulSet (2 replicas) for status STARTING (READY)
2025-01-28 23:36:35,915 INFO c.h.h.t.HelmChartContainer - [hivemq-test-hivemq-platform] [hivemq-platform-operator] [af3bfc8c] 23:36:35.913 [ReconcilerExecutor-hivemq-controller-122] INFO  c.h.p.o.HiveMQPlatformReconciler - [helmcust] Reconciling HiveMQ Platform 'test-hivemq-platform' in namespace 'helmcustomconfigit'
2025-01-28 23:36:35,915 INFO c.h.h.t.HelmChartContainer - [hivemq-test-hivemq-platform] [hivemq-platform-operator] [af3bfc8c] 23:36:35.913 [ReconcilerExecutor-hivemq-controller-122] DEBUG c.h.p.o.HiveMQPlatformReconciler - [helmcust] Custom Resource Status STARTING - HiveMQ Platform is starting (READY)
2025-01-28 23:36:35,915 INFO c.h.h.t.HelmChartContainer - [hivemq-test-hivemq-platform] [hivemq-platform-operator] [af3bfc8c] 23:36:35.913 [ReconcilerExecutor-hivemq-controller-122] DEBUG c.h.p.o.HiveMQPlatformReconciler - [helmcust] Custom Resource Spec (replicas: 2) (extensions: 1)
2025-01-28 23:36:35,915 INFO c.h.h.t.HelmChartContainer - [hivemq-test-hivemq-platform] [hivemq-platform-operator] [af3bfc8c] 23:36:35.914 [ReconcilerExecutor-hivemq-controller-122] DEBUG c.h.p.o.HiveMQPlatformReconciler - [helmcust] StatefulSet Status (revision: test-hivemq-platform-86bfbd5557, replicas: 2, available: 1, ready: 1, current: 2, updated: 2)
2025-01-28 23:36:35,915 INFO c.h.h.t.HelmChartContainer - [hivemq-test-hivemq-platform] [hivemq-platform-operator] [af3bfc8c] 23:36:35.914 [ReconcilerExecutor-hivemq-controller-122] DEBUG c.h.p.o.HiveMQPlatformReconciler - [helmcust] StatefulSet Spec (replicas: 2, init containers: 1, containers: 1, volumes: 3)
2025-01-28 23:36:35,917 INFO c.h.h.t.HelmChartContainer - [hivemq-test-hivemq-platform] [hivemq-platform-operator] [af3bfc8c] 23:36:35.916 [ReconcilerExecutor-hivemq-controller-122] DEBUG c.h.p.o.h.HiveMQPlatformReconcilerErrorHandler - [helmcust] Pod 'test-hivemq-platform-1' phase Running
2025-01-28 23:36:35,919 INFO c.h.h.t.HelmChartContainer - [hivemq-test-hivemq-platform] [hivemq-platform-operator] [af3bfc8c] 23:36:35.918 [ReconcilerExecutor-hivemq-controller-122] DEBUG c.h.p.o.h.HiveMQPlatformReconcilerErrorHandler - [helmcust] Pod 'test-hivemq-platform-0' phase Running
2025-01-28 23:36:35,920 INFO c.h.h.t.HelmChartContainer - [hivemq-test-hivemq-platform] [hivemq-platform-operator] [af3bfc8c] 23:36:35.919 [ReconcilerExecutor-hivemq-controller-122] INFO  c.h.p.o.h.HiveMQPlatformReconcilerBaseHandler - [helmcust] HiveMQ Platform is starting, 1 of 2 replicas are ready
2025-01-28 23:36:36,349 INFO c.h.h.t.HelmChartContainer - [test-hivemq-platform] [hivemq] [7b6b8e9b] INFO  - [HiveMQ Platform Operator Init App 1.7.0-SNAPSHOT] Returning Health API response 503 for readiness
2025-01-28 23:36:36,354 INFO c.h.h.t.HelmChartContainer - [EVENT] Warning [Unhealthy] Readiness probe failed: HTTP probe failed with statuscode: 503 [helmcustomconfigit:test-hivemq-platform-1]
2025-01-28 23:36:36,355 INFO c.h.h.t.HelmChartContainer - Received Unhealthy event for container hivemq in pod test-hivemq-platform-1 [7b6b8e9b-b0cd-4240-acf9-f01c542516b6]
2025-01-28 23:36:37,245 INFO c.h.h.t.HelmChartContainer - [test-hivemq-platform] [hivemq] [88695fbf] INFO  - Cluster size = 2, members : [Tri0Z, jag5t].
2025-01-28 23:36:37,257 INFO c.h.h.t.HelmChartContainer - [test-hivemq-platform] [hivemq] [7b6b8e9b] INFO  - Cluster size = 2, members : [Tri0Z, jag5t].
2025-01-28 23:36:37,260 INFO c.h.h.t.HelmChartContainer - [test-hivemq-platform] [hivemq] [7b6b8e9b] INFO  - Finished cluster join process successfully.
2025-01-28 23:36:37,261 INFO c.h.h.t.HelmChartContainer - [test-hivemq-platform] [hivemq] [7b6b8e9b] WARN  - No user for HiveMQ Control Center configured. Starting with default user
2025-01-28 23:36:37,261 INFO c.h.h.t.HelmChartContainer - [test-hivemq-platform] [hivemq] [7b6b8e9b] INFO  - Starting HiveMQ Control Center on address 0.0.0.0 and port 8080
2025-01-28 23:36:37,267 INFO c.h.h.t.HelmChartContainer - [test-hivemq-platform] [hivemq] [7b6b8e9b] INFO  - Mounting HiveMQ Control Center V2 Preview
2025-01-28 23:36:37,858 INFO c.h.h.t.HelmChartContainer - [test-hivemq-platform] [hivemq] [7b6b8e9b] INFO  - Started HiveMQ Control Center in 598ms
2025-01-28 23:36:37,872 INFO c.h.h.t.HelmChartContainer - [test-hivemq-platform] [hivemq] [7b6b8e9b] INFO  - Starting TCP listener on address 0.0.0.0 and port 1883
2025-01-28 23:36:37,959 INFO c.h.h.t.HelmChartContainer - [test-hivemq-platform] [hivemq] [7b6b8e9b] INFO  - Started TCP Listener on address 0.0.0.0 and on port 1883.
2025-01-28 23:36:37,959 INFO c.h.h.t.HelmChartContainer - [test-hivemq-platform] [hivemq] [7b6b8e9b] INFO  - Started HiveMQ in 30704ms
2025-01-28 23:36:40,868 INFO c.h.h.t.HelmChartContainer - [test-hivemq-platform] [hivemq] [7b6b8e9b] INFO  - [HiveMQ Platform Operator Init App 1.7.0-SNAPSHOT] Returning Health API response 200 for readiness
2025-01-28 23:36:40,882 INFO c.h.h.t.HelmChartContainer - [POD] test-hivemq-platform-1 [7b6b8e9b-b0cd-4240-acf9-f01c542516b6] in helmcustomconfigit was MODIFIED
2025-01-28 23:36:40,899 INFO c.h.h.t.HelmChartContainer - [hivemq-test-hivemq-platform] [hivemq-platform-operator] [af3bfc8c] 23:36:40.884 [pool-6-thread-47] DEBUG c.h.p.o.d.PlatformServiceResource - [helmcust] Desired Platform services (3 services)
2025-01-28 23:36:40,899 INFO c.h.h.t.HelmChartContainer - [hivemq-test-hivemq-platform] [hivemq-platform-operator] [af3bfc8c] 23:36:40.886 [pool-6-thread-41] DEBUG c.h.p.o.dependants.PodInfoConfigMap - [helmcust] Desired PodInfo ConfigMap (1 extensions) (1 enabled)
2025-01-28 23:36:40,899 INFO c.h.h.t.HelmChartContainer - [hivemq-test-hivemq-platform] [hivemq-platform-operator] [af3bfc8c] 23:36:40.887 [pool-6-thread-41] DEBUG c.h.p.o.dependants.PodInfoConfigMap - [helmcust] Desired PodInfo ConfigMap (metrics port: 9399) (metrics path: /)
2025-01-28 23:36:40,899 INFO c.h.h.t.HelmChartContainer - [hivemq-test-hivemq-platform] [hivemq-platform-operator] [af3bfc8c] 23:36:40.887 [pool-6-thread-41] DEBUG c.h.p.o.dependants.PodInfoConfigMap - [helmcust] Desired PodInfo ConfigMap (extension state hash: -1817474005)
2025-01-28 23:36:40,899 INFO c.h.h.t.HelmChartContainer - [hivemq-test-hivemq-platform] [hivemq-platform-operator] [af3bfc8c] 23:36:40.889 [pool-6-thread-41] DEBUG c.h.p.o.d.PodServiceAccountResource - [helmcust] Desired PodServiceAccountResource (serviceAccountName: hivemq-platform-pod-test-hivemq-platform)
2025-01-28 23:36:40,900 INFO c.h.h.t.HelmChartContainer - [hivemq-test-hivemq-platform] [hivemq-platform-operator] [af3bfc8c] 23:36:40.894 [pool-6-thread-47] DEBUG c.h.p.o.d.StatefulSetResource - [helmcust] Desired StatefulSet (2 replicas) for status STARTING (READY)
2025-01-28 23:36:40,903 INFO c.h.h.t.HelmChartContainer - [hivemq-test-hivemq-platform] [hivemq-platform-operator] [af3bfc8c] 23:36:40.898 [ReconcilerExecutor-hivemq-controller-123] INFO  c.h.p.o.HiveMQPlatformReconciler - [helmcust] Reconciling HiveMQ Platform 'test-hivemq-platform' in namespace 'helmcustomconfigit'
2025-01-28 23:36:40,905 INFO c.h.h.t.HelmChartContainer - [hivemq-test-hivemq-platform] [hivemq-platform-operator] [af3bfc8c] 23:36:40.899 [ReconcilerExecutor-hivemq-controller-123] DEBUG c.h.p.o.HiveMQPlatformReconciler - [helmcust] Custom Resource Status STARTING - HiveMQ Platform is starting (READY)
2025-01-28 23:36:40,905 INFO c.h.h.t.HelmChartContainer - [hivemq-test-hivemq-platform] [hivemq-platform-operator] [af3bfc8c] 23:36:40.899 [ReconcilerExecutor-hivemq-controller-123] DEBUG c.h.p.o.HiveMQPlatformReconciler - [helmcust] Custom Resource Spec (replicas: 2) (extensions: 1)
2025-01-28 23:36:40,905 INFO c.h.h.t.HelmChartContainer - [hivemq-test-hivemq-platform] [hivemq-platform-operator] [af3bfc8c] 23:36:40.900 [ReconcilerExecutor-hivemq-controller-123] DEBUG c.h.p.o.HiveMQPlatformReconciler - [helmcust] StatefulSet Status (revision: test-hivemq-platform-86bfbd5557, replicas: 2, available: 1, ready: 1, current: 2, updated: 2)
2025-01-28 23:36:40,905 INFO c.h.h.t.HelmChartContainer - [hivemq-test-hivemq-platform] [hivemq-platform-operator] [af3bfc8c] 23:36:40.900 [ReconcilerExecutor-hivemq-controller-123] DEBUG c.h.p.o.HiveMQPlatformReconciler - [helmcust] StatefulSet Spec (replicas: 2, init containers: 1, containers: 1, volumes: 3)
2025-01-28 23:36:40,962 INFO c.h.h.t.HelmChartContainer - [hivemq-test-hivemq-platform] [hivemq-platform-operator] [af3bfc8c] 23:36:40.960 [ReconcilerExecutor-hivemq-controller-123] DEBUG c.h.p.o.h.HiveMQPlatformReconcilerErrorHandler - [helmcust] Pod 'test-hivemq-platform-1' phase Running
2025-01-28 23:36:40,962 INFO c.h.h.t.HelmChartContainer - [hivemq-test-hivemq-platform] [hivemq-platform-operator] [af3bfc8c] 23:36:40.961 [ReconcilerExecutor-hivemq-controller-123] DEBUG c.h.p.o.h.HiveMQPlatformReconcilerErrorHandler - [helmcust] Pod 'test-hivemq-platform-0' phase Running
2025-01-28 23:36:40,963 INFO c.h.h.t.HelmChartContainer - [hivemq-test-hivemq-platform] [hivemq-platform-operator] [af3bfc8c] 23:36:40.962 [ReconcilerExecutor-hivemq-controller-123] INFO  c.h.p.o.h.HiveMQPlatformReconcilerBaseHandler - [helmcust] HiveMQ Platform is starting, 1 of 2 replicas are ready
2025-01-28 23:36:40,966 INFO c.h.h.t.HelmChartContainer - [hivemq-test-hivemq-platform] [hivemq-platform-operator] [af3bfc8c] 23:36:40.964 [pool-6-thread-3] DEBUG c.h.p.o.d.PlatformServiceResource - [helmcust] Desired Platform services (3 services)
2025-01-28 23:36:40,967 INFO c.h.h.t.HelmChartContainer - [hivemq-test-hivemq-platform] [hivemq-platform-operator] [af3bfc8c] 23:36:40.965 [pool-6-thread-9] DEBUG c.h.p.o.dependants.PodInfoConfigMap - [helmcust] Desired PodInfo ConfigMap (1 extensions) (1 enabled)
2025-01-28 23:36:40,967 INFO c.h.h.t.HelmChartContainer - [hivemq-test-hivemq-platform] [hivemq-platform-operator] [af3bfc8c] 23:36:40.965 [pool-6-thread-9] DEBUG c.h.p.o.dependants.PodInfoConfigMap - [helmcust] Desired PodInfo ConfigMap (metrics port: 9399) (metrics path: /)
2025-01-28 23:36:40,967 INFO c.h.h.t.HelmChartContainer - [hivemq-test-hivemq-platform] [hivemq-platform-operator] [af3bfc8c] 23:36:40.965 [pool-6-thread-9] DEBUG c.h.p.o.dependants.PodInfoConfigMap - [helmcust] Desired PodInfo ConfigMap (extension state hash: -1817474005)
2025-01-28 23:36:40,967 INFO c.h.h.t.HelmChartContainer - [hivemq-test-hivemq-platform] [hivemq-platform-operator] [af3bfc8c] 23:36:40.966 [pool-6-thread-7] DEBUG c.h.p.o.d.PodServiceAccountResource - [helmcust] Desired PodServiceAccountResource (serviceAccountName: hivemq-platform-pod-test-hivemq-platform)
2025-01-28 23:36:40,970 INFO c.h.h.t.HelmChartContainer - [hivemq-test-hivemq-platform] [hivemq-platform-operator] [af3bfc8c] 23:36:40.970 [pool-6-thread-10] DEBUG c.h.p.o.d.StatefulSetResource - [helmcust] Desired StatefulSet (2 replicas) for status STARTING (READY)
2025-01-28 23:36:40,974 INFO c.h.h.t.HelmChartContainer - [hivemq-test-hivemq-platform] [hivemq-platform-operator] [af3bfc8c] 23:36:40.973 [ReconcilerExecutor-hivemq-controller-124] INFO  c.h.p.o.HiveMQPlatformReconciler - [helmcust] Reconciling HiveMQ Platform 'test-hivemq-platform' in namespace 'helmcustomconfigit'
2025-01-28 23:36:40,974 INFO c.h.h.t.HelmChartContainer - [hivemq-test-hivemq-platform] [hivemq-platform-operator] [af3bfc8c] 23:36:40.973 [ReconcilerExecutor-hivemq-controller-124] DEBUG c.h.p.o.HiveMQPlatformReconciler - [helmcust] Custom Resource Status STARTING - HiveMQ Platform is starting (READY)
2025-01-28 23:36:40,974 INFO c.h.h.t.HelmChartContainer - [hivemq-test-hivemq-platform] [hivemq-platform-operator] [af3bfc8c] 23:36:40.973 [ReconcilerExecutor-hivemq-controller-124] DEBUG c.h.p.o.HiveMQPlatformReconciler - [helmcust] Custom Resource Spec (replicas: 2) (extensions: 1)
2025-01-28 23:36:40,975 INFO c.h.h.t.HelmChartContainer - [hivemq-test-hivemq-platform] [hivemq-platform-operator] [af3bfc8c] 23:36:40.974 [ReconcilerExecutor-hivemq-controller-124] DEBUG c.h.p.o.HiveMQPlatformReconciler - [helmcust] StatefulSet Status (revision: test-hivemq-platform-86bfbd5557, replicas: 2, available: 2, ready: 2, current: 2, updated: 2)
2025-01-28 23:36:40,975 INFO c.h.h.t.HelmChartContainer - [hivemq-test-hivemq-platform] [hivemq-platform-operator] [af3bfc8c] 23:36:40.974 [ReconcilerExecutor-hivemq-controller-124] DEBUG c.h.p.o.HiveMQPlatformReconciler - [helmcust] StatefulSet Spec (replicas: 2, init containers: 1, containers: 1, volumes: 3)
2025-01-28 23:36:40,975 INFO c.h.h.t.HelmChartContainer - [hivemq-test-hivemq-platform] [hivemq-platform-operator] [af3bfc8c] 23:36:40.975 [ReconcilerExecutor-hivemq-controller-124] DEBUG c.h.p.o.h.HiveMQPlatformReconcilerErrorHandler - [helmcust] Pod 'test-hivemq-platform-1' phase Running
2025-01-28 23:36:41,061 INFO c.h.h.t.HelmChartContainer - [hivemq-test-hivemq-platform] [hivemq-platform-operator] [af3bfc8c] 23:36:41.059 [ReconcilerExecutor-hivemq-controller-124] DEBUG c.h.p.o.h.HiveMQPlatformReconcilerErrorHandler - [helmcust] Pod 'test-hivemq-platform-0' phase Running
2025-01-28 23:36:41,062 INFO c.h.h.t.HelmChartContainer - [hivemq-test-hivemq-platform] [hivemq-platform-operator] [af3bfc8c] 23:36:41.060 [ReconcilerExecutor-hivemq-controller-124] INFO  c.h.p.o.h.HiveMQPlatformReconcilerBaseHandler - [helmcust] HiveMQ Platform started successfully
2025-01-28 23:36:41,083 INFO c.h.h.t.HelmChartContainer - [hivemq-test-hivemq-platform] [hivemq-platform-operator] [af3bfc8c] 23:36:41.083 [ReconcilerExecutor-hivemq-controller-124] DEBUG c.h.p.operator.event.EventSender - [helmcust] Creating K8s event hivemq-platform-ready: [Ready] HiveMQ Platform is ready
2025-01-28 23:36:41,163 INFO c.h.h.t.HelmChartContainer - [EVENT] Normal [Ready] HiveMQ Platform is ready [helmcustomconfigit:test-hivemq-platform]
2025-01-28 23:36:41,168 INFO c.h.h.t.HelmChartContainer - [hivemq-test-hivemq-platform] [hivemq-platform-operator] [af3bfc8c] 23:36:41.163 [ReconcilerExecutor-hivemq-controller-124] INFO  c.h.p.o.h.AbstractHiveMQReconcilerStateHandler - [helmcust] Update HiveMQ Platform Status (STARTING [READY] -> RUNNING [READY]): HiveMQ Platform is ready
2025-01-28 23:36:41,176 DEBUG com.hivemq.helmcharts.util.K8sUtil - Comparing actual state 'RUNNING' and waiting for 'RUNNING'
2025-01-28 23:36:43,198 INFO c.h.h.t.HelmChartContainer - Uninstalling release 'test-hivemq-platform' in namespace 'helmcustomconfigit'...
2025-01-28 23:36:43,198 DEBUG c.h.h.t.HelmChartContainer - Executing helm command: /bin/helm --kubeconfig /etc/rancher/k3s/k3s.yaml uninstall test-hivemq-platform  --wait --timeout 5m0s --cascade foreground --namespace helmcustomconfigit
2025-01-28 23:36:43,402 INFO c.h.h.t.HelmChartContainer - [hivemq-test-hivemq-platform] [hivemq-platform-operator] [af3bfc8c] 23:36:43.398 [ReconcilerExecutor-hivemq-controller-125] INFO  c.h.p.o.HiveMQPlatformReconciler - [helmcust] Cleanup test-hivemq-platform - helmcustomconfigit HiveMQ Platform is shut down
2025-01-28 23:36:43,491 INFO c.h.h.t.HelmChartContainer - [K3S] [authentication.go:74] "Unable to authenticate the request" err="[invalid bearer token, serviceaccounts \"hivemq-platform-pod-test-hivemq-platform\" not found]"
2025-01-28 23:36:43,513 INFO c.h.h.t.HelmChartContainer - [K3S] [authentication.go:74] "Unable to authenticate the request" err="[invalid bearer token, serviceaccounts \"hivemq-platform-pod-test-hivemq-platform\" not found]"
2025-01-28 23:36:43,607 INFO c.h.h.t.HelmChartContainer - [test-hivemq-platform] [hivemq] [88695fbf] WARN  - [HiveMQ Platform Operator Init App 1.7.0-SNAPSHOT] Could not update Pod annotations: Failure executing: GET at: https://10.43.0.1:443/api/v1/namespaces/helmcustomconfigit/pods/test-hivemq-platform-0. Message: Unauthorized. Received status: Status(apiVersion=v1, code=401, details=null, kind=Status, message=Unauthorized, metadata=ListMeta(_continue=null, remainingItemCount=null, resourceVersion=null, selfLink=null, additionalProperties={}), reason=Unauthorized, status=Failure, additionalProperties={}).
2025-01-28 23:36:43,979 INFO c.h.h.t.HelmChartContainer - [POD] test-hivemq-platform-1 [7b6b8e9b-b0cd-4240-acf9-f01c542516b6] in helmcustomconfigit was MODIFIED
2025-01-28 23:36:43,989 INFO c.h.h.t.HelmChartContainer - [EVENT] Normal [Killing] Stopping container hivemq [helmcustomconfigit:test-hivemq-platform-1]
2025-01-28 23:36:43,990 INFO c.h.h.t.HelmChartContainer - Received Killing event for container hivemq in pod test-hivemq-platform-1 [7b6b8e9b-b0cd-4240-acf9-f01c542516b6]
2025-01-28 23:36:43,990 INFO c.h.h.t.HelmChartContainer - Container [test-hivemq-platform-1] [hivemq] [7b6b8e9b-b0cd-4240-acf9-f01c542516b6] was terminated
2025-01-28 23:36:43,990 INFO c.h.h.t.HelmChartContainer - Stopped log watcher for hivemq in pod test-hivemq-platform-1 [7b6b8e9b-b0cd-4240-acf9-f01c542516b6]
2025-01-28 23:36:43,993 INFO c.h.h.t.HelmChartContainer - [test-hivemq-platform] [hivemq] [7b6b8e9b] INFO  - [HiveMQ Platform Operator Init App 1.7.0-SNAPSHOT] Shutting down
2025-01-28 23:36:43,993 INFO c.h.h.t.HelmChartContainer - [test-hivemq-platform] [hivemq] [7b6b8e9b] INFO  - [HiveMQ Platform Operator Init App 1.7.0-SNAPSHOT] Stopping the HiveMQ Platform
2025-01-28 23:36:44,032 INFO c.h.h.t.HelmChartContainer - [POD] test-hivemq-platform-0 [88695fbf-ba73-4c58-b539-d785eec8ac8b] in helmcustomconfigit was MODIFIED
2025-01-28 23:36:44,041 INFO c.h.h.t.HelmChartContainer - [EVENT] Normal [Killing] Stopping container hivemq [helmcustomconfigit:test-hivemq-platform-0]
2025-01-28 23:36:44,041 INFO c.h.h.t.HelmChartContainer - Received Killing event for container hivemq in pod test-hivemq-platform-0 [88695fbf-ba73-4c58-b539-d785eec8ac8b]
2025-01-28 23:36:44,041 INFO c.h.h.t.HelmChartContainer - Container [test-hivemq-platform-0] [hivemq] [88695fbf-ba73-4c58-b539-d785eec8ac8b] was terminated
2025-01-28 23:36:44,041 INFO c.h.h.t.HelmChartContainer - Stopped log watcher for hivemq in pod test-hivemq-platform-0 [88695fbf-ba73-4c58-b539-d785eec8ac8b]
2025-01-28 23:36:44,042 INFO c.h.h.t.HelmChartContainer - [test-hivemq-platform] [hivemq] [88695fbf] INFO  - [HiveMQ Platform Operator Init App 1.7.0-SNAPSHOT] Shutting down
2025-01-28 23:36:44,042 INFO c.h.h.t.HelmChartContainer - [test-hivemq-platform] [hivemq] [88695fbf] INFO  - [HiveMQ Platform Operator Init App 1.7.0-SNAPSHOT] Stopping the HiveMQ Platform
2025-01-28 23:36:44,068 INFO c.h.h.t.HelmChartContainer - [test-hivemq-platform] [hivemq] [7b6b8e9b] INFO  - Shutting down HiveMQ. Please wait, this could take a while...
2025-01-28 23:36:44,072 INFO c.h.h.t.HelmChartContainer - [test-hivemq-platform] [hivemq] [7b6b8e9b] INFO  - Shutting down listeners and clients
2025-01-28 23:36:44,131 INFO c.h.h.t.HelmChartContainer - [test-hivemq-platform] [hivemq] [88695fbf] INFO  - Shutting down HiveMQ. Please wait, this could take a while...
2025-01-28 23:36:44,134 INFO c.h.h.t.HelmChartContainer - [test-hivemq-platform] [hivemq] [88695fbf] INFO  - Shutting down listeners and clients
2025-01-28 23:36:44,136 INFO c.h.h.t.HelmChartContainer - [test-hivemq-platform] [hivemq] [88695fbf] INFO  - Shutdown of listeners is done
2025-01-28 23:36:44,136 INFO c.h.h.t.HelmChartContainer - [test-hivemq-platform] [hivemq] [88695fbf] INFO  - No clients are connected, proceeding with shutdown
2025-01-28 23:36:44,149 INFO c.h.h.t.HelmChartContainer - [test-hivemq-platform] [hivemq] [7b6b8e9b] INFO  - Shutdown of listeners is done
2025-01-28 23:36:44,149 INFO c.h.h.t.HelmChartContainer - [test-hivemq-platform] [hivemq] [7b6b8e9b] INFO  - No clients are connected, proceeding with shutdown
2025-01-28 23:36:45,428 INFO c.h.h.t.HelmChartContainer - Deleting namespace 'helmcustomconfigit'...
2025-01-28 23:36:45,864 INFO c.h.h.t.HelmChartContainer - [test-hivemq-platform] [hivemq] [7b6b8e9b] INFO  - [HiveMQ Platform Operator Init App 1.7.0-SNAPSHOT] Returning shutdown Health API response 503 for readiness
2025-01-28 23:36:45,868 INFO c.h.h.t.HelmChartContainer - [EVENT] Warning [Unhealthy] Readiness probe failed: HTTP probe failed with statuscode: 503 [helmcustomconfigit:test-hivemq-platform-1]
2025-01-28 23:36:45,868 INFO c.h.h.t.HelmChartContainer - Received Unhealthy event for container hivemq in pod test-hivemq-platform-1 [7b6b8e9b-b0cd-4240-acf9-f01c542516b6]
2025-01-28 23:36:46,186 INFO c.h.h.t.HelmChartContainer - [K3S] [authentication.go:74] "Unable to authenticate the request" err="[invalid bearer token, serviceaccounts \"hivemq-platform-pod-test-hivemq-platform\" not found]"
2025-01-28 23:36:46,202 INFO c.h.h.t.HelmChartContainer - [K3S] [authentication.go:74] "Unable to authenticate the request" err="[invalid bearer token, serviceaccounts \"hivemq-platform-pod-test-hivemq-platform\" not found]"
2025-01-28 23:36:46,257 INFO c.h.h.t.HelmChartContainer - [test-hivemq-platform] [hivemq] [7b6b8e9b] WARN  - [HiveMQ Platform Operator Init App 1.7.0-SNAPSHOT] Could not update Pod annotations: Failure executing: GET at: https://10.43.0.1:443/api/v1/namespaces/helmcustomconfigit/pods/test-hivemq-platform-1. Message: Unauthorized. Received status: Status(apiVersion=v1, code=401, details=null, kind=Status, message=Unauthorized, metadata=ListMeta(_continue=null, remainingItemCount=null, resourceVersion=null, selfLink=null, additionalProperties={}), reason=Unauthorized, status=Failure, additionalProperties={}).
2025-01-28 23:36:46,865 INFO c.h.h.t.HelmChartContainer - [test-hivemq-platform] [hivemq] [7b6b8e9b] INFO  - Shutting down extension system
2025-01-28 23:36:46,867 INFO c.h.h.t.HelmChartContainer - [test-hivemq-platform] [hivemq] [7b6b8e9b] INFO  - Stopping extension with id hivemq-dns-cluster-discovery
2025-01-28 23:36:46,867 INFO c.h.h.t.HelmChartContainer - [test-hivemq-platform] [hivemq] [7b6b8e9b] INFO  - Extension "DNS Cluster Discovery Extension" version 4.3.2 stopped successfully.
2025-01-28 23:36:46,868 INFO c.h.h.t.HelmChartContainer - [test-hivemq-platform] [hivemq] [7b6b8e9b] INFO  - Stopping extension with id hivemq-prometheus-extension
2025-01-28 23:36:46,874 INFO c.h.h.t.HelmChartContainer - [test-hivemq-platform] [hivemq] [7b6b8e9b] INFO  - Extension "Prometheus Monitoring Extension" version 4.0.12 stopped successfully.
2025-01-28 23:36:46,874 INFO c.h.h.t.HelmChartContainer - [test-hivemq-platform] [hivemq] [7b6b8e9b] INFO  - Stopping extension with id hivemq-allow-all-extension
2025-01-28 23:36:46,875 INFO c.h.h.t.HelmChartContainer - [test-hivemq-platform] [hivemq] [7b6b8e9b] INFO  - Extension "Allow All Extension" version 1.1.1 stopped successfully.
2025-01-28 23:36:46,879 INFO c.h.h.t.HelmChartContainer - [test-hivemq-platform] [hivemq] [88695fbf] INFO  - Cluster nodes found by discovery: [Tri0Z|2] (1) [Tri0Z].
2025-01-28 23:36:46,883 INFO c.h.h.t.HelmChartContainer - [test-hivemq-platform] [hivemq] [88695fbf] INFO  - Cluster size = 1, members : [Tri0Z].
2025-01-28 23:36:47,235 INFO c.h.h.t.HelmChartContainer - [test-hivemq-platform] [hivemq] [88695fbf] INFO  - Shutting down extension system
2025-01-28 23:36:47,239 INFO c.h.h.t.HelmChartContainer - [test-hivemq-platform] [hivemq] [88695fbf] INFO  - Stopping extension with id hivemq-dns-cluster-discovery
2025-01-28 23:36:47,239 INFO c.h.h.t.HelmChartContainer - [test-hivemq-platform] [hivemq] [88695fbf] INFO  - Extension "DNS Cluster Discovery Extension" version 4.3.2 stopped successfully.
2025-01-28 23:36:47,240 INFO c.h.h.t.HelmChartContainer - [test-hivemq-platform] [hivemq] [88695fbf] INFO  - Stopping extension with id hivemq-prometheus-extension
2025-01-28 23:36:47,247 INFO c.h.h.t.HelmChartContainer - [test-hivemq-platform] [hivemq] [88695fbf] INFO  - Extension "Prometheus Monitoring Extension" version 4.0.12 stopped successfully.
2025-01-28 23:36:47,248 INFO c.h.h.t.HelmChartContainer - [test-hivemq-platform] [hivemq] [88695fbf] INFO  - Stopping extension with id hivemq-allow-all-extension
2025-01-28 23:36:47,248 INFO c.h.h.t.HelmChartContainer - [test-hivemq-platform] [hivemq] [88695fbf] INFO  - Extension "Allow All Extension" version 1.1.1 stopped successfully.
2025-01-28 23:36:47,936 INFO c.h.h.t.HelmChartContainer - [test-hivemq-platform] [hivemq] [88695fbf] INFO  - [HiveMQ Platform Operator Init App 1.7.0-SNAPSHOT] Returning shutdown Health API response 503 for readiness
2025-01-28 23:36:47,940 INFO c.h.h.t.HelmChartContainer - [EVENT] Warning [Unhealthy] Readiness probe failed: HTTP probe failed with statuscode: 503 [helmcustomconfigit:test-hivemq-platform-0]
2025-01-28 23:36:47,940 INFO c.h.h.t.HelmChartContainer - Received Unhealthy event for container hivemq in pod test-hivemq-platform-0 [88695fbf-ba73-4c58-b539-d785eec8ac8b]
2025-01-28 23:36:48,610 INFO c.h.h.t.HelmChartContainer - [K3S] [authentication.go:74] "Unable to authenticate the request" err="[invalid bearer token, serviceaccounts \"hivemq-platform-pod-test-hivemq-platform\" not found]"
2025-01-28 23:36:48,620 INFO c.h.h.t.HelmChartContainer - [K3S] [authentication.go:74] "Unable to authenticate the request" err="[invalid bearer token, serviceaccounts \"hivemq-platform-pod-test-hivemq-platform\" not found]"
2025-01-28 23:36:48,622 INFO c.h.h.t.HelmChartContainer - [test-hivemq-platform] [hivemq] [88695fbf] WARN  - [HiveMQ Platform Operator Init App 1.7.0-SNAPSHOT] Could not update Pod annotations: Failure executing: GET at: https://10.43.0.1:443/api/v1/namespaces/helmcustomconfigit/pods/test-hivemq-platform-0. Message: Unauthorized. Received status: Status(apiVersion=v1, code=401, details=null, kind=Status, message=Unauthorized, metadata=ListMeta(_continue=null, remainingItemCount=null, resourceVersion=null, selfLink=null, additionalProperties={}), reason=Unauthorized, status=Failure, additionalProperties={}).
2025-01-28 23:36:49,162 INFO c.h.h.t.HelmChartContainer - [test-hivemq-platform] [hivemq] [7b6b8e9b] INFO  - Shutdown completed.
2025-01-28 23:36:49,511 INFO c.h.h.t.HelmChartContainer - [test-hivemq-platform] [hivemq] [7b6b8e9b] INFO  - [HiveMQ Platform Operator Init App 1.7.0-SNAPSHOT] The HiveMQ Platform exited with code 143
2025-01-28 23:36:49,511 INFO c.h.h.t.HelmChartContainer - [test-hivemq-platform] [hivemq] [7b6b8e9b] INFO  - [HiveMQ Platform Operator Init App 1.7.0-SNAPSHOT] Stopping the REST API
2025-01-28 23:36:49,520 INFO c.h.h.t.HelmChartContainer - [test-hivemq-platform] [hivemq] [7b6b8e9b] INFO  - [HiveMQ Platform Operator Init App 1.7.0-SNAPSHOT] Shutdown complete
2025-01-28 23:36:49,521 INFO c.h.h.t.HelmChartContainer - [test-hivemq-platform] [hivemq] [88695fbf] INFO  - Shutdown completed.
2025-01-28 23:36:49,871 INFO c.h.h.t.HelmChartContainer - [test-hivemq-platform] [hivemq] [88695fbf] INFO  - [HiveMQ Platform Operator Init App 1.7.0-SNAPSHOT] The HiveMQ Platform exited with code 143
2025-01-28 23:36:49,872 INFO c.h.h.t.HelmChartContainer - [test-hivemq-platform] [hivemq] [88695fbf] INFO  - [HiveMQ Platform Operator Init App 1.7.0-SNAPSHOT] Stopping the REST API
2025-01-28 23:36:49,880 INFO c.h.h.t.HelmChartContainer - [test-hivemq-platform] [hivemq] [88695fbf] INFO  - [HiveMQ Platform Operator Init App 1.7.0-SNAPSHOT] Shutdown complete
2025-01-28 23:36:50,026 INFO c.h.h.t.HelmChartContainer - [POD] test-hivemq-platform-1 [7b6b8e9b-b0cd-4240-acf9-f01c542516b6] in helmcustomconfigit was MODIFIED
2025-01-28 23:36:50,027 INFO c.h.h.t.HelmChartContainer - [K3S] [stateful_set.go:438] "Unhandled Error" err="error syncing StatefulSet helmcustomconfigit/test-hivemq-platform, requeuing: controllerrevisions.apps \"test-hivemq-platform-86bfbd5557\" is forbidden: unable to create new content in namespace helmcustomconfigit because it is being terminated"
2025-01-28 23:36:50,035 INFO c.h.h.t.HelmChartContainer - [K3S] [stateful_set.go:438] "Unhandled Error" err="error syncing StatefulSet helmcustomconfigit/test-hivemq-platform, requeuing: controllerrevisions.apps \"test-hivemq-platform-86bfbd5557\" is forbidden: unable to create new content in namespace helmcustomconfigit because it is being terminated"
2025-01-28 23:36:50,048 INFO c.h.h.t.HelmChartContainer - [K3S] [stateful_set.go:438] "Unhandled Error" err="error syncing StatefulSet helmcustomconfigit/test-hivemq-platform, requeuing: controllerrevisions.apps \"test-hivemq-platform-86bfbd5557\" is forbidden: unable to create new content in namespace helmcustomconfigit because it is being terminated"
2025-01-28 23:36:50,072 INFO c.h.h.t.HelmChartContainer - [K3S] [stateful_set.go:438] "Unhandled Error" err="error syncing StatefulSet helmcustomconfigit/test-hivemq-platform, requeuing: controllerrevisions.apps \"test-hivemq-platform-86bfbd5557\" is forbidden: unable to create new content in namespace helmcustomconfigit because it is being terminated"
2025-01-28 23:36:50,115 INFO c.h.h.t.HelmChartContainer - [K3S] [stateful_set.go:438] "Unhandled Error" err="error syncing StatefulSet helmcustomconfigit/test-hivemq-platform, requeuing: controllerrevisions.apps \"test-hivemq-platform-86bfbd5557\" is forbidden: unable to create new content in namespace helmcustomconfigit because it is being terminated"
2025-01-28 23:36:50,170 INFO c.h.h.t.HelmChartContainer - [K3S] [reconciler_common.go:162] "operationExecutor.UnmountVolume started for volume \"operator-init\" (UniqueName: \"kubernetes.io/empty-dir/7b6b8e9b-b0cd-4240-acf9-f01c542516b6-operator-init\") pod \"7b6b8e9b-b0cd-4240-acf9-f01c542516b6\" (UID: \"7b6b8e9b-b0cd-4240-acf9-f01c542516b6\") "
2025-01-28 23:36:50,171 INFO c.h.h.t.HelmChartContainer - [K3S] [reconciler_common.go:162] "operationExecutor.UnmountVolume started for volume \"broker-configuration\" (UniqueName: \"kubernetes.io/configmap/7b6b8e9b-b0cd-4240-acf9-f01c542516b6-broker-configuration\") pod \"7b6b8e9b-b0cd-4240-acf9-f01c542516b6\" (UID: \"7b6b8e9b-b0cd-4240-acf9-f01c542516b6\") "
2025-01-28 23:36:50,171 INFO c.h.h.t.HelmChartContainer - [K3S] [reconciler_common.go:162] "operationExecutor.UnmountVolume started for volume \"pod-info\" (UniqueName: \"kubernetes.io/configmap/7b6b8e9b-b0cd-4240-acf9-f01c542516b6-pod-info\") pod \"7b6b8e9b-b0cd-4240-acf9-f01c542516b6\" (UID: \"7b6b8e9b-b0cd-4240-acf9-f01c542516b6\") "
2025-01-28 23:36:50,171 INFO c.h.h.t.HelmChartContainer - [K3S] [reconciler_common.go:162] "operationExecutor.UnmountVolume started for volume \"kube-api-access-45hm5\" (UniqueName: \"kubernetes.io/projected/7b6b8e9b-b0cd-4240-acf9-f01c542516b6-kube-api-access-45hm5\") pod \"7b6b8e9b-b0cd-4240-acf9-f01c542516b6\" (UID: \"7b6b8e9b-b0cd-4240-acf9-f01c542516b6\") "
2025-01-28 23:36:50,199 INFO c.h.h.t.HelmChartContainer - [K3S] [stateful_set.go:438] "Unhandled Error" err="error syncing StatefulSet helmcustomconfigit/test-hivemq-platform, requeuing: controllerrevisions.apps \"test-hivemq-platform-86bfbd5557\" is forbidden: unable to create new content in namespace helmcustomconfigit because it is being terminated"
2025-01-28 23:36:50,272 INFO c.h.h.t.HelmChartContainer - [K3S] [reconciler_common.go:299] "Volume detached for volume \"operator-init\" (UniqueName: \"kubernetes.io/empty-dir/7b6b8e9b-b0cd-4240-acf9-f01c542516b6-operator-init\") on node \"349c386a830b\" DevicePath \"\""
2025-01-28 23:36:50,272 INFO c.h.h.t.HelmChartContainer - [K3S] [reconciler_common.go:299] "Volume detached for volume \"broker-configuration\" (UniqueName: \"kubernetes.io/configmap/7b6b8e9b-b0cd-4240-acf9-f01c542516b6-broker-configuration\") on node \"349c386a830b\" DevicePath \"\""
2025-01-28 23:36:50,272 INFO c.h.h.t.HelmChartContainer - [K3S] [reconciler_common.go:299] "Volume detached for volume \"pod-info\" (UniqueName: \"kubernetes.io/configmap/7b6b8e9b-b0cd-4240-acf9-f01c542516b6-pod-info\") on node \"349c386a830b\" DevicePath \"\""
2025-01-28 23:36:50,272 INFO c.h.h.t.HelmChartContainer - [K3S] [reconciler_common.go:299] "Volume detached for volume \"kube-api-access-45hm5\" (UniqueName: \"kubernetes.io/projected/7b6b8e9b-b0cd-4240-acf9-f01c542516b6-kube-api-access-45hm5\") on node \"349c386a830b\" DevicePath \"\""
2025-01-28 23:36:50,311 INFO c.h.h.t.HelmChartContainer - [POD] test-hivemq-platform-0 [88695fbf-ba73-4c58-b539-d785eec8ac8b] in helmcustomconfigit was MODIFIED
2025-01-28 23:36:50,312 INFO c.h.h.t.HelmChartContainer - [K3S] [stateful_set.go:438] "Unhandled Error" err="error syncing StatefulSet helmcustomconfigit/test-hivemq-platform, requeuing: controllerrevisions.apps \"test-hivemq-platform-86bfbd5557\" is forbidden: unable to create new content in namespace helmcustomconfigit because it is being terminated"
2025-01-28 23:36:50,344 INFO c.h.h.t.HelmChartContainer - [K3S] [scope.go:117] "RemoveContainer" containerID="e061e5050c5c5d64ae7ceef734d2388a8e23daf1e4ec5433cb575973e33450bf"
2025-01-28 23:36:50,376 INFO c.h.h.t.HelmChartContainer - [K3S] [stateful_set.go:438] "Unhandled Error" err="error syncing StatefulSet helmcustomconfigit/test-hivemq-platform, requeuing: controllerrevisions.apps \"test-hivemq-platform-86bfbd5557\" is forbidden: unable to create new content in namespace helmcustomconfigit because it is being terminated"
2025-01-28 23:36:50,376 INFO c.h.h.t.HelmChartContainer - [K3S] [stateful_set.go:438] "Unhandled Error" err="error syncing StatefulSet helmcustomconfigit/test-hivemq-platform, requeuing: controllerrevisions.apps \"test-hivemq-platform-86bfbd5557\" is forbidden: unable to create new content in namespace helmcustomconfigit because it is being terminated"
2025-01-28 23:36:50,381 INFO c.h.h.t.HelmChartContainer - [POD] test-hivemq-platform-1 [7b6b8e9b-b0cd-4240-acf9-f01c542516b6] in helmcustomconfigit was MODIFIED
2025-01-28 23:36:50,382 INFO c.h.h.t.HelmChartContainer - [POD] test-hivemq-platform-1 [7b6b8e9b-b0cd-4240-acf9-f01c542516b6] in helmcustomconfigit was DELETED
2025-01-28 23:36:50,451 INFO c.h.h.t.HelmChartContainer - [K3S] [scope.go:117] "RemoveContainer" containerID="be10095cfafd6f6c8c3feb989ce255c68a07634df17461be59f695119bc30604"
2025-01-28 23:36:50,455 INFO c.h.h.t.HelmChartContainer - [K3S] [scope.go:117] "RemoveContainer" containerID="e061e5050c5c5d64ae7ceef734d2388a8e23daf1e4ec5433cb575973e33450bf"
2025-01-28 23:36:50,455 INFO c.h.h.t.HelmChartContainer - [K3S] [scope.go:117] "RemoveContainer" containerID="be10095cfafd6f6c8c3feb989ce255c68a07634df17461be59f695119bc30604"
2025-01-28 23:36:50,456 INFO c.h.h.t.HelmChartContainer - [K3S] [scope.go:117] "RemoveContainer" containerID="1a8a74221a3421d7f93bf8272c695653d9e92417140d6149c1914f97b1b20cd7"
2025-01-28 23:36:50,473 INFO c.h.h.t.HelmChartContainer - [K3S] [reconciler_common.go:162] "operationExecutor.UnmountVolume started for volume \"kube-api-access-jwhsn\" (UniqueName: \"kubernetes.io/projected/88695fbf-ba73-4c58-b539-d785eec8ac8b-kube-api-access-jwhsn\") pod \"88695fbf-ba73-4c58-b539-d785eec8ac8b\" (UID: \"88695fbf-ba73-4c58-b539-d785eec8ac8b\") "
2025-01-28 23:36:50,473 INFO c.h.h.t.HelmChartContainer - [K3S] [reconciler_common.go:162] "operationExecutor.UnmountVolume started for volume \"pod-info\" (UniqueName: \"kubernetes.io/configmap/88695fbf-ba73-4c58-b539-d785eec8ac8b-pod-info\") pod \"88695fbf-ba73-4c58-b539-d785eec8ac8b\" (UID: \"88695fbf-ba73-4c58-b539-d785eec8ac8b\") "
2025-01-28 23:36:50,474 INFO c.h.h.t.HelmChartContainer - [K3S] [reconciler_common.go:162] "operationExecutor.UnmountVolume started for volume \"broker-configuration\" (UniqueName: \"kubernetes.io/configmap/88695fbf-ba73-4c58-b539-d785eec8ac8b-broker-configuration\") pod \"88695fbf-ba73-4c58-b539-d785eec8ac8b\" (UID: \"88695fbf-ba73-4c58-b539-d785eec8ac8b\") "
2025-01-28 23:36:50,474 INFO c.h.h.t.HelmChartContainer - [K3S] [reconciler_common.go:162] "operationExecutor.UnmountVolume started for volume \"operator-init\" (UniqueName: \"kubernetes.io/empty-dir/88695fbf-ba73-4c58-b539-d785eec8ac8b-operator-init\") pod \"88695fbf-ba73-4c58-b539-d785eec8ac8b\" (UID: \"88695fbf-ba73-4c58-b539-d785eec8ac8b\") "
2025-01-28 23:36:50,488 INFO c.h.h.t.HelmChartContainer - [K3S] [stateful_set.go:466] "StatefulSet has been deleted" key="helmcustomconfigit/test-hivemq-platform"
2025-01-28 23:36:50,566 INFO c.h.h.t.HelmChartContainer - [K3S] [scope.go:117] "RemoveContainer" containerID="4e8a3dac107817f96993cef6522f9df39455dbfc45d77ca9c11cfef0fd0b440a"
2025-01-28 23:36:50,569 INFO c.h.h.t.HelmChartContainer - [K3S] [scope.go:117] "RemoveContainer" containerID="1a8a74221a3421d7f93bf8272c695653d9e92417140d6149c1914f97b1b20cd7"
2025-01-28 23:36:50,569 INFO c.h.h.t.HelmChartContainer - [K3S] [scope.go:117] "RemoveContainer" containerID="4e8a3dac107817f96993cef6522f9df39455dbfc45d77ca9c11cfef0fd0b440a"
2025-01-28 23:36:50,573 INFO c.h.h.t.HelmChartContainer - [K3S] [reconciler_common.go:299] "Volume detached for volume \"broker-configuration\" (UniqueName: \"kubernetes.io/configmap/88695fbf-ba73-4c58-b539-d785eec8ac8b-broker-configuration\") on node \"349c386a830b\" DevicePath \"\""
2025-01-28 23:36:50,573 INFO c.h.h.t.HelmChartContainer - [K3S] [reconciler_common.go:299] "Volume detached for volume \"pod-info\" (UniqueName: \"kubernetes.io/configmap/88695fbf-ba73-4c58-b539-d785eec8ac8b-pod-info\") on node \"349c386a830b\" DevicePath \"\""
2025-01-28 23:36:50,573 INFO c.h.h.t.HelmChartContainer - [K3S] [reconciler_common.go:299] "Volume detached for volume \"operator-init\" (UniqueName: \"kubernetes.io/empty-dir/88695fbf-ba73-4c58-b539-d785eec8ac8b-operator-init\") on node \"349c386a830b\" DevicePath \"\""
2025-01-28 23:36:50,573 INFO c.h.h.t.HelmChartContainer - [K3S] [reconciler_common.go:299] "Volume detached for volume \"kube-api-access-jwhsn\" (UniqueName: \"kubernetes.io/projected/88695fbf-ba73-4c58-b539-d785eec8ac8b-kube-api-access-jwhsn\") on node \"349c386a830b\" DevicePath \"\""
2025-01-28 23:36:50,616 INFO c.h.h.t.HelmChartContainer - [K3S] [namespace_controller.go:164] "Unhandled Error" err="deletion of namespace helmcustomconfigit failed: unexpected items still remain in namespace: helmcustomconfigit for gvr: /v1, Resource=pods"
2025-01-28 23:36:50,656 INFO c.h.h.t.HelmChartContainer - [POD] test-hivemq-platform-0 [88695fbf-ba73-4c58-b539-d785eec8ac8b] in helmcustomconfigit was MODIFIED
2025-01-28 23:36:50,658 INFO c.h.h.t.HelmChartContainer - [POD] test-hivemq-platform-0 [88695fbf-ba73-4c58-b539-d785eec8ac8b] in helmcustomconfigit was DELETED
2025-01-28 23:36:50,853 INFO c.h.h.t.HelmChartContainer - Namespace 'helmcustomconfigit' deleted
2025-01-28 23:36:50,853 INFO c.h.h.t.HelmChartContainer - Release 'test-hivemq-platform' in namespace 'helmcustomconfigit' is uninstalled
2025-01-28 23:36:50,853 INFO c.h.h.t.HelmChartContainer - Uninstalling release 'test-hivemq-platform-operator' in namespace 'helmcustomconfigit-operator'...
2025-01-28 23:36:50,853 DEBUG c.h.h.t.HelmChartContainer - Executing helm command: /bin/helm --kubeconfig /etc/rancher/k3s/k3s.yaml uninstall test-hivemq-platform-operator  --wait --timeout 5m0s --cascade foreground --namespace helmcustomconfigit-operator
2025-01-28 23:36:51,009 INFO c.h.h.t.HelmChartContainer - [K3S] [stateful_set.go:466] "StatefulSet has been deleted" key="helmcustomconfigit/test-hivemq-platform"
2025-01-28 23:36:51,015 INFO c.h.h.t.HelmChartContainer - [K3S] [replica_set.go:679] "Finished syncing" kind="ReplicaSet" key="helmcustomconfigit-operator/hivemq-test-hivemq-platform-operator-6966f96d65" duration="10.718022ms"
2025-01-28 23:36:51,015 INFO c.h.h.t.HelmChartContainer - [K3S] [replica_set.go:679] "Finished syncing" kind="ReplicaSet" key="helmcustomconfigit-operator/hivemq-test-hivemq-platform-operator-6966f96d65" duration="37.259µs"
2025-01-28 23:36:51,031 INFO c.h.h.t.HelmChartContainer - [POD] hivemq-test-hivemq-platform-operator-6966f96d65-ctcd9 [af3bfc8c-74a1-4beb-8f37-d547a996674c] in helmcustomconfigit-operator was MODIFIED
2025-01-28 23:36:51,036 INFO c.h.h.t.HelmChartContainer - [EVENT] Normal [Killing] Stopping container hivemq-platform-operator [helmcustomconfigit-operator:hivemq-test-hivemq-platform-operator-6966f96d65-ctcd9]
2025-01-28 23:36:51,037 INFO c.h.h.t.HelmChartContainer - Received Killing event for container hivemq-platform-operator in pod hivemq-test-hivemq-platform-operator-6966f96d65-ctcd9 [af3bfc8c-74a1-4beb-8f37-d547a996674c]
2025-01-28 23:36:51,037 INFO c.h.h.t.HelmChartContainer - Container [hivemq-test-hivemq-platform-operator-6966f96d65-ctcd9] [hivemq-platform-operator] [af3bfc8c-74a1-4beb-8f37-d547a996674c] was terminated
2025-01-28 23:36:51,037 INFO c.h.h.t.HelmChartContainer - Stopped log watcher for hivemq-platform-operator in pod hivemq-test-hivemq-platform-operator-6966f96d65-ctcd9 [af3bfc8c-74a1-4beb-8f37-d547a996674c]
2025-01-28 23:36:51,040 INFO c.h.h.t.HelmChartContainer - [K3S] [replica_set.go:679] "Finished syncing" kind="ReplicaSet" key="helmcustomconfigit-operator/hivemq-test-hivemq-platform-operator-6966f96d65" duration="9.561445ms"
2025-01-28 23:36:51,040 INFO c.h.h.t.HelmChartContainer - [K3S] [replica_set.go:679] "Finished syncing" kind="ReplicaSet" key="helmcustomconfigit-operator/hivemq-test-hivemq-platform-operator-6966f96d65" duration="55.863µs"
2025-01-28 23:36:51,043 INFO c.h.h.t.HelmChartContainer - [hivemq-test-hivemq-platform] [hivemq-platform-operator] [af3bfc8c] 23:36:51.041 [application-shutdown-thread] INFO  c.h.p.o.HiveMQPlatformOperatorApplication - HiveMQ Platform Operator is stopping...
2025-01-28 23:36:51,044 INFO c.h.h.t.HelmChartContainer - [hivemq-test-hivemq-platform] [hivemq-platform-operator] [af3bfc8c] 23:36:51.042 [application-shutdown-thread] INFO  i.javaoperatorsdk.operator.Operator - Operator SDK 4.9.7 is shutting down...
2025-01-28 23:36:51,177 INFO c.h.h.t.HelmChartContainer - [EVENT] Warning [Unhealthy] Readiness probe failed: Get "http://10.42.0.7:8080/health/readiness": dial tcp 10.42.0.7:8080: connect: connection refused [helmcustomconfigit-operator:hivemq-test-hivemq-platform-operator-6966f96d65-ctcd9]
2025-01-28 23:36:51,177 INFO c.h.h.t.HelmChartContainer - Received Unhealthy event for container hivemq-platform-operator in pod hivemq-test-hivemq-platform-operator-6966f96d65-ctcd9 [af3bfc8c-74a1-4beb-8f37-d547a996674c]
2025-01-28 23:36:51,574 INFO c.h.h.t.HelmChartContainer - [K3S] [replica_set.go:679] "Finished syncing" kind="ReplicaSet" key="helmcustomconfigit-operator/hivemq-test-hivemq-platform-operator-6966f96d65" duration="38.551µs"
2025-01-28 23:36:51,575 INFO c.h.h.t.HelmChartContainer - [POD] hivemq-test-hivemq-platform-operator-6966f96d65-ctcd9 [af3bfc8c-74a1-4beb-8f37-d547a996674c] in helmcustomconfigit-operator was MODIFIED
2025-01-28 23:36:51,678 INFO c.h.h.t.HelmChartContainer - [K3S] [reconciler_common.go:162] "operationExecutor.UnmountVolume started for volume \"kube-api-access-5c97v\" (UniqueName: \"kubernetes.io/projected/af3bfc8c-74a1-4beb-8f37-d547a996674c-kube-api-access-5c97v\") pod \"af3bfc8c-74a1-4beb-8f37-d547a996674c\" (UID: \"af3bfc8c-74a1-4beb-8f37-d547a996674c\") "
2025-01-28 23:36:51,779 INFO c.h.h.t.HelmChartContainer - [K3S] [reconciler_common.go:299] "Volume detached for volume \"kube-api-access-5c97v\" (UniqueName: \"kubernetes.io/projected/af3bfc8c-74a1-4beb-8f37-d547a996674c-kube-api-access-5c97v\") on node \"349c386a830b\" DevicePath \"\""
2025-01-28 23:36:52,047 INFO c.h.h.t.HelmChartContainer - [K3S] [kubelet_volumes.go:163] "Cleaned up orphaned pod volumes dir" podUID="7b6b8e9b-b0cd-4240-acf9-f01c542516b6" path="/var/lib/kubelet/pods/7b6b8e9b-b0cd-4240-acf9-f01c542516b6/volumes"
2025-01-28 23:36:52,047 INFO c.h.h.t.HelmChartContainer - [K3S] [kubelet_volumes.go:163] "Cleaned up orphaned pod volumes dir" podUID="88695fbf-ba73-4c58-b539-d785eec8ac8b" path="/var/lib/kubelet/pods/88695fbf-ba73-4c58-b539-d785eec8ac8b/volumes"
2025-01-28 23:36:52,352 INFO c.h.h.t.HelmChartContainer - [K3S] [scope.go:117] "RemoveContainer" containerID="30c5b54e3315af6005a367626f69dd460533b4eb01867992355dd883f7ee6664"
2025-01-28 23:36:52,355 INFO c.h.h.t.HelmChartContainer - [K3S] [scope.go:117] "RemoveContainer" containerID="30c5b54e3315af6005a367626f69dd460533b4eb01867992355dd883f7ee6664"
2025-01-28 23:36:52,367 INFO c.h.h.t.HelmChartContainer - [K3S] [replica_set.go:679] "Finished syncing" kind="ReplicaSet" key="helmcustomconfigit-operator/hivemq-test-hivemq-platform-operator-6966f96d65" duration="108.172µs"
2025-01-28 23:36:52,368 INFO c.h.h.t.HelmChartContainer - [POD] hivemq-test-hivemq-platform-operator-6966f96d65-ctcd9 [af3bfc8c-74a1-4beb-8f37-d547a996674c] in helmcustomconfigit-operator was MODIFIED
2025-01-28 23:36:52,370 INFO c.h.h.t.HelmChartContainer - [K3S] [replica_set.go:679] "Finished syncing" kind="ReplicaSet" key="helmcustomconfigit-operator/hivemq-test-hivemq-platform-operator-6966f96d65" duration="27.11µs"
2025-01-28 23:36:52,371 INFO c.h.h.t.HelmChartContainer - [POD] hivemq-test-hivemq-platform-operator-6966f96d65-ctcd9 [af3bfc8c-74a1-4beb-8f37-d547a996674c] in helmcustomconfigit-operator was DELETED
2025-01-28 23:36:52,380 INFO c.h.h.t.HelmChartContainer - [K3S] [replica_set.go:679] "Finished syncing" kind="ReplicaSet" key="helmcustomconfigit-operator/hivemq-test-hivemq-platform-operator-6966f96d65" duration="6.602µs"
2025-01-28 23:36:53,051 INFO c.h.h.t.HelmChartContainer - Deleting namespace 'helmcustomconfigit-operator'...
2025-01-28 23:36:54,046 INFO c.h.h.t.HelmChartContainer - [K3S] [kubelet_volumes.go:163] "Cleaned up orphaned pod volumes dir" podUID="af3bfc8c-74a1-4beb-8f37-d547a996674c" path="/var/lib/kubelet/pods/af3bfc8c-74a1-4beb-8f37-d547a996674c/volumes"
2025-01-28 23:36:55,768 INFO c.h.h.t.HelmChartContainer - [K3S] [namespace_controller.go:187] "Namespace has been deleted" namespace="helmcustomconfigit"
2025-01-28 23:36:58,269 INFO c.h.h.t.HelmChartContainer - Namespace 'helmcustomconfigit-operator' deleted
2025-01-28 23:36:58,269 INFO c.h.h.t.HelmChartContainer - Release 'test-hivemq-platform-operator' in namespace 'helmcustomconfigit-operator' is uninstalled
2025-01-28 23:36:59,052 INFO c.h.helmcharts.AbstractHelmChartIT - Removed unused containers:

2025-01-28 23:37:03,171 INFO c.h.h.t.HelmChartContainer - [K3S] [namespace_controller.go:187] "Namespace has been deleted" namespace="helmcustomconfigit-operator"
2025-01-28 23:37:06,569 INFO c.h.helmcharts.AbstractHelmChartIT - Removed unused snapshots:
Removing snapshot sha256:03af251906410714c5aef9fa705b63f6bbc39c4a5e787de7361eeb18886c2ed2
Removing snapshot sha256:0c46b3b43cce082ce5ec34ffc6c294e0417d17b9d1e6f366d114b6aadc4f96dc
Removing snapshot sha256:0ce761beee59082d6ed5bcebd3a805b8ddd9b3426b617e4809e7fb7c6587ffec
Removing snapshot sha256:0df91287303208332c8ff6ba40ae4710105201739addbfbddfb955f1ad593664
Removing snapshot sha256:1021ef88c7974bfff89c5a0ec4fd3160daac6c48a075f74cff721f85dd104e68
Removing snapshot sha256:10aba4953ddc18145dd38e3704709bc464aa20af60b56fe52caaff4b68411e62
Removing snapshot sha256:228bae71e5aaa78fd684ca62109392ed113e4f9a26ca17fd6cd3fd3a0be616b0
Removing snapshot sha256:362a8a37f8bbc31925a8146adcf7cf51f9882f5c1dcbef67c5baa03a297543c0
Removing snapshot sha256:43a7c979bbaba6838bc3102d6b10a1459f3ab050b87ccdfef84ef90cf43d3058
Removing snapshot sha256:4ab04491cdf0d3267f08206fe30bd48f49f94b9cab2f016d6739220f722a64af
Removing snapshot sha256:4b6068250e89c96f263060261819c7d912855bfbd64b3eb4c4a8483299b8c295
Removing snapshot sha256:580e69a0a8034ede1921139bbd2bfb72a69ebf276d008281896c32dd8bf74775
Removing snapshot sha256:5d30ba46b27fe37484567ccc5242cadc78217b8da605f3f195ef25cbf7487904
Removing snapshot sha256:63ca1fbb43ae5034640e5e6cb3e083e05c290072c5366fcaa9d62435a4cced85
Removing snapshot sha256:67f702c6baae873bceb19487c8b1f27bd2b86077e4f2f0e480e6d60ab508b8f5
Removing snapshot sha256:6864348dd42806d552efdec384f1274be15e2d0c10ce44c1f04347af004c10a9
Removing snapshot sha256:6c7dee8f2c39b84b7dc2711c01d33de93514d9055499173e9290176fbe484b6c
Removing snapshot sha256:7155fa4486bdce32759c33b5b6bc72be82aaa2380bb09b479bfc2ccfb04ed1a1
Removing snapshot sha256:82753493a6d61ded36556292f02f31841a14c20d2f279f19eaad65afb661d5cd
Removing snapshot sha256:8a10d3db42c505ee0fcfa98417bdd7e39b304f6bcc0a06bb1b220797ff2cc63c
Removing snapshot sha256:a21e5b12dbac529ad45d976eb9ce45c881f3bedcc500fb30aba1e52aa1813418
Removing snapshot sha256:b921e6c28969094157f9b8e7244677780319637afd14450b7cb6b2fdea558a0c
Removing snapshot sha256:bc27ecb5769a00e309cf99ebc763c4a4b958b618d1decc96ffac5bc05f02f5b7
Removing snapshot sha256:be3ccb6627a5332e309d45ef461d09b4879dd870c7394d89323d0ebc6ca6aa8a
Removing snapshot sha256:c261f7cbbc64211ee175ee47273acdb7b1a36a4450b397a064a8f2c026490095
Removing snapshot sha256:c34d9393647eea0c9e3557ab988efaf59f61d10a2a5613b439ef0958cca5ec10
Removing snapshot sha256:ccf3c4a0fa967a41c1c83497a2ce6fa5787965859df0adb32c4ca2cf7490bc2b
Removing snapshot sha256:cf92d33f869417309692088c341cd0f223c178ea78a125f757317b22aa8f90e9
Removing snapshot sha256:d0037344cf2fb078884f1849f6a1f8cf9a33a3b6139b6a85833e5ee528e1f9a8
Removing snapshot sha256:d3b36d5b79273b1e98e7700470eaeff05a882e777124d84cebcc1505b85ecb36
Removing snapshot sha256:d65a44a37914602d12c611e5e22a50f11451d847e63015cc1c2aef92dee777a4
Removing snapshot sha256:e2dc0bae2455930f23ae570e019b7f32edc75c0f2d71cab084db837ff9051796
Removing snapshot sha256:eccbd24a99c60cd9e86ee5305dbfc4a4dc89f5ab4fb1f06c8d64797cecedef34
Removing snapshot sha256:f144bb4c7c7f0d2aa7eeffd36d934ec40db1ee167be727e326aad9fdc616f475

]]></system-out>
  </testcase>
  <testcase name="withCustomEnvVars_hivemqRunning()" classname="com.hivemq.helmcharts.platform.HelmCustomConfigIT" time="144.426">
    <system-out><![CDATA[2025-01-28 23:37:06,571 INFO c.h.h.t.HelmChartContainer - Creating namespace 'helmcustomconfigit-operator'...
2025-01-28 23:37:06,581 INFO c.h.h.t.HelmChartContainer - Namespace 'helmcustomconfigit-operator' created
2025-01-28 23:37:06,581 INFO c.h.h.t.HelmChartContainer - Creating namespace 'helmcustomconfigit'...
2025-01-28 23:37:06,589 INFO c.h.h.t.HelmChartContainer - Namespace 'helmcustomconfigit' created
2025-01-28 23:37:06,601 INFO c.h.h.testcontainer.LogWaiterUtil - TEST Waiting for log pattern on 'hivemq-test-hivemq-platform-operator-.*': .*Registered reconciler: 'hivemq-controller' for resource: 'class com.hivemq.platform.operator.v1.HiveMQPlatform' for namespace\(s\): \[helmcustomconfigit\]
2025-01-28 23:37:06,675 DEBUG c.h.h.t.HelmChartContainer - Executing helm command: /bin/helm --kubeconfig /etc/rancher/k3s/k3s.yaml install test-hivemq-platform-operator /charts/hivemq-platform-operator --wait --timeout 5m0s --set image.repository=docker.io/hivemq --set image.name=hivemq-platform-operator-test --set image.initImageName=hivemq-platform-operator-init-test --set image.tag=snapshot --set image.pullPolicy=Never --set logLevel=DEBUG --set resources.cpu=512m -f /files/custom-operator-env-vars-values.yaml --namespace helmcustomconfigit-operator
2025-01-28 23:37:07,042 INFO c.h.h.t.HelmChartContainer - [K3S] [alloc.go:330] "allocated clusterIPs" service="helmcustomconfigit-operator/hivemq-platform-operator-test-hivemq-platform-operator" clusterIPs={"IPv4":"10.43.189.212"}
2025-01-28 23:37:07,060 INFO c.h.h.t.HelmChartContainer - [EVENT] Normal [ScalingReplicaSet] Scaled up replica set hivemq-test-hivemq-platform-operator-67f7c95fb6 from 0 to 1 [helmcustomconfigit-operator:hivemq-test-hivemq-platform-operator]
2025-01-28 23:37:07,064 INFO c.h.h.t.HelmChartContainer - [POD] hivemq-test-hivemq-platform-operator-67f7c95fb6-975vv [529d9460-9a31-48e4-92c9-4477fb9042e3] in helmcustomconfigit-operator was ADDED
2025-01-28 23:37:07,070 INFO c.h.h.t.HelmChartContainer - [POD] hivemq-test-hivemq-platform-operator-67f7c95fb6-975vv [529d9460-9a31-48e4-92c9-4477fb9042e3] in helmcustomconfigit-operator was MODIFIED
2025-01-28 23:37:07,071 INFO c.h.h.t.HelmChartContainer - [K3S] [memory_manager.go:355] "RemoveStaleState removing state" podUID="af3bfc8c-74a1-4beb-8f37-d547a996674c" containerName="hivemq-platform-operator"
2025-01-28 23:37:07,071 INFO c.h.h.t.HelmChartContainer - [K3S] [memory_manager.go:355] "RemoveStaleState removing state" podUID="88695fbf-ba73-4c58-b539-d785eec8ac8b" containerName="hivemq"
2025-01-28 23:37:07,071 INFO c.h.h.t.HelmChartContainer - [K3S] [memory_manager.go:355] "RemoveStaleState removing state" podUID="7b6b8e9b-b0cd-4240-acf9-f01c542516b6" containerName="hivemq"
2025-01-28 23:37:07,080 INFO c.h.h.t.HelmChartContainer - [K3S] [replica_set.go:679] "Finished syncing" kind="ReplicaSet" key="helmcustomconfigit-operator/hivemq-test-hivemq-platform-operator-67f7c95fb6" duration="25.938298ms"
2025-01-28 23:37:07,082 INFO c.h.h.t.HelmChartContainer - [EVENT] Normal [SuccessfulCreate] Created pod: hivemq-test-hivemq-platform-operator-67f7c95fb6-975vv [helmcustomconfigit-operator:hivemq-test-hivemq-platform-operator-67f7c95fb6]
2025-01-28 23:37:07,085 INFO c.h.h.t.HelmChartContainer - [EVENT] Normal [Scheduled] Successfully assigned helmcustomconfigit-operator/hivemq-test-hivemq-platform-operator-67f7c95fb6-975vv to 349c386a830b [helmcustomconfigit-operator:hivemq-test-hivemq-platform-operator-67f7c95fb6-975vv]
2025-01-28 23:37:07,091 INFO c.h.h.t.HelmChartContainer - [POD] hivemq-test-hivemq-platform-operator-67f7c95fb6-975vv [529d9460-9a31-48e4-92c9-4477fb9042e3] in helmcustomconfigit-operator was MODIFIED
2025-01-28 23:37:07,098 INFO c.h.h.t.HelmChartContainer - [K3S] [replica_set.go:679] "Finished syncing" kind="ReplicaSet" key="helmcustomconfigit-operator/hivemq-test-hivemq-platform-operator-67f7c95fb6" duration="15.418532ms"
2025-01-28 23:37:07,111 INFO c.h.h.t.HelmChartContainer - [K3S] [replica_set.go:679] "Finished syncing" kind="ReplicaSet" key="helmcustomconfigit-operator/hivemq-test-hivemq-platform-operator-67f7c95fb6" duration="14.995129ms"
2025-01-28 23:37:07,111 INFO c.h.h.t.HelmChartContainer - [K3S] [replica_set.go:679] "Finished syncing" kind="ReplicaSet" key="helmcustomconfigit-operator/hivemq-test-hivemq-platform-operator-67f7c95fb6" duration="37.329µs"
2025-01-28 23:37:07,177 INFO c.h.h.t.HelmChartContainer - [K3S] [reconciler_common.go:251] "operationExecutor.VerifyControllerAttachedVolume started for volume \"kube-api-access-phjr2\" (UniqueName: \"kubernetes.io/projected/529d9460-9a31-48e4-92c9-4477fb9042e3-kube-api-access-phjr2\") pod \"hivemq-test-hivemq-platform-operator-67f7c95fb6-975vv\" (UID: \"529d9460-9a31-48e4-92c9-4477fb9042e3\") " pod="helmcustomconfigit-operator/hivemq-test-hivemq-platform-operator-67f7c95fb6-975vv"
2025-01-28 23:37:07,470 INFO c.h.h.t.HelmChartContainer - [EVENT] Normal [Pulled] Container image "docker.io/hivemq/hivemq-platform-operator-test:snapshot" already present on machine [helmcustomconfigit-operator:hivemq-test-hivemq-platform-operator-67f7c95fb6-975vv]
2025-01-28 23:37:07,471 INFO c.h.h.t.HelmChartContainer - Received Pulled event for container hivemq-platform-operator in pod hivemq-test-hivemq-platform-operator-67f7c95fb6-975vv [529d9460-9a31-48e4-92c9-4477fb9042e3]
2025-01-28 23:37:08,695 INFO c.h.h.t.HelmChartContainer - [EVENT] Normal [Created] Created container: hivemq-platform-operator [helmcustomconfigit-operator:hivemq-test-hivemq-platform-operator-67f7c95fb6-975vv]
2025-01-28 23:37:08,695 INFO c.h.h.t.HelmChartContainer - Received Created event for container hivemq-platform-operator in pod hivemq-test-hivemq-platform-operator-67f7c95fb6-975vv [529d9460-9a31-48e4-92c9-4477fb9042e3]
2025-01-28 23:37:09,386 INFO c.h.h.t.HelmChartContainer - [K3S] [replica_set.go:679] "Finished syncing" kind="ReplicaSet" key="helmcustomconfigit-operator/hivemq-test-hivemq-platform-operator-67f7c95fb6" duration="40.194µs"
2025-01-28 23:37:09,388 INFO c.h.h.t.HelmChartContainer - [POD] hivemq-test-hivemq-platform-operator-67f7c95fb6-975vv [529d9460-9a31-48e4-92c9-4477fb9042e3] in helmcustomconfigit-operator was MODIFIED
2025-01-28 23:37:09,399 INFO c.h.h.t.HelmChartContainer - Started log watcher for hivemq-platform-operator in pod hivemq-test-hivemq-platform-operator-67f7c95fb6-975vv [529d9460-9a31-48e4-92c9-4477fb9042e3]
2025-01-28 23:37:09,400 INFO c.h.h.t.HelmChartContainer - [hivemq-test-hivemq-platform] [hivemq-platform-operator] [529d9460] -------------------------------------------------------------------------
2025-01-28 23:37:09,400 INFO c.h.h.t.HelmChartContainer - [hivemq-test-hivemq-platform] [hivemq-platform-operator] [529d9460] 
2025-01-28 23:37:09,400 INFO c.h.h.t.HelmChartContainer - [hivemq-test-hivemq-platform] [hivemq-platform-operator] [529d9460]                   _    _  _              __  __   ____
2025-01-28 23:37:09,400 INFO c.h.h.t.HelmChartContainer - [hivemq-test-hivemq-platform] [hivemq-platform-operator] [529d9460]                  | |  | |(_)            |  \/  | / __ \
2025-01-28 23:37:09,400 INFO c.h.h.t.HelmChartContainer - [hivemq-test-hivemq-platform] [hivemq-platform-operator] [529d9460]                  | |__| | _ __   __ ___ | \  / || |  | |
2025-01-28 23:37:09,401 INFO c.h.h.t.HelmChartContainer - [EVENT] Normal [Started] Started container hivemq-platform-operator [helmcustomconfigit-operator:hivemq-test-hivemq-platform-operator-67f7c95fb6-975vv]
2025-01-28 23:37:09,402 INFO c.h.h.t.HelmChartContainer - Received Started event for container hivemq-platform-operator in pod hivemq-test-hivemq-platform-operator-67f7c95fb6-975vv [529d9460-9a31-48e4-92c9-4477fb9042e3]
2025-01-28 23:37:09,402 INFO c.h.h.t.HelmChartContainer - [hivemq-test-hivemq-platform] [hivemq-platform-operator] [529d9460]                  |  __  || |\ \ / // _ \| |\/| || |  | |
2025-01-28 23:37:09,403 INFO c.h.h.t.HelmChartContainer - [hivemq-test-hivemq-platform] [hivemq-platform-operator] [529d9460]                  | |  | || | \ V /|  __/| |  | || |__| |
2025-01-28 23:37:09,403 INFO c.h.h.t.HelmChartContainer - [hivemq-test-hivemq-platform] [hivemq-platform-operator] [529d9460]                  |_|  |_||_|  \_/  \___||_|  |_| \___\_\
2025-01-28 23:37:09,403 INFO c.h.h.t.HelmChartContainer - [hivemq-test-hivemq-platform] [hivemq-platform-operator] [529d9460] 
2025-01-28 23:37:09,403 INFO c.h.h.t.HelmChartContainer - [hivemq-test-hivemq-platform] [hivemq-platform-operator] [529d9460] -------------------------------------------------------------------------
2025-01-28 23:37:09,403 INFO c.h.h.t.HelmChartContainer - [hivemq-test-hivemq-platform] [hivemq-platform-operator] [529d9460] 
2025-01-28 23:37:09,403 INFO c.h.h.t.HelmChartContainer - [hivemq-test-hivemq-platform] [hivemq-platform-operator] [529d9460]   HiveMQ Platform Operator Start Script v1.0
2025-01-28 23:37:09,404 INFO c.h.h.t.HelmChartContainer - [hivemq-test-hivemq-platform] [hivemq-platform-operator] [529d9460] 
2025-01-28 23:37:09,404 INFO c.h.h.t.HelmChartContainer - [hivemq-test-hivemq-platform] [hivemq-platform-operator] [529d9460] -------------------------------------------------------------------------
2025-01-28 23:37:09,404 INFO c.h.h.t.HelmChartContainer - [hivemq-test-hivemq-platform] [hivemq-platform-operator] [529d9460] 
2025-01-28 23:37:09,404 INFO c.h.h.t.HelmChartContainer - [hivemq-test-hivemq-platform] [hivemq-platform-operator] [529d9460]   JAVA_OPTS: -XX:+UnlockExperimentalVMOptions -XX:InitialRAMPercentage=75 -XX:MaxRAMPercentage=75 -Duser.language=en -Duser.region=US
2025-01-28 23:37:09,404 INFO c.h.h.t.HelmChartContainer - [hivemq-test-hivemq-platform] [hivemq-platform-operator] [529d9460] 
2025-01-28 23:37:09,404 INFO c.h.h.t.HelmChartContainer - [hivemq-test-hivemq-platform] [hivemq-platform-operator] [529d9460]   JAVA_VERSION: 21
2025-01-28 23:37:09,404 INFO c.h.h.t.HelmChartContainer - [hivemq-test-hivemq-platform] [hivemq-platform-operator] [529d9460] 
2025-01-28 23:37:09,404 INFO c.h.h.t.HelmChartContainer - [hivemq-test-hivemq-platform] [hivemq-platform-operator] [529d9460] -------------------------------------------------------------------------
2025-01-28 23:37:09,404 INFO c.h.h.t.HelmChartContainer - [hivemq-test-hivemq-platform] [hivemq-platform-operator] [529d9460] 
2025-01-28 23:37:11,910 INFO c.h.h.t.HelmChartContainer - [hivemq-test-hivemq-platform] [hivemq-platform-operator] [529d9460] 23:37:11.908 [main] DEBUG org.jboss.logging - Logging Provider: org.jboss.logging.Slf4jLoggerProvider
2025-01-28 23:37:12,092 INFO c.h.h.t.HelmChartContainer - [hivemq-test-hivemq-platform] [hivemq-platform-operator] [529d9460] 23:37:12.091 [main] DEBUG io.smallrye.config - SRCFG01006: Loaded ConfigSource SysPropConfigSource with ordinal 400
2025-01-28 23:37:12,092 INFO c.h.h.t.HelmChartContainer - [hivemq-test-hivemq-platform] [hivemq-platform-operator] [529d9460] 23:37:12.091 [main] DEBUG io.smallrye.config - SRCFG01006: Loaded ConfigSource EnvConfigSource with ordinal 300
2025-01-28 23:37:12,093 INFO c.h.h.t.HelmChartContainer - [hivemq-test-hivemq-platform] [hivemq-platform-operator] [529d9460] 23:37:12.091 [main] DEBUG io.smallrye.config - SRCFG01006: Loaded ConfigSource PropertiesConfigSource[source=jar:file:///opt/hivemq-platform-operator/bin/hivemq-platform-operator.jar!/hivemq-platform-operator.properties] with ordinal 100
2025-01-28 23:37:12,093 INFO c.h.h.t.HelmChartContainer - [hivemq-test-hivemq-platform] [hivemq-platform-operator] [529d9460] 23:37:12.091 [main] DEBUG io.smallrye.config - SRCFG01006: Loaded ConfigSource DefaultValuesConfigSource with ordinal -2147483648
2025-01-28 23:37:12,123 INFO c.h.h.t.HelmChartContainer - [hivemq-test-hivemq-platform] [hivemq-platform-operator] [529d9460] 23:37:12.122 [main] DEBUG i.m.c.u.i.l.InternalLoggerFactory - Using SLF4J as the default logging framework
2025-01-28 23:37:12,299 INFO c.h.h.t.HelmChartContainer - [hivemq-test-hivemq-platform] [hivemq-platform-operator] [529d9460] 23:37:12.292 [main] INFO  c.h.p.o.HiveMQPlatformOperatorApplication - HiveMQ Platform Operator 1.7.0-SNAPSHOT (commit: bebf408 on branch: HEAD) built on Sun Jan 26 20:47:47 UTC 2025
2025-01-28 23:37:12,299 INFO c.h.h.t.HelmChartContainer - [hivemq-test-hivemq-platform] [hivemq-platform-operator] [529d9460] 23:37:12.298 [main] INFO  c.h.p.o.HiveMQPlatformOperatorApplication - HiveMQ Platform Operator is running in namespace: helmcustomconfigit-operator
2025-01-28 23:37:12,300 INFO c.h.h.t.HelmChartContainer - [hivemq-test-hivemq-platform] [hivemq-platform-operator] [529d9460] 23:37:12.298 [main] INFO  c.h.p.o.HiveMQPlatformOperatorApplication - Watching namespaces: helmcustomconfigit
2025-01-28 23:37:12,300 INFO c.h.h.t.HelmChartContainer - [hivemq-test-hivemq-platform] [hivemq-platform-operator] [529d9460] 23:37:12.298 [main] INFO  c.h.p.o.HiveMQPlatformOperatorApplication - Log level: DEBUG
2025-01-28 23:37:12,300 INFO c.h.h.t.HelmChartContainer - [hivemq-test-hivemq-platform] [hivemq-platform-operator] [529d9460] 23:37:12.298 [main] INFO  c.h.p.o.HiveMQPlatformOperatorApplication - Release name: test-hivemq-platform-operator
2025-01-28 23:37:12,300 INFO c.h.h.t.HelmChartContainer - [hivemq-test-hivemq-platform] [hivemq-platform-operator] [529d9460] 23:37:12.298 [main] INFO  c.h.p.o.HiveMQPlatformOperatorApplication - HiveMQ Platform Operator Init image: docker.io/hivemq/hivemq-platform-operator-init-test:snapshot
2025-01-28 23:37:12,300 INFO c.h.h.t.HelmChartContainer - [hivemq-test-hivemq-platform] [hivemq-platform-operator] [529d9460] 23:37:12.298 [main] INFO  c.h.p.o.HiveMQPlatformOperatorApplication - HiveMQ Platform Operator Init App update URL: http://hivemq-platform-operator-test-hivemq-platform-operator.helmcustomconfigit-operator.svc:8080/initAppUpdate/hivemq-platform-operator-init-app-1.7.0-SNAPSHOT.jar
2025-01-28 23:37:12,301 INFO c.h.h.t.HelmChartContainer - [hivemq-test-hivemq-platform] [hivemq-platform-operator] [529d9460] 23:37:12.298 [main] INFO  c.h.p.o.HiveMQPlatformOperatorApplication - Additional imagePullSecret for all Platform deployments: none
2025-01-28 23:37:12,301 INFO c.h.h.t.HelmChartContainer - [hivemq-test-hivemq-platform] [hivemq-platform-operator] [529d9460] 23:37:12.298 [main] INFO  c.h.p.o.HiveMQPlatformOperatorApplication - Apply HiveMQ Platform CRD: true
2025-01-28 23:37:12,301 INFO c.h.h.t.HelmChartContainer - [hivemq-test-hivemq-platform] [hivemq-platform-operator] [529d9460] 23:37:12.298 [main] INFO  c.h.p.o.HiveMQPlatformOperatorApplication - Create Platform ServiceAccount: true
2025-01-28 23:37:12,301 INFO c.h.h.t.HelmChartContainer - [hivemq-test-hivemq-platform] [hivemq-platform-operator] [529d9460] 23:37:12.298 [main] INFO  c.h.p.o.HiveMQPlatformOperatorApplication - Create Platform ServiceAccount permissions: true
2025-01-28 23:37:12,301 INFO c.h.h.t.HelmChartContainer - [hivemq-test-hivemq-platform] [hivemq-platform-operator] [529d9460] 23:37:12.298 [main] INFO  c.h.p.o.HiveMQPlatformOperatorApplication - Validate Platform ServiceAccount: true
2025-01-28 23:37:12,301 INFO c.h.h.t.HelmChartContainer - [hivemq-test-hivemq-platform] [hivemq-platform-operator] [529d9460] 23:37:12.298 [main] INFO  c.h.p.o.HiveMQPlatformOperatorApplication - Validate Platform ServiceAccount permissions: true
2025-01-28 23:37:12,423 INFO c.h.h.t.HelmChartContainer - [hivemq-test-hivemq-platform] [hivemq-platform-operator] [529d9460] 23:37:12.422 [main] INFO  c.h.platform.operator.util.CRDUtil - Verifying deployed HiveMQ Platform CRD...
2025-01-28 23:37:14,604 INFO c.h.h.t.HelmChartContainer - [hivemq-test-hivemq-platform] [hivemq-platform-operator] [529d9460] 23:37:14.602 [main] DEBUG c.h.platform.operator.util.CRDUtil - HiveMQ Platform CRD version v1 is up to date
2025-01-28 23:37:14,605 INFO c.h.h.t.HelmChartContainer - [hivemq-test-hivemq-platform] [hivemq-platform-operator] [529d9460] 23:37:14.603 [main] INFO  c.h.platform.operator.util.CRDUtil - HiveMQ Platform CRD is up to date (version: V1_6_0)
2025-01-28 23:37:14,605 INFO c.h.h.t.HelmChartContainer - [hivemq-test-hivemq-platform] [hivemq-platform-operator] [529d9460] 23:37:14.603 [main] INFO  c.h.platform.operator.util.CRDUtil - Waiting 10000 ms for HiveMQ Platform CRD 'hivemq-platforms.hivemq.com' to become ready...
2025-01-28 23:37:14,994 INFO c.h.h.t.HelmChartContainer - [hivemq-test-hivemq-platform] [hivemq-platform-operator] [529d9460] 23:37:14.993 [vert.x-eventloop-thread-1] DEBUG c.h.platform.operator.util.CRDUtil - Checking CRD condition 'NamesAccepted' (status: 'True')
2025-01-28 23:37:14,995 INFO c.h.h.t.HelmChartContainer - [hivemq-test-hivemq-platform] [hivemq-platform-operator] [529d9460] 23:37:14.994 [vert.x-eventloop-thread-1] DEBUG c.h.platform.operator.util.CRDUtil - Checking CRD condition 'Established' (status: 'True')
2025-01-28 23:37:14,996 INFO c.h.h.t.HelmChartContainer - [hivemq-test-hivemq-platform] [hivemq-platform-operator] [529d9460] 23:37:14.995 [main] INFO  c.h.platform.operator.util.CRDUtil - HiveMQ Platform CRD 'hivemq-platforms.hivemq.com' is ready
2025-01-28 23:37:15,113 INFO c.h.h.t.HelmChartContainer - [hivemq-test-hivemq-platform] [hivemq-platform-operator] [529d9460] 23:37:15.112 [main] INFO  c.h.p.o.HiveMQPlatformReconciler - HiveMQ Platform Operator is starting...
2025-01-28 23:37:15,207 INFO c.h.h.t.HelmChartContainer - [hivemq-test-hivemq-platform] [hivemq-platform-operator] [529d9460] 23:37:15.206 [main] WARN  Default ConfigurationService implementation - Configuration for reconciler 'hivemq-controller' was not found. Known reconcilers: None.
2025-01-28 23:37:15,291 INFO c.h.h.t.HelmChartContainer - [hivemq-test-hivemq-platform] [hivemq-platform-operator] [529d9460] 23:37:15.290 [main] INFO  Default ConfigurationService implementation - Created configuration for reconciler com.hivemq.platform.operator.HiveMQPlatformReconciler with name hivemq-controller
2025-01-28 23:37:15,391 INFO c.h.h.t.HelmChartContainer - [hivemq-test-hivemq-platform] [hivemq-platform-operator] [529d9460] 23:37:15.390 [main] DEBUG c.h.p.o.HiveMQPlatformReconciler - HiveMQ Platform Operator is preparing EventSources
2025-01-28 23:37:15,404 INFO c.h.h.t.HelmChartContainer - [hivemq-test-hivemq-platform] [hivemq-platform-operator] [529d9460] 23:37:15.403 [main] INFO  i.javaoperatorsdk.operator.Operator - Registered reconciler: 'hivemq-controller' for resource: 'class com.hivemq.platform.operator.v1.HiveMQPlatform' for namespace(s): [helmcustomconfigit]
2025-01-28 23:37:15,404 INFO c.h.h.testcontainer.LogWaiterUtil - TEST Found log pattern on 'hivemq-test-hivemq-platform-operator-67f7c95fb6-975vv': .*Registered reconciler: 'hivemq-controller' for resource: 'class com.hivemq.platform.operator.v1.HiveMQPlatform' for namespace\(s\): \[helmcustomconfigit\]
2025-01-28 23:37:15,903 INFO c.h.h.t.HelmChartContainer - [hivemq-test-hivemq-platform] [hivemq-platform-operator] [529d9460] 23:37:15.902 [main] INFO  c.h.p.operator.webserver.JettyServer - Starting Jetty server on port 8080
2025-01-28 23:37:16,000 INFO c.h.h.t.HelmChartContainer - [hivemq-test-hivemq-platform] [hivemq-platform-operator] [529d9460] 23:37:15.999 [main] INFO  i.javaoperatorsdk.operator.Operator - Operator SDK 4.9.7 (commit: 2133d28) built on Wed Nov 20 12:56:20 UTC 2024 starting...
2025-01-28 23:37:16,001 INFO c.h.h.t.HelmChartContainer - [hivemq-test-hivemq-platform] [hivemq-platform-operator] [529d9460] 23:37:15.999 [main] INFO  i.javaoperatorsdk.operator.Operator - Client version: 6.13.4
2025-01-28 23:37:16,002 INFO c.h.h.t.HelmChartContainer - [hivemq-test-hivemq-platform] [hivemq-platform-operator] [529d9460] 23:37:16.001 [Controller Starter for: hivemq-controller] INFO  i.j.operator.processing.Controller - Starting 'hivemq-controller' controller for reconciler: com.hivemq.platform.operator.HiveMQPlatformReconciler, resource: com.hivemq.platform.operator.v1.HiveMQPlatform
2025-01-28 23:37:18,099 INFO c.h.h.t.HelmChartContainer - [hivemq-test-hivemq-platform] [hivemq-platform-operator] [529d9460] 23:37:18.097 [Controller Starter for: hivemq-controller] INFO  i.j.operator.processing.Controller - 'hivemq-controller' controller started
2025-01-28 23:37:18,099 INFO c.h.h.t.HelmChartContainer - [hivemq-test-hivemq-platform] [hivemq-platform-operator] [529d9460] 23:37:18.098 [main] INFO  c.h.p.o.HiveMQPlatformOperatorApplication - HiveMQ Platform Operator 1.7.0-SNAPSHOT started in 5805 ms
2025-01-28 23:37:20,392 INFO c.h.h.t.HelmChartContainer - [POD] hivemq-test-hivemq-platform-operator-67f7c95fb6-975vv [529d9460-9a31-48e4-92c9-4477fb9042e3] in helmcustomconfigit-operator was MODIFIED
2025-01-28 23:37:20,400 INFO c.h.h.t.HelmChartContainer - [K3S] [replica_set.go:679] "Finished syncing" kind="ReplicaSet" key="helmcustomconfigit-operator/hivemq-test-hivemq-platform-operator-67f7c95fb6" duration="9.236895ms"
2025-01-28 23:37:20,400 INFO c.h.h.t.HelmChartContainer - [K3S] [replica_set.go:679] "Finished syncing" kind="ReplicaSet" key="helmcustomconfigit-operator/hivemq-test-hivemq-platform-operator-67f7c95fb6" duration="36.027µs"
2025-01-28 23:37:21,113 INFO com.hivemq.helmcharts.util.K8sUtil - Pod 'hivemq-test-hivemq-platform-operator-67f7c95fb6-975vv' is ready
2025-01-28 23:37:23,169 DEBUG c.h.h.t.HelmChartContainer - Executing helm command: /bin/helm --kubeconfig /etc/rancher/k3s/k3s.yaml install test-hivemq-platform /charts/hivemq-platform --wait --timeout 5m0s --set image.repository=docker.io/hivemq --set image.tag=4.36.0 --set image.pullPolicy=Never --set nodes.resources.cpu=512m -f /files/custom-platform-env-vars-values.yaml --namespace helmcustomconfigit
2025-01-28 23:37:24,499 INFO c.h.h.t.HelmChartContainer - [hivemq-test-hivemq-platform] [hivemq-platform-operator] [529d9460] 23:37:24.498 [pool-6-thread-3] DEBUG c.h.p.o.dependants.PodInfoConfigMap - [helmcust] Desired PodInfo ConfigMap (1 extensions) (1 enabled)
2025-01-28 23:37:24,500 INFO c.h.h.t.HelmChartContainer - [hivemq-test-hivemq-platform] [hivemq-platform-operator] [529d9460] 23:37:24.499 [pool-6-thread-3] DEBUG c.h.p.o.dependants.PodInfoConfigMap - [helmcust] Desired PodInfo ConfigMap (metrics port: 9399) (metrics path: /)
2025-01-28 23:37:24,500 INFO c.h.h.t.HelmChartContainer - [hivemq-test-hivemq-platform] [hivemq-platform-operator] [529d9460] 23:37:24.499 [pool-6-thread-3] DEBUG c.h.p.o.dependants.PodInfoConfigMap - [helmcust] Desired PodInfo ConfigMap (extension state hash: -1817474005)
2025-01-28 23:37:24,570 INFO c.h.h.t.HelmChartContainer - [hivemq-test-hivemq-platform] [hivemq-platform-operator] [529d9460] 23:37:24.569 [pool-6-thread-3] DEBUG c.h.p.o.dependants.PodInfoConfigMap - [helmcust] Create PodInfo ConfigMap
2025-01-28 23:37:24,674 INFO c.h.h.t.HelmChartContainer - [hivemq-test-hivemq-platform] [hivemq-platform-operator] [529d9460] 23:37:24.670 [pool-6-thread-5] DEBUG c.h.p.o.dependants.PodRoleResource - [helmcust] Create Role: Role(apiVersion=rbac.authorization.k8s.io/v1, kind=Role, metadata=ObjectMeta(annotations={meta.helm.sh/release-name=test-hivemq-platform, meta.helm.sh/release-namespace=helmcustomconfigit}, creationTimestamp=null, deletionGracePeriodSeconds=null, deletionTimestamp=null, finalizers=[], generateName=null, generation=null, labels={helm.sh/chart=hivemq-platform-0.2.32, app.kubernetes.io/managed-by=Helm, app.kubernetes.io/name=hivemq-platform, hivemq-platform=test-hivemq-platform, app.kubernetes.io/instance=test-hivemq-platform, app.kubernetes.io/version=4.36.0}, managedFields=[], name=hivemq-platform-role-test-hivemq-platform, namespace=helmcustomconfigit, ownerReferences=[OwnerReference(apiVersion=hivemq.com/v1, blockOwnerDeletion=null, controller=null, kind=HiveMQPlatform, name=test-hivemq-platform, uid=a95473eb-6a5a-4b86-914a-690e069307ff, additionalProperties={})], resourceVersion=null, selfLink=null, uid=null, additionalProperties={}), rules=[PolicyRule(apiGroups=[], nonResourceURLs=[], resourceNames=[], resources=[pods], verbs=[get, patch, update], additionalProperties={})], additionalProperties={})
2025-01-28 23:37:24,774 INFO c.h.h.t.HelmChartContainer - [hivemq-test-hivemq-platform] [hivemq-platform-operator] [529d9460] 23:37:24.772 [pool-6-thread-7] DEBUG c.h.p.o.d.PodServiceAccountResource - [helmcust] Desired PodServiceAccountResource (serviceAccountName: hivemq-platform-pod-test-hivemq-platform)
2025-01-28 23:37:24,774 INFO c.h.h.t.HelmChartContainer - [hivemq-test-hivemq-platform] [hivemq-platform-operator] [529d9460] 23:37:24.773 [pool-6-thread-7] DEBUG c.h.p.o.d.PodServiceAccountResource - [helmcust] Create ServiceAccount 'hivemq-platform-pod-test-hivemq-platform'
2025-01-28 23:37:24,894 INFO c.h.h.t.HelmChartContainer - [hivemq-test-hivemq-platform] [hivemq-platform-operator] [529d9460] 23:37:24.893 [pool-6-thread-10] DEBUG c.h.p.o.d.PodRoleBindingResource - [helmcust] Create RoleBinding: RoleBinding(apiVersion=rbac.authorization.k8s.io/v1, kind=RoleBinding, metadata=ObjectMeta(annotations={meta.helm.sh/release-name=test-hivemq-platform, meta.helm.sh/release-namespace=helmcustomconfigit}, creationTimestamp=null, deletionGracePeriodSeconds=null, deletionTimestamp=null, finalizers=[], generateName=null, generation=null, labels={helm.sh/chart=hivemq-platform-0.2.32, app.kubernetes.io/managed-by=Helm, app.kubernetes.io/name=hivemq-platform, hivemq-platform=test-hivemq-platform, app.kubernetes.io/instance=test-hivemq-platform, app.kubernetes.io/version=4.36.0}, managedFields=[], name=hivemq-platform-role-binding-test-hivemq-platform, namespace=helmcustomconfigit, ownerReferences=[OwnerReference(apiVersion=hivemq.com/v1, blockOwnerDeletion=null, controller=null, kind=HiveMQPlatform, name=test-hivemq-platform, uid=a95473eb-6a5a-4b86-914a-690e069307ff, additionalProperties={})], resourceVersion=null, selfLink=null, uid=null, additionalProperties={}), roleRef=RoleRef(apiGroup=rbac.authorization.k8s.io, kind=Role, name=hivemq-platform-role-test-hivemq-platform, additionalProperties={}), subjects=[Subject(apiGroup=null, kind=ServiceAccount, name=hivemq-platform-pod-test-hivemq-platform, namespace=helmcustomconfigit, additionalProperties={})], additionalProperties={})
2025-01-28 23:37:24,971 INFO c.h.h.t.HelmChartContainer - [hivemq-test-hivemq-platform] [hivemq-platform-operator] [529d9460] 23:37:24.970 [ReconcilerExecutor-hivemq-controller-52] INFO  c.h.p.o.HiveMQPlatformReconciler - [helmcust] Reconciling HiveMQ Platform 'test-hivemq-platform' in namespace 'helmcustomconfigit'
2025-01-28 23:37:24,972 INFO c.h.h.t.HelmChartContainer - [hivemq-test-hivemq-platform] [hivemq-platform-operator] [529d9460] 23:37:24.970 [ReconcilerExecutor-hivemq-controller-52] DEBUG c.h.p.o.HiveMQPlatformReconciler - [helmcust] Custom Resource Status CREATED - HiveMQ Platform was created (READY)
2025-01-28 23:37:24,972 INFO c.h.h.t.HelmChartContainer - [hivemq-test-hivemq-platform] [hivemq-platform-operator] [529d9460] 23:37:24.970 [ReconcilerExecutor-hivemq-controller-52] DEBUG c.h.p.o.HiveMQPlatformReconciler - [helmcust] Custom Resource Spec (replicas: 2) (extensions: 1)
2025-01-28 23:37:24,980 INFO c.h.h.t.HelmChartContainer - [hivemq-test-hivemq-platform] [hivemq-platform-operator] [529d9460] 23:37:24.974 [ReconcilerExecutor-hivemq-controller-52] INFO  c.h.p.o.h.HiveMQPlatformReconcilerBaseHandler - [helmcust] HiveMQ Platform is starting
2025-01-28 23:37:25,091 INFO c.h.h.t.HelmChartContainer - [hivemq-test-hivemq-platform] [hivemq-platform-operator] [529d9460] 23:37:25.089 [ReconcilerExecutor-hivemq-controller-52] DEBUG c.h.p.operator.event.EventSender - [helmcust] Creating K8s event hivemq-platform-starting: [Start] HiveMQ Platform is starting
2025-01-28 23:37:25,099 INFO c.h.h.t.HelmChartContainer - [EVENT] Normal [Start] HiveMQ Platform is starting [helmcustomconfigit:test-hivemq-platform]
2025-01-28 23:37:25,171 INFO c.h.h.t.HelmChartContainer - [hivemq-test-hivemq-platform] [hivemq-platform-operator] [529d9460] 23:37:25.170 [ReconcilerExecutor-hivemq-controller-52] INFO  c.h.p.o.h.AbstractHiveMQReconcilerStateHandler - [helmcust] Update HiveMQ Platform Status (CREATED [READY] -> STARTING [READY]): HiveMQ Platform is starting
2025-01-28 23:37:25,197 DEBUG com.hivemq.helmcharts.util.K8sUtil - Comparing actual state 'STARTING' and waiting for 'RUNNING'
2025-01-28 23:37:35,203 INFO c.h.h.t.HelmChartContainer - [hivemq-test-hivemq-platform] [hivemq-platform-operator] [529d9460] 23:37:35.202 [Timer-0] WARN  i.m.p.PrometheusMeterRegistry - The meter (MeterId{name='operator.sdk.events.received', tags=[tag(event=Event),tag(group=hivemq.com),tag(kind=HiveMQPlatform),tag(name=test-hivemq-platform),tag(namespace=helmcustomconfigit),tag(scope=namespace),tag(version=v1)]}) registration has failed: Prometheus requires that all meters with the same name have the same set of tag keys. There is already an existing meter named 'operator.sdk.events.received' containing tag keys [action, event, group, kind, name, namespace, scope, version]. The meter you are attempting to register has keys [event, group, kind, name, namespace, scope, version]. Note that subsequent logs will be logged at debug level.
2025-01-28 23:37:35,210 INFO c.h.h.t.HelmChartContainer - [hivemq-test-hivemq-platform] [hivemq-platform-operator] [529d9460] 23:37:35.207 [pool-6-thread-12] DEBUG c.h.p.o.d.PlatformServiceResource - [helmcust] Desired Platform services (3 services)
2025-01-28 23:37:35,210 INFO c.h.h.t.HelmChartContainer - [hivemq-test-hivemq-platform] [hivemq-platform-operator] [529d9460] 23:37:35.208 [pool-6-thread-13] DEBUG c.h.p.o.dependants.PodInfoConfigMap - [helmcust] Desired PodInfo ConfigMap (1 extensions) (1 enabled)
2025-01-28 23:37:35,211 INFO c.h.h.t.HelmChartContainer - [hivemq-test-hivemq-platform] [hivemq-platform-operator] [529d9460] 23:37:35.210 [pool-6-thread-13] DEBUG c.h.p.o.dependants.PodInfoConfigMap - [helmcust] Desired PodInfo ConfigMap (metrics port: 9399) (metrics path: /)
2025-01-28 23:37:35,211 INFO c.h.h.t.HelmChartContainer - [hivemq-test-hivemq-platform] [hivemq-platform-operator] [529d9460] 23:37:35.210 [pool-6-thread-13] DEBUG c.h.p.o.dependants.PodInfoConfigMap - [helmcust] Desired PodInfo ConfigMap (extension state hash: -1817474005)
2025-01-28 23:37:35,216 INFO c.h.h.t.HelmChartContainer - [hivemq-test-hivemq-platform] [hivemq-platform-operator] [529d9460] 23:37:35.215 [pool-6-thread-17] DEBUG c.h.p.o.d.PodServiceAccountResource - [helmcust] Desired PodServiceAccountResource (serviceAccountName: hivemq-platform-pod-test-hivemq-platform)
2025-01-28 23:37:35,218 INFO c.h.h.t.HelmChartContainer - [hivemq-test-hivemq-platform] [hivemq-platform-operator] [529d9460] 23:37:35.216 [pool-6-thread-13] DEBUG c.h.p.o.dependants.PodInfoConfigMap - [helmcust] Update PodInfo ConfigMap
2025-01-28 23:37:35,224 INFO c.h.h.t.HelmChartContainer - [K3S] [alloc.go:330] "allocated clusterIPs" service="helmcustomconfigit/hivemq-test-hivemq-platform-cc-8080" clusterIPs={"IPv4":"10.43.223.102"}
2025-01-28 23:37:35,304 INFO c.h.h.t.HelmChartContainer - [K3S] [alloc.go:330] "allocated clusterIPs" service="helmcustomconfigit/hivemq-test-hivemq-platform-metrics-9399" clusterIPs={"IPv4":"10.43.33.235"}
2025-01-28 23:37:35,397 INFO c.h.h.t.HelmChartContainer - [K3S] [alloc.go:330] "allocated clusterIPs" service="helmcustomconfigit/hivemq-test-hivemq-platform-mqtt-1883" clusterIPs={"IPv4":"10.43.27.124"}
2025-01-28 23:37:35,407 INFO c.h.h.t.HelmChartContainer - [hivemq-test-hivemq-platform] [hivemq-platform-operator] [529d9460] 23:37:35.404 [pool-6-thread-20] DEBUG c.h.p.o.d.StatefulSetResource - [helmcust] Desired StatefulSet (2 replicas) for status STARTING (READY)
2025-01-28 23:37:35,499 INFO c.h.h.t.HelmChartContainer - [hivemq-test-hivemq-platform] [hivemq-platform-operator] [529d9460] 23:37:35.498 [pool-6-thread-20] DEBUG c.h.p.o.d.StatefulSetResource - [helmcust] Create StatefulSet
2025-01-28 23:37:35,609 INFO c.h.h.t.HelmChartContainer - [hivemq-test-hivemq-platform] [hivemq-platform-operator] [529d9460] 23:37:35.607 [ReconcilerExecutor-hivemq-controller-63] INFO  c.h.p.o.HiveMQPlatformReconciler - [helmcust] Reconciling HiveMQ Platform 'test-hivemq-platform' in namespace 'helmcustomconfigit'
2025-01-28 23:37:35,610 INFO c.h.h.t.HelmChartContainer - [hivemq-test-hivemq-platform] [hivemq-platform-operator] [529d9460] 23:37:35.607 [ReconcilerExecutor-hivemq-controller-63] DEBUG c.h.p.o.HiveMQPlatformReconciler - [helmcust] Custom Resource Status STARTING - HiveMQ Platform is starting (READY)
2025-01-28 23:37:35,611 INFO c.h.h.t.HelmChartContainer - [hivemq-test-hivemq-platform] [hivemq-platform-operator] [529d9460] 23:37:35.608 [ReconcilerExecutor-hivemq-controller-63] DEBUG c.h.p.o.HiveMQPlatformReconciler - [helmcust] Custom Resource Spec (replicas: 2) (extensions: 1)
2025-01-28 23:37:35,616 INFO c.h.h.t.HelmChartContainer - [POD] test-hivemq-platform-0 [c4a99efe-0b36-475b-acca-beb67556abd9] in helmcustomconfigit was ADDED
2025-01-28 23:37:35,619 INFO c.h.h.t.HelmChartContainer - [hivemq-test-hivemq-platform] [hivemq-platform-operator] [529d9460] 23:37:35.611 [ReconcilerExecutor-hivemq-controller-63] DEBUG c.h.p.o.HiveMQPlatformReconciler - [helmcust] StatefulSet Status (revision: null, replicas: 0, available: 0, ready: 0, current: 0, updated: 0)
2025-01-28 23:37:35,619 INFO c.h.h.t.HelmChartContainer - [hivemq-test-hivemq-platform] [hivemq-platform-operator] [529d9460] 23:37:35.611 [ReconcilerExecutor-hivemq-controller-63] DEBUG c.h.p.o.HiveMQPlatformReconciler - [helmcust] StatefulSet Spec (replicas: 2, init containers: 1, containers: 1, volumes: 3)
2025-01-28 23:37:35,619 INFO c.h.h.t.HelmChartContainer - [EVENT] Normal [SuccessfulCreate] create Pod test-hivemq-platform-0 in StatefulSet test-hivemq-platform successful [helmcustomconfigit:test-hivemq-platform]
2025-01-28 23:37:35,619 INFO c.h.h.t.HelmChartContainer - [POD] test-hivemq-platform-0 [c4a99efe-0b36-475b-acca-beb67556abd9] in helmcustomconfigit was MODIFIED
2025-01-28 23:37:35,625 INFO c.h.h.t.HelmChartContainer - [EVENT] Normal [Scheduled] Successfully assigned helmcustomconfigit/test-hivemq-platform-0 to 349c386a830b [helmcustomconfigit:test-hivemq-platform-0]
2025-01-28 23:37:35,636 INFO c.h.h.t.HelmChartContainer - [POD] test-hivemq-platform-0 [c4a99efe-0b36-475b-acca-beb67556abd9] in helmcustomconfigit was MODIFIED
2025-01-28 23:37:35,671 INFO c.h.h.t.HelmChartContainer - [hivemq-test-hivemq-platform] [hivemq-platform-operator] [529d9460] 23:37:35.614 [ReconcilerExecutor-hivemq-controller-63] INFO  c.h.p.o.h.HiveMQPlatformReconcilerBaseHandler - [helmcust] HiveMQ Platform is starting, 0 of 2 replicas are ready
2025-01-28 23:37:35,707 INFO c.h.h.t.HelmChartContainer - [hivemq-test-hivemq-platform] [hivemq-platform-operator] [529d9460] 23:37:35.703 [pool-6-thread-22] DEBUG c.h.p.o.d.PlatformServiceResource - [helmcust] Desired Platform services (3 services)
2025-01-28 23:37:35,707 INFO c.h.h.t.HelmChartContainer - [hivemq-test-hivemq-platform] [hivemq-platform-operator] [529d9460] 23:37:35.704 [pool-6-thread-23] DEBUG c.h.p.o.dependants.PodInfoConfigMap - [helmcust] Desired PodInfo ConfigMap (1 extensions) (1 enabled)
2025-01-28 23:37:35,708 INFO c.h.h.t.HelmChartContainer - [hivemq-test-hivemq-platform] [hivemq-platform-operator] [529d9460] 23:37:35.704 [pool-6-thread-23] DEBUG c.h.p.o.dependants.PodInfoConfigMap - [helmcust] Desired PodInfo ConfigMap (metrics port: 9399) (metrics path: /)
2025-01-28 23:37:35,708 INFO c.h.h.t.HelmChartContainer - [hivemq-test-hivemq-platform] [hivemq-platform-operator] [529d9460] 23:37:35.704 [pool-6-thread-23] DEBUG c.h.p.o.dependants.PodInfoConfigMap - [helmcust] Desired PodInfo ConfigMap (extension state hash: -1817474005)
2025-01-28 23:37:35,738 INFO c.h.h.t.HelmChartContainer - [K3S] [reconciler_common.go:251] "operationExecutor.VerifyControllerAttachedVolume started for volume \"operator-init\" (UniqueName: \"kubernetes.io/empty-dir/c4a99efe-0b36-475b-acca-beb67556abd9-operator-init\") pod \"test-hivemq-platform-0\" (UID: \"c4a99efe-0b36-475b-acca-beb67556abd9\") " pod="helmcustomconfigit/test-hivemq-platform-0"
2025-01-28 23:37:35,739 INFO c.h.h.t.HelmChartContainer - [K3S] [reconciler_common.go:251] "operationExecutor.VerifyControllerAttachedVolume started for volume \"kube-api-access-5wmsm\" (UniqueName: \"kubernetes.io/projected/c4a99efe-0b36-475b-acca-beb67556abd9-kube-api-access-5wmsm\") pod \"test-hivemq-platform-0\" (UID: \"c4a99efe-0b36-475b-acca-beb67556abd9\") " pod="helmcustomconfigit/test-hivemq-platform-0"
2025-01-28 23:37:35,739 INFO c.h.h.t.HelmChartContainer - [K3S] [reconciler_common.go:251] "operationExecutor.VerifyControllerAttachedVolume started for volume \"pod-info\" (UniqueName: \"kubernetes.io/configmap/c4a99efe-0b36-475b-acca-beb67556abd9-pod-info\") pod \"test-hivemq-platform-0\" (UID: \"c4a99efe-0b36-475b-acca-beb67556abd9\") " pod="helmcustomconfigit/test-hivemq-platform-0"
2025-01-28 23:37:35,739 INFO c.h.h.t.HelmChartContainer - [K3S] [reconciler_common.go:251] "operationExecutor.VerifyControllerAttachedVolume started for volume \"broker-configuration\" (UniqueName: \"kubernetes.io/configmap/c4a99efe-0b36-475b-acca-beb67556abd9-broker-configuration\") pod \"test-hivemq-platform-0\" (UID: \"c4a99efe-0b36-475b-acca-beb67556abd9\") " pod="helmcustomconfigit/test-hivemq-platform-0"
2025-01-28 23:37:35,792 INFO c.h.h.t.HelmChartContainer - [hivemq-test-hivemq-platform] [hivemq-platform-operator] [529d9460] 23:37:35.791 [pool-6-thread-27] DEBUG c.h.p.o.d.PodServiceAccountResource - [helmcust] Desired PodServiceAccountResource (serviceAccountName: hivemq-platform-pod-test-hivemq-platform)
2025-01-28 23:37:35,799 INFO c.h.h.t.HelmChartContainer - [hivemq-test-hivemq-platform] [hivemq-platform-operator] [529d9460] 23:37:35.797 [pool-6-thread-29] DEBUG c.h.p.o.d.StatefulSetResource - [helmcust] Desired StatefulSet (2 replicas) for status STARTING (READY)
2025-01-28 23:37:35,890 INFO c.h.h.t.HelmChartContainer - [hivemq-test-hivemq-platform] [hivemq-platform-operator] [529d9460] 23:37:35.890 [ReconcilerExecutor-hivemq-controller-75] INFO  c.h.p.o.HiveMQPlatformReconciler - [helmcust] Reconciling HiveMQ Platform 'test-hivemq-platform' in namespace 'helmcustomconfigit'
2025-01-28 23:37:35,891 INFO c.h.h.t.HelmChartContainer - [hivemq-test-hivemq-platform] [hivemq-platform-operator] [529d9460] 23:37:35.890 [ReconcilerExecutor-hivemq-controller-75] DEBUG c.h.p.o.HiveMQPlatformReconciler - [helmcust] Custom Resource Status STARTING - HiveMQ Platform is starting (READY)
2025-01-28 23:37:35,891 INFO c.h.h.t.HelmChartContainer - [hivemq-test-hivemq-platform] [hivemq-platform-operator] [529d9460] 23:37:35.890 [ReconcilerExecutor-hivemq-controller-75] DEBUG c.h.p.o.HiveMQPlatformReconciler - [helmcust] Custom Resource Spec (replicas: 2) (extensions: 1)
2025-01-28 23:37:35,896 INFO c.h.h.t.HelmChartContainer - [hivemq-test-hivemq-platform] [hivemq-platform-operator] [529d9460] 23:37:35.895 [ReconcilerExecutor-hivemq-controller-75] DEBUG c.h.p.o.HiveMQPlatformReconciler - [helmcust] StatefulSet Status (revision: test-hivemq-platform-6b448bcf6f, replicas: 1, available: 0, ready: 0, current: 1, updated: 1)
2025-01-28 23:37:35,896 INFO c.h.h.t.HelmChartContainer - [hivemq-test-hivemq-platform] [hivemq-platform-operator] [529d9460] 23:37:35.895 [ReconcilerExecutor-hivemq-controller-75] DEBUG c.h.p.o.HiveMQPlatformReconciler - [helmcust] StatefulSet Spec (replicas: 2, init containers: 1, containers: 1, volumes: 3)
2025-01-28 23:37:35,969 INFO c.h.h.t.HelmChartContainer - [hivemq-test-hivemq-platform] [hivemq-platform-operator] [529d9460] 23:37:35.907 [ReconcilerExecutor-hivemq-controller-75] DEBUG c.h.p.o.h.HiveMQPlatformReconcilerErrorHandler - [helmcust] Pod 'test-hivemq-platform-0' phase Pending
2025-01-28 23:37:35,991 INFO c.h.h.t.HelmChartContainer - [hivemq-test-hivemq-platform] [hivemq-platform-operator] [529d9460] 23:37:35.990 [ReconcilerExecutor-hivemq-controller-75] DEBUG c.h.p.o.h.HiveMQPlatformReconcilerErrorHandler - [helmcust] Pod 'test-hivemq-platform-0' condition 'PodReadyToStartContainers': False
2025-01-28 23:37:35,992 INFO c.h.h.t.HelmChartContainer - [hivemq-test-hivemq-platform] [hivemq-platform-operator] [529d9460] 23:37:35.990 [ReconcilerExecutor-hivemq-controller-75] DEBUG c.h.p.o.h.HiveMQPlatformReconcilerErrorHandler - [helmcust] Pod 'test-hivemq-platform-0' condition 'Initialized': False
2025-01-28 23:37:35,992 INFO c.h.h.t.HelmChartContainer - [hivemq-test-hivemq-platform] [hivemq-platform-operator] [529d9460] 23:37:35.990 [ReconcilerExecutor-hivemq-controller-75] DEBUG c.h.p.o.h.HiveMQPlatformReconcilerErrorHandler - [helmcust] Pod 'test-hivemq-platform-0' condition 'Ready': False
2025-01-28 23:37:35,992 INFO c.h.h.t.HelmChartContainer - [hivemq-test-hivemq-platform] [hivemq-platform-operator] [529d9460] 23:37:35.990 [ReconcilerExecutor-hivemq-controller-75] DEBUG c.h.p.o.h.HiveMQPlatformReconcilerErrorHandler - [helmcust] Pod 'test-hivemq-platform-0' condition 'ContainersReady': False
2025-01-28 23:37:35,992 INFO c.h.h.t.HelmChartContainer - [hivemq-test-hivemq-platform] [hivemq-platform-operator] [529d9460] 23:37:35.990 [ReconcilerExecutor-hivemq-controller-75] DEBUG c.h.p.o.h.HiveMQPlatformReconcilerErrorHandler - [helmcust] Pod 'test-hivemq-platform-0' condition 'PodScheduled': True
2025-01-28 23:37:35,994 INFO c.h.h.t.HelmChartContainer - [hivemq-test-hivemq-platform] [hivemq-platform-operator] [529d9460] 23:37:35.992 [ReconcilerExecutor-hivemq-controller-75] DEBUG c.h.p.o.h.HiveMQPlatformReconcilerErrorHandler - [helmcust] Pod 'test-hivemq-platform-0' containerStatus 'hivemq' (started: false) (ready: false) (waiting: [PodInitializing] null)
2025-01-28 23:37:35,999 INFO c.h.h.t.HelmChartContainer - [hivemq-test-hivemq-platform] [hivemq-platform-operator] [529d9460] 23:37:35.998 [ReconcilerExecutor-hivemq-controller-75] INFO  c.h.p.o.h.HiveMQPlatformReconcilerBaseHandler - [helmcust] HiveMQ Platform is starting, 0 of 2 replicas are ready
2025-01-28 23:37:36,008 INFO c.h.h.t.HelmChartContainer - [hivemq-test-hivemq-platform] [hivemq-platform-operator] [529d9460] 23:37:36.007 [pool-6-thread-32] DEBUG c.h.p.o.d.PlatformServiceResource - [helmcust] Desired Platform services (3 services)
2025-01-28 23:37:36,011 INFO c.h.h.t.HelmChartContainer - [hivemq-test-hivemq-platform] [hivemq-platform-operator] [529d9460] 23:37:36.009 [pool-6-thread-33] DEBUG c.h.p.o.dependants.PodInfoConfigMap - [helmcust] Desired PodInfo ConfigMap (1 extensions) (1 enabled)
2025-01-28 23:37:36,012 INFO c.h.h.t.HelmChartContainer - [hivemq-test-hivemq-platform] [hivemq-platform-operator] [529d9460] 23:37:36.010 [pool-6-thread-33] DEBUG c.h.p.o.dependants.PodInfoConfigMap - [helmcust] Desired PodInfo ConfigMap (metrics port: 9399) (metrics path: /)
2025-01-28 23:37:36,012 INFO c.h.h.t.HelmChartContainer - [hivemq-test-hivemq-platform] [hivemq-platform-operator] [529d9460] 23:37:36.010 [pool-6-thread-33] DEBUG c.h.p.o.dependants.PodInfoConfigMap - [helmcust] Desired PodInfo ConfigMap (extension state hash: -1817474005)
2025-01-28 23:37:36,025 INFO c.h.h.t.HelmChartContainer - [EVENT] Normal [Pulled] Container image "docker.io/hivemq/hivemq-platform-operator-init-test:snapshot" already present on machine [helmcustomconfigit:test-hivemq-platform-0]
2025-01-28 23:37:36,095 INFO c.h.h.t.HelmChartContainer - [hivemq-test-hivemq-platform] [hivemq-platform-operator] [529d9460] 23:37:36.091 [pool-6-thread-37] DEBUG c.h.p.o.d.PodServiceAccountResource - [helmcust] Desired PodServiceAccountResource (serviceAccountName: hivemq-platform-pod-test-hivemq-platform)
2025-01-28 23:37:36,100 INFO c.h.h.t.HelmChartContainer - [hivemq-test-hivemq-platform] [hivemq-platform-operator] [529d9460] 23:37:36.098 [pool-6-thread-40] DEBUG c.h.p.o.d.StatefulSetResource - [helmcust] Desired StatefulSet (2 replicas) for status STARTING (READY)
2025-01-28 23:37:36,107 INFO c.h.h.t.HelmChartContainer - [hivemq-test-hivemq-platform] [hivemq-platform-operator] [529d9460] 23:37:36.103 [ReconcilerExecutor-hivemq-controller-87] INFO  c.h.p.o.HiveMQPlatformReconciler - [helmcust] Reconciling HiveMQ Platform 'test-hivemq-platform' in namespace 'helmcustomconfigit'
2025-01-28 23:37:36,107 INFO c.h.h.t.HelmChartContainer - [hivemq-test-hivemq-platform] [hivemq-platform-operator] [529d9460] 23:37:36.103 [ReconcilerExecutor-hivemq-controller-87] DEBUG c.h.p.o.HiveMQPlatformReconciler - [helmcust] Custom Resource Status STARTING - HiveMQ Platform is starting (READY)
2025-01-28 23:37:36,108 INFO c.h.h.t.HelmChartContainer - [hivemq-test-hivemq-platform] [hivemq-platform-operator] [529d9460] 23:37:36.103 [ReconcilerExecutor-hivemq-controller-87] DEBUG c.h.p.o.HiveMQPlatformReconciler - [helmcust] Custom Resource Spec (replicas: 2) (extensions: 1)
2025-01-28 23:37:36,108 INFO c.h.h.t.HelmChartContainer - [hivemq-test-hivemq-platform] [hivemq-platform-operator] [529d9460] 23:37:36.105 [ReconcilerExecutor-hivemq-controller-87] DEBUG c.h.p.o.HiveMQPlatformReconciler - [helmcust] StatefulSet Status (revision: test-hivemq-platform-6b448bcf6f, replicas: 1, available: 0, ready: 0, current: 1, updated: 1)
2025-01-28 23:37:36,108 INFO c.h.h.t.HelmChartContainer - [hivemq-test-hivemq-platform] [hivemq-platform-operator] [529d9460] 23:37:36.105 [ReconcilerExecutor-hivemq-controller-87] DEBUG c.h.p.o.HiveMQPlatformReconciler - [helmcust] StatefulSet Spec (replicas: 2, init containers: 1, containers: 1, volumes: 3)
2025-01-28 23:37:36,109 INFO c.h.h.t.HelmChartContainer - [hivemq-test-hivemq-platform] [hivemq-platform-operator] [529d9460] 23:37:36.107 [ReconcilerExecutor-hivemq-controller-87] DEBUG c.h.p.o.h.HiveMQPlatformReconcilerErrorHandler - [helmcust] Pod 'test-hivemq-platform-0' phase Pending
2025-01-28 23:37:36,110 INFO c.h.h.t.HelmChartContainer - [hivemq-test-hivemq-platform] [hivemq-platform-operator] [529d9460] 23:37:36.109 [ReconcilerExecutor-hivemq-controller-87] DEBUG c.h.p.o.h.HiveMQPlatformReconcilerErrorHandler - [helmcust] Pod 'test-hivemq-platform-0' condition 'PodReadyToStartContainers': False
2025-01-28 23:37:36,110 INFO c.h.h.t.HelmChartContainer - [hivemq-test-hivemq-platform] [hivemq-platform-operator] [529d9460] 23:37:36.109 [ReconcilerExecutor-hivemq-controller-87] DEBUG c.h.p.o.h.HiveMQPlatformReconcilerErrorHandler - [helmcust] Pod 'test-hivemq-platform-0' condition 'Initialized': False
2025-01-28 23:37:36,111 INFO c.h.h.t.HelmChartContainer - [hivemq-test-hivemq-platform] [hivemq-platform-operator] [529d9460] 23:37:36.109 [ReconcilerExecutor-hivemq-controller-87] DEBUG c.h.p.o.h.HiveMQPlatformReconcilerErrorHandler - [helmcust] Pod 'test-hivemq-platform-0' condition 'Ready': False
2025-01-28 23:37:36,111 INFO c.h.h.t.HelmChartContainer - [hivemq-test-hivemq-platform] [hivemq-platform-operator] [529d9460] 23:37:36.109 [ReconcilerExecutor-hivemq-controller-87] DEBUG c.h.p.o.h.HiveMQPlatformReconcilerErrorHandler - [helmcust] Pod 'test-hivemq-platform-0' condition 'ContainersReady': False
2025-01-28 23:37:36,111 INFO c.h.h.t.HelmChartContainer - [hivemq-test-hivemq-platform] [hivemq-platform-operator] [529d9460] 23:37:36.110 [ReconcilerExecutor-hivemq-controller-87] DEBUG c.h.p.o.h.HiveMQPlatformReconcilerErrorHandler - [helmcust] Pod 'test-hivemq-platform-0' condition 'PodScheduled': True
2025-01-28 23:37:36,112 INFO c.h.h.t.HelmChartContainer - [hivemq-test-hivemq-platform] [hivemq-platform-operator] [529d9460] 23:37:36.110 [ReconcilerExecutor-hivemq-controller-87] DEBUG c.h.p.o.h.HiveMQPlatformReconcilerErrorHandler - [helmcust] Pod 'test-hivemq-platform-0' containerStatus 'hivemq' (started: false) (ready: false) (waiting: [PodInitializing] null)
2025-01-28 23:37:36,113 INFO c.h.h.t.HelmChartContainer - [hivemq-test-hivemq-platform] [hivemq-platform-operator] [529d9460] 23:37:36.112 [ReconcilerExecutor-hivemq-controller-87] INFO  c.h.p.o.h.HiveMQPlatformReconcilerBaseHandler - [helmcust] HiveMQ Platform is starting, 0 of 2 replicas are ready
2025-01-28 23:37:36,143 INFO c.h.h.t.HelmChartContainer - [EVENT] Normal [Created] Created container: hivemq-platform-operator-init [helmcustomconfigit:test-hivemq-platform-0]
2025-01-28 23:37:36,181 INFO c.h.h.t.HelmChartContainer - [EVENT] Normal [Started] Started container hivemq-platform-operator-init [helmcustomconfigit:test-hivemq-platform-0]
2025-01-28 23:37:36,427 INFO c.h.h.t.HelmChartContainer - [POD] test-hivemq-platform-0 [c4a99efe-0b36-475b-acca-beb67556abd9] in helmcustomconfigit was MODIFIED
2025-01-28 23:37:36,453 INFO c.h.h.t.HelmChartContainer - [hivemq-test-hivemq-platform] [hivemq-platform-operator] [529d9460] 23:37:36.450 [pool-6-thread-42] DEBUG c.h.p.o.d.PlatformServiceResource - [helmcust] Desired Platform services (3 services)
2025-01-28 23:37:36,459 INFO c.h.h.t.HelmChartContainer - [hivemq-test-hivemq-platform] [hivemq-platform-operator] [529d9460] 23:37:36.455 [pool-6-thread-43] DEBUG c.h.p.o.dependants.PodInfoConfigMap - [helmcust] Desired PodInfo ConfigMap (1 extensions) (1 enabled)
2025-01-28 23:37:36,459 INFO c.h.h.t.HelmChartContainer - [hivemq-test-hivemq-platform] [hivemq-platform-operator] [529d9460] 23:37:36.455 [pool-6-thread-43] DEBUG c.h.p.o.dependants.PodInfoConfigMap - [helmcust] Desired PodInfo ConfigMap (metrics port: 9399) (metrics path: /)
2025-01-28 23:37:36,459 INFO c.h.h.t.HelmChartContainer - [hivemq-test-hivemq-platform] [hivemq-platform-operator] [529d9460] 23:37:36.455 [pool-6-thread-43] DEBUG c.h.p.o.dependants.PodInfoConfigMap - [helmcust] Desired PodInfo ConfigMap (extension state hash: -1817474005)
2025-01-28 23:37:36,492 INFO c.h.h.t.HelmChartContainer - [hivemq-test-hivemq-platform] [hivemq-platform-operator] [529d9460] 23:37:36.491 [pool-6-thread-47] DEBUG c.h.p.o.d.PodServiceAccountResource - [helmcust] Desired PodServiceAccountResource (serviceAccountName: hivemq-platform-pod-test-hivemq-platform)
2025-01-28 23:37:36,500 INFO c.h.h.t.HelmChartContainer - [hivemq-test-hivemq-platform] [hivemq-platform-operator] [529d9460] 23:37:36.499 [pool-6-thread-50] DEBUG c.h.p.o.d.StatefulSetResource - [helmcust] Desired StatefulSet (2 replicas) for status STARTING (READY)
2025-01-28 23:37:36,505 INFO c.h.h.t.HelmChartContainer - [hivemq-test-hivemq-platform] [hivemq-platform-operator] [529d9460] 23:37:36.505 [ReconcilerExecutor-hivemq-controller-98] INFO  c.h.p.o.HiveMQPlatformReconciler - [helmcust] Reconciling HiveMQ Platform 'test-hivemq-platform' in namespace 'helmcustomconfigit'
2025-01-28 23:37:36,507 INFO c.h.h.t.HelmChartContainer - [hivemq-test-hivemq-platform] [hivemq-platform-operator] [529d9460] 23:37:36.506 [ReconcilerExecutor-hivemq-controller-98] DEBUG c.h.p.o.HiveMQPlatformReconciler - [helmcust] Custom Resource Status STARTING - HiveMQ Platform is starting (READY)
2025-01-28 23:37:36,508 INFO c.h.h.t.HelmChartContainer - [hivemq-test-hivemq-platform] [hivemq-platform-operator] [529d9460] 23:37:36.507 [ReconcilerExecutor-hivemq-controller-98] DEBUG c.h.p.o.HiveMQPlatformReconciler - [helmcust] Custom Resource Spec (replicas: 2) (extensions: 1)
2025-01-28 23:37:36,510 INFO c.h.h.t.HelmChartContainer - [hivemq-test-hivemq-platform] [hivemq-platform-operator] [529d9460] 23:37:36.510 [ReconcilerExecutor-hivemq-controller-98] DEBUG c.h.p.o.HiveMQPlatformReconciler - [helmcust] StatefulSet Status (revision: test-hivemq-platform-6b448bcf6f, replicas: 1, available: 0, ready: 0, current: 1, updated: 1)
2025-01-28 23:37:36,512 INFO c.h.h.t.HelmChartContainer - [hivemq-test-hivemq-platform] [hivemq-platform-operator] [529d9460] 23:37:36.511 [ReconcilerExecutor-hivemq-controller-98] DEBUG c.h.p.o.HiveMQPlatformReconciler - [helmcust] StatefulSet Spec (replicas: 2, init containers: 1, containers: 1, volumes: 3)
2025-01-28 23:37:36,515 INFO c.h.h.t.HelmChartContainer - [hivemq-test-hivemq-platform] [hivemq-platform-operator] [529d9460] 23:37:36.514 [ReconcilerExecutor-hivemq-controller-98] DEBUG c.h.p.o.h.HiveMQPlatformReconcilerErrorHandler - [helmcust] Pod 'test-hivemq-platform-0' phase Pending
2025-01-28 23:37:36,515 INFO c.h.h.t.HelmChartContainer - [hivemq-test-hivemq-platform] [hivemq-platform-operator] [529d9460] 23:37:36.515 [ReconcilerExecutor-hivemq-controller-98] DEBUG c.h.p.o.h.HiveMQPlatformReconcilerErrorHandler - [helmcust] Pod 'test-hivemq-platform-0' condition 'PodReadyToStartContainers': True
2025-01-28 23:37:36,591 INFO c.h.h.t.HelmChartContainer - [hivemq-test-hivemq-platform] [hivemq-platform-operator] [529d9460] 23:37:36.589 [ReconcilerExecutor-hivemq-controller-98] DEBUG c.h.p.o.h.HiveMQPlatformReconcilerErrorHandler - [helmcust] Pod 'test-hivemq-platform-0' condition 'Initialized': False
2025-01-28 23:37:36,591 INFO c.h.h.t.HelmChartContainer - [hivemq-test-hivemq-platform] [hivemq-platform-operator] [529d9460] 23:37:36.589 [ReconcilerExecutor-hivemq-controller-98] DEBUG c.h.p.o.h.HiveMQPlatformReconcilerErrorHandler - [helmcust] Pod 'test-hivemq-platform-0' condition 'Ready': False
2025-01-28 23:37:36,591 INFO c.h.h.t.HelmChartContainer - [hivemq-test-hivemq-platform] [hivemq-platform-operator] [529d9460] 23:37:36.589 [ReconcilerExecutor-hivemq-controller-98] DEBUG c.h.p.o.h.HiveMQPlatformReconcilerErrorHandler - [helmcust] Pod 'test-hivemq-platform-0' condition 'ContainersReady': False
2025-01-28 23:37:36,591 INFO c.h.h.t.HelmChartContainer - [hivemq-test-hivemq-platform] [hivemq-platform-operator] [529d9460] 23:37:36.589 [ReconcilerExecutor-hivemq-controller-98] DEBUG c.h.p.o.h.HiveMQPlatformReconcilerErrorHandler - [helmcust] Pod 'test-hivemq-platform-0' condition 'PodScheduled': True
2025-01-28 23:37:36,591 INFO c.h.h.t.HelmChartContainer - [hivemq-test-hivemq-platform] [hivemq-platform-operator] [529d9460] 23:37:36.590 [ReconcilerExecutor-hivemq-controller-98] DEBUG c.h.p.o.h.HiveMQPlatformReconcilerErrorHandler - [helmcust] Pod 'test-hivemq-platform-0' containerStatus 'hivemq' (started: false) (ready: false) (waiting: [PodInitializing] null)
2025-01-28 23:37:36,592 INFO c.h.h.t.HelmChartContainer - [hivemq-test-hivemq-platform] [hivemq-platform-operator] [529d9460] 23:37:36.592 [ReconcilerExecutor-hivemq-controller-98] INFO  c.h.p.o.h.HiveMQPlatformReconcilerBaseHandler - [helmcust] HiveMQ Platform is starting, 0 of 2 replicas are ready
2025-01-28 23:37:37,422 INFO c.h.h.t.HelmChartContainer - [EVENT] Normal [Pulled] Container image "docker.io/hivemq/hivemq4:4.36.0" already present on machine [helmcustomconfigit:test-hivemq-platform-0]
2025-01-28 23:37:37,422 INFO c.h.h.t.HelmChartContainer - Received Pulled event for container hivemq in pod test-hivemq-platform-0 [c4a99efe-0b36-475b-acca-beb67556abd9]
2025-01-28 23:37:37,430 INFO c.h.h.t.HelmChartContainer - [POD] test-hivemq-platform-0 [c4a99efe-0b36-475b-acca-beb67556abd9] in helmcustomconfigit was MODIFIED
2025-01-28 23:37:37,441 INFO c.h.h.t.HelmChartContainer - [hivemq-test-hivemq-platform] [hivemq-platform-operator] [529d9460] 23:37:37.436 [pool-6-thread-3] DEBUG c.h.p.o.dependants.PodInfoConfigMap - [helmcust] Desired PodInfo ConfigMap (1 extensions) (1 enabled)
2025-01-28 23:37:37,444 INFO c.h.h.t.HelmChartContainer - [hivemq-test-hivemq-platform] [hivemq-platform-operator] [529d9460] 23:37:37.439 [pool-6-thread-3] DEBUG c.h.p.o.dependants.PodInfoConfigMap - [helmcust] Desired PodInfo ConfigMap (metrics port: 9399) (metrics path: /)
2025-01-28 23:37:37,444 INFO c.h.h.t.HelmChartContainer - [hivemq-test-hivemq-platform] [hivemq-platform-operator] [529d9460] 23:37:37.438 [pool-6-thread-2] DEBUG c.h.p.o.d.PodServiceAccountResource - [helmcust] Desired PodServiceAccountResource (serviceAccountName: hivemq-platform-pod-test-hivemq-platform)
2025-01-28 23:37:37,444 INFO c.h.h.t.HelmChartContainer - [hivemq-test-hivemq-platform] [hivemq-platform-operator] [529d9460] 23:37:37.440 [pool-6-thread-3] DEBUG c.h.p.o.dependants.PodInfoConfigMap - [helmcust] Desired PodInfo ConfigMap (extension state hash: -1817474005)
2025-01-28 23:37:37,446 INFO c.h.h.t.HelmChartContainer - [hivemq-test-hivemq-platform] [hivemq-platform-operator] [529d9460] 23:37:37.438 [pool-6-thread-6] DEBUG c.h.p.o.d.PlatformServiceResource - [helmcust] Desired Platform services (3 services)
2025-01-28 23:37:37,450 INFO c.h.h.t.HelmChartContainer - [hivemq-test-hivemq-platform] [hivemq-platform-operator] [529d9460] 23:37:37.449 [pool-6-thread-6] DEBUG c.h.p.o.d.StatefulSetResource - [helmcust] Desired StatefulSet (2 replicas) for status STARTING (READY)
2025-01-28 23:37:37,497 INFO c.h.h.t.HelmChartContainer - [hivemq-test-hivemq-platform] [hivemq-platform-operator] [529d9460] 23:37:37.489 [ReconcilerExecutor-hivemq-controller-109] INFO  c.h.p.o.HiveMQPlatformReconciler - [helmcust] Reconciling HiveMQ Platform 'test-hivemq-platform' in namespace 'helmcustomconfigit'
2025-01-28 23:37:37,497 INFO c.h.h.t.HelmChartContainer - [hivemq-test-hivemq-platform] [hivemq-platform-operator] [529d9460] 23:37:37.490 [ReconcilerExecutor-hivemq-controller-109] DEBUG c.h.p.o.HiveMQPlatformReconciler - [helmcust] Custom Resource Status STARTING - HiveMQ Platform is starting (READY)
2025-01-28 23:37:37,497 INFO c.h.h.t.HelmChartContainer - [hivemq-test-hivemq-platform] [hivemq-platform-operator] [529d9460] 23:37:37.490 [ReconcilerExecutor-hivemq-controller-109] DEBUG c.h.p.o.HiveMQPlatformReconciler - [helmcust] Custom Resource Spec (replicas: 2) (extensions: 1)
2025-01-28 23:37:37,497 INFO c.h.h.t.HelmChartContainer - [hivemq-test-hivemq-platform] [hivemq-platform-operator] [529d9460] 23:37:37.491 [ReconcilerExecutor-hivemq-controller-109] DEBUG c.h.p.o.HiveMQPlatformReconciler - [helmcust] StatefulSet Status (revision: test-hivemq-platform-6b448bcf6f, replicas: 1, available: 0, ready: 0, current: 1, updated: 1)
2025-01-28 23:37:37,497 INFO c.h.h.t.HelmChartContainer - [hivemq-test-hivemq-platform] [hivemq-platform-operator] [529d9460] 23:37:37.492 [ReconcilerExecutor-hivemq-controller-109] DEBUG c.h.p.o.HiveMQPlatformReconciler - [helmcust] StatefulSet Spec (replicas: 2, init containers: 1, containers: 1, volumes: 3)
2025-01-28 23:37:37,498 INFO c.h.h.t.HelmChartContainer - [hivemq-test-hivemq-platform] [hivemq-platform-operator] [529d9460] 23:37:37.495 [ReconcilerExecutor-hivemq-controller-109] DEBUG c.h.p.o.h.HiveMQPlatformReconcilerErrorHandler - [helmcust] Pod 'test-hivemq-platform-0' phase Pending
2025-01-28 23:37:37,498 INFO c.h.h.t.HelmChartContainer - [hivemq-test-hivemq-platform] [hivemq-platform-operator] [529d9460] 23:37:37.495 [ReconcilerExecutor-hivemq-controller-109] DEBUG c.h.p.o.h.HiveMQPlatformReconcilerErrorHandler - [helmcust] Pod 'test-hivemq-platform-0' condition 'PodReadyToStartContainers': True
2025-01-28 23:37:37,498 INFO c.h.h.t.HelmChartContainer - [hivemq-test-hivemq-platform] [hivemq-platform-operator] [529d9460] 23:37:37.495 [ReconcilerExecutor-hivemq-controller-109] DEBUG c.h.p.o.h.HiveMQPlatformReconcilerErrorHandler - [helmcust] Pod 'test-hivemq-platform-0' condition 'Initialized': True
2025-01-28 23:37:37,498 INFO c.h.h.t.HelmChartContainer - [hivemq-test-hivemq-platform] [hivemq-platform-operator] [529d9460] 23:37:37.495 [ReconcilerExecutor-hivemq-controller-109] DEBUG c.h.p.o.h.HiveMQPlatformReconcilerErrorHandler - [helmcust] Pod 'test-hivemq-platform-0' condition 'Ready': False
2025-01-28 23:37:37,498 INFO c.h.h.t.HelmChartContainer - [hivemq-test-hivemq-platform] [hivemq-platform-operator] [529d9460] 23:37:37.495 [ReconcilerExecutor-hivemq-controller-109] DEBUG c.h.p.o.h.HiveMQPlatformReconcilerErrorHandler - [helmcust] Pod 'test-hivemq-platform-0' condition 'ContainersReady': False
2025-01-28 23:37:37,498 INFO c.h.h.t.HelmChartContainer - [hivemq-test-hivemq-platform] [hivemq-platform-operator] [529d9460] 23:37:37.495 [ReconcilerExecutor-hivemq-controller-109] DEBUG c.h.p.o.h.HiveMQPlatformReconcilerErrorHandler - [helmcust] Pod 'test-hivemq-platform-0' condition 'PodScheduled': True
2025-01-28 23:37:37,498 INFO c.h.h.t.HelmChartContainer - [hivemq-test-hivemq-platform] [hivemq-platform-operator] [529d9460] 23:37:37.495 [ReconcilerExecutor-hivemq-controller-109] DEBUG c.h.p.o.h.HiveMQPlatformReconcilerErrorHandler - [helmcust] Pod 'test-hivemq-platform-0' containerStatus 'hivemq' (started: false) (ready: false) (waiting: [PodInitializing] null)
2025-01-28 23:37:37,498 INFO c.h.h.t.HelmChartContainer - [hivemq-test-hivemq-platform] [hivemq-platform-operator] [529d9460] 23:37:37.496 [ReconcilerExecutor-hivemq-controller-109] INFO  c.h.p.o.h.HiveMQPlatformReconcilerBaseHandler - [helmcust] HiveMQ Platform is starting, 0 of 2 replicas are ready
2025-01-28 23:37:39,023 INFO c.h.h.t.HelmChartContainer - [EVENT] Normal [Created] Created container: hivemq [helmcustomconfigit:test-hivemq-platform-0]
2025-01-28 23:37:39,024 INFO c.h.h.t.HelmChartContainer - Received Created event for container hivemq in pod test-hivemq-platform-0 [c4a99efe-0b36-475b-acca-beb67556abd9]
2025-01-28 23:37:39,431 INFO c.h.h.t.HelmChartContainer - [POD] test-hivemq-platform-0 [c4a99efe-0b36-475b-acca-beb67556abd9] in helmcustomconfigit was MODIFIED
2025-01-28 23:37:39,440 INFO c.h.h.t.HelmChartContainer - Started log watcher for hivemq in pod test-hivemq-platform-0 [c4a99efe-0b36-475b-acca-beb67556abd9]
2025-01-28 23:37:39,440 INFO c.h.h.t.HelmChartContainer - [EVENT] Normal [Started] Started container hivemq [helmcustomconfigit:test-hivemq-platform-0]
2025-01-28 23:37:39,440 INFO c.h.h.t.HelmChartContainer - [test-hivemq-platform] [hivemq] [c4a99efe] Adding pre-installed HiveMQ Platform Operator extensions
2025-01-28 23:37:39,440 INFO c.h.h.t.HelmChartContainer - [test-hivemq-platform] [hivemq] [c4a99efe] Running as user 10000
2025-01-28 23:37:39,440 INFO c.h.h.t.HelmChartContainer - [test-hivemq-platform] [hivemq] [c4a99efe] Starting HiveMQ Platform Operator Init
2025-01-28 23:37:39,440 INFO c.h.h.t.HelmChartContainer - Received Started event for container hivemq in pod test-hivemq-platform-0 [c4a99efe-0b36-475b-acca-beb67556abd9]
2025-01-28 23:37:39,442 INFO c.h.h.t.HelmChartContainer - [hivemq-test-hivemq-platform] [hivemq-platform-operator] [529d9460] 23:37:39.441 [pool-6-thread-14] DEBUG c.h.p.o.d.PlatformServiceResource - [helmcust] Desired Platform services (3 services)
2025-01-28 23:37:39,444 INFO c.h.h.t.HelmChartContainer - [hivemq-test-hivemq-platform] [hivemq-platform-operator] [529d9460] 23:37:39.442 [pool-6-thread-15] DEBUG c.h.p.o.dependants.PodInfoConfigMap - [helmcust] Desired PodInfo ConfigMap (1 extensions) (1 enabled)
2025-01-28 23:37:39,444 INFO c.h.h.t.HelmChartContainer - [hivemq-test-hivemq-platform] [hivemq-platform-operator] [529d9460] 23:37:39.442 [pool-6-thread-15] DEBUG c.h.p.o.dependants.PodInfoConfigMap - [helmcust] Desired PodInfo ConfigMap (metrics port: 9399) (metrics path: /)
2025-01-28 23:37:39,444 INFO c.h.h.t.HelmChartContainer - [hivemq-test-hivemq-platform] [hivemq-platform-operator] [529d9460] 23:37:39.443 [pool-6-thread-15] DEBUG c.h.p.o.dependants.PodInfoConfigMap - [helmcust] Desired PodInfo ConfigMap (extension state hash: -1817474005)
2025-01-28 23:37:39,446 INFO c.h.h.t.HelmChartContainer - [hivemq-test-hivemq-platform] [hivemq-platform-operator] [529d9460] 23:37:39.445 [pool-6-thread-15] DEBUG c.h.p.o.d.PodServiceAccountResource - [helmcust] Desired PodServiceAccountResource (serviceAccountName: hivemq-platform-pod-test-hivemq-platform)
2025-01-28 23:37:39,452 INFO c.h.h.t.HelmChartContainer - [hivemq-test-hivemq-platform] [hivemq-platform-operator] [529d9460] 23:37:39.449 [pool-6-thread-19] DEBUG c.h.p.o.d.StatefulSetResource - [helmcust] Desired StatefulSet (2 replicas) for status STARTING (READY)
2025-01-28 23:37:39,455 INFO c.h.h.t.HelmChartContainer - [hivemq-test-hivemq-platform] [hivemq-platform-operator] [529d9460] 23:37:39.454 [ReconcilerExecutor-hivemq-controller-110] INFO  c.h.p.o.HiveMQPlatformReconciler - [helmcust] Reconciling HiveMQ Platform 'test-hivemq-platform' in namespace 'helmcustomconfigit'
2025-01-28 23:37:39,455 INFO c.h.h.t.HelmChartContainer - [hivemq-test-hivemq-platform] [hivemq-platform-operator] [529d9460] 23:37:39.454 [ReconcilerExecutor-hivemq-controller-110] DEBUG c.h.p.o.HiveMQPlatformReconciler - [helmcust] Custom Resource Status STARTING - HiveMQ Platform is starting (READY)
2025-01-28 23:37:39,455 INFO c.h.h.t.HelmChartContainer - [hivemq-test-hivemq-platform] [hivemq-platform-operator] [529d9460] 23:37:39.454 [ReconcilerExecutor-hivemq-controller-110] DEBUG c.h.p.o.HiveMQPlatformReconciler - [helmcust] Custom Resource Spec (replicas: 2) (extensions: 1)
2025-01-28 23:37:39,458 INFO c.h.h.t.HelmChartContainer - [hivemq-test-hivemq-platform] [hivemq-platform-operator] [529d9460] 23:37:39.455 [ReconcilerExecutor-hivemq-controller-110] DEBUG c.h.p.o.HiveMQPlatformReconciler - [helmcust] StatefulSet Status (revision: test-hivemq-platform-6b448bcf6f, replicas: 1, available: 0, ready: 0, current: 1, updated: 1)
2025-01-28 23:37:39,458 INFO c.h.h.t.HelmChartContainer - [hivemq-test-hivemq-platform] [hivemq-platform-operator] [529d9460] 23:37:39.455 [ReconcilerExecutor-hivemq-controller-110] DEBUG c.h.p.o.HiveMQPlatformReconciler - [helmcust] StatefulSet Spec (replicas: 2, init containers: 1, containers: 1, volumes: 3)
2025-01-28 23:37:39,458 INFO c.h.h.t.HelmChartContainer - [hivemq-test-hivemq-platform] [hivemq-platform-operator] [529d9460] 23:37:39.457 [ReconcilerExecutor-hivemq-controller-110] DEBUG c.h.p.o.h.HiveMQPlatformReconcilerErrorHandler - [helmcust] Pod 'test-hivemq-platform-0' phase Running
2025-01-28 23:37:39,460 INFO c.h.h.t.HelmChartContainer - [hivemq-test-hivemq-platform] [hivemq-platform-operator] [529d9460] 23:37:39.459 [ReconcilerExecutor-hivemq-controller-110] INFO  c.h.p.o.h.HiveMQPlatformReconcilerBaseHandler - [helmcust] HiveMQ Platform is starting, 0 of 2 replicas are ready
2025-01-28 23:37:40,273 INFO c.h.h.t.HelmChartContainer - [test-hivemq-platform] [hivemq] [c4a99efe] INFO  - [HiveMQ Platform Operator Init 1.7.0-SNAPSHOT] HiveMQ Platform Operator Init 1.7.0-SNAPSHOT (commit: bebf408 on branch: HEAD) built on Sun Jan 26 20:47:47 UTC 2025
2025-01-28 23:37:41,380 INFO c.h.h.t.HelmChartContainer - [test-hivemq-platform] [hivemq] [c4a99efe] INFO  - [HiveMQ Platform Operator Init App 1.7.0-SNAPSHOT] Using bind address 10.42.0.11 from environment variable
2025-01-28 23:37:42,267 INFO c.h.h.t.HelmChartContainer - [test-hivemq-platform] [hivemq] [c4a99efe] INFO  - [HiveMQ Platform Operator Init App 1.7.0-SNAPSHOT] HiveMQ Platform Operator Init App 1.7.0-SNAPSHOT (commit: bebf408 on branch: HEAD) built on Sun Jan 26 20:47:47 UTC 2025
2025-01-28 23:37:42,267 INFO c.h.h.t.HelmChartContainer - [test-hivemq-platform] [hivemq] [c4a99efe] INFO  - [HiveMQ Platform Operator Init App 1.7.0-SNAPSHOT] PodInfo ConfigMap directory: /etc/podinfo
2025-01-28 23:37:42,268 INFO c.h.h.t.HelmChartContainer - [test-hivemq-platform] [hivemq] [c4a99efe] INFO  - [HiveMQ Platform Operator Init App 1.7.0-SNAPSHOT] HiveMQ home directory: /opt/hivemq
2025-01-28 23:37:42,268 INFO c.h.h.t.HelmChartContainer - [test-hivemq-platform] [hivemq] [c4a99efe] INFO  - [HiveMQ Platform Operator Init App 1.7.0-SNAPSHOT] HiveMQ Logback folder: /opt/hivemq/conf
2025-01-28 23:37:42,268 INFO c.h.h.t.HelmChartContainer - [test-hivemq-platform] [hivemq] [c4a99efe] INFO  - [HiveMQ Platform Operator Init App 1.7.0-SNAPSHOT] HiveMQ Config folder: /opt/hivemq/conf-k8s
2025-01-28 23:37:42,269 INFO c.h.h.t.HelmChartContainer - [test-hivemq-platform] [hivemq] [c4a99efe] INFO  - [HiveMQ Platform Operator Init App 1.7.0-SNAPSHOT] Starting HiveMQ Platform Operator Init App
2025-01-28 23:37:42,269 INFO c.h.h.t.HelmChartContainer - [test-hivemq-platform] [hivemq] [c4a99efe] INFO  - [HiveMQ Platform Operator Init App 1.7.0-SNAPSHOT] Starting Pod reconciler
2025-01-28 23:37:43,379 INFO c.h.h.t.HelmChartContainer - [test-hivemq-platform] [hivemq] [c4a99efe] INFO  - [HiveMQ Platform Operator Init App 1.7.0-SNAPSHOT] Pod reconciler is scheduled (interval: 5000 ms)
2025-01-28 23:37:43,422 INFO c.h.h.t.HelmChartContainer - [test-hivemq-platform] [hivemq] [c4a99efe] INFO  - [HiveMQ Platform Operator Init App 1.7.0-SNAPSHOT] Starting the REST API on 10.42.0.11:7979
2025-01-28 23:37:43,424 INFO c.h.h.t.HelmChartContainer - [test-hivemq-platform] [hivemq] [c4a99efe] INFO  - [HiveMQ Platform Operator Init App 1.7.0-SNAPSHOT] Waiting up to 600s for at most 2 HiveMQ nodes in cluster service hivemq-test-hivemq-platform-cluster.helmcustomconfigit.svc
2025-01-28 23:37:43,775 INFO c.h.h.t.HelmChartContainer - [test-hivemq-platform] [hivemq] [c4a99efe] INFO  - [HiveMQ Platform Operator Init App 1.7.0-SNAPSHOT] Resolved 1 IP addresses: [10.42.0.11]
2025-01-28 23:37:43,775 INFO c.h.h.t.HelmChartContainer - [test-hivemq-platform] [hivemq] [c4a99efe] INFO  - [HiveMQ Platform Operator Init App 1.7.0-SNAPSHOT] HiveMQ node count of 1 is within threshold of 2
2025-01-28 23:37:43,775 INFO c.h.h.t.HelmChartContainer - [test-hivemq-platform] [hivemq] [c4a99efe] INFO  - [HiveMQ Platform Operator Init App 1.7.0-SNAPSHOT] Proceeding with container start
2025-01-28 23:37:43,870 INFO c.h.h.t.HelmChartContainer - [test-hivemq-platform] [hivemq] [c4a99efe] INFO  - [HiveMQ Platform Operator Init App 1.7.0-SNAPSHOT] Initializing HiveMQ Platform extensions with initial configuration: {hivemq-allow-all-extension={start-priority=-1, skip-https-hostname-verification=false, restart=true, config-version=0, header-version=0, c-uri=, priority=-1, uri=preinstalled, skip-https-certificate-validation=false, enabled=true}, hivemq-prometheus-extension={priority=-1, restart=true, enabled=true, request-header-path=no-request-headers, uri=preinstalled, skip-https-certificate-validation=false, skip-https-hostname-verification=false, c-uri=, start-priority=-1}}
2025-01-28 23:37:44,362 INFO c.h.h.t.HelmChartContainer - [test-hivemq-platform] [hivemq] [c4a99efe] INFO  - [HiveMQ Platform Operator Init App 1.7.0-SNAPSHOT] Extension hivemq-allow-all-extension was already enabled
2025-01-28 23:37:44,371 INFO c.h.h.t.HelmChartContainer - [test-hivemq-platform] [hivemq] [c4a99efe] INFO  - [HiveMQ Platform Operator Init App 1.7.0-SNAPSHOT] Successfully enabled extension hivemq-prometheus-extension
2025-01-28 23:37:44,373 INFO c.h.h.t.HelmChartContainer - [test-hivemq-platform] [hivemq] [c4a99efe] INFO  - [HiveMQ Platform Operator Init App 1.7.0-SNAPSHOT] Starting HiveMQ Platform version 4.36.0 (4.36.0)
2025-01-28 23:37:44,373 INFO c.h.h.t.HelmChartContainer - [test-hivemq-platform] [hivemq] [c4a99efe] INFO  - [HiveMQ Platform Operator Init App 1.7.0-SNAPSHOT] Configuring the HiveMQ Platform
2025-01-28 23:37:44,426 INFO c.h.h.t.HelmChartContainer - [test-hivemq-platform] [hivemq] [c4a99efe] INFO  - [HiveMQ Platform Operator Init App 1.7.0-SNAPSHOT] Changed logback.xml file scan period to 20 seconds
2025-01-28 23:37:44,472 INFO c.h.h.t.HelmChartContainer - [test-hivemq-platform] [hivemq] [c4a99efe] INFO  - [HiveMQ Platform Operator Init App 1.7.0-SNAPSHOT] Starting the HiveMQ Platform
2025-01-28 23:37:44,475 INFO c.h.h.t.HelmChartContainer - [test-hivemq-platform] [hivemq] [c4a99efe] -------------------------------------------------------------------------
2025-01-28 23:37:44,475 INFO c.h.h.t.HelmChartContainer - [test-hivemq-platform] [hivemq] [c4a99efe] 
2025-01-28 23:37:44,475 INFO c.h.h.t.HelmChartContainer - [test-hivemq-platform] [hivemq] [c4a99efe]                   _    _  _              __  __   ____
2025-01-28 23:37:44,475 INFO c.h.h.t.HelmChartContainer - [test-hivemq-platform] [hivemq] [c4a99efe]                  | |  | |(_)            |  \/  | / __ \
2025-01-28 23:37:44,475 INFO c.h.h.t.HelmChartContainer - [test-hivemq-platform] [hivemq] [c4a99efe]                  | |__| | _ __   __ ___ | \  / || |  | |
2025-01-28 23:37:44,475 INFO c.h.h.t.HelmChartContainer - [test-hivemq-platform] [hivemq] [c4a99efe]                  |  __  || |\ \ / // _ \| |\/| || |  | |
2025-01-28 23:37:44,475 INFO c.h.h.t.HelmChartContainer - [test-hivemq-platform] [hivemq] [c4a99efe]                  | |  | || | \ V /|  __/| |  | || |__| |
2025-01-28 23:37:44,476 INFO c.h.h.t.HelmChartContainer - [test-hivemq-platform] [hivemq] [c4a99efe]                  |_|  |_||_|  \_/  \___||_|  |_| \___\_\
2025-01-28 23:37:44,476 INFO c.h.h.t.HelmChartContainer - [test-hivemq-platform] [hivemq] [c4a99efe] 
2025-01-28 23:37:44,476 INFO c.h.h.t.HelmChartContainer - [test-hivemq-platform] [hivemq] [c4a99efe] -------------------------------------------------------------------------
2025-01-28 23:37:44,521 INFO c.h.h.t.HelmChartContainer - [test-hivemq-platform] [hivemq] [c4a99efe] 
2025-01-28 23:37:44,521 INFO c.h.h.t.HelmChartContainer - [test-hivemq-platform] [hivemq] [c4a99efe]   HiveMQ Start Script for Linux/Unix v1.14
2025-01-28 23:37:44,521 INFO c.h.h.t.HelmChartContainer - [test-hivemq-platform] [hivemq] [c4a99efe] 
2025-01-28 23:37:44,582 INFO c.h.h.t.HelmChartContainer - [test-hivemq-platform] [hivemq] [c4a99efe] -------------------------------------------------------------------------
2025-01-28 23:37:44,582 INFO c.h.h.t.HelmChartContainer - [test-hivemq-platform] [hivemq] [c4a99efe] 
2025-01-28 23:37:44,582 INFO c.h.h.t.HelmChartContainer - [test-hivemq-platform] [hivemq] [c4a99efe]   HIVEMQ_HOME: /opt/hivemq
2025-01-28 23:37:44,582 INFO c.h.h.t.HelmChartContainer - [test-hivemq-platform] [hivemq] [c4a99efe] 
2025-01-28 23:37:44,582 INFO c.h.h.t.HelmChartContainer - [test-hivemq-platform] [hivemq] [c4a99efe]   JAVA_OPTS: -XX:+UnlockExperimentalVMOptions -XX:InitialRAMPercentage=50 -XX:MaxRAMPercentage=50 -Djava.net.preferIPv4Stack=true --add-opens java.base/java.lang=ALL-UNNAMED --add-opens java.base/java.nio=ALL-UNNAMED --add-opens java.base/sun.nio.ch=ALL-UNNAMED --add-opens jdk.management/com.sun.management.internal=ALL-UNNAMED --add-exports java.base/jdk.internal.misc=ALL-UNNAMED -Djava.security.egd=file:/dev/./urandom -Dcom.sun.management.jmxremote -Dcom.sun.management.jmxremote.port=9010 -Dcom.sun.management.jmxremote.local.only=false -Dcom.sun.management.jmxremote.authenticate=false -Dcom.sun.management.jmxremote.ssl=false -Duser.language=en -Duser.region=US -XX:+CrashOnOutOfMemoryError -XX:+HeapDumpOnOutOfMemoryError
2025-01-28 23:37:44,582 INFO c.h.h.t.HelmChartContainer - [test-hivemq-platform] [hivemq] [c4a99efe] 
2025-01-28 23:37:44,582 INFO c.h.h.t.HelmChartContainer - [test-hivemq-platform] [hivemq] [c4a99efe]   JAVA_VERSION: 21
2025-01-28 23:37:44,582 INFO c.h.h.t.HelmChartContainer - [test-hivemq-platform] [hivemq] [c4a99efe] 
2025-01-28 23:37:44,582 INFO c.h.h.t.HelmChartContainer - [test-hivemq-platform] [hivemq] [c4a99efe] -------------------------------------------------------------------------
2025-01-28 23:37:44,582 INFO c.h.h.t.HelmChartContainer - [test-hivemq-platform] [hivemq] [c4a99efe] 
2025-01-28 23:37:45,473 INFO c.h.h.t.HelmChartContainer - [test-hivemq-platform] [hivemq] [c4a99efe] INFO  - [HiveMQ Platform Operator Init App 1.7.0-SNAPSHOT] Returning default Health API response 503 for readiness
2025-01-28 23:37:45,871 INFO c.h.h.t.HelmChartContainer - [EVENT] Warning [Unhealthy] Readiness probe failed: HTTP probe failed with statuscode: 503 [helmcustomconfigit:test-hivemq-platform-0]
2025-01-28 23:37:45,871 INFO c.h.h.t.HelmChartContainer - Received Unhealthy event for container hivemq in pod test-hivemq-platform-0 [c4a99efe-0b36-475b-acca-beb67556abd9]
2025-01-28 23:37:47,168 INFO c.h.h.t.HelmChartContainer - [test-hivemq-platform] [hivemq] [c4a99efe] INFO  - Starting HiveMQ Enterprise Server
2025-01-28 23:37:47,174 INFO c.h.h.t.HelmChartContainer - [test-hivemq-platform] [hivemq] [c4a99efe] INFO  - HiveMQ version: 4.36.0
2025-01-28 23:37:47,174 INFO c.h.h.t.HelmChartContainer - [test-hivemq-platform] [hivemq] [c4a99efe] INFO  - HiveMQ home directory: /opt/hivemq
2025-01-28 23:37:47,175 INFO c.h.h.t.HelmChartContainer - [test-hivemq-platform] [hivemq] [c4a99efe] INFO  - Log Configuration was overridden by /opt/hivemq/conf/logback.xml
2025-01-28 23:37:48,365 INFO c.h.h.t.HelmChartContainer - [test-hivemq-platform] [hivemq] [c4a99efe] INFO  - Successfully loaded configuration from '/opt/hivemq/conf-k8s/config.xml'.
2025-01-28 23:37:49,164 INFO c.h.h.t.HelmChartContainer - [test-hivemq-platform] [hivemq] [c4a99efe] INFO  - This node's ID is xL470
2025-01-28 23:37:49,164 INFO c.h.h.t.HelmChartContainer - [test-hivemq-platform] [hivemq] [c4a99efe] INFO  - Clustering is enabled
2025-01-28 23:37:49,470 INFO c.h.h.t.HelmChartContainer - [hivemq-test-hivemq-platform] [hivemq-platform-operator] [529d9460] 23:37:49.469 [pool-6-thread-27] DEBUG c.h.p.o.d.PlatformServiceResource - [helmcust] Desired Platform services (3 services)
2025-01-28 23:37:49,473 INFO c.h.h.t.HelmChartContainer - [hivemq-test-hivemq-platform] [hivemq-platform-operator] [529d9460] 23:37:49.472 [pool-6-thread-28] DEBUG c.h.p.o.dependants.PodInfoConfigMap - [helmcust] Desired PodInfo ConfigMap (1 extensions) (1 enabled)
2025-01-28 23:37:49,474 INFO c.h.h.t.HelmChartContainer - [hivemq-test-hivemq-platform] [hivemq-platform-operator] [529d9460] 23:37:49.472 [pool-6-thread-28] DEBUG c.h.p.o.dependants.PodInfoConfigMap - [helmcust] Desired PodInfo ConfigMap (metrics port: 9399) (metrics path: /)
2025-01-28 23:37:49,474 INFO c.h.h.t.HelmChartContainer - [hivemq-test-hivemq-platform] [hivemq-platform-operator] [529d9460] 23:37:49.472 [pool-6-thread-28] DEBUG c.h.p.o.dependants.PodInfoConfigMap - [helmcust] Desired PodInfo ConfigMap (extension state hash: -1817474005)
2025-01-28 23:37:49,480 INFO c.h.h.t.HelmChartContainer - [hivemq-test-hivemq-platform] [hivemq-platform-operator] [529d9460] 23:37:49.478 [pool-6-thread-25] DEBUG c.h.p.o.d.PodServiceAccountResource - [helmcust] Desired PodServiceAccountResource (serviceAccountName: hivemq-platform-pod-test-hivemq-platform)
2025-01-28 23:37:49,483 INFO c.h.h.t.HelmChartContainer - [hivemq-test-hivemq-platform] [hivemq-platform-operator] [529d9460] 23:37:49.482 [pool-6-thread-27] DEBUG c.h.p.o.d.StatefulSetResource - [helmcust] Desired StatefulSet (2 replicas) for status STARTING (READY)
2025-01-28 23:37:49,490 INFO c.h.h.t.HelmChartContainer - [hivemq-test-hivemq-platform] [hivemq-platform-operator] [529d9460] 23:37:49.489 [ReconcilerExecutor-hivemq-controller-111] INFO  c.h.p.o.HiveMQPlatformReconciler - [helmcust] Reconciling HiveMQ Platform 'test-hivemq-platform' in namespace 'helmcustomconfigit'
2025-01-28 23:37:49,491 INFO c.h.h.t.HelmChartContainer - [hivemq-test-hivemq-platform] [hivemq-platform-operator] [529d9460] 23:37:49.489 [ReconcilerExecutor-hivemq-controller-111] DEBUG c.h.p.o.HiveMQPlatformReconciler - [helmcust] Custom Resource Status STARTING - HiveMQ Platform is starting (READY)
2025-01-28 23:37:49,491 INFO c.h.h.t.HelmChartContainer - [hivemq-test-hivemq-platform] [hivemq-platform-operator] [529d9460] 23:37:49.489 [ReconcilerExecutor-hivemq-controller-111] DEBUG c.h.p.o.HiveMQPlatformReconciler - [helmcust] Custom Resource Spec (replicas: 2) (extensions: 1)
2025-01-28 23:37:49,492 INFO c.h.h.t.HelmChartContainer - [hivemq-test-hivemq-platform] [hivemq-platform-operator] [529d9460] 23:37:49.491 [ReconcilerExecutor-hivemq-controller-111] DEBUG c.h.p.o.HiveMQPlatformReconciler - [helmcust] StatefulSet Status (revision: test-hivemq-platform-6b448bcf6f, replicas: 1, available: 0, ready: 0, current: 1, updated: 1)
2025-01-28 23:37:49,493 INFO c.h.h.t.HelmChartContainer - [hivemq-test-hivemq-platform] [hivemq-platform-operator] [529d9460] 23:37:49.491 [ReconcilerExecutor-hivemq-controller-111] DEBUG c.h.p.o.HiveMQPlatformReconciler - [helmcust] StatefulSet Spec (replicas: 2, init containers: 1, containers: 1, volumes: 3)
2025-01-28 23:37:49,572 INFO c.h.h.t.HelmChartContainer - [hivemq-test-hivemq-platform] [hivemq-platform-operator] [529d9460] 23:37:49.569 [ReconcilerExecutor-hivemq-controller-111] DEBUG c.h.p.o.h.HiveMQPlatformReconcilerErrorHandler - [helmcust] Pod 'test-hivemq-platform-0' phase Running
2025-01-28 23:37:49,572 INFO c.h.h.t.HelmChartContainer - [hivemq-test-hivemq-platform] [hivemq-platform-operator] [529d9460] 23:37:49.570 [ReconcilerExecutor-hivemq-controller-111] INFO  c.h.p.o.h.HiveMQPlatformReconcilerBaseHandler - [helmcust] HiveMQ Platform is starting, 0 of 2 replicas are ready
2025-01-28 23:37:50,923 INFO c.h.h.t.HelmChartContainer - [test-hivemq-platform] [hivemq] [c4a99efe] WARN  - [HiveMQ Platform Operator Init App 1.7.0-SNAPSHOT] Cannot connect to Health API for readiness: null
2025-01-28 23:37:50,928 INFO c.h.h.t.HelmChartContainer - [EVENT] Warning [Unhealthy] Readiness probe failed: HTTP probe failed with statuscode: 503 [helmcustomconfigit:test-hivemq-platform-0]
2025-01-28 23:37:50,928 INFO c.h.h.t.HelmChartContainer - Received Unhealthy event for container hivemq in pod test-hivemq-platform-0 [c4a99efe-0b36-475b-acca-beb67556abd9]
2025-01-28 23:37:53,825 INFO c.h.h.t.HelmChartContainer - [test-hivemq-platform] [hivemq] [c4a99efe] Jan 28, 2025 11:37:53 PM io.vertx.core.impl.BlockedThreadChecker
2025-01-28 23:37:53,826 INFO c.h.h.t.HelmChartContainer - [test-hivemq-platform] [hivemq] [c4a99efe] WARNING: Thread Thread[vert.x-eventloop-thread-1,5,main] has been blocked for 2399 ms, time limit is 2000 ms
2025-01-28 23:37:54,668 INFO c.h.h.t.HelmChartContainer - [test-hivemq-platform] [hivemq] [c4a99efe] Jan 28, 2025 11:37:54 PM io.vertx.core.impl.BlockedThreadChecker
2025-01-28 23:37:54,669 INFO c.h.h.t.HelmChartContainer - [test-hivemq-platform] [hivemq] [c4a99efe] WARNING: Thread Thread[vert.x-eventloop-thread-1,5,main] has been blocked for 3399 ms, time limit is 2000 ms
2025-01-28 23:37:54,866 INFO c.h.h.t.HelmChartContainer - [test-hivemq-platform] [hivemq] [c4a99efe] INFO  - [HiveMQ Platform Operator Init App 1.7.0-SNAPSHOT] Updating Pod HiveMQ Platform Operator Init App version annotation (version: 1.7.0-SNAPSHOT)
2025-01-28 23:37:55,468 INFO c.h.h.t.HelmChartContainer - [test-hivemq-platform] [hivemq] [c4a99efe] WARN  - [HiveMQ Platform Operator Init App 1.7.0-SNAPSHOT] Cannot connect to Health API for readiness: null
2025-01-28 23:37:55,474 INFO c.h.h.t.HelmChartContainer - [EVENT] Warning [Unhealthy] Readiness probe failed: HTTP probe failed with statuscode: 503 [helmcustomconfigit:test-hivemq-platform-0]
2025-01-28 23:37:55,474 INFO c.h.h.t.HelmChartContainer - Received Unhealthy event for container hivemq in pod test-hivemq-platform-0 [c4a99efe-0b36-475b-acca-beb67556abd9]
2025-01-28 23:37:55,532 INFO c.h.h.t.HelmChartContainer - [POD] test-hivemq-platform-0 [c4a99efe-0b36-475b-acca-beb67556abd9] in helmcustomconfigit was MODIFIED
2025-01-28 23:37:55,539 INFO c.h.h.t.HelmChartContainer - [hivemq-test-hivemq-platform] [hivemq-platform-operator] [529d9460] 23:37:55.538 [pool-6-thread-32] DEBUG c.h.p.o.dependants.PodInfoConfigMap - [helmcust] Desired PodInfo ConfigMap (1 extensions) (1 enabled)
2025-01-28 23:37:55,539 INFO c.h.h.t.HelmChartContainer - [hivemq-test-hivemq-platform] [hivemq-platform-operator] [529d9460] 23:37:55.538 [pool-6-thread-32] DEBUG c.h.p.o.dependants.PodInfoConfigMap - [helmcust] Desired PodInfo ConfigMap (metrics port: 9399) (metrics path: /)
2025-01-28 23:37:55,539 INFO c.h.h.t.HelmChartContainer - [hivemq-test-hivemq-platform] [hivemq-platform-operator] [529d9460] 23:37:55.538 [pool-6-thread-32] DEBUG c.h.p.o.dependants.PodInfoConfigMap - [helmcust] Desired PodInfo ConfigMap (extension state hash: -1817474005)
2025-01-28 23:37:55,540 INFO c.h.h.t.HelmChartContainer - [hivemq-test-hivemq-platform] [hivemq-platform-operator] [529d9460] 23:37:55.539 [pool-6-thread-35] DEBUG c.h.p.o.d.PlatformServiceResource - [helmcust] Desired Platform services (3 services)
2025-01-28 23:37:55,541 INFO c.h.h.t.HelmChartContainer - [hivemq-test-hivemq-platform] [hivemq-platform-operator] [529d9460] 23:37:55.540 [pool-6-thread-33] DEBUG c.h.p.o.d.PodServiceAccountResource - [helmcust] Desired PodServiceAccountResource (serviceAccountName: hivemq-platform-pod-test-hivemq-platform)
2025-01-28 23:37:55,549 INFO c.h.h.t.HelmChartContainer - [hivemq-test-hivemq-platform] [hivemq-platform-operator] [529d9460] 23:37:55.545 [pool-6-thread-35] DEBUG c.h.p.o.d.StatefulSetResource - [helmcust] Desired StatefulSet (2 replicas) for status STARTING (READY)
2025-01-28 23:37:55,551 INFO c.h.h.t.HelmChartContainer - [hivemq-test-hivemq-platform] [hivemq-platform-operator] [529d9460] 23:37:55.550 [ReconcilerExecutor-hivemq-controller-112] INFO  c.h.p.o.HiveMQPlatformReconciler - [helmcust] Reconciling HiveMQ Platform 'test-hivemq-platform' in namespace 'helmcustomconfigit'
2025-01-28 23:37:55,551 INFO c.h.h.t.HelmChartContainer - [hivemq-test-hivemq-platform] [hivemq-platform-operator] [529d9460] 23:37:55.550 [ReconcilerExecutor-hivemq-controller-112] DEBUG c.h.p.o.HiveMQPlatformReconciler - [helmcust] Custom Resource Status STARTING - HiveMQ Platform is starting (READY)
2025-01-28 23:37:55,551 INFO c.h.h.t.HelmChartContainer - [hivemq-test-hivemq-platform] [hivemq-platform-operator] [529d9460] 23:37:55.550 [ReconcilerExecutor-hivemq-controller-112] DEBUG c.h.p.o.HiveMQPlatformReconciler - [helmcust] Custom Resource Spec (replicas: 2) (extensions: 1)
2025-01-28 23:37:55,552 INFO c.h.h.t.HelmChartContainer - [hivemq-test-hivemq-platform] [hivemq-platform-operator] [529d9460] 23:37:55.551 [ReconcilerExecutor-hivemq-controller-112] DEBUG c.h.p.o.HiveMQPlatformReconciler - [helmcust] StatefulSet Status (revision: test-hivemq-platform-6b448bcf6f, replicas: 1, available: 0, ready: 0, current: 1, updated: 1)
2025-01-28 23:37:55,552 INFO c.h.h.t.HelmChartContainer - [hivemq-test-hivemq-platform] [hivemq-platform-operator] [529d9460] 23:37:55.551 [ReconcilerExecutor-hivemq-controller-112] DEBUG c.h.p.o.HiveMQPlatformReconciler - [helmcust] StatefulSet Spec (replicas: 2, init containers: 1, containers: 1, volumes: 3)
2025-01-28 23:37:55,553 INFO c.h.h.t.HelmChartContainer - [hivemq-test-hivemq-platform] [hivemq-platform-operator] [529d9460] 23:37:55.553 [ReconcilerExecutor-hivemq-controller-112] DEBUG c.h.p.o.h.HiveMQPlatformReconcilerErrorHandler - [helmcust] Pod 'test-hivemq-platform-0' phase Running
2025-01-28 23:37:55,554 INFO c.h.h.t.HelmChartContainer - [hivemq-test-hivemq-platform] [hivemq-platform-operator] [529d9460] 23:37:55.553 [ReconcilerExecutor-hivemq-controller-112] INFO  c.h.p.o.h.HiveMQPlatformReconcilerBaseHandler - [helmcust] HiveMQ Platform is starting, 0 of 2 replicas are ready
2025-01-28 23:37:55,569 INFO c.h.h.t.HelmChartContainer - [test-hivemq-platform] [hivemq] [c4a99efe] WARN  - [HiveMQ Platform Operator Init App 1.7.0-SNAPSHOT] Cannot connect to Health API for readiness: null
2025-01-28 23:37:55,576 INFO c.h.h.t.HelmChartContainer - [EVENT] Warning [Unhealthy] Readiness probe failed: HTTP probe failed with statuscode: 503 [helmcustomconfigit:test-hivemq-platform-0]
2025-01-28 23:37:55,576 INFO c.h.h.t.HelmChartContainer - Received Unhealthy event for container hivemq in pod test-hivemq-platform-0 [c4a99efe-0b36-475b-acca-beb67556abd9]
2025-01-28 23:37:55,663 INFO c.h.h.t.HelmChartContainer - [test-hivemq-platform] [hivemq] [c4a99efe] INFO  - [HiveMQ Platform Operator Init App 1.7.0-SNAPSHOT] Successfully updated Pod HiveMQ Platform Operator Init App version annotation (version: 1.7.0-SNAPSHOT)
2025-01-28 23:38:00,565 INFO c.h.h.t.HelmChartContainer - [test-hivemq-platform] [hivemq] [c4a99efe] WARN  - [HiveMQ Platform Operator Init App 1.7.0-SNAPSHOT] Cannot connect to Health API for readiness: null
2025-01-28 23:38:00,572 INFO c.h.h.t.HelmChartContainer - [EVENT] Warning [Unhealthy] Readiness probe failed: HTTP probe failed with statuscode: 503 [helmcustomconfigit:test-hivemq-platform-0]
2025-01-28 23:38:00,572 INFO c.h.h.t.HelmChartContainer - Received Unhealthy event for container hivemq in pod test-hivemq-platform-0 [c4a99efe-0b36-475b-acca-beb67556abd9]
2025-01-28 23:38:05,566 INFO c.h.h.t.HelmChartContainer - [test-hivemq-platform] [hivemq] [c4a99efe] WARN  - [HiveMQ Platform Operator Init App 1.7.0-SNAPSHOT] Cannot connect to Health API for readiness: null
2025-01-28 23:38:05,595 INFO c.h.h.t.HelmChartContainer - [hivemq-test-hivemq-platform] [hivemq-platform-operator] [529d9460] 23:38:05.592 [pool-6-thread-47] DEBUG c.h.p.o.d.PlatformServiceResource - [helmcust] Desired Platform services (3 services)
2025-01-28 23:38:05,595 INFO c.h.h.t.HelmChartContainer - [hivemq-test-hivemq-platform] [hivemq-platform-operator] [529d9460] 23:38:05.593 [pool-6-thread-46] DEBUG c.h.p.o.dependants.PodInfoConfigMap - [helmcust] Desired PodInfo ConfigMap (1 extensions) (1 enabled)
2025-01-28 23:38:05,595 INFO c.h.h.t.HelmChartContainer - [hivemq-test-hivemq-platform] [hivemq-platform-operator] [529d9460] 23:38:05.593 [pool-6-thread-46] DEBUG c.h.p.o.dependants.PodInfoConfigMap - [helmcust] Desired PodInfo ConfigMap (metrics port: 9399) (metrics path: /)
2025-01-28 23:38:05,595 INFO c.h.h.t.HelmChartContainer - [hivemq-test-hivemq-platform] [hivemq-platform-operator] [529d9460] 23:38:05.593 [pool-6-thread-46] DEBUG c.h.p.o.dependants.PodInfoConfigMap - [helmcust] Desired PodInfo ConfigMap (extension state hash: -1817474005)
2025-01-28 23:38:05,597 INFO c.h.h.t.HelmChartContainer - [hivemq-test-hivemq-platform] [hivemq-platform-operator] [529d9460] 23:38:05.594 [pool-6-thread-43] DEBUG c.h.p.o.d.PodServiceAccountResource - [helmcust] Desired PodServiceAccountResource (serviceAccountName: hivemq-platform-pod-test-hivemq-platform)
2025-01-28 23:38:05,600 INFO c.h.h.t.HelmChartContainer - [hivemq-test-hivemq-platform] [hivemq-platform-operator] [529d9460] 23:38:05.599 [pool-6-thread-47] DEBUG c.h.p.o.d.StatefulSetResource - [helmcust] Desired StatefulSet (2 replicas) for status STARTING (READY)
2025-01-28 23:38:05,628 INFO c.h.h.t.HelmChartContainer - [EVENT] Warning [Unhealthy] Readiness probe failed: HTTP probe failed with statuscode: 503 [helmcustomconfigit:test-hivemq-platform-0]
2025-01-28 23:38:05,628 INFO c.h.h.t.HelmChartContainer - Received Unhealthy event for container hivemq in pod test-hivemq-platform-0 [c4a99efe-0b36-475b-acca-beb67556abd9]
2025-01-28 23:38:05,691 INFO c.h.h.t.HelmChartContainer - [hivemq-test-hivemq-platform] [hivemq-platform-operator] [529d9460] 23:38:05.690 [ReconcilerExecutor-hivemq-controller-113] INFO  c.h.p.o.HiveMQPlatformReconciler - [helmcust] Reconciling HiveMQ Platform 'test-hivemq-platform' in namespace 'helmcustomconfigit'
2025-01-28 23:38:05,691 INFO c.h.h.t.HelmChartContainer - [hivemq-test-hivemq-platform] [hivemq-platform-operator] [529d9460] 23:38:05.690 [ReconcilerExecutor-hivemq-controller-113] DEBUG c.h.p.o.HiveMQPlatformReconciler - [helmcust] Custom Resource Status STARTING - HiveMQ Platform is starting (READY)
2025-01-28 23:38:05,691 INFO c.h.h.t.HelmChartContainer - [hivemq-test-hivemq-platform] [hivemq-platform-operator] [529d9460] 23:38:05.690 [ReconcilerExecutor-hivemq-controller-113] DEBUG c.h.p.o.HiveMQPlatformReconciler - [helmcust] Custom Resource Spec (replicas: 2) (extensions: 1)
2025-01-28 23:38:05,692 INFO c.h.h.t.HelmChartContainer - [hivemq-test-hivemq-platform] [hivemq-platform-operator] [529d9460] 23:38:05.692 [ReconcilerExecutor-hivemq-controller-113] DEBUG c.h.p.o.HiveMQPlatformReconciler - [helmcust] StatefulSet Status (revision: test-hivemq-platform-6b448bcf6f, replicas: 1, available: 0, ready: 0, current: 1, updated: 1)
2025-01-28 23:38:05,693 INFO c.h.h.t.HelmChartContainer - [hivemq-test-hivemq-platform] [hivemq-platform-operator] [529d9460] 23:38:05.692 [ReconcilerExecutor-hivemq-controller-113] DEBUG c.h.p.o.HiveMQPlatformReconciler - [helmcust] StatefulSet Spec (replicas: 2, init containers: 1, containers: 1, volumes: 3)
2025-01-28 23:38:05,695 INFO c.h.h.t.HelmChartContainer - [hivemq-test-hivemq-platform] [hivemq-platform-operator] [529d9460] 23:38:05.694 [ReconcilerExecutor-hivemq-controller-113] DEBUG c.h.p.o.h.HiveMQPlatformReconcilerErrorHandler - [helmcust] Pod 'test-hivemq-platform-0' phase Running
2025-01-28 23:38:05,695 INFO c.h.h.t.HelmChartContainer - [hivemq-test-hivemq-platform] [hivemq-platform-operator] [529d9460] 23:38:05.694 [ReconcilerExecutor-hivemq-controller-113] INFO  c.h.p.o.h.HiveMQPlatformReconcilerBaseHandler - [helmcust] HiveMQ Platform is starting, 0 of 2 replicas are ready
2025-01-28 23:38:05,926 INFO c.h.h.t.HelmChartContainer - [test-hivemq-platform] [hivemq] [c4a99efe] WARN  - [HiveMQ Platform Operator Init App 1.7.0-SNAPSHOT] Cannot connect to Health API for liveness: null
2025-01-28 23:38:05,926 INFO c.h.h.t.HelmChartContainer - [test-hivemq-platform] [hivemq] [c4a99efe] INFO  - [HiveMQ Platform Operator Init App 1.7.0-SNAPSHOT] Returning default Health API response 200 for liveness
2025-01-28 23:38:06,668 INFO c.h.h.t.HelmChartContainer - [test-hivemq-platform] [hivemq] [c4a99efe] INFO  - No valid license file found. Using trial license, restricted to 25 connections.
2025-01-28 23:38:10,568 INFO c.h.h.t.HelmChartContainer - [test-hivemq-platform] [hivemq] [c4a99efe] WARN  - [HiveMQ Platform Operator Init App 1.7.0-SNAPSHOT] Cannot connect to Health API for readiness: null
2025-01-28 23:38:10,572 INFO c.h.h.t.HelmChartContainer - [EVENT] Warning [Unhealthy] Readiness probe failed: HTTP probe failed with statuscode: 503 [helmcustomconfigit:test-hivemq-platform-0]
2025-01-28 23:38:10,572 INFO c.h.h.t.HelmChartContainer - Received Unhealthy event for container hivemq in pod test-hivemq-platform-0 [c4a99efe-0b36-475b-acca-beb67556abd9]
2025-01-28 23:38:10,729 INFO c.h.h.t.HelmChartContainer - [test-hivemq-platform] [hivemq] [c4a99efe] INFO  - No valid license file for Data Hub found. Using free license, restricted to 1 policy.
2025-01-28 23:38:11,827 INFO c.h.h.t.HelmChartContainer - [test-hivemq-platform] [hivemq] [c4a99efe] INFO  - Audit Logger started.
2025-01-28 23:38:12,077 INFO c.h.h.t.HelmChartContainer - [test-hivemq-platform] [hivemq] [c4a99efe] INFO  - This node uses '1' CPU cores.
2025-01-28 23:38:12,082 INFO c.h.h.t.HelmChartContainer - [test-hivemq-platform] [hivemq] [c4a99efe] INFO  - Starting HiveMQ Health API on address 0.0.0.0 and port 8889
2025-01-28 23:38:12,922 INFO c.h.h.t.HelmChartContainer - [test-hivemq-platform] [hivemq] [c4a99efe] INFO  - Started HiveMQ Health API in 840ms
2025-01-28 23:38:13,431 INFO c.h.h.t.HelmChartContainer - [test-hivemq-platform] [hivemq] [c4a99efe] INFO  - Starting HiveMQ extension system.
2025-01-28 23:38:13,730 INFO c.h.h.t.HelmChartContainer - [test-hivemq-platform] [hivemq] [c4a99efe] INFO  - Starting extension with id "hivemq-dns-cluster-discovery" at /opt/hivemq/extensions/hivemq-dns-cluster-discovery
2025-01-28 23:38:14,267 INFO c.h.h.t.HelmChartContainer - [test-hivemq-platform] [hivemq] [c4a99efe] INFO  - Extension "DNS Cluster Discovery Extension" version 4.3.2 started successfully.
2025-01-28 23:38:14,324 INFO c.h.h.t.HelmChartContainer - [test-hivemq-platform] [hivemq] [c4a99efe] INFO  - Starting extension with id "hivemq-prometheus-extension" at /opt/hivemq/extensions/hivemq-prometheus-extension
2025-01-28 23:38:14,325 INFO c.h.h.t.HelmChartContainer - [test-hivemq-platform] [hivemq] [c4a99efe] INFO  - Using TCP cluster transport on address 10.42.0.11 and port 7000
2025-01-28 23:38:14,365 INFO c.h.h.t.HelmChartContainer - [test-hivemq-platform] [hivemq] [c4a99efe] INFO  - Using extension cluster discovery
2025-01-28 23:38:15,327 INFO c.h.h.t.HelmChartContainer - [test-hivemq-platform] [hivemq] [c4a99efe] INFO  - Started Jetty Server exposing Prometheus Servlet on URI http://0.0.0.0:9399/
2025-01-28 23:38:15,327 INFO c.h.h.t.HelmChartContainer - [test-hivemq-platform] [hivemq] [c4a99efe] INFO  - Extension "Prometheus Monitoring Extension" version 4.0.12 started successfully.
2025-01-28 23:38:15,327 INFO c.h.h.t.HelmChartContainer - [test-hivemq-platform] [hivemq] [c4a99efe] INFO  - Starting extension with id "hivemq-allow-all-extension" at /opt/hivemq/extensions/hivemq-allow-all-extension
2025-01-28 23:38:15,327 INFO c.h.h.t.HelmChartContainer - [test-hivemq-platform] [hivemq] [c4a99efe] WARN  - 
2025-01-28 23:38:15,328 INFO c.h.h.t.HelmChartContainer - [test-hivemq-platform] [hivemq] [c4a99efe] ################################################################################################################
2025-01-28 23:38:15,328 INFO c.h.h.t.HelmChartContainer - [test-hivemq-platform] [hivemq] [c4a99efe] # This HiveMQ deployment is not secure! You are lacking Authentication and Authorization.                      #
2025-01-28 23:38:15,328 INFO c.h.h.t.HelmChartContainer - [test-hivemq-platform] [hivemq] [c4a99efe] # Right now any MQTT client can connect to the broker with a full set of permissions.                          #
2025-01-28 23:38:15,328 INFO c.h.h.t.HelmChartContainer - [test-hivemq-platform] [hivemq] [c4a99efe] # For production usage, add an appropriate security extension and remove the hivemq-allow-all extension.       #
2025-01-28 23:38:15,328 INFO c.h.h.t.HelmChartContainer - [test-hivemq-platform] [hivemq] [c4a99efe] # You can download security extensions from the HiveMQ Marketplace (https://www.hivemq.com/extensions/).       #
2025-01-28 23:38:15,328 INFO c.h.h.t.HelmChartContainer - [test-hivemq-platform] [hivemq] [c4a99efe] ################################################################################################################
2025-01-28 23:38:15,328 INFO c.h.h.t.HelmChartContainer - [test-hivemq-platform] [hivemq] [c4a99efe] INFO  - Extension "Allow All Extension" version 1.1.1 started successfully.
2025-01-28 23:38:15,701 INFO c.h.h.t.HelmChartContainer - [hivemq-test-hivemq-platform] [hivemq-platform-operator] [529d9460] 23:38:15.699 [pool-6-thread-4] DEBUG c.h.p.o.dependants.PodInfoConfigMap - [helmcust] Desired PodInfo ConfigMap (1 extensions) (1 enabled)
2025-01-28 23:38:15,701 INFO c.h.h.t.HelmChartContainer - [hivemq-test-hivemq-platform] [hivemq-platform-operator] [529d9460] 23:38:15.699 [pool-6-thread-2] DEBUG c.h.p.o.d.PodServiceAccountResource - [helmcust] Desired PodServiceAccountResource (serviceAccountName: hivemq-platform-pod-test-hivemq-platform)
2025-01-28 23:38:15,701 INFO c.h.h.t.HelmChartContainer - [hivemq-test-hivemq-platform] [hivemq-platform-operator] [529d9460] 23:38:15.699 [pool-6-thread-4] DEBUG c.h.p.o.dependants.PodInfoConfigMap - [helmcust] Desired PodInfo ConfigMap (metrics port: 9399) (metrics path: /)
2025-01-28 23:38:15,701 INFO c.h.h.t.HelmChartContainer - [hivemq-test-hivemq-platform] [hivemq-platform-operator] [529d9460] 23:38:15.699 [pool-6-thread-4] DEBUG c.h.p.o.dependants.PodInfoConfigMap - [helmcust] Desired PodInfo ConfigMap (extension state hash: -1817474005)
2025-01-28 23:38:15,701 INFO c.h.h.t.HelmChartContainer - [hivemq-test-hivemq-platform] [hivemq-platform-operator] [529d9460] 23:38:15.700 [pool-6-thread-5] DEBUG c.h.p.o.d.PlatformServiceResource - [helmcust] Desired Platform services (3 services)
2025-01-28 23:38:15,706 INFO c.h.h.t.HelmChartContainer - [hivemq-test-hivemq-platform] [hivemq-platform-operator] [529d9460] 23:38:15.705 [pool-6-thread-5] DEBUG c.h.p.o.d.StatefulSetResource - [helmcust] Desired StatefulSet (2 replicas) for status STARTING (READY)
2025-01-28 23:38:15,709 INFO c.h.h.t.HelmChartContainer - [hivemq-test-hivemq-platform] [hivemq-platform-operator] [529d9460] 23:38:15.708 [ReconcilerExecutor-hivemq-controller-114] INFO  c.h.p.o.HiveMQPlatformReconciler - [helmcust] Reconciling HiveMQ Platform 'test-hivemq-platform' in namespace 'helmcustomconfigit'
2025-01-28 23:38:15,710 INFO c.h.h.t.HelmChartContainer - [hivemq-test-hivemq-platform] [hivemq-platform-operator] [529d9460] 23:38:15.708 [ReconcilerExecutor-hivemq-controller-114] DEBUG c.h.p.o.HiveMQPlatformReconciler - [helmcust] Custom Resource Status STARTING - HiveMQ Platform is starting (READY)
2025-01-28 23:38:15,710 INFO c.h.h.t.HelmChartContainer - [hivemq-test-hivemq-platform] [hivemq-platform-operator] [529d9460] 23:38:15.708 [ReconcilerExecutor-hivemq-controller-114] DEBUG c.h.p.o.HiveMQPlatformReconciler - [helmcust] Custom Resource Spec (replicas: 2) (extensions: 1)
2025-01-28 23:38:15,710 INFO c.h.h.t.HelmChartContainer - [hivemq-test-hivemq-platform] [hivemq-platform-operator] [529d9460] 23:38:15.710 [ReconcilerExecutor-hivemq-controller-114] DEBUG c.h.p.o.HiveMQPlatformReconciler - [helmcust] StatefulSet Status (revision: test-hivemq-platform-6b448bcf6f, replicas: 1, available: 0, ready: 0, current: 1, updated: 1)
2025-01-28 23:38:15,711 INFO c.h.h.t.HelmChartContainer - [hivemq-test-hivemq-platform] [hivemq-platform-operator] [529d9460] 23:38:15.710 [ReconcilerExecutor-hivemq-controller-114] DEBUG c.h.p.o.HiveMQPlatformReconciler - [helmcust] StatefulSet Spec (replicas: 2, init containers: 1, containers: 1, volumes: 3)
2025-01-28 23:38:15,712 INFO c.h.h.t.HelmChartContainer - [hivemq-test-hivemq-platform] [hivemq-platform-operator] [529d9460] 23:38:15.711 [ReconcilerExecutor-hivemq-controller-114] DEBUG c.h.p.o.h.HiveMQPlatformReconcilerErrorHandler - [helmcust] Pod 'test-hivemq-platform-0' phase Running
2025-01-28 23:38:15,712 INFO c.h.h.t.HelmChartContainer - [hivemq-test-hivemq-platform] [hivemq-platform-operator] [529d9460] 23:38:15.712 [ReconcilerExecutor-hivemq-controller-114] INFO  c.h.p.o.h.HiveMQPlatformReconcilerBaseHandler - [helmcust] HiveMQ Platform is starting, 0 of 2 replicas are ready
2025-01-28 23:38:16,131 INFO c.h.h.t.HelmChartContainer - [test-hivemq-platform] [hivemq] [c4a99efe] INFO  - [HiveMQ Platform Operator Init App 1.7.0-SNAPSHOT] Returning Health API response 503 for readiness
2025-01-28 23:38:16,135 INFO c.h.h.t.HelmChartContainer - [EVENT] Warning [Unhealthy] Readiness probe failed: HTTP probe failed with statuscode: 503 [helmcustomconfigit:test-hivemq-platform-0]
2025-01-28 23:38:16,135 INFO c.h.h.t.HelmChartContainer - Received Unhealthy event for container hivemq in pod test-hivemq-platform-0 [c4a99efe-0b36-475b-acca-beb67556abd9]
2025-01-28 23:38:17,422 INFO c.h.h.t.HelmChartContainer - [test-hivemq-platform] [hivemq] [c4a99efe] INFO  - xL470: no members discovered after 2459 ms: creating cluster as first member
2025-01-28 23:38:17,429 INFO c.h.h.t.HelmChartContainer - [test-hivemq-platform] [hivemq] [c4a99efe] INFO  - Cluster nodes found by discovery: [xL470|0] (1) [xL470].
2025-01-28 23:38:17,525 INFO c.h.h.t.HelmChartContainer - [test-hivemq-platform] [hivemq] [c4a99efe] WARN  - No user for HiveMQ Control Center configured. Starting with default user
2025-01-28 23:38:17,525 INFO c.h.h.t.HelmChartContainer - [test-hivemq-platform] [hivemq] [c4a99efe] INFO  - Starting HiveMQ Control Center on address 0.0.0.0 and port 8080
2025-01-28 23:38:17,528 INFO c.h.h.t.HelmChartContainer - [test-hivemq-platform] [hivemq] [c4a99efe] INFO  - Mounting HiveMQ Control Center V2 Preview
2025-01-28 23:38:18,123 INFO c.h.h.t.HelmChartContainer - [test-hivemq-platform] [hivemq] [c4a99efe] INFO  - Started HiveMQ Control Center in 598ms
2025-01-28 23:38:18,137 INFO c.h.h.t.HelmChartContainer - [test-hivemq-platform] [hivemq] [c4a99efe] INFO  - Starting TCP listener on address 0.0.0.0 and port 1883
2025-01-28 23:38:18,226 INFO c.h.h.t.HelmChartContainer - [test-hivemq-platform] [hivemq] [c4a99efe] INFO  - Started TCP Listener on address 0.0.0.0 and on port 1883.
2025-01-28 23:38:18,226 INFO c.h.h.t.HelmChartContainer - [test-hivemq-platform] [hivemq] [c4a99efe] INFO  - Started HiveMQ in 31453ms
2025-01-28 23:38:20,539 INFO c.h.h.t.HelmChartContainer - [test-hivemq-platform] [hivemq] [c4a99efe] INFO  - [HiveMQ Platform Operator Init App 1.7.0-SNAPSHOT] Returning Health API response 200 for readiness
2025-01-28 23:38:20,550 INFO c.h.h.t.HelmChartContainer - [POD] test-hivemq-platform-0 [c4a99efe-0b36-475b-acca-beb67556abd9] in helmcustomconfigit was MODIFIED
2025-01-28 23:38:20,563 INFO c.h.h.t.HelmChartContainer - [hivemq-test-hivemq-platform] [hivemq-platform-operator] [529d9460] 23:38:20.557 [pool-6-thread-14] DEBUG c.h.p.o.d.PlatformServiceResource - [helmcust] Desired Platform services (3 services)
2025-01-28 23:38:20,563 INFO c.h.h.t.HelmChartContainer - [hivemq-test-hivemq-platform] [hivemq-platform-operator] [529d9460] 23:38:20.559 [pool-6-thread-15] DEBUG c.h.p.o.dependants.PodInfoConfigMap - [helmcust] Desired PodInfo ConfigMap (1 extensions) (1 enabled)
2025-01-28 23:38:20,563 INFO c.h.h.t.HelmChartContainer - [hivemq-test-hivemq-platform] [hivemq-platform-operator] [529d9460] 23:38:20.560 [pool-6-thread-15] DEBUG c.h.p.o.dependants.PodInfoConfigMap - [helmcust] Desired PodInfo ConfigMap (metrics port: 9399) (metrics path: /)
2025-01-28 23:38:20,563 INFO c.h.h.t.HelmChartContainer - [hivemq-test-hivemq-platform] [hivemq-platform-operator] [529d9460] 23:38:20.560 [pool-6-thread-15] DEBUG c.h.p.o.dependants.PodInfoConfigMap - [helmcust] Desired PodInfo ConfigMap (extension state hash: -1817474005)
2025-01-28 23:38:20,568 INFO c.h.h.t.HelmChartContainer - [hivemq-test-hivemq-platform] [hivemq-platform-operator] [529d9460] 23:38:20.563 [pool-6-thread-11] DEBUG c.h.p.o.d.PodServiceAccountResource - [helmcust] Desired PodServiceAccountResource (serviceAccountName: hivemq-platform-pod-test-hivemq-platform)
2025-01-28 23:38:20,576 INFO c.h.h.t.HelmChartContainer - [POD] test-hivemq-platform-1 [a768d715-4892-4445-a80c-659c7f217a26] in helmcustomconfigit was ADDED
2025-01-28 23:38:20,577 INFO c.h.h.t.HelmChartContainer - [hivemq-test-hivemq-platform] [hivemq-platform-operator] [529d9460] 23:38:20.574 [pool-6-thread-14] DEBUG c.h.p.o.d.StatefulSetResource - [helmcust] Desired StatefulSet (2 replicas) for status STARTING (READY)
2025-01-28 23:38:20,578 INFO c.h.h.t.HelmChartContainer - [POD] test-hivemq-platform-1 [a768d715-4892-4445-a80c-659c7f217a26] in helmcustomconfigit was MODIFIED
2025-01-28 23:38:20,583 INFO c.h.h.t.HelmChartContainer - [EVENT] Normal [SuccessfulCreate] create Pod test-hivemq-platform-1 in StatefulSet test-hivemq-platform successful [helmcustomconfigit:test-hivemq-platform]
2025-01-28 23:38:20,585 INFO c.h.h.t.HelmChartContainer - [EVENT] Normal [Scheduled] Successfully assigned helmcustomconfigit/test-hivemq-platform-1 to 349c386a830b [helmcustomconfigit:test-hivemq-platform-1]
2025-01-28 23:38:20,597 INFO c.h.h.t.HelmChartContainer - [POD] test-hivemq-platform-1 [a768d715-4892-4445-a80c-659c7f217a26] in helmcustomconfigit was MODIFIED
2025-01-28 23:38:20,599 INFO c.h.h.t.HelmChartContainer - [hivemq-test-hivemq-platform] [hivemq-platform-operator] [529d9460] 23:38:20.597 [ReconcilerExecutor-hivemq-controller-115] INFO  c.h.p.o.HiveMQPlatformReconciler - [helmcust] Reconciling HiveMQ Platform 'test-hivemq-platform' in namespace 'helmcustomconfigit'
2025-01-28 23:38:20,604 INFO c.h.h.t.HelmChartContainer - [hivemq-test-hivemq-platform] [hivemq-platform-operator] [529d9460] 23:38:20.597 [ReconcilerExecutor-hivemq-controller-115] DEBUG c.h.p.o.HiveMQPlatformReconciler - [helmcust] Custom Resource Status STARTING - HiveMQ Platform is starting (READY)
2025-01-28 23:38:20,604 INFO c.h.h.t.HelmChartContainer - [hivemq-test-hivemq-platform] [hivemq-platform-operator] [529d9460] 23:38:20.597 [ReconcilerExecutor-hivemq-controller-115] DEBUG c.h.p.o.HiveMQPlatformReconciler - [helmcust] Custom Resource Spec (replicas: 2) (extensions: 1)
2025-01-28 23:38:20,606 INFO c.h.h.t.HelmChartContainer - [hivemq-test-hivemq-platform] [hivemq-platform-operator] [529d9460] 23:38:20.599 [ReconcilerExecutor-hivemq-controller-115] DEBUG c.h.p.o.HiveMQPlatformReconciler - [helmcust] StatefulSet Status (revision: test-hivemq-platform-6b448bcf6f, replicas: 1, available: 0, ready: 0, current: 1, updated: 1)
2025-01-28 23:38:20,606 INFO c.h.h.t.HelmChartContainer - [hivemq-test-hivemq-platform] [hivemq-platform-operator] [529d9460] 23:38:20.601 [ReconcilerExecutor-hivemq-controller-115] DEBUG c.h.p.o.HiveMQPlatformReconciler - [helmcust] StatefulSet Spec (replicas: 2, init containers: 1, containers: 1, volumes: 3)
2025-01-28 23:38:20,606 INFO c.h.h.t.HelmChartContainer - [hivemq-test-hivemq-platform] [hivemq-platform-operator] [529d9460] 23:38:20.604 [ReconcilerExecutor-hivemq-controller-115] DEBUG c.h.p.o.h.HiveMQPlatformReconcilerErrorHandler - [helmcust] Pod 'test-hivemq-platform-1' phase Pending
2025-01-28 23:38:20,607 INFO c.h.h.t.HelmChartContainer - [hivemq-test-hivemq-platform] [hivemq-platform-operator] [529d9460] 23:38:20.606 [ReconcilerExecutor-hivemq-controller-115] DEBUG c.h.p.o.h.HiveMQPlatformReconcilerErrorHandler - [helmcust] Pod 'test-hivemq-platform-1' condition 'PodReadyToStartContainers': False
2025-01-28 23:38:20,607 INFO c.h.h.t.HelmChartContainer - [hivemq-test-hivemq-platform] [hivemq-platform-operator] [529d9460] 23:38:20.606 [ReconcilerExecutor-hivemq-controller-115] DEBUG c.h.p.o.h.HiveMQPlatformReconcilerErrorHandler - [helmcust] Pod 'test-hivemq-platform-1' condition 'Initialized': False
2025-01-28 23:38:20,609 INFO c.h.h.t.HelmChartContainer - [hivemq-test-hivemq-platform] [hivemq-platform-operator] [529d9460] 23:38:20.606 [ReconcilerExecutor-hivemq-controller-115] DEBUG c.h.p.o.h.HiveMQPlatformReconcilerErrorHandler - [helmcust] Pod 'test-hivemq-platform-1' condition 'Ready': False
2025-01-28 23:38:20,609 INFO c.h.h.t.HelmChartContainer - [hivemq-test-hivemq-platform] [hivemq-platform-operator] [529d9460] 23:38:20.606 [ReconcilerExecutor-hivemq-controller-115] DEBUG c.h.p.o.h.HiveMQPlatformReconcilerErrorHandler - [helmcust] Pod 'test-hivemq-platform-1' condition 'ContainersReady': False
2025-01-28 23:38:20,609 INFO c.h.h.t.HelmChartContainer - [hivemq-test-hivemq-platform] [hivemq-platform-operator] [529d9460] 23:38:20.606 [ReconcilerExecutor-hivemq-controller-115] DEBUG c.h.p.o.h.HiveMQPlatformReconcilerErrorHandler - [helmcust] Pod 'test-hivemq-platform-1' condition 'PodScheduled': True
2025-01-28 23:38:20,609 INFO c.h.h.t.HelmChartContainer - [hivemq-test-hivemq-platform] [hivemq-platform-operator] [529d9460] 23:38:20.606 [ReconcilerExecutor-hivemq-controller-115] DEBUG c.h.p.o.h.HiveMQPlatformReconcilerErrorHandler - [helmcust] Pod 'test-hivemq-platform-1' containerStatus 'hivemq' (started: false) (ready: false) (waiting: [PodInitializing] null)
2025-01-28 23:38:20,610 INFO c.h.h.t.HelmChartContainer - [hivemq-test-hivemq-platform] [hivemq-platform-operator] [529d9460] 23:38:20.609 [ReconcilerExecutor-hivemq-controller-115] DEBUG c.h.p.o.h.HiveMQPlatformReconcilerErrorHandler - [helmcust] Pod 'test-hivemq-platform-0' phase Running
2025-01-28 23:38:20,612 INFO c.h.h.t.HelmChartContainer - [hivemq-test-hivemq-platform] [hivemq-platform-operator] [529d9460] 23:38:20.610 [ReconcilerExecutor-hivemq-controller-115] INFO  c.h.p.o.h.HiveMQPlatformReconcilerBaseHandler - [helmcust] HiveMQ Platform is starting, 0 of 2 replicas are ready
2025-01-28 23:38:20,694 INFO c.h.h.t.HelmChartContainer - [hivemq-test-hivemq-platform] [hivemq-platform-operator] [529d9460] 23:38:20.690 [pool-6-thread-28] DEBUG c.h.p.o.d.PlatformServiceResource - [helmcust] Desired Platform services (3 services)
2025-01-28 23:38:20,694 INFO c.h.h.t.HelmChartContainer - [hivemq-test-hivemq-platform] [hivemq-platform-operator] [529d9460] 23:38:20.691 [pool-6-thread-22] DEBUG c.h.p.o.dependants.PodInfoConfigMap - [helmcust] Desired PodInfo ConfigMap (1 extensions) (1 enabled)
2025-01-28 23:38:20,694 INFO c.h.h.t.HelmChartContainer - [hivemq-test-hivemq-platform] [hivemq-platform-operator] [529d9460] 23:38:20.691 [pool-6-thread-22] DEBUG c.h.p.o.dependants.PodInfoConfigMap - [helmcust] Desired PodInfo ConfigMap (metrics port: 9399) (metrics path: /)
2025-01-28 23:38:20,694 INFO c.h.h.t.HelmChartContainer - [hivemq-test-hivemq-platform] [hivemq-platform-operator] [529d9460] 23:38:20.691 [pool-6-thread-22] DEBUG c.h.p.o.dependants.PodInfoConfigMap - [helmcust] Desired PodInfo ConfigMap (extension state hash: -1817474005)
2025-01-28 23:38:20,694 INFO c.h.h.t.HelmChartContainer - [hivemq-test-hivemq-platform] [hivemq-platform-operator] [529d9460] 23:38:20.692 [pool-6-thread-26] DEBUG c.h.p.o.d.PodServiceAccountResource - [helmcust] Desired PodServiceAccountResource (serviceAccountName: hivemq-platform-pod-test-hivemq-platform)
2025-01-28 23:38:20,697 INFO c.h.h.t.HelmChartContainer - [hivemq-test-hivemq-platform] [hivemq-platform-operator] [529d9460] 23:38:20.696 [pool-6-thread-30] DEBUG c.h.p.o.d.StatefulSetResource - [helmcust] Desired StatefulSet (2 replicas) for status STARTING (READY)
2025-01-28 23:38:20,703 INFO c.h.h.t.HelmChartContainer - [hivemq-test-hivemq-platform] [hivemq-platform-operator] [529d9460] 23:38:20.699 [ReconcilerExecutor-hivemq-controller-116] INFO  c.h.p.o.HiveMQPlatformReconciler - [helmcust] Reconciling HiveMQ Platform 'test-hivemq-platform' in namespace 'helmcustomconfigit'
2025-01-28 23:38:20,703 INFO c.h.h.t.HelmChartContainer - [hivemq-test-hivemq-platform] [hivemq-platform-operator] [529d9460] 23:38:20.699 [ReconcilerExecutor-hivemq-controller-116] DEBUG c.h.p.o.HiveMQPlatformReconciler - [helmcust] Custom Resource Status STARTING - HiveMQ Platform is starting (READY)
2025-01-28 23:38:20,703 INFO c.h.h.t.HelmChartContainer - [hivemq-test-hivemq-platform] [hivemq-platform-operator] [529d9460] 23:38:20.699 [ReconcilerExecutor-hivemq-controller-116] DEBUG c.h.p.o.HiveMQPlatformReconciler - [helmcust] Custom Resource Spec (replicas: 2) (extensions: 1)
2025-01-28 23:38:20,704 INFO c.h.h.t.HelmChartContainer - [hivemq-test-hivemq-platform] [hivemq-platform-operator] [529d9460] 23:38:20.701 [ReconcilerExecutor-hivemq-controller-116] DEBUG c.h.p.o.HiveMQPlatformReconciler - [helmcust] StatefulSet Status (revision: test-hivemq-platform-6b448bcf6f, replicas: 2, available: 1, ready: 1, current: 2, updated: 2)
2025-01-28 23:38:20,704 INFO c.h.h.t.HelmChartContainer - [hivemq-test-hivemq-platform] [hivemq-platform-operator] [529d9460] 23:38:20.701 [ReconcilerExecutor-hivemq-controller-116] DEBUG c.h.p.o.HiveMQPlatformReconciler - [helmcust] StatefulSet Spec (replicas: 2, init containers: 1, containers: 1, volumes: 3)
2025-01-28 23:38:20,704 INFO c.h.h.t.HelmChartContainer - [hivemq-test-hivemq-platform] [hivemq-platform-operator] [529d9460] 23:38:20.702 [ReconcilerExecutor-hivemq-controller-116] DEBUG c.h.p.o.h.HiveMQPlatformReconcilerErrorHandler - [helmcust] Pod 'test-hivemq-platform-1' phase Pending
2025-01-28 23:38:20,707 INFO c.h.h.t.HelmChartContainer - [hivemq-test-hivemq-platform] [hivemq-platform-operator] [529d9460] 23:38:20.704 [ReconcilerExecutor-hivemq-controller-116] DEBUG c.h.p.o.h.HiveMQPlatformReconcilerErrorHandler - [helmcust] Pod 'test-hivemq-platform-1' condition 'PodReadyToStartContainers': False
2025-01-28 23:38:20,707 INFO c.h.h.t.HelmChartContainer - [K3S] [reconciler_common.go:251] "operationExecutor.VerifyControllerAttachedVolume started for volume \"broker-configuration\" (UniqueName: \"kubernetes.io/configmap/a768d715-4892-4445-a80c-659c7f217a26-broker-configuration\") pod \"test-hivemq-platform-1\" (UID: \"a768d715-4892-4445-a80c-659c7f217a26\") " pod="helmcustomconfigit/test-hivemq-platform-1"
2025-01-28 23:38:20,708 INFO c.h.h.t.HelmChartContainer - [K3S] [reconciler_common.go:251] "operationExecutor.VerifyControllerAttachedVolume started for volume \"kube-api-access-ldxc4\" (UniqueName: \"kubernetes.io/projected/a768d715-4892-4445-a80c-659c7f217a26-kube-api-access-ldxc4\") pod \"test-hivemq-platform-1\" (UID: \"a768d715-4892-4445-a80c-659c7f217a26\") " pod="helmcustomconfigit/test-hivemq-platform-1"
2025-01-28 23:38:20,708 INFO c.h.h.t.HelmChartContainer - [K3S] [reconciler_common.go:251] "operationExecutor.VerifyControllerAttachedVolume started for volume \"pod-info\" (UniqueName: \"kubernetes.io/configmap/a768d715-4892-4445-a80c-659c7f217a26-pod-info\") pod \"test-hivemq-platform-1\" (UID: \"a768d715-4892-4445-a80c-659c7f217a26\") " pod="helmcustomconfigit/test-hivemq-platform-1"
2025-01-28 23:38:20,708 INFO c.h.h.t.HelmChartContainer - [K3S] [reconciler_common.go:251] "operationExecutor.VerifyControllerAttachedVolume started for volume \"operator-init\" (UniqueName: \"kubernetes.io/empty-dir/a768d715-4892-4445-a80c-659c7f217a26-operator-init\") pod \"test-hivemq-platform-1\" (UID: \"a768d715-4892-4445-a80c-659c7f217a26\") " pod="helmcustomconfigit/test-hivemq-platform-1"
2025-01-28 23:38:20,709 INFO c.h.h.t.HelmChartContainer - [hivemq-test-hivemq-platform] [hivemq-platform-operator] [529d9460] 23:38:20.704 [ReconcilerExecutor-hivemq-controller-116] DEBUG c.h.p.o.h.HiveMQPlatformReconcilerErrorHandler - [helmcust] Pod 'test-hivemq-platform-1' condition 'Initialized': False
2025-01-28 23:38:20,709 INFO c.h.h.t.HelmChartContainer - [hivemq-test-hivemq-platform] [hivemq-platform-operator] [529d9460] 23:38:20.705 [ReconcilerExecutor-hivemq-controller-116] DEBUG c.h.p.o.h.HiveMQPlatformReconcilerErrorHandler - [helmcust] Pod 'test-hivemq-platform-1' condition 'Ready': False
2025-01-28 23:38:20,709 INFO c.h.h.t.HelmChartContainer - [hivemq-test-hivemq-platform] [hivemq-platform-operator] [529d9460] 23:38:20.705 [ReconcilerExecutor-hivemq-controller-116] DEBUG c.h.p.o.h.HiveMQPlatformReconcilerErrorHandler - [helmcust] Pod 'test-hivemq-platform-1' condition 'ContainersReady': False
2025-01-28 23:38:20,709 INFO c.h.h.t.HelmChartContainer - [hivemq-test-hivemq-platform] [hivemq-platform-operator] [529d9460] 23:38:20.705 [ReconcilerExecutor-hivemq-controller-116] DEBUG c.h.p.o.h.HiveMQPlatformReconcilerErrorHandler - [helmcust] Pod 'test-hivemq-platform-1' condition 'PodScheduled': True
2025-01-28 23:38:20,709 INFO c.h.h.t.HelmChartContainer - [hivemq-test-hivemq-platform] [hivemq-platform-operator] [529d9460] 23:38:20.705 [ReconcilerExecutor-hivemq-controller-116] DEBUG c.h.p.o.h.HiveMQPlatformReconcilerErrorHandler - [helmcust] Pod 'test-hivemq-platform-1' containerStatus 'hivemq' (started: false) (ready: false) (waiting: [PodInitializing] null)
2025-01-28 23:38:20,709 INFO c.h.h.t.HelmChartContainer - [hivemq-test-hivemq-platform] [hivemq-platform-operator] [529d9460] 23:38:20.706 [ReconcilerExecutor-hivemq-controller-116] DEBUG c.h.p.o.h.HiveMQPlatformReconcilerErrorHandler - [helmcust] Pod 'test-hivemq-platform-0' phase Running
2025-01-28 23:38:20,709 INFO c.h.h.t.HelmChartContainer - [hivemq-test-hivemq-platform] [hivemq-platform-operator] [529d9460] 23:38:20.707 [ReconcilerExecutor-hivemq-controller-116] INFO  c.h.p.o.h.HiveMQPlatformReconcilerBaseHandler - [helmcust] HiveMQ Platform is starting, 1 of 2 replicas are ready
2025-01-28 23:38:20,793 INFO c.h.h.t.HelmChartContainer - [hivemq-test-hivemq-platform] [hivemq-platform-operator] [529d9460] 23:38:20.789 [pool-6-thread-39] DEBUG c.h.p.o.d.PlatformServiceResource - [helmcust] Desired Platform services (3 services)
2025-01-28 23:38:20,793 INFO c.h.h.t.HelmChartContainer - [hivemq-test-hivemq-platform] [hivemq-platform-operator] [529d9460] 23:38:20.790 [pool-6-thread-32] DEBUG c.h.p.o.dependants.PodInfoConfigMap - [helmcust] Desired PodInfo ConfigMap (1 extensions) (1 enabled)
2025-01-28 23:38:20,793 INFO c.h.h.t.HelmChartContainer - [hivemq-test-hivemq-platform] [hivemq-platform-operator] [529d9460] 23:38:20.790 [pool-6-thread-32] DEBUG c.h.p.o.dependants.PodInfoConfigMap - [helmcust] Desired PodInfo ConfigMap (metrics port: 9399) (metrics path: /)
2025-01-28 23:38:20,793 INFO c.h.h.t.HelmChartContainer - [hivemq-test-hivemq-platform] [hivemq-platform-operator] [529d9460] 23:38:20.790 [pool-6-thread-32] DEBUG c.h.p.o.dependants.PodInfoConfigMap - [helmcust] Desired PodInfo ConfigMap (extension state hash: -1817474005)
2025-01-28 23:38:20,793 INFO c.h.h.t.HelmChartContainer - [hivemq-test-hivemq-platform] [hivemq-platform-operator] [529d9460] 23:38:20.792 [pool-6-thread-33] DEBUG c.h.p.o.d.PodServiceAccountResource - [helmcust] Desired PodServiceAccountResource (serviceAccountName: hivemq-platform-pod-test-hivemq-platform)
2025-01-28 23:38:20,796 INFO c.h.h.t.HelmChartContainer - [hivemq-test-hivemq-platform] [hivemq-platform-operator] [529d9460] 23:38:20.795 [pool-6-thread-37] DEBUG c.h.p.o.d.StatefulSetResource - [helmcust] Desired StatefulSet (2 replicas) for status STARTING (READY)
2025-01-28 23:38:20,800 INFO c.h.h.t.HelmChartContainer - [hivemq-test-hivemq-platform] [hivemq-platform-operator] [529d9460] 23:38:20.799 [ReconcilerExecutor-hivemq-controller-117] INFO  c.h.p.o.HiveMQPlatformReconciler - [helmcust] Reconciling HiveMQ Platform 'test-hivemq-platform' in namespace 'helmcustomconfigit'
2025-01-28 23:38:20,801 INFO c.h.h.t.HelmChartContainer - [hivemq-test-hivemq-platform] [hivemq-platform-operator] [529d9460] 23:38:20.799 [ReconcilerExecutor-hivemq-controller-117] DEBUG c.h.p.o.HiveMQPlatformReconciler - [helmcust] Custom Resource Status STARTING - HiveMQ Platform is starting (READY)
2025-01-28 23:38:20,801 INFO c.h.h.t.HelmChartContainer - [hivemq-test-hivemq-platform] [hivemq-platform-operator] [529d9460] 23:38:20.799 [ReconcilerExecutor-hivemq-controller-117] DEBUG c.h.p.o.HiveMQPlatformReconciler - [helmcust] Custom Resource Spec (replicas: 2) (extensions: 1)
2025-01-28 23:38:20,871 INFO c.h.h.t.HelmChartContainer - [hivemq-test-hivemq-platform] [hivemq-platform-operator] [529d9460] 23:38:20.870 [ReconcilerExecutor-hivemq-controller-117] DEBUG c.h.p.o.HiveMQPlatformReconciler - [helmcust] StatefulSet Status (revision: test-hivemq-platform-6b448bcf6f, replicas: 2, available: 1, ready: 1, current: 2, updated: 2)
2025-01-28 23:38:20,872 INFO c.h.h.t.HelmChartContainer - [hivemq-test-hivemq-platform] [hivemq-platform-operator] [529d9460] 23:38:20.870 [ReconcilerExecutor-hivemq-controller-117] DEBUG c.h.p.o.HiveMQPlatformReconciler - [helmcust] StatefulSet Spec (replicas: 2, init containers: 1, containers: 1, volumes: 3)
2025-01-28 23:38:20,895 INFO c.h.h.t.HelmChartContainer - [hivemq-test-hivemq-platform] [hivemq-platform-operator] [529d9460] 23:38:20.891 [ReconcilerExecutor-hivemq-controller-117] DEBUG c.h.p.o.h.HiveMQPlatformReconcilerErrorHandler - [helmcust] Pod 'test-hivemq-platform-1' phase Pending
2025-01-28 23:38:20,896 INFO c.h.h.t.HelmChartContainer - [hivemq-test-hivemq-platform] [hivemq-platform-operator] [529d9460] 23:38:20.891 [ReconcilerExecutor-hivemq-controller-117] DEBUG c.h.p.o.h.HiveMQPlatformReconcilerErrorHandler - [helmcust] Pod 'test-hivemq-platform-1' condition 'PodReadyToStartContainers': False
2025-01-28 23:38:20,898 INFO c.h.h.t.HelmChartContainer - [hivemq-test-hivemq-platform] [hivemq-platform-operator] [529d9460] 23:38:20.891 [ReconcilerExecutor-hivemq-controller-117] DEBUG c.h.p.o.h.HiveMQPlatformReconcilerErrorHandler - [helmcust] Pod 'test-hivemq-platform-1' condition 'Initialized': False
2025-01-28 23:38:20,898 INFO c.h.h.t.HelmChartContainer - [hivemq-test-hivemq-platform] [hivemq-platform-operator] [529d9460] 23:38:20.891 [ReconcilerExecutor-hivemq-controller-117] DEBUG c.h.p.o.h.HiveMQPlatformReconcilerErrorHandler - [helmcust] Pod 'test-hivemq-platform-1' condition 'Ready': False
2025-01-28 23:38:20,898 INFO c.h.h.t.HelmChartContainer - [hivemq-test-hivemq-platform] [hivemq-platform-operator] [529d9460] 23:38:20.891 [ReconcilerExecutor-hivemq-controller-117] DEBUG c.h.p.o.h.HiveMQPlatformReconcilerErrorHandler - [helmcust] Pod 'test-hivemq-platform-1' condition 'ContainersReady': False
2025-01-28 23:38:20,898 INFO c.h.h.t.HelmChartContainer - [hivemq-test-hivemq-platform] [hivemq-platform-operator] [529d9460] 23:38:20.891 [ReconcilerExecutor-hivemq-controller-117] DEBUG c.h.p.o.h.HiveMQPlatformReconcilerErrorHandler - [helmcust] Pod 'test-hivemq-platform-1' condition 'PodScheduled': True
2025-01-28 23:38:20,898 INFO c.h.h.t.HelmChartContainer - [hivemq-test-hivemq-platform] [hivemq-platform-operator] [529d9460] 23:38:20.891 [ReconcilerExecutor-hivemq-controller-117] DEBUG c.h.p.o.h.HiveMQPlatformReconcilerErrorHandler - [helmcust] Pod 'test-hivemq-platform-1' containerStatus 'hivemq' (started: false) (ready: false) (waiting: [PodInitializing] null)
2025-01-28 23:38:20,898 INFO c.h.h.t.HelmChartContainer - [hivemq-test-hivemq-platform] [hivemq-platform-operator] [529d9460] 23:38:20.893 [ReconcilerExecutor-hivemq-controller-117] DEBUG c.h.p.o.h.HiveMQPlatformReconcilerErrorHandler - [helmcust] Pod 'test-hivemq-platform-0' phase Running
2025-01-28 23:38:20,898 INFO c.h.h.t.HelmChartContainer - [hivemq-test-hivemq-platform] [hivemq-platform-operator] [529d9460] 23:38:20.894 [ReconcilerExecutor-hivemq-controller-117] INFO  c.h.p.o.h.HiveMQPlatformReconcilerBaseHandler - [helmcust] HiveMQ Platform is starting, 1 of 2 replicas are ready
2025-01-28 23:38:20,980 INFO c.h.h.t.HelmChartContainer - [EVENT] Normal [Pulled] Container image "docker.io/hivemq/hivemq-platform-operator-init-test:snapshot" already present on machine [helmcustomconfigit:test-hivemq-platform-1]
2025-01-28 23:38:20,988 INFO c.h.h.t.HelmChartContainer - [EVENT] Normal [Created] Created container: hivemq-platform-operator-init [helmcustomconfigit:test-hivemq-platform-1]
2025-01-28 23:38:21,027 INFO c.h.h.t.HelmChartContainer - [EVENT] Normal [Started] Started container hivemq-platform-operator-init [helmcustomconfigit:test-hivemq-platform-1]
2025-01-28 23:38:21,484 INFO c.h.h.t.HelmChartContainer - [EVENT] Normal [Pulled] Container image "docker.io/hivemq/hivemq4:4.36.0" already present on machine [helmcustomconfigit:test-hivemq-platform-1]
2025-01-28 23:38:21,485 INFO c.h.h.t.HelmChartContainer - Received Pulled event for container hivemq in pod test-hivemq-platform-1 [a768d715-4892-4445-a80c-659c7f217a26]
2025-01-28 23:38:21,493 INFO c.h.h.t.HelmChartContainer - [POD] test-hivemq-platform-1 [a768d715-4892-4445-a80c-659c7f217a26] in helmcustomconfigit was MODIFIED
2025-01-28 23:38:21,518 INFO c.h.h.t.HelmChartContainer - [hivemq-test-hivemq-platform] [hivemq-platform-operator] [529d9460] 23:38:21.503 [pool-6-thread-44] DEBUG c.h.p.o.d.PlatformServiceResource - [helmcust] Desired Platform services (3 services)
2025-01-28 23:38:21,522 INFO c.h.h.t.HelmChartContainer - [EVENT] Normal [Created] Created container: hivemq [helmcustomconfigit:test-hivemq-platform-1]
2025-01-28 23:38:21,523 INFO c.h.h.t.HelmChartContainer - Received Created event for container hivemq in pod test-hivemq-platform-1 [a768d715-4892-4445-a80c-659c7f217a26]
2025-01-28 23:38:21,523 INFO c.h.h.t.HelmChartContainer - [hivemq-test-hivemq-platform] [hivemq-platform-operator] [529d9460] 23:38:21.508 [pool-6-thread-41] DEBUG c.h.p.o.dependants.PodInfoConfigMap - [helmcust] Desired PodInfo ConfigMap (1 extensions) (1 enabled)
2025-01-28 23:38:21,523 INFO c.h.h.t.HelmChartContainer - [hivemq-test-hivemq-platform] [hivemq-platform-operator] [529d9460] 23:38:21.508 [pool-6-thread-41] DEBUG c.h.p.o.dependants.PodInfoConfigMap - [helmcust] Desired PodInfo ConfigMap (metrics port: 9399) (metrics path: /)
2025-01-28 23:38:21,523 INFO c.h.h.t.HelmChartContainer - [hivemq-test-hivemq-platform] [hivemq-platform-operator] [529d9460] 23:38:21.508 [pool-6-thread-41] DEBUG c.h.p.o.dependants.PodInfoConfigMap - [helmcust] Desired PodInfo ConfigMap (extension state hash: -1817474005)
2025-01-28 23:38:21,523 INFO c.h.h.t.HelmChartContainer - [hivemq-test-hivemq-platform] [hivemq-platform-operator] [529d9460] 23:38:21.508 [pool-6-thread-43] DEBUG c.h.p.o.d.PodServiceAccountResource - [helmcust] Desired PodServiceAccountResource (serviceAccountName: hivemq-platform-pod-test-hivemq-platform)
2025-01-28 23:38:21,523 INFO c.h.h.t.HelmChartContainer - [hivemq-test-hivemq-platform] [hivemq-platform-operator] [529d9460] 23:38:21.515 [pool-6-thread-44] DEBUG c.h.p.o.d.StatefulSetResource - [helmcust] Desired StatefulSet (2 replicas) for status STARTING (READY)
2025-01-28 23:38:21,526 INFO c.h.h.t.HelmChartContainer - [hivemq-test-hivemq-platform] [hivemq-platform-operator] [529d9460] 23:38:21.522 [ReconcilerExecutor-hivemq-controller-118] INFO  c.h.p.o.HiveMQPlatformReconciler - [helmcust] Reconciling HiveMQ Platform 'test-hivemq-platform' in namespace 'helmcustomconfigit'
2025-01-28 23:38:21,526 INFO c.h.h.t.HelmChartContainer - [hivemq-test-hivemq-platform] [hivemq-platform-operator] [529d9460] 23:38:21.522 [ReconcilerExecutor-hivemq-controller-118] DEBUG c.h.p.o.HiveMQPlatformReconciler - [helmcust] Custom Resource Status STARTING - HiveMQ Platform is starting (READY)
2025-01-28 23:38:21,526 INFO c.h.h.t.HelmChartContainer - [hivemq-test-hivemq-platform] [hivemq-platform-operator] [529d9460] 23:38:21.522 [ReconcilerExecutor-hivemq-controller-118] DEBUG c.h.p.o.HiveMQPlatformReconciler - [helmcust] Custom Resource Spec (replicas: 2) (extensions: 1)
2025-01-28 23:38:21,592 INFO c.h.h.t.HelmChartContainer - [hivemq-test-hivemq-platform] [hivemq-platform-operator] [529d9460] 23:38:21.590 [ReconcilerExecutor-hivemq-controller-118] DEBUG c.h.p.o.HiveMQPlatformReconciler - [helmcust] StatefulSet Status (revision: test-hivemq-platform-6b448bcf6f, replicas: 2, available: 1, ready: 1, current: 2, updated: 2)
2025-01-28 23:38:21,592 INFO c.h.h.t.HelmChartContainer - [hivemq-test-hivemq-platform] [hivemq-platform-operator] [529d9460] 23:38:21.590 [ReconcilerExecutor-hivemq-controller-118] DEBUG c.h.p.o.HiveMQPlatformReconciler - [helmcust] StatefulSet Spec (replicas: 2, init containers: 1, containers: 1, volumes: 3)
2025-01-28 23:38:21,595 INFO c.h.h.t.HelmChartContainer - [hivemq-test-hivemq-platform] [hivemq-platform-operator] [529d9460] 23:38:21.592 [ReconcilerExecutor-hivemq-controller-118] DEBUG c.h.p.o.h.HiveMQPlatformReconcilerErrorHandler - [helmcust] Pod 'test-hivemq-platform-1' phase Pending
2025-01-28 23:38:21,595 INFO c.h.h.t.HelmChartContainer - [hivemq-test-hivemq-platform] [hivemq-platform-operator] [529d9460] 23:38:21.592 [ReconcilerExecutor-hivemq-controller-118] DEBUG c.h.p.o.h.HiveMQPlatformReconcilerErrorHandler - [helmcust] Pod 'test-hivemq-platform-1' condition 'PodReadyToStartContainers': True
2025-01-28 23:38:21,595 INFO c.h.h.t.HelmChartContainer - [hivemq-test-hivemq-platform] [hivemq-platform-operator] [529d9460] 23:38:21.592 [ReconcilerExecutor-hivemq-controller-118] DEBUG c.h.p.o.h.HiveMQPlatformReconcilerErrorHandler - [helmcust] Pod 'test-hivemq-platform-1' condition 'Initialized': True
2025-01-28 23:38:21,595 INFO c.h.h.t.HelmChartContainer - [hivemq-test-hivemq-platform] [hivemq-platform-operator] [529d9460] 23:38:21.592 [ReconcilerExecutor-hivemq-controller-118] DEBUG c.h.p.o.h.HiveMQPlatformReconcilerErrorHandler - [helmcust] Pod 'test-hivemq-platform-1' condition 'Ready': False
2025-01-28 23:38:21,595 INFO c.h.h.t.HelmChartContainer - [hivemq-test-hivemq-platform] [hivemq-platform-operator] [529d9460] 23:38:21.592 [ReconcilerExecutor-hivemq-controller-118] DEBUG c.h.p.o.h.HiveMQPlatformReconcilerErrorHandler - [helmcust] Pod 'test-hivemq-platform-1' condition 'ContainersReady': False
2025-01-28 23:38:21,595 INFO c.h.h.t.HelmChartContainer - [hivemq-test-hivemq-platform] [hivemq-platform-operator] [529d9460] 23:38:21.592 [ReconcilerExecutor-hivemq-controller-118] DEBUG c.h.p.o.h.HiveMQPlatformReconcilerErrorHandler - [helmcust] Pod 'test-hivemq-platform-1' condition 'PodScheduled': True
2025-01-28 23:38:21,597 INFO c.h.h.t.HelmChartContainer - [hivemq-test-hivemq-platform] [hivemq-platform-operator] [529d9460] 23:38:21.592 [ReconcilerExecutor-hivemq-controller-118] DEBUG c.h.p.o.h.HiveMQPlatformReconcilerErrorHandler - [helmcust] Pod 'test-hivemq-platform-1' containerStatus 'hivemq' (started: false) (ready: false) (waiting: [PodInitializing] null)
2025-01-28 23:38:21,597 INFO c.h.h.t.HelmChartContainer - [hivemq-test-hivemq-platform] [hivemq-platform-operator] [529d9460] 23:38:21.594 [ReconcilerExecutor-hivemq-controller-118] DEBUG c.h.p.o.h.HiveMQPlatformReconcilerErrorHandler - [helmcust] Pod 'test-hivemq-platform-0' phase Running
2025-01-28 23:38:21,599 INFO c.h.h.t.HelmChartContainer - [hivemq-test-hivemq-platform] [hivemq-platform-operator] [529d9460] 23:38:21.597 [ReconcilerExecutor-hivemq-controller-118] INFO  c.h.p.o.h.HiveMQPlatformReconcilerBaseHandler - [helmcust] HiveMQ Platform is starting, 1 of 2 replicas are ready
2025-01-28 23:38:22,495 INFO c.h.h.t.HelmChartContainer - [POD] test-hivemq-platform-1 [a768d715-4892-4445-a80c-659c7f217a26] in helmcustomconfigit was MODIFIED
2025-01-28 23:38:22,505 INFO c.h.h.t.HelmChartContainer - [EVENT] Normal [Started] Started container hivemq [helmcustomconfigit:test-hivemq-platform-1]
2025-01-28 23:38:22,505 INFO c.h.h.t.HelmChartContainer - Started log watcher for hivemq in pod test-hivemq-platform-1 [a768d715-4892-4445-a80c-659c7f217a26]
2025-01-28 23:38:22,505 INFO c.h.h.t.HelmChartContainer - [test-hivemq-platform] [hivemq] [a768d715] Adding pre-installed HiveMQ Platform Operator extensions
2025-01-28 23:38:22,505 INFO c.h.h.t.HelmChartContainer - [test-hivemq-platform] [hivemq] [a768d715] Running as user 10000
2025-01-28 23:38:22,505 INFO c.h.h.t.HelmChartContainer - [test-hivemq-platform] [hivemq] [a768d715] Starting HiveMQ Platform Operator Init
2025-01-28 23:38:22,506 INFO c.h.h.t.HelmChartContainer - Received Started event for container hivemq in pod test-hivemq-platform-1 [a768d715-4892-4445-a80c-659c7f217a26]
2025-01-28 23:38:22,509 INFO c.h.h.t.HelmChartContainer - [hivemq-test-hivemq-platform] [hivemq-platform-operator] [529d9460] 23:38:22.508 [pool-6-thread-2] DEBUG c.h.p.o.d.PlatformServiceResource - [helmcust] Desired Platform services (3 services)
2025-01-28 23:38:22,510 INFO c.h.h.t.HelmChartContainer - [hivemq-test-hivemq-platform] [hivemq-platform-operator] [529d9460] 23:38:22.509 [pool-6-thread-4] DEBUG c.h.p.o.dependants.PodInfoConfigMap - [helmcust] Desired PodInfo ConfigMap (1 extensions) (1 enabled)
2025-01-28 23:38:22,513 INFO c.h.h.t.HelmChartContainer - [hivemq-test-hivemq-platform] [hivemq-platform-operator] [529d9460] 23:38:22.509 [pool-6-thread-4] DEBUG c.h.p.o.dependants.PodInfoConfigMap - [helmcust] Desired PodInfo ConfigMap (metrics port: 9399) (metrics path: /)
2025-01-28 23:38:22,513 INFO c.h.h.t.HelmChartContainer - [hivemq-test-hivemq-platform] [hivemq-platform-operator] [529d9460] 23:38:22.509 [pool-6-thread-4] DEBUG c.h.p.o.dependants.PodInfoConfigMap - [helmcust] Desired PodInfo ConfigMap (extension state hash: -1817474005)
2025-01-28 23:38:22,513 INFO c.h.h.t.HelmChartContainer - [hivemq-test-hivemq-platform] [hivemq-platform-operator] [529d9460] 23:38:22.509 [pool-6-thread-9] DEBUG c.h.p.o.d.PodServiceAccountResource - [helmcust] Desired PodServiceAccountResource (serviceAccountName: hivemq-platform-pod-test-hivemq-platform)
2025-01-28 23:38:22,516 INFO c.h.h.t.HelmChartContainer - [hivemq-test-hivemq-platform] [hivemq-platform-operator] [529d9460] 23:38:22.515 [pool-6-thread-2] DEBUG c.h.p.o.d.StatefulSetResource - [helmcust] Desired StatefulSet (2 replicas) for status STARTING (READY)
2025-01-28 23:38:22,593 INFO c.h.h.t.HelmChartContainer - [hivemq-test-hivemq-platform] [hivemq-platform-operator] [529d9460] 23:38:22.591 [ReconcilerExecutor-hivemq-controller-119] INFO  c.h.p.o.HiveMQPlatformReconciler - [helmcust] Reconciling HiveMQ Platform 'test-hivemq-platform' in namespace 'helmcustomconfigit'
2025-01-28 23:38:22,593 INFO c.h.h.t.HelmChartContainer - [hivemq-test-hivemq-platform] [hivemq-platform-operator] [529d9460] 23:38:22.591 [ReconcilerExecutor-hivemq-controller-119] DEBUG c.h.p.o.HiveMQPlatformReconciler - [helmcust] Custom Resource Status STARTING - HiveMQ Platform is starting (READY)
2025-01-28 23:38:22,593 INFO c.h.h.t.HelmChartContainer - [hivemq-test-hivemq-platform] [hivemq-platform-operator] [529d9460] 23:38:22.591 [ReconcilerExecutor-hivemq-controller-119] DEBUG c.h.p.o.HiveMQPlatformReconciler - [helmcust] Custom Resource Spec (replicas: 2) (extensions: 1)
2025-01-28 23:38:22,595 INFO c.h.h.t.HelmChartContainer - [hivemq-test-hivemq-platform] [hivemq-platform-operator] [529d9460] 23:38:22.593 [ReconcilerExecutor-hivemq-controller-119] DEBUG c.h.p.o.HiveMQPlatformReconciler - [helmcust] StatefulSet Status (revision: test-hivemq-platform-6b448bcf6f, replicas: 2, available: 1, ready: 1, current: 2, updated: 2)
2025-01-28 23:38:22,595 INFO c.h.h.t.HelmChartContainer - [hivemq-test-hivemq-platform] [hivemq-platform-operator] [529d9460] 23:38:22.593 [ReconcilerExecutor-hivemq-controller-119] DEBUG c.h.p.o.HiveMQPlatformReconciler - [helmcust] StatefulSet Spec (replicas: 2, init containers: 1, containers: 1, volumes: 3)
2025-01-28 23:38:22,595 INFO c.h.h.t.HelmChartContainer - [hivemq-test-hivemq-platform] [hivemq-platform-operator] [529d9460] 23:38:22.594 [ReconcilerExecutor-hivemq-controller-119] DEBUG c.h.p.o.h.HiveMQPlatformReconcilerErrorHandler - [helmcust] Pod 'test-hivemq-platform-1' phase Running
2025-01-28 23:38:22,597 INFO c.h.h.t.HelmChartContainer - [hivemq-test-hivemq-platform] [hivemq-platform-operator] [529d9460] 23:38:22.595 [ReconcilerExecutor-hivemq-controller-119] DEBUG c.h.p.o.h.HiveMQPlatformReconcilerErrorHandler - [helmcust] Pod 'test-hivemq-platform-0' phase Running
2025-01-28 23:38:22,597 INFO c.h.h.t.HelmChartContainer - [hivemq-test-hivemq-platform] [hivemq-platform-operator] [529d9460] 23:38:22.596 [ReconcilerExecutor-hivemq-controller-119] INFO  c.h.p.o.h.HiveMQPlatformReconcilerBaseHandler - [helmcust] HiveMQ Platform is starting, 1 of 2 replicas are ready
2025-01-28 23:38:22,772 INFO c.h.h.t.HelmChartContainer - [test-hivemq-platform] [hivemq] [a768d715] INFO  - [HiveMQ Platform Operator Init 1.7.0-SNAPSHOT] HiveMQ Platform Operator Init 1.7.0-SNAPSHOT (commit: bebf408 on branch: HEAD) built on Sun Jan 26 20:47:47 UTC 2025
2025-01-28 23:38:23,896 INFO c.h.h.t.HelmChartContainer - [test-hivemq-platform] [hivemq] [a768d715] INFO  - [HiveMQ Platform Operator Init App 1.7.0-SNAPSHOT] Using bind address 10.42.0.12 from environment variable
2025-01-28 23:38:24,772 INFO c.h.h.t.HelmChartContainer - [test-hivemq-platform] [hivemq] [a768d715] INFO  - [HiveMQ Platform Operator Init App 1.7.0-SNAPSHOT] HiveMQ Platform Operator Init App 1.7.0-SNAPSHOT (commit: bebf408 on branch: HEAD) built on Sun Jan 26 20:47:47 UTC 2025
2025-01-28 23:38:24,773 INFO c.h.h.t.HelmChartContainer - [test-hivemq-platform] [hivemq] [a768d715] INFO  - [HiveMQ Platform Operator Init App 1.7.0-SNAPSHOT] PodInfo ConfigMap directory: /etc/podinfo
2025-01-28 23:38:24,773 INFO c.h.h.t.HelmChartContainer - [test-hivemq-platform] [hivemq] [a768d715] INFO  - [HiveMQ Platform Operator Init App 1.7.0-SNAPSHOT] HiveMQ home directory: /opt/hivemq
2025-01-28 23:38:24,773 INFO c.h.h.t.HelmChartContainer - [test-hivemq-platform] [hivemq] [a768d715] INFO  - [HiveMQ Platform Operator Init App 1.7.0-SNAPSHOT] HiveMQ Logback folder: /opt/hivemq/conf
2025-01-28 23:38:24,773 INFO c.h.h.t.HelmChartContainer - [test-hivemq-platform] [hivemq] [a768d715] INFO  - [HiveMQ Platform Operator Init App 1.7.0-SNAPSHOT] HiveMQ Config folder: /opt/hivemq/conf-k8s
2025-01-28 23:38:24,773 INFO c.h.h.t.HelmChartContainer - [test-hivemq-platform] [hivemq] [a768d715] INFO  - [HiveMQ Platform Operator Init App 1.7.0-SNAPSHOT] Starting HiveMQ Platform Operator Init App
2025-01-28 23:38:24,773 INFO c.h.h.t.HelmChartContainer - [test-hivemq-platform] [hivemq] [a768d715] INFO  - [HiveMQ Platform Operator Init App 1.7.0-SNAPSHOT] Starting Pod reconciler
2025-01-28 23:38:25,966 INFO c.h.h.t.HelmChartContainer - [test-hivemq-platform] [hivemq] [a768d715] INFO  - [HiveMQ Platform Operator Init App 1.7.0-SNAPSHOT] Pod reconciler is scheduled (interval: 5000 ms)
2025-01-28 23:38:25,967 INFO c.h.h.t.HelmChartContainer - [test-hivemq-platform] [hivemq] [a768d715] INFO  - [HiveMQ Platform Operator Init App 1.7.0-SNAPSHOT] Starting the REST API on 10.42.0.12:7979
2025-01-28 23:38:25,969 INFO c.h.h.t.HelmChartContainer - [test-hivemq-platform] [hivemq] [a768d715] INFO  - [HiveMQ Platform Operator Init App 1.7.0-SNAPSHOT] Waiting up to 600s for at most 2 HiveMQ nodes in cluster service hivemq-test-hivemq-platform-cluster.helmcustomconfigit.svc
2025-01-28 23:38:26,281 INFO c.h.h.t.HelmChartContainer - [test-hivemq-platform] [hivemq] [a768d715] INFO  - [HiveMQ Platform Operator Init App 1.7.0-SNAPSHOT] Resolved 2 IP addresses: [10.42.0.12, 10.42.0.11]
2025-01-28 23:38:26,281 INFO c.h.h.t.HelmChartContainer - [test-hivemq-platform] [hivemq] [a768d715] INFO  - [HiveMQ Platform Operator Init App 1.7.0-SNAPSHOT] HiveMQ node count of 2 is within threshold of 2
2025-01-28 23:38:26,282 INFO c.h.h.t.HelmChartContainer - [test-hivemq-platform] [hivemq] [a768d715] INFO  - [HiveMQ Platform Operator Init App 1.7.0-SNAPSHOT] Proceeding with container start
2025-01-28 23:38:26,381 INFO c.h.h.t.HelmChartContainer - [test-hivemq-platform] [hivemq] [a768d715] INFO  - [HiveMQ Platform Operator Init App 1.7.0-SNAPSHOT] Initializing HiveMQ Platform extensions with initial configuration: {hivemq-allow-all-extension={start-priority=-1, skip-https-hostname-verification=false, restart=true, config-version=0, header-version=0, c-uri=, priority=-1, uri=preinstalled, skip-https-certificate-validation=false, enabled=true}, hivemq-prometheus-extension={enabled=true, request-header-path=no-request-headers, uri=preinstalled, skip-https-certificate-validation=false, skip-https-hostname-verification=false, c-uri=, start-priority=-1, priority=-1, restart=true}}
2025-01-28 23:38:26,861 INFO c.h.h.t.HelmChartContainer - [test-hivemq-platform] [hivemq] [a768d715] INFO  - [HiveMQ Platform Operator Init App 1.7.0-SNAPSHOT] Extension hivemq-allow-all-extension was already enabled
2025-01-28 23:38:26,870 INFO c.h.h.t.HelmChartContainer - [test-hivemq-platform] [hivemq] [a768d715] INFO  - [HiveMQ Platform Operator Init App 1.7.0-SNAPSHOT] Successfully enabled extension hivemq-prometheus-extension
2025-01-28 23:38:26,871 INFO c.h.h.t.HelmChartContainer - [test-hivemq-platform] [hivemq] [a768d715] INFO  - [HiveMQ Platform Operator Init App 1.7.0-SNAPSHOT] Starting HiveMQ Platform version 4.36.0 (4.36.0)
2025-01-28 23:38:26,871 INFO c.h.h.t.HelmChartContainer - [test-hivemq-platform] [hivemq] [a768d715] INFO  - [HiveMQ Platform Operator Init App 1.7.0-SNAPSHOT] Configuring the HiveMQ Platform
2025-01-28 23:38:26,961 INFO c.h.h.t.HelmChartContainer - [test-hivemq-platform] [hivemq] [a768d715] INFO  - [HiveMQ Platform Operator Init App 1.7.0-SNAPSHOT] Changed logback.xml file scan period to 20 seconds
2025-01-28 23:38:26,972 INFO c.h.h.t.HelmChartContainer - [test-hivemq-platform] [hivemq] [a768d715] INFO  - [HiveMQ Platform Operator Init App 1.7.0-SNAPSHOT] Starting the HiveMQ Platform
2025-01-28 23:38:26,974 INFO c.h.h.t.HelmChartContainer - [test-hivemq-platform] [hivemq] [a768d715] -------------------------------------------------------------------------
2025-01-28 23:38:26,975 INFO c.h.h.t.HelmChartContainer - [test-hivemq-platform] [hivemq] [a768d715] 
2025-01-28 23:38:26,975 INFO c.h.h.t.HelmChartContainer - [test-hivemq-platform] [hivemq] [a768d715]                   _    _  _              __  __   ____
2025-01-28 23:38:26,975 INFO c.h.h.t.HelmChartContainer - [test-hivemq-platform] [hivemq] [a768d715]                  | |  | |(_)            |  \/  | / __ \
2025-01-28 23:38:26,975 INFO c.h.h.t.HelmChartContainer - [test-hivemq-platform] [hivemq] [a768d715]                  | |__| | _ __   __ ___ | \  / || |  | |
2025-01-28 23:38:26,975 INFO c.h.h.t.HelmChartContainer - [test-hivemq-platform] [hivemq] [a768d715]                  |  __  || |\ \ / // _ \| |\/| || |  | |
2025-01-28 23:38:26,975 INFO c.h.h.t.HelmChartContainer - [test-hivemq-platform] [hivemq] [a768d715]                  | |  | || | \ V /|  __/| |  | || |__| |
2025-01-28 23:38:26,975 INFO c.h.h.t.HelmChartContainer - [test-hivemq-platform] [hivemq] [a768d715]                  |_|  |_||_|  \_/  \___||_|  |_| \___\_\
2025-01-28 23:38:26,975 INFO c.h.h.t.HelmChartContainer - [test-hivemq-platform] [hivemq] [a768d715] 
2025-01-28 23:38:26,975 INFO c.h.h.t.HelmChartContainer - [test-hivemq-platform] [hivemq] [a768d715] -------------------------------------------------------------------------
2025-01-28 23:38:26,975 INFO c.h.h.t.HelmChartContainer - [test-hivemq-platform] [hivemq] [a768d715] 
2025-01-28 23:38:26,976 INFO c.h.h.t.HelmChartContainer - [test-hivemq-platform] [hivemq] [a768d715]   HiveMQ Start Script for Linux/Unix v1.14
2025-01-28 23:38:26,976 INFO c.h.h.t.HelmChartContainer - [test-hivemq-platform] [hivemq] [a768d715] 
2025-01-28 23:38:27,089 INFO c.h.h.t.HelmChartContainer - [test-hivemq-platform] [hivemq] [a768d715] -------------------------------------------------------------------------
2025-01-28 23:38:27,090 INFO c.h.h.t.HelmChartContainer - [test-hivemq-platform] [hivemq] [a768d715] 
2025-01-28 23:38:27,090 INFO c.h.h.t.HelmChartContainer - [test-hivemq-platform] [hivemq] [a768d715]   HIVEMQ_HOME: /opt/hivemq
2025-01-28 23:38:27,090 INFO c.h.h.t.HelmChartContainer - [test-hivemq-platform] [hivemq] [a768d715] 
2025-01-28 23:38:27,090 INFO c.h.h.t.HelmChartContainer - [test-hivemq-platform] [hivemq] [a768d715]   JAVA_OPTS: -XX:+UnlockExperimentalVMOptions -XX:InitialRAMPercentage=50 -XX:MaxRAMPercentage=50 -Djava.net.preferIPv4Stack=true --add-opens java.base/java.lang=ALL-UNNAMED --add-opens java.base/java.nio=ALL-UNNAMED --add-opens java.base/sun.nio.ch=ALL-UNNAMED --add-opens jdk.management/com.sun.management.internal=ALL-UNNAMED --add-exports java.base/jdk.internal.misc=ALL-UNNAMED -Djava.security.egd=file:/dev/./urandom -Dcom.sun.management.jmxremote -Dcom.sun.management.jmxremote.port=9010 -Dcom.sun.management.jmxremote.local.only=false -Dcom.sun.management.jmxremote.authenticate=false -Dcom.sun.management.jmxremote.ssl=false -Duser.language=en -Duser.region=US -XX:+CrashOnOutOfMemoryError -XX:+HeapDumpOnOutOfMemoryError
2025-01-28 23:38:27,090 INFO c.h.h.t.HelmChartContainer - [test-hivemq-platform] [hivemq] [a768d715] 
2025-01-28 23:38:27,090 INFO c.h.h.t.HelmChartContainer - [test-hivemq-platform] [hivemq] [a768d715]   JAVA_VERSION: 21
2025-01-28 23:38:27,090 INFO c.h.h.t.HelmChartContainer - [test-hivemq-platform] [hivemq] [a768d715] 
2025-01-28 23:38:27,090 INFO c.h.h.t.HelmChartContainer - [test-hivemq-platform] [hivemq] [a768d715] -------------------------------------------------------------------------
2025-01-28 23:38:27,090 INFO c.h.h.t.HelmChartContainer - [test-hivemq-platform] [hivemq] [a768d715] 
2025-01-28 23:38:28,572 INFO c.h.h.t.HelmChartContainer - [test-hivemq-platform] [hivemq] [a768d715] INFO  - [HiveMQ Platform Operator Init App 1.7.0-SNAPSHOT] Returning default Health API response 503 for readiness
2025-01-28 23:38:28,871 INFO c.h.h.t.HelmChartContainer - [EVENT] Warning [Unhealthy] Readiness probe failed: HTTP probe failed with statuscode: 503 [helmcustomconfigit:test-hivemq-platform-1]
2025-01-28 23:38:28,871 INFO c.h.h.t.HelmChartContainer - Received Unhealthy event for container hivemq in pod test-hivemq-platform-1 [a768d715-4892-4445-a80c-659c7f217a26]
2025-01-28 23:38:29,767 INFO c.h.h.t.HelmChartContainer - [test-hivemq-platform] [hivemq] [a768d715] INFO  - Starting HiveMQ Enterprise Server
2025-01-28 23:38:29,774 INFO c.h.h.t.HelmChartContainer - [test-hivemq-platform] [hivemq] [a768d715] INFO  - HiveMQ version: 4.36.0
2025-01-28 23:38:29,774 INFO c.h.h.t.HelmChartContainer - [test-hivemq-platform] [hivemq] [a768d715] INFO  - HiveMQ home directory: /opt/hivemq
2025-01-28 23:38:29,775 INFO c.h.h.t.HelmChartContainer - [test-hivemq-platform] [hivemq] [a768d715] INFO  - Log Configuration was overridden by /opt/hivemq/conf/logback.xml
2025-01-28 23:38:30,587 INFO c.h.h.t.HelmChartContainer - [K3S] [INFO] COMPACT compactRev=0 targetCompactRev=2 currentRev=1196
2025-01-28 23:38:30,587 INFO c.h.h.t.HelmChartContainer - [K3S] [INFO] COMPACT deleted 0 rows from 2 revisions in 437.04µs - compacted to 2/1196
2025-01-28 23:38:30,587 INFO c.h.h.t.HelmChartContainer - [K3S] [INFO] COMPACT compacted from 0 to 2 in 1 transactions over 1ms
2025-01-28 23:38:30,888 INFO c.h.h.t.HelmChartContainer - [test-hivemq-platform] [hivemq] [a768d715] INFO  - Successfully loaded configuration from '/opt/hivemq/conf-k8s/config.xml'.
2025-01-28 23:38:31,764 INFO c.h.h.t.HelmChartContainer - [test-hivemq-platform] [hivemq] [a768d715] INFO  - This node's ID is V3p0U
2025-01-28 23:38:31,764 INFO c.h.h.t.HelmChartContainer - [test-hivemq-platform] [hivemq] [a768d715] INFO  - Clustering is enabled
2025-01-28 23:38:32,602 INFO c.h.h.t.HelmChartContainer - [hivemq-test-hivemq-platform] [hivemq-platform-operator] [529d9460] 23:38:32.599 [pool-6-thread-17] DEBUG c.h.p.o.d.PlatformServiceResource - [helmcust] Desired Platform services (3 services)
2025-01-28 23:38:32,602 INFO c.h.h.t.HelmChartContainer - [hivemq-test-hivemq-platform] [hivemq-platform-operator] [529d9460] 23:38:32.600 [pool-6-thread-12] DEBUG c.h.p.o.d.PodServiceAccountResource - [helmcust] Desired PodServiceAccountResource (serviceAccountName: hivemq-platform-pod-test-hivemq-platform)
2025-01-28 23:38:32,602 INFO c.h.h.t.HelmChartContainer - [hivemq-test-hivemq-platform] [hivemq-platform-operator] [529d9460] 23:38:32.600 [pool-6-thread-15] DEBUG c.h.p.o.dependants.PodInfoConfigMap - [helmcust] Desired PodInfo ConfigMap (1 extensions) (1 enabled)
2025-01-28 23:38:32,602 INFO c.h.h.t.HelmChartContainer - [hivemq-test-hivemq-platform] [hivemq-platform-operator] [529d9460] 23:38:32.600 [pool-6-thread-15] DEBUG c.h.p.o.dependants.PodInfoConfigMap - [helmcust] Desired PodInfo ConfigMap (metrics port: 9399) (metrics path: /)
2025-01-28 23:38:32,602 INFO c.h.h.t.HelmChartContainer - [hivemq-test-hivemq-platform] [hivemq-platform-operator] [529d9460] 23:38:32.600 [pool-6-thread-15] DEBUG c.h.p.o.dependants.PodInfoConfigMap - [helmcust] Desired PodInfo ConfigMap (extension state hash: -1817474005)
2025-01-28 23:38:32,604 INFO c.h.h.t.HelmChartContainer - [hivemq-test-hivemq-platform] [hivemq-platform-operator] [529d9460] 23:38:32.603 [pool-6-thread-12] DEBUG c.h.p.o.d.StatefulSetResource - [helmcust] Desired StatefulSet (2 replicas) for status STARTING (READY)
2025-01-28 23:38:32,607 INFO c.h.h.t.HelmChartContainer - [hivemq-test-hivemq-platform] [hivemq-platform-operator] [529d9460] 23:38:32.606 [ReconcilerExecutor-hivemq-controller-120] INFO  c.h.p.o.HiveMQPlatformReconciler - [helmcust] Reconciling HiveMQ Platform 'test-hivemq-platform' in namespace 'helmcustomconfigit'
2025-01-28 23:38:32,608 INFO c.h.h.t.HelmChartContainer - [hivemq-test-hivemq-platform] [hivemq-platform-operator] [529d9460] 23:38:32.606 [ReconcilerExecutor-hivemq-controller-120] DEBUG c.h.p.o.HiveMQPlatformReconciler - [helmcust] Custom Resource Status STARTING - HiveMQ Platform is starting (READY)
2025-01-28 23:38:32,608 INFO c.h.h.t.HelmChartContainer - [hivemq-test-hivemq-platform] [hivemq-platform-operator] [529d9460] 23:38:32.606 [ReconcilerExecutor-hivemq-controller-120] DEBUG c.h.p.o.HiveMQPlatformReconciler - [helmcust] Custom Resource Spec (replicas: 2) (extensions: 1)
2025-01-28 23:38:32,608 INFO c.h.h.t.HelmChartContainer - [hivemq-test-hivemq-platform] [hivemq-platform-operator] [529d9460] 23:38:32.607 [ReconcilerExecutor-hivemq-controller-120] DEBUG c.h.p.o.HiveMQPlatformReconciler - [helmcust] StatefulSet Status (revision: test-hivemq-platform-6b448bcf6f, replicas: 2, available: 1, ready: 1, current: 2, updated: 2)
2025-01-28 23:38:32,610 INFO c.h.h.t.HelmChartContainer - [hivemq-test-hivemq-platform] [hivemq-platform-operator] [529d9460] 23:38:32.607 [ReconcilerExecutor-hivemq-controller-120] DEBUG c.h.p.o.HiveMQPlatformReconciler - [helmcust] StatefulSet Spec (replicas: 2, init containers: 1, containers: 1, volumes: 3)
2025-01-28 23:38:32,610 INFO c.h.h.t.HelmChartContainer - [hivemq-test-hivemq-platform] [hivemq-platform-operator] [529d9460] 23:38:32.608 [ReconcilerExecutor-hivemq-controller-120] DEBUG c.h.p.o.h.HiveMQPlatformReconcilerErrorHandler - [helmcust] Pod 'test-hivemq-platform-1' phase Running
2025-01-28 23:38:32,610 INFO c.h.h.t.HelmChartContainer - [hivemq-test-hivemq-platform] [hivemq-platform-operator] [529d9460] 23:38:32.609 [ReconcilerExecutor-hivemq-controller-120] DEBUG c.h.p.o.h.HiveMQPlatformReconcilerErrorHandler - [helmcust] Pod 'test-hivemq-platform-0' phase Running
2025-01-28 23:38:32,611 INFO c.h.h.t.HelmChartContainer - [hivemq-test-hivemq-platform] [hivemq-platform-operator] [529d9460] 23:38:32.610 [ReconcilerExecutor-hivemq-controller-120] INFO  c.h.p.o.h.HiveMQPlatformReconcilerBaseHandler - [helmcust] HiveMQ Platform is starting, 1 of 2 replicas are ready
2025-01-28 23:38:33,864 INFO c.h.h.t.HelmChartContainer - [test-hivemq-platform] [hivemq] [a768d715] WARN  - [HiveMQ Platform Operator Init App 1.7.0-SNAPSHOT] Cannot connect to Health API for readiness: null
2025-01-28 23:38:33,870 INFO c.h.h.t.HelmChartContainer - [EVENT] Warning [Unhealthy] Readiness probe failed: HTTP probe failed with statuscode: 503 [helmcustomconfigit:test-hivemq-platform-1]
2025-01-28 23:38:33,870 INFO c.h.h.t.HelmChartContainer - Received Unhealthy event for container hivemq in pod test-hivemq-platform-1 [a768d715-4892-4445-a80c-659c7f217a26]
2025-01-28 23:38:34,051 INFO c.h.h.t.HelmChartContainer - [K3S] [info.go:53] Couldn't collect info from any of the files in "/etc/machine-id,/var/lib/dbus/machine-id"
2025-01-28 23:38:35,930 INFO c.h.h.t.HelmChartContainer - [test-hivemq-platform] [hivemq] [c4a99efe] INFO  - [HiveMQ Platform Operator Init App 1.7.0-SNAPSHOT] Returning Health API response 200 for liveness
2025-01-28 23:38:36,261 INFO c.h.h.t.HelmChartContainer - [test-hivemq-platform] [hivemq] [a768d715] Jan 28, 2025 11:38:36 PM io.vertx.core.impl.BlockedThreadChecker
2025-01-28 23:38:36,261 INFO c.h.h.t.HelmChartContainer - [test-hivemq-platform] [hivemq] [a768d715] WARNING: Thread Thread[vert.x-eventloop-thread-1,5,main] has been blocked for 2504 ms, time limit is 2000 ms
2025-01-28 23:38:36,769 INFO c.h.h.t.HelmChartContainer - [test-hivemq-platform] [hivemq] [a768d715] INFO  - [HiveMQ Platform Operator Init App 1.7.0-SNAPSHOT] Updating Pod HiveMQ Platform Operator Init App version annotation (version: 1.7.0-SNAPSHOT)
2025-01-28 23:38:37,381 INFO c.h.h.t.HelmChartContainer - [POD] test-hivemq-platform-1 [a768d715-4892-4445-a80c-659c7f217a26] in helmcustomconfigit was MODIFIED
2025-01-28 23:38:37,386 INFO c.h.h.t.HelmChartContainer - [hivemq-test-hivemq-platform] [hivemq-platform-operator] [529d9460] 23:38:37.383 [pool-6-thread-23] DEBUG c.h.p.o.d.PlatformServiceResource - [helmcust] Desired Platform services (3 services)
2025-01-28 23:38:37,386 INFO c.h.h.t.HelmChartContainer - [hivemq-test-hivemq-platform] [hivemq-platform-operator] [529d9460] 23:38:37.385 [pool-6-thread-24] DEBUG c.h.p.o.d.PodServiceAccountResource - [helmcust] Desired PodServiceAccountResource (serviceAccountName: hivemq-platform-pod-test-hivemq-platform)
2025-01-28 23:38:37,387 INFO c.h.h.t.HelmChartContainer - [hivemq-test-hivemq-platform] [hivemq-platform-operator] [529d9460] 23:38:37.385 [pool-6-thread-28] DEBUG c.h.p.o.dependants.PodInfoConfigMap - [helmcust] Desired PodInfo ConfigMap (1 extensions) (1 enabled)
2025-01-28 23:38:37,387 INFO c.h.h.t.HelmChartContainer - [hivemq-test-hivemq-platform] [hivemq-platform-operator] [529d9460] 23:38:37.385 [pool-6-thread-28] DEBUG c.h.p.o.dependants.PodInfoConfigMap - [helmcust] Desired PodInfo ConfigMap (metrics port: 9399) (metrics path: /)
2025-01-28 23:38:37,388 INFO c.h.h.t.HelmChartContainer - [hivemq-test-hivemq-platform] [hivemq-platform-operator] [529d9460] 23:38:37.385 [pool-6-thread-28] DEBUG c.h.p.o.dependants.PodInfoConfigMap - [helmcust] Desired PodInfo ConfigMap (extension state hash: -1817474005)
2025-01-28 23:38:37,390 INFO c.h.h.t.HelmChartContainer - [hivemq-test-hivemq-platform] [hivemq-platform-operator] [529d9460] 23:38:37.390 [pool-6-thread-23] DEBUG c.h.p.o.d.StatefulSetResource - [helmcust] Desired StatefulSet (2 replicas) for status STARTING (READY)
2025-01-28 23:38:37,394 INFO c.h.h.t.HelmChartContainer - [hivemq-test-hivemq-platform] [hivemq-platform-operator] [529d9460] 23:38:37.393 [ReconcilerExecutor-hivemq-controller-121] INFO  c.h.p.o.HiveMQPlatformReconciler - [helmcust] Reconciling HiveMQ Platform 'test-hivemq-platform' in namespace 'helmcustomconfigit'
2025-01-28 23:38:37,394 INFO c.h.h.t.HelmChartContainer - [hivemq-test-hivemq-platform] [hivemq-platform-operator] [529d9460] 23:38:37.393 [ReconcilerExecutor-hivemq-controller-121] DEBUG c.h.p.o.HiveMQPlatformReconciler - [helmcust] Custom Resource Status STARTING - HiveMQ Platform is starting (READY)
2025-01-28 23:38:37,395 INFO c.h.h.t.HelmChartContainer - [hivemq-test-hivemq-platform] [hivemq-platform-operator] [529d9460] 23:38:37.393 [ReconcilerExecutor-hivemq-controller-121] DEBUG c.h.p.o.HiveMQPlatformReconciler - [helmcust] Custom Resource Spec (replicas: 2) (extensions: 1)
2025-01-28 23:38:37,395 INFO c.h.h.t.HelmChartContainer - [hivemq-test-hivemq-platform] [hivemq-platform-operator] [529d9460] 23:38:37.394 [ReconcilerExecutor-hivemq-controller-121] DEBUG c.h.p.o.HiveMQPlatformReconciler - [helmcust] StatefulSet Status (revision: test-hivemq-platform-6b448bcf6f, replicas: 2, available: 1, ready: 1, current: 2, updated: 2)
2025-01-28 23:38:37,396 INFO c.h.h.t.HelmChartContainer - [hivemq-test-hivemq-platform] [hivemq-platform-operator] [529d9460] 23:38:37.394 [ReconcilerExecutor-hivemq-controller-121] DEBUG c.h.p.o.HiveMQPlatformReconciler - [helmcust] StatefulSet Spec (replicas: 2, init containers: 1, containers: 1, volumes: 3)
2025-01-28 23:38:37,397 INFO c.h.h.t.HelmChartContainer - [hivemq-test-hivemq-platform] [hivemq-platform-operator] [529d9460] 23:38:37.396 [ReconcilerExecutor-hivemq-controller-121] DEBUG c.h.p.o.h.HiveMQPlatformReconcilerErrorHandler - [helmcust] Pod 'test-hivemq-platform-1' phase Running
2025-01-28 23:38:37,398 INFO c.h.h.t.HelmChartContainer - [hivemq-test-hivemq-platform] [hivemq-platform-operator] [529d9460] 23:38:37.397 [ReconcilerExecutor-hivemq-controller-121] DEBUG c.h.p.o.h.HiveMQPlatformReconcilerErrorHandler - [helmcust] Pod 'test-hivemq-platform-0' phase Running
2025-01-28 23:38:37,399 INFO c.h.h.t.HelmChartContainer - [hivemq-test-hivemq-platform] [hivemq-platform-operator] [529d9460] 23:38:37.398 [ReconcilerExecutor-hivemq-controller-121] INFO  c.h.p.o.h.HiveMQPlatformReconcilerBaseHandler - [helmcust] HiveMQ Platform is starting, 1 of 2 replicas are ready
2025-01-28 23:38:37,466 INFO c.h.h.t.HelmChartContainer - [test-hivemq-platform] [hivemq] [a768d715] WARN  - [HiveMQ Platform Operator Init App 1.7.0-SNAPSHOT] Cannot connect to Health API for readiness: null
2025-01-28 23:38:37,468 INFO c.h.h.t.HelmChartContainer - [test-hivemq-platform] [hivemq] [a768d715] INFO  - [HiveMQ Platform Operator Init App 1.7.0-SNAPSHOT] Successfully updated Pod HiveMQ Platform Operator Init App version annotation (version: 1.7.0-SNAPSHOT)
2025-01-28 23:38:37,473 INFO c.h.h.t.HelmChartContainer - [EVENT] Warning [Unhealthy] Readiness probe failed: HTTP probe failed with statuscode: 503 [helmcustomconfigit:test-hivemq-platform-1]
2025-01-28 23:38:37,473 INFO c.h.h.t.HelmChartContainer - Received Unhealthy event for container hivemq in pod test-hivemq-platform-1 [a768d715-4892-4445-a80c-659c7f217a26]
2025-01-28 23:38:42,385 INFO c.h.h.t.HelmChartContainer - [test-hivemq-platform] [hivemq] [a768d715] WARN  - [HiveMQ Platform Operator Init App 1.7.0-SNAPSHOT] Cannot connect to Health API for readiness: null
2025-01-28 23:38:42,388 INFO c.h.h.t.HelmChartContainer - [EVENT] Warning [Unhealthy] Readiness probe failed: HTTP probe failed with statuscode: 503 [helmcustomconfigit:test-hivemq-platform-1]
2025-01-28 23:38:42,388 INFO c.h.h.t.HelmChartContainer - Received Unhealthy event for container hivemq in pod test-hivemq-platform-1 [a768d715-4892-4445-a80c-659c7f217a26]
2025-01-28 23:38:47,402 INFO c.h.h.t.HelmChartContainer - [hivemq-test-hivemq-platform] [hivemq-platform-operator] [529d9460] 23:38:47.400 [pool-6-thread-36] DEBUG c.h.p.o.d.PlatformServiceResource - [helmcust] Desired Platform services (3 services)
2025-01-28 23:38:47,403 INFO c.h.h.t.HelmChartContainer - [hivemq-test-hivemq-platform] [hivemq-platform-operator] [529d9460] 23:38:47.401 [pool-6-thread-32] DEBUG c.h.p.o.d.PodServiceAccountResource - [helmcust] Desired PodServiceAccountResource (serviceAccountName: hivemq-platform-pod-test-hivemq-platform)
2025-01-28 23:38:47,404 INFO c.h.h.t.HelmChartContainer - [hivemq-test-hivemq-platform] [hivemq-platform-operator] [529d9460] 23:38:47.402 [pool-6-thread-34] DEBUG c.h.p.o.dependants.PodInfoConfigMap - [helmcust] Desired PodInfo ConfigMap (1 extensions) (1 enabled)
2025-01-28 23:38:47,404 INFO c.h.h.t.HelmChartContainer - [hivemq-test-hivemq-platform] [hivemq-platform-operator] [529d9460] 23:38:47.402 [pool-6-thread-34] DEBUG c.h.p.o.dependants.PodInfoConfigMap - [helmcust] Desired PodInfo ConfigMap (metrics port: 9399) (metrics path: /)
2025-01-28 23:38:47,404 INFO c.h.h.t.HelmChartContainer - [hivemq-test-hivemq-platform] [hivemq-platform-operator] [529d9460] 23:38:47.402 [pool-6-thread-34] DEBUG c.h.p.o.dependants.PodInfoConfigMap - [helmcust] Desired PodInfo ConfigMap (extension state hash: -1817474005)
2025-01-28 23:38:47,407 INFO c.h.h.t.HelmChartContainer - [hivemq-test-hivemq-platform] [hivemq-platform-operator] [529d9460] 23:38:47.406 [pool-6-thread-36] DEBUG c.h.p.o.d.StatefulSetResource - [helmcust] Desired StatefulSet (2 replicas) for status STARTING (READY)
2025-01-28 23:38:47,413 INFO c.h.h.t.HelmChartContainer - [hivemq-test-hivemq-platform] [hivemq-platform-operator] [529d9460] 23:38:47.409 [ReconcilerExecutor-hivemq-controller-122] INFO  c.h.p.o.HiveMQPlatformReconciler - [helmcust] Reconciling HiveMQ Platform 'test-hivemq-platform' in namespace 'helmcustomconfigit'
2025-01-28 23:38:47,413 INFO c.h.h.t.HelmChartContainer - [hivemq-test-hivemq-platform] [hivemq-platform-operator] [529d9460] 23:38:47.409 [ReconcilerExecutor-hivemq-controller-122] DEBUG c.h.p.o.HiveMQPlatformReconciler - [helmcust] Custom Resource Status STARTING - HiveMQ Platform is starting (READY)
2025-01-28 23:38:47,413 INFO c.h.h.t.HelmChartContainer - [hivemq-test-hivemq-platform] [hivemq-platform-operator] [529d9460] 23:38:47.409 [ReconcilerExecutor-hivemq-controller-122] DEBUG c.h.p.o.HiveMQPlatformReconciler - [helmcust] Custom Resource Spec (replicas: 2) (extensions: 1)
2025-01-28 23:38:47,413 INFO c.h.h.t.HelmChartContainer - [hivemq-test-hivemq-platform] [hivemq-platform-operator] [529d9460] 23:38:47.411 [ReconcilerExecutor-hivemq-controller-122] DEBUG c.h.p.o.HiveMQPlatformReconciler - [helmcust] StatefulSet Status (revision: test-hivemq-platform-6b448bcf6f, replicas: 2, available: 1, ready: 1, current: 2, updated: 2)
2025-01-28 23:38:47,413 INFO c.h.h.t.HelmChartContainer - [hivemq-test-hivemq-platform] [hivemq-platform-operator] [529d9460] 23:38:47.411 [ReconcilerExecutor-hivemq-controller-122] DEBUG c.h.p.o.HiveMQPlatformReconciler - [helmcust] StatefulSet Spec (replicas: 2, init containers: 1, containers: 1, volumes: 3)
2025-01-28 23:38:47,413 INFO c.h.h.t.HelmChartContainer - [hivemq-test-hivemq-platform] [hivemq-platform-operator] [529d9460] 23:38:47.412 [ReconcilerExecutor-hivemq-controller-122] DEBUG c.h.p.o.h.HiveMQPlatformReconcilerErrorHandler - [helmcust] Pod 'test-hivemq-platform-1' phase Running
2025-01-28 23:38:47,414 INFO c.h.h.t.HelmChartContainer - [hivemq-test-hivemq-platform] [hivemq-platform-operator] [529d9460] 23:38:47.413 [ReconcilerExecutor-hivemq-controller-122] DEBUG c.h.p.o.h.HiveMQPlatformReconcilerErrorHandler - [helmcust] Pod 'test-hivemq-platform-0' phase Running
2025-01-28 23:38:47,415 INFO c.h.h.t.HelmChartContainer - [hivemq-test-hivemq-platform] [hivemq-platform-operator] [529d9460] 23:38:47.413 [ReconcilerExecutor-hivemq-controller-122] INFO  c.h.p.o.h.HiveMQPlatformReconcilerBaseHandler - [helmcust] HiveMQ Platform is starting, 1 of 2 replicas are ready
2025-01-28 23:38:47,466 INFO c.h.h.t.HelmChartContainer - [test-hivemq-platform] [hivemq] [a768d715] WARN  - [HiveMQ Platform Operator Init App 1.7.0-SNAPSHOT] Cannot connect to Health API for readiness: null
2025-01-28 23:38:47,472 INFO c.h.h.t.HelmChartContainer - [EVENT] Warning [Unhealthy] Readiness probe failed: HTTP probe failed with statuscode: 503 [helmcustomconfigit:test-hivemq-platform-1]
2025-01-28 23:38:47,472 INFO c.h.h.t.HelmChartContainer - Received Unhealthy event for container hivemq in pod test-hivemq-platform-1 [a768d715-4892-4445-a80c-659c7f217a26]
2025-01-28 23:38:48,263 INFO c.h.h.t.HelmChartContainer - [test-hivemq-platform] [hivemq] [a768d715] INFO  - No valid license file found. Using trial license, restricted to 25 connections.
2025-01-28 23:38:50,960 INFO c.h.h.t.HelmChartContainer - [test-hivemq-platform] [hivemq] [a768d715] WARN  - [HiveMQ Platform Operator Init App 1.7.0-SNAPSHOT] Cannot connect to Health API for liveness: null
2025-01-28 23:38:50,960 INFO c.h.h.t.HelmChartContainer - [test-hivemq-platform] [hivemq] [a768d715] INFO  - [HiveMQ Platform Operator Init App 1.7.0-SNAPSHOT] Returning default Health API response 200 for liveness
2025-01-28 23:38:52,464 INFO c.h.h.t.HelmChartContainer - [test-hivemq-platform] [hivemq] [a768d715] WARN  - [HiveMQ Platform Operator Init App 1.7.0-SNAPSHOT] Cannot connect to Health API for readiness: null
2025-01-28 23:38:52,469 INFO c.h.h.t.HelmChartContainer - [EVENT] Warning [Unhealthy] Readiness probe failed: HTTP probe failed with statuscode: 503 [helmcustomconfigit:test-hivemq-platform-1]
2025-01-28 23:38:52,469 INFO c.h.h.t.HelmChartContainer - Received Unhealthy event for container hivemq in pod test-hivemq-platform-1 [a768d715-4892-4445-a80c-659c7f217a26]
2025-01-28 23:38:52,473 INFO c.h.h.t.HelmChartContainer - [test-hivemq-platform] [hivemq] [a768d715] INFO  - No valid license file for Data Hub found. Using free license, restricted to 1 policy.
2025-01-28 23:38:53,767 INFO c.h.h.t.HelmChartContainer - [test-hivemq-platform] [hivemq] [a768d715] INFO  - Audit Logger started.
2025-01-28 23:38:53,998 INFO c.h.h.t.HelmChartContainer - [test-hivemq-platform] [hivemq] [a768d715] INFO  - This node uses '1' CPU cores.
2025-01-28 23:38:54,059 INFO c.h.h.t.HelmChartContainer - [test-hivemq-platform] [hivemq] [a768d715] INFO  - Starting HiveMQ Health API on address 0.0.0.0 and port 8889
2025-01-28 23:38:54,861 INFO c.h.h.t.HelmChartContainer - [test-hivemq-platform] [hivemq] [a768d715] INFO  - Started HiveMQ Health API in 802ms
2025-01-28 23:38:55,377 INFO c.h.h.t.HelmChartContainer - [test-hivemq-platform] [hivemq] [a768d715] INFO  - Starting HiveMQ extension system.
2025-01-28 23:38:55,573 INFO c.h.h.t.HelmChartContainer - [test-hivemq-platform] [hivemq] [a768d715] INFO  - Starting extension with id "hivemq-dns-cluster-discovery" at /opt/hivemq/extensions/hivemq-dns-cluster-discovery
2025-01-28 23:38:56,064 INFO c.h.h.t.HelmChartContainer - [test-hivemq-platform] [hivemq] [a768d715] INFO  - Using TCP cluster transport on address 10.42.0.12 and port 7000
2025-01-28 23:38:56,068 INFO c.h.h.t.HelmChartContainer - [test-hivemq-platform] [hivemq] [a768d715] INFO  - Using extension cluster discovery
2025-01-28 23:38:56,273 INFO c.h.h.t.HelmChartContainer - [test-hivemq-platform] [hivemq] [a768d715] INFO  - Extension "DNS Cluster Discovery Extension" version 4.3.2 started successfully.
2025-01-28 23:38:56,273 INFO c.h.h.t.HelmChartContainer - [test-hivemq-platform] [hivemq] [a768d715] INFO  - Starting extension with id "hivemq-prometheus-extension" at /opt/hivemq/extensions/hivemq-prometheus-extension
2025-01-28 23:38:57,063 INFO c.h.h.t.HelmChartContainer - [test-hivemq-platform] [hivemq] [a768d715] INFO  - Started Jetty Server exposing Prometheus Servlet on URI http://0.0.0.0:9399/
2025-01-28 23:38:57,063 INFO c.h.h.t.HelmChartContainer - [test-hivemq-platform] [hivemq] [a768d715] INFO  - Extension "Prometheus Monitoring Extension" version 4.0.12 started successfully.
2025-01-28 23:38:57,064 INFO c.h.h.t.HelmChartContainer - [test-hivemq-platform] [hivemq] [a768d715] INFO  - Starting extension with id "hivemq-allow-all-extension" at /opt/hivemq/extensions/hivemq-allow-all-extension
2025-01-28 23:38:57,064 INFO c.h.h.t.HelmChartContainer - [test-hivemq-platform] [hivemq] [a768d715] WARN  - 
2025-01-28 23:38:57,064 INFO c.h.h.t.HelmChartContainer - [test-hivemq-platform] [hivemq] [a768d715] ################################################################################################################
2025-01-28 23:38:57,064 INFO c.h.h.t.HelmChartContainer - [test-hivemq-platform] [hivemq] [a768d715] # This HiveMQ deployment is not secure! You are lacking Authentication and Authorization.                      #
2025-01-28 23:38:57,064 INFO c.h.h.t.HelmChartContainer - [test-hivemq-platform] [hivemq] [a768d715] # Right now any MQTT client can connect to the broker with a full set of permissions.                          #
2025-01-28 23:38:57,064 INFO c.h.h.t.HelmChartContainer - [test-hivemq-platform] [hivemq] [a768d715] # For production usage, add an appropriate security extension and remove the hivemq-allow-all extension.       #
2025-01-28 23:38:57,064 INFO c.h.h.t.HelmChartContainer - [test-hivemq-platform] [hivemq] [a768d715] # You can download security extensions from the HiveMQ Marketplace (https://www.hivemq.com/extensions/).       #
2025-01-28 23:38:57,064 INFO c.h.h.t.HelmChartContainer - [test-hivemq-platform] [hivemq] [a768d715] ################################################################################################################
2025-01-28 23:38:57,064 INFO c.h.h.t.HelmChartContainer - [test-hivemq-platform] [hivemq] [a768d715] INFO  - Extension "Allow All Extension" version 1.1.1 started successfully.
2025-01-28 23:38:57,207 INFO c.h.h.t.HelmChartContainer - [test-hivemq-platform] [hivemq] [c4a99efe] INFO  - Cluster nodes found by discovery: [xL470|1] (2) [xL470, V3p0U].
2025-01-28 23:38:57,269 INFO c.h.h.t.HelmChartContainer - [test-hivemq-platform] [hivemq] [a768d715] INFO  - Cluster nodes found by discovery: [xL470|1] (2) [xL470, V3p0U].
2025-01-28 23:38:57,420 INFO c.h.h.t.HelmChartContainer - [hivemq-test-hivemq-platform] [hivemq-platform-operator] [529d9460] 23:38:57.417 [pool-6-thread-43] DEBUG c.h.p.o.d.PlatformServiceResource - [helmcust] Desired Platform services (3 services)
2025-01-28 23:38:57,420 INFO c.h.h.t.HelmChartContainer - [hivemq-test-hivemq-platform] [hivemq-platform-operator] [529d9460] 23:38:57.418 [pool-6-thread-45] DEBUG c.h.p.o.dependants.PodInfoConfigMap - [helmcust] Desired PodInfo ConfigMap (1 extensions) (1 enabled)
2025-01-28 23:38:57,420 INFO c.h.h.t.HelmChartContainer - [hivemq-test-hivemq-platform] [hivemq-platform-operator] [529d9460] 23:38:57.418 [pool-6-thread-45] DEBUG c.h.p.o.dependants.PodInfoConfigMap - [helmcust] Desired PodInfo ConfigMap (metrics port: 9399) (metrics path: /)
2025-01-28 23:38:57,420 INFO c.h.h.t.HelmChartContainer - [hivemq-test-hivemq-platform] [hivemq-platform-operator] [529d9460] 23:38:57.418 [pool-6-thread-45] DEBUG c.h.p.o.dependants.PodInfoConfigMap - [helmcust] Desired PodInfo ConfigMap (extension state hash: -1817474005)
2025-01-28 23:38:57,420 INFO c.h.h.t.HelmChartContainer - [hivemq-test-hivemq-platform] [hivemq-platform-operator] [529d9460] 23:38:57.419 [pool-6-thread-41] DEBUG c.h.p.o.d.PodServiceAccountResource - [helmcust] Desired PodServiceAccountResource (serviceAccountName: hivemq-platform-pod-test-hivemq-platform)
2025-01-28 23:38:57,426 INFO c.h.h.t.HelmChartContainer - [hivemq-test-hivemq-platform] [hivemq-platform-operator] [529d9460] 23:38:57.422 [pool-6-thread-44] DEBUG c.h.p.o.d.StatefulSetResource - [helmcust] Desired StatefulSet (2 replicas) for status STARTING (READY)
2025-01-28 23:38:57,427 INFO c.h.h.t.HelmChartContainer - [hivemq-test-hivemq-platform] [hivemq-platform-operator] [529d9460] 23:38:57.424 [ReconcilerExecutor-hivemq-controller-123] INFO  c.h.p.o.HiveMQPlatformReconciler - [helmcust] Reconciling HiveMQ Platform 'test-hivemq-platform' in namespace 'helmcustomconfigit'
2025-01-28 23:38:57,427 INFO c.h.h.t.HelmChartContainer - [hivemq-test-hivemq-platform] [hivemq-platform-operator] [529d9460] 23:38:57.424 [ReconcilerExecutor-hivemq-controller-123] DEBUG c.h.p.o.HiveMQPlatformReconciler - [helmcust] Custom Resource Status STARTING - HiveMQ Platform is starting (READY)
2025-01-28 23:38:57,427 INFO c.h.h.t.HelmChartContainer - [hivemq-test-hivemq-platform] [hivemq-platform-operator] [529d9460] 23:38:57.424 [ReconcilerExecutor-hivemq-controller-123] DEBUG c.h.p.o.HiveMQPlatformReconciler - [helmcust] Custom Resource Spec (replicas: 2) (extensions: 1)
2025-01-28 23:38:57,427 INFO c.h.h.t.HelmChartContainer - [hivemq-test-hivemq-platform] [hivemq-platform-operator] [529d9460] 23:38:57.425 [ReconcilerExecutor-hivemq-controller-123] DEBUG c.h.p.o.HiveMQPlatformReconciler - [helmcust] StatefulSet Status (revision: test-hivemq-platform-6b448bcf6f, replicas: 2, available: 1, ready: 1, current: 2, updated: 2)
2025-01-28 23:38:57,427 INFO c.h.h.t.HelmChartContainer - [hivemq-test-hivemq-platform] [hivemq-platform-operator] [529d9460] 23:38:57.425 [ReconcilerExecutor-hivemq-controller-123] DEBUG c.h.p.o.HiveMQPlatformReconciler - [helmcust] StatefulSet Spec (replicas: 2, init containers: 1, containers: 1, volumes: 3)
2025-01-28 23:38:57,428 INFO c.h.h.t.HelmChartContainer - [hivemq-test-hivemq-platform] [hivemq-platform-operator] [529d9460] 23:38:57.426 [ReconcilerExecutor-hivemq-controller-123] DEBUG c.h.p.o.h.HiveMQPlatformReconcilerErrorHandler - [helmcust] Pod 'test-hivemq-platform-1' phase Running
2025-01-28 23:38:57,429 INFO c.h.h.t.HelmChartContainer - [hivemq-test-hivemq-platform] [hivemq-platform-operator] [529d9460] 23:38:57.428 [ReconcilerExecutor-hivemq-controller-123] DEBUG c.h.p.o.h.HiveMQPlatformReconcilerErrorHandler - [helmcust] Pod 'test-hivemq-platform-0' phase Running
2025-01-28 23:38:57,430 INFO c.h.h.t.HelmChartContainer - [hivemq-test-hivemq-platform] [hivemq-platform-operator] [529d9460] 23:38:57.428 [ReconcilerExecutor-hivemq-controller-123] INFO  c.h.p.o.h.HiveMQPlatformReconcilerBaseHandler - [helmcust] HiveMQ Platform is starting, 1 of 2 replicas are ready
2025-01-28 23:38:57,468 INFO c.h.h.t.HelmChartContainer - [test-hivemq-platform] [hivemq] [a768d715] INFO  - Cluster size = 1, members : [xL470].
2025-01-28 23:38:58,162 INFO c.h.h.t.HelmChartContainer - [test-hivemq-platform] [hivemq] [a768d715] INFO  - Starting cluster join process. This may take a while. Please do not shut down HiveMQ.
2025-01-28 23:38:58,162 INFO c.h.h.t.HelmChartContainer - [test-hivemq-platform] [hivemq] [a768d715] INFO  - Cluster join process is still ongoing. Please do not shut down HiveMQ.
2025-01-28 23:38:58,366 INFO c.h.h.t.HelmChartContainer - [test-hivemq-platform] [hivemq] [a768d715] INFO  - [HiveMQ Platform Operator Init App 1.7.0-SNAPSHOT] Returning Health API response 503 for readiness
2025-01-28 23:38:58,374 INFO c.h.h.t.HelmChartContainer - [EVENT] Warning [Unhealthy] Readiness probe failed: HTTP probe failed with statuscode: 503 [helmcustomconfigit:test-hivemq-platform-1]
2025-01-28 23:38:58,374 INFO c.h.h.t.HelmChartContainer - Received Unhealthy event for container hivemq in pod test-hivemq-platform-1 [a768d715-4892-4445-a80c-659c7f217a26]
2025-01-28 23:39:00,170 INFO c.h.h.t.HelmChartContainer - [test-hivemq-platform] [hivemq] [c4a99efe] INFO  - Cluster size = 2, members : [xL470, V3p0U].
2025-01-28 23:39:00,181 INFO c.h.h.t.HelmChartContainer - [test-hivemq-platform] [hivemq] [a768d715] INFO  - Cluster size = 2, members : [xL470, V3p0U].
2025-01-28 23:39:00,186 INFO c.h.h.t.HelmChartContainer - [test-hivemq-platform] [hivemq] [a768d715] INFO  - Finished cluster join process successfully.
2025-01-28 23:39:00,187 INFO c.h.h.t.HelmChartContainer - [test-hivemq-platform] [hivemq] [a768d715] WARN  - No user for HiveMQ Control Center configured. Starting with default user
2025-01-28 23:39:00,188 INFO c.h.h.t.HelmChartContainer - [test-hivemq-platform] [hivemq] [a768d715] INFO  - Starting HiveMQ Control Center on address 0.0.0.0 and port 8080
2025-01-28 23:39:00,191 INFO c.h.h.t.HelmChartContainer - [test-hivemq-platform] [hivemq] [a768d715] INFO  - Mounting HiveMQ Control Center V2 Preview
2025-01-28 23:39:00,871 INFO c.h.h.t.HelmChartContainer - [test-hivemq-platform] [hivemq] [a768d715] INFO  - Started HiveMQ Control Center in 683ms
2025-01-28 23:39:00,962 INFO c.h.h.t.HelmChartContainer - [test-hivemq-platform] [hivemq] [a768d715] INFO  - Starting TCP listener on address 0.0.0.0 and port 1883
2025-01-28 23:39:00,981 INFO c.h.h.t.HelmChartContainer - [test-hivemq-platform] [hivemq] [a768d715] INFO  - Started TCP Listener on address 0.0.0.0 and on port 1883.
2025-01-28 23:39:00,981 INFO c.h.h.t.HelmChartContainer - [test-hivemq-platform] [hivemq] [a768d715] INFO  - Started HiveMQ in 31612ms
2025-01-28 23:39:02,386 INFO c.h.h.t.HelmChartContainer - [test-hivemq-platform] [hivemq] [a768d715] INFO  - [HiveMQ Platform Operator Init App 1.7.0-SNAPSHOT] Returning Health API response 200 for readiness
2025-01-28 23:39:02,400 INFO c.h.h.t.HelmChartContainer - [POD] test-hivemq-platform-1 [a768d715-4892-4445-a80c-659c7f217a26] in helmcustomconfigit was MODIFIED
2025-01-28 23:39:02,416 INFO c.h.h.t.HelmChartContainer - [hivemq-test-hivemq-platform] [hivemq-platform-operator] [529d9460] 23:39:02.408 [pool-6-thread-1] DEBUG c.h.p.o.d.PlatformServiceResource - [helmcust] Desired Platform services (3 services)
2025-01-28 23:39:02,421 INFO c.h.h.t.HelmChartContainer - [hivemq-test-hivemq-platform] [hivemq-platform-operator] [529d9460] 23:39:02.411 [pool-6-thread-4] DEBUG c.h.p.o.dependants.PodInfoConfigMap - [helmcust] Desired PodInfo ConfigMap (1 extensions) (1 enabled)
2025-01-28 23:39:02,421 INFO c.h.h.t.HelmChartContainer - [hivemq-test-hivemq-platform] [hivemq-platform-operator] [529d9460] 23:39:02.411 [pool-6-thread-4] DEBUG c.h.p.o.dependants.PodInfoConfigMap - [helmcust] Desired PodInfo ConfigMap (metrics port: 9399) (metrics path: /)
2025-01-28 23:39:02,421 INFO c.h.h.t.HelmChartContainer - [hivemq-test-hivemq-platform] [hivemq-platform-operator] [529d9460] 23:39:02.411 [pool-6-thread-4] DEBUG c.h.p.o.dependants.PodInfoConfigMap - [helmcust] Desired PodInfo ConfigMap (extension state hash: -1817474005)
2025-01-28 23:39:02,421 INFO c.h.h.t.HelmChartContainer - [hivemq-test-hivemq-platform] [hivemq-platform-operator] [529d9460] 23:39:02.414 [pool-6-thread-1] DEBUG c.h.p.o.d.PodServiceAccountResource - [helmcust] Desired PodServiceAccountResource (serviceAccountName: hivemq-platform-pod-test-hivemq-platform)
2025-01-28 23:39:02,421 INFO c.h.h.t.HelmChartContainer - [hivemq-test-hivemq-platform] [hivemq-platform-operator] [529d9460] 23:39:02.419 [pool-6-thread-8] DEBUG c.h.p.o.d.StatefulSetResource - [helmcust] Desired StatefulSet (2 replicas) for status STARTING (READY)
2025-01-28 23:39:02,490 INFO c.h.h.t.HelmChartContainer - [hivemq-test-hivemq-platform] [hivemq-platform-operator] [529d9460] 23:39:02.489 [ReconcilerExecutor-hivemq-controller-124] INFO  c.h.p.o.HiveMQPlatformReconciler - [helmcust] Reconciling HiveMQ Platform 'test-hivemq-platform' in namespace 'helmcustomconfigit'
2025-01-28 23:39:02,492 INFO c.h.h.t.HelmChartContainer - [hivemq-test-hivemq-platform] [hivemq-platform-operator] [529d9460] 23:39:02.489 [ReconcilerExecutor-hivemq-controller-124] DEBUG c.h.p.o.HiveMQPlatformReconciler - [helmcust] Custom Resource Status STARTING - HiveMQ Platform is starting (READY)
2025-01-28 23:39:02,493 INFO c.h.h.t.HelmChartContainer - [hivemq-test-hivemq-platform] [hivemq-platform-operator] [529d9460] 23:39:02.489 [ReconcilerExecutor-hivemq-controller-124] DEBUG c.h.p.o.HiveMQPlatformReconciler - [helmcust] Custom Resource Spec (replicas: 2) (extensions: 1)
2025-01-28 23:39:02,494 INFO c.h.h.t.HelmChartContainer - [hivemq-test-hivemq-platform] [hivemq-platform-operator] [529d9460] 23:39:02.491 [ReconcilerExecutor-hivemq-controller-124] DEBUG c.h.p.o.HiveMQPlatformReconciler - [helmcust] StatefulSet Status (revision: test-hivemq-platform-6b448bcf6f, replicas: 2, available: 2, ready: 2, current: 2, updated: 2)
2025-01-28 23:39:02,494 INFO c.h.h.t.HelmChartContainer - [hivemq-test-hivemq-platform] [hivemq-platform-operator] [529d9460] 23:39:02.491 [ReconcilerExecutor-hivemq-controller-124] DEBUG c.h.p.o.HiveMQPlatformReconciler - [helmcust] StatefulSet Spec (replicas: 2, init containers: 1, containers: 1, volumes: 3)
2025-01-28 23:39:02,494 INFO c.h.h.t.HelmChartContainer - [hivemq-test-hivemq-platform] [hivemq-platform-operator] [529d9460] 23:39:02.492 [ReconcilerExecutor-hivemq-controller-124] DEBUG c.h.p.o.h.HiveMQPlatformReconcilerErrorHandler - [helmcust] Pod 'test-hivemq-platform-1' phase Running
2025-01-28 23:39:02,494 INFO c.h.h.t.HelmChartContainer - [hivemq-test-hivemq-platform] [hivemq-platform-operator] [529d9460] 23:39:02.493 [ReconcilerExecutor-hivemq-controller-124] DEBUG c.h.p.o.h.HiveMQPlatformReconcilerErrorHandler - [helmcust] Pod 'test-hivemq-platform-0' phase Running
2025-01-28 23:39:02,495 INFO c.h.h.t.HelmChartContainer - [hivemq-test-hivemq-platform] [hivemq-platform-operator] [529d9460] 23:39:02.494 [ReconcilerExecutor-hivemq-controller-124] INFO  c.h.p.o.h.HiveMQPlatformReconcilerBaseHandler - [helmcust] HiveMQ Platform started successfully
2025-01-28 23:39:02,595 INFO c.h.h.t.HelmChartContainer - [hivemq-test-hivemq-platform] [hivemq-platform-operator] [529d9460] 23:39:02.594 [ReconcilerExecutor-hivemq-controller-124] DEBUG c.h.p.operator.event.EventSender - [helmcust] Creating K8s event hivemq-platform-ready: [Ready] HiveMQ Platform is ready
2025-01-28 23:39:02,601 INFO c.h.h.t.HelmChartContainer - [EVENT] Normal [Ready] HiveMQ Platform is ready [helmcustomconfigit:test-hivemq-platform]
2025-01-28 23:39:02,602 INFO c.h.h.t.HelmChartContainer - [hivemq-test-hivemq-platform] [hivemq-platform-operator] [529d9460] 23:39:02.599 [ReconcilerExecutor-hivemq-controller-124] INFO  c.h.p.o.h.AbstractHiveMQReconcilerStateHandler - [helmcust] Update HiveMQ Platform Status (STARTING [READY] -> RUNNING [READY]): HiveMQ Platform is ready
2025-01-28 23:39:02,608 DEBUG com.hivemq.helmcharts.util.K8sUtil - Comparing actual state 'RUNNING' and waiting for 'RUNNING'
2025-01-28 23:39:02,631 INFO c.h.h.t.HelmChartContainer - Uninstalling release 'test-hivemq-platform' in namespace 'helmcustomconfigit'...
2025-01-28 23:39:02,631 DEBUG c.h.h.t.HelmChartContainer - Executing helm command: /bin/helm --kubeconfig /etc/rancher/k3s/k3s.yaml uninstall test-hivemq-platform  --wait --timeout 5m0s --cascade foreground --namespace helmcustomconfigit
2025-01-28 23:39:02,694 INFO c.h.h.t.HelmChartContainer - [hivemq-test-hivemq-platform] [hivemq-platform-operator] [529d9460] 23:39:02.691 [pool-6-thread-13] DEBUG c.h.p.o.d.PlatformServiceResource - [helmcust] Desired Platform services (3 services)
2025-01-28 23:39:02,695 INFO c.h.h.t.HelmChartContainer - [hivemq-test-hivemq-platform] [hivemq-platform-operator] [529d9460] 23:39:02.693 [pool-6-thread-11] DEBUG c.h.p.o.d.PodServiceAccountResource - [helmcust] Desired PodServiceAccountResource (serviceAccountName: hivemq-platform-pod-test-hivemq-platform)
2025-01-28 23:39:02,697 INFO c.h.h.t.HelmChartContainer - [hivemq-test-hivemq-platform] [hivemq-platform-operator] [529d9460] 23:39:02.695 [pool-6-thread-15] DEBUG c.h.p.o.dependants.PodInfoConfigMap - [helmcust] Desired PodInfo ConfigMap (1 extensions) (1 enabled)
2025-01-28 23:39:02,699 INFO c.h.h.t.HelmChartContainer - [hivemq-test-hivemq-platform] [hivemq-platform-operator] [529d9460] 23:39:02.695 [pool-6-thread-15] DEBUG c.h.p.o.dependants.PodInfoConfigMap - [helmcust] Desired PodInfo ConfigMap (metrics port: 9399) (metrics path: /)
2025-01-28 23:39:02,699 INFO c.h.h.t.HelmChartContainer - [hivemq-test-hivemq-platform] [hivemq-platform-operator] [529d9460] 23:39:02.696 [pool-6-thread-15] DEBUG c.h.p.o.dependants.PodInfoConfigMap - [helmcust] Desired PodInfo ConfigMap (extension state hash: -1817474005)
2025-01-28 23:39:02,699 INFO c.h.h.t.HelmChartContainer - [hivemq-test-hivemq-platform] [hivemq-platform-operator] [529d9460] 23:39:02.696 [pool-6-thread-15] DEBUG c.h.p.o.dependants.PodInfoConfigMap - [helmcust] Update PodInfo ConfigMap
2025-01-28 23:39:02,712 INFO c.h.h.t.HelmChartContainer - [hivemq-test-hivemq-platform] [hivemq-platform-operator] [529d9460] 23:39:02.711 [pool-6-thread-12] DEBUG c.h.p.o.d.StatefulSetResource - [helmcust] Desired StatefulSet (2 replicas) for status RUNNING (READY)
2025-01-28 23:39:02,716 INFO c.h.h.t.HelmChartContainer - [hivemq-test-hivemq-platform] [hivemq-platform-operator] [529d9460] 23:39:02.715 [ReconcilerExecutor-hivemq-controller-125] INFO  c.h.p.o.HiveMQPlatformReconciler - [helmcust] Reconciling HiveMQ Platform 'test-hivemq-platform' in namespace 'helmcustomconfigit'
2025-01-28 23:39:02,717 INFO c.h.h.t.HelmChartContainer - [hivemq-test-hivemq-platform] [hivemq-platform-operator] [529d9460] 23:39:02.715 [ReconcilerExecutor-hivemq-controller-125] DEBUG c.h.p.o.HiveMQPlatformReconciler - [helmcust] Custom Resource Status RUNNING - HiveMQ Platform is ready (READY)
2025-01-28 23:39:02,717 INFO c.h.h.t.HelmChartContainer - [hivemq-test-hivemq-platform] [hivemq-platform-operator] [529d9460] 23:39:02.715 [ReconcilerExecutor-hivemq-controller-125] DEBUG c.h.p.o.HiveMQPlatformReconciler - [helmcust] Custom Resource Spec (replicas: 2) (extensions: 1)
2025-01-28 23:39:02,792 INFO c.h.h.t.HelmChartContainer - [hivemq-test-hivemq-platform] [hivemq-platform-operator] [529d9460] 23:39:02.790 [ReconcilerExecutor-hivemq-controller-125] DEBUG c.h.p.o.HiveMQPlatformReconciler - [helmcust] StatefulSet Status (revision: test-hivemq-platform-6b448bcf6f, replicas: 2, available: 2, ready: 2, current: 2, updated: 2)
2025-01-28 23:39:02,793 INFO c.h.h.t.HelmChartContainer - [hivemq-test-hivemq-platform] [hivemq-platform-operator] [529d9460] 23:39:02.790 [ReconcilerExecutor-hivemq-controller-125] DEBUG c.h.p.o.HiveMQPlatformReconciler - [helmcust] StatefulSet Spec (replicas: 2, init containers: 1, containers: 1, volumes: 3)
2025-01-28 23:39:02,793 INFO c.h.h.t.HelmChartContainer - [hivemq-test-hivemq-platform] [hivemq-platform-operator] [529d9460] 23:39:02.791 [ReconcilerExecutor-hivemq-controller-125] DEBUG c.h.p.o.h.HiveMQPlatformReconcilerErrorHandler - [helmcust] Pod 'test-hivemq-platform-1' phase Running
2025-01-28 23:39:02,793 INFO c.h.h.t.HelmChartContainer - [hivemq-test-hivemq-platform] [hivemq-platform-operator] [529d9460] 23:39:02.793 [ReconcilerExecutor-hivemq-controller-125] DEBUG c.h.p.o.h.HiveMQPlatformReconcilerErrorHandler - [helmcust] Pod 'test-hivemq-platform-0' phase Running
2025-01-28 23:39:02,834 INFO c.h.h.t.HelmChartContainer - [hivemq-test-hivemq-platform] [hivemq-platform-operator] [529d9460] 23:39:02.829 [pool-6-thread-21] DEBUG c.h.p.o.d.PlatformServiceResource - [helmcust] Desired Platform services (3 services)
2025-01-28 23:39:02,834 INFO c.h.h.t.HelmChartContainer - [hivemq-test-hivemq-platform] [hivemq-platform-operator] [529d9460] 23:39:02.832 [pool-6-thread-26] DEBUG c.h.p.o.d.PodServiceAccountResource - [helmcust] Desired PodServiceAccountResource (serviceAccountName: hivemq-platform-pod-test-hivemq-platform)
2025-01-28 23:39:02,836 INFO c.h.h.t.HelmChartContainer - [hivemq-test-hivemq-platform] [hivemq-platform-operator] [529d9460] 23:39:02.831 [pool-6-thread-25] DEBUG c.h.p.o.dependants.PodInfoConfigMap - [helmcust] Desired PodInfo ConfigMap (1 extensions) (1 enabled)
2025-01-28 23:39:02,841 INFO c.h.h.t.HelmChartContainer - [hivemq-test-hivemq-platform] [hivemq-platform-operator] [529d9460] 23:39:02.835 [pool-6-thread-25] DEBUG c.h.p.o.dependants.PodInfoConfigMap - [helmcust] Desired PodInfo ConfigMap (metrics port: 9399) (metrics path: /)
2025-01-28 23:39:02,841 INFO c.h.h.t.HelmChartContainer - [hivemq-test-hivemq-platform] [hivemq-platform-operator] [529d9460] 23:39:02.835 [pool-6-thread-25] DEBUG c.h.p.o.dependants.PodInfoConfigMap - [helmcust] Desired PodInfo ConfigMap (extension state hash: -1817474005)
2025-01-28 23:39:02,879 INFO c.h.h.t.HelmChartContainer - [test-hivemq-platform] [hivemq] [a768d715] WARN  - [HiveMQ Platform Operator Init App 1.7.0-SNAPSHOT] Could not update Pod annotations: Failure executing: GET at: https://10.43.0.1:443/api/v1/namespaces/helmcustomconfigit/pods/test-hivemq-platform-1. Message: pods "test-hivemq-platform-1" is forbidden: User "system:serviceaccount:helmcustomconfigit:hivemq-platform-pod-test-hivemq-platform" cannot get resource "pods" in API group "" in the namespace "helmcustomconfigit". Received status: Status(apiVersion=v1, code=403, details=StatusDetails(causes=[], group=null, kind=pods, name=test-hivemq-platform-1, retryAfterSeconds=null, uid=null, additionalProperties={}), kind=Status, message=pods "test-hivemq-platform-1" is forbidden: User "system:serviceaccount:helmcustomconfigit:hivemq-platform-pod-test-hivemq-platform" cannot get resource "pods" in API group "" in the namespace "helmcustomconfigit", metadata=ListMeta(_continue=null, remainingItemCount=null, resourceVersion=null, selfLink=null, additionalProperties={}), reason=Forbidden, status=Failure, additionalProperties={}).
2025-01-28 23:39:02,894 INFO c.h.h.t.HelmChartContainer - [hivemq-test-hivemq-platform] [hivemq-platform-operator] [529d9460] 23:39:02.892 [pool-6-thread-23] DEBUG c.h.p.o.d.StatefulSetResource - [helmcust] Desired StatefulSet (2 replicas) for status RUNNING (READY)
2025-01-28 23:39:02,923 INFO c.h.h.t.HelmChartContainer - [hivemq-test-hivemq-platform] [hivemq-platform-operator] [529d9460] 23:39:02.922 [pool-6-thread-23] DEBUG c.h.p.o.d.StatefulSetResource - [helmcust] Update StatefulSet (replicas: 2 -> 2)
2025-01-28 23:39:02,993 INFO c.h.h.t.HelmChartContainer - [hivemq-test-hivemq-platform] [hivemq-platform-operator] [529d9460] 23:39:02.990 [pool-6-thread-23] DEBUG c.h.p.o.d.StatefulSetResource - [helmcust] Detected change in StatefulSet specification (path: /template/metadata/annotations/kubernetes-resource-versions) (actual value: {broker-configuration-v2=-2089688360}) (target value: {broker-configuration-v2=0})
2025-01-28 23:39:02,993 INFO c.h.h.t.HelmChartContainer - [hivemq-test-hivemq-platform] [hivemq-platform-operator] [529d9460] 23:39:02.990 [pool-6-thread-23] INFO  c.h.p.o.d.StatefulSetResource - [helmcust] StatefulSet spec was updated, triggering rolling restart
2025-01-28 23:39:03,092 INFO c.h.h.t.HelmChartContainer - [hivemq-test-hivemq-platform] [hivemq-platform-operator] [529d9460] 23:39:03.089 [ReconcilerExecutor-hivemq-controller-126] INFO  c.h.p.o.HiveMQPlatformReconciler - [helmcust] Reconciling HiveMQ Platform 'test-hivemq-platform' in namespace 'helmcustomconfigit'
2025-01-28 23:39:03,092 INFO c.h.h.t.HelmChartContainer - [hivemq-test-hivemq-platform] [hivemq-platform-operator] [529d9460] 23:39:03.090 [ReconcilerExecutor-hivemq-controller-126] DEBUG c.h.p.o.HiveMQPlatformReconciler - [helmcust] Custom Resource Status RUNNING - HiveMQ Platform is ready (READY) (reconciliation requests: ROLLING_RESTART, REQUESTS_UPDATED)
2025-01-28 23:39:03,092 INFO c.h.h.t.HelmChartContainer - [hivemq-test-hivemq-platform] [hivemq-platform-operator] [529d9460] 23:39:03.090 [ReconcilerExecutor-hivemq-controller-126] DEBUG c.h.p.o.HiveMQPlatformReconciler - [helmcust] Custom Resource Spec (replicas: 2) (extensions: 1)
2025-01-28 23:39:03,092 INFO c.h.h.t.HelmChartContainer - [hivemq-test-hivemq-platform] [hivemq-platform-operator] [529d9460] 23:39:03.090 [ReconcilerExecutor-hivemq-controller-126] WARN  c.h.p.o.h.HiveMQPlatformReconcilerErrorHandler - [helmcust] Could not find ConfigMap 'hivemq-configuration-test-hivemq-platform' for HiveMQ Platform configuration
2025-01-28 23:39:03,106 INFO c.h.h.t.HelmChartContainer - [hivemq-test-hivemq-platform] [hivemq-platform-operator] [529d9460] 23:39:03.105 [ReconcilerExecutor-hivemq-controller-126] DEBUG c.h.p.operator.event.EventSender - [helmcust] Creating K8s event hivemq-platform-invalid-configuration: [Start] Could not find ConfigMap 'hivemq-configuration-test-hivemq-platform' for HiveMQ Platform configuration
2025-01-28 23:39:03,192 INFO c.h.h.t.HelmChartContainer - [EVENT] Warning [Start] Could not find ConfigMap 'hivemq-configuration-test-hivemq-platform' for HiveMQ Platform configuration [helmcustomconfigit:test-hivemq-platform]
2025-01-28 23:39:03,195 INFO c.h.h.t.HelmChartContainer - [hivemq-test-hivemq-platform] [hivemq-platform-operator] [529d9460] 23:39:03.193 [ReconcilerExecutor-hivemq-controller-126] INFO  c.h.p.o.h.AbstractHiveMQReconcilerStateHandler - [helmcust] Update HiveMQ Platform Status (RUNNING [READY] -> ERROR [INVALID_CONFIG_MAP]): Could not find ConfigMap 'hivemq-configuration-test-hivemq-platform' for HiveMQ Platform configuration (reconciliation requests: ROLLING_RESTART)
2025-01-28 23:39:03,205 INFO c.h.h.t.HelmChartContainer - [hivemq-test-hivemq-platform] [hivemq-platform-operator] [529d9460] 23:39:03.201 [ReconcilerExecutor-hivemq-controller-126] ERROR i.j.o.p.event.EventProcessor - Error during event processing ExecutionScope{ resource id: ResourceID{name='test-hivemq-platform', namespace='helmcustomconfigit'}, version: 1223}
2025-01-28 23:39:03,205 INFO c.h.h.t.HelmChartContainer - [hivemq-test-hivemq-platform] [hivemq-platform-operator] [529d9460] io.fabric8.kubernetes.client.KubernetesClientException: Failure executing: PUT at: https://10.43.0.1:443/apis/hivemq.com/v1/namespaces/helmcustomconfigit/hivemq-platforms/test-hivemq-platform/status. Message: Operation cannot be fulfilled on hivemq-platforms.hivemq.com "test-hivemq-platform": the object has been modified; please apply your changes to the latest version and try again. Received status: Status(apiVersion=v1, code=409, details=StatusDetails(causes=[], group=hivemq.com, kind=hivemq-platforms, name=test-hivemq-platform, retryAfterSeconds=null, uid=null, additionalProperties={}), kind=Status, message=Operation cannot be fulfilled on hivemq-platforms.hivemq.com "test-hivemq-platform": the object has been modified; please apply your changes to the latest version and try again, metadata=ListMeta(_continue=null, remainingItemCount=null, resourceVersion=null, selfLink=null, additionalProperties={}), reason=Conflict, status=Failure, additionalProperties={}).
2025-01-28 23:39:03,205 INFO c.h.h.t.HelmChartContainer - [hivemq-test-hivemq-platform] [hivemq-platform-operator] [529d9460] 	at io.fabric8.kubernetes.client.KubernetesClientException.copyAsCause(KubernetesClientException.java:238)
2025-01-28 23:39:03,205 INFO c.h.h.t.HelmChartContainer - [hivemq-test-hivemq-platform] [hivemq-platform-operator] [529d9460] 	at io.fabric8.kubernetes.client.dsl.internal.OperationSupport.waitForResult(OperationSupport.java:507)
2025-01-28 23:39:03,205 INFO c.h.h.t.HelmChartContainer - [hivemq-test-hivemq-platform] [hivemq-platform-operator] [529d9460] 	at io.fabric8.kubernetes.client.dsl.internal.OperationSupport.handleResponse(OperationSupport.java:524)
2025-01-28 23:39:03,205 INFO c.h.h.t.HelmChartContainer - [hivemq-test-hivemq-platform] [hivemq-platform-operator] [529d9460] 	at io.fabric8.kubernetes.client.dsl.internal.OperationSupport.handleUpdate(OperationSupport.java:358)
2025-01-28 23:39:03,205 INFO c.h.h.t.HelmChartContainer - [hivemq-test-hivemq-platform] [hivemq-platform-operator] [529d9460] 	at io.fabric8.kubernetes.client.dsl.internal.BaseOperation.handleUpdate(BaseOperation.java:759)
2025-01-28 23:39:03,205 INFO c.h.h.t.HelmChartContainer - [hivemq-test-hivemq-platform] [hivemq-platform-operator] [529d9460] 	at io.fabric8.kubernetes.client.dsl.internal.HasMetadataOperation.update(HasMetadataOperation.java:138)
2025-01-28 23:39:03,205 INFO c.h.h.t.HelmChartContainer - [hivemq-test-hivemq-platform] [hivemq-platform-operator] [529d9460] 	at io.fabric8.kubernetes.client.dsl.internal.HasMetadataOperation.update(HasMetadataOperation.java:121)
2025-01-28 23:39:03,205 INFO c.h.h.t.HelmChartContainer - [hivemq-test-hivemq-platform] [hivemq-platform-operator] [529d9460] 	at io.fabric8.kubernetes.client.dsl.internal.HasMetadataOperation.updateStatus(HasMetadataOperation.java:126)
2025-01-28 23:39:03,205 INFO c.h.h.t.HelmChartContainer - [hivemq-test-hivemq-platform] [hivemq-platform-operator] [529d9460] 	at io.fabric8.kubernetes.client.dsl.internal.HasMetadataOperation.updateStatus(HasMetadataOperation.java:44)
2025-01-28 23:39:03,205 INFO c.h.h.t.HelmChartContainer - [hivemq-test-hivemq-platform] [hivemq-platform-operator] [529d9460] 	at io.javaoperatorsdk.operator.processing.event.ReconciliationDispatcher$CustomResourceFacade.updateStatus(ReconciliationDispatcher.java:408)
2025-01-28 23:39:03,205 INFO c.h.h.t.HelmChartContainer - [hivemq-test-hivemq-platform] [hivemq-platform-operator] [529d9460] 	at io.javaoperatorsdk.operator.processing.event.ReconciliationDispatcher.updateStatusGenerationAware(ReconciliationDispatcher.java:228)
2025-01-28 23:39:03,205 INFO c.h.h.t.HelmChartContainer - [hivemq-test-hivemq-platform] [hivemq-platform-operator] [529d9460] 	at io.javaoperatorsdk.operator.processing.event.ReconciliationDispatcher.reconcileExecution(ReconciliationDispatcher.java:150)
2025-01-28 23:39:03,205 INFO c.h.h.t.HelmChartContainer - [hivemq-test-hivemq-platform] [hivemq-platform-operator] [529d9460] 	at io.javaoperatorsdk.operator.processing.event.ReconciliationDispatcher.handleReconcile(ReconciliationDispatcher.java:117)
2025-01-28 23:39:03,205 INFO c.h.h.t.HelmChartContainer - [hivemq-test-hivemq-platform] [hivemq-platform-operator] [529d9460] 	at io.javaoperatorsdk.operator.processing.event.ReconciliationDispatcher.handleDispatch(ReconciliationDispatcher.java:91)
2025-01-28 23:39:03,205 INFO c.h.h.t.HelmChartContainer - [hivemq-test-hivemq-platform] [hivemq-platform-operator] [529d9460] 	at io.javaoperatorsdk.operator.processing.event.ReconciliationDispatcher.handleExecution(ReconciliationDispatcher.java:64)
2025-01-28 23:39:03,205 INFO c.h.h.t.HelmChartContainer - [hivemq-test-hivemq-platform] [hivemq-platform-operator] [529d9460] 	at io.javaoperatorsdk.operator.processing.event.EventProcessor$ReconcilerExecutor.run(EventProcessor.java:452)
2025-01-28 23:39:03,205 INFO c.h.h.t.HelmChartContainer - [hivemq-test-hivemq-platform] [hivemq-platform-operator] [529d9460] 	at java.base/java.util.concurrent.ThreadPoolExecutor.runWorker(Unknown Source)
2025-01-28 23:39:03,205 INFO c.h.h.t.HelmChartContainer - [hivemq-test-hivemq-platform] [hivemq-platform-operator] [529d9460] 	at java.base/java.util.concurrent.ThreadPoolExecutor$Worker.run(Unknown Source)
2025-01-28 23:39:03,205 INFO c.h.h.t.HelmChartContainer - [hivemq-test-hivemq-platform] [hivemq-platform-operator] [529d9460] 	at java.base/java.lang.Thread.run(Unknown Source)
2025-01-28 23:39:03,205 INFO c.h.h.t.HelmChartContainer - [hivemq-test-hivemq-platform] [hivemq-platform-operator] [529d9460] Caused by: io.fabric8.kubernetes.client.KubernetesClientException: Failure executing: PUT at: https://10.43.0.1:443/apis/hivemq.com/v1/namespaces/helmcustomconfigit/hivemq-platforms/test-hivemq-platform/status. Message: Operation cannot be fulfilled on hivemq-platforms.hivemq.com "test-hivemq-platform": the object has been modified; please apply your changes to the latest version and try again. Received status: Status(apiVersion=v1, code=409, details=StatusDetails(causes=[], group=hivemq.com, kind=hivemq-platforms, name=test-hivemq-platform, retryAfterSeconds=null, uid=null, additionalProperties={}), kind=Status, message=Operation cannot be fulfilled on hivemq-platforms.hivemq.com "test-hivemq-platform": the object has been modified; please apply your changes to the latest version and try again, metadata=ListMeta(_continue=null, remainingItemCount=null, resourceVersion=null, selfLink=null, additionalProperties={}), reason=Conflict, status=Failure, additionalProperties={}).
2025-01-28 23:39:03,205 INFO c.h.h.t.HelmChartContainer - [hivemq-test-hivemq-platform] [hivemq-platform-operator] [529d9460] 	at io.fabric8.kubernetes.client.dsl.internal.OperationSupport.requestFailure(OperationSupport.java:660)
2025-01-28 23:39:03,206 INFO c.h.h.t.HelmChartContainer - [hivemq-test-hivemq-platform] [hivemq-platform-operator] [529d9460] 	at io.fabric8.kubernetes.client.dsl.internal.OperationSupport.requestFailure(OperationSupport.java:640)
2025-01-28 23:39:03,206 INFO c.h.h.t.HelmChartContainer - [hivemq-test-hivemq-platform] [hivemq-platform-operator] [529d9460] 	at io.fabric8.kubernetes.client.dsl.internal.OperationSupport.assertResponseCode(OperationSupport.java:589)
2025-01-28 23:39:03,206 INFO c.h.h.t.HelmChartContainer - [hivemq-test-hivemq-platform] [hivemq-platform-operator] [529d9460] 	at io.fabric8.kubernetes.client.dsl.internal.OperationSupport.lambda$handleResponse$0(OperationSupport.java:549)
2025-01-28 23:39:03,206 INFO c.h.h.t.HelmChartContainer - [hivemq-test-hivemq-platform] [hivemq-platform-operator] [529d9460] 	at java.base/java.util.concurrent.CompletableFuture$UniApply.tryFire(Unknown Source)
2025-01-28 23:39:03,206 INFO c.h.h.t.HelmChartContainer - [hivemq-test-hivemq-platform] [hivemq-platform-operator] [529d9460] 	at java.base/java.util.concurrent.CompletableFuture.postComplete(Unknown Source)
2025-01-28 23:39:03,206 INFO c.h.h.t.HelmChartContainer - [hivemq-test-hivemq-platform] [hivemq-platform-operator] [529d9460] 	at java.base/java.util.concurrent.CompletableFuture.complete(Unknown Source)
2025-01-28 23:39:03,206 INFO c.h.h.t.HelmChartContainer - [hivemq-test-hivemq-platform] [hivemq-platform-operator] [529d9460] 	at io.fabric8.kubernetes.client.http.StandardHttpClient.lambda$completeOrCancel$10(StandardHttpClient.java:141)
2025-01-28 23:39:03,206 INFO c.h.h.t.HelmChartContainer - [hivemq-test-hivemq-platform] [hivemq-platform-operator] [529d9460] 	at java.base/java.util.concurrent.CompletableFuture.uniWhenComplete(Unknown Source)
2025-01-28 23:39:03,206 INFO c.h.h.t.HelmChartContainer - [hivemq-test-hivemq-platform] [hivemq-platform-operator] [529d9460] 	at java.base/java.util.concurrent.CompletableFuture$UniWhenComplete.tryFire(Unknown Source)
2025-01-28 23:39:03,206 INFO c.h.h.t.HelmChartContainer - [hivemq-test-hivemq-platform] [hivemq-platform-operator] [529d9460] 	at java.base/java.util.concurrent.CompletableFuture.postComplete(Unknown Source)
2025-01-28 23:39:03,206 INFO c.h.h.t.HelmChartContainer - [hivemq-test-hivemq-platform] [hivemq-platform-operator] [529d9460] 	at java.base/java.util.concurrent.CompletableFuture.complete(Unknown Source)
2025-01-28 23:39:03,206 INFO c.h.h.t.HelmChartContainer - [hivemq-test-hivemq-platform] [hivemq-platform-operator] [529d9460] 	at io.fabric8.kubernetes.client.http.ByteArrayBodyHandler.onBodyDone(ByteArrayBodyHandler.java:51)
2025-01-28 23:39:03,206 INFO c.h.h.t.HelmChartContainer - [hivemq-test-hivemq-platform] [hivemq-platform-operator] [529d9460] 	at java.base/java.util.concurrent.CompletableFuture.uniWhenComplete(Unknown Source)
2025-01-28 23:39:03,206 INFO c.h.h.t.HelmChartContainer - [hivemq-test-hivemq-platform] [hivemq-platform-operator] [529d9460] 	at java.base/java.util.concurrent.CompletableFuture$UniWhenComplete.tryFire(Unknown Source)
2025-01-28 23:39:03,206 INFO c.h.h.t.HelmChartContainer - [hivemq-test-hivemq-platform] [hivemq-platform-operator] [529d9460] 	at java.base/java.util.concurrent.CompletableFuture.postComplete(Unknown Source)
2025-01-28 23:39:03,206 INFO c.h.h.t.HelmChartContainer - [hivemq-test-hivemq-platform] [hivemq-platform-operator] [529d9460] 	at java.base/java.util.concurrent.CompletableFuture.complete(Unknown Source)
2025-01-28 23:39:03,206 INFO c.h.h.t.HelmChartContainer - [hivemq-test-hivemq-platform] [hivemq-platform-operator] [529d9460] 	at io.fabric8.kubernetes.client.vertx.VertxHttpRequest.lambda$null$1(VertxHttpRequest.java:121)
2025-01-28 23:39:03,206 INFO c.h.h.t.HelmChartContainer - [hivemq-test-hivemq-platform] [hivemq-platform-operator] [529d9460] 	at io.vertx.core.impl.ContextInternal.dispatch(ContextInternal.java:279)
2025-01-28 23:39:03,206 INFO c.h.h.t.HelmChartContainer - [hivemq-test-hivemq-platform] [hivemq-platform-operator] [529d9460] 	at io.vertx.core.impl.ContextInternal.dispatch(ContextInternal.java:261)
2025-01-28 23:39:03,207 INFO c.h.h.t.HelmChartContainer - [hivemq-test-hivemq-platform] [hivemq-platform-operator] [529d9460] 	at io.vertx.core.http.impl.HttpEventHandler.handleEnd(HttpEventHandler.java:76)
2025-01-28 23:39:03,207 INFO c.h.h.t.HelmChartContainer - [hivemq-test-hivemq-platform] [hivemq-platform-operator] [529d9460] 	at io.vertx.core.http.impl.HttpClientResponseImpl.handleEnd(HttpClientResponseImpl.java:250)
2025-01-28 23:39:03,207 INFO c.h.h.t.HelmChartContainer - [hivemq-test-hivemq-platform] [hivemq-platform-operator] [529d9460] 	at io.vertx.core.http.impl.Http1xClientConnection$StreamImpl.lambda$new$0(Http1xClientConnection.java:421)
2025-01-28 23:39:03,207 INFO c.h.h.t.HelmChartContainer - [hivemq-test-hivemq-platform] [hivemq-platform-operator] [529d9460] 	at io.vertx.core.streams.impl.InboundBuffer.handleEvent(InboundBuffer.java:279)
2025-01-28 23:39:03,207 INFO c.h.h.t.HelmChartContainer - [hivemq-test-hivemq-platform] [hivemq-platform-operator] [529d9460] 	at io.vertx.core.streams.impl.InboundBuffer.write(InboundBuffer.java:157)
2025-01-28 23:39:03,207 INFO c.h.h.t.HelmChartContainer - [hivemq-test-hivemq-platform] [hivemq-platform-operator] [529d9460] 	at io.vertx.core.http.impl.Http1xClientConnection$StreamImpl.handleEnd(Http1xClientConnection.java:709)
2025-01-28 23:39:03,207 INFO c.h.h.t.HelmChartContainer - [hivemq-test-hivemq-platform] [hivemq-platform-operator] [529d9460] 	at io.vertx.core.impl.ContextImpl.lambda$execute$4(ContextImpl.java:315)
2025-01-28 23:39:03,207 INFO c.h.h.t.HelmChartContainer - [hivemq-test-hivemq-platform] [hivemq-platform-operator] [529d9460] 	at io.netty.util.concurrent.AbstractEventExecutor.runTask(AbstractEventExecutor.java:173)
2025-01-28 23:39:03,207 INFO c.h.h.t.HelmChartContainer - [hivemq-test-hivemq-platform] [hivemq-platform-operator] [529d9460] 	at io.netty.util.concurrent.AbstractEventExecutor.safeExecute(AbstractEventExecutor.java:166)
2025-01-28 23:39:03,207 INFO c.h.h.t.HelmChartContainer - [hivemq-test-hivemq-platform] [hivemq-platform-operator] [529d9460] 	at io.netty.util.concurrent.SingleThreadEventExecutor.runAllTasks(SingleThreadEventExecutor.java:472)
2025-01-28 23:39:03,207 INFO c.h.h.t.HelmChartContainer - [hivemq-test-hivemq-platform] [hivemq-platform-operator] [529d9460] 	at io.netty.channel.nio.NioEventLoop.run(NioEventLoop.java:569)
2025-01-28 23:39:03,207 INFO c.h.h.t.HelmChartContainer - [hivemq-test-hivemq-platform] [hivemq-platform-operator] [529d9460] 	at io.netty.util.concurrent.SingleThreadEventExecutor$4.run(SingleThreadEventExecutor.java:997)
2025-01-28 23:39:03,207 INFO c.h.h.t.HelmChartContainer - [hivemq-test-hivemq-platform] [hivemq-platform-operator] [529d9460] 	at io.netty.util.internal.ThreadExecutorMap$2.run(ThreadExecutorMap.java:74)
2025-01-28 23:39:03,207 INFO c.h.h.t.HelmChartContainer - [hivemq-test-hivemq-platform] [hivemq-platform-operator] [529d9460] 	at io.netty.util.concurrent.FastThreadLocalRunnable.run(FastThreadLocalRunnable.java:30)
2025-01-28 23:39:03,207 INFO c.h.h.t.HelmChartContainer - [hivemq-test-hivemq-platform] [hivemq-platform-operator] [529d9460] 	... 1 common frames omitted
2025-01-28 23:39:03,212 INFO c.h.h.t.HelmChartContainer - [hivemq-test-hivemq-platform] [hivemq-platform-operator] [529d9460] 23:39:03.207 [ReconcilerExecutor-hivemq-controller-132] INFO  c.h.p.o.HiveMQPlatformReconciler - [helmcust] Cleanup test-hivemq-platform - helmcustomconfigit HiveMQ Platform is shut down
2025-01-28 23:39:03,610 INFO c.h.h.t.HelmChartContainer - [POD] test-hivemq-platform-0 [c4a99efe-0b36-475b-acca-beb67556abd9] in helmcustomconfigit was MODIFIED
2025-01-28 23:39:03,626 INFO c.h.h.t.HelmChartContainer - [EVENT] Normal [Killing] Stopping container hivemq [helmcustomconfigit:test-hivemq-platform-0]
2025-01-28 23:39:03,626 INFO c.h.h.t.HelmChartContainer - Received Killing event for container hivemq in pod test-hivemq-platform-0 [c4a99efe-0b36-475b-acca-beb67556abd9]
2025-01-28 23:39:03,626 INFO c.h.h.t.HelmChartContainer - Container [test-hivemq-platform-0] [hivemq] [c4a99efe-0b36-475b-acca-beb67556abd9] was terminated
2025-01-28 23:39:03,626 INFO c.h.h.t.HelmChartContainer - Stopped log watcher for hivemq in pod test-hivemq-platform-0 [c4a99efe-0b36-475b-acca-beb67556abd9]
2025-01-28 23:39:03,627 INFO c.h.h.t.HelmChartContainer - [test-hivemq-platform] [hivemq] [c4a99efe] INFO  - [HiveMQ Platform Operator Init App 1.7.0-SNAPSHOT] Shutting down
2025-01-28 23:39:03,627 INFO c.h.h.t.HelmChartContainer - [test-hivemq-platform] [hivemq] [c4a99efe] INFO  - [HiveMQ Platform Operator Init App 1.7.0-SNAPSHOT] Stopping the HiveMQ Platform
2025-01-28 23:39:03,634 INFO c.h.h.t.HelmChartContainer - [POD] test-hivemq-platform-1 [a768d715-4892-4445-a80c-659c7f217a26] in helmcustomconfigit was MODIFIED
2025-01-28 23:39:03,651 INFO c.h.h.t.HelmChartContainer - [EVENT] Normal [Killing] Stopping container hivemq [helmcustomconfigit:test-hivemq-platform-1]
2025-01-28 23:39:03,651 INFO c.h.h.t.HelmChartContainer - Received Killing event for container hivemq in pod test-hivemq-platform-1 [a768d715-4892-4445-a80c-659c7f217a26]
2025-01-28 23:39:03,651 INFO c.h.h.t.HelmChartContainer - Container [test-hivemq-platform-1] [hivemq] [a768d715-4892-4445-a80c-659c7f217a26] was terminated
2025-01-28 23:39:03,651 INFO c.h.h.t.HelmChartContainer - Stopped log watcher for hivemq in pod test-hivemq-platform-1 [a768d715-4892-4445-a80c-659c7f217a26]
2025-01-28 23:39:03,656 INFO c.h.h.t.HelmChartContainer - [test-hivemq-platform] [hivemq] [a768d715] INFO  - [HiveMQ Platform Operator Init App 1.7.0-SNAPSHOT] Shutting down
2025-01-28 23:39:03,656 INFO c.h.h.t.HelmChartContainer - [test-hivemq-platform] [hivemq] [a768d715] INFO  - [HiveMQ Platform Operator Init App 1.7.0-SNAPSHOT] Stopping the HiveMQ Platform
2025-01-28 23:39:03,769 INFO c.h.h.t.HelmChartContainer - [test-hivemq-platform] [hivemq] [a768d715] INFO  - Shutting down HiveMQ. Please wait, this could take a while...
2025-01-28 23:39:03,773 INFO c.h.h.t.HelmChartContainer - [test-hivemq-platform] [hivemq] [a768d715] INFO  - Shutting down listeners and clients
2025-01-28 23:39:03,775 INFO c.h.h.t.HelmChartContainer - [test-hivemq-platform] [hivemq] [a768d715] INFO  - Shutdown of listeners is done
2025-01-28 23:39:03,776 INFO c.h.h.t.HelmChartContainer - [test-hivemq-platform] [hivemq] [a768d715] INFO  - No clients are connected, proceeding with shutdown
2025-01-28 23:39:03,824 INFO c.h.h.t.HelmChartContainer - [test-hivemq-platform] [hivemq] [c4a99efe] INFO  - Shutting down HiveMQ. Please wait, this could take a while...
2025-01-28 23:39:03,827 INFO c.h.h.t.HelmChartContainer - [test-hivemq-platform] [hivemq] [c4a99efe] INFO  - Shutting down listeners and clients
2025-01-28 23:39:03,828 INFO c.h.h.t.HelmChartContainer - [test-hivemq-platform] [hivemq] [c4a99efe] INFO  - Shutdown of listeners is done
2025-01-28 23:39:03,829 INFO c.h.h.t.HelmChartContainer - [test-hivemq-platform] [hivemq] [c4a99efe] INFO  - No clients are connected, proceeding with shutdown
2025-01-28 23:39:04,895 INFO c.h.h.t.HelmChartContainer - Deleting namespace 'helmcustomconfigit'...
2025-01-28 23:39:05,535 INFO c.h.h.t.HelmChartContainer - [test-hivemq-platform] [hivemq] [c4a99efe] INFO  - [HiveMQ Platform Operator Init App 1.7.0-SNAPSHOT] Returning shutdown Health API response 503 for readiness
2025-01-28 23:39:05,539 INFO c.h.h.t.HelmChartContainer - [EVENT] Warning [Unhealthy] Readiness probe failed: HTTP probe failed with statuscode: 503 [helmcustomconfigit:test-hivemq-platform-0]
2025-01-28 23:39:05,539 INFO c.h.h.t.HelmChartContainer - Received Unhealthy event for container hivemq in pod test-hivemq-platform-0 [c4a99efe-0b36-475b-acca-beb67556abd9]
2025-01-28 23:39:06,032 INFO c.h.h.t.HelmChartContainer - [K3S] [authentication.go:74] "Unable to authenticate the request" err="[invalid bearer token, serviceaccounts \"hivemq-platform-pod-test-hivemq-platform\" not found]"
2025-01-28 23:39:06,052 INFO c.h.h.t.HelmChartContainer - [K3S] [authentication.go:74] "Unable to authenticate the request" err="[invalid bearer token, serviceaccounts \"hivemq-platform-pod-test-hivemq-platform\" not found]"
2025-01-28 23:39:06,129 INFO c.h.h.t.HelmChartContainer - [test-hivemq-platform] [hivemq] [c4a99efe] WARN  - [HiveMQ Platform Operator Init App 1.7.0-SNAPSHOT] Could not update Pod annotations: Failure executing: GET at: https://10.43.0.1:443/api/v1/namespaces/helmcustomconfigit/pods/test-hivemq-platform-0. Message: Unauthorized. Received status: Status(apiVersion=v1, code=401, details=null, kind=Status, message=Unauthorized, metadata=ListMeta(_continue=null, remainingItemCount=null, resourceVersion=null, selfLink=null, additionalProperties={}), reason=Unauthorized, status=Failure, additionalProperties={}).
2025-01-28 23:39:06,531 INFO c.h.h.t.HelmChartContainer - [test-hivemq-platform] [hivemq] [c4a99efe] INFO  - Shutting down extension system
2025-01-28 23:39:06,533 INFO c.h.h.t.HelmChartContainer - [test-hivemq-platform] [hivemq] [c4a99efe] INFO  - Stopping extension with id hivemq-dns-cluster-discovery
2025-01-28 23:39:06,534 INFO c.h.h.t.HelmChartContainer - [test-hivemq-platform] [hivemq] [c4a99efe] INFO  - Extension "DNS Cluster Discovery Extension" version 4.3.2 stopped successfully.
2025-01-28 23:39:06,534 INFO c.h.h.t.HelmChartContainer - [test-hivemq-platform] [hivemq] [c4a99efe] INFO  - Stopping extension with id hivemq-prometheus-extension
2025-01-28 23:39:06,541 INFO c.h.h.t.HelmChartContainer - [test-hivemq-platform] [hivemq] [c4a99efe] INFO  - Extension "Prometheus Monitoring Extension" version 4.0.12 stopped successfully.
2025-01-28 23:39:06,542 INFO c.h.h.t.HelmChartContainer - [test-hivemq-platform] [hivemq] [c4a99efe] INFO  - Stopping extension with id hivemq-allow-all-extension
2025-01-28 23:39:06,542 INFO c.h.h.t.HelmChartContainer - [test-hivemq-platform] [hivemq] [c4a99efe] INFO  - Extension "Allow All Extension" version 1.1.1 stopped successfully.
2025-01-28 23:39:06,552 INFO c.h.h.t.HelmChartContainer - [test-hivemq-platform] [hivemq] [a768d715] INFO  - Cluster nodes found by discovery: [V3p0U|2] (1) [V3p0U].
2025-01-28 23:39:06,553 INFO c.h.h.t.HelmChartContainer - [test-hivemq-platform] [hivemq] [a768d715] INFO  - Cluster size = 1, members : [V3p0U].
2025-01-28 23:39:07,382 INFO c.h.h.t.HelmChartContainer - [test-hivemq-platform] [hivemq] [a768d715] INFO  - [HiveMQ Platform Operator Init App 1.7.0-SNAPSHOT] Returning shutdown Health API response 503 for readiness
2025-01-28 23:39:07,386 INFO c.h.h.t.HelmChartContainer - [EVENT] Warning [Unhealthy] Readiness probe failed: HTTP probe failed with statuscode: 503 [helmcustomconfigit:test-hivemq-platform-1]
2025-01-28 23:39:07,386 INFO c.h.h.t.HelmChartContainer - Received Unhealthy event for container hivemq in pod test-hivemq-platform-1 [a768d715-4892-4445-a80c-659c7f217a26]
2025-01-28 23:39:07,465 INFO c.h.h.t.HelmChartContainer - [test-hivemq-platform] [hivemq] [a768d715] INFO  - Shutting down extension system
2025-01-28 23:39:07,467 INFO c.h.h.t.HelmChartContainer - [test-hivemq-platform] [hivemq] [a768d715] INFO  - Stopping extension with id hivemq-dns-cluster-discovery
2025-01-28 23:39:07,468 INFO c.h.h.t.HelmChartContainer - [test-hivemq-platform] [hivemq] [a768d715] INFO  - Extension "DNS Cluster Discovery Extension" version 4.3.2 stopped successfully.
2025-01-28 23:39:07,468 INFO c.h.h.t.HelmChartContainer - [test-hivemq-platform] [hivemq] [a768d715] INFO  - Stopping extension with id hivemq-prometheus-extension
2025-01-28 23:39:07,474 INFO c.h.h.t.HelmChartContainer - [test-hivemq-platform] [hivemq] [a768d715] INFO  - Extension "Prometheus Monitoring Extension" version 4.0.12 stopped successfully.
2025-01-28 23:39:07,474 INFO c.h.h.t.HelmChartContainer - [test-hivemq-platform] [hivemq] [a768d715] INFO  - Stopping extension with id hivemq-allow-all-extension
2025-01-28 23:39:07,474 INFO c.h.h.t.HelmChartContainer - [test-hivemq-platform] [hivemq] [a768d715] INFO  - Extension "Allow All Extension" version 1.1.1 stopped successfully.
2025-01-28 23:39:07,882 INFO c.h.h.t.HelmChartContainer - [K3S] [authentication.go:74] "Unable to authenticate the request" err="[invalid bearer token, serviceaccounts \"hivemq-platform-pod-test-hivemq-platform\" not found]"
2025-01-28 23:39:07,901 INFO c.h.h.t.HelmChartContainer - [K3S] [authentication.go:74] "Unable to authenticate the request" err="[invalid bearer token, serviceaccounts \"hivemq-platform-pod-test-hivemq-platform\" not found]"
2025-01-28 23:39:07,903 INFO c.h.h.t.HelmChartContainer - [test-hivemq-platform] [hivemq] [a768d715] WARN  - [HiveMQ Platform Operator Init App 1.7.0-SNAPSHOT] Could not update Pod annotations: Failure executing: GET at: https://10.43.0.1:443/api/v1/namespaces/helmcustomconfigit/pods/test-hivemq-platform-1. Message: Unauthorized. Received status: Status(apiVersion=v1, code=401, details=null, kind=Status, message=Unauthorized, metadata=ListMeta(_continue=null, remainingItemCount=null, resourceVersion=null, selfLink=null, additionalProperties={}), reason=Unauthorized, status=Failure, additionalProperties={}).
2025-01-28 23:39:08,827 INFO c.h.h.t.HelmChartContainer - [test-hivemq-platform] [hivemq] [c4a99efe] INFO  - Shutdown completed.
2025-01-28 23:39:09,174 INFO c.h.h.t.HelmChartContainer - [test-hivemq-platform] [hivemq] [c4a99efe] INFO  - [HiveMQ Platform Operator Init App 1.7.0-SNAPSHOT] The HiveMQ Platform exited with code 143
2025-01-28 23:39:09,174 INFO c.h.h.t.HelmChartContainer - [test-hivemq-platform] [hivemq] [c4a99efe] INFO  - [HiveMQ Platform Operator Init App 1.7.0-SNAPSHOT] Stopping the REST API
2025-01-28 23:39:09,181 INFO c.h.h.t.HelmChartContainer - [test-hivemq-platform] [hivemq] [c4a99efe] INFO  - [HiveMQ Platform Operator Init App 1.7.0-SNAPSHOT] Shutdown complete
2025-01-28 23:39:09,691 INFO c.h.h.t.HelmChartContainer - [K3S] [reconciler_common.go:162] "operationExecutor.UnmountVolume started for volume \"operator-init\" (UniqueName: \"kubernetes.io/empty-dir/c4a99efe-0b36-475b-acca-beb67556abd9-operator-init\") pod \"c4a99efe-0b36-475b-acca-beb67556abd9\" (UID: \"c4a99efe-0b36-475b-acca-beb67556abd9\") "
2025-01-28 23:39:09,691 INFO c.h.h.t.HelmChartContainer - [K3S] [reconciler_common.go:162] "operationExecutor.UnmountVolume started for volume \"pod-info\" (UniqueName: \"kubernetes.io/configmap/c4a99efe-0b36-475b-acca-beb67556abd9-pod-info\") pod \"c4a99efe-0b36-475b-acca-beb67556abd9\" (UID: \"c4a99efe-0b36-475b-acca-beb67556abd9\") "
2025-01-28 23:39:09,691 INFO c.h.h.t.HelmChartContainer - [K3S] [reconciler_common.go:162] "operationExecutor.UnmountVolume started for volume \"kube-api-access-5wmsm\" (UniqueName: \"kubernetes.io/projected/c4a99efe-0b36-475b-acca-beb67556abd9-kube-api-access-5wmsm\") pod \"c4a99efe-0b36-475b-acca-beb67556abd9\" (UID: \"c4a99efe-0b36-475b-acca-beb67556abd9\") "
2025-01-28 23:39:09,691 INFO c.h.h.t.HelmChartContainer - [K3S] [reconciler_common.go:162] "operationExecutor.UnmountVolume started for volume \"broker-configuration\" (UniqueName: \"kubernetes.io/configmap/c4a99efe-0b36-475b-acca-beb67556abd9-broker-configuration\") pod \"c4a99efe-0b36-475b-acca-beb67556abd9\" (UID: \"c4a99efe-0b36-475b-acca-beb67556abd9\") "
2025-01-28 23:39:09,701 INFO c.h.h.t.HelmChartContainer - [POD] test-hivemq-platform-0 [c4a99efe-0b36-475b-acca-beb67556abd9] in helmcustomconfigit was MODIFIED
2025-01-28 23:39:09,701 INFO c.h.h.t.HelmChartContainer - [K3S] [stateful_set.go:438] "Unhandled Error" err="error syncing StatefulSet helmcustomconfigit/test-hivemq-platform, requeuing: controllerrevisions.apps \"test-hivemq-platform-5ddc57bf8b\" is forbidden: unable to create new content in namespace helmcustomconfigit because it is being terminated"
2025-01-28 23:39:09,710 INFO c.h.h.t.HelmChartContainer - [K3S] [stateful_set.go:438] "Unhandled Error" err="error syncing StatefulSet helmcustomconfigit/test-hivemq-platform, requeuing: controllerrevisions.apps \"test-hivemq-platform-5ddc57bf8b\" is forbidden: unable to create new content in namespace helmcustomconfigit because it is being terminated"
2025-01-28 23:39:09,723 INFO c.h.h.t.HelmChartContainer - [K3S] [stateful_set.go:438] "Unhandled Error" err="error syncing StatefulSet helmcustomconfigit/test-hivemq-platform, requeuing: controllerrevisions.apps \"test-hivemq-platform-5ddc57bf8b\" is forbidden: unable to create new content in namespace helmcustomconfigit because it is being terminated"
2025-01-28 23:39:09,747 INFO c.h.h.t.HelmChartContainer - [K3S] [stateful_set.go:438] "Unhandled Error" err="error syncing StatefulSet helmcustomconfigit/test-hivemq-platform, requeuing: controllerrevisions.apps \"test-hivemq-platform-5ddc57bf8b\" is forbidden: unable to create new content in namespace helmcustomconfigit because it is being terminated"
2025-01-28 23:39:09,789 INFO c.h.h.t.HelmChartContainer - [K3S] [stateful_set.go:438] "Unhandled Error" err="error syncing StatefulSet helmcustomconfigit/test-hivemq-platform, requeuing: controllerrevisions.apps \"test-hivemq-platform-5ddc57bf8b\" is forbidden: unable to create new content in namespace helmcustomconfigit because it is being terminated"
2025-01-28 23:39:09,791 INFO c.h.h.t.HelmChartContainer - [K3S] [reconciler_common.go:299] "Volume detached for volume \"operator-init\" (UniqueName: \"kubernetes.io/empty-dir/c4a99efe-0b36-475b-acca-beb67556abd9-operator-init\") on node \"349c386a830b\" DevicePath \"\""
2025-01-28 23:39:09,791 INFO c.h.h.t.HelmChartContainer - [K3S] [reconciler_common.go:299] "Volume detached for volume \"pod-info\" (UniqueName: \"kubernetes.io/configmap/c4a99efe-0b36-475b-acca-beb67556abd9-pod-info\") on node \"349c386a830b\" DevicePath \"\""
2025-01-28 23:39:09,791 INFO c.h.h.t.HelmChartContainer - [K3S] [reconciler_common.go:299] "Volume detached for volume \"broker-configuration\" (UniqueName: \"kubernetes.io/configmap/c4a99efe-0b36-475b-acca-beb67556abd9-broker-configuration\") on node \"349c386a830b\" DevicePath \"\""
2025-01-28 23:39:09,791 INFO c.h.h.t.HelmChartContainer - [K3S] [reconciler_common.go:299] "Volume detached for volume \"kube-api-access-5wmsm\" (UniqueName: \"kubernetes.io/projected/c4a99efe-0b36-475b-acca-beb67556abd9-kube-api-access-5wmsm\") on node \"349c386a830b\" DevicePath \"\""
2025-01-28 23:39:09,809 INFO c.h.h.t.HelmChartContainer - [test-hivemq-platform] [hivemq] [a768d715] INFO  - Shutdown completed.
2025-01-28 23:39:09,872 INFO c.h.h.t.HelmChartContainer - [K3S] [stateful_set.go:438] "Unhandled Error" err="error syncing StatefulSet helmcustomconfigit/test-hivemq-platform, requeuing: controllerrevisions.apps \"test-hivemq-platform-5ddc57bf8b\" is forbidden: unable to create new content in namespace helmcustomconfigit because it is being terminated"
2025-01-28 23:39:10,010 INFO c.h.h.t.HelmChartContainer - [K3S] [stateful_set.go:466] "StatefulSet has been deleted" key="helmcustomconfigit/test-hivemq-platform"
2025-01-28 23:39:10,033 INFO c.h.h.t.HelmChartContainer - [K3S] [stateful_set.go:466] "StatefulSet has been deleted" key="helmcustomconfigit/test-hivemq-platform"
2025-01-28 23:39:10,158 INFO c.h.h.t.HelmChartContainer - [test-hivemq-platform] [hivemq] [a768d715] INFO  - [HiveMQ Platform Operator Init App 1.7.0-SNAPSHOT] The HiveMQ Platform exited with code 143
2025-01-28 23:39:10,158 INFO c.h.h.t.HelmChartContainer - [test-hivemq-platform] [hivemq] [a768d715] INFO  - [HiveMQ Platform Operator Init App 1.7.0-SNAPSHOT] Stopping the REST API
2025-01-28 23:39:10,165 INFO c.h.h.t.HelmChartContainer - [test-hivemq-platform] [hivemq] [a768d715] INFO  - [HiveMQ Platform Operator Init App 1.7.0-SNAPSHOT] Shutdown complete
2025-01-28 23:39:10,549 INFO c.h.h.t.HelmChartContainer - [K3S] [scope.go:117] "RemoveContainer" containerID="db850279b25e2d52e9e3216d4dd9084acd59f01a799b8eb3ec2302f178acd862"
2025-01-28 23:39:10,561 INFO c.h.h.t.HelmChartContainer - [POD] test-hivemq-platform-0 [c4a99efe-0b36-475b-acca-beb67556abd9] in helmcustomconfigit was MODIFIED
2025-01-28 23:39:10,568 INFO c.h.h.t.HelmChartContainer - [POD] test-hivemq-platform-0 [c4a99efe-0b36-475b-acca-beb67556abd9] in helmcustomconfigit was DELETED
2025-01-28 23:39:10,668 INFO c.h.h.t.HelmChartContainer - [K3S] [scope.go:117] "RemoveContainer" containerID="c3efc32d276c53c288cb09d7bab7b28ebc5d07d19521b4327112fdcb008e54b3"
2025-01-28 23:39:10,673 INFO c.h.h.t.HelmChartContainer - [K3S] [scope.go:117] "RemoveContainer" containerID="db850279b25e2d52e9e3216d4dd9084acd59f01a799b8eb3ec2302f178acd862"
2025-01-28 23:39:10,673 INFO c.h.h.t.HelmChartContainer - [K3S] [scope.go:117] "RemoveContainer" containerID="c3efc32d276c53c288cb09d7bab7b28ebc5d07d19521b4327112fdcb008e54b3"
2025-01-28 23:39:10,675 INFO c.h.h.t.HelmChartContainer - [POD] test-hivemq-platform-1 [a768d715-4892-4445-a80c-659c7f217a26] in helmcustomconfigit was MODIFIED
2025-01-28 23:39:10,696 INFO c.h.h.t.HelmChartContainer - [K3S] [reconciler_common.go:162] "operationExecutor.UnmountVolume started for volume \"operator-init\" (UniqueName: \"kubernetes.io/empty-dir/a768d715-4892-4445-a80c-659c7f217a26-operator-init\") pod \"a768d715-4892-4445-a80c-659c7f217a26\" (UID: \"a768d715-4892-4445-a80c-659c7f217a26\") "
2025-01-28 23:39:10,697 INFO c.h.h.t.HelmChartContainer - [K3S] [reconciler_common.go:162] "operationExecutor.UnmountVolume started for volume \"broker-configuration\" (UniqueName: \"kubernetes.io/configmap/a768d715-4892-4445-a80c-659c7f217a26-broker-configuration\") pod \"a768d715-4892-4445-a80c-659c7f217a26\" (UID: \"a768d715-4892-4445-a80c-659c7f217a26\") "
2025-01-28 23:39:10,697 INFO c.h.h.t.HelmChartContainer - [K3S] [reconciler_common.go:162] "operationExecutor.UnmountVolume started for volume \"kube-api-access-ldxc4\" (UniqueName: \"kubernetes.io/projected/a768d715-4892-4445-a80c-659c7f217a26-kube-api-access-ldxc4\") pod \"a768d715-4892-4445-a80c-659c7f217a26\" (UID: \"a768d715-4892-4445-a80c-659c7f217a26\") "
2025-01-28 23:39:10,697 INFO c.h.h.t.HelmChartContainer - [K3S] [reconciler_common.go:162] "operationExecutor.UnmountVolume started for volume \"pod-info\" (UniqueName: \"kubernetes.io/configmap/a768d715-4892-4445-a80c-659c7f217a26-pod-info\") pod \"a768d715-4892-4445-a80c-659c7f217a26\" (UID: \"a768d715-4892-4445-a80c-659c7f217a26\") "
2025-01-28 23:39:10,796 INFO c.h.h.t.HelmChartContainer - [K3S] [reconciler_common.go:299] "Volume detached for volume \"broker-configuration\" (UniqueName: \"kubernetes.io/configmap/a768d715-4892-4445-a80c-659c7f217a26-broker-configuration\") on node \"349c386a830b\" DevicePath \"\""
2025-01-28 23:39:10,796 INFO c.h.h.t.HelmChartContainer - [K3S] [reconciler_common.go:299] "Volume detached for volume \"kube-api-access-ldxc4\" (UniqueName: \"kubernetes.io/projected/a768d715-4892-4445-a80c-659c7f217a26-kube-api-access-ldxc4\") on node \"349c386a830b\" DevicePath \"\""
2025-01-28 23:39:10,796 INFO c.h.h.t.HelmChartContainer - [K3S] [reconciler_common.go:299] "Volume detached for volume \"pod-info\" (UniqueName: \"kubernetes.io/configmap/a768d715-4892-4445-a80c-659c7f217a26-pod-info\") on node \"349c386a830b\" DevicePath \"\""
2025-01-28 23:39:10,797 INFO c.h.h.t.HelmChartContainer - [K3S] [reconciler_common.go:299] "Volume detached for volume \"operator-init\" (UniqueName: \"kubernetes.io/empty-dir/a768d715-4892-4445-a80c-659c7f217a26-operator-init\") on node \"349c386a830b\" DevicePath \"\""
2025-01-28 23:39:11,553 INFO c.h.h.t.HelmChartContainer - [K3S] [scope.go:117] "RemoveContainer" containerID="384c62618289b4bd5a1ed7a837a5ad38bcd527c2426212a9ca3f77f9b813cf59"
2025-01-28 23:39:11,565 INFO c.h.h.t.HelmChartContainer - [POD] test-hivemq-platform-1 [a768d715-4892-4445-a80c-659c7f217a26] in helmcustomconfigit was MODIFIED
2025-01-28 23:39:11,571 INFO c.h.h.t.HelmChartContainer - [POD] test-hivemq-platform-1 [a768d715-4892-4445-a80c-659c7f217a26] in helmcustomconfigit was DELETED
2025-01-28 23:39:11,650 INFO c.h.h.t.HelmChartContainer - [K3S] [scope.go:117] "RemoveContainer" containerID="cf03eb5dbfbad3721265fd00e7a3ff1f9a7a3cfd61a16119719531b8ef09040c"
2025-01-28 23:39:11,653 INFO c.h.h.t.HelmChartContainer - [K3S] [scope.go:117] "RemoveContainer" containerID="384c62618289b4bd5a1ed7a837a5ad38bcd527c2426212a9ca3f77f9b813cf59"
2025-01-28 23:39:11,654 INFO c.h.h.t.HelmChartContainer - [K3S] [scope.go:117] "RemoveContainer" containerID="cf03eb5dbfbad3721265fd00e7a3ff1f9a7a3cfd61a16119719531b8ef09040c"
2025-01-28 23:39:12,047 INFO c.h.h.t.HelmChartContainer - [K3S] [kubelet_volumes.go:163] "Cleaned up orphaned pod volumes dir" podUID="a768d715-4892-4445-a80c-659c7f217a26" path="/var/lib/kubelet/pods/a768d715-4892-4445-a80c-659c7f217a26/volumes"
2025-01-28 23:39:12,048 INFO c.h.h.t.HelmChartContainer - [K3S] [kubelet_volumes.go:163] "Cleaned up orphaned pod volumes dir" podUID="c4a99efe-0b36-475b-acca-beb67556abd9" path="/var/lib/kubelet/pods/c4a99efe-0b36-475b-acca-beb67556abd9/volumes"
2025-01-28 23:39:15,238 INFO c.h.h.t.HelmChartContainer - Namespace 'helmcustomconfigit' deleted
2025-01-28 23:39:15,238 INFO c.h.h.t.HelmChartContainer - Release 'test-hivemq-platform' in namespace 'helmcustomconfigit' is uninstalled
2025-01-28 23:39:15,238 INFO c.h.h.t.HelmChartContainer - Uninstalling release 'test-hivemq-platform-operator' in namespace 'helmcustomconfigit-operator'...
2025-01-28 23:39:15,238 DEBUG c.h.h.t.HelmChartContainer - Executing helm command: /bin/helm --kubeconfig /etc/rancher/k3s/k3s.yaml uninstall test-hivemq-platform-operator  --wait --timeout 5m0s --cascade foreground --namespace helmcustomconfigit-operator
2025-01-28 23:39:15,399 INFO c.h.h.t.HelmChartContainer - [K3S] [replica_set.go:679] "Finished syncing" kind="ReplicaSet" key="helmcustomconfigit-operator/hivemq-test-hivemq-platform-operator-67f7c95fb6" duration="7.963096ms"
2025-01-28 23:39:15,399 INFO c.h.h.t.HelmChartContainer - [K3S] [replica_set.go:679] "Finished syncing" kind="ReplicaSet" key="helmcustomconfigit-operator/hivemq-test-hivemq-platform-operator-67f7c95fb6" duration="31.258µs"
2025-01-28 23:39:15,425 INFO c.h.h.t.HelmChartContainer - [POD] hivemq-test-hivemq-platform-operator-67f7c95fb6-975vv [529d9460-9a31-48e4-92c9-4477fb9042e3] in helmcustomconfigit-operator was MODIFIED
2025-01-28 23:39:15,436 INFO c.h.h.t.HelmChartContainer - [K3S] [replica_set.go:679] "Finished syncing" kind="ReplicaSet" key="helmcustomconfigit-operator/hivemq-test-hivemq-platform-operator-67f7c95fb6" duration="12.606884ms"
2025-01-28 23:39:15,437 INFO c.h.h.t.HelmChartContainer - [K3S] [replica_set.go:679] "Finished syncing" kind="ReplicaSet" key="helmcustomconfigit-operator/hivemq-test-hivemq-platform-operator-67f7c95fb6" duration="32.17µs"
2025-01-28 23:39:15,437 INFO c.h.h.t.HelmChartContainer - [hivemq-test-hivemq-platform] [hivemq-platform-operator] [529d9460] 23:39:15.434 [application-shutdown-thread] INFO  c.h.p.o.HiveMQPlatformOperatorApplication - HiveMQ Platform Operator is stopping...
2025-01-28 23:39:15,438 INFO c.h.h.t.HelmChartContainer - [hivemq-test-hivemq-platform] [hivemq-platform-operator] [529d9460] 23:39:15.434 [application-shutdown-thread] INFO  i.javaoperatorsdk.operator.Operator - Operator SDK 4.9.7 is shutting down...
2025-01-28 23:39:15,437 INFO c.h.h.t.HelmChartContainer - [EVENT] Normal [Killing] Stopping container hivemq-platform-operator [helmcustomconfigit-operator:hivemq-test-hivemq-platform-operator-67f7c95fb6-975vv]
2025-01-28 23:39:15,438 INFO c.h.h.t.HelmChartContainer - Received Killing event for container hivemq-platform-operator in pod hivemq-test-hivemq-platform-operator-67f7c95fb6-975vv [529d9460-9a31-48e4-92c9-4477fb9042e3]
2025-01-28 23:39:15,438 INFO c.h.h.t.HelmChartContainer - Container [hivemq-test-hivemq-platform-operator-67f7c95fb6-975vv] [hivemq-platform-operator] [529d9460-9a31-48e4-92c9-4477fb9042e3] was terminated
2025-01-28 23:39:15,438 INFO c.h.h.t.HelmChartContainer - Stopped log watcher for hivemq-platform-operator in pod hivemq-test-hivemq-platform-operator-67f7c95fb6-975vv [529d9460-9a31-48e4-92c9-4477fb9042e3]
2025-01-28 23:39:15,953 INFO c.h.h.t.HelmChartContainer - [K3S] [replica_set.go:679] "Finished syncing" kind="ReplicaSet" key="helmcustomconfigit-operator/hivemq-test-hivemq-platform-operator-67f7c95fb6" duration="58.348µs"
2025-01-28 23:39:15,954 INFO c.h.h.t.HelmChartContainer - [POD] hivemq-test-hivemq-platform-operator-67f7c95fb6-975vv [529d9460-9a31-48e4-92c9-4477fb9042e3] in helmcustomconfigit-operator was MODIFIED
2025-01-28 23:39:16,027 INFO c.h.h.t.HelmChartContainer - [K3S] [reconciler_common.go:162] "operationExecutor.UnmountVolume started for volume \"kube-api-access-phjr2\" (UniqueName: \"kubernetes.io/projected/529d9460-9a31-48e4-92c9-4477fb9042e3-kube-api-access-phjr2\") pod \"529d9460-9a31-48e4-92c9-4477fb9042e3\" (UID: \"529d9460-9a31-48e4-92c9-4477fb9042e3\") "
2025-01-28 23:39:16,127 INFO c.h.h.t.HelmChartContainer - [K3S] [reconciler_common.go:299] "Volume detached for volume \"kube-api-access-phjr2\" (UniqueName: \"kubernetes.io/projected/529d9460-9a31-48e4-92c9-4477fb9042e3-kube-api-access-phjr2\") on node \"349c386a830b\" DevicePath \"\""
2025-01-28 23:39:16,561 INFO c.h.h.t.HelmChartContainer - [K3S] [scope.go:117] "RemoveContainer" containerID="8c55523e95bd0b1eb8b10fd54f67b625a0c450f22c01d17a0b69c76d626d06dc"
2025-01-28 23:39:16,565 INFO c.h.h.t.HelmChartContainer - [K3S] [scope.go:117] "RemoveContainer" containerID="8c55523e95bd0b1eb8b10fd54f67b625a0c450f22c01d17a0b69c76d626d06dc"
2025-01-28 23:39:16,569 INFO c.h.h.t.HelmChartContainer - [K3S] [replica_set.go:679] "Finished syncing" kind="ReplicaSet" key="helmcustomconfigit-operator/hivemq-test-hivemq-platform-operator-67f7c95fb6" duration="48.811µs"
2025-01-28 23:39:16,570 INFO c.h.h.t.HelmChartContainer - [POD] hivemq-test-hivemq-platform-operator-67f7c95fb6-975vv [529d9460-9a31-48e4-92c9-4477fb9042e3] in helmcustomconfigit-operator was MODIFIED
2025-01-28 23:39:16,572 INFO c.h.h.t.HelmChartContainer - [POD] hivemq-test-hivemq-platform-operator-67f7c95fb6-975vv [529d9460-9a31-48e4-92c9-4477fb9042e3] in helmcustomconfigit-operator was DELETED
2025-01-28 23:39:16,572 INFO c.h.h.t.HelmChartContainer - [K3S] [replica_set.go:679] "Finished syncing" kind="ReplicaSet" key="helmcustomconfigit-operator/hivemq-test-hivemq-platform-operator-67f7c95fb6" duration="32.41µs"
2025-01-28 23:39:16,581 INFO c.h.h.t.HelmChartContainer - [K3S] [replica_set.go:679] "Finished syncing" kind="ReplicaSet" key="helmcustomconfigit-operator/hivemq-test-hivemq-platform-operator-67f7c95fb6" duration="5.25µs"
2025-01-28 23:39:17,457 INFO c.h.h.t.HelmChartContainer - Deleting namespace 'helmcustomconfigit-operator'...
2025-01-28 23:39:18,047 INFO c.h.h.t.HelmChartContainer - [K3S] [kubelet_volumes.go:163] "Cleaned up orphaned pod volumes dir" podUID="529d9460-9a31-48e4-92c9-4477fb9042e3" path="/var/lib/kubelet/pods/529d9460-9a31-48e4-92c9-4477fb9042e3/volumes"
2025-01-28 23:39:20,166 INFO c.h.h.t.HelmChartContainer - [K3S] [namespace_controller.go:187] "Namespace has been deleted" namespace="helmcustomconfigit"
2025-01-28 23:39:22,672 INFO c.h.h.t.HelmChartContainer - Namespace 'helmcustomconfigit-operator' deleted
2025-01-28 23:39:22,672 INFO c.h.h.t.HelmChartContainer - Release 'test-hivemq-platform-operator' in namespace 'helmcustomconfigit-operator' is uninstalled
2025-01-28 23:39:23,453 INFO c.h.helmcharts.AbstractHelmChartIT - Removed unused containers:

2025-01-28 23:39:27,584 INFO c.h.h.t.HelmChartContainer - [K3S] [namespace_controller.go:187] "Namespace has been deleted" namespace="helmcustomconfigit-operator"
2025-01-28 23:39:30,370 INFO c.h.h.t.HelmChartContainer - [K3S] [range_allocator.go:247] "Successfully synced" key="349c386a830b"
2025-01-28 23:39:30,995 INFO c.h.helmcharts.AbstractHelmChartIT - Removed unused snapshots:
Removing snapshot sha256:03af251906410714c5aef9fa705b63f6bbc39c4a5e787de7361eeb18886c2ed2
Removing snapshot sha256:0c46b3b43cce082ce5ec34ffc6c294e0417d17b9d1e6f366d114b6aadc4f96dc
Removing snapshot sha256:0ce761beee59082d6ed5bcebd3a805b8ddd9b3426b617e4809e7fb7c6587ffec
Removing snapshot sha256:0df91287303208332c8ff6ba40ae4710105201739addbfbddfb955f1ad593664
Removing snapshot sha256:1021ef88c7974bfff89c5a0ec4fd3160daac6c48a075f74cff721f85dd104e68
Removing snapshot sha256:10aba4953ddc18145dd38e3704709bc464aa20af60b56fe52caaff4b68411e62
Removing snapshot sha256:228bae71e5aaa78fd684ca62109392ed113e4f9a26ca17fd6cd3fd3a0be616b0
Removing snapshot sha256:2573e0d8158209ed54ab25c87bcdcb00bd3d2539246960a3d592a1c599d70465
Removing snapshot sha256:362a8a37f8bbc31925a8146adcf7cf51f9882f5c1dcbef67c5baa03a297543c0
Removing snapshot sha256:43a7c979bbaba6838bc3102d6b10a1459f3ab050b87ccdfef84ef90cf43d3058
Removing snapshot sha256:4ab04491cdf0d3267f08206fe30bd48f49f94b9cab2f016d6739220f722a64af
Removing snapshot sha256:4b6068250e89c96f263060261819c7d912855bfbd64b3eb4c4a8483299b8c295
Removing snapshot sha256:580e69a0a8034ede1921139bbd2bfb72a69ebf276d008281896c32dd8bf74775
Removing snapshot sha256:5d30ba46b27fe37484567ccc5242cadc78217b8da605f3f195ef25cbf7487904
Removing snapshot sha256:63ca1fbb43ae5034640e5e6cb3e083e05c290072c5366fcaa9d62435a4cced85
Removing snapshot sha256:67f702c6baae873bceb19487c8b1f27bd2b86077e4f2f0e480e6d60ab508b8f5
Removing snapshot sha256:6864348dd42806d552efdec384f1274be15e2d0c10ce44c1f04347af004c10a9
Removing snapshot sha256:6c7dee8f2c39b84b7dc2711c01d33de93514d9055499173e9290176fbe484b6c
Removing snapshot sha256:7155fa4486bdce32759c33b5b6bc72be82aaa2380bb09b479bfc2ccfb04ed1a1
Removing snapshot sha256:82753493a6d61ded36556292f02f31841a14c20d2f279f19eaad65afb661d5cd
Removing snapshot sha256:8a10d3db42c505ee0fcfa98417bdd7e39b304f6bcc0a06bb1b220797ff2cc63c
Removing snapshot sha256:a21e5b12dbac529ad45d976eb9ce45c881f3bedcc500fb30aba1e52aa1813418
Removing snapshot sha256:b921e6c28969094157f9b8e7244677780319637afd14450b7cb6b2fdea558a0c
Removing snapshot sha256:bc27ecb5769a00e309cf99ebc763c4a4b958b618d1decc96ffac5bc05f02f5b7
Removing snapshot sha256:be3ccb6627a5332e309d45ef461d09b4879dd870c7394d89323d0ebc6ca6aa8a
Removing snapshot sha256:c261f7cbbc64211ee175ee47273acdb7b1a36a4450b397a064a8f2c026490095
Removing snapshot sha256:c34d9393647eea0c9e3557ab988efaf59f61d10a2a5613b439ef0958cca5ec10
Removing snapshot sha256:ccf3c4a0fa967a41c1c83497a2ce6fa5787965859df0adb32c4ca2cf7490bc2b
Removing snapshot sha256:cf92d33f869417309692088c341cd0f223c178ea78a125f757317b22aa8f90e9
Removing snapshot sha256:d0037344cf2fb078884f1849f6a1f8cf9a33a3b6139b6a85833e5ee528e1f9a8
Removing snapshot sha256:d3b36d5b79273b1e98e7700470eaeff05a882e777124d84cebcc1505b85ecb36
Removing snapshot sha256:d65a44a37914602d12c611e5e22a50f11451d847e63015cc1c2aef92dee777a4
Removing snapshot sha256:e2dc0bae2455930f23ae570e019b7f32edc75c0f2d71cab084db837ff9051796
Removing snapshot sha256:eccbd24a99c60cd9e86ee5305dbfc4a4dc89f5ab4fb1f06c8d64797cecedef34
Removing snapshot sha256:f144bb4c7c7f0d2aa7eeffd36d934ec40db1ee167be727e326aad9fdc616f475

]]></system-out>
  </testcase>
  <testcase name="withCustomXml_hivemqRunning()" classname="com.hivemq.helmcharts.platform.HelmCustomConfigIT" time="143.064">
    <system-out><![CDATA[2025-01-28 23:39:30,997 INFO c.h.h.t.HelmChartContainer - Creating namespace 'helmcustomconfigit-operator'...
2025-01-28 23:39:31,006 INFO c.h.h.t.HelmChartContainer - Namespace 'helmcustomconfigit-operator' created
2025-01-28 23:39:31,006 INFO c.h.h.t.HelmChartContainer - Creating namespace 'helmcustomconfigit'...
2025-01-28 23:39:31,012 INFO c.h.h.t.HelmChartContainer - Namespace 'helmcustomconfigit' created
2025-01-28 23:39:31,081 DEBUG c.h.h.t.HelmChartContainer - Executing helm command: /bin/helm --kubeconfig /etc/rancher/k3s/k3s.yaml install test-hivemq-platform-operator /charts/hivemq-platform-operator --wait --timeout 5m0s --set image.repository=docker.io/hivemq --set image.name=hivemq-platform-operator-test --set image.initImageName=hivemq-platform-operator-init-test --set image.tag=snapshot --set image.pullPolicy=Never --set logLevel=DEBUG --set resources.cpu=512m --namespace helmcustomconfigit-operator
2025-01-28 23:39:31,411 INFO c.h.h.t.HelmChartContainer - [K3S] [alloc.go:330] "allocated clusterIPs" service="helmcustomconfigit-operator/hivemq-platform-operator-test-hivemq-platform-operator" clusterIPs={"IPv4":"10.43.90.214"}
2025-01-28 23:39:31,428 INFO c.h.h.t.HelmChartContainer - [EVENT] Normal [ScalingReplicaSet] Scaled up replica set hivemq-test-hivemq-platform-operator-6966f96d65 from 0 to 1 [helmcustomconfigit-operator:hivemq-test-hivemq-platform-operator]
2025-01-28 23:39:31,435 INFO c.h.h.t.HelmChartContainer - [POD] hivemq-test-hivemq-platform-operator-6966f96d65-82rb8 [9e94c76f-d008-4455-b017-ca548e11ab9f] in helmcustomconfigit-operator was ADDED
2025-01-28 23:39:31,444 INFO c.h.h.t.HelmChartContainer - [K3S] [memory_manager.go:355] "RemoveStaleState removing state" podUID="c4a99efe-0b36-475b-acca-beb67556abd9" containerName="hivemq"
2025-01-28 23:39:31,444 INFO c.h.h.t.HelmChartContainer - [K3S] [memory_manager.go:355] "RemoveStaleState removing state" podUID="a768d715-4892-4445-a80c-659c7f217a26" containerName="hivemq"
2025-01-28 23:39:31,444 INFO c.h.h.t.HelmChartContainer - [K3S] [memory_manager.go:355] "RemoveStaleState removing state" podUID="529d9460-9a31-48e4-92c9-4477fb9042e3" containerName="hivemq-platform-operator"
2025-01-28 23:39:31,444 INFO c.h.h.t.HelmChartContainer - [POD] hivemq-test-hivemq-platform-operator-6966f96d65-82rb8 [9e94c76f-d008-4455-b017-ca548e11ab9f] in helmcustomconfigit-operator was MODIFIED
2025-01-28 23:39:31,445 INFO c.h.h.t.HelmChartContainer - [EVENT] Normal [SuccessfulCreate] Created pod: hivemq-test-hivemq-platform-operator-6966f96d65-82rb8 [helmcustomconfigit-operator:hivemq-test-hivemq-platform-operator-6966f96d65]
2025-01-28 23:39:31,446 INFO c.h.h.t.HelmChartContainer - [K3S] [replica_set.go:679] "Finished syncing" kind="ReplicaSet" key="helmcustomconfigit-operator/hivemq-test-hivemq-platform-operator-6966f96d65" duration="23.353167ms"
2025-01-28 23:39:31,450 INFO c.h.h.t.HelmChartContainer - [EVENT] Normal [Scheduled] Successfully assigned helmcustomconfigit-operator/hivemq-test-hivemq-platform-operator-6966f96d65-82rb8 to 349c386a830b [helmcustomconfigit-operator:hivemq-test-hivemq-platform-operator-6966f96d65-82rb8]
2025-01-28 23:39:31,458 INFO c.h.h.t.HelmChartContainer - [K3S] [replica_set.go:679] "Finished syncing" kind="ReplicaSet" key="helmcustomconfigit-operator/hivemq-test-hivemq-platform-operator-6966f96d65" duration="10.112098ms"
2025-01-28 23:39:31,459 INFO c.h.h.t.HelmChartContainer - [POD] hivemq-test-hivemq-platform-operator-6966f96d65-82rb8 [9e94c76f-d008-4455-b017-ca548e11ab9f] in helmcustomconfigit-operator was MODIFIED
2025-01-28 23:39:31,470 INFO c.h.h.t.HelmChartContainer - [K3S] [replica_set.go:679] "Finished syncing" kind="ReplicaSet" key="helmcustomconfigit-operator/hivemq-test-hivemq-platform-operator-6966f96d65" duration="13.884322ms"
2025-01-28 23:39:31,470 INFO c.h.h.t.HelmChartContainer - [K3S] [replica_set.go:679] "Finished syncing" kind="ReplicaSet" key="helmcustomconfigit-operator/hivemq-test-hivemq-platform-operator-6966f96d65" duration="35.596µs"
2025-01-28 23:39:31,516 INFO c.h.h.t.HelmChartContainer - [K3S] [reconciler_common.go:251] "operationExecutor.VerifyControllerAttachedVolume started for volume \"kube-api-access-rdlxj\" (UniqueName: \"kubernetes.io/projected/9e94c76f-d008-4455-b017-ca548e11ab9f-kube-api-access-rdlxj\") pod \"hivemq-test-hivemq-platform-operator-6966f96d65-82rb8\" (UID: \"9e94c76f-d008-4455-b017-ca548e11ab9f\") " pod="helmcustomconfigit-operator/hivemq-test-hivemq-platform-operator-6966f96d65-82rb8"
2025-01-28 23:39:31,838 INFO c.h.h.t.HelmChartContainer - [EVENT] Normal [Pulled] Container image "docker.io/hivemq/hivemq-platform-operator-test:snapshot" already present on machine [helmcustomconfigit-operator:hivemq-test-hivemq-platform-operator-6966f96d65-82rb8]
2025-01-28 23:39:31,838 INFO c.h.h.t.HelmChartContainer - Received Pulled event for container hivemq-platform-operator in pod hivemq-test-hivemq-platform-operator-6966f96d65-82rb8 [9e94c76f-d008-4455-b017-ca548e11ab9f]
2025-01-28 23:39:33,075 INFO c.h.h.t.HelmChartContainer - [EVENT] Normal [Created] Created container: hivemq-platform-operator [helmcustomconfigit-operator:hivemq-test-hivemq-platform-operator-6966f96d65-82rb8]
2025-01-28 23:39:33,075 INFO c.h.h.t.HelmChartContainer - Received Created event for container hivemq-platform-operator in pod hivemq-test-hivemq-platform-operator-6966f96d65-82rb8 [9e94c76f-d008-4455-b017-ca548e11ab9f]
2025-01-28 23:39:33,597 INFO c.h.h.t.HelmChartContainer - [K3S] [replica_set.go:679] "Finished syncing" kind="ReplicaSet" key="helmcustomconfigit-operator/hivemq-test-hivemq-platform-operator-6966f96d65" duration="46.687µs"
2025-01-28 23:39:33,599 INFO c.h.h.t.HelmChartContainer - [POD] hivemq-test-hivemq-platform-operator-6966f96d65-82rb8 [9e94c76f-d008-4455-b017-ca548e11ab9f] in helmcustomconfigit-operator was MODIFIED
2025-01-28 23:39:33,612 INFO c.h.h.t.HelmChartContainer - Started log watcher for hivemq-platform-operator in pod hivemq-test-hivemq-platform-operator-6966f96d65-82rb8 [9e94c76f-d008-4455-b017-ca548e11ab9f]
2025-01-28 23:39:33,612 INFO c.h.h.t.HelmChartContainer - [EVENT] Normal [Started] Started container hivemq-platform-operator [helmcustomconfigit-operator:hivemq-test-hivemq-platform-operator-6966f96d65-82rb8]
2025-01-28 23:39:33,612 INFO c.h.h.t.HelmChartContainer - Received Started event for container hivemq-platform-operator in pod hivemq-test-hivemq-platform-operator-6966f96d65-82rb8 [9e94c76f-d008-4455-b017-ca548e11ab9f]
2025-01-28 23:39:33,613 INFO c.h.h.t.HelmChartContainer - [hivemq-test-hivemq-platform] [hivemq-platform-operator] [9e94c76f] -------------------------------------------------------------------------
2025-01-28 23:39:33,613 INFO c.h.h.t.HelmChartContainer - [hivemq-test-hivemq-platform] [hivemq-platform-operator] [9e94c76f] 
2025-01-28 23:39:33,613 INFO c.h.h.t.HelmChartContainer - [hivemq-test-hivemq-platform] [hivemq-platform-operator] [9e94c76f]                   _    _  _              __  __   ____
2025-01-28 23:39:33,613 INFO c.h.h.t.HelmChartContainer - [hivemq-test-hivemq-platform] [hivemq-platform-operator] [9e94c76f]                  | |  | |(_)            |  \/  | / __ \
2025-01-28 23:39:33,613 INFO c.h.h.t.HelmChartContainer - [hivemq-test-hivemq-platform] [hivemq-platform-operator] [9e94c76f]                  | |__| | _ __   __ ___ | \  / || |  | |
2025-01-28 23:39:33,613 INFO c.h.h.t.HelmChartContainer - [hivemq-test-hivemq-platform] [hivemq-platform-operator] [9e94c76f]                  |  __  || |\ \ / // _ \| |\/| || |  | |
2025-01-28 23:39:33,613 INFO c.h.h.t.HelmChartContainer - [hivemq-test-hivemq-platform] [hivemq-platform-operator] [9e94c76f]                  | |  | || | \ V /|  __/| |  | || |__| |
2025-01-28 23:39:33,613 INFO c.h.h.t.HelmChartContainer - [hivemq-test-hivemq-platform] [hivemq-platform-operator] [9e94c76f]                  |_|  |_||_|  \_/  \___||_|  |_| \___\_\
2025-01-28 23:39:33,613 INFO c.h.h.t.HelmChartContainer - [hivemq-test-hivemq-platform] [hivemq-platform-operator] [9e94c76f] 
2025-01-28 23:39:33,613 INFO c.h.h.t.HelmChartContainer - [hivemq-test-hivemq-platform] [hivemq-platform-operator] [9e94c76f] -------------------------------------------------------------------------
2025-01-28 23:39:33,613 INFO c.h.h.t.HelmChartContainer - [hivemq-test-hivemq-platform] [hivemq-platform-operator] [9e94c76f] 
2025-01-28 23:39:33,613 INFO c.h.h.t.HelmChartContainer - [hivemq-test-hivemq-platform] [hivemq-platform-operator] [9e94c76f]   HiveMQ Platform Operator Start Script v1.0
2025-01-28 23:39:33,613 INFO c.h.h.t.HelmChartContainer - [hivemq-test-hivemq-platform] [hivemq-platform-operator] [9e94c76f] 
2025-01-28 23:39:33,613 INFO c.h.h.t.HelmChartContainer - [hivemq-test-hivemq-platform] [hivemq-platform-operator] [9e94c76f] -------------------------------------------------------------------------
2025-01-28 23:39:33,613 INFO c.h.h.t.HelmChartContainer - [hivemq-test-hivemq-platform] [hivemq-platform-operator] [9e94c76f] 
2025-01-28 23:39:33,613 INFO c.h.h.t.HelmChartContainer - [hivemq-test-hivemq-platform] [hivemq-platform-operator] [9e94c76f]   JAVA_OPTS: -XX:+UnlockExperimentalVMOptions -XX:InitialRAMPercentage=75 -XX:MaxRAMPercentage=75 -Duser.language=en -Duser.region=US
2025-01-28 23:39:33,613 INFO c.h.h.t.HelmChartContainer - [hivemq-test-hivemq-platform] [hivemq-platform-operator] [9e94c76f] 
2025-01-28 23:39:33,613 INFO c.h.h.t.HelmChartContainer - [hivemq-test-hivemq-platform] [hivemq-platform-operator] [9e94c76f]   JAVA_VERSION: 21
2025-01-28 23:39:33,613 INFO c.h.h.t.HelmChartContainer - [hivemq-test-hivemq-platform] [hivemq-platform-operator] [9e94c76f] 
2025-01-28 23:39:33,613 INFO c.h.h.t.HelmChartContainer - [hivemq-test-hivemq-platform] [hivemq-platform-operator] [9e94c76f] -------------------------------------------------------------------------
2025-01-28 23:39:33,613 INFO c.h.h.t.HelmChartContainer - [hivemq-test-hivemq-platform] [hivemq-platform-operator] [9e94c76f] 
2025-01-28 23:39:36,233 INFO c.h.h.t.HelmChartContainer - [hivemq-test-hivemq-platform] [hivemq-platform-operator] [9e94c76f] 23:39:36.231 [main] DEBUG org.jboss.logging - Logging Provider: org.jboss.logging.Slf4jLoggerProvider
2025-01-28 23:39:36,337 INFO c.h.h.t.HelmChartContainer - [hivemq-test-hivemq-platform] [hivemq-platform-operator] [9e94c76f] 23:39:36.336 [main] DEBUG io.smallrye.config - SRCFG01006: Loaded ConfigSource SysPropConfigSource with ordinal 400
2025-01-28 23:39:36,337 INFO c.h.h.t.HelmChartContainer - [hivemq-test-hivemq-platform] [hivemq-platform-operator] [9e94c76f] 23:39:36.336 [main] DEBUG io.smallrye.config - SRCFG01006: Loaded ConfigSource EnvConfigSource with ordinal 300
2025-01-28 23:39:36,337 INFO c.h.h.t.HelmChartContainer - [hivemq-test-hivemq-platform] [hivemq-platform-operator] [9e94c76f] 23:39:36.336 [main] DEBUG io.smallrye.config - SRCFG01006: Loaded ConfigSource PropertiesConfigSource[source=jar:file:///opt/hivemq-platform-operator/bin/hivemq-platform-operator.jar!/hivemq-platform-operator.properties] with ordinal 100
2025-01-28 23:39:36,337 INFO c.h.h.t.HelmChartContainer - [hivemq-test-hivemq-platform] [hivemq-platform-operator] [9e94c76f] 23:39:36.336 [main] DEBUG io.smallrye.config - SRCFG01006: Loaded ConfigSource DefaultValuesConfigSource with ordinal -2147483648
2025-01-28 23:39:36,434 INFO c.h.h.t.HelmChartContainer - [hivemq-test-hivemq-platform] [hivemq-platform-operator] [9e94c76f] 23:39:36.433 [main] DEBUG i.m.c.u.i.l.InternalLoggerFactory - Using SLF4J as the default logging framework
2025-01-28 23:39:36,560 INFO c.h.h.t.HelmChartContainer - [hivemq-test-hivemq-platform] [hivemq-platform-operator] [9e94c76f] 23:39:36.538 [main] INFO  c.h.p.o.HiveMQPlatformOperatorApplication - HiveMQ Platform Operator 1.7.0-SNAPSHOT (commit: bebf408 on branch: HEAD) built on Sun Jan 26 20:47:47 UTC 2025
2025-01-28 23:39:36,560 INFO c.h.h.t.HelmChartContainer - [hivemq-test-hivemq-platform] [hivemq-platform-operator] [9e94c76f] 23:39:36.557 [main] INFO  c.h.p.o.HiveMQPlatformOperatorApplication - HiveMQ Platform Operator is running in namespace: helmcustomconfigit-operator
2025-01-28 23:39:36,560 INFO c.h.h.t.HelmChartContainer - [hivemq-test-hivemq-platform] [hivemq-platform-operator] [9e94c76f] 23:39:36.558 [main] INFO  c.h.p.o.HiveMQPlatformOperatorApplication - Watching all namespaces
2025-01-28 23:39:36,560 INFO c.h.h.t.HelmChartContainer - [hivemq-test-hivemq-platform] [hivemq-platform-operator] [9e94c76f] 23:39:36.558 [main] INFO  c.h.p.o.HiveMQPlatformOperatorApplication - Log level: DEBUG
2025-01-28 23:39:36,560 INFO c.h.h.t.HelmChartContainer - [hivemq-test-hivemq-platform] [hivemq-platform-operator] [9e94c76f] 23:39:36.558 [main] INFO  c.h.p.o.HiveMQPlatformOperatorApplication - Release name: test-hivemq-platform-operator
2025-01-28 23:39:36,560 INFO c.h.h.t.HelmChartContainer - [hivemq-test-hivemq-platform] [hivemq-platform-operator] [9e94c76f] 23:39:36.558 [main] INFO  c.h.p.o.HiveMQPlatformOperatorApplication - HiveMQ Platform Operator Init image: docker.io/hivemq/hivemq-platform-operator-init-test:snapshot
2025-01-28 23:39:36,560 INFO c.h.h.t.HelmChartContainer - [hivemq-test-hivemq-platform] [hivemq-platform-operator] [9e94c76f] 23:39:36.558 [main] INFO  c.h.p.o.HiveMQPlatformOperatorApplication - HiveMQ Platform Operator Init App update URL: http://hivemq-platform-operator-test-hivemq-platform-operator.helmcustomconfigit-operator.svc:8080/initAppUpdate/hivemq-platform-operator-init-app-1.7.0-SNAPSHOT.jar
2025-01-28 23:39:36,560 INFO c.h.h.t.HelmChartContainer - [hivemq-test-hivemq-platform] [hivemq-platform-operator] [9e94c76f] 23:39:36.558 [main] INFO  c.h.p.o.HiveMQPlatformOperatorApplication - Additional imagePullSecret for all Platform deployments: none
2025-01-28 23:39:36,560 INFO c.h.h.t.HelmChartContainer - [hivemq-test-hivemq-platform] [hivemq-platform-operator] [9e94c76f] 23:39:36.558 [main] INFO  c.h.p.o.HiveMQPlatformOperatorApplication - Apply HiveMQ Platform CRD: true
2025-01-28 23:39:36,560 INFO c.h.h.t.HelmChartContainer - [hivemq-test-hivemq-platform] [hivemq-platform-operator] [9e94c76f] 23:39:36.558 [main] INFO  c.h.p.o.HiveMQPlatformOperatorApplication - Create Platform ServiceAccount: true
2025-01-28 23:39:36,560 INFO c.h.h.t.HelmChartContainer - [hivemq-test-hivemq-platform] [hivemq-platform-operator] [9e94c76f] 23:39:36.558 [main] INFO  c.h.p.o.HiveMQPlatformOperatorApplication - Create Platform ServiceAccount permissions: true
2025-01-28 23:39:36,560 INFO c.h.h.t.HelmChartContainer - [hivemq-test-hivemq-platform] [hivemq-platform-operator] [9e94c76f] 23:39:36.558 [main] INFO  c.h.p.o.HiveMQPlatformOperatorApplication - Validate Platform ServiceAccount: true
2025-01-28 23:39:36,560 INFO c.h.h.t.HelmChartContainer - [hivemq-test-hivemq-platform] [hivemq-platform-operator] [9e94c76f] 23:39:36.558 [main] INFO  c.h.p.o.HiveMQPlatformOperatorApplication - Validate Platform ServiceAccount permissions: true
2025-01-28 23:39:36,654 INFO c.h.h.t.HelmChartContainer - [hivemq-test-hivemq-platform] [hivemq-platform-operator] [9e94c76f] 23:39:36.653 [main] INFO  c.h.platform.operator.util.CRDUtil - Verifying deployed HiveMQ Platform CRD...
2025-01-28 23:39:39,155 INFO c.h.h.t.HelmChartContainer - [hivemq-test-hivemq-platform] [hivemq-platform-operator] [9e94c76f] 23:39:39.154 [main] DEBUG c.h.platform.operator.util.CRDUtil - HiveMQ Platform CRD version v1 is up to date
2025-01-28 23:39:39,156 INFO c.h.h.t.HelmChartContainer - [hivemq-test-hivemq-platform] [hivemq-platform-operator] [9e94c76f] 23:39:39.154 [main] INFO  c.h.platform.operator.util.CRDUtil - HiveMQ Platform CRD is up to date (version: V1_6_0)
2025-01-28 23:39:39,156 INFO c.h.h.t.HelmChartContainer - [hivemq-test-hivemq-platform] [hivemq-platform-operator] [9e94c76f] 23:39:39.154 [main] INFO  c.h.platform.operator.util.CRDUtil - Waiting 10000 ms for HiveMQ Platform CRD 'hivemq-platforms.hivemq.com' to become ready...
2025-01-28 23:39:39,457 INFO c.h.h.t.HelmChartContainer - [hivemq-test-hivemq-platform] [hivemq-platform-operator] [9e94c76f] 23:39:39.455 [vert.x-eventloop-thread-1] DEBUG c.h.platform.operator.util.CRDUtil - Checking CRD condition 'NamesAccepted' (status: 'True')
2025-01-28 23:39:39,457 INFO c.h.h.t.HelmChartContainer - [hivemq-test-hivemq-platform] [hivemq-platform-operator] [9e94c76f] 23:39:39.456 [vert.x-eventloop-thread-1] DEBUG c.h.platform.operator.util.CRDUtil - Checking CRD condition 'Established' (status: 'True')
2025-01-28 23:39:39,458 INFO c.h.h.t.HelmChartContainer - [hivemq-test-hivemq-platform] [hivemq-platform-operator] [9e94c76f] 23:39:39.456 [main] INFO  c.h.platform.operator.util.CRDUtil - HiveMQ Platform CRD 'hivemq-platforms.hivemq.com' is ready
2025-01-28 23:39:39,658 INFO c.h.h.t.HelmChartContainer - [hivemq-test-hivemq-platform] [hivemq-platform-operator] [9e94c76f] 23:39:39.657 [main] INFO  c.h.p.o.HiveMQPlatformReconciler - HiveMQ Platform Operator is starting...
2025-01-28 23:39:39,759 INFO c.h.h.t.HelmChartContainer - [hivemq-test-hivemq-platform] [hivemq-platform-operator] [9e94c76f] 23:39:39.759 [main] WARN  Default ConfigurationService implementation - Configuration for reconciler 'hivemq-controller' was not found. Known reconcilers: None.
2025-01-28 23:39:39,767 INFO c.h.h.t.HelmChartContainer - [hivemq-test-hivemq-platform] [hivemq-platform-operator] [9e94c76f] 23:39:39.766 [main] INFO  Default ConfigurationService implementation - Created configuration for reconciler com.hivemq.platform.operator.HiveMQPlatformReconciler with name hivemq-controller
2025-01-28 23:39:39,954 INFO c.h.h.t.HelmChartContainer - [hivemq-test-hivemq-platform] [hivemq-platform-operator] [9e94c76f] 23:39:39.953 [main] DEBUG c.h.p.o.HiveMQPlatformReconciler - HiveMQ Platform Operator is preparing EventSources
2025-01-28 23:39:39,967 INFO c.h.h.t.HelmChartContainer - [hivemq-test-hivemq-platform] [hivemq-platform-operator] [9e94c76f] 23:39:39.966 [main] INFO  i.javaoperatorsdk.operator.Operator - Registered reconciler: 'hivemq-controller' for resource: 'class com.hivemq.platform.operator.v1.HiveMQPlatform' for namespace(s): [all namespaces]
2025-01-28 23:39:40,571 INFO c.h.h.t.HelmChartContainer - [hivemq-test-hivemq-platform] [hivemq-platform-operator] [9e94c76f] 23:39:40.570 [main] INFO  c.h.p.operator.webserver.JettyServer - Starting Jetty server on port 8080
2025-01-28 23:39:40,665 INFO c.h.h.t.HelmChartContainer - [hivemq-test-hivemq-platform] [hivemq-platform-operator] [9e94c76f] 23:39:40.663 [main] INFO  i.javaoperatorsdk.operator.Operator - Operator SDK 4.9.7 (commit: 2133d28) built on Wed Nov 20 12:56:20 UTC 2024 starting...
2025-01-28 23:39:40,665 INFO c.h.h.t.HelmChartContainer - [hivemq-test-hivemq-platform] [hivemq-platform-operator] [9e94c76f] 23:39:40.664 [main] INFO  i.javaoperatorsdk.operator.Operator - Client version: 6.13.4
2025-01-28 23:39:40,666 INFO c.h.h.t.HelmChartContainer - [hivemq-test-hivemq-platform] [hivemq-platform-operator] [9e94c76f] 23:39:40.666 [Controller Starter for: hivemq-controller] INFO  i.j.operator.processing.Controller - Starting 'hivemq-controller' controller for reconciler: com.hivemq.platform.operator.HiveMQPlatformReconciler, resource: com.hivemq.platform.operator.v1.HiveMQPlatform
2025-01-28 23:39:42,859 INFO c.h.h.t.HelmChartContainer - [hivemq-test-hivemq-platform] [hivemq-platform-operator] [9e94c76f] 23:39:42.858 [Controller Starter for: hivemq-controller] INFO  i.j.operator.processing.Controller - 'hivemq-controller' controller started
2025-01-28 23:39:42,860 INFO c.h.h.t.HelmChartContainer - [hivemq-test-hivemq-platform] [hivemq-platform-operator] [9e94c76f] 23:39:42.859 [main] INFO  c.h.p.o.HiveMQPlatformOperatorApplication - HiveMQ Platform Operator 1.7.0-SNAPSHOT started in 6320 ms
2025-01-28 23:39:44,605 INFO c.h.h.t.HelmChartContainer - [POD] hivemq-test-hivemq-platform-operator-6966f96d65-82rb8 [9e94c76f-d008-4455-b017-ca548e11ab9f] in helmcustomconfigit-operator was MODIFIED
2025-01-28 23:39:44,611 INFO c.h.h.t.HelmChartContainer - [K3S] [replica_set.go:679] "Finished syncing" kind="ReplicaSet" key="helmcustomconfigit-operator/hivemq-test-hivemq-platform-operator-6966f96d65" duration="8.502452ms"
2025-01-28 23:39:44,613 INFO c.h.h.t.HelmChartContainer - [K3S] [replica_set.go:679] "Finished syncing" kind="ReplicaSet" key="helmcustomconfigit-operator/hivemq-test-hivemq-platform-operator-6966f96d65" duration="37.619µs"
2025-01-28 23:39:45,490 INFO com.hivemq.helmcharts.util.K8sUtil - Pod 'hivemq-test-hivemq-platform-operator-6966f96d65-82rb8' is ready
2025-01-28 23:39:45,549 DEBUG c.h.h.t.HelmChartContainer - Executing helm command: /bin/helm --kubeconfig /etc/rancher/k3s/k3s.yaml install test-hivemq-platform /charts/hivemq-platform --wait --timeout 5m0s --set image.repository=docker.io/hivemq --set image.tag=4.36.0 --set image.pullPolicy=Never --set nodes.resources.cpu=512m --set-file config.overrideHiveMQConfig=/files/hivemq-config-override.xml --namespace helmcustomconfigit
2025-01-28 23:39:45,776 INFO c.h.h.t.HelmChartContainer - [hivemq-test-hivemq-platform] [hivemq-platform-operator] [9e94c76f] 23:39:45.775 [-373097727-pool-1-thread-4] WARN  i.m.p.PrometheusMeterRegistry - The meter (MeterId{name='operator.sdk.events.received', tags=[tag(action=ADDED),tag(event=ResourceEvent),tag(group=hivemq.com),tag(kind=HiveMQPlatform),tag(name=test-hivemq-platform),tag(namespace=helmcustomconfigit),tag(scope=namespace),tag(version=v1)]}) registration has failed: Prometheus requires that all meters with the same name have the same set of tag keys. There is already an existing meter named 'operator.sdk.events.received' containing tag keys [event, group, kind, name, namespace, scope, version]. The meter you are attempting to register has keys [action, event, group, kind, name, namespace, scope, version]. Note that subsequent logs will be logged at debug level.
2025-01-28 23:39:46,271 INFO c.h.h.t.HelmChartContainer - [hivemq-test-hivemq-platform] [hivemq-platform-operator] [9e94c76f] 23:39:46.269 [pool-6-thread-3] DEBUG c.h.p.o.dependants.PodInfoConfigMap - [helmcust] Desired PodInfo ConfigMap (1 extensions) (1 enabled)
2025-01-28 23:39:46,271 INFO c.h.h.t.HelmChartContainer - [hivemq-test-hivemq-platform] [hivemq-platform-operator] [9e94c76f] 23:39:46.270 [pool-6-thread-3] DEBUG c.h.p.o.dependants.PodInfoConfigMap - [helmcust] Desired PodInfo ConfigMap (metrics port: 9399) (metrics path: /)
2025-01-28 23:39:46,271 INFO c.h.h.t.HelmChartContainer - [hivemq-test-hivemq-platform] [hivemq-platform-operator] [9e94c76f] 23:39:46.270 [pool-6-thread-3] DEBUG c.h.p.o.dependants.PodInfoConfigMap - [helmcust] Desired PodInfo ConfigMap (extension state hash: -1817474005)
2025-01-28 23:39:46,332 INFO c.h.h.t.HelmChartContainer - [hivemq-test-hivemq-platform] [hivemq-platform-operator] [9e94c76f] 23:39:46.332 [pool-6-thread-3] DEBUG c.h.p.o.dependants.PodInfoConfigMap - [helmcust] Create PodInfo ConfigMap
2025-01-28 23:39:46,457 INFO c.h.h.t.HelmChartContainer - [hivemq-test-hivemq-platform] [hivemq-platform-operator] [9e94c76f] 23:39:46.453 [pool-6-thread-5] DEBUG c.h.p.o.dependants.PodRoleResource - [helmcust] Create Role: Role(apiVersion=rbac.authorization.k8s.io/v1, kind=Role, metadata=ObjectMeta(annotations={meta.helm.sh/release-name=test-hivemq-platform, meta.helm.sh/release-namespace=helmcustomconfigit}, creationTimestamp=null, deletionGracePeriodSeconds=null, deletionTimestamp=null, finalizers=[], generateName=null, generation=null, labels={helm.sh/chart=hivemq-platform-0.2.32, app.kubernetes.io/managed-by=Helm, app.kubernetes.io/name=hivemq-platform, hivemq-platform=test-hivemq-platform, app.kubernetes.io/instance=test-hivemq-platform, app.kubernetes.io/version=4.36.0}, managedFields=[], name=hivemq-platform-role-test-hivemq-platform, namespace=helmcustomconfigit, ownerReferences=[OwnerReference(apiVersion=hivemq.com/v1, blockOwnerDeletion=null, controller=null, kind=HiveMQPlatform, name=test-hivemq-platform, uid=1008c299-cf0f-47fd-a098-af9af9a4d190, additionalProperties={})], resourceVersion=null, selfLink=null, uid=null, additionalProperties={}), rules=[PolicyRule(apiGroups=[], nonResourceURLs=[], resourceNames=[], resources=[pods], verbs=[get, patch, update], additionalProperties={})], additionalProperties={})
2025-01-28 23:39:46,558 INFO c.h.h.t.HelmChartContainer - [hivemq-test-hivemq-platform] [hivemq-platform-operator] [9e94c76f] 23:39:46.556 [pool-6-thread-7] DEBUG c.h.p.o.d.PodServiceAccountResource - [helmcust] Desired PodServiceAccountResource (serviceAccountName: hivemq-platform-pod-test-hivemq-platform)
2025-01-28 23:39:46,558 INFO c.h.h.t.HelmChartContainer - [hivemq-test-hivemq-platform] [hivemq-platform-operator] [9e94c76f] 23:39:46.557 [pool-6-thread-7] DEBUG c.h.p.o.d.PodServiceAccountResource - [helmcust] Create ServiceAccount 'hivemq-platform-pod-test-hivemq-platform'
2025-01-28 23:39:46,665 INFO c.h.h.t.HelmChartContainer - [hivemq-test-hivemq-platform] [hivemq-platform-operator] [9e94c76f] 23:39:46.664 [pool-6-thread-10] DEBUG c.h.p.o.d.PodRoleBindingResource - [helmcust] Create RoleBinding: RoleBinding(apiVersion=rbac.authorization.k8s.io/v1, kind=RoleBinding, metadata=ObjectMeta(annotations={meta.helm.sh/release-name=test-hivemq-platform, meta.helm.sh/release-namespace=helmcustomconfigit}, creationTimestamp=null, deletionGracePeriodSeconds=null, deletionTimestamp=null, finalizers=[], generateName=null, generation=null, labels={helm.sh/chart=hivemq-platform-0.2.32, app.kubernetes.io/managed-by=Helm, app.kubernetes.io/name=hivemq-platform, hivemq-platform=test-hivemq-platform, app.kubernetes.io/instance=test-hivemq-platform, app.kubernetes.io/version=4.36.0}, managedFields=[], name=hivemq-platform-role-binding-test-hivemq-platform, namespace=helmcustomconfigit, ownerReferences=[OwnerReference(apiVersion=hivemq.com/v1, blockOwnerDeletion=null, controller=null, kind=HiveMQPlatform, name=test-hivemq-platform, uid=1008c299-cf0f-47fd-a098-af9af9a4d190, additionalProperties={})], resourceVersion=null, selfLink=null, uid=null, additionalProperties={}), roleRef=RoleRef(apiGroup=rbac.authorization.k8s.io, kind=Role, name=hivemq-platform-role-test-hivemq-platform, additionalProperties={}), subjects=[Subject(apiGroup=null, kind=ServiceAccount, name=hivemq-platform-pod-test-hivemq-platform, namespace=helmcustomconfigit, additionalProperties={})], additionalProperties={})
2025-01-28 23:39:46,756 INFO c.h.h.t.HelmChartContainer - [hivemq-test-hivemq-platform] [hivemq-platform-operator] [9e94c76f] 23:39:46.755 [ReconcilerExecutor-hivemq-controller-54] INFO  c.h.p.o.HiveMQPlatformReconciler - [helmcust] Reconciling HiveMQ Platform 'test-hivemq-platform' in namespace 'helmcustomconfigit'
2025-01-28 23:39:46,757 INFO c.h.h.t.HelmChartContainer - [hivemq-test-hivemq-platform] [hivemq-platform-operator] [9e94c76f] 23:39:46.755 [ReconcilerExecutor-hivemq-controller-54] DEBUG c.h.p.o.HiveMQPlatformReconciler - [helmcust] Custom Resource Status CREATED - HiveMQ Platform was created (READY)
2025-01-28 23:39:46,757 INFO c.h.h.t.HelmChartContainer - [hivemq-test-hivemq-platform] [hivemq-platform-operator] [9e94c76f] 23:39:46.755 [ReconcilerExecutor-hivemq-controller-54] DEBUG c.h.p.o.HiveMQPlatformReconciler - [helmcust] Custom Resource Spec (replicas: 2) (extensions: 1)
2025-01-28 23:39:46,760 INFO c.h.h.t.HelmChartContainer - [hivemq-test-hivemq-platform] [hivemq-platform-operator] [9e94c76f] 23:39:46.759 [ReconcilerExecutor-hivemq-controller-54] INFO  c.h.p.o.h.HiveMQPlatformReconcilerBaseHandler - [helmcust] HiveMQ Platform is starting
2025-01-28 23:39:46,864 INFO c.h.h.t.HelmChartContainer - [hivemq-test-hivemq-platform] [hivemq-platform-operator] [9e94c76f] 23:39:46.863 [ReconcilerExecutor-hivemq-controller-54] DEBUG c.h.p.operator.event.EventSender - [helmcust] Creating K8s event hivemq-platform-starting: [Start] HiveMQ Platform is starting
2025-01-28 23:39:46,871 INFO c.h.h.t.HelmChartContainer - [EVENT] Normal [Start] HiveMQ Platform is starting [helmcustomconfigit:test-hivemq-platform]
2025-01-28 23:39:46,932 INFO c.h.h.t.HelmChartContainer - [hivemq-test-hivemq-platform] [hivemq-platform-operator] [9e94c76f] 23:39:46.931 [ReconcilerExecutor-hivemq-controller-54] INFO  c.h.p.o.h.AbstractHiveMQReconcilerStateHandler - [helmcust] Update HiveMQ Platform Status (CREATED [READY] -> STARTING [READY]): HiveMQ Platform is starting
2025-01-28 23:39:46,965 DEBUG com.hivemq.helmcharts.util.K8sUtil - Comparing actual state 'STARTING' and waiting for 'RUNNING'
2025-01-28 23:39:56,975 INFO c.h.h.t.HelmChartContainer - [hivemq-test-hivemq-platform] [hivemq-platform-operator] [9e94c76f] 23:39:56.972 [pool-6-thread-12] DEBUG c.h.p.o.d.PlatformServiceResource - [helmcust] Desired Platform services (3 services)
2025-01-28 23:39:56,975 INFO c.h.h.t.HelmChartContainer - [hivemq-test-hivemq-platform] [hivemq-platform-operator] [9e94c76f] 23:39:56.974 [pool-6-thread-13] DEBUG c.h.p.o.dependants.PodInfoConfigMap - [helmcust] Desired PodInfo ConfigMap (1 extensions) (1 enabled)
2025-01-28 23:39:56,975 INFO c.h.h.t.HelmChartContainer - [hivemq-test-hivemq-platform] [hivemq-platform-operator] [9e94c76f] 23:39:56.974 [pool-6-thread-13] DEBUG c.h.p.o.dependants.PodInfoConfigMap - [helmcust] Desired PodInfo ConfigMap (metrics port: 9399) (metrics path: /)
2025-01-28 23:39:56,975 INFO c.h.h.t.HelmChartContainer - [hivemq-test-hivemq-platform] [hivemq-platform-operator] [9e94c76f] 23:39:56.974 [pool-6-thread-13] DEBUG c.h.p.o.dependants.PodInfoConfigMap - [helmcust] Desired PodInfo ConfigMap (extension state hash: -1817474005)
2025-01-28 23:39:56,978 INFO c.h.h.t.HelmChartContainer - [hivemq-test-hivemq-platform] [hivemq-platform-operator] [9e94c76f] 23:39:56.978 [pool-6-thread-17] DEBUG c.h.p.o.d.PodServiceAccountResource - [helmcust] Desired PodServiceAccountResource (serviceAccountName: hivemq-platform-pod-test-hivemq-platform)
2025-01-28 23:39:56,981 INFO c.h.h.t.HelmChartContainer - [hivemq-test-hivemq-platform] [hivemq-platform-operator] [9e94c76f] 23:39:56.980 [pool-6-thread-13] DEBUG c.h.p.o.dependants.PodInfoConfigMap - [helmcust] Update PodInfo ConfigMap
2025-01-28 23:39:57,061 INFO c.h.h.t.HelmChartContainer - [K3S] [alloc.go:330] "allocated clusterIPs" service="helmcustomconfigit/hivemq-test-hivemq-platform-cc-8080" clusterIPs={"IPv4":"10.43.146.133"}
2025-01-28 23:39:57,161 INFO c.h.h.t.HelmChartContainer - [K3S] [alloc.go:330] "allocated clusterIPs" service="helmcustomconfigit/hivemq-test-hivemq-platform-metrics-9399" clusterIPs={"IPv4":"10.43.116.249"}
2025-01-28 23:39:57,172 INFO c.h.h.t.HelmChartContainer - [K3S] [alloc.go:330] "allocated clusterIPs" service="helmcustomconfigit/hivemq-test-hivemq-platform-mqtt-1883" clusterIPs={"IPv4":"10.43.160.211"}
2025-01-28 23:39:57,181 INFO c.h.h.t.HelmChartContainer - [hivemq-test-hivemq-platform] [hivemq-platform-operator] [9e94c76f] 23:39:57.180 [pool-6-thread-20] DEBUG c.h.p.o.d.StatefulSetResource - [helmcust] Desired StatefulSet (2 replicas) for status STARTING (READY)
2025-01-28 23:39:57,265 INFO c.h.h.t.HelmChartContainer - [hivemq-test-hivemq-platform] [hivemq-platform-operator] [9e94c76f] 23:39:57.264 [pool-6-thread-20] DEBUG c.h.p.o.d.StatefulSetResource - [helmcust] Create StatefulSet
2025-01-28 23:39:57,288 INFO c.h.h.t.HelmChartContainer - [POD] test-hivemq-platform-0 [f99430f2-7676-4776-be55-9ad3e04cb1bc] in helmcustomconfigit was ADDED
2025-01-28 23:39:57,289 INFO c.h.h.t.HelmChartContainer - [EVENT] Normal [SuccessfulCreate] create Pod test-hivemq-platform-0 in StatefulSet test-hivemq-platform successful [helmcustomconfigit:test-hivemq-platform]
2025-01-28 23:39:57,293 INFO c.h.h.t.HelmChartContainer - [POD] test-hivemq-platform-0 [f99430f2-7676-4776-be55-9ad3e04cb1bc] in helmcustomconfigit was MODIFIED
2025-01-28 23:39:57,294 INFO c.h.h.t.HelmChartContainer - [EVENT] Normal [Scheduled] Successfully assigned helmcustomconfigit/test-hivemq-platform-0 to 349c386a830b [helmcustomconfigit:test-hivemq-platform-0]
2025-01-28 23:39:57,316 INFO c.h.h.t.HelmChartContainer - [POD] test-hivemq-platform-0 [f99430f2-7676-4776-be55-9ad3e04cb1bc] in helmcustomconfigit was MODIFIED
2025-01-28 23:39:57,364 INFO c.h.h.t.HelmChartContainer - [K3S] [reconciler_common.go:251] "operationExecutor.VerifyControllerAttachedVolume started for volume \"pod-info\" (UniqueName: \"kubernetes.io/configmap/f99430f2-7676-4776-be55-9ad3e04cb1bc-pod-info\") pod \"test-hivemq-platform-0\" (UID: \"f99430f2-7676-4776-be55-9ad3e04cb1bc\") " pod="helmcustomconfigit/test-hivemq-platform-0"
2025-01-28 23:39:57,364 INFO c.h.h.t.HelmChartContainer - [K3S] [reconciler_common.go:251] "operationExecutor.VerifyControllerAttachedVolume started for volume \"broker-configuration\" (UniqueName: \"kubernetes.io/configmap/f99430f2-7676-4776-be55-9ad3e04cb1bc-broker-configuration\") pod \"test-hivemq-platform-0\" (UID: \"f99430f2-7676-4776-be55-9ad3e04cb1bc\") " pod="helmcustomconfigit/test-hivemq-platform-0"
2025-01-28 23:39:57,364 INFO c.h.h.t.HelmChartContainer - [K3S] [reconciler_common.go:251] "operationExecutor.VerifyControllerAttachedVolume started for volume \"operator-init\" (UniqueName: \"kubernetes.io/empty-dir/f99430f2-7676-4776-be55-9ad3e04cb1bc-operator-init\") pod \"test-hivemq-platform-0\" (UID: \"f99430f2-7676-4776-be55-9ad3e04cb1bc\") " pod="helmcustomconfigit/test-hivemq-platform-0"
2025-01-28 23:39:57,365 INFO c.h.h.t.HelmChartContainer - [K3S] [reconciler_common.go:251] "operationExecutor.VerifyControllerAttachedVolume started for volume \"kube-api-access-dz6x8\" (UniqueName: \"kubernetes.io/projected/f99430f2-7676-4776-be55-9ad3e04cb1bc-kube-api-access-dz6x8\") pod \"test-hivemq-platform-0\" (UID: \"f99430f2-7676-4776-be55-9ad3e04cb1bc\") " pod="helmcustomconfigit/test-hivemq-platform-0"
2025-01-28 23:39:57,459 INFO c.h.h.t.HelmChartContainer - [hivemq-test-hivemq-platform] [hivemq-platform-operator] [9e94c76f] 23:39:57.457 [ReconcilerExecutor-hivemq-controller-65] INFO  c.h.p.o.HiveMQPlatformReconciler - [helmcust] Reconciling HiveMQ Platform 'test-hivemq-platform' in namespace 'helmcustomconfigit'
2025-01-28 23:39:57,459 INFO c.h.h.t.HelmChartContainer - [hivemq-test-hivemq-platform] [hivemq-platform-operator] [9e94c76f] 23:39:57.457 [ReconcilerExecutor-hivemq-controller-65] DEBUG c.h.p.o.HiveMQPlatformReconciler - [helmcust] Custom Resource Status STARTING - HiveMQ Platform is starting (READY)
2025-01-28 23:39:57,459 INFO c.h.h.t.HelmChartContainer - [hivemq-test-hivemq-platform] [hivemq-platform-operator] [9e94c76f] 23:39:57.457 [ReconcilerExecutor-hivemq-controller-65] DEBUG c.h.p.o.HiveMQPlatformReconciler - [helmcust] Custom Resource Spec (replicas: 2) (extensions: 1)
2025-01-28 23:39:57,461 INFO c.h.h.t.HelmChartContainer - [hivemq-test-hivemq-platform] [hivemq-platform-operator] [9e94c76f] 23:39:57.460 [ReconcilerExecutor-hivemq-controller-65] DEBUG c.h.p.o.HiveMQPlatformReconciler - [helmcust] StatefulSet Status (revision: test-hivemq-platform-7f5f89548, replicas: 1, available: 0, ready: 0, current: 1, updated: 1)
2025-01-28 23:39:57,461 INFO c.h.h.t.HelmChartContainer - [hivemq-test-hivemq-platform] [hivemq-platform-operator] [9e94c76f] 23:39:57.460 [ReconcilerExecutor-hivemq-controller-65] DEBUG c.h.p.o.HiveMQPlatformReconciler - [helmcust] StatefulSet Spec (replicas: 2, init containers: 1, containers: 1, volumes: 3)
2025-01-28 23:39:57,557 INFO c.h.h.t.HelmChartContainer - [hivemq-test-hivemq-platform] [hivemq-platform-operator] [9e94c76f] 23:39:57.556 [ReconcilerExecutor-hivemq-controller-65] DEBUG c.h.p.o.h.HiveMQPlatformReconcilerErrorHandler - [helmcust] Pod 'test-hivemq-platform-0' phase Pending
2025-01-28 23:39:57,557 INFO c.h.h.t.HelmChartContainer - [hivemq-test-hivemq-platform] [hivemq-platform-operator] [9e94c76f] 23:39:57.556 [ReconcilerExecutor-hivemq-controller-65] DEBUG c.h.p.o.h.HiveMQPlatformReconcilerErrorHandler - [helmcust] Pod 'test-hivemq-platform-0' condition 'PodReadyToStartContainers': False
2025-01-28 23:39:57,558 INFO c.h.h.t.HelmChartContainer - [hivemq-test-hivemq-platform] [hivemq-platform-operator] [9e94c76f] 23:39:57.557 [ReconcilerExecutor-hivemq-controller-65] DEBUG c.h.p.o.h.HiveMQPlatformReconcilerErrorHandler - [helmcust] Pod 'test-hivemq-platform-0' condition 'Initialized': False
2025-01-28 23:39:57,559 INFO c.h.h.t.HelmChartContainer - [hivemq-test-hivemq-platform] [hivemq-platform-operator] [9e94c76f] 23:39:57.557 [ReconcilerExecutor-hivemq-controller-65] DEBUG c.h.p.o.h.HiveMQPlatformReconcilerErrorHandler - [helmcust] Pod 'test-hivemq-platform-0' condition 'Ready': False
2025-01-28 23:39:57,559 INFO c.h.h.t.HelmChartContainer - [hivemq-test-hivemq-platform] [hivemq-platform-operator] [9e94c76f] 23:39:57.557 [ReconcilerExecutor-hivemq-controller-65] DEBUG c.h.p.o.h.HiveMQPlatformReconcilerErrorHandler - [helmcust] Pod 'test-hivemq-platform-0' condition 'ContainersReady': False
2025-01-28 23:39:57,559 INFO c.h.h.t.HelmChartContainer - [hivemq-test-hivemq-platform] [hivemq-platform-operator] [9e94c76f] 23:39:57.557 [ReconcilerExecutor-hivemq-controller-65] DEBUG c.h.p.o.h.HiveMQPlatformReconcilerErrorHandler - [helmcust] Pod 'test-hivemq-platform-0' condition 'PodScheduled': True
2025-01-28 23:39:57,559 INFO c.h.h.t.HelmChartContainer - [hivemq-test-hivemq-platform] [hivemq-platform-operator] [9e94c76f] 23:39:57.557 [ReconcilerExecutor-hivemq-controller-65] DEBUG c.h.p.o.h.HiveMQPlatformReconcilerErrorHandler - [helmcust] Pod 'test-hivemq-platform-0' containerStatus 'hivemq' (started: false) (ready: false) (waiting: [PodInitializing] null)
2025-01-28 23:39:57,560 INFO c.h.h.t.HelmChartContainer - [hivemq-test-hivemq-platform] [hivemq-platform-operator] [9e94c76f] 23:39:57.559 [ReconcilerExecutor-hivemq-controller-65] INFO  c.h.p.o.h.HiveMQPlatformReconcilerBaseHandler - [helmcust] HiveMQ Platform is starting, 0 of 2 replicas are ready
2025-01-28 23:39:57,566 INFO c.h.h.t.HelmChartContainer - [hivemq-test-hivemq-platform] [hivemq-platform-operator] [9e94c76f] 23:39:57.564 [pool-6-thread-22] DEBUG c.h.p.o.d.PlatformServiceResource - [helmcust] Desired Platform services (3 services)
2025-01-28 23:39:57,567 INFO c.h.h.t.HelmChartContainer - [hivemq-test-hivemq-platform] [hivemq-platform-operator] [9e94c76f] 23:39:57.566 [pool-6-thread-23] DEBUG c.h.p.o.dependants.PodInfoConfigMap - [helmcust] Desired PodInfo ConfigMap (1 extensions) (1 enabled)
2025-01-28 23:39:57,569 INFO c.h.h.t.HelmChartContainer - [hivemq-test-hivemq-platform] [hivemq-platform-operator] [9e94c76f] 23:39:57.566 [pool-6-thread-23] DEBUG c.h.p.o.dependants.PodInfoConfigMap - [helmcust] Desired PodInfo ConfigMap (metrics port: 9399) (metrics path: /)
2025-01-28 23:39:57,569 INFO c.h.h.t.HelmChartContainer - [hivemq-test-hivemq-platform] [hivemq-platform-operator] [9e94c76f] 23:39:57.566 [pool-6-thread-23] DEBUG c.h.p.o.dependants.PodInfoConfigMap - [helmcust] Desired PodInfo ConfigMap (extension state hash: -1817474005)
2025-01-28 23:39:57,656 INFO c.h.h.t.HelmChartContainer - [hivemq-test-hivemq-platform] [hivemq-platform-operator] [9e94c76f] 23:39:57.654 [pool-6-thread-27] DEBUG c.h.p.o.d.PodServiceAccountResource - [helmcust] Desired PodServiceAccountResource (serviceAccountName: hivemq-platform-pod-test-hivemq-platform)
2025-01-28 23:39:57,663 INFO c.h.h.t.HelmChartContainer - [hivemq-test-hivemq-platform] [hivemq-platform-operator] [9e94c76f] 23:39:57.662 [pool-6-thread-30] DEBUG c.h.p.o.d.StatefulSetResource - [helmcust] Desired StatefulSet (2 replicas) for status STARTING (READY)
2025-01-28 23:39:57,672 INFO c.h.h.t.HelmChartContainer - [hivemq-test-hivemq-platform] [hivemq-platform-operator] [9e94c76f] 23:39:57.671 [ReconcilerExecutor-hivemq-controller-76] INFO  c.h.p.o.HiveMQPlatformReconciler - [helmcust] Reconciling HiveMQ Platform 'test-hivemq-platform' in namespace 'helmcustomconfigit'
2025-01-28 23:39:57,673 INFO c.h.h.t.HelmChartContainer - [hivemq-test-hivemq-platform] [hivemq-platform-operator] [9e94c76f] 23:39:57.671 [ReconcilerExecutor-hivemq-controller-76] DEBUG c.h.p.o.HiveMQPlatformReconciler - [helmcust] Custom Resource Status STARTING - HiveMQ Platform is starting (READY)
2025-01-28 23:39:57,674 INFO c.h.h.t.HelmChartContainer - [hivemq-test-hivemq-platform] [hivemq-platform-operator] [9e94c76f] 23:39:57.671 [ReconcilerExecutor-hivemq-controller-76] DEBUG c.h.p.o.HiveMQPlatformReconciler - [helmcust] Custom Resource Spec (replicas: 2) (extensions: 1)
2025-01-28 23:39:57,695 INFO c.h.h.t.HelmChartContainer - [EVENT] Normal [Pulled] Container image "docker.io/hivemq/hivemq-platform-operator-init-test:snapshot" already present on machine [helmcustomconfigit:test-hivemq-platform-0]
2025-01-28 23:39:57,757 INFO c.h.h.t.HelmChartContainer - [hivemq-test-hivemq-platform] [hivemq-platform-operator] [9e94c76f] 23:39:57.755 [ReconcilerExecutor-hivemq-controller-76] DEBUG c.h.p.o.HiveMQPlatformReconciler - [helmcust] StatefulSet Status (revision: test-hivemq-platform-7f5f89548, replicas: 1, available: 0, ready: 0, current: 1, updated: 1)
2025-01-28 23:39:57,757 INFO c.h.h.t.HelmChartContainer - [hivemq-test-hivemq-platform] [hivemq-platform-operator] [9e94c76f] 23:39:57.755 [ReconcilerExecutor-hivemq-controller-76] DEBUG c.h.p.o.HiveMQPlatformReconciler - [helmcust] StatefulSet Spec (replicas: 2, init containers: 1, containers: 1, volumes: 3)
2025-01-28 23:39:57,759 INFO c.h.h.t.HelmChartContainer - [hivemq-test-hivemq-platform] [hivemq-platform-operator] [9e94c76f] 23:39:57.758 [ReconcilerExecutor-hivemq-controller-76] DEBUG c.h.p.o.h.HiveMQPlatformReconcilerErrorHandler - [helmcust] Pod 'test-hivemq-platform-0' phase Pending
2025-01-28 23:39:57,761 INFO c.h.h.t.HelmChartContainer - [hivemq-test-hivemq-platform] [hivemq-platform-operator] [9e94c76f] 23:39:57.759 [ReconcilerExecutor-hivemq-controller-76] DEBUG c.h.p.o.h.HiveMQPlatformReconcilerErrorHandler - [helmcust] Pod 'test-hivemq-platform-0' condition 'PodReadyToStartContainers': False
2025-01-28 23:39:57,762 INFO c.h.h.t.HelmChartContainer - [hivemq-test-hivemq-platform] [hivemq-platform-operator] [9e94c76f] 23:39:57.759 [ReconcilerExecutor-hivemq-controller-76] DEBUG c.h.p.o.h.HiveMQPlatformReconcilerErrorHandler - [helmcust] Pod 'test-hivemq-platform-0' condition 'Initialized': False
2025-01-28 23:39:57,762 INFO c.h.h.t.HelmChartContainer - [hivemq-test-hivemq-platform] [hivemq-platform-operator] [9e94c76f] 23:39:57.759 [ReconcilerExecutor-hivemq-controller-76] DEBUG c.h.p.o.h.HiveMQPlatformReconcilerErrorHandler - [helmcust] Pod 'test-hivemq-platform-0' condition 'Ready': False
2025-01-28 23:39:57,762 INFO c.h.h.t.HelmChartContainer - [hivemq-test-hivemq-platform] [hivemq-platform-operator] [9e94c76f] 23:39:57.759 [ReconcilerExecutor-hivemq-controller-76] DEBUG c.h.p.o.h.HiveMQPlatformReconcilerErrorHandler - [helmcust] Pod 'test-hivemq-platform-0' condition 'ContainersReady': False
2025-01-28 23:39:57,762 INFO c.h.h.t.HelmChartContainer - [hivemq-test-hivemq-platform] [hivemq-platform-operator] [9e94c76f] 23:39:57.759 [ReconcilerExecutor-hivemq-controller-76] DEBUG c.h.p.o.h.HiveMQPlatformReconcilerErrorHandler - [helmcust] Pod 'test-hivemq-platform-0' condition 'PodScheduled': True
2025-01-28 23:39:57,762 INFO c.h.h.t.HelmChartContainer - [hivemq-test-hivemq-platform] [hivemq-platform-operator] [9e94c76f] 23:39:57.759 [ReconcilerExecutor-hivemq-controller-76] DEBUG c.h.p.o.h.HiveMQPlatformReconcilerErrorHandler - [helmcust] Pod 'test-hivemq-platform-0' containerStatus 'hivemq' (started: false) (ready: false) (waiting: [PodInitializing] null)
2025-01-28 23:39:57,762 INFO c.h.h.t.HelmChartContainer - [hivemq-test-hivemq-platform] [hivemq-platform-operator] [9e94c76f] 23:39:57.760 [ReconcilerExecutor-hivemq-controller-76] INFO  c.h.p.o.h.HiveMQPlatformReconcilerBaseHandler - [helmcust] HiveMQ Platform is starting, 0 of 2 replicas are ready
2025-01-28 23:39:57,807 INFO c.h.h.t.HelmChartContainer - [EVENT] Normal [Created] Created container: hivemq-platform-operator-init [helmcustomconfigit:test-hivemq-platform-0]
2025-01-28 23:39:57,846 INFO c.h.h.t.HelmChartContainer - [EVENT] Normal [Started] Started container hivemq-platform-operator-init [helmcustomconfigit:test-hivemq-platform-0]
2025-01-28 23:39:58,662 INFO c.h.h.t.HelmChartContainer - [POD] test-hivemq-platform-0 [f99430f2-7676-4776-be55-9ad3e04cb1bc] in helmcustomconfigit was MODIFIED
2025-01-28 23:39:58,690 INFO c.h.h.t.HelmChartContainer - [hivemq-test-hivemq-platform] [hivemq-platform-operator] [9e94c76f] 23:39:58.683 [pool-6-thread-32] DEBUG c.h.p.o.d.PlatformServiceResource - [helmcust] Desired Platform services (3 services)
2025-01-28 23:39:58,690 INFO c.h.h.t.HelmChartContainer - [hivemq-test-hivemq-platform] [hivemq-platform-operator] [9e94c76f] 23:39:58.687 [pool-6-thread-33] DEBUG c.h.p.o.dependants.PodInfoConfigMap - [helmcust] Desired PodInfo ConfigMap (1 extensions) (1 enabled)
2025-01-28 23:39:58,690 INFO c.h.h.t.HelmChartContainer - [hivemq-test-hivemq-platform] [hivemq-platform-operator] [9e94c76f] 23:39:58.687 [pool-6-thread-33] DEBUG c.h.p.o.dependants.PodInfoConfigMap - [helmcust] Desired PodInfo ConfigMap (metrics port: 9399) (metrics path: /)
2025-01-28 23:39:58,690 INFO c.h.h.t.HelmChartContainer - [hivemq-test-hivemq-platform] [hivemq-platform-operator] [9e94c76f] 23:39:58.687 [pool-6-thread-33] DEBUG c.h.p.o.dependants.PodInfoConfigMap - [helmcust] Desired PodInfo ConfigMap (extension state hash: -1817474005)
2025-01-28 23:39:58,693 INFO c.h.h.t.HelmChartContainer - [hivemq-test-hivemq-platform] [hivemq-platform-operator] [9e94c76f] 23:39:58.691 [pool-6-thread-37] DEBUG c.h.p.o.d.PodServiceAccountResource - [helmcust] Desired PodServiceAccountResource (serviceAccountName: hivemq-platform-pod-test-hivemq-platform)
2025-01-28 23:39:58,759 INFO c.h.h.t.HelmChartContainer - [hivemq-test-hivemq-platform] [hivemq-platform-operator] [9e94c76f] 23:39:58.757 [pool-6-thread-40] DEBUG c.h.p.o.d.StatefulSetResource - [helmcust] Desired StatefulSet (2 replicas) for status STARTING (READY)
2025-01-28 23:39:58,762 INFO c.h.h.t.HelmChartContainer - [hivemq-test-hivemq-platform] [hivemq-platform-operator] [9e94c76f] 23:39:58.761 [ReconcilerExecutor-hivemq-controller-87] INFO  c.h.p.o.HiveMQPlatformReconciler - [helmcust] Reconciling HiveMQ Platform 'test-hivemq-platform' in namespace 'helmcustomconfigit'
2025-01-28 23:39:58,763 INFO c.h.h.t.HelmChartContainer - [hivemq-test-hivemq-platform] [hivemq-platform-operator] [9e94c76f] 23:39:58.762 [ReconcilerExecutor-hivemq-controller-87] DEBUG c.h.p.o.HiveMQPlatformReconciler - [helmcust] Custom Resource Status STARTING - HiveMQ Platform is starting (READY)
2025-01-28 23:39:58,764 INFO c.h.h.t.HelmChartContainer - [hivemq-test-hivemq-platform] [hivemq-platform-operator] [9e94c76f] 23:39:58.762 [ReconcilerExecutor-hivemq-controller-87] DEBUG c.h.p.o.HiveMQPlatformReconciler - [helmcust] Custom Resource Spec (replicas: 2) (extensions: 1)
2025-01-28 23:39:58,765 INFO c.h.h.t.HelmChartContainer - [hivemq-test-hivemq-platform] [hivemq-platform-operator] [9e94c76f] 23:39:58.765 [ReconcilerExecutor-hivemq-controller-87] DEBUG c.h.p.o.HiveMQPlatformReconciler - [helmcust] StatefulSet Status (revision: test-hivemq-platform-7f5f89548, replicas: 1, available: 0, ready: 0, current: 1, updated: 1)
2025-01-28 23:39:58,766 INFO c.h.h.t.HelmChartContainer - [hivemq-test-hivemq-platform] [hivemq-platform-operator] [9e94c76f] 23:39:58.765 [ReconcilerExecutor-hivemq-controller-87] DEBUG c.h.p.o.HiveMQPlatformReconciler - [helmcust] StatefulSet Spec (replicas: 2, init containers: 1, containers: 1, volumes: 3)
2025-01-28 23:39:58,769 INFO c.h.h.t.HelmChartContainer - [hivemq-test-hivemq-platform] [hivemq-platform-operator] [9e94c76f] 23:39:58.768 [ReconcilerExecutor-hivemq-controller-87] DEBUG c.h.p.o.h.HiveMQPlatformReconcilerErrorHandler - [helmcust] Pod 'test-hivemq-platform-0' phase Pending
2025-01-28 23:39:58,769 INFO c.h.h.t.HelmChartContainer - [hivemq-test-hivemq-platform] [hivemq-platform-operator] [9e94c76f] 23:39:58.768 [ReconcilerExecutor-hivemq-controller-87] DEBUG c.h.p.o.h.HiveMQPlatformReconcilerErrorHandler - [helmcust] Pod 'test-hivemq-platform-0' condition 'PodReadyToStartContainers': True
2025-01-28 23:39:58,769 INFO c.h.h.t.HelmChartContainer - [hivemq-test-hivemq-platform] [hivemq-platform-operator] [9e94c76f] 23:39:58.768 [ReconcilerExecutor-hivemq-controller-87] DEBUG c.h.p.o.h.HiveMQPlatformReconcilerErrorHandler - [helmcust] Pod 'test-hivemq-platform-0' condition 'Initialized': False
2025-01-28 23:39:58,769 INFO c.h.h.t.HelmChartContainer - [hivemq-test-hivemq-platform] [hivemq-platform-operator] [9e94c76f] 23:39:58.768 [ReconcilerExecutor-hivemq-controller-87] DEBUG c.h.p.o.h.HiveMQPlatformReconcilerErrorHandler - [helmcust] Pod 'test-hivemq-platform-0' condition 'Ready': False
2025-01-28 23:39:58,769 INFO c.h.h.t.HelmChartContainer - [hivemq-test-hivemq-platform] [hivemq-platform-operator] [9e94c76f] 23:39:58.768 [ReconcilerExecutor-hivemq-controller-87] DEBUG c.h.p.o.h.HiveMQPlatformReconcilerErrorHandler - [helmcust] Pod 'test-hivemq-platform-0' condition 'ContainersReady': False
2025-01-28 23:39:58,769 INFO c.h.h.t.HelmChartContainer - [hivemq-test-hivemq-platform] [hivemq-platform-operator] [9e94c76f] 23:39:58.768 [ReconcilerExecutor-hivemq-controller-87] DEBUG c.h.p.o.h.HiveMQPlatformReconcilerErrorHandler - [helmcust] Pod 'test-hivemq-platform-0' condition 'PodScheduled': True
2025-01-28 23:39:58,769 INFO c.h.h.t.HelmChartContainer - [hivemq-test-hivemq-platform] [hivemq-platform-operator] [9e94c76f] 23:39:58.768 [ReconcilerExecutor-hivemq-controller-87] DEBUG c.h.p.o.h.HiveMQPlatformReconcilerErrorHandler - [helmcust] Pod 'test-hivemq-platform-0' containerStatus 'hivemq' (started: false) (ready: false) (waiting: [PodInitializing] null)
2025-01-28 23:39:58,770 INFO c.h.h.t.HelmChartContainer - [hivemq-test-hivemq-platform] [hivemq-platform-operator] [9e94c76f] 23:39:58.769 [ReconcilerExecutor-hivemq-controller-87] INFO  c.h.p.o.h.HiveMQPlatformReconcilerBaseHandler - [helmcust] HiveMQ Platform is starting, 0 of 2 replicas are ready
2025-01-28 23:39:59,623 INFO c.h.h.t.HelmChartContainer - [EVENT] Normal [Pulled] Container image "docker.io/hivemq/hivemq4:4.36.0" already present on machine [helmcustomconfigit:test-hivemq-platform-0]
2025-01-28 23:39:59,623 INFO c.h.h.t.HelmChartContainer - Received Pulled event for container hivemq in pod test-hivemq-platform-0 [f99430f2-7676-4776-be55-9ad3e04cb1bc]
2025-01-28 23:39:59,630 INFO c.h.h.t.HelmChartContainer - [POD] test-hivemq-platform-0 [f99430f2-7676-4776-be55-9ad3e04cb1bc] in helmcustomconfigit was MODIFIED
2025-01-28 23:39:59,639 INFO c.h.h.t.HelmChartContainer - [hivemq-test-hivemq-platform] [hivemq-platform-operator] [9e94c76f] 23:39:59.638 [pool-6-thread-42] DEBUG c.h.p.o.d.PlatformServiceResource - [helmcust] Desired Platform services (3 services)
2025-01-28 23:39:59,642 INFO c.h.h.t.HelmChartContainer - [hivemq-test-hivemq-platform] [hivemq-platform-operator] [9e94c76f] 23:39:59.640 [pool-6-thread-43] DEBUG c.h.p.o.dependants.PodInfoConfigMap - [helmcust] Desired PodInfo ConfigMap (1 extensions) (1 enabled)
2025-01-28 23:39:59,644 INFO c.h.h.t.HelmChartContainer - [hivemq-test-hivemq-platform] [hivemq-platform-operator] [9e94c76f] 23:39:59.641 [pool-6-thread-43] DEBUG c.h.p.o.dependants.PodInfoConfigMap - [helmcust] Desired PodInfo ConfigMap (metrics port: 9399) (metrics path: /)
2025-01-28 23:39:59,644 INFO c.h.h.t.HelmChartContainer - [hivemq-test-hivemq-platform] [hivemq-platform-operator] [9e94c76f] 23:39:59.643 [pool-6-thread-43] DEBUG c.h.p.o.dependants.PodInfoConfigMap - [helmcust] Desired PodInfo ConfigMap (extension state hash: -1817474005)
2025-01-28 23:39:59,648 INFO c.h.h.t.HelmChartContainer - [hivemq-test-hivemq-platform] [hivemq-platform-operator] [9e94c76f] 23:39:59.647 [pool-6-thread-47] DEBUG c.h.p.o.d.PodServiceAccountResource - [helmcust] Desired PodServiceAccountResource (serviceAccountName: hivemq-platform-pod-test-hivemq-platform)
2025-01-28 23:39:59,655 INFO c.h.h.t.HelmChartContainer - [hivemq-test-hivemq-platform] [hivemq-platform-operator] [9e94c76f] 23:39:59.654 [pool-6-thread-49] DEBUG c.h.p.o.d.StatefulSetResource - [helmcust] Desired StatefulSet (2 replicas) for status STARTING (READY)
2025-01-28 23:39:59,738 INFO c.h.h.t.HelmChartContainer - [hivemq-test-hivemq-platform] [hivemq-platform-operator] [9e94c76f] 23:39:59.733 [ReconcilerExecutor-hivemq-controller-98] INFO  c.h.p.o.HiveMQPlatformReconciler - [helmcust] Reconciling HiveMQ Platform 'test-hivemq-platform' in namespace 'helmcustomconfigit'
2025-01-28 23:39:59,738 INFO c.h.h.t.HelmChartContainer - [hivemq-test-hivemq-platform] [hivemq-platform-operator] [9e94c76f] 23:39:59.734 [ReconcilerExecutor-hivemq-controller-98] DEBUG c.h.p.o.HiveMQPlatformReconciler - [helmcust] Custom Resource Status STARTING - HiveMQ Platform is starting (READY)
2025-01-28 23:39:59,739 INFO c.h.h.t.HelmChartContainer - [hivemq-test-hivemq-platform] [hivemq-platform-operator] [9e94c76f] 23:39:59.734 [ReconcilerExecutor-hivemq-controller-98] DEBUG c.h.p.o.HiveMQPlatformReconciler - [helmcust] Custom Resource Spec (replicas: 2) (extensions: 1)
2025-01-28 23:39:59,739 INFO c.h.h.t.HelmChartContainer - [hivemq-test-hivemq-platform] [hivemq-platform-operator] [9e94c76f] 23:39:59.736 [ReconcilerExecutor-hivemq-controller-98] DEBUG c.h.p.o.HiveMQPlatformReconciler - [helmcust] StatefulSet Status (revision: test-hivemq-platform-7f5f89548, replicas: 1, available: 0, ready: 0, current: 1, updated: 1)
2025-01-28 23:39:59,739 INFO c.h.h.t.HelmChartContainer - [hivemq-test-hivemq-platform] [hivemq-platform-operator] [9e94c76f] 23:39:59.736 [ReconcilerExecutor-hivemq-controller-98] DEBUG c.h.p.o.HiveMQPlatformReconciler - [helmcust] StatefulSet Spec (replicas: 2, init containers: 1, containers: 1, volumes: 3)
2025-01-28 23:39:59,740 INFO c.h.h.t.HelmChartContainer - [hivemq-test-hivemq-platform] [hivemq-platform-operator] [9e94c76f] 23:39:59.738 [ReconcilerExecutor-hivemq-controller-98] DEBUG c.h.p.o.h.HiveMQPlatformReconcilerErrorHandler - [helmcust] Pod 'test-hivemq-platform-0' phase Pending
2025-01-28 23:39:59,740 INFO c.h.h.t.HelmChartContainer - [hivemq-test-hivemq-platform] [hivemq-platform-operator] [9e94c76f] 23:39:59.739 [ReconcilerExecutor-hivemq-controller-98] DEBUG c.h.p.o.h.HiveMQPlatformReconcilerErrorHandler - [helmcust] Pod 'test-hivemq-platform-0' condition 'PodReadyToStartContainers': True
2025-01-28 23:39:59,740 INFO c.h.h.t.HelmChartContainer - [hivemq-test-hivemq-platform] [hivemq-platform-operator] [9e94c76f] 23:39:59.739 [ReconcilerExecutor-hivemq-controller-98] DEBUG c.h.p.o.h.HiveMQPlatformReconcilerErrorHandler - [helmcust] Pod 'test-hivemq-platform-0' condition 'Initialized': True
2025-01-28 23:39:59,740 INFO c.h.h.t.HelmChartContainer - [hivemq-test-hivemq-platform] [hivemq-platform-operator] [9e94c76f] 23:39:59.739 [ReconcilerExecutor-hivemq-controller-98] DEBUG c.h.p.o.h.HiveMQPlatformReconcilerErrorHandler - [helmcust] Pod 'test-hivemq-platform-0' condition 'Ready': False
2025-01-28 23:39:59,740 INFO c.h.h.t.HelmChartContainer - [hivemq-test-hivemq-platform] [hivemq-platform-operator] [9e94c76f] 23:39:59.739 [ReconcilerExecutor-hivemq-controller-98] DEBUG c.h.p.o.h.HiveMQPlatformReconcilerErrorHandler - [helmcust] Pod 'test-hivemq-platform-0' condition 'ContainersReady': False
2025-01-28 23:39:59,740 INFO c.h.h.t.HelmChartContainer - [hivemq-test-hivemq-platform] [hivemq-platform-operator] [9e94c76f] 23:39:59.739 [ReconcilerExecutor-hivemq-controller-98] DEBUG c.h.p.o.h.HiveMQPlatformReconcilerErrorHandler - [helmcust] Pod 'test-hivemq-platform-0' condition 'PodScheduled': True
2025-01-28 23:39:59,740 INFO c.h.h.t.HelmChartContainer - [hivemq-test-hivemq-platform] [hivemq-platform-operator] [9e94c76f] 23:39:59.739 [ReconcilerExecutor-hivemq-controller-98] DEBUG c.h.p.o.h.HiveMQPlatformReconcilerErrorHandler - [helmcust] Pod 'test-hivemq-platform-0' containerStatus 'hivemq' (started: false) (ready: false) (waiting: [PodInitializing] null)
2025-01-28 23:39:59,743 INFO c.h.h.t.HelmChartContainer - [hivemq-test-hivemq-platform] [hivemq-platform-operator] [9e94c76f] 23:39:59.742 [ReconcilerExecutor-hivemq-controller-98] INFO  c.h.p.o.h.HiveMQPlatformReconcilerBaseHandler - [helmcust] HiveMQ Platform is starting, 0 of 2 replicas are ready
2025-01-28 23:40:00,678 INFO c.h.h.t.HelmChartContainer - [EVENT] Normal [Created] Created container: hivemq [helmcustomconfigit:test-hivemq-platform-0]
2025-01-28 23:40:00,678 INFO c.h.h.t.HelmChartContainer - Received Created event for container hivemq in pod test-hivemq-platform-0 [f99430f2-7676-4776-be55-9ad3e04cb1bc]
2025-01-28 23:40:01,639 INFO c.h.h.t.HelmChartContainer - [POD] test-hivemq-platform-0 [f99430f2-7676-4776-be55-9ad3e04cb1bc] in helmcustomconfigit was MODIFIED
2025-01-28 23:40:01,655 INFO c.h.h.t.HelmChartContainer - Started log watcher for hivemq in pod test-hivemq-platform-0 [f99430f2-7676-4776-be55-9ad3e04cb1bc]
2025-01-28 23:40:01,655 INFO c.h.h.t.HelmChartContainer - [test-hivemq-platform] [hivemq] [f99430f2] Adding pre-installed HiveMQ Platform Operator extensions
2025-01-28 23:40:01,655 INFO c.h.h.t.HelmChartContainer - [test-hivemq-platform] [hivemq] [f99430f2] Running as user 10000
2025-01-28 23:40:01,655 INFO c.h.h.t.HelmChartContainer - [test-hivemq-platform] [hivemq] [f99430f2] Starting HiveMQ Platform Operator Init
2025-01-28 23:40:01,655 INFO c.h.h.t.HelmChartContainer - [EVENT] Normal [Started] Started container hivemq [helmcustomconfigit:test-hivemq-platform-0]
2025-01-28 23:40:01,655 INFO c.h.h.t.HelmChartContainer - Received Started event for container hivemq in pod test-hivemq-platform-0 [f99430f2-7676-4776-be55-9ad3e04cb1bc]
2025-01-28 23:40:01,655 INFO c.h.h.t.HelmChartContainer - [hivemq-test-hivemq-platform] [hivemq-platform-operator] [9e94c76f] 23:40:01.648 [pool-6-thread-8] DEBUG c.h.p.o.d.PlatformServiceResource - [helmcust] Desired Platform services (3 services)
2025-01-28 23:40:01,655 INFO c.h.h.t.HelmChartContainer - [hivemq-test-hivemq-platform] [hivemq-platform-operator] [9e94c76f] 23:40:01.650 [pool-6-thread-1] DEBUG c.h.p.o.d.PodServiceAccountResource - [helmcust] Desired PodServiceAccountResource (serviceAccountName: hivemq-platform-pod-test-hivemq-platform)
2025-01-28 23:40:01,655 INFO c.h.h.t.HelmChartContainer - [hivemq-test-hivemq-platform] [hivemq-platform-operator] [9e94c76f] 23:40:01.651 [pool-6-thread-5] DEBUG c.h.p.o.dependants.PodInfoConfigMap - [helmcust] Desired PodInfo ConfigMap (1 extensions) (1 enabled)
2025-01-28 23:40:01,655 INFO c.h.h.t.HelmChartContainer - [hivemq-test-hivemq-platform] [hivemq-platform-operator] [9e94c76f] 23:40:01.652 [pool-6-thread-5] DEBUG c.h.p.o.dependants.PodInfoConfigMap - [helmcust] Desired PodInfo ConfigMap (metrics port: 9399) (metrics path: /)
2025-01-28 23:40:01,655 INFO c.h.h.t.HelmChartContainer - [hivemq-test-hivemq-platform] [hivemq-platform-operator] [9e94c76f] 23:40:01.652 [pool-6-thread-5] DEBUG c.h.p.o.dependants.PodInfoConfigMap - [helmcust] Desired PodInfo ConfigMap (extension state hash: -1817474005)
2025-01-28 23:40:01,732 INFO c.h.h.t.HelmChartContainer - [hivemq-test-hivemq-platform] [hivemq-platform-operator] [9e94c76f] 23:40:01.731 [pool-6-thread-8] DEBUG c.h.p.o.d.StatefulSetResource - [helmcust] Desired StatefulSet (2 replicas) for status STARTING (READY)
2025-01-28 23:40:01,737 INFO c.h.h.t.HelmChartContainer - [hivemq-test-hivemq-platform] [hivemq-platform-operator] [9e94c76f] 23:40:01.736 [ReconcilerExecutor-hivemq-controller-109] INFO  c.h.p.o.HiveMQPlatformReconciler - [helmcust] Reconciling HiveMQ Platform 'test-hivemq-platform' in namespace 'helmcustomconfigit'
2025-01-28 23:40:01,738 INFO c.h.h.t.HelmChartContainer - [hivemq-test-hivemq-platform] [hivemq-platform-operator] [9e94c76f] 23:40:01.736 [ReconcilerExecutor-hivemq-controller-109] DEBUG c.h.p.o.HiveMQPlatformReconciler - [helmcust] Custom Resource Status STARTING - HiveMQ Platform is starting (READY)
2025-01-28 23:40:01,739 INFO c.h.h.t.HelmChartContainer - [hivemq-test-hivemq-platform] [hivemq-platform-operator] [9e94c76f] 23:40:01.736 [ReconcilerExecutor-hivemq-controller-109] DEBUG c.h.p.o.HiveMQPlatformReconciler - [helmcust] Custom Resource Spec (replicas: 2) (extensions: 1)
2025-01-28 23:40:01,741 INFO c.h.h.t.HelmChartContainer - [hivemq-test-hivemq-platform] [hivemq-platform-operator] [9e94c76f] 23:40:01.738 [ReconcilerExecutor-hivemq-controller-109] DEBUG c.h.p.o.HiveMQPlatformReconciler - [helmcust] StatefulSet Status (revision: test-hivemq-platform-7f5f89548, replicas: 1, available: 0, ready: 0, current: 1, updated: 1)
2025-01-28 23:40:01,741 INFO c.h.h.t.HelmChartContainer - [hivemq-test-hivemq-platform] [hivemq-platform-operator] [9e94c76f] 23:40:01.739 [ReconcilerExecutor-hivemq-controller-109] DEBUG c.h.p.o.HiveMQPlatformReconciler - [helmcust] StatefulSet Spec (replicas: 2, init containers: 1, containers: 1, volumes: 3)
2025-01-28 23:40:01,742 INFO c.h.h.t.HelmChartContainer - [hivemq-test-hivemq-platform] [hivemq-platform-operator] [9e94c76f] 23:40:01.741 [ReconcilerExecutor-hivemq-controller-109] DEBUG c.h.p.o.h.HiveMQPlatformReconcilerErrorHandler - [helmcust] Pod 'test-hivemq-platform-0' phase Running
2025-01-28 23:40:01,743 INFO c.h.h.t.HelmChartContainer - [hivemq-test-hivemq-platform] [hivemq-platform-operator] [9e94c76f] 23:40:01.742 [ReconcilerExecutor-hivemq-controller-109] INFO  c.h.p.o.h.HiveMQPlatformReconcilerBaseHandler - [helmcust] HiveMQ Platform is starting, 0 of 2 replicas are ready
2025-01-28 23:40:01,913 INFO c.h.h.t.HelmChartContainer - [test-hivemq-platform] [hivemq] [f99430f2] INFO  - [HiveMQ Platform Operator Init 1.7.0-SNAPSHOT] HiveMQ Platform Operator Init 1.7.0-SNAPSHOT (commit: bebf408 on branch: HEAD) built on Sun Jan 26 20:47:47 UTC 2025
2025-01-28 23:40:03,014 INFO c.h.h.t.HelmChartContainer - [test-hivemq-platform] [hivemq] [f99430f2] INFO  - [HiveMQ Platform Operator Init App 1.7.0-SNAPSHOT] Using bind address 10.42.0.14 from environment variable
2025-01-28 23:40:03,923 INFO c.h.h.t.HelmChartContainer - [test-hivemq-platform] [hivemq] [f99430f2] INFO  - [HiveMQ Platform Operator Init App 1.7.0-SNAPSHOT] HiveMQ Platform Operator Init App 1.7.0-SNAPSHOT (commit: bebf408 on branch: HEAD) built on Sun Jan 26 20:47:47 UTC 2025
2025-01-28 23:40:03,923 INFO c.h.h.t.HelmChartContainer - [test-hivemq-platform] [hivemq] [f99430f2] INFO  - [HiveMQ Platform Operator Init App 1.7.0-SNAPSHOT] PodInfo ConfigMap directory: /etc/podinfo
2025-01-28 23:40:03,923 INFO c.h.h.t.HelmChartContainer - [test-hivemq-platform] [hivemq] [f99430f2] INFO  - [HiveMQ Platform Operator Init App 1.7.0-SNAPSHOT] HiveMQ home directory: /opt/hivemq
2025-01-28 23:40:03,924 INFO c.h.h.t.HelmChartContainer - [test-hivemq-platform] [hivemq] [f99430f2] INFO  - [HiveMQ Platform Operator Init App 1.7.0-SNAPSHOT] HiveMQ Logback folder: /opt/hivemq/conf
2025-01-28 23:40:03,924 INFO c.h.h.t.HelmChartContainer - [test-hivemq-platform] [hivemq] [f99430f2] INFO  - [HiveMQ Platform Operator Init App 1.7.0-SNAPSHOT] HiveMQ Config folder: /opt/hivemq/conf-k8s
2025-01-28 23:40:03,924 INFO c.h.h.t.HelmChartContainer - [test-hivemq-platform] [hivemq] [f99430f2] INFO  - [HiveMQ Platform Operator Init App 1.7.0-SNAPSHOT] Starting HiveMQ Platform Operator Init App
2025-01-28 23:40:03,924 INFO c.h.h.t.HelmChartContainer - [test-hivemq-platform] [hivemq] [f99430f2] INFO  - [HiveMQ Platform Operator Init App 1.7.0-SNAPSHOT] Starting Pod reconciler
2025-01-28 23:40:05,115 INFO c.h.h.t.HelmChartContainer - [test-hivemq-platform] [hivemq] [f99430f2] INFO  - [HiveMQ Platform Operator Init App 1.7.0-SNAPSHOT] Pod reconciler is scheduled (interval: 5000 ms)
2025-01-28 23:40:05,116 INFO c.h.h.t.HelmChartContainer - [test-hivemq-platform] [hivemq] [f99430f2] INFO  - [HiveMQ Platform Operator Init App 1.7.0-SNAPSHOT] Starting the REST API on 10.42.0.14:7979
2025-01-28 23:40:05,118 INFO c.h.h.t.HelmChartContainer - [test-hivemq-platform] [hivemq] [f99430f2] INFO  - [HiveMQ Platform Operator Init App 1.7.0-SNAPSHOT] Waiting up to 600s for at most 2 HiveMQ nodes in cluster service hivemq-test-hivemq-platform-cluster.helmcustomconfigit.svc
2025-01-28 23:40:05,427 INFO c.h.h.t.HelmChartContainer - [test-hivemq-platform] [hivemq] [f99430f2] INFO  - [HiveMQ Platform Operator Init App 1.7.0-SNAPSHOT] Resolved 1 IP addresses: [10.42.0.14]
2025-01-28 23:40:05,427 INFO c.h.h.t.HelmChartContainer - [test-hivemq-platform] [hivemq] [f99430f2] INFO  - [HiveMQ Platform Operator Init App 1.7.0-SNAPSHOT] HiveMQ node count of 1 is within threshold of 2
2025-01-28 23:40:05,427 INFO c.h.h.t.HelmChartContainer - [test-hivemq-platform] [hivemq] [f99430f2] INFO  - [HiveMQ Platform Operator Init App 1.7.0-SNAPSHOT] Proceeding with container start
2025-01-28 23:40:05,518 INFO c.h.h.t.HelmChartContainer - [test-hivemq-platform] [hivemq] [f99430f2] INFO  - [HiveMQ Platform Operator Init App 1.7.0-SNAPSHOT] Initializing HiveMQ Platform extensions with initial configuration: {hivemq-allow-all-extension={start-priority=-1, skip-https-hostname-verification=false, restart=true, config-version=0, header-version=0, c-uri=, priority=-1, uri=preinstalled, skip-https-certificate-validation=false, enabled=true}, hivemq-prometheus-extension={restart=true, enabled=true, request-header-path=no-request-headers, uri=preinstalled, skip-https-certificate-validation=false, skip-https-hostname-verification=false, c-uri=, start-priority=-1, priority=-1}}
2025-01-28 23:40:05,919 INFO c.h.h.t.HelmChartContainer - [test-hivemq-platform] [hivemq] [f99430f2] INFO  - [HiveMQ Platform Operator Init App 1.7.0-SNAPSHOT] Extension hivemq-allow-all-extension was already enabled
2025-01-28 23:40:05,928 INFO c.h.h.t.HelmChartContainer - [test-hivemq-platform] [hivemq] [f99430f2] INFO  - [HiveMQ Platform Operator Init App 1.7.0-SNAPSHOT] Successfully enabled extension hivemq-prometheus-extension
2025-01-28 23:40:05,929 INFO c.h.h.t.HelmChartContainer - [test-hivemq-platform] [hivemq] [f99430f2] INFO  - [HiveMQ Platform Operator Init App 1.7.0-SNAPSHOT] Starting HiveMQ Platform version 4.36.0 (4.36.0)
2025-01-28 23:40:05,930 INFO c.h.h.t.HelmChartContainer - [test-hivemq-platform] [hivemq] [f99430f2] INFO  - [HiveMQ Platform Operator Init App 1.7.0-SNAPSHOT] Configuring the HiveMQ Platform
2025-01-28 23:40:06,015 INFO c.h.h.t.HelmChartContainer - [test-hivemq-platform] [hivemq] [f99430f2] INFO  - [HiveMQ Platform Operator Init App 1.7.0-SNAPSHOT] Changed logback.xml file scan period to 20 seconds
2025-01-28 23:40:06,026 INFO c.h.h.t.HelmChartContainer - [test-hivemq-platform] [hivemq] [f99430f2] INFO  - [HiveMQ Platform Operator Init App 1.7.0-SNAPSHOT] Starting the HiveMQ Platform
2025-01-28 23:40:06,028 INFO c.h.h.t.HelmChartContainer - [test-hivemq-platform] [hivemq] [f99430f2] -------------------------------------------------------------------------
2025-01-28 23:40:06,028 INFO c.h.h.t.HelmChartContainer - [test-hivemq-platform] [hivemq] [f99430f2] 
2025-01-28 23:40:06,028 INFO c.h.h.t.HelmChartContainer - [test-hivemq-platform] [hivemq] [f99430f2]                   _    _  _              __  __   ____
2025-01-28 23:40:06,028 INFO c.h.h.t.HelmChartContainer - [test-hivemq-platform] [hivemq] [f99430f2]                  | |  | |(_)            |  \/  | / __ \
2025-01-28 23:40:06,029 INFO c.h.h.t.HelmChartContainer - [test-hivemq-platform] [hivemq] [f99430f2]                  | |__| | _ __   __ ___ | \  / || |  | |
2025-01-28 23:40:06,029 INFO c.h.h.t.HelmChartContainer - [test-hivemq-platform] [hivemq] [f99430f2]                  |  __  || |\ \ / // _ \| |\/| || |  | |
2025-01-28 23:40:06,029 INFO c.h.h.t.HelmChartContainer - [test-hivemq-platform] [hivemq] [f99430f2]                  | |  | || | \ V /|  __/| |  | || |__| |
2025-01-28 23:40:06,029 INFO c.h.h.t.HelmChartContainer - [test-hivemq-platform] [hivemq] [f99430f2]                  |_|  |_||_|  \_/  \___||_|  |_| \___\_\
2025-01-28 23:40:06,030 INFO c.h.h.t.HelmChartContainer - [test-hivemq-platform] [hivemq] [f99430f2] 
2025-01-28 23:40:06,030 INFO c.h.h.t.HelmChartContainer - [test-hivemq-platform] [hivemq] [f99430f2] -------------------------------------------------------------------------
2025-01-28 23:40:06,030 INFO c.h.h.t.HelmChartContainer - [test-hivemq-platform] [hivemq] [f99430f2] 
2025-01-28 23:40:06,030 INFO c.h.h.t.HelmChartContainer - [test-hivemq-platform] [hivemq] [f99430f2]   HiveMQ Start Script for Linux/Unix v1.14
2025-01-28 23:40:06,030 INFO c.h.h.t.HelmChartContainer - [test-hivemq-platform] [hivemq] [f99430f2] 
2025-01-28 23:40:06,139 INFO c.h.h.t.HelmChartContainer - [test-hivemq-platform] [hivemq] [f99430f2] -------------------------------------------------------------------------
2025-01-28 23:40:06,139 INFO c.h.h.t.HelmChartContainer - [test-hivemq-platform] [hivemq] [f99430f2] 
2025-01-28 23:40:06,140 INFO c.h.h.t.HelmChartContainer - [test-hivemq-platform] [hivemq] [f99430f2]   HIVEMQ_HOME: /opt/hivemq
2025-01-28 23:40:06,140 INFO c.h.h.t.HelmChartContainer - [test-hivemq-platform] [hivemq] [f99430f2] 
2025-01-28 23:40:06,140 INFO c.h.h.t.HelmChartContainer - [test-hivemq-platform] [hivemq] [f99430f2]   JAVA_OPTS: -XX:+UnlockExperimentalVMOptions -XX:InitialRAMPercentage=50 -XX:MaxRAMPercentage=50 -Djava.net.preferIPv4Stack=true --add-opens java.base/java.lang=ALL-UNNAMED --add-opens java.base/java.nio=ALL-UNNAMED --add-opens java.base/sun.nio.ch=ALL-UNNAMED --add-opens jdk.management/com.sun.management.internal=ALL-UNNAMED --add-exports java.base/jdk.internal.misc=ALL-UNNAMED -Djava.security.egd=file:/dev/./urandom -Dcom.sun.management.jmxremote -Dcom.sun.management.jmxremote.port=9010 -Dcom.sun.management.jmxremote.local.only=false -Dcom.sun.management.jmxremote.authenticate=false -Dcom.sun.management.jmxremote.ssl=false -Duser.language=en -Duser.region=US -XX:+CrashOnOutOfMemoryError -XX:+HeapDumpOnOutOfMemoryError
2025-01-28 23:40:06,140 INFO c.h.h.t.HelmChartContainer - [test-hivemq-platform] [hivemq] [f99430f2] 
2025-01-28 23:40:06,140 INFO c.h.h.t.HelmChartContainer - [test-hivemq-platform] [hivemq] [f99430f2]   JAVA_VERSION: 21
2025-01-28 23:40:06,140 INFO c.h.h.t.HelmChartContainer - [test-hivemq-platform] [hivemq] [f99430f2] 
2025-01-28 23:40:06,140 INFO c.h.h.t.HelmChartContainer - [test-hivemq-platform] [hivemq] [f99430f2] -------------------------------------------------------------------------
2025-01-28 23:40:06,140 INFO c.h.h.t.HelmChartContainer - [test-hivemq-platform] [hivemq] [f99430f2] 
2025-01-28 23:40:07,659 INFO c.h.h.t.HelmChartContainer - [test-hivemq-platform] [hivemq] [f99430f2] INFO  - [HiveMQ Platform Operator Init App 1.7.0-SNAPSHOT] Returning default Health API response 503 for readiness
2025-01-28 23:40:08,019 INFO c.h.h.t.HelmChartContainer - [EVENT] Warning [Unhealthy] Readiness probe failed: HTTP probe failed with statuscode: 503 [helmcustomconfigit:test-hivemq-platform-0]
2025-01-28 23:40:08,019 INFO c.h.h.t.HelmChartContainer - Received Unhealthy event for container hivemq in pod test-hivemq-platform-0 [f99430f2-7676-4776-be55-9ad3e04cb1bc]
2025-01-28 23:40:08,718 INFO c.h.h.t.HelmChartContainer - [test-hivemq-platform] [hivemq] [f99430f2] INFO  - Starting HiveMQ Enterprise Server
2025-01-28 23:40:08,724 INFO c.h.h.t.HelmChartContainer - [test-hivemq-platform] [hivemq] [f99430f2] INFO  - HiveMQ version: 4.36.0
2025-01-28 23:40:08,725 INFO c.h.h.t.HelmChartContainer - [test-hivemq-platform] [hivemq] [f99430f2] INFO  - HiveMQ home directory: /opt/hivemq
2025-01-28 23:40:08,725 INFO c.h.h.t.HelmChartContainer - [test-hivemq-platform] [hivemq] [f99430f2] INFO  - Log Configuration was overridden by /opt/hivemq/conf/logback.xml
2025-01-28 23:40:09,915 INFO c.h.h.t.HelmChartContainer - [test-hivemq-platform] [hivemq] [f99430f2] INFO  - Successfully loaded configuration from '/opt/hivemq/conf-k8s/config.xml'.
2025-01-28 23:40:10,315 INFO c.h.h.t.HelmChartContainer - [test-hivemq-platform] [hivemq] [f99430f2] INFO  - This node's ID is BpuCS
2025-01-28 23:40:10,315 INFO c.h.h.t.HelmChartContainer - [test-hivemq-platform] [hivemq] [f99430f2] INFO  - Clustering is enabled
2025-01-28 23:40:11,751 INFO c.h.h.t.HelmChartContainer - [hivemq-test-hivemq-platform] [hivemq-platform-operator] [9e94c76f] 23:40:11.746 [pool-6-thread-16] DEBUG c.h.p.o.d.PlatformServiceResource - [helmcust] Desired Platform services (3 services)
2025-01-28 23:40:11,752 INFO c.h.h.t.HelmChartContainer - [hivemq-test-hivemq-platform] [hivemq-platform-operator] [9e94c76f] 23:40:11.747 [pool-6-thread-15] DEBUG c.h.p.o.dependants.PodInfoConfigMap - [helmcust] Desired PodInfo ConfigMap (1 extensions) (1 enabled)
2025-01-28 23:40:11,752 INFO c.h.h.t.HelmChartContainer - [hivemq-test-hivemq-platform] [hivemq-platform-operator] [9e94c76f] 23:40:11.747 [pool-6-thread-15] DEBUG c.h.p.o.dependants.PodInfoConfigMap - [helmcust] Desired PodInfo ConfigMap (metrics port: 9399) (metrics path: /)
2025-01-28 23:40:11,752 INFO c.h.h.t.HelmChartContainer - [hivemq-test-hivemq-platform] [hivemq-platform-operator] [9e94c76f] 23:40:11.747 [pool-6-thread-15] DEBUG c.h.p.o.dependants.PodInfoConfigMap - [helmcust] Desired PodInfo ConfigMap (extension state hash: -1817474005)
2025-01-28 23:40:11,752 INFO c.h.h.t.HelmChartContainer - [hivemq-test-hivemq-platform] [hivemq-platform-operator] [9e94c76f] 23:40:11.748 [pool-6-thread-15] DEBUG c.h.p.o.d.PodServiceAccountResource - [helmcust] Desired PodServiceAccountResource (serviceAccountName: hivemq-platform-pod-test-hivemq-platform)
2025-01-28 23:40:11,754 INFO c.h.h.t.HelmChartContainer - [hivemq-test-hivemq-platform] [hivemq-platform-operator] [9e94c76f] 23:40:11.753 [pool-6-thread-16] DEBUG c.h.p.o.d.StatefulSetResource - [helmcust] Desired StatefulSet (2 replicas) for status STARTING (READY)
2025-01-28 23:40:11,758 INFO c.h.h.t.HelmChartContainer - [hivemq-test-hivemq-platform] [hivemq-platform-operator] [9e94c76f] 23:40:11.757 [ReconcilerExecutor-hivemq-controller-110] INFO  c.h.p.o.HiveMQPlatformReconciler - [helmcust] Reconciling HiveMQ Platform 'test-hivemq-platform' in namespace 'helmcustomconfigit'
2025-01-28 23:40:11,759 INFO c.h.h.t.HelmChartContainer - [hivemq-test-hivemq-platform] [hivemq-platform-operator] [9e94c76f] 23:40:11.757 [ReconcilerExecutor-hivemq-controller-110] DEBUG c.h.p.o.HiveMQPlatformReconciler - [helmcust] Custom Resource Status STARTING - HiveMQ Platform is starting (READY)
2025-01-28 23:40:11,760 INFO c.h.h.t.HelmChartContainer - [hivemq-test-hivemq-platform] [hivemq-platform-operator] [9e94c76f] 23:40:11.757 [ReconcilerExecutor-hivemq-controller-110] DEBUG c.h.p.o.HiveMQPlatformReconciler - [helmcust] Custom Resource Spec (replicas: 2) (extensions: 1)
2025-01-28 23:40:11,760 INFO c.h.h.t.HelmChartContainer - [hivemq-test-hivemq-platform] [hivemq-platform-operator] [9e94c76f] 23:40:11.758 [ReconcilerExecutor-hivemq-controller-110] DEBUG c.h.p.o.HiveMQPlatformReconciler - [helmcust] StatefulSet Status (revision: test-hivemq-platform-7f5f89548, replicas: 1, available: 0, ready: 0, current: 1, updated: 1)
2025-01-28 23:40:11,760 INFO c.h.h.t.HelmChartContainer - [hivemq-test-hivemq-platform] [hivemq-platform-operator] [9e94c76f] 23:40:11.758 [ReconcilerExecutor-hivemq-controller-110] DEBUG c.h.p.o.HiveMQPlatformReconciler - [helmcust] StatefulSet Spec (replicas: 2, init containers: 1, containers: 1, volumes: 3)
2025-01-28 23:40:11,761 INFO c.h.h.t.HelmChartContainer - [hivemq-test-hivemq-platform] [hivemq-platform-operator] [9e94c76f] 23:40:11.760 [ReconcilerExecutor-hivemq-controller-110] DEBUG c.h.p.o.h.HiveMQPlatformReconcilerErrorHandler - [helmcust] Pod 'test-hivemq-platform-0' phase Running
2025-01-28 23:40:11,762 INFO c.h.h.t.HelmChartContainer - [hivemq-test-hivemq-platform] [hivemq-platform-operator] [9e94c76f] 23:40:11.761 [ReconcilerExecutor-hivemq-controller-110] INFO  c.h.p.o.h.HiveMQPlatformReconcilerBaseHandler - [helmcust] HiveMQ Platform is starting, 0 of 2 replicas are ready
2025-01-28 23:40:13,219 INFO c.h.h.t.HelmChartContainer - [test-hivemq-platform] [hivemq] [f99430f2] WARN  - [HiveMQ Platform Operator Init App 1.7.0-SNAPSHOT] Cannot connect to Health API for readiness: null
2025-01-28 23:40:13,224 INFO c.h.h.t.HelmChartContainer - [EVENT] Warning [Unhealthy] Readiness probe failed: HTTP probe failed with statuscode: 503 [helmcustomconfigit:test-hivemq-platform-0]
2025-01-28 23:40:13,225 INFO c.h.h.t.HelmChartContainer - Received Unhealthy event for container hivemq in pod test-hivemq-platform-0 [f99430f2-7676-4776-be55-9ad3e04cb1bc]
2025-01-28 23:40:15,418 INFO c.h.h.t.HelmChartContainer - [test-hivemq-platform] [hivemq] [f99430f2] Jan 28, 2025 11:40:15 PM io.vertx.core.impl.BlockedThreadChecker
2025-01-28 23:40:15,419 INFO c.h.h.t.HelmChartContainer - [test-hivemq-platform] [hivemq] [f99430f2] WARNING: Thread Thread[vert.x-eventloop-thread-1,5,main] has been blocked for 2294 ms, time limit is 2000 ms
2025-01-28 23:40:15,923 INFO c.h.h.t.HelmChartContainer - [test-hivemq-platform] [hivemq] [f99430f2] INFO  - [HiveMQ Platform Operator Init App 1.7.0-SNAPSHOT] Updating Pod HiveMQ Platform Operator Init App version annotation (version: 1.7.0-SNAPSHOT)
2025-01-28 23:40:16,528 INFO c.h.h.t.HelmChartContainer - [POD] test-hivemq-platform-0 [f99430f2-7676-4776-be55-9ad3e04cb1bc] in helmcustomconfigit was MODIFIED
2025-01-28 23:40:16,533 INFO c.h.h.t.HelmChartContainer - [test-hivemq-platform] [hivemq] [f99430f2] WARN  - [HiveMQ Platform Operator Init App 1.7.0-SNAPSHOT] Cannot connect to Health API for readiness: null
2025-01-28 23:40:16,538 INFO c.h.h.t.HelmChartContainer - [hivemq-test-hivemq-platform] [hivemq-platform-operator] [9e94c76f] 23:40:16.534 [pool-6-thread-27] DEBUG c.h.p.o.d.PlatformServiceResource - [helmcust] Desired Platform services (3 services)
2025-01-28 23:40:16,540 INFO c.h.h.t.HelmChartContainer - [hivemq-test-hivemq-platform] [hivemq-platform-operator] [9e94c76f] 23:40:16.536 [pool-6-thread-26] DEBUG c.h.p.o.dependants.PodInfoConfigMap - [helmcust] Desired PodInfo ConfigMap (1 extensions) (1 enabled)
2025-01-28 23:40:16,540 INFO c.h.h.t.HelmChartContainer - [hivemq-test-hivemq-platform] [hivemq-platform-operator] [9e94c76f] 23:40:16.536 [pool-6-thread-26] DEBUG c.h.p.o.dependants.PodInfoConfigMap - [helmcust] Desired PodInfo ConfigMap (metrics port: 9399) (metrics path: /)
2025-01-28 23:40:16,541 INFO c.h.h.t.HelmChartContainer - [hivemq-test-hivemq-platform] [hivemq-platform-operator] [9e94c76f] 23:40:16.536 [pool-6-thread-26] DEBUG c.h.p.o.dependants.PodInfoConfigMap - [helmcust] Desired PodInfo ConfigMap (extension state hash: -1817474005)
2025-01-28 23:40:16,541 INFO c.h.h.t.HelmChartContainer - [hivemq-test-hivemq-platform] [hivemq-platform-operator] [9e94c76f] 23:40:16.538 [pool-6-thread-25] DEBUG c.h.p.o.d.PodServiceAccountResource - [helmcust] Desired PodServiceAccountResource (serviceAccountName: hivemq-platform-pod-test-hivemq-platform)
2025-01-28 23:40:16,544 INFO c.h.h.t.HelmChartContainer - [hivemq-test-hivemq-platform] [hivemq-platform-operator] [9e94c76f] 23:40:16.543 [pool-6-thread-29] DEBUG c.h.p.o.d.StatefulSetResource - [helmcust] Desired StatefulSet (2 replicas) for status STARTING (READY)
2025-01-28 23:40:16,544 INFO c.h.h.t.HelmChartContainer - [EVENT] Warning [Unhealthy] Readiness probe failed: HTTP probe failed with statuscode: 503 [helmcustomconfigit:test-hivemq-platform-0]
2025-01-28 23:40:16,544 INFO c.h.h.t.HelmChartContainer - Received Unhealthy event for container hivemq in pod test-hivemq-platform-0 [f99430f2-7676-4776-be55-9ad3e04cb1bc]
2025-01-28 23:40:16,554 INFO c.h.h.t.HelmChartContainer - [hivemq-test-hivemq-platform] [hivemq-platform-operator] [9e94c76f] 23:40:16.554 [ReconcilerExecutor-hivemq-controller-111] INFO  c.h.p.o.HiveMQPlatformReconciler - [helmcust] Reconciling HiveMQ Platform 'test-hivemq-platform' in namespace 'helmcustomconfigit'
2025-01-28 23:40:16,555 INFO c.h.h.t.HelmChartContainer - [hivemq-test-hivemq-platform] [hivemq-platform-operator] [9e94c76f] 23:40:16.554 [ReconcilerExecutor-hivemq-controller-111] DEBUG c.h.p.o.HiveMQPlatformReconciler - [helmcust] Custom Resource Status STARTING - HiveMQ Platform is starting (READY)
2025-01-28 23:40:16,556 INFO c.h.h.t.HelmChartContainer - [hivemq-test-hivemq-platform] [hivemq-platform-operator] [9e94c76f] 23:40:16.554 [ReconcilerExecutor-hivemq-controller-111] DEBUG c.h.p.o.HiveMQPlatformReconciler - [helmcust] Custom Resource Spec (replicas: 2) (extensions: 1)
2025-01-28 23:40:16,556 INFO c.h.h.t.HelmChartContainer - [hivemq-test-hivemq-platform] [hivemq-platform-operator] [9e94c76f] 23:40:16.555 [ReconcilerExecutor-hivemq-controller-111] DEBUG c.h.p.o.HiveMQPlatformReconciler - [helmcust] StatefulSet Status (revision: test-hivemq-platform-7f5f89548, replicas: 1, available: 0, ready: 0, current: 1, updated: 1)
2025-01-28 23:40:16,556 INFO c.h.h.t.HelmChartContainer - [hivemq-test-hivemq-platform] [hivemq-platform-operator] [9e94c76f] 23:40:16.555 [ReconcilerExecutor-hivemq-controller-111] DEBUG c.h.p.o.HiveMQPlatformReconciler - [helmcust] StatefulSet Spec (replicas: 2, init containers: 1, containers: 1, volumes: 3)
2025-01-28 23:40:16,557 INFO c.h.h.t.HelmChartContainer - [hivemq-test-hivemq-platform] [hivemq-platform-operator] [9e94c76f] 23:40:16.557 [ReconcilerExecutor-hivemq-controller-111] DEBUG c.h.p.o.h.HiveMQPlatformReconcilerErrorHandler - [helmcust] Pod 'test-hivemq-platform-0' phase Running
2025-01-28 23:40:16,616 INFO c.h.h.t.HelmChartContainer - [test-hivemq-platform] [hivemq] [f99430f2] INFO  - [HiveMQ Platform Operator Init App 1.7.0-SNAPSHOT] Successfully updated Pod HiveMQ Platform Operator Init App version annotation (version: 1.7.0-SNAPSHOT)
2025-01-28 23:40:16,633 INFO c.h.h.t.HelmChartContainer - [hivemq-test-hivemq-platform] [hivemq-platform-operator] [9e94c76f] 23:40:16.631 [ReconcilerExecutor-hivemq-controller-111] INFO  c.h.p.o.h.HiveMQPlatformReconcilerBaseHandler - [helmcust] HiveMQ Platform is starting, 0 of 2 replicas are ready
2025-01-28 23:40:21,561 INFO c.h.h.t.HelmChartContainer - [test-hivemq-platform] [hivemq] [f99430f2] WARN  - [HiveMQ Platform Operator Init App 1.7.0-SNAPSHOT] Cannot connect to Health API for readiness: null
2025-01-28 23:40:21,566 INFO c.h.h.t.HelmChartContainer - [EVENT] Warning [Unhealthy] Readiness probe failed: HTTP probe failed with statuscode: 503 [helmcustomconfigit:test-hivemq-platform-0]
2025-01-28 23:40:21,567 INFO c.h.h.t.HelmChartContainer - Received Unhealthy event for container hivemq in pod test-hivemq-platform-0 [f99430f2-7676-4776-be55-9ad3e04cb1bc]
2025-01-28 23:40:26,565 INFO c.h.h.t.HelmChartContainer - [test-hivemq-platform] [hivemq] [f99430f2] WARN  - [HiveMQ Platform Operator Init App 1.7.0-SNAPSHOT] Cannot connect to Health API for readiness: null
2025-01-28 23:40:26,569 INFO c.h.h.t.HelmChartContainer - [EVENT] Warning [Unhealthy] Readiness probe failed: HTTP probe failed with statuscode: 503 [helmcustomconfigit:test-hivemq-platform-0]
2025-01-28 23:40:26,569 INFO c.h.h.t.HelmChartContainer - Received Unhealthy event for container hivemq in pod test-hivemq-platform-0 [f99430f2-7676-4776-be55-9ad3e04cb1bc]
2025-01-28 23:40:26,637 INFO c.h.h.t.HelmChartContainer - [hivemq-test-hivemq-platform] [hivemq-platform-operator] [9e94c76f] 23:40:26.635 [pool-6-thread-32] DEBUG c.h.p.o.d.PlatformServiceResource - [helmcust] Desired Platform services (3 services)
2025-01-28 23:40:26,638 INFO c.h.h.t.HelmChartContainer - [hivemq-test-hivemq-platform] [hivemq-platform-operator] [9e94c76f] 23:40:26.637 [pool-6-thread-31] DEBUG c.h.p.o.d.PodServiceAccountResource - [helmcust] Desired PodServiceAccountResource (serviceAccountName: hivemq-platform-pod-test-hivemq-platform)
2025-01-28 23:40:26,639 INFO c.h.h.t.HelmChartContainer - [hivemq-test-hivemq-platform] [hivemq-platform-operator] [9e94c76f] 23:40:26.637 [pool-6-thread-35] DEBUG c.h.p.o.dependants.PodInfoConfigMap - [helmcust] Desired PodInfo ConfigMap (1 extensions) (1 enabled)
2025-01-28 23:40:26,639 INFO c.h.h.t.HelmChartContainer - [hivemq-test-hivemq-platform] [hivemq-platform-operator] [9e94c76f] 23:40:26.637 [pool-6-thread-35] DEBUG c.h.p.o.dependants.PodInfoConfigMap - [helmcust] Desired PodInfo ConfigMap (metrics port: 9399) (metrics path: /)
2025-01-28 23:40:26,640 INFO c.h.h.t.HelmChartContainer - [hivemq-test-hivemq-platform] [hivemq-platform-operator] [9e94c76f] 23:40:26.639 [pool-6-thread-35] DEBUG c.h.p.o.dependants.PodInfoConfigMap - [helmcust] Desired PodInfo ConfigMap (extension state hash: -1817474005)
2025-01-28 23:40:26,645 INFO c.h.h.t.HelmChartContainer - [hivemq-test-hivemq-platform] [hivemq-platform-operator] [9e94c76f] 23:40:26.644 [pool-6-thread-32] DEBUG c.h.p.o.d.StatefulSetResource - [helmcust] Desired StatefulSet (2 replicas) for status STARTING (READY)
2025-01-28 23:40:26,648 INFO c.h.h.t.HelmChartContainer - [hivemq-test-hivemq-platform] [hivemq-platform-operator] [9e94c76f] 23:40:26.647 [ReconcilerExecutor-hivemq-controller-112] INFO  c.h.p.o.HiveMQPlatformReconciler - [helmcust] Reconciling HiveMQ Platform 'test-hivemq-platform' in namespace 'helmcustomconfigit'
2025-01-28 23:40:26,648 INFO c.h.h.t.HelmChartContainer - [hivemq-test-hivemq-platform] [hivemq-platform-operator] [9e94c76f] 23:40:26.647 [ReconcilerExecutor-hivemq-controller-112] DEBUG c.h.p.o.HiveMQPlatformReconciler - [helmcust] Custom Resource Status STARTING - HiveMQ Platform is starting (READY)
2025-01-28 23:40:26,650 INFO c.h.h.t.HelmChartContainer - [hivemq-test-hivemq-platform] [hivemq-platform-operator] [9e94c76f] 23:40:26.647 [ReconcilerExecutor-hivemq-controller-112] DEBUG c.h.p.o.HiveMQPlatformReconciler - [helmcust] Custom Resource Spec (replicas: 2) (extensions: 1)
2025-01-28 23:40:26,651 INFO c.h.h.t.HelmChartContainer - [hivemq-test-hivemq-platform] [hivemq-platform-operator] [9e94c76f] 23:40:26.648 [ReconcilerExecutor-hivemq-controller-112] DEBUG c.h.p.o.HiveMQPlatformReconciler - [helmcust] StatefulSet Status (revision: test-hivemq-platform-7f5f89548, replicas: 1, available: 0, ready: 0, current: 1, updated: 1)
2025-01-28 23:40:26,651 INFO c.h.h.t.HelmChartContainer - [hivemq-test-hivemq-platform] [hivemq-platform-operator] [9e94c76f] 23:40:26.649 [ReconcilerExecutor-hivemq-controller-112] DEBUG c.h.p.o.HiveMQPlatformReconciler - [helmcust] StatefulSet Spec (replicas: 2, init containers: 1, containers: 1, volumes: 3)
2025-01-28 23:40:26,652 INFO c.h.h.t.HelmChartContainer - [hivemq-test-hivemq-platform] [hivemq-platform-operator] [9e94c76f] 23:40:26.651 [ReconcilerExecutor-hivemq-controller-112] DEBUG c.h.p.o.h.HiveMQPlatformReconcilerErrorHandler - [helmcust] Pod 'test-hivemq-platform-0' phase Running
2025-01-28 23:40:26,732 INFO c.h.h.t.HelmChartContainer - [hivemq-test-hivemq-platform] [hivemq-platform-operator] [9e94c76f] 23:40:26.731 [ReconcilerExecutor-hivemq-controller-112] INFO  c.h.p.o.h.HiveMQPlatformReconcilerBaseHandler - [helmcust] HiveMQ Platform is starting, 0 of 2 replicas are ready
2025-01-28 23:40:27,661 INFO c.h.h.t.HelmChartContainer - [test-hivemq-platform] [hivemq] [f99430f2] WARN  - [HiveMQ Platform Operator Init App 1.7.0-SNAPSHOT] Cannot connect to Health API for liveness: null
2025-01-28 23:40:27,661 INFO c.h.h.t.HelmChartContainer - [test-hivemq-platform] [hivemq] [f99430f2] INFO  - [HiveMQ Platform Operator Init App 1.7.0-SNAPSHOT] Returning default Health API response 200 for liveness
2025-01-28 23:40:28,013 INFO c.h.h.t.HelmChartContainer - [test-hivemq-platform] [hivemq] [f99430f2] INFO  - No valid license file found. Using trial license, restricted to 25 connections.
2025-01-28 23:40:31,562 INFO c.h.h.t.HelmChartContainer - [test-hivemq-platform] [hivemq] [f99430f2] WARN  - [HiveMQ Platform Operator Init App 1.7.0-SNAPSHOT] Cannot connect to Health API for readiness: null
2025-01-28 23:40:31,567 INFO c.h.h.t.HelmChartContainer - [EVENT] Warning [Unhealthy] Readiness probe failed: HTTP probe failed with statuscode: 503 [helmcustomconfigit:test-hivemq-platform-0]
2025-01-28 23:40:31,567 INFO c.h.h.t.HelmChartContainer - Received Unhealthy event for container hivemq in pod test-hivemq-platform-0 [f99430f2-7676-4776-be55-9ad3e04cb1bc]
2025-01-28 23:40:31,866 INFO c.h.h.t.HelmChartContainer - [test-hivemq-platform] [hivemq] [f99430f2] INFO  - No valid license file for Data Hub found. Using free license, restricted to 1 policy.
2025-01-28 23:40:32,977 INFO c.h.h.t.HelmChartContainer - [test-hivemq-platform] [hivemq] [f99430f2] INFO  - Audit Logger started.
2025-01-28 23:40:33,265 INFO c.h.h.t.HelmChartContainer - [test-hivemq-platform] [hivemq] [f99430f2] INFO  - This node uses '1' CPU cores.
2025-01-28 23:40:33,271 INFO c.h.h.t.HelmChartContainer - [test-hivemq-platform] [hivemq] [f99430f2] INFO  - Starting HiveMQ Health API on address 0.0.0.0 and port 8889
2025-01-28 23:40:34,059 INFO c.h.h.t.HelmChartContainer - [test-hivemq-platform] [hivemq] [f99430f2] INFO  - Started HiveMQ Health API in 787ms
2025-01-28 23:40:34,563 INFO c.h.h.t.HelmChartContainer - [test-hivemq-platform] [hivemq] [f99430f2] INFO  - Starting HiveMQ extension system.
2025-01-28 23:40:34,767 INFO c.h.h.t.HelmChartContainer - [test-hivemq-platform] [hivemq] [f99430f2] INFO  - Starting extension with id "hivemq-dns-cluster-discovery" at /opt/hivemq/extensions/hivemq-dns-cluster-discovery
2025-01-28 23:40:35,314 INFO c.h.h.t.HelmChartContainer - [test-hivemq-platform] [hivemq] [f99430f2] INFO  - Extension "DNS Cluster Discovery Extension" version 4.3.2 started successfully.
2025-01-28 23:40:35,314 INFO c.h.h.t.HelmChartContainer - [test-hivemq-platform] [hivemq] [f99430f2] INFO  - Starting extension with id "hivemq-prometheus-extension" at /opt/hivemq/extensions/hivemq-prometheus-extension
2025-01-28 23:40:35,314 INFO c.h.h.t.HelmChartContainer - [test-hivemq-platform] [hivemq] [f99430f2] INFO  - Using TCP cluster transport on address 10.42.0.14 and port 8000
2025-01-28 23:40:35,366 INFO c.h.h.t.HelmChartContainer - [test-hivemq-platform] [hivemq] [f99430f2] INFO  - Using extension cluster discovery
2025-01-28 23:40:36,269 INFO c.h.h.t.HelmChartContainer - [test-hivemq-platform] [hivemq] [f99430f2] INFO  - Started Jetty Server exposing Prometheus Servlet on URI http://0.0.0.0:9399/
2025-01-28 23:40:36,269 INFO c.h.h.t.HelmChartContainer - [test-hivemq-platform] [hivemq] [f99430f2] INFO  - Extension "Prometheus Monitoring Extension" version 4.0.12 started successfully.
2025-01-28 23:40:36,270 INFO c.h.h.t.HelmChartContainer - [test-hivemq-platform] [hivemq] [f99430f2] INFO  - Starting extension with id "hivemq-allow-all-extension" at /opt/hivemq/extensions/hivemq-allow-all-extension
2025-01-28 23:40:36,270 INFO c.h.h.t.HelmChartContainer - [test-hivemq-platform] [hivemq] [f99430f2] WARN  - 
2025-01-28 23:40:36,270 INFO c.h.h.t.HelmChartContainer - [test-hivemq-platform] [hivemq] [f99430f2] ################################################################################################################
2025-01-28 23:40:36,270 INFO c.h.h.t.HelmChartContainer - [test-hivemq-platform] [hivemq] [f99430f2] # This HiveMQ deployment is not secure! You are lacking Authentication and Authorization.                      #
2025-01-28 23:40:36,270 INFO c.h.h.t.HelmChartContainer - [test-hivemq-platform] [hivemq] [f99430f2] # Right now any MQTT client can connect to the broker with a full set of permissions.                          #
2025-01-28 23:40:36,270 INFO c.h.h.t.HelmChartContainer - [test-hivemq-platform] [hivemq] [f99430f2] # For production usage, add an appropriate security extension and remove the hivemq-allow-all extension.       #
2025-01-28 23:40:36,270 INFO c.h.h.t.HelmChartContainer - [test-hivemq-platform] [hivemq] [f99430f2] # You can download security extensions from the HiveMQ Marketplace (https://www.hivemq.com/extensions/).       #
2025-01-28 23:40:36,270 INFO c.h.h.t.HelmChartContainer - [test-hivemq-platform] [hivemq] [f99430f2] ################################################################################################################
2025-01-28 23:40:36,271 INFO c.h.h.t.HelmChartContainer - [test-hivemq-platform] [hivemq] [f99430f2] INFO  - Extension "Allow All Extension" version 1.1.1 started successfully.
2025-01-28 23:40:36,738 INFO c.h.h.t.HelmChartContainer - [hivemq-test-hivemq-platform] [hivemq-platform-operator] [9e94c76f] 23:40:36.735 [pool-6-thread-47] DEBUG c.h.p.o.d.PlatformServiceResource - [helmcust] Desired Platform services (3 services)
2025-01-28 23:40:36,739 INFO c.h.h.t.HelmChartContainer - [hivemq-test-hivemq-platform] [hivemq-platform-operator] [9e94c76f] 23:40:36.736 [pool-6-thread-48] DEBUG c.h.p.o.dependants.PodInfoConfigMap - [helmcust] Desired PodInfo ConfigMap (1 extensions) (1 enabled)
2025-01-28 23:40:36,739 INFO c.h.h.t.HelmChartContainer - [hivemq-test-hivemq-platform] [hivemq-platform-operator] [9e94c76f] 23:40:36.736 [pool-6-thread-48] DEBUG c.h.p.o.dependants.PodInfoConfigMap - [helmcust] Desired PodInfo ConfigMap (metrics port: 9399) (metrics path: /)
2025-01-28 23:40:36,739 INFO c.h.h.t.HelmChartContainer - [hivemq-test-hivemq-platform] [hivemq-platform-operator] [9e94c76f] 23:40:36.736 [pool-6-thread-48] DEBUG c.h.p.o.dependants.PodInfoConfigMap - [helmcust] Desired PodInfo ConfigMap (extension state hash: -1817474005)
2025-01-28 23:40:36,741 INFO c.h.h.t.HelmChartContainer - [hivemq-test-hivemq-platform] [hivemq-platform-operator] [9e94c76f] 23:40:36.738 [pool-6-thread-46] DEBUG c.h.p.o.d.PodServiceAccountResource - [helmcust] Desired PodServiceAccountResource (serviceAccountName: hivemq-platform-pod-test-hivemq-platform)
2025-01-28 23:40:36,749 INFO c.h.h.t.HelmChartContainer - [hivemq-test-hivemq-platform] [hivemq-platform-operator] [9e94c76f] 23:40:36.748 [pool-6-thread-47] DEBUG c.h.p.o.d.StatefulSetResource - [helmcust] Desired StatefulSet (2 replicas) for status STARTING (READY)
2025-01-28 23:40:36,835 INFO c.h.h.t.HelmChartContainer - [hivemq-test-hivemq-platform] [hivemq-platform-operator] [9e94c76f] 23:40:36.834 [ReconcilerExecutor-hivemq-controller-113] INFO  c.h.p.o.HiveMQPlatformReconciler - [helmcust] Reconciling HiveMQ Platform 'test-hivemq-platform' in namespace 'helmcustomconfigit'
2025-01-28 23:40:36,835 INFO c.h.h.t.HelmChartContainer - [hivemq-test-hivemq-platform] [hivemq-platform-operator] [9e94c76f] 23:40:36.834 [ReconcilerExecutor-hivemq-controller-113] DEBUG c.h.p.o.HiveMQPlatformReconciler - [helmcust] Custom Resource Status STARTING - HiveMQ Platform is starting (READY)
2025-01-28 23:40:36,836 INFO c.h.h.t.HelmChartContainer - [hivemq-test-hivemq-platform] [hivemq-platform-operator] [9e94c76f] 23:40:36.834 [ReconcilerExecutor-hivemq-controller-113] DEBUG c.h.p.o.HiveMQPlatformReconciler - [helmcust] Custom Resource Spec (replicas: 2) (extensions: 1)
2025-01-28 23:40:36,838 INFO c.h.h.t.HelmChartContainer - [hivemq-test-hivemq-platform] [hivemq-platform-operator] [9e94c76f] 23:40:36.837 [ReconcilerExecutor-hivemq-controller-113] DEBUG c.h.p.o.HiveMQPlatformReconciler - [helmcust] StatefulSet Status (revision: test-hivemq-platform-7f5f89548, replicas: 1, available: 0, ready: 0, current: 1, updated: 1)
2025-01-28 23:40:36,840 INFO c.h.h.t.HelmChartContainer - [hivemq-test-hivemq-platform] [hivemq-platform-operator] [9e94c76f] 23:40:36.837 [ReconcilerExecutor-hivemq-controller-113] DEBUG c.h.p.o.HiveMQPlatformReconciler - [helmcust] StatefulSet Spec (replicas: 2, init containers: 1, containers: 1, volumes: 3)
2025-01-28 23:40:36,840 INFO c.h.h.t.HelmChartContainer - [hivemq-test-hivemq-platform] [hivemq-platform-operator] [9e94c76f] 23:40:36.838 [ReconcilerExecutor-hivemq-controller-113] DEBUG c.h.p.o.h.HiveMQPlatformReconcilerErrorHandler - [helmcust] Pod 'test-hivemq-platform-0' phase Running
2025-01-28 23:40:36,840 INFO c.h.h.t.HelmChartContainer - [hivemq-test-hivemq-platform] [hivemq-platform-operator] [9e94c76f] 23:40:36.839 [ReconcilerExecutor-hivemq-controller-113] INFO  c.h.p.o.h.HiveMQPlatformReconcilerBaseHandler - [helmcust] HiveMQ Platform is starting, 0 of 2 replicas are ready
2025-01-28 23:40:36,915 INFO c.h.h.t.HelmChartContainer - [test-hivemq-platform] [hivemq] [f99430f2] INFO  - [HiveMQ Platform Operator Init App 1.7.0-SNAPSHOT] Returning Health API response 503 for readiness
2025-01-28 23:40:36,919 INFO c.h.h.t.HelmChartContainer - [EVENT] Warning [Unhealthy] Readiness probe failed: HTTP probe failed with statuscode: 503 [helmcustomconfigit:test-hivemq-platform-0]
2025-01-28 23:40:36,919 INFO c.h.h.t.HelmChartContainer - Received Unhealthy event for container hivemq in pod test-hivemq-platform-0 [f99430f2-7676-4776-be55-9ad3e04cb1bc]
2025-01-28 23:40:38,263 INFO c.h.h.t.HelmChartContainer - [test-hivemq-platform] [hivemq] [f99430f2] INFO  - BpuCS: no members discovered after 2396 ms: creating cluster as first member
2025-01-28 23:40:38,269 INFO c.h.h.t.HelmChartContainer - [test-hivemq-platform] [hivemq] [f99430f2] INFO  - Cluster nodes found by discovery: [BpuCS|0] (1) [BpuCS].
2025-01-28 23:40:38,363 INFO c.h.h.t.HelmChartContainer - [test-hivemq-platform] [hivemq] [f99430f2] WARN  - No user for HiveMQ Control Center configured. Starting with default user
2025-01-28 23:40:38,363 INFO c.h.h.t.HelmChartContainer - [test-hivemq-platform] [hivemq] [f99430f2] INFO  - Starting HiveMQ Control Center on address 0.0.0.0 and port 8080
2025-01-28 23:40:38,366 INFO c.h.h.t.HelmChartContainer - [test-hivemq-platform] [hivemq] [f99430f2] INFO  - Mounting HiveMQ Control Center V2 Preview
2025-01-28 23:40:38,976 INFO c.h.h.t.HelmChartContainer - [test-hivemq-platform] [hivemq] [f99430f2] INFO  - Started HiveMQ Control Center in 614ms
2025-01-28 23:40:39,068 INFO c.h.h.t.HelmChartContainer - [test-hivemq-platform] [hivemq] [f99430f2] INFO  - Starting TCP listener on address 0.0.0.0 and port 1884
2025-01-28 23:40:39,160 INFO c.h.h.t.HelmChartContainer - [test-hivemq-platform] [hivemq] [f99430f2] INFO  - Started TCP Listener on address 0.0.0.0 and on port 1884.
2025-01-28 23:40:39,161 INFO c.h.h.t.HelmChartContainer - [test-hivemq-platform] [hivemq] [f99430f2] INFO  - Started HiveMQ in 30744ms
2025-01-28 23:40:41,529 INFO c.h.h.t.HelmChartContainer - [test-hivemq-platform] [hivemq] [f99430f2] INFO  - [HiveMQ Platform Operator Init App 1.7.0-SNAPSHOT] Returning Health API response 200 for readiness
2025-01-28 23:40:41,542 INFO c.h.h.t.HelmChartContainer - [POD] test-hivemq-platform-0 [f99430f2-7676-4776-be55-9ad3e04cb1bc] in helmcustomconfigit was MODIFIED
2025-01-28 23:40:41,551 INFO c.h.h.t.HelmChartContainer - [hivemq-test-hivemq-platform] [hivemq-platform-operator] [9e94c76f] 23:40:41.547 [pool-6-thread-3] DEBUG c.h.p.o.d.PlatformServiceResource - [helmcust] Desired Platform services (3 services)
2025-01-28 23:40:41,552 INFO c.h.h.t.HelmChartContainer - [hivemq-test-hivemq-platform] [hivemq-platform-operator] [9e94c76f] 23:40:41.548 [pool-6-thread-4] DEBUG c.h.p.o.dependants.PodInfoConfigMap - [helmcust] Desired PodInfo ConfigMap (1 extensions) (1 enabled)
2025-01-28 23:40:41,552 INFO c.h.h.t.HelmChartContainer - [hivemq-test-hivemq-platform] [hivemq-platform-operator] [9e94c76f] 23:40:41.549 [pool-6-thread-4] DEBUG c.h.p.o.dependants.PodInfoConfigMap - [helmcust] Desired PodInfo ConfigMap (metrics port: 9399) (metrics path: /)
2025-01-28 23:40:41,552 INFO c.h.h.t.HelmChartContainer - [hivemq-test-hivemq-platform] [hivemq-platform-operator] [9e94c76f] 23:40:41.549 [pool-6-thread-4] DEBUG c.h.p.o.dependants.PodInfoConfigMap - [helmcust] Desired PodInfo ConfigMap (extension state hash: -1817474005)
2025-01-28 23:40:41,552 INFO c.h.h.t.HelmChartContainer - [hivemq-test-hivemq-platform] [hivemq-platform-operator] [9e94c76f] 23:40:41.549 [pool-6-thread-4] DEBUG c.h.p.o.d.PodServiceAccountResource - [helmcust] Desired PodServiceAccountResource (serviceAccountName: hivemq-platform-pod-test-hivemq-platform)
2025-01-28 23:40:41,558 INFO c.h.h.t.HelmChartContainer - [hivemq-test-hivemq-platform] [hivemq-platform-operator] [9e94c76f] 23:40:41.556 [pool-6-thread-8] DEBUG c.h.p.o.d.StatefulSetResource - [helmcust] Desired StatefulSet (2 replicas) for status STARTING (READY)
2025-01-28 23:40:41,568 INFO c.h.h.t.HelmChartContainer - [hivemq-test-hivemq-platform] [hivemq-platform-operator] [9e94c76f] 23:40:41.564 [ReconcilerExecutor-hivemq-controller-114] INFO  c.h.p.o.HiveMQPlatformReconciler - [helmcust] Reconciling HiveMQ Platform 'test-hivemq-platform' in namespace 'helmcustomconfigit'
2025-01-28 23:40:41,568 INFO c.h.h.t.HelmChartContainer - [hivemq-test-hivemq-platform] [hivemq-platform-operator] [9e94c76f] 23:40:41.564 [ReconcilerExecutor-hivemq-controller-114] DEBUG c.h.p.o.HiveMQPlatformReconciler - [helmcust] Custom Resource Status STARTING - HiveMQ Platform is starting (READY)
2025-01-28 23:40:41,568 INFO c.h.h.t.HelmChartContainer - [hivemq-test-hivemq-platform] [hivemq-platform-operator] [9e94c76f] 23:40:41.564 [ReconcilerExecutor-hivemq-controller-114] DEBUG c.h.p.o.HiveMQPlatformReconciler - [helmcust] Custom Resource Spec (replicas: 2) (extensions: 1)
2025-01-28 23:40:41,568 INFO c.h.h.t.HelmChartContainer - [EVENT] Normal [SuccessfulCreate] create Pod test-hivemq-platform-1 in StatefulSet test-hivemq-platform successful [helmcustomconfigit:test-hivemq-platform]
2025-01-28 23:40:41,570 INFO c.h.h.t.HelmChartContainer - [hivemq-test-hivemq-platform] [hivemq-platform-operator] [9e94c76f] 23:40:41.569 [ReconcilerExecutor-hivemq-controller-114] DEBUG c.h.p.o.HiveMQPlatformReconciler - [helmcust] StatefulSet Status (revision: test-hivemq-platform-7f5f89548, replicas: 1, available: 0, ready: 0, current: 1, updated: 1)
2025-01-28 23:40:41,572 INFO c.h.h.t.HelmChartContainer - [hivemq-test-hivemq-platform] [hivemq-platform-operator] [9e94c76f] 23:40:41.569 [ReconcilerExecutor-hivemq-controller-114] DEBUG c.h.p.o.HiveMQPlatformReconciler - [helmcust] StatefulSet Spec (replicas: 2, init containers: 1, containers: 1, volumes: 3)
2025-01-28 23:40:41,572 INFO c.h.h.t.HelmChartContainer - [POD] test-hivemq-platform-1 [3462688a-edf2-4e00-b085-f9c54a965c95] in helmcustomconfigit was ADDED
2025-01-28 23:40:41,575 INFO c.h.h.t.HelmChartContainer - [EVENT] Normal [Scheduled] Successfully assigned helmcustomconfigit/test-hivemq-platform-1 to 349c386a830b [helmcustomconfigit:test-hivemq-platform-1]
2025-01-28 23:40:41,581 INFO c.h.h.t.HelmChartContainer - [POD] test-hivemq-platform-1 [3462688a-edf2-4e00-b085-f9c54a965c95] in helmcustomconfigit was MODIFIED
2025-01-28 23:40:41,587 INFO c.h.h.t.HelmChartContainer - [POD] test-hivemq-platform-1 [3462688a-edf2-4e00-b085-f9c54a965c95] in helmcustomconfigit was MODIFIED
2025-01-28 23:40:41,633 INFO c.h.h.t.HelmChartContainer - [hivemq-test-hivemq-platform] [hivemq-platform-operator] [9e94c76f] 23:40:41.570 [ReconcilerExecutor-hivemq-controller-114] DEBUG c.h.p.o.h.HiveMQPlatformReconcilerErrorHandler - [helmcust] Pod 'test-hivemq-platform-1' phase Pending
2025-01-28 23:40:41,635 INFO c.h.h.t.HelmChartContainer - [hivemq-test-hivemq-platform] [hivemq-platform-operator] [9e94c76f] 23:40:41.633 [ReconcilerExecutor-hivemq-controller-114] DEBUG c.h.p.o.h.HiveMQPlatformReconcilerErrorHandler - [helmcust] Pod 'test-hivemq-platform-0' phase Running
2025-01-28 23:40:41,635 INFO c.h.h.t.HelmChartContainer - [hivemq-test-hivemq-platform] [hivemq-platform-operator] [9e94c76f] 23:40:41.634 [ReconcilerExecutor-hivemq-controller-114] INFO  c.h.p.o.h.HiveMQPlatformReconcilerBaseHandler - [helmcust] HiveMQ Platform is starting, 0 of 2 replicas are ready
2025-01-28 23:40:41,638 INFO c.h.h.t.HelmChartContainer - [hivemq-test-hivemq-platform] [hivemq-platform-operator] [9e94c76f] 23:40:41.637 [pool-6-thread-11] DEBUG c.h.p.o.d.PlatformServiceResource - [helmcust] Desired Platform services (3 services)
2025-01-28 23:40:41,641 INFO c.h.h.t.HelmChartContainer - [hivemq-test-hivemq-platform] [hivemq-platform-operator] [9e94c76f] 23:40:41.640 [pool-6-thread-15] DEBUG c.h.p.o.dependants.PodInfoConfigMap - [helmcust] Desired PodInfo ConfigMap (1 extensions) (1 enabled)
2025-01-28 23:40:41,641 INFO c.h.h.t.HelmChartContainer - [hivemq-test-hivemq-platform] [hivemq-platform-operator] [9e94c76f] 23:40:41.640 [pool-6-thread-15] DEBUG c.h.p.o.dependants.PodInfoConfigMap - [helmcust] Desired PodInfo ConfigMap (metrics port: 9399) (metrics path: /)
2025-01-28 23:40:41,641 INFO c.h.h.t.HelmChartContainer - [hivemq-test-hivemq-platform] [hivemq-platform-operator] [9e94c76f] 23:40:41.640 [pool-6-thread-15] DEBUG c.h.p.o.dependants.PodInfoConfigMap - [helmcust] Desired PodInfo ConfigMap (extension state hash: -1817474005)
2025-01-28 23:40:41,655 INFO c.h.h.t.HelmChartContainer - [hivemq-test-hivemq-platform] [hivemq-platform-operator] [9e94c76f] 23:40:41.653 [pool-6-thread-17] DEBUG c.h.p.o.d.PodServiceAccountResource - [helmcust] Desired PodServiceAccountResource (serviceAccountName: hivemq-platform-pod-test-hivemq-platform)
2025-01-28 23:40:41,660 INFO c.h.h.t.HelmChartContainer - [hivemq-test-hivemq-platform] [hivemq-platform-operator] [9e94c76f] 23:40:41.659 [pool-6-thread-16] DEBUG c.h.p.o.d.StatefulSetResource - [helmcust] Desired StatefulSet (2 replicas) for status STARTING (READY)
2025-01-28 23:40:41,723 INFO c.h.h.t.HelmChartContainer - [K3S] [reconciler_common.go:251] "operationExecutor.VerifyControllerAttachedVolume started for volume \"operator-init\" (UniqueName: \"kubernetes.io/empty-dir/3462688a-edf2-4e00-b085-f9c54a965c95-operator-init\") pod \"test-hivemq-platform-1\" (UID: \"3462688a-edf2-4e00-b085-f9c54a965c95\") " pod="helmcustomconfigit/test-hivemq-platform-1"
2025-01-28 23:40:41,723 INFO c.h.h.t.HelmChartContainer - [K3S] [reconciler_common.go:251] "operationExecutor.VerifyControllerAttachedVolume started for volume \"kube-api-access-pbkfm\" (UniqueName: \"kubernetes.io/projected/3462688a-edf2-4e00-b085-f9c54a965c95-kube-api-access-pbkfm\") pod \"test-hivemq-platform-1\" (UID: \"3462688a-edf2-4e00-b085-f9c54a965c95\") " pod="helmcustomconfigit/test-hivemq-platform-1"
2025-01-28 23:40:41,723 INFO c.h.h.t.HelmChartContainer - [K3S] [reconciler_common.go:251] "operationExecutor.VerifyControllerAttachedVolume started for volume \"pod-info\" (UniqueName: \"kubernetes.io/configmap/3462688a-edf2-4e00-b085-f9c54a965c95-pod-info\") pod \"test-hivemq-platform-1\" (UID: \"3462688a-edf2-4e00-b085-f9c54a965c95\") " pod="helmcustomconfigit/test-hivemq-platform-1"
2025-01-28 23:40:41,723 INFO c.h.h.t.HelmChartContainer - [K3S] [reconciler_common.go:251] "operationExecutor.VerifyControllerAttachedVolume started for volume \"broker-configuration\" (UniqueName: \"kubernetes.io/configmap/3462688a-edf2-4e00-b085-f9c54a965c95-broker-configuration\") pod \"test-hivemq-platform-1\" (UID: \"3462688a-edf2-4e00-b085-f9c54a965c95\") " pod="helmcustomconfigit/test-hivemq-platform-1"
2025-01-28 23:40:41,734 INFO c.h.h.t.HelmChartContainer - [hivemq-test-hivemq-platform] [hivemq-platform-operator] [9e94c76f] 23:40:41.733 [ReconcilerExecutor-hivemq-controller-115] INFO  c.h.p.o.HiveMQPlatformReconciler - [helmcust] Reconciling HiveMQ Platform 'test-hivemq-platform' in namespace 'helmcustomconfigit'
2025-01-28 23:40:41,734 INFO c.h.h.t.HelmChartContainer - [hivemq-test-hivemq-platform] [hivemq-platform-operator] [9e94c76f] 23:40:41.733 [ReconcilerExecutor-hivemq-controller-115] DEBUG c.h.p.o.HiveMQPlatformReconciler - [helmcust] Custom Resource Status STARTING - HiveMQ Platform is starting (READY)
2025-01-28 23:40:41,734 INFO c.h.h.t.HelmChartContainer - [hivemq-test-hivemq-platform] [hivemq-platform-operator] [9e94c76f] 23:40:41.733 [ReconcilerExecutor-hivemq-controller-115] DEBUG c.h.p.o.HiveMQPlatformReconciler - [helmcust] Custom Resource Spec (replicas: 2) (extensions: 1)
2025-01-28 23:40:41,736 INFO c.h.h.t.HelmChartContainer - [hivemq-test-hivemq-platform] [hivemq-platform-operator] [9e94c76f] 23:40:41.735 [ReconcilerExecutor-hivemq-controller-115] DEBUG c.h.p.o.HiveMQPlatformReconciler - [helmcust] StatefulSet Status (revision: test-hivemq-platform-7f5f89548, replicas: 2, available: 1, ready: 1, current: 2, updated: 2)
2025-01-28 23:40:41,737 INFO c.h.h.t.HelmChartContainer - [hivemq-test-hivemq-platform] [hivemq-platform-operator] [9e94c76f] 23:40:41.735 [ReconcilerExecutor-hivemq-controller-115] DEBUG c.h.p.o.HiveMQPlatformReconciler - [helmcust] StatefulSet Spec (replicas: 2, init containers: 1, containers: 1, volumes: 3)
2025-01-28 23:40:41,738 INFO c.h.h.t.HelmChartContainer - [hivemq-test-hivemq-platform] [hivemq-platform-operator] [9e94c76f] 23:40:41.736 [ReconcilerExecutor-hivemq-controller-115] DEBUG c.h.p.o.h.HiveMQPlatformReconcilerErrorHandler - [helmcust] Pod 'test-hivemq-platform-1' phase Pending
2025-01-28 23:40:41,738 INFO c.h.h.t.HelmChartContainer - [hivemq-test-hivemq-platform] [hivemq-platform-operator] [9e94c76f] 23:40:41.737 [ReconcilerExecutor-hivemq-controller-115] DEBUG c.h.p.o.h.HiveMQPlatformReconcilerErrorHandler - [helmcust] Pod 'test-hivemq-platform-1' condition 'PodReadyToStartContainers': False
2025-01-28 23:40:41,738 INFO c.h.h.t.HelmChartContainer - [hivemq-test-hivemq-platform] [hivemq-platform-operator] [9e94c76f] 23:40:41.737 [ReconcilerExecutor-hivemq-controller-115] DEBUG c.h.p.o.h.HiveMQPlatformReconcilerErrorHandler - [helmcust] Pod 'test-hivemq-platform-1' condition 'Initialized': False
2025-01-28 23:40:41,738 INFO c.h.h.t.HelmChartContainer - [hivemq-test-hivemq-platform] [hivemq-platform-operator] [9e94c76f] 23:40:41.737 [ReconcilerExecutor-hivemq-controller-115] DEBUG c.h.p.o.h.HiveMQPlatformReconcilerErrorHandler - [helmcust] Pod 'test-hivemq-platform-1' condition 'Ready': False
2025-01-28 23:40:41,738 INFO c.h.h.t.HelmChartContainer - [hivemq-test-hivemq-platform] [hivemq-platform-operator] [9e94c76f] 23:40:41.737 [ReconcilerExecutor-hivemq-controller-115] DEBUG c.h.p.o.h.HiveMQPlatformReconcilerErrorHandler - [helmcust] Pod 'test-hivemq-platform-1' condition 'ContainersReady': False
2025-01-28 23:40:41,739 INFO c.h.h.t.HelmChartContainer - [hivemq-test-hivemq-platform] [hivemq-platform-operator] [9e94c76f] 23:40:41.737 [ReconcilerExecutor-hivemq-controller-115] DEBUG c.h.p.o.h.HiveMQPlatformReconcilerErrorHandler - [helmcust] Pod 'test-hivemq-platform-1' condition 'PodScheduled': True
2025-01-28 23:40:41,740 INFO c.h.h.t.HelmChartContainer - [hivemq-test-hivemq-platform] [hivemq-platform-operator] [9e94c76f] 23:40:41.737 [ReconcilerExecutor-hivemq-controller-115] DEBUG c.h.p.o.h.HiveMQPlatformReconcilerErrorHandler - [helmcust] Pod 'test-hivemq-platform-1' containerStatus 'hivemq' (started: false) (ready: false) (waiting: [PodInitializing] null)
2025-01-28 23:40:41,741 INFO c.h.h.t.HelmChartContainer - [hivemq-test-hivemq-platform] [hivemq-platform-operator] [9e94c76f] 23:40:41.738 [ReconcilerExecutor-hivemq-controller-115] DEBUG c.h.p.o.h.HiveMQPlatformReconcilerErrorHandler - [helmcust] Pod 'test-hivemq-platform-0' phase Running
2025-01-28 23:40:41,741 INFO c.h.h.t.HelmChartContainer - [hivemq-test-hivemq-platform] [hivemq-platform-operator] [9e94c76f] 23:40:41.739 [ReconcilerExecutor-hivemq-controller-115] INFO  c.h.p.o.h.HiveMQPlatformReconcilerBaseHandler - [helmcust] HiveMQ Platform is starting, 1 of 2 replicas are ready
2025-01-28 23:40:41,756 INFO c.h.h.t.HelmChartContainer - [hivemq-test-hivemq-platform] [hivemq-platform-operator] [9e94c76f] 23:40:41.753 [pool-6-thread-22] DEBUG c.h.p.o.d.PlatformServiceResource - [helmcust] Desired Platform services (3 services)
2025-01-28 23:40:41,758 INFO c.h.h.t.HelmChartContainer - [hivemq-test-hivemq-platform] [hivemq-platform-operator] [9e94c76f] 23:40:41.757 [pool-6-thread-24] DEBUG c.h.p.o.dependants.PodInfoConfigMap - [helmcust] Desired PodInfo ConfigMap (1 extensions) (1 enabled)
2025-01-28 23:40:41,758 INFO c.h.h.t.HelmChartContainer - [hivemq-test-hivemq-platform] [hivemq-platform-operator] [9e94c76f] 23:40:41.757 [pool-6-thread-24] DEBUG c.h.p.o.dependants.PodInfoConfigMap - [helmcust] Desired PodInfo ConfigMap (metrics port: 9399) (metrics path: /)
2025-01-28 23:40:41,758 INFO c.h.h.t.HelmChartContainer - [hivemq-test-hivemq-platform] [hivemq-platform-operator] [9e94c76f] 23:40:41.757 [pool-6-thread-24] DEBUG c.h.p.o.dependants.PodInfoConfigMap - [helmcust] Desired PodInfo ConfigMap (extension state hash: -1817474005)
2025-01-28 23:40:41,764 INFO c.h.h.t.HelmChartContainer - [hivemq-test-hivemq-platform] [hivemq-platform-operator] [9e94c76f] 23:40:41.763 [pool-6-thread-22] DEBUG c.h.p.o.d.StatefulSetResource - [helmcust] Desired StatefulSet (2 replicas) for status STARTING (READY)
2025-01-28 23:40:41,832 INFO c.h.h.t.HelmChartContainer - [hivemq-test-hivemq-platform] [hivemq-platform-operator] [9e94c76f] 23:40:41.831 [pool-6-thread-24] DEBUG c.h.p.o.d.PodServiceAccountResource - [helmcust] Desired PodServiceAccountResource (serviceAccountName: hivemq-platform-pod-test-hivemq-platform)
2025-01-28 23:40:41,833 INFO c.h.h.t.HelmChartContainer - [hivemq-test-hivemq-platform] [hivemq-platform-operator] [9e94c76f] 23:40:41.832 [ReconcilerExecutor-hivemq-controller-116] INFO  c.h.p.o.HiveMQPlatformReconciler - [helmcust] Reconciling HiveMQ Platform 'test-hivemq-platform' in namespace 'helmcustomconfigit'
2025-01-28 23:40:41,834 INFO c.h.h.t.HelmChartContainer - [hivemq-test-hivemq-platform] [hivemq-platform-operator] [9e94c76f] 23:40:41.833 [ReconcilerExecutor-hivemq-controller-116] DEBUG c.h.p.o.HiveMQPlatformReconciler - [helmcust] Custom Resource Status STARTING - HiveMQ Platform is starting (READY)
2025-01-28 23:40:41,834 INFO c.h.h.t.HelmChartContainer - [hivemq-test-hivemq-platform] [hivemq-platform-operator] [9e94c76f] 23:40:41.833 [ReconcilerExecutor-hivemq-controller-116] DEBUG c.h.p.o.HiveMQPlatformReconciler - [helmcust] Custom Resource Spec (replicas: 2) (extensions: 1)
2025-01-28 23:40:41,836 INFO c.h.h.t.HelmChartContainer - [hivemq-test-hivemq-platform] [hivemq-platform-operator] [9e94c76f] 23:40:41.835 [ReconcilerExecutor-hivemq-controller-116] DEBUG c.h.p.o.HiveMQPlatformReconciler - [helmcust] StatefulSet Status (revision: test-hivemq-platform-7f5f89548, replicas: 2, available: 1, ready: 1, current: 2, updated: 2)
2025-01-28 23:40:41,837 INFO c.h.h.t.HelmChartContainer - [hivemq-test-hivemq-platform] [hivemq-platform-operator] [9e94c76f] 23:40:41.835 [ReconcilerExecutor-hivemq-controller-116] DEBUG c.h.p.o.HiveMQPlatformReconciler - [helmcust] StatefulSet Spec (replicas: 2, init containers: 1, containers: 1, volumes: 3)
2025-01-28 23:40:41,838 INFO c.h.h.t.HelmChartContainer - [hivemq-test-hivemq-platform] [hivemq-platform-operator] [9e94c76f] 23:40:41.838 [ReconcilerExecutor-hivemq-controller-116] DEBUG c.h.p.o.h.HiveMQPlatformReconcilerErrorHandler - [helmcust] Pod 'test-hivemq-platform-1' phase Pending
2025-01-28 23:40:41,839 INFO c.h.h.t.HelmChartContainer - [hivemq-test-hivemq-platform] [hivemq-platform-operator] [9e94c76f] 23:40:41.838 [ReconcilerExecutor-hivemq-controller-116] DEBUG c.h.p.o.h.HiveMQPlatformReconcilerErrorHandler - [helmcust] Pod 'test-hivemq-platform-1' condition 'PodReadyToStartContainers': False
2025-01-28 23:40:41,839 INFO c.h.h.t.HelmChartContainer - [hivemq-test-hivemq-platform] [hivemq-platform-operator] [9e94c76f] 23:40:41.838 [ReconcilerExecutor-hivemq-controller-116] DEBUG c.h.p.o.h.HiveMQPlatformReconcilerErrorHandler - [helmcust] Pod 'test-hivemq-platform-1' condition 'Initialized': False
2025-01-28 23:40:41,839 INFO c.h.h.t.HelmChartContainer - [hivemq-test-hivemq-platform] [hivemq-platform-operator] [9e94c76f] 23:40:41.838 [ReconcilerExecutor-hivemq-controller-116] DEBUG c.h.p.o.h.HiveMQPlatformReconcilerErrorHandler - [helmcust] Pod 'test-hivemq-platform-1' condition 'Ready': False
2025-01-28 23:40:41,839 INFO c.h.h.t.HelmChartContainer - [hivemq-test-hivemq-platform] [hivemq-platform-operator] [9e94c76f] 23:40:41.838 [ReconcilerExecutor-hivemq-controller-116] DEBUG c.h.p.o.h.HiveMQPlatformReconcilerErrorHandler - [helmcust] Pod 'test-hivemq-platform-1' condition 'ContainersReady': False
2025-01-28 23:40:41,839 INFO c.h.h.t.HelmChartContainer - [hivemq-test-hivemq-platform] [hivemq-platform-operator] [9e94c76f] 23:40:41.838 [ReconcilerExecutor-hivemq-controller-116] DEBUG c.h.p.o.h.HiveMQPlatformReconcilerErrorHandler - [helmcust] Pod 'test-hivemq-platform-1' condition 'PodScheduled': True
2025-01-28 23:40:41,839 INFO c.h.h.t.HelmChartContainer - [hivemq-test-hivemq-platform] [hivemq-platform-operator] [9e94c76f] 23:40:41.838 [ReconcilerExecutor-hivemq-controller-116] DEBUG c.h.p.o.h.HiveMQPlatformReconcilerErrorHandler - [helmcust] Pod 'test-hivemq-platform-1' containerStatus 'hivemq' (started: false) (ready: false) (waiting: [PodInitializing] null)
2025-01-28 23:40:41,841 INFO c.h.h.t.HelmChartContainer - [hivemq-test-hivemq-platform] [hivemq-platform-operator] [9e94c76f] 23:40:41.840 [ReconcilerExecutor-hivemq-controller-116] DEBUG c.h.p.o.h.HiveMQPlatformReconcilerErrorHandler - [helmcust] Pod 'test-hivemq-platform-0' phase Running
2025-01-28 23:40:41,841 INFO c.h.h.t.HelmChartContainer - [hivemq-test-hivemq-platform] [hivemq-platform-operator] [9e94c76f] 23:40:41.841 [ReconcilerExecutor-hivemq-controller-116] INFO  c.h.p.o.h.HiveMQPlatformReconcilerBaseHandler - [helmcust] HiveMQ Platform is starting, 1 of 2 replicas are ready
2025-01-28 23:40:41,966 INFO c.h.h.t.HelmChartContainer - [EVENT] Normal [Pulled] Container image "docker.io/hivemq/hivemq-platform-operator-init-test:snapshot" already present on machine [helmcustomconfigit:test-hivemq-platform-1]
2025-01-28 23:40:41,972 INFO c.h.h.t.HelmChartContainer - [EVENT] Normal [Created] Created container: hivemq-platform-operator-init [helmcustomconfigit:test-hivemq-platform-1]
2025-01-28 23:40:42,011 INFO c.h.h.t.HelmChartContainer - [EVENT] Normal [Started] Started container hivemq-platform-operator-init [helmcustomconfigit:test-hivemq-platform-1]
2025-01-28 23:40:42,691 INFO c.h.h.t.HelmChartContainer - [EVENT] Normal [Pulled] Container image "docker.io/hivemq/hivemq4:4.36.0" already present on machine [helmcustomconfigit:test-hivemq-platform-1]
2025-01-28 23:40:42,691 INFO c.h.h.t.HelmChartContainer - Received Pulled event for container hivemq in pod test-hivemq-platform-1 [3462688a-edf2-4e00-b085-f9c54a965c95]
2025-01-28 23:40:42,708 INFO c.h.h.t.HelmChartContainer - [POD] test-hivemq-platform-1 [3462688a-edf2-4e00-b085-f9c54a965c95] in helmcustomconfigit was MODIFIED
2025-01-28 23:40:42,710 INFO c.h.h.t.HelmChartContainer - [EVENT] Normal [Created] Created container: hivemq [helmcustomconfigit:test-hivemq-platform-1]
2025-01-28 23:40:42,710 INFO c.h.h.t.HelmChartContainer - Received Created event for container hivemq in pod test-hivemq-platform-1 [3462688a-edf2-4e00-b085-f9c54a965c95]
2025-01-28 23:40:42,725 INFO c.h.h.t.HelmChartContainer - [hivemq-test-hivemq-platform] [hivemq-platform-operator] [9e94c76f] 23:40:42.713 [pool-6-thread-34] DEBUG c.h.p.o.d.PlatformServiceResource - [helmcust] Desired Platform services (3 services)
2025-01-28 23:40:42,726 INFO c.h.h.t.HelmChartContainer - [hivemq-test-hivemq-platform] [hivemq-platform-operator] [9e94c76f] 23:40:42.716 [pool-6-thread-36] DEBUG c.h.p.o.dependants.PodInfoConfigMap - [helmcust] Desired PodInfo ConfigMap (1 extensions) (1 enabled)
2025-01-28 23:40:42,729 INFO c.h.h.t.HelmChartContainer - [hivemq-test-hivemq-platform] [hivemq-platform-operator] [9e94c76f] 23:40:42.716 [pool-6-thread-36] DEBUG c.h.p.o.dependants.PodInfoConfigMap - [helmcust] Desired PodInfo ConfigMap (metrics port: 9399) (metrics path: /)
2025-01-28 23:40:42,730 INFO c.h.h.t.HelmChartContainer - [hivemq-test-hivemq-platform] [hivemq-platform-operator] [9e94c76f] 23:40:42.716 [pool-6-thread-36] DEBUG c.h.p.o.dependants.PodInfoConfigMap - [helmcust] Desired PodInfo ConfigMap (extension state hash: -1817474005)
2025-01-28 23:40:42,730 INFO c.h.h.t.HelmChartContainer - [hivemq-test-hivemq-platform] [hivemq-platform-operator] [9e94c76f] 23:40:42.720 [pool-6-thread-36] DEBUG c.h.p.o.d.PodServiceAccountResource - [helmcust] Desired PodServiceAccountResource (serviceAccountName: hivemq-platform-pod-test-hivemq-platform)
2025-01-28 23:40:42,742 INFO c.h.h.t.HelmChartContainer - [hivemq-test-hivemq-platform] [hivemq-platform-operator] [9e94c76f] 23:40:42.732 [pool-6-thread-34] DEBUG c.h.p.o.d.StatefulSetResource - [helmcust] Desired StatefulSet (2 replicas) for status STARTING (READY)
2025-01-28 23:40:42,773 INFO c.h.h.t.HelmChartContainer - [hivemq-test-hivemq-platform] [hivemq-platform-operator] [9e94c76f] 23:40:42.769 [ReconcilerExecutor-hivemq-controller-117] INFO  c.h.p.o.HiveMQPlatformReconciler - [helmcust] Reconciling HiveMQ Platform 'test-hivemq-platform' in namespace 'helmcustomconfigit'
2025-01-28 23:40:42,776 INFO c.h.h.t.HelmChartContainer - [hivemq-test-hivemq-platform] [hivemq-platform-operator] [9e94c76f] 23:40:42.769 [ReconcilerExecutor-hivemq-controller-117] DEBUG c.h.p.o.HiveMQPlatformReconciler - [helmcust] Custom Resource Status STARTING - HiveMQ Platform is starting (READY)
2025-01-28 23:40:42,776 INFO c.h.h.t.HelmChartContainer - [hivemq-test-hivemq-platform] [hivemq-platform-operator] [9e94c76f] 23:40:42.769 [ReconcilerExecutor-hivemq-controller-117] DEBUG c.h.p.o.HiveMQPlatformReconciler - [helmcust] Custom Resource Spec (replicas: 2) (extensions: 1)
2025-01-28 23:40:42,776 INFO c.h.h.t.HelmChartContainer - [hivemq-test-hivemq-platform] [hivemq-platform-operator] [9e94c76f] 23:40:42.771 [ReconcilerExecutor-hivemq-controller-117] DEBUG c.h.p.o.HiveMQPlatformReconciler - [helmcust] StatefulSet Status (revision: test-hivemq-platform-7f5f89548, replicas: 2, available: 1, ready: 1, current: 2, updated: 2)
2025-01-28 23:40:42,776 INFO c.h.h.t.HelmChartContainer - [hivemq-test-hivemq-platform] [hivemq-platform-operator] [9e94c76f] 23:40:42.771 [ReconcilerExecutor-hivemq-controller-117] DEBUG c.h.p.o.HiveMQPlatformReconciler - [helmcust] StatefulSet Spec (replicas: 2, init containers: 1, containers: 1, volumes: 3)
2025-01-28 23:40:42,832 INFO c.h.h.t.HelmChartContainer - [hivemq-test-hivemq-platform] [hivemq-platform-operator] [9e94c76f] 23:40:42.831 [ReconcilerExecutor-hivemq-controller-117] DEBUG c.h.p.o.h.HiveMQPlatformReconcilerErrorHandler - [helmcust] Pod 'test-hivemq-platform-1' phase Pending
2025-01-28 23:40:42,833 INFO c.h.h.t.HelmChartContainer - [hivemq-test-hivemq-platform] [hivemq-platform-operator] [9e94c76f] 23:40:42.831 [ReconcilerExecutor-hivemq-controller-117] DEBUG c.h.p.o.h.HiveMQPlatformReconcilerErrorHandler - [helmcust] Pod 'test-hivemq-platform-1' condition 'PodReadyToStartContainers': True
2025-01-28 23:40:42,833 INFO c.h.h.t.HelmChartContainer - [hivemq-test-hivemq-platform] [hivemq-platform-operator] [9e94c76f] 23:40:42.831 [ReconcilerExecutor-hivemq-controller-117] DEBUG c.h.p.o.h.HiveMQPlatformReconcilerErrorHandler - [helmcust] Pod 'test-hivemq-platform-1' condition 'Initialized': True
2025-01-28 23:40:42,833 INFO c.h.h.t.HelmChartContainer - [hivemq-test-hivemq-platform] [hivemq-platform-operator] [9e94c76f] 23:40:42.831 [ReconcilerExecutor-hivemq-controller-117] DEBUG c.h.p.o.h.HiveMQPlatformReconcilerErrorHandler - [helmcust] Pod 'test-hivemq-platform-1' condition 'Ready': False
2025-01-28 23:40:42,833 INFO c.h.h.t.HelmChartContainer - [hivemq-test-hivemq-platform] [hivemq-platform-operator] [9e94c76f] 23:40:42.831 [ReconcilerExecutor-hivemq-controller-117] DEBUG c.h.p.o.h.HiveMQPlatformReconcilerErrorHandler - [helmcust] Pod 'test-hivemq-platform-1' condition 'ContainersReady': False
2025-01-28 23:40:42,833 INFO c.h.h.t.HelmChartContainer - [hivemq-test-hivemq-platform] [hivemq-platform-operator] [9e94c76f] 23:40:42.831 [ReconcilerExecutor-hivemq-controller-117] DEBUG c.h.p.o.h.HiveMQPlatformReconcilerErrorHandler - [helmcust] Pod 'test-hivemq-platform-1' condition 'PodScheduled': True
2025-01-28 23:40:42,833 INFO c.h.h.t.HelmChartContainer - [hivemq-test-hivemq-platform] [hivemq-platform-operator] [9e94c76f] 23:40:42.831 [ReconcilerExecutor-hivemq-controller-117] DEBUG c.h.p.o.h.HiveMQPlatformReconcilerErrorHandler - [helmcust] Pod 'test-hivemq-platform-1' containerStatus 'hivemq' (started: false) (ready: false) (waiting: [PodInitializing] null)
2025-01-28 23:40:42,856 INFO c.h.h.t.HelmChartContainer - [hivemq-test-hivemq-platform] [hivemq-platform-operator] [9e94c76f] 23:40:42.854 [ReconcilerExecutor-hivemq-controller-117] DEBUG c.h.p.o.h.HiveMQPlatformReconcilerErrorHandler - [helmcust] Pod 'test-hivemq-platform-0' phase Running
2025-01-28 23:40:42,856 INFO c.h.h.t.HelmChartContainer - [hivemq-test-hivemq-platform] [hivemq-platform-operator] [9e94c76f] 23:40:42.855 [ReconcilerExecutor-hivemq-controller-117] INFO  c.h.p.o.h.HiveMQPlatformReconcilerBaseHandler - [helmcust] HiveMQ Platform is starting, 1 of 2 replicas are ready
2025-01-28 23:40:43,701 INFO c.h.h.t.HelmChartContainer - [POD] test-hivemq-platform-1 [3462688a-edf2-4e00-b085-f9c54a965c95] in helmcustomconfigit was MODIFIED
2025-01-28 23:40:43,712 INFO c.h.h.t.HelmChartContainer - [hivemq-test-hivemq-platform] [hivemq-platform-operator] [9e94c76f] 23:40:43.709 [pool-6-thread-45] DEBUG c.h.p.o.d.PlatformServiceResource - [helmcust] Desired Platform services (3 services)
2025-01-28 23:40:43,715 INFO c.h.h.t.HelmChartContainer - [hivemq-test-hivemq-platform] [hivemq-platform-operator] [9e94c76f] 23:40:43.712 [pool-6-thread-50] DEBUG c.h.p.o.dependants.PodInfoConfigMap - [helmcust] Desired PodInfo ConfigMap (1 extensions) (1 enabled)
2025-01-28 23:40:43,715 INFO c.h.h.t.HelmChartContainer - [hivemq-test-hivemq-platform] [hivemq-platform-operator] [9e94c76f] 23:40:43.712 [pool-6-thread-50] DEBUG c.h.p.o.dependants.PodInfoConfigMap - [helmcust] Desired PodInfo ConfigMap (metrics port: 9399) (metrics path: /)
2025-01-28 23:40:43,717 INFO c.h.h.t.HelmChartContainer - [EVENT] Normal [Started] Started container hivemq [helmcustomconfigit:test-hivemq-platform-1]
2025-01-28 23:40:43,717 INFO c.h.h.t.HelmChartContainer - Received Started event for container hivemq in pod test-hivemq-platform-1 [3462688a-edf2-4e00-b085-f9c54a965c95]
2025-01-28 23:40:43,717 INFO c.h.h.t.HelmChartContainer - Started log watcher for hivemq in pod test-hivemq-platform-1 [3462688a-edf2-4e00-b085-f9c54a965c95]
2025-01-28 23:40:43,718 INFO c.h.h.t.HelmChartContainer - [test-hivemq-platform] [hivemq] [3462688a] Adding pre-installed HiveMQ Platform Operator extensions
2025-01-28 23:40:43,718 INFO c.h.h.t.HelmChartContainer - [test-hivemq-platform] [hivemq] [3462688a] Running as user 10000
2025-01-28 23:40:43,718 INFO c.h.h.t.HelmChartContainer - [test-hivemq-platform] [hivemq] [3462688a] Starting HiveMQ Platform Operator Init
2025-01-28 23:40:43,718 INFO c.h.h.t.HelmChartContainer - [hivemq-test-hivemq-platform] [hivemq-platform-operator] [9e94c76f] 23:40:43.714 [pool-6-thread-48] DEBUG c.h.p.o.d.PodServiceAccountResource - [helmcust] Desired PodServiceAccountResource (serviceAccountName: hivemq-platform-pod-test-hivemq-platform)
2025-01-28 23:40:43,718 INFO c.h.h.t.HelmChartContainer - [hivemq-test-hivemq-platform] [hivemq-platform-operator] [9e94c76f] 23:40:43.714 [pool-6-thread-50] DEBUG c.h.p.o.dependants.PodInfoConfigMap - [helmcust] Desired PodInfo ConfigMap (extension state hash: -1817474005)
2025-01-28 23:40:43,723 INFO c.h.h.t.HelmChartContainer - [hivemq-test-hivemq-platform] [hivemq-platform-operator] [9e94c76f] 23:40:43.721 [pool-6-thread-45] DEBUG c.h.p.o.d.StatefulSetResource - [helmcust] Desired StatefulSet (2 replicas) for status STARTING (READY)
2025-01-28 23:40:43,726 INFO c.h.h.t.HelmChartContainer - [hivemq-test-hivemq-platform] [hivemq-platform-operator] [9e94c76f] 23:40:43.724 [ReconcilerExecutor-hivemq-controller-118] INFO  c.h.p.o.HiveMQPlatformReconciler - [helmcust] Reconciling HiveMQ Platform 'test-hivemq-platform' in namespace 'helmcustomconfigit'
2025-01-28 23:40:43,726 INFO c.h.h.t.HelmChartContainer - [hivemq-test-hivemq-platform] [hivemq-platform-operator] [9e94c76f] 23:40:43.725 [ReconcilerExecutor-hivemq-controller-118] DEBUG c.h.p.o.HiveMQPlatformReconciler - [helmcust] Custom Resource Status STARTING - HiveMQ Platform is starting (READY)
2025-01-28 23:40:43,726 INFO c.h.h.t.HelmChartContainer - [hivemq-test-hivemq-platform] [hivemq-platform-operator] [9e94c76f] 23:40:43.725 [ReconcilerExecutor-hivemq-controller-118] DEBUG c.h.p.o.HiveMQPlatformReconciler - [helmcust] Custom Resource Spec (replicas: 2) (extensions: 1)
2025-01-28 23:40:43,728 INFO c.h.h.t.HelmChartContainer - [hivemq-test-hivemq-platform] [hivemq-platform-operator] [9e94c76f] 23:40:43.727 [ReconcilerExecutor-hivemq-controller-118] DEBUG c.h.p.o.HiveMQPlatformReconciler - [helmcust] StatefulSet Status (revision: test-hivemq-platform-7f5f89548, replicas: 2, available: 1, ready: 1, current: 2, updated: 2)
2025-01-28 23:40:43,728 INFO c.h.h.t.HelmChartContainer - [hivemq-test-hivemq-platform] [hivemq-platform-operator] [9e94c76f] 23:40:43.727 [ReconcilerExecutor-hivemq-controller-118] DEBUG c.h.p.o.HiveMQPlatformReconciler - [helmcust] StatefulSet Spec (replicas: 2, init containers: 1, containers: 1, volumes: 3)
2025-01-28 23:40:43,731 INFO c.h.h.t.HelmChartContainer - [hivemq-test-hivemq-platform] [hivemq-platform-operator] [9e94c76f] 23:40:43.730 [ReconcilerExecutor-hivemq-controller-118] DEBUG c.h.p.o.h.HiveMQPlatformReconcilerErrorHandler - [helmcust] Pod 'test-hivemq-platform-1' phase Running
2025-01-28 23:40:43,732 INFO c.h.h.t.HelmChartContainer - [hivemq-test-hivemq-platform] [hivemq-platform-operator] [9e94c76f] 23:40:43.731 [ReconcilerExecutor-hivemq-controller-118] DEBUG c.h.p.o.h.HiveMQPlatformReconcilerErrorHandler - [helmcust] Pod 'test-hivemq-platform-0' phase Running
2025-01-28 23:40:43,754 INFO c.h.h.t.HelmChartContainer - [hivemq-test-hivemq-platform] [hivemq-platform-operator] [9e94c76f] 23:40:43.753 [ReconcilerExecutor-hivemq-controller-118] INFO  c.h.p.o.h.HiveMQPlatformReconcilerBaseHandler - [helmcust] HiveMQ Platform is starting, 1 of 2 replicas are ready
2025-01-28 23:40:44,102 INFO c.h.h.t.HelmChartContainer - [test-hivemq-platform] [hivemq] [3462688a] INFO  - [HiveMQ Platform Operator Init 1.7.0-SNAPSHOT] HiveMQ Platform Operator Init 1.7.0-SNAPSHOT (commit: bebf408 on branch: HEAD) built on Sun Jan 26 20:47:47 UTC 2025
2025-01-28 23:40:45,277 INFO c.h.h.t.HelmChartContainer - [test-hivemq-platform] [hivemq] [3462688a] INFO  - [HiveMQ Platform Operator Init App 1.7.0-SNAPSHOT] Using bind address 10.42.0.15 from environment variable
2025-01-28 23:40:46,199 INFO c.h.h.t.HelmChartContainer - [test-hivemq-platform] [hivemq] [3462688a] INFO  - [HiveMQ Platform Operator Init App 1.7.0-SNAPSHOT] HiveMQ Platform Operator Init App 1.7.0-SNAPSHOT (commit: bebf408 on branch: HEAD) built on Sun Jan 26 20:47:47 UTC 2025
2025-01-28 23:40:46,199 INFO c.h.h.t.HelmChartContainer - [test-hivemq-platform] [hivemq] [3462688a] INFO  - [HiveMQ Platform Operator Init App 1.7.0-SNAPSHOT] PodInfo ConfigMap directory: /etc/podinfo
2025-01-28 23:40:46,199 INFO c.h.h.t.HelmChartContainer - [test-hivemq-platform] [hivemq] [3462688a] INFO  - [HiveMQ Platform Operator Init App 1.7.0-SNAPSHOT] HiveMQ home directory: /opt/hivemq
2025-01-28 23:40:46,200 INFO c.h.h.t.HelmChartContainer - [test-hivemq-platform] [hivemq] [3462688a] INFO  - [HiveMQ Platform Operator Init App 1.7.0-SNAPSHOT] HiveMQ Logback folder: /opt/hivemq/conf
2025-01-28 23:40:46,200 INFO c.h.h.t.HelmChartContainer - [test-hivemq-platform] [hivemq] [3462688a] INFO  - [HiveMQ Platform Operator Init App 1.7.0-SNAPSHOT] HiveMQ Config folder: /opt/hivemq/conf-k8s
2025-01-28 23:40:46,200 INFO c.h.h.t.HelmChartContainer - [test-hivemq-platform] [hivemq] [3462688a] INFO  - [HiveMQ Platform Operator Init App 1.7.0-SNAPSHOT] Starting HiveMQ Platform Operator Init App
2025-01-28 23:40:46,200 INFO c.h.h.t.HelmChartContainer - [test-hivemq-platform] [hivemq] [3462688a] INFO  - [HiveMQ Platform Operator Init App 1.7.0-SNAPSHOT] Starting Pod reconciler
2025-01-28 23:40:47,369 INFO c.h.h.t.HelmChartContainer - [test-hivemq-platform] [hivemq] [3462688a] INFO  - [HiveMQ Platform Operator Init App 1.7.0-SNAPSHOT] Pod reconciler is scheduled (interval: 5000 ms)
2025-01-28 23:40:47,370 INFO c.h.h.t.HelmChartContainer - [test-hivemq-platform] [hivemq] [3462688a] INFO  - [HiveMQ Platform Operator Init App 1.7.0-SNAPSHOT] Starting the REST API on 10.42.0.15:7979
2025-01-28 23:40:47,373 INFO c.h.h.t.HelmChartContainer - [test-hivemq-platform] [hivemq] [3462688a] INFO  - [HiveMQ Platform Operator Init App 1.7.0-SNAPSHOT] Waiting up to 600s for at most 2 HiveMQ nodes in cluster service hivemq-test-hivemq-platform-cluster.helmcustomconfigit.svc
2025-01-28 23:40:47,703 INFO c.h.h.t.HelmChartContainer - [test-hivemq-platform] [hivemq] [3462688a] INFO  - [HiveMQ Platform Operator Init App 1.7.0-SNAPSHOT] Resolved 2 IP addresses: [10.42.0.14, 10.42.0.15]
2025-01-28 23:40:47,703 INFO c.h.h.t.HelmChartContainer - [test-hivemq-platform] [hivemq] [3462688a] INFO  - [HiveMQ Platform Operator Init App 1.7.0-SNAPSHOT] HiveMQ node count of 2 is within threshold of 2
2025-01-28 23:40:47,703 INFO c.h.h.t.HelmChartContainer - [test-hivemq-platform] [hivemq] [3462688a] INFO  - [HiveMQ Platform Operator Init App 1.7.0-SNAPSHOT] Proceeding with container start
2025-01-28 23:40:47,771 INFO c.h.h.t.HelmChartContainer - [test-hivemq-platform] [hivemq] [3462688a] INFO  - [HiveMQ Platform Operator Init App 1.7.0-SNAPSHOT] Initializing HiveMQ Platform extensions with initial configuration: {hivemq-allow-all-extension={start-priority=-1, skip-https-hostname-verification=false, restart=true, config-version=0, header-version=0, c-uri=, priority=-1, uri=preinstalled, skip-https-certificate-validation=false, enabled=true}, hivemq-prometheus-extension={uri=preinstalled, request-header-path=no-request-headers, enabled=true, restart=true, priority=-1, start-priority=-1, c-uri=, skip-https-hostname-verification=false, skip-https-certificate-validation=false}}
2025-01-28 23:40:48,199 INFO c.h.h.t.HelmChartContainer - [test-hivemq-platform] [hivemq] [3462688a] INFO  - [HiveMQ Platform Operator Init App 1.7.0-SNAPSHOT] Extension hivemq-allow-all-extension was already enabled
2025-01-28 23:40:48,209 INFO c.h.h.t.HelmChartContainer - [test-hivemq-platform] [hivemq] [3462688a] INFO  - [HiveMQ Platform Operator Init App 1.7.0-SNAPSHOT] Successfully enabled extension hivemq-prometheus-extension
2025-01-28 23:40:48,273 INFO c.h.h.t.HelmChartContainer - [test-hivemq-platform] [hivemq] [3462688a] INFO  - [HiveMQ Platform Operator Init App 1.7.0-SNAPSHOT] Starting HiveMQ Platform version 4.36.0 (4.36.0)
2025-01-28 23:40:48,273 INFO c.h.h.t.HelmChartContainer - [test-hivemq-platform] [hivemq] [3462688a] INFO  - [HiveMQ Platform Operator Init App 1.7.0-SNAPSHOT] Configuring the HiveMQ Platform
2025-01-28 23:40:48,305 INFO c.h.h.t.HelmChartContainer - [test-hivemq-platform] [hivemq] [3462688a] INFO  - [HiveMQ Platform Operator Init App 1.7.0-SNAPSHOT] Changed logback.xml file scan period to 20 seconds
2025-01-28 23:40:48,405 INFO c.h.h.t.HelmChartContainer - [test-hivemq-platform] [hivemq] [3462688a] INFO  - [HiveMQ Platform Operator Init App 1.7.0-SNAPSHOT] Starting the HiveMQ Platform
2025-01-28 23:40:48,408 INFO c.h.h.t.HelmChartContainer - [test-hivemq-platform] [hivemq] [3462688a] -------------------------------------------------------------------------
2025-01-28 23:40:48,409 INFO c.h.h.t.HelmChartContainer - [test-hivemq-platform] [hivemq] [3462688a] 
2025-01-28 23:40:48,410 INFO c.h.h.t.HelmChartContainer - [test-hivemq-platform] [hivemq] [3462688a]                   _    _  _              __  __   ____
2025-01-28 23:40:48,410 INFO c.h.h.t.HelmChartContainer - [test-hivemq-platform] [hivemq] [3462688a]                  | |  | |(_)            |  \/  | / __ \
2025-01-28 23:40:48,410 INFO c.h.h.t.HelmChartContainer - [test-hivemq-platform] [hivemq] [3462688a]                  | |__| | _ __   __ ___ | \  / || |  | |
2025-01-28 23:40:48,410 INFO c.h.h.t.HelmChartContainer - [test-hivemq-platform] [hivemq] [3462688a]                  |  __  || |\ \ / // _ \| |\/| || |  | |
2025-01-28 23:40:48,410 INFO c.h.h.t.HelmChartContainer - [test-hivemq-platform] [hivemq] [3462688a]                  | |  | || | \ V /|  __/| |  | || |__| |
2025-01-28 23:40:48,410 INFO c.h.h.t.HelmChartContainer - [test-hivemq-platform] [hivemq] [3462688a]                  |_|  |_||_|  \_/  \___||_|  |_| \___\_\
2025-01-28 23:40:48,410 INFO c.h.h.t.HelmChartContainer - [test-hivemq-platform] [hivemq] [3462688a] 
2025-01-28 23:40:48,410 INFO c.h.h.t.HelmChartContainer - [test-hivemq-platform] [hivemq] [3462688a] -------------------------------------------------------------------------
2025-01-28 23:40:48,410 INFO c.h.h.t.HelmChartContainer - [test-hivemq-platform] [hivemq] [3462688a] 
2025-01-28 23:40:48,410 INFO c.h.h.t.HelmChartContainer - [test-hivemq-platform] [hivemq] [3462688a]   HiveMQ Start Script for Linux/Unix v1.14
2025-01-28 23:40:48,410 INFO c.h.h.t.HelmChartContainer - [test-hivemq-platform] [hivemq] [3462688a] 
2025-01-28 23:40:48,503 INFO c.h.h.t.HelmChartContainer - [test-hivemq-platform] [hivemq] [3462688a] -------------------------------------------------------------------------
2025-01-28 23:40:48,503 INFO c.h.h.t.HelmChartContainer - [test-hivemq-platform] [hivemq] [3462688a] 
2025-01-28 23:40:48,503 INFO c.h.h.t.HelmChartContainer - [test-hivemq-platform] [hivemq] [3462688a]   HIVEMQ_HOME: /opt/hivemq
2025-01-28 23:40:48,503 INFO c.h.h.t.HelmChartContainer - [test-hivemq-platform] [hivemq] [3462688a] 
2025-01-28 23:40:48,503 INFO c.h.h.t.HelmChartContainer - [test-hivemq-platform] [hivemq] [3462688a]   JAVA_OPTS: -XX:+UnlockExperimentalVMOptions -XX:InitialRAMPercentage=50 -XX:MaxRAMPercentage=50 -Djava.net.preferIPv4Stack=true --add-opens java.base/java.lang=ALL-UNNAMED --add-opens java.base/java.nio=ALL-UNNAMED --add-opens java.base/sun.nio.ch=ALL-UNNAMED --add-opens jdk.management/com.sun.management.internal=ALL-UNNAMED --add-exports java.base/jdk.internal.misc=ALL-UNNAMED -Djava.security.egd=file:/dev/./urandom -Dcom.sun.management.jmxremote -Dcom.sun.management.jmxremote.port=9010 -Dcom.sun.management.jmxremote.local.only=false -Dcom.sun.management.jmxremote.authenticate=false -Dcom.sun.management.jmxremote.ssl=false -Duser.language=en -Duser.region=US -XX:+CrashOnOutOfMemoryError -XX:+HeapDumpOnOutOfMemoryError
2025-01-28 23:40:48,503 INFO c.h.h.t.HelmChartContainer - [test-hivemq-platform] [hivemq] [3462688a] 
2025-01-28 23:40:48,503 INFO c.h.h.t.HelmChartContainer - [test-hivemq-platform] [hivemq] [3462688a]   JAVA_VERSION: 21
2025-01-28 23:40:48,503 INFO c.h.h.t.HelmChartContainer - [test-hivemq-platform] [hivemq] [3462688a] 
2025-01-28 23:40:48,503 INFO c.h.h.t.HelmChartContainer - [test-hivemq-platform] [hivemq] [3462688a] -------------------------------------------------------------------------
2025-01-28 23:40:48,503 INFO c.h.h.t.HelmChartContainer - [test-hivemq-platform] [hivemq] [3462688a] 
2025-01-28 23:40:49,708 INFO c.h.h.t.HelmChartContainer - [test-hivemq-platform] [hivemq] [3462688a] INFO  - [HiveMQ Platform Operator Init App 1.7.0-SNAPSHOT] Returning default Health API response 503 for readiness
2025-01-28 23:40:50,075 INFO c.h.h.t.HelmChartContainer - [EVENT] Warning [Unhealthy] Readiness probe failed: HTTP probe failed with statuscode: 503 [helmcustomconfigit:test-hivemq-platform-1]
2025-01-28 23:40:50,075 INFO c.h.h.t.HelmChartContainer - Received Unhealthy event for container hivemq in pod test-hivemq-platform-1 [3462688a-edf2-4e00-b085-f9c54a965c95]
2025-01-28 23:40:51,072 INFO c.h.h.t.HelmChartContainer - [test-hivemq-platform] [hivemq] [3462688a] INFO  - Starting HiveMQ Enterprise Server
2025-01-28 23:40:51,097 INFO c.h.h.t.HelmChartContainer - [test-hivemq-platform] [hivemq] [3462688a] INFO  - HiveMQ version: 4.36.0
2025-01-28 23:40:51,097 INFO c.h.h.t.HelmChartContainer - [test-hivemq-platform] [hivemq] [3462688a] INFO  - HiveMQ home directory: /opt/hivemq
2025-01-28 23:40:51,097 INFO c.h.h.t.HelmChartContainer - [test-hivemq-platform] [hivemq] [3462688a] INFO  - Log Configuration was overridden by /opt/hivemq/conf/logback.xml
2025-01-28 23:40:52,209 INFO c.h.h.t.HelmChartContainer - [test-hivemq-platform] [hivemq] [3462688a] INFO  - Successfully loaded configuration from '/opt/hivemq/conf-k8s/config.xml'.
2025-01-28 23:40:52,700 INFO c.h.h.t.HelmChartContainer - [test-hivemq-platform] [hivemq] [3462688a] INFO  - This node's ID is pzY2q
2025-01-28 23:40:52,700 INFO c.h.h.t.HelmChartContainer - [test-hivemq-platform] [hivemq] [3462688a] INFO  - Clustering is enabled
2025-01-28 23:40:53,758 INFO c.h.h.t.HelmChartContainer - [hivemq-test-hivemq-platform] [hivemq-platform-operator] [9e94c76f] 23:40:53.756 [pool-6-thread-9] DEBUG c.h.p.o.d.PlatformServiceResource - [helmcust] Desired Platform services (3 services)
2025-01-28 23:40:53,761 INFO c.h.h.t.HelmChartContainer - [hivemq-test-hivemq-platform] [hivemq-platform-operator] [9e94c76f] 23:40:53.758 [pool-6-thread-10] DEBUG c.h.p.o.d.PodServiceAccountResource - [helmcust] Desired PodServiceAccountResource (serviceAccountName: hivemq-platform-pod-test-hivemq-platform)
2025-01-28 23:40:53,761 INFO c.h.h.t.HelmChartContainer - [hivemq-test-hivemq-platform] [hivemq-platform-operator] [9e94c76f] 23:40:53.758 [pool-6-thread-5] DEBUG c.h.p.o.dependants.PodInfoConfigMap - [helmcust] Desired PodInfo ConfigMap (1 extensions) (1 enabled)
2025-01-28 23:40:53,761 INFO c.h.h.t.HelmChartContainer - [hivemq-test-hivemq-platform] [hivemq-platform-operator] [9e94c76f] 23:40:53.759 [pool-6-thread-5] DEBUG c.h.p.o.dependants.PodInfoConfigMap - [helmcust] Desired PodInfo ConfigMap (metrics port: 9399) (metrics path: /)
2025-01-28 23:40:53,761 INFO c.h.h.t.HelmChartContainer - [hivemq-test-hivemq-platform] [hivemq-platform-operator] [9e94c76f] 23:40:53.759 [pool-6-thread-5] DEBUG c.h.p.o.dependants.PodInfoConfigMap - [helmcust] Desired PodInfo ConfigMap (extension state hash: -1817474005)
2025-01-28 23:40:53,763 INFO c.h.h.t.HelmChartContainer - [hivemq-test-hivemq-platform] [hivemq-platform-operator] [9e94c76f] 23:40:53.762 [pool-6-thread-8] DEBUG c.h.p.o.d.StatefulSetResource - [helmcust] Desired StatefulSet (2 replicas) for status STARTING (READY)
2025-01-28 23:40:53,766 INFO c.h.h.t.HelmChartContainer - [hivemq-test-hivemq-platform] [hivemq-platform-operator] [9e94c76f] 23:40:53.765 [ReconcilerExecutor-hivemq-controller-119] INFO  c.h.p.o.HiveMQPlatformReconciler - [helmcust] Reconciling HiveMQ Platform 'test-hivemq-platform' in namespace 'helmcustomconfigit'
2025-01-28 23:40:53,767 INFO c.h.h.t.HelmChartContainer - [hivemq-test-hivemq-platform] [hivemq-platform-operator] [9e94c76f] 23:40:53.766 [ReconcilerExecutor-hivemq-controller-119] DEBUG c.h.p.o.HiveMQPlatformReconciler - [helmcust] Custom Resource Status STARTING - HiveMQ Platform is starting (READY)
2025-01-28 23:40:53,767 INFO c.h.h.t.HelmChartContainer - [hivemq-test-hivemq-platform] [hivemq-platform-operator] [9e94c76f] 23:40:53.766 [ReconcilerExecutor-hivemq-controller-119] DEBUG c.h.p.o.HiveMQPlatformReconciler - [helmcust] Custom Resource Spec (replicas: 2) (extensions: 1)
2025-01-28 23:40:53,771 INFO c.h.h.t.HelmChartContainer - [hivemq-test-hivemq-platform] [hivemq-platform-operator] [9e94c76f] 23:40:53.769 [ReconcilerExecutor-hivemq-controller-119] DEBUG c.h.p.o.HiveMQPlatformReconciler - [helmcust] StatefulSet Status (revision: test-hivemq-platform-7f5f89548, replicas: 2, available: 1, ready: 1, current: 2, updated: 2)
2025-01-28 23:40:53,771 INFO c.h.h.t.HelmChartContainer - [hivemq-test-hivemq-platform] [hivemq-platform-operator] [9e94c76f] 23:40:53.769 [ReconcilerExecutor-hivemq-controller-119] DEBUG c.h.p.o.HiveMQPlatformReconciler - [helmcust] StatefulSet Spec (replicas: 2, init containers: 1, containers: 1, volumes: 3)
2025-01-28 23:40:53,772 INFO c.h.h.t.HelmChartContainer - [hivemq-test-hivemq-platform] [hivemq-platform-operator] [9e94c76f] 23:40:53.770 [ReconcilerExecutor-hivemq-controller-119] DEBUG c.h.p.o.h.HiveMQPlatformReconcilerErrorHandler - [helmcust] Pod 'test-hivemq-platform-1' phase Running
2025-01-28 23:40:53,855 INFO c.h.h.t.HelmChartContainer - [hivemq-test-hivemq-platform] [hivemq-platform-operator] [9e94c76f] 23:40:53.853 [ReconcilerExecutor-hivemq-controller-119] DEBUG c.h.p.o.h.HiveMQPlatformReconcilerErrorHandler - [helmcust] Pod 'test-hivemq-platform-0' phase Running
2025-01-28 23:40:53,856 INFO c.h.h.t.HelmChartContainer - [hivemq-test-hivemq-platform] [hivemq-platform-operator] [9e94c76f] 23:40:53.854 [ReconcilerExecutor-hivemq-controller-119] INFO  c.h.p.o.h.HiveMQPlatformReconcilerBaseHandler - [helmcust] HiveMQ Platform is starting, 1 of 2 replicas are ready
2025-01-28 23:40:55,274 INFO c.h.h.t.HelmChartContainer - [test-hivemq-platform] [hivemq] [3462688a] WARN  - [HiveMQ Platform Operator Init App 1.7.0-SNAPSHOT] Cannot connect to Health API for readiness: null
2025-01-28 23:40:55,277 INFO c.h.h.t.HelmChartContainer - [EVENT] Warning [Unhealthy] Readiness probe failed: HTTP probe failed with statuscode: 503 [helmcustomconfigit:test-hivemq-platform-1]
2025-01-28 23:40:55,277 INFO c.h.h.t.HelmChartContainer - Received Unhealthy event for container hivemq in pod test-hivemq-platform-1 [3462688a-edf2-4e00-b085-f9c54a965c95]
2025-01-28 23:40:57,608 INFO c.h.h.t.HelmChartContainer - [test-hivemq-platform] [hivemq] [f99430f2] INFO  - [HiveMQ Platform Operator Init App 1.7.0-SNAPSHOT] Returning Health API response 200 for liveness
2025-01-28 23:40:57,772 INFO c.h.h.t.HelmChartContainer - [test-hivemq-platform] [hivemq] [3462688a] Jan 28, 2025 11:40:57 PM io.vertx.core.impl.BlockedThreadChecker
2025-01-28 23:40:57,772 INFO c.h.h.t.HelmChartContainer - [test-hivemq-platform] [hivemq] [3462688a] WARNING: Thread Thread[vert.x-eventloop-thread-1,5,main] has been blocked for 2497 ms, time limit is 2000 ms
2025-01-28 23:40:58,202 INFO c.h.h.t.HelmChartContainer - [test-hivemq-platform] [hivemq] [3462688a] INFO  - [HiveMQ Platform Operator Init App 1.7.0-SNAPSHOT] Updating Pod HiveMQ Platform Operator Init App version annotation (version: 1.7.0-SNAPSHOT)
2025-01-28 23:40:58,811 INFO c.h.h.t.HelmChartContainer - [POD] test-hivemq-platform-1 [3462688a-edf2-4e00-b085-f9c54a965c95] in helmcustomconfigit was MODIFIED
2025-01-28 23:40:58,816 INFO c.h.h.t.HelmChartContainer - [hivemq-test-hivemq-platform] [hivemq-platform-operator] [9e94c76f] 23:40:58.815 [pool-6-thread-14] DEBUG c.h.p.o.d.PlatformServiceResource - [helmcust] Desired Platform services (3 services)
2025-01-28 23:40:58,821 INFO c.h.h.t.HelmChartContainer - [hivemq-test-hivemq-platform] [hivemq-platform-operator] [9e94c76f] 23:40:58.817 [pool-6-thread-12] DEBUG c.h.p.o.d.PodServiceAccountResource - [helmcust] Desired PodServiceAccountResource (serviceAccountName: hivemq-platform-pod-test-hivemq-platform)
2025-01-28 23:40:58,821 INFO c.h.h.t.HelmChartContainer - [hivemq-test-hivemq-platform] [hivemq-platform-operator] [9e94c76f] 23:40:58.818 [pool-6-thread-19] DEBUG c.h.p.o.dependants.PodInfoConfigMap - [helmcust] Desired PodInfo ConfigMap (1 extensions) (1 enabled)
2025-01-28 23:40:58,821 INFO c.h.h.t.HelmChartContainer - [hivemq-test-hivemq-platform] [hivemq-platform-operator] [9e94c76f] 23:40:58.818 [pool-6-thread-19] DEBUG c.h.p.o.dependants.PodInfoConfigMap - [helmcust] Desired PodInfo ConfigMap (metrics port: 9399) (metrics path: /)
2025-01-28 23:40:58,821 INFO c.h.h.t.HelmChartContainer - [hivemq-test-hivemq-platform] [hivemq-platform-operator] [9e94c76f] 23:40:58.818 [pool-6-thread-19] DEBUG c.h.p.o.dependants.PodInfoConfigMap - [helmcust] Desired PodInfo ConfigMap (extension state hash: -1817474005)
2025-01-28 23:40:58,824 INFO c.h.h.t.HelmChartContainer - [hivemq-test-hivemq-platform] [hivemq-platform-operator] [9e94c76f] 23:40:58.822 [pool-6-thread-13] DEBUG c.h.p.o.d.StatefulSetResource - [helmcust] Desired StatefulSet (2 replicas) for status STARTING (READY)
2025-01-28 23:40:58,828 INFO c.h.h.t.HelmChartContainer - [hivemq-test-hivemq-platform] [hivemq-platform-operator] [9e94c76f] 23:40:58.826 [ReconcilerExecutor-hivemq-controller-120] INFO  c.h.p.o.HiveMQPlatformReconciler - [helmcust] Reconciling HiveMQ Platform 'test-hivemq-platform' in namespace 'helmcustomconfigit'
2025-01-28 23:40:58,828 INFO c.h.h.t.HelmChartContainer - [hivemq-test-hivemq-platform] [hivemq-platform-operator] [9e94c76f] 23:40:58.826 [ReconcilerExecutor-hivemq-controller-120] DEBUG c.h.p.o.HiveMQPlatformReconciler - [helmcust] Custom Resource Status STARTING - HiveMQ Platform is starting (READY)
2025-01-28 23:40:58,828 INFO c.h.h.t.HelmChartContainer - [hivemq-test-hivemq-platform] [hivemq-platform-operator] [9e94c76f] 23:40:58.826 [ReconcilerExecutor-hivemq-controller-120] DEBUG c.h.p.o.HiveMQPlatformReconciler - [helmcust] Custom Resource Spec (replicas: 2) (extensions: 1)
2025-01-28 23:40:58,828 INFO c.h.h.t.HelmChartContainer - [hivemq-test-hivemq-platform] [hivemq-platform-operator] [9e94c76f] 23:40:58.827 [ReconcilerExecutor-hivemq-controller-120] DEBUG c.h.p.o.HiveMQPlatformReconciler - [helmcust] StatefulSet Status (revision: test-hivemq-platform-7f5f89548, replicas: 2, available: 1, ready: 1, current: 2, updated: 2)
2025-01-28 23:40:58,828 INFO c.h.h.t.HelmChartContainer - [hivemq-test-hivemq-platform] [hivemq-platform-operator] [9e94c76f] 23:40:58.827 [ReconcilerExecutor-hivemq-controller-120] DEBUG c.h.p.o.HiveMQPlatformReconciler - [helmcust] StatefulSet Spec (replicas: 2, init containers: 1, containers: 1, volumes: 3)
2025-01-28 23:40:58,830 INFO c.h.h.t.HelmChartContainer - [hivemq-test-hivemq-platform] [hivemq-platform-operator] [9e94c76f] 23:40:58.828 [ReconcilerExecutor-hivemq-controller-120] DEBUG c.h.p.o.h.HiveMQPlatformReconcilerErrorHandler - [helmcust] Pod 'test-hivemq-platform-1' phase Running
2025-01-28 23:40:58,853 INFO c.h.h.t.HelmChartContainer - [hivemq-test-hivemq-platform] [hivemq-platform-operator] [9e94c76f] 23:40:58.852 [ReconcilerExecutor-hivemq-controller-120] DEBUG c.h.p.o.h.HiveMQPlatformReconcilerErrorHandler - [helmcust] Pod 'test-hivemq-platform-0' phase Running
2025-01-28 23:40:58,854 INFO c.h.h.t.HelmChartContainer - [hivemq-test-hivemq-platform] [hivemq-platform-operator] [9e94c76f] 23:40:58.853 [ReconcilerExecutor-hivemq-controller-120] INFO  c.h.p.o.h.HiveMQPlatformReconcilerBaseHandler - [helmcust] HiveMQ Platform is starting, 1 of 2 replicas are ready
2025-01-28 23:40:58,872 INFO c.h.h.t.HelmChartContainer - [test-hivemq-platform] [hivemq] [3462688a] WARN  - [HiveMQ Platform Operator Init App 1.7.0-SNAPSHOT] Cannot connect to Health API for readiness: null
2025-01-28 23:40:58,878 INFO c.h.h.t.HelmChartContainer - [EVENT] Warning [Unhealthy] Readiness probe failed: HTTP probe failed with statuscode: 503 [helmcustomconfigit:test-hivemq-platform-1]
2025-01-28 23:40:58,878 INFO c.h.h.t.HelmChartContainer - Received Unhealthy event for container hivemq in pod test-hivemq-platform-1 [3462688a-edf2-4e00-b085-f9c54a965c95]
2025-01-28 23:40:58,901 INFO c.h.h.t.HelmChartContainer - [test-hivemq-platform] [hivemq] [3462688a] INFO  - [HiveMQ Platform Operator Init App 1.7.0-SNAPSHOT] Successfully updated Pod HiveMQ Platform Operator Init App version annotation (version: 1.7.0-SNAPSHOT)
2025-01-28 23:41:03,873 INFO c.h.h.t.HelmChartContainer - [test-hivemq-platform] [hivemq] [3462688a] WARN  - [HiveMQ Platform Operator Init App 1.7.0-SNAPSHOT] Cannot connect to Health API for readiness: null
2025-01-28 23:41:03,904 INFO c.h.h.t.HelmChartContainer - [EVENT] Warning [Unhealthy] Readiness probe failed: HTTP probe failed with statuscode: 503 [helmcustomconfigit:test-hivemq-platform-1]
2025-01-28 23:41:03,905 INFO c.h.h.t.HelmChartContainer - Received Unhealthy event for container hivemq in pod test-hivemq-platform-1 [3462688a-edf2-4e00-b085-f9c54a965c95]
2025-01-28 23:41:08,859 INFO c.h.h.t.HelmChartContainer - [hivemq-test-hivemq-platform] [hivemq-platform-operator] [9e94c76f] 23:41:08.856 [pool-6-thread-25] DEBUG c.h.p.o.dependants.PodInfoConfigMap - [helmcust] Desired PodInfo ConfigMap (1 extensions) (1 enabled)
2025-01-28 23:41:08,859 INFO c.h.h.t.HelmChartContainer - [hivemq-test-hivemq-platform] [hivemq-platform-operator] [9e94c76f] 23:41:08.856 [pool-6-thread-25] DEBUG c.h.p.o.dependants.PodInfoConfigMap - [helmcust] Desired PodInfo ConfigMap (metrics port: 9399) (metrics path: /)
2025-01-28 23:41:08,859 INFO c.h.h.t.HelmChartContainer - [hivemq-test-hivemq-platform] [hivemq-platform-operator] [9e94c76f] 23:41:08.856 [pool-6-thread-25] DEBUG c.h.p.o.dependants.PodInfoConfigMap - [helmcust] Desired PodInfo ConfigMap (extension state hash: -1817474005)
2025-01-28 23:41:08,859 INFO c.h.h.t.HelmChartContainer - [hivemq-test-hivemq-platform] [hivemq-platform-operator] [9e94c76f] 23:41:08.857 [pool-6-thread-23] DEBUG c.h.p.o.d.PlatformServiceResource - [helmcust] Desired Platform services (3 services)
2025-01-28 23:41:08,859 INFO c.h.h.t.HelmChartContainer - [hivemq-test-hivemq-platform] [hivemq-platform-operator] [9e94c76f] 23:41:08.856 [pool-6-thread-28] DEBUG c.h.p.o.d.PodServiceAccountResource - [helmcust] Desired PodServiceAccountResource (serviceAccountName: hivemq-platform-pod-test-hivemq-platform)
2025-01-28 23:41:08,863 INFO c.h.h.t.HelmChartContainer - [hivemq-test-hivemq-platform] [hivemq-platform-operator] [9e94c76f] 23:41:08.862 [pool-6-thread-23] DEBUG c.h.p.o.d.StatefulSetResource - [helmcust] Desired StatefulSet (2 replicas) for status STARTING (READY)
2025-01-28 23:41:08,867 INFO c.h.h.t.HelmChartContainer - [hivemq-test-hivemq-platform] [hivemq-platform-operator] [9e94c76f] 23:41:08.866 [ReconcilerExecutor-hivemq-controller-121] INFO  c.h.p.o.HiveMQPlatformReconciler - [helmcust] Reconciling HiveMQ Platform 'test-hivemq-platform' in namespace 'helmcustomconfigit'
2025-01-28 23:41:08,868 INFO c.h.h.t.HelmChartContainer - [hivemq-test-hivemq-platform] [hivemq-platform-operator] [9e94c76f] 23:41:08.866 [ReconcilerExecutor-hivemq-controller-121] DEBUG c.h.p.o.HiveMQPlatformReconciler - [helmcust] Custom Resource Status STARTING - HiveMQ Platform is starting (READY)
2025-01-28 23:41:08,868 INFO c.h.h.t.HelmChartContainer - [hivemq-test-hivemq-platform] [hivemq-platform-operator] [9e94c76f] 23:41:08.866 [ReconcilerExecutor-hivemq-controller-121] DEBUG c.h.p.o.HiveMQPlatformReconciler - [helmcust] Custom Resource Spec (replicas: 2) (extensions: 1)
2025-01-28 23:41:08,869 INFO c.h.h.t.HelmChartContainer - [hivemq-test-hivemq-platform] [hivemq-platform-operator] [9e94c76f] 23:41:08.867 [ReconcilerExecutor-hivemq-controller-121] DEBUG c.h.p.o.HiveMQPlatformReconciler - [helmcust] StatefulSet Status (revision: test-hivemq-platform-7f5f89548, replicas: 2, available: 1, ready: 1, current: 2, updated: 2)
2025-01-28 23:41:08,869 INFO c.h.h.t.HelmChartContainer - [hivemq-test-hivemq-platform] [hivemq-platform-operator] [9e94c76f] 23:41:08.868 [ReconcilerExecutor-hivemq-controller-121] DEBUG c.h.p.o.HiveMQPlatformReconciler - [helmcust] StatefulSet Spec (replicas: 2, init containers: 1, containers: 1, volumes: 3)
2025-01-28 23:41:08,871 INFO c.h.h.t.HelmChartContainer - [hivemq-test-hivemq-platform] [hivemq-platform-operator] [9e94c76f] 23:41:08.869 [ReconcilerExecutor-hivemq-controller-121] DEBUG c.h.p.o.h.HiveMQPlatformReconcilerErrorHandler - [helmcust] Pod 'test-hivemq-platform-1' phase Running
2025-01-28 23:41:08,871 INFO c.h.h.t.HelmChartContainer - [hivemq-test-hivemq-platform] [hivemq-platform-operator] [9e94c76f] 23:41:08.870 [ReconcilerExecutor-hivemq-controller-121] DEBUG c.h.p.o.h.HiveMQPlatformReconcilerErrorHandler - [helmcust] Pod 'test-hivemq-platform-0' phase Running
2025-01-28 23:41:08,871 INFO c.h.h.t.HelmChartContainer - [hivemq-test-hivemq-platform] [hivemq-platform-operator] [9e94c76f] 23:41:08.870 [ReconcilerExecutor-hivemq-controller-121] INFO  c.h.p.o.h.HiveMQPlatformReconcilerBaseHandler - [helmcust] HiveMQ Platform is starting, 1 of 2 replicas are ready
2025-01-28 23:41:08,899 INFO c.h.h.t.HelmChartContainer - [test-hivemq-platform] [hivemq] [3462688a] WARN  - [HiveMQ Platform Operator Init App 1.7.0-SNAPSHOT] Cannot connect to Health API for readiness: null
2025-01-28 23:41:08,904 INFO c.h.h.t.HelmChartContainer - [EVENT] Warning [Unhealthy] Readiness probe failed: HTTP probe failed with statuscode: 503 [helmcustomconfigit:test-hivemq-platform-1]
2025-01-28 23:41:08,904 INFO c.h.h.t.HelmChartContainer - Received Unhealthy event for container hivemq in pod test-hivemq-platform-1 [3462688a-edf2-4e00-b085-f9c54a965c95]
2025-01-28 23:41:09,709 INFO c.h.h.t.HelmChartContainer - [test-hivemq-platform] [hivemq] [3462688a] INFO  - No valid license file found. Using trial license, restricted to 25 connections.
2025-01-28 23:41:11,901 INFO c.h.h.t.HelmChartContainer - [test-hivemq-platform] [hivemq] [3462688a] WARN  - [HiveMQ Platform Operator Init App 1.7.0-SNAPSHOT] Cannot connect to Health API for liveness: null
2025-01-28 23:41:11,901 INFO c.h.h.t.HelmChartContainer - [test-hivemq-platform] [hivemq] [3462688a] INFO  - [HiveMQ Platform Operator Init App 1.7.0-SNAPSHOT] Returning default Health API response 200 for liveness
2025-01-28 23:41:13,307 INFO c.h.h.t.HelmChartContainer - [test-hivemq-platform] [hivemq] [3462688a] INFO  - No valid license file for Data Hub found. Using free license, restricted to 1 policy.
2025-01-28 23:41:13,900 INFO c.h.h.t.HelmChartContainer - [test-hivemq-platform] [hivemq] [3462688a] WARN  - [HiveMQ Platform Operator Init App 1.7.0-SNAPSHOT] Cannot connect to Health API for readiness: null
2025-01-28 23:41:13,903 INFO c.h.h.t.HelmChartContainer - [EVENT] Warning [Unhealthy] Readiness probe failed: HTTP probe failed with statuscode: 503 [helmcustomconfigit:test-hivemq-platform-1]
2025-01-28 23:41:13,903 INFO c.h.h.t.HelmChartContainer - Received Unhealthy event for container hivemq in pod test-hivemq-platform-1 [3462688a-edf2-4e00-b085-f9c54a965c95]
2025-01-28 23:41:14,403 INFO c.h.h.t.HelmChartContainer - [test-hivemq-platform] [hivemq] [3462688a] INFO  - Audit Logger started.
2025-01-28 23:41:14,628 INFO c.h.h.t.HelmChartContainer - [test-hivemq-platform] [hivemq] [3462688a] INFO  - This node uses '1' CPU cores.
2025-01-28 23:41:14,632 INFO c.h.h.t.HelmChartContainer - [test-hivemq-platform] [hivemq] [3462688a] INFO  - Starting HiveMQ Health API on address 0.0.0.0 and port 8889
2025-01-28 23:41:15,414 INFO c.h.h.t.HelmChartContainer - [test-hivemq-platform] [hivemq] [3462688a] INFO  - Started HiveMQ Health API in 782ms
2025-01-28 23:41:16,007 INFO c.h.h.t.HelmChartContainer - [test-hivemq-platform] [hivemq] [3462688a] INFO  - Starting HiveMQ extension system.
2025-01-28 23:41:16,306 INFO c.h.h.t.HelmChartContainer - [test-hivemq-platform] [hivemq] [3462688a] INFO  - Starting extension with id "hivemq-dns-cluster-discovery" at /opt/hivemq/extensions/hivemq-dns-cluster-discovery
2025-01-28 23:41:16,802 INFO c.h.h.t.HelmChartContainer - [test-hivemq-platform] [hivemq] [3462688a] INFO  - Using TCP cluster transport on address 10.42.0.15 and port 8000
2025-01-28 23:41:16,807 INFO c.h.h.t.HelmChartContainer - [test-hivemq-platform] [hivemq] [3462688a] INFO  - Using extension cluster discovery
2025-01-28 23:41:16,870 INFO c.h.h.t.HelmChartContainer - [test-hivemq-platform] [hivemq] [3462688a] INFO  - Extension "DNS Cluster Discovery Extension" version 4.3.2 started successfully.
2025-01-28 23:41:16,871 INFO c.h.h.t.HelmChartContainer - [test-hivemq-platform] [hivemq] [3462688a] INFO  - Starting extension with id "hivemq-prometheus-extension" at /opt/hivemq/extensions/hivemq-prometheus-extension
2025-01-28 23:41:17,700 INFO c.h.h.t.HelmChartContainer - [test-hivemq-platform] [hivemq] [3462688a] INFO  - Started Jetty Server exposing Prometheus Servlet on URI http://0.0.0.0:9399/
2025-01-28 23:41:17,700 INFO c.h.h.t.HelmChartContainer - [test-hivemq-platform] [hivemq] [3462688a] INFO  - Extension "Prometheus Monitoring Extension" version 4.0.12 started successfully.
2025-01-28 23:41:17,700 INFO c.h.h.t.HelmChartContainer - [test-hivemq-platform] [hivemq] [3462688a] INFO  - Starting extension with id "hivemq-allow-all-extension" at /opt/hivemq/extensions/hivemq-allow-all-extension
2025-01-28 23:41:17,700 INFO c.h.h.t.HelmChartContainer - [test-hivemq-platform] [hivemq] [3462688a] WARN  - 
2025-01-28 23:41:17,700 INFO c.h.h.t.HelmChartContainer - [test-hivemq-platform] [hivemq] [3462688a] ################################################################################################################
2025-01-28 23:41:17,700 INFO c.h.h.t.HelmChartContainer - [test-hivemq-platform] [hivemq] [3462688a] # This HiveMQ deployment is not secure! You are lacking Authentication and Authorization.                      #
2025-01-28 23:41:17,700 INFO c.h.h.t.HelmChartContainer - [test-hivemq-platform] [hivemq] [3462688a] # Right now any MQTT client can connect to the broker with a full set of permissions.                          #
2025-01-28 23:41:17,700 INFO c.h.h.t.HelmChartContainer - [test-hivemq-platform] [hivemq] [3462688a] # For production usage, add an appropriate security extension and remove the hivemq-allow-all extension.       #
2025-01-28 23:41:17,700 INFO c.h.h.t.HelmChartContainer - [test-hivemq-platform] [hivemq] [3462688a] # You can download security extensions from the HiveMQ Marketplace (https://www.hivemq.com/extensions/).       #
2025-01-28 23:41:17,700 INFO c.h.h.t.HelmChartContainer - [test-hivemq-platform] [hivemq] [3462688a] ################################################################################################################
2025-01-28 23:41:17,700 INFO c.h.h.t.HelmChartContainer - [test-hivemq-platform] [hivemq] [3462688a] INFO  - Extension "Allow All Extension" version 1.1.1 started successfully.
2025-01-28 23:41:17,820 INFO c.h.h.t.HelmChartContainer - [test-hivemq-platform] [hivemq] [f99430f2] INFO  - Cluster nodes found by discovery: [BpuCS|1] (2) [BpuCS, pzY2q].
2025-01-28 23:41:17,903 INFO c.h.h.t.HelmChartContainer - [test-hivemq-platform] [hivemq] [3462688a] INFO  - Cluster nodes found by discovery: [BpuCS|1] (2) [BpuCS, pzY2q].
2025-01-28 23:41:18,005 INFO c.h.h.t.HelmChartContainer - [test-hivemq-platform] [hivemq] [3462688a] INFO  - Cluster size = 1, members : [BpuCS].
2025-01-28 23:41:18,376 INFO c.h.h.t.HelmChartContainer - [test-hivemq-platform] [hivemq] [3462688a] INFO  - Starting cluster join process. This may take a while. Please do not shut down HiveMQ.
2025-01-28 23:41:18,378 INFO c.h.h.t.HelmChartContainer - [test-hivemq-platform] [hivemq] [3462688a] INFO  - Cluster join process is still ongoing. Please do not shut down HiveMQ.
2025-01-28 23:41:18,879 INFO c.h.h.t.HelmChartContainer - [hivemq-test-hivemq-platform] [hivemq-platform-operator] [9e94c76f] 23:41:18.875 [pool-6-thread-37] DEBUG c.h.p.o.d.PlatformServiceResource - [helmcust] Desired Platform services (3 services)
2025-01-28 23:41:18,879 INFO c.h.h.t.HelmChartContainer - [hivemq-test-hivemq-platform] [hivemq-platform-operator] [9e94c76f] 23:41:18.875 [pool-6-thread-36] DEBUG c.h.p.o.dependants.PodInfoConfigMap - [helmcust] Desired PodInfo ConfigMap (1 extensions) (1 enabled)
2025-01-28 23:41:18,879 INFO c.h.h.t.HelmChartContainer - [hivemq-test-hivemq-platform] [hivemq-platform-operator] [9e94c76f] 23:41:18.875 [pool-6-thread-36] DEBUG c.h.p.o.dependants.PodInfoConfigMap - [helmcust] Desired PodInfo ConfigMap (metrics port: 9399) (metrics path: /)
2025-01-28 23:41:18,879 INFO c.h.h.t.HelmChartContainer - [hivemq-test-hivemq-platform] [hivemq-platform-operator] [9e94c76f] 23:41:18.875 [pool-6-thread-36] DEBUG c.h.p.o.dependants.PodInfoConfigMap - [helmcust] Desired PodInfo ConfigMap (extension state hash: -1817474005)
2025-01-28 23:41:18,879 INFO c.h.h.t.HelmChartContainer - [hivemq-test-hivemq-platform] [hivemq-platform-operator] [9e94c76f] 23:41:18.877 [pool-6-thread-36] DEBUG c.h.p.o.d.PodServiceAccountResource - [helmcust] Desired PodServiceAccountResource (serviceAccountName: hivemq-platform-pod-test-hivemq-platform)
2025-01-28 23:41:18,882 INFO c.h.h.t.HelmChartContainer - [hivemq-test-hivemq-platform] [hivemq-platform-operator] [9e94c76f] 23:41:18.881 [pool-6-thread-37] DEBUG c.h.p.o.d.StatefulSetResource - [helmcust] Desired StatefulSet (2 replicas) for status STARTING (READY)
2025-01-28 23:41:18,885 INFO c.h.h.t.HelmChartContainer - [hivemq-test-hivemq-platform] [hivemq-platform-operator] [9e94c76f] 23:41:18.884 [ReconcilerExecutor-hivemq-controller-122] INFO  c.h.p.o.HiveMQPlatformReconciler - [helmcust] Reconciling HiveMQ Platform 'test-hivemq-platform' in namespace 'helmcustomconfigit'
2025-01-28 23:41:18,885 INFO c.h.h.t.HelmChartContainer - [hivemq-test-hivemq-platform] [hivemq-platform-operator] [9e94c76f] 23:41:18.884 [ReconcilerExecutor-hivemq-controller-122] DEBUG c.h.p.o.HiveMQPlatformReconciler - [helmcust] Custom Resource Status STARTING - HiveMQ Platform is starting (READY)
2025-01-28 23:41:18,885 INFO c.h.h.t.HelmChartContainer - [hivemq-test-hivemq-platform] [hivemq-platform-operator] [9e94c76f] 23:41:18.884 [ReconcilerExecutor-hivemq-controller-122] DEBUG c.h.p.o.HiveMQPlatformReconciler - [helmcust] Custom Resource Spec (replicas: 2) (extensions: 1)
2025-01-28 23:41:18,887 INFO c.h.h.t.HelmChartContainer - [hivemq-test-hivemq-platform] [hivemq-platform-operator] [9e94c76f] 23:41:18.886 [ReconcilerExecutor-hivemq-controller-122] DEBUG c.h.p.o.HiveMQPlatformReconciler - [helmcust] StatefulSet Status (revision: test-hivemq-platform-7f5f89548, replicas: 2, available: 1, ready: 1, current: 2, updated: 2)
2025-01-28 23:41:18,887 INFO c.h.h.t.HelmChartContainer - [hivemq-test-hivemq-platform] [hivemq-platform-operator] [9e94c76f] 23:41:18.886 [ReconcilerExecutor-hivemq-controller-122] DEBUG c.h.p.o.HiveMQPlatformReconciler - [helmcust] StatefulSet Spec (replicas: 2, init containers: 1, containers: 1, volumes: 3)
2025-01-28 23:41:18,888 INFO c.h.h.t.HelmChartContainer - [hivemq-test-hivemq-platform] [hivemq-platform-operator] [9e94c76f] 23:41:18.887 [ReconcilerExecutor-hivemq-controller-122] DEBUG c.h.p.o.h.HiveMQPlatformReconcilerErrorHandler - [helmcust] Pod 'test-hivemq-platform-1' phase Running
2025-01-28 23:41:18,890 INFO c.h.h.t.HelmChartContainer - [hivemq-test-hivemq-platform] [hivemq-platform-operator] [9e94c76f] 23:41:18.889 [ReconcilerExecutor-hivemq-controller-122] DEBUG c.h.p.o.h.HiveMQPlatformReconcilerErrorHandler - [helmcust] Pod 'test-hivemq-platform-0' phase Running
2025-01-28 23:41:18,891 INFO c.h.h.t.HelmChartContainer - [hivemq-test-hivemq-platform] [hivemq-platform-operator] [9e94c76f] 23:41:18.890 [ReconcilerExecutor-hivemq-controller-122] INFO  c.h.p.o.h.HiveMQPlatformReconcilerBaseHandler - [helmcust] HiveMQ Platform is starting, 1 of 2 replicas are ready
2025-01-28 23:41:19,270 INFO c.h.h.t.HelmChartContainer - [test-hivemq-platform] [hivemq] [3462688a] INFO  - [HiveMQ Platform Operator Init App 1.7.0-SNAPSHOT] Returning Health API response 503 for readiness
2025-01-28 23:41:19,275 INFO c.h.h.t.HelmChartContainer - [EVENT] Warning [Unhealthy] Readiness probe failed: HTTP probe failed with statuscode: 503 [helmcustomconfigit:test-hivemq-platform-1]
2025-01-28 23:41:19,275 INFO c.h.h.t.HelmChartContainer - Received Unhealthy event for container hivemq in pod test-hivemq-platform-1 [3462688a-edf2-4e00-b085-f9c54a965c95]
2025-01-28 23:41:20,388 INFO c.h.h.t.HelmChartContainer - [test-hivemq-platform] [hivemq] [f99430f2] INFO  - Cluster size = 2, members : [BpuCS, pzY2q].
2025-01-28 23:41:20,396 INFO c.h.h.t.HelmChartContainer - [test-hivemq-platform] [hivemq] [3462688a] INFO  - Cluster size = 2, members : [BpuCS, pzY2q].
2025-01-28 23:41:20,405 INFO c.h.h.t.HelmChartContainer - [test-hivemq-platform] [hivemq] [3462688a] INFO  - Finished cluster join process successfully.
2025-01-28 23:41:20,406 INFO c.h.h.t.HelmChartContainer - [test-hivemq-platform] [hivemq] [3462688a] WARN  - No user for HiveMQ Control Center configured. Starting with default user
2025-01-28 23:41:20,407 INFO c.h.h.t.HelmChartContainer - [test-hivemq-platform] [hivemq] [3462688a] INFO  - Starting HiveMQ Control Center on address 0.0.0.0 and port 8080
2025-01-28 23:41:20,410 INFO c.h.h.t.HelmChartContainer - [test-hivemq-platform] [hivemq] [3462688a] INFO  - Mounting HiveMQ Control Center V2 Preview
2025-01-28 23:41:21,104 INFO c.h.h.t.HelmChartContainer - [test-hivemq-platform] [hivemq] [3462688a] INFO  - Started HiveMQ Control Center in 698ms
2025-01-28 23:41:21,178 INFO c.h.h.t.HelmChartContainer - [test-hivemq-platform] [hivemq] [3462688a] INFO  - Starting TCP listener on address 0.0.0.0 and port 1884
2025-01-28 23:41:21,190 INFO c.h.h.t.HelmChartContainer - [test-hivemq-platform] [hivemq] [3462688a] INFO  - Started TCP Listener on address 0.0.0.0 and on port 1884.
2025-01-28 23:41:21,191 INFO c.h.h.t.HelmChartContainer - [test-hivemq-platform] [hivemq] [3462688a] INFO  - Started HiveMQ in 30492ms
2025-01-28 23:41:23,815 INFO c.h.h.t.HelmChartContainer - [test-hivemq-platform] [hivemq] [3462688a] INFO  - [HiveMQ Platform Operator Init App 1.7.0-SNAPSHOT] Returning Health API response 200 for readiness
2025-01-28 23:41:23,828 INFO c.h.h.t.HelmChartContainer - [POD] test-hivemq-platform-1 [3462688a-edf2-4e00-b085-f9c54a965c95] in helmcustomconfigit was MODIFIED
2025-01-28 23:41:23,838 INFO c.h.h.t.HelmChartContainer - [hivemq-test-hivemq-platform] [hivemq-platform-operator] [9e94c76f] 23:41:23.835 [pool-6-thread-50] DEBUG c.h.p.o.d.PlatformServiceResource - [helmcust] Desired Platform services (3 services)
2025-01-28 23:41:23,838 INFO c.h.h.t.HelmChartContainer - [hivemq-test-hivemq-platform] [hivemq-platform-operator] [9e94c76f] 23:41:23.836 [pool-6-thread-44] DEBUG c.h.p.o.d.PodServiceAccountResource - [helmcust] Desired PodServiceAccountResource (serviceAccountName: hivemq-platform-pod-test-hivemq-platform)
2025-01-28 23:41:23,841 INFO c.h.h.t.HelmChartContainer - [hivemq-test-hivemq-platform] [hivemq-platform-operator] [9e94c76f] 23:41:23.838 [pool-6-thread-43] DEBUG c.h.p.o.dependants.PodInfoConfigMap - [helmcust] Desired PodInfo ConfigMap (1 extensions) (1 enabled)
2025-01-28 23:41:23,841 INFO c.h.h.t.HelmChartContainer - [hivemq-test-hivemq-platform] [hivemq-platform-operator] [9e94c76f] 23:41:23.838 [pool-6-thread-43] DEBUG c.h.p.o.dependants.PodInfoConfigMap - [helmcust] Desired PodInfo ConfigMap (metrics port: 9399) (metrics path: /)
2025-01-28 23:41:23,841 INFO c.h.h.t.HelmChartContainer - [hivemq-test-hivemq-platform] [hivemq-platform-operator] [9e94c76f] 23:41:23.838 [pool-6-thread-43] DEBUG c.h.p.o.dependants.PodInfoConfigMap - [helmcust] Desired PodInfo ConfigMap (extension state hash: -1817474005)
2025-01-28 23:41:23,844 INFO c.h.h.t.HelmChartContainer - [hivemq-test-hivemq-platform] [hivemq-platform-operator] [9e94c76f] 23:41:23.842 [pool-6-thread-43] DEBUG c.h.p.o.d.StatefulSetResource - [helmcust] Desired StatefulSet (2 replicas) for status STARTING (READY)
2025-01-28 23:41:23,846 INFO c.h.h.t.HelmChartContainer - [hivemq-test-hivemq-platform] [hivemq-platform-operator] [9e94c76f] 23:41:23.845 [ReconcilerExecutor-hivemq-controller-123] INFO  c.h.p.o.HiveMQPlatformReconciler - [helmcust] Reconciling HiveMQ Platform 'test-hivemq-platform' in namespace 'helmcustomconfigit'
2025-01-28 23:41:23,846 INFO c.h.h.t.HelmChartContainer - [hivemq-test-hivemq-platform] [hivemq-platform-operator] [9e94c76f] 23:41:23.845 [ReconcilerExecutor-hivemq-controller-123] DEBUG c.h.p.o.HiveMQPlatformReconciler - [helmcust] Custom Resource Status STARTING - HiveMQ Platform is starting (READY)
2025-01-28 23:41:23,847 INFO c.h.h.t.HelmChartContainer - [hivemq-test-hivemq-platform] [hivemq-platform-operator] [9e94c76f] 23:41:23.845 [ReconcilerExecutor-hivemq-controller-123] DEBUG c.h.p.o.HiveMQPlatformReconciler - [helmcust] Custom Resource Spec (replicas: 2) (extensions: 1)
2025-01-28 23:41:23,848 INFO c.h.h.t.HelmChartContainer - [hivemq-test-hivemq-platform] [hivemq-platform-operator] [9e94c76f] 23:41:23.847 [ReconcilerExecutor-hivemq-controller-123] DEBUG c.h.p.o.HiveMQPlatformReconciler - [helmcust] StatefulSet Status (revision: test-hivemq-platform-7f5f89548, replicas: 2, available: 2, ready: 2, current: 2, updated: 2)
2025-01-28 23:41:23,848 INFO c.h.h.t.HelmChartContainer - [hivemq-test-hivemq-platform] [hivemq-platform-operator] [9e94c76f] 23:41:23.847 [ReconcilerExecutor-hivemq-controller-123] DEBUG c.h.p.o.HiveMQPlatformReconciler - [helmcust] StatefulSet Spec (replicas: 2, init containers: 1, containers: 1, volumes: 3)
2025-01-28 23:41:23,849 INFO c.h.h.t.HelmChartContainer - [hivemq-test-hivemq-platform] [hivemq-platform-operator] [9e94c76f] 23:41:23.848 [ReconcilerExecutor-hivemq-controller-123] DEBUG c.h.p.o.h.HiveMQPlatformReconcilerErrorHandler - [helmcust] Pod 'test-hivemq-platform-1' phase Running
2025-01-28 23:41:23,850 INFO c.h.h.t.HelmChartContainer - [hivemq-test-hivemq-platform] [hivemq-platform-operator] [9e94c76f] 23:41:23.849 [ReconcilerExecutor-hivemq-controller-123] DEBUG c.h.p.o.h.HiveMQPlatformReconcilerErrorHandler - [helmcust] Pod 'test-hivemq-platform-0' phase Running
2025-01-28 23:41:23,850 INFO c.h.h.t.HelmChartContainer - [hivemq-test-hivemq-platform] [hivemq-platform-operator] [9e94c76f] 23:41:23.849 [ReconcilerExecutor-hivemq-controller-123] INFO  c.h.p.o.h.HiveMQPlatformReconcilerBaseHandler - [helmcust] HiveMQ Platform started successfully
2025-01-28 23:41:23,954 INFO c.h.h.t.HelmChartContainer - [hivemq-test-hivemq-platform] [hivemq-platform-operator] [9e94c76f] 23:41:23.954 [ReconcilerExecutor-hivemq-controller-123] DEBUG c.h.p.operator.event.EventSender - [helmcust] Creating K8s event hivemq-platform-ready: [Ready] HiveMQ Platform is ready
2025-01-28 23:41:23,958 INFO c.h.h.t.HelmChartContainer - [EVENT] Normal [Ready] HiveMQ Platform is ready [helmcustomconfigit:test-hivemq-platform]
2025-01-28 23:41:24,031 INFO c.h.h.t.HelmChartContainer - [hivemq-test-hivemq-platform] [hivemq-platform-operator] [9e94c76f] 23:41:24.031 [ReconcilerExecutor-hivemq-controller-123] INFO  c.h.p.o.h.AbstractHiveMQReconcilerStateHandler - [helmcust] Update HiveMQ Platform Status (STARTING [READY] -> RUNNING [READY]): HiveMQ Platform is ready
2025-01-28 23:41:24,040 DEBUG com.hivemq.helmcharts.util.K8sUtil - Comparing actual state 'RUNNING' and waiting for 'RUNNING'
2025-01-28 23:41:24,045 INFO c.h.h.t.HelmChartContainer - [hivemq-test-hivemq-platform] [hivemq-platform-operator] [9e94c76f] 23:41:24.043 [pool-6-thread-4] DEBUG c.h.p.o.d.PlatformServiceResource - [helmcust] Desired Platform services (3 services)
2025-01-28 23:41:24,045 INFO c.h.h.t.HelmChartContainer - [hivemq-test-hivemq-platform] [hivemq-platform-operator] [9e94c76f] 23:41:24.044 [pool-6-thread-7] DEBUG c.h.p.o.dependants.PodInfoConfigMap - [helmcust] Desired PodInfo ConfigMap (1 extensions) (1 enabled)
2025-01-28 23:41:24,045 INFO c.h.h.t.HelmChartContainer - [hivemq-test-hivemq-platform] [hivemq-platform-operator] [9e94c76f] 23:41:24.044 [pool-6-thread-7] DEBUG c.h.p.o.dependants.PodInfoConfigMap - [helmcust] Desired PodInfo ConfigMap (metrics port: 9399) (metrics path: /)
2025-01-28 23:41:24,045 INFO c.h.h.t.HelmChartContainer - [hivemq-test-hivemq-platform] [hivemq-platform-operator] [9e94c76f] 23:41:24.044 [pool-6-thread-7] DEBUG c.h.p.o.dependants.PodInfoConfigMap - [helmcust] Desired PodInfo ConfigMap (extension state hash: -1817474005)
2025-01-28 23:41:24,051 INFO c.h.h.t.HelmChartContainer - [hivemq-test-hivemq-platform] [hivemq-platform-operator] [9e94c76f] 23:41:24.045 [pool-6-thread-7] DEBUG c.h.p.o.dependants.PodInfoConfigMap - [helmcust] Update PodInfo ConfigMap
2025-01-28 23:41:24,051 INFO c.h.h.t.HelmChartContainer - [hivemq-test-hivemq-platform] [hivemq-platform-operator] [9e94c76f] 23:41:24.046 [pool-6-thread-6] DEBUG c.h.p.o.d.PodServiceAccountResource - [helmcust] Desired PodServiceAccountResource (serviceAccountName: hivemq-platform-pod-test-hivemq-platform)
2025-01-28 23:41:24,132 INFO c.h.h.t.HelmChartContainer - [hivemq-test-hivemq-platform] [hivemq-platform-operator] [9e94c76f] 23:41:24.131 [pool-6-thread-7] DEBUG c.h.p.o.d.StatefulSetResource - [helmcust] Desired StatefulSet (2 replicas) for status RUNNING (READY)
2025-01-28 23:41:24,135 INFO c.h.h.t.HelmChartContainer - [hivemq-test-hivemq-platform] [hivemq-platform-operator] [9e94c76f] 23:41:24.134 [ReconcilerExecutor-hivemq-controller-124] INFO  c.h.p.o.HiveMQPlatformReconciler - [helmcust] Reconciling HiveMQ Platform 'test-hivemq-platform' in namespace 'helmcustomconfigit'
2025-01-28 23:41:24,136 INFO c.h.h.t.HelmChartContainer - [hivemq-test-hivemq-platform] [hivemq-platform-operator] [9e94c76f] 23:41:24.134 [ReconcilerExecutor-hivemq-controller-124] DEBUG c.h.p.o.HiveMQPlatformReconciler - [helmcust] Custom Resource Status RUNNING - HiveMQ Platform is ready (READY)
2025-01-28 23:41:24,136 INFO c.h.h.t.HelmChartContainer - [hivemq-test-hivemq-platform] [hivemq-platform-operator] [9e94c76f] 23:41:24.135 [ReconcilerExecutor-hivemq-controller-124] DEBUG c.h.p.o.HiveMQPlatformReconciler - [helmcust] Custom Resource Spec (replicas: 2) (extensions: 1)
2025-01-28 23:41:24,137 INFO c.h.h.t.HelmChartContainer - [hivemq-test-hivemq-platform] [hivemq-platform-operator] [9e94c76f] 23:41:24.136 [ReconcilerExecutor-hivemq-controller-124] DEBUG c.h.p.o.HiveMQPlatformReconciler - [helmcust] StatefulSet Status (revision: test-hivemq-platform-7f5f89548, replicas: 2, available: 2, ready: 2, current: 2, updated: 2)
2025-01-28 23:41:24,137 INFO c.h.h.t.HelmChartContainer - [hivemq-test-hivemq-platform] [hivemq-platform-operator] [9e94c76f] 23:41:24.136 [ReconcilerExecutor-hivemq-controller-124] DEBUG c.h.p.o.HiveMQPlatformReconciler - [helmcust] StatefulSet Spec (replicas: 2, init containers: 1, containers: 1, volumes: 3)
2025-01-28 23:41:24,138 INFO c.h.h.t.HelmChartContainer - [hivemq-test-hivemq-platform] [hivemq-platform-operator] [9e94c76f] 23:41:24.137 [ReconcilerExecutor-hivemq-controller-124] DEBUG c.h.p.o.h.HiveMQPlatformReconcilerErrorHandler - [helmcust] Pod 'test-hivemq-platform-1' phase Running
2025-01-28 23:41:24,140 INFO c.h.h.t.HelmChartContainer - [hivemq-test-hivemq-platform] [hivemq-platform-operator] [9e94c76f] 23:41:24.139 [ReconcilerExecutor-hivemq-controller-124] DEBUG c.h.p.o.h.HiveMQPlatformReconcilerErrorHandler - [helmcust] Pod 'test-hivemq-platform-0' phase Running
2025-01-28 23:41:26,061 INFO c.h.h.t.HelmChartContainer - Uninstalling release 'test-hivemq-platform' in namespace 'helmcustomconfigit'...
2025-01-28 23:41:26,062 DEBUG c.h.h.t.HelmChartContainer - Executing helm command: /bin/helm --kubeconfig /etc/rancher/k3s/k3s.yaml uninstall test-hivemq-platform  --wait --timeout 5m0s --cascade foreground --namespace helmcustomconfigit
2025-01-28 23:41:26,246 INFO c.h.h.t.HelmChartContainer - [hivemq-test-hivemq-platform] [hivemq-platform-operator] [9e94c76f] 23:41:26.244 [pool-6-thread-12] DEBUG c.h.p.o.d.PlatformServiceResource - [helmcust] Desired Platform services (3 services)
2025-01-28 23:41:26,251 INFO c.h.h.t.HelmChartContainer - [hivemq-test-hivemq-platform] [hivemq-platform-operator] [9e94c76f] 23:41:26.247 [pool-6-thread-19] DEBUG c.h.p.o.dependants.PodInfoConfigMap - [helmcust] Desired PodInfo ConfigMap (1 extensions) (1 enabled)
2025-01-28 23:41:26,251 INFO c.h.h.t.HelmChartContainer - [hivemq-test-hivemq-platform] [hivemq-platform-operator] [9e94c76f] 23:41:26.247 [pool-6-thread-19] DEBUG c.h.p.o.dependants.PodInfoConfigMap - [helmcust] Desired PodInfo ConfigMap (metrics port: 9399) (metrics path: /)
2025-01-28 23:41:26,251 INFO c.h.h.t.HelmChartContainer - [hivemq-test-hivemq-platform] [hivemq-platform-operator] [9e94c76f] 23:41:26.247 [pool-6-thread-19] DEBUG c.h.p.o.dependants.PodInfoConfigMap - [helmcust] Desired PodInfo ConfigMap (extension state hash: -1817474005)
2025-01-28 23:41:26,251 INFO c.h.h.t.HelmChartContainer - [hivemq-test-hivemq-platform] [hivemq-platform-operator] [9e94c76f] 23:41:26.248 [pool-6-thread-15] DEBUG c.h.p.o.d.PodServiceAccountResource - [helmcust] Desired PodServiceAccountResource (serviceAccountName: hivemq-platform-pod-test-hivemq-platform)
2025-01-28 23:41:26,257 INFO c.h.h.t.HelmChartContainer - [hivemq-test-hivemq-platform] [hivemq-platform-operator] [9e94c76f] 23:41:26.251 [pool-6-thread-20] DEBUG c.h.p.o.d.StatefulSetResource - [helmcust] Desired StatefulSet (2 replicas) for status RUNNING (READY)
2025-01-28 23:41:26,258 INFO c.h.h.t.HelmChartContainer - [hivemq-test-hivemq-platform] [hivemq-platform-operator] [9e94c76f] 23:41:26.254 [ReconcilerExecutor-hivemq-controller-125] INFO  c.h.p.o.HiveMQPlatformReconciler - [helmcust] Reconciling HiveMQ Platform 'test-hivemq-platform' in namespace 'helmcustomconfigit'
2025-01-28 23:41:26,258 INFO c.h.h.t.HelmChartContainer - [hivemq-test-hivemq-platform] [hivemq-platform-operator] [9e94c76f] 23:41:26.255 [ReconcilerExecutor-hivemq-controller-125] DEBUG c.h.p.o.HiveMQPlatformReconciler - [helmcust] Custom Resource Status RUNNING - HiveMQ Platform is ready (READY)
2025-01-28 23:41:26,258 INFO c.h.h.t.HelmChartContainer - [hivemq-test-hivemq-platform] [hivemq-platform-operator] [9e94c76f] 23:41:26.255 [ReconcilerExecutor-hivemq-controller-125] DEBUG c.h.p.o.HiveMQPlatformReconciler - [helmcust] Custom Resource Spec (replicas: 2) (extensions: 1)
2025-01-28 23:41:26,263 INFO c.h.h.t.HelmChartContainer - [hivemq-test-hivemq-platform] [hivemq-platform-operator] [9e94c76f] 23:41:26.257 [ReconcilerExecutor-hivemq-controller-125] DEBUG c.h.p.o.HiveMQPlatformReconciler - [helmcust] StatefulSet Status (revision: test-hivemq-platform-7f5f89548, replicas: 2, available: 2, ready: 2, current: 2, updated: 2)
2025-01-28 23:41:26,263 INFO c.h.h.t.HelmChartContainer - [hivemq-test-hivemq-platform] [hivemq-platform-operator] [9e94c76f] 23:41:26.257 [ReconcilerExecutor-hivemq-controller-125] DEBUG c.h.p.o.HiveMQPlatformReconciler - [helmcust] StatefulSet Spec (replicas: 2, init containers: 1, containers: 1, volumes: 3)
2025-01-28 23:41:26,263 INFO c.h.h.t.HelmChartContainer - [hivemq-test-hivemq-platform] [hivemq-platform-operator] [9e94c76f] 23:41:26.258 [ReconcilerExecutor-hivemq-controller-125] DEBUG c.h.p.o.h.HiveMQPlatformReconcilerErrorHandler - [helmcust] Pod 'test-hivemq-platform-1' phase Running
2025-01-28 23:41:26,333 INFO c.h.h.t.HelmChartContainer - [hivemq-test-hivemq-platform] [hivemq-platform-operator] [9e94c76f] 23:41:26.332 [ReconcilerExecutor-hivemq-controller-125] DEBUG c.h.p.o.h.HiveMQPlatformReconcilerErrorHandler - [helmcust] Pod 'test-hivemq-platform-0' phase Running
2025-01-28 23:41:26,335 INFO c.h.h.t.HelmChartContainer - [hivemq-test-hivemq-platform] [hivemq-platform-operator] [9e94c76f] 23:41:26.333 [ReconcilerExecutor-hivemq-controller-125] DEBUG c.h.p.o.HiveMQPlatformReconciler - [helmcust] PodInfoConfigMap is not ready yet
2025-01-28 23:41:26,339 INFO c.h.h.t.HelmChartContainer - [hivemq-test-hivemq-platform] [hivemq-platform-operator] [9e94c76f] 23:41:26.337 [ReconcilerExecutor-hivemq-controller-130] INFO  c.h.p.o.HiveMQPlatformReconciler - [helmcust] Cleanup test-hivemq-platform - helmcustomconfigit HiveMQ Platform is shut down
2025-01-28 23:41:26,989 INFO c.h.h.t.HelmChartContainer - [K3S] [authentication.go:74] "Unable to authenticate the request" err="[invalid bearer token, serviceaccounts \"hivemq-platform-pod-test-hivemq-platform\" not found]"
2025-01-28 23:41:27,005 INFO c.h.h.t.HelmChartContainer - [K3S] [authentication.go:74] "Unable to authenticate the request" err="[invalid bearer token, serviceaccounts \"hivemq-platform-pod-test-hivemq-platform\" not found]"
2025-01-28 23:41:27,078 INFO c.h.h.t.HelmChartContainer - [POD] test-hivemq-platform-0 [f99430f2-7676-4776-be55-9ad3e04cb1bc] in helmcustomconfigit was MODIFIED
2025-01-28 23:41:27,082 INFO c.h.h.t.HelmChartContainer - [test-hivemq-platform] [hivemq] [f99430f2] WARN  - [HiveMQ Platform Operator Init App 1.7.0-SNAPSHOT] Could not update Pod annotations: Failure executing: GET at: https://10.43.0.1:443/api/v1/namespaces/helmcustomconfigit/pods/test-hivemq-platform-0. Message: Unauthorized. Received status: Status(apiVersion=v1, code=401, details=null, kind=Status, message=Unauthorized, metadata=ListMeta(_continue=null, remainingItemCount=null, resourceVersion=null, selfLink=null, additionalProperties={}), reason=Unauthorized, status=Failure, additionalProperties={}).
2025-01-28 23:41:27,085 INFO c.h.h.t.HelmChartContainer - [test-hivemq-platform] [hivemq] [f99430f2] INFO  - [HiveMQ Platform Operator Init App 1.7.0-SNAPSHOT] Shutting down
2025-01-28 23:41:27,085 INFO c.h.h.t.HelmChartContainer - [test-hivemq-platform] [hivemq] [f99430f2] INFO  - [HiveMQ Platform Operator Init App 1.7.0-SNAPSHOT] Stopping the HiveMQ Platform
2025-01-28 23:41:27,090 INFO c.h.h.t.HelmChartContainer - [EVENT] Normal [Killing] Stopping container hivemq [helmcustomconfigit:test-hivemq-platform-0]
2025-01-28 23:41:27,090 INFO c.h.h.t.HelmChartContainer - Received Killing event for container hivemq in pod test-hivemq-platform-0 [f99430f2-7676-4776-be55-9ad3e04cb1bc]
2025-01-28 23:41:27,090 INFO c.h.h.t.HelmChartContainer - Container [test-hivemq-platform-0] [hivemq] [f99430f2-7676-4776-be55-9ad3e04cb1bc] was terminated
2025-01-28 23:41:27,090 INFO c.h.h.t.HelmChartContainer - Stopped log watcher for hivemq in pod test-hivemq-platform-0 [f99430f2-7676-4776-be55-9ad3e04cb1bc]
2025-01-28 23:41:27,103 INFO c.h.h.t.HelmChartContainer - [POD] test-hivemq-platform-1 [3462688a-edf2-4e00-b085-f9c54a965c95] in helmcustomconfigit was MODIFIED
2025-01-28 23:41:27,108 INFO c.h.h.t.HelmChartContainer - [EVENT] Normal [Killing] Stopping container hivemq [helmcustomconfigit:test-hivemq-platform-1]
2025-01-28 23:41:27,109 INFO c.h.h.t.HelmChartContainer - Received Killing event for container hivemq in pod test-hivemq-platform-1 [3462688a-edf2-4e00-b085-f9c54a965c95]
2025-01-28 23:41:27,109 INFO c.h.h.t.HelmChartContainer - Container [test-hivemq-platform-1] [hivemq] [3462688a-edf2-4e00-b085-f9c54a965c95] was terminated
2025-01-28 23:41:27,109 INFO c.h.h.t.HelmChartContainer - Stopped log watcher for hivemq in pod test-hivemq-platform-1 [3462688a-edf2-4e00-b085-f9c54a965c95]
2025-01-28 23:41:27,117 INFO c.h.h.t.HelmChartContainer - [test-hivemq-platform] [hivemq] [3462688a] INFO  - [HiveMQ Platform Operator Init App 1.7.0-SNAPSHOT] Shutting down
2025-01-28 23:41:27,117 INFO c.h.h.t.HelmChartContainer - [test-hivemq-platform] [hivemq] [3462688a] INFO  - [HiveMQ Platform Operator Init App 1.7.0-SNAPSHOT] Stopping the HiveMQ Platform
2025-01-28 23:41:27,208 INFO c.h.h.t.HelmChartContainer - [test-hivemq-platform] [hivemq] [3462688a] INFO  - Shutting down HiveMQ. Please wait, this could take a while...
2025-01-28 23:41:27,211 INFO c.h.h.t.HelmChartContainer - [test-hivemq-platform] [hivemq] [3462688a] INFO  - Shutting down listeners and clients
2025-01-28 23:41:27,213 INFO c.h.h.t.HelmChartContainer - [test-hivemq-platform] [hivemq] [3462688a] INFO  - Shutdown of listeners is done
2025-01-28 23:41:27,213 INFO c.h.h.t.HelmChartContainer - [test-hivemq-platform] [hivemq] [3462688a] INFO  - No clients are connected, proceeding with shutdown
2025-01-28 23:41:27,266 INFO c.h.h.t.HelmChartContainer - [test-hivemq-platform] [hivemq] [f99430f2] INFO  - Shutting down HiveMQ. Please wait, this could take a while...
2025-01-28 23:41:27,270 INFO c.h.h.t.HelmChartContainer - [test-hivemq-platform] [hivemq] [f99430f2] INFO  - Shutting down listeners and clients
2025-01-28 23:41:27,271 INFO c.h.h.t.HelmChartContainer - [test-hivemq-platform] [hivemq] [f99430f2] INFO  - Shutdown of listeners is done
2025-01-28 23:41:27,272 INFO c.h.h.t.HelmChartContainer - [test-hivemq-platform] [hivemq] [f99430f2] INFO  - No clients are connected, proceeding with shutdown
2025-01-28 23:41:28,297 INFO c.h.h.t.HelmChartContainer - Deleting namespace 'helmcustomconfigit'...
2025-01-28 23:41:28,812 INFO c.h.h.t.HelmChartContainer - [test-hivemq-platform] [hivemq] [3462688a] INFO  - [HiveMQ Platform Operator Init App 1.7.0-SNAPSHOT] Returning shutdown Health API response 503 for readiness
2025-01-28 23:41:28,816 INFO c.h.h.t.HelmChartContainer - [EVENT] Warning [Unhealthy] Readiness probe failed: HTTP probe failed with statuscode: 503 [helmcustomconfigit:test-hivemq-platform-1]
2025-01-28 23:41:28,816 INFO c.h.h.t.HelmChartContainer - Received Unhealthy event for container hivemq in pod test-hivemq-platform-1 [3462688a-edf2-4e00-b085-f9c54a965c95]
2025-01-28 23:41:29,218 INFO c.h.h.t.HelmChartContainer - [K3S] [authentication.go:74] "Unable to authenticate the request" err="[invalid bearer token, serviceaccounts \"hivemq-platform-pod-test-hivemq-platform\" not found]"
2025-01-28 23:41:29,242 INFO c.h.h.t.HelmChartContainer - [K3S] [authentication.go:74] "Unable to authenticate the request" err="[invalid bearer token, serviceaccounts \"hivemq-platform-pod-test-hivemq-platform\" not found]"
2025-01-28 23:41:29,303 INFO c.h.h.t.HelmChartContainer - [test-hivemq-platform] [hivemq] [3462688a] WARN  - [HiveMQ Platform Operator Init App 1.7.0-SNAPSHOT] Could not update Pod annotations: Failure executing: GET at: https://10.43.0.1:443/api/v1/namespaces/helmcustomconfigit/pods/test-hivemq-platform-1. Message: Unauthorized. Received status: Status(apiVersion=v1, code=401, details=null, kind=Status, message=Unauthorized, metadata=ListMeta(_continue=null, remainingItemCount=null, resourceVersion=null, selfLink=null, additionalProperties={}), reason=Unauthorized, status=Failure, additionalProperties={}).
2025-01-28 23:41:30,575 INFO c.h.h.t.HelmChartContainer - [test-hivemq-platform] [hivemq] [f99430f2] INFO  - Shutting down extension system
2025-01-28 23:41:30,581 INFO c.h.h.t.HelmChartContainer - [test-hivemq-platform] [hivemq] [f99430f2] INFO  - Stopping extension with id hivemq-dns-cluster-discovery
2025-01-28 23:41:30,582 INFO c.h.h.t.HelmChartContainer - [test-hivemq-platform] [hivemq] [f99430f2] INFO  - Extension "DNS Cluster Discovery Extension" version 4.3.2 stopped successfully.
2025-01-28 23:41:30,582 INFO c.h.h.t.HelmChartContainer - [test-hivemq-platform] [hivemq] [f99430f2] INFO  - Stopping extension with id hivemq-prometheus-extension
2025-01-28 23:41:30,587 INFO c.h.h.t.HelmChartContainer - [test-hivemq-platform] [hivemq] [f99430f2] INFO  - Extension "Prometheus Monitoring Extension" version 4.0.12 stopped successfully.
2025-01-28 23:41:30,588 INFO c.h.h.t.HelmChartContainer - [test-hivemq-platform] [hivemq] [f99430f2] INFO  - Stopping extension with id hivemq-allow-all-extension
2025-01-28 23:41:30,588 INFO c.h.h.t.HelmChartContainer - [test-hivemq-platform] [hivemq] [f99430f2] INFO  - Extension "Allow All Extension" version 1.1.1 stopped successfully.
2025-01-28 23:41:30,592 INFO c.h.h.t.HelmChartContainer - [test-hivemq-platform] [hivemq] [3462688a] INFO  - Cluster nodes found by discovery: [pzY2q|2] (1) [pzY2q].
2025-01-28 23:41:30,598 INFO c.h.h.t.HelmChartContainer - [test-hivemq-platform] [hivemq] [3462688a] INFO  - Cluster size = 1, members : [pzY2q].
2025-01-28 23:41:31,080 INFO c.h.h.t.HelmChartContainer - [test-hivemq-platform] [hivemq] [3462688a] INFO  - Shutting down extension system
2025-01-28 23:41:31,082 INFO c.h.h.t.HelmChartContainer - [test-hivemq-platform] [hivemq] [3462688a] INFO  - Stopping extension with id hivemq-dns-cluster-discovery
2025-01-28 23:41:31,083 INFO c.h.h.t.HelmChartContainer - [test-hivemq-platform] [hivemq] [3462688a] INFO  - Extension "DNS Cluster Discovery Extension" version 4.3.2 stopped successfully.
2025-01-28 23:41:31,083 INFO c.h.h.t.HelmChartContainer - [test-hivemq-platform] [hivemq] [3462688a] INFO  - Stopping extension with id hivemq-prometheus-extension
2025-01-28 23:41:31,086 INFO c.h.h.t.HelmChartContainer - [test-hivemq-platform] [hivemq] [3462688a] INFO  - Extension "Prometheus Monitoring Extension" version 4.0.12 stopped successfully.
2025-01-28 23:41:31,086 INFO c.h.h.t.HelmChartContainer - [test-hivemq-platform] [hivemq] [3462688a] INFO  - Stopping extension with id hivemq-allow-all-extension
2025-01-28 23:41:31,087 INFO c.h.h.t.HelmChartContainer - [test-hivemq-platform] [hivemq] [3462688a] INFO  - Extension "Allow All Extension" version 1.1.1 stopped successfully.
2025-01-28 23:41:31,525 INFO c.h.h.t.HelmChartContainer - [test-hivemq-platform] [hivemq] [f99430f2] INFO  - [HiveMQ Platform Operator Init App 1.7.0-SNAPSHOT] Returning shutdown Health API response 503 for readiness
2025-01-28 23:41:31,528 INFO c.h.h.t.HelmChartContainer - [EVENT] Warning [Unhealthy] Readiness probe failed: HTTP probe failed with statuscode: 503 [helmcustomconfigit:test-hivemq-platform-0]
2025-01-28 23:41:31,529 INFO c.h.h.t.HelmChartContainer - Received Unhealthy event for container hivemq in pod test-hivemq-platform-0 [f99430f2-7676-4776-be55-9ad3e04cb1bc]
2025-01-28 23:41:32,075 INFO c.h.h.t.HelmChartContainer - [K3S] [authentication.go:74] "Unable to authenticate the request" err="[invalid bearer token, serviceaccounts \"hivemq-platform-pod-test-hivemq-platform\" not found]"
2025-01-28 23:41:32,086 INFO c.h.h.t.HelmChartContainer - [K3S] [authentication.go:74] "Unable to authenticate the request" err="[invalid bearer token, serviceaccounts \"hivemq-platform-pod-test-hivemq-platform\" not found]"
2025-01-28 23:41:32,088 INFO c.h.h.t.HelmChartContainer - [test-hivemq-platform] [hivemq] [f99430f2] WARN  - [HiveMQ Platform Operator Init App 1.7.0-SNAPSHOT] Could not update Pod annotations: Failure executing: GET at: https://10.43.0.1:443/api/v1/namespaces/helmcustomconfigit/pods/test-hivemq-platform-0. Message: Unauthorized. Received status: Status(apiVersion=v1, code=401, details=null, kind=Status, message=Unauthorized, metadata=ListMeta(_continue=null, remainingItemCount=null, resourceVersion=null, selfLink=null, additionalProperties={}), reason=Unauthorized, status=Failure, additionalProperties={}).
2025-01-28 23:41:32,873 INFO c.h.h.t.HelmChartContainer - [test-hivemq-platform] [hivemq] [f99430f2] INFO  - Shutdown completed.
2025-01-28 23:41:33,230 INFO c.h.h.t.HelmChartContainer - [test-hivemq-platform] [hivemq] [f99430f2] INFO  - [HiveMQ Platform Operator Init App 1.7.0-SNAPSHOT] The HiveMQ Platform exited with code 143
2025-01-28 23:41:33,230 INFO c.h.h.t.HelmChartContainer - [test-hivemq-platform] [hivemq] [f99430f2] INFO  - [HiveMQ Platform Operator Init App 1.7.0-SNAPSHOT] Stopping the REST API
2025-01-28 23:41:33,258 INFO c.h.h.t.HelmChartContainer - [test-hivemq-platform] [hivemq] [f99430f2] INFO  - [HiveMQ Platform Operator Init App 1.7.0-SNAPSHOT] Shutdown complete
2025-01-28 23:41:33,418 INFO c.h.h.t.HelmChartContainer - [test-hivemq-platform] [hivemq] [3462688a] INFO  - Shutdown completed.
2025-01-28 23:41:33,473 INFO c.h.h.t.HelmChartContainer - [K3S] [stateful_set.go:466] "StatefulSet has been deleted" key="helmcustomconfigit/test-hivemq-platform"
2025-01-28 23:41:33,718 INFO c.h.h.t.HelmChartContainer - [POD] test-hivemq-platform-0 [f99430f2-7676-4776-be55-9ad3e04cb1bc] in helmcustomconfigit was MODIFIED
2025-01-28 23:41:33,750 INFO c.h.h.t.HelmChartContainer - [K3S] [reconciler_common.go:162] "operationExecutor.UnmountVolume started for volume \"operator-init\" (UniqueName: \"kubernetes.io/empty-dir/f99430f2-7676-4776-be55-9ad3e04cb1bc-operator-init\") pod \"f99430f2-7676-4776-be55-9ad3e04cb1bc\" (UID: \"f99430f2-7676-4776-be55-9ad3e04cb1bc\") "
2025-01-28 23:41:33,750 INFO c.h.h.t.HelmChartContainer - [K3S] [reconciler_common.go:162] "operationExecutor.UnmountVolume started for volume \"broker-configuration\" (UniqueName: \"kubernetes.io/configmap/f99430f2-7676-4776-be55-9ad3e04cb1bc-broker-configuration\") pod \"f99430f2-7676-4776-be55-9ad3e04cb1bc\" (UID: \"f99430f2-7676-4776-be55-9ad3e04cb1bc\") "
2025-01-28 23:41:33,750 INFO c.h.h.t.HelmChartContainer - [K3S] [reconciler_common.go:162] "operationExecutor.UnmountVolume started for volume \"kube-api-access-dz6x8\" (UniqueName: \"kubernetes.io/projected/f99430f2-7676-4776-be55-9ad3e04cb1bc-kube-api-access-dz6x8\") pod \"f99430f2-7676-4776-be55-9ad3e04cb1bc\" (UID: \"f99430f2-7676-4776-be55-9ad3e04cb1bc\") "
2025-01-28 23:41:33,750 INFO c.h.h.t.HelmChartContainer - [K3S] [reconciler_common.go:162] "operationExecutor.UnmountVolume started for volume \"pod-info\" (UniqueName: \"kubernetes.io/configmap/f99430f2-7676-4776-be55-9ad3e04cb1bc-pod-info\") pod \"f99430f2-7676-4776-be55-9ad3e04cb1bc\" (UID: \"f99430f2-7676-4776-be55-9ad3e04cb1bc\") "
2025-01-28 23:41:33,760 INFO c.h.h.t.HelmChartContainer - [K3S] [scope.go:117] "RemoveContainer" containerID="cbb34cc9a55d990cd683b9249fadad27c46e22cf9554d7c81f02f7731f34c0c0"
2025-01-28 23:41:33,769 INFO c.h.h.t.HelmChartContainer - [test-hivemq-platform] [hivemq] [3462688a] INFO  - [HiveMQ Platform Operator Init App 1.7.0-SNAPSHOT] The HiveMQ Platform exited with code 143
2025-01-28 23:41:33,769 INFO c.h.h.t.HelmChartContainer - [test-hivemq-platform] [hivemq] [3462688a] INFO  - [HiveMQ Platform Operator Init App 1.7.0-SNAPSHOT] Stopping the REST API
2025-01-28 23:41:33,779 INFO c.h.h.t.HelmChartContainer - [POD] test-hivemq-platform-0 [f99430f2-7676-4776-be55-9ad3e04cb1bc] in helmcustomconfigit was MODIFIED
2025-01-28 23:41:33,783 INFO c.h.h.t.HelmChartContainer - [test-hivemq-platform] [hivemq] [3462688a] INFO  - [HiveMQ Platform Operator Init App 1.7.0-SNAPSHOT] Shutdown complete
2025-01-28 23:41:33,785 INFO c.h.h.t.HelmChartContainer - [POD] test-hivemq-platform-0 [f99430f2-7676-4776-be55-9ad3e04cb1bc] in helmcustomconfigit was DELETED
2025-01-28 23:41:33,850 INFO c.h.h.t.HelmChartContainer - [K3S] [reconciler_common.go:299] "Volume detached for volume \"pod-info\" (UniqueName: \"kubernetes.io/configmap/f99430f2-7676-4776-be55-9ad3e04cb1bc-pod-info\") on node \"349c386a830b\" DevicePath \"\""
2025-01-28 23:41:33,850 INFO c.h.h.t.HelmChartContainer - [K3S] [reconciler_common.go:299] "Volume detached for volume \"operator-init\" (UniqueName: \"kubernetes.io/empty-dir/f99430f2-7676-4776-be55-9ad3e04cb1bc-operator-init\") on node \"349c386a830b\" DevicePath \"\""
2025-01-28 23:41:33,850 INFO c.h.h.t.HelmChartContainer - [K3S] [reconciler_common.go:299] "Volume detached for volume \"broker-configuration\" (UniqueName: \"kubernetes.io/configmap/f99430f2-7676-4776-be55-9ad3e04cb1bc-broker-configuration\") on node \"349c386a830b\" DevicePath \"\""
2025-01-28 23:41:33,850 INFO c.h.h.t.HelmChartContainer - [K3S] [reconciler_common.go:299] "Volume detached for volume \"kube-api-access-dz6x8\" (UniqueName: \"kubernetes.io/projected/f99430f2-7676-4776-be55-9ad3e04cb1bc-kube-api-access-dz6x8\") on node \"349c386a830b\" DevicePath \"\""
2025-01-28 23:41:33,864 INFO c.h.h.t.HelmChartContainer - [K3S] [scope.go:117] "RemoveContainer" containerID="73c4ca2146a06dc2a8b3eeb604561fc66e8adfdfbef283143af0ff6ceabab10e"
2025-01-28 23:41:33,867 INFO c.h.h.t.HelmChartContainer - [K3S] [scope.go:117] "RemoveContainer" containerID="cbb34cc9a55d990cd683b9249fadad27c46e22cf9554d7c81f02f7731f34c0c0"
2025-01-28 23:41:33,868 INFO c.h.h.t.HelmChartContainer - [K3S] [scope.go:117] "RemoveContainer" containerID="73c4ca2146a06dc2a8b3eeb604561fc66e8adfdfbef283143af0ff6ceabab10e"
2025-01-28 23:41:34,046 INFO c.h.h.t.HelmChartContainer - [K3S] [kubelet_volumes.go:163] "Cleaned up orphaned pod volumes dir" podUID="f99430f2-7676-4776-be55-9ad3e04cb1bc" path="/var/lib/kubelet/pods/f99430f2-7676-4776-be55-9ad3e04cb1bc/volumes"
2025-01-28 23:41:34,213 INFO c.h.h.t.HelmChartContainer - [POD] test-hivemq-platform-1 [3462688a-edf2-4e00-b085-f9c54a965c95] in helmcustomconfigit was MODIFIED
2025-01-28 23:41:34,253 INFO c.h.h.t.HelmChartContainer - [K3S] [reconciler_common.go:162] "operationExecutor.UnmountVolume started for volume \"broker-configuration\" (UniqueName: \"kubernetes.io/configmap/3462688a-edf2-4e00-b085-f9c54a965c95-broker-configuration\") pod \"3462688a-edf2-4e00-b085-f9c54a965c95\" (UID: \"3462688a-edf2-4e00-b085-f9c54a965c95\") "
2025-01-28 23:41:34,253 INFO c.h.h.t.HelmChartContainer - [K3S] [reconciler_common.go:162] "operationExecutor.UnmountVolume started for volume \"operator-init\" (UniqueName: \"kubernetes.io/empty-dir/3462688a-edf2-4e00-b085-f9c54a965c95-operator-init\") pod \"3462688a-edf2-4e00-b085-f9c54a965c95\" (UID: \"3462688a-edf2-4e00-b085-f9c54a965c95\") "
2025-01-28 23:41:34,253 INFO c.h.h.t.HelmChartContainer - [K3S] [reconciler_common.go:162] "operationExecutor.UnmountVolume started for volume \"pod-info\" (UniqueName: \"kubernetes.io/configmap/3462688a-edf2-4e00-b085-f9c54a965c95-pod-info\") pod \"3462688a-edf2-4e00-b085-f9c54a965c95\" (UID: \"3462688a-edf2-4e00-b085-f9c54a965c95\") "
2025-01-28 23:41:34,253 INFO c.h.h.t.HelmChartContainer - [K3S] [reconciler_common.go:162] "operationExecutor.UnmountVolume started for volume \"kube-api-access-pbkfm\" (UniqueName: \"kubernetes.io/projected/3462688a-edf2-4e00-b085-f9c54a965c95-kube-api-access-pbkfm\") pod \"3462688a-edf2-4e00-b085-f9c54a965c95\" (UID: \"3462688a-edf2-4e00-b085-f9c54a965c95\") "
2025-01-28 23:41:34,354 INFO c.h.h.t.HelmChartContainer - [K3S] [reconciler_common.go:299] "Volume detached for volume \"kube-api-access-pbkfm\" (UniqueName: \"kubernetes.io/projected/3462688a-edf2-4e00-b085-f9c54a965c95-kube-api-access-pbkfm\") on node \"349c386a830b\" DevicePath \"\""
2025-01-28 23:41:34,354 INFO c.h.h.t.HelmChartContainer - [K3S] [reconciler_common.go:299] "Volume detached for volume \"broker-configuration\" (UniqueName: \"kubernetes.io/configmap/3462688a-edf2-4e00-b085-f9c54a965c95-broker-configuration\") on node \"349c386a830b\" DevicePath \"\""
2025-01-28 23:41:34,354 INFO c.h.h.t.HelmChartContainer - [K3S] [reconciler_common.go:299] "Volume detached for volume \"pod-info\" (UniqueName: \"kubernetes.io/configmap/3462688a-edf2-4e00-b085-f9c54a965c95-pod-info\") on node \"349c386a830b\" DevicePath \"\""
2025-01-28 23:41:34,354 INFO c.h.h.t.HelmChartContainer - [K3S] [reconciler_common.go:299] "Volume detached for volume \"operator-init\" (UniqueName: \"kubernetes.io/empty-dir/3462688a-edf2-4e00-b085-f9c54a965c95-operator-init\") on node \"349c386a830b\" DevicePath \"\""
2025-01-28 23:41:34,763 INFO c.h.h.t.HelmChartContainer - [K3S] [scope.go:117] "RemoveContainer" containerID="df1ddbff3f98b488c5374241797f1113d7b1bb31b2d73cb33dd9225476e61833"
2025-01-28 23:41:34,776 INFO c.h.h.t.HelmChartContainer - [POD] test-hivemq-platform-1 [3462688a-edf2-4e00-b085-f9c54a965c95] in helmcustomconfigit was MODIFIED
2025-01-28 23:41:34,781 INFO c.h.h.t.HelmChartContainer - [POD] test-hivemq-platform-1 [3462688a-edf2-4e00-b085-f9c54a965c95] in helmcustomconfigit was DELETED
2025-01-28 23:41:34,861 INFO c.h.h.t.HelmChartContainer - [K3S] [scope.go:117] "RemoveContainer" containerID="cb84a557ddfeccf31ac4697af333ec2c739f68744ce6ab5c21ddc276ac50c2e0"
2025-01-28 23:41:34,863 INFO c.h.h.t.HelmChartContainer - [K3S] [scope.go:117] "RemoveContainer" containerID="df1ddbff3f98b488c5374241797f1113d7b1bb31b2d73cb33dd9225476e61833"
2025-01-28 23:41:34,864 INFO c.h.h.t.HelmChartContainer - [K3S] [scope.go:117] "RemoveContainer" containerID="cb84a557ddfeccf31ac4697af333ec2c739f68744ce6ab5c21ddc276ac50c2e0"
2025-01-28 23:41:36,047 INFO c.h.h.t.HelmChartContainer - [K3S] [kubelet_volumes.go:163] "Cleaned up orphaned pod volumes dir" podUID="3462688a-edf2-4e00-b085-f9c54a965c95" path="/var/lib/kubelet/pods/3462688a-edf2-4e00-b085-f9c54a965c95/volumes"
2025-01-28 23:41:38,623 INFO c.h.h.t.HelmChartContainer - Namespace 'helmcustomconfigit' deleted
2025-01-28 23:41:38,623 INFO c.h.h.t.HelmChartContainer - Release 'test-hivemq-platform' in namespace 'helmcustomconfigit' is uninstalled
2025-01-28 23:41:38,623 INFO c.h.h.t.HelmChartContainer - Uninstalling release 'test-hivemq-platform-operator' in namespace 'helmcustomconfigit-operator'...
2025-01-28 23:41:38,623 DEBUG c.h.h.t.HelmChartContainer - Executing helm command: /bin/helm --kubeconfig /etc/rancher/k3s/k3s.yaml uninstall test-hivemq-platform-operator  --wait --timeout 5m0s --cascade foreground --namespace helmcustomconfigit-operator
2025-01-28 23:41:38,787 INFO c.h.h.t.HelmChartContainer - [K3S] [replica_set.go:679] "Finished syncing" kind="ReplicaSet" key="helmcustomconfigit-operator/hivemq-test-hivemq-platform-operator-6966f96d65" duration="19.493004ms"
2025-01-28 23:41:38,789 INFO c.h.h.t.HelmChartContainer - [K3S] [replica_set.go:679] "Finished syncing" kind="ReplicaSet" key="helmcustomconfigit-operator/hivemq-test-hivemq-platform-operator-6966f96d65" duration="37.489µs"
2025-01-28 23:41:38,794 INFO c.h.h.t.HelmChartContainer - [POD] hivemq-test-hivemq-platform-operator-6966f96d65-82rb8 [9e94c76f-d008-4455-b017-ca548e11ab9f] in helmcustomconfigit-operator was MODIFIED
2025-01-28 23:41:38,806 INFO c.h.h.t.HelmChartContainer - [EVENT] Normal [Killing] Stopping container hivemq-platform-operator [helmcustomconfigit-operator:hivemq-test-hivemq-platform-operator-6966f96d65-82rb8]
2025-01-28 23:41:38,806 INFO c.h.h.t.HelmChartContainer - Received Killing event for container hivemq-platform-operator in pod hivemq-test-hivemq-platform-operator-6966f96d65-82rb8 [9e94c76f-d008-4455-b017-ca548e11ab9f]
2025-01-28 23:41:38,806 INFO c.h.h.t.HelmChartContainer - Container [hivemq-test-hivemq-platform-operator-6966f96d65-82rb8] [hivemq-platform-operator] [9e94c76f-d008-4455-b017-ca548e11ab9f] was terminated
2025-01-28 23:41:38,806 INFO c.h.h.t.HelmChartContainer - Stopped log watcher for hivemq-platform-operator in pod hivemq-test-hivemq-platform-operator-6966f96d65-82rb8 [9e94c76f-d008-4455-b017-ca548e11ab9f]
2025-01-28 23:41:38,807 INFO c.h.h.t.HelmChartContainer - [K3S] [replica_set.go:679] "Finished syncing" kind="ReplicaSet" key="helmcustomconfigit-operator/hivemq-test-hivemq-platform-operator-6966f96d65" duration="11.720784ms"
2025-01-28 23:41:38,807 INFO c.h.h.t.HelmChartContainer - [K3S] [replica_set.go:679] "Finished syncing" kind="ReplicaSet" key="helmcustomconfigit-operator/hivemq-test-hivemq-platform-operator-6966f96d65" duration="33.792µs"
2025-01-28 23:41:38,812 INFO c.h.h.t.HelmChartContainer - [hivemq-test-hivemq-platform] [hivemq-platform-operator] [9e94c76f] 23:41:38.810 [application-shutdown-thread] INFO  c.h.p.o.HiveMQPlatformOperatorApplication - HiveMQ Platform Operator is stopping...
2025-01-28 23:41:38,812 INFO c.h.h.t.HelmChartContainer - [hivemq-test-hivemq-platform] [hivemq-platform-operator] [9e94c76f] 23:41:38.811 [application-shutdown-thread] INFO  i.javaoperatorsdk.operator.Operator - Operator SDK 4.9.7 is shutting down...
2025-01-28 23:41:39,310 INFO c.h.h.t.HelmChartContainer - [K3S] [replica_set.go:679] "Finished syncing" kind="ReplicaSet" key="helmcustomconfigit-operator/hivemq-test-hivemq-platform-operator-6966f96d65" duration="40.144µs"
2025-01-28 23:41:39,311 INFO c.h.h.t.HelmChartContainer - [POD] hivemq-test-hivemq-platform-operator-6966f96d65-82rb8 [9e94c76f-d008-4455-b017-ca548e11ab9f] in helmcustomconfigit-operator was MODIFIED
2025-01-28 23:41:39,377 INFO c.h.h.t.HelmChartContainer - [K3S] [reconciler_common.go:162] "operationExecutor.UnmountVolume started for volume \"kube-api-access-rdlxj\" (UniqueName: \"kubernetes.io/projected/9e94c76f-d008-4455-b017-ca548e11ab9f-kube-api-access-rdlxj\") pod \"9e94c76f-d008-4455-b017-ca548e11ab9f\" (UID: \"9e94c76f-d008-4455-b017-ca548e11ab9f\") "
2025-01-28 23:41:39,478 INFO c.h.h.t.HelmChartContainer - [K3S] [reconciler_common.go:299] "Volume detached for volume \"kube-api-access-rdlxj\" (UniqueName: \"kubernetes.io/projected/9e94c76f-d008-4455-b017-ca548e11ab9f-kube-api-access-rdlxj\") on node \"349c386a830b\" DevicePath \"\""
2025-01-28 23:41:39,772 INFO c.h.h.t.HelmChartContainer - [K3S] [scope.go:117] "RemoveContainer" containerID="0a794f37e5d230d3ee9544071641230757949b04334a5412ec095a5837e42cdb"
2025-01-28 23:41:39,776 INFO c.h.h.t.HelmChartContainer - [K3S] [scope.go:117] "RemoveContainer" containerID="0a794f37e5d230d3ee9544071641230757949b04334a5412ec095a5837e42cdb"
2025-01-28 23:41:39,784 INFO c.h.h.t.HelmChartContainer - [K3S] [replica_set.go:679] "Finished syncing" kind="ReplicaSet" key="helmcustomconfigit-operator/hivemq-test-hivemq-platform-operator-6966f96d65" duration="38.231µs"
2025-01-28 23:41:39,784 INFO c.h.h.t.HelmChartContainer - [POD] hivemq-test-hivemq-platform-operator-6966f96d65-82rb8 [9e94c76f-d008-4455-b017-ca548e11ab9f] in helmcustomconfigit-operator was MODIFIED
2025-01-28 23:41:39,786 INFO c.h.h.t.HelmChartContainer - [POD] hivemq-test-hivemq-platform-operator-6966f96d65-82rb8 [9e94c76f-d008-4455-b017-ca548e11ab9f] in helmcustomconfigit-operator was DELETED
2025-01-28 23:41:39,786 INFO c.h.h.t.HelmChartContainer - [K3S] [replica_set.go:679] "Finished syncing" kind="ReplicaSet" key="helmcustomconfigit-operator/hivemq-test-hivemq-platform-operator-6966f96d65" duration="25.777µs"
2025-01-28 23:41:39,795 INFO c.h.h.t.HelmChartContainer - [K3S] [replica_set.go:679] "Finished syncing" kind="ReplicaSet" key="helmcustomconfigit-operator/hivemq-test-hivemq-platform-operator-6966f96d65" duration="6.221µs"
2025-01-28 23:41:40,047 INFO c.h.h.t.HelmChartContainer - [K3S] [kubelet_volumes.go:163] "Cleaned up orphaned pod volumes dir" podUID="9e94c76f-d008-4455-b017-ca548e11ab9f" path="/var/lib/kubelet/pods/9e94c76f-d008-4455-b017-ca548e11ab9f/volumes"
2025-01-28 23:41:40,819 INFO c.h.h.t.HelmChartContainer - Deleting namespace 'helmcustomconfigit-operator'...
2025-01-28 23:41:43,581 INFO c.h.h.t.HelmChartContainer - [K3S] [namespace_controller.go:187] "Namespace has been deleted" namespace="helmcustomconfigit"
2025-01-28 23:41:46,033 INFO c.h.h.t.HelmChartContainer - Namespace 'helmcustomconfigit-operator' deleted
2025-01-28 23:41:46,033 INFO c.h.h.t.HelmChartContainer - Release 'test-hivemq-platform-operator' in namespace 'helmcustomconfigit-operator' is uninstalled
2025-01-28 23:41:46,731 INFO c.h.helmcharts.AbstractHelmChartIT - Removed unused containers:

2025-01-28 23:41:50,941 INFO c.h.h.t.HelmChartContainer - [K3S] [namespace_controller.go:187] "Namespace has been deleted" namespace="helmcustomconfigit-operator"
2025-01-28 23:41:54,060 INFO c.h.helmcharts.AbstractHelmChartIT - Removed unused snapshots:
Removing snapshot sha256:03af251906410714c5aef9fa705b63f6bbc39c4a5e787de7361eeb18886c2ed2
Removing snapshot sha256:0c46b3b43cce082ce5ec34ffc6c294e0417d17b9d1e6f366d114b6aadc4f96dc
Removing snapshot sha256:0ce761beee59082d6ed5bcebd3a805b8ddd9b3426b617e4809e7fb7c6587ffec
Removing snapshot sha256:0df91287303208332c8ff6ba40ae4710105201739addbfbddfb955f1ad593664
Removing snapshot sha256:1021ef88c7974bfff89c5a0ec4fd3160daac6c48a075f74cff721f85dd104e68
Removing snapshot sha256:10aba4953ddc18145dd38e3704709bc464aa20af60b56fe52caaff4b68411e62
Removing snapshot sha256:228bae71e5aaa78fd684ca62109392ed113e4f9a26ca17fd6cd3fd3a0be616b0
Removing snapshot sha256:362a8a37f8bbc31925a8146adcf7cf51f9882f5c1dcbef67c5baa03a297543c0
Removing snapshot sha256:43a7c979bbaba6838bc3102d6b10a1459f3ab050b87ccdfef84ef90cf43d3058
Removing snapshot sha256:4ab04491cdf0d3267f08206fe30bd48f49f94b9cab2f016d6739220f722a64af
Removing snapshot sha256:4b6068250e89c96f263060261819c7d912855bfbd64b3eb4c4a8483299b8c295
Removing snapshot sha256:580e69a0a8034ede1921139bbd2bfb72a69ebf276d008281896c32dd8bf74775
Removing snapshot sha256:5d30ba46b27fe37484567ccc5242cadc78217b8da605f3f195ef25cbf7487904
Removing snapshot sha256:63ca1fbb43ae5034640e5e6cb3e083e05c290072c5366fcaa9d62435a4cced85
Removing snapshot sha256:67f702c6baae873bceb19487c8b1f27bd2b86077e4f2f0e480e6d60ab508b8f5
Removing snapshot sha256:6864348dd42806d552efdec384f1274be15e2d0c10ce44c1f04347af004c10a9
Removing snapshot sha256:6c7dee8f2c39b84b7dc2711c01d33de93514d9055499173e9290176fbe484b6c
Removing snapshot sha256:7155fa4486bdce32759c33b5b6bc72be82aaa2380bb09b479bfc2ccfb04ed1a1
Removing snapshot sha256:82753493a6d61ded36556292f02f31841a14c20d2f279f19eaad65afb661d5cd
Removing snapshot sha256:8a10d3db42c505ee0fcfa98417bdd7e39b304f6bcc0a06bb1b220797ff2cc63c
Removing snapshot sha256:a21e5b12dbac529ad45d976eb9ce45c881f3bedcc500fb30aba1e52aa1813418
Removing snapshot sha256:b921e6c28969094157f9b8e7244677780319637afd14450b7cb6b2fdea558a0c
Removing snapshot sha256:bc27ecb5769a00e309cf99ebc763c4a4b958b618d1decc96ffac5bc05f02f5b7
Removing snapshot sha256:be3ccb6627a5332e309d45ef461d09b4879dd870c7394d89323d0ebc6ca6aa8a
Removing snapshot sha256:c261f7cbbc64211ee175ee47273acdb7b1a36a4450b397a064a8f2c026490095
Removing snapshot sha256:c34d9393647eea0c9e3557ab988efaf59f61d10a2a5613b439ef0958cca5ec10
Removing snapshot sha256:ccf3c4a0fa967a41c1c83497a2ce6fa5787965859df0adb32c4ca2cf7490bc2b
Removing snapshot sha256:cf92d33f869417309692088c341cd0f223c178ea78a125f757317b22aa8f90e9
Removing snapshot sha256:d0037344cf2fb078884f1849f6a1f8cf9a33a3b6139b6a85833e5ee528e1f9a8
Removing snapshot sha256:d3b36d5b79273b1e98e7700470eaeff05a882e777124d84cebcc1505b85ecb36
Removing snapshot sha256:d65a44a37914602d12c611e5e22a50f11451d847e63015cc1c2aef92dee777a4
Removing snapshot sha256:e2dc0bae2455930f23ae570e019b7f32edc75c0f2d71cab084db837ff9051796
Removing snapshot sha256:eccbd24a99c60cd9e86ee5305dbfc4a4dc89f5ab4fb1f06c8d64797cecedef34
Removing snapshot sha256:f144bb4c7c7f0d2aa7eeffd36d934ec40db1ee167be727e326aad9fdc616f475

]]></system-out>
  </testcase>
  <system-out><![CDATA[2025-01-28 23:33:04,337 INFO c.h.h.t.HelmChartContainerExtension - Using cached HelmChartContainer instance
2025-01-28 23:33:04,342 INFO c.h.h.t.HelmChartContainerExtension - Creating cached HelmChartContainer instance
2025-01-28 23:33:04,362 INFO o.testcontainers.DockerClientFactory - Testcontainers version: 1.20.4
2025-01-28 23:33:04,788 INFO o.t.d.DockerClientProviderStrategy - Found Docker environment with local Unix socket (unix:///var/run/docker.sock)
2025-01-28 23:33:04,799 INFO o.testcontainers.DockerClientFactory - Docker host IP address is localhost
2025-01-28 23:33:04,814 INFO o.testcontainers.DockerClientFactory - Connected to docker: 
  Server Version: 26.1.3
  API Version: 1.45
  Operating System: Ubuntu 24.04.1 LTS
  Total Memory: 15990 MB
2025-01-28 23:33:04,821 INFO o.testcontainers.images.PullPolicy - Image pull policy will be performed by: DefaultPullPolicy()
2025-01-28 23:33:04,824 INFO o.t.utility.ImageNameSubstitutor - Image name substitution will be performed by: DefaultImageNameSubstitutor (composite of 'ConfigurationFileImageNameSubstitutor' and 'PrefixingImageNameSubstitutor')
2025-01-28 23:33:04,851 INFO tc.testcontainers/ryuk:0.11.0 - Pulling docker image: testcontainers/ryuk:0.11.0. Please be patient; this may take some time but only needs to be done once.
2025-01-28 23:33:05,850 INFO tc.testcontainers/ryuk:0.11.0 - Starting to pull image
2025-01-28 23:33:05,878 INFO tc.testcontainers/ryuk:0.11.0 - Pulling image layers:  0 pending,  0 downloaded,  0 extracted, (0 bytes/0 bytes)
2025-01-28 23:33:06,368 INFO tc.testcontainers/ryuk:0.11.0 - Pulling image layers:  2 pending,  1 downloaded,  0 extracted, (8 KB/? MB)
2025-01-28 23:33:06,425 INFO tc.testcontainers/ryuk:0.11.0 - Pulling image layers:  1 pending,  2 downloaded,  0 extracted, (3 MB/? MB)
2025-01-28 23:33:06,451 INFO tc.testcontainers/ryuk:0.11.0 - Pulling image layers:  0 pending,  3 downloaded,  0 extracted, (3 MB/10 MB)
2025-01-28 23:33:06,526 INFO tc.testcontainers/ryuk:0.11.0 - Pulling image layers:  0 pending,  3 downloaded,  1 extracted, (3 MB/10 MB)
2025-01-28 23:33:06,746 INFO tc.testcontainers/ryuk:0.11.0 - Pulling image layers:  0 pending,  3 downloaded,  2 extracted, (4 MB/10 MB)
2025-01-28 23:33:06,792 INFO tc.testcontainers/ryuk:0.11.0 - Pulling image layers:  0 pending,  3 downloaded,  3 extracted, (10 MB/10 MB)
2025-01-28 23:33:06,804 INFO tc.testcontainers/ryuk:0.11.0 - Image testcontainers/ryuk:0.11.0 pull took PT1.952308525S
2025-01-28 23:33:06,825 INFO tc.testcontainers/ryuk:0.11.0 - Creating container for image: testcontainers/ryuk:0.11.0
2025-01-28 23:33:06,883 INFO tc.testcontainers/ryuk:0.11.0 - Container testcontainers/ryuk:0.11.0 is starting: 290b0e302f9874b2abfd364d8bea7bfaa69a84b6e99fff5cb335324d90e91562
2025-01-28 23:33:07,301 INFO tc.testcontainers/ryuk:0.11.0 - Container testcontainers/ryuk:0.11.0 started in PT0.475598224S
2025-01-28 23:33:07,304 INFO o.t.utility.RyukResourceReaper - Ryuk started - will monitor and terminate Testcontainers containers on JVM exit
2025-01-28 23:33:07,305 INFO o.testcontainers.DockerClientFactory - Checking the system...
2025-01-28 23:33:07,305 INFO o.testcontainers.DockerClientFactory - ✔︎ Docker server version should be at least 1.6.0
2025-01-28 23:33:07,366 INFO o.t.i.builder.ImageFromDockerfile - Pre-emptively checking local images for 'ubuntu:noble-20241118.1@sha256:80dd3c3b9c6cecb9f1667e9290b3bc61b78c2678c02cbdae5f0fea92cc6734ab', referenced via a Dockerfile. If not available, it will be pulled.
2025-01-28 23:33:07,369 INFO t.u.1@sha256:80dd3c... - Pulling docker image: ubuntu:noble-20241118.1@sha256:80dd3c3b9c6cecb9f1667e9290b3bc61b78c2678c02cbdae5f0fea92cc6734ab. Please be patient; this may take some time but only needs to be done once.
2025-01-28 23:33:08,055 INFO t.u.1@sha256:80dd3c... - Starting to pull image
2025-01-28 23:33:08,056 INFO t.u.1@sha256:80dd3c... - Pulling image layers:  0 pending,  0 downloaded,  0 extracted, (0 bytes/0 bytes)
2025-01-28 23:33:08,698 INFO t.u.1@sha256:80dd3c... - Pulling image layers:  0 pending,  1 downloaded,  0 extracted, (22 MB/28 MB)
2025-01-28 23:33:09,610 INFO t.u.1@sha256:80dd3c... - Pulling image layers:  0 pending,  1 downloaded,  1 extracted, (28 MB/28 MB)
2025-01-28 23:33:09,615 INFO t.u.1@sha256:80dd3c... - Pull complete. 1 layers, pulled in 1s (downloaded 28 MB at 28 MB/s)
2025-01-28 23:33:09,615 INFO t.u.1@sha256:80dd3c... - Image ubuntu:noble-20241118.1@sha256:80dd3c3b9c6cecb9f1667e9290b3bc61b78c2678c02cbdae5f0fea92cc6734ab pull took PT2.246188342S
2025-01-28 23:33:09,617 INFO o.t.i.builder.ImageFromDockerfile - Pre-emptively checking local images for 'rancher/k3s:v1.32.1-k3s1', referenced via a Dockerfile. If not available, it will be pulled.
2025-01-28 23:33:09,619 INFO tc.rancher/k3s:v1.32.1-k3s1 - Pulling docker image: rancher/k3s:v1.32.1-k3s1. Please be patient; this may take some time but only needs to be done once.
2025-01-28 23:33:10,597 INFO tc.rancher/k3s:v1.32.1-k3s1 - Starting to pull image
2025-01-28 23:33:10,597 INFO tc.rancher/k3s:v1.32.1-k3s1 - Pulling image layers:  0 pending,  0 downloaded,  0 extracted, (0 bytes/0 bytes)
2025-01-28 23:33:11,489 INFO tc.rancher/k3s:v1.32.1-k3s1 - Pulling image layers:  0 pending,  1 downloaded,  0 extracted, (57 MB/71 MB)
2025-01-28 23:33:12,529 INFO tc.rancher/k3s:v1.32.1-k3s1 - Pulling image layers:  0 pending,  1 downloaded,  1 extracted, (71 MB/71 MB)
2025-01-28 23:33:12,535 INFO tc.rancher/k3s:v1.32.1-k3s1 - Image rancher/k3s:v1.32.1-k3s1 pull took PT2.916003662S
2025-01-28 23:33:12,535 INFO tc.rancher/k3s:v1.32.1-k3s1 - Pull complete. 1 layers, pulled in 1s (downloaded 71 MB at 71 MB/s)
2025-01-28 23:33:12,540 INFO o.t.i.builder.ImageFromDockerfile - Transferred 0 bytes to Docker daemon
2025-01-28 23:33:28,018 INFO c.h.h.t.HelmChartContainer - Starting HelmChartContainer...
2025-01-28 23:33:28,020 INFO t.localhost/testcontainers/95ihzn77newyyf3s:latest - Creating container for image: localhost/testcontainers/95ihzn77newyyf3s:latest
2025-01-28 23:33:28,083 INFO tc.alpine:3.17 - Pulling docker image: alpine:3.17. Please be patient; this may take some time but only needs to be done once.
2025-01-28 23:33:29,048 INFO tc.alpine:3.17 - Starting to pull image
2025-01-28 23:33:29,049 INFO tc.alpine:3.17 - Pulling image layers:  0 pending,  0 downloaded,  0 extracted, (0 bytes/0 bytes)
2025-01-28 23:33:29,573 INFO tc.alpine:3.17 - Pulling image layers:  0 pending,  1 downloaded,  0 extracted, (3 MB/3 MB)
2025-01-28 23:33:29,668 INFO tc.alpine:3.17 - Pulling image layers:  0 pending,  1 downloaded,  1 extracted, (3 MB/3 MB)
2025-01-28 23:33:29,675 INFO tc.alpine:3.17 - Image alpine:3.17 pull took PT1.591964619S
2025-01-28 23:33:30,214 INFO t.localhost/testcontainers/95ihzn77newyyf3s:latest - Container localhost/testcontainers/95ihzn77newyyf3s:latest is starting: 349c386a830bace44a5c786b2cd1e821cf2325d5809faa2aa170c7a540f3102c
2025-01-28 23:33:30,573 INFO c.h.h.t.HelmChartContainer - [K3S] [INFO] Starting k3s v1.32.1+k3s1 (6a322f12)
2025-01-28 23:33:30,575 INFO c.h.h.t.HelmChartContainer - [K3S] [INFO] Configuring sqlite3 database connection pooling: maxIdleConns=2, maxOpenConns=0, connMaxLifetime=0s
2025-01-28 23:33:30,576 INFO c.h.h.t.HelmChartContainer - [K3S] [INFO] Configuring database table schema and indexes, this may take a moment...
2025-01-28 23:33:30,582 INFO c.h.h.t.HelmChartContainer - [K3S] [INFO] Database tables and indexes are up to date
2025-01-28 23:33:30,584 INFO c.h.h.t.HelmChartContainer - [K3S] [INFO] Kine available at unix://kine.sock
2025-01-28 23:33:30,676 INFO c.h.h.t.HelmChartContainer - [K3S] [INFO] Saving cluster bootstrap data to datastore
2025-01-28 23:33:30,677 INFO c.h.h.t.HelmChartContainer - [K3S] [WARNING] dynamiclistener [::]:6443: no cached certificate available for preload - deferring certificate load until storage initialization or first client request
2025-01-28 23:33:30,678 INFO c.h.h.t.HelmChartContainer - [K3S] [INFO] Active TLS secret / (ver=) (count 10): map[listener.cattle.io/cn-10.43.0.1:10.43.0.1 listener.cattle.io/cn-127.0.0.1:127.0.0.1 listener.cattle.io/cn-172.18.0.2:172.18.0.2 listener.cattle.io/cn-349c386a830b:349c386a830b listener.cattle.io/cn-__1-f16284:::1 listener.cattle.io/cn-kubernetes:kubernetes listener.cattle.io/cn-kubernetes.default:kubernetes.default listener.cattle.io/cn-kubernetes.default.svc:kubernetes.default.svc listener.cattle.io/cn-kubernetes.default.svc.cluster.local:kubernetes.default.svc.cluster.local listener.cattle.io/cn-localhost:localhost listener.cattle.io/fingerprint:SHA1=D99200B2017CBA3FCB2E62490706DC41AAC759B0]
2025-01-28 23:33:30,839 INFO c.h.h.t.HelmChartContainer - [K3S] [INFO] Running kube-apiserver --advertise-port=6443 --allow-privileged=true --anonymous-auth=false --api-audiences=https://kubernetes.default.svc.cluster.local,k3s --authorization-mode=Node,RBAC --bind-address=127.0.0.1 --cert-dir=/var/lib/rancher/k3s/server/tls/temporary-certs --client-ca-file=/var/lib/rancher/k3s/server/tls/client-ca.crt --egress-selector-config-file=/var/lib/rancher/k3s/server/etc/egress-selector-config.yaml --enable-admission-plugins=NodeRestriction --enable-aggregator-routing=true --enable-bootstrap-token-auth=true --etcd-compaction-interval=0s --etcd-servers=unix://kine.sock --kubelet-certificate-authority=/var/lib/rancher/k3s/server/tls/server-ca.crt --kubelet-client-certificate=/var/lib/rancher/k3s/server/tls/client-kube-apiserver.crt --kubelet-client-key=/var/lib/rancher/k3s/server/tls/client-kube-apiserver.key --kubelet-preferred-address-types=InternalIP,ExternalIP,Hostname --profiling=false --proxy-client-cert-file=/var/lib/rancher/k3s/server/tls/client-auth-proxy.crt --proxy-client-key-file=/var/lib/rancher/k3s/server/tls/client-auth-proxy.key --requestheader-allowed-names=system:auth-proxy --requestheader-client-ca-file=/var/lib/rancher/k3s/server/tls/request-header-ca.crt --requestheader-extra-headers-prefix=X-Remote-Extra- --requestheader-group-headers=X-Remote-Group --requestheader-username-headers=X-Remote-User --secure-port=6444 --service-account-issuer=https://kubernetes.default.svc.cluster.local --service-account-key-file=/var/lib/rancher/k3s/server/tls/service.key --service-account-signing-key-file=/var/lib/rancher/k3s/server/tls/service.current.key --service-cluster-ip-range=10.43.0.0/16 --service-node-port-range=30000-32767 --storage-backend=etcd3 --tls-cert-file=/var/lib/rancher/k3s/server/tls/serving-kube-apiserver.crt --tls-cipher-suites=TLS_ECDHE_ECDSA_WITH_AES_256_GCM_SHA384,TLS_ECDHE_RSA_WITH_AES_256_GCM_SHA384,TLS_ECDHE_ECDSA_WITH_AES_128_GCM_SHA256,TLS_ECDHE_RSA_WITH_AES_128_GCM_SHA256,TLS_ECDHE_ECDSA_WITH_CHACHA20_POLY1305,TLS_ECDHE_RSA_WITH_CHACHA20_POLY1305 --tls-private-key-file=/var/lib/rancher/k3s/server/tls/serving-kube-apiserver.key
2025-01-28 23:33:30,840 INFO c.h.h.t.HelmChartContainer - [K3S] [INFO] Running kube-scheduler --authentication-kubeconfig=/var/lib/rancher/k3s/server/cred/scheduler.kubeconfig --authorization-kubeconfig=/var/lib/rancher/k3s/server/cred/scheduler.kubeconfig --bind-address=127.0.0.1 --kubeconfig=/var/lib/rancher/k3s/server/cred/scheduler.kubeconfig --leader-elect=false --profiling=false --secure-port=10259
2025-01-28 23:33:30,840 INFO c.h.h.t.HelmChartContainer - [K3S] [registry.go:256] calling componentGlobalsRegistry.AddFlags more than once, the registry will be set by the latest flags
2025-01-28 23:33:30,841 INFO c.h.h.t.HelmChartContainer - [K3S] [INFO] Waiting for API server to become available
2025-01-28 23:33:30,842 INFO c.h.h.t.HelmChartContainer - [K3S] [INFO] Running kube-controller-manager --allocate-node-cidrs=true --authentication-kubeconfig=/var/lib/rancher/k3s/server/cred/controller.kubeconfig --authorization-kubeconfig=/var/lib/rancher/k3s/server/cred/controller.kubeconfig --bind-address=127.0.0.1 --cluster-cidr=10.42.0.0/16 --cluster-signing-kube-apiserver-client-cert-file=/var/lib/rancher/k3s/server/tls/client-ca.nochain.crt --cluster-signing-kube-apiserver-client-key-file=/var/lib/rancher/k3s/server/tls/client-ca.key --cluster-signing-kubelet-client-cert-file=/var/lib/rancher/k3s/server/tls/client-ca.nochain.crt --cluster-signing-kubelet-client-key-file=/var/lib/rancher/k3s/server/tls/client-ca.key --cluster-signing-kubelet-serving-cert-file=/var/lib/rancher/k3s/server/tls/server-ca.nochain.crt --cluster-signing-kubelet-serving-key-file=/var/lib/rancher/k3s/server/tls/server-ca.key --cluster-signing-legacy-unknown-cert-file=/var/lib/rancher/k3s/server/tls/server-ca.nochain.crt --cluster-signing-legacy-unknown-key-file=/var/lib/rancher/k3s/server/tls/server-ca.key --configure-cloud-routes=false --controllers=*,tokencleaner,-service,-route,-cloud-node-lifecycle --kubeconfig=/var/lib/rancher/k3s/server/cred/controller.kubeconfig --leader-elect=false --profiling=false --root-ca-file=/var/lib/rancher/k3s/server/tls/server-ca.crt --secure-port=10257 --service-account-private-key-file=/var/lib/rancher/k3s/server/tls/service.current.key --service-cluster-ip-range=10.43.0.0/16 --use-service-account-credentials=true
2025-01-28 23:33:30,842 INFO c.h.h.t.HelmChartContainer - [K3S] [options.go:299] unable to set WatchListClient feature gate, err: cannot override default for feature "WatchListClient": gates already added to a flag set
2025-01-28 23:33:30,842 INFO c.h.h.t.HelmChartContainer - [K3S] [registry.go:256] calling componentGlobalsRegistry.AddFlags more than once, the registry will be set by the latest flags
2025-01-28 23:33:30,843 INFO c.h.h.t.HelmChartContainer - [K3S] [INFO] Running cloud-controller-manager --allocate-node-cidrs=true --authentication-kubeconfig=/var/lib/rancher/k3s/server/cred/cloud-controller.kubeconfig --authorization-kubeconfig=/var/lib/rancher/k3s/server/cred/cloud-controller.kubeconfig --bind-address=127.0.0.1 --cloud-config=/var/lib/rancher/k3s/server/etc/cloud-config.yaml --cloud-provider=k3s --cluster-cidr=10.42.0.0/16 --configure-cloud-routes=false --controllers=*,-route --kubeconfig=/var/lib/rancher/k3s/server/cred/cloud-controller.kubeconfig --leader-elect=false --leader-elect-resource-name=k3s-cloud-controller-manager --node-status-update-frequency=1m0s --profiling=false
2025-01-28 23:33:30,844 INFO c.h.h.t.HelmChartContainer - [K3S] [INFO] Server node token is available at /var/lib/rancher/k3s/server/token
2025-01-28 23:33:30,844 INFO c.h.h.t.HelmChartContainer - [K3S] [INFO] To join server node to cluster: k3s server -s https://172.18.0.2:6443 -t ${SERVER_NODE_TOKEN}
2025-01-28 23:33:30,844 INFO c.h.h.t.HelmChartContainer - [K3S] [INFO] Agent node token is available at /var/lib/rancher/k3s/server/agent-token
2025-01-28 23:33:30,844 INFO c.h.h.t.HelmChartContainer - [K3S] [INFO] To join agent node to cluster: k3s agent -s https://172.18.0.2:6443 -t ${AGENT_NODE_TOKEN}
2025-01-28 23:33:30,844 INFO c.h.h.t.HelmChartContainer - [K3S] [registry.go:256] calling componentGlobalsRegistry.AddFlags more than once, the registry will be set by the latest flags
2025-01-28 23:33:30,845 INFO c.h.h.t.HelmChartContainer - [K3S] [INFO] Wrote kubeconfig /etc/rancher/k3s/k3s.yaml
2025-01-28 23:33:30,845 INFO c.h.h.t.HelmChartContainer - [K3S] [INFO] Run: k3s kubectl
2025-01-28 23:33:30,846 INFO c.h.h.t.HelmChartContainer - [K3S] [options.go:238] external host was not specified, using 172.18.0.2
2025-01-28 23:33:30,849 INFO c.h.h.t.HelmChartContainer - [K3S] [server.go:151] Version: v1.32.1+k3s1
2025-01-28 23:33:30,850 INFO c.h.h.t.HelmChartContainer - [K3S] [server.go:153] "Golang settings" GOGC="" GOMAXPROCS="" GOTRACEBACK=""
2025-01-28 23:33:31,257 INFO c.h.h.t.HelmChartContainer - [K3S] [plugins.go:157] Loaded 13 mutating admission controller(s) successfully in the following order: NamespaceLifecycle,LimitRanger,ServiceAccount,NodeRestriction,TaintNodesByCondition,Priority,DefaultTolerationSeconds,DefaultStorageClass,StorageObjectInUseProtection,RuntimeClass,DefaultIngressClass,MutatingAdmissionPolicy,MutatingAdmissionWebhook.
2025-01-28 23:33:31,257 INFO c.h.h.t.HelmChartContainer - [K3S] [plugins.go:160] Loaded 13 validating admission controller(s) successfully in the following order: LimitRanger,ServiceAccount,PodSecurity,Priority,PersistentVolumeClaimResize,RuntimeClass,CertificateApproval,CertificateSigning,ClusterTrustBundleAttest,CertificateSubjectRestriction,ValidatingAdmissionPolicy,ValidatingAdmissionWebhook,ResourceQuota.
2025-01-28 23:33:31,258 INFO c.h.h.t.HelmChartContainer - [K3S] [instance.go:233] Using reconciler: lease
2025-01-28 23:33:31,320 INFO c.h.h.t.HelmChartContainer - [K3S] [apis.go:106] API group "internal.apiserver.k8s.io" is not enabled, skipping.
2025-01-28 23:33:31,365 INFO c.h.h.t.HelmChartContainer - [K3S] [apis.go:106] API group "storagemigration.k8s.io" is not enabled, skipping.
2025-01-28 23:33:31,389 INFO c.h.h.t.HelmChartContainer - [K3S] [apis.go:106] API group "resource.k8s.io" is not enabled, skipping.
2025-01-28 23:33:31,405 INFO c.h.h.t.HelmChartContainer - [K3S] [INFO] Password verified locally for node 349c386a830b
2025-01-28 23:33:31,685 INFO c.h.h.t.HelmChartContainer - [K3S] [dynamic_cafile_content.go:161] "Starting controller" name="request-header::/var/lib/rancher/k3s/server/tls/request-header-ca.crt"
2025-01-28 23:33:31,686 INFO c.h.h.t.HelmChartContainer - [K3S] [dynamic_cafile_content.go:161] "Starting controller" name="client-ca-bundle::/var/lib/rancher/k3s/server/tls/client-ca.crt"
2025-01-28 23:33:31,686 INFO c.h.h.t.HelmChartContainer - [K3S] [dynamic_serving_content.go:135] "Starting controller" name="serving-cert::/var/lib/rancher/k3s/server/tls/serving-kube-apiserver.crt::/var/lib/rancher/k3s/server/tls/serving-kube-apiserver.key"
2025-01-28 23:33:31,686 INFO c.h.h.t.HelmChartContainer - [K3S] [secure_serving.go:213] Serving securely on 127.0.0.1:6444
2025-01-28 23:33:31,687 INFO c.h.h.t.HelmChartContainer - [K3S] [tlsconfig.go:243] "Starting DynamicServingCertificateController"
2025-01-28 23:33:31,687 INFO c.h.h.t.HelmChartContainer - [K3S] [apf_controller.go:377] Starting API Priority and Fairness config controller
2025-01-28 23:33:31,687 INFO c.h.h.t.HelmChartContainer - [K3S] [remote_available_controller.go:411] Starting RemoteAvailability controller
2025-01-28 23:33:31,687 INFO c.h.h.t.HelmChartContainer - [K3S] [controller.go:78] Starting OpenAPI AggregationController
2025-01-28 23:33:31,688 INFO c.h.h.t.HelmChartContainer - [K3S] [gc_controller.go:78] Starting apiserver lease garbage collector
2025-01-28 23:33:31,688 INFO c.h.h.t.HelmChartContainer - [K3S] [controller.go:80] Starting OpenAPI V3 AggregationController
2025-01-28 23:33:31,688 INFO c.h.h.t.HelmChartContainer - [K3S] [dynamic_serving_content.go:135] "Starting controller" name="aggregator-proxy-cert::/var/lib/rancher/k3s/server/tls/client-auth-proxy.crt::/var/lib/rancher/k3s/server/tls/client-auth-proxy.key"
2025-01-28 23:33:31,688 INFO c.h.h.t.HelmChartContainer - [K3S] [customresource_discovery_controller.go:292] Starting DiscoveryController
2025-01-28 23:33:31,688 INFO c.h.h.t.HelmChartContainer - [K3S] [controller.go:119] Starting legacy_token_tracking_controller
2025-01-28 23:33:31,688 INFO c.h.h.t.HelmChartContainer - [K3S] [local_available_controller.go:156] Starting LocalAvailability controller
2025-01-28 23:33:31,688 INFO c.h.h.t.HelmChartContainer - [K3S] [aggregator.go:169] waiting for initial CRD sync...
2025-01-28 23:33:31,689 INFO c.h.h.t.HelmChartContainer - [K3S] [cluster_authentication_trust_controller.go:462] Starting cluster_authentication_trust_controller controller
2025-01-28 23:33:31,689 INFO c.h.h.t.HelmChartContainer - [K3S] [system_namespaces_controller.go:66] Starting system namespaces controller
2025-01-28 23:33:31,691 INFO c.h.h.t.HelmChartContainer - [K3S] [apiservice_controller.go:100] Starting APIServiceRegistrationController
2025-01-28 23:33:31,692 INFO c.h.h.t.HelmChartContainer - [K3S] [crdregistration_controller.go:114] Starting crd-autoregister controller
2025-01-28 23:33:31,692 INFO c.h.h.t.HelmChartContainer - [K3S] [dynamic_cafile_content.go:161] "Starting controller" name="client-ca-bundle::/var/lib/rancher/k3s/server/tls/client-ca.crt"
2025-01-28 23:33:31,692 INFO c.h.h.t.HelmChartContainer - [K3S] [dynamic_cafile_content.go:161] "Starting controller" name="request-header::/var/lib/rancher/k3s/server/tls/request-header-ca.crt"
2025-01-28 23:33:31,697 INFO c.h.h.t.HelmChartContainer - [K3S] [controller.go:142] Starting OpenAPI controller
2025-01-28 23:33:31,697 INFO c.h.h.t.HelmChartContainer - [K3S] [controller.go:90] Starting OpenAPI V3 controller
2025-01-28 23:33:31,697 INFO c.h.h.t.HelmChartContainer - [K3S] [naming_controller.go:294] Starting NamingConditionController
2025-01-28 23:33:31,697 INFO c.h.h.t.HelmChartContainer - [K3S] [establishing_controller.go:81] Starting EstablishingController
2025-01-28 23:33:31,697 INFO c.h.h.t.HelmChartContainer - [K3S] [nonstructuralschema_controller.go:195] Starting NonStructuralSchemaConditionController
2025-01-28 23:33:31,697 INFO c.h.h.t.HelmChartContainer - [K3S] [apiapproval_controller.go:189] Starting KubernetesAPIApprovalPolicyConformantConditionController
2025-01-28 23:33:31,697 INFO c.h.h.t.HelmChartContainer - [K3S] [crd_finalizer.go:269] Starting CRDFinalizer
2025-01-28 23:33:31,752 INFO c.h.h.t.HelmChartContainer - [K3S] [policy_source.go:240] refreshing policies
2025-01-28 23:33:31,787 INFO c.h.h.t.HelmChartContainer - [K3S] [apf_controller.go:382] Running API Priority and Fairness config worker
2025-01-28 23:33:31,788 INFO c.h.h.t.HelmChartContainer - [K3S] [apf_controller.go:385] Running API Priority and Fairness periodic rebalancing process
2025-01-28 23:33:31,791 INFO c.h.h.t.HelmChartContainer - [K3S] [handler_discovery.go:451] Starting ResourceDiscoveryManager
2025-01-28 23:33:31,791 INFO c.h.h.t.HelmChartContainer - [K3S] [aggregator.go:171] initial CRD sync complete...
2025-01-28 23:33:31,791 INFO c.h.h.t.HelmChartContainer - [K3S] [autoregister_controller.go:144] Starting autoregister controller
2025-01-28 23:33:31,842 INFO c.h.h.t.HelmChartContainer - [K3S] [controller.go:95] Unable to perform initial Kubernetes service initialization: namespaces "default" not found
2025-01-28 23:33:31,952 INFO c.h.h.t.HelmChartContainer - [K3S] [WARNING] Host resolv.conf includes loopback or multicast nameservers - kubelet will use autogenerated resolv.conf with nameserver 8.8.8.8
2025-01-28 23:33:31,960 INFO c.h.h.t.HelmChartContainer - [K3S] [INFO] Module overlay was already loaded
2025-01-28 23:33:31,961 INFO c.h.h.t.HelmChartContainer - [K3S] [INFO] Module nf_conntrack was already loaded
2025-01-28 23:33:31,961 INFO c.h.h.t.HelmChartContainer - [K3S] [INFO] Module br_netfilter was already loaded
2025-01-28 23:33:31,965 INFO c.h.h.t.HelmChartContainer - [K3S] [INFO] Set sysctl 'net/netfilter/nf_conntrack_tcp_timeout_established' to 86400
2025-01-28 23:33:31,966 INFO c.h.h.t.HelmChartContainer - [K3S] [INFO] Set sysctl 'net/netfilter/nf_conntrack_tcp_timeout_close_wait' to 3600
2025-01-28 23:33:31,966 INFO c.h.h.t.HelmChartContainer - [K3S] [INFO] Set sysctl 'net/netfilter/nf_conntrack_max' to 131072
2025-01-28 23:33:31,968 INFO c.h.h.t.HelmChartContainer - [K3S] [INFO] Logging containerd to /var/lib/rancher/k3s/agent/containerd/containerd.log
2025-01-28 23:33:31,968 INFO c.h.h.t.HelmChartContainer - [K3S] [INFO] Running containerd -c /var/lib/rancher/k3s/agent/etc/containerd/config.toml -a /run/k3s/containerd/containerd.sock --state /run/k3s/containerd --root /var/lib/rancher/k3s/agent/containerd
2025-01-28 23:33:32,690 INFO c.h.h.t.HelmChartContainer - [K3S] [storage_scheduling.go:95] created PriorityClass system-node-critical with value 2000001000
2025-01-28 23:33:32,693 INFO c.h.h.t.HelmChartContainer - [K3S] [storage_scheduling.go:95] created PriorityClass system-cluster-critical with value 2000000000
2025-01-28 23:33:32,693 INFO c.h.h.t.HelmChartContainer - [K3S] [storage_scheduling.go:111] all system priority classes are created successfully or already exist.
2025-01-28 23:33:32,972 INFO c.h.h.t.HelmChartContainer - [K3S] [INFO] containerd is now running
2025-01-28 23:33:32,975 INFO c.h.h.t.HelmChartContainer - [K3S] [INFO] Connecting to proxy" url="wss://127.0.0.1:6443/v1-k3s/connect
2025-01-28 23:33:32,977 INFO c.h.h.t.HelmChartContainer - [K3S] [INFO] Creating k3s-cert-monitor event broadcaster
2025-01-28 23:33:32,978 INFO c.h.h.t.HelmChartContainer - [K3S] [INFO] Handling backend connection request [349c386a830b]
2025-01-28 23:33:32,978 INFO c.h.h.t.HelmChartContainer - [K3S] [INFO] Remotedialer connected to proxy" url="wss://127.0.0.1:6443/v1-k3s/connect
2025-01-28 23:33:32,981 INFO c.h.h.t.HelmChartContainer - [K3S] [INFO] Running kubelet --cloud-provider=external --config-dir=/var/lib/rancher/k3s/agent/etc/kubelet.conf.d --containerd=/run/k3s/containerd/containerd.sock --hostname-override=349c386a830b --kubeconfig=/var/lib/rancher/k3s/agent/kubelet.kubeconfig --node-ip=172.18.0.2 --node-labels=
2025-01-28 23:33:33,047 INFO c.h.h.t.HelmChartContainer - [K3S] [alloc.go:330] "allocated clusterIPs" service="default/kubernetes" clusterIPs={"IPv4":"10.43.0.1"}
2025-01-28 23:33:33,051 INFO c.h.h.t.HelmChartContainer - [K3S] [lease.go:265] Resetting endpoints for master service "kubernetes" to [172.18.0.2]
2025-01-28 23:33:33,092 INFO c.h.h.t.HelmChartContainer - [K3S] [ERROR] Sending HTTP/1.1 503 response to 127.0.0.1:37088: runtime core not ready
2025-01-28 23:33:33,169 INFO c.h.h.t.HelmChartContainer - [K3S] [INFO] Running kube-proxy --cluster-cidr=10.42.0.0/16 --conntrack-max-per-core=0 --conntrack-tcp-timeout-close-wait=0s --conntrack-tcp-timeout-established=0s --healthz-bind-address=127.0.0.1 --hostname-override=349c386a830b --kubeconfig=/var/lib/rancher/k3s/agent/kubeproxy.kubeconfig --proxy-mode=iptables
2025-01-28 23:33:33,206 INFO c.h.h.t.HelmChartContainer - [K3S] [server.go:687] "Failed to retrieve node info" err="nodes \"349c386a830b\" not found"
2025-01-28 23:33:33,849 INFO c.h.h.t.HelmChartContainer - [K3S] [INFO] Waiting for untainted node
2025-01-28 23:33:33,850 INFO c.h.h.t.HelmChartContainer - [K3S] [INFO] Waiting for cloud-controller-manager privileges to become available
2025-01-28 23:33:33,850 INFO c.h.h.t.HelmChartContainer - [K3S] [INFO] Kube API server is now running
2025-01-28 23:33:33,850 INFO c.h.h.t.HelmChartContainer - [K3S] [INFO] ETCD server is now running
2025-01-28 23:33:33,850 INFO c.h.h.t.HelmChartContainer - [K3S] [INFO] k3s is up and running
2025-01-28 23:33:33,850 INFO c.h.h.t.HelmChartContainer - [K3S] [INFO] Creating k3s-supervisor event broadcaster
2025-01-28 23:33:33,861 INFO c.h.h.t.HelmChartContainer - [K3S] [INFO] Applying CRD addons.k3s.cattle.io
2025-01-28 23:33:33,870 INFO c.h.h.t.HelmChartContainer - [K3S] [INFO] Applying CRD etcdsnapshotfiles.k3s.cattle.io
2025-01-28 23:33:33,879 INFO c.h.h.t.HelmChartContainer - [K3S] [INFO] Applying CRD helmcharts.helm.cattle.io
2025-01-28 23:33:33,890 INFO c.h.h.t.HelmChartContainer - [K3S] [INFO] Applying CRD helmchartconfigs.helm.cattle.io
2025-01-28 23:33:33,903 INFO c.h.h.t.HelmChartContainer - [K3S] [INFO] Waiting for CRD helmcharts.helm.cattle.io to become available
2025-01-28 23:33:33,986 INFO c.h.h.t.HelmChartContainer - [K3S] Flag --containerd has been deprecated, This is a cadvisor flag that was mistakenly registered with the Kubelet. Due to legacy concerns, it will follow the standard CLI deprecation timeline before being removed.
2025-01-28 23:33:33,989 INFO c.h.h.t.HelmChartContainer - [K3S] [server.go:515] "Kubelet version" kubeletVersion="v1.32.1+k3s1"
2025-01-28 23:33:33,989 INFO c.h.h.t.HelmChartContainer - [K3S] [server.go:517] "Golang settings" GOGC="" GOMAXPROCS="" GOTRACEBACK=""
2025-01-28 23:33:33,991 INFO c.h.h.t.HelmChartContainer - [K3S] [dynamic_cafile_content.go:161] "Starting controller" name="client-ca-bundle::/var/lib/rancher/k3s/agent/client-ca.crt"
2025-01-28 23:33:33,992 INFO c.h.h.t.HelmChartContainer - [K3S] [log.go:32] "RuntimeConfig from runtime service failed" err="rpc error: code = Unimplemented desc = method RuntimeConfig not implemented"
2025-01-28 23:33:33,993 INFO c.h.h.t.HelmChartContainer - [K3S] [server.go:1416] "CRI implementation should be updated to support RuntimeConfig when KubeletCgroupDriverFromCRI feature gate has been enabled. Falling back to using cgroupDriver from kubelet config."
2025-01-28 23:33:33,996 INFO c.h.h.t.HelmChartContainer - [K3S] [info.go:53] Couldn't collect info from any of the files in "/etc/machine-id,/var/lib/dbus/machine-id"
2025-01-28 23:33:33,996 INFO c.h.h.t.HelmChartContainer - [K3S] [server.go:767] "--cgroups-per-qos enabled, but --cgroup-root was not specified.  defaulting to /"
2025-01-28 23:33:33,996 INFO c.h.h.t.HelmChartContainer - [K3S] [server.go:836] "NoSwap is set due to memorySwapBehavior not specified" memorySwapBehavior="" FailSwapOn=false
2025-01-28 23:33:33,997 INFO c.h.h.t.HelmChartContainer - [K3S] [swap_util.go:115] "Swap is on" /proc/swaps contents=<
2025-01-28 23:33:33,997 INFO c.h.h.t.HelmChartContainer - [K3S] 	Filename				Type		Size		Used		Priority
2025-01-28 23:33:33,997 INFO c.h.h.t.HelmChartContainer - [K3S] 	/mnt/swapfile                           file		4194300		0		-2
2025-01-28 23:33:33,997 INFO c.h.h.t.HelmChartContainer - [K3S]  >
2025-01-28 23:33:33,997 INFO c.h.h.t.HelmChartContainer - [K3S] [container_manager_linux.go:268] "Container manager verified user specified cgroup-root exists" cgroupRoot=[]
2025-01-28 23:33:33,997 INFO c.h.h.t.HelmChartContainer - [K3S] [container_manager_linux.go:273] "Creating Container Manager object based on Node Config" nodeConfig={"NodeName":"349c386a830b","RuntimeCgroupsName":"","SystemCgroupsName":"","KubeletCgroupsName":"/k3s","KubeletOOMScoreAdj":-999,"ContainerRuntime":"","CgroupsPerQOS":true,"CgroupRoot":"/","CgroupDriver":"cgroupfs","KubeletRootDir":"/var/lib/kubelet","ProtectKernelDefaults":false,"KubeReservedCgroupName":"","SystemReservedCgroupName":"","ReservedSystemCPUs":{},"EnforceNodeAllocatable":{"pods":{}},"KubeReserved":null,"SystemReserved":null,"HardEvictionThresholds":[{"Signal":"imagefs.available","Operator":"LessThan","Value":{"Quantity":null,"Percentage":0.05},"GracePeriod":0,"MinReclaim":null},{"Signal":"nodefs.available","Operator":"LessThan","Value":{"Quantity":null,"Percentage":0.05},"GracePeriod":0,"MinReclaim":null}],"QOSReserved":{},"CPUManagerPolicy":"none","CPUManagerPolicyOptions":null,"TopologyManagerScope":"container","CPUManagerReconcilePeriod":10000000000,"ExperimentalMemoryManagerPolicy":"None","ExperimentalMemoryManagerReservedMemory":null,"PodPidsLimit":-1,"EnforceCPULimits":true,"CPUCFSQuotaPeriod":100000000,"TopologyManagerPolicy":"none","TopologyManagerPolicyOptions":null,"CgroupVersion":2}
2025-01-28 23:33:33,998 INFO c.h.h.t.HelmChartContainer - [K3S] [topology_manager.go:138] "Creating topology manager with none policy"
2025-01-28 23:33:33,998 INFO c.h.h.t.HelmChartContainer - [K3S] [container_manager_linux.go:304] "Creating device plugin manager"
2025-01-28 23:33:33,998 INFO c.h.h.t.HelmChartContainer - [K3S] [state_mem.go:36] "Initialized new in-memory state store"
2025-01-28 23:33:33,998 INFO c.h.h.t.HelmChartContainer - [K3S] [kubelet.go:446] "Attempting to sync node with API server"
2025-01-28 23:33:33,998 INFO c.h.h.t.HelmChartContainer - [K3S] [kubelet.go:341] "Adding static pod path" path="/var/lib/rancher/k3s/agent/pod-manifests"
2025-01-28 23:33:33,998 INFO c.h.h.t.HelmChartContainer - [K3S] [kubelet.go:352] "Adding apiserver pod source"
2025-01-28 23:33:33,998 INFO c.h.h.t.HelmChartContainer - [K3S] [apiserver.go:42] "Waiting for node sync before watching apiserver pods"
2025-01-28 23:33:34,002 INFO c.h.h.t.HelmChartContainer - [K3S] [kuberuntime_manager.go:269] "Container runtime initialized" containerRuntime="containerd" version="v1.7.23-k3s2" apiVersion="v1"
2025-01-28 23:33:34,002 INFO c.h.h.t.HelmChartContainer - [K3S] [kubelet.go:890] "Not starting ClusterTrustBundle informer because we are in static kubelet mode"
2025-01-28 23:33:34,002 INFO c.h.h.t.HelmChartContainer - [K3S] [probe.go:272] Flexvolume plugin directory at /usr/libexec/kubernetes/kubelet-plugins/volume/exec/ does not exist. Recreating.
2025-01-28 23:33:34,005 INFO c.h.h.t.HelmChartContainer - [K3S] [watchdog_linux.go:99] "Systemd watchdog is not enabled"
2025-01-28 23:33:34,006 INFO c.h.h.t.HelmChartContainer - [K3S] [server.go:1282] "Started kubelet"
2025-01-28 23:33:34,006 INFO c.h.h.t.HelmChartContainer - [K3S] [fs_resource_analyzer.go:67] "Starting FS ResourceAnalyzer"
2025-01-28 23:33:34,007 INFO c.h.h.t.HelmChartContainer - [K3S] [dynamic_serving_content.go:135] "Starting controller" name="kubelet-server-cert-files::/var/lib/rancher/k3s/agent/serving-kubelet.crt::/var/lib/rancher/k3s/agent/serving-kubelet.key"
2025-01-28 23:33:34,007 INFO c.h.h.t.HelmChartContainer - [K3S] [server.go:169] "Starting to listen" address="0.0.0.0" port=10250
2025-01-28 23:33:34,007 INFO c.h.h.t.HelmChartContainer - [K3S] [server.go:490] "Adding debug handlers to kubelet server"
2025-01-28 23:33:34,008 INFO c.h.h.t.HelmChartContainer - [K3S] [server.go:208] "Starting to listen read-only" address="0.0.0.0" port=10255
2025-01-28 23:33:34,012 INFO c.h.h.t.HelmChartContainer - [K3S] [ratelimit.go:55] "Setting rate limiting for endpoint" service="podresources" qps=100 burstTokens=10
2025-01-28 23:33:34,012 INFO c.h.h.t.HelmChartContainer - [K3S] [server.go:243] "Starting to serve the podresources API" endpoint="unix:/var/lib/kubelet/pod-resources/kubelet.sock"
2025-01-28 23:33:34,016 INFO c.h.h.t.HelmChartContainer - [K3S] [volume_manager.go:297] "Starting Kubelet Volume Manager"
2025-01-28 23:33:34,017 INFO c.h.h.t.HelmChartContainer - [K3S] [desired_state_of_world_populator.go:149] "Desired state populator starts to run"
2025-01-28 23:33:34,019 INFO c.h.h.t.HelmChartContainer - [K3S] [reconciler.go:26] "Reconciler: start to sync state"
2025-01-28 23:33:34,019 INFO c.h.h.t.HelmChartContainer - [K3S] [kubelet_node_status.go:467] "Error getting the current node from lister" err="node \"349c386a830b\" not found"
2025-01-28 23:33:34,020 INFO c.h.h.t.HelmChartContainer - [K3S] [factory.go:221] Registration of the systemd container factory successfully
2025-01-28 23:33:34,025 INFO c.h.h.t.HelmChartContainer - [K3S] [factory.go:219] Registration of the crio container factory failed: Get "http://%2Fvar%2Frun%2Fcrio%2Fcrio.sock/info": dial unix /var/run/crio/crio.sock: connect: no such file or directory
2025-01-28 23:33:34,026 INFO c.h.h.t.HelmChartContainer - [K3S] [kubelet.go:1561] "Image garbage collection failed once. Stats initialization may not have completed yet" err="invalid capacity 0 on image filesystem"
2025-01-28 23:33:34,026 INFO c.h.h.t.HelmChartContainer - [K3S] [factory.go:221] Registration of the containerd container factory successfully
2025-01-28 23:33:34,026 INFO c.h.h.t.HelmChartContainer - [K3S] [nodelease.go:49] "Failed to get node when trying to set owner ref to the node lease" err="nodes \"349c386a830b\" not found" node="349c386a830b"
2025-01-28 23:33:34,040 INFO c.h.h.t.HelmChartContainer - [K3S] [kubelet_network_linux.go:50] "Initialized iptables rules." protocol="IPv4"
2025-01-28 23:33:34,045 INFO c.h.h.t.HelmChartContainer - [K3S] [kubelet_network_linux.go:50] "Initialized iptables rules." protocol="IPv6"
2025-01-28 23:33:34,045 INFO c.h.h.t.HelmChartContainer - [K3S] [status_manager.go:227] "Starting to sync pod status with apiserver"
2025-01-28 23:33:34,045 INFO c.h.h.t.HelmChartContainer - [K3S] [watchdog_linux.go:127] "Systemd watchdog is not enabled or the interval is invalid, so health checking will not be started."
2025-01-28 23:33:34,045 INFO c.h.h.t.HelmChartContainer - [K3S] [kubelet.go:2388] "Starting kubelet main sync loop"
2025-01-28 23:33:34,045 INFO c.h.h.t.HelmChartContainer - [K3S] [kubelet.go:2412] "Skipping pod synchronization" err="[container runtime status check may not have completed yet, PLEG is not healthy: pleg has yet to be successful]"
2025-01-28 23:33:34,049 INFO c.h.h.t.HelmChartContainer - [K3S] [cpu_manager.go:221] "Starting CPU manager" policy="none"
2025-01-28 23:33:34,050 INFO c.h.h.t.HelmChartContainer - [K3S] [cpu_manager.go:222] "Reconciling" reconcilePeriod="10s"
2025-01-28 23:33:34,050 INFO c.h.h.t.HelmChartContainer - [K3S] [state_mem.go:36] "Initialized new in-memory state store"
2025-01-28 23:33:34,052 INFO c.h.h.t.HelmChartContainer - [K3S] [policy_none.go:49] "None policy: Start"
2025-01-28 23:33:34,052 INFO c.h.h.t.HelmChartContainer - [K3S] [memory_manager.go:186] "Starting memorymanager" policy="None"
2025-01-28 23:33:34,052 INFO c.h.h.t.HelmChartContainer - [K3S] [state_mem.go:35] "Initializing new in-memory state store"
2025-01-28 23:33:34,056 INFO c.h.h.t.HelmChartContainer - [K3S] [manager.go:519] "Failed to read data from checkpoint" checkpoint="kubelet_internal_checkpoint" err="checkpoint is not found"
2025-01-28 23:33:34,057 INFO c.h.h.t.HelmChartContainer - [K3S] [eviction_manager.go:189] "Eviction manager: starting control loop"
2025-01-28 23:33:34,057 INFO c.h.h.t.HelmChartContainer - [K3S] [container_log_manager.go:189] "Initializing container log rotate workers" workers=1 monitorPeriod="10s"
2025-01-28 23:33:34,057 INFO c.h.h.t.HelmChartContainer - [K3S] [plugin_manager.go:118] "Starting Kubelet Plugin Manager"
2025-01-28 23:33:34,059 INFO c.h.h.t.HelmChartContainer - [K3S] [eviction_manager.go:267] "eviction manager: failed to check if we have separate container filesystem. Ignoring." err="no imagefs label for configured runtime"
2025-01-28 23:33:34,059 INFO c.h.h.t.HelmChartContainer - [K3S] [eviction_manager.go:292] "Eviction manager: failed to get summary stats" err="failed to get node info: node \"349c386a830b\" not found"
2025-01-28 23:33:34,156 INFO c.h.h.t.HelmChartContainer - [K3S] [kubelet_node_status.go:76] "Attempting to register node" node="349c386a830b"
2025-01-28 23:33:34,162 INFO c.h.h.t.HelmChartContainer - [K3S] [kubelet_node_status.go:79] "Successfully registered node" node="349c386a830b"
2025-01-28 23:33:34,162 INFO c.h.h.t.HelmChartContainer - [K3S] [kubelet_node_status.go:549] "Error updating node status, will retry" err="error getting node \"349c386a830b\": node \"349c386a830b\" not found"
2025-01-28 23:33:34,171 INFO c.h.h.t.HelmChartContainer - [K3S] [INFO] Annotations and labels have been set successfully on node: 349c386a830b
2025-01-28 23:33:34,171 INFO c.h.h.t.HelmChartContainer - [K3S] [INFO] Starting flannel with backend vxlan
2025-01-28 23:33:34,214 INFO c.h.h.t.HelmChartContainer - [K3S] [serving.go:392] Generated self-signed cert in-memory
2025-01-28 23:33:34,374 INFO c.h.h.t.HelmChartContainer - [K3S] [kubelet_node_status.go:502] "Fast updating node status as it just became ready"
2025-01-28 23:33:34,378 INFO c.h.h.t.HelmChartContainer - [K3S] [server.go:698] "Successfully retrieved node IP(s)" IPs=["172.18.0.2"]
2025-01-28 23:33:34,379 INFO c.h.h.t.HelmChartContainer - [K3S] [server.go:234] "Kube-proxy configuration may be incomplete or incorrect" err="nodePortAddresses is unset; NodePort connections will be accepted on all local IPs. Consider using `--nodeport-addresses primary`"
2025-01-28 23:33:34,381 INFO c.h.h.t.HelmChartContainer - [K3S] [server.go:243] "kube-proxy running in dual-stack mode" primary ipFamily="IPv4"
2025-01-28 23:33:34,382 INFO c.h.h.t.HelmChartContainer - [K3S] [server_linux.go:170] "Using iptables Proxier"
2025-01-28 23:33:34,383 INFO c.h.h.t.HelmChartContainer - [K3S] [proxier.go:255] "Setting route_localnet=1 to allow node-ports on localhost; to change this either disable iptables.localhostNodePorts (--iptables-localhost-nodeports) or set nodePortAddresses (--nodeport-addresses) to filter loopback addresses"
2025-01-28 23:33:34,386 INFO c.h.h.t.HelmChartContainer - [K3S] [server.go:497] "Version info" version="v1.32.1+k3s1"
2025-01-28 23:33:34,387 INFO c.h.h.t.HelmChartContainer - [K3S] [server.go:499] "Golang settings" GOGC="" GOMAXPROCS="" GOTRACEBACK=""
2025-01-28 23:33:34,387 INFO c.h.h.t.HelmChartContainer - [K3S] [config.go:199] "Starting service config controller"
2025-01-28 23:33:34,387 INFO c.h.h.t.HelmChartContainer - [K3S] [config.go:105] "Starting endpoint slice config controller"
2025-01-28 23:33:34,388 INFO c.h.h.t.HelmChartContainer - [K3S] [config.go:329] "Starting node config controller"
2025-01-28 23:33:34,407 INFO c.h.h.t.HelmChartContainer - [K3S] [INFO] Done waiting for CRD helmcharts.helm.cattle.io to become available
2025-01-28 23:33:34,407 INFO c.h.h.t.HelmChartContainer - [K3S] [INFO] Waiting for CRD helmchartconfigs.helm.cattle.io to become available
2025-01-28 23:33:34,519 INFO c.h.h.t.HelmChartContainer - [K3S] [controllermanager.go:185] "Starting" version="v1.32.1+k3s1"
2025-01-28 23:33:34,519 INFO c.h.h.t.HelmChartContainer - [K3S] [controllermanager.go:187] "Golang settings" GOGC="" GOMAXPROCS="" GOTRACEBACK=""
2025-01-28 23:33:34,522 INFO c.h.h.t.HelmChartContainer - [K3S] [requestheader_controller.go:180] Starting RequestHeaderAuthRequestController
2025-01-28 23:33:34,522 INFO c.h.h.t.HelmChartContainer - [K3S] [configmap_cafile_content.go:205] "Starting controller" name="client-ca::kube-system::extension-apiserver-authentication::requestheader-client-ca-file"
2025-01-28 23:33:34,522 INFO c.h.h.t.HelmChartContainer - [K3S] [configmap_cafile_content.go:205] "Starting controller" name="client-ca::kube-system::extension-apiserver-authentication::client-ca-file"
2025-01-28 23:33:34,522 INFO c.h.h.t.HelmChartContainer - [K3S] [secure_serving.go:213] Serving securely on 127.0.0.1:10257
2025-01-28 23:33:34,522 INFO c.h.h.t.HelmChartContainer - [K3S] [tlsconfig.go:243] "Starting DynamicServingCertificateController"
2025-01-28 23:33:34,526 INFO c.h.h.t.HelmChartContainer - [K3S] [controllermanager.go:765] "Started controller" controller="serviceaccount-token-controller"
2025-01-28 23:33:34,532 INFO c.h.h.t.HelmChartContainer - [K3S] [controllermanager.go:765] "Started controller" controller="daemonset-controller"
2025-01-28 23:33:34,533 INFO c.h.h.t.HelmChartContainer - [K3S] [daemon_controller.go:294] "Starting daemon sets controller"
2025-01-28 23:33:34,538 INFO c.h.h.t.HelmChartContainer - [K3S] [controllermanager.go:765] "Started controller" controller="job-controller"
2025-01-28 23:33:34,538 INFO c.h.h.t.HelmChartContainer - [K3S] [job_controller.go:243] "Starting job controller"
2025-01-28 23:33:34,544 INFO c.h.h.t.HelmChartContainer - [K3S] [controllermanager.go:765] "Started controller" controller="deployment-controller"
2025-01-28 23:33:34,544 INFO c.h.h.t.HelmChartContainer - [K3S] [deployment_controller.go:173] "Starting controller" controller="deployment"
2025-01-28 23:33:34,549 INFO c.h.h.t.HelmChartContainer - [K3S] [controllermanager.go:765] "Started controller" controller="replicaset-controller"
2025-01-28 23:33:34,549 INFO c.h.h.t.HelmChartContainer - [K3S] [controllermanager.go:723] "Skipping a cloud provider controller" controller="node-route-controller"
2025-01-28 23:33:34,550 INFO c.h.h.t.HelmChartContainer - [K3S] [replica_set.go:217] "Starting controller" name="replicaset"
2025-01-28 23:33:34,554 INFO c.h.h.t.HelmChartContainer - [K3S] [controllermanager.go:765] "Started controller" controller="clusterrole-aggregation-controller"
2025-01-28 23:33:34,555 INFO c.h.h.t.HelmChartContainer - [K3S] [clusterroleaggregation_controller.go:194] "Starting ClusterRoleAggregator controller"
2025-01-28 23:33:34,560 INFO c.h.h.t.HelmChartContainer - [K3S] [controllermanager.go:765] "Started controller" controller="taint-eviction-controller"
2025-01-28 23:33:34,560 INFO c.h.h.t.HelmChartContainer - [K3S] [taint_eviction.go:281] "Starting" controller="taint-eviction-controller"
2025-01-28 23:33:34,561 INFO c.h.h.t.HelmChartContainer - [K3S] [taint_eviction.go:287] "Sending events to api server"
2025-01-28 23:33:34,576 INFO c.h.h.t.HelmChartContainer - [K3S] [controllermanager.go:765] "Started controller" controller="namespace-controller"
2025-01-28 23:33:34,576 INFO c.h.h.t.HelmChartContainer - [K3S] [namespace_controller.go:202] "Starting namespace controller"
2025-01-28 23:33:34,583 INFO c.h.h.t.HelmChartContainer - [K3S] [controllermanager.go:765] "Started controller" controller="serviceaccount-controller"
2025-01-28 23:33:34,584 INFO c.h.h.t.HelmChartContainer - [K3S] [serviceaccounts_controller.go:114] "Starting service account controller"
2025-01-28 23:33:34,629 INFO c.h.h.t.HelmChartContainer - [K3S] [controllermanager.go:765] "Started controller" controller="horizontal-pod-autoscaler-controller"
2025-01-28 23:33:34,629 INFO c.h.h.t.HelmChartContainer - [K3S] [horizontal.go:201] "Starting HPA controller"
2025-01-28 23:33:34,781 INFO c.h.h.t.HelmChartContainer - [K3S] [range_allocator.go:112] "No Secondary Service CIDR provided. Skipping filtering out secondary service addresses"
2025-01-28 23:33:34,781 INFO c.h.h.t.HelmChartContainer - [K3S] [controllermanager.go:765] "Started controller" controller="node-ipam-controller"
2025-01-28 23:33:34,781 INFO c.h.h.t.HelmChartContainer - [K3S] [node_ipam_controller.go:141] "Starting ipam controller"
2025-01-28 23:33:34,909 INFO c.h.h.t.HelmChartContainer - [K3S] [INFO] Done waiting for CRD helmchartconfigs.helm.cattle.io to become available
2025-01-28 23:33:34,909 INFO c.h.h.t.HelmChartContainer - [K3S] [INFO] Writing static file: /var/lib/rancher/k3s/server/static/charts/traefik-27.0.201+up27.0.2.tgz
2025-01-28 23:33:34,910 INFO c.h.h.t.HelmChartContainer - [K3S] [INFO] Writing static file: /var/lib/rancher/k3s/server/static/charts/traefik-crd-27.0.201+up27.0.2.tgz
2025-01-28 23:33:34,910 INFO c.h.h.t.HelmChartContainer - [K3S] [INFO] Writing manifest: /var/lib/rancher/k3s/server/manifests/metrics-server/auth-reader.yaml
2025-01-28 23:33:34,910 INFO c.h.h.t.HelmChartContainer - [K3S] [INFO] Writing manifest: /var/lib/rancher/k3s/server/manifests/metrics-server/metrics-apiservice.yaml
2025-01-28 23:33:34,911 INFO c.h.h.t.HelmChartContainer - [K3S] [INFO] Writing manifest: /var/lib/rancher/k3s/server/manifests/metrics-server/metrics-server-deployment.yaml
2025-01-28 23:33:34,911 INFO c.h.h.t.HelmChartContainer - [K3S] [INFO] Writing manifest: /var/lib/rancher/k3s/server/manifests/rolebindings.yaml
2025-01-28 23:33:34,911 INFO c.h.h.t.HelmChartContainer - [K3S] [INFO] Writing manifest: /var/lib/rancher/k3s/server/manifests/ccm.yaml
2025-01-28 23:33:34,911 INFO c.h.h.t.HelmChartContainer - [K3S] [INFO] Writing manifest: /var/lib/rancher/k3s/server/manifests/metrics-server/auth-delegator.yaml
2025-01-28 23:33:34,911 INFO c.h.h.t.HelmChartContainer - [K3S] [INFO] Writing manifest: /var/lib/rancher/k3s/server/manifests/metrics-server/aggregated-metrics-reader.yaml
2025-01-28 23:33:34,911 INFO c.h.h.t.HelmChartContainer - [K3S] [INFO] Writing manifest: /var/lib/rancher/k3s/server/manifests/metrics-server/metrics-server-service.yaml
2025-01-28 23:33:34,911 INFO c.h.h.t.HelmChartContainer - [K3S] [INFO] Writing manifest: /var/lib/rancher/k3s/server/manifests/metrics-server/resource-reader.yaml
2025-01-28 23:33:34,911 INFO c.h.h.t.HelmChartContainer - [K3S] [INFO] Writing manifest: /var/lib/rancher/k3s/server/manifests/runtimes.yaml
2025-01-28 23:33:34,911 INFO c.h.h.t.HelmChartContainer - [K3S] [INFO] Writing manifest: /var/lib/rancher/k3s/server/manifests/coredns.yaml
2025-01-28 23:33:34,911 INFO c.h.h.t.HelmChartContainer - [K3S] [INFO] Writing manifest: /var/lib/rancher/k3s/server/manifests/local-storage.yaml
2025-01-28 23:33:34,913 INFO c.h.h.t.HelmChartContainer - [K3S] [INFO] Tunnel server egress proxy mode: agent
2025-01-28 23:33:34,913 INFO c.h.h.t.HelmChartContainer - [K3S] [INFO] Starting dynamiclistener CN filter node controller with SANs: [localhost 127.0.0.1 ::1 localhost 349c386a830b 172.18.0.2 10.43.0.1 kubernetes kubernetes.default kubernetes.default.svc kubernetes.default.svc.cluster.local]
2025-01-28 23:33:34,932 INFO c.h.h.t.HelmChartContainer - [K3S] [controllermanager.go:765] "Started controller" controller="persistentvolume-binder-controller"
2025-01-28 23:33:34,932 INFO c.h.h.t.HelmChartContainer - [K3S] [controllermanager.go:717] "Controller is disabled by a feature gate" controller="volumeattributesclass-protection-controller" requiredFeatureGates=["VolumeAttributesClass"]
2025-01-28 23:33:34,932 INFO c.h.h.t.HelmChartContainer - [K3S] [controllermanager.go:717] "Controller is disabled by a feature gate" controller="resourceclaim-controller" requiredFeatureGates=["DynamicResourceAllocation"]
2025-01-28 23:33:34,932 INFO c.h.h.t.HelmChartContainer - [K3S] [pv_controller_base.go:308] "Starting persistent volume controller"
2025-01-28 23:33:34,998 INFO c.h.h.t.HelmChartContainer - [K3S] [apiserver.go:52] "Watching apiserver"
2025-01-28 23:33:35,015 INFO c.h.h.t.HelmChartContainer - [K3S] [desired_state_of_world_populator.go:157] "Finished populating initial desired state of world"
2025-01-28 23:33:35,017 INFO c.h.h.t.HelmChartContainer - [K3S] [INFO] Starting k3s.cattle.io/v1, Kind=Addon controller
2025-01-28 23:33:35,017 INFO c.h.h.t.HelmChartContainer - [K3S] [INFO] Creating deploy event broadcaster
2025-01-28 23:33:35,022 INFO c.h.h.t.HelmChartContainer - [K3S] [event.go:389] "Event occurred" object="kube-system/ccm" fieldPath="" kind="Addon" apiVersion="k3s.cattle.io/v1" type="Normal" reason="ApplyingManifest" message="Applying manifest at \"/var/lib/rancher/k3s/server/manifests/ccm.yaml\""
2025-01-28 23:33:35,046 INFO c.h.h.t.HelmChartContainer - [K3S] [event.go:389] "Event occurred" object="kube-system/ccm" fieldPath="" kind="Addon" apiVersion="k3s.cattle.io/v1" type="Normal" reason="AppliedManifest" message="Applied manifest at \"/var/lib/rancher/k3s/server/manifests/ccm.yaml\""
2025-01-28 23:33:35,055 INFO c.h.h.t.HelmChartContainer - [K3S] [event.go:389] "Event occurred" object="kube-system/coredns" fieldPath="" kind="Addon" apiVersion="k3s.cattle.io/v1" type="Normal" reason="ApplyingManifest" message="Applying manifest at \"/var/lib/rancher/k3s/server/manifests/coredns.yaml\""
2025-01-28 23:33:35,079 INFO c.h.h.t.HelmChartContainer - [K3S] [controllermanager.go:765] "Started controller" controller="token-cleaner-controller"
2025-01-28 23:33:35,079 INFO c.h.h.t.HelmChartContainer - [K3S] [tokencleaner.go:117] "Starting token cleaner controller"
2025-01-28 23:33:35,120 INFO c.h.h.t.HelmChartContainer - [K3S] [INFO] Starting /v1, Kind=Node controller
2025-01-28 23:33:35,121 INFO c.h.h.t.HelmChartContainer - [K3S] [INFO] Creating helm-controller event broadcaster
2025-01-28 23:33:35,134 INFO c.h.h.t.HelmChartContainer - [K3S] [INFO] Labels and annotations have been set successfully on node: 349c386a830b
2025-01-28 23:33:35,140 INFO c.h.h.t.HelmChartContainer - [K3S] [INFO] Cluster dns configmap has been set successfully
2025-01-28 23:33:35,229 INFO c.h.h.t.HelmChartContainer - [K3S] [INFO] Starting helm.cattle.io/v1, Kind=HelmChartConfig controller
2025-01-28 23:33:35,229 INFO c.h.h.t.HelmChartContainer - [K3S] [INFO] Starting helm.cattle.io/v1, Kind=HelmChart controller
2025-01-28 23:33:35,231 INFO c.h.h.t.HelmChartContainer - [K3S] [INFO] Starting rbac.authorization.k8s.io/v1, Kind=ClusterRoleBinding controller
2025-01-28 23:33:35,234 INFO c.h.h.t.HelmChartContainer - [K3S] [INFO] Starting batch/v1, Kind=Job controller
2025-01-28 23:33:35,234 INFO c.h.h.t.HelmChartContainer - [K3S] [INFO] Starting /v1, Kind=ConfigMap controller
2025-01-28 23:33:35,234 INFO c.h.h.t.HelmChartContainer - [K3S] [INFO] Starting /v1, Kind=Secret controller
2025-01-28 23:33:35,234 INFO c.h.h.t.HelmChartContainer - [K3S] [INFO] Starting /v1, Kind=ServiceAccount controller
2025-01-28 23:33:35,254 INFO c.h.h.t.HelmChartContainer - [K3S] [alloc.go:330] "allocated clusterIPs" service="kube-system/kube-dns" clusterIPs={"IPv4":"10.43.0.10"}
2025-01-28 23:33:35,255 INFO c.h.h.t.HelmChartContainer - [K3S] [event.go:389] "Event occurred" object="kube-system/coredns" fieldPath="" kind="Addon" apiVersion="k3s.cattle.io/v1" type="Normal" reason="AppliedManifest" message="Applied manifest at \"/var/lib/rancher/k3s/server/manifests/coredns.yaml\""
2025-01-28 23:33:35,261 INFO c.h.h.t.HelmChartContainer - [K3S] [event.go:389] "Event occurred" object="kube-system/local-storage" fieldPath="" kind="Addon" apiVersion="k3s.cattle.io/v1" type="Normal" reason="ApplyingManifest" message="Applying manifest at \"/var/lib/rancher/k3s/server/manifests/local-storage.yaml\""
2025-01-28 23:33:35,355 INFO c.h.h.t.HelmChartContainer - [K3S] [event.go:389] "Event occurred" object="kube-system/local-storage" fieldPath="" kind="Addon" apiVersion="k3s.cattle.io/v1" type="Normal" reason="AppliedManifest" message="Applied manifest at \"/var/lib/rancher/k3s/server/manifests/local-storage.yaml\""
2025-01-28 23:33:35,359 INFO c.h.h.t.HelmChartContainer - [K3S] [event.go:389] "Event occurred" object="kube-system/aggregated-metrics-reader" fieldPath="" kind="Addon" apiVersion="k3s.cattle.io/v1" type="Normal" reason="ApplyingManifest" message="Applying manifest at \"/var/lib/rancher/k3s/server/manifests/metrics-server/aggregated-metrics-reader.yaml\""
2025-01-28 23:33:35,370 INFO c.h.h.t.HelmChartContainer - [K3S] [event.go:389] "Event occurred" object="kube-system/aggregated-metrics-reader" fieldPath="" kind="Addon" apiVersion="k3s.cattle.io/v1" type="Normal" reason="AppliedManifest" message="Applied manifest at \"/var/lib/rancher/k3s/server/manifests/metrics-server/aggregated-metrics-reader.yaml\""
2025-01-28 23:33:35,375 INFO c.h.h.t.HelmChartContainer - [K3S] [event.go:389] "Event occurred" object="kube-system/auth-delegator" fieldPath="" kind="Addon" apiVersion="k3s.cattle.io/v1" type="Normal" reason="ApplyingManifest" message="Applying manifest at \"/var/lib/rancher/k3s/server/manifests/metrics-server/auth-delegator.yaml\""
2025-01-28 23:33:35,383 INFO c.h.h.t.HelmChartContainer - [K3S] [controllermanager.go:765] "Started controller" controller="resourcequota-controller"
2025-01-28 23:33:35,383 INFO c.h.h.t.HelmChartContainer - [K3S] [resource_quota_controller.go:300] "Starting resource quota controller"
2025-01-28 23:33:35,436 INFO c.h.h.t.HelmChartContainer - [K3S] [event.go:389] "Event occurred" object="kube-system/auth-delegator" fieldPath="" kind="Addon" apiVersion="k3s.cattle.io/v1" type="Normal" reason="AppliedManifest" message="Applied manifest at \"/var/lib/rancher/k3s/server/manifests/metrics-server/auth-delegator.yaml\""
2025-01-28 23:33:35,441 INFO c.h.h.t.HelmChartContainer - [K3S] [event.go:389] "Event occurred" object="kube-system/auth-reader" fieldPath="" kind="Addon" apiVersion="k3s.cattle.io/v1" type="Normal" reason="ApplyingManifest" message="Applying manifest at \"/var/lib/rancher/k3s/server/manifests/metrics-server/auth-reader.yaml\""
2025-01-28 23:33:35,445 INFO c.h.h.t.HelmChartContainer - [K3S] [event.go:389] "Event occurred" object="kube-system/auth-reader" fieldPath="" kind="Addon" apiVersion="k3s.cattle.io/v1" type="Normal" reason="AppliedManifest" message="Applied manifest at \"/var/lib/rancher/k3s/server/manifests/metrics-server/auth-reader.yaml\""
2025-01-28 23:33:35,450 INFO c.h.h.t.HelmChartContainer - [K3S] [event.go:389] "Event occurred" object="kube-system/metrics-apiservice" fieldPath="" kind="Addon" apiVersion="k3s.cattle.io/v1" type="Normal" reason="ApplyingManifest" message="Applying manifest at \"/var/lib/rancher/k3s/server/manifests/metrics-server/metrics-apiservice.yaml\""
2025-01-28 23:33:35,456 INFO c.h.h.t.HelmChartContainer - [K3S] [event.go:389] "Event occurred" object="kube-system/metrics-apiservice" fieldPath="" kind="Addon" apiVersion="k3s.cattle.io/v1" type="Normal" reason="AppliedManifest" message="Applied manifest at \"/var/lib/rancher/k3s/server/manifests/metrics-server/metrics-apiservice.yaml\""
2025-01-28 23:33:35,459 INFO c.h.h.t.HelmChartContainer - [K3S] [handler_proxy.go:99] no RequestInfo found in the context
2025-01-28 23:33:35,459 INFO c.h.h.t.HelmChartContainer - [K3S] [controller.go:146] "Unhandled Error" err=<
2025-01-28 23:33:35,459 INFO c.h.h.t.HelmChartContainer - [K3S] 	, Header: map[Content-Type:[text/plain; charset=utf-8] X-Content-Type-Options:[nosniff]]
2025-01-28 23:33:35,459 INFO c.h.h.t.HelmChartContainer - [K3S]  >
2025-01-28 23:33:35,460 INFO c.h.h.t.HelmChartContainer - [K3S] [handler_proxy.go:143] error resolving kube-system/metrics-server: service "metrics-server" not found
2025-01-28 23:33:35,463 INFO c.h.h.t.HelmChartContainer - [K3S] [event.go:389] "Event occurred" object="kube-system/metrics-server-deployment" fieldPath="" kind="Addon" apiVersion="k3s.cattle.io/v1" type="Normal" reason="ApplyingManifest" message="Applying manifest at \"/var/lib/rancher/k3s/server/manifests/metrics-server/metrics-server-deployment.yaml\""
2025-01-28 23:33:35,472 INFO c.h.h.t.HelmChartContainer - [K3S] [event.go:389] "Event occurred" object="kube-system/metrics-server-deployment" fieldPath="" kind="Addon" apiVersion="k3s.cattle.io/v1" type="Normal" reason="AppliedManifest" message="Applied manifest at \"/var/lib/rancher/k3s/server/manifests/metrics-server/metrics-server-deployment.yaml\""
2025-01-28 23:33:35,477 INFO c.h.h.t.HelmChartContainer - [K3S] [event.go:389] "Event occurred" object="kube-system/metrics-server-service" fieldPath="" kind="Addon" apiVersion="k3s.cattle.io/v1" type="Normal" reason="ApplyingManifest" message="Applying manifest at \"/var/lib/rancher/k3s/server/manifests/metrics-server/metrics-server-service.yaml\""
2025-01-28 23:33:35,483 INFO c.h.h.t.HelmChartContainer - [K3S] [alloc.go:330] "allocated clusterIPs" service="kube-system/metrics-server" clusterIPs={"IPv4":"10.43.10.213"}
2025-01-28 23:33:35,483 INFO c.h.h.t.HelmChartContainer - [K3S] [event.go:389] "Event occurred" object="kube-system/metrics-server-service" fieldPath="" kind="Addon" apiVersion="k3s.cattle.io/v1" type="Normal" reason="AppliedManifest" message="Applied manifest at \"/var/lib/rancher/k3s/server/manifests/metrics-server/metrics-server-service.yaml\""
2025-01-28 23:33:35,487 INFO c.h.h.t.HelmChartContainer - [K3S] [handler_proxy.go:99] no RequestInfo found in the context
2025-01-28 23:33:35,487 INFO c.h.h.t.HelmChartContainer - [K3S] [controller.go:146] "Unhandled Error" err=<
2025-01-28 23:33:35,487 INFO c.h.h.t.HelmChartContainer - [K3S] 	, Header: map[Content-Type:[text/plain; charset=utf-8] X-Content-Type-Options:[nosniff]]
2025-01-28 23:33:35,487 INFO c.h.h.t.HelmChartContainer - [K3S]  >
2025-01-28 23:33:35,488 INFO c.h.h.t.HelmChartContainer - [K3S] [handler_proxy.go:143] error resolving kube-system/metrics-server: endpoints "metrics-server" not found
2025-01-28 23:33:35,491 INFO c.h.h.t.HelmChartContainer - [K3S] [event.go:389] "Event occurred" object="kube-system/resource-reader" fieldPath="" kind="Addon" apiVersion="k3s.cattle.io/v1" type="Normal" reason="ApplyingManifest" message="Applying manifest at \"/var/lib/rancher/k3s/server/manifests/metrics-server/resource-reader.yaml\""
2025-01-28 23:33:35,537 INFO c.h.h.t.HelmChartContainer - [K3S] [event.go:389] "Event occurred" object="kube-system/resource-reader" fieldPath="" kind="Addon" apiVersion="k3s.cattle.io/v1" type="Normal" reason="AppliedManifest" message="Applied manifest at \"/var/lib/rancher/k3s/server/manifests/metrics-server/resource-reader.yaml\""
2025-01-28 23:33:35,542 INFO c.h.h.t.HelmChartContainer - [K3S] [event.go:389] "Event occurred" object="kube-system/rolebindings" fieldPath="" kind="Addon" apiVersion="k3s.cattle.io/v1" type="Normal" reason="ApplyingManifest" message="Applying manifest at \"/var/lib/rancher/k3s/server/manifests/rolebindings.yaml\""
2025-01-28 23:33:35,578 INFO c.h.h.t.HelmChartContainer - [K3S] [controllermanager.go:765] "Started controller" controller="disruption-controller"
2025-01-28 23:33:35,578 INFO c.h.h.t.HelmChartContainer - [K3S] [disruption.go:452] "Sending events to api server."
2025-01-28 23:33:35,578 INFO c.h.h.t.HelmChartContainer - [K3S] [disruption.go:463] "Starting disruption controller"
2025-01-28 23:33:35,629 INFO c.h.h.t.HelmChartContainer - [K3S] [node_lifecycle_controller.go:432] "Controller will reconcile labels"
2025-01-28 23:33:35,629 INFO c.h.h.t.HelmChartContainer - [K3S] [controllermanager.go:765] "Started controller" controller="node-lifecycle-controller"
2025-01-28 23:33:35,629 INFO c.h.h.t.HelmChartContainer - [K3S] [controllermanager.go:717] "Controller is disabled by a feature gate" controller="storageversion-garbage-collector-controller" requiredFeatureGates=["APIServerIdentity","StorageVersionAPI"]
2025-01-28 23:33:35,629 INFO c.h.h.t.HelmChartContainer - [K3S] [node_lifecycle_controller.go:466] "Sending events to api server"
2025-01-28 23:33:35,629 INFO c.h.h.t.HelmChartContainer - [K3S] [node_lifecycle_controller.go:477] "Starting node controller"
2025-01-28 23:33:35,647 INFO c.h.h.t.HelmChartContainer - [K3S] [event.go:389] "Event occurred" object="kube-system/rolebindings" fieldPath="" kind="Addon" apiVersion="k3s.cattle.io/v1" type="Normal" reason="AppliedManifest" message="Applied manifest at \"/var/lib/rancher/k3s/server/manifests/rolebindings.yaml\""
2025-01-28 23:33:35,653 INFO c.h.h.t.HelmChartContainer - [K3S] [event.go:389] "Event occurred" object="kube-system/runtimes" fieldPath="" kind="Addon" apiVersion="k3s.cattle.io/v1" type="Normal" reason="ApplyingManifest" message="Applying manifest at \"/var/lib/rancher/k3s/server/manifests/runtimes.yaml\""
2025-01-28 23:33:35,675 INFO c.h.h.t.HelmChartContainer - [K3S] [event.go:389] "Event occurred" object="kube-system/runtimes" fieldPath="" kind="Addon" apiVersion="k3s.cattle.io/v1" type="Normal" reason="AppliedManifest" message="Applied manifest at \"/var/lib/rancher/k3s/server/manifests/runtimes.yaml\""
2025-01-28 23:33:35,683 INFO c.h.h.t.HelmChartContainer - [K3S] [INFO] Updating TLS secret for kube-system/k3s-serving (count: 10): map[listener.cattle.io/cn-10.43.0.1:10.43.0.1 listener.cattle.io/cn-127.0.0.1:127.0.0.1 listener.cattle.io/cn-172.18.0.2:172.18.0.2 listener.cattle.io/cn-349c386a830b:349c386a830b listener.cattle.io/cn-__1-f16284:::1 listener.cattle.io/cn-kubernetes:kubernetes listener.cattle.io/cn-kubernetes.default:kubernetes.default listener.cattle.io/cn-kubernetes.default.svc:kubernetes.default.svc listener.cattle.io/cn-kubernetes.default.svc.cluster.local:kubernetes.default.svc.cluster.local listener.cattle.io/cn-localhost:localhost listener.cattle.io/fingerprint:SHA1=D99200B2017CBA3FCB2E62490706DC41AAC759B0]
2025-01-28 23:33:35,685 INFO c.h.h.t.HelmChartContainer - [K3S] [INFO] Active TLS secret kube-system/k3s-serving (ver=335) (count 10): map[listener.cattle.io/cn-10.43.0.1:10.43.0.1 listener.cattle.io/cn-127.0.0.1:127.0.0.1 listener.cattle.io/cn-172.18.0.2:172.18.0.2 listener.cattle.io/cn-349c386a830b:349c386a830b listener.cattle.io/cn-__1-f16284:::1 listener.cattle.io/cn-kubernetes:kubernetes listener.cattle.io/cn-kubernetes.default:kubernetes.default listener.cattle.io/cn-kubernetes.default.svc:kubernetes.default.svc listener.cattle.io/cn-kubernetes.default.svc.cluster.local:kubernetes.default.svc.cluster.local listener.cattle.io/cn-localhost:localhost listener.cattle.io/fingerprint:SHA1=D99200B2017CBA3FCB2E62490706DC41AAC759B0]
2025-01-28 23:33:35,779 INFO c.h.h.t.HelmChartContainer - [K3S] [controllermanager.go:765] "Started controller" controller="replicationcontroller-controller"
2025-01-28 23:33:35,780 INFO c.h.h.t.HelmChartContainer - [K3S] [replica_set.go:217] "Starting controller" name="replicationcontroller"
2025-01-28 23:33:35,780 INFO c.h.h.t.HelmChartContainer - [K3S] [INFO] Updating TLS secret for kube-system/k3s-serving (count: 10): map[listener.cattle.io/cn-10.43.0.1:10.43.0.1 listener.cattle.io/cn-127.0.0.1:127.0.0.1 listener.cattle.io/cn-172.18.0.2:172.18.0.2 listener.cattle.io/cn-349c386a830b:349c386a830b listener.cattle.io/cn-__1-f16284:::1 listener.cattle.io/cn-kubernetes:kubernetes listener.cattle.io/cn-kubernetes.default:kubernetes.default listener.cattle.io/cn-kubernetes.default.svc:kubernetes.default.svc listener.cattle.io/cn-kubernetes.default.svc.cluster.local:kubernetes.default.svc.cluster.local listener.cattle.io/cn-localhost:localhost listener.cattle.io/fingerprint:SHA1=D99200B2017CBA3FCB2E62490706DC41AAC759B0]
2025-01-28 23:33:35,930 INFO c.h.h.t.HelmChartContainer - [K3S] [controllermanager.go:765] "Started controller" controller="pod-garbage-collector-controller"
2025-01-28 23:33:35,930 INFO c.h.h.t.HelmChartContainer - [K3S] [gc_controller.go:99] "Starting GC controller"
2025-01-28 23:33:35,981 INFO c.h.h.t.HelmChartContainer - [K3S] [INFO] Tunnel authorizer set Kubelet Port 0.0.0.0:10250
2025-01-28 23:33:36,081 INFO c.h.h.t.HelmChartContainer - [K3S] [controllermanager.go:765] "Started controller" controller="statefulset-controller"
2025-01-28 23:33:36,081 INFO c.h.h.t.HelmChartContainer - [K3S] [stateful_set.go:166] "Starting stateful set controller"
2025-01-28 23:33:36,209 INFO c.h.h.t.HelmChartContainer - [K3S] [serving.go:392] Generated self-signed cert in-memory
2025-01-28 23:33:36,230 INFO c.h.h.t.HelmChartContainer - [K3S] [controllermanager.go:765] "Started controller" controller="certificatesigningrequest-approving-controller"
2025-01-28 23:33:36,230 INFO c.h.h.t.HelmChartContainer - [K3S] [controllermanager.go:723] "Skipping a cloud provider controller" controller="cloud-node-lifecycle-controller"
2025-01-28 23:33:36,230 INFO c.h.h.t.HelmChartContainer - [K3S] [certificate_controller.go:120] "Starting certificate controller" name="csrapproving"
2025-01-28 23:33:36,379 INFO c.h.h.t.HelmChartContainer - [K3S] [controllermanager.go:765] "Started controller" controller="persistentvolume-expander-controller"
2025-01-28 23:33:36,379 INFO c.h.h.t.HelmChartContainer - [K3S] [expand_controller.go:329] "Starting expand controller"
2025-01-28 23:33:36,457 INFO c.h.h.t.HelmChartContainer - [K3S] [handler_proxy.go:99] no RequestInfo found in the context
2025-01-28 23:33:36,457 INFO c.h.h.t.HelmChartContainer - [K3S] [handler_proxy.go:99] no RequestInfo found in the context
2025-01-28 23:33:36,457 INFO c.h.h.t.HelmChartContainer - [K3S] [controller.go:102] "Unhandled Error" err=<
2025-01-28 23:33:36,457 INFO c.h.h.t.HelmChartContainer - [K3S] 	, Header: map[Content-Type:[text/plain; charset=utf-8] X-Content-Type-Options:[nosniff]]
2025-01-28 23:33:36,457 INFO c.h.h.t.HelmChartContainer - [K3S]  >
2025-01-28 23:33:36,506 INFO c.h.h.t.HelmChartContainer - [K3S] [event.go:389] "Event occurred" object="349c386a830b" fieldPath="" kind="Node" apiVersion="" type="Normal" reason="NodePasswordValidationComplete" message="Deferred node password secret validation complete"
2025-01-28 23:33:36,530 INFO c.h.h.t.HelmChartContainer - [K3S] [controllermanager.go:765] "Started controller" controller="persistentvolumeclaim-protection-controller"
2025-01-28 23:33:36,530 INFO c.h.h.t.HelmChartContainer - [K3S] [pvc_protection_controller.go:168] "Starting PVC protection controller"
2025-01-28 23:33:36,576 INFO c.h.h.t.HelmChartContainer - [K3S] [serving.go:392] Generated self-signed cert in-memory
2025-01-28 23:33:36,680 INFO c.h.h.t.HelmChartContainer - [K3S] [controllermanager.go:765] "Started controller" controller="endpointslice-mirroring-controller"
2025-01-28 23:33:36,680 INFO c.h.h.t.HelmChartContainer - [K3S] [endpointslicemirroring_controller.go:227] "Starting EndpointSliceMirroring controller"
2025-01-28 23:33:36,729 INFO c.h.h.t.HelmChartContainer - [K3S] [certificate_controller.go:120] "Starting certificate controller" name="csrsigning-kubelet-serving"
2025-01-28 23:33:36,730 INFO c.h.h.t.HelmChartContainer - [K3S] [dynamic_serving_content.go:135] "Starting controller" name="csr-controller::/var/lib/rancher/k3s/server/tls/server-ca.nochain.crt::/var/lib/rancher/k3s/server/tls/server-ca.key"
2025-01-28 23:33:36,731 INFO c.h.h.t.HelmChartContainer - [K3S] [certificate_controller.go:120] "Starting certificate controller" name="csrsigning-kubelet-client"
2025-01-28 23:33:36,731 INFO c.h.h.t.HelmChartContainer - [K3S] [dynamic_serving_content.go:135] "Starting controller" name="csr-controller::/var/lib/rancher/k3s/server/tls/client-ca.nochain.crt::/var/lib/rancher/k3s/server/tls/client-ca.key"
2025-01-28 23:33:36,731 INFO c.h.h.t.HelmChartContainer - [K3S] [certificate_controller.go:120] "Starting certificate controller" name="csrsigning-kube-apiserver-client"
2025-01-28 23:33:36,731 INFO c.h.h.t.HelmChartContainer - [K3S] [dynamic_serving_content.go:135] "Starting controller" name="csr-controller::/var/lib/rancher/k3s/server/tls/client-ca.nochain.crt::/var/lib/rancher/k3s/server/tls/client-ca.key"
2025-01-28 23:33:36,731 INFO c.h.h.t.HelmChartContainer - [K3S] [controllermanager.go:765] "Started controller" controller="certificatesigningrequest-signing-controller"
2025-01-28 23:33:36,731 INFO c.h.h.t.HelmChartContainer - [K3S] [certificate_controller.go:120] "Starting certificate controller" name="csrsigning-legacy-unknown"
2025-01-28 23:33:36,731 INFO c.h.h.t.HelmChartContainer - [K3S] [dynamic_serving_content.go:135] "Starting controller" name="csr-controller::/var/lib/rancher/k3s/server/tls/server-ca.nochain.crt::/var/lib/rancher/k3s/server/tls/server-ca.key"
2025-01-28 23:33:36,775 INFO c.h.h.t.HelmChartContainer - [K3S] [controllermanager.go:160] Version: v1.32.1+k3s1
2025-01-28 23:33:36,780 INFO c.h.h.t.HelmChartContainer - [K3S] [requestheader_controller.go:180] Starting RequestHeaderAuthRequestController
2025-01-28 23:33:36,781 INFO c.h.h.t.HelmChartContainer - [K3S] [configmap_cafile_content.go:205] "Starting controller" name="client-ca::kube-system::extension-apiserver-authentication::client-ca-file"
2025-01-28 23:33:36,781 INFO c.h.h.t.HelmChartContainer - [K3S] [configmap_cafile_content.go:205] "Starting controller" name="client-ca::kube-system::extension-apiserver-authentication::requestheader-client-ca-file"
2025-01-28 23:33:36,782 INFO c.h.h.t.HelmChartContainer - [K3S] [secure_serving.go:213] Serving securely on 127.0.0.1:10258
2025-01-28 23:33:36,782 INFO c.h.h.t.HelmChartContainer - [K3S] [tlsconfig.go:243] "Starting DynamicServingCertificateController"
2025-01-28 23:33:36,783 INFO c.h.h.t.HelmChartContainer - [K3S] [controllermanager.go:765] "Started controller" controller="certificatesigningrequest-cleaner-controller"
2025-01-28 23:33:36,783 INFO c.h.h.t.HelmChartContainer - [K3S] [cleaner.go:83] "Starting CSR cleaner controller"
2025-01-28 23:33:36,784 INFO c.h.h.t.HelmChartContainer - [K3S] [INFO] Creating service-lb-controller event broadcaster
2025-01-28 23:33:36,897 INFO c.h.h.t.HelmChartContainer - [K3S] [INFO] Starting /v1, Kind=Node controller
2025-01-28 23:33:36,900 INFO c.h.h.t.HelmChartContainer - [K3S] [INFO] Starting /v1, Kind=Pod controller
2025-01-28 23:33:36,903 INFO c.h.h.t.HelmChartContainer - [K3S] [INFO] Starting apps/v1, Kind=DaemonSet controller
2025-01-28 23:33:36,906 INFO c.h.h.t.HelmChartContainer - [K3S] [controllermanager.go:306] "node-route-controller" is disabled
2025-01-28 23:33:36,906 INFO c.h.h.t.HelmChartContainer - [K3S] [INFO] Starting discovery.k8s.io/v1, Kind=EndpointSlice controller
2025-01-28 23:33:36,907 INFO c.h.h.t.HelmChartContainer - [K3S] [controllermanager.go:329] Started "cloud-node-controller"
2025-01-28 23:33:36,908 INFO c.h.h.t.HelmChartContainer - [K3S] [controllermanager.go:329] Started "cloud-node-lifecycle-controller"
2025-01-28 23:33:36,908 INFO c.h.h.t.HelmChartContainer - [K3S] [node_controller.go:176] Sending events to api server.
2025-01-28 23:33:36,908 INFO c.h.h.t.HelmChartContainer - [K3S] [node_controller.go:185] Waiting for informer caches to sync
2025-01-28 23:33:36,908 INFO c.h.h.t.HelmChartContainer - [K3S] [node_lifecycle_controller.go:112] Sending events to api server
2025-01-28 23:33:36,908 INFO c.h.h.t.HelmChartContainer - [K3S] [controllermanager.go:329] Started "service-lb-controller"
2025-01-28 23:33:36,908 INFO c.h.h.t.HelmChartContainer - [K3S] [controller.go:234] Starting service controller
2025-01-28 23:33:36,980 INFO c.h.h.t.HelmChartContainer - [K3S] [controllermanager.go:765] "Started controller" controller="validatingadmissionpolicy-status-controller"
2025-01-28 23:33:36,981 INFO c.h.h.t.HelmChartContainer - [K3S] [INFO] Started tunnel to 172.18.0.2:6443
2025-01-28 23:33:36,983 INFO c.h.h.t.HelmChartContainer - [K3S] [INFO] Stopped tunnel to 127.0.0.1:6443
2025-01-28 23:33:36,983 INFO c.h.h.t.HelmChartContainer - [K3S] [INFO] Connecting to proxy" url="wss://172.18.0.2:6443/v1-k3s/connect
2025-01-28 23:33:36,983 INFO c.h.h.t.HelmChartContainer - [K3S] [INFO] Proxy done" err="context canceled" url="wss://127.0.0.1:6443/v1-k3s/connect
2025-01-28 23:33:36,983 INFO c.h.h.t.HelmChartContainer - [K3S] [INFO] error in remotedialer server [400]: websocket: close 1006 (abnormal closure): unexpected EOF
2025-01-28 23:33:36,984 INFO c.h.h.t.HelmChartContainer - [K3S] [INFO] Handling backend connection request [349c386a830b]
2025-01-28 23:33:36,985 INFO c.h.h.t.HelmChartContainer - [K3S] [INFO] Remotedialer connected to proxy" url="wss://172.18.0.2:6443/v1-k3s/connect
2025-01-28 23:33:37,007 INFO c.h.h.t.HelmChartContainer - [K3S] [node_controller.go:429] Initializing node 349c386a830b with cloud provider
2025-01-28 23:33:37,011 INFO c.h.h.t.HelmChartContainer - [K3S] [node_controller.go:474] Successfully initialized node 349c386a830b with cloud provider
2025-01-28 23:33:37,011 INFO c.h.h.t.HelmChartContainer - [K3S] [event.go:389] "Event occurred" object="349c386a830b" fieldPath="" kind="Node" apiVersion="v1" type="Normal" reason="Synced" message="Node synced successfully"
2025-01-28 23:33:37,028 INFO c.h.h.t.HelmChartContainer - [K3S] [INFO] Updated coredns NodeHosts entry for 349c386a830b
2025-01-28 23:33:37,129 INFO c.h.h.t.HelmChartContainer - [K3S] [controllermanager.go:765] "Started controller" controller="ephemeral-volume-controller"
2025-01-28 23:33:37,129 INFO c.h.h.t.HelmChartContainer - [K3S] [controller.go:173] "Starting ephemeral volume controller"
2025-01-28 23:33:37,168 INFO c.h.h.t.HelmChartContainer - [K3S] [serving.go:392] Generated self-signed cert in-memory
2025-01-28 23:33:37,280 INFO c.h.h.t.HelmChartContainer - [K3S] [controllermanager.go:765] "Started controller" controller="endpointslice-controller"
2025-01-28 23:33:37,280 INFO c.h.h.t.HelmChartContainer - [K3S] [endpointslice_controller.go:281] "Starting endpoint slice controller"
2025-01-28 23:33:37,429 INFO c.h.h.t.HelmChartContainer - [K3S] [controllermanager.go:765] "Started controller" controller="ttl-controller"
2025-01-28 23:33:37,430 INFO c.h.h.t.HelmChartContainer - [K3S] [controllermanager.go:723] "Skipping a cloud provider controller" controller="service-lb-controller"
2025-01-28 23:33:37,430 INFO c.h.h.t.HelmChartContainer - [K3S] [ttl_controller.go:127] "Starting TTL controller"
2025-01-28 23:33:37,500 INFO c.h.h.t.HelmChartContainer - [K3S] [server.go:164] "Starting Kubernetes Scheduler" version="v1.32.1+k3s1"
2025-01-28 23:33:37,500 INFO c.h.h.t.HelmChartContainer - [K3S] [server.go:166] "Golang settings" GOGC="" GOMAXPROCS="" GOTRACEBACK=""
2025-01-28 23:33:37,505 INFO c.h.h.t.HelmChartContainer - [K3S] [requestheader_controller.go:180] Starting RequestHeaderAuthRequestController
2025-01-28 23:33:37,506 INFO c.h.h.t.HelmChartContainer - [K3S] [configmap_cafile_content.go:205] "Starting controller" name="client-ca::kube-system::extension-apiserver-authentication::client-ca-file"
2025-01-28 23:33:37,506 INFO c.h.h.t.HelmChartContainer - [K3S] [configmap_cafile_content.go:205] "Starting controller" name="client-ca::kube-system::extension-apiserver-authentication::requestheader-client-ca-file"
2025-01-28 23:33:37,506 INFO c.h.h.t.HelmChartContainer - [K3S] [secure_serving.go:213] Serving securely on 127.0.0.1:10259
2025-01-28 23:33:37,506 INFO c.h.h.t.HelmChartContainer - [K3S] [tlsconfig.go:243] "Starting DynamicServingCertificateController"
2025-01-28 23:33:37,579 INFO c.h.h.t.HelmChartContainer - [K3S] [controllermanager.go:765] "Started controller" controller="persistentvolume-attach-detach-controller"
2025-01-28 23:33:37,579 INFO c.h.h.t.HelmChartContainer - [K3S] [attach_detach_controller.go:338] "Starting attach detach controller"
2025-01-28 23:33:37,729 INFO c.h.h.t.HelmChartContainer - [K3S] [controllermanager.go:765] "Started controller" controller="persistentvolume-protection-controller"
2025-01-28 23:33:37,729 INFO c.h.h.t.HelmChartContainer - [K3S] [pv_protection_controller.go:81] "Starting PV protection controller"
2025-01-28 23:33:37,879 INFO c.h.h.t.HelmChartContainer - [K3S] [controllermanager.go:765] "Started controller" controller="ttl-after-finished-controller"
2025-01-28 23:33:37,879 INFO c.h.h.t.HelmChartContainer - [K3S] [ttlafterfinished_controller.go:112] "Starting TTL after finished controller"
2025-01-28 23:33:38,029 INFO c.h.h.t.HelmChartContainer - [K3S] [controllermanager.go:765] "Started controller" controller="root-ca-certificate-publisher-controller"
2025-01-28 23:33:38,030 INFO c.h.h.t.HelmChartContainer - [K3S] [controllermanager.go:717] "Controller is disabled by a feature gate" controller="selinux-warning-controller" requiredFeatureGates=["SELinuxChangePolicy"]
2025-01-28 23:33:38,030 INFO c.h.h.t.HelmChartContainer - [K3S] [controllermanager.go:717] "Controller is disabled by a feature gate" controller="service-cidr-controller" requiredFeatureGates=["MultiCIDRServiceAllocator"]
2025-01-28 23:33:38,030 INFO c.h.h.t.HelmChartContainer - [K3S] [publisher.go:107] "Starting root CA cert publisher controller"
2025-01-28 23:33:38,185 INFO c.h.h.t.HelmChartContainer - [K3S] [controllermanager.go:765] "Started controller" controller="endpoints-controller"
2025-01-28 23:33:38,185 INFO c.h.h.t.HelmChartContainer - [K3S] [endpoints_controller.go:182] "Starting endpoint controller"
2025-01-28 23:33:38,429 INFO c.h.h.t.HelmChartContainer - [K3S] [graph_builder.go:351] "Running" component="GraphBuilder"
2025-01-28 23:33:38,429 INFO c.h.h.t.HelmChartContainer - [K3S] [controllermanager.go:765] "Started controller" controller="garbage-collector-controller"
2025-01-28 23:33:38,679 INFO c.h.h.t.HelmChartContainer - [K3S] [controllermanager.go:765] "Started controller" controller="cronjob-controller"
2025-01-28 23:33:38,680 INFO c.h.h.t.HelmChartContainer - [K3S] [controllermanager.go:728] "Warning: controller is disabled" controller="bootstrap-signer-controller"
2025-01-28 23:33:38,680 INFO c.h.h.t.HelmChartContainer - [K3S] [controllermanager.go:717] "Controller is disabled by a feature gate" controller="kube-apiserver-serving-clustertrustbundle-publisher-controller" requiredFeatureGates=["ClusterTrustBundle"]
2025-01-28 23:33:38,680 INFO c.h.h.t.HelmChartContainer - [K3S] [cronjob_controllerv2.go:145] "Starting cronjob controller v2"
2025-01-28 23:33:38,829 INFO c.h.h.t.HelmChartContainer - [K3S] [controllermanager.go:765] "Started controller" controller="legacy-serviceaccount-token-cleaner-controller"
2025-01-28 23:33:38,830 INFO c.h.h.t.HelmChartContainer - [K3S] [legacy_serviceaccount_token_cleaner.go:103] "Starting legacy service account token cleaner controller"
2025-01-28 23:33:38,830 INFO c.h.h.t.HelmChartContainer - [K3S] [controllermanager.go:743] "Warning: skipping controller" controller="storage-version-migrator-controller"
2025-01-28 23:33:38,884 INFO c.h.h.t.HelmChartContainer - [K3S] [actual_state_of_world.go:541] "Failed to update statusUpdateNeeded field in actual state of world" err="Failed to set statusUpdateNeeded to needed true, because nodeName=\"349c386a830b\" does not exist"
2025-01-28 23:33:38,985 INFO c.h.h.t.HelmChartContainer - [K3S] [range_allocator.go:177] "Sending events to api server"
2025-01-28 23:33:38,985 INFO c.h.h.t.HelmChartContainer - [K3S] [range_allocator.go:183] "Starting range CIDR allocator"
2025-01-28 23:33:38,987 INFO c.h.h.t.HelmChartContainer - [K3S] [range_allocator.go:428] "Set node PodCIDR" node="349c386a830b" podCIDRs=["10.42.0.0/24"]
2025-01-28 23:33:38,987 INFO c.h.h.t.HelmChartContainer - [K3S] [range_allocator.go:247] "Successfully synced" key="349c386a830b"
2025-01-28 23:33:38,988 INFO c.h.h.t.HelmChartContainer - [K3S] [INFO] Flannel found PodCIDR assigned for node 349c386a830b
2025-01-28 23:33:38,993 INFO c.h.h.t.HelmChartContainer - [K3S] [range_allocator.go:247] "Successfully synced" key="349c386a830b"
2025-01-28 23:33:38,993 INFO c.h.h.t.HelmChartContainer - [K3S] [INFO] The interface eth0 with ipv4 address 172.18.0.2 will be used by flannel
2025-01-28 23:33:38,993 INFO c.h.h.t.HelmChartContainer - [K3S] [kube.go:139] Waiting 10m0s for node controller to sync
2025-01-28 23:33:38,993 INFO c.h.h.t.HelmChartContainer - [K3S] [kube.go:469] Starting kube subnet manager
2025-01-28 23:33:39,103 INFO c.h.h.t.HelmChartContainer - [K3S] [INFO] Starting network policy controller version v2.2.1, built on 2025-01-28T18:27:08Z, go1.23.4
2025-01-28 23:33:39,103 INFO c.h.h.t.HelmChartContainer - [K3S] [network_policy_controller.go:164] Starting network policy controller
2025-01-28 23:33:39,132 INFO c.h.h.t.HelmChartContainer - [K3S] [node_lifecycle_controller.go:1234] "Initializing eviction metric for zone" zone=""
2025-01-28 23:33:39,132 INFO c.h.h.t.HelmChartContainer - [K3S] [node_lifecycle_controller.go:886] "Missing timestamp for Node. Assuming now as a timestamp" node="349c386a830b"
2025-01-28 23:33:39,132 INFO c.h.h.t.HelmChartContainer - [K3S] [node_lifecycle_controller.go:1080] "Controller detected that zone is now in new state" zone="" newState="Normal"
2025-01-28 23:33:39,133 INFO c.h.h.t.HelmChartContainer - [K3S] [network_policy_controller.go:176] Starting network policy controller full sync goroutine
2025-01-28 23:33:39,140 INFO c.h.h.t.HelmChartContainer - [K3S] [range_allocator.go:247] "Successfully synced" key="349c386a830b"
2025-01-28 23:33:39,253 INFO c.h.h.t.HelmChartContainer - [K3S] [range_allocator.go:247] "Successfully synced" key="349c386a830b"
2025-01-28 23:33:39,536 INFO c.h.h.t.HelmChartContainer - [K3S] [handler_proxy.go:99] no RequestInfo found in the context
2025-01-28 23:33:39,536 INFO c.h.h.t.HelmChartContainer - [K3S] [controller.go:146] "Unhandled Error" err=<
2025-01-28 23:33:39,536 INFO c.h.h.t.HelmChartContainer - [K3S] 	, Header: map[Content-Type:[text/plain; charset=utf-8] X-Content-Type-Options:[nosniff]]
2025-01-28 23:33:39,536 INFO c.h.h.t.HelmChartContainer - [K3S]  >
2025-01-28 23:33:39,537 INFO c.h.h.t.HelmChartContainer - [K3S] [handler_proxy.go:143] error resolving kube-system/metrics-server: no endpoints available for service "metrics-server"
2025-01-28 23:33:39,745 INFO c.h.h.t.HelmChartContainer - [K3S] [replica_set.go:679] "Finished syncing" kind="ReplicaSet" key="kube-system/local-path-provisioner-698b58967b" duration="303.404597ms"
2025-01-28 23:33:39,753 INFO c.h.h.t.HelmChartContainer - [K3S] [reconciler_common.go:251] "operationExecutor.VerifyControllerAttachedVolume started for volume \"kube-api-access-5tzvk\" (UniqueName: \"kubernetes.io/projected/9a89fae0-92c8-4788-b95e-abf66b79c558-kube-api-access-5tzvk\") pod \"local-path-provisioner-698b58967b-r62xk\" (UID: \"9a89fae0-92c8-4788-b95e-abf66b79c558\") " pod="kube-system/local-path-provisioner-698b58967b-r62xk"
2025-01-28 23:33:39,753 INFO c.h.h.t.HelmChartContainer - [K3S] [reconciler_common.go:251] "operationExecutor.VerifyControllerAttachedVolume started for volume \"tmp-dir\" (UniqueName: \"kubernetes.io/empty-dir/e1358ece-fc1d-46c2-ac0b-642a86b4e483-tmp-dir\") pod \"metrics-server-8584b5786c-vgznm\" (UID: \"e1358ece-fc1d-46c2-ac0b-642a86b4e483\") " pod="kube-system/metrics-server-8584b5786c-vgznm"
2025-01-28 23:33:39,753 INFO c.h.h.t.HelmChartContainer - [K3S] [reconciler_common.go:251] "operationExecutor.VerifyControllerAttachedVolume started for volume \"kube-api-access-488n8\" (UniqueName: \"kubernetes.io/projected/e1358ece-fc1d-46c2-ac0b-642a86b4e483-kube-api-access-488n8\") pod \"metrics-server-8584b5786c-vgznm\" (UID: \"e1358ece-fc1d-46c2-ac0b-642a86b4e483\") " pod="kube-system/metrics-server-8584b5786c-vgznm"
2025-01-28 23:33:39,753 INFO c.h.h.t.HelmChartContainer - [K3S] [reconciler_common.go:251] "operationExecutor.VerifyControllerAttachedVolume started for volume \"config-volume\" (UniqueName: \"kubernetes.io/configmap/9a89fae0-92c8-4788-b95e-abf66b79c558-config-volume\") pod \"local-path-provisioner-698b58967b-r62xk\" (UID: \"9a89fae0-92c8-4788-b95e-abf66b79c558\") " pod="kube-system/local-path-provisioner-698b58967b-r62xk"
2025-01-28 23:33:39,758 INFO c.h.h.t.HelmChartContainer - [K3S] [replica_set.go:679] "Finished syncing" kind="ReplicaSet" key="kube-system/coredns-ff8999cc5" duration="316.103473ms"
2025-01-28 23:33:39,758 INFO c.h.h.t.HelmChartContainer - [K3S] [replica_set.go:679] "Finished syncing" kind="ReplicaSet" key="kube-system/local-path-provisioner-698b58967b" duration="13.15897ms"
2025-01-28 23:33:39,758 INFO c.h.h.t.HelmChartContainer - [K3S] [replica_set.go:679] "Finished syncing" kind="ReplicaSet" key="kube-system/metrics-server-8584b5786c" duration="316.615513ms"
2025-01-28 23:33:39,767 INFO c.h.h.t.HelmChartContainer - [K3S] [replica_set.go:679] "Finished syncing" kind="ReplicaSet" key="kube-system/metrics-server-8584b5786c" duration="11.085438ms"
2025-01-28 23:33:39,768 INFO c.h.h.t.HelmChartContainer - [K3S] [replica_set.go:679] "Finished syncing" kind="ReplicaSet" key="kube-system/metrics-server-8584b5786c" duration="27.952µs"
2025-01-28 23:33:39,774 INFO c.h.h.t.HelmChartContainer - [K3S] [replica_set.go:679] "Finished syncing" kind="ReplicaSet" key="kube-system/local-path-provisioner-698b58967b" duration="17.930065ms"
2025-01-28 23:33:39,774 INFO c.h.h.t.HelmChartContainer - [K3S] [replica_set.go:679] "Finished syncing" kind="ReplicaSet" key="kube-system/local-path-provisioner-698b58967b" duration="27.721µs"
2025-01-28 23:33:39,777 INFO c.h.h.t.HelmChartContainer - [K3S] [replica_set.go:679] "Finished syncing" kind="ReplicaSet" key="kube-system/coredns-ff8999cc5" duration="21.258482ms"
2025-01-28 23:33:39,777 INFO c.h.h.t.HelmChartContainer - [K3S] [replica_set.go:679] "Finished syncing" kind="ReplicaSet" key="kube-system/coredns-ff8999cc5" duration="47.959µs"
2025-01-28 23:33:39,779 INFO c.h.h.t.HelmChartContainer - [K3S] [replica_set.go:679] "Finished syncing" kind="ReplicaSet" key="kube-system/coredns-ff8999cc5" duration="24.074µs"
2025-01-28 23:33:39,783 INFO c.h.h.t.HelmChartContainer - [K3S] [replica_set.go:679] "Finished syncing" kind="ReplicaSet" key="kube-system/metrics-server-8584b5786c" duration="21.69µs"
2025-01-28 23:33:39,791 INFO c.h.h.t.HelmChartContainer - [K3S] [replica_set.go:679] "Finished syncing" kind="ReplicaSet" key="kube-system/local-path-provisioner-698b58967b" duration="26.128µs"
2025-01-28 23:33:39,801 INFO c.h.h.t.HelmChartContainer - [K3S] [replica_set.go:679] "Finished syncing" kind="ReplicaSet" key="kube-system/coredns-ff8999cc5" duration="34.414µs"
2025-01-28 23:33:39,852 INFO c.h.h.t.HelmChartContainer - [K3S] [reconciler_common.go:251] "operationExecutor.VerifyControllerAttachedVolume started for volume \"config-volume\" (UniqueName: \"kubernetes.io/configmap/039ed735-7edd-42cb-bb74-3f7dd539b877-config-volume\") pod \"coredns-ff8999cc5-bgcdv\" (UID: \"039ed735-7edd-42cb-bb74-3f7dd539b877\") " pod="kube-system/coredns-ff8999cc5-bgcdv"
2025-01-28 23:33:39,853 INFO c.h.h.t.HelmChartContainer - [K3S] [reconciler_common.go:251] "operationExecutor.VerifyControllerAttachedVolume started for volume \"custom-config-volume\" (UniqueName: \"kubernetes.io/configmap/039ed735-7edd-42cb-bb74-3f7dd539b877-custom-config-volume\") pod \"coredns-ff8999cc5-bgcdv\" (UID: \"039ed735-7edd-42cb-bb74-3f7dd539b877\") " pod="kube-system/coredns-ff8999cc5-bgcdv"
2025-01-28 23:33:39,854 INFO c.h.h.t.HelmChartContainer - [K3S] [reconciler_common.go:251] "operationExecutor.VerifyControllerAttachedVolume started for volume \"kube-api-access-j5zql\" (UniqueName: \"kubernetes.io/projected/039ed735-7edd-42cb-bb74-3f7dd539b877-kube-api-access-j5zql\") pod \"coredns-ff8999cc5-bgcdv\" (UID: \"039ed735-7edd-42cb-bb74-3f7dd539b877\") " pod="kube-system/coredns-ff8999cc5-bgcdv"
2025-01-28 23:33:39,991 INFO c.h.h.t.HelmChartContainer - [K3S] [kube.go:146] Node controller sync successful
2025-01-28 23:33:39,991 INFO c.h.h.t.HelmChartContainer - [K3S] [vxlan.go:141] VXLAN config: VNI=1 Port=0 GBP=false Learning=false DirectRouting=false
2025-01-28 23:33:39,993 INFO c.h.h.t.HelmChartContainer - [K3S] [kube.go:636] List of node(349c386a830b) annotations: map[string]string{"alpha.kubernetes.io/provided-node-ip":"172.18.0.2", "k3s.io/hostname":"349c386a830b", "k3s.io/internal-ip":"172.18.0.2", "k3s.io/node-args":"[\"server\",\"--etcd-arg\",\"unsafe-no-fsync\",\"--etcd-arg\",\"snapshot-count=10000\",\"--etcd-arg\",\"auto-compaction-mode=revision\",\"--etcd-arg\",\"auto-compaction-retention=1000000\",\"--kube-apiserver-arg\",\"etcd-compaction-interval=0s\",\"--disable\",\"traefik\",\"--tls-san\",\"localhost\"]", "k3s.io/node-config-hash":"2QNNT5M5XUBFOLO5XPGEVGOM5UDLHHTIVMSRUPAUHE5DU3HUYQUQ====", "k3s.io/node-env":"{}", "node.alpha.kubernetes.io/ttl":"0", "volumes.kubernetes.io/controller-managed-attach-detach":"true"}
2025-01-28 23:33:40,000 INFO c.h.h.t.HelmChartContainer - [K3S] [iptables.go:51] Starting flannel in iptables mode...
2025-01-28 23:33:40,000 INFO c.h.h.t.HelmChartContainer - [K3S] [WARNING] no subnet found for key: FLANNEL_NETWORK in file: /run/flannel/subnet.env
2025-01-28 23:33:40,000 INFO c.h.h.t.HelmChartContainer - [K3S] [WARNING] no subnet found for key: FLANNEL_SUBNET in file: /run/flannel/subnet.env
2025-01-28 23:33:40,000 INFO c.h.h.t.HelmChartContainer - [K3S] [WARNING] no subnet found for key: FLANNEL_IPV6_NETWORK in file: /run/flannel/subnet.env
2025-01-28 23:33:40,000 INFO c.h.h.t.HelmChartContainer - [K3S] [WARNING] no subnet found for key: FLANNEL_IPV6_SUBNET in file: /run/flannel/subnet.env
2025-01-28 23:33:40,000 INFO c.h.h.t.HelmChartContainer - [K3S] [iptables.go:115] Current network or subnet (10.42.0.0/16, 10.42.0.0/24) is not equal to previous one (0.0.0.0/0, 0.0.0.0/0), trying to recycle old iptables rules
2025-01-28 23:33:40,000 INFO c.h.h.t.HelmChartContainer - [K3S] [range_allocator.go:247] "Successfully synced" key="349c386a830b"
2025-01-28 23:33:40,000 INFO c.h.h.t.HelmChartContainer - [K3S] [kube.go:490] Creating the node lease for IPv4. This is the n.Spec.PodCIDRs: [10.42.0.0/24]
2025-01-28 23:33:40,010 INFO c.h.h.t.HelmChartContainer - [K3S] [iptables.go:125] Setting up masking rules
2025-01-28 23:33:40,014 INFO c.h.h.t.HelmChartContainer - [K3S] [iptables.go:226] Changing default FORWARD chain policy to ACCEPT
2025-01-28 23:33:40,016 INFO c.h.h.t.HelmChartContainer - [K3S] [INFO] Wrote flannel subnet file to /run/flannel/subnet.env
2025-01-28 23:33:40,016 INFO c.h.h.t.HelmChartContainer - [K3S] [INFO] Running flannel backend.
2025-01-28 23:33:40,016 INFO c.h.h.t.HelmChartContainer - [K3S] [vxlan_network.go:65] watching for new subnet leases
2025-01-28 23:33:40,025 INFO c.h.h.t.HelmChartContainer - [K3S] [iptables.go:372] bootstrap done
2025-01-28 23:33:40,032 INFO c.h.h.t.HelmChartContainer - [K3S] [iptables.go:372] bootstrap done
2025-01-28 23:33:40,537 INFO c.h.h.t.HelmChartContainer - [K3S] [handler_proxy.go:99] no RequestInfo found in the context
2025-01-28 23:33:40,538 INFO c.h.h.t.HelmChartContainer - [K3S] [handler_proxy.go:99] no RequestInfo found in the context
2025-01-28 23:33:40,538 INFO c.h.h.t.HelmChartContainer - [K3S] [controller.go:102] "Unhandled Error" err=<
2025-01-28 23:33:40,538 INFO c.h.h.t.HelmChartContainer - [K3S] 	, Header: map[Content-Type:[text/plain; charset=utf-8] X-Content-Type-Options:[nosniff]]
2025-01-28 23:33:40,538 INFO c.h.h.t.HelmChartContainer - [K3S]  >
2025-01-28 23:33:43,381 DEBUG c.h.h.t.HelmChartContainer - Image file loaded 'hivemq-platform-operator.tar'
2025-01-28 23:33:44,033 DEBUG c.h.h.t.HelmChartContainer - Image file loaded 'hivemq-platform-operator-init.tar'
2025-01-28 23:33:44,246 INFO c.h.h.t.HelmChartContainer - [K3S] [kuberuntime_manager.go:1702] "Updating runtime config through cri with podcidr" CIDR="10.42.0.0/24"
2025-01-28 23:33:44,247 INFO c.h.h.t.HelmChartContainer - [K3S] [kubelet_network.go:61] "Updating Pod CIDR" originalPodCIDR="" newPodCIDR="10.42.0.0/24"
2025-01-28 23:33:44,256 INFO c.h.h.t.HelmChartContainer - [K3S] [range_allocator.go:247] "Successfully synced" key="349c386a830b"
2025-01-28 23:33:45,079 INFO c.h.h.t.HelmChartContainer - [K3S] [replica_set.go:679] "Finished syncing" kind="ReplicaSet" key="kube-system/metrics-server-8584b5786c" duration="35.195µs"
2025-01-28 23:33:45,107 INFO c.h.h.t.HelmChartContainer - [K3S] [replica_set.go:679] "Finished syncing" kind="ReplicaSet" key="kube-system/local-path-provisioner-698b58967b" duration="9.583241ms"
2025-01-28 23:33:45,107 INFO c.h.h.t.HelmChartContainer - [K3S] [replica_set.go:679] "Finished syncing" kind="ReplicaSet" key="kube-system/local-path-provisioner-698b58967b" duration="58.519µs"
2025-01-28 23:33:45,125 INFO c.h.h.t.HelmChartContainer - [K3S] [replica_set.go:679] "Finished syncing" kind="ReplicaSet" key="kube-system/coredns-ff8999cc5" duration="14.693074ms"
2025-01-28 23:33:45,126 INFO c.h.h.t.HelmChartContainer - [K3S] [replica_set.go:679] "Finished syncing" kind="ReplicaSet" key="kube-system/coredns-ff8999cc5" duration="30.216µs"
2025-01-28 23:33:50,231 DEBUG c.h.h.t.HelmChartContainer - Image file loaded 'hivemq-platform.tar'
2025-01-28 23:33:50,231 DEBUG c.h.h.t.HelmChartContainer - Successful Helm chart Container startup
2025-01-28 23:33:50,246 INFO t.localhost/testcontainers/95ihzn77newyyf3s:latest - Container localhost/testcontainers/95ihzn77newyyf3s:latest started in PT22.225226943S
2025-01-28 23:33:50,256 DEBUG c.h.h.t.HelmChartContainer - Executing helm command: /bin/helm --kubeconfig /etc/rancher/k3s/k3s.yaml repo add hivemq https://hivemq.github.io/helm-charts
2025-01-28 23:33:51,555 INFO c.h.h.t.HelmChartContainer - [EVENT] Normal [Starting] Starting kubelet. [null:349c386a830b]
2025-01-28 23:33:51,557 INFO c.h.h.t.HelmChartContainer - Saved kubeconfig file on /tmp/kubeconfig-8969917566961281584.yaml
2025-01-28 23:33:51,557 INFO c.h.h.t.HelmChartContainer - HelmChartContainer is started
2025-01-28 23:33:51,557 INFO c.h.h.t.HelmChartContainer - [EVENT] Warning [InvalidDiskCapacity] invalid capacity 0 on image filesystem [null:349c386a830b]
2025-01-28 23:33:51,559 INFO c.h.h.t.HelmChartContainer - [EVENT] Normal [NodeHasSufficientMemory] Node 349c386a830b status is now: NodeHasSufficientMemory [null:349c386a830b]
2025-01-28 23:33:51,560 INFO c.h.h.t.HelmChartContainer - [EVENT] Normal [NodeHasNoDiskPressure] Node 349c386a830b status is now: NodeHasNoDiskPressure [null:349c386a830b]
2025-01-28 23:33:51,560 INFO c.h.h.t.HelmChartContainer - [EVENT] Normal [NodeHasSufficientPID] Node 349c386a830b status is now: NodeHasSufficientPID [null:349c386a830b]
2025-01-28 23:33:51,560 INFO c.h.h.t.HelmChartContainer - [EVENT] Normal [NodeAllocatableEnforced] Updated Node Allocatable limit across pods [null:349c386a830b]
2025-01-28 23:33:51,561 INFO c.h.h.t.HelmChartContainer - [EVENT] Normal [NodeReady] Node 349c386a830b status is now: NodeReady [null:349c386a830b]
2025-01-28 23:33:51,567 INFO c.h.h.t.HelmChartContainer - [EVENT] Normal [NodePasswordValidationComplete] Deferred node password secret validation complete [null:349c386a830b]
2025-01-28 23:33:51,568 INFO c.h.h.t.HelmChartContainer - [EVENT] Normal [Synced] Node synced successfully [null:349c386a830b]
2025-01-28 23:33:51,570 INFO c.h.h.t.HelmChartContainer - [EVENT] Normal [RegisteredNode] Node 349c386a830b event: Registered Node 349c386a830b in Controller [null:349c386a830b]
]]></system-out>
  <system-err><![CDATA[]]></system-err>
</testsuite>
