<?xml version="1.0" encoding="UTF-8"?>
<testsuite name="com.hivemq.helmcharts.extensions.HelmCustomExtensionIT" tests="3" skipped="0" failures="0" errors="0" timestamp="2025-03-14T17:04:31" hostname="fv-az1912-21" time="327.751">
  <properties/>
  <testcase name="platformChart_whenCustomExtensionIsConfigured_withHttpBasicAuth_thenStartsUpSuccessfully()" classname="com.hivemq.helmcharts.extensions.HelmCustomExtensionIT" time="108.673"/>
  <testcase name="platformChart_whenCustomExtensionIsConfigured_withHttp_thenStartsUpSuccessfully()" classname="com.hivemq.helmcharts.extensions.HelmCustomExtensionIT" time="111.437"/>
  <testcase name="platformChart_whenCustomExtensionIsConfigured_withHttps_thenStartsUpSuccessfully()" classname="com.hivemq.helmcharts.extensions.HelmCustomExtensionIT" time="107.64"/>
</testsuite>
