<?xml version="1.0" encoding="UTF-8"?>
<testsuite name="com.hivemq.helmcharts.services.HelmControlCenterIT" tests="5" skipped="0" failures="0" errors="0" timestamp="2025-02-10T07:19:05" hostname="fv-az1674-197" time="521.267">
  <properties/>
  <testcase name="platformChart_withCustomServiceName_thenAbleToLogin()" classname="com.hivemq.helmcharts.services.HelmControlCenterIT" time="104.987"/>
  <testcase name="platformChart_whenTlsEnabledWithDifferentPrivateKey_thenAbleToLogin(Path)" classname="com.hivemq.helmcharts.services.HelmControlCenterIT" time="112.654"/>
  <testcase name="platformChart_whenTlsEnabled_thenAbleToLogin(Path)" classname="com.hivemq.helmcharts.services.HelmControlCenterIT" time="109.673"/>
  <testcase name="platformChart_whenControlCenterEnabled_thenAbleToLogin()" classname="com.hivemq.helmcharts.services.HelmControlCenterIT" time="100.841"/>
  <testcase name="platformChart_whenOverrideControlCenter_thenAbleToLogin()" classname="com.hivemq.helmcharts.services.HelmControlCenterIT" time="93.109"/>
</testsuite>
