<?xml version="1.0" encoding="UTF-8"?>
<testsuite name="com.hivemq.helmcharts.platform.HelmPlatformMutualTlsIT" tests="1" skipped="0" failures="0" errors="0" timestamp="2025-09-03T13:18:26" hostname="pkrvm7jw40e0xgp" time="101.167">
  <properties/>
  <testcase name="withMutualTls_hivemqRunning()" classname="com.hivemq.helmcharts.platform.HelmPlatformMutualTlsIT" time="101.167"/>
</testsuite>
