<?xml version="1.0" encoding="UTF-8"?>
<testsuite name="com.hivemq.helmcharts.containers.HelmInitContainerIT" tests="2" skipped="0" failures="0" errors="0" timestamp="2025-01-28T20:40:47" hostname="fv-az790-943" time="211.617">
  <properties/>
  <testcase name="whenAdditionalInitContainer_withConsulTemplate_thenLicenseUpdated()" classname="com.hivemq.helmcharts.containers.HelmInitContainerIT" time="105.923">
    <system-out><![CDATA[2025-01-28 20:40:47,303 INFO c.h.h.t.HelmChartContainer - Creating namespace 'helminitcontainerit-operator'...
2025-01-28 20:40:47,603 INFO c.h.h.t.HelmChartContainer - Namespace 'helminitcontainerit-operator' created
2025-01-28 20:40:47,603 INFO c.h.h.t.HelmChartContainer - Creating namespace 'helminitcontainerit'...
2025-01-28 20:40:47,603 INFO c.h.h.t.HelmChartContainer - [POD] coredns-ff8999cc5-b7jj8 [c3486270-b24b-4d36-b58b-9e19d3db5a51] in kube-system was ADDED
2025-01-28 20:40:47,609 INFO c.h.h.t.HelmChartContainer - [POD] local-path-provisioner-698b58967b-vhx69 [66d7cca0-fccb-41fc-8161-b8ff90567081] in kube-system was ADDED
2025-01-28 20:40:47,611 INFO c.h.h.t.HelmChartContainer - [POD] metrics-server-8584b5786c-96wcx [ba15cf72-e21f-4349-81c8-dc637ef3692d] in kube-system was ADDED
2025-01-28 20:40:47,623 INFO c.h.h.t.HelmChartContainer - Namespace 'helminitcontainerit' created
2025-01-28 20:40:47,695 DEBUG c.h.h.t.HelmChartContainer - Executing helm command: /bin/helm --kubeconfig /etc/rancher/k3s/k3s.yaml install test-hivemq-platform-operator /charts/hivemq-platform-operator --wait --timeout 5m0s --set image.repository=docker.io/hivemq --set image.name=hivemq-platform-operator-test --set image.initImageName=hivemq-platform-operator-init-test --set image.tag=snapshot --set image.pullPolicy=Never --set logLevel=DEBUG --set resources.cpu=512m --namespace helminitcontainerit-operator
2025-01-28 20:40:50,053 INFO c.h.h.t.HelmChartContainer - [K3S] [alloc.go:330] "allocated clusterIPs" service="helminitcontainerit-operator/hivemq-platform-operator-test-hivemq-platform-operator" clusterIPs={"IPv4":"10.43.244.207"}
2025-01-28 20:40:50,083 INFO c.h.h.t.HelmChartContainer - [EVENT] Normal [ScalingReplicaSet] Scaled up replica set hivemq-test-hivemq-platform-operator-6966f96d65 from 0 to 1 [helminitcontainerit-operator:hivemq-test-hivemq-platform-operator]
2025-01-28 20:40:50,104 INFO c.h.h.t.HelmChartContainer - [POD] hivemq-test-hivemq-platform-operator-6966f96d65-6wstw [b696a002-d460-42f7-ac06-2ba637e5e4f4] in helminitcontainerit-operator was ADDED
2025-01-28 20:40:50,115 INFO c.h.h.t.HelmChartContainer - [K3S] [replica_set.go:679] "Finished syncing" kind="ReplicaSet" key="helminitcontainerit-operator/hivemq-test-hivemq-platform-operator-6966f96d65" duration="41.388676ms"
2025-01-28 20:40:50,118 INFO c.h.h.t.HelmChartContainer - [EVENT] Normal [SuccessfulCreate] Created pod: hivemq-test-hivemq-platform-operator-6966f96d65-6wstw [helminitcontainerit-operator:hivemq-test-hivemq-platform-operator-6966f96d65]
2025-01-28 20:40:50,126 INFO c.h.h.t.HelmChartContainer - [POD] hivemq-test-hivemq-platform-operator-6966f96d65-6wstw [b696a002-d460-42f7-ac06-2ba637e5e4f4] in helminitcontainerit-operator was MODIFIED
2025-01-28 20:40:50,137 INFO c.h.h.t.HelmChartContainer - [EVENT] Normal [Scheduled] Successfully assigned helminitcontainerit-operator/hivemq-test-hivemq-platform-operator-6966f96d65-6wstw to 8e458440c762 [helminitcontainerit-operator:hivemq-test-hivemq-platform-operator-6966f96d65-6wstw]
2025-01-28 20:40:50,139 INFO c.h.h.t.HelmChartContainer - [K3S] [replica_set.go:679] "Finished syncing" kind="ReplicaSet" key="helminitcontainerit-operator/hivemq-test-hivemq-platform-operator-6966f96d65" duration="24.672811ms"
2025-01-28 20:40:50,165 INFO c.h.h.t.HelmChartContainer - [POD] hivemq-test-hivemq-platform-operator-6966f96d65-6wstw [b696a002-d460-42f7-ac06-2ba637e5e4f4] in helminitcontainerit-operator was MODIFIED
2025-01-28 20:40:50,179 INFO c.h.h.t.HelmChartContainer - [K3S] [replica_set.go:679] "Finished syncing" kind="ReplicaSet" key="helminitcontainerit-operator/hivemq-test-hivemq-platform-operator-6966f96d65" duration="37.539726ms"
2025-01-28 20:40:50,179 INFO c.h.h.t.HelmChartContainer - [K3S] [replica_set.go:679] "Finished syncing" kind="ReplicaSet" key="helminitcontainerit-operator/hivemq-test-hivemq-platform-operator-6966f96d65" duration="72.986µs"
2025-01-28 20:40:50,287 INFO c.h.h.t.HelmChartContainer - [K3S] [reconciler_common.go:251] "operationExecutor.VerifyControllerAttachedVolume started for volume \"kube-api-access-hhp84\" (UniqueName: \"kubernetes.io/projected/b696a002-d460-42f7-ac06-2ba637e5e4f4-kube-api-access-hhp84\") pod \"hivemq-test-hivemq-platform-operator-6966f96d65-6wstw\" (UID: \"b696a002-d460-42f7-ac06-2ba637e5e4f4\") " pod="helminitcontainerit-operator/hivemq-test-hivemq-platform-operator-6966f96d65-6wstw"
2025-01-28 20:40:50,528 INFO c.h.h.t.HelmChartContainer - [EVENT] Normal [Pulled] Container image "docker.io/hivemq/hivemq-platform-operator-test:snapshot" already present on machine [helminitcontainerit-operator:hivemq-test-hivemq-platform-operator-6966f96d65-6wstw]
2025-01-28 20:40:50,529 INFO c.h.h.t.HelmChartContainer - Received Pulled event for container hivemq-platform-operator in pod hivemq-test-hivemq-platform-operator-6966f96d65-6wstw [b696a002-d460-42f7-ac06-2ba637e5e4f4]
2025-01-28 20:40:50,541 INFO c.h.h.t.HelmChartContainer - [EVENT] Normal [Created] Created container: hivemq-platform-operator [helminitcontainerit-operator:hivemq-test-hivemq-platform-operator-6966f96d65-6wstw]
2025-01-28 20:40:50,541 INFO c.h.h.t.HelmChartContainer - Received Created event for container hivemq-platform-operator in pod hivemq-test-hivemq-platform-operator-6966f96d65-6wstw [b696a002-d460-42f7-ac06-2ba637e5e4f4]
2025-01-28 20:40:51,432 INFO c.h.h.t.HelmChartContainer - [K3S] [replica_set.go:679] "Finished syncing" kind="ReplicaSet" key="helminitcontainerit-operator/hivemq-test-hivemq-platform-operator-6966f96d65" duration="40.976µs"
2025-01-28 20:40:51,434 INFO c.h.h.t.HelmChartContainer - [POD] hivemq-test-hivemq-platform-operator-6966f96d65-6wstw [b696a002-d460-42f7-ac06-2ba637e5e4f4] in helminitcontainerit-operator was MODIFIED
2025-01-28 20:40:51,486 INFO c.h.h.t.HelmChartContainer - Started log watcher for hivemq-platform-operator in pod hivemq-test-hivemq-platform-operator-6966f96d65-6wstw [b696a002-d460-42f7-ac06-2ba637e5e4f4]
2025-01-28 20:40:51,486 INFO c.h.h.t.HelmChartContainer - [EVENT] Normal [Started] Started container hivemq-platform-operator [helminitcontainerit-operator:hivemq-test-hivemq-platform-operator-6966f96d65-6wstw]
2025-01-28 20:40:51,486 INFO c.h.h.t.HelmChartContainer - Received Started event for container hivemq-platform-operator in pod hivemq-test-hivemq-platform-operator-6966f96d65-6wstw [b696a002-d460-42f7-ac06-2ba637e5e4f4]
2025-01-28 20:40:51,488 INFO c.h.h.t.HelmChartContainer - [hivemq-test-hivemq-platform] [hivemq-platform-operator] [b696a002] -------------------------------------------------------------------------
2025-01-28 20:40:51,488 INFO c.h.h.t.HelmChartContainer - [hivemq-test-hivemq-platform] [hivemq-platform-operator] [b696a002] 
2025-01-28 20:40:51,488 INFO c.h.h.t.HelmChartContainer - [hivemq-test-hivemq-platform] [hivemq-platform-operator] [b696a002]                   _    _  _              __  __   ____
2025-01-28 20:40:51,488 INFO c.h.h.t.HelmChartContainer - [hivemq-test-hivemq-platform] [hivemq-platform-operator] [b696a002]                  | |  | |(_)            |  \/  | / __ \
2025-01-28 20:40:51,488 INFO c.h.h.t.HelmChartContainer - [hivemq-test-hivemq-platform] [hivemq-platform-operator] [b696a002]                  | |__| | _ __   __ ___ | \  / || |  | |
2025-01-28 20:40:51,488 INFO c.h.h.t.HelmChartContainer - [hivemq-test-hivemq-platform] [hivemq-platform-operator] [b696a002]                  |  __  || |\ \ / // _ \| |\/| || |  | |
2025-01-28 20:40:51,488 INFO c.h.h.t.HelmChartContainer - [hivemq-test-hivemq-platform] [hivemq-platform-operator] [b696a002]                  | |  | || | \ V /|  __/| |  | || |__| |
2025-01-28 20:40:51,488 INFO c.h.h.t.HelmChartContainer - [hivemq-test-hivemq-platform] [hivemq-platform-operator] [b696a002]                  |_|  |_||_|  \_/  \___||_|  |_| \___\_\
2025-01-28 20:40:51,488 INFO c.h.h.t.HelmChartContainer - [hivemq-test-hivemq-platform] [hivemq-platform-operator] [b696a002] 
2025-01-28 20:40:51,488 INFO c.h.h.t.HelmChartContainer - [hivemq-test-hivemq-platform] [hivemq-platform-operator] [b696a002] -------------------------------------------------------------------------
2025-01-28 20:40:51,488 INFO c.h.h.t.HelmChartContainer - [hivemq-test-hivemq-platform] [hivemq-platform-operator] [b696a002] 
2025-01-28 20:40:51,488 INFO c.h.h.t.HelmChartContainer - [hivemq-test-hivemq-platform] [hivemq-platform-operator] [b696a002]   HiveMQ Platform Operator Start Script v1.0
2025-01-28 20:40:51,488 INFO c.h.h.t.HelmChartContainer - [hivemq-test-hivemq-platform] [hivemq-platform-operator] [b696a002] 
2025-01-28 20:40:51,488 INFO c.h.h.t.HelmChartContainer - [hivemq-test-hivemq-platform] [hivemq-platform-operator] [b696a002] -------------------------------------------------------------------------
2025-01-28 20:40:51,488 INFO c.h.h.t.HelmChartContainer - [hivemq-test-hivemq-platform] [hivemq-platform-operator] [b696a002] 
2025-01-28 20:40:51,488 INFO c.h.h.t.HelmChartContainer - [hivemq-test-hivemq-platform] [hivemq-platform-operator] [b696a002]   JAVA_OPTS: -XX:+UnlockExperimentalVMOptions -XX:InitialRAMPercentage=75 -XX:MaxRAMPercentage=75 -Duser.language=en -Duser.region=US
2025-01-28 20:40:51,488 INFO c.h.h.t.HelmChartContainer - [hivemq-test-hivemq-platform] [hivemq-platform-operator] [b696a002] 
2025-01-28 20:40:51,488 INFO c.h.h.t.HelmChartContainer - [hivemq-test-hivemq-platform] [hivemq-platform-operator] [b696a002]   JAVA_VERSION: 21
2025-01-28 20:40:51,488 INFO c.h.h.t.HelmChartContainer - [hivemq-test-hivemq-platform] [hivemq-platform-operator] [b696a002] 
2025-01-28 20:40:51,488 INFO c.h.h.t.HelmChartContainer - [hivemq-test-hivemq-platform] [hivemq-platform-operator] [b696a002] -------------------------------------------------------------------------
2025-01-28 20:40:51,488 INFO c.h.h.t.HelmChartContainer - [hivemq-test-hivemq-platform] [hivemq-platform-operator] [b696a002] 
2025-01-28 20:40:54,206 INFO c.h.h.t.HelmChartContainer - [hivemq-test-hivemq-platform] [hivemq-platform-operator] [b696a002] 20:40:54.203 [main] DEBUG org.jboss.logging - Logging Provider: org.jboss.logging.Slf4jLoggerProvider
2025-01-28 20:40:54,307 INFO c.h.h.t.HelmChartContainer - [hivemq-test-hivemq-platform] [hivemq-platform-operator] [b696a002] 20:40:54.306 [main] DEBUG io.smallrye.config - SRCFG01006: Loaded ConfigSource SysPropConfigSource with ordinal 400
2025-01-28 20:40:54,308 INFO c.h.h.t.HelmChartContainer - [hivemq-test-hivemq-platform] [hivemq-platform-operator] [b696a002] 20:40:54.306 [main] DEBUG io.smallrye.config - SRCFG01006: Loaded ConfigSource EnvConfigSource with ordinal 300
2025-01-28 20:40:54,308 INFO c.h.h.t.HelmChartContainer - [hivemq-test-hivemq-platform] [hivemq-platform-operator] [b696a002] 20:40:54.306 [main] DEBUG io.smallrye.config - SRCFG01006: Loaded ConfigSource PropertiesConfigSource[source=jar:file:///opt/hivemq-platform-operator/bin/hivemq-platform-operator.jar!/hivemq-platform-operator.properties] with ordinal 100
2025-01-28 20:40:54,308 INFO c.h.h.t.HelmChartContainer - [hivemq-test-hivemq-platform] [hivemq-platform-operator] [b696a002] 20:40:54.307 [main] DEBUG io.smallrye.config - SRCFG01006: Loaded ConfigSource DefaultValuesConfigSource with ordinal -2147483648
2025-01-28 20:40:54,409 INFO c.h.h.t.HelmChartContainer - [hivemq-test-hivemq-platform] [hivemq-platform-operator] [b696a002] 20:40:54.408 [main] DEBUG i.m.c.u.i.l.InternalLoggerFactory - Using SLF4J as the default logging framework
2025-01-28 20:40:54,584 INFO c.h.h.t.HelmChartContainer - [hivemq-test-hivemq-platform] [hivemq-platform-operator] [b696a002] 20:40:54.574 [main] INFO  c.h.p.o.HiveMQPlatformOperatorApplication - HiveMQ Platform Operator 1.7.0-SNAPSHOT (commit: bebf408 on branch: HEAD) built on Sun Jan 26 20:47:47 UTC 2025
2025-01-28 20:40:54,585 INFO c.h.h.t.HelmChartContainer - [hivemq-test-hivemq-platform] [hivemq-platform-operator] [b696a002] 20:40:54.583 [main] INFO  c.h.p.o.HiveMQPlatformOperatorApplication - HiveMQ Platform Operator is running in namespace: helminitcontainerit-operator
2025-01-28 20:40:54,585 INFO c.h.h.t.HelmChartContainer - [hivemq-test-hivemq-platform] [hivemq-platform-operator] [b696a002] 20:40:54.583 [main] INFO  c.h.p.o.HiveMQPlatformOperatorApplication - Watching all namespaces
2025-01-28 20:40:54,585 INFO c.h.h.t.HelmChartContainer - [hivemq-test-hivemq-platform] [hivemq-platform-operator] [b696a002] 20:40:54.583 [main] INFO  c.h.p.o.HiveMQPlatformOperatorApplication - Log level: DEBUG
2025-01-28 20:40:54,585 INFO c.h.h.t.HelmChartContainer - [hivemq-test-hivemq-platform] [hivemq-platform-operator] [b696a002] 20:40:54.583 [main] INFO  c.h.p.o.HiveMQPlatformOperatorApplication - Release name: test-hivemq-platform-operator
2025-01-28 20:40:54,585 INFO c.h.h.t.HelmChartContainer - [hivemq-test-hivemq-platform] [hivemq-platform-operator] [b696a002] 20:40:54.583 [main] INFO  c.h.p.o.HiveMQPlatformOperatorApplication - HiveMQ Platform Operator Init image: docker.io/hivemq/hivemq-platform-operator-init-test:snapshot
2025-01-28 20:40:54,585 INFO c.h.h.t.HelmChartContainer - [hivemq-test-hivemq-platform] [hivemq-platform-operator] [b696a002] 20:40:54.583 [main] INFO  c.h.p.o.HiveMQPlatformOperatorApplication - HiveMQ Platform Operator Init App update URL: http://hivemq-platform-operator-test-hivemq-platform-operator.helminitcontainerit-operator.svc:8080/initAppUpdate/hivemq-platform-operator-init-app-1.7.0-SNAPSHOT.jar
2025-01-28 20:40:54,585 INFO c.h.h.t.HelmChartContainer - [hivemq-test-hivemq-platform] [hivemq-platform-operator] [b696a002] 20:40:54.583 [main] INFO  c.h.p.o.HiveMQPlatformOperatorApplication - Additional imagePullSecret for all Platform deployments: none
2025-01-28 20:40:54,585 INFO c.h.h.t.HelmChartContainer - [hivemq-test-hivemq-platform] [hivemq-platform-operator] [b696a002] 20:40:54.583 [main] INFO  c.h.p.o.HiveMQPlatformOperatorApplication - Apply HiveMQ Platform CRD: true
2025-01-28 20:40:54,585 INFO c.h.h.t.HelmChartContainer - [hivemq-test-hivemq-platform] [hivemq-platform-operator] [b696a002] 20:40:54.583 [main] INFO  c.h.p.o.HiveMQPlatformOperatorApplication - Create Platform ServiceAccount: true
2025-01-28 20:40:54,585 INFO c.h.h.t.HelmChartContainer - [hivemq-test-hivemq-platform] [hivemq-platform-operator] [b696a002] 20:40:54.583 [main] INFO  c.h.p.o.HiveMQPlatformOperatorApplication - Create Platform ServiceAccount permissions: true
2025-01-28 20:40:54,585 INFO c.h.h.t.HelmChartContainer - [hivemq-test-hivemq-platform] [hivemq-platform-operator] [b696a002] 20:40:54.583 [main] INFO  c.h.p.o.HiveMQPlatformOperatorApplication - Validate Platform ServiceAccount: true
2025-01-28 20:40:54,585 INFO c.h.h.t.HelmChartContainer - [hivemq-test-hivemq-platform] [hivemq-platform-operator] [b696a002] 20:40:54.583 [main] INFO  c.h.p.o.HiveMQPlatformOperatorApplication - Validate Platform ServiceAccount permissions: true
2025-01-28 20:40:54,781 INFO c.h.h.t.HelmChartContainer - [hivemq-test-hivemq-platform] [hivemq-platform-operator] [b696a002] 20:40:54.779 [main] INFO  c.h.platform.operator.util.CRDUtil - Verifying deployed HiveMQ Platform CRD...
2025-01-28 20:40:55,330 INFO c.h.h.t.HelmChartContainer - [POD] metrics-server-8584b5786c-96wcx [ba15cf72-e21f-4349-81c8-dc637ef3692d] in kube-system was MODIFIED
2025-01-28 20:40:55,335 INFO c.h.h.t.HelmChartContainer - [K3S] [replica_set.go:679] "Finished syncing" kind="ReplicaSet" key="kube-system/metrics-server-8584b5786c" duration="5.898518ms"
2025-01-28 20:40:55,339 INFO c.h.h.t.HelmChartContainer - [K3S] [replica_set.go:679] "Finished syncing" kind="ReplicaSet" key="kube-system/metrics-server-8584b5786c" duration="29.145µs"
2025-01-28 20:40:57,272 INFO c.h.h.t.HelmChartContainer - [hivemq-test-hivemq-platform] [hivemq-platform-operator] [b696a002] 20:40:57.271 [main] DEBUG c.h.platform.operator.util.CRDUtil - HiveMQ Platform CRD version v1 is up to date
2025-01-28 20:40:57,273 INFO c.h.h.t.HelmChartContainer - [hivemq-test-hivemq-platform] [hivemq-platform-operator] [b696a002] 20:40:57.271 [main] INFO  c.h.platform.operator.util.CRDUtil - HiveMQ Platform CRD is up to date (version: V1_6_0)
2025-01-28 20:40:57,274 INFO c.h.h.t.HelmChartContainer - [hivemq-test-hivemq-platform] [hivemq-platform-operator] [b696a002] 20:40:57.271 [main] INFO  c.h.platform.operator.util.CRDUtil - Waiting 10000 ms for HiveMQ Platform CRD 'hivemq-platforms.hivemq.com' to become ready...
2025-01-28 20:40:57,583 INFO c.h.h.t.HelmChartContainer - [hivemq-test-hivemq-platform] [hivemq-platform-operator] [b696a002] 20:40:57.581 [vert.x-eventloop-thread-1] DEBUG c.h.platform.operator.util.CRDUtil - Checking CRD condition 'NamesAccepted' (status: 'True')
2025-01-28 20:40:57,583 INFO c.h.h.t.HelmChartContainer - [hivemq-test-hivemq-platform] [hivemq-platform-operator] [b696a002] 20:40:57.581 [vert.x-eventloop-thread-1] DEBUG c.h.platform.operator.util.CRDUtil - Checking CRD condition 'Established' (status: 'True')
2025-01-28 20:40:57,584 INFO c.h.h.t.HelmChartContainer - [hivemq-test-hivemq-platform] [hivemq-platform-operator] [b696a002] 20:40:57.583 [main] INFO  c.h.platform.operator.util.CRDUtil - HiveMQ Platform CRD 'hivemq-platforms.hivemq.com' is ready
2025-01-28 20:40:57,774 INFO c.h.h.t.HelmChartContainer - [hivemq-test-hivemq-platform] [hivemq-platform-operator] [b696a002] 20:40:57.772 [main] INFO  c.h.p.o.HiveMQPlatformReconciler - HiveMQ Platform Operator is starting...
2025-01-28 20:40:57,804 INFO c.h.h.t.HelmChartContainer - [hivemq-test-hivemq-platform] [hivemq-platform-operator] [b696a002] 20:40:57.803 [main] WARN  Default ConfigurationService implementation - Configuration for reconciler 'hivemq-controller' was not found. Known reconcilers: None.
2025-01-28 20:40:57,878 INFO c.h.h.t.HelmChartContainer - [hivemq-test-hivemq-platform] [hivemq-platform-operator] [b696a002] 20:40:57.877 [main] INFO  Default ConfigurationService implementation - Created configuration for reconciler com.hivemq.platform.operator.HiveMQPlatformReconciler with name hivemq-controller
2025-01-28 20:40:57,980 INFO c.h.h.t.HelmChartContainer - [hivemq-test-hivemq-platform] [hivemq-platform-operator] [b696a002] 20:40:57.979 [main] DEBUG c.h.p.o.HiveMQPlatformReconciler - HiveMQ Platform Operator is preparing EventSources
2025-01-28 20:40:58,002 INFO c.h.h.t.HelmChartContainer - [hivemq-test-hivemq-platform] [hivemq-platform-operator] [b696a002] 20:40:58.001 [main] INFO  i.javaoperatorsdk.operator.Operator - Registered reconciler: 'hivemq-controller' for resource: 'class com.hivemq.platform.operator.v1.HiveMQPlatform' for namespace(s): [all namespaces]
2025-01-28 20:40:58,503 INFO c.h.h.t.HelmChartContainer - [hivemq-test-hivemq-platform] [hivemq-platform-operator] [b696a002] 20:40:58.502 [main] INFO  c.h.p.operator.webserver.JettyServer - Starting Jetty server on port 8080
2025-01-28 20:40:58,585 INFO c.h.h.t.HelmChartContainer - [hivemq-test-hivemq-platform] [hivemq-platform-operator] [b696a002] 20:40:58.584 [main] INFO  i.javaoperatorsdk.operator.Operator - Operator SDK 4.9.7 (commit: 2133d28) built on Wed Nov 20 12:56:20 UTC 2024 starting...
2025-01-28 20:40:58,586 INFO c.h.h.t.HelmChartContainer - [hivemq-test-hivemq-platform] [hivemq-platform-operator] [b696a002] 20:40:58.584 [main] INFO  i.javaoperatorsdk.operator.Operator - Client version: 6.13.4
2025-01-28 20:40:58,601 INFO c.h.h.t.HelmChartContainer - [hivemq-test-hivemq-platform] [hivemq-platform-operator] [b696a002] 20:40:58.600 [Controller Starter for: hivemq-controller] INFO  i.j.operator.processing.Controller - Starting 'hivemq-controller' controller for reconciler: com.hivemq.platform.operator.HiveMQPlatformReconciler, resource: com.hivemq.platform.operator.v1.HiveMQPlatform
2025-01-28 20:41:01,210 INFO c.h.h.t.HelmChartContainer - [K3S] [range_allocator.go:247] "Successfully synced" key="8e458440c762"
2025-01-28 20:41:01,378 INFO c.h.h.t.HelmChartContainer - [hivemq-test-hivemq-platform] [hivemq-platform-operator] [b696a002] 20:41:01.377 [Controller Starter for: hivemq-controller] INFO  i.j.operator.processing.Controller - 'hivemq-controller' controller started
2025-01-28 20:41:01,379 INFO c.h.h.t.HelmChartContainer - [hivemq-test-hivemq-platform] [hivemq-platform-operator] [b696a002] 20:41:01.377 [main] INFO  c.h.p.o.HiveMQPlatformOperatorApplication - HiveMQ Platform Operator 1.7.0-SNAPSHOT started in 6803 ms
2025-01-28 20:41:02,358 INFO c.h.h.t.HelmChartContainer - [POD] hivemq-test-hivemq-platform-operator-6966f96d65-6wstw [b696a002-d460-42f7-ac06-2ba637e5e4f4] in helminitcontainerit-operator was MODIFIED
2025-01-28 20:41:02,364 INFO c.h.h.t.HelmChartContainer - [K3S] [replica_set.go:679] "Finished syncing" kind="ReplicaSet" key="helminitcontainerit-operator/hivemq-test-hivemq-platform-operator-6966f96d65" duration="11.238855ms"
2025-01-28 20:41:02,364 INFO c.h.h.t.HelmChartContainer - [K3S] [replica_set.go:679] "Finished syncing" kind="ReplicaSet" key="helminitcontainerit-operator/hivemq-test-hivemq-platform-operator-6966f96d65" duration="39.374µs"
2025-01-28 20:41:04,213 DEBUG c.h.h.t.HelmChartContainer - Executing helm command: /bin/helm --kubeconfig /etc/rancher/k3s/k3s.yaml install test-hivemq-platform /charts/hivemq-platform --wait --timeout 5m0s --set image.repository=docker.io/hivemq --set image.tag=4.36.0 --set image.pullPolicy=Never --set nodes.resources.cpu=512m -f /files/additional-init-containers-values.yaml --namespace helminitcontainerit
2025-01-28 20:41:04,503 INFO c.h.h.t.HelmChartContainer - [hivemq-test-hivemq-platform] [hivemq-platform-operator] [b696a002] 20:41:04.501 [-373097727-pool-1-thread-1] WARN  i.m.p.PrometheusMeterRegistry - The meter (MeterId{name='operator.sdk.events.received', tags=[tag(action=ADDED),tag(event=ResourceEvent),tag(group=hivemq.com),tag(kind=HiveMQPlatform),tag(name=test-hivemq-platform),tag(namespace=helminitcontainerit),tag(scope=namespace),tag(version=v1)]}) registration has failed: Prometheus requires that all meters with the same name have the same set of tag keys. There is already an existing meter named 'operator.sdk.events.received' containing tag keys [event, group, kind, name, namespace, scope, version]. The meter you are attempting to register has keys [action, event, group, kind, name, namespace, scope, version]. Note that subsequent logs will be logged at debug level.
2025-01-28 20:41:05,103 INFO c.h.h.t.HelmChartContainer - [hivemq-test-hivemq-platform] [hivemq-platform-operator] [b696a002] 20:41:05.102 [pool-6-thread-3] DEBUG c.h.p.o.dependants.PodInfoConfigMap - [helminit] Desired PodInfo ConfigMap (1 extensions) (1 enabled)
2025-01-28 20:41:05,104 INFO c.h.h.t.HelmChartContainer - [hivemq-test-hivemq-platform] [hivemq-platform-operator] [b696a002] 20:41:05.102 [pool-6-thread-3] DEBUG c.h.p.o.dependants.PodInfoConfigMap - [helminit] Desired PodInfo ConfigMap (metrics port: 9399) (metrics path: /)
2025-01-28 20:41:05,107 INFO c.h.h.t.HelmChartContainer - [hivemq-test-hivemq-platform] [hivemq-platform-operator] [b696a002] 20:41:05.104 [pool-6-thread-3] DEBUG c.h.p.o.dependants.PodInfoConfigMap - [helminit] Desired PodInfo ConfigMap (extension state hash: -1817474005)
2025-01-28 20:41:05,109 INFO c.h.h.t.HelmChartContainer - [hivemq-test-hivemq-platform] [hivemq-platform-operator] [b696a002] 20:41:05.108 [pool-6-thread-3] DEBUG c.h.p.o.dependants.PodInfoConfigMap - [helminit] Create PodInfo ConfigMap
2025-01-28 20:41:05,114 INFO c.h.h.t.HelmChartContainer - [hivemq-test-hivemq-platform] [hivemq-platform-operator] [b696a002] 20:41:05.111 [pool-6-thread-5] DEBUG c.h.p.o.dependants.PodRoleResource - [helminit] Create Role: Role(apiVersion=rbac.authorization.k8s.io/v1, kind=Role, metadata=ObjectMeta(annotations={meta.helm.sh/release-name=test-hivemq-platform, meta.helm.sh/release-namespace=helminitcontainerit}, creationTimestamp=null, deletionGracePeriodSeconds=null, deletionTimestamp=null, finalizers=[], generateName=null, generation=null, labels={helm.sh/chart=hivemq-platform-0.2.32, app.kubernetes.io/managed-by=Helm, app.kubernetes.io/name=hivemq-platform, hivemq-platform=test-hivemq-platform, app.kubernetes.io/instance=test-hivemq-platform, app.kubernetes.io/version=4.36.0}, managedFields=[], name=hivemq-platform-role-test-hivemq-platform, namespace=helminitcontainerit, ownerReferences=[OwnerReference(apiVersion=hivemq.com/v1, blockOwnerDeletion=null, controller=null, kind=HiveMQPlatform, name=test-hivemq-platform, uid=0938cac0-bef4-4ad2-aeed-05984c6208ee, additionalProperties={})], resourceVersion=null, selfLink=null, uid=null, additionalProperties={}), rules=[PolicyRule(apiGroups=[], nonResourceURLs=[], resourceNames=[], resources=[pods], verbs=[get, patch, update], additionalProperties={})], additionalProperties={})
2025-01-28 20:41:05,310 INFO c.h.h.t.HelmChartContainer - [hivemq-test-hivemq-platform] [hivemq-platform-operator] [b696a002] 20:41:05.307 [pool-6-thread-7] DEBUG c.h.p.o.d.PodServiceAccountResource - [helminit] Desired PodServiceAccountResource (serviceAccountName: hivemq-platform-pod-test-hivemq-platform)
2025-01-28 20:41:05,310 INFO c.h.h.t.HelmChartContainer - [hivemq-test-hivemq-platform] [hivemq-platform-operator] [b696a002] 20:41:05.307 [pool-6-thread-7] DEBUG c.h.p.o.d.PodServiceAccountResource - [helminit] Create ServiceAccount 'hivemq-platform-pod-test-hivemq-platform'
2025-01-28 20:41:05,416 INFO c.h.h.t.HelmChartContainer - [hivemq-test-hivemq-platform] [hivemq-platform-operator] [b696a002] 20:41:05.415 [pool-6-thread-9] DEBUG c.h.p.o.d.PodRoleBindingResource - [helminit] Create RoleBinding: RoleBinding(apiVersion=rbac.authorization.k8s.io/v1, kind=RoleBinding, metadata=ObjectMeta(annotations={meta.helm.sh/release-name=test-hivemq-platform, meta.helm.sh/release-namespace=helminitcontainerit}, creationTimestamp=null, deletionGracePeriodSeconds=null, deletionTimestamp=null, finalizers=[], generateName=null, generation=null, labels={helm.sh/chart=hivemq-platform-0.2.32, app.kubernetes.io/managed-by=Helm, app.kubernetes.io/name=hivemq-platform, hivemq-platform=test-hivemq-platform, app.kubernetes.io/instance=test-hivemq-platform, app.kubernetes.io/version=4.36.0}, managedFields=[], name=hivemq-platform-role-binding-test-hivemq-platform, namespace=helminitcontainerit, ownerReferences=[OwnerReference(apiVersion=hivemq.com/v1, blockOwnerDeletion=null, controller=null, kind=HiveMQPlatform, name=test-hivemq-platform, uid=0938cac0-bef4-4ad2-aeed-05984c6208ee, additionalProperties={})], resourceVersion=null, selfLink=null, uid=null, additionalProperties={}), roleRef=RoleRef(apiGroup=rbac.authorization.k8s.io, kind=Role, name=hivemq-platform-role-test-hivemq-platform, additionalProperties={}), subjects=[Subject(apiGroup=null, kind=ServiceAccount, name=hivemq-platform-pod-test-hivemq-platform, namespace=helminitcontainerit, additionalProperties={})], additionalProperties={})
2025-01-28 20:41:05,521 INFO c.h.h.t.HelmChartContainer - [hivemq-test-hivemq-platform] [hivemq-platform-operator] [b696a002] 20:41:05.520 [ReconcilerExecutor-hivemq-controller-54] INFO  c.h.p.o.HiveMQPlatformReconciler - [helminit] Reconciling HiveMQ Platform 'test-hivemq-platform' in namespace 'helminitcontainerit'
2025-01-28 20:41:05,522 INFO c.h.h.t.HelmChartContainer - [hivemq-test-hivemq-platform] [hivemq-platform-operator] [b696a002] 20:41:05.521 [ReconcilerExecutor-hivemq-controller-54] DEBUG c.h.p.o.HiveMQPlatformReconciler - [helminit] Custom Resource Status CREATED - HiveMQ Platform was created (READY)
2025-01-28 20:41:05,523 INFO c.h.h.t.HelmChartContainer - [hivemq-test-hivemq-platform] [hivemq-platform-operator] [b696a002] 20:41:05.521 [ReconcilerExecutor-hivemq-controller-54] DEBUG c.h.p.o.HiveMQPlatformReconciler - [helminit] Custom Resource Spec (replicas: 1) (extensions: 1)
2025-01-28 20:41:05,528 INFO c.h.h.t.HelmChartContainer - [hivemq-test-hivemq-platform] [hivemq-platform-operator] [b696a002] 20:41:05.526 [ReconcilerExecutor-hivemq-controller-54] INFO  c.h.p.o.h.HiveMQPlatformReconcilerBaseHandler - [helminit] HiveMQ Platform is starting
2025-01-28 20:41:05,708 INFO c.h.h.t.HelmChartContainer - [hivemq-test-hivemq-platform] [hivemq-platform-operator] [b696a002] 20:41:05.706 [ReconcilerExecutor-hivemq-controller-54] DEBUG c.h.p.operator.event.EventSender - [helminit] Creating K8s event hivemq-platform-starting: [Start] HiveMQ Platform is starting
2025-01-28 20:41:05,719 INFO c.h.h.t.HelmChartContainer - [EVENT] Normal [Start] HiveMQ Platform is starting [helminitcontainerit:test-hivemq-platform]
2025-01-28 20:41:05,803 INFO c.h.h.t.HelmChartContainer - [hivemq-test-hivemq-platform] [hivemq-platform-operator] [b696a002] 20:41:05.801 [ReconcilerExecutor-hivemq-controller-54] INFO  c.h.p.o.h.AbstractHiveMQReconcilerStateHandler - [helminit] Update HiveMQ Platform Status (CREATED [READY] -> STARTING [READY]): HiveMQ Platform is starting
2025-01-28 20:41:05,819 DEBUG com.hivemq.helmcharts.util.K8sUtil - Comparing actual state 'STARTING' and waiting for 'RUNNING'
2025-01-28 20:41:15,911 INFO c.h.h.t.HelmChartContainer - [hivemq-test-hivemq-platform] [hivemq-platform-operator] [b696a002] 20:41:15.908 [pool-6-thread-12] DEBUG c.h.p.o.d.PlatformServiceResource - [helminit] Desired Platform services (3 services)
2025-01-28 20:41:15,914 INFO c.h.h.t.HelmChartContainer - [hivemq-test-hivemq-platform] [hivemq-platform-operator] [b696a002] 20:41:15.910 [pool-6-thread-13] DEBUG c.h.p.o.dependants.PodInfoConfigMap - [helminit] Desired PodInfo ConfigMap (1 extensions) (1 enabled)
2025-01-28 20:41:15,914 INFO c.h.h.t.HelmChartContainer - [hivemq-test-hivemq-platform] [hivemq-platform-operator] [b696a002] 20:41:15.910 [pool-6-thread-13] DEBUG c.h.p.o.dependants.PodInfoConfigMap - [helminit] Desired PodInfo ConfigMap (metrics port: 9399) (metrics path: /)
2025-01-28 20:41:15,914 INFO c.h.h.t.HelmChartContainer - [hivemq-test-hivemq-platform] [hivemq-platform-operator] [b696a002] 20:41:15.910 [pool-6-thread-13] DEBUG c.h.p.o.dependants.PodInfoConfigMap - [helminit] Desired PodInfo ConfigMap (extension state hash: -1817474005)
2025-01-28 20:41:15,919 INFO c.h.h.t.HelmChartContainer - [hivemq-test-hivemq-platform] [hivemq-platform-operator] [b696a002] 20:41:15.917 [pool-6-thread-17] DEBUG c.h.p.o.d.PodServiceAccountResource - [helminit] Desired PodServiceAccountResource (serviceAccountName: hivemq-platform-pod-test-hivemq-platform)
2025-01-28 20:41:15,921 INFO c.h.h.t.HelmChartContainer - [hivemq-test-hivemq-platform] [hivemq-platform-operator] [b696a002] 20:41:15.920 [pool-6-thread-13] DEBUG c.h.p.o.dependants.PodInfoConfigMap - [helminit] Update PodInfo ConfigMap
2025-01-28 20:41:15,926 INFO c.h.h.t.HelmChartContainer - [K3S] [alloc.go:330] "allocated clusterIPs" service="helminitcontainerit/hivemq-test-hivemq-platform-cc-8080" clusterIPs={"IPv4":"10.43.53.206"}
2025-01-28 20:41:16,016 INFO c.h.h.t.HelmChartContainer - [K3S] [alloc.go:330] "allocated clusterIPs" service="helminitcontainerit/hivemq-test-hivemq-platform-metrics-9399" clusterIPs={"IPv4":"10.43.166.58"}
2025-01-28 20:41:16,111 INFO c.h.h.t.HelmChartContainer - [K3S] [alloc.go:330] "allocated clusterIPs" service="helminitcontainerit/hivemq-test-hivemq-platform-mqtt-1883" clusterIPs={"IPv4":"10.43.122.190"}
2025-01-28 20:41:16,120 INFO c.h.h.t.HelmChartContainer - [hivemq-test-hivemq-platform] [hivemq-platform-operator] [b696a002] 20:41:16.119 [pool-6-thread-20] DEBUG c.h.p.o.d.StatefulSetResource - [helminit] Desired StatefulSet (1 replicas) for status STARTING (READY)
2025-01-28 20:41:16,214 INFO c.h.h.t.HelmChartContainer - [hivemq-test-hivemq-platform] [hivemq-platform-operator] [b696a002] 20:41:16.212 [pool-6-thread-20] DEBUG c.h.p.o.d.StatefulSetResource - [helminit] Create StatefulSet
2025-01-28 20:41:16,248 INFO c.h.h.t.HelmChartContainer - [POD] test-hivemq-platform-0 [ad68f3a5-1ea8-44f4-914d-c55f3e9bbc85] in helminitcontainerit was ADDED
2025-01-28 20:41:16,256 INFO c.h.h.t.HelmChartContainer - [POD] test-hivemq-platform-0 [ad68f3a5-1ea8-44f4-914d-c55f3e9bbc85] in helminitcontainerit was MODIFIED
2025-01-28 20:41:16,256 INFO c.h.h.t.HelmChartContainer - [EVENT] Normal [SuccessfulCreate] create Pod test-hivemq-platform-0 in StatefulSet test-hivemq-platform successful [helminitcontainerit:test-hivemq-platform]
2025-01-28 20:41:16,259 INFO c.h.h.t.HelmChartContainer - [EVENT] Normal [Scheduled] Successfully assigned helminitcontainerit/test-hivemq-platform-0 to 8e458440c762 [helminitcontainerit:test-hivemq-platform-0]
2025-01-28 20:41:16,268 INFO c.h.h.t.HelmChartContainer - [POD] test-hivemq-platform-0 [ad68f3a5-1ea8-44f4-914d-c55f3e9bbc85] in helminitcontainerit was MODIFIED
2025-01-28 20:41:16,403 INFO c.h.h.t.HelmChartContainer - [hivemq-test-hivemq-platform] [hivemq-platform-operator] [b696a002] 20:41:16.400 [ReconcilerExecutor-hivemq-controller-65] INFO  c.h.p.o.HiveMQPlatformReconciler - [helminit] Reconciling HiveMQ Platform 'test-hivemq-platform' in namespace 'helminitcontainerit'
2025-01-28 20:41:16,403 INFO c.h.h.t.HelmChartContainer - [hivemq-test-hivemq-platform] [hivemq-platform-operator] [b696a002] 20:41:16.400 [ReconcilerExecutor-hivemq-controller-65] DEBUG c.h.p.o.HiveMQPlatformReconciler - [helminit] Custom Resource Status STARTING - HiveMQ Platform is starting (READY)
2025-01-28 20:41:16,403 INFO c.h.h.t.HelmChartContainer - [hivemq-test-hivemq-platform] [hivemq-platform-operator] [b696a002] 20:41:16.400 [ReconcilerExecutor-hivemq-controller-65] DEBUG c.h.p.o.HiveMQPlatformReconciler - [helminit] Custom Resource Spec (replicas: 1) (extensions: 1)
2025-01-28 20:41:16,407 INFO c.h.h.t.HelmChartContainer - [hivemq-test-hivemq-platform] [hivemq-platform-operator] [b696a002] 20:41:16.404 [ReconcilerExecutor-hivemq-controller-65] DEBUG c.h.p.o.HiveMQPlatformReconciler - [helminit] StatefulSet Status (revision: test-hivemq-platform-74977b996d, replicas: 1, available: 0, ready: 0, current: 1, updated: 1)
2025-01-28 20:41:16,408 INFO c.h.h.t.HelmChartContainer - [hivemq-test-hivemq-platform] [hivemq-platform-operator] [b696a002] 20:41:16.404 [ReconcilerExecutor-hivemq-controller-65] DEBUG c.h.p.o.HiveMQPlatformReconciler - [helminit] StatefulSet Spec (replicas: 1, init containers: 2, containers: 1, volumes: 5)
2025-01-28 20:41:16,439 INFO c.h.h.t.HelmChartContainer - [K3S] [reconciler_common.go:251] "operationExecutor.VerifyControllerAttachedVolume started for volume \"license-volume\" (UniqueName: \"kubernetes.io/empty-dir/ad68f3a5-1ea8-44f4-914d-c55f3e9bbc85-license-volume\") pod \"test-hivemq-platform-0\" (UID: \"ad68f3a5-1ea8-44f4-914d-c55f3e9bbc85\") " pod="helminitcontainerit/test-hivemq-platform-0"
2025-01-28 20:41:16,439 INFO c.h.h.t.HelmChartContainer - [K3S] [reconciler_common.go:251] "operationExecutor.VerifyControllerAttachedVolume started for volume \"pod-info\" (UniqueName: \"kubernetes.io/configmap/ad68f3a5-1ea8-44f4-914d-c55f3e9bbc85-pod-info\") pod \"test-hivemq-platform-0\" (UID: \"ad68f3a5-1ea8-44f4-914d-c55f3e9bbc85\") " pod="helminitcontainerit/test-hivemq-platform-0"
2025-01-28 20:41:16,439 INFO c.h.h.t.HelmChartContainer - [K3S] [reconciler_common.go:251] "operationExecutor.VerifyControllerAttachedVolume started for volume \"broker-configuration\" (UniqueName: \"kubernetes.io/configmap/ad68f3a5-1ea8-44f4-914d-c55f3e9bbc85-broker-configuration\") pod \"test-hivemq-platform-0\" (UID: \"ad68f3a5-1ea8-44f4-914d-c55f3e9bbc85\") " pod="helminitcontainerit/test-hivemq-platform-0"
2025-01-28 20:41:16,439 INFO c.h.h.t.HelmChartContainer - [K3S] [reconciler_common.go:251] "operationExecutor.VerifyControllerAttachedVolume started for volume \"kube-api-access-zqrjg\" (UniqueName: \"kubernetes.io/projected/ad68f3a5-1ea8-44f4-914d-c55f3e9bbc85-kube-api-access-zqrjg\") pod \"test-hivemq-platform-0\" (UID: \"ad68f3a5-1ea8-44f4-914d-c55f3e9bbc85\") " pod="helminitcontainerit/test-hivemq-platform-0"
2025-01-28 20:41:16,439 INFO c.h.h.t.HelmChartContainer - [K3S] [reconciler_common.go:251] "operationExecutor.VerifyControllerAttachedVolume started for volume \"operator-init\" (UniqueName: \"kubernetes.io/empty-dir/ad68f3a5-1ea8-44f4-914d-c55f3e9bbc85-operator-init\") pod \"test-hivemq-platform-0\" (UID: \"ad68f3a5-1ea8-44f4-914d-c55f3e9bbc85\") " pod="helminitcontainerit/test-hivemq-platform-0"
2025-01-28 20:41:16,439 INFO c.h.h.t.HelmChartContainer - [K3S] [reconciler_common.go:251] "operationExecutor.VerifyControllerAttachedVolume started for volume \"consul-template-volume\" (UniqueName: \"kubernetes.io/configmap/ad68f3a5-1ea8-44f4-914d-c55f3e9bbc85-consul-template-volume\") pod \"test-hivemq-platform-0\" (UID: \"ad68f3a5-1ea8-44f4-914d-c55f3e9bbc85\") " pod="helminitcontainerit/test-hivemq-platform-0"
2025-01-28 20:41:16,506 INFO c.h.h.t.HelmChartContainer - [hivemq-test-hivemq-platform] [hivemq-platform-operator] [b696a002] 20:41:16.504 [ReconcilerExecutor-hivemq-controller-65] DEBUG c.h.p.o.h.HiveMQPlatformReconcilerErrorHandler - [helminit] Pod 'test-hivemq-platform-0' phase Pending
2025-01-28 20:41:16,506 INFO c.h.h.t.HelmChartContainer - [hivemq-test-hivemq-platform] [hivemq-platform-operator] [b696a002] 20:41:16.505 [ReconcilerExecutor-hivemq-controller-65] DEBUG c.h.p.o.h.HiveMQPlatformReconcilerErrorHandler - [helminit] Pod 'test-hivemq-platform-0' condition 'PodReadyToStartContainers': False
2025-01-28 20:41:16,507 INFO c.h.h.t.HelmChartContainer - [hivemq-test-hivemq-platform] [hivemq-platform-operator] [b696a002] 20:41:16.505 [ReconcilerExecutor-hivemq-controller-65] DEBUG c.h.p.o.h.HiveMQPlatformReconcilerErrorHandler - [helminit] Pod 'test-hivemq-platform-0' condition 'Initialized': False
2025-01-28 20:41:16,508 INFO c.h.h.t.HelmChartContainer - [hivemq-test-hivemq-platform] [hivemq-platform-operator] [b696a002] 20:41:16.505 [ReconcilerExecutor-hivemq-controller-65] DEBUG c.h.p.o.h.HiveMQPlatformReconcilerErrorHandler - [helminit] Pod 'test-hivemq-platform-0' condition 'Ready': False
2025-01-28 20:41:16,508 INFO c.h.h.t.HelmChartContainer - [hivemq-test-hivemq-platform] [hivemq-platform-operator] [b696a002] 20:41:16.505 [ReconcilerExecutor-hivemq-controller-65] DEBUG c.h.p.o.h.HiveMQPlatformReconcilerErrorHandler - [helminit] Pod 'test-hivemq-platform-0' condition 'ContainersReady': False
2025-01-28 20:41:16,508 INFO c.h.h.t.HelmChartContainer - [hivemq-test-hivemq-platform] [hivemq-platform-operator] [b696a002] 20:41:16.505 [ReconcilerExecutor-hivemq-controller-65] DEBUG c.h.p.o.h.HiveMQPlatformReconcilerErrorHandler - [helminit] Pod 'test-hivemq-platform-0' condition 'PodScheduled': True
2025-01-28 20:41:16,508 INFO c.h.h.t.HelmChartContainer - [hivemq-test-hivemq-platform] [hivemq-platform-operator] [b696a002] 20:41:16.506 [ReconcilerExecutor-hivemq-controller-65] DEBUG c.h.p.o.h.HiveMQPlatformReconcilerErrorHandler - [helminit] Pod 'test-hivemq-platform-0' containerStatus 'hivemq' (started: false) (ready: false) (waiting: [PodInitializing] null)
2025-01-28 20:41:16,509 INFO c.h.h.t.HelmChartContainer - [hivemq-test-hivemq-platform] [hivemq-platform-operator] [b696a002] 20:41:16.508 [ReconcilerExecutor-hivemq-controller-65] INFO  c.h.p.o.h.HiveMQPlatformReconcilerBaseHandler - [helminit] HiveMQ Platform is starting, 0 of 1 replicas are ready
2025-01-28 20:41:16,517 INFO c.h.h.t.HelmChartContainer - [hivemq-test-hivemq-platform] [hivemq-platform-operator] [b696a002] 20:41:16.514 [pool-6-thread-22] DEBUG c.h.p.o.d.PlatformServiceResource - [helminit] Desired Platform services (3 services)
2025-01-28 20:41:16,606 INFO c.h.h.t.HelmChartContainer - [hivemq-test-hivemq-platform] [hivemq-platform-operator] [b696a002] 20:41:16.600 [pool-6-thread-23] DEBUG c.h.p.o.dependants.PodInfoConfigMap - [helminit] Desired PodInfo ConfigMap (1 extensions) (1 enabled)
2025-01-28 20:41:16,606 INFO c.h.h.t.HelmChartContainer - [hivemq-test-hivemq-platform] [hivemq-platform-operator] [b696a002] 20:41:16.600 [pool-6-thread-23] DEBUG c.h.p.o.dependants.PodInfoConfigMap - [helminit] Desired PodInfo ConfigMap (metrics port: 9399) (metrics path: /)
2025-01-28 20:41:16,606 INFO c.h.h.t.HelmChartContainer - [hivemq-test-hivemq-platform] [hivemq-platform-operator] [b696a002] 20:41:16.600 [pool-6-thread-23] DEBUG c.h.p.o.dependants.PodInfoConfigMap - [helminit] Desired PodInfo ConfigMap (extension state hash: -1817474005)
2025-01-28 20:41:16,606 INFO c.h.h.t.HelmChartContainer - [hivemq-test-hivemq-platform] [hivemq-platform-operator] [b696a002] 20:41:16.602 [pool-6-thread-27] DEBUG c.h.p.o.d.PodServiceAccountResource - [helminit] Desired PodServiceAccountResource (serviceAccountName: hivemq-platform-pod-test-hivemq-platform)
2025-01-28 20:41:16,613 INFO c.h.h.t.HelmChartContainer - [hivemq-test-hivemq-platform] [hivemq-platform-operator] [b696a002] 20:41:16.610 [pool-6-thread-30] DEBUG c.h.p.o.d.StatefulSetResource - [helminit] Desired StatefulSet (1 replicas) for status STARTING (READY)
2025-01-28 20:41:16,619 INFO c.h.h.t.HelmChartContainer - [hivemq-test-hivemq-platform] [hivemq-platform-operator] [b696a002] 20:41:16.618 [ReconcilerExecutor-hivemq-controller-76] INFO  c.h.p.o.HiveMQPlatformReconciler - [helminit] Reconciling HiveMQ Platform 'test-hivemq-platform' in namespace 'helminitcontainerit'
2025-01-28 20:41:16,620 INFO c.h.h.t.HelmChartContainer - [hivemq-test-hivemq-platform] [hivemq-platform-operator] [b696a002] 20:41:16.619 [ReconcilerExecutor-hivemq-controller-76] DEBUG c.h.p.o.HiveMQPlatformReconciler - [helminit] Custom Resource Status STARTING - HiveMQ Platform is starting (READY)
2025-01-28 20:41:16,621 INFO c.h.h.t.HelmChartContainer - [hivemq-test-hivemq-platform] [hivemq-platform-operator] [b696a002] 20:41:16.620 [ReconcilerExecutor-hivemq-controller-76] DEBUG c.h.p.o.HiveMQPlatformReconciler - [helminit] Custom Resource Spec (replicas: 1) (extensions: 1)
2025-01-28 20:41:16,654 INFO c.h.h.t.HelmChartContainer - [EVENT] Normal [Pulling] Pulling image "hashicorp/consul-template:latest" [helminitcontainerit:test-hivemq-platform-0]
2025-01-28 20:41:16,706 INFO c.h.h.t.HelmChartContainer - [hivemq-test-hivemq-platform] [hivemq-platform-operator] [b696a002] 20:41:16.704 [ReconcilerExecutor-hivemq-controller-76] DEBUG c.h.p.o.HiveMQPlatformReconciler - [helminit] StatefulSet Status (revision: test-hivemq-platform-74977b996d, replicas: 1, available: 0, ready: 0, current: 1, updated: 1)
2025-01-28 20:41:16,707 INFO c.h.h.t.HelmChartContainer - [hivemq-test-hivemq-platform] [hivemq-platform-operator] [b696a002] 20:41:16.704 [ReconcilerExecutor-hivemq-controller-76] DEBUG c.h.p.o.HiveMQPlatformReconciler - [helminit] StatefulSet Spec (replicas: 1, init containers: 2, containers: 1, volumes: 5)
2025-01-28 20:41:16,708 INFO c.h.h.t.HelmChartContainer - [hivemq-test-hivemq-platform] [hivemq-platform-operator] [b696a002] 20:41:16.707 [ReconcilerExecutor-hivemq-controller-76] DEBUG c.h.p.o.h.HiveMQPlatformReconcilerErrorHandler - [helminit] Pod 'test-hivemq-platform-0' phase Pending
2025-01-28 20:41:16,709 INFO c.h.h.t.HelmChartContainer - [hivemq-test-hivemq-platform] [hivemq-platform-operator] [b696a002] 20:41:16.707 [ReconcilerExecutor-hivemq-controller-76] DEBUG c.h.p.o.h.HiveMQPlatformReconcilerErrorHandler - [helminit] Pod 'test-hivemq-platform-0' condition 'PodReadyToStartContainers': False
2025-01-28 20:41:16,709 INFO c.h.h.t.HelmChartContainer - [hivemq-test-hivemq-platform] [hivemq-platform-operator] [b696a002] 20:41:16.707 [ReconcilerExecutor-hivemq-controller-76] DEBUG c.h.p.o.h.HiveMQPlatformReconcilerErrorHandler - [helminit] Pod 'test-hivemq-platform-0' condition 'Initialized': False
2025-01-28 20:41:16,709 INFO c.h.h.t.HelmChartContainer - [hivemq-test-hivemq-platform] [hivemq-platform-operator] [b696a002] 20:41:16.708 [ReconcilerExecutor-hivemq-controller-76] DEBUG c.h.p.o.h.HiveMQPlatformReconcilerErrorHandler - [helminit] Pod 'test-hivemq-platform-0' condition 'Ready': False
2025-01-28 20:41:16,709 INFO c.h.h.t.HelmChartContainer - [hivemq-test-hivemq-platform] [hivemq-platform-operator] [b696a002] 20:41:16.708 [ReconcilerExecutor-hivemq-controller-76] DEBUG c.h.p.o.h.HiveMQPlatformReconcilerErrorHandler - [helminit] Pod 'test-hivemq-platform-0' condition 'ContainersReady': False
2025-01-28 20:41:16,709 INFO c.h.h.t.HelmChartContainer - [hivemq-test-hivemq-platform] [hivemq-platform-operator] [b696a002] 20:41:16.708 [ReconcilerExecutor-hivemq-controller-76] DEBUG c.h.p.o.h.HiveMQPlatformReconcilerErrorHandler - [helminit] Pod 'test-hivemq-platform-0' condition 'PodScheduled': True
2025-01-28 20:41:16,709 INFO c.h.h.t.HelmChartContainer - [hivemq-test-hivemq-platform] [hivemq-platform-operator] [b696a002] 20:41:16.708 [ReconcilerExecutor-hivemq-controller-76] DEBUG c.h.p.o.h.HiveMQPlatformReconcilerErrorHandler - [helminit] Pod 'test-hivemq-platform-0' containerStatus 'hivemq' (started: false) (ready: false) (waiting: [PodInitializing] null)
2025-01-28 20:41:16,711 INFO c.h.h.t.HelmChartContainer - [hivemq-test-hivemq-platform] [hivemq-platform-operator] [b696a002] 20:41:16.710 [ReconcilerExecutor-hivemq-controller-76] INFO  c.h.p.o.h.HiveMQPlatformReconcilerBaseHandler - [helminit] HiveMQ Platform is starting, 0 of 1 replicas are ready
2025-01-28 20:41:17,571 INFO c.h.h.t.HelmChartContainer - [EVENT] Normal [Pulled] Successfully pulled image "hashicorp/consul-template:latest" in 917ms (917ms including waiting). Image size: 8961926 bytes. [helminitcontainerit:test-hivemq-platform-0]
2025-01-28 20:41:17,578 INFO c.h.h.t.HelmChartContainer - [EVENT] Normal [Created] Created container: consul-template-init-container [helminitcontainerit:test-hivemq-platform-0]
2025-01-28 20:41:17,617 INFO c.h.h.t.HelmChartContainer - [EVENT] Normal [Started] Started container consul-template-init-container [helminitcontainerit:test-hivemq-platform-0]
2025-01-28 20:41:18,387 INFO c.h.h.t.HelmChartContainer - [EVENT] Normal [Pulled] Container image "docker.io/hivemq/hivemq-platform-operator-init-test:snapshot" already present on machine [helminitcontainerit:test-hivemq-platform-0]
2025-01-28 20:41:18,398 INFO c.h.h.t.HelmChartContainer - [POD] test-hivemq-platform-0 [ad68f3a5-1ea8-44f4-914d-c55f3e9bbc85] in helminitcontainerit was MODIFIED
2025-01-28 20:41:18,424 INFO c.h.h.t.HelmChartContainer - [EVENT] Normal [Created] Created container: hivemq-platform-operator-init [helminitcontainerit:test-hivemq-platform-0]
2025-01-28 20:41:18,432 INFO c.h.h.t.HelmChartContainer - [hivemq-test-hivemq-platform] [hivemq-platform-operator] [b696a002] 20:41:18.418 [pool-6-thread-32] DEBUG c.h.p.o.d.PlatformServiceResource - [helminit] Desired Platform services (3 services)
2025-01-28 20:41:18,432 INFO c.h.h.t.HelmChartContainer - [hivemq-test-hivemq-platform] [hivemq-platform-operator] [b696a002] 20:41:18.428 [pool-6-thread-37] DEBUG c.h.p.o.d.PodServiceAccountResource - [helminit] Desired PodServiceAccountResource (serviceAccountName: hivemq-platform-pod-test-hivemq-platform)
2025-01-28 20:41:18,434 INFO c.h.h.t.HelmChartContainer - [hivemq-test-hivemq-platform] [hivemq-platform-operator] [b696a002] 20:41:18.429 [pool-6-thread-33] DEBUG c.h.p.o.dependants.PodInfoConfigMap - [helminit] Desired PodInfo ConfigMap (1 extensions) (1 enabled)
2025-01-28 20:41:18,434 INFO c.h.h.t.HelmChartContainer - [hivemq-test-hivemq-platform] [hivemq-platform-operator] [b696a002] 20:41:18.430 [pool-6-thread-33] DEBUG c.h.p.o.dependants.PodInfoConfigMap - [helminit] Desired PodInfo ConfigMap (metrics port: 9399) (metrics path: /)
2025-01-28 20:41:18,434 INFO c.h.h.t.HelmChartContainer - [hivemq-test-hivemq-platform] [hivemq-platform-operator] [b696a002] 20:41:18.430 [pool-6-thread-33] DEBUG c.h.p.o.dependants.PodInfoConfigMap - [helminit] Desired PodInfo ConfigMap (extension state hash: -1817474005)
2025-01-28 20:41:18,488 INFO c.h.h.t.HelmChartContainer - [EVENT] Normal [Started] Started container hivemq-platform-operator-init [helminitcontainerit:test-hivemq-platform-0]
2025-01-28 20:41:18,504 INFO c.h.h.t.HelmChartContainer - [hivemq-test-hivemq-platform] [hivemq-platform-operator] [b696a002] 20:41:18.502 [pool-6-thread-40] DEBUG c.h.p.o.d.StatefulSetResource - [helminit] Desired StatefulSet (1 replicas) for status STARTING (READY)
2025-01-28 20:41:18,511 INFO c.h.h.t.HelmChartContainer - [hivemq-test-hivemq-platform] [hivemq-platform-operator] [b696a002] 20:41:18.510 [ReconcilerExecutor-hivemq-controller-87] INFO  c.h.p.o.HiveMQPlatformReconciler - [helminit] Reconciling HiveMQ Platform 'test-hivemq-platform' in namespace 'helminitcontainerit'
2025-01-28 20:41:18,511 INFO c.h.h.t.HelmChartContainer - [hivemq-test-hivemq-platform] [hivemq-platform-operator] [b696a002] 20:41:18.510 [ReconcilerExecutor-hivemq-controller-87] DEBUG c.h.p.o.HiveMQPlatformReconciler - [helminit] Custom Resource Status STARTING - HiveMQ Platform is starting (READY)
2025-01-28 20:41:18,511 INFO c.h.h.t.HelmChartContainer - [hivemq-test-hivemq-platform] [hivemq-platform-operator] [b696a002] 20:41:18.510 [ReconcilerExecutor-hivemq-controller-87] DEBUG c.h.p.o.HiveMQPlatformReconciler - [helminit] Custom Resource Spec (replicas: 1) (extensions: 1)
2025-01-28 20:41:18,514 INFO c.h.h.t.HelmChartContainer - [hivemq-test-hivemq-platform] [hivemq-platform-operator] [b696a002] 20:41:18.512 [ReconcilerExecutor-hivemq-controller-87] DEBUG c.h.p.o.HiveMQPlatformReconciler - [helminit] StatefulSet Status (revision: test-hivemq-platform-74977b996d, replicas: 1, available: 0, ready: 0, current: 1, updated: 1)
2025-01-28 20:41:18,515 INFO c.h.h.t.HelmChartContainer - [hivemq-test-hivemq-platform] [hivemq-platform-operator] [b696a002] 20:41:18.512 [ReconcilerExecutor-hivemq-controller-87] DEBUG c.h.p.o.HiveMQPlatformReconciler - [helminit] StatefulSet Spec (replicas: 1, init containers: 2, containers: 1, volumes: 5)
2025-01-28 20:41:18,520 INFO c.h.h.t.HelmChartContainer - [hivemq-test-hivemq-platform] [hivemq-platform-operator] [b696a002] 20:41:18.519 [ReconcilerExecutor-hivemq-controller-87] DEBUG c.h.p.o.h.HiveMQPlatformReconcilerErrorHandler - [helminit] Pod 'test-hivemq-platform-0' phase Pending
2025-01-28 20:41:18,521 INFO c.h.h.t.HelmChartContainer - [hivemq-test-hivemq-platform] [hivemq-platform-operator] [b696a002] 20:41:18.519 [ReconcilerExecutor-hivemq-controller-87] DEBUG c.h.p.o.h.HiveMQPlatformReconcilerErrorHandler - [helminit] Pod 'test-hivemq-platform-0' condition 'PodReadyToStartContainers': True
2025-01-28 20:41:18,521 INFO c.h.h.t.HelmChartContainer - [hivemq-test-hivemq-platform] [hivemq-platform-operator] [b696a002] 20:41:18.519 [ReconcilerExecutor-hivemq-controller-87] DEBUG c.h.p.o.h.HiveMQPlatformReconcilerErrorHandler - [helminit] Pod 'test-hivemq-platform-0' condition 'Initialized': False
2025-01-28 20:41:18,521 INFO c.h.h.t.HelmChartContainer - [hivemq-test-hivemq-platform] [hivemq-platform-operator] [b696a002] 20:41:18.519 [ReconcilerExecutor-hivemq-controller-87] DEBUG c.h.p.o.h.HiveMQPlatformReconcilerErrorHandler - [helminit] Pod 'test-hivemq-platform-0' condition 'Ready': False
2025-01-28 20:41:18,521 INFO c.h.h.t.HelmChartContainer - [hivemq-test-hivemq-platform] [hivemq-platform-operator] [b696a002] 20:41:18.520 [ReconcilerExecutor-hivemq-controller-87] DEBUG c.h.p.o.h.HiveMQPlatformReconcilerErrorHandler - [helminit] Pod 'test-hivemq-platform-0' condition 'ContainersReady': False
2025-01-28 20:41:18,521 INFO c.h.h.t.HelmChartContainer - [hivemq-test-hivemq-platform] [hivemq-platform-operator] [b696a002] 20:41:18.520 [ReconcilerExecutor-hivemq-controller-87] DEBUG c.h.p.o.h.HiveMQPlatformReconcilerErrorHandler - [helminit] Pod 'test-hivemq-platform-0' condition 'PodScheduled': True
2025-01-28 20:41:18,521 INFO c.h.h.t.HelmChartContainer - [hivemq-test-hivemq-platform] [hivemq-platform-operator] [b696a002] 20:41:18.520 [ReconcilerExecutor-hivemq-controller-87] DEBUG c.h.p.o.h.HiveMQPlatformReconcilerErrorHandler - [helminit] Pod 'test-hivemq-platform-0' containerStatus 'hivemq' (started: false) (ready: false) (waiting: [PodInitializing] null)
2025-01-28 20:41:18,572 INFO c.h.h.t.HelmChartContainer - [hivemq-test-hivemq-platform] [hivemq-platform-operator] [b696a002] 20:41:18.571 [ReconcilerExecutor-hivemq-controller-87] INFO  c.h.p.o.h.HiveMQPlatformReconcilerBaseHandler - [helminit] HiveMQ Platform is starting, 0 of 1 replicas are ready
2025-01-28 20:41:19,390 INFO c.h.h.t.HelmChartContainer - [EVENT] Normal [Pulled] Container image "docker.io/hivemq/hivemq4:4.36.0" already present on machine [helminitcontainerit:test-hivemq-platform-0]
2025-01-28 20:41:19,391 INFO c.h.h.t.HelmChartContainer - Received Pulled event for container hivemq in pod test-hivemq-platform-0 [ad68f3a5-1ea8-44f4-914d-c55f3e9bbc85]
2025-01-28 20:41:19,405 INFO c.h.h.t.HelmChartContainer - [POD] test-hivemq-platform-0 [ad68f3a5-1ea8-44f4-914d-c55f3e9bbc85] in helminitcontainerit was MODIFIED
2025-01-28 20:41:19,407 INFO c.h.h.t.HelmChartContainer - [EVENT] Normal [Created] Created container: hivemq [helminitcontainerit:test-hivemq-platform-0]
2025-01-28 20:41:19,407 INFO c.h.h.t.HelmChartContainer - Received Created event for container hivemq in pod test-hivemq-platform-0 [ad68f3a5-1ea8-44f4-914d-c55f3e9bbc85]
2025-01-28 20:41:19,432 INFO c.h.h.t.HelmChartContainer - [hivemq-test-hivemq-platform] [hivemq-platform-operator] [b696a002] 20:41:19.429 [pool-6-thread-42] DEBUG c.h.p.o.d.PlatformServiceResource - [helminit] Desired Platform services (3 services)
2025-01-28 20:41:19,437 INFO c.h.h.t.HelmChartContainer - [hivemq-test-hivemq-platform] [hivemq-platform-operator] [b696a002] 20:41:19.433 [pool-6-thread-47] DEBUG c.h.p.o.d.PodServiceAccountResource - [helminit] Desired PodServiceAccountResource (serviceAccountName: hivemq-platform-pod-test-hivemq-platform)
2025-01-28 20:41:19,471 INFO c.h.h.t.HelmChartContainer - [hivemq-test-hivemq-platform] [hivemq-platform-operator] [b696a002] 20:41:19.433 [pool-6-thread-43] DEBUG c.h.p.o.dependants.PodInfoConfigMap - [helminit] Desired PodInfo ConfigMap (1 extensions) (1 enabled)
2025-01-28 20:41:19,471 INFO c.h.h.t.HelmChartContainer - [hivemq-test-hivemq-platform] [hivemq-platform-operator] [b696a002] 20:41:19.470 [pool-6-thread-43] DEBUG c.h.p.o.dependants.PodInfoConfigMap - [helminit] Desired PodInfo ConfigMap (metrics port: 9399) (metrics path: /)
2025-01-28 20:41:19,505 INFO c.h.h.t.HelmChartContainer - [hivemq-test-hivemq-platform] [hivemq-platform-operator] [b696a002] 20:41:19.502 [pool-6-thread-43] DEBUG c.h.p.o.dependants.PodInfoConfigMap - [helminit] Desired PodInfo ConfigMap (extension state hash: -1817474005)
2025-01-28 20:41:19,513 INFO c.h.h.t.HelmChartContainer - [hivemq-test-hivemq-platform] [hivemq-platform-operator] [b696a002] 20:41:19.512 [pool-6-thread-50] DEBUG c.h.p.o.d.StatefulSetResource - [helminit] Desired StatefulSet (1 replicas) for status STARTING (READY)
2025-01-28 20:41:19,533 INFO c.h.h.t.HelmChartContainer - [hivemq-test-hivemq-platform] [hivemq-platform-operator] [b696a002] 20:41:19.526 [ReconcilerExecutor-hivemq-controller-98] INFO  c.h.p.o.HiveMQPlatformReconciler - [helminit] Reconciling HiveMQ Platform 'test-hivemq-platform' in namespace 'helminitcontainerit'
2025-01-28 20:41:19,534 INFO c.h.h.t.HelmChartContainer - [hivemq-test-hivemq-platform] [hivemq-platform-operator] [b696a002] 20:41:19.526 [ReconcilerExecutor-hivemq-controller-98] DEBUG c.h.p.o.HiveMQPlatformReconciler - [helminit] Custom Resource Status STARTING - HiveMQ Platform is starting (READY)
2025-01-28 20:41:19,534 INFO c.h.h.t.HelmChartContainer - [hivemq-test-hivemq-platform] [hivemq-platform-operator] [b696a002] 20:41:19.526 [ReconcilerExecutor-hivemq-controller-98] DEBUG c.h.p.o.HiveMQPlatformReconciler - [helminit] Custom Resource Spec (replicas: 1) (extensions: 1)
2025-01-28 20:41:19,534 INFO c.h.h.t.HelmChartContainer - [hivemq-test-hivemq-platform] [hivemq-platform-operator] [b696a002] 20:41:19.529 [ReconcilerExecutor-hivemq-controller-98] DEBUG c.h.p.o.HiveMQPlatformReconciler - [helminit] StatefulSet Status (revision: test-hivemq-platform-74977b996d, replicas: 1, available: 0, ready: 0, current: 1, updated: 1)
2025-01-28 20:41:19,534 INFO c.h.h.t.HelmChartContainer - [hivemq-test-hivemq-platform] [hivemq-platform-operator] [b696a002] 20:41:19.529 [ReconcilerExecutor-hivemq-controller-98] DEBUG c.h.p.o.HiveMQPlatformReconciler - [helminit] StatefulSet Spec (replicas: 1, init containers: 2, containers: 1, volumes: 5)
2025-01-28 20:41:19,606 INFO c.h.h.t.HelmChartContainer - [hivemq-test-hivemq-platform] [hivemq-platform-operator] [b696a002] 20:41:19.601 [ReconcilerExecutor-hivemq-controller-98] DEBUG c.h.p.o.h.HiveMQPlatformReconcilerErrorHandler - [helminit] Pod 'test-hivemq-platform-0' phase Pending
2025-01-28 20:41:19,607 INFO c.h.h.t.HelmChartContainer - [hivemq-test-hivemq-platform] [hivemq-platform-operator] [b696a002] 20:41:19.601 [ReconcilerExecutor-hivemq-controller-98] DEBUG c.h.p.o.h.HiveMQPlatformReconcilerErrorHandler - [helminit] Pod 'test-hivemq-platform-0' condition 'PodReadyToStartContainers': True
2025-01-28 20:41:19,607 INFO c.h.h.t.HelmChartContainer - [hivemq-test-hivemq-platform] [hivemq-platform-operator] [b696a002] 20:41:19.601 [ReconcilerExecutor-hivemq-controller-98] DEBUG c.h.p.o.h.HiveMQPlatformReconcilerErrorHandler - [helminit] Pod 'test-hivemq-platform-0' condition 'Initialized': True
2025-01-28 20:41:19,607 INFO c.h.h.t.HelmChartContainer - [hivemq-test-hivemq-platform] [hivemq-platform-operator] [b696a002] 20:41:19.601 [ReconcilerExecutor-hivemq-controller-98] DEBUG c.h.p.o.h.HiveMQPlatformReconcilerErrorHandler - [helminit] Pod 'test-hivemq-platform-0' condition 'Ready': False
2025-01-28 20:41:19,607 INFO c.h.h.t.HelmChartContainer - [hivemq-test-hivemq-platform] [hivemq-platform-operator] [b696a002] 20:41:19.602 [ReconcilerExecutor-hivemq-controller-98] DEBUG c.h.p.o.h.HiveMQPlatformReconcilerErrorHandler - [helminit] Pod 'test-hivemq-platform-0' condition 'ContainersReady': False
2025-01-28 20:41:19,607 INFO c.h.h.t.HelmChartContainer - [hivemq-test-hivemq-platform] [hivemq-platform-operator] [b696a002] 20:41:19.602 [ReconcilerExecutor-hivemq-controller-98] DEBUG c.h.p.o.h.HiveMQPlatformReconcilerErrorHandler - [helminit] Pod 'test-hivemq-platform-0' condition 'PodScheduled': True
2025-01-28 20:41:19,607 INFO c.h.h.t.HelmChartContainer - [hivemq-test-hivemq-platform] [hivemq-platform-operator] [b696a002] 20:41:19.602 [ReconcilerExecutor-hivemq-controller-98] DEBUG c.h.p.o.h.HiveMQPlatformReconcilerErrorHandler - [helminit] Pod 'test-hivemq-platform-0' containerStatus 'hivemq' (started: false) (ready: false) (waiting: [PodInitializing] null)
2025-01-28 20:41:19,607 INFO c.h.h.t.HelmChartContainer - [hivemq-test-hivemq-platform] [hivemq-platform-operator] [b696a002] 20:41:19.604 [ReconcilerExecutor-hivemq-controller-98] INFO  c.h.p.o.h.HiveMQPlatformReconcilerBaseHandler - [helminit] HiveMQ Platform is starting, 0 of 1 replicas are ready
2025-01-28 20:41:20,407 INFO c.h.h.t.HelmChartContainer - [POD] test-hivemq-platform-0 [ad68f3a5-1ea8-44f4-914d-c55f3e9bbc85] in helminitcontainerit was MODIFIED
2025-01-28 20:41:20,423 INFO c.h.h.t.HelmChartContainer - [hivemq-test-hivemq-platform] [hivemq-platform-operator] [b696a002] 20:41:20.419 [pool-6-thread-6] DEBUG c.h.p.o.d.PlatformServiceResource - [helminit] Desired Platform services (3 services)
2025-01-28 20:41:20,425 INFO c.h.h.t.HelmChartContainer - [hivemq-test-hivemq-platform] [hivemq-platform-operator] [b696a002] 20:41:20.424 [pool-6-thread-4] DEBUG c.h.p.o.dependants.PodInfoConfigMap - [helminit] Desired PodInfo ConfigMap (1 extensions) (1 enabled)
2025-01-28 20:41:20,430 INFO c.h.h.t.HelmChartContainer - [EVENT] Normal [Started] Started container hivemq [helminitcontainerit:test-hivemq-platform-0]
2025-01-28 20:41:20,430 INFO c.h.h.t.HelmChartContainer - Received Started event for container hivemq in pod test-hivemq-platform-0 [ad68f3a5-1ea8-44f4-914d-c55f3e9bbc85]
2025-01-28 20:41:20,430 INFO c.h.h.t.HelmChartContainer - Started log watcher for hivemq in pod test-hivemq-platform-0 [ad68f3a5-1ea8-44f4-914d-c55f3e9bbc85]
2025-01-28 20:41:20,430 INFO c.h.h.t.HelmChartContainer - [test-hivemq-platform] [hivemq] [ad68f3a5] Adding pre-installed HiveMQ Platform Operator extensions
2025-01-28 20:41:20,431 INFO c.h.h.t.HelmChartContainer - [test-hivemq-platform] [hivemq] [ad68f3a5] Running as user 10000
2025-01-28 20:41:20,431 INFO c.h.h.t.HelmChartContainer - [test-hivemq-platform] [hivemq] [ad68f3a5] Starting HiveMQ Platform Operator Init
2025-01-28 20:41:20,436 INFO c.h.h.t.HelmChartContainer - [hivemq-test-hivemq-platform] [hivemq-platform-operator] [b696a002] 20:41:20.433 [pool-6-thread-5] DEBUG c.h.p.o.d.PodServiceAccountResource - [helminit] Desired PodServiceAccountResource (serviceAccountName: hivemq-platform-pod-test-hivemq-platform)
2025-01-28 20:41:20,438 INFO c.h.h.t.HelmChartContainer - [hivemq-test-hivemq-platform] [hivemq-platform-operator] [b696a002] 20:41:20.435 [pool-6-thread-4] DEBUG c.h.p.o.dependants.PodInfoConfigMap - [helminit] Desired PodInfo ConfigMap (metrics port: 9399) (metrics path: /)
2025-01-28 20:41:20,438 INFO c.h.h.t.HelmChartContainer - [hivemq-test-hivemq-platform] [hivemq-platform-operator] [b696a002] 20:41:20.435 [pool-6-thread-4] DEBUG c.h.p.o.dependants.PodInfoConfigMap - [helminit] Desired PodInfo ConfigMap (extension state hash: -1817474005)
2025-01-28 20:41:20,509 INFO c.h.h.t.HelmChartContainer - [hivemq-test-hivemq-platform] [hivemq-platform-operator] [b696a002] 20:41:20.507 [pool-6-thread-6] DEBUG c.h.p.o.d.StatefulSetResource - [helminit] Desired StatefulSet (1 replicas) for status STARTING (READY)
2025-01-28 20:41:20,520 INFO c.h.h.t.HelmChartContainer - [hivemq-test-hivemq-platform] [hivemq-platform-operator] [b696a002] 20:41:20.515 [ReconcilerExecutor-hivemq-controller-109] INFO  c.h.p.o.HiveMQPlatformReconciler - [helminit] Reconciling HiveMQ Platform 'test-hivemq-platform' in namespace 'helminitcontainerit'
2025-01-28 20:41:20,520 INFO c.h.h.t.HelmChartContainer - [hivemq-test-hivemq-platform] [hivemq-platform-operator] [b696a002] 20:41:20.515 [ReconcilerExecutor-hivemq-controller-109] DEBUG c.h.p.o.HiveMQPlatformReconciler - [helminit] Custom Resource Status STARTING - HiveMQ Platform is starting (READY)
2025-01-28 20:41:20,520 INFO c.h.h.t.HelmChartContainer - [hivemq-test-hivemq-platform] [hivemq-platform-operator] [b696a002] 20:41:20.515 [ReconcilerExecutor-hivemq-controller-109] DEBUG c.h.p.o.HiveMQPlatformReconciler - [helminit] Custom Resource Spec (replicas: 1) (extensions: 1)
2025-01-28 20:41:20,520 INFO c.h.h.t.HelmChartContainer - [hivemq-test-hivemq-platform] [hivemq-platform-operator] [b696a002] 20:41:20.517 [ReconcilerExecutor-hivemq-controller-109] DEBUG c.h.p.o.HiveMQPlatformReconciler - [helminit] StatefulSet Status (revision: test-hivemq-platform-74977b996d, replicas: 1, available: 0, ready: 0, current: 1, updated: 1)
2025-01-28 20:41:20,520 INFO c.h.h.t.HelmChartContainer - [hivemq-test-hivemq-platform] [hivemq-platform-operator] [b696a002] 20:41:20.517 [ReconcilerExecutor-hivemq-controller-109] DEBUG c.h.p.o.HiveMQPlatformReconciler - [helminit] StatefulSet Spec (replicas: 1, init containers: 2, containers: 1, volumes: 5)
2025-01-28 20:41:20,607 INFO c.h.h.t.HelmChartContainer - [hivemq-test-hivemq-platform] [hivemq-platform-operator] [b696a002] 20:41:20.600 [ReconcilerExecutor-hivemq-controller-109] DEBUG c.h.p.o.h.HiveMQPlatformReconcilerErrorHandler - [helminit] Pod 'test-hivemq-platform-0' phase Running
2025-01-28 20:41:20,607 INFO c.h.h.t.HelmChartContainer - [hivemq-test-hivemq-platform] [hivemq-platform-operator] [b696a002] 20:41:20.602 [ReconcilerExecutor-hivemq-controller-109] INFO  c.h.p.o.h.HiveMQPlatformReconcilerBaseHandler - [helminit] HiveMQ Platform is starting, 0 of 1 replicas are ready
2025-01-28 20:41:20,702 INFO c.h.h.t.HelmChartContainer - [test-hivemq-platform] [hivemq] [ad68f3a5] INFO  - [HiveMQ Platform Operator Init 1.7.0-SNAPSHOT] HiveMQ Platform Operator Init 1.7.0-SNAPSHOT (commit: bebf408 on branch: HEAD) built on Sun Jan 26 20:47:47 UTC 2025
2025-01-28 20:41:21,928 INFO c.h.h.t.HelmChartContainer - [test-hivemq-platform] [hivemq] [ad68f3a5] INFO  - [HiveMQ Platform Operator Init App 1.7.0-SNAPSHOT] Using bind address 10.42.0.6 from environment variable
2025-01-28 20:41:22,808 INFO c.h.h.t.HelmChartContainer - [test-hivemq-platform] [hivemq] [ad68f3a5] INFO  - [HiveMQ Platform Operator Init App 1.7.0-SNAPSHOT] HiveMQ Platform Operator Init App 1.7.0-SNAPSHOT (commit: bebf408 on branch: HEAD) built on Sun Jan 26 20:47:47 UTC 2025
2025-01-28 20:41:22,810 INFO c.h.h.t.HelmChartContainer - [test-hivemq-platform] [hivemq] [ad68f3a5] INFO  - [HiveMQ Platform Operator Init App 1.7.0-SNAPSHOT] PodInfo ConfigMap directory: /etc/podinfo
2025-01-28 20:41:22,810 INFO c.h.h.t.HelmChartContainer - [test-hivemq-platform] [hivemq] [ad68f3a5] INFO  - [HiveMQ Platform Operator Init App 1.7.0-SNAPSHOT] HiveMQ home directory: /opt/hivemq
2025-01-28 20:41:22,810 INFO c.h.h.t.HelmChartContainer - [test-hivemq-platform] [hivemq] [ad68f3a5] INFO  - [HiveMQ Platform Operator Init App 1.7.0-SNAPSHOT] HiveMQ Logback folder: /opt/hivemq/conf
2025-01-28 20:41:22,810 INFO c.h.h.t.HelmChartContainer - [test-hivemq-platform] [hivemq] [ad68f3a5] INFO  - [HiveMQ Platform Operator Init App 1.7.0-SNAPSHOT] HiveMQ Config folder: /opt/hivemq/conf-k8s
2025-01-28 20:41:22,810 INFO c.h.h.t.HelmChartContainer - [test-hivemq-platform] [hivemq] [ad68f3a5] INFO  - [HiveMQ Platform Operator Init App 1.7.0-SNAPSHOT] Starting HiveMQ Platform Operator Init App
2025-01-28 20:41:22,810 INFO c.h.h.t.HelmChartContainer - [test-hivemq-platform] [hivemq] [ad68f3a5] INFO  - [HiveMQ Platform Operator Init App 1.7.0-SNAPSHOT] Starting Pod reconciler
2025-01-28 20:41:24,122 INFO c.h.h.t.HelmChartContainer - [test-hivemq-platform] [hivemq] [ad68f3a5] INFO  - [HiveMQ Platform Operator Init App 1.7.0-SNAPSHOT] Pod reconciler is scheduled (interval: 5000 ms)
2025-01-28 20:41:24,123 INFO c.h.h.t.HelmChartContainer - [test-hivemq-platform] [hivemq] [ad68f3a5] INFO  - [HiveMQ Platform Operator Init App 1.7.0-SNAPSHOT] Starting the REST API on 10.42.0.6:7979
2025-01-28 20:41:24,126 INFO c.h.h.t.HelmChartContainer - [test-hivemq-platform] [hivemq] [ad68f3a5] INFO  - [HiveMQ Platform Operator Init App 1.7.0-SNAPSHOT] Waiting up to 600s for at most 1 HiveMQ nodes in cluster service hivemq-test-hivemq-platform-cluster.helminitcontainerit.svc
2025-01-28 20:41:24,502 INFO c.h.h.t.HelmChartContainer - [test-hivemq-platform] [hivemq] [ad68f3a5] INFO  - [HiveMQ Platform Operator Init App 1.7.0-SNAPSHOT] Resolved 1 IP addresses: [10.42.0.6]
2025-01-28 20:41:24,502 INFO c.h.h.t.HelmChartContainer - [test-hivemq-platform] [hivemq] [ad68f3a5] INFO  - [HiveMQ Platform Operator Init App 1.7.0-SNAPSHOT] HiveMQ node count of 1 is within threshold of 1
2025-01-28 20:41:24,503 INFO c.h.h.t.HelmChartContainer - [test-hivemq-platform] [hivemq] [ad68f3a5] INFO  - [HiveMQ Platform Operator Init App 1.7.0-SNAPSHOT] Proceeding with container start
2025-01-28 20:41:24,595 INFO c.h.h.t.HelmChartContainer - [test-hivemq-platform] [hivemq] [ad68f3a5] INFO  - [HiveMQ Platform Operator Init App 1.7.0-SNAPSHOT] Initializing HiveMQ Platform extensions with initial configuration: {hivemq-allow-all-extension={start-priority=-1, skip-https-hostname-verification=false, restart=true, config-version=0, header-version=0, c-uri=, priority=-1, uri=preinstalled, skip-https-certificate-validation=false, enabled=true}, hivemq-prometheus-extension={uri=preinstalled, request-header-path=no-request-headers, enabled=true, restart=true, priority=-1, start-priority=-1, c-uri=, skip-https-hostname-verification=false, skip-https-certificate-validation=false}}
2025-01-28 20:41:25,188 INFO c.h.h.t.HelmChartContainer - [test-hivemq-platform] [hivemq] [ad68f3a5] INFO  - [HiveMQ Platform Operator Init App 1.7.0-SNAPSHOT] Extension hivemq-allow-all-extension was already enabled
2025-01-28 20:41:25,202 INFO c.h.h.t.HelmChartContainer - [test-hivemq-platform] [hivemq] [ad68f3a5] INFO  - [HiveMQ Platform Operator Init App 1.7.0-SNAPSHOT] Successfully enabled extension hivemq-prometheus-extension
2025-01-28 20:41:25,204 INFO c.h.h.t.HelmChartContainer - [test-hivemq-platform] [hivemq] [ad68f3a5] INFO  - [HiveMQ Platform Operator Init App 1.7.0-SNAPSHOT] Starting HiveMQ Platform version 4.36.0 (4.36.0)
2025-01-28 20:41:25,204 INFO c.h.h.t.HelmChartContainer - [test-hivemq-platform] [hivemq] [ad68f3a5] INFO  - [HiveMQ Platform Operator Init App 1.7.0-SNAPSHOT] Configuring the HiveMQ Platform
2025-01-28 20:41:25,300 INFO c.h.h.t.HelmChartContainer - [test-hivemq-platform] [hivemq] [ad68f3a5] INFO  - [HiveMQ Platform Operator Init App 1.7.0-SNAPSHOT] Changed logback.xml file scan period to 20 seconds
2025-01-28 20:41:25,395 INFO c.h.h.t.HelmChartContainer - [test-hivemq-platform] [hivemq] [ad68f3a5] INFO  - [HiveMQ Platform Operator Init App 1.7.0-SNAPSHOT] Starting the HiveMQ Platform
2025-01-28 20:41:25,397 INFO c.h.h.t.HelmChartContainer - [test-hivemq-platform] [hivemq] [ad68f3a5] -------------------------------------------------------------------------
2025-01-28 20:41:25,397 INFO c.h.h.t.HelmChartContainer - [test-hivemq-platform] [hivemq] [ad68f3a5] 
2025-01-28 20:41:25,397 INFO c.h.h.t.HelmChartContainer - [test-hivemq-platform] [hivemq] [ad68f3a5]                   _    _  _              __  __   ____
2025-01-28 20:41:25,397 INFO c.h.h.t.HelmChartContainer - [test-hivemq-platform] [hivemq] [ad68f3a5]                  | |  | |(_)            |  \/  | / __ \
2025-01-28 20:41:25,398 INFO c.h.h.t.HelmChartContainer - [test-hivemq-platform] [hivemq] [ad68f3a5]                  | |__| | _ __   __ ___ | \  / || |  | |
2025-01-28 20:41:25,398 INFO c.h.h.t.HelmChartContainer - [test-hivemq-platform] [hivemq] [ad68f3a5]                  |  __  || |\ \ / // _ \| |\/| || |  | |
2025-01-28 20:41:25,398 INFO c.h.h.t.HelmChartContainer - [test-hivemq-platform] [hivemq] [ad68f3a5]                  | |  | || | \ V /|  __/| |  | || |__| |
2025-01-28 20:41:25,398 INFO c.h.h.t.HelmChartContainer - [test-hivemq-platform] [hivemq] [ad68f3a5]                  |_|  |_||_|  \_/  \___||_|  |_| \___\_\
2025-01-28 20:41:25,398 INFO c.h.h.t.HelmChartContainer - [test-hivemq-platform] [hivemq] [ad68f3a5] 
2025-01-28 20:41:25,399 INFO c.h.h.t.HelmChartContainer - [test-hivemq-platform] [hivemq] [ad68f3a5] -------------------------------------------------------------------------
2025-01-28 20:41:25,399 INFO c.h.h.t.HelmChartContainer - [test-hivemq-platform] [hivemq] [ad68f3a5] 
2025-01-28 20:41:25,399 INFO c.h.h.t.HelmChartContainer - [test-hivemq-platform] [hivemq] [ad68f3a5]   HiveMQ Start Script for Linux/Unix v1.14
2025-01-28 20:41:25,399 INFO c.h.h.t.HelmChartContainer - [test-hivemq-platform] [hivemq] [ad68f3a5] 
2025-01-28 20:41:25,497 INFO c.h.h.t.HelmChartContainer - [test-hivemq-platform] [hivemq] [ad68f3a5] -------------------------------------------------------------------------
2025-01-28 20:41:25,497 INFO c.h.h.t.HelmChartContainer - [test-hivemq-platform] [hivemq] [ad68f3a5] 
2025-01-28 20:41:25,497 INFO c.h.h.t.HelmChartContainer - [test-hivemq-platform] [hivemq] [ad68f3a5]   HIVEMQ_HOME: /opt/hivemq
2025-01-28 20:41:25,497 INFO c.h.h.t.HelmChartContainer - [test-hivemq-platform] [hivemq] [ad68f3a5] 
2025-01-28 20:41:25,497 INFO c.h.h.t.HelmChartContainer - [test-hivemq-platform] [hivemq] [ad68f3a5]   JAVA_OPTS: -XX:+UnlockExperimentalVMOptions -XX:InitialRAMPercentage=50 -XX:MaxRAMPercentage=50 -Djava.net.preferIPv4Stack=true --add-opens java.base/java.lang=ALL-UNNAMED --add-opens java.base/java.nio=ALL-UNNAMED --add-opens java.base/sun.nio.ch=ALL-UNNAMED --add-opens jdk.management/com.sun.management.internal=ALL-UNNAMED --add-exports java.base/jdk.internal.misc=ALL-UNNAMED -Djava.security.egd=file:/dev/./urandom -Dcom.sun.management.jmxremote -Dcom.sun.management.jmxremote.port=9010 -Dcom.sun.management.jmxremote.local.only=false -Dcom.sun.management.jmxremote.authenticate=false -Dcom.sun.management.jmxremote.ssl=false -Duser.language=en -Duser.region=US -XX:+CrashOnOutOfMemoryError -XX:+HeapDumpOnOutOfMemoryError
2025-01-28 20:41:25,497 INFO c.h.h.t.HelmChartContainer - [test-hivemq-platform] [hivemq] [ad68f3a5] 
2025-01-28 20:41:25,497 INFO c.h.h.t.HelmChartContainer - [test-hivemq-platform] [hivemq] [ad68f3a5]   JAVA_VERSION: 21
2025-01-28 20:41:25,497 INFO c.h.h.t.HelmChartContainer - [test-hivemq-platform] [hivemq] [ad68f3a5] 
2025-01-28 20:41:25,497 INFO c.h.h.t.HelmChartContainer - [test-hivemq-platform] [hivemq] [ad68f3a5] -------------------------------------------------------------------------
2025-01-28 20:41:25,497 INFO c.h.h.t.HelmChartContainer - [test-hivemq-platform] [hivemq] [ad68f3a5] 
2025-01-28 20:41:26,496 INFO c.h.h.t.HelmChartContainer - [test-hivemq-platform] [hivemq] [ad68f3a5] INFO  - [HiveMQ Platform Operator Init App 1.7.0-SNAPSHOT] Returning default Health API response 503 for readiness
2025-01-28 20:41:26,807 INFO c.h.h.t.HelmChartContainer - [EVENT] Warning [Unhealthy] Readiness probe failed: HTTP probe failed with statuscode: 503 [helminitcontainerit:test-hivemq-platform-0]
2025-01-28 20:41:26,807 INFO c.h.h.t.HelmChartContainer - Received Unhealthy event for container hivemq in pod test-hivemq-platform-0 [ad68f3a5-1ea8-44f4-914d-c55f3e9bbc85]
2025-01-28 20:41:28,293 INFO c.h.h.t.HelmChartContainer - [test-hivemq-platform] [hivemq] [ad68f3a5] INFO  - Starting HiveMQ Enterprise Server
2025-01-28 20:41:28,300 INFO c.h.h.t.HelmChartContainer - [test-hivemq-platform] [hivemq] [ad68f3a5] INFO  - HiveMQ version: 4.36.0
2025-01-28 20:41:28,300 INFO c.h.h.t.HelmChartContainer - [test-hivemq-platform] [hivemq] [ad68f3a5] INFO  - HiveMQ home directory: /opt/hivemq
2025-01-28 20:41:28,301 INFO c.h.h.t.HelmChartContainer - [test-hivemq-platform] [hivemq] [ad68f3a5] INFO  - Log Configuration was overridden by /opt/hivemq/conf/logback.xml
2025-01-28 20:41:30,097 INFO c.h.h.t.HelmChartContainer - [test-hivemq-platform] [hivemq] [ad68f3a5] INFO  - Successfully loaded configuration from '/opt/hivemq/conf-k8s/config.xml'.
2025-01-28 20:41:30,612 INFO c.h.h.t.HelmChartContainer - [hivemq-test-hivemq-platform] [hivemq-platform-operator] [b696a002] 20:41:30.609 [pool-6-thread-14] DEBUG c.h.p.o.d.PlatformServiceResource - [helminit] Desired Platform services (3 services)
2025-01-28 20:41:30,612 INFO c.h.h.t.HelmChartContainer - [hivemq-test-hivemq-platform] [hivemq-platform-operator] [b696a002] 20:41:30.610 [pool-6-thread-16] DEBUG c.h.p.o.dependants.PodInfoConfigMap - [helminit] Desired PodInfo ConfigMap (1 extensions) (1 enabled)
2025-01-28 20:41:30,612 INFO c.h.h.t.HelmChartContainer - [hivemq-test-hivemq-platform] [hivemq-platform-operator] [b696a002] 20:41:30.610 [pool-6-thread-16] DEBUG c.h.p.o.dependants.PodInfoConfigMap - [helminit] Desired PodInfo ConfigMap (metrics port: 9399) (metrics path: /)
2025-01-28 20:41:30,612 INFO c.h.h.t.HelmChartContainer - [hivemq-test-hivemq-platform] [hivemq-platform-operator] [b696a002] 20:41:30.610 [pool-6-thread-16] DEBUG c.h.p.o.dependants.PodInfoConfigMap - [helminit] Desired PodInfo ConfigMap (extension state hash: -1817474005)
2025-01-28 20:41:30,613 INFO c.h.h.t.HelmChartContainer - [hivemq-test-hivemq-platform] [hivemq-platform-operator] [b696a002] 20:41:30.612 [pool-6-thread-11] DEBUG c.h.p.o.d.PodServiceAccountResource - [helminit] Desired PodServiceAccountResource (serviceAccountName: hivemq-platform-pod-test-hivemq-platform)
2025-01-28 20:41:30,618 INFO c.h.h.t.HelmChartContainer - [hivemq-test-hivemq-platform] [hivemq-platform-operator] [b696a002] 20:41:30.617 [pool-6-thread-14] DEBUG c.h.p.o.d.StatefulSetResource - [helminit] Desired StatefulSet (1 replicas) for status STARTING (READY)
2025-01-28 20:41:30,623 INFO c.h.h.t.HelmChartContainer - [hivemq-test-hivemq-platform] [hivemq-platform-operator] [b696a002] 20:41:30.622 [ReconcilerExecutor-hivemq-controller-110] INFO  c.h.p.o.HiveMQPlatformReconciler - [helminit] Reconciling HiveMQ Platform 'test-hivemq-platform' in namespace 'helminitcontainerit'
2025-01-28 20:41:30,623 INFO c.h.h.t.HelmChartContainer - [hivemq-test-hivemq-platform] [hivemq-platform-operator] [b696a002] 20:41:30.622 [ReconcilerExecutor-hivemq-controller-110] DEBUG c.h.p.o.HiveMQPlatformReconciler - [helminit] Custom Resource Status STARTING - HiveMQ Platform is starting (READY)
2025-01-28 20:41:30,623 INFO c.h.h.t.HelmChartContainer - [hivemq-test-hivemq-platform] [hivemq-platform-operator] [b696a002] 20:41:30.622 [ReconcilerExecutor-hivemq-controller-110] DEBUG c.h.p.o.HiveMQPlatformReconciler - [helminit] Custom Resource Spec (replicas: 1) (extensions: 1)
2025-01-28 20:41:30,625 INFO c.h.h.t.HelmChartContainer - [hivemq-test-hivemq-platform] [hivemq-platform-operator] [b696a002] 20:41:30.624 [ReconcilerExecutor-hivemq-controller-110] DEBUG c.h.p.o.HiveMQPlatformReconciler - [helminit] StatefulSet Status (revision: test-hivemq-platform-74977b996d, replicas: 1, available: 0, ready: 0, current: 1, updated: 1)
2025-01-28 20:41:30,626 INFO c.h.h.t.HelmChartContainer - [hivemq-test-hivemq-platform] [hivemq-platform-operator] [b696a002] 20:41:30.624 [ReconcilerExecutor-hivemq-controller-110] DEBUG c.h.p.o.HiveMQPlatformReconciler - [helminit] StatefulSet Spec (replicas: 1, init containers: 2, containers: 1, volumes: 5)
2025-01-28 20:41:30,627 INFO c.h.h.t.HelmChartContainer - [hivemq-test-hivemq-platform] [hivemq-platform-operator] [b696a002] 20:41:30.626 [ReconcilerExecutor-hivemq-controller-110] DEBUG c.h.p.o.h.HiveMQPlatformReconcilerErrorHandler - [helminit] Pod 'test-hivemq-platform-0' phase Running
2025-01-28 20:41:30,627 INFO c.h.h.t.HelmChartContainer - [hivemq-test-hivemq-platform] [hivemq-platform-operator] [b696a002] 20:41:30.627 [ReconcilerExecutor-hivemq-controller-110] INFO  c.h.p.o.h.HiveMQPlatformReconcilerBaseHandler - [helminit] HiveMQ Platform is starting, 0 of 1 replicas are ready
2025-01-28 20:41:30,897 INFO c.h.h.t.HelmChartContainer - [test-hivemq-platform] [hivemq] [ad68f3a5] INFO  - This node's ID is d7Mjl
2025-01-28 20:41:30,897 INFO c.h.h.t.HelmChartContainer - [test-hivemq-platform] [hivemq] [ad68f3a5] INFO  - Clustering is enabled
2025-01-28 20:41:31,977 INFO c.h.h.t.HelmChartContainer - [K3S] [range_allocator.go:247] "Successfully synced" key="8e458440c762"
2025-01-28 20:41:31,993 INFO c.h.h.t.HelmChartContainer - [test-hivemq-platform] [hivemq] [ad68f3a5] WARN  - [HiveMQ Platform Operator Init App 1.7.0-SNAPSHOT] Cannot connect to Health API for readiness: null
2025-01-28 20:41:32,002 INFO c.h.h.t.HelmChartContainer - [EVENT] Warning [Unhealthy] Readiness probe failed: HTTP probe failed with statuscode: 503 [helminitcontainerit:test-hivemq-platform-0]
2025-01-28 20:41:32,002 INFO c.h.h.t.HelmChartContainer - Received Unhealthy event for container hivemq in pod test-hivemq-platform-0 [ad68f3a5-1ea8-44f4-914d-c55f3e9bbc85]
2025-01-28 20:41:35,393 INFO c.h.h.t.HelmChartContainer - [test-hivemq-platform] [hivemq] [ad68f3a5] Jan 28, 2025 8:41:35 PM io.vertx.core.impl.BlockedThreadChecker
2025-01-28 20:41:35,393 INFO c.h.h.t.HelmChartContainer - [test-hivemq-platform] [hivemq] [ad68f3a5] WARNING: Thread Thread[vert.x-eventloop-thread-1,5,main] has been blocked for 2884 ms, time limit is 2000 ms
2025-01-28 20:41:35,599 INFO c.h.h.t.HelmChartContainer - [test-hivemq-platform] [hivemq] [ad68f3a5] INFO  - [HiveMQ Platform Operator Init App 1.7.0-SNAPSHOT] Updating Pod HiveMQ Platform Operator Init App version annotation (version: 1.7.0-SNAPSHOT)
2025-01-28 20:41:36,492 INFO c.h.h.t.HelmChartContainer - [test-hivemq-platform] [hivemq] [ad68f3a5] WARN  - [HiveMQ Platform Operator Init App 1.7.0-SNAPSHOT] Cannot connect to Health API for readiness: null
2025-01-28 20:41:36,495 INFO c.h.h.t.HelmChartContainer - [EVENT] Warning [Unhealthy] Readiness probe failed: HTTP probe failed with statuscode: 503 [helminitcontainerit:test-hivemq-platform-0]
2025-01-28 20:41:36,496 INFO c.h.h.t.HelmChartContainer - Received Unhealthy event for container hivemq in pod test-hivemq-platform-0 [ad68f3a5-1ea8-44f4-914d-c55f3e9bbc85]
2025-01-28 20:41:36,516 INFO c.h.h.t.HelmChartContainer - [POD] test-hivemq-platform-0 [ad68f3a5-1ea8-44f4-914d-c55f3e9bbc85] in helminitcontainerit was MODIFIED
2025-01-28 20:41:36,521 INFO c.h.h.t.HelmChartContainer - [hivemq-test-hivemq-platform] [hivemq-platform-operator] [b696a002] 20:41:36.519 [pool-6-thread-27] DEBUG c.h.p.o.d.PlatformServiceResource - [helminit] Desired Platform services (3 services)
2025-01-28 20:41:36,522 INFO c.h.h.t.HelmChartContainer - [hivemq-test-hivemq-platform] [hivemq-platform-operator] [b696a002] 20:41:36.521 [pool-6-thread-22] DEBUG c.h.p.o.d.PodServiceAccountResource - [helminit] Desired PodServiceAccountResource (serviceAccountName: hivemq-platform-pod-test-hivemq-platform)
2025-01-28 20:41:36,523 INFO c.h.h.t.HelmChartContainer - [hivemq-test-hivemq-platform] [hivemq-platform-operator] [b696a002] 20:41:36.522 [pool-6-thread-25] DEBUG c.h.p.o.dependants.PodInfoConfigMap - [helminit] Desired PodInfo ConfigMap (1 extensions) (1 enabled)
2025-01-28 20:41:36,524 INFO c.h.h.t.HelmChartContainer - [hivemq-test-hivemq-platform] [hivemq-platform-operator] [b696a002] 20:41:36.523 [pool-6-thread-25] DEBUG c.h.p.o.dependants.PodInfoConfigMap - [helminit] Desired PodInfo ConfigMap (metrics port: 9399) (metrics path: /)
2025-01-28 20:41:36,526 INFO c.h.h.t.HelmChartContainer - [hivemq-test-hivemq-platform] [hivemq-platform-operator] [b696a002] 20:41:36.523 [pool-6-thread-25] DEBUG c.h.p.o.dependants.PodInfoConfigMap - [helminit] Desired PodInfo ConfigMap (extension state hash: -1817474005)
2025-01-28 20:41:36,533 INFO c.h.h.t.HelmChartContainer - [hivemq-test-hivemq-platform] [hivemq-platform-operator] [b696a002] 20:41:36.531 [pool-6-thread-30] DEBUG c.h.p.o.d.StatefulSetResource - [helminit] Desired StatefulSet (1 replicas) for status STARTING (READY)
2025-01-28 20:41:36,590 INFO c.h.h.t.HelmChartContainer - [test-hivemq-platform] [hivemq] [ad68f3a5] WARN  - [HiveMQ Platform Operator Init App 1.7.0-SNAPSHOT] Cannot connect to Health API for readiness: null
2025-01-28 20:41:36,594 INFO c.h.h.t.HelmChartContainer - [test-hivemq-platform] [hivemq] [ad68f3a5] INFO  - [HiveMQ Platform Operator Init App 1.7.0-SNAPSHOT] Successfully updated Pod HiveMQ Platform Operator Init App version annotation (version: 1.7.0-SNAPSHOT)
2025-01-28 20:41:36,597 INFO c.h.h.t.HelmChartContainer - [EVENT] Warning [Unhealthy] Readiness probe failed: HTTP probe failed with statuscode: 503 [helminitcontainerit:test-hivemq-platform-0]
2025-01-28 20:41:36,597 INFO c.h.h.t.HelmChartContainer - Received Unhealthy event for container hivemq in pod test-hivemq-platform-0 [ad68f3a5-1ea8-44f4-914d-c55f3e9bbc85]
2025-01-28 20:41:36,605 INFO c.h.h.t.HelmChartContainer - [hivemq-test-hivemq-platform] [hivemq-platform-operator] [b696a002] 20:41:36.603 [ReconcilerExecutor-hivemq-controller-111] INFO  c.h.p.o.HiveMQPlatformReconciler - [helminit] Reconciling HiveMQ Platform 'test-hivemq-platform' in namespace 'helminitcontainerit'
2025-01-28 20:41:36,605 INFO c.h.h.t.HelmChartContainer - [hivemq-test-hivemq-platform] [hivemq-platform-operator] [b696a002] 20:41:36.603 [ReconcilerExecutor-hivemq-controller-111] DEBUG c.h.p.o.HiveMQPlatformReconciler - [helminit] Custom Resource Status STARTING - HiveMQ Platform is starting (READY)
2025-01-28 20:41:36,605 INFO c.h.h.t.HelmChartContainer - [hivemq-test-hivemq-platform] [hivemq-platform-operator] [b696a002] 20:41:36.603 [ReconcilerExecutor-hivemq-controller-111] DEBUG c.h.p.o.HiveMQPlatformReconciler - [helminit] Custom Resource Spec (replicas: 1) (extensions: 1)
2025-01-28 20:41:36,606 INFO c.h.h.t.HelmChartContainer - [hivemq-test-hivemq-platform] [hivemq-platform-operator] [b696a002] 20:41:36.605 [ReconcilerExecutor-hivemq-controller-111] DEBUG c.h.p.o.HiveMQPlatformReconciler - [helminit] StatefulSet Status (revision: test-hivemq-platform-74977b996d, replicas: 1, available: 0, ready: 0, current: 1, updated: 1)
2025-01-28 20:41:36,607 INFO c.h.h.t.HelmChartContainer - [hivemq-test-hivemq-platform] [hivemq-platform-operator] [b696a002] 20:41:36.606 [ReconcilerExecutor-hivemq-controller-111] DEBUG c.h.p.o.HiveMQPlatformReconciler - [helminit] StatefulSet Spec (replicas: 1, init containers: 2, containers: 1, volumes: 5)
2025-01-28 20:41:36,611 INFO c.h.h.t.HelmChartContainer - [hivemq-test-hivemq-platform] [hivemq-platform-operator] [b696a002] 20:41:36.610 [ReconcilerExecutor-hivemq-controller-111] DEBUG c.h.p.o.h.HiveMQPlatformReconcilerErrorHandler - [helminit] Pod 'test-hivemq-platform-0' phase Running
2025-01-28 20:41:36,613 INFO c.h.h.t.HelmChartContainer - [hivemq-test-hivemq-platform] [hivemq-platform-operator] [b696a002] 20:41:36.612 [ReconcilerExecutor-hivemq-controller-111] INFO  c.h.p.o.h.HiveMQPlatformReconcilerBaseHandler - [helminit] HiveMQ Platform is starting, 0 of 1 replicas are ready
2025-01-28 20:41:41,509 INFO c.h.h.t.HelmChartContainer - [test-hivemq-platform] [hivemq] [ad68f3a5] WARN  - [HiveMQ Platform Operator Init App 1.7.0-SNAPSHOT] Cannot connect to Health API for readiness: null
2025-01-28 20:41:41,513 INFO c.h.h.t.HelmChartContainer - [EVENT] Warning [Unhealthy] Readiness probe failed: HTTP probe failed with statuscode: 503 [helminitcontainerit:test-hivemq-platform-0]
2025-01-28 20:41:41,513 INFO c.h.h.t.HelmChartContainer - Received Unhealthy event for container hivemq in pod test-hivemq-platform-0 [ad68f3a5-1ea8-44f4-914d-c55f3e9bbc85]
2025-01-28 20:41:46,507 INFO c.h.h.t.HelmChartContainer - [test-hivemq-platform] [hivemq] [ad68f3a5] WARN  - [HiveMQ Platform Operator Init App 1.7.0-SNAPSHOT] Cannot connect to Health API for readiness: null
2025-01-28 20:41:46,512 INFO c.h.h.t.HelmChartContainer - [EVENT] Warning [Unhealthy] Readiness probe failed: HTTP probe failed with statuscode: 503 [helminitcontainerit:test-hivemq-platform-0]
2025-01-28 20:41:46,512 INFO c.h.h.t.HelmChartContainer - Received Unhealthy event for container hivemq in pod test-hivemq-platform-0 [ad68f3a5-1ea8-44f4-914d-c55f3e9bbc85]
2025-01-28 20:41:46,592 INFO c.h.h.t.HelmChartContainer - [test-hivemq-platform] [hivemq] [ad68f3a5] WARN  - [HiveMQ Platform Operator Init App 1.7.0-SNAPSHOT] Cannot connect to Health API for liveness: null
2025-01-28 20:41:46,594 INFO c.h.h.t.HelmChartContainer - [test-hivemq-platform] [hivemq] [ad68f3a5] INFO  - [HiveMQ Platform Operator Init App 1.7.0-SNAPSHOT] Returning default Health API response 200 for liveness
2025-01-28 20:41:46,621 INFO c.h.h.t.HelmChartContainer - [hivemq-test-hivemq-platform] [hivemq-platform-operator] [b696a002] 20:41:46.618 [pool-6-thread-31] DEBUG c.h.p.o.d.PlatformServiceResource - [helminit] Desired Platform services (3 services)
2025-01-28 20:41:46,625 INFO c.h.h.t.HelmChartContainer - [hivemq-test-hivemq-platform] [hivemq-platform-operator] [b696a002] 20:41:46.619 [pool-6-thread-32] DEBUG c.h.p.o.d.PodServiceAccountResource - [helminit] Desired PodServiceAccountResource (serviceAccountName: hivemq-platform-pod-test-hivemq-platform)
2025-01-28 20:41:46,625 INFO c.h.h.t.HelmChartContainer - [hivemq-test-hivemq-platform] [hivemq-platform-operator] [b696a002] 20:41:46.621 [pool-6-thread-37] DEBUG c.h.p.o.dependants.PodInfoConfigMap - [helminit] Desired PodInfo ConfigMap (1 extensions) (1 enabled)
2025-01-28 20:41:46,627 INFO c.h.h.t.HelmChartContainer - [hivemq-test-hivemq-platform] [hivemq-platform-operator] [b696a002] 20:41:46.621 [pool-6-thread-37] DEBUG c.h.p.o.dependants.PodInfoConfigMap - [helminit] Desired PodInfo ConfigMap (metrics port: 9399) (metrics path: /)
2025-01-28 20:41:46,627 INFO c.h.h.t.HelmChartContainer - [hivemq-test-hivemq-platform] [hivemq-platform-operator] [b696a002] 20:41:46.621 [pool-6-thread-37] DEBUG c.h.p.o.dependants.PodInfoConfigMap - [helminit] Desired PodInfo ConfigMap (extension state hash: -1817474005)
2025-01-28 20:41:46,628 INFO c.h.h.t.HelmChartContainer - [hivemq-test-hivemq-platform] [hivemq-platform-operator] [b696a002] 20:41:46.626 [pool-6-thread-40] DEBUG c.h.p.o.d.StatefulSetResource - [helminit] Desired StatefulSet (1 replicas) for status STARTING (READY)
2025-01-28 20:41:46,634 INFO c.h.h.t.HelmChartContainer - [hivemq-test-hivemq-platform] [hivemq-platform-operator] [b696a002] 20:41:46.632 [ReconcilerExecutor-hivemq-controller-112] INFO  c.h.p.o.HiveMQPlatformReconciler - [helminit] Reconciling HiveMQ Platform 'test-hivemq-platform' in namespace 'helminitcontainerit'
2025-01-28 20:41:46,634 INFO c.h.h.t.HelmChartContainer - [hivemq-test-hivemq-platform] [hivemq-platform-operator] [b696a002] 20:41:46.632 [ReconcilerExecutor-hivemq-controller-112] DEBUG c.h.p.o.HiveMQPlatformReconciler - [helminit] Custom Resource Status STARTING - HiveMQ Platform is starting (READY)
2025-01-28 20:41:46,634 INFO c.h.h.t.HelmChartContainer - [hivemq-test-hivemq-platform] [hivemq-platform-operator] [b696a002] 20:41:46.632 [ReconcilerExecutor-hivemq-controller-112] DEBUG c.h.p.o.HiveMQPlatformReconciler - [helminit] Custom Resource Spec (replicas: 1) (extensions: 1)
2025-01-28 20:41:46,703 INFO c.h.h.t.HelmChartContainer - [hivemq-test-hivemq-platform] [hivemq-platform-operator] [b696a002] 20:41:46.700 [ReconcilerExecutor-hivemq-controller-112] DEBUG c.h.p.o.HiveMQPlatformReconciler - [helminit] StatefulSet Status (revision: test-hivemq-platform-74977b996d, replicas: 1, available: 0, ready: 0, current: 1, updated: 1)
2025-01-28 20:41:46,705 INFO c.h.h.t.HelmChartContainer - [hivemq-test-hivemq-platform] [hivemq-platform-operator] [b696a002] 20:41:46.701 [ReconcilerExecutor-hivemq-controller-112] DEBUG c.h.p.o.HiveMQPlatformReconciler - [helminit] StatefulSet Spec (replicas: 1, init containers: 2, containers: 1, volumes: 5)
2025-01-28 20:41:46,708 INFO c.h.h.t.HelmChartContainer - [hivemq-test-hivemq-platform] [hivemq-platform-operator] [b696a002] 20:41:46.707 [ReconcilerExecutor-hivemq-controller-112] DEBUG c.h.p.o.h.HiveMQPlatformReconcilerErrorHandler - [helminit] Pod 'test-hivemq-platform-0' phase Running
2025-01-28 20:41:46,710 INFO c.h.h.t.HelmChartContainer - [hivemq-test-hivemq-platform] [hivemq-platform-operator] [b696a002] 20:41:46.709 [ReconcilerExecutor-hivemq-controller-112] INFO  c.h.p.o.h.HiveMQPlatformReconcilerBaseHandler - [helminit] HiveMQ Platform is starting, 0 of 1 replicas are ready
2025-01-28 20:41:49,313 INFO c.h.h.t.HelmChartContainer - [test-hivemq-platform] [hivemq] [ad68f3a5] WARN  - License file license.lic is corrupt.
2025-01-28 20:41:49,314 INFO c.h.h.t.HelmChartContainer - [test-hivemq-platform] [hivemq] [ad68f3a5] INFO  - No valid license file found. Using trial license, restricted to 25 connections.
2025-01-28 20:41:51,591 INFO c.h.h.t.HelmChartContainer - [test-hivemq-platform] [hivemq] [ad68f3a5] WARN  - [HiveMQ Platform Operator Init App 1.7.0-SNAPSHOT] Cannot connect to Health API for readiness: null
2025-01-28 20:41:51,594 INFO c.h.h.t.HelmChartContainer - [EVENT] Warning [Unhealthy] Readiness probe failed: HTTP probe failed with statuscode: 503 [helminitcontainerit:test-hivemq-platform-0]
2025-01-28 20:41:51,595 INFO c.h.h.t.HelmChartContainer - Received Unhealthy event for container hivemq in pod test-hivemq-platform-0 [ad68f3a5-1ea8-44f4-914d-c55f3e9bbc85]
2025-01-28 20:41:53,495 INFO c.h.h.t.HelmChartContainer - [test-hivemq-platform] [hivemq] [ad68f3a5] INFO  - No valid license file for Data Hub found. Using free license, restricted to 1 policy.
2025-01-28 20:41:54,803 INFO c.h.h.t.HelmChartContainer - [test-hivemq-platform] [hivemq] [ad68f3a5] INFO  - Audit Logger started.
2025-01-28 20:41:55,111 INFO c.h.h.t.HelmChartContainer - [test-hivemq-platform] [hivemq] [ad68f3a5] INFO  - This node uses '1' CPU cores.
2025-01-28 20:41:55,115 INFO c.h.h.t.HelmChartContainer - [test-hivemq-platform] [hivemq] [ad68f3a5] INFO  - Starting HiveMQ Health API on address 0.0.0.0 and port 8889
2025-01-28 20:41:55,901 INFO c.h.h.t.HelmChartContainer - [test-hivemq-platform] [hivemq] [ad68f3a5] INFO  - Started HiveMQ Health API in 784ms
2025-01-28 20:41:56,588 INFO c.h.h.t.HelmChartContainer - [test-hivemq-platform] [hivemq] [ad68f3a5] INFO  - Starting HiveMQ extension system.
2025-01-28 20:41:56,716 INFO c.h.h.t.HelmChartContainer - [hivemq-test-hivemq-platform] [hivemq-platform-operator] [b696a002] 20:41:56.713 [pool-6-thread-46] DEBUG c.h.p.o.d.PlatformServiceResource - [helminit] Desired Platform services (3 services)
2025-01-28 20:41:56,717 INFO c.h.h.t.HelmChartContainer - [hivemq-test-hivemq-platform] [hivemq-platform-operator] [b696a002] 20:41:56.714 [pool-6-thread-45] DEBUG c.h.p.o.dependants.PodInfoConfigMap - [helminit] Desired PodInfo ConfigMap (1 extensions) (1 enabled)
2025-01-28 20:41:56,717 INFO c.h.h.t.HelmChartContainer - [hivemq-test-hivemq-platform] [hivemq-platform-operator] [b696a002] 20:41:56.714 [pool-6-thread-45] DEBUG c.h.p.o.dependants.PodInfoConfigMap - [helminit] Desired PodInfo ConfigMap (metrics port: 9399) (metrics path: /)
2025-01-28 20:41:56,717 INFO c.h.h.t.HelmChartContainer - [hivemq-test-hivemq-platform] [hivemq-platform-operator] [b696a002] 20:41:56.714 [pool-6-thread-45] DEBUG c.h.p.o.dependants.PodInfoConfigMap - [helminit] Desired PodInfo ConfigMap (extension state hash: -1817474005)
2025-01-28 20:41:56,719 INFO c.h.h.t.HelmChartContainer - [hivemq-test-hivemq-platform] [hivemq-platform-operator] [b696a002] 20:41:56.714 [pool-6-thread-49] DEBUG c.h.p.o.d.PodServiceAccountResource - [helminit] Desired PodServiceAccountResource (serviceAccountName: hivemq-platform-pod-test-hivemq-platform)
2025-01-28 20:41:56,732 INFO c.h.h.t.HelmChartContainer - [hivemq-test-hivemq-platform] [hivemq-platform-operator] [b696a002] 20:41:56.730 [pool-6-thread-46] DEBUG c.h.p.o.d.StatefulSetResource - [helminit] Desired StatefulSet (1 replicas) for status STARTING (READY)
2025-01-28 20:41:56,737 INFO c.h.h.t.HelmChartContainer - [hivemq-test-hivemq-platform] [hivemq-platform-operator] [b696a002] 20:41:56.736 [ReconcilerExecutor-hivemq-controller-113] INFO  c.h.p.o.HiveMQPlatformReconciler - [helminit] Reconciling HiveMQ Platform 'test-hivemq-platform' in namespace 'helminitcontainerit'
2025-01-28 20:41:56,737 INFO c.h.h.t.HelmChartContainer - [hivemq-test-hivemq-platform] [hivemq-platform-operator] [b696a002] 20:41:56.736 [ReconcilerExecutor-hivemq-controller-113] DEBUG c.h.p.o.HiveMQPlatformReconciler - [helminit] Custom Resource Status STARTING - HiveMQ Platform is starting (READY)
2025-01-28 20:41:56,738 INFO c.h.h.t.HelmChartContainer - [hivemq-test-hivemq-platform] [hivemq-platform-operator] [b696a002] 20:41:56.736 [ReconcilerExecutor-hivemq-controller-113] DEBUG c.h.p.o.HiveMQPlatformReconciler - [helminit] Custom Resource Spec (replicas: 1) (extensions: 1)
2025-01-28 20:41:56,805 INFO c.h.h.t.HelmChartContainer - [hivemq-test-hivemq-platform] [hivemq-platform-operator] [b696a002] 20:41:56.803 [ReconcilerExecutor-hivemq-controller-113] DEBUG c.h.p.o.HiveMQPlatformReconciler - [helminit] StatefulSet Status (revision: test-hivemq-platform-74977b996d, replicas: 1, available: 0, ready: 0, current: 1, updated: 1)
2025-01-28 20:41:56,806 INFO c.h.h.t.HelmChartContainer - [hivemq-test-hivemq-platform] [hivemq-platform-operator] [b696a002] 20:41:56.804 [ReconcilerExecutor-hivemq-controller-113] DEBUG c.h.p.o.HiveMQPlatformReconciler - [helminit] StatefulSet Spec (replicas: 1, init containers: 2, containers: 1, volumes: 5)
2025-01-28 20:41:56,808 INFO c.h.h.t.HelmChartContainer - [hivemq-test-hivemq-platform] [hivemq-platform-operator] [b696a002] 20:41:56.807 [ReconcilerExecutor-hivemq-controller-113] DEBUG c.h.p.o.h.HiveMQPlatformReconcilerErrorHandler - [helminit] Pod 'test-hivemq-platform-0' phase Running
2025-01-28 20:41:56,810 INFO c.h.h.t.HelmChartContainer - [hivemq-test-hivemq-platform] [hivemq-platform-operator] [b696a002] 20:41:56.808 [ReconcilerExecutor-hivemq-controller-113] INFO  c.h.p.o.h.HiveMQPlatformReconcilerBaseHandler - [helminit] HiveMQ Platform is starting, 0 of 1 replicas are ready
2025-01-28 20:41:56,997 INFO c.h.h.t.HelmChartContainer - [test-hivemq-platform] [hivemq] [ad68f3a5] INFO  - Starting extension with id "hivemq-dns-cluster-discovery" at /opt/hivemq/extensions/hivemq-dns-cluster-discovery
2025-01-28 20:41:57,547 INFO c.h.h.t.HelmChartContainer - [EVENT] Warning [Unhealthy] Readiness probe failed: Get "http://10.42.0.6:7979/readiness": context deadline exceeded (Client.Timeout exceeded while awaiting headers) [helminitcontainerit:test-hivemq-platform-0]
2025-01-28 20:41:57,547 INFO c.h.h.t.HelmChartContainer - Received Unhealthy event for container hivemq in pod test-hivemq-platform-0 [ad68f3a5-1ea8-44f4-914d-c55f3e9bbc85]
2025-01-28 20:41:57,793 INFO c.h.h.t.HelmChartContainer - [test-hivemq-platform] [hivemq] [ad68f3a5] INFO  - Extension "DNS Cluster Discovery Extension" version 4.3.2 started successfully.
2025-01-28 20:41:57,795 INFO c.h.h.t.HelmChartContainer - [test-hivemq-platform] [hivemq] [ad68f3a5] INFO  - Starting extension with id "hivemq-prometheus-extension" at /opt/hivemq/extensions/hivemq-prometheus-extension
2025-01-28 20:41:57,899 INFO c.h.h.t.HelmChartContainer - [test-hivemq-platform] [hivemq] [ad68f3a5] INFO  - [HiveMQ Platform Operator Init App 1.7.0-SNAPSHOT] Returning Health API response 503 for readiness
2025-01-28 20:41:57,996 INFO c.h.h.t.HelmChartContainer - [test-hivemq-platform] [hivemq] [ad68f3a5] INFO  - Using TCP cluster transport on address 10.42.0.6 and port 7000
2025-01-28 20:41:58,099 INFO c.h.h.t.HelmChartContainer - [test-hivemq-platform] [hivemq] [ad68f3a5] INFO  - Using extension cluster discovery
2025-01-28 20:41:59,191 INFO c.h.h.t.HelmChartContainer - [test-hivemq-platform] [hivemq] [ad68f3a5] INFO  - Started Jetty Server exposing Prometheus Servlet on URI http://0.0.0.0:9399/
2025-01-28 20:41:59,191 INFO c.h.h.t.HelmChartContainer - [test-hivemq-platform] [hivemq] [ad68f3a5] INFO  - Extension "Prometheus Monitoring Extension" version 4.0.12 started successfully.
2025-01-28 20:41:59,191 INFO c.h.h.t.HelmChartContainer - [test-hivemq-platform] [hivemq] [ad68f3a5] INFO  - Starting extension with id "hivemq-allow-all-extension" at /opt/hivemq/extensions/hivemq-allow-all-extension
2025-01-28 20:41:59,191 INFO c.h.h.t.HelmChartContainer - [test-hivemq-platform] [hivemq] [ad68f3a5] WARN  - 
2025-01-28 20:41:59,192 INFO c.h.h.t.HelmChartContainer - [test-hivemq-platform] [hivemq] [ad68f3a5] ################################################################################################################
2025-01-28 20:41:59,192 INFO c.h.h.t.HelmChartContainer - [test-hivemq-platform] [hivemq] [ad68f3a5] # This HiveMQ deployment is not secure! You are lacking Authentication and Authorization.                      #
2025-01-28 20:41:59,192 INFO c.h.h.t.HelmChartContainer - [test-hivemq-platform] [hivemq] [ad68f3a5] # Right now any MQTT client can connect to the broker with a full set of permissions.                          #
2025-01-28 20:41:59,192 INFO c.h.h.t.HelmChartContainer - [test-hivemq-platform] [hivemq] [ad68f3a5] # For production usage, add an appropriate security extension and remove the hivemq-allow-all extension.       #
2025-01-28 20:41:59,192 INFO c.h.h.t.HelmChartContainer - [test-hivemq-platform] [hivemq] [ad68f3a5] # You can download security extensions from the HiveMQ Marketplace (https://www.hivemq.com/extensions/).       #
2025-01-28 20:41:59,192 INFO c.h.h.t.HelmChartContainer - [test-hivemq-platform] [hivemq] [ad68f3a5] ################################################################################################################
2025-01-28 20:41:59,192 INFO c.h.h.t.HelmChartContainer - [test-hivemq-platform] [hivemq] [ad68f3a5] INFO  - Extension "Allow All Extension" version 1.1.1 started successfully.
2025-01-28 20:42:01,100 INFO c.h.h.t.HelmChartContainer - [test-hivemq-platform] [hivemq] [ad68f3a5] INFO  - d7Mjl: no members discovered after 2110 ms: creating cluster as first member
2025-01-28 20:42:01,106 INFO c.h.h.t.HelmChartContainer - [test-hivemq-platform] [hivemq] [ad68f3a5] INFO  - Cluster nodes found by discovery: [d7Mjl|0] (1) [d7Mjl].
2025-01-28 20:42:01,125 INFO c.h.h.t.HelmChartContainer - [test-hivemq-platform] [hivemq] [ad68f3a5] WARN  - No user for HiveMQ Control Center configured. Starting with default user
2025-01-28 20:42:01,125 INFO c.h.h.t.HelmChartContainer - [test-hivemq-platform] [hivemq] [ad68f3a5] INFO  - Starting HiveMQ Control Center on address 0.0.0.0 and port 8080
2025-01-28 20:42:01,138 INFO c.h.h.t.HelmChartContainer - [test-hivemq-platform] [hivemq] [ad68f3a5] INFO  - Mounting HiveMQ Control Center V2 Preview
2025-01-28 20:42:01,597 INFO c.h.h.t.HelmChartContainer - [EVENT] Warning [Unhealthy] Readiness probe failed: HTTP probe failed with statuscode: 503 [helminitcontainerit:test-hivemq-platform-0]
2025-01-28 20:42:01,598 INFO c.h.h.t.HelmChartContainer - Received Unhealthy event for container hivemq in pod test-hivemq-platform-0 [ad68f3a5-1ea8-44f4-914d-c55f3e9bbc85]
2025-01-28 20:42:01,892 INFO c.h.h.t.HelmChartContainer - [test-hivemq-platform] [hivemq] [ad68f3a5] INFO  - Started HiveMQ Control Center in 768ms
2025-01-28 20:42:01,907 INFO c.h.h.t.HelmChartContainer - [test-hivemq-platform] [hivemq] [ad68f3a5] INFO  - Starting TCP listener on address 0.0.0.0 and port 1883
2025-01-28 20:42:01,993 INFO c.h.h.t.HelmChartContainer - [test-hivemq-platform] [hivemq] [ad68f3a5] INFO  - Started TCP Listener on address 0.0.0.0 and on port 1883.
2025-01-28 20:42:01,993 INFO c.h.h.t.HelmChartContainer - [test-hivemq-platform] [hivemq] [ad68f3a5] INFO  - Started HiveMQ in 34085ms
2025-01-28 20:42:06,508 INFO c.h.h.t.HelmChartContainer - [test-hivemq-platform] [hivemq] [ad68f3a5] INFO  - [HiveMQ Platform Operator Init App 1.7.0-SNAPSHOT] Returning Health API response 200 for readiness
2025-01-28 20:42:06,524 INFO c.h.h.t.HelmChartContainer - [POD] test-hivemq-platform-0 [ad68f3a5-1ea8-44f4-914d-c55f3e9bbc85] in helminitcontainerit was MODIFIED
2025-01-28 20:42:06,539 INFO c.h.h.t.HelmChartContainer - [hivemq-test-hivemq-platform] [hivemq-platform-operator] [b696a002] 20:42:06.527 [pool-6-thread-4] DEBUG c.h.p.o.d.PlatformServiceResource - [helminit] Desired Platform services (3 services)
2025-01-28 20:42:06,539 INFO c.h.h.t.HelmChartContainer - [hivemq-test-hivemq-platform] [hivemq-platform-operator] [b696a002] 20:42:06.532 [pool-6-thread-1] DEBUG c.h.p.o.dependants.PodInfoConfigMap - [helminit] Desired PodInfo ConfigMap (1 extensions) (1 enabled)
2025-01-28 20:42:06,539 INFO c.h.h.t.HelmChartContainer - [hivemq-test-hivemq-platform] [hivemq-platform-operator] [b696a002] 20:42:06.532 [pool-6-thread-1] DEBUG c.h.p.o.dependants.PodInfoConfigMap - [helminit] Desired PodInfo ConfigMap (metrics port: 9399) (metrics path: /)
2025-01-28 20:42:06,539 INFO c.h.h.t.HelmChartContainer - [hivemq-test-hivemq-platform] [hivemq-platform-operator] [b696a002] 20:42:06.532 [pool-6-thread-1] DEBUG c.h.p.o.dependants.PodInfoConfigMap - [helminit] Desired PodInfo ConfigMap (extension state hash: -1817474005)
2025-01-28 20:42:06,539 INFO c.h.h.t.HelmChartContainer - [hivemq-test-hivemq-platform] [hivemq-platform-operator] [b696a002] 20:42:06.534 [pool-6-thread-8] DEBUG c.h.p.o.d.PodServiceAccountResource - [helminit] Desired PodServiceAccountResource (serviceAccountName: hivemq-platform-pod-test-hivemq-platform)
2025-01-28 20:42:06,548 INFO c.h.h.t.HelmChartContainer - [hivemq-test-hivemq-platform] [hivemq-platform-operator] [b696a002] 20:42:06.545 [pool-6-thread-4] DEBUG c.h.p.o.d.StatefulSetResource - [helminit] Desired StatefulSet (1 replicas) for status STARTING (READY)
2025-01-28 20:42:06,601 INFO c.h.h.t.HelmChartContainer - [hivemq-test-hivemq-platform] [hivemq-platform-operator] [b696a002] 20:42:06.600 [ReconcilerExecutor-hivemq-controller-114] INFO  c.h.p.o.HiveMQPlatformReconciler - [helminit] Reconciling HiveMQ Platform 'test-hivemq-platform' in namespace 'helminitcontainerit'
2025-01-28 20:42:06,602 INFO c.h.h.t.HelmChartContainer - [hivemq-test-hivemq-platform] [hivemq-platform-operator] [b696a002] 20:42:06.600 [ReconcilerExecutor-hivemq-controller-114] DEBUG c.h.p.o.HiveMQPlatformReconciler - [helminit] Custom Resource Status STARTING - HiveMQ Platform is starting (READY)
2025-01-28 20:42:06,602 INFO c.h.h.t.HelmChartContainer - [hivemq-test-hivemq-platform] [hivemq-platform-operator] [b696a002] 20:42:06.600 [ReconcilerExecutor-hivemq-controller-114] DEBUG c.h.p.o.HiveMQPlatformReconciler - [helminit] Custom Resource Spec (replicas: 1) (extensions: 1)
2025-01-28 20:42:06,604 INFO c.h.h.t.HelmChartContainer - [hivemq-test-hivemq-platform] [hivemq-platform-operator] [b696a002] 20:42:06.603 [ReconcilerExecutor-hivemq-controller-114] DEBUG c.h.p.o.HiveMQPlatformReconciler - [helminit] StatefulSet Status (revision: test-hivemq-platform-74977b996d, replicas: 1, available: 1, ready: 1, current: 1, updated: 1)
2025-01-28 20:42:06,604 INFO c.h.h.t.HelmChartContainer - [hivemq-test-hivemq-platform] [hivemq-platform-operator] [b696a002] 20:42:06.603 [ReconcilerExecutor-hivemq-controller-114] DEBUG c.h.p.o.HiveMQPlatformReconciler - [helminit] StatefulSet Spec (replicas: 1, init containers: 2, containers: 1, volumes: 5)
2025-01-28 20:42:06,605 INFO c.h.h.t.HelmChartContainer - [hivemq-test-hivemq-platform] [hivemq-platform-operator] [b696a002] 20:42:06.605 [ReconcilerExecutor-hivemq-controller-114] DEBUG c.h.p.o.h.HiveMQPlatformReconcilerErrorHandler - [helminit] Pod 'test-hivemq-platform-0' phase Running
2025-01-28 20:42:06,606 INFO c.h.h.t.HelmChartContainer - [hivemq-test-hivemq-platform] [hivemq-platform-operator] [b696a002] 20:42:06.605 [ReconcilerExecutor-hivemq-controller-114] INFO  c.h.p.o.h.HiveMQPlatformReconcilerBaseHandler - [helminit] HiveMQ Platform started successfully
2025-01-28 20:42:06,706 INFO c.h.h.t.HelmChartContainer - [hivemq-test-hivemq-platform] [hivemq-platform-operator] [b696a002] 20:42:06.705 [ReconcilerExecutor-hivemq-controller-114] DEBUG c.h.p.operator.event.EventSender - [helminit] Creating K8s event hivemq-platform-ready: [Ready] HiveMQ Platform is ready
2025-01-28 20:42:06,711 INFO c.h.h.t.HelmChartContainer - [EVENT] Normal [Ready] HiveMQ Platform is ready [helminitcontainerit:test-hivemq-platform]
2025-01-28 20:42:06,713 INFO c.h.h.t.HelmChartContainer - [hivemq-test-hivemq-platform] [hivemq-platform-operator] [b696a002] 20:42:06.711 [ReconcilerExecutor-hivemq-controller-114] INFO  c.h.p.o.h.AbstractHiveMQReconcilerStateHandler - [helminit] Update HiveMQ Platform Status (STARTING [READY] -> RUNNING [READY]): HiveMQ Platform is ready
2025-01-28 20:42:06,724 DEBUG com.hivemq.helmcharts.util.K8sUtil - Comparing actual state 'RUNNING' and waiting for 'RUNNING'
2025-01-28 20:42:06,805 INFO c.h.h.t.HelmChartContainer - [hivemq-test-hivemq-platform] [hivemq-platform-operator] [b696a002] 20:42:06.800 [pool-6-thread-15] DEBUG c.h.p.o.d.PlatformServiceResource - [helminit] Desired Platform services (3 services)
2025-01-28 20:42:06,805 INFO c.h.h.t.HelmChartContainer - [hivemq-test-hivemq-platform] [hivemq-platform-operator] [b696a002] 20:42:06.801 [pool-6-thread-19] DEBUG c.h.p.o.dependants.PodInfoConfigMap - [helminit] Desired PodInfo ConfigMap (1 extensions) (1 enabled)
2025-01-28 20:42:06,805 INFO c.h.h.t.HelmChartContainer - [hivemq-test-hivemq-platform] [hivemq-platform-operator] [b696a002] 20:42:06.801 [pool-6-thread-19] DEBUG c.h.p.o.dependants.PodInfoConfigMap - [helminit] Desired PodInfo ConfigMap (metrics port: 9399) (metrics path: /)
2025-01-28 20:42:06,805 INFO c.h.h.t.HelmChartContainer - [hivemq-test-hivemq-platform] [hivemq-platform-operator] [b696a002] 20:42:06.801 [pool-6-thread-19] DEBUG c.h.p.o.dependants.PodInfoConfigMap - [helminit] Desired PodInfo ConfigMap (extension state hash: -1817474005)
2025-01-28 20:42:06,805 INFO c.h.h.t.HelmChartContainer - [hivemq-test-hivemq-platform] [hivemq-platform-operator] [b696a002] 20:42:06.802 [pool-6-thread-19] DEBUG c.h.p.o.dependants.PodInfoConfigMap - [helminit] Update PodInfo ConfigMap
2025-01-28 20:42:06,809 INFO c.h.h.t.HelmChartContainer - [hivemq-test-hivemq-platform] [hivemq-platform-operator] [b696a002] 20:42:06.804 [pool-6-thread-16] DEBUG c.h.p.o.d.PodServiceAccountResource - [helminit] Desired PodServiceAccountResource (serviceAccountName: hivemq-platform-pod-test-hivemq-platform)
2025-01-28 20:42:06,903 INFO c.h.h.t.HelmChartContainer - [hivemq-test-hivemq-platform] [hivemq-platform-operator] [b696a002] 20:42:06.901 [pool-6-thread-19] DEBUG c.h.p.o.d.StatefulSetResource - [helminit] Desired StatefulSet (1 replicas) for status RUNNING (READY)
2025-01-28 20:42:06,908 INFO c.h.h.t.HelmChartContainer - [hivemq-test-hivemq-platform] [hivemq-platform-operator] [b696a002] 20:42:06.906 [ReconcilerExecutor-hivemq-controller-115] INFO  c.h.p.o.HiveMQPlatformReconciler - [helminit] Reconciling HiveMQ Platform 'test-hivemq-platform' in namespace 'helminitcontainerit'
2025-01-28 20:42:06,908 INFO c.h.h.t.HelmChartContainer - [hivemq-test-hivemq-platform] [hivemq-platform-operator] [b696a002] 20:42:06.907 [ReconcilerExecutor-hivemq-controller-115] DEBUG c.h.p.o.HiveMQPlatformReconciler - [helminit] Custom Resource Status RUNNING - HiveMQ Platform is ready (READY)
2025-01-28 20:42:06,908 INFO c.h.h.t.HelmChartContainer - [hivemq-test-hivemq-platform] [hivemq-platform-operator] [b696a002] 20:42:06.907 [ReconcilerExecutor-hivemq-controller-115] DEBUG c.h.p.o.HiveMQPlatformReconciler - [helminit] Custom Resource Spec (replicas: 1) (extensions: 1)
2025-01-28 20:42:06,910 INFO c.h.h.t.HelmChartContainer - [hivemq-test-hivemq-platform] [hivemq-platform-operator] [b696a002] 20:42:06.909 [ReconcilerExecutor-hivemq-controller-115] DEBUG c.h.p.o.HiveMQPlatformReconciler - [helminit] StatefulSet Status (revision: test-hivemq-platform-74977b996d, replicas: 1, available: 1, ready: 1, current: 1, updated: 1)
2025-01-28 20:42:06,911 INFO c.h.h.t.HelmChartContainer - [hivemq-test-hivemq-platform] [hivemq-platform-operator] [b696a002] 20:42:06.909 [ReconcilerExecutor-hivemq-controller-115] DEBUG c.h.p.o.HiveMQPlatformReconciler - [helminit] StatefulSet Spec (replicas: 1, init containers: 2, containers: 1, volumes: 5)
2025-01-28 20:42:06,912 INFO c.h.h.t.HelmChartContainer - [hivemq-test-hivemq-platform] [hivemq-platform-operator] [b696a002] 20:42:06.911 [ReconcilerExecutor-hivemq-controller-115] DEBUG c.h.p.o.h.HiveMQPlatformReconcilerErrorHandler - [helminit] Pod 'test-hivemq-platform-0' phase Running
2025-01-28 20:42:08,769 INFO c.h.h.testcontainer.LogWaiterUtil - TEST Waiting for log pattern on 'test-hivemq-platform-0': .*License file license.lic is corrupt.
2025-01-28 20:42:08,771 INFO c.h.h.t.HelmChartContainer - Uninstalling release 'test-hivemq-platform' in namespace 'helminitcontainerit'...
2025-01-28 20:42:08,771 DEBUG c.h.h.t.HelmChartContainer - Executing helm command: /bin/helm --kubeconfig /etc/rancher/k3s/k3s.yaml uninstall test-hivemq-platform  --wait --timeout 5m0s --cascade foreground --namespace helminitcontainerit
2025-01-28 20:42:08,979 INFO c.h.h.t.HelmChartContainer - [hivemq-test-hivemq-platform] [hivemq-platform-operator] [b696a002] 20:42:08.971 [pool-6-thread-23] DEBUG c.h.p.o.d.PlatformServiceResource - [helminit] Desired Platform services (3 services)
2025-01-28 20:42:08,984 INFO c.h.h.t.HelmChartContainer - [hivemq-test-hivemq-platform] [hivemq-platform-operator] [b696a002] 20:42:08.975 [pool-6-thread-24] DEBUG c.h.p.o.dependants.PodInfoConfigMap - [helminit] Desired PodInfo ConfigMap (1 extensions) (1 enabled)
2025-01-28 20:42:08,984 INFO c.h.h.t.HelmChartContainer - [hivemq-test-hivemq-platform] [hivemq-platform-operator] [b696a002] 20:42:08.976 [pool-6-thread-24] DEBUG c.h.p.o.dependants.PodInfoConfigMap - [helminit] Desired PodInfo ConfigMap (metrics port: 9399) (metrics path: /)
2025-01-28 20:42:08,984 INFO c.h.h.t.HelmChartContainer - [hivemq-test-hivemq-platform] [hivemq-platform-operator] [b696a002] 20:42:08.978 [pool-6-thread-24] DEBUG c.h.p.o.dependants.PodInfoConfigMap - [helminit] Desired PodInfo ConfigMap (extension state hash: -1817474005)
2025-01-28 20:42:09,008 INFO c.h.h.t.HelmChartContainer - [hivemq-test-hivemq-platform] [hivemq-platform-operator] [b696a002] 20:42:09.004 [pool-6-thread-26] DEBUG c.h.p.o.d.StatefulSetResource - [helminit] Desired StatefulSet (1 replicas) for status RUNNING (READY)
2025-01-28 20:42:09,013 INFO c.h.h.t.HelmChartContainer - [hivemq-test-hivemq-platform] [hivemq-platform-operator] [b696a002] 20:42:09.005 [pool-6-thread-24] DEBUG c.h.p.o.d.PodServiceAccountResource - [helminit] Desired PodServiceAccountResource (serviceAccountName: hivemq-platform-pod-test-hivemq-platform)
2025-01-28 20:42:09,102 INFO c.h.h.t.HelmChartContainer - [hivemq-test-hivemq-platform] [hivemq-platform-operator] [b696a002] 20:42:09.101 [pool-6-thread-26] DEBUG c.h.p.o.d.StatefulSetResource - [helminit] Update StatefulSet (replicas: 1 -> 1)
2025-01-28 20:42:09,106 INFO c.h.h.t.HelmChartContainer - [hivemq-test-hivemq-platform] [hivemq-platform-operator] [b696a002] 20:42:09.103 [pool-6-thread-26] DEBUG c.h.p.o.d.StatefulSetResource - [helminit] Detected change in StatefulSet specification (path: /template/metadata/annotations/kubernetes-resource-versions) (actual value: {broker-configuration-v2=-2089688360}) (target value: {broker-configuration-v2=0})
2025-01-28 20:42:09,106 INFO c.h.h.t.HelmChartContainer - [hivemq-test-hivemq-platform] [hivemq-platform-operator] [b696a002] 20:42:09.103 [pool-6-thread-26] INFO  c.h.p.o.d.StatefulSetResource - [helminit] StatefulSet spec was updated, triggering rolling restart
2025-01-28 20:42:09,207 INFO c.h.h.t.HelmChartContainer - [hivemq-test-hivemq-platform] [hivemq-platform-operator] [b696a002] 20:42:09.205 [ReconcilerExecutor-hivemq-controller-116] INFO  c.h.p.o.HiveMQPlatformReconciler - [helminit] Reconciling HiveMQ Platform 'test-hivemq-platform' in namespace 'helminitcontainerit'
2025-01-28 20:42:09,207 INFO c.h.h.t.HelmChartContainer - [hivemq-test-hivemq-platform] [hivemq-platform-operator] [b696a002] 20:42:09.205 [ReconcilerExecutor-hivemq-controller-116] DEBUG c.h.p.o.HiveMQPlatformReconciler - [helminit] Custom Resource Status RUNNING - HiveMQ Platform is ready (READY) (reconciliation requests: ROLLING_RESTART, REQUESTS_UPDATED)
2025-01-28 20:42:09,207 INFO c.h.h.t.HelmChartContainer - [hivemq-test-hivemq-platform] [hivemq-platform-operator] [b696a002] 20:42:09.205 [ReconcilerExecutor-hivemq-controller-116] DEBUG c.h.p.o.HiveMQPlatformReconciler - [helminit] Custom Resource Spec (replicas: 1) (extensions: 1)
2025-01-28 20:42:09,207 INFO c.h.h.t.HelmChartContainer - [hivemq-test-hivemq-platform] [hivemq-platform-operator] [b696a002] 20:42:09.206 [ReconcilerExecutor-hivemq-controller-116] WARN  c.h.p.o.h.HiveMQPlatformReconcilerErrorHandler - [helminit] Could not find ConfigMap 'hivemq-configuration-test-hivemq-platform' for HiveMQ Platform configuration
2025-01-28 20:42:09,307 INFO c.h.h.t.HelmChartContainer - [hivemq-test-hivemq-platform] [hivemq-platform-operator] [b696a002] 20:42:09.306 [ReconcilerExecutor-hivemq-controller-116] DEBUG c.h.p.operator.event.EventSender - [helminit] Creating K8s event hivemq-platform-invalid-configuration: [Start] Could not find ConfigMap 'hivemq-configuration-test-hivemq-platform' for HiveMQ Platform configuration
2025-01-28 20:42:09,311 INFO c.h.h.t.HelmChartContainer - [EVENT] Warning [Start] Could not find ConfigMap 'hivemq-configuration-test-hivemq-platform' for HiveMQ Platform configuration [helminitcontainerit:test-hivemq-platform]
2025-01-28 20:42:09,312 INFO c.h.h.t.HelmChartContainer - [hivemq-test-hivemq-platform] [hivemq-platform-operator] [b696a002] 20:42:09.311 [ReconcilerExecutor-hivemq-controller-116] INFO  c.h.p.o.h.AbstractHiveMQReconcilerStateHandler - [helminit] Update HiveMQ Platform Status (RUNNING [READY] -> ERROR [INVALID_CONFIG_MAP]): Could not find ConfigMap 'hivemq-configuration-test-hivemq-platform' for HiveMQ Platform configuration (reconciliation requests: ROLLING_RESTART)
2025-01-28 20:42:09,375 INFO c.h.h.t.HelmChartContainer - [hivemq-test-hivemq-platform] [hivemq-platform-operator] [b696a002] 20:42:09.330 [ReconcilerExecutor-hivemq-controller-116] ERROR i.j.o.p.event.EventProcessor - Error during event processing ExecutionScope{ resource id: ResourceID{name='test-hivemq-platform', namespace='helminitcontainerit'}, version: 612}
2025-01-28 20:42:09,375 INFO c.h.h.t.HelmChartContainer - [hivemq-test-hivemq-platform] [hivemq-platform-operator] [b696a002] io.fabric8.kubernetes.client.KubernetesClientException: Failure executing: PUT at: https://10.43.0.1:443/apis/hivemq.com/v1/namespaces/helminitcontainerit/hivemq-platforms/test-hivemq-platform/status. Message: Operation cannot be fulfilled on hivemq-platforms.hivemq.com "test-hivemq-platform": the object has been modified; please apply your changes to the latest version and try again. Received status: Status(apiVersion=v1, code=409, details=StatusDetails(causes=[], group=hivemq.com, kind=hivemq-platforms, name=test-hivemq-platform, retryAfterSeconds=null, uid=null, additionalProperties={}), kind=Status, message=Operation cannot be fulfilled on hivemq-platforms.hivemq.com "test-hivemq-platform": the object has been modified; please apply your changes to the latest version and try again, metadata=ListMeta(_continue=null, remainingItemCount=null, resourceVersion=null, selfLink=null, additionalProperties={}), reason=Conflict, status=Failure, additionalProperties={}).
2025-01-28 20:42:09,375 INFO c.h.h.t.HelmChartContainer - [hivemq-test-hivemq-platform] [hivemq-platform-operator] [b696a002] 	at io.fabric8.kubernetes.client.KubernetesClientException.copyAsCause(KubernetesClientException.java:238)
2025-01-28 20:42:09,375 INFO c.h.h.t.HelmChartContainer - [hivemq-test-hivemq-platform] [hivemq-platform-operator] [b696a002] 	at io.fabric8.kubernetes.client.dsl.internal.OperationSupport.waitForResult(OperationSupport.java:507)
2025-01-28 20:42:09,375 INFO c.h.h.t.HelmChartContainer - [hivemq-test-hivemq-platform] [hivemq-platform-operator] [b696a002] 	at io.fabric8.kubernetes.client.dsl.internal.OperationSupport.handleResponse(OperationSupport.java:524)
2025-01-28 20:42:09,375 INFO c.h.h.t.HelmChartContainer - [hivemq-test-hivemq-platform] [hivemq-platform-operator] [b696a002] 	at io.fabric8.kubernetes.client.dsl.internal.OperationSupport.handleUpdate(OperationSupport.java:358)
2025-01-28 20:42:09,375 INFO c.h.h.t.HelmChartContainer - [hivemq-test-hivemq-platform] [hivemq-platform-operator] [b696a002] 	at io.fabric8.kubernetes.client.dsl.internal.BaseOperation.handleUpdate(BaseOperation.java:759)
2025-01-28 20:42:09,375 INFO c.h.h.t.HelmChartContainer - [hivemq-test-hivemq-platform] [hivemq-platform-operator] [b696a002] 	at io.fabric8.kubernetes.client.dsl.internal.HasMetadataOperation.update(HasMetadataOperation.java:138)
2025-01-28 20:42:09,375 INFO c.h.h.t.HelmChartContainer - [hivemq-test-hivemq-platform] [hivemq-platform-operator] [b696a002] 	at io.fabric8.kubernetes.client.dsl.internal.HasMetadataOperation.update(HasMetadataOperation.java:121)
2025-01-28 20:42:09,375 INFO c.h.h.t.HelmChartContainer - [hivemq-test-hivemq-platform] [hivemq-platform-operator] [b696a002] 	at io.fabric8.kubernetes.client.dsl.internal.HasMetadataOperation.updateStatus(HasMetadataOperation.java:126)
2025-01-28 20:42:09,375 INFO c.h.h.t.HelmChartContainer - [hivemq-test-hivemq-platform] [hivemq-platform-operator] [b696a002] 	at io.fabric8.kubernetes.client.dsl.internal.HasMetadataOperation.updateStatus(HasMetadataOperation.java:44)
2025-01-28 20:42:09,375 INFO c.h.h.t.HelmChartContainer - [hivemq-test-hivemq-platform] [hivemq-platform-operator] [b696a002] 	at io.javaoperatorsdk.operator.processing.event.ReconciliationDispatcher$CustomResourceFacade.updateStatus(ReconciliationDispatcher.java:408)
2025-01-28 20:42:09,375 INFO c.h.h.t.HelmChartContainer - [hivemq-test-hivemq-platform] [hivemq-platform-operator] [b696a002] 	at io.javaoperatorsdk.operator.processing.event.ReconciliationDispatcher.updateStatusGenerationAware(ReconciliationDispatcher.java:228)
2025-01-28 20:42:09,375 INFO c.h.h.t.HelmChartContainer - [hivemq-test-hivemq-platform] [hivemq-platform-operator] [b696a002] 	at io.javaoperatorsdk.operator.processing.event.ReconciliationDispatcher.reconcileExecution(ReconciliationDispatcher.java:150)
2025-01-28 20:42:09,375 INFO c.h.h.t.HelmChartContainer - [hivemq-test-hivemq-platform] [hivemq-platform-operator] [b696a002] 	at io.javaoperatorsdk.operator.processing.event.ReconciliationDispatcher.handleReconcile(ReconciliationDispatcher.java:117)
2025-01-28 20:42:09,375 INFO c.h.h.t.HelmChartContainer - [hivemq-test-hivemq-platform] [hivemq-platform-operator] [b696a002] 	at io.javaoperatorsdk.operator.processing.event.ReconciliationDispatcher.handleDispatch(ReconciliationDispatcher.java:91)
2025-01-28 20:42:09,375 INFO c.h.h.t.HelmChartContainer - [hivemq-test-hivemq-platform] [hivemq-platform-operator] [b696a002] 	at io.javaoperatorsdk.operator.processing.event.ReconciliationDispatcher.handleExecution(ReconciliationDispatcher.java:64)
2025-01-28 20:42:09,375 INFO c.h.h.t.HelmChartContainer - [hivemq-test-hivemq-platform] [hivemq-platform-operator] [b696a002] 	at io.javaoperatorsdk.operator.processing.event.EventProcessor$ReconcilerExecutor.run(EventProcessor.java:452)
2025-01-28 20:42:09,375 INFO c.h.h.t.HelmChartContainer - [hivemq-test-hivemq-platform] [hivemq-platform-operator] [b696a002] 	at java.base/java.util.concurrent.ThreadPoolExecutor.runWorker(Unknown Source)
2025-01-28 20:42:09,375 INFO c.h.h.t.HelmChartContainer - [hivemq-test-hivemq-platform] [hivemq-platform-operator] [b696a002] 	at java.base/java.util.concurrent.ThreadPoolExecutor$Worker.run(Unknown Source)
2025-01-28 20:42:09,375 INFO c.h.h.t.HelmChartContainer - [hivemq-test-hivemq-platform] [hivemq-platform-operator] [b696a002] 	at java.base/java.lang.Thread.run(Unknown Source)
2025-01-28 20:42:09,376 INFO c.h.h.t.HelmChartContainer - [hivemq-test-hivemq-platform] [hivemq-platform-operator] [b696a002] Caused by: io.fabric8.kubernetes.client.KubernetesClientException: Failure executing: PUT at: https://10.43.0.1:443/apis/hivemq.com/v1/namespaces/helminitcontainerit/hivemq-platforms/test-hivemq-platform/status. Message: Operation cannot be fulfilled on hivemq-platforms.hivemq.com "test-hivemq-platform": the object has been modified; please apply your changes to the latest version and try again. Received status: Status(apiVersion=v1, code=409, details=StatusDetails(causes=[], group=hivemq.com, kind=hivemq-platforms, name=test-hivemq-platform, retryAfterSeconds=null, uid=null, additionalProperties={}), kind=Status, message=Operation cannot be fulfilled on hivemq-platforms.hivemq.com "test-hivemq-platform": the object has been modified; please apply your changes to the latest version and try again, metadata=ListMeta(_continue=null, remainingItemCount=null, resourceVersion=null, selfLink=null, additionalProperties={}), reason=Conflict, status=Failure, additionalProperties={}).
2025-01-28 20:42:09,376 INFO c.h.h.t.HelmChartContainer - [hivemq-test-hivemq-platform] [hivemq-platform-operator] [b696a002] 	at io.fabric8.kubernetes.client.dsl.internal.OperationSupport.requestFailure(OperationSupport.java:660)
2025-01-28 20:42:09,376 INFO c.h.h.t.HelmChartContainer - [hivemq-test-hivemq-platform] [hivemq-platform-operator] [b696a002] 	at io.fabric8.kubernetes.client.dsl.internal.OperationSupport.requestFailure(OperationSupport.java:640)
2025-01-28 20:42:09,376 INFO c.h.h.t.HelmChartContainer - [hivemq-test-hivemq-platform] [hivemq-platform-operator] [b696a002] 	at io.fabric8.kubernetes.client.dsl.internal.OperationSupport.assertResponseCode(OperationSupport.java:589)
2025-01-28 20:42:09,376 INFO c.h.h.t.HelmChartContainer - [hivemq-test-hivemq-platform] [hivemq-platform-operator] [b696a002] 	at io.fabric8.kubernetes.client.dsl.internal.OperationSupport.lambda$handleResponse$0(OperationSupport.java:549)
2025-01-28 20:42:09,376 INFO c.h.h.t.HelmChartContainer - [hivemq-test-hivemq-platform] [hivemq-platform-operator] [b696a002] 	at java.base/java.util.concurrent.CompletableFuture$UniApply.tryFire(Unknown Source)
2025-01-28 20:42:09,376 INFO c.h.h.t.HelmChartContainer - [hivemq-test-hivemq-platform] [hivemq-platform-operator] [b696a002] 	at java.base/java.util.concurrent.CompletableFuture.postComplete(Unknown Source)
2025-01-28 20:42:09,376 INFO c.h.h.t.HelmChartContainer - [hivemq-test-hivemq-platform] [hivemq-platform-operator] [b696a002] 	at java.base/java.util.concurrent.CompletableFuture.complete(Unknown Source)
2025-01-28 20:42:09,376 INFO c.h.h.t.HelmChartContainer - [hivemq-test-hivemq-platform] [hivemq-platform-operator] [b696a002] 	at io.fabric8.kubernetes.client.http.StandardHttpClient.lambda$completeOrCancel$10(StandardHttpClient.java:141)
2025-01-28 20:42:09,376 INFO c.h.h.t.HelmChartContainer - [hivemq-test-hivemq-platform] [hivemq-platform-operator] [b696a002] 	at java.base/java.util.concurrent.CompletableFuture.uniWhenComplete(Unknown Source)
2025-01-28 20:42:09,376 INFO c.h.h.t.HelmChartContainer - [hivemq-test-hivemq-platform] [hivemq-platform-operator] [b696a002] 	at java.base/java.util.concurrent.CompletableFuture$UniWhenComplete.tryFire(Unknown Source)
2025-01-28 20:42:09,376 INFO c.h.h.t.HelmChartContainer - [hivemq-test-hivemq-platform] [hivemq-platform-operator] [b696a002] 	at java.base/java.util.concurrent.CompletableFuture.postComplete(Unknown Source)
2025-01-28 20:42:09,376 INFO c.h.h.t.HelmChartContainer - [hivemq-test-hivemq-platform] [hivemq-platform-operator] [b696a002] 	at java.base/java.util.concurrent.CompletableFuture.complete(Unknown Source)
2025-01-28 20:42:09,376 INFO c.h.h.t.HelmChartContainer - [hivemq-test-hivemq-platform] [hivemq-platform-operator] [b696a002] 	at io.fabric8.kubernetes.client.http.ByteArrayBodyHandler.onBodyDone(ByteArrayBodyHandler.java:51)
2025-01-28 20:42:09,376 INFO c.h.h.t.HelmChartContainer - [hivemq-test-hivemq-platform] [hivemq-platform-operator] [b696a002] 	at java.base/java.util.concurrent.CompletableFuture.uniWhenComplete(Unknown Source)
2025-01-28 20:42:09,376 INFO c.h.h.t.HelmChartContainer - [hivemq-test-hivemq-platform] [hivemq-platform-operator] [b696a002] 	at java.base/java.util.concurrent.CompletableFuture$UniWhenComplete.tryFire(Unknown Source)
2025-01-28 20:42:09,377 INFO c.h.h.t.HelmChartContainer - [hivemq-test-hivemq-platform] [hivemq-platform-operator] [b696a002] 	at java.base/java.util.concurrent.CompletableFuture.postComplete(Unknown Source)
2025-01-28 20:42:09,377 INFO c.h.h.t.HelmChartContainer - [hivemq-test-hivemq-platform] [hivemq-platform-operator] [b696a002] 	at java.base/java.util.concurrent.CompletableFuture.complete(Unknown Source)
2025-01-28 20:42:09,377 INFO c.h.h.t.HelmChartContainer - [hivemq-test-hivemq-platform] [hivemq-platform-operator] [b696a002] 	at io.fabric8.kubernetes.client.vertx.VertxHttpRequest.lambda$null$1(VertxHttpRequest.java:121)
2025-01-28 20:42:09,377 INFO c.h.h.t.HelmChartContainer - [hivemq-test-hivemq-platform] [hivemq-platform-operator] [b696a002] 	at io.vertx.core.impl.ContextInternal.dispatch(ContextInternal.java:279)
2025-01-28 20:42:09,377 INFO c.h.h.t.HelmChartContainer - [hivemq-test-hivemq-platform] [hivemq-platform-operator] [b696a002] 	at io.vertx.core.impl.ContextInternal.dispatch(ContextInternal.java:261)
2025-01-28 20:42:09,377 INFO c.h.h.t.HelmChartContainer - [hivemq-test-hivemq-platform] [hivemq-platform-operator] [b696a002] 	at io.vertx.core.http.impl.HttpEventHandler.handleEnd(HttpEventHandler.java:76)
2025-01-28 20:42:09,377 INFO c.h.h.t.HelmChartContainer - [hivemq-test-hivemq-platform] [hivemq-platform-operator] [b696a002] 	at io.vertx.core.http.impl.HttpClientResponseImpl.handleEnd(HttpClientResponseImpl.java:250)
2025-01-28 20:42:09,377 INFO c.h.h.t.HelmChartContainer - [hivemq-test-hivemq-platform] [hivemq-platform-operator] [b696a002] 	at io.vertx.core.http.impl.Http1xClientConnection$StreamImpl.lambda$new$0(Http1xClientConnection.java:421)
2025-01-28 20:42:09,377 INFO c.h.h.t.HelmChartContainer - [hivemq-test-hivemq-platform] [hivemq-platform-operator] [b696a002] 	at io.vertx.core.streams.impl.InboundBuffer.handleEvent(InboundBuffer.java:279)
2025-01-28 20:42:09,377 INFO c.h.h.t.HelmChartContainer - [hivemq-test-hivemq-platform] [hivemq-platform-operator] [b696a002] 	at io.vertx.core.streams.impl.InboundBuffer.write(InboundBuffer.java:157)
2025-01-28 20:42:09,377 INFO c.h.h.t.HelmChartContainer - [hivemq-test-hivemq-platform] [hivemq-platform-operator] [b696a002] 	at io.vertx.core.http.impl.Http1xClientConnection$StreamImpl.handleEnd(Http1xClientConnection.java:709)
2025-01-28 20:42:09,377 INFO c.h.h.t.HelmChartContainer - [hivemq-test-hivemq-platform] [hivemq-platform-operator] [b696a002] 	at io.vertx.core.impl.ContextImpl.execute(ContextImpl.java:313)
2025-01-28 20:42:09,377 INFO c.h.h.t.HelmChartContainer - [hivemq-test-hivemq-platform] [hivemq-platform-operator] [b696a002] 	at io.vertx.core.impl.ContextImpl.execute(ContextImpl.java:293)
2025-01-28 20:42:09,377 INFO c.h.h.t.HelmChartContainer - [hivemq-test-hivemq-platform] [hivemq-platform-operator] [b696a002] 	at io.vertx.core.http.impl.Http1xClientConnection.handleResponseEnd(Http1xClientConnection.java:940)
2025-01-28 20:42:09,377 INFO c.h.h.t.HelmChartContainer - [hivemq-test-hivemq-platform] [hivemq-platform-operator] [b696a002] 	at io.vertx.core.http.impl.Http1xClientConnection.handleHttpMessage(Http1xClientConnection.java:810)
2025-01-28 20:42:09,378 INFO c.h.h.t.HelmChartContainer - [hivemq-test-hivemq-platform] [hivemq-platform-operator] [b696a002] 	at io.vertx.core.http.impl.Http1xClientConnection.handleMessage(Http1xClientConnection.java:774)
2025-01-28 20:42:09,378 INFO c.h.h.t.HelmChartContainer - [hivemq-test-hivemq-platform] [hivemq-platform-operator] [b696a002] 	at io.vertx.core.net.impl.ConnectionBase.read(ConnectionBase.java:159)
2025-01-28 20:42:09,378 INFO c.h.h.t.HelmChartContainer - [hivemq-test-hivemq-platform] [hivemq-platform-operator] [b696a002] 	at io.vertx.core.net.impl.VertxHandler.channelRead(VertxHandler.java:153)
2025-01-28 20:42:09,378 INFO c.h.h.t.HelmChartContainer - [hivemq-test-hivemq-platform] [hivemq-platform-operator] [b696a002] 	at io.netty.channel.AbstractChannelHandlerContext.invokeChannelRead(AbstractChannelHandlerContext.java:442)
2025-01-28 20:42:09,378 INFO c.h.h.t.HelmChartContainer - [hivemq-test-hivemq-platform] [hivemq-platform-operator] [b696a002] 	at io.netty.channel.AbstractChannelHandlerContext.invokeChannelRead(AbstractChannelHandlerContext.java:420)
2025-01-28 20:42:09,378 INFO c.h.h.t.HelmChartContainer - [hivemq-test-hivemq-platform] [hivemq-platform-operator] [b696a002] 	at io.netty.channel.AbstractChannelHandlerContext.fireChannelRead(AbstractChannelHandlerContext.java:412)
2025-01-28 20:42:09,378 INFO c.h.h.t.HelmChartContainer - [hivemq-test-hivemq-platform] [hivemq-platform-operator] [b696a002] 	at io.netty.channel.CombinedChannelDuplexHandler$DelegatingChannelHandlerContext.fireChannelRead(CombinedChannelDuplexHandler.java:436)
2025-01-28 20:42:09,378 INFO c.h.h.t.HelmChartContainer - [hivemq-test-hivemq-platform] [hivemq-platform-operator] [b696a002] 	at io.netty.handler.codec.ByteToMessageDecoder.fireChannelRead(ByteToMessageDecoder.java:346)
2025-01-28 20:42:09,378 INFO c.h.h.t.HelmChartContainer - [hivemq-test-hivemq-platform] [hivemq-platform-operator] [b696a002] 	at io.netty.handler.codec.ByteToMessageDecoder.channelRead(ByteToMessageDecoder.java:318)
2025-01-28 20:42:09,378 INFO c.h.h.t.HelmChartContainer - [hivemq-test-hivemq-platform] [hivemq-platform-operator] [b696a002] 	at io.netty.channel.CombinedChannelDuplexHandler.channelRead(CombinedChannelDuplexHandler.java:251)
2025-01-28 20:42:09,378 INFO c.h.h.t.HelmChartContainer - [hivemq-test-hivemq-platform] [hivemq-platform-operator] [b696a002] 	at io.netty.channel.AbstractChannelHandlerContext.invokeChannelRead(AbstractChannelHandlerContext.java:442)
2025-01-28 20:42:09,378 INFO c.h.h.t.HelmChartContainer - [hivemq-test-hivemq-platform] [hivemq-platform-operator] [b696a002] 	at io.netty.channel.AbstractChannelHandlerContext.invokeChannelRead(AbstractChannelHandlerContext.java:420)
2025-01-28 20:42:09,378 INFO c.h.h.t.HelmChartContainer - [hivemq-test-hivemq-platform] [hivemq-platform-operator] [b696a002] 	at io.netty.channel.AbstractChannelHandlerContext.fireChannelRead(AbstractChannelHandlerContext.java:412)
2025-01-28 20:42:09,378 INFO c.h.h.t.HelmChartContainer - [hivemq-test-hivemq-platform] [hivemq-platform-operator] [b696a002] 	at io.netty.handler.ssl.SslHandler.unwrap(SslHandler.java:1475)
2025-01-28 20:42:09,378 INFO c.h.h.t.HelmChartContainer - [hivemq-test-hivemq-platform] [hivemq-platform-operator] [b696a002] 	at io.netty.handler.ssl.SslHandler.decodeJdkCompatible(SslHandler.java:1338)
2025-01-28 20:42:09,378 INFO c.h.h.t.HelmChartContainer - [hivemq-test-hivemq-platform] [hivemq-platform-operator] [b696a002] 	at io.netty.handler.ssl.SslHandler.decode(SslHandler.java:1387)
2025-01-28 20:42:09,378 INFO c.h.h.t.HelmChartContainer - [hivemq-test-hivemq-platform] [hivemq-platform-operator] [b696a002] 	at io.netty.handler.codec.ByteToMessageDecoder.decodeRemovalReentryProtection(ByteToMessageDecoder.java:530)
2025-01-28 20:42:09,378 INFO c.h.h.t.HelmChartContainer - [hivemq-test-hivemq-platform] [hivemq-platform-operator] [b696a002] 	at io.netty.handler.codec.ByteToMessageDecoder.callDecode(ByteToMessageDecoder.java:469)
2025-01-28 20:42:09,378 INFO c.h.h.t.HelmChartContainer - [hivemq-test-hivemq-platform] [hivemq-platform-operator] [b696a002] 	at io.netty.handler.codec.ByteToMessageDecoder.channelRead(ByteToMessageDecoder.java:290)
2025-01-28 20:42:09,378 INFO c.h.h.t.HelmChartContainer - [hivemq-test-hivemq-platform] [hivemq-platform-operator] [b696a002] 	at io.netty.channel.AbstractChannelHandlerContext.invokeChannelRead(AbstractChannelHandlerContext.java:444)
2025-01-28 20:42:09,378 INFO c.h.h.t.HelmChartContainer - [hivemq-test-hivemq-platform] [hivemq-platform-operator] [b696a002] 	at io.netty.channel.AbstractChannelHandlerContext.invokeChannelRead(AbstractChannelHandlerContext.java:420)
2025-01-28 20:42:09,378 INFO c.h.h.t.HelmChartContainer - [hivemq-test-hivemq-platform] [hivemq-platform-operator] [b696a002] 	at io.netty.channel.AbstractChannelHandlerContext.fireChannelRead(AbstractChannelHandlerContext.java:412)
2025-01-28 20:42:09,378 INFO c.h.h.t.HelmChartContainer - [hivemq-test-hivemq-platform] [hivemq-platform-operator] [b696a002] 	at io.netty.channel.DefaultChannelPipeline$HeadContext.channelRead(DefaultChannelPipeline.java:1407)
2025-01-28 20:42:09,378 INFO c.h.h.t.HelmChartContainer - [hivemq-test-hivemq-platform] [hivemq-platform-operator] [b696a002] 	at io.netty.channel.AbstractChannelHandlerContext.invokeChannelRead(AbstractChannelHandlerContext.java:440)
2025-01-28 20:42:09,378 INFO c.h.h.t.HelmChartContainer - [hivemq-test-hivemq-platform] [hivemq-platform-operator] [b696a002] 	at io.netty.channel.AbstractChannelHandlerContext.invokeChannelRead(AbstractChannelHandlerContext.java:420)
2025-01-28 20:42:09,378 INFO c.h.h.t.HelmChartContainer - [hivemq-test-hivemq-platform] [hivemq-platform-operator] [b696a002] 	at io.netty.channel.DefaultChannelPipeline.fireChannelRead(DefaultChannelPipeline.java:918)
2025-01-28 20:42:09,378 INFO c.h.h.t.HelmChartContainer - [hivemq-test-hivemq-platform] [hivemq-platform-operator] [b696a002] 	at io.netty.channel.nio.AbstractNioByteChannel$NioByteUnsafe.read(AbstractNioByteChannel.java:166)
2025-01-28 20:42:09,378 INFO c.h.h.t.HelmChartContainer - [hivemq-test-hivemq-platform] [hivemq-platform-operator] [b696a002] 	at io.netty.channel.nio.NioEventLoop.processSelectedKey(NioEventLoop.java:788)
2025-01-28 20:42:09,378 INFO c.h.h.t.HelmChartContainer - [hivemq-test-hivemq-platform] [hivemq-platform-operator] [b696a002] 	at io.netty.channel.nio.NioEventLoop.processSelectedKeysOptimized(NioEventLoop.java:724)
2025-01-28 20:42:09,378 INFO c.h.h.t.HelmChartContainer - [hivemq-test-hivemq-platform] [hivemq-platform-operator] [b696a002] 	at io.netty.channel.nio.NioEventLoop.processSelectedKeys(NioEventLoop.java:650)
2025-01-28 20:42:09,378 INFO c.h.h.t.HelmChartContainer - [hivemq-test-hivemq-platform] [hivemq-platform-operator] [b696a002] 	at io.netty.channel.nio.NioEventLoop.run(NioEventLoop.java:562)
2025-01-28 20:42:09,378 INFO c.h.h.t.HelmChartContainer - [hivemq-test-hivemq-platform] [hivemq-platform-operator] [b696a002] 	at io.netty.util.concurrent.SingleThreadEventExecutor$4.run(SingleThreadEventExecutor.java:997)
2025-01-28 20:42:09,378 INFO c.h.h.t.HelmChartContainer - [hivemq-test-hivemq-platform] [hivemq-platform-operator] [b696a002] 	at io.netty.util.internal.ThreadExecutorMap$2.run(ThreadExecutorMap.java:74)
2025-01-28 20:42:09,378 INFO c.h.h.t.HelmChartContainer - [hivemq-test-hivemq-platform] [hivemq-platform-operator] [b696a002] 	at io.netty.util.concurrent.FastThreadLocalRunnable.run(FastThreadLocalRunnable.java:30)
2025-01-28 20:42:09,378 INFO c.h.h.t.HelmChartContainer - [hivemq-test-hivemq-platform] [hivemq-platform-operator] [b696a002] 	... 1 common frames omitted
2025-01-28 20:42:09,382 INFO c.h.h.t.HelmChartContainer - [hivemq-test-hivemq-platform] [hivemq-platform-operator] [b696a002] 20:42:09.381 [ReconcilerExecutor-hivemq-controller-121] INFO  c.h.p.o.HiveMQPlatformReconciler - [helminit] Cleanup test-hivemq-platform - helminitcontainerit HiveMQ Platform is shut down
2025-01-28 20:42:09,581 INFO c.h.h.t.HelmChartContainer - [POD] test-hivemq-platform-0 [ad68f3a5-1ea8-44f4-914d-c55f3e9bbc85] in helminitcontainerit was MODIFIED
2025-01-28 20:42:09,587 INFO c.h.h.t.HelmChartContainer - [EVENT] Normal [Killing] Stopping container consul-template-init-container [helminitcontainerit:test-hivemq-platform-0]
2025-01-28 20:42:09,592 INFO c.h.h.t.HelmChartContainer - [test-hivemq-platform] [hivemq] [ad68f3a5] INFO  - [HiveMQ Platform Operator Init App 1.7.0-SNAPSHOT] Shutting down
2025-01-28 20:42:09,596 INFO c.h.h.t.HelmChartContainer - [test-hivemq-platform] [hivemq] [ad68f3a5] INFO  - [HiveMQ Platform Operator Init App 1.7.0-SNAPSHOT] Stopping the HiveMQ Platform
2025-01-28 20:42:09,603 INFO c.h.h.t.HelmChartContainer - [EVENT] Normal [Killing] Stopping container hivemq [helminitcontainerit:test-hivemq-platform-0]
2025-01-28 20:42:09,603 INFO c.h.h.t.HelmChartContainer - Received Killing event for container hivemq in pod test-hivemq-platform-0 [ad68f3a5-1ea8-44f4-914d-c55f3e9bbc85]
2025-01-28 20:42:09,604 INFO c.h.h.t.HelmChartContainer - Container [test-hivemq-platform-0] [hivemq] [ad68f3a5-1ea8-44f4-914d-c55f3e9bbc85] was terminated
2025-01-28 20:42:09,606 INFO c.h.h.t.HelmChartContainer - Stopped log watcher for hivemq in pod test-hivemq-platform-0 [ad68f3a5-1ea8-44f4-914d-c55f3e9bbc85]
2025-01-28 20:42:09,701 INFO c.h.h.t.HelmChartContainer - [test-hivemq-platform] [hivemq] [ad68f3a5] INFO  - Shutting down HiveMQ. Please wait, this could take a while...
2025-01-28 20:42:09,791 INFO c.h.h.t.HelmChartContainer - [test-hivemq-platform] [hivemq] [ad68f3a5] INFO  - Shutting down listeners and clients
2025-01-28 20:42:09,792 INFO c.h.h.t.HelmChartContainer - [test-hivemq-platform] [hivemq] [ad68f3a5] INFO  - Shutdown of listeners is done
2025-01-28 20:42:09,792 INFO c.h.h.t.HelmChartContainer - [test-hivemq-platform] [hivemq] [ad68f3a5] INFO  - No clients are connected, proceeding with shutdown
2025-01-28 20:42:11,032 INFO c.h.h.t.HelmChartContainer - Deleting namespace 'helminitcontainerit'...
2025-01-28 20:42:11,504 INFO c.h.h.t.HelmChartContainer - [test-hivemq-platform] [hivemq] [ad68f3a5] INFO  - [HiveMQ Platform Operator Init App 1.7.0-SNAPSHOT] Returning shutdown Health API response 503 for readiness
2025-01-28 20:42:11,508 INFO c.h.h.t.HelmChartContainer - [EVENT] Warning [Unhealthy] Readiness probe failed: HTTP probe failed with statuscode: 503 [helminitcontainerit:test-hivemq-platform-0]
2025-01-28 20:42:11,508 INFO c.h.h.t.HelmChartContainer - Received Unhealthy event for container hivemq in pod test-hivemq-platform-0 [ad68f3a5-1ea8-44f4-914d-c55f3e9bbc85]
2025-01-28 20:42:12,024 INFO c.h.h.t.HelmChartContainer - [test-hivemq-platform] [hivemq] [ad68f3a5] WARN  - [HiveMQ Platform Operator Init App 1.7.0-SNAPSHOT] Could not update Pod annotations: Failure executing: GET at: https://10.43.0.1:443/api/v1/namespaces/helminitcontainerit/pods/test-hivemq-platform-0. Message: pods "test-hivemq-platform-0" is forbidden: User "system:serviceaccount:helminitcontainerit:hivemq-platform-pod-test-hivemq-platform" cannot get resource "pods" in API group "" in the namespace "helminitcontainerit". Received status: Status(apiVersion=v1, code=403, details=StatusDetails(causes=[], group=null, kind=pods, name=test-hivemq-platform-0, retryAfterSeconds=null, uid=null, additionalProperties={}), kind=Status, message=pods "test-hivemq-platform-0" is forbidden: User "system:serviceaccount:helminitcontainerit:hivemq-platform-pod-test-hivemq-platform" cannot get resource "pods" in API group "" in the namespace "helminitcontainerit", metadata=ListMeta(_continue=null, remainingItemCount=null, resourceVersion=null, selfLink=null, additionalProperties={}), reason=Forbidden, status=Failure, additionalProperties={}).
2025-01-28 20:42:12,597 INFO c.h.h.t.HelmChartContainer - [test-hivemq-platform] [hivemq] [ad68f3a5] INFO  - Shutting down extension system
2025-01-28 20:42:12,601 INFO c.h.h.t.HelmChartContainer - [test-hivemq-platform] [hivemq] [ad68f3a5] INFO  - Stopping extension with id hivemq-dns-cluster-discovery
2025-01-28 20:42:12,601 INFO c.h.h.t.HelmChartContainer - [test-hivemq-platform] [hivemq] [ad68f3a5] INFO  - Extension "DNS Cluster Discovery Extension" version 4.3.2 stopped successfully.
2025-01-28 20:42:12,601 INFO c.h.h.t.HelmChartContainer - [test-hivemq-platform] [hivemq] [ad68f3a5] INFO  - Stopping extension with id hivemq-prometheus-extension
2025-01-28 20:42:12,607 INFO c.h.h.t.HelmChartContainer - [test-hivemq-platform] [hivemq] [ad68f3a5] INFO  - Extension "Prometheus Monitoring Extension" version 4.0.12 stopped successfully.
2025-01-28 20:42:12,609 INFO c.h.h.t.HelmChartContainer - [test-hivemq-platform] [hivemq] [ad68f3a5] INFO  - Stopping extension with id hivemq-allow-all-extension
2025-01-28 20:42:12,609 INFO c.h.h.t.HelmChartContainer - [test-hivemq-platform] [hivemq] [ad68f3a5] INFO  - Extension "Allow All Extension" version 1.1.1 stopped successfully.
2025-01-28 20:42:14,892 INFO c.h.h.t.HelmChartContainer - [test-hivemq-platform] [hivemq] [ad68f3a5] INFO  - Shutdown completed.
2025-01-28 20:42:15,240 INFO c.h.h.t.HelmChartContainer - [test-hivemq-platform] [hivemq] [ad68f3a5] INFO  - [HiveMQ Platform Operator Init App 1.7.0-SNAPSHOT] The HiveMQ Platform exited with code 143
2025-01-28 20:42:15,240 INFO c.h.h.t.HelmChartContainer - [test-hivemq-platform] [hivemq] [ad68f3a5] INFO  - [HiveMQ Platform Operator Init App 1.7.0-SNAPSHOT] Stopping the REST API
2025-01-28 20:42:15,247 INFO c.h.h.t.HelmChartContainer - [test-hivemq-platform] [hivemq] [ad68f3a5] INFO  - [HiveMQ Platform Operator Init App 1.7.0-SNAPSHOT] Shutdown complete
2025-01-28 20:42:15,802 INFO c.h.h.t.HelmChartContainer - [K3S] [stateful_set.go:438] "Unhandled Error" err="error syncing StatefulSet helminitcontainerit/test-hivemq-platform, requeuing: controllerrevisions.apps \"test-hivemq-platform-6f955659\" is forbidden: unable to create new content in namespace helminitcontainerit because it is being terminated"
2025-01-28 20:42:15,804 INFO c.h.h.t.HelmChartContainer - [K3S] [reconciler_common.go:162] "operationExecutor.UnmountVolume started for volume \"operator-init\" (UniqueName: \"kubernetes.io/empty-dir/ad68f3a5-1ea8-44f4-914d-c55f3e9bbc85-operator-init\") pod \"ad68f3a5-1ea8-44f4-914d-c55f3e9bbc85\" (UID: \"ad68f3a5-1ea8-44f4-914d-c55f3e9bbc85\") "
2025-01-28 20:42:15,804 INFO c.h.h.t.HelmChartContainer - [POD] test-hivemq-platform-0 [ad68f3a5-1ea8-44f4-914d-c55f3e9bbc85] in helminitcontainerit was MODIFIED
2025-01-28 20:42:15,804 INFO c.h.h.t.HelmChartContainer - [K3S] [reconciler_common.go:162] "operationExecutor.UnmountVolume started for volume \"license-volume\" (UniqueName: \"kubernetes.io/empty-dir/ad68f3a5-1ea8-44f4-914d-c55f3e9bbc85-license-volume\") pod \"ad68f3a5-1ea8-44f4-914d-c55f3e9bbc85\" (UID: \"ad68f3a5-1ea8-44f4-914d-c55f3e9bbc85\") "
2025-01-28 20:42:15,805 INFO c.h.h.t.HelmChartContainer - [K3S] [reconciler_common.go:162] "operationExecutor.UnmountVolume started for volume \"broker-configuration\" (UniqueName: \"kubernetes.io/configmap/ad68f3a5-1ea8-44f4-914d-c55f3e9bbc85-broker-configuration\") pod \"ad68f3a5-1ea8-44f4-914d-c55f3e9bbc85\" (UID: \"ad68f3a5-1ea8-44f4-914d-c55f3e9bbc85\") "
2025-01-28 20:42:15,805 INFO c.h.h.t.HelmChartContainer - [K3S] [reconciler_common.go:162] "operationExecutor.UnmountVolume started for volume \"pod-info\" (UniqueName: \"kubernetes.io/configmap/ad68f3a5-1ea8-44f4-914d-c55f3e9bbc85-pod-info\") pod \"ad68f3a5-1ea8-44f4-914d-c55f3e9bbc85\" (UID: \"ad68f3a5-1ea8-44f4-914d-c55f3e9bbc85\") "
2025-01-28 20:42:15,805 INFO c.h.h.t.HelmChartContainer - [K3S] [reconciler_common.go:162] "operationExecutor.UnmountVolume started for volume \"kube-api-access-zqrjg\" (UniqueName: \"kubernetes.io/projected/ad68f3a5-1ea8-44f4-914d-c55f3e9bbc85-kube-api-access-zqrjg\") pod \"ad68f3a5-1ea8-44f4-914d-c55f3e9bbc85\" (UID: \"ad68f3a5-1ea8-44f4-914d-c55f3e9bbc85\") "
2025-01-28 20:42:15,805 INFO c.h.h.t.HelmChartContainer - [K3S] [reconciler_common.go:162] "operationExecutor.UnmountVolume started for volume \"consul-template-volume\" (UniqueName: \"kubernetes.io/configmap/ad68f3a5-1ea8-44f4-914d-c55f3e9bbc85-consul-template-volume\") pod \"ad68f3a5-1ea8-44f4-914d-c55f3e9bbc85\" (UID: \"ad68f3a5-1ea8-44f4-914d-c55f3e9bbc85\") "
2025-01-28 20:42:15,812 INFO c.h.h.t.HelmChartContainer - [K3S] [stateful_set.go:438] "Unhandled Error" err="error syncing StatefulSet helminitcontainerit/test-hivemq-platform, requeuing: controllerrevisions.apps \"test-hivemq-platform-6f955659\" is forbidden: unable to create new content in namespace helminitcontainerit because it is being terminated"
2025-01-28 20:42:15,826 INFO c.h.h.t.HelmChartContainer - [K3S] [stateful_set.go:438] "Unhandled Error" err="error syncing StatefulSet helminitcontainerit/test-hivemq-platform, requeuing: controllerrevisions.apps \"test-hivemq-platform-6f955659\" is forbidden: unable to create new content in namespace helminitcontainerit because it is being terminated"
2025-01-28 20:42:15,849 INFO c.h.h.t.HelmChartContainer - [K3S] [stateful_set.go:438] "Unhandled Error" err="error syncing StatefulSet helminitcontainerit/test-hivemq-platform, requeuing: controllerrevisions.apps \"test-hivemq-platform-6f955659\" is forbidden: unable to create new content in namespace helminitcontainerit because it is being terminated"
2025-01-28 20:42:15,893 INFO c.h.h.t.HelmChartContainer - [K3S] [stateful_set.go:438] "Unhandled Error" err="error syncing StatefulSet helminitcontainerit/test-hivemq-platform, requeuing: controllerrevisions.apps \"test-hivemq-platform-6f955659\" is forbidden: unable to create new content in namespace helminitcontainerit because it is being terminated"
2025-01-28 20:42:15,904 INFO c.h.h.t.HelmChartContainer - [K3S] [reconciler_common.go:299] "Volume detached for volume \"operator-init\" (UniqueName: \"kubernetes.io/empty-dir/ad68f3a5-1ea8-44f4-914d-c55f3e9bbc85-operator-init\") on node \"8e458440c762\" DevicePath \"\""
2025-01-28 20:42:15,904 INFO c.h.h.t.HelmChartContainer - [K3S] [reconciler_common.go:299] "Volume detached for volume \"license-volume\" (UniqueName: \"kubernetes.io/empty-dir/ad68f3a5-1ea8-44f4-914d-c55f3e9bbc85-license-volume\") on node \"8e458440c762\" DevicePath \"\""
2025-01-28 20:42:15,904 INFO c.h.h.t.HelmChartContainer - [K3S] [reconciler_common.go:299] "Volume detached for volume \"broker-configuration\" (UniqueName: \"kubernetes.io/configmap/ad68f3a5-1ea8-44f4-914d-c55f3e9bbc85-broker-configuration\") on node \"8e458440c762\" DevicePath \"\""
2025-01-28 20:42:15,904 INFO c.h.h.t.HelmChartContainer - [K3S] [reconciler_common.go:299] "Volume detached for volume \"pod-info\" (UniqueName: \"kubernetes.io/configmap/ad68f3a5-1ea8-44f4-914d-c55f3e9bbc85-pod-info\") on node \"8e458440c762\" DevicePath \"\""
2025-01-28 20:42:15,904 INFO c.h.h.t.HelmChartContainer - [K3S] [reconciler_common.go:299] "Volume detached for volume \"kube-api-access-zqrjg\" (UniqueName: \"kubernetes.io/projected/ad68f3a5-1ea8-44f4-914d-c55f3e9bbc85-kube-api-access-zqrjg\") on node \"8e458440c762\" DevicePath \"\""
2025-01-28 20:42:15,904 INFO c.h.h.t.HelmChartContainer - [K3S] [reconciler_common.go:299] "Volume detached for volume \"consul-template-volume\" (UniqueName: \"kubernetes.io/configmap/ad68f3a5-1ea8-44f4-914d-c55f3e9bbc85-consul-template-volume\") on node \"8e458440c762\" DevicePath \"\""
2025-01-28 20:42:15,976 INFO c.h.h.t.HelmChartContainer - [K3S] [stateful_set.go:438] "Unhandled Error" err="error syncing StatefulSet helminitcontainerit/test-hivemq-platform, requeuing: controllerrevisions.apps \"test-hivemq-platform-6f955659\" is forbidden: unable to create new content in namespace helminitcontainerit because it is being terminated"
2025-01-28 20:42:16,066 INFO c.h.h.t.HelmChartContainer - [K3S] [stateful_set.go:466] "StatefulSet has been deleted" key="helminitcontainerit/test-hivemq-platform"
2025-01-28 20:42:16,138 INFO c.h.h.t.HelmChartContainer - [K3S] [stateful_set.go:466] "StatefulSet has been deleted" key="helminitcontainerit/test-hivemq-platform"
2025-01-28 20:42:16,226 INFO c.h.h.t.HelmChartContainer - [K3S] [namespace_controller.go:164] "Unhandled Error" err="deletion of namespace helminitcontainerit failed: unexpected items still remain in namespace: helminitcontainerit for gvr: /v1, Resource=pods"
2025-01-28 20:42:16,405 INFO c.h.h.t.HelmChartContainer - [K3S] [namespace_controller.go:164] "Unhandled Error" err="deletion of namespace helminitcontainerit failed: unexpected items still remain in namespace: helminitcontainerit for gvr: /v1, Resource=pods"
2025-01-28 20:42:16,476 INFO c.h.h.t.HelmChartContainer - [K3S] [scope.go:117] "RemoveContainer" containerID="455ff0790c46ae929071a9ffad58f2ad20b426a2d5c6a5c38384ffcdf6412229"
2025-01-28 20:42:16,495 INFO c.h.h.t.HelmChartContainer - [POD] test-hivemq-platform-0 [ad68f3a5-1ea8-44f4-914d-c55f3e9bbc85] in helminitcontainerit was MODIFIED
2025-01-28 20:42:16,501 INFO c.h.h.t.HelmChartContainer - [POD] test-hivemq-platform-0 [ad68f3a5-1ea8-44f4-914d-c55f3e9bbc85] in helminitcontainerit was DELETED
2025-01-28 20:42:16,533 INFO c.h.h.t.HelmChartContainer - [K3S] [namespace_controller.go:164] "Unhandled Error" err="deletion of namespace helminitcontainerit failed: unexpected items still remain in namespace: helminitcontainerit for gvr: /v1, Resource=pods"
2025-01-28 20:42:16,604 INFO c.h.h.t.HelmChartContainer - [K3S] [scope.go:117] "RemoveContainer" containerID="8461a071a92191c382a9f56576131481cc7a604a8a6a47d60ff00a97c6712529"
2025-01-28 20:42:16,608 INFO c.h.h.t.HelmChartContainer - [K3S] [scope.go:117] "RemoveContainer" containerID="1908f3be8ab7aa0a728dfd3e7bb7bffb84a82800e4573ed693b67e0c44f0e255"
2025-01-28 20:42:16,610 INFO c.h.h.t.HelmChartContainer - [K3S] [scope.go:117] "RemoveContainer" containerID="455ff0790c46ae929071a9ffad58f2ad20b426a2d5c6a5c38384ffcdf6412229"
2025-01-28 20:42:16,611 INFO c.h.h.t.HelmChartContainer - [K3S] [scope.go:117] "RemoveContainer" containerID="8461a071a92191c382a9f56576131481cc7a604a8a6a47d60ff00a97c6712529"
2025-01-28 20:42:16,611 INFO c.h.h.t.HelmChartContainer - [K3S] [scope.go:117] "RemoveContainer" containerID="1908f3be8ab7aa0a728dfd3e7bb7bffb84a82800e4573ed693b67e0c44f0e255"
2025-01-28 20:42:16,612 INFO c.h.h.t.HelmChartContainer - [K3S] [scope.go:117] "RemoveContainer" containerID="455ff0790c46ae929071a9ffad58f2ad20b426a2d5c6a5c38384ffcdf6412229"
2025-01-28 20:42:16,613 INFO c.h.h.t.HelmChartContainer - [K3S] [scope.go:117] "RemoveContainer" containerID="8461a071a92191c382a9f56576131481cc7a604a8a6a47d60ff00a97c6712529"
2025-01-28 20:42:16,613 INFO c.h.h.t.HelmChartContainer - [K3S] [scope.go:117] "RemoveContainer" containerID="1908f3be8ab7aa0a728dfd3e7bb7bffb84a82800e4573ed693b67e0c44f0e255"
2025-01-28 20:42:16,670 INFO c.h.h.t.HelmChartContainer - Namespace 'helminitcontainerit' deleted
2025-01-28 20:42:16,670 INFO c.h.h.t.HelmChartContainer - Release 'test-hivemq-platform' in namespace 'helminitcontainerit' is uninstalled
2025-01-28 20:42:16,670 INFO c.h.h.t.HelmChartContainer - Uninstalling release 'test-hivemq-platform-operator' in namespace 'helminitcontainerit-operator'...
2025-01-28 20:42:16,670 DEBUG c.h.h.t.HelmChartContainer - Executing helm command: /bin/helm --kubeconfig /etc/rancher/k3s/k3s.yaml uninstall test-hivemq-platform-operator  --wait --timeout 5m0s --cascade foreground --namespace helminitcontainerit-operator
2025-01-28 20:42:16,858 INFO c.h.h.t.HelmChartContainer - [K3S] [replica_set.go:679] "Finished syncing" kind="ReplicaSet" key="helminitcontainerit-operator/hivemq-test-hivemq-platform-operator-6966f96d65" duration="10.594624ms"
2025-01-28 20:42:16,865 INFO c.h.h.t.HelmChartContainer - [K3S] [replica_set.go:679] "Finished syncing" kind="ReplicaSet" key="helminitcontainerit-operator/hivemq-test-hivemq-platform-operator-6966f96d65" duration="37.079µs"
2025-01-28 20:42:16,882 INFO c.h.h.t.HelmChartContainer - [POD] hivemq-test-hivemq-platform-operator-6966f96d65-6wstw [b696a002-d460-42f7-ac06-2ba637e5e4f4] in helminitcontainerit-operator was MODIFIED
2025-01-28 20:42:16,886 INFO c.h.h.t.HelmChartContainer - [K3S] [replica_set.go:679] "Finished syncing" kind="ReplicaSet" key="helminitcontainerit-operator/hivemq-test-hivemq-platform-operator-6966f96d65" duration="10.647118ms"
2025-01-28 20:42:16,887 INFO c.h.h.t.HelmChartContainer - [K3S] [replica_set.go:679] "Finished syncing" kind="ReplicaSet" key="helminitcontainerit-operator/hivemq-test-hivemq-platform-operator-6966f96d65" duration="33.102µs"
2025-01-28 20:42:16,889 INFO c.h.h.t.HelmChartContainer - [EVENT] Normal [Killing] Stopping container hivemq-platform-operator [helminitcontainerit-operator:hivemq-test-hivemq-platform-operator-6966f96d65-6wstw]
2025-01-28 20:42:16,889 INFO c.h.h.t.HelmChartContainer - Received Killing event for container hivemq-platform-operator in pod hivemq-test-hivemq-platform-operator-6966f96d65-6wstw [b696a002-d460-42f7-ac06-2ba637e5e4f4]
2025-01-28 20:42:16,889 INFO c.h.h.t.HelmChartContainer - Container [hivemq-test-hivemq-platform-operator-6966f96d65-6wstw] [hivemq-platform-operator] [b696a002-d460-42f7-ac06-2ba637e5e4f4] was terminated
2025-01-28 20:42:16,889 INFO c.h.h.t.HelmChartContainer - Stopped log watcher for hivemq-platform-operator in pod hivemq-test-hivemq-platform-operator-6966f96d65-6wstw [b696a002-d460-42f7-ac06-2ba637e5e4f4]
2025-01-28 20:42:16,972 INFO c.h.h.t.HelmChartContainer - [hivemq-test-hivemq-platform] [hivemq-platform-operator] [b696a002] 20:42:16.970 [application-shutdown-thread] INFO  c.h.p.o.HiveMQPlatformOperatorApplication - HiveMQ Platform Operator is stopping...
2025-01-28 20:42:16,972 INFO c.h.h.t.HelmChartContainer - [hivemq-test-hivemq-platform] [hivemq-platform-operator] [b696a002] 20:42:16.970 [application-shutdown-thread] INFO  i.javaoperatorsdk.operator.Operator - Operator SDK 4.9.7 is shutting down...
2025-01-28 20:42:17,560 INFO c.h.h.t.HelmChartContainer - [K3S] [replica_set.go:679] "Finished syncing" kind="ReplicaSet" key="helminitcontainerit-operator/hivemq-test-hivemq-platform-operator-6966f96d65" duration="40.296µs"
2025-01-28 20:42:17,561 INFO c.h.h.t.HelmChartContainer - [POD] hivemq-test-hivemq-platform-operator-6966f96d65-6wstw [b696a002-d460-42f7-ac06-2ba637e5e4f4] in helminitcontainerit-operator was MODIFIED
2025-01-28 20:42:17,611 INFO c.h.h.t.HelmChartContainer - [K3S] [reconciler_common.go:162] "operationExecutor.UnmountVolume started for volume \"kube-api-access-hhp84\" (UniqueName: \"kubernetes.io/projected/b696a002-d460-42f7-ac06-2ba637e5e4f4-kube-api-access-hhp84\") pod \"b696a002-d460-42f7-ac06-2ba637e5e4f4\" (UID: \"b696a002-d460-42f7-ac06-2ba637e5e4f4\") "
2025-01-28 20:42:17,711 INFO c.h.h.t.HelmChartContainer - [K3S] [reconciler_common.go:299] "Volume detached for volume \"kube-api-access-hhp84\" (UniqueName: \"kubernetes.io/projected/b696a002-d460-42f7-ac06-2ba637e5e4f4-kube-api-access-hhp84\") on node \"8e458440c762\" DevicePath \"\""
2025-01-28 20:42:18,281 INFO c.h.h.t.HelmChartContainer - [K3S] [kubelet_volumes.go:163] "Cleaned up orphaned pod volumes dir" podUID="ad68f3a5-1ea8-44f4-914d-c55f3e9bbc85" path="/var/lib/kubelet/pods/ad68f3a5-1ea8-44f4-914d-c55f3e9bbc85/volumes"
2025-01-28 20:42:18,482 INFO c.h.h.t.HelmChartContainer - [K3S] [scope.go:117] "RemoveContainer" containerID="d21410f69a01336af6547f6882c2ed9fecc2d6d8bdd9e8ec9bf7c990dfc6ba70"
2025-01-28 20:42:18,490 INFO c.h.h.t.HelmChartContainer - [K3S] [replica_set.go:679] "Finished syncing" kind="ReplicaSet" key="helminitcontainerit-operator/hivemq-test-hivemq-platform-operator-6966f96d65" duration="45.064µs"
2025-01-28 20:42:18,492 INFO c.h.h.t.HelmChartContainer - [POD] hivemq-test-hivemq-platform-operator-6966f96d65-6wstw [b696a002-d460-42f7-ac06-2ba637e5e4f4] in helminitcontainerit-operator was MODIFIED
2025-01-28 20:42:18,493 INFO c.h.h.t.HelmChartContainer - [K3S] [replica_set.go:679] "Finished syncing" kind="ReplicaSet" key="helminitcontainerit-operator/hivemq-test-hivemq-platform-operator-6966f96d65" duration="36.047µs"
2025-01-28 20:42:18,495 INFO c.h.h.t.HelmChartContainer - [POD] hivemq-test-hivemq-platform-operator-6966f96d65-6wstw [b696a002-d460-42f7-ac06-2ba637e5e4f4] in helminitcontainerit-operator was DELETED
2025-01-28 20:42:18,504 INFO c.h.h.t.HelmChartContainer - [K3S] [replica_set.go:679] "Finished syncing" kind="ReplicaSet" key="helminitcontainerit-operator/hivemq-test-hivemq-platform-operator-6966f96d65" duration="6.903µs"
2025-01-28 20:42:18,898 INFO c.h.h.t.HelmChartContainer - Deleting namespace 'helminitcontainerit-operator'...
2025-01-28 20:42:20,281 INFO c.h.h.t.HelmChartContainer - [K3S] [kubelet_volumes.go:163] "Cleaned up orphaned pod volumes dir" podUID="b696a002-d460-42f7-ac06-2ba637e5e4f4" path="/var/lib/kubelet/pods/b696a002-d460-42f7-ac06-2ba637e5e4f4/volumes"
2025-01-28 20:42:21,655 INFO c.h.h.t.HelmChartContainer - [K3S] [namespace_controller.go:187] "Namespace has been deleted" namespace="helminitcontainerit"
2025-01-28 20:42:24,116 INFO c.h.h.t.HelmChartContainer - Namespace 'helminitcontainerit-operator' deleted
2025-01-28 20:42:24,116 INFO c.h.h.t.HelmChartContainer - Release 'test-hivemq-platform-operator' in namespace 'helminitcontainerit-operator' is uninstalled
2025-01-28 20:42:24,824 INFO c.h.helmcharts.AbstractHelmChartIT - Removed unused containers:

2025-01-28 20:42:29,015 INFO c.h.h.t.HelmChartContainer - [K3S] [namespace_controller.go:187] "Namespace has been deleted" namespace="helminitcontainerit-operator"
2025-01-28 20:42:33,211 INFO c.h.helmcharts.AbstractHelmChartIT - Removed unused snapshots:
Removing snapshot sha256:03af251906410714c5aef9fa705b63f6bbc39c4a5e787de7361eeb18886c2ed2
Removing snapshot sha256:0c46b3b43cce082ce5ec34ffc6c294e0417d17b9d1e6f366d114b6aadc4f96dc
Removing snapshot sha256:0ce761beee59082d6ed5bcebd3a805b8ddd9b3426b617e4809e7fb7c6587ffec
Removing snapshot sha256:0df91287303208332c8ff6ba40ae4710105201739addbfbddfb955f1ad593664
Removing snapshot sha256:1021ef88c7974bfff89c5a0ec4fd3160daac6c48a075f74cff721f85dd104e68
Removing snapshot sha256:10aba4953ddc18145dd38e3704709bc464aa20af60b56fe52caaff4b68411e62
Removing snapshot sha256:2573e0d8158209ed54ab25c87bcdcb00bd3d2539246960a3d592a1c599d70465
Removing snapshot sha256:362a8a37f8bbc31925a8146adcf7cf51f9882f5c1dcbef67c5baa03a297543c0
Removing snapshot sha256:3fa4ad33f0ddc8fd45b39b6b4640f82a3a83619606cd975bfe89d8710ad2d4cd
Removing snapshot sha256:43a7c979bbaba6838bc3102d6b10a1459f3ab050b87ccdfef84ef90cf43d3058
Removing snapshot sha256:4ab04491cdf0d3267f08206fe30bd48f49f94b9cab2f016d6739220f722a64af
Removing snapshot sha256:4b6068250e89c96f263060261819c7d912855bfbd64b3eb4c4a8483299b8c295
Removing snapshot sha256:580e69a0a8034ede1921139bbd2bfb72a69ebf276d008281896c32dd8bf74775
Removing snapshot sha256:5a2c5491767de96088c4fcd4fddc22d7bfee323fe2e34fc7205056783b5dc099
Removing snapshot sha256:5d30ba46b27fe37484567ccc5242cadc78217b8da605f3f195ef25cbf7487904
Removing snapshot sha256:5f1df1c19f2f87fc725ef0cdaf4f43831c47e5cce7fdc062186f008bea2344fb
Removing snapshot sha256:63ca1fbb43ae5034640e5e6cb3e083e05c290072c5366fcaa9d62435a4cced85
Removing snapshot sha256:67f702c6baae873bceb19487c8b1f27bd2b86077e4f2f0e480e6d60ab508b8f5
Removing snapshot sha256:6864348dd42806d552efdec384f1274be15e2d0c10ce44c1f04347af004c10a9
Removing snapshot sha256:6c7dee8f2c39b84b7dc2711c01d33de93514d9055499173e9290176fbe484b6c
Removing snapshot sha256:82753493a6d61ded36556292f02f31841a14c20d2f279f19eaad65afb661d5cd
Removing snapshot sha256:8a10d3db42c505ee0fcfa98417bdd7e39b304f6bcc0a06bb1b220797ff2cc63c
Removing snapshot sha256:94e5f06ff8e3d4441dc3cd8b090ff38dc911bfa8ebdb0dc28395bc98f82f983f
Removing snapshot sha256:9988a364be2545559e0b245b76fe75d6e99d4ecbc0c93170f1d85c2f197aafa4
Removing snapshot sha256:9fe266bdfabb549dd4b3148560da7ce6ac593863d81fe17f9972d3ab187474ec
Removing snapshot sha256:a0904247e36a7726c03c71ee48f3e64462021c88dafeb13f37fdaf613b27f11c
Removing snapshot sha256:a21e5b12dbac529ad45d976eb9ce45c881f3bedcc500fb30aba1e52aa1813418
Removing snapshot sha256:b921e6c28969094157f9b8e7244677780319637afd14450b7cb6b2fdea558a0c
Removing snapshot sha256:bc27ecb5769a00e309cf99ebc763c4a4b958b618d1decc96ffac5bc05f02f5b7
Removing snapshot sha256:be3ccb6627a5332e309d45ef461d09b4879dd870c7394d89323d0ebc6ca6aa8a
Removing snapshot sha256:c261f7cbbc64211ee175ee47273acdb7b1a36a4450b397a064a8f2c026490095
Removing snapshot sha256:c34d9393647eea0c9e3557ab988efaf59f61d10a2a5613b439ef0958cca5ec10
Removing snapshot sha256:ccf3c4a0fa967a41c1c83497a2ce6fa5787965859df0adb32c4ca2cf7490bc2b
Removing snapshot sha256:cf92d33f869417309692088c341cd0f223c178ea78a125f757317b22aa8f90e9
Removing snapshot sha256:d0037344cf2fb078884f1849f6a1f8cf9a33a3b6139b6a85833e5ee528e1f9a8
Removing snapshot sha256:d3b36d5b79273b1e98e7700470eaeff05a882e777124d84cebcc1505b85ecb36
Removing snapshot sha256:d65a44a37914602d12c611e5e22a50f11451d847e63015cc1c2aef92dee777a4
Removing snapshot sha256:e2dc0bae2455930f23ae570e019b7f32edc75c0f2d71cab084db837ff9051796
Removing snapshot sha256:eccbd24a99c60cd9e86ee5305dbfc4a4dc89f5ab4fb1f06c8d64797cecedef34
Removing snapshot sha256:f144bb4c7c7f0d2aa7eeffd36d934ec40db1ee167be727e326aad9fdc616f475
Removing snapshot sha256:f58ddbc5c3ad005bc0f9edeef55329eafc64abbe95eb689104931886a92484f7

]]></system-out>
  </testcase>
  <testcase name="withOverrideInitContainer_hivemqRunningWithVolumeMounts()" classname="com.hivemq.helmcharts.containers.HelmInitContainerIT" time="105.693">
    <system-out><![CDATA[2025-01-28 20:42:33,219 INFO c.h.h.t.HelmChartContainer - Creating namespace 'helminitcontainerit-operator'...
2025-01-28 20:42:33,226 INFO c.h.h.t.HelmChartContainer - Namespace 'helminitcontainerit-operator' created
2025-01-28 20:42:33,226 INFO c.h.h.t.HelmChartContainer - Creating namespace 'helminitcontainerit'...
2025-01-28 20:42:33,234 INFO c.h.h.t.HelmChartContainer - Namespace 'helminitcontainerit' created
2025-01-28 20:42:33,301 DEBUG c.h.h.t.HelmChartContainer - Executing helm command: /bin/helm --kubeconfig /etc/rancher/k3s/k3s.yaml install test-hivemq-platform-operator /charts/hivemq-platform-operator --wait --timeout 5m0s --set image.repository=docker.io/hivemq --set image.name=hivemq-platform-operator-test --set image.initImageName=hivemq-platform-operator-init-test --set image.tag=snapshot --set image.pullPolicy=Never --set logLevel=DEBUG --set resources.cpu=512m --namespace helminitcontainerit-operator
2025-01-28 20:42:33,626 INFO c.h.h.t.HelmChartContainer - [K3S] [alloc.go:330] "allocated clusterIPs" service="helminitcontainerit-operator/hivemq-platform-operator-test-hivemq-platform-operator" clusterIPs={"IPv4":"10.43.41.240"}
2025-01-28 20:42:33,647 INFO c.h.h.t.HelmChartContainer - [EVENT] Normal [ScalingReplicaSet] Scaled up replica set hivemq-test-hivemq-platform-operator-6966f96d65 from 0 to 1 [helminitcontainerit-operator:hivemq-test-hivemq-platform-operator]
2025-01-28 20:42:33,651 INFO c.h.h.t.HelmChartContainer - [POD] hivemq-test-hivemq-platform-operator-6966f96d65-tf8bs [9ea7c533-3139-4385-8ebc-c052a104e3b1] in helminitcontainerit-operator was ADDED
2025-01-28 20:42:33,657 INFO c.h.h.t.HelmChartContainer - [K3S] [memory_manager.go:355] "RemoveStaleState removing state" podUID="b696a002-d460-42f7-ac06-2ba637e5e4f4" containerName="hivemq-platform-operator"
2025-01-28 20:42:33,658 INFO c.h.h.t.HelmChartContainer - [K3S] [memory_manager.go:355] "RemoveStaleState removing state" podUID="ad68f3a5-1ea8-44f4-914d-c55f3e9bbc85" containerName="consul-template-init-container"
2025-01-28 20:42:33,658 INFO c.h.h.t.HelmChartContainer - [K3S] [memory_manager.go:355] "RemoveStaleState removing state" podUID="ad68f3a5-1ea8-44f4-914d-c55f3e9bbc85" containerName="hivemq"
2025-01-28 20:42:33,658 INFO c.h.h.t.HelmChartContainer - [EVENT] Normal [SuccessfulCreate] Created pod: hivemq-test-hivemq-platform-operator-6966f96d65-tf8bs [helminitcontainerit-operator:hivemq-test-hivemq-platform-operator-6966f96d65]
2025-01-28 20:42:33,661 INFO c.h.h.t.HelmChartContainer - [POD] hivemq-test-hivemq-platform-operator-6966f96d65-tf8bs [9ea7c533-3139-4385-8ebc-c052a104e3b1] in helminitcontainerit-operator was MODIFIED
2025-01-28 20:42:33,664 INFO c.h.h.t.HelmChartContainer - [K3S] [replica_set.go:679] "Finished syncing" kind="ReplicaSet" key="helminitcontainerit-operator/hivemq-test-hivemq-platform-operator-6966f96d65" duration="24.991447ms"
2025-01-28 20:42:33,667 INFO c.h.h.t.HelmChartContainer - [EVENT] Normal [Scheduled] Successfully assigned helminitcontainerit-operator/hivemq-test-hivemq-platform-operator-6966f96d65-tf8bs to 8e458440c762 [helminitcontainerit-operator:hivemq-test-hivemq-platform-operator-6966f96d65-tf8bs]
2025-01-28 20:42:33,681 INFO c.h.h.t.HelmChartContainer - [POD] hivemq-test-hivemq-platform-operator-6966f96d65-tf8bs [9ea7c533-3139-4385-8ebc-c052a104e3b1] in helminitcontainerit-operator was MODIFIED
2025-01-28 20:42:33,682 INFO c.h.h.t.HelmChartContainer - [K3S] [replica_set.go:679] "Finished syncing" kind="ReplicaSet" key="helminitcontainerit-operator/hivemq-test-hivemq-platform-operator-6966f96d65" duration="19.047429ms"
2025-01-28 20:42:33,697 INFO c.h.h.t.HelmChartContainer - [K3S] [replica_set.go:679] "Finished syncing" kind="ReplicaSet" key="helminitcontainerit-operator/hivemq-test-hivemq-platform-operator-6966f96d65" duration="14.367475ms"
2025-01-28 20:42:33,697 INFO c.h.h.t.HelmChartContainer - [K3S] [replica_set.go:679] "Finished syncing" kind="ReplicaSet" key="helminitcontainerit-operator/hivemq-test-hivemq-platform-operator-6966f96d65" duration="37.741µs"
2025-01-28 20:42:33,704 INFO c.h.h.t.HelmChartContainer - [K3S] [reconciler_common.go:251] "operationExecutor.VerifyControllerAttachedVolume started for volume \"kube-api-access-jl4dd\" (UniqueName: \"kubernetes.io/projected/9ea7c533-3139-4385-8ebc-c052a104e3b1-kube-api-access-jl4dd\") pod \"hivemq-test-hivemq-platform-operator-6966f96d65-tf8bs\" (UID: \"9ea7c533-3139-4385-8ebc-c052a104e3b1\") " pod="helminitcontainerit-operator/hivemq-test-hivemq-platform-operator-6966f96d65-tf8bs"
2025-01-28 20:42:34,053 INFO c.h.h.t.HelmChartContainer - [EVENT] Normal [Pulled] Container image "docker.io/hivemq/hivemq-platform-operator-test:snapshot" already present on machine [helminitcontainerit-operator:hivemq-test-hivemq-platform-operator-6966f96d65-tf8bs]
2025-01-28 20:42:34,053 INFO c.h.h.t.HelmChartContainer - Received Pulled event for container hivemq-platform-operator in pod hivemq-test-hivemq-platform-operator-6966f96d65-tf8bs [9ea7c533-3139-4385-8ebc-c052a104e3b1]
2025-01-28 20:42:35,325 INFO c.h.h.t.HelmChartContainer - [EVENT] Normal [Created] Created container: hivemq-platform-operator [helminitcontainerit-operator:hivemq-test-hivemq-platform-operator-6966f96d65-tf8bs]
2025-01-28 20:42:35,325 INFO c.h.h.t.HelmChartContainer - Received Created event for container hivemq-platform-operator in pod hivemq-test-hivemq-platform-operator-6966f96d65-tf8bs [9ea7c533-3139-4385-8ebc-c052a104e3b1]
2025-01-28 20:42:35,515 INFO c.h.h.t.HelmChartContainer - [K3S] [replica_set.go:679] "Finished syncing" kind="ReplicaSet" key="helminitcontainerit-operator/hivemq-test-hivemq-platform-operator-6966f96d65" duration="41.798µs"
2025-01-28 20:42:35,519 INFO c.h.h.t.HelmChartContainer - [POD] hivemq-test-hivemq-platform-operator-6966f96d65-tf8bs [9ea7c533-3139-4385-8ebc-c052a104e3b1] in helminitcontainerit-operator was MODIFIED
2025-01-28 20:42:35,526 INFO c.h.h.t.HelmChartContainer - Started log watcher for hivemq-platform-operator in pod hivemq-test-hivemq-platform-operator-6966f96d65-tf8bs [9ea7c533-3139-4385-8ebc-c052a104e3b1]
2025-01-28 20:42:35,526 INFO c.h.h.t.HelmChartContainer - [hivemq-test-hivemq-platform] [hivemq-platform-operator] [9ea7c533] -------------------------------------------------------------------------
2025-01-28 20:42:35,526 INFO c.h.h.t.HelmChartContainer - [hivemq-test-hivemq-platform] [hivemq-platform-operator] [9ea7c533] 
2025-01-28 20:42:35,526 INFO c.h.h.t.HelmChartContainer - [hivemq-test-hivemq-platform] [hivemq-platform-operator] [9ea7c533]                   _    _  _              __  __   ____
2025-01-28 20:42:35,526 INFO c.h.h.t.HelmChartContainer - [hivemq-test-hivemq-platform] [hivemq-platform-operator] [9ea7c533]                  | |  | |(_)            |  \/  | / __ \
2025-01-28 20:42:35,526 INFO c.h.h.t.HelmChartContainer - [hivemq-test-hivemq-platform] [hivemq-platform-operator] [9ea7c533]                  | |__| | _ __   __ ___ | \  / || |  | |
2025-01-28 20:42:35,526 INFO c.h.h.t.HelmChartContainer - [hivemq-test-hivemq-platform] [hivemq-platform-operator] [9ea7c533]                  |  __  || |\ \ / // _ \| |\/| || |  | |
2025-01-28 20:42:35,526 INFO c.h.h.t.HelmChartContainer - [hivemq-test-hivemq-platform] [hivemq-platform-operator] [9ea7c533]                  | |  | || | \ V /|  __/| |  | || |__| |
2025-01-28 20:42:35,526 INFO c.h.h.t.HelmChartContainer - [hivemq-test-hivemq-platform] [hivemq-platform-operator] [9ea7c533]                  |_|  |_||_|  \_/  \___||_|  |_| \___\_\
2025-01-28 20:42:35,526 INFO c.h.h.t.HelmChartContainer - [hivemq-test-hivemq-platform] [hivemq-platform-operator] [9ea7c533] 
2025-01-28 20:42:35,526 INFO c.h.h.t.HelmChartContainer - [hivemq-test-hivemq-platform] [hivemq-platform-operator] [9ea7c533] -------------------------------------------------------------------------
2025-01-28 20:42:35,526 INFO c.h.h.t.HelmChartContainer - [hivemq-test-hivemq-platform] [hivemq-platform-operator] [9ea7c533] 
2025-01-28 20:42:35,526 INFO c.h.h.t.HelmChartContainer - [hivemq-test-hivemq-platform] [hivemq-platform-operator] [9ea7c533]   HiveMQ Platform Operator Start Script v1.0
2025-01-28 20:42:35,526 INFO c.h.h.t.HelmChartContainer - [hivemq-test-hivemq-platform] [hivemq-platform-operator] [9ea7c533] 
2025-01-28 20:42:35,526 INFO c.h.h.t.HelmChartContainer - [hivemq-test-hivemq-platform] [hivemq-platform-operator] [9ea7c533] -------------------------------------------------------------------------
2025-01-28 20:42:35,526 INFO c.h.h.t.HelmChartContainer - [hivemq-test-hivemq-platform] [hivemq-platform-operator] [9ea7c533] 
2025-01-28 20:42:35,527 INFO c.h.h.t.HelmChartContainer - [hivemq-test-hivemq-platform] [hivemq-platform-operator] [9ea7c533]   JAVA_OPTS: -XX:+UnlockExperimentalVMOptions -XX:InitialRAMPercentage=75 -XX:MaxRAMPercentage=75 -Duser.language=en -Duser.region=US
2025-01-28 20:42:35,526 INFO c.h.h.t.HelmChartContainer - [EVENT] Normal [Started] Started container hivemq-platform-operator [helminitcontainerit-operator:hivemq-test-hivemq-platform-operator-6966f96d65-tf8bs]
2025-01-28 20:42:35,527 INFO c.h.h.t.HelmChartContainer - Received Started event for container hivemq-platform-operator in pod hivemq-test-hivemq-platform-operator-6966f96d65-tf8bs [9ea7c533-3139-4385-8ebc-c052a104e3b1]
2025-01-28 20:42:35,527 INFO c.h.h.t.HelmChartContainer - [hivemq-test-hivemq-platform] [hivemq-platform-operator] [9ea7c533] 
2025-01-28 20:42:35,527 INFO c.h.h.t.HelmChartContainer - [hivemq-test-hivemq-platform] [hivemq-platform-operator] [9ea7c533]   JAVA_VERSION: 21
2025-01-28 20:42:35,527 INFO c.h.h.t.HelmChartContainer - [hivemq-test-hivemq-platform] [hivemq-platform-operator] [9ea7c533] 
2025-01-28 20:42:35,527 INFO c.h.h.t.HelmChartContainer - [hivemq-test-hivemq-platform] [hivemq-platform-operator] [9ea7c533] -------------------------------------------------------------------------
2025-01-28 20:42:35,527 INFO c.h.h.t.HelmChartContainer - [hivemq-test-hivemq-platform] [hivemq-platform-operator] [9ea7c533] 
2025-01-28 20:42:38,652 INFO c.h.h.t.HelmChartContainer - [hivemq-test-hivemq-platform] [hivemq-platform-operator] [9ea7c533] 20:42:38.649 [main] DEBUG org.jboss.logging - Logging Provider: org.jboss.logging.Slf4jLoggerProvider
2025-01-28 20:42:38,756 INFO c.h.h.t.HelmChartContainer - [hivemq-test-hivemq-platform] [hivemq-platform-operator] [9ea7c533] 20:42:38.755 [main] DEBUG io.smallrye.config - SRCFG01006: Loaded ConfigSource SysPropConfigSource with ordinal 400
2025-01-28 20:42:38,756 INFO c.h.h.t.HelmChartContainer - [hivemq-test-hivemq-platform] [hivemq-platform-operator] [9ea7c533] 20:42:38.755 [main] DEBUG io.smallrye.config - SRCFG01006: Loaded ConfigSource EnvConfigSource with ordinal 300
2025-01-28 20:42:38,756 INFO c.h.h.t.HelmChartContainer - [hivemq-test-hivemq-platform] [hivemq-platform-operator] [9ea7c533] 20:42:38.755 [main] DEBUG io.smallrye.config - SRCFG01006: Loaded ConfigSource PropertiesConfigSource[source=jar:file:///opt/hivemq-platform-operator/bin/hivemq-platform-operator.jar!/hivemq-platform-operator.properties] with ordinal 100
2025-01-28 20:42:38,756 INFO c.h.h.t.HelmChartContainer - [hivemq-test-hivemq-platform] [hivemq-platform-operator] [9ea7c533] 20:42:38.755 [main] DEBUG io.smallrye.config - SRCFG01006: Loaded ConfigSource DefaultValuesConfigSource with ordinal -2147483648
2025-01-28 20:42:38,856 INFO c.h.h.t.HelmChartContainer - [hivemq-test-hivemq-platform] [hivemq-platform-operator] [9ea7c533] 20:42:38.855 [main] DEBUG i.m.c.u.i.l.InternalLoggerFactory - Using SLF4J as the default logging framework
2025-01-28 20:42:38,989 INFO c.h.h.t.HelmChartContainer - [hivemq-test-hivemq-platform] [hivemq-platform-operator] [9ea7c533] 20:42:38.961 [main] INFO  c.h.p.o.HiveMQPlatformOperatorApplication - HiveMQ Platform Operator 1.7.0-SNAPSHOT (commit: bebf408 on branch: HEAD) built on Sun Jan 26 20:47:47 UTC 2025
2025-01-28 20:42:38,990 INFO c.h.h.t.HelmChartContainer - [hivemq-test-hivemq-platform] [hivemq-platform-operator] [9ea7c533] 20:42:38.988 [main] INFO  c.h.p.o.HiveMQPlatformOperatorApplication - HiveMQ Platform Operator is running in namespace: helminitcontainerit-operator
2025-01-28 20:42:38,991 INFO c.h.h.t.HelmChartContainer - [hivemq-test-hivemq-platform] [hivemq-platform-operator] [9ea7c533] 20:42:38.988 [main] INFO  c.h.p.o.HiveMQPlatformOperatorApplication - Watching all namespaces
2025-01-28 20:42:38,991 INFO c.h.h.t.HelmChartContainer - [hivemq-test-hivemq-platform] [hivemq-platform-operator] [9ea7c533] 20:42:38.988 [main] INFO  c.h.p.o.HiveMQPlatformOperatorApplication - Log level: DEBUG
2025-01-28 20:42:38,991 INFO c.h.h.t.HelmChartContainer - [hivemq-test-hivemq-platform] [hivemq-platform-operator] [9ea7c533] 20:42:38.988 [main] INFO  c.h.p.o.HiveMQPlatformOperatorApplication - Release name: test-hivemq-platform-operator
2025-01-28 20:42:38,991 INFO c.h.h.t.HelmChartContainer - [hivemq-test-hivemq-platform] [hivemq-platform-operator] [9ea7c533] 20:42:38.988 [main] INFO  c.h.p.o.HiveMQPlatformOperatorApplication - HiveMQ Platform Operator Init image: docker.io/hivemq/hivemq-platform-operator-init-test:snapshot
2025-01-28 20:42:38,991 INFO c.h.h.t.HelmChartContainer - [hivemq-test-hivemq-platform] [hivemq-platform-operator] [9ea7c533] 20:42:38.988 [main] INFO  c.h.p.o.HiveMQPlatformOperatorApplication - HiveMQ Platform Operator Init App update URL: http://hivemq-platform-operator-test-hivemq-platform-operator.helminitcontainerit-operator.svc:8080/initAppUpdate/hivemq-platform-operator-init-app-1.7.0-SNAPSHOT.jar
2025-01-28 20:42:38,991 INFO c.h.h.t.HelmChartContainer - [hivemq-test-hivemq-platform] [hivemq-platform-operator] [9ea7c533] 20:42:38.988 [main] INFO  c.h.p.o.HiveMQPlatformOperatorApplication - Additional imagePullSecret for all Platform deployments: none
2025-01-28 20:42:38,991 INFO c.h.h.t.HelmChartContainer - [hivemq-test-hivemq-platform] [hivemq-platform-operator] [9ea7c533] 20:42:38.988 [main] INFO  c.h.p.o.HiveMQPlatformOperatorApplication - Apply HiveMQ Platform CRD: true
2025-01-28 20:42:38,991 INFO c.h.h.t.HelmChartContainer - [hivemq-test-hivemq-platform] [hivemq-platform-operator] [9ea7c533] 20:42:38.988 [main] INFO  c.h.p.o.HiveMQPlatformOperatorApplication - Create Platform ServiceAccount: true
2025-01-28 20:42:38,991 INFO c.h.h.t.HelmChartContainer - [hivemq-test-hivemq-platform] [hivemq-platform-operator] [9ea7c533] 20:42:38.988 [main] INFO  c.h.p.o.HiveMQPlatformOperatorApplication - Create Platform ServiceAccount permissions: true
2025-01-28 20:42:38,991 INFO c.h.h.t.HelmChartContainer - [hivemq-test-hivemq-platform] [hivemq-platform-operator] [9ea7c533] 20:42:38.988 [main] INFO  c.h.p.o.HiveMQPlatformOperatorApplication - Validate Platform ServiceAccount: true
2025-01-28 20:42:38,991 INFO c.h.h.t.HelmChartContainer - [hivemq-test-hivemq-platform] [hivemq-platform-operator] [9ea7c533] 20:42:38.988 [main] INFO  c.h.p.o.HiveMQPlatformOperatorApplication - Validate Platform ServiceAccount permissions: true
2025-01-28 20:42:39,151 INFO c.h.h.t.HelmChartContainer - [hivemq-test-hivemq-platform] [hivemq-platform-operator] [9ea7c533] 20:42:39.150 [main] INFO  c.h.platform.operator.util.CRDUtil - Verifying deployed HiveMQ Platform CRD...
2025-01-28 20:42:41,588 INFO c.h.h.t.HelmChartContainer - [hivemq-test-hivemq-platform] [hivemq-platform-operator] [9ea7c533] 20:42:41.587 [main] DEBUG c.h.platform.operator.util.CRDUtil - HiveMQ Platform CRD version v1 is up to date
2025-01-28 20:42:41,589 INFO c.h.h.t.HelmChartContainer - [hivemq-test-hivemq-platform] [hivemq-platform-operator] [9ea7c533] 20:42:41.587 [main] INFO  c.h.platform.operator.util.CRDUtil - HiveMQ Platform CRD is up to date (version: V1_6_0)
2025-01-28 20:42:41,589 INFO c.h.h.t.HelmChartContainer - [hivemq-test-hivemq-platform] [hivemq-platform-operator] [9ea7c533] 20:42:41.587 [main] INFO  c.h.platform.operator.util.CRDUtil - Waiting 10000 ms for HiveMQ Platform CRD 'hivemq-platforms.hivemq.com' to become ready...
2025-01-28 20:42:41,955 INFO c.h.h.t.HelmChartContainer - [hivemq-test-hivemq-platform] [hivemq-platform-operator] [9ea7c533] 20:42:41.953 [vert.x-eventloop-thread-1] DEBUG c.h.platform.operator.util.CRDUtil - Checking CRD condition 'NamesAccepted' (status: 'True')
2025-01-28 20:42:41,956 INFO c.h.h.t.HelmChartContainer - [hivemq-test-hivemq-platform] [hivemq-platform-operator] [9ea7c533] 20:42:41.953 [vert.x-eventloop-thread-1] DEBUG c.h.platform.operator.util.CRDUtil - Checking CRD condition 'Established' (status: 'True')
2025-01-28 20:42:41,956 INFO c.h.h.t.HelmChartContainer - [hivemq-test-hivemq-platform] [hivemq-platform-operator] [9ea7c533] 20:42:41.954 [main] INFO  c.h.platform.operator.util.CRDUtil - HiveMQ Platform CRD 'hivemq-platforms.hivemq.com' is ready
2025-01-28 20:42:42,087 INFO c.h.h.t.HelmChartContainer - [hivemq-test-hivemq-platform] [hivemq-platform-operator] [9ea7c533] 20:42:42.086 [main] INFO  c.h.p.o.HiveMQPlatformReconciler - HiveMQ Platform Operator is starting...
2025-01-28 20:42:42,189 INFO c.h.h.t.HelmChartContainer - [hivemq-test-hivemq-platform] [hivemq-platform-operator] [9ea7c533] 20:42:42.188 [main] WARN  Default ConfigurationService implementation - Configuration for reconciler 'hivemq-controller' was not found. Known reconcilers: None.
2025-01-28 20:42:42,254 INFO c.h.h.t.HelmChartContainer - [hivemq-test-hivemq-platform] [hivemq-platform-operator] [9ea7c533] 20:42:42.253 [main] INFO  Default ConfigurationService implementation - Created configuration for reconciler com.hivemq.platform.operator.HiveMQPlatformReconciler with name hivemq-controller
2025-01-28 20:42:42,357 INFO c.h.h.t.HelmChartContainer - [hivemq-test-hivemq-platform] [hivemq-platform-operator] [9ea7c533] 20:42:42.356 [main] DEBUG c.h.p.o.HiveMQPlatformReconciler - HiveMQ Platform Operator is preparing EventSources
2025-01-28 20:42:42,368 INFO c.h.h.t.HelmChartContainer - [hivemq-test-hivemq-platform] [hivemq-platform-operator] [9ea7c533] 20:42:42.367 [main] INFO  i.javaoperatorsdk.operator.Operator - Registered reconciler: 'hivemq-controller' for resource: 'class com.hivemq.platform.operator.v1.HiveMQPlatform' for namespace(s): [all namespaces]
2025-01-28 20:42:42,952 INFO c.h.h.t.HelmChartContainer - [hivemq-test-hivemq-platform] [hivemq-platform-operator] [9ea7c533] 20:42:42.951 [main] INFO  c.h.p.operator.webserver.JettyServer - Starting Jetty server on port 8080
2025-01-28 20:42:42,991 INFO c.h.h.t.HelmChartContainer - [hivemq-test-hivemq-platform] [hivemq-platform-operator] [9ea7c533] 20:42:42.991 [main] INFO  i.javaoperatorsdk.operator.Operator - Operator SDK 4.9.7 (commit: 2133d28) built on Wed Nov 20 12:56:20 UTC 2024 starting...
2025-01-28 20:42:42,992 INFO c.h.h.t.HelmChartContainer - [hivemq-test-hivemq-platform] [hivemq-platform-operator] [9ea7c533] 20:42:42.991 [main] INFO  i.javaoperatorsdk.operator.Operator - Client version: 6.13.4
2025-01-28 20:42:43,050 INFO c.h.h.t.HelmChartContainer - [hivemq-test-hivemq-platform] [hivemq-platform-operator] [9ea7c533] 20:42:43.049 [Controller Starter for: hivemq-controller] INFO  i.j.operator.processing.Controller - Starting 'hivemq-controller' controller for reconciler: com.hivemq.platform.operator.HiveMQPlatformReconciler, resource: com.hivemq.platform.operator.v1.HiveMQPlatform
2025-01-28 20:42:45,590 INFO c.h.h.t.HelmChartContainer - [hivemq-test-hivemq-platform] [hivemq-platform-operator] [9ea7c533] 20:42:45.588 [Controller Starter for: hivemq-controller] INFO  i.j.operator.processing.Controller - 'hivemq-controller' controller started
2025-01-28 20:42:45,591 INFO c.h.h.t.HelmChartContainer - [hivemq-test-hivemq-platform] [hivemq-platform-operator] [9ea7c533] 20:42:45.589 [main] INFO  c.h.p.o.HiveMQPlatformOperatorApplication - HiveMQ Platform Operator 1.7.0-SNAPSHOT started in 6627 ms
2025-01-28 20:42:46,523 INFO c.h.h.t.HelmChartContainer - [POD] hivemq-test-hivemq-platform-operator-6966f96d65-tf8bs [9ea7c533-3139-4385-8ebc-c052a104e3b1] in helminitcontainerit-operator was MODIFIED
2025-01-28 20:42:46,529 INFO c.h.h.t.HelmChartContainer - [K3S] [replica_set.go:679] "Finished syncing" kind="ReplicaSet" key="helminitcontainerit-operator/hivemq-test-hivemq-platform-operator-6966f96d65" duration="8.447941ms"
2025-01-28 20:42:46,529 INFO c.h.h.t.HelmChartContainer - [K3S] [replica_set.go:679] "Finished syncing" kind="ReplicaSet" key="helminitcontainerit-operator/hivemq-test-hivemq-platform-operator-6966f96d65" duration="47.418µs"
2025-01-28 20:42:47,754 DEBUG c.h.h.t.HelmChartContainer - Executing helm command: /bin/helm --kubeconfig /etc/rancher/k3s/k3s.yaml install test-hivemq-platform /charts/hivemq-platform --wait --timeout 5m0s --set image.repository=docker.io/hivemq --set image.tag=4.36.0 --set image.pullPolicy=Never --set nodes.resources.cpu=512m --set-file config.overrideInitContainers=/files/init-containers-spec.yaml -f /files/init-container-additional-volumes-values.yaml --namespace helminitcontainerit
2025-01-28 20:42:47,984 INFO c.h.h.t.HelmChartContainer - [hivemq-test-hivemq-platform] [hivemq-platform-operator] [9ea7c533] 20:42:47.982 [-373097727-pool-1-thread-3] WARN  i.m.p.PrometheusMeterRegistry - The meter (MeterId{name='operator.sdk.events.received', tags=[tag(action=ADDED),tag(event=ResourceEvent),tag(group=hivemq.com),tag(kind=HiveMQPlatform),tag(name=test-hivemq-platform),tag(namespace=helminitcontainerit),tag(scope=namespace),tag(version=v1)]}) registration has failed: Prometheus requires that all meters with the same name have the same set of tag keys. There is already an existing meter named 'operator.sdk.events.received' containing tag keys [event, group, kind, name, namespace, scope, version]. The meter you are attempting to register has keys [action, event, group, kind, name, namespace, scope, version]. Note that subsequent logs will be logged at debug level.
2025-01-28 20:42:48,462 INFO c.h.h.t.HelmChartContainer - [hivemq-test-hivemq-platform] [hivemq-platform-operator] [9ea7c533] 20:42:48.458 [pool-6-thread-3] DEBUG c.h.p.o.dependants.PodInfoConfigMap - [helminit] Desired PodInfo ConfigMap (1 extensions) (1 enabled)
2025-01-28 20:42:48,462 INFO c.h.h.t.HelmChartContainer - [hivemq-test-hivemq-platform] [hivemq-platform-operator] [9ea7c533] 20:42:48.459 [pool-6-thread-3] DEBUG c.h.p.o.dependants.PodInfoConfigMap - [helminit] Desired PodInfo ConfigMap (metrics port: 9399) (metrics path: /)
2025-01-28 20:42:48,462 INFO c.h.h.t.HelmChartContainer - [hivemq-test-hivemq-platform] [hivemq-platform-operator] [9ea7c533] 20:42:48.459 [pool-6-thread-3] DEBUG c.h.p.o.dependants.PodInfoConfigMap - [helminit] Desired PodInfo ConfigMap (extension state hash: -1817474005)
2025-01-28 20:42:48,462 INFO c.h.h.t.HelmChartContainer - [hivemq-test-hivemq-platform] [hivemq-platform-operator] [9ea7c533] 20:42:48.461 [pool-6-thread-3] DEBUG c.h.p.o.dependants.PodInfoConfigMap - [helminit] Create PodInfo ConfigMap
2025-01-28 20:42:48,563 INFO c.h.h.t.HelmChartContainer - [hivemq-test-hivemq-platform] [hivemq-platform-operator] [9ea7c533] 20:42:48.561 [pool-6-thread-5] DEBUG c.h.p.o.dependants.PodRoleResource - [helminit] Create Role: Role(apiVersion=rbac.authorization.k8s.io/v1, kind=Role, metadata=ObjectMeta(annotations={meta.helm.sh/release-name=test-hivemq-platform, meta.helm.sh/release-namespace=helminitcontainerit}, creationTimestamp=null, deletionGracePeriodSeconds=null, deletionTimestamp=null, finalizers=[], generateName=null, generation=null, labels={helm.sh/chart=hivemq-platform-0.2.32, app.kubernetes.io/managed-by=Helm, app.kubernetes.io/name=hivemq-platform, hivemq-platform=test-hivemq-platform, app.kubernetes.io/instance=test-hivemq-platform, app.kubernetes.io/version=4.36.0}, managedFields=[], name=hivemq-platform-role-test-hivemq-platform, namespace=helminitcontainerit, ownerReferences=[OwnerReference(apiVersion=hivemq.com/v1, blockOwnerDeletion=null, controller=null, kind=HiveMQPlatform, name=test-hivemq-platform, uid=fcda27db-bc7a-4f1b-af23-9b6e254e53d7, additionalProperties={})], resourceVersion=null, selfLink=null, uid=null, additionalProperties={}), rules=[PolicyRule(apiGroups=[], nonResourceURLs=[], resourceNames=[], resources=[pods], verbs=[get, patch, update], additionalProperties={})], additionalProperties={})
2025-01-28 20:42:48,667 INFO c.h.h.t.HelmChartContainer - [hivemq-test-hivemq-platform] [hivemq-platform-operator] [9ea7c533] 20:42:48.666 [pool-6-thread-7] DEBUG c.h.p.o.d.PodServiceAccountResource - [helminit] Desired PodServiceAccountResource (serviceAccountName: hivemq-platform-pod-test-hivemq-platform)
2025-01-28 20:42:48,668 INFO c.h.h.t.HelmChartContainer - [hivemq-test-hivemq-platform] [hivemq-platform-operator] [9ea7c533] 20:42:48.666 [pool-6-thread-7] DEBUG c.h.p.o.d.PodServiceAccountResource - [helminit] Create ServiceAccount 'hivemq-platform-pod-test-hivemq-platform'
2025-01-28 20:42:48,858 INFO c.h.h.t.HelmChartContainer - [hivemq-test-hivemq-platform] [hivemq-platform-operator] [9ea7c533] 20:42:48.857 [pool-6-thread-10] DEBUG c.h.p.o.d.PodRoleBindingResource - [helminit] Create RoleBinding: RoleBinding(apiVersion=rbac.authorization.k8s.io/v1, kind=RoleBinding, metadata=ObjectMeta(annotations={meta.helm.sh/release-name=test-hivemq-platform, meta.helm.sh/release-namespace=helminitcontainerit}, creationTimestamp=null, deletionGracePeriodSeconds=null, deletionTimestamp=null, finalizers=[], generateName=null, generation=null, labels={helm.sh/chart=hivemq-platform-0.2.32, app.kubernetes.io/managed-by=Helm, app.kubernetes.io/name=hivemq-platform, hivemq-platform=test-hivemq-platform, app.kubernetes.io/instance=test-hivemq-platform, app.kubernetes.io/version=4.36.0}, managedFields=[], name=hivemq-platform-role-binding-test-hivemq-platform, namespace=helminitcontainerit, ownerReferences=[OwnerReference(apiVersion=hivemq.com/v1, blockOwnerDeletion=null, controller=null, kind=HiveMQPlatform, name=test-hivemq-platform, uid=fcda27db-bc7a-4f1b-af23-9b6e254e53d7, additionalProperties={})], resourceVersion=null, selfLink=null, uid=null, additionalProperties={}), roleRef=RoleRef(apiGroup=rbac.authorization.k8s.io, kind=Role, name=hivemq-platform-role-test-hivemq-platform, additionalProperties={}), subjects=[Subject(apiGroup=null, kind=ServiceAccount, name=hivemq-platform-pod-test-hivemq-platform, namespace=helminitcontainerit, additionalProperties={})], additionalProperties={})
2025-01-28 20:42:48,951 INFO c.h.h.t.HelmChartContainer - [hivemq-test-hivemq-platform] [hivemq-platform-operator] [9ea7c533] 20:42:48.950 [ReconcilerExecutor-hivemq-controller-52] INFO  c.h.p.o.HiveMQPlatformReconciler - [helminit] Reconciling HiveMQ Platform 'test-hivemq-platform' in namespace 'helminitcontainerit'
2025-01-28 20:42:48,951 INFO c.h.h.t.HelmChartContainer - [hivemq-test-hivemq-platform] [hivemq-platform-operator] [9ea7c533] 20:42:48.950 [ReconcilerExecutor-hivemq-controller-52] DEBUG c.h.p.o.HiveMQPlatformReconciler - [helminit] Custom Resource Status CREATED - HiveMQ Platform was created (READY)
2025-01-28 20:42:48,951 INFO c.h.h.t.HelmChartContainer - [hivemq-test-hivemq-platform] [hivemq-platform-operator] [9ea7c533] 20:42:48.950 [ReconcilerExecutor-hivemq-controller-52] DEBUG c.h.p.o.HiveMQPlatformReconciler - [helminit] Custom Resource Spec (replicas: 1) (extensions: 1)
2025-01-28 20:42:48,957 INFO c.h.h.t.HelmChartContainer - [hivemq-test-hivemq-platform] [hivemq-platform-operator] [9ea7c533] 20:42:48.954 [ReconcilerExecutor-hivemq-controller-52] INFO  c.h.p.o.h.HiveMQPlatformReconcilerBaseHandler - [helminit] HiveMQ Platform is starting
2025-01-28 20:42:49,055 INFO c.h.h.t.HelmChartContainer - [hivemq-test-hivemq-platform] [hivemq-platform-operator] [9ea7c533] 20:42:49.055 [ReconcilerExecutor-hivemq-controller-52] DEBUG c.h.p.operator.event.EventSender - [helminit] Creating K8s event hivemq-platform-starting: [Start] HiveMQ Platform is starting
2025-01-28 20:42:49,064 INFO c.h.h.t.HelmChartContainer - [EVENT] Normal [Start] HiveMQ Platform is starting [helminitcontainerit:test-hivemq-platform]
2025-01-28 20:42:49,067 INFO c.h.h.t.HelmChartContainer - [hivemq-test-hivemq-platform] [hivemq-platform-operator] [9ea7c533] 20:42:49.066 [ReconcilerExecutor-hivemq-controller-52] INFO  c.h.p.o.h.AbstractHiveMQReconcilerStateHandler - [helminit] Update HiveMQ Platform Status (CREATED [READY] -> STARTING [READY]): HiveMQ Platform is starting
2025-01-28 20:42:49,162 DEBUG com.hivemq.helmcharts.util.K8sUtil - Comparing actual state 'STARTING' and waiting for 'RUNNING'
2025-01-28 20:42:59,178 INFO c.h.h.t.HelmChartContainer - [hivemq-test-hivemq-platform] [hivemq-platform-operator] [9ea7c533] 20:42:59.173 [pool-6-thread-12] DEBUG c.h.p.o.d.PlatformServiceResource - [helminit] Desired Platform services (3 services)
2025-01-28 20:42:59,178 INFO c.h.h.t.HelmChartContainer - [hivemq-test-hivemq-platform] [hivemq-platform-operator] [9ea7c533] 20:42:59.175 [pool-6-thread-17] DEBUG c.h.p.o.d.PodServiceAccountResource - [helminit] Desired PodServiceAccountResource (serviceAccountName: hivemq-platform-pod-test-hivemq-platform)
2025-01-28 20:42:59,179 INFO c.h.h.t.HelmChartContainer - [hivemq-test-hivemq-platform] [hivemq-platform-operator] [9ea7c533] 20:42:59.176 [pool-6-thread-13] DEBUG c.h.p.o.dependants.PodInfoConfigMap - [helminit] Desired PodInfo ConfigMap (1 extensions) (1 enabled)
2025-01-28 20:42:59,179 INFO c.h.h.t.HelmChartContainer - [hivemq-test-hivemq-platform] [hivemq-platform-operator] [9ea7c533] 20:42:59.176 [pool-6-thread-13] DEBUG c.h.p.o.dependants.PodInfoConfigMap - [helminit] Desired PodInfo ConfigMap (metrics port: 9399) (metrics path: /)
2025-01-28 20:42:59,179 INFO c.h.h.t.HelmChartContainer - [hivemq-test-hivemq-platform] [hivemq-platform-operator] [9ea7c533] 20:42:59.177 [pool-6-thread-13] DEBUG c.h.p.o.dependants.PodInfoConfigMap - [helminit] Desired PodInfo ConfigMap (extension state hash: -1817474005)
2025-01-28 20:42:59,255 INFO c.h.h.t.HelmChartContainer - [hivemq-test-hivemq-platform] [hivemq-platform-operator] [9ea7c533] 20:42:59.253 [pool-6-thread-13] DEBUG c.h.p.o.dependants.PodInfoConfigMap - [helminit] Update PodInfo ConfigMap
2025-01-28 20:42:59,264 INFO c.h.h.t.HelmChartContainer - [K3S] [alloc.go:330] "allocated clusterIPs" service="helminitcontainerit/hivemq-test-hivemq-platform-cc-8080" clusterIPs={"IPv4":"10.43.87.202"}
2025-01-28 20:42:59,357 INFO c.h.h.t.HelmChartContainer - [K3S] [alloc.go:330] "allocated clusterIPs" service="helminitcontainerit/hivemq-test-hivemq-platform-metrics-9399" clusterIPs={"IPv4":"10.43.98.53"}
2025-01-28 20:42:59,370 INFO c.h.h.t.HelmChartContainer - [K3S] [alloc.go:330] "allocated clusterIPs" service="helminitcontainerit/hivemq-test-hivemq-platform-mqtt-1883" clusterIPs={"IPv4":"10.43.216.92"}
2025-01-28 20:42:59,452 INFO c.h.h.t.HelmChartContainer - [hivemq-test-hivemq-platform] [hivemq-platform-operator] [9ea7c533] 20:42:59.451 [pool-6-thread-20] DEBUG c.h.p.o.d.StatefulSetResource - [helminit] Desired StatefulSet (1 replicas) for status STARTING (READY)
2025-01-28 20:42:59,465 INFO c.h.h.t.HelmChartContainer - [hivemq-test-hivemq-platform] [hivemq-platform-operator] [9ea7c533] 20:42:59.464 [pool-6-thread-20] DEBUG c.h.p.o.d.StatefulSetResource - [helminit] Create StatefulSet
2025-01-28 20:42:59,570 INFO c.h.h.t.HelmChartContainer - [POD] test-hivemq-platform-0 [5977e263-4638-443a-989e-d4bf1ffba567] in helminitcontainerit was ADDED
2025-01-28 20:42:59,572 INFO c.h.h.t.HelmChartContainer - [hivemq-test-hivemq-platform] [hivemq-platform-operator] [9ea7c533] 20:42:59.570 [ReconcilerExecutor-hivemq-controller-63] INFO  c.h.p.o.HiveMQPlatformReconciler - [helminit] Reconciling HiveMQ Platform 'test-hivemq-platform' in namespace 'helminitcontainerit'
2025-01-28 20:42:59,574 INFO c.h.h.t.HelmChartContainer - [EVENT] Normal [SuccessfulCreate] create Pod test-hivemq-platform-0 in StatefulSet test-hivemq-platform successful [helminitcontainerit:test-hivemq-platform]
2025-01-28 20:42:59,574 INFO c.h.h.t.HelmChartContainer - [hivemq-test-hivemq-platform] [hivemq-platform-operator] [9ea7c533] 20:42:59.570 [ReconcilerExecutor-hivemq-controller-63] DEBUG c.h.p.o.HiveMQPlatformReconciler - [helminit] Custom Resource Status STARTING - HiveMQ Platform is starting (READY)
2025-01-28 20:42:59,575 INFO c.h.h.t.HelmChartContainer - [hivemq-test-hivemq-platform] [hivemq-platform-operator] [9ea7c533] 20:42:59.571 [ReconcilerExecutor-hivemq-controller-63] DEBUG c.h.p.o.HiveMQPlatformReconciler - [helminit] Custom Resource Spec (replicas: 1) (extensions: 1)
2025-01-28 20:42:59,579 INFO c.h.h.t.HelmChartContainer - [EVENT] Normal [Scheduled] Successfully assigned helminitcontainerit/test-hivemq-platform-0 to 8e458440c762 [helminitcontainerit:test-hivemq-platform-0]
2025-01-28 20:42:59,579 INFO c.h.h.t.HelmChartContainer - [POD] test-hivemq-platform-0 [5977e263-4638-443a-989e-d4bf1ffba567] in helminitcontainerit was MODIFIED
2025-01-28 20:42:59,588 INFO c.h.h.t.HelmChartContainer - [POD] test-hivemq-platform-0 [5977e263-4638-443a-989e-d4bf1ffba567] in helminitcontainerit was MODIFIED
2025-01-28 20:42:59,650 INFO c.h.h.t.HelmChartContainer - [K3S] [reconciler_common.go:251] "operationExecutor.VerifyControllerAttachedVolume started for volume \"init-container-volume\" (UniqueName: \"kubernetes.io/empty-dir/5977e263-4638-443a-989e-d4bf1ffba567-init-container-volume\") pod \"test-hivemq-platform-0\" (UID: \"5977e263-4638-443a-989e-d4bf1ffba567\") " pod="helminitcontainerit/test-hivemq-platform-0"
2025-01-28 20:42:59,650 INFO c.h.h.t.HelmChartContainer - [K3S] [reconciler_common.go:251] "operationExecutor.VerifyControllerAttachedVolume started for volume \"operator-init\" (UniqueName: \"kubernetes.io/empty-dir/5977e263-4638-443a-989e-d4bf1ffba567-operator-init\") pod \"test-hivemq-platform-0\" (UID: \"5977e263-4638-443a-989e-d4bf1ffba567\") " pod="helminitcontainerit/test-hivemq-platform-0"
2025-01-28 20:42:59,650 INFO c.h.h.t.HelmChartContainer - [K3S] [reconciler_common.go:251] "operationExecutor.VerifyControllerAttachedVolume started for volume \"broker-configuration\" (UniqueName: \"kubernetes.io/configmap/5977e263-4638-443a-989e-d4bf1ffba567-broker-configuration\") pod \"test-hivemq-platform-0\" (UID: \"5977e263-4638-443a-989e-d4bf1ffba567\") " pod="helminitcontainerit/test-hivemq-platform-0"
2025-01-28 20:42:59,650 INFO c.h.h.t.HelmChartContainer - [K3S] [reconciler_common.go:251] "operationExecutor.VerifyControllerAttachedVolume started for volume \"pod-info\" (UniqueName: \"kubernetes.io/configmap/5977e263-4638-443a-989e-d4bf1ffba567-pod-info\") pod \"test-hivemq-platform-0\" (UID: \"5977e263-4638-443a-989e-d4bf1ffba567\") " pod="helminitcontainerit/test-hivemq-platform-0"
2025-01-28 20:42:59,650 INFO c.h.h.t.HelmChartContainer - [K3S] [reconciler_common.go:251] "operationExecutor.VerifyControllerAttachedVolume started for volume \"kube-api-access-4k2kh\" (UniqueName: \"kubernetes.io/projected/5977e263-4638-443a-989e-d4bf1ffba567-kube-api-access-4k2kh\") pod \"test-hivemq-platform-0\" (UID: \"5977e263-4638-443a-989e-d4bf1ffba567\") " pod="helminitcontainerit/test-hivemq-platform-0"
2025-01-28 20:42:59,654 INFO c.h.h.t.HelmChartContainer - [hivemq-test-hivemq-platform] [hivemq-platform-operator] [9ea7c533] 20:42:59.652 [ReconcilerExecutor-hivemq-controller-63] DEBUG c.h.p.o.HiveMQPlatformReconciler - [helminit] StatefulSet Status (revision: null, replicas: 0, available: 0, ready: 0, current: 0, updated: 0)
2025-01-28 20:42:59,654 INFO c.h.h.t.HelmChartContainer - [hivemq-test-hivemq-platform] [hivemq-platform-operator] [9ea7c533] 20:42:59.652 [ReconcilerExecutor-hivemq-controller-63] DEBUG c.h.p.o.HiveMQPlatformReconciler - [helminit] StatefulSet Spec (replicas: 1, init containers: 2, containers: 1, volumes: 4)
2025-01-28 20:42:59,666 INFO c.h.h.t.HelmChartContainer - [hivemq-test-hivemq-platform] [hivemq-platform-operator] [9ea7c533] 20:42:59.666 [ReconcilerExecutor-hivemq-controller-63] DEBUG c.h.p.o.h.HiveMQPlatformReconcilerErrorHandler - [helminit] Pod 'test-hivemq-platform-0' phase Pending
2025-01-28 20:42:59,667 INFO c.h.h.t.HelmChartContainer - [hivemq-test-hivemq-platform] [hivemq-platform-operator] [9ea7c533] 20:42:59.667 [ReconcilerExecutor-hivemq-controller-63] DEBUG c.h.p.o.h.HiveMQPlatformReconcilerErrorHandler - [helminit] Pod 'test-hivemq-platform-0' condition 'PodReadyToStartContainers': False
2025-01-28 20:42:59,668 INFO c.h.h.t.HelmChartContainer - [hivemq-test-hivemq-platform] [hivemq-platform-operator] [9ea7c533] 20:42:59.667 [ReconcilerExecutor-hivemq-controller-63] DEBUG c.h.p.o.h.HiveMQPlatformReconcilerErrorHandler - [helminit] Pod 'test-hivemq-platform-0' condition 'Initialized': False
2025-01-28 20:42:59,668 INFO c.h.h.t.HelmChartContainer - [hivemq-test-hivemq-platform] [hivemq-platform-operator] [9ea7c533] 20:42:59.667 [ReconcilerExecutor-hivemq-controller-63] DEBUG c.h.p.o.h.HiveMQPlatformReconcilerErrorHandler - [helminit] Pod 'test-hivemq-platform-0' condition 'Ready': False
2025-01-28 20:42:59,668 INFO c.h.h.t.HelmChartContainer - [hivemq-test-hivemq-platform] [hivemq-platform-operator] [9ea7c533] 20:42:59.667 [ReconcilerExecutor-hivemq-controller-63] DEBUG c.h.p.o.h.HiveMQPlatformReconcilerErrorHandler - [helminit] Pod 'test-hivemq-platform-0' condition 'ContainersReady': False
2025-01-28 20:42:59,668 INFO c.h.h.t.HelmChartContainer - [hivemq-test-hivemq-platform] [hivemq-platform-operator] [9ea7c533] 20:42:59.667 [ReconcilerExecutor-hivemq-controller-63] DEBUG c.h.p.o.h.HiveMQPlatformReconcilerErrorHandler - [helminit] Pod 'test-hivemq-platform-0' condition 'PodScheduled': True
2025-01-28 20:42:59,669 INFO c.h.h.t.HelmChartContainer - [hivemq-test-hivemq-platform] [hivemq-platform-operator] [9ea7c533] 20:42:59.667 [ReconcilerExecutor-hivemq-controller-63] DEBUG c.h.p.o.h.HiveMQPlatformReconcilerErrorHandler - [helminit] Pod 'test-hivemq-platform-0' containerStatus 'hivemq' (started: false) (ready: false) (waiting: [PodInitializing] null)
2025-01-28 20:42:59,754 INFO c.h.h.t.HelmChartContainer - [hivemq-test-hivemq-platform] [hivemq-platform-operator] [9ea7c533] 20:42:59.750 [ReconcilerExecutor-hivemq-controller-63] INFO  c.h.p.o.h.HiveMQPlatformReconcilerBaseHandler - [helminit] HiveMQ Platform is starting, 0 of 1 replicas are ready
2025-01-28 20:42:59,756 INFO c.h.h.t.HelmChartContainer - [hivemq-test-hivemq-platform] [hivemq-platform-operator] [9ea7c533] 20:42:59.755 [pool-6-thread-22] DEBUG c.h.p.o.d.PlatformServiceResource - [helminit] Desired Platform services (3 services)
2025-01-28 20:42:59,758 INFO c.h.h.t.HelmChartContainer - [hivemq-test-hivemq-platform] [hivemq-platform-operator] [9ea7c533] 20:42:59.757 [pool-6-thread-23] DEBUG c.h.p.o.dependants.PodInfoConfigMap - [helminit] Desired PodInfo ConfigMap (1 extensions) (1 enabled)
2025-01-28 20:42:59,759 INFO c.h.h.t.HelmChartContainer - [hivemq-test-hivemq-platform] [hivemq-platform-operator] [9ea7c533] 20:42:59.757 [pool-6-thread-23] DEBUG c.h.p.o.dependants.PodInfoConfigMap - [helminit] Desired PodInfo ConfigMap (metrics port: 9399) (metrics path: /)
2025-01-28 20:42:59,759 INFO c.h.h.t.HelmChartContainer - [hivemq-test-hivemq-platform] [hivemq-platform-operator] [9ea7c533] 20:42:59.757 [pool-6-thread-23] DEBUG c.h.p.o.dependants.PodInfoConfigMap - [helminit] Desired PodInfo ConfigMap (extension state hash: -1817474005)
2025-01-28 20:42:59,763 INFO c.h.h.t.HelmChartContainer - [hivemq-test-hivemq-platform] [hivemq-platform-operator] [9ea7c533] 20:42:59.762 [pool-6-thread-27] DEBUG c.h.p.o.d.PodServiceAccountResource - [helminit] Desired PodServiceAccountResource (serviceAccountName: hivemq-platform-pod-test-hivemq-platform)
2025-01-28 20:42:59,854 INFO c.h.h.t.HelmChartContainer - [hivemq-test-hivemq-platform] [hivemq-platform-operator] [9ea7c533] 20:42:59.853 [pool-6-thread-30] DEBUG c.h.p.o.d.StatefulSetResource - [helminit] Desired StatefulSet (1 replicas) for status STARTING (READY)
2025-01-28 20:42:59,859 INFO c.h.h.t.HelmChartContainer - [hivemq-test-hivemq-platform] [hivemq-platform-operator] [9ea7c533] 20:42:59.858 [ReconcilerExecutor-hivemq-controller-76] INFO  c.h.p.o.HiveMQPlatformReconciler - [helminit] Reconciling HiveMQ Platform 'test-hivemq-platform' in namespace 'helminitcontainerit'
2025-01-28 20:42:59,859 INFO c.h.h.t.HelmChartContainer - [hivemq-test-hivemq-platform] [hivemq-platform-operator] [9ea7c533] 20:42:59.859 [ReconcilerExecutor-hivemq-controller-76] DEBUG c.h.p.o.HiveMQPlatformReconciler - [helminit] Custom Resource Status STARTING - HiveMQ Platform is starting (READY)
2025-01-28 20:42:59,859 INFO c.h.h.t.HelmChartContainer - [hivemq-test-hivemq-platform] [hivemq-platform-operator] [9ea7c533] 20:42:59.859 [ReconcilerExecutor-hivemq-controller-76] DEBUG c.h.p.o.HiveMQPlatformReconciler - [helminit] Custom Resource Spec (replicas: 1) (extensions: 1)
2025-01-28 20:42:59,862 INFO c.h.h.t.HelmChartContainer - [hivemq-test-hivemq-platform] [hivemq-platform-operator] [9ea7c533] 20:42:59.861 [ReconcilerExecutor-hivemq-controller-76] DEBUG c.h.p.o.HiveMQPlatformReconciler - [helminit] StatefulSet Status (revision: test-hivemq-platform-bdc69c5dd, replicas: 1, available: 0, ready: 0, current: 1, updated: 1)
2025-01-28 20:42:59,862 INFO c.h.h.t.HelmChartContainer - [hivemq-test-hivemq-platform] [hivemq-platform-operator] [9ea7c533] 20:42:59.861 [ReconcilerExecutor-hivemq-controller-76] DEBUG c.h.p.o.HiveMQPlatformReconciler - [helminit] StatefulSet Spec (replicas: 1, init containers: 2, containers: 1, volumes: 4)
2025-01-28 20:42:59,865 INFO c.h.h.t.HelmChartContainer - [hivemq-test-hivemq-platform] [hivemq-platform-operator] [9ea7c533] 20:42:59.863 [ReconcilerExecutor-hivemq-controller-76] DEBUG c.h.p.o.h.HiveMQPlatformReconcilerErrorHandler - [helminit] Pod 'test-hivemq-platform-0' phase Pending
2025-01-28 20:42:59,865 INFO c.h.h.t.HelmChartContainer - [hivemq-test-hivemq-platform] [hivemq-platform-operator] [9ea7c533] 20:42:59.863 [ReconcilerExecutor-hivemq-controller-76] DEBUG c.h.p.o.h.HiveMQPlatformReconcilerErrorHandler - [helminit] Pod 'test-hivemq-platform-0' condition 'PodReadyToStartContainers': False
2025-01-28 20:42:59,865 INFO c.h.h.t.HelmChartContainer - [hivemq-test-hivemq-platform] [hivemq-platform-operator] [9ea7c533] 20:42:59.863 [ReconcilerExecutor-hivemq-controller-76] DEBUG c.h.p.o.h.HiveMQPlatformReconcilerErrorHandler - [helminit] Pod 'test-hivemq-platform-0' condition 'Initialized': False
2025-01-28 20:42:59,865 INFO c.h.h.t.HelmChartContainer - [hivemq-test-hivemq-platform] [hivemq-platform-operator] [9ea7c533] 20:42:59.863 [ReconcilerExecutor-hivemq-controller-76] DEBUG c.h.p.o.h.HiveMQPlatformReconcilerErrorHandler - [helminit] Pod 'test-hivemq-platform-0' condition 'Ready': False
2025-01-28 20:42:59,865 INFO c.h.h.t.HelmChartContainer - [hivemq-test-hivemq-platform] [hivemq-platform-operator] [9ea7c533] 20:42:59.863 [ReconcilerExecutor-hivemq-controller-76] DEBUG c.h.p.o.h.HiveMQPlatformReconcilerErrorHandler - [helminit] Pod 'test-hivemq-platform-0' condition 'ContainersReady': False
2025-01-28 20:42:59,865 INFO c.h.h.t.HelmChartContainer - [hivemq-test-hivemq-platform] [hivemq-platform-operator] [9ea7c533] 20:42:59.863 [ReconcilerExecutor-hivemq-controller-76] DEBUG c.h.p.o.h.HiveMQPlatformReconcilerErrorHandler - [helminit] Pod 'test-hivemq-platform-0' condition 'PodScheduled': True
2025-01-28 20:42:59,865 INFO c.h.h.t.HelmChartContainer - [hivemq-test-hivemq-platform] [hivemq-platform-operator] [9ea7c533] 20:42:59.863 [ReconcilerExecutor-hivemq-controller-76] DEBUG c.h.p.o.h.HiveMQPlatformReconcilerErrorHandler - [helminit] Pod 'test-hivemq-platform-0' containerStatus 'hivemq' (started: false) (ready: false) (waiting: [PodInitializing] null)
2025-01-28 20:42:59,866 INFO c.h.h.t.HelmChartContainer - [hivemq-test-hivemq-platform] [hivemq-platform-operator] [9ea7c533] 20:42:59.864 [ReconcilerExecutor-hivemq-controller-76] INFO  c.h.p.o.h.HiveMQPlatformReconcilerBaseHandler - [helminit] HiveMQ Platform is starting, 0 of 1 replicas are ready
2025-01-28 20:42:59,962 INFO c.h.h.t.HelmChartContainer - [EVENT] Normal [Pulling] Pulling image "busybox" [helminitcontainerit:test-hivemq-platform-0]
2025-01-28 20:43:00,631 INFO c.h.h.t.HelmChartContainer - [EVENT] Normal [Pulled] Successfully pulled image "busybox" in 668ms (668ms including waiting). Image size: 2167089 bytes. [helminitcontainerit:test-hivemq-platform-0]
2025-01-28 20:43:00,637 INFO c.h.h.t.HelmChartContainer - [EVENT] Normal [Created] Created container: test-init-container [helminitcontainerit:test-hivemq-platform-0]
2025-01-28 20:43:00,680 INFO c.h.h.t.HelmChartContainer - [EVENT] Normal [Started] Started container test-init-container [helminitcontainerit:test-hivemq-platform-0]
2025-01-28 20:43:01,546 INFO c.h.h.t.HelmChartContainer - [EVENT] Normal [Pulled] Container image "docker.io/hivemq/hivemq-platform-operator-init-test:snapshot" already present on machine [helminitcontainerit:test-hivemq-platform-0]
2025-01-28 20:43:01,556 INFO c.h.h.t.HelmChartContainer - [POD] test-hivemq-platform-0 [5977e263-4638-443a-989e-d4bf1ffba567] in helminitcontainerit was MODIFIED
2025-01-28 20:43:01,571 INFO c.h.h.t.HelmChartContainer - [hivemq-test-hivemq-platform] [hivemq-platform-operator] [9ea7c533] 20:43:01.565 [pool-6-thread-32] DEBUG c.h.p.o.d.PlatformServiceResource - [helminit] Desired Platform services (3 services)
2025-01-28 20:43:01,571 INFO c.h.h.t.HelmChartContainer - [hivemq-test-hivemq-platform] [hivemq-platform-operator] [9ea7c533] 20:43:01.569 [pool-6-thread-33] DEBUG c.h.p.o.dependants.PodInfoConfigMap - [helminit] Desired PodInfo ConfigMap (1 extensions) (1 enabled)
2025-01-28 20:43:01,571 INFO c.h.h.t.HelmChartContainer - [hivemq-test-hivemq-platform] [hivemq-platform-operator] [9ea7c533] 20:43:01.570 [pool-6-thread-33] DEBUG c.h.p.o.dependants.PodInfoConfigMap - [helminit] Desired PodInfo ConfigMap (metrics port: 9399) (metrics path: /)
2025-01-28 20:43:01,580 INFO c.h.h.t.HelmChartContainer - [hivemq-test-hivemq-platform] [hivemq-platform-operator] [9ea7c533] 20:43:01.572 [pool-6-thread-33] DEBUG c.h.p.o.dependants.PodInfoConfigMap - [helminit] Desired PodInfo ConfigMap (extension state hash: -1817474005)
2025-01-28 20:43:01,580 INFO c.h.h.t.HelmChartContainer - [hivemq-test-hivemq-platform] [hivemq-platform-operator] [9ea7c533] 20:43:01.576 [pool-6-thread-37] DEBUG c.h.p.o.d.PodServiceAccountResource - [helminit] Desired PodServiceAccountResource (serviceAccountName: hivemq-platform-pod-test-hivemq-platform)
2025-01-28 20:43:01,586 INFO c.h.h.t.HelmChartContainer - [hivemq-test-hivemq-platform] [hivemq-platform-operator] [9ea7c533] 20:43:01.584 [pool-6-thread-40] DEBUG c.h.p.o.d.StatefulSetResource - [helminit] Desired StatefulSet (1 replicas) for status STARTING (READY)
2025-01-28 20:43:01,655 INFO c.h.h.t.HelmChartContainer - [hivemq-test-hivemq-platform] [hivemq-platform-operator] [9ea7c533] 20:43:01.650 [ReconcilerExecutor-hivemq-controller-87] INFO  c.h.p.o.HiveMQPlatformReconciler - [helminit] Reconciling HiveMQ Platform 'test-hivemq-platform' in namespace 'helminitcontainerit'
2025-01-28 20:43:01,655 INFO c.h.h.t.HelmChartContainer - [hivemq-test-hivemq-platform] [hivemq-platform-operator] [9ea7c533] 20:43:01.651 [ReconcilerExecutor-hivemq-controller-87] DEBUG c.h.p.o.HiveMQPlatformReconciler - [helminit] Custom Resource Status STARTING - HiveMQ Platform is starting (READY)
2025-01-28 20:43:01,655 INFO c.h.h.t.HelmChartContainer - [hivemq-test-hivemq-platform] [hivemq-platform-operator] [9ea7c533] 20:43:01.651 [ReconcilerExecutor-hivemq-controller-87] DEBUG c.h.p.o.HiveMQPlatformReconciler - [helminit] Custom Resource Spec (replicas: 1) (extensions: 1)
2025-01-28 20:43:01,655 INFO c.h.h.t.HelmChartContainer - [hivemq-test-hivemq-platform] [hivemq-platform-operator] [9ea7c533] 20:43:01.653 [ReconcilerExecutor-hivemq-controller-87] DEBUG c.h.p.o.HiveMQPlatformReconciler - [helminit] StatefulSet Status (revision: test-hivemq-platform-bdc69c5dd, replicas: 1, available: 0, ready: 0, current: 1, updated: 1)
2025-01-28 20:43:01,655 INFO c.h.h.t.HelmChartContainer - [hivemq-test-hivemq-platform] [hivemq-platform-operator] [9ea7c533] 20:43:01.653 [ReconcilerExecutor-hivemq-controller-87] DEBUG c.h.p.o.HiveMQPlatformReconciler - [helminit] StatefulSet Spec (replicas: 1, init containers: 2, containers: 1, volumes: 4)
2025-01-28 20:43:01,659 INFO c.h.h.t.HelmChartContainer - [hivemq-test-hivemq-platform] [hivemq-platform-operator] [9ea7c533] 20:43:01.659 [ReconcilerExecutor-hivemq-controller-87] DEBUG c.h.p.o.h.HiveMQPlatformReconcilerErrorHandler - [helminit] Pod 'test-hivemq-platform-0' phase Pending
2025-01-28 20:43:01,662 INFO c.h.h.t.HelmChartContainer - [hivemq-test-hivemq-platform] [hivemq-platform-operator] [9ea7c533] 20:43:01.659 [ReconcilerExecutor-hivemq-controller-87] DEBUG c.h.p.o.h.HiveMQPlatformReconcilerErrorHandler - [helminit] Pod 'test-hivemq-platform-0' condition 'PodReadyToStartContainers': True
2025-01-28 20:43:01,662 INFO c.h.h.t.HelmChartContainer - [hivemq-test-hivemq-platform] [hivemq-platform-operator] [9ea7c533] 20:43:01.659 [ReconcilerExecutor-hivemq-controller-87] DEBUG c.h.p.o.h.HiveMQPlatformReconcilerErrorHandler - [helminit] Pod 'test-hivemq-platform-0' condition 'Initialized': False
2025-01-28 20:43:01,662 INFO c.h.h.t.HelmChartContainer - [hivemq-test-hivemq-platform] [hivemq-platform-operator] [9ea7c533] 20:43:01.659 [ReconcilerExecutor-hivemq-controller-87] DEBUG c.h.p.o.h.HiveMQPlatformReconcilerErrorHandler - [helminit] Pod 'test-hivemq-platform-0' condition 'Ready': False
2025-01-28 20:43:01,662 INFO c.h.h.t.HelmChartContainer - [hivemq-test-hivemq-platform] [hivemq-platform-operator] [9ea7c533] 20:43:01.659 [ReconcilerExecutor-hivemq-controller-87] DEBUG c.h.p.o.h.HiveMQPlatformReconcilerErrorHandler - [helminit] Pod 'test-hivemq-platform-0' condition 'ContainersReady': False
2025-01-28 20:43:01,662 INFO c.h.h.t.HelmChartContainer - [hivemq-test-hivemq-platform] [hivemq-platform-operator] [9ea7c533] 20:43:01.659 [ReconcilerExecutor-hivemq-controller-87] DEBUG c.h.p.o.h.HiveMQPlatformReconcilerErrorHandler - [helminit] Pod 'test-hivemq-platform-0' condition 'PodScheduled': True
2025-01-28 20:43:01,662 INFO c.h.h.t.HelmChartContainer - [hivemq-test-hivemq-platform] [hivemq-platform-operator] [9ea7c533] 20:43:01.659 [ReconcilerExecutor-hivemq-controller-87] DEBUG c.h.p.o.h.HiveMQPlatformReconcilerErrorHandler - [helminit] Pod 'test-hivemq-platform-0' containerStatus 'hivemq' (started: false) (ready: false) (waiting: [PodInitializing] null)
2025-01-28 20:43:01,662 INFO c.h.h.t.HelmChartContainer - [hivemq-test-hivemq-platform] [hivemq-platform-operator] [9ea7c533] 20:43:01.660 [ReconcilerExecutor-hivemq-controller-87] INFO  c.h.p.o.h.HiveMQPlatformReconcilerBaseHandler - [helminit] HiveMQ Platform is starting, 0 of 1 replicas are ready
2025-01-28 20:43:01,724 INFO c.h.h.t.HelmChartContainer - [EVENT] Normal [Created] Created container: hivemq-platform-operator-init [helminitcontainerit:test-hivemq-platform-0]
2025-01-28 20:43:01,764 INFO c.h.h.t.HelmChartContainer - [EVENT] Normal [Started] Started container hivemq-platform-operator-init [helminitcontainerit:test-hivemq-platform-0]
2025-01-28 20:43:02,549 INFO c.h.h.t.HelmChartContainer - [EVENT] Normal [Pulled] Container image "docker.io/hivemq/hivemq4:4.36.0" already present on machine [helminitcontainerit:test-hivemq-platform-0]
2025-01-28 20:43:02,549 INFO c.h.h.t.HelmChartContainer - Received Pulled event for container hivemq in pod test-hivemq-platform-0 [5977e263-4638-443a-989e-d4bf1ffba567]
2025-01-28 20:43:02,561 INFO c.h.h.t.HelmChartContainer - [POD] test-hivemq-platform-0 [5977e263-4638-443a-989e-d4bf1ffba567] in helminitcontainerit was MODIFIED
2025-01-28 20:43:02,577 INFO c.h.h.t.HelmChartContainer - [hivemq-test-hivemq-platform] [hivemq-platform-operator] [9ea7c533] 20:43:02.573 [pool-6-thread-42] DEBUG c.h.p.o.d.PlatformServiceResource - [helminit] Desired Platform services (3 services)
2025-01-28 20:43:02,580 INFO c.h.h.t.HelmChartContainer - [hivemq-test-hivemq-platform] [hivemq-platform-operator] [9ea7c533] 20:43:02.577 [pool-6-thread-43] DEBUG c.h.p.o.dependants.PodInfoConfigMap - [helminit] Desired PodInfo ConfigMap (1 extensions) (1 enabled)
2025-01-28 20:43:02,580 INFO c.h.h.t.HelmChartContainer - [hivemq-test-hivemq-platform] [hivemq-platform-operator] [9ea7c533] 20:43:02.577 [pool-6-thread-43] DEBUG c.h.p.o.dependants.PodInfoConfigMap - [helminit] Desired PodInfo ConfigMap (metrics port: 9399) (metrics path: /)
2025-01-28 20:43:02,580 INFO c.h.h.t.HelmChartContainer - [hivemq-test-hivemq-platform] [hivemq-platform-operator] [9ea7c533] 20:43:02.577 [pool-6-thread-43] DEBUG c.h.p.o.dependants.PodInfoConfigMap - [helminit] Desired PodInfo ConfigMap (extension state hash: -1817474005)
2025-01-28 20:43:02,580 INFO c.h.h.t.HelmChartContainer - [hivemq-test-hivemq-platform] [hivemq-platform-operator] [9ea7c533] 20:43:02.579 [pool-6-thread-47] DEBUG c.h.p.o.d.PodServiceAccountResource - [helminit] Desired PodServiceAccountResource (serviceAccountName: hivemq-platform-pod-test-hivemq-platform)
2025-01-28 20:43:02,654 INFO c.h.h.t.HelmChartContainer - [hivemq-test-hivemq-platform] [hivemq-platform-operator] [9ea7c533] 20:43:02.653 [pool-6-thread-50] DEBUG c.h.p.o.d.StatefulSetResource - [helminit] Desired StatefulSet (1 replicas) for status STARTING (READY)
2025-01-28 20:43:02,659 INFO c.h.h.t.HelmChartContainer - [hivemq-test-hivemq-platform] [hivemq-platform-operator] [9ea7c533] 20:43:02.658 [ReconcilerExecutor-hivemq-controller-98] INFO  c.h.p.o.HiveMQPlatformReconciler - [helminit] Reconciling HiveMQ Platform 'test-hivemq-platform' in namespace 'helminitcontainerit'
2025-01-28 20:43:02,659 INFO c.h.h.t.HelmChartContainer - [hivemq-test-hivemq-platform] [hivemq-platform-operator] [9ea7c533] 20:43:02.658 [ReconcilerExecutor-hivemq-controller-98] DEBUG c.h.p.o.HiveMQPlatformReconciler - [helminit] Custom Resource Status STARTING - HiveMQ Platform is starting (READY)
2025-01-28 20:43:02,659 INFO c.h.h.t.HelmChartContainer - [hivemq-test-hivemq-platform] [hivemq-platform-operator] [9ea7c533] 20:43:02.658 [ReconcilerExecutor-hivemq-controller-98] DEBUG c.h.p.o.HiveMQPlatformReconciler - [helminit] Custom Resource Spec (replicas: 1) (extensions: 1)
2025-01-28 20:43:02,663 INFO c.h.h.t.HelmChartContainer - [hivemq-test-hivemq-platform] [hivemq-platform-operator] [9ea7c533] 20:43:02.661 [ReconcilerExecutor-hivemq-controller-98] DEBUG c.h.p.o.HiveMQPlatformReconciler - [helminit] StatefulSet Status (revision: test-hivemq-platform-bdc69c5dd, replicas: 1, available: 0, ready: 0, current: 1, updated: 1)
2025-01-28 20:43:02,663 INFO c.h.h.t.HelmChartContainer - [hivemq-test-hivemq-platform] [hivemq-platform-operator] [9ea7c533] 20:43:02.661 [ReconcilerExecutor-hivemq-controller-98] DEBUG c.h.p.o.HiveMQPlatformReconciler - [helminit] StatefulSet Spec (replicas: 1, init containers: 2, containers: 1, volumes: 4)
2025-01-28 20:43:02,664 INFO c.h.h.t.HelmChartContainer - [hivemq-test-hivemq-platform] [hivemq-platform-operator] [9ea7c533] 20:43:02.663 [ReconcilerExecutor-hivemq-controller-98] DEBUG c.h.p.o.h.HiveMQPlatformReconcilerErrorHandler - [helminit] Pod 'test-hivemq-platform-0' phase Pending
2025-01-28 20:43:02,665 INFO c.h.h.t.HelmChartContainer - [hivemq-test-hivemq-platform] [hivemq-platform-operator] [9ea7c533] 20:43:02.664 [ReconcilerExecutor-hivemq-controller-98] DEBUG c.h.p.o.h.HiveMQPlatformReconcilerErrorHandler - [helminit] Pod 'test-hivemq-platform-0' condition 'PodReadyToStartContainers': True
2025-01-28 20:43:02,666 INFO c.h.h.t.HelmChartContainer - [hivemq-test-hivemq-platform] [hivemq-platform-operator] [9ea7c533] 20:43:02.664 [ReconcilerExecutor-hivemq-controller-98] DEBUG c.h.p.o.h.HiveMQPlatformReconcilerErrorHandler - [helminit] Pod 'test-hivemq-platform-0' condition 'Initialized': True
2025-01-28 20:43:02,668 INFO c.h.h.t.HelmChartContainer - [hivemq-test-hivemq-platform] [hivemq-platform-operator] [9ea7c533] 20:43:02.664 [ReconcilerExecutor-hivemq-controller-98] DEBUG c.h.p.o.h.HiveMQPlatformReconcilerErrorHandler - [helminit] Pod 'test-hivemq-platform-0' condition 'Ready': False
2025-01-28 20:43:02,668 INFO c.h.h.t.HelmChartContainer - [hivemq-test-hivemq-platform] [hivemq-platform-operator] [9ea7c533] 20:43:02.664 [ReconcilerExecutor-hivemq-controller-98] DEBUG c.h.p.o.h.HiveMQPlatformReconcilerErrorHandler - [helminit] Pod 'test-hivemq-platform-0' condition 'ContainersReady': False
2025-01-28 20:43:02,668 INFO c.h.h.t.HelmChartContainer - [hivemq-test-hivemq-platform] [hivemq-platform-operator] [9ea7c533] 20:43:02.665 [ReconcilerExecutor-hivemq-controller-98] DEBUG c.h.p.o.h.HiveMQPlatformReconcilerErrorHandler - [helminit] Pod 'test-hivemq-platform-0' condition 'PodScheduled': True
2025-01-28 20:43:02,668 INFO c.h.h.t.HelmChartContainer - [hivemq-test-hivemq-platform] [hivemq-platform-operator] [9ea7c533] 20:43:02.665 [ReconcilerExecutor-hivemq-controller-98] DEBUG c.h.p.o.h.HiveMQPlatformReconcilerErrorHandler - [helminit] Pod 'test-hivemq-platform-0' containerStatus 'hivemq' (started: false) (ready: false) (waiting: [PodInitializing] null)
2025-01-28 20:43:02,668 INFO c.h.h.t.HelmChartContainer - [hivemq-test-hivemq-platform] [hivemq-platform-operator] [9ea7c533] 20:43:02.667 [ReconcilerExecutor-hivemq-controller-98] INFO  c.h.p.o.h.HiveMQPlatformReconcilerBaseHandler - [helminit] HiveMQ Platform is starting, 0 of 1 replicas are ready
2025-01-28 20:43:03,977 INFO c.h.h.t.HelmChartContainer - [EVENT] Normal [Created] Created container: hivemq [helminitcontainerit:test-hivemq-platform-0]
2025-01-28 20:43:03,977 INFO c.h.h.t.HelmChartContainer - Received Created event for container hivemq in pod test-hivemq-platform-0 [5977e263-4638-443a-989e-d4bf1ffba567]
2025-01-28 20:43:04,564 INFO c.h.h.t.HelmChartContainer - [POD] test-hivemq-platform-0 [5977e263-4638-443a-989e-d4bf1ffba567] in helminitcontainerit was MODIFIED
2025-01-28 20:43:04,573 INFO c.h.h.t.HelmChartContainer - [hivemq-test-hivemq-platform] [hivemq-platform-operator] [9ea7c533] 20:43:04.567 [pool-6-thread-6] DEBUG c.h.p.o.d.PlatformServiceResource - [helminit] Desired Platform services (3 services)
2025-01-28 20:43:04,573 INFO c.h.h.t.HelmChartContainer - [hivemq-test-hivemq-platform] [hivemq-platform-operator] [9ea7c533] 20:43:04.570 [pool-6-thread-3] DEBUG c.h.p.o.dependants.PodInfoConfigMap - [helminit] Desired PodInfo ConfigMap (1 extensions) (1 enabled)
2025-01-28 20:43:04,573 INFO c.h.h.t.HelmChartContainer - [hivemq-test-hivemq-platform] [hivemq-platform-operator] [9ea7c533] 20:43:04.570 [pool-6-thread-3] DEBUG c.h.p.o.dependants.PodInfoConfigMap - [helminit] Desired PodInfo ConfigMap (metrics port: 9399) (metrics path: /)
2025-01-28 20:43:04,573 INFO c.h.h.t.HelmChartContainer - [hivemq-test-hivemq-platform] [hivemq-platform-operator] [9ea7c533] 20:43:04.570 [pool-6-thread-3] DEBUG c.h.p.o.dependants.PodInfoConfigMap - [helminit] Desired PodInfo ConfigMap (extension state hash: -1817474005)
2025-01-28 20:43:04,577 INFO c.h.h.t.HelmChartContainer - [EVENT] Normal [Started] Started container hivemq [helminitcontainerit:test-hivemq-platform-0]
2025-01-28 20:43:04,577 INFO c.h.h.t.HelmChartContainer - Received Started event for container hivemq in pod test-hivemq-platform-0 [5977e263-4638-443a-989e-d4bf1ffba567]
2025-01-28 20:43:04,578 INFO c.h.h.t.HelmChartContainer - Started log watcher for hivemq in pod test-hivemq-platform-0 [5977e263-4638-443a-989e-d4bf1ffba567]
2025-01-28 20:43:04,579 INFO c.h.h.t.HelmChartContainer - [test-hivemq-platform] [hivemq] [5977e263] Adding pre-installed HiveMQ Platform Operator extensions
2025-01-28 20:43:04,579 INFO c.h.h.t.HelmChartContainer - [test-hivemq-platform] [hivemq] [5977e263] Running as user 10000
2025-01-28 20:43:04,579 INFO c.h.h.t.HelmChartContainer - [test-hivemq-platform] [hivemq] [5977e263] Starting HiveMQ Platform Operator Init
2025-01-28 20:43:04,584 INFO c.h.h.t.HelmChartContainer - [hivemq-test-hivemq-platform] [hivemq-platform-operator] [9ea7c533] 20:43:04.580 [pool-6-thread-1] DEBUG c.h.p.o.d.PodServiceAccountResource - [helminit] Desired PodServiceAccountResource (serviceAccountName: hivemq-platform-pod-test-hivemq-platform)
2025-01-28 20:43:04,651 INFO c.h.h.t.HelmChartContainer - [hivemq-test-hivemq-platform] [hivemq-platform-operator] [9ea7c533] 20:43:04.649 [pool-6-thread-6] DEBUG c.h.p.o.d.StatefulSetResource - [helminit] Desired StatefulSet (1 replicas) for status STARTING (READY)
2025-01-28 20:43:04,656 INFO c.h.h.t.HelmChartContainer - [hivemq-test-hivemq-platform] [hivemq-platform-operator] [9ea7c533] 20:43:04.655 [ReconcilerExecutor-hivemq-controller-109] INFO  c.h.p.o.HiveMQPlatformReconciler - [helminit] Reconciling HiveMQ Platform 'test-hivemq-platform' in namespace 'helminitcontainerit'
2025-01-28 20:43:04,657 INFO c.h.h.t.HelmChartContainer - [hivemq-test-hivemq-platform] [hivemq-platform-operator] [9ea7c533] 20:43:04.655 [ReconcilerExecutor-hivemq-controller-109] DEBUG c.h.p.o.HiveMQPlatformReconciler - [helminit] Custom Resource Status STARTING - HiveMQ Platform is starting (READY)
2025-01-28 20:43:04,657 INFO c.h.h.t.HelmChartContainer - [hivemq-test-hivemq-platform] [hivemq-platform-operator] [9ea7c533] 20:43:04.655 [ReconcilerExecutor-hivemq-controller-109] DEBUG c.h.p.o.HiveMQPlatformReconciler - [helminit] Custom Resource Spec (replicas: 1) (extensions: 1)
2025-01-28 20:43:04,666 INFO c.h.h.t.HelmChartContainer - [hivemq-test-hivemq-platform] [hivemq-platform-operator] [9ea7c533] 20:43:04.665 [ReconcilerExecutor-hivemq-controller-109] DEBUG c.h.p.o.HiveMQPlatformReconciler - [helminit] StatefulSet Status (revision: test-hivemq-platform-bdc69c5dd, replicas: 1, available: 0, ready: 0, current: 1, updated: 1)
2025-01-28 20:43:04,668 INFO c.h.h.t.HelmChartContainer - [hivemq-test-hivemq-platform] [hivemq-platform-operator] [9ea7c533] 20:43:04.667 [ReconcilerExecutor-hivemq-controller-109] DEBUG c.h.p.o.HiveMQPlatformReconciler - [helminit] StatefulSet Spec (replicas: 1, init containers: 2, containers: 1, volumes: 4)
2025-01-28 20:43:04,686 INFO c.h.h.t.HelmChartContainer - [hivemq-test-hivemq-platform] [hivemq-platform-operator] [9ea7c533] 20:43:04.685 [ReconcilerExecutor-hivemq-controller-109] DEBUG c.h.p.o.h.HiveMQPlatformReconcilerErrorHandler - [helminit] Pod 'test-hivemq-platform-0' phase Running
2025-01-28 20:43:04,750 INFO c.h.h.t.HelmChartContainer - [hivemq-test-hivemq-platform] [hivemq-platform-operator] [9ea7c533] 20:43:04.749 [ReconcilerExecutor-hivemq-controller-109] INFO  c.h.p.o.h.HiveMQPlatformReconcilerBaseHandler - [helminit] HiveMQ Platform is starting, 0 of 1 replicas are ready
2025-01-28 20:43:05,266 INFO c.h.h.t.HelmChartContainer - [test-hivemq-platform] [hivemq] [5977e263] INFO  - [HiveMQ Platform Operator Init 1.7.0-SNAPSHOT] HiveMQ Platform Operator Init 1.7.0-SNAPSHOT (commit: bebf408 on branch: HEAD) built on Sun Jan 26 20:47:47 UTC 2025
2025-01-28 20:43:06,464 INFO c.h.h.t.HelmChartContainer - [test-hivemq-platform] [hivemq] [5977e263] INFO  - [HiveMQ Platform Operator Init App 1.7.0-SNAPSHOT] Using bind address 10.42.0.8 from environment variable
2025-01-28 20:43:07,278 INFO c.h.h.t.HelmChartContainer - [test-hivemq-platform] [hivemq] [5977e263] INFO  - [HiveMQ Platform Operator Init App 1.7.0-SNAPSHOT] HiveMQ Platform Operator Init App 1.7.0-SNAPSHOT (commit: bebf408 on branch: HEAD) built on Sun Jan 26 20:47:47 UTC 2025
2025-01-28 20:43:07,278 INFO c.h.h.t.HelmChartContainer - [test-hivemq-platform] [hivemq] [5977e263] INFO  - [HiveMQ Platform Operator Init App 1.7.0-SNAPSHOT] PodInfo ConfigMap directory: /etc/podinfo
2025-01-28 20:43:07,278 INFO c.h.h.t.HelmChartContainer - [test-hivemq-platform] [hivemq] [5977e263] INFO  - [HiveMQ Platform Operator Init App 1.7.0-SNAPSHOT] HiveMQ home directory: /opt/hivemq
2025-01-28 20:43:07,279 INFO c.h.h.t.HelmChartContainer - [test-hivemq-platform] [hivemq] [5977e263] INFO  - [HiveMQ Platform Operator Init App 1.7.0-SNAPSHOT] HiveMQ Logback folder: /opt/hivemq/conf
2025-01-28 20:43:07,279 INFO c.h.h.t.HelmChartContainer - [test-hivemq-platform] [hivemq] [5977e263] INFO  - [HiveMQ Platform Operator Init App 1.7.0-SNAPSHOT] HiveMQ Config folder: /opt/hivemq/conf-k8s
2025-01-28 20:43:07,356 INFO c.h.h.t.HelmChartContainer - [test-hivemq-platform] [hivemq] [5977e263] INFO  - [HiveMQ Platform Operator Init App 1.7.0-SNAPSHOT] Starting HiveMQ Platform Operator Init App
2025-01-28 20:43:07,356 INFO c.h.h.t.HelmChartContainer - [test-hivemq-platform] [hivemq] [5977e263] INFO  - [HiveMQ Platform Operator Init App 1.7.0-SNAPSHOT] Starting Pod reconciler
2025-01-28 20:43:08,487 INFO c.h.h.t.HelmChartContainer - [test-hivemq-platform] [hivemq] [5977e263] INFO  - [HiveMQ Platform Operator Init App 1.7.0-SNAPSHOT] Pod reconciler is scheduled (interval: 5000 ms)
2025-01-28 20:43:08,488 INFO c.h.h.t.HelmChartContainer - [test-hivemq-platform] [hivemq] [5977e263] INFO  - [HiveMQ Platform Operator Init App 1.7.0-SNAPSHOT] Starting the REST API on 10.42.0.8:7979
2025-01-28 20:43:08,557 INFO c.h.h.t.HelmChartContainer - [test-hivemq-platform] [hivemq] [5977e263] INFO  - [HiveMQ Platform Operator Init App 1.7.0-SNAPSHOT] Waiting up to 600s for at most 1 HiveMQ nodes in cluster service hivemq-test-hivemq-platform-cluster.helminitcontainerit.svc
2025-01-28 20:43:08,869 INFO c.h.h.t.HelmChartContainer - [test-hivemq-platform] [hivemq] [5977e263] INFO  - [HiveMQ Platform Operator Init App 1.7.0-SNAPSHOT] Resolved 1 IP addresses: [10.42.0.8]
2025-01-28 20:43:08,869 INFO c.h.h.t.HelmChartContainer - [test-hivemq-platform] [hivemq] [5977e263] INFO  - [HiveMQ Platform Operator Init App 1.7.0-SNAPSHOT] HiveMQ node count of 1 is within threshold of 1
2025-01-28 20:43:08,869 INFO c.h.h.t.HelmChartContainer - [test-hivemq-platform] [hivemq] [5977e263] INFO  - [HiveMQ Platform Operator Init App 1.7.0-SNAPSHOT] Proceeding with container start
2025-01-28 20:43:08,959 INFO c.h.h.t.HelmChartContainer - [test-hivemq-platform] [hivemq] [5977e263] INFO  - [HiveMQ Platform Operator Init App 1.7.0-SNAPSHOT] Initializing HiveMQ Platform extensions with initial configuration: {hivemq-allow-all-extension={start-priority=-1, skip-https-hostname-verification=false, restart=true, config-version=0, header-version=0, c-uri=, priority=-1, uri=preinstalled, skip-https-certificate-validation=false, enabled=true}, hivemq-prometheus-extension={c-uri=, start-priority=-1, priority=-1, restart=true, enabled=true, request-header-path=no-request-headers, uri=preinstalled, skip-https-certificate-validation=false, skip-https-hostname-verification=false}}
2025-01-28 20:43:09,366 INFO c.h.h.t.HelmChartContainer - [test-hivemq-platform] [hivemq] [5977e263] INFO  - [HiveMQ Platform Operator Init App 1.7.0-SNAPSHOT] Extension hivemq-allow-all-extension was already enabled
2025-01-28 20:43:09,459 INFO c.h.h.t.HelmChartContainer - [test-hivemq-platform] [hivemq] [5977e263] INFO  - [HiveMQ Platform Operator Init App 1.7.0-SNAPSHOT] Successfully enabled extension hivemq-prometheus-extension
2025-01-28 20:43:09,459 INFO c.h.h.t.HelmChartContainer - [test-hivemq-platform] [hivemq] [5977e263] INFO  - [HiveMQ Platform Operator Init App 1.7.0-SNAPSHOT] Starting HiveMQ Platform version 4.36.0 (4.36.0)
2025-01-28 20:43:09,459 INFO c.h.h.t.HelmChartContainer - [test-hivemq-platform] [hivemq] [5977e263] INFO  - [HiveMQ Platform Operator Init App 1.7.0-SNAPSHOT] Configuring the HiveMQ Platform
2025-01-28 20:43:09,470 INFO c.h.h.t.HelmChartContainer - [test-hivemq-platform] [hivemq] [5977e263] INFO  - [HiveMQ Platform Operator Init App 1.7.0-SNAPSHOT] Changed logback.xml file scan period to 20 seconds
2025-01-28 20:43:09,563 INFO c.h.h.t.HelmChartContainer - [test-hivemq-platform] [hivemq] [5977e263] INFO  - [HiveMQ Platform Operator Init App 1.7.0-SNAPSHOT] Starting the HiveMQ Platform
2025-01-28 20:43:09,566 INFO c.h.h.t.HelmChartContainer - [test-hivemq-platform] [hivemq] [5977e263] -------------------------------------------------------------------------
2025-01-28 20:43:09,566 INFO c.h.h.t.HelmChartContainer - [test-hivemq-platform] [hivemq] [5977e263] 
2025-01-28 20:43:09,566 INFO c.h.h.t.HelmChartContainer - [test-hivemq-platform] [hivemq] [5977e263]                   _    _  _              __  __   ____
2025-01-28 20:43:09,566 INFO c.h.h.t.HelmChartContainer - [test-hivemq-platform] [hivemq] [5977e263]                  | |  | |(_)            |  \/  | / __ \
2025-01-28 20:43:09,566 INFO c.h.h.t.HelmChartContainer - [test-hivemq-platform] [hivemq] [5977e263]                  | |__| | _ __   __ ___ | \  / || |  | |
2025-01-28 20:43:09,566 INFO c.h.h.t.HelmChartContainer - [test-hivemq-platform] [hivemq] [5977e263]                  |  __  || |\ \ / // _ \| |\/| || |  | |
2025-01-28 20:43:09,566 INFO c.h.h.t.HelmChartContainer - [test-hivemq-platform] [hivemq] [5977e263]                  | |  | || | \ V /|  __/| |  | || |__| |
2025-01-28 20:43:09,566 INFO c.h.h.t.HelmChartContainer - [test-hivemq-platform] [hivemq] [5977e263]                  |_|  |_||_|  \_/  \___||_|  |_| \___\_\
2025-01-28 20:43:09,566 INFO c.h.h.t.HelmChartContainer - [test-hivemq-platform] [hivemq] [5977e263] 
2025-01-28 20:43:09,566 INFO c.h.h.t.HelmChartContainer - [test-hivemq-platform] [hivemq] [5977e263] -------------------------------------------------------------------------
2025-01-28 20:43:09,566 INFO c.h.h.t.HelmChartContainer - [test-hivemq-platform] [hivemq] [5977e263] 
2025-01-28 20:43:09,566 INFO c.h.h.t.HelmChartContainer - [test-hivemq-platform] [hivemq] [5977e263]   HiveMQ Start Script for Linux/Unix v1.14
2025-01-28 20:43:09,566 INFO c.h.h.t.HelmChartContainer - [test-hivemq-platform] [hivemq] [5977e263] 
2025-01-28 20:43:09,667 INFO c.h.h.t.HelmChartContainer - [test-hivemq-platform] [hivemq] [5977e263] -------------------------------------------------------------------------
2025-01-28 20:43:09,667 INFO c.h.h.t.HelmChartContainer - [test-hivemq-platform] [hivemq] [5977e263] 
2025-01-28 20:43:09,667 INFO c.h.h.t.HelmChartContainer - [test-hivemq-platform] [hivemq] [5977e263]   HIVEMQ_HOME: /opt/hivemq
2025-01-28 20:43:09,667 INFO c.h.h.t.HelmChartContainer - [test-hivemq-platform] [hivemq] [5977e263] 
2025-01-28 20:43:09,667 INFO c.h.h.t.HelmChartContainer - [test-hivemq-platform] [hivemq] [5977e263]   JAVA_OPTS: -XX:+UnlockExperimentalVMOptions -XX:InitialRAMPercentage=50 -XX:MaxRAMPercentage=50 -Djava.net.preferIPv4Stack=true --add-opens java.base/java.lang=ALL-UNNAMED --add-opens java.base/java.nio=ALL-UNNAMED --add-opens java.base/sun.nio.ch=ALL-UNNAMED --add-opens jdk.management/com.sun.management.internal=ALL-UNNAMED --add-exports java.base/jdk.internal.misc=ALL-UNNAMED -Djava.security.egd=file:/dev/./urandom -Dcom.sun.management.jmxremote -Dcom.sun.management.jmxremote.port=9010 -Dcom.sun.management.jmxremote.local.only=false -Dcom.sun.management.jmxremote.authenticate=false -Dcom.sun.management.jmxremote.ssl=false -Duser.language=en -Duser.region=US -XX:+CrashOnOutOfMemoryError -XX:+HeapDumpOnOutOfMemoryError
2025-01-28 20:43:09,667 INFO c.h.h.t.HelmChartContainer - [test-hivemq-platform] [hivemq] [5977e263] 
2025-01-28 20:43:09,667 INFO c.h.h.t.HelmChartContainer - [test-hivemq-platform] [hivemq] [5977e263]   JAVA_VERSION: 21
2025-01-28 20:43:09,667 INFO c.h.h.t.HelmChartContainer - [test-hivemq-platform] [hivemq] [5977e263] 
2025-01-28 20:43:09,667 INFO c.h.h.t.HelmChartContainer - [test-hivemq-platform] [hivemq] [5977e263] -------------------------------------------------------------------------
2025-01-28 20:43:09,667 INFO c.h.h.t.HelmChartContainer - [test-hivemq-platform] [hivemq] [5977e263] 
2025-01-28 20:43:10,564 INFO c.h.h.t.HelmChartContainer - [test-hivemq-platform] [hivemq] [5977e263] INFO  - [HiveMQ Platform Operator Init App 1.7.0-SNAPSHOT] Returning default Health API response 503 for readiness
2025-01-28 20:43:10,969 INFO c.h.h.t.HelmChartContainer - [EVENT] Warning [Unhealthy] Readiness probe failed: HTTP probe failed with statuscode: 503 [helminitcontainerit:test-hivemq-platform-0]
2025-01-28 20:43:10,969 INFO c.h.h.t.HelmChartContainer - Received Unhealthy event for container hivemq in pod test-hivemq-platform-0 [5977e263-4638-443a-989e-d4bf1ffba567]
2025-01-28 20:43:12,274 INFO c.h.h.t.HelmChartContainer - [test-hivemq-platform] [hivemq] [5977e263] INFO  - Starting HiveMQ Enterprise Server
2025-01-28 20:43:12,360 INFO c.h.h.t.HelmChartContainer - [test-hivemq-platform] [hivemq] [5977e263] INFO  - HiveMQ version: 4.36.0
2025-01-28 20:43:12,360 INFO c.h.h.t.HelmChartContainer - [test-hivemq-platform] [hivemq] [5977e263] INFO  - HiveMQ home directory: /opt/hivemq
2025-01-28 20:43:12,360 INFO c.h.h.t.HelmChartContainer - [test-hivemq-platform] [hivemq] [5977e263] INFO  - Log Configuration was overridden by /opt/hivemq/conf/logback.xml
2025-01-28 20:43:13,480 INFO c.h.h.t.HelmChartContainer - [test-hivemq-platform] [hivemq] [5977e263] INFO  - Successfully loaded configuration from '/opt/hivemq/conf-k8s/config.xml'.
2025-01-28 20:43:14,156 INFO c.h.h.t.HelmChartContainer - [test-hivemq-platform] [hivemq] [5977e263] INFO  - This node's ID is A4KsU
2025-01-28 20:43:14,158 INFO c.h.h.t.HelmChartContainer - [test-hivemq-platform] [hivemq] [5977e263] INFO  - Clustering is enabled
2025-01-28 20:43:14,762 INFO c.h.h.t.HelmChartContainer - [hivemq-test-hivemq-platform] [hivemq-platform-operator] [9ea7c533] 20:43:14.753 [pool-6-thread-14] DEBUG c.h.p.o.d.PlatformServiceResource - [helminit] Desired Platform services (3 services)
2025-01-28 20:43:14,763 INFO c.h.h.t.HelmChartContainer - [hivemq-test-hivemq-platform] [hivemq-platform-operator] [9ea7c533] 20:43:14.754 [pool-6-thread-11] DEBUG c.h.p.o.dependants.PodInfoConfigMap - [helminit] Desired PodInfo ConfigMap (1 extensions) (1 enabled)
2025-01-28 20:43:14,763 INFO c.h.h.t.HelmChartContainer - [hivemq-test-hivemq-platform] [hivemq-platform-operator] [9ea7c533] 20:43:14.754 [pool-6-thread-11] DEBUG c.h.p.o.dependants.PodInfoConfigMap - [helminit] Desired PodInfo ConfigMap (metrics port: 9399) (metrics path: /)
2025-01-28 20:43:14,763 INFO c.h.h.t.HelmChartContainer - [hivemq-test-hivemq-platform] [hivemq-platform-operator] [9ea7c533] 20:43:14.754 [pool-6-thread-11] DEBUG c.h.p.o.dependants.PodInfoConfigMap - [helminit] Desired PodInfo ConfigMap (extension state hash: -1817474005)
2025-01-28 20:43:14,763 INFO c.h.h.t.HelmChartContainer - [hivemq-test-hivemq-platform] [hivemq-platform-operator] [9ea7c533] 20:43:14.759 [pool-6-thread-11] DEBUG c.h.p.o.d.PodServiceAccountResource - [helminit] Desired PodServiceAccountResource (serviceAccountName: hivemq-platform-pod-test-hivemq-platform)
2025-01-28 20:43:14,774 INFO c.h.h.t.HelmChartContainer - [hivemq-test-hivemq-platform] [hivemq-platform-operator] [9ea7c533] 20:43:14.773 [pool-6-thread-14] DEBUG c.h.p.o.d.StatefulSetResource - [helminit] Desired StatefulSet (1 replicas) for status STARTING (READY)
2025-01-28 20:43:14,780 INFO c.h.h.t.HelmChartContainer - [hivemq-test-hivemq-platform] [hivemq-platform-operator] [9ea7c533] 20:43:14.779 [ReconcilerExecutor-hivemq-controller-110] INFO  c.h.p.o.HiveMQPlatformReconciler - [helminit] Reconciling HiveMQ Platform 'test-hivemq-platform' in namespace 'helminitcontainerit'
2025-01-28 20:43:14,781 INFO c.h.h.t.HelmChartContainer - [hivemq-test-hivemq-platform] [hivemq-platform-operator] [9ea7c533] 20:43:14.779 [ReconcilerExecutor-hivemq-controller-110] DEBUG c.h.p.o.HiveMQPlatformReconciler - [helminit] Custom Resource Status STARTING - HiveMQ Platform is starting (READY)
2025-01-28 20:43:14,781 INFO c.h.h.t.HelmChartContainer - [hivemq-test-hivemq-platform] [hivemq-platform-operator] [9ea7c533] 20:43:14.779 [ReconcilerExecutor-hivemq-controller-110] DEBUG c.h.p.o.HiveMQPlatformReconciler - [helminit] Custom Resource Spec (replicas: 1) (extensions: 1)
2025-01-28 20:43:14,851 INFO c.h.h.t.HelmChartContainer - [hivemq-test-hivemq-platform] [hivemq-platform-operator] [9ea7c533] 20:43:14.849 [ReconcilerExecutor-hivemq-controller-110] DEBUG c.h.p.o.HiveMQPlatformReconciler - [helminit] StatefulSet Status (revision: test-hivemq-platform-bdc69c5dd, replicas: 1, available: 0, ready: 0, current: 1, updated: 1)
2025-01-28 20:43:14,851 INFO c.h.h.t.HelmChartContainer - [hivemq-test-hivemq-platform] [hivemq-platform-operator] [9ea7c533] 20:43:14.849 [ReconcilerExecutor-hivemq-controller-110] DEBUG c.h.p.o.HiveMQPlatformReconciler - [helminit] StatefulSet Spec (replicas: 1, init containers: 2, containers: 1, volumes: 4)
2025-01-28 20:43:14,852 INFO c.h.h.t.HelmChartContainer - [hivemq-test-hivemq-platform] [hivemq-platform-operator] [9ea7c533] 20:43:14.852 [ReconcilerExecutor-hivemq-controller-110] DEBUG c.h.p.o.h.HiveMQPlatformReconcilerErrorHandler - [helminit] Pod 'test-hivemq-platform-0' phase Running
2025-01-28 20:43:14,853 INFO c.h.h.t.HelmChartContainer - [hivemq-test-hivemq-platform] [hivemq-platform-operator] [9ea7c533] 20:43:14.852 [ReconcilerExecutor-hivemq-controller-110] INFO  c.h.p.o.h.HiveMQPlatformReconcilerBaseHandler - [helminit] HiveMQ Platform is starting, 0 of 1 replicas are ready
2025-01-28 20:43:15,965 INFO c.h.h.t.HelmChartContainer - [test-hivemq-platform] [hivemq] [5977e263] WARN  - [HiveMQ Platform Operator Init App 1.7.0-SNAPSHOT] Cannot connect to Health API for readiness: null
2025-01-28 20:43:15,971 INFO c.h.h.t.HelmChartContainer - [EVENT] Warning [Unhealthy] Readiness probe failed: HTTP probe failed with statuscode: 503 [helminitcontainerit:test-hivemq-platform-0]
2025-01-28 20:43:15,972 INFO c.h.h.t.HelmChartContainer - Received Unhealthy event for container hivemq in pod test-hivemq-platform-0 [5977e263-4638-443a-989e-d4bf1ffba567]
2025-01-28 20:43:18,858 INFO c.h.h.t.HelmChartContainer - [test-hivemq-platform] [hivemq] [5977e263] Jan 28, 2025 8:43:18 PM io.vertx.core.impl.BlockedThreadChecker
2025-01-28 20:43:18,858 INFO c.h.h.t.HelmChartContainer - [test-hivemq-platform] [hivemq] [5977e263] WARNING: Thread Thread[vert.x-eventloop-thread-1,5,main] has been blocked for 2103 ms, time limit is 2000 ms
2025-01-28 20:43:19,763 INFO c.h.h.t.HelmChartContainer - [test-hivemq-platform] [hivemq] [5977e263] Jan 28, 2025 8:43:19 PM io.vertx.core.impl.BlockedThreadChecker
2025-01-28 20:43:19,763 INFO c.h.h.t.HelmChartContainer - [test-hivemq-platform] [hivemq] [5977e263] WARNING: Thread Thread[vert.x-eventloop-thread-1,5,main] has been blocked for 3104 ms, time limit is 2000 ms
2025-01-28 20:43:20,063 INFO c.h.h.t.HelmChartContainer - [test-hivemq-platform] [hivemq] [5977e263] INFO  - [HiveMQ Platform Operator Init App 1.7.0-SNAPSHOT] Updating Pod HiveMQ Platform Operator Init App version annotation (version: 1.7.0-SNAPSHOT)
2025-01-28 20:43:20,561 INFO c.h.h.t.HelmChartContainer - [test-hivemq-platform] [hivemq] [5977e263] WARN  - [HiveMQ Platform Operator Init App 1.7.0-SNAPSHOT] Cannot connect to Health API for readiness: null
2025-01-28 20:43:20,569 INFO c.h.h.t.HelmChartContainer - [EVENT] Warning [Unhealthy] Readiness probe failed: HTTP probe failed with statuscode: 503 [helminitcontainerit:test-hivemq-platform-0]
2025-01-28 20:43:20,569 INFO c.h.h.t.HelmChartContainer - Received Unhealthy event for container hivemq in pod test-hivemq-platform-0 [5977e263-4638-443a-989e-d4bf1ffba567]
2025-01-28 20:43:20,974 INFO c.h.h.t.HelmChartContainer - [POD] test-hivemq-platform-0 [5977e263-4638-443a-989e-d4bf1ffba567] in helminitcontainerit was MODIFIED
2025-01-28 20:43:20,983 INFO c.h.h.t.HelmChartContainer - [hivemq-test-hivemq-platform] [hivemq-platform-operator] [9ea7c533] 20:43:20.979 [pool-6-thread-25] DEBUG c.h.p.o.d.PlatformServiceResource - [helminit] Desired Platform services (3 services)
2025-01-28 20:43:20,983 INFO c.h.h.t.HelmChartContainer - [hivemq-test-hivemq-platform] [hivemq-platform-operator] [9ea7c533] 20:43:20.980 [pool-6-thread-26] DEBUG c.h.p.o.dependants.PodInfoConfigMap - [helminit] Desired PodInfo ConfigMap (1 extensions) (1 enabled)
2025-01-28 20:43:20,983 INFO c.h.h.t.HelmChartContainer - [hivemq-test-hivemq-platform] [hivemq-platform-operator] [9ea7c533] 20:43:20.980 [pool-6-thread-26] DEBUG c.h.p.o.dependants.PodInfoConfigMap - [helminit] Desired PodInfo ConfigMap (metrics port: 9399) (metrics path: /)
2025-01-28 20:43:20,985 INFO c.h.h.t.HelmChartContainer - [hivemq-test-hivemq-platform] [hivemq-platform-operator] [9ea7c533] 20:43:20.985 [pool-6-thread-26] DEBUG c.h.p.o.dependants.PodInfoConfigMap - [helminit] Desired PodInfo ConfigMap (extension state hash: -1817474005)
2025-01-28 20:43:20,986 INFO c.h.h.t.HelmChartContainer - [hivemq-test-hivemq-platform] [hivemq-platform-operator] [9ea7c533] 20:43:20.982 [pool-6-thread-23] DEBUG c.h.p.o.d.PodServiceAccountResource - [helminit] Desired PodServiceAccountResource (serviceAccountName: hivemq-platform-pod-test-hivemq-platform)
2025-01-28 20:43:20,989 INFO c.h.h.t.HelmChartContainer - [hivemq-test-hivemq-platform] [hivemq-platform-operator] [9ea7c533] 20:43:20.988 [pool-6-thread-26] DEBUG c.h.p.o.d.StatefulSetResource - [helminit] Desired StatefulSet (1 replicas) for status STARTING (READY)
2025-01-28 20:43:21,051 INFO c.h.h.t.HelmChartContainer - [hivemq-test-hivemq-platform] [hivemq-platform-operator] [9ea7c533] 20:43:21.049 [ReconcilerExecutor-hivemq-controller-111] INFO  c.h.p.o.HiveMQPlatformReconciler - [helminit] Reconciling HiveMQ Platform 'test-hivemq-platform' in namespace 'helminitcontainerit'
2025-01-28 20:43:21,054 INFO c.h.h.t.HelmChartContainer - [hivemq-test-hivemq-platform] [hivemq-platform-operator] [9ea7c533] 20:43:21.049 [ReconcilerExecutor-hivemq-controller-111] DEBUG c.h.p.o.HiveMQPlatformReconciler - [helminit] Custom Resource Status STARTING - HiveMQ Platform is starting (READY)
2025-01-28 20:43:21,054 INFO c.h.h.t.HelmChartContainer - [hivemq-test-hivemq-platform] [hivemq-platform-operator] [9ea7c533] 20:43:21.049 [ReconcilerExecutor-hivemq-controller-111] DEBUG c.h.p.o.HiveMQPlatformReconciler - [helminit] Custom Resource Spec (replicas: 1) (extensions: 1)
2025-01-28 20:43:21,054 INFO c.h.h.t.HelmChartContainer - [hivemq-test-hivemq-platform] [hivemq-platform-operator] [9ea7c533] 20:43:21.052 [ReconcilerExecutor-hivemq-controller-111] DEBUG c.h.p.o.HiveMQPlatformReconciler - [helminit] StatefulSet Status (revision: test-hivemq-platform-bdc69c5dd, replicas: 1, available: 0, ready: 0, current: 1, updated: 1)
2025-01-28 20:43:21,054 INFO c.h.h.t.HelmChartContainer - [hivemq-test-hivemq-platform] [hivemq-platform-operator] [9ea7c533] 20:43:21.052 [ReconcilerExecutor-hivemq-controller-111] DEBUG c.h.p.o.HiveMQPlatformReconciler - [helminit] StatefulSet Spec (replicas: 1, init containers: 2, containers: 1, volumes: 4)
2025-01-28 20:43:21,054 INFO c.h.h.t.HelmChartContainer - [hivemq-test-hivemq-platform] [hivemq-platform-operator] [9ea7c533] 20:43:21.054 [ReconcilerExecutor-hivemq-controller-111] DEBUG c.h.p.o.h.HiveMQPlatformReconcilerErrorHandler - [helminit] Pod 'test-hivemq-platform-0' phase Running
2025-01-28 20:43:21,060 INFO c.h.h.t.HelmChartContainer - [hivemq-test-hivemq-platform] [hivemq-platform-operator] [9ea7c533] 20:43:21.057 [ReconcilerExecutor-hivemq-controller-111] INFO  c.h.p.o.h.HiveMQPlatformReconcilerBaseHandler - [helminit] HiveMQ Platform is starting, 0 of 1 replicas are ready
2025-01-28 20:43:21,061 INFO c.h.h.t.HelmChartContainer - [test-hivemq-platform] [hivemq] [5977e263] WARN  - [HiveMQ Platform Operator Init App 1.7.0-SNAPSHOT] Cannot connect to Health API for readiness: null
2025-01-28 20:43:21,070 INFO c.h.h.t.HelmChartContainer - [EVENT] Warning [Unhealthy] Readiness probe failed: HTTP probe failed with statuscode: 503 [helminitcontainerit:test-hivemq-platform-0]
2025-01-28 20:43:21,070 INFO c.h.h.t.HelmChartContainer - Received Unhealthy event for container hivemq in pod test-hivemq-platform-0 [5977e263-4638-443a-989e-d4bf1ffba567]
2025-01-28 20:43:21,072 INFO c.h.h.t.HelmChartContainer - [test-hivemq-platform] [hivemq] [5977e263] INFO  - [HiveMQ Platform Operator Init App 1.7.0-SNAPSHOT] Successfully updated Pod HiveMQ Platform Operator Init App version annotation (version: 1.7.0-SNAPSHOT)
2025-01-28 20:43:25,978 INFO c.h.h.t.HelmChartContainer - [test-hivemq-platform] [hivemq] [5977e263] WARN  - [HiveMQ Platform Operator Init App 1.7.0-SNAPSHOT] Cannot connect to Health API for readiness: null
2025-01-28 20:43:25,983 INFO c.h.h.t.HelmChartContainer - [EVENT] Warning [Unhealthy] Readiness probe failed: HTTP probe failed with statuscode: 503 [helminitcontainerit:test-hivemq-platform-0]
2025-01-28 20:43:25,983 INFO c.h.h.t.HelmChartContainer - Received Unhealthy event for container hivemq in pod test-hivemq-platform-0 [5977e263-4638-443a-989e-d4bf1ffba567]
2025-01-28 20:43:29,960 INFO c.h.h.t.HelmChartContainer - [test-hivemq-platform] [hivemq] [5977e263] WARN  - [HiveMQ Platform Operator Init App 1.7.0-SNAPSHOT] Cannot connect to Health API for liveness: null
2025-01-28 20:43:29,960 INFO c.h.h.t.HelmChartContainer - [test-hivemq-platform] [hivemq] [5977e263] INFO  - [HiveMQ Platform Operator Init App 1.7.0-SNAPSHOT] Returning default Health API response 200 for liveness
2025-01-28 20:43:31,063 INFO c.h.h.t.HelmChartContainer - [test-hivemq-platform] [hivemq] [5977e263] WARN  - [HiveMQ Platform Operator Init App 1.7.0-SNAPSHOT] Cannot connect to Health API for readiness: null
2025-01-28 20:43:31,068 INFO c.h.h.t.HelmChartContainer - [EVENT] Warning [Unhealthy] Readiness probe failed: HTTP probe failed with statuscode: 503 [helminitcontainerit:test-hivemq-platform-0]
2025-01-28 20:43:31,069 INFO c.h.h.t.HelmChartContainer - Received Unhealthy event for container hivemq in pod test-hivemq-platform-0 [5977e263-4638-443a-989e-d4bf1ffba567]
2025-01-28 20:43:31,072 INFO c.h.h.t.HelmChartContainer - [hivemq-test-hivemq-platform] [hivemq-platform-operator] [9ea7c533] 20:43:31.071 [pool-6-thread-35] DEBUG c.h.p.o.d.PlatformServiceResource - [helminit] Desired Platform services (3 services)
2025-01-28 20:43:31,074 INFO c.h.h.t.HelmChartContainer - [hivemq-test-hivemq-platform] [hivemq-platform-operator] [9ea7c533] 20:43:31.074 [pool-6-thread-32] DEBUG c.h.p.o.dependants.PodInfoConfigMap - [helminit] Desired PodInfo ConfigMap (1 extensions) (1 enabled)
2025-01-28 20:43:31,075 INFO c.h.h.t.HelmChartContainer - [hivemq-test-hivemq-platform] [hivemq-platform-operator] [9ea7c533] 20:43:31.074 [pool-6-thread-32] DEBUG c.h.p.o.dependants.PodInfoConfigMap - [helminit] Desired PodInfo ConfigMap (metrics port: 9399) (metrics path: /)
2025-01-28 20:43:31,077 INFO c.h.h.t.HelmChartContainer - [hivemq-test-hivemq-platform] [hivemq-platform-operator] [9ea7c533] 20:43:31.074 [pool-6-thread-32] DEBUG c.h.p.o.dependants.PodInfoConfigMap - [helminit] Desired PodInfo ConfigMap (extension state hash: -1817474005)
2025-01-28 20:43:31,077 INFO c.h.h.t.HelmChartContainer - [hivemq-test-hivemq-platform] [hivemq-platform-operator] [9ea7c533] 20:43:31.075 [pool-6-thread-31] DEBUG c.h.p.o.d.PodServiceAccountResource - [helminit] Desired PodServiceAccountResource (serviceAccountName: hivemq-platform-pod-test-hivemq-platform)
2025-01-28 20:43:31,082 INFO c.h.h.t.HelmChartContainer - [hivemq-test-hivemq-platform] [hivemq-platform-operator] [9ea7c533] 20:43:31.081 [pool-6-thread-35] DEBUG c.h.p.o.d.StatefulSetResource - [helminit] Desired StatefulSet (1 replicas) for status STARTING (READY)
2025-01-28 20:43:31,086 INFO c.h.h.t.HelmChartContainer - [hivemq-test-hivemq-platform] [hivemq-platform-operator] [9ea7c533] 20:43:31.085 [ReconcilerExecutor-hivemq-controller-112] INFO  c.h.p.o.HiveMQPlatformReconciler - [helminit] Reconciling HiveMQ Platform 'test-hivemq-platform' in namespace 'helminitcontainerit'
2025-01-28 20:43:31,087 INFO c.h.h.t.HelmChartContainer - [hivemq-test-hivemq-platform] [hivemq-platform-operator] [9ea7c533] 20:43:31.085 [ReconcilerExecutor-hivemq-controller-112] DEBUG c.h.p.o.HiveMQPlatformReconciler - [helminit] Custom Resource Status STARTING - HiveMQ Platform is starting (READY)
2025-01-28 20:43:31,087 INFO c.h.h.t.HelmChartContainer - [hivemq-test-hivemq-platform] [hivemq-platform-operator] [9ea7c533] 20:43:31.086 [ReconcilerExecutor-hivemq-controller-112] DEBUG c.h.p.o.HiveMQPlatformReconciler - [helminit] Custom Resource Spec (replicas: 1) (extensions: 1)
2025-01-28 20:43:31,088 INFO c.h.h.t.HelmChartContainer - [hivemq-test-hivemq-platform] [hivemq-platform-operator] [9ea7c533] 20:43:31.087 [ReconcilerExecutor-hivemq-controller-112] DEBUG c.h.p.o.HiveMQPlatformReconciler - [helminit] StatefulSet Status (revision: test-hivemq-platform-bdc69c5dd, replicas: 1, available: 0, ready: 0, current: 1, updated: 1)
2025-01-28 20:43:31,089 INFO c.h.h.t.HelmChartContainer - [hivemq-test-hivemq-platform] [hivemq-platform-operator] [9ea7c533] 20:43:31.087 [ReconcilerExecutor-hivemq-controller-112] DEBUG c.h.p.o.HiveMQPlatformReconciler - [helminit] StatefulSet Spec (replicas: 1, init containers: 2, containers: 1, volumes: 4)
2025-01-28 20:43:31,091 INFO c.h.h.t.HelmChartContainer - [hivemq-test-hivemq-platform] [hivemq-platform-operator] [9ea7c533] 20:43:31.091 [ReconcilerExecutor-hivemq-controller-112] DEBUG c.h.p.o.h.HiveMQPlatformReconcilerErrorHandler - [helminit] Pod 'test-hivemq-platform-0' phase Running
2025-01-28 20:43:31,150 INFO c.h.h.t.HelmChartContainer - [hivemq-test-hivemq-platform] [hivemq-platform-operator] [9ea7c533] 20:43:31.149 [ReconcilerExecutor-hivemq-controller-112] INFO  c.h.p.o.h.HiveMQPlatformReconcilerBaseHandler - [helminit] HiveMQ Platform is starting, 0 of 1 replicas are ready
2025-01-28 20:43:32,175 INFO c.h.h.t.HelmChartContainer - [test-hivemq-platform] [hivemq] [5977e263] INFO  - No valid license file found. Using trial license, restricted to 25 connections.
2025-01-28 20:43:34,407 INFO c.h.h.t.HelmChartContainer - [K3S] [range_allocator.go:247] "Successfully synced" key="8e458440c762"
2025-01-28 20:43:35,366 INFO c.h.h.t.HelmChartContainer - [test-hivemq-platform] [hivemq] [5977e263] INFO  - No valid license file for Data Hub found. Using free license, restricted to 1 policy.
2025-01-28 20:43:36,056 INFO c.h.h.t.HelmChartContainer - [test-hivemq-platform] [hivemq] [5977e263] WARN  - [HiveMQ Platform Operator Init App 1.7.0-SNAPSHOT] Cannot connect to Health API for readiness: null
2025-01-28 20:43:36,061 INFO c.h.h.t.HelmChartContainer - [EVENT] Warning [Unhealthy] Readiness probe failed: HTTP probe failed with statuscode: 503 [helminitcontainerit:test-hivemq-platform-0]
2025-01-28 20:43:36,061 INFO c.h.h.t.HelmChartContainer - Received Unhealthy event for container hivemq in pod test-hivemq-platform-0 [5977e263-4638-443a-989e-d4bf1ffba567]
2025-01-28 20:43:36,480 INFO c.h.h.t.HelmChartContainer - [test-hivemq-platform] [hivemq] [5977e263] INFO  - Audit Logger started.
2025-01-28 20:43:36,785 INFO c.h.h.t.HelmChartContainer - [test-hivemq-platform] [hivemq] [5977e263] INFO  - This node uses '1' CPU cores.
2025-01-28 20:43:36,790 INFO c.h.h.t.HelmChartContainer - [test-hivemq-platform] [hivemq] [5977e263] INFO  - Starting HiveMQ Health API on address 0.0.0.0 and port 8889
2025-01-28 20:43:37,566 INFO c.h.h.t.HelmChartContainer - [test-hivemq-platform] [hivemq] [5977e263] INFO  - Started HiveMQ Health API in 776ms
2025-01-28 20:43:38,072 INFO c.h.h.t.HelmChartContainer - [test-hivemq-platform] [hivemq] [5977e263] INFO  - Starting HiveMQ extension system.
2025-01-28 20:43:38,268 INFO c.h.h.t.HelmChartContainer - [test-hivemq-platform] [hivemq] [5977e263] INFO  - Starting extension with id "hivemq-dns-cluster-discovery" at /opt/hivemq/extensions/hivemq-dns-cluster-discovery
2025-01-28 20:43:38,769 INFO c.h.h.t.HelmChartContainer - [test-hivemq-platform] [hivemq] [5977e263] INFO  - Extension "DNS Cluster Discovery Extension" version 4.3.2 started successfully.
2025-01-28 20:43:38,769 INFO c.h.h.t.HelmChartContainer - [test-hivemq-platform] [hivemq] [5977e263] INFO  - Starting extension with id "hivemq-prometheus-extension" at /opt/hivemq/extensions/hivemq-prometheus-extension
2025-01-28 20:43:38,867 INFO c.h.h.t.HelmChartContainer - [test-hivemq-platform] [hivemq] [5977e263] INFO  - Using TCP cluster transport on address 10.42.0.8 and port 7000
2025-01-28 20:43:38,961 INFO c.h.h.t.HelmChartContainer - [test-hivemq-platform] [hivemq] [5977e263] INFO  - Using extension cluster discovery
2025-01-28 20:43:39,769 INFO c.h.h.t.HelmChartContainer - [test-hivemq-platform] [hivemq] [5977e263] INFO  - Started Jetty Server exposing Prometheus Servlet on URI http://0.0.0.0:9399/
2025-01-28 20:43:39,769 INFO c.h.h.t.HelmChartContainer - [test-hivemq-platform] [hivemq] [5977e263] INFO  - Extension "Prometheus Monitoring Extension" version 4.0.12 started successfully.
2025-01-28 20:43:39,769 INFO c.h.h.t.HelmChartContainer - [test-hivemq-platform] [hivemq] [5977e263] INFO  - Starting extension with id "hivemq-allow-all-extension" at /opt/hivemq/extensions/hivemq-allow-all-extension
2025-01-28 20:43:39,770 INFO c.h.h.t.HelmChartContainer - [test-hivemq-platform] [hivemq] [5977e263] WARN  - 
2025-01-28 20:43:39,770 INFO c.h.h.t.HelmChartContainer - [test-hivemq-platform] [hivemq] [5977e263] ################################################################################################################
2025-01-28 20:43:39,770 INFO c.h.h.t.HelmChartContainer - [test-hivemq-platform] [hivemq] [5977e263] # This HiveMQ deployment is not secure! You are lacking Authentication and Authorization.                      #
2025-01-28 20:43:39,770 INFO c.h.h.t.HelmChartContainer - [test-hivemq-platform] [hivemq] [5977e263] # Right now any MQTT client can connect to the broker with a full set of permissions.                          #
2025-01-28 20:43:39,770 INFO c.h.h.t.HelmChartContainer - [test-hivemq-platform] [hivemq] [5977e263] # For production usage, add an appropriate security extension and remove the hivemq-allow-all extension.       #
2025-01-28 20:43:39,770 INFO c.h.h.t.HelmChartContainer - [test-hivemq-platform] [hivemq] [5977e263] # You can download security extensions from the HiveMQ Marketplace (https://www.hivemq.com/extensions/).       #
2025-01-28 20:43:39,770 INFO c.h.h.t.HelmChartContainer - [test-hivemq-platform] [hivemq] [5977e263] ################################################################################################################
2025-01-28 20:43:39,771 INFO c.h.h.t.HelmChartContainer - [test-hivemq-platform] [hivemq] [5977e263] INFO  - Extension "Allow All Extension" version 1.1.1 started successfully.
2025-01-28 20:43:41,157 INFO c.h.h.t.HelmChartContainer - [hivemq-test-hivemq-platform] [hivemq-platform-operator] [9ea7c533] 20:43:41.153 [pool-6-thread-48] DEBUG c.h.p.o.d.PlatformServiceResource - [helminit] Desired Platform services (3 services)
2025-01-28 20:43:41,157 INFO c.h.h.t.HelmChartContainer - [hivemq-test-hivemq-platform] [hivemq-platform-operator] [9ea7c533] 20:43:41.153 [pool-6-thread-43] DEBUG c.h.p.o.dependants.PodInfoConfigMap - [helminit] Desired PodInfo ConfigMap (1 extensions) (1 enabled)
2025-01-28 20:43:41,158 INFO c.h.h.t.HelmChartContainer - [hivemq-test-hivemq-platform] [hivemq-platform-operator] [9ea7c533] 20:43:41.153 [pool-6-thread-43] DEBUG c.h.p.o.dependants.PodInfoConfigMap - [helminit] Desired PodInfo ConfigMap (metrics port: 9399) (metrics path: /)
2025-01-28 20:43:41,158 INFO c.h.h.t.HelmChartContainer - [hivemq-test-hivemq-platform] [hivemq-platform-operator] [9ea7c533] 20:43:41.154 [pool-6-thread-43] DEBUG c.h.p.o.dependants.PodInfoConfigMap - [helminit] Desired PodInfo ConfigMap (extension state hash: -1817474005)
2025-01-28 20:43:41,160 INFO c.h.h.t.HelmChartContainer - [hivemq-test-hivemq-platform] [hivemq-platform-operator] [9ea7c533] 20:43:41.156 [pool-6-thread-41] DEBUG c.h.p.o.d.PodServiceAccountResource - [helminit] Desired PodServiceAccountResource (serviceAccountName: hivemq-platform-pod-test-hivemq-platform)
2025-01-28 20:43:41,171 INFO c.h.h.t.HelmChartContainer - [hivemq-test-hivemq-platform] [hivemq-platform-operator] [9ea7c533] 20:43:41.169 [pool-6-thread-48] DEBUG c.h.p.o.d.StatefulSetResource - [helminit] Desired StatefulSet (1 replicas) for status STARTING (READY)
2025-01-28 20:43:41,176 INFO c.h.h.t.HelmChartContainer - [hivemq-test-hivemq-platform] [hivemq-platform-operator] [9ea7c533] 20:43:41.174 [ReconcilerExecutor-hivemq-controller-113] INFO  c.h.p.o.HiveMQPlatformReconciler - [helminit] Reconciling HiveMQ Platform 'test-hivemq-platform' in namespace 'helminitcontainerit'
2025-01-28 20:43:41,176 INFO c.h.h.t.HelmChartContainer - [hivemq-test-hivemq-platform] [hivemq-platform-operator] [9ea7c533] 20:43:41.174 [ReconcilerExecutor-hivemq-controller-113] DEBUG c.h.p.o.HiveMQPlatformReconciler - [helminit] Custom Resource Status STARTING - HiveMQ Platform is starting (READY)
2025-01-28 20:43:41,176 INFO c.h.h.t.HelmChartContainer - [hivemq-test-hivemq-platform] [hivemq-platform-operator] [9ea7c533] 20:43:41.174 [ReconcilerExecutor-hivemq-controller-113] DEBUG c.h.p.o.HiveMQPlatformReconciler - [helminit] Custom Resource Spec (replicas: 1) (extensions: 1)
2025-01-28 20:43:41,180 INFO c.h.h.t.HelmChartContainer - [hivemq-test-hivemq-platform] [hivemq-platform-operator] [9ea7c533] 20:43:41.177 [ReconcilerExecutor-hivemq-controller-113] DEBUG c.h.p.o.HiveMQPlatformReconciler - [helminit] StatefulSet Status (revision: test-hivemq-platform-bdc69c5dd, replicas: 1, available: 0, ready: 0, current: 1, updated: 1)
2025-01-28 20:43:41,180 INFO c.h.h.t.HelmChartContainer - [hivemq-test-hivemq-platform] [hivemq-platform-operator] [9ea7c533] 20:43:41.177 [ReconcilerExecutor-hivemq-controller-113] DEBUG c.h.p.o.HiveMQPlatformReconciler - [helminit] StatefulSet Spec (replicas: 1, init containers: 2, containers: 1, volumes: 4)
2025-01-28 20:43:41,180 INFO c.h.h.t.HelmChartContainer - [hivemq-test-hivemq-platform] [hivemq-platform-operator] [9ea7c533] 20:43:41.179 [ReconcilerExecutor-hivemq-controller-113] DEBUG c.h.p.o.h.HiveMQPlatformReconcilerErrorHandler - [helminit] Pod 'test-hivemq-platform-0' phase Running
2025-01-28 20:43:41,182 INFO c.h.h.t.HelmChartContainer - [hivemq-test-hivemq-platform] [hivemq-platform-operator] [9ea7c533] 20:43:41.181 [ReconcilerExecutor-hivemq-controller-113] INFO  c.h.p.o.h.HiveMQPlatformReconcilerBaseHandler - [helminit] HiveMQ Platform is starting, 0 of 1 replicas are ready
2025-01-28 20:43:41,458 INFO c.h.h.t.HelmChartContainer - [test-hivemq-platform] [hivemq] [5977e263] INFO  - [HiveMQ Platform Operator Init App 1.7.0-SNAPSHOT] Returning Health API response 503 for readiness
2025-01-28 20:43:41,462 INFO c.h.h.t.HelmChartContainer - [EVENT] Warning [Unhealthy] Readiness probe failed: HTTP probe failed with statuscode: 503 [helminitcontainerit:test-hivemq-platform-0]
2025-01-28 20:43:41,462 INFO c.h.h.t.HelmChartContainer - Received Unhealthy event for container hivemq in pod test-hivemq-platform-0 [5977e263-4638-443a-989e-d4bf1ffba567]
2025-01-28 20:43:41,860 INFO c.h.h.t.HelmChartContainer - [test-hivemq-platform] [hivemq] [5977e263] INFO  - A4KsU: no members discovered after 2198 ms: creating cluster as first member
2025-01-28 20:43:41,866 INFO c.h.h.t.HelmChartContainer - [test-hivemq-platform] [hivemq] [5977e263] INFO  - Cluster nodes found by discovery: [A4KsU|0] (1) [A4KsU].
2025-01-28 20:43:41,884 INFO c.h.h.t.HelmChartContainer - [test-hivemq-platform] [hivemq] [5977e263] WARN  - No user for HiveMQ Control Center configured. Starting with default user
2025-01-28 20:43:41,884 INFO c.h.h.t.HelmChartContainer - [test-hivemq-platform] [hivemq] [5977e263] INFO  - Starting HiveMQ Control Center on address 0.0.0.0 and port 8080
2025-01-28 20:43:41,956 INFO c.h.h.t.HelmChartContainer - [test-hivemq-platform] [hivemq] [5977e263] INFO  - Mounting HiveMQ Control Center V2 Preview
2025-01-28 20:43:42,471 INFO c.h.h.t.HelmChartContainer - [test-hivemq-platform] [hivemq] [5977e263] INFO  - Started HiveMQ Control Center in 587ms
2025-01-28 20:43:42,556 INFO c.h.h.t.HelmChartContainer - [test-hivemq-platform] [hivemq] [5977e263] INFO  - Starting TCP listener on address 0.0.0.0 and port 1883
2025-01-28 20:43:42,569 INFO c.h.h.t.HelmChartContainer - [test-hivemq-platform] [hivemq] [5977e263] INFO  - Started TCP Listener on address 0.0.0.0 and on port 1883.
2025-01-28 20:43:42,570 INFO c.h.h.t.HelmChartContainer - [test-hivemq-platform] [hivemq] [5977e263] INFO  - Started HiveMQ in 30603ms
2025-01-28 20:43:45,980 INFO c.h.h.t.HelmChartContainer - [test-hivemq-platform] [hivemq] [5977e263] INFO  - [HiveMQ Platform Operator Init App 1.7.0-SNAPSHOT] Returning Health API response 200 for readiness
2025-01-28 20:43:45,995 INFO c.h.h.t.HelmChartContainer - [POD] test-hivemq-platform-0 [5977e263-4638-443a-989e-d4bf1ffba567] in helminitcontainerit was MODIFIED
2025-01-28 20:43:46,004 INFO c.h.h.t.HelmChartContainer - [hivemq-test-hivemq-platform] [hivemq-platform-operator] [9ea7c533] 20:43:46.002 [pool-6-thread-4] DEBUG c.h.p.o.d.PodServiceAccountResource - [helminit] Desired PodServiceAccountResource (serviceAccountName: hivemq-platform-pod-test-hivemq-platform)
2025-01-28 20:43:46,004 INFO c.h.h.t.HelmChartContainer - [hivemq-test-hivemq-platform] [hivemq-platform-operator] [9ea7c533] 20:43:46.001 [pool-6-thread-9] DEBUG c.h.p.o.d.PlatformServiceResource - [helminit] Desired Platform services (3 services)
2025-01-28 20:43:46,004 INFO c.h.h.t.HelmChartContainer - [hivemq-test-hivemq-platform] [hivemq-platform-operator] [9ea7c533] 20:43:46.004 [pool-6-thread-2] DEBUG c.h.p.o.dependants.PodInfoConfigMap - [helminit] Desired PodInfo ConfigMap (1 extensions) (1 enabled)
2025-01-28 20:43:46,006 INFO c.h.h.t.HelmChartContainer - [hivemq-test-hivemq-platform] [hivemq-platform-operator] [9ea7c533] 20:43:46.004 [pool-6-thread-2] DEBUG c.h.p.o.dependants.PodInfoConfigMap - [helminit] Desired PodInfo ConfigMap (metrics port: 9399) (metrics path: /)
2025-01-28 20:43:46,006 INFO c.h.h.t.HelmChartContainer - [hivemq-test-hivemq-platform] [hivemq-platform-operator] [9ea7c533] 20:43:46.004 [pool-6-thread-2] DEBUG c.h.p.o.dependants.PodInfoConfigMap - [helminit] Desired PodInfo ConfigMap (extension state hash: -1817474005)
2025-01-28 20:43:46,087 INFO c.h.h.t.HelmChartContainer - [hivemq-test-hivemq-platform] [hivemq-platform-operator] [9ea7c533] 20:43:46.085 [pool-6-thread-9] DEBUG c.h.p.o.d.StatefulSetResource - [helminit] Desired StatefulSet (1 replicas) for status STARTING (READY)
2025-01-28 20:43:46,090 INFO c.h.h.t.HelmChartContainer - [hivemq-test-hivemq-platform] [hivemq-platform-operator] [9ea7c533] 20:43:46.089 [ReconcilerExecutor-hivemq-controller-114] INFO  c.h.p.o.HiveMQPlatformReconciler - [helminit] Reconciling HiveMQ Platform 'test-hivemq-platform' in namespace 'helminitcontainerit'
2025-01-28 20:43:46,091 INFO c.h.h.t.HelmChartContainer - [hivemq-test-hivemq-platform] [hivemq-platform-operator] [9ea7c533] 20:43:46.090 [ReconcilerExecutor-hivemq-controller-114] DEBUG c.h.p.o.HiveMQPlatformReconciler - [helminit] Custom Resource Status STARTING - HiveMQ Platform is starting (READY)
2025-01-28 20:43:46,091 INFO c.h.h.t.HelmChartContainer - [hivemq-test-hivemq-platform] [hivemq-platform-operator] [9ea7c533] 20:43:46.090 [ReconcilerExecutor-hivemq-controller-114] DEBUG c.h.p.o.HiveMQPlatformReconciler - [helminit] Custom Resource Spec (replicas: 1) (extensions: 1)
2025-01-28 20:43:46,093 INFO c.h.h.t.HelmChartContainer - [hivemq-test-hivemq-platform] [hivemq-platform-operator] [9ea7c533] 20:43:46.092 [ReconcilerExecutor-hivemq-controller-114] DEBUG c.h.p.o.HiveMQPlatformReconciler - [helminit] StatefulSet Status (revision: test-hivemq-platform-bdc69c5dd, replicas: 1, available: 1, ready: 1, current: 1, updated: 1)
2025-01-28 20:43:46,093 INFO c.h.h.t.HelmChartContainer - [hivemq-test-hivemq-platform] [hivemq-platform-operator] [9ea7c533] 20:43:46.092 [ReconcilerExecutor-hivemq-controller-114] DEBUG c.h.p.o.HiveMQPlatformReconciler - [helminit] StatefulSet Spec (replicas: 1, init containers: 2, containers: 1, volumes: 4)
2025-01-28 20:43:46,094 INFO c.h.h.t.HelmChartContainer - [hivemq-test-hivemq-platform] [hivemq-platform-operator] [9ea7c533] 20:43:46.094 [ReconcilerExecutor-hivemq-controller-114] DEBUG c.h.p.o.h.HiveMQPlatformReconcilerErrorHandler - [helminit] Pod 'test-hivemq-platform-0' phase Running
2025-01-28 20:43:46,095 INFO c.h.h.t.HelmChartContainer - [hivemq-test-hivemq-platform] [hivemq-platform-operator] [9ea7c533] 20:43:46.095 [ReconcilerExecutor-hivemq-controller-114] INFO  c.h.p.o.h.HiveMQPlatformReconcilerBaseHandler - [helminit] HiveMQ Platform started successfully
2025-01-28 20:43:46,195 INFO c.h.h.t.HelmChartContainer - [hivemq-test-hivemq-platform] [hivemq-platform-operator] [9ea7c533] 20:43:46.194 [ReconcilerExecutor-hivemq-controller-114] DEBUG c.h.p.operator.event.EventSender - [helminit] Creating K8s event hivemq-platform-ready: [Ready] HiveMQ Platform is ready
2025-01-28 20:43:46,199 INFO c.h.h.t.HelmChartContainer - [EVENT] Normal [Ready] HiveMQ Platform is ready [helminitcontainerit:test-hivemq-platform]
2025-01-28 20:43:46,200 INFO c.h.h.t.HelmChartContainer - [hivemq-test-hivemq-platform] [hivemq-platform-operator] [9ea7c533] 20:43:46.199 [ReconcilerExecutor-hivemq-controller-114] INFO  c.h.p.o.h.AbstractHiveMQReconcilerStateHandler - [helminit] Update HiveMQ Platform Status (STARTING [READY] -> RUNNING [READY]): HiveMQ Platform is ready
2025-01-28 20:43:46,206 DEBUG com.hivemq.helmcharts.util.K8sUtil - Comparing actual state 'RUNNING' and waiting for 'RUNNING'
2025-01-28 20:43:46,212 INFO c.h.h.t.HelmChartContainer - [hivemq-test-hivemq-platform] [hivemq-platform-operator] [9ea7c533] 20:43:46.211 [pool-6-thread-16] DEBUG c.h.p.o.d.PlatformServiceResource - [helminit] Desired Platform services (3 services)
2025-01-28 20:43:46,213 INFO c.h.h.t.HelmChartContainer - [hivemq-test-hivemq-platform] [hivemq-platform-operator] [9ea7c533] 20:43:46.211 [pool-6-thread-11] DEBUG c.h.p.o.d.PodServiceAccountResource - [helminit] Desired PodServiceAccountResource (serviceAccountName: hivemq-platform-pod-test-hivemq-platform)
2025-01-28 20:43:46,289 INFO c.h.h.t.HelmChartContainer - [hivemq-test-hivemq-platform] [hivemq-platform-operator] [9ea7c533] 20:43:46.286 [pool-6-thread-15] DEBUG c.h.p.o.dependants.PodInfoConfigMap - [helminit] Desired PodInfo ConfigMap (1 extensions) (1 enabled)
2025-01-28 20:43:46,289 INFO c.h.h.t.HelmChartContainer - [hivemq-test-hivemq-platform] [hivemq-platform-operator] [9ea7c533] 20:43:46.286 [pool-6-thread-15] DEBUG c.h.p.o.dependants.PodInfoConfigMap - [helminit] Desired PodInfo ConfigMap (metrics port: 9399) (metrics path: /)
2025-01-28 20:43:46,289 INFO c.h.h.t.HelmChartContainer - [hivemq-test-hivemq-platform] [hivemq-platform-operator] [9ea7c533] 20:43:46.286 [pool-6-thread-15] DEBUG c.h.p.o.dependants.PodInfoConfigMap - [helminit] Desired PodInfo ConfigMap (extension state hash: -1817474005)
2025-01-28 20:43:46,289 INFO c.h.h.t.HelmChartContainer - [hivemq-test-hivemq-platform] [hivemq-platform-operator] [9ea7c533] 20:43:46.286 [pool-6-thread-15] DEBUG c.h.p.o.dependants.PodInfoConfigMap - [helminit] Update PodInfo ConfigMap
2025-01-28 20:43:46,297 INFO c.h.h.t.HelmChartContainer - [hivemq-test-hivemq-platform] [hivemq-platform-operator] [9ea7c533] 20:43:46.296 [pool-6-thread-15] DEBUG c.h.p.o.d.StatefulSetResource - [helminit] Desired StatefulSet (1 replicas) for status RUNNING (READY)
2025-01-28 20:43:46,300 INFO c.h.h.t.HelmChartContainer - [hivemq-test-hivemq-platform] [hivemq-platform-operator] [9ea7c533] 20:43:46.299 [ReconcilerExecutor-hivemq-controller-115] INFO  c.h.p.o.HiveMQPlatformReconciler - [helminit] Reconciling HiveMQ Platform 'test-hivemq-platform' in namespace 'helminitcontainerit'
2025-01-28 20:43:46,300 INFO c.h.h.t.HelmChartContainer - [hivemq-test-hivemq-platform] [hivemq-platform-operator] [9ea7c533] 20:43:46.300 [ReconcilerExecutor-hivemq-controller-115] DEBUG c.h.p.o.HiveMQPlatformReconciler - [helminit] Custom Resource Status RUNNING - HiveMQ Platform is ready (READY)
2025-01-28 20:43:46,300 INFO c.h.h.t.HelmChartContainer - [hivemq-test-hivemq-platform] [hivemq-platform-operator] [9ea7c533] 20:43:46.300 [ReconcilerExecutor-hivemq-controller-115] DEBUG c.h.p.o.HiveMQPlatformReconciler - [helminit] Custom Resource Spec (replicas: 1) (extensions: 1)
2025-01-28 20:43:46,302 INFO c.h.h.t.HelmChartContainer - [hivemq-test-hivemq-platform] [hivemq-platform-operator] [9ea7c533] 20:43:46.301 [ReconcilerExecutor-hivemq-controller-115] DEBUG c.h.p.o.HiveMQPlatformReconciler - [helminit] StatefulSet Status (revision: test-hivemq-platform-bdc69c5dd, replicas: 1, available: 1, ready: 1, current: 1, updated: 1)
2025-01-28 20:43:46,302 INFO c.h.h.t.HelmChartContainer - [hivemq-test-hivemq-platform] [hivemq-platform-operator] [9ea7c533] 20:43:46.301 [ReconcilerExecutor-hivemq-controller-115] DEBUG c.h.p.o.HiveMQPlatformReconciler - [helminit] StatefulSet Spec (replicas: 1, init containers: 2, containers: 1, volumes: 4)
2025-01-28 20:43:46,386 INFO c.h.h.t.HelmChartContainer - [hivemq-test-hivemq-platform] [hivemq-platform-operator] [9ea7c533] 20:43:46.384 [ReconcilerExecutor-hivemq-controller-115] DEBUG c.h.p.o.h.HiveMQPlatformReconcilerErrorHandler - [helminit] Pod 'test-hivemq-platform-0' phase Running
2025-01-28 20:43:50,314 INFO c.h.h.t.HelmChartContainer - Uninstalling release 'test-hivemq-platform' in namespace 'helminitcontainerit'...
2025-01-28 20:43:50,315 DEBUG c.h.h.t.HelmChartContainer - Executing helm command: /bin/helm --kubeconfig /etc/rancher/k3s/k3s.yaml uninstall test-hivemq-platform  --wait --timeout 5m0s --cascade foreground --namespace helminitcontainerit
2025-01-28 20:43:50,499 INFO c.h.h.t.HelmChartContainer - [hivemq-test-hivemq-platform] [hivemq-platform-operator] [9ea7c533] 20:43:50.495 [pool-6-thread-29] DEBUG c.h.p.o.d.PlatformServiceResource - [helminit] Desired Platform services (3 services)
2025-01-28 20:43:50,503 INFO c.h.h.t.HelmChartContainer - [hivemq-test-hivemq-platform] [hivemq-platform-operator] [9ea7c533] 20:43:50.498 [pool-6-thread-28] DEBUG c.h.p.o.dependants.PodInfoConfigMap - [helminit] Desired PodInfo ConfigMap (1 extensions) (1 enabled)
2025-01-28 20:43:50,506 INFO c.h.h.t.HelmChartContainer - [hivemq-test-hivemq-platform] [hivemq-platform-operator] [9ea7c533] 20:43:50.501 [pool-6-thread-28] DEBUG c.h.p.o.dependants.PodInfoConfigMap - [helminit] Desired PodInfo ConfigMap (metrics port: 9399) (metrics path: /)
2025-01-28 20:43:50,507 INFO c.h.h.t.HelmChartContainer - [hivemq-test-hivemq-platform] [hivemq-platform-operator] [9ea7c533] 20:43:50.501 [pool-6-thread-28] DEBUG c.h.p.o.dependants.PodInfoConfigMap - [helminit] Desired PodInfo ConfigMap (extension state hash: -1817474005)
2025-01-28 20:43:50,552 INFO c.h.h.t.HelmChartContainer - [hivemq-test-hivemq-platform] [hivemq-platform-operator] [9ea7c533] 20:43:50.501 [pool-6-thread-21] DEBUG c.h.p.o.d.PodServiceAccountResource - [helminit] Desired PodServiceAccountResource (serviceAccountName: hivemq-platform-pod-test-hivemq-platform)
2025-01-28 20:43:50,553 INFO c.h.h.t.HelmChartContainer - [hivemq-test-hivemq-platform] [hivemq-platform-operator] [9ea7c533] 20:43:50.552 [pool-6-thread-24] DEBUG c.h.p.o.d.StatefulSetResource - [helminit] Desired StatefulSet (1 replicas) for status RUNNING (READY)
2025-01-28 20:43:50,587 INFO c.h.h.t.HelmChartContainer - [hivemq-test-hivemq-platform] [hivemq-platform-operator] [9ea7c533] 20:43:50.584 [ReconcilerExecutor-hivemq-controller-116] INFO  c.h.p.o.HiveMQPlatformReconciler - [helminit] Reconciling HiveMQ Platform 'test-hivemq-platform' in namespace 'helminitcontainerit'
2025-01-28 20:43:50,587 INFO c.h.h.t.HelmChartContainer - [hivemq-test-hivemq-platform] [hivemq-platform-operator] [9ea7c533] 20:43:50.584 [ReconcilerExecutor-hivemq-controller-116] DEBUG c.h.p.o.HiveMQPlatformReconciler - [helminit] Custom Resource Status RUNNING - HiveMQ Platform is ready (READY)
2025-01-28 20:43:50,587 INFO c.h.h.t.HelmChartContainer - [hivemq-test-hivemq-platform] [hivemq-platform-operator] [9ea7c533] 20:43:50.584 [ReconcilerExecutor-hivemq-controller-116] DEBUG c.h.p.o.HiveMQPlatformReconciler - [helminit] Custom Resource Spec (replicas: 1) (extensions: 1)
2025-01-28 20:43:50,587 INFO c.h.h.t.HelmChartContainer - [hivemq-test-hivemq-platform] [hivemq-platform-operator] [9ea7c533] 20:43:50.585 [ReconcilerExecutor-hivemq-controller-116] WARN  c.h.p.o.h.HiveMQPlatformReconcilerErrorHandler - [helminit] Could not find ConfigMap 'hivemq-configuration-test-hivemq-platform' for HiveMQ Platform configuration
2025-01-28 20:43:50,753 INFO c.h.h.t.HelmChartContainer - [hivemq-test-hivemq-platform] [hivemq-platform-operator] [9ea7c533] 20:43:50.752 [ReconcilerExecutor-hivemq-controller-116] DEBUG c.h.p.operator.event.EventSender - [helminit] Creating K8s event hivemq-platform-invalid-configuration: [Start] Could not find ConfigMap 'hivemq-configuration-test-hivemq-platform' for HiveMQ Platform configuration
2025-01-28 20:43:50,757 INFO c.h.h.t.HelmChartContainer - [EVENT] Warning [Start] Could not find ConfigMap 'hivemq-configuration-test-hivemq-platform' for HiveMQ Platform configuration [helminitcontainerit:test-hivemq-platform]
2025-01-28 20:43:50,758 INFO c.h.h.t.HelmChartContainer - [hivemq-test-hivemq-platform] [hivemq-platform-operator] [9ea7c533] 20:43:50.757 [ReconcilerExecutor-hivemq-controller-116] INFO  c.h.p.o.h.AbstractHiveMQReconcilerStateHandler - [helminit] Update HiveMQ Platform Status (RUNNING [READY] -> ERROR [INVALID_CONFIG_MAP]): Could not find ConfigMap 'hivemq-configuration-test-hivemq-platform' for HiveMQ Platform configuration
2025-01-28 20:43:50,795 INFO c.h.h.t.HelmChartContainer - [hivemq-test-hivemq-platform] [hivemq-platform-operator] [9ea7c533] 20:43:50.791 [ReconcilerExecutor-hivemq-controller-116] ERROR i.j.o.p.event.EventProcessor - Error during event processing ExecutionScope{ resource id: ResourceID{name='test-hivemq-platform', namespace='helminitcontainerit'}, version: 884}
2025-01-28 20:43:50,795 INFO c.h.h.t.HelmChartContainer - [hivemq-test-hivemq-platform] [hivemq-platform-operator] [9ea7c533] io.fabric8.kubernetes.client.KubernetesClientException: Failure executing: PUT at: https://10.43.0.1:443/apis/hivemq.com/v1/namespaces/helminitcontainerit/hivemq-platforms/test-hivemq-platform/status. Message: Operation cannot be fulfilled on hivemq-platforms.hivemq.com "test-hivemq-platform": the object has been modified; please apply your changes to the latest version and try again. Received status: Status(apiVersion=v1, code=409, details=StatusDetails(causes=[], group=hivemq.com, kind=hivemq-platforms, name=test-hivemq-platform, retryAfterSeconds=null, uid=null, additionalProperties={}), kind=Status, message=Operation cannot be fulfilled on hivemq-platforms.hivemq.com "test-hivemq-platform": the object has been modified; please apply your changes to the latest version and try again, metadata=ListMeta(_continue=null, remainingItemCount=null, resourceVersion=null, selfLink=null, additionalProperties={}), reason=Conflict, status=Failure, additionalProperties={}).
2025-01-28 20:43:50,795 INFO c.h.h.t.HelmChartContainer - [hivemq-test-hivemq-platform] [hivemq-platform-operator] [9ea7c533] 	at io.fabric8.kubernetes.client.KubernetesClientException.copyAsCause(KubernetesClientException.java:238)
2025-01-28 20:43:50,795 INFO c.h.h.t.HelmChartContainer - [hivemq-test-hivemq-platform] [hivemq-platform-operator] [9ea7c533] 	at io.fabric8.kubernetes.client.dsl.internal.OperationSupport.waitForResult(OperationSupport.java:507)
2025-01-28 20:43:50,795 INFO c.h.h.t.HelmChartContainer - [hivemq-test-hivemq-platform] [hivemq-platform-operator] [9ea7c533] 	at io.fabric8.kubernetes.client.dsl.internal.OperationSupport.handleResponse(OperationSupport.java:524)
2025-01-28 20:43:50,795 INFO c.h.h.t.HelmChartContainer - [hivemq-test-hivemq-platform] [hivemq-platform-operator] [9ea7c533] 	at io.fabric8.kubernetes.client.dsl.internal.OperationSupport.handleUpdate(OperationSupport.java:358)
2025-01-28 20:43:50,795 INFO c.h.h.t.HelmChartContainer - [hivemq-test-hivemq-platform] [hivemq-platform-operator] [9ea7c533] 	at io.fabric8.kubernetes.client.dsl.internal.BaseOperation.handleUpdate(BaseOperation.java:759)
2025-01-28 20:43:50,795 INFO c.h.h.t.HelmChartContainer - [hivemq-test-hivemq-platform] [hivemq-platform-operator] [9ea7c533] 	at io.fabric8.kubernetes.client.dsl.internal.HasMetadataOperation.update(HasMetadataOperation.java:138)
2025-01-28 20:43:50,795 INFO c.h.h.t.HelmChartContainer - [hivemq-test-hivemq-platform] [hivemq-platform-operator] [9ea7c533] 	at io.fabric8.kubernetes.client.dsl.internal.HasMetadataOperation.update(HasMetadataOperation.java:121)
2025-01-28 20:43:50,795 INFO c.h.h.t.HelmChartContainer - [hivemq-test-hivemq-platform] [hivemq-platform-operator] [9ea7c533] 	at io.fabric8.kubernetes.client.dsl.internal.HasMetadataOperation.updateStatus(HasMetadataOperation.java:126)
2025-01-28 20:43:50,795 INFO c.h.h.t.HelmChartContainer - [hivemq-test-hivemq-platform] [hivemq-platform-operator] [9ea7c533] 	at io.fabric8.kubernetes.client.dsl.internal.HasMetadataOperation.updateStatus(HasMetadataOperation.java:44)
2025-01-28 20:43:50,795 INFO c.h.h.t.HelmChartContainer - [hivemq-test-hivemq-platform] [hivemq-platform-operator] [9ea7c533] 	at io.javaoperatorsdk.operator.processing.event.ReconciliationDispatcher$CustomResourceFacade.updateStatus(ReconciliationDispatcher.java:408)
2025-01-28 20:43:50,796 INFO c.h.h.t.HelmChartContainer - [hivemq-test-hivemq-platform] [hivemq-platform-operator] [9ea7c533] 	at io.javaoperatorsdk.operator.processing.event.ReconciliationDispatcher.updateStatusGenerationAware(ReconciliationDispatcher.java:228)
2025-01-28 20:43:50,796 INFO c.h.h.t.HelmChartContainer - [hivemq-test-hivemq-platform] [hivemq-platform-operator] [9ea7c533] 	at io.javaoperatorsdk.operator.processing.event.ReconciliationDispatcher.reconcileExecution(ReconciliationDispatcher.java:150)
2025-01-28 20:43:50,796 INFO c.h.h.t.HelmChartContainer - [hivemq-test-hivemq-platform] [hivemq-platform-operator] [9ea7c533] 	at io.javaoperatorsdk.operator.processing.event.ReconciliationDispatcher.handleReconcile(ReconciliationDispatcher.java:117)
2025-01-28 20:43:50,796 INFO c.h.h.t.HelmChartContainer - [hivemq-test-hivemq-platform] [hivemq-platform-operator] [9ea7c533] 	at io.javaoperatorsdk.operator.processing.event.ReconciliationDispatcher.handleDispatch(ReconciliationDispatcher.java:91)
2025-01-28 20:43:50,796 INFO c.h.h.t.HelmChartContainer - [hivemq-test-hivemq-platform] [hivemq-platform-operator] [9ea7c533] 	at io.javaoperatorsdk.operator.processing.event.ReconciliationDispatcher.handleExecution(ReconciliationDispatcher.java:64)
2025-01-28 20:43:50,796 INFO c.h.h.t.HelmChartContainer - [hivemq-test-hivemq-platform] [hivemq-platform-operator] [9ea7c533] 	at io.javaoperatorsdk.operator.processing.event.EventProcessor$ReconcilerExecutor.run(EventProcessor.java:452)
2025-01-28 20:43:50,796 INFO c.h.h.t.HelmChartContainer - [hivemq-test-hivemq-platform] [hivemq-platform-operator] [9ea7c533] 	at java.base/java.util.concurrent.ThreadPoolExecutor.runWorker(Unknown Source)
2025-01-28 20:43:50,796 INFO c.h.h.t.HelmChartContainer - [hivemq-test-hivemq-platform] [hivemq-platform-operator] [9ea7c533] 	at java.base/java.util.concurrent.ThreadPoolExecutor$Worker.run(Unknown Source)
2025-01-28 20:43:50,796 INFO c.h.h.t.HelmChartContainer - [hivemq-test-hivemq-platform] [hivemq-platform-operator] [9ea7c533] 	at java.base/java.lang.Thread.run(Unknown Source)
2025-01-28 20:43:50,796 INFO c.h.h.t.HelmChartContainer - [hivemq-test-hivemq-platform] [hivemq-platform-operator] [9ea7c533] Caused by: io.fabric8.kubernetes.client.KubernetesClientException: Failure executing: PUT at: https://10.43.0.1:443/apis/hivemq.com/v1/namespaces/helminitcontainerit/hivemq-platforms/test-hivemq-platform/status. Message: Operation cannot be fulfilled on hivemq-platforms.hivemq.com "test-hivemq-platform": the object has been modified; please apply your changes to the latest version and try again. Received status: Status(apiVersion=v1, code=409, details=StatusDetails(causes=[], group=hivemq.com, kind=hivemq-platforms, name=test-hivemq-platform, retryAfterSeconds=null, uid=null, additionalProperties={}), kind=Status, message=Operation cannot be fulfilled on hivemq-platforms.hivemq.com "test-hivemq-platform": the object has been modified; please apply your changes to the latest version and try again, metadata=ListMeta(_continue=null, remainingItemCount=null, resourceVersion=null, selfLink=null, additionalProperties={}), reason=Conflict, status=Failure, additionalProperties={}).
2025-01-28 20:43:50,796 INFO c.h.h.t.HelmChartContainer - [hivemq-test-hivemq-platform] [hivemq-platform-operator] [9ea7c533] 	at io.fabric8.kubernetes.client.dsl.internal.OperationSupport.requestFailure(OperationSupport.java:660)
2025-01-28 20:43:50,796 INFO c.h.h.t.HelmChartContainer - [hivemq-test-hivemq-platform] [hivemq-platform-operator] [9ea7c533] 	at io.fabric8.kubernetes.client.dsl.internal.OperationSupport.requestFailure(OperationSupport.java:640)
2025-01-28 20:43:50,796 INFO c.h.h.t.HelmChartContainer - [hivemq-test-hivemq-platform] [hivemq-platform-operator] [9ea7c533] 	at io.fabric8.kubernetes.client.dsl.internal.OperationSupport.assertResponseCode(OperationSupport.java:589)
2025-01-28 20:43:50,796 INFO c.h.h.t.HelmChartContainer - [hivemq-test-hivemq-platform] [hivemq-platform-operator] [9ea7c533] 	at io.fabric8.kubernetes.client.dsl.internal.OperationSupport.lambda$handleResponse$0(OperationSupport.java:549)
2025-01-28 20:43:50,796 INFO c.h.h.t.HelmChartContainer - [hivemq-test-hivemq-platform] [hivemq-platform-operator] [9ea7c533] 	at java.base/java.util.concurrent.CompletableFuture$UniApply.tryFire(Unknown Source)
2025-01-28 20:43:50,796 INFO c.h.h.t.HelmChartContainer - [hivemq-test-hivemq-platform] [hivemq-platform-operator] [9ea7c533] 	at java.base/java.util.concurrent.CompletableFuture.postComplete(Unknown Source)
2025-01-28 20:43:50,797 INFO c.h.h.t.HelmChartContainer - [hivemq-test-hivemq-platform] [hivemq-platform-operator] [9ea7c533] 	at java.base/java.util.concurrent.CompletableFuture.complete(Unknown Source)
2025-01-28 20:43:50,797 INFO c.h.h.t.HelmChartContainer - [hivemq-test-hivemq-platform] [hivemq-platform-operator] [9ea7c533] 	at io.fabric8.kubernetes.client.http.StandardHttpClient.lambda$completeOrCancel$10(StandardHttpClient.java:141)
2025-01-28 20:43:50,797 INFO c.h.h.t.HelmChartContainer - [hivemq-test-hivemq-platform] [hivemq-platform-operator] [9ea7c533] 	at java.base/java.util.concurrent.CompletableFuture.uniWhenComplete(Unknown Source)
2025-01-28 20:43:50,797 INFO c.h.h.t.HelmChartContainer - [hivemq-test-hivemq-platform] [hivemq-platform-operator] [9ea7c533] 	at java.base/java.util.concurrent.CompletableFuture$UniWhenComplete.tryFire(Unknown Source)
2025-01-28 20:43:50,797 INFO c.h.h.t.HelmChartContainer - [hivemq-test-hivemq-platform] [hivemq-platform-operator] [9ea7c533] 	at java.base/java.util.concurrent.CompletableFuture.postComplete(Unknown Source)
2025-01-28 20:43:50,797 INFO c.h.h.t.HelmChartContainer - [hivemq-test-hivemq-platform] [hivemq-platform-operator] [9ea7c533] 	at java.base/java.util.concurrent.CompletableFuture.complete(Unknown Source)
2025-01-28 20:43:50,797 INFO c.h.h.t.HelmChartContainer - [hivemq-test-hivemq-platform] [hivemq-platform-operator] [9ea7c533] 	at io.fabric8.kubernetes.client.http.ByteArrayBodyHandler.onBodyDone(ByteArrayBodyHandler.java:51)
2025-01-28 20:43:50,797 INFO c.h.h.t.HelmChartContainer - [hivemq-test-hivemq-platform] [hivemq-platform-operator] [9ea7c533] 	at java.base/java.util.concurrent.CompletableFuture.uniWhenComplete(Unknown Source)
2025-01-28 20:43:50,797 INFO c.h.h.t.HelmChartContainer - [hivemq-test-hivemq-platform] [hivemq-platform-operator] [9ea7c533] 	at java.base/java.util.concurrent.CompletableFuture$UniWhenComplete.tryFire(Unknown Source)
2025-01-28 20:43:50,797 INFO c.h.h.t.HelmChartContainer - [hivemq-test-hivemq-platform] [hivemq-platform-operator] [9ea7c533] 	at java.base/java.util.concurrent.CompletableFuture.postComplete(Unknown Source)
2025-01-28 20:43:50,797 INFO c.h.h.t.HelmChartContainer - [hivemq-test-hivemq-platform] [hivemq-platform-operator] [9ea7c533] 	at java.base/java.util.concurrent.CompletableFuture.complete(Unknown Source)
2025-01-28 20:43:50,797 INFO c.h.h.t.HelmChartContainer - [hivemq-test-hivemq-platform] [hivemq-platform-operator] [9ea7c533] 	at io.fabric8.kubernetes.client.vertx.VertxHttpRequest.lambda$null$1(VertxHttpRequest.java:121)
2025-01-28 20:43:50,797 INFO c.h.h.t.HelmChartContainer - [hivemq-test-hivemq-platform] [hivemq-platform-operator] [9ea7c533] 	at io.vertx.core.impl.ContextInternal.dispatch(ContextInternal.java:279)
2025-01-28 20:43:50,797 INFO c.h.h.t.HelmChartContainer - [hivemq-test-hivemq-platform] [hivemq-platform-operator] [9ea7c533] 	at io.vertx.core.impl.ContextInternal.dispatch(ContextInternal.java:261)
2025-01-28 20:43:50,797 INFO c.h.h.t.HelmChartContainer - [hivemq-test-hivemq-platform] [hivemq-platform-operator] [9ea7c533] 	at io.vertx.core.http.impl.HttpEventHandler.handleEnd(HttpEventHandler.java:76)
2025-01-28 20:43:50,797 INFO c.h.h.t.HelmChartContainer - [hivemq-test-hivemq-platform] [hivemq-platform-operator] [9ea7c533] 	at io.vertx.core.http.impl.HttpClientResponseImpl.handleEnd(HttpClientResponseImpl.java:250)
2025-01-28 20:43:50,797 INFO c.h.h.t.HelmChartContainer - [hivemq-test-hivemq-platform] [hivemq-platform-operator] [9ea7c533] 	at io.vertx.core.http.impl.Http1xClientConnection$StreamImpl.lambda$new$0(Http1xClientConnection.java:421)
2025-01-28 20:43:50,797 INFO c.h.h.t.HelmChartContainer - [hivemq-test-hivemq-platform] [hivemq-platform-operator] [9ea7c533] 	at io.vertx.core.streams.impl.InboundBuffer.handleEvent(InboundBuffer.java:279)
2025-01-28 20:43:50,797 INFO c.h.h.t.HelmChartContainer - [hivemq-test-hivemq-platform] [hivemq-platform-operator] [9ea7c533] 	at io.vertx.core.streams.impl.InboundBuffer.write(InboundBuffer.java:157)
2025-01-28 20:43:50,797 INFO c.h.h.t.HelmChartContainer - [hivemq-test-hivemq-platform] [hivemq-platform-operator] [9ea7c533] 	at io.vertx.core.http.impl.Http1xClientConnection$StreamImpl.handleEnd(Http1xClientConnection.java:709)
2025-01-28 20:43:50,797 INFO c.h.h.t.HelmChartContainer - [hivemq-test-hivemq-platform] [hivemq-platform-operator] [9ea7c533] 	at io.vertx.core.impl.ContextImpl.lambda$execute$4(ContextImpl.java:315)
2025-01-28 20:43:50,797 INFO c.h.h.t.HelmChartContainer - [hivemq-test-hivemq-platform] [hivemq-platform-operator] [9ea7c533] 	at io.netty.util.concurrent.AbstractEventExecutor.runTask(AbstractEventExecutor.java:173)
2025-01-28 20:43:50,797 INFO c.h.h.t.HelmChartContainer - [hivemq-test-hivemq-platform] [hivemq-platform-operator] [9ea7c533] 	at io.netty.util.concurrent.AbstractEventExecutor.safeExecute(AbstractEventExecutor.java:166)
2025-01-28 20:43:50,797 INFO c.h.h.t.HelmChartContainer - [hivemq-test-hivemq-platform] [hivemq-platform-operator] [9ea7c533] 	at io.netty.util.concurrent.SingleThreadEventExecutor.runAllTasks(SingleThreadEventExecutor.java:472)
2025-01-28 20:43:50,797 INFO c.h.h.t.HelmChartContainer - [hivemq-test-hivemq-platform] [hivemq-platform-operator] [9ea7c533] 	at io.netty.channel.nio.NioEventLoop.run(NioEventLoop.java:569)
2025-01-28 20:43:50,797 INFO c.h.h.t.HelmChartContainer - [hivemq-test-hivemq-platform] [hivemq-platform-operator] [9ea7c533] 	at io.netty.util.concurrent.SingleThreadEventExecutor$4.run(SingleThreadEventExecutor.java:997)
2025-01-28 20:43:50,797 INFO c.h.h.t.HelmChartContainer - [hivemq-test-hivemq-platform] [hivemq-platform-operator] [9ea7c533] 	at io.netty.util.internal.ThreadExecutorMap$2.run(ThreadExecutorMap.java:74)
2025-01-28 20:43:50,797 INFO c.h.h.t.HelmChartContainer - [hivemq-test-hivemq-platform] [hivemq-platform-operator] [9ea7c533] 	at io.netty.util.concurrent.FastThreadLocalRunnable.run(FastThreadLocalRunnable.java:30)
2025-01-28 20:43:50,797 INFO c.h.h.t.HelmChartContainer - [hivemq-test-hivemq-platform] [hivemq-platform-operator] [9ea7c533] 	... 1 common frames omitted
2025-01-28 20:43:50,851 INFO c.h.h.t.HelmChartContainer - [hivemq-test-hivemq-platform] [hivemq-platform-operator] [9ea7c533] 20:43:50.850 [ReconcilerExecutor-hivemq-controller-121] INFO  c.h.p.o.HiveMQPlatformReconciler - [helminit] Cleanup test-hivemq-platform - helminitcontainerit HiveMQ Platform is shut down
2025-01-28 20:43:51,303 INFO c.h.h.t.HelmChartContainer - [POD] test-hivemq-platform-0 [5977e263-4638-443a-989e-d4bf1ffba567] in helminitcontainerit was MODIFIED
2025-01-28 20:43:51,309 INFO c.h.h.t.HelmChartContainer - [EVENT] Normal [Killing] Stopping container hivemq [helminitcontainerit:test-hivemq-platform-0]
2025-01-28 20:43:51,309 INFO c.h.h.t.HelmChartContainer - Received Killing event for container hivemq in pod test-hivemq-platform-0 [5977e263-4638-443a-989e-d4bf1ffba567]
2025-01-28 20:43:51,309 INFO c.h.h.t.HelmChartContainer - Container [test-hivemq-platform-0] [hivemq] [5977e263-4638-443a-989e-d4bf1ffba567] was terminated
2025-01-28 20:43:51,309 INFO c.h.h.t.HelmChartContainer - Stopped log watcher for hivemq in pod test-hivemq-platform-0 [5977e263-4638-443a-989e-d4bf1ffba567]
2025-01-28 20:43:51,310 INFO c.h.h.t.HelmChartContainer - [test-hivemq-platform] [hivemq] [5977e263] INFO  - [HiveMQ Platform Operator Init App 1.7.0-SNAPSHOT] Shutting down
2025-01-28 20:43:51,310 INFO c.h.h.t.HelmChartContainer - [test-hivemq-platform] [hivemq] [5977e263] INFO  - [HiveMQ Platform Operator Init App 1.7.0-SNAPSHOT] Stopping the HiveMQ Platform
2025-01-28 20:43:51,369 INFO c.h.h.t.HelmChartContainer - [test-hivemq-platform] [hivemq] [5977e263] INFO  - Shutting down HiveMQ. Please wait, this could take a while...
2025-01-28 20:43:51,459 INFO c.h.h.t.HelmChartContainer - [test-hivemq-platform] [hivemq] [5977e263] INFO  - Shutting down listeners and clients
2025-01-28 20:43:51,461 INFO c.h.h.t.HelmChartContainer - [test-hivemq-platform] [hivemq] [5977e263] INFO  - Shutdown of listeners is done
2025-01-28 20:43:51,461 INFO c.h.h.t.HelmChartContainer - [K3S] [authentication.go:74] "Unable to authenticate the request" err="[invalid bearer token, serviceaccounts \"hivemq-platform-pod-test-hivemq-platform\" not found]"
2025-01-28 20:43:51,461 INFO c.h.h.t.HelmChartContainer - [test-hivemq-platform] [hivemq] [5977e263] INFO  - No clients are connected, proceeding with shutdown
2025-01-28 20:43:51,559 INFO c.h.h.t.HelmChartContainer - [K3S] [authentication.go:74] "Unable to authenticate the request" err="[invalid bearer token, serviceaccounts \"hivemq-platform-pod-test-hivemq-platform\" not found]"
2025-01-28 20:43:51,570 INFO c.h.h.t.HelmChartContainer - [test-hivemq-platform] [hivemq] [5977e263] WARN  - [HiveMQ Platform Operator Init App 1.7.0-SNAPSHOT] Could not update Pod annotations: Failure executing: GET at: https://10.43.0.1:443/api/v1/namespaces/helminitcontainerit/pods/test-hivemq-platform-0. Message: Unauthorized. Received status: Status(apiVersion=v1, code=401, details=null, kind=Status, message=Unauthorized, metadata=ListMeta(_continue=null, remainingItemCount=null, resourceVersion=null, selfLink=null, additionalProperties={}), reason=Unauthorized, status=Failure, additionalProperties={}).
2025-01-28 20:43:52,553 INFO c.h.h.t.HelmChartContainer - Deleting namespace 'helminitcontainerit'...
2025-01-28 20:43:55,165 INFO c.h.h.t.HelmChartContainer - [test-hivemq-platform] [hivemq] [5977e263] INFO  - Shutting down extension system
2025-01-28 20:43:55,171 INFO c.h.h.t.HelmChartContainer - [test-hivemq-platform] [hivemq] [5977e263] INFO  - Stopping extension with id hivemq-dns-cluster-discovery
2025-01-28 20:43:55,172 INFO c.h.h.t.HelmChartContainer - [test-hivemq-platform] [hivemq] [5977e263] INFO  - Extension "DNS Cluster Discovery Extension" version 4.3.2 stopped successfully.
2025-01-28 20:43:55,172 INFO c.h.h.t.HelmChartContainer - [test-hivemq-platform] [hivemq] [5977e263] INFO  - Stopping extension with id hivemq-prometheus-extension
2025-01-28 20:43:55,177 INFO c.h.h.t.HelmChartContainer - [test-hivemq-platform] [hivemq] [5977e263] INFO  - Extension "Prometheus Monitoring Extension" version 4.0.12 stopped successfully.
2025-01-28 20:43:55,177 INFO c.h.h.t.HelmChartContainer - [test-hivemq-platform] [hivemq] [5977e263] INFO  - Stopping extension with id hivemq-allow-all-extension
2025-01-28 20:43:55,177 INFO c.h.h.t.HelmChartContainer - [test-hivemq-platform] [hivemq] [5977e263] INFO  - Extension "Allow All Extension" version 1.1.1 stopped successfully.
2025-01-28 20:43:55,975 INFO c.h.h.t.HelmChartContainer - [test-hivemq-platform] [hivemq] [5977e263] INFO  - [HiveMQ Platform Operator Init App 1.7.0-SNAPSHOT] Returning shutdown Health API response 503 for readiness
2025-01-28 20:43:55,979 INFO c.h.h.t.HelmChartContainer - [EVENT] Warning [Unhealthy] Readiness probe failed: HTTP probe failed with statuscode: 503 [helminitcontainerit:test-hivemq-platform-0]
2025-01-28 20:43:55,979 INFO c.h.h.t.HelmChartContainer - Received Unhealthy event for container hivemq in pod test-hivemq-platform-0 [5977e263-4638-443a-989e-d4bf1ffba567]
2025-01-28 20:43:56,574 INFO c.h.h.t.HelmChartContainer - [K3S] [authentication.go:74] "Unable to authenticate the request" err="[invalid bearer token, serviceaccounts \"hivemq-platform-pod-test-hivemq-platform\" not found]"
2025-01-28 20:43:56,585 INFO c.h.h.t.HelmChartContainer - [K3S] [authentication.go:74] "Unable to authenticate the request" err="[invalid bearer token, serviceaccounts \"hivemq-platform-pod-test-hivemq-platform\" not found]"
2025-01-28 20:43:56,587 INFO c.h.h.t.HelmChartContainer - [test-hivemq-platform] [hivemq] [5977e263] WARN  - [HiveMQ Platform Operator Init App 1.7.0-SNAPSHOT] Could not update Pod annotations: Failure executing: GET at: https://10.43.0.1:443/api/v1/namespaces/helminitcontainerit/pods/test-hivemq-platform-0. Message: Unauthorized. Received status: Status(apiVersion=v1, code=401, details=null, kind=Status, message=Unauthorized, metadata=ListMeta(_continue=null, remainingItemCount=null, resourceVersion=null, selfLink=null, additionalProperties={}), reason=Unauthorized, status=Failure, additionalProperties={}).
2025-01-28 20:43:57,460 INFO c.h.h.t.HelmChartContainer - [test-hivemq-platform] [hivemq] [5977e263] INFO  - Shutdown completed.
2025-01-28 20:43:57,671 INFO c.h.h.t.HelmChartContainer - [K3S] [stateful_set.go:466] "StatefulSet has been deleted" key="helminitcontainerit/test-hivemq-platform"
2025-01-28 20:43:57,807 INFO c.h.h.t.HelmChartContainer - [test-hivemq-platform] [hivemq] [5977e263] INFO  - [HiveMQ Platform Operator Init App 1.7.0-SNAPSHOT] The HiveMQ Platform exited with code 143
2025-01-28 20:43:57,807 INFO c.h.h.t.HelmChartContainer - [test-hivemq-platform] [hivemq] [5977e263] INFO  - [HiveMQ Platform Operator Init App 1.7.0-SNAPSHOT] Stopping the REST API
2025-01-28 20:43:57,856 INFO c.h.h.t.HelmChartContainer - [test-hivemq-platform] [hivemq] [5977e263] INFO  - [HiveMQ Platform Operator Init App 1.7.0-SNAPSHOT] Shutdown complete
2025-01-28 20:43:58,313 INFO c.h.h.t.HelmChartContainer - [POD] test-hivemq-platform-0 [5977e263-4638-443a-989e-d4bf1ffba567] in helminitcontainerit was MODIFIED
2025-01-28 20:43:58,382 INFO c.h.h.t.HelmChartContainer - [K3S] [reconciler_common.go:162] "operationExecutor.UnmountVolume started for volume \"kube-api-access-4k2kh\" (UniqueName: \"kubernetes.io/projected/5977e263-4638-443a-989e-d4bf1ffba567-kube-api-access-4k2kh\") pod \"5977e263-4638-443a-989e-d4bf1ffba567\" (UID: \"5977e263-4638-443a-989e-d4bf1ffba567\") "
2025-01-28 20:43:58,382 INFO c.h.h.t.HelmChartContainer - [K3S] [reconciler_common.go:162] "operationExecutor.UnmountVolume started for volume \"broker-configuration\" (UniqueName: \"kubernetes.io/configmap/5977e263-4638-443a-989e-d4bf1ffba567-broker-configuration\") pod \"5977e263-4638-443a-989e-d4bf1ffba567\" (UID: \"5977e263-4638-443a-989e-d4bf1ffba567\") "
2025-01-28 20:43:58,382 INFO c.h.h.t.HelmChartContainer - [K3S] [reconciler_common.go:162] "operationExecutor.UnmountVolume started for volume \"operator-init\" (UniqueName: \"kubernetes.io/empty-dir/5977e263-4638-443a-989e-d4bf1ffba567-operator-init\") pod \"5977e263-4638-443a-989e-d4bf1ffba567\" (UID: \"5977e263-4638-443a-989e-d4bf1ffba567\") "
2025-01-28 20:43:58,383 INFO c.h.h.t.HelmChartContainer - [K3S] [reconciler_common.go:162] "operationExecutor.UnmountVolume started for volume \"pod-info\" (UniqueName: \"kubernetes.io/configmap/5977e263-4638-443a-989e-d4bf1ffba567-pod-info\") pod \"5977e263-4638-443a-989e-d4bf1ffba567\" (UID: \"5977e263-4638-443a-989e-d4bf1ffba567\") "
2025-01-28 20:43:58,383 INFO c.h.h.t.HelmChartContainer - [K3S] [reconciler_common.go:162] "operationExecutor.UnmountVolume started for volume \"init-container-volume\" (UniqueName: \"kubernetes.io/empty-dir/5977e263-4638-443a-989e-d4bf1ffba567-init-container-volume\") pod \"5977e263-4638-443a-989e-d4bf1ffba567\" (UID: \"5977e263-4638-443a-989e-d4bf1ffba567\") "
2025-01-28 20:43:58,483 INFO c.h.h.t.HelmChartContainer - [K3S] [reconciler_common.go:299] "Volume detached for volume \"broker-configuration\" (UniqueName: \"kubernetes.io/configmap/5977e263-4638-443a-989e-d4bf1ffba567-broker-configuration\") on node \"8e458440c762\" DevicePath \"\""
2025-01-28 20:43:58,483 INFO c.h.h.t.HelmChartContainer - [K3S] [reconciler_common.go:299] "Volume detached for volume \"kube-api-access-4k2kh\" (UniqueName: \"kubernetes.io/projected/5977e263-4638-443a-989e-d4bf1ffba567-kube-api-access-4k2kh\") on node \"8e458440c762\" DevicePath \"\""
2025-01-28 20:43:58,483 INFO c.h.h.t.HelmChartContainer - [K3S] [reconciler_common.go:299] "Volume detached for volume \"operator-init\" (UniqueName: \"kubernetes.io/empty-dir/5977e263-4638-443a-989e-d4bf1ffba567-operator-init\") on node \"8e458440c762\" DevicePath \"\""
2025-01-28 20:43:58,483 INFO c.h.h.t.HelmChartContainer - [K3S] [reconciler_common.go:299] "Volume detached for volume \"pod-info\" (UniqueName: \"kubernetes.io/configmap/5977e263-4638-443a-989e-d4bf1ffba567-pod-info\") on node \"8e458440c762\" DevicePath \"\""
2025-01-28 20:43:58,483 INFO c.h.h.t.HelmChartContainer - [K3S] [reconciler_common.go:299] "Volume detached for volume \"init-container-volume\" (UniqueName: \"kubernetes.io/empty-dir/5977e263-4638-443a-989e-d4bf1ffba567-init-container-volume\") on node \"8e458440c762\" DevicePath \"\""
2025-01-28 20:43:58,630 INFO c.h.h.t.HelmChartContainer - [K3S] [scope.go:117] "RemoveContainer" containerID="5da2247ab0f0e443c29e5864339233d08206d27a735575030117ea5aeec834c2"
2025-01-28 20:43:58,646 INFO c.h.h.t.HelmChartContainer - [POD] test-hivemq-platform-0 [5977e263-4638-443a-989e-d4bf1ffba567] in helminitcontainerit was MODIFIED
2025-01-28 20:43:58,650 INFO c.h.h.t.HelmChartContainer - [POD] test-hivemq-platform-0 [5977e263-4638-443a-989e-d4bf1ffba567] in helminitcontainerit was DELETED
2025-01-28 20:43:58,730 INFO c.h.h.t.HelmChartContainer - [K3S] [scope.go:117] "RemoveContainer" containerID="4212906615de38e087f16628445fcaba21d6c44f2c38020cbd33e25f3a3c2030"
2025-01-28 20:43:58,733 INFO c.h.h.t.HelmChartContainer - [K3S] [scope.go:117] "RemoveContainer" containerID="8f425a54fc735f6232683ff0b0212f2f19baf4d57f8f05fb63dad99754cb90c5"
2025-01-28 20:43:58,736 INFO c.h.h.t.HelmChartContainer - [K3S] [scope.go:117] "RemoveContainer" containerID="5da2247ab0f0e443c29e5864339233d08206d27a735575030117ea5aeec834c2"
2025-01-28 20:43:58,736 INFO c.h.h.t.HelmChartContainer - [K3S] [scope.go:117] "RemoveContainer" containerID="4212906615de38e087f16628445fcaba21d6c44f2c38020cbd33e25f3a3c2030"
2025-01-28 20:43:58,737 INFO c.h.h.t.HelmChartContainer - [K3S] [scope.go:117] "RemoveContainer" containerID="8f425a54fc735f6232683ff0b0212f2f19baf4d57f8f05fb63dad99754cb90c5"
2025-01-28 20:44:00,281 INFO c.h.h.t.HelmChartContainer - [K3S] [kubelet_volumes.go:163] "Cleaned up orphaned pod volumes dir" podUID="5977e263-4638-443a-989e-d4bf1ffba567" path="/var/lib/kubelet/pods/5977e263-4638-443a-989e-d4bf1ffba567/volumes"
2025-01-28 20:44:02,883 INFO c.h.h.t.HelmChartContainer - Namespace 'helminitcontainerit' deleted
2025-01-28 20:44:02,884 INFO c.h.h.t.HelmChartContainer - Release 'test-hivemq-platform' in namespace 'helminitcontainerit' is uninstalled
2025-01-28 20:44:02,884 INFO c.h.h.t.HelmChartContainer - Uninstalling release 'test-hivemq-platform-operator' in namespace 'helminitcontainerit-operator'...
2025-01-28 20:44:02,884 DEBUG c.h.h.t.HelmChartContainer - Executing helm command: /bin/helm --kubeconfig /etc/rancher/k3s/k3s.yaml uninstall test-hivemq-platform-operator  --wait --timeout 5m0s --cascade foreground --namespace helminitcontainerit-operator
2025-01-28 20:44:03,044 INFO c.h.h.t.HelmChartContainer - [K3S] [replica_set.go:679] "Finished syncing" kind="ReplicaSet" key="helminitcontainerit-operator/hivemq-test-hivemq-platform-operator-6966f96d65" duration="14.301079ms"
2025-01-28 20:44:03,044 INFO c.h.h.t.HelmChartContainer - [K3S] [replica_set.go:679] "Finished syncing" kind="ReplicaSet" key="helminitcontainerit-operator/hivemq-test-hivemq-platform-operator-6966f96d65" duration="37.411µs"
2025-01-28 20:44:03,054 INFO c.h.h.t.HelmChartContainer - [POD] hivemq-test-hivemq-platform-operator-6966f96d65-tf8bs [9ea7c533-3139-4385-8ebc-c052a104e3b1] in helminitcontainerit-operator was MODIFIED
2025-01-28 20:44:03,067 INFO c.h.h.t.HelmChartContainer - [hivemq-test-hivemq-platform] [hivemq-platform-operator] [9ea7c533] 20:44:03.066 [application-shutdown-thread] INFO  c.h.p.o.HiveMQPlatformOperatorApplication - HiveMQ Platform Operator is stopping...
2025-01-28 20:44:03,067 INFO c.h.h.t.HelmChartContainer - [hivemq-test-hivemq-platform] [hivemq-platform-operator] [9ea7c533] 20:44:03.066 [application-shutdown-thread] INFO  i.javaoperatorsdk.operator.Operator - Operator SDK 4.9.7 is shutting down...
2025-01-28 20:44:03,070 INFO c.h.h.t.HelmChartContainer - [EVENT] Normal [Killing] Stopping container hivemq-platform-operator [helminitcontainerit-operator:hivemq-test-hivemq-platform-operator-6966f96d65-tf8bs]
2025-01-28 20:44:03,071 INFO c.h.h.t.HelmChartContainer - Received Killing event for container hivemq-platform-operator in pod hivemq-test-hivemq-platform-operator-6966f96d65-tf8bs [9ea7c533-3139-4385-8ebc-c052a104e3b1]
2025-01-28 20:44:03,071 INFO c.h.h.t.HelmChartContainer - Container [hivemq-test-hivemq-platform-operator-6966f96d65-tf8bs] [hivemq-platform-operator] [9ea7c533-3139-4385-8ebc-c052a104e3b1] was terminated
2025-01-28 20:44:03,071 INFO c.h.h.t.HelmChartContainer - Stopped log watcher for hivemq-platform-operator in pod hivemq-test-hivemq-platform-operator-6966f96d65-tf8bs [9ea7c533-3139-4385-8ebc-c052a104e3b1]
2025-01-28 20:44:03,074 INFO c.h.h.t.HelmChartContainer - [K3S] [replica_set.go:679] "Finished syncing" kind="ReplicaSet" key="helminitcontainerit-operator/hivemq-test-hivemq-platform-operator-6966f96d65" duration="17.053621ms"
2025-01-28 20:44:03,075 INFO c.h.h.t.HelmChartContainer - [K3S] [replica_set.go:679] "Finished syncing" kind="ReplicaSet" key="helminitcontainerit-operator/hivemq-test-hivemq-platform-operator-6966f96d65" duration="75.912µs"
2025-01-28 20:44:03,697 INFO c.h.h.t.HelmChartContainer - [K3S] [replica_set.go:679] "Finished syncing" kind="ReplicaSet" key="helminitcontainerit-operator/hivemq-test-hivemq-platform-operator-6966f96d65" duration="39.124µs"
2025-01-28 20:44:03,698 INFO c.h.h.t.HelmChartContainer - [POD] hivemq-test-hivemq-platform-operator-6966f96d65-tf8bs [9ea7c533-3139-4385-8ebc-c052a104e3b1] in helminitcontainerit-operator was MODIFIED
2025-01-28 20:44:03,811 INFO c.h.h.t.HelmChartContainer - [K3S] [reconciler_common.go:162] "operationExecutor.UnmountVolume started for volume \"kube-api-access-jl4dd\" (UniqueName: \"kubernetes.io/projected/9ea7c533-3139-4385-8ebc-c052a104e3b1-kube-api-access-jl4dd\") pod \"9ea7c533-3139-4385-8ebc-c052a104e3b1\" (UID: \"9ea7c533-3139-4385-8ebc-c052a104e3b1\") "
2025-01-28 20:44:03,912 INFO c.h.h.t.HelmChartContainer - [K3S] [reconciler_common.go:299] "Volume detached for volume \"kube-api-access-jl4dd\" (UniqueName: \"kubernetes.io/projected/9ea7c533-3139-4385-8ebc-c052a104e3b1-kube-api-access-jl4dd\") on node \"8e458440c762\" DevicePath \"\""
2025-01-28 20:44:04,642 INFO c.h.h.t.HelmChartContainer - [K3S] [scope.go:117] "RemoveContainer" containerID="a1dfb24ea7b6f63c10b75b2a7102be72432f911e3cd360941987ce9be80482d6"
2025-01-28 20:44:04,651 INFO c.h.h.t.HelmChartContainer - [K3S] [replica_set.go:679] "Finished syncing" kind="ReplicaSet" key="helminitcontainerit-operator/hivemq-test-hivemq-platform-operator-6966f96d65" duration="40.125µs"
2025-01-28 20:44:04,652 INFO c.h.h.t.HelmChartContainer - [POD] hivemq-test-hivemq-platform-operator-6966f96d65-tf8bs [9ea7c533-3139-4385-8ebc-c052a104e3b1] in helminitcontainerit-operator was MODIFIED
2025-01-28 20:44:04,653 INFO c.h.h.t.HelmChartContainer - [K3S] [replica_set.go:679] "Finished syncing" kind="ReplicaSet" key="helminitcontainerit-operator/hivemq-test-hivemq-platform-operator-6966f96d65" duration="29.576µs"
2025-01-28 20:44:04,655 INFO c.h.h.t.HelmChartContainer - [POD] hivemq-test-hivemq-platform-operator-6966f96d65-tf8bs [9ea7c533-3139-4385-8ebc-c052a104e3b1] in helminitcontainerit-operator was DELETED
2025-01-28 20:44:04,663 INFO c.h.h.t.HelmChartContainer - [K3S] [replica_set.go:679] "Finished syncing" kind="ReplicaSet" key="helminitcontainerit-operator/hivemq-test-hivemq-platform-operator-6966f96d65" duration="4.339µs"
2025-01-28 20:44:05,078 INFO c.h.h.t.HelmChartContainer - Deleting namespace 'helminitcontainerit-operator'...
2025-01-28 20:44:06,282 INFO c.h.h.t.HelmChartContainer - [K3S] [kubelet_volumes.go:163] "Cleaned up orphaned pod volumes dir" podUID="9ea7c533-3139-4385-8ebc-c052a104e3b1" path="/var/lib/kubelet/pods/9ea7c533-3139-4385-8ebc-c052a104e3b1/volumes"
2025-01-28 20:44:07,812 INFO c.h.h.t.HelmChartContainer - [K3S] [namespace_controller.go:187] "Namespace has been deleted" namespace="helminitcontainerit"
2025-01-28 20:44:10,296 INFO c.h.h.t.HelmChartContainer - Namespace 'helminitcontainerit-operator' deleted
2025-01-28 20:44:10,296 INFO c.h.h.t.HelmChartContainer - Release 'test-hivemq-platform-operator' in namespace 'helminitcontainerit-operator' is uninstalled
2025-01-28 20:44:11,035 INFO c.h.helmcharts.AbstractHelmChartIT - Removed unused containers:

2025-01-28 20:44:15,199 INFO c.h.h.t.HelmChartContainer - [K3S] [namespace_controller.go:187] "Namespace has been deleted" namespace="helminitcontainerit-operator"
2025-01-28 20:44:18,912 INFO c.h.helmcharts.AbstractHelmChartIT - Removed unused snapshots:
Removing snapshot sha256:03af251906410714c5aef9fa705b63f6bbc39c4a5e787de7361eeb18886c2ed2
Removing snapshot sha256:0c46b3b43cce082ce5ec34ffc6c294e0417d17b9d1e6f366d114b6aadc4f96dc
Removing snapshot sha256:0ce761beee59082d6ed5bcebd3a805b8ddd9b3426b617e4809e7fb7c6587ffec
Removing snapshot sha256:0df91287303208332c8ff6ba40ae4710105201739addbfbddfb955f1ad593664
Removing snapshot sha256:1021ef88c7974bfff89c5a0ec4fd3160daac6c48a075f74cff721f85dd104e68
Removing snapshot sha256:10aba4953ddc18145dd38e3704709bc464aa20af60b56fe52caaff4b68411e62
Removing snapshot sha256:2573e0d8158209ed54ab25c87bcdcb00bd3d2539246960a3d592a1c599d70465
Removing snapshot sha256:362a8a37f8bbc31925a8146adcf7cf51f9882f5c1dcbef67c5baa03a297543c0
Removing snapshot sha256:3fa4ad33f0ddc8fd45b39b6b4640f82a3a83619606cd975bfe89d8710ad2d4cd
Removing snapshot sha256:43a7c979bbaba6838bc3102d6b10a1459f3ab050b87ccdfef84ef90cf43d3058
Removing snapshot sha256:4ab04491cdf0d3267f08206fe30bd48f49f94b9cab2f016d6739220f722a64af
Removing snapshot sha256:4b6068250e89c96f263060261819c7d912855bfbd64b3eb4c4a8483299b8c295
Removing snapshot sha256:580e69a0a8034ede1921139bbd2bfb72a69ebf276d008281896c32dd8bf74775
Removing snapshot sha256:59654b79daad74c77dc2e28502ca577ba8ce73276720002234a23fc60ee92692
Removing snapshot sha256:5d30ba46b27fe37484567ccc5242cadc78217b8da605f3f195ef25cbf7487904
Removing snapshot sha256:63ca1fbb43ae5034640e5e6cb3e083e05c290072c5366fcaa9d62435a4cced85
Removing snapshot sha256:67f702c6baae873bceb19487c8b1f27bd2b86077e4f2f0e480e6d60ab508b8f5
Removing snapshot sha256:6864348dd42806d552efdec384f1274be15e2d0c10ce44c1f04347af004c10a9
Removing snapshot sha256:6c7dee8f2c39b84b7dc2711c01d33de93514d9055499173e9290176fbe484b6c
Removing snapshot sha256:82753493a6d61ded36556292f02f31841a14c20d2f279f19eaad65afb661d5cd
Removing snapshot sha256:8a10d3db42c505ee0fcfa98417bdd7e39b304f6bcc0a06bb1b220797ff2cc63c
Removing snapshot sha256:9988a364be2545559e0b245b76fe75d6e99d4ecbc0c93170f1d85c2f197aafa4
Removing snapshot sha256:a0904247e36a7726c03c71ee48f3e64462021c88dafeb13f37fdaf613b27f11c
Removing snapshot sha256:a21e5b12dbac529ad45d976eb9ce45c881f3bedcc500fb30aba1e52aa1813418
Removing snapshot sha256:b921e6c28969094157f9b8e7244677780319637afd14450b7cb6b2fdea558a0c
Removing snapshot sha256:bc27ecb5769a00e309cf99ebc763c4a4b958b618d1decc96ffac5bc05f02f5b7
Removing snapshot sha256:be3ccb6627a5332e309d45ef461d09b4879dd870c7394d89323d0ebc6ca6aa8a
Removing snapshot sha256:c261f7cbbc64211ee175ee47273acdb7b1a36a4450b397a064a8f2c026490095
Removing snapshot sha256:c34d9393647eea0c9e3557ab988efaf59f61d10a2a5613b439ef0958cca5ec10
Removing snapshot sha256:ccf3c4a0fa967a41c1c83497a2ce6fa5787965859df0adb32c4ca2cf7490bc2b
Removing snapshot sha256:cf92d33f869417309692088c341cd0f223c178ea78a125f757317b22aa8f90e9
Removing snapshot sha256:d0037344cf2fb078884f1849f6a1f8cf9a33a3b6139b6a85833e5ee528e1f9a8
Removing snapshot sha256:d3b36d5b79273b1e98e7700470eaeff05a882e777124d84cebcc1505b85ecb36
Removing snapshot sha256:d65a44a37914602d12c611e5e22a50f11451d847e63015cc1c2aef92dee777a4
Removing snapshot sha256:e2dc0bae2455930f23ae570e019b7f32edc75c0f2d71cab084db837ff9051796
Removing snapshot sha256:eccbd24a99c60cd9e86ee5305dbfc4a4dc89f5ab4fb1f06c8d64797cecedef34
Removing snapshot sha256:f144bb4c7c7f0d2aa7eeffd36d934ec40db1ee167be727e326aad9fdc616f475
Removing snapshot sha256:f58ddbc5c3ad005bc0f9edeef55329eafc64abbe95eb689104931886a92484f7

]]></system-out>
  </testcase>
  <system-out><![CDATA[2025-01-28 20:40:04,435 INFO c.h.h.t.HelmChartContainerExtension - Using cached HelmChartContainer instance
2025-01-28 20:40:04,441 INFO c.h.h.t.HelmChartContainerExtension - Creating cached HelmChartContainer instance
2025-01-28 20:40:04,460 INFO o.testcontainers.DockerClientFactory - Testcontainers version: 1.20.4
2025-01-28 20:40:04,878 INFO o.t.d.DockerClientProviderStrategy - Found Docker environment with local Unix socket (unix:///var/run/docker.sock)
2025-01-28 20:40:04,885 INFO o.testcontainers.DockerClientFactory - Docker host IP address is localhost
2025-01-28 20:40:04,899 INFO o.testcontainers.DockerClientFactory - Connected to docker: 
  Server Version: 26.1.3
  API Version: 1.45
  Operating System: Ubuntu 24.04.1 LTS
  Total Memory: 15990 MB
2025-01-28 20:40:04,906 INFO o.testcontainers.images.PullPolicy - Image pull policy will be performed by: DefaultPullPolicy()
2025-01-28 20:40:04,908 INFO o.t.utility.ImageNameSubstitutor - Image name substitution will be performed by: DefaultImageNameSubstitutor (composite of 'ConfigurationFileImageNameSubstitutor' and 'PrefixingImageNameSubstitutor')
2025-01-28 20:40:04,931 INFO tc.testcontainers/ryuk:0.11.0 - Pulling docker image: testcontainers/ryuk:0.11.0. Please be patient; this may take some time but only needs to be done once.
2025-01-28 20:40:05,362 INFO tc.testcontainers/ryuk:0.11.0 - Starting to pull image
2025-01-28 20:40:05,389 INFO tc.testcontainers/ryuk:0.11.0 - Pulling image layers:  0 pending,  0 downloaded,  0 extracted, (0 bytes/0 bytes)
2025-01-28 20:40:05,589 INFO tc.testcontainers/ryuk:0.11.0 - Pulling image layers:  2 pending,  1 downloaded,  0 extracted, (877 KB/? MB)
2025-01-28 20:40:05,605 INFO tc.testcontainers/ryuk:0.11.0 - Pulling image layers:  1 pending,  2 downloaded,  0 extracted, (877 KB/? MB)
2025-01-28 20:40:05,613 INFO tc.testcontainers/ryuk:0.11.0 - Pulling image layers:  0 pending,  3 downloaded,  0 extracted, (905 KB/10 MB)
2025-01-28 20:40:05,706 INFO tc.testcontainers/ryuk:0.11.0 - Pulling image layers:  0 pending,  3 downloaded,  1 extracted, (4 MB/10 MB)
2025-01-28 20:40:05,858 INFO tc.testcontainers/ryuk:0.11.0 - Pulling image layers:  0 pending,  3 downloaded,  2 extracted, (4 MB/10 MB)
2025-01-28 20:40:05,897 INFO tc.testcontainers/ryuk:0.11.0 - Pulling image layers:  0 pending,  3 downloaded,  3 extracted, (10 MB/10 MB)
2025-01-28 20:40:05,903 INFO tc.testcontainers/ryuk:0.11.0 - Image testcontainers/ryuk:0.11.0 pull took PT0.972010465S
2025-01-28 20:40:05,922 INFO tc.testcontainers/ryuk:0.11.0 - Creating container for image: testcontainers/ryuk:0.11.0
2025-01-28 20:40:05,990 INFO tc.testcontainers/ryuk:0.11.0 - Container testcontainers/ryuk:0.11.0 is starting: 7afca279fc01a3bb72a8ed1df3d162c512a7c2643d49e43202bfd7f30a839a7e
2025-01-28 20:40:06,262 INFO tc.testcontainers/ryuk:0.11.0 - Container testcontainers/ryuk:0.11.0 started in PT0.340340369S
2025-01-28 20:40:06,266 INFO o.t.utility.RyukResourceReaper - Ryuk started - will monitor and terminate Testcontainers containers on JVM exit
2025-01-28 20:40:06,267 INFO o.testcontainers.DockerClientFactory - Checking the system...
2025-01-28 20:40:06,267 INFO o.testcontainers.DockerClientFactory - ✔︎ Docker server version should be at least 1.6.0
2025-01-28 20:40:06,345 INFO o.t.i.builder.ImageFromDockerfile - Pre-emptively checking local images for 'ubuntu:noble-20241118.1@sha256:80dd3c3b9c6cecb9f1667e9290b3bc61b78c2678c02cbdae5f0fea92cc6734ab', referenced via a Dockerfile. If not available, it will be pulled.
2025-01-28 20:40:06,347 INFO t.u.1@sha256:80dd3c... - Pulling docker image: ubuntu:noble-20241118.1@sha256:80dd3c3b9c6cecb9f1667e9290b3bc61b78c2678c02cbdae5f0fea92cc6734ab. Please be patient; this may take some time but only needs to be done once.
2025-01-28 20:40:06,604 INFO t.u.1@sha256:80dd3c... - Starting to pull image
2025-01-28 20:40:06,605 INFO t.u.1@sha256:80dd3c... - Pulling image layers:  0 pending,  0 downloaded,  0 extracted, (0 bytes/0 bytes)
2025-01-28 20:40:07,098 INFO t.u.1@sha256:80dd3c... - Pulling image layers:  0 pending,  1 downloaded,  0 extracted, (26 MB/28 MB)
2025-01-28 20:40:08,040 INFO t.u.1@sha256:80dd3c... - Pulling image layers:  0 pending,  1 downloaded,  1 extracted, (28 MB/28 MB)
2025-01-28 20:40:08,045 INFO t.u.1@sha256:80dd3c... - Pull complete. 1 layers, pulled in 1s (downloaded 28 MB at 28 MB/s)
2025-01-28 20:40:08,045 INFO t.u.1@sha256:80dd3c... - Image ubuntu:noble-20241118.1@sha256:80dd3c3b9c6cecb9f1667e9290b3bc61b78c2678c02cbdae5f0fea92cc6734ab pull took PT1.697742233S
2025-01-28 20:40:08,048 INFO o.t.i.builder.ImageFromDockerfile - Pre-emptively checking local images for 'rancher/k3s:v1.32.0-k3s1', referenced via a Dockerfile. If not available, it will be pulled.
2025-01-28 20:40:08,050 INFO tc.rancher/k3s:v1.32.0-k3s1 - Pulling docker image: rancher/k3s:v1.32.0-k3s1. Please be patient; this may take some time but only needs to be done once.
2025-01-28 20:40:08,447 INFO tc.rancher/k3s:v1.32.0-k3s1 - Starting to pull image
2025-01-28 20:40:08,448 INFO tc.rancher/k3s:v1.32.0-k3s1 - Pulling image layers:  0 pending,  0 downloaded,  0 extracted, (0 bytes/0 bytes)
2025-01-28 20:40:09,227 INFO tc.rancher/k3s:v1.32.0-k3s1 - Pulling image layers:  0 pending,  1 downloaded,  0 extracted, (70 MB/71 MB)
2025-01-28 20:40:10,281 INFO tc.rancher/k3s:v1.32.0-k3s1 - Pulling image layers:  0 pending,  1 downloaded,  1 extracted, (71 MB/71 MB)
2025-01-28 20:40:10,287 INFO tc.rancher/k3s:v1.32.0-k3s1 - Image rancher/k3s:v1.32.0-k3s1 pull took PT2.237025655S
2025-01-28 20:40:10,287 INFO tc.rancher/k3s:v1.32.0-k3s1 - Pull complete. 1 layers, pulled in 1s (downloaded 71 MB at 71 MB/s)
2025-01-28 20:40:10,294 INFO o.t.i.builder.ImageFromDockerfile - Transferred 0 bytes to Docker daemon
2025-01-28 20:40:25,020 INFO c.h.h.t.HelmChartContainer - Starting HelmChartContainer...
2025-01-28 20:40:25,023 INFO t.localhost/testcontainers/86tmwelwz9pv8yah:latest - Creating container for image: localhost/testcontainers/86tmwelwz9pv8yah:latest
2025-01-28 20:40:25,088 INFO tc.alpine:3.17 - Pulling docker image: alpine:3.17. Please be patient; this may take some time but only needs to be done once.
2025-01-28 20:40:25,469 INFO tc.alpine:3.17 - Starting to pull image
2025-01-28 20:40:25,470 INFO tc.alpine:3.17 - Pulling image layers:  0 pending,  0 downloaded,  0 extracted, (0 bytes/0 bytes)
2025-01-28 20:40:25,712 INFO tc.alpine:3.17 - Pulling image layers:  0 pending,  1 downloaded,  0 extracted, (3 MB/3 MB)
2025-01-28 20:40:25,812 INFO tc.alpine:3.17 - Pulling image layers:  0 pending,  1 downloaded,  1 extracted, (3 MB/3 MB)
2025-01-28 20:40:25,818 INFO tc.alpine:3.17 - Image alpine:3.17 pull took PT0.730206144S
2025-01-28 20:40:26,356 INFO t.localhost/testcontainers/86tmwelwz9pv8yah:latest - Container localhost/testcontainers/86tmwelwz9pv8yah:latest is starting: 8e458440c76216ca9dad09afe1db28105f51fbcdf8ee43d347b2308324b1c687
2025-01-28 20:40:26,733 INFO c.h.h.t.HelmChartContainer - [K3S] [INFO] Starting k3s v1.32.0+k3s1 (cca8faca)
2025-01-28 20:40:26,735 INFO c.h.h.t.HelmChartContainer - [K3S] [INFO] Configuring sqlite3 database connection pooling: maxIdleConns=2, maxOpenConns=0, connMaxLifetime=0s
2025-01-28 20:40:26,736 INFO c.h.h.t.HelmChartContainer - [K3S] [INFO] Configuring database table schema and indexes, this may take a moment...
2025-01-28 20:40:26,739 INFO c.h.h.t.HelmChartContainer - [K3S] [INFO] Database tables and indexes are up to date
2025-01-28 20:40:26,742 INFO c.h.h.t.HelmChartContainer - [K3S] [INFO] Kine available at unix://kine.sock
2025-01-28 20:40:26,820 INFO c.h.h.t.HelmChartContainer - [K3S] [INFO] Saving cluster bootstrap data to datastore
2025-01-28 20:40:26,821 INFO c.h.h.t.HelmChartContainer - [K3S] [WARNING] dynamiclistener [::]:6443: no cached certificate available for preload - deferring certificate load until storage initialization or first client request
2025-01-28 20:40:26,822 INFO c.h.h.t.HelmChartContainer - [K3S] [INFO] Active TLS secret / (ver=) (count 10): map[listener.cattle.io/cn-10.43.0.1:10.43.0.1 listener.cattle.io/cn-127.0.0.1:127.0.0.1 listener.cattle.io/cn-172.18.0.2:172.18.0.2 listener.cattle.io/cn-8e458440c762:8e458440c762 listener.cattle.io/cn-__1-f16284:::1 listener.cattle.io/cn-kubernetes:kubernetes listener.cattle.io/cn-kubernetes.default:kubernetes.default listener.cattle.io/cn-kubernetes.default.svc:kubernetes.default.svc listener.cattle.io/cn-kubernetes.default.svc.cluster.local:kubernetes.default.svc.cluster.local listener.cattle.io/cn-localhost:localhost listener.cattle.io/fingerprint:SHA1=E7BC10F02076E0A7CB57053FDB4B3310CDC1A8E9]
2025-01-28 20:40:26,992 INFO c.h.h.t.HelmChartContainer - [K3S] [INFO] Running kube-apiserver --advertise-port=6443 --allow-privileged=true --anonymous-auth=false --api-audiences=https://kubernetes.default.svc.cluster.local,k3s --authorization-mode=Node,RBAC --bind-address=127.0.0.1 --cert-dir=/var/lib/rancher/k3s/server/tls/temporary-certs --client-ca-file=/var/lib/rancher/k3s/server/tls/client-ca.crt --egress-selector-config-file=/var/lib/rancher/k3s/server/etc/egress-selector-config.yaml --enable-admission-plugins=NodeRestriction --enable-aggregator-routing=true --enable-bootstrap-token-auth=true --etcd-compaction-interval=0s --etcd-servers=unix://kine.sock --kubelet-certificate-authority=/var/lib/rancher/k3s/server/tls/server-ca.crt --kubelet-client-certificate=/var/lib/rancher/k3s/server/tls/client-kube-apiserver.crt --kubelet-client-key=/var/lib/rancher/k3s/server/tls/client-kube-apiserver.key --kubelet-preferred-address-types=InternalIP,ExternalIP,Hostname --profiling=false --proxy-client-cert-file=/var/lib/rancher/k3s/server/tls/client-auth-proxy.crt --proxy-client-key-file=/var/lib/rancher/k3s/server/tls/client-auth-proxy.key --requestheader-allowed-names=system:auth-proxy --requestheader-client-ca-file=/var/lib/rancher/k3s/server/tls/request-header-ca.crt --requestheader-extra-headers-prefix=X-Remote-Extra- --requestheader-group-headers=X-Remote-Group --requestheader-username-headers=X-Remote-User --secure-port=6444 --service-account-issuer=https://kubernetes.default.svc.cluster.local --service-account-key-file=/var/lib/rancher/k3s/server/tls/service.key --service-account-signing-key-file=/var/lib/rancher/k3s/server/tls/service.current.key --service-cluster-ip-range=10.43.0.0/16 --service-node-port-range=30000-32767 --storage-backend=etcd3 --tls-cert-file=/var/lib/rancher/k3s/server/tls/serving-kube-apiserver.crt --tls-cipher-suites=TLS_ECDHE_ECDSA_WITH_AES_256_GCM_SHA384,TLS_ECDHE_RSA_WITH_AES_256_GCM_SHA384,TLS_ECDHE_ECDSA_WITH_AES_128_GCM_SHA256,TLS_ECDHE_RSA_WITH_AES_128_GCM_SHA256,TLS_ECDHE_ECDSA_WITH_CHACHA20_POLY1305,TLS_ECDHE_RSA_WITH_CHACHA20_POLY1305 --tls-private-key-file=/var/lib/rancher/k3s/server/tls/serving-kube-apiserver.key
2025-01-28 20:40:26,993 INFO c.h.h.t.HelmChartContainer - [K3S] [INFO] Running kube-scheduler --authentication-kubeconfig=/var/lib/rancher/k3s/server/cred/scheduler.kubeconfig --authorization-kubeconfig=/var/lib/rancher/k3s/server/cred/scheduler.kubeconfig --bind-address=127.0.0.1 --kubeconfig=/var/lib/rancher/k3s/server/cred/scheduler.kubeconfig --leader-elect=false --profiling=false --secure-port=10259
2025-01-28 20:40:26,993 INFO c.h.h.t.HelmChartContainer - [K3S] [INFO] Waiting for API server to become available
2025-01-28 20:40:26,994 INFO c.h.h.t.HelmChartContainer - [K3S] [registry.go:256] calling componentGlobalsRegistry.AddFlags more than once, the registry will be set by the latest flags
2025-01-28 20:40:26,995 INFO c.h.h.t.HelmChartContainer - [K3S] [INFO] Running kube-controller-manager --allocate-node-cidrs=true --authentication-kubeconfig=/var/lib/rancher/k3s/server/cred/controller.kubeconfig --authorization-kubeconfig=/var/lib/rancher/k3s/server/cred/controller.kubeconfig --bind-address=127.0.0.1 --cluster-cidr=10.42.0.0/16 --cluster-signing-kube-apiserver-client-cert-file=/var/lib/rancher/k3s/server/tls/client-ca.nochain.crt --cluster-signing-kube-apiserver-client-key-file=/var/lib/rancher/k3s/server/tls/client-ca.key --cluster-signing-kubelet-client-cert-file=/var/lib/rancher/k3s/server/tls/client-ca.nochain.crt --cluster-signing-kubelet-client-key-file=/var/lib/rancher/k3s/server/tls/client-ca.key --cluster-signing-kubelet-serving-cert-file=/var/lib/rancher/k3s/server/tls/server-ca.nochain.crt --cluster-signing-kubelet-serving-key-file=/var/lib/rancher/k3s/server/tls/server-ca.key --cluster-signing-legacy-unknown-cert-file=/var/lib/rancher/k3s/server/tls/server-ca.nochain.crt --cluster-signing-legacy-unknown-key-file=/var/lib/rancher/k3s/server/tls/server-ca.key --configure-cloud-routes=false --controllers=*,tokencleaner,-service,-route,-cloud-node-lifecycle --kubeconfig=/var/lib/rancher/k3s/server/cred/controller.kubeconfig --leader-elect=false --profiling=false --root-ca-file=/var/lib/rancher/k3s/server/tls/server-ca.crt --secure-port=10257 --service-account-private-key-file=/var/lib/rancher/k3s/server/tls/service.current.key --service-cluster-ip-range=10.43.0.0/16 --use-service-account-credentials=true
2025-01-28 20:40:26,995 INFO c.h.h.t.HelmChartContainer - [K3S] [registry.go:256] calling componentGlobalsRegistry.AddFlags more than once, the registry will be set by the latest flags
2025-01-28 20:40:26,995 INFO c.h.h.t.HelmChartContainer - [K3S] [options.go:299] unable to set WatchListClient feature gate, err: cannot override default for feature "WatchListClient": gates already added to a flag set
2025-01-28 20:40:26,995 INFO c.h.h.t.HelmChartContainer - [K3S] [registry.go:256] calling componentGlobalsRegistry.AddFlags more than once, the registry will be set by the latest flags
2025-01-28 20:40:26,996 INFO c.h.h.t.HelmChartContainer - [K3S] [INFO] Running cloud-controller-manager --allocate-node-cidrs=true --authentication-kubeconfig=/var/lib/rancher/k3s/server/cred/cloud-controller.kubeconfig --authorization-kubeconfig=/var/lib/rancher/k3s/server/cred/cloud-controller.kubeconfig --bind-address=127.0.0.1 --cloud-config=/var/lib/rancher/k3s/server/etc/cloud-config.yaml --cloud-provider=k3s --cluster-cidr=10.42.0.0/16 --configure-cloud-routes=false --controllers=*,-route --kubeconfig=/var/lib/rancher/k3s/server/cred/cloud-controller.kubeconfig --leader-elect=false --leader-elect-resource-name=k3s-cloud-controller-manager --node-status-update-frequency=1m0s --profiling=false
2025-01-28 20:40:26,996 INFO c.h.h.t.HelmChartContainer - [K3S] [options.go:238] external host was not specified, using 172.18.0.2
2025-01-28 20:40:26,998 INFO c.h.h.t.HelmChartContainer - [K3S] [INFO] Server node token is available at /var/lib/rancher/k3s/server/token
2025-01-28 20:40:26,998 INFO c.h.h.t.HelmChartContainer - [K3S] [INFO] To join server node to cluster: k3s server -s https://172.18.0.2:6443 -t ${SERVER_NODE_TOKEN}
2025-01-28 20:40:26,998 INFO c.h.h.t.HelmChartContainer - [K3S] [INFO] Agent node token is available at /var/lib/rancher/k3s/server/agent-token
2025-01-28 20:40:26,998 INFO c.h.h.t.HelmChartContainer - [K3S] [INFO] To join agent node to cluster: k3s agent -s https://172.18.0.2:6443 -t ${AGENT_NODE_TOKEN}
2025-01-28 20:40:26,999 INFO c.h.h.t.HelmChartContainer - [K3S] [INFO] Wrote kubeconfig /etc/rancher/k3s/k3s.yaml
2025-01-28 20:40:26,999 INFO c.h.h.t.HelmChartContainer - [K3S] [INFO] Run: k3s kubectl
2025-01-28 20:40:27,000 INFO c.h.h.t.HelmChartContainer - [K3S] [server.go:151] Version: v1.32.0+k3s1
2025-01-28 20:40:27,000 INFO c.h.h.t.HelmChartContainer - [K3S] [server.go:153] "Golang settings" GOGC="" GOMAXPROCS="" GOTRACEBACK=""
2025-01-28 20:40:27,511 INFO c.h.h.t.HelmChartContainer - [K3S] [plugins.go:157] Loaded 13 mutating admission controller(s) successfully in the following order: NamespaceLifecycle,LimitRanger,ServiceAccount,NodeRestriction,TaintNodesByCondition,Priority,DefaultTolerationSeconds,DefaultStorageClass,StorageObjectInUseProtection,RuntimeClass,DefaultIngressClass,MutatingAdmissionPolicy,MutatingAdmissionWebhook.
2025-01-28 20:40:27,512 INFO c.h.h.t.HelmChartContainer - [K3S] [plugins.go:160] Loaded 13 validating admission controller(s) successfully in the following order: LimitRanger,ServiceAccount,PodSecurity,Priority,PersistentVolumeClaimResize,RuntimeClass,CertificateApproval,CertificateSigning,ClusterTrustBundleAttest,CertificateSubjectRestriction,ValidatingAdmissionPolicy,ValidatingAdmissionWebhook,ResourceQuota.
2025-01-28 20:40:27,512 INFO c.h.h.t.HelmChartContainer - [K3S] [instance.go:233] Using reconciler: lease
2025-01-28 20:40:27,573 INFO c.h.h.t.HelmChartContainer - [K3S] [apis.go:106] API group "internal.apiserver.k8s.io" is not enabled, skipping.
2025-01-28 20:40:27,576 INFO c.h.h.t.HelmChartContainer - [K3S] [INFO] Password verified locally for node 8e458440c762
2025-01-28 20:40:27,630 INFO c.h.h.t.HelmChartContainer - [K3S] [apis.go:106] API group "storagemigration.k8s.io" is not enabled, skipping.
2025-01-28 20:40:27,670 INFO c.h.h.t.HelmChartContainer - [K3S] [apis.go:106] API group "resource.k8s.io" is not enabled, skipping.
2025-01-28 20:40:28,023 INFO c.h.h.t.HelmChartContainer - [K3S] [dynamic_cafile_content.go:161] "Starting controller" name="request-header::/var/lib/rancher/k3s/server/tls/request-header-ca.crt"
2025-01-28 20:40:28,023 INFO c.h.h.t.HelmChartContainer - [K3S] [dynamic_serving_content.go:135] "Starting controller" name="serving-cert::/var/lib/rancher/k3s/server/tls/serving-kube-apiserver.crt::/var/lib/rancher/k3s/server/tls/serving-kube-apiserver.key"
2025-01-28 20:40:28,023 INFO c.h.h.t.HelmChartContainer - [K3S] [dynamic_cafile_content.go:161] "Starting controller" name="client-ca-bundle::/var/lib/rancher/k3s/server/tls/client-ca.crt"
2025-01-28 20:40:28,023 INFO c.h.h.t.HelmChartContainer - [K3S] [secure_serving.go:213] Serving securely on 127.0.0.1:6444
2025-01-28 20:40:28,026 INFO c.h.h.t.HelmChartContainer - [K3S] [system_namespaces_controller.go:66] Starting system namespaces controller
2025-01-28 20:40:28,027 INFO c.h.h.t.HelmChartContainer - [K3S] [controller.go:119] Starting legacy_token_tracking_controller
2025-01-28 20:40:28,028 INFO c.h.h.t.HelmChartContainer - [K3S] [apf_controller.go:377] Starting API Priority and Fairness config controller
2025-01-28 20:40:28,028 INFO c.h.h.t.HelmChartContainer - [K3S] [gc_controller.go:78] Starting apiserver lease garbage collector
2025-01-28 20:40:28,028 INFO c.h.h.t.HelmChartContainer - [K3S] [controller.go:78] Starting OpenAPI AggregationController
2025-01-28 20:40:28,029 INFO c.h.h.t.HelmChartContainer - [K3S] [customresource_discovery_controller.go:292] Starting DiscoveryController
2025-01-28 20:40:28,029 INFO c.h.h.t.HelmChartContainer - [K3S] [controller.go:80] Starting OpenAPI V3 AggregationController
2025-01-28 20:40:28,029 INFO c.h.h.t.HelmChartContainer - [K3S] [cluster_authentication_trust_controller.go:462] Starting cluster_authentication_trust_controller controller
2025-01-28 20:40:28,029 INFO c.h.h.t.HelmChartContainer - [K3S] [controller.go:90] Starting OpenAPI V3 controller
2025-01-28 20:40:28,029 INFO c.h.h.t.HelmChartContainer - [K3S] [apiservice_controller.go:100] Starting APIServiceRegistrationController
2025-01-28 20:40:28,029 INFO c.h.h.t.HelmChartContainer - [K3S] [naming_controller.go:294] Starting NamingConditionController
2025-01-28 20:40:28,029 INFO c.h.h.t.HelmChartContainer - [K3S] [establishing_controller.go:81] Starting EstablishingController
2025-01-28 20:40:28,029 INFO c.h.h.t.HelmChartContainer - [K3S] [nonstructuralschema_controller.go:195] Starting NonStructuralSchemaConditionController
2025-01-28 20:40:28,029 INFO c.h.h.t.HelmChartContainer - [K3S] [apiapproval_controller.go:189] Starting KubernetesAPIApprovalPolicyConformantConditionController
2025-01-28 20:40:28,029 INFO c.h.h.t.HelmChartContainer - [K3S] [local_available_controller.go:156] Starting LocalAvailability controller
2025-01-28 20:40:28,030 INFO c.h.h.t.HelmChartContainer - [K3S] [crd_finalizer.go:269] Starting CRDFinalizer
2025-01-28 20:40:28,030 INFO c.h.h.t.HelmChartContainer - [K3S] [controller.go:142] Starting OpenAPI controller
2025-01-28 20:40:28,030 INFO c.h.h.t.HelmChartContainer - [K3S] [dynamic_serving_content.go:135] "Starting controller" name="aggregator-proxy-cert::/var/lib/rancher/k3s/server/tls/client-auth-proxy.crt::/var/lib/rancher/k3s/server/tls/client-auth-proxy.key"
2025-01-28 20:40:28,030 INFO c.h.h.t.HelmChartContainer - [K3S] [tlsconfig.go:243] "Starting DynamicServingCertificateController"
2025-01-28 20:40:28,030 INFO c.h.h.t.HelmChartContainer - [K3S] [aggregator.go:169] waiting for initial CRD sync...
2025-01-28 20:40:28,030 INFO c.h.h.t.HelmChartContainer - [K3S] [remote_available_controller.go:411] Starting RemoteAvailability controller
2025-01-28 20:40:28,031 INFO c.h.h.t.HelmChartContainer - [K3S] [dynamic_cafile_content.go:161] "Starting controller" name="client-ca-bundle::/var/lib/rancher/k3s/server/tls/client-ca.crt"
2025-01-28 20:40:28,031 INFO c.h.h.t.HelmChartContainer - [K3S] [dynamic_cafile_content.go:161] "Starting controller" name="request-header::/var/lib/rancher/k3s/server/tls/request-header-ca.crt"
2025-01-28 20:40:28,031 INFO c.h.h.t.HelmChartContainer - [K3S] [crdregistration_controller.go:114] Starting crd-autoregister controller
2025-01-28 20:40:28,107 INFO c.h.h.t.HelmChartContainer - [K3S] [policy_source.go:240] refreshing policies
2025-01-28 20:40:28,111 INFO c.h.h.t.HelmChartContainer - [K3S] [controller.go:145] "Failed to ensure lease exists, will retry" err="namespaces \"kube-system\" not found" interval="200ms"
2025-01-28 20:40:28,125 INFO c.h.h.t.HelmChartContainer - [K3S] [apf_controller.go:382] Running API Priority and Fairness config worker
2025-01-28 20:40:28,125 INFO c.h.h.t.HelmChartContainer - [K3S] [apf_controller.go:385] Running API Priority and Fairness periodic rebalancing process
2025-01-28 20:40:28,125 INFO c.h.h.t.HelmChartContainer - [K3S] [handler_discovery.go:451] Starting ResourceDiscoveryManager
2025-01-28 20:40:28,128 INFO c.h.h.t.HelmChartContainer - [K3S] [aggregator.go:171] initial CRD sync complete...
2025-01-28 20:40:28,128 INFO c.h.h.t.HelmChartContainer - [K3S] [autoregister_controller.go:144] Starting autoregister controller
2025-01-28 20:40:28,180 INFO c.h.h.t.HelmChartContainer - [K3S] [controller.go:95] Unable to perform initial Kubernetes service initialization: namespaces "default" not found
2025-01-28 20:40:28,183 INFO c.h.h.t.HelmChartContainer - [K3S] [WARNING] Host resolv.conf includes loopback or multicast nameservers - kubelet will use autogenerated resolv.conf with nameserver 8.8.8.8
2025-01-28 20:40:28,198 INFO c.h.h.t.HelmChartContainer - [K3S] [INFO] Module overlay was already loaded
2025-01-28 20:40:28,198 INFO c.h.h.t.HelmChartContainer - [K3S] [INFO] Module nf_conntrack was already loaded
2025-01-28 20:40:28,198 INFO c.h.h.t.HelmChartContainer - [K3S] [INFO] Module br_netfilter was already loaded
2025-01-28 20:40:28,203 INFO c.h.h.t.HelmChartContainer - [K3S] [INFO] Set sysctl 'net/netfilter/nf_conntrack_tcp_timeout_close_wait' to 3600
2025-01-28 20:40:28,203 INFO c.h.h.t.HelmChartContainer - [K3S] [INFO] Set sysctl 'net/netfilter/nf_conntrack_max' to 131072
2025-01-28 20:40:28,203 INFO c.h.h.t.HelmChartContainer - [K3S] [INFO] Set sysctl 'net/netfilter/nf_conntrack_tcp_timeout_established' to 86400
2025-01-28 20:40:28,205 INFO c.h.h.t.HelmChartContainer - [K3S] [INFO] Logging containerd to /var/lib/rancher/k3s/agent/containerd/containerd.log
2025-01-28 20:40:28,207 INFO c.h.h.t.HelmChartContainer - [K3S] [INFO] Running containerd -c /var/lib/rancher/k3s/agent/etc/containerd/config.toml -a /run/k3s/containerd/containerd.sock --state /run/k3s/containerd --root /var/lib/rancher/k3s/agent/containerd
2025-01-28 20:40:29,028 INFO c.h.h.t.HelmChartContainer - [K3S] [storage_scheduling.go:95] created PriorityClass system-node-critical with value 2000001000
2025-01-28 20:40:29,031 INFO c.h.h.t.HelmChartContainer - [K3S] [storage_scheduling.go:95] created PriorityClass system-cluster-critical with value 2000000000
2025-01-28 20:40:29,033 INFO c.h.h.t.HelmChartContainer - [K3S] [storage_scheduling.go:111] all system priority classes are created successfully or already exist.
2025-01-28 20:40:29,213 INFO c.h.h.t.HelmChartContainer - [K3S] [INFO] containerd is now running
2025-01-28 20:40:29,216 INFO c.h.h.t.HelmChartContainer - [K3S] [INFO] Creating k3s-cert-monitor event broadcaster
2025-01-28 20:40:29,216 INFO c.h.h.t.HelmChartContainer - [K3S] [INFO] Connecting to proxy" url="wss://127.0.0.1:6443/v1-k3s/connect
2025-01-28 20:40:29,220 INFO c.h.h.t.HelmChartContainer - [K3S] [INFO] Handling backend connection request [8e458440c762]
2025-01-28 20:40:29,221 INFO c.h.h.t.HelmChartContainer - [K3S] [INFO] Remotedialer connected to proxy" url="wss://127.0.0.1:6443/v1-k3s/connect
2025-01-28 20:40:29,222 INFO c.h.h.t.HelmChartContainer - [K3S] [INFO] Running kubelet --cloud-provider=external --config-dir=/var/lib/rancher/k3s/agent/etc/kubelet.conf.d --containerd=/run/k3s/containerd/containerd.sock --hostname-override=8e458440c762 --kubeconfig=/var/lib/rancher/k3s/agent/kubelet.kubeconfig --node-ip=172.18.0.2 --node-labels=
2025-01-28 20:40:29,362 INFO c.h.h.t.HelmChartContainer - [K3S] [ERROR] Sending HTTP/1.1 503 response to 127.0.0.1:46478: runtime core not ready
2025-01-28 20:40:29,474 INFO c.h.h.t.HelmChartContainer - [K3S] [INFO] Running kube-proxy --cluster-cidr=10.42.0.0/16 --conntrack-max-per-core=0 --conntrack-tcp-timeout-close-wait=0s --conntrack-tcp-timeout-established=0s --healthz-bind-address=127.0.0.1 --hostname-override=8e458440c762 --kubeconfig=/var/lib/rancher/k3s/agent/kubeproxy.kubeconfig --proxy-mode=iptables
2025-01-28 20:40:29,486 INFO c.h.h.t.HelmChartContainer - [K3S] [alloc.go:330] "allocated clusterIPs" service="default/kubernetes" clusterIPs={"IPv4":"10.43.0.1"}
2025-01-28 20:40:29,490 INFO c.h.h.t.HelmChartContainer - [K3S] [lease.go:265] Resetting endpoints for master service "kubernetes" to [172.18.0.2]
2025-01-28 20:40:29,518 INFO c.h.h.t.HelmChartContainer - [K3S] [server.go:687] "Failed to retrieve node info" err="nodes \"8e458440c762\" not found"
2025-01-28 20:40:30,002 INFO c.h.h.t.HelmChartContainer - [K3S] [INFO] Waiting for untainted node
2025-01-28 20:40:30,002 INFO c.h.h.t.HelmChartContainer - [K3S] [INFO] Kube API server is now running
2025-01-28 20:40:30,002 INFO c.h.h.t.HelmChartContainer - [K3S] [INFO] ETCD server is now running
2025-01-28 20:40:30,002 INFO c.h.h.t.HelmChartContainer - [K3S] [INFO] k3s is up and running
2025-01-28 20:40:30,002 INFO c.h.h.t.HelmChartContainer - [K3S] [INFO] Waiting for cloud-controller-manager privileges to become available
2025-01-28 20:40:30,002 INFO c.h.h.t.HelmChartContainer - [K3S] [INFO] Creating k3s-supervisor event broadcaster
2025-01-28 20:40:30,009 INFO c.h.h.t.HelmChartContainer - [K3S] [INFO] Applying CRD addons.k3s.cattle.io
2025-01-28 20:40:30,018 INFO c.h.h.t.HelmChartContainer - [K3S] [INFO] Applying CRD etcdsnapshotfiles.k3s.cattle.io
2025-01-28 20:40:30,032 INFO c.h.h.t.HelmChartContainer - [K3S] [INFO] Applying CRD helmcharts.helm.cattle.io
2025-01-28 20:40:30,048 INFO c.h.h.t.HelmChartContainer - [K3S] [INFO] Applying CRD helmchartconfigs.helm.cattle.io
2025-01-28 20:40:30,064 INFO c.h.h.t.HelmChartContainer - [K3S] [INFO] Waiting for CRD helmchartconfigs.helm.cattle.io to become available
2025-01-28 20:40:30,199 INFO c.h.h.t.HelmChartContainer - [K3S] [serving.go:392] Generated self-signed cert in-memory
2025-01-28 20:40:30,227 INFO c.h.h.t.HelmChartContainer - [K3S] Flag --containerd has been deprecated, This is a cadvisor flag that was mistakenly registered with the Kubelet. Due to legacy concerns, it will follow the standard CLI deprecation timeline before being removed.
2025-01-28 20:40:30,233 INFO c.h.h.t.HelmChartContainer - [K3S] [server.go:515] "Kubelet version" kubeletVersion="v1.32.0+k3s1"
2025-01-28 20:40:30,233 INFO c.h.h.t.HelmChartContainer - [K3S] [server.go:517] "Golang settings" GOGC="" GOMAXPROCS="" GOTRACEBACK=""
2025-01-28 20:40:30,235 INFO c.h.h.t.HelmChartContainer - [K3S] [dynamic_cafile_content.go:161] "Starting controller" name="client-ca-bundle::/var/lib/rancher/k3s/agent/client-ca.crt"
2025-01-28 20:40:30,237 INFO c.h.h.t.HelmChartContainer - [K3S] [log.go:32] "RuntimeConfig from runtime service failed" err="rpc error: code = Unimplemented desc = method RuntimeConfig not implemented"
2025-01-28 20:40:30,238 INFO c.h.h.t.HelmChartContainer - [K3S] [server.go:1416] "CRI implementation should be updated to support RuntimeConfig when KubeletCgroupDriverFromCRI feature gate has been enabled. Falling back to using cgroupDriver from kubelet config."
2025-01-28 20:40:30,241 INFO c.h.h.t.HelmChartContainer - [K3S] [info.go:53] Couldn't collect info from any of the files in "/etc/machine-id,/var/lib/dbus/machine-id"
2025-01-28 20:40:30,242 INFO c.h.h.t.HelmChartContainer - [K3S] [server.go:767] "--cgroups-per-qos enabled, but --cgroup-root was not specified.  defaulting to /"
2025-01-28 20:40:30,242 INFO c.h.h.t.HelmChartContainer - [K3S] [server.go:836] "NoSwap is set due to memorySwapBehavior not specified" memorySwapBehavior="" FailSwapOn=false
2025-01-28 20:40:30,242 INFO c.h.h.t.HelmChartContainer - [K3S] [swap_util.go:115] "Swap is on" /proc/swaps contents=<
2025-01-28 20:40:30,242 INFO c.h.h.t.HelmChartContainer - [K3S] 	Filename				Type		Size		Used		Priority
2025-01-28 20:40:30,242 INFO c.h.h.t.HelmChartContainer - [K3S] 	/mnt/swapfile                           file		4194300		0		-2
2025-01-28 20:40:30,242 INFO c.h.h.t.HelmChartContainer - [K3S]  >
2025-01-28 20:40:30,242 INFO c.h.h.t.HelmChartContainer - [K3S] [container_manager_linux.go:268] "Container manager verified user specified cgroup-root exists" cgroupRoot=[]
2025-01-28 20:40:30,243 INFO c.h.h.t.HelmChartContainer - [K3S] [container_manager_linux.go:273] "Creating Container Manager object based on Node Config" nodeConfig={"NodeName":"8e458440c762","RuntimeCgroupsName":"","SystemCgroupsName":"","KubeletCgroupsName":"/k3s","KubeletOOMScoreAdj":-999,"ContainerRuntime":"","CgroupsPerQOS":true,"CgroupRoot":"/","CgroupDriver":"cgroupfs","KubeletRootDir":"/var/lib/kubelet","ProtectKernelDefaults":false,"KubeReservedCgroupName":"","SystemReservedCgroupName":"","ReservedSystemCPUs":{},"EnforceNodeAllocatable":{"pods":{}},"KubeReserved":null,"SystemReserved":null,"HardEvictionThresholds":[{"Signal":"imagefs.available","Operator":"LessThan","Value":{"Quantity":null,"Percentage":0.05},"GracePeriod":0,"MinReclaim":null},{"Signal":"nodefs.available","Operator":"LessThan","Value":{"Quantity":null,"Percentage":0.05},"GracePeriod":0,"MinReclaim":null}],"QOSReserved":{},"CPUManagerPolicy":"none","CPUManagerPolicyOptions":null,"TopologyManagerScope":"container","CPUManagerReconcilePeriod":10000000000,"ExperimentalMemoryManagerPolicy":"None","ExperimentalMemoryManagerReservedMemory":null,"PodPidsLimit":-1,"EnforceCPULimits":true,"CPUCFSQuotaPeriod":100000000,"TopologyManagerPolicy":"none","TopologyManagerPolicyOptions":null,"CgroupVersion":2}
2025-01-28 20:40:30,244 INFO c.h.h.t.HelmChartContainer - [K3S] [topology_manager.go:138] "Creating topology manager with none policy"
2025-01-28 20:40:30,245 INFO c.h.h.t.HelmChartContainer - [K3S] [container_manager_linux.go:304] "Creating device plugin manager"
2025-01-28 20:40:30,245 INFO c.h.h.t.HelmChartContainer - [K3S] [state_mem.go:36] "Initialized new in-memory state store"
2025-01-28 20:40:30,245 INFO c.h.h.t.HelmChartContainer - [K3S] [kubelet.go:446] "Attempting to sync node with API server"
2025-01-28 20:40:30,246 INFO c.h.h.t.HelmChartContainer - [K3S] [kubelet.go:341] "Adding static pod path" path="/var/lib/rancher/k3s/agent/pod-manifests"
2025-01-28 20:40:30,246 INFO c.h.h.t.HelmChartContainer - [K3S] [kubelet.go:352] "Adding apiserver pod source"
2025-01-28 20:40:30,246 INFO c.h.h.t.HelmChartContainer - [K3S] [apiserver.go:42] "Waiting for node sync before watching apiserver pods"
2025-01-28 20:40:30,246 INFO c.h.h.t.HelmChartContainer - [K3S] [kuberuntime_manager.go:269] "Container runtime initialized" containerRuntime="containerd" version="v1.7.23-k3s2" apiVersion="v1"
2025-01-28 20:40:30,246 INFO c.h.h.t.HelmChartContainer - [K3S] [kubelet.go:890] "Not starting ClusterTrustBundle informer because we are in static kubelet mode"
2025-01-28 20:40:30,246 INFO c.h.h.t.HelmChartContainer - [K3S] [probe.go:272] Flexvolume plugin directory at /usr/libexec/kubernetes/kubelet-plugins/volume/exec/ does not exist. Recreating.
2025-01-28 20:40:30,247 INFO c.h.h.t.HelmChartContainer - [K3S] [watchdog_linux.go:99] "Systemd watchdog is not enabled"
2025-01-28 20:40:30,248 INFO c.h.h.t.HelmChartContainer - [K3S] [server.go:1282] "Started kubelet"
2025-01-28 20:40:30,250 INFO c.h.h.t.HelmChartContainer - [K3S] [fs_resource_analyzer.go:67] "Starting FS ResourceAnalyzer"
2025-01-28 20:40:30,254 INFO c.h.h.t.HelmChartContainer - [K3S] [server.go:169] "Starting to listen" address="0.0.0.0" port=10250
2025-01-28 20:40:30,258 INFO c.h.h.t.HelmChartContainer - [K3S] [server.go:490] "Adding debug handlers to kubelet server"
2025-01-28 20:40:30,262 INFO c.h.h.t.HelmChartContainer - [K3S] [desired_state_of_world_populator.go:149] "Desired state populator starts to run"
2025-01-28 20:40:30,263 INFO c.h.h.t.HelmChartContainer - [K3S] [kubelet_node_status.go:467] "Error getting the current node from lister" err="node \"8e458440c762\" not found"
2025-01-28 20:40:30,263 INFO c.h.h.t.HelmChartContainer - [K3S] [server.go:208] "Starting to listen read-only" address="0.0.0.0" port=10255
2025-01-28 20:40:30,264 INFO c.h.h.t.HelmChartContainer - [K3S] [ratelimit.go:55] "Setting rate limiting for endpoint" service="podresources" qps=100 burstTokens=10
2025-01-28 20:40:30,264 INFO c.h.h.t.HelmChartContainer - [K3S] [server.go:243] "Starting to serve the podresources API" endpoint="unix:/var/lib/kubelet/pod-resources/kubelet.sock"
2025-01-28 20:40:30,265 INFO c.h.h.t.HelmChartContainer - [K3S] [dynamic_serving_content.go:135] "Starting controller" name="kubelet-server-cert-files::/var/lib/rancher/k3s/agent/serving-kubelet.crt::/var/lib/rancher/k3s/agent/serving-kubelet.key"
2025-01-28 20:40:30,265 INFO c.h.h.t.HelmChartContainer - [K3S] [volume_manager.go:297] "Starting Kubelet Volume Manager"
2025-01-28 20:40:30,265 INFO c.h.h.t.HelmChartContainer - [K3S] [reconciler.go:26] "Reconciler: start to sync state"
2025-01-28 20:40:30,266 INFO c.h.h.t.HelmChartContainer - [K3S] [factory.go:221] Registration of the systemd container factory successfully
2025-01-28 20:40:30,266 INFO c.h.h.t.HelmChartContainer - [K3S] [factory.go:219] Registration of the crio container factory failed: Get "http://%2Fvar%2Frun%2Fcrio%2Fcrio.sock/info": dial unix /var/run/crio/crio.sock: connect: no such file or directory
2025-01-28 20:40:30,274 INFO c.h.h.t.HelmChartContainer - [K3S] [kubelet_network_linux.go:50] "Initialized iptables rules." protocol="IPv4"
2025-01-28 20:40:30,275 INFO c.h.h.t.HelmChartContainer - [K3S] [factory.go:221] Registration of the containerd container factory successfully
2025-01-28 20:40:30,276 INFO c.h.h.t.HelmChartContainer - [K3S] [kubelet.go:1561] "Image garbage collection failed once. Stats initialization may not have completed yet" err="invalid capacity 0 on image filesystem"
2025-01-28 20:40:30,280 INFO c.h.h.t.HelmChartContainer - [K3S] [kubelet_network_linux.go:50] "Initialized iptables rules." protocol="IPv6"
2025-01-28 20:40:30,281 INFO c.h.h.t.HelmChartContainer - [K3S] [status_manager.go:227] "Starting to sync pod status with apiserver"
2025-01-28 20:40:30,281 INFO c.h.h.t.HelmChartContainer - [K3S] [watchdog_linux.go:127] "Systemd watchdog is not enabled or the interval is invalid, so health checking will not be started."
2025-01-28 20:40:30,282 INFO c.h.h.t.HelmChartContainer - [K3S] [kubelet.go:2388] "Starting kubelet main sync loop"
2025-01-28 20:40:30,282 INFO c.h.h.t.HelmChartContainer - [K3S] [kubelet.go:2412] "Skipping pod synchronization" err="[container runtime status check may not have completed yet, PLEG is not healthy: pleg has yet to be successful]"
2025-01-28 20:40:30,289 INFO c.h.h.t.HelmChartContainer - [K3S] [nodelease.go:49] "Failed to get node when trying to set owner ref to the node lease" err="nodes \"8e458440c762\" not found" node="8e458440c762"
2025-01-28 20:40:30,308 INFO c.h.h.t.HelmChartContainer - [K3S] [cpu_manager.go:221] "Starting CPU manager" policy="none"
2025-01-28 20:40:30,308 INFO c.h.h.t.HelmChartContainer - [K3S] [cpu_manager.go:222] "Reconciling" reconcilePeriod="10s"
2025-01-28 20:40:30,308 INFO c.h.h.t.HelmChartContainer - [K3S] [state_mem.go:36] "Initialized new in-memory state store"
2025-01-28 20:40:30,320 INFO c.h.h.t.HelmChartContainer - [K3S] [policy_none.go:49] "None policy: Start"
2025-01-28 20:40:30,320 INFO c.h.h.t.HelmChartContainer - [K3S] [memory_manager.go:186] "Starting memorymanager" policy="None"
2025-01-28 20:40:30,320 INFO c.h.h.t.HelmChartContainer - [K3S] [state_mem.go:35] "Initializing new in-memory state store"
2025-01-28 20:40:30,324 INFO c.h.h.t.HelmChartContainer - [K3S] [manager.go:519] "Failed to read data from checkpoint" checkpoint="kubelet_internal_checkpoint" err="checkpoint is not found"
2025-01-28 20:40:30,325 INFO c.h.h.t.HelmChartContainer - [K3S] [eviction_manager.go:189] "Eviction manager: starting control loop"
2025-01-28 20:40:30,325 INFO c.h.h.t.HelmChartContainer - [K3S] [container_log_manager.go:189] "Initializing container log rotate workers" workers=1 monitorPeriod="10s"
2025-01-28 20:40:30,325 INFO c.h.h.t.HelmChartContainer - [K3S] [plugin_manager.go:118] "Starting Kubelet Plugin Manager"
2025-01-28 20:40:30,338 INFO c.h.h.t.HelmChartContainer - [K3S] [eviction_manager.go:267] "eviction manager: failed to check if we have separate container filesystem. Ignoring." err="no imagefs label for configured runtime"
2025-01-28 20:40:30,338 INFO c.h.h.t.HelmChartContainer - [K3S] [eviction_manager.go:292] "Eviction manager: failed to get summary stats" err="failed to get node info: node \"8e458440c762\" not found"
2025-01-28 20:40:30,424 INFO c.h.h.t.HelmChartContainer - [K3S] [kubelet_node_status.go:76] "Attempting to register node" node="8e458440c762"
2025-01-28 20:40:30,431 INFO c.h.h.t.HelmChartContainer - [K3S] [kubelet_node_status.go:79] "Successfully registered node" node="8e458440c762"
2025-01-28 20:40:30,433 INFO c.h.h.t.HelmChartContainer - [K3S] [kubelet_node_status.go:549] "Error updating node status, will retry" err="error getting node \"8e458440c762\": node \"8e458440c762\" not found"
2025-01-28 20:40:30,442 INFO c.h.h.t.HelmChartContainer - [K3S] [INFO] Annotations and labels have been set successfully on node: 8e458440c762
2025-01-28 20:40:30,443 INFO c.h.h.t.HelmChartContainer - [K3S] [INFO] Starting flannel with backend vxlan
2025-01-28 20:40:30,533 INFO c.h.h.t.HelmChartContainer - [K3S] [controllermanager.go:185] "Starting" version="v1.32.0+k3s1"
2025-01-28 20:40:30,533 INFO c.h.h.t.HelmChartContainer - [K3S] [controllermanager.go:187] "Golang settings" GOGC="" GOMAXPROCS="" GOTRACEBACK=""
2025-01-28 20:40:30,535 INFO c.h.h.t.HelmChartContainer - [K3S] [secure_serving.go:213] Serving securely on 127.0.0.1:10257
2025-01-28 20:40:30,537 INFO c.h.h.t.HelmChartContainer - [K3S] [tlsconfig.go:243] "Starting DynamicServingCertificateController"
2025-01-28 20:40:30,537 INFO c.h.h.t.HelmChartContainer - [K3S] [requestheader_controller.go:180] Starting RequestHeaderAuthRequestController
2025-01-28 20:40:30,537 INFO c.h.h.t.HelmChartContainer - [K3S] [configmap_cafile_content.go:205] "Starting controller" name="client-ca::kube-system::extension-apiserver-authentication::client-ca-file"
2025-01-28 20:40:30,537 INFO c.h.h.t.HelmChartContainer - [K3S] [configmap_cafile_content.go:205] "Starting controller" name="client-ca::kube-system::extension-apiserver-authentication::requestheader-client-ca-file"
2025-01-28 20:40:30,542 INFO c.h.h.t.HelmChartContainer - [K3S] [controllermanager.go:765] "Started controller" controller="serviceaccount-token-controller"
2025-01-28 20:40:30,542 INFO c.h.h.t.HelmChartContainer - [K3S] [controllermanager.go:717] "Controller is disabled by a feature gate" controller="volumeattributesclass-protection-controller" requiredFeatureGates=["VolumeAttributesClass"]
2025-01-28 20:40:30,551 INFO c.h.h.t.HelmChartContainer - [K3S] [controllermanager.go:765] "Started controller" controller="ephemeral-volume-controller"
2025-01-28 20:40:30,552 INFO c.h.h.t.HelmChartContainer - [K3S] [controllermanager.go:717] "Controller is disabled by a feature gate" controller="service-cidr-controller" requiredFeatureGates=["MultiCIDRServiceAllocator"]
2025-01-28 20:40:30,552 INFO c.h.h.t.HelmChartContainer - [K3S] [controller.go:173] "Starting ephemeral volume controller"
2025-01-28 20:40:30,558 INFO c.h.h.t.HelmChartContainer - [K3S] [controllermanager.go:765] "Started controller" controller="token-cleaner-controller"
2025-01-28 20:40:30,558 INFO c.h.h.t.HelmChartContainer - [K3S] [tokencleaner.go:117] "Starting token cleaner controller"
2025-01-28 20:40:30,566 INFO c.h.h.t.HelmChartContainer - [K3S] [controllermanager.go:765] "Started controller" controller="job-controller"
2025-01-28 20:40:30,566 INFO c.h.h.t.HelmChartContainer - [K3S] [controllermanager.go:723] "Skipping a cloud provider controller" controller="service-lb-controller"
2025-01-28 20:40:30,566 INFO c.h.h.t.HelmChartContainer - [K3S] [job_controller.go:243] "Starting job controller"
2025-01-28 20:40:30,566 INFO c.h.h.t.HelmChartContainer - [K3S] [INFO] Done waiting for CRD helmchartconfigs.helm.cattle.io to become available
2025-01-28 20:40:30,568 INFO c.h.h.t.HelmChartContainer - [K3S] [INFO] Writing static file: /var/lib/rancher/k3s/server/static/charts/traefik-27.0.201+up27.0.2.tgz
2025-01-28 20:40:30,568 INFO c.h.h.t.HelmChartContainer - [K3S] [INFO] Writing static file: /var/lib/rancher/k3s/server/static/charts/traefik-crd-27.0.201+up27.0.2.tgz
2025-01-28 20:40:30,569 INFO c.h.h.t.HelmChartContainer - [K3S] [INFO] Writing manifest: /var/lib/rancher/k3s/server/manifests/metrics-server/metrics-apiservice.yaml
2025-01-28 20:40:30,569 INFO c.h.h.t.HelmChartContainer - [K3S] [INFO] Writing manifest: /var/lib/rancher/k3s/server/manifests/metrics-server/resource-reader.yaml
2025-01-28 20:40:30,569 INFO c.h.h.t.HelmChartContainer - [K3S] [INFO] Writing manifest: /var/lib/rancher/k3s/server/manifests/runtimes.yaml
2025-01-28 20:40:30,570 INFO c.h.h.t.HelmChartContainer - [K3S] [INFO] Writing manifest: /var/lib/rancher/k3s/server/manifests/ccm.yaml
2025-01-28 20:40:30,570 INFO c.h.h.t.HelmChartContainer - [K3S] [INFO] Writing manifest: /var/lib/rancher/k3s/server/manifests/metrics-server/auth-delegator.yaml
2025-01-28 20:40:30,570 INFO c.h.h.t.HelmChartContainer - [K3S] [INFO] Writing manifest: /var/lib/rancher/k3s/server/manifests/metrics-server/aggregated-metrics-reader.yaml
2025-01-28 20:40:30,572 INFO c.h.h.t.HelmChartContainer - [K3S] [INFO] Writing manifest: /var/lib/rancher/k3s/server/manifests/metrics-server/auth-reader.yaml
2025-01-28 20:40:30,573 INFO c.h.h.t.HelmChartContainer - [K3S] [INFO] Writing manifest: /var/lib/rancher/k3s/server/manifests/metrics-server/metrics-server-deployment.yaml
2025-01-28 20:40:30,573 INFO c.h.h.t.HelmChartContainer - [K3S] [INFO] Writing manifest: /var/lib/rancher/k3s/server/manifests/metrics-server/metrics-server-service.yaml
2025-01-28 20:40:30,573 INFO c.h.h.t.HelmChartContainer - [K3S] [INFO] Writing manifest: /var/lib/rancher/k3s/server/manifests/rolebindings.yaml
2025-01-28 20:40:30,573 INFO c.h.h.t.HelmChartContainer - [K3S] [INFO] Writing manifest: /var/lib/rancher/k3s/server/manifests/coredns.yaml
2025-01-28 20:40:30,573 INFO c.h.h.t.HelmChartContainer - [K3S] [INFO] Writing manifest: /var/lib/rancher/k3s/server/manifests/local-storage.yaml
2025-01-28 20:40:30,573 INFO c.h.h.t.HelmChartContainer - [K3S] [INFO] Starting dynamiclistener CN filter node controller with SANs: [localhost 127.0.0.1 ::1 localhost 8e458440c762 172.18.0.2 10.43.0.1 kubernetes kubernetes.default kubernetes.default.svc kubernetes.default.svc.cluster.local]
2025-01-28 20:40:30,573 INFO c.h.h.t.HelmChartContainer - [K3S] [INFO] Tunnel server egress proxy mode: agent
2025-01-28 20:40:30,578 INFO c.h.h.t.HelmChartContainer - [K3S] [controllermanager.go:765] "Started controller" controller="persistentvolume-binder-controller"
2025-01-28 20:40:30,578 INFO c.h.h.t.HelmChartContainer - [K3S] [pv_controller_base.go:308] "Starting persistent volume controller"
2025-01-28 20:40:30,586 INFO c.h.h.t.HelmChartContainer - [K3S] [controllermanager.go:765] "Started controller" controller="persistentvolume-protection-controller"
2025-01-28 20:40:30,586 INFO c.h.h.t.HelmChartContainer - [K3S] [pv_protection_controller.go:81] "Starting PV protection controller"
2025-01-28 20:40:30,592 INFO c.h.h.t.HelmChartContainer - [K3S] [controllermanager.go:765] "Started controller" controller="replicationcontroller-controller"
2025-01-28 20:40:30,593 INFO c.h.h.t.HelmChartContainer - [K3S] [replica_set.go:217] "Starting controller" name="replicationcontroller"
2025-01-28 20:40:30,598 INFO c.h.h.t.HelmChartContainer - [K3S] [controllermanager.go:765] "Started controller" controller="persistentvolume-attach-detach-controller"
2025-01-28 20:40:30,598 INFO c.h.h.t.HelmChartContainer - [K3S] [attach_detach_controller.go:338] "Starting attach detach controller"
2025-01-28 20:40:30,604 INFO c.h.h.t.HelmChartContainer - [K3S] [controllermanager.go:765] "Started controller" controller="persistentvolumeclaim-protection-controller"
2025-01-28 20:40:30,604 INFO c.h.h.t.HelmChartContainer - [K3S] [controllermanager.go:717] "Controller is disabled by a feature gate" controller="storageversion-garbage-collector-controller" requiredFeatureGates=["APIServerIdentity","StorageVersionAPI"]
2025-01-28 20:40:30,604 INFO c.h.h.t.HelmChartContainer - [K3S] [controllermanager.go:717] "Controller is disabled by a feature gate" controller="resourceclaim-controller" requiredFeatureGates=["DynamicResourceAllocation"]
2025-01-28 20:40:30,604 INFO c.h.h.t.HelmChartContainer - [K3S] [pvc_protection_controller.go:168] "Starting PVC protection controller"
2025-01-28 20:40:30,620 INFO c.h.h.t.HelmChartContainer - [K3S] [controllermanager.go:765] "Started controller" controller="validatingadmissionpolicy-status-controller"
2025-01-28 20:40:30,620 INFO c.h.h.t.HelmChartContainer - [K3S] [controllermanager.go:723] "Skipping a cloud provider controller" controller="node-route-controller"
2025-01-28 20:40:30,625 INFO c.h.h.t.HelmChartContainer - [K3S] [controllermanager.go:765] "Started controller" controller="persistentvolume-expander-controller"
2025-01-28 20:40:30,626 INFO c.h.h.t.HelmChartContainer - [K3S] [expand_controller.go:329] "Starting expand controller"
2025-01-28 20:40:30,645 INFO c.h.h.t.HelmChartContainer - [K3S] [kubelet_node_status.go:502] "Fast updating node status as it just became ready"
2025-01-28 20:40:30,662 INFO c.h.h.t.HelmChartContainer - [K3S] [server.go:698] "Successfully retrieved node IP(s)" IPs=["172.18.0.2"]
2025-01-28 20:40:30,662 INFO c.h.h.t.HelmChartContainer - [K3S] [server.go:234] "Kube-proxy configuration may be incomplete or incorrect" err="nodePortAddresses is unset; NodePort connections will be accepted on all local IPs. Consider using `--nodeport-addresses primary`"
2025-01-28 20:40:30,665 INFO c.h.h.t.HelmChartContainer - [K3S] [server.go:243] "kube-proxy running in dual-stack mode" primary ipFamily="IPv4"
2025-01-28 20:40:30,666 INFO c.h.h.t.HelmChartContainer - [K3S] [server_linux.go:170] "Using iptables Proxier"
2025-01-28 20:40:30,667 INFO c.h.h.t.HelmChartContainer - [K3S] [proxier.go:255] "Setting route_localnet=1 to allow node-ports on localhost; to change this either disable iptables.localhostNodePorts (--iptables-localhost-nodeports) or set nodePortAddresses (--nodeport-addresses) to filter loopback addresses"
2025-01-28 20:40:30,672 INFO c.h.h.t.HelmChartContainer - [K3S] [server.go:497] "Version info" version="v1.32.0+k3s1"
2025-01-28 20:40:30,674 INFO c.h.h.t.HelmChartContainer - [K3S] [server.go:499] "Golang settings" GOGC="" GOMAXPROCS="" GOTRACEBACK=""
2025-01-28 20:40:30,674 INFO c.h.h.t.HelmChartContainer - [K3S] [config.go:199] "Starting service config controller"
2025-01-28 20:40:30,676 INFO c.h.h.t.HelmChartContainer - [K3S] [config.go:105] "Starting endpoint slice config controller"
2025-01-28 20:40:30,677 INFO c.h.h.t.HelmChartContainer - [K3S] [config.go:329] "Starting node config controller"
2025-01-28 20:40:30,680 INFO c.h.h.t.HelmChartContainer - [K3S] [INFO] Starting k3s.cattle.io/v1, Kind=Addon controller
2025-01-28 20:40:30,680 INFO c.h.h.t.HelmChartContainer - [K3S] [INFO] Creating deploy event broadcaster
2025-01-28 20:40:30,746 INFO c.h.h.t.HelmChartContainer - [K3S] [controllermanager.go:765] "Started controller" controller="legacy-serviceaccount-token-cleaner-controller"
2025-01-28 20:40:30,746 INFO c.h.h.t.HelmChartContainer - [K3S] [legacy_serviceaccount_token_cleaner.go:103] "Starting legacy service account token cleaner controller"
2025-01-28 20:40:30,784 INFO c.h.h.t.HelmChartContainer - [K3S] [INFO] Starting /v1, Kind=Node controller
2025-01-28 20:40:30,785 INFO c.h.h.t.HelmChartContainer - [K3S] [INFO] Creating helm-controller event broadcaster
2025-01-28 20:40:30,791 INFO c.h.h.t.HelmChartContainer - [K3S] [INFO] Cluster dns configmap has been set successfully
2025-01-28 20:40:30,818 INFO c.h.h.t.HelmChartContainer - [K3S] [INFO] Labels and annotations have been set successfully on node: 8e458440c762
2025-01-28 20:40:30,821 INFO c.h.h.t.HelmChartContainer - [K3S] [INFO] Starting /v1, Kind=Secret controller
2025-01-28 20:40:30,822 INFO c.h.h.t.HelmChartContainer - [K3S] [INFO] Starting /v1, Kind=ConfigMap controller
2025-01-28 20:40:30,822 INFO c.h.h.t.HelmChartContainer - [K3S] [INFO] Starting /v1, Kind=ServiceAccount controller
2025-01-28 20:40:30,828 INFO c.h.h.t.HelmChartContainer - [K3S] [INFO] Updating TLS secret for kube-system/k3s-serving (count: 10): map[listener.cattle.io/cn-10.43.0.1:10.43.0.1 listener.cattle.io/cn-127.0.0.1:127.0.0.1 listener.cattle.io/cn-172.18.0.2:172.18.0.2 listener.cattle.io/cn-8e458440c762:8e458440c762 listener.cattle.io/cn-__1-f16284:::1 listener.cattle.io/cn-kubernetes:kubernetes listener.cattle.io/cn-kubernetes.default:kubernetes.default listener.cattle.io/cn-kubernetes.default.svc:kubernetes.default.svc listener.cattle.io/cn-kubernetes.default.svc.cluster.local:kubernetes.default.svc.cluster.local listener.cattle.io/cn-localhost:localhost listener.cattle.io/fingerprint:SHA1=E7BC10F02076E0A7CB57053FDB4B3310CDC1A8E9]
2025-01-28 20:40:30,832 INFO c.h.h.t.HelmChartContainer - [K3S] [INFO] Active TLS secret kube-system/k3s-serving (ver=241) (count 10): map[listener.cattle.io/cn-10.43.0.1:10.43.0.1 listener.cattle.io/cn-127.0.0.1:127.0.0.1 listener.cattle.io/cn-172.18.0.2:172.18.0.2 listener.cattle.io/cn-8e458440c762:8e458440c762 listener.cattle.io/cn-__1-f16284:::1 listener.cattle.io/cn-kubernetes:kubernetes listener.cattle.io/cn-kubernetes.default:kubernetes.default listener.cattle.io/cn-kubernetes.default.svc:kubernetes.default.svc listener.cattle.io/cn-kubernetes.default.svc.cluster.local:kubernetes.default.svc.cluster.local listener.cattle.io/cn-localhost:localhost listener.cattle.io/fingerprint:SHA1=E7BC10F02076E0A7CB57053FDB4B3310CDC1A8E9]
2025-01-28 20:40:30,892 INFO c.h.h.t.HelmChartContainer - [K3S] [INFO] Starting helm.cattle.io/v1, Kind=HelmChart controller
2025-01-28 20:40:30,893 INFO c.h.h.t.HelmChartContainer - [K3S] [INFO] Starting helm.cattle.io/v1, Kind=HelmChartConfig controller
2025-01-28 20:40:30,897 INFO c.h.h.t.HelmChartContainer - [K3S] [INFO] Starting rbac.authorization.k8s.io/v1, Kind=ClusterRoleBinding controller
2025-01-28 20:40:30,899 INFO c.h.h.t.HelmChartContainer - [K3S] [INFO] Starting batch/v1, Kind=Job controller
2025-01-28 20:40:30,902 INFO c.h.h.t.HelmChartContainer - [K3S] [controllermanager.go:765] "Started controller" controller="pod-garbage-collector-controller"
2025-01-28 20:40:30,903 INFO c.h.h.t.HelmChartContainer - [K3S] [gc_controller.go:99] "Starting GC controller"
2025-01-28 20:40:30,924 INFO c.h.h.t.HelmChartContainer - [K3S] [INFO] Updating TLS secret for kube-system/k3s-serving (count: 10): map[listener.cattle.io/cn-10.43.0.1:10.43.0.1 listener.cattle.io/cn-127.0.0.1:127.0.0.1 listener.cattle.io/cn-172.18.0.2:172.18.0.2 listener.cattle.io/cn-8e458440c762:8e458440c762 listener.cattle.io/cn-__1-f16284:::1 listener.cattle.io/cn-kubernetes:kubernetes listener.cattle.io/cn-kubernetes.default:kubernetes.default listener.cattle.io/cn-kubernetes.default.svc:kubernetes.default.svc listener.cattle.io/cn-kubernetes.default.svc.cluster.local:kubernetes.default.svc.cluster.local listener.cattle.io/cn-localhost:localhost listener.cattle.io/fingerprint:SHA1=E7BC10F02076E0A7CB57053FDB4B3310CDC1A8E9]
2025-01-28 20:40:31,046 INFO c.h.h.t.HelmChartContainer - [K3S] [controllermanager.go:765] "Started controller" controller="statefulset-controller"
2025-01-28 20:40:31,046 INFO c.h.h.t.HelmChartContainer - [K3S] [stateful_set.go:166] "Starting stateful set controller"
2025-01-28 20:40:31,195 INFO c.h.h.t.HelmChartContainer - [K3S] [controllermanager.go:765] "Started controller" controller="certificatesigningrequest-cleaner-controller"
2025-01-28 20:40:31,195 INFO c.h.h.t.HelmChartContainer - [K3S] [cleaner.go:83] "Starting CSR cleaner controller"
2025-01-28 20:40:31,244 INFO c.h.h.t.HelmChartContainer - [K3S] [apiserver.go:52] "Watching apiserver"
2025-01-28 20:40:31,263 INFO c.h.h.t.HelmChartContainer - [K3S] [desired_state_of_world_populator.go:157] "Finished populating initial desired state of world"
2025-01-28 20:40:31,451 INFO c.h.h.t.HelmChartContainer - [K3S] [range_allocator.go:112] "No Secondary Service CIDR provided. Skipping filtering out secondary service addresses"
2025-01-28 20:40:31,453 INFO c.h.h.t.HelmChartContainer - [K3S] [controllermanager.go:765] "Started controller" controller="node-ipam-controller"
2025-01-28 20:40:31,454 INFO c.h.h.t.HelmChartContainer - [K3S] [controllermanager.go:723] "Skipping a cloud provider controller" controller="cloud-node-lifecycle-controller"
2025-01-28 20:40:31,454 INFO c.h.h.t.HelmChartContainer - [K3S] [node_ipam_controller.go:141] "Starting ipam controller"
2025-01-28 20:40:31,494 INFO c.h.h.t.HelmChartContainer - [K3S] [controllermanager.go:765] "Started controller" controller="taint-eviction-controller"
2025-01-28 20:40:31,494 INFO c.h.h.t.HelmChartContainer - [K3S] [controllermanager.go:717] "Controller is disabled by a feature gate" controller="selinux-warning-controller" requiredFeatureGates=["SELinuxChangePolicy"]
2025-01-28 20:40:31,495 INFO c.h.h.t.HelmChartContainer - [K3S] [taint_eviction.go:281] "Starting" controller="taint-eviction-controller"
2025-01-28 20:40:31,495 INFO c.h.h.t.HelmChartContainer - [K3S] [taint_eviction.go:287] "Sending events to api server"
2025-01-28 20:40:31,645 INFO c.h.h.t.HelmChartContainer - [K3S] [controllermanager.go:765] "Started controller" controller="daemonset-controller"
2025-01-28 20:40:31,646 INFO c.h.h.t.HelmChartContainer - [K3S] [daemon_controller.go:294] "Starting daemon sets controller"
2025-01-28 20:40:31,798 INFO c.h.h.t.HelmChartContainer - [K3S] [controllermanager.go:765] "Started controller" controller="endpointslice-mirroring-controller"
2025-01-28 20:40:31,801 INFO c.h.h.t.HelmChartContainer - [K3S] [endpointslicemirroring_controller.go:227] "Starting EndpointSliceMirroring controller"
2025-01-28 20:40:31,994 INFO c.h.h.t.HelmChartContainer - [K3S] [controllermanager.go:765] "Started controller" controller="disruption-controller"
2025-01-28 20:40:31,994 INFO c.h.h.t.HelmChartContainer - [K3S] [disruption.go:452] "Sending events to api server."
2025-01-28 20:40:31,995 INFO c.h.h.t.HelmChartContainer - [K3S] [disruption.go:463] "Starting disruption controller"
2025-01-28 20:40:32,044 INFO c.h.h.t.HelmChartContainer - [K3S] [node_lifecycle_controller.go:432] "Controller will reconcile labels"
2025-01-28 20:40:32,045 INFO c.h.h.t.HelmChartContainer - [K3S] [controllermanager.go:765] "Started controller" controller="node-lifecycle-controller"
2025-01-28 20:40:32,045 INFO c.h.h.t.HelmChartContainer - [K3S] [node_lifecycle_controller.go:466] "Sending events to api server"
2025-01-28 20:40:32,045 INFO c.h.h.t.HelmChartContainer - [K3S] [node_lifecycle_controller.go:477] "Starting node controller"
2025-01-28 20:40:32,195 INFO c.h.h.t.HelmChartContainer - [K3S] [controllermanager.go:765] "Started controller" controller="clusterrole-aggregation-controller"
2025-01-28 20:40:32,195 INFO c.h.h.t.HelmChartContainer - [K3S] [controllermanager.go:717] "Controller is disabled by a feature gate" controller="kube-apiserver-serving-clustertrustbundle-publisher-controller" requiredFeatureGates=["ClusterTrustBundle"]
2025-01-28 20:40:32,196 INFO c.h.h.t.HelmChartContainer - [K3S] [controllermanager.go:743] "Warning: skipping controller" controller="storage-version-migrator-controller"
2025-01-28 20:40:32,196 INFO c.h.h.t.HelmChartContainer - [K3S] [clusterroleaggregation_controller.go:194] "Starting ClusterRoleAggregator controller"
2025-01-28 20:40:32,345 INFO c.h.h.t.HelmChartContainer - [K3S] [controllermanager.go:765] "Started controller" controller="endpointslice-controller"
2025-01-28 20:40:32,345 INFO c.h.h.t.HelmChartContainer - [K3S] [endpointslice_controller.go:281] "Starting endpoint slice controller"
2025-01-28 20:40:32,605 INFO c.h.h.t.HelmChartContainer - [K3S] [controllermanager.go:765] "Started controller" controller="garbage-collector-controller"
2025-01-28 20:40:32,605 INFO c.h.h.t.HelmChartContainer - [K3S] [graph_builder.go:351] "Running" component="GraphBuilder"
2025-01-28 20:40:32,690 INFO c.h.h.t.HelmChartContainer - [K3S] [event.go:389] "Event occurred" object="kube-system/ccm" fieldPath="" kind="Addon" apiVersion="k3s.cattle.io/v1" type="Normal" reason="ApplyingManifest" message="Applying manifest at \"/var/lib/rancher/k3s/server/manifests/ccm.yaml\""
2025-01-28 20:40:32,696 INFO c.h.h.t.HelmChartContainer - [K3S] [event.go:389] "Event occurred" object="8e458440c762" fieldPath="" kind="Node" apiVersion="" type="Normal" reason="NodePasswordValidationComplete" message="Deferred node password secret validation complete"
2025-01-28 20:40:32,710 INFO c.h.h.t.HelmChartContainer - [K3S] [event.go:389] "Event occurred" object="kube-system/ccm" fieldPath="" kind="Addon" apiVersion="k3s.cattle.io/v1" type="Normal" reason="AppliedManifest" message="Applied manifest at \"/var/lib/rancher/k3s/server/manifests/ccm.yaml\""
2025-01-28 20:40:32,722 INFO c.h.h.t.HelmChartContainer - [K3S] [event.go:389] "Event occurred" object="kube-system/coredns" fieldPath="" kind="Addon" apiVersion="k3s.cattle.io/v1" type="Normal" reason="ApplyingManifest" message="Applying manifest at \"/var/lib/rancher/k3s/server/manifests/coredns.yaml\""
2025-01-28 20:40:32,827 INFO c.h.h.t.HelmChartContainer - [K3S] [alloc.go:330] "allocated clusterIPs" service="kube-system/kube-dns" clusterIPs={"IPv4":"10.43.0.10"}
2025-01-28 20:40:32,830 INFO c.h.h.t.HelmChartContainer - [K3S] [event.go:389] "Event occurred" object="kube-system/coredns" fieldPath="" kind="Addon" apiVersion="k3s.cattle.io/v1" type="Normal" reason="AppliedManifest" message="Applied manifest at \"/var/lib/rancher/k3s/server/manifests/coredns.yaml\""
2025-01-28 20:40:32,838 INFO c.h.h.t.HelmChartContainer - [K3S] [event.go:389] "Event occurred" object="kube-system/local-storage" fieldPath="" kind="Addon" apiVersion="k3s.cattle.io/v1" type="Normal" reason="ApplyingManifest" message="Applying manifest at \"/var/lib/rancher/k3s/server/manifests/local-storage.yaml\""
2025-01-28 20:40:32,848 INFO c.h.h.t.HelmChartContainer - [K3S] [controllermanager.go:765] "Started controller" controller="deployment-controller"
2025-01-28 20:40:32,848 INFO c.h.h.t.HelmChartContainer - [K3S] [deployment_controller.go:173] "Starting controller" controller="deployment"
2025-01-28 20:40:32,928 INFO c.h.h.t.HelmChartContainer - [K3S] [event.go:389] "Event occurred" object="kube-system/local-storage" fieldPath="" kind="Addon" apiVersion="k3s.cattle.io/v1" type="Normal" reason="AppliedManifest" message="Applied manifest at \"/var/lib/rancher/k3s/server/manifests/local-storage.yaml\""
2025-01-28 20:40:32,933 INFO c.h.h.t.HelmChartContainer - [K3S] [event.go:389] "Event occurred" object="kube-system/aggregated-metrics-reader" fieldPath="" kind="Addon" apiVersion="k3s.cattle.io/v1" type="Normal" reason="ApplyingManifest" message="Applying manifest at \"/var/lib/rancher/k3s/server/manifests/metrics-server/aggregated-metrics-reader.yaml\""
2025-01-28 20:40:32,996 INFO c.h.h.t.HelmChartContainer - [K3S] [controllermanager.go:765] "Started controller" controller="replicaset-controller"
2025-01-28 20:40:32,996 INFO c.h.h.t.HelmChartContainer - [K3S] [replica_set.go:217] "Starting controller" name="replicaset"
2025-01-28 20:40:32,997 INFO c.h.h.t.HelmChartContainer - [K3S] [event.go:389] "Event occurred" object="kube-system/aggregated-metrics-reader" fieldPath="" kind="Addon" apiVersion="k3s.cattle.io/v1" type="Normal" reason="AppliedManifest" message="Applied manifest at \"/var/lib/rancher/k3s/server/manifests/metrics-server/aggregated-metrics-reader.yaml\""
2025-01-28 20:40:33,005 INFO c.h.h.t.HelmChartContainer - [K3S] [event.go:389] "Event occurred" object="kube-system/auth-delegator" fieldPath="" kind="Addon" apiVersion="k3s.cattle.io/v1" type="Normal" reason="ApplyingManifest" message="Applying manifest at \"/var/lib/rancher/k3s/server/manifests/metrics-server/auth-delegator.yaml\""
2025-01-28 20:40:33,009 INFO c.h.h.t.HelmChartContainer - [K3S] [event.go:389] "Event occurred" object="kube-system/auth-delegator" fieldPath="" kind="Addon" apiVersion="k3s.cattle.io/v1" type="Normal" reason="AppliedManifest" message="Applied manifest at \"/var/lib/rancher/k3s/server/manifests/metrics-server/auth-delegator.yaml\""
2025-01-28 20:40:33,015 INFO c.h.h.t.HelmChartContainer - [K3S] [event.go:389] "Event occurred" object="kube-system/auth-reader" fieldPath="" kind="Addon" apiVersion="k3s.cattle.io/v1" type="Normal" reason="ApplyingManifest" message="Applying manifest at \"/var/lib/rancher/k3s/server/manifests/metrics-server/auth-reader.yaml\""
2025-01-28 20:40:33,021 INFO c.h.h.t.HelmChartContainer - [K3S] [event.go:389] "Event occurred" object="kube-system/auth-reader" fieldPath="" kind="Addon" apiVersion="k3s.cattle.io/v1" type="Normal" reason="AppliedManifest" message="Applied manifest at \"/var/lib/rancher/k3s/server/manifests/metrics-server/auth-reader.yaml\""
2025-01-28 20:40:33,026 INFO c.h.h.t.HelmChartContainer - [K3S] [event.go:389] "Event occurred" object="kube-system/metrics-apiservice" fieldPath="" kind="Addon" apiVersion="k3s.cattle.io/v1" type="Normal" reason="ApplyingManifest" message="Applying manifest at \"/var/lib/rancher/k3s/server/manifests/metrics-server/metrics-apiservice.yaml\""
2025-01-28 20:40:33,033 INFO c.h.h.t.HelmChartContainer - [K3S] [event.go:389] "Event occurred" object="kube-system/metrics-apiservice" fieldPath="" kind="Addon" apiVersion="k3s.cattle.io/v1" type="Normal" reason="AppliedManifest" message="Applied manifest at \"/var/lib/rancher/k3s/server/manifests/metrics-server/metrics-apiservice.yaml\""
2025-01-28 20:40:33,045 INFO c.h.h.t.HelmChartContainer - [K3S] [handler_proxy.go:99] no RequestInfo found in the context
2025-01-28 20:40:33,046 INFO c.h.h.t.HelmChartContainer - [K3S] [controller.go:146] "Unhandled Error" err=<
2025-01-28 20:40:33,046 INFO c.h.h.t.HelmChartContainer - [K3S] 	, Header: map[Content-Type:[text/plain; charset=utf-8] X-Content-Type-Options:[nosniff]]
2025-01-28 20:40:33,046 INFO c.h.h.t.HelmChartContainer - [K3S]  >
2025-01-28 20:40:33,046 INFO c.h.h.t.HelmChartContainer - [K3S] [event.go:389] "Event occurred" object="kube-system/metrics-server-deployment" fieldPath="" kind="Addon" apiVersion="k3s.cattle.io/v1" type="Normal" reason="ApplyingManifest" message="Applying manifest at \"/var/lib/rancher/k3s/server/manifests/metrics-server/metrics-server-deployment.yaml\""
2025-01-28 20:40:33,047 INFO c.h.h.t.HelmChartContainer - [K3S] [handler_proxy.go:143] error resolving kube-system/metrics-server: service "metrics-server" not found
2025-01-28 20:40:33,058 INFO c.h.h.t.HelmChartContainer - [K3S] [event.go:389] "Event occurred" object="kube-system/metrics-server-deployment" fieldPath="" kind="Addon" apiVersion="k3s.cattle.io/v1" type="Normal" reason="AppliedManifest" message="Applied manifest at \"/var/lib/rancher/k3s/server/manifests/metrics-server/metrics-server-deployment.yaml\""
2025-01-28 20:40:33,077 INFO c.h.h.t.HelmChartContainer - [K3S] [event.go:389] "Event occurred" object="kube-system/metrics-server-service" fieldPath="" kind="Addon" apiVersion="k3s.cattle.io/v1" type="Normal" reason="ApplyingManifest" message="Applying manifest at \"/var/lib/rancher/k3s/server/manifests/metrics-server/metrics-server-service.yaml\""
2025-01-28 20:40:33,079 INFO c.h.h.t.HelmChartContainer - [K3S] [alloc.go:330] "allocated clusterIPs" service="kube-system/metrics-server" clusterIPs={"IPv4":"10.43.58.149"}
2025-01-28 20:40:33,083 INFO c.h.h.t.HelmChartContainer - [K3S] [event.go:389] "Event occurred" object="kube-system/metrics-server-service" fieldPath="" kind="Addon" apiVersion="k3s.cattle.io/v1" type="Normal" reason="AppliedManifest" message="Applied manifest at \"/var/lib/rancher/k3s/server/manifests/metrics-server/metrics-server-service.yaml\""
2025-01-28 20:40:33,088 INFO c.h.h.t.HelmChartContainer - [K3S] [handler_proxy.go:99] no RequestInfo found in the context
2025-01-28 20:40:33,091 INFO c.h.h.t.HelmChartContainer - [K3S] [controller.go:146] "Unhandled Error" err=<
2025-01-28 20:40:33,091 INFO c.h.h.t.HelmChartContainer - [K3S] 	, Header: map[Content-Type:[text/plain; charset=utf-8] X-Content-Type-Options:[nosniff]]
2025-01-28 20:40:33,091 INFO c.h.h.t.HelmChartContainer - [K3S]  >
2025-01-28 20:40:33,091 INFO c.h.h.t.HelmChartContainer - [K3S] [handler_proxy.go:143] error resolving kube-system/metrics-server: endpoints "metrics-server" not found
2025-01-28 20:40:33,097 INFO c.h.h.t.HelmChartContainer - [K3S] [event.go:389] "Event occurred" object="kube-system/resource-reader" fieldPath="" kind="Addon" apiVersion="k3s.cattle.io/v1" type="Normal" reason="ApplyingManifest" message="Applying manifest at \"/var/lib/rancher/k3s/server/manifests/metrics-server/resource-reader.yaml\""
2025-01-28 20:40:33,112 INFO c.h.h.t.HelmChartContainer - [K3S] [event.go:389] "Event occurred" object="kube-system/resource-reader" fieldPath="" kind="Addon" apiVersion="k3s.cattle.io/v1" type="Normal" reason="AppliedManifest" message="Applied manifest at \"/var/lib/rancher/k3s/server/manifests/metrics-server/resource-reader.yaml\""
2025-01-28 20:40:33,126 INFO c.h.h.t.HelmChartContainer - [K3S] [event.go:389] "Event occurred" object="kube-system/rolebindings" fieldPath="" kind="Addon" apiVersion="k3s.cattle.io/v1" type="Normal" reason="ApplyingManifest" message="Applying manifest at \"/var/lib/rancher/k3s/server/manifests/rolebindings.yaml\""
2025-01-28 20:40:33,229 INFO c.h.h.t.HelmChartContainer - [K3S] [event.go:389] "Event occurred" object="kube-system/rolebindings" fieldPath="" kind="Addon" apiVersion="k3s.cattle.io/v1" type="Normal" reason="AppliedManifest" message="Applied manifest at \"/var/lib/rancher/k3s/server/manifests/rolebindings.yaml\""
2025-01-28 20:40:33,238 INFO c.h.h.t.HelmChartContainer - [K3S] [event.go:389] "Event occurred" object="kube-system/runtimes" fieldPath="" kind="Addon" apiVersion="k3s.cattle.io/v1" type="Normal" reason="ApplyingManifest" message="Applying manifest at \"/var/lib/rancher/k3s/server/manifests/runtimes.yaml\""
2025-01-28 20:40:33,267 INFO c.h.h.t.HelmChartContainer - [K3S] [event.go:389] "Event occurred" object="kube-system/runtimes" fieldPath="" kind="Addon" apiVersion="k3s.cattle.io/v1" type="Normal" reason="AppliedManifest" message="Applied manifest at \"/var/lib/rancher/k3s/server/manifests/runtimes.yaml\""
2025-01-28 20:40:33,295 INFO c.h.h.t.HelmChartContainer - [K3S] [controllermanager.go:765] "Started controller" controller="horizontal-pod-autoscaler-controller"
2025-01-28 20:40:33,296 INFO c.h.h.t.HelmChartContainer - [K3S] [horizontal.go:201] "Starting HPA controller"
2025-01-28 20:40:33,449 INFO c.h.h.t.HelmChartContainer - [K3S] [controllermanager.go:765] "Started controller" controller="cronjob-controller"
2025-01-28 20:40:33,449 INFO c.h.h.t.HelmChartContainer - [K3S] [cronjob_controllerv2.go:145] "Starting cronjob controller v2"
2025-01-28 20:40:33,449 INFO c.h.h.t.HelmChartContainer - [K3S] [serving.go:392] Generated self-signed cert in-memory
2025-01-28 20:40:33,496 INFO c.h.h.t.HelmChartContainer - [K3S] [controllermanager.go:765] "Started controller" controller="certificatesigningrequest-signing-controller"
2025-01-28 20:40:33,496 INFO c.h.h.t.HelmChartContainer - [K3S] [dynamic_serving_content.go:135] "Starting controller" name="csr-controller::/var/lib/rancher/k3s/server/tls/server-ca.nochain.crt::/var/lib/rancher/k3s/server/tls/server-ca.key"
2025-01-28 20:40:33,496 INFO c.h.h.t.HelmChartContainer - [K3S] [certificate_controller.go:120] "Starting certificate controller" name="csrsigning-kubelet-serving"
2025-01-28 20:40:33,497 INFO c.h.h.t.HelmChartContainer - [K3S] [certificate_controller.go:120] "Starting certificate controller" name="csrsigning-kubelet-client"
2025-01-28 20:40:33,497 INFO c.h.h.t.HelmChartContainer - [K3S] [certificate_controller.go:120] "Starting certificate controller" name="csrsigning-kube-apiserver-client"
2025-01-28 20:40:33,497 INFO c.h.h.t.HelmChartContainer - [K3S] [certificate_controller.go:120] "Starting certificate controller" name="csrsigning-legacy-unknown"
2025-01-28 20:40:33,497 INFO c.h.h.t.HelmChartContainer - [K3S] [dynamic_serving_content.go:135] "Starting controller" name="csr-controller::/var/lib/rancher/k3s/server/tls/client-ca.nochain.crt::/var/lib/rancher/k3s/server/tls/client-ca.key"
2025-01-28 20:40:33,497 INFO c.h.h.t.HelmChartContainer - [K3S] [dynamic_serving_content.go:135] "Starting controller" name="csr-controller::/var/lib/rancher/k3s/server/tls/client-ca.nochain.crt::/var/lib/rancher/k3s/server/tls/client-ca.key"
2025-01-28 20:40:33,497 INFO c.h.h.t.HelmChartContainer - [K3S] [dynamic_serving_content.go:135] "Starting controller" name="csr-controller::/var/lib/rancher/k3s/server/tls/server-ca.nochain.crt::/var/lib/rancher/k3s/server/tls/server-ca.key"
2025-01-28 20:40:33,645 INFO c.h.h.t.HelmChartContainer - [K3S] [controllermanager.go:765] "Started controller" controller="ttl-controller"
2025-01-28 20:40:33,646 INFO c.h.h.t.HelmChartContainer - [K3S] [ttl_controller.go:127] "Starting TTL controller"
2025-01-28 20:40:33,716 INFO c.h.h.t.HelmChartContainer - [K3S] [serving.go:392] Generated self-signed cert in-memory
2025-01-28 20:40:33,920 INFO c.h.h.t.HelmChartContainer - [K3S] [controllermanager.go:160] Version: v1.32.0+k3s1
2025-01-28 20:40:33,922 INFO c.h.h.t.HelmChartContainer - [K3S] [requestheader_controller.go:180] Starting RequestHeaderAuthRequestController
2025-01-28 20:40:33,922 INFO c.h.h.t.HelmChartContainer - [K3S] [configmap_cafile_content.go:205] "Starting controller" name="client-ca::kube-system::extension-apiserver-authentication::client-ca-file"
2025-01-28 20:40:33,923 INFO c.h.h.t.HelmChartContainer - [K3S] [configmap_cafile_content.go:205] "Starting controller" name="client-ca::kube-system::extension-apiserver-authentication::requestheader-client-ca-file"
2025-01-28 20:40:33,923 INFO c.h.h.t.HelmChartContainer - [K3S] [secure_serving.go:213] Serving securely on 127.0.0.1:10258
2025-01-28 20:40:33,923 INFO c.h.h.t.HelmChartContainer - [K3S] [tlsconfig.go:243] "Starting DynamicServingCertificateController"
2025-01-28 20:40:33,928 INFO c.h.h.t.HelmChartContainer - [K3S] [INFO] Creating service-lb-controller event broadcaster
2025-01-28 20:40:33,949 INFO c.h.h.t.HelmChartContainer - [K3S] [controllermanager.go:765] "Started controller" controller="resourcequota-controller"
2025-01-28 20:40:33,949 INFO c.h.h.t.HelmChartContainer - [K3S] [resource_quota_controller.go:300] "Starting resource quota controller"
2025-01-28 20:40:34,033 INFO c.h.h.t.HelmChartContainer - [K3S] [handler_proxy.go:99] no RequestInfo found in the context
2025-01-28 20:40:34,033 INFO c.h.h.t.HelmChartContainer - [K3S] [handler_proxy.go:99] no RequestInfo found in the context
2025-01-28 20:40:34,033 INFO c.h.h.t.HelmChartContainer - [K3S] [controller.go:102] "Unhandled Error" err=<
2025-01-28 20:40:34,033 INFO c.h.h.t.HelmChartContainer - [K3S] 	, Header: map[Content-Type:[text/plain; charset=utf-8] X-Content-Type-Options:[nosniff]]
2025-01-28 20:40:34,033 INFO c.h.h.t.HelmChartContainer - [K3S]  >
2025-01-28 20:40:34,041 INFO c.h.h.t.HelmChartContainer - [K3S] [INFO] Starting /v1, Kind=Node controller
2025-01-28 20:40:34,044 INFO c.h.h.t.HelmChartContainer - [K3S] [INFO] Starting /v1, Kind=Pod controller
2025-01-28 20:40:34,047 INFO c.h.h.t.HelmChartContainer - [K3S] [INFO] Starting apps/v1, Kind=DaemonSet controller
2025-01-28 20:40:34,050 INFO c.h.h.t.HelmChartContainer - [K3S] [INFO] Starting discovery.k8s.io/v1, Kind=EndpointSlice controller
2025-01-28 20:40:34,050 INFO c.h.h.t.HelmChartContainer - [K3S] [controllermanager.go:329] Started "service-lb-controller"
2025-01-28 20:40:34,050 INFO c.h.h.t.HelmChartContainer - [K3S] [controllermanager.go:306] "node-route-controller" is disabled
2025-01-28 20:40:34,051 INFO c.h.h.t.HelmChartContainer - [K3S] [controllermanager.go:329] Started "cloud-node-controller"
2025-01-28 20:40:34,051 INFO c.h.h.t.HelmChartContainer - [K3S] [controllermanager.go:329] Started "cloud-node-lifecycle-controller"
2025-01-28 20:40:34,051 INFO c.h.h.t.HelmChartContainer - [K3S] [node_controller.go:176] Sending events to api server.
2025-01-28 20:40:34,052 INFO c.h.h.t.HelmChartContainer - [K3S] [node_controller.go:185] Waiting for informer caches to sync
2025-01-28 20:40:34,052 INFO c.h.h.t.HelmChartContainer - [K3S] [controller.go:234] Starting service controller
2025-01-28 20:40:34,052 INFO c.h.h.t.HelmChartContainer - [K3S] [node_lifecycle_controller.go:112] Sending events to api server
2025-01-28 20:40:34,095 INFO c.h.h.t.HelmChartContainer - [K3S] [controllermanager.go:765] "Started controller" controller="endpoints-controller"
2025-01-28 20:40:34,096 INFO c.h.h.t.HelmChartContainer - [K3S] [endpoints_controller.go:182] "Starting endpoint controller"
2025-01-28 20:40:34,151 INFO c.h.h.t.HelmChartContainer - [K3S] [node_controller.go:429] Initializing node 8e458440c762 with cloud provider
2025-01-28 20:40:34,155 INFO c.h.h.t.HelmChartContainer - [K3S] [node_controller.go:474] Successfully initialized node 8e458440c762 with cloud provider
2025-01-28 20:40:34,155 INFO c.h.h.t.HelmChartContainer - [K3S] [event.go:389] "Event occurred" object="8e458440c762" fieldPath="" kind="Node" apiVersion="v1" type="Normal" reason="Synced" message="Node synced successfully"
2025-01-28 20:40:34,173 INFO c.h.h.t.HelmChartContainer - [K3S] [INFO] Updated coredns NodeHosts entry for 8e458440c762
2025-01-28 20:40:34,224 INFO c.h.h.t.HelmChartContainer - [K3S] [INFO] Tunnel authorizer set Kubelet Port 0.0.0.0:10250
2025-01-28 20:40:34,332 INFO c.h.h.t.HelmChartContainer - [K3S] [serving.go:392] Generated self-signed cert in-memory
2025-01-28 20:40:34,350 INFO c.h.h.t.HelmChartContainer - [K3S] [controllermanager.go:765] "Started controller" controller="namespace-controller"
2025-01-28 20:40:34,351 INFO c.h.h.t.HelmChartContainer - [K3S] [namespace_controller.go:202] "Starting namespace controller"
2025-01-28 20:40:34,496 INFO c.h.h.t.HelmChartContainer - [K3S] [controllermanager.go:765] "Started controller" controller="serviceaccount-controller"
2025-01-28 20:40:34,496 INFO c.h.h.t.HelmChartContainer - [K3S] [serviceaccounts_controller.go:114] "Starting service account controller"
2025-01-28 20:40:34,545 INFO c.h.h.t.HelmChartContainer - [K3S] [controllermanager.go:765] "Started controller" controller="certificatesigningrequest-approving-controller"
2025-01-28 20:40:34,545 INFO c.h.h.t.HelmChartContainer - [K3S] [controllermanager.go:728] "Warning: controller is disabled" controller="bootstrap-signer-controller"
2025-01-28 20:40:34,545 INFO c.h.h.t.HelmChartContainer - [K3S] [certificate_controller.go:120] "Starting certificate controller" name="csrapproving"
2025-01-28 20:40:34,696 INFO c.h.h.t.HelmChartContainer - [K3S] [controllermanager.go:765] "Started controller" controller="ttl-after-finished-controller"
2025-01-28 20:40:34,696 INFO c.h.h.t.HelmChartContainer - [K3S] [ttlafterfinished_controller.go:112] "Starting TTL after finished controller"
2025-01-28 20:40:34,845 INFO c.h.h.t.HelmChartContainer - [K3S] [controllermanager.go:765] "Started controller" controller="root-ca-certificate-publisher-controller"
2025-01-28 20:40:34,845 INFO c.h.h.t.HelmChartContainer - [K3S] [publisher.go:107] "Starting root CA cert publisher controller"
2025-01-28 20:40:34,851 INFO c.h.h.t.HelmChartContainer - [K3S] [server.go:164] "Starting Kubernetes Scheduler" version="v1.32.0+k3s1"
2025-01-28 20:40:34,852 INFO c.h.h.t.HelmChartContainer - [K3S] [server.go:166] "Golang settings" GOGC="" GOMAXPROCS="" GOTRACEBACK=""
2025-01-28 20:40:34,861 INFO c.h.h.t.HelmChartContainer - [K3S] [secure_serving.go:213] Serving securely on 127.0.0.1:10259
2025-01-28 20:40:34,861 INFO c.h.h.t.HelmChartContainer - [K3S] [requestheader_controller.go:180] Starting RequestHeaderAuthRequestController
2025-01-28 20:40:34,865 INFO c.h.h.t.HelmChartContainer - [K3S] [tlsconfig.go:243] "Starting DynamicServingCertificateController"
2025-01-28 20:40:34,869 INFO c.h.h.t.HelmChartContainer - [K3S] [configmap_cafile_content.go:205] "Starting controller" name="client-ca::kube-system::extension-apiserver-authentication::client-ca-file"
2025-01-28 20:40:34,869 INFO c.h.h.t.HelmChartContainer - [K3S] [configmap_cafile_content.go:205] "Starting controller" name="client-ca::kube-system::extension-apiserver-authentication::requestheader-client-ca-file"
2025-01-28 20:40:34,886 INFO c.h.h.t.HelmChartContainer - [K3S] [actual_state_of_world.go:541] "Failed to update statusUpdateNeeded field in actual state of world" err="Failed to set statusUpdateNeeded to needed true, because nodeName=\"8e458440c762\" does not exist"
2025-01-28 20:40:34,954 INFO c.h.h.t.HelmChartContainer - [K3S] [range_allocator.go:177] "Sending events to api server"
2025-01-28 20:40:34,954 INFO c.h.h.t.HelmChartContainer - [K3S] [range_allocator.go:183] "Starting range CIDR allocator"
2025-01-28 20:40:34,958 INFO c.h.h.t.HelmChartContainer - [K3S] [range_allocator.go:428] "Set node PodCIDR" node="8e458440c762" podCIDRs=["10.42.0.0/24"]
2025-01-28 20:40:34,958 INFO c.h.h.t.HelmChartContainer - [K3S] [range_allocator.go:247] "Successfully synced" key="8e458440c762"
2025-01-28 20:40:34,958 INFO c.h.h.t.HelmChartContainer - [K3S] [INFO] Flannel found PodCIDR assigned for node 8e458440c762
2025-01-28 20:40:34,958 INFO c.h.h.t.HelmChartContainer - [K3S] [range_allocator.go:247] "Successfully synced" key="8e458440c762"
2025-01-28 20:40:34,959 INFO c.h.h.t.HelmChartContainer - [K3S] [INFO] The interface eth0 with ipv4 address 172.18.0.2 will be used by flannel
2025-01-28 20:40:34,959 INFO c.h.h.t.HelmChartContainer - [K3S] [kube.go:139] Waiting 10m0s for node controller to sync
2025-01-28 20:40:34,960 INFO c.h.h.t.HelmChartContainer - [K3S] [kube.go:469] Starting kube subnet manager
2025-01-28 20:40:35,052 INFO c.h.h.t.HelmChartContainer - [K3S] [handler_proxy.go:99] no RequestInfo found in the context
2025-01-28 20:40:35,052 INFO c.h.h.t.HelmChartContainer - [K3S] [controller.go:146] "Unhandled Error" err=<
2025-01-28 20:40:35,052 INFO c.h.h.t.HelmChartContainer - [K3S] 	, Header: map[Content-Type:[text/plain; charset=utf-8] X-Content-Type-Options:[nosniff]]
2025-01-28 20:40:35,052 INFO c.h.h.t.HelmChartContainer - [K3S]  >
2025-01-28 20:40:35,053 INFO c.h.h.t.HelmChartContainer - [K3S] [handler_proxy.go:143] error resolving kube-system/metrics-server: no endpoints available for service "metrics-server"
2025-01-28 20:40:35,071 INFO c.h.h.t.HelmChartContainer - [K3S] [INFO] Starting network policy controller version v2.2.1, built on 2025-01-10T17:03:20Z, go1.23.3
2025-01-28 20:40:35,071 INFO c.h.h.t.HelmChartContainer - [K3S] [network_policy_controller.go:164] Starting network policy controller
2025-01-28 20:40:35,099 INFO c.h.h.t.HelmChartContainer - [K3S] [network_policy_controller.go:176] Starting network policy controller full sync goroutine
2025-01-28 20:40:35,146 INFO c.h.h.t.HelmChartContainer - [K3S] [node_lifecycle_controller.go:1234] "Initializing eviction metric for zone" zone=""
2025-01-28 20:40:35,146 INFO c.h.h.t.HelmChartContainer - [K3S] [node_lifecycle_controller.go:886] "Missing timestamp for Node. Assuming now as a timestamp" node="8e458440c762"
2025-01-28 20:40:35,146 INFO c.h.h.t.HelmChartContainer - [K3S] [node_lifecycle_controller.go:1080] "Controller detected that zone is now in new state" zone="" newState="Normal"
2025-01-28 20:40:35,151 INFO c.h.h.t.HelmChartContainer - [K3S] [range_allocator.go:247] "Successfully synced" key="8e458440c762"
2025-01-28 20:40:35,223 INFO c.h.h.t.HelmChartContainer - [K3S] [INFO] Started tunnel to 172.18.0.2:6443
2025-01-28 20:40:35,223 INFO c.h.h.t.HelmChartContainer - [K3S] [INFO] Stopped tunnel to 127.0.0.1:6443
2025-01-28 20:40:35,223 INFO c.h.h.t.HelmChartContainer - [K3S] [INFO] Connecting to proxy" url="wss://172.18.0.2:6443/v1-k3s/connect
2025-01-28 20:40:35,223 INFO c.h.h.t.HelmChartContainer - [K3S] [INFO] Proxy done" err="context canceled" url="wss://127.0.0.1:6443/v1-k3s/connect
2025-01-28 20:40:35,224 INFO c.h.h.t.HelmChartContainer - [K3S] [INFO] error in remotedialer server [400]: websocket: close 1006 (abnormal closure): unexpected EOF
2025-01-28 20:40:35,225 INFO c.h.h.t.HelmChartContainer - [K3S] [INFO] Handling backend connection request [8e458440c762]
2025-01-28 20:40:35,226 INFO c.h.h.t.HelmChartContainer - [K3S] [INFO] Remotedialer connected to proxy" url="wss://172.18.0.2:6443/v1-k3s/connect
2025-01-28 20:40:35,550 INFO c.h.h.t.HelmChartContainer - [K3S] [range_allocator.go:247] "Successfully synced" key="8e458440c762"
2025-01-28 20:40:35,760 INFO c.h.h.t.HelmChartContainer - [K3S] [replica_set.go:679] "Finished syncing" kind="ReplicaSet" key="kube-system/metrics-server-8584b5786c" duration="107.780867ms"
2025-01-28 20:40:35,767 INFO c.h.h.t.HelmChartContainer - [K3S] [replica_set.go:679] "Finished syncing" kind="ReplicaSet" key="kube-system/coredns-ff8999cc5" duration="115.748334ms"
2025-01-28 20:40:35,769 INFO c.h.h.t.HelmChartContainer - [K3S] [replica_set.go:679] "Finished syncing" kind="ReplicaSet" key="kube-system/local-path-provisioner-698b58967b" duration="116.160206ms"
2025-01-28 20:40:35,769 INFO c.h.h.t.HelmChartContainer - [K3S] [replica_set.go:679] "Finished syncing" kind="ReplicaSet" key="kube-system/metrics-server-8584b5786c" duration="8.031899ms"
2025-01-28 20:40:35,769 INFO c.h.h.t.HelmChartContainer - [K3S] [reflector.go:569] object-"kube-system"/"local-path-config": failed to list *v1.ConfigMap: configmaps "local-path-config" is forbidden: User "system:node:8e458440c762" cannot list resource "configmaps" in API group "" in the namespace "kube-system": no relationship found between node '8e458440c762' and this object
2025-01-28 20:40:35,769 INFO c.h.h.t.HelmChartContainer - [K3S] [reflector.go:166] "Unhandled Error" err="object-\"kube-system\"/\"local-path-config\": Failed to watch *v1.ConfigMap: failed to list *v1.ConfigMap: configmaps \"local-path-config\" is forbidden: User \"system:node:8e458440c762\" cannot list resource \"configmaps\" in API group \"\" in the namespace \"kube-system\": no relationship found between node '8e458440c762' and this object"
2025-01-28 20:40:35,770 INFO c.h.h.t.HelmChartContainer - [K3S] [replica_set.go:679] "Finished syncing" kind="ReplicaSet" key="kube-system/metrics-server-8584b5786c" duration="23.604µs"
2025-01-28 20:40:35,776 INFO c.h.h.t.HelmChartContainer - [K3S] [replica_set.go:679] "Finished syncing" kind="ReplicaSet" key="kube-system/local-path-provisioner-698b58967b" duration="8.163139ms"
2025-01-28 20:40:35,776 INFO c.h.h.t.HelmChartContainer - [K3S] [replica_set.go:679] "Finished syncing" kind="ReplicaSet" key="kube-system/local-path-provisioner-698b58967b" duration="26.741µs"
2025-01-28 20:40:35,778 INFO c.h.h.t.HelmChartContainer - [K3S] [replica_set.go:679] "Finished syncing" kind="ReplicaSet" key="kube-system/coredns-ff8999cc5" duration="10.58437ms"
2025-01-28 20:40:35,780 INFO c.h.h.t.HelmChartContainer - [K3S] [replica_set.go:679] "Finished syncing" kind="ReplicaSet" key="kube-system/coredns-ff8999cc5" duration="37.921µs"
2025-01-28 20:40:35,787 INFO c.h.h.t.HelmChartContainer - [K3S] [replica_set.go:679] "Finished syncing" kind="ReplicaSet" key="kube-system/metrics-server-8584b5786c" duration="28.082µs"
2025-01-28 20:40:35,793 INFO c.h.h.t.HelmChartContainer - [K3S] [replica_set.go:679] "Finished syncing" kind="ReplicaSet" key="kube-system/local-path-provisioner-698b58967b" duration="37.5µs"
2025-01-28 20:40:35,801 INFO c.h.h.t.HelmChartContainer - [K3S] [replica_set.go:679] "Finished syncing" kind="ReplicaSet" key="kube-system/coredns-ff8999cc5" duration="39.775µs"
2025-01-28 20:40:35,894 INFO c.h.h.t.HelmChartContainer - [K3S] [reconciler_common.go:251] "operationExecutor.VerifyControllerAttachedVolume started for volume \"kube-api-access-w6dt6\" (UniqueName: \"kubernetes.io/projected/c3486270-b24b-4d36-b58b-9e19d3db5a51-kube-api-access-w6dt6\") pod \"coredns-ff8999cc5-b7jj8\" (UID: \"c3486270-b24b-4d36-b58b-9e19d3db5a51\") " pod="kube-system/coredns-ff8999cc5-b7jj8"
2025-01-28 20:40:35,894 INFO c.h.h.t.HelmChartContainer - [K3S] [reconciler_common.go:251] "operationExecutor.VerifyControllerAttachedVolume started for volume \"tmp-dir\" (UniqueName: \"kubernetes.io/empty-dir/ba15cf72-e21f-4349-81c8-dc637ef3692d-tmp-dir\") pod \"metrics-server-8584b5786c-96wcx\" (UID: \"ba15cf72-e21f-4349-81c8-dc637ef3692d\") " pod="kube-system/metrics-server-8584b5786c-96wcx"
2025-01-28 20:40:35,894 INFO c.h.h.t.HelmChartContainer - [K3S] [reconciler_common.go:251] "operationExecutor.VerifyControllerAttachedVolume started for volume \"kube-api-access-zjmb9\" (UniqueName: \"kubernetes.io/projected/ba15cf72-e21f-4349-81c8-dc637ef3692d-kube-api-access-zjmb9\") pod \"metrics-server-8584b5786c-96wcx\" (UID: \"ba15cf72-e21f-4349-81c8-dc637ef3692d\") " pod="kube-system/metrics-server-8584b5786c-96wcx"
2025-01-28 20:40:35,894 INFO c.h.h.t.HelmChartContainer - [K3S] [reconciler_common.go:251] "operationExecutor.VerifyControllerAttachedVolume started for volume \"config-volume\" (UniqueName: \"kubernetes.io/configmap/66d7cca0-fccb-41fc-8161-b8ff90567081-config-volume\") pod \"local-path-provisioner-698b58967b-vhx69\" (UID: \"66d7cca0-fccb-41fc-8161-b8ff90567081\") " pod="kube-system/local-path-provisioner-698b58967b-vhx69"
2025-01-28 20:40:35,894 INFO c.h.h.t.HelmChartContainer - [K3S] [reconciler_common.go:251] "operationExecutor.VerifyControllerAttachedVolume started for volume \"kube-api-access-g5w8g\" (UniqueName: \"kubernetes.io/projected/66d7cca0-fccb-41fc-8161-b8ff90567081-kube-api-access-g5w8g\") pod \"local-path-provisioner-698b58967b-vhx69\" (UID: \"66d7cca0-fccb-41fc-8161-b8ff90567081\") " pod="kube-system/local-path-provisioner-698b58967b-vhx69"
2025-01-28 20:40:35,894 INFO c.h.h.t.HelmChartContainer - [K3S] [reconciler_common.go:251] "operationExecutor.VerifyControllerAttachedVolume started for volume \"config-volume\" (UniqueName: \"kubernetes.io/configmap/c3486270-b24b-4d36-b58b-9e19d3db5a51-config-volume\") pod \"coredns-ff8999cc5-b7jj8\" (UID: \"c3486270-b24b-4d36-b58b-9e19d3db5a51\") " pod="kube-system/coredns-ff8999cc5-b7jj8"
2025-01-28 20:40:35,894 INFO c.h.h.t.HelmChartContainer - [K3S] [reconciler_common.go:251] "operationExecutor.VerifyControllerAttachedVolume started for volume \"custom-config-volume\" (UniqueName: \"kubernetes.io/configmap/c3486270-b24b-4d36-b58b-9e19d3db5a51-custom-config-volume\") pod \"coredns-ff8999cc5-b7jj8\" (UID: \"c3486270-b24b-4d36-b58b-9e19d3db5a51\") " pod="kube-system/coredns-ff8999cc5-b7jj8"
2025-01-28 20:40:35,960 INFO c.h.h.t.HelmChartContainer - [K3S] [kube.go:146] Node controller sync successful
2025-01-28 20:40:35,960 INFO c.h.h.t.HelmChartContainer - [K3S] [vxlan.go:141] VXLAN config: VNI=1 Port=0 GBP=false Learning=false DirectRouting=false
2025-01-28 20:40:35,962 INFO c.h.h.t.HelmChartContainer - [K3S] [kube.go:636] List of node(8e458440c762) annotations: map[string]string{"alpha.kubernetes.io/provided-node-ip":"172.18.0.2", "k3s.io/hostname":"8e458440c762", "k3s.io/internal-ip":"172.18.0.2", "k3s.io/node-args":"[\"server\",\"--etcd-arg\",\"unsafe-no-fsync\",\"--etcd-arg\",\"snapshot-count=10000\",\"--etcd-arg\",\"auto-compaction-mode=revision\",\"--etcd-arg\",\"auto-compaction-retention=1000000\",\"--kube-apiserver-arg\",\"etcd-compaction-interval=0s\",\"--disable\",\"traefik\",\"--tls-san\",\"localhost\"]", "k3s.io/node-config-hash":"2QNNT5M5XUBFOLO5XPGEVGOM5UDLHHTIVMSRUPAUHE5DU3HUYQUQ====", "k3s.io/node-env":"{}", "node.alpha.kubernetes.io/ttl":"0", "volumes.kubernetes.io/controller-managed-attach-detach":"true"}
2025-01-28 20:40:35,968 INFO c.h.h.t.HelmChartContainer - [K3S] [kube.go:490] Creating the node lease for IPv4. This is the n.Spec.PodCIDRs: [10.42.0.0/24]
2025-01-28 20:40:35,968 INFO c.h.h.t.HelmChartContainer - [K3S] [iptables.go:51] Starting flannel in iptables mode...
2025-01-28 20:40:35,968 INFO c.h.h.t.HelmChartContainer - [K3S] [WARNING] no subnet found for key: FLANNEL_NETWORK in file: /run/flannel/subnet.env
2025-01-28 20:40:35,968 INFO c.h.h.t.HelmChartContainer - [K3S] [WARNING] no subnet found for key: FLANNEL_SUBNET in file: /run/flannel/subnet.env
2025-01-28 20:40:35,968 INFO c.h.h.t.HelmChartContainer - [K3S] [WARNING] no subnet found for key: FLANNEL_IPV6_NETWORK in file: /run/flannel/subnet.env
2025-01-28 20:40:35,968 INFO c.h.h.t.HelmChartContainer - [K3S] [WARNING] no subnet found for key: FLANNEL_IPV6_SUBNET in file: /run/flannel/subnet.env
2025-01-28 20:40:35,968 INFO c.h.h.t.HelmChartContainer - [K3S] [iptables.go:115] Current network or subnet (10.42.0.0/16, 10.42.0.0/24) is not equal to previous one (0.0.0.0/0, 0.0.0.0/0), trying to recycle old iptables rules
2025-01-28 20:40:35,968 INFO c.h.h.t.HelmChartContainer - [K3S] [range_allocator.go:247] "Successfully synced" key="8e458440c762"
2025-01-28 20:40:35,975 INFO c.h.h.t.HelmChartContainer - [K3S] [iptables.go:125] Setting up masking rules
2025-01-28 20:40:35,977 INFO c.h.h.t.HelmChartContainer - [K3S] [iptables.go:226] Changing default FORWARD chain policy to ACCEPT
2025-01-28 20:40:35,979 INFO c.h.h.t.HelmChartContainer - [K3S] [INFO] Wrote flannel subnet file to /run/flannel/subnet.env
2025-01-28 20:40:35,979 INFO c.h.h.t.HelmChartContainer - [K3S] [INFO] Running flannel backend.
2025-01-28 20:40:35,979 INFO c.h.h.t.HelmChartContainer - [K3S] [vxlan_network.go:65] watching for new subnet leases
2025-01-28 20:40:35,988 INFO c.h.h.t.HelmChartContainer - [K3S] [iptables.go:372] bootstrap done
2025-01-28 20:40:35,993 INFO c.h.h.t.HelmChartContainer - [K3S] [iptables.go:372] bootstrap done
2025-01-28 20:40:36,054 INFO c.h.h.t.HelmChartContainer - [K3S] [handler_proxy.go:99] no RequestInfo found in the context
2025-01-28 20:40:36,054 INFO c.h.h.t.HelmChartContainer - [K3S] [handler_proxy.go:99] no RequestInfo found in the context
2025-01-28 20:40:36,054 INFO c.h.h.t.HelmChartContainer - [K3S] [controller.go:102] "Unhandled Error" err=<
2025-01-28 20:40:36,054 INFO c.h.h.t.HelmChartContainer - [K3S] 	, Header: map[Content-Type:[text/plain; charset=utf-8] X-Content-Type-Options:[nosniff]]
2025-01-28 20:40:36,054 INFO c.h.h.t.HelmChartContainer - [K3S]  >
2025-01-28 20:40:36,997 INFO c.h.h.t.HelmChartContainer - [K3S] [configmap.go:193] Couldn't get configMap kube-system/local-path-config: failed to sync configmap cache: timed out waiting for the condition
2025-01-28 20:40:36,999 INFO c.h.h.t.HelmChartContainer - [K3S] [nestedpendingoperations.go:348] Operation for "{volumeName:kubernetes.io/configmap/66d7cca0-fccb-41fc-8161-b8ff90567081-config-volume podName:66d7cca0-fccb-41fc-8161-b8ff90567081 nodeName:}" failed. No retries permitted until 2025-01-28 20:40:37.496070764 +0000 UTC m=+10.842342147 (durationBeforeRetry 500ms). Error: MountVolume.SetUp failed for volume "config-volume" (UniqueName: "kubernetes.io/configmap/66d7cca0-fccb-41fc-8161-b8ff90567081-config-volume") pod "local-path-provisioner-698b58967b-vhx69" (UID: "66d7cca0-fccb-41fc-8161-b8ff90567081") : failed to sync configmap cache: timed out waiting for the condition
2025-01-28 20:40:39,321 INFO c.h.h.t.HelmChartContainer - [K3S] [replica_set.go:679] "Finished syncing" kind="ReplicaSet" key="kube-system/metrics-server-8584b5786c" duration="44.534µs"
2025-01-28 20:40:39,345 INFO c.h.h.t.HelmChartContainer - [K3S] [replica_set.go:679] "Finished syncing" kind="ReplicaSet" key="kube-system/local-path-provisioner-698b58967b" duration="11.6186ms"
2025-01-28 20:40:39,345 INFO c.h.h.t.HelmChartContainer - [K3S] [replica_set.go:679] "Finished syncing" kind="ReplicaSet" key="kube-system/local-path-provisioner-698b58967b" duration="28.985µs"
2025-01-28 20:40:39,357 INFO c.h.h.t.HelmChartContainer - [K3S] [replica_set.go:679] "Finished syncing" kind="ReplicaSet" key="kube-system/coredns-ff8999cc5" duration="7.322289ms"
2025-01-28 20:40:39,358 INFO c.h.h.t.HelmChartContainer - [K3S] [replica_set.go:679] "Finished syncing" kind="ReplicaSet" key="kube-system/coredns-ff8999cc5" duration="31.709µs"
2025-01-28 20:40:39,727 DEBUG c.h.h.t.HelmChartContainer - Image file loaded 'hivemq-platform-operator.tar'
2025-01-28 20:40:40,173 DEBUG c.h.h.t.HelmChartContainer - Image file loaded 'hivemq-platform-operator-init.tar'
2025-01-28 20:40:40,733 INFO c.h.h.t.HelmChartContainer - [K3S] [kuberuntime_manager.go:1702] "Updating runtime config through cri with podcidr" CIDR="10.42.0.0/24"
2025-01-28 20:40:40,733 INFO c.h.h.t.HelmChartContainer - [K3S] [kubelet_network.go:61] "Updating Pod CIDR" originalPodCIDR="" newPodCIDR="10.42.0.0/24"
2025-01-28 20:40:40,742 INFO c.h.h.t.HelmChartContainer - [K3S] [range_allocator.go:247] "Successfully synced" key="8e458440c762"
2025-01-28 20:40:45,788 DEBUG c.h.h.t.HelmChartContainer - Image file loaded 'hivemq-platform.tar'
2025-01-28 20:40:45,788 DEBUG c.h.h.t.HelmChartContainer - Successful Helm chart Container startup
2025-01-28 20:40:45,801 INFO t.localhost/testcontainers/86tmwelwz9pv8yah:latest - Container localhost/testcontainers/86tmwelwz9pv8yah:latest started in PT20.778727712S
2025-01-28 20:40:45,812 DEBUG c.h.h.t.HelmChartContainer - Executing helm command: /bin/helm --kubeconfig /etc/rancher/k3s/k3s.yaml repo add hivemq https://hivemq.github.io/helm-charts
2025-01-28 20:40:47,239 INFO c.h.h.t.HelmChartContainer - [EVENT] Normal [Starting] Starting kubelet. [null:8e458440c762]
2025-01-28 20:40:47,241 INFO c.h.h.t.HelmChartContainer - [EVENT] Warning [InvalidDiskCapacity] invalid capacity 0 on image filesystem [null:8e458440c762]
2025-01-28 20:40:47,242 INFO c.h.h.t.HelmChartContainer - [EVENT] Normal [NodeHasSufficientMemory] Node 8e458440c762 status is now: NodeHasSufficientMemory [null:8e458440c762]
2025-01-28 20:40:47,242 INFO c.h.h.t.HelmChartContainer - [EVENT] Normal [NodeHasNoDiskPressure] Node 8e458440c762 status is now: NodeHasNoDiskPressure [null:8e458440c762]
2025-01-28 20:40:47,243 INFO c.h.h.t.HelmChartContainer - [EVENT] Normal [NodeHasSufficientPID] Node 8e458440c762 status is now: NodeHasSufficientPID [null:8e458440c762]
2025-01-28 20:40:47,245 INFO c.h.h.t.HelmChartContainer - [EVENT] Normal [NodeAllocatableEnforced] Updated Node Allocatable limit across pods [null:8e458440c762]
2025-01-28 20:40:47,245 INFO c.h.h.t.HelmChartContainer - Saved kubeconfig file on /tmp/kubeconfig-16105757511487384312.yaml
2025-01-28 20:40:47,246 INFO c.h.h.t.HelmChartContainer - HelmChartContainer is started
2025-01-28 20:40:47,249 INFO c.h.h.t.HelmChartContainer - [EVENT] Normal [NodeReady] Node 8e458440c762 status is now: NodeReady [null:8e458440c762]
2025-01-28 20:40:47,251 INFO c.h.h.t.HelmChartContainer - [EVENT] Normal [NodePasswordValidationComplete] Deferred node password secret validation complete [null:8e458440c762]
2025-01-28 20:40:47,257 INFO c.h.h.t.HelmChartContainer - [EVENT] Normal [Synced] Node synced successfully [null:8e458440c762]
2025-01-28 20:40:47,258 INFO c.h.h.t.HelmChartContainer - [EVENT] Normal [RegisteredNode] Node 8e458440c762 event: Registered Node 8e458440c762 in Controller [null:8e458440c762]
]]></system-out>
  <system-err><![CDATA[]]></system-err>
</testsuite>
