<?xml version="1.0" encoding="UTF-8"?>
<testsuite name="com.hivemq.helmcharts.platform.HelmRollingUpgradePlatformIT" tests="1" skipped="0" failures="0" errors="0" timestamp="2025-01-28T20:47:25" hostname="fv-az2029-254" time="274.662">
  <properties/>
  <testcase name="withPreviousPlatformInstalled_upgradeToLatestChartVersion()" classname="com.hivemq.helmcharts.platform.HelmRollingUpgradePlatformIT" time="274.662">
    <system-out><![CDATA[2025-01-28 20:47:25,633 INFO c.h.h.t.HelmChartContainer - Creating namespace 'helmrollingupgradeplatformit-operator'...
2025-01-28 20:47:25,641 INFO c.h.h.t.HelmChartContainer - Namespace 'helmrollingupgradeplatformit-operator' created
2025-01-28 20:47:25,641 INFO c.h.h.t.HelmChartContainer - Creating namespace 'helmrollingupgradeplatformit'...
2025-01-28 20:47:25,649 INFO c.h.h.t.HelmChartContainer - Namespace 'helmrollingupgradeplatformit' created
2025-01-28 20:47:25,727 DEBUG c.h.h.t.HelmChartContainer - Executing helm command: /bin/helm --kubeconfig /etc/rancher/k3s/k3s.yaml install test-hivemq-platform-operator /charts/hivemq-platform-operator --wait --timeout 5m0s --set image.repository=docker.io/hivemq --set image.name=hivemq-platform-operator-test --set image.initImageName=hivemq-platform-operator-init-test --set image.tag=snapshot --set image.pullPolicy=Never --set logLevel=DEBUG --set resources.cpu=512m --namespace helmrollingupgradeplatformit-operator
2025-01-28 20:47:26,074 INFO c.h.h.t.HelmChartContainer - [K3S] [alloc.go:330] "allocated clusterIPs" service="helmrollingupgradeplatformit-operator/hivemq-platform-operator-test-hivemq-platform-operator" clusterIPs={"IPv4":"10.43.254.214"}
2025-01-28 20:47:26,087 INFO c.h.h.t.HelmChartContainer - [EVENT] Normal [ScalingReplicaSet] Scaled up replica set hivemq-test-hivemq-platform-operator-6966f96d65 from 0 to 1 [helmrollingupgradeplatformit-operator:hivemq-test-hivemq-platform-operator]
2025-01-28 20:47:26,097 INFO c.h.h.t.HelmChartContainer - [POD] hivemq-test-hivemq-platform-operator-6966f96d65-ks7hq [72f36c1a-afcd-4490-84df-79666b8ed0c4] in helmrollingupgradeplatformit-operator was ADDED
2025-01-28 20:47:26,101 INFO c.h.h.t.HelmChartContainer - [EVENT] Normal [SuccessfulCreate] Created pod: hivemq-test-hivemq-platform-operator-6966f96d65-ks7hq [helmrollingupgradeplatformit-operator:hivemq-test-hivemq-platform-operator-6966f96d65]
2025-01-28 20:47:26,105 INFO c.h.h.t.HelmChartContainer - [K3S] [replica_set.go:679] "Finished syncing" kind="ReplicaSet" key="helmrollingupgradeplatformit-operator/hivemq-test-hivemq-platform-operator-6966f96d65" duration="17.796208ms"
2025-01-28 20:47:26,109 INFO c.h.h.t.HelmChartContainer - [K3S] [memory_manager.go:355] "RemoveStaleState removing state" podUID="e4b6af99-8ae3-477d-a016-f1353d401bef" containerName="hivemq"
2025-01-28 20:47:26,110 INFO c.h.h.t.HelmChartContainer - [K3S] [memory_manager.go:355] "RemoveStaleState removing state" podUID="b8799cbe-ccc0-47a0-81f7-1bf48daf0992" containerName="hivemq-platform-operator"
2025-01-28 20:47:26,110 INFO c.h.h.t.HelmChartContainer - [POD] hivemq-test-hivemq-platform-operator-6966f96d65-ks7hq [72f36c1a-afcd-4490-84df-79666b8ed0c4] in helmrollingupgradeplatformit-operator was MODIFIED
2025-01-28 20:47:26,110 INFO c.h.h.t.HelmChartContainer - [K3S] [memory_manager.go:355] "RemoveStaleState removing state" podUID="f496a1cc-ae21-4d20-915b-d3dac61ed949" containerName="hivemq"
2025-01-28 20:47:26,115 INFO c.h.h.t.HelmChartContainer - [K3S] [replica_set.go:679] "Finished syncing" kind="ReplicaSet" key="helmrollingupgradeplatformit-operator/hivemq-test-hivemq-platform-operator-6966f96d65" duration="13.207574ms"
2025-01-28 20:47:26,122 INFO c.h.h.t.HelmChartContainer - [EVENT] Normal [Scheduled] Successfully assigned helmrollingupgradeplatformit-operator/hivemq-test-hivemq-platform-operator-6966f96d65-ks7hq to a51fb6dbb334 [helmrollingupgradeplatformit-operator:hivemq-test-hivemq-platform-operator-6966f96d65-ks7hq]
2025-01-28 20:47:26,133 INFO c.h.h.t.HelmChartContainer - [POD] hivemq-test-hivemq-platform-operator-6966f96d65-ks7hq [72f36c1a-afcd-4490-84df-79666b8ed0c4] in helmrollingupgradeplatformit-operator was MODIFIED
2025-01-28 20:47:26,136 INFO c.h.h.t.HelmChartContainer - [K3S] [replica_set.go:679] "Finished syncing" kind="ReplicaSet" key="helmrollingupgradeplatformit-operator/hivemq-test-hivemq-platform-operator-6966f96d65" duration="20.026846ms"
2025-01-28 20:47:26,137 INFO c.h.h.t.HelmChartContainer - [K3S] [replica_set.go:679] "Finished syncing" kind="ReplicaSet" key="helmrollingupgradeplatformit-operator/hivemq-test-hivemq-platform-operator-6966f96d65" duration="135.115µs"
2025-01-28 20:47:26,188 INFO c.h.h.t.HelmChartContainer - [K3S] [reconciler_common.go:251] "operationExecutor.VerifyControllerAttachedVolume started for volume \"kube-api-access-ndq9c\" (UniqueName: \"kubernetes.io/projected/72f36c1a-afcd-4490-84df-79666b8ed0c4-kube-api-access-ndq9c\") pod \"hivemq-test-hivemq-platform-operator-6966f96d65-ks7hq\" (UID: \"72f36c1a-afcd-4490-84df-79666b8ed0c4\") " pod="helmrollingupgradeplatformit-operator/hivemq-test-hivemq-platform-operator-6966f96d65-ks7hq"
2025-01-28 20:47:26,524 INFO c.h.h.t.HelmChartContainer - [EVENT] Normal [Pulled] Container image "docker.io/hivemq/hivemq-platform-operator-test:snapshot" already present on machine [helmrollingupgradeplatformit-operator:hivemq-test-hivemq-platform-operator-6966f96d65-ks7hq]
2025-01-28 20:47:26,524 INFO c.h.h.t.HelmChartContainer - Received Pulled event for container hivemq-platform-operator in pod hivemq-test-hivemq-platform-operator-6966f96d65-ks7hq [72f36c1a-afcd-4490-84df-79666b8ed0c4]
2025-01-28 20:47:27,946 INFO c.h.h.t.HelmChartContainer - [EVENT] Normal [Created] Created container: hivemq-platform-operator [helmrollingupgradeplatformit-operator:hivemq-test-hivemq-platform-operator-6966f96d65-ks7hq]
2025-01-28 20:47:27,947 INFO c.h.h.t.HelmChartContainer - Received Created event for container hivemq-platform-operator in pod hivemq-test-hivemq-platform-operator-6966f96d65-ks7hq [72f36c1a-afcd-4490-84df-79666b8ed0c4]
2025-01-28 20:47:28,407 INFO c.h.h.t.HelmChartContainer - [K3S] [replica_set.go:679] "Finished syncing" kind="ReplicaSet" key="helmrollingupgradeplatformit-operator/hivemq-test-hivemq-platform-operator-6966f96d65" duration="62.158µs"
2025-01-28 20:47:28,416 INFO c.h.h.t.HelmChartContainer - [POD] hivemq-test-hivemq-platform-operator-6966f96d65-ks7hq [72f36c1a-afcd-4490-84df-79666b8ed0c4] in helmrollingupgradeplatformit-operator was MODIFIED
2025-01-28 20:47:28,428 INFO c.h.h.t.HelmChartContainer - Started log watcher for hivemq-platform-operator in pod hivemq-test-hivemq-platform-operator-6966f96d65-ks7hq [72f36c1a-afcd-4490-84df-79666b8ed0c4]
2025-01-28 20:47:28,428 INFO c.h.h.t.HelmChartContainer - [EVENT] Normal [Started] Started container hivemq-platform-operator [helmrollingupgradeplatformit-operator:hivemq-test-hivemq-platform-operator-6966f96d65-ks7hq]
2025-01-28 20:47:28,428 INFO c.h.h.t.HelmChartContainer - Received Started event for container hivemq-platform-operator in pod hivemq-test-hivemq-platform-operator-6966f96d65-ks7hq [72f36c1a-afcd-4490-84df-79666b8ed0c4]
2025-01-28 20:47:28,429 INFO c.h.h.t.HelmChartContainer - [hivemq-test-hivemq-platform] [hivemq-platform-operator] [72f36c1a] -------------------------------------------------------------------------
2025-01-28 20:47:28,429 INFO c.h.h.t.HelmChartContainer - [hivemq-test-hivemq-platform] [hivemq-platform-operator] [72f36c1a] 
2025-01-28 20:47:28,429 INFO c.h.h.t.HelmChartContainer - [hivemq-test-hivemq-platform] [hivemq-platform-operator] [72f36c1a]                   _    _  _              __  __   ____
2025-01-28 20:47:28,429 INFO c.h.h.t.HelmChartContainer - [hivemq-test-hivemq-platform] [hivemq-platform-operator] [72f36c1a]                  | |  | |(_)            |  \/  | / __ \
2025-01-28 20:47:28,429 INFO c.h.h.t.HelmChartContainer - [hivemq-test-hivemq-platform] [hivemq-platform-operator] [72f36c1a]                  | |__| | _ __   __ ___ | \  / || |  | |
2025-01-28 20:47:28,429 INFO c.h.h.t.HelmChartContainer - [hivemq-test-hivemq-platform] [hivemq-platform-operator] [72f36c1a]                  |  __  || |\ \ / // _ \| |\/| || |  | |
2025-01-28 20:47:28,429 INFO c.h.h.t.HelmChartContainer - [hivemq-test-hivemq-platform] [hivemq-platform-operator] [72f36c1a]                  | |  | || | \ V /|  __/| |  | || |__| |
2025-01-28 20:47:28,429 INFO c.h.h.t.HelmChartContainer - [hivemq-test-hivemq-platform] [hivemq-platform-operator] [72f36c1a]                  |_|  |_||_|  \_/  \___||_|  |_| \___\_\
2025-01-28 20:47:28,429 INFO c.h.h.t.HelmChartContainer - [hivemq-test-hivemq-platform] [hivemq-platform-operator] [72f36c1a] 
2025-01-28 20:47:28,429 INFO c.h.h.t.HelmChartContainer - [hivemq-test-hivemq-platform] [hivemq-platform-operator] [72f36c1a] -------------------------------------------------------------------------
2025-01-28 20:47:28,429 INFO c.h.h.t.HelmChartContainer - [hivemq-test-hivemq-platform] [hivemq-platform-operator] [72f36c1a] 
2025-01-28 20:47:28,429 INFO c.h.h.t.HelmChartContainer - [hivemq-test-hivemq-platform] [hivemq-platform-operator] [72f36c1a]   HiveMQ Platform Operator Start Script v1.0
2025-01-28 20:47:28,429 INFO c.h.h.t.HelmChartContainer - [hivemq-test-hivemq-platform] [hivemq-platform-operator] [72f36c1a] 
2025-01-28 20:47:28,429 INFO c.h.h.t.HelmChartContainer - [hivemq-test-hivemq-platform] [hivemq-platform-operator] [72f36c1a] -------------------------------------------------------------------------
2025-01-28 20:47:28,429 INFO c.h.h.t.HelmChartContainer - [hivemq-test-hivemq-platform] [hivemq-platform-operator] [72f36c1a] 
2025-01-28 20:47:28,429 INFO c.h.h.t.HelmChartContainer - [hivemq-test-hivemq-platform] [hivemq-platform-operator] [72f36c1a]   JAVA_OPTS: -XX:+UnlockExperimentalVMOptions -XX:InitialRAMPercentage=75 -XX:MaxRAMPercentage=75 -Duser.language=en -Duser.region=US
2025-01-28 20:47:28,429 INFO c.h.h.t.HelmChartContainer - [hivemq-test-hivemq-platform] [hivemq-platform-operator] [72f36c1a] 
2025-01-28 20:47:28,429 INFO c.h.h.t.HelmChartContainer - [hivemq-test-hivemq-platform] [hivemq-platform-operator] [72f36c1a]   JAVA_VERSION: 21
2025-01-28 20:47:28,429 INFO c.h.h.t.HelmChartContainer - [hivemq-test-hivemq-platform] [hivemq-platform-operator] [72f36c1a] 
2025-01-28 20:47:28,429 INFO c.h.h.t.HelmChartContainer - [hivemq-test-hivemq-platform] [hivemq-platform-operator] [72f36c1a] -------------------------------------------------------------------------
2025-01-28 20:47:28,429 INFO c.h.h.t.HelmChartContainer - [hivemq-test-hivemq-platform] [hivemq-platform-operator] [72f36c1a] 
2025-01-28 20:47:32,140 INFO c.h.h.t.HelmChartContainer - [hivemq-test-hivemq-platform] [hivemq-platform-operator] [72f36c1a] 20:47:32.136 [main] DEBUG org.jboss.logging - Logging Provider: org.jboss.logging.Slf4jLoggerProvider
2025-01-28 20:47:32,297 INFO c.h.h.t.HelmChartContainer - [hivemq-test-hivemq-platform] [hivemq-platform-operator] [72f36c1a] 20:47:32.295 [main] DEBUG io.smallrye.config - SRCFG01006: Loaded ConfigSource SysPropConfigSource with ordinal 400
2025-01-28 20:47:32,297 INFO c.h.h.t.HelmChartContainer - [hivemq-test-hivemq-platform] [hivemq-platform-operator] [72f36c1a] 20:47:32.295 [main] DEBUG io.smallrye.config - SRCFG01006: Loaded ConfigSource EnvConfigSource with ordinal 300
2025-01-28 20:47:32,297 INFO c.h.h.t.HelmChartContainer - [hivemq-test-hivemq-platform] [hivemq-platform-operator] [72f36c1a] 20:47:32.296 [main] DEBUG io.smallrye.config - SRCFG01006: Loaded ConfigSource PropertiesConfigSource[source=jar:file:///opt/hivemq-platform-operator/bin/hivemq-platform-operator.jar!/hivemq-platform-operator.properties] with ordinal 100
2025-01-28 20:47:32,297 INFO c.h.h.t.HelmChartContainer - [hivemq-test-hivemq-platform] [hivemq-platform-operator] [72f36c1a] 20:47:32.296 [main] DEBUG io.smallrye.config - SRCFG01006: Loaded ConfigSource DefaultValuesConfigSource with ordinal -2147483648
2025-01-28 20:47:32,402 INFO c.h.h.t.HelmChartContainer - [hivemq-test-hivemq-platform] [hivemq-platform-operator] [72f36c1a] 20:47:32.401 [main] DEBUG i.m.c.u.i.l.InternalLoggerFactory - Using SLF4J as the default logging framework
2025-01-28 20:47:32,541 INFO c.h.h.t.HelmChartContainer - [hivemq-test-hivemq-platform] [hivemq-platform-operator] [72f36c1a] 20:47:32.507 [main] INFO  c.h.p.o.HiveMQPlatformOperatorApplication - HiveMQ Platform Operator 1.7.0-SNAPSHOT (commit: bebf408 on branch: HEAD) built on Sun Jan 26 20:47:47 UTC 2025
2025-01-28 20:47:32,542 INFO c.h.h.t.HelmChartContainer - [hivemq-test-hivemq-platform] [hivemq-platform-operator] [72f36c1a] 20:47:32.540 [main] INFO  c.h.p.o.HiveMQPlatformOperatorApplication - HiveMQ Platform Operator is running in namespace: helmrollingupgradeplatformit-operator
2025-01-28 20:47:32,542 INFO c.h.h.t.HelmChartContainer - [hivemq-test-hivemq-platform] [hivemq-platform-operator] [72f36c1a] 20:47:32.540 [main] INFO  c.h.p.o.HiveMQPlatformOperatorApplication - Watching all namespaces
2025-01-28 20:47:32,542 INFO c.h.h.t.HelmChartContainer - [hivemq-test-hivemq-platform] [hivemq-platform-operator] [72f36c1a] 20:47:32.540 [main] INFO  c.h.p.o.HiveMQPlatformOperatorApplication - Log level: DEBUG
2025-01-28 20:47:32,542 INFO c.h.h.t.HelmChartContainer - [hivemq-test-hivemq-platform] [hivemq-platform-operator] [72f36c1a] 20:47:32.540 [main] INFO  c.h.p.o.HiveMQPlatformOperatorApplication - Release name: test-hivemq-platform-operator
2025-01-28 20:47:32,542 INFO c.h.h.t.HelmChartContainer - [hivemq-test-hivemq-platform] [hivemq-platform-operator] [72f36c1a] 20:47:32.540 [main] INFO  c.h.p.o.HiveMQPlatformOperatorApplication - HiveMQ Platform Operator Init image: docker.io/hivemq/hivemq-platform-operator-init-test:snapshot
2025-01-28 20:47:32,542 INFO c.h.h.t.HelmChartContainer - [hivemq-test-hivemq-platform] [hivemq-platform-operator] [72f36c1a] 20:47:32.540 [main] INFO  c.h.p.o.HiveMQPlatformOperatorApplication - HiveMQ Platform Operator Init App update URL: http://hivemq-platform-operator-test-hivemq-platform-operator.helmrollingupgradeplatformit-operator.svc:8080/initAppUpdate/hivemq-platform-operator-init-app-1.7.0-SNAPSHOT.jar
2025-01-28 20:47:32,542 INFO c.h.h.t.HelmChartContainer - [hivemq-test-hivemq-platform] [hivemq-platform-operator] [72f36c1a] 20:47:32.540 [main] INFO  c.h.p.o.HiveMQPlatformOperatorApplication - Additional imagePullSecret for all Platform deployments: none
2025-01-28 20:47:32,542 INFO c.h.h.t.HelmChartContainer - [hivemq-test-hivemq-platform] [hivemq-platform-operator] [72f36c1a] 20:47:32.541 [main] INFO  c.h.p.o.HiveMQPlatformOperatorApplication - Apply HiveMQ Platform CRD: true
2025-01-28 20:47:32,542 INFO c.h.h.t.HelmChartContainer - [hivemq-test-hivemq-platform] [hivemq-platform-operator] [72f36c1a] 20:47:32.541 [main] INFO  c.h.p.o.HiveMQPlatformOperatorApplication - Create Platform ServiceAccount: true
2025-01-28 20:47:32,542 INFO c.h.h.t.HelmChartContainer - [hivemq-test-hivemq-platform] [hivemq-platform-operator] [72f36c1a] 20:47:32.541 [main] INFO  c.h.p.o.HiveMQPlatformOperatorApplication - Create Platform ServiceAccount permissions: true
2025-01-28 20:47:32,542 INFO c.h.h.t.HelmChartContainer - [hivemq-test-hivemq-platform] [hivemq-platform-operator] [72f36c1a] 20:47:32.541 [main] INFO  c.h.p.o.HiveMQPlatformOperatorApplication - Validate Platform ServiceAccount: true
2025-01-28 20:47:32,542 INFO c.h.h.t.HelmChartContainer - [hivemq-test-hivemq-platform] [hivemq-platform-operator] [72f36c1a] 20:47:32.541 [main] INFO  c.h.p.o.HiveMQPlatformOperatorApplication - Validate Platform ServiceAccount permissions: true
2025-01-28 20:47:32,695 INFO c.h.h.t.HelmChartContainer - [hivemq-test-hivemq-platform] [hivemq-platform-operator] [72f36c1a] 20:47:32.693 [main] INFO  c.h.platform.operator.util.CRDUtil - Verifying deployed HiveMQ Platform CRD...
2025-01-28 20:47:36,001 INFO c.h.h.t.HelmChartContainer - [hivemq-test-hivemq-platform] [hivemq-platform-operator] [72f36c1a] 20:47:35.999 [main] DEBUG c.h.platform.operator.util.CRDUtil - HiveMQ Platform CRD version v1 is up to date
2025-01-28 20:47:36,001 INFO c.h.h.t.HelmChartContainer - [hivemq-test-hivemq-platform] [hivemq-platform-operator] [72f36c1a] 20:47:35.999 [main] INFO  c.h.platform.operator.util.CRDUtil - HiveMQ Platform CRD is up to date (version: V1_6_0)
2025-01-28 20:47:36,001 INFO c.h.h.t.HelmChartContainer - [hivemq-test-hivemq-platform] [hivemq-platform-operator] [72f36c1a] 20:47:35.999 [main] INFO  c.h.platform.operator.util.CRDUtil - Waiting 10000 ms for HiveMQ Platform CRD 'hivemq-platforms.hivemq.com' to become ready...
2025-01-28 20:47:36,418 INFO c.h.h.t.HelmChartContainer - [EVENT] Warning [Unhealthy] Liveness probe failed: Get "http://10.42.0.12:8080/health/liveness": dial tcp 10.42.0.12:8080: connect: connection refused [helmrollingupgradeplatformit-operator:hivemq-test-hivemq-platform-operator-6966f96d65-ks7hq]
2025-01-28 20:47:36,418 INFO c.h.h.t.HelmChartContainer - Received Unhealthy event for container hivemq-platform-operator in pod hivemq-test-hivemq-platform-operator-6966f96d65-ks7hq [72f36c1a-afcd-4490-84df-79666b8ed0c4]
2025-01-28 20:47:36,499 INFO c.h.h.t.HelmChartContainer - [hivemq-test-hivemq-platform] [hivemq-platform-operator] [72f36c1a] 20:47:36.498 [vert.x-eventloop-thread-1] DEBUG c.h.platform.operator.util.CRDUtil - Checking CRD condition 'NamesAccepted' (status: 'True')
2025-01-28 20:47:36,500 INFO c.h.h.t.HelmChartContainer - [hivemq-test-hivemq-platform] [hivemq-platform-operator] [72f36c1a] 20:47:36.498 [vert.x-eventloop-thread-1] DEBUG c.h.platform.operator.util.CRDUtil - Checking CRD condition 'Established' (status: 'True')
2025-01-28 20:47:36,500 INFO c.h.h.t.HelmChartContainer - [hivemq-test-hivemq-platform] [hivemq-platform-operator] [72f36c1a] 20:47:36.499 [main] INFO  c.h.platform.operator.util.CRDUtil - HiveMQ Platform CRD 'hivemq-platforms.hivemq.com' is ready
2025-01-28 20:47:36,695 INFO c.h.h.t.HelmChartContainer - [hivemq-test-hivemq-platform] [hivemq-platform-operator] [72f36c1a] 20:47:36.693 [main] INFO  c.h.p.o.HiveMQPlatformReconciler - HiveMQ Platform Operator is starting...
2025-01-28 20:47:36,741 INFO c.h.h.t.HelmChartContainer - [hivemq-test-hivemq-platform] [hivemq-platform-operator] [72f36c1a] 20:47:36.740 [main] WARN  Default ConfigurationService implementation - Configuration for reconciler 'hivemq-controller' was not found. Known reconcilers: None.
2025-01-28 20:47:36,797 INFO c.h.h.t.HelmChartContainer - [hivemq-test-hivemq-platform] [hivemq-platform-operator] [72f36c1a] 20:47:36.797 [main] INFO  Default ConfigurationService implementation - Created configuration for reconciler com.hivemq.platform.operator.HiveMQPlatformReconciler with name hivemq-controller
2025-01-28 20:47:36,903 INFO c.h.h.t.HelmChartContainer - [hivemq-test-hivemq-platform] [hivemq-platform-operator] [72f36c1a] 20:47:36.901 [main] DEBUG c.h.p.o.HiveMQPlatformReconciler - HiveMQ Platform Operator is preparing EventSources
2025-01-28 20:47:36,995 INFO c.h.h.t.HelmChartContainer - [hivemq-test-hivemq-platform] [hivemq-platform-operator] [72f36c1a] 20:47:36.994 [main] INFO  i.javaoperatorsdk.operator.Operator - Registered reconciler: 'hivemq-controller' for resource: 'class com.hivemq.platform.operator.v1.HiveMQPlatform' for namespace(s): [all namespaces]
2025-01-28 20:47:37,692 INFO c.h.h.t.HelmChartContainer - [hivemq-test-hivemq-platform] [hivemq-platform-operator] [72f36c1a] 20:47:37.691 [main] INFO  c.h.p.operator.webserver.JettyServer - Starting Jetty server on port 8080
2025-01-28 20:47:37,795 INFO c.h.h.t.HelmChartContainer - [hivemq-test-hivemq-platform] [hivemq-platform-operator] [72f36c1a] 20:47:37.793 [main] INFO  i.javaoperatorsdk.operator.Operator - Operator SDK 4.9.7 (commit: 2133d28) built on Wed Nov 20 12:56:20 UTC 2024 starting...
2025-01-28 20:47:37,796 INFO c.h.h.t.HelmChartContainer - [hivemq-test-hivemq-platform] [hivemq-platform-operator] [72f36c1a] 20:47:37.794 [main] INFO  i.javaoperatorsdk.operator.Operator - Client version: 6.13.4
2025-01-28 20:47:37,796 INFO c.h.h.t.HelmChartContainer - [hivemq-test-hivemq-platform] [hivemq-platform-operator] [72f36c1a] 20:47:37.795 [Controller Starter for: hivemq-controller] INFO  i.j.operator.processing.Controller - Starting 'hivemq-controller' controller for reconciler: com.hivemq.platform.operator.HiveMQPlatformReconciler, resource: com.hivemq.platform.operator.v1.HiveMQPlatform
2025-01-28 20:47:41,194 INFO c.h.h.t.HelmChartContainer - [hivemq-test-hivemq-platform] [hivemq-platform-operator] [72f36c1a] 20:47:41.193 [Controller Starter for: hivemq-controller] INFO  i.j.operator.processing.Controller - 'hivemq-controller' controller started
2025-01-28 20:47:41,198 INFO c.h.h.t.HelmChartContainer - [hivemq-test-hivemq-platform] [hivemq-platform-operator] [72f36c1a] 20:47:41.196 [main] INFO  c.h.p.o.HiveMQPlatformOperatorApplication - HiveMQ Platform Operator 1.7.0-SNAPSHOT started in 8688 ms
2025-01-28 20:47:41,214 INFO c.h.h.t.HelmChartContainer - [POD] hivemq-test-hivemq-platform-operator-6966f96d65-ks7hq [72f36c1a-afcd-4490-84df-79666b8ed0c4] in helmrollingupgradeplatformit-operator was MODIFIED
2025-01-28 20:47:41,222 INFO c.h.h.t.HelmChartContainer - [K3S] [replica_set.go:679] "Finished syncing" kind="ReplicaSet" key="helmrollingupgradeplatformit-operator/hivemq-test-hivemq-platform-operator-6966f96d65" duration="7.732252ms"
2025-01-28 20:47:41,222 INFO c.h.h.t.HelmChartContainer - [K3S] [replica_set.go:679] "Finished syncing" kind="ReplicaSet" key="helmrollingupgradeplatformit-operator/hivemq-test-hivemq-platform-operator-6966f96d65" duration="42.37µs"
2025-01-28 20:47:42,191 DEBUG c.h.h.t.HelmChartContainer - Executing helm command: /bin/helm --kubeconfig /etc/rancher/k3s/k3s.yaml search repo hivemq/hivemq-platform --versions --regexp *.HiveMQ Platform Helm Chart (new)* --output yaml
2025-01-28 20:47:42,318 INFO c.h.h.p.HelmRollingUpgradePlatformIT - Current platform chart: Chart{name='hivemq-platform', description='HiveMQ Platform Helm Chart (new)', appVersion='4.36.0', version=0.2.32}
2025-01-28 20:47:42,321 DEBUG c.h.h.t.HelmChartContainer - Executing helm command: /bin/helm --kubeconfig /etc/rancher/k3s/k3s.yaml search repo hivemq/hivemq-platform --versions --regexp *.HiveMQ Platform Helm Chart (new)* --output yaml
2025-01-28 20:47:42,416 INFO c.h.h.p.HelmRollingUpgradePlatformIT - Previous platform chart: Chart{name='hivemq/hivemq-platform', description='HiveMQ Platform Helm Chart (new)', appVersion='4.35.0', version=0.2.31}
2025-01-28 20:47:42,416 DEBUG c.h.h.t.HelmChartContainer - Executing helm command: /bin/helm --kubeconfig /etc/rancher/k3s/k3s.yaml install test-hivemq-platform hivemq/hivemq-platform --wait --timeout 5m0s --set nodes.resources.cpu=512m --set nodes.replicaCount=1 --version 0.2.31 --namespace helmrollingupgradeplatformit
2025-01-28 20:47:42,942 INFO c.h.h.t.HelmChartContainer - [hivemq-test-hivemq-platform] [hivemq-platform-operator] [72f36c1a] 20:47:42.940 [-373097727-pool-1-thread-2] WARN  i.m.p.PrometheusMeterRegistry - The meter (MeterId{name='operator.sdk.events.received', tags=[tag(action=ADDED),tag(event=ResourceEvent),tag(group=hivemq.com),tag(kind=HiveMQPlatform),tag(name=test-hivemq-platform),tag(namespace=helmrollingupgradeplatformit),tag(scope=namespace),tag(version=v1)]}) registration has failed: Prometheus requires that all meters with the same name have the same set of tag keys. There is already an existing meter named 'operator.sdk.events.received' containing tag keys [event, group, kind, name, namespace, scope, version]. The meter you are attempting to register has keys [action, event, group, kind, name, namespace, scope, version]. Note that subsequent logs will be logged at debug level.
2025-01-28 20:47:43,452 INFO c.h.h.t.HelmChartContainer - [hivemq-test-hivemq-platform] [hivemq-platform-operator] [72f36c1a] 20:47:43.450 [pool-6-thread-3] DEBUG c.h.p.o.dependants.PodInfoConfigMap - [helmroll] Desired PodInfo ConfigMap (1 extensions) (1 enabled)
2025-01-28 20:47:43,452 INFO c.h.h.t.HelmChartContainer - [hivemq-test-hivemq-platform] [hivemq-platform-operator] [72f36c1a] 20:47:43.450 [pool-6-thread-3] DEBUG c.h.p.o.dependants.PodInfoConfigMap - [helmroll] Desired PodInfo ConfigMap (metrics port: 9399) (metrics path: /)
2025-01-28 20:47:43,452 INFO c.h.h.t.HelmChartContainer - [hivemq-test-hivemq-platform] [hivemq-platform-operator] [72f36c1a] 20:47:43.450 [pool-6-thread-3] DEBUG c.h.p.o.dependants.PodInfoConfigMap - [helmroll] Desired PodInfo ConfigMap (extension state hash: -1817474005)
2025-01-28 20:47:43,492 INFO c.h.h.t.HelmChartContainer - [hivemq-test-hivemq-platform] [hivemq-platform-operator] [72f36c1a] 20:47:43.491 [pool-6-thread-3] DEBUG c.h.p.o.dependants.PodInfoConfigMap - [helmroll] Create PodInfo ConfigMap
2025-01-28 20:47:43,643 INFO c.h.h.t.HelmChartContainer - [hivemq-test-hivemq-platform] [hivemq-platform-operator] [72f36c1a] 20:47:43.639 [pool-6-thread-5] DEBUG c.h.p.o.dependants.PodRoleResource - [helmroll] Create Role: Role(apiVersion=rbac.authorization.k8s.io/v1, kind=Role, metadata=ObjectMeta(annotations={meta.helm.sh/release-name=test-hivemq-platform, meta.helm.sh/release-namespace=helmrollingupgradeplatformit}, creationTimestamp=null, deletionGracePeriodSeconds=null, deletionTimestamp=null, finalizers=[], generateName=null, generation=null, labels={helm.sh/chart=hivemq-platform-0.2.31, app.kubernetes.io/managed-by=Helm, app.kubernetes.io/name=hivemq-platform, hivemq-platform=test-hivemq-platform, app.kubernetes.io/instance=test-hivemq-platform, app.kubernetes.io/version=4.35.0}, managedFields=[], name=hivemq-platform-role-test-hivemq-platform, namespace=helmrollingupgradeplatformit, ownerReferences=[OwnerReference(apiVersion=hivemq.com/v1, blockOwnerDeletion=null, controller=null, kind=HiveMQPlatform, name=test-hivemq-platform, uid=fae05566-e4d7-4543-aea7-0c1e015acd9f, additionalProperties={})], resourceVersion=null, selfLink=null, uid=null, additionalProperties={}), rules=[PolicyRule(apiGroups=[], nonResourceURLs=[], resourceNames=[], resources=[pods], verbs=[get, patch, update], additionalProperties={})], additionalProperties={})
2025-01-28 20:47:43,747 INFO c.h.h.t.HelmChartContainer - [hivemq-test-hivemq-platform] [hivemq-platform-operator] [72f36c1a] 20:47:43.746 [pool-6-thread-7] DEBUG c.h.p.o.d.PodServiceAccountResource - [helmroll] Desired PodServiceAccountResource (serviceAccountName: hivemq-platform-pod-test-hivemq-platform)
2025-01-28 20:47:43,750 INFO c.h.h.t.HelmChartContainer - [hivemq-test-hivemq-platform] [hivemq-platform-operator] [72f36c1a] 20:47:43.747 [pool-6-thread-7] DEBUG c.h.p.o.d.PodServiceAccountResource - [helmroll] Create ServiceAccount 'hivemq-platform-pod-test-hivemq-platform'
2025-01-28 20:47:43,940 INFO c.h.h.t.HelmChartContainer - [hivemq-test-hivemq-platform] [hivemq-platform-operator] [72f36c1a] 20:47:43.938 [pool-6-thread-9] DEBUG c.h.p.o.d.PodRoleBindingResource - [helmroll] Create RoleBinding: RoleBinding(apiVersion=rbac.authorization.k8s.io/v1, kind=RoleBinding, metadata=ObjectMeta(annotations={meta.helm.sh/release-name=test-hivemq-platform, meta.helm.sh/release-namespace=helmrollingupgradeplatformit}, creationTimestamp=null, deletionGracePeriodSeconds=null, deletionTimestamp=null, finalizers=[], generateName=null, generation=null, labels={helm.sh/chart=hivemq-platform-0.2.31, app.kubernetes.io/managed-by=Helm, app.kubernetes.io/name=hivemq-platform, hivemq-platform=test-hivemq-platform, app.kubernetes.io/instance=test-hivemq-platform, app.kubernetes.io/version=4.35.0}, managedFields=[], name=hivemq-platform-role-binding-test-hivemq-platform, namespace=helmrollingupgradeplatformit, ownerReferences=[OwnerReference(apiVersion=hivemq.com/v1, blockOwnerDeletion=null, controller=null, kind=HiveMQPlatform, name=test-hivemq-platform, uid=fae05566-e4d7-4543-aea7-0c1e015acd9f, additionalProperties={})], resourceVersion=null, selfLink=null, uid=null, additionalProperties={}), roleRef=RoleRef(apiGroup=rbac.authorization.k8s.io, kind=Role, name=hivemq-platform-role-test-hivemq-platform, additionalProperties={}), subjects=[Subject(apiGroup=null, kind=ServiceAccount, name=hivemq-platform-pod-test-hivemq-platform, namespace=helmrollingupgradeplatformit, additionalProperties={})], additionalProperties={})
2025-01-28 20:47:43,994 INFO c.h.h.t.HelmChartContainer - [hivemq-test-hivemq-platform] [hivemq-platform-operator] [72f36c1a] 20:47:43.993 [ReconcilerExecutor-hivemq-controller-54] INFO  c.h.p.o.HiveMQPlatformReconciler - [helmroll] Reconciling HiveMQ Platform 'test-hivemq-platform' in namespace 'helmrollingupgradeplatformit'
2025-01-28 20:47:44,036 INFO c.h.h.t.HelmChartContainer - [hivemq-test-hivemq-platform] [hivemq-platform-operator] [72f36c1a] 20:47:44.035 [ReconcilerExecutor-hivemq-controller-54] DEBUG c.h.p.o.HiveMQPlatformReconciler - [helmroll] Custom Resource Status CREATED - HiveMQ Platform was created (READY)
2025-01-28 20:47:44,038 INFO c.h.h.t.HelmChartContainer - [hivemq-test-hivemq-platform] [hivemq-platform-operator] [72f36c1a] 20:47:44.035 [ReconcilerExecutor-hivemq-controller-54] DEBUG c.h.p.o.HiveMQPlatformReconciler - [helmroll] Custom Resource Spec (replicas: 1) (extensions: 1)
2025-01-28 20:47:44,041 INFO c.h.h.t.HelmChartContainer - [hivemq-test-hivemq-platform] [hivemq-platform-operator] [72f36c1a] 20:47:44.040 [ReconcilerExecutor-hivemq-controller-54] INFO  c.h.p.o.h.HiveMQPlatformReconcilerBaseHandler - [helmroll] HiveMQ Platform is starting
2025-01-28 20:47:44,238 INFO c.h.h.t.HelmChartContainer - [hivemq-test-hivemq-platform] [hivemq-platform-operator] [72f36c1a] 20:47:44.236 [ReconcilerExecutor-hivemq-controller-54] DEBUG c.h.p.operator.event.EventSender - [helmroll] Creating K8s event hivemq-platform-starting: [Start] HiveMQ Platform is starting
2025-01-28 20:47:44,250 INFO c.h.h.t.HelmChartContainer - [EVENT] Normal [Start] HiveMQ Platform is starting [helmrollingupgradeplatformit:test-hivemq-platform]
2025-01-28 20:47:44,293 INFO c.h.h.t.HelmChartContainer - [hivemq-test-hivemq-platform] [hivemq-platform-operator] [72f36c1a] 20:47:44.291 [ReconcilerExecutor-hivemq-controller-54] INFO  c.h.p.o.h.AbstractHiveMQReconcilerStateHandler - [helmroll] Update HiveMQ Platform Status (CREATED [READY] -> STARTING [READY]): HiveMQ Platform is starting
2025-01-28 20:47:44,356 DEBUG com.hivemq.helmcharts.util.K8sUtil - Comparing actual state 'STARTING' and waiting for 'RUNNING'
2025-01-28 20:47:54,449 INFO c.h.h.t.HelmChartContainer - [hivemq-test-hivemq-platform] [hivemq-platform-operator] [72f36c1a] 20:47:54.445 [pool-6-thread-12] DEBUG c.h.p.o.d.PlatformServiceResource - [helmroll] Desired Platform services (3 services)
2025-01-28 20:47:54,449 INFO c.h.h.t.HelmChartContainer - [hivemq-test-hivemq-platform] [hivemq-platform-operator] [72f36c1a] 20:47:54.447 [pool-6-thread-13] DEBUG c.h.p.o.dependants.PodInfoConfigMap - [helmroll] Desired PodInfo ConfigMap (1 extensions) (1 enabled)
2025-01-28 20:47:54,449 INFO c.h.h.t.HelmChartContainer - [hivemq-test-hivemq-platform] [hivemq-platform-operator] [72f36c1a] 20:47:54.447 [pool-6-thread-13] DEBUG c.h.p.o.dependants.PodInfoConfigMap - [helmroll] Desired PodInfo ConfigMap (metrics port: 9399) (metrics path: /)
2025-01-28 20:47:54,449 INFO c.h.h.t.HelmChartContainer - [hivemq-test-hivemq-platform] [hivemq-platform-operator] [72f36c1a] 20:47:54.448 [pool-6-thread-13] DEBUG c.h.p.o.dependants.PodInfoConfigMap - [helmroll] Desired PodInfo ConfigMap (extension state hash: -1817474005)
2025-01-28 20:47:54,454 INFO c.h.h.t.HelmChartContainer - [hivemq-test-hivemq-platform] [hivemq-platform-operator] [72f36c1a] 20:47:54.453 [pool-6-thread-17] DEBUG c.h.p.o.d.PodServiceAccountResource - [helmroll] Desired PodServiceAccountResource (serviceAccountName: hivemq-platform-pod-test-hivemq-platform)
2025-01-28 20:47:54,545 INFO c.h.h.t.HelmChartContainer - [hivemq-test-hivemq-platform] [hivemq-platform-operator] [72f36c1a] 20:47:54.540 [pool-6-thread-13] DEBUG c.h.p.o.dependants.PodInfoConfigMap - [helmroll] Update PodInfo ConfigMap
2025-01-28 20:47:54,557 INFO c.h.h.t.HelmChartContainer - [K3S] [alloc.go:330] "allocated clusterIPs" service="helmrollingupgradeplatformit/hivemq-test-hivemq-platform-cc-8080" clusterIPs={"IPv4":"10.43.188.201"}
2025-01-28 20:47:54,649 INFO c.h.h.t.HelmChartContainer - [K3S] [alloc.go:330] "allocated clusterIPs" service="helmrollingupgradeplatformit/hivemq-test-hivemq-platform-metrics-9399" clusterIPs={"IPv4":"10.43.76.226"}
2025-01-28 20:47:54,744 INFO c.h.h.t.HelmChartContainer - [K3S] [alloc.go:330] "allocated clusterIPs" service="helmrollingupgradeplatformit/hivemq-test-hivemq-platform-mqtt-1883" clusterIPs={"IPv4":"10.43.50.42"}
2025-01-28 20:47:54,753 INFO c.h.h.t.HelmChartContainer - [hivemq-test-hivemq-platform] [hivemq-platform-operator] [72f36c1a] 20:47:54.750 [pool-6-thread-20] DEBUG c.h.p.o.d.StatefulSetResource - [helmroll] Desired StatefulSet (1 replicas) for status STARTING (READY)
2025-01-28 20:47:54,850 INFO c.h.h.t.HelmChartContainer - [hivemq-test-hivemq-platform] [hivemq-platform-operator] [72f36c1a] 20:47:54.847 [pool-6-thread-20] DEBUG c.h.p.o.d.StatefulSetResource - [helmroll] Create StatefulSet
2025-01-28 20:47:54,971 INFO c.h.h.t.HelmChartContainer - [EVENT] Normal [SuccessfulCreate] create Pod test-hivemq-platform-0 in StatefulSet test-hivemq-platform successful [helmrollingupgradeplatformit:test-hivemq-platform]
2025-01-28 20:47:54,971 INFO c.h.h.t.HelmChartContainer - [POD] test-hivemq-platform-0 [d0fe6676-0304-46f5-a84f-7c296cfd36a3] in helmrollingupgradeplatformit was ADDED
2025-01-28 20:47:54,975 INFO c.h.h.t.HelmChartContainer - [POD] test-hivemq-platform-0 [d0fe6676-0304-46f5-a84f-7c296cfd36a3] in helmrollingupgradeplatformit was MODIFIED
2025-01-28 20:47:54,977 INFO c.h.h.t.HelmChartContainer - [EVENT] Normal [Scheduled] Successfully assigned helmrollingupgradeplatformit/test-hivemq-platform-0 to a51fb6dbb334 [helmrollingupgradeplatformit:test-hivemq-platform-0]
2025-01-28 20:47:54,986 INFO c.h.h.t.HelmChartContainer - [POD] test-hivemq-platform-0 [d0fe6676-0304-46f5-a84f-7c296cfd36a3] in helmrollingupgradeplatformit was MODIFIED
2025-01-28 20:47:55,042 INFO c.h.h.t.HelmChartContainer - [hivemq-test-hivemq-platform] [hivemq-platform-operator] [72f36c1a] 20:47:55.037 [ReconcilerExecutor-hivemq-controller-65] INFO  c.h.p.o.HiveMQPlatformReconciler - [helmroll] Reconciling HiveMQ Platform 'test-hivemq-platform' in namespace 'helmrollingupgradeplatformit'
2025-01-28 20:47:55,042 INFO c.h.h.t.HelmChartContainer - [hivemq-test-hivemq-platform] [hivemq-platform-operator] [72f36c1a] 20:47:55.037 [ReconcilerExecutor-hivemq-controller-65] DEBUG c.h.p.o.HiveMQPlatformReconciler - [helmroll] Custom Resource Status STARTING - HiveMQ Platform is starting (READY)
2025-01-28 20:47:55,042 INFO c.h.h.t.HelmChartContainer - [hivemq-test-hivemq-platform] [hivemq-platform-operator] [72f36c1a] 20:47:55.038 [ReconcilerExecutor-hivemq-controller-65] DEBUG c.h.p.o.HiveMQPlatformReconciler - [helmroll] Custom Resource Spec (replicas: 1) (extensions: 1)
2025-01-28 20:47:55,067 INFO c.h.h.t.HelmChartContainer - [K3S] [reconciler_common.go:251] "operationExecutor.VerifyControllerAttachedVolume started for volume \"broker-configuration\" (UniqueName: \"kubernetes.io/configmap/d0fe6676-0304-46f5-a84f-7c296cfd36a3-broker-configuration\") pod \"test-hivemq-platform-0\" (UID: \"d0fe6676-0304-46f5-a84f-7c296cfd36a3\") " pod="helmrollingupgradeplatformit/test-hivemq-platform-0"
2025-01-28 20:47:55,067 INFO c.h.h.t.HelmChartContainer - [K3S] [reconciler_common.go:251] "operationExecutor.VerifyControllerAttachedVolume started for volume \"pod-info\" (UniqueName: \"kubernetes.io/configmap/d0fe6676-0304-46f5-a84f-7c296cfd36a3-pod-info\") pod \"test-hivemq-platform-0\" (UID: \"d0fe6676-0304-46f5-a84f-7c296cfd36a3\") " pod="helmrollingupgradeplatformit/test-hivemq-platform-0"
2025-01-28 20:47:55,067 INFO c.h.h.t.HelmChartContainer - [K3S] [reconciler_common.go:251] "operationExecutor.VerifyControllerAttachedVolume started for volume \"operator-init\" (UniqueName: \"kubernetes.io/empty-dir/d0fe6676-0304-46f5-a84f-7c296cfd36a3-operator-init\") pod \"test-hivemq-platform-0\" (UID: \"d0fe6676-0304-46f5-a84f-7c296cfd36a3\") " pod="helmrollingupgradeplatformit/test-hivemq-platform-0"
2025-01-28 20:47:55,140 INFO c.h.h.t.HelmChartContainer - [hivemq-test-hivemq-platform] [hivemq-platform-operator] [72f36c1a] 20:47:55.136 [ReconcilerExecutor-hivemq-controller-65] DEBUG c.h.p.o.HiveMQPlatformReconciler - [helmroll] StatefulSet Status (revision: test-hivemq-platform-54c4467984, replicas: 0, available: 0, ready: 0, current: 0, updated: 0)
2025-01-28 20:47:55,140 INFO c.h.h.t.HelmChartContainer - [hivemq-test-hivemq-platform] [hivemq-platform-operator] [72f36c1a] 20:47:55.137 [ReconcilerExecutor-hivemq-controller-65] DEBUG c.h.p.o.HiveMQPlatformReconciler - [helmroll] StatefulSet Spec (replicas: 1, init containers: 1, containers: 1, volumes: 3)
2025-01-28 20:47:55,168 INFO c.h.h.t.HelmChartContainer - [K3S] [reconciler_common.go:251] "operationExecutor.VerifyControllerAttachedVolume started for volume \"kube-api-access-dfdq5\" (UniqueName: \"kubernetes.io/projected/d0fe6676-0304-46f5-a84f-7c296cfd36a3-kube-api-access-dfdq5\") pod \"test-hivemq-platform-0\" (UID: \"d0fe6676-0304-46f5-a84f-7c296cfd36a3\") " pod="helmrollingupgradeplatformit/test-hivemq-platform-0"
2025-01-28 20:47:55,242 INFO c.h.h.t.HelmChartContainer - [hivemq-test-hivemq-platform] [hivemq-platform-operator] [72f36c1a] 20:47:55.241 [ReconcilerExecutor-hivemq-controller-65] DEBUG c.h.p.o.h.HiveMQPlatformReconcilerErrorHandler - [helmroll] Pod 'test-hivemq-platform-0' phase Pending
2025-01-28 20:47:55,244 INFO c.h.h.t.HelmChartContainer - [hivemq-test-hivemq-platform] [hivemq-platform-operator] [72f36c1a] 20:47:55.242 [ReconcilerExecutor-hivemq-controller-65] DEBUG c.h.p.o.h.HiveMQPlatformReconcilerErrorHandler - [helmroll] Pod 'test-hivemq-platform-0' condition 'PodReadyToStartContainers': False
2025-01-28 20:47:55,244 INFO c.h.h.t.HelmChartContainer - [hivemq-test-hivemq-platform] [hivemq-platform-operator] [72f36c1a] 20:47:55.242 [ReconcilerExecutor-hivemq-controller-65] DEBUG c.h.p.o.h.HiveMQPlatformReconcilerErrorHandler - [helmroll] Pod 'test-hivemq-platform-0' condition 'Initialized': False
2025-01-28 20:47:55,244 INFO c.h.h.t.HelmChartContainer - [hivemq-test-hivemq-platform] [hivemq-platform-operator] [72f36c1a] 20:47:55.242 [ReconcilerExecutor-hivemq-controller-65] DEBUG c.h.p.o.h.HiveMQPlatformReconcilerErrorHandler - [helmroll] Pod 'test-hivemq-platform-0' condition 'Ready': False
2025-01-28 20:47:55,244 INFO c.h.h.t.HelmChartContainer - [hivemq-test-hivemq-platform] [hivemq-platform-operator] [72f36c1a] 20:47:55.242 [ReconcilerExecutor-hivemq-controller-65] DEBUG c.h.p.o.h.HiveMQPlatformReconcilerErrorHandler - [helmroll] Pod 'test-hivemq-platform-0' condition 'ContainersReady': False
2025-01-28 20:47:55,244 INFO c.h.h.t.HelmChartContainer - [hivemq-test-hivemq-platform] [hivemq-platform-operator] [72f36c1a] 20:47:55.242 [ReconcilerExecutor-hivemq-controller-65] DEBUG c.h.p.o.h.HiveMQPlatformReconcilerErrorHandler - [helmroll] Pod 'test-hivemq-platform-0' condition 'PodScheduled': True
2025-01-28 20:47:55,244 INFO c.h.h.t.HelmChartContainer - [hivemq-test-hivemq-platform] [hivemq-platform-operator] [72f36c1a] 20:47:55.243 [ReconcilerExecutor-hivemq-controller-65] DEBUG c.h.p.o.h.HiveMQPlatformReconcilerErrorHandler - [helmroll] Pod 'test-hivemq-platform-0' containerStatus 'hivemq' (started: false) (ready: false) (waiting: [PodInitializing] null)
2025-01-28 20:47:55,247 INFO c.h.h.t.HelmChartContainer - [hivemq-test-hivemq-platform] [hivemq-platform-operator] [72f36c1a] 20:47:55.246 [ReconcilerExecutor-hivemq-controller-65] INFO  c.h.p.o.h.HiveMQPlatformReconcilerBaseHandler - [helmroll] HiveMQ Platform is starting, 0 of 1 replicas are ready
2025-01-28 20:47:55,254 INFO c.h.h.t.HelmChartContainer - [hivemq-test-hivemq-platform] [hivemq-platform-operator] [72f36c1a] 20:47:55.252 [pool-6-thread-22] DEBUG c.h.p.o.d.PlatformServiceResource - [helmroll] Desired Platform services (3 services)
2025-01-28 20:47:55,255 INFO c.h.h.t.HelmChartContainer - [hivemq-test-hivemq-platform] [hivemq-platform-operator] [72f36c1a] 20:47:55.253 [pool-6-thread-23] DEBUG c.h.p.o.dependants.PodInfoConfigMap - [helmroll] Desired PodInfo ConfigMap (1 extensions) (1 enabled)
2025-01-28 20:47:55,255 INFO c.h.h.t.HelmChartContainer - [hivemq-test-hivemq-platform] [hivemq-platform-operator] [72f36c1a] 20:47:55.254 [pool-6-thread-23] DEBUG c.h.p.o.dependants.PodInfoConfigMap - [helmroll] Desired PodInfo ConfigMap (metrics port: 9399) (metrics path: /)
2025-01-28 20:47:55,255 INFO c.h.h.t.HelmChartContainer - [hivemq-test-hivemq-platform] [hivemq-platform-operator] [72f36c1a] 20:47:55.254 [pool-6-thread-23] DEBUG c.h.p.o.dependants.PodInfoConfigMap - [helmroll] Desired PodInfo ConfigMap (extension state hash: -1817474005)
2025-01-28 20:47:55,341 INFO c.h.h.t.HelmChartContainer - [hivemq-test-hivemq-platform] [hivemq-platform-operator] [72f36c1a] 20:47:55.338 [pool-6-thread-27] DEBUG c.h.p.o.d.PodServiceAccountResource - [helmroll] Desired PodServiceAccountResource (serviceAccountName: hivemq-platform-pod-test-hivemq-platform)
2025-01-28 20:47:55,438 INFO c.h.h.t.HelmChartContainer - [hivemq-test-hivemq-platform] [hivemq-platform-operator] [72f36c1a] 20:47:55.435 [pool-6-thread-30] DEBUG c.h.p.o.d.StatefulSetResource - [helmroll] Desired StatefulSet (1 replicas) for status STARTING (READY)
2025-01-28 20:47:55,446 INFO c.h.h.t.HelmChartContainer - [hivemq-test-hivemq-platform] [hivemq-platform-operator] [72f36c1a] 20:47:55.444 [ReconcilerExecutor-hivemq-controller-76] INFO  c.h.p.o.HiveMQPlatformReconciler - [helmroll] Reconciling HiveMQ Platform 'test-hivemq-platform' in namespace 'helmrollingupgradeplatformit'
2025-01-28 20:47:55,446 INFO c.h.h.t.HelmChartContainer - [hivemq-test-hivemq-platform] [hivemq-platform-operator] [72f36c1a] 20:47:55.445 [ReconcilerExecutor-hivemq-controller-76] DEBUG c.h.p.o.HiveMQPlatformReconciler - [helmroll] Custom Resource Status STARTING - HiveMQ Platform is starting (READY)
2025-01-28 20:47:55,446 INFO c.h.h.t.HelmChartContainer - [hivemq-test-hivemq-platform] [hivemq-platform-operator] [72f36c1a] 20:47:55.445 [ReconcilerExecutor-hivemq-controller-76] DEBUG c.h.p.o.HiveMQPlatformReconciler - [helmroll] Custom Resource Spec (replicas: 1) (extensions: 1)
2025-01-28 20:47:55,450 INFO c.h.h.t.HelmChartContainer - [hivemq-test-hivemq-platform] [hivemq-platform-operator] [72f36c1a] 20:47:55.448 [ReconcilerExecutor-hivemq-controller-76] DEBUG c.h.p.o.HiveMQPlatformReconciler - [helmroll] StatefulSet Status (revision: test-hivemq-platform-54c4467984, replicas: 1, available: 0, ready: 0, current: 1, updated: 1)
2025-01-28 20:47:55,450 INFO c.h.h.t.HelmChartContainer - [hivemq-test-hivemq-platform] [hivemq-platform-operator] [72f36c1a] 20:47:55.449 [ReconcilerExecutor-hivemq-controller-76] DEBUG c.h.p.o.HiveMQPlatformReconciler - [helmroll] StatefulSet Spec (replicas: 1, init containers: 1, containers: 1, volumes: 3)
2025-01-28 20:47:55,453 INFO c.h.h.t.HelmChartContainer - [hivemq-test-hivemq-platform] [hivemq-platform-operator] [72f36c1a] 20:47:55.453 [ReconcilerExecutor-hivemq-controller-76] DEBUG c.h.p.o.h.HiveMQPlatformReconcilerErrorHandler - [helmroll] Pod 'test-hivemq-platform-0' phase Pending
2025-01-28 20:47:55,454 INFO c.h.h.t.HelmChartContainer - [hivemq-test-hivemq-platform] [hivemq-platform-operator] [72f36c1a] 20:47:55.453 [ReconcilerExecutor-hivemq-controller-76] DEBUG c.h.p.o.h.HiveMQPlatformReconcilerErrorHandler - [helmroll] Pod 'test-hivemq-platform-0' condition 'PodReadyToStartContainers': False
2025-01-28 20:47:55,455 INFO c.h.h.t.HelmChartContainer - [hivemq-test-hivemq-platform] [hivemq-platform-operator] [72f36c1a] 20:47:55.453 [ReconcilerExecutor-hivemq-controller-76] DEBUG c.h.p.o.h.HiveMQPlatformReconcilerErrorHandler - [helmroll] Pod 'test-hivemq-platform-0' condition 'Initialized': False
2025-01-28 20:47:55,455 INFO c.h.h.t.HelmChartContainer - [hivemq-test-hivemq-platform] [hivemq-platform-operator] [72f36c1a] 20:47:55.453 [ReconcilerExecutor-hivemq-controller-76] DEBUG c.h.p.o.h.HiveMQPlatformReconcilerErrorHandler - [helmroll] Pod 'test-hivemq-platform-0' condition 'Ready': False
2025-01-28 20:47:55,455 INFO c.h.h.t.HelmChartContainer - [hivemq-test-hivemq-platform] [hivemq-platform-operator] [72f36c1a] 20:47:55.453 [ReconcilerExecutor-hivemq-controller-76] DEBUG c.h.p.o.h.HiveMQPlatformReconcilerErrorHandler - [helmroll] Pod 'test-hivemq-platform-0' condition 'ContainersReady': False
2025-01-28 20:47:55,455 INFO c.h.h.t.HelmChartContainer - [hivemq-test-hivemq-platform] [hivemq-platform-operator] [72f36c1a] 20:47:55.453 [ReconcilerExecutor-hivemq-controller-76] DEBUG c.h.p.o.h.HiveMQPlatformReconcilerErrorHandler - [helmroll] Pod 'test-hivemq-platform-0' condition 'PodScheduled': True
2025-01-28 20:47:55,456 INFO c.h.h.t.HelmChartContainer - [hivemq-test-hivemq-platform] [hivemq-platform-operator] [72f36c1a] 20:47:55.453 [ReconcilerExecutor-hivemq-controller-76] DEBUG c.h.p.o.h.HiveMQPlatformReconcilerErrorHandler - [helmroll] Pod 'test-hivemq-platform-0' containerStatus 'hivemq' (started: false) (ready: false) (waiting: [PodInitializing] null)
2025-01-28 20:47:55,456 INFO c.h.h.t.HelmChartContainer - [hivemq-test-hivemq-platform] [hivemq-platform-operator] [72f36c1a] 20:47:55.454 [ReconcilerExecutor-hivemq-controller-76] INFO  c.h.p.o.h.HiveMQPlatformReconcilerBaseHandler - [helmroll] HiveMQ Platform is starting, 0 of 1 replicas are ready
2025-01-28 20:47:55,692 INFO c.h.h.t.HelmChartContainer - [EVENT] Normal [Pulled] Container image "docker.io/hivemq/hivemq-platform-operator-init-test:snapshot" already present on machine [helmrollingupgradeplatformit:test-hivemq-platform-0]
2025-01-28 20:47:55,816 INFO c.h.h.t.HelmChartContainer - [EVENT] Normal [Created] Created container: hivemq-platform-operator-init [helmrollingupgradeplatformit:test-hivemq-platform-0]
2025-01-28 20:47:55,865 INFO c.h.h.t.HelmChartContainer - [EVENT] Normal [Started] Started container hivemq-platform-operator-init [helmrollingupgradeplatformit:test-hivemq-platform-0]
2025-01-28 20:47:56,472 INFO c.h.h.t.HelmChartContainer - [POD] test-hivemq-platform-0 [d0fe6676-0304-46f5-a84f-7c296cfd36a3] in helmrollingupgradeplatformit was MODIFIED
2025-01-28 20:47:56,481 INFO c.h.h.t.HelmChartContainer - [hivemq-test-hivemq-platform] [hivemq-platform-operator] [72f36c1a] 20:47:56.472 [pool-6-thread-32] DEBUG c.h.p.o.d.PlatformServiceResource - [helmroll] Desired Platform services (3 services)
2025-01-28 20:47:56,483 INFO c.h.h.t.HelmChartContainer - [hivemq-test-hivemq-platform] [hivemq-platform-operator] [72f36c1a] 20:47:56.479 [pool-6-thread-33] DEBUG c.h.p.o.dependants.PodInfoConfigMap - [helmroll] Desired PodInfo ConfigMap (1 extensions) (1 enabled)
2025-01-28 20:47:56,484 INFO c.h.h.t.HelmChartContainer - [hivemq-test-hivemq-platform] [hivemq-platform-operator] [72f36c1a] 20:47:56.479 [pool-6-thread-33] DEBUG c.h.p.o.dependants.PodInfoConfigMap - [helmroll] Desired PodInfo ConfigMap (metrics port: 9399) (metrics path: /)
2025-01-28 20:47:56,485 INFO c.h.h.t.HelmChartContainer - [hivemq-test-hivemq-platform] [hivemq-platform-operator] [72f36c1a] 20:47:56.479 [pool-6-thread-33] DEBUG c.h.p.o.dependants.PodInfoConfigMap - [helmroll] Desired PodInfo ConfigMap (extension state hash: -1817474005)
2025-01-28 20:47:56,493 INFO c.h.h.t.HelmChartContainer - [hivemq-test-hivemq-platform] [hivemq-platform-operator] [72f36c1a] 20:47:56.487 [pool-6-thread-37] DEBUG c.h.p.o.d.PodServiceAccountResource - [helmroll] Desired PodServiceAccountResource (serviceAccountName: hivemq-platform-pod-test-hivemq-platform)
2025-01-28 20:47:56,541 INFO c.h.h.t.HelmChartContainer - [hivemq-test-hivemq-platform] [hivemq-platform-operator] [72f36c1a] 20:47:56.540 [pool-6-thread-40] DEBUG c.h.p.o.d.StatefulSetResource - [helmroll] Desired StatefulSet (1 replicas) for status STARTING (READY)
2025-01-28 20:47:56,545 INFO c.h.h.t.HelmChartContainer - [hivemq-test-hivemq-platform] [hivemq-platform-operator] [72f36c1a] 20:47:56.544 [ReconcilerExecutor-hivemq-controller-87] INFO  c.h.p.o.HiveMQPlatformReconciler - [helmroll] Reconciling HiveMQ Platform 'test-hivemq-platform' in namespace 'helmrollingupgradeplatformit'
2025-01-28 20:47:56,546 INFO c.h.h.t.HelmChartContainer - [hivemq-test-hivemq-platform] [hivemq-platform-operator] [72f36c1a] 20:47:56.544 [ReconcilerExecutor-hivemq-controller-87] DEBUG c.h.p.o.HiveMQPlatformReconciler - [helmroll] Custom Resource Status STARTING - HiveMQ Platform is starting (READY)
2025-01-28 20:47:56,546 INFO c.h.h.t.HelmChartContainer - [hivemq-test-hivemq-platform] [hivemq-platform-operator] [72f36c1a] 20:47:56.544 [ReconcilerExecutor-hivemq-controller-87] DEBUG c.h.p.o.HiveMQPlatformReconciler - [helmroll] Custom Resource Spec (replicas: 1) (extensions: 1)
2025-01-28 20:47:56,548 INFO c.h.h.t.HelmChartContainer - [hivemq-test-hivemq-platform] [hivemq-platform-operator] [72f36c1a] 20:47:56.547 [ReconcilerExecutor-hivemq-controller-87] DEBUG c.h.p.o.HiveMQPlatformReconciler - [helmroll] StatefulSet Status (revision: test-hivemq-platform-54c4467984, replicas: 1, available: 0, ready: 0, current: 1, updated: 1)
2025-01-28 20:47:56,548 INFO c.h.h.t.HelmChartContainer - [hivemq-test-hivemq-platform] [hivemq-platform-operator] [72f36c1a] 20:47:56.547 [ReconcilerExecutor-hivemq-controller-87] DEBUG c.h.p.o.HiveMQPlatformReconciler - [helmroll] StatefulSet Spec (replicas: 1, init containers: 1, containers: 1, volumes: 3)
2025-01-28 20:47:56,592 INFO c.h.h.t.HelmChartContainer - [hivemq-test-hivemq-platform] [hivemq-platform-operator] [72f36c1a] 20:47:56.591 [ReconcilerExecutor-hivemq-controller-87] DEBUG c.h.p.o.h.HiveMQPlatformReconcilerErrorHandler - [helmroll] Pod 'test-hivemq-platform-0' phase Pending
2025-01-28 20:47:56,593 INFO c.h.h.t.HelmChartContainer - [hivemq-test-hivemq-platform] [hivemq-platform-operator] [72f36c1a] 20:47:56.591 [ReconcilerExecutor-hivemq-controller-87] DEBUG c.h.p.o.h.HiveMQPlatformReconcilerErrorHandler - [helmroll] Pod 'test-hivemq-platform-0' condition 'PodReadyToStartContainers': True
2025-01-28 20:47:56,593 INFO c.h.h.t.HelmChartContainer - [hivemq-test-hivemq-platform] [hivemq-platform-operator] [72f36c1a] 20:47:56.591 [ReconcilerExecutor-hivemq-controller-87] DEBUG c.h.p.o.h.HiveMQPlatformReconcilerErrorHandler - [helmroll] Pod 'test-hivemq-platform-0' condition 'Initialized': False
2025-01-28 20:47:56,593 INFO c.h.h.t.HelmChartContainer - [hivemq-test-hivemq-platform] [hivemq-platform-operator] [72f36c1a] 20:47:56.591 [ReconcilerExecutor-hivemq-controller-87] DEBUG c.h.p.o.h.HiveMQPlatformReconcilerErrorHandler - [helmroll] Pod 'test-hivemq-platform-0' condition 'Ready': False
2025-01-28 20:47:56,593 INFO c.h.h.t.HelmChartContainer - [hivemq-test-hivemq-platform] [hivemq-platform-operator] [72f36c1a] 20:47:56.591 [ReconcilerExecutor-hivemq-controller-87] DEBUG c.h.p.o.h.HiveMQPlatformReconcilerErrorHandler - [helmroll] Pod 'test-hivemq-platform-0' condition 'ContainersReady': False
2025-01-28 20:47:56,593 INFO c.h.h.t.HelmChartContainer - [hivemq-test-hivemq-platform] [hivemq-platform-operator] [72f36c1a] 20:47:56.591 [ReconcilerExecutor-hivemq-controller-87] DEBUG c.h.p.o.h.HiveMQPlatformReconcilerErrorHandler - [helmroll] Pod 'test-hivemq-platform-0' condition 'PodScheduled': True
2025-01-28 20:47:56,593 INFO c.h.h.t.HelmChartContainer - [hivemq-test-hivemq-platform] [hivemq-platform-operator] [72f36c1a] 20:47:56.591 [ReconcilerExecutor-hivemq-controller-87] DEBUG c.h.p.o.h.HiveMQPlatformReconcilerErrorHandler - [helmroll] Pod 'test-hivemq-platform-0' containerStatus 'hivemq' (started: false) (ready: false) (waiting: [PodInitializing] null)
2025-01-28 20:47:56,594 INFO c.h.h.t.HelmChartContainer - [hivemq-test-hivemq-platform] [hivemq-platform-operator] [72f36c1a] 20:47:56.593 [ReconcilerExecutor-hivemq-controller-87] INFO  c.h.p.o.h.HiveMQPlatformReconcilerBaseHandler - [helmroll] HiveMQ Platform is starting, 0 of 1 replicas are ready
2025-01-28 20:47:57,450 INFO c.h.h.t.HelmChartContainer - [EVENT] Normal [Pulling] Pulling image "docker.io/hivemq/hivemq4:4.35.0" [helmrollingupgradeplatformit:test-hivemq-platform-0]
2025-01-28 20:47:57,451 INFO c.h.h.t.HelmChartContainer - Received Pulling event for container hivemq in pod test-hivemq-platform-0 [d0fe6676-0304-46f5-a84f-7c296cfd36a3]
2025-01-28 20:47:57,459 INFO c.h.h.t.HelmChartContainer - [POD] test-hivemq-platform-0 [d0fe6676-0304-46f5-a84f-7c296cfd36a3] in helmrollingupgradeplatformit was MODIFIED
2025-01-28 20:47:57,472 INFO c.h.h.t.HelmChartContainer - [hivemq-test-hivemq-platform] [hivemq-platform-operator] [72f36c1a] 20:47:57.468 [pool-6-thread-42] DEBUG c.h.p.o.d.PlatformServiceResource - [helmroll] Desired Platform services (3 services)
2025-01-28 20:47:57,473 INFO c.h.h.t.HelmChartContainer - [hivemq-test-hivemq-platform] [hivemq-platform-operator] [72f36c1a] 20:47:57.469 [pool-6-thread-43] DEBUG c.h.p.o.dependants.PodInfoConfigMap - [helmroll] Desired PodInfo ConfigMap (1 extensions) (1 enabled)
2025-01-28 20:47:57,473 INFO c.h.h.t.HelmChartContainer - [hivemq-test-hivemq-platform] [hivemq-platform-operator] [72f36c1a] 20:47:57.471 [pool-6-thread-43] DEBUG c.h.p.o.dependants.PodInfoConfigMap - [helmroll] Desired PodInfo ConfigMap (metrics port: 9399) (metrics path: /)
2025-01-28 20:47:57,473 INFO c.h.h.t.HelmChartContainer - [hivemq-test-hivemq-platform] [hivemq-platform-operator] [72f36c1a] 20:47:57.471 [pool-6-thread-43] DEBUG c.h.p.o.dependants.PodInfoConfigMap - [helmroll] Desired PodInfo ConfigMap (extension state hash: -1817474005)
2025-01-28 20:47:57,474 INFO c.h.h.t.HelmChartContainer - [hivemq-test-hivemq-platform] [hivemq-platform-operator] [72f36c1a] 20:47:57.474 [pool-6-thread-47] DEBUG c.h.p.o.d.PodServiceAccountResource - [helmroll] Desired PodServiceAccountResource (serviceAccountName: hivemq-platform-pod-test-hivemq-platform)
2025-01-28 20:47:57,541 INFO c.h.h.t.HelmChartContainer - [hivemq-test-hivemq-platform] [hivemq-platform-operator] [72f36c1a] 20:47:57.539 [pool-6-thread-50] DEBUG c.h.p.o.d.StatefulSetResource - [helmroll] Desired StatefulSet (1 replicas) for status STARTING (READY)
2025-01-28 20:47:57,546 INFO c.h.h.t.HelmChartContainer - [hivemq-test-hivemq-platform] [hivemq-platform-operator] [72f36c1a] 20:47:57.544 [ReconcilerExecutor-hivemq-controller-98] INFO  c.h.p.o.HiveMQPlatformReconciler - [helmroll] Reconciling HiveMQ Platform 'test-hivemq-platform' in namespace 'helmrollingupgradeplatformit'
2025-01-28 20:47:57,548 INFO c.h.h.t.HelmChartContainer - [hivemq-test-hivemq-platform] [hivemq-platform-operator] [72f36c1a] 20:47:57.544 [ReconcilerExecutor-hivemq-controller-98] DEBUG c.h.p.o.HiveMQPlatformReconciler - [helmroll] Custom Resource Status STARTING - HiveMQ Platform is starting (READY)
2025-01-28 20:47:57,548 INFO c.h.h.t.HelmChartContainer - [hivemq-test-hivemq-platform] [hivemq-platform-operator] [72f36c1a] 20:47:57.544 [ReconcilerExecutor-hivemq-controller-98] DEBUG c.h.p.o.HiveMQPlatformReconciler - [helmroll] Custom Resource Spec (replicas: 1) (extensions: 1)
2025-01-28 20:47:57,548 INFO c.h.h.t.HelmChartContainer - [hivemq-test-hivemq-platform] [hivemq-platform-operator] [72f36c1a] 20:47:57.546 [ReconcilerExecutor-hivemq-controller-98] DEBUG c.h.p.o.HiveMQPlatformReconciler - [helmroll] StatefulSet Status (revision: test-hivemq-platform-54c4467984, replicas: 1, available: 0, ready: 0, current: 1, updated: 1)
2025-01-28 20:47:57,548 INFO c.h.h.t.HelmChartContainer - [hivemq-test-hivemq-platform] [hivemq-platform-operator] [72f36c1a] 20:47:57.546 [ReconcilerExecutor-hivemq-controller-98] DEBUG c.h.p.o.HiveMQPlatformReconciler - [helmroll] StatefulSet Spec (replicas: 1, init containers: 1, containers: 1, volumes: 3)
2025-01-28 20:47:57,551 INFO c.h.h.t.HelmChartContainer - [hivemq-test-hivemq-platform] [hivemq-platform-operator] [72f36c1a] 20:47:57.550 [ReconcilerExecutor-hivemq-controller-98] DEBUG c.h.p.o.h.HiveMQPlatformReconcilerErrorHandler - [helmroll] Pod 'test-hivemq-platform-0' phase Pending
2025-01-28 20:47:57,552 INFO c.h.h.t.HelmChartContainer - [hivemq-test-hivemq-platform] [hivemq-platform-operator] [72f36c1a] 20:47:57.551 [ReconcilerExecutor-hivemq-controller-98] DEBUG c.h.p.o.h.HiveMQPlatformReconcilerErrorHandler - [helmroll] Pod 'test-hivemq-platform-0' condition 'PodReadyToStartContainers': True
2025-01-28 20:47:57,552 INFO c.h.h.t.HelmChartContainer - [hivemq-test-hivemq-platform] [hivemq-platform-operator] [72f36c1a] 20:47:57.551 [ReconcilerExecutor-hivemq-controller-98] DEBUG c.h.p.o.h.HiveMQPlatformReconcilerErrorHandler - [helmroll] Pod 'test-hivemq-platform-0' condition 'Initialized': True
2025-01-28 20:47:57,553 INFO c.h.h.t.HelmChartContainer - [hivemq-test-hivemq-platform] [hivemq-platform-operator] [72f36c1a] 20:47:57.551 [ReconcilerExecutor-hivemq-controller-98] DEBUG c.h.p.o.h.HiveMQPlatformReconcilerErrorHandler - [helmroll] Pod 'test-hivemq-platform-0' condition 'Ready': False
2025-01-28 20:47:57,553 INFO c.h.h.t.HelmChartContainer - [hivemq-test-hivemq-platform] [hivemq-platform-operator] [72f36c1a] 20:47:57.551 [ReconcilerExecutor-hivemq-controller-98] DEBUG c.h.p.o.h.HiveMQPlatformReconcilerErrorHandler - [helmroll] Pod 'test-hivemq-platform-0' condition 'ContainersReady': False
2025-01-28 20:47:57,554 INFO c.h.h.t.HelmChartContainer - [hivemq-test-hivemq-platform] [hivemq-platform-operator] [72f36c1a] 20:47:57.551 [ReconcilerExecutor-hivemq-controller-98] DEBUG c.h.p.o.h.HiveMQPlatformReconcilerErrorHandler - [helmroll] Pod 'test-hivemq-platform-0' condition 'PodScheduled': True
2025-01-28 20:47:57,554 INFO c.h.h.t.HelmChartContainer - [hivemq-test-hivemq-platform] [hivemq-platform-operator] [72f36c1a] 20:47:57.552 [ReconcilerExecutor-hivemq-controller-98] DEBUG c.h.p.o.h.HiveMQPlatformReconcilerErrorHandler - [helmroll] Pod 'test-hivemq-platform-0' containerStatus 'hivemq' (started: false) (ready: false) (waiting: [PodInitializing] null)
2025-01-28 20:47:57,554 INFO c.h.h.t.HelmChartContainer - [hivemq-test-hivemq-platform] [hivemq-platform-operator] [72f36c1a] 20:47:57.553 [ReconcilerExecutor-hivemq-controller-98] INFO  c.h.p.o.h.HiveMQPlatformReconcilerBaseHandler - [helmroll] HiveMQ Platform is starting, 0 of 1 replicas are ready
2025-01-28 20:48:07,564 INFO c.h.h.t.HelmChartContainer - [hivemq-test-hivemq-platform] [hivemq-platform-operator] [72f36c1a] 20:48:07.559 [pool-6-thread-6] DEBUG c.h.p.o.d.PlatformServiceResource - [helmroll] Desired Platform services (3 services)
2025-01-28 20:48:07,564 INFO c.h.h.t.HelmChartContainer - [hivemq-test-hivemq-platform] [hivemq-platform-operator] [72f36c1a] 20:48:07.560 [pool-6-thread-2] DEBUG c.h.p.o.d.PodServiceAccountResource - [helmroll] Desired PodServiceAccountResource (serviceAccountName: hivemq-platform-pod-test-hivemq-platform)
2025-01-28 20:48:07,564 INFO c.h.h.t.HelmChartContainer - [hivemq-test-hivemq-platform] [hivemq-platform-operator] [72f36c1a] 20:48:07.560 [pool-6-thread-5] DEBUG c.h.p.o.dependants.PodInfoConfigMap - [helmroll] Desired PodInfo ConfigMap (1 extensions) (1 enabled)
2025-01-28 20:48:07,564 INFO c.h.h.t.HelmChartContainer - [hivemq-test-hivemq-platform] [hivemq-platform-operator] [72f36c1a] 20:48:07.560 [pool-6-thread-5] DEBUG c.h.p.o.dependants.PodInfoConfigMap - [helmroll] Desired PodInfo ConfigMap (metrics port: 9399) (metrics path: /)
2025-01-28 20:48:07,564 INFO c.h.h.t.HelmChartContainer - [hivemq-test-hivemq-platform] [hivemq-platform-operator] [72f36c1a] 20:48:07.561 [pool-6-thread-5] DEBUG c.h.p.o.dependants.PodInfoConfigMap - [helmroll] Desired PodInfo ConfigMap (extension state hash: -1817474005)
2025-01-28 20:48:07,572 INFO c.h.h.t.HelmChartContainer - [hivemq-test-hivemq-platform] [hivemq-platform-operator] [72f36c1a] 20:48:07.571 [pool-6-thread-6] DEBUG c.h.p.o.d.StatefulSetResource - [helmroll] Desired StatefulSet (1 replicas) for status STARTING (READY)
2025-01-28 20:48:07,642 INFO c.h.h.t.HelmChartContainer - [hivemq-test-hivemq-platform] [hivemq-platform-operator] [72f36c1a] 20:48:07.638 [ReconcilerExecutor-hivemq-controller-109] INFO  c.h.p.o.HiveMQPlatformReconciler - [helmroll] Reconciling HiveMQ Platform 'test-hivemq-platform' in namespace 'helmrollingupgradeplatformit'
2025-01-28 20:48:07,643 INFO c.h.h.t.HelmChartContainer - [hivemq-test-hivemq-platform] [hivemq-platform-operator] [72f36c1a] 20:48:07.639 [ReconcilerExecutor-hivemq-controller-109] DEBUG c.h.p.o.HiveMQPlatformReconciler - [helmroll] Custom Resource Status STARTING - HiveMQ Platform is starting (READY)
2025-01-28 20:48:07,643 INFO c.h.h.t.HelmChartContainer - [hivemq-test-hivemq-platform] [hivemq-platform-operator] [72f36c1a] 20:48:07.639 [ReconcilerExecutor-hivemq-controller-109] DEBUG c.h.p.o.HiveMQPlatformReconciler - [helmroll] Custom Resource Spec (replicas: 1) (extensions: 1)
2025-01-28 20:48:07,645 INFO c.h.h.t.HelmChartContainer - [hivemq-test-hivemq-platform] [hivemq-platform-operator] [72f36c1a] 20:48:07.642 [ReconcilerExecutor-hivemq-controller-109] DEBUG c.h.p.o.HiveMQPlatformReconciler - [helmroll] StatefulSet Status (revision: test-hivemq-platform-54c4467984, replicas: 1, available: 0, ready: 0, current: 1, updated: 1)
2025-01-28 20:48:07,645 INFO c.h.h.t.HelmChartContainer - [hivemq-test-hivemq-platform] [hivemq-platform-operator] [72f36c1a] 20:48:07.642 [ReconcilerExecutor-hivemq-controller-109] DEBUG c.h.p.o.HiveMQPlatformReconciler - [helmroll] StatefulSet Spec (replicas: 1, init containers: 1, containers: 1, volumes: 3)
2025-01-28 20:48:07,647 INFO c.h.h.t.HelmChartContainer - [hivemq-test-hivemq-platform] [hivemq-platform-operator] [72f36c1a] 20:48:07.645 [ReconcilerExecutor-hivemq-controller-109] DEBUG c.h.p.o.h.HiveMQPlatformReconcilerErrorHandler - [helmroll] Pod 'test-hivemq-platform-0' phase Pending
2025-01-28 20:48:07,647 INFO c.h.h.t.HelmChartContainer - [hivemq-test-hivemq-platform] [hivemq-platform-operator] [72f36c1a] 20:48:07.645 [ReconcilerExecutor-hivemq-controller-109] DEBUG c.h.p.o.h.HiveMQPlatformReconcilerErrorHandler - [helmroll] Pod 'test-hivemq-platform-0' condition 'PodReadyToStartContainers': True
2025-01-28 20:48:07,647 INFO c.h.h.t.HelmChartContainer - [hivemq-test-hivemq-platform] [hivemq-platform-operator] [72f36c1a] 20:48:07.645 [ReconcilerExecutor-hivemq-controller-109] DEBUG c.h.p.o.h.HiveMQPlatformReconcilerErrorHandler - [helmroll] Pod 'test-hivemq-platform-0' condition 'Initialized': True
2025-01-28 20:48:07,647 INFO c.h.h.t.HelmChartContainer - [hivemq-test-hivemq-platform] [hivemq-platform-operator] [72f36c1a] 20:48:07.645 [ReconcilerExecutor-hivemq-controller-109] DEBUG c.h.p.o.h.HiveMQPlatformReconcilerErrorHandler - [helmroll] Pod 'test-hivemq-platform-0' condition 'Ready': False
2025-01-28 20:48:07,647 INFO c.h.h.t.HelmChartContainer - [hivemq-test-hivemq-platform] [hivemq-platform-operator] [72f36c1a] 20:48:07.646 [ReconcilerExecutor-hivemq-controller-109] DEBUG c.h.p.o.h.HiveMQPlatformReconcilerErrorHandler - [helmroll] Pod 'test-hivemq-platform-0' condition 'ContainersReady': False
2025-01-28 20:48:07,647 INFO c.h.h.t.HelmChartContainer - [hivemq-test-hivemq-platform] [hivemq-platform-operator] [72f36c1a] 20:48:07.646 [ReconcilerExecutor-hivemq-controller-109] DEBUG c.h.p.o.h.HiveMQPlatformReconcilerErrorHandler - [helmroll] Pod 'test-hivemq-platform-0' condition 'PodScheduled': True
2025-01-28 20:48:07,647 INFO c.h.h.t.HelmChartContainer - [hivemq-test-hivemq-platform] [hivemq-platform-operator] [72f36c1a] 20:48:07.646 [ReconcilerExecutor-hivemq-controller-109] DEBUG c.h.p.o.h.HiveMQPlatformReconcilerErrorHandler - [helmroll] Pod 'test-hivemq-platform-0' containerStatus 'hivemq' (started: false) (ready: false) (waiting: [PodInitializing] null)
2025-01-28 20:48:07,649 INFO c.h.h.t.HelmChartContainer - [hivemq-test-hivemq-platform] [hivemq-platform-operator] [72f36c1a] 20:48:07.647 [ReconcilerExecutor-hivemq-controller-109] INFO  c.h.p.o.h.HiveMQPlatformReconcilerBaseHandler - [helmroll] HiveMQ Platform is starting, 0 of 1 replicas are ready
2025-01-28 20:48:09,244 INFO c.h.h.t.HelmChartContainer - [EVENT] Normal [Pulled] Successfully pulled image "docker.io/hivemq/hivemq4:4.35.0" in 11.792s (11.792s including waiting). Image size: 691164573 bytes. [helmrollingupgradeplatformit:test-hivemq-platform-0]
2025-01-28 20:48:09,244 INFO c.h.h.t.HelmChartContainer - Received Pulled event for container hivemq in pod test-hivemq-platform-0 [d0fe6676-0304-46f5-a84f-7c296cfd36a3]
2025-01-28 20:48:09,250 INFO c.h.h.t.HelmChartContainer - [EVENT] Normal [Created] Created container: hivemq [helmrollingupgradeplatformit:test-hivemq-platform-0]
2025-01-28 20:48:09,251 INFO c.h.h.t.HelmChartContainer - Received Created event for container hivemq in pod test-hivemq-platform-0 [d0fe6676-0304-46f5-a84f-7c296cfd36a3]
2025-01-28 20:48:09,481 INFO c.h.h.t.HelmChartContainer - [POD] test-hivemq-platform-0 [d0fe6676-0304-46f5-a84f-7c296cfd36a3] in helmrollingupgradeplatformit was MODIFIED
2025-01-28 20:48:09,494 INFO c.h.h.t.HelmChartContainer - [hivemq-test-hivemq-platform] [hivemq-platform-operator] [72f36c1a] 20:48:09.490 [pool-6-thread-11] DEBUG c.h.p.o.d.PlatformServiceResource - [helmroll] Desired Platform services (3 services)
2025-01-28 20:48:09,499 INFO c.h.h.t.HelmChartContainer - Started log watcher for hivemq in pod test-hivemq-platform-0 [d0fe6676-0304-46f5-a84f-7c296cfd36a3]
2025-01-28 20:48:09,499 INFO c.h.h.t.HelmChartContainer - [EVENT] Normal [Started] Started container hivemq [helmrollingupgradeplatformit:test-hivemq-platform-0]
2025-01-28 20:48:09,499 INFO c.h.h.t.HelmChartContainer - Received Started event for container hivemq in pod test-hivemq-platform-0 [d0fe6676-0304-46f5-a84f-7c296cfd36a3]
2025-01-28 20:48:09,500 INFO c.h.h.t.HelmChartContainer - [test-hivemq-platform] [hivemq] [d0fe6676] Adding pre-installed HiveMQ Platform Operator extensions
2025-01-28 20:48:09,500 INFO c.h.h.t.HelmChartContainer - [test-hivemq-platform] [hivemq] [d0fe6676] Running as user 10000
2025-01-28 20:48:09,500 INFO c.h.h.t.HelmChartContainer - [hivemq-test-hivemq-platform] [hivemq-platform-operator] [72f36c1a] 20:48:09.495 [pool-6-thread-16] DEBUG c.h.p.o.dependants.PodInfoConfigMap - [helmroll] Desired PodInfo ConfigMap (1 extensions) (1 enabled)
2025-01-28 20:48:09,500 INFO c.h.h.t.HelmChartContainer - [hivemq-test-hivemq-platform] [hivemq-platform-operator] [72f36c1a] 20:48:09.495 [pool-6-thread-17] DEBUG c.h.p.o.d.PodServiceAccountResource - [helmroll] Desired PodServiceAccountResource (serviceAccountName: hivemq-platform-pod-test-hivemq-platform)
2025-01-28 20:48:09,500 INFO c.h.h.t.HelmChartContainer - [hivemq-test-hivemq-platform] [hivemq-platform-operator] [72f36c1a] 20:48:09.495 [pool-6-thread-16] DEBUG c.h.p.o.dependants.PodInfoConfigMap - [helmroll] Desired PodInfo ConfigMap (metrics port: 9399) (metrics path: /)
2025-01-28 20:48:09,500 INFO c.h.h.t.HelmChartContainer - [hivemq-test-hivemq-platform] [hivemq-platform-operator] [72f36c1a] 20:48:09.498 [pool-6-thread-16] DEBUG c.h.p.o.dependants.PodInfoConfigMap - [helmroll] Desired PodInfo ConfigMap (extension state hash: -1817474005)
2025-01-28 20:48:09,501 INFO c.h.h.t.HelmChartContainer - [test-hivemq-platform] [hivemq] [d0fe6676] Starting HiveMQ Platform Operator Init
2025-01-28 20:48:09,541 INFO c.h.h.t.HelmChartContainer - [hivemq-test-hivemq-platform] [hivemq-platform-operator] [72f36c1a] 20:48:09.537 [pool-6-thread-11] DEBUG c.h.p.o.d.StatefulSetResource - [helmroll] Desired StatefulSet (1 replicas) for status STARTING (READY)
2025-01-28 20:48:09,593 INFO c.h.h.t.HelmChartContainer - [hivemq-test-hivemq-platform] [hivemq-platform-operator] [72f36c1a] 20:48:09.591 [ReconcilerExecutor-hivemq-controller-110] INFO  c.h.p.o.HiveMQPlatformReconciler - [helmroll] Reconciling HiveMQ Platform 'test-hivemq-platform' in namespace 'helmrollingupgradeplatformit'
2025-01-28 20:48:09,593 INFO c.h.h.t.HelmChartContainer - [hivemq-test-hivemq-platform] [hivemq-platform-operator] [72f36c1a] 20:48:09.591 [ReconcilerExecutor-hivemq-controller-110] DEBUG c.h.p.o.HiveMQPlatformReconciler - [helmroll] Custom Resource Status STARTING - HiveMQ Platform is starting (READY)
2025-01-28 20:48:09,593 INFO c.h.h.t.HelmChartContainer - [hivemq-test-hivemq-platform] [hivemq-platform-operator] [72f36c1a] 20:48:09.591 [ReconcilerExecutor-hivemq-controller-110] DEBUG c.h.p.o.HiveMQPlatformReconciler - [helmroll] Custom Resource Spec (replicas: 1) (extensions: 1)
2025-01-28 20:48:09,597 INFO c.h.h.t.HelmChartContainer - [hivemq-test-hivemq-platform] [hivemq-platform-operator] [72f36c1a] 20:48:09.595 [ReconcilerExecutor-hivemq-controller-110] DEBUG c.h.p.o.HiveMQPlatformReconciler - [helmroll] StatefulSet Status (revision: test-hivemq-platform-54c4467984, replicas: 1, available: 0, ready: 0, current: 1, updated: 1)
2025-01-28 20:48:09,597 INFO c.h.h.t.HelmChartContainer - [hivemq-test-hivemq-platform] [hivemq-platform-operator] [72f36c1a] 20:48:09.595 [ReconcilerExecutor-hivemq-controller-110] DEBUG c.h.p.o.HiveMQPlatformReconciler - [helmroll] StatefulSet Spec (replicas: 1, init containers: 1, containers: 1, volumes: 3)
2025-01-28 20:48:09,599 INFO c.h.h.t.HelmChartContainer - [hivemq-test-hivemq-platform] [hivemq-platform-operator] [72f36c1a] 20:48:09.597 [ReconcilerExecutor-hivemq-controller-110] DEBUG c.h.p.o.h.HiveMQPlatformReconcilerErrorHandler - [helmroll] Pod 'test-hivemq-platform-0' phase Running
2025-01-28 20:48:09,600 INFO c.h.h.t.HelmChartContainer - [hivemq-test-hivemq-platform] [hivemq-platform-operator] [72f36c1a] 20:48:09.598 [ReconcilerExecutor-hivemq-controller-110] INFO  c.h.p.o.h.HiveMQPlatformReconcilerBaseHandler - [helmroll] HiveMQ Platform is starting, 0 of 1 replicas are ready
2025-01-28 20:48:10,744 INFO c.h.h.t.HelmChartContainer - [test-hivemq-platform] [hivemq] [d0fe6676] INFO  - [HiveMQ Platform Operator Init 1.7.0-SNAPSHOT] HiveMQ Platform Operator Init 1.7.0-SNAPSHOT (commit: bebf408 on branch: HEAD) built on Sun Jan 26 20:47:47 UTC 2025
2025-01-28 20:48:11,979 INFO c.h.h.t.HelmChartContainer - [test-hivemq-platform] [hivemq] [d0fe6676] INFO  - [HiveMQ Platform Operator Init App 1.7.0-SNAPSHOT] Using bind address 10.42.0.13 from environment variable
2025-01-28 20:48:13,065 INFO c.h.h.t.HelmChartContainer - [test-hivemq-platform] [hivemq] [d0fe6676] INFO  - [HiveMQ Platform Operator Init App 1.7.0-SNAPSHOT] HiveMQ Platform Operator Init App 1.7.0-SNAPSHOT (commit: bebf408 on branch: HEAD) built on Sun Jan 26 20:47:47 UTC 2025
2025-01-28 20:48:13,065 INFO c.h.h.t.HelmChartContainer - [test-hivemq-platform] [hivemq] [d0fe6676] INFO  - [HiveMQ Platform Operator Init App 1.7.0-SNAPSHOT] PodInfo ConfigMap directory: /etc/podinfo
2025-01-28 20:48:13,065 INFO c.h.h.t.HelmChartContainer - [test-hivemq-platform] [hivemq] [d0fe6676] INFO  - [HiveMQ Platform Operator Init App 1.7.0-SNAPSHOT] HiveMQ home directory: /opt/hivemq
2025-01-28 20:48:13,065 INFO c.h.h.t.HelmChartContainer - [test-hivemq-platform] [hivemq] [d0fe6676] INFO  - [HiveMQ Platform Operator Init App 1.7.0-SNAPSHOT] HiveMQ Logback folder: /opt/hivemq/conf
2025-01-28 20:48:13,065 INFO c.h.h.t.HelmChartContainer - [test-hivemq-platform] [hivemq] [d0fe6676] INFO  - [HiveMQ Platform Operator Init App 1.7.0-SNAPSHOT] HiveMQ Config folder: /opt/hivemq/conf-k8s
2025-01-28 20:48:13,067 INFO c.h.h.t.HelmChartContainer - [test-hivemq-platform] [hivemq] [d0fe6676] INFO  - [HiveMQ Platform Operator Init App 1.7.0-SNAPSHOT] Starting HiveMQ Platform Operator Init App
2025-01-28 20:48:13,067 INFO c.h.h.t.HelmChartContainer - [test-hivemq-platform] [hivemq] [d0fe6676] INFO  - [HiveMQ Platform Operator Init App 1.7.0-SNAPSHOT] Starting Pod reconciler
2025-01-28 20:48:14,775 INFO c.h.h.t.HelmChartContainer - [test-hivemq-platform] [hivemq] [d0fe6676] INFO  - [HiveMQ Platform Operator Init App 1.7.0-SNAPSHOT] Pod reconciler is scheduled (interval: 5000 ms)
2025-01-28 20:48:14,841 INFO c.h.h.t.HelmChartContainer - [test-hivemq-platform] [hivemq] [d0fe6676] INFO  - [HiveMQ Platform Operator Init App 1.7.0-SNAPSHOT] Starting the REST API on 10.42.0.13:7979
2025-01-28 20:48:14,843 INFO c.h.h.t.HelmChartContainer - [test-hivemq-platform] [hivemq] [d0fe6676] INFO  - [HiveMQ Platform Operator Init App 1.7.0-SNAPSHOT] Waiting up to 600s for at most 1 HiveMQ nodes in cluster service hivemq-test-hivemq-platform-cluster.helmrollingupgradeplatformit.svc
2025-01-28 20:48:15,251 INFO c.h.h.t.HelmChartContainer - [test-hivemq-platform] [hivemq] [d0fe6676] INFO  - [HiveMQ Platform Operator Init App 1.7.0-SNAPSHOT] Resolved 1 IP addresses: [10.42.0.13]
2025-01-28 20:48:15,252 INFO c.h.h.t.HelmChartContainer - [test-hivemq-platform] [hivemq] [d0fe6676] INFO  - [HiveMQ Platform Operator Init App 1.7.0-SNAPSHOT] HiveMQ node count of 1 is within threshold of 1
2025-01-28 20:48:15,252 INFO c.h.h.t.HelmChartContainer - [test-hivemq-platform] [hivemq] [d0fe6676] INFO  - [HiveMQ Platform Operator Init App 1.7.0-SNAPSHOT] Proceeding with container start
2025-01-28 20:48:15,352 INFO c.h.h.t.HelmChartContainer - [test-hivemq-platform] [hivemq] [d0fe6676] INFO  - [HiveMQ Platform Operator Init App 1.7.0-SNAPSHOT] Initializing HiveMQ Platform extensions with initial configuration: {hivemq-allow-all-extension={start-priority=-1, skip-https-hostname-verification=false, restart=true, config-version=0, header-version=0, c-uri=, priority=-1, uri=preinstalled, skip-https-certificate-validation=false, enabled=true}, hivemq-prometheus-extension={priority=-1, start-priority=-1, c-uri=, skip-https-hostname-verification=false, skip-https-certificate-validation=false, uri=preinstalled, request-header-path=no-request-headers, enabled=true, restart=true}}
2025-01-28 20:48:15,553 INFO c.h.h.t.HelmChartContainer - [test-hivemq-platform] [hivemq] [d0fe6676] INFO  - [HiveMQ Platform Operator Init App 1.7.0-SNAPSHOT] Returning default Health API response 503 for readiness
2025-01-28 20:48:15,949 INFO c.h.h.t.HelmChartContainer - [EVENT] Warning [Unhealthy] Readiness probe failed: HTTP probe failed with statuscode: 503 [helmrollingupgradeplatformit:test-hivemq-platform-0]
2025-01-28 20:48:15,950 INFO c.h.h.t.HelmChartContainer - Received Unhealthy event for container hivemq in pod test-hivemq-platform-0 [d0fe6676-0304-46f5-a84f-7c296cfd36a3]
2025-01-28 20:48:16,158 INFO c.h.h.t.HelmChartContainer - [test-hivemq-platform] [hivemq] [d0fe6676] INFO  - [HiveMQ Platform Operator Init App 1.7.0-SNAPSHOT] Extension hivemq-allow-all-extension was already enabled
2025-01-28 20:48:16,251 INFO c.h.h.t.HelmChartContainer - [test-hivemq-platform] [hivemq] [d0fe6676] INFO  - [HiveMQ Platform Operator Init App 1.7.0-SNAPSHOT] Successfully enabled extension hivemq-prometheus-extension
2025-01-28 20:48:16,253 INFO c.h.h.t.HelmChartContainer - [test-hivemq-platform] [hivemq] [d0fe6676] INFO  - [HiveMQ Platform Operator Init App 1.7.0-SNAPSHOT] Starting HiveMQ Platform version 4.35.0 (4.35.0)
2025-01-28 20:48:16,254 INFO c.h.h.t.HelmChartContainer - [test-hivemq-platform] [hivemq] [d0fe6676] INFO  - [HiveMQ Platform Operator Init App 1.7.0-SNAPSHOT] Configuring the HiveMQ Platform
2025-01-28 20:48:16,349 INFO c.h.h.t.HelmChartContainer - [test-hivemq-platform] [hivemq] [d0fe6676] INFO  - [HiveMQ Platform Operator Init App 1.7.0-SNAPSHOT] Changed logback.xml file scan period to 20 seconds
2025-01-28 20:48:16,447 INFO c.h.h.t.HelmChartContainer - [test-hivemq-platform] [hivemq] [d0fe6676] INFO  - [HiveMQ Platform Operator Init App 1.7.0-SNAPSHOT] Starting the HiveMQ Platform
2025-01-28 20:48:16,450 INFO c.h.h.t.HelmChartContainer - [test-hivemq-platform] [hivemq] [d0fe6676] -------------------------------------------------------------------------
2025-01-28 20:48:16,450 INFO c.h.h.t.HelmChartContainer - [test-hivemq-platform] [hivemq] [d0fe6676] 
2025-01-28 20:48:16,450 INFO c.h.h.t.HelmChartContainer - [test-hivemq-platform] [hivemq] [d0fe6676]                   _    _  _              __  __   ____
2025-01-28 20:48:16,450 INFO c.h.h.t.HelmChartContainer - [test-hivemq-platform] [hivemq] [d0fe6676]                  | |  | |(_)            |  \/  | / __ \
2025-01-28 20:48:16,450 INFO c.h.h.t.HelmChartContainer - [test-hivemq-platform] [hivemq] [d0fe6676]                  | |__| | _ __   __ ___ | \  / || |  | |
2025-01-28 20:48:16,450 INFO c.h.h.t.HelmChartContainer - [test-hivemq-platform] [hivemq] [d0fe6676]                  |  __  || |\ \ / // _ \| |\/| || |  | |
2025-01-28 20:48:16,450 INFO c.h.h.t.HelmChartContainer - [test-hivemq-platform] [hivemq] [d0fe6676]                  | |  | || | \ V /|  __/| |  | || |__| |
2025-01-28 20:48:16,450 INFO c.h.h.t.HelmChartContainer - [test-hivemq-platform] [hivemq] [d0fe6676]                  |_|  |_||_|  \_/  \___||_|  |_| \___\_\
2025-01-28 20:48:16,450 INFO c.h.h.t.HelmChartContainer - [test-hivemq-platform] [hivemq] [d0fe6676] 
2025-01-28 20:48:16,452 INFO c.h.h.t.HelmChartContainer - [test-hivemq-platform] [hivemq] [d0fe6676] -------------------------------------------------------------------------
2025-01-28 20:48:16,452 INFO c.h.h.t.HelmChartContainer - [test-hivemq-platform] [hivemq] [d0fe6676] 
2025-01-28 20:48:16,452 INFO c.h.h.t.HelmChartContainer - [test-hivemq-platform] [hivemq] [d0fe6676]   HiveMQ Start Script for Linux/Unix v1.14
2025-01-28 20:48:16,452 INFO c.h.h.t.HelmChartContainer - [test-hivemq-platform] [hivemq] [d0fe6676] 
2025-01-28 20:48:16,563 INFO c.h.h.t.HelmChartContainer - [test-hivemq-platform] [hivemq] [d0fe6676] -------------------------------------------------------------------------
2025-01-28 20:48:16,563 INFO c.h.h.t.HelmChartContainer - [test-hivemq-platform] [hivemq] [d0fe6676] 
2025-01-28 20:48:16,563 INFO c.h.h.t.HelmChartContainer - [test-hivemq-platform] [hivemq] [d0fe6676]   HIVEMQ_HOME: /opt/hivemq
2025-01-28 20:48:16,563 INFO c.h.h.t.HelmChartContainer - [test-hivemq-platform] [hivemq] [d0fe6676] 
2025-01-28 20:48:16,563 INFO c.h.h.t.HelmChartContainer - [test-hivemq-platform] [hivemq] [d0fe6676]   JAVA_OPTS: -XX:+UnlockExperimentalVMOptions -XX:InitialRAMPercentage=50 -XX:MaxRAMPercentage=50 -Djava.net.preferIPv4Stack=true --add-opens java.base/java.lang=ALL-UNNAMED --add-opens java.base/java.nio=ALL-UNNAMED --add-opens java.base/sun.nio.ch=ALL-UNNAMED --add-opens jdk.management/com.sun.management.internal=ALL-UNNAMED --add-exports java.base/jdk.internal.misc=ALL-UNNAMED -Djava.security.egd=file:/dev/./urandom -Dcom.sun.management.jmxremote -Dcom.sun.management.jmxremote.port=9010 -Dcom.sun.management.jmxremote.local.only=false -Dcom.sun.management.jmxremote.authenticate=false -Dcom.sun.management.jmxremote.ssl=false -Duser.language=en -Duser.region=US -XX:+CrashOnOutOfMemoryError -XX:+HeapDumpOnOutOfMemoryError
2025-01-28 20:48:16,563 INFO c.h.h.t.HelmChartContainer - [test-hivemq-platform] [hivemq] [d0fe6676] 
2025-01-28 20:48:16,563 INFO c.h.h.t.HelmChartContainer - [test-hivemq-platform] [hivemq] [d0fe6676]   JAVA_VERSION: 21
2025-01-28 20:48:16,563 INFO c.h.h.t.HelmChartContainer - [test-hivemq-platform] [hivemq] [d0fe6676] 
2025-01-28 20:48:16,563 INFO c.h.h.t.HelmChartContainer - [test-hivemq-platform] [hivemq] [d0fe6676] -------------------------------------------------------------------------
2025-01-28 20:48:16,563 INFO c.h.h.t.HelmChartContainer - [test-hivemq-platform] [hivemq] [d0fe6676] 
2025-01-28 20:48:19,361 INFO c.h.h.t.HelmChartContainer - [test-hivemq-platform] [hivemq] [d0fe6676] INFO  - Starting HiveMQ Enterprise Server
2025-01-28 20:48:19,445 INFO c.h.h.t.HelmChartContainer - [test-hivemq-platform] [hivemq] [d0fe6676] INFO  - HiveMQ version: 4.35.0
2025-01-28 20:48:19,446 INFO c.h.h.t.HelmChartContainer - [test-hivemq-platform] [hivemq] [d0fe6676] INFO  - HiveMQ home directory: /opt/hivemq
2025-01-28 20:48:19,446 INFO c.h.h.t.HelmChartContainer - [test-hivemq-platform] [hivemq] [d0fe6676] INFO  - Log Configuration was overridden by /opt/hivemq/conf/logback.xml
2025-01-28 20:48:19,607 INFO c.h.h.t.HelmChartContainer - [hivemq-test-hivemq-platform] [hivemq-platform-operator] [72f36c1a] 20:48:19.604 [pool-6-thread-23] DEBUG c.h.p.o.d.PlatformServiceResource - [helmroll] Desired Platform services (3 services)
2025-01-28 20:48:19,611 INFO c.h.h.t.HelmChartContainer - [hivemq-test-hivemq-platform] [hivemq-platform-operator] [72f36c1a] 20:48:19.606 [pool-6-thread-28] DEBUG c.h.p.o.dependants.PodInfoConfigMap - [helmroll] Desired PodInfo ConfigMap (1 extensions) (1 enabled)
2025-01-28 20:48:19,611 INFO c.h.h.t.HelmChartContainer - [hivemq-test-hivemq-platform] [hivemq-platform-operator] [72f36c1a] 20:48:19.606 [pool-6-thread-28] DEBUG c.h.p.o.dependants.PodInfoConfigMap - [helmroll] Desired PodInfo ConfigMap (metrics port: 9399) (metrics path: /)
2025-01-28 20:48:19,611 INFO c.h.h.t.HelmChartContainer - [hivemq-test-hivemq-platform] [hivemq-platform-operator] [72f36c1a] 20:48:19.608 [pool-6-thread-28] DEBUG c.h.p.o.dependants.PodInfoConfigMap - [helmroll] Desired PodInfo ConfigMap (extension state hash: -1817474005)
2025-01-28 20:48:19,611 INFO c.h.h.t.HelmChartContainer - [hivemq-test-hivemq-platform] [hivemq-platform-operator] [72f36c1a] 20:48:19.605 [pool-6-thread-24] DEBUG c.h.p.o.d.PodServiceAccountResource - [helmroll] Desired PodServiceAccountResource (serviceAccountName: hivemq-platform-pod-test-hivemq-platform)
2025-01-28 20:48:19,617 INFO c.h.h.t.HelmChartContainer - [hivemq-test-hivemq-platform] [hivemq-platform-operator] [72f36c1a] 20:48:19.616 [pool-6-thread-23] DEBUG c.h.p.o.d.StatefulSetResource - [helmroll] Desired StatefulSet (1 replicas) for status STARTING (READY)
2025-01-28 20:48:19,693 INFO c.h.h.t.HelmChartContainer - [hivemq-test-hivemq-platform] [hivemq-platform-operator] [72f36c1a] 20:48:19.692 [ReconcilerExecutor-hivemq-controller-111] INFO  c.h.p.o.HiveMQPlatformReconciler - [helmroll] Reconciling HiveMQ Platform 'test-hivemq-platform' in namespace 'helmrollingupgradeplatformit'
2025-01-28 20:48:19,696 INFO c.h.h.t.HelmChartContainer - [hivemq-test-hivemq-platform] [hivemq-platform-operator] [72f36c1a] 20:48:19.692 [ReconcilerExecutor-hivemq-controller-111] DEBUG c.h.p.o.HiveMQPlatformReconciler - [helmroll] Custom Resource Status STARTING - HiveMQ Platform is starting (READY)
2025-01-28 20:48:19,697 INFO c.h.h.t.HelmChartContainer - [hivemq-test-hivemq-platform] [hivemq-platform-operator] [72f36c1a] 20:48:19.692 [ReconcilerExecutor-hivemq-controller-111] DEBUG c.h.p.o.HiveMQPlatformReconciler - [helmroll] Custom Resource Spec (replicas: 1) (extensions: 1)
2025-01-28 20:48:19,698 INFO c.h.h.t.HelmChartContainer - [hivemq-test-hivemq-platform] [hivemq-platform-operator] [72f36c1a] 20:48:19.695 [ReconcilerExecutor-hivemq-controller-111] DEBUG c.h.p.o.HiveMQPlatformReconciler - [helmroll] StatefulSet Status (revision: test-hivemq-platform-54c4467984, replicas: 1, available: 0, ready: 0, current: 1, updated: 1)
2025-01-28 20:48:19,698 INFO c.h.h.t.HelmChartContainer - [hivemq-test-hivemq-platform] [hivemq-platform-operator] [72f36c1a] 20:48:19.695 [ReconcilerExecutor-hivemq-controller-111] DEBUG c.h.p.o.HiveMQPlatformReconciler - [helmroll] StatefulSet Spec (replicas: 1, init containers: 1, containers: 1, volumes: 3)
2025-01-28 20:48:19,699 INFO c.h.h.t.HelmChartContainer - [hivemq-test-hivemq-platform] [hivemq-platform-operator] [72f36c1a] 20:48:19.697 [ReconcilerExecutor-hivemq-controller-111] DEBUG c.h.p.o.h.HiveMQPlatformReconcilerErrorHandler - [helmroll] Pod 'test-hivemq-platform-0' phase Running
2025-01-28 20:48:19,699 INFO c.h.h.t.HelmChartContainer - [hivemq-test-hivemq-platform] [hivemq-platform-operator] [72f36c1a] 20:48:19.698 [ReconcilerExecutor-hivemq-controller-111] INFO  c.h.p.o.h.HiveMQPlatformReconcilerBaseHandler - [helmroll] HiveMQ Platform is starting, 0 of 1 replicas are ready
2025-01-28 20:48:20,554 INFO c.h.h.t.HelmChartContainer - [EVENT] Warning [Unhealthy] Readiness probe failed: HTTP probe failed with statuscode: 503 [helmrollingupgradeplatformit:test-hivemq-platform-0]
2025-01-28 20:48:20,554 INFO c.h.h.t.HelmChartContainer - Received Unhealthy event for container hivemq in pod test-hivemq-platform-0 [d0fe6676-0304-46f5-a84f-7c296cfd36a3]
2025-01-28 20:48:22,351 INFO c.h.h.t.HelmChartContainer - [test-hivemq-platform] [hivemq] [d0fe6676] INFO  - Successfully loaded configuration from '/opt/hivemq/conf-k8s/config.xml'.
2025-01-28 20:48:23,547 INFO c.h.h.t.HelmChartContainer - [test-hivemq-platform] [hivemq] [d0fe6676] INFO  - This node's ID is 49Hd2
2025-01-28 20:48:23,547 INFO c.h.h.t.HelmChartContainer - [test-hivemq-platform] [hivemq] [d0fe6676] INFO  - Clustering is enabled
2025-01-28 20:48:25,849 INFO c.h.h.t.HelmChartContainer - [test-hivemq-platform] [hivemq] [d0fe6676] Jan 28, 2025 8:48:25 PM io.vertx.core.impl.BlockedThreadChecker
2025-01-28 20:48:25,850 INFO c.h.h.t.HelmChartContainer - [test-hivemq-platform] [hivemq] [d0fe6676] WARNING: Thread Thread[vert.x-eventloop-thread-1,5,main] has been blocked for 2299 ms, time limit is 2000 ms
2025-01-28 20:48:26,250 INFO c.h.h.t.HelmChartContainer - [test-hivemq-platform] [hivemq] [d0fe6676] WARN  - [HiveMQ Platform Operator Init App 1.7.0-SNAPSHOT] Cannot connect to Health API for liveness: null
2025-01-28 20:48:26,250 INFO c.h.h.t.HelmChartContainer - [test-hivemq-platform] [hivemq] [d0fe6676] INFO  - [HiveMQ Platform Operator Init App 1.7.0-SNAPSHOT] Returning default Health API response 200 for liveness
2025-01-28 20:48:26,347 INFO c.h.h.t.HelmChartContainer - [test-hivemq-platform] [hivemq] [d0fe6676] WARN  - [HiveMQ Platform Operator Init App 1.7.0-SNAPSHOT] Cannot connect to Health API for readiness: null
2025-01-28 20:48:26,353 INFO c.h.h.t.HelmChartContainer - [EVENT] Warning [Unhealthy] Readiness probe failed: HTTP probe failed with statuscode: 503 [helmrollingupgradeplatformit:test-hivemq-platform-0]
2025-01-28 20:48:26,353 INFO c.h.h.t.HelmChartContainer - Received Unhealthy event for container hivemq in pod test-hivemq-platform-0 [d0fe6676-0304-46f5-a84f-7c296cfd36a3]
2025-01-28 20:48:26,746 INFO c.h.h.t.HelmChartContainer - [test-hivemq-platform] [hivemq] [d0fe6676] Jan 28, 2025 8:48:26 PM io.vertx.core.impl.BlockedThreadChecker
2025-01-28 20:48:26,747 INFO c.h.h.t.HelmChartContainer - [test-hivemq-platform] [hivemq] [d0fe6676] WARNING: Thread Thread[vert.x-eventloop-thread-1,5,main] has been blocked for 3301 ms, time limit is 2000 ms
2025-01-28 20:48:27,745 INFO c.h.h.t.HelmChartContainer - [test-hivemq-platform] [hivemq] [d0fe6676] Jan 28, 2025 8:48:27 PM io.vertx.core.impl.BlockedThreadChecker
2025-01-28 20:48:27,749 INFO c.h.h.t.HelmChartContainer - [test-hivemq-platform] [hivemq] [d0fe6676] WARNING: Thread Thread[vert.x-eventloop-thread-1,5,main] has been blocked for 4301 ms, time limit is 2000 ms
2025-01-28 20:48:27,752 INFO c.h.h.t.HelmChartContainer - [test-hivemq-platform] [hivemq] [d0fe6676] INFO  - [HiveMQ Platform Operator Init App 1.7.0-SNAPSHOT] Updating Pod HiveMQ Platform Operator Init App version annotation (version: 1.7.0-SNAPSHOT)
2025-01-28 20:48:28,856 INFO c.h.h.t.HelmChartContainer - [POD] test-hivemq-platform-0 [d0fe6676-0304-46f5-a84f-7c296cfd36a3] in helmrollingupgradeplatformit was MODIFIED
2025-01-28 20:48:28,866 INFO c.h.h.t.HelmChartContainer - [hivemq-test-hivemq-platform] [hivemq-platform-operator] [72f36c1a] 20:48:28.864 [pool-6-thread-36] DEBUG c.h.p.o.d.PlatformServiceResource - [helmroll] Desired Platform services (3 services)
2025-01-28 20:48:28,867 INFO c.h.h.t.HelmChartContainer - [hivemq-test-hivemq-platform] [hivemq-platform-operator] [72f36c1a] 20:48:28.865 [pool-6-thread-37] DEBUG c.h.p.o.dependants.PodInfoConfigMap - [helmroll] Desired PodInfo ConfigMap (1 extensions) (1 enabled)
2025-01-28 20:48:28,867 INFO c.h.h.t.HelmChartContainer - [hivemq-test-hivemq-platform] [hivemq-platform-operator] [72f36c1a] 20:48:28.865 [pool-6-thread-37] DEBUG c.h.p.o.dependants.PodInfoConfigMap - [helmroll] Desired PodInfo ConfigMap (metrics port: 9399) (metrics path: /)
2025-01-28 20:48:28,867 INFO c.h.h.t.HelmChartContainer - [hivemq-test-hivemq-platform] [hivemq-platform-operator] [72f36c1a] 20:48:28.865 [pool-6-thread-37] DEBUG c.h.p.o.dependants.PodInfoConfigMap - [helmroll] Desired PodInfo ConfigMap (extension state hash: -1817474005)
2025-01-28 20:48:28,867 INFO c.h.h.t.HelmChartContainer - [hivemq-test-hivemq-platform] [hivemq-platform-operator] [72f36c1a] 20:48:28.866 [pool-6-thread-37] DEBUG c.h.p.o.d.PodServiceAccountResource - [helmroll] Desired PodServiceAccountResource (serviceAccountName: hivemq-platform-pod-test-hivemq-platform)
2025-01-28 20:48:28,873 INFO c.h.h.t.HelmChartContainer - [hivemq-test-hivemq-platform] [hivemq-platform-operator] [72f36c1a] 20:48:28.872 [pool-6-thread-36] DEBUG c.h.p.o.d.StatefulSetResource - [helmroll] Desired StatefulSet (1 replicas) for status STARTING (READY)
2025-01-28 20:48:28,879 INFO c.h.h.t.HelmChartContainer - [hivemq-test-hivemq-platform] [hivemq-platform-operator] [72f36c1a] 20:48:28.878 [ReconcilerExecutor-hivemq-controller-112] INFO  c.h.p.o.HiveMQPlatformReconciler - [helmroll] Reconciling HiveMQ Platform 'test-hivemq-platform' in namespace 'helmrollingupgradeplatformit'
2025-01-28 20:48:28,879 INFO c.h.h.t.HelmChartContainer - [hivemq-test-hivemq-platform] [hivemq-platform-operator] [72f36c1a] 20:48:28.878 [ReconcilerExecutor-hivemq-controller-112] DEBUG c.h.p.o.HiveMQPlatformReconciler - [helmroll] Custom Resource Status STARTING - HiveMQ Platform is starting (READY)
2025-01-28 20:48:28,879 INFO c.h.h.t.HelmChartContainer - [hivemq-test-hivemq-platform] [hivemq-platform-operator] [72f36c1a] 20:48:28.879 [ReconcilerExecutor-hivemq-controller-112] DEBUG c.h.p.o.HiveMQPlatformReconciler - [helmroll] Custom Resource Spec (replicas: 1) (extensions: 1)
2025-01-28 20:48:28,940 INFO c.h.h.t.HelmChartContainer - [hivemq-test-hivemq-platform] [hivemq-platform-operator] [72f36c1a] 20:48:28.936 [ReconcilerExecutor-hivemq-controller-112] DEBUG c.h.p.o.HiveMQPlatformReconciler - [helmroll] StatefulSet Status (revision: test-hivemq-platform-54c4467984, replicas: 1, available: 0, ready: 0, current: 1, updated: 1)
2025-01-28 20:48:28,940 INFO c.h.h.t.HelmChartContainer - [hivemq-test-hivemq-platform] [hivemq-platform-operator] [72f36c1a] 20:48:28.936 [ReconcilerExecutor-hivemq-controller-112] DEBUG c.h.p.o.HiveMQPlatformReconciler - [helmroll] StatefulSet Spec (replicas: 1, init containers: 1, containers: 1, volumes: 3)
2025-01-28 20:48:28,940 INFO c.h.h.t.HelmChartContainer - [hivemq-test-hivemq-platform] [hivemq-platform-operator] [72f36c1a] 20:48:28.938 [ReconcilerExecutor-hivemq-controller-112] DEBUG c.h.p.o.h.HiveMQPlatformReconcilerErrorHandler - [helmroll] Pod 'test-hivemq-platform-0' phase Running
2025-01-28 20:48:28,942 INFO c.h.h.t.HelmChartContainer - [hivemq-test-hivemq-platform] [hivemq-platform-operator] [72f36c1a] 20:48:28.939 [ReconcilerExecutor-hivemq-controller-112] INFO  c.h.p.o.h.HiveMQPlatformReconcilerBaseHandler - [helmroll] HiveMQ Platform is starting, 0 of 1 replicas are ready
2025-01-28 20:48:28,948 INFO c.h.h.t.HelmChartContainer - [test-hivemq-platform] [hivemq] [d0fe6676] WARN  - [HiveMQ Platform Operator Init App 1.7.0-SNAPSHOT] Cannot connect to Health API for readiness: null
2025-01-28 20:48:28,951 INFO c.h.h.t.HelmChartContainer - [test-hivemq-platform] [hivemq] [d0fe6676] INFO  - [HiveMQ Platform Operator Init App 1.7.0-SNAPSHOT] Successfully updated Pod HiveMQ Platform Operator Init App version annotation (version: 1.7.0-SNAPSHOT)
2025-01-28 20:48:28,958 INFO c.h.h.t.HelmChartContainer - [EVENT] Warning [Unhealthy] Readiness probe failed: HTTP probe failed with statuscode: 503 [helmrollingupgradeplatformit:test-hivemq-platform-0]
2025-01-28 20:48:28,958 INFO c.h.h.t.HelmChartContainer - Received Unhealthy event for container hivemq in pod test-hivemq-platform-0 [d0fe6676-0304-46f5-a84f-7c296cfd36a3]
2025-01-28 20:48:32,575 INFO c.h.h.t.HelmChartContainer - [K3S] [range_allocator.go:247] "Successfully synced" key="a51fb6dbb334"
2025-01-28 20:48:33,937 INFO c.h.h.t.HelmChartContainer - [test-hivemq-platform] [hivemq] [d0fe6676] WARN  - [HiveMQ Platform Operator Init App 1.7.0-SNAPSHOT] Cannot connect to Health API for readiness: null
2025-01-28 20:48:33,946 INFO c.h.h.t.HelmChartContainer - [EVENT] Warning [Unhealthy] Readiness probe failed: HTTP probe failed with statuscode: 503 [helmrollingupgradeplatformit:test-hivemq-platform-0]
2025-01-28 20:48:33,946 INFO c.h.h.t.HelmChartContainer - Received Unhealthy event for container hivemq in pod test-hivemq-platform-0 [d0fe6676-0304-46f5-a84f-7c296cfd36a3]
2025-01-28 20:48:38,936 INFO c.h.h.t.HelmChartContainer - [test-hivemq-platform] [hivemq] [d0fe6676] WARN  - [HiveMQ Platform Operator Init App 1.7.0-SNAPSHOT] Cannot connect to Health API for readiness: null
2025-01-28 20:48:38,949 INFO c.h.h.t.HelmChartContainer - [EVENT] Warning [Unhealthy] Readiness probe failed: HTTP probe failed with statuscode: 503 [helmrollingupgradeplatformit:test-hivemq-platform-0]
2025-01-28 20:48:38,950 INFO c.h.h.t.HelmChartContainer - Received Unhealthy event for container hivemq in pod test-hivemq-platform-0 [d0fe6676-0304-46f5-a84f-7c296cfd36a3]
2025-01-28 20:48:38,956 INFO c.h.h.t.HelmChartContainer - [hivemq-test-hivemq-platform] [hivemq-platform-operator] [72f36c1a] 20:48:38.951 [pool-6-thread-43] DEBUG c.h.p.o.d.PlatformServiceResource - [helmroll] Desired Platform services (3 services)
2025-01-28 20:48:38,956 INFO c.h.h.t.HelmChartContainer - [hivemq-test-hivemq-platform] [hivemq-platform-operator] [72f36c1a] 20:48:38.954 [pool-6-thread-46] DEBUG c.h.p.o.dependants.PodInfoConfigMap - [helmroll] Desired PodInfo ConfigMap (1 extensions) (1 enabled)
2025-01-28 20:48:38,957 INFO c.h.h.t.HelmChartContainer - [hivemq-test-hivemq-platform] [hivemq-platform-operator] [72f36c1a] 20:48:38.954 [pool-6-thread-46] DEBUG c.h.p.o.dependants.PodInfoConfigMap - [helmroll] Desired PodInfo ConfigMap (metrics port: 9399) (metrics path: /)
2025-01-28 20:48:38,957 INFO c.h.h.t.HelmChartContainer - [hivemq-test-hivemq-platform] [hivemq-platform-operator] [72f36c1a] 20:48:38.954 [pool-6-thread-46] DEBUG c.h.p.o.dependants.PodInfoConfigMap - [helmroll] Desired PodInfo ConfigMap (extension state hash: -1817474005)
2025-01-28 20:48:38,958 INFO c.h.h.t.HelmChartContainer - [hivemq-test-hivemq-platform] [hivemq-platform-operator] [72f36c1a] 20:48:38.957 [pool-6-thread-43] DEBUG c.h.p.o.d.PodServiceAccountResource - [helmroll] Desired PodServiceAccountResource (serviceAccountName: hivemq-platform-pod-test-hivemq-platform)
2025-01-28 20:48:38,965 INFO c.h.h.t.HelmChartContainer - [hivemq-test-hivemq-platform] [hivemq-platform-operator] [72f36c1a] 20:48:38.964 [pool-6-thread-46] DEBUG c.h.p.o.d.StatefulSetResource - [helmroll] Desired StatefulSet (1 replicas) for status STARTING (READY)
2025-01-28 20:48:39,047 INFO c.h.h.t.HelmChartContainer - [hivemq-test-hivemq-platform] [hivemq-platform-operator] [72f36c1a] 20:48:39.043 [ReconcilerExecutor-hivemq-controller-113] INFO  c.h.p.o.HiveMQPlatformReconciler - [helmroll] Reconciling HiveMQ Platform 'test-hivemq-platform' in namespace 'helmrollingupgradeplatformit'
2025-01-28 20:48:39,047 INFO c.h.h.t.HelmChartContainer - [hivemq-test-hivemq-platform] [hivemq-platform-operator] [72f36c1a] 20:48:39.044 [ReconcilerExecutor-hivemq-controller-113] DEBUG c.h.p.o.HiveMQPlatformReconciler - [helmroll] Custom Resource Status STARTING - HiveMQ Platform is starting (READY)
2025-01-28 20:48:39,047 INFO c.h.h.t.HelmChartContainer - [hivemq-test-hivemq-platform] [hivemq-platform-operator] [72f36c1a] 20:48:39.044 [ReconcilerExecutor-hivemq-controller-113] DEBUG c.h.p.o.HiveMQPlatformReconciler - [helmroll] Custom Resource Spec (replicas: 1) (extensions: 1)
2025-01-28 20:48:39,048 INFO c.h.h.t.HelmChartContainer - [hivemq-test-hivemq-platform] [hivemq-platform-operator] [72f36c1a] 20:48:39.047 [ReconcilerExecutor-hivemq-controller-113] DEBUG c.h.p.o.HiveMQPlatformReconciler - [helmroll] StatefulSet Status (revision: test-hivemq-platform-54c4467984, replicas: 1, available: 0, ready: 0, current: 1, updated: 1)
2025-01-28 20:48:39,050 INFO c.h.h.t.HelmChartContainer - [hivemq-test-hivemq-platform] [hivemq-platform-operator] [72f36c1a] 20:48:39.047 [ReconcilerExecutor-hivemq-controller-113] DEBUG c.h.p.o.HiveMQPlatformReconciler - [helmroll] StatefulSet Spec (replicas: 1, init containers: 1, containers: 1, volumes: 3)
2025-01-28 20:48:39,052 INFO c.h.h.t.HelmChartContainer - [hivemq-test-hivemq-platform] [hivemq-platform-operator] [72f36c1a] 20:48:39.051 [ReconcilerExecutor-hivemq-controller-113] DEBUG c.h.p.o.h.HiveMQPlatformReconcilerErrorHandler - [helmroll] Pod 'test-hivemq-platform-0' phase Running
2025-01-28 20:48:39,055 INFO c.h.h.t.HelmChartContainer - [hivemq-test-hivemq-platform] [hivemq-platform-operator] [72f36c1a] 20:48:39.054 [ReconcilerExecutor-hivemq-controller-113] INFO  c.h.p.o.h.HiveMQPlatformReconcilerBaseHandler - [helmroll] HiveMQ Platform is starting, 0 of 1 replicas are ready
2025-01-28 20:48:43,665 INFO c.h.h.t.HelmChartContainer - [test-hivemq-platform] [hivemq] [d0fe6676] INFO  - No valid license file found. Using trial license, restricted to 25 connections.
2025-01-28 20:48:43,945 INFO c.h.h.t.HelmChartContainer - [test-hivemq-platform] [hivemq] [d0fe6676] WARN  - [HiveMQ Platform Operator Init App 1.7.0-SNAPSHOT] Cannot connect to Health API for readiness: null
2025-01-28 20:48:43,952 INFO c.h.h.t.HelmChartContainer - [EVENT] Warning [Unhealthy] Readiness probe failed: HTTP probe failed with statuscode: 503 [helmrollingupgradeplatformit:test-hivemq-platform-0]
2025-01-28 20:48:43,952 INFO c.h.h.t.HelmChartContainer - Received Unhealthy event for container hivemq in pod test-hivemq-platform-0 [d0fe6676-0304-46f5-a84f-7c296cfd36a3]
2025-01-28 20:48:48,344 INFO c.h.h.t.HelmChartContainer - [test-hivemq-platform] [hivemq] [d0fe6676] INFO  - No valid license file for Data Hub found. Using free license, restricted to 1 policy.
2025-01-28 20:48:48,944 INFO c.h.h.t.HelmChartContainer - [test-hivemq-platform] [hivemq] [d0fe6676] WARN  - [HiveMQ Platform Operator Init App 1.7.0-SNAPSHOT] Cannot connect to Health API for readiness: null
2025-01-28 20:48:48,948 INFO c.h.h.t.HelmChartContainer - [EVENT] Warning [Unhealthy] Readiness probe failed: HTTP probe failed with statuscode: 503 [helmrollingupgradeplatformit:test-hivemq-platform-0]
2025-01-28 20:48:48,948 INFO c.h.h.t.HelmChartContainer - Received Unhealthy event for container hivemq in pod test-hivemq-platform-0 [d0fe6676-0304-46f5-a84f-7c296cfd36a3]
2025-01-28 20:48:49,062 INFO c.h.h.t.HelmChartContainer - [hivemq-test-hivemq-platform] [hivemq-platform-operator] [72f36c1a] 20:48:49.060 [pool-6-thread-8] DEBUG c.h.p.o.dependants.PodInfoConfigMap - [helmroll] Desired PodInfo ConfigMap (1 extensions) (1 enabled)
2025-01-28 20:48:49,064 INFO c.h.h.t.HelmChartContainer - [hivemq-test-hivemq-platform] [hivemq-platform-operator] [72f36c1a] 20:48:49.060 [pool-6-thread-8] DEBUG c.h.p.o.dependants.PodInfoConfigMap - [helmroll] Desired PodInfo ConfigMap (metrics port: 9399) (metrics path: /)
2025-01-28 20:48:49,064 INFO c.h.h.t.HelmChartContainer - [hivemq-test-hivemq-platform] [hivemq-platform-operator] [72f36c1a] 20:48:49.060 [pool-6-thread-8] DEBUG c.h.p.o.dependants.PodInfoConfigMap - [helmroll] Desired PodInfo ConfigMap (extension state hash: -1817474005)
2025-01-28 20:48:49,064 INFO c.h.h.t.HelmChartContainer - [hivemq-test-hivemq-platform] [hivemq-platform-operator] [72f36c1a] 20:48:49.059 [pool-6-thread-7] DEBUG c.h.p.o.d.PlatformServiceResource - [helmroll] Desired Platform services (3 services)
2025-01-28 20:48:49,066 INFO c.h.h.t.HelmChartContainer - [hivemq-test-hivemq-platform] [hivemq-platform-operator] [72f36c1a] 20:48:49.061 [pool-6-thread-2] DEBUG c.h.p.o.d.PodServiceAccountResource - [helmroll] Desired PodServiceAccountResource (serviceAccountName: hivemq-platform-pod-test-hivemq-platform)
2025-01-28 20:48:49,069 INFO c.h.h.t.HelmChartContainer - [hivemq-test-hivemq-platform] [hivemq-platform-operator] [72f36c1a] 20:48:49.069 [pool-6-thread-8] DEBUG c.h.p.o.d.StatefulSetResource - [helmroll] Desired StatefulSet (1 replicas) for status STARTING (READY)
2025-01-28 20:48:49,074 INFO c.h.h.t.HelmChartContainer - [hivemq-test-hivemq-platform] [hivemq-platform-operator] [72f36c1a] 20:48:49.073 [ReconcilerExecutor-hivemq-controller-114] INFO  c.h.p.o.HiveMQPlatformReconciler - [helmroll] Reconciling HiveMQ Platform 'test-hivemq-platform' in namespace 'helmrollingupgradeplatformit'
2025-01-28 20:48:49,075 INFO c.h.h.t.HelmChartContainer - [hivemq-test-hivemq-platform] [hivemq-platform-operator] [72f36c1a] 20:48:49.073 [ReconcilerExecutor-hivemq-controller-114] DEBUG c.h.p.o.HiveMQPlatformReconciler - [helmroll] Custom Resource Status STARTING - HiveMQ Platform is starting (READY)
2025-01-28 20:48:49,075 INFO c.h.h.t.HelmChartContainer - [hivemq-test-hivemq-platform] [hivemq-platform-operator] [72f36c1a] 20:48:49.073 [ReconcilerExecutor-hivemq-controller-114] DEBUG c.h.p.o.HiveMQPlatformReconciler - [helmroll] Custom Resource Spec (replicas: 1) (extensions: 1)
2025-01-28 20:48:49,076 INFO c.h.h.t.HelmChartContainer - [hivemq-test-hivemq-platform] [hivemq-platform-operator] [72f36c1a] 20:48:49.075 [ReconcilerExecutor-hivemq-controller-114] DEBUG c.h.p.o.HiveMQPlatformReconciler - [helmroll] StatefulSet Status (revision: test-hivemq-platform-54c4467984, replicas: 1, available: 0, ready: 0, current: 1, updated: 1)
2025-01-28 20:48:49,076 INFO c.h.h.t.HelmChartContainer - [hivemq-test-hivemq-platform] [hivemq-platform-operator] [72f36c1a] 20:48:49.075 [ReconcilerExecutor-hivemq-controller-114] DEBUG c.h.p.o.HiveMQPlatformReconciler - [helmroll] StatefulSet Spec (replicas: 1, init containers: 1, containers: 1, volumes: 3)
2025-01-28 20:48:49,077 INFO c.h.h.t.HelmChartContainer - [hivemq-test-hivemq-platform] [hivemq-platform-operator] [72f36c1a] 20:48:49.077 [ReconcilerExecutor-hivemq-controller-114] DEBUG c.h.p.o.h.HiveMQPlatformReconcilerErrorHandler - [helmroll] Pod 'test-hivemq-platform-0' phase Running
2025-01-28 20:48:49,078 INFO c.h.h.t.HelmChartContainer - [hivemq-test-hivemq-platform] [hivemq-platform-operator] [72f36c1a] 20:48:49.078 [ReconcilerExecutor-hivemq-controller-114] INFO  c.h.p.o.h.HiveMQPlatformReconcilerBaseHandler - [helmroll] HiveMQ Platform is starting, 0 of 1 replicas are ready
2025-01-28 20:48:49,741 INFO c.h.h.t.HelmChartContainer - [test-hivemq-platform] [hivemq] [d0fe6676] INFO  - Audit Logger started.
2025-01-28 20:48:50,453 INFO c.h.h.t.HelmChartContainer - [test-hivemq-platform] [hivemq] [d0fe6676] INFO  - This node uses '1' CPU cores.
2025-01-28 20:48:50,459 INFO c.h.h.t.HelmChartContainer - [test-hivemq-platform] [hivemq] [d0fe6676] INFO  - Starting HiveMQ Health API on address 0.0.0.0 and port 8889
2025-01-28 20:48:51,453 INFO c.h.h.t.HelmChartContainer - [test-hivemq-platform] [hivemq] [d0fe6676] INFO  - Started HiveMQ Health API in 994ms
2025-01-28 20:48:51,458 INFO c.h.h.t.HelmChartContainer - [test-hivemq-platform] [hivemq] [d0fe6676] INFO  - Starting HiveMQ extension system.
2025-01-28 20:48:51,746 INFO c.h.h.t.HelmChartContainer - [test-hivemq-platform] [hivemq] [d0fe6676] INFO  - Starting extension with id "hivemq-dns-cluster-discovery" at /opt/hivemq/extensions/hivemq-dns-cluster-discovery
2025-01-28 20:48:52,253 INFO c.h.h.t.HelmChartContainer - [test-hivemq-platform] [hivemq] [d0fe6676] INFO  - Using TCP cluster transport on address 10.42.0.13 and port 7000
2025-01-28 20:48:52,343 INFO c.h.h.t.HelmChartContainer - [test-hivemq-platform] [hivemq] [d0fe6676] INFO  - Using extension cluster discovery
2025-01-28 20:48:52,546 INFO c.h.h.t.HelmChartContainer - [test-hivemq-platform] [hivemq] [d0fe6676] INFO  - Extension "DNS Cluster Discovery Extension" version 4.3.2 started successfully.
2025-01-28 20:48:52,547 INFO c.h.h.t.HelmChartContainer - [test-hivemq-platform] [hivemq] [d0fe6676] INFO  - Starting extension with id "hivemq-prometheus-extension" at /opt/hivemq/extensions/hivemq-prometheus-extension
2025-01-28 20:48:53,543 INFO c.h.h.t.HelmChartContainer - [test-hivemq-platform] [hivemq] [d0fe6676] INFO  - Started Jetty Server exposing Prometheus Servlet on URI http://0.0.0.0:9399/
2025-01-28 20:48:53,544 INFO c.h.h.t.HelmChartContainer - [test-hivemq-platform] [hivemq] [d0fe6676] INFO  - Extension "Prometheus Monitoring Extension" version 4.0.12 started successfully.
2025-01-28 20:48:53,544 INFO c.h.h.t.HelmChartContainer - [test-hivemq-platform] [hivemq] [d0fe6676] INFO  - Starting extension with id "hivemq-allow-all-extension" at /opt/hivemq/extensions/hivemq-allow-all-extension
2025-01-28 20:48:53,544 INFO c.h.h.t.HelmChartContainer - [test-hivemq-platform] [hivemq] [d0fe6676] WARN  - 
2025-01-28 20:48:53,545 INFO c.h.h.t.HelmChartContainer - [test-hivemq-platform] [hivemq] [d0fe6676] ################################################################################################################
2025-01-28 20:48:53,545 INFO c.h.h.t.HelmChartContainer - [test-hivemq-platform] [hivemq] [d0fe6676] # This HiveMQ deployment is not secure! You are lacking Authentication and Authorization.                      #
2025-01-28 20:48:53,545 INFO c.h.h.t.HelmChartContainer - [test-hivemq-platform] [hivemq] [d0fe6676] # Right now any MQTT client can connect to the broker with a full set of permissions.                          #
2025-01-28 20:48:53,545 INFO c.h.h.t.HelmChartContainer - [test-hivemq-platform] [hivemq] [d0fe6676] # For production usage, add an appropriate security extension and remove the hivemq-allow-all extension.       #
2025-01-28 20:48:53,545 INFO c.h.h.t.HelmChartContainer - [test-hivemq-platform] [hivemq] [d0fe6676] # You can download security extensions from the HiveMQ Marketplace (https://www.hivemq.com/extensions/).       #
2025-01-28 20:48:53,545 INFO c.h.h.t.HelmChartContainer - [test-hivemq-platform] [hivemq] [d0fe6676] ################################################################################################################
2025-01-28 20:48:53,545 INFO c.h.h.t.HelmChartContainer - [test-hivemq-platform] [hivemq] [d0fe6676] INFO  - Extension "Allow All Extension" version 1.1.0 started successfully.
2025-01-28 20:48:54,543 INFO c.h.h.t.HelmChartContainer - [test-hivemq-platform] [hivemq] [d0fe6676] INFO  - [HiveMQ Platform Operator Init App 1.7.0-SNAPSHOT] Returning Health API response 503 for readiness
2025-01-28 20:48:54,548 INFO c.h.h.t.HelmChartContainer - [EVENT] Warning [Unhealthy] Readiness probe failed: HTTP probe failed with statuscode: 503 [helmrollingupgradeplatformit:test-hivemq-platform-0]
2025-01-28 20:48:54,548 INFO c.h.h.t.HelmChartContainer - Received Unhealthy event for container hivemq in pod test-hivemq-platform-0 [d0fe6676-0304-46f5-a84f-7c296cfd36a3]
2025-01-28 20:48:55,588 INFO c.h.h.t.HelmChartContainer - [test-hivemq-platform] [hivemq] [d0fe6676] INFO  - [HiveMQ Platform Operator Init App 1.7.0-SNAPSHOT] Returning Health API response 200 for liveness
2025-01-28 20:48:55,753 INFO c.h.h.t.HelmChartContainer - [test-hivemq-platform] [hivemq] [d0fe6676] INFO  - 49Hd2: no members discovered after 2710 ms: creating cluster as first member
2025-01-28 20:48:55,761 INFO c.h.h.t.HelmChartContainer - [test-hivemq-platform] [hivemq] [d0fe6676] INFO  - Cluster nodes found by discovery: [49Hd2|0] (1) [49Hd2].
2025-01-28 20:48:55,853 INFO c.h.h.t.HelmChartContainer - [test-hivemq-platform] [hivemq] [d0fe6676] INFO  - No user for HiveMQ Control Center configured. Starting with default user
2025-01-28 20:48:55,854 INFO c.h.h.t.HelmChartContainer - [test-hivemq-platform] [hivemq] [d0fe6676] INFO  - Starting HiveMQ Control Center on address 0.0.0.0 and port 8080
2025-01-28 20:48:55,857 INFO c.h.h.t.HelmChartContainer - [test-hivemq-platform] [hivemq] [d0fe6676] INFO  - Mounting HiveMQ Control Center V2 Preview
2025-01-28 20:48:56,657 INFO c.h.h.t.HelmChartContainer - [test-hivemq-platform] [hivemq] [d0fe6676] INFO  - Started HiveMQ Control Center in 804ms
2025-01-28 20:48:56,754 INFO c.h.h.t.HelmChartContainer - [test-hivemq-platform] [hivemq] [d0fe6676] INFO  - Starting TCP listener on address 0.0.0.0 and port 1883
2025-01-28 20:48:56,773 INFO c.h.h.t.HelmChartContainer - [test-hivemq-platform] [hivemq] [d0fe6676] INFO  - Started TCP Listener on address 0.0.0.0 and on port 1883.
2025-01-28 20:48:56,840 INFO c.h.h.t.HelmChartContainer - [test-hivemq-platform] [hivemq] [d0fe6676] INFO  - Started HiveMQ in 37824ms
2025-01-28 20:48:58,865 INFO c.h.h.t.HelmChartContainer - [test-hivemq-platform] [hivemq] [d0fe6676] INFO  - [HiveMQ Platform Operator Init App 1.7.0-SNAPSHOT] Returning Health API response 200 for readiness
2025-01-28 20:48:58,885 INFO c.h.h.t.HelmChartContainer - [POD] test-hivemq-platform-0 [d0fe6676-0304-46f5-a84f-7c296cfd36a3] in helmrollingupgradeplatformit was MODIFIED
2025-01-28 20:48:58,898 INFO c.h.h.t.HelmChartContainer - [hivemq-test-hivemq-platform] [hivemq-platform-operator] [72f36c1a] 20:48:58.892 [pool-6-thread-18] DEBUG c.h.p.o.dependants.PodInfoConfigMap - [helmroll] Desired PodInfo ConfigMap (1 extensions) (1 enabled)
2025-01-28 20:48:58,899 INFO c.h.h.t.HelmChartContainer - [hivemq-test-hivemq-platform] [hivemq-platform-operator] [72f36c1a] 20:48:58.892 [pool-6-thread-18] DEBUG c.h.p.o.dependants.PodInfoConfigMap - [helmroll] Desired PodInfo ConfigMap (metrics port: 9399) (metrics path: /)
2025-01-28 20:48:58,899 INFO c.h.h.t.HelmChartContainer - [hivemq-test-hivemq-platform] [hivemq-platform-operator] [72f36c1a] 20:48:58.893 [pool-6-thread-18] DEBUG c.h.p.o.dependants.PodInfoConfigMap - [helmroll] Desired PodInfo ConfigMap (extension state hash: -1817474005)
2025-01-28 20:48:58,899 INFO c.h.h.t.HelmChartContainer - [hivemq-test-hivemq-platform] [hivemq-platform-operator] [72f36c1a] 20:48:58.893 [pool-6-thread-16] DEBUG c.h.p.o.d.PodServiceAccountResource - [helmroll] Desired PodServiceAccountResource (serviceAccountName: hivemq-platform-pod-test-hivemq-platform)
2025-01-28 20:48:58,899 INFO c.h.h.t.HelmChartContainer - [hivemq-test-hivemq-platform] [hivemq-platform-operator] [72f36c1a] 20:48:58.893 [pool-6-thread-13] DEBUG c.h.p.o.d.PlatformServiceResource - [helmroll] Desired Platform services (3 services)
2025-01-28 20:48:58,908 INFO c.h.h.t.HelmChartContainer - [hivemq-test-hivemq-platform] [hivemq-platform-operator] [72f36c1a] 20:48:58.906 [pool-6-thread-17] DEBUG c.h.p.o.d.StatefulSetResource - [helmroll] Desired StatefulSet (1 replicas) for status STARTING (READY)
2025-01-28 20:48:58,993 INFO c.h.h.t.HelmChartContainer - [hivemq-test-hivemq-platform] [hivemq-platform-operator] [72f36c1a] 20:48:58.937 [ReconcilerExecutor-hivemq-controller-115] INFO  c.h.p.o.HiveMQPlatformReconciler - [helmroll] Reconciling HiveMQ Platform 'test-hivemq-platform' in namespace 'helmrollingupgradeplatformit'
2025-01-28 20:48:58,993 INFO c.h.h.t.HelmChartContainer - [hivemq-test-hivemq-platform] [hivemq-platform-operator] [72f36c1a] 20:48:58.991 [ReconcilerExecutor-hivemq-controller-115] DEBUG c.h.p.o.HiveMQPlatformReconciler - [helmroll] Custom Resource Status STARTING - HiveMQ Platform is starting (READY)
2025-01-28 20:48:58,993 INFO c.h.h.t.HelmChartContainer - [hivemq-test-hivemq-platform] [hivemq-platform-operator] [72f36c1a] 20:48:58.991 [ReconcilerExecutor-hivemq-controller-115] DEBUG c.h.p.o.HiveMQPlatformReconciler - [helmroll] Custom Resource Spec (replicas: 1) (extensions: 1)
2025-01-28 20:48:58,996 INFO c.h.h.t.HelmChartContainer - [hivemq-test-hivemq-platform] [hivemq-platform-operator] [72f36c1a] 20:48:58.995 [ReconcilerExecutor-hivemq-controller-115] DEBUG c.h.p.o.HiveMQPlatformReconciler - [helmroll] StatefulSet Status (revision: test-hivemq-platform-54c4467984, replicas: 1, available: 1, ready: 1, current: 1, updated: 1)
2025-01-28 20:48:58,997 INFO c.h.h.t.HelmChartContainer - [hivemq-test-hivemq-platform] [hivemq-platform-operator] [72f36c1a] 20:48:58.995 [ReconcilerExecutor-hivemq-controller-115] DEBUG c.h.p.o.HiveMQPlatformReconciler - [helmroll] StatefulSet Spec (replicas: 1, init containers: 1, containers: 1, volumes: 3)
2025-01-28 20:48:58,999 INFO c.h.h.t.HelmChartContainer - [hivemq-test-hivemq-platform] [hivemq-platform-operator] [72f36c1a] 20:48:58.998 [ReconcilerExecutor-hivemq-controller-115] DEBUG c.h.p.o.h.HiveMQPlatformReconcilerErrorHandler - [helmroll] Pod 'test-hivemq-platform-0' phase Running
2025-01-28 20:48:59,000 INFO c.h.h.t.HelmChartContainer - [hivemq-test-hivemq-platform] [hivemq-platform-operator] [72f36c1a] 20:48:58.999 [ReconcilerExecutor-hivemq-controller-115] INFO  c.h.p.o.h.HiveMQPlatformReconcilerBaseHandler - [helmroll] HiveMQ Platform started successfully
2025-01-28 20:48:59,138 INFO c.h.h.t.HelmChartContainer - [hivemq-test-hivemq-platform] [hivemq-platform-operator] [72f36c1a] 20:48:59.137 [ReconcilerExecutor-hivemq-controller-115] DEBUG c.h.p.operator.event.EventSender - [helmroll] Creating K8s event hivemq-platform-ready: [Ready] HiveMQ Platform is ready
2025-01-28 20:48:59,142 INFO c.h.h.t.HelmChartContainer - [EVENT] Normal [Ready] HiveMQ Platform is ready [helmrollingupgradeplatformit:test-hivemq-platform]
2025-01-28 20:48:59,196 INFO c.h.h.t.HelmChartContainer - [hivemq-test-hivemq-platform] [hivemq-platform-operator] [72f36c1a] 20:48:59.193 [ReconcilerExecutor-hivemq-controller-115] INFO  c.h.p.o.h.AbstractHiveMQReconcilerStateHandler - [helmroll] Update HiveMQ Platform Status (STARTING [READY] -> RUNNING [READY]): HiveMQ Platform is ready
2025-01-28 20:48:59,208 DEBUG com.hivemq.helmcharts.util.K8sUtil - Comparing actual state 'RUNNING' and waiting for 'RUNNING'
2025-01-28 20:48:59,243 INFO c.h.h.t.HelmChartContainer - [hivemq-test-hivemq-platform] [hivemq-platform-operator] [72f36c1a] 20:48:59.237 [pool-6-thread-29] DEBUG c.h.p.o.d.PlatformServiceResource - [helmroll] Desired Platform services (3 services)
2025-01-28 20:48:59,243 INFO c.h.h.t.HelmChartContainer - [hivemq-test-hivemq-platform] [hivemq-platform-operator] [72f36c1a] 20:48:59.239 [pool-6-thread-21] DEBUG c.h.p.o.dependants.PodInfoConfigMap - [helmroll] Desired PodInfo ConfigMap (1 extensions) (1 enabled)
2025-01-28 20:48:59,243 INFO c.h.h.t.HelmChartContainer - [hivemq-test-hivemq-platform] [hivemq-platform-operator] [72f36c1a] 20:48:59.239 [pool-6-thread-21] DEBUG c.h.p.o.dependants.PodInfoConfigMap - [helmroll] Desired PodInfo ConfigMap (metrics port: 9399) (metrics path: /)
2025-01-28 20:48:59,243 INFO c.h.h.t.HelmChartContainer - [hivemq-test-hivemq-platform] [hivemq-platform-operator] [72f36c1a] 20:48:59.239 [pool-6-thread-21] DEBUG c.h.p.o.dependants.PodInfoConfigMap - [helmroll] Desired PodInfo ConfigMap (extension state hash: -1817474005)
2025-01-28 20:48:59,243 INFO c.h.h.t.HelmChartContainer - [hivemq-test-hivemq-platform] [hivemq-platform-operator] [72f36c1a] 20:48:59.240 [pool-6-thread-21] DEBUG c.h.p.o.dependants.PodInfoConfigMap - [helmroll] Update PodInfo ConfigMap
2025-01-28 20:48:59,295 INFO c.h.h.t.HelmChartContainer - [hivemq-test-hivemq-platform] [hivemq-platform-operator] [72f36c1a] 20:48:59.292 [pool-6-thread-25] DEBUG c.h.p.o.d.PodServiceAccountResource - [helmroll] Desired PodServiceAccountResource (serviceAccountName: hivemq-platform-pod-test-hivemq-platform)
2025-01-28 20:48:59,316 DEBUG c.h.h.t.HelmChartContainer - Executing helm command: /bin/helm --kubeconfig /etc/rancher/k3s/k3s.yaml upgrade test-hivemq-platform /charts/hivemq-platform --wait --timeout 5m0s --set image.repository=docker.io/hivemq --set image.tag=4.36.0 --set image.pullPolicy=Never --set nodes.resources.cpu=512m --set nodes.replicaCount=1 --namespace helmrollingupgradeplatformit
2025-01-28 20:48:59,340 INFO c.h.h.t.HelmChartContainer - [hivemq-test-hivemq-platform] [hivemq-platform-operator] [72f36c1a] 20:48:59.337 [pool-6-thread-21] DEBUG c.h.p.o.d.StatefulSetResource - [helmroll] Desired StatefulSet (1 replicas) for status RUNNING (READY)
2025-01-28 20:48:59,400 INFO c.h.h.t.HelmChartContainer - [hivemq-test-hivemq-platform] [hivemq-platform-operator] [72f36c1a] 20:48:59.395 [ReconcilerExecutor-hivemq-controller-116] INFO  c.h.p.o.HiveMQPlatformReconciler - [helmroll] Reconciling HiveMQ Platform 'test-hivemq-platform' in namespace 'helmrollingupgradeplatformit'
2025-01-28 20:48:59,400 INFO c.h.h.t.HelmChartContainer - [hivemq-test-hivemq-platform] [hivemq-platform-operator] [72f36c1a] 20:48:59.395 [ReconcilerExecutor-hivemq-controller-116] DEBUG c.h.p.o.HiveMQPlatformReconciler - [helmroll] Custom Resource Status RUNNING - HiveMQ Platform is ready (READY)
2025-01-28 20:48:59,400 INFO c.h.h.t.HelmChartContainer - [hivemq-test-hivemq-platform] [hivemq-platform-operator] [72f36c1a] 20:48:59.395 [ReconcilerExecutor-hivemq-controller-116] DEBUG c.h.p.o.HiveMQPlatformReconciler - [helmroll] Custom Resource Spec (replicas: 1) (extensions: 1)
2025-01-28 20:48:59,400 INFO c.h.h.t.HelmChartContainer - [hivemq-test-hivemq-platform] [hivemq-platform-operator] [72f36c1a] 20:48:59.397 [ReconcilerExecutor-hivemq-controller-116] DEBUG c.h.p.o.HiveMQPlatformReconciler - [helmroll] StatefulSet Status (revision: test-hivemq-platform-54c4467984, replicas: 1, available: 1, ready: 1, current: 1, updated: 1)
2025-01-28 20:48:59,402 INFO c.h.h.t.HelmChartContainer - [hivemq-test-hivemq-platform] [hivemq-platform-operator] [72f36c1a] 20:48:59.397 [ReconcilerExecutor-hivemq-controller-116] DEBUG c.h.p.o.HiveMQPlatformReconciler - [helmroll] StatefulSet Spec (replicas: 1, init containers: 1, containers: 1, volumes: 3)
2025-01-28 20:48:59,402 INFO c.h.h.t.HelmChartContainer - [hivemq-test-hivemq-platform] [hivemq-platform-operator] [72f36c1a] 20:48:59.399 [ReconcilerExecutor-hivemq-controller-116] DEBUG c.h.p.o.h.HiveMQPlatformReconcilerErrorHandler - [helmroll] Pod 'test-hivemq-platform-0' phase Running
2025-01-28 20:48:59,749 INFO c.h.h.t.HelmChartContainer - [hivemq-test-hivemq-platform] [hivemq-platform-operator] [72f36c1a] 20:48:59.747 [pool-6-thread-37] DEBUG c.h.p.o.d.PlatformServiceResource - [helmroll] Desired Platform services (3 services)
2025-01-28 20:48:59,756 INFO c.h.h.t.HelmChartContainer - [hivemq-test-hivemq-platform] [hivemq-platform-operator] [72f36c1a] 20:48:59.751 [pool-6-thread-38] DEBUG c.h.p.o.dependants.PodInfoConfigMap - [helmroll] Desired PodInfo ConfigMap (1 extensions) (1 enabled)
2025-01-28 20:48:59,758 INFO c.h.h.t.HelmChartContainer - [hivemq-test-hivemq-platform] [hivemq-platform-operator] [72f36c1a] 20:48:59.751 [pool-6-thread-38] DEBUG c.h.p.o.dependants.PodInfoConfigMap - [helmroll] Desired PodInfo ConfigMap (metrics port: 9399) (metrics path: /)
2025-01-28 20:48:59,758 INFO c.h.h.t.HelmChartContainer - [hivemq-test-hivemq-platform] [hivemq-platform-operator] [72f36c1a] 20:48:59.751 [pool-6-thread-38] DEBUG c.h.p.o.dependants.PodInfoConfigMap - [helmroll] Desired PodInfo ConfigMap (extension state hash: -1817474005)
2025-01-28 20:48:59,758 INFO c.h.h.t.HelmChartContainer - [hivemq-test-hivemq-platform] [hivemq-platform-operator] [72f36c1a] 20:48:59.756 [pool-6-thread-35] DEBUG c.h.p.o.d.PodServiceAccountResource - [helmroll] Desired PodServiceAccountResource (serviceAccountName: hivemq-platform-pod-test-hivemq-platform)
2025-01-28 20:48:59,837 INFO c.h.h.t.HelmChartContainer - [hivemq-test-hivemq-platform] [hivemq-platform-operator] [72f36c1a] 20:48:59.835 [pool-6-thread-33] DEBUG c.h.p.o.d.StatefulSetResource - [helmroll] Desired StatefulSet (1 replicas) for status RUNNING (READY)
2025-01-28 20:48:59,844 INFO c.h.h.t.HelmChartContainer - [hivemq-test-hivemq-platform] [hivemq-platform-operator] [72f36c1a] 20:48:59.841 [ReconcilerExecutor-hivemq-controller-117] INFO  c.h.p.o.HiveMQPlatformReconciler - [helmroll] Reconciling HiveMQ Platform 'test-hivemq-platform' in namespace 'helmrollingupgradeplatformit'
2025-01-28 20:48:59,844 INFO c.h.h.t.HelmChartContainer - [hivemq-test-hivemq-platform] [hivemq-platform-operator] [72f36c1a] 20:48:59.841 [ReconcilerExecutor-hivemq-controller-117] DEBUG c.h.p.o.HiveMQPlatformReconciler - [helmroll] Custom Resource Status RUNNING - HiveMQ Platform is ready (READY)
2025-01-28 20:48:59,844 INFO c.h.h.t.HelmChartContainer - [hivemq-test-hivemq-platform] [hivemq-platform-operator] [72f36c1a] 20:48:59.841 [ReconcilerExecutor-hivemq-controller-117] DEBUG c.h.p.o.HiveMQPlatformReconciler - [helmroll] Custom Resource Spec (replicas: 1) (extensions: 1)
2025-01-28 20:48:59,845 INFO c.h.h.t.HelmChartContainer - [hivemq-test-hivemq-platform] [hivemq-platform-operator] [72f36c1a] 20:48:59.843 [ReconcilerExecutor-hivemq-controller-117] DEBUG c.h.p.o.HiveMQPlatformReconciler - [helmroll] StatefulSet Status (revision: test-hivemq-platform-54c4467984, replicas: 1, available: 1, ready: 1, current: 1, updated: 1)
2025-01-28 20:48:59,845 INFO c.h.h.t.HelmChartContainer - [hivemq-test-hivemq-platform] [hivemq-platform-operator] [72f36c1a] 20:48:59.843 [ReconcilerExecutor-hivemq-controller-117] DEBUG c.h.p.o.HiveMQPlatformReconciler - [helmroll] StatefulSet Spec (replicas: 1, init containers: 1, containers: 1, volumes: 3)
2025-01-28 20:48:59,848 INFO c.h.h.t.HelmChartContainer - [hivemq-test-hivemq-platform] [hivemq-platform-operator] [72f36c1a] 20:48:59.846 [ReconcilerExecutor-hivemq-controller-117] DEBUG c.h.p.o.h.HiveMQPlatformReconcilerErrorHandler - [helmroll] Pod 'test-hivemq-platform-0' phase Running
2025-01-28 20:48:59,853 INFO c.h.h.t.HelmChartContainer - [hivemq-test-hivemq-platform] [hivemq-platform-operator] [72f36c1a] 20:48:59.851 [pool-6-thread-42] DEBUG c.h.p.o.d.PlatformServiceResource - [helmroll] Desired Platform services (3 services)
2025-01-28 20:48:59,856 INFO c.h.h.t.HelmChartContainer - [hivemq-test-hivemq-platform] [hivemq-platform-operator] [72f36c1a] 20:48:59.855 [pool-6-thread-45] DEBUG c.h.p.o.dependants.PodInfoConfigMap - [helmroll] Desired PodInfo ConfigMap (1 extensions) (1 enabled)
2025-01-28 20:48:59,856 INFO c.h.h.t.HelmChartContainer - [hivemq-test-hivemq-platform] [hivemq-platform-operator] [72f36c1a] 20:48:59.855 [pool-6-thread-45] DEBUG c.h.p.o.dependants.PodInfoConfigMap - [helmroll] Desired PodInfo ConfigMap (metrics port: 9399) (metrics path: /)
2025-01-28 20:48:59,856 INFO c.h.h.t.HelmChartContainer - [hivemq-test-hivemq-platform] [hivemq-platform-operator] [72f36c1a] 20:48:59.855 [pool-6-thread-45] DEBUG c.h.p.o.dependants.PodInfoConfigMap - [helmroll] Desired PodInfo ConfigMap (extension state hash: -1817474005)
2025-01-28 20:48:59,942 INFO c.h.h.t.HelmChartContainer - [hivemq-test-hivemq-platform] [hivemq-platform-operator] [72f36c1a] 20:48:59.938 [pool-6-thread-45] DEBUG c.h.p.o.dependants.PodInfoConfigMap - [helmroll] Update PodInfo ConfigMap
2025-01-28 20:48:59,948 INFO c.h.h.t.HelmChartContainer - [hivemq-test-hivemq-platform] [hivemq-platform-operator] [72f36c1a] 20:48:59.940 [pool-6-thread-44] DEBUG c.h.p.o.d.PodServiceAccountResource - [helmroll] Desired PodServiceAccountResource (serviceAccountName: hivemq-platform-pod-test-hivemq-platform)
2025-01-28 20:48:59,983 DEBUG com.hivemq.helmcharts.util.K8sUtil - Comparing actual state 'RUNNING' and waiting for 'ROLLING_RESTART'
2025-01-28 20:49:00,342 INFO c.h.h.t.HelmChartContainer - [hivemq-test-hivemq-platform] [hivemq-platform-operator] [72f36c1a] 20:49:00.339 [pool-6-thread-42] DEBUG c.h.p.o.d.StatefulSetResource - [helmroll] Desired StatefulSet (1 replicas) for status RUNNING (READY)
2025-01-28 20:49:00,345 INFO c.h.h.t.HelmChartContainer - [hivemq-test-hivemq-platform] [hivemq-platform-operator] [72f36c1a] 20:49:00.344 [pool-6-thread-42] DEBUG c.h.p.o.d.StatefulSetResource - [helmroll] Update StatefulSet (replicas: 1 -> 1)
2025-01-28 20:49:00,446 INFO c.h.h.t.HelmChartContainer - [hivemq-test-hivemq-platform] [hivemq-platform-operator] [72f36c1a] 20:49:00.438 [pool-6-thread-42] DEBUG c.h.p.o.d.StatefulSetResource - [helmroll] Detected change in StatefulSet specification (path: /template/spec/containers/0/image) (actual value: "docker.io/hivemq/hivemq4:4.35.0") (target value: "docker.io/hivemq/hivemq4:4.36.0")
2025-01-28 20:49:00,446 INFO c.h.h.t.HelmChartContainer - [hivemq-test-hivemq-platform] [hivemq-platform-operator] [72f36c1a] 20:49:00.444 [pool-6-thread-42] INFO  c.h.p.o.d.StatefulSetResource - [helmroll] StatefulSet spec was updated, triggering rolling restart
2025-01-28 20:49:00,540 INFO c.h.h.t.HelmChartContainer - [hivemq-test-hivemq-platform] [hivemq-platform-operator] [72f36c1a] 20:49:00.538 [ReconcilerExecutor-hivemq-controller-118] INFO  c.h.p.o.HiveMQPlatformReconciler - [helmroll] Reconciling HiveMQ Platform 'test-hivemq-platform' in namespace 'helmrollingupgradeplatformit'
2025-01-28 20:49:00,541 INFO c.h.h.t.HelmChartContainer - [hivemq-test-hivemq-platform] [hivemq-platform-operator] [72f36c1a] 20:49:00.539 [ReconcilerExecutor-hivemq-controller-118] DEBUG c.h.p.o.HiveMQPlatformReconciler - [helmroll] Custom Resource Status RUNNING - HiveMQ Platform is ready (READY) (reconciliation requests: ROLLING_RESTART, REQUESTS_UPDATED)
2025-01-28 20:49:00,541 INFO c.h.h.t.HelmChartContainer - [hivemq-test-hivemq-platform] [hivemq-platform-operator] [72f36c1a] 20:49:00.539 [ReconcilerExecutor-hivemq-controller-118] DEBUG c.h.p.o.HiveMQPlatformReconciler - [helmroll] Custom Resource Spec (replicas: 1) (extensions: 1)
2025-01-28 20:49:00,542 INFO c.h.h.t.HelmChartContainer - [hivemq-test-hivemq-platform] [hivemq-platform-operator] [72f36c1a] 20:49:00.541 [ReconcilerExecutor-hivemq-controller-118] DEBUG c.h.p.o.HiveMQPlatformReconciler - [helmroll] StatefulSet Status (revision: test-hivemq-platform-54c4467984, replicas: 1, available: 1, ready: 1, current: 1, updated: 1)
2025-01-28 20:49:00,542 INFO c.h.h.t.HelmChartContainer - [hivemq-test-hivemq-platform] [hivemq-platform-operator] [72f36c1a] 20:49:00.541 [ReconcilerExecutor-hivemq-controller-118] DEBUG c.h.p.o.HiveMQPlatformReconciler - [helmroll] StatefulSet Spec (replicas: 1, init containers: 1, containers: 1, volumes: 3)
2025-01-28 20:49:00,545 INFO c.h.h.t.HelmChartContainer - [hivemq-test-hivemq-platform] [hivemq-platform-operator] [72f36c1a] 20:49:00.544 [ReconcilerExecutor-hivemq-controller-118] DEBUG c.h.p.o.h.HiveMQPlatformReconcilerErrorHandler - [helmroll] Pod 'test-hivemq-platform-0' phase Running
2025-01-28 20:49:00,546 INFO c.h.h.t.HelmChartContainer - [hivemq-test-hivemq-platform] [hivemq-platform-operator] [72f36c1a] 20:49:00.545 [ReconcilerExecutor-hivemq-controller-118] INFO  c.h.p.o.h.HiveMQPlatformReconcilerBaseHandler - [helmroll] Started rolling restart (scaling to 2 replicas)
2025-01-28 20:49:00,647 INFO c.h.h.t.HelmChartContainer - [hivemq-test-hivemq-platform] [hivemq-platform-operator] [72f36c1a] 20:49:00.645 [ReconcilerExecutor-hivemq-controller-118] DEBUG c.h.p.operator.event.EventSender - [helmroll] Creating K8s event rolling-restart-started: [RollingRestart] HiveMQ Platform is starting a surge Pod (rolling restart)
2025-01-28 20:49:00,653 INFO c.h.h.t.HelmChartContainer - [EVENT] Normal [RollingRestart] HiveMQ Platform is starting a surge Pod (rolling restart) [helmrollingupgradeplatformit:test-hivemq-platform]
2025-01-28 20:49:00,654 INFO c.h.h.t.HelmChartContainer - [hivemq-test-hivemq-platform] [hivemq-platform-operator] [72f36c1a] 20:49:00.652 [ReconcilerExecutor-hivemq-controller-118] INFO  c.h.p.o.h.AbstractHiveMQReconcilerStateHandler - [helmroll] Update HiveMQ Platform Status (RUNNING [READY] -> ROLLING_RESTART [SURGE_IN_PROGRESS]): HiveMQ Platform is starting a surge Pod (rolling restart)
2025-01-28 20:49:00,746 DEBUG com.hivemq.helmcharts.util.K8sUtil - Comparing actual state 'ROLLING_RESTART' and waiting for 'ROLLING_RESTART'
2025-01-28 20:49:00,755 INFO c.h.h.t.HelmChartContainer - [hivemq-test-hivemq-platform] [hivemq-platform-operator] [72f36c1a] 20:49:00.753 [pool-6-thread-7] DEBUG c.h.p.o.d.PlatformServiceResource - [helmroll] Desired Platform services (3 services)
2025-01-28 20:49:00,756 DEBUG com.hivemq.helmcharts.util.K8sUtil - Comparing actual state 'ROLLING_RESTART' and waiting for 'RUNNING'
2025-01-28 20:49:00,758 INFO c.h.h.t.HelmChartContainer - [hivemq-test-hivemq-platform] [hivemq-platform-operator] [72f36c1a] 20:49:00.754 [pool-6-thread-2] DEBUG c.h.p.o.dependants.PodInfoConfigMap - [helmroll] Desired PodInfo ConfigMap (1 extensions) (1 enabled)
2025-01-28 20:49:00,760 INFO c.h.h.t.HelmChartContainer - [hivemq-test-hivemq-platform] [hivemq-platform-operator] [72f36c1a] 20:49:00.759 [pool-6-thread-2] DEBUG c.h.p.o.dependants.PodInfoConfigMap - [helmroll] Desired PodInfo ConfigMap (metrics port: 9399) (metrics path: /)
2025-01-28 20:49:00,760 INFO c.h.h.t.HelmChartContainer - [hivemq-test-hivemq-platform] [hivemq-platform-operator] [72f36c1a] 20:49:00.759 [pool-6-thread-2] DEBUG c.h.p.o.dependants.PodInfoConfigMap - [helmroll] Desired PodInfo ConfigMap (extension state hash: -1817474005)
2025-01-28 20:49:00,792 INFO c.h.h.t.HelmChartContainer - [hivemq-test-hivemq-platform] [hivemq-platform-operator] [72f36c1a] 20:49:00.791 [pool-6-thread-3] DEBUG c.h.p.o.d.PodServiceAccountResource - [helmroll] Desired PodServiceAccountResource (serviceAccountName: hivemq-platform-pod-test-hivemq-platform)
2025-01-28 20:49:00,837 INFO c.h.h.t.HelmChartContainer - [hivemq-test-hivemq-platform] [hivemq-platform-operator] [72f36c1a] 20:49:00.835 [pool-6-thread-2] DEBUG c.h.p.o.dependants.PodInfoConfigMap - [helmroll] Update PodInfo ConfigMap
2025-01-28 20:49:00,848 INFO c.h.h.t.HelmChartContainer - [hivemq-test-hivemq-platform] [hivemq-platform-operator] [72f36c1a] 20:49:00.847 [pool-6-thread-2] DEBUG c.h.p.o.d.StatefulSetResource - [helmroll] Desired StatefulSet (2 replicas) for status ROLLING_RESTART (SURGE_IN_PROGRESS)
2025-01-28 20:49:00,853 INFO c.h.h.t.HelmChartContainer - [hivemq-test-hivemq-platform] [hivemq-platform-operator] [72f36c1a] 20:49:00.852 [pool-6-thread-2] DEBUG c.h.p.o.d.StatefulSetResource - [helmroll] Update StatefulSet (replicas: 1 -> 2)
2025-01-28 20:49:00,876 INFO c.h.h.t.HelmChartContainer - [POD] test-hivemq-platform-1 [3bdd009f-b36d-4563-a5bc-70578c28a77a] in helmrollingupgradeplatformit was ADDED
2025-01-28 20:49:00,877 INFO c.h.h.t.HelmChartContainer - [EVENT] Normal [SuccessfulCreate] create Pod test-hivemq-platform-1 in StatefulSet test-hivemq-platform successful [helmrollingupgradeplatformit:test-hivemq-platform]
2025-01-28 20:49:00,882 INFO c.h.h.t.HelmChartContainer - [POD] test-hivemq-platform-1 [3bdd009f-b36d-4563-a5bc-70578c28a77a] in helmrollingupgradeplatformit was MODIFIED
2025-01-28 20:49:00,882 INFO c.h.h.t.HelmChartContainer - [EVENT] Normal [Scheduled] Successfully assigned helmrollingupgradeplatformit/test-hivemq-platform-1 to a51fb6dbb334 [helmrollingupgradeplatformit:test-hivemq-platform-1]
2025-01-28 20:49:00,891 INFO c.h.h.t.HelmChartContainer - [POD] test-hivemq-platform-1 [3bdd009f-b36d-4563-a5bc-70578c28a77a] in helmrollingupgradeplatformit was MODIFIED
2025-01-28 20:49:00,946 INFO c.h.h.t.HelmChartContainer - [hivemq-test-hivemq-platform] [hivemq-platform-operator] [72f36c1a] 20:49:00.943 [ReconcilerExecutor-hivemq-controller-120] INFO  c.h.p.o.HiveMQPlatformReconciler - [helmroll] Reconciling HiveMQ Platform 'test-hivemq-platform' in namespace 'helmrollingupgradeplatformit'
2025-01-28 20:49:00,946 INFO c.h.h.t.HelmChartContainer - [hivemq-test-hivemq-platform] [hivemq-platform-operator] [72f36c1a] 20:49:00.943 [ReconcilerExecutor-hivemq-controller-120] DEBUG c.h.p.o.HiveMQPlatformReconciler - [helmroll] Custom Resource Status ROLLING_RESTART - HiveMQ Platform is starting a surge Pod (rolling restart) (SURGE_IN_PROGRESS)
2025-01-28 20:49:00,946 INFO c.h.h.t.HelmChartContainer - [hivemq-test-hivemq-platform] [hivemq-platform-operator] [72f36c1a] 20:49:00.943 [ReconcilerExecutor-hivemq-controller-120] DEBUG c.h.p.o.HiveMQPlatformReconciler - [helmroll] Custom Resource Spec (replicas: 1) (extensions: 1)
2025-01-28 20:49:00,974 INFO c.h.h.t.HelmChartContainer - [K3S] [reconciler_common.go:251] "operationExecutor.VerifyControllerAttachedVolume started for volume \"pod-info\" (UniqueName: \"kubernetes.io/configmap/3bdd009f-b36d-4563-a5bc-70578c28a77a-pod-info\") pod \"test-hivemq-platform-1\" (UID: \"3bdd009f-b36d-4563-a5bc-70578c28a77a\") " pod="helmrollingupgradeplatformit/test-hivemq-platform-1"
2025-01-28 20:49:00,974 INFO c.h.h.t.HelmChartContainer - [K3S] [reconciler_common.go:251] "operationExecutor.VerifyControllerAttachedVolume started for volume \"broker-configuration\" (UniqueName: \"kubernetes.io/configmap/3bdd009f-b36d-4563-a5bc-70578c28a77a-broker-configuration\") pod \"test-hivemq-platform-1\" (UID: \"3bdd009f-b36d-4563-a5bc-70578c28a77a\") " pod="helmrollingupgradeplatformit/test-hivemq-platform-1"
2025-01-28 20:49:00,974 INFO c.h.h.t.HelmChartContainer - [K3S] [reconciler_common.go:251] "operationExecutor.VerifyControllerAttachedVolume started for volume \"operator-init\" (UniqueName: \"kubernetes.io/empty-dir/3bdd009f-b36d-4563-a5bc-70578c28a77a-operator-init\") pod \"test-hivemq-platform-1\" (UID: \"3bdd009f-b36d-4563-a5bc-70578c28a77a\") " pod="helmrollingupgradeplatformit/test-hivemq-platform-1"
2025-01-28 20:49:00,974 INFO c.h.h.t.HelmChartContainer - [K3S] [reconciler_common.go:251] "operationExecutor.VerifyControllerAttachedVolume started for volume \"kube-api-access-nxwwm\" (UniqueName: \"kubernetes.io/projected/3bdd009f-b36d-4563-a5bc-70578c28a77a-kube-api-access-nxwwm\") pod \"test-hivemq-platform-1\" (UID: \"3bdd009f-b36d-4563-a5bc-70578c28a77a\") " pod="helmrollingupgradeplatformit/test-hivemq-platform-1"
2025-01-28 20:49:01,140 INFO c.h.h.t.HelmChartContainer - [hivemq-test-hivemq-platform] [hivemq-platform-operator] [72f36c1a] 20:49:01.135 [ReconcilerExecutor-hivemq-controller-120] DEBUG c.h.p.o.HiveMQPlatformReconciler - [helmroll] StatefulSet Status (revision: test-hivemq-platform-945c6dcb4, replicas: 1, available: 1, ready: 1, current: 1, updated: 0)
2025-01-28 20:49:01,140 INFO c.h.h.t.HelmChartContainer - [hivemq-test-hivemq-platform] [hivemq-platform-operator] [72f36c1a] 20:49:01.135 [ReconcilerExecutor-hivemq-controller-120] DEBUG c.h.p.o.HiveMQPlatformReconciler - [helmroll] StatefulSet Spec (replicas: 2, init containers: 1, containers: 1, volumes: 3)
2025-01-28 20:49:01,142 INFO c.h.h.t.HelmChartContainer - [hivemq-test-hivemq-platform] [hivemq-platform-operator] [72f36c1a] 20:49:01.138 [ReconcilerExecutor-hivemq-controller-120] DEBUG c.h.p.o.h.HiveMQPlatformReconcilerErrorHandler - [helmroll] Pod 'test-hivemq-platform-1' phase Pending
2025-01-28 20:49:01,143 INFO c.h.h.t.HelmChartContainer - [hivemq-test-hivemq-platform] [hivemq-platform-operator] [72f36c1a] 20:49:01.139 [ReconcilerExecutor-hivemq-controller-120] DEBUG c.h.p.o.h.HiveMQPlatformReconcilerErrorHandler - [helmroll] Pod 'test-hivemq-platform-1' condition 'PodReadyToStartContainers': False
2025-01-28 20:49:01,143 INFO c.h.h.t.HelmChartContainer - [hivemq-test-hivemq-platform] [hivemq-platform-operator] [72f36c1a] 20:49:01.139 [ReconcilerExecutor-hivemq-controller-120] DEBUG c.h.p.o.h.HiveMQPlatformReconcilerErrorHandler - [helmroll] Pod 'test-hivemq-platform-1' condition 'Initialized': False
2025-01-28 20:49:01,143 INFO c.h.h.t.HelmChartContainer - [hivemq-test-hivemq-platform] [hivemq-platform-operator] [72f36c1a] 20:49:01.139 [ReconcilerExecutor-hivemq-controller-120] DEBUG c.h.p.o.h.HiveMQPlatformReconcilerErrorHandler - [helmroll] Pod 'test-hivemq-platform-1' condition 'Ready': False
2025-01-28 20:49:01,143 INFO c.h.h.t.HelmChartContainer - [hivemq-test-hivemq-platform] [hivemq-platform-operator] [72f36c1a] 20:49:01.139 [ReconcilerExecutor-hivemq-controller-120] DEBUG c.h.p.o.h.HiveMQPlatformReconcilerErrorHandler - [helmroll] Pod 'test-hivemq-platform-1' condition 'ContainersReady': False
2025-01-28 20:49:01,143 INFO c.h.h.t.HelmChartContainer - [hivemq-test-hivemq-platform] [hivemq-platform-operator] [72f36c1a] 20:49:01.139 [ReconcilerExecutor-hivemq-controller-120] DEBUG c.h.p.o.h.HiveMQPlatformReconcilerErrorHandler - [helmroll] Pod 'test-hivemq-platform-1' condition 'PodScheduled': True
2025-01-28 20:49:01,143 INFO c.h.h.t.HelmChartContainer - [hivemq-test-hivemq-platform] [hivemq-platform-operator] [72f36c1a] 20:49:01.140 [ReconcilerExecutor-hivemq-controller-120] DEBUG c.h.p.o.h.HiveMQPlatformReconcilerErrorHandler - [helmroll] Pod 'test-hivemq-platform-1' containerStatus 'hivemq' (started: false) (ready: false) (waiting: [PodInitializing] null)
2025-01-28 20:49:01,143 INFO c.h.h.t.HelmChartContainer - [hivemq-test-hivemq-platform] [hivemq-platform-operator] [72f36c1a] 20:49:01.141 [ReconcilerExecutor-hivemq-controller-120] DEBUG c.h.p.o.h.HiveMQPlatformReconcilerErrorHandler - [helmroll] Pod 'test-hivemq-platform-0' phase Running
2025-01-28 20:49:01,143 INFO c.h.h.t.HelmChartContainer - [hivemq-test-hivemq-platform] [hivemq-platform-operator] [72f36c1a] 20:49:01.142 [ReconcilerExecutor-hivemq-controller-120] DEBUG c.h.p.o.h.HiveMQPlatformReconcilerRollingRestartHandler - [helmroll] Rolling restart is waiting for 1 of 2 replicas
2025-01-28 20:49:01,149 INFO c.h.h.t.HelmChartContainer - [hivemq-test-hivemq-platform] [hivemq-platform-operator] [72f36c1a] 20:49:01.148 [pool-6-thread-15] DEBUG c.h.p.o.d.PlatformServiceResource - [helmroll] Desired Platform services (3 services)
2025-01-28 20:49:01,151 INFO c.h.h.t.HelmChartContainer - [hivemq-test-hivemq-platform] [hivemq-platform-operator] [72f36c1a] 20:49:01.149 [pool-6-thread-14] DEBUG c.h.p.o.dependants.PodInfoConfigMap - [helmroll] Desired PodInfo ConfigMap (1 extensions) (1 enabled)
2025-01-28 20:49:01,151 INFO c.h.h.t.HelmChartContainer - [hivemq-test-hivemq-platform] [hivemq-platform-operator] [72f36c1a] 20:49:01.150 [pool-6-thread-14] DEBUG c.h.p.o.dependants.PodInfoConfigMap - [helmroll] Desired PodInfo ConfigMap (metrics port: 9399) (metrics path: /)
2025-01-28 20:49:01,151 INFO c.h.h.t.HelmChartContainer - [hivemq-test-hivemq-platform] [hivemq-platform-operator] [72f36c1a] 20:49:01.150 [pool-6-thread-14] DEBUG c.h.p.o.dependants.PodInfoConfigMap - [helmroll] Desired PodInfo ConfigMap (extension state hash: -1817474005)
2025-01-28 20:49:01,153 INFO c.h.h.t.HelmChartContainer - [hivemq-test-hivemq-platform] [hivemq-platform-operator] [72f36c1a] 20:49:01.152 [pool-6-thread-15] DEBUG c.h.p.o.d.PodServiceAccountResource - [helmroll] Desired PodServiceAccountResource (serviceAccountName: hivemq-platform-pod-test-hivemq-platform)
2025-01-28 20:49:01,157 INFO c.h.h.t.HelmChartContainer - [hivemq-test-hivemq-platform] [hivemq-platform-operator] [72f36c1a] 20:49:01.156 [pool-6-thread-12] DEBUG c.h.p.o.d.StatefulSetResource - [helmroll] Desired StatefulSet (2 replicas) for status ROLLING_RESTART (SURGE_IN_PROGRESS)
2025-01-28 20:49:01,241 INFO c.h.h.t.HelmChartContainer - [hivemq-test-hivemq-platform] [hivemq-platform-operator] [72f36c1a] 20:49:01.239 [ReconcilerExecutor-hivemq-controller-122] INFO  c.h.p.o.HiveMQPlatformReconciler - [helmroll] Reconciling HiveMQ Platform 'test-hivemq-platform' in namespace 'helmrollingupgradeplatformit'
2025-01-28 20:49:01,245 INFO c.h.h.t.HelmChartContainer - [hivemq-test-hivemq-platform] [hivemq-platform-operator] [72f36c1a] 20:49:01.241 [ReconcilerExecutor-hivemq-controller-122] DEBUG c.h.p.o.HiveMQPlatformReconciler - [helmroll] Custom Resource Status ROLLING_RESTART - HiveMQ Platform is starting a surge Pod (rolling restart) (SURGE_IN_PROGRESS)
2025-01-28 20:49:01,245 INFO c.h.h.t.HelmChartContainer - [hivemq-test-hivemq-platform] [hivemq-platform-operator] [72f36c1a] 20:49:01.241 [ReconcilerExecutor-hivemq-controller-122] DEBUG c.h.p.o.HiveMQPlatformReconciler - [helmroll] Custom Resource Spec (replicas: 1) (extensions: 1)
2025-01-28 20:49:01,245 INFO c.h.h.t.HelmChartContainer - [hivemq-test-hivemq-platform] [hivemq-platform-operator] [72f36c1a] 20:49:01.243 [ReconcilerExecutor-hivemq-controller-122] DEBUG c.h.p.o.HiveMQPlatformReconciler - [helmroll] StatefulSet Status (revision: test-hivemq-platform-945c6dcb4, replicas: 2, available: 1, ready: 1, current: 1, updated: 1)
2025-01-28 20:49:01,245 INFO c.h.h.t.HelmChartContainer - [hivemq-test-hivemq-platform] [hivemq-platform-operator] [72f36c1a] 20:49:01.243 [ReconcilerExecutor-hivemq-controller-122] DEBUG c.h.p.o.HiveMQPlatformReconciler - [helmroll] StatefulSet Spec (replicas: 2, init containers: 1, containers: 1, volumes: 3)
2025-01-28 20:49:01,246 INFO c.h.h.t.HelmChartContainer - [hivemq-test-hivemq-platform] [hivemq-platform-operator] [72f36c1a] 20:49:01.245 [ReconcilerExecutor-hivemq-controller-122] DEBUG c.h.p.o.h.HiveMQPlatformReconcilerErrorHandler - [helmroll] Pod 'test-hivemq-platform-1' phase Pending
2025-01-28 20:49:01,247 INFO c.h.h.t.HelmChartContainer - [hivemq-test-hivemq-platform] [hivemq-platform-operator] [72f36c1a] 20:49:01.245 [ReconcilerExecutor-hivemq-controller-122] DEBUG c.h.p.o.h.HiveMQPlatformReconcilerErrorHandler - [helmroll] Pod 'test-hivemq-platform-1' condition 'PodReadyToStartContainers': False
2025-01-28 20:49:01,247 INFO c.h.h.t.HelmChartContainer - [hivemq-test-hivemq-platform] [hivemq-platform-operator] [72f36c1a] 20:49:01.245 [ReconcilerExecutor-hivemq-controller-122] DEBUG c.h.p.o.h.HiveMQPlatformReconcilerErrorHandler - [helmroll] Pod 'test-hivemq-platform-1' condition 'Initialized': False
2025-01-28 20:49:01,247 INFO c.h.h.t.HelmChartContainer - [hivemq-test-hivemq-platform] [hivemq-platform-operator] [72f36c1a] 20:49:01.245 [ReconcilerExecutor-hivemq-controller-122] DEBUG c.h.p.o.h.HiveMQPlatformReconcilerErrorHandler - [helmroll] Pod 'test-hivemq-platform-1' condition 'Ready': False
2025-01-28 20:49:01,247 INFO c.h.h.t.HelmChartContainer - [hivemq-test-hivemq-platform] [hivemq-platform-operator] [72f36c1a] 20:49:01.245 [ReconcilerExecutor-hivemq-controller-122] DEBUG c.h.p.o.h.HiveMQPlatformReconcilerErrorHandler - [helmroll] Pod 'test-hivemq-platform-1' condition 'ContainersReady': False
2025-01-28 20:49:01,247 INFO c.h.h.t.HelmChartContainer - [hivemq-test-hivemq-platform] [hivemq-platform-operator] [72f36c1a] 20:49:01.245 [ReconcilerExecutor-hivemq-controller-122] DEBUG c.h.p.o.h.HiveMQPlatformReconcilerErrorHandler - [helmroll] Pod 'test-hivemq-platform-1' condition 'PodScheduled': True
2025-01-28 20:49:01,247 INFO c.h.h.t.HelmChartContainer - [hivemq-test-hivemq-platform] [hivemq-platform-operator] [72f36c1a] 20:49:01.245 [ReconcilerExecutor-hivemq-controller-122] DEBUG c.h.p.o.h.HiveMQPlatformReconcilerErrorHandler - [helmroll] Pod 'test-hivemq-platform-1' containerStatus 'hivemq' (started: false) (ready: false) (waiting: [PodInitializing] null)
2025-01-28 20:49:01,247 INFO c.h.h.t.HelmChartContainer - [hivemq-test-hivemq-platform] [hivemq-platform-operator] [72f36c1a] 20:49:01.246 [ReconcilerExecutor-hivemq-controller-122] DEBUG c.h.p.o.h.HiveMQPlatformReconcilerErrorHandler - [helmroll] Pod 'test-hivemq-platform-0' phase Running
2025-01-28 20:49:01,249 INFO c.h.h.t.HelmChartContainer - [hivemq-test-hivemq-platform] [hivemq-platform-operator] [72f36c1a] 20:49:01.247 [ReconcilerExecutor-hivemq-controller-122] DEBUG c.h.p.o.h.HiveMQPlatformReconcilerRollingRestartHandler - [helmroll] Rolling restart is waiting for 1 of 2 replicas
2025-01-28 20:49:01,298 INFO c.h.h.t.HelmChartContainer - [EVENT] Normal [Pulled] Container image "docker.io/hivemq/hivemq-platform-operator-init-test:snapshot" already present on machine [helmrollingupgradeplatformit:test-hivemq-platform-1]
2025-01-28 20:49:01,306 INFO c.h.h.t.HelmChartContainer - [EVENT] Normal [Created] Created container: hivemq-platform-operator-init [helmrollingupgradeplatformit:test-hivemq-platform-1]
2025-01-28 20:49:01,374 INFO c.h.h.t.HelmChartContainer - [EVENT] Normal [Started] Started container hivemq-platform-operator-init [helmrollingupgradeplatformit:test-hivemq-platform-1]
2025-01-28 20:49:01,563 INFO c.h.h.t.HelmChartContainer - [EVENT] Normal [Pulled] Container image "docker.io/hivemq/hivemq4:4.36.0" already present on machine [helmrollingupgradeplatformit:test-hivemq-platform-1]
2025-01-28 20:49:01,563 INFO c.h.h.t.HelmChartContainer - Received Pulled event for container hivemq in pod test-hivemq-platform-1 [3bdd009f-b36d-4563-a5bc-70578c28a77a]
2025-01-28 20:49:01,577 INFO c.h.h.t.HelmChartContainer - [POD] test-hivemq-platform-1 [3bdd009f-b36d-4563-a5bc-70578c28a77a] in helmrollingupgradeplatformit was MODIFIED
2025-01-28 20:49:01,602 INFO c.h.h.t.HelmChartContainer - [hivemq-test-hivemq-platform] [hivemq-platform-operator] [72f36c1a] 20:49:01.589 [pool-6-thread-26] DEBUG c.h.p.o.d.PlatformServiceResource - [helmroll] Desired Platform services (3 services)
2025-01-28 20:49:01,602 INFO c.h.h.t.HelmChartContainer - [hivemq-test-hivemq-platform] [hivemq-platform-operator] [72f36c1a] 20:49:01.593 [pool-6-thread-27] DEBUG c.h.p.o.dependants.PodInfoConfigMap - [helmroll] Desired PodInfo ConfigMap (1 extensions) (1 enabled)
2025-01-28 20:49:01,602 INFO c.h.h.t.HelmChartContainer - [hivemq-test-hivemq-platform] [hivemq-platform-operator] [72f36c1a] 20:49:01.594 [pool-6-thread-27] DEBUG c.h.p.o.dependants.PodInfoConfigMap - [helmroll] Desired PodInfo ConfigMap (metrics port: 9399) (metrics path: /)
2025-01-28 20:49:01,602 INFO c.h.h.t.HelmChartContainer - [hivemq-test-hivemq-platform] [hivemq-platform-operator] [72f36c1a] 20:49:01.595 [pool-6-thread-27] DEBUG c.h.p.o.dependants.PodInfoConfigMap - [helmroll] Desired PodInfo ConfigMap (extension state hash: -1817474005)
2025-01-28 20:49:01,604 INFO c.h.h.t.HelmChartContainer - [hivemq-test-hivemq-platform] [hivemq-platform-operator] [72f36c1a] 20:49:01.601 [pool-6-thread-22] DEBUG c.h.p.o.d.PodServiceAccountResource - [helmroll] Desired PodServiceAccountResource (serviceAccountName: hivemq-platform-pod-test-hivemq-platform)
2025-01-28 20:49:01,619 INFO c.h.h.t.HelmChartContainer - [hivemq-test-hivemq-platform] [hivemq-platform-operator] [72f36c1a] 20:49:01.616 [pool-6-thread-26] DEBUG c.h.p.o.d.StatefulSetResource - [helmroll] Desired StatefulSet (2 replicas) for status ROLLING_RESTART (SURGE_IN_PROGRESS)
2025-01-28 20:49:01,641 INFO c.h.h.t.HelmChartContainer - [hivemq-test-hivemq-platform] [hivemq-platform-operator] [72f36c1a] 20:49:01.639 [ReconcilerExecutor-hivemq-controller-123] INFO  c.h.p.o.HiveMQPlatformReconciler - [helmroll] Reconciling HiveMQ Platform 'test-hivemq-platform' in namespace 'helmrollingupgradeplatformit'
2025-01-28 20:49:01,643 INFO c.h.h.t.HelmChartContainer - [hivemq-test-hivemq-platform] [hivemq-platform-operator] [72f36c1a] 20:49:01.640 [ReconcilerExecutor-hivemq-controller-123] DEBUG c.h.p.o.HiveMQPlatformReconciler - [helmroll] Custom Resource Status ROLLING_RESTART - HiveMQ Platform is starting a surge Pod (rolling restart) (SURGE_IN_PROGRESS)
2025-01-28 20:49:01,643 INFO c.h.h.t.HelmChartContainer - [hivemq-test-hivemq-platform] [hivemq-platform-operator] [72f36c1a] 20:49:01.640 [ReconcilerExecutor-hivemq-controller-123] DEBUG c.h.p.o.HiveMQPlatformReconciler - [helmroll] Custom Resource Spec (replicas: 1) (extensions: 1)
2025-01-28 20:49:01,643 INFO c.h.h.t.HelmChartContainer - [hivemq-test-hivemq-platform] [hivemq-platform-operator] [72f36c1a] 20:49:01.642 [ReconcilerExecutor-hivemq-controller-123] DEBUG c.h.p.o.HiveMQPlatformReconciler - [helmroll] StatefulSet Status (revision: test-hivemq-platform-945c6dcb4, replicas: 2, available: 1, ready: 1, current: 1, updated: 1)
2025-01-28 20:49:01,643 INFO c.h.h.t.HelmChartContainer - [hivemq-test-hivemq-platform] [hivemq-platform-operator] [72f36c1a] 20:49:01.642 [ReconcilerExecutor-hivemq-controller-123] DEBUG c.h.p.o.HiveMQPlatformReconciler - [helmroll] StatefulSet Spec (replicas: 2, init containers: 1, containers: 1, volumes: 3)
2025-01-28 20:49:01,646 INFO c.h.h.t.HelmChartContainer - [hivemq-test-hivemq-platform] [hivemq-platform-operator] [72f36c1a] 20:49:01.644 [ReconcilerExecutor-hivemq-controller-123] DEBUG c.h.p.o.h.HiveMQPlatformReconcilerErrorHandler - [helmroll] Pod 'test-hivemq-platform-1' phase Pending
2025-01-28 20:49:01,646 INFO c.h.h.t.HelmChartContainer - [hivemq-test-hivemq-platform] [hivemq-platform-operator] [72f36c1a] 20:49:01.645 [ReconcilerExecutor-hivemq-controller-123] DEBUG c.h.p.o.h.HiveMQPlatformReconcilerErrorHandler - [helmroll] Pod 'test-hivemq-platform-1' condition 'PodReadyToStartContainers': True
2025-01-28 20:49:01,694 INFO c.h.h.t.HelmChartContainer - [hivemq-test-hivemq-platform] [hivemq-platform-operator] [72f36c1a] 20:49:01.691 [ReconcilerExecutor-hivemq-controller-123] DEBUG c.h.p.o.h.HiveMQPlatformReconcilerErrorHandler - [helmroll] Pod 'test-hivemq-platform-1' condition 'Initialized': True
2025-01-28 20:49:01,694 INFO c.h.h.t.HelmChartContainer - [hivemq-test-hivemq-platform] [hivemq-platform-operator] [72f36c1a] 20:49:01.691 [ReconcilerExecutor-hivemq-controller-123] DEBUG c.h.p.o.h.HiveMQPlatformReconcilerErrorHandler - [helmroll] Pod 'test-hivemq-platform-1' condition 'Ready': False
2025-01-28 20:49:01,694 INFO c.h.h.t.HelmChartContainer - [hivemq-test-hivemq-platform] [hivemq-platform-operator] [72f36c1a] 20:49:01.691 [ReconcilerExecutor-hivemq-controller-123] DEBUG c.h.p.o.h.HiveMQPlatformReconcilerErrorHandler - [helmroll] Pod 'test-hivemq-platform-1' condition 'ContainersReady': False
2025-01-28 20:49:01,697 INFO c.h.h.t.HelmChartContainer - [hivemq-test-hivemq-platform] [hivemq-platform-operator] [72f36c1a] 20:49:01.691 [ReconcilerExecutor-hivemq-controller-123] DEBUG c.h.p.o.h.HiveMQPlatformReconcilerErrorHandler - [helmroll] Pod 'test-hivemq-platform-1' condition 'PodScheduled': True
2025-01-28 20:49:01,697 INFO c.h.h.t.HelmChartContainer - [hivemq-test-hivemq-platform] [hivemq-platform-operator] [72f36c1a] 20:49:01.691 [ReconcilerExecutor-hivemq-controller-123] DEBUG c.h.p.o.h.HiveMQPlatformReconcilerErrorHandler - [helmroll] Pod 'test-hivemq-platform-1' containerStatus 'hivemq' (started: false) (ready: false) (waiting: [PodInitializing] null)
2025-01-28 20:49:01,699 INFO c.h.h.t.HelmChartContainer - [hivemq-test-hivemq-platform] [hivemq-platform-operator] [72f36c1a] 20:49:01.695 [ReconcilerExecutor-hivemq-controller-123] DEBUG c.h.p.o.h.HiveMQPlatformReconcilerErrorHandler - [helmroll] Pod 'test-hivemq-platform-0' phase Running
2025-01-28 20:49:01,699 INFO c.h.h.t.HelmChartContainer - [hivemq-test-hivemq-platform] [hivemq-platform-operator] [72f36c1a] 20:49:01.696 [ReconcilerExecutor-hivemq-controller-123] DEBUG c.h.p.o.h.HiveMQPlatformReconcilerRollingRestartHandler - [helmroll] Rolling restart is waiting for 1 of 2 replicas
2025-01-28 20:49:02,933 INFO c.h.h.t.HelmChartContainer - [EVENT] Normal [Created] Created container: hivemq [helmrollingupgradeplatformit:test-hivemq-platform-1]
2025-01-28 20:49:02,934 INFO c.h.h.t.HelmChartContainer - Received Created event for container hivemq in pod test-hivemq-platform-1 [3bdd009f-b36d-4563-a5bc-70578c28a77a]
2025-01-28 20:49:03,577 INFO c.h.h.t.HelmChartContainer - [POD] test-hivemq-platform-1 [3bdd009f-b36d-4563-a5bc-70578c28a77a] in helmrollingupgradeplatformit was MODIFIED
2025-01-28 20:49:03,588 INFO c.h.h.t.HelmChartContainer - [hivemq-test-hivemq-platform] [hivemq-platform-operator] [72f36c1a] 20:49:03.581 [pool-6-thread-35] DEBUG c.h.p.o.d.PlatformServiceResource - [helmroll] Desired Platform services (3 services)
2025-01-28 20:49:03,589 INFO c.h.h.t.HelmChartContainer - [hivemq-test-hivemq-platform] [hivemq-platform-operator] [72f36c1a] 20:49:03.583 [pool-6-thread-38] DEBUG c.h.p.o.d.PodServiceAccountResource - [helmroll] Desired PodServiceAccountResource (serviceAccountName: hivemq-platform-pod-test-hivemq-platform)
2025-01-28 20:49:03,589 INFO c.h.h.t.HelmChartContainer - [hivemq-test-hivemq-platform] [hivemq-platform-operator] [72f36c1a] 20:49:03.584 [pool-6-thread-39] DEBUG c.h.p.o.dependants.PodInfoConfigMap - [helmroll] Desired PodInfo ConfigMap (1 extensions) (1 enabled)
2025-01-28 20:49:03,589 INFO c.h.h.t.HelmChartContainer - [hivemq-test-hivemq-platform] [hivemq-platform-operator] [72f36c1a] 20:49:03.588 [pool-6-thread-39] DEBUG c.h.p.o.dependants.PodInfoConfigMap - [helmroll] Desired PodInfo ConfigMap (metrics port: 9399) (metrics path: /)
2025-01-28 20:49:03,589 INFO c.h.h.t.HelmChartContainer - [hivemq-test-hivemq-platform] [hivemq-platform-operator] [72f36c1a] 20:49:03.588 [pool-6-thread-39] DEBUG c.h.p.o.dependants.PodInfoConfigMap - [helmroll] Desired PodInfo ConfigMap (extension state hash: -1817474005)
2025-01-28 20:49:03,595 INFO c.h.h.t.HelmChartContainer - [hivemq-test-hivemq-platform] [hivemq-platform-operator] [72f36c1a] 20:49:03.592 [pool-6-thread-32] DEBUG c.h.p.o.d.StatefulSetResource - [helmroll] Desired StatefulSet (2 replicas) for status ROLLING_RESTART (SURGE_IN_PROGRESS)
2025-01-28 20:49:03,599 INFO c.h.h.t.HelmChartContainer - [EVENT] Normal [Started] Started container hivemq [helmrollingupgradeplatformit:test-hivemq-platform-1]
2025-01-28 20:49:03,599 INFO c.h.h.t.HelmChartContainer - Started log watcher for hivemq in pod test-hivemq-platform-1 [3bdd009f-b36d-4563-a5bc-70578c28a77a]
2025-01-28 20:49:03,600 INFO c.h.h.t.HelmChartContainer - Received Started event for container hivemq in pod test-hivemq-platform-1 [3bdd009f-b36d-4563-a5bc-70578c28a77a]
2025-01-28 20:49:03,600 INFO c.h.h.t.HelmChartContainer - [test-hivemq-platform] [hivemq] [3bdd009f] Adding pre-installed HiveMQ Platform Operator extensions
2025-01-28 20:49:03,600 INFO c.h.h.t.HelmChartContainer - [test-hivemq-platform] [hivemq] [3bdd009f] Running as user 10000
2025-01-28 20:49:03,600 INFO c.h.h.t.HelmChartContainer - [test-hivemq-platform] [hivemq] [3bdd009f] Starting HiveMQ Platform Operator Init
2025-01-28 20:49:03,603 INFO c.h.h.t.HelmChartContainer - [hivemq-test-hivemq-platform] [hivemq-platform-operator] [72f36c1a] 20:49:03.596 [ReconcilerExecutor-hivemq-controller-124] INFO  c.h.p.o.HiveMQPlatformReconciler - [helmroll] Reconciling HiveMQ Platform 'test-hivemq-platform' in namespace 'helmrollingupgradeplatformit'
2025-01-28 20:49:03,603 INFO c.h.h.t.HelmChartContainer - [hivemq-test-hivemq-platform] [hivemq-platform-operator] [72f36c1a] 20:49:03.596 [ReconcilerExecutor-hivemq-controller-124] DEBUG c.h.p.o.HiveMQPlatformReconciler - [helmroll] Custom Resource Status ROLLING_RESTART - HiveMQ Platform is starting a surge Pod (rolling restart) (SURGE_IN_PROGRESS)
2025-01-28 20:49:03,603 INFO c.h.h.t.HelmChartContainer - [hivemq-test-hivemq-platform] [hivemq-platform-operator] [72f36c1a] 20:49:03.596 [ReconcilerExecutor-hivemq-controller-124] DEBUG c.h.p.o.HiveMQPlatformReconciler - [helmroll] Custom Resource Spec (replicas: 1) (extensions: 1)
2025-01-28 20:49:03,603 INFO c.h.h.t.HelmChartContainer - [hivemq-test-hivemq-platform] [hivemq-platform-operator] [72f36c1a] 20:49:03.598 [ReconcilerExecutor-hivemq-controller-124] DEBUG c.h.p.o.HiveMQPlatformReconciler - [helmroll] StatefulSet Status (revision: test-hivemq-platform-945c6dcb4, replicas: 2, available: 1, ready: 1, current: 1, updated: 1)
2025-01-28 20:49:03,603 INFO c.h.h.t.HelmChartContainer - [hivemq-test-hivemq-platform] [hivemq-platform-operator] [72f36c1a] 20:49:03.598 [ReconcilerExecutor-hivemq-controller-124] DEBUG c.h.p.o.HiveMQPlatformReconciler - [helmroll] StatefulSet Spec (replicas: 2, init containers: 1, containers: 1, volumes: 3)
2025-01-28 20:49:03,606 INFO c.h.h.t.HelmChartContainer - [hivemq-test-hivemq-platform] [hivemq-platform-operator] [72f36c1a] 20:49:03.600 [ReconcilerExecutor-hivemq-controller-124] DEBUG c.h.p.o.h.HiveMQPlatformReconcilerErrorHandler - [helmroll] Pod 'test-hivemq-platform-1' phase Running
2025-01-28 20:49:03,606 INFO c.h.h.t.HelmChartContainer - [hivemq-test-hivemq-platform] [hivemq-platform-operator] [72f36c1a] 20:49:03.603 [ReconcilerExecutor-hivemq-controller-124] DEBUG c.h.p.o.h.HiveMQPlatformReconcilerErrorHandler - [helmroll] Pod 'test-hivemq-platform-0' phase Running
2025-01-28 20:49:03,606 INFO c.h.h.t.HelmChartContainer - [hivemq-test-hivemq-platform] [hivemq-platform-operator] [72f36c1a] 20:49:03.603 [ReconcilerExecutor-hivemq-controller-124] DEBUG c.h.p.o.h.HiveMQPlatformReconcilerRollingRestartHandler - [helmroll] Rolling restart is waiting for 1 of 2 replicas
2025-01-28 20:49:04,537 INFO c.h.h.t.HelmChartContainer - [test-hivemq-platform] [hivemq] [3bdd009f] INFO  - [HiveMQ Platform Operator Init 1.7.0-SNAPSHOT] HiveMQ Platform Operator Init 1.7.0-SNAPSHOT (commit: bebf408 on branch: HEAD) built on Sun Jan 26 20:47:47 UTC 2025
2025-01-28 20:49:05,957 INFO c.h.h.t.HelmChartContainer - [test-hivemq-platform] [hivemq] [3bdd009f] INFO  - [HiveMQ Platform Operator Init App 1.7.0-SNAPSHOT] Using bind address 10.42.0.14 from environment variable
2025-01-28 20:49:07,130 INFO c.h.h.t.HelmChartContainer - [test-hivemq-platform] [hivemq] [3bdd009f] INFO  - [HiveMQ Platform Operator Init App 1.7.0-SNAPSHOT] HiveMQ Platform Operator Init App 1.7.0-SNAPSHOT (commit: bebf408 on branch: HEAD) built on Sun Jan 26 20:47:47 UTC 2025
2025-01-28 20:49:07,130 INFO c.h.h.t.HelmChartContainer - [test-hivemq-platform] [hivemq] [3bdd009f] INFO  - [HiveMQ Platform Operator Init App 1.7.0-SNAPSHOT] PodInfo ConfigMap directory: /etc/podinfo
2025-01-28 20:49:07,130 INFO c.h.h.t.HelmChartContainer - [test-hivemq-platform] [hivemq] [3bdd009f] INFO  - [HiveMQ Platform Operator Init App 1.7.0-SNAPSHOT] HiveMQ home directory: /opt/hivemq
2025-01-28 20:49:07,130 INFO c.h.h.t.HelmChartContainer - [test-hivemq-platform] [hivemq] [3bdd009f] INFO  - [HiveMQ Platform Operator Init App 1.7.0-SNAPSHOT] HiveMQ Logback folder: /opt/hivemq/conf
2025-01-28 20:49:07,130 INFO c.h.h.t.HelmChartContainer - [test-hivemq-platform] [hivemq] [3bdd009f] INFO  - [HiveMQ Platform Operator Init App 1.7.0-SNAPSHOT] HiveMQ Config folder: /opt/hivemq/conf-k8s
2025-01-28 20:49:07,130 INFO c.h.h.t.HelmChartContainer - [test-hivemq-platform] [hivemq] [3bdd009f] INFO  - [HiveMQ Platform Operator Init App 1.7.0-SNAPSHOT] Starting HiveMQ Platform Operator Init App
2025-01-28 20:49:07,130 INFO c.h.h.t.HelmChartContainer - [test-hivemq-platform] [hivemq] [3bdd009f] INFO  - [HiveMQ Platform Operator Init App 1.7.0-SNAPSHOT] Starting Pod reconciler
2025-01-28 20:49:08,744 INFO c.h.h.t.HelmChartContainer - [test-hivemq-platform] [hivemq] [3bdd009f] INFO  - [HiveMQ Platform Operator Init App 1.7.0-SNAPSHOT] Pod reconciler is scheduled (interval: 5000 ms)
2025-01-28 20:49:08,745 INFO c.h.h.t.HelmChartContainer - [test-hivemq-platform] [hivemq] [3bdd009f] INFO  - [HiveMQ Platform Operator Init App 1.7.0-SNAPSHOT] Starting the REST API on 10.42.0.14:7979
2025-01-28 20:49:08,748 INFO c.h.h.t.HelmChartContainer - [test-hivemq-platform] [hivemq] [3bdd009f] INFO  - [HiveMQ Platform Operator Init App 1.7.0-SNAPSHOT] Waiting up to 600s for at most 2 HiveMQ nodes in cluster service hivemq-test-hivemq-platform-cluster.helmrollingupgradeplatformit.svc
2025-01-28 20:49:09,230 INFO c.h.h.t.HelmChartContainer - [test-hivemq-platform] [hivemq] [3bdd009f] INFO  - [HiveMQ Platform Operator Init App 1.7.0-SNAPSHOT] Resolved 2 IP addresses: [10.42.0.13, 10.42.0.14]
2025-01-28 20:49:09,230 INFO c.h.h.t.HelmChartContainer - [test-hivemq-platform] [hivemq] [3bdd009f] INFO  - [HiveMQ Platform Operator Init App 1.7.0-SNAPSHOT] HiveMQ node count of 2 is within threshold of 2
2025-01-28 20:49:09,230 INFO c.h.h.t.HelmChartContainer - [test-hivemq-platform] [hivemq] [3bdd009f] INFO  - [HiveMQ Platform Operator Init App 1.7.0-SNAPSHOT] Waiting 15s for previous shutdown replication to finish...
2025-01-28 20:49:09,577 INFO c.h.h.t.HelmChartContainer - [test-hivemq-platform] [hivemq] [3bdd009f] INFO  - [HiveMQ Platform Operator Init App 1.7.0-SNAPSHOT] Returning default Health API response 503 for readiness
2025-01-28 20:49:09,741 INFO c.h.h.t.HelmChartContainer - [EVENT] Warning [Unhealthy] Readiness probe failed: HTTP probe failed with statuscode: 503 [helmrollingupgradeplatformit:test-hivemq-platform-1]
2025-01-28 20:49:09,741 INFO c.h.h.t.HelmChartContainer - Received Unhealthy event for container hivemq in pod test-hivemq-platform-1 [3bdd009f-b36d-4563-a5bc-70578c28a77a]
2025-01-28 20:49:13,610 INFO c.h.h.t.HelmChartContainer - [hivemq-test-hivemq-platform] [hivemq-platform-operator] [72f36c1a] 20:49:13.608 [pool-6-thread-47] DEBUG c.h.p.o.d.PlatformServiceResource - [helmroll] Desired Platform services (3 services)
2025-01-28 20:49:13,612 INFO c.h.h.t.HelmChartContainer - [hivemq-test-hivemq-platform] [hivemq-platform-operator] [72f36c1a] 20:49:13.609 [pool-6-thread-43] DEBUG c.h.p.o.dependants.PodInfoConfigMap - [helmroll] Desired PodInfo ConfigMap (1 extensions) (1 enabled)
2025-01-28 20:49:13,612 INFO c.h.h.t.HelmChartContainer - [hivemq-test-hivemq-platform] [hivemq-platform-operator] [72f36c1a] 20:49:13.609 [pool-6-thread-43] DEBUG c.h.p.o.dependants.PodInfoConfigMap - [helmroll] Desired PodInfo ConfigMap (metrics port: 9399) (metrics path: /)
2025-01-28 20:49:13,612 INFO c.h.h.t.HelmChartContainer - [hivemq-test-hivemq-platform] [hivemq-platform-operator] [72f36c1a] 20:49:13.609 [pool-6-thread-43] DEBUG c.h.p.o.dependants.PodInfoConfigMap - [helmroll] Desired PodInfo ConfigMap (extension state hash: -1817474005)
2025-01-28 20:49:13,612 INFO c.h.h.t.HelmChartContainer - [hivemq-test-hivemq-platform] [hivemq-platform-operator] [72f36c1a] 20:49:13.610 [pool-6-thread-48] DEBUG c.h.p.o.d.PodServiceAccountResource - [helmroll] Desired PodServiceAccountResource (serviceAccountName: hivemq-platform-pod-test-hivemq-platform)
2025-01-28 20:49:13,616 INFO c.h.h.t.HelmChartContainer - [hivemq-test-hivemq-platform] [hivemq-platform-operator] [72f36c1a] 20:49:13.616 [pool-6-thread-47] DEBUG c.h.p.o.d.StatefulSetResource - [helmroll] Desired StatefulSet (2 replicas) for status ROLLING_RESTART (SURGE_IN_PROGRESS)
2025-01-28 20:49:13,620 INFO c.h.h.t.HelmChartContainer - [hivemq-test-hivemq-platform] [hivemq-platform-operator] [72f36c1a] 20:49:13.619 [ReconcilerExecutor-hivemq-controller-125] INFO  c.h.p.o.HiveMQPlatformReconciler - [helmroll] Reconciling HiveMQ Platform 'test-hivemq-platform' in namespace 'helmrollingupgradeplatformit'
2025-01-28 20:49:13,620 INFO c.h.h.t.HelmChartContainer - [hivemq-test-hivemq-platform] [hivemq-platform-operator] [72f36c1a] 20:49:13.619 [ReconcilerExecutor-hivemq-controller-125] DEBUG c.h.p.o.HiveMQPlatformReconciler - [helmroll] Custom Resource Status ROLLING_RESTART - HiveMQ Platform is starting a surge Pod (rolling restart) (SURGE_IN_PROGRESS)
2025-01-28 20:49:13,620 INFO c.h.h.t.HelmChartContainer - [hivemq-test-hivemq-platform] [hivemq-platform-operator] [72f36c1a] 20:49:13.619 [ReconcilerExecutor-hivemq-controller-125] DEBUG c.h.p.o.HiveMQPlatformReconciler - [helmroll] Custom Resource Spec (replicas: 1) (extensions: 1)
2025-01-28 20:49:13,622 INFO c.h.h.t.HelmChartContainer - [hivemq-test-hivemq-platform] [hivemq-platform-operator] [72f36c1a] 20:49:13.621 [ReconcilerExecutor-hivemq-controller-125] DEBUG c.h.p.o.HiveMQPlatformReconciler - [helmroll] StatefulSet Status (revision: test-hivemq-platform-945c6dcb4, replicas: 2, available: 1, ready: 1, current: 1, updated: 1)
2025-01-28 20:49:13,622 INFO c.h.h.t.HelmChartContainer - [hivemq-test-hivemq-platform] [hivemq-platform-operator] [72f36c1a] 20:49:13.621 [ReconcilerExecutor-hivemq-controller-125] DEBUG c.h.p.o.HiveMQPlatformReconciler - [helmroll] StatefulSet Spec (replicas: 2, init containers: 1, containers: 1, volumes: 3)
2025-01-28 20:49:13,624 INFO c.h.h.t.HelmChartContainer - [hivemq-test-hivemq-platform] [hivemq-platform-operator] [72f36c1a] 20:49:13.623 [ReconcilerExecutor-hivemq-controller-125] DEBUG c.h.p.o.h.HiveMQPlatformReconcilerErrorHandler - [helmroll] Pod 'test-hivemq-platform-1' phase Running
2025-01-28 20:49:13,625 INFO c.h.h.t.HelmChartContainer - [hivemq-test-hivemq-platform] [hivemq-platform-operator] [72f36c1a] 20:49:13.625 [ReconcilerExecutor-hivemq-controller-125] DEBUG c.h.p.o.h.HiveMQPlatformReconcilerErrorHandler - [helmroll] Pod 'test-hivemq-platform-0' phase Running
2025-01-28 20:49:13,626 INFO c.h.h.t.HelmChartContainer - [hivemq-test-hivemq-platform] [hivemq-platform-operator] [72f36c1a] 20:49:13.625 [ReconcilerExecutor-hivemq-controller-125] DEBUG c.h.p.o.h.HiveMQPlatformReconcilerRollingRestartHandler - [helmroll] Rolling restart is waiting for 1 of 2 replicas
2025-01-28 20:49:14,636 INFO c.h.h.t.HelmChartContainer - [EVENT] Warning [Unhealthy] Readiness probe failed: HTTP probe failed with statuscode: 503 [helmrollingupgradeplatformit:test-hivemq-platform-1]
2025-01-28 20:49:14,636 INFO c.h.h.t.HelmChartContainer - Received Unhealthy event for container hivemq in pod test-hivemq-platform-1 [3bdd009f-b36d-4563-a5bc-70578c28a77a]
2025-01-28 20:49:16,738 INFO c.h.h.t.HelmChartContainer - [test-hivemq-platform] [hivemq] [3bdd009f] INFO  - [HiveMQ Platform Operator Init App 1.7.0-SNAPSHOT] Updating Pod HiveMQ Platform Operator Init App version annotation (version: 1.7.0-SNAPSHOT)
2025-01-28 20:49:17,244 INFO c.h.h.t.HelmChartContainer - [POD] test-hivemq-platform-1 [3bdd009f-b36d-4563-a5bc-70578c28a77a] in helmrollingupgradeplatformit was MODIFIED
2025-01-28 20:49:17,248 INFO c.h.h.t.HelmChartContainer - [test-hivemq-platform] [hivemq] [3bdd009f] INFO  - [HiveMQ Platform Operator Init App 1.7.0-SNAPSHOT] Successfully updated Pod HiveMQ Platform Operator Init App version annotation (version: 1.7.0-SNAPSHOT)
2025-01-28 20:49:17,257 INFO c.h.h.t.HelmChartContainer - [hivemq-test-hivemq-platform] [hivemq-platform-operator] [72f36c1a] 20:49:17.255 [pool-6-thread-10] DEBUG c.h.p.o.d.PlatformServiceResource - [helmroll] Desired Platform services (3 services)
2025-01-28 20:49:17,263 INFO c.h.h.t.HelmChartContainer - [hivemq-test-hivemq-platform] [hivemq-platform-operator] [72f36c1a] 20:49:17.258 [pool-6-thread-1] DEBUG c.h.p.o.dependants.PodInfoConfigMap - [helmroll] Desired PodInfo ConfigMap (1 extensions) (1 enabled)
2025-01-28 20:49:17,263 INFO c.h.h.t.HelmChartContainer - [hivemq-test-hivemq-platform] [hivemq-platform-operator] [72f36c1a] 20:49:17.259 [pool-6-thread-1] DEBUG c.h.p.o.dependants.PodInfoConfigMap - [helmroll] Desired PodInfo ConfigMap (metrics port: 9399) (metrics path: /)
2025-01-28 20:49:17,263 INFO c.h.h.t.HelmChartContainer - [hivemq-test-hivemq-platform] [hivemq-platform-operator] [72f36c1a] 20:49:17.259 [pool-6-thread-1] DEBUG c.h.p.o.dependants.PodInfoConfigMap - [helmroll] Desired PodInfo ConfigMap (extension state hash: -1817474005)
2025-01-28 20:49:17,265 INFO c.h.h.t.HelmChartContainer - [EVENT] Warning [Unhealthy] Readiness probe failed: HTTP probe failed with statuscode: 503 [helmrollingupgradeplatformit:test-hivemq-platform-1]
2025-01-28 20:49:17,265 INFO c.h.h.t.HelmChartContainer - Received Unhealthy event for container hivemq in pod test-hivemq-platform-1 [3bdd009f-b36d-4563-a5bc-70578c28a77a]
2025-01-28 20:49:17,266 INFO c.h.h.t.HelmChartContainer - [hivemq-test-hivemq-platform] [hivemq-platform-operator] [72f36c1a] 20:49:17.262 [pool-6-thread-1] DEBUG c.h.p.o.d.PodServiceAccountResource - [helmroll] Desired PodServiceAccountResource (serviceAccountName: hivemq-platform-pod-test-hivemq-platform)
2025-01-28 20:49:17,266 INFO c.h.h.t.HelmChartContainer - [hivemq-test-hivemq-platform] [hivemq-platform-operator] [72f36c1a] 20:49:17.263 [pool-6-thread-10] DEBUG c.h.p.o.d.StatefulSetResource - [helmroll] Desired StatefulSet (2 replicas) for status ROLLING_RESTART (SURGE_IN_PROGRESS)
2025-01-28 20:49:17,267 INFO c.h.h.t.HelmChartContainer - [hivemq-test-hivemq-platform] [hivemq-platform-operator] [72f36c1a] 20:49:17.267 [ReconcilerExecutor-hivemq-controller-126] INFO  c.h.p.o.HiveMQPlatformReconciler - [helmroll] Reconciling HiveMQ Platform 'test-hivemq-platform' in namespace 'helmrollingupgradeplatformit'
2025-01-28 20:49:17,268 INFO c.h.h.t.HelmChartContainer - [hivemq-test-hivemq-platform] [hivemq-platform-operator] [72f36c1a] 20:49:17.267 [ReconcilerExecutor-hivemq-controller-126] DEBUG c.h.p.o.HiveMQPlatformReconciler - [helmroll] Custom Resource Status ROLLING_RESTART - HiveMQ Platform is starting a surge Pod (rolling restart) (SURGE_IN_PROGRESS)
2025-01-28 20:49:17,268 INFO c.h.h.t.HelmChartContainer - [hivemq-test-hivemq-platform] [hivemq-platform-operator] [72f36c1a] 20:49:17.267 [ReconcilerExecutor-hivemq-controller-126] DEBUG c.h.p.o.HiveMQPlatformReconciler - [helmroll] Custom Resource Spec (replicas: 1) (extensions: 1)
2025-01-28 20:49:17,269 INFO c.h.h.t.HelmChartContainer - [hivemq-test-hivemq-platform] [hivemq-platform-operator] [72f36c1a] 20:49:17.268 [ReconcilerExecutor-hivemq-controller-126] DEBUG c.h.p.o.HiveMQPlatformReconciler - [helmroll] StatefulSet Status (revision: test-hivemq-platform-945c6dcb4, replicas: 2, available: 1, ready: 1, current: 1, updated: 1)
2025-01-28 20:49:17,269 INFO c.h.h.t.HelmChartContainer - [hivemq-test-hivemq-platform] [hivemq-platform-operator] [72f36c1a] 20:49:17.268 [ReconcilerExecutor-hivemq-controller-126] DEBUG c.h.p.o.HiveMQPlatformReconciler - [helmroll] StatefulSet Spec (replicas: 2, init containers: 1, containers: 1, volumes: 3)
2025-01-28 20:49:17,341 INFO c.h.h.t.HelmChartContainer - [hivemq-test-hivemq-platform] [hivemq-platform-operator] [72f36c1a] 20:49:17.338 [ReconcilerExecutor-hivemq-controller-126] DEBUG c.h.p.o.h.HiveMQPlatformReconcilerErrorHandler - [helmroll] Pod 'test-hivemq-platform-1' phase Running
2025-01-28 20:49:17,343 INFO c.h.h.t.HelmChartContainer - [hivemq-test-hivemq-platform] [hivemq-platform-operator] [72f36c1a] 20:49:17.342 [ReconcilerExecutor-hivemq-controller-126] DEBUG c.h.p.o.h.HiveMQPlatformReconcilerErrorHandler - [helmroll] Pod 'test-hivemq-platform-0' phase Running
2025-01-28 20:49:17,344 INFO c.h.h.t.HelmChartContainer - [hivemq-test-hivemq-platform] [hivemq-platform-operator] [72f36c1a] 20:49:17.343 [ReconcilerExecutor-hivemq-controller-126] DEBUG c.h.p.o.h.HiveMQPlatformReconcilerRollingRestartHandler - [helmroll] Rolling restart is waiting for 1 of 2 replicas
2025-01-28 20:49:22,251 INFO c.h.h.t.HelmChartContainer - [EVENT] Warning [Unhealthy] Readiness probe failed: HTTP probe failed with statuscode: 503 [helmrollingupgradeplatformit:test-hivemq-platform-1]
2025-01-28 20:49:22,251 INFO c.h.h.t.HelmChartContainer - Received Unhealthy event for container hivemq in pod test-hivemq-platform-1 [3bdd009f-b36d-4563-a5bc-70578c28a77a]
2025-01-28 20:49:24,232 INFO c.h.h.t.HelmChartContainer - [test-hivemq-platform] [hivemq] [3bdd009f] INFO  - [HiveMQ Platform Operator Init App 1.7.0-SNAPSHOT] Proceeding with container start
2025-01-28 20:49:24,235 INFO c.h.h.t.HelmChartContainer - [test-hivemq-platform] [hivemq] [3bdd009f] INFO  - [HiveMQ Platform Operator Init App 1.7.0-SNAPSHOT] Initializing HiveMQ Platform extensions with initial configuration: {hivemq-allow-all-extension={start-priority=-1, skip-https-hostname-verification=false, restart=true, config-version=0, header-version=0, c-uri=, priority=-1, uri=preinstalled, skip-https-certificate-validation=false, enabled=true}, hivemq-prometheus-extension={restart=true, enabled=true, request-header-path=no-request-headers, uri=preinstalled, skip-https-certificate-validation=false, skip-https-hostname-verification=false, c-uri=, start-priority=-1, priority=-1}}
2025-01-28 20:49:24,839 INFO c.h.h.t.HelmChartContainer - [test-hivemq-platform] [hivemq] [3bdd009f] INFO  - [HiveMQ Platform Operator Init App 1.7.0-SNAPSHOT] Extension hivemq-allow-all-extension was already enabled
2025-01-28 20:49:24,927 INFO c.h.h.t.HelmChartContainer - [test-hivemq-platform] [hivemq] [3bdd009f] INFO  - [HiveMQ Platform Operator Init App 1.7.0-SNAPSHOT] Successfully enabled extension hivemq-prometheus-extension
2025-01-28 20:49:24,930 INFO c.h.h.t.HelmChartContainer - [test-hivemq-platform] [hivemq] [3bdd009f] INFO  - [HiveMQ Platform Operator Init App 1.7.0-SNAPSHOT] Starting HiveMQ Platform version 4.36.0 (4.36.0)
2025-01-28 20:49:24,930 INFO c.h.h.t.HelmChartContainer - [test-hivemq-platform] [hivemq] [3bdd009f] INFO  - [HiveMQ Platform Operator Init App 1.7.0-SNAPSHOT] Configuring the HiveMQ Platform
2025-01-28 20:49:25,027 INFO c.h.h.t.HelmChartContainer - [test-hivemq-platform] [hivemq] [3bdd009f] INFO  - [HiveMQ Platform Operator Init App 1.7.0-SNAPSHOT] Changed logback.xml file scan period to 20 seconds
2025-01-28 20:49:25,041 INFO c.h.h.t.HelmChartContainer - [test-hivemq-platform] [hivemq] [3bdd009f] INFO  - [HiveMQ Platform Operator Init App 1.7.0-SNAPSHOT] Starting the HiveMQ Platform
2025-01-28 20:49:25,128 INFO c.h.h.t.HelmChartContainer - [test-hivemq-platform] [hivemq] [3bdd009f] -------------------------------------------------------------------------
2025-01-28 20:49:25,129 INFO c.h.h.t.HelmChartContainer - [test-hivemq-platform] [hivemq] [3bdd009f] 
2025-01-28 20:49:25,129 INFO c.h.h.t.HelmChartContainer - [test-hivemq-platform] [hivemq] [3bdd009f]                   _    _  _              __  __   ____
2025-01-28 20:49:25,129 INFO c.h.h.t.HelmChartContainer - [test-hivemq-platform] [hivemq] [3bdd009f]                  | |  | |(_)            |  \/  | / __ \
2025-01-28 20:49:25,129 INFO c.h.h.t.HelmChartContainer - [test-hivemq-platform] [hivemq] [3bdd009f]                  | |__| | _ __   __ ___ | \  / || |  | |
2025-01-28 20:49:25,129 INFO c.h.h.t.HelmChartContainer - [test-hivemq-platform] [hivemq] [3bdd009f]                  |  __  || |\ \ / // _ \| |\/| || |  | |
2025-01-28 20:49:25,129 INFO c.h.h.t.HelmChartContainer - [test-hivemq-platform] [hivemq] [3bdd009f]                  | |  | || | \ V /|  __/| |  | || |__| |
2025-01-28 20:49:25,129 INFO c.h.h.t.HelmChartContainer - [test-hivemq-platform] [hivemq] [3bdd009f]                  |_|  |_||_|  \_/  \___||_|  |_| \___\_\
2025-01-28 20:49:25,129 INFO c.h.h.t.HelmChartContainer - [test-hivemq-platform] [hivemq] [3bdd009f] 
2025-01-28 20:49:25,129 INFO c.h.h.t.HelmChartContainer - [test-hivemq-platform] [hivemq] [3bdd009f] -------------------------------------------------------------------------
2025-01-28 20:49:25,129 INFO c.h.h.t.HelmChartContainer - [test-hivemq-platform] [hivemq] [3bdd009f] 
2025-01-28 20:49:25,129 INFO c.h.h.t.HelmChartContainer - [test-hivemq-platform] [hivemq] [3bdd009f]   HiveMQ Start Script for Linux/Unix v1.14
2025-01-28 20:49:25,130 INFO c.h.h.t.HelmChartContainer - [test-hivemq-platform] [hivemq] [3bdd009f] 
2025-01-28 20:49:25,226 INFO c.h.h.t.HelmChartContainer - [test-hivemq-platform] [hivemq] [3bdd009f] -------------------------------------------------------------------------
2025-01-28 20:49:25,226 INFO c.h.h.t.HelmChartContainer - [test-hivemq-platform] [hivemq] [3bdd009f] 
2025-01-28 20:49:25,227 INFO c.h.h.t.HelmChartContainer - [test-hivemq-platform] [hivemq] [3bdd009f]   HIVEMQ_HOME: /opt/hivemq
2025-01-28 20:49:25,227 INFO c.h.h.t.HelmChartContainer - [test-hivemq-platform] [hivemq] [3bdd009f] 
2025-01-28 20:49:25,227 INFO c.h.h.t.HelmChartContainer - [test-hivemq-platform] [hivemq] [3bdd009f]   JAVA_OPTS: -XX:+UnlockExperimentalVMOptions -XX:InitialRAMPercentage=50 -XX:MaxRAMPercentage=50 -Djava.net.preferIPv4Stack=true --add-opens java.base/java.lang=ALL-UNNAMED --add-opens java.base/java.nio=ALL-UNNAMED --add-opens java.base/sun.nio.ch=ALL-UNNAMED --add-opens jdk.management/com.sun.management.internal=ALL-UNNAMED --add-exports java.base/jdk.internal.misc=ALL-UNNAMED -Djava.security.egd=file:/dev/./urandom -Dcom.sun.management.jmxremote -Dcom.sun.management.jmxremote.port=9010 -Dcom.sun.management.jmxremote.local.only=false -Dcom.sun.management.jmxremote.authenticate=false -Dcom.sun.management.jmxremote.ssl=false -Duser.language=en -Duser.region=US -XX:+CrashOnOutOfMemoryError -XX:+HeapDumpOnOutOfMemoryError
2025-01-28 20:49:25,227 INFO c.h.h.t.HelmChartContainer - [test-hivemq-platform] [hivemq] [3bdd009f] 
2025-01-28 20:49:25,227 INFO c.h.h.t.HelmChartContainer - [test-hivemq-platform] [hivemq] [3bdd009f]   JAVA_VERSION: 21
2025-01-28 20:49:25,227 INFO c.h.h.t.HelmChartContainer - [test-hivemq-platform] [hivemq] [3bdd009f] 
2025-01-28 20:49:25,227 INFO c.h.h.t.HelmChartContainer - [test-hivemq-platform] [hivemq] [3bdd009f] -------------------------------------------------------------------------
2025-01-28 20:49:25,227 INFO c.h.h.t.HelmChartContainer - [test-hivemq-platform] [hivemq] [3bdd009f] 
2025-01-28 20:49:27,343 INFO c.h.h.t.HelmChartContainer - [EVENT] Warning [Unhealthy] Readiness probe failed: HTTP probe failed with statuscode: 503 [helmrollingupgradeplatformit:test-hivemq-platform-1]
2025-01-28 20:49:27,343 INFO c.h.h.t.HelmChartContainer - Received Unhealthy event for container hivemq in pod test-hivemq-platform-1 [3bdd009f-b36d-4563-a5bc-70578c28a77a]
2025-01-28 20:49:27,351 INFO c.h.h.t.HelmChartContainer - [hivemq-test-hivemq-platform] [hivemq-platform-operator] [72f36c1a] 20:49:27.347 [pool-6-thread-19] DEBUG c.h.p.o.d.PlatformServiceResource - [helmroll] Desired Platform services (3 services)
2025-01-28 20:49:27,351 INFO c.h.h.t.HelmChartContainer - [hivemq-test-hivemq-platform] [hivemq-platform-operator] [72f36c1a] 20:49:27.348 [pool-6-thread-11] DEBUG c.h.p.o.d.PodServiceAccountResource - [helmroll] Desired PodServiceAccountResource (serviceAccountName: hivemq-platform-pod-test-hivemq-platform)
2025-01-28 20:49:27,352 INFO c.h.h.t.HelmChartContainer - [hivemq-test-hivemq-platform] [hivemq-platform-operator] [72f36c1a] 20:49:27.350 [pool-6-thread-20] DEBUG c.h.p.o.dependants.PodInfoConfigMap - [helmroll] Desired PodInfo ConfigMap (1 extensions) (1 enabled)
2025-01-28 20:49:27,352 INFO c.h.h.t.HelmChartContainer - [hivemq-test-hivemq-platform] [hivemq-platform-operator] [72f36c1a] 20:49:27.350 [pool-6-thread-20] DEBUG c.h.p.o.dependants.PodInfoConfigMap - [helmroll] Desired PodInfo ConfigMap (metrics port: 9399) (metrics path: /)
2025-01-28 20:49:27,352 INFO c.h.h.t.HelmChartContainer - [hivemq-test-hivemq-platform] [hivemq-platform-operator] [72f36c1a] 20:49:27.350 [pool-6-thread-20] DEBUG c.h.p.o.dependants.PodInfoConfigMap - [helmroll] Desired PodInfo ConfigMap (extension state hash: -1817474005)
2025-01-28 20:49:27,356 INFO c.h.h.t.HelmChartContainer - [hivemq-test-hivemq-platform] [hivemq-platform-operator] [72f36c1a] 20:49:27.354 [pool-6-thread-19] DEBUG c.h.p.o.d.StatefulSetResource - [helmroll] Desired StatefulSet (2 replicas) for status ROLLING_RESTART (SURGE_IN_PROGRESS)
2025-01-28 20:49:27,358 INFO c.h.h.t.HelmChartContainer - [hivemq-test-hivemq-platform] [hivemq-platform-operator] [72f36c1a] 20:49:27.358 [ReconcilerExecutor-hivemq-controller-127] INFO  c.h.p.o.HiveMQPlatformReconciler - [helmroll] Reconciling HiveMQ Platform 'test-hivemq-platform' in namespace 'helmrollingupgradeplatformit'
2025-01-28 20:49:27,358 INFO c.h.h.t.HelmChartContainer - [hivemq-test-hivemq-platform] [hivemq-platform-operator] [72f36c1a] 20:49:27.358 [ReconcilerExecutor-hivemq-controller-127] DEBUG c.h.p.o.HiveMQPlatformReconciler - [helmroll] Custom Resource Status ROLLING_RESTART - HiveMQ Platform is starting a surge Pod (rolling restart) (SURGE_IN_PROGRESS)
2025-01-28 20:49:27,360 INFO c.h.h.t.HelmChartContainer - [hivemq-test-hivemq-platform] [hivemq-platform-operator] [72f36c1a] 20:49:27.358 [ReconcilerExecutor-hivemq-controller-127] DEBUG c.h.p.o.HiveMQPlatformReconciler - [helmroll] Custom Resource Spec (replicas: 1) (extensions: 1)
2025-01-28 20:49:27,360 INFO c.h.h.t.HelmChartContainer - [hivemq-test-hivemq-platform] [hivemq-platform-operator] [72f36c1a] 20:49:27.359 [ReconcilerExecutor-hivemq-controller-127] DEBUG c.h.p.o.HiveMQPlatformReconciler - [helmroll] StatefulSet Status (revision: test-hivemq-platform-945c6dcb4, replicas: 2, available: 1, ready: 1, current: 1, updated: 1)
2025-01-28 20:49:27,360 INFO c.h.h.t.HelmChartContainer - [hivemq-test-hivemq-platform] [hivemq-platform-operator] [72f36c1a] 20:49:27.359 [ReconcilerExecutor-hivemq-controller-127] DEBUG c.h.p.o.HiveMQPlatformReconciler - [helmroll] StatefulSet Spec (replicas: 2, init containers: 1, containers: 1, volumes: 3)
2025-01-28 20:49:27,365 INFO c.h.h.t.HelmChartContainer - [hivemq-test-hivemq-platform] [hivemq-platform-operator] [72f36c1a] 20:49:27.362 [ReconcilerExecutor-hivemq-controller-127] DEBUG c.h.p.o.h.HiveMQPlatformReconcilerErrorHandler - [helmroll] Pod 'test-hivemq-platform-1' phase Running
2025-01-28 20:49:27,365 INFO c.h.h.t.HelmChartContainer - [hivemq-test-hivemq-platform] [hivemq-platform-operator] [72f36c1a] 20:49:27.363 [ReconcilerExecutor-hivemq-controller-127] DEBUG c.h.p.o.h.HiveMQPlatformReconcilerErrorHandler - [helmroll] Pod 'test-hivemq-platform-0' phase Running
2025-01-28 20:49:27,365 INFO c.h.h.t.HelmChartContainer - [hivemq-test-hivemq-platform] [hivemq-platform-operator] [72f36c1a] 20:49:27.364 [ReconcilerExecutor-hivemq-controller-127] DEBUG c.h.p.o.h.HiveMQPlatformReconcilerRollingRestartHandler - [helmroll] Rolling restart is waiting for 1 of 2 replicas
2025-01-28 20:49:28,146 INFO c.h.h.t.HelmChartContainer - [test-hivemq-platform] [hivemq] [3bdd009f] INFO  - Starting HiveMQ Enterprise Server
2025-01-28 20:49:28,233 INFO c.h.h.t.HelmChartContainer - [test-hivemq-platform] [hivemq] [3bdd009f] INFO  - HiveMQ version: 4.36.0
2025-01-28 20:49:28,233 INFO c.h.h.t.HelmChartContainer - [test-hivemq-platform] [hivemq] [3bdd009f] INFO  - HiveMQ home directory: /opt/hivemq
2025-01-28 20:49:28,233 INFO c.h.h.t.HelmChartContainer - [test-hivemq-platform] [hivemq] [3bdd009f] INFO  - Log Configuration was overridden by /opt/hivemq/conf/logback.xml
2025-01-28 20:49:29,637 INFO c.h.h.t.HelmChartContainer - [test-hivemq-platform] [hivemq] [3bdd009f] INFO  - Successfully loaded configuration from '/opt/hivemq/conf-k8s/config.xml'.
2025-01-28 20:49:30,037 INFO c.h.h.t.HelmChartContainer - [test-hivemq-platform] [hivemq] [3bdd009f] INFO  - This node's ID is wkWBI
2025-01-28 20:49:30,038 INFO c.h.h.t.HelmChartContainer - [test-hivemq-platform] [hivemq] [3bdd009f] INFO  - Clustering is enabled
2025-01-28 20:49:31,727 INFO c.h.h.t.HelmChartContainer - [test-hivemq-platform] [hivemq] [3bdd009f] WARN  - [HiveMQ Platform Operator Init App 1.7.0-SNAPSHOT] Cannot connect to Health API for liveness: null
2025-01-28 20:49:31,728 INFO c.h.h.t.HelmChartContainer - [test-hivemq-platform] [hivemq] [3bdd009f] INFO  - [HiveMQ Platform Operator Init App 1.7.0-SNAPSHOT] Returning default Health API response 200 for liveness
2025-01-28 20:49:32,336 INFO c.h.h.t.HelmChartContainer - [test-hivemq-platform] [hivemq] [3bdd009f] WARN  - [HiveMQ Platform Operator Init App 1.7.0-SNAPSHOT] Cannot connect to Health API for readiness: null
2025-01-28 20:49:32,341 INFO c.h.h.t.HelmChartContainer - [EVENT] Warning [Unhealthy] Readiness probe failed: HTTP probe failed with statuscode: 503 [helmrollingupgradeplatformit:test-hivemq-platform-1]
2025-01-28 20:49:32,341 INFO c.h.h.t.HelmChartContainer - Received Unhealthy event for container hivemq in pod test-hivemq-platform-1 [3bdd009f-b36d-4563-a5bc-70578c28a77a]
2025-01-28 20:49:37,248 INFO c.h.h.t.HelmChartContainer - [test-hivemq-platform] [hivemq] [3bdd009f] WARN  - [HiveMQ Platform Operator Init App 1.7.0-SNAPSHOT] Cannot connect to Health API for readiness: null
2025-01-28 20:49:37,264 INFO c.h.h.t.HelmChartContainer - [EVENT] Warning [Unhealthy] Readiness probe failed: HTTP probe failed with statuscode: 503 [helmrollingupgradeplatformit:test-hivemq-platform-1]
2025-01-28 20:49:37,264 INFO c.h.h.t.HelmChartContainer - Received Unhealthy event for container hivemq in pod test-hivemq-platform-1 [3bdd009f-b36d-4563-a5bc-70578c28a77a]
2025-01-28 20:49:37,426 INFO c.h.h.t.HelmChartContainer - [hivemq-test-hivemq-platform] [hivemq-platform-operator] [72f36c1a] 20:49:37.369 [pool-6-thread-25] DEBUG c.h.p.o.d.PlatformServiceResource - [helmroll] Desired Platform services (3 services)
2025-01-28 20:49:37,427 INFO c.h.h.t.HelmChartContainer - [hivemq-test-hivemq-platform] [hivemq-platform-operator] [72f36c1a] 20:49:37.370 [pool-6-thread-27] DEBUG c.h.p.o.dependants.PodInfoConfigMap - [helmroll] Desired PodInfo ConfigMap (1 extensions) (1 enabled)
2025-01-28 20:49:37,427 INFO c.h.h.t.HelmChartContainer - [hivemq-test-hivemq-platform] [hivemq-platform-operator] [72f36c1a] 20:49:37.370 [pool-6-thread-27] DEBUG c.h.p.o.dependants.PodInfoConfigMap - [helmroll] Desired PodInfo ConfigMap (metrics port: 9399) (metrics path: /)
2025-01-28 20:49:37,427 INFO c.h.h.t.HelmChartContainer - [hivemq-test-hivemq-platform] [hivemq-platform-operator] [72f36c1a] 20:49:37.370 [pool-6-thread-27] DEBUG c.h.p.o.dependants.PodInfoConfigMap - [helmroll] Desired PodInfo ConfigMap (extension state hash: -1817474005)
2025-01-28 20:49:37,427 INFO c.h.h.t.HelmChartContainer - [hivemq-test-hivemq-platform] [hivemq-platform-operator] [72f36c1a] 20:49:37.370 [pool-6-thread-28] DEBUG c.h.p.o.d.PodServiceAccountResource - [helmroll] Desired PodServiceAccountResource (serviceAccountName: hivemq-platform-pod-test-hivemq-platform)
2025-01-28 20:49:37,427 INFO c.h.h.t.HelmChartContainer - [hivemq-test-hivemq-platform] [hivemq-platform-operator] [72f36c1a] 20:49:37.374 [pool-6-thread-25] DEBUG c.h.p.o.d.StatefulSetResource - [helmroll] Desired StatefulSet (2 replicas) for status ROLLING_RESTART (SURGE_IN_PROGRESS)
2025-01-28 20:49:37,427 INFO c.h.h.t.HelmChartContainer - [hivemq-test-hivemq-platform] [hivemq-platform-operator] [72f36c1a] 20:49:37.377 [ReconcilerExecutor-hivemq-controller-128] INFO  c.h.p.o.HiveMQPlatformReconciler - [helmroll] Reconciling HiveMQ Platform 'test-hivemq-platform' in namespace 'helmrollingupgradeplatformit'
2025-01-28 20:49:37,427 INFO c.h.h.t.HelmChartContainer - [hivemq-test-hivemq-platform] [hivemq-platform-operator] [72f36c1a] 20:49:37.377 [ReconcilerExecutor-hivemq-controller-128] DEBUG c.h.p.o.HiveMQPlatformReconciler - [helmroll] Custom Resource Status ROLLING_RESTART - HiveMQ Platform is starting a surge Pod (rolling restart) (SURGE_IN_PROGRESS)
2025-01-28 20:49:37,427 INFO c.h.h.t.HelmChartContainer - [hivemq-test-hivemq-platform] [hivemq-platform-operator] [72f36c1a] 20:49:37.377 [ReconcilerExecutor-hivemq-controller-128] DEBUG c.h.p.o.HiveMQPlatformReconciler - [helmroll] Custom Resource Spec (replicas: 1) (extensions: 1)
2025-01-28 20:49:37,427 INFO c.h.h.t.HelmChartContainer - [hivemq-test-hivemq-platform] [hivemq-platform-operator] [72f36c1a] 20:49:37.378 [ReconcilerExecutor-hivemq-controller-128] DEBUG c.h.p.o.HiveMQPlatformReconciler - [helmroll] StatefulSet Status (revision: test-hivemq-platform-945c6dcb4, replicas: 2, available: 1, ready: 1, current: 1, updated: 1)
2025-01-28 20:49:37,427 INFO c.h.h.t.HelmChartContainer - [hivemq-test-hivemq-platform] [hivemq-platform-operator] [72f36c1a] 20:49:37.378 [ReconcilerExecutor-hivemq-controller-128] DEBUG c.h.p.o.HiveMQPlatformReconciler - [helmroll] StatefulSet Spec (replicas: 2, init containers: 1, containers: 1, volumes: 3)
2025-01-28 20:49:37,427 INFO c.h.h.t.HelmChartContainer - [hivemq-test-hivemq-platform] [hivemq-platform-operator] [72f36c1a] 20:49:37.379 [ReconcilerExecutor-hivemq-controller-128] DEBUG c.h.p.o.h.HiveMQPlatformReconcilerErrorHandler - [helmroll] Pod 'test-hivemq-platform-1' phase Running
2025-01-28 20:49:37,427 INFO c.h.h.t.HelmChartContainer - [hivemq-test-hivemq-platform] [hivemq-platform-operator] [72f36c1a] 20:49:37.380 [ReconcilerExecutor-hivemq-controller-128] DEBUG c.h.p.o.h.HiveMQPlatformReconcilerErrorHandler - [helmroll] Pod 'test-hivemq-platform-0' phase Running
2025-01-28 20:49:37,427 INFO c.h.h.t.HelmChartContainer - [hivemq-test-hivemq-platform] [hivemq-platform-operator] [72f36c1a] 20:49:37.381 [ReconcilerExecutor-hivemq-controller-128] DEBUG c.h.p.o.h.HiveMQPlatformReconcilerRollingRestartHandler - [helmroll] Rolling restart is waiting for 1 of 2 replicas
2025-01-28 20:49:42,329 INFO c.h.h.t.HelmChartContainer - [test-hivemq-platform] [hivemq] [3bdd009f] WARN  - [HiveMQ Platform Operator Init App 1.7.0-SNAPSHOT] Cannot connect to Health API for readiness: null
2025-01-28 20:49:42,336 INFO c.h.h.t.HelmChartContainer - [EVENT] Warning [Unhealthy] Readiness probe failed: HTTP probe failed with statuscode: 503 [helmrollingupgradeplatformit:test-hivemq-platform-1]
2025-01-28 20:49:42,336 INFO c.h.h.t.HelmChartContainer - Received Unhealthy event for container hivemq in pod test-hivemq-platform-1 [3bdd009f-b36d-4563-a5bc-70578c28a77a]
2025-01-28 20:49:46,931 INFO c.h.h.t.HelmChartContainer - [test-hivemq-platform] [hivemq] [3bdd009f] INFO  - No valid license file found. Using trial license, restricted to 25 connections.
2025-01-28 20:49:47,331 INFO c.h.h.t.HelmChartContainer - [test-hivemq-platform] [hivemq] [3bdd009f] WARN  - [HiveMQ Platform Operator Init App 1.7.0-SNAPSHOT] Cannot connect to Health API for readiness: null
2025-01-28 20:49:47,340 INFO c.h.h.t.HelmChartContainer - [EVENT] Warning [Unhealthy] Readiness probe failed: HTTP probe failed with statuscode: 503 [helmrollingupgradeplatformit:test-hivemq-platform-1]
2025-01-28 20:49:47,340 INFO c.h.h.t.HelmChartContainer - Received Unhealthy event for container hivemq in pod test-hivemq-platform-1 [3bdd009f-b36d-4563-a5bc-70578c28a77a]
2025-01-28 20:49:47,386 INFO c.h.h.t.HelmChartContainer - [hivemq-test-hivemq-platform] [hivemq-platform-operator] [72f36c1a] 20:49:47.385 [pool-6-thread-38] DEBUG c.h.p.o.d.PlatformServiceResource - [helmroll] Desired Platform services (3 services)
2025-01-28 20:49:47,390 INFO c.h.h.t.HelmChartContainer - [hivemq-test-hivemq-platform] [hivemq-platform-operator] [72f36c1a] 20:49:47.386 [pool-6-thread-35] DEBUG c.h.p.o.dependants.PodInfoConfigMap - [helmroll] Desired PodInfo ConfigMap (1 extensions) (1 enabled)
2025-01-28 20:49:47,390 INFO c.h.h.t.HelmChartContainer - [hivemq-test-hivemq-platform] [hivemq-platform-operator] [72f36c1a] 20:49:47.386 [pool-6-thread-35] DEBUG c.h.p.o.dependants.PodInfoConfigMap - [helmroll] Desired PodInfo ConfigMap (metrics port: 9399) (metrics path: /)
2025-01-28 20:49:47,390 INFO c.h.h.t.HelmChartContainer - [hivemq-test-hivemq-platform] [hivemq-platform-operator] [72f36c1a] 20:49:47.387 [pool-6-thread-35] DEBUG c.h.p.o.dependants.PodInfoConfigMap - [helmroll] Desired PodInfo ConfigMap (extension state hash: -1817474005)
2025-01-28 20:49:47,391 INFO c.h.h.t.HelmChartContainer - [hivemq-test-hivemq-platform] [hivemq-platform-operator] [72f36c1a] 20:49:47.388 [pool-6-thread-31] DEBUG c.h.p.o.d.PodServiceAccountResource - [helmroll] Desired PodServiceAccountResource (serviceAccountName: hivemq-platform-pod-test-hivemq-platform)
2025-01-28 20:49:47,393 INFO c.h.h.t.HelmChartContainer - [hivemq-test-hivemq-platform] [hivemq-platform-operator] [72f36c1a] 20:49:47.392 [pool-6-thread-35] DEBUG c.h.p.o.d.StatefulSetResource - [helmroll] Desired StatefulSet (2 replicas) for status ROLLING_RESTART (SURGE_IN_PROGRESS)
2025-01-28 20:49:47,398 INFO c.h.h.t.HelmChartContainer - [hivemq-test-hivemq-platform] [hivemq-platform-operator] [72f36c1a] 20:49:47.396 [ReconcilerExecutor-hivemq-controller-129] INFO  c.h.p.o.HiveMQPlatformReconciler - [helmroll] Reconciling HiveMQ Platform 'test-hivemq-platform' in namespace 'helmrollingupgradeplatformit'
2025-01-28 20:49:47,398 INFO c.h.h.t.HelmChartContainer - [hivemq-test-hivemq-platform] [hivemq-platform-operator] [72f36c1a] 20:49:47.396 [ReconcilerExecutor-hivemq-controller-129] DEBUG c.h.p.o.HiveMQPlatformReconciler - [helmroll] Custom Resource Status ROLLING_RESTART - HiveMQ Platform is starting a surge Pod (rolling restart) (SURGE_IN_PROGRESS)
2025-01-28 20:49:47,398 INFO c.h.h.t.HelmChartContainer - [hivemq-test-hivemq-platform] [hivemq-platform-operator] [72f36c1a] 20:49:47.396 [ReconcilerExecutor-hivemq-controller-129] DEBUG c.h.p.o.HiveMQPlatformReconciler - [helmroll] Custom Resource Spec (replicas: 1) (extensions: 1)
2025-01-28 20:49:47,398 INFO c.h.h.t.HelmChartContainer - [hivemq-test-hivemq-platform] [hivemq-platform-operator] [72f36c1a] 20:49:47.397 [ReconcilerExecutor-hivemq-controller-129] DEBUG c.h.p.o.HiveMQPlatformReconciler - [helmroll] StatefulSet Status (revision: test-hivemq-platform-945c6dcb4, replicas: 2, available: 1, ready: 1, current: 1, updated: 1)
2025-01-28 20:49:47,398 INFO c.h.h.t.HelmChartContainer - [hivemq-test-hivemq-platform] [hivemq-platform-operator] [72f36c1a] 20:49:47.397 [ReconcilerExecutor-hivemq-controller-129] DEBUG c.h.p.o.HiveMQPlatformReconciler - [helmroll] StatefulSet Spec (replicas: 2, init containers: 1, containers: 1, volumes: 3)
2025-01-28 20:49:47,407 INFO c.h.h.t.HelmChartContainer - [hivemq-test-hivemq-platform] [hivemq-platform-operator] [72f36c1a] 20:49:47.402 [ReconcilerExecutor-hivemq-controller-129] DEBUG c.h.p.o.h.HiveMQPlatformReconcilerErrorHandler - [helmroll] Pod 'test-hivemq-platform-1' phase Running
2025-01-28 20:49:47,408 INFO c.h.h.t.HelmChartContainer - [hivemq-test-hivemq-platform] [hivemq-platform-operator] [72f36c1a] 20:49:47.405 [ReconcilerExecutor-hivemq-controller-129] DEBUG c.h.p.o.h.HiveMQPlatformReconcilerErrorHandler - [helmroll] Pod 'test-hivemq-platform-0' phase Running
2025-01-28 20:49:47,408 INFO c.h.h.t.HelmChartContainer - [hivemq-test-hivemq-platform] [hivemq-platform-operator] [72f36c1a] 20:49:47.406 [ReconcilerExecutor-hivemq-controller-129] DEBUG c.h.p.o.h.HiveMQPlatformReconcilerRollingRestartHandler - [helmroll] Rolling restart is waiting for 1 of 2 replicas
2025-01-28 20:49:52,331 INFO c.h.h.t.HelmChartContainer - [test-hivemq-platform] [hivemq] [3bdd009f] WARN  - [HiveMQ Platform Operator Init App 1.7.0-SNAPSHOT] Cannot connect to Health API for readiness: null
2025-01-28 20:49:52,338 INFO c.h.h.t.HelmChartContainer - [EVENT] Warning [Unhealthy] Readiness probe failed: HTTP probe failed with statuscode: 503 [helmrollingupgradeplatformit:test-hivemq-platform-1]
2025-01-28 20:49:52,338 INFO c.h.h.t.HelmChartContainer - Received Unhealthy event for container hivemq in pod test-hivemq-platform-1 [3bdd009f-b36d-4563-a5bc-70578c28a77a]
2025-01-28 20:49:53,443 INFO c.h.h.t.HelmChartContainer - [test-hivemq-platform] [hivemq] [3bdd009f] INFO  - No valid license file for Data Hub found. Using free license, restricted to 1 policy.
2025-01-28 20:49:55,153 INFO c.h.h.t.HelmChartContainer - [test-hivemq-platform] [hivemq] [3bdd009f] INFO  - Audit Logger started.
2025-01-28 20:49:55,556 INFO c.h.h.t.HelmChartContainer - [test-hivemq-platform] [hivemq] [3bdd009f] INFO  - This node uses '1' CPU cores.
2025-01-28 20:49:55,628 INFO c.h.h.t.HelmChartContainer - [test-hivemq-platform] [hivemq] [3bdd009f] INFO  - Starting HiveMQ Health API on address 0.0.0.0 and port 8889
2025-01-28 20:49:56,644 INFO c.h.h.t.HelmChartContainer - [test-hivemq-platform] [hivemq] [3bdd009f] INFO  - Started HiveMQ Health API in 1017ms
2025-01-28 20:49:57,413 INFO c.h.h.t.HelmChartContainer - [hivemq-test-hivemq-platform] [hivemq-platform-operator] [72f36c1a] 20:49:57.409 [pool-6-thread-46] DEBUG c.h.p.o.d.PlatformServiceResource - [helmroll] Desired Platform services (3 services)
2025-01-28 20:49:57,414 INFO c.h.h.t.HelmChartContainer - [hivemq-test-hivemq-platform] [hivemq-platform-operator] [72f36c1a] 20:49:57.411 [pool-6-thread-43] DEBUG c.h.p.o.d.PodServiceAccountResource - [helmroll] Desired PodServiceAccountResource (serviceAccountName: hivemq-platform-pod-test-hivemq-platform)
2025-01-28 20:49:57,414 INFO c.h.h.t.HelmChartContainer - [hivemq-test-hivemq-platform] [hivemq-platform-operator] [72f36c1a] 20:49:57.410 [pool-6-thread-48] DEBUG c.h.p.o.dependants.PodInfoConfigMap - [helmroll] Desired PodInfo ConfigMap (1 extensions) (1 enabled)
2025-01-28 20:49:57,414 INFO c.h.h.t.HelmChartContainer - [hivemq-test-hivemq-platform] [hivemq-platform-operator] [72f36c1a] 20:49:57.413 [pool-6-thread-48] DEBUG c.h.p.o.dependants.PodInfoConfigMap - [helmroll] Desired PodInfo ConfigMap (metrics port: 9399) (metrics path: /)
2025-01-28 20:49:57,415 INFO c.h.h.t.HelmChartContainer - [hivemq-test-hivemq-platform] [hivemq-platform-operator] [72f36c1a] 20:49:57.413 [pool-6-thread-48] DEBUG c.h.p.o.dependants.PodInfoConfigMap - [helmroll] Desired PodInfo ConfigMap (extension state hash: -1817474005)
2025-01-28 20:49:57,418 INFO c.h.h.t.HelmChartContainer - [hivemq-test-hivemq-platform] [hivemq-platform-operator] [72f36c1a] 20:49:57.416 [pool-6-thread-46] DEBUG c.h.p.o.d.StatefulSetResource - [helmroll] Desired StatefulSet (2 replicas) for status ROLLING_RESTART (SURGE_IN_PROGRESS)
2025-01-28 20:49:57,419 INFO c.h.h.t.HelmChartContainer - [hivemq-test-hivemq-platform] [hivemq-platform-operator] [72f36c1a] 20:49:57.419 [ReconcilerExecutor-hivemq-controller-130] INFO  c.h.p.o.HiveMQPlatformReconciler - [helmroll] Reconciling HiveMQ Platform 'test-hivemq-platform' in namespace 'helmrollingupgradeplatformit'
2025-01-28 20:49:57,420 INFO c.h.h.t.HelmChartContainer - [hivemq-test-hivemq-platform] [hivemq-platform-operator] [72f36c1a] 20:49:57.419 [ReconcilerExecutor-hivemq-controller-130] DEBUG c.h.p.o.HiveMQPlatformReconciler - [helmroll] Custom Resource Status ROLLING_RESTART - HiveMQ Platform is starting a surge Pod (rolling restart) (SURGE_IN_PROGRESS)
2025-01-28 20:49:57,420 INFO c.h.h.t.HelmChartContainer - [hivemq-test-hivemq-platform] [hivemq-platform-operator] [72f36c1a] 20:49:57.419 [ReconcilerExecutor-hivemq-controller-130] DEBUG c.h.p.o.HiveMQPlatformReconciler - [helmroll] Custom Resource Spec (replicas: 1) (extensions: 1)
2025-01-28 20:49:57,421 INFO c.h.h.t.HelmChartContainer - [hivemq-test-hivemq-platform] [hivemq-platform-operator] [72f36c1a] 20:49:57.420 [ReconcilerExecutor-hivemq-controller-130] DEBUG c.h.p.o.HiveMQPlatformReconciler - [helmroll] StatefulSet Status (revision: test-hivemq-platform-945c6dcb4, replicas: 2, available: 1, ready: 1, current: 1, updated: 1)
2025-01-28 20:49:57,421 INFO c.h.h.t.HelmChartContainer - [hivemq-test-hivemq-platform] [hivemq-platform-operator] [72f36c1a] 20:49:57.421 [ReconcilerExecutor-hivemq-controller-130] DEBUG c.h.p.o.HiveMQPlatformReconciler - [helmroll] StatefulSet Spec (replicas: 2, init containers: 1, containers: 1, volumes: 3)
2025-01-28 20:49:57,422 INFO c.h.h.t.HelmChartContainer - [hivemq-test-hivemq-platform] [hivemq-platform-operator] [72f36c1a] 20:49:57.422 [ReconcilerExecutor-hivemq-controller-130] DEBUG c.h.p.o.h.HiveMQPlatformReconcilerErrorHandler - [helmroll] Pod 'test-hivemq-platform-1' phase Running
2025-01-28 20:49:57,424 INFO c.h.h.t.HelmChartContainer - [hivemq-test-hivemq-platform] [hivemq-platform-operator] [72f36c1a] 20:49:57.423 [ReconcilerExecutor-hivemq-controller-130] DEBUG c.h.p.o.h.HiveMQPlatformReconcilerErrorHandler - [helmroll] Pod 'test-hivemq-platform-0' phase Running
2025-01-28 20:49:57,424 INFO c.h.h.t.HelmChartContainer - [hivemq-test-hivemq-platform] [hivemq-platform-operator] [72f36c1a] 20:49:57.423 [ReconcilerExecutor-hivemq-controller-130] DEBUG c.h.p.o.h.HiveMQPlatformReconcilerRollingRestartHandler - [helmroll] Rolling restart is waiting for 1 of 2 replicas
2025-01-28 20:49:57,537 INFO c.h.h.t.HelmChartContainer - [test-hivemq-platform] [hivemq] [3bdd009f] INFO  - Starting HiveMQ extension system.
2025-01-28 20:49:58,233 INFO c.h.h.t.HelmChartContainer - [test-hivemq-platform] [hivemq] [3bdd009f] INFO  - Starting extension with id "hivemq-dns-cluster-discovery" at /opt/hivemq/extensions/hivemq-dns-cluster-discovery
2025-01-28 20:49:58,288 INFO c.h.h.t.HelmChartContainer - [EVENT] Warning [Unhealthy] Readiness probe failed: Get "http://10.42.0.14:7979/readiness": context deadline exceeded (Client.Timeout exceeded while awaiting headers) [helmrollingupgradeplatformit:test-hivemq-platform-1]
2025-01-28 20:49:58,288 INFO c.h.h.t.HelmChartContainer - Received Unhealthy event for container hivemq in pod test-hivemq-platform-1 [3bdd009f-b36d-4563-a5bc-70578c28a77a]
2025-01-28 20:49:59,037 INFO c.h.h.t.HelmChartContainer - [test-hivemq-platform] [hivemq] [3bdd009f] INFO  - [HiveMQ Platform Operator Init App 1.7.0-SNAPSHOT] Returning Health API response 503 for readiness
2025-01-28 20:49:59,200 INFO c.h.h.t.HelmChartContainer - [test-hivemq-platform] [hivemq] [3bdd009f] INFO  - Using TCP cluster transport on address 10.42.0.14 and port 7000
2025-01-28 20:49:59,331 INFO c.h.h.t.HelmChartContainer - [test-hivemq-platform] [hivemq] [3bdd009f] INFO  - Using extension cluster discovery
2025-01-28 20:49:59,530 INFO c.h.h.t.HelmChartContainer - [test-hivemq-platform] [hivemq] [3bdd009f] INFO  - Extension "DNS Cluster Discovery Extension" version 4.3.2 started successfully.
2025-01-28 20:49:59,530 INFO c.h.h.t.HelmChartContainer - [test-hivemq-platform] [hivemq] [3bdd009f] INFO  - Starting extension with id "hivemq-prometheus-extension" at /opt/hivemq/extensions/hivemq-prometheus-extension
2025-01-28 20:50:01,138 INFO c.h.h.t.HelmChartContainer - [test-hivemq-platform] [hivemq] [3bdd009f] INFO  - Started Jetty Server exposing Prometheus Servlet on URI http://0.0.0.0:9399/
2025-01-28 20:50:01,139 INFO c.h.h.t.HelmChartContainer - [test-hivemq-platform] [hivemq] [3bdd009f] INFO  - Extension "Prometheus Monitoring Extension" version 4.0.12 started successfully.
2025-01-28 20:50:01,139 INFO c.h.h.t.HelmChartContainer - [test-hivemq-platform] [hivemq] [3bdd009f] INFO  - Starting extension with id "hivemq-allow-all-extension" at /opt/hivemq/extensions/hivemq-allow-all-extension
2025-01-28 20:50:01,139 INFO c.h.h.t.HelmChartContainer - [test-hivemq-platform] [hivemq] [3bdd009f] WARN  - 
2025-01-28 20:50:01,139 INFO c.h.h.t.HelmChartContainer - [test-hivemq-platform] [hivemq] [3bdd009f] ################################################################################################################
2025-01-28 20:50:01,139 INFO c.h.h.t.HelmChartContainer - [test-hivemq-platform] [hivemq] [3bdd009f] # This HiveMQ deployment is not secure! You are lacking Authentication and Authorization.                      #
2025-01-28 20:50:01,139 INFO c.h.h.t.HelmChartContainer - [test-hivemq-platform] [hivemq] [3bdd009f] # Right now any MQTT client can connect to the broker with a full set of permissions.                          #
2025-01-28 20:50:01,139 INFO c.h.h.t.HelmChartContainer - [test-hivemq-platform] [hivemq] [3bdd009f] # For production usage, add an appropriate security extension and remove the hivemq-allow-all extension.       #
2025-01-28 20:50:01,139 INFO c.h.h.t.HelmChartContainer - [test-hivemq-platform] [hivemq] [3bdd009f] # You can download security extensions from the HiveMQ Marketplace (https://www.hivemq.com/extensions/).       #
2025-01-28 20:50:01,140 INFO c.h.h.t.HelmChartContainer - [test-hivemq-platform] [hivemq] [3bdd009f] ################################################################################################################
2025-01-28 20:50:01,140 INFO c.h.h.t.HelmChartContainer - [test-hivemq-platform] [hivemq] [3bdd009f] INFO  - Extension "Allow All Extension" version 1.1.1 started successfully.
2025-01-28 20:50:01,300 INFO c.h.h.t.HelmChartContainer - [test-hivemq-platform] [hivemq] [3bdd009f] INFO  - [HiveMQ Platform Operator Init App 1.7.0-SNAPSHOT] Returning Health API response 200 for liveness
2025-01-28 20:50:01,339 INFO c.h.h.t.HelmChartContainer - [test-hivemq-platform] [hivemq] [d0fe6676] INFO  - Cluster nodes found by discovery: [49Hd2|1] (2) [49Hd2, wkWBI].
2025-01-28 20:50:01,429 INFO c.h.h.t.HelmChartContainer - [test-hivemq-platform] [hivemq] [3bdd009f] INFO  - Cluster nodes found by discovery: [49Hd2|1] (2) [49Hd2, wkWBI].
2025-01-28 20:50:01,631 INFO c.h.h.t.HelmChartContainer - [test-hivemq-platform] [hivemq] [3bdd009f] INFO  - Cluster size = 1, members : [49Hd2].
2025-01-28 20:50:02,058 INFO c.h.h.t.HelmChartContainer - [test-hivemq-platform] [hivemq] [3bdd009f] INFO  - Starting cluster join process. This may take a while. Please do not shut down HiveMQ.
2025-01-28 20:50:02,061 INFO c.h.h.t.HelmChartContainer - [test-hivemq-platform] [hivemq] [3bdd009f] INFO  - Cluster join process is still ongoing. Please do not shut down HiveMQ.
2025-01-28 20:50:02,259 INFO c.h.h.t.HelmChartContainer - [EVENT] Warning [Unhealthy] Readiness probe failed: HTTP probe failed with statuscode: 503 [helmrollingupgradeplatformit:test-hivemq-platform-1]
2025-01-28 20:50:02,259 INFO c.h.h.t.HelmChartContainer - Received Unhealthy event for container hivemq in pod test-hivemq-platform-1 [3bdd009f-b36d-4563-a5bc-70578c28a77a]
2025-01-28 20:50:02,627 INFO c.h.h.t.HelmChartContainer - [test-hivemq-platform] [hivemq] [3bdd009f] WARN  - One or more cluster nodes have a different HiveMQ version than: 4.36.0
2025-01-28 20:50:02,648 INFO c.h.h.t.HelmChartContainer - [test-hivemq-platform] [hivemq] [d0fe6676] WARN  - One or more cluster nodes have a different HiveMQ version than: 4.35.0
2025-01-28 20:50:04,076 INFO c.h.h.t.HelmChartContainer - [test-hivemq-platform] [hivemq] [d0fe6676] INFO  - Cluster size = 2, members : [wkWBI, 49Hd2].
2025-01-28 20:50:04,131 INFO c.h.h.t.HelmChartContainer - [test-hivemq-platform] [hivemq] [3bdd009f] INFO  - Cluster size = 2, members : [wkWBI, 49Hd2].
2025-01-28 20:50:04,228 INFO c.h.h.t.HelmChartContainer - [test-hivemq-platform] [hivemq] [3bdd009f] INFO  - Finished cluster join process successfully.
2025-01-28 20:50:04,229 INFO c.h.h.t.HelmChartContainer - [test-hivemq-platform] [hivemq] [3bdd009f] WARN  - No user for HiveMQ Control Center configured. Starting with default user
2025-01-28 20:50:04,230 INFO c.h.h.t.HelmChartContainer - [test-hivemq-platform] [hivemq] [3bdd009f] INFO  - Starting HiveMQ Control Center on address 0.0.0.0 and port 8080
2025-01-28 20:50:04,234 INFO c.h.h.t.HelmChartContainer - [test-hivemq-platform] [hivemq] [3bdd009f] INFO  - Mounting HiveMQ Control Center V2 Preview
2025-01-28 20:50:05,136 INFO c.h.h.t.HelmChartContainer - [test-hivemq-platform] [hivemq] [3bdd009f] INFO  - Started HiveMQ Control Center in 907ms
2025-01-28 20:50:05,236 INFO c.h.h.t.HelmChartContainer - [test-hivemq-platform] [hivemq] [3bdd009f] INFO  - Starting TCP listener on address 0.0.0.0 and port 1883
2025-01-28 20:50:05,331 INFO c.h.h.t.HelmChartContainer - [test-hivemq-platform] [hivemq] [3bdd009f] INFO  - Started TCP Listener on address 0.0.0.0 and on port 1883.
2025-01-28 20:50:05,332 INFO c.h.h.t.HelmChartContainer - [test-hivemq-platform] [hivemq] [3bdd009f] INFO  - Started HiveMQ in 37591ms
2025-01-28 20:50:07,251 INFO c.h.h.t.HelmChartContainer - [test-hivemq-platform] [hivemq] [3bdd009f] INFO  - [HiveMQ Platform Operator Init App 1.7.0-SNAPSHOT] Returning Health API response 200 for readiness
2025-01-28 20:50:07,268 INFO c.h.h.t.HelmChartContainer - [POD] test-hivemq-platform-1 [3bdd009f-b36d-4563-a5bc-70578c28a77a] in helmrollingupgradeplatformit was MODIFIED
2025-01-28 20:50:07,283 INFO c.h.h.t.HelmChartContainer - [hivemq-test-hivemq-platform] [hivemq-platform-operator] [72f36c1a] 20:50:07.281 [pool-6-thread-4] DEBUG c.h.p.o.d.PlatformServiceResource - [helmroll] Desired Platform services (3 services)
2025-01-28 20:50:07,285 INFO c.h.h.t.HelmChartContainer - [hivemq-test-hivemq-platform] [hivemq-platform-operator] [72f36c1a] 20:50:07.284 [pool-6-thread-6] DEBUG c.h.p.o.dependants.PodInfoConfigMap - [helmroll] Desired PodInfo ConfigMap (1 extensions) (1 enabled)
2025-01-28 20:50:07,285 INFO c.h.h.t.HelmChartContainer - [hivemq-test-hivemq-platform] [hivemq-platform-operator] [72f36c1a] 20:50:07.284 [pool-6-thread-6] DEBUG c.h.p.o.dependants.PodInfoConfigMap - [helmroll] Desired PodInfo ConfigMap (metrics port: 9399) (metrics path: /)
2025-01-28 20:50:07,285 INFO c.h.h.t.HelmChartContainer - [hivemq-test-hivemq-platform] [hivemq-platform-operator] [72f36c1a] 20:50:07.284 [pool-6-thread-6] DEBUG c.h.p.o.dependants.PodInfoConfigMap - [helmroll] Desired PodInfo ConfigMap (extension state hash: -1817474005)
2025-01-28 20:50:07,289 INFO c.h.h.t.HelmChartContainer - [hivemq-test-hivemq-platform] [hivemq-platform-operator] [72f36c1a] 20:50:07.287 [pool-6-thread-3] DEBUG c.h.p.o.d.PodServiceAccountResource - [helmroll] Desired PodServiceAccountResource (serviceAccountName: hivemq-platform-pod-test-hivemq-platform)
2025-01-28 20:50:07,292 INFO c.h.h.t.HelmChartContainer - [hivemq-test-hivemq-platform] [hivemq-platform-operator] [72f36c1a] 20:50:07.290 [pool-6-thread-6] DEBUG c.h.p.o.d.StatefulSetResource - [helmroll] Desired StatefulSet (2 replicas) for status ROLLING_RESTART (SURGE_IN_PROGRESS)
2025-01-28 20:50:07,295 INFO c.h.h.t.HelmChartContainer - [hivemq-test-hivemq-platform] [hivemq-platform-operator] [72f36c1a] 20:50:07.294 [ReconcilerExecutor-hivemq-controller-131] INFO  c.h.p.o.HiveMQPlatformReconciler - [helmroll] Reconciling HiveMQ Platform 'test-hivemq-platform' in namespace 'helmrollingupgradeplatformit'
2025-01-28 20:50:07,295 INFO c.h.h.t.HelmChartContainer - [hivemq-test-hivemq-platform] [hivemq-platform-operator] [72f36c1a] 20:50:07.294 [ReconcilerExecutor-hivemq-controller-131] DEBUG c.h.p.o.HiveMQPlatformReconciler - [helmroll] Custom Resource Status ROLLING_RESTART - HiveMQ Platform is starting a surge Pod (rolling restart) (SURGE_IN_PROGRESS)
2025-01-28 20:50:07,295 INFO c.h.h.t.HelmChartContainer - [hivemq-test-hivemq-platform] [hivemq-platform-operator] [72f36c1a] 20:50:07.294 [ReconcilerExecutor-hivemq-controller-131] DEBUG c.h.p.o.HiveMQPlatformReconciler - [helmroll] Custom Resource Spec (replicas: 1) (extensions: 1)
2025-01-28 20:50:07,296 INFO c.h.h.t.HelmChartContainer - [hivemq-test-hivemq-platform] [hivemq-platform-operator] [72f36c1a] 20:50:07.295 [ReconcilerExecutor-hivemq-controller-131] DEBUG c.h.p.o.HiveMQPlatformReconciler - [helmroll] StatefulSet Status (revision: test-hivemq-platform-945c6dcb4, replicas: 2, available: 2, ready: 2, current: 1, updated: 1)
2025-01-28 20:50:07,296 INFO c.h.h.t.HelmChartContainer - [hivemq-test-hivemq-platform] [hivemq-platform-operator] [72f36c1a] 20:50:07.295 [ReconcilerExecutor-hivemq-controller-131] DEBUG c.h.p.o.HiveMQPlatformReconciler - [helmroll] StatefulSet Spec (replicas: 2, init containers: 1, containers: 1, volumes: 3)
2025-01-28 20:50:07,297 INFO c.h.h.t.HelmChartContainer - [hivemq-test-hivemq-platform] [hivemq-platform-operator] [72f36c1a] 20:50:07.297 [ReconcilerExecutor-hivemq-controller-131] DEBUG c.h.p.o.h.HiveMQPlatformReconcilerErrorHandler - [helmroll] Pod 'test-hivemq-platform-1' phase Running
2025-01-28 20:50:07,299 INFO c.h.h.t.HelmChartContainer - [hivemq-test-hivemq-platform] [hivemq-platform-operator] [72f36c1a] 20:50:07.298 [ReconcilerExecutor-hivemq-controller-131] DEBUG c.h.p.o.h.HiveMQPlatformReconcilerErrorHandler - [helmroll] Pod 'test-hivemq-platform-0' phase Running
2025-01-28 20:50:07,300 INFO c.h.h.t.HelmChartContainer - [hivemq-test-hivemq-platform] [hivemq-platform-operator] [72f36c1a] 20:50:07.298 [ReconcilerExecutor-hivemq-controller-131] INFO  c.h.p.o.h.HiveMQPlatformReconcilerRollingRestartHandler - [helmroll] Surge Pod started successfully
2025-01-28 20:50:07,400 INFO c.h.h.t.HelmChartContainer - [hivemq-test-hivemq-platform] [hivemq-platform-operator] [72f36c1a] 20:50:07.399 [ReconcilerExecutor-hivemq-controller-131] DEBUG c.h.p.operator.event.EventSender - [helmroll] Creating K8s event rolling-restart-surge-in-progress: [RollingRestart] HiveMQ Platform is restarting Pods (rolling restart)
2025-01-28 20:50:07,440 INFO c.h.h.t.HelmChartContainer - [EVENT] Normal [RollingRestart] HiveMQ Platform is restarting Pods (rolling restart) [helmrollingupgradeplatformit:test-hivemq-platform]
2025-01-28 20:50:07,442 INFO c.h.h.t.HelmChartContainer - [hivemq-test-hivemq-platform] [hivemq-platform-operator] [72f36c1a] 20:50:07.440 [ReconcilerExecutor-hivemq-controller-131] INFO  c.h.p.o.h.AbstractHiveMQReconcilerStateHandler - [helmroll] Update HiveMQ Platform Status (ROLLING_RESTART [SURGE_IN_PROGRESS] -> ROLLING_RESTART [RESTART_PODS_IN_PROGRESS]): HiveMQ Platform is restarting Pods (rolling restart)
2025-01-28 20:50:07,453 DEBUG com.hivemq.helmcharts.util.K8sUtil - Comparing actual state 'ROLLING_RESTART' and waiting for 'RUNNING'
2025-01-28 20:50:07,541 INFO c.h.h.t.HelmChartContainer - [hivemq-test-hivemq-platform] [hivemq-platform-operator] [72f36c1a] 20:50:07.536 [pool-6-thread-15] DEBUG c.h.p.o.d.PlatformServiceResource - [helmroll] Desired Platform services (3 services)
2025-01-28 20:50:07,541 INFO c.h.h.t.HelmChartContainer - [hivemq-test-hivemq-platform] [hivemq-platform-operator] [72f36c1a] 20:50:07.537 [pool-6-thread-11] DEBUG c.h.p.o.dependants.PodInfoConfigMap - [helmroll] Desired PodInfo ConfigMap (1 extensions) (1 enabled)
2025-01-28 20:50:07,541 INFO c.h.h.t.HelmChartContainer - [hivemq-test-hivemq-platform] [hivemq-platform-operator] [72f36c1a] 20:50:07.538 [pool-6-thread-11] DEBUG c.h.p.o.dependants.PodInfoConfigMap - [helmroll] Desired PodInfo ConfigMap (metrics port: 9399) (metrics path: /)
2025-01-28 20:50:07,541 INFO c.h.h.t.HelmChartContainer - [hivemq-test-hivemq-platform] [hivemq-platform-operator] [72f36c1a] 20:50:07.538 [pool-6-thread-11] DEBUG c.h.p.o.dependants.PodInfoConfigMap - [helmroll] Desired PodInfo ConfigMap (extension state hash: -1817474005)
2025-01-28 20:50:07,541 INFO c.h.h.t.HelmChartContainer - [hivemq-test-hivemq-platform] [hivemq-platform-operator] [72f36c1a] 20:50:07.538 [pool-6-thread-17] DEBUG c.h.p.o.d.PodServiceAccountResource - [helmroll] Desired PodServiceAccountResource (serviceAccountName: hivemq-platform-pod-test-hivemq-platform)
2025-01-28 20:50:07,546 INFO c.h.h.t.HelmChartContainer - [hivemq-test-hivemq-platform] [hivemq-platform-operator] [72f36c1a] 20:50:07.545 [pool-6-thread-15] DEBUG c.h.p.o.d.StatefulSetResource - [helmroll] Desired StatefulSet (2 replicas) for status ROLLING_RESTART (RESTART_PODS_IN_PROGRESS)
2025-01-28 20:50:07,594 INFO c.h.h.t.HelmChartContainer - [hivemq-test-hivemq-platform] [hivemq-platform-operator] [72f36c1a] 20:50:07.591 [ReconcilerExecutor-hivemq-controller-132] INFO  c.h.p.o.HiveMQPlatformReconciler - [helmroll] Reconciling HiveMQ Platform 'test-hivemq-platform' in namespace 'helmrollingupgradeplatformit'
2025-01-28 20:50:07,594 INFO c.h.h.t.HelmChartContainer - [hivemq-test-hivemq-platform] [hivemq-platform-operator] [72f36c1a] 20:50:07.592 [ReconcilerExecutor-hivemq-controller-132] DEBUG c.h.p.o.HiveMQPlatformReconciler - [helmroll] Custom Resource Status ROLLING_RESTART - HiveMQ Platform is restarting Pods (rolling restart) (RESTART_PODS_IN_PROGRESS)
2025-01-28 20:50:07,594 INFO c.h.h.t.HelmChartContainer - [hivemq-test-hivemq-platform] [hivemq-platform-operator] [72f36c1a] 20:50:07.592 [ReconcilerExecutor-hivemq-controller-132] DEBUG c.h.p.o.HiveMQPlatformReconciler - [helmroll] Custom Resource Spec (replicas: 1) (extensions: 1)
2025-01-28 20:50:07,637 INFO c.h.h.t.HelmChartContainer - [hivemq-test-hivemq-platform] [hivemq-platform-operator] [72f36c1a] 20:50:07.635 [ReconcilerExecutor-hivemq-controller-132] DEBUG c.h.p.o.HiveMQPlatformReconciler - [helmroll] StatefulSet Status (revision: test-hivemq-platform-945c6dcb4, replicas: 2, available: 2, ready: 2, current: 1, updated: 1)
2025-01-28 20:50:07,638 INFO c.h.h.t.HelmChartContainer - [hivemq-test-hivemq-platform] [hivemq-platform-operator] [72f36c1a] 20:50:07.636 [ReconcilerExecutor-hivemq-controller-132] DEBUG c.h.p.o.HiveMQPlatformReconciler - [helmroll] StatefulSet Spec (replicas: 2, init containers: 1, containers: 1, volumes: 3)
2025-01-28 20:50:07,639 INFO c.h.h.t.HelmChartContainer - [hivemq-test-hivemq-platform] [hivemq-platform-operator] [72f36c1a] 20:50:07.638 [ReconcilerExecutor-hivemq-controller-132] DEBUG c.h.p.o.h.HiveMQPlatformReconcilerErrorHandler - [helmroll] Pod 'test-hivemq-platform-1' phase Running
2025-01-28 20:50:07,641 INFO c.h.h.t.HelmChartContainer - [hivemq-test-hivemq-platform] [hivemq-platform-operator] [72f36c1a] 20:50:07.640 [ReconcilerExecutor-hivemq-controller-132] DEBUG c.h.p.o.h.HiveMQPlatformReconcilerErrorHandler - [helmroll] Pod 'test-hivemq-platform-0' phase Running
2025-01-28 20:50:07,650 INFO c.h.h.t.HelmChartContainer - [hivemq-test-hivemq-platform] [hivemq-platform-operator] [72f36c1a] 20:50:07.648 [ReconcilerExecutor-hivemq-controller-132] DEBUG c.h.p.o.h.HiveMQPlatformReconcilerRollingRestartHandler - [helmroll] Skipping Pod test-hivemq-platform-1 as it's already on the controller update revision (update revision: test-hivemq-platform-945c6dcb4, pod revision: test-hivemq-platform-945c6dcb4)
2025-01-28 20:50:07,738 INFO c.h.h.t.HelmChartContainer - [hivemq-test-hivemq-platform] [hivemq-platform-operator] [72f36c1a] 20:50:07.737 [ReconcilerExecutor-hivemq-controller-132] DEBUG c.h.p.o.h.HiveMQPlatformReconcilerRollingRestartHandler - [helmroll] The last Pod is running for 67 seconds, the next Pod can be restarted
2025-01-28 20:50:07,738 INFO c.h.h.t.HelmChartContainer - [hivemq-test-hivemq-platform] [hivemq-platform-operator] [72f36c1a] 20:50:07.737 [ReconcilerExecutor-hivemq-controller-132] INFO  c.h.p.o.h.HiveMQPlatformReconcilerRollingRestartHandler - [helmroll] Restarting Pod test-hivemq-platform-0 as it's not matching the controller update revision (update revision: test-hivemq-platform-945c6dcb4, pod revision: test-hivemq-platform-54c4467984)
2025-01-28 20:50:07,768 INFO c.h.h.t.HelmChartContainer - [POD] test-hivemq-platform-0 [d0fe6676-0304-46f5-a84f-7c296cfd36a3] in helmrollingupgradeplatformit was MODIFIED
2025-01-28 20:50:07,771 INFO c.h.h.t.HelmChartContainer - [EVENT] Normal [Killing] Stopping container hivemq [helmrollingupgradeplatformit:test-hivemq-platform-0]
2025-01-28 20:50:07,771 INFO c.h.h.t.HelmChartContainer - Received Killing event for container hivemq in pod test-hivemq-platform-0 [d0fe6676-0304-46f5-a84f-7c296cfd36a3]
2025-01-28 20:50:07,771 INFO c.h.h.t.HelmChartContainer - Container [test-hivemq-platform-0] [hivemq] [d0fe6676-0304-46f5-a84f-7c296cfd36a3] was terminated
2025-01-28 20:50:07,771 INFO c.h.h.t.HelmChartContainer - Stopped log watcher for hivemq in pod test-hivemq-platform-0 [d0fe6676-0304-46f5-a84f-7c296cfd36a3]
2025-01-28 20:50:07,783 INFO c.h.h.t.HelmChartContainer - [test-hivemq-platform] [hivemq] [d0fe6676] INFO  - [HiveMQ Platform Operator Init App 1.7.0-SNAPSHOT] Shutting down
2025-01-28 20:50:07,783 INFO c.h.h.t.HelmChartContainer - [test-hivemq-platform] [hivemq] [d0fe6676] INFO  - [HiveMQ Platform Operator Init App 1.7.0-SNAPSHOT] Stopping the HiveMQ Platform
2025-01-28 20:50:07,839 INFO c.h.h.t.HelmChartContainer - [hivemq-test-hivemq-platform] [hivemq-platform-operator] [72f36c1a] 20:50:07.836 [pool-6-thread-30] DEBUG c.h.p.o.d.PlatformServiceResource - [helmroll] Desired Platform services (3 services)
2025-01-28 20:50:07,843 INFO c.h.h.t.HelmChartContainer - [hivemq-test-hivemq-platform] [hivemq-platform-operator] [72f36c1a] 20:50:07.837 [pool-6-thread-24] DEBUG c.h.p.o.dependants.PodInfoConfigMap - [helmroll] Desired PodInfo ConfigMap (1 extensions) (1 enabled)
2025-01-28 20:50:07,843 INFO c.h.h.t.HelmChartContainer - [hivemq-test-hivemq-platform] [hivemq-platform-operator] [72f36c1a] 20:50:07.838 [pool-6-thread-24] DEBUG c.h.p.o.dependants.PodInfoConfigMap - [helmroll] Desired PodInfo ConfigMap (metrics port: 9399) (metrics path: /)
2025-01-28 20:50:07,843 INFO c.h.h.t.HelmChartContainer - [hivemq-test-hivemq-platform] [hivemq-platform-operator] [72f36c1a] 20:50:07.838 [pool-6-thread-24] DEBUG c.h.p.o.dependants.PodInfoConfigMap - [helmroll] Desired PodInfo ConfigMap (extension state hash: -1817474005)
2025-01-28 20:50:07,843 INFO c.h.h.t.HelmChartContainer - [hivemq-test-hivemq-platform] [hivemq-platform-operator] [72f36c1a] 20:50:07.840 [pool-6-thread-28] DEBUG c.h.p.o.d.PodServiceAccountResource - [helmroll] Desired PodServiceAccountResource (serviceAccountName: hivemq-platform-pod-test-hivemq-platform)
2025-01-28 20:50:07,854 INFO c.h.h.t.HelmChartContainer - [hivemq-test-hivemq-platform] [hivemq-platform-operator] [72f36c1a] 20:50:07.854 [pool-6-thread-30] DEBUG c.h.p.o.d.StatefulSetResource - [helmroll] Desired StatefulSet (2 replicas) for status ROLLING_RESTART (RESTART_PODS_IN_PROGRESS)
2025-01-28 20:50:07,895 INFO c.h.h.t.HelmChartContainer - [hivemq-test-hivemq-platform] [hivemq-platform-operator] [72f36c1a] 20:50:07.894 [ReconcilerExecutor-hivemq-controller-133] INFO  c.h.p.o.HiveMQPlatformReconciler - [helmroll] Reconciling HiveMQ Platform 'test-hivemq-platform' in namespace 'helmrollingupgradeplatformit'
2025-01-28 20:50:07,895 INFO c.h.h.t.HelmChartContainer - [hivemq-test-hivemq-platform] [hivemq-platform-operator] [72f36c1a] 20:50:07.894 [ReconcilerExecutor-hivemq-controller-133] DEBUG c.h.p.o.HiveMQPlatformReconciler - [helmroll] Custom Resource Status ROLLING_RESTART - HiveMQ Platform is restarting Pods (rolling restart) (RESTART_PODS_IN_PROGRESS)
2025-01-28 20:50:07,896 INFO c.h.h.t.HelmChartContainer - [hivemq-test-hivemq-platform] [hivemq-platform-operator] [72f36c1a] 20:50:07.894 [ReconcilerExecutor-hivemq-controller-133] DEBUG c.h.p.o.HiveMQPlatformReconciler - [helmroll] Custom Resource Spec (replicas: 1) (extensions: 1)
2025-01-28 20:50:07,938 INFO c.h.h.t.HelmChartContainer - [hivemq-test-hivemq-platform] [hivemq-platform-operator] [72f36c1a] 20:50:07.936 [ReconcilerExecutor-hivemq-controller-133] DEBUG c.h.p.o.HiveMQPlatformReconciler - [helmroll] StatefulSet Status (revision: test-hivemq-platform-945c6dcb4, replicas: 2, available: 2, ready: 2, current: 0, updated: 1)
2025-01-28 20:50:07,938 INFO c.h.h.t.HelmChartContainer - [hivemq-test-hivemq-platform] [hivemq-platform-operator] [72f36c1a] 20:50:07.936 [ReconcilerExecutor-hivemq-controller-133] DEBUG c.h.p.o.HiveMQPlatformReconciler - [helmroll] StatefulSet Spec (replicas: 2, init containers: 1, containers: 1, volumes: 3)
2025-01-28 20:50:07,943 INFO c.h.h.t.HelmChartContainer - [hivemq-test-hivemq-platform] [hivemq-platform-operator] [72f36c1a] 20:50:07.939 [ReconcilerExecutor-hivemq-controller-133] DEBUG c.h.p.o.h.HiveMQPlatformReconcilerErrorHandler - [helmroll] Pod 'test-hivemq-platform-1' phase Running
2025-01-28 20:50:07,943 INFO c.h.h.t.HelmChartContainer - [hivemq-test-hivemq-platform] [hivemq-platform-operator] [72f36c1a] 20:50:07.941 [ReconcilerExecutor-hivemq-controller-133] DEBUG c.h.p.o.h.HiveMQPlatformReconcilerErrorHandler - [helmroll] Pod 'test-hivemq-platform-0' phase Running
2025-01-28 20:50:07,994 INFO c.h.h.t.HelmChartContainer - [hivemq-test-hivemq-platform] [hivemq-platform-operator] [72f36c1a] 20:50:07.993 [ReconcilerExecutor-hivemq-controller-133] DEBUG c.h.p.o.h.HiveMQPlatformReconcilerRollingRestartHandler - [helmroll] Skipping Pod test-hivemq-platform-1 as it's already on the controller update revision (update revision: test-hivemq-platform-945c6dcb4, pod revision: test-hivemq-platform-945c6dcb4)
2025-01-28 20:50:08,049 INFO c.h.h.t.HelmChartContainer - [test-hivemq-platform] [hivemq] [d0fe6676] INFO  - Shutting down HiveMQ. Please wait, this could take a while...
2025-01-28 20:50:08,063 INFO c.h.h.t.HelmChartContainer - [hivemq-test-hivemq-platform] [hivemq-platform-operator] [72f36c1a] 20:50:08.061 [ReconcilerExecutor-hivemq-controller-133] DEBUG c.h.p.o.h.HiveMQPlatformReconcilerRollingRestartHandler - [helmroll] The last Pod is running for 68 seconds, the next Pod can be restarted
2025-01-28 20:50:08,064 INFO c.h.h.t.HelmChartContainer - [hivemq-test-hivemq-platform] [hivemq-platform-operator] [72f36c1a] 20:50:08.061 [ReconcilerExecutor-hivemq-controller-133] INFO  c.h.p.o.h.HiveMQPlatformReconcilerRollingRestartHandler - [helmroll] Restarting Pod test-hivemq-platform-0 as it's not matching the controller update revision (update revision: test-hivemq-platform-945c6dcb4, pod revision: test-hivemq-platform-54c4467984)
2025-01-28 20:50:08,066 INFO c.h.h.t.HelmChartContainer - [test-hivemq-platform] [hivemq] [d0fe6676] INFO  - Shutting down listeners and clients
2025-01-28 20:50:08,068 INFO c.h.h.t.HelmChartContainer - [test-hivemq-platform] [hivemq] [d0fe6676] INFO  - Shutdown of listeners is done
2025-01-28 20:50:08,069 INFO c.h.h.t.HelmChartContainer - [test-hivemq-platform] [hivemq] [d0fe6676] INFO  - No clients are connected, proceeding with shutdown
2025-01-28 20:50:08,151 INFO c.h.h.t.HelmChartContainer - [hivemq-test-hivemq-platform] [hivemq-platform-operator] [72f36c1a] 20:50:08.149 [pool-6-thread-34] DEBUG c.h.p.o.dependants.PodInfoConfigMap - [helmroll] Desired PodInfo ConfigMap (1 extensions) (1 enabled)
2025-01-28 20:50:08,151 INFO c.h.h.t.HelmChartContainer - [hivemq-test-hivemq-platform] [hivemq-platform-operator] [72f36c1a] 20:50:08.149 [pool-6-thread-34] DEBUG c.h.p.o.dependants.PodInfoConfigMap - [helmroll] Desired PodInfo ConfigMap (metrics port: 9399) (metrics path: /)
2025-01-28 20:50:08,151 INFO c.h.h.t.HelmChartContainer - [hivemq-test-hivemq-platform] [hivemq-platform-operator] [72f36c1a] 20:50:08.149 [pool-6-thread-34] DEBUG c.h.p.o.dependants.PodInfoConfigMap - [helmroll] Desired PodInfo ConfigMap (extension state hash: -1817474005)
2025-01-28 20:50:08,193 INFO c.h.h.t.HelmChartContainer - [hivemq-test-hivemq-platform] [hivemq-platform-operator] [72f36c1a] 20:50:08.147 [pool-6-thread-36] DEBUG c.h.p.o.d.PodServiceAccountResource - [helmroll] Desired PodServiceAccountResource (serviceAccountName: hivemq-platform-pod-test-hivemq-platform)
2025-01-28 20:50:08,193 INFO c.h.h.t.HelmChartContainer - [hivemq-test-hivemq-platform] [hivemq-platform-operator] [72f36c1a] 20:50:08.191 [pool-6-thread-40] DEBUG c.h.p.o.d.PlatformServiceResource - [helmroll] Desired Platform services (3 services)
2025-01-28 20:50:08,241 INFO c.h.h.t.HelmChartContainer - [hivemq-test-hivemq-platform] [hivemq-platform-operator] [72f36c1a] 20:50:08.239 [pool-6-thread-40] DEBUG c.h.p.o.d.StatefulSetResource - [helmroll] Desired StatefulSet (2 replicas) for status ROLLING_RESTART (RESTART_PODS_IN_PROGRESS)
2025-01-28 20:50:08,245 INFO c.h.h.t.HelmChartContainer - [hivemq-test-hivemq-platform] [hivemq-platform-operator] [72f36c1a] 20:50:08.244 [ReconcilerExecutor-hivemq-controller-134] INFO  c.h.p.o.HiveMQPlatformReconciler - [helmroll] Reconciling HiveMQ Platform 'test-hivemq-platform' in namespace 'helmrollingupgradeplatformit'
2025-01-28 20:50:08,245 INFO c.h.h.t.HelmChartContainer - [hivemq-test-hivemq-platform] [hivemq-platform-operator] [72f36c1a] 20:50:08.244 [ReconcilerExecutor-hivemq-controller-134] DEBUG c.h.p.o.HiveMQPlatformReconciler - [helmroll] Custom Resource Status ROLLING_RESTART - HiveMQ Platform is restarting Pods (rolling restart) (RESTART_PODS_IN_PROGRESS)
2025-01-28 20:50:08,245 INFO c.h.h.t.HelmChartContainer - [hivemq-test-hivemq-platform] [hivemq-platform-operator] [72f36c1a] 20:50:08.244 [ReconcilerExecutor-hivemq-controller-134] DEBUG c.h.p.o.HiveMQPlatformReconciler - [helmroll] Custom Resource Spec (replicas: 1) (extensions: 1)
2025-01-28 20:50:08,247 INFO c.h.h.t.HelmChartContainer - [hivemq-test-hivemq-platform] [hivemq-platform-operator] [72f36c1a] 20:50:08.246 [ReconcilerExecutor-hivemq-controller-134] DEBUG c.h.p.o.HiveMQPlatformReconciler - [helmroll] StatefulSet Status (revision: test-hivemq-platform-945c6dcb4, replicas: 2, available: 2, ready: 2, current: 0, updated: 1)
2025-01-28 20:50:08,247 INFO c.h.h.t.HelmChartContainer - [hivemq-test-hivemq-platform] [hivemq-platform-operator] [72f36c1a] 20:50:08.246 [ReconcilerExecutor-hivemq-controller-134] DEBUG c.h.p.o.HiveMQPlatformReconciler - [helmroll] StatefulSet Spec (replicas: 2, init containers: 1, containers: 1, volumes: 3)
2025-01-28 20:50:08,249 INFO c.h.h.t.HelmChartContainer - [hivemq-test-hivemq-platform] [hivemq-platform-operator] [72f36c1a] 20:50:08.248 [ReconcilerExecutor-hivemq-controller-134] DEBUG c.h.p.o.h.HiveMQPlatformReconcilerErrorHandler - [helmroll] Pod 'test-hivemq-platform-1' phase Running
2025-01-28 20:50:08,250 INFO c.h.h.t.HelmChartContainer - [hivemq-test-hivemq-platform] [hivemq-platform-operator] [72f36c1a] 20:50:08.249 [ReconcilerExecutor-hivemq-controller-134] DEBUG c.h.p.o.h.HiveMQPlatformReconcilerErrorHandler - [helmroll] Pod 'test-hivemq-platform-0' phase Running
2025-01-28 20:50:08,294 INFO c.h.h.t.HelmChartContainer - [hivemq-test-hivemq-platform] [hivemq-platform-operator] [72f36c1a] 20:50:08.292 [ReconcilerExecutor-hivemq-controller-134] DEBUG c.h.p.o.h.HiveMQPlatformReconcilerRollingRestartHandler - [helmroll] Skipping Pod test-hivemq-platform-1 as it's already on the controller update revision (update revision: test-hivemq-platform-945c6dcb4, pod revision: test-hivemq-platform-945c6dcb4)
2025-01-28 20:50:08,350 INFO c.h.h.t.HelmChartContainer - [hivemq-test-hivemq-platform] [hivemq-platform-operator] [72f36c1a] 20:50:08.348 [ReconcilerExecutor-hivemq-controller-134] DEBUG c.h.p.o.h.HiveMQPlatformReconcilerRollingRestartHandler - [helmroll] The last Pod is running for 68 seconds, the next Pod can be restarted
2025-01-28 20:50:08,351 INFO c.h.h.t.HelmChartContainer - [hivemq-test-hivemq-platform] [hivemq-platform-operator] [72f36c1a] 20:50:08.349 [ReconcilerExecutor-hivemq-controller-134] INFO  c.h.p.o.h.HiveMQPlatformReconcilerRollingRestartHandler - [helmroll] Restarting Pod test-hivemq-platform-0 as it's not matching the controller update revision (update revision: test-hivemq-platform-945c6dcb4, pod revision: test-hivemq-platform-54c4467984)
2025-01-28 20:50:08,858 INFO c.h.h.t.HelmChartContainer - [test-hivemq-platform] [hivemq] [d0fe6676] INFO  - [HiveMQ Platform Operator Init App 1.7.0-SNAPSHOT] Returning shutdown Health API response 503 for readiness
2025-01-28 20:50:08,863 INFO c.h.h.t.HelmChartContainer - [EVENT] Warning [Unhealthy] Readiness probe failed: HTTP probe failed with statuscode: 503 [helmrollingupgradeplatformit:test-hivemq-platform-0]
2025-01-28 20:50:08,864 INFO c.h.h.t.HelmChartContainer - Received Unhealthy event for container hivemq in pod test-hivemq-platform-0 [d0fe6676-0304-46f5-a84f-7c296cfd36a3]
2025-01-28 20:50:11,468 INFO c.h.h.t.HelmChartContainer - [test-hivemq-platform] [hivemq] [d0fe6676] INFO  - Shutting down extension system
2025-01-28 20:50:11,472 INFO c.h.h.t.HelmChartContainer - [test-hivemq-platform] [hivemq] [d0fe6676] INFO  - Stopping extension with id hivemq-dns-cluster-discovery
2025-01-28 20:50:11,472 INFO c.h.h.t.HelmChartContainer - [test-hivemq-platform] [hivemq] [d0fe6676] INFO  - Extension "DNS Cluster Discovery Extension" version 4.3.2 stopped successfully.
2025-01-28 20:50:11,472 INFO c.h.h.t.HelmChartContainer - [test-hivemq-platform] [hivemq] [d0fe6676] INFO  - Stopping extension with id hivemq-prometheus-extension
2025-01-28 20:50:11,480 INFO c.h.h.t.HelmChartContainer - [test-hivemq-platform] [hivemq] [d0fe6676] INFO  - Extension "Prometheus Monitoring Extension" version 4.0.12 stopped successfully.
2025-01-28 20:50:11,480 INFO c.h.h.t.HelmChartContainer - [test-hivemq-platform] [hivemq] [d0fe6676] INFO  - Stopping extension with id hivemq-allow-all-extension
2025-01-28 20:50:11,480 INFO c.h.h.t.HelmChartContainer - [test-hivemq-platform] [hivemq] [d0fe6676] INFO  - Extension "Allow All Extension" version 1.1.0 stopped successfully.
2025-01-28 20:50:11,488 INFO c.h.h.t.HelmChartContainer - [test-hivemq-platform] [hivemq] [3bdd009f] INFO  - Cluster nodes found by discovery: [wkWBI|2] (1) [wkWBI].
2025-01-28 20:50:11,497 INFO c.h.h.t.HelmChartContainer - [test-hivemq-platform] [hivemq] [3bdd009f] INFO  - Cluster size = 1, members : [wkWBI].
2025-01-28 20:50:12,629 INFO c.h.h.t.HelmChartContainer - [test-hivemq-platform] [hivemq] [3bdd009f] INFO  - Every cluster node has the same HiveMQ version: 4.36.0
2025-01-28 20:50:13,850 INFO c.h.h.t.HelmChartContainer - [test-hivemq-platform] [hivemq] [d0fe6676] INFO  - Shutdown completed.
2025-01-28 20:50:13,862 INFO c.h.h.t.HelmChartContainer - [EVENT] Warning [Unhealthy] Readiness probe failed: HTTP probe failed with statuscode: 503 [helmrollingupgradeplatformit:test-hivemq-platform-0]
2025-01-28 20:50:13,862 INFO c.h.h.t.HelmChartContainer - Received Unhealthy event for container hivemq in pod test-hivemq-platform-0 [d0fe6676-0304-46f5-a84f-7c296cfd36a3]
2025-01-28 20:50:14,214 INFO c.h.h.t.HelmChartContainer - [test-hivemq-platform] [hivemq] [d0fe6676] INFO  - [HiveMQ Platform Operator Init App 1.7.0-SNAPSHOT] The HiveMQ Platform exited with code 143
2025-01-28 20:50:14,215 INFO c.h.h.t.HelmChartContainer - [test-hivemq-platform] [hivemq] [d0fe6676] INFO  - [HiveMQ Platform Operator Init App 1.7.0-SNAPSHOT] Stopping the REST API
2025-01-28 20:50:14,248 INFO c.h.h.t.HelmChartContainer - [test-hivemq-platform] [hivemq] [d0fe6676] INFO  - [HiveMQ Platform Operator Init App 1.7.0-SNAPSHOT] Shutdown complete
2025-01-28 20:50:14,785 INFO c.h.h.t.HelmChartContainer - [POD] test-hivemq-platform-0 [d0fe6676-0304-46f5-a84f-7c296cfd36a3] in helmrollingupgradeplatformit was MODIFIED
2025-01-28 20:50:14,786 INFO c.h.h.t.HelmChartContainer - [hivemq-test-hivemq-platform] [hivemq-platform-operator] [72f36c1a] 20:50:14.780 [pool-6-thread-44] DEBUG c.h.p.o.d.PlatformServiceResource - [helmroll] Desired Platform services (3 services)
2025-01-28 20:50:14,786 INFO c.h.h.t.HelmChartContainer - [hivemq-test-hivemq-platform] [hivemq-platform-operator] [72f36c1a] 20:50:14.783 [pool-6-thread-42] DEBUG c.h.p.o.dependants.PodInfoConfigMap - [helmroll] Desired PodInfo ConfigMap (1 extensions) (1 enabled)
2025-01-28 20:50:14,786 INFO c.h.h.t.HelmChartContainer - [hivemq-test-hivemq-platform] [hivemq-platform-operator] [72f36c1a] 20:50:14.783 [pool-6-thread-42] DEBUG c.h.p.o.dependants.PodInfoConfigMap - [helmroll] Desired PodInfo ConfigMap (metrics port: 9399) (metrics path: /)
2025-01-28 20:50:14,786 INFO c.h.h.t.HelmChartContainer - [hivemq-test-hivemq-platform] [hivemq-platform-operator] [72f36c1a] 20:50:14.783 [pool-6-thread-42] DEBUG c.h.p.o.dependants.PodInfoConfigMap - [helmroll] Desired PodInfo ConfigMap (extension state hash: -1817474005)
2025-01-28 20:50:14,790 INFO c.h.h.t.HelmChartContainer - [hivemq-test-hivemq-platform] [hivemq-platform-operator] [72f36c1a] 20:50:14.785 [pool-6-thread-49] DEBUG c.h.p.o.d.PodServiceAccountResource - [helmroll] Desired PodServiceAccountResource (serviceAccountName: hivemq-platform-pod-test-hivemq-platform)
2025-01-28 20:50:14,798 INFO c.h.h.t.HelmChartContainer - [hivemq-test-hivemq-platform] [hivemq-platform-operator] [72f36c1a] 20:50:14.795 [pool-6-thread-41] DEBUG c.h.p.o.d.StatefulSetResource - [helmroll] Desired StatefulSet (2 replicas) for status ROLLING_RESTART (RESTART_PODS_IN_PROGRESS)
2025-01-28 20:50:14,803 INFO c.h.h.t.HelmChartContainer - [hivemq-test-hivemq-platform] [hivemq-platform-operator] [72f36c1a] 20:50:14.800 [ReconcilerExecutor-hivemq-controller-135] INFO  c.h.p.o.HiveMQPlatformReconciler - [helmroll] Reconciling HiveMQ Platform 'test-hivemq-platform' in namespace 'helmrollingupgradeplatformit'
2025-01-28 20:50:14,803 INFO c.h.h.t.HelmChartContainer - [hivemq-test-hivemq-platform] [hivemq-platform-operator] [72f36c1a] 20:50:14.800 [ReconcilerExecutor-hivemq-controller-135] DEBUG c.h.p.o.HiveMQPlatformReconciler - [helmroll] Custom Resource Status ROLLING_RESTART - HiveMQ Platform is restarting Pods (rolling restart) (RESTART_PODS_IN_PROGRESS)
2025-01-28 20:50:14,803 INFO c.h.h.t.HelmChartContainer - [hivemq-test-hivemq-platform] [hivemq-platform-operator] [72f36c1a] 20:50:14.800 [ReconcilerExecutor-hivemq-controller-135] DEBUG c.h.p.o.HiveMQPlatformReconciler - [helmroll] Custom Resource Spec (replicas: 1) (extensions: 1)
2025-01-28 20:50:14,803 INFO c.h.h.t.HelmChartContainer - [hivemq-test-hivemq-platform] [hivemq-platform-operator] [72f36c1a] 20:50:14.802 [ReconcilerExecutor-hivemq-controller-135] DEBUG c.h.p.o.HiveMQPlatformReconciler - [helmroll] StatefulSet Status (revision: test-hivemq-platform-945c6dcb4, replicas: 2, available: 1, ready: 1, current: 0, updated: 1)
2025-01-28 20:50:14,805 INFO c.h.h.t.HelmChartContainer - [hivemq-test-hivemq-platform] [hivemq-platform-operator] [72f36c1a] 20:50:14.803 [ReconcilerExecutor-hivemq-controller-135] DEBUG c.h.p.o.HiveMQPlatformReconciler - [helmroll] StatefulSet Spec (replicas: 2, init containers: 1, containers: 1, volumes: 3)
2025-01-28 20:50:14,838 INFO c.h.h.t.HelmChartContainer - [hivemq-test-hivemq-platform] [hivemq-platform-operator] [72f36c1a] 20:50:14.836 [ReconcilerExecutor-hivemq-controller-135] DEBUG c.h.p.o.h.HiveMQPlatformReconcilerErrorHandler - [helmroll] Pod 'test-hivemq-platform-1' phase Running
2025-01-28 20:50:14,839 INFO c.h.h.t.HelmChartContainer - [K3S] [reconciler_common.go:162] "operationExecutor.UnmountVolume started for volume \"operator-init\" (UniqueName: \"kubernetes.io/empty-dir/d0fe6676-0304-46f5-a84f-7c296cfd36a3-operator-init\") pod \"d0fe6676-0304-46f5-a84f-7c296cfd36a3\" (UID: \"d0fe6676-0304-46f5-a84f-7c296cfd36a3\") "
2025-01-28 20:50:14,839 INFO c.h.h.t.HelmChartContainer - [K3S] [reconciler_common.go:162] "operationExecutor.UnmountVolume started for volume \"broker-configuration\" (UniqueName: \"kubernetes.io/configmap/d0fe6676-0304-46f5-a84f-7c296cfd36a3-broker-configuration\") pod \"d0fe6676-0304-46f5-a84f-7c296cfd36a3\" (UID: \"d0fe6676-0304-46f5-a84f-7c296cfd36a3\") "
2025-01-28 20:50:14,839 INFO c.h.h.t.HelmChartContainer - [K3S] [reconciler_common.go:162] "operationExecutor.UnmountVolume started for volume \"pod-info\" (UniqueName: \"kubernetes.io/configmap/d0fe6676-0304-46f5-a84f-7c296cfd36a3-pod-info\") pod \"d0fe6676-0304-46f5-a84f-7c296cfd36a3\" (UID: \"d0fe6676-0304-46f5-a84f-7c296cfd36a3\") "
2025-01-28 20:50:14,839 INFO c.h.h.t.HelmChartContainer - [K3S] [reconciler_common.go:162] "operationExecutor.UnmountVolume started for volume \"kube-api-access-dfdq5\" (UniqueName: \"kubernetes.io/projected/d0fe6676-0304-46f5-a84f-7c296cfd36a3-kube-api-access-dfdq5\") pod \"d0fe6676-0304-46f5-a84f-7c296cfd36a3\" (UID: \"d0fe6676-0304-46f5-a84f-7c296cfd36a3\") "
2025-01-28 20:50:14,841 INFO c.h.h.t.HelmChartContainer - [hivemq-test-hivemq-platform] [hivemq-platform-operator] [72f36c1a] 20:50:14.839 [ReconcilerExecutor-hivemq-controller-135] DEBUG c.h.p.o.h.HiveMQPlatformReconcilerErrorHandler - [helmroll] Pod 'test-hivemq-platform-0' phase Failed
2025-01-28 20:50:14,844 INFO c.h.h.t.HelmChartContainer - [hivemq-test-hivemq-platform] [hivemq-platform-operator] [72f36c1a] 20:50:14.839 [ReconcilerExecutor-hivemq-controller-135] DEBUG c.h.p.o.h.HiveMQPlatformReconcilerErrorHandler - [helmroll] Pod 'test-hivemq-platform-0' condition 'PodReadyToStartContainers': False
2025-01-28 20:50:14,844 INFO c.h.h.t.HelmChartContainer - [hivemq-test-hivemq-platform] [hivemq-platform-operator] [72f36c1a] 20:50:14.839 [ReconcilerExecutor-hivemq-controller-135] DEBUG c.h.p.o.h.HiveMQPlatformReconcilerErrorHandler - [helmroll] Pod 'test-hivemq-platform-0' condition 'Initialized': True
2025-01-28 20:50:14,844 INFO c.h.h.t.HelmChartContainer - [hivemq-test-hivemq-platform] [hivemq-platform-operator] [72f36c1a] 20:50:14.839 [ReconcilerExecutor-hivemq-controller-135] DEBUG c.h.p.o.h.HiveMQPlatformReconcilerErrorHandler - [helmroll] Pod 'test-hivemq-platform-0' condition 'Ready': False
2025-01-28 20:50:14,845 INFO c.h.h.t.HelmChartContainer - [hivemq-test-hivemq-platform] [hivemq-platform-operator] [72f36c1a] 20:50:14.840 [ReconcilerExecutor-hivemq-controller-135] DEBUG c.h.p.o.h.HiveMQPlatformReconcilerErrorHandler - [helmroll] Pod 'test-hivemq-platform-0' condition 'ContainersReady': False
2025-01-28 20:50:14,845 INFO c.h.h.t.HelmChartContainer - [hivemq-test-hivemq-platform] [hivemq-platform-operator] [72f36c1a] 20:50:14.840 [ReconcilerExecutor-hivemq-controller-135] DEBUG c.h.p.o.h.HiveMQPlatformReconcilerErrorHandler - [helmroll] Pod 'test-hivemq-platform-0' condition 'PodScheduled': True
2025-01-28 20:50:14,845 INFO c.h.h.t.HelmChartContainer - [hivemq-test-hivemq-platform] [hivemq-platform-operator] [72f36c1a] 20:50:14.840 [ReconcilerExecutor-hivemq-controller-135] DEBUG c.h.p.o.h.HiveMQPlatformReconcilerErrorHandler - [helmroll] Pod 'test-hivemq-platform-0' containerStatus 'hivemq' (started: false) (ready: false) (waiting: [Unknown] no message)
2025-01-28 20:50:14,845 INFO c.h.h.t.HelmChartContainer - [hivemq-test-hivemq-platform] [hivemq-platform-operator] [72f36c1a] 20:50:14.842 [ReconcilerExecutor-hivemq-controller-135] DEBUG c.h.p.o.h.HiveMQPlatformReconcilerRollingRestartHandler - [helmroll] Rolling restart is waiting for 1 of 2 replicas
2025-01-28 20:50:14,854 INFO c.h.h.t.HelmChartContainer - [hivemq-test-hivemq-platform] [hivemq-platform-operator] [72f36c1a] 20:50:14.851 [pool-6-thread-8] DEBUG c.h.p.o.d.PlatformServiceResource - [helmroll] Desired Platform services (3 services)
2025-01-28 20:50:14,854 INFO c.h.h.t.HelmChartContainer - [hivemq-test-hivemq-platform] [hivemq-platform-operator] [72f36c1a] 20:50:14.852 [pool-6-thread-9] DEBUG c.h.p.o.dependants.PodInfoConfigMap - [helmroll] Desired PodInfo ConfigMap (1 extensions) (1 enabled)
2025-01-28 20:50:14,854 INFO c.h.h.t.HelmChartContainer - [hivemq-test-hivemq-platform] [hivemq-platform-operator] [72f36c1a] 20:50:14.852 [pool-6-thread-9] DEBUG c.h.p.o.dependants.PodInfoConfigMap - [helmroll] Desired PodInfo ConfigMap (metrics port: 9399) (metrics path: /)
2025-01-28 20:50:14,854 INFO c.h.h.t.HelmChartContainer - [hivemq-test-hivemq-platform] [hivemq-platform-operator] [72f36c1a] 20:50:14.852 [pool-6-thread-9] DEBUG c.h.p.o.dependants.PodInfoConfigMap - [helmroll] Desired PodInfo ConfigMap (extension state hash: -1817474005)
2025-01-28 20:50:14,893 INFO c.h.h.t.HelmChartContainer - [hivemq-test-hivemq-platform] [hivemq-platform-operator] [72f36c1a] 20:50:14.892 [pool-6-thread-9] DEBUG c.h.p.o.d.PodServiceAccountResource - [helmroll] Desired PodServiceAccountResource (serviceAccountName: hivemq-platform-pod-test-hivemq-platform)
2025-01-28 20:50:14,894 INFO c.h.h.t.HelmChartContainer - [hivemq-test-hivemq-platform] [hivemq-platform-operator] [72f36c1a] 20:50:14.894 [pool-6-thread-8] DEBUG c.h.p.o.d.StatefulSetResource - [helmroll] Desired StatefulSet (2 replicas) for status ROLLING_RESTART (RESTART_PODS_IN_PROGRESS)
2025-01-28 20:50:14,940 INFO c.h.h.t.HelmChartContainer - [hivemq-test-hivemq-platform] [hivemq-platform-operator] [72f36c1a] 20:50:14.938 [ReconcilerExecutor-hivemq-controller-136] INFO  c.h.p.o.HiveMQPlatformReconciler - [helmroll] Reconciling HiveMQ Platform 'test-hivemq-platform' in namespace 'helmrollingupgradeplatformit'
2025-01-28 20:50:14,940 INFO c.h.h.t.HelmChartContainer - [K3S] [reconciler_common.go:299] "Volume detached for volume \"kube-api-access-dfdq5\" (UniqueName: \"kubernetes.io/projected/d0fe6676-0304-46f5-a84f-7c296cfd36a3-kube-api-access-dfdq5\") on node \"a51fb6dbb334\" DevicePath \"\""
2025-01-28 20:50:14,940 INFO c.h.h.t.HelmChartContainer - [K3S] [reconciler_common.go:299] "Volume detached for volume \"broker-configuration\" (UniqueName: \"kubernetes.io/configmap/d0fe6676-0304-46f5-a84f-7c296cfd36a3-broker-configuration\") on node \"a51fb6dbb334\" DevicePath \"\""
2025-01-28 20:50:14,940 INFO c.h.h.t.HelmChartContainer - [K3S] [reconciler_common.go:299] "Volume detached for volume \"pod-info\" (UniqueName: \"kubernetes.io/configmap/d0fe6676-0304-46f5-a84f-7c296cfd36a3-pod-info\") on node \"a51fb6dbb334\" DevicePath \"\""
2025-01-28 20:50:14,940 INFO c.h.h.t.HelmChartContainer - [K3S] [reconciler_common.go:299] "Volume detached for volume \"operator-init\" (UniqueName: \"kubernetes.io/empty-dir/d0fe6676-0304-46f5-a84f-7c296cfd36a3-operator-init\") on node \"a51fb6dbb334\" DevicePath \"\""
2025-01-28 20:50:14,940 INFO c.h.h.t.HelmChartContainer - [hivemq-test-hivemq-platform] [hivemq-platform-operator] [72f36c1a] 20:50:14.938 [ReconcilerExecutor-hivemq-controller-136] DEBUG c.h.p.o.HiveMQPlatformReconciler - [helmroll] Custom Resource Status ROLLING_RESTART - HiveMQ Platform is restarting Pods (rolling restart) (RESTART_PODS_IN_PROGRESS)
2025-01-28 20:50:14,940 INFO c.h.h.t.HelmChartContainer - [hivemq-test-hivemq-platform] [hivemq-platform-operator] [72f36c1a] 20:50:14.938 [ReconcilerExecutor-hivemq-controller-136] DEBUG c.h.p.o.HiveMQPlatformReconciler - [helmroll] Custom Resource Spec (replicas: 1) (extensions: 1)
2025-01-28 20:50:14,941 INFO c.h.h.t.HelmChartContainer - [hivemq-test-hivemq-platform] [hivemq-platform-operator] [72f36c1a] 20:50:14.940 [ReconcilerExecutor-hivemq-controller-136] DEBUG c.h.p.o.HiveMQPlatformReconciler - [helmroll] StatefulSet Status (revision: test-hivemq-platform-945c6dcb4, replicas: 2, available: 1, ready: 1, current: 0, updated: 1)
2025-01-28 20:50:14,941 INFO c.h.h.t.HelmChartContainer - [hivemq-test-hivemq-platform] [hivemq-platform-operator] [72f36c1a] 20:50:14.940 [ReconcilerExecutor-hivemq-controller-136] DEBUG c.h.p.o.HiveMQPlatformReconciler - [helmroll] StatefulSet Spec (replicas: 2, init containers: 1, containers: 1, volumes: 3)
2025-01-28 20:50:14,943 INFO c.h.h.t.HelmChartContainer - [hivemq-test-hivemq-platform] [hivemq-platform-operator] [72f36c1a] 20:50:14.942 [ReconcilerExecutor-hivemq-controller-136] DEBUG c.h.p.o.h.HiveMQPlatformReconcilerErrorHandler - [helmroll] Pod 'test-hivemq-platform-1' phase Running
2025-01-28 20:50:14,943 INFO c.h.h.t.HelmChartContainer - [hivemq-test-hivemq-platform] [hivemq-platform-operator] [72f36c1a] 20:50:14.943 [ReconcilerExecutor-hivemq-controller-136] DEBUG c.h.p.o.h.HiveMQPlatformReconcilerErrorHandler - [helmroll] Pod 'test-hivemq-platform-0' phase Failed
2025-01-28 20:50:14,945 INFO c.h.h.t.HelmChartContainer - [hivemq-test-hivemq-platform] [hivemq-platform-operator] [72f36c1a] 20:50:14.943 [ReconcilerExecutor-hivemq-controller-136] DEBUG c.h.p.o.h.HiveMQPlatformReconcilerErrorHandler - [helmroll] Pod 'test-hivemq-platform-0' condition 'PodReadyToStartContainers': False
2025-01-28 20:50:14,945 INFO c.h.h.t.HelmChartContainer - [hivemq-test-hivemq-platform] [hivemq-platform-operator] [72f36c1a] 20:50:14.943 [ReconcilerExecutor-hivemq-controller-136] DEBUG c.h.p.o.h.HiveMQPlatformReconcilerErrorHandler - [helmroll] Pod 'test-hivemq-platform-0' condition 'Initialized': True
2025-01-28 20:50:14,945 INFO c.h.h.t.HelmChartContainer - [hivemq-test-hivemq-platform] [hivemq-platform-operator] [72f36c1a] 20:50:14.943 [ReconcilerExecutor-hivemq-controller-136] DEBUG c.h.p.o.h.HiveMQPlatformReconcilerErrorHandler - [helmroll] Pod 'test-hivemq-platform-0' condition 'Ready': False
2025-01-28 20:50:14,945 INFO c.h.h.t.HelmChartContainer - [hivemq-test-hivemq-platform] [hivemq-platform-operator] [72f36c1a] 20:50:14.943 [ReconcilerExecutor-hivemq-controller-136] DEBUG c.h.p.o.h.HiveMQPlatformReconcilerErrorHandler - [helmroll] Pod 'test-hivemq-platform-0' condition 'ContainersReady': False
2025-01-28 20:50:14,945 INFO c.h.h.t.HelmChartContainer - [hivemq-test-hivemq-platform] [hivemq-platform-operator] [72f36c1a] 20:50:14.943 [ReconcilerExecutor-hivemq-controller-136] DEBUG c.h.p.o.h.HiveMQPlatformReconcilerErrorHandler - [helmroll] Pod 'test-hivemq-platform-0' condition 'PodScheduled': True
2025-01-28 20:50:14,945 INFO c.h.h.t.HelmChartContainer - [hivemq-test-hivemq-platform] [hivemq-platform-operator] [72f36c1a] 20:50:14.943 [ReconcilerExecutor-hivemq-controller-136] DEBUG c.h.p.o.h.HiveMQPlatformReconcilerErrorHandler - [helmroll] Pod 'test-hivemq-platform-0' containerStatus 'hivemq' (started: false) (ready: false) (waiting: [Unknown] no message)
2025-01-28 20:50:14,945 INFO c.h.h.t.HelmChartContainer - [hivemq-test-hivemq-platform] [hivemq-platform-operator] [72f36c1a] 20:50:14.944 [ReconcilerExecutor-hivemq-controller-136] DEBUG c.h.p.o.h.HiveMQPlatformReconcilerRollingRestartHandler - [helmroll] Rolling restart is waiting for 1 of 2 replicas
2025-01-28 20:50:15,698 INFO c.h.h.t.HelmChartContainer - [K3S] [scope.go:117] "RemoveContainer" containerID="efe1088709ca7e5d26e090d9c3f1e67e8561dbd66abd7d69c04d84f287639dae"
2025-01-28 20:50:15,715 INFO c.h.h.t.HelmChartContainer - [POD] test-hivemq-platform-0 [d0fe6676-0304-46f5-a84f-7c296cfd36a3] in helmrollingupgradeplatformit was MODIFIED
2025-01-28 20:50:15,723 INFO c.h.h.t.HelmChartContainer - [POD] test-hivemq-platform-0 [d0fe6676-0304-46f5-a84f-7c296cfd36a3] in helmrollingupgradeplatformit was DELETED
2025-01-28 20:50:15,746 INFO c.h.h.t.HelmChartContainer - [POD] test-hivemq-platform-0 [3b8ff019-dcde-4525-b743-d57b7bcf056f] in helmrollingupgradeplatformit was ADDED
2025-01-28 20:50:15,746 INFO c.h.h.t.HelmChartContainer - [hivemq-test-hivemq-platform] [hivemq-platform-operator] [72f36c1a] 20:50:15.738 [pool-6-thread-16] DEBUG c.h.p.o.d.PlatformServiceResource - [helmroll] Desired Platform services (3 services)
2025-01-28 20:50:15,746 INFO c.h.h.t.HelmChartContainer - [hivemq-test-hivemq-platform] [hivemq-platform-operator] [72f36c1a] 20:50:15.743 [pool-6-thread-13] DEBUG c.h.p.o.d.PodServiceAccountResource - [helmroll] Desired PodServiceAccountResource (serviceAccountName: hivemq-platform-pod-test-hivemq-platform)
2025-01-28 20:50:15,747 INFO c.h.h.t.HelmChartContainer - [hivemq-test-hivemq-platform] [hivemq-platform-operator] [72f36c1a] 20:50:15.744 [pool-6-thread-20] DEBUG c.h.p.o.dependants.PodInfoConfigMap - [helmroll] Desired PodInfo ConfigMap (1 extensions) (1 enabled)
2025-01-28 20:50:15,753 INFO c.h.h.t.HelmChartContainer - [hivemq-test-hivemq-platform] [hivemq-platform-operator] [72f36c1a] 20:50:15.745 [pool-6-thread-20] DEBUG c.h.p.o.dependants.PodInfoConfigMap - [helmroll] Desired PodInfo ConfigMap (metrics port: 9399) (metrics path: /)
2025-01-28 20:50:15,753 INFO c.h.h.t.HelmChartContainer - [hivemq-test-hivemq-platform] [hivemq-platform-operator] [72f36c1a] 20:50:15.745 [pool-6-thread-20] DEBUG c.h.p.o.dependants.PodInfoConfigMap - [helmroll] Desired PodInfo ConfigMap (extension state hash: -1817474005)
2025-01-28 20:50:15,753 INFO c.h.h.t.HelmChartContainer - [hivemq-test-hivemq-platform] [hivemq-platform-operator] [72f36c1a] 20:50:15.748 [pool-6-thread-20] DEBUG c.h.p.o.d.StatefulSetResource - [helmroll] Desired StatefulSet (2 replicas) for status ROLLING_RESTART (RESTART_PODS_IN_PROGRESS)
2025-01-28 20:50:15,756 INFO c.h.h.t.HelmChartContainer - [hivemq-test-hivemq-platform] [hivemq-platform-operator] [72f36c1a] 20:50:15.754 [ReconcilerExecutor-hivemq-controller-138] INFO  c.h.p.o.HiveMQPlatformReconciler - [helmroll] Reconciling HiveMQ Platform 'test-hivemq-platform' in namespace 'helmrollingupgradeplatformit'
2025-01-28 20:50:15,757 INFO c.h.h.t.HelmChartContainer - [hivemq-test-hivemq-platform] [hivemq-platform-operator] [72f36c1a] 20:50:15.754 [ReconcilerExecutor-hivemq-controller-138] DEBUG c.h.p.o.HiveMQPlatformReconciler - [helmroll] Custom Resource Status ROLLING_RESTART - HiveMQ Platform is restarting Pods (rolling restart) (RESTART_PODS_IN_PROGRESS)
2025-01-28 20:50:15,757 INFO c.h.h.t.HelmChartContainer - [hivemq-test-hivemq-platform] [hivemq-platform-operator] [72f36c1a] 20:50:15.754 [ReconcilerExecutor-hivemq-controller-138] DEBUG c.h.p.o.HiveMQPlatformReconciler - [helmroll] Custom Resource Spec (replicas: 1) (extensions: 1)
2025-01-28 20:50:15,762 INFO c.h.h.t.HelmChartContainer - [POD] test-hivemq-platform-0 [3b8ff019-dcde-4525-b743-d57b7bcf056f] in helmrollingupgradeplatformit was MODIFIED
2025-01-28 20:50:15,763 INFO c.h.h.t.HelmChartContainer - [K3S] [memory_manager.go:355] "RemoveStaleState removing state" podUID="d0fe6676-0304-46f5-a84f-7c296cfd36a3" containerName="hivemq"
2025-01-28 20:50:15,766 INFO c.h.h.t.HelmChartContainer - [EVENT] Normal [SuccessfulCreate] create Pod test-hivemq-platform-0 in StatefulSet test-hivemq-platform successful [helmrollingupgradeplatformit:test-hivemq-platform]
2025-01-28 20:50:15,771 INFO c.h.h.t.HelmChartContainer - [EVENT] Normal [Scheduled] Successfully assigned helmrollingupgradeplatformit/test-hivemq-platform-0 to a51fb6dbb334 [helmrollingupgradeplatformit:test-hivemq-platform-0]
2025-01-28 20:50:15,781 INFO c.h.h.t.HelmChartContainer - [POD] test-hivemq-platform-0 [3b8ff019-dcde-4525-b743-d57b7bcf056f] in helmrollingupgradeplatformit was MODIFIED
2025-01-28 20:50:15,798 INFO c.h.h.t.HelmChartContainer - [hivemq-test-hivemq-platform] [hivemq-platform-operator] [72f36c1a] 20:50:15.796 [ReconcilerExecutor-hivemq-controller-138] DEBUG c.h.p.o.HiveMQPlatformReconciler - [helmroll] StatefulSet Status (revision: test-hivemq-platform-945c6dcb4, replicas: 2, available: 1, ready: 1, current: 0, updated: 1)
2025-01-28 20:50:15,800 INFO c.h.h.t.HelmChartContainer - [hivemq-test-hivemq-platform] [hivemq-platform-operator] [72f36c1a] 20:50:15.799 [ReconcilerExecutor-hivemq-controller-138] DEBUG c.h.p.o.HiveMQPlatformReconciler - [helmroll] StatefulSet Spec (replicas: 2, init containers: 1, containers: 1, volumes: 3)
2025-01-28 20:50:15,807 INFO c.h.h.t.HelmChartContainer - [hivemq-test-hivemq-platform] [hivemq-platform-operator] [72f36c1a] 20:50:15.803 [ReconcilerExecutor-hivemq-controller-138] DEBUG c.h.p.o.h.HiveMQPlatformReconcilerErrorHandler - [helmroll] Pod 'test-hivemq-platform-1' phase Running
2025-01-28 20:50:15,841 INFO c.h.h.t.HelmChartContainer - [hivemq-test-hivemq-platform] [hivemq-platform-operator] [72f36c1a] 20:50:15.840 [ReconcilerExecutor-hivemq-controller-138] DEBUG c.h.p.o.h.HiveMQPlatformReconcilerErrorHandler - [helmroll] Pod 'test-hivemq-platform-0' phase Pending
2025-01-28 20:50:15,843 INFO c.h.h.t.HelmChartContainer - [hivemq-test-hivemq-platform] [hivemq-platform-operator] [72f36c1a] 20:50:15.841 [ReconcilerExecutor-hivemq-controller-138] DEBUG c.h.p.o.h.HiveMQPlatformReconcilerErrorHandler - [helmroll] Pod 'test-hivemq-platform-0' condition 'PodReadyToStartContainers': False
2025-01-28 20:50:15,844 INFO c.h.h.t.HelmChartContainer - [K3S] [reconciler_common.go:251] "operationExecutor.VerifyControllerAttachedVolume started for volume \"pod-info\" (UniqueName: \"kubernetes.io/configmap/3b8ff019-dcde-4525-b743-d57b7bcf056f-pod-info\") pod \"test-hivemq-platform-0\" (UID: \"3b8ff019-dcde-4525-b743-d57b7bcf056f\") " pod="helmrollingupgradeplatformit/test-hivemq-platform-0"
2025-01-28 20:50:15,845 INFO c.h.h.t.HelmChartContainer - [K3S] [reconciler_common.go:251] "operationExecutor.VerifyControllerAttachedVolume started for volume \"operator-init\" (UniqueName: \"kubernetes.io/empty-dir/3b8ff019-dcde-4525-b743-d57b7bcf056f-operator-init\") pod \"test-hivemq-platform-0\" (UID: \"3b8ff019-dcde-4525-b743-d57b7bcf056f\") " pod="helmrollingupgradeplatformit/test-hivemq-platform-0"
2025-01-28 20:50:15,845 INFO c.h.h.t.HelmChartContainer - [K3S] [reconciler_common.go:251] "operationExecutor.VerifyControllerAttachedVolume started for volume \"kube-api-access-5x9mw\" (UniqueName: \"kubernetes.io/projected/3b8ff019-dcde-4525-b743-d57b7bcf056f-kube-api-access-5x9mw\") pod \"test-hivemq-platform-0\" (UID: \"3b8ff019-dcde-4525-b743-d57b7bcf056f\") " pod="helmrollingupgradeplatformit/test-hivemq-platform-0"
2025-01-28 20:50:15,845 INFO c.h.h.t.HelmChartContainer - [K3S] [reconciler_common.go:251] "operationExecutor.VerifyControllerAttachedVolume started for volume \"broker-configuration\" (UniqueName: \"kubernetes.io/configmap/3b8ff019-dcde-4525-b743-d57b7bcf056f-broker-configuration\") pod \"test-hivemq-platform-0\" (UID: \"3b8ff019-dcde-4525-b743-d57b7bcf056f\") " pod="helmrollingupgradeplatformit/test-hivemq-platform-0"
2025-01-28 20:50:15,849 INFO c.h.h.t.HelmChartContainer - [K3S] [scope.go:117] "RemoveContainer" containerID="5159eac66f43dc280310a5885718736c78cda4aaf5b4791510d1937cb256b8ce"
2025-01-28 20:50:15,850 INFO c.h.h.t.HelmChartContainer - [hivemq-test-hivemq-platform] [hivemq-platform-operator] [72f36c1a] 20:50:15.842 [ReconcilerExecutor-hivemq-controller-138] DEBUG c.h.p.o.h.HiveMQPlatformReconcilerErrorHandler - [helmroll] Pod 'test-hivemq-platform-0' condition 'Initialized': False
2025-01-28 20:50:15,851 INFO c.h.h.t.HelmChartContainer - [hivemq-test-hivemq-platform] [hivemq-platform-operator] [72f36c1a] 20:50:15.843 [ReconcilerExecutor-hivemq-controller-138] DEBUG c.h.p.o.h.HiveMQPlatformReconcilerErrorHandler - [helmroll] Pod 'test-hivemq-platform-0' condition 'Ready': False
2025-01-28 20:50:15,851 INFO c.h.h.t.HelmChartContainer - [hivemq-test-hivemq-platform] [hivemq-platform-operator] [72f36c1a] 20:50:15.843 [ReconcilerExecutor-hivemq-controller-138] DEBUG c.h.p.o.h.HiveMQPlatformReconcilerErrorHandler - [helmroll] Pod 'test-hivemq-platform-0' condition 'ContainersReady': False
2025-01-28 20:50:15,851 INFO c.h.h.t.HelmChartContainer - [hivemq-test-hivemq-platform] [hivemq-platform-operator] [72f36c1a] 20:50:15.843 [ReconcilerExecutor-hivemq-controller-138] DEBUG c.h.p.o.h.HiveMQPlatformReconcilerErrorHandler - [helmroll] Pod 'test-hivemq-platform-0' condition 'PodScheduled': True
2025-01-28 20:50:15,851 INFO c.h.h.t.HelmChartContainer - [hivemq-test-hivemq-platform] [hivemq-platform-operator] [72f36c1a] 20:50:15.843 [ReconcilerExecutor-hivemq-controller-138] DEBUG c.h.p.o.h.HiveMQPlatformReconcilerErrorHandler - [helmroll] Pod 'test-hivemq-platform-0' containerStatus 'hivemq' (started: false) (ready: false) (waiting: [PodInitializing] null)
2025-01-28 20:50:15,851 INFO c.h.h.t.HelmChartContainer - [hivemq-test-hivemq-platform] [hivemq-platform-operator] [72f36c1a] 20:50:15.844 [ReconcilerExecutor-hivemq-controller-138] DEBUG c.h.p.o.h.HiveMQPlatformReconcilerRollingRestartHandler - [helmroll] Rolling restart is waiting for 1 of 2 replicas
2025-01-28 20:50:15,852 INFO c.h.h.t.HelmChartContainer - [hivemq-test-hivemq-platform] [hivemq-platform-operator] [72f36c1a] 20:50:15.850 [pool-6-thread-29] DEBUG c.h.p.o.d.PlatformServiceResource - [helmroll] Desired Platform services (3 services)
2025-01-28 20:50:15,854 INFO c.h.h.t.HelmChartContainer - [hivemq-test-hivemq-platform] [hivemq-platform-operator] [72f36c1a] 20:50:15.852 [pool-6-thread-21] DEBUG c.h.p.o.d.PodServiceAccountResource - [helmroll] Desired PodServiceAccountResource (serviceAccountName: hivemq-platform-pod-test-hivemq-platform)
2025-01-28 20:50:15,895 INFO c.h.h.t.HelmChartContainer - [hivemq-test-hivemq-platform] [hivemq-platform-operator] [72f36c1a] 20:50:15.894 [pool-6-thread-24] DEBUG c.h.p.o.dependants.PodInfoConfigMap - [helmroll] Desired PodInfo ConfigMap (1 extensions) (1 enabled)
2025-01-28 20:50:15,896 INFO c.h.h.t.HelmChartContainer - [hivemq-test-hivemq-platform] [hivemq-platform-operator] [72f36c1a] 20:50:15.894 [pool-6-thread-24] DEBUG c.h.p.o.dependants.PodInfoConfigMap - [helmroll] Desired PodInfo ConfigMap (metrics port: 9399) (metrics path: /)
2025-01-28 20:50:15,896 INFO c.h.h.t.HelmChartContainer - [hivemq-test-hivemq-platform] [hivemq-platform-operator] [72f36c1a] 20:50:15.894 [pool-6-thread-24] DEBUG c.h.p.o.dependants.PodInfoConfigMap - [helmroll] Desired PodInfo ConfigMap (extension state hash: -1817474005)
2025-01-28 20:50:15,938 INFO c.h.h.t.HelmChartContainer - [hivemq-test-hivemq-platform] [hivemq-platform-operator] [72f36c1a] 20:50:15.937 [pool-6-thread-30] DEBUG c.h.p.o.d.StatefulSetResource - [helmroll] Desired StatefulSet (2 replicas) for status ROLLING_RESTART (RESTART_PODS_IN_PROGRESS)
2025-01-28 20:50:15,943 INFO c.h.h.t.HelmChartContainer - [hivemq-test-hivemq-platform] [hivemq-platform-operator] [72f36c1a] 20:50:15.942 [ReconcilerExecutor-hivemq-controller-139] INFO  c.h.p.o.HiveMQPlatformReconciler - [helmroll] Reconciling HiveMQ Platform 'test-hivemq-platform' in namespace 'helmrollingupgradeplatformit'
2025-01-28 20:50:15,946 INFO c.h.h.t.HelmChartContainer - [hivemq-test-hivemq-platform] [hivemq-platform-operator] [72f36c1a] 20:50:15.942 [ReconcilerExecutor-hivemq-controller-139] DEBUG c.h.p.o.HiveMQPlatformReconciler - [helmroll] Custom Resource Status ROLLING_RESTART - HiveMQ Platform is restarting Pods (rolling restart) (RESTART_PODS_IN_PROGRESS)
2025-01-28 20:50:15,946 INFO c.h.h.t.HelmChartContainer - [hivemq-test-hivemq-platform] [hivemq-platform-operator] [72f36c1a] 20:50:15.942 [ReconcilerExecutor-hivemq-controller-139] DEBUG c.h.p.o.HiveMQPlatformReconciler - [helmroll] Custom Resource Spec (replicas: 1) (extensions: 1)
2025-01-28 20:50:15,992 INFO c.h.h.t.HelmChartContainer - [hivemq-test-hivemq-platform] [hivemq-platform-operator] [72f36c1a] 20:50:15.991 [ReconcilerExecutor-hivemq-controller-139] DEBUG c.h.p.o.HiveMQPlatformReconciler - [helmroll] StatefulSet Status (revision: test-hivemq-platform-945c6dcb4, replicas: 2, available: 1, ready: 1, current: 0, updated: 2)
2025-01-28 20:50:15,992 INFO c.h.h.t.HelmChartContainer - [hivemq-test-hivemq-platform] [hivemq-platform-operator] [72f36c1a] 20:50:15.991 [ReconcilerExecutor-hivemq-controller-139] DEBUG c.h.p.o.HiveMQPlatformReconciler - [helmroll] StatefulSet Spec (replicas: 2, init containers: 1, containers: 1, volumes: 3)
2025-01-28 20:50:15,994 INFO c.h.h.t.HelmChartContainer - [hivemq-test-hivemq-platform] [hivemq-platform-operator] [72f36c1a] 20:50:15.993 [ReconcilerExecutor-hivemq-controller-139] DEBUG c.h.p.o.h.HiveMQPlatformReconcilerErrorHandler - [helmroll] Pod 'test-hivemq-platform-1' phase Running
2025-01-28 20:50:15,995 INFO c.h.h.t.HelmChartContainer - [hivemq-test-hivemq-platform] [hivemq-platform-operator] [72f36c1a] 20:50:15.995 [ReconcilerExecutor-hivemq-controller-139] DEBUG c.h.p.o.h.HiveMQPlatformReconcilerErrorHandler - [helmroll] Pod 'test-hivemq-platform-0' phase Pending
2025-01-28 20:50:15,996 INFO c.h.h.t.HelmChartContainer - [hivemq-test-hivemq-platform] [hivemq-platform-operator] [72f36c1a] 20:50:15.995 [ReconcilerExecutor-hivemq-controller-139] DEBUG c.h.p.o.h.HiveMQPlatformReconcilerErrorHandler - [helmroll] Pod 'test-hivemq-platform-0' condition 'PodReadyToStartContainers': False
2025-01-28 20:50:15,996 INFO c.h.h.t.HelmChartContainer - [hivemq-test-hivemq-platform] [hivemq-platform-operator] [72f36c1a] 20:50:15.995 [ReconcilerExecutor-hivemq-controller-139] DEBUG c.h.p.o.h.HiveMQPlatformReconcilerErrorHandler - [helmroll] Pod 'test-hivemq-platform-0' condition 'Initialized': False
2025-01-28 20:50:15,997 INFO c.h.h.t.HelmChartContainer - [hivemq-test-hivemq-platform] [hivemq-platform-operator] [72f36c1a] 20:50:15.995 [ReconcilerExecutor-hivemq-controller-139] DEBUG c.h.p.o.h.HiveMQPlatformReconcilerErrorHandler - [helmroll] Pod 'test-hivemq-platform-0' condition 'Ready': False
2025-01-28 20:50:15,997 INFO c.h.h.t.HelmChartContainer - [hivemq-test-hivemq-platform] [hivemq-platform-operator] [72f36c1a] 20:50:15.995 [ReconcilerExecutor-hivemq-controller-139] DEBUG c.h.p.o.h.HiveMQPlatformReconcilerErrorHandler - [helmroll] Pod 'test-hivemq-platform-0' condition 'ContainersReady': False
2025-01-28 20:50:15,997 INFO c.h.h.t.HelmChartContainer - [hivemq-test-hivemq-platform] [hivemq-platform-operator] [72f36c1a] 20:50:15.995 [ReconcilerExecutor-hivemq-controller-139] DEBUG c.h.p.o.h.HiveMQPlatformReconcilerErrorHandler - [helmroll] Pod 'test-hivemq-platform-0' condition 'PodScheduled': True
2025-01-28 20:50:15,997 INFO c.h.h.t.HelmChartContainer - [hivemq-test-hivemq-platform] [hivemq-platform-operator] [72f36c1a] 20:50:15.995 [ReconcilerExecutor-hivemq-controller-139] DEBUG c.h.p.o.h.HiveMQPlatformReconcilerErrorHandler - [helmroll] Pod 'test-hivemq-platform-0' containerStatus 'hivemq' (started: false) (ready: false) (waiting: [PodInitializing] null)
2025-01-28 20:50:15,998 INFO c.h.h.t.HelmChartContainer - [hivemq-test-hivemq-platform] [hivemq-platform-operator] [72f36c1a] 20:50:15.996 [ReconcilerExecutor-hivemq-controller-139] DEBUG c.h.p.o.h.HiveMQPlatformReconcilerRollingRestartHandler - [helmroll] Rolling restart is waiting for 1 of 2 replicas
2025-01-28 20:50:16,187 INFO c.h.h.t.HelmChartContainer - [EVENT] Normal [Pulled] Container image "docker.io/hivemq/hivemq-platform-operator-init-test:snapshot" already present on machine [helmrollingupgradeplatformit:test-hivemq-platform-0]
2025-01-28 20:50:16,194 INFO c.h.h.t.HelmChartContainer - [EVENT] Normal [Created] Created container: hivemq-platform-operator-init [helmrollingupgradeplatformit:test-hivemq-platform-0]
2025-01-28 20:50:16,244 INFO c.h.h.t.HelmChartContainer - [EVENT] Normal [Started] Started container hivemq-platform-operator-init [helmrollingupgradeplatformit:test-hivemq-platform-0]
2025-01-28 20:50:16,575 INFO c.h.h.t.HelmChartContainer - [K3S] [kubelet_volumes.go:163] "Cleaned up orphaned pod volumes dir" podUID="d0fe6676-0304-46f5-a84f-7c296cfd36a3" path="/var/lib/kubelet/pods/d0fe6676-0304-46f5-a84f-7c296cfd36a3/volumes"
2025-01-28 20:50:16,707 INFO c.h.h.t.HelmChartContainer - [EVENT] Normal [Pulled] Container image "docker.io/hivemq/hivemq4:4.36.0" already present on machine [helmrollingupgradeplatformit:test-hivemq-platform-0]
2025-01-28 20:50:16,707 INFO c.h.h.t.HelmChartContainer - Received Pulled event for container hivemq in pod test-hivemq-platform-0 [3b8ff019-dcde-4525-b743-d57b7bcf056f]
2025-01-28 20:50:16,734 INFO c.h.h.t.HelmChartContainer - [POD] test-hivemq-platform-0 [3b8ff019-dcde-4525-b743-d57b7bcf056f] in helmrollingupgradeplatformit was MODIFIED
2025-01-28 20:50:16,751 INFO c.h.h.t.HelmChartContainer - [hivemq-test-hivemq-platform] [hivemq-platform-operator] [72f36c1a] 20:50:16.727 [pool-6-thread-39] DEBUG c.h.p.o.d.PlatformServiceResource - [helmroll] Desired Platform services (3 services)
2025-01-28 20:50:16,751 INFO c.h.h.t.HelmChartContainer - [hivemq-test-hivemq-platform] [hivemq-platform-operator] [72f36c1a] 20:50:16.731 [pool-6-thread-34] DEBUG c.h.p.o.d.PodServiceAccountResource - [helmroll] Desired PodServiceAccountResource (serviceAccountName: hivemq-platform-pod-test-hivemq-platform)
2025-01-28 20:50:16,751 INFO c.h.h.t.HelmChartContainer - [hivemq-test-hivemq-platform] [hivemq-platform-operator] [72f36c1a] 20:50:16.738 [pool-6-thread-33] DEBUG c.h.p.o.dependants.PodInfoConfigMap - [helmroll] Desired PodInfo ConfigMap (1 extensions) (1 enabled)
2025-01-28 20:50:16,751 INFO c.h.h.t.HelmChartContainer - [hivemq-test-hivemq-platform] [hivemq-platform-operator] [72f36c1a] 20:50:16.738 [pool-6-thread-33] DEBUG c.h.p.o.dependants.PodInfoConfigMap - [helmroll] Desired PodInfo ConfigMap (metrics port: 9399) (metrics path: /)
2025-01-28 20:50:16,751 INFO c.h.h.t.HelmChartContainer - [hivemq-test-hivemq-platform] [hivemq-platform-operator] [72f36c1a] 20:50:16.738 [pool-6-thread-33] DEBUG c.h.p.o.dependants.PodInfoConfigMap - [helmroll] Desired PodInfo ConfigMap (extension state hash: -1817474005)
2025-01-28 20:50:16,758 INFO c.h.h.t.HelmChartContainer - [hivemq-test-hivemq-platform] [hivemq-platform-operator] [72f36c1a] 20:50:16.745 [pool-6-thread-33] DEBUG c.h.p.o.d.StatefulSetResource - [helmroll] Desired StatefulSet (2 replicas) for status ROLLING_RESTART (RESTART_PODS_IN_PROGRESS)
2025-01-28 20:50:16,758 INFO c.h.h.t.HelmChartContainer - [hivemq-test-hivemq-platform] [hivemq-platform-operator] [72f36c1a] 20:50:16.752 [ReconcilerExecutor-hivemq-controller-140] INFO  c.h.p.o.HiveMQPlatformReconciler - [helmroll] Reconciling HiveMQ Platform 'test-hivemq-platform' in namespace 'helmrollingupgradeplatformit'
2025-01-28 20:50:16,758 INFO c.h.h.t.HelmChartContainer - [hivemq-test-hivemq-platform] [hivemq-platform-operator] [72f36c1a] 20:50:16.752 [ReconcilerExecutor-hivemq-controller-140] DEBUG c.h.p.o.HiveMQPlatformReconciler - [helmroll] Custom Resource Status ROLLING_RESTART - HiveMQ Platform is restarting Pods (rolling restart) (RESTART_PODS_IN_PROGRESS)
2025-01-28 20:50:16,758 INFO c.h.h.t.HelmChartContainer - [hivemq-test-hivemq-platform] [hivemq-platform-operator] [72f36c1a] 20:50:16.752 [ReconcilerExecutor-hivemq-controller-140] DEBUG c.h.p.o.HiveMQPlatformReconciler - [helmroll] Custom Resource Spec (replicas: 1) (extensions: 1)
2025-01-28 20:50:16,758 INFO c.h.h.t.HelmChartContainer - [hivemq-test-hivemq-platform] [hivemq-platform-operator] [72f36c1a] 20:50:16.753 [ReconcilerExecutor-hivemq-controller-140] DEBUG c.h.p.o.HiveMQPlatformReconciler - [helmroll] StatefulSet Status (revision: test-hivemq-platform-945c6dcb4, replicas: 2, available: 1, ready: 1, current: 0, updated: 2)
2025-01-28 20:50:16,758 INFO c.h.h.t.HelmChartContainer - [hivemq-test-hivemq-platform] [hivemq-platform-operator] [72f36c1a] 20:50:16.753 [ReconcilerExecutor-hivemq-controller-140] DEBUG c.h.p.o.HiveMQPlatformReconciler - [helmroll] StatefulSet Spec (replicas: 2, init containers: 1, containers: 1, volumes: 3)
2025-01-28 20:50:16,758 INFO c.h.h.t.HelmChartContainer - [hivemq-test-hivemq-platform] [hivemq-platform-operator] [72f36c1a] 20:50:16.755 [ReconcilerExecutor-hivemq-controller-140] DEBUG c.h.p.o.h.HiveMQPlatformReconcilerErrorHandler - [helmroll] Pod 'test-hivemq-platform-1' phase Running
2025-01-28 20:50:16,759 INFO c.h.h.t.HelmChartContainer - [EVENT] Normal [Created] Created container: hivemq [helmrollingupgradeplatformit:test-hivemq-platform-0]
2025-01-28 20:50:16,759 INFO c.h.h.t.HelmChartContainer - Received Created event for container hivemq in pod test-hivemq-platform-0 [3b8ff019-dcde-4525-b743-d57b7bcf056f]
2025-01-28 20:50:16,765 INFO c.h.h.t.HelmChartContainer - [hivemq-test-hivemq-platform] [hivemq-platform-operator] [72f36c1a] 20:50:16.757 [ReconcilerExecutor-hivemq-controller-140] DEBUG c.h.p.o.h.HiveMQPlatformReconcilerErrorHandler - [helmroll] Pod 'test-hivemq-platform-0' phase Pending
2025-01-28 20:50:16,765 INFO c.h.h.t.HelmChartContainer - [hivemq-test-hivemq-platform] [hivemq-platform-operator] [72f36c1a] 20:50:16.758 [ReconcilerExecutor-hivemq-controller-140] DEBUG c.h.p.o.h.HiveMQPlatformReconcilerErrorHandler - [helmroll] Pod 'test-hivemq-platform-0' condition 'PodReadyToStartContainers': True
2025-01-28 20:50:16,765 INFO c.h.h.t.HelmChartContainer - [hivemq-test-hivemq-platform] [hivemq-platform-operator] [72f36c1a] 20:50:16.759 [ReconcilerExecutor-hivemq-controller-140] DEBUG c.h.p.o.h.HiveMQPlatformReconcilerErrorHandler - [helmroll] Pod 'test-hivemq-platform-0' condition 'Initialized': True
2025-01-28 20:50:16,765 INFO c.h.h.t.HelmChartContainer - [hivemq-test-hivemq-platform] [hivemq-platform-operator] [72f36c1a] 20:50:16.759 [ReconcilerExecutor-hivemq-controller-140] DEBUG c.h.p.o.h.HiveMQPlatformReconcilerErrorHandler - [helmroll] Pod 'test-hivemq-platform-0' condition 'Ready': False
2025-01-28 20:50:16,765 INFO c.h.h.t.HelmChartContainer - [hivemq-test-hivemq-platform] [hivemq-platform-operator] [72f36c1a] 20:50:16.759 [ReconcilerExecutor-hivemq-controller-140] DEBUG c.h.p.o.h.HiveMQPlatformReconcilerErrorHandler - [helmroll] Pod 'test-hivemq-platform-0' condition 'ContainersReady': False
2025-01-28 20:50:16,765 INFO c.h.h.t.HelmChartContainer - [hivemq-test-hivemq-platform] [hivemq-platform-operator] [72f36c1a] 20:50:16.759 [ReconcilerExecutor-hivemq-controller-140] DEBUG c.h.p.o.h.HiveMQPlatformReconcilerErrorHandler - [helmroll] Pod 'test-hivemq-platform-0' condition 'PodScheduled': True
2025-01-28 20:50:16,765 INFO c.h.h.t.HelmChartContainer - [hivemq-test-hivemq-platform] [hivemq-platform-operator] [72f36c1a] 20:50:16.759 [ReconcilerExecutor-hivemq-controller-140] DEBUG c.h.p.o.h.HiveMQPlatformReconcilerErrorHandler - [helmroll] Pod 'test-hivemq-platform-0' containerStatus 'hivemq' (started: false) (ready: false) (waiting: [PodInitializing] null)
2025-01-28 20:50:16,765 INFO c.h.h.t.HelmChartContainer - [hivemq-test-hivemq-platform] [hivemq-platform-operator] [72f36c1a] 20:50:16.760 [ReconcilerExecutor-hivemq-controller-140] DEBUG c.h.p.o.h.HiveMQPlatformReconcilerRollingRestartHandler - [helmroll] Rolling restart is waiting for 1 of 2 replicas
2025-01-28 20:50:17,722 INFO c.h.h.t.HelmChartContainer - [POD] test-hivemq-platform-0 [3b8ff019-dcde-4525-b743-d57b7bcf056f] in helmrollingupgradeplatformit was MODIFIED
2025-01-28 20:50:17,727 INFO c.h.h.t.HelmChartContainer - [hivemq-test-hivemq-platform] [hivemq-platform-operator] [72f36c1a] 20:50:17.725 [pool-6-thread-50] DEBUG c.h.p.o.d.PlatformServiceResource - [helmroll] Desired Platform services (3 services)
2025-01-28 20:50:17,732 INFO c.h.h.t.HelmChartContainer - [hivemq-test-hivemq-platform] [hivemq-platform-operator] [72f36c1a] 20:50:17.725 [pool-6-thread-45] DEBUG c.h.p.o.dependants.PodInfoConfigMap - [helmroll] Desired PodInfo ConfigMap (1 extensions) (1 enabled)
2025-01-28 20:50:17,732 INFO c.h.h.t.HelmChartContainer - [hivemq-test-hivemq-platform] [hivemq-platform-operator] [72f36c1a] 20:50:17.726 [pool-6-thread-45] DEBUG c.h.p.o.dependants.PodInfoConfigMap - [helmroll] Desired PodInfo ConfigMap (metrics port: 9399) (metrics path: /)
2025-01-28 20:50:17,732 INFO c.h.h.t.HelmChartContainer - [hivemq-test-hivemq-platform] [hivemq-platform-operator] [72f36c1a] 20:50:17.726 [pool-6-thread-45] DEBUG c.h.p.o.dependants.PodInfoConfigMap - [helmroll] Desired PodInfo ConfigMap (extension state hash: -1817474005)
2025-01-28 20:50:17,732 INFO c.h.h.t.HelmChartContainer - [hivemq-test-hivemq-platform] [hivemq-platform-operator] [72f36c1a] 20:50:17.726 [pool-6-thread-45] DEBUG c.h.p.o.d.PodServiceAccountResource - [helmroll] Desired PodServiceAccountResource (serviceAccountName: hivemq-platform-pod-test-hivemq-platform)
2025-01-28 20:50:17,735 INFO c.h.h.t.HelmChartContainer - [hivemq-test-hivemq-platform] [hivemq-platform-operator] [72f36c1a] 20:50:17.735 [pool-6-thread-50] DEBUG c.h.p.o.d.StatefulSetResource - [helmroll] Desired StatefulSet (2 replicas) for status ROLLING_RESTART (RESTART_PODS_IN_PROGRESS)
2025-01-28 20:50:17,737 INFO c.h.h.t.HelmChartContainer - Started log watcher for hivemq in pod test-hivemq-platform-0 [3b8ff019-dcde-4525-b743-d57b7bcf056f]
2025-01-28 20:50:17,737 INFO c.h.h.t.HelmChartContainer - [EVENT] Normal [Started] Started container hivemq [helmrollingupgradeplatformit:test-hivemq-platform-0]
2025-01-28 20:50:17,737 INFO c.h.h.t.HelmChartContainer - Received Started event for container hivemq in pod test-hivemq-platform-0 [3b8ff019-dcde-4525-b743-d57b7bcf056f]
2025-01-28 20:50:17,739 INFO c.h.h.t.HelmChartContainer - [test-hivemq-platform] [hivemq] [3b8ff019] Adding pre-installed HiveMQ Platform Operator extensions
2025-01-28 20:50:17,739 INFO c.h.h.t.HelmChartContainer - [test-hivemq-platform] [hivemq] [3b8ff019] Running as user 10000
2025-01-28 20:50:17,739 INFO c.h.h.t.HelmChartContainer - [test-hivemq-platform] [hivemq] [3b8ff019] Starting HiveMQ Platform Operator Init
2025-01-28 20:50:17,745 INFO c.h.h.t.HelmChartContainer - [hivemq-test-hivemq-platform] [hivemq-platform-operator] [72f36c1a] 20:50:17.742 [ReconcilerExecutor-hivemq-controller-141] INFO  c.h.p.o.HiveMQPlatformReconciler - [helmroll] Reconciling HiveMQ Platform 'test-hivemq-platform' in namespace 'helmrollingupgradeplatformit'
2025-01-28 20:50:17,746 INFO c.h.h.t.HelmChartContainer - [hivemq-test-hivemq-platform] [hivemq-platform-operator] [72f36c1a] 20:50:17.742 [ReconcilerExecutor-hivemq-controller-141] DEBUG c.h.p.o.HiveMQPlatformReconciler - [helmroll] Custom Resource Status ROLLING_RESTART - HiveMQ Platform is restarting Pods (rolling restart) (RESTART_PODS_IN_PROGRESS)
2025-01-28 20:50:17,746 INFO c.h.h.t.HelmChartContainer - [hivemq-test-hivemq-platform] [hivemq-platform-operator] [72f36c1a] 20:50:17.743 [ReconcilerExecutor-hivemq-controller-141] DEBUG c.h.p.o.HiveMQPlatformReconciler - [helmroll] Custom Resource Spec (replicas: 1) (extensions: 1)
2025-01-28 20:50:17,748 INFO c.h.h.t.HelmChartContainer - [hivemq-test-hivemq-platform] [hivemq-platform-operator] [72f36c1a] 20:50:17.746 [ReconcilerExecutor-hivemq-controller-141] DEBUG c.h.p.o.HiveMQPlatformReconciler - [helmroll] StatefulSet Status (revision: test-hivemq-platform-945c6dcb4, replicas: 2, available: 1, ready: 1, current: 0, updated: 2)
2025-01-28 20:50:17,748 INFO c.h.h.t.HelmChartContainer - [hivemq-test-hivemq-platform] [hivemq-platform-operator] [72f36c1a] 20:50:17.747 [ReconcilerExecutor-hivemq-controller-141] DEBUG c.h.p.o.HiveMQPlatformReconciler - [helmroll] StatefulSet Spec (replicas: 2, init containers: 1, containers: 1, volumes: 3)
2025-01-28 20:50:17,794 INFO c.h.h.t.HelmChartContainer - [hivemq-test-hivemq-platform] [hivemq-platform-operator] [72f36c1a] 20:50:17.792 [ReconcilerExecutor-hivemq-controller-141] DEBUG c.h.p.o.h.HiveMQPlatformReconcilerErrorHandler - [helmroll] Pod 'test-hivemq-platform-1' phase Running
2025-01-28 20:50:17,797 INFO c.h.h.t.HelmChartContainer - [hivemq-test-hivemq-platform] [hivemq-platform-operator] [72f36c1a] 20:50:17.796 [ReconcilerExecutor-hivemq-controller-141] DEBUG c.h.p.o.h.HiveMQPlatformReconcilerErrorHandler - [helmroll] Pod 'test-hivemq-platform-0' phase Running
2025-01-28 20:50:17,798 INFO c.h.h.t.HelmChartContainer - [hivemq-test-hivemq-platform] [hivemq-platform-operator] [72f36c1a] 20:50:17.797 [ReconcilerExecutor-hivemq-controller-141] DEBUG c.h.p.o.h.HiveMQPlatformReconcilerRollingRestartHandler - [helmroll] Rolling restart is waiting for 1 of 2 replicas
2025-01-28 20:50:18,188 INFO c.h.h.t.HelmChartContainer - [test-hivemq-platform] [hivemq] [3b8ff019] INFO  - [HiveMQ Platform Operator Init 1.7.0-SNAPSHOT] HiveMQ Platform Operator Init 1.7.0-SNAPSHOT (commit: bebf408 on branch: HEAD) built on Sun Jan 26 20:47:47 UTC 2025
2025-01-28 20:50:19,507 INFO c.h.h.t.HelmChartContainer - [test-hivemq-platform] [hivemq] [3b8ff019] INFO  - [HiveMQ Platform Operator Init App 1.7.0-SNAPSHOT] Using bind address 10.42.0.15 from environment variable
2025-01-28 20:50:20,594 INFO c.h.h.t.HelmChartContainer - [test-hivemq-platform] [hivemq] [3b8ff019] INFO  - [HiveMQ Platform Operator Init App 1.7.0-SNAPSHOT] HiveMQ Platform Operator Init App 1.7.0-SNAPSHOT (commit: bebf408 on branch: HEAD) built on Sun Jan 26 20:47:47 UTC 2025
2025-01-28 20:50:20,595 INFO c.h.h.t.HelmChartContainer - [test-hivemq-platform] [hivemq] [3b8ff019] INFO  - [HiveMQ Platform Operator Init App 1.7.0-SNAPSHOT] PodInfo ConfigMap directory: /etc/podinfo
2025-01-28 20:50:20,595 INFO c.h.h.t.HelmChartContainer - [test-hivemq-platform] [hivemq] [3b8ff019] INFO  - [HiveMQ Platform Operator Init App 1.7.0-SNAPSHOT] HiveMQ home directory: /opt/hivemq
2025-01-28 20:50:20,595 INFO c.h.h.t.HelmChartContainer - [test-hivemq-platform] [hivemq] [3b8ff019] INFO  - [HiveMQ Platform Operator Init App 1.7.0-SNAPSHOT] HiveMQ Logback folder: /opt/hivemq/conf
2025-01-28 20:50:20,595 INFO c.h.h.t.HelmChartContainer - [test-hivemq-platform] [hivemq] [3b8ff019] INFO  - [HiveMQ Platform Operator Init App 1.7.0-SNAPSHOT] HiveMQ Config folder: /opt/hivemq/conf-k8s
2025-01-28 20:50:20,596 INFO c.h.h.t.HelmChartContainer - [test-hivemq-platform] [hivemq] [3b8ff019] INFO  - [HiveMQ Platform Operator Init App 1.7.0-SNAPSHOT] Starting HiveMQ Platform Operator Init App
2025-01-28 20:50:20,596 INFO c.h.h.t.HelmChartContainer - [test-hivemq-platform] [hivemq] [3b8ff019] INFO  - [HiveMQ Platform Operator Init App 1.7.0-SNAPSHOT] Starting Pod reconciler
2025-01-28 20:50:22,130 INFO c.h.h.t.HelmChartContainer - [test-hivemq-platform] [hivemq] [3b8ff019] INFO  - [HiveMQ Platform Operator Init App 1.7.0-SNAPSHOT] Pod reconciler is scheduled (interval: 5000 ms)
2025-01-28 20:50:22,131 INFO c.h.h.t.HelmChartContainer - [test-hivemq-platform] [hivemq] [3b8ff019] INFO  - [HiveMQ Platform Operator Init App 1.7.0-SNAPSHOT] Starting the REST API on 10.42.0.15:7979
2025-01-28 20:50:22,134 INFO c.h.h.t.HelmChartContainer - [test-hivemq-platform] [hivemq] [3b8ff019] INFO  - [HiveMQ Platform Operator Init App 1.7.0-SNAPSHOT] Waiting up to 600s for at most 2 HiveMQ nodes in cluster service hivemq-test-hivemq-platform-cluster.helmrollingupgradeplatformit.svc
2025-01-28 20:50:22,582 INFO c.h.h.t.HelmChartContainer - [test-hivemq-platform] [hivemq] [3b8ff019] INFO  - [HiveMQ Platform Operator Init App 1.7.0-SNAPSHOT] Resolved 2 IP addresses: [10.42.0.14, 10.42.0.15]
2025-01-28 20:50:22,582 INFO c.h.h.t.HelmChartContainer - [test-hivemq-platform] [hivemq] [3b8ff019] INFO  - [HiveMQ Platform Operator Init App 1.7.0-SNAPSHOT] HiveMQ node count of 2 is within threshold of 2
2025-01-28 20:50:22,582 INFO c.h.h.t.HelmChartContainer - [test-hivemq-platform] [hivemq] [3b8ff019] INFO  - [HiveMQ Platform Operator Init App 1.7.0-SNAPSHOT] Waiting 15s for previous shutdown replication to finish...
2025-01-28 20:50:23,717 INFO c.h.h.t.HelmChartContainer - [test-hivemq-platform] [hivemq] [3b8ff019] INFO  - [HiveMQ Platform Operator Init App 1.7.0-SNAPSHOT] Returning default Health API response 503 for readiness
2025-01-28 20:50:23,935 INFO c.h.h.t.HelmChartContainer - [EVENT] Warning [Unhealthy] Readiness probe failed: HTTP probe failed with statuscode: 503 [helmrollingupgradeplatformit:test-hivemq-platform-0]
2025-01-28 20:50:23,936 INFO c.h.h.t.HelmChartContainer - Received Unhealthy event for container hivemq in pod test-hivemq-platform-0 [3b8ff019-dcde-4525-b743-d57b7bcf056f]
2025-01-28 20:50:27,804 INFO c.h.h.t.HelmChartContainer - [hivemq-test-hivemq-platform] [hivemq-platform-operator] [72f36c1a] 20:50:27.802 [pool-6-thread-1] DEBUG c.h.p.o.d.PlatformServiceResource - [helmroll] Desired Platform services (3 services)
2025-01-28 20:50:27,807 INFO c.h.h.t.HelmChartContainer - [hivemq-test-hivemq-platform] [hivemq-platform-operator] [72f36c1a] 20:50:27.803 [pool-6-thread-4] DEBUG c.h.p.o.d.PodServiceAccountResource - [helmroll] Desired PodServiceAccountResource (serviceAccountName: hivemq-platform-pod-test-hivemq-platform)
2025-01-28 20:50:27,807 INFO c.h.h.t.HelmChartContainer - [hivemq-test-hivemq-platform] [hivemq-platform-operator] [72f36c1a] 20:50:27.804 [pool-6-thread-2] DEBUG c.h.p.o.dependants.PodInfoConfigMap - [helmroll] Desired PodInfo ConfigMap (1 extensions) (1 enabled)
2025-01-28 20:50:27,807 INFO c.h.h.t.HelmChartContainer - [hivemq-test-hivemq-platform] [hivemq-platform-operator] [72f36c1a] 20:50:27.804 [pool-6-thread-2] DEBUG c.h.p.o.dependants.PodInfoConfigMap - [helmroll] Desired PodInfo ConfigMap (metrics port: 9399) (metrics path: /)
2025-01-28 20:50:27,807 INFO c.h.h.t.HelmChartContainer - [hivemq-test-hivemq-platform] [hivemq-platform-operator] [72f36c1a] 20:50:27.805 [pool-6-thread-2] DEBUG c.h.p.o.dependants.PodInfoConfigMap - [helmroll] Desired PodInfo ConfigMap (extension state hash: -1817474005)
2025-01-28 20:50:27,810 INFO c.h.h.t.HelmChartContainer - [hivemq-test-hivemq-platform] [hivemq-platform-operator] [72f36c1a] 20:50:27.809 [pool-6-thread-1] DEBUG c.h.p.o.d.StatefulSetResource - [helmroll] Desired StatefulSet (2 replicas) for status ROLLING_RESTART (RESTART_PODS_IN_PROGRESS)
2025-01-28 20:50:27,814 INFO c.h.h.t.HelmChartContainer - [hivemq-test-hivemq-platform] [hivemq-platform-operator] [72f36c1a] 20:50:27.813 [ReconcilerExecutor-hivemq-controller-142] INFO  c.h.p.o.HiveMQPlatformReconciler - [helmroll] Reconciling HiveMQ Platform 'test-hivemq-platform' in namespace 'helmrollingupgradeplatformit'
2025-01-28 20:50:27,815 INFO c.h.h.t.HelmChartContainer - [hivemq-test-hivemq-platform] [hivemq-platform-operator] [72f36c1a] 20:50:27.813 [ReconcilerExecutor-hivemq-controller-142] DEBUG c.h.p.o.HiveMQPlatformReconciler - [helmroll] Custom Resource Status ROLLING_RESTART - HiveMQ Platform is restarting Pods (rolling restart) (RESTART_PODS_IN_PROGRESS)
2025-01-28 20:50:27,815 INFO c.h.h.t.HelmChartContainer - [hivemq-test-hivemq-platform] [hivemq-platform-operator] [72f36c1a] 20:50:27.813 [ReconcilerExecutor-hivemq-controller-142] DEBUG c.h.p.o.HiveMQPlatformReconciler - [helmroll] Custom Resource Spec (replicas: 1) (extensions: 1)
2025-01-28 20:50:27,816 INFO c.h.h.t.HelmChartContainer - [hivemq-test-hivemq-platform] [hivemq-platform-operator] [72f36c1a] 20:50:27.815 [ReconcilerExecutor-hivemq-controller-142] DEBUG c.h.p.o.HiveMQPlatformReconciler - [helmroll] StatefulSet Status (revision: test-hivemq-platform-945c6dcb4, replicas: 2, available: 1, ready: 1, current: 0, updated: 2)
2025-01-28 20:50:27,816 INFO c.h.h.t.HelmChartContainer - [hivemq-test-hivemq-platform] [hivemq-platform-operator] [72f36c1a] 20:50:27.815 [ReconcilerExecutor-hivemq-controller-142] DEBUG c.h.p.o.HiveMQPlatformReconciler - [helmroll] StatefulSet Spec (replicas: 2, init containers: 1, containers: 1, volumes: 3)
2025-01-28 20:50:27,817 INFO c.h.h.t.HelmChartContainer - [hivemq-test-hivemq-platform] [hivemq-platform-operator] [72f36c1a] 20:50:27.817 [ReconcilerExecutor-hivemq-controller-142] DEBUG c.h.p.o.h.HiveMQPlatformReconcilerErrorHandler - [helmroll] Pod 'test-hivemq-platform-1' phase Running
2025-01-28 20:50:27,820 INFO c.h.h.t.HelmChartContainer - [hivemq-test-hivemq-platform] [hivemq-platform-operator] [72f36c1a] 20:50:27.818 [ReconcilerExecutor-hivemq-controller-142] DEBUG c.h.p.o.h.HiveMQPlatformReconcilerErrorHandler - [helmroll] Pod 'test-hivemq-platform-0' phase Running
2025-01-28 20:50:27,820 INFO c.h.h.t.HelmChartContainer - [hivemq-test-hivemq-platform] [hivemq-platform-operator] [72f36c1a] 20:50:27.818 [ReconcilerExecutor-hivemq-controller-142] DEBUG c.h.p.o.h.HiveMQPlatformReconcilerRollingRestartHandler - [helmroll] Rolling restart is waiting for 1 of 2 replicas
2025-01-28 20:50:28,694 INFO c.h.h.t.HelmChartContainer - [K3S] [INFO] COMPACT compactRev=2 targetCompactRev=735 currentRev=1735
2025-01-28 20:50:28,741 INFO c.h.h.t.HelmChartContainer - [EVENT] Warning [Unhealthy] Readiness probe failed: HTTP probe failed with statuscode: 503 [helmrollingupgradeplatformit:test-hivemq-platform-0]
2025-01-28 20:50:28,741 INFO c.h.h.t.HelmChartContainer - Received Unhealthy event for container hivemq in pod test-hivemq-platform-0 [3b8ff019-dcde-4525-b743-d57b7bcf056f]
2025-01-28 20:50:28,747 INFO c.h.h.t.HelmChartContainer - [K3S] [INFO] COMPACT deleted 371 rows from 733 revisions in 52.456214ms - compacted to 735/1735
2025-01-28 20:50:28,747 INFO c.h.h.t.HelmChartContainer - [K3S] [INFO] COMPACT compactRev=735 targetCompactRev=736 currentRev=1736
2025-01-28 20:50:28,750 INFO c.h.h.t.HelmChartContainer - [K3S] [INFO] COMPACT deleted 2 rows from 1 revisions in 2.79022ms - compacted to 736/1736
2025-01-28 20:50:28,750 INFO c.h.h.t.HelmChartContainer - [K3S] [INFO] COMPACT compacted from 2 to 736 in 2 transactions over 56ms
2025-01-28 20:50:30,046 INFO c.h.h.t.HelmChartContainer - [test-hivemq-platform] [hivemq] [3b8ff019] INFO  - [HiveMQ Platform Operator Init App 1.7.0-SNAPSHOT] Updating Pod HiveMQ Platform Operator Init App version annotation (version: 1.7.0-SNAPSHOT)
2025-01-28 20:50:30,363 INFO c.h.h.t.HelmChartContainer - [POD] test-hivemq-platform-0 [3b8ff019-dcde-4525-b743-d57b7bcf056f] in helmrollingupgradeplatformit was MODIFIED
2025-01-28 20:50:30,367 INFO c.h.h.t.HelmChartContainer - [hivemq-test-hivemq-platform] [hivemq-platform-operator] [72f36c1a] 20:50:30.365 [pool-6-thread-13] DEBUG c.h.p.o.dependants.PodInfoConfigMap - [helmroll] Desired PodInfo ConfigMap (1 extensions) (1 enabled)
2025-01-28 20:50:30,367 INFO c.h.h.t.HelmChartContainer - [hivemq-test-hivemq-platform] [hivemq-platform-operator] [72f36c1a] 20:50:30.365 [pool-6-thread-13] DEBUG c.h.p.o.dependants.PodInfoConfigMap - [helmroll] Desired PodInfo ConfigMap (metrics port: 9399) (metrics path: /)
2025-01-28 20:50:30,367 INFO c.h.h.t.HelmChartContainer - [hivemq-test-hivemq-platform] [hivemq-platform-operator] [72f36c1a] 20:50:30.365 [pool-6-thread-13] DEBUG c.h.p.o.dependants.PodInfoConfigMap - [helmroll] Desired PodInfo ConfigMap (extension state hash: -1817474005)
2025-01-28 20:50:30,368 INFO c.h.h.t.HelmChartContainer - [hivemq-test-hivemq-platform] [hivemq-platform-operator] [72f36c1a] 20:50:30.366 [pool-6-thread-14] DEBUG c.h.p.o.d.PlatformServiceResource - [helmroll] Desired Platform services (3 services)
2025-01-28 20:50:30,368 INFO c.h.h.t.HelmChartContainer - [hivemq-test-hivemq-platform] [hivemq-platform-operator] [72f36c1a] 20:50:30.367 [pool-6-thread-12] DEBUG c.h.p.o.d.PodServiceAccountResource - [helmroll] Desired PodServiceAccountResource (serviceAccountName: hivemq-platform-pod-test-hivemq-platform)
2025-01-28 20:50:30,371 INFO c.h.h.t.HelmChartContainer - [hivemq-test-hivemq-platform] [hivemq-platform-operator] [72f36c1a] 20:50:30.371 [pool-6-thread-14] DEBUG c.h.p.o.d.StatefulSetResource - [helmroll] Desired StatefulSet (2 replicas) for status ROLLING_RESTART (RESTART_PODS_IN_PROGRESS)
2025-01-28 20:50:30,378 INFO c.h.h.t.HelmChartContainer - [hivemq-test-hivemq-platform] [hivemq-platform-operator] [72f36c1a] 20:50:30.377 [ReconcilerExecutor-hivemq-controller-143] INFO  c.h.p.o.HiveMQPlatformReconciler - [helmroll] Reconciling HiveMQ Platform 'test-hivemq-platform' in namespace 'helmrollingupgradeplatformit'
2025-01-28 20:50:30,378 INFO c.h.h.t.HelmChartContainer - [hivemq-test-hivemq-platform] [hivemq-platform-operator] [72f36c1a] 20:50:30.377 [ReconcilerExecutor-hivemq-controller-143] DEBUG c.h.p.o.HiveMQPlatformReconciler - [helmroll] Custom Resource Status ROLLING_RESTART - HiveMQ Platform is restarting Pods (rolling restart) (RESTART_PODS_IN_PROGRESS)
2025-01-28 20:50:30,378 INFO c.h.h.t.HelmChartContainer - [hivemq-test-hivemq-platform] [hivemq-platform-operator] [72f36c1a] 20:50:30.377 [ReconcilerExecutor-hivemq-controller-143] DEBUG c.h.p.o.HiveMQPlatformReconciler - [helmroll] Custom Resource Spec (replicas: 1) (extensions: 1)
2025-01-28 20:50:30,380 INFO c.h.h.t.HelmChartContainer - [hivemq-test-hivemq-platform] [hivemq-platform-operator] [72f36c1a] 20:50:30.378 [ReconcilerExecutor-hivemq-controller-143] DEBUG c.h.p.o.HiveMQPlatformReconciler - [helmroll] StatefulSet Status (revision: test-hivemq-platform-945c6dcb4, replicas: 2, available: 1, ready: 1, current: 0, updated: 2)
2025-01-28 20:50:30,380 INFO c.h.h.t.HelmChartContainer - [hivemq-test-hivemq-platform] [hivemq-platform-operator] [72f36c1a] 20:50:30.378 [ReconcilerExecutor-hivemq-controller-143] DEBUG c.h.p.o.HiveMQPlatformReconciler - [helmroll] StatefulSet Spec (replicas: 2, init containers: 1, containers: 1, volumes: 3)
2025-01-28 20:50:30,381 INFO c.h.h.t.HelmChartContainer - [hivemq-test-hivemq-platform] [hivemq-platform-operator] [72f36c1a] 20:50:30.380 [ReconcilerExecutor-hivemq-controller-143] DEBUG c.h.p.o.h.HiveMQPlatformReconcilerErrorHandler - [helmroll] Pod 'test-hivemq-platform-1' phase Running
2025-01-28 20:50:30,436 INFO c.h.h.t.HelmChartContainer - [EVENT] Warning [Unhealthy] Readiness probe failed: HTTP probe failed with statuscode: 503 [helmrollingupgradeplatformit:test-hivemq-platform-0]
2025-01-28 20:50:30,436 INFO c.h.h.t.HelmChartContainer - Received Unhealthy event for container hivemq in pod test-hivemq-platform-0 [3b8ff019-dcde-4525-b743-d57b7bcf056f]
2025-01-28 20:50:30,438 INFO c.h.h.t.HelmChartContainer - [hivemq-test-hivemq-platform] [hivemq-platform-operator] [72f36c1a] 20:50:30.436 [ReconcilerExecutor-hivemq-controller-143] DEBUG c.h.p.o.h.HiveMQPlatformReconcilerErrorHandler - [helmroll] Pod 'test-hivemq-platform-0' phase Running
2025-01-28 20:50:30,441 INFO c.h.h.t.HelmChartContainer - [hivemq-test-hivemq-platform] [hivemq-platform-operator] [72f36c1a] 20:50:30.438 [ReconcilerExecutor-hivemq-controller-143] DEBUG c.h.p.o.h.HiveMQPlatformReconcilerRollingRestartHandler - [helmroll] Rolling restart is waiting for 1 of 2 replicas
2025-01-28 20:50:30,445 INFO c.h.h.t.HelmChartContainer - [test-hivemq-platform] [hivemq] [3b8ff019] INFO  - [HiveMQ Platform Operator Init App 1.7.0-SNAPSHOT] Successfully updated Pod HiveMQ Platform Operator Init App version annotation (version: 1.7.0-SNAPSHOT)
2025-01-28 20:50:32,594 INFO c.h.h.t.HelmChartContainer - [K3S] [info.go:53] Couldn't collect info from any of the files in "/etc/machine-id,/var/lib/dbus/machine-id"
2025-01-28 20:50:35,368 INFO c.h.h.t.HelmChartContainer - [EVENT] Warning [Unhealthy] Readiness probe failed: HTTP probe failed with statuscode: 503 [helmrollingupgradeplatformit:test-hivemq-platform-0]
2025-01-28 20:50:35,368 INFO c.h.h.t.HelmChartContainer - Received Unhealthy event for container hivemq in pod test-hivemq-platform-0 [3b8ff019-dcde-4525-b743-d57b7bcf056f]
2025-01-28 20:50:37,583 INFO c.h.h.t.HelmChartContainer - [test-hivemq-platform] [hivemq] [3b8ff019] INFO  - [HiveMQ Platform Operator Init App 1.7.0-SNAPSHOT] Proceeding with container start
2025-01-28 20:50:37,587 INFO c.h.h.t.HelmChartContainer - [test-hivemq-platform] [hivemq] [3b8ff019] INFO  - [HiveMQ Platform Operator Init App 1.7.0-SNAPSHOT] Initializing HiveMQ Platform extensions with initial configuration: {hivemq-allow-all-extension={start-priority=-1, skip-https-hostname-verification=false, restart=true, config-version=0, header-version=0, c-uri=, priority=-1, uri=preinstalled, skip-https-certificate-validation=false, enabled=true}, hivemq-prometheus-extension={start-priority=-1, c-uri=, skip-https-hostname-verification=false, skip-https-certificate-validation=false, uri=preinstalled, request-header-path=no-request-headers, enabled=true, restart=true, priority=-1}}
2025-01-28 20:50:38,097 INFO c.h.h.t.HelmChartContainer - [test-hivemq-platform] [hivemq] [3b8ff019] INFO  - [HiveMQ Platform Operator Init App 1.7.0-SNAPSHOT] Extension hivemq-allow-all-extension was already enabled
2025-01-28 20:50:38,189 INFO c.h.h.t.HelmChartContainer - [test-hivemq-platform] [hivemq] [3b8ff019] INFO  - [HiveMQ Platform Operator Init App 1.7.0-SNAPSHOT] Successfully enabled extension hivemq-prometheus-extension
2025-01-28 20:50:38,193 INFO c.h.h.t.HelmChartContainer - [test-hivemq-platform] [hivemq] [3b8ff019] INFO  - [HiveMQ Platform Operator Init App 1.7.0-SNAPSHOT] Starting HiveMQ Platform version 4.36.0 (4.36.0)
2025-01-28 20:50:38,194 INFO c.h.h.t.HelmChartContainer - [test-hivemq-platform] [hivemq] [3b8ff019] INFO  - [HiveMQ Platform Operator Init App 1.7.0-SNAPSHOT] Configuring the HiveMQ Platform
2025-01-28 20:50:38,284 INFO c.h.h.t.HelmChartContainer - [test-hivemq-platform] [hivemq] [3b8ff019] INFO  - [HiveMQ Platform Operator Init App 1.7.0-SNAPSHOT] Changed logback.xml file scan period to 20 seconds
2025-01-28 20:50:38,297 INFO c.h.h.t.HelmChartContainer - [test-hivemq-platform] [hivemq] [3b8ff019] INFO  - [HiveMQ Platform Operator Init App 1.7.0-SNAPSHOT] Starting the HiveMQ Platform
2025-01-28 20:50:38,381 INFO c.h.h.t.HelmChartContainer - [test-hivemq-platform] [hivemq] [3b8ff019] -------------------------------------------------------------------------
2025-01-28 20:50:38,382 INFO c.h.h.t.HelmChartContainer - [test-hivemq-platform] [hivemq] [3b8ff019] 
2025-01-28 20:50:38,382 INFO c.h.h.t.HelmChartContainer - [test-hivemq-platform] [hivemq] [3b8ff019]                   _    _  _              __  __   ____
2025-01-28 20:50:38,382 INFO c.h.h.t.HelmChartContainer - [test-hivemq-platform] [hivemq] [3b8ff019]                  | |  | |(_)            |  \/  | / __ \
2025-01-28 20:50:38,382 INFO c.h.h.t.HelmChartContainer - [test-hivemq-platform] [hivemq] [3b8ff019]                  | |__| | _ __   __ ___ | \  / || |  | |
2025-01-28 20:50:38,382 INFO c.h.h.t.HelmChartContainer - [test-hivemq-platform] [hivemq] [3b8ff019]                  |  __  || |\ \ / // _ \| |\/| || |  | |
2025-01-28 20:50:38,382 INFO c.h.h.t.HelmChartContainer - [test-hivemq-platform] [hivemq] [3b8ff019]                  | |  | || | \ V /|  __/| |  | || |__| |
2025-01-28 20:50:38,383 INFO c.h.h.t.HelmChartContainer - [test-hivemq-platform] [hivemq] [3b8ff019]                  |_|  |_||_|  \_/  \___||_|  |_| \___\_\
2025-01-28 20:50:38,383 INFO c.h.h.t.HelmChartContainer - [test-hivemq-platform] [hivemq] [3b8ff019] 
2025-01-28 20:50:38,383 INFO c.h.h.t.HelmChartContainer - [test-hivemq-platform] [hivemq] [3b8ff019] -------------------------------------------------------------------------
2025-01-28 20:50:38,383 INFO c.h.h.t.HelmChartContainer - [test-hivemq-platform] [hivemq] [3b8ff019] 
2025-01-28 20:50:38,383 INFO c.h.h.t.HelmChartContainer - [test-hivemq-platform] [hivemq] [3b8ff019]   HiveMQ Start Script for Linux/Unix v1.14
2025-01-28 20:50:38,383 INFO c.h.h.t.HelmChartContainer - [test-hivemq-platform] [hivemq] [3b8ff019] 
2025-01-28 20:50:38,486 INFO c.h.h.t.HelmChartContainer - [test-hivemq-platform] [hivemq] [3b8ff019] -------------------------------------------------------------------------
2025-01-28 20:50:38,486 INFO c.h.h.t.HelmChartContainer - [test-hivemq-platform] [hivemq] [3b8ff019] 
2025-01-28 20:50:38,486 INFO c.h.h.t.HelmChartContainer - [test-hivemq-platform] [hivemq] [3b8ff019]   HIVEMQ_HOME: /opt/hivemq
2025-01-28 20:50:38,486 INFO c.h.h.t.HelmChartContainer - [test-hivemq-platform] [hivemq] [3b8ff019] 
2025-01-28 20:50:38,486 INFO c.h.h.t.HelmChartContainer - [test-hivemq-platform] [hivemq] [3b8ff019]   JAVA_OPTS: -XX:+UnlockExperimentalVMOptions -XX:InitialRAMPercentage=50 -XX:MaxRAMPercentage=50 -Djava.net.preferIPv4Stack=true --add-opens java.base/java.lang=ALL-UNNAMED --add-opens java.base/java.nio=ALL-UNNAMED --add-opens java.base/sun.nio.ch=ALL-UNNAMED --add-opens jdk.management/com.sun.management.internal=ALL-UNNAMED --add-exports java.base/jdk.internal.misc=ALL-UNNAMED -Djava.security.egd=file:/dev/./urandom -Dcom.sun.management.jmxremote -Dcom.sun.management.jmxremote.port=9010 -Dcom.sun.management.jmxremote.local.only=false -Dcom.sun.management.jmxremote.authenticate=false -Dcom.sun.management.jmxremote.ssl=false -Duser.language=en -Duser.region=US -XX:+CrashOnOutOfMemoryError -XX:+HeapDumpOnOutOfMemoryError
2025-01-28 20:50:38,486 INFO c.h.h.t.HelmChartContainer - [test-hivemq-platform] [hivemq] [3b8ff019] 
2025-01-28 20:50:38,487 INFO c.h.h.t.HelmChartContainer - [test-hivemq-platform] [hivemq] [3b8ff019]   JAVA_VERSION: 21
2025-01-28 20:50:38,487 INFO c.h.h.t.HelmChartContainer - [test-hivemq-platform] [hivemq] [3b8ff019] 
2025-01-28 20:50:38,487 INFO c.h.h.t.HelmChartContainer - [test-hivemq-platform] [hivemq] [3b8ff019] -------------------------------------------------------------------------
2025-01-28 20:50:38,487 INFO c.h.h.t.HelmChartContainer - [test-hivemq-platform] [hivemq] [3b8ff019] 
2025-01-28 20:50:40,390 INFO c.h.h.t.HelmChartContainer - [EVENT] Warning [Unhealthy] Readiness probe failed: HTTP probe failed with statuscode: 503 [helmrollingupgradeplatformit:test-hivemq-platform-0]
2025-01-28 20:50:40,390 INFO c.h.h.t.HelmChartContainer - Received Unhealthy event for container hivemq in pod test-hivemq-platform-0 [3b8ff019-dcde-4525-b743-d57b7bcf056f]
2025-01-28 20:50:40,446 INFO c.h.h.t.HelmChartContainer - [hivemq-test-hivemq-platform] [hivemq-platform-operator] [72f36c1a] 20:50:40.444 [pool-6-thread-26] DEBUG c.h.p.o.d.PodServiceAccountResource - [helmroll] Desired PodServiceAccountResource (serviceAccountName: hivemq-platform-pod-test-hivemq-platform)
2025-01-28 20:50:40,448 INFO c.h.h.t.HelmChartContainer - [hivemq-test-hivemq-platform] [hivemq-platform-operator] [72f36c1a] 20:50:40.444 [pool-6-thread-28] DEBUG c.h.p.o.d.PlatformServiceResource - [helmroll] Desired Platform services (3 services)
2025-01-28 20:50:40,448 INFO c.h.h.t.HelmChartContainer - [hivemq-test-hivemq-platform] [hivemq-platform-operator] [72f36c1a] 20:50:40.444 [pool-6-thread-21] DEBUG c.h.p.o.dependants.PodInfoConfigMap - [helmroll] Desired PodInfo ConfigMap (1 extensions) (1 enabled)
2025-01-28 20:50:40,449 INFO c.h.h.t.HelmChartContainer - [hivemq-test-hivemq-platform] [hivemq-platform-operator] [72f36c1a] 20:50:40.446 [pool-6-thread-21] DEBUG c.h.p.o.dependants.PodInfoConfigMap - [helmroll] Desired PodInfo ConfigMap (metrics port: 9399) (metrics path: /)
2025-01-28 20:50:40,450 INFO c.h.h.t.HelmChartContainer - [hivemq-test-hivemq-platform] [hivemq-platform-operator] [72f36c1a] 20:50:40.447 [pool-6-thread-21] DEBUG c.h.p.o.dependants.PodInfoConfigMap - [helmroll] Desired PodInfo ConfigMap (extension state hash: -1817474005)
2025-01-28 20:50:40,451 INFO c.h.h.t.HelmChartContainer - [hivemq-test-hivemq-platform] [hivemq-platform-operator] [72f36c1a] 20:50:40.450 [pool-6-thread-28] DEBUG c.h.p.o.d.StatefulSetResource - [helmroll] Desired StatefulSet (2 replicas) for status ROLLING_RESTART (RESTART_PODS_IN_PROGRESS)
2025-01-28 20:50:40,453 INFO c.h.h.t.HelmChartContainer - [hivemq-test-hivemq-platform] [hivemq-platform-operator] [72f36c1a] 20:50:40.452 [ReconcilerExecutor-hivemq-controller-144] INFO  c.h.p.o.HiveMQPlatformReconciler - [helmroll] Reconciling HiveMQ Platform 'test-hivemq-platform' in namespace 'helmrollingupgradeplatformit'
2025-01-28 20:50:40,454 INFO c.h.h.t.HelmChartContainer - [hivemq-test-hivemq-platform] [hivemq-platform-operator] [72f36c1a] 20:50:40.452 [ReconcilerExecutor-hivemq-controller-144] DEBUG c.h.p.o.HiveMQPlatformReconciler - [helmroll] Custom Resource Status ROLLING_RESTART - HiveMQ Platform is restarting Pods (rolling restart) (RESTART_PODS_IN_PROGRESS)
2025-01-28 20:50:40,454 INFO c.h.h.t.HelmChartContainer - [hivemq-test-hivemq-platform] [hivemq-platform-operator] [72f36c1a] 20:50:40.452 [ReconcilerExecutor-hivemq-controller-144] DEBUG c.h.p.o.HiveMQPlatformReconciler - [helmroll] Custom Resource Spec (replicas: 1) (extensions: 1)
2025-01-28 20:50:40,455 INFO c.h.h.t.HelmChartContainer - [hivemq-test-hivemq-platform] [hivemq-platform-operator] [72f36c1a] 20:50:40.454 [ReconcilerExecutor-hivemq-controller-144] DEBUG c.h.p.o.HiveMQPlatformReconciler - [helmroll] StatefulSet Status (revision: test-hivemq-platform-945c6dcb4, replicas: 2, available: 1, ready: 1, current: 0, updated: 2)
2025-01-28 20:50:40,455 INFO c.h.h.t.HelmChartContainer - [hivemq-test-hivemq-platform] [hivemq-platform-operator] [72f36c1a] 20:50:40.454 [ReconcilerExecutor-hivemq-controller-144] DEBUG c.h.p.o.HiveMQPlatformReconciler - [helmroll] StatefulSet Spec (replicas: 2, init containers: 1, containers: 1, volumes: 3)
2025-01-28 20:50:40,456 INFO c.h.h.t.HelmChartContainer - [hivemq-test-hivemq-platform] [hivemq-platform-operator] [72f36c1a] 20:50:40.455 [ReconcilerExecutor-hivemq-controller-144] DEBUG c.h.p.o.h.HiveMQPlatformReconcilerErrorHandler - [helmroll] Pod 'test-hivemq-platform-1' phase Running
2025-01-28 20:50:40,457 INFO c.h.h.t.HelmChartContainer - [hivemq-test-hivemq-platform] [hivemq-platform-operator] [72f36c1a] 20:50:40.457 [ReconcilerExecutor-hivemq-controller-144] DEBUG c.h.p.o.h.HiveMQPlatformReconcilerErrorHandler - [helmroll] Pod 'test-hivemq-platform-0' phase Running
2025-01-28 20:50:40,458 INFO c.h.h.t.HelmChartContainer - [hivemq-test-hivemq-platform] [hivemq-platform-operator] [72f36c1a] 20:50:40.457 [ReconcilerExecutor-hivemq-controller-144] DEBUG c.h.p.o.h.HiveMQPlatformReconcilerRollingRestartHandler - [helmroll] Rolling restart is waiting for 1 of 2 replicas
2025-01-28 20:50:41,396 INFO c.h.h.t.HelmChartContainer - [test-hivemq-platform] [hivemq] [3b8ff019] INFO  - Starting HiveMQ Enterprise Server
2025-01-28 20:50:41,483 INFO c.h.h.t.HelmChartContainer - [test-hivemq-platform] [hivemq] [3b8ff019] INFO  - HiveMQ version: 4.36.0
2025-01-28 20:50:41,483 INFO c.h.h.t.HelmChartContainer - [test-hivemq-platform] [hivemq] [3b8ff019] INFO  - HiveMQ home directory: /opt/hivemq
2025-01-28 20:50:41,484 INFO c.h.h.t.HelmChartContainer - [test-hivemq-platform] [hivemq] [3b8ff019] INFO  - Log Configuration was overridden by /opt/hivemq/conf/logback.xml
2025-01-28 20:50:43,003 INFO c.h.h.t.HelmChartContainer - [test-hivemq-platform] [hivemq] [3b8ff019] INFO  - Successfully loaded configuration from '/opt/hivemq/conf-k8s/config.xml'.
2025-01-28 20:50:43,486 INFO c.h.h.t.HelmChartContainer - [test-hivemq-platform] [hivemq] [3b8ff019] INFO  - This node's ID is u6fMD
2025-01-28 20:50:43,486 INFO c.h.h.t.HelmChartContainer - [test-hivemq-platform] [hivemq] [3b8ff019] INFO  - Clustering is enabled
2025-01-28 20:50:45,787 INFO c.h.h.t.HelmChartContainer - [test-hivemq-platform] [hivemq] [3b8ff019] WARN  - [HiveMQ Platform Operator Init App 1.7.0-SNAPSHOT] Cannot connect to Health API for readiness: null
2025-01-28 20:50:45,793 INFO c.h.h.t.HelmChartContainer - [EVENT] Warning [Unhealthy] Readiness probe failed: HTTP probe failed with statuscode: 503 [helmrollingupgradeplatformit:test-hivemq-platform-0]
2025-01-28 20:50:45,793 INFO c.h.h.t.HelmChartContainer - Received Unhealthy event for container hivemq in pod test-hivemq-platform-0 [3b8ff019-dcde-4525-b743-d57b7bcf056f]
2025-01-28 20:50:46,088 INFO c.h.h.t.HelmChartContainer - [test-hivemq-platform] [hivemq] [3b8ff019] WARN  - [HiveMQ Platform Operator Init App 1.7.0-SNAPSHOT] Cannot connect to Health API for liveness: null
2025-01-28 20:50:46,088 INFO c.h.h.t.HelmChartContainer - [test-hivemq-platform] [hivemq] [3b8ff019] INFO  - [HiveMQ Platform Operator Init App 1.7.0-SNAPSHOT] Returning default Health API response 200 for liveness
2025-01-28 20:50:50,381 INFO c.h.h.t.HelmChartContainer - [test-hivemq-platform] [hivemq] [3b8ff019] WARN  - [HiveMQ Platform Operator Init App 1.7.0-SNAPSHOT] Cannot connect to Health API for readiness: null
2025-01-28 20:50:50,389 INFO c.h.h.t.HelmChartContainer - [EVENT] Warning [Unhealthy] Readiness probe failed: HTTP probe failed with statuscode: 503 [helmrollingupgradeplatformit:test-hivemq-platform-0]
2025-01-28 20:50:50,389 INFO c.h.h.t.HelmChartContainer - Received Unhealthy event for container hivemq in pod test-hivemq-platform-0 [3b8ff019-dcde-4525-b743-d57b7bcf056f]
2025-01-28 20:50:50,465 INFO c.h.h.t.HelmChartContainer - [hivemq-test-hivemq-platform] [hivemq-platform-operator] [72f36c1a] 20:50:50.461 [pool-6-thread-32] DEBUG c.h.p.o.d.PlatformServiceResource - [helmroll] Desired Platform services (3 services)
2025-01-28 20:50:50,465 INFO c.h.h.t.HelmChartContainer - [hivemq-test-hivemq-platform] [hivemq-platform-operator] [72f36c1a] 20:50:50.461 [pool-6-thread-38] DEBUG c.h.p.o.dependants.PodInfoConfigMap - [helmroll] Desired PodInfo ConfigMap (1 extensions) (1 enabled)
2025-01-28 20:50:50,465 INFO c.h.h.t.HelmChartContainer - [hivemq-test-hivemq-platform] [hivemq-platform-operator] [72f36c1a] 20:50:50.462 [pool-6-thread-38] DEBUG c.h.p.o.dependants.PodInfoConfigMap - [helmroll] Desired PodInfo ConfigMap (metrics port: 9399) (metrics path: /)
2025-01-28 20:50:50,465 INFO c.h.h.t.HelmChartContainer - [hivemq-test-hivemq-platform] [hivemq-platform-operator] [72f36c1a] 20:50:50.462 [pool-6-thread-38] DEBUG c.h.p.o.dependants.PodInfoConfigMap - [helmroll] Desired PodInfo ConfigMap (extension state hash: -1817474005)
2025-01-28 20:50:50,465 INFO c.h.h.t.HelmChartContainer - [hivemq-test-hivemq-platform] [hivemq-platform-operator] [72f36c1a] 20:50:50.462 [pool-6-thread-39] DEBUG c.h.p.o.d.PodServiceAccountResource - [helmroll] Desired PodServiceAccountResource (serviceAccountName: hivemq-platform-pod-test-hivemq-platform)
2025-01-28 20:50:50,468 INFO c.h.h.t.HelmChartContainer - [hivemq-test-hivemq-platform] [hivemq-platform-operator] [72f36c1a] 20:50:50.467 [pool-6-thread-32] DEBUG c.h.p.o.d.StatefulSetResource - [helmroll] Desired StatefulSet (2 replicas) for status ROLLING_RESTART (RESTART_PODS_IN_PROGRESS)
2025-01-28 20:50:50,474 INFO c.h.h.t.HelmChartContainer - [hivemq-test-hivemq-platform] [hivemq-platform-operator] [72f36c1a] 20:50:50.470 [ReconcilerExecutor-hivemq-controller-145] INFO  c.h.p.o.HiveMQPlatformReconciler - [helmroll] Reconciling HiveMQ Platform 'test-hivemq-platform' in namespace 'helmrollingupgradeplatformit'
2025-01-28 20:50:50,474 INFO c.h.h.t.HelmChartContainer - [hivemq-test-hivemq-platform] [hivemq-platform-operator] [72f36c1a] 20:50:50.470 [ReconcilerExecutor-hivemq-controller-145] DEBUG c.h.p.o.HiveMQPlatformReconciler - [helmroll] Custom Resource Status ROLLING_RESTART - HiveMQ Platform is restarting Pods (rolling restart) (RESTART_PODS_IN_PROGRESS)
2025-01-28 20:50:50,475 INFO c.h.h.t.HelmChartContainer - [hivemq-test-hivemq-platform] [hivemq-platform-operator] [72f36c1a] 20:50:50.470 [ReconcilerExecutor-hivemq-controller-145] DEBUG c.h.p.o.HiveMQPlatformReconciler - [helmroll] Custom Resource Spec (replicas: 1) (extensions: 1)
2025-01-28 20:50:50,475 INFO c.h.h.t.HelmChartContainer - [hivemq-test-hivemq-platform] [hivemq-platform-operator] [72f36c1a] 20:50:50.472 [ReconcilerExecutor-hivemq-controller-145] DEBUG c.h.p.o.HiveMQPlatformReconciler - [helmroll] StatefulSet Status (revision: test-hivemq-platform-945c6dcb4, replicas: 2, available: 1, ready: 1, current: 0, updated: 2)
2025-01-28 20:50:50,475 INFO c.h.h.t.HelmChartContainer - [hivemq-test-hivemq-platform] [hivemq-platform-operator] [72f36c1a] 20:50:50.472 [ReconcilerExecutor-hivemq-controller-145] DEBUG c.h.p.o.HiveMQPlatformReconciler - [helmroll] StatefulSet Spec (replicas: 2, init containers: 1, containers: 1, volumes: 3)
2025-01-28 20:50:50,475 INFO c.h.h.t.HelmChartContainer - [hivemq-test-hivemq-platform] [hivemq-platform-operator] [72f36c1a] 20:50:50.473 [ReconcilerExecutor-hivemq-controller-145] DEBUG c.h.p.o.h.HiveMQPlatformReconcilerErrorHandler - [helmroll] Pod 'test-hivemq-platform-1' phase Running
2025-01-28 20:50:50,476 INFO c.h.h.t.HelmChartContainer - [hivemq-test-hivemq-platform] [hivemq-platform-operator] [72f36c1a] 20:50:50.475 [ReconcilerExecutor-hivemq-controller-145] DEBUG c.h.p.o.h.HiveMQPlatformReconcilerErrorHandler - [helmroll] Pod 'test-hivemq-platform-0' phase Running
2025-01-28 20:50:50,476 INFO c.h.h.t.HelmChartContainer - [hivemq-test-hivemq-platform] [hivemq-platform-operator] [72f36c1a] 20:50:50.475 [ReconcilerExecutor-hivemq-controller-145] DEBUG c.h.p.o.h.HiveMQPlatformReconcilerRollingRestartHandler - [helmroll] Rolling restart is waiting for 1 of 2 replicas
2025-01-28 20:50:55,387 INFO c.h.h.t.HelmChartContainer - [test-hivemq-platform] [hivemq] [3b8ff019] WARN  - [HiveMQ Platform Operator Init App 1.7.0-SNAPSHOT] Cannot connect to Health API for readiness: null
2025-01-28 20:50:55,393 INFO c.h.h.t.HelmChartContainer - [EVENT] Warning [Unhealthy] Readiness probe failed: HTTP probe failed with statuscode: 503 [helmrollingupgradeplatformit:test-hivemq-platform-0]
2025-01-28 20:50:55,393 INFO c.h.h.t.HelmChartContainer - Received Unhealthy event for container hivemq in pod test-hivemq-platform-0 [3b8ff019-dcde-4525-b743-d57b7bcf056f]
2025-01-28 20:51:00,384 INFO c.h.h.t.HelmChartContainer - [test-hivemq-platform] [hivemq] [3b8ff019] WARN  - [HiveMQ Platform Operator Init App 1.7.0-SNAPSHOT] Cannot connect to Health API for readiness: null
2025-01-28 20:51:00,391 INFO c.h.h.t.HelmChartContainer - [EVENT] Warning [Unhealthy] Readiness probe failed: HTTP probe failed with statuscode: 503 [helmrollingupgradeplatformit:test-hivemq-platform-0]
2025-01-28 20:51:00,391 INFO c.h.h.t.HelmChartContainer - Received Unhealthy event for container hivemq in pod test-hivemq-platform-0 [3b8ff019-dcde-4525-b743-d57b7bcf056f]
2025-01-28 20:51:00,484 INFO c.h.h.t.HelmChartContainer - [hivemq-test-hivemq-platform] [hivemq-platform-operator] [72f36c1a] 20:51:00.481 [pool-6-thread-49] DEBUG c.h.p.o.dependants.PodInfoConfigMap - [helmroll] Desired PodInfo ConfigMap (1 extensions) (1 enabled)
2025-01-28 20:51:00,484 INFO c.h.h.t.HelmChartContainer - [hivemq-test-hivemq-platform] [hivemq-platform-operator] [72f36c1a] 20:51:00.481 [pool-6-thread-49] DEBUG c.h.p.o.dependants.PodInfoConfigMap - [helmroll] Desired PodInfo ConfigMap (metrics port: 9399) (metrics path: /)
2025-01-28 20:51:00,484 INFO c.h.h.t.HelmChartContainer - [hivemq-test-hivemq-platform] [hivemq-platform-operator] [72f36c1a] 20:51:00.481 [pool-6-thread-49] DEBUG c.h.p.o.dependants.PodInfoConfigMap - [helmroll] Desired PodInfo ConfigMap (extension state hash: -1817474005)
2025-01-28 20:51:00,484 INFO c.h.h.t.HelmChartContainer - [hivemq-test-hivemq-platform] [hivemq-platform-operator] [72f36c1a] 20:51:00.482 [pool-6-thread-45] DEBUG c.h.p.o.d.PodServiceAccountResource - [helmroll] Desired PodServiceAccountResource (serviceAccountName: hivemq-platform-pod-test-hivemq-platform)
2025-01-28 20:51:00,487 INFO c.h.h.t.HelmChartContainer - [hivemq-test-hivemq-platform] [hivemq-platform-operator] [72f36c1a] 20:51:00.484 [pool-6-thread-48] DEBUG c.h.p.o.d.PlatformServiceResource - [helmroll] Desired Platform services (3 services)
2025-01-28 20:51:00,489 INFO c.h.h.t.HelmChartContainer - [hivemq-test-hivemq-platform] [hivemq-platform-operator] [72f36c1a] 20:51:00.489 [pool-6-thread-48] DEBUG c.h.p.o.d.StatefulSetResource - [helmroll] Desired StatefulSet (2 replicas) for status ROLLING_RESTART (RESTART_PODS_IN_PROGRESS)
2025-01-28 20:51:00,493 INFO c.h.h.t.HelmChartContainer - [hivemq-test-hivemq-platform] [hivemq-platform-operator] [72f36c1a] 20:51:00.492 [ReconcilerExecutor-hivemq-controller-146] INFO  c.h.p.o.HiveMQPlatformReconciler - [helmroll] Reconciling HiveMQ Platform 'test-hivemq-platform' in namespace 'helmrollingupgradeplatformit'
2025-01-28 20:51:00,495 INFO c.h.h.t.HelmChartContainer - [hivemq-test-hivemq-platform] [hivemq-platform-operator] [72f36c1a] 20:51:00.492 [ReconcilerExecutor-hivemq-controller-146] DEBUG c.h.p.o.HiveMQPlatformReconciler - [helmroll] Custom Resource Status ROLLING_RESTART - HiveMQ Platform is restarting Pods (rolling restart) (RESTART_PODS_IN_PROGRESS)
2025-01-28 20:51:00,495 INFO c.h.h.t.HelmChartContainer - [hivemq-test-hivemq-platform] [hivemq-platform-operator] [72f36c1a] 20:51:00.492 [ReconcilerExecutor-hivemq-controller-146] DEBUG c.h.p.o.HiveMQPlatformReconciler - [helmroll] Custom Resource Spec (replicas: 1) (extensions: 1)
2025-01-28 20:51:00,495 INFO c.h.h.t.HelmChartContainer - [hivemq-test-hivemq-platform] [hivemq-platform-operator] [72f36c1a] 20:51:00.493 [ReconcilerExecutor-hivemq-controller-146] DEBUG c.h.p.o.HiveMQPlatformReconciler - [helmroll] StatefulSet Status (revision: test-hivemq-platform-945c6dcb4, replicas: 2, available: 1, ready: 1, current: 0, updated: 2)
2025-01-28 20:51:00,495 INFO c.h.h.t.HelmChartContainer - [hivemq-test-hivemq-platform] [hivemq-platform-operator] [72f36c1a] 20:51:00.493 [ReconcilerExecutor-hivemq-controller-146] DEBUG c.h.p.o.HiveMQPlatformReconciler - [helmroll] StatefulSet Spec (replicas: 2, init containers: 1, containers: 1, volumes: 3)
2025-01-28 20:51:00,497 INFO c.h.h.t.HelmChartContainer - [hivemq-test-hivemq-platform] [hivemq-platform-operator] [72f36c1a] 20:51:00.495 [ReconcilerExecutor-hivemq-controller-146] DEBUG c.h.p.o.h.HiveMQPlatformReconcilerErrorHandler - [helmroll] Pod 'test-hivemq-platform-1' phase Running
2025-01-28 20:51:00,500 INFO c.h.h.t.HelmChartContainer - [hivemq-test-hivemq-platform] [hivemq-platform-operator] [72f36c1a] 20:51:00.499 [ReconcilerExecutor-hivemq-controller-146] DEBUG c.h.p.o.h.HiveMQPlatformReconcilerErrorHandler - [helmroll] Pod 'test-hivemq-platform-0' phase Running
2025-01-28 20:51:00,503 INFO c.h.h.t.HelmChartContainer - [hivemq-test-hivemq-platform] [hivemq-platform-operator] [72f36c1a] 20:51:00.502 [ReconcilerExecutor-hivemq-controller-146] DEBUG c.h.p.o.h.HiveMQPlatformReconcilerRollingRestartHandler - [helmroll] Rolling restart is waiting for 1 of 2 replicas
2025-01-28 20:51:00,692 INFO c.h.h.t.HelmChartContainer - [test-hivemq-platform] [hivemq] [3b8ff019] INFO  - No valid license file found. Using trial license, restricted to 25 connections.
2025-01-28 20:51:04,792 INFO c.h.h.t.HelmChartContainer - [test-hivemq-platform] [hivemq] [3b8ff019] INFO  - No valid license file for Data Hub found. Using free license, restricted to 1 policy.
2025-01-28 20:51:05,381 INFO c.h.h.t.HelmChartContainer - [test-hivemq-platform] [hivemq] [3b8ff019] WARN  - [HiveMQ Platform Operator Init App 1.7.0-SNAPSHOT] Cannot connect to Health API for readiness: null
2025-01-28 20:51:05,391 INFO c.h.h.t.HelmChartContainer - [EVENT] Warning [Unhealthy] Readiness probe failed: HTTP probe failed with statuscode: 503 [helmrollingupgradeplatformit:test-hivemq-platform-0]
2025-01-28 20:51:05,391 INFO c.h.h.t.HelmChartContainer - Received Unhealthy event for container hivemq in pod test-hivemq-platform-0 [3b8ff019-dcde-4525-b743-d57b7bcf056f]
2025-01-28 20:51:06,385 INFO c.h.h.t.HelmChartContainer - [test-hivemq-platform] [hivemq] [3b8ff019] INFO  - Audit Logger started.
2025-01-28 20:51:06,791 INFO c.h.h.t.HelmChartContainer - [test-hivemq-platform] [hivemq] [3b8ff019] INFO  - This node uses '1' CPU cores.
2025-01-28 20:51:06,796 INFO c.h.h.t.HelmChartContainer - [test-hivemq-platform] [hivemq] [3b8ff019] INFO  - Starting HiveMQ Health API on address 0.0.0.0 and port 8889
2025-01-28 20:51:07,793 INFO c.h.h.t.HelmChartContainer - [test-hivemq-platform] [hivemq] [3b8ff019] INFO  - Started HiveMQ Health API in 997ms
2025-01-28 20:51:08,508 INFO c.h.h.t.HelmChartContainer - [test-hivemq-platform] [hivemq] [3b8ff019] INFO  - Starting HiveMQ extension system.
2025-01-28 20:51:08,983 INFO c.h.h.t.HelmChartContainer - [test-hivemq-platform] [hivemq] [3b8ff019] INFO  - Starting extension with id "hivemq-dns-cluster-discovery" at /opt/hivemq/extensions/hivemq-dns-cluster-discovery
2025-01-28 20:51:09,589 INFO c.h.h.t.HelmChartContainer - [test-hivemq-platform] [hivemq] [3b8ff019] INFO  - Extension "DNS Cluster Discovery Extension" version 4.3.2 started successfully.
2025-01-28 20:51:09,589 INFO c.h.h.t.HelmChartContainer - [test-hivemq-platform] [hivemq] [3b8ff019] INFO  - Starting extension with id "hivemq-prometheus-extension" at /opt/hivemq/extensions/hivemq-prometheus-extension
2025-01-28 20:51:09,785 INFO c.h.h.t.HelmChartContainer - [test-hivemq-platform] [hivemq] [3b8ff019] INFO  - Using TCP cluster transport on address 10.42.0.15 and port 7000
2025-01-28 20:51:09,882 INFO c.h.h.t.HelmChartContainer - [test-hivemq-platform] [hivemq] [3b8ff019] INFO  - Using extension cluster discovery
2025-01-28 20:51:10,510 INFO c.h.h.t.HelmChartContainer - [hivemq-test-hivemq-platform] [hivemq-platform-operator] [72f36c1a] 20:51:10.507 [pool-6-thread-3] DEBUG c.h.p.o.d.PlatformServiceResource - [helmroll] Desired Platform services (3 services)
2025-01-28 20:51:10,510 INFO c.h.h.t.HelmChartContainer - [hivemq-test-hivemq-platform] [hivemq-platform-operator] [72f36c1a] 20:51:10.507 [pool-6-thread-10] DEBUG c.h.p.o.dependants.PodInfoConfigMap - [helmroll] Desired PodInfo ConfigMap (1 extensions) (1 enabled)
2025-01-28 20:51:10,510 INFO c.h.h.t.HelmChartContainer - [hivemq-test-hivemq-platform] [hivemq-platform-operator] [72f36c1a] 20:51:10.507 [pool-6-thread-10] DEBUG c.h.p.o.dependants.PodInfoConfigMap - [helmroll] Desired PodInfo ConfigMap (metrics port: 9399) (metrics path: /)
2025-01-28 20:51:10,510 INFO c.h.h.t.HelmChartContainer - [hivemq-test-hivemq-platform] [hivemq-platform-operator] [72f36c1a] 20:51:10.507 [pool-6-thread-10] DEBUG c.h.p.o.dependants.PodInfoConfigMap - [helmroll] Desired PodInfo ConfigMap (extension state hash: -1817474005)
2025-01-28 20:51:10,510 INFO c.h.h.t.HelmChartContainer - [hivemq-test-hivemq-platform] [hivemq-platform-operator] [72f36c1a] 20:51:10.508 [pool-6-thread-10] DEBUG c.h.p.o.d.PodServiceAccountResource - [helmroll] Desired PodServiceAccountResource (serviceAccountName: hivemq-platform-pod-test-hivemq-platform)
2025-01-28 20:51:10,512 INFO c.h.h.t.HelmChartContainer - [hivemq-test-hivemq-platform] [hivemq-platform-operator] [72f36c1a] 20:51:10.512 [pool-6-thread-3] DEBUG c.h.p.o.d.StatefulSetResource - [helmroll] Desired StatefulSet (2 replicas) for status ROLLING_RESTART (RESTART_PODS_IN_PROGRESS)
2025-01-28 20:51:10,515 INFO c.h.h.t.HelmChartContainer - [hivemq-test-hivemq-platform] [hivemq-platform-operator] [72f36c1a] 20:51:10.514 [ReconcilerExecutor-hivemq-controller-147] INFO  c.h.p.o.HiveMQPlatformReconciler - [helmroll] Reconciling HiveMQ Platform 'test-hivemq-platform' in namespace 'helmrollingupgradeplatformit'
2025-01-28 20:51:10,516 INFO c.h.h.t.HelmChartContainer - [hivemq-test-hivemq-platform] [hivemq-platform-operator] [72f36c1a] 20:51:10.515 [ReconcilerExecutor-hivemq-controller-147] DEBUG c.h.p.o.HiveMQPlatformReconciler - [helmroll] Custom Resource Status ROLLING_RESTART - HiveMQ Platform is restarting Pods (rolling restart) (RESTART_PODS_IN_PROGRESS)
2025-01-28 20:51:10,516 INFO c.h.h.t.HelmChartContainer - [hivemq-test-hivemq-platform] [hivemq-platform-operator] [72f36c1a] 20:51:10.515 [ReconcilerExecutor-hivemq-controller-147] DEBUG c.h.p.o.HiveMQPlatformReconciler - [helmroll] Custom Resource Spec (replicas: 1) (extensions: 1)
2025-01-28 20:51:10,517 INFO c.h.h.t.HelmChartContainer - [hivemq-test-hivemq-platform] [hivemq-platform-operator] [72f36c1a] 20:51:10.516 [ReconcilerExecutor-hivemq-controller-147] DEBUG c.h.p.o.HiveMQPlatformReconciler - [helmroll] StatefulSet Status (revision: test-hivemq-platform-945c6dcb4, replicas: 2, available: 1, ready: 1, current: 0, updated: 2)
2025-01-28 20:51:10,517 INFO c.h.h.t.HelmChartContainer - [hivemq-test-hivemq-platform] [hivemq-platform-operator] [72f36c1a] 20:51:10.516 [ReconcilerExecutor-hivemq-controller-147] DEBUG c.h.p.o.HiveMQPlatformReconciler - [helmroll] StatefulSet Spec (replicas: 2, init containers: 1, containers: 1, volumes: 3)
2025-01-28 20:51:10,519 INFO c.h.h.t.HelmChartContainer - [hivemq-test-hivemq-platform] [hivemq-platform-operator] [72f36c1a] 20:51:10.518 [ReconcilerExecutor-hivemq-controller-147] DEBUG c.h.p.o.h.HiveMQPlatformReconcilerErrorHandler - [helmroll] Pod 'test-hivemq-platform-1' phase Running
2025-01-28 20:51:10,520 INFO c.h.h.t.HelmChartContainer - [hivemq-test-hivemq-platform] [hivemq-platform-operator] [72f36c1a] 20:51:10.519 [ReconcilerExecutor-hivemq-controller-147] DEBUG c.h.p.o.h.HiveMQPlatformReconcilerErrorHandler - [helmroll] Pod 'test-hivemq-platform-0' phase Running
2025-01-28 20:51:10,520 INFO c.h.h.t.HelmChartContainer - [hivemq-test-hivemq-platform] [hivemq-platform-operator] [72f36c1a] 20:51:10.520 [ReconcilerExecutor-hivemq-controller-147] DEBUG c.h.p.o.h.HiveMQPlatformReconcilerRollingRestartHandler - [helmroll] Rolling restart is waiting for 1 of 2 replicas
2025-01-28 20:51:11,284 INFO c.h.h.t.HelmChartContainer - [test-hivemq-platform] [hivemq] [3b8ff019] INFO  - Started Jetty Server exposing Prometheus Servlet on URI http://0.0.0.0:9399/
2025-01-28 20:51:11,284 INFO c.h.h.t.HelmChartContainer - [test-hivemq-platform] [hivemq] [3b8ff019] INFO  - Extension "Prometheus Monitoring Extension" version 4.0.12 started successfully.
2025-01-28 20:51:11,284 INFO c.h.h.t.HelmChartContainer - [test-hivemq-platform] [hivemq] [3b8ff019] INFO  - Starting extension with id "hivemq-allow-all-extension" at /opt/hivemq/extensions/hivemq-allow-all-extension
2025-01-28 20:51:11,284 INFO c.h.h.t.HelmChartContainer - [test-hivemq-platform] [hivemq] [3b8ff019] WARN  - 
2025-01-28 20:51:11,284 INFO c.h.h.t.HelmChartContainer - [test-hivemq-platform] [hivemq] [3b8ff019] ################################################################################################################
2025-01-28 20:51:11,284 INFO c.h.h.t.HelmChartContainer - [test-hivemq-platform] [hivemq] [3b8ff019] # This HiveMQ deployment is not secure! You are lacking Authentication and Authorization.                      #
2025-01-28 20:51:11,284 INFO c.h.h.t.HelmChartContainer - [test-hivemq-platform] [hivemq] [3b8ff019] # Right now any MQTT client can connect to the broker with a full set of permissions.                          #
2025-01-28 20:51:11,284 INFO c.h.h.t.HelmChartContainer - [test-hivemq-platform] [hivemq] [3b8ff019] # For production usage, add an appropriate security extension and remove the hivemq-allow-all extension.       #
2025-01-28 20:51:11,284 INFO c.h.h.t.HelmChartContainer - [test-hivemq-platform] [hivemq] [3b8ff019] # You can download security extensions from the HiveMQ Marketplace (https://www.hivemq.com/extensions/).       #
2025-01-28 20:51:11,284 INFO c.h.h.t.HelmChartContainer - [test-hivemq-platform] [hivemq] [3b8ff019] ################################################################################################################
2025-01-28 20:51:11,287 INFO c.h.h.t.HelmChartContainer - [test-hivemq-platform] [hivemq] [3b8ff019] INFO  - Extension "Allow All Extension" version 1.1.1 started successfully.
2025-01-28 20:51:11,406 INFO c.h.h.t.HelmChartContainer - [EVENT] Warning [Unhealthy] Readiness probe failed: Get "http://10.42.0.15:7979/readiness": context deadline exceeded (Client.Timeout exceeded while awaiting headers) [helmrollingupgradeplatformit:test-hivemq-platform-0]
2025-01-28 20:51:11,406 INFO c.h.h.t.HelmChartContainer - Received Unhealthy event for container hivemq in pod test-hivemq-platform-0 [3b8ff019-dcde-4525-b743-d57b7bcf056f]
2025-01-28 20:51:11,688 INFO c.h.h.t.HelmChartContainer - [test-hivemq-platform] [hivemq] [3bdd009f] INFO  - Cluster nodes found by discovery: [wkWBI|3] (2) [wkWBI, u6fMD].
2025-01-28 20:51:11,829 INFO c.h.h.t.HelmChartContainer - [test-hivemq-platform] [hivemq] [3b8ff019] INFO  - Cluster nodes found by discovery: [wkWBI|3] (2) [wkWBI, u6fMD].
2025-01-28 20:51:12,187 INFO c.h.h.t.HelmChartContainer - [test-hivemq-platform] [hivemq] [3b8ff019] INFO  - Cluster size = 1, members : [wkWBI].
2025-01-28 20:51:12,190 INFO c.h.h.t.HelmChartContainer - [test-hivemq-platform] [hivemq] [3b8ff019] INFO  - [HiveMQ Platform Operator Init App 1.7.0-SNAPSHOT] Returning Health API response 503 for readiness
2025-01-28 20:51:12,889 INFO c.h.h.t.HelmChartContainer - [test-hivemq-platform] [hivemq] [3b8ff019] INFO  - Starting cluster join process. This may take a while. Please do not shut down HiveMQ.
2025-01-28 20:51:12,981 INFO c.h.h.t.HelmChartContainer - [test-hivemq-platform] [hivemq] [3b8ff019] INFO  - Cluster join process is still ongoing. Please do not shut down HiveMQ.
2025-01-28 20:51:14,990 INFO c.h.h.t.HelmChartContainer - [test-hivemq-platform] [hivemq] [3bdd009f] INFO  - Cluster size = 2, members : [wkWBI, u6fMD].
2025-01-28 20:51:15,003 INFO c.h.h.t.HelmChartContainer - [test-hivemq-platform] [hivemq] [3b8ff019] INFO  - Cluster size = 2, members : [wkWBI, u6fMD].
2025-01-28 20:51:15,005 INFO c.h.h.t.HelmChartContainer - [test-hivemq-platform] [hivemq] [3b8ff019] INFO  - Finished cluster join process successfully.
2025-01-28 20:51:15,007 INFO c.h.h.t.HelmChartContainer - [test-hivemq-platform] [hivemq] [3b8ff019] WARN  - No user for HiveMQ Control Center configured. Starting with default user
2025-01-28 20:51:15,008 INFO c.h.h.t.HelmChartContainer - [test-hivemq-platform] [hivemq] [3b8ff019] INFO  - Starting HiveMQ Control Center on address 0.0.0.0 and port 8080
2025-01-28 20:51:15,011 INFO c.h.h.t.HelmChartContainer - [test-hivemq-platform] [hivemq] [3b8ff019] INFO  - Mounting HiveMQ Control Center V2 Preview
2025-01-28 20:51:15,392 INFO c.h.h.t.HelmChartContainer - [EVENT] Warning [Unhealthy] Readiness probe failed: HTTP probe failed with statuscode: 503 [helmrollingupgradeplatformit:test-hivemq-platform-0]
2025-01-28 20:51:15,392 INFO c.h.h.t.HelmChartContainer - Received Unhealthy event for container hivemq in pod test-hivemq-platform-0 [3b8ff019-dcde-4525-b743-d57b7bcf056f]
2025-01-28 20:51:15,987 INFO c.h.h.t.HelmChartContainer - [test-hivemq-platform] [hivemq] [3b8ff019] INFO  - Started HiveMQ Control Center in 978ms
2025-01-28 20:51:16,182 INFO c.h.h.t.HelmChartContainer - [test-hivemq-platform] [hivemq] [3b8ff019] INFO  - Starting TCP listener on address 0.0.0.0 and port 1883
2025-01-28 20:51:16,184 INFO c.h.h.t.HelmChartContainer - [test-hivemq-platform] [hivemq] [3b8ff019] INFO  - [HiveMQ Platform Operator Init App 1.7.0-SNAPSHOT] Returning Health API response 200 for liveness
2025-01-28 20:51:16,291 INFO c.h.h.t.HelmChartContainer - [test-hivemq-platform] [hivemq] [3b8ff019] INFO  - Started TCP Listener on address 0.0.0.0 and on port 1883.
2025-01-28 20:51:16,291 INFO c.h.h.t.HelmChartContainer - [test-hivemq-platform] [hivemq] [3b8ff019] INFO  - Started HiveMQ in 35301ms
2025-01-28 20:51:20,367 INFO c.h.h.t.HelmChartContainer - [test-hivemq-platform] [hivemq] [3b8ff019] INFO  - [HiveMQ Platform Operator Init App 1.7.0-SNAPSHOT] Returning Health API response 200 for readiness
2025-01-28 20:51:20,381 INFO c.h.h.t.HelmChartContainer - [POD] test-hivemq-platform-0 [3b8ff019-dcde-4525-b743-d57b7bcf056f] in helmrollingupgradeplatformit was MODIFIED
2025-01-28 20:51:20,393 INFO c.h.h.t.HelmChartContainer - [hivemq-test-hivemq-platform] [hivemq-platform-operator] [72f36c1a] 20:51:20.391 [pool-6-thread-16] DEBUG c.h.p.o.d.PlatformServiceResource - [helmroll] Desired Platform services (3 services)
2025-01-28 20:51:20,403 INFO c.h.h.t.HelmChartContainer - [hivemq-test-hivemq-platform] [hivemq-platform-operator] [72f36c1a] 20:51:20.393 [pool-6-thread-17] DEBUG c.h.p.o.dependants.PodInfoConfigMap - [helmroll] Desired PodInfo ConfigMap (1 extensions) (1 enabled)
2025-01-28 20:51:20,407 INFO c.h.h.t.HelmChartContainer - [hivemq-test-hivemq-platform] [hivemq-platform-operator] [72f36c1a] 20:51:20.393 [pool-6-thread-17] DEBUG c.h.p.o.dependants.PodInfoConfigMap - [helmroll] Desired PodInfo ConfigMap (metrics port: 9399) (metrics path: /)
2025-01-28 20:51:20,407 INFO c.h.h.t.HelmChartContainer - [hivemq-test-hivemq-platform] [hivemq-platform-operator] [72f36c1a] 20:51:20.393 [pool-6-thread-17] DEBUG c.h.p.o.dependants.PodInfoConfigMap - [helmroll] Desired PodInfo ConfigMap (extension state hash: -1817474005)
2025-01-28 20:51:20,407 INFO c.h.h.t.HelmChartContainer - [hivemq-test-hivemq-platform] [hivemq-platform-operator] [72f36c1a] 20:51:20.394 [pool-6-thread-17] DEBUG c.h.p.o.d.PodServiceAccountResource - [helmroll] Desired PodServiceAccountResource (serviceAccountName: hivemq-platform-pod-test-hivemq-platform)
2025-01-28 20:51:20,407 INFO c.h.h.t.HelmChartContainer - [hivemq-test-hivemq-platform] [hivemq-platform-operator] [72f36c1a] 20:51:20.400 [pool-6-thread-16] DEBUG c.h.p.o.d.StatefulSetResource - [helmroll] Desired StatefulSet (2 replicas) for status ROLLING_RESTART (RESTART_PODS_IN_PROGRESS)
2025-01-28 20:51:20,414 INFO c.h.h.t.HelmChartContainer - [hivemq-test-hivemq-platform] [hivemq-platform-operator] [72f36c1a] 20:51:20.411 [ReconcilerExecutor-hivemq-controller-148] INFO  c.h.p.o.HiveMQPlatformReconciler - [helmroll] Reconciling HiveMQ Platform 'test-hivemq-platform' in namespace 'helmrollingupgradeplatformit'
2025-01-28 20:51:20,415 INFO c.h.h.t.HelmChartContainer - [hivemq-test-hivemq-platform] [hivemq-platform-operator] [72f36c1a] 20:51:20.412 [ReconcilerExecutor-hivemq-controller-148] DEBUG c.h.p.o.HiveMQPlatformReconciler - [helmroll] Custom Resource Status ROLLING_RESTART - HiveMQ Platform is restarting Pods (rolling restart) (RESTART_PODS_IN_PROGRESS)
2025-01-28 20:51:20,415 INFO c.h.h.t.HelmChartContainer - [hivemq-test-hivemq-platform] [hivemq-platform-operator] [72f36c1a] 20:51:20.412 [ReconcilerExecutor-hivemq-controller-148] DEBUG c.h.p.o.HiveMQPlatformReconciler - [helmroll] Custom Resource Spec (replicas: 1) (extensions: 1)
2025-01-28 20:51:20,415 INFO c.h.h.t.HelmChartContainer - [hivemq-test-hivemq-platform] [hivemq-platform-operator] [72f36c1a] 20:51:20.414 [ReconcilerExecutor-hivemq-controller-148] DEBUG c.h.p.o.HiveMQPlatformReconciler - [helmroll] StatefulSet Status (revision: test-hivemq-platform-945c6dcb4, replicas: 2, available: 2, ready: 2, current: 0, updated: 2)
2025-01-28 20:51:20,415 INFO c.h.h.t.HelmChartContainer - [hivemq-test-hivemq-platform] [hivemq-platform-operator] [72f36c1a] 20:51:20.414 [ReconcilerExecutor-hivemq-controller-148] DEBUG c.h.p.o.HiveMQPlatformReconciler - [helmroll] StatefulSet Spec (replicas: 2, init containers: 1, containers: 1, volumes: 3)
2025-01-28 20:51:20,437 INFO c.h.h.t.HelmChartContainer - [hivemq-test-hivemq-platform] [hivemq-platform-operator] [72f36c1a] 20:51:20.436 [ReconcilerExecutor-hivemq-controller-148] DEBUG c.h.p.o.h.HiveMQPlatformReconcilerErrorHandler - [helmroll] Pod 'test-hivemq-platform-1' phase Running
2025-01-28 20:51:20,440 INFO c.h.h.t.HelmChartContainer - [hivemq-test-hivemq-platform] [hivemq-platform-operator] [72f36c1a] 20:51:20.439 [ReconcilerExecutor-hivemq-controller-148] DEBUG c.h.p.o.h.HiveMQPlatformReconcilerErrorHandler - [helmroll] Pod 'test-hivemq-platform-0' phase Running
2025-01-28 20:51:20,508 INFO c.h.h.t.HelmChartContainer - [hivemq-test-hivemq-platform] [hivemq-platform-operator] [72f36c1a] 20:51:20.507 [ReconcilerExecutor-hivemq-controller-148] DEBUG c.h.p.o.h.HiveMQPlatformReconcilerRollingRestartHandler - [helmroll] Skipping Pod test-hivemq-platform-1 as it's already on the controller update revision (update revision: test-hivemq-platform-945c6dcb4, pod revision: test-hivemq-platform-945c6dcb4)
2025-01-28 20:51:20,536 INFO c.h.h.t.HelmChartContainer - [hivemq-test-hivemq-platform] [hivemq-platform-operator] [72f36c1a] 20:51:20.535 [ReconcilerExecutor-hivemq-controller-148] DEBUG c.h.p.o.h.HiveMQPlatformReconcilerRollingRestartHandler - [helmroll] Skipping Pod test-hivemq-platform-0 as it's already on the controller update revision (update revision: test-hivemq-platform-945c6dcb4, pod revision: test-hivemq-platform-945c6dcb4)
2025-01-28 20:51:20,537 INFO c.h.h.t.HelmChartContainer - [hivemq-test-hivemq-platform] [hivemq-platform-operator] [72f36c1a] 20:51:20.535 [ReconcilerExecutor-hivemq-controller-148] INFO  c.h.p.o.h.HiveMQPlatformReconcilerRollingRestartHandler - [helmroll] Stopping surge Pod
2025-01-28 20:51:20,603 INFO c.h.h.t.HelmChartContainer - [hivemq-test-hivemq-platform] [hivemq-platform-operator] [72f36c1a] 20:51:20.602 [ReconcilerExecutor-hivemq-controller-148] DEBUG c.h.p.operator.event.EventSender - [helmroll] Creating K8s event rolling-restart-scale-down-in-progress: [RollingRestart] HiveMQ Platform is stopping the surge Pod (rolling restart)
2025-01-28 20:51:20,608 INFO c.h.h.t.HelmChartContainer - [EVENT] Normal [RollingRestart] HiveMQ Platform is stopping the surge Pod (rolling restart) [helmrollingupgradeplatformit:test-hivemq-platform]
2025-01-28 20:51:20,609 INFO c.h.h.t.HelmChartContainer - [hivemq-test-hivemq-platform] [hivemq-platform-operator] [72f36c1a] 20:51:20.608 [ReconcilerExecutor-hivemq-controller-148] INFO  c.h.p.o.h.AbstractHiveMQReconcilerStateHandler - [helmroll] Update HiveMQ Platform Status (ROLLING_RESTART [RESTART_PODS_IN_PROGRESS] -> ROLLING_RESTART [SCALE_DOWN_IN_PROGRESS]): HiveMQ Platform is stopping the surge Pod (rolling restart)
2025-01-28 20:51:20,618 DEBUG com.hivemq.helmcharts.util.K8sUtil - Comparing actual state 'ROLLING_RESTART' and waiting for 'RUNNING'
2025-01-28 20:51:20,641 INFO c.h.h.t.HelmChartContainer - [hivemq-test-hivemq-platform] [hivemq-platform-operator] [72f36c1a] 20:51:20.639 [pool-6-thread-26] DEBUG c.h.p.o.d.PlatformServiceResource - [helmroll] Desired Platform services (3 services)
2025-01-28 20:51:20,641 INFO c.h.h.t.HelmChartContainer - [hivemq-test-hivemq-platform] [hivemq-platform-operator] [72f36c1a] 20:51:20.639 [pool-6-thread-25] DEBUG c.h.p.o.dependants.PodInfoConfigMap - [helmroll] Desired PodInfo ConfigMap (1 extensions) (1 enabled)
2025-01-28 20:51:20,642 INFO c.h.h.t.HelmChartContainer - [hivemq-test-hivemq-platform] [hivemq-platform-operator] [72f36c1a] 20:51:20.640 [pool-6-thread-25] DEBUG c.h.p.o.dependants.PodInfoConfigMap - [helmroll] Desired PodInfo ConfigMap (metrics port: 9399) (metrics path: /)
2025-01-28 20:51:20,642 INFO c.h.h.t.HelmChartContainer - [hivemq-test-hivemq-platform] [hivemq-platform-operator] [72f36c1a] 20:51:20.640 [pool-6-thread-25] DEBUG c.h.p.o.dependants.PodInfoConfigMap - [helmroll] Desired PodInfo ConfigMap (extension state hash: -1817474005)
2025-01-28 20:51:20,696 INFO c.h.h.t.HelmChartContainer - [hivemq-test-hivemq-platform] [hivemq-platform-operator] [72f36c1a] 20:51:20.639 [pool-6-thread-24] DEBUG c.h.p.o.d.PodServiceAccountResource - [helmroll] Desired PodServiceAccountResource (serviceAccountName: hivemq-platform-pod-test-hivemq-platform)
2025-01-28 20:51:20,696 INFO c.h.h.t.HelmChartContainer - [hivemq-test-hivemq-platform] [hivemq-platform-operator] [72f36c1a] 20:51:20.692 [pool-6-thread-25] DEBUG c.h.p.o.dependants.PodInfoConfigMap - [helmroll] Update PodInfo ConfigMap
2025-01-28 20:51:20,708 INFO c.h.h.t.HelmChartContainer - [hivemq-test-hivemq-platform] [hivemq-platform-operator] [72f36c1a] 20:51:20.707 [pool-6-thread-25] DEBUG c.h.p.o.d.StatefulSetResource - [helmroll] Desired StatefulSet (1 replicas) for status ROLLING_RESTART (SCALE_DOWN_IN_PROGRESS)
2025-01-28 20:51:20,711 INFO c.h.h.t.HelmChartContainer - [hivemq-test-hivemq-platform] [hivemq-platform-operator] [72f36c1a] 20:51:20.710 [pool-6-thread-25] DEBUG c.h.p.o.d.StatefulSetResource - [helmroll] Update StatefulSet (replicas: 2 -> 1)
2025-01-28 20:51:20,810 INFO c.h.h.t.HelmChartContainer - [hivemq-test-hivemq-platform] [hivemq-platform-operator] [72f36c1a] 20:51:20.809 [ReconcilerExecutor-hivemq-controller-149] INFO  c.h.p.o.HiveMQPlatformReconciler - [helmroll] Reconciling HiveMQ Platform 'test-hivemq-platform' in namespace 'helmrollingupgradeplatformit'
2025-01-28 20:51:20,810 INFO c.h.h.t.HelmChartContainer - [hivemq-test-hivemq-platform] [hivemq-platform-operator] [72f36c1a] 20:51:20.809 [ReconcilerExecutor-hivemq-controller-149] DEBUG c.h.p.o.HiveMQPlatformReconciler - [helmroll] Custom Resource Status ROLLING_RESTART - HiveMQ Platform is stopping the surge Pod (rolling restart) (SCALE_DOWN_IN_PROGRESS)
2025-01-28 20:51:20,810 INFO c.h.h.t.HelmChartContainer - [hivemq-test-hivemq-platform] [hivemq-platform-operator] [72f36c1a] 20:51:20.809 [ReconcilerExecutor-hivemq-controller-149] DEBUG c.h.p.o.HiveMQPlatformReconciler - [helmroll] Custom Resource Spec (replicas: 1) (extensions: 1)
2025-01-28 20:51:20,812 INFO c.h.h.t.HelmChartContainer - [hivemq-test-hivemq-platform] [hivemq-platform-operator] [72f36c1a] 20:51:20.810 [ReconcilerExecutor-hivemq-controller-149] DEBUG c.h.p.o.HiveMQPlatformReconciler - [helmroll] StatefulSet Status (revision: test-hivemq-platform-945c6dcb4, replicas: 2, available: 2, ready: 2, current: 0, updated: 2)
2025-01-28 20:51:20,812 INFO c.h.h.t.HelmChartContainer - [hivemq-test-hivemq-platform] [hivemq-platform-operator] [72f36c1a] 20:51:20.811 [ReconcilerExecutor-hivemq-controller-149] DEBUG c.h.p.o.HiveMQPlatformReconciler - [helmroll] StatefulSet Spec (replicas: 1, init containers: 1, containers: 1, volumes: 3)
2025-01-28 20:51:20,813 INFO c.h.h.t.HelmChartContainer - [POD] test-hivemq-platform-1 [3bdd009f-b36d-4563-a5bc-70578c28a77a] in helmrollingupgradeplatformit was MODIFIED
2025-01-28 20:51:20,817 INFO c.h.h.t.HelmChartContainer - [hivemq-test-hivemq-platform] [hivemq-platform-operator] [72f36c1a] 20:51:20.814 [ReconcilerExecutor-hivemq-controller-149] DEBUG c.h.p.o.h.HiveMQPlatformReconcilerErrorHandler - [helmroll] Pod 'test-hivemq-platform-0' phase Running
2025-01-28 20:51:20,817 INFO c.h.h.t.HelmChartContainer - [hivemq-test-hivemq-platform] [hivemq-platform-operator] [72f36c1a] 20:51:20.815 [ReconcilerExecutor-hivemq-controller-149] DEBUG c.h.p.o.h.HiveMQPlatformReconcilerRollingRestartHandler - [helmroll] Rolling restart is waiting for 2 of 1 replicas
2025-01-28 20:51:20,831 INFO c.h.h.t.HelmChartContainer - [hivemq-test-hivemq-platform] [hivemq-platform-operator] [72f36c1a] 20:51:20.822 [pool-6-thread-39] DEBUG c.h.p.o.d.PlatformServiceResource - [helmroll] Desired Platform services (3 services)
2025-01-28 20:51:20,832 INFO c.h.h.t.HelmChartContainer - [hivemq-test-hivemq-platform] [hivemq-platform-operator] [72f36c1a] 20:51:20.822 [pool-6-thread-31] DEBUG c.h.p.o.dependants.PodInfoConfigMap - [helmroll] Desired PodInfo ConfigMap (1 extensions) (1 enabled)
2025-01-28 20:51:20,832 INFO c.h.h.t.HelmChartContainer - [hivemq-test-hivemq-platform] [hivemq-platform-operator] [72f36c1a] 20:51:20.823 [pool-6-thread-31] DEBUG c.h.p.o.dependants.PodInfoConfigMap - [helmroll] Desired PodInfo ConfigMap (metrics port: 9399) (metrics path: /)
2025-01-28 20:51:20,832 INFO c.h.h.t.HelmChartContainer - [hivemq-test-hivemq-platform] [hivemq-platform-operator] [72f36c1a] 20:51:20.823 [pool-6-thread-31] DEBUG c.h.p.o.dependants.PodInfoConfigMap - [helmroll] Desired PodInfo ConfigMap (extension state hash: -1817474005)
2025-01-28 20:51:20,832 INFO c.h.h.t.HelmChartContainer - [hivemq-test-hivemq-platform] [hivemq-platform-operator] [72f36c1a] 20:51:20.824 [pool-6-thread-34] DEBUG c.h.p.o.d.PodServiceAccountResource - [helmroll] Desired PodServiceAccountResource (serviceAccountName: hivemq-platform-pod-test-hivemq-platform)
2025-01-28 20:51:20,836 INFO c.h.h.t.HelmChartContainer - [EVENT] Normal [SuccessfulDelete] delete Pod test-hivemq-platform-1 in StatefulSet test-hivemq-platform successful [helmrollingupgradeplatformit:test-hivemq-platform]
2025-01-28 20:51:20,845 INFO c.h.h.t.HelmChartContainer - [hivemq-test-hivemq-platform] [hivemq-platform-operator] [72f36c1a] 20:51:20.844 [pool-6-thread-39] DEBUG c.h.p.o.d.StatefulSetResource - [helmroll] Desired StatefulSet (1 replicas) for status ROLLING_RESTART (SCALE_DOWN_IN_PROGRESS)
2025-01-28 20:51:20,847 INFO c.h.h.t.HelmChartContainer - [EVENT] Normal [Killing] Stopping container hivemq [helmrollingupgradeplatformit:test-hivemq-platform-1]
2025-01-28 20:51:20,847 INFO c.h.h.t.HelmChartContainer - Received Killing event for container hivemq in pod test-hivemq-platform-1 [3bdd009f-b36d-4563-a5bc-70578c28a77a]
2025-01-28 20:51:20,847 INFO c.h.h.t.HelmChartContainer - Container [test-hivemq-platform-1] [hivemq] [3bdd009f-b36d-4563-a5bc-70578c28a77a] was terminated
2025-01-28 20:51:20,847 INFO c.h.h.t.HelmChartContainer - Stopped log watcher for hivemq in pod test-hivemq-platform-1 [3bdd009f-b36d-4563-a5bc-70578c28a77a]
2025-01-28 20:51:20,853 INFO c.h.h.t.HelmChartContainer - [test-hivemq-platform] [hivemq] [3bdd009f] INFO  - [HiveMQ Platform Operator Init App 1.7.0-SNAPSHOT] Shutting down
2025-01-28 20:51:20,853 INFO c.h.h.t.HelmChartContainer - [test-hivemq-platform] [hivemq] [3bdd009f] INFO  - [HiveMQ Platform Operator Init App 1.7.0-SNAPSHOT] Stopping the HiveMQ Platform
2025-01-28 20:51:20,898 INFO c.h.h.t.HelmChartContainer - [hivemq-test-hivemq-platform] [hivemq-platform-operator] [72f36c1a] 20:51:20.897 [ReconcilerExecutor-hivemq-controller-150] INFO  c.h.p.o.HiveMQPlatformReconciler - [helmroll] Reconciling HiveMQ Platform 'test-hivemq-platform' in namespace 'helmrollingupgradeplatformit'
2025-01-28 20:51:20,898 INFO c.h.h.t.HelmChartContainer - [hivemq-test-hivemq-platform] [hivemq-platform-operator] [72f36c1a] 20:51:20.897 [ReconcilerExecutor-hivemq-controller-150] DEBUG c.h.p.o.HiveMQPlatformReconciler - [helmroll] Custom Resource Status ROLLING_RESTART - HiveMQ Platform is stopping the surge Pod (rolling restart) (SCALE_DOWN_IN_PROGRESS)
2025-01-28 20:51:20,898 INFO c.h.h.t.HelmChartContainer - [hivemq-test-hivemq-platform] [hivemq-platform-operator] [72f36c1a] 20:51:20.897 [ReconcilerExecutor-hivemq-controller-150] DEBUG c.h.p.o.HiveMQPlatformReconciler - [helmroll] Custom Resource Spec (replicas: 1) (extensions: 1)
2025-01-28 20:51:20,901 INFO c.h.h.t.HelmChartContainer - [hivemq-test-hivemq-platform] [hivemq-platform-operator] [72f36c1a] 20:51:20.900 [ReconcilerExecutor-hivemq-controller-150] DEBUG c.h.p.o.HiveMQPlatformReconciler - [helmroll] StatefulSet Status (revision: test-hivemq-platform-945c6dcb4, replicas: 2, available: 2, ready: 2, current: 0, updated: 1)
2025-01-28 20:51:20,902 INFO c.h.h.t.HelmChartContainer - [hivemq-test-hivemq-platform] [hivemq-platform-operator] [72f36c1a] 20:51:20.900 [ReconcilerExecutor-hivemq-controller-150] DEBUG c.h.p.o.HiveMQPlatformReconciler - [helmroll] StatefulSet Spec (replicas: 1, init containers: 1, containers: 1, volumes: 3)
2025-01-28 20:51:20,903 INFO c.h.h.t.HelmChartContainer - [hivemq-test-hivemq-platform] [hivemq-platform-operator] [72f36c1a] 20:51:20.903 [ReconcilerExecutor-hivemq-controller-150] DEBUG c.h.p.o.h.HiveMQPlatformReconcilerErrorHandler - [helmroll] Pod 'test-hivemq-platform-0' phase Running
2025-01-28 20:51:20,905 INFO c.h.h.t.HelmChartContainer - [hivemq-test-hivemq-platform] [hivemq-platform-operator] [72f36c1a] 20:51:20.904 [ReconcilerExecutor-hivemq-controller-150] DEBUG c.h.p.o.h.HiveMQPlatformReconcilerRollingRestartHandler - [helmroll] Rolling restart is waiting for 2 of 1 replicas
2025-01-28 20:51:20,941 INFO c.h.h.t.HelmChartContainer - [hivemq-test-hivemq-platform] [hivemq-platform-operator] [72f36c1a] 20:51:20.938 [pool-6-thread-44] DEBUG c.h.p.o.d.PlatformServiceResource - [helmroll] Desired Platform services (3 services)
2025-01-28 20:51:20,944 INFO c.h.h.t.HelmChartContainer - [hivemq-test-hivemq-platform] [hivemq-platform-operator] [72f36c1a] 20:51:20.943 [pool-6-thread-47] DEBUG c.h.p.o.d.PodServiceAccountResource - [helmroll] Desired PodServiceAccountResource (serviceAccountName: hivemq-platform-pod-test-hivemq-platform)
2025-01-28 20:51:20,995 INFO c.h.h.t.HelmChartContainer - [hivemq-test-hivemq-platform] [hivemq-platform-operator] [72f36c1a] 20:51:20.991 [pool-6-thread-45] DEBUG c.h.p.o.dependants.PodInfoConfigMap - [helmroll] Desired PodInfo ConfigMap (1 extensions) (1 enabled)
2025-01-28 20:51:20,995 INFO c.h.h.t.HelmChartContainer - [hivemq-test-hivemq-platform] [hivemq-platform-operator] [72f36c1a] 20:51:20.992 [pool-6-thread-45] DEBUG c.h.p.o.dependants.PodInfoConfigMap - [helmroll] Desired PodInfo ConfigMap (metrics port: 9399) (metrics path: /)
2025-01-28 20:51:20,995 INFO c.h.h.t.HelmChartContainer - [hivemq-test-hivemq-platform] [hivemq-platform-operator] [72f36c1a] 20:51:20.992 [pool-6-thread-45] DEBUG c.h.p.o.dependants.PodInfoConfigMap - [helmroll] Desired PodInfo ConfigMap (extension state hash: -1817474005)
2025-01-28 20:51:20,999 INFO c.h.h.t.HelmChartContainer - [hivemq-test-hivemq-platform] [hivemq-platform-operator] [72f36c1a] 20:51:20.997 [pool-6-thread-44] DEBUG c.h.p.o.d.StatefulSetResource - [helmroll] Desired StatefulSet (1 replicas) for status ROLLING_RESTART (SCALE_DOWN_IN_PROGRESS)
2025-01-28 20:51:21,001 INFO c.h.h.t.HelmChartContainer - [hivemq-test-hivemq-platform] [hivemq-platform-operator] [72f36c1a] 20:51:21.000 [ReconcilerExecutor-hivemq-controller-151] INFO  c.h.p.o.HiveMQPlatformReconciler - [helmroll] Reconciling HiveMQ Platform 'test-hivemq-platform' in namespace 'helmrollingupgradeplatformit'
2025-01-28 20:51:21,002 INFO c.h.h.t.HelmChartContainer - [hivemq-test-hivemq-platform] [hivemq-platform-operator] [72f36c1a] 20:51:21.001 [ReconcilerExecutor-hivemq-controller-151] DEBUG c.h.p.o.HiveMQPlatformReconciler - [helmroll] Custom Resource Status ROLLING_RESTART - HiveMQ Platform is stopping the surge Pod (rolling restart) (SCALE_DOWN_IN_PROGRESS)
2025-01-28 20:51:21,002 INFO c.h.h.t.HelmChartContainer - [hivemq-test-hivemq-platform] [hivemq-platform-operator] [72f36c1a] 20:51:21.001 [ReconcilerExecutor-hivemq-controller-151] DEBUG c.h.p.o.HiveMQPlatformReconciler - [helmroll] Custom Resource Spec (replicas: 1) (extensions: 1)
2025-01-28 20:51:21,005 INFO c.h.h.t.HelmChartContainer - [hivemq-test-hivemq-platform] [hivemq-platform-operator] [72f36c1a] 20:51:21.004 [ReconcilerExecutor-hivemq-controller-151] DEBUG c.h.p.o.HiveMQPlatformReconciler - [helmroll] StatefulSet Status (revision: test-hivemq-platform-945c6dcb4, replicas: 2, available: 2, ready: 2, current: 0, updated: 1)
2025-01-28 20:51:21,005 INFO c.h.h.t.HelmChartContainer - [hivemq-test-hivemq-platform] [hivemq-platform-operator] [72f36c1a] 20:51:21.004 [ReconcilerExecutor-hivemq-controller-151] DEBUG c.h.p.o.HiveMQPlatformReconciler - [helmroll] StatefulSet Spec (replicas: 1, init containers: 1, containers: 1, volumes: 3)
2025-01-28 20:51:21,006 INFO c.h.h.t.HelmChartContainer - [hivemq-test-hivemq-platform] [hivemq-platform-operator] [72f36c1a] 20:51:21.006 [ReconcilerExecutor-hivemq-controller-151] DEBUG c.h.p.o.h.HiveMQPlatformReconcilerErrorHandler - [helmroll] Pod 'test-hivemq-platform-0' phase Running
2025-01-28 20:51:21,008 INFO c.h.h.t.HelmChartContainer - [hivemq-test-hivemq-platform] [hivemq-platform-operator] [72f36c1a] 20:51:21.007 [ReconcilerExecutor-hivemq-controller-151] DEBUG c.h.p.o.h.HiveMQPlatformReconcilerRollingRestartHandler - [helmroll] Rolling restart is waiting for 2 of 1 replicas
2025-01-28 20:51:21,044 INFO c.h.h.t.HelmChartContainer - [test-hivemq-platform] [hivemq] [3bdd009f] INFO  - Shutting down HiveMQ. Please wait, this could take a while...
2025-01-28 20:51:21,049 INFO c.h.h.t.HelmChartContainer - [test-hivemq-platform] [hivemq] [3bdd009f] INFO  - Shutting down listeners and clients
2025-01-28 20:51:21,129 INFO c.h.h.t.HelmChartContainer - [test-hivemq-platform] [hivemq] [3bdd009f] INFO  - Shutdown of listeners is done
2025-01-28 20:51:21,130 INFO c.h.h.t.HelmChartContainer - [test-hivemq-platform] [hivemq] [3bdd009f] INFO  - No clients are connected, proceeding with shutdown
2025-01-28 20:51:22,245 INFO c.h.h.t.HelmChartContainer - [test-hivemq-platform] [hivemq] [3bdd009f] INFO  - [HiveMQ Platform Operator Init App 1.7.0-SNAPSHOT] Returning shutdown Health API response 503 for readiness
2025-01-28 20:51:22,252 INFO c.h.h.t.HelmChartContainer - [EVENT] Warning [Unhealthy] Readiness probe failed: HTTP probe failed with statuscode: 503 [helmrollingupgradeplatformit:test-hivemq-platform-1]
2025-01-28 20:51:22,252 INFO c.h.h.t.HelmChartContainer - Received Unhealthy event for container hivemq in pod test-hivemq-platform-1 [3bdd009f-b36d-4563-a5bc-70578c28a77a]
2025-01-28 20:51:24,645 INFO c.h.h.t.HelmChartContainer - [test-hivemq-platform] [hivemq] [3bdd009f] INFO  - Shutting down extension system
2025-01-28 20:51:24,649 INFO c.h.h.t.HelmChartContainer - [test-hivemq-platform] [hivemq] [3bdd009f] INFO  - Stopping extension with id hivemq-dns-cluster-discovery
2025-01-28 20:51:24,649 INFO c.h.h.t.HelmChartContainer - [test-hivemq-platform] [hivemq] [3bdd009f] INFO  - Extension "DNS Cluster Discovery Extension" version 4.3.2 stopped successfully.
2025-01-28 20:51:24,650 INFO c.h.h.t.HelmChartContainer - [test-hivemq-platform] [hivemq] [3bdd009f] INFO  - Stopping extension with id hivemq-prometheus-extension
2025-01-28 20:51:24,657 INFO c.h.h.t.HelmChartContainer - [test-hivemq-platform] [hivemq] [3bdd009f] INFO  - Extension "Prometheus Monitoring Extension" version 4.0.12 stopped successfully.
2025-01-28 20:51:24,658 INFO c.h.h.t.HelmChartContainer - [test-hivemq-platform] [hivemq] [3bdd009f] INFO  - Stopping extension with id hivemq-allow-all-extension
2025-01-28 20:51:24,658 INFO c.h.h.t.HelmChartContainer - [test-hivemq-platform] [hivemq] [3bdd009f] INFO  - Extension "Allow All Extension" version 1.1.1 stopped successfully.
2025-01-28 20:51:24,708 INFO c.h.h.t.HelmChartContainer - [test-hivemq-platform] [hivemq] [3b8ff019] INFO  - Cluster nodes found by discovery: [u6fMD|4] (1) [u6fMD].
2025-01-28 20:51:24,713 INFO c.h.h.t.HelmChartContainer - [test-hivemq-platform] [hivemq] [3b8ff019] INFO  - Cluster size = 1, members : [u6fMD].
2025-01-28 20:51:27,108 INFO c.h.h.t.HelmChartContainer - [test-hivemq-platform] [hivemq] [3bdd009f] INFO  - Shutdown completed.
2025-01-28 20:51:27,251 INFO c.h.h.t.HelmChartContainer - [EVENT] Warning [Unhealthy] Readiness probe failed: HTTP probe failed with statuscode: 503 [helmrollingupgradeplatformit:test-hivemq-platform-1]
2025-01-28 20:51:27,252 INFO c.h.h.t.HelmChartContainer - Received Unhealthy event for container hivemq in pod test-hivemq-platform-1 [3bdd009f-b36d-4563-a5bc-70578c28a77a]
2025-01-28 20:51:27,503 INFO c.h.h.t.HelmChartContainer - [test-hivemq-platform] [hivemq] [3bdd009f] INFO  - [HiveMQ Platform Operator Init App 1.7.0-SNAPSHOT] The HiveMQ Platform exited with code 143
2025-01-28 20:51:27,503 INFO c.h.h.t.HelmChartContainer - [test-hivemq-platform] [hivemq] [3bdd009f] INFO  - [HiveMQ Platform Operator Init App 1.7.0-SNAPSHOT] Stopping the REST API
2025-01-28 20:51:27,532 INFO c.h.h.t.HelmChartContainer - [test-hivemq-platform] [hivemq] [3bdd009f] INFO  - [HiveMQ Platform Operator Init App 1.7.0-SNAPSHOT] Shutdown complete
2025-01-28 20:51:28,029 INFO c.h.h.t.HelmChartContainer - [POD] test-hivemq-platform-1 [3bdd009f-b36d-4563-a5bc-70578c28a77a] in helmrollingupgradeplatformit was MODIFIED
2025-01-28 20:51:28,036 INFO c.h.h.t.HelmChartContainer - [hivemq-test-hivemq-platform] [hivemq-platform-operator] [72f36c1a] 20:51:28.034 [pool-6-thread-10] DEBUG c.h.p.o.d.PlatformServiceResource - [helmroll] Desired Platform services (3 services)
2025-01-28 20:51:28,038 INFO c.h.h.t.HelmChartContainer - [hivemq-test-hivemq-platform] [hivemq-platform-operator] [72f36c1a] 20:51:28.037 [pool-6-thread-5] DEBUG c.h.p.o.dependants.PodInfoConfigMap - [helmroll] Desired PodInfo ConfigMap (1 extensions) (1 enabled)
2025-01-28 20:51:28,038 INFO c.h.h.t.HelmChartContainer - [hivemq-test-hivemq-platform] [hivemq-platform-operator] [72f36c1a] 20:51:28.037 [pool-6-thread-5] DEBUG c.h.p.o.dependants.PodInfoConfigMap - [helmroll] Desired PodInfo ConfigMap (metrics port: 9399) (metrics path: /)
2025-01-28 20:51:28,038 INFO c.h.h.t.HelmChartContainer - [hivemq-test-hivemq-platform] [hivemq-platform-operator] [72f36c1a] 20:51:28.037 [pool-6-thread-5] DEBUG c.h.p.o.dependants.PodInfoConfigMap - [helmroll] Desired PodInfo ConfigMap (extension state hash: -1817474005)
2025-01-28 20:51:28,042 INFO c.h.h.t.HelmChartContainer - [hivemq-test-hivemq-platform] [hivemq-platform-operator] [72f36c1a] 20:51:28.040 [pool-6-thread-9] DEBUG c.h.p.o.d.PodServiceAccountResource - [helmroll] Desired PodServiceAccountResource (serviceAccountName: hivemq-platform-pod-test-hivemq-platform)
2025-01-28 20:51:28,052 INFO c.h.h.t.HelmChartContainer - [hivemq-test-hivemq-platform] [hivemq-platform-operator] [72f36c1a] 20:51:28.048 [pool-6-thread-10] DEBUG c.h.p.o.d.StatefulSetResource - [helmroll] Desired StatefulSet (1 replicas) for status ROLLING_RESTART (SCALE_DOWN_IN_PROGRESS)
2025-01-28 20:51:28,056 INFO c.h.h.t.HelmChartContainer - [hivemq-test-hivemq-platform] [hivemq-platform-operator] [72f36c1a] 20:51:28.053 [ReconcilerExecutor-hivemq-controller-152] INFO  c.h.p.o.HiveMQPlatformReconciler - [helmroll] Reconciling HiveMQ Platform 'test-hivemq-platform' in namespace 'helmrollingupgradeplatformit'
2025-01-28 20:51:28,056 INFO c.h.h.t.HelmChartContainer - [hivemq-test-hivemq-platform] [hivemq-platform-operator] [72f36c1a] 20:51:28.053 [ReconcilerExecutor-hivemq-controller-152] DEBUG c.h.p.o.HiveMQPlatformReconciler - [helmroll] Custom Resource Status ROLLING_RESTART - HiveMQ Platform is stopping the surge Pod (rolling restart) (SCALE_DOWN_IN_PROGRESS)
2025-01-28 20:51:28,056 INFO c.h.h.t.HelmChartContainer - [hivemq-test-hivemq-platform] [hivemq-platform-operator] [72f36c1a] 20:51:28.053 [ReconcilerExecutor-hivemq-controller-152] DEBUG c.h.p.o.HiveMQPlatformReconciler - [helmroll] Custom Resource Spec (replicas: 1) (extensions: 1)
2025-01-28 20:51:28,059 INFO c.h.h.t.HelmChartContainer - [hivemq-test-hivemq-platform] [hivemq-platform-operator] [72f36c1a] 20:51:28.058 [ReconcilerExecutor-hivemq-controller-152] DEBUG c.h.p.o.HiveMQPlatformReconciler - [helmroll] StatefulSet Status (revision: test-hivemq-platform-945c6dcb4, replicas: 2, available: 1, ready: 1, current: 0, updated: 1)
2025-01-28 20:51:28,059 INFO c.h.h.t.HelmChartContainer - [hivemq-test-hivemq-platform] [hivemq-platform-operator] [72f36c1a] 20:51:28.058 [ReconcilerExecutor-hivemq-controller-152] DEBUG c.h.p.o.HiveMQPlatformReconciler - [helmroll] StatefulSet Spec (replicas: 1, init containers: 1, containers: 1, volumes: 3)
2025-01-28 20:51:28,061 INFO c.h.h.t.HelmChartContainer - [hivemq-test-hivemq-platform] [hivemq-platform-operator] [72f36c1a] 20:51:28.060 [ReconcilerExecutor-hivemq-controller-152] DEBUG c.h.p.o.h.HiveMQPlatformReconcilerErrorHandler - [helmroll] Pod 'test-hivemq-platform-0' phase Running
2025-01-28 20:51:28,092 INFO c.h.h.t.HelmChartContainer - [hivemq-test-hivemq-platform] [hivemq-platform-operator] [72f36c1a] 20:51:28.091 [ReconcilerExecutor-hivemq-controller-152] INFO  c.h.p.o.h.HiveMQPlatformReconcilerRollingRestartHandler - [helmroll] Rolling restart is done
2025-01-28 20:51:28,095 INFO c.h.h.t.HelmChartContainer - [K3S] [reconciler_common.go:162] "operationExecutor.UnmountVolume started for volume \"broker-configuration\" (UniqueName: \"kubernetes.io/configmap/3bdd009f-b36d-4563-a5bc-70578c28a77a-broker-configuration\") pod \"3bdd009f-b36d-4563-a5bc-70578c28a77a\" (UID: \"3bdd009f-b36d-4563-a5bc-70578c28a77a\") "
2025-01-28 20:51:28,095 INFO c.h.h.t.HelmChartContainer - [K3S] [reconciler_common.go:162] "operationExecutor.UnmountVolume started for volume \"operator-init\" (UniqueName: \"kubernetes.io/empty-dir/3bdd009f-b36d-4563-a5bc-70578c28a77a-operator-init\") pod \"3bdd009f-b36d-4563-a5bc-70578c28a77a\" (UID: \"3bdd009f-b36d-4563-a5bc-70578c28a77a\") "
2025-01-28 20:51:28,095 INFO c.h.h.t.HelmChartContainer - [K3S] [reconciler_common.go:162] "operationExecutor.UnmountVolume started for volume \"pod-info\" (UniqueName: \"kubernetes.io/configmap/3bdd009f-b36d-4563-a5bc-70578c28a77a-pod-info\") pod \"3bdd009f-b36d-4563-a5bc-70578c28a77a\" (UID: \"3bdd009f-b36d-4563-a5bc-70578c28a77a\") "
2025-01-28 20:51:28,095 INFO c.h.h.t.HelmChartContainer - [K3S] [reconciler_common.go:162] "operationExecutor.UnmountVolume started for volume \"kube-api-access-nxwwm\" (UniqueName: \"kubernetes.io/projected/3bdd009f-b36d-4563-a5bc-70578c28a77a-kube-api-access-nxwwm\") pod \"3bdd009f-b36d-4563-a5bc-70578c28a77a\" (UID: \"3bdd009f-b36d-4563-a5bc-70578c28a77a\") "
2025-01-28 20:51:28,109 INFO c.h.h.t.HelmChartContainer - [EVENT] Normal [Ready] HiveMQ Platform is ready [helmrollingupgradeplatformit:test-hivemq-platform]
2025-01-28 20:51:28,111 INFO c.h.h.t.HelmChartContainer - [hivemq-test-hivemq-platform] [hivemq-platform-operator] [72f36c1a] 20:51:28.109 [ReconcilerExecutor-hivemq-controller-152] DEBUG c.h.p.operator.event.EventSender - [helmroll] Updating K8s event hivemq-platform-ready: [Ready] HiveMQ Platform is ready
2025-01-28 20:51:28,112 INFO c.h.h.t.HelmChartContainer - [hivemq-test-hivemq-platform] [hivemq-platform-operator] [72f36c1a] 20:51:28.109 [ReconcilerExecutor-hivemq-controller-152] INFO  c.h.p.o.h.AbstractHiveMQReconcilerStateHandler - [helmroll] Update HiveMQ Platform Status (ROLLING_RESTART [SCALE_DOWN_IN_PROGRESS] -> RUNNING [READY]): HiveMQ Platform is ready
2025-01-28 20:51:28,149 DEBUG com.hivemq.helmcharts.util.K8sUtil - Comparing actual state 'RUNNING' and waiting for 'RUNNING'
2025-01-28 20:51:28,163 INFO c.h.h.t.HelmChartContainer - Uninstalling release 'test-hivemq-platform' in namespace 'helmrollingupgradeplatformit'...
2025-01-28 20:51:28,163 DEBUG c.h.h.t.HelmChartContainer - Executing helm command: /bin/helm --kubeconfig /etc/rancher/k3s/k3s.yaml uninstall test-hivemq-platform  --wait --timeout 5m0s --cascade foreground --namespace helmrollingupgradeplatformit
2025-01-28 20:51:28,197 INFO c.h.h.t.HelmChartContainer - [K3S] [reconciler_common.go:299] "Volume detached for volume \"broker-configuration\" (UniqueName: \"kubernetes.io/configmap/3bdd009f-b36d-4563-a5bc-70578c28a77a-broker-configuration\") on node \"a51fb6dbb334\" DevicePath \"\""
2025-01-28 20:51:28,197 INFO c.h.h.t.HelmChartContainer - [K3S] [reconciler_common.go:299] "Volume detached for volume \"operator-init\" (UniqueName: \"kubernetes.io/empty-dir/3bdd009f-b36d-4563-a5bc-70578c28a77a-operator-init\") on node \"a51fb6dbb334\" DevicePath \"\""
2025-01-28 20:51:28,197 INFO c.h.h.t.HelmChartContainer - [K3S] [reconciler_common.go:299] "Volume detached for volume \"pod-info\" (UniqueName: \"kubernetes.io/configmap/3bdd009f-b36d-4563-a5bc-70578c28a77a-pod-info\") on node \"a51fb6dbb334\" DevicePath \"\""
2025-01-28 20:51:28,199 INFO c.h.h.t.HelmChartContainer - [hivemq-test-hivemq-platform] [hivemq-platform-operator] [72f36c1a] 20:51:28.192 [pool-6-thread-11] DEBUG c.h.p.o.d.PlatformServiceResource - [helmroll] Desired Platform services (3 services)
2025-01-28 20:51:28,200 INFO c.h.h.t.HelmChartContainer - [hivemq-test-hivemq-platform] [hivemq-platform-operator] [72f36c1a] 20:51:28.195 [pool-6-thread-18] DEBUG c.h.p.o.dependants.PodInfoConfigMap - [helmroll] Desired PodInfo ConfigMap (1 extensions) (1 enabled)
2025-01-28 20:51:28,200 INFO c.h.h.t.HelmChartContainer - [K3S] [reconciler_common.go:299] "Volume detached for volume \"kube-api-access-nxwwm\" (UniqueName: \"kubernetes.io/projected/3bdd009f-b36d-4563-a5bc-70578c28a77a-kube-api-access-nxwwm\") on node \"a51fb6dbb334\" DevicePath \"\""
2025-01-28 20:51:28,200 INFO c.h.h.t.HelmChartContainer - [hivemq-test-hivemq-platform] [hivemq-platform-operator] [72f36c1a] 20:51:28.195 [pool-6-thread-18] DEBUG c.h.p.o.dependants.PodInfoConfigMap - [helmroll] Desired PodInfo ConfigMap (metrics port: 9399) (metrics path: /)
2025-01-28 20:51:28,202 INFO c.h.h.t.HelmChartContainer - [hivemq-test-hivemq-platform] [hivemq-platform-operator] [72f36c1a] 20:51:28.195 [pool-6-thread-18] DEBUG c.h.p.o.dependants.PodInfoConfigMap - [helmroll] Desired PodInfo ConfigMap (extension state hash: -1817474005)
2025-01-28 20:51:28,202 INFO c.h.h.t.HelmChartContainer - [hivemq-test-hivemq-platform] [hivemq-platform-operator] [72f36c1a] 20:51:28.196 [pool-6-thread-18] DEBUG c.h.p.o.dependants.PodInfoConfigMap - [helmroll] Update PodInfo ConfigMap
2025-01-28 20:51:28,245 INFO c.h.h.t.HelmChartContainer - [hivemq-test-hivemq-platform] [hivemq-platform-operator] [72f36c1a] 20:51:28.237 [pool-6-thread-13] DEBUG c.h.p.o.d.PodServiceAccountResource - [helmroll] Desired PodServiceAccountResource (serviceAccountName: hivemq-platform-pod-test-hivemq-platform)
2025-01-28 20:51:28,296 INFO c.h.h.t.HelmChartContainer - [hivemq-test-hivemq-platform] [hivemq-platform-operator] [72f36c1a] 20:51:28.294 [pool-6-thread-18] DEBUG c.h.p.o.d.StatefulSetResource - [helmroll] Desired StatefulSet (1 replicas) for status RUNNING (READY)
2025-01-28 20:51:28,341 INFO c.h.h.t.HelmChartContainer - [hivemq-test-hivemq-platform] [hivemq-platform-operator] [72f36c1a] 20:51:28.337 [ReconcilerExecutor-hivemq-controller-153] INFO  c.h.p.o.HiveMQPlatformReconciler - [helmroll] Reconciling HiveMQ Platform 'test-hivemq-platform' in namespace 'helmrollingupgradeplatformit'
2025-01-28 20:51:28,342 INFO c.h.h.t.HelmChartContainer - [hivemq-test-hivemq-platform] [hivemq-platform-operator] [72f36c1a] 20:51:28.338 [ReconcilerExecutor-hivemq-controller-153] DEBUG c.h.p.o.HiveMQPlatformReconciler - [helmroll] Custom Resource Status RUNNING - HiveMQ Platform is ready (READY)
2025-01-28 20:51:28,345 INFO c.h.h.t.HelmChartContainer - [hivemq-test-hivemq-platform] [hivemq-platform-operator] [72f36c1a] 20:51:28.338 [ReconcilerExecutor-hivemq-controller-153] DEBUG c.h.p.o.HiveMQPlatformReconciler - [helmroll] Custom Resource Spec (replicas: 1) (extensions: 1)
2025-01-28 20:51:28,346 INFO c.h.h.t.HelmChartContainer - [hivemq-test-hivemq-platform] [hivemq-platform-operator] [72f36c1a] 20:51:28.342 [ReconcilerExecutor-hivemq-controller-153] DEBUG c.h.p.o.HiveMQPlatformReconciler - [helmroll] StatefulSet Status (revision: test-hivemq-platform-945c6dcb4, replicas: 2, available: 1, ready: 1, current: 0, updated: 1)
2025-01-28 20:51:28,346 INFO c.h.h.t.HelmChartContainer - [hivemq-test-hivemq-platform] [hivemq-platform-operator] [72f36c1a] 20:51:28.342 [ReconcilerExecutor-hivemq-controller-153] DEBUG c.h.p.o.HiveMQPlatformReconciler - [helmroll] StatefulSet Spec (replicas: 1, init containers: 1, containers: 1, volumes: 3)
2025-01-28 20:51:28,346 INFO c.h.h.t.HelmChartContainer - [hivemq-test-hivemq-platform] [hivemq-platform-operator] [72f36c1a] 20:51:28.344 [ReconcilerExecutor-hivemq-controller-153] DEBUG c.h.p.o.h.HiveMQPlatformReconcilerErrorHandler - [helmroll] Pod 'test-hivemq-platform-0' phase Running
2025-01-28 20:51:28,452 INFO c.h.h.t.HelmChartContainer - [hivemq-test-hivemq-platform] [hivemq-platform-operator] [72f36c1a] 20:51:28.448 [pool-6-thread-29] DEBUG c.h.p.o.d.PlatformServiceResource - [helmroll] Desired Platform services (3 services)
2025-01-28 20:51:28,461 INFO c.h.h.t.HelmChartContainer - [hivemq-test-hivemq-platform] [hivemq-platform-operator] [72f36c1a] 20:51:28.453 [pool-6-thread-21] DEBUG c.h.p.o.dependants.PodInfoConfigMap - [helmroll] Desired PodInfo ConfigMap (1 extensions) (1 enabled)
2025-01-28 20:51:28,461 INFO c.h.h.t.HelmChartContainer - [hivemq-test-hivemq-platform] [hivemq-platform-operator] [72f36c1a] 20:51:28.456 [pool-6-thread-21] DEBUG c.h.p.o.dependants.PodInfoConfigMap - [helmroll] Desired PodInfo ConfigMap (metrics port: 9399) (metrics path: /)
2025-01-28 20:51:28,461 INFO c.h.h.t.HelmChartContainer - [hivemq-test-hivemq-platform] [hivemq-platform-operator] [72f36c1a] 20:51:28.456 [pool-6-thread-21] DEBUG c.h.p.o.dependants.PodInfoConfigMap - [helmroll] Desired PodInfo ConfigMap (extension state hash: -1817474005)
2025-01-28 20:51:28,542 INFO c.h.h.t.HelmChartContainer - [hivemq-test-hivemq-platform] [hivemq-platform-operator] [72f36c1a] 20:51:28.540 [pool-6-thread-21] DEBUG c.h.p.o.d.PodServiceAccountResource - [helmroll] Desired PodServiceAccountResource (serviceAccountName: hivemq-platform-pod-test-hivemq-platform)
2025-01-28 20:51:28,550 INFO c.h.h.t.HelmChartContainer - [hivemq-test-hivemq-platform] [hivemq-platform-operator] [72f36c1a] 20:51:28.548 [pool-6-thread-29] DEBUG c.h.p.o.d.StatefulSetResource - [helmroll] Desired StatefulSet (1 replicas) for status RUNNING (READY)
2025-01-28 20:51:28,561 INFO c.h.h.t.HelmChartContainer - [hivemq-test-hivemq-platform] [hivemq-platform-operator] [72f36c1a] 20:51:28.559 [pool-6-thread-29] DEBUG c.h.p.o.d.StatefulSetResource - [helmroll] Update StatefulSet (replicas: 1 -> 1)
2025-01-28 20:51:28,561 INFO c.h.h.t.HelmChartContainer - [hivemq-test-hivemq-platform] [hivemq-platform-operator] [72f36c1a] 20:51:28.559 [pool-6-thread-29] DEBUG c.h.p.o.d.StatefulSetResource - [helmroll] Detected change in StatefulSet specification (path: /template/metadata/annotations/kubernetes-resource-versions) (actual value: {broker-configuration-v2=-2089688360}) (target value: {broker-configuration-v2=0})
2025-01-28 20:51:28,561 INFO c.h.h.t.HelmChartContainer - [hivemq-test-hivemq-platform] [hivemq-platform-operator] [72f36c1a] 20:51:28.560 [pool-6-thread-29] INFO  c.h.p.o.d.StatefulSetResource - [helmroll] StatefulSet spec was updated, triggering rolling restart
2025-01-28 20:51:28,695 INFO c.h.h.t.HelmChartContainer - [hivemq-test-hivemq-platform] [hivemq-platform-operator] [72f36c1a] 20:51:28.694 [ReconcilerExecutor-hivemq-controller-154] INFO  c.h.p.o.HiveMQPlatformReconciler - [helmroll] Reconciling HiveMQ Platform 'test-hivemq-platform' in namespace 'helmrollingupgradeplatformit'
2025-01-28 20:51:28,696 INFO c.h.h.t.HelmChartContainer - [hivemq-test-hivemq-platform] [hivemq-platform-operator] [72f36c1a] 20:51:28.694 [ReconcilerExecutor-hivemq-controller-154] DEBUG c.h.p.o.HiveMQPlatformReconciler - [helmroll] Custom Resource Status RUNNING - HiveMQ Platform is ready (READY) (reconciliation requests: ROLLING_RESTART, REQUESTS_UPDATED)
2025-01-28 20:51:28,696 INFO c.h.h.t.HelmChartContainer - [hivemq-test-hivemq-platform] [hivemq-platform-operator] [72f36c1a] 20:51:28.694 [ReconcilerExecutor-hivemq-controller-154] DEBUG c.h.p.o.HiveMQPlatformReconciler - [helmroll] Custom Resource Spec (replicas: 1) (extensions: 1)
2025-01-28 20:51:28,696 INFO c.h.h.t.HelmChartContainer - [hivemq-test-hivemq-platform] [hivemq-platform-operator] [72f36c1a] 20:51:28.694 [ReconcilerExecutor-hivemq-controller-154] WARN  c.h.p.o.h.HiveMQPlatformReconcilerErrorHandler - [helmroll] Could not find ConfigMap 'hivemq-configuration-test-hivemq-platform' for HiveMQ Platform configuration
2025-01-28 20:51:28,796 INFO c.h.h.t.HelmChartContainer - [hivemq-test-hivemq-platform] [hivemq-platform-operator] [72f36c1a] 20:51:28.795 [ReconcilerExecutor-hivemq-controller-154] DEBUG c.h.p.operator.event.EventSender - [helmroll] Creating K8s event hivemq-platform-invalid-configuration: [Start] Could not find ConfigMap 'hivemq-configuration-test-hivemq-platform' for HiveMQ Platform configuration
2025-01-28 20:51:28,802 INFO c.h.h.t.HelmChartContainer - [EVENT] Warning [Start] Could not find ConfigMap 'hivemq-configuration-test-hivemq-platform' for HiveMQ Platform configuration [helmrollingupgradeplatformit:test-hivemq-platform]
2025-01-28 20:51:28,803 INFO c.h.h.t.HelmChartContainer - [hivemq-test-hivemq-platform] [hivemq-platform-operator] [72f36c1a] 20:51:28.803 [ReconcilerExecutor-hivemq-controller-154] INFO  c.h.p.o.h.AbstractHiveMQReconcilerStateHandler - [helmroll] Update HiveMQ Platform Status (RUNNING [READY] -> ERROR [INVALID_CONFIG_MAP]): Could not find ConfigMap 'hivemq-configuration-test-hivemq-platform' for HiveMQ Platform configuration (reconciliation requests: ROLLING_RESTART)
2025-01-28 20:51:28,849 INFO c.h.h.t.HelmChartContainer - [hivemq-test-hivemq-platform] [hivemq-platform-operator] [72f36c1a] 20:51:28.844 [ReconcilerExecutor-hivemq-controller-154] ERROR i.j.o.p.event.EventProcessor - Error during event processing ExecutionScope{ resource id: ResourceID{name='test-hivemq-platform', namespace='helmrollingupgradeplatformit'}, version: 1801}
2025-01-28 20:51:28,850 INFO c.h.h.t.HelmChartContainer - [hivemq-test-hivemq-platform] [hivemq-platform-operator] [72f36c1a] io.fabric8.kubernetes.client.KubernetesClientException: Failure executing: PUT at: https://10.43.0.1:443/apis/hivemq.com/v1/namespaces/helmrollingupgradeplatformit/hivemq-platforms/test-hivemq-platform/status. Message: Operation cannot be fulfilled on hivemq-platforms.hivemq.com "test-hivemq-platform": the object has been modified; please apply your changes to the latest version and try again. Received status: Status(apiVersion=v1, code=409, details=StatusDetails(causes=[], group=hivemq.com, kind=hivemq-platforms, name=test-hivemq-platform, retryAfterSeconds=null, uid=null, additionalProperties={}), kind=Status, message=Operation cannot be fulfilled on hivemq-platforms.hivemq.com "test-hivemq-platform": the object has been modified; please apply your changes to the latest version and try again, metadata=ListMeta(_continue=null, remainingItemCount=null, resourceVersion=null, selfLink=null, additionalProperties={}), reason=Conflict, status=Failure, additionalProperties={}).
2025-01-28 20:51:28,850 INFO c.h.h.t.HelmChartContainer - [hivemq-test-hivemq-platform] [hivemq-platform-operator] [72f36c1a] 	at io.fabric8.kubernetes.client.KubernetesClientException.copyAsCause(KubernetesClientException.java:238)
2025-01-28 20:51:28,850 INFO c.h.h.t.HelmChartContainer - [hivemq-test-hivemq-platform] [hivemq-platform-operator] [72f36c1a] 	at io.fabric8.kubernetes.client.dsl.internal.OperationSupport.waitForResult(OperationSupport.java:507)
2025-01-28 20:51:28,850 INFO c.h.h.t.HelmChartContainer - [hivemq-test-hivemq-platform] [hivemq-platform-operator] [72f36c1a] 	at io.fabric8.kubernetes.client.dsl.internal.OperationSupport.handleResponse(OperationSupport.java:524)
2025-01-28 20:51:28,850 INFO c.h.h.t.HelmChartContainer - [hivemq-test-hivemq-platform] [hivemq-platform-operator] [72f36c1a] 	at io.fabric8.kubernetes.client.dsl.internal.OperationSupport.handleUpdate(OperationSupport.java:358)
2025-01-28 20:51:28,850 INFO c.h.h.t.HelmChartContainer - [hivemq-test-hivemq-platform] [hivemq-platform-operator] [72f36c1a] 	at io.fabric8.kubernetes.client.dsl.internal.BaseOperation.handleUpdate(BaseOperation.java:759)
2025-01-28 20:51:28,850 INFO c.h.h.t.HelmChartContainer - [hivemq-test-hivemq-platform] [hivemq-platform-operator] [72f36c1a] 	at io.fabric8.kubernetes.client.dsl.internal.HasMetadataOperation.update(HasMetadataOperation.java:138)
2025-01-28 20:51:28,850 INFO c.h.h.t.HelmChartContainer - [hivemq-test-hivemq-platform] [hivemq-platform-operator] [72f36c1a] 	at io.fabric8.kubernetes.client.dsl.internal.HasMetadataOperation.update(HasMetadataOperation.java:121)
2025-01-28 20:51:28,850 INFO c.h.h.t.HelmChartContainer - [hivemq-test-hivemq-platform] [hivemq-platform-operator] [72f36c1a] 	at io.fabric8.kubernetes.client.dsl.internal.HasMetadataOperation.updateStatus(HasMetadataOperation.java:126)
2025-01-28 20:51:28,850 INFO c.h.h.t.HelmChartContainer - [hivemq-test-hivemq-platform] [hivemq-platform-operator] [72f36c1a] 	at io.fabric8.kubernetes.client.dsl.internal.HasMetadataOperation.updateStatus(HasMetadataOperation.java:44)
2025-01-28 20:51:28,850 INFO c.h.h.t.HelmChartContainer - [hivemq-test-hivemq-platform] [hivemq-platform-operator] [72f36c1a] 	at io.javaoperatorsdk.operator.processing.event.ReconciliationDispatcher$CustomResourceFacade.updateStatus(ReconciliationDispatcher.java:408)
2025-01-28 20:51:28,850 INFO c.h.h.t.HelmChartContainer - [hivemq-test-hivemq-platform] [hivemq-platform-operator] [72f36c1a] 	at io.javaoperatorsdk.operator.processing.event.ReconciliationDispatcher.updateStatusGenerationAware(ReconciliationDispatcher.java:228)
2025-01-28 20:51:28,850 INFO c.h.h.t.HelmChartContainer - [hivemq-test-hivemq-platform] [hivemq-platform-operator] [72f36c1a] 	at io.javaoperatorsdk.operator.processing.event.ReconciliationDispatcher.reconcileExecution(ReconciliationDispatcher.java:150)
2025-01-28 20:51:28,850 INFO c.h.h.t.HelmChartContainer - [hivemq-test-hivemq-platform] [hivemq-platform-operator] [72f36c1a] 	at io.javaoperatorsdk.operator.processing.event.ReconciliationDispatcher.handleReconcile(ReconciliationDispatcher.java:117)
2025-01-28 20:51:28,850 INFO c.h.h.t.HelmChartContainer - [hivemq-test-hivemq-platform] [hivemq-platform-operator] [72f36c1a] 	at io.javaoperatorsdk.operator.processing.event.ReconciliationDispatcher.handleDispatch(ReconciliationDispatcher.java:91)
2025-01-28 20:51:28,850 INFO c.h.h.t.HelmChartContainer - [hivemq-test-hivemq-platform] [hivemq-platform-operator] [72f36c1a] 	at io.javaoperatorsdk.operator.processing.event.ReconciliationDispatcher.handleExecution(ReconciliationDispatcher.java:64)
2025-01-28 20:51:28,850 INFO c.h.h.t.HelmChartContainer - [hivemq-test-hivemq-platform] [hivemq-platform-operator] [72f36c1a] 	at io.javaoperatorsdk.operator.processing.event.EventProcessor$ReconcilerExecutor.run(EventProcessor.java:452)
2025-01-28 20:51:28,850 INFO c.h.h.t.HelmChartContainer - [hivemq-test-hivemq-platform] [hivemq-platform-operator] [72f36c1a] 	at java.base/java.util.concurrent.ThreadPoolExecutor.runWorker(Unknown Source)
2025-01-28 20:51:28,850 INFO c.h.h.t.HelmChartContainer - [hivemq-test-hivemq-platform] [hivemq-platform-operator] [72f36c1a] 	at java.base/java.util.concurrent.ThreadPoolExecutor$Worker.run(Unknown Source)
2025-01-28 20:51:28,850 INFO c.h.h.t.HelmChartContainer - [hivemq-test-hivemq-platform] [hivemq-platform-operator] [72f36c1a] 	at java.base/java.lang.Thread.run(Unknown Source)
2025-01-28 20:51:28,850 INFO c.h.h.t.HelmChartContainer - [hivemq-test-hivemq-platform] [hivemq-platform-operator] [72f36c1a] Caused by: io.fabric8.kubernetes.client.KubernetesClientException: Failure executing: PUT at: https://10.43.0.1:443/apis/hivemq.com/v1/namespaces/helmrollingupgradeplatformit/hivemq-platforms/test-hivemq-platform/status. Message: Operation cannot be fulfilled on hivemq-platforms.hivemq.com "test-hivemq-platform": the object has been modified; please apply your changes to the latest version and try again. Received status: Status(apiVersion=v1, code=409, details=StatusDetails(causes=[], group=hivemq.com, kind=hivemq-platforms, name=test-hivemq-platform, retryAfterSeconds=null, uid=null, additionalProperties={}), kind=Status, message=Operation cannot be fulfilled on hivemq-platforms.hivemq.com "test-hivemq-platform": the object has been modified; please apply your changes to the latest version and try again, metadata=ListMeta(_continue=null, remainingItemCount=null, resourceVersion=null, selfLink=null, additionalProperties={}), reason=Conflict, status=Failure, additionalProperties={}).
2025-01-28 20:51:28,850 INFO c.h.h.t.HelmChartContainer - [hivemq-test-hivemq-platform] [hivemq-platform-operator] [72f36c1a] 	at io.fabric8.kubernetes.client.dsl.internal.OperationSupport.requestFailure(OperationSupport.java:660)
2025-01-28 20:51:28,850 INFO c.h.h.t.HelmChartContainer - [hivemq-test-hivemq-platform] [hivemq-platform-operator] [72f36c1a] 	at io.fabric8.kubernetes.client.dsl.internal.OperationSupport.requestFailure(OperationSupport.java:640)
2025-01-28 20:51:28,852 INFO c.h.h.t.HelmChartContainer - [hivemq-test-hivemq-platform] [hivemq-platform-operator] [72f36c1a] 	at io.fabric8.kubernetes.client.dsl.internal.OperationSupport.assertResponseCode(OperationSupport.java:589)
2025-01-28 20:51:28,852 INFO c.h.h.t.HelmChartContainer - [hivemq-test-hivemq-platform] [hivemq-platform-operator] [72f36c1a] 	at io.fabric8.kubernetes.client.dsl.internal.OperationSupport.lambda$handleResponse$0(OperationSupport.java:549)
2025-01-28 20:51:28,852 INFO c.h.h.t.HelmChartContainer - [hivemq-test-hivemq-platform] [hivemq-platform-operator] [72f36c1a] 	at java.base/java.util.concurrent.CompletableFuture$UniApply.tryFire(Unknown Source)
2025-01-28 20:51:28,852 INFO c.h.h.t.HelmChartContainer - [hivemq-test-hivemq-platform] [hivemq-platform-operator] [72f36c1a] 	at java.base/java.util.concurrent.CompletableFuture.postComplete(Unknown Source)
2025-01-28 20:51:28,852 INFO c.h.h.t.HelmChartContainer - [hivemq-test-hivemq-platform] [hivemq-platform-operator] [72f36c1a] 	at java.base/java.util.concurrent.CompletableFuture.complete(Unknown Source)
2025-01-28 20:51:28,852 INFO c.h.h.t.HelmChartContainer - [hivemq-test-hivemq-platform] [hivemq-platform-operator] [72f36c1a] 	at io.fabric8.kubernetes.client.http.StandardHttpClient.lambda$completeOrCancel$10(StandardHttpClient.java:141)
2025-01-28 20:51:28,852 INFO c.h.h.t.HelmChartContainer - [hivemq-test-hivemq-platform] [hivemq-platform-operator] [72f36c1a] 	at java.base/java.util.concurrent.CompletableFuture.uniWhenComplete(Unknown Source)
2025-01-28 20:51:28,852 INFO c.h.h.t.HelmChartContainer - [hivemq-test-hivemq-platform] [hivemq-platform-operator] [72f36c1a] 	at java.base/java.util.concurrent.CompletableFuture$UniWhenComplete.tryFire(Unknown Source)
2025-01-28 20:51:28,852 INFO c.h.h.t.HelmChartContainer - [hivemq-test-hivemq-platform] [hivemq-platform-operator] [72f36c1a] 	at java.base/java.util.concurrent.CompletableFuture.postComplete(Unknown Source)
2025-01-28 20:51:28,852 INFO c.h.h.t.HelmChartContainer - [hivemq-test-hivemq-platform] [hivemq-platform-operator] [72f36c1a] 	at java.base/java.util.concurrent.CompletableFuture.complete(Unknown Source)
2025-01-28 20:51:28,852 INFO c.h.h.t.HelmChartContainer - [hivemq-test-hivemq-platform] [hivemq-platform-operator] [72f36c1a] 	at io.fabric8.kubernetes.client.http.ByteArrayBodyHandler.onBodyDone(ByteArrayBodyHandler.java:51)
2025-01-28 20:51:28,852 INFO c.h.h.t.HelmChartContainer - [hivemq-test-hivemq-platform] [hivemq-platform-operator] [72f36c1a] 	at java.base/java.util.concurrent.CompletableFuture.uniWhenComplete(Unknown Source)
2025-01-28 20:51:28,852 INFO c.h.h.t.HelmChartContainer - [hivemq-test-hivemq-platform] [hivemq-platform-operator] [72f36c1a] 	at java.base/java.util.concurrent.CompletableFuture$UniWhenComplete.tryFire(Unknown Source)
2025-01-28 20:51:28,852 INFO c.h.h.t.HelmChartContainer - [hivemq-test-hivemq-platform] [hivemq-platform-operator] [72f36c1a] 	at java.base/java.util.concurrent.CompletableFuture.postComplete(Unknown Source)
2025-01-28 20:51:28,852 INFO c.h.h.t.HelmChartContainer - [hivemq-test-hivemq-platform] [hivemq-platform-operator] [72f36c1a] 	at java.base/java.util.concurrent.CompletableFuture.complete(Unknown Source)
2025-01-28 20:51:28,852 INFO c.h.h.t.HelmChartContainer - [hivemq-test-hivemq-platform] [hivemq-platform-operator] [72f36c1a] 	at io.fabric8.kubernetes.client.vertx.VertxHttpRequest.lambda$null$1(VertxHttpRequest.java:121)
2025-01-28 20:51:28,852 INFO c.h.h.t.HelmChartContainer - [hivemq-test-hivemq-platform] [hivemq-platform-operator] [72f36c1a] 	at io.vertx.core.impl.ContextInternal.dispatch(ContextInternal.java:279)
2025-01-28 20:51:28,852 INFO c.h.h.t.HelmChartContainer - [hivemq-test-hivemq-platform] [hivemq-platform-operator] [72f36c1a] 	at io.vertx.core.impl.ContextInternal.dispatch(ContextInternal.java:261)
2025-01-28 20:51:28,852 INFO c.h.h.t.HelmChartContainer - [hivemq-test-hivemq-platform] [hivemq-platform-operator] [72f36c1a] 	at io.vertx.core.http.impl.HttpEventHandler.handleEnd(HttpEventHandler.java:76)
2025-01-28 20:51:28,852 INFO c.h.h.t.HelmChartContainer - [hivemq-test-hivemq-platform] [hivemq-platform-operator] [72f36c1a] 	at io.vertx.core.http.impl.HttpClientResponseImpl.handleEnd(HttpClientResponseImpl.java:250)
2025-01-28 20:51:28,852 INFO c.h.h.t.HelmChartContainer - [hivemq-test-hivemq-platform] [hivemq-platform-operator] [72f36c1a] 	at io.vertx.core.http.impl.Http1xClientConnection$StreamImpl.lambda$new$0(Http1xClientConnection.java:421)
2025-01-28 20:51:28,852 INFO c.h.h.t.HelmChartContainer - [hivemq-test-hivemq-platform] [hivemq-platform-operator] [72f36c1a] 	at io.vertx.core.streams.impl.InboundBuffer.handleEvent(InboundBuffer.java:279)
2025-01-28 20:51:28,852 INFO c.h.h.t.HelmChartContainer - [hivemq-test-hivemq-platform] [hivemq-platform-operator] [72f36c1a] 	at io.vertx.core.streams.impl.InboundBuffer.write(InboundBuffer.java:157)
2025-01-28 20:51:28,852 INFO c.h.h.t.HelmChartContainer - [hivemq-test-hivemq-platform] [hivemq-platform-operator] [72f36c1a] 	at io.vertx.core.http.impl.Http1xClientConnection$StreamImpl.handleEnd(Http1xClientConnection.java:709)
2025-01-28 20:51:28,852 INFO c.h.h.t.HelmChartContainer - [hivemq-test-hivemq-platform] [hivemq-platform-operator] [72f36c1a] 	at io.vertx.core.impl.ContextImpl.lambda$execute$4(ContextImpl.java:315)
2025-01-28 20:51:28,852 INFO c.h.h.t.HelmChartContainer - [hivemq-test-hivemq-platform] [hivemq-platform-operator] [72f36c1a] 	at io.netty.util.concurrent.AbstractEventExecutor.runTask(AbstractEventExecutor.java:173)
2025-01-28 20:51:28,852 INFO c.h.h.t.HelmChartContainer - [hivemq-test-hivemq-platform] [hivemq-platform-operator] [72f36c1a] 	at io.netty.util.concurrent.AbstractEventExecutor.safeExecute(AbstractEventExecutor.java:166)
2025-01-28 20:51:28,852 INFO c.h.h.t.HelmChartContainer - [hivemq-test-hivemq-platform] [hivemq-platform-operator] [72f36c1a] 	at io.netty.util.concurrent.SingleThreadEventExecutor.runAllTasks(SingleThreadEventExecutor.java:472)
2025-01-28 20:51:28,852 INFO c.h.h.t.HelmChartContainer - [hivemq-test-hivemq-platform] [hivemq-platform-operator] [72f36c1a] 	at io.netty.channel.nio.NioEventLoop.run(NioEventLoop.java:569)
2025-01-28 20:51:28,852 INFO c.h.h.t.HelmChartContainer - [hivemq-test-hivemq-platform] [hivemq-platform-operator] [72f36c1a] 	at io.netty.util.concurrent.SingleThreadEventExecutor$4.run(SingleThreadEventExecutor.java:997)
2025-01-28 20:51:28,852 INFO c.h.h.t.HelmChartContainer - [hivemq-test-hivemq-platform] [hivemq-platform-operator] [72f36c1a] 	at io.netty.util.internal.ThreadExecutorMap$2.run(ThreadExecutorMap.java:74)
2025-01-28 20:51:28,852 INFO c.h.h.t.HelmChartContainer - [hivemq-test-hivemq-platform] [hivemq-platform-operator] [72f36c1a] 	at io.netty.util.concurrent.FastThreadLocalRunnable.run(FastThreadLocalRunnable.java:30)
2025-01-28 20:51:28,852 INFO c.h.h.t.HelmChartContainer - [hivemq-test-hivemq-platform] [hivemq-platform-operator] [72f36c1a] 	... 1 common frames omitted
2025-01-28 20:51:28,855 INFO c.h.h.t.HelmChartContainer - [K3S] [scope.go:117] "RemoveContainer" containerID="baac92f79fb81ad962afa10dff35c509f582258a5514a99d08be751d111d64bc"
2025-01-28 20:51:28,855 INFO c.h.h.t.HelmChartContainer - [hivemq-test-hivemq-platform] [hivemq-platform-operator] [72f36c1a] 20:51:28.854 [ReconcilerExecutor-hivemq-controller-163] INFO  c.h.p.o.HiveMQPlatformReconciler - [helmroll] Cleanup test-hivemq-platform - helmrollingupgradeplatformit HiveMQ Platform is shut down
2025-01-28 20:51:28,868 INFO c.h.h.t.HelmChartContainer - [POD] test-hivemq-platform-1 [3bdd009f-b36d-4563-a5bc-70578c28a77a] in helmrollingupgradeplatformit was MODIFIED
2025-01-28 20:51:28,869 INFO c.h.h.t.HelmChartContainer - [POD] test-hivemq-platform-1 [3bdd009f-b36d-4563-a5bc-70578c28a77a] in helmrollingupgradeplatformit was DELETED
2025-01-28 20:51:28,980 INFO c.h.h.t.HelmChartContainer - [K3S] [scope.go:117] "RemoveContainer" containerID="08b5a18868b300b605edc45118f1dc0b88d53661d4ccb18751abb787334b916f"
2025-01-28 20:51:28,984 INFO c.h.h.t.HelmChartContainer - [K3S] [scope.go:117] "RemoveContainer" containerID="baac92f79fb81ad962afa10dff35c509f582258a5514a99d08be751d111d64bc"
2025-01-28 20:51:28,985 INFO c.h.h.t.HelmChartContainer - [K3S] [scope.go:117] "RemoveContainer" containerID="08b5a18868b300b605edc45118f1dc0b88d53661d4ccb18751abb787334b916f"
2025-01-28 20:51:29,338 INFO c.h.h.t.HelmChartContainer - [POD] test-hivemq-platform-0 [3b8ff019-dcde-4525-b743-d57b7bcf056f] in helmrollingupgradeplatformit was MODIFIED
2025-01-28 20:51:29,339 INFO c.h.h.t.HelmChartContainer - [EVENT] Normal [Killing] Stopping container hivemq [helmrollingupgradeplatformit:test-hivemq-platform-0]
2025-01-28 20:51:29,339 INFO c.h.h.t.HelmChartContainer - Received Killing event for container hivemq in pod test-hivemq-platform-0 [3b8ff019-dcde-4525-b743-d57b7bcf056f]
2025-01-28 20:51:29,339 INFO c.h.h.t.HelmChartContainer - Container [test-hivemq-platform-0] [hivemq] [3b8ff019-dcde-4525-b743-d57b7bcf056f] was terminated
2025-01-28 20:51:29,340 INFO c.h.h.t.HelmChartContainer - Stopped log watcher for hivemq in pod test-hivemq-platform-0 [3b8ff019-dcde-4525-b743-d57b7bcf056f]
2025-01-28 20:51:29,346 INFO c.h.h.t.HelmChartContainer - [test-hivemq-platform] [hivemq] [3b8ff019] INFO  - [HiveMQ Platform Operator Init App 1.7.0-SNAPSHOT] Shutting down
2025-01-28 20:51:29,348 INFO c.h.h.t.HelmChartContainer - [test-hivemq-platform] [hivemq] [3b8ff019] INFO  - [HiveMQ Platform Operator Init App 1.7.0-SNAPSHOT] Stopping the HiveMQ Platform
2025-01-28 20:51:29,544 INFO c.h.h.t.HelmChartContainer - [test-hivemq-platform] [hivemq] [3b8ff019] INFO  - Shutting down HiveMQ. Please wait, this could take a while...
2025-01-28 20:51:29,629 INFO c.h.h.t.HelmChartContainer - [test-hivemq-platform] [hivemq] [3b8ff019] INFO  - Shutting down listeners and clients
2025-01-28 20:51:29,631 INFO c.h.h.t.HelmChartContainer - [test-hivemq-platform] [hivemq] [3b8ff019] INFO  - Shutdown of listeners is done
2025-01-28 20:51:29,632 INFO c.h.h.t.HelmChartContainer - [test-hivemq-platform] [hivemq] [3b8ff019] INFO  - No clients are connected, proceeding with shutdown
2025-01-28 20:51:30,361 INFO c.h.h.t.HelmChartContainer - [test-hivemq-platform] [hivemq] [3b8ff019] INFO  - [HiveMQ Platform Operator Init App 1.7.0-SNAPSHOT] Returning shutdown Health API response 503 for readiness
2025-01-28 20:51:30,367 INFO c.h.h.t.HelmChartContainer - [EVENT] Warning [Unhealthy] Readiness probe failed: HTTP probe failed with statuscode: 503 [helmrollingupgradeplatformit:test-hivemq-platform-0]
2025-01-28 20:51:30,367 INFO c.h.h.t.HelmChartContainer - Received Unhealthy event for container hivemq in pod test-hivemq-platform-0 [3b8ff019-dcde-4525-b743-d57b7bcf056f]
2025-01-28 20:51:30,563 INFO c.h.h.t.HelmChartContainer - Deleting namespace 'helmrollingupgradeplatformit'...
2025-01-28 20:51:30,577 INFO c.h.h.t.HelmChartContainer - [K3S] [kubelet_volumes.go:163] "Cleaned up orphaned pod volumes dir" podUID="3bdd009f-b36d-4563-a5bc-70578c28a77a" path="/var/lib/kubelet/pods/3bdd009f-b36d-4563-a5bc-70578c28a77a/volumes"
2025-01-28 20:51:31,308 INFO c.h.h.t.HelmChartContainer - [K3S] [authentication.go:74] "Unable to authenticate the request" err="[invalid bearer token, serviceaccounts \"hivemq-platform-pod-test-hivemq-platform\" not found]"
2025-01-28 20:51:31,332 INFO c.h.h.t.HelmChartContainer - [K3S] [authentication.go:74] "Unable to authenticate the request" err="[invalid bearer token, serviceaccounts \"hivemq-platform-pod-test-hivemq-platform\" not found]"
2025-01-28 20:51:31,390 INFO c.h.h.t.HelmChartContainer - [test-hivemq-platform] [hivemq] [3b8ff019] WARN  - [HiveMQ Platform Operator Init App 1.7.0-SNAPSHOT] Could not update Pod annotations: Failure executing: GET at: https://10.43.0.1:443/api/v1/namespaces/helmrollingupgradeplatformit/pods/test-hivemq-platform-0. Message: Unauthorized. Received status: Status(apiVersion=v1, code=401, details=null, kind=Status, message=Unauthorized, metadata=ListMeta(_continue=null, remainingItemCount=null, resourceVersion=null, selfLink=null, additionalProperties={}), reason=Unauthorized, status=Failure, additionalProperties={}).
2025-01-28 20:51:32,637 INFO c.h.h.t.HelmChartContainer - [test-hivemq-platform] [hivemq] [3b8ff019] INFO  - Shutting down extension system
2025-01-28 20:51:32,644 INFO c.h.h.t.HelmChartContainer - [test-hivemq-platform] [hivemq] [3b8ff019] INFO  - Stopping extension with id hivemq-dns-cluster-discovery
2025-01-28 20:51:32,645 INFO c.h.h.t.HelmChartContainer - [test-hivemq-platform] [hivemq] [3b8ff019] INFO  - Extension "DNS Cluster Discovery Extension" version 4.3.2 stopped successfully.
2025-01-28 20:51:32,646 INFO c.h.h.t.HelmChartContainer - [test-hivemq-platform] [hivemq] [3b8ff019] INFO  - Stopping extension with id hivemq-prometheus-extension
2025-01-28 20:51:32,651 INFO c.h.h.t.HelmChartContainer - [test-hivemq-platform] [hivemq] [3b8ff019] INFO  - Extension "Prometheus Monitoring Extension" version 4.0.12 stopped successfully.
2025-01-28 20:51:32,651 INFO c.h.h.t.HelmChartContainer - [test-hivemq-platform] [hivemq] [3b8ff019] INFO  - Stopping extension with id hivemq-allow-all-extension
2025-01-28 20:51:32,651 INFO c.h.h.t.HelmChartContainer - [test-hivemq-platform] [hivemq] [3b8ff019] INFO  - Extension "Allow All Extension" version 1.1.1 stopped successfully.
2025-01-28 20:51:35,084 INFO c.h.h.t.HelmChartContainer - [test-hivemq-platform] [hivemq] [3b8ff019] INFO  - Shutdown completed.
2025-01-28 20:51:35,367 INFO c.h.h.t.HelmChartContainer - [EVENT] Warning [Unhealthy] Readiness probe failed: HTTP probe failed with statuscode: 503 [helmrollingupgradeplatformit:test-hivemq-platform-0]
2025-01-28 20:51:35,367 INFO c.h.h.t.HelmChartContainer - Received Unhealthy event for container hivemq in pod test-hivemq-platform-0 [3b8ff019-dcde-4525-b743-d57b7bcf056f]
2025-01-28 20:51:35,480 INFO c.h.h.t.HelmChartContainer - [test-hivemq-platform] [hivemq] [3b8ff019] INFO  - [HiveMQ Platform Operator Init App 1.7.0-SNAPSHOT] The HiveMQ Platform exited with code 143
2025-01-28 20:51:35,480 INFO c.h.h.t.HelmChartContainer - [test-hivemq-platform] [hivemq] [3b8ff019] INFO  - [HiveMQ Platform Operator Init App 1.7.0-SNAPSHOT] Stopping the REST API
2025-01-28 20:51:35,487 INFO c.h.h.t.HelmChartContainer - [test-hivemq-platform] [hivemq] [3b8ff019] INFO  - [HiveMQ Platform Operator Init App 1.7.0-SNAPSHOT] Shutdown complete
2025-01-28 20:51:35,628 INFO c.h.h.t.HelmChartContainer - [K3S] [stateful_set.go:466] "StatefulSet has been deleted" key="helmrollingupgradeplatformit/test-hivemq-platform"
2025-01-28 20:51:35,973 INFO c.h.h.t.HelmChartContainer - [POD] test-hivemq-platform-0 [3b8ff019-dcde-4525-b743-d57b7bcf056f] in helmrollingupgradeplatformit was MODIFIED
2025-01-28 20:51:36,047 INFO c.h.h.t.HelmChartContainer - [K3S] [reconciler_common.go:162] "operationExecutor.UnmountVolume started for volume \"operator-init\" (UniqueName: \"kubernetes.io/empty-dir/3b8ff019-dcde-4525-b743-d57b7bcf056f-operator-init\") pod \"3b8ff019-dcde-4525-b743-d57b7bcf056f\" (UID: \"3b8ff019-dcde-4525-b743-d57b7bcf056f\") "
2025-01-28 20:51:36,048 INFO c.h.h.t.HelmChartContainer - [K3S] [reconciler_common.go:162] "operationExecutor.UnmountVolume started for volume \"broker-configuration\" (UniqueName: \"kubernetes.io/configmap/3b8ff019-dcde-4525-b743-d57b7bcf056f-broker-configuration\") pod \"3b8ff019-dcde-4525-b743-d57b7bcf056f\" (UID: \"3b8ff019-dcde-4525-b743-d57b7bcf056f\") "
2025-01-28 20:51:36,048 INFO c.h.h.t.HelmChartContainer - [K3S] [reconciler_common.go:162] "operationExecutor.UnmountVolume started for volume \"pod-info\" (UniqueName: \"kubernetes.io/configmap/3b8ff019-dcde-4525-b743-d57b7bcf056f-pod-info\") pod \"3b8ff019-dcde-4525-b743-d57b7bcf056f\" (UID: \"3b8ff019-dcde-4525-b743-d57b7bcf056f\") "
2025-01-28 20:51:36,048 INFO c.h.h.t.HelmChartContainer - [K3S] [reconciler_common.go:162] "operationExecutor.UnmountVolume started for volume \"kube-api-access-5x9mw\" (UniqueName: \"kubernetes.io/projected/3b8ff019-dcde-4525-b743-d57b7bcf056f-kube-api-access-5x9mw\") pod \"3b8ff019-dcde-4525-b743-d57b7bcf056f\" (UID: \"3b8ff019-dcde-4525-b743-d57b7bcf056f\") "
2025-01-28 20:51:36,148 INFO c.h.h.t.HelmChartContainer - [K3S] [reconciler_common.go:299] "Volume detached for volume \"broker-configuration\" (UniqueName: \"kubernetes.io/configmap/3b8ff019-dcde-4525-b743-d57b7bcf056f-broker-configuration\") on node \"a51fb6dbb334\" DevicePath \"\""
2025-01-28 20:51:36,148 INFO c.h.h.t.HelmChartContainer - [K3S] [reconciler_common.go:299] "Volume detached for volume \"pod-info\" (UniqueName: \"kubernetes.io/configmap/3b8ff019-dcde-4525-b743-d57b7bcf056f-pod-info\") on node \"a51fb6dbb334\" DevicePath \"\""
2025-01-28 20:51:36,148 INFO c.h.h.t.HelmChartContainer - [K3S] [reconciler_common.go:299] "Volume detached for volume \"kube-api-access-5x9mw\" (UniqueName: \"kubernetes.io/projected/3b8ff019-dcde-4525-b743-d57b7bcf056f-kube-api-access-5x9mw\") on node \"a51fb6dbb334\" DevicePath \"\""
2025-01-28 20:51:36,148 INFO c.h.h.t.HelmChartContainer - [K3S] [reconciler_common.go:299] "Volume detached for volume \"operator-init\" (UniqueName: \"kubernetes.io/empty-dir/3b8ff019-dcde-4525-b743-d57b7bcf056f-operator-init\") on node \"a51fb6dbb334\" DevicePath \"\""
2025-01-28 20:51:36,866 INFO c.h.h.t.HelmChartContainer - [K3S] [scope.go:117] "RemoveContainer" containerID="1aee43d11d9f3b7a4beebb2cde4c17f34d0ec285df7a0097d8fe3daea3f3c40f"
2025-01-28 20:51:36,881 INFO c.h.h.t.HelmChartContainer - [POD] test-hivemq-platform-0 [3b8ff019-dcde-4525-b743-d57b7bcf056f] in helmrollingupgradeplatformit was MODIFIED
2025-01-28 20:51:36,884 INFO c.h.h.t.HelmChartContainer - [POD] test-hivemq-platform-0 [3b8ff019-dcde-4525-b743-d57b7bcf056f] in helmrollingupgradeplatformit was DELETED
2025-01-28 20:51:36,984 INFO c.h.h.t.HelmChartContainer - [K3S] [scope.go:117] "RemoveContainer" containerID="da7fe41d195f17e8e3370ede3a020db31973db4b158617e536cd26231076e759"
2025-01-28 20:51:36,988 INFO c.h.h.t.HelmChartContainer - [K3S] [scope.go:117] "RemoveContainer" containerID="1aee43d11d9f3b7a4beebb2cde4c17f34d0ec285df7a0097d8fe3daea3f3c40f"
2025-01-28 20:51:36,988 INFO c.h.h.t.HelmChartContainer - [K3S] [scope.go:117] "RemoveContainer" containerID="da7fe41d195f17e8e3370ede3a020db31973db4b158617e536cd26231076e759"
2025-01-28 20:51:38,574 INFO c.h.h.t.HelmChartContainer - [K3S] [kubelet_volumes.go:163] "Cleaned up orphaned pod volumes dir" podUID="3b8ff019-dcde-4525-b743-d57b7bcf056f" path="/var/lib/kubelet/pods/3b8ff019-dcde-4525-b743-d57b7bcf056f/volumes"
2025-01-28 20:51:41,000 INFO c.h.h.t.HelmChartContainer - Namespace 'helmrollingupgradeplatformit' deleted
2025-01-28 20:51:41,000 INFO c.h.h.t.HelmChartContainer - Release 'test-hivemq-platform' in namespace 'helmrollingupgradeplatformit' is uninstalled
2025-01-28 20:51:41,000 INFO c.h.h.t.HelmChartContainer - Uninstalling release 'test-hivemq-platform-operator' in namespace 'helmrollingupgradeplatformit-operator'...
2025-01-28 20:51:41,000 DEBUG c.h.h.t.HelmChartContainer - Executing helm command: /bin/helm --kubeconfig /etc/rancher/k3s/k3s.yaml uninstall test-hivemq-platform-operator  --wait --timeout 5m0s --cascade foreground --namespace helmrollingupgradeplatformit-operator
2025-01-28 20:51:41,186 INFO c.h.h.t.HelmChartContainer - [K3S] [replica_set.go:679] "Finished syncing" kind="ReplicaSet" key="helmrollingupgradeplatformit-operator/hivemq-test-hivemq-platform-operator-6966f96d65" duration="10.432072ms"
2025-01-28 20:51:41,187 INFO c.h.h.t.HelmChartContainer - [K3S] [replica_set.go:679] "Finished syncing" kind="ReplicaSet" key="helmrollingupgradeplatformit-operator/hivemq-test-hivemq-platform-operator-6966f96d65" duration="33.182µs"
2025-01-28 20:51:41,203 INFO c.h.h.t.HelmChartContainer - [POD] hivemq-test-hivemq-platform-operator-6966f96d65-ks7hq [72f36c1a-afcd-4490-84df-79666b8ed0c4] in helmrollingupgradeplatformit-operator was MODIFIED
2025-01-28 20:51:41,216 INFO c.h.h.t.HelmChartContainer - [EVENT] Normal [Killing] Stopping container hivemq-platform-operator [helmrollingupgradeplatformit-operator:hivemq-test-hivemq-platform-operator-6966f96d65-ks7hq]
2025-01-28 20:51:41,218 INFO c.h.h.t.HelmChartContainer - Received Killing event for container hivemq-platform-operator in pod hivemq-test-hivemq-platform-operator-6966f96d65-ks7hq [72f36c1a-afcd-4490-84df-79666b8ed0c4]
2025-01-28 20:51:41,218 INFO c.h.h.t.HelmChartContainer - Container [hivemq-test-hivemq-platform-operator-6966f96d65-ks7hq] [hivemq-platform-operator] [72f36c1a-afcd-4490-84df-79666b8ed0c4] was terminated
2025-01-28 20:51:41,218 INFO c.h.h.t.HelmChartContainer - Stopped log watcher for hivemq-platform-operator in pod hivemq-test-hivemq-platform-operator-6966f96d65-ks7hq [72f36c1a-afcd-4490-84df-79666b8ed0c4]
2025-01-28 20:51:41,223 INFO c.h.h.t.HelmChartContainer - [hivemq-test-hivemq-platform] [hivemq-platform-operator] [72f36c1a] 20:51:41.219 [application-shutdown-thread] INFO  c.h.p.o.HiveMQPlatformOperatorApplication - HiveMQ Platform Operator is stopping...
2025-01-28 20:51:41,224 INFO c.h.h.t.HelmChartContainer - [hivemq-test-hivemq-platform] [hivemq-platform-operator] [72f36c1a] 20:51:41.219 [application-shutdown-thread] INFO  i.javaoperatorsdk.operator.Operator - Operator SDK 4.9.7 is shutting down...
2025-01-28 20:51:41,235 INFO c.h.h.t.HelmChartContainer - [K3S] [replica_set.go:679] "Finished syncing" kind="ReplicaSet" key="helmrollingupgradeplatformit-operator/hivemq-test-hivemq-platform-operator-6966f96d65" duration="34.083032ms"
2025-01-28 20:51:41,237 INFO c.h.h.t.HelmChartContainer - [K3S] [replica_set.go:679] "Finished syncing" kind="ReplicaSet" key="helmrollingupgradeplatformit-operator/hivemq-test-hivemq-platform-operator-6966f96d65" duration="31.399µs"
2025-01-28 20:51:41,867 INFO c.h.h.t.HelmChartContainer - [K3S] [replica_set.go:679] "Finished syncing" kind="ReplicaSet" key="helmrollingupgradeplatformit-operator/hivemq-test-hivemq-platform-operator-6966f96d65" duration="64.071µs"
2025-01-28 20:51:41,868 INFO c.h.h.t.HelmChartContainer - [POD] hivemq-test-hivemq-platform-operator-6966f96d65-ks7hq [72f36c1a-afcd-4490-84df-79666b8ed0c4] in helmrollingupgradeplatformit-operator was MODIFIED
2025-01-28 20:51:41,875 INFO c.h.h.t.HelmChartContainer - [K3S] [scope.go:117] "RemoveContainer" containerID="ac470e158e2f4adcf654721890b091ab3a12efba0aace55a1e8a029e6d21e76a"
2025-01-28 20:51:41,879 INFO c.h.h.t.HelmChartContainer - [K3S] [scope.go:117] "RemoveContainer" containerID="ac470e158e2f4adcf654721890b091ab3a12efba0aace55a1e8a029e6d21e76a"
2025-01-28 20:51:41,979 INFO c.h.h.t.HelmChartContainer - [K3S] [reconciler_common.go:162] "operationExecutor.UnmountVolume started for volume \"kube-api-access-ndq9c\" (UniqueName: \"kubernetes.io/projected/72f36c1a-afcd-4490-84df-79666b8ed0c4-kube-api-access-ndq9c\") pod \"72f36c1a-afcd-4490-84df-79666b8ed0c4\" (UID: \"72f36c1a-afcd-4490-84df-79666b8ed0c4\") "
2025-01-28 20:51:42,080 INFO c.h.h.t.HelmChartContainer - [K3S] [reconciler_common.go:299] "Volume detached for volume \"kube-api-access-ndq9c\" (UniqueName: \"kubernetes.io/projected/72f36c1a-afcd-4490-84df-79666b8ed0c4-kube-api-access-ndq9c\") on node \"a51fb6dbb334\" DevicePath \"\""
2025-01-28 20:51:42,190 INFO c.h.h.t.HelmChartContainer - [K3S] [replica_set.go:679] "Finished syncing" kind="ReplicaSet" key="helmrollingupgradeplatformit-operator/hivemq-test-hivemq-platform-operator-6966f96d65" duration="59.823µs"
2025-01-28 20:51:42,190 INFO c.h.h.t.HelmChartContainer - [POD] hivemq-test-hivemq-platform-operator-6966f96d65-ks7hq [72f36c1a-afcd-4490-84df-79666b8ed0c4] in helmrollingupgradeplatformit-operator was MODIFIED
2025-01-28 20:51:42,192 INFO c.h.h.t.HelmChartContainer - [K3S] [replica_set.go:679] "Finished syncing" kind="ReplicaSet" key="helmrollingupgradeplatformit-operator/hivemq-test-hivemq-platform-operator-6966f96d65" duration="72.637µs"
2025-01-28 20:51:42,193 INFO c.h.h.t.HelmChartContainer - [POD] hivemq-test-hivemq-platform-operator-6966f96d65-ks7hq [72f36c1a-afcd-4490-84df-79666b8ed0c4] in helmrollingupgradeplatformit-operator was DELETED
2025-01-28 20:51:42,205 INFO c.h.h.t.HelmChartContainer - [K3S] [replica_set.go:679] "Finished syncing" kind="ReplicaSet" key="helmrollingupgradeplatformit-operator/hivemq-test-hivemq-platform-operator-6966f96d65" duration="7.634µs"
2025-01-28 20:51:42,574 INFO c.h.h.t.HelmChartContainer - [K3S] [kubelet_volumes.go:163] "Cleaned up orphaned pod volumes dir" podUID="72f36c1a-afcd-4490-84df-79666b8ed0c4" path="/var/lib/kubelet/pods/72f36c1a-afcd-4490-84df-79666b8ed0c4/volumes"
2025-01-28 20:51:43,235 INFO c.h.h.t.HelmChartContainer - Deleting namespace 'helmrollingupgradeplatformit-operator'...
2025-01-28 20:51:45,963 INFO c.h.h.t.HelmChartContainer - [K3S] [namespace_controller.go:187] "Namespace has been deleted" namespace="helmrollingupgradeplatformit"
2025-01-28 20:51:48,455 INFO c.h.h.t.HelmChartContainer - Namespace 'helmrollingupgradeplatformit-operator' deleted
2025-01-28 20:51:48,455 INFO c.h.h.t.HelmChartContainer - Release 'test-hivemq-platform-operator' in namespace 'helmrollingupgradeplatformit-operator' is uninstalled
2025-01-28 20:51:49,376 INFO c.h.helmcharts.AbstractHelmChartIT - Removed unused containers:

2025-01-28 20:51:53,387 INFO c.h.h.t.HelmChartContainer - [K3S] [namespace_controller.go:187] "Namespace has been deleted" namespace="helmrollingupgradeplatformit-operator"
2025-01-28 20:52:00,293 INFO c.h.helmcharts.AbstractHelmChartIT - Removed unused snapshots:
Removing snapshot sha256:026a712f86a389a5fd74927b58e3b9c46d97b4685244a93cf8afd5dd2d926256
Removing snapshot sha256:03af251906410714c5aef9fa705b63f6bbc39c4a5e787de7361eeb18886c2ed2
Removing snapshot sha256:04586d725303b4dcbc0cdc42a56e7852bc8859e90a3b42def5c29ab6c5b2378a
Removing snapshot sha256:0c46b3b43cce082ce5ec34ffc6c294e0417d17b9d1e6f366d114b6aadc4f96dc
Removing snapshot sha256:0ce761beee59082d6ed5bcebd3a805b8ddd9b3426b617e4809e7fb7c6587ffec
Removing snapshot sha256:0df91287303208332c8ff6ba40ae4710105201739addbfbddfb955f1ad593664
Removing snapshot sha256:1021ef88c7974bfff89c5a0ec4fd3160daac6c48a075f74cff721f85dd104e68
Removing snapshot sha256:10aba4953ddc18145dd38e3704709bc464aa20af60b56fe52caaff4b68411e62
Removing snapshot sha256:12fcdb97878a8124028dd759e7639b77bca16c0f46aabea18189ae25af2554ab
Removing snapshot sha256:2573e0d8158209ed54ab25c87bcdcb00bd3d2539246960a3d592a1c599d70465
Removing snapshot sha256:362a8a37f8bbc31925a8146adcf7cf51f9882f5c1dcbef67c5baa03a297543c0
Removing snapshot sha256:3fa4ad33f0ddc8fd45b39b6b4640f82a3a83619606cd975bfe89d8710ad2d4cd
Removing snapshot sha256:43a7c979bbaba6838bc3102d6b10a1459f3ab050b87ccdfef84ef90cf43d3058
Removing snapshot sha256:4ab04491cdf0d3267f08206fe30bd48f49f94b9cab2f016d6739220f722a64af
Removing snapshot sha256:4b6068250e89c96f263060261819c7d912855bfbd64b3eb4c4a8483299b8c295
Removing snapshot sha256:54760460dde328a0df5fb97426e3821ea3128f2a777231b6e8478cdaf84d50a9
Removing snapshot sha256:580e69a0a8034ede1921139bbd2bfb72a69ebf276d008281896c32dd8bf74775
Removing snapshot sha256:5ad32423e4b556ca23e4a282f00b6c28ba2ec8ad2b7822350a080868a3597d3e
Removing snapshot sha256:5d30ba46b27fe37484567ccc5242cadc78217b8da605f3f195ef25cbf7487904
Removing snapshot sha256:63ca1fbb43ae5034640e5e6cb3e083e05c290072c5366fcaa9d62435a4cced85
Removing snapshot sha256:67f702c6baae873bceb19487c8b1f27bd2b86077e4f2f0e480e6d60ab508b8f5
Removing snapshot sha256:6864348dd42806d552efdec384f1274be15e2d0c10ce44c1f04347af004c10a9
Removing snapshot sha256:6b6a1f10cca10ea08499c191fc025406a23858de44f58930b06dc6608ff034e5
Removing snapshot sha256:6c7dee8f2c39b84b7dc2711c01d33de93514d9055499173e9290176fbe484b6c
Removing snapshot sha256:7b6814aceff9f093ad8ad01b8610c45c9a84ed8910d7f476f4b3c466156deced
Removing snapshot sha256:82753493a6d61ded36556292f02f31841a14c20d2f279f19eaad65afb661d5cd
Removing snapshot sha256:8a10d3db42c505ee0fcfa98417bdd7e39b304f6bcc0a06bb1b220797ff2cc63c
Removing snapshot sha256:a0904247e36a7726c03c71ee48f3e64462021c88dafeb13f37fdaf613b27f11c
Removing snapshot sha256:a21e5b12dbac529ad45d976eb9ce45c881f3bedcc500fb30aba1e52aa1813418
Removing snapshot sha256:b921e6c28969094157f9b8e7244677780319637afd14450b7cb6b2fdea558a0c
Removing snapshot sha256:bc27ecb5769a00e309cf99ebc763c4a4b958b618d1decc96ffac5bc05f02f5b7
Removing snapshot sha256:be3ccb6627a5332e309d45ef461d09b4879dd870c7394d89323d0ebc6ca6aa8a
Removing snapshot sha256:c261f7cbbc64211ee175ee47273acdb7b1a36a4450b397a064a8f2c026490095
Removing snapshot sha256:c34d9393647eea0c9e3557ab988efaf59f61d10a2a5613b439ef0958cca5ec10
Removing snapshot sha256:ccf3c4a0fa967a41c1c83497a2ce6fa5787965859df0adb32c4ca2cf7490bc2b
Removing snapshot sha256:cf92d33f869417309692088c341cd0f223c178ea78a125f757317b22aa8f90e9
Removing snapshot sha256:d0037344cf2fb078884f1849f6a1f8cf9a33a3b6139b6a85833e5ee528e1f9a8
Removing snapshot sha256:d3b36d5b79273b1e98e7700470eaeff05a882e777124d84cebcc1505b85ecb36
Removing snapshot sha256:d65a44a37914602d12c611e5e22a50f11451d847e63015cc1c2aef92dee777a4
Removing snapshot sha256:e2dc0bae2455930f23ae570e019b7f32edc75c0f2d71cab084db837ff9051796
Removing snapshot sha256:e5a09311edb659c54bc3f240e320e8bb15be234cb6f3bf7e670acdf5d960a74a
Removing snapshot sha256:eccbd24a99c60cd9e86ee5305dbfc4a4dc89f5ab4fb1f06c8d64797cecedef34
Removing snapshot sha256:f144bb4c7c7f0d2aa7eeffd36d934ec40db1ee167be727e326aad9fdc616f475

]]></system-out>
  </testcase>
  <system-out><![CDATA[2025-01-28 20:47:25,632 INFO c.h.h.t.HelmChartContainerExtension - Using cached HelmChartContainer instance
]]></system-out>
  <system-err><![CDATA[]]></system-err>
</testsuite>
