<?xml version="1.0" encoding="UTF-8"?>
<testsuite name="com.hivemq.helmcharts.extensions.HelmBridgeExtensionIT" tests="2" skipped="0" failures="0" errors="0" timestamp="2025-01-29T17:01:48" hostname="fv-az1781-308" time="211.986">
  <properties/>
  <testcase name="withBridgeConfiguration_messageBridged()" classname="com.hivemq.helmcharts.extensions.HelmBridgeExtensionIT" time="112.623">
    <system-out><![CDATA[2025-01-29 17:01:48,599 INFO c.h.h.t.HelmChartContainer - [EVENT] Normal [NodeHasSufficientMemory] Node 38f70066c240 status is now: NodeHasSufficientMemory [null:38f70066c240]
2025-01-29 17:01:48,600 INFO tc.hivemq/hivemq4:4.36.0 - Creating container for image: hivemq/hivemq4:4.36.0
2025-01-29 17:01:48,601 INFO c.h.h.t.HelmChartContainer - [EVENT] Normal [NodeHasNoDiskPressure] Node 38f70066c240 status is now: NodeHasNoDiskPressure [null:38f70066c240]
2025-01-29 17:01:48,601 INFO c.h.h.t.HelmChartContainer - [EVENT] Normal [NodeHasSufficientPID] Node 38f70066c240 status is now: NodeHasSufficientPID [null:38f70066c240]
2025-01-29 17:01:48,601 INFO c.h.h.t.HelmChartContainer - [EVENT] Normal [NodeAllocatableEnforced] Updated Node Allocatable limit across pods [null:38f70066c240]
2025-01-29 17:01:48,605 INFO c.h.h.t.HelmChartContainer - [EVENT] Normal [NodeReady] Node 38f70066c240 status is now: NodeReady [null:38f70066c240]
2025-01-29 17:01:48,607 INFO c.h.h.t.HelmChartContainer - [EVENT] Normal [NodePasswordValidationComplete] Deferred node password secret validation complete [null:38f70066c240]
2025-01-29 17:01:48,607 INFO c.h.h.t.HelmChartContainer - [EVENT] Normal [Synced] Node synced successfully [null:38f70066c240]
2025-01-29 17:01:48,607 INFO c.h.h.t.HelmChartContainer - [EVENT] Normal [RegisteredNode] Node 38f70066c240 event: Registered Node 38f70066c240 in Controller [null:38f70066c240]
2025-01-29 17:01:48,608 INFO c.h.h.t.HelmChartContainer - [EVENT] Normal [CIDRAssignmentFailed] Node 38f70066c240 status is now: CIDRAssignmentFailed [null:38f70066c240]
2025-01-29 17:01:48,872 INFO c.h.h.t.HelmChartContainer - [POD] coredns-ff8999cc5-l9rkc [67a956cd-66e6-46ae-911b-ec1e280f531f] in kube-system was ADDED
2025-01-29 17:01:48,874 INFO c.h.h.t.HelmChartContainer - [POD] local-path-provisioner-698b58967b-5lbrl [d52f5608-bfcc-47a6-a6e9-71863b0ba047] in kube-system was ADDED
2025-01-29 17:01:48,876 INFO c.h.h.t.HelmChartContainer - [POD] metrics-server-8584b5786c-2sjgk [db859f86-e9ef-4b31-a76a-a8af6dd99e26] in kube-system was ADDED
2025-01-29 17:01:50,970 INFO tc.hivemq/hivemq4:4.36.0 - Container hivemq/hivemq4:4.36.0 is starting: 107c7a60b1336266163a3ca724940d49409a3627f8345829c1d117693d044977
2025-01-29 17:01:57,190 INFO c.h.h.t.HelmChartContainer - [POD] metrics-server-8584b5786c-2sjgk [db859f86-e9ef-4b31-a76a-a8af6dd99e26] in kube-system was MODIFIED
2025-01-29 17:01:57,197 INFO c.h.h.t.HelmChartContainer - [K3S] [replica_set.go:679] "Finished syncing" kind="ReplicaSet" key="kube-system/metrics-server-8584b5786c" duration="10.117483ms"
2025-01-29 17:01:57,198 INFO c.h.h.t.HelmChartContainer - [K3S] [replica_set.go:679] "Finished syncing" kind="ReplicaSet" key="kube-system/metrics-server-8584b5786c" duration="62.497µs"
2025-01-29 17:01:59,341 INFO tc.hivemq/hivemq4:4.36.0 - Container hivemq/hivemq4:4.36.0 started in PT10.741030516S
2025-01-29 17:01:59,343 INFO c.h.h.t.HelmChartContainer - Creating namespace 'helmbridgeextensionit-operator'...
2025-01-29 17:01:59,424 INFO c.h.h.t.HelmChartContainer - Namespace 'helmbridgeextensionit-operator' created
2025-01-29 17:01:59,424 INFO c.h.h.t.HelmChartContainer - Creating namespace 'helmbridgeextensionit'...
2025-01-29 17:01:59,437 INFO c.h.h.t.HelmChartContainer - Namespace 'helmbridgeextensionit' created
2025-01-29 17:01:59,516 DEBUG c.h.h.t.HelmChartContainer - Executing helm command: /bin/helm --kubeconfig /etc/rancher/k3s/k3s.yaml install test-hivemq-platform-operator /charts/hivemq-platform-operator --wait --timeout 5m0s --set image.repository=docker.io/hivemq --set image.name=hivemq-platform-operator-test --set image.initImageName=hivemq-platform-operator-init-test --set image.tag=snapshot --set image.pullPolicy=Never --set logLevel=DEBUG --set resources.cpu=512m --namespace helmbridgeextensionit-operator
2025-01-29 17:02:01,709 INFO c.h.h.t.HelmChartContainer - [K3S] [range_allocator.go:247] "Successfully synced" key="38f70066c240"
2025-01-29 17:02:01,888 INFO c.h.h.t.HelmChartContainer - [K3S] [alloc.go:330] "allocated clusterIPs" service="helmbridgeextensionit-operator/hivemq-platform-operator-test-hivemq-platform-operator" clusterIPs={"IPv4":"10.43.112.183"}
2025-01-29 17:02:01,913 INFO c.h.h.t.HelmChartContainer - [EVENT] Normal [ScalingReplicaSet] Scaled up replica set hivemq-test-hivemq-platform-operator-6966f96d65 from 0 to 1 [helmbridgeextensionit-operator:hivemq-test-hivemq-platform-operator]
2025-01-29 17:02:01,919 INFO c.h.h.t.HelmChartContainer - [POD] hivemq-test-hivemq-platform-operator-6966f96d65-g89tr [bd177c04-32b3-4660-8334-6cf509021eac] in helmbridgeextensionit-operator was ADDED
2025-01-29 17:02:01,932 INFO c.h.h.t.HelmChartContainer - [POD] hivemq-test-hivemq-platform-operator-6966f96d65-g89tr [bd177c04-32b3-4660-8334-6cf509021eac] in helmbridgeextensionit-operator was MODIFIED
2025-01-29 17:02:01,933 INFO c.h.h.t.HelmChartContainer - [EVENT] Normal [SuccessfulCreate] Created pod: hivemq-test-hivemq-platform-operator-6966f96d65-g89tr [helmbridgeextensionit-operator:hivemq-test-hivemq-platform-operator-6966f96d65]
2025-01-29 17:02:01,934 INFO c.h.h.t.HelmChartContainer - [EVENT] Normal [Scheduled] Successfully assigned helmbridgeextensionit-operator/hivemq-test-hivemq-platform-operator-6966f96d65-g89tr to 38f70066c240 [helmbridgeextensionit-operator:hivemq-test-hivemq-platform-operator-6966f96d65-g89tr]
2025-01-29 17:02:01,936 INFO c.h.h.t.HelmChartContainer - [K3S] [replica_set.go:679] "Finished syncing" kind="ReplicaSet" key="helmbridgeextensionit-operator/hivemq-test-hivemq-platform-operator-6966f96d65" duration="34.678632ms"
2025-01-29 17:02:01,953 INFO c.h.h.t.HelmChartContainer - [K3S] [replica_set.go:679] "Finished syncing" kind="ReplicaSet" key="helmbridgeextensionit-operator/hivemq-test-hivemq-platform-operator-6966f96d65" duration="15.257049ms"
2025-01-29 17:02:01,954 INFO c.h.h.t.HelmChartContainer - [POD] hivemq-test-hivemq-platform-operator-6966f96d65-g89tr [bd177c04-32b3-4660-8334-6cf509021eac] in helmbridgeextensionit-operator was MODIFIED
2025-01-29 17:02:01,954 INFO c.h.h.t.HelmChartContainer - [K3S] [replica_set.go:679] "Finished syncing" kind="ReplicaSet" key="helmbridgeextensionit-operator/hivemq-test-hivemq-platform-operator-6966f96d65" duration="58.599µs"
2025-01-29 17:02:01,956 INFO c.h.h.t.HelmChartContainer - [K3S] [replica_set.go:679] "Finished syncing" kind="ReplicaSet" key="helmbridgeextensionit-operator/hivemq-test-hivemq-platform-operator-6966f96d65" duration="368.586µs"
2025-01-29 17:02:01,979 INFO c.h.h.t.HelmChartContainer - [K3S] [reconciler_common.go:251] "operationExecutor.VerifyControllerAttachedVolume started for volume \"kube-api-access-rsxdg\" (UniqueName: \"kubernetes.io/projected/bd177c04-32b3-4660-8334-6cf509021eac-kube-api-access-rsxdg\") pod \"hivemq-test-hivemq-platform-operator-6966f96d65-g89tr\" (UID: \"bd177c04-32b3-4660-8334-6cf509021eac\") " pod="helmbridgeextensionit-operator/hivemq-test-hivemq-platform-operator-6966f96d65-g89tr"
2025-01-29 17:02:02,322 INFO c.h.h.t.HelmChartContainer - [EVENT] Normal [Pulled] Container image "docker.io/hivemq/hivemq-platform-operator-test:snapshot" already present on machine [helmbridgeextensionit-operator:hivemq-test-hivemq-platform-operator-6966f96d65-g89tr]
2025-01-29 17:02:02,322 INFO c.h.h.t.HelmChartContainer - Received Pulled event for container hivemq-platform-operator in pod hivemq-test-hivemq-platform-operator-6966f96d65-g89tr [bd177c04-32b3-4660-8334-6cf509021eac]
2025-01-29 17:02:02,333 INFO c.h.h.t.HelmChartContainer - [EVENT] Normal [Created] Created container: hivemq-platform-operator [helmbridgeextensionit-operator:hivemq-test-hivemq-platform-operator-6966f96d65-g89tr]
2025-01-29 17:02:02,333 INFO c.h.h.t.HelmChartContainer - Received Created event for container hivemq-platform-operator in pod hivemq-test-hivemq-platform-operator-6966f96d65-g89tr [bd177c04-32b3-4660-8334-6cf509021eac]
2025-01-29 17:02:03,212 INFO c.h.h.t.HelmChartContainer - [K3S] [replica_set.go:679] "Finished syncing" kind="ReplicaSet" key="helmbridgeextensionit-operator/hivemq-test-hivemq-platform-operator-6966f96d65" duration="45.866µs"
2025-01-29 17:02:03,215 INFO c.h.h.t.HelmChartContainer - [POD] hivemq-test-hivemq-platform-operator-6966f96d65-g89tr [bd177c04-32b3-4660-8334-6cf509021eac] in helmbridgeextensionit-operator was MODIFIED
2025-01-29 17:02:03,242 INFO c.h.h.t.HelmChartContainer - Started log watcher for hivemq-platform-operator in pod hivemq-test-hivemq-platform-operator-6966f96d65-g89tr [bd177c04-32b3-4660-8334-6cf509021eac]
2025-01-29 17:02:03,242 INFO c.h.h.t.HelmChartContainer - [hivemq-test-hivemq-platform] [hivemq-platform-operator] [bd177c04] -------------------------------------------------------------------------
2025-01-29 17:02:03,242 INFO c.h.h.t.HelmChartContainer - [hivemq-test-hivemq-platform] [hivemq-platform-operator] [bd177c04] 
2025-01-29 17:02:03,242 INFO c.h.h.t.HelmChartContainer - [hivemq-test-hivemq-platform] [hivemq-platform-operator] [bd177c04]                   _    _  _              __  __   ____
2025-01-29 17:02:03,242 INFO c.h.h.t.HelmChartContainer - [hivemq-test-hivemq-platform] [hivemq-platform-operator] [bd177c04]                  | |  | |(_)            |  \/  | / __ \
2025-01-29 17:02:03,242 INFO c.h.h.t.HelmChartContainer - [hivemq-test-hivemq-platform] [hivemq-platform-operator] [bd177c04]                  | |__| | _ __   __ ___ | \  / || |  | |
2025-01-29 17:02:03,242 INFO c.h.h.t.HelmChartContainer - [hivemq-test-hivemq-platform] [hivemq-platform-operator] [bd177c04]                  |  __  || |\ \ / // _ \| |\/| || |  | |
2025-01-29 17:02:03,243 INFO c.h.h.t.HelmChartContainer - [hivemq-test-hivemq-platform] [hivemq-platform-operator] [bd177c04]                  | |  | || | \ V /|  __/| |  | || |__| |
2025-01-29 17:02:03,243 INFO c.h.h.t.HelmChartContainer - [hivemq-test-hivemq-platform] [hivemq-platform-operator] [bd177c04]                  |_|  |_||_|  \_/  \___||_|  |_| \___\_\
2025-01-29 17:02:03,243 INFO c.h.h.t.HelmChartContainer - [hivemq-test-hivemq-platform] [hivemq-platform-operator] [bd177c04] 
2025-01-29 17:02:03,243 INFO c.h.h.t.HelmChartContainer - [hivemq-test-hivemq-platform] [hivemq-platform-operator] [bd177c04] -------------------------------------------------------------------------
2025-01-29 17:02:03,243 INFO c.h.h.t.HelmChartContainer - [hivemq-test-hivemq-platform] [hivemq-platform-operator] [bd177c04] 
2025-01-29 17:02:03,243 INFO c.h.h.t.HelmChartContainer - [hivemq-test-hivemq-platform] [hivemq-platform-operator] [bd177c04]   HiveMQ Platform Operator Start Script v1.0
2025-01-29 17:02:03,243 INFO c.h.h.t.HelmChartContainer - [hivemq-test-hivemq-platform] [hivemq-platform-operator] [bd177c04] 
2025-01-29 17:02:03,243 INFO c.h.h.t.HelmChartContainer - [hivemq-test-hivemq-platform] [hivemq-platform-operator] [bd177c04] -------------------------------------------------------------------------
2025-01-29 17:02:03,243 INFO c.h.h.t.HelmChartContainer - [hivemq-test-hivemq-platform] [hivemq-platform-operator] [bd177c04] 
2025-01-29 17:02:03,243 INFO c.h.h.t.HelmChartContainer - [hivemq-test-hivemq-platform] [hivemq-platform-operator] [bd177c04]   JAVA_OPTS: -XX:+UnlockExperimentalVMOptions -XX:InitialRAMPercentage=75 -XX:MaxRAMPercentage=75 -Duser.language=en -Duser.region=US
2025-01-29 17:02:03,243 INFO c.h.h.t.HelmChartContainer - [hivemq-test-hivemq-platform] [hivemq-platform-operator] [bd177c04] 
2025-01-29 17:02:03,243 INFO c.h.h.t.HelmChartContainer - [hivemq-test-hivemq-platform] [hivemq-platform-operator] [bd177c04]   JAVA_VERSION: 21
2025-01-29 17:02:03,243 INFO c.h.h.t.HelmChartContainer - [hivemq-test-hivemq-platform] [hivemq-platform-operator] [bd177c04] 
2025-01-29 17:02:03,243 INFO c.h.h.t.HelmChartContainer - [hivemq-test-hivemq-platform] [hivemq-platform-operator] [bd177c04] -------------------------------------------------------------------------
2025-01-29 17:02:03,243 INFO c.h.h.t.HelmChartContainer - [hivemq-test-hivemq-platform] [hivemq-platform-operator] [bd177c04] 
2025-01-29 17:02:03,243 INFO c.h.h.t.HelmChartContainer - [EVENT] Normal [Started] Started container hivemq-platform-operator [helmbridgeextensionit-operator:hivemq-test-hivemq-platform-operator-6966f96d65-g89tr]
2025-01-29 17:02:03,244 INFO c.h.h.t.HelmChartContainer - Received Started event for container hivemq-platform-operator in pod hivemq-test-hivemq-platform-operator-6966f96d65-g89tr [bd177c04-32b3-4660-8334-6cf509021eac]
2025-01-29 17:02:05,839 INFO c.h.h.t.HelmChartContainer - [hivemq-test-hivemq-platform] [hivemq-platform-operator] [bd177c04] 17:02:05.837 [main] DEBUG org.jboss.logging - Logging Provider: org.jboss.logging.Slf4jLoggerProvider
2025-01-29 17:02:05,980 INFO c.h.h.t.HelmChartContainer - [hivemq-test-hivemq-platform] [hivemq-platform-operator] [bd177c04] 17:02:05.978 [main] DEBUG io.smallrye.config - SRCFG01006: Loaded ConfigSource SysPropConfigSource with ordinal 400
2025-01-29 17:02:05,980 INFO c.h.h.t.HelmChartContainer - [hivemq-test-hivemq-platform] [hivemq-platform-operator] [bd177c04] 17:02:05.978 [main] DEBUG io.smallrye.config - SRCFG01006: Loaded ConfigSource EnvConfigSource with ordinal 300
2025-01-29 17:02:05,980 INFO c.h.h.t.HelmChartContainer - [hivemq-test-hivemq-platform] [hivemq-platform-operator] [bd177c04] 17:02:05.978 [main] DEBUG io.smallrye.config - SRCFG01006: Loaded ConfigSource PropertiesConfigSource[source=jar:file:///opt/hivemq-platform-operator/bin/hivemq-platform-operator.jar!/hivemq-platform-operator.properties] with ordinal 100
2025-01-29 17:02:05,980 INFO c.h.h.t.HelmChartContainer - [hivemq-test-hivemq-platform] [hivemq-platform-operator] [bd177c04] 17:02:05.979 [main] DEBUG io.smallrye.config - SRCFG01006: Loaded ConfigSource DefaultValuesConfigSource with ordinal -2147483648
2025-01-29 17:02:06,058 INFO c.h.h.t.HelmChartContainer - [hivemq-test-hivemq-platform] [hivemq-platform-operator] [bd177c04] 17:02:06.056 [main] DEBUG i.m.c.u.i.l.InternalLoggerFactory - Using SLF4J as the default logging framework
2025-01-29 17:02:06,229 INFO c.h.h.t.HelmChartContainer - [hivemq-test-hivemq-platform] [hivemq-platform-operator] [bd177c04] 17:02:06.148 [main] INFO  c.h.p.o.HiveMQPlatformOperatorApplication - HiveMQ Platform Operator 1.7.0-SNAPSHOT (commit: 8465ebf on branch: HEAD) built on Wed Jan 29 16:56:31 UTC 2025
2025-01-29 17:02:06,231 INFO c.h.h.t.HelmChartContainer - [hivemq-test-hivemq-platform] [hivemq-platform-operator] [bd177c04] 17:02:06.228 [main] INFO  c.h.p.o.HiveMQPlatformOperatorApplication - HiveMQ Platform Operator is running in namespace: helmbridgeextensionit-operator
2025-01-29 17:02:06,231 INFO c.h.h.t.HelmChartContainer - [hivemq-test-hivemq-platform] [hivemq-platform-operator] [bd177c04] 17:02:06.228 [main] INFO  c.h.p.o.HiveMQPlatformOperatorApplication - Watching all namespaces
2025-01-29 17:02:06,232 INFO c.h.h.t.HelmChartContainer - [hivemq-test-hivemq-platform] [hivemq-platform-operator] [bd177c04] 17:02:06.228 [main] INFO  c.h.p.o.HiveMQPlatformOperatorApplication - Log level: DEBUG
2025-01-29 17:02:06,232 INFO c.h.h.t.HelmChartContainer - [hivemq-test-hivemq-platform] [hivemq-platform-operator] [bd177c04] 17:02:06.228 [main] INFO  c.h.p.o.HiveMQPlatformOperatorApplication - Release name: test-hivemq-platform-operator
2025-01-29 17:02:06,232 INFO c.h.h.t.HelmChartContainer - [hivemq-test-hivemq-platform] [hivemq-platform-operator] [bd177c04] 17:02:06.228 [main] INFO  c.h.p.o.HiveMQPlatformOperatorApplication - HiveMQ Platform Operator Init image: docker.io/hivemq/hivemq-platform-operator-init-test:snapshot
2025-01-29 17:02:06,232 INFO c.h.h.t.HelmChartContainer - [hivemq-test-hivemq-platform] [hivemq-platform-operator] [bd177c04] 17:02:06.229 [main] INFO  c.h.p.o.HiveMQPlatformOperatorApplication - HiveMQ Platform Operator Init App update URL: http://hivemq-platform-operator-test-hivemq-platform-operator.helmbridgeextensionit-operator.svc:8080/initAppUpdate/hivemq-platform-operator-init-app-1.7.0-SNAPSHOT.jar
2025-01-29 17:02:06,232 INFO c.h.h.t.HelmChartContainer - [hivemq-test-hivemq-platform] [hivemq-platform-operator] [bd177c04] 17:02:06.229 [main] INFO  c.h.p.o.HiveMQPlatformOperatorApplication - Additional imagePullSecret for all Platform deployments: none
2025-01-29 17:02:06,232 INFO c.h.h.t.HelmChartContainer - [hivemq-test-hivemq-platform] [hivemq-platform-operator] [bd177c04] 17:02:06.229 [main] INFO  c.h.p.o.HiveMQPlatformOperatorApplication - Apply HiveMQ Platform CRD: true
2025-01-29 17:02:06,232 INFO c.h.h.t.HelmChartContainer - [hivemq-test-hivemq-platform] [hivemq-platform-operator] [bd177c04] 17:02:06.229 [main] INFO  c.h.p.o.HiveMQPlatformOperatorApplication - Create Platform ServiceAccount: true
2025-01-29 17:02:06,232 INFO c.h.h.t.HelmChartContainer - [hivemq-test-hivemq-platform] [hivemq-platform-operator] [bd177c04] 17:02:06.229 [main] INFO  c.h.p.o.HiveMQPlatformOperatorApplication - Create Platform ServiceAccount permissions: true
2025-01-29 17:02:06,232 INFO c.h.h.t.HelmChartContainer - [hivemq-test-hivemq-platform] [hivemq-platform-operator] [bd177c04] 17:02:06.229 [main] INFO  c.h.p.o.HiveMQPlatformOperatorApplication - Validate Platform ServiceAccount: true
2025-01-29 17:02:06,232 INFO c.h.h.t.HelmChartContainer - [hivemq-test-hivemq-platform] [hivemq-platform-operator] [bd177c04] 17:02:06.229 [main] INFO  c.h.p.o.HiveMQPlatformOperatorApplication - Validate Platform ServiceAccount permissions: true
2025-01-29 17:02:06,348 INFO c.h.h.t.HelmChartContainer - [hivemq-test-hivemq-platform] [hivemq-platform-operator] [bd177c04] 17:02:06.347 [main] INFO  c.h.platform.operator.util.CRDUtil - Verifying deployed HiveMQ Platform CRD...
2025-01-29 17:02:08,836 INFO c.h.h.t.HelmChartContainer - [hivemq-test-hivemq-platform] [hivemq-platform-operator] [bd177c04] 17:02:08.834 [main] DEBUG c.h.platform.operator.util.CRDUtil - HiveMQ Platform CRD version v1 is up to date
2025-01-29 17:02:08,837 INFO c.h.h.t.HelmChartContainer - [hivemq-test-hivemq-platform] [hivemq-platform-operator] [bd177c04] 17:02:08.835 [main] INFO  c.h.platform.operator.util.CRDUtil - HiveMQ Platform CRD is up to date (version: V1_6_0)
2025-01-29 17:02:08,837 INFO c.h.h.t.HelmChartContainer - [hivemq-test-hivemq-platform] [hivemq-platform-operator] [bd177c04] 17:02:08.836 [main] INFO  c.h.platform.operator.util.CRDUtil - Waiting 10000 ms for HiveMQ Platform CRD 'hivemq-platforms.hivemq.com' to become ready...
2025-01-29 17:02:09,184 INFO c.h.h.t.HelmChartContainer - [hivemq-test-hivemq-platform] [hivemq-platform-operator] [bd177c04] 17:02:09.183 [vert.x-eventloop-thread-1] DEBUG c.h.platform.operator.util.CRDUtil - Checking CRD condition 'NamesAccepted' (status: 'True')
2025-01-29 17:02:09,185 INFO c.h.h.t.HelmChartContainer - [hivemq-test-hivemq-platform] [hivemq-platform-operator] [bd177c04] 17:02:09.183 [vert.x-eventloop-thread-1] DEBUG c.h.platform.operator.util.CRDUtil - Checking CRD condition 'Established' (status: 'True')
2025-01-29 17:02:09,226 INFO c.h.h.t.HelmChartContainer - [hivemq-test-hivemq-platform] [hivemq-platform-operator] [bd177c04] 17:02:09.224 [main] INFO  c.h.platform.operator.util.CRDUtil - HiveMQ Platform CRD 'hivemq-platforms.hivemq.com' is ready
2025-01-29 17:02:09,338 INFO c.h.h.t.HelmChartContainer - [hivemq-test-hivemq-platform] [hivemq-platform-operator] [bd177c04] 17:02:09.337 [main] INFO  c.h.p.o.HiveMQPlatformReconciler - HiveMQ Platform Operator is starting...
2025-01-29 17:02:09,431 INFO c.h.h.t.HelmChartContainer - [hivemq-test-hivemq-platform] [hivemq-platform-operator] [bd177c04] 17:02:09.430 [main] WARN  Default ConfigurationService implementation - Configuration for reconciler 'hivemq-controller' was not found. Known reconcilers: None.
2025-01-29 17:02:09,482 INFO c.h.h.t.HelmChartContainer - [hivemq-test-hivemq-platform] [hivemq-platform-operator] [bd177c04] 17:02:09.481 [main] INFO  Default ConfigurationService implementation - Created configuration for reconciler com.hivemq.platform.operator.HiveMQPlatformReconciler with name hivemq-controller
2025-01-29 17:02:09,588 INFO c.h.h.t.HelmChartContainer - [hivemq-test-hivemq-platform] [hivemq-platform-operator] [bd177c04] 17:02:09.586 [main] DEBUG c.h.p.o.HiveMQPlatformReconciler - HiveMQ Platform Operator is preparing EventSources
2025-01-29 17:02:09,634 INFO c.h.h.t.HelmChartContainer - [hivemq-test-hivemq-platform] [hivemq-platform-operator] [bd177c04] 17:02:09.632 [main] INFO  i.javaoperatorsdk.operator.Operator - Registered reconciler: 'hivemq-controller' for resource: 'class com.hivemq.platform.operator.v1.HiveMQPlatform' for namespace(s): [all namespaces]
2025-01-29 17:02:10,237 INFO c.h.h.t.HelmChartContainer - [hivemq-test-hivemq-platform] [hivemq-platform-operator] [bd177c04] 17:02:10.236 [main] INFO  c.h.p.operator.webserver.JettyServer - Starting Jetty server on port 8080
2025-01-29 17:02:10,336 INFO c.h.h.t.HelmChartContainer - [hivemq-test-hivemq-platform] [hivemq-platform-operator] [bd177c04] 17:02:10.334 [main] INFO  i.javaoperatorsdk.operator.Operator - Operator SDK 4.9.7 (commit: 2133d28) built on Wed Nov 20 12:56:20 UTC 2024 starting...
2025-01-29 17:02:10,336 INFO c.h.h.t.HelmChartContainer - [hivemq-test-hivemq-platform] [hivemq-platform-operator] [bd177c04] 17:02:10.335 [main] INFO  i.javaoperatorsdk.operator.Operator - Client version: 6.13.5
2025-01-29 17:02:10,338 INFO c.h.h.t.HelmChartContainer - [hivemq-test-hivemq-platform] [hivemq-platform-operator] [bd177c04] 17:02:10.337 [Controller Starter for: hivemq-controller] INFO  i.j.operator.processing.Controller - Starting 'hivemq-controller' controller for reconciler: com.hivemq.platform.operator.HiveMQPlatformReconciler, resource: com.hivemq.platform.operator.v1.HiveMQPlatform
2025-01-29 17:02:13,132 INFO c.h.h.t.HelmChartContainer - [hivemq-test-hivemq-platform] [hivemq-platform-operator] [bd177c04] 17:02:13.131 [Controller Starter for: hivemq-controller] INFO  i.j.operator.processing.Controller - 'hivemq-controller' controller started
2025-01-29 17:02:13,133 INFO c.h.h.t.HelmChartContainer - [hivemq-test-hivemq-platform] [hivemq-platform-operator] [bd177c04] 17:02:13.132 [main] INFO  c.h.p.o.HiveMQPlatformOperatorApplication - HiveMQ Platform Operator 1.7.0-SNAPSHOT started in 6984 ms
2025-01-29 17:02:14,227 INFO c.h.h.t.HelmChartContainer - [POD] hivemq-test-hivemq-platform-operator-6966f96d65-g89tr [bd177c04-32b3-4660-8334-6cf509021eac] in helmbridgeextensionit-operator was MODIFIED
2025-01-29 17:02:14,231 INFO c.h.h.t.HelmChartContainer - [K3S] [replica_set.go:679] "Finished syncing" kind="ReplicaSet" key="helmbridgeextensionit-operator/hivemq-test-hivemq-platform-operator-6966f96d65" duration="11.982715ms"
2025-01-29 17:02:14,231 INFO c.h.h.t.HelmChartContainer - [K3S] [replica_set.go:679] "Finished syncing" kind="ReplicaSet" key="helmbridgeextensionit-operator/hivemq-test-hivemq-platform-operator-6966f96d65" duration="38.262µs"
2025-01-29 17:02:16,041 DEBUG c.h.h.t.HelmChartContainer - Executing helm command: /bin/helm --kubeconfig /etc/rancher/k3s/k3s.yaml install test-hivemq-platform /charts/hivemq-platform --wait --timeout 5m0s --set image.repository=docker.io/hivemq --set image.tag=4.36.0 --set image.pullPolicy=Never --set nodes.resources.cpu=512m -f /files/bridge-values.yaml --namespace helmbridgeextensionit
2025-01-29 17:02:16,274 INFO c.h.h.t.HelmChartContainer - [hivemq-test-hivemq-platform] [hivemq-platform-operator] [bd177c04] 17:02:16.272 [-2082509879-pool-1-thread-2] WARN  i.m.p.PrometheusMeterRegistry - The meter (MeterId{name='operator.sdk.events.received', tags=[tag(action=ADDED),tag(event=ResourceEvent),tag(group=hivemq.com),tag(kind=HiveMQPlatform),tag(name=test-hivemq-platform),tag(namespace=helmbridgeextensionit),tag(scope=namespace),tag(version=v1)]}) registration has failed: Prometheus requires that all meters with the same name have the same set of tag keys. There is already an existing meter named 'operator.sdk.events.received' containing tag keys [event, group, kind, name, namespace, scope, version]. The meter you are attempting to register has keys [action, event, group, kind, name, namespace, scope, version]. Note that subsequent logs will be logged at debug level.
2025-01-29 17:02:16,745 INFO c.h.h.t.HelmChartContainer - [hivemq-test-hivemq-platform] [hivemq-platform-operator] [bd177c04] 17:02:16.742 [pool-6-thread-3] DEBUG c.h.p.o.dependants.PodInfoConfigMap - [helmbrid] Desired PodInfo ConfigMap (1 extensions) (1 enabled)
2025-01-29 17:02:16,745 INFO c.h.h.t.HelmChartContainer - [hivemq-test-hivemq-platform] [hivemq-platform-operator] [bd177c04] 17:02:16.742 [pool-6-thread-3] DEBUG c.h.p.o.dependants.PodInfoConfigMap - [helmbrid] Desired PodInfo ConfigMap (metrics port: 9399) (metrics path: /)
2025-01-29 17:02:16,745 INFO c.h.h.t.HelmChartContainer - [hivemq-test-hivemq-platform] [hivemq-platform-operator] [bd177c04] 17:02:16.742 [pool-6-thread-3] DEBUG c.h.p.o.dependants.PodInfoConfigMap - [helmbrid] Desired PodInfo ConfigMap (extension state hash: 1079797684)
2025-01-29 17:02:16,745 INFO c.h.h.t.HelmChartContainer - [hivemq-test-hivemq-platform] [hivemq-platform-operator] [bd177c04] 17:02:16.744 [pool-6-thread-3] DEBUG c.h.p.o.dependants.PodInfoConfigMap - [helmbrid] Create PodInfo ConfigMap
2025-01-29 17:02:16,838 INFO c.h.h.t.HelmChartContainer - [hivemq-test-hivemq-platform] [hivemq-platform-operator] [bd177c04] 17:02:16.836 [pool-6-thread-5] DEBUG c.h.p.o.dependants.PodRoleResource - [helmbrid] Create Role: Role(apiVersion=rbac.authorization.k8s.io/v1, kind=Role, metadata=ObjectMeta(annotations={meta.helm.sh/release-name=test-hivemq-platform, meta.helm.sh/release-namespace=helmbridgeextensionit}, creationTimestamp=null, deletionGracePeriodSeconds=null, deletionTimestamp=null, finalizers=[], generateName=null, generation=null, labels={helm.sh/chart=hivemq-platform-0.2.32, app.kubernetes.io/managed-by=Helm, app.kubernetes.io/name=hivemq-platform, hivemq-platform=test-hivemq-platform, app.kubernetes.io/instance=test-hivemq-platform, app.kubernetes.io/version=4.36.0}, managedFields=[], name=hivemq-platform-role-test-hivemq-platform, namespace=helmbridgeextensionit, ownerReferences=[OwnerReference(apiVersion=hivemq.com/v1, blockOwnerDeletion=null, controller=null, kind=HiveMQPlatform, name=test-hivemq-platform, uid=15f3b9d0-cee1-44ce-91e9-70137585a4ac, additionalProperties={})], resourceVersion=null, selfLink=null, uid=null, additionalProperties={}), rules=[PolicyRule(apiGroups=[], nonResourceURLs=[], resourceNames=[], resources=[pods], verbs=[get, patch, update], additionalProperties={})], additionalProperties={})
2025-01-29 17:02:17,027 INFO c.h.h.t.HelmChartContainer - [hivemq-test-hivemq-platform] [hivemq-platform-operator] [bd177c04] 17:02:17.026 [pool-6-thread-7] DEBUG c.h.p.o.d.PodServiceAccountResource - [helmbrid] Desired PodServiceAccountResource (serviceAccountName: hivemq-platform-pod-test-hivemq-platform)
2025-01-29 17:02:17,037 INFO c.h.h.t.HelmChartContainer - [hivemq-test-hivemq-platform] [hivemq-platform-operator] [bd177c04] 17:02:17.027 [pool-6-thread-7] DEBUG c.h.p.o.d.PodServiceAccountResource - [helmbrid] Create ServiceAccount 'hivemq-platform-pod-test-hivemq-platform'
2025-01-29 17:02:17,136 INFO c.h.h.t.HelmChartContainer - [hivemq-test-hivemq-platform] [hivemq-platform-operator] [bd177c04] 17:02:17.135 [pool-6-thread-10] DEBUG c.h.p.o.d.PodRoleBindingResource - [helmbrid] Create RoleBinding: RoleBinding(apiVersion=rbac.authorization.k8s.io/v1, kind=RoleBinding, metadata=ObjectMeta(annotations={meta.helm.sh/release-name=test-hivemq-platform, meta.helm.sh/release-namespace=helmbridgeextensionit}, creationTimestamp=null, deletionGracePeriodSeconds=null, deletionTimestamp=null, finalizers=[], generateName=null, generation=null, labels={helm.sh/chart=hivemq-platform-0.2.32, app.kubernetes.io/managed-by=Helm, app.kubernetes.io/name=hivemq-platform, hivemq-platform=test-hivemq-platform, app.kubernetes.io/instance=test-hivemq-platform, app.kubernetes.io/version=4.36.0}, managedFields=[], name=hivemq-platform-role-binding-test-hivemq-platform, namespace=helmbridgeextensionit, ownerReferences=[OwnerReference(apiVersion=hivemq.com/v1, blockOwnerDeletion=null, controller=null, kind=HiveMQPlatform, name=test-hivemq-platform, uid=15f3b9d0-cee1-44ce-91e9-70137585a4ac, additionalProperties={})], resourceVersion=null, selfLink=null, uid=null, additionalProperties={}), roleRef=RoleRef(apiGroup=rbac.authorization.k8s.io, kind=Role, name=hivemq-platform-role-test-hivemq-platform, additionalProperties={}), subjects=[Subject(apiGroup=null, kind=ServiceAccount, name=hivemq-platform-pod-test-hivemq-platform, namespace=helmbridgeextensionit, additionalProperties={})], additionalProperties={})
2025-01-29 17:02:17,231 INFO c.h.h.t.HelmChartContainer - [hivemq-test-hivemq-platform] [hivemq-platform-operator] [bd177c04] 17:02:17.226 [ReconcilerExecutor-hivemq-controller-54] INFO  c.h.p.o.HiveMQPlatformReconciler - [helmbrid] Reconciling HiveMQ Platform 'test-hivemq-platform' in namespace 'helmbridgeextensionit'
2025-01-29 17:02:17,231 INFO c.h.h.t.HelmChartContainer - [hivemq-test-hivemq-platform] [hivemq-platform-operator] [bd177c04] 17:02:17.226 [ReconcilerExecutor-hivemq-controller-54] DEBUG c.h.p.o.HiveMQPlatformReconciler - [helmbrid] Custom Resource Status CREATED - HiveMQ Platform was created (READY)
2025-01-29 17:02:17,231 INFO c.h.h.t.HelmChartContainer - [hivemq-test-hivemq-platform] [hivemq-platform-operator] [bd177c04] 17:02:17.226 [ReconcilerExecutor-hivemq-controller-54] DEBUG c.h.p.o.HiveMQPlatformReconciler - [helmbrid] Custom Resource Spec (replicas: 1) (extensions: 1)
2025-01-29 17:02:17,234 INFO c.h.h.t.HelmChartContainer - [hivemq-test-hivemq-platform] [hivemq-platform-operator] [bd177c04] 17:02:17.232 [ReconcilerExecutor-hivemq-controller-54] INFO  c.h.p.o.h.HiveMQPlatformReconcilerBaseHandler - [helmbrid] HiveMQ Platform is starting
2025-01-29 17:02:17,337 INFO c.h.h.t.HelmChartContainer - [hivemq-test-hivemq-platform] [hivemq-platform-operator] [bd177c04] 17:02:17.336 [ReconcilerExecutor-hivemq-controller-54] DEBUG c.h.p.operator.event.EventSender - [helmbrid] Creating K8s event hivemq-platform-starting: [Start] HiveMQ Platform is starting
2025-01-29 17:02:17,347 INFO c.h.h.t.HelmChartContainer - [EVENT] Normal [Start] HiveMQ Platform is starting [helmbridgeextensionit:test-hivemq-platform]
2025-01-29 17:02:17,428 INFO c.h.h.t.HelmChartContainer - [hivemq-test-hivemq-platform] [hivemq-platform-operator] [bd177c04] 17:02:17.426 [ReconcilerExecutor-hivemq-controller-54] INFO  c.h.p.o.h.AbstractHiveMQReconcilerStateHandler - [helmbrid] Update HiveMQ Platform Status (CREATED [READY] -> STARTING [READY]): HiveMQ Platform is starting
2025-01-29 17:02:17,440 DEBUG com.hivemq.helmcharts.util.K8sUtil - Comparing actual state 'STARTING' and waiting for 'RUNNING'
2025-01-29 17:02:27,452 INFO c.h.h.t.HelmChartContainer - [hivemq-test-hivemq-platform] [hivemq-platform-operator] [bd177c04] 17:02:27.449 [pool-6-thread-12] DEBUG c.h.p.o.d.PlatformServiceResource - [helmbrid] Desired Platform services (3 services)
2025-01-29 17:02:27,456 INFO c.h.h.t.HelmChartContainer - [hivemq-test-hivemq-platform] [hivemq-platform-operator] [bd177c04] 17:02:27.453 [pool-6-thread-17] DEBUG c.h.p.o.d.PodServiceAccountResource - [helmbrid] Desired PodServiceAccountResource (serviceAccountName: hivemq-platform-pod-test-hivemq-platform)
2025-01-29 17:02:27,457 INFO c.h.h.t.HelmChartContainer - [hivemq-test-hivemq-platform] [hivemq-platform-operator] [bd177c04] 17:02:27.454 [pool-6-thread-13] DEBUG c.h.p.o.dependants.PodInfoConfigMap - [helmbrid] Desired PodInfo ConfigMap (1 extensions) (1 enabled)
2025-01-29 17:02:27,460 INFO c.h.h.t.HelmChartContainer - [hivemq-test-hivemq-platform] [hivemq-platform-operator] [bd177c04] 17:02:27.457 [pool-6-thread-13] DEBUG c.h.p.o.dependants.PodInfoConfigMap - [helmbrid] Desired PodInfo ConfigMap (metrics port: 9399) (metrics path: /)
2025-01-29 17:02:27,460 INFO c.h.h.t.HelmChartContainer - [hivemq-test-hivemq-platform] [hivemq-platform-operator] [bd177c04] 17:02:27.457 [pool-6-thread-13] DEBUG c.h.p.o.dependants.PodInfoConfigMap - [helmbrid] Desired PodInfo ConfigMap (extension state hash: 1079797684)
2025-01-29 17:02:27,464 INFO c.h.h.t.HelmChartContainer - [hivemq-test-hivemq-platform] [hivemq-platform-operator] [bd177c04] 17:02:27.461 [pool-6-thread-13] DEBUG c.h.p.o.dependants.PodInfoConfigMap - [helmbrid] Update PodInfo ConfigMap
2025-01-29 17:02:27,469 INFO c.h.h.t.HelmChartContainer - [K3S] [alloc.go:330] "allocated clusterIPs" service="helmbridgeextensionit/hivemq-test-hivemq-platform-metrics-9399" clusterIPs={"IPv4":"10.43.246.215"}
2025-01-29 17:02:27,545 INFO c.h.h.t.HelmChartContainer - [K3S] [alloc.go:330] "allocated clusterIPs" service="helmbridgeextensionit/hivemq-test-hivemq-platform-mqtt-1883" clusterIPs={"IPv4":"10.43.6.112"}
2025-01-29 17:02:27,634 INFO c.h.h.t.HelmChartContainer - [K3S] [alloc.go:330] "allocated clusterIPs" service="helmbridgeextensionit/hivemq-test-hivemq-platform-cc-8080" clusterIPs={"IPv4":"10.43.253.88"}
2025-01-29 17:02:27,644 INFO c.h.h.t.HelmChartContainer - [hivemq-test-hivemq-platform] [hivemq-platform-operator] [bd177c04] 17:02:27.640 [pool-6-thread-20] DEBUG c.h.p.o.d.StatefulSetResource - [helmbrid] Desired StatefulSet (1 replicas) for status STARTING (READY)
2025-01-29 17:02:27,737 INFO c.h.h.t.HelmChartContainer - [hivemq-test-hivemq-platform] [hivemq-platform-operator] [bd177c04] 17:02:27.735 [pool-6-thread-20] DEBUG c.h.p.o.d.StatefulSetResource - [helmbrid] Create StatefulSet
2025-01-29 17:02:27,847 INFO c.h.h.t.HelmChartContainer - [hivemq-test-hivemq-platform] [hivemq-platform-operator] [bd177c04] 17:02:27.845 [ReconcilerExecutor-hivemq-controller-65] INFO  c.h.p.o.HiveMQPlatformReconciler - [helmbrid] Reconciling HiveMQ Platform 'test-hivemq-platform' in namespace 'helmbridgeextensionit'
2025-01-29 17:02:27,847 INFO c.h.h.t.HelmChartContainer - [hivemq-test-hivemq-platform] [hivemq-platform-operator] [bd177c04] 17:02:27.845 [ReconcilerExecutor-hivemq-controller-65] DEBUG c.h.p.o.HiveMQPlatformReconciler - [helmbrid] Custom Resource Status STARTING - HiveMQ Platform is starting (READY)
2025-01-29 17:02:27,847 INFO c.h.h.t.HelmChartContainer - [hivemq-test-hivemq-platform] [hivemq-platform-operator] [bd177c04] 17:02:27.845 [ReconcilerExecutor-hivemq-controller-65] DEBUG c.h.p.o.HiveMQPlatformReconciler - [helmbrid] Custom Resource Spec (replicas: 1) (extensions: 1)
2025-01-29 17:02:27,856 INFO c.h.h.t.HelmChartContainer - [EVENT] Normal [SuccessfulCreate] create Pod test-hivemq-platform-0 in StatefulSet test-hivemq-platform successful [helmbridgeextensionit:test-hivemq-platform]
2025-01-29 17:02:27,858 INFO c.h.h.t.HelmChartContainer - [POD] test-hivemq-platform-0 [36caacbb-c4b1-4589-b83d-4bd40e44b84d] in helmbridgeextensionit was ADDED
2025-01-29 17:02:27,865 INFO c.h.h.t.HelmChartContainer - [EVENT] Normal [Scheduled] Successfully assigned helmbridgeextensionit/test-hivemq-platform-0 to 38f70066c240 [helmbridgeextensionit:test-hivemq-platform-0]
2025-01-29 17:02:27,866 INFO c.h.h.t.HelmChartContainer - [POD] test-hivemq-platform-0 [36caacbb-c4b1-4589-b83d-4bd40e44b84d] in helmbridgeextensionit was MODIFIED
2025-01-29 17:02:27,876 INFO c.h.h.t.HelmChartContainer - [POD] test-hivemq-platform-0 [36caacbb-c4b1-4589-b83d-4bd40e44b84d] in helmbridgeextensionit was MODIFIED
2025-01-29 17:02:27,926 INFO c.h.h.t.HelmChartContainer - [hivemq-test-hivemq-platform] [hivemq-platform-operator] [bd177c04] 17:02:27.924 [ReconcilerExecutor-hivemq-controller-65] DEBUG c.h.p.o.HiveMQPlatformReconciler - [helmbrid] StatefulSet Status (revision: null, replicas: 0, available: 0, ready: 0, current: 0, updated: 0)
2025-01-29 17:02:27,927 INFO c.h.h.t.HelmChartContainer - [hivemq-test-hivemq-platform] [hivemq-platform-operator] [bd177c04] 17:02:27.924 [ReconcilerExecutor-hivemq-controller-65] DEBUG c.h.p.o.HiveMQPlatformReconciler - [helmbrid] StatefulSet Spec (replicas: 1, init containers: 1, containers: 1, volumes: 4)
2025-01-29 17:02:27,932 INFO c.h.h.t.HelmChartContainer - [hivemq-test-hivemq-platform] [hivemq-platform-operator] [bd177c04] 17:02:27.929 [ReconcilerExecutor-hivemq-controller-65] INFO  c.h.p.o.h.HiveMQPlatformReconcilerBaseHandler - [helmbrid] HiveMQ Platform is starting, 0 of 1 replicas are ready
2025-01-29 17:02:28,028 INFO c.h.h.t.HelmChartContainer - [K3S] [reconciler_common.go:251] "operationExecutor.VerifyControllerAttachedVolume started for volume \"extension-configuration-hivemq-bridge-extension\" (UniqueName: \"kubernetes.io/configmap/36caacbb-c4b1-4589-b83d-4bd40e44b84d-extension-configuration-hivemq-bridge-extension\") pod \"test-hivemq-platform-0\" (UID: \"36caacbb-c4b1-4589-b83d-4bd40e44b84d\") " pod="helmbridgeextensionit/test-hivemq-platform-0"
2025-01-29 17:02:28,029 INFO c.h.h.t.HelmChartContainer - [K3S] [reconciler_common.go:251] "operationExecutor.VerifyControllerAttachedVolume started for volume \"broker-configuration\" (UniqueName: \"kubernetes.io/configmap/36caacbb-c4b1-4589-b83d-4bd40e44b84d-broker-configuration\") pod \"test-hivemq-platform-0\" (UID: \"36caacbb-c4b1-4589-b83d-4bd40e44b84d\") " pod="helmbridgeextensionit/test-hivemq-platform-0"
2025-01-29 17:02:28,032 INFO c.h.h.t.HelmChartContainer - [K3S] [reconciler_common.go:251] "operationExecutor.VerifyControllerAttachedVolume started for volume \"pod-info\" (UniqueName: \"kubernetes.io/configmap/36caacbb-c4b1-4589-b83d-4bd40e44b84d-pod-info\") pod \"test-hivemq-platform-0\" (UID: \"36caacbb-c4b1-4589-b83d-4bd40e44b84d\") " pod="helmbridgeextensionit/test-hivemq-platform-0"
2025-01-29 17:02:28,030 INFO c.h.h.t.HelmChartContainer - [hivemq-test-hivemq-platform] [hivemq-platform-operator] [bd177c04] 17:02:28.025 [pool-6-thread-22] DEBUG c.h.p.o.d.PlatformServiceResource - [helmbrid] Desired Platform services (3 services)
2025-01-29 17:02:28,032 INFO c.h.h.t.HelmChartContainer - [K3S] [reconciler_common.go:251] "operationExecutor.VerifyControllerAttachedVolume started for volume \"operator-init\" (UniqueName: \"kubernetes.io/empty-dir/36caacbb-c4b1-4589-b83d-4bd40e44b84d-operator-init\") pod \"test-hivemq-platform-0\" (UID: \"36caacbb-c4b1-4589-b83d-4bd40e44b84d\") " pod="helmbridgeextensionit/test-hivemq-platform-0"
2025-01-29 17:02:28,035 INFO c.h.h.t.HelmChartContainer - [K3S] [reconciler_common.go:251] "operationExecutor.VerifyControllerAttachedVolume started for volume \"kube-api-access-pczgn\" (UniqueName: \"kubernetes.io/projected/36caacbb-c4b1-4589-b83d-4bd40e44b84d-kube-api-access-pczgn\") pod \"test-hivemq-platform-0\" (UID: \"36caacbb-c4b1-4589-b83d-4bd40e44b84d\") " pod="helmbridgeextensionit/test-hivemq-platform-0"
2025-01-29 17:02:28,035 INFO c.h.h.t.HelmChartContainer - [hivemq-test-hivemq-platform] [hivemq-platform-operator] [bd177c04] 17:02:28.031 [pool-6-thread-23] DEBUG c.h.p.o.dependants.PodInfoConfigMap - [helmbrid] Desired PodInfo ConfigMap (1 extensions) (1 enabled)
2025-01-29 17:02:28,035 INFO c.h.h.t.HelmChartContainer - [hivemq-test-hivemq-platform] [hivemq-platform-operator] [bd177c04] 17:02:28.031 [pool-6-thread-23] DEBUG c.h.p.o.dependants.PodInfoConfigMap - [helmbrid] Desired PodInfo ConfigMap (metrics port: 9399) (metrics path: /)
2025-01-29 17:02:28,035 INFO c.h.h.t.HelmChartContainer - [hivemq-test-hivemq-platform] [hivemq-platform-operator] [bd177c04] 17:02:28.031 [pool-6-thread-23] DEBUG c.h.p.o.dependants.PodInfoConfigMap - [helmbrid] Desired PodInfo ConfigMap (extension state hash: 1079797684)
2025-01-29 17:02:28,037 INFO c.h.h.t.HelmChartContainer - [hivemq-test-hivemq-platform] [hivemq-platform-operator] [bd177c04] 17:02:28.036 [pool-6-thread-27] DEBUG c.h.p.o.d.PodServiceAccountResource - [helmbrid] Desired PodServiceAccountResource (serviceAccountName: hivemq-platform-pod-test-hivemq-platform)
2025-01-29 17:02:28,131 INFO c.h.h.t.HelmChartContainer - [hivemq-test-hivemq-platform] [hivemq-platform-operator] [bd177c04] 17:02:28.129 [pool-6-thread-30] DEBUG c.h.p.o.d.StatefulSetResource - [helmbrid] Desired StatefulSet (1 replicas) for status STARTING (READY)
2025-01-29 17:02:28,137 INFO c.h.h.t.HelmChartContainer - [hivemq-test-hivemq-platform] [hivemq-platform-operator] [bd177c04] 17:02:28.135 [ReconcilerExecutor-hivemq-controller-76] INFO  c.h.p.o.HiveMQPlatformReconciler - [helmbrid] Reconciling HiveMQ Platform 'test-hivemq-platform' in namespace 'helmbridgeextensionit'
2025-01-29 17:02:28,137 INFO c.h.h.t.HelmChartContainer - [hivemq-test-hivemq-platform] [hivemq-platform-operator] [bd177c04] 17:02:28.136 [ReconcilerExecutor-hivemq-controller-76] DEBUG c.h.p.o.HiveMQPlatformReconciler - [helmbrid] Custom Resource Status STARTING - HiveMQ Platform is starting (READY)
2025-01-29 17:02:28,138 INFO c.h.h.t.HelmChartContainer - [hivemq-test-hivemq-platform] [hivemq-platform-operator] [bd177c04] 17:02:28.136 [ReconcilerExecutor-hivemq-controller-76] DEBUG c.h.p.o.HiveMQPlatformReconciler - [helmbrid] Custom Resource Spec (replicas: 1) (extensions: 1)
2025-01-29 17:02:28,142 INFO c.h.h.t.HelmChartContainer - [hivemq-test-hivemq-platform] [hivemq-platform-operator] [bd177c04] 17:02:28.140 [ReconcilerExecutor-hivemq-controller-76] DEBUG c.h.p.o.HiveMQPlatformReconciler - [helmbrid] StatefulSet Status (revision: test-hivemq-platform-5686c99fcc, replicas: 1, available: 0, ready: 0, current: 1, updated: 1)
2025-01-29 17:02:28,142 INFO c.h.h.t.HelmChartContainer - [hivemq-test-hivemq-platform] [hivemq-platform-operator] [bd177c04] 17:02:28.140 [ReconcilerExecutor-hivemq-controller-76] DEBUG c.h.p.o.HiveMQPlatformReconciler - [helmbrid] StatefulSet Spec (replicas: 1, init containers: 1, containers: 1, volumes: 4)
2025-01-29 17:02:28,233 INFO c.h.h.t.HelmChartContainer - [hivemq-test-hivemq-platform] [hivemq-platform-operator] [bd177c04] 17:02:28.232 [ReconcilerExecutor-hivemq-controller-76] DEBUG c.h.p.o.h.HiveMQPlatformReconcilerErrorHandler - [helmbrid] Pod 'test-hivemq-platform-0' phase Pending
2025-01-29 17:02:28,236 INFO c.h.h.t.HelmChartContainer - [hivemq-test-hivemq-platform] [hivemq-platform-operator] [bd177c04] 17:02:28.233 [ReconcilerExecutor-hivemq-controller-76] DEBUG c.h.p.o.h.HiveMQPlatformReconcilerErrorHandler - [helmbrid] Pod 'test-hivemq-platform-0' condition 'PodReadyToStartContainers': False
2025-01-29 17:02:28,236 INFO c.h.h.t.HelmChartContainer - [hivemq-test-hivemq-platform] [hivemq-platform-operator] [bd177c04] 17:02:28.233 [ReconcilerExecutor-hivemq-controller-76] DEBUG c.h.p.o.h.HiveMQPlatformReconcilerErrorHandler - [helmbrid] Pod 'test-hivemq-platform-0' condition 'Initialized': False
2025-01-29 17:02:28,236 INFO c.h.h.t.HelmChartContainer - [hivemq-test-hivemq-platform] [hivemq-platform-operator] [bd177c04] 17:02:28.233 [ReconcilerExecutor-hivemq-controller-76] DEBUG c.h.p.o.h.HiveMQPlatformReconcilerErrorHandler - [helmbrid] Pod 'test-hivemq-platform-0' condition 'Ready': False
2025-01-29 17:02:28,236 INFO c.h.h.t.HelmChartContainer - [hivemq-test-hivemq-platform] [hivemq-platform-operator] [bd177c04] 17:02:28.233 [ReconcilerExecutor-hivemq-controller-76] DEBUG c.h.p.o.h.HiveMQPlatformReconcilerErrorHandler - [helmbrid] Pod 'test-hivemq-platform-0' condition 'ContainersReady': False
2025-01-29 17:02:28,236 INFO c.h.h.t.HelmChartContainer - [hivemq-test-hivemq-platform] [hivemq-platform-operator] [bd177c04] 17:02:28.233 [ReconcilerExecutor-hivemq-controller-76] DEBUG c.h.p.o.h.HiveMQPlatformReconcilerErrorHandler - [helmbrid] Pod 'test-hivemq-platform-0' condition 'PodScheduled': True
2025-01-29 17:02:28,236 INFO c.h.h.t.HelmChartContainer - [hivemq-test-hivemq-platform] [hivemq-platform-operator] [bd177c04] 17:02:28.234 [ReconcilerExecutor-hivemq-controller-76] DEBUG c.h.p.o.h.HiveMQPlatformReconcilerErrorHandler - [helmbrid] Pod 'test-hivemq-platform-0' containerStatus 'hivemq' (started: false) (ready: false) (waiting: [PodInitializing] null)
2025-01-29 17:02:28,239 INFO c.h.h.t.HelmChartContainer - [hivemq-test-hivemq-platform] [hivemq-platform-operator] [bd177c04] 17:02:28.237 [ReconcilerExecutor-hivemq-controller-76] INFO  c.h.p.o.h.HiveMQPlatformReconcilerBaseHandler - [helmbrid] HiveMQ Platform is starting, 0 of 1 replicas are ready
2025-01-29 17:02:28,244 INFO c.h.h.t.HelmChartContainer - [hivemq-test-hivemq-platform] [hivemq-platform-operator] [bd177c04] 17:02:28.242 [pool-6-thread-32] DEBUG c.h.p.o.d.PlatformServiceResource - [helmbrid] Desired Platform services (3 services)
2025-01-29 17:02:28,276 INFO c.h.h.t.HelmChartContainer - [EVENT] Normal [Pulled] Container image "docker.io/hivemq/hivemq-platform-operator-init-test:snapshot" already present on machine [helmbridgeextensionit:test-hivemq-platform-0]
2025-01-29 17:02:28,286 INFO c.h.h.t.HelmChartContainer - [EVENT] Normal [Created] Created container: hivemq-platform-operator-init [helmbridgeextensionit:test-hivemq-platform-0]
2025-01-29 17:02:28,322 INFO c.h.h.t.HelmChartContainer - [EVENT] Normal [Started] Started container hivemq-platform-operator-init [helmbridgeextensionit:test-hivemq-platform-0]
2025-01-29 17:02:28,329 INFO c.h.h.t.HelmChartContainer - [hivemq-test-hivemq-platform] [hivemq-platform-operator] [bd177c04] 17:02:28.327 [pool-6-thread-33] DEBUG c.h.p.o.dependants.PodInfoConfigMap - [helmbrid] Desired PodInfo ConfigMap (1 extensions) (1 enabled)
2025-01-29 17:02:28,329 INFO c.h.h.t.HelmChartContainer - [hivemq-test-hivemq-platform] [hivemq-platform-operator] [bd177c04] 17:02:28.327 [pool-6-thread-33] DEBUG c.h.p.o.dependants.PodInfoConfigMap - [helmbrid] Desired PodInfo ConfigMap (metrics port: 9399) (metrics path: /)
2025-01-29 17:02:28,329 INFO c.h.h.t.HelmChartContainer - [hivemq-test-hivemq-platform] [hivemq-platform-operator] [bd177c04] 17:02:28.327 [pool-6-thread-33] DEBUG c.h.p.o.dependants.PodInfoConfigMap - [helmbrid] Desired PodInfo ConfigMap (extension state hash: 1079797684)
2025-01-29 17:02:28,334 INFO c.h.h.t.HelmChartContainer - [hivemq-test-hivemq-platform] [hivemq-platform-operator] [bd177c04] 17:02:28.332 [pool-6-thread-37] DEBUG c.h.p.o.d.PodServiceAccountResource - [helmbrid] Desired PodServiceAccountResource (serviceAccountName: hivemq-platform-pod-test-hivemq-platform)
2025-01-29 17:02:28,341 INFO c.h.h.t.HelmChartContainer - [hivemq-test-hivemq-platform] [hivemq-platform-operator] [bd177c04] 17:02:28.339 [pool-6-thread-40] DEBUG c.h.p.o.d.StatefulSetResource - [helmbrid] Desired StatefulSet (1 replicas) for status STARTING (READY)
2025-01-29 17:02:28,426 INFO c.h.h.t.HelmChartContainer - [hivemq-test-hivemq-platform] [hivemq-platform-operator] [bd177c04] 17:02:28.424 [ReconcilerExecutor-hivemq-controller-87] INFO  c.h.p.o.HiveMQPlatformReconciler - [helmbrid] Reconciling HiveMQ Platform 'test-hivemq-platform' in namespace 'helmbridgeextensionit'
2025-01-29 17:02:28,426 INFO c.h.h.t.HelmChartContainer - [hivemq-test-hivemq-platform] [hivemq-platform-operator] [bd177c04] 17:02:28.425 [ReconcilerExecutor-hivemq-controller-87] DEBUG c.h.p.o.HiveMQPlatformReconciler - [helmbrid] Custom Resource Status STARTING - HiveMQ Platform is starting (READY)
2025-01-29 17:02:28,426 INFO c.h.h.t.HelmChartContainer - [hivemq-test-hivemq-platform] [hivemq-platform-operator] [bd177c04] 17:02:28.425 [ReconcilerExecutor-hivemq-controller-87] DEBUG c.h.p.o.HiveMQPlatformReconciler - [helmbrid] Custom Resource Spec (replicas: 1) (extensions: 1)
2025-01-29 17:02:28,431 INFO c.h.h.t.HelmChartContainer - [hivemq-test-hivemq-platform] [hivemq-platform-operator] [bd177c04] 17:02:28.429 [ReconcilerExecutor-hivemq-controller-87] DEBUG c.h.p.o.HiveMQPlatformReconciler - [helmbrid] StatefulSet Status (revision: test-hivemq-platform-5686c99fcc, replicas: 1, available: 0, ready: 0, current: 1, updated: 1)
2025-01-29 17:02:28,431 INFO c.h.h.t.HelmChartContainer - [hivemq-test-hivemq-platform] [hivemq-platform-operator] [bd177c04] 17:02:28.429 [ReconcilerExecutor-hivemq-controller-87] DEBUG c.h.p.o.HiveMQPlatformReconciler - [helmbrid] StatefulSet Spec (replicas: 1, init containers: 1, containers: 1, volumes: 4)
2025-01-29 17:02:28,434 INFO c.h.h.t.HelmChartContainer - [hivemq-test-hivemq-platform] [hivemq-platform-operator] [bd177c04] 17:02:28.431 [ReconcilerExecutor-hivemq-controller-87] DEBUG c.h.p.o.h.HiveMQPlatformReconcilerErrorHandler - [helmbrid] Pod 'test-hivemq-platform-0' phase Pending
2025-01-29 17:02:28,434 INFO c.h.h.t.HelmChartContainer - [hivemq-test-hivemq-platform] [hivemq-platform-operator] [bd177c04] 17:02:28.432 [ReconcilerExecutor-hivemq-controller-87] DEBUG c.h.p.o.h.HiveMQPlatformReconcilerErrorHandler - [helmbrid] Pod 'test-hivemq-platform-0' condition 'PodReadyToStartContainers': False
2025-01-29 17:02:28,434 INFO c.h.h.t.HelmChartContainer - [hivemq-test-hivemq-platform] [hivemq-platform-operator] [bd177c04] 17:02:28.432 [ReconcilerExecutor-hivemq-controller-87] DEBUG c.h.p.o.h.HiveMQPlatformReconcilerErrorHandler - [helmbrid] Pod 'test-hivemq-platform-0' condition 'Initialized': False
2025-01-29 17:02:28,435 INFO c.h.h.t.HelmChartContainer - [hivemq-test-hivemq-platform] [hivemq-platform-operator] [bd177c04] 17:02:28.432 [ReconcilerExecutor-hivemq-controller-87] DEBUG c.h.p.o.h.HiveMQPlatformReconcilerErrorHandler - [helmbrid] Pod 'test-hivemq-platform-0' condition 'Ready': False
2025-01-29 17:02:28,435 INFO c.h.h.t.HelmChartContainer - [hivemq-test-hivemq-platform] [hivemq-platform-operator] [bd177c04] 17:02:28.432 [ReconcilerExecutor-hivemq-controller-87] DEBUG c.h.p.o.h.HiveMQPlatformReconcilerErrorHandler - [helmbrid] Pod 'test-hivemq-platform-0' condition 'ContainersReady': False
2025-01-29 17:02:28,435 INFO c.h.h.t.HelmChartContainer - [hivemq-test-hivemq-platform] [hivemq-platform-operator] [bd177c04] 17:02:28.432 [ReconcilerExecutor-hivemq-controller-87] DEBUG c.h.p.o.h.HiveMQPlatformReconcilerErrorHandler - [helmbrid] Pod 'test-hivemq-platform-0' condition 'PodScheduled': True
2025-01-29 17:02:28,435 INFO c.h.h.t.HelmChartContainer - [hivemq-test-hivemq-platform] [hivemq-platform-operator] [bd177c04] 17:02:28.432 [ReconcilerExecutor-hivemq-controller-87] DEBUG c.h.p.o.h.HiveMQPlatformReconcilerErrorHandler - [helmbrid] Pod 'test-hivemq-platform-0' containerStatus 'hivemq' (started: false) (ready: false) (waiting: [PodInitializing] null)
2025-01-29 17:02:28,435 INFO c.h.h.t.HelmChartContainer - [hivemq-test-hivemq-platform] [hivemq-platform-operator] [bd177c04] 17:02:28.433 [ReconcilerExecutor-hivemq-controller-87] INFO  c.h.p.o.h.HiveMQPlatformReconcilerBaseHandler - [helmbrid] HiveMQ Platform is starting, 0 of 1 replicas are ready
2025-01-29 17:02:29,253 INFO c.h.h.t.HelmChartContainer - [EVENT] Normal [Pulled] Container image "docker.io/hivemq/hivemq4:4.36.0" already present on machine [helmbridgeextensionit:test-hivemq-platform-0]
2025-01-29 17:02:29,253 INFO c.h.h.t.HelmChartContainer - Received Pulled event for container hivemq in pod test-hivemq-platform-0 [36caacbb-c4b1-4589-b83d-4bd40e44b84d]
2025-01-29 17:02:29,266 INFO c.h.h.t.HelmChartContainer - [POD] test-hivemq-platform-0 [36caacbb-c4b1-4589-b83d-4bd40e44b84d] in helmbridgeextensionit was MODIFIED
2025-01-29 17:02:29,277 INFO c.h.h.t.HelmChartContainer - [EVENT] Normal [Created] Created container: hivemq [helmbridgeextensionit:test-hivemq-platform-0]
2025-01-29 17:02:29,278 INFO c.h.h.t.HelmChartContainer - Received Created event for container hivemq in pod test-hivemq-platform-0 [36caacbb-c4b1-4589-b83d-4bd40e44b84d]
2025-01-29 17:02:29,294 INFO c.h.h.t.HelmChartContainer - [hivemq-test-hivemq-platform] [hivemq-platform-operator] [bd177c04] 17:02:29.282 [pool-6-thread-42] DEBUG c.h.p.o.d.PlatformServiceResource - [helmbrid] Desired Platform services (3 services)
2025-01-29 17:02:29,294 INFO c.h.h.t.HelmChartContainer - [hivemq-test-hivemq-platform] [hivemq-platform-operator] [bd177c04] 17:02:29.285 [pool-6-thread-43] DEBUG c.h.p.o.dependants.PodInfoConfigMap - [helmbrid] Desired PodInfo ConfigMap (1 extensions) (1 enabled)
2025-01-29 17:02:29,294 INFO c.h.h.t.HelmChartContainer - [hivemq-test-hivemq-platform] [hivemq-platform-operator] [bd177c04] 17:02:29.285 [pool-6-thread-43] DEBUG c.h.p.o.dependants.PodInfoConfigMap - [helmbrid] Desired PodInfo ConfigMap (metrics port: 9399) (metrics path: /)
2025-01-29 17:02:29,294 INFO c.h.h.t.HelmChartContainer - [hivemq-test-hivemq-platform] [hivemq-platform-operator] [bd177c04] 17:02:29.285 [pool-6-thread-43] DEBUG c.h.p.o.dependants.PodInfoConfigMap - [helmbrid] Desired PodInfo ConfigMap (extension state hash: 1079797684)
2025-01-29 17:02:29,295 INFO c.h.h.t.HelmChartContainer - [hivemq-test-hivemq-platform] [hivemq-platform-operator] [bd177c04] 17:02:29.289 [pool-6-thread-47] DEBUG c.h.p.o.d.PodServiceAccountResource - [helmbrid] Desired PodServiceAccountResource (serviceAccountName: hivemq-platform-pod-test-hivemq-platform)
2025-01-29 17:02:29,336 INFO c.h.h.t.HelmChartContainer - [hivemq-test-hivemq-platform] [hivemq-platform-operator] [bd177c04] 17:02:29.333 [pool-6-thread-50] DEBUG c.h.p.o.d.StatefulSetResource - [helmbrid] Desired StatefulSet (1 replicas) for status STARTING (READY)
2025-01-29 17:02:29,382 INFO c.h.h.t.HelmChartContainer - [hivemq-test-hivemq-platform] [hivemq-platform-operator] [bd177c04] 17:02:29.378 [ReconcilerExecutor-hivemq-controller-98] INFO  c.h.p.o.HiveMQPlatformReconciler - [helmbrid] Reconciling HiveMQ Platform 'test-hivemq-platform' in namespace 'helmbridgeextensionit'
2025-01-29 17:02:29,382 INFO c.h.h.t.HelmChartContainer - [hivemq-test-hivemq-platform] [hivemq-platform-operator] [bd177c04] 17:02:29.378 [ReconcilerExecutor-hivemq-controller-98] DEBUG c.h.p.o.HiveMQPlatformReconciler - [helmbrid] Custom Resource Status STARTING - HiveMQ Platform is starting (READY)
2025-01-29 17:02:29,382 INFO c.h.h.t.HelmChartContainer - [hivemq-test-hivemq-platform] [hivemq-platform-operator] [bd177c04] 17:02:29.378 [ReconcilerExecutor-hivemq-controller-98] DEBUG c.h.p.o.HiveMQPlatformReconciler - [helmbrid] Custom Resource Spec (replicas: 1) (extensions: 1)
2025-01-29 17:02:29,384 INFO c.h.h.t.HelmChartContainer - [hivemq-test-hivemq-platform] [hivemq-platform-operator] [bd177c04] 17:02:29.381 [ReconcilerExecutor-hivemq-controller-98] DEBUG c.h.p.o.HiveMQPlatformReconciler - [helmbrid] StatefulSet Status (revision: test-hivemq-platform-5686c99fcc, replicas: 1, available: 0, ready: 0, current: 1, updated: 1)
2025-01-29 17:02:29,384 INFO c.h.h.t.HelmChartContainer - [hivemq-test-hivemq-platform] [hivemq-platform-operator] [bd177c04] 17:02:29.382 [ReconcilerExecutor-hivemq-controller-98] DEBUG c.h.p.o.HiveMQPlatformReconciler - [helmbrid] StatefulSet Spec (replicas: 1, init containers: 1, containers: 1, volumes: 4)
2025-01-29 17:02:29,388 INFO c.h.h.t.HelmChartContainer - [hivemq-test-hivemq-platform] [hivemq-platform-operator] [bd177c04] 17:02:29.387 [ReconcilerExecutor-hivemq-controller-98] DEBUG c.h.p.o.h.HiveMQPlatformReconcilerErrorHandler - [helmbrid] Pod 'test-hivemq-platform-0' phase Pending
2025-01-29 17:02:29,389 INFO c.h.h.t.HelmChartContainer - [hivemq-test-hivemq-platform] [hivemq-platform-operator] [bd177c04] 17:02:29.388 [ReconcilerExecutor-hivemq-controller-98] DEBUG c.h.p.o.h.HiveMQPlatformReconcilerErrorHandler - [helmbrid] Pod 'test-hivemq-platform-0' condition 'PodReadyToStartContainers': True
2025-01-29 17:02:29,392 INFO c.h.h.t.HelmChartContainer - [hivemq-test-hivemq-platform] [hivemq-platform-operator] [bd177c04] 17:02:29.389 [ReconcilerExecutor-hivemq-controller-98] DEBUG c.h.p.o.h.HiveMQPlatformReconcilerErrorHandler - [helmbrid] Pod 'test-hivemq-platform-0' condition 'Initialized': True
2025-01-29 17:02:29,392 INFO c.h.h.t.HelmChartContainer - [hivemq-test-hivemq-platform] [hivemq-platform-operator] [bd177c04] 17:02:29.389 [ReconcilerExecutor-hivemq-controller-98] DEBUG c.h.p.o.h.HiveMQPlatformReconcilerErrorHandler - [helmbrid] Pod 'test-hivemq-platform-0' condition 'Ready': False
2025-01-29 17:02:29,392 INFO c.h.h.t.HelmChartContainer - [hivemq-test-hivemq-platform] [hivemq-platform-operator] [bd177c04] 17:02:29.389 [ReconcilerExecutor-hivemq-controller-98] DEBUG c.h.p.o.h.HiveMQPlatformReconcilerErrorHandler - [helmbrid] Pod 'test-hivemq-platform-0' condition 'ContainersReady': False
2025-01-29 17:02:29,392 INFO c.h.h.t.HelmChartContainer - [hivemq-test-hivemq-platform] [hivemq-platform-operator] [bd177c04] 17:02:29.389 [ReconcilerExecutor-hivemq-controller-98] DEBUG c.h.p.o.h.HiveMQPlatformReconcilerErrorHandler - [helmbrid] Pod 'test-hivemq-platform-0' condition 'PodScheduled': True
2025-01-29 17:02:29,392 INFO c.h.h.t.HelmChartContainer - [hivemq-test-hivemq-platform] [hivemq-platform-operator] [bd177c04] 17:02:29.389 [ReconcilerExecutor-hivemq-controller-98] DEBUG c.h.p.o.h.HiveMQPlatformReconcilerErrorHandler - [helmbrid] Pod 'test-hivemq-platform-0' containerStatus 'hivemq' (started: false) (ready: false) (waiting: [PodInitializing] null)
2025-01-29 17:02:29,392 INFO c.h.h.t.HelmChartContainer - [hivemq-test-hivemq-platform] [hivemq-platform-operator] [bd177c04] 17:02:29.390 [ReconcilerExecutor-hivemq-controller-98] INFO  c.h.p.o.h.HiveMQPlatformReconcilerBaseHandler - [helmbrid] HiveMQ Platform is starting, 0 of 1 replicas are ready
2025-01-29 17:02:30,273 INFO c.h.h.t.HelmChartContainer - [POD] test-hivemq-platform-0 [36caacbb-c4b1-4589-b83d-4bd40e44b84d] in helmbridgeextensionit was MODIFIED
2025-01-29 17:02:30,289 INFO c.h.h.t.HelmChartContainer - [hivemq-test-hivemq-platform] [hivemq-platform-operator] [bd177c04] 17:02:30.282 [pool-6-thread-6] DEBUG c.h.p.o.d.PlatformServiceResource - [helmbrid] Desired Platform services (3 services)
2025-01-29 17:02:30,297 INFO c.h.h.t.HelmChartContainer - [hivemq-test-hivemq-platform] [hivemq-platform-operator] [bd177c04] 17:02:30.287 [pool-6-thread-9] DEBUG c.h.p.o.dependants.PodInfoConfigMap - [helmbrid] Desired PodInfo ConfigMap (1 extensions) (1 enabled)
2025-01-29 17:02:30,297 INFO c.h.h.t.HelmChartContainer - [hivemq-test-hivemq-platform] [hivemq-platform-operator] [bd177c04] 17:02:30.287 [pool-6-thread-9] DEBUG c.h.p.o.dependants.PodInfoConfigMap - [helmbrid] Desired PodInfo ConfigMap (metrics port: 9399) (metrics path: /)
2025-01-29 17:02:30,297 INFO c.h.h.t.HelmChartContainer - [hivemq-test-hivemq-platform] [hivemq-platform-operator] [bd177c04] 17:02:30.287 [pool-6-thread-9] DEBUG c.h.p.o.dependants.PodInfoConfigMap - [helmbrid] Desired PodInfo ConfigMap (extension state hash: 1079797684)
2025-01-29 17:02:30,297 INFO c.h.h.t.HelmChartContainer - [hivemq-test-hivemq-platform] [hivemq-platform-operator] [bd177c04] 17:02:30.290 [pool-6-thread-9] DEBUG c.h.p.o.d.PodServiceAccountResource - [helmbrid] Desired PodServiceAccountResource (serviceAccountName: hivemq-platform-pod-test-hivemq-platform)
2025-01-29 17:02:30,298 INFO c.h.h.t.HelmChartContainer - [EVENT] Normal [Started] Started container hivemq [helmbridgeextensionit:test-hivemq-platform-0]
2025-01-29 17:02:30,298 INFO c.h.h.t.HelmChartContainer - Started log watcher for hivemq in pod test-hivemq-platform-0 [36caacbb-c4b1-4589-b83d-4bd40e44b84d]
2025-01-29 17:02:30,298 INFO c.h.h.t.HelmChartContainer - Received Started event for container hivemq in pod test-hivemq-platform-0 [36caacbb-c4b1-4589-b83d-4bd40e44b84d]
2025-01-29 17:02:30,298 INFO c.h.h.t.HelmChartContainer - [test-hivemq-platform] [hivemq] [36caacbb] Adding pre-installed HiveMQ Platform Operator extensions
2025-01-29 17:02:30,298 INFO c.h.h.t.HelmChartContainer - [test-hivemq-platform] [hivemq] [36caacbb] Running as user 10000
2025-01-29 17:02:30,298 INFO c.h.h.t.HelmChartContainer - [test-hivemq-platform] [hivemq] [36caacbb] Starting HiveMQ Platform Operator Init
2025-01-29 17:02:30,302 INFO c.h.h.t.HelmChartContainer - [hivemq-test-hivemq-platform] [hivemq-platform-operator] [bd177c04] 17:02:30.300 [pool-6-thread-6] DEBUG c.h.p.o.d.StatefulSetResource - [helmbrid] Desired StatefulSet (1 replicas) for status STARTING (READY)
2025-01-29 17:02:30,380 INFO c.h.h.t.HelmChartContainer - [hivemq-test-hivemq-platform] [hivemq-platform-operator] [bd177c04] 17:02:30.378 [ReconcilerExecutor-hivemq-controller-109] INFO  c.h.p.o.HiveMQPlatformReconciler - [helmbrid] Reconciling HiveMQ Platform 'test-hivemq-platform' in namespace 'helmbridgeextensionit'
2025-01-29 17:02:30,381 INFO c.h.h.t.HelmChartContainer - [hivemq-test-hivemq-platform] [hivemq-platform-operator] [bd177c04] 17:02:30.379 [ReconcilerExecutor-hivemq-controller-109] DEBUG c.h.p.o.HiveMQPlatformReconciler - [helmbrid] Custom Resource Status STARTING - HiveMQ Platform is starting (READY)
2025-01-29 17:02:30,381 INFO c.h.h.t.HelmChartContainer - [hivemq-test-hivemq-platform] [hivemq-platform-operator] [bd177c04] 17:02:30.379 [ReconcilerExecutor-hivemq-controller-109] DEBUG c.h.p.o.HiveMQPlatformReconciler - [helmbrid] Custom Resource Spec (replicas: 1) (extensions: 1)
2025-01-29 17:02:30,385 INFO c.h.h.t.HelmChartContainer - [hivemq-test-hivemq-platform] [hivemq-platform-operator] [bd177c04] 17:02:30.382 [ReconcilerExecutor-hivemq-controller-109] DEBUG c.h.p.o.HiveMQPlatformReconciler - [helmbrid] StatefulSet Status (revision: test-hivemq-platform-5686c99fcc, replicas: 1, available: 0, ready: 0, current: 1, updated: 1)
2025-01-29 17:02:30,386 INFO c.h.h.t.HelmChartContainer - [hivemq-test-hivemq-platform] [hivemq-platform-operator] [bd177c04] 17:02:30.382 [ReconcilerExecutor-hivemq-controller-109] DEBUG c.h.p.o.HiveMQPlatformReconciler - [helmbrid] StatefulSet Spec (replicas: 1, init containers: 1, containers: 1, volumes: 4)
2025-01-29 17:02:30,388 INFO c.h.h.t.HelmChartContainer - [hivemq-test-hivemq-platform] [hivemq-platform-operator] [bd177c04] 17:02:30.386 [ReconcilerExecutor-hivemq-controller-109] DEBUG c.h.p.o.h.HiveMQPlatformReconcilerErrorHandler - [helmbrid] Pod 'test-hivemq-platform-0' phase Running
2025-01-29 17:02:30,393 INFO c.h.h.t.HelmChartContainer - [hivemq-test-hivemq-platform] [hivemq-platform-operator] [bd177c04] 17:02:30.389 [ReconcilerExecutor-hivemq-controller-109] INFO  c.h.p.o.h.HiveMQPlatformReconcilerBaseHandler - [helmbrid] HiveMQ Platform is starting, 0 of 1 replicas are ready
2025-01-29 17:02:30,621 INFO c.h.h.t.HelmChartContainer - [test-hivemq-platform] [hivemq] [36caacbb] INFO  - [HiveMQ Platform Operator Init 1.7.0-SNAPSHOT] HiveMQ Platform Operator Init 1.7.0-SNAPSHOT (commit: 8465ebf on branch: HEAD) built on Wed Jan 29 16:56:31 UTC 2025
2025-01-29 17:02:31,822 INFO c.h.h.t.HelmChartContainer - [test-hivemq-platform] [hivemq] [36caacbb] INFO  - [HiveMQ Platform Operator Init App 1.7.0-SNAPSHOT] Using bind address 10.42.0.6 from environment variable
2025-01-29 17:02:32,781 INFO c.h.h.t.HelmChartContainer - [test-hivemq-platform] [hivemq] [36caacbb] INFO  - [HiveMQ Platform Operator Init App 1.7.0-SNAPSHOT] HiveMQ Platform Operator Init App 1.7.0-SNAPSHOT (commit: 8465ebf on branch: HEAD) built on Wed Jan 29 16:56:31 UTC 2025
2025-01-29 17:02:32,781 INFO c.h.h.t.HelmChartContainer - [test-hivemq-platform] [hivemq] [36caacbb] INFO  - [HiveMQ Platform Operator Init App 1.7.0-SNAPSHOT] PodInfo ConfigMap directory: /etc/podinfo
2025-01-29 17:02:32,782 INFO c.h.h.t.HelmChartContainer - [test-hivemq-platform] [hivemq] [36caacbb] INFO  - [HiveMQ Platform Operator Init App 1.7.0-SNAPSHOT] HiveMQ home directory: /opt/hivemq
2025-01-29 17:02:32,782 INFO c.h.h.t.HelmChartContainer - [test-hivemq-platform] [hivemq] [36caacbb] INFO  - [HiveMQ Platform Operator Init App 1.7.0-SNAPSHOT] HiveMQ Logback folder: /opt/hivemq/conf
2025-01-29 17:02:32,782 INFO c.h.h.t.HelmChartContainer - [test-hivemq-platform] [hivemq] [36caacbb] INFO  - [HiveMQ Platform Operator Init App 1.7.0-SNAPSHOT] HiveMQ Config folder: /opt/hivemq/conf-k8s
2025-01-29 17:02:32,782 INFO c.h.h.t.HelmChartContainer - [test-hivemq-platform] [hivemq] [36caacbb] INFO  - [HiveMQ Platform Operator Init App 1.7.0-SNAPSHOT] Starting HiveMQ Platform Operator Init App
2025-01-29 17:02:32,782 INFO c.h.h.t.HelmChartContainer - [test-hivemq-platform] [hivemq] [36caacbb] INFO  - [HiveMQ Platform Operator Init App 1.7.0-SNAPSHOT] Starting Pod reconciler
2025-01-29 17:02:34,060 INFO c.h.h.t.HelmChartContainer - [test-hivemq-platform] [hivemq] [36caacbb] INFO  - [HiveMQ Platform Operator Init App 1.7.0-SNAPSHOT] Pod reconciler is scheduled (interval: 5000 ms)
2025-01-29 17:02:34,061 INFO c.h.h.t.HelmChartContainer - [test-hivemq-platform] [hivemq] [36caacbb] INFO  - [HiveMQ Platform Operator Init App 1.7.0-SNAPSHOT] Starting the REST API on 10.42.0.6:7979
2025-01-29 17:02:34,064 INFO c.h.h.t.HelmChartContainer - [test-hivemq-platform] [hivemq] [36caacbb] INFO  - [HiveMQ Platform Operator Init App 1.7.0-SNAPSHOT] Waiting up to 600s for at most 1 HiveMQ nodes in cluster service hivemq-test-hivemq-platform-cluster.helmbridgeextensionit.svc
2025-01-29 17:02:34,379 INFO c.h.h.t.HelmChartContainer - [test-hivemq-platform] [hivemq] [36caacbb] INFO  - [HiveMQ Platform Operator Init App 1.7.0-SNAPSHOT] Resolved 1 IP addresses: [10.42.0.6]
2025-01-29 17:02:34,379 INFO c.h.h.t.HelmChartContainer - [test-hivemq-platform] [hivemq] [36caacbb] INFO  - [HiveMQ Platform Operator Init App 1.7.0-SNAPSHOT] HiveMQ node count of 1 is within threshold of 1
2025-01-29 17:02:34,379 INFO c.h.h.t.HelmChartContainer - [test-hivemq-platform] [hivemq] [36caacbb] INFO  - [HiveMQ Platform Operator Init App 1.7.0-SNAPSHOT] Proceeding with container start
2025-01-29 17:02:34,474 INFO c.h.h.t.HelmChartContainer - [test-hivemq-platform] [hivemq] [36caacbb] INFO  - [HiveMQ Platform Operator Init App 1.7.0-SNAPSHOT] Initializing HiveMQ Platform extensions with initial configuration: {hivemq-bridge-extension={start-priority=-1, skip-https-hostname-verification=false, restart=true, config-version=518, header-version=0, c-uri=, priority=-1, uri=preinstalled, skip-https-certificate-validation=false, enabled=true}, hivemq-prometheus-extension={enabled=true, request-header-path=no-request-headers, uri=preinstalled, skip-https-certificate-validation=false, skip-https-hostname-verification=false, c-uri=, start-priority=-1, priority=-1, restart=true}}
2025-01-29 17:02:34,970 INFO c.h.h.t.HelmChartContainer - [test-hivemq-platform] [hivemq] [36caacbb] INFO  - [HiveMQ Platform Operator Init App 1.7.0-SNAPSHOT] Successfully enabled extension hivemq-bridge-extension
2025-01-29 17:02:34,978 INFO c.h.h.t.HelmChartContainer - [test-hivemq-platform] [hivemq] [36caacbb] INFO  - [HiveMQ Platform Operator Init App 1.7.0-SNAPSHOT] Successfully enabled extension hivemq-prometheus-extension
2025-01-29 17:02:35,022 INFO c.h.h.t.HelmChartContainer - [test-hivemq-platform] [hivemq] [36caacbb] INFO  - [HiveMQ Platform Operator Init App 1.7.0-SNAPSHOT] Starting HiveMQ Platform version 4.36.0 (4.36.0)
2025-01-29 17:02:35,022 INFO c.h.h.t.HelmChartContainer - [test-hivemq-platform] [hivemq] [36caacbb] INFO  - [HiveMQ Platform Operator Init App 1.7.0-SNAPSHOT] Configuring the HiveMQ Platform
2025-01-29 17:02:35,070 INFO c.h.h.t.HelmChartContainer - [test-hivemq-platform] [hivemq] [36caacbb] INFO  - [HiveMQ Platform Operator Init App 1.7.0-SNAPSHOT] Changed logback.xml file scan period to 20 seconds
2025-01-29 17:02:35,165 INFO c.h.h.t.HelmChartContainer - [test-hivemq-platform] [hivemq] [36caacbb] INFO  - [HiveMQ Platform Operator Init App 1.7.0-SNAPSHOT] Starting the HiveMQ Platform
2025-01-29 17:02:35,169 INFO c.h.h.t.HelmChartContainer - [test-hivemq-platform] [hivemq] [36caacbb] -------------------------------------------------------------------------
2025-01-29 17:02:35,169 INFO c.h.h.t.HelmChartContainer - [test-hivemq-platform] [hivemq] [36caacbb] 
2025-01-29 17:02:35,169 INFO c.h.h.t.HelmChartContainer - [test-hivemq-platform] [hivemq] [36caacbb]                   _    _  _              __  __   ____
2025-01-29 17:02:35,169 INFO c.h.h.t.HelmChartContainer - [test-hivemq-platform] [hivemq] [36caacbb]                  | |  | |(_)            |  \/  | / __ \
2025-01-29 17:02:35,169 INFO c.h.h.t.HelmChartContainer - [test-hivemq-platform] [hivemq] [36caacbb]                  | |__| | _ __   __ ___ | \  / || |  | |
2025-01-29 17:02:35,169 INFO c.h.h.t.HelmChartContainer - [test-hivemq-platform] [hivemq] [36caacbb]                  |  __  || |\ \ / // _ \| |\/| || |  | |
2025-01-29 17:02:35,169 INFO c.h.h.t.HelmChartContainer - [test-hivemq-platform] [hivemq] [36caacbb]                  | |  | || | \ V /|  __/| |  | || |__| |
2025-01-29 17:02:35,169 INFO c.h.h.t.HelmChartContainer - [test-hivemq-platform] [hivemq] [36caacbb]                  |_|  |_||_|  \_/  \___||_|  |_| \___\_\
2025-01-29 17:02:35,169 INFO c.h.h.t.HelmChartContainer - [test-hivemq-platform] [hivemq] [36caacbb] 
2025-01-29 17:02:35,169 INFO c.h.h.t.HelmChartContainer - [test-hivemq-platform] [hivemq] [36caacbb] -------------------------------------------------------------------------
2025-01-29 17:02:35,169 INFO c.h.h.t.HelmChartContainer - [test-hivemq-platform] [hivemq] [36caacbb] 
2025-01-29 17:02:35,169 INFO c.h.h.t.HelmChartContainer - [test-hivemq-platform] [hivemq] [36caacbb]   HiveMQ Start Script for Linux/Unix v1.14
2025-01-29 17:02:35,169 INFO c.h.h.t.HelmChartContainer - [test-hivemq-platform] [hivemq] [36caacbb] 
2025-01-29 17:02:35,270 INFO c.h.h.t.HelmChartContainer - [test-hivemq-platform] [hivemq] [36caacbb] -------------------------------------------------------------------------
2025-01-29 17:02:35,270 INFO c.h.h.t.HelmChartContainer - [test-hivemq-platform] [hivemq] [36caacbb] 
2025-01-29 17:02:35,270 INFO c.h.h.t.HelmChartContainer - [test-hivemq-platform] [hivemq] [36caacbb]   HIVEMQ_HOME: /opt/hivemq
2025-01-29 17:02:35,270 INFO c.h.h.t.HelmChartContainer - [test-hivemq-platform] [hivemq] [36caacbb] 
2025-01-29 17:02:35,270 INFO c.h.h.t.HelmChartContainer - [test-hivemq-platform] [hivemq] [36caacbb]   JAVA_OPTS: -XX:+UnlockExperimentalVMOptions -XX:InitialRAMPercentage=50 -XX:MaxRAMPercentage=50 -Djava.net.preferIPv4Stack=true --add-opens java.base/java.lang=ALL-UNNAMED --add-opens java.base/java.nio=ALL-UNNAMED --add-opens java.base/sun.nio.ch=ALL-UNNAMED --add-opens jdk.management/com.sun.management.internal=ALL-UNNAMED --add-exports java.base/jdk.internal.misc=ALL-UNNAMED -Djava.security.egd=file:/dev/./urandom -Dcom.sun.management.jmxremote -Dcom.sun.management.jmxremote.port=9010 -Dcom.sun.management.jmxremote.local.only=false -Dcom.sun.management.jmxremote.authenticate=false -Dcom.sun.management.jmxremote.ssl=false -Duser.language=en -Duser.region=US -XX:+CrashOnOutOfMemoryError -XX:+HeapDumpOnOutOfMemoryError
2025-01-29 17:02:35,270 INFO c.h.h.t.HelmChartContainer - [test-hivemq-platform] [hivemq] [36caacbb] 
2025-01-29 17:02:35,270 INFO c.h.h.t.HelmChartContainer - [test-hivemq-platform] [hivemq] [36caacbb]   JAVA_VERSION: 21
2025-01-29 17:02:35,270 INFO c.h.h.t.HelmChartContainer - [test-hivemq-platform] [hivemq] [36caacbb] 
2025-01-29 17:02:35,270 INFO c.h.h.t.HelmChartContainer - [test-hivemq-platform] [hivemq] [36caacbb] -------------------------------------------------------------------------
2025-01-29 17:02:35,270 INFO c.h.h.t.HelmChartContainer - [test-hivemq-platform] [hivemq] [36caacbb] 
2025-01-29 17:02:36,322 INFO c.h.h.t.HelmChartContainer - [test-hivemq-platform] [hivemq] [36caacbb] INFO  - [HiveMQ Platform Operator Init App 1.7.0-SNAPSHOT] Returning default Health API response 503 for readiness
2025-01-29 17:02:36,569 INFO c.h.h.t.HelmChartContainer - [EVENT] Warning [Unhealthy] Readiness probe failed: HTTP probe failed with statuscode: 503 [helmbridgeextensionit:test-hivemq-platform-0]
2025-01-29 17:02:36,569 INFO c.h.h.t.HelmChartContainer - Received Unhealthy event for container hivemq in pod test-hivemq-platform-0 [36caacbb-c4b1-4589-b83d-4bd40e44b84d]
2025-01-29 17:02:38,022 INFO c.h.h.t.HelmChartContainer - [test-hivemq-platform] [hivemq] [36caacbb] INFO  - Starting HiveMQ Enterprise Server
2025-01-29 17:02:38,028 INFO c.h.h.t.HelmChartContainer - [test-hivemq-platform] [hivemq] [36caacbb] INFO  - HiveMQ version: 4.36.0
2025-01-29 17:02:38,029 INFO c.h.h.t.HelmChartContainer - [test-hivemq-platform] [hivemq] [36caacbb] INFO  - HiveMQ home directory: /opt/hivemq
2025-01-29 17:02:38,029 INFO c.h.h.t.HelmChartContainer - [test-hivemq-platform] [hivemq] [36caacbb] INFO  - Log Configuration was overridden by /opt/hivemq/conf/logback.xml
2025-01-29 17:02:39,460 INFO c.h.h.t.HelmChartContainer - [test-hivemq-platform] [hivemq] [36caacbb] INFO  - Successfully loaded configuration from '/opt/hivemq/conf-k8s/config.xml'.
2025-01-29 17:02:40,066 INFO c.h.h.t.HelmChartContainer - [test-hivemq-platform] [hivemq] [36caacbb] INFO  - This node's ID is AhwZ3
2025-01-29 17:02:40,066 INFO c.h.h.t.HelmChartContainer - [test-hivemq-platform] [hivemq] [36caacbb] INFO  - Clustering is enabled
2025-01-29 17:02:40,397 INFO c.h.h.t.HelmChartContainer - [hivemq-test-hivemq-platform] [hivemq-platform-operator] [bd177c04] 17:02:40.394 [pool-6-thread-14] DEBUG c.h.p.o.d.PodServiceAccountResource - [helmbrid] Desired PodServiceAccountResource (serviceAccountName: hivemq-platform-pod-test-hivemq-platform)
2025-01-29 17:02:40,398 INFO c.h.h.t.HelmChartContainer - [hivemq-test-hivemq-platform] [hivemq-platform-operator] [bd177c04] 17:02:40.396 [pool-6-thread-15] DEBUG c.h.p.o.d.PlatformServiceResource - [helmbrid] Desired Platform services (3 services)
2025-01-29 17:02:40,399 INFO c.h.h.t.HelmChartContainer - [hivemq-test-hivemq-platform] [hivemq-platform-operator] [bd177c04] 17:02:40.398 [pool-6-thread-16] DEBUG c.h.p.o.dependants.PodInfoConfigMap - [helmbrid] Desired PodInfo ConfigMap (1 extensions) (1 enabled)
2025-01-29 17:02:40,399 INFO c.h.h.t.HelmChartContainer - [hivemq-test-hivemq-platform] [hivemq-platform-operator] [bd177c04] 17:02:40.398 [pool-6-thread-16] DEBUG c.h.p.o.dependants.PodInfoConfigMap - [helmbrid] Desired PodInfo ConfigMap (metrics port: 9399) (metrics path: /)
2025-01-29 17:02:40,399 INFO c.h.h.t.HelmChartContainer - [hivemq-test-hivemq-platform] [hivemq-platform-operator] [bd177c04] 17:02:40.398 [pool-6-thread-16] DEBUG c.h.p.o.dependants.PodInfoConfigMap - [helmbrid] Desired PodInfo ConfigMap (extension state hash: 1079797684)
2025-01-29 17:02:40,402 INFO c.h.h.t.HelmChartContainer - [hivemq-test-hivemq-platform] [hivemq-platform-operator] [bd177c04] 17:02:40.401 [pool-6-thread-15] DEBUG c.h.p.o.d.StatefulSetResource - [helmbrid] Desired StatefulSet (1 replicas) for status STARTING (READY)
2025-01-29 17:02:40,406 INFO c.h.h.t.HelmChartContainer - [hivemq-test-hivemq-platform] [hivemq-platform-operator] [bd177c04] 17:02:40.405 [ReconcilerExecutor-hivemq-controller-110] INFO  c.h.p.o.HiveMQPlatformReconciler - [helmbrid] Reconciling HiveMQ Platform 'test-hivemq-platform' in namespace 'helmbridgeextensionit'
2025-01-29 17:02:40,407 INFO c.h.h.t.HelmChartContainer - [hivemq-test-hivemq-platform] [hivemq-platform-operator] [bd177c04] 17:02:40.405 [ReconcilerExecutor-hivemq-controller-110] DEBUG c.h.p.o.HiveMQPlatformReconciler - [helmbrid] Custom Resource Status STARTING - HiveMQ Platform is starting (READY)
2025-01-29 17:02:40,407 INFO c.h.h.t.HelmChartContainer - [hivemq-test-hivemq-platform] [hivemq-platform-operator] [bd177c04] 17:02:40.405 [ReconcilerExecutor-hivemq-controller-110] DEBUG c.h.p.o.HiveMQPlatformReconciler - [helmbrid] Custom Resource Spec (replicas: 1) (extensions: 1)
2025-01-29 17:02:40,409 INFO c.h.h.t.HelmChartContainer - [hivemq-test-hivemq-platform] [hivemq-platform-operator] [bd177c04] 17:02:40.408 [ReconcilerExecutor-hivemq-controller-110] DEBUG c.h.p.o.HiveMQPlatformReconciler - [helmbrid] StatefulSet Status (revision: test-hivemq-platform-5686c99fcc, replicas: 1, available: 0, ready: 0, current: 1, updated: 1)
2025-01-29 17:02:40,410 INFO c.h.h.t.HelmChartContainer - [hivemq-test-hivemq-platform] [hivemq-platform-operator] [bd177c04] 17:02:40.408 [ReconcilerExecutor-hivemq-controller-110] DEBUG c.h.p.o.HiveMQPlatformReconciler - [helmbrid] StatefulSet Spec (replicas: 1, init containers: 1, containers: 1, volumes: 4)
2025-01-29 17:02:40,410 INFO c.h.h.t.HelmChartContainer - [hivemq-test-hivemq-platform] [hivemq-platform-operator] [bd177c04] 17:02:40.409 [ReconcilerExecutor-hivemq-controller-110] DEBUG c.h.p.o.h.HiveMQPlatformReconcilerErrorHandler - [helmbrid] Pod 'test-hivemq-platform-0' phase Running
2025-01-29 17:02:40,480 INFO c.h.h.t.HelmChartContainer - [hivemq-test-hivemq-platform] [hivemq-platform-operator] [bd177c04] 17:02:40.478 [ReconcilerExecutor-hivemq-controller-110] INFO  c.h.p.o.h.HiveMQPlatformReconcilerBaseHandler - [helmbrid] HiveMQ Platform is starting, 0 of 1 replicas are ready
2025-01-29 17:02:41,764 INFO c.h.h.t.HelmChartContainer - [test-hivemq-platform] [hivemq] [36caacbb] WARN  - [HiveMQ Platform Operator Init App 1.7.0-SNAPSHOT] Cannot connect to Health API for readiness: null
2025-01-29 17:02:41,769 INFO c.h.h.t.HelmChartContainer - [EVENT] Warning [Unhealthy] Readiness probe failed: HTTP probe failed with statuscode: 503 [helmbridgeextensionit:test-hivemq-platform-0]
2025-01-29 17:02:41,769 INFO c.h.h.t.HelmChartContainer - Received Unhealthy event for container hivemq in pod test-hivemq-platform-0 [36caacbb-c4b1-4589-b83d-4bd40e44b84d]
2025-01-29 17:02:44,370 INFO c.h.h.t.HelmChartContainer - [test-hivemq-platform] [hivemq] [36caacbb] Jan 29, 2025 5:02:44 PM io.vertx.core.impl.BlockedThreadChecker
2025-01-29 17:02:44,370 INFO c.h.h.t.HelmChartContainer - [test-hivemq-platform] [hivemq] [36caacbb] WARNING: Thread Thread[vert.x-eventloop-thread-1,5,main] has been blocked for 2142 ms, time limit is 2000 ms
2025-01-29 17:02:45,364 INFO c.h.h.t.HelmChartContainer - [test-hivemq-platform] [hivemq] [36caacbb] INFO  - [HiveMQ Platform Operator Init App 1.7.0-SNAPSHOT] Updating Pod HiveMQ Platform Operator Init App version annotation (version: 1.7.0-SNAPSHOT)
2025-01-29 17:02:45,977 INFO c.h.h.t.HelmChartContainer - [POD] test-hivemq-platform-0 [36caacbb-c4b1-4589-b83d-4bd40e44b84d] in helmbridgeextensionit was MODIFIED
2025-01-29 17:02:45,992 INFO c.h.h.t.HelmChartContainer - [hivemq-test-hivemq-platform] [hivemq-platform-operator] [bd177c04] 17:02:45.981 [pool-6-thread-25] DEBUG c.h.p.o.d.PodServiceAccountResource - [helmbrid] Desired PodServiceAccountResource (serviceAccountName: hivemq-platform-pod-test-hivemq-platform)
2025-01-29 17:02:45,993 INFO c.h.h.t.HelmChartContainer - [hivemq-test-hivemq-platform] [hivemq-platform-operator] [bd177c04] 17:02:45.985 [pool-6-thread-27] DEBUG c.h.p.o.d.PlatformServiceResource - [helmbrid] Desired Platform services (3 services)
2025-01-29 17:02:45,993 INFO c.h.h.t.HelmChartContainer - [hivemq-test-hivemq-platform] [hivemq-platform-operator] [bd177c04] 17:02:45.991 [pool-6-thread-23] DEBUG c.h.p.o.dependants.PodInfoConfigMap - [helmbrid] Desired PodInfo ConfigMap (1 extensions) (1 enabled)
2025-01-29 17:02:45,993 INFO c.h.h.t.HelmChartContainer - [hivemq-test-hivemq-platform] [hivemq-platform-operator] [bd177c04] 17:02:45.991 [pool-6-thread-23] DEBUG c.h.p.o.dependants.PodInfoConfigMap - [helmbrid] Desired PodInfo ConfigMap (metrics port: 9399) (metrics path: /)
2025-01-29 17:02:45,993 INFO c.h.h.t.HelmChartContainer - [hivemq-test-hivemq-platform] [hivemq-platform-operator] [bd177c04] 17:02:45.991 [pool-6-thread-23] DEBUG c.h.p.o.dependants.PodInfoConfigMap - [helmbrid] Desired PodInfo ConfigMap (extension state hash: 1079797684)
2025-01-29 17:02:45,995 INFO c.h.h.t.HelmChartContainer - [hivemq-test-hivemq-platform] [hivemq-platform-operator] [bd177c04] 17:02:45.993 [pool-6-thread-30] DEBUG c.h.p.o.d.StatefulSetResource - [helmbrid] Desired StatefulSet (1 replicas) for status STARTING (READY)
2025-01-29 17:02:46,003 INFO c.h.h.t.HelmChartContainer - [hivemq-test-hivemq-platform] [hivemq-platform-operator] [bd177c04] 17:02:46.001 [ReconcilerExecutor-hivemq-controller-111] INFO  c.h.p.o.HiveMQPlatformReconciler - [helmbrid] Reconciling HiveMQ Platform 'test-hivemq-platform' in namespace 'helmbridgeextensionit'
2025-01-29 17:02:46,004 INFO c.h.h.t.HelmChartContainer - [hivemq-test-hivemq-platform] [hivemq-platform-operator] [bd177c04] 17:02:46.001 [ReconcilerExecutor-hivemq-controller-111] DEBUG c.h.p.o.HiveMQPlatformReconciler - [helmbrid] Custom Resource Status STARTING - HiveMQ Platform is starting (READY)
2025-01-29 17:02:46,004 INFO c.h.h.t.HelmChartContainer - [hivemq-test-hivemq-platform] [hivemq-platform-operator] [bd177c04] 17:02:46.001 [ReconcilerExecutor-hivemq-controller-111] DEBUG c.h.p.o.HiveMQPlatformReconciler - [helmbrid] Custom Resource Spec (replicas: 1) (extensions: 1)
2025-01-29 17:02:46,060 INFO c.h.h.t.HelmChartContainer - [hivemq-test-hivemq-platform] [hivemq-platform-operator] [bd177c04] 17:02:46.025 [ReconcilerExecutor-hivemq-controller-111] DEBUG c.h.p.o.HiveMQPlatformReconciler - [helmbrid] StatefulSet Status (revision: test-hivemq-platform-5686c99fcc, replicas: 1, available: 0, ready: 0, current: 1, updated: 1)
2025-01-29 17:02:46,061 INFO c.h.h.t.HelmChartContainer - [test-hivemq-platform] [hivemq] [36caacbb] WARN  - [HiveMQ Platform Operator Init App 1.7.0-SNAPSHOT] Cannot connect to Health API for readiness: null
2025-01-29 17:02:46,061 INFO c.h.h.t.HelmChartContainer - [hivemq-test-hivemq-platform] [hivemq-platform-operator] [bd177c04] 17:02:46.025 [ReconcilerExecutor-hivemq-controller-111] DEBUG c.h.p.o.HiveMQPlatformReconciler - [helmbrid] StatefulSet Spec (replicas: 1, init containers: 1, containers: 1, volumes: 4)
2025-01-29 17:02:46,061 INFO c.h.h.t.HelmChartContainer - [hivemq-test-hivemq-platform] [hivemq-platform-operator] [bd177c04] 17:02:46.026 [ReconcilerExecutor-hivemq-controller-111] DEBUG c.h.p.o.h.HiveMQPlatformReconcilerErrorHandler - [helmbrid] Pod 'test-hivemq-platform-0' phase Running
2025-01-29 17:02:46,061 INFO c.h.h.t.HelmChartContainer - [hivemq-test-hivemq-platform] [hivemq-platform-operator] [bd177c04] 17:02:46.027 [ReconcilerExecutor-hivemq-controller-111] INFO  c.h.p.o.h.HiveMQPlatformReconcilerBaseHandler - [helmbrid] HiveMQ Platform is starting, 0 of 1 replicas are ready
2025-01-29 17:02:46,063 INFO c.h.h.t.HelmChartContainer - [test-hivemq-platform] [hivemq] [36caacbb] INFO  - [HiveMQ Platform Operator Init App 1.7.0-SNAPSHOT] Successfully updated Pod HiveMQ Platform Operator Init App version annotation (version: 1.7.0-SNAPSHOT)
2025-01-29 17:02:46,068 INFO c.h.h.t.HelmChartContainer - [EVENT] Warning [Unhealthy] Readiness probe failed: HTTP probe failed with statuscode: 503 [helmbridgeextensionit:test-hivemq-platform-0]
2025-01-29 17:02:46,068 INFO c.h.h.t.HelmChartContainer - Received Unhealthy event for container hivemq in pod test-hivemq-platform-0 [36caacbb-c4b1-4589-b83d-4bd40e44b84d]
2025-01-29 17:02:50,975 INFO c.h.h.t.HelmChartContainer - [test-hivemq-platform] [hivemq] [36caacbb] WARN  - [HiveMQ Platform Operator Init App 1.7.0-SNAPSHOT] Cannot connect to Health API for readiness: null
2025-01-29 17:02:50,979 INFO c.h.h.t.HelmChartContainer - [EVENT] Warning [Unhealthy] Readiness probe failed: HTTP probe failed with statuscode: 503 [helmbridgeextensionit:test-hivemq-platform-0]
2025-01-29 17:02:50,979 INFO c.h.h.t.HelmChartContainer - Received Unhealthy event for container hivemq in pod test-hivemq-platform-0 [36caacbb-c4b1-4589-b83d-4bd40e44b84d]
2025-01-29 17:02:55,974 INFO c.h.h.t.HelmChartContainer - [test-hivemq-platform] [hivemq] [36caacbb] WARN  - [HiveMQ Platform Operator Init App 1.7.0-SNAPSHOT] Cannot connect to Health API for readiness: null
2025-01-29 17:02:56,025 INFO c.h.h.t.HelmChartContainer - [EVENT] Warning [Unhealthy] Readiness probe failed: HTTP probe failed with statuscode: 503 [helmbridgeextensionit:test-hivemq-platform-0]
2025-01-29 17:02:56,025 INFO c.h.h.t.HelmChartContainer - Received Unhealthy event for container hivemq in pod test-hivemq-platform-0 [36caacbb-c4b1-4589-b83d-4bd40e44b84d]
2025-01-29 17:02:56,033 INFO c.h.h.t.HelmChartContainer - [hivemq-test-hivemq-platform] [hivemq-platform-operator] [bd177c04] 17:02:56.031 [pool-6-thread-35] DEBUG c.h.p.o.d.PlatformServiceResource - [helmbrid] Desired Platform services (3 services)
2025-01-29 17:02:56,034 INFO c.h.h.t.HelmChartContainer - [hivemq-test-hivemq-platform] [hivemq-platform-operator] [bd177c04] 17:02:56.032 [pool-6-thread-39] DEBUG c.h.p.o.dependants.PodInfoConfigMap - [helmbrid] Desired PodInfo ConfigMap (1 extensions) (1 enabled)
2025-01-29 17:02:56,036 INFO c.h.h.t.HelmChartContainer - [hivemq-test-hivemq-platform] [hivemq-platform-operator] [bd177c04] 17:02:56.035 [pool-6-thread-39] DEBUG c.h.p.o.dependants.PodInfoConfigMap - [helmbrid] Desired PodInfo ConfigMap (metrics port: 9399) (metrics path: /)
2025-01-29 17:02:56,037 INFO c.h.h.t.HelmChartContainer - [hivemq-test-hivemq-platform] [hivemq-platform-operator] [bd177c04] 17:02:56.036 [pool-6-thread-39] DEBUG c.h.p.o.dependants.PodInfoConfigMap - [helmbrid] Desired PodInfo ConfigMap (extension state hash: 1079797684)
2025-01-29 17:02:56,037 INFO c.h.h.t.HelmChartContainer - [hivemq-test-hivemq-platform] [hivemq-platform-operator] [bd177c04] 17:02:56.033 [pool-6-thread-36] DEBUG c.h.p.o.d.PodServiceAccountResource - [helmbrid] Desired PodServiceAccountResource (serviceAccountName: hivemq-platform-pod-test-hivemq-platform)
2025-01-29 17:02:56,044 INFO c.h.h.t.HelmChartContainer - [hivemq-test-hivemq-platform] [hivemq-platform-operator] [bd177c04] 17:02:56.043 [pool-6-thread-35] DEBUG c.h.p.o.d.StatefulSetResource - [helmbrid] Desired StatefulSet (1 replicas) for status STARTING (READY)
2025-01-29 17:02:56,127 INFO c.h.h.t.HelmChartContainer - [hivemq-test-hivemq-platform] [hivemq-platform-operator] [bd177c04] 17:02:56.125 [ReconcilerExecutor-hivemq-controller-112] INFO  c.h.p.o.HiveMQPlatformReconciler - [helmbrid] Reconciling HiveMQ Platform 'test-hivemq-platform' in namespace 'helmbridgeextensionit'
2025-01-29 17:02:56,127 INFO c.h.h.t.HelmChartContainer - [hivemq-test-hivemq-platform] [hivemq-platform-operator] [bd177c04] 17:02:56.125 [ReconcilerExecutor-hivemq-controller-112] DEBUG c.h.p.o.HiveMQPlatformReconciler - [helmbrid] Custom Resource Status STARTING - HiveMQ Platform is starting (READY)
2025-01-29 17:02:56,130 INFO c.h.h.t.HelmChartContainer - [hivemq-test-hivemq-platform] [hivemq-platform-operator] [bd177c04] 17:02:56.125 [ReconcilerExecutor-hivemq-controller-112] DEBUG c.h.p.o.HiveMQPlatformReconciler - [helmbrid] Custom Resource Spec (replicas: 1) (extensions: 1)
2025-01-29 17:02:56,132 INFO c.h.h.t.HelmChartContainer - [hivemq-test-hivemq-platform] [hivemq-platform-operator] [bd177c04] 17:02:56.127 [ReconcilerExecutor-hivemq-controller-112] DEBUG c.h.p.o.HiveMQPlatformReconciler - [helmbrid] StatefulSet Status (revision: test-hivemq-platform-5686c99fcc, replicas: 1, available: 0, ready: 0, current: 1, updated: 1)
2025-01-29 17:02:56,132 INFO c.h.h.t.HelmChartContainer - [hivemq-test-hivemq-platform] [hivemq-platform-operator] [bd177c04] 17:02:56.127 [ReconcilerExecutor-hivemq-controller-112] DEBUG c.h.p.o.HiveMQPlatformReconciler - [helmbrid] StatefulSet Spec (replicas: 1, init containers: 1, containers: 1, volumes: 4)
2025-01-29 17:02:56,132 INFO c.h.h.t.HelmChartContainer - [hivemq-test-hivemq-platform] [hivemq-platform-operator] [bd177c04] 17:02:56.128 [ReconcilerExecutor-hivemq-controller-112] DEBUG c.h.p.o.h.HiveMQPlatformReconcilerErrorHandler - [helmbrid] Pod 'test-hivemq-platform-0' phase Running
2025-01-29 17:02:56,132 INFO c.h.h.t.HelmChartContainer - [hivemq-test-hivemq-platform] [hivemq-platform-operator] [bd177c04] 17:02:56.129 [ReconcilerExecutor-hivemq-controller-112] INFO  c.h.p.o.h.HiveMQPlatformReconcilerBaseHandler - [helmbrid] HiveMQ Platform is starting, 0 of 1 replicas are ready
2025-01-29 17:02:56,976 INFO c.h.h.t.HelmChartContainer - [test-hivemq-platform] [hivemq] [36caacbb] INFO  - No valid license file found. Using trial license, restricted to 25 connections.
2025-01-29 17:02:58,168 INFO c.h.h.t.HelmChartContainer - [test-hivemq-platform] [hivemq] [36caacbb] WARN  - [HiveMQ Platform Operator Init App 1.7.0-SNAPSHOT] Cannot connect to Health API for liveness: null
2025-01-29 17:02:58,168 INFO c.h.h.t.HelmChartContainer - [test-hivemq-platform] [hivemq] [36caacbb] INFO  - [HiveMQ Platform Operator Init App 1.7.0-SNAPSHOT] Returning default Health API response 200 for liveness
2025-01-29 17:03:00,669 INFO c.h.h.t.HelmChartContainer - [test-hivemq-platform] [hivemq] [36caacbb] INFO  - No valid license file for Data Hub found. Using free license, restricted to 1 policy.
2025-01-29 17:03:01,062 INFO c.h.h.t.HelmChartContainer - [test-hivemq-platform] [hivemq] [36caacbb] WARN  - [HiveMQ Platform Operator Init App 1.7.0-SNAPSHOT] Cannot connect to Health API for readiness: null
2025-01-29 17:03:01,068 INFO c.h.h.t.HelmChartContainer - [EVENT] Warning [Unhealthy] Readiness probe failed: HTTP probe failed with statuscode: 503 [helmbridgeextensionit:test-hivemq-platform-0]
2025-01-29 17:03:01,068 INFO c.h.h.t.HelmChartContainer - Received Unhealthy event for container hivemq in pod test-hivemq-platform-0 [36caacbb-c4b1-4589-b83d-4bd40e44b84d]
2025-01-29 17:03:01,973 INFO c.h.h.t.HelmChartContainer - [test-hivemq-platform] [hivemq] [36caacbb] INFO  - Audit Logger started.
2025-01-29 17:03:02,264 INFO c.h.h.t.HelmChartContainer - [test-hivemq-platform] [hivemq] [36caacbb] INFO  - This node uses '1' CPU cores.
2025-01-29 17:03:02,268 INFO c.h.h.t.HelmChartContainer - [test-hivemq-platform] [hivemq] [36caacbb] INFO  - Starting HiveMQ Health API on address 0.0.0.0 and port 8889
2025-01-29 17:03:03,067 INFO c.h.h.t.HelmChartContainer - [test-hivemq-platform] [hivemq] [36caacbb] INFO  - Started HiveMQ Health API in 799ms
2025-01-29 17:03:03,683 INFO c.h.h.t.HelmChartContainer - [test-hivemq-platform] [hivemq] [36caacbb] INFO  - Starting HiveMQ extension system.
2025-01-29 17:03:05,568 INFO c.h.h.t.HelmChartContainer - [test-hivemq-platform] [hivemq] [36caacbb] INFO  - No license found for enterprise extension with name "HiveMQ Enterprise Bridge Extension". Entering extension trial mode. "HiveMQ Enterprise Bridge Extension" will be disabled in 5 hours.
2025-01-29 17:03:05,763 INFO c.h.h.t.HelmChartContainer - [test-hivemq-platform] [hivemq] [36caacbb] INFO  - Starting extension with id "hivemq-dns-cluster-discovery" at /opt/hivemq/extensions/hivemq-dns-cluster-discovery
2025-01-29 17:03:06,134 INFO c.h.h.t.HelmChartContainer - [hivemq-test-hivemq-platform] [hivemq-platform-operator] [bd177c04] 17:03:06.132 [pool-6-thread-46] DEBUG c.h.p.o.d.PlatformServiceResource - [helmbrid] Desired Platform services (3 services)
2025-01-29 17:03:06,136 INFO c.h.h.t.HelmChartContainer - [hivemq-test-hivemq-platform] [hivemq-platform-operator] [bd177c04] 17:03:06.135 [pool-6-thread-47] DEBUG c.h.p.o.d.PodServiceAccountResource - [helmbrid] Desired PodServiceAccountResource (serviceAccountName: hivemq-platform-pod-test-hivemq-platform)
2025-01-29 17:03:06,136 INFO c.h.h.t.HelmChartContainer - [hivemq-test-hivemq-platform] [hivemq-platform-operator] [bd177c04] 17:03:06.135 [pool-6-thread-41] DEBUG c.h.p.o.dependants.PodInfoConfigMap - [helmbrid] Desired PodInfo ConfigMap (1 extensions) (1 enabled)
2025-01-29 17:03:06,136 INFO c.h.h.t.HelmChartContainer - [hivemq-test-hivemq-platform] [hivemq-platform-operator] [bd177c04] 17:03:06.135 [pool-6-thread-41] DEBUG c.h.p.o.dependants.PodInfoConfigMap - [helmbrid] Desired PodInfo ConfigMap (metrics port: 9399) (metrics path: /)
2025-01-29 17:03:06,136 INFO c.h.h.t.HelmChartContainer - [hivemq-test-hivemq-platform] [hivemq-platform-operator] [bd177c04] 17:03:06.135 [pool-6-thread-41] DEBUG c.h.p.o.dependants.PodInfoConfigMap - [helmbrid] Desired PodInfo ConfigMap (extension state hash: 1079797684)
2025-01-29 17:03:06,142 INFO c.h.h.t.HelmChartContainer - [hivemq-test-hivemq-platform] [hivemq-platform-operator] [bd177c04] 17:03:06.140 [pool-6-thread-46] DEBUG c.h.p.o.d.StatefulSetResource - [helmbrid] Desired StatefulSet (1 replicas) for status STARTING (READY)
2025-01-29 17:03:06,149 INFO c.h.h.t.HelmChartContainer - [hivemq-test-hivemq-platform] [hivemq-platform-operator] [bd177c04] 17:03:06.147 [ReconcilerExecutor-hivemq-controller-113] INFO  c.h.p.o.HiveMQPlatformReconciler - [helmbrid] Reconciling HiveMQ Platform 'test-hivemq-platform' in namespace 'helmbridgeextensionit'
2025-01-29 17:03:06,150 INFO c.h.h.t.HelmChartContainer - [hivemq-test-hivemq-platform] [hivemq-platform-operator] [bd177c04] 17:03:06.147 [ReconcilerExecutor-hivemq-controller-113] DEBUG c.h.p.o.HiveMQPlatformReconciler - [helmbrid] Custom Resource Status STARTING - HiveMQ Platform is starting (READY)
2025-01-29 17:03:06,150 INFO c.h.h.t.HelmChartContainer - [hivemq-test-hivemq-platform] [hivemq-platform-operator] [bd177c04] 17:03:06.147 [ReconcilerExecutor-hivemq-controller-113] DEBUG c.h.p.o.HiveMQPlatformReconciler - [helmbrid] Custom Resource Spec (replicas: 1) (extensions: 1)
2025-01-29 17:03:06,150 INFO c.h.h.t.HelmChartContainer - [hivemq-test-hivemq-platform] [hivemq-platform-operator] [bd177c04] 17:03:06.149 [ReconcilerExecutor-hivemq-controller-113] DEBUG c.h.p.o.HiveMQPlatformReconciler - [helmbrid] StatefulSet Status (revision: test-hivemq-platform-5686c99fcc, replicas: 1, available: 0, ready: 0, current: 1, updated: 1)
2025-01-29 17:03:06,151 INFO c.h.h.t.HelmChartContainer - [hivemq-test-hivemq-platform] [hivemq-platform-operator] [bd177c04] 17:03:06.149 [ReconcilerExecutor-hivemq-controller-113] DEBUG c.h.p.o.HiveMQPlatformReconciler - [helmbrid] StatefulSet Spec (replicas: 1, init containers: 1, containers: 1, volumes: 4)
2025-01-29 17:03:06,228 INFO c.h.h.t.HelmChartContainer - [hivemq-test-hivemq-platform] [hivemq-platform-operator] [bd177c04] 17:03:06.226 [ReconcilerExecutor-hivemq-controller-113] DEBUG c.h.p.o.h.HiveMQPlatformReconcilerErrorHandler - [helmbrid] Pod 'test-hivemq-platform-0' phase Running
2025-01-29 17:03:06,228 INFO c.h.h.t.HelmChartContainer - [hivemq-test-hivemq-platform] [hivemq-platform-operator] [bd177c04] 17:03:06.227 [ReconcilerExecutor-hivemq-controller-113] INFO  c.h.p.o.h.HiveMQPlatformReconcilerBaseHandler - [helmbrid] HiveMQ Platform is starting, 0 of 1 replicas are ready
2025-01-29 17:03:06,268 INFO c.h.h.t.HelmChartContainer - [test-hivemq-platform] [hivemq] [36caacbb] INFO  - Using TCP cluster transport on address 10.42.0.6 and port 7000
2025-01-29 17:03:06,364 INFO c.h.h.t.HelmChartContainer - [test-hivemq-platform] [hivemq] [36caacbb] INFO  - Using extension cluster discovery
2025-01-29 17:03:06,661 INFO c.h.h.t.HelmChartContainer - [test-hivemq-platform] [hivemq] [36caacbb] INFO  - Extension "DNS Cluster Discovery Extension" version 4.3.2 started successfully.
2025-01-29 17:03:06,663 INFO c.h.h.t.HelmChartContainer - [test-hivemq-platform] [hivemq] [36caacbb] INFO  - Starting extension with id "hivemq-bridge-extension" at /opt/hivemq/extensions/hivemq-bridge-extension
2025-01-29 17:03:07,015 INFO c.h.h.t.HelmChartContainer - [EVENT] Warning [Unhealthy] Readiness probe failed: Get "http://10.42.0.6:7979/readiness": context deadline exceeded (Client.Timeout exceeded while awaiting headers) [helmbridgeextensionit:test-hivemq-platform-0]
2025-01-29 17:03:07,015 INFO c.h.h.t.HelmChartContainer - Received Unhealthy event for container hivemq in pod test-hivemq-platform-0 [36caacbb-c4b1-4589-b83d-4bd40e44b84d]
2025-01-29 17:03:07,560 INFO c.h.h.t.HelmChartContainer - [test-hivemq-platform] [hivemq] [36caacbb] INFO  - [HiveMQ Platform Operator Init App 1.7.0-SNAPSHOT] Returning Health API response 503 for readiness
2025-01-29 17:03:07,771 INFO c.h.h.t.HelmChartContainer - [test-hivemq-platform] [hivemq] [36caacbb] INFO  - HiveMQ Enterprise Bridge Extension: Successfully loaded configuration from '/opt/hivemq/extensions/hivemq-bridge-extension/conf/config.xml'.
2025-01-29 17:03:08,659 INFO c.h.h.t.HelmChartContainer - [test-hivemq-platform] [hivemq] [36caacbb] INFO  - Bridge Extension: Connecting to remote brokers...
2025-01-29 17:03:09,367 INFO c.h.h.t.HelmChartContainer - [test-hivemq-platform] [hivemq] [36caacbb] INFO  - Bridge Extension: Connected to bridge 'testbridge', session present 'false'.
2025-01-29 17:03:09,367 INFO c.h.h.t.HelmChartContainer - [test-hivemq-platform] [hivemq] [36caacbb] INFO  - Bridge Extension: Connected to bridge 'testbridge', session present 'false'.
2025-01-29 17:03:09,475 INFO c.h.h.t.HelmChartContainer - [test-hivemq-platform] [hivemq] [36caacbb] WARN  - Node is waiting for an operational cluster member
2025-01-29 17:03:10,465 INFO c.h.h.t.HelmChartContainer - [test-hivemq-platform] [hivemq] [36caacbb] INFO  - AhwZ3: no members discovered after 3444 ms: creating cluster as first member
2025-01-29 17:03:10,472 INFO c.h.h.t.HelmChartContainer - [test-hivemq-platform] [hivemq] [36caacbb] INFO  - Cluster nodes found by discovery: [AhwZ3|0] (1) [AhwZ3].
2025-01-29 17:03:10,661 INFO c.h.h.t.HelmChartContainer - [test-hivemq-platform] [hivemq] [36caacbb] INFO  - Extension "HiveMQ Enterprise Bridge Extension" version 4.36.0 started successfully.
2025-01-29 17:03:10,661 INFO c.h.h.t.HelmChartContainer - [test-hivemq-platform] [hivemq] [36caacbb] INFO  - Starting extension with id "hivemq-prometheus-extension" at /opt/hivemq/extensions/hivemq-prometheus-extension
2025-01-29 17:03:10,983 INFO c.h.h.t.HelmChartContainer - [EVENT] Warning [Unhealthy] Readiness probe failed: HTTP probe failed with statuscode: 503 [helmbridgeextensionit:test-hivemq-platform-0]
2025-01-29 17:03:10,983 INFO c.h.h.t.HelmChartContainer - Received Unhealthy event for container hivemq in pod test-hivemq-platform-0 [36caacbb-c4b1-4589-b83d-4bd40e44b84d]
2025-01-29 17:03:11,163 INFO c.h.h.t.HelmChartContainer - [test-hivemq-platform] [hivemq] [36caacbb] INFO  - Started Jetty Server exposing Prometheus Servlet on URI http://0.0.0.0:9399/
2025-01-29 17:03:11,163 INFO c.h.h.t.HelmChartContainer - [test-hivemq-platform] [hivemq] [36caacbb] INFO  - Extension "Prometheus Monitoring Extension" version 4.0.12 started successfully.
2025-01-29 17:03:11,163 INFO c.h.h.t.HelmChartContainer - [test-hivemq-platform] [hivemq] [36caacbb] INFO  - Starting extension with id "hivemq-allow-all-extension" at /opt/hivemq/extensions/hivemq-allow-all-extension
2025-01-29 17:03:11,164 INFO c.h.h.t.HelmChartContainer - [test-hivemq-platform] [hivemq] [36caacbb] WARN  - 
2025-01-29 17:03:11,164 INFO c.h.h.t.HelmChartContainer - [test-hivemq-platform] [hivemq] [36caacbb] ################################################################################################################
2025-01-29 17:03:11,164 INFO c.h.h.t.HelmChartContainer - [test-hivemq-platform] [hivemq] [36caacbb] # This HiveMQ deployment is not secure! You are lacking Authentication and Authorization.                      #
2025-01-29 17:03:11,164 INFO c.h.h.t.HelmChartContainer - [test-hivemq-platform] [hivemq] [36caacbb] # Right now any MQTT client can connect to the broker with a full set of permissions.                          #
2025-01-29 17:03:11,164 INFO c.h.h.t.HelmChartContainer - [test-hivemq-platform] [hivemq] [36caacbb] # For production usage, add an appropriate security extension and remove the hivemq-allow-all extension.       #
2025-01-29 17:03:11,164 INFO c.h.h.t.HelmChartContainer - [test-hivemq-platform] [hivemq] [36caacbb] # You can download security extensions from the HiveMQ Marketplace (https://www.hivemq.com/extensions/).       #
2025-01-29 17:03:11,164 INFO c.h.h.t.HelmChartContainer - [test-hivemq-platform] [hivemq] [36caacbb] ################################################################################################################
2025-01-29 17:03:11,164 INFO c.h.h.t.HelmChartContainer - [test-hivemq-platform] [hivemq] [36caacbb] INFO  - Extension "Allow All Extension" version 1.1.1 started successfully.
2025-01-29 17:03:11,165 INFO c.h.h.t.HelmChartContainer - [test-hivemq-platform] [hivemq] [36caacbb] WARN  - No user for HiveMQ Control Center configured. Starting with default user
2025-01-29 17:03:11,165 INFO c.h.h.t.HelmChartContainer - [test-hivemq-platform] [hivemq] [36caacbb] INFO  - Starting HiveMQ Control Center on address 0.0.0.0 and port 8080
2025-01-29 17:03:11,167 INFO c.h.h.t.HelmChartContainer - [test-hivemq-platform] [hivemq] [36caacbb] INFO  - Mounting HiveMQ Control Center V2 Preview
2025-01-29 17:03:11,965 INFO c.h.h.t.HelmChartContainer - [test-hivemq-platform] [hivemq] [36caacbb] INFO  - Started HiveMQ Control Center in 800ms
2025-01-29 17:03:11,979 INFO c.h.h.t.HelmChartContainer - [test-hivemq-platform] [hivemq] [36caacbb] INFO  - Starting TCP listener on address 0.0.0.0 and port 1883
2025-01-29 17:03:12,063 INFO c.h.h.t.HelmChartContainer - [test-hivemq-platform] [hivemq] [36caacbb] INFO  - Started TCP Listener on address 0.0.0.0 and on port 1883.
2025-01-29 17:03:12,064 INFO c.h.h.t.HelmChartContainer - [test-hivemq-platform] [hivemq] [36caacbb] INFO  - Started HiveMQ in 34439ms
2025-01-29 17:03:15,976 INFO c.h.h.t.HelmChartContainer - [test-hivemq-platform] [hivemq] [36caacbb] INFO  - [HiveMQ Platform Operator Init App 1.7.0-SNAPSHOT] Returning Health API response 200 for readiness
2025-01-29 17:03:15,988 INFO c.h.h.t.HelmChartContainer - [POD] test-hivemq-platform-0 [36caacbb-c4b1-4589-b83d-4bd40e44b84d] in helmbridgeextensionit was MODIFIED
2025-01-29 17:03:16,007 INFO c.h.h.t.HelmChartContainer - [hivemq-test-hivemq-platform] [hivemq-platform-operator] [bd177c04] 17:03:16.001 [pool-6-thread-3] DEBUG c.h.p.o.d.PlatformServiceResource - [helmbrid] Desired Platform services (3 services)
2025-01-29 17:03:16,007 INFO c.h.h.t.HelmChartContainer - [hivemq-test-hivemq-platform] [hivemq-platform-operator] [bd177c04] 17:03:16.002 [pool-6-thread-9] DEBUG c.h.p.o.dependants.PodInfoConfigMap - [helmbrid] Desired PodInfo ConfigMap (1 extensions) (1 enabled)
2025-01-29 17:03:16,007 INFO c.h.h.t.HelmChartContainer - [hivemq-test-hivemq-platform] [hivemq-platform-operator] [bd177c04] 17:03:16.002 [pool-6-thread-9] DEBUG c.h.p.o.dependants.PodInfoConfigMap - [helmbrid] Desired PodInfo ConfigMap (metrics port: 9399) (metrics path: /)
2025-01-29 17:03:16,007 INFO c.h.h.t.HelmChartContainer - [hivemq-test-hivemq-platform] [hivemq-platform-operator] [bd177c04] 17:03:16.002 [pool-6-thread-9] DEBUG c.h.p.o.dependants.PodInfoConfigMap - [helmbrid] Desired PodInfo ConfigMap (extension state hash: 1079797684)
2025-01-29 17:03:16,013 INFO c.h.h.t.HelmChartContainer - [hivemq-test-hivemq-platform] [hivemq-platform-operator] [bd177c04] 17:03:16.007 [pool-6-thread-9] DEBUG c.h.p.o.d.PodServiceAccountResource - [helmbrid] Desired PodServiceAccountResource (serviceAccountName: hivemq-platform-pod-test-hivemq-platform)
2025-01-29 17:03:16,081 INFO c.h.h.t.HelmChartContainer - [hivemq-test-hivemq-platform] [hivemq-platform-operator] [bd177c04] 17:03:16.078 [pool-6-thread-3] DEBUG c.h.p.o.d.StatefulSetResource - [helmbrid] Desired StatefulSet (1 replicas) for status STARTING (READY)
2025-01-29 17:03:16,085 INFO c.h.h.t.HelmChartContainer - [hivemq-test-hivemq-platform] [hivemq-platform-operator] [bd177c04] 17:03:16.082 [ReconcilerExecutor-hivemq-controller-114] INFO  c.h.p.o.HiveMQPlatformReconciler - [helmbrid] Reconciling HiveMQ Platform 'test-hivemq-platform' in namespace 'helmbridgeextensionit'
2025-01-29 17:03:16,086 INFO c.h.h.t.HelmChartContainer - [hivemq-test-hivemq-platform] [hivemq-platform-operator] [bd177c04] 17:03:16.083 [ReconcilerExecutor-hivemq-controller-114] DEBUG c.h.p.o.HiveMQPlatformReconciler - [helmbrid] Custom Resource Status STARTING - HiveMQ Platform is starting (READY)
2025-01-29 17:03:16,086 INFO c.h.h.t.HelmChartContainer - [hivemq-test-hivemq-platform] [hivemq-platform-operator] [bd177c04] 17:03:16.083 [ReconcilerExecutor-hivemq-controller-114] DEBUG c.h.p.o.HiveMQPlatformReconciler - [helmbrid] Custom Resource Spec (replicas: 1) (extensions: 1)
2025-01-29 17:03:16,087 INFO c.h.h.t.HelmChartContainer - [hivemq-test-hivemq-platform] [hivemq-platform-operator] [bd177c04] 17:03:16.084 [ReconcilerExecutor-hivemq-controller-114] DEBUG c.h.p.o.HiveMQPlatformReconciler - [helmbrid] StatefulSet Status (revision: test-hivemq-platform-5686c99fcc, replicas: 1, available: 1, ready: 1, current: 1, updated: 1)
2025-01-29 17:03:16,089 INFO c.h.h.t.HelmChartContainer - [hivemq-test-hivemq-platform] [hivemq-platform-operator] [bd177c04] 17:03:16.085 [ReconcilerExecutor-hivemq-controller-114] DEBUG c.h.p.o.HiveMQPlatformReconciler - [helmbrid] StatefulSet Spec (replicas: 1, init containers: 1, containers: 1, volumes: 4)
2025-01-29 17:03:16,090 INFO c.h.h.t.HelmChartContainer - [hivemq-test-hivemq-platform] [hivemq-platform-operator] [bd177c04] 17:03:16.086 [ReconcilerExecutor-hivemq-controller-114] DEBUG c.h.p.o.h.HiveMQPlatformReconcilerErrorHandler - [helmbrid] Pod 'test-hivemq-platform-0' phase Running
2025-01-29 17:03:16,091 INFO c.h.h.t.HelmChartContainer - [hivemq-test-hivemq-platform] [hivemq-platform-operator] [bd177c04] 17:03:16.087 [ReconcilerExecutor-hivemq-controller-114] INFO  c.h.p.o.h.HiveMQPlatformReconcilerBaseHandler - [helmbrid] HiveMQ Platform started successfully
2025-01-29 17:03:16,185 INFO c.h.h.t.HelmChartContainer - [hivemq-test-hivemq-platform] [hivemq-platform-operator] [bd177c04] 17:03:16.183 [ReconcilerExecutor-hivemq-controller-114] DEBUG c.h.p.operator.event.EventSender - [helmbrid] Creating K8s event hivemq-platform-ready: [Ready] HiveMQ Platform is ready
2025-01-29 17:03:16,190 INFO c.h.h.t.HelmChartContainer - [EVENT] Normal [Ready] HiveMQ Platform is ready [helmbridgeextensionit:test-hivemq-platform]
2025-01-29 17:03:16,191 INFO c.h.h.t.HelmChartContainer - [hivemq-test-hivemq-platform] [hivemq-platform-operator] [bd177c04] 17:03:16.189 [ReconcilerExecutor-hivemq-controller-114] INFO  c.h.p.o.h.AbstractHiveMQReconcilerStateHandler - [helmbrid] Update HiveMQ Platform Status (STARTING [READY] -> RUNNING [READY]): HiveMQ Platform is ready
2025-01-29 17:03:16,202 DEBUG com.hivemq.helmcharts.util.K8sUtil - Comparing actual state 'RUNNING' and waiting for 'RUNNING'
2025-01-29 17:03:16,291 INFO c.h.h.t.HelmChartContainer - [hivemq-test-hivemq-platform] [hivemq-platform-operator] [bd177c04] 17:03:16.287 [pool-6-thread-17] DEBUG c.h.p.o.dependants.PodInfoConfigMap - [helmbrid] Desired PodInfo ConfigMap (1 extensions) (1 enabled)
2025-01-29 17:03:16,294 INFO c.h.h.t.HelmChartContainer - [hivemq-test-hivemq-platform] [hivemq-platform-operator] [bd177c04] 17:03:16.287 [pool-6-thread-17] DEBUG c.h.p.o.dependants.PodInfoConfigMap - [helmbrid] Desired PodInfo ConfigMap (metrics port: 9399) (metrics path: /)
2025-01-29 17:03:16,294 INFO c.h.h.t.HelmChartContainer - [hivemq-test-hivemq-platform] [hivemq-platform-operator] [bd177c04] 17:03:16.287 [pool-6-thread-17] DEBUG c.h.p.o.dependants.PodInfoConfigMap - [helmbrid] Desired PodInfo ConfigMap (extension state hash: 1079797684)
2025-01-29 17:03:16,294 INFO c.h.h.t.HelmChartContainer - [hivemq-test-hivemq-platform] [hivemq-platform-operator] [bd177c04] 17:03:16.288 [pool-6-thread-17] DEBUG c.h.p.o.dependants.PodInfoConfigMap - [helmbrid] Update PodInfo ConfigMap
2025-01-29 17:03:16,294 INFO c.h.h.t.HelmChartContainer - [hivemq-test-hivemq-platform] [hivemq-platform-operator] [bd177c04] 17:03:16.292 [pool-6-thread-18] DEBUG c.h.p.o.d.PodServiceAccountResource - [helmbrid] Desired PodServiceAccountResource (serviceAccountName: hivemq-platform-pod-test-hivemq-platform)
2025-01-29 17:03:16,297 INFO c.h.h.t.HelmChartContainer - [hivemq-test-hivemq-platform] [hivemq-platform-operator] [bd177c04] 17:03:16.296 [pool-6-thread-19] DEBUG c.h.p.o.d.PlatformServiceResource - [helmbrid] Desired Platform services (3 services)
2025-01-29 17:03:16,395 INFO c.h.h.t.HelmChartContainer - [hivemq-test-hivemq-platform] [hivemq-platform-operator] [bd177c04] 17:03:16.391 [pool-6-thread-17] DEBUG c.h.p.o.d.StatefulSetResource - [helmbrid] Desired StatefulSet (1 replicas) for status RUNNING (READY)
2025-01-29 17:03:16,398 INFO c.h.h.t.HelmChartContainer - [hivemq-test-hivemq-platform] [hivemq-platform-operator] [bd177c04] 17:03:16.397 [ReconcilerExecutor-hivemq-controller-115] INFO  c.h.p.o.HiveMQPlatformReconciler - [helmbrid] Reconciling HiveMQ Platform 'test-hivemq-platform' in namespace 'helmbridgeextensionit'
2025-01-29 17:03:16,398 INFO c.h.h.t.HelmChartContainer - [hivemq-test-hivemq-platform] [hivemq-platform-operator] [bd177c04] 17:03:16.397 [ReconcilerExecutor-hivemq-controller-115] DEBUG c.h.p.o.HiveMQPlatformReconciler - [helmbrid] Custom Resource Status RUNNING - HiveMQ Platform is ready (READY)
2025-01-29 17:03:16,398 INFO c.h.h.t.HelmChartContainer - [hivemq-test-hivemq-platform] [hivemq-platform-operator] [bd177c04] 17:03:16.397 [ReconcilerExecutor-hivemq-controller-115] DEBUG c.h.p.o.HiveMQPlatformReconciler - [helmbrid] Custom Resource Spec (replicas: 1) (extensions: 1)
2025-01-29 17:03:16,402 INFO c.h.h.t.HelmChartContainer - [hivemq-test-hivemq-platform] [hivemq-platform-operator] [bd177c04] 17:03:16.401 [ReconcilerExecutor-hivemq-controller-115] DEBUG c.h.p.o.HiveMQPlatformReconciler - [helmbrid] StatefulSet Status (revision: test-hivemq-platform-5686c99fcc, replicas: 1, available: 1, ready: 1, current: 1, updated: 1)
2025-01-29 17:03:16,404 INFO c.h.h.t.HelmChartContainer - [hivemq-test-hivemq-platform] [hivemq-platform-operator] [bd177c04] 17:03:16.402 [ReconcilerExecutor-hivemq-controller-115] DEBUG c.h.p.o.HiveMQPlatformReconciler - [helmbrid] StatefulSet Spec (replicas: 1, init containers: 1, containers: 1, volumes: 4)
2025-01-29 17:03:16,409 INFO c.h.h.t.HelmChartContainer - [hivemq-test-hivemq-platform] [hivemq-platform-operator] [bd177c04] 17:03:16.406 [ReconcilerExecutor-hivemq-controller-115] DEBUG c.h.p.o.h.HiveMQPlatformReconcilerErrorHandler - [helmbrid] Pod 'test-hivemq-platform-0' phase Running
2025-01-29 17:03:16,715 INFO c.h.h.e.HelmBridgeExtensionIT - remote client subscribed
2025-01-29 17:03:16,722 INFO c.h.h.e.HelmBridgeExtensionIT - local client has published
2025-01-29 17:03:17,875 INFO c.h.h.t.HelmChartContainer - Uninstalling release 'test-hivemq-platform' in namespace 'helmbridgeextensionit'...
2025-01-29 17:03:17,875 DEBUG c.h.h.t.HelmChartContainer - Executing helm command: /bin/helm --kubeconfig /etc/rancher/k3s/k3s.yaml uninstall test-hivemq-platform  --wait --timeout 5m0s --cascade foreground --namespace helmbridgeextensionit
2025-01-29 17:03:18,091 INFO c.h.h.t.HelmChartContainer - [hivemq-test-hivemq-platform] [hivemq-platform-operator] [bd177c04] 17:03:18.083 [ReconcilerExecutor-hivemq-controller-116] INFO  c.h.p.o.HiveMQPlatformReconciler - [helmbrid] Cleanup test-hivemq-platform - helmbridgeextensionit HiveMQ Platform is shut down
2025-01-29 17:03:18,683 INFO c.h.h.t.HelmChartContainer - [POD] test-hivemq-platform-0 [36caacbb-c4b1-4589-b83d-4bd40e44b84d] in helmbridgeextensionit was MODIFIED
2025-01-29 17:03:18,686 INFO c.h.h.t.HelmChartContainer - [EVENT] Normal [Killing] Stopping container hivemq [helmbridgeextensionit:test-hivemq-platform-0]
2025-01-29 17:03:18,686 INFO c.h.h.t.HelmChartContainer - Received Killing event for container hivemq in pod test-hivemq-platform-0 [36caacbb-c4b1-4589-b83d-4bd40e44b84d]
2025-01-29 17:03:18,686 INFO c.h.h.t.HelmChartContainer - Container [test-hivemq-platform-0] [hivemq] [36caacbb-c4b1-4589-b83d-4bd40e44b84d] was terminated
2025-01-29 17:03:18,686 INFO c.h.h.t.HelmChartContainer - Stopped log watcher for hivemq in pod test-hivemq-platform-0 [36caacbb-c4b1-4589-b83d-4bd40e44b84d]
2025-01-29 17:03:18,698 INFO c.h.h.t.HelmChartContainer - [test-hivemq-platform] [hivemq] [36caacbb] INFO  - [HiveMQ Platform Operator Init App 1.7.0-SNAPSHOT] Shutting down
2025-01-29 17:03:18,698 INFO c.h.h.t.HelmChartContainer - [test-hivemq-platform] [hivemq] [36caacbb] INFO  - [HiveMQ Platform Operator Init App 1.7.0-SNAPSHOT] Stopping the HiveMQ Platform
2025-01-29 17:03:18,860 INFO c.h.h.t.HelmChartContainer - [test-hivemq-platform] [hivemq] [36caacbb] INFO  - Shutting down HiveMQ. Please wait, this could take a while...
2025-01-29 17:03:18,864 INFO c.h.h.t.HelmChartContainer - [test-hivemq-platform] [hivemq] [36caacbb] INFO  - Shutting down listeners and clients
2025-01-29 17:03:18,865 INFO c.h.h.t.HelmChartContainer - [test-hivemq-platform] [hivemq] [36caacbb] INFO  - Shutdown of listeners is done
2025-01-29 17:03:18,866 INFO c.h.h.t.HelmChartContainer - [test-hivemq-platform] [hivemq] [36caacbb] INFO  - No clients are connected, proceeding with shutdown
2025-01-29 17:03:20,123 INFO c.h.h.t.HelmChartContainer - Deleting namespace 'helmbridgeextensionit'...
2025-01-29 17:03:20,972 INFO c.h.h.t.HelmChartContainer - [test-hivemq-platform] [hivemq] [36caacbb] INFO  - [HiveMQ Platform Operator Init App 1.7.0-SNAPSHOT] Returning shutdown Health API response 503 for readiness
2025-01-29 17:03:20,976 INFO c.h.h.t.HelmChartContainer - [EVENT] Warning [Unhealthy] Readiness probe failed: HTTP probe failed with statuscode: 503 [helmbridgeextensionit:test-hivemq-platform-0]
2025-01-29 17:03:20,976 INFO c.h.h.t.HelmChartContainer - Received Unhealthy event for container hivemq in pod test-hivemq-platform-0 [36caacbb-c4b1-4589-b83d-4bd40e44b84d]
2025-01-29 17:03:21,500 INFO c.h.h.t.HelmChartContainer - [test-hivemq-platform] [hivemq] [36caacbb] WARN  - [HiveMQ Platform Operator Init App 1.7.0-SNAPSHOT] Could not update Pod annotations: Failure executing: GET at: https://10.43.0.1:443/api/v1/namespaces/helmbridgeextensionit/pods/test-hivemq-platform-0. Message: pods "test-hivemq-platform-0" is forbidden: User "system:serviceaccount:helmbridgeextensionit:hivemq-platform-pod-test-hivemq-platform" cannot get resource "pods" in API group "" in the namespace "helmbridgeextensionit". Received status: Status(apiVersion=v1, code=403, details=StatusDetails(causes=[], group=null, kind=pods, name=test-hivemq-platform-0, retryAfterSeconds=null, uid=null, additionalProperties={}), kind=Status, message=pods "test-hivemq-platform-0" is forbidden: User "system:serviceaccount:helmbridgeextensionit:hivemq-platform-pod-test-hivemq-platform" cannot get resource "pods" in API group "" in the namespace "helmbridgeextensionit", metadata=ListMeta(_continue=null, remainingItemCount=null, resourceVersion=null, selfLink=null, additionalProperties={}), reason=Forbidden, status=Failure, additionalProperties={}).
2025-01-29 17:03:21,728 INFO c.h.h.t.HelmChartContainer - [test-hivemq-platform] [hivemq] [36caacbb] INFO  - Shutting down extension system
2025-01-29 17:03:21,729 INFO c.h.h.t.HelmChartContainer - [test-hivemq-platform] [hivemq] [36caacbb] INFO  - Stopping extension with id hivemq-dns-cluster-discovery
2025-01-29 17:03:21,730 INFO c.h.h.t.HelmChartContainer - [test-hivemq-platform] [hivemq] [36caacbb] INFO  - Extension "DNS Cluster Discovery Extension" version 4.3.2 stopped successfully.
2025-01-29 17:03:21,730 INFO c.h.h.t.HelmChartContainer - [test-hivemq-platform] [hivemq] [36caacbb] INFO  - Stopping extension with id hivemq-bridge-extension
2025-01-29 17:03:21,733 INFO c.h.h.t.HelmChartContainer - [test-hivemq-platform] [hivemq] [36caacbb] INFO  - Bridge Extension: Stopping extension
2025-01-29 17:03:21,744 INFO c.h.h.t.HelmChartContainer - [test-hivemq-platform] [hivemq] [36caacbb] INFO  - Extension "HiveMQ Enterprise Bridge Extension" version 4.36.0 stopped successfully.
2025-01-29 17:03:21,745 INFO c.h.h.t.HelmChartContainer - [test-hivemq-platform] [hivemq] [36caacbb] INFO  - Stopping extension with id hivemq-prometheus-extension
2025-01-29 17:03:21,748 INFO c.h.h.t.HelmChartContainer - [test-hivemq-platform] [hivemq] [36caacbb] INFO  - Extension "Prometheus Monitoring Extension" version 4.0.12 stopped successfully.
2025-01-29 17:03:21,748 INFO c.h.h.t.HelmChartContainer - [test-hivemq-platform] [hivemq] [36caacbb] INFO  - Stopping extension with id hivemq-allow-all-extension
2025-01-29 17:03:21,748 INFO c.h.h.t.HelmChartContainer - [test-hivemq-platform] [hivemq] [36caacbb] INFO  - Extension "Allow All Extension" version 1.1.1 stopped successfully.
2025-01-29 17:03:24,079 INFO c.h.h.t.HelmChartContainer - [test-hivemq-platform] [hivemq] [36caacbb] INFO  - Shutdown completed.
2025-01-29 17:03:24,439 INFO c.h.h.t.HelmChartContainer - [test-hivemq-platform] [hivemq] [36caacbb] INFO  - [HiveMQ Platform Operator Init App 1.7.0-SNAPSHOT] The HiveMQ Platform exited with code 143
2025-01-29 17:03:24,439 INFO c.h.h.t.HelmChartContainer - [test-hivemq-platform] [hivemq] [36caacbb] INFO  - [HiveMQ Platform Operator Init App 1.7.0-SNAPSHOT] Stopping the REST API
2025-01-29 17:03:24,460 INFO c.h.h.t.HelmChartContainer - [test-hivemq-platform] [hivemq] [36caacbb] INFO  - [HiveMQ Platform Operator Init App 1.7.0-SNAPSHOT] Shutdown complete
2025-01-29 17:03:24,943 INFO c.h.h.t.HelmChartContainer - [POD] test-hivemq-platform-0 [36caacbb-c4b1-4589-b83d-4bd40e44b84d] in helmbridgeextensionit was MODIFIED
2025-01-29 17:03:24,944 INFO c.h.h.t.HelmChartContainer - [K3S] [stateful_set.go:438] "Unhandled Error" err="error syncing StatefulSet helmbridgeextensionit/test-hivemq-platform, requeuing: controllerrevisions.apps \"test-hivemq-platform-5686c99fcc\" is forbidden: unable to create new content in namespace helmbridgeextensionit because it is being terminated"
2025-01-29 17:03:24,951 INFO c.h.h.t.HelmChartContainer - [K3S] [stateful_set.go:438] "Unhandled Error" err="error syncing StatefulSet helmbridgeextensionit/test-hivemq-platform, requeuing: controllerrevisions.apps \"test-hivemq-platform-5686c99fcc\" is forbidden: unable to create new content in namespace helmbridgeextensionit because it is being terminated"
2025-01-29 17:03:24,964 INFO c.h.h.t.HelmChartContainer - [K3S] [stateful_set.go:438] "Unhandled Error" err="error syncing StatefulSet helmbridgeextensionit/test-hivemq-platform, requeuing: controllerrevisions.apps \"test-hivemq-platform-5686c99fcc\" is forbidden: unable to create new content in namespace helmbridgeextensionit because it is being terminated"
2025-01-29 17:03:24,972 INFO c.h.h.t.HelmChartContainer - [K3S] [reconciler_common.go:162] "operationExecutor.UnmountVolume started for volume \"kube-api-access-pczgn\" (UniqueName: \"kubernetes.io/projected/36caacbb-c4b1-4589-b83d-4bd40e44b84d-kube-api-access-pczgn\") pod \"36caacbb-c4b1-4589-b83d-4bd40e44b84d\" (UID: \"36caacbb-c4b1-4589-b83d-4bd40e44b84d\") "
2025-01-29 17:03:24,973 INFO c.h.h.t.HelmChartContainer - [K3S] [reconciler_common.go:162] "operationExecutor.UnmountVolume started for volume \"pod-info\" (UniqueName: \"kubernetes.io/configmap/36caacbb-c4b1-4589-b83d-4bd40e44b84d-pod-info\") pod \"36caacbb-c4b1-4589-b83d-4bd40e44b84d\" (UID: \"36caacbb-c4b1-4589-b83d-4bd40e44b84d\") "
2025-01-29 17:03:24,974 INFO c.h.h.t.HelmChartContainer - [K3S] [reconciler_common.go:162] "operationExecutor.UnmountVolume started for volume \"extension-configuration-hivemq-bridge-extension\" (UniqueName: \"kubernetes.io/configmap/36caacbb-c4b1-4589-b83d-4bd40e44b84d-extension-configuration-hivemq-bridge-extension\") pod \"36caacbb-c4b1-4589-b83d-4bd40e44b84d\" (UID: \"36caacbb-c4b1-4589-b83d-4bd40e44b84d\") "
2025-01-29 17:03:24,974 INFO c.h.h.t.HelmChartContainer - [K3S] [reconciler_common.go:162] "operationExecutor.UnmountVolume started for volume \"broker-configuration\" (UniqueName: \"kubernetes.io/configmap/36caacbb-c4b1-4589-b83d-4bd40e44b84d-broker-configuration\") pod \"36caacbb-c4b1-4589-b83d-4bd40e44b84d\" (UID: \"36caacbb-c4b1-4589-b83d-4bd40e44b84d\") "
2025-01-29 17:03:24,974 INFO c.h.h.t.HelmChartContainer - [K3S] [reconciler_common.go:162] "operationExecutor.UnmountVolume started for volume \"operator-init\" (UniqueName: \"kubernetes.io/empty-dir/36caacbb-c4b1-4589-b83d-4bd40e44b84d-operator-init\") pod \"36caacbb-c4b1-4589-b83d-4bd40e44b84d\" (UID: \"36caacbb-c4b1-4589-b83d-4bd40e44b84d\") "
2025-01-29 17:03:24,987 INFO c.h.h.t.HelmChartContainer - [K3S] [stateful_set.go:438] "Unhandled Error" err="error syncing StatefulSet helmbridgeextensionit/test-hivemq-platform, requeuing: controllerrevisions.apps \"test-hivemq-platform-5686c99fcc\" is forbidden: unable to create new content in namespace helmbridgeextensionit because it is being terminated"
2025-01-29 17:03:25,030 INFO c.h.h.t.HelmChartContainer - [K3S] [stateful_set.go:438] "Unhandled Error" err="error syncing StatefulSet helmbridgeextensionit/test-hivemq-platform, requeuing: controllerrevisions.apps \"test-hivemq-platform-5686c99fcc\" is forbidden: unable to create new content in namespace helmbridgeextensionit because it is being terminated"
2025-01-29 17:03:25,073 INFO c.h.h.t.HelmChartContainer - [K3S] [reconciler_common.go:299] "Volume detached for volume \"kube-api-access-pczgn\" (UniqueName: \"kubernetes.io/projected/36caacbb-c4b1-4589-b83d-4bd40e44b84d-kube-api-access-pczgn\") on node \"38f70066c240\" DevicePath \"\""
2025-01-29 17:03:25,074 INFO c.h.h.t.HelmChartContainer - [K3S] [reconciler_common.go:299] "Volume detached for volume \"pod-info\" (UniqueName: \"kubernetes.io/configmap/36caacbb-c4b1-4589-b83d-4bd40e44b84d-pod-info\") on node \"38f70066c240\" DevicePath \"\""
2025-01-29 17:03:25,074 INFO c.h.h.t.HelmChartContainer - [K3S] [reconciler_common.go:299] "Volume detached for volume \"operator-init\" (UniqueName: \"kubernetes.io/empty-dir/36caacbb-c4b1-4589-b83d-4bd40e44b84d-operator-init\") on node \"38f70066c240\" DevicePath \"\""
2025-01-29 17:03:25,074 INFO c.h.h.t.HelmChartContainer - [K3S] [reconciler_common.go:299] "Volume detached for volume \"extension-configuration-hivemq-bridge-extension\" (UniqueName: \"kubernetes.io/configmap/36caacbb-c4b1-4589-b83d-4bd40e44b84d-extension-configuration-hivemq-bridge-extension\") on node \"38f70066c240\" DevicePath \"\""
2025-01-29 17:03:25,074 INFO c.h.h.t.HelmChartContainer - [K3S] [reconciler_common.go:299] "Volume detached for volume \"broker-configuration\" (UniqueName: \"kubernetes.io/configmap/36caacbb-c4b1-4589-b83d-4bd40e44b84d-broker-configuration\") on node \"38f70066c240\" DevicePath \"\""
2025-01-29 17:03:25,113 INFO c.h.h.t.HelmChartContainer - [K3S] [stateful_set.go:438] "Unhandled Error" err="error syncing StatefulSet helmbridgeextensionit/test-hivemq-platform, requeuing: controllerrevisions.apps \"test-hivemq-platform-5686c99fcc\" is forbidden: unable to create new content in namespace helmbridgeextensionit because it is being terminated"
2025-01-29 17:03:25,259 INFO c.h.h.t.HelmChartContainer - [K3S] [stateful_set.go:466] "StatefulSet has been deleted" key="helmbridgeextensionit/test-hivemq-platform"
2025-01-29 17:03:25,274 INFO c.h.h.t.HelmChartContainer - [K3S] [stateful_set.go:466] "StatefulSet has been deleted" key="helmbridgeextensionit/test-hivemq-platform"
2025-01-29 17:03:25,288 INFO c.h.h.t.HelmChartContainer - [K3S] [namespace_controller.go:164] "Unhandled Error" err="deletion of namespace helmbridgeextensionit failed: unexpected items still remain in namespace: helmbridgeextensionit for gvr: /v1, Resource=pods"
2025-01-29 17:03:25,336 INFO c.h.h.t.HelmChartContainer - [K3S] [scope.go:117] "RemoveContainer" containerID="3976561c68b75ce3efc4a0e90c11cb11d17ffaa854572006c1a8a5c02ed7c41e"
2025-01-29 17:03:25,352 INFO c.h.h.t.HelmChartContainer - [POD] test-hivemq-platform-0 [36caacbb-c4b1-4589-b83d-4bd40e44b84d] in helmbridgeextensionit was MODIFIED
2025-01-29 17:03:25,353 INFO c.h.h.t.HelmChartContainer - [POD] test-hivemq-platform-0 [36caacbb-c4b1-4589-b83d-4bd40e44b84d] in helmbridgeextensionit was DELETED
2025-01-29 17:03:25,452 INFO c.h.h.t.HelmChartContainer - [K3S] [scope.go:117] "RemoveContainer" containerID="83e0e149e6170baf9a916e4001a63b041362cb3c07b3bf50a00210aa4396330b"
2025-01-29 17:03:25,456 INFO c.h.h.t.HelmChartContainer - [K3S] [scope.go:117] "RemoveContainer" containerID="3976561c68b75ce3efc4a0e90c11cb11d17ffaa854572006c1a8a5c02ed7c41e"
2025-01-29 17:03:25,457 INFO c.h.h.t.HelmChartContainer - [K3S] [scope.go:117] "RemoveContainer" containerID="83e0e149e6170baf9a916e4001a63b041362cb3c07b3bf50a00210aa4396330b"
2025-01-29 17:03:25,572 INFO c.h.h.t.HelmChartContainer - Namespace 'helmbridgeextensionit' deleted
2025-01-29 17:03:25,572 INFO c.h.h.t.HelmChartContainer - Release 'test-hivemq-platform' in namespace 'helmbridgeextensionit' is uninstalled
2025-01-29 17:03:25,572 INFO c.h.h.t.HelmChartContainer - Uninstalling release 'test-hivemq-platform-operator' in namespace 'helmbridgeextensionit-operator'...
2025-01-29 17:03:25,572 DEBUG c.h.h.t.HelmChartContainer - Executing helm command: /bin/helm --kubeconfig /etc/rancher/k3s/k3s.yaml uninstall test-hivemq-platform-operator  --wait --timeout 5m0s --cascade foreground --namespace helmbridgeextensionit-operator
2025-01-29 17:03:25,751 INFO c.h.h.t.HelmChartContainer - [K3S] [replica_set.go:679] "Finished syncing" kind="ReplicaSet" key="helmbridgeextensionit-operator/hivemq-test-hivemq-platform-operator-6966f96d65" duration="13.51869ms"
2025-01-29 17:03:25,752 INFO c.h.h.t.HelmChartContainer - [K3S] [replica_set.go:679] "Finished syncing" kind="ReplicaSet" key="helmbridgeextensionit-operator/hivemq-test-hivemq-platform-operator-6966f96d65" duration="56.315µs"
2025-01-29 17:03:25,768 INFO c.h.h.t.HelmChartContainer - [POD] hivemq-test-hivemq-platform-operator-6966f96d65-g89tr [bd177c04-32b3-4660-8334-6cf509021eac] in helmbridgeextensionit-operator was MODIFIED
2025-01-29 17:03:25,772 INFO c.h.h.t.HelmChartContainer - [EVENT] Normal [Killing] Stopping container hivemq-platform-operator [helmbridgeextensionit-operator:hivemq-test-hivemq-platform-operator-6966f96d65-g89tr]
2025-01-29 17:03:25,773 INFO c.h.h.t.HelmChartContainer - Received Killing event for container hivemq-platform-operator in pod hivemq-test-hivemq-platform-operator-6966f96d65-g89tr [bd177c04-32b3-4660-8334-6cf509021eac]
2025-01-29 17:03:25,773 INFO c.h.h.t.HelmChartContainer - Container [hivemq-test-hivemq-platform-operator-6966f96d65-g89tr] [hivemq-platform-operator] [bd177c04-32b3-4660-8334-6cf509021eac] was terminated
2025-01-29 17:03:25,773 INFO c.h.h.t.HelmChartContainer - Stopped log watcher for hivemq-platform-operator in pod hivemq-test-hivemq-platform-operator-6966f96d65-g89tr [bd177c04-32b3-4660-8334-6cf509021eac]
2025-01-29 17:03:25,775 INFO c.h.h.t.HelmChartContainer - [K3S] [replica_set.go:679] "Finished syncing" kind="ReplicaSet" key="helmbridgeextensionit-operator/hivemq-test-hivemq-platform-operator-6966f96d65" duration="13.46645ms"
2025-01-29 17:03:25,775 INFO c.h.h.t.HelmChartContainer - [K3S] [replica_set.go:679] "Finished syncing" kind="ReplicaSet" key="helmbridgeextensionit-operator/hivemq-test-hivemq-platform-operator-6966f96d65" duration="37.59µs"
2025-01-29 17:03:25,784 INFO c.h.h.t.HelmChartContainer - [hivemq-test-hivemq-platform] [hivemq-platform-operator] [bd177c04] 17:03:25.782 [application-shutdown-thread] INFO  c.h.p.o.HiveMQPlatformOperatorApplication - HiveMQ Platform Operator is stopping...
2025-01-29 17:03:25,784 INFO c.h.h.t.HelmChartContainer - [hivemq-test-hivemq-platform] [hivemq-platform-operator] [bd177c04] 17:03:25.782 [application-shutdown-thread] INFO  i.javaoperatorsdk.operator.Operator - Operator SDK 4.9.7 is shutting down...
2025-01-29 17:03:26,139 INFO c.h.h.t.HelmChartContainer - [K3S] [replica_set.go:679] "Finished syncing" kind="ReplicaSet" key="helmbridgeextensionit-operator/hivemq-test-hivemq-platform-operator-6966f96d65" duration="45.655µs"
2025-01-29 17:03:26,140 INFO c.h.h.t.HelmChartContainer - [POD] hivemq-test-hivemq-platform-operator-6966f96d65-g89tr [bd177c04-32b3-4660-8334-6cf509021eac] in helmbridgeextensionit-operator was MODIFIED
2025-01-29 17:03:26,179 INFO c.h.h.t.HelmChartContainer - [K3S] [reconciler_common.go:162] "operationExecutor.UnmountVolume started for volume \"kube-api-access-rsxdg\" (UniqueName: \"kubernetes.io/projected/bd177c04-32b3-4660-8334-6cf509021eac-kube-api-access-rsxdg\") pod \"bd177c04-32b3-4660-8334-6cf509021eac\" (UID: \"bd177c04-32b3-4660-8334-6cf509021eac\") "
2025-01-29 17:03:26,279 INFO c.h.h.t.HelmChartContainer - [K3S] [reconciler_common.go:299] "Volume detached for volume \"kube-api-access-rsxdg\" (UniqueName: \"kubernetes.io/projected/bd177c04-32b3-4660-8334-6cf509021eac-kube-api-access-rsxdg\") on node \"38f70066c240\" DevicePath \"\""
2025-01-29 17:03:26,338 INFO c.h.h.t.HelmChartContainer - [K3S] [scope.go:117] "RemoveContainer" containerID="74e8b750fea5fde63d5e7097cf12b57149da9412e4d349fd7c47938a5948e6c0"
2025-01-29 17:03:26,342 INFO c.h.h.t.HelmChartContainer - [K3S] [scope.go:117] "RemoveContainer" containerID="74e8b750fea5fde63d5e7097cf12b57149da9412e4d349fd7c47938a5948e6c0"
2025-01-29 17:03:26,350 INFO c.h.h.t.HelmChartContainer - [K3S] [replica_set.go:679] "Finished syncing" kind="ReplicaSet" key="helmbridgeextensionit-operator/hivemq-test-hivemq-platform-operator-6966f96d65" duration="40.626µs"
2025-01-29 17:03:26,353 INFO c.h.h.t.HelmChartContainer - [POD] hivemq-test-hivemq-platform-operator-6966f96d65-g89tr [bd177c04-32b3-4660-8334-6cf509021eac] in helmbridgeextensionit-operator was MODIFIED
2025-01-29 17:03:26,353 INFO c.h.h.t.HelmChartContainer - [K3S] [replica_set.go:679] "Finished syncing" kind="ReplicaSet" key="helmbridgeextensionit-operator/hivemq-test-hivemq-platform-operator-6966f96d65" duration="32.481µs"
2025-01-29 17:03:26,353 INFO c.h.h.t.HelmChartContainer - [POD] hivemq-test-hivemq-platform-operator-6966f96d65-g89tr [bd177c04-32b3-4660-8334-6cf509021eac] in helmbridgeextensionit-operator was DELETED
2025-01-29 17:03:26,364 INFO c.h.h.t.HelmChartContainer - [K3S] [replica_set.go:679] "Finished syncing" kind="ReplicaSet" key="helmbridgeextensionit-operator/hivemq-test-hivemq-platform-operator-6966f96d65" duration="5.43µs"
2025-01-29 17:03:27,129 INFO c.h.h.t.HelmChartContainer - [K3S] [kubelet_volumes.go:163] "Cleaned up orphaned pod volumes dir" podUID="36caacbb-c4b1-4589-b83d-4bd40e44b84d" path="/var/lib/kubelet/pods/36caacbb-c4b1-4589-b83d-4bd40e44b84d/volumes"
2025-01-29 17:03:27,130 INFO c.h.h.t.HelmChartContainer - [K3S] [kubelet_volumes.go:163] "Cleaned up orphaned pod volumes dir" podUID="bd177c04-32b3-4660-8334-6cf509021eac" path="/var/lib/kubelet/pods/bd177c04-32b3-4660-8334-6cf509021eac/volumes"
2025-01-29 17:03:27,775 INFO c.h.h.t.HelmChartContainer - Deleting namespace 'helmbridgeextensionit-operator'...
2025-01-29 17:03:30,474 INFO c.h.h.t.HelmChartContainer - [K3S] [namespace_controller.go:187] "Namespace has been deleted" namespace="helmbridgeextensionit"
2025-01-29 17:03:32,994 INFO c.h.h.t.HelmChartContainer - Namespace 'helmbridgeextensionit-operator' deleted
2025-01-29 17:03:32,994 INFO c.h.h.t.HelmChartContainer - Release 'test-hivemq-platform-operator' in namespace 'helmbridgeextensionit-operator' is uninstalled
2025-01-29 17:03:33,571 INFO c.h.helmcharts.AbstractHelmChartIT - Removed unused containers:

2025-01-29 17:03:37,897 INFO c.h.h.t.HelmChartContainer - [K3S] [namespace_controller.go:187] "Namespace has been deleted" namespace="helmbridgeextensionit-operator"
2025-01-29 17:03:40,989 INFO c.h.helmcharts.AbstractHelmChartIT - Removed unused snapshots:
Removing snapshot sha256:0241d8f67046e75c342b303df54d9f4d675107322ef21f96890e8523cf2edf33
Removing snapshot sha256:03af251906410714c5aef9fa705b63f6bbc39c4a5e787de7361eeb18886c2ed2
Removing snapshot sha256:05e92d4edb7dae17100de87c70ce860a0be1c86cf824bdeb0ecaca118b84ef20
Removing snapshot sha256:0c46b3b43cce082ce5ec34ffc6c294e0417d17b9d1e6f366d114b6aadc4f96dc
Removing snapshot sha256:0ce761beee59082d6ed5bcebd3a805b8ddd9b3426b617e4809e7fb7c6587ffec
Removing snapshot sha256:0df91287303208332c8ff6ba40ae4710105201739addbfbddfb955f1ad593664
Removing snapshot sha256:1021ef88c7974bfff89c5a0ec4fd3160daac6c48a075f74cff721f85dd104e68
Removing snapshot sha256:10aba4953ddc18145dd38e3704709bc464aa20af60b56fe52caaff4b68411e62
Removing snapshot sha256:362a8a37f8bbc31925a8146adcf7cf51f9882f5c1dcbef67c5baa03a297543c0
Removing snapshot sha256:43a7c979bbaba6838bc3102d6b10a1459f3ab050b87ccdfef84ef90cf43d3058
Removing snapshot sha256:4ab04491cdf0d3267f08206fe30bd48f49f94b9cab2f016d6739220f722a64af
Removing snapshot sha256:4b6068250e89c96f263060261819c7d912855bfbd64b3eb4c4a8483299b8c295
Removing snapshot sha256:580e69a0a8034ede1921139bbd2bfb72a69ebf276d008281896c32dd8bf74775
Removing snapshot sha256:5d30ba46b27fe37484567ccc5242cadc78217b8da605f3f195ef25cbf7487904
Removing snapshot sha256:63ca1fbb43ae5034640e5e6cb3e083e05c290072c5366fcaa9d62435a4cced85
Removing snapshot sha256:67f702c6baae873bceb19487c8b1f27bd2b86077e4f2f0e480e6d60ab508b8f5
Removing snapshot sha256:6864348dd42806d552efdec384f1274be15e2d0c10ce44c1f04347af004c10a9
Removing snapshot sha256:6c7dee8f2c39b84b7dc2711c01d33de93514d9055499173e9290176fbe484b6c
Removing snapshot sha256:82753493a6d61ded36556292f02f31841a14c20d2f279f19eaad65afb661d5cd
Removing snapshot sha256:8a10d3db42c505ee0fcfa98417bdd7e39b304f6bcc0a06bb1b220797ff2cc63c
Removing snapshot sha256:a21e5b12dbac529ad45d976eb9ce45c881f3bedcc500fb30aba1e52aa1813418
Removing snapshot sha256:b921e6c28969094157f9b8e7244677780319637afd14450b7cb6b2fdea558a0c
Removing snapshot sha256:bc27ecb5769a00e309cf99ebc763c4a4b958b618d1decc96ffac5bc05f02f5b7
Removing snapshot sha256:be3ccb6627a5332e309d45ef461d09b4879dd870c7394d89323d0ebc6ca6aa8a
Removing snapshot sha256:c261f7cbbc64211ee175ee47273acdb7b1a36a4450b397a064a8f2c026490095
Removing snapshot sha256:c34d9393647eea0c9e3557ab988efaf59f61d10a2a5613b439ef0958cca5ec10
Removing snapshot sha256:ccf3c4a0fa967a41c1c83497a2ce6fa5787965859df0adb32c4ca2cf7490bc2b
Removing snapshot sha256:cf92d33f869417309692088c341cd0f223c178ea78a125f757317b22aa8f90e9
Removing snapshot sha256:d0037344cf2fb078884f1849f6a1f8cf9a33a3b6139b6a85833e5ee528e1f9a8
Removing snapshot sha256:d3b36d5b79273b1e98e7700470eaeff05a882e777124d84cebcc1505b85ecb36
Removing snapshot sha256:d65a44a37914602d12c611e5e22a50f11451d847e63015cc1c2aef92dee777a4
Removing snapshot sha256:e2dc0bae2455930f23ae570e019b7f32edc75c0f2d71cab084db837ff9051796
Removing snapshot sha256:eccbd24a99c60cd9e86ee5305dbfc4a4dc89f5ab4fb1f06c8d64797cecedef34
Removing snapshot sha256:f144bb4c7c7f0d2aa7eeffd36d934ec40db1ee167be727e326aad9fdc616f475

]]></system-out>
  </testcase>
  <testcase name="withBridgeSecretConfiguration_messageBridged()" classname="com.hivemq.helmcharts.extensions.HelmBridgeExtensionIT" time="99.362">
    <system-out><![CDATA[2025-01-29 17:03:41,222 INFO tc.hivemq/hivemq4:4.36.0 - Creating container for image: hivemq/hivemq4:4.36.0
2025-01-29 17:03:41,240 INFO tc.hivemq/hivemq4:4.36.0 - Container hivemq/hivemq4:4.36.0 is starting: 7b09a132772e68d90c093db1f5d0b9aff1bd689606b6343b22a7fc6ff4a93e84
2025-01-29 17:03:48,958 INFO tc.hivemq/hivemq4:4.36.0 - Container hivemq/hivemq4:4.36.0 started in PT7.735640584S
2025-01-29 17:03:48,958 INFO c.h.h.t.HelmChartContainer - Creating namespace 'helmbridgeextensionit-operator'...
2025-01-29 17:03:48,963 INFO c.h.h.t.HelmChartContainer - Namespace 'helmbridgeextensionit-operator' created
2025-01-29 17:03:48,963 INFO c.h.h.t.HelmChartContainer - Creating namespace 'helmbridgeextensionit'...
2025-01-29 17:03:48,971 INFO c.h.h.t.HelmChartContainer - Namespace 'helmbridgeextensionit' created
2025-01-29 17:03:49,043 DEBUG c.h.h.t.HelmChartContainer - Executing helm command: /bin/helm --kubeconfig /etc/rancher/k3s/k3s.yaml install test-hivemq-platform-operator /charts/hivemq-platform-operator --wait --timeout 5m0s --set image.repository=docker.io/hivemq --set image.name=hivemq-platform-operator-test --set image.initImageName=hivemq-platform-operator-init-test --set image.tag=snapshot --set image.pullPolicy=Never --set logLevel=DEBUG --set resources.cpu=512m --namespace helmbridgeextensionit-operator
2025-01-29 17:03:49,347 INFO c.h.h.t.HelmChartContainer - [K3S] [alloc.go:330] "allocated clusterIPs" service="helmbridgeextensionit-operator/hivemq-platform-operator-test-hivemq-platform-operator" clusterIPs={"IPv4":"10.43.66.80"}
2025-01-29 17:03:49,364 INFO c.h.h.t.HelmChartContainer - [EVENT] Normal [ScalingReplicaSet] Scaled up replica set hivemq-test-hivemq-platform-operator-6966f96d65 from 0 to 1 [helmbridgeextensionit-operator:hivemq-test-hivemq-platform-operator]
2025-01-29 17:03:49,370 INFO c.h.h.t.HelmChartContainer - [POD] hivemq-test-hivemq-platform-operator-6966f96d65-p6c7x [741de118-d285-4f17-8a6e-25404d5b36eb] in helmbridgeextensionit-operator was ADDED
2025-01-29 17:03:49,377 INFO c.h.h.t.HelmChartContainer - [K3S] [memory_manager.go:355] "RemoveStaleState removing state" podUID="bd177c04-32b3-4660-8334-6cf509021eac" containerName="hivemq-platform-operator"
2025-01-29 17:03:49,377 INFO c.h.h.t.HelmChartContainer - [K3S] [memory_manager.go:355] "RemoveStaleState removing state" podUID="36caacbb-c4b1-4589-b83d-4bd40e44b84d" containerName="hivemq"
2025-01-29 17:03:49,378 INFO c.h.h.t.HelmChartContainer - [K3S] [replica_set.go:679] "Finished syncing" kind="ReplicaSet" key="helmbridgeextensionit-operator/hivemq-test-hivemq-platform-operator-6966f96d65" duration="17.842017ms"
2025-01-29 17:03:49,380 INFO c.h.h.t.HelmChartContainer - [POD] hivemq-test-hivemq-platform-operator-6966f96d65-p6c7x [741de118-d285-4f17-8a6e-25404d5b36eb] in helmbridgeextensionit-operator was MODIFIED
2025-01-29 17:03:49,382 INFO c.h.h.t.HelmChartContainer - [EVENT] Normal [SuccessfulCreate] Created pod: hivemq-test-hivemq-platform-operator-6966f96d65-p6c7x [helmbridgeextensionit-operator:hivemq-test-hivemq-platform-operator-6966f96d65]
2025-01-29 17:03:49,387 INFO c.h.h.t.HelmChartContainer - [EVENT] Normal [Scheduled] Successfully assigned helmbridgeextensionit-operator/hivemq-test-hivemq-platform-operator-6966f96d65-p6c7x to 38f70066c240 [helmbridgeextensionit-operator:hivemq-test-hivemq-platform-operator-6966f96d65-p6c7x]
2025-01-29 17:03:49,390 INFO c.h.h.t.HelmChartContainer - [K3S] [replica_set.go:679] "Finished syncing" kind="ReplicaSet" key="helmbridgeextensionit-operator/hivemq-test-hivemq-platform-operator-6966f96d65" duration="11.765621ms"
2025-01-29 17:03:49,390 INFO c.h.h.t.HelmChartContainer - [K3S] [replica_set.go:679] "Finished syncing" kind="ReplicaSet" key="helmbridgeextensionit-operator/hivemq-test-hivemq-platform-operator-6966f96d65" duration="43.952µs"
2025-01-29 17:03:49,392 INFO c.h.h.t.HelmChartContainer - [K3S] [replica_set.go:679] "Finished syncing" kind="ReplicaSet" key="helmbridgeextensionit-operator/hivemq-test-hivemq-platform-operator-6966f96d65" duration="29.014µs"
2025-01-29 17:03:49,393 INFO c.h.h.t.HelmChartContainer - [POD] hivemq-test-hivemq-platform-operator-6966f96d65-p6c7x [741de118-d285-4f17-8a6e-25404d5b36eb] in helmbridgeextensionit-operator was MODIFIED
2025-01-29 17:03:49,420 INFO c.h.h.t.HelmChartContainer - [K3S] [reconciler_common.go:251] "operationExecutor.VerifyControllerAttachedVolume started for volume \"kube-api-access-bcczl\" (UniqueName: \"kubernetes.io/projected/741de118-d285-4f17-8a6e-25404d5b36eb-kube-api-access-bcczl\") pod \"hivemq-test-hivemq-platform-operator-6966f96d65-p6c7x\" (UID: \"741de118-d285-4f17-8a6e-25404d5b36eb\") " pod="helmbridgeextensionit-operator/hivemq-test-hivemq-platform-operator-6966f96d65-p6c7x"
2025-01-29 17:03:49,767 INFO c.h.h.t.HelmChartContainer - [EVENT] Normal [Pulled] Container image "docker.io/hivemq/hivemq-platform-operator-test:snapshot" already present on machine [helmbridgeextensionit-operator:hivemq-test-hivemq-platform-operator-6966f96d65-p6c7x]
2025-01-29 17:03:49,767 INFO c.h.h.t.HelmChartContainer - Received Pulled event for container hivemq-platform-operator in pod hivemq-test-hivemq-platform-operator-6966f96d65-p6c7x [741de118-d285-4f17-8a6e-25404d5b36eb]
2025-01-29 17:03:51,016 INFO c.h.h.t.HelmChartContainer - [EVENT] Normal [Created] Created container: hivemq-platform-operator [helmbridgeextensionit-operator:hivemq-test-hivemq-platform-operator-6966f96d65-p6c7x]
2025-01-29 17:03:51,016 INFO c.h.h.t.HelmChartContainer - Received Created event for container hivemq-platform-operator in pod hivemq-test-hivemq-platform-operator-6966f96d65-p6c7x [741de118-d285-4f17-8a6e-25404d5b36eb]
2025-01-29 17:03:51,398 INFO c.h.h.t.HelmChartContainer - [K3S] [replica_set.go:679] "Finished syncing" kind="ReplicaSet" key="helmbridgeextensionit-operator/hivemq-test-hivemq-platform-operator-6966f96d65" duration="43µs"
2025-01-29 17:03:51,399 INFO c.h.h.t.HelmChartContainer - [POD] hivemq-test-hivemq-platform-operator-6966f96d65-p6c7x [741de118-d285-4f17-8a6e-25404d5b36eb] in helmbridgeextensionit-operator was MODIFIED
2025-01-29 17:03:51,410 INFO c.h.h.t.HelmChartContainer - [EVENT] Normal [Started] Started container hivemq-platform-operator [helmbridgeextensionit-operator:hivemq-test-hivemq-platform-operator-6966f96d65-p6c7x]
2025-01-29 17:03:51,411 INFO c.h.h.t.HelmChartContainer - Started log watcher for hivemq-platform-operator in pod hivemq-test-hivemq-platform-operator-6966f96d65-p6c7x [741de118-d285-4f17-8a6e-25404d5b36eb]
2025-01-29 17:03:51,411 INFO c.h.h.t.HelmChartContainer - [hivemq-test-hivemq-platform] [hivemq-platform-operator] [741de118] -------------------------------------------------------------------------
2025-01-29 17:03:51,411 INFO c.h.h.t.HelmChartContainer - [hivemq-test-hivemq-platform] [hivemq-platform-operator] [741de118] 
2025-01-29 17:03:51,411 INFO c.h.h.t.HelmChartContainer - [hivemq-test-hivemq-platform] [hivemq-platform-operator] [741de118]                   _    _  _              __  __   ____
2025-01-29 17:03:51,411 INFO c.h.h.t.HelmChartContainer - [hivemq-test-hivemq-platform] [hivemq-platform-operator] [741de118]                  | |  | |(_)            |  \/  | / __ \
2025-01-29 17:03:51,411 INFO c.h.h.t.HelmChartContainer - [hivemq-test-hivemq-platform] [hivemq-platform-operator] [741de118]                  | |__| | _ __   __ ___ | \  / || |  | |
2025-01-29 17:03:51,411 INFO c.h.h.t.HelmChartContainer - [hivemq-test-hivemq-platform] [hivemq-platform-operator] [741de118]                  |  __  || |\ \ / // _ \| |\/| || |  | |
2025-01-29 17:03:51,411 INFO c.h.h.t.HelmChartContainer - [hivemq-test-hivemq-platform] [hivemq-platform-operator] [741de118]                  | |  | || | \ V /|  __/| |  | || |__| |
2025-01-29 17:03:51,411 INFO c.h.h.t.HelmChartContainer - [hivemq-test-hivemq-platform] [hivemq-platform-operator] [741de118]                  |_|  |_||_|  \_/  \___||_|  |_| \___\_\
2025-01-29 17:03:51,411 INFO c.h.h.t.HelmChartContainer - [hivemq-test-hivemq-platform] [hivemq-platform-operator] [741de118] 
2025-01-29 17:03:51,411 INFO c.h.h.t.HelmChartContainer - [hivemq-test-hivemq-platform] [hivemq-platform-operator] [741de118] -------------------------------------------------------------------------
2025-01-29 17:03:51,411 INFO c.h.h.t.HelmChartContainer - [hivemq-test-hivemq-platform] [hivemq-platform-operator] [741de118] 
2025-01-29 17:03:51,411 INFO c.h.h.t.HelmChartContainer - [hivemq-test-hivemq-platform] [hivemq-platform-operator] [741de118]   HiveMQ Platform Operator Start Script v1.0
2025-01-29 17:03:51,411 INFO c.h.h.t.HelmChartContainer - [hivemq-test-hivemq-platform] [hivemq-platform-operator] [741de118] 
2025-01-29 17:03:51,411 INFO c.h.h.t.HelmChartContainer - [hivemq-test-hivemq-platform] [hivemq-platform-operator] [741de118] -------------------------------------------------------------------------
2025-01-29 17:03:51,411 INFO c.h.h.t.HelmChartContainer - [hivemq-test-hivemq-platform] [hivemq-platform-operator] [741de118] 
2025-01-29 17:03:51,411 INFO c.h.h.t.HelmChartContainer - [hivemq-test-hivemq-platform] [hivemq-platform-operator] [741de118]   JAVA_OPTS: -XX:+UnlockExperimentalVMOptions -XX:InitialRAMPercentage=75 -XX:MaxRAMPercentage=75 -Duser.language=en -Duser.region=US
2025-01-29 17:03:51,411 INFO c.h.h.t.HelmChartContainer - [hivemq-test-hivemq-platform] [hivemq-platform-operator] [741de118] 
2025-01-29 17:03:51,411 INFO c.h.h.t.HelmChartContainer - Received Started event for container hivemq-platform-operator in pod hivemq-test-hivemq-platform-operator-6966f96d65-p6c7x [741de118-d285-4f17-8a6e-25404d5b36eb]
2025-01-29 17:03:51,411 INFO c.h.h.t.HelmChartContainer - [hivemq-test-hivemq-platform] [hivemq-platform-operator] [741de118]   JAVA_VERSION: 21
2025-01-29 17:03:51,411 INFO c.h.h.t.HelmChartContainer - [hivemq-test-hivemq-platform] [hivemq-platform-operator] [741de118] 
2025-01-29 17:03:51,411 INFO c.h.h.t.HelmChartContainer - [hivemq-test-hivemq-platform] [hivemq-platform-operator] [741de118] -------------------------------------------------------------------------
2025-01-29 17:03:51,411 INFO c.h.h.t.HelmChartContainer - [hivemq-test-hivemq-platform] [hivemq-platform-operator] [741de118] 
2025-01-29 17:03:54,339 INFO c.h.h.t.HelmChartContainer - [hivemq-test-hivemq-platform] [hivemq-platform-operator] [741de118] 17:03:54.337 [main] DEBUG org.jboss.logging - Logging Provider: org.jboss.logging.Slf4jLoggerProvider
2025-01-29 17:03:54,484 INFO c.h.h.t.HelmChartContainer - [hivemq-test-hivemq-platform] [hivemq-platform-operator] [741de118] 17:03:54.483 [main] DEBUG io.smallrye.config - SRCFG01006: Loaded ConfigSource SysPropConfigSource with ordinal 400
2025-01-29 17:03:54,484 INFO c.h.h.t.HelmChartContainer - [hivemq-test-hivemq-platform] [hivemq-platform-operator] [741de118] 17:03:54.484 [main] DEBUG io.smallrye.config - SRCFG01006: Loaded ConfigSource EnvConfigSource with ordinal 300
2025-01-29 17:03:54,520 INFO c.h.h.t.HelmChartContainer - [hivemq-test-hivemq-platform] [hivemq-platform-operator] [741de118] 17:03:54.484 [main] DEBUG io.smallrye.config - SRCFG01006: Loaded ConfigSource PropertiesConfigSource[source=jar:file:///opt/hivemq-platform-operator/bin/hivemq-platform-operator.jar!/hivemq-platform-operator.properties] with ordinal 100
2025-01-29 17:03:54,521 INFO c.h.h.t.HelmChartContainer - [hivemq-test-hivemq-platform] [hivemq-platform-operator] [741de118] 17:03:54.520 [main] DEBUG io.smallrye.config - SRCFG01006: Loaded ConfigSource DefaultValuesConfigSource with ordinal -2147483648
2025-01-29 17:03:54,628 INFO c.h.h.t.HelmChartContainer - [hivemq-test-hivemq-platform] [hivemq-platform-operator] [741de118] 17:03:54.626 [main] DEBUG i.m.c.u.i.l.InternalLoggerFactory - Using SLF4J as the default logging framework
2025-01-29 17:03:54,739 INFO c.h.h.t.HelmChartContainer - [hivemq-test-hivemq-platform] [hivemq-platform-operator] [741de118] 17:03:54.730 [main] INFO  c.h.p.o.HiveMQPlatformOperatorApplication - HiveMQ Platform Operator 1.7.0-SNAPSHOT (commit: 8465ebf on branch: HEAD) built on Wed Jan 29 16:56:31 UTC 2025
2025-01-29 17:03:54,739 INFO c.h.h.t.HelmChartContainer - [hivemq-test-hivemq-platform] [hivemq-platform-operator] [741de118] 17:03:54.738 [main] INFO  c.h.p.o.HiveMQPlatformOperatorApplication - HiveMQ Platform Operator is running in namespace: helmbridgeextensionit-operator
2025-01-29 17:03:54,740 INFO c.h.h.t.HelmChartContainer - [hivemq-test-hivemq-platform] [hivemq-platform-operator] [741de118] 17:03:54.738 [main] INFO  c.h.p.o.HiveMQPlatformOperatorApplication - Watching all namespaces
2025-01-29 17:03:54,740 INFO c.h.h.t.HelmChartContainer - [hivemq-test-hivemq-platform] [hivemq-platform-operator] [741de118] 17:03:54.738 [main] INFO  c.h.p.o.HiveMQPlatformOperatorApplication - Log level: DEBUG
2025-01-29 17:03:54,740 INFO c.h.h.t.HelmChartContainer - [hivemq-test-hivemq-platform] [hivemq-platform-operator] [741de118] 17:03:54.738 [main] INFO  c.h.p.o.HiveMQPlatformOperatorApplication - Release name: test-hivemq-platform-operator
2025-01-29 17:03:54,741 INFO c.h.h.t.HelmChartContainer - [hivemq-test-hivemq-platform] [hivemq-platform-operator] [741de118] 17:03:54.738 [main] INFO  c.h.p.o.HiveMQPlatformOperatorApplication - HiveMQ Platform Operator Init image: docker.io/hivemq/hivemq-platform-operator-init-test:snapshot
2025-01-29 17:03:54,741 INFO c.h.h.t.HelmChartContainer - [hivemq-test-hivemq-platform] [hivemq-platform-operator] [741de118] 17:03:54.738 [main] INFO  c.h.p.o.HiveMQPlatformOperatorApplication - HiveMQ Platform Operator Init App update URL: http://hivemq-platform-operator-test-hivemq-platform-operator.helmbridgeextensionit-operator.svc:8080/initAppUpdate/hivemq-platform-operator-init-app-1.7.0-SNAPSHOT.jar
2025-01-29 17:03:54,741 INFO c.h.h.t.HelmChartContainer - [hivemq-test-hivemq-platform] [hivemq-platform-operator] [741de118] 17:03:54.738 [main] INFO  c.h.p.o.HiveMQPlatformOperatorApplication - Additional imagePullSecret for all Platform deployments: none
2025-01-29 17:03:54,741 INFO c.h.h.t.HelmChartContainer - [hivemq-test-hivemq-platform] [hivemq-platform-operator] [741de118] 17:03:54.738 [main] INFO  c.h.p.o.HiveMQPlatformOperatorApplication - Apply HiveMQ Platform CRD: true
2025-01-29 17:03:54,741 INFO c.h.h.t.HelmChartContainer - [hivemq-test-hivemq-platform] [hivemq-platform-operator] [741de118] 17:03:54.738 [main] INFO  c.h.p.o.HiveMQPlatformOperatorApplication - Create Platform ServiceAccount: true
2025-01-29 17:03:54,741 INFO c.h.h.t.HelmChartContainer - [hivemq-test-hivemq-platform] [hivemq-platform-operator] [741de118] 17:03:54.738 [main] INFO  c.h.p.o.HiveMQPlatformOperatorApplication - Create Platform ServiceAccount permissions: true
2025-01-29 17:03:54,741 INFO c.h.h.t.HelmChartContainer - [hivemq-test-hivemq-platform] [hivemq-platform-operator] [741de118] 17:03:54.738 [main] INFO  c.h.p.o.HiveMQPlatformOperatorApplication - Validate Platform ServiceAccount: true
2025-01-29 17:03:54,741 INFO c.h.h.t.HelmChartContainer - [hivemq-test-hivemq-platform] [hivemq-platform-operator] [741de118] 17:03:54.738 [main] INFO  c.h.p.o.HiveMQPlatformOperatorApplication - Validate Platform ServiceAccount permissions: true
2025-01-29 17:03:54,832 INFO c.h.h.t.HelmChartContainer - [hivemq-test-hivemq-platform] [hivemq-platform-operator] [741de118] 17:03:54.831 [main] INFO  c.h.platform.operator.util.CRDUtil - Verifying deployed HiveMQ Platform CRD...
2025-01-29 17:03:57,532 INFO c.h.h.t.HelmChartContainer - [hivemq-test-hivemq-platform] [hivemq-platform-operator] [741de118] 17:03:57.528 [main] DEBUG c.h.platform.operator.util.CRDUtil - HiveMQ Platform CRD version v1 is up to date
2025-01-29 17:03:57,532 INFO c.h.h.t.HelmChartContainer - [hivemq-test-hivemq-platform] [hivemq-platform-operator] [741de118] 17:03:57.528 [main] INFO  c.h.platform.operator.util.CRDUtil - HiveMQ Platform CRD is up to date (version: V1_6_0)
2025-01-29 17:03:57,532 INFO c.h.h.t.HelmChartContainer - [hivemq-test-hivemq-platform] [hivemq-platform-operator] [741de118] 17:03:57.528 [main] INFO  c.h.platform.operator.util.CRDUtil - Waiting 10000 ms for HiveMQ Platform CRD 'hivemq-platforms.hivemq.com' to become ready...
2025-01-29 17:03:57,830 INFO c.h.h.t.HelmChartContainer - [hivemq-test-hivemq-platform] [hivemq-platform-operator] [741de118] 17:03:57.829 [vert.x-eventloop-thread-1] DEBUG c.h.platform.operator.util.CRDUtil - Checking CRD condition 'NamesAccepted' (status: 'True')
2025-01-29 17:03:57,831 INFO c.h.h.t.HelmChartContainer - [hivemq-test-hivemq-platform] [hivemq-platform-operator] [741de118] 17:03:57.829 [vert.x-eventloop-thread-1] DEBUG c.h.platform.operator.util.CRDUtil - Checking CRD condition 'Established' (status: 'True')
2025-01-29 17:03:57,832 INFO c.h.h.t.HelmChartContainer - [hivemq-test-hivemq-platform] [hivemq-platform-operator] [741de118] 17:03:57.830 [main] INFO  c.h.platform.operator.util.CRDUtil - HiveMQ Platform CRD 'hivemq-platforms.hivemq.com' is ready
2025-01-29 17:03:57,984 INFO c.h.h.t.HelmChartContainer - [hivemq-test-hivemq-platform] [hivemq-platform-operator] [741de118] 17:03:57.983 [main] INFO  c.h.p.o.HiveMQPlatformReconciler - HiveMQ Platform Operator is starting...
2025-01-29 17:03:58,082 INFO c.h.h.t.HelmChartContainer - [hivemq-test-hivemq-platform] [hivemq-platform-operator] [741de118] 17:03:58.080 [main] WARN  Default ConfigurationService implementation - Configuration for reconciler 'hivemq-controller' was not found. Known reconcilers: None.
2025-01-29 17:03:58,127 INFO c.h.h.t.HelmChartContainer - [hivemq-test-hivemq-platform] [hivemq-platform-operator] [741de118] 17:03:58.126 [main] INFO  Default ConfigurationService implementation - Created configuration for reconciler com.hivemq.platform.operator.HiveMQPlatformReconciler with name hivemq-controller
2025-01-29 17:03:58,232 INFO c.h.h.t.HelmChartContainer - [hivemq-test-hivemq-platform] [hivemq-platform-operator] [741de118] 17:03:58.231 [main] DEBUG c.h.p.o.HiveMQPlatformReconciler - HiveMQ Platform Operator is preparing EventSources
2025-01-29 17:03:58,244 INFO c.h.h.t.HelmChartContainer - [hivemq-test-hivemq-platform] [hivemq-platform-operator] [741de118] 17:03:58.243 [main] INFO  i.javaoperatorsdk.operator.Operator - Registered reconciler: 'hivemq-controller' for resource: 'class com.hivemq.platform.operator.v1.HiveMQPlatform' for namespace(s): [all namespaces]
2025-01-29 17:03:58,831 INFO c.h.h.t.HelmChartContainer - [hivemq-test-hivemq-platform] [hivemq-platform-operator] [741de118] 17:03:58.829 [main] INFO  c.h.p.operator.webserver.JettyServer - Starting Jetty server on port 8080
2025-01-29 17:03:58,925 INFO c.h.h.t.HelmChartContainer - [hivemq-test-hivemq-platform] [hivemq-platform-operator] [741de118] 17:03:58.924 [main] INFO  i.javaoperatorsdk.operator.Operator - Operator SDK 4.9.7 (commit: 2133d28) built on Wed Nov 20 12:56:20 UTC 2024 starting...
2025-01-29 17:03:58,925 INFO c.h.h.t.HelmChartContainer - [hivemq-test-hivemq-platform] [hivemq-platform-operator] [741de118] 17:03:58.924 [main] INFO  i.javaoperatorsdk.operator.Operator - Client version: 6.13.5
2025-01-29 17:03:58,926 INFO c.h.h.t.HelmChartContainer - [hivemq-test-hivemq-platform] [hivemq-platform-operator] [741de118] 17:03:58.925 [Controller Starter for: hivemq-controller] INFO  i.j.operator.processing.Controller - Starting 'hivemq-controller' controller for reconciler: com.hivemq.platform.operator.HiveMQPlatformReconciler, resource: com.hivemq.platform.operator.v1.HiveMQPlatform
2025-01-29 17:04:01,430 INFO c.h.h.t.HelmChartContainer - [hivemq-test-hivemq-platform] [hivemq-platform-operator] [741de118] 17:04:01.429 [Controller Starter for: hivemq-controller] INFO  i.j.operator.processing.Controller - 'hivemq-controller' controller started
2025-01-29 17:04:01,431 INFO c.h.h.t.HelmChartContainer - [hivemq-test-hivemq-platform] [hivemq-platform-operator] [741de118] 17:04:01.429 [main] INFO  c.h.p.o.HiveMQPlatformOperatorApplication - HiveMQ Platform Operator 1.7.0-SNAPSHOT started in 6699 ms
2025-01-29 17:04:02,415 INFO c.h.h.t.HelmChartContainer - [POD] hivemq-test-hivemq-platform-operator-6966f96d65-p6c7x [741de118-d285-4f17-8a6e-25404d5b36eb] in helmbridgeextensionit-operator was MODIFIED
2025-01-29 17:04:02,424 INFO c.h.h.t.HelmChartContainer - [K3S] [replica_set.go:679] "Finished syncing" kind="ReplicaSet" key="helmbridgeextensionit-operator/hivemq-test-hivemq-platform-operator-6966f96d65" duration="12.27517ms"
2025-01-29 17:04:02,425 INFO c.h.h.t.HelmChartContainer - [K3S] [replica_set.go:679] "Finished syncing" kind="ReplicaSet" key="helmbridgeextensionit-operator/hivemq-test-hivemq-platform-operator-6966f96d65" duration="33.963µs"
2025-01-29 17:04:03,497 DEBUG c.h.h.t.HelmChartContainer - Executing helm command: /bin/helm --kubeconfig /etc/rancher/k3s/k3s.yaml install test-hivemq-platform /charts/hivemq-platform --wait --timeout 5m0s --set image.repository=docker.io/hivemq --set image.tag=4.36.0 --set image.pullPolicy=Never --set nodes.resources.cpu=512m -f /files/bridge-with-secret-config-values.yaml --namespace helmbridgeextensionit
2025-01-29 17:04:03,827 INFO c.h.h.t.HelmChartContainer - [hivemq-test-hivemq-platform] [hivemq-platform-operator] [741de118] 17:04:03.825 [-2082509879-pool-1-thread-3] WARN  i.m.p.PrometheusMeterRegistry - The meter (MeterId{name='operator.sdk.events.received', tags=[tag(action=ADDED),tag(event=ResourceEvent),tag(group=hivemq.com),tag(kind=HiveMQPlatform),tag(name=test-hivemq-platform),tag(namespace=helmbridgeextensionit),tag(scope=namespace),tag(version=v1)]}) registration has failed: Prometheus requires that all meters with the same name have the same set of tag keys. There is already an existing meter named 'operator.sdk.events.received' containing tag keys [event, group, kind, name, namespace, scope, version]. The meter you are attempting to register has keys [action, event, group, kind, name, namespace, scope, version]. Note that subsequent logs will be logged at debug level.
2025-01-29 17:04:04,232 INFO c.h.h.t.HelmChartContainer - [hivemq-test-hivemq-platform] [hivemq-platform-operator] [741de118] 17:04:04.230 [pool-6-thread-3] DEBUG c.h.p.o.dependants.PodInfoConfigMap - [helmbrid] Desired PodInfo ConfigMap (1 extensions) (1 enabled)
2025-01-29 17:04:04,282 INFO c.h.h.t.HelmChartContainer - [hivemq-test-hivemq-platform] [hivemq-platform-operator] [741de118] 17:04:04.281 [pool-6-thread-3] DEBUG c.h.p.o.dependants.PodInfoConfigMap - [helmbrid] Desired PodInfo ConfigMap (metrics port: 9399) (metrics path: /)
2025-01-29 17:04:04,282 INFO c.h.h.t.HelmChartContainer - [hivemq-test-hivemq-platform] [hivemq-platform-operator] [741de118] 17:04:04.281 [pool-6-thread-3] DEBUG c.h.p.o.dependants.PodInfoConfigMap - [helmbrid] Desired PodInfo ConfigMap (extension state hash: 250803627)
2025-01-29 17:04:04,322 INFO c.h.h.t.HelmChartContainer - [hivemq-test-hivemq-platform] [hivemq-platform-operator] [741de118] 17:04:04.320 [pool-6-thread-3] DEBUG c.h.p.o.dependants.PodInfoConfigMap - [helmbrid] Create PodInfo ConfigMap
2025-01-29 17:04:04,383 INFO c.h.h.t.HelmChartContainer - [hivemq-test-hivemq-platform] [hivemq-platform-operator] [741de118] 17:04:04.331 [pool-6-thread-5] DEBUG c.h.p.o.dependants.PodRoleResource - [helmbrid] Create Role: Role(apiVersion=rbac.authorization.k8s.io/v1, kind=Role, metadata=ObjectMeta(annotations={meta.helm.sh/release-name=test-hivemq-platform, meta.helm.sh/release-namespace=helmbridgeextensionit}, creationTimestamp=null, deletionGracePeriodSeconds=null, deletionTimestamp=null, finalizers=[], generateName=null, generation=null, labels={helm.sh/chart=hivemq-platform-0.2.32, app.kubernetes.io/managed-by=Helm, app.kubernetes.io/name=hivemq-platform, hivemq-platform=test-hivemq-platform, app.kubernetes.io/instance=test-hivemq-platform, app.kubernetes.io/version=4.36.0}, managedFields=[], name=hivemq-platform-role-test-hivemq-platform, namespace=helmbridgeextensionit, ownerReferences=[OwnerReference(apiVersion=hivemq.com/v1, blockOwnerDeletion=null, controller=null, kind=HiveMQPlatform, name=test-hivemq-platform, uid=a4494daf-89f6-4b20-8486-33d2e333fc14, additionalProperties={})], resourceVersion=null, selfLink=null, uid=null, additionalProperties={}), rules=[PolicyRule(apiGroups=[], nonResourceURLs=[], resourceNames=[], resources=[pods], verbs=[get, patch, update], additionalProperties={})], additionalProperties={})
2025-01-29 17:04:04,522 INFO c.h.h.t.HelmChartContainer - [hivemq-test-hivemq-platform] [hivemq-platform-operator] [741de118] 17:04:04.521 [pool-6-thread-7] DEBUG c.h.p.o.d.PodServiceAccountResource - [helmbrid] Desired PodServiceAccountResource (serviceAccountName: hivemq-platform-pod-test-hivemq-platform)
2025-01-29 17:04:04,524 INFO c.h.h.t.HelmChartContainer - [hivemq-test-hivemq-platform] [hivemq-platform-operator] [741de118] 17:04:04.522 [pool-6-thread-7] DEBUG c.h.p.o.d.PodServiceAccountResource - [helmbrid] Create ServiceAccount 'hivemq-platform-pod-test-hivemq-platform'
2025-01-29 17:04:04,629 INFO c.h.h.t.HelmChartContainer - [hivemq-test-hivemq-platform] [hivemq-platform-operator] [741de118] 17:04:04.628 [pool-6-thread-10] DEBUG c.h.p.o.d.PodRoleBindingResource - [helmbrid] Create RoleBinding: RoleBinding(apiVersion=rbac.authorization.k8s.io/v1, kind=RoleBinding, metadata=ObjectMeta(annotations={meta.helm.sh/release-name=test-hivemq-platform, meta.helm.sh/release-namespace=helmbridgeextensionit}, creationTimestamp=null, deletionGracePeriodSeconds=null, deletionTimestamp=null, finalizers=[], generateName=null, generation=null, labels={helm.sh/chart=hivemq-platform-0.2.32, app.kubernetes.io/managed-by=Helm, app.kubernetes.io/name=hivemq-platform, hivemq-platform=test-hivemq-platform, app.kubernetes.io/instance=test-hivemq-platform, app.kubernetes.io/version=4.36.0}, managedFields=[], name=hivemq-platform-role-binding-test-hivemq-platform, namespace=helmbridgeextensionit, ownerReferences=[OwnerReference(apiVersion=hivemq.com/v1, blockOwnerDeletion=null, controller=null, kind=HiveMQPlatform, name=test-hivemq-platform, uid=a4494daf-89f6-4b20-8486-33d2e333fc14, additionalProperties={})], resourceVersion=null, selfLink=null, uid=null, additionalProperties={}), roleRef=RoleRef(apiGroup=rbac.authorization.k8s.io, kind=Role, name=hivemq-platform-role-test-hivemq-platform, additionalProperties={}), subjects=[Subject(apiGroup=null, kind=ServiceAccount, name=hivemq-platform-pod-test-hivemq-platform, namespace=helmbridgeextensionit, additionalProperties={})], additionalProperties={})
2025-01-29 17:04:04,722 INFO c.h.h.t.HelmChartContainer - [hivemq-test-hivemq-platform] [hivemq-platform-operator] [741de118] 17:04:04.721 [ReconcilerExecutor-hivemq-controller-54] INFO  c.h.p.o.HiveMQPlatformReconciler - [helmbrid] Reconciling HiveMQ Platform 'test-hivemq-platform' in namespace 'helmbridgeextensionit'
2025-01-29 17:04:04,723 INFO c.h.h.t.HelmChartContainer - [hivemq-test-hivemq-platform] [hivemq-platform-operator] [741de118] 17:04:04.721 [ReconcilerExecutor-hivemq-controller-54] DEBUG c.h.p.o.HiveMQPlatformReconciler - [helmbrid] Custom Resource Status CREATED - HiveMQ Platform was created (READY)
2025-01-29 17:04:04,723 INFO c.h.h.t.HelmChartContainer - [hivemq-test-hivemq-platform] [hivemq-platform-operator] [741de118] 17:04:04.721 [ReconcilerExecutor-hivemq-controller-54] DEBUG c.h.p.o.HiveMQPlatformReconciler - [helmbrid] Custom Resource Spec (replicas: 1) (extensions: 1)
2025-01-29 17:04:04,725 INFO c.h.h.t.HelmChartContainer - [hivemq-test-hivemq-platform] [hivemq-platform-operator] [741de118] 17:04:04.725 [ReconcilerExecutor-hivemq-controller-54] INFO  c.h.p.o.h.HiveMQPlatformReconcilerBaseHandler - [helmbrid] HiveMQ Platform is starting
2025-01-29 17:04:04,834 INFO c.h.h.t.HelmChartContainer - [hivemq-test-hivemq-platform] [hivemq-platform-operator] [741de118] 17:04:04.833 [ReconcilerExecutor-hivemq-controller-54] DEBUG c.h.p.operator.event.EventSender - [helmbrid] Creating K8s event hivemq-platform-starting: [Start] HiveMQ Platform is starting
2025-01-29 17:04:04,885 INFO c.h.h.t.HelmChartContainer - [EVENT] Normal [Start] HiveMQ Platform is starting [helmbridgeextensionit:test-hivemq-platform]
2025-01-29 17:04:04,926 INFO c.h.h.t.HelmChartContainer - [hivemq-test-hivemq-platform] [hivemq-platform-operator] [741de118] 17:04:04.925 [ReconcilerExecutor-hivemq-controller-54] INFO  c.h.p.o.h.AbstractHiveMQReconcilerStateHandler - [helmbrid] Update HiveMQ Platform Status (CREATED [READY] -> STARTING [READY]): HiveMQ Platform is starting
2025-01-29 17:04:04,988 DEBUG com.hivemq.helmcharts.util.K8sUtil - Comparing actual state 'STARTING' and waiting for 'RUNNING'
2025-01-29 17:04:05,032 INFO c.h.h.t.HelmChartContainer - [hivemq-test-hivemq-platform] [hivemq-platform-operator] [741de118] 17:04:05.030 [pool-6-thread-12] DEBUG c.h.p.o.d.PlatformServiceResource - [helmbrid] Desired Platform services (3 services)
2025-01-29 17:04:05,034 INFO c.h.h.t.HelmChartContainer - [hivemq-test-hivemq-platform] [hivemq-platform-operator] [741de118] 17:04:05.032 [pool-6-thread-13] DEBUG c.h.p.o.dependants.PodInfoConfigMap - [helmbrid] Desired PodInfo ConfigMap (1 extensions) (1 enabled)
2025-01-29 17:04:05,035 INFO c.h.h.t.HelmChartContainer - [hivemq-test-hivemq-platform] [hivemq-platform-operator] [741de118] 17:04:05.034 [pool-6-thread-13] DEBUG c.h.p.o.dependants.PodInfoConfigMap - [helmbrid] Desired PodInfo ConfigMap (metrics port: 9399) (metrics path: /)
2025-01-29 17:04:05,035 INFO c.h.h.t.HelmChartContainer - [hivemq-test-hivemq-platform] [hivemq-platform-operator] [741de118] 17:04:05.034 [pool-6-thread-13] DEBUG c.h.p.o.dependants.PodInfoConfigMap - [helmbrid] Desired PodInfo ConfigMap (extension state hash: 250803627)
2025-01-29 17:04:05,127 INFO c.h.h.t.HelmChartContainer - [hivemq-test-hivemq-platform] [hivemq-platform-operator] [741de118] 17:04:05.122 [pool-6-thread-17] DEBUG c.h.p.o.d.PodServiceAccountResource - [helmbrid] Desired PodServiceAccountResource (serviceAccountName: hivemq-platform-pod-test-hivemq-platform)
2025-01-29 17:04:05,131 INFO c.h.h.t.HelmChartContainer - [hivemq-test-hivemq-platform] [hivemq-platform-operator] [741de118] 17:04:05.127 [pool-6-thread-13] DEBUG c.h.p.o.dependants.PodInfoConfigMap - [helmbrid] Update PodInfo ConfigMap
2025-01-29 17:04:05,133 INFO c.h.h.t.HelmChartContainer - [K3S] [alloc.go:330] "allocated clusterIPs" service="helmbridgeextensionit/hivemq-test-hivemq-platform-metrics-9399" clusterIPs={"IPv4":"10.43.109.178"}
2025-01-29 17:04:05,226 INFO c.h.h.t.HelmChartContainer - [K3S] [alloc.go:330] "allocated clusterIPs" service="helmbridgeextensionit/hivemq-test-hivemq-platform-mqtt-1883" clusterIPs={"IPv4":"10.43.184.142"}
2025-01-29 17:04:05,238 INFO c.h.h.t.HelmChartContainer - [K3S] [alloc.go:330] "allocated clusterIPs" service="helmbridgeextensionit/hivemq-test-hivemq-platform-cc-8080" clusterIPs={"IPv4":"10.43.38.219"}
2025-01-29 17:04:05,323 INFO c.h.h.t.HelmChartContainer - [hivemq-test-hivemq-platform] [hivemq-platform-operator] [741de118] 17:04:05.322 [pool-6-thread-20] DEBUG c.h.p.o.d.StatefulSetResource - [helmbrid] Desired StatefulSet (1 replicas) for status STARTING (READY)
2025-01-29 17:04:05,335 INFO c.h.h.t.HelmChartContainer - [hivemq-test-hivemq-platform] [hivemq-platform-operator] [741de118] 17:04:05.334 [pool-6-thread-20] DEBUG c.h.p.o.d.StatefulSetResource - [helmbrid] Create StatefulSet
2025-01-29 17:04:05,443 INFO c.h.h.t.HelmChartContainer - [POD] test-hivemq-platform-0 [e5e0e96c-3cc1-4b78-86f2-7f8f396c47db] in helmbridgeextensionit was ADDED
2025-01-29 17:04:05,444 INFO c.h.h.t.HelmChartContainer - [EVENT] Normal [SuccessfulCreate] create Pod test-hivemq-platform-0 in StatefulSet test-hivemq-platform successful [helmbridgeextensionit:test-hivemq-platform]
2025-01-29 17:04:05,449 INFO c.h.h.t.HelmChartContainer - [EVENT] Normal [Scheduled] Successfully assigned helmbridgeextensionit/test-hivemq-platform-0 to 38f70066c240 [helmbridgeextensionit:test-hivemq-platform-0]
2025-01-29 17:04:05,452 INFO c.h.h.t.HelmChartContainer - [POD] test-hivemq-platform-0 [e5e0e96c-3cc1-4b78-86f2-7f8f396c47db] in helmbridgeextensionit was MODIFIED
2025-01-29 17:04:05,461 INFO c.h.h.t.HelmChartContainer - [POD] test-hivemq-platform-0 [e5e0e96c-3cc1-4b78-86f2-7f8f396c47db] in helmbridgeextensionit was MODIFIED
2025-01-29 17:04:05,484 INFO c.h.h.t.HelmChartContainer - [hivemq-test-hivemq-platform] [hivemq-platform-operator] [741de118] 17:04:05.482 [ReconcilerExecutor-hivemq-controller-65] INFO  c.h.p.o.HiveMQPlatformReconciler - [helmbrid] Reconciling HiveMQ Platform 'test-hivemq-platform' in namespace 'helmbridgeextensionit'
2025-01-29 17:04:05,486 INFO c.h.h.t.HelmChartContainer - [hivemq-test-hivemq-platform] [hivemq-platform-operator] [741de118] 17:04:05.482 [ReconcilerExecutor-hivemq-controller-65] DEBUG c.h.p.o.HiveMQPlatformReconciler - [helmbrid] Custom Resource Status STARTING - HiveMQ Platform is starting (READY)
2025-01-29 17:04:05,486 INFO c.h.h.t.HelmChartContainer - [hivemq-test-hivemq-platform] [hivemq-platform-operator] [741de118] 17:04:05.482 [ReconcilerExecutor-hivemq-controller-65] DEBUG c.h.p.o.HiveMQPlatformReconciler - [helmbrid] Custom Resource Spec (replicas: 1) (extensions: 1)
2025-01-29 17:04:05,518 INFO c.h.h.t.HelmChartContainer - [K3S] [reconciler_common.go:251] "operationExecutor.VerifyControllerAttachedVolume started for volume \"extension-configuration-hivemq-bridge-extension\" (UniqueName: \"kubernetes.io/secret/e5e0e96c-3cc1-4b78-86f2-7f8f396c47db-extension-configuration-hivemq-bridge-extension\") pod \"test-hivemq-platform-0\" (UID: \"e5e0e96c-3cc1-4b78-86f2-7f8f396c47db\") " pod="helmbridgeextensionit/test-hivemq-platform-0"
2025-01-29 17:04:05,518 INFO c.h.h.t.HelmChartContainer - [K3S] [reconciler_common.go:251] "operationExecutor.VerifyControllerAttachedVolume started for volume \"broker-configuration\" (UniqueName: \"kubernetes.io/configmap/e5e0e96c-3cc1-4b78-86f2-7f8f396c47db-broker-configuration\") pod \"test-hivemq-platform-0\" (UID: \"e5e0e96c-3cc1-4b78-86f2-7f8f396c47db\") " pod="helmbridgeextensionit/test-hivemq-platform-0"
2025-01-29 17:04:05,518 INFO c.h.h.t.HelmChartContainer - [K3S] [reconciler_common.go:251] "operationExecutor.VerifyControllerAttachedVolume started for volume \"kube-api-access-ww4hx\" (UniqueName: \"kubernetes.io/projected/e5e0e96c-3cc1-4b78-86f2-7f8f396c47db-kube-api-access-ww4hx\") pod \"test-hivemq-platform-0\" (UID: \"e5e0e96c-3cc1-4b78-86f2-7f8f396c47db\") " pod="helmbridgeextensionit/test-hivemq-platform-0"
2025-01-29 17:04:05,518 INFO c.h.h.t.HelmChartContainer - [K3S] [reconciler_common.go:251] "operationExecutor.VerifyControllerAttachedVolume started for volume \"pod-info\" (UniqueName: \"kubernetes.io/configmap/e5e0e96c-3cc1-4b78-86f2-7f8f396c47db-pod-info\") pod \"test-hivemq-platform-0\" (UID: \"e5e0e96c-3cc1-4b78-86f2-7f8f396c47db\") " pod="helmbridgeextensionit/test-hivemq-platform-0"
2025-01-29 17:04:05,518 INFO c.h.h.t.HelmChartContainer - [K3S] [reconciler_common.go:251] "operationExecutor.VerifyControllerAttachedVolume started for volume \"operator-init\" (UniqueName: \"kubernetes.io/empty-dir/e5e0e96c-3cc1-4b78-86f2-7f8f396c47db-operator-init\") pod \"test-hivemq-platform-0\" (UID: \"e5e0e96c-3cc1-4b78-86f2-7f8f396c47db\") " pod="helmbridgeextensionit/test-hivemq-platform-0"
2025-01-29 17:04:05,528 INFO c.h.h.t.HelmChartContainer - [hivemq-test-hivemq-platform] [hivemq-platform-operator] [741de118] 17:04:05.524 [ReconcilerExecutor-hivemq-controller-65] DEBUG c.h.p.o.HiveMQPlatformReconciler - [helmbrid] StatefulSet Status (revision: null, replicas: 0, available: 0, ready: 0, current: 0, updated: 0)
2025-01-29 17:04:05,528 INFO c.h.h.t.HelmChartContainer - [hivemq-test-hivemq-platform] [hivemq-platform-operator] [741de118] 17:04:05.525 [ReconcilerExecutor-hivemq-controller-65] DEBUG c.h.p.o.HiveMQPlatformReconciler - [helmbrid] StatefulSet Spec (replicas: 1, init containers: 1, containers: 1, volumes: 4)
2025-01-29 17:04:05,582 INFO c.h.h.t.HelmChartContainer - [hivemq-test-hivemq-platform] [hivemq-platform-operator] [741de118] 17:04:05.536 [ReconcilerExecutor-hivemq-controller-65] DEBUG c.h.p.o.h.HiveMQPlatformReconcilerErrorHandler - [helmbrid] Pod 'test-hivemq-platform-0' phase Pending
2025-01-29 17:04:05,623 INFO c.h.h.t.HelmChartContainer - [hivemq-test-hivemq-platform] [hivemq-platform-operator] [741de118] 17:04:05.622 [ReconcilerExecutor-hivemq-controller-65] INFO  c.h.p.o.h.HiveMQPlatformReconcilerBaseHandler - [helmbrid] HiveMQ Platform is starting, 0 of 1 replicas are ready
2025-01-29 17:04:05,630 INFO c.h.h.t.HelmChartContainer - [hivemq-test-hivemq-platform] [hivemq-platform-operator] [741de118] 17:04:05.628 [pool-6-thread-22] DEBUG c.h.p.o.d.PlatformServiceResource - [helmbrid] Desired Platform services (3 services)
2025-01-29 17:04:05,631 INFO c.h.h.t.HelmChartContainer - [hivemq-test-hivemq-platform] [hivemq-platform-operator] [741de118] 17:04:05.629 [pool-6-thread-23] DEBUG c.h.p.o.dependants.PodInfoConfigMap - [helmbrid] Desired PodInfo ConfigMap (1 extensions) (1 enabled)
2025-01-29 17:04:05,631 INFO c.h.h.t.HelmChartContainer - [hivemq-test-hivemq-platform] [hivemq-platform-operator] [741de118] 17:04:05.630 [pool-6-thread-23] DEBUG c.h.p.o.dependants.PodInfoConfigMap - [helmbrid] Desired PodInfo ConfigMap (metrics port: 9399) (metrics path: /)
2025-01-29 17:04:05,631 INFO c.h.h.t.HelmChartContainer - [hivemq-test-hivemq-platform] [hivemq-platform-operator] [741de118] 17:04:05.630 [pool-6-thread-23] DEBUG c.h.p.o.dependants.PodInfoConfigMap - [helmbrid] Desired PodInfo ConfigMap (extension state hash: 250803627)
2025-01-29 17:04:05,632 INFO c.h.h.t.HelmChartContainer - [hivemq-test-hivemq-platform] [hivemq-platform-operator] [741de118] 17:04:05.632 [pool-6-thread-27] DEBUG c.h.p.o.d.PodServiceAccountResource - [helmbrid] Desired PodServiceAccountResource (serviceAccountName: hivemq-platform-pod-test-hivemq-platform)
2025-01-29 17:04:05,730 INFO c.h.h.t.HelmChartContainer - [hivemq-test-hivemq-platform] [hivemq-platform-operator] [741de118] 17:04:05.727 [pool-6-thread-30] DEBUG c.h.p.o.d.StatefulSetResource - [helmbrid] Desired StatefulSet (1 replicas) for status STARTING (READY)
2025-01-29 17:04:05,782 INFO c.h.h.t.HelmChartContainer - [hivemq-test-hivemq-platform] [hivemq-platform-operator] [741de118] 17:04:05.780 [ReconcilerExecutor-hivemq-controller-76] INFO  c.h.p.o.HiveMQPlatformReconciler - [helmbrid] Reconciling HiveMQ Platform 'test-hivemq-platform' in namespace 'helmbridgeextensionit'
2025-01-29 17:04:05,783 INFO c.h.h.t.HelmChartContainer - [hivemq-test-hivemq-platform] [hivemq-platform-operator] [741de118] 17:04:05.780 [ReconcilerExecutor-hivemq-controller-76] DEBUG c.h.p.o.HiveMQPlatformReconciler - [helmbrid] Custom Resource Status STARTING - HiveMQ Platform is starting (READY)
2025-01-29 17:04:05,783 INFO c.h.h.t.HelmChartContainer - [hivemq-test-hivemq-platform] [hivemq-platform-operator] [741de118] 17:04:05.780 [ReconcilerExecutor-hivemq-controller-76] DEBUG c.h.p.o.HiveMQPlatformReconciler - [helmbrid] Custom Resource Spec (replicas: 1) (extensions: 1)
2025-01-29 17:04:05,822 INFO c.h.h.t.HelmChartContainer - [hivemq-test-hivemq-platform] [hivemq-platform-operator] [741de118] 17:04:05.820 [ReconcilerExecutor-hivemq-controller-76] DEBUG c.h.p.o.HiveMQPlatformReconciler - [helmbrid] StatefulSet Status (revision: test-hivemq-platform-6d7b96669f, replicas: 1, available: 0, ready: 0, current: 1, updated: 1)
2025-01-29 17:04:05,823 INFO c.h.h.t.HelmChartContainer - [hivemq-test-hivemq-platform] [hivemq-platform-operator] [741de118] 17:04:05.820 [ReconcilerExecutor-hivemq-controller-76] DEBUG c.h.p.o.HiveMQPlatformReconciler - [helmbrid] StatefulSet Spec (replicas: 1, init containers: 1, containers: 1, volumes: 4)
2025-01-29 17:04:05,828 INFO c.h.h.t.HelmChartContainer - [hivemq-test-hivemq-platform] [hivemq-platform-operator] [741de118] 17:04:05.827 [ReconcilerExecutor-hivemq-controller-76] DEBUG c.h.p.o.h.HiveMQPlatformReconcilerErrorHandler - [helmbrid] Pod 'test-hivemq-platform-0' phase Pending
2025-01-29 17:04:05,829 INFO c.h.h.t.HelmChartContainer - [hivemq-test-hivemq-platform] [hivemq-platform-operator] [741de118] 17:04:05.828 [ReconcilerExecutor-hivemq-controller-76] DEBUG c.h.p.o.h.HiveMQPlatformReconcilerErrorHandler - [helmbrid] Pod 'test-hivemq-platform-0' condition 'PodReadyToStartContainers': False
2025-01-29 17:04:05,830 INFO c.h.h.t.HelmChartContainer - [hivemq-test-hivemq-platform] [hivemq-platform-operator] [741de118] 17:04:05.829 [ReconcilerExecutor-hivemq-controller-76] DEBUG c.h.p.o.h.HiveMQPlatformReconcilerErrorHandler - [helmbrid] Pod 'test-hivemq-platform-0' condition 'Initialized': False
2025-01-29 17:04:05,832 INFO c.h.h.t.HelmChartContainer - [hivemq-test-hivemq-platform] [hivemq-platform-operator] [741de118] 17:04:05.829 [ReconcilerExecutor-hivemq-controller-76] DEBUG c.h.p.o.h.HiveMQPlatformReconcilerErrorHandler - [helmbrid] Pod 'test-hivemq-platform-0' condition 'Ready': False
2025-01-29 17:04:05,832 INFO c.h.h.t.HelmChartContainer - [hivemq-test-hivemq-platform] [hivemq-platform-operator] [741de118] 17:04:05.830 [ReconcilerExecutor-hivemq-controller-76] DEBUG c.h.p.o.h.HiveMQPlatformReconcilerErrorHandler - [helmbrid] Pod 'test-hivemq-platform-0' condition 'ContainersReady': False
2025-01-29 17:04:05,833 INFO c.h.h.t.HelmChartContainer - [hivemq-test-hivemq-platform] [hivemq-platform-operator] [741de118] 17:04:05.831 [ReconcilerExecutor-hivemq-controller-76] DEBUG c.h.p.o.h.HiveMQPlatformReconcilerErrorHandler - [helmbrid] Pod 'test-hivemq-platform-0' condition 'PodScheduled': True
2025-01-29 17:04:05,833 INFO c.h.h.t.HelmChartContainer - [hivemq-test-hivemq-platform] [hivemq-platform-operator] [741de118] 17:04:05.832 [ReconcilerExecutor-hivemq-controller-76] DEBUG c.h.p.o.h.HiveMQPlatformReconcilerErrorHandler - [helmbrid] Pod 'test-hivemq-platform-0' containerStatus 'hivemq' (started: false) (ready: false) (waiting: [PodInitializing] null)
2025-01-29 17:04:05,839 INFO c.h.h.t.HelmChartContainer - [hivemq-test-hivemq-platform] [hivemq-platform-operator] [741de118] 17:04:05.835 [ReconcilerExecutor-hivemq-controller-76] INFO  c.h.p.o.h.HiveMQPlatformReconcilerBaseHandler - [helmbrid] HiveMQ Platform is starting, 0 of 1 replicas are ready
2025-01-29 17:04:05,854 INFO c.h.h.t.HelmChartContainer - [EVENT] Normal [Pulled] Container image "docker.io/hivemq/hivemq-platform-operator-init-test:snapshot" already present on machine [helmbridgeextensionit:test-hivemq-platform-0]
2025-01-29 17:04:05,924 INFO c.h.h.t.HelmChartContainer - [hivemq-test-hivemq-platform] [hivemq-platform-operator] [741de118] 17:04:05.922 [pool-6-thread-32] DEBUG c.h.p.o.d.PlatformServiceResource - [helmbrid] Desired Platform services (3 services)
2025-01-29 17:04:05,927 INFO c.h.h.t.HelmChartContainer - [hivemq-test-hivemq-platform] [hivemq-platform-operator] [741de118] 17:04:05.926 [pool-6-thread-33] DEBUG c.h.p.o.dependants.PodInfoConfigMap - [helmbrid] Desired PodInfo ConfigMap (1 extensions) (1 enabled)
2025-01-29 17:04:05,929 INFO c.h.h.t.HelmChartContainer - [hivemq-test-hivemq-platform] [hivemq-platform-operator] [741de118] 17:04:05.926 [pool-6-thread-33] DEBUG c.h.p.o.dependants.PodInfoConfigMap - [helmbrid] Desired PodInfo ConfigMap (metrics port: 9399) (metrics path: /)
2025-01-29 17:04:05,929 INFO c.h.h.t.HelmChartContainer - [hivemq-test-hivemq-platform] [hivemq-platform-operator] [741de118] 17:04:05.927 [pool-6-thread-33] DEBUG c.h.p.o.dependants.PodInfoConfigMap - [helmbrid] Desired PodInfo ConfigMap (extension state hash: 250803627)
2025-01-29 17:04:05,933 INFO c.h.h.t.HelmChartContainer - [hivemq-test-hivemq-platform] [hivemq-platform-operator] [741de118] 17:04:05.931 [pool-6-thread-37] DEBUG c.h.p.o.d.PodServiceAccountResource - [helmbrid] Desired PodServiceAccountResource (serviceAccountName: hivemq-platform-pod-test-hivemq-platform)
2025-01-29 17:04:06,005 INFO c.h.h.t.HelmChartContainer - [EVENT] Normal [Created] Created container: hivemq-platform-operator-init [helmbridgeextensionit:test-hivemq-platform-0]
2025-01-29 17:04:06,023 INFO c.h.h.t.HelmChartContainer - [hivemq-test-hivemq-platform] [hivemq-platform-operator] [741de118] 17:04:06.021 [pool-6-thread-40] DEBUG c.h.p.o.d.StatefulSetResource - [helmbrid] Desired StatefulSet (1 replicas) for status STARTING (READY)
2025-01-29 17:04:06,029 INFO c.h.h.t.HelmChartContainer - [hivemq-test-hivemq-platform] [hivemq-platform-operator] [741de118] 17:04:06.027 [ReconcilerExecutor-hivemq-controller-87] INFO  c.h.p.o.HiveMQPlatformReconciler - [helmbrid] Reconciling HiveMQ Platform 'test-hivemq-platform' in namespace 'helmbridgeextensionit'
2025-01-29 17:04:06,030 INFO c.h.h.t.HelmChartContainer - [hivemq-test-hivemq-platform] [hivemq-platform-operator] [741de118] 17:04:06.027 [ReconcilerExecutor-hivemq-controller-87] DEBUG c.h.p.o.HiveMQPlatformReconciler - [helmbrid] Custom Resource Status STARTING - HiveMQ Platform is starting (READY)
2025-01-29 17:04:06,030 INFO c.h.h.t.HelmChartContainer - [hivemq-test-hivemq-platform] [hivemq-platform-operator] [741de118] 17:04:06.027 [ReconcilerExecutor-hivemq-controller-87] DEBUG c.h.p.o.HiveMQPlatformReconciler - [helmbrid] Custom Resource Spec (replicas: 1) (extensions: 1)
2025-01-29 17:04:06,031 INFO c.h.h.t.HelmChartContainer - [hivemq-test-hivemq-platform] [hivemq-platform-operator] [741de118] 17:04:06.030 [ReconcilerExecutor-hivemq-controller-87] DEBUG c.h.p.o.HiveMQPlatformReconciler - [helmbrid] StatefulSet Status (revision: test-hivemq-platform-6d7b96669f, replicas: 1, available: 0, ready: 0, current: 1, updated: 1)
2025-01-29 17:04:06,031 INFO c.h.h.t.HelmChartContainer - [hivemq-test-hivemq-platform] [hivemq-platform-operator] [741de118] 17:04:06.030 [ReconcilerExecutor-hivemq-controller-87] DEBUG c.h.p.o.HiveMQPlatformReconciler - [helmbrid] StatefulSet Spec (replicas: 1, init containers: 1, containers: 1, volumes: 4)
2025-01-29 17:04:06,034 INFO c.h.h.t.HelmChartContainer - [hivemq-test-hivemq-platform] [hivemq-platform-operator] [741de118] 17:04:06.032 [ReconcilerExecutor-hivemq-controller-87] DEBUG c.h.p.o.h.HiveMQPlatformReconcilerErrorHandler - [helmbrid] Pod 'test-hivemq-platform-0' phase Pending
2025-01-29 17:04:06,034 INFO c.h.h.t.HelmChartContainer - [hivemq-test-hivemq-platform] [hivemq-platform-operator] [741de118] 17:04:06.032 [ReconcilerExecutor-hivemq-controller-87] DEBUG c.h.p.o.h.HiveMQPlatformReconcilerErrorHandler - [helmbrid] Pod 'test-hivemq-platform-0' condition 'PodReadyToStartContainers': False
2025-01-29 17:04:06,034 INFO c.h.h.t.HelmChartContainer - [hivemq-test-hivemq-platform] [hivemq-platform-operator] [741de118] 17:04:06.032 [ReconcilerExecutor-hivemq-controller-87] DEBUG c.h.p.o.h.HiveMQPlatformReconcilerErrorHandler - [helmbrid] Pod 'test-hivemq-platform-0' condition 'Initialized': False
2025-01-29 17:04:06,034 INFO c.h.h.t.HelmChartContainer - [hivemq-test-hivemq-platform] [hivemq-platform-operator] [741de118] 17:04:06.032 [ReconcilerExecutor-hivemq-controller-87] DEBUG c.h.p.o.h.HiveMQPlatformReconcilerErrorHandler - [helmbrid] Pod 'test-hivemq-platform-0' condition 'Ready': False
2025-01-29 17:04:06,034 INFO c.h.h.t.HelmChartContainer - [hivemq-test-hivemq-platform] [hivemq-platform-operator] [741de118] 17:04:06.033 [ReconcilerExecutor-hivemq-controller-87] DEBUG c.h.p.o.h.HiveMQPlatformReconcilerErrorHandler - [helmbrid] Pod 'test-hivemq-platform-0' condition 'ContainersReady': False
2025-01-29 17:04:06,034 INFO c.h.h.t.HelmChartContainer - [hivemq-test-hivemq-platform] [hivemq-platform-operator] [741de118] 17:04:06.033 [ReconcilerExecutor-hivemq-controller-87] DEBUG c.h.p.o.h.HiveMQPlatformReconcilerErrorHandler - [helmbrid] Pod 'test-hivemq-platform-0' condition 'PodScheduled': True
2025-01-29 17:04:06,034 INFO c.h.h.t.HelmChartContainer - [hivemq-test-hivemq-platform] [hivemq-platform-operator] [741de118] 17:04:06.033 [ReconcilerExecutor-hivemq-controller-87] DEBUG c.h.p.o.h.HiveMQPlatformReconcilerErrorHandler - [helmbrid] Pod 'test-hivemq-platform-0' containerStatus 'hivemq' (started: false) (ready: false) (waiting: [PodInitializing] null)
2025-01-29 17:04:06,034 INFO c.h.h.t.HelmChartContainer - [hivemq-test-hivemq-platform] [hivemq-platform-operator] [741de118] 17:04:06.034 [ReconcilerExecutor-hivemq-controller-87] INFO  c.h.p.o.h.HiveMQPlatformReconcilerBaseHandler - [helmbrid] HiveMQ Platform is starting, 0 of 1 replicas are ready
2025-01-29 17:04:06,052 INFO c.h.h.t.HelmChartContainer - [EVENT] Normal [Started] Started container hivemq-platform-operator-init [helmbridgeextensionit:test-hivemq-platform-0]
2025-01-29 17:04:06,424 INFO c.h.h.t.HelmChartContainer - [POD] test-hivemq-platform-0 [e5e0e96c-3cc1-4b78-86f2-7f8f396c47db] in helmbridgeextensionit was MODIFIED
2025-01-29 17:04:06,447 INFO c.h.h.t.HelmChartContainer - [hivemq-test-hivemq-platform] [hivemq-platform-operator] [741de118] 17:04:06.444 [pool-6-thread-42] DEBUG c.h.p.o.d.PlatformServiceResource - [helmbrid] Desired Platform services (3 services)
2025-01-29 17:04:06,452 INFO c.h.h.t.HelmChartContainer - [hivemq-test-hivemq-platform] [hivemq-platform-operator] [741de118] 17:04:06.446 [pool-6-thread-43] DEBUG c.h.p.o.dependants.PodInfoConfigMap - [helmbrid] Desired PodInfo ConfigMap (1 extensions) (1 enabled)
2025-01-29 17:04:06,452 INFO c.h.h.t.HelmChartContainer - [hivemq-test-hivemq-platform] [hivemq-platform-operator] [741de118] 17:04:06.446 [pool-6-thread-43] DEBUG c.h.p.o.dependants.PodInfoConfigMap - [helmbrid] Desired PodInfo ConfigMap (metrics port: 9399) (metrics path: /)
2025-01-29 17:04:06,452 INFO c.h.h.t.HelmChartContainer - [hivemq-test-hivemq-platform] [hivemq-platform-operator] [741de118] 17:04:06.446 [pool-6-thread-43] DEBUG c.h.p.o.dependants.PodInfoConfigMap - [helmbrid] Desired PodInfo ConfigMap (extension state hash: 250803627)
2025-01-29 17:04:06,453 INFO c.h.h.t.HelmChartContainer - [hivemq-test-hivemq-platform] [hivemq-platform-operator] [741de118] 17:04:06.449 [pool-6-thread-47] DEBUG c.h.p.o.d.PodServiceAccountResource - [helmbrid] Desired PodServiceAccountResource (serviceAccountName: hivemq-platform-pod-test-hivemq-platform)
2025-01-29 17:04:06,527 INFO c.h.h.t.HelmChartContainer - [hivemq-test-hivemq-platform] [hivemq-platform-operator] [741de118] 17:04:06.524 [pool-6-thread-50] DEBUG c.h.p.o.d.StatefulSetResource - [helmbrid] Desired StatefulSet (1 replicas) for status STARTING (READY)
2025-01-29 17:04:06,531 INFO c.h.h.t.HelmChartContainer - [hivemq-test-hivemq-platform] [hivemq-platform-operator] [741de118] 17:04:06.530 [ReconcilerExecutor-hivemq-controller-98] INFO  c.h.p.o.HiveMQPlatformReconciler - [helmbrid] Reconciling HiveMQ Platform 'test-hivemq-platform' in namespace 'helmbridgeextensionit'
2025-01-29 17:04:06,532 INFO c.h.h.t.HelmChartContainer - [hivemq-test-hivemq-platform] [hivemq-platform-operator] [741de118] 17:04:06.530 [ReconcilerExecutor-hivemq-controller-98] DEBUG c.h.p.o.HiveMQPlatformReconciler - [helmbrid] Custom Resource Status STARTING - HiveMQ Platform is starting (READY)
2025-01-29 17:04:06,532 INFO c.h.h.t.HelmChartContainer - [hivemq-test-hivemq-platform] [hivemq-platform-operator] [741de118] 17:04:06.530 [ReconcilerExecutor-hivemq-controller-98] DEBUG c.h.p.o.HiveMQPlatformReconciler - [helmbrid] Custom Resource Spec (replicas: 1) (extensions: 1)
2025-01-29 17:04:06,534 INFO c.h.h.t.HelmChartContainer - [hivemq-test-hivemq-platform] [hivemq-platform-operator] [741de118] 17:04:06.533 [ReconcilerExecutor-hivemq-controller-98] DEBUG c.h.p.o.HiveMQPlatformReconciler - [helmbrid] StatefulSet Status (revision: test-hivemq-platform-6d7b96669f, replicas: 1, available: 0, ready: 0, current: 1, updated: 1)
2025-01-29 17:04:06,535 INFO c.h.h.t.HelmChartContainer - [hivemq-test-hivemq-platform] [hivemq-platform-operator] [741de118] 17:04:06.533 [ReconcilerExecutor-hivemq-controller-98] DEBUG c.h.p.o.HiveMQPlatformReconciler - [helmbrid] StatefulSet Spec (replicas: 1, init containers: 1, containers: 1, volumes: 4)
2025-01-29 17:04:06,622 INFO c.h.h.t.HelmChartContainer - [hivemq-test-hivemq-platform] [hivemq-platform-operator] [741de118] 17:04:06.620 [ReconcilerExecutor-hivemq-controller-98] DEBUG c.h.p.o.h.HiveMQPlatformReconcilerErrorHandler - [helmbrid] Pod 'test-hivemq-platform-0' phase Pending
2025-01-29 17:04:06,623 INFO c.h.h.t.HelmChartContainer - [hivemq-test-hivemq-platform] [hivemq-platform-operator] [741de118] 17:04:06.621 [ReconcilerExecutor-hivemq-controller-98] DEBUG c.h.p.o.h.HiveMQPlatformReconcilerErrorHandler - [helmbrid] Pod 'test-hivemq-platform-0' condition 'PodReadyToStartContainers': True
2025-01-29 17:04:06,623 INFO c.h.h.t.HelmChartContainer - [hivemq-test-hivemq-platform] [hivemq-platform-operator] [741de118] 17:04:06.621 [ReconcilerExecutor-hivemq-controller-98] DEBUG c.h.p.o.h.HiveMQPlatformReconcilerErrorHandler - [helmbrid] Pod 'test-hivemq-platform-0' condition 'Initialized': False
2025-01-29 17:04:06,623 INFO c.h.h.t.HelmChartContainer - [hivemq-test-hivemq-platform] [hivemq-platform-operator] [741de118] 17:04:06.621 [ReconcilerExecutor-hivemq-controller-98] DEBUG c.h.p.o.h.HiveMQPlatformReconcilerErrorHandler - [helmbrid] Pod 'test-hivemq-platform-0' condition 'Ready': False
2025-01-29 17:04:06,623 INFO c.h.h.t.HelmChartContainer - [hivemq-test-hivemq-platform] [hivemq-platform-operator] [741de118] 17:04:06.621 [ReconcilerExecutor-hivemq-controller-98] DEBUG c.h.p.o.h.HiveMQPlatformReconcilerErrorHandler - [helmbrid] Pod 'test-hivemq-platform-0' condition 'ContainersReady': False
2025-01-29 17:04:06,623 INFO c.h.h.t.HelmChartContainer - [hivemq-test-hivemq-platform] [hivemq-platform-operator] [741de118] 17:04:06.621 [ReconcilerExecutor-hivemq-controller-98] DEBUG c.h.p.o.h.HiveMQPlatformReconcilerErrorHandler - [helmbrid] Pod 'test-hivemq-platform-0' condition 'PodScheduled': True
2025-01-29 17:04:06,623 INFO c.h.h.t.HelmChartContainer - [hivemq-test-hivemq-platform] [hivemq-platform-operator] [741de118] 17:04:06.621 [ReconcilerExecutor-hivemq-controller-98] DEBUG c.h.p.o.h.HiveMQPlatformReconcilerErrorHandler - [helmbrid] Pod 'test-hivemq-platform-0' containerStatus 'hivemq' (started: false) (ready: false) (waiting: [PodInitializing] null)
2025-01-29 17:04:06,624 INFO c.h.h.t.HelmChartContainer - [hivemq-test-hivemq-platform] [hivemq-platform-operator] [741de118] 17:04:06.622 [ReconcilerExecutor-hivemq-controller-98] INFO  c.h.p.o.h.HiveMQPlatformReconcilerBaseHandler - [helmbrid] HiveMQ Platform is starting, 0 of 1 replicas are ready
2025-01-29 17:04:07,420 INFO c.h.h.t.HelmChartContainer - [EVENT] Normal [Pulled] Container image "docker.io/hivemq/hivemq4:4.36.0" already present on machine [helmbridgeextensionit:test-hivemq-platform-0]
2025-01-29 17:04:07,420 INFO c.h.h.t.HelmChartContainer - Received Pulled event for container hivemq in pod test-hivemq-platform-0 [e5e0e96c-3cc1-4b78-86f2-7f8f396c47db]
2025-01-29 17:04:07,431 INFO c.h.h.t.HelmChartContainer - [POD] test-hivemq-platform-0 [e5e0e96c-3cc1-4b78-86f2-7f8f396c47db] in helmbridgeextensionit was MODIFIED
2025-01-29 17:04:07,441 INFO c.h.h.t.HelmChartContainer - [hivemq-test-hivemq-platform] [hivemq-platform-operator] [741de118] 17:04:07.440 [pool-6-thread-8] DEBUG c.h.p.o.d.PlatformServiceResource - [helmbrid] Desired Platform services (3 services)
2025-01-29 17:04:07,449 INFO c.h.h.t.HelmChartContainer - [hivemq-test-hivemq-platform] [hivemq-platform-operator] [741de118] 17:04:07.447 [pool-6-thread-6] DEBUG c.h.p.o.d.PodServiceAccountResource - [helmbrid] Desired PodServiceAccountResource (serviceAccountName: hivemq-platform-pod-test-hivemq-platform)
2025-01-29 17:04:07,453 INFO c.h.h.t.HelmChartContainer - [hivemq-test-hivemq-platform] [hivemq-platform-operator] [741de118] 17:04:07.448 [pool-6-thread-5] DEBUG c.h.p.o.dependants.PodInfoConfigMap - [helmbrid] Desired PodInfo ConfigMap (1 extensions) (1 enabled)
2025-01-29 17:04:07,453 INFO c.h.h.t.HelmChartContainer - [hivemq-test-hivemq-platform] [hivemq-platform-operator] [741de118] 17:04:07.449 [pool-6-thread-5] DEBUG c.h.p.o.dependants.PodInfoConfigMap - [helmbrid] Desired PodInfo ConfigMap (metrics port: 9399) (metrics path: /)
2025-01-29 17:04:07,453 INFO c.h.h.t.HelmChartContainer - [hivemq-test-hivemq-platform] [hivemq-platform-operator] [741de118] 17:04:07.449 [pool-6-thread-5] DEBUG c.h.p.o.dependants.PodInfoConfigMap - [helmbrid] Desired PodInfo ConfigMap (extension state hash: 250803627)
2025-01-29 17:04:07,454 INFO c.h.h.t.HelmChartContainer - [hivemq-test-hivemq-platform] [hivemq-platform-operator] [741de118] 17:04:07.452 [pool-6-thread-5] DEBUG c.h.p.o.d.StatefulSetResource - [helmbrid] Desired StatefulSet (1 replicas) for status STARTING (READY)
2025-01-29 17:04:07,526 INFO c.h.h.t.HelmChartContainer - [hivemq-test-hivemq-platform] [hivemq-platform-operator] [741de118] 17:04:07.523 [ReconcilerExecutor-hivemq-controller-109] INFO  c.h.p.o.HiveMQPlatformReconciler - [helmbrid] Reconciling HiveMQ Platform 'test-hivemq-platform' in namespace 'helmbridgeextensionit'
2025-01-29 17:04:07,526 INFO c.h.h.t.HelmChartContainer - [hivemq-test-hivemq-platform] [hivemq-platform-operator] [741de118] 17:04:07.523 [ReconcilerExecutor-hivemq-controller-109] DEBUG c.h.p.o.HiveMQPlatformReconciler - [helmbrid] Custom Resource Status STARTING - HiveMQ Platform is starting (READY)
2025-01-29 17:04:07,526 INFO c.h.h.t.HelmChartContainer - [hivemq-test-hivemq-platform] [hivemq-platform-operator] [741de118] 17:04:07.523 [ReconcilerExecutor-hivemq-controller-109] DEBUG c.h.p.o.HiveMQPlatformReconciler - [helmbrid] Custom Resource Spec (replicas: 1) (extensions: 1)
2025-01-29 17:04:07,529 INFO c.h.h.t.HelmChartContainer - [hivemq-test-hivemq-platform] [hivemq-platform-operator] [741de118] 17:04:07.527 [ReconcilerExecutor-hivemq-controller-109] DEBUG c.h.p.o.HiveMQPlatformReconciler - [helmbrid] StatefulSet Status (revision: test-hivemq-platform-6d7b96669f, replicas: 1, available: 0, ready: 0, current: 1, updated: 1)
2025-01-29 17:04:07,529 INFO c.h.h.t.HelmChartContainer - [hivemq-test-hivemq-platform] [hivemq-platform-operator] [741de118] 17:04:07.527 [ReconcilerExecutor-hivemq-controller-109] DEBUG c.h.p.o.HiveMQPlatformReconciler - [helmbrid] StatefulSet Spec (replicas: 1, init containers: 1, containers: 1, volumes: 4)
2025-01-29 17:04:07,533 INFO c.h.h.t.HelmChartContainer - [hivemq-test-hivemq-platform] [hivemq-platform-operator] [741de118] 17:04:07.532 [ReconcilerExecutor-hivemq-controller-109] DEBUG c.h.p.o.h.HiveMQPlatformReconcilerErrorHandler - [helmbrid] Pod 'test-hivemq-platform-0' phase Pending
2025-01-29 17:04:07,536 INFO c.h.h.t.HelmChartContainer - [hivemq-test-hivemq-platform] [hivemq-platform-operator] [741de118] 17:04:07.533 [ReconcilerExecutor-hivemq-controller-109] DEBUG c.h.p.o.h.HiveMQPlatformReconcilerErrorHandler - [helmbrid] Pod 'test-hivemq-platform-0' condition 'PodReadyToStartContainers': True
2025-01-29 17:04:07,536 INFO c.h.h.t.HelmChartContainer - [hivemq-test-hivemq-platform] [hivemq-platform-operator] [741de118] 17:04:07.533 [ReconcilerExecutor-hivemq-controller-109] DEBUG c.h.p.o.h.HiveMQPlatformReconcilerErrorHandler - [helmbrid] Pod 'test-hivemq-platform-0' condition 'Initialized': True
2025-01-29 17:04:07,536 INFO c.h.h.t.HelmChartContainer - [hivemq-test-hivemq-platform] [hivemq-platform-operator] [741de118] 17:04:07.533 [ReconcilerExecutor-hivemq-controller-109] DEBUG c.h.p.o.h.HiveMQPlatformReconcilerErrorHandler - [helmbrid] Pod 'test-hivemq-platform-0' condition 'Ready': False
2025-01-29 17:04:07,536 INFO c.h.h.t.HelmChartContainer - [hivemq-test-hivemq-platform] [hivemq-platform-operator] [741de118] 17:04:07.533 [ReconcilerExecutor-hivemq-controller-109] DEBUG c.h.p.o.h.HiveMQPlatformReconcilerErrorHandler - [helmbrid] Pod 'test-hivemq-platform-0' condition 'ContainersReady': False
2025-01-29 17:04:07,536 INFO c.h.h.t.HelmChartContainer - [hivemq-test-hivemq-platform] [hivemq-platform-operator] [741de118] 17:04:07.533 [ReconcilerExecutor-hivemq-controller-109] DEBUG c.h.p.o.h.HiveMQPlatformReconcilerErrorHandler - [helmbrid] Pod 'test-hivemq-platform-0' condition 'PodScheduled': True
2025-01-29 17:04:07,536 INFO c.h.h.t.HelmChartContainer - [hivemq-test-hivemq-platform] [hivemq-platform-operator] [741de118] 17:04:07.533 [ReconcilerExecutor-hivemq-controller-109] DEBUG c.h.p.o.h.HiveMQPlatformReconcilerErrorHandler - [helmbrid] Pod 'test-hivemq-platform-0' containerStatus 'hivemq' (started: false) (ready: false) (waiting: [PodInitializing] null)
2025-01-29 17:04:07,536 INFO c.h.h.t.HelmChartContainer - [hivemq-test-hivemq-platform] [hivemq-platform-operator] [741de118] 17:04:07.534 [ReconcilerExecutor-hivemq-controller-109] INFO  c.h.p.o.h.HiveMQPlatformReconcilerBaseHandler - [helmbrid] HiveMQ Platform is starting, 0 of 1 replicas are ready
2025-01-29 17:04:09,042 INFO c.h.h.t.HelmChartContainer - [EVENT] Normal [Created] Created container: hivemq [helmbridgeextensionit:test-hivemq-platform-0]
2025-01-29 17:04:09,042 INFO c.h.h.t.HelmChartContainer - Received Created event for container hivemq in pod test-hivemq-platform-0 [e5e0e96c-3cc1-4b78-86f2-7f8f396c47db]
2025-01-29 17:04:09,432 INFO c.h.h.t.HelmChartContainer - [POD] test-hivemq-platform-0 [e5e0e96c-3cc1-4b78-86f2-7f8f396c47db] in helmbridgeextensionit was MODIFIED
2025-01-29 17:04:09,441 INFO c.h.h.t.HelmChartContainer - [EVENT] Normal [Started] Started container hivemq [helmbridgeextensionit:test-hivemq-platform-0]
2025-01-29 17:04:09,441 INFO c.h.h.t.HelmChartContainer - Received Started event for container hivemq in pod test-hivemq-platform-0 [e5e0e96c-3cc1-4b78-86f2-7f8f396c47db]
2025-01-29 17:04:09,441 INFO c.h.h.t.HelmChartContainer - Started log watcher for hivemq in pod test-hivemq-platform-0 [e5e0e96c-3cc1-4b78-86f2-7f8f396c47db]
2025-01-29 17:04:09,442 INFO c.h.h.t.HelmChartContainer - [test-hivemq-platform] [hivemq] [e5e0e96c] Adding pre-installed HiveMQ Platform Operator extensions
2025-01-29 17:04:09,442 INFO c.h.h.t.HelmChartContainer - [test-hivemq-platform] [hivemq] [e5e0e96c] Running as user 10000
2025-01-29 17:04:09,442 INFO c.h.h.t.HelmChartContainer - [test-hivemq-platform] [hivemq] [e5e0e96c] Starting HiveMQ Platform Operator Init
2025-01-29 17:04:09,443 INFO c.h.h.t.HelmChartContainer - [hivemq-test-hivemq-platform] [hivemq-platform-operator] [741de118] 17:04:09.438 [pool-6-thread-17] DEBUG c.h.p.o.d.PlatformServiceResource - [helmbrid] Desired Platform services (3 services)
2025-01-29 17:04:09,445 INFO c.h.h.t.HelmChartContainer - [hivemq-test-hivemq-platform] [hivemq-platform-operator] [741de118] 17:04:09.439 [pool-6-thread-15] DEBUG c.h.p.o.dependants.PodInfoConfigMap - [helmbrid] Desired PodInfo ConfigMap (1 extensions) (1 enabled)
2025-01-29 17:04:09,445 INFO c.h.h.t.HelmChartContainer - [hivemq-test-hivemq-platform] [hivemq-platform-operator] [741de118] 17:04:09.442 [pool-6-thread-15] DEBUG c.h.p.o.dependants.PodInfoConfigMap - [helmbrid] Desired PodInfo ConfigMap (metrics port: 9399) (metrics path: /)
2025-01-29 17:04:09,445 INFO c.h.h.t.HelmChartContainer - [hivemq-test-hivemq-platform] [hivemq-platform-operator] [741de118] 17:04:09.442 [pool-6-thread-15] DEBUG c.h.p.o.dependants.PodInfoConfigMap - [helmbrid] Desired PodInfo ConfigMap (extension state hash: 250803627)
2025-01-29 17:04:09,445 INFO c.h.h.t.HelmChartContainer - [hivemq-test-hivemq-platform] [hivemq-platform-operator] [741de118] 17:04:09.439 [pool-6-thread-19] DEBUG c.h.p.o.d.PodServiceAccountResource - [helmbrid] Desired PodServiceAccountResource (serviceAccountName: hivemq-platform-pod-test-hivemq-platform)
2025-01-29 17:04:09,451 INFO c.h.h.t.HelmChartContainer - [hivemq-test-hivemq-platform] [hivemq-platform-operator] [741de118] 17:04:09.449 [pool-6-thread-17] DEBUG c.h.p.o.d.StatefulSetResource - [helmbrid] Desired StatefulSet (1 replicas) for status STARTING (READY)
2025-01-29 17:04:09,528 INFO c.h.h.t.HelmChartContainer - [hivemq-test-hivemq-platform] [hivemq-platform-operator] [741de118] 17:04:09.521 [ReconcilerExecutor-hivemq-controller-110] INFO  c.h.p.o.HiveMQPlatformReconciler - [helmbrid] Reconciling HiveMQ Platform 'test-hivemq-platform' in namespace 'helmbridgeextensionit'
2025-01-29 17:04:09,528 INFO c.h.h.t.HelmChartContainer - [hivemq-test-hivemq-platform] [hivemq-platform-operator] [741de118] 17:04:09.521 [ReconcilerExecutor-hivemq-controller-110] DEBUG c.h.p.o.HiveMQPlatformReconciler - [helmbrid] Custom Resource Status STARTING - HiveMQ Platform is starting (READY)
2025-01-29 17:04:09,528 INFO c.h.h.t.HelmChartContainer - [hivemq-test-hivemq-platform] [hivemq-platform-operator] [741de118] 17:04:09.521 [ReconcilerExecutor-hivemq-controller-110] DEBUG c.h.p.o.HiveMQPlatformReconciler - [helmbrid] Custom Resource Spec (replicas: 1) (extensions: 1)
2025-01-29 17:04:09,528 INFO c.h.h.t.HelmChartContainer - [hivemq-test-hivemq-platform] [hivemq-platform-operator] [741de118] 17:04:09.525 [ReconcilerExecutor-hivemq-controller-110] DEBUG c.h.p.o.HiveMQPlatformReconciler - [helmbrid] StatefulSet Status (revision: test-hivemq-platform-6d7b96669f, replicas: 1, available: 0, ready: 0, current: 1, updated: 1)
2025-01-29 17:04:09,529 INFO c.h.h.t.HelmChartContainer - [hivemq-test-hivemq-platform] [hivemq-platform-operator] [741de118] 17:04:09.525 [ReconcilerExecutor-hivemq-controller-110] DEBUG c.h.p.o.HiveMQPlatformReconciler - [helmbrid] StatefulSet Spec (replicas: 1, init containers: 1, containers: 1, volumes: 4)
2025-01-29 17:04:09,529 INFO c.h.h.t.HelmChartContainer - [hivemq-test-hivemq-platform] [hivemq-platform-operator] [741de118] 17:04:09.527 [ReconcilerExecutor-hivemq-controller-110] DEBUG c.h.p.o.h.HiveMQPlatformReconcilerErrorHandler - [helmbrid] Pod 'test-hivemq-platform-0' phase Running
2025-01-29 17:04:09,529 INFO c.h.h.t.HelmChartContainer - [hivemq-test-hivemq-platform] [hivemq-platform-operator] [741de118] 17:04:09.528 [ReconcilerExecutor-hivemq-controller-110] INFO  c.h.p.o.h.HiveMQPlatformReconcilerBaseHandler - [helmbrid] HiveMQ Platform is starting, 0 of 1 replicas are ready
2025-01-29 17:04:10,395 INFO c.h.h.t.HelmChartContainer - [test-hivemq-platform] [hivemq] [e5e0e96c] INFO  - [HiveMQ Platform Operator Init 1.7.0-SNAPSHOT] HiveMQ Platform Operator Init 1.7.0-SNAPSHOT (commit: 8465ebf on branch: HEAD) built on Wed Jan 29 16:56:31 UTC 2025
2025-01-29 17:04:11,439 INFO c.h.h.t.HelmChartContainer - [test-hivemq-platform] [hivemq] [e5e0e96c] INFO  - [HiveMQ Platform Operator Init App 1.7.0-SNAPSHOT] Using bind address 10.42.0.8 from environment variable
2025-01-29 17:04:12,416 INFO c.h.h.t.HelmChartContainer - [test-hivemq-platform] [hivemq] [e5e0e96c] INFO  - [HiveMQ Platform Operator Init App 1.7.0-SNAPSHOT] HiveMQ Platform Operator Init App 1.7.0-SNAPSHOT (commit: 8465ebf on branch: HEAD) built on Wed Jan 29 16:56:31 UTC 2025
2025-01-29 17:04:12,416 INFO c.h.h.t.HelmChartContainer - [test-hivemq-platform] [hivemq] [e5e0e96c] INFO  - [HiveMQ Platform Operator Init App 1.7.0-SNAPSHOT] PodInfo ConfigMap directory: /etc/podinfo
2025-01-29 17:04:12,416 INFO c.h.h.t.HelmChartContainer - [test-hivemq-platform] [hivemq] [e5e0e96c] INFO  - [HiveMQ Platform Operator Init App 1.7.0-SNAPSHOT] HiveMQ home directory: /opt/hivemq
2025-01-29 17:04:12,417 INFO c.h.h.t.HelmChartContainer - [test-hivemq-platform] [hivemq] [e5e0e96c] INFO  - [HiveMQ Platform Operator Init App 1.7.0-SNAPSHOT] HiveMQ Logback folder: /opt/hivemq/conf
2025-01-29 17:04:12,418 INFO c.h.h.t.HelmChartContainer - [test-hivemq-platform] [hivemq] [e5e0e96c] INFO  - [HiveMQ Platform Operator Init App 1.7.0-SNAPSHOT] HiveMQ Config folder: /opt/hivemq/conf-k8s
2025-01-29 17:04:12,418 INFO c.h.h.t.HelmChartContainer - [test-hivemq-platform] [hivemq] [e5e0e96c] INFO  - [HiveMQ Platform Operator Init App 1.7.0-SNAPSHOT] Starting HiveMQ Platform Operator Init App
2025-01-29 17:04:12,418 INFO c.h.h.t.HelmChartContainer - [test-hivemq-platform] [hivemq] [e5e0e96c] INFO  - [HiveMQ Platform Operator Init App 1.7.0-SNAPSHOT] Starting Pod reconciler
2025-01-29 17:04:13,615 INFO c.h.h.t.HelmChartContainer - [test-hivemq-platform] [hivemq] [e5e0e96c] INFO  - [HiveMQ Platform Operator Init App 1.7.0-SNAPSHOT] Pod reconciler is scheduled (interval: 5000 ms)
2025-01-29 17:04:13,615 INFO c.h.h.t.HelmChartContainer - [test-hivemq-platform] [hivemq] [e5e0e96c] INFO  - [HiveMQ Platform Operator Init App 1.7.0-SNAPSHOT] Starting the REST API on 10.42.0.8:7979
2025-01-29 17:04:13,618 INFO c.h.h.t.HelmChartContainer - [test-hivemq-platform] [hivemq] [e5e0e96c] INFO  - [HiveMQ Platform Operator Init App 1.7.0-SNAPSHOT] Waiting up to 600s for at most 1 HiveMQ nodes in cluster service hivemq-test-hivemq-platform-cluster.helmbridgeextensionit.svc
2025-01-29 17:04:13,997 INFO c.h.h.t.HelmChartContainer - [test-hivemq-platform] [hivemq] [e5e0e96c] INFO  - [HiveMQ Platform Operator Init App 1.7.0-SNAPSHOT] Resolved 1 IP addresses: [10.42.0.8]
2025-01-29 17:04:13,997 INFO c.h.h.t.HelmChartContainer - [test-hivemq-platform] [hivemq] [e5e0e96c] INFO  - [HiveMQ Platform Operator Init App 1.7.0-SNAPSHOT] HiveMQ node count of 1 is within threshold of 1
2025-01-29 17:04:13,997 INFO c.h.h.t.HelmChartContainer - [test-hivemq-platform] [hivemq] [e5e0e96c] INFO  - [HiveMQ Platform Operator Init App 1.7.0-SNAPSHOT] Proceeding with container start
2025-01-29 17:04:14,094 INFO c.h.h.t.HelmChartContainer - [test-hivemq-platform] [hivemq] [e5e0e96c] INFO  - [HiveMQ Platform Operator Init App 1.7.0-SNAPSHOT] Initializing HiveMQ Platform extensions with initial configuration: {hivemq-bridge-extension={start-priority=-1, skip-https-hostname-verification=false, restart=true, config-version=0, header-version=0, secret-version=777, c-uri=, priority=-1, uri=preinstalled, skip-https-certificate-validation=false, enabled=true}, hivemq-prometheus-extension={enabled=true, restart=true, priority=-1, start-priority=-1, c-uri=, skip-https-hostname-verification=false, skip-https-certificate-validation=false, uri=preinstalled, request-header-path=no-request-headers}}
2025-01-29 17:04:14,514 INFO c.h.h.t.HelmChartContainer - [test-hivemq-platform] [hivemq] [e5e0e96c] INFO  - [HiveMQ Platform Operator Init App 1.7.0-SNAPSHOT] Successfully enabled extension hivemq-bridge-extension
2025-01-29 17:04:14,610 INFO c.h.h.t.HelmChartContainer - [test-hivemq-platform] [hivemq] [e5e0e96c] INFO  - [HiveMQ Platform Operator Init App 1.7.0-SNAPSHOT] Successfully enabled extension hivemq-prometheus-extension
2025-01-29 17:04:14,612 INFO c.h.h.t.HelmChartContainer - [test-hivemq-platform] [hivemq] [e5e0e96c] INFO  - [HiveMQ Platform Operator Init App 1.7.0-SNAPSHOT] Starting HiveMQ Platform version 4.36.0 (4.36.0)
2025-01-29 17:04:14,614 INFO c.h.h.t.HelmChartContainer - [test-hivemq-platform] [hivemq] [e5e0e96c] INFO  - [HiveMQ Platform Operator Init App 1.7.0-SNAPSHOT] Configuring the HiveMQ Platform
2025-01-29 17:04:14,697 INFO c.h.h.t.HelmChartContainer - [test-hivemq-platform] [hivemq] [e5e0e96c] INFO  - [HiveMQ Platform Operator Init App 1.7.0-SNAPSHOT] Changed logback.xml file scan period to 20 seconds
2025-01-29 17:04:14,792 INFO c.h.h.t.HelmChartContainer - [test-hivemq-platform] [hivemq] [e5e0e96c] INFO  - [HiveMQ Platform Operator Init App 1.7.0-SNAPSHOT] Starting the HiveMQ Platform
2025-01-29 17:04:14,794 INFO c.h.h.t.HelmChartContainer - [test-hivemq-platform] [hivemq] [e5e0e96c] -------------------------------------------------------------------------
2025-01-29 17:04:14,794 INFO c.h.h.t.HelmChartContainer - [test-hivemq-platform] [hivemq] [e5e0e96c] 
2025-01-29 17:04:14,794 INFO c.h.h.t.HelmChartContainer - [test-hivemq-platform] [hivemq] [e5e0e96c]                   _    _  _              __  __   ____
2025-01-29 17:04:14,794 INFO c.h.h.t.HelmChartContainer - [test-hivemq-platform] [hivemq] [e5e0e96c]                  | |  | |(_)            |  \/  | / __ \
2025-01-29 17:04:14,794 INFO c.h.h.t.HelmChartContainer - [test-hivemq-platform] [hivemq] [e5e0e96c]                  | |__| | _ __   __ ___ | \  / || |  | |
2025-01-29 17:04:14,794 INFO c.h.h.t.HelmChartContainer - [test-hivemq-platform] [hivemq] [e5e0e96c]                  |  __  || |\ \ / // _ \| |\/| || |  | |
2025-01-29 17:04:14,794 INFO c.h.h.t.HelmChartContainer - [test-hivemq-platform] [hivemq] [e5e0e96c]                  | |  | || | \ V /|  __/| |  | || |__| |
2025-01-29 17:04:14,795 INFO c.h.h.t.HelmChartContainer - [test-hivemq-platform] [hivemq] [e5e0e96c]                  |_|  |_||_|  \_/  \___||_|  |_| \___\_\
2025-01-29 17:04:14,795 INFO c.h.h.t.HelmChartContainer - [test-hivemq-platform] [hivemq] [e5e0e96c] 
2025-01-29 17:04:14,795 INFO c.h.h.t.HelmChartContainer - [test-hivemq-platform] [hivemq] [e5e0e96c] -------------------------------------------------------------------------
2025-01-29 17:04:14,795 INFO c.h.h.t.HelmChartContainer - [test-hivemq-platform] [hivemq] [e5e0e96c] 
2025-01-29 17:04:14,795 INFO c.h.h.t.HelmChartContainer - [test-hivemq-platform] [hivemq] [e5e0e96c]   HiveMQ Start Script for Linux/Unix v1.14
2025-01-29 17:04:14,795 INFO c.h.h.t.HelmChartContainer - [test-hivemq-platform] [hivemq] [e5e0e96c] 
2025-01-29 17:04:14,827 INFO c.h.h.t.HelmChartContainer - [test-hivemq-platform] [hivemq] [e5e0e96c] -------------------------------------------------------------------------
2025-01-29 17:04:14,827 INFO c.h.h.t.HelmChartContainer - [test-hivemq-platform] [hivemq] [e5e0e96c] 
2025-01-29 17:04:14,827 INFO c.h.h.t.HelmChartContainer - [test-hivemq-platform] [hivemq] [e5e0e96c]   HIVEMQ_HOME: /opt/hivemq
2025-01-29 17:04:14,827 INFO c.h.h.t.HelmChartContainer - [test-hivemq-platform] [hivemq] [e5e0e96c] 
2025-01-29 17:04:14,827 INFO c.h.h.t.HelmChartContainer - [test-hivemq-platform] [hivemq] [e5e0e96c]   JAVA_OPTS: -XX:+UnlockExperimentalVMOptions -XX:InitialRAMPercentage=50 -XX:MaxRAMPercentage=50 -Djava.net.preferIPv4Stack=true --add-opens java.base/java.lang=ALL-UNNAMED --add-opens java.base/java.nio=ALL-UNNAMED --add-opens java.base/sun.nio.ch=ALL-UNNAMED --add-opens jdk.management/com.sun.management.internal=ALL-UNNAMED --add-exports java.base/jdk.internal.misc=ALL-UNNAMED -Djava.security.egd=file:/dev/./urandom -Dcom.sun.management.jmxremote -Dcom.sun.management.jmxremote.port=9010 -Dcom.sun.management.jmxremote.local.only=false -Dcom.sun.management.jmxremote.authenticate=false -Dcom.sun.management.jmxremote.ssl=false -Duser.language=en -Duser.region=US -XX:+CrashOnOutOfMemoryError -XX:+HeapDumpOnOutOfMemoryError
2025-01-29 17:04:14,827 INFO c.h.h.t.HelmChartContainer - [test-hivemq-platform] [hivemq] [e5e0e96c] 
2025-01-29 17:04:14,827 INFO c.h.h.t.HelmChartContainer - [test-hivemq-platform] [hivemq] [e5e0e96c]   JAVA_VERSION: 21
2025-01-29 17:04:14,827 INFO c.h.h.t.HelmChartContainer - [test-hivemq-platform] [hivemq] [e5e0e96c] 
2025-01-29 17:04:14,827 INFO c.h.h.t.HelmChartContainer - [test-hivemq-platform] [hivemq] [e5e0e96c] -------------------------------------------------------------------------
2025-01-29 17:04:14,827 INFO c.h.h.t.HelmChartContainer - [test-hivemq-platform] [hivemq] [e5e0e96c] 
2025-01-29 17:04:15,513 INFO c.h.h.t.HelmChartContainer - [test-hivemq-platform] [hivemq] [e5e0e96c] INFO  - [HiveMQ Platform Operator Init App 1.7.0-SNAPSHOT] Returning default Health API response 503 for readiness
2025-01-29 17:04:15,996 INFO c.h.h.t.HelmChartContainer - [EVENT] Warning [Unhealthy] Readiness probe failed: HTTP probe failed with statuscode: 503 [helmbridgeextensionit:test-hivemq-platform-0]
2025-01-29 17:04:15,996 INFO c.h.h.t.HelmChartContainer - Received Unhealthy event for container hivemq in pod test-hivemq-platform-0 [e5e0e96c-3cc1-4b78-86f2-7f8f396c47db]
2025-01-29 17:04:17,413 INFO c.h.h.t.HelmChartContainer - [test-hivemq-platform] [hivemq] [e5e0e96c] INFO  - Starting HiveMQ Enterprise Server
2025-01-29 17:04:17,492 INFO c.h.h.t.HelmChartContainer - [test-hivemq-platform] [hivemq] [e5e0e96c] INFO  - HiveMQ version: 4.36.0
2025-01-29 17:04:17,493 INFO c.h.h.t.HelmChartContainer - [test-hivemq-platform] [hivemq] [e5e0e96c] INFO  - HiveMQ home directory: /opt/hivemq
2025-01-29 17:04:17,493 INFO c.h.h.t.HelmChartContainer - [test-hivemq-platform] [hivemq] [e5e0e96c] INFO  - Log Configuration was overridden by /opt/hivemq/conf/logback.xml
2025-01-29 17:04:18,607 INFO c.h.h.t.HelmChartContainer - [test-hivemq-platform] [hivemq] [e5e0e96c] INFO  - Successfully loaded configuration from '/opt/hivemq/conf-k8s/config.xml'.
2025-01-29 17:04:19,293 INFO c.h.h.t.HelmChartContainer - [test-hivemq-platform] [hivemq] [e5e0e96c] INFO  - This node's ID is bslnY
2025-01-29 17:04:19,293 INFO c.h.h.t.HelmChartContainer - [test-hivemq-platform] [hivemq] [e5e0e96c] INFO  - Clustering is enabled
2025-01-29 17:04:19,536 INFO c.h.h.t.HelmChartContainer - [hivemq-test-hivemq-platform] [hivemq-platform-operator] [741de118] 17:04:19.532 [pool-6-thread-26] DEBUG c.h.p.o.d.PlatformServiceResource - [helmbrid] Desired Platform services (3 services)
2025-01-29 17:04:19,536 INFO c.h.h.t.HelmChartContainer - [hivemq-test-hivemq-platform] [hivemq-platform-operator] [741de118] 17:04:19.535 [pool-6-thread-28] DEBUG c.h.p.o.d.PodServiceAccountResource - [helmbrid] Desired PodServiceAccountResource (serviceAccountName: hivemq-platform-pod-test-hivemq-platform)
2025-01-29 17:04:19,537 INFO c.h.h.t.HelmChartContainer - [hivemq-test-hivemq-platform] [hivemq-platform-operator] [741de118] 17:04:19.536 [pool-6-thread-27] DEBUG c.h.p.o.dependants.PodInfoConfigMap - [helmbrid] Desired PodInfo ConfigMap (1 extensions) (1 enabled)
2025-01-29 17:04:19,539 INFO c.h.h.t.HelmChartContainer - [hivemq-test-hivemq-platform] [hivemq-platform-operator] [741de118] 17:04:19.537 [pool-6-thread-27] DEBUG c.h.p.o.dependants.PodInfoConfigMap - [helmbrid] Desired PodInfo ConfigMap (metrics port: 9399) (metrics path: /)
2025-01-29 17:04:19,539 INFO c.h.h.t.HelmChartContainer - [hivemq-test-hivemq-platform] [hivemq-platform-operator] [741de118] 17:04:19.537 [pool-6-thread-27] DEBUG c.h.p.o.dependants.PodInfoConfigMap - [helmbrid] Desired PodInfo ConfigMap (extension state hash: 250803627)
2025-01-29 17:04:19,542 INFO c.h.h.t.HelmChartContainer - [hivemq-test-hivemq-platform] [hivemq-platform-operator] [741de118] 17:04:19.541 [pool-6-thread-29] DEBUG c.h.p.o.d.StatefulSetResource - [helmbrid] Desired StatefulSet (1 replicas) for status STARTING (READY)
2025-01-29 17:04:19,624 INFO c.h.h.t.HelmChartContainer - [hivemq-test-hivemq-platform] [hivemq-platform-operator] [741de118] 17:04:19.622 [ReconcilerExecutor-hivemq-controller-111] INFO  c.h.p.o.HiveMQPlatformReconciler - [helmbrid] Reconciling HiveMQ Platform 'test-hivemq-platform' in namespace 'helmbridgeextensionit'
2025-01-29 17:04:19,624 INFO c.h.h.t.HelmChartContainer - [hivemq-test-hivemq-platform] [hivemq-platform-operator] [741de118] 17:04:19.622 [ReconcilerExecutor-hivemq-controller-111] DEBUG c.h.p.o.HiveMQPlatformReconciler - [helmbrid] Custom Resource Status STARTING - HiveMQ Platform is starting (READY)
2025-01-29 17:04:19,625 INFO c.h.h.t.HelmChartContainer - [hivemq-test-hivemq-platform] [hivemq-platform-operator] [741de118] 17:04:19.623 [ReconcilerExecutor-hivemq-controller-111] DEBUG c.h.p.o.HiveMQPlatformReconciler - [helmbrid] Custom Resource Spec (replicas: 1) (extensions: 1)
2025-01-29 17:04:19,627 INFO c.h.h.t.HelmChartContainer - [hivemq-test-hivemq-platform] [hivemq-platform-operator] [741de118] 17:04:19.625 [ReconcilerExecutor-hivemq-controller-111] DEBUG c.h.p.o.HiveMQPlatformReconciler - [helmbrid] StatefulSet Status (revision: test-hivemq-platform-6d7b96669f, replicas: 1, available: 0, ready: 0, current: 1, updated: 1)
2025-01-29 17:04:19,628 INFO c.h.h.t.HelmChartContainer - [hivemq-test-hivemq-platform] [hivemq-platform-operator] [741de118] 17:04:19.625 [ReconcilerExecutor-hivemq-controller-111] DEBUG c.h.p.o.HiveMQPlatformReconciler - [helmbrid] StatefulSet Spec (replicas: 1, init containers: 1, containers: 1, volumes: 4)
2025-01-29 17:04:19,629 INFO c.h.h.t.HelmChartContainer - [hivemq-test-hivemq-platform] [hivemq-platform-operator] [741de118] 17:04:19.627 [ReconcilerExecutor-hivemq-controller-111] DEBUG c.h.p.o.h.HiveMQPlatformReconcilerErrorHandler - [helmbrid] Pod 'test-hivemq-platform-0' phase Running
2025-01-29 17:04:19,630 INFO c.h.h.t.HelmChartContainer - [hivemq-test-hivemq-platform] [hivemq-platform-operator] [741de118] 17:04:19.627 [ReconcilerExecutor-hivemq-controller-111] INFO  c.h.p.o.h.HiveMQPlatformReconcilerBaseHandler - [helmbrid] HiveMQ Platform is starting, 0 of 1 replicas are ready
2025-01-29 17:04:21,094 INFO c.h.h.t.HelmChartContainer - [test-hivemq-platform] [hivemq] [e5e0e96c] WARN  - [HiveMQ Platform Operator Init App 1.7.0-SNAPSHOT] Cannot connect to Health API for readiness: null
2025-01-29 17:04:21,100 INFO c.h.h.t.HelmChartContainer - [EVENT] Warning [Unhealthy] Readiness probe failed: HTTP probe failed with statuscode: 503 [helmbridgeextensionit:test-hivemq-platform-0]
2025-01-29 17:04:21,100 INFO c.h.h.t.HelmChartContainer - Received Unhealthy event for container hivemq in pod test-hivemq-platform-0 [e5e0e96c-3cc1-4b78-86f2-7f8f396c47db]
2025-01-29 17:04:23,915 INFO c.h.h.t.HelmChartContainer - [test-hivemq-platform] [hivemq] [e5e0e96c] Jan 29, 2025 5:04:23 PM io.vertx.core.impl.BlockedThreadChecker
2025-01-29 17:04:23,915 INFO c.h.h.t.HelmChartContainer - [test-hivemq-platform] [hivemq] [e5e0e96c] WARNING: Thread Thread[vert.x-eventloop-thread-1,5,main] has been blocked for 2213 ms, time limit is 2000 ms
2025-01-29 17:04:24,908 INFO c.h.h.t.HelmChartContainer - [test-hivemq-platform] [hivemq] [e5e0e96c] INFO  - [HiveMQ Platform Operator Init App 1.7.0-SNAPSHOT] Updating Pod HiveMQ Platform Operator Init App version annotation (version: 1.7.0-SNAPSHOT)
2025-01-29 17:04:25,509 INFO c.h.h.t.HelmChartContainer - [test-hivemq-platform] [hivemq] [e5e0e96c] WARN  - [HiveMQ Platform Operator Init App 1.7.0-SNAPSHOT] Cannot connect to Health API for readiness: null
2025-01-29 17:04:25,517 INFO c.h.h.t.HelmChartContainer - [EVENT] Warning [Unhealthy] Readiness probe failed: HTTP probe failed with statuscode: 503 [helmbridgeextensionit:test-hivemq-platform-0]
2025-01-29 17:04:25,517 INFO c.h.h.t.HelmChartContainer - Received Unhealthy event for container hivemq in pod test-hivemq-platform-0 [e5e0e96c-3cc1-4b78-86f2-7f8f396c47db]
2025-01-29 17:04:25,518 INFO c.h.h.t.HelmChartContainer - [POD] test-hivemq-platform-0 [e5e0e96c-3cc1-4b78-86f2-7f8f396c47db] in helmbridgeextensionit was MODIFIED
2025-01-29 17:04:25,526 INFO c.h.h.t.HelmChartContainer - [test-hivemq-platform] [hivemq] [e5e0e96c] WARN  - [HiveMQ Platform Operator Init App 1.7.0-SNAPSHOT] Cannot connect to Health API for readiness: null
2025-01-29 17:04:25,531 INFO c.h.h.t.HelmChartContainer - [hivemq-test-hivemq-platform] [hivemq-platform-operator] [741de118] 17:04:25.529 [pool-6-thread-35] DEBUG c.h.p.o.d.PodServiceAccountResource - [helmbrid] Desired PodServiceAccountResource (serviceAccountName: hivemq-platform-pod-test-hivemq-platform)
2025-01-29 17:04:25,531 INFO c.h.h.t.HelmChartContainer - [hivemq-test-hivemq-platform] [hivemq-platform-operator] [741de118] 17:04:25.530 [pool-6-thread-36] DEBUG c.h.p.o.d.PlatformServiceResource - [helmbrid] Desired Platform services (3 services)
2025-01-29 17:04:25,534 INFO c.h.h.t.HelmChartContainer - [hivemq-test-hivemq-platform] [hivemq-platform-operator] [741de118] 17:04:25.531 [pool-6-thread-32] DEBUG c.h.p.o.dependants.PodInfoConfigMap - [helmbrid] Desired PodInfo ConfigMap (1 extensions) (1 enabled)
2025-01-29 17:04:25,534 INFO c.h.h.t.HelmChartContainer - [hivemq-test-hivemq-platform] [hivemq-platform-operator] [741de118] 17:04:25.531 [pool-6-thread-32] DEBUG c.h.p.o.dependants.PodInfoConfigMap - [helmbrid] Desired PodInfo ConfigMap (metrics port: 9399) (metrics path: /)
2025-01-29 17:04:25,534 INFO c.h.h.t.HelmChartContainer - [hivemq-test-hivemq-platform] [hivemq-platform-operator] [741de118] 17:04:25.532 [pool-6-thread-32] DEBUG c.h.p.o.dependants.PodInfoConfigMap - [helmbrid] Desired PodInfo ConfigMap (extension state hash: 250803627)
2025-01-29 17:04:25,535 INFO c.h.h.t.HelmChartContainer - [EVENT] Warning [Unhealthy] Readiness probe failed: HTTP probe failed with statuscode: 503 [helmbridgeextensionit:test-hivemq-platform-0]
2025-01-29 17:04:25,535 INFO c.h.h.t.HelmChartContainer - Received Unhealthy event for container hivemq in pod test-hivemq-platform-0 [e5e0e96c-3cc1-4b78-86f2-7f8f396c47db]
2025-01-29 17:04:25,541 INFO c.h.h.t.HelmChartContainer - [hivemq-test-hivemq-platform] [hivemq-platform-operator] [741de118] 17:04:25.539 [pool-6-thread-36] DEBUG c.h.p.o.d.StatefulSetResource - [helmbrid] Desired StatefulSet (1 replicas) for status STARTING (READY)
2025-01-29 17:04:25,544 INFO c.h.h.t.HelmChartContainer - [hivemq-test-hivemq-platform] [hivemq-platform-operator] [741de118] 17:04:25.543 [ReconcilerExecutor-hivemq-controller-112] INFO  c.h.p.o.HiveMQPlatformReconciler - [helmbrid] Reconciling HiveMQ Platform 'test-hivemq-platform' in namespace 'helmbridgeextensionit'
2025-01-29 17:04:25,544 INFO c.h.h.t.HelmChartContainer - [hivemq-test-hivemq-platform] [hivemq-platform-operator] [741de118] 17:04:25.543 [ReconcilerExecutor-hivemq-controller-112] DEBUG c.h.p.o.HiveMQPlatformReconciler - [helmbrid] Custom Resource Status STARTING - HiveMQ Platform is starting (READY)
2025-01-29 17:04:25,545 INFO c.h.h.t.HelmChartContainer - [hivemq-test-hivemq-platform] [hivemq-platform-operator] [741de118] 17:04:25.543 [ReconcilerExecutor-hivemq-controller-112] DEBUG c.h.p.o.HiveMQPlatformReconciler - [helmbrid] Custom Resource Spec (replicas: 1) (extensions: 1)
2025-01-29 17:04:25,581 INFO c.h.h.t.HelmChartContainer - [hivemq-test-hivemq-platform] [hivemq-platform-operator] [741de118] 17:04:25.580 [ReconcilerExecutor-hivemq-controller-112] DEBUG c.h.p.o.HiveMQPlatformReconciler - [helmbrid] StatefulSet Status (revision: test-hivemq-platform-6d7b96669f, replicas: 1, available: 0, ready: 0, current: 1, updated: 1)
2025-01-29 17:04:25,581 INFO c.h.h.t.HelmChartContainer - [hivemq-test-hivemq-platform] [hivemq-platform-operator] [741de118] 17:04:25.580 [ReconcilerExecutor-hivemq-controller-112] DEBUG c.h.p.o.HiveMQPlatformReconciler - [helmbrid] StatefulSet Spec (replicas: 1, init containers: 1, containers: 1, volumes: 4)
2025-01-29 17:04:25,608 INFO c.h.h.t.HelmChartContainer - [test-hivemq-platform] [hivemq] [e5e0e96c] INFO  - [HiveMQ Platform Operator Init App 1.7.0-SNAPSHOT] Successfully updated Pod HiveMQ Platform Operator Init App version annotation (version: 1.7.0-SNAPSHOT)
2025-01-29 17:04:25,624 INFO c.h.h.t.HelmChartContainer - [hivemq-test-hivemq-platform] [hivemq-platform-operator] [741de118] 17:04:25.621 [ReconcilerExecutor-hivemq-controller-112] DEBUG c.h.p.o.h.HiveMQPlatformReconcilerErrorHandler - [helmbrid] Pod 'test-hivemq-platform-0' phase Running
2025-01-29 17:04:25,624 INFO c.h.h.t.HelmChartContainer - [hivemq-test-hivemq-platform] [hivemq-platform-operator] [741de118] 17:04:25.622 [ReconcilerExecutor-hivemq-controller-112] INFO  c.h.p.o.h.HiveMQPlatformReconcilerBaseHandler - [helmbrid] HiveMQ Platform is starting, 0 of 1 replicas are ready
2025-01-29 17:04:30,614 INFO c.h.h.t.HelmChartContainer - [test-hivemq-platform] [hivemq] [e5e0e96c] WARN  - [HiveMQ Platform Operator Init App 1.7.0-SNAPSHOT] Cannot connect to Health API for readiness: null
2025-01-29 17:04:30,617 INFO c.h.h.t.HelmChartContainer - [EVENT] Warning [Unhealthy] Readiness probe failed: HTTP probe failed with statuscode: 503 [helmbridgeextensionit:test-hivemq-platform-0]
2025-01-29 17:04:30,617 INFO c.h.h.t.HelmChartContainer - Received Unhealthy event for container hivemq in pod test-hivemq-platform-0 [e5e0e96c-3cc1-4b78-86f2-7f8f396c47db]
2025-01-29 17:04:35,609 INFO c.h.h.t.HelmChartContainer - [test-hivemq-platform] [hivemq] [e5e0e96c] WARN  - [HiveMQ Platform Operator Init App 1.7.0-SNAPSHOT] Cannot connect to Health API for readiness: null
2025-01-29 17:04:35,612 INFO c.h.h.t.HelmChartContainer - [EVENT] Warning [Unhealthy] Readiness probe failed: HTTP probe failed with statuscode: 503 [helmbridgeextensionit:test-hivemq-platform-0]
2025-01-29 17:04:35,613 INFO c.h.h.t.HelmChartContainer - Received Unhealthy event for container hivemq in pod test-hivemq-platform-0 [e5e0e96c-3cc1-4b78-86f2-7f8f396c47db]
2025-01-29 17:04:35,632 INFO c.h.h.t.HelmChartContainer - [hivemq-test-hivemq-platform] [hivemq-platform-operator] [741de118] 17:04:35.628 [pool-6-thread-47] DEBUG c.h.p.o.d.PlatformServiceResource - [helmbrid] Desired Platform services (3 services)
2025-01-29 17:04:35,632 INFO c.h.h.t.HelmChartContainer - [hivemq-test-hivemq-platform] [hivemq-platform-operator] [741de118] 17:04:35.629 [pool-6-thread-46] DEBUG c.h.p.o.d.PodServiceAccountResource - [helmbrid] Desired PodServiceAccountResource (serviceAccountName: hivemq-platform-pod-test-hivemq-platform)
2025-01-29 17:04:35,633 INFO c.h.h.t.HelmChartContainer - [hivemq-test-hivemq-platform] [hivemq-platform-operator] [741de118] 17:04:35.632 [pool-6-thread-45] DEBUG c.h.p.o.dependants.PodInfoConfigMap - [helmbrid] Desired PodInfo ConfigMap (1 extensions) (1 enabled)
2025-01-29 17:04:35,634 INFO c.h.h.t.HelmChartContainer - [hivemq-test-hivemq-platform] [hivemq-platform-operator] [741de118] 17:04:35.632 [pool-6-thread-45] DEBUG c.h.p.o.dependants.PodInfoConfigMap - [helmbrid] Desired PodInfo ConfigMap (metrics port: 9399) (metrics path: /)
2025-01-29 17:04:35,634 INFO c.h.h.t.HelmChartContainer - [hivemq-test-hivemq-platform] [hivemq-platform-operator] [741de118] 17:04:35.632 [pool-6-thread-45] DEBUG c.h.p.o.dependants.PodInfoConfigMap - [helmbrid] Desired PodInfo ConfigMap (extension state hash: 250803627)
2025-01-29 17:04:35,636 INFO c.h.h.t.HelmChartContainer - [hivemq-test-hivemq-platform] [hivemq-platform-operator] [741de118] 17:04:35.635 [pool-6-thread-47] DEBUG c.h.p.o.d.StatefulSetResource - [helmbrid] Desired StatefulSet (1 replicas) for status STARTING (READY)
2025-01-29 17:04:35,724 INFO c.h.h.t.HelmChartContainer - [hivemq-test-hivemq-platform] [hivemq-platform-operator] [741de118] 17:04:35.720 [ReconcilerExecutor-hivemq-controller-113] INFO  c.h.p.o.HiveMQPlatformReconciler - [helmbrid] Reconciling HiveMQ Platform 'test-hivemq-platform' in namespace 'helmbridgeextensionit'
2025-01-29 17:04:35,724 INFO c.h.h.t.HelmChartContainer - [hivemq-test-hivemq-platform] [hivemq-platform-operator] [741de118] 17:04:35.722 [ReconcilerExecutor-hivemq-controller-113] DEBUG c.h.p.o.HiveMQPlatformReconciler - [helmbrid] Custom Resource Status STARTING - HiveMQ Platform is starting (READY)
2025-01-29 17:04:35,724 INFO c.h.h.t.HelmChartContainer - [hivemq-test-hivemq-platform] [hivemq-platform-operator] [741de118] 17:04:35.722 [ReconcilerExecutor-hivemq-controller-113] DEBUG c.h.p.o.HiveMQPlatformReconciler - [helmbrid] Custom Resource Spec (replicas: 1) (extensions: 1)
2025-01-29 17:04:35,727 INFO c.h.h.t.HelmChartContainer - [hivemq-test-hivemq-platform] [hivemq-platform-operator] [741de118] 17:04:35.725 [ReconcilerExecutor-hivemq-controller-113] DEBUG c.h.p.o.HiveMQPlatformReconciler - [helmbrid] StatefulSet Status (revision: test-hivemq-platform-6d7b96669f, replicas: 1, available: 0, ready: 0, current: 1, updated: 1)
2025-01-29 17:04:35,727 INFO c.h.h.t.HelmChartContainer - [hivemq-test-hivemq-platform] [hivemq-platform-operator] [741de118] 17:04:35.725 [ReconcilerExecutor-hivemq-controller-113] DEBUG c.h.p.o.HiveMQPlatformReconciler - [helmbrid] StatefulSet Spec (replicas: 1, init containers: 1, containers: 1, volumes: 4)
2025-01-29 17:04:35,728 INFO c.h.h.t.HelmChartContainer - [hivemq-test-hivemq-platform] [hivemq-platform-operator] [741de118] 17:04:35.727 [ReconcilerExecutor-hivemq-controller-113] DEBUG c.h.p.o.h.HiveMQPlatformReconcilerErrorHandler - [helmbrid] Pod 'test-hivemq-platform-0' phase Running
2025-01-29 17:04:35,729 INFO c.h.h.t.HelmChartContainer - [hivemq-test-hivemq-platform] [hivemq-platform-operator] [741de118] 17:04:35.728 [ReconcilerExecutor-hivemq-controller-113] INFO  c.h.p.o.h.HiveMQPlatformReconcilerBaseHandler - [helmbrid] HiveMQ Platform is starting, 0 of 1 replicas are ready
2025-01-29 17:04:35,810 INFO c.h.h.t.HelmChartContainer - [test-hivemq-platform] [hivemq] [e5e0e96c] WARN  - [HiveMQ Platform Operator Init App 1.7.0-SNAPSHOT] Cannot connect to Health API for liveness: null
2025-01-29 17:04:35,810 INFO c.h.h.t.HelmChartContainer - [test-hivemq-platform] [hivemq] [e5e0e96c] INFO  - [HiveMQ Platform Operator Init App 1.7.0-SNAPSHOT] Returning default Health API response 200 for liveness
2025-01-29 17:04:36,507 INFO c.h.h.t.HelmChartContainer - [test-hivemq-platform] [hivemq] [e5e0e96c] INFO  - No valid license file found. Using trial license, restricted to 25 connections.
2025-01-29 17:04:39,425 INFO c.h.h.t.HelmChartContainer - [test-hivemq-platform] [hivemq] [e5e0e96c] INFO  - No valid license file for Data Hub found. Using free license, restricted to 1 policy.
2025-01-29 17:04:40,524 INFO c.h.h.t.HelmChartContainer - [test-hivemq-platform] [hivemq] [e5e0e96c] WARN  - [HiveMQ Platform Operator Init App 1.7.0-SNAPSHOT] Cannot connect to Health API for readiness: null
2025-01-29 17:04:40,612 INFO c.h.h.t.HelmChartContainer - [EVENT] Warning [Unhealthy] Readiness probe failed: HTTP probe failed with statuscode: 503 [helmbridgeextensionit:test-hivemq-platform-0]
2025-01-29 17:04:40,613 INFO c.h.h.t.HelmChartContainer - Received Unhealthy event for container hivemq in pod test-hivemq-platform-0 [e5e0e96c-3cc1-4b78-86f2-7f8f396c47db]
2025-01-29 17:04:40,618 INFO c.h.h.t.HelmChartContainer - [test-hivemq-platform] [hivemq] [e5e0e96c] INFO  - Audit Logger started.
2025-01-29 17:04:41,022 INFO c.h.h.t.HelmChartContainer - [test-hivemq-platform] [hivemq] [e5e0e96c] INFO  - This node uses '1' CPU cores.
2025-01-29 17:04:41,025 INFO c.h.h.t.HelmChartContainer - [test-hivemq-platform] [hivemq] [e5e0e96c] INFO  - Starting HiveMQ Health API on address 0.0.0.0 and port 8889
2025-01-29 17:04:41,818 INFO c.h.h.t.HelmChartContainer - [test-hivemq-platform] [hivemq] [e5e0e96c] INFO  - Started HiveMQ Health API in 793ms
2025-01-29 17:04:42,417 INFO c.h.h.t.HelmChartContainer - [test-hivemq-platform] [hivemq] [e5e0e96c] INFO  - Starting HiveMQ extension system.
2025-01-29 17:04:44,321 INFO c.h.h.t.HelmChartContainer - [test-hivemq-platform] [hivemq] [e5e0e96c] INFO  - No license found for enterprise extension with name "HiveMQ Enterprise Bridge Extension". Entering extension trial mode. "HiveMQ Enterprise Bridge Extension" will be disabled in 5 hours.
2025-01-29 17:04:44,519 INFO c.h.h.t.HelmChartContainer - [test-hivemq-platform] [hivemq] [e5e0e96c] INFO  - Starting extension with id "hivemq-dns-cluster-discovery" at /opt/hivemq/extensions/hivemq-dns-cluster-discovery
2025-01-29 17:04:44,923 INFO c.h.h.t.HelmChartContainer - [test-hivemq-platform] [hivemq] [e5e0e96c] INFO  - Using TCP cluster transport on address 10.42.0.8 and port 7000
2025-01-29 17:04:45,009 INFO c.h.h.t.HelmChartContainer - [test-hivemq-platform] [hivemq] [e5e0e96c] INFO  - Using extension cluster discovery
2025-01-29 17:04:45,191 INFO c.h.h.t.HelmChartContainer - [test-hivemq-platform] [hivemq] [e5e0e96c] INFO  - Extension "DNS Cluster Discovery Extension" version 4.3.2 started successfully.
2025-01-29 17:04:45,191 INFO c.h.h.t.HelmChartContainer - [test-hivemq-platform] [hivemq] [e5e0e96c] INFO  - Starting extension with id "hivemq-bridge-extension" at /opt/hivemq/extensions/hivemq-bridge-extension
2025-01-29 17:04:45,735 INFO c.h.h.t.HelmChartContainer - [hivemq-test-hivemq-platform] [hivemq-platform-operator] [741de118] 17:04:45.731 [pool-6-thread-8] DEBUG c.h.p.o.d.PlatformServiceResource - [helmbrid] Desired Platform services (3 services)
2025-01-29 17:04:45,735 INFO c.h.h.t.HelmChartContainer - [hivemq-test-hivemq-platform] [hivemq-platform-operator] [741de118] 17:04:45.732 [pool-6-thread-3] DEBUG c.h.p.o.d.PodServiceAccountResource - [helmbrid] Desired PodServiceAccountResource (serviceAccountName: hivemq-platform-pod-test-hivemq-platform)
2025-01-29 17:04:45,736 INFO c.h.h.t.HelmChartContainer - [hivemq-test-hivemq-platform] [hivemq-platform-operator] [741de118] 17:04:45.734 [pool-6-thread-4] DEBUG c.h.p.o.dependants.PodInfoConfigMap - [helmbrid] Desired PodInfo ConfigMap (1 extensions) (1 enabled)
2025-01-29 17:04:45,736 INFO c.h.h.t.HelmChartContainer - [hivemq-test-hivemq-platform] [hivemq-platform-operator] [741de118] 17:04:45.734 [pool-6-thread-4] DEBUG c.h.p.o.dependants.PodInfoConfigMap - [helmbrid] Desired PodInfo ConfigMap (metrics port: 9399) (metrics path: /)
2025-01-29 17:04:45,736 INFO c.h.h.t.HelmChartContainer - [hivemq-test-hivemq-platform] [hivemq-platform-operator] [741de118] 17:04:45.734 [pool-6-thread-4] DEBUG c.h.p.o.dependants.PodInfoConfigMap - [helmbrid] Desired PodInfo ConfigMap (extension state hash: 250803627)
2025-01-29 17:04:45,737 INFO c.h.h.t.HelmChartContainer - [hivemq-test-hivemq-platform] [hivemq-platform-operator] [741de118] 17:04:45.736 [pool-6-thread-4] DEBUG c.h.p.o.d.StatefulSetResource - [helmbrid] Desired StatefulSet (1 replicas) for status STARTING (READY)
2025-01-29 17:04:45,742 INFO c.h.h.t.HelmChartContainer - [hivemq-test-hivemq-platform] [hivemq-platform-operator] [741de118] 17:04:45.740 [ReconcilerExecutor-hivemq-controller-114] INFO  c.h.p.o.HiveMQPlatformReconciler - [helmbrid] Reconciling HiveMQ Platform 'test-hivemq-platform' in namespace 'helmbridgeextensionit'
2025-01-29 17:04:45,742 INFO c.h.h.t.HelmChartContainer - [hivemq-test-hivemq-platform] [hivemq-platform-operator] [741de118] 17:04:45.740 [ReconcilerExecutor-hivemq-controller-114] DEBUG c.h.p.o.HiveMQPlatformReconciler - [helmbrid] Custom Resource Status STARTING - HiveMQ Platform is starting (READY)
2025-01-29 17:04:45,742 INFO c.h.h.t.HelmChartContainer - [hivemq-test-hivemq-platform] [hivemq-platform-operator] [741de118] 17:04:45.740 [ReconcilerExecutor-hivemq-controller-114] DEBUG c.h.p.o.HiveMQPlatformReconciler - [helmbrid] Custom Resource Spec (replicas: 1) (extensions: 1)
2025-01-29 17:04:45,742 INFO c.h.h.t.HelmChartContainer - [hivemq-test-hivemq-platform] [hivemq-platform-operator] [741de118] 17:04:45.742 [ReconcilerExecutor-hivemq-controller-114] DEBUG c.h.p.o.HiveMQPlatformReconciler - [helmbrid] StatefulSet Status (revision: test-hivemq-platform-6d7b96669f, replicas: 1, available: 0, ready: 0, current: 1, updated: 1)
2025-01-29 17:04:45,743 INFO c.h.h.t.HelmChartContainer - [hivemq-test-hivemq-platform] [hivemq-platform-operator] [741de118] 17:04:45.742 [ReconcilerExecutor-hivemq-controller-114] DEBUG c.h.p.o.HiveMQPlatformReconciler - [helmbrid] StatefulSet Spec (replicas: 1, init containers: 1, containers: 1, volumes: 4)
2025-01-29 17:04:45,747 INFO c.h.h.t.HelmChartContainer - [hivemq-test-hivemq-platform] [hivemq-platform-operator] [741de118] 17:04:45.745 [ReconcilerExecutor-hivemq-controller-114] DEBUG c.h.p.o.h.HiveMQPlatformReconcilerErrorHandler - [helmbrid] Pod 'test-hivemq-platform-0' phase Running
2025-01-29 17:04:45,747 INFO c.h.h.t.HelmChartContainer - [hivemq-test-hivemq-platform] [hivemq-platform-operator] [741de118] 17:04:45.746 [ReconcilerExecutor-hivemq-controller-114] INFO  c.h.p.o.h.HiveMQPlatformReconcilerBaseHandler - [helmbrid] HiveMQ Platform is starting, 0 of 1 replicas are ready
2025-01-29 17:04:46,291 INFO c.h.h.t.HelmChartContainer - [test-hivemq-platform] [hivemq] [e5e0e96c] INFO  - HiveMQ Enterprise Bridge Extension: Successfully loaded configuration from '/opt/hivemq/extensions/hivemq-bridge-extension/conf/config.xml'.
2025-01-29 17:04:46,564 INFO c.h.h.t.HelmChartContainer - [EVENT] Warning [Unhealthy] Readiness probe failed: Get "http://10.42.0.8:7979/readiness": context deadline exceeded (Client.Timeout exceeded while awaiting headers) [helmbridgeextensionit:test-hivemq-platform-0]
2025-01-29 17:04:46,565 INFO c.h.h.t.HelmChartContainer - Received Unhealthy event for container hivemq in pod test-hivemq-platform-0 [e5e0e96c-3cc1-4b78-86f2-7f8f396c47db]
2025-01-29 17:04:46,911 INFO c.h.h.t.HelmChartContainer - [test-hivemq-platform] [hivemq] [e5e0e96c] INFO  - [HiveMQ Platform Operator Init App 1.7.0-SNAPSHOT] Returning Health API response 503 for readiness
2025-01-29 17:04:47,121 INFO c.h.h.t.HelmChartContainer - [test-hivemq-platform] [hivemq] [e5e0e96c] INFO  - Bridge Extension: Connecting to remote brokers...
2025-01-29 17:04:47,726 INFO c.h.h.t.HelmChartContainer - [test-hivemq-platform] [hivemq] [e5e0e96c] INFO  - Bridge Extension: Connected to bridge 'testbridge', session present 'false'.
2025-01-29 17:04:47,727 INFO c.h.h.t.HelmChartContainer - [test-hivemq-platform] [hivemq] [e5e0e96c] INFO  - Bridge Extension: Connected to bridge 'testbridge', session present 'false'.
2025-01-29 17:04:47,911 INFO c.h.h.t.HelmChartContainer - [test-hivemq-platform] [hivemq] [e5e0e96c] WARN  - Node is waiting for an operational cluster member
2025-01-29 17:04:49,114 INFO c.h.h.t.HelmChartContainer - [test-hivemq-platform] [hivemq] [e5e0e96c] INFO  - bslnY: no members discovered after 3697 ms: creating cluster as first member
2025-01-29 17:04:49,121 INFO c.h.h.t.HelmChartContainer - [test-hivemq-platform] [hivemq] [e5e0e96c] INFO  - Cluster nodes found by discovery: [bslnY|0] (1) [bslnY].
2025-01-29 17:04:49,293 INFO c.h.h.t.HelmChartContainer - [test-hivemq-platform] [hivemq] [e5e0e96c] INFO  - Extension "HiveMQ Enterprise Bridge Extension" version 4.36.0 started successfully.
2025-01-29 17:04:49,294 INFO c.h.h.t.HelmChartContainer - [test-hivemq-platform] [hivemq] [e5e0e96c] INFO  - Starting extension with id "hivemq-prometheus-extension" at /opt/hivemq/extensions/hivemq-prometheus-extension
2025-01-29 17:04:49,724 INFO c.h.h.t.HelmChartContainer - [test-hivemq-platform] [hivemq] [e5e0e96c] INFO  - Started Jetty Server exposing Prometheus Servlet on URI http://0.0.0.0:9399/
2025-01-29 17:04:49,724 INFO c.h.h.t.HelmChartContainer - [test-hivemq-platform] [hivemq] [e5e0e96c] INFO  - Extension "Prometheus Monitoring Extension" version 4.0.12 started successfully.
2025-01-29 17:04:49,724 INFO c.h.h.t.HelmChartContainer - [test-hivemq-platform] [hivemq] [e5e0e96c] INFO  - Starting extension with id "hivemq-allow-all-extension" at /opt/hivemq/extensions/hivemq-allow-all-extension
2025-01-29 17:04:49,725 INFO c.h.h.t.HelmChartContainer - [test-hivemq-platform] [hivemq] [e5e0e96c] WARN  - 
2025-01-29 17:04:49,725 INFO c.h.h.t.HelmChartContainer - [test-hivemq-platform] [hivemq] [e5e0e96c] ################################################################################################################
2025-01-29 17:04:49,725 INFO c.h.h.t.HelmChartContainer - [test-hivemq-platform] [hivemq] [e5e0e96c] # This HiveMQ deployment is not secure! You are lacking Authentication and Authorization.                      #
2025-01-29 17:04:49,725 INFO c.h.h.t.HelmChartContainer - [test-hivemq-platform] [hivemq] [e5e0e96c] # Right now any MQTT client can connect to the broker with a full set of permissions.                          #
2025-01-29 17:04:49,725 INFO c.h.h.t.HelmChartContainer - [test-hivemq-platform] [hivemq] [e5e0e96c] # For production usage, add an appropriate security extension and remove the hivemq-allow-all extension.       #
2025-01-29 17:04:49,725 INFO c.h.h.t.HelmChartContainer - [test-hivemq-platform] [hivemq] [e5e0e96c] # You can download security extensions from the HiveMQ Marketplace (https://www.hivemq.com/extensions/).       #
2025-01-29 17:04:49,725 INFO c.h.h.t.HelmChartContainer - [test-hivemq-platform] [hivemq] [e5e0e96c] ################################################################################################################
2025-01-29 17:04:49,725 INFO c.h.h.t.HelmChartContainer - [test-hivemq-platform] [hivemq] [e5e0e96c] INFO  - Extension "Allow All Extension" version 1.1.1 started successfully.
2025-01-29 17:04:49,726 INFO c.h.h.t.HelmChartContainer - [test-hivemq-platform] [hivemq] [e5e0e96c] WARN  - No user for HiveMQ Control Center configured. Starting with default user
2025-01-29 17:04:49,726 INFO c.h.h.t.HelmChartContainer - [test-hivemq-platform] [hivemq] [e5e0e96c] INFO  - Starting HiveMQ Control Center on address 0.0.0.0 and port 8080
2025-01-29 17:04:49,729 INFO c.h.h.t.HelmChartContainer - [test-hivemq-platform] [hivemq] [e5e0e96c] INFO  - Mounting HiveMQ Control Center V2 Preview
2025-01-29 17:04:50,318 INFO c.h.h.t.HelmChartContainer - [test-hivemq-platform] [hivemq] [e5e0e96c] INFO  - Started HiveMQ Control Center in 592ms
2025-01-29 17:04:50,413 INFO c.h.h.t.HelmChartContainer - [test-hivemq-platform] [hivemq] [e5e0e96c] INFO  - Starting TCP listener on address 0.0.0.0 and port 1883
2025-01-29 17:04:50,429 INFO c.h.h.t.HelmChartContainer - [test-hivemq-platform] [hivemq] [e5e0e96c] INFO  - Started TCP Listener on address 0.0.0.0 and on port 1883.
2025-01-29 17:04:50,429 INFO c.h.h.t.HelmChartContainer - [test-hivemq-platform] [hivemq] [e5e0e96c] INFO  - Started HiveMQ in 33321ms
2025-01-29 17:04:50,526 INFO c.h.h.t.HelmChartContainer - [test-hivemq-platform] [hivemq] [e5e0e96c] INFO  - [HiveMQ Platform Operator Init App 1.7.0-SNAPSHOT] Returning Health API response 200 for readiness
2025-01-29 17:04:50,537 INFO c.h.h.t.HelmChartContainer - [POD] test-hivemq-platform-0 [e5e0e96c-3cc1-4b78-86f2-7f8f396c47db] in helmbridgeextensionit was MODIFIED
2025-01-29 17:04:50,558 INFO c.h.h.t.HelmChartContainer - [hivemq-test-hivemq-platform] [hivemq-platform-operator] [741de118] 17:04:50.546 [pool-6-thread-14] DEBUG c.h.p.o.d.PlatformServiceResource - [helmbrid] Desired Platform services (3 services)
2025-01-29 17:04:50,558 INFO c.h.h.t.HelmChartContainer - [hivemq-test-hivemq-platform] [hivemq-platform-operator] [741de118] 17:04:50.549 [pool-6-thread-15] DEBUG c.h.p.o.dependants.PodInfoConfigMap - [helmbrid] Desired PodInfo ConfigMap (1 extensions) (1 enabled)
2025-01-29 17:04:50,558 INFO c.h.h.t.HelmChartContainer - [hivemq-test-hivemq-platform] [hivemq-platform-operator] [741de118] 17:04:50.550 [pool-6-thread-15] DEBUG c.h.p.o.dependants.PodInfoConfigMap - [helmbrid] Desired PodInfo ConfigMap (metrics port: 9399) (metrics path: /)
2025-01-29 17:04:50,558 INFO c.h.h.t.HelmChartContainer - [hivemq-test-hivemq-platform] [hivemq-platform-operator] [741de118] 17:04:50.550 [pool-6-thread-15] DEBUG c.h.p.o.dependants.PodInfoConfigMap - [helmbrid] Desired PodInfo ConfigMap (extension state hash: 250803627)
2025-01-29 17:04:50,558 INFO c.h.h.t.HelmChartContainer - [hivemq-test-hivemq-platform] [hivemq-platform-operator] [741de118] 17:04:50.552 [pool-6-thread-11] DEBUG c.h.p.o.d.PodServiceAccountResource - [helmbrid] Desired PodServiceAccountResource (serviceAccountName: hivemq-platform-pod-test-hivemq-platform)
2025-01-29 17:04:50,625 INFO c.h.h.t.HelmChartContainer - [hivemq-test-hivemq-platform] [hivemq-platform-operator] [741de118] 17:04:50.622 [pool-6-thread-18] DEBUG c.h.p.o.d.StatefulSetResource - [helmbrid] Desired StatefulSet (1 replicas) for status STARTING (READY)
2025-01-29 17:04:50,627 INFO c.h.h.t.HelmChartContainer - [hivemq-test-hivemq-platform] [hivemq-platform-operator] [741de118] 17:04:50.626 [ReconcilerExecutor-hivemq-controller-115] INFO  c.h.p.o.HiveMQPlatformReconciler - [helmbrid] Reconciling HiveMQ Platform 'test-hivemq-platform' in namespace 'helmbridgeextensionit'
2025-01-29 17:04:50,628 INFO c.h.h.t.HelmChartContainer - [hivemq-test-hivemq-platform] [hivemq-platform-operator] [741de118] 17:04:50.626 [ReconcilerExecutor-hivemq-controller-115] DEBUG c.h.p.o.HiveMQPlatformReconciler - [helmbrid] Custom Resource Status STARTING - HiveMQ Platform is starting (READY)
2025-01-29 17:04:50,628 INFO c.h.h.t.HelmChartContainer - [hivemq-test-hivemq-platform] [hivemq-platform-operator] [741de118] 17:04:50.626 [ReconcilerExecutor-hivemq-controller-115] DEBUG c.h.p.o.HiveMQPlatformReconciler - [helmbrid] Custom Resource Spec (replicas: 1) (extensions: 1)
2025-01-29 17:04:50,629 INFO c.h.h.t.HelmChartContainer - [hivemq-test-hivemq-platform] [hivemq-platform-operator] [741de118] 17:04:50.628 [ReconcilerExecutor-hivemq-controller-115] DEBUG c.h.p.o.HiveMQPlatformReconciler - [helmbrid] StatefulSet Status (revision: test-hivemq-platform-6d7b96669f, replicas: 1, available: 1, ready: 1, current: 1, updated: 1)
2025-01-29 17:04:50,629 INFO c.h.h.t.HelmChartContainer - [hivemq-test-hivemq-platform] [hivemq-platform-operator] [741de118] 17:04:50.628 [ReconcilerExecutor-hivemq-controller-115] DEBUG c.h.p.o.HiveMQPlatformReconciler - [helmbrid] StatefulSet Spec (replicas: 1, init containers: 1, containers: 1, volumes: 4)
2025-01-29 17:04:50,630 INFO c.h.h.t.HelmChartContainer - [hivemq-test-hivemq-platform] [hivemq-platform-operator] [741de118] 17:04:50.629 [ReconcilerExecutor-hivemq-controller-115] DEBUG c.h.p.o.h.HiveMQPlatformReconcilerErrorHandler - [helmbrid] Pod 'test-hivemq-platform-0' phase Running
2025-01-29 17:04:50,632 INFO c.h.h.t.HelmChartContainer - [hivemq-test-hivemq-platform] [hivemq-platform-operator] [741de118] 17:04:50.630 [ReconcilerExecutor-hivemq-controller-115] INFO  c.h.p.o.h.HiveMQPlatformReconcilerBaseHandler - [helmbrid] HiveMQ Platform started successfully
2025-01-29 17:04:50,648 INFO c.h.h.t.HelmChartContainer - [hivemq-test-hivemq-platform] [hivemq-platform-operator] [741de118] 17:04:50.647 [ReconcilerExecutor-hivemq-controller-115] DEBUG c.h.p.operator.event.EventSender - [helmbrid] Creating K8s event hivemq-platform-ready: [Ready] HiveMQ Platform is ready
2025-01-29 17:04:50,656 INFO c.h.h.t.HelmChartContainer - [EVENT] Normal [Ready] HiveMQ Platform is ready [helmbridgeextensionit:test-hivemq-platform]
2025-01-29 17:04:50,722 INFO c.h.h.t.HelmChartContainer - [hivemq-test-hivemq-platform] [hivemq-platform-operator] [741de118] 17:04:50.721 [ReconcilerExecutor-hivemq-controller-115] INFO  c.h.p.o.h.AbstractHiveMQReconcilerStateHandler - [helmbrid] Update HiveMQ Platform Status (STARTING [READY] -> RUNNING [READY]): HiveMQ Platform is ready
2025-01-29 17:04:50,731 DEBUG com.hivemq.helmcharts.util.K8sUtil - Comparing actual state 'RUNNING' and waiting for 'RUNNING'
2025-01-29 17:04:50,737 INFO c.h.h.t.HelmChartContainer - [hivemq-test-hivemq-platform] [hivemq-platform-operator] [741de118] 17:04:50.735 [pool-6-thread-28] DEBUG c.h.p.o.d.PlatformServiceResource - [helmbrid] Desired Platform services (3 services)
2025-01-29 17:04:50,740 INFO c.h.h.t.HelmChartContainer - [hivemq-test-hivemq-platform] [hivemq-platform-operator] [741de118] 17:04:50.738 [pool-6-thread-23] DEBUG c.h.p.o.dependants.PodInfoConfigMap - [helmbrid] Desired PodInfo ConfigMap (1 extensions) (1 enabled)
2025-01-29 17:04:50,740 INFO c.h.h.t.HelmChartContainer - [hivemq-test-hivemq-platform] [hivemq-platform-operator] [741de118] 17:04:50.738 [pool-6-thread-23] DEBUG c.h.p.o.dependants.PodInfoConfigMap - [helmbrid] Desired PodInfo ConfigMap (metrics port: 9399) (metrics path: /)
2025-01-29 17:04:50,741 INFO c.h.h.t.HelmChartContainer - [hivemq-test-hivemq-platform] [hivemq-platform-operator] [741de118] 17:04:50.738 [pool-6-thread-23] DEBUG c.h.p.o.dependants.PodInfoConfigMap - [helmbrid] Desired PodInfo ConfigMap (extension state hash: 250803627)
2025-01-29 17:04:50,741 INFO c.h.h.t.HelmChartContainer - [hivemq-test-hivemq-platform] [hivemq-platform-operator] [741de118] 17:04:50.739 [pool-6-thread-21] DEBUG c.h.p.o.d.PodServiceAccountResource - [helmbrid] Desired PodServiceAccountResource (serviceAccountName: hivemq-platform-pod-test-hivemq-platform)
2025-01-29 17:04:50,742 INFO c.h.h.t.HelmChartContainer - [hivemq-test-hivemq-platform] [hivemq-platform-operator] [741de118] 17:04:50.739 [pool-6-thread-23] DEBUG c.h.p.o.dependants.PodInfoConfigMap - [helmbrid] Update PodInfo ConfigMap
2025-01-29 17:04:50,833 INFO c.h.h.t.HelmChartContainer - [hivemq-test-hivemq-platform] [hivemq-platform-operator] [741de118] 17:04:50.831 [pool-6-thread-23] DEBUG c.h.p.o.d.StatefulSetResource - [helmbrid] Desired StatefulSet (1 replicas) for status RUNNING (READY)
2025-01-29 17:04:50,838 INFO c.h.h.t.HelmChartContainer - [hivemq-test-hivemq-platform] [hivemq-platform-operator] [741de118] 17:04:50.836 [ReconcilerExecutor-hivemq-controller-116] INFO  c.h.p.o.HiveMQPlatformReconciler - [helmbrid] Reconciling HiveMQ Platform 'test-hivemq-platform' in namespace 'helmbridgeextensionit'
2025-01-29 17:04:50,838 INFO c.h.h.t.HelmChartContainer - [hivemq-test-hivemq-platform] [hivemq-platform-operator] [741de118] 17:04:50.836 [ReconcilerExecutor-hivemq-controller-116] DEBUG c.h.p.o.HiveMQPlatformReconciler - [helmbrid] Custom Resource Status RUNNING - HiveMQ Platform is ready (READY)
2025-01-29 17:04:50,838 INFO c.h.h.t.HelmChartContainer - [hivemq-test-hivemq-platform] [hivemq-platform-operator] [741de118] 17:04:50.836 [ReconcilerExecutor-hivemq-controller-116] DEBUG c.h.p.o.HiveMQPlatformReconciler - [helmbrid] Custom Resource Spec (replicas: 1) (extensions: 1)
2025-01-29 17:04:50,839 INFO c.h.h.t.HelmChartContainer - [hivemq-test-hivemq-platform] [hivemq-platform-operator] [741de118] 17:04:50.838 [ReconcilerExecutor-hivemq-controller-116] DEBUG c.h.p.o.HiveMQPlatformReconciler - [helmbrid] StatefulSet Status (revision: test-hivemq-platform-6d7b96669f, replicas: 1, available: 1, ready: 1, current: 1, updated: 1)
2025-01-29 17:04:50,839 INFO c.h.h.t.HelmChartContainer - [hivemq-test-hivemq-platform] [hivemq-platform-operator] [741de118] 17:04:50.838 [ReconcilerExecutor-hivemq-controller-116] DEBUG c.h.p.o.HiveMQPlatformReconciler - [helmbrid] StatefulSet Spec (replicas: 1, init containers: 1, containers: 1, volumes: 4)
2025-01-29 17:04:50,841 INFO c.h.h.t.HelmChartContainer - [hivemq-test-hivemq-platform] [hivemq-platform-operator] [741de118] 17:04:50.839 [ReconcilerExecutor-hivemq-controller-116] DEBUG c.h.p.o.h.HiveMQPlatformReconcilerErrorHandler - [helmbrid] Pod 'test-hivemq-platform-0' phase Running
2025-01-29 17:04:51,043 INFO c.h.h.e.HelmBridgeExtensionIT - remote client subscribed
2025-01-29 17:04:51,044 INFO c.h.h.e.HelmBridgeExtensionIT - local client has published
2025-01-29 17:04:52,146 INFO c.h.h.t.HelmChartContainer - Uninstalling release 'test-hivemq-platform' in namespace 'helmbridgeextensionit'...
2025-01-29 17:04:52,146 DEBUG c.h.h.t.HelmChartContainer - Executing helm command: /bin/helm --kubeconfig /etc/rancher/k3s/k3s.yaml uninstall test-hivemq-platform  --wait --timeout 5m0s --cascade foreground --namespace helmbridgeextensionit
2025-01-29 17:04:52,336 INFO c.h.h.t.HelmChartContainer - [hivemq-test-hivemq-platform] [hivemq-platform-operator] [741de118] 17:04:52.332 [pool-6-thread-35] DEBUG c.h.p.o.d.PlatformServiceResource - [helmbrid] Desired Platform services (3 services)
2025-01-29 17:04:52,337 INFO c.h.h.t.HelmChartContainer - [hivemq-test-hivemq-platform] [hivemq-platform-operator] [741de118] 17:04:52.333 [pool-6-thread-37] DEBUG c.h.p.o.d.PodServiceAccountResource - [helmbrid] Desired PodServiceAccountResource (serviceAccountName: hivemq-platform-pod-test-hivemq-platform)
2025-01-29 17:04:52,341 INFO c.h.h.t.HelmChartContainer - [hivemq-test-hivemq-platform] [hivemq-platform-operator] [741de118] 17:04:52.338 [pool-6-thread-33] DEBUG c.h.p.o.dependants.PodInfoConfigMap - [helmbrid] Desired PodInfo ConfigMap (1 extensions) (1 enabled)
2025-01-29 17:04:52,341 INFO c.h.h.t.HelmChartContainer - [hivemq-test-hivemq-platform] [hivemq-platform-operator] [741de118] 17:04:52.338 [pool-6-thread-33] DEBUG c.h.p.o.dependants.PodInfoConfigMap - [helmbrid] Desired PodInfo ConfigMap (metrics port: 9399) (metrics path: /)
2025-01-29 17:04:52,341 INFO c.h.h.t.HelmChartContainer - [hivemq-test-hivemq-platform] [hivemq-platform-operator] [741de118] 17:04:52.338 [pool-6-thread-33] DEBUG c.h.p.o.dependants.PodInfoConfigMap - [helmbrid] Desired PodInfo ConfigMap (extension state hash: 250803627)
2025-01-29 17:04:52,359 INFO c.h.h.t.HelmChartContainer - [hivemq-test-hivemq-platform] [hivemq-platform-operator] [741de118] 17:04:52.353 [pool-6-thread-36] DEBUG c.h.p.o.d.StatefulSetResource - [helmbrid] Desired StatefulSet (1 replicas) for status RUNNING (READY)
2025-01-29 17:04:52,426 INFO c.h.h.t.HelmChartContainer - [hivemq-test-hivemq-platform] [hivemq-platform-operator] [741de118] 17:04:52.424 [ReconcilerExecutor-hivemq-controller-117] INFO  c.h.p.o.HiveMQPlatformReconciler - [helmbrid] Reconciling HiveMQ Platform 'test-hivemq-platform' in namespace 'helmbridgeextensionit'
2025-01-29 17:04:52,429 INFO c.h.h.t.HelmChartContainer - [hivemq-test-hivemq-platform] [hivemq-platform-operator] [741de118] 17:04:52.424 [ReconcilerExecutor-hivemq-controller-117] DEBUG c.h.p.o.HiveMQPlatformReconciler - [helmbrid] Custom Resource Status RUNNING - HiveMQ Platform is ready (READY)
2025-01-29 17:04:52,429 INFO c.h.h.t.HelmChartContainer - [hivemq-test-hivemq-platform] [hivemq-platform-operator] [741de118] 17:04:52.424 [ReconcilerExecutor-hivemq-controller-117] DEBUG c.h.p.o.HiveMQPlatformReconciler - [helmbrid] Custom Resource Spec (replicas: 1) (extensions: 1)
2025-01-29 17:04:52,429 INFO c.h.h.t.HelmChartContainer - [hivemq-test-hivemq-platform] [hivemq-platform-operator] [741de118] 17:04:52.425 [ReconcilerExecutor-hivemq-controller-117] WARN  c.h.p.o.h.HiveMQPlatformReconcilerErrorHandler - [helmbrid] Could not find ConfigMap 'hivemq-configuration-test-hivemq-platform' for HiveMQ Platform configuration
2025-01-29 17:04:52,584 INFO c.h.h.t.HelmChartContainer - [hivemq-test-hivemq-platform] [hivemq-platform-operator] [741de118] 17:04:52.583 [ReconcilerExecutor-hivemq-controller-117] DEBUG c.h.p.operator.event.EventSender - [helmbrid] Creating K8s event hivemq-platform-invalid-configuration: [Start] Could not find ConfigMap 'hivemq-configuration-test-hivemq-platform' for HiveMQ Platform configuration
2025-01-29 17:04:52,625 INFO c.h.h.t.HelmChartContainer - [EVENT] Warning [Start] Could not find ConfigMap 'hivemq-configuration-test-hivemq-platform' for HiveMQ Platform configuration [helmbridgeextensionit:test-hivemq-platform]
2025-01-29 17:04:52,627 INFO c.h.h.t.HelmChartContainer - [hivemq-test-hivemq-platform] [hivemq-platform-operator] [741de118] 17:04:52.625 [ReconcilerExecutor-hivemq-controller-117] INFO  c.h.p.o.h.AbstractHiveMQReconcilerStateHandler - [helmbrid] Update HiveMQ Platform Status (RUNNING [READY] -> ERROR [INVALID_CONFIG_MAP]): Could not find ConfigMap 'hivemq-configuration-test-hivemq-platform' for HiveMQ Platform configuration
2025-01-29 17:04:52,638 INFO c.h.h.t.HelmChartContainer - [hivemq-test-hivemq-platform] [hivemq-platform-operator] [741de118] 17:04:52.635 [ReconcilerExecutor-hivemq-controller-117] ERROR i.j.o.p.event.EventProcessor - Error during event processing ExecutionScope{ resource id: ResourceID{name='test-hivemq-platform', namespace='helmbridgeextensionit'}, version: 864}
2025-01-29 17:04:52,638 INFO c.h.h.t.HelmChartContainer - [hivemq-test-hivemq-platform] [hivemq-platform-operator] [741de118] io.fabric8.kubernetes.client.KubernetesClientException: Failure executing: PUT at: https://10.43.0.1:443/apis/hivemq.com/v1/namespaces/helmbridgeextensionit/hivemq-platforms/test-hivemq-platform/status. Message: Operation cannot be fulfilled on hivemq-platforms.hivemq.com "test-hivemq-platform": the object has been modified; please apply your changes to the latest version and try again. Received status: Status(apiVersion=v1, code=409, details=StatusDetails(causes=[], group=hivemq.com, kind=hivemq-platforms, name=test-hivemq-platform, retryAfterSeconds=null, uid=null, additionalProperties={}), kind=Status, message=Operation cannot be fulfilled on hivemq-platforms.hivemq.com "test-hivemq-platform": the object has been modified; please apply your changes to the latest version and try again, metadata=ListMeta(_continue=null, remainingItemCount=null, resourceVersion=null, selfLink=null, additionalProperties={}), reason=Conflict, status=Failure, additionalProperties={}).
2025-01-29 17:04:52,639 INFO c.h.h.t.HelmChartContainer - [hivemq-test-hivemq-platform] [hivemq-platform-operator] [741de118] 	at io.fabric8.kubernetes.client.KubernetesClientException.copyAsCause(KubernetesClientException.java:238)
2025-01-29 17:04:52,639 INFO c.h.h.t.HelmChartContainer - [hivemq-test-hivemq-platform] [hivemq-platform-operator] [741de118] 	at io.fabric8.kubernetes.client.dsl.internal.OperationSupport.waitForResult(OperationSupport.java:507)
2025-01-29 17:04:52,639 INFO c.h.h.t.HelmChartContainer - [hivemq-test-hivemq-platform] [hivemq-platform-operator] [741de118] 	at io.fabric8.kubernetes.client.dsl.internal.OperationSupport.handleResponse(OperationSupport.java:524)
2025-01-29 17:04:52,639 INFO c.h.h.t.HelmChartContainer - [hivemq-test-hivemq-platform] [hivemq-platform-operator] [741de118] 	at io.fabric8.kubernetes.client.dsl.internal.OperationSupport.handleUpdate(OperationSupport.java:358)
2025-01-29 17:04:52,639 INFO c.h.h.t.HelmChartContainer - [hivemq-test-hivemq-platform] [hivemq-platform-operator] [741de118] 	at io.fabric8.kubernetes.client.dsl.internal.BaseOperation.handleUpdate(BaseOperation.java:759)
2025-01-29 17:04:52,639 INFO c.h.h.t.HelmChartContainer - [hivemq-test-hivemq-platform] [hivemq-platform-operator] [741de118] 	at io.fabric8.kubernetes.client.dsl.internal.HasMetadataOperation.update(HasMetadataOperation.java:138)
2025-01-29 17:04:52,639 INFO c.h.h.t.HelmChartContainer - [hivemq-test-hivemq-platform] [hivemq-platform-operator] [741de118] 	at io.fabric8.kubernetes.client.dsl.internal.HasMetadataOperation.update(HasMetadataOperation.java:121)
2025-01-29 17:04:52,639 INFO c.h.h.t.HelmChartContainer - [hivemq-test-hivemq-platform] [hivemq-platform-operator] [741de118] 	at io.fabric8.kubernetes.client.dsl.internal.HasMetadataOperation.updateStatus(HasMetadataOperation.java:126)
2025-01-29 17:04:52,639 INFO c.h.h.t.HelmChartContainer - [hivemq-test-hivemq-platform] [hivemq-platform-operator] [741de118] 	at io.fabric8.kubernetes.client.dsl.internal.HasMetadataOperation.updateStatus(HasMetadataOperation.java:44)
2025-01-29 17:04:52,641 INFO c.h.h.t.HelmChartContainer - [hivemq-test-hivemq-platform] [hivemq-platform-operator] [741de118] 	at io.javaoperatorsdk.operator.processing.event.ReconciliationDispatcher$CustomResourceFacade.updateStatus(ReconciliationDispatcher.java:408)
2025-01-29 17:04:52,641 INFO c.h.h.t.HelmChartContainer - [hivemq-test-hivemq-platform] [hivemq-platform-operator] [741de118] 	at io.javaoperatorsdk.operator.processing.event.ReconciliationDispatcher.updateStatusGenerationAware(ReconciliationDispatcher.java:228)
2025-01-29 17:04:52,641 INFO c.h.h.t.HelmChartContainer - [hivemq-test-hivemq-platform] [hivemq-platform-operator] [741de118] 	at io.javaoperatorsdk.operator.processing.event.ReconciliationDispatcher.reconcileExecution(ReconciliationDispatcher.java:150)
2025-01-29 17:04:52,641 INFO c.h.h.t.HelmChartContainer - [hivemq-test-hivemq-platform] [hivemq-platform-operator] [741de118] 	at io.javaoperatorsdk.operator.processing.event.ReconciliationDispatcher.handleReconcile(ReconciliationDispatcher.java:117)
2025-01-29 17:04:52,641 INFO c.h.h.t.HelmChartContainer - [hivemq-test-hivemq-platform] [hivemq-platform-operator] [741de118] 	at io.javaoperatorsdk.operator.processing.event.ReconciliationDispatcher.handleDispatch(ReconciliationDispatcher.java:91)
2025-01-29 17:04:52,641 INFO c.h.h.t.HelmChartContainer - [hivemq-test-hivemq-platform] [hivemq-platform-operator] [741de118] 	at io.javaoperatorsdk.operator.processing.event.ReconciliationDispatcher.handleExecution(ReconciliationDispatcher.java:64)
2025-01-29 17:04:52,642 INFO c.h.h.t.HelmChartContainer - [hivemq-test-hivemq-platform] [hivemq-platform-operator] [741de118] 	at io.javaoperatorsdk.operator.processing.event.EventProcessor$ReconcilerExecutor.run(EventProcessor.java:452)
2025-01-29 17:04:52,642 INFO c.h.h.t.HelmChartContainer - [hivemq-test-hivemq-platform] [hivemq-platform-operator] [741de118] 	at java.base/java.util.concurrent.ThreadPoolExecutor.runWorker(Unknown Source)
2025-01-29 17:04:52,642 INFO c.h.h.t.HelmChartContainer - [hivemq-test-hivemq-platform] [hivemq-platform-operator] [741de118] 	at java.base/java.util.concurrent.ThreadPoolExecutor$Worker.run(Unknown Source)
2025-01-29 17:04:52,642 INFO c.h.h.t.HelmChartContainer - [hivemq-test-hivemq-platform] [hivemq-platform-operator] [741de118] 	at java.base/java.lang.Thread.run(Unknown Source)
2025-01-29 17:04:52,642 INFO c.h.h.t.HelmChartContainer - [hivemq-test-hivemq-platform] [hivemq-platform-operator] [741de118] Caused by: io.fabric8.kubernetes.client.KubernetesClientException: Failure executing: PUT at: https://10.43.0.1:443/apis/hivemq.com/v1/namespaces/helmbridgeextensionit/hivemq-platforms/test-hivemq-platform/status. Message: Operation cannot be fulfilled on hivemq-platforms.hivemq.com "test-hivemq-platform": the object has been modified; please apply your changes to the latest version and try again. Received status: Status(apiVersion=v1, code=409, details=StatusDetails(causes=[], group=hivemq.com, kind=hivemq-platforms, name=test-hivemq-platform, retryAfterSeconds=null, uid=null, additionalProperties={}), kind=Status, message=Operation cannot be fulfilled on hivemq-platforms.hivemq.com "test-hivemq-platform": the object has been modified; please apply your changes to the latest version and try again, metadata=ListMeta(_continue=null, remainingItemCount=null, resourceVersion=null, selfLink=null, additionalProperties={}), reason=Conflict, status=Failure, additionalProperties={}).
2025-01-29 17:04:52,642 INFO c.h.h.t.HelmChartContainer - [hivemq-test-hivemq-platform] [hivemq-platform-operator] [741de118] 	at io.fabric8.kubernetes.client.dsl.internal.OperationSupport.requestFailure(OperationSupport.java:660)
2025-01-29 17:04:52,642 INFO c.h.h.t.HelmChartContainer - [hivemq-test-hivemq-platform] [hivemq-platform-operator] [741de118] 	at io.fabric8.kubernetes.client.dsl.internal.OperationSupport.requestFailure(OperationSupport.java:640)
2025-01-29 17:04:52,642 INFO c.h.h.t.HelmChartContainer - [hivemq-test-hivemq-platform] [hivemq-platform-operator] [741de118] 	at io.fabric8.kubernetes.client.dsl.internal.OperationSupport.assertResponseCode(OperationSupport.java:589)
2025-01-29 17:04:52,642 INFO c.h.h.t.HelmChartContainer - [hivemq-test-hivemq-platform] [hivemq-platform-operator] [741de118] 	at io.fabric8.kubernetes.client.dsl.internal.OperationSupport.lambda$handleResponse$0(OperationSupport.java:549)
2025-01-29 17:04:52,642 INFO c.h.h.t.HelmChartContainer - [hivemq-test-hivemq-platform] [hivemq-platform-operator] [741de118] 	at java.base/java.util.concurrent.CompletableFuture$UniApply.tryFire(Unknown Source)
2025-01-29 17:04:52,642 INFO c.h.h.t.HelmChartContainer - [hivemq-test-hivemq-platform] [hivemq-platform-operator] [741de118] 	at java.base/java.util.concurrent.CompletableFuture.postComplete(Unknown Source)
2025-01-29 17:04:52,642 INFO c.h.h.t.HelmChartContainer - [hivemq-test-hivemq-platform] [hivemq-platform-operator] [741de118] 	at java.base/java.util.concurrent.CompletableFuture.complete(Unknown Source)
2025-01-29 17:04:52,642 INFO c.h.h.t.HelmChartContainer - [hivemq-test-hivemq-platform] [hivemq-platform-operator] [741de118] 	at io.fabric8.kubernetes.client.http.StandardHttpClient.lambda$completeOrCancel$10(StandardHttpClient.java:141)
2025-01-29 17:04:52,642 INFO c.h.h.t.HelmChartContainer - [hivemq-test-hivemq-platform] [hivemq-platform-operator] [741de118] 	at java.base/java.util.concurrent.CompletableFuture.uniWhenComplete(Unknown Source)
2025-01-29 17:04:52,642 INFO c.h.h.t.HelmChartContainer - [hivemq-test-hivemq-platform] [hivemq-platform-operator] [741de118] 	at java.base/java.util.concurrent.CompletableFuture$UniWhenComplete.tryFire(Unknown Source)
2025-01-29 17:04:52,642 INFO c.h.h.t.HelmChartContainer - [hivemq-test-hivemq-platform] [hivemq-platform-operator] [741de118] 	at java.base/java.util.concurrent.CompletableFuture.postComplete(Unknown Source)
2025-01-29 17:04:52,642 INFO c.h.h.t.HelmChartContainer - [hivemq-test-hivemq-platform] [hivemq-platform-operator] [741de118] 	at java.base/java.util.concurrent.CompletableFuture.complete(Unknown Source)
2025-01-29 17:04:52,642 INFO c.h.h.t.HelmChartContainer - [hivemq-test-hivemq-platform] [hivemq-platform-operator] [741de118] 	at io.fabric8.kubernetes.client.http.ByteArrayBodyHandler.onBodyDone(ByteArrayBodyHandler.java:51)
2025-01-29 17:04:52,642 INFO c.h.h.t.HelmChartContainer - [hivemq-test-hivemq-platform] [hivemq-platform-operator] [741de118] 	at java.base/java.util.concurrent.CompletableFuture.uniWhenComplete(Unknown Source)
2025-01-29 17:04:52,642 INFO c.h.h.t.HelmChartContainer - [hivemq-test-hivemq-platform] [hivemq-platform-operator] [741de118] 	at java.base/java.util.concurrent.CompletableFuture$UniWhenComplete.tryFire(Unknown Source)
2025-01-29 17:04:52,642 INFO c.h.h.t.HelmChartContainer - [hivemq-test-hivemq-platform] [hivemq-platform-operator] [741de118] 	at java.base/java.util.concurrent.CompletableFuture.postComplete(Unknown Source)
2025-01-29 17:04:52,642 INFO c.h.h.t.HelmChartContainer - [hivemq-test-hivemq-platform] [hivemq-platform-operator] [741de118] 	at java.base/java.util.concurrent.CompletableFuture.complete(Unknown Source)
2025-01-29 17:04:52,642 INFO c.h.h.t.HelmChartContainer - [hivemq-test-hivemq-platform] [hivemq-platform-operator] [741de118] 	at io.fabric8.kubernetes.client.vertx.VertxHttpRequest.lambda$null$1(VertxHttpRequest.java:121)
2025-01-29 17:04:52,642 INFO c.h.h.t.HelmChartContainer - [hivemq-test-hivemq-platform] [hivemq-platform-operator] [741de118] 	at io.vertx.core.impl.ContextInternal.dispatch(ContextInternal.java:279)
2025-01-29 17:04:52,642 INFO c.h.h.t.HelmChartContainer - [hivemq-test-hivemq-platform] [hivemq-platform-operator] [741de118] 	at io.vertx.core.impl.ContextInternal.dispatch(ContextInternal.java:261)
2025-01-29 17:04:52,642 INFO c.h.h.t.HelmChartContainer - [hivemq-test-hivemq-platform] [hivemq-platform-operator] [741de118] 	at io.vertx.core.http.impl.HttpEventHandler.handleEnd(HttpEventHandler.java:76)
2025-01-29 17:04:52,642 INFO c.h.h.t.HelmChartContainer - [hivemq-test-hivemq-platform] [hivemq-platform-operator] [741de118] 	at io.vertx.core.http.impl.HttpClientResponseImpl.handleEnd(HttpClientResponseImpl.java:250)
2025-01-29 17:04:52,642 INFO c.h.h.t.HelmChartContainer - [hivemq-test-hivemq-platform] [hivemq-platform-operator] [741de118] 	at io.vertx.core.http.impl.Http1xClientConnection$StreamImpl.lambda$new$0(Http1xClientConnection.java:421)
2025-01-29 17:04:52,642 INFO c.h.h.t.HelmChartContainer - [hivemq-test-hivemq-platform] [hivemq-platform-operator] [741de118] 	at io.vertx.core.streams.impl.InboundBuffer.handleEvent(InboundBuffer.java:279)
2025-01-29 17:04:52,642 INFO c.h.h.t.HelmChartContainer - [hivemq-test-hivemq-platform] [hivemq-platform-operator] [741de118] 	at io.vertx.core.streams.impl.InboundBuffer.write(InboundBuffer.java:157)
2025-01-29 17:04:52,642 INFO c.h.h.t.HelmChartContainer - [hivemq-test-hivemq-platform] [hivemq-platform-operator] [741de118] 	at io.vertx.core.http.impl.Http1xClientConnection$StreamImpl.handleEnd(Http1xClientConnection.java:709)
2025-01-29 17:04:52,642 INFO c.h.h.t.HelmChartContainer - [hivemq-test-hivemq-platform] [hivemq-platform-operator] [741de118] 	at io.vertx.core.impl.ContextImpl.execute(ContextImpl.java:313)
2025-01-29 17:04:52,642 INFO c.h.h.t.HelmChartContainer - [hivemq-test-hivemq-platform] [hivemq-platform-operator] [741de118] 	at io.vertx.core.impl.ContextImpl.execute(ContextImpl.java:293)
2025-01-29 17:04:52,642 INFO c.h.h.t.HelmChartContainer - [hivemq-test-hivemq-platform] [hivemq-platform-operator] [741de118] 	at io.vertx.core.http.impl.Http1xClientConnection.handleResponseEnd(Http1xClientConnection.java:940)
2025-01-29 17:04:52,642 INFO c.h.h.t.HelmChartContainer - [hivemq-test-hivemq-platform] [hivemq-platform-operator] [741de118] 	at io.vertx.core.http.impl.Http1xClientConnection.handleHttpMessage(Http1xClientConnection.java:810)
2025-01-29 17:04:52,642 INFO c.h.h.t.HelmChartContainer - [hivemq-test-hivemq-platform] [hivemq-platform-operator] [741de118] 	at io.vertx.core.http.impl.Http1xClientConnection.handleMessage(Http1xClientConnection.java:774)
2025-01-29 17:04:52,642 INFO c.h.h.t.HelmChartContainer - [hivemq-test-hivemq-platform] [hivemq-platform-operator] [741de118] 	at io.vertx.core.net.impl.ConnectionBase.read(ConnectionBase.java:159)
2025-01-29 17:04:52,642 INFO c.h.h.t.HelmChartContainer - [hivemq-test-hivemq-platform] [hivemq-platform-operator] [741de118] 	at io.vertx.core.net.impl.VertxHandler.channelRead(VertxHandler.java:153)
2025-01-29 17:04:52,642 INFO c.h.h.t.HelmChartContainer - [hivemq-test-hivemq-platform] [hivemq-platform-operator] [741de118] 	at io.netty.channel.AbstractChannelHandlerContext.invokeChannelRead(AbstractChannelHandlerContext.java:442)
2025-01-29 17:04:52,642 INFO c.h.h.t.HelmChartContainer - [hivemq-test-hivemq-platform] [hivemq-platform-operator] [741de118] 	at io.netty.channel.AbstractChannelHandlerContext.invokeChannelRead(AbstractChannelHandlerContext.java:420)
2025-01-29 17:04:52,642 INFO c.h.h.t.HelmChartContainer - [hivemq-test-hivemq-platform] [hivemq-platform-operator] [741de118] 	at io.netty.channel.AbstractChannelHandlerContext.fireChannelRead(AbstractChannelHandlerContext.java:412)
2025-01-29 17:04:52,642 INFO c.h.h.t.HelmChartContainer - [hivemq-test-hivemq-platform] [hivemq-platform-operator] [741de118] 	at io.netty.channel.CombinedChannelDuplexHandler$DelegatingChannelHandlerContext.fireChannelRead(CombinedChannelDuplexHandler.java:436)
2025-01-29 17:04:52,642 INFO c.h.h.t.HelmChartContainer - [hivemq-test-hivemq-platform] [hivemq-platform-operator] [741de118] 	at io.netty.handler.codec.ByteToMessageDecoder.fireChannelRead(ByteToMessageDecoder.java:346)
2025-01-29 17:04:52,642 INFO c.h.h.t.HelmChartContainer - [hivemq-test-hivemq-platform] [hivemq-platform-operator] [741de118] 	at io.netty.handler.codec.ByteToMessageDecoder.channelRead(ByteToMessageDecoder.java:318)
2025-01-29 17:04:52,642 INFO c.h.h.t.HelmChartContainer - [hivemq-test-hivemq-platform] [hivemq-platform-operator] [741de118] 	at io.netty.channel.CombinedChannelDuplexHandler.channelRead(CombinedChannelDuplexHandler.java:251)
2025-01-29 17:04:52,642 INFO c.h.h.t.HelmChartContainer - [hivemq-test-hivemq-platform] [hivemq-platform-operator] [741de118] 	at io.netty.channel.AbstractChannelHandlerContext.invokeChannelRead(AbstractChannelHandlerContext.java:442)
2025-01-29 17:04:52,642 INFO c.h.h.t.HelmChartContainer - [hivemq-test-hivemq-platform] [hivemq-platform-operator] [741de118] 	at io.netty.channel.AbstractChannelHandlerContext.invokeChannelRead(AbstractChannelHandlerContext.java:420)
2025-01-29 17:04:52,642 INFO c.h.h.t.HelmChartContainer - [hivemq-test-hivemq-platform] [hivemq-platform-operator] [741de118] 	at io.netty.channel.AbstractChannelHandlerContext.fireChannelRead(AbstractChannelHandlerContext.java:412)
2025-01-29 17:04:52,642 INFO c.h.h.t.HelmChartContainer - [hivemq-test-hivemq-platform] [hivemq-platform-operator] [741de118] 	at io.netty.handler.ssl.SslHandler.unwrap(SslHandler.java:1475)
2025-01-29 17:04:52,642 INFO c.h.h.t.HelmChartContainer - [hivemq-test-hivemq-platform] [hivemq-platform-operator] [741de118] 	at io.netty.handler.ssl.SslHandler.decodeJdkCompatible(SslHandler.java:1338)
2025-01-29 17:04:52,642 INFO c.h.h.t.HelmChartContainer - [hivemq-test-hivemq-platform] [hivemq-platform-operator] [741de118] 	at io.netty.handler.ssl.SslHandler.decode(SslHandler.java:1387)
2025-01-29 17:04:52,642 INFO c.h.h.t.HelmChartContainer - [hivemq-test-hivemq-platform] [hivemq-platform-operator] [741de118] 	at io.netty.handler.codec.ByteToMessageDecoder.decodeRemovalReentryProtection(ByteToMessageDecoder.java:530)
2025-01-29 17:04:52,642 INFO c.h.h.t.HelmChartContainer - [hivemq-test-hivemq-platform] [hivemq-platform-operator] [741de118] 	at io.netty.handler.codec.ByteToMessageDecoder.callDecode(ByteToMessageDecoder.java:469)
2025-01-29 17:04:52,642 INFO c.h.h.t.HelmChartContainer - [hivemq-test-hivemq-platform] [hivemq-platform-operator] [741de118] 	at io.netty.handler.codec.ByteToMessageDecoder.channelRead(ByteToMessageDecoder.java:290)
2025-01-29 17:04:52,642 INFO c.h.h.t.HelmChartContainer - [hivemq-test-hivemq-platform] [hivemq-platform-operator] [741de118] 	at io.netty.channel.AbstractChannelHandlerContext.invokeChannelRead(AbstractChannelHandlerContext.java:444)
2025-01-29 17:04:52,642 INFO c.h.h.t.HelmChartContainer - [hivemq-test-hivemq-platform] [hivemq-platform-operator] [741de118] 	at io.netty.channel.AbstractChannelHandlerContext.invokeChannelRead(AbstractChannelHandlerContext.java:420)
2025-01-29 17:04:52,642 INFO c.h.h.t.HelmChartContainer - [hivemq-test-hivemq-platform] [hivemq-platform-operator] [741de118] 	at io.netty.channel.AbstractChannelHandlerContext.fireChannelRead(AbstractChannelHandlerContext.java:412)
2025-01-29 17:04:52,642 INFO c.h.h.t.HelmChartContainer - [hivemq-test-hivemq-platform] [hivemq-platform-operator] [741de118] 	at io.netty.channel.DefaultChannelPipeline$HeadContext.channelRead(DefaultChannelPipeline.java:1407)
2025-01-29 17:04:52,642 INFO c.h.h.t.HelmChartContainer - [hivemq-test-hivemq-platform] [hivemq-platform-operator] [741de118] 	at io.netty.channel.AbstractChannelHandlerContext.invokeChannelRead(AbstractChannelHandlerContext.java:440)
2025-01-29 17:04:52,642 INFO c.h.h.t.HelmChartContainer - [hivemq-test-hivemq-platform] [hivemq-platform-operator] [741de118] 	at io.netty.channel.AbstractChannelHandlerContext.invokeChannelRead(AbstractChannelHandlerContext.java:420)
2025-01-29 17:04:52,642 INFO c.h.h.t.HelmChartContainer - [hivemq-test-hivemq-platform] [hivemq-platform-operator] [741de118] 	at io.netty.channel.DefaultChannelPipeline.fireChannelRead(DefaultChannelPipeline.java:918)
2025-01-29 17:04:52,642 INFO c.h.h.t.HelmChartContainer - [hivemq-test-hivemq-platform] [hivemq-platform-operator] [741de118] 	at io.netty.channel.nio.AbstractNioByteChannel$NioByteUnsafe.read(AbstractNioByteChannel.java:166)
2025-01-29 17:04:52,642 INFO c.h.h.t.HelmChartContainer - [hivemq-test-hivemq-platform] [hivemq-platform-operator] [741de118] 	at io.netty.channel.nio.NioEventLoop.processSelectedKey(NioEventLoop.java:788)
2025-01-29 17:04:52,642 INFO c.h.h.t.HelmChartContainer - [hivemq-test-hivemq-platform] [hivemq-platform-operator] [741de118] 	at io.netty.channel.nio.NioEventLoop.processSelectedKeysOptimized(NioEventLoop.java:724)
2025-01-29 17:04:52,642 INFO c.h.h.t.HelmChartContainer - [hivemq-test-hivemq-platform] [hivemq-platform-operator] [741de118] 	at io.netty.channel.nio.NioEventLoop.processSelectedKeys(NioEventLoop.java:650)
2025-01-29 17:04:52,642 INFO c.h.h.t.HelmChartContainer - [hivemq-test-hivemq-platform] [hivemq-platform-operator] [741de118] 	at io.netty.channel.nio.NioEventLoop.run(NioEventLoop.java:562)
2025-01-29 17:04:52,642 INFO c.h.h.t.HelmChartContainer - [hivemq-test-hivemq-platform] [hivemq-platform-operator] [741de118] 	at io.netty.util.concurrent.SingleThreadEventExecutor$4.run(SingleThreadEventExecutor.java:997)
2025-01-29 17:04:52,642 INFO c.h.h.t.HelmChartContainer - [hivemq-test-hivemq-platform] [hivemq-platform-operator] [741de118] 	at io.netty.util.internal.ThreadExecutorMap$2.run(ThreadExecutorMap.java:74)
2025-01-29 17:04:52,642 INFO c.h.h.t.HelmChartContainer - [hivemq-test-hivemq-platform] [hivemq-platform-operator] [741de118] 	at io.netty.util.concurrent.FastThreadLocalRunnable.run(FastThreadLocalRunnable.java:30)
2025-01-29 17:04:52,642 INFO c.h.h.t.HelmChartContainer - [hivemq-test-hivemq-platform] [hivemq-platform-operator] [741de118] 	... 1 common frames omitted
2025-01-29 17:04:52,686 INFO c.h.h.t.HelmChartContainer - [hivemq-test-hivemq-platform] [hivemq-platform-operator] [741de118] 17:04:52.683 [ReconcilerExecutor-hivemq-controller-121] INFO  c.h.p.o.HiveMQPlatformReconciler - [helmbrid] Cleanup test-hivemq-platform - helmbridgeextensionit HiveMQ Platform is shut down
2025-01-29 17:04:53,070 INFO c.h.h.t.HelmChartContainer - [POD] test-hivemq-platform-0 [e5e0e96c-3cc1-4b78-86f2-7f8f396c47db] in helmbridgeextensionit was MODIFIED
2025-01-29 17:04:53,078 INFO c.h.h.t.HelmChartContainer - [EVENT] Normal [Killing] Stopping container hivemq [helmbridgeextensionit:test-hivemq-platform-0]
2025-01-29 17:04:53,079 INFO c.h.h.t.HelmChartContainer - Received Killing event for container hivemq in pod test-hivemq-platform-0 [e5e0e96c-3cc1-4b78-86f2-7f8f396c47db]
2025-01-29 17:04:53,079 INFO c.h.h.t.HelmChartContainer - Container [test-hivemq-platform-0] [hivemq] [e5e0e96c-3cc1-4b78-86f2-7f8f396c47db] was terminated
2025-01-29 17:04:53,079 INFO c.h.h.t.HelmChartContainer - Stopped log watcher for hivemq in pod test-hivemq-platform-0 [e5e0e96c-3cc1-4b78-86f2-7f8f396c47db]
2025-01-29 17:04:53,089 INFO c.h.h.t.HelmChartContainer - [test-hivemq-platform] [hivemq] [e5e0e96c] INFO  - [HiveMQ Platform Operator Init App 1.7.0-SNAPSHOT] Shutting down
2025-01-29 17:04:53,089 INFO c.h.h.t.HelmChartContainer - [test-hivemq-platform] [hivemq] [e5e0e96c] INFO  - [HiveMQ Platform Operator Init App 1.7.0-SNAPSHOT] Stopping the HiveMQ Platform
2025-01-29 17:04:53,202 INFO c.h.h.t.HelmChartContainer - [test-hivemq-platform] [hivemq] [e5e0e96c] INFO  - Shutting down HiveMQ. Please wait, this could take a while...
2025-01-29 17:04:53,205 INFO c.h.h.t.HelmChartContainer - [test-hivemq-platform] [hivemq] [e5e0e96c] INFO  - Shutting down listeners and clients
2025-01-29 17:04:53,208 INFO c.h.h.t.HelmChartContainer - [test-hivemq-platform] [hivemq] [e5e0e96c] INFO  - Shutdown of listeners is done
2025-01-29 17:04:53,208 INFO c.h.h.t.HelmChartContainer - [test-hivemq-platform] [hivemq] [e5e0e96c] INFO  - No clients are connected, proceeding with shutdown
2025-01-29 17:04:54,393 INFO c.h.h.t.HelmChartContainer - Deleting namespace 'helmbridgeextensionit'...
2025-01-29 17:04:55,521 INFO c.h.h.t.HelmChartContainer - [test-hivemq-platform] [hivemq] [e5e0e96c] INFO  - [HiveMQ Platform Operator Init App 1.7.0-SNAPSHOT] Returning shutdown Health API response 503 for readiness
2025-01-29 17:04:55,525 INFO c.h.h.t.HelmChartContainer - [EVENT] Warning [Unhealthy] Readiness probe failed: HTTP probe failed with statuscode: 503 [helmbridgeextensionit:test-hivemq-platform-0]
2025-01-29 17:04:55,525 INFO c.h.h.t.HelmChartContainer - Received Unhealthy event for container hivemq in pod test-hivemq-platform-0 [e5e0e96c-3cc1-4b78-86f2-7f8f396c47db]
2025-01-29 17:04:55,927 INFO c.h.h.t.HelmChartContainer - [K3S] [authentication.go:74] "Unable to authenticate the request" err="[invalid bearer token, serviceaccounts \"hivemq-platform-pod-test-hivemq-platform\" not found]"
2025-01-29 17:04:55,951 INFO c.h.h.t.HelmChartContainer - [K3S] [authentication.go:74] "Unable to authenticate the request" err="[invalid bearer token, serviceaccounts \"hivemq-platform-pod-test-hivemq-platform\" not found]"
2025-01-29 17:04:56,018 INFO c.h.h.t.HelmChartContainer - [test-hivemq-platform] [hivemq] [e5e0e96c] WARN  - [HiveMQ Platform Operator Init App 1.7.0-SNAPSHOT] Could not update Pod annotations: Failure executing: GET at: https://10.43.0.1:443/api/v1/namespaces/helmbridgeextensionit/pods/test-hivemq-platform-0. Message: Unauthorized. Received status: Status(apiVersion=v1, code=401, details=null, kind=Status, message=Unauthorized, metadata=ListMeta(_continue=null, remainingItemCount=null, resourceVersion=null, selfLink=null, additionalProperties={}), reason=Unauthorized, status=Failure, additionalProperties={}).
2025-01-29 17:04:56,427 INFO c.h.h.t.HelmChartContainer - [test-hivemq-platform] [hivemq] [e5e0e96c] INFO  - Shutting down extension system
2025-01-29 17:04:56,439 INFO c.h.h.t.HelmChartContainer - [test-hivemq-platform] [hivemq] [e5e0e96c] INFO  - Stopping extension with id hivemq-dns-cluster-discovery
2025-01-29 17:04:56,440 INFO c.h.h.t.HelmChartContainer - [test-hivemq-platform] [hivemq] [e5e0e96c] INFO  - Extension "DNS Cluster Discovery Extension" version 4.3.2 stopped successfully.
2025-01-29 17:04:56,440 INFO c.h.h.t.HelmChartContainer - [test-hivemq-platform] [hivemq] [e5e0e96c] INFO  - Stopping extension with id hivemq-bridge-extension
2025-01-29 17:04:56,440 INFO c.h.h.t.HelmChartContainer - [test-hivemq-platform] [hivemq] [e5e0e96c] INFO  - Bridge Extension: Stopping extension
2025-01-29 17:04:56,516 INFO c.h.h.t.HelmChartContainer - [test-hivemq-platform] [hivemq] [e5e0e96c] INFO  - Extension "HiveMQ Enterprise Bridge Extension" version 4.36.0 stopped successfully.
2025-01-29 17:04:56,516 INFO c.h.h.t.HelmChartContainer - [test-hivemq-platform] [hivemq] [e5e0e96c] INFO  - Stopping extension with id hivemq-prometheus-extension
2025-01-29 17:04:56,521 INFO c.h.h.t.HelmChartContainer - [test-hivemq-platform] [hivemq] [e5e0e96c] INFO  - Extension "Prometheus Monitoring Extension" version 4.0.12 stopped successfully.
2025-01-29 17:04:56,521 INFO c.h.h.t.HelmChartContainer - [test-hivemq-platform] [hivemq] [e5e0e96c] INFO  - Stopping extension with id hivemq-allow-all-extension
2025-01-29 17:04:56,521 INFO c.h.h.t.HelmChartContainer - [test-hivemq-platform] [hivemq] [e5e0e96c] INFO  - Extension "Allow All Extension" version 1.1.1 stopped successfully.
2025-01-29 17:04:58,821 INFO c.h.h.t.HelmChartContainer - [test-hivemq-platform] [hivemq] [e5e0e96c] INFO  - Shutdown completed.
2025-01-29 17:04:59,183 INFO c.h.h.t.HelmChartContainer - [test-hivemq-platform] [hivemq] [e5e0e96c] INFO  - [HiveMQ Platform Operator Init App 1.7.0-SNAPSHOT] The HiveMQ Platform exited with code 143
2025-01-29 17:04:59,183 INFO c.h.h.t.HelmChartContainer - [test-hivemq-platform] [hivemq] [e5e0e96c] INFO  - [HiveMQ Platform Operator Init App 1.7.0-SNAPSHOT] Stopping the REST API
2025-01-29 17:04:59,209 INFO c.h.h.t.HelmChartContainer - [test-hivemq-platform] [hivemq] [e5e0e96c] INFO  - [HiveMQ Platform Operator Init App 1.7.0-SNAPSHOT] Shutdown complete
2025-01-29 17:04:59,505 INFO c.h.h.t.HelmChartContainer - [K3S] [stateful_set.go:466] "StatefulSet has been deleted" key="helmbridgeextensionit/test-hivemq-platform"
2025-01-29 17:04:59,678 INFO c.h.h.t.HelmChartContainer - [POD] test-hivemq-platform-0 [e5e0e96c-3cc1-4b78-86f2-7f8f396c47db] in helmbridgeextensionit was MODIFIED
2025-01-29 17:04:59,829 INFO c.h.h.t.HelmChartContainer - [K3S] [reconciler_common.go:162] "operationExecutor.UnmountVolume started for volume \"kube-api-access-ww4hx\" (UniqueName: \"kubernetes.io/projected/e5e0e96c-3cc1-4b78-86f2-7f8f396c47db-kube-api-access-ww4hx\") pod \"e5e0e96c-3cc1-4b78-86f2-7f8f396c47db\" (UID: \"e5e0e96c-3cc1-4b78-86f2-7f8f396c47db\") "
2025-01-29 17:04:59,829 INFO c.h.h.t.HelmChartContainer - [K3S] [reconciler_common.go:162] "operationExecutor.UnmountVolume started for volume \"pod-info\" (UniqueName: \"kubernetes.io/configmap/e5e0e96c-3cc1-4b78-86f2-7f8f396c47db-pod-info\") pod \"e5e0e96c-3cc1-4b78-86f2-7f8f396c47db\" (UID: \"e5e0e96c-3cc1-4b78-86f2-7f8f396c47db\") "
2025-01-29 17:04:59,829 INFO c.h.h.t.HelmChartContainer - [K3S] [reconciler_common.go:162] "operationExecutor.UnmountVolume started for volume \"operator-init\" (UniqueName: \"kubernetes.io/empty-dir/e5e0e96c-3cc1-4b78-86f2-7f8f396c47db-operator-init\") pod \"e5e0e96c-3cc1-4b78-86f2-7f8f396c47db\" (UID: \"e5e0e96c-3cc1-4b78-86f2-7f8f396c47db\") "
2025-01-29 17:04:59,829 INFO c.h.h.t.HelmChartContainer - [K3S] [reconciler_common.go:162] "operationExecutor.UnmountVolume started for volume \"extension-configuration-hivemq-bridge-extension\" (UniqueName: \"kubernetes.io/secret/e5e0e96c-3cc1-4b78-86f2-7f8f396c47db-extension-configuration-hivemq-bridge-extension\") pod \"e5e0e96c-3cc1-4b78-86f2-7f8f396c47db\" (UID: \"e5e0e96c-3cc1-4b78-86f2-7f8f396c47db\") "
2025-01-29 17:04:59,829 INFO c.h.h.t.HelmChartContainer - [K3S] [reconciler_common.go:162] "operationExecutor.UnmountVolume started for volume \"broker-configuration\" (UniqueName: \"kubernetes.io/configmap/e5e0e96c-3cc1-4b78-86f2-7f8f396c47db-broker-configuration\") pod \"e5e0e96c-3cc1-4b78-86f2-7f8f396c47db\" (UID: \"e5e0e96c-3cc1-4b78-86f2-7f8f396c47db\") "
2025-01-29 17:04:59,930 INFO c.h.h.t.HelmChartContainer - [K3S] [reconciler_common.go:299] "Volume detached for volume \"operator-init\" (UniqueName: \"kubernetes.io/empty-dir/e5e0e96c-3cc1-4b78-86f2-7f8f396c47db-operator-init\") on node \"38f70066c240\" DevicePath \"\""
2025-01-29 17:04:59,930 INFO c.h.h.t.HelmChartContainer - [K3S] [reconciler_common.go:299] "Volume detached for volume \"kube-api-access-ww4hx\" (UniqueName: \"kubernetes.io/projected/e5e0e96c-3cc1-4b78-86f2-7f8f396c47db-kube-api-access-ww4hx\") on node \"38f70066c240\" DevicePath \"\""
2025-01-29 17:04:59,930 INFO c.h.h.t.HelmChartContainer - [K3S] [reconciler_common.go:299] "Volume detached for volume \"pod-info\" (UniqueName: \"kubernetes.io/configmap/e5e0e96c-3cc1-4b78-86f2-7f8f396c47db-pod-info\") on node \"38f70066c240\" DevicePath \"\""
2025-01-29 17:04:59,930 INFO c.h.h.t.HelmChartContainer - [K3S] [reconciler_common.go:299] "Volume detached for volume \"extension-configuration-hivemq-bridge-extension\" (UniqueName: \"kubernetes.io/secret/e5e0e96c-3cc1-4b78-86f2-7f8f396c47db-extension-configuration-hivemq-bridge-extension\") on node \"38f70066c240\" DevicePath \"\""
2025-01-29 17:04:59,930 INFO c.h.h.t.HelmChartContainer - [K3S] [reconciler_common.go:299] "Volume detached for volume \"broker-configuration\" (UniqueName: \"kubernetes.io/configmap/e5e0e96c-3cc1-4b78-86f2-7f8f396c47db-broker-configuration\") on node \"38f70066c240\" DevicePath \"\""
2025-01-29 17:05:00,490 INFO c.h.h.t.HelmChartContainer - [K3S] [scope.go:117] "RemoveContainer" containerID="8b173a89f9bc13effef636d4af711699ae58c66736c3c03e929eaa8dd98ff4c9"
2025-01-29 17:05:00,520 INFO c.h.h.t.HelmChartContainer - [POD] test-hivemq-platform-0 [e5e0e96c-3cc1-4b78-86f2-7f8f396c47db] in helmbridgeextensionit was MODIFIED
2025-01-29 17:05:00,521 INFO c.h.h.t.HelmChartContainer - [POD] test-hivemq-platform-0 [e5e0e96c-3cc1-4b78-86f2-7f8f396c47db] in helmbridgeextensionit was DELETED
2025-01-29 17:05:00,598 INFO c.h.h.t.HelmChartContainer - [K3S] [scope.go:117] "RemoveContainer" containerID="db11ce8fb9370e401c41295fcab304552ef8635eebc9f22a96223b5792458be3"
2025-01-29 17:05:00,601 INFO c.h.h.t.HelmChartContainer - [K3S] [scope.go:117] "RemoveContainer" containerID="8b173a89f9bc13effef636d4af711699ae58c66736c3c03e929eaa8dd98ff4c9"
2025-01-29 17:05:00,602 INFO c.h.h.t.HelmChartContainer - [K3S] [scope.go:117] "RemoveContainer" containerID="db11ce8fb9370e401c41295fcab304552ef8635eebc9f22a96223b5792458be3"
2025-01-29 17:05:01,130 INFO c.h.h.t.HelmChartContainer - [K3S] [kubelet_volumes.go:163] "Cleaned up orphaned pod volumes dir" podUID="e5e0e96c-3cc1-4b78-86f2-7f8f396c47db" path="/var/lib/kubelet/pods/e5e0e96c-3cc1-4b78-86f2-7f8f396c47db/volumes"
2025-01-29 17:05:04,725 INFO c.h.h.t.HelmChartContainer - Namespace 'helmbridgeextensionit' deleted
2025-01-29 17:05:04,725 INFO c.h.h.t.HelmChartContainer - Release 'test-hivemq-platform' in namespace 'helmbridgeextensionit' is uninstalled
2025-01-29 17:05:04,725 INFO c.h.h.t.HelmChartContainer - Uninstalling release 'test-hivemq-platform-operator' in namespace 'helmbridgeextensionit-operator'...
2025-01-29 17:05:04,725 DEBUG c.h.h.t.HelmChartContainer - Executing helm command: /bin/helm --kubeconfig /etc/rancher/k3s/k3s.yaml uninstall test-hivemq-platform-operator  --wait --timeout 5m0s --cascade foreground --namespace helmbridgeextensionit-operator
2025-01-29 17:05:04,887 INFO c.h.h.t.HelmChartContainer - [K3S] [replica_set.go:679] "Finished syncing" kind="ReplicaSet" key="helmbridgeextensionit-operator/hivemq-test-hivemq-platform-operator-6966f96d65" duration="9.569832ms"
2025-01-29 17:05:04,888 INFO c.h.h.t.HelmChartContainer - [K3S] [replica_set.go:679] "Finished syncing" kind="ReplicaSet" key="helmbridgeextensionit-operator/hivemq-test-hivemq-platform-operator-6966f96d65" duration="29.024µs"
2025-01-29 17:05:04,897 INFO c.h.h.t.HelmChartContainer - [POD] hivemq-test-hivemq-platform-operator-6966f96d65-p6c7x [741de118-d285-4f17-8a6e-25404d5b36eb] in helmbridgeextensionit-operator was MODIFIED
2025-01-29 17:05:04,910 INFO c.h.h.t.HelmChartContainer - [EVENT] Normal [Killing] Stopping container hivemq-platform-operator [helmbridgeextensionit-operator:hivemq-test-hivemq-platform-operator-6966f96d65-p6c7x]
2025-01-29 17:05:04,911 INFO c.h.h.t.HelmChartContainer - [K3S] [replica_set.go:679] "Finished syncing" kind="ReplicaSet" key="helmbridgeextensionit-operator/hivemq-test-hivemq-platform-operator-6966f96d65" duration="16.456742ms"
2025-01-29 17:05:04,911 INFO c.h.h.t.HelmChartContainer - Received Killing event for container hivemq-platform-operator in pod hivemq-test-hivemq-platform-operator-6966f96d65-p6c7x [741de118-d285-4f17-8a6e-25404d5b36eb]
2025-01-29 17:05:04,911 INFO c.h.h.t.HelmChartContainer - Container [hivemq-test-hivemq-platform-operator-6966f96d65-p6c7x] [hivemq-platform-operator] [741de118-d285-4f17-8a6e-25404d5b36eb] was terminated
2025-01-29 17:05:04,911 INFO c.h.h.t.HelmChartContainer - Stopped log watcher for hivemq-platform-operator in pod hivemq-test-hivemq-platform-operator-6966f96d65-p6c7x [741de118-d285-4f17-8a6e-25404d5b36eb]
2025-01-29 17:05:04,913 INFO c.h.h.t.HelmChartContainer - [K3S] [replica_set.go:679] "Finished syncing" kind="ReplicaSet" key="helmbridgeextensionit-operator/hivemq-test-hivemq-platform-operator-6966f96d65" duration="33.813µs"
2025-01-29 17:05:04,942 INFO c.h.h.t.HelmChartContainer - [hivemq-test-hivemq-platform] [hivemq-platform-operator] [741de118] 17:05:04.940 [application-shutdown-thread] INFO  c.h.p.o.HiveMQPlatformOperatorApplication - HiveMQ Platform Operator is stopping...
2025-01-29 17:05:04,942 INFO c.h.h.t.HelmChartContainer - [hivemq-test-hivemq-platform] [hivemq-platform-operator] [741de118] 17:05:04.940 [application-shutdown-thread] INFO  i.javaoperatorsdk.operator.Operator - Operator SDK 4.9.7 is shutting down...
2025-01-29 17:05:05,561 INFO c.h.h.t.HelmChartContainer - [K3S] [replica_set.go:679] "Finished syncing" kind="ReplicaSet" key="helmbridgeextensionit-operator/hivemq-test-hivemq-platform-operator-6966f96d65" duration="37.69µs"
2025-01-29 17:05:05,562 INFO c.h.h.t.HelmChartContainer - [POD] hivemq-test-hivemq-platform-operator-6966f96d65-p6c7x [741de118-d285-4f17-8a6e-25404d5b36eb] in helmbridgeextensionit-operator was MODIFIED
2025-01-29 17:05:05,657 INFO c.h.h.t.HelmChartContainer - [K3S] [reconciler_common.go:162] "operationExecutor.UnmountVolume started for volume \"kube-api-access-bcczl\" (UniqueName: \"kubernetes.io/projected/741de118-d285-4f17-8a6e-25404d5b36eb-kube-api-access-bcczl\") pod \"741de118-d285-4f17-8a6e-25404d5b36eb\" (UID: \"741de118-d285-4f17-8a6e-25404d5b36eb\") "
2025-01-29 17:05:05,758 INFO c.h.h.t.HelmChartContainer - [K3S] [reconciler_common.go:299] "Volume detached for volume \"kube-api-access-bcczl\" (UniqueName: \"kubernetes.io/projected/741de118-d285-4f17-8a6e-25404d5b36eb-kube-api-access-bcczl\") on node \"38f70066c240\" DevicePath \"\""
2025-01-29 17:05:06,501 INFO c.h.h.t.HelmChartContainer - [K3S] [scope.go:117] "RemoveContainer" containerID="aa5f2a13a9c6aa5a876926837c7e34dc5a847887fc0947d821476ee38c616c8e"
2025-01-29 17:05:06,512 INFO c.h.h.t.HelmChartContainer - [K3S] [replica_set.go:679] "Finished syncing" kind="ReplicaSet" key="helmbridgeextensionit-operator/hivemq-test-hivemq-platform-operator-6966f96d65" duration="42.94µs"
2025-01-29 17:05:06,512 INFO c.h.h.t.HelmChartContainer - [POD] hivemq-test-hivemq-platform-operator-6966f96d65-p6c7x [741de118-d285-4f17-8a6e-25404d5b36eb] in helmbridgeextensionit-operator was MODIFIED
2025-01-29 17:05:06,516 INFO c.h.h.t.HelmChartContainer - [K3S] [replica_set.go:679] "Finished syncing" kind="ReplicaSet" key="helmbridgeextensionit-operator/hivemq-test-hivemq-platform-operator-6966f96d65" duration="24.605µs"
2025-01-29 17:05:06,517 INFO c.h.h.t.HelmChartContainer - [POD] hivemq-test-hivemq-platform-operator-6966f96d65-p6c7x [741de118-d285-4f17-8a6e-25404d5b36eb] in helmbridgeextensionit-operator was DELETED
2025-01-29 17:05:06,527 INFO c.h.h.t.HelmChartContainer - [K3S] [replica_set.go:679] "Finished syncing" kind="ReplicaSet" key="helmbridgeextensionit-operator/hivemq-test-hivemq-platform-operator-6966f96d65" duration="5.601µs"
2025-01-29 17:05:06,928 INFO c.h.h.t.HelmChartContainer - Deleting namespace 'helmbridgeextensionit-operator'...
2025-01-29 17:05:07,129 INFO c.h.h.t.HelmChartContainer - [K3S] [kubelet_volumes.go:163] "Cleaned up orphaned pod volumes dir" podUID="741de118-d285-4f17-8a6e-25404d5b36eb" path="/var/lib/kubelet/pods/741de118-d285-4f17-8a6e-25404d5b36eb/volumes"
2025-01-29 17:05:09,640 INFO c.h.h.t.HelmChartContainer - [K3S] [namespace_controller.go:187] "Namespace has been deleted" namespace="helmbridgeextensionit"
2025-01-29 17:05:12,145 INFO c.h.h.t.HelmChartContainer - Namespace 'helmbridgeextensionit-operator' deleted
2025-01-29 17:05:12,145 INFO c.h.h.t.HelmChartContainer - Release 'test-hivemq-platform-operator' in namespace 'helmbridgeextensionit-operator' is uninstalled
2025-01-29 17:05:12,861 INFO c.h.helmcharts.AbstractHelmChartIT - Removed unused containers:

2025-01-29 17:05:17,045 INFO c.h.h.t.HelmChartContainer - [K3S] [namespace_controller.go:187] "Namespace has been deleted" namespace="helmbridgeextensionit-operator"
2025-01-29 17:05:20,396 INFO c.h.helmcharts.AbstractHelmChartIT - Removed unused snapshots:
Removing snapshot sha256:0241d8f67046e75c342b303df54d9f4d675107322ef21f96890e8523cf2edf33
Removing snapshot sha256:03af251906410714c5aef9fa705b63f6bbc39c4a5e787de7361eeb18886c2ed2
Removing snapshot sha256:05e92d4edb7dae17100de87c70ce860a0be1c86cf824bdeb0ecaca118b84ef20
Removing snapshot sha256:0c46b3b43cce082ce5ec34ffc6c294e0417d17b9d1e6f366d114b6aadc4f96dc
Removing snapshot sha256:0ce761beee59082d6ed5bcebd3a805b8ddd9b3426b617e4809e7fb7c6587ffec
Removing snapshot sha256:0df91287303208332c8ff6ba40ae4710105201739addbfbddfb955f1ad593664
Removing snapshot sha256:1021ef88c7974bfff89c5a0ec4fd3160daac6c48a075f74cff721f85dd104e68
Removing snapshot sha256:10aba4953ddc18145dd38e3704709bc464aa20af60b56fe52caaff4b68411e62
Removing snapshot sha256:362a8a37f8bbc31925a8146adcf7cf51f9882f5c1dcbef67c5baa03a297543c0
Removing snapshot sha256:43a7c979bbaba6838bc3102d6b10a1459f3ab050b87ccdfef84ef90cf43d3058
Removing snapshot sha256:4ab04491cdf0d3267f08206fe30bd48f49f94b9cab2f016d6739220f722a64af
Removing snapshot sha256:4b6068250e89c96f263060261819c7d912855bfbd64b3eb4c4a8483299b8c295
Removing snapshot sha256:580e69a0a8034ede1921139bbd2bfb72a69ebf276d008281896c32dd8bf74775
Removing snapshot sha256:5d30ba46b27fe37484567ccc5242cadc78217b8da605f3f195ef25cbf7487904
Removing snapshot sha256:63ca1fbb43ae5034640e5e6cb3e083e05c290072c5366fcaa9d62435a4cced85
Removing snapshot sha256:67f702c6baae873bceb19487c8b1f27bd2b86077e4f2f0e480e6d60ab508b8f5
Removing snapshot sha256:6864348dd42806d552efdec384f1274be15e2d0c10ce44c1f04347af004c10a9
Removing snapshot sha256:6c7dee8f2c39b84b7dc2711c01d33de93514d9055499173e9290176fbe484b6c
Removing snapshot sha256:82753493a6d61ded36556292f02f31841a14c20d2f279f19eaad65afb661d5cd
Removing snapshot sha256:8a10d3db42c505ee0fcfa98417bdd7e39b304f6bcc0a06bb1b220797ff2cc63c
Removing snapshot sha256:a21e5b12dbac529ad45d976eb9ce45c881f3bedcc500fb30aba1e52aa1813418
Removing snapshot sha256:b921e6c28969094157f9b8e7244677780319637afd14450b7cb6b2fdea558a0c
Removing snapshot sha256:bc27ecb5769a00e309cf99ebc763c4a4b958b618d1decc96ffac5bc05f02f5b7
Removing snapshot sha256:be3ccb6627a5332e309d45ef461d09b4879dd870c7394d89323d0ebc6ca6aa8a
Removing snapshot sha256:c261f7cbbc64211ee175ee47273acdb7b1a36a4450b397a064a8f2c026490095
Removing snapshot sha256:c34d9393647eea0c9e3557ab988efaf59f61d10a2a5613b439ef0958cca5ec10
Removing snapshot sha256:ccf3c4a0fa967a41c1c83497a2ce6fa5787965859df0adb32c4ca2cf7490bc2b
Removing snapshot sha256:cf92d33f869417309692088c341cd0f223c178ea78a125f757317b22aa8f90e9
Removing snapshot sha256:d0037344cf2fb078884f1849f6a1f8cf9a33a3b6139b6a85833e5ee528e1f9a8
Removing snapshot sha256:d3b36d5b79273b1e98e7700470eaeff05a882e777124d84cebcc1505b85ecb36
Removing snapshot sha256:d65a44a37914602d12c611e5e22a50f11451d847e63015cc1c2aef92dee777a4
Removing snapshot sha256:e2dc0bae2455930f23ae570e019b7f32edc75c0f2d71cab084db837ff9051796
Removing snapshot sha256:eccbd24a99c60cd9e86ee5305dbfc4a4dc89f5ab4fb1f06c8d64797cecedef34
Removing snapshot sha256:f144bb4c7c7f0d2aa7eeffd36d934ec40db1ee167be727e326aad9fdc616f475

]]></system-out>
  </testcase>
  <system-out><![CDATA[2025-01-29 17:01:06,413 INFO c.h.h.t.HelmChartContainerExtension - Using cached HelmChartContainer instance
2025-01-29 17:01:06,419 INFO c.h.h.t.HelmChartContainerExtension - Creating cached HelmChartContainer instance
2025-01-29 17:01:06,438 INFO o.testcontainers.DockerClientFactory - Testcontainers version: 1.20.4
2025-01-29 17:01:06,869 INFO o.t.d.DockerClientProviderStrategy - Found Docker environment with local Unix socket (unix:///var/run/docker.sock)
2025-01-29 17:01:06,880 INFO o.testcontainers.DockerClientFactory - Docker host IP address is localhost
2025-01-29 17:01:06,896 INFO o.testcontainers.DockerClientFactory - Connected to docker: 
  Server Version: 26.1.3
  API Version: 1.45
  Operating System: Ubuntu 24.04.1 LTS
  Total Memory: 15990 MB
2025-01-29 17:01:06,903 INFO o.testcontainers.images.PullPolicy - Image pull policy will be performed by: DefaultPullPolicy()
2025-01-29 17:01:06,904 INFO o.t.utility.ImageNameSubstitutor - Image name substitution will be performed by: DefaultImageNameSubstitutor (composite of 'ConfigurationFileImageNameSubstitutor' and 'PrefixingImageNameSubstitutor')
2025-01-29 17:01:06,934 INFO tc.testcontainers/ryuk:0.11.0 - Pulling docker image: testcontainers/ryuk:0.11.0. Please be patient; this may take some time but only needs to be done once.
2025-01-29 17:01:07,189 INFO tc.testcontainers/ryuk:0.11.0 - Starting to pull image
2025-01-29 17:01:07,208 INFO tc.testcontainers/ryuk:0.11.0 - Pulling image layers:  0 pending,  0 downloaded,  0 extracted, (0 bytes/0 bytes)
2025-01-29 17:01:07,319 INFO tc.testcontainers/ryuk:0.11.0 - Pulling image layers:  2 pending,  1 downloaded,  0 extracted, (879 KB/? MB)
2025-01-29 17:01:07,359 INFO tc.testcontainers/ryuk:0.11.0 - Pulling image layers:  1 pending,  2 downloaded,  0 extracted, (879 KB/? MB)
2025-01-29 17:01:07,390 INFO tc.testcontainers/ryuk:0.11.0 - Pulling image layers:  0 pending,  3 downloaded,  0 extracted, (906 KB/10 MB)
2025-01-29 17:01:07,460 INFO tc.testcontainers/ryuk:0.11.0 - Pulling image layers:  0 pending,  3 downloaded,  1 extracted, (4 MB/10 MB)
2025-01-29 17:01:07,609 INFO tc.testcontainers/ryuk:0.11.0 - Pulling image layers:  0 pending,  3 downloaded,  2 extracted, (4 MB/10 MB)
2025-01-29 17:01:07,652 INFO tc.testcontainers/ryuk:0.11.0 - Pulling image layers:  0 pending,  3 downloaded,  3 extracted, (10 MB/10 MB)
2025-01-29 17:01:07,658 INFO tc.testcontainers/ryuk:0.11.0 - Image testcontainers/ryuk:0.11.0 pull took PT0.723436028S
2025-01-29 17:01:07,679 INFO tc.testcontainers/ryuk:0.11.0 - Creating container for image: testcontainers/ryuk:0.11.0
2025-01-29 17:01:07,740 INFO tc.testcontainers/ryuk:0.11.0 - Container testcontainers/ryuk:0.11.0 is starting: f16b19e850d9a93933dbf0c93b19ad48a21404a42f440f3cb0cd7ba1a94e454e
2025-01-29 17:01:07,998 INFO tc.testcontainers/ryuk:0.11.0 - Container testcontainers/ryuk:0.11.0 started in PT0.31898842S
2025-01-29 17:01:08,002 INFO o.t.utility.RyukResourceReaper - Ryuk started - will monitor and terminate Testcontainers containers on JVM exit
2025-01-29 17:01:08,002 INFO o.testcontainers.DockerClientFactory - Checking the system...
2025-01-29 17:01:08,002 INFO o.testcontainers.DockerClientFactory - ✔︎ Docker server version should be at least 1.6.0
2025-01-29 17:01:08,070 INFO o.t.i.builder.ImageFromDockerfile - Pre-emptively checking local images for 'ubuntu:noble-20241118.1@sha256:80dd3c3b9c6cecb9f1667e9290b3bc61b78c2678c02cbdae5f0fea92cc6734ab', referenced via a Dockerfile. If not available, it will be pulled.
2025-01-29 17:01:08,072 INFO t.u.1@sha256:80dd3c... - Pulling docker image: ubuntu:noble-20241118.1@sha256:80dd3c3b9c6cecb9f1667e9290b3bc61b78c2678c02cbdae5f0fea92cc6734ab. Please be patient; this may take some time but only needs to be done once.
2025-01-29 17:01:08,177 INFO t.u.1@sha256:80dd3c... - Starting to pull image
2025-01-29 17:01:08,178 INFO t.u.1@sha256:80dd3c... - Pulling image layers:  0 pending,  0 downloaded,  0 extracted, (0 bytes/0 bytes)
2025-01-29 17:01:08,670 INFO t.u.1@sha256:80dd3c... - Pulling image layers:  0 pending,  1 downloaded,  0 extracted, (25 MB/28 MB)
2025-01-29 17:01:09,614 INFO t.u.1@sha256:80dd3c... - Pulling image layers:  0 pending,  1 downloaded,  1 extracted, (28 MB/28 MB)
2025-01-29 17:01:09,620 INFO t.u.1@sha256:80dd3c... - Image ubuntu:noble-20241118.1@sha256:80dd3c3b9c6cecb9f1667e9290b3bc61b78c2678c02cbdae5f0fea92cc6734ab pull took PT1.54733166S
2025-01-29 17:01:09,620 INFO t.u.1@sha256:80dd3c... - Pull complete. 1 layers, pulled in 1s (downloaded 28 MB at 28 MB/s)
2025-01-29 17:01:09,623 INFO o.t.i.builder.ImageFromDockerfile - Pre-emptively checking local images for 'rancher/k3s:v1.32.1-k3s1', referenced via a Dockerfile. If not available, it will be pulled.
2025-01-29 17:01:09,624 INFO tc.rancher/k3s:v1.32.1-k3s1 - Pulling docker image: rancher/k3s:v1.32.1-k3s1. Please be patient; this may take some time but only needs to be done once.
2025-01-29 17:01:09,805 INFO tc.rancher/k3s:v1.32.1-k3s1 - Starting to pull image
2025-01-29 17:01:09,806 INFO tc.rancher/k3s:v1.32.1-k3s1 - Pulling image layers:  0 pending,  0 downloaded,  0 extracted, (0 bytes/0 bytes)
2025-01-29 17:01:11,481 INFO tc.rancher/k3s:v1.32.1-k3s1 - Pulling image layers:  0 pending,  1 downloaded,  0 extracted, (67 MB/71 MB)
2025-01-29 17:01:12,559 INFO tc.rancher/k3s:v1.32.1-k3s1 - Pulling image layers:  0 pending,  1 downloaded,  1 extracted, (71 MB/71 MB)
2025-01-29 17:01:12,566 INFO tc.rancher/k3s:v1.32.1-k3s1 - Image rancher/k3s:v1.32.1-k3s1 pull took PT2.941433766S
2025-01-29 17:01:12,566 INFO tc.rancher/k3s:v1.32.1-k3s1 - Pull complete. 1 layers, pulled in 2s (downloaded 71 MB at 35 MB/s)
2025-01-29 17:01:12,573 INFO o.t.i.builder.ImageFromDockerfile - Transferred 0 bytes to Docker daemon
2025-01-29 17:01:27,018 INFO c.h.h.t.HelmChartContainer - Starting HelmChartContainer...
2025-01-29 17:01:27,021 INFO t.localhost/testcontainers/kmz3b8ukbic4wgag:latest - Creating container for image: localhost/testcontainers/kmz3b8ukbic4wgag:latest
2025-01-29 17:01:27,094 INFO tc.alpine:3.17 - Pulling docker image: alpine:3.17. Please be patient; this may take some time but only needs to be done once.
2025-01-29 17:01:27,254 INFO tc.alpine:3.17 - Starting to pull image
2025-01-29 17:01:27,255 INFO tc.alpine:3.17 - Pulling image layers:  0 pending,  0 downloaded,  0 extracted, (0 bytes/0 bytes)
2025-01-29 17:01:27,443 INFO tc.alpine:3.17 - Pulling image layers:  0 pending,  1 downloaded,  0 extracted, (33 KB/3 MB)
2025-01-29 17:01:27,537 INFO tc.alpine:3.17 - Pulling image layers:  0 pending,  1 downloaded,  1 extracted, (3 MB/3 MB)
2025-01-29 17:01:27,548 INFO tc.alpine:3.17 - Image alpine:3.17 pull took PT0.453162055S
2025-01-29 17:01:28,110 INFO t.localhost/testcontainers/kmz3b8ukbic4wgag:latest - Container localhost/testcontainers/kmz3b8ukbic4wgag:latest is starting: 38f70066c2406dc47658c4dc311ce6e082f78c61409fd6e49fcd10a347f64960
2025-01-29 17:01:28,474 INFO c.h.h.t.HelmChartContainer - [K3S] [INFO] Starting k3s v1.32.1+k3s1 (6a322f12)
2025-01-29 17:01:28,476 INFO c.h.h.t.HelmChartContainer - [K3S] [INFO] Configuring sqlite3 database connection pooling: maxIdleConns=2, maxOpenConns=0, connMaxLifetime=0s
2025-01-29 17:01:28,477 INFO c.h.h.t.HelmChartContainer - [K3S] [INFO] Configuring database table schema and indexes, this may take a moment...
2025-01-29 17:01:28,480 INFO c.h.h.t.HelmChartContainer - [K3S] [INFO] Database tables and indexes are up to date
2025-01-29 17:01:28,482 INFO c.h.h.t.HelmChartContainer - [K3S] [INFO] Kine available at unix://kine.sock
2025-01-29 17:01:28,685 INFO c.h.h.t.HelmChartContainer - [K3S] [INFO] Saving cluster bootstrap data to datastore
2025-01-29 17:01:28,686 INFO c.h.h.t.HelmChartContainer - [K3S] [WARNING] dynamiclistener [::]:6443: no cached certificate available for preload - deferring certificate load until storage initialization or first client request
2025-01-29 17:01:28,687 INFO c.h.h.t.HelmChartContainer - [K3S] [INFO] Active TLS secret / (ver=) (count 10): map[listener.cattle.io/cn-10.43.0.1:10.43.0.1 listener.cattle.io/cn-127.0.0.1:127.0.0.1 listener.cattle.io/cn-172.18.0.2:172.18.0.2 listener.cattle.io/cn-38f70066c240:38f70066c240 listener.cattle.io/cn-__1-f16284:::1 listener.cattle.io/cn-kubernetes:kubernetes listener.cattle.io/cn-kubernetes.default:kubernetes.default listener.cattle.io/cn-kubernetes.default.svc:kubernetes.default.svc listener.cattle.io/cn-kubernetes.default.svc.cluster.local:kubernetes.default.svc.cluster.local listener.cattle.io/cn-localhost:localhost listener.cattle.io/fingerprint:SHA1=90A73481813CC55C62501CB8302FAA2EACE48166]
2025-01-29 17:01:28,848 INFO c.h.h.t.HelmChartContainer - [K3S] [INFO] Running kube-apiserver --advertise-port=6443 --allow-privileged=true --anonymous-auth=false --api-audiences=https://kubernetes.default.svc.cluster.local,k3s --authorization-mode=Node,RBAC --bind-address=127.0.0.1 --cert-dir=/var/lib/rancher/k3s/server/tls/temporary-certs --client-ca-file=/var/lib/rancher/k3s/server/tls/client-ca.crt --egress-selector-config-file=/var/lib/rancher/k3s/server/etc/egress-selector-config.yaml --enable-admission-plugins=NodeRestriction --enable-aggregator-routing=true --enable-bootstrap-token-auth=true --etcd-compaction-interval=0s --etcd-servers=unix://kine.sock --kubelet-certificate-authority=/var/lib/rancher/k3s/server/tls/server-ca.crt --kubelet-client-certificate=/var/lib/rancher/k3s/server/tls/client-kube-apiserver.crt --kubelet-client-key=/var/lib/rancher/k3s/server/tls/client-kube-apiserver.key --kubelet-preferred-address-types=InternalIP,ExternalIP,Hostname --profiling=false --proxy-client-cert-file=/var/lib/rancher/k3s/server/tls/client-auth-proxy.crt --proxy-client-key-file=/var/lib/rancher/k3s/server/tls/client-auth-proxy.key --requestheader-allowed-names=system:auth-proxy --requestheader-client-ca-file=/var/lib/rancher/k3s/server/tls/request-header-ca.crt --requestheader-extra-headers-prefix=X-Remote-Extra- --requestheader-group-headers=X-Remote-Group --requestheader-username-headers=X-Remote-User --secure-port=6444 --service-account-issuer=https://kubernetes.default.svc.cluster.local --service-account-key-file=/var/lib/rancher/k3s/server/tls/service.key --service-account-signing-key-file=/var/lib/rancher/k3s/server/tls/service.current.key --service-cluster-ip-range=10.43.0.0/16 --service-node-port-range=30000-32767 --storage-backend=etcd3 --tls-cert-file=/var/lib/rancher/k3s/server/tls/serving-kube-apiserver.crt --tls-cipher-suites=TLS_ECDHE_ECDSA_WITH_AES_256_GCM_SHA384,TLS_ECDHE_RSA_WITH_AES_256_GCM_SHA384,TLS_ECDHE_ECDSA_WITH_AES_128_GCM_SHA256,TLS_ECDHE_RSA_WITH_AES_128_GCM_SHA256,TLS_ECDHE_ECDSA_WITH_CHACHA20_POLY1305,TLS_ECDHE_RSA_WITH_CHACHA20_POLY1305 --tls-private-key-file=/var/lib/rancher/k3s/server/tls/serving-kube-apiserver.key
2025-01-29 17:01:28,850 INFO c.h.h.t.HelmChartContainer - [K3S] [INFO] Running kube-scheduler --authentication-kubeconfig=/var/lib/rancher/k3s/server/cred/scheduler.kubeconfig --authorization-kubeconfig=/var/lib/rancher/k3s/server/cred/scheduler.kubeconfig --bind-address=127.0.0.1 --kubeconfig=/var/lib/rancher/k3s/server/cred/scheduler.kubeconfig --leader-elect=false --profiling=false --secure-port=10259
2025-01-29 17:01:28,852 INFO c.h.h.t.HelmChartContainer - [K3S] [registry.go:256] calling componentGlobalsRegistry.AddFlags more than once, the registry will be set by the latest flags
2025-01-29 17:01:28,852 INFO c.h.h.t.HelmChartContainer - [K3S] [INFO] Waiting for API server to become available
2025-01-29 17:01:28,853 INFO c.h.h.t.HelmChartContainer - [K3S] [INFO] Running kube-controller-manager --allocate-node-cidrs=true --authentication-kubeconfig=/var/lib/rancher/k3s/server/cred/controller.kubeconfig --authorization-kubeconfig=/var/lib/rancher/k3s/server/cred/controller.kubeconfig --bind-address=127.0.0.1 --cluster-cidr=10.42.0.0/16 --cluster-signing-kube-apiserver-client-cert-file=/var/lib/rancher/k3s/server/tls/client-ca.nochain.crt --cluster-signing-kube-apiserver-client-key-file=/var/lib/rancher/k3s/server/tls/client-ca.key --cluster-signing-kubelet-client-cert-file=/var/lib/rancher/k3s/server/tls/client-ca.nochain.crt --cluster-signing-kubelet-client-key-file=/var/lib/rancher/k3s/server/tls/client-ca.key --cluster-signing-kubelet-serving-cert-file=/var/lib/rancher/k3s/server/tls/server-ca.nochain.crt --cluster-signing-kubelet-serving-key-file=/var/lib/rancher/k3s/server/tls/server-ca.key --cluster-signing-legacy-unknown-cert-file=/var/lib/rancher/k3s/server/tls/server-ca.nochain.crt --cluster-signing-legacy-unknown-key-file=/var/lib/rancher/k3s/server/tls/server-ca.key --configure-cloud-routes=false --controllers=*,tokencleaner,-service,-route,-cloud-node-lifecycle --kubeconfig=/var/lib/rancher/k3s/server/cred/controller.kubeconfig --leader-elect=false --profiling=false --root-ca-file=/var/lib/rancher/k3s/server/tls/server-ca.crt --secure-port=10257 --service-account-private-key-file=/var/lib/rancher/k3s/server/tls/service.current.key --service-cluster-ip-range=10.43.0.0/16 --use-service-account-credentials=true
2025-01-29 17:01:28,854 INFO c.h.h.t.HelmChartContainer - [K3S] [options.go:299] unable to set WatchListClient feature gate, err: cannot override default for feature "WatchListClient": gates already added to a flag set
2025-01-29 17:01:28,854 INFO c.h.h.t.HelmChartContainer - [K3S] [registry.go:256] calling componentGlobalsRegistry.AddFlags more than once, the registry will be set by the latest flags
2025-01-29 17:01:28,854 INFO c.h.h.t.HelmChartContainer - [K3S] [registry.go:256] calling componentGlobalsRegistry.AddFlags more than once, the registry will be set by the latest flags
2025-01-29 17:01:28,854 INFO c.h.h.t.HelmChartContainer - [K3S] [INFO] Running cloud-controller-manager --allocate-node-cidrs=true --authentication-kubeconfig=/var/lib/rancher/k3s/server/cred/cloud-controller.kubeconfig --authorization-kubeconfig=/var/lib/rancher/k3s/server/cred/cloud-controller.kubeconfig --bind-address=127.0.0.1 --cloud-config=/var/lib/rancher/k3s/server/etc/cloud-config.yaml --cloud-provider=k3s --cluster-cidr=10.42.0.0/16 --configure-cloud-routes=false --controllers=*,-route --kubeconfig=/var/lib/rancher/k3s/server/cred/cloud-controller.kubeconfig --leader-elect=false --leader-elect-resource-name=k3s-cloud-controller-manager --node-status-update-frequency=1m0s --profiling=false
2025-01-29 17:01:28,855 INFO c.h.h.t.HelmChartContainer - [K3S] [options.go:238] external host was not specified, using 172.18.0.2
2025-01-29 17:01:28,855 INFO c.h.h.t.HelmChartContainer - [K3S] [INFO] Server node token is available at /var/lib/rancher/k3s/server/token
2025-01-29 17:01:28,855 INFO c.h.h.t.HelmChartContainer - [K3S] [INFO] To join server node to cluster: k3s server -s https://172.18.0.2:6443 -t ${SERVER_NODE_TOKEN}
2025-01-29 17:01:28,855 INFO c.h.h.t.HelmChartContainer - [K3S] [INFO] Agent node token is available at /var/lib/rancher/k3s/server/agent-token
2025-01-29 17:01:28,855 INFO c.h.h.t.HelmChartContainer - [K3S] [INFO] To join agent node to cluster: k3s agent -s https://172.18.0.2:6443 -t ${AGENT_NODE_TOKEN}
2025-01-29 17:01:28,855 INFO c.h.h.t.HelmChartContainer - [K3S] [INFO] Wrote kubeconfig /etc/rancher/k3s/k3s.yaml
2025-01-29 17:01:28,856 INFO c.h.h.t.HelmChartContainer - [K3S] [INFO] Run: k3s kubectl
2025-01-29 17:01:28,856 INFO c.h.h.t.HelmChartContainer - [K3S] [server.go:151] Version: v1.32.1+k3s1
2025-01-29 17:01:28,856 INFO c.h.h.t.HelmChartContainer - [K3S] [server.go:153] "Golang settings" GOGC="" GOMAXPROCS="" GOTRACEBACK=""
2025-01-29 17:01:29,109 INFO c.h.h.t.HelmChartContainer - [K3S] [plugins.go:157] Loaded 13 mutating admission controller(s) successfully in the following order: NamespaceLifecycle,LimitRanger,ServiceAccount,NodeRestriction,TaintNodesByCondition,Priority,DefaultTolerationSeconds,DefaultStorageClass,StorageObjectInUseProtection,RuntimeClass,DefaultIngressClass,MutatingAdmissionPolicy,MutatingAdmissionWebhook.
2025-01-29 17:01:29,109 INFO c.h.h.t.HelmChartContainer - [K3S] [plugins.go:160] Loaded 13 validating admission controller(s) successfully in the following order: LimitRanger,ServiceAccount,PodSecurity,Priority,PersistentVolumeClaimResize,RuntimeClass,CertificateApproval,CertificateSigning,ClusterTrustBundleAttest,CertificateSubjectRestriction,ValidatingAdmissionPolicy,ValidatingAdmissionWebhook,ResourceQuota.
2025-01-29 17:01:29,109 INFO c.h.h.t.HelmChartContainer - [K3S] [instance.go:233] Using reconciler: lease
2025-01-29 17:01:29,168 INFO c.h.h.t.HelmChartContainer - [K3S] [apis.go:106] API group "internal.apiserver.k8s.io" is not enabled, skipping.
2025-01-29 17:01:29,216 INFO c.h.h.t.HelmChartContainer - [K3S] [apis.go:106] API group "storagemigration.k8s.io" is not enabled, skipping.
2025-01-29 17:01:29,255 INFO c.h.h.t.HelmChartContainer - [K3S] [apis.go:106] API group "resource.k8s.io" is not enabled, skipping.
2025-01-29 17:01:29,526 INFO c.h.h.t.HelmChartContainer - [K3S] [INFO] Password verified locally for node 38f70066c240
2025-01-29 17:01:29,582 INFO c.h.h.t.HelmChartContainer - [K3S] [dynamic_cafile_content.go:161] "Starting controller" name="request-header::/var/lib/rancher/k3s/server/tls/request-header-ca.crt"
2025-01-29 17:01:29,582 INFO c.h.h.t.HelmChartContainer - [K3S] [dynamic_cafile_content.go:161] "Starting controller" name="client-ca-bundle::/var/lib/rancher/k3s/server/tls/client-ca.crt"
2025-01-29 17:01:29,582 INFO c.h.h.t.HelmChartContainer - [K3S] [dynamic_serving_content.go:135] "Starting controller" name="serving-cert::/var/lib/rancher/k3s/server/tls/serving-kube-apiserver.crt::/var/lib/rancher/k3s/server/tls/serving-kube-apiserver.key"
2025-01-29 17:01:29,583 INFO c.h.h.t.HelmChartContainer - [K3S] [secure_serving.go:213] Serving securely on 127.0.0.1:6444
2025-01-29 17:01:29,584 INFO c.h.h.t.HelmChartContainer - [K3S] [tlsconfig.go:243] "Starting DynamicServingCertificateController"
2025-01-29 17:01:29,584 INFO c.h.h.t.HelmChartContainer - [K3S] [dynamic_serving_content.go:135] "Starting controller" name="aggregator-proxy-cert::/var/lib/rancher/k3s/server/tls/client-auth-proxy.crt::/var/lib/rancher/k3s/server/tls/client-auth-proxy.key"
2025-01-29 17:01:29,584 INFO c.h.h.t.HelmChartContainer - [K3S] [apiservice_controller.go:100] Starting APIServiceRegistrationController
2025-01-29 17:01:29,584 INFO c.h.h.t.HelmChartContainer - [K3S] [local_available_controller.go:156] Starting LocalAvailability controller
2025-01-29 17:01:29,584 INFO c.h.h.t.HelmChartContainer - [K3S] [cluster_authentication_trust_controller.go:462] Starting cluster_authentication_trust_controller controller
2025-01-29 17:01:29,584 INFO c.h.h.t.HelmChartContainer - [K3S] [controller.go:78] Starting OpenAPI AggregationController
2025-01-29 17:01:29,584 INFO c.h.h.t.HelmChartContainer - [K3S] [gc_controller.go:78] Starting apiserver lease garbage collector
2025-01-29 17:01:29,584 INFO c.h.h.t.HelmChartContainer - [K3S] [apf_controller.go:377] Starting API Priority and Fairness config controller
2025-01-29 17:01:29,584 INFO c.h.h.t.HelmChartContainer - [K3S] [controller.go:119] Starting legacy_token_tracking_controller
2025-01-29 17:01:29,585 INFO c.h.h.t.HelmChartContainer - [K3S] [customresource_discovery_controller.go:292] Starting DiscoveryController
2025-01-29 17:01:29,585 INFO c.h.h.t.HelmChartContainer - [K3S] [system_namespaces_controller.go:66] Starting system namespaces controller
2025-01-29 17:01:29,585 INFO c.h.h.t.HelmChartContainer - [K3S] [controller.go:80] Starting OpenAPI V3 AggregationController
2025-01-29 17:01:29,586 INFO c.h.h.t.HelmChartContainer - [K3S] [aggregator.go:169] waiting for initial CRD sync...
2025-01-29 17:01:29,587 INFO c.h.h.t.HelmChartContainer - [K3S] [remote_available_controller.go:411] Starting RemoteAvailability controller
2025-01-29 17:01:29,590 INFO c.h.h.t.HelmChartContainer - [K3S] [dynamic_cafile_content.go:161] "Starting controller" name="client-ca-bundle::/var/lib/rancher/k3s/server/tls/client-ca.crt"
2025-01-29 17:01:29,590 INFO c.h.h.t.HelmChartContainer - [K3S] [dynamic_cafile_content.go:161] "Starting controller" name="request-header::/var/lib/rancher/k3s/server/tls/request-header-ca.crt"
2025-01-29 17:01:29,590 INFO c.h.h.t.HelmChartContainer - [K3S] [controller.go:142] Starting OpenAPI controller
2025-01-29 17:01:29,590 INFO c.h.h.t.HelmChartContainer - [K3S] [controller.go:90] Starting OpenAPI V3 controller
2025-01-29 17:01:29,591 INFO c.h.h.t.HelmChartContainer - [K3S] [naming_controller.go:294] Starting NamingConditionController
2025-01-29 17:01:29,591 INFO c.h.h.t.HelmChartContainer - [K3S] [establishing_controller.go:81] Starting EstablishingController
2025-01-29 17:01:29,594 INFO c.h.h.t.HelmChartContainer - [K3S] [nonstructuralschema_controller.go:195] Starting NonStructuralSchemaConditionController
2025-01-29 17:01:29,594 INFO c.h.h.t.HelmChartContainer - [K3S] [apiapproval_controller.go:189] Starting KubernetesAPIApprovalPolicyConformantConditionController
2025-01-29 17:01:29,594 INFO c.h.h.t.HelmChartContainer - [K3S] [crd_finalizer.go:269] Starting CRDFinalizer
2025-01-29 17:01:29,594 INFO c.h.h.t.HelmChartContainer - [K3S] [crdregistration_controller.go:114] Starting crd-autoregister controller
2025-01-29 17:01:29,685 INFO c.h.h.t.HelmChartContainer - [K3S] [handler_discovery.go:451] Starting ResourceDiscoveryManager
2025-01-29 17:01:29,685 INFO c.h.h.t.HelmChartContainer - [K3S] [apf_controller.go:382] Running API Priority and Fairness config worker
2025-01-29 17:01:29,686 INFO c.h.h.t.HelmChartContainer - [K3S] [apf_controller.go:385] Running API Priority and Fairness periodic rebalancing process
2025-01-29 17:01:29,695 INFO c.h.h.t.HelmChartContainer - [K3S] [aggregator.go:171] initial CRD sync complete...
2025-01-29 17:01:29,695 INFO c.h.h.t.HelmChartContainer - [K3S] [autoregister_controller.go:144] Starting autoregister controller
2025-01-29 17:01:29,701 INFO c.h.h.t.HelmChartContainer - [K3S] [policy_source.go:240] refreshing policies
2025-01-29 17:01:29,736 INFO c.h.h.t.HelmChartContainer - [K3S] [controller.go:148] "Unhandled Error" err="while syncing ConfigMap \"kube-system/kube-apiserver-legacy-service-account-token-tracking\", err: namespaces \"kube-system\" not found" logger="UnhandledError"
2025-01-29 17:01:29,740 INFO c.h.h.t.HelmChartContainer - [K3S] [controller.go:95] Unable to perform initial Kubernetes service initialization: namespaces "default" not found
2025-01-29 17:01:29,763 INFO c.h.h.t.HelmChartContainer - [K3S] [controller.go:145] "Failed to ensure lease exists, will retry" err="namespaces \"kube-system\" not found" interval="200ms"
2025-01-29 17:01:30,023 INFO c.h.h.t.HelmChartContainer - [K3S] [WARNING] Host resolv.conf includes loopback or multicast nameservers - kubelet will use autogenerated resolv.conf with nameserver 8.8.8.8
2025-01-29 17:01:30,031 INFO c.h.h.t.HelmChartContainer - [K3S] [INFO] Module overlay was already loaded
2025-01-29 17:01:30,031 INFO c.h.h.t.HelmChartContainer - [K3S] [INFO] Module nf_conntrack was already loaded
2025-01-29 17:01:30,031 INFO c.h.h.t.HelmChartContainer - [K3S] [INFO] Module br_netfilter was already loaded
2025-01-29 17:01:30,036 INFO c.h.h.t.HelmChartContainer - [K3S] [INFO] Set sysctl 'net/netfilter/nf_conntrack_max' to 131072
2025-01-29 17:01:30,036 INFO c.h.h.t.HelmChartContainer - [K3S] [INFO] Set sysctl 'net/netfilter/nf_conntrack_tcp_timeout_established' to 86400
2025-01-29 17:01:30,036 INFO c.h.h.t.HelmChartContainer - [K3S] [INFO] Set sysctl 'net/netfilter/nf_conntrack_tcp_timeout_close_wait' to 3600
2025-01-29 17:01:30,038 INFO c.h.h.t.HelmChartContainer - [K3S] [INFO] Logging containerd to /var/lib/rancher/k3s/agent/containerd/containerd.log
2025-01-29 17:01:30,038 INFO c.h.h.t.HelmChartContainer - [K3S] [INFO] Running containerd -c /var/lib/rancher/k3s/agent/etc/containerd/config.toml -a /run/k3s/containerd/containerd.sock --state /run/k3s/containerd --root /var/lib/rancher/k3s/agent/containerd
2025-01-29 17:01:30,586 INFO c.h.h.t.HelmChartContainer - [K3S] [storage_scheduling.go:95] created PriorityClass system-node-critical with value 2000001000
2025-01-29 17:01:30,589 INFO c.h.h.t.HelmChartContainer - [K3S] [storage_scheduling.go:95] created PriorityClass system-cluster-critical with value 2000000000
2025-01-29 17:01:30,590 INFO c.h.h.t.HelmChartContainer - [K3S] [storage_scheduling.go:111] all system priority classes are created successfully or already exist.
2025-01-29 17:01:30,945 INFO c.h.h.t.HelmChartContainer - [K3S] [alloc.go:330] "allocated clusterIPs" service="default/kubernetes" clusterIPs={"IPv4":"10.43.0.1"}
2025-01-29 17:01:30,949 INFO c.h.h.t.HelmChartContainer - [K3S] [lease.go:265] Resetting endpoints for master service "kubernetes" to [172.18.0.2]
2025-01-29 17:01:31,042 INFO c.h.h.t.HelmChartContainer - [K3S] [INFO] containerd is now running
2025-01-29 17:01:31,045 INFO c.h.h.t.HelmChartContainer - [K3S] [INFO] Connecting to proxy" url="wss://127.0.0.1:6443/v1-k3s/connect
2025-01-29 17:01:31,046 INFO c.h.h.t.HelmChartContainer - [K3S] [INFO] Creating k3s-cert-monitor event broadcaster
2025-01-29 17:01:31,048 INFO c.h.h.t.HelmChartContainer - [K3S] [INFO] Running kubelet --cloud-provider=external --config-dir=/var/lib/rancher/k3s/agent/etc/kubelet.conf.d --containerd=/run/k3s/containerd/containerd.sock --hostname-override=38f70066c240 --kubeconfig=/var/lib/rancher/k3s/agent/kubelet.kubeconfig --node-ip=172.18.0.2 --node-labels=
2025-01-29 17:01:31,048 INFO c.h.h.t.HelmChartContainer - [K3S] [INFO] Handling backend connection request [38f70066c240]
2025-01-29 17:01:31,048 INFO c.h.h.t.HelmChartContainer - [K3S] [INFO] Remotedialer connected to proxy" url="wss://127.0.0.1:6443/v1-k3s/connect
2025-01-29 17:01:31,052 INFO c.h.h.t.HelmChartContainer - [K3S] Flag --containerd has been deprecated, This is a cadvisor flag that was mistakenly registered with the Kubelet. Due to legacy concerns, it will follow the standard CLI deprecation timeline before being removed.
2025-01-29 17:01:31,060 INFO c.h.h.t.HelmChartContainer - [K3S] [server.go:515] "Kubelet version" kubeletVersion="v1.32.1+k3s1"
2025-01-29 17:01:31,060 INFO c.h.h.t.HelmChartContainer - [K3S] [server.go:517] "Golang settings" GOGC="" GOMAXPROCS="" GOTRACEBACK=""
2025-01-29 17:01:31,066 INFO c.h.h.t.HelmChartContainer - [K3S] [dynamic_cafile_content.go:161] "Starting controller" name="client-ca-bundle::/var/lib/rancher/k3s/agent/client-ca.crt"
2025-01-29 17:01:31,070 INFO c.h.h.t.HelmChartContainer - [K3S] [log.go:32] "RuntimeConfig from runtime service failed" err="rpc error: code = Unimplemented desc = method RuntimeConfig not implemented"
2025-01-29 17:01:31,070 INFO c.h.h.t.HelmChartContainer - [K3S] [server.go:1416] "CRI implementation should be updated to support RuntimeConfig when KubeletCgroupDriverFromCRI feature gate has been enabled. Falling back to using cgroupDriver from kubelet config."
2025-01-29 17:01:31,075 INFO c.h.h.t.HelmChartContainer - [K3S] [info.go:53] Couldn't collect info from any of the files in "/etc/machine-id,/var/lib/dbus/machine-id"
2025-01-29 17:01:31,078 INFO c.h.h.t.HelmChartContainer - [K3S] [server.go:767] "--cgroups-per-qos enabled, but --cgroup-root was not specified.  defaulting to /"
2025-01-29 17:01:31,078 INFO c.h.h.t.HelmChartContainer - [K3S] [server.go:836] "NoSwap is set due to memorySwapBehavior not specified" memorySwapBehavior="" FailSwapOn=false
2025-01-29 17:01:31,079 INFO c.h.h.t.HelmChartContainer - [K3S] [swap_util.go:115] "Swap is on" /proc/swaps contents=<
2025-01-29 17:01:31,079 INFO c.h.h.t.HelmChartContainer - [K3S] 	Filename				Type		Size		Used		Priority
2025-01-29 17:01:31,079 INFO c.h.h.t.HelmChartContainer - [K3S] 	/mnt/swapfile                           file		4194300		0		-2
2025-01-29 17:01:31,079 INFO c.h.h.t.HelmChartContainer - [K3S]  >
2025-01-29 17:01:31,079 INFO c.h.h.t.HelmChartContainer - [K3S] [container_manager_linux.go:268] "Container manager verified user specified cgroup-root exists" cgroupRoot=[]
2025-01-29 17:01:31,080 INFO c.h.h.t.HelmChartContainer - [K3S] [container_manager_linux.go:273] "Creating Container Manager object based on Node Config" nodeConfig={"NodeName":"38f70066c240","RuntimeCgroupsName":"","SystemCgroupsName":"","KubeletCgroupsName":"/k3s","KubeletOOMScoreAdj":-999,"ContainerRuntime":"","CgroupsPerQOS":true,"CgroupRoot":"/","CgroupDriver":"cgroupfs","KubeletRootDir":"/var/lib/kubelet","ProtectKernelDefaults":false,"KubeReservedCgroupName":"","SystemReservedCgroupName":"","ReservedSystemCPUs":{},"EnforceNodeAllocatable":{"pods":{}},"KubeReserved":null,"SystemReserved":null,"HardEvictionThresholds":[{"Signal":"imagefs.available","Operator":"LessThan","Value":{"Quantity":null,"Percentage":0.05},"GracePeriod":0,"MinReclaim":null},{"Signal":"nodefs.available","Operator":"LessThan","Value":{"Quantity":null,"Percentage":0.05},"GracePeriod":0,"MinReclaim":null}],"QOSReserved":{},"CPUManagerPolicy":"none","CPUManagerPolicyOptions":null,"TopologyManagerScope":"container","CPUManagerReconcilePeriod":10000000000,"ExperimentalMemoryManagerPolicy":"None","ExperimentalMemoryManagerReservedMemory":null,"PodPidsLimit":-1,"EnforceCPULimits":true,"CPUCFSQuotaPeriod":100000000,"TopologyManagerPolicy":"none","TopologyManagerPolicyOptions":null,"CgroupVersion":2}
2025-01-29 17:01:31,080 INFO c.h.h.t.HelmChartContainer - [K3S] [topology_manager.go:138] "Creating topology manager with none policy"
2025-01-29 17:01:31,080 INFO c.h.h.t.HelmChartContainer - [K3S] [container_manager_linux.go:304] "Creating device plugin manager"
2025-01-29 17:01:31,080 INFO c.h.h.t.HelmChartContainer - [K3S] [state_mem.go:36] "Initialized new in-memory state store"
2025-01-29 17:01:31,081 INFO c.h.h.t.HelmChartContainer - [K3S] [kubelet.go:446] "Attempting to sync node with API server"
2025-01-29 17:01:31,081 INFO c.h.h.t.HelmChartContainer - [K3S] [kubelet.go:341] "Adding static pod path" path="/var/lib/rancher/k3s/agent/pod-manifests"
2025-01-29 17:01:31,081 INFO c.h.h.t.HelmChartContainer - [K3S] [kubelet.go:352] "Adding apiserver pod source"
2025-01-29 17:01:31,082 INFO c.h.h.t.HelmChartContainer - [K3S] [apiserver.go:42] "Waiting for node sync before watching apiserver pods"
2025-01-29 17:01:31,083 INFO c.h.h.t.HelmChartContainer - [K3S] [kuberuntime_manager.go:269] "Container runtime initialized" containerRuntime="containerd" version="v1.7.23-k3s2" apiVersion="v1"
2025-01-29 17:01:31,085 INFO c.h.h.t.HelmChartContainer - [K3S] [kubelet.go:890] "Not starting ClusterTrustBundle informer because we are in static kubelet mode"
2025-01-29 17:01:31,085 INFO c.h.h.t.HelmChartContainer - [K3S] [probe.go:272] Flexvolume plugin directory at /usr/libexec/kubernetes/kubelet-plugins/volume/exec/ does not exist. Recreating.
2025-01-29 17:01:31,085 INFO c.h.h.t.HelmChartContainer - [K3S] [watchdog_linux.go:99] "Systemd watchdog is not enabled"
2025-01-29 17:01:31,085 INFO c.h.h.t.HelmChartContainer - [K3S] [server.go:1282] "Started kubelet"
2025-01-29 17:01:31,089 INFO c.h.h.t.HelmChartContainer - [K3S] [fs_resource_analyzer.go:67] "Starting FS ResourceAnalyzer"
2025-01-29 17:01:31,094 INFO c.h.h.t.HelmChartContainer - [K3S] [server.go:169] "Starting to listen" address="0.0.0.0" port=10250
2025-01-29 17:01:31,094 INFO c.h.h.t.HelmChartContainer - [K3S] [server.go:208] "Starting to listen read-only" address="0.0.0.0" port=10255
2025-01-29 17:01:31,094 INFO c.h.h.t.HelmChartContainer - [K3S] [ratelimit.go:55] "Setting rate limiting for endpoint" service="podresources" qps=100 burstTokens=10
2025-01-29 17:01:31,094 INFO c.h.h.t.HelmChartContainer - [K3S] [server.go:243] "Starting to serve the podresources API" endpoint="unix:/var/lib/kubelet/pod-resources/kubelet.sock"
2025-01-29 17:01:31,094 INFO c.h.h.t.HelmChartContainer - [K3S] [dynamic_serving_content.go:135] "Starting controller" name="kubelet-server-cert-files::/var/lib/rancher/k3s/agent/serving-kubelet.crt::/var/lib/rancher/k3s/agent/serving-kubelet.key"
2025-01-29 17:01:31,095 INFO c.h.h.t.HelmChartContainer - [K3S] [volume_manager.go:297] "Starting Kubelet Volume Manager"
2025-01-29 17:01:31,097 INFO c.h.h.t.HelmChartContainer - [K3S] [kubelet_node_status.go:467] "Error getting the current node from lister" err="node \"38f70066c240\" not found"
2025-01-29 17:01:31,100 INFO c.h.h.t.HelmChartContainer - [K3S] [server.go:490] "Adding debug handlers to kubelet server"
2025-01-29 17:01:31,102 INFO c.h.h.t.HelmChartContainer - [K3S] [desired_state_of_world_populator.go:149] "Desired state populator starts to run"
2025-01-29 17:01:31,103 INFO c.h.h.t.HelmChartContainer - [K3S] [reconciler.go:26] "Reconciler: start to sync state"
2025-01-29 17:01:31,110 INFO c.h.h.t.HelmChartContainer - [K3S] [factory.go:221] Registration of the systemd container factory successfully
2025-01-29 17:01:31,110 INFO c.h.h.t.HelmChartContainer - [K3S] [factory.go:219] Registration of the crio container factory failed: Get "http://%2Fvar%2Frun%2Fcrio%2Fcrio.sock/info": dial unix /var/run/crio/crio.sock: connect: no such file or directory
2025-01-29 17:01:31,123 INFO c.h.h.t.HelmChartContainer - [K3S] [kubelet_network_linux.go:50] "Initialized iptables rules." protocol="IPv4"
2025-01-29 17:01:31,127 INFO c.h.h.t.HelmChartContainer - [K3S] [kubelet_network_linux.go:50] "Initialized iptables rules." protocol="IPv6"
2025-01-29 17:01:31,127 INFO c.h.h.t.HelmChartContainer - [K3S] [status_manager.go:227] "Starting to sync pod status with apiserver"
2025-01-29 17:01:31,127 INFO c.h.h.t.HelmChartContainer - [K3S] [watchdog_linux.go:127] "Systemd watchdog is not enabled or the interval is invalid, so health checking will not be started."
2025-01-29 17:01:31,128 INFO c.h.h.t.HelmChartContainer - [K3S] [kubelet.go:2388] "Starting kubelet main sync loop"
2025-01-29 17:01:31,128 INFO c.h.h.t.HelmChartContainer - [K3S] [kubelet.go:2412] "Skipping pod synchronization" err="[container runtime status check may not have completed yet, PLEG is not healthy: pleg has yet to be successful]"
2025-01-29 17:01:31,128 INFO c.h.h.t.HelmChartContainer - [K3S] [kubelet.go:1561] "Image garbage collection failed once. Stats initialization may not have completed yet" err="invalid capacity 0 on image filesystem"
2025-01-29 17:01:31,129 INFO c.h.h.t.HelmChartContainer - [K3S] [factory.go:221] Registration of the containerd container factory successfully
2025-01-29 17:01:31,152 INFO c.h.h.t.HelmChartContainer - [K3S] [nodelease.go:49] "Failed to get node when trying to set owner ref to the node lease" err="nodes \"38f70066c240\" not found" node="38f70066c240"
2025-01-29 17:01:31,172 INFO c.h.h.t.HelmChartContainer - [K3S] [cpu_manager.go:221] "Starting CPU manager" policy="none"
2025-01-29 17:01:31,172 INFO c.h.h.t.HelmChartContainer - [K3S] [cpu_manager.go:222] "Reconciling" reconcilePeriod="10s"
2025-01-29 17:01:31,173 INFO c.h.h.t.HelmChartContainer - [K3S] [state_mem.go:36] "Initialized new in-memory state store"
2025-01-29 17:01:31,174 INFO c.h.h.t.HelmChartContainer - [K3S] [policy_none.go:49] "None policy: Start"
2025-01-29 17:01:31,174 INFO c.h.h.t.HelmChartContainer - [K3S] [memory_manager.go:186] "Starting memorymanager" policy="None"
2025-01-29 17:01:31,174 INFO c.h.h.t.HelmChartContainer - [K3S] [state_mem.go:35] "Initializing new in-memory state store"
2025-01-29 17:01:31,177 INFO c.h.h.t.HelmChartContainer - [K3S] [manager.go:519] "Failed to read data from checkpoint" checkpoint="kubelet_internal_checkpoint" err="checkpoint is not found"
2025-01-29 17:01:31,177 INFO c.h.h.t.HelmChartContainer - [K3S] [eviction_manager.go:189] "Eviction manager: starting control loop"
2025-01-29 17:01:31,177 INFO c.h.h.t.HelmChartContainer - [K3S] [container_log_manager.go:189] "Initializing container log rotate workers" workers=1 monitorPeriod="10s"
2025-01-29 17:01:31,189 INFO c.h.h.t.HelmChartContainer - [K3S] [plugin_manager.go:118] "Starting Kubelet Plugin Manager"
2025-01-29 17:01:31,190 INFO c.h.h.t.HelmChartContainer - [K3S] [eviction_manager.go:267] "eviction manager: failed to check if we have separate container filesystem. Ignoring." err="no imagefs label for configured runtime"
2025-01-29 17:01:31,190 INFO c.h.h.t.HelmChartContainer - [K3S] [eviction_manager.go:292] "Eviction manager: failed to get summary stats" err="failed to get node info: node \"38f70066c240\" not found"
2025-01-29 17:01:31,208 INFO c.h.h.t.HelmChartContainer - [K3S] [ERROR] Sending HTTP/1.1 503 response to 127.0.0.1:59046: runtime core not ready
2025-01-29 17:01:31,278 INFO c.h.h.t.HelmChartContainer - [K3S] [kubelet_node_status.go:76] "Attempting to register node" node="38f70066c240"
2025-01-29 17:01:31,284 INFO c.h.h.t.HelmChartContainer - [K3S] [kubelet_node_status.go:79] "Successfully registered node" node="38f70066c240"
2025-01-29 17:01:31,284 INFO c.h.h.t.HelmChartContainer - [K3S] [kubelet_node_status.go:549] "Error updating node status, will retry" err="error getting node \"38f70066c240\": node \"38f70066c240\" not found"
2025-01-29 17:01:31,288 INFO c.h.h.t.HelmChartContainer - [K3S] [INFO] Annotations and labels have been set successfully on node: 38f70066c240
2025-01-29 17:01:31,288 INFO c.h.h.t.HelmChartContainer - [K3S] [INFO] Starting flannel with backend vxlan
2025-01-29 17:01:31,292 INFO c.h.h.t.HelmChartContainer - [K3S] [INFO] Running kube-proxy --cluster-cidr=10.42.0.0/16 --conntrack-max-per-core=0 --conntrack-tcp-timeout-close-wait=0s --conntrack-tcp-timeout-established=0s --healthz-bind-address=127.0.0.1 --hostname-override=38f70066c240 --kubeconfig=/var/lib/rancher/k3s/agent/kubeproxy.kubeconfig --proxy-mode=iptables
2025-01-29 17:01:31,335 INFO c.h.h.t.HelmChartContainer - [K3S] [server.go:698] "Successfully retrieved node IP(s)" IPs=["172.18.0.2"]
2025-01-29 17:01:31,336 INFO c.h.h.t.HelmChartContainer - [K3S] [server.go:234] "Kube-proxy configuration may be incomplete or incorrect" err="nodePortAddresses is unset; NodePort connections will be accepted on all local IPs. Consider using `--nodeport-addresses primary`"
2025-01-29 17:01:31,341 INFO c.h.h.t.HelmChartContainer - [K3S] [server.go:243] "kube-proxy running in dual-stack mode" primary ipFamily="IPv4"
2025-01-29 17:01:31,341 INFO c.h.h.t.HelmChartContainer - [K3S] [server_linux.go:170] "Using iptables Proxier"
2025-01-29 17:01:31,342 INFO c.h.h.t.HelmChartContainer - [K3S] [proxier.go:255] "Setting route_localnet=1 to allow node-ports on localhost; to change this either disable iptables.localhostNodePorts (--iptables-localhost-nodeports) or set nodePortAddresses (--nodeport-addresses) to filter loopback addresses"
2025-01-29 17:01:31,346 INFO c.h.h.t.HelmChartContainer - [K3S] [server.go:497] "Version info" version="v1.32.1+k3s1"
2025-01-29 17:01:31,346 INFO c.h.h.t.HelmChartContainer - [K3S] [server.go:499] "Golang settings" GOGC="" GOMAXPROCS="" GOTRACEBACK=""
2025-01-29 17:01:31,348 INFO c.h.h.t.HelmChartContainer - [K3S] [config.go:329] "Starting node config controller"
2025-01-29 17:01:31,348 INFO c.h.h.t.HelmChartContainer - [K3S] [config.go:199] "Starting service config controller"
2025-01-29 17:01:31,350 INFO c.h.h.t.HelmChartContainer - [K3S] [config.go:105] "Starting endpoint slice config controller"
2025-01-29 17:01:31,495 INFO c.h.h.t.HelmChartContainer - [K3S] [kubelet_node_status.go:502] "Fast updating node status as it just became ready"
2025-01-29 17:01:31,855 INFO c.h.h.t.HelmChartContainer - [K3S] [INFO] Waiting for untainted node
2025-01-29 17:01:31,856 INFO c.h.h.t.HelmChartContainer - [K3S] [INFO] Kube API server is now running
2025-01-29 17:01:31,856 INFO c.h.h.t.HelmChartContainer - [K3S] [INFO] ETCD server is now running
2025-01-29 17:01:31,856 INFO c.h.h.t.HelmChartContainer - [K3S] [INFO] k3s is up and running
2025-01-29 17:01:31,856 INFO c.h.h.t.HelmChartContainer - [K3S] [INFO] Waiting for cloud-controller-manager privileges to become available
2025-01-29 17:01:31,856 INFO c.h.h.t.HelmChartContainer - [K3S] [INFO] Creating k3s-supervisor event broadcaster
2025-01-29 17:01:31,865 INFO c.h.h.t.HelmChartContainer - [K3S] [INFO] Applying CRD addons.k3s.cattle.io
2025-01-29 17:01:31,876 INFO c.h.h.t.HelmChartContainer - [K3S] [INFO] Applying CRD etcdsnapshotfiles.k3s.cattle.io
2025-01-29 17:01:31,889 INFO c.h.h.t.HelmChartContainer - [K3S] [INFO] Applying CRD helmcharts.helm.cattle.io
2025-01-29 17:01:31,904 INFO c.h.h.t.HelmChartContainer - [K3S] [INFO] Applying CRD helmchartconfigs.helm.cattle.io
2025-01-29 17:01:31,916 INFO c.h.h.t.HelmChartContainer - [K3S] [INFO] Waiting for CRD helmchartconfigs.helm.cattle.io to become available
2025-01-29 17:01:32,082 INFO c.h.h.t.HelmChartContainer - [K3S] [apiserver.go:52] "Watching apiserver"
2025-01-29 17:01:32,103 INFO c.h.h.t.HelmChartContainer - [K3S] [desired_state_of_world_populator.go:157] "Finished populating initial desired state of world"
2025-01-29 17:01:32,143 INFO c.h.h.t.HelmChartContainer - [K3S] [serving.go:392] Generated self-signed cert in-memory
2025-01-29 17:01:32,276 INFO c.h.h.t.HelmChartContainer - [K3S] [controllermanager.go:185] "Starting" version="v1.32.1+k3s1"
2025-01-29 17:01:32,276 INFO c.h.h.t.HelmChartContainer - [K3S] [controllermanager.go:187] "Golang settings" GOGC="" GOMAXPROCS="" GOTRACEBACK=""
2025-01-29 17:01:32,282 INFO c.h.h.t.HelmChartContainer - [K3S] [requestheader_controller.go:180] Starting RequestHeaderAuthRequestController
2025-01-29 17:01:32,282 INFO c.h.h.t.HelmChartContainer - [K3S] [configmap_cafile_content.go:205] "Starting controller" name="client-ca::kube-system::extension-apiserver-authentication::requestheader-client-ca-file"
2025-01-29 17:01:32,282 INFO c.h.h.t.HelmChartContainer - [K3S] [configmap_cafile_content.go:205] "Starting controller" name="client-ca::kube-system::extension-apiserver-authentication::client-ca-file"
2025-01-29 17:01:32,282 INFO c.h.h.t.HelmChartContainer - [K3S] [secure_serving.go:213] Serving securely on 127.0.0.1:10257
2025-01-29 17:01:32,282 INFO c.h.h.t.HelmChartContainer - [K3S] [tlsconfig.go:243] "Starting DynamicServingCertificateController"
2025-01-29 17:01:32,285 INFO c.h.h.t.HelmChartContainer - [K3S] [controllermanager.go:765] "Started controller" controller="serviceaccount-token-controller"
2025-01-29 17:01:32,293 INFO c.h.h.t.HelmChartContainer - [K3S] [controllermanager.go:765] "Started controller" controller="token-cleaner-controller"
2025-01-29 17:01:32,294 INFO c.h.h.t.HelmChartContainer - [K3S] [tokencleaner.go:117] "Starting token cleaner controller"
2025-01-29 17:01:32,300 INFO c.h.h.t.HelmChartContainer - [K3S] [controllermanager.go:765] "Started controller" controller="persistentvolumeclaim-protection-controller"
2025-01-29 17:01:32,300 INFO c.h.h.t.HelmChartContainer - [K3S] [pvc_protection_controller.go:168] "Starting PVC protection controller"
2025-01-29 17:01:32,305 INFO c.h.h.t.HelmChartContainer - [K3S] [controllermanager.go:765] "Started controller" controller="serviceaccount-controller"
2025-01-29 17:01:32,306 INFO c.h.h.t.HelmChartContainer - [K3S] [serviceaccounts_controller.go:114] "Starting service account controller"
2025-01-29 17:01:32,311 INFO c.h.h.t.HelmChartContainer - [K3S] [controllermanager.go:765] "Started controller" controller="deployment-controller"
2025-01-29 17:01:32,311 INFO c.h.h.t.HelmChartContainer - [K3S] [deployment_controller.go:173] "Starting controller" controller="deployment"
2025-01-29 17:01:32,321 INFO c.h.h.t.HelmChartContainer - [K3S] [controllermanager.go:765] "Started controller" controller="horizontal-pod-autoscaler-controller"
2025-01-29 17:01:32,321 INFO c.h.h.t.HelmChartContainer - [K3S] [horizontal.go:201] "Starting HPA controller"
2025-01-29 17:01:32,327 INFO c.h.h.t.HelmChartContainer - [K3S] [controllermanager.go:765] "Started controller" controller="statefulset-controller"
2025-01-29 17:01:32,328 INFO c.h.h.t.HelmChartContainer - [K3S] [stateful_set.go:166] "Starting stateful set controller"
2025-01-29 17:01:32,334 INFO c.h.h.t.HelmChartContainer - [K3S] [controllermanager.go:765] "Started controller" controller="cronjob-controller"
2025-01-29 17:01:32,334 INFO c.h.h.t.HelmChartContainer - [K3S] [cronjob_controllerv2.go:145] "Starting cronjob controller v2"
2025-01-29 17:01:32,339 INFO c.h.h.t.HelmChartContainer - [K3S] [controllermanager.go:765] "Started controller" controller="certificatesigningrequest-approving-controller"
2025-01-29 17:01:32,340 INFO c.h.h.t.HelmChartContainer - [K3S] [certificate_controller.go:120] "Starting certificate controller" name="csrapproving"
2025-01-29 17:01:32,367 INFO c.h.h.t.HelmChartContainer - [K3S] [controllermanager.go:765] "Started controller" controller="validatingadmissionpolicy-status-controller"
2025-01-29 17:01:32,418 INFO c.h.h.t.HelmChartContainer - [K3S] [INFO] Done waiting for CRD helmchartconfigs.helm.cattle.io to become available
2025-01-29 17:01:32,418 INFO c.h.h.t.HelmChartContainer - [K3S] [INFO] Writing static file: /var/lib/rancher/k3s/server/static/charts/traefik-27.0.201+up27.0.2.tgz
2025-01-29 17:01:32,419 INFO c.h.h.t.HelmChartContainer - [K3S] [INFO] Writing static file: /var/lib/rancher/k3s/server/static/charts/traefik-crd-27.0.201+up27.0.2.tgz
2025-01-29 17:01:32,420 INFO c.h.h.t.HelmChartContainer - [K3S] [INFO] Writing manifest: /var/lib/rancher/k3s/server/manifests/metrics-server/metrics-server-deployment.yaml
2025-01-29 17:01:32,421 INFO c.h.h.t.HelmChartContainer - [K3S] [INFO] Writing manifest: /var/lib/rancher/k3s/server/manifests/metrics-server/metrics-server-service.yaml
2025-01-29 17:01:32,421 INFO c.h.h.t.HelmChartContainer - [K3S] [INFO] Writing manifest: /var/lib/rancher/k3s/server/manifests/rolebindings.yaml
2025-01-29 17:01:32,421 INFO c.h.h.t.HelmChartContainer - [K3S] [INFO] Writing manifest: /var/lib/rancher/k3s/server/manifests/ccm.yaml
2025-01-29 17:01:32,421 INFO c.h.h.t.HelmChartContainer - [K3S] [INFO] Writing manifest: /var/lib/rancher/k3s/server/manifests/coredns.yaml
2025-01-29 17:01:32,421 INFO c.h.h.t.HelmChartContainer - [K3S] [INFO] Writing manifest: /var/lib/rancher/k3s/server/manifests/local-storage.yaml
2025-01-29 17:01:32,421 INFO c.h.h.t.HelmChartContainer - [K3S] [INFO] Writing manifest: /var/lib/rancher/k3s/server/manifests/metrics-server/aggregated-metrics-reader.yaml
2025-01-29 17:01:32,421 INFO c.h.h.t.HelmChartContainer - [K3S] [INFO] Writing manifest: /var/lib/rancher/k3s/server/manifests/metrics-server/auth-delegator.yaml
2025-01-29 17:01:32,422 INFO c.h.h.t.HelmChartContainer - [K3S] [INFO] Writing manifest: /var/lib/rancher/k3s/server/manifests/metrics-server/auth-reader.yaml
2025-01-29 17:01:32,422 INFO c.h.h.t.HelmChartContainer - [K3S] [INFO] Writing manifest: /var/lib/rancher/k3s/server/manifests/metrics-server/metrics-apiservice.yaml
2025-01-29 17:01:32,422 INFO c.h.h.t.HelmChartContainer - [K3S] [INFO] Writing manifest: /var/lib/rancher/k3s/server/manifests/metrics-server/resource-reader.yaml
2025-01-29 17:01:32,422 INFO c.h.h.t.HelmChartContainer - [K3S] [INFO] Writing manifest: /var/lib/rancher/k3s/server/manifests/runtimes.yaml
2025-01-29 17:01:32,422 INFO c.h.h.t.HelmChartContainer - [K3S] [INFO] Tunnel server egress proxy mode: agent
2025-01-29 17:01:32,423 INFO c.h.h.t.HelmChartContainer - [K3S] [INFO] Starting dynamiclistener CN filter node controller with SANs: [localhost 127.0.0.1 ::1 localhost 38f70066c240 172.18.0.2 10.43.0.1 kubernetes kubernetes.default kubernetes.default.svc kubernetes.default.svc.cluster.local]
2025-01-29 17:01:32,489 INFO c.h.h.t.HelmChartContainer - [K3S] [controllermanager.go:765] "Started controller" controller="endpoints-controller"
2025-01-29 17:01:32,489 INFO c.h.h.t.HelmChartContainer - [K3S] [controllermanager.go:717] "Controller is disabled by a feature gate" controller="resourceclaim-controller" requiredFeatureGates=["DynamicResourceAllocation"]
2025-01-29 17:01:32,489 INFO c.h.h.t.HelmChartContainer - [K3S] [endpoints_controller.go:182] "Starting endpoint controller"
2025-01-29 17:01:32,528 INFO c.h.h.t.HelmChartContainer - [K3S] [INFO] Starting k3s.cattle.io/v1, Kind=Addon controller
2025-01-29 17:01:32,528 INFO c.h.h.t.HelmChartContainer - [K3S] [INFO] Creating deploy event broadcaster
2025-01-29 17:01:32,631 INFO c.h.h.t.HelmChartContainer - [K3S] [INFO] Starting /v1, Kind=Node controller
2025-01-29 17:01:32,635 INFO c.h.h.t.HelmChartContainer - [K3S] [INFO] Creating helm-controller event broadcaster
2025-01-29 17:01:32,640 INFO c.h.h.t.HelmChartContainer - [K3S] [INFO] Cluster dns configmap has been set successfully
2025-01-29 17:01:32,649 INFO c.h.h.t.HelmChartContainer - [K3S] [INFO] Labels and annotations have been set successfully on node: 38f70066c240
2025-01-29 17:01:32,686 INFO c.h.h.t.HelmChartContainer - [K3S] [INFO] Starting /v1, Kind=ConfigMap controller
2025-01-29 17:01:32,688 INFO c.h.h.t.HelmChartContainer - [K3S] [INFO] Starting /v1, Kind=ServiceAccount controller
2025-01-29 17:01:32,688 INFO c.h.h.t.HelmChartContainer - [K3S] [INFO] Starting /v1, Kind=Secret controller
2025-01-29 17:01:32,688 INFO c.h.h.t.HelmChartContainer - [K3S] [controllermanager.go:765] "Started controller" controller="disruption-controller"
2025-01-29 17:01:32,688 INFO c.h.h.t.HelmChartContainer - [K3S] [disruption.go:452] "Sending events to api server."
2025-01-29 17:01:32,688 INFO c.h.h.t.HelmChartContainer - [K3S] [disruption.go:463] "Starting disruption controller"
2025-01-29 17:01:32,695 INFO c.h.h.t.HelmChartContainer - [K3S] [INFO] Updating TLS secret for kube-system/k3s-serving (count: 10): map[listener.cattle.io/cn-10.43.0.1:10.43.0.1 listener.cattle.io/cn-127.0.0.1:127.0.0.1 listener.cattle.io/cn-172.18.0.2:172.18.0.2 listener.cattle.io/cn-38f70066c240:38f70066c240 listener.cattle.io/cn-__1-f16284:::1 listener.cattle.io/cn-kubernetes:kubernetes listener.cattle.io/cn-kubernetes.default:kubernetes.default listener.cattle.io/cn-kubernetes.default.svc:kubernetes.default.svc listener.cattle.io/cn-kubernetes.default.svc.cluster.local:kubernetes.default.svc.cluster.local listener.cattle.io/cn-localhost:localhost listener.cattle.io/fingerprint:SHA1=90A73481813CC55C62501CB8302FAA2EACE48166]
2025-01-29 17:01:32,699 INFO c.h.h.t.HelmChartContainer - [K3S] [INFO] Active TLS secret kube-system/k3s-serving (ver=241) (count 10): map[listener.cattle.io/cn-10.43.0.1:10.43.0.1 listener.cattle.io/cn-127.0.0.1:127.0.0.1 listener.cattle.io/cn-172.18.0.2:172.18.0.2 listener.cattle.io/cn-38f70066c240:38f70066c240 listener.cattle.io/cn-__1-f16284:::1 listener.cattle.io/cn-kubernetes:kubernetes listener.cattle.io/cn-kubernetes.default:kubernetes.default listener.cattle.io/cn-kubernetes.default.svc:kubernetes.default.svc listener.cattle.io/cn-kubernetes.default.svc.cluster.local:kubernetes.default.svc.cluster.local listener.cattle.io/cn-localhost:localhost listener.cattle.io/fingerprint:SHA1=90A73481813CC55C62501CB8302FAA2EACE48166]
2025-01-29 17:01:32,743 INFO c.h.h.t.HelmChartContainer - [K3S] [INFO] Starting helm.cattle.io/v1, Kind=HelmChart controller
2025-01-29 17:01:32,743 INFO c.h.h.t.HelmChartContainer - [K3S] [INFO] Starting helm.cattle.io/v1, Kind=HelmChartConfig controller
2025-01-29 17:01:32,746 INFO c.h.h.t.HelmChartContainer - [K3S] [INFO] Starting rbac.authorization.k8s.io/v1, Kind=ClusterRoleBinding controller
2025-01-29 17:01:32,749 INFO c.h.h.t.HelmChartContainer - [K3S] [INFO] Starting batch/v1, Kind=Job controller
2025-01-29 17:01:32,789 INFO c.h.h.t.HelmChartContainer - [K3S] [INFO] Updating TLS secret for kube-system/k3s-serving (count: 10): map[listener.cattle.io/cn-10.43.0.1:10.43.0.1 listener.cattle.io/cn-127.0.0.1:127.0.0.1 listener.cattle.io/cn-172.18.0.2:172.18.0.2 listener.cattle.io/cn-38f70066c240:38f70066c240 listener.cattle.io/cn-__1-f16284:::1 listener.cattle.io/cn-kubernetes:kubernetes listener.cattle.io/cn-kubernetes.default:kubernetes.default listener.cattle.io/cn-kubernetes.default.svc:kubernetes.default.svc listener.cattle.io/cn-kubernetes.default.svc.cluster.local:kubernetes.default.svc.cluster.local listener.cattle.io/cn-localhost:localhost listener.cattle.io/fingerprint:SHA1=90A73481813CC55C62501CB8302FAA2EACE48166]
2025-01-29 17:01:32,943 INFO c.h.h.t.HelmChartContainer - [K3S] [range_allocator.go:112] "No Secondary Service CIDR provided. Skipping filtering out secondary service addresses"
2025-01-29 17:01:32,943 INFO c.h.h.t.HelmChartContainer - [K3S] [controllermanager.go:765] "Started controller" controller="node-ipam-controller"
2025-01-29 17:01:32,943 INFO c.h.h.t.HelmChartContainer - [K3S] [controllermanager.go:723] "Skipping a cloud provider controller" controller="cloud-node-lifecycle-controller"
2025-01-29 17:01:32,944 INFO c.h.h.t.HelmChartContainer - [K3S] [node_ipam_controller.go:141] "Starting ipam controller"
2025-01-29 17:01:33,088 INFO c.h.h.t.HelmChartContainer - [K3S] [controllermanager.go:765] "Started controller" controller="job-controller"
2025-01-29 17:01:33,088 INFO c.h.h.t.HelmChartContainer - [K3S] [job_controller.go:243] "Starting job controller"
2025-01-29 17:01:33,239 INFO c.h.h.t.HelmChartContainer - [K3S] [controllermanager.go:765] "Started controller" controller="replicaset-controller"
2025-01-29 17:01:33,240 INFO c.h.h.t.HelmChartContainer - [K3S] [replica_set.go:217] "Starting controller" name="replicaset"
2025-01-29 17:01:33,388 INFO c.h.h.t.HelmChartContainer - [K3S] [controllermanager.go:765] "Started controller" controller="persistentvolume-binder-controller"
2025-01-29 17:01:33,389 INFO c.h.h.t.HelmChartContainer - [K3S] [pv_controller_base.go:308] "Starting persistent volume controller"
2025-01-29 17:01:33,538 INFO c.h.h.t.HelmChartContainer - [K3S] [controllermanager.go:765] "Started controller" controller="ttl-after-finished-controller"
2025-01-29 17:01:33,539 INFO c.h.h.t.HelmChartContainer - [K3S] [ttlafterfinished_controller.go:112] "Starting TTL after finished controller"
2025-01-29 17:01:33,688 INFO c.h.h.t.HelmChartContainer - [K3S] [controllermanager.go:765] "Started controller" controller="replicationcontroller-controller"
2025-01-29 17:01:33,689 INFO c.h.h.t.HelmChartContainer - [K3S] [replica_set.go:217] "Starting controller" name="replicationcontroller"
2025-01-29 17:01:33,738 INFO c.h.h.t.HelmChartContainer - [K3S] [controllermanager.go:765] "Started controller" controller="certificatesigningrequest-cleaner-controller"
2025-01-29 17:01:33,738 INFO c.h.h.t.HelmChartContainer - [K3S] [controllermanager.go:728] "Warning: controller is disabled" controller="bootstrap-signer-controller"
2025-01-29 17:01:33,738 INFO c.h.h.t.HelmChartContainer - [K3S] [controllermanager.go:717] "Controller is disabled by a feature gate" controller="volumeattributesclass-protection-controller" requiredFeatureGates=["VolumeAttributesClass"]
2025-01-29 17:01:33,738 INFO c.h.h.t.HelmChartContainer - [K3S] [cleaner.go:83] "Starting CSR cleaner controller"
2025-01-29 17:01:33,889 INFO c.h.h.t.HelmChartContainer - [K3S] [controllermanager.go:765] "Started controller" controller="ephemeral-volume-controller"
2025-01-29 17:01:33,889 INFO c.h.h.t.HelmChartContainer - [K3S] [controller.go:173] "Starting ephemeral volume controller"
2025-01-29 17:01:34,039 INFO c.h.h.t.HelmChartContainer - [K3S] [controllermanager.go:765] "Started controller" controller="endpointslice-mirroring-controller"
2025-01-29 17:01:34,039 INFO c.h.h.t.HelmChartContainer - [K3S] [endpointslicemirroring_controller.go:227] "Starting EndpointSliceMirroring controller"
2025-01-29 17:01:34,189 INFO c.h.h.t.HelmChartContainer - [K3S] [controllermanager.go:765] "Started controller" controller="pod-garbage-collector-controller"
2025-01-29 17:01:34,189 INFO c.h.h.t.HelmChartContainer - [K3S] [gc_controller.go:99] "Starting GC controller"
2025-01-29 17:01:34,339 INFO c.h.h.t.HelmChartContainer - [K3S] [controllermanager.go:765] "Started controller" controller="ttl-controller"
2025-01-29 17:01:34,340 INFO c.h.h.t.HelmChartContainer - [K3S] [ttl_controller.go:127] "Starting TTL controller"
2025-01-29 17:01:34,488 INFO c.h.h.t.HelmChartContainer - [K3S] [controllermanager.go:765] "Started controller" controller="persistentvolume-protection-controller"
2025-01-29 17:01:34,488 INFO c.h.h.t.HelmChartContainer - [K3S] [pv_protection_controller.go:81] "Starting PV protection controller"
2025-01-29 17:01:34,536 INFO c.h.h.t.HelmChartContainer - [K3S] [event.go:389] "Event occurred" object="kube-system/ccm" fieldPath="" kind="Addon" apiVersion="k3s.cattle.io/v1" type="Normal" reason="ApplyingManifest" message="Applying manifest at \"/var/lib/rancher/k3s/server/manifests/ccm.yaml\""
2025-01-29 17:01:34,543 INFO c.h.h.t.HelmChartContainer - [K3S] [controllermanager.go:765] "Started controller" controller="taint-eviction-controller"
2025-01-29 17:01:34,544 INFO c.h.h.t.HelmChartContainer - [K3S] [controllermanager.go:717] "Controller is disabled by a feature gate" controller="selinux-warning-controller" requiredFeatureGates=["SELinuxChangePolicy"]
2025-01-29 17:01:34,544 INFO c.h.h.t.HelmChartContainer - [K3S] [taint_eviction.go:281] "Starting" controller="taint-eviction-controller"
2025-01-29 17:01:34,544 INFO c.h.h.t.HelmChartContainer - [K3S] [taint_eviction.go:287] "Sending events to api server"
2025-01-29 17:01:34,563 INFO c.h.h.t.HelmChartContainer - [K3S] [event.go:389] "Event occurred" object="kube-system/ccm" fieldPath="" kind="Addon" apiVersion="k3s.cattle.io/v1" type="Normal" reason="AppliedManifest" message="Applied manifest at \"/var/lib/rancher/k3s/server/manifests/ccm.yaml\""
2025-01-29 17:01:34,572 INFO c.h.h.t.HelmChartContainer - [K3S] [event.go:389] "Event occurred" object="kube-system/coredns" fieldPath="" kind="Addon" apiVersion="k3s.cattle.io/v1" type="Normal" reason="ApplyingManifest" message="Applying manifest at \"/var/lib/rancher/k3s/server/manifests/coredns.yaml\""
2025-01-29 17:01:34,639 INFO c.h.h.t.HelmChartContainer - [K3S] [event.go:389] "Event occurred" object="38f70066c240" fieldPath="" kind="Node" apiVersion="" type="Normal" reason="NodePasswordValidationComplete" message="Deferred node password secret validation complete"
2025-01-29 17:01:34,694 INFO c.h.h.t.HelmChartContainer - [K3S] [controllermanager.go:765] "Started controller" controller="persistentvolume-expander-controller"
2025-01-29 17:01:34,694 INFO c.h.h.t.HelmChartContainer - [K3S] [expand_controller.go:329] "Starting expand controller"
2025-01-29 17:01:34,701 INFO c.h.h.t.HelmChartContainer - [K3S] [alloc.go:330] "allocated clusterIPs" service="kube-system/kube-dns" clusterIPs={"IPv4":"10.43.0.10"}
2025-01-29 17:01:34,702 INFO c.h.h.t.HelmChartContainer - [K3S] [event.go:389] "Event occurred" object="kube-system/coredns" fieldPath="" kind="Addon" apiVersion="k3s.cattle.io/v1" type="Normal" reason="AppliedManifest" message="Applied manifest at \"/var/lib/rancher/k3s/server/manifests/coredns.yaml\""
2025-01-29 17:01:34,720 INFO c.h.h.t.HelmChartContainer - [K3S] [event.go:389] "Event occurred" object="kube-system/local-storage" fieldPath="" kind="Addon" apiVersion="k3s.cattle.io/v1" type="Normal" reason="ApplyingManifest" message="Applying manifest at \"/var/lib/rancher/k3s/server/manifests/local-storage.yaml\""
2025-01-29 17:01:34,779 INFO c.h.h.t.HelmChartContainer - [K3S] [event.go:389] "Event occurred" object="kube-system/local-storage" fieldPath="" kind="Addon" apiVersion="k3s.cattle.io/v1" type="Normal" reason="AppliedManifest" message="Applied manifest at \"/var/lib/rancher/k3s/server/manifests/local-storage.yaml\""
2025-01-29 17:01:34,786 INFO c.h.h.t.HelmChartContainer - [K3S] [event.go:389] "Event occurred" object="kube-system/aggregated-metrics-reader" fieldPath="" kind="Addon" apiVersion="k3s.cattle.io/v1" type="Normal" reason="ApplyingManifest" message="Applying manifest at \"/var/lib/rancher/k3s/server/manifests/metrics-server/aggregated-metrics-reader.yaml\""
2025-01-29 17:01:34,832 INFO c.h.h.t.HelmChartContainer - [K3S] [event.go:389] "Event occurred" object="kube-system/aggregated-metrics-reader" fieldPath="" kind="Addon" apiVersion="k3s.cattle.io/v1" type="Normal" reason="AppliedManifest" message="Applied manifest at \"/var/lib/rancher/k3s/server/manifests/metrics-server/aggregated-metrics-reader.yaml\""
2025-01-29 17:01:34,838 INFO c.h.h.t.HelmChartContainer - [K3S] [controllermanager.go:765] "Started controller" controller="clusterrole-aggregation-controller"
2025-01-29 17:01:34,838 INFO c.h.h.t.HelmChartContainer - [K3S] [clusterroleaggregation_controller.go:194] "Starting ClusterRoleAggregator controller"
2025-01-29 17:01:34,839 INFO c.h.h.t.HelmChartContainer - [K3S] [event.go:389] "Event occurred" object="kube-system/auth-delegator" fieldPath="" kind="Addon" apiVersion="k3s.cattle.io/v1" type="Normal" reason="ApplyingManifest" message="Applying manifest at \"/var/lib/rancher/k3s/server/manifests/metrics-server/auth-delegator.yaml\""
2025-01-29 17:01:34,851 INFO c.h.h.t.HelmChartContainer - [K3S] [event.go:389] "Event occurred" object="kube-system/auth-delegator" fieldPath="" kind="Addon" apiVersion="k3s.cattle.io/v1" type="Normal" reason="AppliedManifest" message="Applied manifest at \"/var/lib/rancher/k3s/server/manifests/metrics-server/auth-delegator.yaml\""
2025-01-29 17:01:34,857 INFO c.h.h.t.HelmChartContainer - [K3S] [event.go:389] "Event occurred" object="kube-system/auth-reader" fieldPath="" kind="Addon" apiVersion="k3s.cattle.io/v1" type="Normal" reason="ApplyingManifest" message="Applying manifest at \"/var/lib/rancher/k3s/server/manifests/metrics-server/auth-reader.yaml\""
2025-01-29 17:01:34,862 INFO c.h.h.t.HelmChartContainer - [K3S] [event.go:389] "Event occurred" object="kube-system/auth-reader" fieldPath="" kind="Addon" apiVersion="k3s.cattle.io/v1" type="Normal" reason="AppliedManifest" message="Applied manifest at \"/var/lib/rancher/k3s/server/manifests/metrics-server/auth-reader.yaml\""
2025-01-29 17:01:34,872 INFO c.h.h.t.HelmChartContainer - [K3S] [event.go:389] "Event occurred" object="kube-system/metrics-apiservice" fieldPath="" kind="Addon" apiVersion="k3s.cattle.io/v1" type="Normal" reason="ApplyingManifest" message="Applying manifest at \"/var/lib/rancher/k3s/server/manifests/metrics-server/metrics-apiservice.yaml\""
2025-01-29 17:01:34,877 INFO c.h.h.t.HelmChartContainer - [K3S] [event.go:389] "Event occurred" object="kube-system/metrics-apiservice" fieldPath="" kind="Addon" apiVersion="k3s.cattle.io/v1" type="Normal" reason="AppliedManifest" message="Applied manifest at \"/var/lib/rancher/k3s/server/manifests/metrics-server/metrics-apiservice.yaml\""
2025-01-29 17:01:34,884 INFO c.h.h.t.HelmChartContainer - [K3S] [handler_proxy.go:99] no RequestInfo found in the context
2025-01-29 17:01:34,885 INFO c.h.h.t.HelmChartContainer - [K3S] [controller.go:146] "Unhandled Error" err=<
2025-01-29 17:01:34,885 INFO c.h.h.t.HelmChartContainer - [K3S] 	, Header: map[Content-Type:[text/plain; charset=utf-8] X-Content-Type-Options:[nosniff]]
2025-01-29 17:01:34,885 INFO c.h.h.t.HelmChartContainer - [K3S]  >
2025-01-29 17:01:34,887 INFO c.h.h.t.HelmChartContainer - [K3S] [handler_proxy.go:143] error resolving kube-system/metrics-server: service "metrics-server" not found
2025-01-29 17:01:34,891 INFO c.h.h.t.HelmChartContainer - [K3S] [event.go:389] "Event occurred" object="kube-system/metrics-server-deployment" fieldPath="" kind="Addon" apiVersion="k3s.cattle.io/v1" type="Normal" reason="ApplyingManifest" message="Applying manifest at \"/var/lib/rancher/k3s/server/manifests/metrics-server/metrics-server-deployment.yaml\""
2025-01-29 17:01:34,899 INFO c.h.h.t.HelmChartContainer - [K3S] [event.go:389] "Event occurred" object="kube-system/metrics-server-deployment" fieldPath="" kind="Addon" apiVersion="k3s.cattle.io/v1" type="Normal" reason="AppliedManifest" message="Applied manifest at \"/var/lib/rancher/k3s/server/manifests/metrics-server/metrics-server-deployment.yaml\""
2025-01-29 17:01:34,906 INFO c.h.h.t.HelmChartContainer - [K3S] [event.go:389] "Event occurred" object="kube-system/metrics-server-service" fieldPath="" kind="Addon" apiVersion="k3s.cattle.io/v1" type="Normal" reason="ApplyingManifest" message="Applying manifest at \"/var/lib/rancher/k3s/server/manifests/metrics-server/metrics-server-service.yaml\""
2025-01-29 17:01:34,912 INFO c.h.h.t.HelmChartContainer - [K3S] [alloc.go:330] "allocated clusterIPs" service="kube-system/metrics-server" clusterIPs={"IPv4":"10.43.252.59"}
2025-01-29 17:01:34,913 INFO c.h.h.t.HelmChartContainer - [K3S] [event.go:389] "Event occurred" object="kube-system/metrics-server-service" fieldPath="" kind="Addon" apiVersion="k3s.cattle.io/v1" type="Normal" reason="AppliedManifest" message="Applied manifest at \"/var/lib/rancher/k3s/server/manifests/metrics-server/metrics-server-service.yaml\""
2025-01-29 17:01:34,918 INFO c.h.h.t.HelmChartContainer - [K3S] [handler_proxy.go:99] no RequestInfo found in the context
2025-01-29 17:01:34,919 INFO c.h.h.t.HelmChartContainer - [K3S] [controller.go:146] "Unhandled Error" err=<
2025-01-29 17:01:34,919 INFO c.h.h.t.HelmChartContainer - [K3S] 	, Header: map[Content-Type:[text/plain; charset=utf-8] X-Content-Type-Options:[nosniff]]
2025-01-29 17:01:34,919 INFO c.h.h.t.HelmChartContainer - [K3S]  >
2025-01-29 17:01:34,919 INFO c.h.h.t.HelmChartContainer - [K3S] [handler_proxy.go:143] error resolving kube-system/metrics-server: endpoints "metrics-server" not found
2025-01-29 17:01:34,923 INFO c.h.h.t.HelmChartContainer - [K3S] [event.go:389] "Event occurred" object="kube-system/resource-reader" fieldPath="" kind="Addon" apiVersion="k3s.cattle.io/v1" type="Normal" reason="ApplyingManifest" message="Applying manifest at \"/var/lib/rancher/k3s/server/manifests/metrics-server/resource-reader.yaml\""
2025-01-29 17:01:34,954 INFO c.h.h.t.HelmChartContainer - [K3S] [event.go:389] "Event occurred" object="kube-system/resource-reader" fieldPath="" kind="Addon" apiVersion="k3s.cattle.io/v1" type="Normal" reason="AppliedManifest" message="Applied manifest at \"/var/lib/rancher/k3s/server/manifests/metrics-server/resource-reader.yaml\""
2025-01-29 17:01:34,960 INFO c.h.h.t.HelmChartContainer - [K3S] [event.go:389] "Event occurred" object="kube-system/rolebindings" fieldPath="" kind="Addon" apiVersion="k3s.cattle.io/v1" type="Normal" reason="ApplyingManifest" message="Applying manifest at \"/var/lib/rancher/k3s/server/manifests/rolebindings.yaml\""
2025-01-29 17:01:35,067 INFO c.h.h.t.HelmChartContainer - [K3S] [event.go:389] "Event occurred" object="kube-system/rolebindings" fieldPath="" kind="Addon" apiVersion="k3s.cattle.io/v1" type="Normal" reason="AppliedManifest" message="Applied manifest at \"/var/lib/rancher/k3s/server/manifests/rolebindings.yaml\""
2025-01-29 17:01:35,073 INFO c.h.h.t.HelmChartContainer - [K3S] [event.go:389] "Event occurred" object="kube-system/runtimes" fieldPath="" kind="Addon" apiVersion="k3s.cattle.io/v1" type="Normal" reason="ApplyingManifest" message="Applying manifest at \"/var/lib/rancher/k3s/server/manifests/runtimes.yaml\""
2025-01-29 17:01:35,101 INFO c.h.h.t.HelmChartContainer - [K3S] [event.go:389] "Event occurred" object="kube-system/runtimes" fieldPath="" kind="Addon" apiVersion="k3s.cattle.io/v1" type="Normal" reason="AppliedManifest" message="Applied manifest at \"/var/lib/rancher/k3s/server/manifests/runtimes.yaml\""
2025-01-29 17:01:35,146 INFO c.h.h.t.HelmChartContainer - [K3S] [controllermanager.go:765] "Started controller" controller="resourcequota-controller"
2025-01-29 17:01:35,146 INFO c.h.h.t.HelmChartContainer - [K3S] [resource_quota_controller.go:300] "Starting resource quota controller"
2025-01-29 17:01:35,389 INFO c.h.h.t.HelmChartContainer - [K3S] [controllermanager.go:765] "Started controller" controller="garbage-collector-controller"
2025-01-29 17:01:35,390 INFO c.h.h.t.HelmChartContainer - [K3S] [graph_builder.go:351] "Running" component="GraphBuilder"
2025-01-29 17:01:35,438 INFO c.h.h.t.HelmChartContainer - [K3S] [serving.go:392] Generated self-signed cert in-memory
2025-01-29 17:01:35,542 INFO c.h.h.t.HelmChartContainer - [K3S] [serving.go:392] Generated self-signed cert in-memory
2025-01-29 17:01:35,639 INFO c.h.h.t.HelmChartContainer - [K3S] [controllermanager.go:765] "Started controller" controller="daemonset-controller"
2025-01-29 17:01:35,639 INFO c.h.h.t.HelmChartContainer - [K3S] [controllermanager.go:723] "Skipping a cloud provider controller" controller="service-lb-controller"
2025-01-29 17:01:35,639 INFO c.h.h.t.HelmChartContainer - [K3S] [controllermanager.go:723] "Skipping a cloud provider controller" controller="node-route-controller"
2025-01-29 17:01:35,639 INFO c.h.h.t.HelmChartContainer - [K3S] [daemon_controller.go:294] "Starting daemon sets controller"
2025-01-29 17:01:35,790 INFO c.h.h.t.HelmChartContainer - [K3S] [controllermanager.go:765] "Started controller" controller="persistentvolume-attach-detach-controller"
2025-01-29 17:01:35,790 INFO c.h.h.t.HelmChartContainer - [K3S] [controllermanager.go:717] "Controller is disabled by a feature gate" controller="storageversion-garbage-collector-controller" requiredFeatureGates=["APIServerIdentity","StorageVersionAPI"]
2025-01-29 17:01:35,790 INFO c.h.h.t.HelmChartContainer - [K3S] [controllermanager.go:717] "Controller is disabled by a feature gate" controller="service-cidr-controller" requiredFeatureGates=["MultiCIDRServiceAllocator"]
2025-01-29 17:01:35,790 INFO c.h.h.t.HelmChartContainer - [K3S] [attach_detach_controller.go:338] "Starting attach detach controller"
2025-01-29 17:01:35,880 INFO c.h.h.t.HelmChartContainer - [K3S] [handler_proxy.go:99] no RequestInfo found in the context
2025-01-29 17:01:35,880 INFO c.h.h.t.HelmChartContainer - [K3S] [controller.go:102] "Unhandled Error" err=<
2025-01-29 17:01:35,880 INFO c.h.h.t.HelmChartContainer - [K3S] 	, Header: map[Content-Type:[text/plain; charset=utf-8] X-Content-Type-Options:[nosniff]]
2025-01-29 17:01:35,881 INFO c.h.h.t.HelmChartContainer - [K3S]  >
2025-01-29 17:01:35,881 INFO c.h.h.t.HelmChartContainer - [K3S] [handler_proxy.go:99] no RequestInfo found in the context
2025-01-29 17:01:35,939 INFO c.h.h.t.HelmChartContainer - [K3S] [controllermanager.go:765] "Started controller" controller="legacy-serviceaccount-token-cleaner-controller"
2025-01-29 17:01:35,939 INFO c.h.h.t.HelmChartContainer - [K3S] [controllermanager.go:743] "Warning: skipping controller" controller="storage-version-migrator-controller"
2025-01-29 17:01:35,939 INFO c.h.h.t.HelmChartContainer - [K3S] [legacy_serviceaccount_token_cleaner.go:103] "Starting legacy service account token cleaner controller"
2025-01-29 17:01:36,057 INFO c.h.h.t.HelmChartContainer - [K3S] [INFO] Tunnel authorizer set Kubelet Port 0.0.0.0:10250
2025-01-29 17:01:36,100 INFO c.h.h.t.HelmChartContainer - [K3S] [controllermanager.go:765] "Started controller" controller="endpointslice-controller"
2025-01-29 17:01:36,101 INFO c.h.h.t.HelmChartContainer - [K3S] [endpointslice_controller.go:281] "Starting endpoint slice controller"
2025-01-29 17:01:36,139 INFO c.h.h.t.HelmChartContainer - [K3S] [controllermanager.go:160] Version: v1.32.1+k3s1
2025-01-29 17:01:36,143 INFO c.h.h.t.HelmChartContainer - [K3S] [secure_serving.go:213] Serving securely on 127.0.0.1:10258
2025-01-29 17:01:36,143 INFO c.h.h.t.HelmChartContainer - [K3S] [tlsconfig.go:243] "Starting DynamicServingCertificateController"
2025-01-29 17:01:36,143 INFO c.h.h.t.HelmChartContainer - [K3S] [requestheader_controller.go:180] Starting RequestHeaderAuthRequestController
2025-01-29 17:01:36,143 INFO c.h.h.t.HelmChartContainer - [K3S] [configmap_cafile_content.go:205] "Starting controller" name="client-ca::kube-system::extension-apiserver-authentication::client-ca-file"
2025-01-29 17:01:36,143 INFO c.h.h.t.HelmChartContainer - [K3S] [configmap_cafile_content.go:205] "Starting controller" name="client-ca::kube-system::extension-apiserver-authentication::requestheader-client-ca-file"
2025-01-29 17:01:36,150 INFO c.h.h.t.HelmChartContainer - [K3S] [INFO] Creating service-lb-controller event broadcaster
2025-01-29 17:01:36,264 INFO c.h.h.t.HelmChartContainer - [K3S] [INFO] Starting /v1, Kind=Node controller
2025-01-29 17:01:36,267 INFO c.h.h.t.HelmChartContainer - [K3S] [INFO] Starting /v1, Kind=Pod controller
2025-01-29 17:01:36,270 INFO c.h.h.t.HelmChartContainer - [K3S] [INFO] Starting apps/v1, Kind=DaemonSet controller
2025-01-29 17:01:36,273 INFO c.h.h.t.HelmChartContainer - [K3S] [controllermanager.go:329] Started "service-lb-controller"
2025-01-29 17:01:36,274 INFO c.h.h.t.HelmChartContainer - [K3S] [controllermanager.go:306] "node-route-controller" is disabled
2025-01-29 17:01:36,274 INFO c.h.h.t.HelmChartContainer - [K3S] [INFO] Starting discovery.k8s.io/v1, Kind=EndpointSlice controller
2025-01-29 17:01:36,274 INFO c.h.h.t.HelmChartContainer - [K3S] [controllermanager.go:329] Started "cloud-node-controller"
2025-01-29 17:01:36,274 INFO c.h.h.t.HelmChartContainer - [K3S] [controller.go:234] Starting service controller
2025-01-29 17:01:36,274 INFO c.h.h.t.HelmChartContainer - [K3S] [node_controller.go:176] Sending events to api server.
2025-01-29 17:01:36,274 INFO c.h.h.t.HelmChartContainer - [K3S] [controllermanager.go:329] Started "cloud-node-lifecycle-controller"
2025-01-29 17:01:36,274 INFO c.h.h.t.HelmChartContainer - [K3S] [node_controller.go:185] Waiting for informer caches to sync
2025-01-29 17:01:36,274 INFO c.h.h.t.HelmChartContainer - [K3S] [node_lifecycle_controller.go:112] Sending events to api server
2025-01-29 17:01:36,345 INFO c.h.h.t.HelmChartContainer - [K3S] [controllermanager.go:765] "Started controller" controller="namespace-controller"
2025-01-29 17:01:36,345 INFO c.h.h.t.HelmChartContainer - [K3S] [namespace_controller.go:202] "Starting namespace controller"
2025-01-29 17:01:36,374 INFO c.h.h.t.HelmChartContainer - [K3S] [node_controller.go:429] Initializing node 38f70066c240 with cloud provider
2025-01-29 17:01:36,378 INFO c.h.h.t.HelmChartContainer - [K3S] [node_controller.go:474] Successfully initialized node 38f70066c240 with cloud provider
2025-01-29 17:01:36,378 INFO c.h.h.t.HelmChartContainer - [K3S] [event.go:389] "Event occurred" object="38f70066c240" fieldPath="" kind="Node" apiVersion="v1" type="Normal" reason="Synced" message="Node synced successfully"
2025-01-29 17:01:36,396 INFO c.h.h.t.HelmChartContainer - [K3S] [INFO] Updated coredns NodeHosts entry for 38f70066c240
2025-01-29 17:01:36,397 INFO c.h.h.t.HelmChartContainer - [K3S] [controllermanager.go:765] "Started controller" controller="certificatesigningrequest-signing-controller"
2025-01-29 17:01:36,398 INFO c.h.h.t.HelmChartContainer - [K3S] [certificate_controller.go:120] "Starting certificate controller" name="csrsigning-legacy-unknown"
2025-01-29 17:01:36,398 INFO c.h.h.t.HelmChartContainer - [K3S] [certificate_controller.go:120] "Starting certificate controller" name="csrsigning-kubelet-serving"
2025-01-29 17:01:36,398 INFO c.h.h.t.HelmChartContainer - [K3S] [certificate_controller.go:120] "Starting certificate controller" name="csrsigning-kubelet-client"
2025-01-29 17:01:36,398 INFO c.h.h.t.HelmChartContainer - [K3S] [certificate_controller.go:120] "Starting certificate controller" name="csrsigning-kube-apiserver-client"
2025-01-29 17:01:36,399 INFO c.h.h.t.HelmChartContainer - [K3S] [dynamic_serving_content.go:135] "Starting controller" name="csr-controller::/var/lib/rancher/k3s/server/tls/server-ca.nochain.crt::/var/lib/rancher/k3s/server/tls/server-ca.key"
2025-01-29 17:01:36,400 INFO c.h.h.t.HelmChartContainer - [K3S] [dynamic_serving_content.go:135] "Starting controller" name="csr-controller::/var/lib/rancher/k3s/server/tls/server-ca.nochain.crt::/var/lib/rancher/k3s/server/tls/server-ca.key"
2025-01-29 17:01:36,400 INFO c.h.h.t.HelmChartContainer - [K3S] [dynamic_serving_content.go:135] "Starting controller" name="csr-controller::/var/lib/rancher/k3s/server/tls/client-ca.nochain.crt::/var/lib/rancher/k3s/server/tls/client-ca.key"
2025-01-29 17:01:36,400 INFO c.h.h.t.HelmChartContainer - [K3S] [dynamic_serving_content.go:135] "Starting controller" name="csr-controller::/var/lib/rancher/k3s/server/tls/client-ca.nochain.crt::/var/lib/rancher/k3s/server/tls/client-ca.key"
2025-01-29 17:01:36,439 INFO c.h.h.t.HelmChartContainer - [K3S] [node_lifecycle_controller.go:432] "Controller will reconcile labels"
2025-01-29 17:01:36,439 INFO c.h.h.t.HelmChartContainer - [K3S] [controllermanager.go:765] "Started controller" controller="node-lifecycle-controller"
2025-01-29 17:01:36,439 INFO c.h.h.t.HelmChartContainer - [K3S] [node_lifecycle_controller.go:466] "Sending events to api server"
2025-01-29 17:01:36,439 INFO c.h.h.t.HelmChartContainer - [K3S] [node_lifecycle_controller.go:477] "Starting node controller"
2025-01-29 17:01:36,589 INFO c.h.h.t.HelmChartContainer - [K3S] [controllermanager.go:765] "Started controller" controller="root-ca-certificate-publisher-controller"
2025-01-29 17:01:36,589 INFO c.h.h.t.HelmChartContainer - [K3S] [controllermanager.go:717] "Controller is disabled by a feature gate" controller="kube-apiserver-serving-clustertrustbundle-publisher-controller" requiredFeatureGates=["ClusterTrustBundle"]
2025-01-29 17:01:36,589 INFO c.h.h.t.HelmChartContainer - [K3S] [publisher.go:107] "Starting root CA cert publisher controller"
2025-01-29 17:01:36,612 INFO c.h.h.t.HelmChartContainer - [K3S] [actual_state_of_world.go:541] "Failed to update statusUpdateNeeded field in actual state of world" err="Failed to set statusUpdateNeeded to needed true, because nodeName=\"38f70066c240\" does not exist"
2025-01-29 17:01:36,642 INFO c.h.h.t.HelmChartContainer - [K3S] [node_lifecycle_controller.go:1234] "Initializing eviction metric for zone" zone=""
2025-01-29 17:01:36,642 INFO c.h.h.t.HelmChartContainer - [K3S] [node_lifecycle_controller.go:886] "Missing timestamp for Node. Assuming now as a timestamp" node="38f70066c240"
2025-01-29 17:01:36,643 INFO c.h.h.t.HelmChartContainer - [K3S] [node_lifecycle_controller.go:1080] "Controller detected that zone is now in new state" zone="" newState="Normal"
2025-01-29 17:01:36,644 INFO c.h.h.t.HelmChartContainer - [K3S] [range_allocator.go:177] "Sending events to api server"
2025-01-29 17:01:36,644 INFO c.h.h.t.HelmChartContainer - [K3S] [range_allocator.go:183] "Starting range CIDR allocator"
2025-01-29 17:01:36,658 INFO c.h.h.t.HelmChartContainer - [K3S] [range_allocator.go:428] "Set node PodCIDR" node="38f70066c240" podCIDRs=["10.42.0.0/24"]
2025-01-29 17:01:36,659 INFO c.h.h.t.HelmChartContainer - [K3S] [range_allocator.go:247] "Successfully synced" key="38f70066c240"
2025-01-29 17:01:36,659 INFO c.h.h.t.HelmChartContainer - [K3S] [INFO] Flannel found PodCIDR assigned for node 38f70066c240
2025-01-29 17:01:36,662 INFO c.h.h.t.HelmChartContainer - [K3S] [INFO] The interface eth0 with ipv4 address 172.18.0.2 will be used by flannel
2025-01-29 17:01:36,664 INFO c.h.h.t.HelmChartContainer - [K3S] [kube.go:139] Waiting 10m0s for node controller to sync
2025-01-29 17:01:36,665 INFO c.h.h.t.HelmChartContainer - [K3S] [kube.go:469] Starting kube subnet manager
2025-01-29 17:01:36,672 INFO c.h.h.t.HelmChartContainer - [K3S] [range_allocator.go:433] "Failed to update node PodCIDR after multiple attempts" err="failed to patch node CIDR: Node \"38f70066c240\" is invalid: [spec.podCIDRs: Invalid value: []string{\"10.42.1.0/24\", \"10.42.0.0/24\"}: may specify no more than one CIDR for each IP family, spec.podCIDRs: Forbidden: node updates may not change podCIDR except from \"\" to valid]" node="38f70066c240" podCIDRs=["10.42.1.0/24"]
2025-01-29 17:01:36,674 INFO c.h.h.t.HelmChartContainer - [K3S] [range_allocator.go:439] "CIDR assignment for node failed. Releasing allocated CIDR" err="failed to patch node CIDR: Node \"38f70066c240\" is invalid: [spec.podCIDRs: Invalid value: []string{\"10.42.1.0/24\", \"10.42.0.0/24\"}: may specify no more than one CIDR for each IP family, spec.podCIDRs: Forbidden: node updates may not change podCIDR except from \"\" to valid]" node="38f70066c240"
2025-01-29 17:01:36,674 INFO c.h.h.t.HelmChartContainer - [K3S] [range_allocator.go:252] "Unhandled Error" err="error syncing '38f70066c240': failed to patch node CIDR: Node \"38f70066c240\" is invalid: [spec.podCIDRs: Invalid value: []string{\"10.42.1.0/24\", \"10.42.0.0/24\"}: may specify no more than one CIDR for each IP family, spec.podCIDRs: Forbidden: node updates may not change podCIDR except from \"\" to valid], requeuing"
2025-01-29 17:01:36,674 INFO c.h.h.t.HelmChartContainer - [K3S] [range_allocator.go:247] "Successfully synced" key="38f70066c240"
2025-01-29 17:01:36,680 INFO c.h.h.t.HelmChartContainer - [K3S] [range_allocator.go:247] "Successfully synced" key="38f70066c240"
2025-01-29 17:01:36,774 INFO c.h.h.t.HelmChartContainer - [K3S] [INFO] Starting network policy controller version v2.2.1, built on 2025-01-28T18:27:08Z, go1.23.4
2025-01-29 17:01:36,775 INFO c.h.h.t.HelmChartContainer - [K3S] [network_policy_controller.go:164] Starting network policy controller
2025-01-29 17:01:36,833 INFO c.h.h.t.HelmChartContainer - [K3S] [network_policy_controller.go:176] Starting network policy controller full sync goroutine
2025-01-29 17:01:36,871 INFO c.h.h.t.HelmChartContainer - [K3S] [serving.go:392] Generated self-signed cert in-memory
2025-01-29 17:01:37,055 INFO c.h.h.t.HelmChartContainer - [K3S] [INFO] Started tunnel to 172.18.0.2:6443
2025-01-29 17:01:37,056 INFO c.h.h.t.HelmChartContainer - [K3S] [INFO] Stopped tunnel to 127.0.0.1:6443
2025-01-29 17:01:37,056 INFO c.h.h.t.HelmChartContainer - [K3S] [INFO] Connecting to proxy" url="wss://172.18.0.2:6443/v1-k3s/connect
2025-01-29 17:01:37,056 INFO c.h.h.t.HelmChartContainer - [K3S] [INFO] Proxy done" err="context canceled" url="wss://127.0.0.1:6443/v1-k3s/connect
2025-01-29 17:01:37,056 INFO c.h.h.t.HelmChartContainer - [K3S] [INFO] error in remotedialer server [400]: websocket: close 1006 (abnormal closure): unexpected EOF
2025-01-29 17:01:37,058 INFO c.h.h.t.HelmChartContainer - [K3S] [INFO] Handling backend connection request [38f70066c240]
2025-01-29 17:01:37,058 INFO c.h.h.t.HelmChartContainer - [K3S] [INFO] Remotedialer connected to proxy" url="wss://172.18.0.2:6443/v1-k3s/connect
2025-01-29 17:01:37,095 INFO c.h.h.t.HelmChartContainer - [K3S] [range_allocator.go:247] "Successfully synced" key="38f70066c240"
2025-01-29 17:01:37,195 INFO c.h.h.t.HelmChartContainer - [K3S] [server.go:164] "Starting Kubernetes Scheduler" version="v1.32.1+k3s1"
2025-01-29 17:01:37,195 INFO c.h.h.t.HelmChartContainer - [K3S] [server.go:166] "Golang settings" GOGC="" GOMAXPROCS="" GOTRACEBACK=""
2025-01-29 17:01:37,200 INFO c.h.h.t.HelmChartContainer - [K3S] [requestheader_controller.go:180] Starting RequestHeaderAuthRequestController
2025-01-29 17:01:37,200 INFO c.h.h.t.HelmChartContainer - [K3S] [configmap_cafile_content.go:205] "Starting controller" name="client-ca::kube-system::extension-apiserver-authentication::client-ca-file"
2025-01-29 17:01:37,200 INFO c.h.h.t.HelmChartContainer - [K3S] [configmap_cafile_content.go:205] "Starting controller" name="client-ca::kube-system::extension-apiserver-authentication::requestheader-client-ca-file"
2025-01-29 17:01:37,203 INFO c.h.h.t.HelmChartContainer - [K3S] [secure_serving.go:213] Serving securely on 127.0.0.1:10259
2025-01-29 17:01:37,203 INFO c.h.h.t.HelmChartContainer - [K3S] [tlsconfig.go:243] "Starting DynamicServingCertificateController"
2025-01-29 17:01:37,294 INFO c.h.h.t.HelmChartContainer - [K3S] [handler_proxy.go:99] no RequestInfo found in the context
2025-01-29 17:01:37,294 INFO c.h.h.t.HelmChartContainer - [K3S] [controller.go:146] "Unhandled Error" err=<
2025-01-29 17:01:37,294 INFO c.h.h.t.HelmChartContainer - [K3S] 	, Header: map[Content-Type:[text/plain; charset=utf-8] X-Content-Type-Options:[nosniff]]
2025-01-29 17:01:37,295 INFO c.h.h.t.HelmChartContainer - [K3S]  >
2025-01-29 17:01:37,295 INFO c.h.h.t.HelmChartContainer - [K3S] [handler_proxy.go:143] error resolving kube-system/metrics-server: no endpoints available for service "metrics-server"
2025-01-29 17:01:37,460 INFO c.h.h.t.HelmChartContainer - [K3S] [replica_set.go:679] "Finished syncing" kind="ReplicaSet" key="kube-system/local-path-provisioner-698b58967b" duration="655.204708ms"
2025-01-29 17:01:37,462 INFO c.h.h.t.HelmChartContainer - [K3S] [replica_set.go:679] "Finished syncing" kind="ReplicaSet" key="kube-system/coredns-ff8999cc5" duration="656.984664ms"
2025-01-29 17:01:37,462 INFO c.h.h.t.HelmChartContainer - [K3S] [replica_set.go:679] "Finished syncing" kind="ReplicaSet" key="kube-system/metrics-server-8584b5786c" duration="657.469277ms"
2025-01-29 17:01:37,470 INFO c.h.h.t.HelmChartContainer - [K3S] [replica_set.go:679] "Finished syncing" kind="ReplicaSet" key="kube-system/coredns-ff8999cc5" duration="13.166645ms"
2025-01-29 17:01:37,472 INFO c.h.h.t.HelmChartContainer - [K3S] [replica_set.go:679] "Finished syncing" kind="ReplicaSet" key="kube-system/metrics-server-8584b5786c" duration="14.35716ms"
2025-01-29 17:01:37,487 INFO c.h.h.t.HelmChartContainer - [K3S] [replica_set.go:679] "Finished syncing" kind="ReplicaSet" key="kube-system/local-path-provisioner-698b58967b" duration="31.079225ms"
2025-01-29 17:01:37,488 INFO c.h.h.t.HelmChartContainer - [K3S] [replica_set.go:679] "Finished syncing" kind="ReplicaSet" key="kube-system/local-path-provisioner-698b58967b" duration="27.611µs"
2025-01-29 17:01:37,489 INFO c.h.h.t.HelmChartContainer - [K3S] [replica_set.go:679] "Finished syncing" kind="ReplicaSet" key="kube-system/coredns-ff8999cc5" duration="17.721319ms"
2025-01-29 17:01:37,489 INFO c.h.h.t.HelmChartContainer - [K3S] [replica_set.go:679] "Finished syncing" kind="ReplicaSet" key="kube-system/coredns-ff8999cc5" duration="30.548µs"
2025-01-29 17:01:37,489 INFO c.h.h.t.HelmChartContainer - [K3S] [replica_set.go:679] "Finished syncing" kind="ReplicaSet" key="kube-system/metrics-server-8584b5786c" duration="16.440526ms"
2025-01-29 17:01:37,489 INFO c.h.h.t.HelmChartContainer - [K3S] [replica_set.go:679] "Finished syncing" kind="ReplicaSet" key="kube-system/metrics-server-8584b5786c" duration="19.407µs"
2025-01-29 17:01:37,493 INFO c.h.h.t.HelmChartContainer - [K3S] [replica_set.go:679] "Finished syncing" kind="ReplicaSet" key="kube-system/metrics-server-8584b5786c" duration="28.633µs"
2025-01-29 17:01:37,507 INFO c.h.h.t.HelmChartContainer - [K3S] [replica_set.go:679] "Finished syncing" kind="ReplicaSet" key="kube-system/coredns-ff8999cc5" duration="35.917µs"
2025-01-29 17:01:37,512 INFO c.h.h.t.HelmChartContainer - [K3S] [replica_set.go:679] "Finished syncing" kind="ReplicaSet" key="kube-system/local-path-provisioner-698b58967b" duration="28.182µs"
2025-01-29 17:01:37,538 INFO c.h.h.t.HelmChartContainer - [K3S] [reconciler_common.go:251] "operationExecutor.VerifyControllerAttachedVolume started for volume \"kube-api-access-gghk7\" (UniqueName: \"kubernetes.io/projected/67a956cd-66e6-46ae-911b-ec1e280f531f-kube-api-access-gghk7\") pod \"coredns-ff8999cc5-l9rkc\" (UID: \"67a956cd-66e6-46ae-911b-ec1e280f531f\") " pod="kube-system/coredns-ff8999cc5-l9rkc"
2025-01-29 17:01:37,538 INFO c.h.h.t.HelmChartContainer - [K3S] [reconciler_common.go:251] "operationExecutor.VerifyControllerAttachedVolume started for volume \"tmp-dir\" (UniqueName: \"kubernetes.io/empty-dir/db859f86-e9ef-4b31-a76a-a8af6dd99e26-tmp-dir\") pod \"metrics-server-8584b5786c-2sjgk\" (UID: \"db859f86-e9ef-4b31-a76a-a8af6dd99e26\") " pod="kube-system/metrics-server-8584b5786c-2sjgk"
2025-01-29 17:01:37,538 INFO c.h.h.t.HelmChartContainer - [K3S] [reconciler_common.go:251] "operationExecutor.VerifyControllerAttachedVolume started for volume \"kube-api-access-9rvwz\" (UniqueName: \"kubernetes.io/projected/db859f86-e9ef-4b31-a76a-a8af6dd99e26-kube-api-access-9rvwz\") pod \"metrics-server-8584b5786c-2sjgk\" (UID: \"db859f86-e9ef-4b31-a76a-a8af6dd99e26\") " pod="kube-system/metrics-server-8584b5786c-2sjgk"
2025-01-29 17:01:37,538 INFO c.h.h.t.HelmChartContainer - [K3S] [reconciler_common.go:251] "operationExecutor.VerifyControllerAttachedVolume started for volume \"config-volume\" (UniqueName: \"kubernetes.io/configmap/d52f5608-bfcc-47a6-a6e9-71863b0ba047-config-volume\") pod \"local-path-provisioner-698b58967b-5lbrl\" (UID: \"d52f5608-bfcc-47a6-a6e9-71863b0ba047\") " pod="kube-system/local-path-provisioner-698b58967b-5lbrl"
2025-01-29 17:01:37,538 INFO c.h.h.t.HelmChartContainer - [K3S] [reconciler_common.go:251] "operationExecutor.VerifyControllerAttachedVolume started for volume \"kube-api-access-kskmf\" (UniqueName: \"kubernetes.io/projected/d52f5608-bfcc-47a6-a6e9-71863b0ba047-kube-api-access-kskmf\") pod \"local-path-provisioner-698b58967b-5lbrl\" (UID: \"d52f5608-bfcc-47a6-a6e9-71863b0ba047\") " pod="kube-system/local-path-provisioner-698b58967b-5lbrl"
2025-01-29 17:01:37,538 INFO c.h.h.t.HelmChartContainer - [K3S] [reconciler_common.go:251] "operationExecutor.VerifyControllerAttachedVolume started for volume \"config-volume\" (UniqueName: \"kubernetes.io/configmap/67a956cd-66e6-46ae-911b-ec1e280f531f-config-volume\") pod \"coredns-ff8999cc5-l9rkc\" (UID: \"67a956cd-66e6-46ae-911b-ec1e280f531f\") " pod="kube-system/coredns-ff8999cc5-l9rkc"
2025-01-29 17:01:37,538 INFO c.h.h.t.HelmChartContainer - [K3S] [reconciler_common.go:251] "operationExecutor.VerifyControllerAttachedVolume started for volume \"custom-config-volume\" (UniqueName: \"kubernetes.io/configmap/67a956cd-66e6-46ae-911b-ec1e280f531f-custom-config-volume\") pod \"coredns-ff8999cc5-l9rkc\" (UID: \"67a956cd-66e6-46ae-911b-ec1e280f531f\") " pod="kube-system/coredns-ff8999cc5-l9rkc"
2025-01-29 17:01:37,664 INFO c.h.h.t.HelmChartContainer - [K3S] [kube.go:146] Node controller sync successful
2025-01-29 17:01:37,664 INFO c.h.h.t.HelmChartContainer - [K3S] [vxlan.go:141] VXLAN config: VNI=1 Port=0 GBP=false Learning=false DirectRouting=false
2025-01-29 17:01:37,666 INFO c.h.h.t.HelmChartContainer - [K3S] [kube.go:636] List of node(38f70066c240) annotations: map[string]string{"alpha.kubernetes.io/provided-node-ip":"172.18.0.2", "k3s.io/hostname":"38f70066c240", "k3s.io/internal-ip":"172.18.0.2", "k3s.io/node-args":"[\"server\",\"--etcd-arg\",\"unsafe-no-fsync\",\"--etcd-arg\",\"snapshot-count=10000\",\"--etcd-arg\",\"auto-compaction-mode=revision\",\"--etcd-arg\",\"auto-compaction-retention=1000000\",\"--kube-apiserver-arg\",\"etcd-compaction-interval=0s\",\"--disable\",\"traefik\",\"--tls-san\",\"localhost\"]", "k3s.io/node-config-hash":"2QNNT5M5XUBFOLO5XPGEVGOM5UDLHHTIVMSRUPAUHE5DU3HUYQUQ====", "k3s.io/node-env":"{}", "node.alpha.kubernetes.io/ttl":"0", "volumes.kubernetes.io/controller-managed-attach-detach":"true"}
2025-01-29 17:01:37,671 INFO c.h.h.t.HelmChartContainer - [K3S] [iptables.go:51] Starting flannel in iptables mode...
2025-01-29 17:01:37,671 INFO c.h.h.t.HelmChartContainer - [K3S] [WARNING] no subnet found for key: FLANNEL_NETWORK in file: /run/flannel/subnet.env
2025-01-29 17:01:37,671 INFO c.h.h.t.HelmChartContainer - [K3S] [kube.go:490] Creating the node lease for IPv4. This is the n.Spec.PodCIDRs: [10.42.0.0/24]
2025-01-29 17:01:37,672 INFO c.h.h.t.HelmChartContainer - [K3S] [WARNING] no subnet found for key: FLANNEL_SUBNET in file: /run/flannel/subnet.env
2025-01-29 17:01:37,672 INFO c.h.h.t.HelmChartContainer - [K3S] [WARNING] no subnet found for key: FLANNEL_IPV6_NETWORK in file: /run/flannel/subnet.env
2025-01-29 17:01:37,672 INFO c.h.h.t.HelmChartContainer - [K3S] [WARNING] no subnet found for key: FLANNEL_IPV6_SUBNET in file: /run/flannel/subnet.env
2025-01-29 17:01:37,672 INFO c.h.h.t.HelmChartContainer - [K3S] [iptables.go:115] Current network or subnet (10.42.0.0/16, 10.42.0.0/24) is not equal to previous one (0.0.0.0/0, 0.0.0.0/0), trying to recycle old iptables rules
2025-01-29 17:01:37,672 INFO c.h.h.t.HelmChartContainer - [K3S] [range_allocator.go:247] "Successfully synced" key="38f70066c240"
2025-01-29 17:01:37,679 INFO c.h.h.t.HelmChartContainer - [K3S] [iptables.go:125] Setting up masking rules
2025-01-29 17:01:37,681 INFO c.h.h.t.HelmChartContainer - [K3S] [iptables.go:226] Changing default FORWARD chain policy to ACCEPT
2025-01-29 17:01:37,683 INFO c.h.h.t.HelmChartContainer - [K3S] [INFO] Wrote flannel subnet file to /run/flannel/subnet.env
2025-01-29 17:01:37,683 INFO c.h.h.t.HelmChartContainer - [K3S] [INFO] Running flannel backend.
2025-01-29 17:01:37,683 INFO c.h.h.t.HelmChartContainer - [K3S] [vxlan_network.go:65] watching for new subnet leases
2025-01-29 17:01:37,695 INFO c.h.h.t.HelmChartContainer - [K3S] [iptables.go:372] bootstrap done
2025-01-29 17:01:37,699 INFO c.h.h.t.HelmChartContainer - [K3S] [iptables.go:372] bootstrap done
2025-01-29 17:01:38,298 INFO c.h.h.t.HelmChartContainer - [K3S] [handler_proxy.go:99] no RequestInfo found in the context
2025-01-29 17:01:38,300 INFO c.h.h.t.HelmChartContainer - [K3S] [handler_proxy.go:99] no RequestInfo found in the context
2025-01-29 17:01:38,300 INFO c.h.h.t.HelmChartContainer - [K3S] [controller.go:102] "Unhandled Error" err=<
2025-01-29 17:01:38,301 INFO c.h.h.t.HelmChartContainer - [K3S] 	, Header: map[Content-Type:[text/plain; charset=utf-8] X-Content-Type-Options:[nosniff]]
2025-01-29 17:01:38,304 INFO c.h.h.t.HelmChartContainer - [K3S]  >
2025-01-29 17:01:40,181 INFO c.h.h.t.HelmChartContainer - [K3S] [replica_set.go:679] "Finished syncing" kind="ReplicaSet" key="kube-system/metrics-server-8584b5786c" duration="51.897µs"
2025-01-29 17:01:40,198 INFO c.h.h.t.HelmChartContainer - [K3S] [replica_set.go:679] "Finished syncing" kind="ReplicaSet" key="kube-system/local-path-provisioner-698b58967b" duration="4.40636ms"
2025-01-29 17:01:40,199 INFO c.h.h.t.HelmChartContainer - [K3S] [replica_set.go:679] "Finished syncing" kind="ReplicaSet" key="kube-system/local-path-provisioner-698b58967b" duration="21.63µs"
2025-01-29 17:01:40,222 INFO c.h.h.t.HelmChartContainer - [K3S] [replica_set.go:679] "Finished syncing" kind="ReplicaSet" key="kube-system/coredns-ff8999cc5" duration="14.208036ms"
2025-01-29 17:01:40,223 INFO c.h.h.t.HelmChartContainer - [K3S] [replica_set.go:679] "Finished syncing" kind="ReplicaSet" key="kube-system/coredns-ff8999cc5" duration="37.84µs"
2025-01-29 17:01:41,306 DEBUG c.h.h.t.HelmChartContainer - Image file loaded 'hivemq-platform-operator.tar'
2025-01-29 17:01:41,353 INFO c.h.h.t.HelmChartContainer - [K3S] [kuberuntime_manager.go:1702] "Updating runtime config through cri with podcidr" CIDR="10.42.0.0/24"
2025-01-29 17:01:41,353 INFO c.h.h.t.HelmChartContainer - [K3S] [kubelet_network.go:61] "Updating Pod CIDR" originalPodCIDR="" newPodCIDR="10.42.0.0/24"
2025-01-29 17:01:41,359 INFO c.h.h.t.HelmChartContainer - [K3S] [range_allocator.go:247] "Successfully synced" key="38f70066c240"
2025-01-29 17:01:41,755 DEBUG c.h.h.t.HelmChartContainer - Image file loaded 'hivemq-platform-operator-init.tar'
2025-01-29 17:01:47,182 DEBUG c.h.h.t.HelmChartContainer - Image file loaded 'hivemq-platform.tar'
2025-01-29 17:01:47,182 DEBUG c.h.h.t.HelmChartContainer - Successful Helm chart Container startup
2025-01-29 17:01:47,197 INFO t.localhost/testcontainers/kmz3b8ukbic4wgag:latest - Container localhost/testcontainers/kmz3b8ukbic4wgag:latest started in PT20.175573972S
2025-01-29 17:01:47,207 DEBUG c.h.h.t.HelmChartContainer - Executing helm command: /bin/helm --kubeconfig /etc/rancher/k3s/k3s.yaml repo add hivemq https://hivemq.github.io/helm-charts
2025-01-29 17:01:48,566 INFO c.h.h.t.HelmChartContainer - Saved kubeconfig file on /tmp/kubeconfig-143722421568154361.yaml
2025-01-29 17:01:48,566 INFO c.h.h.t.HelmChartContainer - HelmChartContainer is started
2025-01-29 17:01:48,593 INFO c.h.h.t.HelmChartContainer - [EVENT] Normal [Starting] Starting kubelet. [null:38f70066c240]
2025-01-29 17:01:48,594 INFO c.h.h.t.HelmChartContainer - [EVENT] Warning [InvalidDiskCapacity] invalid capacity 0 on image filesystem [null:38f70066c240]
]]></system-out>
  <system-err><![CDATA[]]></system-err>
</testsuite>
