<?xml version="1.0" encoding="UTF-8"?>
<testsuite name="com.hivemq.helmcharts.serviceaccount.HelmCustomServiceAccountCreateMissingPermissionsIT" tests="1" skipped="0" failures="0" errors="0" timestamp="2025-09-22T08:08:38" hostname="runnervmf4ws1" time="87.963">
  <properties/>
  <testcase name="platformCharts_withNonExistingPermissionsThenCreate_hivemqRunning()" classname="com.hivemq.helmcharts.serviceaccount.HelmCustomServiceAccountCreateMissingPermissionsIT" time="87.963"/>
</testsuite>
