<?xml version="1.0" encoding="UTF-8"?>
<testsuite name="com.hivemq.helmcharts.platform.HelmCustomConfigIT" tests="4" skipped="0" failures="0" errors="0" timestamp="2025-01-30T04:00:05" hostname="fv-az798-478" time="500.657">
  <properties/>
  <testcase name="withCustomYml_hivemqRunning()" classname="com.hivemq.helmcharts.platform.HelmCustomConfigIT" time="65.852">
    <system-out><![CDATA[2025-01-30 04:00:05,751 INFO c.h.h.t.HelmChartContainer - Creating namespace 'helmcustomconfigit-operator'...
2025-01-30 04:00:05,944 INFO c.h.h.t.HelmChartContainer - Namespace 'helmcustomconfigit-operator' created
2025-01-30 04:00:05,944 INFO c.h.h.t.HelmChartContainer - Creating namespace 'helmcustomconfigit'...
2025-01-30 04:00:05,945 INFO c.h.h.t.HelmChartContainer - [POD] coredns-ff8999cc5-c6qhf [459d43f1-caa2-4c1b-854f-c4d1c09397cf] in kube-system was ADDED
2025-01-30 04:00:05,947 INFO c.h.h.t.HelmChartContainer - [POD] local-path-provisioner-698b58967b-tgfk7 [07c5d58b-6b18-44f8-a535-5051dec3604b] in kube-system was ADDED
2025-01-30 04:00:05,950 INFO c.h.h.t.HelmChartContainer - [POD] metrics-server-8584b5786c-4cgxb [6a1b4cfc-824c-40fc-a63a-78487afd2ab3] in kube-system was ADDED
2025-01-30 04:00:05,956 INFO c.h.h.t.HelmChartContainer - Namespace 'helmcustomconfigit' created
2025-01-30 04:00:06,020 DEBUG c.h.h.t.HelmChartContainer - Executing helm command: /bin/helm --kubeconfig /etc/rancher/k3s/k3s.yaml install test-hivemq-platform-operator /charts/hivemq-platform-operator --wait --timeout 5m0s --set image.repository=docker.io/hivemq --set image.name=hivemq-platform-operator-test --set image.initImageName=hivemq-platform-operator-init-test --set image.tag=snapshot --set image.pullPolicy=Never --set logLevel=DEBUG --set resources.cpu=512m --namespace helmcustomconfigit-operator
2025-01-30 04:00:08,417 INFO c.h.h.t.HelmChartContainer - [K3S] [alloc.go:330] "allocated clusterIPs" service="helmcustomconfigit-operator/hivemq-platform-operator-test-hivemq-platform-operator" clusterIPs={"IPv4":"10.43.227.173"}
2025-01-30 04:00:08,434 INFO c.h.h.t.HelmChartContainer - [EVENT] Normal [ScalingReplicaSet] Scaled up replica set hivemq-test-hivemq-platform-operator-6966f96d65 from 0 to 1 [helmcustomconfigit-operator:hivemq-test-hivemq-platform-operator]
2025-01-30 04:00:08,443 INFO c.h.h.t.HelmChartContainer - [POD] hivemq-test-hivemq-platform-operator-6966f96d65-vdzmk [915eb226-08fb-4443-9128-f9193f9f062a] in helmcustomconfigit-operator was ADDED
2025-01-30 04:00:08,447 INFO c.h.h.t.HelmChartContainer - [K3S] [replica_set.go:679] "Finished syncing" kind="ReplicaSet" key="helmcustomconfigit-operator/hivemq-test-hivemq-platform-operator-6966f96d65" duration="16.208713ms"
2025-01-30 04:00:08,452 INFO c.h.h.t.HelmChartContainer - [K3S] [replica_set.go:679] "Finished syncing" kind="ReplicaSet" key="helmcustomconfigit-operator/hivemq-test-hivemq-platform-operator-6966f96d65" duration="7.774168ms"
2025-01-30 04:00:08,453 INFO c.h.h.t.HelmChartContainer - [POD] hivemq-test-hivemq-platform-operator-6966f96d65-vdzmk [915eb226-08fb-4443-9128-f9193f9f062a] in helmcustomconfigit-operator was MODIFIED
2025-01-30 04:00:08,454 INFO c.h.h.t.HelmChartContainer - [K3S] [replica_set.go:679] "Finished syncing" kind="ReplicaSet" key="helmcustomconfigit-operator/hivemq-test-hivemq-platform-operator-6966f96d65" duration="38.452µs"
2025-01-30 04:00:08,456 INFO c.h.h.t.HelmChartContainer - [K3S] [replica_set.go:679] "Finished syncing" kind="ReplicaSet" key="helmcustomconfigit-operator/hivemq-test-hivemq-platform-operator-6966f96d65" duration="31.569µs"
2025-01-30 04:00:08,458 INFO c.h.h.t.HelmChartContainer - [EVENT] Normal [SuccessfulCreate] Created pod: hivemq-test-hivemq-platform-operator-6966f96d65-vdzmk [helmcustomconfigit-operator:hivemq-test-hivemq-platform-operator-6966f96d65]
2025-01-30 04:00:08,462 INFO c.h.h.t.HelmChartContainer - [EVENT] Normal [Scheduled] Successfully assigned helmcustomconfigit-operator/hivemq-test-hivemq-platform-operator-6966f96d65-vdzmk to bb975d1fd0a5 [helmcustomconfigit-operator:hivemq-test-hivemq-platform-operator-6966f96d65-vdzmk]
2025-01-30 04:00:08,473 INFO c.h.h.t.HelmChartContainer - [K3S] [replica_set.go:679] "Finished syncing" kind="ReplicaSet" key="helmcustomconfigit-operator/hivemq-test-hivemq-platform-operator-6966f96d65" duration="31.598µs"
2025-01-30 04:00:08,477 INFO c.h.h.t.HelmChartContainer - [POD] hivemq-test-hivemq-platform-operator-6966f96d65-vdzmk [915eb226-08fb-4443-9128-f9193f9f062a] in helmcustomconfigit-operator was MODIFIED
2025-01-30 04:00:08,639 INFO c.h.h.t.HelmChartContainer - [K3S] [reconciler_common.go:251] "operationExecutor.VerifyControllerAttachedVolume started for volume \"kube-api-access-42rg8\" (UniqueName: \"kubernetes.io/projected/915eb226-08fb-4443-9128-f9193f9f062a-kube-api-access-42rg8\") pod \"hivemq-test-hivemq-platform-operator-6966f96d65-vdzmk\" (UID: \"915eb226-08fb-4443-9128-f9193f9f062a\") " pod="helmcustomconfigit-operator/hivemq-test-hivemq-platform-operator-6966f96d65-vdzmk"
2025-01-30 04:00:08,849 INFO c.h.h.t.HelmChartContainer - [EVENT] Normal [Pulled] Container image "docker.io/hivemq/hivemq-platform-operator-test:snapshot" already present on machine [helmcustomconfigit-operator:hivemq-test-hivemq-platform-operator-6966f96d65-vdzmk]
2025-01-30 04:00:08,850 INFO c.h.h.t.HelmChartContainer - Received Pulled event for container hivemq-platform-operator in pod hivemq-test-hivemq-platform-operator-6966f96d65-vdzmk [915eb226-08fb-4443-9128-f9193f9f062a]
2025-01-30 04:00:08,857 INFO c.h.h.t.HelmChartContainer - [EVENT] Normal [Created] Created container: hivemq-platform-operator [helmcustomconfigit-operator:hivemq-test-hivemq-platform-operator-6966f96d65-vdzmk]
2025-01-30 04:00:08,857 INFO c.h.h.t.HelmChartContainer - Received Created event for container hivemq-platform-operator in pod hivemq-test-hivemq-platform-operator-6966f96d65-vdzmk [915eb226-08fb-4443-9128-f9193f9f062a]
2025-01-30 04:00:09,160 INFO c.h.h.t.HelmChartContainer - [K3S] [replica_set.go:679] "Finished syncing" kind="ReplicaSet" key="helmcustomconfigit-operator/hivemq-test-hivemq-platform-operator-6966f96d65" duration="44.533µs"
2025-01-30 04:00:09,162 INFO c.h.h.t.HelmChartContainer - [POD] hivemq-test-hivemq-platform-operator-6966f96d65-vdzmk [915eb226-08fb-4443-9128-f9193f9f062a] in helmcustomconfigit-operator was MODIFIED
2025-01-30 04:00:09,184 INFO c.h.h.t.HelmChartContainer - Started log watcher for hivemq-platform-operator in pod hivemq-test-hivemq-platform-operator-6966f96d65-vdzmk [915eb226-08fb-4443-9128-f9193f9f062a]
2025-01-30 04:00:09,184 INFO c.h.h.t.HelmChartContainer - [EVENT] Normal [Started] Started container hivemq-platform-operator [helmcustomconfigit-operator:hivemq-test-hivemq-platform-operator-6966f96d65-vdzmk]
2025-01-30 04:00:09,185 INFO c.h.h.t.HelmChartContainer - Received Started event for container hivemq-platform-operator in pod hivemq-test-hivemq-platform-operator-6966f96d65-vdzmk [915eb226-08fb-4443-9128-f9193f9f062a]
2025-01-30 04:00:09,185 INFO c.h.h.t.HelmChartContainer - [hivemq-test-hivemq-platform] [hivemq-platform-operator] [915eb226] -------------------------------------------------------------------------
2025-01-30 04:00:09,185 INFO c.h.h.t.HelmChartContainer - [hivemq-test-hivemq-platform] [hivemq-platform-operator] [915eb226] 
2025-01-30 04:00:09,185 INFO c.h.h.t.HelmChartContainer - [hivemq-test-hivemq-platform] [hivemq-platform-operator] [915eb226]                   _    _  _              __  __   ____
2025-01-30 04:00:09,185 INFO c.h.h.t.HelmChartContainer - [hivemq-test-hivemq-platform] [hivemq-platform-operator] [915eb226]                  | |  | |(_)            |  \/  | / __ \
2025-01-30 04:00:09,185 INFO c.h.h.t.HelmChartContainer - [hivemq-test-hivemq-platform] [hivemq-platform-operator] [915eb226]                  | |__| | _ __   __ ___ | \  / || |  | |
2025-01-30 04:00:09,185 INFO c.h.h.t.HelmChartContainer - [hivemq-test-hivemq-platform] [hivemq-platform-operator] [915eb226]                  |  __  || |\ \ / // _ \| |\/| || |  | |
2025-01-30 04:00:09,185 INFO c.h.h.t.HelmChartContainer - [hivemq-test-hivemq-platform] [hivemq-platform-operator] [915eb226]                  | |  | || | \ V /|  __/| |  | || |__| |
2025-01-30 04:00:09,185 INFO c.h.h.t.HelmChartContainer - [hivemq-test-hivemq-platform] [hivemq-platform-operator] [915eb226]                  |_|  |_||_|  \_/  \___||_|  |_| \___\_\
2025-01-30 04:00:09,185 INFO c.h.h.t.HelmChartContainer - [hivemq-test-hivemq-platform] [hivemq-platform-operator] [915eb226] 
2025-01-30 04:00:09,185 INFO c.h.h.t.HelmChartContainer - [hivemq-test-hivemq-platform] [hivemq-platform-operator] [915eb226] -------------------------------------------------------------------------
2025-01-30 04:00:09,185 INFO c.h.h.t.HelmChartContainer - [hivemq-test-hivemq-platform] [hivemq-platform-operator] [915eb226] 
2025-01-30 04:00:09,185 INFO c.h.h.t.HelmChartContainer - [hivemq-test-hivemq-platform] [hivemq-platform-operator] [915eb226]   HiveMQ Platform Operator Start Script v1.0
2025-01-30 04:00:09,185 INFO c.h.h.t.HelmChartContainer - [hivemq-test-hivemq-platform] [hivemq-platform-operator] [915eb226] 
2025-01-30 04:00:09,185 INFO c.h.h.t.HelmChartContainer - [hivemq-test-hivemq-platform] [hivemq-platform-operator] [915eb226] -------------------------------------------------------------------------
2025-01-30 04:00:09,185 INFO c.h.h.t.HelmChartContainer - [hivemq-test-hivemq-platform] [hivemq-platform-operator] [915eb226] 
2025-01-30 04:00:09,186 INFO c.h.h.t.HelmChartContainer - [hivemq-test-hivemq-platform] [hivemq-platform-operator] [915eb226]   JAVA_OPTS: -XX:+UnlockExperimentalVMOptions -XX:InitialRAMPercentage=75 -XX:MaxRAMPercentage=75 -Duser.language=en -Duser.region=US
2025-01-30 04:00:09,186 INFO c.h.h.t.HelmChartContainer - [hivemq-test-hivemq-platform] [hivemq-platform-operator] [915eb226] 
2025-01-30 04:00:09,186 INFO c.h.h.t.HelmChartContainer - [hivemq-test-hivemq-platform] [hivemq-platform-operator] [915eb226]   JAVA_VERSION: 21
2025-01-30 04:00:09,186 INFO c.h.h.t.HelmChartContainer - [hivemq-test-hivemq-platform] [hivemq-platform-operator] [915eb226] 
2025-01-30 04:00:09,186 INFO c.h.h.t.HelmChartContainer - [hivemq-test-hivemq-platform] [hivemq-platform-operator] [915eb226] -------------------------------------------------------------------------
2025-01-30 04:00:09,186 INFO c.h.h.t.HelmChartContainer - [hivemq-test-hivemq-platform] [hivemq-platform-operator] [915eb226] 
2025-01-30 04:00:12,412 INFO c.h.h.t.HelmChartContainer - [hivemq-test-hivemq-platform] [hivemq-platform-operator] [915eb226] 04:00:12.408 [main] DEBUG org.jboss.logging - Logging Provider: org.jboss.logging.Slf4jLoggerProvider
2025-01-30 04:00:12,520 INFO c.h.h.t.HelmChartContainer - [hivemq-test-hivemq-platform] [hivemq-platform-operator] [915eb226] 04:00:12.518 [main] DEBUG io.smallrye.config - SRCFG01006: Loaded ConfigSource SysPropConfigSource with ordinal 400
2025-01-30 04:00:12,520 INFO c.h.h.t.HelmChartContainer - [hivemq-test-hivemq-platform] [hivemq-platform-operator] [915eb226] 04:00:12.519 [main] DEBUG io.smallrye.config - SRCFG01006: Loaded ConfigSource EnvConfigSource with ordinal 300
2025-01-30 04:00:12,521 INFO c.h.h.t.HelmChartContainer - [hivemq-test-hivemq-platform] [hivemq-platform-operator] [915eb226] 04:00:12.519 [main] DEBUG io.smallrye.config - SRCFG01006: Loaded ConfigSource PropertiesConfigSource[source=jar:file:///opt/hivemq-platform-operator/bin/hivemq-platform-operator.jar!/hivemq-platform-operator.properties] with ordinal 100
2025-01-30 04:00:12,521 INFO c.h.h.t.HelmChartContainer - [hivemq-test-hivemq-platform] [hivemq-platform-operator] [915eb226] 04:00:12.519 [main] DEBUG io.smallrye.config - SRCFG01006: Loaded ConfigSource DefaultValuesConfigSource with ordinal -2147483648
2025-01-30 04:00:12,628 INFO c.h.h.t.HelmChartContainer - [hivemq-test-hivemq-platform] [hivemq-platform-operator] [915eb226] 04:00:12.626 [main] DEBUG i.m.c.u.i.l.InternalLoggerFactory - Using SLF4J as the default logging framework
2025-01-30 04:00:12,817 INFO c.h.h.t.HelmChartContainer - [hivemq-test-hivemq-platform] [hivemq-platform-operator] [915eb226] 04:00:12.806 [main] INFO  c.h.p.o.HiveMQPlatformOperatorApplication - HiveMQ Platform Operator 1.7.0-SNAPSHOT (commit: 47e3375 on branch: HEAD) built on Thu Jan 30 03:55:50 UTC 2025
2025-01-30 04:00:12,818 INFO c.h.h.t.HelmChartContainer - [hivemq-test-hivemq-platform] [hivemq-platform-operator] [915eb226] 04:00:12.814 [main] INFO  c.h.p.o.HiveMQPlatformOperatorApplication - HiveMQ Platform Operator is running in namespace: helmcustomconfigit-operator
2025-01-30 04:00:12,818 INFO c.h.h.t.HelmChartContainer - [hivemq-test-hivemq-platform] [hivemq-platform-operator] [915eb226] 04:00:12.815 [main] INFO  c.h.p.o.HiveMQPlatformOperatorApplication - Watching all namespaces
2025-01-30 04:00:12,818 INFO c.h.h.t.HelmChartContainer - [hivemq-test-hivemq-platform] [hivemq-platform-operator] [915eb226] 04:00:12.815 [main] INFO  c.h.p.o.HiveMQPlatformOperatorApplication - Log level: DEBUG
2025-01-30 04:00:12,818 INFO c.h.h.t.HelmChartContainer - [hivemq-test-hivemq-platform] [hivemq-platform-operator] [915eb226] 04:00:12.815 [main] INFO  c.h.p.o.HiveMQPlatformOperatorApplication - Release name: test-hivemq-platform-operator
2025-01-30 04:00:12,818 INFO c.h.h.t.HelmChartContainer - [hivemq-test-hivemq-platform] [hivemq-platform-operator] [915eb226] 04:00:12.815 [main] INFO  c.h.p.o.HiveMQPlatformOperatorApplication - HiveMQ Platform Operator Init image: docker.io/hivemq/hivemq-platform-operator-init-test:snapshot
2025-01-30 04:00:12,818 INFO c.h.h.t.HelmChartContainer - [hivemq-test-hivemq-platform] [hivemq-platform-operator] [915eb226] 04:00:12.815 [main] INFO  c.h.p.o.HiveMQPlatformOperatorApplication - HiveMQ Platform Operator Init App update URL: http://hivemq-platform-operator-test-hivemq-platform-operator.helmcustomconfigit-operator.svc:8080/initAppUpdate/hivemq-platform-operator-init-app-1.7.0-SNAPSHOT.jar
2025-01-30 04:00:12,818 INFO c.h.h.t.HelmChartContainer - [hivemq-test-hivemq-platform] [hivemq-platform-operator] [915eb226] 04:00:12.815 [main] INFO  c.h.p.o.HiveMQPlatformOperatorApplication - Additional imagePullSecret for all Platform deployments: none
2025-01-30 04:00:12,818 INFO c.h.h.t.HelmChartContainer - [hivemq-test-hivemq-platform] [hivemq-platform-operator] [915eb226] 04:00:12.815 [main] INFO  c.h.p.o.HiveMQPlatformOperatorApplication - Apply HiveMQ Platform CRD: true
2025-01-30 04:00:12,818 INFO c.h.h.t.HelmChartContainer - [hivemq-test-hivemq-platform] [hivemq-platform-operator] [915eb226] 04:00:12.815 [main] INFO  c.h.p.o.HiveMQPlatformOperatorApplication - Create Platform ServiceAccount: true
2025-01-30 04:00:12,818 INFO c.h.h.t.HelmChartContainer - [hivemq-test-hivemq-platform] [hivemq-platform-operator] [915eb226] 04:00:12.815 [main] INFO  c.h.p.o.HiveMQPlatformOperatorApplication - Create Platform ServiceAccount permissions: true
2025-01-30 04:00:12,818 INFO c.h.h.t.HelmChartContainer - [hivemq-test-hivemq-platform] [hivemq-platform-operator] [915eb226] 04:00:12.815 [main] INFO  c.h.p.o.HiveMQPlatformOperatorApplication - Validate Platform ServiceAccount: true
2025-01-30 04:00:12,818 INFO c.h.h.t.HelmChartContainer - [hivemq-test-hivemq-platform] [hivemq-platform-operator] [915eb226] 04:00:12.815 [main] INFO  c.h.p.o.HiveMQPlatformOperatorApplication - Validate Platform ServiceAccount permissions: true
2025-01-30 04:00:13,011 INFO c.h.h.t.HelmChartContainer - [hivemq-test-hivemq-platform] [hivemq-platform-operator] [915eb226] 04:00:13.010 [main] INFO  c.h.platform.operator.util.CRDUtil - Verifying deployed HiveMQ Platform CRD...
2025-01-30 04:00:14,148 INFO c.h.h.t.HelmChartContainer - [POD] metrics-server-8584b5786c-4cgxb [6a1b4cfc-824c-40fc-a63a-78487afd2ab3] in kube-system was MODIFIED
2025-01-30 04:00:14,155 INFO c.h.h.t.HelmChartContainer - [K3S] [replica_set.go:679] "Finished syncing" kind="ReplicaSet" key="kube-system/metrics-server-8584b5786c" duration="7.915697ms"
2025-01-30 04:00:14,155 INFO c.h.h.t.HelmChartContainer - [K3S] [replica_set.go:679] "Finished syncing" kind="ReplicaSet" key="kube-system/metrics-server-8584b5786c" duration="52.718µs"
2025-01-30 04:00:15,577 INFO c.h.h.t.HelmChartContainer - [hivemq-test-hivemq-platform] [hivemq-platform-operator] [915eb226] 04:00:15.576 [main] DEBUG c.h.platform.operator.util.CRDUtil - HiveMQ Platform CRD version v1 is up to date
2025-01-30 04:00:15,577 INFO c.h.h.t.HelmChartContainer - [hivemq-test-hivemq-platform] [hivemq-platform-operator] [915eb226] 04:00:15.576 [main] INFO  c.h.platform.operator.util.CRDUtil - HiveMQ Platform CRD is up to date (version: V1_6_0)
2025-01-30 04:00:15,577 INFO c.h.h.t.HelmChartContainer - [hivemq-test-hivemq-platform] [hivemq-platform-operator] [915eb226] 04:00:15.576 [main] INFO  c.h.platform.operator.util.CRDUtil - Waiting 10000 ms for HiveMQ Platform CRD 'hivemq-platforms.hivemq.com' to become ready...
2025-01-30 04:00:15,813 INFO c.h.h.t.HelmChartContainer - [hivemq-test-hivemq-platform] [hivemq-platform-operator] [915eb226] 04:00:15.812 [vert.x-eventloop-thread-1] DEBUG c.h.platform.operator.util.CRDUtil - Checking CRD condition 'NamesAccepted' (status: 'True')
2025-01-30 04:00:15,816 INFO c.h.h.t.HelmChartContainer - [hivemq-test-hivemq-platform] [hivemq-platform-operator] [915eb226] 04:00:15.813 [vert.x-eventloop-thread-1] DEBUG c.h.platform.operator.util.CRDUtil - Checking CRD condition 'Established' (status: 'True')
2025-01-30 04:00:15,816 INFO c.h.h.t.HelmChartContainer - [hivemq-test-hivemq-platform] [hivemq-platform-operator] [915eb226] 04:00:15.813 [main] INFO  c.h.platform.operator.util.CRDUtil - HiveMQ Platform CRD 'hivemq-platforms.hivemq.com' is ready
2025-01-30 04:00:16,019 INFO c.h.h.t.HelmChartContainer - [hivemq-test-hivemq-platform] [hivemq-platform-operator] [915eb226] 04:00:16.018 [main] INFO  c.h.p.o.HiveMQPlatformReconciler - HiveMQ Platform Operator is starting...
2025-01-30 04:00:16,115 INFO c.h.h.t.HelmChartContainer - [hivemq-test-hivemq-platform] [hivemq-platform-operator] [915eb226] 04:00:16.113 [main] WARN  Default ConfigurationService implementation - Configuration for reconciler 'hivemq-controller' was not found. Known reconcilers: None.
2025-01-30 04:00:16,172 INFO c.h.h.t.HelmChartContainer - [hivemq-test-hivemq-platform] [hivemq-platform-operator] [915eb226] 04:00:16.171 [main] INFO  Default ConfigurationService implementation - Created configuration for reconciler com.hivemq.platform.operator.HiveMQPlatformReconciler with name hivemq-controller
2025-01-30 04:00:16,280 INFO c.h.h.t.HelmChartContainer - [hivemq-test-hivemq-platform] [hivemq-platform-operator] [915eb226] 04:00:16.279 [main] DEBUG c.h.p.o.HiveMQPlatformReconciler - HiveMQ Platform Operator is preparing EventSources
2025-01-30 04:00:16,320 INFO c.h.h.t.HelmChartContainer - [hivemq-test-hivemq-platform] [hivemq-platform-operator] [915eb226] 04:00:16.319 [main] INFO  i.javaoperatorsdk.operator.Operator - Registered reconciler: 'hivemq-controller' for resource: 'class com.hivemq.platform.operator.v1.HiveMQPlatform' for namespace(s): [all namespaces]
2025-01-30 04:00:16,914 INFO c.h.h.t.HelmChartContainer - [hivemq-test-hivemq-platform] [hivemq-platform-operator] [915eb226] 04:00:16.912 [main] INFO  c.h.p.operator.webserver.JettyServer - Starting Jetty server on port 8080
2025-01-30 04:00:17,014 INFO c.h.h.t.HelmChartContainer - [hivemq-test-hivemq-platform] [hivemq-platform-operator] [915eb226] 04:00:17.012 [main] INFO  i.javaoperatorsdk.operator.Operator - Operator SDK 4.9.7 (commit: 2133d28) built on Wed Nov 20 12:56:20 UTC 2024 starting...
2025-01-30 04:00:17,014 INFO c.h.h.t.HelmChartContainer - [hivemq-test-hivemq-platform] [hivemq-platform-operator] [915eb226] 04:00:17.012 [main] INFO  i.javaoperatorsdk.operator.Operator - Client version: 6.13.5
2025-01-30 04:00:17,016 INFO c.h.h.t.HelmChartContainer - [hivemq-test-hivemq-platform] [hivemq-platform-operator] [915eb226] 04:00:17.014 [Controller Starter for: hivemq-controller] INFO  i.j.operator.processing.Controller - Starting 'hivemq-controller' controller for reconciler: com.hivemq.platform.operator.HiveMQPlatformReconciler, resource: com.hivemq.platform.operator.v1.HiveMQPlatform
2025-01-30 04:00:18,556 INFO c.h.h.t.HelmChartContainer - [K3S] [range_allocator.go:247] "Successfully synced" key="bb975d1fd0a5"
2025-01-30 04:00:19,372 INFO c.h.h.t.HelmChartContainer - [hivemq-test-hivemq-platform] [hivemq-platform-operator] [915eb226] 04:00:19.371 [Controller Starter for: hivemq-controller] INFO  i.j.operator.processing.Controller - 'hivemq-controller' controller started
2025-01-30 04:00:19,374 INFO c.h.h.t.HelmChartContainer - [hivemq-test-hivemq-platform] [hivemq-platform-operator] [915eb226] 04:00:19.372 [main] INFO  c.h.p.o.HiveMQPlatformOperatorApplication - HiveMQ Platform Operator 1.7.0-SNAPSHOT started in 6565 ms
2025-01-30 04:00:20,193 INFO c.h.h.t.HelmChartContainer - [POD] hivemq-test-hivemq-platform-operator-6966f96d65-vdzmk [915eb226-08fb-4443-9128-f9193f9f062a] in helmcustomconfigit-operator was MODIFIED
2025-01-30 04:00:20,195 INFO c.h.h.t.HelmChartContainer - [K3S] [replica_set.go:679] "Finished syncing" kind="ReplicaSet" key="helmcustomconfigit-operator/hivemq-test-hivemq-platform-operator-6966f96d65" duration="11.302885ms"
2025-01-30 04:00:20,196 INFO c.h.h.t.HelmChartContainer - [K3S] [replica_set.go:679] "Finished syncing" kind="ReplicaSet" key="helmcustomconfigit-operator/hivemq-test-hivemq-platform-operator-6966f96d65" duration="46.446µs"
2025-01-30 04:00:20,496 INFO com.hivemq.helmcharts.util.K8sUtil - Pod 'hivemq-test-hivemq-platform-operator-6966f96d65-vdzmk' is ready
2025-01-30 04:00:20,559 DEBUG c.h.h.t.HelmChartContainer - Executing helm command: /bin/helm --kubeconfig /etc/rancher/k3s/k3s.yaml install test-hivemq-platform /charts/hivemq-platform --wait --timeout 5m0s --set image.repository=docker.io/hivemq --set image.tag=4.36.0 --set image.pullPolicy=Never --set nodes.resources.cpu=512m --set-file config.overrideStatefulSet=/files/stateful-set-spec.yaml --namespace helmcustomconfigit
2025-01-30 04:00:20,977 INFO c.h.h.t.HelmChartContainer - [hivemq-test-hivemq-platform] [hivemq-platform-operator] [915eb226] 04:00:20.975 [-2082509879-pool-1-thread-1] WARN  i.m.p.PrometheusMeterRegistry - The meter (MeterId{name='operator.sdk.events.received', tags=[tag(action=ADDED),tag(event=ResourceEvent),tag(group=hivemq.com),tag(kind=HiveMQPlatform),tag(name=test-hivemq-platform),tag(namespace=helmcustomconfigit),tag(scope=namespace),tag(version=v1)]}) registration has failed: Prometheus requires that all meters with the same name have the same set of tag keys. There is already an existing meter named 'operator.sdk.events.received' containing tag keys [event, group, kind, name, namespace, scope, version]. The meter you are attempting to register has keys [action, event, group, kind, name, namespace, scope, version]. Note that subsequent logs will be logged at debug level.
2025-01-30 04:00:21,414 INFO c.h.h.t.HelmChartContainer - [hivemq-test-hivemq-platform] [hivemq-platform-operator] [915eb226] 04:00:21.413 [pool-6-thread-3] DEBUG c.h.p.o.dependants.PodInfoConfigMap - [helmcust] Desired PodInfo ConfigMap (1 extensions) (1 enabled)
2025-01-30 04:00:21,415 INFO c.h.h.t.HelmChartContainer - [hivemq-test-hivemq-platform] [hivemq-platform-operator] [915eb226] 04:00:21.413 [pool-6-thread-3] DEBUG c.h.p.o.dependants.PodInfoConfigMap - [helmcust] Desired PodInfo ConfigMap (metrics port: 9399) (metrics path: /)
2025-01-30 04:00:21,415 INFO c.h.h.t.HelmChartContainer - [hivemq-test-hivemq-platform] [hivemq-platform-operator] [915eb226] 04:00:21.413 [pool-6-thread-3] DEBUG c.h.p.o.dependants.PodInfoConfigMap - [helmcust] Desired PodInfo ConfigMap (extension state hash: -1817474005)
2025-01-30 04:00:21,476 INFO c.h.h.t.HelmChartContainer - [hivemq-test-hivemq-platform] [hivemq-platform-operator] [915eb226] 04:00:21.470 [pool-6-thread-3] DEBUG c.h.p.o.dependants.PodInfoConfigMap - [helmcust] Create PodInfo ConfigMap
2025-01-30 04:00:21,576 INFO c.h.h.t.HelmChartContainer - [hivemq-test-hivemq-platform] [hivemq-platform-operator] [915eb226] 04:00:21.573 [pool-6-thread-5] DEBUG c.h.p.o.dependants.PodRoleResource - [helmcust] Create Role: Role(apiVersion=rbac.authorization.k8s.io/v1, kind=Role, metadata=ObjectMeta(annotations={meta.helm.sh/release-name=test-hivemq-platform, meta.helm.sh/release-namespace=helmcustomconfigit}, creationTimestamp=null, deletionGracePeriodSeconds=null, deletionTimestamp=null, finalizers=[], generateName=null, generation=null, labels={helm.sh/chart=hivemq-platform-0.2.32, app.kubernetes.io/managed-by=Helm, app.kubernetes.io/name=hivemq-platform, hivemq-platform=test-hivemq-platform, app.kubernetes.io/instance=test-hivemq-platform, app.kubernetes.io/version=4.36.0}, managedFields=[], name=hivemq-platform-role-test-hivemq-platform, namespace=helmcustomconfigit, ownerReferences=[OwnerReference(apiVersion=hivemq.com/v1, blockOwnerDeletion=null, controller=null, kind=HiveMQPlatform, name=test-hivemq-platform, uid=c1f80f31-6ec2-41b0-95bc-b99ca90e86e0, additionalProperties={})], resourceVersion=null, selfLink=null, uid=null, additionalProperties={}), rules=[PolicyRule(apiGroups=[], nonResourceURLs=[], resourceNames=[], resources=[pods], verbs=[get, patch, update], additionalProperties={})], additionalProperties={})
2025-01-30 04:00:21,680 INFO c.h.h.t.HelmChartContainer - [hivemq-test-hivemq-platform] [hivemq-platform-operator] [915eb226] 04:00:21.678 [pool-6-thread-7] DEBUG c.h.p.o.d.PodServiceAccountResource - [helmcust] Desired PodServiceAccountResource (serviceAccountName: hivemq-platform-pod-test-hivemq-platform)
2025-01-30 04:00:21,680 INFO c.h.h.t.HelmChartContainer - [hivemq-test-hivemq-platform] [hivemq-platform-operator] [915eb226] 04:00:21.679 [pool-6-thread-7] DEBUG c.h.p.o.d.PodServiceAccountResource - [helmcust] Create ServiceAccount 'hivemq-platform-pod-test-hivemq-platform'
2025-01-30 04:00:21,871 INFO c.h.h.t.HelmChartContainer - [hivemq-test-hivemq-platform] [hivemq-platform-operator] [915eb226] 04:00:21.870 [pool-6-thread-10] DEBUG c.h.p.o.d.PodRoleBindingResource - [helmcust] Create RoleBinding: RoleBinding(apiVersion=rbac.authorization.k8s.io/v1, kind=RoleBinding, metadata=ObjectMeta(annotations={meta.helm.sh/release-name=test-hivemq-platform, meta.helm.sh/release-namespace=helmcustomconfigit}, creationTimestamp=null, deletionGracePeriodSeconds=null, deletionTimestamp=null, finalizers=[], generateName=null, generation=null, labels={helm.sh/chart=hivemq-platform-0.2.32, app.kubernetes.io/managed-by=Helm, app.kubernetes.io/name=hivemq-platform, hivemq-platform=test-hivemq-platform, app.kubernetes.io/instance=test-hivemq-platform, app.kubernetes.io/version=4.36.0}, managedFields=[], name=hivemq-platform-role-binding-test-hivemq-platform, namespace=helmcustomconfigit, ownerReferences=[OwnerReference(apiVersion=hivemq.com/v1, blockOwnerDeletion=null, controller=null, kind=HiveMQPlatform, name=test-hivemq-platform, uid=c1f80f31-6ec2-41b0-95bc-b99ca90e86e0, additionalProperties={})], resourceVersion=null, selfLink=null, uid=null, additionalProperties={}), roleRef=RoleRef(apiGroup=rbac.authorization.k8s.io, kind=Role, name=hivemq-platform-role-test-hivemq-platform, additionalProperties={}), subjects=[Subject(apiGroup=null, kind=ServiceAccount, name=hivemq-platform-pod-test-hivemq-platform, namespace=helmcustomconfigit, additionalProperties={})], additionalProperties={})
2025-01-30 04:00:21,890 INFO c.h.h.t.HelmChartContainer - [hivemq-test-hivemq-platform] [hivemq-platform-operator] [915eb226] 04:00:21.888 [ReconcilerExecutor-hivemq-controller-53] INFO  c.h.p.o.HiveMQPlatformReconciler - [helmcust] Reconciling HiveMQ Platform 'test-hivemq-platform' in namespace 'helmcustomconfigit'
2025-01-30 04:00:21,890 INFO c.h.h.t.HelmChartContainer - [hivemq-test-hivemq-platform] [hivemq-platform-operator] [915eb226] 04:00:21.889 [ReconcilerExecutor-hivemq-controller-53] DEBUG c.h.p.o.HiveMQPlatformReconciler - [helmcust] Custom Resource Status CREATED - HiveMQ Platform was created (READY)
2025-01-30 04:00:21,890 INFO c.h.h.t.HelmChartContainer - [hivemq-test-hivemq-platform] [hivemq-platform-operator] [915eb226] 04:00:21.889 [ReconcilerExecutor-hivemq-controller-53] DEBUG c.h.p.o.HiveMQPlatformReconciler - [helmcust] Custom Resource Spec (replicas: 1) (extensions: 1)
2025-01-30 04:00:21,893 INFO c.h.h.t.HelmChartContainer - [hivemq-test-hivemq-platform] [hivemq-platform-operator] [915eb226] 04:00:21.892 [ReconcilerExecutor-hivemq-controller-53] INFO  c.h.p.o.h.HiveMQPlatformReconcilerBaseHandler - [helmcust] HiveMQ Platform is starting
2025-01-30 04:00:21,987 INFO c.h.h.t.HelmChartContainer - [hivemq-test-hivemq-platform] [hivemq-platform-operator] [915eb226] 04:00:21.986 [ReconcilerExecutor-hivemq-controller-53] DEBUG c.h.p.operator.event.EventSender - [helmcust] Creating K8s event hivemq-platform-starting: [Start] HiveMQ Platform is starting
2025-01-30 04:00:22,012 INFO c.h.h.t.HelmChartContainer - [EVENT] Normal [Start] HiveMQ Platform is starting [helmcustomconfigit:test-hivemq-platform]
2025-01-30 04:00:22,076 INFO c.h.h.t.HelmChartContainer - [hivemq-test-hivemq-platform] [hivemq-platform-operator] [915eb226] 04:00:22.074 [ReconcilerExecutor-hivemq-controller-53] INFO  c.h.p.o.h.AbstractHiveMQReconcilerStateHandler - [helmcust] Update HiveMQ Platform Status (CREATED [READY] -> STARTING [READY]): HiveMQ Platform is starting
2025-01-30 04:00:22,088 DEBUG com.hivemq.helmcharts.util.K8sUtil - Comparing actual state 'STARTING' and waiting for 'RUNNING'
2025-01-30 04:00:32,115 INFO c.h.h.t.HelmChartContainer - [hivemq-test-hivemq-platform] [hivemq-platform-operator] [915eb226] 04:00:32.113 [pool-6-thread-12] DEBUG c.h.p.o.d.PlatformServiceResource - [helmcust] Desired Platform services (3 services)
2025-01-30 04:00:32,117 INFO c.h.h.t.HelmChartContainer - [hivemq-test-hivemq-platform] [hivemq-platform-operator] [915eb226] 04:00:32.114 [pool-6-thread-13] DEBUG c.h.p.o.dependants.PodInfoConfigMap - [helmcust] Desired PodInfo ConfigMap (1 extensions) (1 enabled)
2025-01-30 04:00:32,118 INFO c.h.h.t.HelmChartContainer - [hivemq-test-hivemq-platform] [hivemq-platform-operator] [915eb226] 04:00:32.114 [pool-6-thread-13] DEBUG c.h.p.o.dependants.PodInfoConfigMap - [helmcust] Desired PodInfo ConfigMap (metrics port: 9399) (metrics path: /)
2025-01-30 04:00:32,118 INFO c.h.h.t.HelmChartContainer - [hivemq-test-hivemq-platform] [hivemq-platform-operator] [915eb226] 04:00:32.114 [pool-6-thread-13] DEBUG c.h.p.o.dependants.PodInfoConfigMap - [helmcust] Desired PodInfo ConfigMap (extension state hash: -1817474005)
2025-01-30 04:00:32,122 INFO c.h.h.t.HelmChartContainer - [hivemq-test-hivemq-platform] [hivemq-platform-operator] [915eb226] 04:00:32.120 [pool-6-thread-17] DEBUG c.h.p.o.d.PodServiceAccountResource - [helmcust] Desired PodServiceAccountResource (serviceAccountName: hivemq-platform-pod-test-hivemq-platform)
2025-01-30 04:00:32,123 INFO c.h.h.t.HelmChartContainer - [hivemq-test-hivemq-platform] [hivemq-platform-operator] [915eb226] 04:00:32.122 [pool-6-thread-13] DEBUG c.h.p.o.dependants.PodInfoConfigMap - [helmcust] Update PodInfo ConfigMap
2025-01-30 04:00:32,133 INFO c.h.h.t.HelmChartContainer - [K3S] [alloc.go:330] "allocated clusterIPs" service="helmcustomconfigit/hivemq-test-hivemq-platform-cc-8080" clusterIPs={"IPv4":"10.43.89.163"}
2025-01-30 04:00:32,223 INFO c.h.h.t.HelmChartContainer - [K3S] [alloc.go:330] "allocated clusterIPs" service="helmcustomconfigit/hivemq-test-hivemq-platform-metrics-9399" clusterIPs={"IPv4":"10.43.11.255"}
2025-01-30 04:00:32,312 INFO c.h.h.t.HelmChartContainer - [K3S] [alloc.go:330] "allocated clusterIPs" service="helmcustomconfigit/hivemq-test-hivemq-platform-mqtt-1883" clusterIPs={"IPv4":"10.43.136.17"}
2025-01-30 04:00:32,320 INFO c.h.h.t.HelmChartContainer - [hivemq-test-hivemq-platform] [hivemq-platform-operator] [915eb226] 04:00:32.319 [pool-6-thread-20] DEBUG c.h.p.o.d.StatefulSetResource - [helmcust] Desired StatefulSet (1 replicas) for status STARTING (READY)
2025-01-30 04:00:32,413 INFO c.h.h.t.HelmChartContainer - [hivemq-test-hivemq-platform] [hivemq-platform-operator] [915eb226] 04:00:32.410 [pool-6-thread-20] DEBUG c.h.p.o.d.StatefulSetResource - [helmcust] Create StatefulSet
2025-01-30 04:00:32,452 INFO c.h.h.t.HelmChartContainer - [EVENT] Normal [SuccessfulCreate] create Pod test-hivemq-platform-0 in StatefulSet test-hivemq-platform successful [helmcustomconfigit:test-hivemq-platform]
2025-01-30 04:00:32,453 INFO c.h.h.t.HelmChartContainer - [POD] test-hivemq-platform-0 [a8b2f041-5e9c-41f8-af93-54e7d666f8be] in helmcustomconfigit was ADDED
2025-01-30 04:00:32,458 INFO c.h.h.t.HelmChartContainer - [POD] test-hivemq-platform-0 [a8b2f041-5e9c-41f8-af93-54e7d666f8be] in helmcustomconfigit was MODIFIED
2025-01-30 04:00:32,458 INFO c.h.h.t.HelmChartContainer - [EVENT] Normal [Scheduled] Successfully assigned helmcustomconfigit/test-hivemq-platform-0 to bb975d1fd0a5 [helmcustomconfigit:test-hivemq-platform-0]
2025-01-30 04:00:32,468 INFO c.h.h.t.HelmChartContainer - [POD] test-hivemq-platform-0 [a8b2f041-5e9c-41f8-af93-54e7d666f8be] in helmcustomconfigit was MODIFIED
2025-01-30 04:00:32,511 INFO c.h.h.t.HelmChartContainer - [hivemq-test-hivemq-platform] [hivemq-platform-operator] [915eb226] 04:00:32.508 [ReconcilerExecutor-hivemq-controller-64] INFO  c.h.p.o.HiveMQPlatformReconciler - [helmcust] Reconciling HiveMQ Platform 'test-hivemq-platform' in namespace 'helmcustomconfigit'
2025-01-30 04:00:32,511 INFO c.h.h.t.HelmChartContainer - [hivemq-test-hivemq-platform] [hivemq-platform-operator] [915eb226] 04:00:32.508 [ReconcilerExecutor-hivemq-controller-64] DEBUG c.h.p.o.HiveMQPlatformReconciler - [helmcust] Custom Resource Status STARTING - HiveMQ Platform is starting (READY)
2025-01-30 04:00:32,511 INFO c.h.h.t.HelmChartContainer - [hivemq-test-hivemq-platform] [hivemq-platform-operator] [915eb226] 04:00:32.508 [ReconcilerExecutor-hivemq-controller-64] DEBUG c.h.p.o.HiveMQPlatformReconciler - [helmcust] Custom Resource Spec (replicas: 1) (extensions: 1)
2025-01-30 04:00:32,519 INFO c.h.h.t.HelmChartContainer - [hivemq-test-hivemq-platform] [hivemq-platform-operator] [915eb226] 04:00:32.518 [ReconcilerExecutor-hivemq-controller-64] DEBUG c.h.p.o.HiveMQPlatformReconciler - [helmcust] StatefulSet Status (revision: null, replicas: 0, available: 0, ready: 0, current: 0, updated: 0)
2025-01-30 04:00:32,520 INFO c.h.h.t.HelmChartContainer - [hivemq-test-hivemq-platform] [hivemq-platform-operator] [915eb226] 04:00:32.518 [ReconcilerExecutor-hivemq-controller-64] DEBUG c.h.p.o.HiveMQPlatformReconciler - [helmcust] StatefulSet Spec (replicas: 1, init containers: 1, containers: 1, volumes: 3)
2025-01-30 04:00:32,570 INFO c.h.h.t.HelmChartContainer - [K3S] [reconciler_common.go:251] "operationExecutor.VerifyControllerAttachedVolume started for volume \"pod-info\" (UniqueName: \"kubernetes.io/configmap/a8b2f041-5e9c-41f8-af93-54e7d666f8be-pod-info\") pod \"test-hivemq-platform-0\" (UID: \"a8b2f041-5e9c-41f8-af93-54e7d666f8be\") " pod="helmcustomconfigit/test-hivemq-platform-0"
2025-01-30 04:00:32,570 INFO c.h.h.t.HelmChartContainer - [K3S] [reconciler_common.go:251] "operationExecutor.VerifyControllerAttachedVolume started for volume \"operator-init\" (UniqueName: \"kubernetes.io/empty-dir/a8b2f041-5e9c-41f8-af93-54e7d666f8be-operator-init\") pod \"test-hivemq-platform-0\" (UID: \"a8b2f041-5e9c-41f8-af93-54e7d666f8be\") " pod="helmcustomconfigit/test-hivemq-platform-0"
2025-01-30 04:00:32,570 INFO c.h.h.t.HelmChartContainer - [K3S] [reconciler_common.go:251] "operationExecutor.VerifyControllerAttachedVolume started for volume \"kube-api-access-bt6nw\" (UniqueName: \"kubernetes.io/projected/a8b2f041-5e9c-41f8-af93-54e7d666f8be-kube-api-access-bt6nw\") pod \"test-hivemq-platform-0\" (UID: \"a8b2f041-5e9c-41f8-af93-54e7d666f8be\") " pod="helmcustomconfigit/test-hivemq-platform-0"
2025-01-30 04:00:32,570 INFO c.h.h.t.HelmChartContainer - [K3S] [reconciler_common.go:251] "operationExecutor.VerifyControllerAttachedVolume started for volume \"broker-configuration\" (UniqueName: \"kubernetes.io/configmap/a8b2f041-5e9c-41f8-af93-54e7d666f8be-broker-configuration\") pod \"test-hivemq-platform-0\" (UID: \"a8b2f041-5e9c-41f8-af93-54e7d666f8be\") " pod="helmcustomconfigit/test-hivemq-platform-0"
2025-01-30 04:00:32,617 INFO c.h.h.t.HelmChartContainer - [hivemq-test-hivemq-platform] [hivemq-platform-operator] [915eb226] 04:00:32.615 [ReconcilerExecutor-hivemq-controller-64] DEBUG c.h.p.o.h.HiveMQPlatformReconcilerErrorHandler - [helmcust] Pod 'test-hivemq-platform-0' phase Pending
2025-01-30 04:00:32,617 INFO c.h.h.t.HelmChartContainer - [hivemq-test-hivemq-platform] [hivemq-platform-operator] [915eb226] 04:00:32.616 [ReconcilerExecutor-hivemq-controller-64] DEBUG c.h.p.o.h.HiveMQPlatformReconcilerErrorHandler - [helmcust] Pod 'test-hivemq-platform-0' condition 'PodReadyToStartContainers': False
2025-01-30 04:00:32,619 INFO c.h.h.t.HelmChartContainer - [hivemq-test-hivemq-platform] [hivemq-platform-operator] [915eb226] 04:00:32.616 [ReconcilerExecutor-hivemq-controller-64] DEBUG c.h.p.o.h.HiveMQPlatformReconcilerErrorHandler - [helmcust] Pod 'test-hivemq-platform-0' condition 'Initialized': False
2025-01-30 04:00:32,620 INFO c.h.h.t.HelmChartContainer - [hivemq-test-hivemq-platform] [hivemq-platform-operator] [915eb226] 04:00:32.616 [ReconcilerExecutor-hivemq-controller-64] DEBUG c.h.p.o.h.HiveMQPlatformReconcilerErrorHandler - [helmcust] Pod 'test-hivemq-platform-0' condition 'Ready': False
2025-01-30 04:00:32,620 INFO c.h.h.t.HelmChartContainer - [hivemq-test-hivemq-platform] [hivemq-platform-operator] [915eb226] 04:00:32.616 [ReconcilerExecutor-hivemq-controller-64] DEBUG c.h.p.o.h.HiveMQPlatformReconcilerErrorHandler - [helmcust] Pod 'test-hivemq-platform-0' condition 'ContainersReady': False
2025-01-30 04:00:32,620 INFO c.h.h.t.HelmChartContainer - [hivemq-test-hivemq-platform] [hivemq-platform-operator] [915eb226] 04:00:32.616 [ReconcilerExecutor-hivemq-controller-64] DEBUG c.h.p.o.h.HiveMQPlatformReconcilerErrorHandler - [helmcust] Pod 'test-hivemq-platform-0' condition 'PodScheduled': True
2025-01-30 04:00:32,620 INFO c.h.h.t.HelmChartContainer - [hivemq-test-hivemq-platform] [hivemq-platform-operator] [915eb226] 04:00:32.616 [ReconcilerExecutor-hivemq-controller-64] DEBUG c.h.p.o.h.HiveMQPlatformReconcilerErrorHandler - [helmcust] Pod 'test-hivemq-platform-0' containerStatus 'hivemq' (started: false) (ready: false) (waiting: [PodInitializing] null)
2025-01-30 04:00:32,620 INFO c.h.h.t.HelmChartContainer - [hivemq-test-hivemq-platform] [hivemq-platform-operator] [915eb226] 04:00:32.618 [ReconcilerExecutor-hivemq-controller-64] INFO  c.h.p.o.h.HiveMQPlatformReconcilerBaseHandler - [helmcust] HiveMQ Platform is starting, 0 of 1 replicas are ready
2025-01-30 04:00:32,710 INFO c.h.h.t.HelmChartContainer - [hivemq-test-hivemq-platform] [hivemq-platform-operator] [915eb226] 04:00:32.707 [pool-6-thread-22] DEBUG c.h.p.o.d.PlatformServiceResource - [helmcust] Desired Platform services (3 services)
2025-01-30 04:00:32,711 INFO c.h.h.t.HelmChartContainer - [hivemq-test-hivemq-platform] [hivemq-platform-operator] [915eb226] 04:00:32.709 [pool-6-thread-23] DEBUG c.h.p.o.dependants.PodInfoConfigMap - [helmcust] Desired PodInfo ConfigMap (1 extensions) (1 enabled)
2025-01-30 04:00:32,711 INFO c.h.h.t.HelmChartContainer - [hivemq-test-hivemq-platform] [hivemq-platform-operator] [915eb226] 04:00:32.710 [pool-6-thread-23] DEBUG c.h.p.o.dependants.PodInfoConfigMap - [helmcust] Desired PodInfo ConfigMap (metrics port: 9399) (metrics path: /)
2025-01-30 04:00:32,711 INFO c.h.h.t.HelmChartContainer - [hivemq-test-hivemq-platform] [hivemq-platform-operator] [915eb226] 04:00:32.710 [pool-6-thread-23] DEBUG c.h.p.o.dependants.PodInfoConfigMap - [helmcust] Desired PodInfo ConfigMap (extension state hash: -1817474005)
2025-01-30 04:00:32,713 INFO c.h.h.t.HelmChartContainer - [hivemq-test-hivemq-platform] [hivemq-platform-operator] [915eb226] 04:00:32.712 [pool-6-thread-27] DEBUG c.h.p.o.d.PodServiceAccountResource - [helmcust] Desired PodServiceAccountResource (serviceAccountName: hivemq-platform-pod-test-hivemq-platform)
2025-01-30 04:00:32,720 INFO c.h.h.t.HelmChartContainer - [hivemq-test-hivemq-platform] [hivemq-platform-operator] [915eb226] 04:00:32.719 [pool-6-thread-30] DEBUG c.h.p.o.d.StatefulSetResource - [helmcust] Desired StatefulSet (1 replicas) for status STARTING (READY)
2025-01-30 04:00:32,808 INFO c.h.h.t.HelmChartContainer - [hivemq-test-hivemq-platform] [hivemq-platform-operator] [915eb226] 04:00:32.807 [ReconcilerExecutor-hivemq-controller-75] INFO  c.h.p.o.HiveMQPlatformReconciler - [helmcust] Reconciling HiveMQ Platform 'test-hivemq-platform' in namespace 'helmcustomconfigit'
2025-01-30 04:00:32,810 INFO c.h.h.t.HelmChartContainer - [hivemq-test-hivemq-platform] [hivemq-platform-operator] [915eb226] 04:00:32.807 [ReconcilerExecutor-hivemq-controller-75] DEBUG c.h.p.o.HiveMQPlatformReconciler - [helmcust] Custom Resource Status STARTING - HiveMQ Platform is starting (READY)
2025-01-30 04:00:32,810 INFO c.h.h.t.HelmChartContainer - [hivemq-test-hivemq-platform] [hivemq-platform-operator] [915eb226] 04:00:32.807 [ReconcilerExecutor-hivemq-controller-75] DEBUG c.h.p.o.HiveMQPlatformReconciler - [helmcust] Custom Resource Spec (replicas: 1) (extensions: 1)
2025-01-30 04:00:32,813 INFO c.h.h.t.HelmChartContainer - [hivemq-test-hivemq-platform] [hivemq-platform-operator] [915eb226] 04:00:32.812 [ReconcilerExecutor-hivemq-controller-75] DEBUG c.h.p.o.HiveMQPlatformReconciler - [helmcust] StatefulSet Status (revision: test-hivemq-platform-66fd65f559, replicas: 1, available: 0, ready: 0, current: 1, updated: 1)
2025-01-30 04:00:32,816 INFO c.h.h.t.HelmChartContainer - [hivemq-test-hivemq-platform] [hivemq-platform-operator] [915eb226] 04:00:32.812 [ReconcilerExecutor-hivemq-controller-75] DEBUG c.h.p.o.HiveMQPlatformReconciler - [helmcust] StatefulSet Spec (replicas: 1, init containers: 1, containers: 1, volumes: 3)
2025-01-30 04:00:32,819 INFO c.h.h.t.HelmChartContainer - [hivemq-test-hivemq-platform] [hivemq-platform-operator] [915eb226] 04:00:32.815 [ReconcilerExecutor-hivemq-controller-75] DEBUG c.h.p.o.h.HiveMQPlatformReconcilerErrorHandler - [helmcust] Pod 'test-hivemq-platform-0' phase Pending
2025-01-30 04:00:32,819 INFO c.h.h.t.HelmChartContainer - [hivemq-test-hivemq-platform] [hivemq-platform-operator] [915eb226] 04:00:32.816 [ReconcilerExecutor-hivemq-controller-75] DEBUG c.h.p.o.h.HiveMQPlatformReconcilerErrorHandler - [helmcust] Pod 'test-hivemq-platform-0' condition 'PodReadyToStartContainers': False
2025-01-30 04:00:32,819 INFO c.h.h.t.HelmChartContainer - [hivemq-test-hivemq-platform] [hivemq-platform-operator] [915eb226] 04:00:32.816 [ReconcilerExecutor-hivemq-controller-75] DEBUG c.h.p.o.h.HiveMQPlatformReconcilerErrorHandler - [helmcust] Pod 'test-hivemq-platform-0' condition 'Initialized': False
2025-01-30 04:00:32,819 INFO c.h.h.t.HelmChartContainer - [hivemq-test-hivemq-platform] [hivemq-platform-operator] [915eb226] 04:00:32.816 [ReconcilerExecutor-hivemq-controller-75] DEBUG c.h.p.o.h.HiveMQPlatformReconcilerErrorHandler - [helmcust] Pod 'test-hivemq-platform-0' condition 'Ready': False
2025-01-30 04:00:32,819 INFO c.h.h.t.HelmChartContainer - [hivemq-test-hivemq-platform] [hivemq-platform-operator] [915eb226] 04:00:32.816 [ReconcilerExecutor-hivemq-controller-75] DEBUG c.h.p.o.h.HiveMQPlatformReconcilerErrorHandler - [helmcust] Pod 'test-hivemq-platform-0' condition 'ContainersReady': False
2025-01-30 04:00:32,819 INFO c.h.h.t.HelmChartContainer - [hivemq-test-hivemq-platform] [hivemq-platform-operator] [915eb226] 04:00:32.816 [ReconcilerExecutor-hivemq-controller-75] DEBUG c.h.p.o.h.HiveMQPlatformReconcilerErrorHandler - [helmcust] Pod 'test-hivemq-platform-0' condition 'PodScheduled': True
2025-01-30 04:00:32,819 INFO c.h.h.t.HelmChartContainer - [hivemq-test-hivemq-platform] [hivemq-platform-operator] [915eb226] 04:00:32.816 [ReconcilerExecutor-hivemq-controller-75] DEBUG c.h.p.o.h.HiveMQPlatformReconcilerErrorHandler - [helmcust] Pod 'test-hivemq-platform-0' containerStatus 'hivemq' (started: false) (ready: false) (waiting: [PodInitializing] null)
2025-01-30 04:00:32,820 INFO c.h.h.t.HelmChartContainer - [hivemq-test-hivemq-platform] [hivemq-platform-operator] [915eb226] 04:00:32.818 [ReconcilerExecutor-hivemq-controller-75] INFO  c.h.p.o.h.HiveMQPlatformReconcilerBaseHandler - [helmcust] HiveMQ Platform is starting, 0 of 1 replicas are ready
2025-01-30 04:00:32,865 INFO c.h.h.t.HelmChartContainer - [EVENT] Normal [Pulled] Container image "docker.io/hivemq/hivemq-platform-operator-init-test:snapshot" already present on machine [helmcustomconfigit:test-hivemq-platform-0]
2025-01-30 04:00:32,871 INFO c.h.h.t.HelmChartContainer - [EVENT] Normal [Created] Created container: hivemq-platform-operator-init [helmcustomconfigit:test-hivemq-platform-0]
2025-01-30 04:00:32,912 INFO c.h.h.t.HelmChartContainer - [EVENT] Normal [Started] Started container hivemq-platform-operator-init [helmcustomconfigit:test-hivemq-platform-0]
2025-01-30 04:00:33,193 INFO c.h.h.t.HelmChartContainer - [EVENT] Normal [Pulled] Container image "docker.io/hivemq/hivemq4:4.36.0" already present on machine [helmcustomconfigit:test-hivemq-platform-0]
2025-01-30 04:00:33,193 INFO c.h.h.t.HelmChartContainer - Received Pulled event for container hivemq in pod test-hivemq-platform-0 [a8b2f041-5e9c-41f8-af93-54e7d666f8be]
2025-01-30 04:00:33,207 INFO c.h.h.t.HelmChartContainer - [POD] test-hivemq-platform-0 [a8b2f041-5e9c-41f8-af93-54e7d666f8be] in helmcustomconfigit was MODIFIED
2025-01-30 04:00:33,224 INFO c.h.h.t.HelmChartContainer - [hivemq-test-hivemq-platform] [hivemq-platform-operator] [915eb226] 04:00:33.218 [pool-6-thread-32] DEBUG c.h.p.o.d.PlatformServiceResource - [helmcust] Desired Platform services (3 services)
2025-01-30 04:00:33,228 INFO c.h.h.t.HelmChartContainer - [hivemq-test-hivemq-platform] [hivemq-platform-operator] [915eb226] 04:00:33.223 [pool-6-thread-33] DEBUG c.h.p.o.dependants.PodInfoConfigMap - [helmcust] Desired PodInfo ConfigMap (1 extensions) (1 enabled)
2025-01-30 04:00:33,229 INFO c.h.h.t.HelmChartContainer - [EVENT] Normal [Created] Created container: hivemq [helmcustomconfigit:test-hivemq-platform-0]
2025-01-30 04:00:33,229 INFO c.h.h.t.HelmChartContainer - Received Created event for container hivemq in pod test-hivemq-platform-0 [a8b2f041-5e9c-41f8-af93-54e7d666f8be]
2025-01-30 04:00:33,231 INFO c.h.h.t.HelmChartContainer - [hivemq-test-hivemq-platform] [hivemq-platform-operator] [915eb226] 04:00:33.223 [pool-6-thread-33] DEBUG c.h.p.o.dependants.PodInfoConfigMap - [helmcust] Desired PodInfo ConfigMap (metrics port: 9399) (metrics path: /)
2025-01-30 04:00:33,231 INFO c.h.h.t.HelmChartContainer - [hivemq-test-hivemq-platform] [hivemq-platform-operator] [915eb226] 04:00:33.224 [pool-6-thread-33] DEBUG c.h.p.o.dependants.PodInfoConfigMap - [helmcust] Desired PodInfo ConfigMap (extension state hash: -1817474005)
2025-01-30 04:00:33,238 INFO c.h.h.t.HelmChartContainer - [hivemq-test-hivemq-platform] [hivemq-platform-operator] [915eb226] 04:00:33.231 [pool-6-thread-37] DEBUG c.h.p.o.d.PodServiceAccountResource - [helmcust] Desired PodServiceAccountResource (serviceAccountName: hivemq-platform-pod-test-hivemq-platform)
2025-01-30 04:00:33,313 INFO c.h.h.t.HelmChartContainer - [hivemq-test-hivemq-platform] [hivemq-platform-operator] [915eb226] 04:00:33.310 [pool-6-thread-40] DEBUG c.h.p.o.d.StatefulSetResource - [helmcust] Desired StatefulSet (1 replicas) for status STARTING (READY)
2025-01-30 04:00:33,317 INFO c.h.h.t.HelmChartContainer - [hivemq-test-hivemq-platform] [hivemq-platform-operator] [915eb226] 04:00:33.314 [ReconcilerExecutor-hivemq-controller-86] INFO  c.h.p.o.HiveMQPlatformReconciler - [helmcust] Reconciling HiveMQ Platform 'test-hivemq-platform' in namespace 'helmcustomconfigit'
2025-01-30 04:00:33,317 INFO c.h.h.t.HelmChartContainer - [hivemq-test-hivemq-platform] [hivemq-platform-operator] [915eb226] 04:00:33.315 [ReconcilerExecutor-hivemq-controller-86] DEBUG c.h.p.o.HiveMQPlatformReconciler - [helmcust] Custom Resource Status STARTING - HiveMQ Platform is starting (READY)
2025-01-30 04:00:33,318 INFO c.h.h.t.HelmChartContainer - [hivemq-test-hivemq-platform] [hivemq-platform-operator] [915eb226] 04:00:33.315 [ReconcilerExecutor-hivemq-controller-86] DEBUG c.h.p.o.HiveMQPlatformReconciler - [helmcust] Custom Resource Spec (replicas: 1) (extensions: 1)
2025-01-30 04:00:33,318 INFO c.h.h.t.HelmChartContainer - [hivemq-test-hivemq-platform] [hivemq-platform-operator] [915eb226] 04:00:33.317 [ReconcilerExecutor-hivemq-controller-86] DEBUG c.h.p.o.HiveMQPlatformReconciler - [helmcust] StatefulSet Status (revision: test-hivemq-platform-66fd65f559, replicas: 1, available: 0, ready: 0, current: 1, updated: 1)
2025-01-30 04:00:33,318 INFO c.h.h.t.HelmChartContainer - [hivemq-test-hivemq-platform] [hivemq-platform-operator] [915eb226] 04:00:33.317 [ReconcilerExecutor-hivemq-controller-86] DEBUG c.h.p.o.HiveMQPlatformReconciler - [helmcust] StatefulSet Spec (replicas: 1, init containers: 1, containers: 1, volumes: 3)
2025-01-30 04:00:33,321 INFO c.h.h.t.HelmChartContainer - [hivemq-test-hivemq-platform] [hivemq-platform-operator] [915eb226] 04:00:33.320 [ReconcilerExecutor-hivemq-controller-86] DEBUG c.h.p.o.h.HiveMQPlatformReconcilerErrorHandler - [helmcust] Pod 'test-hivemq-platform-0' phase Pending
2025-01-30 04:00:33,323 INFO c.h.h.t.HelmChartContainer - [hivemq-test-hivemq-platform] [hivemq-platform-operator] [915eb226] 04:00:33.320 [ReconcilerExecutor-hivemq-controller-86] DEBUG c.h.p.o.h.HiveMQPlatformReconcilerErrorHandler - [helmcust] Pod 'test-hivemq-platform-0' condition 'PodReadyToStartContainers': True
2025-01-30 04:00:33,324 INFO c.h.h.t.HelmChartContainer - [hivemq-test-hivemq-platform] [hivemq-platform-operator] [915eb226] 04:00:33.320 [ReconcilerExecutor-hivemq-controller-86] DEBUG c.h.p.o.h.HiveMQPlatformReconcilerErrorHandler - [helmcust] Pod 'test-hivemq-platform-0' condition 'Initialized': True
2025-01-30 04:00:33,324 INFO c.h.h.t.HelmChartContainer - [hivemq-test-hivemq-platform] [hivemq-platform-operator] [915eb226] 04:00:33.320 [ReconcilerExecutor-hivemq-controller-86] DEBUG c.h.p.o.h.HiveMQPlatformReconcilerErrorHandler - [helmcust] Pod 'test-hivemq-platform-0' condition 'Ready': False
2025-01-30 04:00:33,324 INFO c.h.h.t.HelmChartContainer - [hivemq-test-hivemq-platform] [hivemq-platform-operator] [915eb226] 04:00:33.320 [ReconcilerExecutor-hivemq-controller-86] DEBUG c.h.p.o.h.HiveMQPlatformReconcilerErrorHandler - [helmcust] Pod 'test-hivemq-platform-0' condition 'ContainersReady': False
2025-01-30 04:00:33,324 INFO c.h.h.t.HelmChartContainer - [hivemq-test-hivemq-platform] [hivemq-platform-operator] [915eb226] 04:00:33.320 [ReconcilerExecutor-hivemq-controller-86] DEBUG c.h.p.o.h.HiveMQPlatformReconcilerErrorHandler - [helmcust] Pod 'test-hivemq-platform-0' condition 'PodScheduled': True
2025-01-30 04:00:33,324 INFO c.h.h.t.HelmChartContainer - [hivemq-test-hivemq-platform] [hivemq-platform-operator] [915eb226] 04:00:33.321 [ReconcilerExecutor-hivemq-controller-86] DEBUG c.h.p.o.h.HiveMQPlatformReconcilerErrorHandler - [helmcust] Pod 'test-hivemq-platform-0' containerStatus 'hivemq' (started: false) (ready: false) (waiting: [PodInitializing] null)
2025-01-30 04:00:33,324 INFO c.h.h.t.HelmChartContainer - [hivemq-test-hivemq-platform] [hivemq-platform-operator] [915eb226] 04:00:33.321 [ReconcilerExecutor-hivemq-controller-86] INFO  c.h.p.o.h.HiveMQPlatformReconcilerBaseHandler - [helmcust] HiveMQ Platform is starting, 0 of 1 replicas are ready
2025-01-30 04:00:34,208 INFO c.h.h.t.HelmChartContainer - [POD] test-hivemq-platform-0 [a8b2f041-5e9c-41f8-af93-54e7d666f8be] in helmcustomconfigit was MODIFIED
2025-01-30 04:00:34,221 INFO c.h.h.t.HelmChartContainer - Started log watcher for hivemq in pod test-hivemq-platform-0 [a8b2f041-5e9c-41f8-af93-54e7d666f8be]
2025-01-30 04:00:34,221 INFO c.h.h.t.HelmChartContainer - [test-hivemq-platform] [hivemq] [a8b2f041] Adding pre-installed HiveMQ Platform Operator extensions
2025-01-30 04:00:34,221 INFO c.h.h.t.HelmChartContainer - [test-hivemq-platform] [hivemq] [a8b2f041] Running as user 10000
2025-01-30 04:00:34,221 INFO c.h.h.t.HelmChartContainer - [test-hivemq-platform] [hivemq] [a8b2f041] Starting HiveMQ Platform Operator Init
2025-01-30 04:00:34,221 INFO c.h.h.t.HelmChartContainer - [EVENT] Normal [Started] Started container hivemq [helmcustomconfigit:test-hivemq-platform-0]
2025-01-30 04:00:34,221 INFO c.h.h.t.HelmChartContainer - Received Started event for container hivemq in pod test-hivemq-platform-0 [a8b2f041-5e9c-41f8-af93-54e7d666f8be]
2025-01-30 04:00:34,221 INFO c.h.h.t.HelmChartContainer - [test-hivemq-platform] [hivemq] [a8b2f041] INFO  - [HiveMQ Platform Operator Init 1.7.0-SNAPSHOT] HiveMQ Platform Operator Init 1.7.0-SNAPSHOT (commit: 47e3375 on branch: HEAD) built on Thu Jan 30 03:55:50 UTC 2025
2025-01-30 04:00:34,221 INFO c.h.h.t.HelmChartContainer - [test-hivemq-platform] [hivemq] [a8b2f041] INFO  - [HiveMQ Platform Operator Init App 1.7.0-SNAPSHOT] Using bind address 10.42.0.6 from environment variable
2025-01-30 04:00:34,222 INFO c.h.h.t.HelmChartContainer - [test-hivemq-platform] [hivemq] [a8b2f041] INFO  - [HiveMQ Platform Operator Init App 1.7.0-SNAPSHOT] HiveMQ Platform Operator Init App 1.7.0-SNAPSHOT (commit: 47e3375 on branch: HEAD) built on Thu Jan 30 03:55:50 UTC 2025
2025-01-30 04:00:34,222 INFO c.h.h.t.HelmChartContainer - [test-hivemq-platform] [hivemq] [a8b2f041] INFO  - [HiveMQ Platform Operator Init App 1.7.0-SNAPSHOT] PodInfo ConfigMap directory: /etc/podinfo
2025-01-30 04:00:34,222 INFO c.h.h.t.HelmChartContainer - [test-hivemq-platform] [hivemq] [a8b2f041] INFO  - [HiveMQ Platform Operator Init App 1.7.0-SNAPSHOT] HiveMQ home directory: /opt/hivemq
2025-01-30 04:00:34,222 INFO c.h.h.t.HelmChartContainer - [test-hivemq-platform] [hivemq] [a8b2f041] INFO  - [HiveMQ Platform Operator Init App 1.7.0-SNAPSHOT] HiveMQ Logback folder: /opt/hivemq/conf
2025-01-30 04:00:34,222 INFO c.h.h.t.HelmChartContainer - [test-hivemq-platform] [hivemq] [a8b2f041] INFO  - [HiveMQ Platform Operator Init App 1.7.0-SNAPSHOT] HiveMQ Config folder: /opt/hivemq/conf-k8s
2025-01-30 04:00:34,222 INFO c.h.h.t.HelmChartContainer - [test-hivemq-platform] [hivemq] [a8b2f041] INFO  - [HiveMQ Platform Operator Init App 1.7.0-SNAPSHOT] Starting HiveMQ Platform Operator Init App
2025-01-30 04:00:34,222 INFO c.h.h.t.HelmChartContainer - [test-hivemq-platform] [hivemq] [a8b2f041] INFO  - [HiveMQ Platform Operator Init App 1.7.0-SNAPSHOT] Starting Pod reconciler
2025-01-30 04:00:34,241 INFO c.h.h.t.HelmChartContainer - [hivemq-test-hivemq-platform] [hivemq-platform-operator] [915eb226] 04:00:34.233 [pool-6-thread-42] DEBUG c.h.p.o.d.PlatformServiceResource - [helmcust] Desired Platform services (3 services)
2025-01-30 04:00:34,243 INFO c.h.h.t.HelmChartContainer - [hivemq-test-hivemq-platform] [hivemq-platform-operator] [915eb226] 04:00:34.236 [pool-6-thread-43] DEBUG c.h.p.o.dependants.PodInfoConfigMap - [helmcust] Desired PodInfo ConfigMap (1 extensions) (1 enabled)
2025-01-30 04:00:34,243 INFO c.h.h.t.HelmChartContainer - [hivemq-test-hivemq-platform] [hivemq-platform-operator] [915eb226] 04:00:34.236 [pool-6-thread-43] DEBUG c.h.p.o.dependants.PodInfoConfigMap - [helmcust] Desired PodInfo ConfigMap (metrics port: 9399) (metrics path: /)
2025-01-30 04:00:34,243 INFO c.h.h.t.HelmChartContainer - [hivemq-test-hivemq-platform] [hivemq-platform-operator] [915eb226] 04:00:34.240 [pool-6-thread-43] DEBUG c.h.p.o.dependants.PodInfoConfigMap - [helmcust] Desired PodInfo ConfigMap (extension state hash: -1817474005)
2025-01-30 04:00:34,247 INFO c.h.h.t.HelmChartContainer - [hivemq-test-hivemq-platform] [hivemq-platform-operator] [915eb226] 04:00:34.246 [pool-6-thread-47] DEBUG c.h.p.o.d.PodServiceAccountResource - [helmcust] Desired PodServiceAccountResource (serviceAccountName: hivemq-platform-pod-test-hivemq-platform)
2025-01-30 04:00:34,254 INFO c.h.h.t.HelmChartContainer - [hivemq-test-hivemq-platform] [hivemq-platform-operator] [915eb226] 04:00:34.251 [pool-6-thread-49] DEBUG c.h.p.o.d.StatefulSetResource - [helmcust] Desired StatefulSet (1 replicas) for status STARTING (READY)
2025-01-30 04:00:34,316 INFO c.h.h.t.HelmChartContainer - [hivemq-test-hivemq-platform] [hivemq-platform-operator] [915eb226] 04:00:34.312 [ReconcilerExecutor-hivemq-controller-97] INFO  c.h.p.o.HiveMQPlatformReconciler - [helmcust] Reconciling HiveMQ Platform 'test-hivemq-platform' in namespace 'helmcustomconfigit'
2025-01-30 04:00:34,322 INFO c.h.h.t.HelmChartContainer - [hivemq-test-hivemq-platform] [hivemq-platform-operator] [915eb226] 04:00:34.312 [ReconcilerExecutor-hivemq-controller-97] DEBUG c.h.p.o.HiveMQPlatformReconciler - [helmcust] Custom Resource Status STARTING - HiveMQ Platform is starting (READY)
2025-01-30 04:00:34,323 INFO c.h.h.t.HelmChartContainer - [hivemq-test-hivemq-platform] [hivemq-platform-operator] [915eb226] 04:00:34.312 [ReconcilerExecutor-hivemq-controller-97] DEBUG c.h.p.o.HiveMQPlatformReconciler - [helmcust] Custom Resource Spec (replicas: 1) (extensions: 1)
2025-01-30 04:00:34,323 INFO c.h.h.t.HelmChartContainer - [hivemq-test-hivemq-platform] [hivemq-platform-operator] [915eb226] 04:00:34.315 [ReconcilerExecutor-hivemq-controller-97] DEBUG c.h.p.o.HiveMQPlatformReconciler - [helmcust] StatefulSet Status (revision: test-hivemq-platform-66fd65f559, replicas: 1, available: 0, ready: 0, current: 1, updated: 1)
2025-01-30 04:00:34,323 INFO c.h.h.t.HelmChartContainer - [hivemq-test-hivemq-platform] [hivemq-platform-operator] [915eb226] 04:00:34.315 [ReconcilerExecutor-hivemq-controller-97] DEBUG c.h.p.o.HiveMQPlatformReconciler - [helmcust] StatefulSet Spec (replicas: 1, init containers: 1, containers: 1, volumes: 3)
2025-01-30 04:00:34,323 INFO c.h.h.t.HelmChartContainer - [hivemq-test-hivemq-platform] [hivemq-platform-operator] [915eb226] 04:00:34.320 [ReconcilerExecutor-hivemq-controller-97] DEBUG c.h.p.o.h.HiveMQPlatformReconcilerErrorHandler - [helmcust] Pod 'test-hivemq-platform-0' phase Running
2025-01-30 04:00:34,327 INFO c.h.h.t.HelmChartContainer - [hivemq-test-hivemq-platform] [hivemq-platform-operator] [915eb226] 04:00:34.326 [ReconcilerExecutor-hivemq-controller-97] INFO  c.h.p.o.h.HiveMQPlatformReconcilerBaseHandler - [helmcust] HiveMQ Platform is starting, 0 of 1 replicas are ready
2025-01-30 04:00:34,490 INFO c.h.h.t.HelmChartContainer - [test-hivemq-platform] [hivemq] [a8b2f041] INFO  - [HiveMQ Platform Operator Init App 1.7.0-SNAPSHOT] Pod reconciler is scheduled (interval: 5000 ms)
2025-01-30 04:00:34,491 INFO c.h.h.t.HelmChartContainer - [test-hivemq-platform] [hivemq] [a8b2f041] INFO  - [HiveMQ Platform Operator Init App 1.7.0-SNAPSHOT] Starting the REST API on 10.42.0.6:7979
2025-01-30 04:00:34,494 INFO c.h.h.t.HelmChartContainer - [test-hivemq-platform] [hivemq] [a8b2f041] INFO  - [HiveMQ Platform Operator Init App 1.7.0-SNAPSHOT] Waiting up to 600s for at most 1 HiveMQ nodes in cluster service hivemq-test-hivemq-platform-cluster.helmcustomconfigit.svc
2025-01-30 04:00:34,596 INFO c.h.h.t.HelmChartContainer - [test-hivemq-platform] [hivemq] [a8b2f041] INFO  - [HiveMQ Platform Operator Init App 1.7.0-SNAPSHOT] Resolved 1 IP addresses: [10.42.0.6]
2025-01-30 04:00:34,596 INFO c.h.h.t.HelmChartContainer - [test-hivemq-platform] [hivemq] [a8b2f041] INFO  - [HiveMQ Platform Operator Init App 1.7.0-SNAPSHOT] HiveMQ node count of 1 is within threshold of 1
2025-01-30 04:00:34,596 INFO c.h.h.t.HelmChartContainer - [test-hivemq-platform] [hivemq] [a8b2f041] INFO  - [HiveMQ Platform Operator Init App 1.7.0-SNAPSHOT] Proceeding with container start
2025-01-30 04:00:34,620 INFO c.h.h.t.HelmChartContainer - [test-hivemq-platform] [hivemq] [a8b2f041] INFO  - [HiveMQ Platform Operator Init App 1.7.0-SNAPSHOT] Initializing HiveMQ Platform extensions with initial configuration: {hivemq-allow-all-extension={start-priority=-1, skip-https-hostname-verification=false, restart=true, config-version=0, header-version=0, c-uri=, priority=-1, uri=preinstalled, skip-https-certificate-validation=false, enabled=true}, hivemq-prometheus-extension={priority=-1, start-priority=-1, c-uri=, skip-https-hostname-verification=false, skip-https-certificate-validation=false, uri=preinstalled, request-header-path=no-request-headers, enabled=true, restart=true}}
2025-01-30 04:00:34,804 INFO c.h.h.t.HelmChartContainer - [test-hivemq-platform] [hivemq] [a8b2f041] INFO  - [HiveMQ Platform Operator Init App 1.7.0-SNAPSHOT] Extension hivemq-allow-all-extension was already enabled
2025-01-30 04:00:34,815 INFO c.h.h.t.HelmChartContainer - [test-hivemq-platform] [hivemq] [a8b2f041] INFO  - [HiveMQ Platform Operator Init App 1.7.0-SNAPSHOT] Successfully enabled extension hivemq-prometheus-extension
2025-01-30 04:00:34,817 INFO c.h.h.t.HelmChartContainer - [test-hivemq-platform] [hivemq] [a8b2f041] INFO  - [HiveMQ Platform Operator Init App 1.7.0-SNAPSHOT] Starting HiveMQ Platform version 4.36.0 (4.36.0)
2025-01-30 04:00:34,817 INFO c.h.h.t.HelmChartContainer - [test-hivemq-platform] [hivemq] [a8b2f041] INFO  - [HiveMQ Platform Operator Init App 1.7.0-SNAPSHOT] Configuring the HiveMQ Platform
2025-01-30 04:00:34,829 INFO c.h.h.t.HelmChartContainer - [test-hivemq-platform] [hivemq] [a8b2f041] INFO  - [HiveMQ Platform Operator Init App 1.7.0-SNAPSHOT] Changed logback.xml file scan period to 20 seconds
2025-01-30 04:00:34,846 INFO c.h.h.t.HelmChartContainer - [test-hivemq-platform] [hivemq] [a8b2f041] INFO  - [HiveMQ Platform Operator Init App 1.7.0-SNAPSHOT] Starting the HiveMQ Platform
2025-01-30 04:00:34,848 INFO c.h.h.t.HelmChartContainer - [test-hivemq-platform] [hivemq] [a8b2f041] -------------------------------------------------------------------------
2025-01-30 04:00:34,848 INFO c.h.h.t.HelmChartContainer - [test-hivemq-platform] [hivemq] [a8b2f041] 
2025-01-30 04:00:34,849 INFO c.h.h.t.HelmChartContainer - [test-hivemq-platform] [hivemq] [a8b2f041]                   _    _  _              __  __   ____
2025-01-30 04:00:34,850 INFO c.h.h.t.HelmChartContainer - [test-hivemq-platform] [hivemq] [a8b2f041]                  | |  | |(_)            |  \/  | / __ \
2025-01-30 04:00:34,850 INFO c.h.h.t.HelmChartContainer - [test-hivemq-platform] [hivemq] [a8b2f041]                  | |__| | _ __   __ ___ | \  / || |  | |
2025-01-30 04:00:34,850 INFO c.h.h.t.HelmChartContainer - [test-hivemq-platform] [hivemq] [a8b2f041]                  |  __  || |\ \ / // _ \| |\/| || |  | |
2025-01-30 04:00:34,850 INFO c.h.h.t.HelmChartContainer - [test-hivemq-platform] [hivemq] [a8b2f041]                  | |  | || | \ V /|  __/| |  | || |__| |
2025-01-30 04:00:34,850 INFO c.h.h.t.HelmChartContainer - [test-hivemq-platform] [hivemq] [a8b2f041]                  |_|  |_||_|  \_/  \___||_|  |_| \___\_\
2025-01-30 04:00:34,850 INFO c.h.h.t.HelmChartContainer - [test-hivemq-platform] [hivemq] [a8b2f041] 
2025-01-30 04:00:34,850 INFO c.h.h.t.HelmChartContainer - [test-hivemq-platform] [hivemq] [a8b2f041] -------------------------------------------------------------------------
2025-01-30 04:00:34,851 INFO c.h.h.t.HelmChartContainer - [test-hivemq-platform] [hivemq] [a8b2f041] 
2025-01-30 04:00:34,851 INFO c.h.h.t.HelmChartContainer - [test-hivemq-platform] [hivemq] [a8b2f041]   HiveMQ Start Script for Linux/Unix v1.14
2025-01-30 04:00:34,851 INFO c.h.h.t.HelmChartContainer - [test-hivemq-platform] [hivemq] [a8b2f041] 
2025-01-30 04:00:34,880 INFO c.h.h.t.HelmChartContainer - [test-hivemq-platform] [hivemq] [a8b2f041] -------------------------------------------------------------------------
2025-01-30 04:00:34,880 INFO c.h.h.t.HelmChartContainer - [test-hivemq-platform] [hivemq] [a8b2f041] 
2025-01-30 04:00:34,880 INFO c.h.h.t.HelmChartContainer - [test-hivemq-platform] [hivemq] [a8b2f041]   HIVEMQ_HOME: /opt/hivemq
2025-01-30 04:00:34,880 INFO c.h.h.t.HelmChartContainer - [test-hivemq-platform] [hivemq] [a8b2f041] 
2025-01-30 04:00:34,880 INFO c.h.h.t.HelmChartContainer - [test-hivemq-platform] [hivemq] [a8b2f041]   JAVA_OPTS: -XX:+UnlockExperimentalVMOptions -XX:+UseNUMA -Djava.net.preferIPv4Stack=true --add-opens java.base/java.lang=ALL-UNNAMED --add-opens java.base/java.nio=ALL-UNNAMED --add-opens java.base/sun.nio.ch=ALL-UNNAMED --add-opens jdk.management/com.sun.management.internal=ALL-UNNAMED --add-exports java.base/jdk.internal.misc=ALL-UNNAMED -Djava.security.egd=file:/dev/./urandom -Dcom.sun.management.jmxremote -Dcom.sun.management.jmxremote.port=9010 -Dcom.sun.management.jmxremote.local.only=false -Dcom.sun.management.jmxremote.authenticate=false -Dcom.sun.management.jmxremote.ssl=false -Duser.language=en -Duser.region=US -XX:+CrashOnOutOfMemoryError -XX:+HeapDumpOnOutOfMemoryError
2025-01-30 04:00:34,880 INFO c.h.h.t.HelmChartContainer - [test-hivemq-platform] [hivemq] [a8b2f041] 
2025-01-30 04:00:34,880 INFO c.h.h.t.HelmChartContainer - [test-hivemq-platform] [hivemq] [a8b2f041]   JAVA_VERSION: 21
2025-01-30 04:00:34,880 INFO c.h.h.t.HelmChartContainer - [test-hivemq-platform] [hivemq] [a8b2f041] 
2025-01-30 04:00:34,880 INFO c.h.h.t.HelmChartContainer - [test-hivemq-platform] [hivemq] [a8b2f041] -------------------------------------------------------------------------
2025-01-30 04:00:34,880 INFO c.h.h.t.HelmChartContainer - [test-hivemq-platform] [hivemq] [a8b2f041] 
2025-01-30 04:00:35,507 INFO c.h.h.t.HelmChartContainer - [test-hivemq-platform] [hivemq] [a8b2f041] INFO  - Starting HiveMQ Enterprise Server
2025-01-30 04:00:35,514 INFO c.h.h.t.HelmChartContainer - [test-hivemq-platform] [hivemq] [a8b2f041] INFO  - HiveMQ version: 4.36.0
2025-01-30 04:00:35,515 INFO c.h.h.t.HelmChartContainer - [test-hivemq-platform] [hivemq] [a8b2f041] INFO  - HiveMQ home directory: /opt/hivemq
2025-01-30 04:00:35,515 INFO c.h.h.t.HelmChartContainer - [test-hivemq-platform] [hivemq] [a8b2f041] INFO  - Log Configuration was overridden by /opt/hivemq/conf/logback.xml
2025-01-30 04:00:35,843 INFO c.h.h.t.HelmChartContainer - [test-hivemq-platform] [hivemq] [a8b2f041] INFO  - Successfully loaded configuration from '/opt/hivemq/conf-k8s/config.xml'.
2025-01-30 04:00:35,929 INFO c.h.h.t.HelmChartContainer - [test-hivemq-platform] [hivemq] [a8b2f041] INFO  - This node's ID is LiivG
2025-01-30 04:00:35,929 INFO c.h.h.t.HelmChartContainer - [test-hivemq-platform] [hivemq] [a8b2f041] INFO  - Clustering is enabled
2025-01-30 04:00:38,720 INFO c.h.h.t.HelmChartContainer - [test-hivemq-platform] [hivemq] [a8b2f041] INFO  - No valid license file found. Using trial license, restricted to 25 connections.
2025-01-30 04:00:39,945 INFO c.h.h.t.HelmChartContainer - [test-hivemq-platform] [hivemq] [a8b2f041] INFO  - No valid license file for Data Hub found. Using free license, restricted to 1 policy.
2025-01-30 04:00:40,270 INFO c.h.h.t.HelmChartContainer - [test-hivemq-platform] [hivemq] [a8b2f041] WARN  - [HiveMQ Platform Operator Init App 1.7.0-SNAPSHOT] Cannot connect to Health API for readiness: null
2025-01-30 04:00:40,271 INFO c.h.h.t.HelmChartContainer - [test-hivemq-platform] [hivemq] [a8b2f041] INFO  - [HiveMQ Platform Operator Init App 1.7.0-SNAPSHOT] Returning default Health API response 503 for readiness
2025-01-30 04:00:40,317 INFO c.h.h.t.HelmChartContainer - [test-hivemq-platform] [hivemq] [a8b2f041] INFO  - Audit Logger started.
2025-01-30 04:00:40,369 INFO c.h.h.t.HelmChartContainer - [EVENT] Warning [Unhealthy] Readiness probe failed: HTTP probe failed with statuscode: 503 [helmcustomconfigit:test-hivemq-platform-0]
2025-01-30 04:00:40,370 INFO c.h.h.t.HelmChartContainer - Received Unhealthy event for container hivemq in pod test-hivemq-platform-0 [a8b2f041-5e9c-41f8-af93-54e7d666f8be]
2025-01-30 04:00:40,443 INFO c.h.h.t.HelmChartContainer - [test-hivemq-platform] [hivemq] [a8b2f041] INFO  - This node uses '4' CPU cores.
2025-01-30 04:00:40,451 INFO c.h.h.t.HelmChartContainer - [test-hivemq-platform] [hivemq] [a8b2f041] INFO  - Starting HiveMQ Health API on address 0.0.0.0 and port 8889
2025-01-30 04:00:40,723 INFO c.h.h.t.HelmChartContainer - [test-hivemq-platform] [hivemq] [a8b2f041] INFO  - Started HiveMQ Health API in 271ms
2025-01-30 04:00:40,736 INFO c.h.h.t.HelmChartContainer - [test-hivemq-platform] [hivemq] [a8b2f041] INFO  - [HiveMQ Platform Operator Init App 1.7.0-SNAPSHOT] Updating Pod HiveMQ Platform Operator Init App version annotation (version: 1.7.0-SNAPSHOT)
2025-01-30 04:00:40,839 INFO c.h.h.t.HelmChartContainer - [POD] test-hivemq-platform-0 [a8b2f041-5e9c-41f8-af93-54e7d666f8be] in helmcustomconfigit was MODIFIED
2025-01-30 04:00:40,858 INFO c.h.h.t.HelmChartContainer - [test-hivemq-platform] [hivemq] [a8b2f041] INFO  - [HiveMQ Platform Operator Init App 1.7.0-SNAPSHOT] Successfully updated Pod HiveMQ Platform Operator Init App version annotation (version: 1.7.0-SNAPSHOT)
2025-01-30 04:00:40,867 INFO c.h.h.t.HelmChartContainer - [hivemq-test-hivemq-platform] [hivemq-platform-operator] [915eb226] 04:00:40.866 [pool-6-thread-8] DEBUG c.h.p.o.dependants.PodInfoConfigMap - [helmcust] Desired PodInfo ConfigMap (1 extensions) (1 enabled)
2025-01-30 04:00:40,870 INFO c.h.h.t.HelmChartContainer - [hivemq-test-hivemq-platform] [hivemq-platform-operator] [915eb226] 04:00:40.866 [pool-6-thread-8] DEBUG c.h.p.o.dependants.PodInfoConfigMap - [helmcust] Desired PodInfo ConfigMap (metrics port: 9399) (metrics path: /)
2025-01-30 04:00:40,870 INFO c.h.h.t.HelmChartContainer - [hivemq-test-hivemq-platform] [hivemq-platform-operator] [915eb226] 04:00:40.863 [pool-6-thread-5] DEBUG c.h.p.o.d.PlatformServiceResource - [helmcust] Desired Platform services (3 services)
2025-01-30 04:00:40,870 INFO c.h.h.t.HelmChartContainer - [hivemq-test-hivemq-platform] [hivemq-platform-operator] [915eb226] 04:00:40.867 [pool-6-thread-8] DEBUG c.h.p.o.dependants.PodInfoConfigMap - [helmcust] Desired PodInfo ConfigMap (extension state hash: -1817474005)
2025-01-30 04:00:40,880 INFO c.h.h.t.HelmChartContainer - [hivemq-test-hivemq-platform] [hivemq-platform-operator] [915eb226] 04:00:40.876 [pool-6-thread-1] DEBUG c.h.p.o.d.PodServiceAccountResource - [helmcust] Desired PodServiceAccountResource (serviceAccountName: hivemq-platform-pod-test-hivemq-platform)
2025-01-30 04:00:40,894 INFO c.h.h.t.HelmChartContainer - [hivemq-test-hivemq-platform] [hivemq-platform-operator] [915eb226] 04:00:40.892 [pool-6-thread-5] DEBUG c.h.p.o.d.StatefulSetResource - [helmcust] Desired StatefulSet (1 replicas) for status STARTING (READY)
2025-01-30 04:00:40,918 INFO c.h.h.t.HelmChartContainer - [hivemq-test-hivemq-platform] [hivemq-platform-operator] [915eb226] 04:00:40.912 [ReconcilerExecutor-hivemq-controller-108] INFO  c.h.p.o.HiveMQPlatformReconciler - [helmcust] Reconciling HiveMQ Platform 'test-hivemq-platform' in namespace 'helmcustomconfigit'
2025-01-30 04:00:40,918 INFO c.h.h.t.HelmChartContainer - [hivemq-test-hivemq-platform] [hivemq-platform-operator] [915eb226] 04:00:40.912 [ReconcilerExecutor-hivemq-controller-108] DEBUG c.h.p.o.HiveMQPlatformReconciler - [helmcust] Custom Resource Status STARTING - HiveMQ Platform is starting (READY)
2025-01-30 04:00:40,918 INFO c.h.h.t.HelmChartContainer - [hivemq-test-hivemq-platform] [hivemq-platform-operator] [915eb226] 04:00:40.912 [ReconcilerExecutor-hivemq-controller-108] DEBUG c.h.p.o.HiveMQPlatformReconciler - [helmcust] Custom Resource Spec (replicas: 1) (extensions: 1)
2025-01-30 04:00:40,918 INFO c.h.h.t.HelmChartContainer - [hivemq-test-hivemq-platform] [hivemq-platform-operator] [915eb226] 04:00:40.914 [ReconcilerExecutor-hivemq-controller-108] DEBUG c.h.p.o.HiveMQPlatformReconciler - [helmcust] StatefulSet Status (revision: test-hivemq-platform-66fd65f559, replicas: 1, available: 0, ready: 0, current: 1, updated: 1)
2025-01-30 04:00:40,920 INFO c.h.h.t.HelmChartContainer - [hivemq-test-hivemq-platform] [hivemq-platform-operator] [915eb226] 04:00:40.914 [ReconcilerExecutor-hivemq-controller-108] DEBUG c.h.p.o.HiveMQPlatformReconciler - [helmcust] StatefulSet Spec (replicas: 1, init containers: 1, containers: 1, volumes: 3)
2025-01-30 04:00:40,920 INFO c.h.h.t.HelmChartContainer - [hivemq-test-hivemq-platform] [hivemq-platform-operator] [915eb226] 04:00:40.917 [ReconcilerExecutor-hivemq-controller-108] DEBUG c.h.p.o.h.HiveMQPlatformReconcilerErrorHandler - [helmcust] Pod 'test-hivemq-platform-0' phase Running
2025-01-30 04:00:40,920 INFO c.h.h.t.HelmChartContainer - [hivemq-test-hivemq-platform] [hivemq-platform-operator] [915eb226] 04:00:40.918 [ReconcilerExecutor-hivemq-controller-108] INFO  c.h.p.o.h.HiveMQPlatformReconcilerBaseHandler - [helmcust] HiveMQ Platform is starting, 0 of 1 replicas are ready
2025-01-30 04:00:41,054 INFO c.h.h.t.HelmChartContainer - [test-hivemq-platform] [hivemq] [a8b2f041] INFO  - Starting HiveMQ extension system.
2025-01-30 04:00:41,094 INFO c.h.h.t.HelmChartContainer - [test-hivemq-platform] [hivemq] [a8b2f041] INFO  - [HiveMQ Platform Operator Init App 1.7.0-SNAPSHOT] Returning Health API response 503 for readiness
2025-01-30 04:00:41,100 INFO c.h.h.t.HelmChartContainer - [EVENT] Warning [Unhealthy] Readiness probe failed: HTTP probe failed with statuscode: 503 [helmcustomconfigit:test-hivemq-platform-0]
2025-01-30 04:00:41,100 INFO c.h.h.t.HelmChartContainer - Received Unhealthy event for container hivemq in pod test-hivemq-platform-0 [a8b2f041-5e9c-41f8-af93-54e7d666f8be]
2025-01-30 04:00:41,158 INFO c.h.h.t.HelmChartContainer - [test-hivemq-platform] [hivemq] [a8b2f041] INFO  - Starting extension with id "hivemq-dns-cluster-discovery" at /opt/hivemq/extensions/hivemq-dns-cluster-discovery
2025-01-30 04:00:41,278 INFO c.h.h.t.HelmChartContainer - [test-hivemq-platform] [hivemq] [a8b2f041] INFO  - Using TCP cluster transport on address 10.42.0.6 and port 7000
2025-01-30 04:00:41,288 INFO c.h.h.t.HelmChartContainer - [test-hivemq-platform] [hivemq] [a8b2f041] INFO  - Extension "DNS Cluster Discovery Extension" version 4.3.2 started successfully.
2025-01-30 04:00:41,291 INFO c.h.h.t.HelmChartContainer - [test-hivemq-platform] [hivemq] [a8b2f041] INFO  - Starting extension with id "hivemq-prometheus-extension" at /opt/hivemq/extensions/hivemq-prometheus-extension
2025-01-30 04:00:41,291 INFO c.h.h.t.HelmChartContainer - [test-hivemq-platform] [hivemq] [a8b2f041] INFO  - Using extension cluster discovery
2025-01-30 04:00:41,479 INFO c.h.h.t.HelmChartContainer - [test-hivemq-platform] [hivemq] [a8b2f041] INFO  - Started Jetty Server exposing Prometheus Servlet on URI http://0.0.0.0:9399/
2025-01-30 04:00:41,480 INFO c.h.h.t.HelmChartContainer - [test-hivemq-platform] [hivemq] [a8b2f041] INFO  - Extension "Prometheus Monitoring Extension" version 4.0.12 started successfully.
2025-01-30 04:00:41,481 INFO c.h.h.t.HelmChartContainer - [test-hivemq-platform] [hivemq] [a8b2f041] INFO  - Starting extension with id "hivemq-allow-all-extension" at /opt/hivemq/extensions/hivemq-allow-all-extension
2025-01-30 04:00:41,481 INFO c.h.h.t.HelmChartContainer - [test-hivemq-platform] [hivemq] [a8b2f041] WARN  - 
2025-01-30 04:00:41,481 INFO c.h.h.t.HelmChartContainer - [test-hivemq-platform] [hivemq] [a8b2f041] ################################################################################################################
2025-01-30 04:00:41,481 INFO c.h.h.t.HelmChartContainer - [test-hivemq-platform] [hivemq] [a8b2f041] # This HiveMQ deployment is not secure! You are lacking Authentication and Authorization.                      #
2025-01-30 04:00:41,481 INFO c.h.h.t.HelmChartContainer - [test-hivemq-platform] [hivemq] [a8b2f041] # Right now any MQTT client can connect to the broker with a full set of permissions.                          #
2025-01-30 04:00:41,481 INFO c.h.h.t.HelmChartContainer - [test-hivemq-platform] [hivemq] [a8b2f041] # For production usage, add an appropriate security extension and remove the hivemq-allow-all extension.       #
2025-01-30 04:00:41,481 INFO c.h.h.t.HelmChartContainer - [test-hivemq-platform] [hivemq] [a8b2f041] # You can download security extensions from the HiveMQ Marketplace (https://www.hivemq.com/extensions/).       #
2025-01-30 04:00:41,481 INFO c.h.h.t.HelmChartContainer - [test-hivemq-platform] [hivemq] [a8b2f041] ################################################################################################################
2025-01-30 04:00:41,481 INFO c.h.h.t.HelmChartContainer - [test-hivemq-platform] [hivemq] [a8b2f041] INFO  - Extension "Allow All Extension" version 1.1.1 started successfully.
2025-01-30 04:00:43,513 INFO c.h.h.t.HelmChartContainer - [test-hivemq-platform] [hivemq] [a8b2f041] INFO  - LiivG: no members discovered after 2107 ms: creating cluster as first member
2025-01-30 04:00:43,520 INFO c.h.h.t.HelmChartContainer - [test-hivemq-platform] [hivemq] [a8b2f041] INFO  - Cluster nodes found by discovery: [LiivG|0] (1) [LiivG].
2025-01-30 04:00:43,541 INFO c.h.h.t.HelmChartContainer - [test-hivemq-platform] [hivemq] [a8b2f041] WARN  - No user for HiveMQ Control Center configured. Starting with default user
2025-01-30 04:00:43,542 INFO c.h.h.t.HelmChartContainer - [test-hivemq-platform] [hivemq] [a8b2f041] INFO  - Starting HiveMQ Control Center on address 0.0.0.0 and port 8080
2025-01-30 04:00:43,548 INFO c.h.h.t.HelmChartContainer - [test-hivemq-platform] [hivemq] [a8b2f041] INFO  - Mounting HiveMQ Control Center V2 Preview
2025-01-30 04:00:43,696 INFO c.h.h.t.HelmChartContainer - [test-hivemq-platform] [hivemq] [a8b2f041] INFO  - Started HiveMQ Control Center in 155ms
2025-01-30 04:00:43,710 INFO c.h.h.t.HelmChartContainer - [test-hivemq-platform] [hivemq] [a8b2f041] INFO  - Starting TCP listener on address 0.0.0.0 and port 1883
2025-01-30 04:00:43,724 INFO c.h.h.t.HelmChartContainer - [test-hivemq-platform] [hivemq] [a8b2f041] INFO  - Started TCP Listener on address 0.0.0.0 and on port 1883.
2025-01-30 04:00:43,724 INFO c.h.h.t.HelmChartContainer - [test-hivemq-platform] [hivemq] [a8b2f041] INFO  - Started HiveMQ in 8300ms
2025-01-30 04:00:45,843 INFO c.h.h.t.HelmChartContainer - [test-hivemq-platform] [hivemq] [a8b2f041] INFO  - [HiveMQ Platform Operator Init App 1.7.0-SNAPSHOT] Returning Health API response 200 for readiness
2025-01-30 04:00:45,854 INFO c.h.h.t.HelmChartContainer - [POD] test-hivemq-platform-0 [a8b2f041-5e9c-41f8-af93-54e7d666f8be] in helmcustomconfigit was MODIFIED
2025-01-30 04:00:45,867 INFO c.h.h.t.HelmChartContainer - [hivemq-test-hivemq-platform] [hivemq-platform-operator] [915eb226] 04:00:45.862 [pool-6-thread-16] DEBUG c.h.p.o.d.PlatformServiceResource - [helmcust] Desired Platform services (3 services)
2025-01-30 04:00:45,872 INFO c.h.h.t.HelmChartContainer - [hivemq-test-hivemq-platform] [hivemq-platform-operator] [915eb226] 04:00:45.864 [pool-6-thread-17] DEBUG c.h.p.o.dependants.PodInfoConfigMap - [helmcust] Desired PodInfo ConfigMap (1 extensions) (1 enabled)
2025-01-30 04:00:45,872 INFO c.h.h.t.HelmChartContainer - [hivemq-test-hivemq-platform] [hivemq-platform-operator] [915eb226] 04:00:45.866 [pool-6-thread-17] DEBUG c.h.p.o.dependants.PodInfoConfigMap - [helmcust] Desired PodInfo ConfigMap (metrics port: 9399) (metrics path: /)
2025-01-30 04:00:45,872 INFO c.h.h.t.HelmChartContainer - [hivemq-test-hivemq-platform] [hivemq-platform-operator] [915eb226] 04:00:45.866 [pool-6-thread-17] DEBUG c.h.p.o.dependants.PodInfoConfigMap - [helmcust] Desired PodInfo ConfigMap (extension state hash: -1817474005)
2025-01-30 04:00:45,874 INFO c.h.h.t.HelmChartContainer - [hivemq-test-hivemq-platform] [hivemq-platform-operator] [915eb226] 04:00:45.869 [pool-6-thread-14] DEBUG c.h.p.o.d.PodServiceAccountResource - [helmcust] Desired PodServiceAccountResource (serviceAccountName: hivemq-platform-pod-test-hivemq-platform)
2025-01-30 04:00:45,879 INFO c.h.h.t.HelmChartContainer - [hivemq-test-hivemq-platform] [hivemq-platform-operator] [915eb226] 04:00:45.878 [pool-6-thread-17] DEBUG c.h.p.o.d.StatefulSetResource - [helmcust] Desired StatefulSet (1 replicas) for status STARTING (READY)
2025-01-30 04:00:45,891 INFO c.h.h.t.HelmChartContainer - [hivemq-test-hivemq-platform] [hivemq-platform-operator] [915eb226] 04:00:45.886 [ReconcilerExecutor-hivemq-controller-109] INFO  c.h.p.o.HiveMQPlatformReconciler - [helmcust] Reconciling HiveMQ Platform 'test-hivemq-platform' in namespace 'helmcustomconfigit'
2025-01-30 04:00:45,891 INFO c.h.h.t.HelmChartContainer - [hivemq-test-hivemq-platform] [hivemq-platform-operator] [915eb226] 04:00:45.887 [ReconcilerExecutor-hivemq-controller-109] DEBUG c.h.p.o.HiveMQPlatformReconciler - [helmcust] Custom Resource Status STARTING - HiveMQ Platform is starting (READY)
2025-01-30 04:00:45,891 INFO c.h.h.t.HelmChartContainer - [hivemq-test-hivemq-platform] [hivemq-platform-operator] [915eb226] 04:00:45.887 [ReconcilerExecutor-hivemq-controller-109] DEBUG c.h.p.o.HiveMQPlatformReconciler - [helmcust] Custom Resource Spec (replicas: 1) (extensions: 1)
2025-01-30 04:00:45,892 INFO c.h.h.t.HelmChartContainer - [hivemq-test-hivemq-platform] [hivemq-platform-operator] [915eb226] 04:00:45.890 [ReconcilerExecutor-hivemq-controller-109] DEBUG c.h.p.o.HiveMQPlatformReconciler - [helmcust] StatefulSet Status (revision: test-hivemq-platform-66fd65f559, replicas: 1, available: 1, ready: 1, current: 1, updated: 1)
2025-01-30 04:00:45,892 INFO c.h.h.t.HelmChartContainer - [hivemq-test-hivemq-platform] [hivemq-platform-operator] [915eb226] 04:00:45.890 [ReconcilerExecutor-hivemq-controller-109] DEBUG c.h.p.o.HiveMQPlatformReconciler - [helmcust] StatefulSet Spec (replicas: 1, init containers: 1, containers: 1, volumes: 3)
2025-01-30 04:00:45,913 INFO c.h.h.t.HelmChartContainer - [hivemq-test-hivemq-platform] [hivemq-platform-operator] [915eb226] 04:00:45.908 [ReconcilerExecutor-hivemq-controller-109] DEBUG c.h.p.o.h.HiveMQPlatformReconcilerErrorHandler - [helmcust] Pod 'test-hivemq-platform-0' phase Running
2025-01-30 04:00:45,913 INFO c.h.h.t.HelmChartContainer - [hivemq-test-hivemq-platform] [hivemq-platform-operator] [915eb226] 04:00:45.909 [ReconcilerExecutor-hivemq-controller-109] INFO  c.h.p.o.h.HiveMQPlatformReconcilerBaseHandler - [helmcust] HiveMQ Platform started successfully
2025-01-30 04:00:45,981 INFO c.h.h.t.HelmChartContainer - [hivemq-test-hivemq-platform] [hivemq-platform-operator] [915eb226] 04:00:45.979 [ReconcilerExecutor-hivemq-controller-109] DEBUG c.h.p.operator.event.EventSender - [helmcust] Creating K8s event hivemq-platform-ready: [Ready] HiveMQ Platform is ready
2025-01-30 04:00:46,011 INFO c.h.h.t.HelmChartContainer - [hivemq-test-hivemq-platform] [hivemq-platform-operator] [915eb226] 04:00:46.009 [ReconcilerExecutor-hivemq-controller-109] INFO  c.h.p.o.h.AbstractHiveMQReconcilerStateHandler - [helmcust] Update HiveMQ Platform Status (STARTING [READY] -> RUNNING [READY]): HiveMQ Platform is ready
2025-01-30 04:00:46,012 INFO c.h.h.t.HelmChartContainer - [EVENT] Normal [Ready] HiveMQ Platform is ready [helmcustomconfigit:test-hivemq-platform]
2025-01-30 04:00:46,018 DEBUG com.hivemq.helmcharts.util.K8sUtil - Comparing actual state 'RUNNING' and waiting for 'RUNNING'
2025-01-30 04:00:46,076 INFO c.h.h.t.HelmChartContainer - [hivemq-test-hivemq-platform] [hivemq-platform-operator] [915eb226] 04:00:46.073 [pool-6-thread-23] DEBUG c.h.p.o.d.PlatformServiceResource - [helmcust] Desired Platform services (3 services)
2025-01-30 04:00:46,077 INFO c.h.h.t.HelmChartContainer - [hivemq-test-hivemq-platform] [hivemq-platform-operator] [915eb226] 04:00:46.073 [pool-6-thread-26] DEBUG c.h.p.o.dependants.PodInfoConfigMap - [helmcust] Desired PodInfo ConfigMap (1 extensions) (1 enabled)
2025-01-30 04:00:46,077 INFO c.h.h.t.HelmChartContainer - [hivemq-test-hivemq-platform] [hivemq-platform-operator] [915eb226] 04:00:46.075 [pool-6-thread-26] DEBUG c.h.p.o.dependants.PodInfoConfigMap - [helmcust] Desired PodInfo ConfigMap (metrics port: 9399) (metrics path: /)
2025-01-30 04:00:46,077 INFO c.h.h.t.HelmChartContainer - [hivemq-test-hivemq-platform] [hivemq-platform-operator] [915eb226] 04:00:46.075 [pool-6-thread-26] DEBUG c.h.p.o.dependants.PodInfoConfigMap - [helmcust] Desired PodInfo ConfigMap (extension state hash: -1817474005)
2025-01-30 04:00:46,077 INFO c.h.h.t.HelmChartContainer - [hivemq-test-hivemq-platform] [hivemq-platform-operator] [915eb226] 04:00:46.076 [pool-6-thread-26] DEBUG c.h.p.o.dependants.PodInfoConfigMap - [helmcust] Update PodInfo ConfigMap
2025-01-30 04:00:46,079 INFO c.h.h.t.HelmChartContainer - [hivemq-test-hivemq-platform] [hivemq-platform-operator] [915eb226] 04:00:46.073 [pool-6-thread-25] DEBUG c.h.p.o.d.PodServiceAccountResource - [helmcust] Desired PodServiceAccountResource (serviceAccountName: hivemq-platform-pod-test-hivemq-platform)
2025-01-30 04:00:46,116 INFO c.h.h.t.HelmChartContainer - [hivemq-test-hivemq-platform] [hivemq-platform-operator] [915eb226] 04:00:46.115 [pool-6-thread-26] DEBUG c.h.p.o.d.StatefulSetResource - [helmcust] Desired StatefulSet (1 replicas) for status RUNNING (READY)
2025-01-30 04:00:46,173 INFO c.h.h.t.HelmChartContainer - [hivemq-test-hivemq-platform] [hivemq-platform-operator] [915eb226] 04:00:46.171 [ReconcilerExecutor-hivemq-controller-110] INFO  c.h.p.o.HiveMQPlatformReconciler - [helmcust] Reconciling HiveMQ Platform 'test-hivemq-platform' in namespace 'helmcustomconfigit'
2025-01-30 04:00:46,173 INFO c.h.h.t.HelmChartContainer - [hivemq-test-hivemq-platform] [hivemq-platform-operator] [915eb226] 04:00:46.171 [ReconcilerExecutor-hivemq-controller-110] DEBUG c.h.p.o.HiveMQPlatformReconciler - [helmcust] Custom Resource Status RUNNING - HiveMQ Platform is ready (READY)
2025-01-30 04:00:46,173 INFO c.h.h.t.HelmChartContainer - [hivemq-test-hivemq-platform] [hivemq-platform-operator] [915eb226] 04:00:46.171 [ReconcilerExecutor-hivemq-controller-110] DEBUG c.h.p.o.HiveMQPlatformReconciler - [helmcust] Custom Resource Spec (replicas: 1) (extensions: 1)
2025-01-30 04:00:46,175 INFO c.h.h.t.HelmChartContainer - [hivemq-test-hivemq-platform] [hivemq-platform-operator] [915eb226] 04:00:46.173 [ReconcilerExecutor-hivemq-controller-110] DEBUG c.h.p.o.HiveMQPlatformReconciler - [helmcust] StatefulSet Status (revision: test-hivemq-platform-66fd65f559, replicas: 1, available: 1, ready: 1, current: 1, updated: 1)
2025-01-30 04:00:46,175 INFO c.h.h.t.HelmChartContainer - [hivemq-test-hivemq-platform] [hivemq-platform-operator] [915eb226] 04:00:46.173 [ReconcilerExecutor-hivemq-controller-110] DEBUG c.h.p.o.HiveMQPlatformReconciler - [helmcust] StatefulSet Spec (replicas: 1, init containers: 1, containers: 1, volumes: 3)
2025-01-30 04:00:46,176 INFO c.h.h.t.HelmChartContainer - [hivemq-test-hivemq-platform] [hivemq-platform-operator] [915eb226] 04:00:46.175 [ReconcilerExecutor-hivemq-controller-110] DEBUG c.h.p.o.h.HiveMQPlatformReconcilerErrorHandler - [helmcust] Pod 'test-hivemq-platform-0' phase Running
2025-01-30 04:00:48,061 INFO c.h.h.t.HelmChartContainer - Uninstalling release 'test-hivemq-platform' in namespace 'helmcustomconfigit'...
2025-01-30 04:00:48,061 DEBUG c.h.h.t.HelmChartContainer - Executing helm command: /bin/helm --kubeconfig /etc/rancher/k3s/k3s.yaml uninstall test-hivemq-platform  --wait --timeout 5m0s --cascade foreground --namespace helmcustomconfigit
2025-01-30 04:00:48,265 INFO c.h.h.t.HelmChartContainer - [hivemq-test-hivemq-platform] [hivemq-platform-operator] [915eb226] 04:00:48.256 [pool-6-thread-32] DEBUG c.h.p.o.d.PlatformServiceResource - [helmcust] Desired Platform services (3 services)
2025-01-30 04:00:48,266 INFO c.h.h.t.HelmChartContainer - [hivemq-test-hivemq-platform] [hivemq-platform-operator] [915eb226] 04:00:48.260 [pool-6-thread-37] DEBUG c.h.p.o.dependants.PodInfoConfigMap - [helmcust] Desired PodInfo ConfigMap (1 extensions) (1 enabled)
2025-01-30 04:00:48,266 INFO c.h.h.t.HelmChartContainer - [hivemq-test-hivemq-platform] [hivemq-platform-operator] [915eb226] 04:00:48.260 [pool-6-thread-37] DEBUG c.h.p.o.dependants.PodInfoConfigMap - [helmcust] Desired PodInfo ConfigMap (metrics port: 9399) (metrics path: /)
2025-01-30 04:00:48,266 INFO c.h.h.t.HelmChartContainer - [hivemq-test-hivemq-platform] [hivemq-platform-operator] [915eb226] 04:00:48.261 [pool-6-thread-37] DEBUG c.h.p.o.dependants.PodInfoConfigMap - [helmcust] Desired PodInfo ConfigMap (extension state hash: -1817474005)
2025-01-30 04:00:48,266 INFO c.h.h.t.HelmChartContainer - [hivemq-test-hivemq-platform] [hivemq-platform-operator] [915eb226] 04:00:48.261 [pool-6-thread-32] DEBUG c.h.p.o.d.PodServiceAccountResource - [helmcust] Desired PodServiceAccountResource (serviceAccountName: hivemq-platform-pod-test-hivemq-platform)
2025-01-30 04:00:48,313 INFO c.h.h.t.HelmChartContainer - [hivemq-test-hivemq-platform] [hivemq-platform-operator] [915eb226] 04:00:48.268 [pool-6-thread-33] DEBUG c.h.p.o.d.StatefulSetResource - [helmcust] Desired StatefulSet (1 replicas) for status RUNNING (READY)
2025-01-30 04:00:48,329 INFO c.h.h.t.HelmChartContainer - [hivemq-test-hivemq-platform] [hivemq-platform-operator] [915eb226] 04:00:48.324 [ReconcilerExecutor-hivemq-controller-111] INFO  c.h.p.o.HiveMQPlatformReconciler - [helmcust] Reconciling HiveMQ Platform 'test-hivemq-platform' in namespace 'helmcustomconfigit'
2025-01-30 04:00:48,329 INFO c.h.h.t.HelmChartContainer - [hivemq-test-hivemq-platform] [hivemq-platform-operator] [915eb226] 04:00:48.325 [ReconcilerExecutor-hivemq-controller-111] DEBUG c.h.p.o.HiveMQPlatformReconciler - [helmcust] Custom Resource Status RUNNING - HiveMQ Platform is ready (READY)
2025-01-30 04:00:48,329 INFO c.h.h.t.HelmChartContainer - [hivemq-test-hivemq-platform] [hivemq-platform-operator] [915eb226] 04:00:48.325 [ReconcilerExecutor-hivemq-controller-111] DEBUG c.h.p.o.HiveMQPlatformReconciler - [helmcust] Custom Resource Spec (replicas: 1) (extensions: 1)
2025-01-30 04:00:48,331 INFO c.h.h.t.HelmChartContainer - [hivemq-test-hivemq-platform] [hivemq-platform-operator] [915eb226] 04:00:48.329 [ReconcilerExecutor-hivemq-controller-111] DEBUG c.h.p.o.HiveMQPlatformReconciler - [helmcust] StatefulSet Status (revision: test-hivemq-platform-66fd65f559, replicas: 1, available: 1, ready: 1, current: 1, updated: 1)
2025-01-30 04:00:48,409 INFO c.h.h.t.HelmChartContainer - [hivemq-test-hivemq-platform] [hivemq-platform-operator] [915eb226] 04:00:48.405 [ReconcilerExecutor-hivemq-controller-111] DEBUG c.h.p.o.HiveMQPlatformReconciler - [helmcust] StatefulSet Spec (replicas: 1, init containers: 1, containers: 1, volumes: 3)
2025-01-30 04:00:48,412 INFO c.h.h.t.HelmChartContainer - [hivemq-test-hivemq-platform] [hivemq-platform-operator] [915eb226] 04:00:48.410 [ReconcilerExecutor-hivemq-controller-111] DEBUG c.h.p.o.h.HiveMQPlatformReconcilerErrorHandler - [helmcust] Pod 'test-hivemq-platform-0' phase Running
2025-01-30 04:00:48,413 INFO c.h.h.t.HelmChartContainer - [hivemq-test-hivemq-platform] [hivemq-platform-operator] [915eb226] 04:00:48.411 [ReconcilerExecutor-hivemq-controller-111] DEBUG c.h.p.o.HiveMQPlatformReconciler - [helmcust] PodInfoConfigMap is not ready yet
2025-01-30 04:00:48,416 INFO c.h.h.t.HelmChartContainer - [hivemq-test-hivemq-platform] [hivemq-platform-operator] [915eb226] 04:00:48.415 [ReconcilerExecutor-hivemq-controller-114] INFO  c.h.p.o.HiveMQPlatformReconciler - [helmcust] Cleanup test-hivemq-platform - helmcustomconfigit HiveMQ Platform is shut down
2025-01-30 04:00:49,062 INFO c.h.h.t.HelmChartContainer - [POD] test-hivemq-platform-0 [a8b2f041-5e9c-41f8-af93-54e7d666f8be] in helmcustomconfigit was MODIFIED
2025-01-30 04:00:49,064 INFO c.h.h.t.HelmChartContainer - [EVENT] Normal [Killing] Stopping container hivemq [helmcustomconfigit:test-hivemq-platform-0]
2025-01-30 04:00:49,064 INFO c.h.h.t.HelmChartContainer - Received Killing event for container hivemq in pod test-hivemq-platform-0 [a8b2f041-5e9c-41f8-af93-54e7d666f8be]
2025-01-30 04:00:49,064 INFO c.h.h.t.HelmChartContainer - Container [test-hivemq-platform-0] [hivemq] [a8b2f041-5e9c-41f8-af93-54e7d666f8be] was terminated
2025-01-30 04:00:49,064 INFO c.h.h.t.HelmChartContainer - Stopped log watcher for hivemq in pod test-hivemq-platform-0 [a8b2f041-5e9c-41f8-af93-54e7d666f8be]
2025-01-30 04:00:49,071 INFO c.h.h.t.HelmChartContainer - [test-hivemq-platform] [hivemq] [a8b2f041] INFO  - [HiveMQ Platform Operator Init App 1.7.0-SNAPSHOT] Shutting down
2025-01-30 04:00:49,071 INFO c.h.h.t.HelmChartContainer - [test-hivemq-platform] [hivemq] [a8b2f041] INFO  - [HiveMQ Platform Operator Init App 1.7.0-SNAPSHOT] Stopping the HiveMQ Platform
2025-01-30 04:00:49,110 INFO c.h.h.t.HelmChartContainer - [test-hivemq-platform] [hivemq] [a8b2f041] INFO  - Shutting down HiveMQ. Please wait, this could take a while...
2025-01-30 04:00:49,114 INFO c.h.h.t.HelmChartContainer - [test-hivemq-platform] [hivemq] [a8b2f041] INFO  - Shutting down listeners and clients
2025-01-30 04:00:49,115 INFO c.h.h.t.HelmChartContainer - [test-hivemq-platform] [hivemq] [a8b2f041] INFO  - Shutdown of listeners is done
2025-01-30 04:00:49,116 INFO c.h.h.t.HelmChartContainer - [test-hivemq-platform] [hivemq] [a8b2f041] INFO  - No clients are connected, proceeding with shutdown
2025-01-30 04:00:50,300 INFO c.h.h.t.HelmChartContainer - Deleting namespace 'helmcustomconfigit'...
2025-01-30 04:00:50,838 INFO c.h.h.t.HelmChartContainer - [test-hivemq-platform] [hivemq] [a8b2f041] INFO  - [HiveMQ Platform Operator Init App 1.7.0-SNAPSHOT] Returning shutdown Health API response 503 for readiness
2025-01-30 04:00:50,843 INFO c.h.h.t.HelmChartContainer - [EVENT] Warning [Unhealthy] Readiness probe failed: HTTP probe failed with statuscode: 503 [helmcustomconfigit:test-hivemq-platform-0]
2025-01-30 04:00:50,843 INFO c.h.h.t.HelmChartContainer - Received Unhealthy event for container hivemq in pod test-hivemq-platform-0 [a8b2f041-5e9c-41f8-af93-54e7d666f8be]
2025-01-30 04:00:50,878 INFO c.h.h.t.HelmChartContainer - [K3S] [authentication.go:74] "Unable to authenticate the request" err="[invalid bearer token, serviceaccounts \"hivemq-platform-pod-test-hivemq-platform\" not found]"
2025-01-30 04:00:50,890 INFO c.h.h.t.HelmChartContainer - [K3S] [authentication.go:74] "Unable to authenticate the request" err="[invalid bearer token, serviceaccounts \"hivemq-platform-pod-test-hivemq-platform\" not found]"
2025-01-30 04:00:50,902 INFO c.h.h.t.HelmChartContainer - [test-hivemq-platform] [hivemq] [a8b2f041] WARN  - [HiveMQ Platform Operator Init App 1.7.0-SNAPSHOT] Could not update Pod annotations: Failure executing: GET at: https://10.43.0.1:443/api/v1/namespaces/helmcustomconfigit/pods/test-hivemq-platform-0. Message: Unauthorized. Received status: Status(apiVersion=v1, code=401, details=null, kind=Status, message=Unauthorized, metadata=ListMeta(_continue=null, remainingItemCount=null, resourceVersion=null, selfLink=null, additionalProperties={}), reason=Unauthorized, status=Failure, additionalProperties={}).
2025-01-30 04:00:52,061 INFO c.h.h.t.HelmChartContainer - [test-hivemq-platform] [hivemq] [a8b2f041] INFO  - Shutting down extension system
2025-01-30 04:00:52,063 INFO c.h.h.t.HelmChartContainer - [test-hivemq-platform] [hivemq] [a8b2f041] INFO  - Stopping extension with id hivemq-dns-cluster-discovery
2025-01-30 04:00:52,064 INFO c.h.h.t.HelmChartContainer - [test-hivemq-platform] [hivemq] [a8b2f041] INFO  - Extension "DNS Cluster Discovery Extension" version 4.3.2 stopped successfully.
2025-01-30 04:00:52,064 INFO c.h.h.t.HelmChartContainer - [test-hivemq-platform] [hivemq] [a8b2f041] INFO  - Stopping extension with id hivemq-prometheus-extension
2025-01-30 04:00:52,068 INFO c.h.h.t.HelmChartContainer - [test-hivemq-platform] [hivemq] [a8b2f041] INFO  - Extension "Prometheus Monitoring Extension" version 4.0.12 stopped successfully.
2025-01-30 04:00:52,069 INFO c.h.h.t.HelmChartContainer - [test-hivemq-platform] [hivemq] [a8b2f041] INFO  - Stopping extension with id hivemq-allow-all-extension
2025-01-30 04:00:52,069 INFO c.h.h.t.HelmChartContainer - [test-hivemq-platform] [hivemq] [a8b2f041] INFO  - Extension "Allow All Extension" version 1.1.1 stopped successfully.
2025-01-30 04:00:54,195 INFO c.h.h.t.HelmChartContainer - [test-hivemq-platform] [hivemq] [a8b2f041] INFO  - Shutdown completed.
2025-01-30 04:00:54,545 INFO c.h.h.t.HelmChartContainer - [test-hivemq-platform] [hivemq] [a8b2f041] INFO  - [HiveMQ Platform Operator Init App 1.7.0-SNAPSHOT] The HiveMQ Platform exited with code 143
2025-01-30 04:00:54,545 INFO c.h.h.t.HelmChartContainer - [test-hivemq-platform] [hivemq] [a8b2f041] INFO  - [HiveMQ Platform Operator Init App 1.7.0-SNAPSHOT] Stopping the REST API
2025-01-30 04:00:54,553 INFO c.h.h.t.HelmChartContainer - [test-hivemq-platform] [hivemq] [a8b2f041] INFO  - [HiveMQ Platform Operator Init App 1.7.0-SNAPSHOT] Shutdown complete
2025-01-30 04:00:55,055 INFO c.h.h.t.HelmChartContainer - [POD] test-hivemq-platform-0 [a8b2f041-5e9c-41f8-af93-54e7d666f8be] in helmcustomconfigit was MODIFIED
2025-01-30 04:00:55,055 INFO c.h.h.t.HelmChartContainer - [K3S] [stateful_set.go:438] "Unhandled Error" err="error syncing StatefulSet helmcustomconfigit/test-hivemq-platform, requeuing: controllerrevisions.apps \"test-hivemq-platform-66fd65f559\" is forbidden: unable to create new content in namespace helmcustomconfigit because it is being terminated"
2025-01-30 04:00:55,064 INFO c.h.h.t.HelmChartContainer - [K3S] [stateful_set.go:438] "Unhandled Error" err="error syncing StatefulSet helmcustomconfigit/test-hivemq-platform, requeuing: controllerrevisions.apps \"test-hivemq-platform-66fd65f559\" is forbidden: unable to create new content in namespace helmcustomconfigit because it is being terminated"
2025-01-30 04:00:55,077 INFO c.h.h.t.HelmChartContainer - [K3S] [stateful_set.go:438] "Unhandled Error" err="error syncing StatefulSet helmcustomconfigit/test-hivemq-platform, requeuing: controllerrevisions.apps \"test-hivemq-platform-66fd65f559\" is forbidden: unable to create new content in namespace helmcustomconfigit because it is being terminated"
2025-01-30 04:00:55,099 INFO c.h.h.t.HelmChartContainer - [K3S] [reconciler_common.go:162] "operationExecutor.UnmountVolume started for volume \"operator-init\" (UniqueName: \"kubernetes.io/empty-dir/a8b2f041-5e9c-41f8-af93-54e7d666f8be-operator-init\") pod \"a8b2f041-5e9c-41f8-af93-54e7d666f8be\" (UID: \"a8b2f041-5e9c-41f8-af93-54e7d666f8be\") "
2025-01-30 04:00:55,100 INFO c.h.h.t.HelmChartContainer - [K3S] [reconciler_common.go:162] "operationExecutor.UnmountVolume started for volume \"broker-configuration\" (UniqueName: \"kubernetes.io/configmap/a8b2f041-5e9c-41f8-af93-54e7d666f8be-broker-configuration\") pod \"a8b2f041-5e9c-41f8-af93-54e7d666f8be\" (UID: \"a8b2f041-5e9c-41f8-af93-54e7d666f8be\") "
2025-01-30 04:00:55,100 INFO c.h.h.t.HelmChartContainer - [K3S] [reconciler_common.go:162] "operationExecutor.UnmountVolume started for volume \"pod-info\" (UniqueName: \"kubernetes.io/configmap/a8b2f041-5e9c-41f8-af93-54e7d666f8be-pod-info\") pod \"a8b2f041-5e9c-41f8-af93-54e7d666f8be\" (UID: \"a8b2f041-5e9c-41f8-af93-54e7d666f8be\") "
2025-01-30 04:00:55,101 INFO c.h.h.t.HelmChartContainer - [K3S] [reconciler_common.go:162] "operationExecutor.UnmountVolume started for volume \"kube-api-access-bt6nw\" (UniqueName: \"kubernetes.io/projected/a8b2f041-5e9c-41f8-af93-54e7d666f8be-kube-api-access-bt6nw\") pod \"a8b2f041-5e9c-41f8-af93-54e7d666f8be\" (UID: \"a8b2f041-5e9c-41f8-af93-54e7d666f8be\") "
2025-01-30 04:00:55,101 INFO c.h.h.t.HelmChartContainer - [K3S] [stateful_set.go:438] "Unhandled Error" err="error syncing StatefulSet helmcustomconfigit/test-hivemq-platform, requeuing: controllerrevisions.apps \"test-hivemq-platform-66fd65f559\" is forbidden: unable to create new content in namespace helmcustomconfigit because it is being terminated"
2025-01-30 04:00:55,144 INFO c.h.h.t.HelmChartContainer - [K3S] [stateful_set.go:438] "Unhandled Error" err="error syncing StatefulSet helmcustomconfigit/test-hivemq-platform, requeuing: controllerrevisions.apps \"test-hivemq-platform-66fd65f559\" is forbidden: unable to create new content in namespace helmcustomconfigit because it is being terminated"
2025-01-30 04:00:55,200 INFO c.h.h.t.HelmChartContainer - [K3S] [reconciler_common.go:299] "Volume detached for volume \"kube-api-access-bt6nw\" (UniqueName: \"kubernetes.io/projected/a8b2f041-5e9c-41f8-af93-54e7d666f8be-kube-api-access-bt6nw\") on node \"bb975d1fd0a5\" DevicePath \"\""
2025-01-30 04:00:55,200 INFO c.h.h.t.HelmChartContainer - [K3S] [reconciler_common.go:299] "Volume detached for volume \"broker-configuration\" (UniqueName: \"kubernetes.io/configmap/a8b2f041-5e9c-41f8-af93-54e7d666f8be-broker-configuration\") on node \"bb975d1fd0a5\" DevicePath \"\""
2025-01-30 04:00:55,200 INFO c.h.h.t.HelmChartContainer - [K3S] [reconciler_common.go:299] "Volume detached for volume \"pod-info\" (UniqueName: \"kubernetes.io/configmap/a8b2f041-5e9c-41f8-af93-54e7d666f8be-pod-info\") on node \"bb975d1fd0a5\" DevicePath \"\""
2025-01-30 04:00:55,200 INFO c.h.h.t.HelmChartContainer - [K3S] [reconciler_common.go:299] "Volume detached for volume \"operator-init\" (UniqueName: \"kubernetes.io/empty-dir/a8b2f041-5e9c-41f8-af93-54e7d666f8be-operator-init\") on node \"bb975d1fd0a5\" DevicePath \"\""
2025-01-30 04:00:55,224 INFO c.h.h.t.HelmChartContainer - [K3S] [scope.go:117] "RemoveContainer" containerID="e78a55c146c8840501aa94933035b12870e33e25dc3e99808ca8ec613ccb1620"
2025-01-30 04:00:55,230 INFO c.h.h.t.HelmChartContainer - [K3S] [stateful_set.go:438] "Unhandled Error" err="error syncing StatefulSet helmcustomconfigit/test-hivemq-platform, requeuing: controllerrevisions.apps \"test-hivemq-platform-66fd65f559\" is forbidden: unable to create new content in namespace helmcustomconfigit because it is being terminated"
2025-01-30 04:00:55,241 INFO c.h.h.t.HelmChartContainer - [POD] test-hivemq-platform-0 [a8b2f041-5e9c-41f8-af93-54e7d666f8be] in helmcustomconfigit was MODIFIED
2025-01-30 04:00:55,248 INFO c.h.h.t.HelmChartContainer - [POD] test-hivemq-platform-0 [a8b2f041-5e9c-41f8-af93-54e7d666f8be] in helmcustomconfigit was DELETED
2025-01-30 04:00:55,249 INFO c.h.h.t.HelmChartContainer - [K3S] [stateful_set.go:438] "Unhandled Error" err="error syncing StatefulSet helmcustomconfigit/test-hivemq-platform, requeuing: controllerrevisions.apps \"test-hivemq-platform-66fd65f559\" is forbidden: unable to create new content in namespace helmcustomconfigit because it is being terminated"
2025-01-30 04:00:55,253 INFO c.h.h.t.HelmChartContainer - [K3S] [stateful_set.go:438] "Unhandled Error" err="error syncing StatefulSet helmcustomconfigit/test-hivemq-platform, requeuing: controllerrevisions.apps \"test-hivemq-platform-66fd65f559\" is forbidden: unable to create new content in namespace helmcustomconfigit because it is being terminated"
2025-01-30 04:00:55,267 INFO c.h.h.t.HelmChartContainer - [K3S] [stateful_set.go:466] "StatefulSet has been deleted" key="helmcustomconfigit/test-hivemq-platform"
2025-01-30 04:00:55,348 INFO c.h.h.t.HelmChartContainer - [K3S] [scope.go:117] "RemoveContainer" containerID="fc532306043587d9644a9ac43ec0c30fba43b9e972c69fcf5f6ba00bfc39fa33"
2025-01-30 04:00:55,351 INFO c.h.h.t.HelmChartContainer - [K3S] [scope.go:117] "RemoveContainer" containerID="e78a55c146c8840501aa94933035b12870e33e25dc3e99808ca8ec613ccb1620"
2025-01-30 04:00:55,352 INFO c.h.h.t.HelmChartContainer - [K3S] [scope.go:117] "RemoveContainer" containerID="fc532306043587d9644a9ac43ec0c30fba43b9e972c69fcf5f6ba00bfc39fa33"
2025-01-30 04:00:55,392 INFO c.h.h.t.HelmChartContainer - [K3S] [stateful_set.go:466] "StatefulSet has been deleted" key="helmcustomconfigit/test-hivemq-platform"
2025-01-30 04:00:55,530 INFO c.h.h.t.HelmChartContainer - Namespace 'helmcustomconfigit' deleted
2025-01-30 04:00:55,530 INFO c.h.h.t.HelmChartContainer - Release 'test-hivemq-platform' in namespace 'helmcustomconfigit' is uninstalled
2025-01-30 04:00:55,530 INFO c.h.h.t.HelmChartContainer - Uninstalling release 'test-hivemq-platform-operator' in namespace 'helmcustomconfigit-operator'...
2025-01-30 04:00:55,530 DEBUG c.h.h.t.HelmChartContainer - Executing helm command: /bin/helm --kubeconfig /etc/rancher/k3s/k3s.yaml uninstall test-hivemq-platform-operator  --wait --timeout 5m0s --cascade foreground --namespace helmcustomconfigit-operator
2025-01-30 04:00:55,698 INFO c.h.h.t.HelmChartContainer - [K3S] [replica_set.go:679] "Finished syncing" kind="ReplicaSet" key="helmcustomconfigit-operator/hivemq-test-hivemq-platform-operator-6966f96d65" duration="10.669083ms"
2025-01-30 04:00:55,699 INFO c.h.h.t.HelmChartContainer - [K3S] [replica_set.go:679] "Finished syncing" kind="ReplicaSet" key="helmcustomconfigit-operator/hivemq-test-hivemq-platform-operator-6966f96d65" duration="38.883µs"
2025-01-30 04:00:55,719 INFO c.h.h.t.HelmChartContainer - [POD] hivemq-test-hivemq-platform-operator-6966f96d65-vdzmk [915eb226-08fb-4443-9128-f9193f9f062a] in helmcustomconfigit-operator was MODIFIED
2025-01-30 04:00:55,724 INFO c.h.h.t.HelmChartContainer - [EVENT] Normal [Killing] Stopping container hivemq-platform-operator [helmcustomconfigit-operator:hivemq-test-hivemq-platform-operator-6966f96d65-vdzmk]
2025-01-30 04:00:55,724 INFO c.h.h.t.HelmChartContainer - Received Killing event for container hivemq-platform-operator in pod hivemq-test-hivemq-platform-operator-6966f96d65-vdzmk [915eb226-08fb-4443-9128-f9193f9f062a]
2025-01-30 04:00:55,724 INFO c.h.h.t.HelmChartContainer - Container [hivemq-test-hivemq-platform-operator-6966f96d65-vdzmk] [hivemq-platform-operator] [915eb226-08fb-4443-9128-f9193f9f062a] was terminated
2025-01-30 04:00:55,724 INFO c.h.h.t.HelmChartContainer - Stopped log watcher for hivemq-platform-operator in pod hivemq-test-hivemq-platform-operator-6966f96d65-vdzmk [915eb226-08fb-4443-9128-f9193f9f062a]
2025-01-30 04:00:55,728 INFO c.h.h.t.HelmChartContainer - [K3S] [replica_set.go:679] "Finished syncing" kind="ReplicaSet" key="helmcustomconfigit-operator/hivemq-test-hivemq-platform-operator-6966f96d65" duration="10.797742ms"
2025-01-30 04:00:55,728 INFO c.h.h.t.HelmChartContainer - [K3S] [replica_set.go:679] "Finished syncing" kind="ReplicaSet" key="helmcustomconfigit-operator/hivemq-test-hivemq-platform-operator-6966f96d65" duration="26.219µs"
2025-01-30 04:00:55,729 INFO c.h.h.t.HelmChartContainer - [hivemq-test-hivemq-platform] [hivemq-platform-operator] [915eb226] 04:00:55.728 [application-shutdown-thread] INFO  c.h.p.o.HiveMQPlatformOperatorApplication - HiveMQ Platform Operator is stopping...
2025-01-30 04:00:55,730 INFO c.h.h.t.HelmChartContainer - [hivemq-test-hivemq-platform] [hivemq-platform-operator] [915eb226] 04:00:55.728 [application-shutdown-thread] INFO  i.javaoperatorsdk.operator.Operator - Operator SDK 4.9.7 is shutting down...
2025-01-30 04:00:56,036 INFO c.h.h.t.HelmChartContainer - [K3S] [kubelet_volumes.go:163] "Cleaned up orphaned pod volumes dir" podUID="a8b2f041-5e9c-41f8-af93-54e7d666f8be" path="/var/lib/kubelet/pods/a8b2f041-5e9c-41f8-af93-54e7d666f8be/volumes"
2025-01-30 04:00:56,226 INFO c.h.h.t.HelmChartContainer - [K3S] [pod_container_deletor.go:80] "Container not found in pod's containers" containerID="2e36cae1ae0028d1b803290bde25ec02700d66d8a6bcf055464d7481c45a8fdc"
2025-01-30 04:00:56,256 INFO c.h.h.t.HelmChartContainer - [K3S] [replica_set.go:679] "Finished syncing" kind="ReplicaSet" key="helmcustomconfigit-operator/hivemq-test-hivemq-platform-operator-6966f96d65" duration="38.521µs"
2025-01-30 04:00:56,257 INFO c.h.h.t.HelmChartContainer - [POD] hivemq-test-hivemq-platform-operator-6966f96d65-vdzmk [915eb226-08fb-4443-9128-f9193f9f062a] in helmcustomconfigit-operator was MODIFIED
2025-01-30 04:00:56,305 INFO c.h.h.t.HelmChartContainer - [K3S] [reconciler_common.go:162] "operationExecutor.UnmountVolume started for volume \"kube-api-access-42rg8\" (UniqueName: \"kubernetes.io/projected/915eb226-08fb-4443-9128-f9193f9f062a-kube-api-access-42rg8\") pod \"915eb226-08fb-4443-9128-f9193f9f062a\" (UID: \"915eb226-08fb-4443-9128-f9193f9f062a\") "
2025-01-30 04:00:56,406 INFO c.h.h.t.HelmChartContainer - [K3S] [reconciler_common.go:299] "Volume detached for volume \"kube-api-access-42rg8\" (UniqueName: \"kubernetes.io/projected/915eb226-08fb-4443-9128-f9193f9f062a-kube-api-access-42rg8\") on node \"bb975d1fd0a5\" DevicePath \"\""
2025-01-30 04:00:57,239 INFO c.h.h.t.HelmChartContainer - [K3S] [replica_set.go:679] "Finished syncing" kind="ReplicaSet" key="helmcustomconfigit-operator/hivemq-test-hivemq-platform-operator-6966f96d65" duration="44.863µs"
2025-01-30 04:00:57,241 INFO c.h.h.t.HelmChartContainer - [POD] hivemq-test-hivemq-platform-operator-6966f96d65-vdzmk [915eb226-08fb-4443-9128-f9193f9f062a] in helmcustomconfigit-operator was MODIFIED
2025-01-30 04:00:57,242 INFO c.h.h.t.HelmChartContainer - [POD] hivemq-test-hivemq-platform-operator-6966f96d65-vdzmk [915eb226-08fb-4443-9128-f9193f9f062a] in helmcustomconfigit-operator was DELETED
2025-01-30 04:00:57,242 INFO c.h.h.t.HelmChartContainer - [K3S] [replica_set.go:679] "Finished syncing" kind="ReplicaSet" key="helmcustomconfigit-operator/hivemq-test-hivemq-platform-operator-6966f96d65" duration="30.087µs"
2025-01-30 04:00:57,253 INFO c.h.h.t.HelmChartContainer - [K3S] [replica_set.go:679] "Finished syncing" kind="ReplicaSet" key="helmcustomconfigit-operator/hivemq-test-hivemq-platform-operator-6966f96d65" duration="6.171µs"
2025-01-30 04:00:57,736 INFO c.h.h.t.HelmChartContainer - Deleting namespace 'helmcustomconfigit-operator'...
2025-01-30 04:00:58,034 INFO c.h.h.t.HelmChartContainer - [K3S] [kubelet_volumes.go:163] "Cleaned up orphaned pod volumes dir" podUID="915eb226-08fb-4443-9128-f9193f9f062a" path="/var/lib/kubelet/pods/915eb226-08fb-4443-9128-f9193f9f062a/volumes"
2025-01-30 04:01:00,449 INFO c.h.h.t.HelmChartContainer - [K3S] [namespace_controller.go:187] "Namespace has been deleted" namespace="helmcustomconfigit"
2025-01-30 04:01:02,955 INFO c.h.h.t.HelmChartContainer - Namespace 'helmcustomconfigit-operator' deleted
2025-01-30 04:01:02,955 INFO c.h.h.t.HelmChartContainer - Release 'test-hivemq-platform-operator' in namespace 'helmcustomconfigit-operator' is uninstalled
2025-01-30 04:01:03,748 INFO c.h.helmcharts.AbstractHelmChartIT - Removed unused containers:

2025-01-30 04:01:07,853 INFO c.h.h.t.HelmChartContainer - [K3S] [namespace_controller.go:187] "Namespace has been deleted" namespace="helmcustomconfigit-operator"
2025-01-30 04:01:11,591 INFO c.h.helmcharts.AbstractHelmChartIT - Removed unused snapshots:
Removing snapshot sha256:03af251906410714c5aef9fa705b63f6bbc39c4a5e787de7361eeb18886c2ed2
Removing snapshot sha256:0c46b3b43cce082ce5ec34ffc6c294e0417d17b9d1e6f366d114b6aadc4f96dc
Removing snapshot sha256:0ce761beee59082d6ed5bcebd3a805b8ddd9b3426b617e4809e7fb7c6587ffec
Removing snapshot sha256:0df91287303208332c8ff6ba40ae4710105201739addbfbddfb955f1ad593664
Removing snapshot sha256:1021ef88c7974bfff89c5a0ec4fd3160daac6c48a075f74cff721f85dd104e68
Removing snapshot sha256:10aba4953ddc18145dd38e3704709bc464aa20af60b56fe52caaff4b68411e62
Removing snapshot sha256:2573e0d8158209ed54ab25c87bcdcb00bd3d2539246960a3d592a1c599d70465
Removing snapshot sha256:362a8a37f8bbc31925a8146adcf7cf51f9882f5c1dcbef67c5baa03a297543c0
Removing snapshot sha256:3687a69bccb1e78cd34265be759888d19c5ebce0eb9947f7e2b3d4715a4d9be1
Removing snapshot sha256:3fa4ad33f0ddc8fd45b39b6b4640f82a3a83619606cd975bfe89d8710ad2d4cd
Removing snapshot sha256:43a7c979bbaba6838bc3102d6b10a1459f3ab050b87ccdfef84ef90cf43d3058
Removing snapshot sha256:4ab04491cdf0d3267f08206fe30bd48f49f94b9cab2f016d6739220f722a64af
Removing snapshot sha256:4b6068250e89c96f263060261819c7d912855bfbd64b3eb4c4a8483299b8c295
Removing snapshot sha256:580e69a0a8034ede1921139bbd2bfb72a69ebf276d008281896c32dd8bf74775
Removing snapshot sha256:5d30ba46b27fe37484567ccc5242cadc78217b8da605f3f195ef25cbf7487904
Removing snapshot sha256:63ca1fbb43ae5034640e5e6cb3e083e05c290072c5366fcaa9d62435a4cced85
Removing snapshot sha256:67f702c6baae873bceb19487c8b1f27bd2b86077e4f2f0e480e6d60ab508b8f5
Removing snapshot sha256:6864348dd42806d552efdec384f1274be15e2d0c10ce44c1f04347af004c10a9
Removing snapshot sha256:6c7dee8f2c39b84b7dc2711c01d33de93514d9055499173e9290176fbe484b6c
Removing snapshot sha256:82753493a6d61ded36556292f02f31841a14c20d2f279f19eaad65afb661d5cd
Removing snapshot sha256:879c3a97e1cd0aef3a23c101faa64a8caf99ed84986fe3e1b15f94ed4f2916c8
Removing snapshot sha256:8a10d3db42c505ee0fcfa98417bdd7e39b304f6bcc0a06bb1b220797ff2cc63c
Removing snapshot sha256:a21e5b12dbac529ad45d976eb9ce45c881f3bedcc500fb30aba1e52aa1813418
Removing snapshot sha256:b921e6c28969094157f9b8e7244677780319637afd14450b7cb6b2fdea558a0c
Removing snapshot sha256:bc27ecb5769a00e309cf99ebc763c4a4b958b618d1decc96ffac5bc05f02f5b7
Removing snapshot sha256:be3ccb6627a5332e309d45ef461d09b4879dd870c7394d89323d0ebc6ca6aa8a
Removing snapshot sha256:c261f7cbbc64211ee175ee47273acdb7b1a36a4450b397a064a8f2c026490095
Removing snapshot sha256:c34d9393647eea0c9e3557ab988efaf59f61d10a2a5613b439ef0958cca5ec10
Removing snapshot sha256:ccf3c4a0fa967a41c1c83497a2ce6fa5787965859df0adb32c4ca2cf7490bc2b
Removing snapshot sha256:cf92d33f869417309692088c341cd0f223c178ea78a125f757317b22aa8f90e9
Removing snapshot sha256:d0037344cf2fb078884f1849f6a1f8cf9a33a3b6139b6a85833e5ee528e1f9a8
Removing snapshot sha256:d3b36d5b79273b1e98e7700470eaeff05a882e777124d84cebcc1505b85ecb36
Removing snapshot sha256:d65a44a37914602d12c611e5e22a50f11451d847e63015cc1c2aef92dee777a4
Removing snapshot sha256:e2dc0bae2455930f23ae570e019b7f32edc75c0f2d71cab084db837ff9051796
Removing snapshot sha256:e31519795c7e3df686c447a21ec8d2eb301388a5e39ccf7f20a25c6f6ce3a522
Removing snapshot sha256:e9e86ed11d9bebc0707dd6f1166c51237ebb44f98657241f943261b2675a5449
Removing snapshot sha256:eccbd24a99c60cd9e86ee5305dbfc4a4dc89f5ab4fb1f06c8d64797cecedef34
Removing snapshot sha256:edd1404c718ab99ca3456bdf222065033800bb67d4334a9642746685a24394cd
Removing snapshot sha256:f144bb4c7c7f0d2aa7eeffd36d934ec40db1ee167be727e326aad9fdc616f475

]]></system-out>
  </testcase>
  <testcase name="withExistingConfigMap_customResourceCreated()" classname="com.hivemq.helmcharts.platform.HelmCustomConfigIT" time="142.856">
    <system-out><![CDATA[2025-01-30 04:01:11,602 INFO c.h.h.t.HelmChartContainer - Creating namespace 'helmcustomconfigit-operator'...
2025-01-30 04:01:11,611 INFO c.h.h.t.HelmChartContainer - Namespace 'helmcustomconfigit-operator' created
2025-01-30 04:01:11,611 INFO c.h.h.t.HelmChartContainer - Creating namespace 'helmcustomconfigit'...
2025-01-30 04:01:11,620 INFO c.h.h.t.HelmChartContainer - Namespace 'helmcustomconfigit' created
2025-01-30 04:01:11,694 DEBUG c.h.h.t.HelmChartContainer - Executing helm command: /bin/helm --kubeconfig /etc/rancher/k3s/k3s.yaml install test-hivemq-platform-operator /charts/hivemq-platform-operator --wait --timeout 5m0s --set image.repository=docker.io/hivemq --set image.name=hivemq-platform-operator-test --set image.initImageName=hivemq-platform-operator-init-test --set image.tag=snapshot --set image.pullPolicy=Never --set logLevel=DEBUG --set resources.cpu=512m --namespace helmcustomconfigit-operator
2025-01-30 04:01:12,032 INFO c.h.h.t.HelmChartContainer - [K3S] [alloc.go:330] "allocated clusterIPs" service="helmcustomconfigit-operator/hivemq-platform-operator-test-hivemq-platform-operator" clusterIPs={"IPv4":"10.43.159.36"}
2025-01-30 04:01:12,050 INFO c.h.h.t.HelmChartContainer - [EVENT] Normal [ScalingReplicaSet] Scaled up replica set hivemq-test-hivemq-platform-operator-6966f96d65 from 0 to 1 [helmcustomconfigit-operator:hivemq-test-hivemq-platform-operator]
2025-01-30 04:01:12,060 INFO c.h.h.t.HelmChartContainer - [POD] hivemq-test-hivemq-platform-operator-6966f96d65-hhl9j [de7f8976-70fd-4111-b288-200f50cd1e94] in helmcustomconfigit-operator was ADDED
2025-01-30 04:01:12,063 INFO c.h.h.t.HelmChartContainer - [K3S] [memory_manager.go:355] "RemoveStaleState removing state" podUID="a8b2f041-5e9c-41f8-af93-54e7d666f8be" containerName="hivemq"
2025-01-30 04:01:12,063 INFO c.h.h.t.HelmChartContainer - [K3S] [memory_manager.go:355] "RemoveStaleState removing state" podUID="915eb226-08fb-4443-9128-f9193f9f062a" containerName="hivemq-platform-operator"
2025-01-30 04:01:12,065 INFO c.h.h.t.HelmChartContainer - [POD] hivemq-test-hivemq-platform-operator-6966f96d65-hhl9j [de7f8976-70fd-4111-b288-200f50cd1e94] in helmcustomconfigit-operator was MODIFIED
2025-01-30 04:01:12,073 INFO c.h.h.t.HelmChartContainer - [EVENT] Normal [SuccessfulCreate] Created pod: hivemq-test-hivemq-platform-operator-6966f96d65-hhl9j [helmcustomconfigit-operator:hivemq-test-hivemq-platform-operator-6966f96d65]
2025-01-30 04:01:12,074 INFO c.h.h.t.HelmChartContainer - [K3S] [replica_set.go:679] "Finished syncing" kind="ReplicaSet" key="helmcustomconfigit-operator/hivemq-test-hivemq-platform-operator-6966f96d65" duration="26.996043ms"
2025-01-30 04:01:12,074 INFO c.h.h.t.HelmChartContainer - [EVENT] Normal [Scheduled] Successfully assigned helmcustomconfigit-operator/hivemq-test-hivemq-platform-operator-6966f96d65-hhl9j to bb975d1fd0a5 [helmcustomconfigit-operator:hivemq-test-hivemq-platform-operator-6966f96d65-hhl9j]
2025-01-30 04:01:12,078 INFO c.h.h.t.HelmChartContainer - [POD] hivemq-test-hivemq-platform-operator-6966f96d65-hhl9j [de7f8976-70fd-4111-b288-200f50cd1e94] in helmcustomconfigit-operator was MODIFIED
2025-01-30 04:01:12,089 INFO c.h.h.t.HelmChartContainer - [K3S] [replica_set.go:679] "Finished syncing" kind="ReplicaSet" key="helmcustomconfigit-operator/hivemq-test-hivemq-platform-operator-6966f96d65" duration="16.808275ms"
2025-01-30 04:01:12,096 INFO c.h.h.t.HelmChartContainer - [K3S] [reconciler_common.go:251] "operationExecutor.VerifyControllerAttachedVolume started for volume \"kube-api-access-kvvf7\" (UniqueName: \"kubernetes.io/projected/de7f8976-70fd-4111-b288-200f50cd1e94-kube-api-access-kvvf7\") pod \"hivemq-test-hivemq-platform-operator-6966f96d65-hhl9j\" (UID: \"de7f8976-70fd-4111-b288-200f50cd1e94\") " pod="helmcustomconfigit-operator/hivemq-test-hivemq-platform-operator-6966f96d65-hhl9j"
2025-01-30 04:01:12,103 INFO c.h.h.t.HelmChartContainer - [K3S] [replica_set.go:679] "Finished syncing" kind="ReplicaSet" key="helmcustomconfigit-operator/hivemq-test-hivemq-platform-operator-6966f96d65" duration="14.098423ms"
2025-01-30 04:01:12,104 INFO c.h.h.t.HelmChartContainer - [K3S] [replica_set.go:679] "Finished syncing" kind="ReplicaSet" key="helmcustomconfigit-operator/hivemq-test-hivemq-platform-operator-6966f96d65" duration="39.023µs"
2025-01-30 04:01:12,460 INFO c.h.h.t.HelmChartContainer - [EVENT] Normal [Pulled] Container image "docker.io/hivemq/hivemq-platform-operator-test:snapshot" already present on machine [helmcustomconfigit-operator:hivemq-test-hivemq-platform-operator-6966f96d65-hhl9j]
2025-01-30 04:01:12,460 INFO c.h.h.t.HelmChartContainer - Received Pulled event for container hivemq-platform-operator in pod hivemq-test-hivemq-platform-operator-6966f96d65-hhl9j [de7f8976-70fd-4111-b288-200f50cd1e94]
2025-01-30 04:01:12,466 INFO c.h.h.t.HelmChartContainer - [EVENT] Normal [Created] Created container: hivemq-platform-operator [helmcustomconfigit-operator:hivemq-test-hivemq-platform-operator-6966f96d65-hhl9j]
2025-01-30 04:01:12,466 INFO c.h.h.t.HelmChartContainer - Received Created event for container hivemq-platform-operator in pod hivemq-test-hivemq-platform-operator-6966f96d65-hhl9j [de7f8976-70fd-4111-b288-200f50cd1e94]
2025-01-30 04:01:13,262 INFO c.h.h.t.HelmChartContainer - [K3S] [replica_set.go:679] "Finished syncing" kind="ReplicaSet" key="helmcustomconfigit-operator/hivemq-test-hivemq-platform-operator-6966f96d65" duration="119.713µs"
2025-01-30 04:01:13,263 INFO c.h.h.t.HelmChartContainer - [POD] hivemq-test-hivemq-platform-operator-6966f96d65-hhl9j [de7f8976-70fd-4111-b288-200f50cd1e94] in helmcustomconfigit-operator was MODIFIED
2025-01-30 04:01:13,273 INFO c.h.h.t.HelmChartContainer - Started log watcher for hivemq-platform-operator in pod hivemq-test-hivemq-platform-operator-6966f96d65-hhl9j [de7f8976-70fd-4111-b288-200f50cd1e94]
2025-01-30 04:01:13,273 INFO c.h.h.t.HelmChartContainer - [EVENT] Normal [Started] Started container hivemq-platform-operator [helmcustomconfigit-operator:hivemq-test-hivemq-platform-operator-6966f96d65-hhl9j]
2025-01-30 04:01:13,273 INFO c.h.h.t.HelmChartContainer - Received Started event for container hivemq-platform-operator in pod hivemq-test-hivemq-platform-operator-6966f96d65-hhl9j [de7f8976-70fd-4111-b288-200f50cd1e94]
2025-01-30 04:01:13,273 INFO c.h.h.t.HelmChartContainer - [hivemq-test-hivemq-platform] [hivemq-platform-operator] [de7f8976] -------------------------------------------------------------------------
2025-01-30 04:01:13,273 INFO c.h.h.t.HelmChartContainer - [hivemq-test-hivemq-platform] [hivemq-platform-operator] [de7f8976] 
2025-01-30 04:01:13,273 INFO c.h.h.t.HelmChartContainer - [hivemq-test-hivemq-platform] [hivemq-platform-operator] [de7f8976]                   _    _  _              __  __   ____
2025-01-30 04:01:13,273 INFO c.h.h.t.HelmChartContainer - [hivemq-test-hivemq-platform] [hivemq-platform-operator] [de7f8976]                  | |  | |(_)            |  \/  | / __ \
2025-01-30 04:01:13,273 INFO c.h.h.t.HelmChartContainer - [hivemq-test-hivemq-platform] [hivemq-platform-operator] [de7f8976]                  | |__| | _ __   __ ___ | \  / || |  | |
2025-01-30 04:01:13,273 INFO c.h.h.t.HelmChartContainer - [hivemq-test-hivemq-platform] [hivemq-platform-operator] [de7f8976]                  |  __  || |\ \ / // _ \| |\/| || |  | |
2025-01-30 04:01:13,273 INFO c.h.h.t.HelmChartContainer - [hivemq-test-hivemq-platform] [hivemq-platform-operator] [de7f8976]                  | |  | || | \ V /|  __/| |  | || |__| |
2025-01-30 04:01:13,273 INFO c.h.h.t.HelmChartContainer - [hivemq-test-hivemq-platform] [hivemq-platform-operator] [de7f8976]                  |_|  |_||_|  \_/  \___||_|  |_| \___\_\
2025-01-30 04:01:13,273 INFO c.h.h.t.HelmChartContainer - [hivemq-test-hivemq-platform] [hivemq-platform-operator] [de7f8976] 
2025-01-30 04:01:13,274 INFO c.h.h.t.HelmChartContainer - [hivemq-test-hivemq-platform] [hivemq-platform-operator] [de7f8976] -------------------------------------------------------------------------
2025-01-30 04:01:13,274 INFO c.h.h.t.HelmChartContainer - [hivemq-test-hivemq-platform] [hivemq-platform-operator] [de7f8976] 
2025-01-30 04:01:13,274 INFO c.h.h.t.HelmChartContainer - [hivemq-test-hivemq-platform] [hivemq-platform-operator] [de7f8976]   HiveMQ Platform Operator Start Script v1.0
2025-01-30 04:01:13,274 INFO c.h.h.t.HelmChartContainer - [hivemq-test-hivemq-platform] [hivemq-platform-operator] [de7f8976] 
2025-01-30 04:01:13,274 INFO c.h.h.t.HelmChartContainer - [hivemq-test-hivemq-platform] [hivemq-platform-operator] [de7f8976] -------------------------------------------------------------------------
2025-01-30 04:01:13,274 INFO c.h.h.t.HelmChartContainer - [hivemq-test-hivemq-platform] [hivemq-platform-operator] [de7f8976] 
2025-01-30 04:01:13,274 INFO c.h.h.t.HelmChartContainer - [hivemq-test-hivemq-platform] [hivemq-platform-operator] [de7f8976]   JAVA_OPTS: -XX:+UnlockExperimentalVMOptions -XX:InitialRAMPercentage=75 -XX:MaxRAMPercentage=75 -Duser.language=en -Duser.region=US
2025-01-30 04:01:13,274 INFO c.h.h.t.HelmChartContainer - [hivemq-test-hivemq-platform] [hivemq-platform-operator] [de7f8976] 
2025-01-30 04:01:13,274 INFO c.h.h.t.HelmChartContainer - [hivemq-test-hivemq-platform] [hivemq-platform-operator] [de7f8976]   JAVA_VERSION: 21
2025-01-30 04:01:13,274 INFO c.h.h.t.HelmChartContainer - [hivemq-test-hivemq-platform] [hivemq-platform-operator] [de7f8976] 
2025-01-30 04:01:13,274 INFO c.h.h.t.HelmChartContainer - [hivemq-test-hivemq-platform] [hivemq-platform-operator] [de7f8976] -------------------------------------------------------------------------
2025-01-30 04:01:13,274 INFO c.h.h.t.HelmChartContainer - [hivemq-test-hivemq-platform] [hivemq-platform-operator] [de7f8976] 
2025-01-30 04:01:15,780 INFO c.h.h.t.HelmChartContainer - [hivemq-test-hivemq-platform] [hivemq-platform-operator] [de7f8976] 04:01:15.715 [main] DEBUG org.jboss.logging - Logging Provider: org.jboss.logging.Slf4jLoggerProvider
2025-01-30 04:01:15,880 INFO c.h.h.t.HelmChartContainer - [hivemq-test-hivemq-platform] [hivemq-platform-operator] [de7f8976] 04:01:15.879 [main] DEBUG io.smallrye.config - SRCFG01006: Loaded ConfigSource SysPropConfigSource with ordinal 400
2025-01-30 04:01:15,881 INFO c.h.h.t.HelmChartContainer - [hivemq-test-hivemq-platform] [hivemq-platform-operator] [de7f8976] 04:01:15.879 [main] DEBUG io.smallrye.config - SRCFG01006: Loaded ConfigSource EnvConfigSource with ordinal 300
2025-01-30 04:01:15,881 INFO c.h.h.t.HelmChartContainer - [hivemq-test-hivemq-platform] [hivemq-platform-operator] [de7f8976] 04:01:15.880 [main] DEBUG io.smallrye.config - SRCFG01006: Loaded ConfigSource PropertiesConfigSource[source=jar:file:///opt/hivemq-platform-operator/bin/hivemq-platform-operator.jar!/hivemq-platform-operator.properties] with ordinal 100
2025-01-30 04:01:15,881 INFO c.h.h.t.HelmChartContainer - [hivemq-test-hivemq-platform] [hivemq-platform-operator] [de7f8976] 04:01:15.880 [main] DEBUG io.smallrye.config - SRCFG01006: Loaded ConfigSource DefaultValuesConfigSource with ordinal -2147483648
2025-01-30 04:01:15,944 INFO c.h.h.t.HelmChartContainer - [hivemq-test-hivemq-platform] [hivemq-platform-operator] [de7f8976] 04:01:15.943 [main] DEBUG i.m.c.u.i.l.InternalLoggerFactory - Using SLF4J as the default logging framework
2025-01-30 04:01:16,111 INFO c.h.h.t.HelmChartContainer - [hivemq-test-hivemq-platform] [hivemq-platform-operator] [de7f8976] 04:01:16.103 [main] INFO  c.h.p.o.HiveMQPlatformOperatorApplication - HiveMQ Platform Operator 1.7.0-SNAPSHOT (commit: 47e3375 on branch: HEAD) built on Thu Jan 30 03:55:50 UTC 2025
2025-01-30 04:01:16,112 INFO c.h.h.t.HelmChartContainer - [hivemq-test-hivemq-platform] [hivemq-platform-operator] [de7f8976] 04:01:16.110 [main] INFO  c.h.p.o.HiveMQPlatformOperatorApplication - HiveMQ Platform Operator is running in namespace: helmcustomconfigit-operator
2025-01-30 04:01:16,112 INFO c.h.h.t.HelmChartContainer - [hivemq-test-hivemq-platform] [hivemq-platform-operator] [de7f8976] 04:01:16.110 [main] INFO  c.h.p.o.HiveMQPlatformOperatorApplication - Watching all namespaces
2025-01-30 04:01:16,112 INFO c.h.h.t.HelmChartContainer - [hivemq-test-hivemq-platform] [hivemq-platform-operator] [de7f8976] 04:01:16.110 [main] INFO  c.h.p.o.HiveMQPlatformOperatorApplication - Log level: DEBUG
2025-01-30 04:01:16,112 INFO c.h.h.t.HelmChartContainer - [hivemq-test-hivemq-platform] [hivemq-platform-operator] [de7f8976] 04:01:16.110 [main] INFO  c.h.p.o.HiveMQPlatformOperatorApplication - Release name: test-hivemq-platform-operator
2025-01-30 04:01:16,112 INFO c.h.h.t.HelmChartContainer - [hivemq-test-hivemq-platform] [hivemq-platform-operator] [de7f8976] 04:01:16.110 [main] INFO  c.h.p.o.HiveMQPlatformOperatorApplication - HiveMQ Platform Operator Init image: docker.io/hivemq/hivemq-platform-operator-init-test:snapshot
2025-01-30 04:01:16,112 INFO c.h.h.t.HelmChartContainer - [hivemq-test-hivemq-platform] [hivemq-platform-operator] [de7f8976] 04:01:16.110 [main] INFO  c.h.p.o.HiveMQPlatformOperatorApplication - HiveMQ Platform Operator Init App update URL: http://hivemq-platform-operator-test-hivemq-platform-operator.helmcustomconfigit-operator.svc:8080/initAppUpdate/hivemq-platform-operator-init-app-1.7.0-SNAPSHOT.jar
2025-01-30 04:01:16,112 INFO c.h.h.t.HelmChartContainer - [hivemq-test-hivemq-platform] [hivemq-platform-operator] [de7f8976] 04:01:16.110 [main] INFO  c.h.p.o.HiveMQPlatformOperatorApplication - Additional imagePullSecret for all Platform deployments: none
2025-01-30 04:01:16,112 INFO c.h.h.t.HelmChartContainer - [hivemq-test-hivemq-platform] [hivemq-platform-operator] [de7f8976] 04:01:16.110 [main] INFO  c.h.p.o.HiveMQPlatformOperatorApplication - Apply HiveMQ Platform CRD: true
2025-01-30 04:01:16,112 INFO c.h.h.t.HelmChartContainer - [hivemq-test-hivemq-platform] [hivemq-platform-operator] [de7f8976] 04:01:16.110 [main] INFO  c.h.p.o.HiveMQPlatformOperatorApplication - Create Platform ServiceAccount: true
2025-01-30 04:01:16,112 INFO c.h.h.t.HelmChartContainer - [hivemq-test-hivemq-platform] [hivemq-platform-operator] [de7f8976] 04:01:16.110 [main] INFO  c.h.p.o.HiveMQPlatformOperatorApplication - Create Platform ServiceAccount permissions: true
2025-01-30 04:01:16,112 INFO c.h.h.t.HelmChartContainer - [hivemq-test-hivemq-platform] [hivemq-platform-operator] [de7f8976] 04:01:16.110 [main] INFO  c.h.p.o.HiveMQPlatformOperatorApplication - Validate Platform ServiceAccount: true
2025-01-30 04:01:16,112 INFO c.h.h.t.HelmChartContainer - [hivemq-test-hivemq-platform] [hivemq-platform-operator] [de7f8976] 04:01:16.110 [main] INFO  c.h.p.o.HiveMQPlatformOperatorApplication - Validate Platform ServiceAccount permissions: true
2025-01-30 04:01:16,281 INFO c.h.h.t.HelmChartContainer - [hivemq-test-hivemq-platform] [hivemq-platform-operator] [de7f8976] 04:01:16.280 [main] INFO  c.h.platform.operator.util.CRDUtil - Verifying deployed HiveMQ Platform CRD...
2025-01-30 04:01:18,718 INFO c.h.h.t.HelmChartContainer - [hivemq-test-hivemq-platform] [hivemq-platform-operator] [de7f8976] 04:01:18.716 [main] DEBUG c.h.platform.operator.util.CRDUtil - HiveMQ Platform CRD version v1 is up to date
2025-01-30 04:01:18,718 INFO c.h.h.t.HelmChartContainer - [hivemq-test-hivemq-platform] [hivemq-platform-operator] [de7f8976] 04:01:18.716 [main] INFO  c.h.platform.operator.util.CRDUtil - HiveMQ Platform CRD is up to date (version: V1_6_0)
2025-01-30 04:01:18,718 INFO c.h.h.t.HelmChartContainer - [hivemq-test-hivemq-platform] [hivemq-platform-operator] [de7f8976] 04:01:18.716 [main] INFO  c.h.platform.operator.util.CRDUtil - Waiting 10000 ms for HiveMQ Platform CRD 'hivemq-platforms.hivemq.com' to become ready...
2025-01-30 04:01:19,013 INFO c.h.h.t.HelmChartContainer - [hivemq-test-hivemq-platform] [hivemq-platform-operator] [de7f8976] 04:01:19.012 [vert.x-eventloop-thread-1] DEBUG c.h.platform.operator.util.CRDUtil - Checking CRD condition 'NamesAccepted' (status: 'True')
2025-01-30 04:01:19,014 INFO c.h.h.t.HelmChartContainer - [hivemq-test-hivemq-platform] [hivemq-platform-operator] [de7f8976] 04:01:19.013 [vert.x-eventloop-thread-1] DEBUG c.h.platform.operator.util.CRDUtil - Checking CRD condition 'Established' (status: 'True')
2025-01-30 04:01:19,015 INFO c.h.h.t.HelmChartContainer - [hivemq-test-hivemq-platform] [hivemq-platform-operator] [de7f8976] 04:01:19.015 [main] INFO  c.h.platform.operator.util.CRDUtil - HiveMQ Platform CRD 'hivemq-platforms.hivemq.com' is ready
2025-01-30 04:01:19,211 INFO c.h.h.t.HelmChartContainer - [hivemq-test-hivemq-platform] [hivemq-platform-operator] [de7f8976] 04:01:19.209 [main] INFO  c.h.p.o.HiveMQPlatformReconciler - HiveMQ Platform Operator is starting...
2025-01-30 04:01:19,310 INFO c.h.h.t.HelmChartContainer - [hivemq-test-hivemq-platform] [hivemq-platform-operator] [de7f8976] 04:01:19.308 [main] WARN  Default ConfigurationService implementation - Configuration for reconciler 'hivemq-controller' was not found. Known reconcilers: None.
2025-01-30 04:01:19,316 INFO c.h.h.t.HelmChartContainer - [hivemq-test-hivemq-platform] [hivemq-platform-operator] [de7f8976] 04:01:19.315 [main] INFO  Default ConfigurationService implementation - Created configuration for reconciler com.hivemq.platform.operator.HiveMQPlatformReconciler with name hivemq-controller
2025-01-30 04:01:19,418 INFO c.h.h.t.HelmChartContainer - [hivemq-test-hivemq-platform] [hivemq-platform-operator] [de7f8976] 04:01:19.417 [main] DEBUG c.h.p.o.HiveMQPlatformReconciler - HiveMQ Platform Operator is preparing EventSources
2025-01-30 04:01:19,507 INFO c.h.h.t.HelmChartContainer - [hivemq-test-hivemq-platform] [hivemq-platform-operator] [de7f8976] 04:01:19.506 [main] INFO  i.javaoperatorsdk.operator.Operator - Registered reconciler: 'hivemq-controller' for resource: 'class com.hivemq.platform.operator.v1.HiveMQPlatform' for namespace(s): [all namespaces]
2025-01-30 04:01:20,021 INFO c.h.h.t.HelmChartContainer - [hivemq-test-hivemq-platform] [hivemq-platform-operator] [de7f8976] 04:01:20.019 [main] INFO  c.h.p.operator.webserver.JettyServer - Starting Jetty server on port 8080
2025-01-30 04:01:20,119 INFO c.h.h.t.HelmChartContainer - [hivemq-test-hivemq-platform] [hivemq-platform-operator] [de7f8976] 04:01:20.117 [main] INFO  i.javaoperatorsdk.operator.Operator - Operator SDK 4.9.7 (commit: 2133d28) built on Wed Nov 20 12:56:20 UTC 2024 starting...
2025-01-30 04:01:20,119 INFO c.h.h.t.HelmChartContainer - [hivemq-test-hivemq-platform] [hivemq-platform-operator] [de7f8976] 04:01:20.118 [main] INFO  i.javaoperatorsdk.operator.Operator - Client version: 6.13.5
2025-01-30 04:01:20,120 INFO c.h.h.t.HelmChartContainer - [hivemq-test-hivemq-platform] [hivemq-platform-operator] [de7f8976] 04:01:20.119 [Controller Starter for: hivemq-controller] INFO  i.j.operator.processing.Controller - Starting 'hivemq-controller' controller for reconciler: com.hivemq.platform.operator.HiveMQPlatformReconciler, resource: com.hivemq.platform.operator.v1.HiveMQPlatform
2025-01-30 04:01:22,303 INFO c.h.h.t.HelmChartContainer - [hivemq-test-hivemq-platform] [hivemq-platform-operator] [de7f8976] 04:01:22.302 [Controller Starter for: hivemq-controller] INFO  i.j.operator.processing.Controller - 'hivemq-controller' controller started
2025-01-30 04:01:22,303 INFO c.h.h.t.HelmChartContainer - [hivemq-test-hivemq-platform] [hivemq-platform-operator] [de7f8976] 04:01:22.302 [main] INFO  c.h.p.o.HiveMQPlatformOperatorApplication - HiveMQ Platform Operator 1.7.0-SNAPSHOT started in 6199 ms
2025-01-30 04:01:24,272 INFO c.h.h.t.HelmChartContainer - [POD] hivemq-test-hivemq-platform-operator-6966f96d65-hhl9j [de7f8976-70fd-4111-b288-200f50cd1e94] in helmcustomconfigit-operator was MODIFIED
2025-01-30 04:01:24,278 INFO c.h.h.t.HelmChartContainer - [K3S] [replica_set.go:679] "Finished syncing" kind="ReplicaSet" key="helmcustomconfigit-operator/hivemq-test-hivemq-platform-operator-6966f96d65" duration="10.875935ms"
2025-01-30 04:01:24,278 INFO c.h.h.t.HelmChartContainer - [K3S] [replica_set.go:679] "Finished syncing" kind="ReplicaSet" key="helmcustomconfigit-operator/hivemq-test-hivemq-platform-operator-6966f96d65" duration="45.866µs"
2025-01-30 04:01:26,115 INFO com.hivemq.helmcharts.util.K8sUtil - Pod 'hivemq-test-hivemq-platform-operator-6966f96d65-hhl9j' is ready
2025-01-30 04:01:26,197 DEBUG c.h.h.t.HelmChartContainer - Executing helm command: /bin/helm --kubeconfig /etc/rancher/k3s/k3s.yaml install test-hivemq-platform /charts/hivemq-platform --wait --timeout 5m0s --set image.repository=docker.io/hivemq --set image.tag=4.36.0 --set image.pullPolicy=Never --set nodes.resources.cpu=512m --set config.create=false --set config.name=hivemq-configuration --namespace helmcustomconfigit
2025-01-30 04:01:26,405 INFO c.h.h.t.HelmChartContainer - [hivemq-test-hivemq-platform] [hivemq-platform-operator] [de7f8976] 04:01:26.403 [-2082509879-pool-1-thread-3] WARN  i.m.p.PrometheusMeterRegistry - The meter (MeterId{name='operator.sdk.events.received', tags=[tag(action=ADDED),tag(event=ResourceEvent),tag(group=hivemq.com),tag(kind=HiveMQPlatform),tag(name=test-hivemq-platform),tag(namespace=helmcustomconfigit),tag(scope=namespace),tag(version=v1)]}) registration has failed: Prometheus requires that all meters with the same name have the same set of tag keys. There is already an existing meter named 'operator.sdk.events.received' containing tag keys [event, group, kind, name, namespace, scope, version]. The meter you are attempting to register has keys [action, event, group, kind, name, namespace, scope, version]. Note that subsequent logs will be logged at debug level.
2025-01-30 04:01:26,806 INFO c.h.h.t.HelmChartContainer - [hivemq-test-hivemq-platform] [hivemq-platform-operator] [de7f8976] 04:01:26.804 [pool-6-thread-3] DEBUG c.h.p.o.dependants.PodInfoConfigMap - [helmcust] Desired PodInfo ConfigMap (1 extensions) (1 enabled)
2025-01-30 04:01:26,806 INFO c.h.h.t.HelmChartContainer - [hivemq-test-hivemq-platform] [hivemq-platform-operator] [de7f8976] 04:01:26.805 [pool-6-thread-3] DEBUG c.h.p.o.dependants.PodInfoConfigMap - [helmcust] Desired PodInfo ConfigMap (metrics port: 9399) (metrics path: /)
2025-01-30 04:01:26,807 INFO c.h.h.t.HelmChartContainer - [hivemq-test-hivemq-platform] [hivemq-platform-operator] [de7f8976] 04:01:26.805 [pool-6-thread-3] DEBUG c.h.p.o.dependants.PodInfoConfigMap - [helmcust] Desired PodInfo ConfigMap (extension state hash: -1817474005)
2025-01-30 04:01:26,809 INFO c.h.h.t.HelmChartContainer - [hivemq-test-hivemq-platform] [hivemq-platform-operator] [de7f8976] 04:01:26.808 [pool-6-thread-3] DEBUG c.h.p.o.dependants.PodInfoConfigMap - [helmcust] Create PodInfo ConfigMap
2025-01-30 04:01:26,910 INFO c.h.h.t.HelmChartContainer - [hivemq-test-hivemq-platform] [hivemq-platform-operator] [de7f8976] 04:01:26.905 [pool-6-thread-5] DEBUG c.h.p.o.dependants.PodRoleResource - [helmcust] Create Role: Role(apiVersion=rbac.authorization.k8s.io/v1, kind=Role, metadata=ObjectMeta(annotations={meta.helm.sh/release-name=test-hivemq-platform, meta.helm.sh/release-namespace=helmcustomconfigit}, creationTimestamp=null, deletionGracePeriodSeconds=null, deletionTimestamp=null, finalizers=[], generateName=null, generation=null, labels={helm.sh/chart=hivemq-platform-0.2.32, app.kubernetes.io/managed-by=Helm, app.kubernetes.io/name=hivemq-platform, hivemq-platform=test-hivemq-platform, app.kubernetes.io/instance=test-hivemq-platform, app.kubernetes.io/version=4.36.0}, managedFields=[], name=hivemq-platform-role-test-hivemq-platform, namespace=helmcustomconfigit, ownerReferences=[OwnerReference(apiVersion=hivemq.com/v1, blockOwnerDeletion=null, controller=null, kind=HiveMQPlatform, name=test-hivemq-platform, uid=45f5d37b-222f-465b-bab0-375b81f50fdf, additionalProperties={})], resourceVersion=null, selfLink=null, uid=null, additionalProperties={}), rules=[PolicyRule(apiGroups=[], nonResourceURLs=[], resourceNames=[], resources=[pods], verbs=[get, patch, update], additionalProperties={})], additionalProperties={})
2025-01-30 04:01:27,009 INFO c.h.h.t.HelmChartContainer - [hivemq-test-hivemq-platform] [hivemq-platform-operator] [de7f8976] 04:01:27.008 [pool-6-thread-7] DEBUG c.h.p.o.d.PodServiceAccountResource - [helmcust] Desired PodServiceAccountResource (serviceAccountName: hivemq-platform-pod-test-hivemq-platform)
2025-01-30 04:01:27,080 INFO c.h.h.t.HelmChartContainer - [hivemq-test-hivemq-platform] [hivemq-platform-operator] [de7f8976] 04:01:27.077 [pool-6-thread-7] DEBUG c.h.p.o.d.PodServiceAccountResource - [helmcust] Create ServiceAccount 'hivemq-platform-pod-test-hivemq-platform'
2025-01-30 04:01:27,183 INFO c.h.h.t.HelmChartContainer - [hivemq-test-hivemq-platform] [hivemq-platform-operator] [de7f8976] 04:01:27.181 [pool-6-thread-9] DEBUG c.h.p.o.d.PodRoleBindingResource - [helmcust] Create RoleBinding: RoleBinding(apiVersion=rbac.authorization.k8s.io/v1, kind=RoleBinding, metadata=ObjectMeta(annotations={meta.helm.sh/release-name=test-hivemq-platform, meta.helm.sh/release-namespace=helmcustomconfigit}, creationTimestamp=null, deletionGracePeriodSeconds=null, deletionTimestamp=null, finalizers=[], generateName=null, generation=null, labels={helm.sh/chart=hivemq-platform-0.2.32, app.kubernetes.io/managed-by=Helm, app.kubernetes.io/name=hivemq-platform, hivemq-platform=test-hivemq-platform, app.kubernetes.io/instance=test-hivemq-platform, app.kubernetes.io/version=4.36.0}, managedFields=[], name=hivemq-platform-role-binding-test-hivemq-platform, namespace=helmcustomconfigit, ownerReferences=[OwnerReference(apiVersion=hivemq.com/v1, blockOwnerDeletion=null, controller=null, kind=HiveMQPlatform, name=test-hivemq-platform, uid=45f5d37b-222f-465b-bab0-375b81f50fdf, additionalProperties={})], resourceVersion=null, selfLink=null, uid=null, additionalProperties={}), roleRef=RoleRef(apiGroup=rbac.authorization.k8s.io, kind=Role, name=hivemq-platform-role-test-hivemq-platform, additionalProperties={}), subjects=[Subject(apiGroup=null, kind=ServiceAccount, name=hivemq-platform-pod-test-hivemq-platform, namespace=helmcustomconfigit, additionalProperties={})], additionalProperties={})
2025-01-30 04:01:27,205 INFO c.h.h.t.HelmChartContainer - [hivemq-test-hivemq-platform] [hivemq-platform-operator] [de7f8976] 04:01:27.203 [ReconcilerExecutor-hivemq-controller-53] INFO  c.h.p.o.HiveMQPlatformReconciler - [helmcust] Reconciling HiveMQ Platform 'test-hivemq-platform' in namespace 'helmcustomconfigit'
2025-01-30 04:01:27,205 INFO c.h.h.t.HelmChartContainer - [hivemq-test-hivemq-platform] [hivemq-platform-operator] [de7f8976] 04:01:27.204 [ReconcilerExecutor-hivemq-controller-53] DEBUG c.h.p.o.HiveMQPlatformReconciler - [helmcust] Custom Resource Status CREATED - HiveMQ Platform was created (READY)
2025-01-30 04:01:27,206 INFO c.h.h.t.HelmChartContainer - [hivemq-test-hivemq-platform] [hivemq-platform-operator] [de7f8976] 04:01:27.204 [ReconcilerExecutor-hivemq-controller-53] DEBUG c.h.p.o.HiveMQPlatformReconciler - [helmcust] Custom Resource Spec (replicas: 2) (extensions: 1)
2025-01-30 04:01:27,209 INFO c.h.h.t.HelmChartContainer - [hivemq-test-hivemq-platform] [hivemq-platform-operator] [de7f8976] 04:01:27.208 [ReconcilerExecutor-hivemq-controller-53] INFO  c.h.p.o.h.HiveMQPlatformReconcilerBaseHandler - [helmcust] HiveMQ Platform is starting
2025-01-30 04:01:27,312 INFO c.h.h.t.HelmChartContainer - [hivemq-test-hivemq-platform] [hivemq-platform-operator] [de7f8976] 04:01:27.311 [ReconcilerExecutor-hivemq-controller-53] DEBUG c.h.p.operator.event.EventSender - [helmcust] Creating K8s event hivemq-platform-starting: [Start] HiveMQ Platform is starting
2025-01-30 04:01:27,383 INFO c.h.h.t.HelmChartContainer - [EVENT] Normal [Start] HiveMQ Platform is starting [helmcustomconfigit:test-hivemq-platform]
2025-01-30 04:01:27,405 INFO c.h.h.t.HelmChartContainer - [hivemq-test-hivemq-platform] [hivemq-platform-operator] [de7f8976] 04:01:27.403 [ReconcilerExecutor-hivemq-controller-53] INFO  c.h.p.o.h.AbstractHiveMQReconcilerStateHandler - [helmcust] Update HiveMQ Platform Status (CREATED [READY] -> STARTING [READY]): HiveMQ Platform is starting
2025-01-30 04:01:27,418 DEBUG com.hivemq.helmcharts.util.K8sUtil - Comparing actual state 'STARTING' and waiting for 'RUNNING'
2025-01-30 04:01:37,487 INFO c.h.h.t.HelmChartContainer - [hivemq-test-hivemq-platform] [hivemq-platform-operator] [de7f8976] 04:01:37.485 [pool-6-thread-12] DEBUG c.h.p.o.d.PlatformServiceResource - [helmcust] Desired Platform services (3 services)
2025-01-30 04:01:37,490 INFO c.h.h.t.HelmChartContainer - [hivemq-test-hivemq-platform] [hivemq-platform-operator] [de7f8976] 04:01:37.488 [pool-6-thread-13] DEBUG c.h.p.o.dependants.PodInfoConfigMap - [helmcust] Desired PodInfo ConfigMap (1 extensions) (1 enabled)
2025-01-30 04:01:37,491 INFO c.h.h.t.HelmChartContainer - [hivemq-test-hivemq-platform] [hivemq-platform-operator] [de7f8976] 04:01:37.489 [pool-6-thread-13] DEBUG c.h.p.o.dependants.PodInfoConfigMap - [helmcust] Desired PodInfo ConfigMap (metrics port: 9399) (metrics path: /)
2025-01-30 04:01:37,491 INFO c.h.h.t.HelmChartContainer - [hivemq-test-hivemq-platform] [hivemq-platform-operator] [de7f8976] 04:01:37.489 [pool-6-thread-13] DEBUG c.h.p.o.dependants.PodInfoConfigMap - [helmcust] Desired PodInfo ConfigMap (extension state hash: -1817474005)
2025-01-30 04:01:37,495 INFO c.h.h.t.HelmChartContainer - [hivemq-test-hivemq-platform] [hivemq-platform-operator] [de7f8976] 04:01:37.495 [pool-6-thread-17] DEBUG c.h.p.o.d.PodServiceAccountResource - [helmcust] Desired PodServiceAccountResource (serviceAccountName: hivemq-platform-pod-test-hivemq-platform)
2025-01-30 04:01:37,498 INFO c.h.h.t.HelmChartContainer - [hivemq-test-hivemq-platform] [hivemq-platform-operator] [de7f8976] 04:01:37.497 [pool-6-thread-13] DEBUG c.h.p.o.dependants.PodInfoConfigMap - [helmcust] Update PodInfo ConfigMap
2025-01-30 04:01:37,504 INFO c.h.h.t.HelmChartContainer - [K3S] [alloc.go:330] "allocated clusterIPs" service="helmcustomconfigit/hivemq-test-hivemq-platform-cc-8080" clusterIPs={"IPv4":"10.43.2.144"}
2025-01-30 04:01:37,593 INFO c.h.h.t.HelmChartContainer - [K3S] [alloc.go:330] "allocated clusterIPs" service="helmcustomconfigit/hivemq-test-hivemq-platform-metrics-9399" clusterIPs={"IPv4":"10.43.143.102"}
2025-01-30 04:01:37,684 INFO c.h.h.t.HelmChartContainer - [K3S] [alloc.go:330] "allocated clusterIPs" service="helmcustomconfigit/hivemq-test-hivemq-platform-mqtt-1883" clusterIPs={"IPv4":"10.43.88.10"}
2025-01-30 04:01:37,692 INFO c.h.h.t.HelmChartContainer - [hivemq-test-hivemq-platform] [hivemq-platform-operator] [de7f8976] 04:01:37.689 [pool-6-thread-20] DEBUG c.h.p.o.d.StatefulSetResource - [helmcust] Desired StatefulSet (2 replicas) for status STARTING (READY)
2025-01-30 04:01:37,782 INFO c.h.h.t.HelmChartContainer - [hivemq-test-hivemq-platform] [hivemq-platform-operator] [de7f8976] 04:01:37.780 [pool-6-thread-20] DEBUG c.h.p.o.d.StatefulSetResource - [helmcust] Create StatefulSet
2025-01-30 04:01:37,810 INFO c.h.h.t.HelmChartContainer - [POD] test-hivemq-platform-0 [5ec81d4c-f9cf-4f24-ba41-2c051593faf0] in helmcustomconfigit was ADDED
2025-01-30 04:01:37,813 INFO c.h.h.t.HelmChartContainer - [EVENT] Normal [SuccessfulCreate] create Pod test-hivemq-platform-0 in StatefulSet test-hivemq-platform successful [helmcustomconfigit:test-hivemq-platform]
2025-01-30 04:01:37,814 INFO c.h.h.t.HelmChartContainer - [POD] test-hivemq-platform-0 [5ec81d4c-f9cf-4f24-ba41-2c051593faf0] in helmcustomconfigit was MODIFIED
2025-01-30 04:01:37,815 INFO c.h.h.t.HelmChartContainer - [EVENT] Normal [Scheduled] Successfully assigned helmcustomconfigit/test-hivemq-platform-0 to bb975d1fd0a5 [helmcustomconfigit:test-hivemq-platform-0]
2025-01-30 04:01:37,841 INFO c.h.h.t.HelmChartContainer - [K3S] [reconciler_common.go:251] "operationExecutor.VerifyControllerAttachedVolume started for volume \"pod-info\" (UniqueName: \"kubernetes.io/configmap/5ec81d4c-f9cf-4f24-ba41-2c051593faf0-pod-info\") pod \"test-hivemq-platform-0\" (UID: \"5ec81d4c-f9cf-4f24-ba41-2c051593faf0\") " pod="helmcustomconfigit/test-hivemq-platform-0"
2025-01-30 04:01:37,841 INFO c.h.h.t.HelmChartContainer - [K3S] [reconciler_common.go:251] "operationExecutor.VerifyControllerAttachedVolume started for volume \"kube-api-access-7sgxr\" (UniqueName: \"kubernetes.io/projected/5ec81d4c-f9cf-4f24-ba41-2c051593faf0-kube-api-access-7sgxr\") pod \"test-hivemq-platform-0\" (UID: \"5ec81d4c-f9cf-4f24-ba41-2c051593faf0\") " pod="helmcustomconfigit/test-hivemq-platform-0"
2025-01-30 04:01:37,841 INFO c.h.h.t.HelmChartContainer - [K3S] [reconciler_common.go:251] "operationExecutor.VerifyControllerAttachedVolume started for volume \"broker-configuration\" (UniqueName: \"kubernetes.io/configmap/5ec81d4c-f9cf-4f24-ba41-2c051593faf0-broker-configuration\") pod \"test-hivemq-platform-0\" (UID: \"5ec81d4c-f9cf-4f24-ba41-2c051593faf0\") " pod="helmcustomconfigit/test-hivemq-platform-0"
2025-01-30 04:01:37,841 INFO c.h.h.t.HelmChartContainer - [K3S] [reconciler_common.go:251] "operationExecutor.VerifyControllerAttachedVolume started for volume \"operator-init\" (UniqueName: \"kubernetes.io/empty-dir/5ec81d4c-f9cf-4f24-ba41-2c051593faf0-operator-init\") pod \"test-hivemq-platform-0\" (UID: \"5ec81d4c-f9cf-4f24-ba41-2c051593faf0\") " pod="helmcustomconfigit/test-hivemq-platform-0"
2025-01-30 04:01:37,850 INFO c.h.h.t.HelmChartContainer - [POD] test-hivemq-platform-0 [5ec81d4c-f9cf-4f24-ba41-2c051593faf0] in helmcustomconfigit was MODIFIED
2025-01-30 04:01:37,890 INFO c.h.h.t.HelmChartContainer - [hivemq-test-hivemq-platform] [hivemq-platform-operator] [de7f8976] 04:01:37.889 [ReconcilerExecutor-hivemq-controller-64] INFO  c.h.p.o.HiveMQPlatformReconciler - [helmcust] Reconciling HiveMQ Platform 'test-hivemq-platform' in namespace 'helmcustomconfigit'
2025-01-30 04:01:37,892 INFO c.h.h.t.HelmChartContainer - [hivemq-test-hivemq-platform] [hivemq-platform-operator] [de7f8976] 04:01:37.891 [ReconcilerExecutor-hivemq-controller-64] DEBUG c.h.p.o.HiveMQPlatformReconciler - [helmcust] Custom Resource Status STARTING - HiveMQ Platform is starting (READY)
2025-01-30 04:01:37,895 INFO c.h.h.t.HelmChartContainer - [hivemq-test-hivemq-platform] [hivemq-platform-operator] [de7f8976] 04:01:37.892 [ReconcilerExecutor-hivemq-controller-64] DEBUG c.h.p.o.HiveMQPlatformReconciler - [helmcust] Custom Resource Spec (replicas: 2) (extensions: 1)
2025-01-30 04:01:37,914 INFO c.h.h.t.HelmChartContainer - [hivemq-test-hivemq-platform] [hivemq-platform-operator] [de7f8976] 04:01:37.913 [ReconcilerExecutor-hivemq-controller-64] DEBUG c.h.p.o.HiveMQPlatformReconciler - [helmcust] StatefulSet Status (revision: test-hivemq-platform-86bfbd5557, replicas: 0, available: 0, ready: 0, current: 0, updated: 0)
2025-01-30 04:01:37,917 INFO c.h.h.t.HelmChartContainer - [hivemq-test-hivemq-platform] [hivemq-platform-operator] [de7f8976] 04:01:37.913 [ReconcilerExecutor-hivemq-controller-64] DEBUG c.h.p.o.HiveMQPlatformReconciler - [helmcust] StatefulSet Spec (replicas: 2, init containers: 1, containers: 1, volumes: 3)
2025-01-30 04:01:37,979 INFO c.h.h.t.HelmChartContainer - [hivemq-test-hivemq-platform] [hivemq-platform-operator] [de7f8976] 04:01:37.977 [ReconcilerExecutor-hivemq-controller-64] INFO  c.h.p.o.h.HiveMQPlatformReconcilerBaseHandler - [helmcust] HiveMQ Platform is starting, 0 of 2 replicas are ready
2025-01-30 04:01:38,003 INFO c.h.h.t.HelmChartContainer - [hivemq-test-hivemq-platform] [hivemq-platform-operator] [de7f8976] 04:01:38.001 [pool-6-thread-22] DEBUG c.h.p.o.d.PlatformServiceResource - [helmcust] Desired Platform services (3 services)
2025-01-30 04:01:38,004 INFO c.h.h.t.HelmChartContainer - [hivemq-test-hivemq-platform] [hivemq-platform-operator] [de7f8976] 04:01:38.004 [pool-6-thread-23] DEBUG c.h.p.o.dependants.PodInfoConfigMap - [helmcust] Desired PodInfo ConfigMap (1 extensions) (1 enabled)
2025-01-30 04:01:38,005 INFO c.h.h.t.HelmChartContainer - [hivemq-test-hivemq-platform] [hivemq-platform-operator] [de7f8976] 04:01:38.004 [pool-6-thread-23] DEBUG c.h.p.o.dependants.PodInfoConfigMap - [helmcust] Desired PodInfo ConfigMap (metrics port: 9399) (metrics path: /)
2025-01-30 04:01:38,006 INFO c.h.h.t.HelmChartContainer - [hivemq-test-hivemq-platform] [hivemq-platform-operator] [de7f8976] 04:01:38.004 [pool-6-thread-23] DEBUG c.h.p.o.dependants.PodInfoConfigMap - [helmcust] Desired PodInfo ConfigMap (extension state hash: -1817474005)
2025-01-30 04:01:38,008 INFO c.h.h.t.HelmChartContainer - [hivemq-test-hivemq-platform] [hivemq-platform-operator] [de7f8976] 04:01:38.007 [pool-6-thread-27] DEBUG c.h.p.o.d.PodServiceAccountResource - [helmcust] Desired PodServiceAccountResource (serviceAccountName: hivemq-platform-pod-test-hivemq-platform)
2025-01-30 04:01:38,104 INFO c.h.h.t.HelmChartContainer - [hivemq-test-hivemq-platform] [hivemq-platform-operator] [de7f8976] 04:01:38.102 [pool-6-thread-30] DEBUG c.h.p.o.d.StatefulSetResource - [helmcust] Desired StatefulSet (2 replicas) for status STARTING (READY)
2025-01-30 04:01:38,109 INFO c.h.h.t.HelmChartContainer - [hivemq-test-hivemq-platform] [hivemq-platform-operator] [de7f8976] 04:01:38.108 [ReconcilerExecutor-hivemq-controller-76] INFO  c.h.p.o.HiveMQPlatformReconciler - [helmcust] Reconciling HiveMQ Platform 'test-hivemq-platform' in namespace 'helmcustomconfigit'
2025-01-30 04:01:38,109 INFO c.h.h.t.HelmChartContainer - [hivemq-test-hivemq-platform] [hivemq-platform-operator] [de7f8976] 04:01:38.108 [ReconcilerExecutor-hivemq-controller-76] DEBUG c.h.p.o.HiveMQPlatformReconciler - [helmcust] Custom Resource Status STARTING - HiveMQ Platform is starting (READY)
2025-01-30 04:01:38,109 INFO c.h.h.t.HelmChartContainer - [hivemq-test-hivemq-platform] [hivemq-platform-operator] [de7f8976] 04:01:38.108 [ReconcilerExecutor-hivemq-controller-76] DEBUG c.h.p.o.HiveMQPlatformReconciler - [helmcust] Custom Resource Spec (replicas: 2) (extensions: 1)
2025-01-30 04:01:38,180 INFO c.h.h.t.HelmChartContainer - [hivemq-test-hivemq-platform] [hivemq-platform-operator] [de7f8976] 04:01:38.178 [ReconcilerExecutor-hivemq-controller-76] DEBUG c.h.p.o.HiveMQPlatformReconciler - [helmcust] StatefulSet Status (revision: test-hivemq-platform-86bfbd5557, replicas: 1, available: 0, ready: 0, current: 1, updated: 1)
2025-01-30 04:01:38,181 INFO c.h.h.t.HelmChartContainer - [hivemq-test-hivemq-platform] [hivemq-platform-operator] [de7f8976] 04:01:38.178 [ReconcilerExecutor-hivemq-controller-76] DEBUG c.h.p.o.HiveMQPlatformReconciler - [helmcust] StatefulSet Spec (replicas: 2, init containers: 1, containers: 1, volumes: 3)
2025-01-30 04:01:38,213 INFO c.h.h.t.HelmChartContainer - [hivemq-test-hivemq-platform] [hivemq-platform-operator] [de7f8976] 04:01:38.211 [ReconcilerExecutor-hivemq-controller-76] DEBUG c.h.p.o.h.HiveMQPlatformReconcilerErrorHandler - [helmcust] Pod 'test-hivemq-platform-0' phase Pending
2025-01-30 04:01:38,213 INFO c.h.h.t.HelmChartContainer - [hivemq-test-hivemq-platform] [hivemq-platform-operator] [de7f8976] 04:01:38.211 [ReconcilerExecutor-hivemq-controller-76] DEBUG c.h.p.o.h.HiveMQPlatformReconcilerErrorHandler - [helmcust] Pod 'test-hivemq-platform-0' condition 'PodReadyToStartContainers': False
2025-01-30 04:01:38,214 INFO c.h.h.t.HelmChartContainer - [hivemq-test-hivemq-platform] [hivemq-platform-operator] [de7f8976] 04:01:38.212 [ReconcilerExecutor-hivemq-controller-76] DEBUG c.h.p.o.h.HiveMQPlatformReconcilerErrorHandler - [helmcust] Pod 'test-hivemq-platform-0' condition 'Initialized': False
2025-01-30 04:01:38,214 INFO c.h.h.t.HelmChartContainer - [hivemq-test-hivemq-platform] [hivemq-platform-operator] [de7f8976] 04:01:38.212 [ReconcilerExecutor-hivemq-controller-76] DEBUG c.h.p.o.h.HiveMQPlatformReconcilerErrorHandler - [helmcust] Pod 'test-hivemq-platform-0' condition 'Ready': False
2025-01-30 04:01:38,214 INFO c.h.h.t.HelmChartContainer - [hivemq-test-hivemq-platform] [hivemq-platform-operator] [de7f8976] 04:01:38.212 [ReconcilerExecutor-hivemq-controller-76] DEBUG c.h.p.o.h.HiveMQPlatformReconcilerErrorHandler - [helmcust] Pod 'test-hivemq-platform-0' condition 'ContainersReady': False
2025-01-30 04:01:38,219 INFO c.h.h.t.HelmChartContainer - [EVENT] Normal [Pulled] Container image "docker.io/hivemq/hivemq-platform-operator-init-test:snapshot" already present on machine [helmcustomconfigit:test-hivemq-platform-0]
2025-01-30 04:01:38,278 INFO c.h.h.t.HelmChartContainer - [hivemq-test-hivemq-platform] [hivemq-platform-operator] [de7f8976] 04:01:38.212 [ReconcilerExecutor-hivemq-controller-76] DEBUG c.h.p.o.h.HiveMQPlatformReconcilerErrorHandler - [helmcust] Pod 'test-hivemq-platform-0' condition 'PodScheduled': True
2025-01-30 04:01:38,279 INFO c.h.h.t.HelmChartContainer - [hivemq-test-hivemq-platform] [hivemq-platform-operator] [de7f8976] 04:01:38.277 [ReconcilerExecutor-hivemq-controller-76] DEBUG c.h.p.o.h.HiveMQPlatformReconcilerErrorHandler - [helmcust] Pod 'test-hivemq-platform-0' containerStatus 'hivemq' (started: false) (ready: false) (waiting: [PodInitializing] null)
2025-01-30 04:01:38,280 INFO c.h.h.t.HelmChartContainer - [hivemq-test-hivemq-platform] [hivemq-platform-operator] [de7f8976] 04:01:38.279 [ReconcilerExecutor-hivemq-controller-76] INFO  c.h.p.o.h.HiveMQPlatformReconcilerBaseHandler - [helmcust] HiveMQ Platform is starting, 0 of 2 replicas are ready
2025-01-30 04:01:38,287 INFO c.h.h.t.HelmChartContainer - [hivemq-test-hivemq-platform] [hivemq-platform-operator] [de7f8976] 04:01:38.284 [pool-6-thread-32] DEBUG c.h.p.o.d.PlatformServiceResource - [helmcust] Desired Platform services (3 services)
2025-01-30 04:01:38,306 INFO c.h.h.t.HelmChartContainer - [hivemq-test-hivemq-platform] [hivemq-platform-operator] [de7f8976] 04:01:38.303 [pool-6-thread-33] DEBUG c.h.p.o.dependants.PodInfoConfigMap - [helmcust] Desired PodInfo ConfigMap (1 extensions) (1 enabled)
2025-01-30 04:01:38,306 INFO c.h.h.t.HelmChartContainer - [hivemq-test-hivemq-platform] [hivemq-platform-operator] [de7f8976] 04:01:38.303 [pool-6-thread-33] DEBUG c.h.p.o.dependants.PodInfoConfigMap - [helmcust] Desired PodInfo ConfigMap (metrics port: 9399) (metrics path: /)
2025-01-30 04:01:38,307 INFO c.h.h.t.HelmChartContainer - [hivemq-test-hivemq-platform] [hivemq-platform-operator] [de7f8976] 04:01:38.303 [pool-6-thread-33] DEBUG c.h.p.o.dependants.PodInfoConfigMap - [helmcust] Desired PodInfo ConfigMap (extension state hash: -1817474005)
2025-01-30 04:01:38,308 INFO c.h.h.t.HelmChartContainer - [hivemq-test-hivemq-platform] [hivemq-platform-operator] [de7f8976] 04:01:38.307 [pool-6-thread-37] DEBUG c.h.p.o.d.PodServiceAccountResource - [helmcust] Desired PodServiceAccountResource (serviceAccountName: hivemq-platform-pod-test-hivemq-platform)
2025-01-30 04:01:38,381 INFO c.h.h.t.HelmChartContainer - [hivemq-test-hivemq-platform] [hivemq-platform-operator] [de7f8976] 04:01:38.380 [pool-6-thread-40] DEBUG c.h.p.o.d.StatefulSetResource - [helmcust] Desired StatefulSet (2 replicas) for status STARTING (READY)
2025-01-30 04:01:38,386 INFO c.h.h.t.HelmChartContainer - [hivemq-test-hivemq-platform] [hivemq-platform-operator] [de7f8976] 04:01:38.384 [ReconcilerExecutor-hivemq-controller-87] INFO  c.h.p.o.HiveMQPlatformReconciler - [helmcust] Reconciling HiveMQ Platform 'test-hivemq-platform' in namespace 'helmcustomconfigit'
2025-01-30 04:01:38,386 INFO c.h.h.t.HelmChartContainer - [hivemq-test-hivemq-platform] [hivemq-platform-operator] [de7f8976] 04:01:38.384 [ReconcilerExecutor-hivemq-controller-87] DEBUG c.h.p.o.HiveMQPlatformReconciler - [helmcust] Custom Resource Status STARTING - HiveMQ Platform is starting (READY)
2025-01-30 04:01:38,386 INFO c.h.h.t.HelmChartContainer - [hivemq-test-hivemq-platform] [hivemq-platform-operator] [de7f8976] 04:01:38.384 [ReconcilerExecutor-hivemq-controller-87] DEBUG c.h.p.o.HiveMQPlatformReconciler - [helmcust] Custom Resource Spec (replicas: 2) (extensions: 1)
2025-01-30 04:01:38,389 INFO c.h.h.t.HelmChartContainer - [hivemq-test-hivemq-platform] [hivemq-platform-operator] [de7f8976] 04:01:38.386 [ReconcilerExecutor-hivemq-controller-87] DEBUG c.h.p.o.HiveMQPlatformReconciler - [helmcust] StatefulSet Status (revision: test-hivemq-platform-86bfbd5557, replicas: 1, available: 0, ready: 0, current: 1, updated: 1)
2025-01-30 04:01:38,390 INFO c.h.h.t.HelmChartContainer - [hivemq-test-hivemq-platform] [hivemq-platform-operator] [de7f8976] 04:01:38.386 [ReconcilerExecutor-hivemq-controller-87] DEBUG c.h.p.o.HiveMQPlatformReconciler - [helmcust] StatefulSet Spec (replicas: 2, init containers: 1, containers: 1, volumes: 3)
2025-01-30 04:01:38,390 INFO c.h.h.t.HelmChartContainer - [hivemq-test-hivemq-platform] [hivemq-platform-operator] [de7f8976] 04:01:38.388 [ReconcilerExecutor-hivemq-controller-87] DEBUG c.h.p.o.h.HiveMQPlatformReconcilerErrorHandler - [helmcust] Pod 'test-hivemq-platform-0' phase Pending
2025-01-30 04:01:38,390 INFO c.h.h.t.HelmChartContainer - [hivemq-test-hivemq-platform] [hivemq-platform-operator] [de7f8976] 04:01:38.388 [ReconcilerExecutor-hivemq-controller-87] DEBUG c.h.p.o.h.HiveMQPlatformReconcilerErrorHandler - [helmcust] Pod 'test-hivemq-platform-0' condition 'PodReadyToStartContainers': False
2025-01-30 04:01:38,390 INFO c.h.h.t.HelmChartContainer - [EVENT] Normal [Created] Created container: hivemq-platform-operator-init [helmcustomconfigit:test-hivemq-platform-0]
2025-01-30 04:01:38,404 INFO c.h.h.t.HelmChartContainer - [hivemq-test-hivemq-platform] [hivemq-platform-operator] [de7f8976] 04:01:38.388 [ReconcilerExecutor-hivemq-controller-87] DEBUG c.h.p.o.h.HiveMQPlatformReconcilerErrorHandler - [helmcust] Pod 'test-hivemq-platform-0' condition 'Initialized': False
2025-01-30 04:01:38,404 INFO c.h.h.t.HelmChartContainer - [hivemq-test-hivemq-platform] [hivemq-platform-operator] [de7f8976] 04:01:38.401 [ReconcilerExecutor-hivemq-controller-87] DEBUG c.h.p.o.h.HiveMQPlatformReconcilerErrorHandler - [helmcust] Pod 'test-hivemq-platform-0' condition 'Ready': False
2025-01-30 04:01:38,404 INFO c.h.h.t.HelmChartContainer - [hivemq-test-hivemq-platform] [hivemq-platform-operator] [de7f8976] 04:01:38.401 [ReconcilerExecutor-hivemq-controller-87] DEBUG c.h.p.o.h.HiveMQPlatformReconcilerErrorHandler - [helmcust] Pod 'test-hivemq-platform-0' condition 'ContainersReady': False
2025-01-30 04:01:38,404 INFO c.h.h.t.HelmChartContainer - [hivemq-test-hivemq-platform] [hivemq-platform-operator] [de7f8976] 04:01:38.401 [ReconcilerExecutor-hivemq-controller-87] DEBUG c.h.p.o.h.HiveMQPlatformReconcilerErrorHandler - [helmcust] Pod 'test-hivemq-platform-0' condition 'PodScheduled': True
2025-01-30 04:01:38,404 INFO c.h.h.t.HelmChartContainer - [hivemq-test-hivemq-platform] [hivemq-platform-operator] [de7f8976] 04:01:38.401 [ReconcilerExecutor-hivemq-controller-87] DEBUG c.h.p.o.h.HiveMQPlatformReconcilerErrorHandler - [helmcust] Pod 'test-hivemq-platform-0' containerStatus 'hivemq' (started: false) (ready: false) (waiting: [PodInitializing] null)
2025-01-30 04:01:38,404 INFO c.h.h.t.HelmChartContainer - [hivemq-test-hivemq-platform] [hivemq-platform-operator] [de7f8976] 04:01:38.402 [ReconcilerExecutor-hivemq-controller-87] INFO  c.h.p.o.h.HiveMQPlatformReconcilerBaseHandler - [helmcust] HiveMQ Platform is starting, 0 of 2 replicas are ready
2025-01-30 04:01:38,431 INFO c.h.h.t.HelmChartContainer - [EVENT] Normal [Started] Started container hivemq-platform-operator-init [helmcustomconfigit:test-hivemq-platform-0]
2025-01-30 04:01:39,297 INFO c.h.h.t.HelmChartContainer - [EVENT] Normal [Pulled] Container image "docker.io/hivemq/hivemq4:4.36.0" already present on machine [helmcustomconfigit:test-hivemq-platform-0]
2025-01-30 04:01:39,297 INFO c.h.h.t.HelmChartContainer - Received Pulled event for container hivemq in pod test-hivemq-platform-0 [5ec81d4c-f9cf-4f24-ba41-2c051593faf0]
2025-01-30 04:01:39,305 INFO c.h.h.t.HelmChartContainer - [POD] test-hivemq-platform-0 [5ec81d4c-f9cf-4f24-ba41-2c051593faf0] in helmcustomconfigit was MODIFIED
2025-01-30 04:01:39,326 INFO c.h.h.t.HelmChartContainer - [hivemq-test-hivemq-platform] [hivemq-platform-operator] [de7f8976] 04:01:39.321 [pool-6-thread-42] DEBUG c.h.p.o.d.PlatformServiceResource - [helmcust] Desired Platform services (3 services)
2025-01-30 04:01:39,330 INFO c.h.h.t.HelmChartContainer - [hivemq-test-hivemq-platform] [hivemq-platform-operator] [de7f8976] 04:01:39.323 [pool-6-thread-43] DEBUG c.h.p.o.dependants.PodInfoConfigMap - [helmcust] Desired PodInfo ConfigMap (1 extensions) (1 enabled)
2025-01-30 04:01:39,330 INFO c.h.h.t.HelmChartContainer - [hivemq-test-hivemq-platform] [hivemq-platform-operator] [de7f8976] 04:01:39.323 [pool-6-thread-43] DEBUG c.h.p.o.dependants.PodInfoConfigMap - [helmcust] Desired PodInfo ConfigMap (metrics port: 9399) (metrics path: /)
2025-01-30 04:01:39,330 INFO c.h.h.t.HelmChartContainer - [hivemq-test-hivemq-platform] [hivemq-platform-operator] [de7f8976] 04:01:39.323 [pool-6-thread-43] DEBUG c.h.p.o.dependants.PodInfoConfigMap - [helmcust] Desired PodInfo ConfigMap (extension state hash: -1817474005)
2025-01-30 04:01:39,331 INFO c.h.h.t.HelmChartContainer - [hivemq-test-hivemq-platform] [hivemq-platform-operator] [de7f8976] 04:01:39.327 [pool-6-thread-47] DEBUG c.h.p.o.d.PodServiceAccountResource - [helmcust] Desired PodServiceAccountResource (serviceAccountName: hivemq-platform-pod-test-hivemq-platform)
2025-01-30 04:01:39,408 INFO c.h.h.t.HelmChartContainer - [hivemq-test-hivemq-platform] [hivemq-platform-operator] [de7f8976] 04:01:39.404 [pool-6-thread-50] DEBUG c.h.p.o.d.StatefulSetResource - [helmcust] Desired StatefulSet (2 replicas) for status STARTING (READY)
2025-01-30 04:01:39,409 INFO c.h.h.t.HelmChartContainer - [hivemq-test-hivemq-platform] [hivemq-platform-operator] [de7f8976] 04:01:39.408 [ReconcilerExecutor-hivemq-controller-98] INFO  c.h.p.o.HiveMQPlatformReconciler - [helmcust] Reconciling HiveMQ Platform 'test-hivemq-platform' in namespace 'helmcustomconfigit'
2025-01-30 04:01:39,411 INFO c.h.h.t.HelmChartContainer - [hivemq-test-hivemq-platform] [hivemq-platform-operator] [de7f8976] 04:01:39.409 [ReconcilerExecutor-hivemq-controller-98] DEBUG c.h.p.o.HiveMQPlatformReconciler - [helmcust] Custom Resource Status STARTING - HiveMQ Platform is starting (READY)
2025-01-30 04:01:39,411 INFO c.h.h.t.HelmChartContainer - [hivemq-test-hivemq-platform] [hivemq-platform-operator] [de7f8976] 04:01:39.409 [ReconcilerExecutor-hivemq-controller-98] DEBUG c.h.p.o.HiveMQPlatformReconciler - [helmcust] Custom Resource Spec (replicas: 2) (extensions: 1)
2025-01-30 04:01:39,413 INFO c.h.h.t.HelmChartContainer - [hivemq-test-hivemq-platform] [hivemq-platform-operator] [de7f8976] 04:01:39.412 [ReconcilerExecutor-hivemq-controller-98] DEBUG c.h.p.o.HiveMQPlatformReconciler - [helmcust] StatefulSet Status (revision: test-hivemq-platform-86bfbd5557, replicas: 1, available: 0, ready: 0, current: 1, updated: 1)
2025-01-30 04:01:39,415 INFO c.h.h.t.HelmChartContainer - [hivemq-test-hivemq-platform] [hivemq-platform-operator] [de7f8976] 04:01:39.412 [ReconcilerExecutor-hivemq-controller-98] DEBUG c.h.p.o.HiveMQPlatformReconciler - [helmcust] StatefulSet Spec (replicas: 2, init containers: 1, containers: 1, volumes: 3)
2025-01-30 04:01:39,417 INFO c.h.h.t.HelmChartContainer - [hivemq-test-hivemq-platform] [hivemq-platform-operator] [de7f8976] 04:01:39.416 [ReconcilerExecutor-hivemq-controller-98] DEBUG c.h.p.o.h.HiveMQPlatformReconcilerErrorHandler - [helmcust] Pod 'test-hivemq-platform-0' phase Pending
2025-01-30 04:01:39,418 INFO c.h.h.t.HelmChartContainer - [hivemq-test-hivemq-platform] [hivemq-platform-operator] [de7f8976] 04:01:39.417 [ReconcilerExecutor-hivemq-controller-98] DEBUG c.h.p.o.h.HiveMQPlatformReconcilerErrorHandler - [helmcust] Pod 'test-hivemq-platform-0' condition 'PodReadyToStartContainers': True
2025-01-30 04:01:39,419 INFO c.h.h.t.HelmChartContainer - [hivemq-test-hivemq-platform] [hivemq-platform-operator] [de7f8976] 04:01:39.417 [ReconcilerExecutor-hivemq-controller-98] DEBUG c.h.p.o.h.HiveMQPlatformReconcilerErrorHandler - [helmcust] Pod 'test-hivemq-platform-0' condition 'Initialized': True
2025-01-30 04:01:39,419 INFO c.h.h.t.HelmChartContainer - [hivemq-test-hivemq-platform] [hivemq-platform-operator] [de7f8976] 04:01:39.417 [ReconcilerExecutor-hivemq-controller-98] DEBUG c.h.p.o.h.HiveMQPlatformReconcilerErrorHandler - [helmcust] Pod 'test-hivemq-platform-0' condition 'Ready': False
2025-01-30 04:01:39,419 INFO c.h.h.t.HelmChartContainer - [hivemq-test-hivemq-platform] [hivemq-platform-operator] [de7f8976] 04:01:39.417 [ReconcilerExecutor-hivemq-controller-98] DEBUG c.h.p.o.h.HiveMQPlatformReconcilerErrorHandler - [helmcust] Pod 'test-hivemq-platform-0' condition 'ContainersReady': False
2025-01-30 04:01:39,419 INFO c.h.h.t.HelmChartContainer - [hivemq-test-hivemq-platform] [hivemq-platform-operator] [de7f8976] 04:01:39.417 [ReconcilerExecutor-hivemq-controller-98] DEBUG c.h.p.o.h.HiveMQPlatformReconcilerErrorHandler - [helmcust] Pod 'test-hivemq-platform-0' condition 'PodScheduled': True
2025-01-30 04:01:39,419 INFO c.h.h.t.HelmChartContainer - [hivemq-test-hivemq-platform] [hivemq-platform-operator] [de7f8976] 04:01:39.417 [ReconcilerExecutor-hivemq-controller-98] DEBUG c.h.p.o.h.HiveMQPlatformReconcilerErrorHandler - [helmcust] Pod 'test-hivemq-platform-0' containerStatus 'hivemq' (started: false) (ready: false) (waiting: [PodInitializing] null)
2025-01-30 04:01:39,419 INFO c.h.h.t.HelmChartContainer - [hivemq-test-hivemq-platform] [hivemq-platform-operator] [de7f8976] 04:01:39.418 [ReconcilerExecutor-hivemq-controller-98] INFO  c.h.p.o.h.HiveMQPlatformReconcilerBaseHandler - [helmcust] HiveMQ Platform is starting, 0 of 2 replicas are ready
2025-01-30 04:01:40,535 INFO c.h.h.t.HelmChartContainer - [EVENT] Normal [Created] Created container: hivemq [helmcustomconfigit:test-hivemq-platform-0]
2025-01-30 04:01:40,535 INFO c.h.h.t.HelmChartContainer - Received Created event for container hivemq in pod test-hivemq-platform-0 [5ec81d4c-f9cf-4f24-ba41-2c051593faf0]
2025-01-30 04:01:41,304 INFO c.h.h.t.HelmChartContainer - [POD] test-hivemq-platform-0 [5ec81d4c-f9cf-4f24-ba41-2c051593faf0] in helmcustomconfigit was MODIFIED
2025-01-30 04:01:41,312 INFO c.h.h.t.HelmChartContainer - [EVENT] Normal [Started] Started container hivemq [helmcustomconfigit:test-hivemq-platform-0]
2025-01-30 04:01:41,312 INFO c.h.h.t.HelmChartContainer - Started log watcher for hivemq in pod test-hivemq-platform-0 [5ec81d4c-f9cf-4f24-ba41-2c051593faf0]
2025-01-30 04:01:41,312 INFO c.h.h.t.HelmChartContainer - [test-hivemq-platform] [hivemq] [5ec81d4c] Adding pre-installed HiveMQ Platform Operator extensions
2025-01-30 04:01:41,313 INFO c.h.h.t.HelmChartContainer - Received Started event for container hivemq in pod test-hivemq-platform-0 [5ec81d4c-f9cf-4f24-ba41-2c051593faf0]
2025-01-30 04:01:41,314 INFO c.h.h.t.HelmChartContainer - [test-hivemq-platform] [hivemq] [5ec81d4c] Running as user 10000
2025-01-30 04:01:41,314 INFO c.h.h.t.HelmChartContainer - [test-hivemq-platform] [hivemq] [5ec81d4c] Starting HiveMQ Platform Operator Init
2025-01-30 04:01:41,319 INFO c.h.h.t.HelmChartContainer - [hivemq-test-hivemq-platform] [hivemq-platform-operator] [de7f8976] 04:01:41.316 [pool-6-thread-5] DEBUG c.h.p.o.d.PlatformServiceResource - [helmcust] Desired Platform services (3 services)
2025-01-30 04:01:41,321 INFO c.h.h.t.HelmChartContainer - [hivemq-test-hivemq-platform] [hivemq-platform-operator] [de7f8976] 04:01:41.320 [pool-6-thread-3] DEBUG c.h.p.o.dependants.PodInfoConfigMap - [helmcust] Desired PodInfo ConfigMap (1 extensions) (1 enabled)
2025-01-30 04:01:41,322 INFO c.h.h.t.HelmChartContainer - [hivemq-test-hivemq-platform] [hivemq-platform-operator] [de7f8976] 04:01:41.320 [pool-6-thread-3] DEBUG c.h.p.o.dependants.PodInfoConfigMap - [helmcust] Desired PodInfo ConfigMap (metrics port: 9399) (metrics path: /)
2025-01-30 04:01:41,322 INFO c.h.h.t.HelmChartContainer - [hivemq-test-hivemq-platform] [hivemq-platform-operator] [de7f8976] 04:01:41.320 [pool-6-thread-3] DEBUG c.h.p.o.dependants.PodInfoConfigMap - [helmcust] Desired PodInfo ConfigMap (extension state hash: -1817474005)
2025-01-30 04:01:41,324 INFO c.h.h.t.HelmChartContainer - [hivemq-test-hivemq-platform] [hivemq-platform-operator] [de7f8976] 04:01:41.323 [pool-6-thread-2] DEBUG c.h.p.o.d.PodServiceAccountResource - [helmcust] Desired PodServiceAccountResource (serviceAccountName: hivemq-platform-pod-test-hivemq-platform)
2025-01-30 04:01:41,330 INFO c.h.h.t.HelmChartContainer - [hivemq-test-hivemq-platform] [hivemq-platform-operator] [de7f8976] 04:01:41.330 [pool-6-thread-5] DEBUG c.h.p.o.d.StatefulSetResource - [helmcust] Desired StatefulSet (2 replicas) for status STARTING (READY)
2025-01-30 04:01:41,403 INFO c.h.h.t.HelmChartContainer - [hivemq-test-hivemq-platform] [hivemq-platform-operator] [de7f8976] 04:01:41.401 [ReconcilerExecutor-hivemq-controller-109] INFO  c.h.p.o.HiveMQPlatformReconciler - [helmcust] Reconciling HiveMQ Platform 'test-hivemq-platform' in namespace 'helmcustomconfigit'
2025-01-30 04:01:41,403 INFO c.h.h.t.HelmChartContainer - [hivemq-test-hivemq-platform] [hivemq-platform-operator] [de7f8976] 04:01:41.402 [ReconcilerExecutor-hivemq-controller-109] DEBUG c.h.p.o.HiveMQPlatformReconciler - [helmcust] Custom Resource Status STARTING - HiveMQ Platform is starting (READY)
2025-01-30 04:01:41,403 INFO c.h.h.t.HelmChartContainer - [hivemq-test-hivemq-platform] [hivemq-platform-operator] [de7f8976] 04:01:41.402 [ReconcilerExecutor-hivemq-controller-109] DEBUG c.h.p.o.HiveMQPlatformReconciler - [helmcust] Custom Resource Spec (replicas: 2) (extensions: 1)
2025-01-30 04:01:41,406 INFO c.h.h.t.HelmChartContainer - [hivemq-test-hivemq-platform] [hivemq-platform-operator] [de7f8976] 04:01:41.404 [ReconcilerExecutor-hivemq-controller-109] DEBUG c.h.p.o.HiveMQPlatformReconciler - [helmcust] StatefulSet Status (revision: test-hivemq-platform-86bfbd5557, replicas: 1, available: 0, ready: 0, current: 1, updated: 1)
2025-01-30 04:01:41,408 INFO c.h.h.t.HelmChartContainer - [hivemq-test-hivemq-platform] [hivemq-platform-operator] [de7f8976] 04:01:41.404 [ReconcilerExecutor-hivemq-controller-109] DEBUG c.h.p.o.HiveMQPlatformReconciler - [helmcust] StatefulSet Spec (replicas: 2, init containers: 1, containers: 1, volumes: 3)
2025-01-30 04:01:41,410 INFO c.h.h.t.HelmChartContainer - [hivemq-test-hivemq-platform] [hivemq-platform-operator] [de7f8976] 04:01:41.407 [ReconcilerExecutor-hivemq-controller-109] DEBUG c.h.p.o.h.HiveMQPlatformReconcilerErrorHandler - [helmcust] Pod 'test-hivemq-platform-0' phase Running
2025-01-30 04:01:41,410 INFO c.h.h.t.HelmChartContainer - [hivemq-test-hivemq-platform] [hivemq-platform-operator] [de7f8976] 04:01:41.408 [ReconcilerExecutor-hivemq-controller-109] INFO  c.h.p.o.h.HiveMQPlatformReconcilerBaseHandler - [helmcust] HiveMQ Platform is starting, 0 of 2 replicas are ready
2025-01-30 04:01:41,682 INFO c.h.h.t.HelmChartContainer - [test-hivemq-platform] [hivemq] [5ec81d4c] INFO  - [HiveMQ Platform Operator Init 1.7.0-SNAPSHOT] HiveMQ Platform Operator Init 1.7.0-SNAPSHOT (commit: 47e3375 on branch: HEAD) built on Thu Jan 30 03:55:50 UTC 2025
2025-01-30 04:01:42,859 INFO c.h.h.t.HelmChartContainer - [test-hivemq-platform] [hivemq] [5ec81d4c] INFO  - [HiveMQ Platform Operator Init App 1.7.0-SNAPSHOT] Using bind address 10.42.0.8 from environment variable
2025-01-30 04:01:43,786 INFO c.h.h.t.HelmChartContainer - [test-hivemq-platform] [hivemq] [5ec81d4c] INFO  - [HiveMQ Platform Operator Init App 1.7.0-SNAPSHOT] HiveMQ Platform Operator Init App 1.7.0-SNAPSHOT (commit: 47e3375 on branch: HEAD) built on Thu Jan 30 03:55:50 UTC 2025
2025-01-30 04:01:43,787 INFO c.h.h.t.HelmChartContainer - [test-hivemq-platform] [hivemq] [5ec81d4c] INFO  - [HiveMQ Platform Operator Init App 1.7.0-SNAPSHOT] PodInfo ConfigMap directory: /etc/podinfo
2025-01-30 04:01:43,787 INFO c.h.h.t.HelmChartContainer - [test-hivemq-platform] [hivemq] [5ec81d4c] INFO  - [HiveMQ Platform Operator Init App 1.7.0-SNAPSHOT] HiveMQ home directory: /opt/hivemq
2025-01-30 04:01:43,787 INFO c.h.h.t.HelmChartContainer - [test-hivemq-platform] [hivemq] [5ec81d4c] INFO  - [HiveMQ Platform Operator Init App 1.7.0-SNAPSHOT] HiveMQ Logback folder: /opt/hivemq/conf
2025-01-30 04:01:43,787 INFO c.h.h.t.HelmChartContainer - [test-hivemq-platform] [hivemq] [5ec81d4c] INFO  - [HiveMQ Platform Operator Init App 1.7.0-SNAPSHOT] HiveMQ Config folder: /opt/hivemq/conf-k8s
2025-01-30 04:01:43,787 INFO c.h.h.t.HelmChartContainer - [test-hivemq-platform] [hivemq] [5ec81d4c] INFO  - [HiveMQ Platform Operator Init App 1.7.0-SNAPSHOT] Starting HiveMQ Platform Operator Init App
2025-01-30 04:01:43,787 INFO c.h.h.t.HelmChartContainer - [test-hivemq-platform] [hivemq] [5ec81d4c] INFO  - [HiveMQ Platform Operator Init App 1.7.0-SNAPSHOT] Starting Pod reconciler
2025-01-30 04:01:44,979 INFO c.h.h.t.HelmChartContainer - [test-hivemq-platform] [hivemq] [5ec81d4c] INFO  - [HiveMQ Platform Operator Init App 1.7.0-SNAPSHOT] Pod reconciler is scheduled (interval: 5000 ms)
2025-01-30 04:01:44,980 INFO c.h.h.t.HelmChartContainer - [test-hivemq-platform] [hivemq] [5ec81d4c] INFO  - [HiveMQ Platform Operator Init App 1.7.0-SNAPSHOT] Starting the REST API on 10.42.0.8:7979
2025-01-30 04:01:44,983 INFO c.h.h.t.HelmChartContainer - [test-hivemq-platform] [hivemq] [5ec81d4c] INFO  - [HiveMQ Platform Operator Init App 1.7.0-SNAPSHOT] Waiting up to 600s for at most 2 HiveMQ nodes in cluster service hivemq-test-hivemq-platform-cluster.helmcustomconfigit.svc
2025-01-30 04:01:45,291 INFO c.h.h.t.HelmChartContainer - [test-hivemq-platform] [hivemq] [5ec81d4c] INFO  - [HiveMQ Platform Operator Init App 1.7.0-SNAPSHOT] Resolved 1 IP addresses: [10.42.0.8]
2025-01-30 04:01:45,291 INFO c.h.h.t.HelmChartContainer - [test-hivemq-platform] [hivemq] [5ec81d4c] INFO  - [HiveMQ Platform Operator Init App 1.7.0-SNAPSHOT] HiveMQ node count of 1 is within threshold of 2
2025-01-30 04:01:45,291 INFO c.h.h.t.HelmChartContainer - [test-hivemq-platform] [hivemq] [5ec81d4c] INFO  - [HiveMQ Platform Operator Init App 1.7.0-SNAPSHOT] Proceeding with container start
2025-01-30 04:01:45,391 INFO c.h.h.t.HelmChartContainer - [test-hivemq-platform] [hivemq] [5ec81d4c] INFO  - [HiveMQ Platform Operator Init App 1.7.0-SNAPSHOT] Initializing HiveMQ Platform extensions with initial configuration: {hivemq-allow-all-extension={start-priority=-1, skip-https-hostname-verification=false, restart=true, config-version=0, header-version=0, c-uri=, priority=-1, uri=preinstalled, skip-https-certificate-validation=false, enabled=true}, hivemq-prometheus-extension={restart=true, priority=-1, start-priority=-1, c-uri=, skip-https-hostname-verification=false, skip-https-certificate-validation=false, uri=preinstalled, request-header-path=no-request-headers, enabled=true}}
2025-01-30 04:01:45,849 INFO c.h.h.t.HelmChartContainer - [test-hivemq-platform] [hivemq] [5ec81d4c] INFO  - [HiveMQ Platform Operator Init App 1.7.0-SNAPSHOT] Extension hivemq-allow-all-extension was already enabled
2025-01-30 04:01:45,878 INFO c.h.h.t.HelmChartContainer - [test-hivemq-platform] [hivemq] [5ec81d4c] INFO  - [HiveMQ Platform Operator Init App 1.7.0-SNAPSHOT] Successfully enabled extension hivemq-prometheus-extension
2025-01-30 04:01:45,880 INFO c.h.h.t.HelmChartContainer - [test-hivemq-platform] [hivemq] [5ec81d4c] INFO  - [HiveMQ Platform Operator Init App 1.7.0-SNAPSHOT] Starting HiveMQ Platform version 4.36.0 (4.36.0)
2025-01-30 04:01:45,880 INFO c.h.h.t.HelmChartContainer - [test-hivemq-platform] [hivemq] [5ec81d4c] INFO  - [HiveMQ Platform Operator Init App 1.7.0-SNAPSHOT] Configuring the HiveMQ Platform
2025-01-30 04:01:45,951 INFO c.h.h.t.HelmChartContainer - [test-hivemq-platform] [hivemq] [5ec81d4c] INFO  - [HiveMQ Platform Operator Init App 1.7.0-SNAPSHOT] Changed logback.xml file scan period to 20 seconds
2025-01-30 04:01:45,985 INFO c.h.h.t.HelmChartContainer - [test-hivemq-platform] [hivemq] [5ec81d4c] INFO  - [HiveMQ Platform Operator Init App 1.7.0-SNAPSHOT] Starting the HiveMQ Platform
2025-01-30 04:01:45,988 INFO c.h.h.t.HelmChartContainer - [test-hivemq-platform] [hivemq] [5ec81d4c] -------------------------------------------------------------------------
2025-01-30 04:01:45,988 INFO c.h.h.t.HelmChartContainer - [test-hivemq-platform] [hivemq] [5ec81d4c] 
2025-01-30 04:01:45,988 INFO c.h.h.t.HelmChartContainer - [test-hivemq-platform] [hivemq] [5ec81d4c]                   _    _  _              __  __   ____
2025-01-30 04:01:45,988 INFO c.h.h.t.HelmChartContainer - [test-hivemq-platform] [hivemq] [5ec81d4c]                  | |  | |(_)            |  \/  | / __ \
2025-01-30 04:01:45,988 INFO c.h.h.t.HelmChartContainer - [test-hivemq-platform] [hivemq] [5ec81d4c]                  | |__| | _ __   __ ___ | \  / || |  | |
2025-01-30 04:01:45,988 INFO c.h.h.t.HelmChartContainer - [test-hivemq-platform] [hivemq] [5ec81d4c]                  |  __  || |\ \ / // _ \| |\/| || |  | |
2025-01-30 04:01:45,988 INFO c.h.h.t.HelmChartContainer - [test-hivemq-platform] [hivemq] [5ec81d4c]                  | |  | || | \ V /|  __/| |  | || |__| |
2025-01-30 04:01:45,988 INFO c.h.h.t.HelmChartContainer - [test-hivemq-platform] [hivemq] [5ec81d4c]                  |_|  |_||_|  \_/  \___||_|  |_| \___\_\
2025-01-30 04:01:45,988 INFO c.h.h.t.HelmChartContainer - [test-hivemq-platform] [hivemq] [5ec81d4c] 
2025-01-30 04:01:45,988 INFO c.h.h.t.HelmChartContainer - [test-hivemq-platform] [hivemq] [5ec81d4c] -------------------------------------------------------------------------
2025-01-30 04:01:45,988 INFO c.h.h.t.HelmChartContainer - [test-hivemq-platform] [hivemq] [5ec81d4c] 
2025-01-30 04:01:45,988 INFO c.h.h.t.HelmChartContainer - [test-hivemq-platform] [hivemq] [5ec81d4c]   HiveMQ Start Script for Linux/Unix v1.14
2025-01-30 04:01:45,988 INFO c.h.h.t.HelmChartContainer - [test-hivemq-platform] [hivemq] [5ec81d4c] 
2025-01-30 04:01:46,097 INFO c.h.h.t.HelmChartContainer - [test-hivemq-platform] [hivemq] [5ec81d4c] -------------------------------------------------------------------------
2025-01-30 04:01:46,097 INFO c.h.h.t.HelmChartContainer - [test-hivemq-platform] [hivemq] [5ec81d4c] 
2025-01-30 04:01:46,097 INFO c.h.h.t.HelmChartContainer - [test-hivemq-platform] [hivemq] [5ec81d4c]   HIVEMQ_HOME: /opt/hivemq
2025-01-30 04:01:46,097 INFO c.h.h.t.HelmChartContainer - [test-hivemq-platform] [hivemq] [5ec81d4c] 
2025-01-30 04:01:46,097 INFO c.h.h.t.HelmChartContainer - [test-hivemq-platform] [hivemq] [5ec81d4c]   JAVA_OPTS: -XX:+UnlockExperimentalVMOptions -XX:InitialRAMPercentage=50 -XX:MaxRAMPercentage=50 -Djava.net.preferIPv4Stack=true --add-opens java.base/java.lang=ALL-UNNAMED --add-opens java.base/java.nio=ALL-UNNAMED --add-opens java.base/sun.nio.ch=ALL-UNNAMED --add-opens jdk.management/com.sun.management.internal=ALL-UNNAMED --add-exports java.base/jdk.internal.misc=ALL-UNNAMED -Djava.security.egd=file:/dev/./urandom -Dcom.sun.management.jmxremote -Dcom.sun.management.jmxremote.port=9010 -Dcom.sun.management.jmxremote.local.only=false -Dcom.sun.management.jmxremote.authenticate=false -Dcom.sun.management.jmxremote.ssl=false -Duser.language=en -Duser.region=US -XX:+CrashOnOutOfMemoryError -XX:+HeapDumpOnOutOfMemoryError
2025-01-30 04:01:46,097 INFO c.h.h.t.HelmChartContainer - [test-hivemq-platform] [hivemq] [5ec81d4c] 
2025-01-30 04:01:46,097 INFO c.h.h.t.HelmChartContainer - [test-hivemq-platform] [hivemq] [5ec81d4c]   JAVA_VERSION: 21
2025-01-30 04:01:46,097 INFO c.h.h.t.HelmChartContainer - [test-hivemq-platform] [hivemq] [5ec81d4c] 
2025-01-30 04:01:46,097 INFO c.h.h.t.HelmChartContainer - [test-hivemq-platform] [hivemq] [5ec81d4c] -------------------------------------------------------------------------
2025-01-30 04:01:46,097 INFO c.h.h.t.HelmChartContainer - [test-hivemq-platform] [hivemq] [5ec81d4c] 
2025-01-30 04:01:47,382 INFO c.h.h.t.HelmChartContainer - [test-hivemq-platform] [hivemq] [5ec81d4c] INFO  - [HiveMQ Platform Operator Init App 1.7.0-SNAPSHOT] Returning default Health API response 503 for readiness
2025-01-30 04:01:47,787 INFO c.h.h.t.HelmChartContainer - [EVENT] Warning [Unhealthy] Readiness probe failed: HTTP probe failed with statuscode: 503 [helmcustomconfigit:test-hivemq-platform-0]
2025-01-30 04:01:47,787 INFO c.h.h.t.HelmChartContainer - Received Unhealthy event for container hivemq in pod test-hivemq-platform-0 [5ec81d4c-f9cf-4f24-ba41-2c051593faf0]
2025-01-30 04:01:48,013 INFO c.h.h.t.HelmChartContainer - [K3S] [scope.go:117] "RemoveContainer" containerID="4454df54b3fdd79fb8ef900a3682eb0922fdfaf9040b43fe467dc1de0548caaf"
2025-01-30 04:01:48,881 INFO c.h.h.t.HelmChartContainer - [test-hivemq-platform] [hivemq] [5ec81d4c] INFO  - Starting HiveMQ Enterprise Server
2025-01-30 04:01:48,887 INFO c.h.h.t.HelmChartContainer - [test-hivemq-platform] [hivemq] [5ec81d4c] INFO  - HiveMQ version: 4.36.0
2025-01-30 04:01:48,887 INFO c.h.h.t.HelmChartContainer - [test-hivemq-platform] [hivemq] [5ec81d4c] INFO  - HiveMQ home directory: /opt/hivemq
2025-01-30 04:01:48,888 INFO c.h.h.t.HelmChartContainer - [test-hivemq-platform] [hivemq] [5ec81d4c] INFO  - Log Configuration was overridden by /opt/hivemq/conf/logback.xml
2025-01-30 04:01:50,749 INFO c.h.h.t.HelmChartContainer - [test-hivemq-platform] [hivemq] [5ec81d4c] INFO  - Successfully loaded configuration from '/opt/hivemq/conf-k8s/config.xml'.
2025-01-30 04:01:51,416 INFO c.h.h.t.HelmChartContainer - [hivemq-test-hivemq-platform] [hivemq-platform-operator] [de7f8976] 04:01:51.414 [pool-6-thread-11] DEBUG c.h.p.o.dependants.PodInfoConfigMap - [helmcust] Desired PodInfo ConfigMap (1 extensions) (1 enabled)
2025-01-30 04:01:51,416 INFO c.h.h.t.HelmChartContainer - [hivemq-test-hivemq-platform] [hivemq-platform-operator] [de7f8976] 04:01:51.414 [pool-6-thread-11] DEBUG c.h.p.o.dependants.PodInfoConfigMap - [helmcust] Desired PodInfo ConfigMap (metrics port: 9399) (metrics path: /)
2025-01-30 04:01:51,416 INFO c.h.h.t.HelmChartContainer - [hivemq-test-hivemq-platform] [hivemq-platform-operator] [de7f8976] 04:01:51.414 [pool-6-thread-11] DEBUG c.h.p.o.dependants.PodInfoConfigMap - [helmcust] Desired PodInfo ConfigMap (extension state hash: -1817474005)
2025-01-30 04:01:51,417 INFO c.h.h.t.HelmChartContainer - [hivemq-test-hivemq-platform] [hivemq-platform-operator] [de7f8976] 04:01:51.415 [pool-6-thread-19] DEBUG c.h.p.o.d.PodServiceAccountResource - [helmcust] Desired PodServiceAccountResource (serviceAccountName: hivemq-platform-pod-test-hivemq-platform)
2025-01-30 04:01:51,417 INFO c.h.h.t.HelmChartContainer - [hivemq-test-hivemq-platform] [hivemq-platform-operator] [de7f8976] 04:01:51.416 [pool-6-thread-14] DEBUG c.h.p.o.d.PlatformServiceResource - [helmcust] Desired Platform services (3 services)
2025-01-30 04:01:51,422 INFO c.h.h.t.HelmChartContainer - [hivemq-test-hivemq-platform] [hivemq-platform-operator] [de7f8976] 04:01:51.421 [pool-6-thread-14] DEBUG c.h.p.o.d.StatefulSetResource - [helmcust] Desired StatefulSet (2 replicas) for status STARTING (READY)
2025-01-30 04:01:51,425 INFO c.h.h.t.HelmChartContainer - [hivemq-test-hivemq-platform] [hivemq-platform-operator] [de7f8976] 04:01:51.424 [ReconcilerExecutor-hivemq-controller-110] INFO  c.h.p.o.HiveMQPlatformReconciler - [helmcust] Reconciling HiveMQ Platform 'test-hivemq-platform' in namespace 'helmcustomconfigit'
2025-01-30 04:01:51,425 INFO c.h.h.t.HelmChartContainer - [hivemq-test-hivemq-platform] [hivemq-platform-operator] [de7f8976] 04:01:51.424 [ReconcilerExecutor-hivemq-controller-110] DEBUG c.h.p.o.HiveMQPlatformReconciler - [helmcust] Custom Resource Status STARTING - HiveMQ Platform is starting (READY)
2025-01-30 04:01:51,425 INFO c.h.h.t.HelmChartContainer - [hivemq-test-hivemq-platform] [hivemq-platform-operator] [de7f8976] 04:01:51.424 [ReconcilerExecutor-hivemq-controller-110] DEBUG c.h.p.o.HiveMQPlatformReconciler - [helmcust] Custom Resource Spec (replicas: 2) (extensions: 1)
2025-01-30 04:01:51,426 INFO c.h.h.t.HelmChartContainer - [hivemq-test-hivemq-platform] [hivemq-platform-operator] [de7f8976] 04:01:51.426 [ReconcilerExecutor-hivemq-controller-110] DEBUG c.h.p.o.HiveMQPlatformReconciler - [helmcust] StatefulSet Status (revision: test-hivemq-platform-86bfbd5557, replicas: 1, available: 0, ready: 0, current: 1, updated: 1)
2025-01-30 04:01:51,427 INFO c.h.h.t.HelmChartContainer - [hivemq-test-hivemq-platform] [hivemq-platform-operator] [de7f8976] 04:01:51.426 [ReconcilerExecutor-hivemq-controller-110] DEBUG c.h.p.o.HiveMQPlatformReconciler - [helmcust] StatefulSet Spec (replicas: 2, init containers: 1, containers: 1, volumes: 3)
2025-01-30 04:01:51,428 INFO c.h.h.t.HelmChartContainer - [hivemq-test-hivemq-platform] [hivemq-platform-operator] [de7f8976] 04:01:51.428 [ReconcilerExecutor-hivemq-controller-110] DEBUG c.h.p.o.h.HiveMQPlatformReconcilerErrorHandler - [helmcust] Pod 'test-hivemq-platform-0' phase Running
2025-01-30 04:01:51,429 INFO c.h.h.t.HelmChartContainer - [hivemq-test-hivemq-platform] [hivemq-platform-operator] [de7f8976] 04:01:51.428 [ReconcilerExecutor-hivemq-controller-110] INFO  c.h.p.o.h.HiveMQPlatformReconcilerBaseHandler - [helmcust] HiveMQ Platform is starting, 0 of 2 replicas are ready
2025-01-30 04:01:51,685 INFO c.h.h.t.HelmChartContainer - [test-hivemq-platform] [hivemq] [5ec81d4c] INFO  - This node's ID is sxsKD
2025-01-30 04:01:51,685 INFO c.h.h.t.HelmChartContainer - [test-hivemq-platform] [hivemq] [5ec81d4c] INFO  - Clustering is enabled
2025-01-30 04:01:52,884 INFO c.h.h.t.HelmChartContainer - [test-hivemq-platform] [hivemq] [5ec81d4c] WARN  - [HiveMQ Platform Operator Init App 1.7.0-SNAPSHOT] Cannot connect to Health API for readiness: null
2025-01-30 04:01:52,885 INFO c.h.h.t.HelmChartContainer - [EVENT] Warning [Unhealthy] Readiness probe failed: HTTP probe failed with statuscode: 503 [helmcustomconfigit:test-hivemq-platform-0]
2025-01-30 04:01:52,885 INFO c.h.h.t.HelmChartContainer - Received Unhealthy event for container hivemq in pod test-hivemq-platform-0 [5ec81d4c-f9cf-4f24-ba41-2c051593faf0]
2025-01-30 04:01:55,283 INFO c.h.h.t.HelmChartContainer - [test-hivemq-platform] [hivemq] [5ec81d4c] Jan 30, 2025 4:01:55 AM io.vertx.core.impl.BlockedThreadChecker
2025-01-30 04:01:55,285 INFO c.h.h.t.HelmChartContainer - [test-hivemq-platform] [hivemq] [5ec81d4c] WARNING: Thread Thread[vert.x-eventloop-thread-1,5,main] has been blocked for 2587 ms, time limit is 2000 ms
2025-01-30 04:01:55,779 INFO c.h.h.t.HelmChartContainer - [test-hivemq-platform] [hivemq] [5ec81d4c] INFO  - [HiveMQ Platform Operator Init App 1.7.0-SNAPSHOT] Updating Pod HiveMQ Platform Operator Init App version annotation (version: 1.7.0-SNAPSHOT)
2025-01-30 04:01:56,396 INFO c.h.h.t.HelmChartContainer - [POD] test-hivemq-platform-0 [5ec81d4c-f9cf-4f24-ba41-2c051593faf0] in helmcustomconfigit was MODIFIED
2025-01-30 04:01:56,407 INFO c.h.h.t.HelmChartContainer - [hivemq-test-hivemq-platform] [hivemq-platform-operator] [de7f8976] 04:01:56.405 [pool-6-thread-26] DEBUG c.h.p.o.dependants.PodInfoConfigMap - [helmcust] Desired PodInfo ConfigMap (1 extensions) (1 enabled)
2025-01-30 04:01:56,407 INFO c.h.h.t.HelmChartContainer - [hivemq-test-hivemq-platform] [hivemq-platform-operator] [de7f8976] 04:01:56.405 [pool-6-thread-26] DEBUG c.h.p.o.dependants.PodInfoConfigMap - [helmcust] Desired PodInfo ConfigMap (metrics port: 9399) (metrics path: /)
2025-01-30 04:01:56,407 INFO c.h.h.t.HelmChartContainer - [hivemq-test-hivemq-platform] [hivemq-platform-operator] [de7f8976] 04:01:56.405 [pool-6-thread-26] DEBUG c.h.p.o.dependants.PodInfoConfigMap - [helmcust] Desired PodInfo ConfigMap (extension state hash: -1817474005)
2025-01-30 04:01:56,407 INFO c.h.h.t.HelmChartContainer - [hivemq-test-hivemq-platform] [hivemq-platform-operator] [de7f8976] 04:01:56.406 [pool-6-thread-22] DEBUG c.h.p.o.d.PodServiceAccountResource - [helmcust] Desired PodServiceAccountResource (serviceAccountName: hivemq-platform-pod-test-hivemq-platform)
2025-01-30 04:01:56,409 INFO c.h.h.t.HelmChartContainer - [hivemq-test-hivemq-platform] [hivemq-platform-operator] [de7f8976] 04:01:56.407 [pool-6-thread-27] DEBUG c.h.p.o.d.PlatformServiceResource - [helmcust] Desired Platform services (3 services)
2025-01-30 04:01:56,414 INFO c.h.h.t.HelmChartContainer - [hivemq-test-hivemq-platform] [hivemq-platform-operator] [de7f8976] 04:01:56.414 [pool-6-thread-27] DEBUG c.h.p.o.d.StatefulSetResource - [helmcust] Desired StatefulSet (2 replicas) for status STARTING (READY)
2025-01-30 04:01:56,480 INFO c.h.h.t.HelmChartContainer - [hivemq-test-hivemq-platform] [hivemq-platform-operator] [de7f8976] 04:01:56.479 [ReconcilerExecutor-hivemq-controller-111] INFO  c.h.p.o.HiveMQPlatformReconciler - [helmcust] Reconciling HiveMQ Platform 'test-hivemq-platform' in namespace 'helmcustomconfigit'
2025-01-30 04:01:56,483 INFO c.h.h.t.HelmChartContainer - [hivemq-test-hivemq-platform] [hivemq-platform-operator] [de7f8976] 04:01:56.479 [ReconcilerExecutor-hivemq-controller-111] DEBUG c.h.p.o.HiveMQPlatformReconciler - [helmcust] Custom Resource Status STARTING - HiveMQ Platform is starting (READY)
2025-01-30 04:01:56,483 INFO c.h.h.t.HelmChartContainer - [hivemq-test-hivemq-platform] [hivemq-platform-operator] [de7f8976] 04:01:56.479 [ReconcilerExecutor-hivemq-controller-111] DEBUG c.h.p.o.HiveMQPlatformReconciler - [helmcust] Custom Resource Spec (replicas: 2) (extensions: 1)
2025-01-30 04:01:56,486 INFO c.h.h.t.HelmChartContainer - [hivemq-test-hivemq-platform] [hivemq-platform-operator] [de7f8976] 04:01:56.484 [ReconcilerExecutor-hivemq-controller-111] DEBUG c.h.p.o.HiveMQPlatformReconciler - [helmcust] StatefulSet Status (revision: test-hivemq-platform-86bfbd5557, replicas: 1, available: 0, ready: 0, current: 1, updated: 1)
2025-01-30 04:01:56,490 INFO c.h.h.t.HelmChartContainer - [test-hivemq-platform] [hivemq] [5ec81d4c] WARN  - [HiveMQ Platform Operator Init App 1.7.0-SNAPSHOT] Cannot connect to Health API for readiness: null
2025-01-30 04:01:56,495 INFO c.h.h.t.HelmChartContainer - [EVENT] Warning [Unhealthy] Readiness probe failed: HTTP probe failed with statuscode: 503 [helmcustomconfigit:test-hivemq-platform-0]
2025-01-30 04:01:56,495 INFO c.h.h.t.HelmChartContainer - Received Unhealthy event for container hivemq in pod test-hivemq-platform-0 [5ec81d4c-f9cf-4f24-ba41-2c051593faf0]
2025-01-30 04:01:56,503 INFO c.h.h.t.HelmChartContainer - [hivemq-test-hivemq-platform] [hivemq-platform-operator] [de7f8976] 04:01:56.500 [ReconcilerExecutor-hivemq-controller-111] DEBUG c.h.p.o.HiveMQPlatformReconciler - [helmcust] StatefulSet Spec (replicas: 2, init containers: 1, containers: 1, volumes: 3)
2025-01-30 04:01:56,503 INFO c.h.h.t.HelmChartContainer - [hivemq-test-hivemq-platform] [hivemq-platform-operator] [de7f8976] 04:01:56.502 [ReconcilerExecutor-hivemq-controller-111] DEBUG c.h.p.o.h.HiveMQPlatformReconcilerErrorHandler - [helmcust] Pod 'test-hivemq-platform-0' phase Running
2025-01-30 04:01:56,504 INFO c.h.h.t.HelmChartContainer - [hivemq-test-hivemq-platform] [hivemq-platform-operator] [de7f8976] 04:01:56.503 [ReconcilerExecutor-hivemq-controller-111] INFO  c.h.p.o.h.HiveMQPlatformReconcilerBaseHandler - [helmcust] HiveMQ Platform is starting, 0 of 2 replicas are ready
2025-01-30 04:01:56,579 INFO c.h.h.t.HelmChartContainer - [test-hivemq-platform] [hivemq] [5ec81d4c] INFO  - [HiveMQ Platform Operator Init App 1.7.0-SNAPSHOT] Successfully updated Pod HiveMQ Platform Operator Init App version annotation (version: 1.7.0-SNAPSHOT)
2025-01-30 04:02:01,478 INFO c.h.h.t.HelmChartContainer - [test-hivemq-platform] [hivemq] [5ec81d4c] WARN  - [HiveMQ Platform Operator Init App 1.7.0-SNAPSHOT] Cannot connect to Health API for readiness: null
2025-01-30 04:02:01,484 INFO c.h.h.t.HelmChartContainer - [EVENT] Warning [Unhealthy] Readiness probe failed: HTTP probe failed with statuscode: 503 [helmcustomconfigit:test-hivemq-platform-0]
2025-01-30 04:02:01,484 INFO c.h.h.t.HelmChartContainer - Received Unhealthy event for container hivemq in pod test-hivemq-platform-0 [5ec81d4c-f9cf-4f24-ba41-2c051593faf0]
2025-01-30 04:02:06,481 INFO c.h.h.t.HelmChartContainer - [test-hivemq-platform] [hivemq] [5ec81d4c] WARN  - [HiveMQ Platform Operator Init App 1.7.0-SNAPSHOT] Cannot connect to Health API for readiness: null
2025-01-30 04:02:06,486 INFO c.h.h.t.HelmChartContainer - [EVENT] Warning [Unhealthy] Readiness probe failed: HTTP probe failed with statuscode: 503 [helmcustomconfigit:test-hivemq-platform-0]
2025-01-30 04:02:06,487 INFO c.h.h.t.HelmChartContainer - Received Unhealthy event for container hivemq in pod test-hivemq-platform-0 [5ec81d4c-f9cf-4f24-ba41-2c051593faf0]
2025-01-30 04:02:06,512 INFO c.h.h.t.HelmChartContainer - [hivemq-test-hivemq-platform] [hivemq-platform-operator] [de7f8976] 04:02:06.508 [pool-6-thread-32] DEBUG c.h.p.o.d.PlatformServiceResource - [helmcust] Desired Platform services (3 services)
2025-01-30 04:02:06,512 INFO c.h.h.t.HelmChartContainer - [hivemq-test-hivemq-platform] [hivemq-platform-operator] [de7f8976] 04:02:06.509 [pool-6-thread-33] DEBUG c.h.p.o.dependants.PodInfoConfigMap - [helmcust] Desired PodInfo ConfigMap (1 extensions) (1 enabled)
2025-01-30 04:02:06,512 INFO c.h.h.t.HelmChartContainer - [hivemq-test-hivemq-platform] [hivemq-platform-operator] [de7f8976] 04:02:06.509 [pool-6-thread-33] DEBUG c.h.p.o.dependants.PodInfoConfigMap - [helmcust] Desired PodInfo ConfigMap (metrics port: 9399) (metrics path: /)
2025-01-30 04:02:06,512 INFO c.h.h.t.HelmChartContainer - [hivemq-test-hivemq-platform] [hivemq-platform-operator] [de7f8976] 04:02:06.509 [pool-6-thread-33] DEBUG c.h.p.o.dependants.PodInfoConfigMap - [helmcust] Desired PodInfo ConfigMap (extension state hash: -1817474005)
2025-01-30 04:02:06,512 INFO c.h.h.t.HelmChartContainer - [hivemq-test-hivemq-platform] [hivemq-platform-operator] [de7f8976] 04:02:06.509 [pool-6-thread-33] DEBUG c.h.p.o.d.PodServiceAccountResource - [helmcust] Desired PodServiceAccountResource (serviceAccountName: hivemq-platform-pod-test-hivemq-platform)
2025-01-30 04:02:06,516 INFO c.h.h.t.HelmChartContainer - [hivemq-test-hivemq-platform] [hivemq-platform-operator] [de7f8976] 04:02:06.515 [pool-6-thread-32] DEBUG c.h.p.o.d.StatefulSetResource - [helmcust] Desired StatefulSet (2 replicas) for status STARTING (READY)
2025-01-30 04:02:06,521 INFO c.h.h.t.HelmChartContainer - [hivemq-test-hivemq-platform] [hivemq-platform-operator] [de7f8976] 04:02:06.519 [ReconcilerExecutor-hivemq-controller-112] INFO  c.h.p.o.HiveMQPlatformReconciler - [helmcust] Reconciling HiveMQ Platform 'test-hivemq-platform' in namespace 'helmcustomconfigit'
2025-01-30 04:02:06,521 INFO c.h.h.t.HelmChartContainer - [hivemq-test-hivemq-platform] [hivemq-platform-operator] [de7f8976] 04:02:06.519 [ReconcilerExecutor-hivemq-controller-112] DEBUG c.h.p.o.HiveMQPlatformReconciler - [helmcust] Custom Resource Status STARTING - HiveMQ Platform is starting (READY)
2025-01-30 04:02:06,521 INFO c.h.h.t.HelmChartContainer - [hivemq-test-hivemq-platform] [hivemq-platform-operator] [de7f8976] 04:02:06.519 [ReconcilerExecutor-hivemq-controller-112] DEBUG c.h.p.o.HiveMQPlatformReconciler - [helmcust] Custom Resource Spec (replicas: 2) (extensions: 1)
2025-01-30 04:02:06,522 INFO c.h.h.t.HelmChartContainer - [hivemq-test-hivemq-platform] [hivemq-platform-operator] [de7f8976] 04:02:06.521 [ReconcilerExecutor-hivemq-controller-112] DEBUG c.h.p.o.HiveMQPlatformReconciler - [helmcust] StatefulSet Status (revision: test-hivemq-platform-86bfbd5557, replicas: 1, available: 0, ready: 0, current: 1, updated: 1)
2025-01-30 04:02:06,523 INFO c.h.h.t.HelmChartContainer - [hivemq-test-hivemq-platform] [hivemq-platform-operator] [de7f8976] 04:02:06.521 [ReconcilerExecutor-hivemq-controller-112] DEBUG c.h.p.o.HiveMQPlatformReconciler - [helmcust] StatefulSet Spec (replicas: 2, init containers: 1, containers: 1, volumes: 3)
2025-01-30 04:02:06,524 INFO c.h.h.t.HelmChartContainer - [hivemq-test-hivemq-platform] [hivemq-platform-operator] [de7f8976] 04:02:06.523 [ReconcilerExecutor-hivemq-controller-112] DEBUG c.h.p.o.h.HiveMQPlatformReconcilerErrorHandler - [helmcust] Pod 'test-hivemq-platform-0' phase Running
2025-01-30 04:02:06,524 INFO c.h.h.t.HelmChartContainer - [hivemq-test-hivemq-platform] [hivemq-platform-operator] [de7f8976] 04:02:06.524 [ReconcilerExecutor-hivemq-controller-112] INFO  c.h.p.o.h.HiveMQPlatformReconcilerBaseHandler - [helmcust] HiveMQ Platform is starting, 0 of 2 replicas are ready
2025-01-30 04:02:07,783 INFO c.h.h.t.HelmChartContainer - [test-hivemq-platform] [hivemq] [5ec81d4c] INFO  - No valid license file found. Using trial license, restricted to 25 connections.
2025-01-30 04:02:08,180 INFO c.h.h.t.HelmChartContainer - [test-hivemq-platform] [hivemq] [5ec81d4c] WARN  - [HiveMQ Platform Operator Init App 1.7.0-SNAPSHOT] Cannot connect to Health API for liveness: null
2025-01-30 04:02:08,181 INFO c.h.h.t.HelmChartContainer - [test-hivemq-platform] [hivemq] [5ec81d4c] INFO  - [HiveMQ Platform Operator Init App 1.7.0-SNAPSHOT] Returning default Health API response 200 for liveness
2025-01-30 04:02:11,291 INFO c.h.h.t.HelmChartContainer - [test-hivemq-platform] [hivemq] [5ec81d4c] INFO  - No valid license file for Data Hub found. Using free license, restricted to 1 policy.
2025-01-30 04:02:11,482 INFO c.h.h.t.HelmChartContainer - [test-hivemq-platform] [hivemq] [5ec81d4c] WARN  - [HiveMQ Platform Operator Init App 1.7.0-SNAPSHOT] Cannot connect to Health API for readiness: null
2025-01-30 04:02:11,485 INFO c.h.h.t.HelmChartContainer - [EVENT] Warning [Unhealthy] Readiness probe failed: HTTP probe failed with statuscode: 503 [helmcustomconfigit:test-hivemq-platform-0]
2025-01-30 04:02:11,486 INFO c.h.h.t.HelmChartContainer - Received Unhealthy event for container hivemq in pod test-hivemq-platform-0 [5ec81d4c-f9cf-4f24-ba41-2c051593faf0]
2025-01-30 04:02:12,592 INFO c.h.h.t.HelmChartContainer - [test-hivemq-platform] [hivemq] [5ec81d4c] INFO  - Audit Logger started.
2025-01-30 04:02:12,996 INFO c.h.h.t.HelmChartContainer - [test-hivemq-platform] [hivemq] [5ec81d4c] INFO  - This node uses '1' CPU cores.
2025-01-30 04:02:13,000 INFO c.h.h.t.HelmChartContainer - [test-hivemq-platform] [hivemq] [5ec81d4c] INFO  - Starting HiveMQ Health API on address 0.0.0.0 and port 8889
2025-01-30 04:02:13,892 INFO c.h.h.t.HelmChartContainer - [test-hivemq-platform] [hivemq] [5ec81d4c] INFO  - Started HiveMQ Health API in 891ms
2025-01-30 04:02:14,581 INFO c.h.h.t.HelmChartContainer - [test-hivemq-platform] [hivemq] [5ec81d4c] INFO  - Starting HiveMQ extension system.
2025-01-30 04:02:14,781 INFO c.h.h.t.HelmChartContainer - [test-hivemq-platform] [hivemq] [5ec81d4c] INFO  - Starting extension with id "hivemq-dns-cluster-discovery" at /opt/hivemq/extensions/hivemq-dns-cluster-discovery
2025-01-30 04:02:15,284 INFO c.h.h.t.HelmChartContainer - [test-hivemq-platform] [hivemq] [5ec81d4c] INFO  - Using TCP cluster transport on address 10.42.0.8 and port 7000
2025-01-30 04:02:15,289 INFO c.h.h.t.HelmChartContainer - [test-hivemq-platform] [hivemq] [5ec81d4c] INFO  - Using extension cluster discovery
2025-01-30 04:02:15,290 INFO c.h.h.t.HelmChartContainer - [test-hivemq-platform] [hivemq] [5ec81d4c] INFO  - Extension "DNS Cluster Discovery Extension" version 4.3.2 started successfully.
2025-01-30 04:02:15,291 INFO c.h.h.t.HelmChartContainer - [test-hivemq-platform] [hivemq] [5ec81d4c] INFO  - Starting extension with id "hivemq-prometheus-extension" at /opt/hivemq/extensions/hivemq-prometheus-extension
2025-01-30 04:02:16,277 INFO c.h.h.t.HelmChartContainer - [test-hivemq-platform] [hivemq] [5ec81d4c] INFO  - Started Jetty Server exposing Prometheus Servlet on URI http://0.0.0.0:9399/
2025-01-30 04:02:16,277 INFO c.h.h.t.HelmChartContainer - [test-hivemq-platform] [hivemq] [5ec81d4c] INFO  - Extension "Prometheus Monitoring Extension" version 4.0.12 started successfully.
2025-01-30 04:02:16,277 INFO c.h.h.t.HelmChartContainer - [test-hivemq-platform] [hivemq] [5ec81d4c] INFO  - Starting extension with id "hivemq-allow-all-extension" at /opt/hivemq/extensions/hivemq-allow-all-extension
2025-01-30 04:02:16,279 INFO c.h.h.t.HelmChartContainer - [test-hivemq-platform] [hivemq] [5ec81d4c] WARN  - 
2025-01-30 04:02:16,279 INFO c.h.h.t.HelmChartContainer - [test-hivemq-platform] [hivemq] [5ec81d4c] ################################################################################################################
2025-01-30 04:02:16,279 INFO c.h.h.t.HelmChartContainer - [test-hivemq-platform] [hivemq] [5ec81d4c] # This HiveMQ deployment is not secure! You are lacking Authentication and Authorization.                      #
2025-01-30 04:02:16,279 INFO c.h.h.t.HelmChartContainer - [test-hivemq-platform] [hivemq] [5ec81d4c] # Right now any MQTT client can connect to the broker with a full set of permissions.                          #
2025-01-30 04:02:16,279 INFO c.h.h.t.HelmChartContainer - [test-hivemq-platform] [hivemq] [5ec81d4c] # For production usage, add an appropriate security extension and remove the hivemq-allow-all extension.       #
2025-01-30 04:02:16,280 INFO c.h.h.t.HelmChartContainer - [test-hivemq-platform] [hivemq] [5ec81d4c] # You can download security extensions from the HiveMQ Marketplace (https://www.hivemq.com/extensions/).       #
2025-01-30 04:02:16,280 INFO c.h.h.t.HelmChartContainer - [test-hivemq-platform] [hivemq] [5ec81d4c] ################################################################################################################
2025-01-30 04:02:16,280 INFO c.h.h.t.HelmChartContainer - [test-hivemq-platform] [hivemq] [5ec81d4c] INFO  - Extension "Allow All Extension" version 1.1.1 started successfully.
2025-01-30 04:02:16,531 INFO c.h.h.t.HelmChartContainer - [hivemq-test-hivemq-platform] [hivemq-platform-operator] [de7f8976] 04:02:16.527 [pool-6-thread-45] DEBUG c.h.p.o.d.PlatformServiceResource - [helmcust] Desired Platform services (3 services)
2025-01-30 04:02:16,531 INFO c.h.h.t.HelmChartContainer - [hivemq-test-hivemq-platform] [hivemq-platform-operator] [de7f8976] 04:02:16.529 [pool-6-thread-43] DEBUG c.h.p.o.d.PodServiceAccountResource - [helmcust] Desired PodServiceAccountResource (serviceAccountName: hivemq-platform-pod-test-hivemq-platform)
2025-01-30 04:02:16,531 INFO c.h.h.t.HelmChartContainer - [hivemq-test-hivemq-platform] [hivemq-platform-operator] [de7f8976] 04:02:16.529 [pool-6-thread-44] DEBUG c.h.p.o.dependants.PodInfoConfigMap - [helmcust] Desired PodInfo ConfigMap (1 extensions) (1 enabled)
2025-01-30 04:02:16,531 INFO c.h.h.t.HelmChartContainer - [hivemq-test-hivemq-platform] [hivemq-platform-operator] [de7f8976] 04:02:16.529 [pool-6-thread-44] DEBUG c.h.p.o.dependants.PodInfoConfigMap - [helmcust] Desired PodInfo ConfigMap (metrics port: 9399) (metrics path: /)
2025-01-30 04:02:16,531 INFO c.h.h.t.HelmChartContainer - [hivemq-test-hivemq-platform] [hivemq-platform-operator] [de7f8976] 04:02:16.529 [pool-6-thread-44] DEBUG c.h.p.o.dependants.PodInfoConfigMap - [helmcust] Desired PodInfo ConfigMap (extension state hash: -1817474005)
2025-01-30 04:02:16,532 INFO c.h.h.t.HelmChartContainer - [hivemq-test-hivemq-platform] [hivemq-platform-operator] [de7f8976] 04:02:16.532 [pool-6-thread-45] DEBUG c.h.p.o.d.StatefulSetResource - [helmcust] Desired StatefulSet (2 replicas) for status STARTING (READY)
2025-01-30 04:02:16,535 INFO c.h.h.t.HelmChartContainer - [hivemq-test-hivemq-platform] [hivemq-platform-operator] [de7f8976] 04:02:16.535 [ReconcilerExecutor-hivemq-controller-113] INFO  c.h.p.o.HiveMQPlatformReconciler - [helmcust] Reconciling HiveMQ Platform 'test-hivemq-platform' in namespace 'helmcustomconfigit'
2025-01-30 04:02:16,536 INFO c.h.h.t.HelmChartContainer - [hivemq-test-hivemq-platform] [hivemq-platform-operator] [de7f8976] 04:02:16.535 [ReconcilerExecutor-hivemq-controller-113] DEBUG c.h.p.o.HiveMQPlatformReconciler - [helmcust] Custom Resource Status STARTING - HiveMQ Platform is starting (READY)
2025-01-30 04:02:16,536 INFO c.h.h.t.HelmChartContainer - [hivemq-test-hivemq-platform] [hivemq-platform-operator] [de7f8976] 04:02:16.535 [ReconcilerExecutor-hivemq-controller-113] DEBUG c.h.p.o.HiveMQPlatformReconciler - [helmcust] Custom Resource Spec (replicas: 2) (extensions: 1)
2025-01-30 04:02:16,604 INFO c.h.h.t.HelmChartContainer - [hivemq-test-hivemq-platform] [hivemq-platform-operator] [de7f8976] 04:02:16.601 [ReconcilerExecutor-hivemq-controller-113] DEBUG c.h.p.o.HiveMQPlatformReconciler - [helmcust] StatefulSet Status (revision: test-hivemq-platform-86bfbd5557, replicas: 1, available: 0, ready: 0, current: 1, updated: 1)
2025-01-30 04:02:16,604 INFO c.h.h.t.HelmChartContainer - [hivemq-test-hivemq-platform] [hivemq-platform-operator] [de7f8976] 04:02:16.601 [ReconcilerExecutor-hivemq-controller-113] DEBUG c.h.p.o.HiveMQPlatformReconciler - [helmcust] StatefulSet Spec (replicas: 2, init containers: 1, containers: 1, volumes: 3)
2025-01-30 04:02:16,606 INFO c.h.h.t.HelmChartContainer - [hivemq-test-hivemq-platform] [hivemq-platform-operator] [de7f8976] 04:02:16.605 [ReconcilerExecutor-hivemq-controller-113] DEBUG c.h.p.o.h.HiveMQPlatformReconcilerErrorHandler - [helmcust] Pod 'test-hivemq-platform-0' phase Running
2025-01-30 04:02:16,607 INFO c.h.h.t.HelmChartContainer - [hivemq-test-hivemq-platform] [hivemq-platform-operator] [de7f8976] 04:02:16.607 [ReconcilerExecutor-hivemq-controller-113] INFO  c.h.p.o.h.HiveMQPlatformReconcilerBaseHandler - [helmcust] HiveMQ Platform is starting, 0 of 2 replicas are ready
2025-01-30 04:02:16,978 INFO c.h.h.t.HelmChartContainer - [test-hivemq-platform] [hivemq] [5ec81d4c] INFO  - [HiveMQ Platform Operator Init App 1.7.0-SNAPSHOT] Returning Health API response 503 for readiness
2025-01-30 04:02:16,983 INFO c.h.h.t.HelmChartContainer - [EVENT] Warning [Unhealthy] Readiness probe failed: HTTP probe failed with statuscode: 503 [helmcustomconfigit:test-hivemq-platform-0]
2025-01-30 04:02:16,983 INFO c.h.h.t.HelmChartContainer - Received Unhealthy event for container hivemq in pod test-hivemq-platform-0 [5ec81d4c-f9cf-4f24-ba41-2c051593faf0]
2025-01-30 04:02:18,477 INFO c.h.h.t.HelmChartContainer - [test-hivemq-platform] [hivemq] [5ec81d4c] INFO  - sxsKD: no members discovered after 2589 ms: creating cluster as first member
2025-01-30 04:02:18,483 INFO c.h.h.t.HelmChartContainer - [test-hivemq-platform] [hivemq] [5ec81d4c] INFO  - Cluster nodes found by discovery: [sxsKD|0] (1) [sxsKD].
2025-01-30 04:02:18,582 INFO c.h.h.t.HelmChartContainer - [test-hivemq-platform] [hivemq] [5ec81d4c] WARN  - No user for HiveMQ Control Center configured. Starting with default user
2025-01-30 04:02:18,584 INFO c.h.h.t.HelmChartContainer - [test-hivemq-platform] [hivemq] [5ec81d4c] INFO  - Starting HiveMQ Control Center on address 0.0.0.0 and port 8080
2025-01-30 04:02:18,590 INFO c.h.h.t.HelmChartContainer - [test-hivemq-platform] [hivemq] [5ec81d4c] INFO  - Mounting HiveMQ Control Center V2 Preview
2025-01-30 04:02:19,099 INFO c.h.h.t.HelmChartContainer - [test-hivemq-platform] [hivemq] [5ec81d4c] INFO  - Started HiveMQ Control Center in 517ms
2025-01-30 04:02:19,190 INFO c.h.h.t.HelmChartContainer - [test-hivemq-platform] [hivemq] [5ec81d4c] INFO  - Starting TCP listener on address 0.0.0.0 and port 1883
2025-01-30 04:02:19,204 INFO c.h.h.t.HelmChartContainer - [test-hivemq-platform] [hivemq] [5ec81d4c] INFO  - Started TCP Listener on address 0.0.0.0 and on port 1883.
2025-01-30 04:02:19,204 INFO c.h.h.t.HelmChartContainer - [test-hivemq-platform] [hivemq] [5ec81d4c] INFO  - Started HiveMQ in 30727ms
2025-01-30 04:02:21,400 INFO c.h.h.t.HelmChartContainer - [test-hivemq-platform] [hivemq] [5ec81d4c] INFO  - [HiveMQ Platform Operator Init App 1.7.0-SNAPSHOT] Returning Health API response 200 for readiness
2025-01-30 04:02:21,413 INFO c.h.h.t.HelmChartContainer - [POD] test-hivemq-platform-0 [5ec81d4c-f9cf-4f24-ba41-2c051593faf0] in helmcustomconfigit was MODIFIED
2025-01-30 04:02:21,426 INFO c.h.h.t.HelmChartContainer - [hivemq-test-hivemq-platform] [hivemq-platform-operator] [de7f8976] 04:02:21.420 [pool-6-thread-10] DEBUG c.h.p.o.d.PlatformServiceResource - [helmcust] Desired Platform services (3 services)
2025-01-30 04:02:21,427 INFO c.h.h.t.HelmChartContainer - [hivemq-test-hivemq-platform] [hivemq-platform-operator] [de7f8976] 04:02:21.421 [pool-6-thread-2] DEBUG c.h.p.o.dependants.PodInfoConfigMap - [helmcust] Desired PodInfo ConfigMap (1 extensions) (1 enabled)
2025-01-30 04:02:21,429 INFO c.h.h.t.HelmChartContainer - [hivemq-test-hivemq-platform] [hivemq-platform-operator] [de7f8976] 04:02:21.421 [pool-6-thread-2] DEBUG c.h.p.o.dependants.PodInfoConfigMap - [helmcust] Desired PodInfo ConfigMap (metrics port: 9399) (metrics path: /)
2025-01-30 04:02:21,429 INFO c.h.h.t.HelmChartContainer - [hivemq-test-hivemq-platform] [hivemq-platform-operator] [de7f8976] 04:02:21.421 [pool-6-thread-2] DEBUG c.h.p.o.dependants.PodInfoConfigMap - [helmcust] Desired PodInfo ConfigMap (extension state hash: -1817474005)
2025-01-30 04:02:21,429 INFO c.h.h.t.HelmChartContainer - [hivemq-test-hivemq-platform] [hivemq-platform-operator] [de7f8976] 04:02:21.423 [pool-6-thread-3] DEBUG c.h.p.o.d.PodServiceAccountResource - [helmcust] Desired PodServiceAccountResource (serviceAccountName: hivemq-platform-pod-test-hivemq-platform)
2025-01-30 04:02:21,429 INFO c.h.h.t.HelmChartContainer - [hivemq-test-hivemq-platform] [hivemq-platform-operator] [de7f8976] 04:02:21.426 [pool-6-thread-10] DEBUG c.h.p.o.d.StatefulSetResource - [helmcust] Desired StatefulSet (2 replicas) for status STARTING (READY)
2025-01-30 04:02:21,432 INFO c.h.h.t.HelmChartContainer - [hivemq-test-hivemq-platform] [hivemq-platform-operator] [de7f8976] 04:02:21.429 [ReconcilerExecutor-hivemq-controller-114] INFO  c.h.p.o.HiveMQPlatformReconciler - [helmcust] Reconciling HiveMQ Platform 'test-hivemq-platform' in namespace 'helmcustomconfigit'
2025-01-30 04:02:21,433 INFO c.h.h.t.HelmChartContainer - [hivemq-test-hivemq-platform] [hivemq-platform-operator] [de7f8976] 04:02:21.429 [ReconcilerExecutor-hivemq-controller-114] DEBUG c.h.p.o.HiveMQPlatformReconciler - [helmcust] Custom Resource Status STARTING - HiveMQ Platform is starting (READY)
2025-01-30 04:02:21,433 INFO c.h.h.t.HelmChartContainer - [hivemq-test-hivemq-platform] [hivemq-platform-operator] [de7f8976] 04:02:21.430 [ReconcilerExecutor-hivemq-controller-114] DEBUG c.h.p.o.HiveMQPlatformReconciler - [helmcust] Custom Resource Spec (replicas: 2) (extensions: 1)
2025-01-30 04:02:21,434 INFO c.h.h.t.HelmChartContainer - [hivemq-test-hivemq-platform] [hivemq-platform-operator] [de7f8976] 04:02:21.431 [ReconcilerExecutor-hivemq-controller-114] DEBUG c.h.p.o.HiveMQPlatformReconciler - [helmcust] StatefulSet Status (revision: test-hivemq-platform-86bfbd5557, replicas: 1, available: 0, ready: 0, current: 1, updated: 1)
2025-01-30 04:02:21,434 INFO c.h.h.t.HelmChartContainer - [hivemq-test-hivemq-platform] [hivemq-platform-operator] [de7f8976] 04:02:21.431 [ReconcilerExecutor-hivemq-controller-114] DEBUG c.h.p.o.HiveMQPlatformReconciler - [helmcust] StatefulSet Spec (replicas: 2, init containers: 1, containers: 1, volumes: 3)
2025-01-30 04:02:21,434 INFO c.h.h.t.HelmChartContainer - [hivemq-test-hivemq-platform] [hivemq-platform-operator] [de7f8976] 04:02:21.432 [ReconcilerExecutor-hivemq-controller-114] DEBUG c.h.p.o.h.HiveMQPlatformReconcilerErrorHandler - [helmcust] Pod 'test-hivemq-platform-0' phase Running
2025-01-30 04:02:21,435 INFO c.h.h.t.HelmChartContainer - [hivemq-test-hivemq-platform] [hivemq-platform-operator] [de7f8976] 04:02:21.433 [ReconcilerExecutor-hivemq-controller-114] INFO  c.h.p.o.h.HiveMQPlatformReconcilerBaseHandler - [helmcust] HiveMQ Platform is starting, 0 of 2 replicas are ready
2025-01-30 04:02:21,441 INFO c.h.h.t.HelmChartContainer - [POD] test-hivemq-platform-1 [8c4f6623-6d66-49fb-adfb-05069a258e9a] in helmcustomconfigit was ADDED
2025-01-30 04:02:21,442 INFO c.h.h.t.HelmChartContainer - [EVENT] Normal [SuccessfulCreate] create Pod test-hivemq-platform-1 in StatefulSet test-hivemq-platform successful [helmcustomconfigit:test-hivemq-platform]
2025-01-30 04:02:21,450 INFO c.h.h.t.HelmChartContainer - [POD] test-hivemq-platform-1 [8c4f6623-6d66-49fb-adfb-05069a258e9a] in helmcustomconfigit was MODIFIED
2025-01-30 04:02:21,454 INFO c.h.h.t.HelmChartContainer - [EVENT] Normal [Scheduled] Successfully assigned helmcustomconfigit/test-hivemq-platform-1 to bb975d1fd0a5 [helmcustomconfigit:test-hivemq-platform-1]
2025-01-30 04:02:21,460 INFO c.h.h.t.HelmChartContainer - [POD] test-hivemq-platform-1 [8c4f6623-6d66-49fb-adfb-05069a258e9a] in helmcustomconfigit was MODIFIED
2025-01-30 04:02:21,500 INFO c.h.h.t.HelmChartContainer - [K3S] [reconciler_common.go:251] "operationExecutor.VerifyControllerAttachedVolume started for volume \"operator-init\" (UniqueName: \"kubernetes.io/empty-dir/8c4f6623-6d66-49fb-adfb-05069a258e9a-operator-init\") pod \"test-hivemq-platform-1\" (UID: \"8c4f6623-6d66-49fb-adfb-05069a258e9a\") " pod="helmcustomconfigit/test-hivemq-platform-1"
2025-01-30 04:02:21,500 INFO c.h.h.t.HelmChartContainer - [K3S] [reconciler_common.go:251] "operationExecutor.VerifyControllerAttachedVolume started for volume \"broker-configuration\" (UniqueName: \"kubernetes.io/configmap/8c4f6623-6d66-49fb-adfb-05069a258e9a-broker-configuration\") pod \"test-hivemq-platform-1\" (UID: \"8c4f6623-6d66-49fb-adfb-05069a258e9a\") " pod="helmcustomconfigit/test-hivemq-platform-1"
2025-01-30 04:02:21,500 INFO c.h.h.t.HelmChartContainer - [K3S] [reconciler_common.go:251] "operationExecutor.VerifyControllerAttachedVolume started for volume \"kube-api-access-jwgf8\" (UniqueName: \"kubernetes.io/projected/8c4f6623-6d66-49fb-adfb-05069a258e9a-kube-api-access-jwgf8\") pod \"test-hivemq-platform-1\" (UID: \"8c4f6623-6d66-49fb-adfb-05069a258e9a\") " pod="helmcustomconfigit/test-hivemq-platform-1"
2025-01-30 04:02:21,500 INFO c.h.h.t.HelmChartContainer - [K3S] [reconciler_common.go:251] "operationExecutor.VerifyControllerAttachedVolume started for volume \"pod-info\" (UniqueName: \"kubernetes.io/configmap/8c4f6623-6d66-49fb-adfb-05069a258e9a-pod-info\") pod \"test-hivemq-platform-1\" (UID: \"8c4f6623-6d66-49fb-adfb-05069a258e9a\") " pod="helmcustomconfigit/test-hivemq-platform-1"
2025-01-30 04:02:21,506 INFO c.h.h.t.HelmChartContainer - [hivemq-test-hivemq-platform] [hivemq-platform-operator] [de7f8976] 04:02:21.505 [pool-6-thread-15] DEBUG c.h.p.o.d.PlatformServiceResource - [helmcust] Desired Platform services (3 services)
2025-01-30 04:02:21,508 INFO c.h.h.t.HelmChartContainer - [hivemq-test-hivemq-platform] [hivemq-platform-operator] [de7f8976] 04:02:21.507 [pool-6-thread-17] DEBUG c.h.p.o.dependants.PodInfoConfigMap - [helmcust] Desired PodInfo ConfigMap (1 extensions) (1 enabled)
2025-01-30 04:02:21,508 INFO c.h.h.t.HelmChartContainer - [hivemq-test-hivemq-platform] [hivemq-platform-operator] [de7f8976] 04:02:21.507 [pool-6-thread-17] DEBUG c.h.p.o.dependants.PodInfoConfigMap - [helmcust] Desired PodInfo ConfigMap (metrics port: 9399) (metrics path: /)
2025-01-30 04:02:21,508 INFO c.h.h.t.HelmChartContainer - [hivemq-test-hivemq-platform] [hivemq-platform-operator] [de7f8976] 04:02:21.507 [pool-6-thread-17] DEBUG c.h.p.o.dependants.PodInfoConfigMap - [helmcust] Desired PodInfo ConfigMap (extension state hash: -1817474005)
2025-01-30 04:02:21,510 INFO c.h.h.t.HelmChartContainer - [hivemq-test-hivemq-platform] [hivemq-platform-operator] [de7f8976] 04:02:21.509 [pool-6-thread-19] DEBUG c.h.p.o.d.PodServiceAccountResource - [helmcust] Desired PodServiceAccountResource (serviceAccountName: hivemq-platform-pod-test-hivemq-platform)
2025-01-30 04:02:21,603 INFO c.h.h.t.HelmChartContainer - [hivemq-test-hivemq-platform] [hivemq-platform-operator] [de7f8976] 04:02:21.602 [pool-6-thread-15] DEBUG c.h.p.o.d.StatefulSetResource - [helmcust] Desired StatefulSet (2 replicas) for status STARTING (READY)
2025-01-30 04:02:21,607 INFO c.h.h.t.HelmChartContainer - [hivemq-test-hivemq-platform] [hivemq-platform-operator] [de7f8976] 04:02:21.606 [ReconcilerExecutor-hivemq-controller-115] INFO  c.h.p.o.HiveMQPlatformReconciler - [helmcust] Reconciling HiveMQ Platform 'test-hivemq-platform' in namespace 'helmcustomconfigit'
2025-01-30 04:02:21,607 INFO c.h.h.t.HelmChartContainer - [hivemq-test-hivemq-platform] [hivemq-platform-operator] [de7f8976] 04:02:21.606 [ReconcilerExecutor-hivemq-controller-115] DEBUG c.h.p.o.HiveMQPlatformReconciler - [helmcust] Custom Resource Status STARTING - HiveMQ Platform is starting (READY)
2025-01-30 04:02:21,607 INFO c.h.h.t.HelmChartContainer - [hivemq-test-hivemq-platform] [hivemq-platform-operator] [de7f8976] 04:02:21.607 [ReconcilerExecutor-hivemq-controller-115] DEBUG c.h.p.o.HiveMQPlatformReconciler - [helmcust] Custom Resource Spec (replicas: 2) (extensions: 1)
2025-01-30 04:02:21,609 INFO c.h.h.t.HelmChartContainer - [hivemq-test-hivemq-platform] [hivemq-platform-operator] [de7f8976] 04:02:21.608 [ReconcilerExecutor-hivemq-controller-115] DEBUG c.h.p.o.HiveMQPlatformReconciler - [helmcust] StatefulSet Status (revision: test-hivemq-platform-86bfbd5557, replicas: 2, available: 1, ready: 1, current: 2, updated: 2)
2025-01-30 04:02:21,610 INFO c.h.h.t.HelmChartContainer - [hivemq-test-hivemq-platform] [hivemq-platform-operator] [de7f8976] 04:02:21.608 [ReconcilerExecutor-hivemq-controller-115] DEBUG c.h.p.o.HiveMQPlatformReconciler - [helmcust] StatefulSet Spec (replicas: 2, init containers: 1, containers: 1, volumes: 3)
2025-01-30 04:02:21,610 INFO c.h.h.t.HelmChartContainer - [hivemq-test-hivemq-platform] [hivemq-platform-operator] [de7f8976] 04:02:21.609 [ReconcilerExecutor-hivemq-controller-115] DEBUG c.h.p.o.h.HiveMQPlatformReconcilerErrorHandler - [helmcust] Pod 'test-hivemq-platform-1' phase Pending
2025-01-30 04:02:21,611 INFO c.h.h.t.HelmChartContainer - [hivemq-test-hivemq-platform] [hivemq-platform-operator] [de7f8976] 04:02:21.609 [ReconcilerExecutor-hivemq-controller-115] DEBUG c.h.p.o.h.HiveMQPlatformReconcilerErrorHandler - [helmcust] Pod 'test-hivemq-platform-1' condition 'PodReadyToStartContainers': False
2025-01-30 04:02:21,612 INFO c.h.h.t.HelmChartContainer - [hivemq-test-hivemq-platform] [hivemq-platform-operator] [de7f8976] 04:02:21.609 [ReconcilerExecutor-hivemq-controller-115] DEBUG c.h.p.o.h.HiveMQPlatformReconcilerErrorHandler - [helmcust] Pod 'test-hivemq-platform-1' condition 'Initialized': False
2025-01-30 04:02:21,612 INFO c.h.h.t.HelmChartContainer - [hivemq-test-hivemq-platform] [hivemq-platform-operator] [de7f8976] 04:02:21.609 [ReconcilerExecutor-hivemq-controller-115] DEBUG c.h.p.o.h.HiveMQPlatformReconcilerErrorHandler - [helmcust] Pod 'test-hivemq-platform-1' condition 'Ready': False
2025-01-30 04:02:21,612 INFO c.h.h.t.HelmChartContainer - [hivemq-test-hivemq-platform] [hivemq-platform-operator] [de7f8976] 04:02:21.609 [ReconcilerExecutor-hivemq-controller-115] DEBUG c.h.p.o.h.HiveMQPlatformReconcilerErrorHandler - [helmcust] Pod 'test-hivemq-platform-1' condition 'ContainersReady': False
2025-01-30 04:02:21,613 INFO c.h.h.t.HelmChartContainer - [hivemq-test-hivemq-platform] [hivemq-platform-operator] [de7f8976] 04:02:21.609 [ReconcilerExecutor-hivemq-controller-115] DEBUG c.h.p.o.h.HiveMQPlatformReconcilerErrorHandler - [helmcust] Pod 'test-hivemq-platform-1' condition 'PodScheduled': True
2025-01-30 04:02:21,613 INFO c.h.h.t.HelmChartContainer - [hivemq-test-hivemq-platform] [hivemq-platform-operator] [de7f8976] 04:02:21.609 [ReconcilerExecutor-hivemq-controller-115] DEBUG c.h.p.o.h.HiveMQPlatformReconcilerErrorHandler - [helmcust] Pod 'test-hivemq-platform-1' containerStatus 'hivemq' (started: false) (ready: false) (waiting: [PodInitializing] null)
2025-01-30 04:02:21,613 INFO c.h.h.t.HelmChartContainer - [hivemq-test-hivemq-platform] [hivemq-platform-operator] [de7f8976] 04:02:21.610 [ReconcilerExecutor-hivemq-controller-115] DEBUG c.h.p.o.h.HiveMQPlatformReconcilerErrorHandler - [helmcust] Pod 'test-hivemq-platform-0' phase Running
2025-01-30 04:02:21,614 INFO c.h.h.t.HelmChartContainer - [hivemq-test-hivemq-platform] [hivemq-platform-operator] [de7f8976] 04:02:21.611 [ReconcilerExecutor-hivemq-controller-115] INFO  c.h.p.o.h.HiveMQPlatformReconcilerBaseHandler - [helmcust] HiveMQ Platform is starting, 1 of 2 replicas are ready
2025-01-30 04:02:21,616 INFO c.h.h.t.HelmChartContainer - [hivemq-test-hivemq-platform] [hivemq-platform-operator] [de7f8976] 04:02:21.615 [pool-6-thread-25] DEBUG c.h.p.o.dependants.PodInfoConfigMap - [helmcust] Desired PodInfo ConfigMap (1 extensions) (1 enabled)
2025-01-30 04:02:21,620 INFO c.h.h.t.HelmChartContainer - [hivemq-test-hivemq-platform] [hivemq-platform-operator] [de7f8976] 04:02:21.615 [pool-6-thread-25] DEBUG c.h.p.o.dependants.PodInfoConfigMap - [helmcust] Desired PodInfo ConfigMap (metrics port: 9399) (metrics path: /)
2025-01-30 04:02:21,620 INFO c.h.h.t.HelmChartContainer - [hivemq-test-hivemq-platform] [hivemq-platform-operator] [de7f8976] 04:02:21.615 [pool-6-thread-25] DEBUG c.h.p.o.dependants.PodInfoConfigMap - [helmcust] Desired PodInfo ConfigMap (extension state hash: -1817474005)
2025-01-30 04:02:21,620 INFO c.h.h.t.HelmChartContainer - [hivemq-test-hivemq-platform] [hivemq-platform-operator] [de7f8976] 04:02:21.615 [pool-6-thread-26] DEBUG c.h.p.o.d.PlatformServiceResource - [helmcust] Desired Platform services (3 services)
2025-01-30 04:02:21,620 INFO c.h.h.t.HelmChartContainer - [hivemq-test-hivemq-platform] [hivemq-platform-operator] [de7f8976] 04:02:21.617 [pool-6-thread-21] DEBUG c.h.p.o.d.PodServiceAccountResource - [helmcust] Desired PodServiceAccountResource (serviceAccountName: hivemq-platform-pod-test-hivemq-platform)
2025-01-30 04:02:21,706 INFO c.h.h.t.HelmChartContainer - [hivemq-test-hivemq-platform] [hivemq-platform-operator] [de7f8976] 04:02:21.705 [pool-6-thread-26] DEBUG c.h.p.o.d.StatefulSetResource - [helmcust] Desired StatefulSet (2 replicas) for status STARTING (READY)
2025-01-30 04:02:21,709 INFO c.h.h.t.HelmChartContainer - [hivemq-test-hivemq-platform] [hivemq-platform-operator] [de7f8976] 04:02:21.708 [ReconcilerExecutor-hivemq-controller-116] INFO  c.h.p.o.HiveMQPlatformReconciler - [helmcust] Reconciling HiveMQ Platform 'test-hivemq-platform' in namespace 'helmcustomconfigit'
2025-01-30 04:02:21,709 INFO c.h.h.t.HelmChartContainer - [hivemq-test-hivemq-platform] [hivemq-platform-operator] [de7f8976] 04:02:21.708 [ReconcilerExecutor-hivemq-controller-116] DEBUG c.h.p.o.HiveMQPlatformReconciler - [helmcust] Custom Resource Status STARTING - HiveMQ Platform is starting (READY)
2025-01-30 04:02:21,709 INFO c.h.h.t.HelmChartContainer - [hivemq-test-hivemq-platform] [hivemq-platform-operator] [de7f8976] 04:02:21.708 [ReconcilerExecutor-hivemq-controller-116] DEBUG c.h.p.o.HiveMQPlatformReconciler - [helmcust] Custom Resource Spec (replicas: 2) (extensions: 1)
2025-01-30 04:02:21,714 INFO c.h.h.t.HelmChartContainer - [hivemq-test-hivemq-platform] [hivemq-platform-operator] [de7f8976] 04:02:21.709 [ReconcilerExecutor-hivemq-controller-116] DEBUG c.h.p.o.HiveMQPlatformReconciler - [helmcust] StatefulSet Status (revision: test-hivemq-platform-86bfbd5557, replicas: 2, available: 1, ready: 1, current: 2, updated: 2)
2025-01-30 04:02:21,714 INFO c.h.h.t.HelmChartContainer - [hivemq-test-hivemq-platform] [hivemq-platform-operator] [de7f8976] 04:02:21.710 [ReconcilerExecutor-hivemq-controller-116] DEBUG c.h.p.o.HiveMQPlatformReconciler - [helmcust] StatefulSet Spec (replicas: 2, init containers: 1, containers: 1, volumes: 3)
2025-01-30 04:02:21,715 INFO c.h.h.t.HelmChartContainer - [hivemq-test-hivemq-platform] [hivemq-platform-operator] [de7f8976] 04:02:21.711 [ReconcilerExecutor-hivemq-controller-116] DEBUG c.h.p.o.h.HiveMQPlatformReconcilerErrorHandler - [helmcust] Pod 'test-hivemq-platform-1' phase Pending
2025-01-30 04:02:21,715 INFO c.h.h.t.HelmChartContainer - [hivemq-test-hivemq-platform] [hivemq-platform-operator] [de7f8976] 04:02:21.711 [ReconcilerExecutor-hivemq-controller-116] DEBUG c.h.p.o.h.HiveMQPlatformReconcilerErrorHandler - [helmcust] Pod 'test-hivemq-platform-1' condition 'PodReadyToStartContainers': False
2025-01-30 04:02:21,715 INFO c.h.h.t.HelmChartContainer - [hivemq-test-hivemq-platform] [hivemq-platform-operator] [de7f8976] 04:02:21.711 [ReconcilerExecutor-hivemq-controller-116] DEBUG c.h.p.o.h.HiveMQPlatformReconcilerErrorHandler - [helmcust] Pod 'test-hivemq-platform-1' condition 'Initialized': False
2025-01-30 04:02:21,715 INFO c.h.h.t.HelmChartContainer - [hivemq-test-hivemq-platform] [hivemq-platform-operator] [de7f8976] 04:02:21.711 [ReconcilerExecutor-hivemq-controller-116] DEBUG c.h.p.o.h.HiveMQPlatformReconcilerErrorHandler - [helmcust] Pod 'test-hivemq-platform-1' condition 'Ready': False
2025-01-30 04:02:21,715 INFO c.h.h.t.HelmChartContainer - [hivemq-test-hivemq-platform] [hivemq-platform-operator] [de7f8976] 04:02:21.711 [ReconcilerExecutor-hivemq-controller-116] DEBUG c.h.p.o.h.HiveMQPlatformReconcilerErrorHandler - [helmcust] Pod 'test-hivemq-platform-1' condition 'ContainersReady': False
2025-01-30 04:02:21,715 INFO c.h.h.t.HelmChartContainer - [hivemq-test-hivemq-platform] [hivemq-platform-operator] [de7f8976] 04:02:21.711 [ReconcilerExecutor-hivemq-controller-116] DEBUG c.h.p.o.h.HiveMQPlatformReconcilerErrorHandler - [helmcust] Pod 'test-hivemq-platform-1' condition 'PodScheduled': True
2025-01-30 04:02:21,715 INFO c.h.h.t.HelmChartContainer - [hivemq-test-hivemq-platform] [hivemq-platform-operator] [de7f8976] 04:02:21.711 [ReconcilerExecutor-hivemq-controller-116] DEBUG c.h.p.o.h.HiveMQPlatformReconcilerErrorHandler - [helmcust] Pod 'test-hivemq-platform-1' containerStatus 'hivemq' (started: false) (ready: false) (waiting: [PodInitializing] null)
2025-01-30 04:02:21,715 INFO c.h.h.t.HelmChartContainer - [hivemq-test-hivemq-platform] [hivemq-platform-operator] [de7f8976] 04:02:21.712 [ReconcilerExecutor-hivemq-controller-116] DEBUG c.h.p.o.h.HiveMQPlatformReconcilerErrorHandler - [helmcust] Pod 'test-hivemq-platform-0' phase Running
2025-01-30 04:02:21,715 INFO c.h.h.t.HelmChartContainer - [hivemq-test-hivemq-platform] [hivemq-platform-operator] [de7f8976] 04:02:21.713 [ReconcilerExecutor-hivemq-controller-116] INFO  c.h.p.o.h.HiveMQPlatformReconcilerBaseHandler - [helmcust] HiveMQ Platform is starting, 1 of 2 replicas are ready
2025-01-30 04:02:21,850 INFO c.h.h.t.HelmChartContainer - [EVENT] Normal [Pulled] Container image "docker.io/hivemq/hivemq-platform-operator-init-test:snapshot" already present on machine [helmcustomconfigit:test-hivemq-platform-1]
2025-01-30 04:02:21,855 INFO c.h.h.t.HelmChartContainer - [EVENT] Normal [Created] Created container: hivemq-platform-operator-init [helmcustomconfigit:test-hivemq-platform-1]
2025-01-30 04:02:21,897 INFO c.h.h.t.HelmChartContainer - [EVENT] Normal [Started] Started container hivemq-platform-operator-init [helmcustomconfigit:test-hivemq-platform-1]
2025-01-30 04:02:22,358 INFO c.h.h.t.HelmChartContainer - [EVENT] Normal [Pulled] Container image "docker.io/hivemq/hivemq4:4.36.0" already present on machine [helmcustomconfigit:test-hivemq-platform-1]
2025-01-30 04:02:22,359 INFO c.h.h.t.HelmChartContainer - Received Pulled event for container hivemq in pod test-hivemq-platform-1 [8c4f6623-6d66-49fb-adfb-05069a258e9a]
2025-01-30 04:02:22,364 INFO c.h.h.t.HelmChartContainer - [POD] test-hivemq-platform-1 [8c4f6623-6d66-49fb-adfb-05069a258e9a] in helmcustomconfigit was MODIFIED
2025-01-30 04:02:22,385 INFO c.h.h.t.HelmChartContainer - [hivemq-test-hivemq-platform] [hivemq-platform-operator] [de7f8976] 04:02:22.374 [pool-6-thread-33] DEBUG c.h.p.o.d.PlatformServiceResource - [helmcust] Desired Platform services (3 services)
2025-01-30 04:02:22,388 INFO c.h.h.t.HelmChartContainer - [EVENT] Normal [Created] Created container: hivemq [helmcustomconfigit:test-hivemq-platform-1]
2025-01-30 04:02:22,388 INFO c.h.h.t.HelmChartContainer - Received Created event for container hivemq in pod test-hivemq-platform-1 [8c4f6623-6d66-49fb-adfb-05069a258e9a]
2025-01-30 04:02:22,394 INFO c.h.h.t.HelmChartContainer - [hivemq-test-hivemq-platform] [hivemq-platform-operator] [de7f8976] 04:02:22.377 [pool-6-thread-35] DEBUG c.h.p.o.dependants.PodInfoConfigMap - [helmcust] Desired PodInfo ConfigMap (1 extensions) (1 enabled)
2025-01-30 04:02:22,394 INFO c.h.h.t.HelmChartContainer - [hivemq-test-hivemq-platform] [hivemq-platform-operator] [de7f8976] 04:02:22.377 [pool-6-thread-35] DEBUG c.h.p.o.dependants.PodInfoConfigMap - [helmcust] Desired PodInfo ConfigMap (metrics port: 9399) (metrics path: /)
2025-01-30 04:02:22,395 INFO c.h.h.t.HelmChartContainer - [hivemq-test-hivemq-platform] [hivemq-platform-operator] [de7f8976] 04:02:22.377 [pool-6-thread-35] DEBUG c.h.p.o.dependants.PodInfoConfigMap - [helmcust] Desired PodInfo ConfigMap (extension state hash: -1817474005)
2025-01-30 04:02:22,395 INFO c.h.h.t.HelmChartContainer - [hivemq-test-hivemq-platform] [hivemq-platform-operator] [de7f8976] 04:02:22.379 [pool-6-thread-31] DEBUG c.h.p.o.d.PodServiceAccountResource - [helmcust] Desired PodServiceAccountResource (serviceAccountName: hivemq-platform-pod-test-hivemq-platform)
2025-01-30 04:02:22,395 INFO c.h.h.t.HelmChartContainer - [hivemq-test-hivemq-platform] [hivemq-platform-operator] [de7f8976] 04:02:22.383 [pool-6-thread-35] DEBUG c.h.p.o.d.StatefulSetResource - [helmcust] Desired StatefulSet (2 replicas) for status STARTING (READY)
2025-01-30 04:02:22,407 INFO c.h.h.t.HelmChartContainer - [hivemq-test-hivemq-platform] [hivemq-platform-operator] [de7f8976] 04:02:22.403 [ReconcilerExecutor-hivemq-controller-117] INFO  c.h.p.o.HiveMQPlatformReconciler - [helmcust] Reconciling HiveMQ Platform 'test-hivemq-platform' in namespace 'helmcustomconfigit'
2025-01-30 04:02:22,407 INFO c.h.h.t.HelmChartContainer - [hivemq-test-hivemq-platform] [hivemq-platform-operator] [de7f8976] 04:02:22.403 [ReconcilerExecutor-hivemq-controller-117] DEBUG c.h.p.o.HiveMQPlatformReconciler - [helmcust] Custom Resource Status STARTING - HiveMQ Platform is starting (READY)
2025-01-30 04:02:22,407 INFO c.h.h.t.HelmChartContainer - [hivemq-test-hivemq-platform] [hivemq-platform-operator] [de7f8976] 04:02:22.403 [ReconcilerExecutor-hivemq-controller-117] DEBUG c.h.p.o.HiveMQPlatformReconciler - [helmcust] Custom Resource Spec (replicas: 2) (extensions: 1)
2025-01-30 04:02:22,414 INFO c.h.h.t.HelmChartContainer - [hivemq-test-hivemq-platform] [hivemq-platform-operator] [de7f8976] 04:02:22.410 [ReconcilerExecutor-hivemq-controller-117] DEBUG c.h.p.o.HiveMQPlatformReconciler - [helmcust] StatefulSet Status (revision: test-hivemq-platform-86bfbd5557, replicas: 2, available: 1, ready: 1, current: 2, updated: 2)
2025-01-30 04:02:22,414 INFO c.h.h.t.HelmChartContainer - [hivemq-test-hivemq-platform] [hivemq-platform-operator] [de7f8976] 04:02:22.410 [ReconcilerExecutor-hivemq-controller-117] DEBUG c.h.p.o.HiveMQPlatformReconciler - [helmcust] StatefulSet Spec (replicas: 2, init containers: 1, containers: 1, volumes: 3)
2025-01-30 04:02:22,421 INFO c.h.h.t.HelmChartContainer - [hivemq-test-hivemq-platform] [hivemq-platform-operator] [de7f8976] 04:02:22.419 [ReconcilerExecutor-hivemq-controller-117] DEBUG c.h.p.o.h.HiveMQPlatformReconcilerErrorHandler - [helmcust] Pod 'test-hivemq-platform-1' phase Pending
2025-01-30 04:02:22,421 INFO c.h.h.t.HelmChartContainer - [hivemq-test-hivemq-platform] [hivemq-platform-operator] [de7f8976] 04:02:22.420 [ReconcilerExecutor-hivemq-controller-117] DEBUG c.h.p.o.h.HiveMQPlatformReconcilerErrorHandler - [helmcust] Pod 'test-hivemq-platform-1' condition 'PodReadyToStartContainers': True
2025-01-30 04:02:22,422 INFO c.h.h.t.HelmChartContainer - [hivemq-test-hivemq-platform] [hivemq-platform-operator] [de7f8976] 04:02:22.420 [ReconcilerExecutor-hivemq-controller-117] DEBUG c.h.p.o.h.HiveMQPlatformReconcilerErrorHandler - [helmcust] Pod 'test-hivemq-platform-1' condition 'Initialized': True
2025-01-30 04:02:22,422 INFO c.h.h.t.HelmChartContainer - [hivemq-test-hivemq-platform] [hivemq-platform-operator] [de7f8976] 04:02:22.420 [ReconcilerExecutor-hivemq-controller-117] DEBUG c.h.p.o.h.HiveMQPlatformReconcilerErrorHandler - [helmcust] Pod 'test-hivemq-platform-1' condition 'Ready': False
2025-01-30 04:02:22,422 INFO c.h.h.t.HelmChartContainer - [hivemq-test-hivemq-platform] [hivemq-platform-operator] [de7f8976] 04:02:22.420 [ReconcilerExecutor-hivemq-controller-117] DEBUG c.h.p.o.h.HiveMQPlatformReconcilerErrorHandler - [helmcust] Pod 'test-hivemq-platform-1' condition 'ContainersReady': False
2025-01-30 04:02:22,422 INFO c.h.h.t.HelmChartContainer - [hivemq-test-hivemq-platform] [hivemq-platform-operator] [de7f8976] 04:02:22.420 [ReconcilerExecutor-hivemq-controller-117] DEBUG c.h.p.o.h.HiveMQPlatformReconcilerErrorHandler - [helmcust] Pod 'test-hivemq-platform-1' condition 'PodScheduled': True
2025-01-30 04:02:22,422 INFO c.h.h.t.HelmChartContainer - [hivemq-test-hivemq-platform] [hivemq-platform-operator] [de7f8976] 04:02:22.420 [ReconcilerExecutor-hivemq-controller-117] DEBUG c.h.p.o.h.HiveMQPlatformReconcilerErrorHandler - [helmcust] Pod 'test-hivemq-platform-1' containerStatus 'hivemq' (started: false) (ready: false) (waiting: [PodInitializing] null)
2025-01-30 04:02:22,482 INFO c.h.h.t.HelmChartContainer - [hivemq-test-hivemq-platform] [hivemq-platform-operator] [de7f8976] 04:02:22.481 [ReconcilerExecutor-hivemq-controller-117] DEBUG c.h.p.o.h.HiveMQPlatformReconcilerErrorHandler - [helmcust] Pod 'test-hivemq-platform-0' phase Running
2025-01-30 04:02:22,483 INFO c.h.h.t.HelmChartContainer - [hivemq-test-hivemq-platform] [hivemq-platform-operator] [de7f8976] 04:02:22.482 [ReconcilerExecutor-hivemq-controller-117] INFO  c.h.p.o.h.HiveMQPlatformReconcilerBaseHandler - [helmcust] HiveMQ Platform is starting, 1 of 2 replicas are ready
2025-01-30 04:02:23,365 INFO c.h.h.t.HelmChartContainer - [POD] test-hivemq-platform-1 [8c4f6623-6d66-49fb-adfb-05069a258e9a] in helmcustomconfigit was MODIFIED
2025-01-30 04:02:23,376 INFO c.h.h.t.HelmChartContainer - [EVENT] Normal [Started] Started container hivemq [helmcustomconfigit:test-hivemq-platform-1]
2025-01-30 04:02:23,376 INFO c.h.h.t.HelmChartContainer - Started log watcher for hivemq in pod test-hivemq-platform-1 [8c4f6623-6d66-49fb-adfb-05069a258e9a]
2025-01-30 04:02:23,376 INFO c.h.h.t.HelmChartContainer - Received Started event for container hivemq in pod test-hivemq-platform-1 [8c4f6623-6d66-49fb-adfb-05069a258e9a]
2025-01-30 04:02:23,376 INFO c.h.h.t.HelmChartContainer - [hivemq-test-hivemq-platform] [hivemq-platform-operator] [de7f8976] 04:02:23.372 [pool-6-thread-46] DEBUG c.h.p.o.d.PlatformServiceResource - [helmcust] Desired Platform services (3 services)
2025-01-30 04:02:23,376 INFO c.h.h.t.HelmChartContainer - [hivemq-test-hivemq-platform] [hivemq-platform-operator] [de7f8976] 04:02:23.375 [pool-6-thread-41] DEBUG c.h.p.o.dependants.PodInfoConfigMap - [helmcust] Desired PodInfo ConfigMap (1 extensions) (1 enabled)
2025-01-30 04:02:23,377 INFO c.h.h.t.HelmChartContainer - [test-hivemq-platform] [hivemq] [8c4f6623] Adding pre-installed HiveMQ Platform Operator extensions
2025-01-30 04:02:23,377 INFO c.h.h.t.HelmChartContainer - [test-hivemq-platform] [hivemq] [8c4f6623] Running as user 10000
2025-01-30 04:02:23,377 INFO c.h.h.t.HelmChartContainer - [test-hivemq-platform] [hivemq] [8c4f6623] Starting HiveMQ Platform Operator Init
2025-01-30 04:02:23,382 INFO c.h.h.t.HelmChartContainer - [hivemq-test-hivemq-platform] [hivemq-platform-operator] [de7f8976] 04:02:23.375 [pool-6-thread-41] DEBUG c.h.p.o.dependants.PodInfoConfigMap - [helmcust] Desired PodInfo ConfigMap (metrics port: 9399) (metrics path: /)
2025-01-30 04:02:23,382 INFO c.h.h.t.HelmChartContainer - [hivemq-test-hivemq-platform] [hivemq-platform-operator] [de7f8976] 04:02:23.375 [pool-6-thread-41] DEBUG c.h.p.o.dependants.PodInfoConfigMap - [helmcust] Desired PodInfo ConfigMap (extension state hash: -1817474005)
2025-01-30 04:02:23,382 INFO c.h.h.t.HelmChartContainer - [hivemq-test-hivemq-platform] [hivemq-platform-operator] [de7f8976] 04:02:23.377 [pool-6-thread-49] DEBUG c.h.p.o.d.PodServiceAccountResource - [helmcust] Desired PodServiceAccountResource (serviceAccountName: hivemq-platform-pod-test-hivemq-platform)
2025-01-30 04:02:23,386 INFO c.h.h.t.HelmChartContainer - [hivemq-test-hivemq-platform] [hivemq-platform-operator] [de7f8976] 04:02:23.383 [pool-6-thread-46] DEBUG c.h.p.o.d.StatefulSetResource - [helmcust] Desired StatefulSet (2 replicas) for status STARTING (READY)
2025-01-30 04:02:23,388 INFO c.h.h.t.HelmChartContainer - [hivemq-test-hivemq-platform] [hivemq-platform-operator] [de7f8976] 04:02:23.386 [ReconcilerExecutor-hivemq-controller-118] INFO  c.h.p.o.HiveMQPlatformReconciler - [helmcust] Reconciling HiveMQ Platform 'test-hivemq-platform' in namespace 'helmcustomconfigit'
2025-01-30 04:02:23,388 INFO c.h.h.t.HelmChartContainer - [hivemq-test-hivemq-platform] [hivemq-platform-operator] [de7f8976] 04:02:23.386 [ReconcilerExecutor-hivemq-controller-118] DEBUG c.h.p.o.HiveMQPlatformReconciler - [helmcust] Custom Resource Status STARTING - HiveMQ Platform is starting (READY)
2025-01-30 04:02:23,388 INFO c.h.h.t.HelmChartContainer - [hivemq-test-hivemq-platform] [hivemq-platform-operator] [de7f8976] 04:02:23.386 [ReconcilerExecutor-hivemq-controller-118] DEBUG c.h.p.o.HiveMQPlatformReconciler - [helmcust] Custom Resource Spec (replicas: 2) (extensions: 1)
2025-01-30 04:02:23,391 INFO c.h.h.t.HelmChartContainer - [hivemq-test-hivemq-platform] [hivemq-platform-operator] [de7f8976] 04:02:23.389 [ReconcilerExecutor-hivemq-controller-118] DEBUG c.h.p.o.HiveMQPlatformReconciler - [helmcust] StatefulSet Status (revision: test-hivemq-platform-86bfbd5557, replicas: 2, available: 1, ready: 1, current: 2, updated: 2)
2025-01-30 04:02:23,391 INFO c.h.h.t.HelmChartContainer - [hivemq-test-hivemq-platform] [hivemq-platform-operator] [de7f8976] 04:02:23.389 [ReconcilerExecutor-hivemq-controller-118] DEBUG c.h.p.o.HiveMQPlatformReconciler - [helmcust] StatefulSet Spec (replicas: 2, init containers: 1, containers: 1, volumes: 3)
2025-01-30 04:02:23,392 INFO c.h.h.t.HelmChartContainer - [hivemq-test-hivemq-platform] [hivemq-platform-operator] [de7f8976] 04:02:23.390 [ReconcilerExecutor-hivemq-controller-118] DEBUG c.h.p.o.h.HiveMQPlatformReconcilerErrorHandler - [helmcust] Pod 'test-hivemq-platform-1' phase Running
2025-01-30 04:02:23,404 INFO c.h.h.t.HelmChartContainer - [hivemq-test-hivemq-platform] [hivemq-platform-operator] [de7f8976] 04:02:23.402 [ReconcilerExecutor-hivemq-controller-118] DEBUG c.h.p.o.h.HiveMQPlatformReconcilerErrorHandler - [helmcust] Pod 'test-hivemq-platform-0' phase Running
2025-01-30 04:02:23,404 INFO c.h.h.t.HelmChartContainer - [hivemq-test-hivemq-platform] [hivemq-platform-operator] [de7f8976] 04:02:23.403 [ReconcilerExecutor-hivemq-controller-118] INFO  c.h.p.o.h.HiveMQPlatformReconcilerBaseHandler - [helmcust] HiveMQ Platform is starting, 1 of 2 replicas are ready
2025-01-30 04:02:23,653 INFO c.h.h.t.HelmChartContainer - [test-hivemq-platform] [hivemq] [8c4f6623] INFO  - [HiveMQ Platform Operator Init 1.7.0-SNAPSHOT] HiveMQ Platform Operator Init 1.7.0-SNAPSHOT (commit: 47e3375 on branch: HEAD) built on Thu Jan 30 03:55:50 UTC 2025
2025-01-30 04:02:24,765 INFO c.h.h.t.HelmChartContainer - [test-hivemq-platform] [hivemq] [8c4f6623] INFO  - [HiveMQ Platform Operator Init App 1.7.0-SNAPSHOT] Using bind address 10.42.0.9 from environment variable
2025-01-30 04:02:25,637 INFO c.h.h.t.HelmChartContainer - [test-hivemq-platform] [hivemq] [8c4f6623] INFO  - [HiveMQ Platform Operator Init App 1.7.0-SNAPSHOT] HiveMQ Platform Operator Init App 1.7.0-SNAPSHOT (commit: 47e3375 on branch: HEAD) built on Thu Jan 30 03:55:50 UTC 2025
2025-01-30 04:02:25,638 INFO c.h.h.t.HelmChartContainer - [test-hivemq-platform] [hivemq] [8c4f6623] INFO  - [HiveMQ Platform Operator Init App 1.7.0-SNAPSHOT] PodInfo ConfigMap directory: /etc/podinfo
2025-01-30 04:02:25,638 INFO c.h.h.t.HelmChartContainer - [test-hivemq-platform] [hivemq] [8c4f6623] INFO  - [HiveMQ Platform Operator Init App 1.7.0-SNAPSHOT] HiveMQ home directory: /opt/hivemq
2025-01-30 04:02:25,638 INFO c.h.h.t.HelmChartContainer - [test-hivemq-platform] [hivemq] [8c4f6623] INFO  - [HiveMQ Platform Operator Init App 1.7.0-SNAPSHOT] HiveMQ Logback folder: /opt/hivemq/conf
2025-01-30 04:02:25,638 INFO c.h.h.t.HelmChartContainer - [test-hivemq-platform] [hivemq] [8c4f6623] INFO  - [HiveMQ Platform Operator Init App 1.7.0-SNAPSHOT] HiveMQ Config folder: /opt/hivemq/conf-k8s
2025-01-30 04:02:25,639 INFO c.h.h.t.HelmChartContainer - [test-hivemq-platform] [hivemq] [8c4f6623] INFO  - [HiveMQ Platform Operator Init App 1.7.0-SNAPSHOT] Starting HiveMQ Platform Operator Init App
2025-01-30 04:02:25,639 INFO c.h.h.t.HelmChartContainer - [test-hivemq-platform] [hivemq] [8c4f6623] INFO  - [HiveMQ Platform Operator Init App 1.7.0-SNAPSHOT] Starting Pod reconciler
2025-01-30 04:02:26,751 INFO c.h.h.t.HelmChartContainer - [test-hivemq-platform] [hivemq] [8c4f6623] INFO  - [HiveMQ Platform Operator Init App 1.7.0-SNAPSHOT] Pod reconciler is scheduled (interval: 5000 ms)
2025-01-30 04:02:26,752 INFO c.h.h.t.HelmChartContainer - [test-hivemq-platform] [hivemq] [8c4f6623] INFO  - [HiveMQ Platform Operator Init App 1.7.0-SNAPSHOT] Starting the REST API on 10.42.0.9:7979
2025-01-30 04:02:26,754 INFO c.h.h.t.HelmChartContainer - [test-hivemq-platform] [hivemq] [8c4f6623] INFO  - [HiveMQ Platform Operator Init App 1.7.0-SNAPSHOT] Waiting up to 600s for at most 2 HiveMQ nodes in cluster service hivemq-test-hivemq-platform-cluster.helmcustomconfigit.svc
2025-01-30 04:02:27,142 INFO c.h.h.t.HelmChartContainer - [test-hivemq-platform] [hivemq] [8c4f6623] INFO  - [HiveMQ Platform Operator Init App 1.7.0-SNAPSHOT] Resolved 2 IP addresses: [10.42.0.8, 10.42.0.9]
2025-01-30 04:02:27,142 INFO c.h.h.t.HelmChartContainer - [test-hivemq-platform] [hivemq] [8c4f6623] INFO  - [HiveMQ Platform Operator Init App 1.7.0-SNAPSHOT] HiveMQ node count of 2 is within threshold of 2
2025-01-30 04:02:27,143 INFO c.h.h.t.HelmChartContainer - [test-hivemq-platform] [hivemq] [8c4f6623] INFO  - [HiveMQ Platform Operator Init App 1.7.0-SNAPSHOT] Proceeding with container start
2025-01-30 04:02:27,239 INFO c.h.h.t.HelmChartContainer - [test-hivemq-platform] [hivemq] [8c4f6623] INFO  - [HiveMQ Platform Operator Init App 1.7.0-SNAPSHOT] Initializing HiveMQ Platform extensions with initial configuration: {hivemq-allow-all-extension={start-priority=-1, skip-https-hostname-verification=false, restart=true, config-version=0, header-version=0, c-uri=, priority=-1, uri=preinstalled, skip-https-certificate-validation=false, enabled=true}, hivemq-prometheus-extension={request-header-path=no-request-headers, enabled=true, restart=true, priority=-1, start-priority=-1, c-uri=, skip-https-hostname-verification=false, skip-https-certificate-validation=false, uri=preinstalled}}
2025-01-30 04:02:27,649 INFO c.h.h.t.HelmChartContainer - [test-hivemq-platform] [hivemq] [8c4f6623] INFO  - [HiveMQ Platform Operator Init App 1.7.0-SNAPSHOT] Extension hivemq-allow-all-extension was already enabled
2025-01-30 04:02:27,740 INFO c.h.h.t.HelmChartContainer - [test-hivemq-platform] [hivemq] [8c4f6623] INFO  - [HiveMQ Platform Operator Init App 1.7.0-SNAPSHOT] Successfully enabled extension hivemq-prometheus-extension
2025-01-30 04:02:27,742 INFO c.h.h.t.HelmChartContainer - [test-hivemq-platform] [hivemq] [8c4f6623] INFO  - [HiveMQ Platform Operator Init App 1.7.0-SNAPSHOT] Starting HiveMQ Platform version 4.36.0 (4.36.0)
2025-01-30 04:02:27,742 INFO c.h.h.t.HelmChartContainer - [test-hivemq-platform] [hivemq] [8c4f6623] INFO  - [HiveMQ Platform Operator Init App 1.7.0-SNAPSHOT] Configuring the HiveMQ Platform
2025-01-30 04:02:27,838 INFO c.h.h.t.HelmChartContainer - [test-hivemq-platform] [hivemq] [8c4f6623] INFO  - [HiveMQ Platform Operator Init App 1.7.0-SNAPSHOT] Changed logback.xml file scan period to 20 seconds
2025-01-30 04:02:27,851 INFO c.h.h.t.HelmChartContainer - [test-hivemq-platform] [hivemq] [8c4f6623] INFO  - [HiveMQ Platform Operator Init App 1.7.0-SNAPSHOT] Starting the HiveMQ Platform
2025-01-30 04:02:27,935 INFO c.h.h.t.HelmChartContainer - [test-hivemq-platform] [hivemq] [8c4f6623] -------------------------------------------------------------------------
2025-01-30 04:02:27,935 INFO c.h.h.t.HelmChartContainer - [test-hivemq-platform] [hivemq] [8c4f6623] 
2025-01-30 04:02:27,935 INFO c.h.h.t.HelmChartContainer - [test-hivemq-platform] [hivemq] [8c4f6623]                   _    _  _              __  __   ____
2025-01-30 04:02:27,936 INFO c.h.h.t.HelmChartContainer - [test-hivemq-platform] [hivemq] [8c4f6623]                  | |  | |(_)            |  \/  | / __ \
2025-01-30 04:02:27,936 INFO c.h.h.t.HelmChartContainer - [test-hivemq-platform] [hivemq] [8c4f6623]                  | |__| | _ __   __ ___ | \  / || |  | |
2025-01-30 04:02:27,936 INFO c.h.h.t.HelmChartContainer - [test-hivemq-platform] [hivemq] [8c4f6623]                  |  __  || |\ \ / // _ \| |\/| || |  | |
2025-01-30 04:02:27,936 INFO c.h.h.t.HelmChartContainer - [test-hivemq-platform] [hivemq] [8c4f6623]                  | |  | || | \ V /|  __/| |  | || |__| |
2025-01-30 04:02:27,936 INFO c.h.h.t.HelmChartContainer - [test-hivemq-platform] [hivemq] [8c4f6623]                  |_|  |_||_|  \_/  \___||_|  |_| \___\_\
2025-01-30 04:02:27,936 INFO c.h.h.t.HelmChartContainer - [test-hivemq-platform] [hivemq] [8c4f6623] 
2025-01-30 04:02:27,936 INFO c.h.h.t.HelmChartContainer - [test-hivemq-platform] [hivemq] [8c4f6623] -------------------------------------------------------------------------
2025-01-30 04:02:27,936 INFO c.h.h.t.HelmChartContainer - [test-hivemq-platform] [hivemq] [8c4f6623] 
2025-01-30 04:02:27,936 INFO c.h.h.t.HelmChartContainer - [test-hivemq-platform] [hivemq] [8c4f6623]   HiveMQ Start Script for Linux/Unix v1.14
2025-01-30 04:02:27,936 INFO c.h.h.t.HelmChartContainer - [test-hivemq-platform] [hivemq] [8c4f6623] 
2025-01-30 04:02:27,963 INFO c.h.h.t.HelmChartContainer - [test-hivemq-platform] [hivemq] [8c4f6623] -------------------------------------------------------------------------
2025-01-30 04:02:27,963 INFO c.h.h.t.HelmChartContainer - [test-hivemq-platform] [hivemq] [8c4f6623] 
2025-01-30 04:02:27,964 INFO c.h.h.t.HelmChartContainer - [test-hivemq-platform] [hivemq] [8c4f6623]   HIVEMQ_HOME: /opt/hivemq
2025-01-30 04:02:27,964 INFO c.h.h.t.HelmChartContainer - [test-hivemq-platform] [hivemq] [8c4f6623] 
2025-01-30 04:02:27,964 INFO c.h.h.t.HelmChartContainer - [test-hivemq-platform] [hivemq] [8c4f6623]   JAVA_OPTS: -XX:+UnlockExperimentalVMOptions -XX:InitialRAMPercentage=50 -XX:MaxRAMPercentage=50 -Djava.net.preferIPv4Stack=true --add-opens java.base/java.lang=ALL-UNNAMED --add-opens java.base/java.nio=ALL-UNNAMED --add-opens java.base/sun.nio.ch=ALL-UNNAMED --add-opens jdk.management/com.sun.management.internal=ALL-UNNAMED --add-exports java.base/jdk.internal.misc=ALL-UNNAMED -Djava.security.egd=file:/dev/./urandom -Dcom.sun.management.jmxremote -Dcom.sun.management.jmxremote.port=9010 -Dcom.sun.management.jmxremote.local.only=false -Dcom.sun.management.jmxremote.authenticate=false -Dcom.sun.management.jmxremote.ssl=false -Duser.language=en -Duser.region=US -XX:+CrashOnOutOfMemoryError -XX:+HeapDumpOnOutOfMemoryError
2025-01-30 04:02:27,964 INFO c.h.h.t.HelmChartContainer - [test-hivemq-platform] [hivemq] [8c4f6623] 
2025-01-30 04:02:27,964 INFO c.h.h.t.HelmChartContainer - [test-hivemq-platform] [hivemq] [8c4f6623]   JAVA_VERSION: 21
2025-01-30 04:02:27,964 INFO c.h.h.t.HelmChartContainer - [test-hivemq-platform] [hivemq] [8c4f6623] 
2025-01-30 04:02:27,964 INFO c.h.h.t.HelmChartContainer - [test-hivemq-platform] [hivemq] [8c4f6623] -------------------------------------------------------------------------
2025-01-30 04:02:27,964 INFO c.h.h.t.HelmChartContainer - [test-hivemq-platform] [hivemq] [8c4f6623] 
2025-01-30 04:02:29,444 INFO c.h.h.t.HelmChartContainer - [test-hivemq-platform] [hivemq] [8c4f6623] INFO  - [HiveMQ Platform Operator Init App 1.7.0-SNAPSHOT] Returning default Health API response 503 for readiness
2025-01-30 04:02:29,848 INFO c.h.h.t.HelmChartContainer - [EVENT] Warning [Unhealthy] Readiness probe failed: HTTP probe failed with statuscode: 503 [helmcustomconfigit:test-hivemq-platform-1]
2025-01-30 04:02:29,848 INFO c.h.h.t.HelmChartContainer - Received Unhealthy event for container hivemq in pod test-hivemq-platform-1 [8c4f6623-6d66-49fb-adfb-05069a258e9a]
2025-01-30 04:02:30,643 INFO c.h.h.t.HelmChartContainer - [test-hivemq-platform] [hivemq] [8c4f6623] INFO  - Starting HiveMQ Enterprise Server
2025-01-30 04:02:30,650 INFO c.h.h.t.HelmChartContainer - [test-hivemq-platform] [hivemq] [8c4f6623] INFO  - HiveMQ version: 4.36.0
2025-01-30 04:02:30,650 INFO c.h.h.t.HelmChartContainer - [test-hivemq-platform] [hivemq] [8c4f6623] INFO  - HiveMQ home directory: /opt/hivemq
2025-01-30 04:02:30,650 INFO c.h.h.t.HelmChartContainer - [test-hivemq-platform] [hivemq] [8c4f6623] INFO  - Log Configuration was overridden by /opt/hivemq/conf/logback.xml
2025-01-30 04:02:31,954 INFO c.h.h.t.HelmChartContainer - [test-hivemq-platform] [hivemq] [8c4f6623] INFO  - Successfully loaded configuration from '/opt/hivemq/conf-k8s/config.xml'.
2025-01-30 04:02:32,638 INFO c.h.h.t.HelmChartContainer - [test-hivemq-platform] [hivemq] [8c4f6623] INFO  - This node's ID is bYaQx
2025-01-30 04:02:32,638 INFO c.h.h.t.HelmChartContainer - [test-hivemq-platform] [hivemq] [8c4f6623] INFO  - Clustering is enabled
2025-01-30 04:02:33,407 INFO c.h.h.t.HelmChartContainer - [hivemq-test-hivemq-platform] [hivemq-platform-operator] [de7f8976] 04:02:33.406 [pool-6-thread-1] DEBUG c.h.p.o.d.PlatformServiceResource - [helmcust] Desired Platform services (3 services)
2025-01-30 04:02:33,408 INFO c.h.h.t.HelmChartContainer - [hivemq-test-hivemq-platform] [hivemq-platform-operator] [de7f8976] 04:02:33.407 [pool-6-thread-3] DEBUG c.h.p.o.dependants.PodInfoConfigMap - [helmcust] Desired PodInfo ConfigMap (1 extensions) (1 enabled)
2025-01-30 04:02:33,409 INFO c.h.h.t.HelmChartContainer - [hivemq-test-hivemq-platform] [hivemq-platform-operator] [de7f8976] 04:02:33.408 [pool-6-thread-3] DEBUG c.h.p.o.dependants.PodInfoConfigMap - [helmcust] Desired PodInfo ConfigMap (metrics port: 9399) (metrics path: /)
2025-01-30 04:02:33,409 INFO c.h.h.t.HelmChartContainer - [hivemq-test-hivemq-platform] [hivemq-platform-operator] [de7f8976] 04:02:33.408 [pool-6-thread-3] DEBUG c.h.p.o.dependants.PodInfoConfigMap - [helmcust] Desired PodInfo ConfigMap (extension state hash: -1817474005)
2025-01-30 04:02:33,413 INFO c.h.h.t.HelmChartContainer - [hivemq-test-hivemq-platform] [hivemq-platform-operator] [de7f8976] 04:02:33.411 [pool-6-thread-4] DEBUG c.h.p.o.d.PodServiceAccountResource - [helmcust] Desired PodServiceAccountResource (serviceAccountName: hivemq-platform-pod-test-hivemq-platform)
2025-01-30 04:02:33,414 INFO c.h.h.t.HelmChartContainer - [hivemq-test-hivemq-platform] [hivemq-platform-operator] [de7f8976] 04:02:33.414 [pool-6-thread-10] DEBUG c.h.p.o.d.StatefulSetResource - [helmcust] Desired StatefulSet (2 replicas) for status STARTING (READY)
2025-01-30 04:02:33,417 INFO c.h.h.t.HelmChartContainer - [hivemq-test-hivemq-platform] [hivemq-platform-operator] [de7f8976] 04:02:33.417 [ReconcilerExecutor-hivemq-controller-119] INFO  c.h.p.o.HiveMQPlatformReconciler - [helmcust] Reconciling HiveMQ Platform 'test-hivemq-platform' in namespace 'helmcustomconfigit'
2025-01-30 04:02:33,418 INFO c.h.h.t.HelmChartContainer - [hivemq-test-hivemq-platform] [hivemq-platform-operator] [de7f8976] 04:02:33.417 [ReconcilerExecutor-hivemq-controller-119] DEBUG c.h.p.o.HiveMQPlatformReconciler - [helmcust] Custom Resource Status STARTING - HiveMQ Platform is starting (READY)
2025-01-30 04:02:33,419 INFO c.h.h.t.HelmChartContainer - [hivemq-test-hivemq-platform] [hivemq-platform-operator] [de7f8976] 04:02:33.417 [ReconcilerExecutor-hivemq-controller-119] DEBUG c.h.p.o.HiveMQPlatformReconciler - [helmcust] Custom Resource Spec (replicas: 2) (extensions: 1)
2025-01-30 04:02:33,420 INFO c.h.h.t.HelmChartContainer - [hivemq-test-hivemq-platform] [hivemq-platform-operator] [de7f8976] 04:02:33.419 [ReconcilerExecutor-hivemq-controller-119] DEBUG c.h.p.o.HiveMQPlatformReconciler - [helmcust] StatefulSet Status (revision: test-hivemq-platform-86bfbd5557, replicas: 2, available: 1, ready: 1, current: 2, updated: 2)
2025-01-30 04:02:33,420 INFO c.h.h.t.HelmChartContainer - [hivemq-test-hivemq-platform] [hivemq-platform-operator] [de7f8976] 04:02:33.419 [ReconcilerExecutor-hivemq-controller-119] DEBUG c.h.p.o.HiveMQPlatformReconciler - [helmcust] StatefulSet Spec (replicas: 2, init containers: 1, containers: 1, volumes: 3)
2025-01-30 04:02:33,421 INFO c.h.h.t.HelmChartContainer - [hivemq-test-hivemq-platform] [hivemq-platform-operator] [de7f8976] 04:02:33.420 [ReconcilerExecutor-hivemq-controller-119] DEBUG c.h.p.o.h.HiveMQPlatformReconcilerErrorHandler - [helmcust] Pod 'test-hivemq-platform-1' phase Running
2025-01-30 04:02:33,422 INFO c.h.h.t.HelmChartContainer - [hivemq-test-hivemq-platform] [hivemq-platform-operator] [de7f8976] 04:02:33.421 [ReconcilerExecutor-hivemq-controller-119] DEBUG c.h.p.o.h.HiveMQPlatformReconcilerErrorHandler - [helmcust] Pod 'test-hivemq-platform-0' phase Running
2025-01-30 04:02:33,504 INFO c.h.h.t.HelmChartContainer - [hivemq-test-hivemq-platform] [hivemq-platform-operator] [de7f8976] 04:02:33.501 [ReconcilerExecutor-hivemq-controller-119] INFO  c.h.p.o.h.HiveMQPlatformReconcilerBaseHandler - [helmcust] HiveMQ Platform is starting, 1 of 2 replicas are ready
2025-01-30 04:02:34,937 INFO c.h.h.t.HelmChartContainer - [test-hivemq-platform] [hivemq] [8c4f6623] WARN  - [HiveMQ Platform Operator Init App 1.7.0-SNAPSHOT] Cannot connect to Health API for readiness: null
2025-01-30 04:02:34,945 INFO c.h.h.t.HelmChartContainer - [EVENT] Warning [Unhealthy] Readiness probe failed: HTTP probe failed with statuscode: 503 [helmcustomconfigit:test-hivemq-platform-1]
2025-01-30 04:02:34,945 INFO c.h.h.t.HelmChartContainer - Received Unhealthy event for container hivemq in pod test-hivemq-platform-1 [8c4f6623-6d66-49fb-adfb-05069a258e9a]
2025-01-30 04:02:38,125 INFO c.h.h.t.HelmChartContainer - [test-hivemq-platform] [hivemq] [5ec81d4c] INFO  - [HiveMQ Platform Operator Init App 1.7.0-SNAPSHOT] Returning Health API response 200 for liveness
2025-01-30 04:02:38,133 INFO c.h.h.t.HelmChartContainer - [test-hivemq-platform] [hivemq] [8c4f6623] Jan 30, 2025 4:02:38 AM io.vertx.core.impl.BlockedThreadChecker
2025-01-30 04:02:38,133 INFO c.h.h.t.HelmChartContainer - [test-hivemq-platform] [hivemq] [8c4f6623] WARNING: Thread Thread[vert.x-eventloop-thread-1,5,main] has been blocked for 2599 ms, time limit is 2000 ms
2025-01-30 04:02:38,141 INFO c.h.h.t.HelmChartContainer - [test-hivemq-platform] [hivemq] [8c4f6623] INFO  - [HiveMQ Platform Operator Init App 1.7.0-SNAPSHOT] Updating Pod HiveMQ Platform Operator Init App version annotation (version: 1.7.0-SNAPSHOT)
2025-01-30 04:02:38,759 INFO c.h.h.t.HelmChartContainer - [hivemq-test-hivemq-platform] [hivemq-platform-operator] [de7f8976] 04:02:38.757 [pool-6-thread-13] DEBUG c.h.p.o.d.PlatformServiceResource - [helmcust] Desired Platform services (3 services)
2025-01-30 04:02:38,759 INFO c.h.h.t.HelmChartContainer - [hivemq-test-hivemq-platform] [hivemq-platform-operator] [de7f8976] 04:02:38.758 [pool-6-thread-18] DEBUG c.h.p.o.dependants.PodInfoConfigMap - [helmcust] Desired PodInfo ConfigMap (1 extensions) (1 enabled)
2025-01-30 04:02:38,760 INFO c.h.h.t.HelmChartContainer - [hivemq-test-hivemq-platform] [hivemq-platform-operator] [de7f8976] 04:02:38.759 [pool-6-thread-18] DEBUG c.h.p.o.dependants.PodInfoConfigMap - [helmcust] Desired PodInfo ConfigMap (metrics port: 9399) (metrics path: /)
2025-01-30 04:02:38,760 INFO c.h.h.t.HelmChartContainer - [hivemq-test-hivemq-platform] [hivemq-platform-operator] [de7f8976] 04:02:38.759 [pool-6-thread-18] DEBUG c.h.p.o.dependants.PodInfoConfigMap - [helmcust] Desired PodInfo ConfigMap (extension state hash: -1817474005)
2025-01-30 04:02:38,762 INFO c.h.h.t.HelmChartContainer - [POD] test-hivemq-platform-1 [8c4f6623-6d66-49fb-adfb-05069a258e9a] in helmcustomconfigit was MODIFIED
2025-01-30 04:02:38,763 INFO c.h.h.t.HelmChartContainer - [hivemq-test-hivemq-platform] [hivemq-platform-operator] [de7f8976] 04:02:38.761 [pool-6-thread-18] DEBUG c.h.p.o.d.PodServiceAccountResource - [helmcust] Desired PodServiceAccountResource (serviceAccountName: hivemq-platform-pod-test-hivemq-platform)
2025-01-30 04:02:38,768 INFO c.h.h.t.HelmChartContainer - [hivemq-test-hivemq-platform] [hivemq-platform-operator] [de7f8976] 04:02:38.767 [pool-6-thread-15] DEBUG c.h.p.o.d.StatefulSetResource - [helmcust] Desired StatefulSet (2 replicas) for status STARTING (READY)
2025-01-30 04:02:38,772 INFO c.h.h.t.HelmChartContainer - [hivemq-test-hivemq-platform] [hivemq-platform-operator] [de7f8976] 04:02:38.771 [ReconcilerExecutor-hivemq-controller-120] INFO  c.h.p.o.HiveMQPlatformReconciler - [helmcust] Reconciling HiveMQ Platform 'test-hivemq-platform' in namespace 'helmcustomconfigit'
2025-01-30 04:02:38,772 INFO c.h.h.t.HelmChartContainer - [hivemq-test-hivemq-platform] [hivemq-platform-operator] [de7f8976] 04:02:38.771 [ReconcilerExecutor-hivemq-controller-120] DEBUG c.h.p.o.HiveMQPlatformReconciler - [helmcust] Custom Resource Status STARTING - HiveMQ Platform is starting (READY)
2025-01-30 04:02:38,772 INFO c.h.h.t.HelmChartContainer - [hivemq-test-hivemq-platform] [hivemq-platform-operator] [de7f8976] 04:02:38.771 [ReconcilerExecutor-hivemq-controller-120] DEBUG c.h.p.o.HiveMQPlatformReconciler - [helmcust] Custom Resource Spec (replicas: 2) (extensions: 1)
2025-01-30 04:02:38,774 INFO c.h.h.t.HelmChartContainer - [hivemq-test-hivemq-platform] [hivemq-platform-operator] [de7f8976] 04:02:38.773 [ReconcilerExecutor-hivemq-controller-120] DEBUG c.h.p.o.HiveMQPlatformReconciler - [helmcust] StatefulSet Status (revision: test-hivemq-platform-86bfbd5557, replicas: 2, available: 1, ready: 1, current: 2, updated: 2)
2025-01-30 04:02:38,774 INFO c.h.h.t.HelmChartContainer - [hivemq-test-hivemq-platform] [hivemq-platform-operator] [de7f8976] 04:02:38.773 [ReconcilerExecutor-hivemq-controller-120] DEBUG c.h.p.o.HiveMQPlatformReconciler - [helmcust] StatefulSet Spec (replicas: 2, init containers: 1, containers: 1, volumes: 3)
2025-01-30 04:02:38,835 INFO c.h.h.t.HelmChartContainer - [hivemq-test-hivemq-platform] [hivemq-platform-operator] [de7f8976] 04:02:38.802 [ReconcilerExecutor-hivemq-controller-120] DEBUG c.h.p.o.h.HiveMQPlatformReconcilerErrorHandler - [helmcust] Pod 'test-hivemq-platform-1' phase Running
2025-01-30 04:02:38,835 INFO c.h.h.t.HelmChartContainer - [hivemq-test-hivemq-platform] [hivemq-platform-operator] [de7f8976] 04:02:38.803 [ReconcilerExecutor-hivemq-controller-120] DEBUG c.h.p.o.h.HiveMQPlatformReconcilerErrorHandler - [helmcust] Pod 'test-hivemq-platform-0' phase Running
2025-01-30 04:02:38,835 INFO c.h.h.t.HelmChartContainer - [hivemq-test-hivemq-platform] [hivemq-platform-operator] [de7f8976] 04:02:38.803 [ReconcilerExecutor-hivemq-controller-120] INFO  c.h.p.o.h.HiveMQPlatformReconcilerBaseHandler - [helmcust] HiveMQ Platform is starting, 1 of 2 replicas are ready
2025-01-30 04:02:38,837 INFO c.h.h.t.HelmChartContainer - [test-hivemq-platform] [hivemq] [8c4f6623] INFO  - [HiveMQ Platform Operator Init App 1.7.0-SNAPSHOT] Successfully updated Pod HiveMQ Platform Operator Init App version annotation (version: 1.7.0-SNAPSHOT)
2025-01-30 04:02:38,840 INFO c.h.h.t.HelmChartContainer - [test-hivemq-platform] [hivemq] [8c4f6623] WARN  - [HiveMQ Platform Operator Init App 1.7.0-SNAPSHOT] Cannot connect to Health API for readiness: null
2025-01-30 04:02:38,848 INFO c.h.h.t.HelmChartContainer - [EVENT] Warning [Unhealthy] Readiness probe failed: HTTP probe failed with statuscode: 503 [helmcustomconfigit:test-hivemq-platform-1]
2025-01-30 04:02:38,848 INFO c.h.h.t.HelmChartContainer - Received Unhealthy event for container hivemq in pod test-hivemq-platform-1 [8c4f6623-6d66-49fb-adfb-05069a258e9a]
2025-01-30 04:02:43,835 INFO c.h.h.t.HelmChartContainer - [test-hivemq-platform] [hivemq] [8c4f6623] WARN  - [HiveMQ Platform Operator Init App 1.7.0-SNAPSHOT] Cannot connect to Health API for readiness: null
2025-01-30 04:02:43,839 INFO c.h.h.t.HelmChartContainer - [EVENT] Warning [Unhealthy] Readiness probe failed: HTTP probe failed with statuscode: 503 [helmcustomconfigit:test-hivemq-platform-1]
2025-01-30 04:02:43,839 INFO c.h.h.t.HelmChartContainer - Received Unhealthy event for container hivemq in pod test-hivemq-platform-1 [8c4f6623-6d66-49fb-adfb-05069a258e9a]
2025-01-30 04:02:48,808 INFO c.h.h.t.HelmChartContainer - [hivemq-test-hivemq-platform] [hivemq-platform-operator] [de7f8976] 04:02:48.806 [pool-6-thread-25] DEBUG c.h.p.o.d.PlatformServiceResource - [helmcust] Desired Platform services (3 services)
2025-01-30 04:02:48,808 INFO c.h.h.t.HelmChartContainer - [hivemq-test-hivemq-platform] [hivemq-platform-operator] [de7f8976] 04:02:48.807 [pool-6-thread-21] DEBUG c.h.p.o.dependants.PodInfoConfigMap - [helmcust] Desired PodInfo ConfigMap (1 extensions) (1 enabled)
2025-01-30 04:02:48,810 INFO c.h.h.t.HelmChartContainer - [hivemq-test-hivemq-platform] [hivemq-platform-operator] [de7f8976] 04:02:48.807 [pool-6-thread-21] DEBUG c.h.p.o.dependants.PodInfoConfigMap - [helmcust] Desired PodInfo ConfigMap (metrics port: 9399) (metrics path: /)
2025-01-30 04:02:48,810 INFO c.h.h.t.HelmChartContainer - [hivemq-test-hivemq-platform] [hivemq-platform-operator] [de7f8976] 04:02:48.807 [pool-6-thread-21] DEBUG c.h.p.o.dependants.PodInfoConfigMap - [helmcust] Desired PodInfo ConfigMap (extension state hash: -1817474005)
2025-01-30 04:02:48,810 INFO c.h.h.t.HelmChartContainer - [hivemq-test-hivemq-platform] [hivemq-platform-operator] [de7f8976] 04:02:48.808 [pool-6-thread-22] DEBUG c.h.p.o.d.PodServiceAccountResource - [helmcust] Desired PodServiceAccountResource (serviceAccountName: hivemq-platform-pod-test-hivemq-platform)
2025-01-30 04:02:48,813 INFO c.h.h.t.HelmChartContainer - [hivemq-test-hivemq-platform] [hivemq-platform-operator] [de7f8976] 04:02:48.812 [pool-6-thread-25] DEBUG c.h.p.o.d.StatefulSetResource - [helmcust] Desired StatefulSet (2 replicas) for status STARTING (READY)
2025-01-30 04:02:48,817 INFO c.h.h.t.HelmChartContainer - [hivemq-test-hivemq-platform] [hivemq-platform-operator] [de7f8976] 04:02:48.815 [ReconcilerExecutor-hivemq-controller-121] INFO  c.h.p.o.HiveMQPlatformReconciler - [helmcust] Reconciling HiveMQ Platform 'test-hivemq-platform' in namespace 'helmcustomconfigit'
2025-01-30 04:02:48,817 INFO c.h.h.t.HelmChartContainer - [hivemq-test-hivemq-platform] [hivemq-platform-operator] [de7f8976] 04:02:48.815 [ReconcilerExecutor-hivemq-controller-121] DEBUG c.h.p.o.HiveMQPlatformReconciler - [helmcust] Custom Resource Status STARTING - HiveMQ Platform is starting (READY)
2025-01-30 04:02:48,817 INFO c.h.h.t.HelmChartContainer - [hivemq-test-hivemq-platform] [hivemq-platform-operator] [de7f8976] 04:02:48.816 [ReconcilerExecutor-hivemq-controller-121] DEBUG c.h.p.o.HiveMQPlatformReconciler - [helmcust] Custom Resource Spec (replicas: 2) (extensions: 1)
2025-01-30 04:02:48,818 INFO c.h.h.t.HelmChartContainer - [hivemq-test-hivemq-platform] [hivemq-platform-operator] [de7f8976] 04:02:48.817 [ReconcilerExecutor-hivemq-controller-121] DEBUG c.h.p.o.HiveMQPlatformReconciler - [helmcust] StatefulSet Status (revision: test-hivemq-platform-86bfbd5557, replicas: 2, available: 1, ready: 1, current: 2, updated: 2)
2025-01-30 04:02:48,819 INFO c.h.h.t.HelmChartContainer - [hivemq-test-hivemq-platform] [hivemq-platform-operator] [de7f8976] 04:02:48.817 [ReconcilerExecutor-hivemq-controller-121] DEBUG c.h.p.o.HiveMQPlatformReconciler - [helmcust] StatefulSet Spec (replicas: 2, init containers: 1, containers: 1, volumes: 3)
2025-01-30 04:02:48,820 INFO c.h.h.t.HelmChartContainer - [hivemq-test-hivemq-platform] [hivemq-platform-operator] [de7f8976] 04:02:48.819 [ReconcilerExecutor-hivemq-controller-121] DEBUG c.h.p.o.h.HiveMQPlatformReconcilerErrorHandler - [helmcust] Pod 'test-hivemq-platform-1' phase Running
2025-01-30 04:02:48,820 INFO c.h.h.t.HelmChartContainer - [hivemq-test-hivemq-platform] [hivemq-platform-operator] [de7f8976] 04:02:48.820 [ReconcilerExecutor-hivemq-controller-121] DEBUG c.h.p.o.h.HiveMQPlatformReconcilerErrorHandler - [helmcust] Pod 'test-hivemq-platform-0' phase Running
2025-01-30 04:02:48,821 INFO c.h.h.t.HelmChartContainer - [hivemq-test-hivemq-platform] [hivemq-platform-operator] [de7f8976] 04:02:48.820 [ReconcilerExecutor-hivemq-controller-121] INFO  c.h.p.o.h.HiveMQPlatformReconcilerBaseHandler - [helmcust] HiveMQ Platform is starting, 1 of 2 replicas are ready
2025-01-30 04:02:48,837 INFO c.h.h.t.HelmChartContainer - [test-hivemq-platform] [hivemq] [8c4f6623] WARN  - [HiveMQ Platform Operator Init App 1.7.0-SNAPSHOT] Cannot connect to Health API for readiness: null
2025-01-30 04:02:48,843 INFO c.h.h.t.HelmChartContainer - [EVENT] Warning [Unhealthy] Readiness probe failed: HTTP probe failed with statuscode: 503 [helmcustomconfigit:test-hivemq-platform-1]
2025-01-30 04:02:48,843 INFO c.h.h.t.HelmChartContainer - Received Unhealthy event for container hivemq in pod test-hivemq-platform-1 [8c4f6623-6d66-49fb-adfb-05069a258e9a]
2025-01-30 04:02:49,654 INFO c.h.h.t.HelmChartContainer - [test-hivemq-platform] [hivemq] [8c4f6623] INFO  - No valid license file found. Using trial license, restricted to 25 connections.
2025-01-30 04:02:51,835 INFO c.h.h.t.HelmChartContainer - [test-hivemq-platform] [hivemq] [8c4f6623] WARN  - [HiveMQ Platform Operator Init App 1.7.0-SNAPSHOT] Cannot connect to Health API for liveness: null
2025-01-30 04:02:51,835 INFO c.h.h.t.HelmChartContainer - [test-hivemq-platform] [hivemq] [8c4f6623] INFO  - [HiveMQ Platform Operator Init App 1.7.0-SNAPSHOT] Returning default Health API response 200 for liveness
2025-01-30 04:02:52,835 INFO c.h.h.t.HelmChartContainer - [test-hivemq-platform] [hivemq] [8c4f6623] INFO  - No valid license file for Data Hub found. Using free license, restricted to 1 policy.
2025-01-30 04:02:53,843 INFO c.h.h.t.HelmChartContainer - [test-hivemq-platform] [hivemq] [8c4f6623] WARN  - [HiveMQ Platform Operator Init App 1.7.0-SNAPSHOT] Cannot connect to Health API for readiness: null
2025-01-30 04:02:53,844 INFO c.h.h.t.HelmChartContainer - [EVENT] Warning [Unhealthy] Readiness probe failed: HTTP probe failed with statuscode: 503 [helmcustomconfigit:test-hivemq-platform-1]
2025-01-30 04:02:53,844 INFO c.h.h.t.HelmChartContainer - Received Unhealthy event for container hivemq in pod test-hivemq-platform-1 [8c4f6623-6d66-49fb-adfb-05069a258e9a]
2025-01-30 04:02:54,048 INFO c.h.h.t.HelmChartContainer - [test-hivemq-platform] [hivemq] [8c4f6623] INFO  - Audit Logger started.
2025-01-30 04:02:54,350 INFO c.h.h.t.HelmChartContainer - [test-hivemq-platform] [hivemq] [8c4f6623] INFO  - This node uses '1' CPU cores.
2025-01-30 04:02:54,356 INFO c.h.h.t.HelmChartContainer - [test-hivemq-platform] [hivemq] [8c4f6623] INFO  - Starting HiveMQ Health API on address 0.0.0.0 and port 8889
2025-01-30 04:02:55,302 INFO c.h.h.t.HelmChartContainer - [test-hivemq-platform] [hivemq] [8c4f6623] INFO  - Started HiveMQ Health API in 946ms
2025-01-30 04:02:56,001 INFO c.h.h.t.HelmChartContainer - [test-hivemq-platform] [hivemq] [8c4f6623] INFO  - Starting HiveMQ extension system.
2025-01-30 04:02:56,247 INFO c.h.h.t.HelmChartContainer - [test-hivemq-platform] [hivemq] [8c4f6623] INFO  - Starting extension with id "hivemq-dns-cluster-discovery" at /opt/hivemq/extensions/hivemq-dns-cluster-discovery
2025-01-30 04:02:56,745 INFO c.h.h.t.HelmChartContainer - [test-hivemq-platform] [hivemq] [8c4f6623] INFO  - Using TCP cluster transport on address 10.42.0.9 and port 7000
2025-01-30 04:02:56,838 INFO c.h.h.t.HelmChartContainer - [test-hivemq-platform] [hivemq] [8c4f6623] INFO  - Extension "DNS Cluster Discovery Extension" version 4.3.2 started successfully.
2025-01-30 04:02:56,840 INFO c.h.h.t.HelmChartContainer - [test-hivemq-platform] [hivemq] [8c4f6623] INFO  - Starting extension with id "hivemq-prometheus-extension" at /opt/hivemq/extensions/hivemq-prometheus-extension
2025-01-30 04:02:56,842 INFO c.h.h.t.HelmChartContainer - [test-hivemq-platform] [hivemq] [8c4f6623] INFO  - Using extension cluster discovery
2025-01-30 04:02:57,847 INFO c.h.h.t.HelmChartContainer - [test-hivemq-platform] [hivemq] [5ec81d4c] INFO  - Cluster nodes found by discovery: [sxsKD|1] (2) [sxsKD, bYaQx].
2025-01-30 04:02:57,943 INFO c.h.h.t.HelmChartContainer - [test-hivemq-platform] [hivemq] [8c4f6623] INFO  - Cluster nodes found by discovery: [sxsKD|1] (2) [sxsKD, bYaQx].
2025-01-30 04:02:58,046 INFO c.h.h.t.HelmChartContainer - [test-hivemq-platform] [hivemq] [8c4f6623] INFO  - Started Jetty Server exposing Prometheus Servlet on URI http://0.0.0.0:9399/
2025-01-30 04:02:58,046 INFO c.h.h.t.HelmChartContainer - [test-hivemq-platform] [hivemq] [8c4f6623] INFO  - Extension "Prometheus Monitoring Extension" version 4.0.12 started successfully.
2025-01-30 04:02:58,047 INFO c.h.h.t.HelmChartContainer - [test-hivemq-platform] [hivemq] [8c4f6623] INFO  - Starting extension with id "hivemq-allow-all-extension" at /opt/hivemq/extensions/hivemq-allow-all-extension
2025-01-30 04:02:58,049 INFO c.h.h.t.HelmChartContainer - [test-hivemq-platform] [hivemq] [8c4f6623] WARN  - 
2025-01-30 04:02:58,049 INFO c.h.h.t.HelmChartContainer - [test-hivemq-platform] [hivemq] [8c4f6623] ################################################################################################################
2025-01-30 04:02:58,049 INFO c.h.h.t.HelmChartContainer - [test-hivemq-platform] [hivemq] [8c4f6623] # This HiveMQ deployment is not secure! You are lacking Authentication and Authorization.                      #
2025-01-30 04:02:58,049 INFO c.h.h.t.HelmChartContainer - [test-hivemq-platform] [hivemq] [8c4f6623] # Right now any MQTT client can connect to the broker with a full set of permissions.                          #
2025-01-30 04:02:58,049 INFO c.h.h.t.HelmChartContainer - [test-hivemq-platform] [hivemq] [8c4f6623] # For production usage, add an appropriate security extension and remove the hivemq-allow-all extension.       #
2025-01-30 04:02:58,049 INFO c.h.h.t.HelmChartContainer - [test-hivemq-platform] [hivemq] [8c4f6623] # You can download security extensions from the HiveMQ Marketplace (https://www.hivemq.com/extensions/).       #
2025-01-30 04:02:58,049 INFO c.h.h.t.HelmChartContainer - [test-hivemq-platform] [hivemq] [8c4f6623] ################################################################################################################
2025-01-30 04:02:58,049 INFO c.h.h.t.HelmChartContainer - [test-hivemq-platform] [hivemq] [8c4f6623] INFO  - Extension "Allow All Extension" version 1.1.1 started successfully.
2025-01-30 04:02:58,150 INFO c.h.h.t.HelmChartContainer - [test-hivemq-platform] [hivemq] [8c4f6623] INFO  - Cluster size = 1, members : [sxsKD].
2025-01-30 04:02:58,657 INFO c.h.h.t.HelmChartContainer - [test-hivemq-platform] [hivemq] [8c4f6623] INFO  - Starting cluster join process. This may take a while. Please do not shut down HiveMQ.
2025-01-30 04:02:58,657 INFO c.h.h.t.HelmChartContainer - [test-hivemq-platform] [hivemq] [8c4f6623] INFO  - Cluster join process is still ongoing. Please do not shut down HiveMQ.
2025-01-30 04:02:58,826 INFO c.h.h.t.HelmChartContainer - [hivemq-test-hivemq-platform] [hivemq-platform-operator] [de7f8976] 04:02:58.824 [pool-6-thread-37] DEBUG c.h.p.o.d.PlatformServiceResource - [helmcust] Desired Platform services (3 services)
2025-01-30 04:02:58,827 INFO c.h.h.t.HelmChartContainer - [hivemq-test-hivemq-platform] [hivemq-platform-operator] [de7f8976] 04:02:58.824 [pool-6-thread-31] DEBUG c.h.p.o.dependants.PodInfoConfigMap - [helmcust] Desired PodInfo ConfigMap (1 extensions) (1 enabled)
2025-01-30 04:02:58,828 INFO c.h.h.t.HelmChartContainer - [hivemq-test-hivemq-platform] [hivemq-platform-operator] [de7f8976] 04:02:58.824 [pool-6-thread-31] DEBUG c.h.p.o.dependants.PodInfoConfigMap - [helmcust] Desired PodInfo ConfigMap (metrics port: 9399) (metrics path: /)
2025-01-30 04:02:58,828 INFO c.h.h.t.HelmChartContainer - [hivemq-test-hivemq-platform] [hivemq-platform-operator] [de7f8976] 04:02:58.826 [pool-6-thread-31] DEBUG c.h.p.o.dependants.PodInfoConfigMap - [helmcust] Desired PodInfo ConfigMap (extension state hash: -1817474005)
2025-01-30 04:02:58,830 INFO c.h.h.t.HelmChartContainer - [hivemq-test-hivemq-platform] [hivemq-platform-operator] [de7f8976] 04:02:58.825 [pool-6-thread-39] DEBUG c.h.p.o.d.PodServiceAccountResource - [helmcust] Desired PodServiceAccountResource (serviceAccountName: hivemq-platform-pod-test-hivemq-platform)
2025-01-30 04:02:58,834 INFO c.h.h.t.HelmChartContainer - [hivemq-test-hivemq-platform] [hivemq-platform-operator] [de7f8976] 04:02:58.831 [pool-6-thread-37] DEBUG c.h.p.o.d.StatefulSetResource - [helmcust] Desired StatefulSet (2 replicas) for status STARTING (READY)
2025-01-30 04:02:58,839 INFO c.h.h.t.HelmChartContainer - [hivemq-test-hivemq-platform] [hivemq-platform-operator] [de7f8976] 04:02:58.838 [ReconcilerExecutor-hivemq-controller-122] INFO  c.h.p.o.HiveMQPlatformReconciler - [helmcust] Reconciling HiveMQ Platform 'test-hivemq-platform' in namespace 'helmcustomconfigit'
2025-01-30 04:02:58,839 INFO c.h.h.t.HelmChartContainer - [hivemq-test-hivemq-platform] [hivemq-platform-operator] [de7f8976] 04:02:58.839 [ReconcilerExecutor-hivemq-controller-122] DEBUG c.h.p.o.HiveMQPlatformReconciler - [helmcust] Custom Resource Status STARTING - HiveMQ Platform is starting (READY)
2025-01-30 04:02:58,840 INFO c.h.h.t.HelmChartContainer - [hivemq-test-hivemq-platform] [hivemq-platform-operator] [de7f8976] 04:02:58.839 [ReconcilerExecutor-hivemq-controller-122] DEBUG c.h.p.o.HiveMQPlatformReconciler - [helmcust] Custom Resource Spec (replicas: 2) (extensions: 1)
2025-01-30 04:02:58,841 INFO c.h.h.t.HelmChartContainer - [hivemq-test-hivemq-platform] [hivemq-platform-operator] [de7f8976] 04:02:58.841 [ReconcilerExecutor-hivemq-controller-122] DEBUG c.h.p.o.HiveMQPlatformReconciler - [helmcust] StatefulSet Status (revision: test-hivemq-platform-86bfbd5557, replicas: 2, available: 1, ready: 1, current: 2, updated: 2)
2025-01-30 04:02:58,842 INFO c.h.h.t.HelmChartContainer - [hivemq-test-hivemq-platform] [hivemq-platform-operator] [de7f8976] 04:02:58.841 [ReconcilerExecutor-hivemq-controller-122] DEBUG c.h.p.o.HiveMQPlatformReconciler - [helmcust] StatefulSet Spec (replicas: 2, init containers: 1, containers: 1, volumes: 3)
2025-01-30 04:02:58,843 INFO c.h.h.t.HelmChartContainer - [hivemq-test-hivemq-platform] [hivemq-platform-operator] [de7f8976] 04:02:58.843 [ReconcilerExecutor-hivemq-controller-122] DEBUG c.h.p.o.h.HiveMQPlatformReconcilerErrorHandler - [helmcust] Pod 'test-hivemq-platform-1' phase Running
2025-01-30 04:02:58,845 INFO c.h.h.t.HelmChartContainer - [hivemq-test-hivemq-platform] [hivemq-platform-operator] [de7f8976] 04:02:58.845 [ReconcilerExecutor-hivemq-controller-122] DEBUG c.h.p.o.h.HiveMQPlatformReconcilerErrorHandler - [helmcust] Pod 'test-hivemq-platform-0' phase Running
2025-01-30 04:02:58,848 INFO c.h.h.t.HelmChartContainer - [hivemq-test-hivemq-platform] [hivemq-platform-operator] [de7f8976] 04:02:58.846 [ReconcilerExecutor-hivemq-controller-122] INFO  c.h.p.o.h.HiveMQPlatformReconcilerBaseHandler - [helmcust] HiveMQ Platform is starting, 1 of 2 replicas are ready
2025-01-30 04:02:59,334 INFO c.h.h.t.HelmChartContainer - [test-hivemq-platform] [hivemq] [8c4f6623] INFO  - [HiveMQ Platform Operator Init App 1.7.0-SNAPSHOT] Returning Health API response 503 for readiness
2025-01-30 04:02:59,340 INFO c.h.h.t.HelmChartContainer - [EVENT] Warning [Unhealthy] Readiness probe failed: HTTP probe failed with statuscode: 503 [helmcustomconfigit:test-hivemq-platform-1]
2025-01-30 04:02:59,340 INFO c.h.h.t.HelmChartContainer - Received Unhealthy event for container hivemq in pod test-hivemq-platform-1 [8c4f6623-6d66-49fb-adfb-05069a258e9a]
2025-01-30 04:03:00,668 INFO c.h.h.t.HelmChartContainer - [test-hivemq-platform] [hivemq] [5ec81d4c] INFO  - Cluster size = 2, members : [sxsKD, bYaQx].
2025-01-30 04:03:00,677 INFO c.h.h.t.HelmChartContainer - [test-hivemq-platform] [hivemq] [8c4f6623] INFO  - Cluster size = 2, members : [sxsKD, bYaQx].
2025-01-30 04:03:00,681 INFO c.h.h.t.HelmChartContainer - [test-hivemq-platform] [hivemq] [8c4f6623] INFO  - Finished cluster join process successfully.
2025-01-30 04:03:00,682 INFO c.h.h.t.HelmChartContainer - [test-hivemq-platform] [hivemq] [8c4f6623] WARN  - No user for HiveMQ Control Center configured. Starting with default user
2025-01-30 04:03:00,682 INFO c.h.h.t.HelmChartContainer - [test-hivemq-platform] [hivemq] [8c4f6623] INFO  - Starting HiveMQ Control Center on address 0.0.0.0 and port 8080
2025-01-30 04:03:00,734 INFO c.h.h.t.HelmChartContainer - [test-hivemq-platform] [hivemq] [8c4f6623] INFO  - Mounting HiveMQ Control Center V2 Preview
2025-01-30 04:03:01,439 INFO c.h.h.t.HelmChartContainer - [test-hivemq-platform] [hivemq] [8c4f6623] INFO  - Started HiveMQ Control Center in 757ms
2025-01-30 04:03:01,454 INFO c.h.h.t.HelmChartContainer - [test-hivemq-platform] [hivemq] [8c4f6623] INFO  - Starting TCP listener on address 0.0.0.0 and port 1883
2025-01-30 04:03:01,467 INFO c.h.h.t.HelmChartContainer - [test-hivemq-platform] [hivemq] [8c4f6623] INFO  - Started TCP Listener on address 0.0.0.0 and on port 1883.
2025-01-30 04:03:01,467 INFO c.h.h.t.HelmChartContainer - [test-hivemq-platform] [hivemq] [8c4f6623] INFO  - Started HiveMQ in 31217ms
2025-01-30 04:03:03,756 INFO c.h.h.t.HelmChartContainer - [test-hivemq-platform] [hivemq] [8c4f6623] INFO  - [HiveMQ Platform Operator Init App 1.7.0-SNAPSHOT] Returning Health API response 200 for readiness
2025-01-30 04:03:03,770 INFO c.h.h.t.HelmChartContainer - [POD] test-hivemq-platform-1 [8c4f6623-6d66-49fb-adfb-05069a258e9a] in helmcustomconfigit was MODIFIED
2025-01-30 04:03:03,785 INFO c.h.h.t.HelmChartContainer - [hivemq-test-hivemq-platform] [hivemq-platform-operator] [de7f8976] 04:03:03.778 [pool-6-thread-47] DEBUG c.h.p.o.d.PlatformServiceResource - [helmcust] Desired Platform services (3 services)
2025-01-30 04:03:03,789 INFO c.h.h.t.HelmChartContainer - [hivemq-test-hivemq-platform] [hivemq-platform-operator] [de7f8976] 04:03:03.781 [pool-6-thread-41] DEBUG c.h.p.o.dependants.PodInfoConfigMap - [helmcust] Desired PodInfo ConfigMap (1 extensions) (1 enabled)
2025-01-30 04:03:03,789 INFO c.h.h.t.HelmChartContainer - [hivemq-test-hivemq-platform] [hivemq-platform-operator] [de7f8976] 04:03:03.781 [pool-6-thread-41] DEBUG c.h.p.o.dependants.PodInfoConfigMap - [helmcust] Desired PodInfo ConfigMap (metrics port: 9399) (metrics path: /)
2025-01-30 04:03:03,789 INFO c.h.h.t.HelmChartContainer - [hivemq-test-hivemq-platform] [hivemq-platform-operator] [de7f8976] 04:03:03.781 [pool-6-thread-41] DEBUG c.h.p.o.dependants.PodInfoConfigMap - [helmcust] Desired PodInfo ConfigMap (extension state hash: -1817474005)
2025-01-30 04:03:03,789 INFO c.h.h.t.HelmChartContainer - [hivemq-test-hivemq-platform] [hivemq-platform-operator] [de7f8976] 04:03:03.783 [pool-6-thread-41] DEBUG c.h.p.o.d.PodServiceAccountResource - [helmcust] Desired PodServiceAccountResource (serviceAccountName: hivemq-platform-pod-test-hivemq-platform)
2025-01-30 04:03:03,793 INFO c.h.h.t.HelmChartContainer - [hivemq-test-hivemq-platform] [hivemq-platform-operator] [de7f8976] 04:03:03.789 [pool-6-thread-47] DEBUG c.h.p.o.d.StatefulSetResource - [helmcust] Desired StatefulSet (2 replicas) for status STARTING (READY)
2025-01-30 04:03:03,802 INFO c.h.h.t.HelmChartContainer - [hivemq-test-hivemq-platform] [hivemq-platform-operator] [de7f8976] 04:03:03.801 [ReconcilerExecutor-hivemq-controller-123] INFO  c.h.p.o.HiveMQPlatformReconciler - [helmcust] Reconciling HiveMQ Platform 'test-hivemq-platform' in namespace 'helmcustomconfigit'
2025-01-30 04:03:03,802 INFO c.h.h.t.HelmChartContainer - [hivemq-test-hivemq-platform] [hivemq-platform-operator] [de7f8976] 04:03:03.801 [ReconcilerExecutor-hivemq-controller-123] DEBUG c.h.p.o.HiveMQPlatformReconciler - [helmcust] Custom Resource Status STARTING - HiveMQ Platform is starting (READY)
2025-01-30 04:03:03,803 INFO c.h.h.t.HelmChartContainer - [hivemq-test-hivemq-platform] [hivemq-platform-operator] [de7f8976] 04:03:03.801 [ReconcilerExecutor-hivemq-controller-123] DEBUG c.h.p.o.HiveMQPlatformReconciler - [helmcust] Custom Resource Spec (replicas: 2) (extensions: 1)
2025-01-30 04:03:03,804 INFO c.h.h.t.HelmChartContainer - [hivemq-test-hivemq-platform] [hivemq-platform-operator] [de7f8976] 04:03:03.803 [ReconcilerExecutor-hivemq-controller-123] DEBUG c.h.p.o.HiveMQPlatformReconciler - [helmcust] StatefulSet Status (revision: test-hivemq-platform-86bfbd5557, replicas: 2, available: 2, ready: 2, current: 2, updated: 2)
2025-01-30 04:03:03,804 INFO c.h.h.t.HelmChartContainer - [hivemq-test-hivemq-platform] [hivemq-platform-operator] [de7f8976] 04:03:03.803 [ReconcilerExecutor-hivemq-controller-123] DEBUG c.h.p.o.HiveMQPlatformReconciler - [helmcust] StatefulSet Spec (replicas: 2, init containers: 1, containers: 1, volumes: 3)
2025-01-30 04:03:03,807 INFO c.h.h.t.HelmChartContainer - [hivemq-test-hivemq-platform] [hivemq-platform-operator] [de7f8976] 04:03:03.806 [ReconcilerExecutor-hivemq-controller-123] DEBUG c.h.p.o.h.HiveMQPlatformReconcilerErrorHandler - [helmcust] Pod 'test-hivemq-platform-1' phase Running
2025-01-30 04:03:03,808 INFO c.h.h.t.HelmChartContainer - [hivemq-test-hivemq-platform] [hivemq-platform-operator] [de7f8976] 04:03:03.808 [ReconcilerExecutor-hivemq-controller-123] DEBUG c.h.p.o.h.HiveMQPlatformReconcilerErrorHandler - [helmcust] Pod 'test-hivemq-platform-0' phase Running
2025-01-30 04:03:03,879 INFO c.h.h.t.HelmChartContainer - [hivemq-test-hivemq-platform] [hivemq-platform-operator] [de7f8976] 04:03:03.877 [ReconcilerExecutor-hivemq-controller-123] INFO  c.h.p.o.h.HiveMQPlatformReconcilerBaseHandler - [helmcust] HiveMQ Platform started successfully
2025-01-30 04:03:03,982 INFO c.h.h.t.HelmChartContainer - [hivemq-test-hivemq-platform] [hivemq-platform-operator] [de7f8976] 04:03:03.980 [ReconcilerExecutor-hivemq-controller-123] DEBUG c.h.p.operator.event.EventSender - [helmcust] Creating K8s event hivemq-platform-ready: [Ready] HiveMQ Platform is ready
2025-01-30 04:03:03,986 INFO c.h.h.t.HelmChartContainer - [EVENT] Normal [Ready] HiveMQ Platform is ready [helmcustomconfigit:test-hivemq-platform]
2025-01-30 04:03:03,987 INFO c.h.h.t.HelmChartContainer - [hivemq-test-hivemq-platform] [hivemq-platform-operator] [de7f8976] 04:03:03.985 [ReconcilerExecutor-hivemq-controller-123] INFO  c.h.p.o.h.AbstractHiveMQReconcilerStateHandler - [helmcust] Update HiveMQ Platform Status (STARTING [READY] -> RUNNING [READY]): HiveMQ Platform is ready
2025-01-30 04:03:03,995 DEBUG com.hivemq.helmcharts.util.K8sUtil - Comparing actual state 'RUNNING' and waiting for 'RUNNING'
2025-01-30 04:03:04,081 INFO c.h.h.t.HelmChartContainer - [hivemq-test-hivemq-platform] [hivemq-platform-operator] [de7f8976] 04:03:04.077 [pool-6-thread-6] DEBUG c.h.p.o.d.PlatformServiceResource - [helmcust] Desired Platform services (3 services)
2025-01-30 04:03:04,081 INFO c.h.h.t.HelmChartContainer - [hivemq-test-hivemq-platform] [hivemq-platform-operator] [de7f8976] 04:03:04.078 [pool-6-thread-3] DEBUG c.h.p.o.dependants.PodInfoConfigMap - [helmcust] Desired PodInfo ConfigMap (1 extensions) (1 enabled)
2025-01-30 04:03:04,081 INFO c.h.h.t.HelmChartContainer - [hivemq-test-hivemq-platform] [hivemq-platform-operator] [de7f8976] 04:03:04.078 [pool-6-thread-3] DEBUG c.h.p.o.dependants.PodInfoConfigMap - [helmcust] Desired PodInfo ConfigMap (metrics port: 9399) (metrics path: /)
2025-01-30 04:03:04,081 INFO c.h.h.t.HelmChartContainer - [hivemq-test-hivemq-platform] [hivemq-platform-operator] [de7f8976] 04:03:04.078 [pool-6-thread-3] DEBUG c.h.p.o.dependants.PodInfoConfigMap - [helmcust] Desired PodInfo ConfigMap (extension state hash: -1817474005)
2025-01-30 04:03:04,081 INFO c.h.h.t.HelmChartContainer - [hivemq-test-hivemq-platform] [hivemq-platform-operator] [de7f8976] 04:03:04.078 [pool-6-thread-3] DEBUG c.h.p.o.dependants.PodInfoConfigMap - [helmcust] Update PodInfo ConfigMap
2025-01-30 04:03:04,081 INFO c.h.h.t.HelmChartContainer - [hivemq-test-hivemq-platform] [hivemq-platform-operator] [de7f8976] 04:03:04.079 [pool-6-thread-5] DEBUG c.h.p.o.d.PodServiceAccountResource - [helmcust] Desired PodServiceAccountResource (serviceAccountName: hivemq-platform-pod-test-hivemq-platform)
2025-01-30 04:03:04,089 INFO c.h.h.t.HelmChartContainer - [hivemq-test-hivemq-platform] [hivemq-platform-operator] [de7f8976] 04:03:04.088 [pool-6-thread-3] DEBUG c.h.p.o.d.StatefulSetResource - [helmcust] Desired StatefulSet (2 replicas) for status RUNNING (READY)
2025-01-30 04:03:04,102 INFO c.h.h.t.HelmChartContainer - [hivemq-test-hivemq-platform] [hivemq-platform-operator] [de7f8976] 04:03:04.101 [ReconcilerExecutor-hivemq-controller-124] INFO  c.h.p.o.HiveMQPlatformReconciler - [helmcust] Reconciling HiveMQ Platform 'test-hivemq-platform' in namespace 'helmcustomconfigit'
2025-01-30 04:03:04,102 INFO c.h.h.t.HelmChartContainer - [hivemq-test-hivemq-platform] [hivemq-platform-operator] [de7f8976] 04:03:04.101 [ReconcilerExecutor-hivemq-controller-124] DEBUG c.h.p.o.HiveMQPlatformReconciler - [helmcust] Custom Resource Status RUNNING - HiveMQ Platform is ready (READY)
2025-01-30 04:03:04,102 INFO c.h.h.t.HelmChartContainer - [hivemq-test-hivemq-platform] [hivemq-platform-operator] [de7f8976] 04:03:04.101 [ReconcilerExecutor-hivemq-controller-124] DEBUG c.h.p.o.HiveMQPlatformReconciler - [helmcust] Custom Resource Spec (replicas: 2) (extensions: 1)
2025-01-30 04:03:04,104 INFO c.h.h.t.HelmChartContainer - [hivemq-test-hivemq-platform] [hivemq-platform-operator] [de7f8976] 04:03:04.103 [ReconcilerExecutor-hivemq-controller-124] DEBUG c.h.p.o.HiveMQPlatformReconciler - [helmcust] StatefulSet Status (revision: test-hivemq-platform-86bfbd5557, replicas: 2, available: 2, ready: 2, current: 2, updated: 2)
2025-01-30 04:03:04,104 INFO c.h.h.t.HelmChartContainer - [hivemq-test-hivemq-platform] [hivemq-platform-operator] [de7f8976] 04:03:04.103 [ReconcilerExecutor-hivemq-controller-124] DEBUG c.h.p.o.HiveMQPlatformReconciler - [helmcust] StatefulSet Spec (replicas: 2, init containers: 1, containers: 1, volumes: 3)
2025-01-30 04:03:04,106 INFO c.h.h.t.HelmChartContainer - [hivemq-test-hivemq-platform] [hivemq-platform-operator] [de7f8976] 04:03:04.104 [ReconcilerExecutor-hivemq-controller-124] DEBUG c.h.p.o.h.HiveMQPlatformReconcilerErrorHandler - [helmcust] Pod 'test-hivemq-platform-1' phase Running
2025-01-30 04:03:04,107 INFO c.h.h.t.HelmChartContainer - [hivemq-test-hivemq-platform] [hivemq-platform-operator] [de7f8976] 04:03:04.105 [ReconcilerExecutor-hivemq-controller-124] DEBUG c.h.p.o.h.HiveMQPlatformReconcilerErrorHandler - [helmcust] Pod 'test-hivemq-platform-0' phase Running
2025-01-30 04:03:06,013 INFO c.h.h.t.HelmChartContainer - Uninstalling release 'test-hivemq-platform' in namespace 'helmcustomconfigit'...
2025-01-30 04:03:06,013 DEBUG c.h.h.t.HelmChartContainer - Executing helm command: /bin/helm --kubeconfig /etc/rancher/k3s/k3s.yaml uninstall test-hivemq-platform  --wait --timeout 5m0s --cascade foreground --namespace helmcustomconfigit
2025-01-30 04:03:06,208 INFO c.h.h.t.HelmChartContainer - [hivemq-test-hivemq-platform] [hivemq-platform-operator] [de7f8976] 04:03:06.198 [ReconcilerExecutor-hivemq-controller-125] INFO  c.h.p.o.HiveMQPlatformReconciler - [helmcust] Cleanup test-hivemq-platform - helmcustomconfigit HiveMQ Platform is shut down
2025-01-30 04:03:06,938 INFO c.h.h.t.HelmChartContainer - [POD] test-hivemq-platform-0 [5ec81d4c-f9cf-4f24-ba41-2c051593faf0] in helmcustomconfigit was MODIFIED
2025-01-30 04:03:06,941 INFO c.h.h.t.HelmChartContainer - [EVENT] Normal [Killing] Stopping container hivemq [helmcustomconfigit:test-hivemq-platform-0]
2025-01-30 04:03:06,942 INFO c.h.h.t.HelmChartContainer - Received Killing event for container hivemq in pod test-hivemq-platform-0 [5ec81d4c-f9cf-4f24-ba41-2c051593faf0]
2025-01-30 04:03:06,942 INFO c.h.h.t.HelmChartContainer - Container [test-hivemq-platform-0] [hivemq] [5ec81d4c-f9cf-4f24-ba41-2c051593faf0] was terminated
2025-01-30 04:03:06,942 INFO c.h.h.t.HelmChartContainer - Stopped log watcher for hivemq in pod test-hivemq-platform-0 [5ec81d4c-f9cf-4f24-ba41-2c051593faf0]
2025-01-30 04:03:06,945 INFO c.h.h.t.HelmChartContainer - [test-hivemq-platform] [hivemq] [5ec81d4c] INFO  - [HiveMQ Platform Operator Init App 1.7.0-SNAPSHOT] Shutting down
2025-01-30 04:03:06,947 INFO c.h.h.t.HelmChartContainer - [test-hivemq-platform] [hivemq] [5ec81d4c] INFO  - [HiveMQ Platform Operator Init App 1.7.0-SNAPSHOT] Stopping the HiveMQ Platform
2025-01-30 04:03:06,958 INFO c.h.h.t.HelmChartContainer - [POD] test-hivemq-platform-1 [8c4f6623-6d66-49fb-adfb-05069a258e9a] in helmcustomconfigit was MODIFIED
2025-01-30 04:03:06,969 INFO c.h.h.t.HelmChartContainer - [EVENT] Normal [Killing] Stopping container hivemq [helmcustomconfigit:test-hivemq-platform-1]
2025-01-30 04:03:06,970 INFO c.h.h.t.HelmChartContainer - Received Killing event for container hivemq in pod test-hivemq-platform-1 [8c4f6623-6d66-49fb-adfb-05069a258e9a]
2025-01-30 04:03:06,970 INFO c.h.h.t.HelmChartContainer - Container [test-hivemq-platform-1] [hivemq] [8c4f6623-6d66-49fb-adfb-05069a258e9a] was terminated
2025-01-30 04:03:06,970 INFO c.h.h.t.HelmChartContainer - Stopped log watcher for hivemq in pod test-hivemq-platform-1 [8c4f6623-6d66-49fb-adfb-05069a258e9a]
2025-01-30 04:03:06,973 INFO c.h.h.t.HelmChartContainer - [K3S] [authentication.go:74] "Unable to authenticate the request" err="[invalid bearer token, serviceaccounts \"hivemq-platform-pod-test-hivemq-platform\" not found]"
2025-01-30 04:03:06,976 INFO c.h.h.t.HelmChartContainer - [test-hivemq-platform] [hivemq] [8c4f6623] INFO  - [HiveMQ Platform Operator Init App 1.7.0-SNAPSHOT] Shutting down
2025-01-30 04:03:06,983 INFO c.h.h.t.HelmChartContainer - [test-hivemq-platform] [hivemq] [8c4f6623] INFO  - [HiveMQ Platform Operator Init App 1.7.0-SNAPSHOT] Stopping the HiveMQ Platform
2025-01-30 04:03:07,100 INFO c.h.h.t.HelmChartContainer - [test-hivemq-platform] [hivemq] [8c4f6623] INFO  - Shutting down HiveMQ. Please wait, this could take a while...
2025-01-30 04:03:07,104 INFO c.h.h.t.HelmChartContainer - [test-hivemq-platform] [hivemq] [8c4f6623] INFO  - Shutting down listeners and clients
2025-01-30 04:03:07,106 INFO c.h.h.t.HelmChartContainer - [test-hivemq-platform] [hivemq] [8c4f6623] INFO  - Shutdown of listeners is done
2025-01-30 04:03:07,106 INFO c.h.h.t.HelmChartContainer - [test-hivemq-platform] [hivemq] [8c4f6623] INFO  - No clients are connected, proceeding with shutdown
2025-01-30 04:03:07,156 INFO c.h.h.t.HelmChartContainer - [K3S] [authentication.go:74] "Unable to authenticate the request" err="[invalid bearer token, serviceaccounts \"hivemq-platform-pod-test-hivemq-platform\" not found]"
2025-01-30 04:03:07,254 INFO c.h.h.t.HelmChartContainer - [test-hivemq-platform] [hivemq] [5ec81d4c] INFO  - Shutting down HiveMQ. Please wait, this could take a while...
2025-01-30 04:03:07,279 INFO c.h.h.t.HelmChartContainer - [test-hivemq-platform] [hivemq] [5ec81d4c] INFO  - Shutting down listeners and clients
2025-01-30 04:03:07,279 INFO c.h.h.t.HelmChartContainer - [test-hivemq-platform] [hivemq] [5ec81d4c] INFO  - Shutdown of listeners is done
2025-01-30 04:03:07,280 INFO c.h.h.t.HelmChartContainer - [test-hivemq-platform] [hivemq] [5ec81d4c] INFO  - No clients are connected, proceeding with shutdown
2025-01-30 04:03:07,378 INFO c.h.h.t.HelmChartContainer - [test-hivemq-platform] [hivemq] [5ec81d4c] WARN  - [HiveMQ Platform Operator Init App 1.7.0-SNAPSHOT] Could not update Pod annotations: Failure executing: GET at: https://10.43.0.1:443/api/v1/namespaces/helmcustomconfigit/pods/test-hivemq-platform-0. Message: Unauthorized. Received status: Status(apiVersion=v1, code=401, details=null, kind=Status, message=Unauthorized, metadata=ListMeta(_continue=null, remainingItemCount=null, resourceVersion=null, selfLink=null, additionalProperties={}), reason=Unauthorized, status=Failure, additionalProperties={}).
2025-01-30 04:03:08,232 INFO c.h.h.t.HelmChartContainer - Deleting namespace 'helmcustomconfigit'...
2025-01-30 04:03:08,751 INFO c.h.h.t.HelmChartContainer - [test-hivemq-platform] [hivemq] [8c4f6623] INFO  - [HiveMQ Platform Operator Init App 1.7.0-SNAPSHOT] Returning shutdown Health API response 503 for readiness
2025-01-30 04:03:08,755 INFO c.h.h.t.HelmChartContainer - [EVENT] Warning [Unhealthy] Readiness probe failed: HTTP probe failed with statuscode: 503 [helmcustomconfigit:test-hivemq-platform-1]
2025-01-30 04:03:08,755 INFO c.h.h.t.HelmChartContainer - Received Unhealthy event for container hivemq in pod test-hivemq-platform-1 [8c4f6623-6d66-49fb-adfb-05069a258e9a]
2025-01-30 04:03:09,146 INFO c.h.h.t.HelmChartContainer - [K3S] [authentication.go:74] "Unable to authenticate the request" err="[invalid bearer token, serviceaccounts \"hivemq-platform-pod-test-hivemq-platform\" not found]"
2025-01-30 04:03:09,162 INFO c.h.h.t.HelmChartContainer - [K3S] [authentication.go:74] "Unable to authenticate the request" err="[invalid bearer token, serviceaccounts \"hivemq-platform-pod-test-hivemq-platform\" not found]"
2025-01-30 04:03:09,236 INFO c.h.h.t.HelmChartContainer - [test-hivemq-platform] [hivemq] [8c4f6623] WARN  - [HiveMQ Platform Operator Init App 1.7.0-SNAPSHOT] Could not update Pod annotations: Failure executing: GET at: https://10.43.0.1:443/api/v1/namespaces/helmcustomconfigit/pods/test-hivemq-platform-1. Message: Unauthorized. Received status: Status(apiVersion=v1, code=401, details=null, kind=Status, message=Unauthorized, metadata=ListMeta(_continue=null, remainingItemCount=null, resourceVersion=null, selfLink=null, additionalProperties={}), reason=Unauthorized, status=Failure, additionalProperties={}).
2025-01-30 04:03:10,039 INFO c.h.h.t.HelmChartContainer - [test-hivemq-platform] [hivemq] [8c4f6623] INFO  - Shutting down extension system
2025-01-30 04:03:10,044 INFO c.h.h.t.HelmChartContainer - [test-hivemq-platform] [hivemq] [8c4f6623] INFO  - Stopping extension with id hivemq-dns-cluster-discovery
2025-01-30 04:03:10,045 INFO c.h.h.t.HelmChartContainer - [test-hivemq-platform] [hivemq] [8c4f6623] INFO  - Extension "DNS Cluster Discovery Extension" version 4.3.2 stopped successfully.
2025-01-30 04:03:10,045 INFO c.h.h.t.HelmChartContainer - [test-hivemq-platform] [hivemq] [8c4f6623] INFO  - Stopping extension with id hivemq-prometheus-extension
2025-01-30 04:03:10,049 INFO c.h.h.t.HelmChartContainer - [test-hivemq-platform] [hivemq] [8c4f6623] INFO  - Extension "Prometheus Monitoring Extension" version 4.0.12 stopped successfully.
2025-01-30 04:03:10,049 INFO c.h.h.t.HelmChartContainer - [test-hivemq-platform] [hivemq] [8c4f6623] INFO  - Stopping extension with id hivemq-allow-all-extension
2025-01-30 04:03:10,049 INFO c.h.h.t.HelmChartContainer - [test-hivemq-platform] [hivemq] [8c4f6623] INFO  - Extension "Allow All Extension" version 1.1.1 stopped successfully.
2025-01-30 04:03:10,054 INFO c.h.h.t.HelmChartContainer - [test-hivemq-platform] [hivemq] [5ec81d4c] INFO  - Cluster nodes found by discovery: [sxsKD|2] (1) [sxsKD].
2025-01-30 04:03:10,061 INFO c.h.h.t.HelmChartContainer - [test-hivemq-platform] [hivemq] [5ec81d4c] INFO  - Cluster size = 1, members : [sxsKD].
2025-01-30 04:03:10,591 INFO c.h.h.t.HelmChartContainer - [test-hivemq-platform] [hivemq] [5ec81d4c] INFO  - Shutting down extension system
2025-01-30 04:03:10,594 INFO c.h.h.t.HelmChartContainer - [test-hivemq-platform] [hivemq] [5ec81d4c] INFO  - Stopping extension with id hivemq-dns-cluster-discovery
2025-01-30 04:03:10,594 INFO c.h.h.t.HelmChartContainer - [test-hivemq-platform] [hivemq] [5ec81d4c] INFO  - Extension "DNS Cluster Discovery Extension" version 4.3.2 stopped successfully.
2025-01-30 04:03:10,595 INFO c.h.h.t.HelmChartContainer - [test-hivemq-platform] [hivemq] [5ec81d4c] INFO  - Stopping extension with id hivemq-prometheus-extension
2025-01-30 04:03:10,601 INFO c.h.h.t.HelmChartContainer - [test-hivemq-platform] [hivemq] [5ec81d4c] INFO  - Extension "Prometheus Monitoring Extension" version 4.0.12 stopped successfully.
2025-01-30 04:03:10,602 INFO c.h.h.t.HelmChartContainer - [test-hivemq-platform] [hivemq] [5ec81d4c] INFO  - Stopping extension with id hivemq-allow-all-extension
2025-01-30 04:03:10,602 INFO c.h.h.t.HelmChartContainer - [test-hivemq-platform] [hivemq] [5ec81d4c] INFO  - Extension "Allow All Extension" version 1.1.1 stopped successfully.
2025-01-30 04:03:11,396 INFO c.h.h.t.HelmChartContainer - [test-hivemq-platform] [hivemq] [5ec81d4c] INFO  - [HiveMQ Platform Operator Init App 1.7.0-SNAPSHOT] Returning shutdown Health API response 503 for readiness
2025-01-30 04:03:11,401 INFO c.h.h.t.HelmChartContainer - [EVENT] Warning [Unhealthy] Readiness probe failed: HTTP probe failed with statuscode: 503 [helmcustomconfigit:test-hivemq-platform-0]
2025-01-30 04:03:11,401 INFO c.h.h.t.HelmChartContainer - Received Unhealthy event for container hivemq in pod test-hivemq-platform-0 [5ec81d4c-f9cf-4f24-ba41-2c051593faf0]
2025-01-30 04:03:12,381 INFO c.h.h.t.HelmChartContainer - [K3S] [authentication.go:74] "Unable to authenticate the request" err="[invalid bearer token, serviceaccounts \"hivemq-platform-pod-test-hivemq-platform\" not found]"
2025-01-30 04:03:12,400 INFO c.h.h.t.HelmChartContainer - [K3S] [authentication.go:74] "Unable to authenticate the request" err="[invalid bearer token, serviceaccounts \"hivemq-platform-pod-test-hivemq-platform\" not found]"
2025-01-30 04:03:12,416 INFO c.h.h.t.HelmChartContainer - [test-hivemq-platform] [hivemq] [5ec81d4c] WARN  - [HiveMQ Platform Operator Init App 1.7.0-SNAPSHOT] Could not update Pod annotations: Failure executing: GET at: https://10.43.0.1:443/api/v1/namespaces/helmcustomconfigit/pods/test-hivemq-platform-0. Message: Unauthorized. Received status: Status(apiVersion=v1, code=401, details=null, kind=Status, message=Unauthorized, metadata=ListMeta(_continue=null, remainingItemCount=null, resourceVersion=null, selfLink=null, additionalProperties={}), reason=Unauthorized, status=Failure, additionalProperties={}).
2025-01-30 04:03:12,419 INFO c.h.h.t.HelmChartContainer - [test-hivemq-platform] [hivemq] [8c4f6623] INFO  - Shutdown completed.
2025-01-30 04:03:12,766 INFO c.h.h.t.HelmChartContainer - [test-hivemq-platform] [hivemq] [8c4f6623] INFO  - [HiveMQ Platform Operator Init App 1.7.0-SNAPSHOT] The HiveMQ Platform exited with code 143
2025-01-30 04:03:12,766 INFO c.h.h.t.HelmChartContainer - [test-hivemq-platform] [hivemq] [8c4f6623] INFO  - [HiveMQ Platform Operator Init App 1.7.0-SNAPSHOT] Stopping the REST API
2025-01-30 04:03:12,774 INFO c.h.h.t.HelmChartContainer - [test-hivemq-platform] [hivemq] [8c4f6623] INFO  - [HiveMQ Platform Operator Init App 1.7.0-SNAPSHOT] Shutdown complete
2025-01-30 04:03:12,885 INFO c.h.h.t.HelmChartContainer - [test-hivemq-platform] [hivemq] [5ec81d4c] INFO  - Shutdown completed.
2025-01-30 04:03:13,238 INFO c.h.h.t.HelmChartContainer - [test-hivemq-platform] [hivemq] [5ec81d4c] INFO  - [HiveMQ Platform Operator Init App 1.7.0-SNAPSHOT] The HiveMQ Platform exited with code 143
2025-01-30 04:03:13,238 INFO c.h.h.t.HelmChartContainer - [test-hivemq-platform] [hivemq] [5ec81d4c] INFO  - [HiveMQ Platform Operator Init App 1.7.0-SNAPSHOT] Stopping the REST API
2025-01-30 04:03:13,277 INFO c.h.h.t.HelmChartContainer - [test-hivemq-platform] [hivemq] [5ec81d4c] INFO  - [HiveMQ Platform Operator Init App 1.7.0-SNAPSHOT] Shutdown complete
2025-01-30 04:03:13,285 INFO c.h.h.t.HelmChartContainer - [POD] test-hivemq-platform-1 [8c4f6623-6d66-49fb-adfb-05069a258e9a] in helmcustomconfigit was MODIFIED
2025-01-30 04:03:13,287 INFO c.h.h.t.HelmChartContainer - [K3S] [stateful_set.go:438] "Unhandled Error" err="error syncing StatefulSet helmcustomconfigit/test-hivemq-platform, requeuing: controllerrevisions.apps \"test-hivemq-platform-86bfbd5557\" is forbidden: unable to create new content in namespace helmcustomconfigit because it is being terminated"
2025-01-30 04:03:13,294 INFO c.h.h.t.HelmChartContainer - [K3S] [stateful_set.go:438] "Unhandled Error" err="error syncing StatefulSet helmcustomconfigit/test-hivemq-platform, requeuing: controllerrevisions.apps \"test-hivemq-platform-86bfbd5557\" is forbidden: unable to create new content in namespace helmcustomconfigit because it is being terminated"
2025-01-30 04:03:13,308 INFO c.h.h.t.HelmChartContainer - [K3S] [stateful_set.go:438] "Unhandled Error" err="error syncing StatefulSet helmcustomconfigit/test-hivemq-platform, requeuing: controllerrevisions.apps \"test-hivemq-platform-86bfbd5557\" is forbidden: unable to create new content in namespace helmcustomconfigit because it is being terminated"
2025-01-30 04:03:13,331 INFO c.h.h.t.HelmChartContainer - [K3S] [stateful_set.go:438] "Unhandled Error" err="error syncing StatefulSet helmcustomconfigit/test-hivemq-platform, requeuing: controllerrevisions.apps \"test-hivemq-platform-86bfbd5557\" is forbidden: unable to create new content in namespace helmcustomconfigit because it is being terminated"
2025-01-30 04:03:13,374 INFO c.h.h.t.HelmChartContainer - [K3S] [stateful_set.go:438] "Unhandled Error" err="error syncing StatefulSet helmcustomconfigit/test-hivemq-platform, requeuing: controllerrevisions.apps \"test-hivemq-platform-86bfbd5557\" is forbidden: unable to create new content in namespace helmcustomconfigit because it is being terminated"
2025-01-30 04:03:13,396 INFO c.h.h.t.HelmChartContainer - [K3S] [stateful_set.go:466] "StatefulSet has been deleted" key="helmcustomconfigit/test-hivemq-platform"
2025-01-30 04:03:13,419 INFO c.h.h.t.HelmChartContainer - [K3S] [reconciler_common.go:162] "operationExecutor.UnmountVolume started for volume \"operator-init\" (UniqueName: \"kubernetes.io/empty-dir/8c4f6623-6d66-49fb-adfb-05069a258e9a-operator-init\") pod \"8c4f6623-6d66-49fb-adfb-05069a258e9a\" (UID: \"8c4f6623-6d66-49fb-adfb-05069a258e9a\") "
2025-01-30 04:03:13,420 INFO c.h.h.t.HelmChartContainer - [K3S] [reconciler_common.go:162] "operationExecutor.UnmountVolume started for volume \"pod-info\" (UniqueName: \"kubernetes.io/configmap/8c4f6623-6d66-49fb-adfb-05069a258e9a-pod-info\") pod \"8c4f6623-6d66-49fb-adfb-05069a258e9a\" (UID: \"8c4f6623-6d66-49fb-adfb-05069a258e9a\") "
2025-01-30 04:03:13,420 INFO c.h.h.t.HelmChartContainer - [K3S] [reconciler_common.go:162] "operationExecutor.UnmountVolume started for volume \"broker-configuration\" (UniqueName: \"kubernetes.io/configmap/8c4f6623-6d66-49fb-adfb-05069a258e9a-broker-configuration\") pod \"8c4f6623-6d66-49fb-adfb-05069a258e9a\" (UID: \"8c4f6623-6d66-49fb-adfb-05069a258e9a\") "
2025-01-30 04:03:13,420 INFO c.h.h.t.HelmChartContainer - [K3S] [reconciler_common.go:162] "operationExecutor.UnmountVolume started for volume \"kube-api-access-jwgf8\" (UniqueName: \"kubernetes.io/projected/8c4f6623-6d66-49fb-adfb-05069a258e9a-kube-api-access-jwgf8\") pod \"8c4f6623-6d66-49fb-adfb-05069a258e9a\" (UID: \"8c4f6623-6d66-49fb-adfb-05069a258e9a\") "
2025-01-30 04:03:13,434 INFO c.h.h.t.HelmChartContainer - [K3S] [scope.go:117] "RemoveContainer" containerID="c53761c0d13103326a1887fdfcf20254dd935d69c704aa3e89f6419cbf9613b8"
2025-01-30 04:03:13,451 INFO c.h.h.t.HelmChartContainer - [POD] test-hivemq-platform-1 [8c4f6623-6d66-49fb-adfb-05069a258e9a] in helmcustomconfigit was MODIFIED
2025-01-30 04:03:13,452 INFO c.h.h.t.HelmChartContainer - [POD] test-hivemq-platform-1 [8c4f6623-6d66-49fb-adfb-05069a258e9a] in helmcustomconfigit was DELETED
2025-01-30 04:03:13,456 INFO c.h.h.t.HelmChartContainer - [K3S] [stateful_set.go:466] "StatefulSet has been deleted" key="helmcustomconfigit/test-hivemq-platform"
2025-01-30 04:03:13,519 INFO c.h.h.t.HelmChartContainer - [K3S] [reconciler_common.go:299] "Volume detached for volume \"kube-api-access-jwgf8\" (UniqueName: \"kubernetes.io/projected/8c4f6623-6d66-49fb-adfb-05069a258e9a-kube-api-access-jwgf8\") on node \"bb975d1fd0a5\" DevicePath \"\""
2025-01-30 04:03:13,520 INFO c.h.h.t.HelmChartContainer - [K3S] [reconciler_common.go:299] "Volume detached for volume \"operator-init\" (UniqueName: \"kubernetes.io/empty-dir/8c4f6623-6d66-49fb-adfb-05069a258e9a-operator-init\") on node \"bb975d1fd0a5\" DevicePath \"\""
2025-01-30 04:03:13,520 INFO c.h.h.t.HelmChartContainer - [K3S] [reconciler_common.go:299] "Volume detached for volume \"pod-info\" (UniqueName: \"kubernetes.io/configmap/8c4f6623-6d66-49fb-adfb-05069a258e9a-pod-info\") on node \"bb975d1fd0a5\" DevicePath \"\""
2025-01-30 04:03:13,520 INFO c.h.h.t.HelmChartContainer - [K3S] [reconciler_common.go:299] "Volume detached for volume \"broker-configuration\" (UniqueName: \"kubernetes.io/configmap/8c4f6623-6d66-49fb-adfb-05069a258e9a-broker-configuration\") on node \"bb975d1fd0a5\" DevicePath \"\""
2025-01-30 04:03:13,540 INFO c.h.h.t.HelmChartContainer - [K3S] [scope.go:117] "RemoveContainer" containerID="42f865756b4c7cdb151e93b160d71f55833950d45a5d8b7d7ec4da76832d3a84"
2025-01-30 04:03:13,543 INFO c.h.h.t.HelmChartContainer - [K3S] [scope.go:117] "RemoveContainer" containerID="c53761c0d13103326a1887fdfcf20254dd935d69c704aa3e89f6419cbf9613b8"
2025-01-30 04:03:13,543 INFO c.h.h.t.HelmChartContainer - [K3S] [scope.go:117] "RemoveContainer" containerID="42f865756b4c7cdb151e93b160d71f55833950d45a5d8b7d7ec4da76832d3a84"
2025-01-30 04:03:13,721 INFO c.h.h.t.HelmChartContainer - [POD] test-hivemq-platform-0 [5ec81d4c-f9cf-4f24-ba41-2c051593faf0] in helmcustomconfigit was MODIFIED
2025-01-30 04:03:13,821 INFO c.h.h.t.HelmChartContainer - [K3S] [reconciler_common.go:162] "operationExecutor.UnmountVolume started for volume \"pod-info\" (UniqueName: \"kubernetes.io/configmap/5ec81d4c-f9cf-4f24-ba41-2c051593faf0-pod-info\") pod \"5ec81d4c-f9cf-4f24-ba41-2c051593faf0\" (UID: \"5ec81d4c-f9cf-4f24-ba41-2c051593faf0\") "
2025-01-30 04:03:13,821 INFO c.h.h.t.HelmChartContainer - [K3S] [reconciler_common.go:162] "operationExecutor.UnmountVolume started for volume \"kube-api-access-7sgxr\" (UniqueName: \"kubernetes.io/projected/5ec81d4c-f9cf-4f24-ba41-2c051593faf0-kube-api-access-7sgxr\") pod \"5ec81d4c-f9cf-4f24-ba41-2c051593faf0\" (UID: \"5ec81d4c-f9cf-4f24-ba41-2c051593faf0\") "
2025-01-30 04:03:13,821 INFO c.h.h.t.HelmChartContainer - [K3S] [reconciler_common.go:162] "operationExecutor.UnmountVolume started for volume \"operator-init\" (UniqueName: \"kubernetes.io/empty-dir/5ec81d4c-f9cf-4f24-ba41-2c051593faf0-operator-init\") pod \"5ec81d4c-f9cf-4f24-ba41-2c051593faf0\" (UID: \"5ec81d4c-f9cf-4f24-ba41-2c051593faf0\") "
2025-01-30 04:03:13,821 INFO c.h.h.t.HelmChartContainer - [K3S] [reconciler_common.go:162] "operationExecutor.UnmountVolume started for volume \"broker-configuration\" (UniqueName: \"kubernetes.io/configmap/5ec81d4c-f9cf-4f24-ba41-2c051593faf0-broker-configuration\") pod \"5ec81d4c-f9cf-4f24-ba41-2c051593faf0\" (UID: \"5ec81d4c-f9cf-4f24-ba41-2c051593faf0\") "
2025-01-30 04:03:13,921 INFO c.h.h.t.HelmChartContainer - [K3S] [reconciler_common.go:299] "Volume detached for volume \"kube-api-access-7sgxr\" (UniqueName: \"kubernetes.io/projected/5ec81d4c-f9cf-4f24-ba41-2c051593faf0-kube-api-access-7sgxr\") on node \"bb975d1fd0a5\" DevicePath \"\""
2025-01-30 04:03:13,922 INFO c.h.h.t.HelmChartContainer - [K3S] [reconciler_common.go:299] "Volume detached for volume \"pod-info\" (UniqueName: \"kubernetes.io/configmap/5ec81d4c-f9cf-4f24-ba41-2c051593faf0-pod-info\") on node \"bb975d1fd0a5\" DevicePath \"\""
2025-01-30 04:03:13,922 INFO c.h.h.t.HelmChartContainer - [K3S] [reconciler_common.go:299] "Volume detached for volume \"operator-init\" (UniqueName: \"kubernetes.io/empty-dir/5ec81d4c-f9cf-4f24-ba41-2c051593faf0-operator-init\") on node \"bb975d1fd0a5\" DevicePath \"\""
2025-01-30 04:03:13,922 INFO c.h.h.t.HelmChartContainer - [K3S] [reconciler_common.go:299] "Volume detached for volume \"broker-configuration\" (UniqueName: \"kubernetes.io/configmap/5ec81d4c-f9cf-4f24-ba41-2c051593faf0-broker-configuration\") on node \"bb975d1fd0a5\" DevicePath \"\""
2025-01-30 04:03:14,035 INFO c.h.h.t.HelmChartContainer - [K3S] [kubelet_volumes.go:163] "Cleaned up orphaned pod volumes dir" podUID="8c4f6623-6d66-49fb-adfb-05069a258e9a" path="/var/lib/kubelet/pods/8c4f6623-6d66-49fb-adfb-05069a258e9a/volumes"
2025-01-30 04:03:14,436 INFO c.h.h.t.HelmChartContainer - [K3S] [scope.go:117] "RemoveContainer" containerID="c94371f0c3d7ddb9a29cf803d883975605d8af4c9a7b1b9fe486501368ac71b2"
2025-01-30 04:03:14,448 INFO c.h.h.t.HelmChartContainer - [POD] test-hivemq-platform-0 [5ec81d4c-f9cf-4f24-ba41-2c051593faf0] in helmcustomconfigit was MODIFIED
2025-01-30 04:03:14,451 INFO c.h.h.t.HelmChartContainer - [POD] test-hivemq-platform-0 [5ec81d4c-f9cf-4f24-ba41-2c051593faf0] in helmcustomconfigit was DELETED
2025-01-30 04:03:14,537 INFO c.h.h.t.HelmChartContainer - [K3S] [scope.go:117] "RemoveContainer" containerID="ba7576075783fb482e39c887d5f59cdd6f7a3d3eb7b01406e2815681da32f8f3"
2025-01-30 04:03:14,540 INFO c.h.h.t.HelmChartContainer - [K3S] [scope.go:117] "RemoveContainer" containerID="c94371f0c3d7ddb9a29cf803d883975605d8af4c9a7b1b9fe486501368ac71b2"
2025-01-30 04:03:14,541 INFO c.h.h.t.HelmChartContainer - [K3S] [scope.go:117] "RemoveContainer" containerID="ba7576075783fb482e39c887d5f59cdd6f7a3d3eb7b01406e2815681da32f8f3"
2025-01-30 04:03:16,035 INFO c.h.h.t.HelmChartContainer - [K3S] [kubelet_volumes.go:163] "Cleaned up orphaned pod volumes dir" podUID="5ec81d4c-f9cf-4f24-ba41-2c051593faf0" path="/var/lib/kubelet/pods/5ec81d4c-f9cf-4f24-ba41-2c051593faf0/volumes"
2025-01-30 04:03:18,564 INFO c.h.h.t.HelmChartContainer - Namespace 'helmcustomconfigit' deleted
2025-01-30 04:03:18,564 INFO c.h.h.t.HelmChartContainer - Release 'test-hivemq-platform' in namespace 'helmcustomconfigit' is uninstalled
2025-01-30 04:03:18,564 INFO c.h.h.t.HelmChartContainer - Uninstalling release 'test-hivemq-platform-operator' in namespace 'helmcustomconfigit-operator'...
2025-01-30 04:03:18,564 DEBUG c.h.h.t.HelmChartContainer - Executing helm command: /bin/helm --kubeconfig /etc/rancher/k3s/k3s.yaml uninstall test-hivemq-platform-operator  --wait --timeout 5m0s --cascade foreground --namespace helmcustomconfigit-operator
2025-01-30 04:03:18,732 INFO c.h.h.t.HelmChartContainer - [K3S] [replica_set.go:679] "Finished syncing" kind="ReplicaSet" key="helmcustomconfigit-operator/hivemq-test-hivemq-platform-operator-6966f96d65" duration="8.25934ms"
2025-01-30 04:03:18,733 INFO c.h.h.t.HelmChartContainer - [K3S] [replica_set.go:679] "Finished syncing" kind="ReplicaSet" key="helmcustomconfigit-operator/hivemq-test-hivemq-platform-operator-6966f96d65" duration="34.223µs"
2025-01-30 04:03:18,744 INFO c.h.h.t.HelmChartContainer - [POD] hivemq-test-hivemq-platform-operator-6966f96d65-hhl9j [de7f8976-70fd-4111-b288-200f50cd1e94] in helmcustomconfigit-operator was MODIFIED
2025-01-30 04:03:18,749 INFO c.h.h.t.HelmChartContainer - [EVENT] Normal [Killing] Stopping container hivemq-platform-operator [helmcustomconfigit-operator:hivemq-test-hivemq-platform-operator-6966f96d65-hhl9j]
2025-01-30 04:03:18,749 INFO c.h.h.t.HelmChartContainer - Received Killing event for container hivemq-platform-operator in pod hivemq-test-hivemq-platform-operator-6966f96d65-hhl9j [de7f8976-70fd-4111-b288-200f50cd1e94]
2025-01-30 04:03:18,749 INFO c.h.h.t.HelmChartContainer - Container [hivemq-test-hivemq-platform-operator-6966f96d65-hhl9j] [hivemq-platform-operator] [de7f8976-70fd-4111-b288-200f50cd1e94] was terminated
2025-01-30 04:03:18,749 INFO c.h.h.t.HelmChartContainer - Stopped log watcher for hivemq-platform-operator in pod hivemq-test-hivemq-platform-operator-6966f96d65-hhl9j [de7f8976-70fd-4111-b288-200f50cd1e94]
2025-01-30 04:03:18,752 INFO c.h.h.t.HelmChartContainer - [K3S] [replica_set.go:679] "Finished syncing" kind="ReplicaSet" key="helmcustomconfigit-operator/hivemq-test-hivemq-platform-operator-6966f96d65" duration="10.67401ms"
2025-01-30 04:03:18,754 INFO c.h.h.t.HelmChartContainer - [K3S] [replica_set.go:679] "Finished syncing" kind="ReplicaSet" key="helmcustomconfigit-operator/hivemq-test-hivemq-platform-operator-6966f96d65" duration="41.938µs"
2025-01-30 04:03:18,757 INFO c.h.h.t.HelmChartContainer - [hivemq-test-hivemq-platform] [hivemq-platform-operator] [de7f8976] 04:03:18.755 [application-shutdown-thread] INFO  c.h.p.o.HiveMQPlatformOperatorApplication - HiveMQ Platform Operator is stopping...
2025-01-30 04:03:18,757 INFO c.h.h.t.HelmChartContainer - [hivemq-test-hivemq-platform] [hivemq-platform-operator] [de7f8976] 04:03:18.755 [application-shutdown-thread] INFO  i.javaoperatorsdk.operator.Operator - Operator SDK 4.9.7 is shutting down...
2025-01-30 04:03:18,765 INFO c.h.h.t.HelmChartContainer - [EVENT] Warning [FailedToUpdateEndpoint] Failed to update endpoint helmcustomconfigit-operator/hivemq-platform-operator-test-hivemq-platform-operator: Operation cannot be fulfilled on endpoints "hivemq-platform-operator-test-hivemq-platform-operator": StorageError: invalid object, Code: 4, Key: /registry/services/endpoints/helmcustomconfigit-operator/hivemq-platform-operator-test-hivemq-platform-operator, ResourceVersion: 0, AdditionalErrorMsg: Precondition failed: UID in precondition: 2dcdd516-5a88-4e2a-9cf1-6068de245621, UID in object meta:  [helmcustomconfigit-operator:hivemq-platform-operator-test-hivemq-platform-operator]
2025-01-30 04:03:19,023 INFO c.h.h.t.HelmChartContainer - [K3S] [replica_set.go:679] "Finished syncing" kind="ReplicaSet" key="helmcustomconfigit-operator/hivemq-test-hivemq-platform-operator-6966f96d65" duration="38.07µs"
2025-01-30 04:03:19,025 INFO c.h.h.t.HelmChartContainer - [POD] hivemq-test-hivemq-platform-operator-6966f96d65-hhl9j [de7f8976-70fd-4111-b288-200f50cd1e94] in helmcustomconfigit-operator was MODIFIED
2025-01-30 04:03:19,152 INFO c.h.h.t.HelmChartContainer - [K3S] [reconciler_common.go:162] "operationExecutor.UnmountVolume started for volume \"kube-api-access-kvvf7\" (UniqueName: \"kubernetes.io/projected/de7f8976-70fd-4111-b288-200f50cd1e94-kube-api-access-kvvf7\") pod \"de7f8976-70fd-4111-b288-200f50cd1e94\" (UID: \"de7f8976-70fd-4111-b288-200f50cd1e94\") "
2025-01-30 04:03:19,253 INFO c.h.h.t.HelmChartContainer - [K3S] [reconciler_common.go:299] "Volume detached for volume \"kube-api-access-kvvf7\" (UniqueName: \"kubernetes.io/projected/de7f8976-70fd-4111-b288-200f50cd1e94-kube-api-access-kvvf7\") on node \"bb975d1fd0a5\" DevicePath \"\""
2025-01-30 04:03:19,445 INFO c.h.h.t.HelmChartContainer - [K3S] [scope.go:117] "RemoveContainer" containerID="e9d6984f91f5a3dc95324bf0ef82c27938675b3b9d6798e61c64e8a0e09a818d"
2025-01-30 04:03:19,448 INFO c.h.h.t.HelmChartContainer - [K3S] [scope.go:117] "RemoveContainer" containerID="e9d6984f91f5a3dc95324bf0ef82c27938675b3b9d6798e61c64e8a0e09a818d"
2025-01-30 04:03:19,457 INFO c.h.h.t.HelmChartContainer - [K3S] [replica_set.go:679] "Finished syncing" kind="ReplicaSet" key="helmcustomconfigit-operator/hivemq-test-hivemq-platform-operator-6966f96d65" duration="61.073µs"
2025-01-30 04:03:19,457 INFO c.h.h.t.HelmChartContainer - [POD] hivemq-test-hivemq-platform-operator-6966f96d65-hhl9j [de7f8976-70fd-4111-b288-200f50cd1e94] in helmcustomconfigit-operator was MODIFIED
2025-01-30 04:03:19,459 INFO c.h.h.t.HelmChartContainer - [POD] hivemq-test-hivemq-platform-operator-6966f96d65-hhl9j [de7f8976-70fd-4111-b288-200f50cd1e94] in helmcustomconfigit-operator was DELETED
2025-01-30 04:03:19,459 INFO c.h.h.t.HelmChartContainer - [K3S] [replica_set.go:679] "Finished syncing" kind="ReplicaSet" key="helmcustomconfigit-operator/hivemq-test-hivemq-platform-operator-6966f96d65" duration="28.894µs"
2025-01-30 04:03:19,469 INFO c.h.h.t.HelmChartContainer - [K3S] [replica_set.go:679] "Finished syncing" kind="ReplicaSet" key="helmcustomconfigit-operator/hivemq-test-hivemq-platform-operator-6966f96d65" duration="6.502µs"
2025-01-30 04:03:20,035 INFO c.h.h.t.HelmChartContainer - [K3S] [kubelet_volumes.go:163] "Cleaned up orphaned pod volumes dir" podUID="de7f8976-70fd-4111-b288-200f50cd1e94" path="/var/lib/kubelet/pods/de7f8976-70fd-4111-b288-200f50cd1e94/volumes"
2025-01-30 04:03:20,774 INFO c.h.h.t.HelmChartContainer - Deleting namespace 'helmcustomconfigit-operator'...
2025-01-30 04:03:23,504 INFO c.h.h.t.HelmChartContainer - [K3S] [namespace_controller.go:187] "Namespace has been deleted" namespace="helmcustomconfigit"
2025-01-30 04:03:25,990 INFO c.h.h.t.HelmChartContainer - Namespace 'helmcustomconfigit-operator' deleted
2025-01-30 04:03:25,990 INFO c.h.h.t.HelmChartContainer - Release 'test-hivemq-platform-operator' in namespace 'helmcustomconfigit-operator' is uninstalled
2025-01-30 04:03:26,797 INFO c.h.helmcharts.AbstractHelmChartIT - Removed unused containers:

2025-01-30 04:03:30,902 INFO c.h.h.t.HelmChartContainer - [K3S] [namespace_controller.go:187] "Namespace has been deleted" namespace="helmcustomconfigit-operator"
2025-01-30 04:03:34,456 INFO c.h.helmcharts.AbstractHelmChartIT - Removed unused snapshots:
Removing snapshot sha256:03af251906410714c5aef9fa705b63f6bbc39c4a5e787de7361eeb18886c2ed2
Removing snapshot sha256:0c46b3b43cce082ce5ec34ffc6c294e0417d17b9d1e6f366d114b6aadc4f96dc
Removing snapshot sha256:0ce761beee59082d6ed5bcebd3a805b8ddd9b3426b617e4809e7fb7c6587ffec
Removing snapshot sha256:0df91287303208332c8ff6ba40ae4710105201739addbfbddfb955f1ad593664
Removing snapshot sha256:1021ef88c7974bfff89c5a0ec4fd3160daac6c48a075f74cff721f85dd104e68
Removing snapshot sha256:10aba4953ddc18145dd38e3704709bc464aa20af60b56fe52caaff4b68411e62
Removing snapshot sha256:2573e0d8158209ed54ab25c87bcdcb00bd3d2539246960a3d592a1c599d70465
Removing snapshot sha256:362a8a37f8bbc31925a8146adcf7cf51f9882f5c1dcbef67c5baa03a297543c0
Removing snapshot sha256:3687a69bccb1e78cd34265be759888d19c5ebce0eb9947f7e2b3d4715a4d9be1
Removing snapshot sha256:3fa4ad33f0ddc8fd45b39b6b4640f82a3a83619606cd975bfe89d8710ad2d4cd
Removing snapshot sha256:43a7c979bbaba6838bc3102d6b10a1459f3ab050b87ccdfef84ef90cf43d3058
Removing snapshot sha256:4ab04491cdf0d3267f08206fe30bd48f49f94b9cab2f016d6739220f722a64af
Removing snapshot sha256:4b6068250e89c96f263060261819c7d912855bfbd64b3eb4c4a8483299b8c295
Removing snapshot sha256:580e69a0a8034ede1921139bbd2bfb72a69ebf276d008281896c32dd8bf74775
Removing snapshot sha256:5d30ba46b27fe37484567ccc5242cadc78217b8da605f3f195ef25cbf7487904
Removing snapshot sha256:63ca1fbb43ae5034640e5e6cb3e083e05c290072c5366fcaa9d62435a4cced85
Removing snapshot sha256:67f702c6baae873bceb19487c8b1f27bd2b86077e4f2f0e480e6d60ab508b8f5
Removing snapshot sha256:6864348dd42806d552efdec384f1274be15e2d0c10ce44c1f04347af004c10a9
Removing snapshot sha256:6c7dee8f2c39b84b7dc2711c01d33de93514d9055499173e9290176fbe484b6c
Removing snapshot sha256:82753493a6d61ded36556292f02f31841a14c20d2f279f19eaad65afb661d5cd
Removing snapshot sha256:879c3a97e1cd0aef3a23c101faa64a8caf99ed84986fe3e1b15f94ed4f2916c8
Removing snapshot sha256:8a10d3db42c505ee0fcfa98417bdd7e39b304f6bcc0a06bb1b220797ff2cc63c
Removing snapshot sha256:a21e5b12dbac529ad45d976eb9ce45c881f3bedcc500fb30aba1e52aa1813418
Removing snapshot sha256:b921e6c28969094157f9b8e7244677780319637afd14450b7cb6b2fdea558a0c
Removing snapshot sha256:bc27ecb5769a00e309cf99ebc763c4a4b958b618d1decc96ffac5bc05f02f5b7
Removing snapshot sha256:be3ccb6627a5332e309d45ef461d09b4879dd870c7394d89323d0ebc6ca6aa8a
Removing snapshot sha256:c261f7cbbc64211ee175ee47273acdb7b1a36a4450b397a064a8f2c026490095
Removing snapshot sha256:c34d9393647eea0c9e3557ab988efaf59f61d10a2a5613b439ef0958cca5ec10
Removing snapshot sha256:ccf3c4a0fa967a41c1c83497a2ce6fa5787965859df0adb32c4ca2cf7490bc2b
Removing snapshot sha256:cf92d33f869417309692088c341cd0f223c178ea78a125f757317b22aa8f90e9
Removing snapshot sha256:d0037344cf2fb078884f1849f6a1f8cf9a33a3b6139b6a85833e5ee528e1f9a8
Removing snapshot sha256:d3b36d5b79273b1e98e7700470eaeff05a882e777124d84cebcc1505b85ecb36
Removing snapshot sha256:d65a44a37914602d12c611e5e22a50f11451d847e63015cc1c2aef92dee777a4
Removing snapshot sha256:e2dc0bae2455930f23ae570e019b7f32edc75c0f2d71cab084db837ff9051796
Removing snapshot sha256:eccbd24a99c60cd9e86ee5305dbfc4a4dc89f5ab4fb1f06c8d64797cecedef34
Removing snapshot sha256:f144bb4c7c7f0d2aa7eeffd36d934ec40db1ee167be727e326aad9fdc616f475

]]></system-out>
  </testcase>
  <testcase name="withCustomEnvVars_hivemqRunning()" classname="com.hivemq.helmcharts.platform.HelmCustomConfigIT" time="142.977">
    <system-out><![CDATA[2025-01-30 04:03:34,458 INFO c.h.h.t.HelmChartContainer - Creating namespace 'helmcustomconfigit-operator'...
2025-01-30 04:03:34,464 INFO c.h.h.t.HelmChartContainer - Namespace 'helmcustomconfigit-operator' created
2025-01-30 04:03:34,464 INFO c.h.h.t.HelmChartContainer - Creating namespace 'helmcustomconfigit'...
2025-01-30 04:03:34,471 INFO c.h.h.t.HelmChartContainer - Namespace 'helmcustomconfigit' created
2025-01-30 04:03:34,480 INFO c.h.h.testcontainer.LogWaiterUtil - TEST Waiting for log pattern on 'hivemq-test-hivemq-platform-operator-.*': .*Registered reconciler: 'hivemq-controller' for resource: 'class com.hivemq.platform.operator.v1.HiveMQPlatform' for namespace\(s\): \[helmcustomconfigit\]
2025-01-30 04:03:34,549 DEBUG c.h.h.t.HelmChartContainer - Executing helm command: /bin/helm --kubeconfig /etc/rancher/k3s/k3s.yaml install test-hivemq-platform-operator /charts/hivemq-platform-operator --wait --timeout 5m0s --set image.repository=docker.io/hivemq --set image.name=hivemq-platform-operator-test --set image.initImageName=hivemq-platform-operator-init-test --set image.tag=snapshot --set image.pullPolicy=Never --set logLevel=DEBUG --set resources.cpu=512m -f /files/custom-operator-env-vars-values.yaml --namespace helmcustomconfigit-operator
2025-01-30 04:03:34,884 INFO c.h.h.t.HelmChartContainer - [K3S] [alloc.go:330] "allocated clusterIPs" service="helmcustomconfigit-operator/hivemq-platform-operator-test-hivemq-platform-operator" clusterIPs={"IPv4":"10.43.149.116"}
2025-01-30 04:03:34,903 INFO c.h.h.t.HelmChartContainer - [EVENT] Normal [ScalingReplicaSet] Scaled up replica set hivemq-test-hivemq-platform-operator-67f7c95fb6 from 0 to 1 [helmcustomconfigit-operator:hivemq-test-hivemq-platform-operator]
2025-01-30 04:03:34,909 INFO c.h.h.t.HelmChartContainer - [POD] hivemq-test-hivemq-platform-operator-67f7c95fb6-kjnhz [22a010b4-038f-466e-8289-94c68f4a9247] in helmcustomconfigit-operator was ADDED
2025-01-30 04:03:34,920 INFO c.h.h.t.HelmChartContainer - [EVENT] Normal [SuccessfulCreate] Created pod: hivemq-test-hivemq-platform-operator-67f7c95fb6-kjnhz [helmcustomconfigit-operator:hivemq-test-hivemq-platform-operator-67f7c95fb6]
2025-01-30 04:03:34,922 INFO c.h.h.t.HelmChartContainer - [K3S] [memory_manager.go:355] "RemoveStaleState removing state" podUID="5ec81d4c-f9cf-4f24-ba41-2c051593faf0" containerName="hivemq"
2025-01-30 04:03:34,922 INFO c.h.h.t.HelmChartContainer - [K3S] [memory_manager.go:355] "RemoveStaleState removing state" podUID="8c4f6623-6d66-49fb-adfb-05069a258e9a" containerName="hivemq"
2025-01-30 04:03:34,922 INFO c.h.h.t.HelmChartContainer - [K3S] [memory_manager.go:355] "RemoveStaleState removing state" podUID="de7f8976-70fd-4111-b288-200f50cd1e94" containerName="hivemq-platform-operator"
2025-01-30 04:03:34,922 INFO c.h.h.t.HelmChartContainer - [POD] hivemq-test-hivemq-platform-operator-67f7c95fb6-kjnhz [22a010b4-038f-466e-8289-94c68f4a9247] in helmcustomconfigit-operator was MODIFIED
2025-01-30 04:03:34,926 INFO c.h.h.t.HelmChartContainer - [K3S] [replica_set.go:679] "Finished syncing" kind="ReplicaSet" key="helmcustomconfigit-operator/hivemq-test-hivemq-platform-operator-67f7c95fb6" duration="25.924568ms"
2025-01-30 04:03:34,930 INFO c.h.h.t.HelmChartContainer - [EVENT] Normal [Scheduled] Successfully assigned helmcustomconfigit-operator/hivemq-test-hivemq-platform-operator-67f7c95fb6-kjnhz to bb975d1fd0a5 [helmcustomconfigit-operator:hivemq-test-hivemq-platform-operator-67f7c95fb6-kjnhz]
2025-01-30 04:03:34,932 INFO c.h.h.t.HelmChartContainer - [K3S] [replica_set.go:679] "Finished syncing" kind="ReplicaSet" key="helmcustomconfigit-operator/hivemq-test-hivemq-platform-operator-67f7c95fb6" duration="8.752321ms"
2025-01-30 04:03:34,933 INFO c.h.h.t.HelmChartContainer - [K3S] [replica_set.go:679] "Finished syncing" kind="ReplicaSet" key="helmcustomconfigit-operator/hivemq-test-hivemq-platform-operator-67f7c95fb6" duration="55.343µs"
2025-01-30 04:03:34,937 INFO c.h.h.t.HelmChartContainer - [K3S] [replica_set.go:679] "Finished syncing" kind="ReplicaSet" key="helmcustomconfigit-operator/hivemq-test-hivemq-platform-operator-67f7c95fb6" duration="34.244µs"
2025-01-30 04:03:34,937 INFO c.h.h.t.HelmChartContainer - [POD] hivemq-test-hivemq-platform-operator-67f7c95fb6-kjnhz [22a010b4-038f-466e-8289-94c68f4a9247] in helmcustomconfigit-operator was MODIFIED
2025-01-30 04:03:35,046 INFO c.h.h.t.HelmChartContainer - [K3S] [reconciler_common.go:251] "operationExecutor.VerifyControllerAttachedVolume started for volume \"kube-api-access-vshht\" (UniqueName: \"kubernetes.io/projected/22a010b4-038f-466e-8289-94c68f4a9247-kube-api-access-vshht\") pod \"hivemq-test-hivemq-platform-operator-67f7c95fb6-kjnhz\" (UID: \"22a010b4-038f-466e-8289-94c68f4a9247\") " pod="helmcustomconfigit-operator/hivemq-test-hivemq-platform-operator-67f7c95fb6-kjnhz"
2025-01-30 04:03:35,326 INFO c.h.h.t.HelmChartContainer - [EVENT] Normal [Pulled] Container image "docker.io/hivemq/hivemq-platform-operator-test:snapshot" already present on machine [helmcustomconfigit-operator:hivemq-test-hivemq-platform-operator-67f7c95fb6-kjnhz]
2025-01-30 04:03:35,326 INFO c.h.h.t.HelmChartContainer - Received Pulled event for container hivemq-platform-operator in pod hivemq-test-hivemq-platform-operator-67f7c95fb6-kjnhz [22a010b4-038f-466e-8289-94c68f4a9247]
2025-01-30 04:03:36,580 INFO c.h.h.t.HelmChartContainer - [EVENT] Normal [Created] Created container: hivemq-platform-operator [helmcustomconfigit-operator:hivemq-test-hivemq-platform-operator-67f7c95fb6-kjnhz]
2025-01-30 04:03:36,580 INFO c.h.h.t.HelmChartContainer - Received Created event for container hivemq-platform-operator in pod hivemq-test-hivemq-platform-operator-67f7c95fb6-kjnhz [22a010b4-038f-466e-8289-94c68f4a9247]
2025-01-30 04:03:37,492 INFO c.h.h.t.HelmChartContainer - [POD] hivemq-test-hivemq-platform-operator-67f7c95fb6-kjnhz [22a010b4-038f-466e-8289-94c68f4a9247] in helmcustomconfigit-operator was MODIFIED
2025-01-30 04:03:37,492 INFO c.h.h.t.HelmChartContainer - [K3S] [replica_set.go:679] "Finished syncing" kind="ReplicaSet" key="helmcustomconfigit-operator/hivemq-test-hivemq-platform-operator-67f7c95fb6" duration="1.205234ms"
2025-01-30 04:03:37,502 INFO c.h.h.t.HelmChartContainer - Started log watcher for hivemq-platform-operator in pod hivemq-test-hivemq-platform-operator-67f7c95fb6-kjnhz [22a010b4-038f-466e-8289-94c68f4a9247]
2025-01-30 04:03:37,502 INFO c.h.h.t.HelmChartContainer - [EVENT] Normal [Started] Started container hivemq-platform-operator [helmcustomconfigit-operator:hivemq-test-hivemq-platform-operator-67f7c95fb6-kjnhz]
2025-01-30 04:03:37,502 INFO c.h.h.t.HelmChartContainer - [hivemq-test-hivemq-platform] [hivemq-platform-operator] [22a010b4] -------------------------------------------------------------------------
2025-01-30 04:03:37,502 INFO c.h.h.t.HelmChartContainer - Received Started event for container hivemq-platform-operator in pod hivemq-test-hivemq-platform-operator-67f7c95fb6-kjnhz [22a010b4-038f-466e-8289-94c68f4a9247]
2025-01-30 04:03:37,503 INFO c.h.h.t.HelmChartContainer - [hivemq-test-hivemq-platform] [hivemq-platform-operator] [22a010b4] 
2025-01-30 04:03:37,503 INFO c.h.h.t.HelmChartContainer - [hivemq-test-hivemq-platform] [hivemq-platform-operator] [22a010b4]                   _    _  _              __  __   ____
2025-01-30 04:03:37,503 INFO c.h.h.t.HelmChartContainer - [hivemq-test-hivemq-platform] [hivemq-platform-operator] [22a010b4]                  | |  | |(_)            |  \/  | / __ \
2025-01-30 04:03:37,503 INFO c.h.h.t.HelmChartContainer - [hivemq-test-hivemq-platform] [hivemq-platform-operator] [22a010b4]                  | |__| | _ __   __ ___ | \  / || |  | |
2025-01-30 04:03:37,503 INFO c.h.h.t.HelmChartContainer - [hivemq-test-hivemq-platform] [hivemq-platform-operator] [22a010b4]                  |  __  || |\ \ / // _ \| |\/| || |  | |
2025-01-30 04:03:37,503 INFO c.h.h.t.HelmChartContainer - [hivemq-test-hivemq-platform] [hivemq-platform-operator] [22a010b4]                  | |  | || | \ V /|  __/| |  | || |__| |
2025-01-30 04:03:37,503 INFO c.h.h.t.HelmChartContainer - [hivemq-test-hivemq-platform] [hivemq-platform-operator] [22a010b4]                  |_|  |_||_|  \_/  \___||_|  |_| \___\_\
2025-01-30 04:03:37,503 INFO c.h.h.t.HelmChartContainer - [hivemq-test-hivemq-platform] [hivemq-platform-operator] [22a010b4] 
2025-01-30 04:03:37,503 INFO c.h.h.t.HelmChartContainer - [hivemq-test-hivemq-platform] [hivemq-platform-operator] [22a010b4] -------------------------------------------------------------------------
2025-01-30 04:03:37,503 INFO c.h.h.t.HelmChartContainer - [hivemq-test-hivemq-platform] [hivemq-platform-operator] [22a010b4] 
2025-01-30 04:03:37,503 INFO c.h.h.t.HelmChartContainer - [hivemq-test-hivemq-platform] [hivemq-platform-operator] [22a010b4]   HiveMQ Platform Operator Start Script v1.0
2025-01-30 04:03:37,503 INFO c.h.h.t.HelmChartContainer - [hivemq-test-hivemq-platform] [hivemq-platform-operator] [22a010b4] 
2025-01-30 04:03:37,503 INFO c.h.h.t.HelmChartContainer - [hivemq-test-hivemq-platform] [hivemq-platform-operator] [22a010b4] -------------------------------------------------------------------------
2025-01-30 04:03:37,503 INFO c.h.h.t.HelmChartContainer - [hivemq-test-hivemq-platform] [hivemq-platform-operator] [22a010b4] 
2025-01-30 04:03:37,503 INFO c.h.h.t.HelmChartContainer - [hivemq-test-hivemq-platform] [hivemq-platform-operator] [22a010b4]   JAVA_OPTS: -XX:+UnlockExperimentalVMOptions -XX:InitialRAMPercentage=75 -XX:MaxRAMPercentage=75 -Duser.language=en -Duser.region=US
2025-01-30 04:03:37,503 INFO c.h.h.t.HelmChartContainer - [hivemq-test-hivemq-platform] [hivemq-platform-operator] [22a010b4] 
2025-01-30 04:03:37,503 INFO c.h.h.t.HelmChartContainer - [hivemq-test-hivemq-platform] [hivemq-platform-operator] [22a010b4]   JAVA_VERSION: 21
2025-01-30 04:03:37,503 INFO c.h.h.t.HelmChartContainer - [hivemq-test-hivemq-platform] [hivemq-platform-operator] [22a010b4] 
2025-01-30 04:03:37,503 INFO c.h.h.t.HelmChartContainer - [hivemq-test-hivemq-platform] [hivemq-platform-operator] [22a010b4] -------------------------------------------------------------------------
2025-01-30 04:03:37,503 INFO c.h.h.t.HelmChartContainer - [hivemq-test-hivemq-platform] [hivemq-platform-operator] [22a010b4] 
2025-01-30 04:03:39,869 INFO c.h.h.t.HelmChartContainer - [hivemq-test-hivemq-platform] [hivemq-platform-operator] [22a010b4] 04:03:39.866 [main] DEBUG org.jboss.logging - Logging Provider: org.jboss.logging.Slf4jLoggerProvider
2025-01-30 04:03:39,977 INFO c.h.h.t.HelmChartContainer - [hivemq-test-hivemq-platform] [hivemq-platform-operator] [22a010b4] 04:03:39.976 [main] DEBUG io.smallrye.config - SRCFG01006: Loaded ConfigSource SysPropConfigSource with ordinal 400
2025-01-30 04:03:39,977 INFO c.h.h.t.HelmChartContainer - [hivemq-test-hivemq-platform] [hivemq-platform-operator] [22a010b4] 04:03:39.976 [main] DEBUG io.smallrye.config - SRCFG01006: Loaded ConfigSource EnvConfigSource with ordinal 300
2025-01-30 04:03:39,977 INFO c.h.h.t.HelmChartContainer - [hivemq-test-hivemq-platform] [hivemq-platform-operator] [22a010b4] 04:03:39.976 [main] DEBUG io.smallrye.config - SRCFG01006: Loaded ConfigSource PropertiesConfigSource[source=jar:file:///opt/hivemq-platform-operator/bin/hivemq-platform-operator.jar!/hivemq-platform-operator.properties] with ordinal 100
2025-01-30 04:03:39,977 INFO c.h.h.t.HelmChartContainer - [hivemq-test-hivemq-platform] [hivemq-platform-operator] [22a010b4] 04:03:39.976 [main] DEBUG io.smallrye.config - SRCFG01006: Loaded ConfigSource DefaultValuesConfigSource with ordinal -2147483648
2025-01-30 04:03:40,082 INFO c.h.h.t.HelmChartContainer - [hivemq-test-hivemq-platform] [hivemq-platform-operator] [22a010b4] 04:03:40.081 [main] DEBUG i.m.c.u.i.l.InternalLoggerFactory - Using SLF4J as the default logging framework
2025-01-30 04:03:40,266 INFO c.h.h.t.HelmChartContainer - [hivemq-test-hivemq-platform] [hivemq-platform-operator] [22a010b4] 04:03:40.181 [main] INFO  c.h.p.o.HiveMQPlatformOperatorApplication - HiveMQ Platform Operator 1.7.0-SNAPSHOT (commit: 47e3375 on branch: HEAD) built on Thu Jan 30 03:55:50 UTC 2025
2025-01-30 04:03:40,267 INFO c.h.h.t.HelmChartContainer - [hivemq-test-hivemq-platform] [hivemq-platform-operator] [22a010b4] 04:03:40.266 [main] INFO  c.h.p.o.HiveMQPlatformOperatorApplication - HiveMQ Platform Operator is running in namespace: helmcustomconfigit-operator
2025-01-30 04:03:40,267 INFO c.h.h.t.HelmChartContainer - [hivemq-test-hivemq-platform] [hivemq-platform-operator] [22a010b4] 04:03:40.266 [main] INFO  c.h.p.o.HiveMQPlatformOperatorApplication - Watching namespaces: helmcustomconfigit
2025-01-30 04:03:40,267 INFO c.h.h.t.HelmChartContainer - [hivemq-test-hivemq-platform] [hivemq-platform-operator] [22a010b4] 04:03:40.266 [main] INFO  c.h.p.o.HiveMQPlatformOperatorApplication - Log level: DEBUG
2025-01-30 04:03:40,267 INFO c.h.h.t.HelmChartContainer - [hivemq-test-hivemq-platform] [hivemq-platform-operator] [22a010b4] 04:03:40.266 [main] INFO  c.h.p.o.HiveMQPlatformOperatorApplication - Release name: test-hivemq-platform-operator
2025-01-30 04:03:40,268 INFO c.h.h.t.HelmChartContainer - [hivemq-test-hivemq-platform] [hivemq-platform-operator] [22a010b4] 04:03:40.266 [main] INFO  c.h.p.o.HiveMQPlatformOperatorApplication - HiveMQ Platform Operator Init image: docker.io/hivemq/hivemq-platform-operator-init-test:snapshot
2025-01-30 04:03:40,268 INFO c.h.h.t.HelmChartContainer - [hivemq-test-hivemq-platform] [hivemq-platform-operator] [22a010b4] 04:03:40.266 [main] INFO  c.h.p.o.HiveMQPlatformOperatorApplication - HiveMQ Platform Operator Init App update URL: http://hivemq-platform-operator-test-hivemq-platform-operator.helmcustomconfigit-operator.svc:8080/initAppUpdate/hivemq-platform-operator-init-app-1.7.0-SNAPSHOT.jar
2025-01-30 04:03:40,268 INFO c.h.h.t.HelmChartContainer - [hivemq-test-hivemq-platform] [hivemq-platform-operator] [22a010b4] 04:03:40.266 [main] INFO  c.h.p.o.HiveMQPlatformOperatorApplication - Additional imagePullSecret for all Platform deployments: none
2025-01-30 04:03:40,268 INFO c.h.h.t.HelmChartContainer - [hivemq-test-hivemq-platform] [hivemq-platform-operator] [22a010b4] 04:03:40.267 [main] INFO  c.h.p.o.HiveMQPlatformOperatorApplication - Apply HiveMQ Platform CRD: true
2025-01-30 04:03:40,269 INFO c.h.h.t.HelmChartContainer - [hivemq-test-hivemq-platform] [hivemq-platform-operator] [22a010b4] 04:03:40.267 [main] INFO  c.h.p.o.HiveMQPlatformOperatorApplication - Create Platform ServiceAccount: true
2025-01-30 04:03:40,269 INFO c.h.h.t.HelmChartContainer - [hivemq-test-hivemq-platform] [hivemq-platform-operator] [22a010b4] 04:03:40.267 [main] INFO  c.h.p.o.HiveMQPlatformOperatorApplication - Create Platform ServiceAccount permissions: true
2025-01-30 04:03:40,269 INFO c.h.h.t.HelmChartContainer - [hivemq-test-hivemq-platform] [hivemq-platform-operator] [22a010b4] 04:03:40.267 [main] INFO  c.h.p.o.HiveMQPlatformOperatorApplication - Validate Platform ServiceAccount: true
2025-01-30 04:03:40,269 INFO c.h.h.t.HelmChartContainer - [hivemq-test-hivemq-platform] [hivemq-platform-operator] [22a010b4] 04:03:40.267 [main] INFO  c.h.p.o.HiveMQPlatformOperatorApplication - Validate Platform ServiceAccount permissions: true
2025-01-30 04:03:40,391 INFO c.h.h.t.HelmChartContainer - [hivemq-test-hivemq-platform] [hivemq-platform-operator] [22a010b4] 04:03:40.390 [main] INFO  c.h.platform.operator.util.CRDUtil - Verifying deployed HiveMQ Platform CRD...
2025-01-30 04:03:42,872 INFO c.h.h.t.HelmChartContainer - [hivemq-test-hivemq-platform] [hivemq-platform-operator] [22a010b4] 04:03:42.870 [main] DEBUG c.h.platform.operator.util.CRDUtil - HiveMQ Platform CRD version v1 is up to date
2025-01-30 04:03:42,872 INFO c.h.h.t.HelmChartContainer - [hivemq-test-hivemq-platform] [hivemq-platform-operator] [22a010b4] 04:03:42.870 [main] INFO  c.h.platform.operator.util.CRDUtil - HiveMQ Platform CRD is up to date (version: V1_6_0)
2025-01-30 04:03:42,873 INFO c.h.h.t.HelmChartContainer - [hivemq-test-hivemq-platform] [hivemq-platform-operator] [22a010b4] 04:03:42.870 [main] INFO  c.h.platform.operator.util.CRDUtil - Waiting 10000 ms for HiveMQ Platform CRD 'hivemq-platforms.hivemq.com' to become ready...
2025-01-30 04:03:43,180 INFO c.h.h.t.HelmChartContainer - [hivemq-test-hivemq-platform] [hivemq-platform-operator] [22a010b4] 04:03:43.177 [vert.x-eventloop-thread-1] DEBUG c.h.platform.operator.util.CRDUtil - Checking CRD condition 'NamesAccepted' (status: 'True')
2025-01-30 04:03:43,180 INFO c.h.h.t.HelmChartContainer - [hivemq-test-hivemq-platform] [hivemq-platform-operator] [22a010b4] 04:03:43.178 [vert.x-eventloop-thread-1] DEBUG c.h.platform.operator.util.CRDUtil - Checking CRD condition 'Established' (status: 'True')
2025-01-30 04:03:43,180 INFO c.h.h.t.HelmChartContainer - [hivemq-test-hivemq-platform] [hivemq-platform-operator] [22a010b4] 04:03:43.178 [main] INFO  c.h.platform.operator.util.CRDUtil - HiveMQ Platform CRD 'hivemq-platforms.hivemq.com' is ready
2025-01-30 04:03:43,371 INFO c.h.h.t.HelmChartContainer - [hivemq-test-hivemq-platform] [hivemq-platform-operator] [22a010b4] 04:03:43.370 [main] INFO  c.h.p.o.HiveMQPlatformReconciler - HiveMQ Platform Operator is starting...
2025-01-30 04:03:43,472 INFO c.h.h.t.HelmChartContainer - [hivemq-test-hivemq-platform] [hivemq-platform-operator] [22a010b4] 04:03:43.471 [main] WARN  Default ConfigurationService implementation - Configuration for reconciler 'hivemq-controller' was not found. Known reconcilers: None.
2025-01-30 04:03:43,478 INFO c.h.h.t.HelmChartContainer - [hivemq-test-hivemq-platform] [hivemq-platform-operator] [22a010b4] 04:03:43.477 [main] INFO  Default ConfigurationService implementation - Created configuration for reconciler com.hivemq.platform.operator.HiveMQPlatformReconciler with name hivemq-controller
2025-01-30 04:03:43,579 INFO c.h.h.t.HelmChartContainer - [hivemq-test-hivemq-platform] [hivemq-platform-operator] [22a010b4] 04:03:43.578 [main] DEBUG c.h.p.o.HiveMQPlatformReconciler - HiveMQ Platform Operator is preparing EventSources
2025-01-30 04:03:43,666 INFO c.h.h.t.HelmChartContainer - [hivemq-test-hivemq-platform] [hivemq-platform-operator] [22a010b4] 04:03:43.665 [main] INFO  i.javaoperatorsdk.operator.Operator - Registered reconciler: 'hivemq-controller' for resource: 'class com.hivemq.platform.operator.v1.HiveMQPlatform' for namespace(s): [helmcustomconfigit]
2025-01-30 04:03:43,666 INFO c.h.h.testcontainer.LogWaiterUtil - TEST Found log pattern on 'hivemq-test-hivemq-platform-operator-67f7c95fb6-kjnhz': .*Registered reconciler: 'hivemq-controller' for resource: 'class com.hivemq.platform.operator.v1.HiveMQPlatform' for namespace\(s\): \[helmcustomconfigit\]
2025-01-30 04:03:44,174 INFO c.h.h.t.HelmChartContainer - [hivemq-test-hivemq-platform] [hivemq-platform-operator] [22a010b4] 04:03:44.173 [main] INFO  c.h.p.operator.webserver.JettyServer - Starting Jetty server on port 8080
2025-01-30 04:03:44,269 INFO c.h.h.t.HelmChartContainer - [hivemq-test-hivemq-platform] [hivemq-platform-operator] [22a010b4] 04:03:44.268 [main] INFO  i.javaoperatorsdk.operator.Operator - Operator SDK 4.9.7 (commit: 2133d28) built on Wed Nov 20 12:56:20 UTC 2024 starting...
2025-01-30 04:03:44,269 INFO c.h.h.t.HelmChartContainer - [hivemq-test-hivemq-platform] [hivemq-platform-operator] [22a010b4] 04:03:44.268 [main] INFO  i.javaoperatorsdk.operator.Operator - Client version: 6.13.5
2025-01-30 04:03:44,270 INFO c.h.h.t.HelmChartContainer - [hivemq-test-hivemq-platform] [hivemq-platform-operator] [22a010b4] 04:03:44.269 [Controller Starter for: hivemq-controller] INFO  i.j.operator.processing.Controller - Starting 'hivemq-controller' controller for reconciler: com.hivemq.platform.operator.HiveMQPlatformReconciler, resource: com.hivemq.platform.operator.v1.HiveMQPlatform
2025-01-30 04:03:46,270 INFO c.h.h.t.HelmChartContainer - [hivemq-test-hivemq-platform] [hivemq-platform-operator] [22a010b4] 04:03:46.269 [Controller Starter for: hivemq-controller] INFO  i.j.operator.processing.Controller - 'hivemq-controller' controller started
2025-01-30 04:03:46,271 INFO c.h.h.t.HelmChartContainer - [hivemq-test-hivemq-platform] [hivemq-platform-operator] [22a010b4] 04:03:46.270 [main] INFO  c.h.p.o.HiveMQPlatformOperatorApplication - HiveMQ Platform Operator 1.7.0-SNAPSHOT started in 6089 ms
2025-01-30 04:03:48,498 INFO c.h.h.t.HelmChartContainer - [POD] hivemq-test-hivemq-platform-operator-67f7c95fb6-kjnhz [22a010b4-038f-466e-8289-94c68f4a9247] in helmcustomconfigit-operator was MODIFIED
2025-01-30 04:03:48,505 INFO c.h.h.t.HelmChartContainer - [K3S] [replica_set.go:679] "Finished syncing" kind="ReplicaSet" key="helmcustomconfigit-operator/hivemq-test-hivemq-platform-operator-67f7c95fb6" duration="7.99004ms"
2025-01-30 04:03:48,505 INFO c.h.h.t.HelmChartContainer - [K3S] [replica_set.go:679] "Finished syncing" kind="ReplicaSet" key="helmcustomconfigit-operator/hivemq-test-hivemq-platform-operator-67f7c95fb6" duration="96.217µs"
2025-01-30 04:03:48,957 INFO com.hivemq.helmcharts.util.K8sUtil - Pod 'hivemq-test-hivemq-platform-operator-67f7c95fb6-kjnhz' is ready
2025-01-30 04:03:51,018 DEBUG c.h.h.t.HelmChartContainer - Executing helm command: /bin/helm --kubeconfig /etc/rancher/k3s/k3s.yaml install test-hivemq-platform /charts/hivemq-platform --wait --timeout 5m0s --set image.repository=docker.io/hivemq --set image.tag=4.36.0 --set image.pullPolicy=Never --set nodes.resources.cpu=512m -f /files/custom-platform-env-vars-values.yaml --namespace helmcustomconfigit
2025-01-30 04:03:52,471 INFO c.h.h.t.HelmChartContainer - [hivemq-test-hivemq-platform] [hivemq-platform-operator] [22a010b4] 04:03:52.468 [pool-6-thread-3] DEBUG c.h.p.o.dependants.PodInfoConfigMap - [helmcust] Desired PodInfo ConfigMap (1 extensions) (1 enabled)
2025-01-30 04:03:52,471 INFO c.h.h.t.HelmChartContainer - [hivemq-test-hivemq-platform] [hivemq-platform-operator] [22a010b4] 04:03:52.469 [pool-6-thread-3] DEBUG c.h.p.o.dependants.PodInfoConfigMap - [helmcust] Desired PodInfo ConfigMap (metrics port: 9399) (metrics path: /)
2025-01-30 04:03:52,471 INFO c.h.h.t.HelmChartContainer - [hivemq-test-hivemq-platform] [hivemq-platform-operator] [22a010b4] 04:03:52.469 [pool-6-thread-3] DEBUG c.h.p.o.dependants.PodInfoConfigMap - [helmcust] Desired PodInfo ConfigMap (extension state hash: -1817474005)
2025-01-30 04:03:52,472 INFO c.h.h.t.HelmChartContainer - [hivemq-test-hivemq-platform] [hivemq-platform-operator] [22a010b4] 04:03:52.471 [pool-6-thread-3] DEBUG c.h.p.o.dependants.PodInfoConfigMap - [helmcust] Create PodInfo ConfigMap
2025-01-30 04:03:52,664 INFO c.h.h.t.HelmChartContainer - [hivemq-test-hivemq-platform] [hivemq-platform-operator] [22a010b4] 04:03:52.574 [pool-6-thread-5] DEBUG c.h.p.o.dependants.PodRoleResource - [helmcust] Create Role: Role(apiVersion=rbac.authorization.k8s.io/v1, kind=Role, metadata=ObjectMeta(annotations={meta.helm.sh/release-name=test-hivemq-platform, meta.helm.sh/release-namespace=helmcustomconfigit}, creationTimestamp=null, deletionGracePeriodSeconds=null, deletionTimestamp=null, finalizers=[], generateName=null, generation=null, labels={helm.sh/chart=hivemq-platform-0.2.32, app.kubernetes.io/managed-by=Helm, app.kubernetes.io/name=hivemq-platform, hivemq-platform=test-hivemq-platform, app.kubernetes.io/instance=test-hivemq-platform, app.kubernetes.io/version=4.36.0}, managedFields=[], name=hivemq-platform-role-test-hivemq-platform, namespace=helmcustomconfigit, ownerReferences=[OwnerReference(apiVersion=hivemq.com/v1, blockOwnerDeletion=null, controller=null, kind=HiveMQPlatform, name=test-hivemq-platform, uid=82bc59af-afea-4d37-8aa7-42a8bc08dd74, additionalProperties={})], resourceVersion=null, selfLink=null, uid=null, additionalProperties={}), rules=[PolicyRule(apiGroups=[], nonResourceURLs=[], resourceNames=[], resources=[pods], verbs=[get, patch, update], additionalProperties={})], additionalProperties={})
2025-01-30 04:03:52,767 INFO c.h.h.t.HelmChartContainer - [hivemq-test-hivemq-platform] [hivemq-platform-operator] [22a010b4] 04:03:52.765 [pool-6-thread-7] DEBUG c.h.p.o.d.PodServiceAccountResource - [helmcust] Desired PodServiceAccountResource (serviceAccountName: hivemq-platform-pod-test-hivemq-platform)
2025-01-30 04:03:52,768 INFO c.h.h.t.HelmChartContainer - [hivemq-test-hivemq-platform] [hivemq-platform-operator] [22a010b4] 04:03:52.767 [pool-6-thread-7] DEBUG c.h.p.o.d.PodServiceAccountResource - [helmcust] Create ServiceAccount 'hivemq-platform-pod-test-hivemq-platform'
2025-01-30 04:03:52,874 INFO c.h.h.t.HelmChartContainer - [hivemq-test-hivemq-platform] [hivemq-platform-operator] [22a010b4] 04:03:52.873 [pool-6-thread-10] DEBUG c.h.p.o.d.PodRoleBindingResource - [helmcust] Create RoleBinding: RoleBinding(apiVersion=rbac.authorization.k8s.io/v1, kind=RoleBinding, metadata=ObjectMeta(annotations={meta.helm.sh/release-name=test-hivemq-platform, meta.helm.sh/release-namespace=helmcustomconfigit}, creationTimestamp=null, deletionGracePeriodSeconds=null, deletionTimestamp=null, finalizers=[], generateName=null, generation=null, labels={helm.sh/chart=hivemq-platform-0.2.32, app.kubernetes.io/managed-by=Helm, app.kubernetes.io/name=hivemq-platform, hivemq-platform=test-hivemq-platform, app.kubernetes.io/instance=test-hivemq-platform, app.kubernetes.io/version=4.36.0}, managedFields=[], name=hivemq-platform-role-binding-test-hivemq-platform, namespace=helmcustomconfigit, ownerReferences=[OwnerReference(apiVersion=hivemq.com/v1, blockOwnerDeletion=null, controller=null, kind=HiveMQPlatform, name=test-hivemq-platform, uid=82bc59af-afea-4d37-8aa7-42a8bc08dd74, additionalProperties={})], resourceVersion=null, selfLink=null, uid=null, additionalProperties={}), roleRef=RoleRef(apiGroup=rbac.authorization.k8s.io, kind=Role, name=hivemq-platform-role-test-hivemq-platform, additionalProperties={}), subjects=[Subject(apiGroup=null, kind=ServiceAccount, name=hivemq-platform-pod-test-hivemq-platform, namespace=helmcustomconfigit, additionalProperties={})], additionalProperties={})
2025-01-30 04:03:52,964 INFO c.h.h.t.HelmChartContainer - [hivemq-test-hivemq-platform] [hivemq-platform-operator] [22a010b4] 04:03:52.963 [ReconcilerExecutor-hivemq-controller-51] INFO  c.h.p.o.HiveMQPlatformReconciler - [helmcust] Reconciling HiveMQ Platform 'test-hivemq-platform' in namespace 'helmcustomconfigit'
2025-01-30 04:03:52,965 INFO c.h.h.t.HelmChartContainer - [hivemq-test-hivemq-platform] [hivemq-platform-operator] [22a010b4] 04:03:52.964 [ReconcilerExecutor-hivemq-controller-51] DEBUG c.h.p.o.HiveMQPlatformReconciler - [helmcust] Custom Resource Status CREATED - HiveMQ Platform was created (READY)
2025-01-30 04:03:52,965 INFO c.h.h.t.HelmChartContainer - [hivemq-test-hivemq-platform] [hivemq-platform-operator] [22a010b4] 04:03:52.964 [ReconcilerExecutor-hivemq-controller-51] DEBUG c.h.p.o.HiveMQPlatformReconciler - [helmcust] Custom Resource Spec (replicas: 2) (extensions: 1)
2025-01-30 04:03:52,969 INFO c.h.h.t.HelmChartContainer - [hivemq-test-hivemq-platform] [hivemq-platform-operator] [22a010b4] 04:03:52.968 [ReconcilerExecutor-hivemq-controller-51] INFO  c.h.p.o.h.HiveMQPlatformReconcilerBaseHandler - [helmcust] HiveMQ Platform is starting
2025-01-30 04:03:53,076 INFO c.h.h.t.HelmChartContainer - [hivemq-test-hivemq-platform] [hivemq-platform-operator] [22a010b4] 04:03:53.074 [ReconcilerExecutor-hivemq-controller-51] DEBUG c.h.p.operator.event.EventSender - [helmcust] Creating K8s event hivemq-platform-starting: [Start] HiveMQ Platform is starting
2025-01-30 04:03:53,084 INFO c.h.h.t.HelmChartContainer - [EVENT] Normal [Start] HiveMQ Platform is starting [helmcustomconfigit:test-hivemq-platform]
2025-01-30 04:03:53,167 INFO c.h.h.t.HelmChartContainer - [hivemq-test-hivemq-platform] [hivemq-platform-operator] [22a010b4] 04:03:53.165 [ReconcilerExecutor-hivemq-controller-51] INFO  c.h.p.o.h.AbstractHiveMQReconcilerStateHandler - [helmcust] Update HiveMQ Platform Status (CREATED [READY] -> STARTING [READY]): HiveMQ Platform is starting
2025-01-30 04:03:53,180 DEBUG com.hivemq.helmcharts.util.K8sUtil - Comparing actual state 'STARTING' and waiting for 'RUNNING'
2025-01-30 04:04:03,267 INFO c.h.h.t.HelmChartContainer - [hivemq-test-hivemq-platform] [hivemq-platform-operator] [22a010b4] 04:04:03.266 [Timer-0] WARN  i.m.p.PrometheusMeterRegistry - The meter (MeterId{name='operator.sdk.events.received', tags=[tag(event=Event),tag(group=hivemq.com),tag(kind=HiveMQPlatform),tag(name=test-hivemq-platform),tag(namespace=helmcustomconfigit),tag(scope=namespace),tag(version=v1)]}) registration has failed: Prometheus requires that all meters with the same name have the same set of tag keys. There is already an existing meter named 'operator.sdk.events.received' containing tag keys [action, event, group, kind, name, namespace, scope, version]. The meter you are attempting to register has keys [event, group, kind, name, namespace, scope, version]. Note that subsequent logs will be logged at debug level.
2025-01-30 04:04:03,273 INFO c.h.h.t.HelmChartContainer - [hivemq-test-hivemq-platform] [hivemq-platform-operator] [22a010b4] 04:04:03.272 [pool-6-thread-12] DEBUG c.h.p.o.d.PlatformServiceResource - [helmcust] Desired Platform services (3 services)
2025-01-30 04:04:03,276 INFO c.h.h.t.HelmChartContainer - [hivemq-test-hivemq-platform] [hivemq-platform-operator] [22a010b4] 04:04:03.275 [pool-6-thread-13] DEBUG c.h.p.o.dependants.PodInfoConfigMap - [helmcust] Desired PodInfo ConfigMap (1 extensions) (1 enabled)
2025-01-30 04:04:03,277 INFO c.h.h.t.HelmChartContainer - [hivemq-test-hivemq-platform] [hivemq-platform-operator] [22a010b4] 04:04:03.275 [pool-6-thread-13] DEBUG c.h.p.o.dependants.PodInfoConfigMap - [helmcust] Desired PodInfo ConfigMap (metrics port: 9399) (metrics path: /)
2025-01-30 04:04:03,278 INFO c.h.h.t.HelmChartContainer - [hivemq-test-hivemq-platform] [hivemq-platform-operator] [22a010b4] 04:04:03.275 [pool-6-thread-13] DEBUG c.h.p.o.dependants.PodInfoConfigMap - [helmcust] Desired PodInfo ConfigMap (extension state hash: -1817474005)
2025-01-30 04:04:03,283 INFO c.h.h.t.HelmChartContainer - [hivemq-test-hivemq-platform] [hivemq-platform-operator] [22a010b4] 04:04:03.281 [pool-6-thread-17] DEBUG c.h.p.o.d.PodServiceAccountResource - [helmcust] Desired PodServiceAccountResource (serviceAccountName: hivemq-platform-pod-test-hivemq-platform)
2025-01-30 04:04:03,287 INFO c.h.h.t.HelmChartContainer - [K3S] [alloc.go:330] "allocated clusterIPs" service="helmcustomconfigit/hivemq-test-hivemq-platform-cc-8080" clusterIPs={"IPv4":"10.43.83.79"}
2025-01-30 04:04:03,365 INFO c.h.h.t.HelmChartContainer - [hivemq-test-hivemq-platform] [hivemq-platform-operator] [22a010b4] 04:04:03.363 [pool-6-thread-13] DEBUG c.h.p.o.dependants.PodInfoConfigMap - [helmcust] Update PodInfo ConfigMap
2025-01-30 04:04:03,377 INFO c.h.h.t.HelmChartContainer - [K3S] [alloc.go:330] "allocated clusterIPs" service="helmcustomconfigit/hivemq-test-hivemq-platform-metrics-9399" clusterIPs={"IPv4":"10.43.26.84"}
2025-01-30 04:04:03,467 INFO c.h.h.t.HelmChartContainer - [K3S] [alloc.go:330] "allocated clusterIPs" service="helmcustomconfigit/hivemq-test-hivemq-platform-mqtt-1883" clusterIPs={"IPv4":"10.43.244.16"}
2025-01-30 04:04:03,478 INFO c.h.h.t.HelmChartContainer - [hivemq-test-hivemq-platform] [hivemq-platform-operator] [22a010b4] 04:04:03.474 [pool-6-thread-20] DEBUG c.h.p.o.d.StatefulSetResource - [helmcust] Desired StatefulSet (2 replicas) for status STARTING (READY)
2025-01-30 04:04:03,488 INFO c.h.h.t.HelmChartContainer - [hivemq-test-hivemq-platform] [hivemq-platform-operator] [22a010b4] 04:04:03.487 [pool-6-thread-20] DEBUG c.h.p.o.d.StatefulSetResource - [helmcust] Create StatefulSet
2025-01-30 04:04:03,592 INFO c.h.h.t.HelmChartContainer - [POD] test-hivemq-platform-0 [b566c041-5e1b-493d-9f9c-5dee9021b3b0] in helmcustomconfigit was ADDED
2025-01-30 04:04:03,600 INFO c.h.h.t.HelmChartContainer - [POD] test-hivemq-platform-0 [b566c041-5e1b-493d-9f9c-5dee9021b3b0] in helmcustomconfigit was MODIFIED
2025-01-30 04:04:03,603 INFO c.h.h.t.HelmChartContainer - [EVENT] Normal [SuccessfulCreate] create Pod test-hivemq-platform-0 in StatefulSet test-hivemq-platform successful [helmcustomconfigit:test-hivemq-platform]
2025-01-30 04:04:03,603 INFO c.h.h.t.HelmChartContainer - [EVENT] Normal [Scheduled] Successfully assigned helmcustomconfigit/test-hivemq-platform-0 to bb975d1fd0a5 [helmcustomconfigit:test-hivemq-platform-0]
2025-01-30 04:04:03,620 INFO c.h.h.t.HelmChartContainer - [POD] test-hivemq-platform-0 [b566c041-5e1b-493d-9f9c-5dee9021b3b0] in helmcustomconfigit was MODIFIED
2025-01-30 04:04:03,674 INFO c.h.h.t.HelmChartContainer - [hivemq-test-hivemq-platform] [hivemq-platform-operator] [22a010b4] 04:04:03.671 [ReconcilerExecutor-hivemq-controller-62] INFO  c.h.p.o.HiveMQPlatformReconciler - [helmcust] Reconciling HiveMQ Platform 'test-hivemq-platform' in namespace 'helmcustomconfigit'
2025-01-30 04:04:03,674 INFO c.h.h.t.HelmChartContainer - [hivemq-test-hivemq-platform] [hivemq-platform-operator] [22a010b4] 04:04:03.673 [ReconcilerExecutor-hivemq-controller-62] DEBUG c.h.p.o.HiveMQPlatformReconciler - [helmcust] Custom Resource Status STARTING - HiveMQ Platform is starting (READY)
2025-01-30 04:04:03,675 INFO c.h.h.t.HelmChartContainer - [hivemq-test-hivemq-platform] [hivemq-platform-operator] [22a010b4] 04:04:03.673 [ReconcilerExecutor-hivemq-controller-62] DEBUG c.h.p.o.HiveMQPlatformReconciler - [helmcust] Custom Resource Spec (replicas: 2) (extensions: 1)
2025-01-30 04:04:03,681 INFO c.h.h.t.HelmChartContainer - [hivemq-test-hivemq-platform] [hivemq-platform-operator] [22a010b4] 04:04:03.680 [ReconcilerExecutor-hivemq-controller-62] DEBUG c.h.p.o.HiveMQPlatformReconciler - [helmcust] StatefulSet Status (revision: test-hivemq-platform-6b448bcf6f, replicas: 1, available: 0, ready: 0, current: 1, updated: 1)
2025-01-30 04:04:03,682 INFO c.h.h.t.HelmChartContainer - [hivemq-test-hivemq-platform] [hivemq-platform-operator] [22a010b4] 04:04:03.681 [ReconcilerExecutor-hivemq-controller-62] DEBUG c.h.p.o.HiveMQPlatformReconciler - [helmcust] StatefulSet Spec (replicas: 2, init containers: 1, containers: 1, volumes: 3)
2025-01-30 04:04:03,707 INFO c.h.h.t.HelmChartContainer - [K3S] [reconciler_common.go:251] "operationExecutor.VerifyControllerAttachedVolume started for volume \"broker-configuration\" (UniqueName: \"kubernetes.io/configmap/b566c041-5e1b-493d-9f9c-5dee9021b3b0-broker-configuration\") pod \"test-hivemq-platform-0\" (UID: \"b566c041-5e1b-493d-9f9c-5dee9021b3b0\") " pod="helmcustomconfigit/test-hivemq-platform-0"
2025-01-30 04:04:03,707 INFO c.h.h.t.HelmChartContainer - [K3S] [reconciler_common.go:251] "operationExecutor.VerifyControllerAttachedVolume started for volume \"pod-info\" (UniqueName: \"kubernetes.io/configmap/b566c041-5e1b-493d-9f9c-5dee9021b3b0-pod-info\") pod \"test-hivemq-platform-0\" (UID: \"b566c041-5e1b-493d-9f9c-5dee9021b3b0\") " pod="helmcustomconfigit/test-hivemq-platform-0"
2025-01-30 04:04:03,707 INFO c.h.h.t.HelmChartContainer - [K3S] [reconciler_common.go:251] "operationExecutor.VerifyControllerAttachedVolume started for volume \"operator-init\" (UniqueName: \"kubernetes.io/empty-dir/b566c041-5e1b-493d-9f9c-5dee9021b3b0-operator-init\") pod \"test-hivemq-platform-0\" (UID: \"b566c041-5e1b-493d-9f9c-5dee9021b3b0\") " pod="helmcustomconfigit/test-hivemq-platform-0"
2025-01-30 04:04:03,707 INFO c.h.h.t.HelmChartContainer - [K3S] [reconciler_common.go:251] "operationExecutor.VerifyControllerAttachedVolume started for volume \"kube-api-access-mstqx\" (UniqueName: \"kubernetes.io/projected/b566c041-5e1b-493d-9f9c-5dee9021b3b0-kube-api-access-mstqx\") pod \"test-hivemq-platform-0\" (UID: \"b566c041-5e1b-493d-9f9c-5dee9021b3b0\") " pod="helmcustomconfigit/test-hivemq-platform-0"
2025-01-30 04:04:03,773 INFO c.h.h.t.HelmChartContainer - [hivemq-test-hivemq-platform] [hivemq-platform-operator] [22a010b4] 04:04:03.772 [ReconcilerExecutor-hivemq-controller-62] DEBUG c.h.p.o.h.HiveMQPlatformReconcilerErrorHandler - [helmcust] Pod 'test-hivemq-platform-0' phase Pending
2025-01-30 04:04:03,774 INFO c.h.h.t.HelmChartContainer - [hivemq-test-hivemq-platform] [hivemq-platform-operator] [22a010b4] 04:04:03.773 [ReconcilerExecutor-hivemq-controller-62] DEBUG c.h.p.o.h.HiveMQPlatformReconcilerErrorHandler - [helmcust] Pod 'test-hivemq-platform-0' condition 'PodReadyToStartContainers': False
2025-01-30 04:04:03,774 INFO c.h.h.t.HelmChartContainer - [hivemq-test-hivemq-platform] [hivemq-platform-operator] [22a010b4] 04:04:03.773 [ReconcilerExecutor-hivemq-controller-62] DEBUG c.h.p.o.h.HiveMQPlatformReconcilerErrorHandler - [helmcust] Pod 'test-hivemq-platform-0' condition 'Initialized': False
2025-01-30 04:04:03,774 INFO c.h.h.t.HelmChartContainer - [hivemq-test-hivemq-platform] [hivemq-platform-operator] [22a010b4] 04:04:03.773 [ReconcilerExecutor-hivemq-controller-62] DEBUG c.h.p.o.h.HiveMQPlatformReconcilerErrorHandler - [helmcust] Pod 'test-hivemq-platform-0' condition 'Ready': False
2025-01-30 04:04:03,774 INFO c.h.h.t.HelmChartContainer - [hivemq-test-hivemq-platform] [hivemq-platform-operator] [22a010b4] 04:04:03.773 [ReconcilerExecutor-hivemq-controller-62] DEBUG c.h.p.o.h.HiveMQPlatformReconcilerErrorHandler - [helmcust] Pod 'test-hivemq-platform-0' condition 'ContainersReady': False
2025-01-30 04:04:03,774 INFO c.h.h.t.HelmChartContainer - [hivemq-test-hivemq-platform] [hivemq-platform-operator] [22a010b4] 04:04:03.774 [ReconcilerExecutor-hivemq-controller-62] DEBUG c.h.p.o.h.HiveMQPlatformReconcilerErrorHandler - [helmcust] Pod 'test-hivemq-platform-0' condition 'PodScheduled': True
2025-01-30 04:04:03,775 INFO c.h.h.t.HelmChartContainer - [hivemq-test-hivemq-platform] [hivemq-platform-operator] [22a010b4] 04:04:03.774 [ReconcilerExecutor-hivemq-controller-62] DEBUG c.h.p.o.h.HiveMQPlatformReconcilerErrorHandler - [helmcust] Pod 'test-hivemq-platform-0' containerStatus 'hivemq' (started: false) (ready: false) (waiting: [PodInitializing] null)
2025-01-30 04:04:03,777 INFO c.h.h.t.HelmChartContainer - [hivemq-test-hivemq-platform] [hivemq-platform-operator] [22a010b4] 04:04:03.776 [ReconcilerExecutor-hivemq-controller-62] INFO  c.h.p.o.h.HiveMQPlatformReconcilerBaseHandler - [helmcust] HiveMQ Platform is starting, 0 of 2 replicas are ready
2025-01-30 04:04:03,868 INFO c.h.h.t.HelmChartContainer - [hivemq-test-hivemq-platform] [hivemq-platform-operator] [22a010b4] 04:04:03.865 [pool-6-thread-22] DEBUG c.h.p.o.d.PlatformServiceResource - [helmcust] Desired Platform services (3 services)
2025-01-30 04:04:03,868 INFO c.h.h.t.HelmChartContainer - [hivemq-test-hivemq-platform] [hivemq-platform-operator] [22a010b4] 04:04:03.867 [pool-6-thread-23] DEBUG c.h.p.o.dependants.PodInfoConfigMap - [helmcust] Desired PodInfo ConfigMap (1 extensions) (1 enabled)
2025-01-30 04:04:03,868 INFO c.h.h.t.HelmChartContainer - [hivemq-test-hivemq-platform] [hivemq-platform-operator] [22a010b4] 04:04:03.867 [pool-6-thread-23] DEBUG c.h.p.o.dependants.PodInfoConfigMap - [helmcust] Desired PodInfo ConfigMap (metrics port: 9399) (metrics path: /)
2025-01-30 04:04:03,868 INFO c.h.h.t.HelmChartContainer - [hivemq-test-hivemq-platform] [hivemq-platform-operator] [22a010b4] 04:04:03.867 [pool-6-thread-23] DEBUG c.h.p.o.dependants.PodInfoConfigMap - [helmcust] Desired PodInfo ConfigMap (extension state hash: -1817474005)
2025-01-30 04:04:03,871 INFO c.h.h.t.HelmChartContainer - [hivemq-test-hivemq-platform] [hivemq-platform-operator] [22a010b4] 04:04:03.869 [pool-6-thread-27] DEBUG c.h.p.o.d.PodServiceAccountResource - [helmcust] Desired PodServiceAccountResource (serviceAccountName: hivemq-platform-pod-test-hivemq-platform)
2025-01-30 04:04:03,967 INFO c.h.h.t.HelmChartContainer - [hivemq-test-hivemq-platform] [hivemq-platform-operator] [22a010b4] 04:04:03.966 [pool-6-thread-30] DEBUG c.h.p.o.d.StatefulSetResource - [helmcust] Desired StatefulSet (2 replicas) for status STARTING (READY)
2025-01-30 04:04:03,974 INFO c.h.h.t.HelmChartContainer - [hivemq-test-hivemq-platform] [hivemq-platform-operator] [22a010b4] 04:04:03.973 [ReconcilerExecutor-hivemq-controller-76] INFO  c.h.p.o.HiveMQPlatformReconciler - [helmcust] Reconciling HiveMQ Platform 'test-hivemq-platform' in namespace 'helmcustomconfigit'
2025-01-30 04:04:03,976 INFO c.h.h.t.HelmChartContainer - [hivemq-test-hivemq-platform] [hivemq-platform-operator] [22a010b4] 04:04:03.973 [ReconcilerExecutor-hivemq-controller-76] DEBUG c.h.p.o.HiveMQPlatformReconciler - [helmcust] Custom Resource Status STARTING - HiveMQ Platform is starting (READY)
2025-01-30 04:04:03,977 INFO c.h.h.t.HelmChartContainer - [hivemq-test-hivemq-platform] [hivemq-platform-operator] [22a010b4] 04:04:03.973 [ReconcilerExecutor-hivemq-controller-76] DEBUG c.h.p.o.HiveMQPlatformReconciler - [helmcust] Custom Resource Spec (replicas: 2) (extensions: 1)
2025-01-30 04:04:03,978 INFO c.h.h.t.HelmChartContainer - [hivemq-test-hivemq-platform] [hivemq-platform-operator] [22a010b4] 04:04:03.977 [ReconcilerExecutor-hivemq-controller-76] DEBUG c.h.p.o.HiveMQPlatformReconciler - [helmcust] StatefulSet Status (revision: test-hivemq-platform-6b448bcf6f, replicas: 1, available: 0, ready: 0, current: 1, updated: 1)
2025-01-30 04:04:03,980 INFO c.h.h.t.HelmChartContainer - [hivemq-test-hivemq-platform] [hivemq-platform-operator] [22a010b4] 04:04:03.978 [ReconcilerExecutor-hivemq-controller-76] DEBUG c.h.p.o.HiveMQPlatformReconciler - [helmcust] StatefulSet Spec (replicas: 2, init containers: 1, containers: 1, volumes: 3)
2025-01-30 04:04:03,983 INFO c.h.h.t.HelmChartContainer - [hivemq-test-hivemq-platform] [hivemq-platform-operator] [22a010b4] 04:04:03.982 [ReconcilerExecutor-hivemq-controller-76] DEBUG c.h.p.o.h.HiveMQPlatformReconcilerErrorHandler - [helmcust] Pod 'test-hivemq-platform-0' phase Pending
2025-01-30 04:04:03,986 INFO c.h.h.t.HelmChartContainer - [hivemq-test-hivemq-platform] [hivemq-platform-operator] [22a010b4] 04:04:03.982 [ReconcilerExecutor-hivemq-controller-76] DEBUG c.h.p.o.h.HiveMQPlatformReconcilerErrorHandler - [helmcust] Pod 'test-hivemq-platform-0' condition 'PodReadyToStartContainers': False
2025-01-30 04:04:03,986 INFO c.h.h.t.HelmChartContainer - [hivemq-test-hivemq-platform] [hivemq-platform-operator] [22a010b4] 04:04:03.982 [ReconcilerExecutor-hivemq-controller-76] DEBUG c.h.p.o.h.HiveMQPlatformReconcilerErrorHandler - [helmcust] Pod 'test-hivemq-platform-0' condition 'Initialized': False
2025-01-30 04:04:03,986 INFO c.h.h.t.HelmChartContainer - [hivemq-test-hivemq-platform] [hivemq-platform-operator] [22a010b4] 04:04:03.982 [ReconcilerExecutor-hivemq-controller-76] DEBUG c.h.p.o.h.HiveMQPlatformReconcilerErrorHandler - [helmcust] Pod 'test-hivemq-platform-0' condition 'Ready': False
2025-01-30 04:04:03,986 INFO c.h.h.t.HelmChartContainer - [hivemq-test-hivemq-platform] [hivemq-platform-operator] [22a010b4] 04:04:03.982 [ReconcilerExecutor-hivemq-controller-76] DEBUG c.h.p.o.h.HiveMQPlatformReconcilerErrorHandler - [helmcust] Pod 'test-hivemq-platform-0' condition 'ContainersReady': False
2025-01-30 04:04:03,986 INFO c.h.h.t.HelmChartContainer - [hivemq-test-hivemq-platform] [hivemq-platform-operator] [22a010b4] 04:04:03.982 [ReconcilerExecutor-hivemq-controller-76] DEBUG c.h.p.o.h.HiveMQPlatformReconcilerErrorHandler - [helmcust] Pod 'test-hivemq-platform-0' condition 'PodScheduled': True
2025-01-30 04:04:03,986 INFO c.h.h.t.HelmChartContainer - [hivemq-test-hivemq-platform] [hivemq-platform-operator] [22a010b4] 04:04:03.982 [ReconcilerExecutor-hivemq-controller-76] DEBUG c.h.p.o.h.HiveMQPlatformReconcilerErrorHandler - [helmcust] Pod 'test-hivemq-platform-0' containerStatus 'hivemq' (started: false) (ready: false) (waiting: [PodInitializing] null)
2025-01-30 04:04:03,986 INFO c.h.h.t.HelmChartContainer - [hivemq-test-hivemq-platform] [hivemq-platform-operator] [22a010b4] 04:04:03.983 [ReconcilerExecutor-hivemq-controller-76] INFO  c.h.p.o.h.HiveMQPlatformReconcilerBaseHandler - [helmcust] HiveMQ Platform is starting, 0 of 2 replicas are ready
2025-01-30 04:04:03,996 INFO c.h.h.t.HelmChartContainer - [EVENT] Normal [Pulled] Container image "docker.io/hivemq/hivemq-platform-operator-init-test:snapshot" already present on machine [helmcustomconfigit:test-hivemq-platform-0]
2025-01-30 04:04:04,112 INFO c.h.h.t.HelmChartContainer - [EVENT] Normal [Created] Created container: hivemq-platform-operator-init [helmcustomconfigit:test-hivemq-platform-0]
2025-01-30 04:04:04,152 INFO c.h.h.t.HelmChartContainer - [EVENT] Normal [Started] Started container hivemq-platform-operator-init [helmcustomconfigit:test-hivemq-platform-0]
2025-01-30 04:04:04,522 INFO c.h.h.t.HelmChartContainer - [EVENT] Normal [Pulled] Container image "docker.io/hivemq/hivemq4:4.36.0" already present on machine [helmcustomconfigit:test-hivemq-platform-0]
2025-01-30 04:04:04,522 INFO c.h.h.t.HelmChartContainer - Received Pulled event for container hivemq in pod test-hivemq-platform-0 [b566c041-5e1b-493d-9f9c-5dee9021b3b0]
2025-01-30 04:04:04,529 INFO c.h.h.t.HelmChartContainer - [POD] test-hivemq-platform-0 [b566c041-5e1b-493d-9f9c-5dee9021b3b0] in helmcustomconfigit was MODIFIED
2025-01-30 04:04:04,574 INFO c.h.h.t.HelmChartContainer - [hivemq-test-hivemq-platform] [hivemq-platform-operator] [22a010b4] 04:04:04.569 [pool-6-thread-32] DEBUG c.h.p.o.d.PlatformServiceResource - [helmcust] Desired Platform services (3 services)
2025-01-30 04:04:04,576 INFO c.h.h.t.HelmChartContainer - [hivemq-test-hivemq-platform] [hivemq-platform-operator] [22a010b4] 04:04:04.572 [pool-6-thread-33] DEBUG c.h.p.o.dependants.PodInfoConfigMap - [helmcust] Desired PodInfo ConfigMap (1 extensions) (1 enabled)
2025-01-30 04:04:04,576 INFO c.h.h.t.HelmChartContainer - [hivemq-test-hivemq-platform] [hivemq-platform-operator] [22a010b4] 04:04:04.572 [pool-6-thread-33] DEBUG c.h.p.o.dependants.PodInfoConfigMap - [helmcust] Desired PodInfo ConfigMap (metrics port: 9399) (metrics path: /)
2025-01-30 04:04:04,576 INFO c.h.h.t.HelmChartContainer - [hivemq-test-hivemq-platform] [hivemq-platform-operator] [22a010b4] 04:04:04.572 [pool-6-thread-33] DEBUG c.h.p.o.dependants.PodInfoConfigMap - [helmcust] Desired PodInfo ConfigMap (extension state hash: -1817474005)
2025-01-30 04:04:04,578 INFO c.h.h.t.HelmChartContainer - [hivemq-test-hivemq-platform] [hivemq-platform-operator] [22a010b4] 04:04:04.576 [pool-6-thread-37] DEBUG c.h.p.o.d.PodServiceAccountResource - [helmcust] Desired PodServiceAccountResource (serviceAccountName: hivemq-platform-pod-test-hivemq-platform)
2025-01-30 04:04:04,668 INFO c.h.h.t.HelmChartContainer - [hivemq-test-hivemq-platform] [hivemq-platform-operator] [22a010b4] 04:04:04.667 [pool-6-thread-40] DEBUG c.h.p.o.d.StatefulSetResource - [helmcust] Desired StatefulSet (2 replicas) for status STARTING (READY)
2025-01-30 04:04:04,673 INFO c.h.h.t.HelmChartContainer - [hivemq-test-hivemq-platform] [hivemq-platform-operator] [22a010b4] 04:04:04.672 [ReconcilerExecutor-hivemq-controller-87] INFO  c.h.p.o.HiveMQPlatformReconciler - [helmcust] Reconciling HiveMQ Platform 'test-hivemq-platform' in namespace 'helmcustomconfigit'
2025-01-30 04:04:04,675 INFO c.h.h.t.HelmChartContainer - [hivemq-test-hivemq-platform] [hivemq-platform-operator] [22a010b4] 04:04:04.673 [ReconcilerExecutor-hivemq-controller-87] DEBUG c.h.p.o.HiveMQPlatformReconciler - [helmcust] Custom Resource Status STARTING - HiveMQ Platform is starting (READY)
2025-01-30 04:04:04,675 INFO c.h.h.t.HelmChartContainer - [hivemq-test-hivemq-platform] [hivemq-platform-operator] [22a010b4] 04:04:04.673 [ReconcilerExecutor-hivemq-controller-87] DEBUG c.h.p.o.HiveMQPlatformReconciler - [helmcust] Custom Resource Spec (replicas: 2) (extensions: 1)
2025-01-30 04:04:04,677 INFO c.h.h.t.HelmChartContainer - [hivemq-test-hivemq-platform] [hivemq-platform-operator] [22a010b4] 04:04:04.675 [ReconcilerExecutor-hivemq-controller-87] DEBUG c.h.p.o.HiveMQPlatformReconciler - [helmcust] StatefulSet Status (revision: test-hivemq-platform-6b448bcf6f, replicas: 1, available: 0, ready: 0, current: 1, updated: 1)
2025-01-30 04:04:04,677 INFO c.h.h.t.HelmChartContainer - [hivemq-test-hivemq-platform] [hivemq-platform-operator] [22a010b4] 04:04:04.676 [ReconcilerExecutor-hivemq-controller-87] DEBUG c.h.p.o.HiveMQPlatformReconciler - [helmcust] StatefulSet Spec (replicas: 2, init containers: 1, containers: 1, volumes: 3)
2025-01-30 04:04:04,680 INFO c.h.h.t.HelmChartContainer - [hivemq-test-hivemq-platform] [hivemq-platform-operator] [22a010b4] 04:04:04.679 [ReconcilerExecutor-hivemq-controller-87] DEBUG c.h.p.o.h.HiveMQPlatformReconcilerErrorHandler - [helmcust] Pod 'test-hivemq-platform-0' phase Pending
2025-01-30 04:04:04,681 INFO c.h.h.t.HelmChartContainer - [hivemq-test-hivemq-platform] [hivemq-platform-operator] [22a010b4] 04:04:04.679 [ReconcilerExecutor-hivemq-controller-87] DEBUG c.h.p.o.h.HiveMQPlatformReconcilerErrorHandler - [helmcust] Pod 'test-hivemq-platform-0' condition 'PodReadyToStartContainers': True
2025-01-30 04:04:04,681 INFO c.h.h.t.HelmChartContainer - [hivemq-test-hivemq-platform] [hivemq-platform-operator] [22a010b4] 04:04:04.679 [ReconcilerExecutor-hivemq-controller-87] DEBUG c.h.p.o.h.HiveMQPlatformReconcilerErrorHandler - [helmcust] Pod 'test-hivemq-platform-0' condition 'Initialized': True
2025-01-30 04:04:04,681 INFO c.h.h.t.HelmChartContainer - [hivemq-test-hivemq-platform] [hivemq-platform-operator] [22a010b4] 04:04:04.679 [ReconcilerExecutor-hivemq-controller-87] DEBUG c.h.p.o.h.HiveMQPlatformReconcilerErrorHandler - [helmcust] Pod 'test-hivemq-platform-0' condition 'Ready': False
2025-01-30 04:04:04,681 INFO c.h.h.t.HelmChartContainer - [hivemq-test-hivemq-platform] [hivemq-platform-operator] [22a010b4] 04:04:04.679 [ReconcilerExecutor-hivemq-controller-87] DEBUG c.h.p.o.h.HiveMQPlatformReconcilerErrorHandler - [helmcust] Pod 'test-hivemq-platform-0' condition 'ContainersReady': False
2025-01-30 04:04:04,681 INFO c.h.h.t.HelmChartContainer - [hivemq-test-hivemq-platform] [hivemq-platform-operator] [22a010b4] 04:04:04.679 [ReconcilerExecutor-hivemq-controller-87] DEBUG c.h.p.o.h.HiveMQPlatformReconcilerErrorHandler - [helmcust] Pod 'test-hivemq-platform-0' condition 'PodScheduled': True
2025-01-30 04:04:04,681 INFO c.h.h.t.HelmChartContainer - [hivemq-test-hivemq-platform] [hivemq-platform-operator] [22a010b4] 04:04:04.680 [ReconcilerExecutor-hivemq-controller-87] DEBUG c.h.p.o.h.HiveMQPlatformReconcilerErrorHandler - [helmcust] Pod 'test-hivemq-platform-0' containerStatus 'hivemq' (started: false) (ready: false) (waiting: [PodInitializing] null)
2025-01-30 04:04:04,762 INFO c.h.h.t.HelmChartContainer - [hivemq-test-hivemq-platform] [hivemq-platform-operator] [22a010b4] 04:04:04.761 [ReconcilerExecutor-hivemq-controller-87] INFO  c.h.p.o.h.HiveMQPlatformReconcilerBaseHandler - [helmcust] HiveMQ Platform is starting, 0 of 2 replicas are ready
2025-01-30 04:04:06,095 INFO c.h.h.t.HelmChartContainer - [EVENT] Normal [Created] Created container: hivemq [helmcustomconfigit:test-hivemq-platform-0]
2025-01-30 04:04:06,097 INFO c.h.h.t.HelmChartContainer - Received Created event for container hivemq in pod test-hivemq-platform-0 [b566c041-5e1b-493d-9f9c-5dee9021b3b0]
2025-01-30 04:04:06,533 INFO c.h.h.t.HelmChartContainer - [POD] test-hivemq-platform-0 [b566c041-5e1b-493d-9f9c-5dee9021b3b0] in helmcustomconfigit was MODIFIED
2025-01-30 04:04:06,542 INFO c.h.h.t.HelmChartContainer - [EVENT] Normal [Started] Started container hivemq [helmcustomconfigit:test-hivemq-platform-0]
2025-01-30 04:04:06,542 INFO c.h.h.t.HelmChartContainer - Received Started event for container hivemq in pod test-hivemq-platform-0 [b566c041-5e1b-493d-9f9c-5dee9021b3b0]
2025-01-30 04:04:06,542 INFO c.h.h.t.HelmChartContainer - Started log watcher for hivemq in pod test-hivemq-platform-0 [b566c041-5e1b-493d-9f9c-5dee9021b3b0]
2025-01-30 04:04:06,543 INFO c.h.h.t.HelmChartContainer - [test-hivemq-platform] [hivemq] [b566c041] Adding pre-installed HiveMQ Platform Operator extensions
2025-01-30 04:04:06,543 INFO c.h.h.t.HelmChartContainer - [test-hivemq-platform] [hivemq] [b566c041] Running as user 10000
2025-01-30 04:04:06,543 INFO c.h.h.t.HelmChartContainer - [test-hivemq-platform] [hivemq] [b566c041] Starting HiveMQ Platform Operator Init
2025-01-30 04:04:06,549 INFO c.h.h.t.HelmChartContainer - [hivemq-test-hivemq-platform] [hivemq-platform-operator] [22a010b4] 04:04:06.546 [pool-6-thread-42] DEBUG c.h.p.o.d.PlatformServiceResource - [helmcust] Desired Platform services (3 services)
2025-01-30 04:04:06,550 INFO c.h.h.t.HelmChartContainer - [hivemq-test-hivemq-platform] [hivemq-platform-operator] [22a010b4] 04:04:06.548 [pool-6-thread-43] DEBUG c.h.p.o.dependants.PodInfoConfigMap - [helmcust] Desired PodInfo ConfigMap (1 extensions) (1 enabled)
2025-01-30 04:04:06,550 INFO c.h.h.t.HelmChartContainer - [hivemq-test-hivemq-platform] [hivemq-platform-operator] [22a010b4] 04:04:06.548 [pool-6-thread-43] DEBUG c.h.p.o.dependants.PodInfoConfigMap - [helmcust] Desired PodInfo ConfigMap (metrics port: 9399) (metrics path: /)
2025-01-30 04:04:06,550 INFO c.h.h.t.HelmChartContainer - [hivemq-test-hivemq-platform] [hivemq-platform-operator] [22a010b4] 04:04:06.548 [pool-6-thread-43] DEBUG c.h.p.o.dependants.PodInfoConfigMap - [helmcust] Desired PodInfo ConfigMap (extension state hash: -1817474005)
2025-01-30 04:04:06,554 INFO c.h.h.t.HelmChartContainer - [hivemq-test-hivemq-platform] [hivemq-platform-operator] [22a010b4] 04:04:06.553 [pool-6-thread-47] DEBUG c.h.p.o.d.PodServiceAccountResource - [helmcust] Desired PodServiceAccountResource (serviceAccountName: hivemq-platform-pod-test-hivemq-platform)
2025-01-30 04:04:06,572 INFO c.h.h.t.HelmChartContainer - [hivemq-test-hivemq-platform] [hivemq-platform-operator] [22a010b4] 04:04:06.569 [pool-6-thread-49] DEBUG c.h.p.o.d.StatefulSetResource - [helmcust] Desired StatefulSet (2 replicas) for status STARTING (READY)
2025-01-30 04:04:06,577 INFO c.h.h.t.HelmChartContainer - [hivemq-test-hivemq-platform] [hivemq-platform-operator] [22a010b4] 04:04:06.576 [ReconcilerExecutor-hivemq-controller-98] INFO  c.h.p.o.HiveMQPlatformReconciler - [helmcust] Reconciling HiveMQ Platform 'test-hivemq-platform' in namespace 'helmcustomconfigit'
2025-01-30 04:04:06,577 INFO c.h.h.t.HelmChartContainer - [hivemq-test-hivemq-platform] [hivemq-platform-operator] [22a010b4] 04:04:06.577 [ReconcilerExecutor-hivemq-controller-98] DEBUG c.h.p.o.HiveMQPlatformReconciler - [helmcust] Custom Resource Status STARTING - HiveMQ Platform is starting (READY)
2025-01-30 04:04:06,577 INFO c.h.h.t.HelmChartContainer - [hivemq-test-hivemq-platform] [hivemq-platform-operator] [22a010b4] 04:04:06.577 [ReconcilerExecutor-hivemq-controller-98] DEBUG c.h.p.o.HiveMQPlatformReconciler - [helmcust] Custom Resource Spec (replicas: 2) (extensions: 1)
2025-01-30 04:04:06,651 INFO c.h.h.t.HelmChartContainer - [hivemq-test-hivemq-platform] [hivemq-platform-operator] [22a010b4] 04:04:06.650 [ReconcilerExecutor-hivemq-controller-98] DEBUG c.h.p.o.HiveMQPlatformReconciler - [helmcust] StatefulSet Status (revision: test-hivemq-platform-6b448bcf6f, replicas: 1, available: 0, ready: 0, current: 1, updated: 1)
2025-01-30 04:04:06,652 INFO c.h.h.t.HelmChartContainer - [hivemq-test-hivemq-platform] [hivemq-platform-operator] [22a010b4] 04:04:06.650 [ReconcilerExecutor-hivemq-controller-98] DEBUG c.h.p.o.HiveMQPlatformReconciler - [helmcust] StatefulSet Spec (replicas: 2, init containers: 1, containers: 1, volumes: 3)
2025-01-30 04:04:06,655 INFO c.h.h.t.HelmChartContainer - [hivemq-test-hivemq-platform] [hivemq-platform-operator] [22a010b4] 04:04:06.654 [ReconcilerExecutor-hivemq-controller-98] DEBUG c.h.p.o.h.HiveMQPlatformReconcilerErrorHandler - [helmcust] Pod 'test-hivemq-platform-0' phase Running
2025-01-30 04:04:06,656 INFO c.h.h.t.HelmChartContainer - [hivemq-test-hivemq-platform] [hivemq-platform-operator] [22a010b4] 04:04:06.655 [ReconcilerExecutor-hivemq-controller-98] INFO  c.h.p.o.h.HiveMQPlatformReconcilerBaseHandler - [helmcust] HiveMQ Platform is starting, 0 of 2 replicas are ready
2025-01-30 04:04:07,266 INFO c.h.h.t.HelmChartContainer - [test-hivemq-platform] [hivemq] [b566c041] INFO  - [HiveMQ Platform Operator Init 1.7.0-SNAPSHOT] HiveMQ Platform Operator Init 1.7.0-SNAPSHOT (commit: 47e3375 on branch: HEAD) built on Thu Jan 30 03:55:50 UTC 2025
2025-01-30 04:04:08,461 INFO c.h.h.t.HelmChartContainer - [test-hivemq-platform] [hivemq] [b566c041] INFO  - [HiveMQ Platform Operator Init App 1.7.0-SNAPSHOT] Using bind address 10.42.0.11 from environment variable
2025-01-30 04:04:09,267 INFO c.h.h.t.HelmChartContainer - [test-hivemq-platform] [hivemq] [b566c041] INFO  - [HiveMQ Platform Operator Init App 1.7.0-SNAPSHOT] HiveMQ Platform Operator Init App 1.7.0-SNAPSHOT (commit: 47e3375 on branch: HEAD) built on Thu Jan 30 03:55:50 UTC 2025
2025-01-30 04:04:09,267 INFO c.h.h.t.HelmChartContainer - [test-hivemq-platform] [hivemq] [b566c041] INFO  - [HiveMQ Platform Operator Init App 1.7.0-SNAPSHOT] PodInfo ConfigMap directory: /etc/podinfo
2025-01-30 04:04:09,267 INFO c.h.h.t.HelmChartContainer - [test-hivemq-platform] [hivemq] [b566c041] INFO  - [HiveMQ Platform Operator Init App 1.7.0-SNAPSHOT] HiveMQ home directory: /opt/hivemq
2025-01-30 04:04:09,267 INFO c.h.h.t.HelmChartContainer - [test-hivemq-platform] [hivemq] [b566c041] INFO  - [HiveMQ Platform Operator Init App 1.7.0-SNAPSHOT] HiveMQ Logback folder: /opt/hivemq/conf
2025-01-30 04:04:09,267 INFO c.h.h.t.HelmChartContainer - [test-hivemq-platform] [hivemq] [b566c041] INFO  - [HiveMQ Platform Operator Init App 1.7.0-SNAPSHOT] HiveMQ Config folder: /opt/hivemq/conf-k8s
2025-01-30 04:04:09,268 INFO c.h.h.t.HelmChartContainer - [test-hivemq-platform] [hivemq] [b566c041] INFO  - [HiveMQ Platform Operator Init App 1.7.0-SNAPSHOT] Starting HiveMQ Platform Operator Init App
2025-01-30 04:04:09,268 INFO c.h.h.t.HelmChartContainer - [test-hivemq-platform] [hivemq] [b566c041] INFO  - [HiveMQ Platform Operator Init App 1.7.0-SNAPSHOT] Starting Pod reconciler
2025-01-30 04:04:10,555 INFO c.h.h.t.HelmChartContainer - [test-hivemq-platform] [hivemq] [b566c041] INFO  - [HiveMQ Platform Operator Init App 1.7.0-SNAPSHOT] Pod reconciler is scheduled (interval: 5000 ms)
2025-01-30 04:04:10,556 INFO c.h.h.t.HelmChartContainer - [test-hivemq-platform] [hivemq] [b566c041] INFO  - [HiveMQ Platform Operator Init App 1.7.0-SNAPSHOT] Starting the REST API on 10.42.0.11:7979
2025-01-30 04:04:10,559 INFO c.h.h.t.HelmChartContainer - [test-hivemq-platform] [hivemq] [b566c041] INFO  - [HiveMQ Platform Operator Init App 1.7.0-SNAPSHOT] Waiting up to 600s for at most 2 HiveMQ nodes in cluster service hivemq-test-hivemq-platform-cluster.helmcustomconfigit.svc
2025-01-30 04:04:10,941 INFO c.h.h.t.HelmChartContainer - [test-hivemq-platform] [hivemq] [b566c041] INFO  - [HiveMQ Platform Operator Init App 1.7.0-SNAPSHOT] Resolved 1 IP addresses: [10.42.0.11]
2025-01-30 04:04:10,941 INFO c.h.h.t.HelmChartContainer - [test-hivemq-platform] [hivemq] [b566c041] INFO  - [HiveMQ Platform Operator Init App 1.7.0-SNAPSHOT] HiveMQ node count of 1 is within threshold of 2
2025-01-30 04:04:10,941 INFO c.h.h.t.HelmChartContainer - [test-hivemq-platform] [hivemq] [b566c041] INFO  - [HiveMQ Platform Operator Init App 1.7.0-SNAPSHOT] Proceeding with container start
2025-01-30 04:04:11,037 INFO c.h.h.t.HelmChartContainer - [test-hivemq-platform] [hivemq] [b566c041] INFO  - [HiveMQ Platform Operator Init App 1.7.0-SNAPSHOT] Initializing HiveMQ Platform extensions with initial configuration: {hivemq-allow-all-extension={start-priority=-1, skip-https-hostname-verification=false, restart=true, config-version=0, header-version=0, c-uri=, priority=-1, uri=preinstalled, skip-https-certificate-validation=false, enabled=true}, hivemq-prometheus-extension={priority=-1, start-priority=-1, c-uri=, skip-https-hostname-verification=false, skip-https-certificate-validation=false, uri=preinstalled, request-header-path=no-request-headers, enabled=true, restart=true}}
2025-01-30 04:04:11,462 INFO c.h.h.t.HelmChartContainer - [test-hivemq-platform] [hivemq] [b566c041] INFO  - [HiveMQ Platform Operator Init App 1.7.0-SNAPSHOT] Extension hivemq-allow-all-extension was already enabled
2025-01-30 04:04:11,534 INFO c.h.h.t.HelmChartContainer - [test-hivemq-platform] [hivemq] [b566c041] INFO  - [HiveMQ Platform Operator Init App 1.7.0-SNAPSHOT] Successfully enabled extension hivemq-prometheus-extension
2025-01-30 04:04:11,535 INFO c.h.h.t.HelmChartContainer - [test-hivemq-platform] [hivemq] [b566c041] INFO  - [HiveMQ Platform Operator Init App 1.7.0-SNAPSHOT] Starting HiveMQ Platform version 4.36.0 (4.36.0)
2025-01-30 04:04:11,535 INFO c.h.h.t.HelmChartContainer - [test-hivemq-platform] [hivemq] [b566c041] INFO  - [HiveMQ Platform Operator Init App 1.7.0-SNAPSHOT] Configuring the HiveMQ Platform
2025-01-30 04:04:11,561 INFO c.h.h.t.HelmChartContainer - [test-hivemq-platform] [hivemq] [b566c041] INFO  - [HiveMQ Platform Operator Init App 1.7.0-SNAPSHOT] Changed logback.xml file scan period to 20 seconds
2025-01-30 04:04:11,656 INFO c.h.h.t.HelmChartContainer - [test-hivemq-platform] [hivemq] [b566c041] INFO  - [HiveMQ Platform Operator Init App 1.7.0-SNAPSHOT] Starting the HiveMQ Platform
2025-01-30 04:04:11,659 INFO c.h.h.t.HelmChartContainer - [test-hivemq-platform] [hivemq] [b566c041] -------------------------------------------------------------------------
2025-01-30 04:04:11,659 INFO c.h.h.t.HelmChartContainer - [test-hivemq-platform] [hivemq] [b566c041] 
2025-01-30 04:04:11,659 INFO c.h.h.t.HelmChartContainer - [test-hivemq-platform] [hivemq] [b566c041]                   _    _  _              __  __   ____
2025-01-30 04:04:11,659 INFO c.h.h.t.HelmChartContainer - [test-hivemq-platform] [hivemq] [b566c041]                  | |  | |(_)            |  \/  | / __ \
2025-01-30 04:04:11,659 INFO c.h.h.t.HelmChartContainer - [test-hivemq-platform] [hivemq] [b566c041]                  | |__| | _ __   __ ___ | \  / || |  | |
2025-01-30 04:04:11,659 INFO c.h.h.t.HelmChartContainer - [test-hivemq-platform] [hivemq] [b566c041]                  |  __  || |\ \ / // _ \| |\/| || |  | |
2025-01-30 04:04:11,659 INFO c.h.h.t.HelmChartContainer - [test-hivemq-platform] [hivemq] [b566c041]                  | |  | || | \ V /|  __/| |  | || |__| |
2025-01-30 04:04:11,659 INFO c.h.h.t.HelmChartContainer - [test-hivemq-platform] [hivemq] [b566c041]                  |_|  |_||_|  \_/  \___||_|  |_| \___\_\
2025-01-30 04:04:11,659 INFO c.h.h.t.HelmChartContainer - [test-hivemq-platform] [hivemq] [b566c041] 
2025-01-30 04:04:11,659 INFO c.h.h.t.HelmChartContainer - [test-hivemq-platform] [hivemq] [b566c041] -------------------------------------------------------------------------
2025-01-30 04:04:11,659 INFO c.h.h.t.HelmChartContainer - [test-hivemq-platform] [hivemq] [b566c041] 
2025-01-30 04:04:11,659 INFO c.h.h.t.HelmChartContainer - [test-hivemq-platform] [hivemq] [b566c041]   HiveMQ Start Script for Linux/Unix v1.14
2025-01-30 04:04:11,659 INFO c.h.h.t.HelmChartContainer - [test-hivemq-platform] [hivemq] [b566c041] 
2025-01-30 04:04:11,745 INFO c.h.h.t.HelmChartContainer - [test-hivemq-platform] [hivemq] [b566c041] -------------------------------------------------------------------------
2025-01-30 04:04:11,745 INFO c.h.h.t.HelmChartContainer - [test-hivemq-platform] [hivemq] [b566c041] 
2025-01-30 04:04:11,745 INFO c.h.h.t.HelmChartContainer - [test-hivemq-platform] [hivemq] [b566c041]   HIVEMQ_HOME: /opt/hivemq
2025-01-30 04:04:11,745 INFO c.h.h.t.HelmChartContainer - [test-hivemq-platform] [hivemq] [b566c041] 
2025-01-30 04:04:11,745 INFO c.h.h.t.HelmChartContainer - [test-hivemq-platform] [hivemq] [b566c041]   JAVA_OPTS: -XX:+UnlockExperimentalVMOptions -XX:InitialRAMPercentage=50 -XX:MaxRAMPercentage=50 -Djava.net.preferIPv4Stack=true --add-opens java.base/java.lang=ALL-UNNAMED --add-opens java.base/java.nio=ALL-UNNAMED --add-opens java.base/sun.nio.ch=ALL-UNNAMED --add-opens jdk.management/com.sun.management.internal=ALL-UNNAMED --add-exports java.base/jdk.internal.misc=ALL-UNNAMED -Djava.security.egd=file:/dev/./urandom -Dcom.sun.management.jmxremote -Dcom.sun.management.jmxremote.port=9010 -Dcom.sun.management.jmxremote.local.only=false -Dcom.sun.management.jmxremote.authenticate=false -Dcom.sun.management.jmxremote.ssl=false -Duser.language=en -Duser.region=US -XX:+CrashOnOutOfMemoryError -XX:+HeapDumpOnOutOfMemoryError
2025-01-30 04:04:11,745 INFO c.h.h.t.HelmChartContainer - [test-hivemq-platform] [hivemq] [b566c041] 
2025-01-30 04:04:11,745 INFO c.h.h.t.HelmChartContainer - [test-hivemq-platform] [hivemq] [b566c041]   JAVA_VERSION: 21
2025-01-30 04:04:11,745 INFO c.h.h.t.HelmChartContainer - [test-hivemq-platform] [hivemq] [b566c041] 
2025-01-30 04:04:11,745 INFO c.h.h.t.HelmChartContainer - [test-hivemq-platform] [hivemq] [b566c041] -------------------------------------------------------------------------
2025-01-30 04:04:11,745 INFO c.h.h.t.HelmChartContainer - [test-hivemq-platform] [hivemq] [b566c041] 
2025-01-30 04:04:12,563 INFO c.h.h.t.HelmChartContainer - [test-hivemq-platform] [hivemq] [b566c041] INFO  - [HiveMQ Platform Operator Init App 1.7.0-SNAPSHOT] Returning default Health API response 503 for readiness
2025-01-30 04:04:12,962 INFO c.h.h.t.HelmChartContainer - [EVENT] Warning [Unhealthy] Readiness probe failed: HTTP probe failed with statuscode: 503 [helmcustomconfigit:test-hivemq-platform-0]
2025-01-30 04:04:12,962 INFO c.h.h.t.HelmChartContainer - Received Unhealthy event for container hivemq in pod test-hivemq-platform-0 [b566c041-5e1b-493d-9f9c-5dee9021b3b0]
2025-01-30 04:04:14,354 INFO c.h.h.t.HelmChartContainer - [test-hivemq-platform] [hivemq] [b566c041] INFO  - Starting HiveMQ Enterprise Server
2025-01-30 04:04:14,360 INFO c.h.h.t.HelmChartContainer - [test-hivemq-platform] [hivemq] [b566c041] INFO  - HiveMQ version: 4.36.0
2025-01-30 04:04:14,360 INFO c.h.h.t.HelmChartContainer - [test-hivemq-platform] [hivemq] [b566c041] INFO  - HiveMQ home directory: /opt/hivemq
2025-01-30 04:04:14,361 INFO c.h.h.t.HelmChartContainer - [test-hivemq-platform] [hivemq] [b566c041] INFO  - Log Configuration was overridden by /opt/hivemq/conf/logback.xml
2025-01-30 04:04:15,564 INFO c.h.h.t.HelmChartContainer - [test-hivemq-platform] [hivemq] [b566c041] INFO  - Successfully loaded configuration from '/opt/hivemq/conf-k8s/config.xml'.
2025-01-30 04:04:16,434 INFO c.h.h.t.HelmChartContainer - [test-hivemq-platform] [hivemq] [b566c041] INFO  - This node's ID is 4yfc9
2025-01-30 04:04:16,434 INFO c.h.h.t.HelmChartContainer - [test-hivemq-platform] [hivemq] [b566c041] INFO  - Clustering is enabled
2025-01-30 04:04:16,665 INFO c.h.h.t.HelmChartContainer - [hivemq-test-hivemq-platform] [hivemq-platform-operator] [22a010b4] 04:04:16.664 [pool-6-thread-6] DEBUG c.h.p.o.d.PlatformServiceResource - [helmcust] Desired Platform services (3 services)
2025-01-30 04:04:16,667 INFO c.h.h.t.HelmChartContainer - [hivemq-test-hivemq-platform] [hivemq-platform-operator] [22a010b4] 04:04:16.666 [pool-6-thread-2] DEBUG c.h.p.o.d.PodServiceAccountResource - [helmcust] Desired PodServiceAccountResource (serviceAccountName: hivemq-platform-pod-test-hivemq-platform)
2025-01-30 04:04:16,669 INFO c.h.h.t.HelmChartContainer - [hivemq-test-hivemq-platform] [hivemq-platform-operator] [22a010b4] 04:04:16.669 [pool-6-thread-3] DEBUG c.h.p.o.dependants.PodInfoConfigMap - [helmcust] Desired PodInfo ConfigMap (1 extensions) (1 enabled)
2025-01-30 04:04:16,670 INFO c.h.h.t.HelmChartContainer - [hivemq-test-hivemq-platform] [hivemq-platform-operator] [22a010b4] 04:04:16.670 [pool-6-thread-3] DEBUG c.h.p.o.dependants.PodInfoConfigMap - [helmcust] Desired PodInfo ConfigMap (metrics port: 9399) (metrics path: /)
2025-01-30 04:04:16,671 INFO c.h.h.t.HelmChartContainer - [hivemq-test-hivemq-platform] [hivemq-platform-operator] [22a010b4] 04:04:16.670 [pool-6-thread-3] DEBUG c.h.p.o.dependants.PodInfoConfigMap - [helmcust] Desired PodInfo ConfigMap (extension state hash: -1817474005)
2025-01-30 04:04:16,675 INFO c.h.h.t.HelmChartContainer - [hivemq-test-hivemq-platform] [hivemq-platform-operator] [22a010b4] 04:04:16.674 [pool-6-thread-4] DEBUG c.h.p.o.d.StatefulSetResource - [helmcust] Desired StatefulSet (2 replicas) for status STARTING (READY)
2025-01-30 04:04:16,752 INFO c.h.h.t.HelmChartContainer - [hivemq-test-hivemq-platform] [hivemq-platform-operator] [22a010b4] 04:04:16.750 [ReconcilerExecutor-hivemq-controller-109] INFO  c.h.p.o.HiveMQPlatformReconciler - [helmcust] Reconciling HiveMQ Platform 'test-hivemq-platform' in namespace 'helmcustomconfigit'
2025-01-30 04:04:16,752 INFO c.h.h.t.HelmChartContainer - [hivemq-test-hivemq-platform] [hivemq-platform-operator] [22a010b4] 04:04:16.750 [ReconcilerExecutor-hivemq-controller-109] DEBUG c.h.p.o.HiveMQPlatformReconciler - [helmcust] Custom Resource Status STARTING - HiveMQ Platform is starting (READY)
2025-01-30 04:04:16,752 INFO c.h.h.t.HelmChartContainer - [hivemq-test-hivemq-platform] [hivemq-platform-operator] [22a010b4] 04:04:16.750 [ReconcilerExecutor-hivemq-controller-109] DEBUG c.h.p.o.HiveMQPlatformReconciler - [helmcust] Custom Resource Spec (replicas: 2) (extensions: 1)
2025-01-30 04:04:16,764 INFO c.h.h.t.HelmChartContainer - [hivemq-test-hivemq-platform] [hivemq-platform-operator] [22a010b4] 04:04:16.762 [ReconcilerExecutor-hivemq-controller-109] DEBUG c.h.p.o.HiveMQPlatformReconciler - [helmcust] StatefulSet Status (revision: test-hivemq-platform-6b448bcf6f, replicas: 1, available: 0, ready: 0, current: 1, updated: 1)
2025-01-30 04:04:16,765 INFO c.h.h.t.HelmChartContainer - [hivemq-test-hivemq-platform] [hivemq-platform-operator] [22a010b4] 04:04:16.763 [ReconcilerExecutor-hivemq-controller-109] DEBUG c.h.p.o.HiveMQPlatformReconciler - [helmcust] StatefulSet Spec (replicas: 2, init containers: 1, containers: 1, volumes: 3)
2025-01-30 04:04:16,767 INFO c.h.h.t.HelmChartContainer - [hivemq-test-hivemq-platform] [hivemq-platform-operator] [22a010b4] 04:04:16.766 [ReconcilerExecutor-hivemq-controller-109] DEBUG c.h.p.o.h.HiveMQPlatformReconcilerErrorHandler - [helmcust] Pod 'test-hivemq-platform-0' phase Running
2025-01-30 04:04:16,769 INFO c.h.h.t.HelmChartContainer - [hivemq-test-hivemq-platform] [hivemq-platform-operator] [22a010b4] 04:04:16.768 [ReconcilerExecutor-hivemq-controller-109] INFO  c.h.p.o.h.HiveMQPlatformReconcilerBaseHandler - [helmcust] HiveMQ Platform is starting, 0 of 2 replicas are ready
2025-01-30 04:04:17,857 INFO c.h.h.t.HelmChartContainer - [test-hivemq-platform] [hivemq] [b566c041] WARN  - [HiveMQ Platform Operator Init App 1.7.0-SNAPSHOT] Cannot connect to Health API for readiness: null
2025-01-30 04:04:17,861 INFO c.h.h.t.HelmChartContainer - [EVENT] Warning [Unhealthy] Readiness probe failed: HTTP probe failed with statuscode: 503 [helmcustomconfigit:test-hivemq-platform-0]
2025-01-30 04:04:17,861 INFO c.h.h.t.HelmChartContainer - Received Unhealthy event for container hivemq in pod test-hivemq-platform-0 [b566c041-5e1b-493d-9f9c-5dee9021b3b0]
2025-01-30 04:04:20,758 INFO c.h.h.t.HelmChartContainer - [test-hivemq-platform] [hivemq] [b566c041] Jan 30, 2025 4:04:20 AM io.vertx.core.impl.BlockedThreadChecker
2025-01-30 04:04:20,759 INFO c.h.h.t.HelmChartContainer - [test-hivemq-platform] [hivemq] [b566c041] WARNING: Thread Thread[vert.x-eventloop-thread-1,5,main] has been blocked for 2396 ms, time limit is 2000 ms
2025-01-30 04:04:21,160 INFO c.h.h.t.HelmChartContainer - [test-hivemq-platform] [hivemq] [b566c041] INFO  - [HiveMQ Platform Operator Init App 1.7.0-SNAPSHOT] Updating Pod HiveMQ Platform Operator Init App version annotation (version: 1.7.0-SNAPSHOT)
2025-01-30 04:04:21,967 INFO c.h.h.t.HelmChartContainer - [POD] test-hivemq-platform-0 [b566c041-5e1b-493d-9f9c-5dee9021b3b0] in helmcustomconfigit was MODIFIED
2025-01-30 04:04:21,976 INFO c.h.h.t.HelmChartContainer - [hivemq-test-hivemq-platform] [hivemq-platform-operator] [22a010b4] 04:04:21.975 [pool-6-thread-16] DEBUG c.h.p.o.d.PlatformServiceResource - [helmcust] Desired Platform services (3 services)
2025-01-30 04:04:21,978 INFO c.h.h.t.HelmChartContainer - [hivemq-test-hivemq-platform] [hivemq-platform-operator] [22a010b4] 04:04:21.977 [pool-6-thread-11] DEBUG c.h.p.o.dependants.PodInfoConfigMap - [helmcust] Desired PodInfo ConfigMap (1 extensions) (1 enabled)
2025-01-30 04:04:21,978 INFO c.h.h.t.HelmChartContainer - [hivemq-test-hivemq-platform] [hivemq-platform-operator] [22a010b4] 04:04:21.977 [pool-6-thread-11] DEBUG c.h.p.o.dependants.PodInfoConfigMap - [helmcust] Desired PodInfo ConfigMap (metrics port: 9399) (metrics path: /)
2025-01-30 04:04:21,979 INFO c.h.h.t.HelmChartContainer - [hivemq-test-hivemq-platform] [hivemq-platform-operator] [22a010b4] 04:04:21.977 [pool-6-thread-17] DEBUG c.h.p.o.d.PodServiceAccountResource - [helmcust] Desired PodServiceAccountResource (serviceAccountName: hivemq-platform-pod-test-hivemq-platform)
2025-01-30 04:04:21,980 INFO c.h.h.t.HelmChartContainer - [hivemq-test-hivemq-platform] [hivemq-platform-operator] [22a010b4] 04:04:21.977 [pool-6-thread-11] DEBUG c.h.p.o.dependants.PodInfoConfigMap - [helmcust] Desired PodInfo ConfigMap (extension state hash: -1817474005)
2025-01-30 04:04:21,983 INFO c.h.h.t.HelmChartContainer - [hivemq-test-hivemq-platform] [hivemq-platform-operator] [22a010b4] 04:04:21.982 [pool-6-thread-16] DEBUG c.h.p.o.d.StatefulSetResource - [helmcust] Desired StatefulSet (2 replicas) for status STARTING (READY)
2025-01-30 04:04:21,986 INFO c.h.h.t.HelmChartContainer - [hivemq-test-hivemq-platform] [hivemq-platform-operator] [22a010b4] 04:04:21.985 [ReconcilerExecutor-hivemq-controller-110] INFO  c.h.p.o.HiveMQPlatformReconciler - [helmcust] Reconciling HiveMQ Platform 'test-hivemq-platform' in namespace 'helmcustomconfigit'
2025-01-30 04:04:21,986 INFO c.h.h.t.HelmChartContainer - [hivemq-test-hivemq-platform] [hivemq-platform-operator] [22a010b4] 04:04:21.985 [ReconcilerExecutor-hivemq-controller-110] DEBUG c.h.p.o.HiveMQPlatformReconciler - [helmcust] Custom Resource Status STARTING - HiveMQ Platform is starting (READY)
2025-01-30 04:04:21,986 INFO c.h.h.t.HelmChartContainer - [hivemq-test-hivemq-platform] [hivemq-platform-operator] [22a010b4] 04:04:21.985 [ReconcilerExecutor-hivemq-controller-110] DEBUG c.h.p.o.HiveMQPlatformReconciler - [helmcust] Custom Resource Spec (replicas: 2) (extensions: 1)
2025-01-30 04:04:21,988 INFO c.h.h.t.HelmChartContainer - [hivemq-test-hivemq-platform] [hivemq-platform-operator] [22a010b4] 04:04:21.987 [ReconcilerExecutor-hivemq-controller-110] DEBUG c.h.p.o.HiveMQPlatformReconciler - [helmcust] StatefulSet Status (revision: test-hivemq-platform-6b448bcf6f, replicas: 1, available: 0, ready: 0, current: 1, updated: 1)
2025-01-30 04:04:21,988 INFO c.h.h.t.HelmChartContainer - [hivemq-test-hivemq-platform] [hivemq-platform-operator] [22a010b4] 04:04:21.987 [ReconcilerExecutor-hivemq-controller-110] DEBUG c.h.p.o.HiveMQPlatformReconciler - [helmcust] StatefulSet Spec (replicas: 2, init containers: 1, containers: 1, volumes: 3)
2025-01-30 04:04:22,034 INFO c.h.h.t.HelmChartContainer - [test-hivemq-platform] [hivemq] [b566c041] INFO  - [HiveMQ Platform Operator Init App 1.7.0-SNAPSHOT] Successfully updated Pod HiveMQ Platform Operator Init App version annotation (version: 1.7.0-SNAPSHOT)
2025-01-30 04:04:22,054 INFO c.h.h.t.HelmChartContainer - [test-hivemq-platform] [hivemq] [b566c041] WARN  - [HiveMQ Platform Operator Init App 1.7.0-SNAPSHOT] Cannot connect to Health API for readiness: null
2025-01-30 04:04:22,060 INFO c.h.h.t.HelmChartContainer - [EVENT] Warning [Unhealthy] Readiness probe failed: HTTP probe failed with statuscode: 503 [helmcustomconfigit:test-hivemq-platform-0]
2025-01-30 04:04:22,060 INFO c.h.h.t.HelmChartContainer - Received Unhealthy event for container hivemq in pod test-hivemq-platform-0 [b566c041-5e1b-493d-9f9c-5dee9021b3b0]
2025-01-30 04:04:22,067 INFO c.h.h.t.HelmChartContainer - [hivemq-test-hivemq-platform] [hivemq-platform-operator] [22a010b4] 04:04:22.065 [ReconcilerExecutor-hivemq-controller-110] DEBUG c.h.p.o.h.HiveMQPlatformReconcilerErrorHandler - [helmcust] Pod 'test-hivemq-platform-0' phase Running
2025-01-30 04:04:22,068 INFO c.h.h.t.HelmChartContainer - [hivemq-test-hivemq-platform] [hivemq-platform-operator] [22a010b4] 04:04:22.067 [ReconcilerExecutor-hivemq-controller-110] INFO  c.h.p.o.h.HiveMQPlatformReconcilerBaseHandler - [helmcust] HiveMQ Platform is starting, 0 of 2 replicas are ready
2025-01-30 04:04:27,057 INFO c.h.h.t.HelmChartContainer - [test-hivemq-platform] [hivemq] [b566c041] WARN  - [HiveMQ Platform Operator Init App 1.7.0-SNAPSHOT] Cannot connect to Health API for readiness: null
2025-01-30 04:04:27,062 INFO c.h.h.t.HelmChartContainer - [EVENT] Warning [Unhealthy] Readiness probe failed: HTTP probe failed with statuscode: 503 [helmcustomconfigit:test-hivemq-platform-0]
2025-01-30 04:04:27,062 INFO c.h.h.t.HelmChartContainer - Received Unhealthy event for container hivemq in pod test-hivemq-platform-0 [b566c041-5e1b-493d-9f9c-5dee9021b3b0]
2025-01-30 04:04:32,032 INFO c.h.h.t.HelmChartContainer - [test-hivemq-platform] [hivemq] [b566c041] WARN  - [HiveMQ Platform Operator Init App 1.7.0-SNAPSHOT] Cannot connect to Health API for readiness: null
2025-01-30 04:04:32,037 INFO c.h.h.t.HelmChartContainer - [EVENT] Warning [Unhealthy] Readiness probe failed: HTTP probe failed with statuscode: 503 [helmcustomconfigit:test-hivemq-platform-0]
2025-01-30 04:04:32,037 INFO c.h.h.t.HelmChartContainer - Received Unhealthy event for container hivemq in pod test-hivemq-platform-0 [b566c041-5e1b-493d-9f9c-5dee9021b3b0]
2025-01-30 04:04:32,075 INFO c.h.h.t.HelmChartContainer - [hivemq-test-hivemq-platform] [hivemq-platform-operator] [22a010b4] 04:04:32.072 [pool-6-thread-26] DEBUG c.h.p.o.d.PlatformServiceResource - [helmcust] Desired Platform services (3 services)
2025-01-30 04:04:32,075 INFO c.h.h.t.HelmChartContainer - [hivemq-test-hivemq-platform] [hivemq-platform-operator] [22a010b4] 04:04:32.073 [pool-6-thread-27] DEBUG c.h.p.o.dependants.PodInfoConfigMap - [helmcust] Desired PodInfo ConfigMap (1 extensions) (1 enabled)
2025-01-30 04:04:32,075 INFO c.h.h.t.HelmChartContainer - [hivemq-test-hivemq-platform] [hivemq-platform-operator] [22a010b4] 04:04:32.073 [pool-6-thread-27] DEBUG c.h.p.o.dependants.PodInfoConfigMap - [helmcust] Desired PodInfo ConfigMap (metrics port: 9399) (metrics path: /)
2025-01-30 04:04:32,075 INFO c.h.h.t.HelmChartContainer - [hivemq-test-hivemq-platform] [hivemq-platform-operator] [22a010b4] 04:04:32.073 [pool-6-thread-27] DEBUG c.h.p.o.dependants.PodInfoConfigMap - [helmcust] Desired PodInfo ConfigMap (extension state hash: -1817474005)
2025-01-30 04:04:32,075 INFO c.h.h.t.HelmChartContainer - [hivemq-test-hivemq-platform] [hivemq-platform-operator] [22a010b4] 04:04:32.074 [pool-6-thread-25] DEBUG c.h.p.o.d.PodServiceAccountResource - [helmcust] Desired PodServiceAccountResource (serviceAccountName: hivemq-platform-pod-test-hivemq-platform)
2025-01-30 04:04:32,080 INFO c.h.h.t.HelmChartContainer - [hivemq-test-hivemq-platform] [hivemq-platform-operator] [22a010b4] 04:04:32.079 [pool-6-thread-27] DEBUG c.h.p.o.d.StatefulSetResource - [helmcust] Desired StatefulSet (2 replicas) for status STARTING (READY)
2025-01-30 04:04:32,085 INFO c.h.h.t.HelmChartContainer - [hivemq-test-hivemq-platform] [hivemq-platform-operator] [22a010b4] 04:04:32.084 [ReconcilerExecutor-hivemq-controller-111] INFO  c.h.p.o.HiveMQPlatformReconciler - [helmcust] Reconciling HiveMQ Platform 'test-hivemq-platform' in namespace 'helmcustomconfigit'
2025-01-30 04:04:32,085 INFO c.h.h.t.HelmChartContainer - [hivemq-test-hivemq-platform] [hivemq-platform-operator] [22a010b4] 04:04:32.084 [ReconcilerExecutor-hivemq-controller-111] DEBUG c.h.p.o.HiveMQPlatformReconciler - [helmcust] Custom Resource Status STARTING - HiveMQ Platform is starting (READY)
2025-01-30 04:04:32,085 INFO c.h.h.t.HelmChartContainer - [hivemq-test-hivemq-platform] [hivemq-platform-operator] [22a010b4] 04:04:32.084 [ReconcilerExecutor-hivemq-controller-111] DEBUG c.h.p.o.HiveMQPlatformReconciler - [helmcust] Custom Resource Spec (replicas: 2) (extensions: 1)
2025-01-30 04:04:32,087 INFO c.h.h.t.HelmChartContainer - [hivemq-test-hivemq-platform] [hivemq-platform-operator] [22a010b4] 04:04:32.085 [ReconcilerExecutor-hivemq-controller-111] DEBUG c.h.p.o.HiveMQPlatformReconciler - [helmcust] StatefulSet Status (revision: test-hivemq-platform-6b448bcf6f, replicas: 1, available: 0, ready: 0, current: 1, updated: 1)
2025-01-30 04:04:32,087 INFO c.h.h.t.HelmChartContainer - [hivemq-test-hivemq-platform] [hivemq-platform-operator] [22a010b4] 04:04:32.085 [ReconcilerExecutor-hivemq-controller-111] DEBUG c.h.p.o.HiveMQPlatformReconciler - [helmcust] StatefulSet Spec (replicas: 2, init containers: 1, containers: 1, volumes: 3)
2025-01-30 04:04:32,087 INFO c.h.h.t.HelmChartContainer - [hivemq-test-hivemq-platform] [hivemq-platform-operator] [22a010b4] 04:04:32.087 [ReconcilerExecutor-hivemq-controller-111] DEBUG c.h.p.o.h.HiveMQPlatformReconcilerErrorHandler - [helmcust] Pod 'test-hivemq-platform-0' phase Running
2025-01-30 04:04:32,088 INFO c.h.h.t.HelmChartContainer - [hivemq-test-hivemq-platform] [hivemq-platform-operator] [22a010b4] 04:04:32.087 [ReconcilerExecutor-hivemq-controller-111] INFO  c.h.p.o.h.HiveMQPlatformReconcilerBaseHandler - [helmcust] HiveMQ Platform is starting, 0 of 2 replicas are ready
2025-01-30 04:04:32,560 INFO c.h.h.t.HelmChartContainer - [test-hivemq-platform] [hivemq] [b566c041] INFO  - No valid license file found. Using trial license, restricted to 25 connections.
2025-01-30 04:04:33,957 INFO c.h.h.t.HelmChartContainer - [test-hivemq-platform] [hivemq] [b566c041] WARN  - [HiveMQ Platform Operator Init App 1.7.0-SNAPSHOT] Cannot connect to Health API for liveness: null
2025-01-30 04:04:33,957 INFO c.h.h.t.HelmChartContainer - [test-hivemq-platform] [hivemq] [b566c041] INFO  - [HiveMQ Platform Operator Init App 1.7.0-SNAPSHOT] Returning default Health API response 200 for liveness
2025-01-30 04:04:35,762 INFO c.h.h.t.HelmChartContainer - [test-hivemq-platform] [hivemq] [b566c041] INFO  - No valid license file for Data Hub found. Using free license, restricted to 1 policy.
2025-01-30 04:04:36,976 INFO c.h.h.t.HelmChartContainer - [test-hivemq-platform] [hivemq] [b566c041] WARN  - [HiveMQ Platform Operator Init App 1.7.0-SNAPSHOT] Cannot connect to Health API for readiness: null
2025-01-30 04:04:36,980 INFO c.h.h.t.HelmChartContainer - [EVENT] Warning [Unhealthy] Readiness probe failed: HTTP probe failed with statuscode: 503 [helmcustomconfigit:test-hivemq-platform-0]
2025-01-30 04:04:36,981 INFO c.h.h.t.HelmChartContainer - Received Unhealthy event for container hivemq in pod test-hivemq-platform-0 [b566c041-5e1b-493d-9f9c-5dee9021b3b0]
2025-01-30 04:04:37,060 INFO c.h.h.t.HelmChartContainer - [test-hivemq-platform] [hivemq] [b566c041] INFO  - Audit Logger started.
2025-01-30 04:04:37,364 INFO c.h.h.t.HelmChartContainer - [test-hivemq-platform] [hivemq] [b566c041] INFO  - This node uses '1' CPU cores.
2025-01-30 04:04:37,368 INFO c.h.h.t.HelmChartContainer - [test-hivemq-platform] [hivemq] [b566c041] INFO  - Starting HiveMQ Health API on address 0.0.0.0 and port 8889
2025-01-30 04:04:38,173 INFO c.h.h.t.HelmChartContainer - [test-hivemq-platform] [hivemq] [b566c041] INFO  - Started HiveMQ Health API in 804ms
2025-01-30 04:04:38,778 INFO c.h.h.t.HelmChartContainer - [test-hivemq-platform] [hivemq] [b566c041] INFO  - Starting HiveMQ extension system.
2025-01-30 04:04:39,069 INFO c.h.h.t.HelmChartContainer - [test-hivemq-platform] [hivemq] [b566c041] INFO  - Starting extension with id "hivemq-dns-cluster-discovery" at /opt/hivemq/extensions/hivemq-dns-cluster-discovery
2025-01-30 04:04:39,567 INFO c.h.h.t.HelmChartContainer - [test-hivemq-platform] [hivemq] [b566c041] INFO  - Extension "DNS Cluster Discovery Extension" version 4.3.2 started successfully.
2025-01-30 04:04:39,567 INFO c.h.h.t.HelmChartContainer - [test-hivemq-platform] [hivemq] [b566c041] INFO  - Starting extension with id "hivemq-prometheus-extension" at /opt/hivemq/extensions/hivemq-prometheus-extension
2025-01-30 04:04:39,662 INFO c.h.h.t.HelmChartContainer - [test-hivemq-platform] [hivemq] [b566c041] INFO  - Using TCP cluster transport on address 10.42.0.11 and port 7000
2025-01-30 04:04:39,756 INFO c.h.h.t.HelmChartContainer - [test-hivemq-platform] [hivemq] [b566c041] INFO  - Using extension cluster discovery
2025-01-30 04:04:40,567 INFO c.h.h.t.HelmChartContainer - [test-hivemq-platform] [hivemq] [b566c041] INFO  - Started Jetty Server exposing Prometheus Servlet on URI http://0.0.0.0:9399/
2025-01-30 04:04:40,567 INFO c.h.h.t.HelmChartContainer - [test-hivemq-platform] [hivemq] [b566c041] INFO  - Extension "Prometheus Monitoring Extension" version 4.0.12 started successfully.
2025-01-30 04:04:40,654 INFO c.h.h.t.HelmChartContainer - [test-hivemq-platform] [hivemq] [b566c041] INFO  - Starting extension with id "hivemq-allow-all-extension" at /opt/hivemq/extensions/hivemq-allow-all-extension
2025-01-30 04:04:40,655 INFO c.h.h.t.HelmChartContainer - [test-hivemq-platform] [hivemq] [b566c041] WARN  - 
2025-01-30 04:04:40,656 INFO c.h.h.t.HelmChartContainer - [test-hivemq-platform] [hivemq] [b566c041] ################################################################################################################
2025-01-30 04:04:40,656 INFO c.h.h.t.HelmChartContainer - [test-hivemq-platform] [hivemq] [b566c041] # This HiveMQ deployment is not secure! You are lacking Authentication and Authorization.                      #
2025-01-30 04:04:40,656 INFO c.h.h.t.HelmChartContainer - [test-hivemq-platform] [hivemq] [b566c041] # Right now any MQTT client can connect to the broker with a full set of permissions.                          #
2025-01-30 04:04:40,656 INFO c.h.h.t.HelmChartContainer - [test-hivemq-platform] [hivemq] [b566c041] # For production usage, add an appropriate security extension and remove the hivemq-allow-all extension.       #
2025-01-30 04:04:40,656 INFO c.h.h.t.HelmChartContainer - [test-hivemq-platform] [hivemq] [b566c041] # You can download security extensions from the HiveMQ Marketplace (https://www.hivemq.com/extensions/).       #
2025-01-30 04:04:40,656 INFO c.h.h.t.HelmChartContainer - [test-hivemq-platform] [hivemq] [b566c041] ################################################################################################################
2025-01-30 04:04:40,656 INFO c.h.h.t.HelmChartContainer - [test-hivemq-platform] [hivemq] [b566c041] INFO  - Extension "Allow All Extension" version 1.1.1 started successfully.
2025-01-30 04:04:42,094 INFO c.h.h.t.HelmChartContainer - [hivemq-test-hivemq-platform] [hivemq-platform-operator] [22a010b4] 04:04:42.092 [pool-6-thread-36] DEBUG c.h.p.o.dependants.PodInfoConfigMap - [helmcust] Desired PodInfo ConfigMap (1 extensions) (1 enabled)
2025-01-30 04:04:42,096 INFO c.h.h.t.HelmChartContainer - [hivemq-test-hivemq-platform] [hivemq-platform-operator] [22a010b4] 04:04:42.093 [pool-6-thread-37] DEBUG c.h.p.o.d.PlatformServiceResource - [helmcust] Desired Platform services (3 services)
2025-01-30 04:04:42,097 INFO c.h.h.t.HelmChartContainer - [hivemq-test-hivemq-platform] [hivemq-platform-operator] [22a010b4] 04:04:42.093 [pool-6-thread-36] DEBUG c.h.p.o.dependants.PodInfoConfigMap - [helmcust] Desired PodInfo ConfigMap (metrics port: 9399) (metrics path: /)
2025-01-30 04:04:42,097 INFO c.h.h.t.HelmChartContainer - [hivemq-test-hivemq-platform] [hivemq-platform-operator] [22a010b4] 04:04:42.093 [pool-6-thread-36] DEBUG c.h.p.o.dependants.PodInfoConfigMap - [helmcust] Desired PodInfo ConfigMap (extension state hash: -1817474005)
2025-01-30 04:04:42,097 INFO c.h.h.t.HelmChartContainer - [hivemq-test-hivemq-platform] [hivemq-platform-operator] [22a010b4] 04:04:42.092 [pool-6-thread-34] DEBUG c.h.p.o.d.PodServiceAccountResource - [helmcust] Desired PodServiceAccountResource (serviceAccountName: hivemq-platform-pod-test-hivemq-platform)
2025-01-30 04:04:42,101 INFO c.h.h.t.HelmChartContainer - [hivemq-test-hivemq-platform] [hivemq-platform-operator] [22a010b4] 04:04:42.101 [pool-6-thread-37] DEBUG c.h.p.o.d.StatefulSetResource - [helmcust] Desired StatefulSet (2 replicas) for status STARTING (READY)
2025-01-30 04:04:42,106 INFO c.h.h.t.HelmChartContainer - [hivemq-test-hivemq-platform] [hivemq-platform-operator] [22a010b4] 04:04:42.104 [ReconcilerExecutor-hivemq-controller-112] INFO  c.h.p.o.HiveMQPlatformReconciler - [helmcust] Reconciling HiveMQ Platform 'test-hivemq-platform' in namespace 'helmcustomconfigit'
2025-01-30 04:04:42,106 INFO c.h.h.t.HelmChartContainer - [hivemq-test-hivemq-platform] [hivemq-platform-operator] [22a010b4] 04:04:42.105 [ReconcilerExecutor-hivemq-controller-112] DEBUG c.h.p.o.HiveMQPlatformReconciler - [helmcust] Custom Resource Status STARTING - HiveMQ Platform is starting (READY)
2025-01-30 04:04:42,106 INFO c.h.h.t.HelmChartContainer - [hivemq-test-hivemq-platform] [hivemq-platform-operator] [22a010b4] 04:04:42.105 [ReconcilerExecutor-hivemq-controller-112] DEBUG c.h.p.o.HiveMQPlatformReconciler - [helmcust] Custom Resource Spec (replicas: 2) (extensions: 1)
2025-01-30 04:04:42,107 INFO c.h.h.t.HelmChartContainer - [hivemq-test-hivemq-platform] [hivemq-platform-operator] [22a010b4] 04:04:42.106 [ReconcilerExecutor-hivemq-controller-112] DEBUG c.h.p.o.HiveMQPlatformReconciler - [helmcust] StatefulSet Status (revision: test-hivemq-platform-6b448bcf6f, replicas: 1, available: 0, ready: 0, current: 1, updated: 1)
2025-01-30 04:04:42,107 INFO c.h.h.t.HelmChartContainer - [hivemq-test-hivemq-platform] [hivemq-platform-operator] [22a010b4] 04:04:42.106 [ReconcilerExecutor-hivemq-controller-112] DEBUG c.h.p.o.HiveMQPlatformReconciler - [helmcust] StatefulSet Spec (replicas: 2, init containers: 1, containers: 1, volumes: 3)
2025-01-30 04:04:42,108 INFO c.h.h.t.HelmChartContainer - [hivemq-test-hivemq-platform] [hivemq-platform-operator] [22a010b4] 04:04:42.108 [ReconcilerExecutor-hivemq-controller-112] DEBUG c.h.p.o.h.HiveMQPlatformReconcilerErrorHandler - [helmcust] Pod 'test-hivemq-platform-0' phase Running
2025-01-30 04:04:42,109 INFO c.h.h.t.HelmChartContainer - [hivemq-test-hivemq-platform] [hivemq-platform-operator] [22a010b4] 04:04:42.109 [ReconcilerExecutor-hivemq-controller-112] INFO  c.h.p.o.h.HiveMQPlatformReconcilerBaseHandler - [helmcust] HiveMQ Platform is starting, 0 of 2 replicas are ready
2025-01-30 04:04:42,461 INFO c.h.h.t.HelmChartContainer - [test-hivemq-platform] [hivemq] [b566c041] INFO  - [HiveMQ Platform Operator Init App 1.7.0-SNAPSHOT] Returning Health API response 503 for readiness
2025-01-30 04:04:42,468 INFO c.h.h.t.HelmChartContainer - [EVENT] Warning [Unhealthy] Readiness probe failed: HTTP probe failed with statuscode: 503 [helmcustomconfigit:test-hivemq-platform-0]
2025-01-30 04:04:42,468 INFO c.h.h.t.HelmChartContainer - Received Unhealthy event for container hivemq in pod test-hivemq-platform-0 [b566c041-5e1b-493d-9f9c-5dee9021b3b0]
2025-01-30 04:04:42,661 INFO c.h.h.t.HelmChartContainer - [test-hivemq-platform] [hivemq] [b566c041] INFO  - 4yfc9: no members discovered after 2402 ms: creating cluster as first member
2025-01-30 04:04:42,667 INFO c.h.h.t.HelmChartContainer - [test-hivemq-platform] [hivemq] [b566c041] INFO  - Cluster nodes found by discovery: [4yfc9|0] (1) [4yfc9].
2025-01-30 04:04:42,763 INFO c.h.h.t.HelmChartContainer - [test-hivemq-platform] [hivemq] [b566c041] WARN  - No user for HiveMQ Control Center configured. Starting with default user
2025-01-30 04:04:42,763 INFO c.h.h.t.HelmChartContainer - [test-hivemq-platform] [hivemq] [b566c041] INFO  - Starting HiveMQ Control Center on address 0.0.0.0 and port 8080
2025-01-30 04:04:42,771 INFO c.h.h.t.HelmChartContainer - [test-hivemq-platform] [hivemq] [b566c041] INFO  - Mounting HiveMQ Control Center V2 Preview
2025-01-30 04:04:43,361 INFO c.h.h.t.HelmChartContainer - [test-hivemq-platform] [hivemq] [b566c041] INFO  - Started HiveMQ Control Center in 597ms
2025-01-30 04:04:43,375 INFO c.h.h.t.HelmChartContainer - [test-hivemq-platform] [hivemq] [b566c041] INFO  - Starting TCP listener on address 0.0.0.0 and port 1883
2025-01-30 04:04:43,467 INFO c.h.h.t.HelmChartContainer - [test-hivemq-platform] [hivemq] [b566c041] INFO  - Started TCP Listener on address 0.0.0.0 and on port 1883.
2025-01-30 04:04:43,467 INFO c.h.h.t.HelmChartContainer - [test-hivemq-platform] [hivemq] [b566c041] INFO  - Started HiveMQ in 29511ms
2025-01-30 04:04:44,497 INFO c.h.h.t.HelmChartContainer - [K3S] [INFO] COMPACT compactRev=0 targetCompactRev=2 currentRev=1151
2025-01-30 04:04:44,497 INFO c.h.h.t.HelmChartContainer - [K3S] [INFO] COMPACT deleted 0 rows from 2 revisions in 390.047µs - compacted to 2/1151
2025-01-30 04:04:44,497 INFO c.h.h.t.HelmChartContainer - [K3S] [INFO] COMPACT compacted from 0 to 2 in 1 transactions over 1ms
2025-01-30 04:04:46,971 INFO c.h.h.t.HelmChartContainer - [test-hivemq-platform] [hivemq] [b566c041] INFO  - [HiveMQ Platform Operator Init App 1.7.0-SNAPSHOT] Returning Health API response 200 for readiness
2025-01-30 04:04:46,980 INFO c.h.h.t.HelmChartContainer - [POD] test-hivemq-platform-0 [b566c041-5e1b-493d-9f9c-5dee9021b3b0] in helmcustomconfigit was MODIFIED
2025-01-30 04:04:46,991 INFO c.h.h.t.HelmChartContainer - [hivemq-test-hivemq-platform] [hivemq-platform-operator] [22a010b4] 04:04:46.988 [pool-6-thread-42] DEBUG c.h.p.o.d.PlatformServiceResource - [helmcust] Desired Platform services (3 services)
2025-01-30 04:04:46,994 INFO c.h.h.t.HelmChartContainer - [hivemq-test-hivemq-platform] [hivemq-platform-operator] [22a010b4] 04:04:46.993 [pool-6-thread-47] DEBUG c.h.p.o.dependants.PodInfoConfigMap - [helmcust] Desired PodInfo ConfigMap (1 extensions) (1 enabled)
2025-01-30 04:04:46,994 INFO c.h.h.t.HelmChartContainer - [hivemq-test-hivemq-platform] [hivemq-platform-operator] [22a010b4] 04:04:46.993 [pool-6-thread-47] DEBUG c.h.p.o.dependants.PodInfoConfigMap - [helmcust] Desired PodInfo ConfigMap (metrics port: 9399) (metrics path: /)
2025-01-30 04:04:46,994 INFO c.h.h.t.HelmChartContainer - [hivemq-test-hivemq-platform] [hivemq-platform-operator] [22a010b4] 04:04:46.993 [pool-6-thread-47] DEBUG c.h.p.o.dependants.PodInfoConfigMap - [helmcust] Desired PodInfo ConfigMap (extension state hash: -1817474005)
2025-01-30 04:04:47,002 INFO c.h.h.t.HelmChartContainer - [hivemq-test-hivemq-platform] [hivemq-platform-operator] [22a010b4] 04:04:46.998 [pool-6-thread-48] DEBUG c.h.p.o.d.PodServiceAccountResource - [helmcust] Desired PodServiceAccountResource (serviceAccountName: hivemq-platform-pod-test-hivemq-platform)
2025-01-30 04:04:47,009 INFO c.h.h.t.HelmChartContainer - [hivemq-test-hivemq-platform] [hivemq-platform-operator] [22a010b4] 04:04:47.007 [pool-6-thread-42] DEBUG c.h.p.o.d.StatefulSetResource - [helmcust] Desired StatefulSet (2 replicas) for status STARTING (READY)
2025-01-30 04:04:47,010 INFO c.h.h.t.HelmChartContainer - [POD] test-hivemq-platform-1 [b79f399d-0465-4a2d-80f8-7844265f9fd3] in helmcustomconfigit was ADDED
2025-01-30 04:04:47,015 INFO c.h.h.t.HelmChartContainer - [EVENT] Normal [SuccessfulCreate] create Pod test-hivemq-platform-1 in StatefulSet test-hivemq-platform successful [helmcustomconfigit:test-hivemq-platform]
2025-01-30 04:04:47,018 INFO c.h.h.t.HelmChartContainer - [POD] test-hivemq-platform-1 [b79f399d-0465-4a2d-80f8-7844265f9fd3] in helmcustomconfigit was MODIFIED
2025-01-30 04:04:47,022 INFO c.h.h.t.HelmChartContainer - [EVENT] Normal [Scheduled] Successfully assigned helmcustomconfigit/test-hivemq-platform-1 to bb975d1fd0a5 [helmcustomconfigit:test-hivemq-platform-1]
2025-01-30 04:04:47,029 INFO c.h.h.t.HelmChartContainer - [POD] test-hivemq-platform-1 [b79f399d-0465-4a2d-80f8-7844265f9fd3] in helmcustomconfigit was MODIFIED
2025-01-30 04:04:47,071 INFO c.h.h.t.HelmChartContainer - [hivemq-test-hivemq-platform] [hivemq-platform-operator] [22a010b4] 04:04:47.067 [ReconcilerExecutor-hivemq-controller-113] INFO  c.h.p.o.HiveMQPlatformReconciler - [helmcust] Reconciling HiveMQ Platform 'test-hivemq-platform' in namespace 'helmcustomconfigit'
2025-01-30 04:04:47,071 INFO c.h.h.t.HelmChartContainer - [hivemq-test-hivemq-platform] [hivemq-platform-operator] [22a010b4] 04:04:47.068 [ReconcilerExecutor-hivemq-controller-113] DEBUG c.h.p.o.HiveMQPlatformReconciler - [helmcust] Custom Resource Status STARTING - HiveMQ Platform is starting (READY)
2025-01-30 04:04:47,071 INFO c.h.h.t.HelmChartContainer - [hivemq-test-hivemq-platform] [hivemq-platform-operator] [22a010b4] 04:04:47.068 [ReconcilerExecutor-hivemq-controller-113] DEBUG c.h.p.o.HiveMQPlatformReconciler - [helmcust] Custom Resource Spec (replicas: 2) (extensions: 1)
2025-01-30 04:04:47,072 INFO c.h.h.t.HelmChartContainer - [hivemq-test-hivemq-platform] [hivemq-platform-operator] [22a010b4] 04:04:47.071 [ReconcilerExecutor-hivemq-controller-113] DEBUG c.h.p.o.HiveMQPlatformReconciler - [helmcust] StatefulSet Status (revision: test-hivemq-platform-6b448bcf6f, replicas: 2, available: 1, ready: 1, current: 2, updated: 2)
2025-01-30 04:04:47,072 INFO c.h.h.t.HelmChartContainer - [hivemq-test-hivemq-platform] [hivemq-platform-operator] [22a010b4] 04:04:47.071 [ReconcilerExecutor-hivemq-controller-113] DEBUG c.h.p.o.HiveMQPlatformReconciler - [helmcust] StatefulSet Spec (replicas: 2, init containers: 1, containers: 1, volumes: 3)
2025-01-30 04:04:47,073 INFO c.h.h.t.HelmChartContainer - [hivemq-test-hivemq-platform] [hivemq-platform-operator] [22a010b4] 04:04:47.073 [ReconcilerExecutor-hivemq-controller-113] DEBUG c.h.p.o.h.HiveMQPlatformReconcilerErrorHandler - [helmcust] Pod 'test-hivemq-platform-1' phase Pending
2025-01-30 04:04:47,073 INFO c.h.h.t.HelmChartContainer - [hivemq-test-hivemq-platform] [hivemq-platform-operator] [22a010b4] 04:04:47.073 [ReconcilerExecutor-hivemq-controller-113] DEBUG c.h.p.o.h.HiveMQPlatformReconcilerErrorHandler - [helmcust] Pod 'test-hivemq-platform-1' condition 'PodScheduled': True
2025-01-30 04:04:47,076 INFO c.h.h.t.HelmChartContainer - [hivemq-test-hivemq-platform] [hivemq-platform-operator] [22a010b4] 04:04:47.074 [ReconcilerExecutor-hivemq-controller-113] DEBUG c.h.p.o.h.HiveMQPlatformReconcilerErrorHandler - [helmcust] Pod 'test-hivemq-platform-0' phase Running
2025-01-30 04:04:47,077 INFO c.h.h.t.HelmChartContainer - [hivemq-test-hivemq-platform] [hivemq-platform-operator] [22a010b4] 04:04:47.075 [ReconcilerExecutor-hivemq-controller-113] INFO  c.h.p.o.h.HiveMQPlatformReconcilerBaseHandler - [helmcust] HiveMQ Platform is starting, 1 of 2 replicas are ready
2025-01-30 04:04:47,080 INFO c.h.h.t.HelmChartContainer - [hivemq-test-hivemq-platform] [hivemq-platform-operator] [22a010b4] 04:04:47.078 [pool-6-thread-9] DEBUG c.h.p.o.d.PlatformServiceResource - [helmcust] Desired Platform services (3 services)
2025-01-30 04:04:47,081 INFO c.h.h.t.HelmChartContainer - [hivemq-test-hivemq-platform] [hivemq-platform-operator] [22a010b4] 04:04:47.079 [pool-6-thread-6] DEBUG c.h.p.o.dependants.PodInfoConfigMap - [helmcust] Desired PodInfo ConfigMap (1 extensions) (1 enabled)
2025-01-30 04:04:47,081 INFO c.h.h.t.HelmChartContainer - [hivemq-test-hivemq-platform] [hivemq-platform-operator] [22a010b4] 04:04:47.079 [pool-6-thread-6] DEBUG c.h.p.o.dependants.PodInfoConfigMap - [helmcust] Desired PodInfo ConfigMap (metrics port: 9399) (metrics path: /)
2025-01-30 04:04:47,081 INFO c.h.h.t.HelmChartContainer - [hivemq-test-hivemq-platform] [hivemq-platform-operator] [22a010b4] 04:04:47.079 [pool-6-thread-6] DEBUG c.h.p.o.dependants.PodInfoConfigMap - [helmcust] Desired PodInfo ConfigMap (extension state hash: -1817474005)
2025-01-30 04:04:47,160 INFO c.h.h.t.HelmChartContainer - [K3S] [reconciler_common.go:251] "operationExecutor.VerifyControllerAttachedVolume started for volume \"broker-configuration\" (UniqueName: \"kubernetes.io/configmap/b79f399d-0465-4a2d-80f8-7844265f9fd3-broker-configuration\") pod \"test-hivemq-platform-1\" (UID: \"b79f399d-0465-4a2d-80f8-7844265f9fd3\") " pod="helmcustomconfigit/test-hivemq-platform-1"
2025-01-30 04:04:47,160 INFO c.h.h.t.HelmChartContainer - [K3S] [reconciler_common.go:251] "operationExecutor.VerifyControllerAttachedVolume started for volume \"pod-info\" (UniqueName: \"kubernetes.io/configmap/b79f399d-0465-4a2d-80f8-7844265f9fd3-pod-info\") pod \"test-hivemq-platform-1\" (UID: \"b79f399d-0465-4a2d-80f8-7844265f9fd3\") " pod="helmcustomconfigit/test-hivemq-platform-1"
2025-01-30 04:04:47,160 INFO c.h.h.t.HelmChartContainer - [K3S] [reconciler_common.go:251] "operationExecutor.VerifyControllerAttachedVolume started for volume \"operator-init\" (UniqueName: \"kubernetes.io/empty-dir/b79f399d-0465-4a2d-80f8-7844265f9fd3-operator-init\") pod \"test-hivemq-platform-1\" (UID: \"b79f399d-0465-4a2d-80f8-7844265f9fd3\") " pod="helmcustomconfigit/test-hivemq-platform-1"
2025-01-30 04:04:47,160 INFO c.h.h.t.HelmChartContainer - [K3S] [reconciler_common.go:251] "operationExecutor.VerifyControllerAttachedVolume started for volume \"kube-api-access-m8jw6\" (UniqueName: \"kubernetes.io/projected/b79f399d-0465-4a2d-80f8-7844265f9fd3-kube-api-access-m8jw6\") pod \"test-hivemq-platform-1\" (UID: \"b79f399d-0465-4a2d-80f8-7844265f9fd3\") " pod="helmcustomconfigit/test-hivemq-platform-1"
2025-01-30 04:04:47,168 INFO c.h.h.t.HelmChartContainer - [hivemq-test-hivemq-platform] [hivemq-platform-operator] [22a010b4] 04:04:47.162 [pool-6-thread-5] DEBUG c.h.p.o.d.PodServiceAccountResource - [helmcust] Desired PodServiceAccountResource (serviceAccountName: hivemq-platform-pod-test-hivemq-platform)
2025-01-30 04:04:47,169 INFO c.h.h.t.HelmChartContainer - [hivemq-test-hivemq-platform] [hivemq-platform-operator] [22a010b4] 04:04:47.165 [pool-6-thread-9] DEBUG c.h.p.o.d.StatefulSetResource - [helmcust] Desired StatefulSet (2 replicas) for status STARTING (READY)
2025-01-30 04:04:47,170 INFO c.h.h.t.HelmChartContainer - [hivemq-test-hivemq-platform] [hivemq-platform-operator] [22a010b4] 04:04:47.169 [ReconcilerExecutor-hivemq-controller-114] INFO  c.h.p.o.HiveMQPlatformReconciler - [helmcust] Reconciling HiveMQ Platform 'test-hivemq-platform' in namespace 'helmcustomconfigit'
2025-01-30 04:04:47,170 INFO c.h.h.t.HelmChartContainer - [hivemq-test-hivemq-platform] [hivemq-platform-operator] [22a010b4] 04:04:47.169 [ReconcilerExecutor-hivemq-controller-114] DEBUG c.h.p.o.HiveMQPlatformReconciler - [helmcust] Custom Resource Status STARTING - HiveMQ Platform is starting (READY)
2025-01-30 04:04:47,170 INFO c.h.h.t.HelmChartContainer - [hivemq-test-hivemq-platform] [hivemq-platform-operator] [22a010b4] 04:04:47.169 [ReconcilerExecutor-hivemq-controller-114] DEBUG c.h.p.o.HiveMQPlatformReconciler - [helmcust] Custom Resource Spec (replicas: 2) (extensions: 1)
2025-01-30 04:04:47,174 INFO c.h.h.t.HelmChartContainer - [hivemq-test-hivemq-platform] [hivemq-platform-operator] [22a010b4] 04:04:47.170 [ReconcilerExecutor-hivemq-controller-114] DEBUG c.h.p.o.HiveMQPlatformReconciler - [helmcust] StatefulSet Status (revision: test-hivemq-platform-6b448bcf6f, replicas: 2, available: 1, ready: 1, current: 2, updated: 2)
2025-01-30 04:04:47,174 INFO c.h.h.t.HelmChartContainer - [hivemq-test-hivemq-platform] [hivemq-platform-operator] [22a010b4] 04:04:47.170 [ReconcilerExecutor-hivemq-controller-114] DEBUG c.h.p.o.HiveMQPlatformReconciler - [helmcust] StatefulSet Spec (replicas: 2, init containers: 1, containers: 1, volumes: 3)
2025-01-30 04:04:47,174 INFO c.h.h.t.HelmChartContainer - [hivemq-test-hivemq-platform] [hivemq-platform-operator] [22a010b4] 04:04:47.171 [ReconcilerExecutor-hivemq-controller-114] DEBUG c.h.p.o.h.HiveMQPlatformReconcilerErrorHandler - [helmcust] Pod 'test-hivemq-platform-1' phase Pending
2025-01-30 04:04:47,174 INFO c.h.h.t.HelmChartContainer - [hivemq-test-hivemq-platform] [hivemq-platform-operator] [22a010b4] 04:04:47.172 [ReconcilerExecutor-hivemq-controller-114] DEBUG c.h.p.o.h.HiveMQPlatformReconcilerErrorHandler - [helmcust] Pod 'test-hivemq-platform-1' condition 'PodReadyToStartContainers': False
2025-01-30 04:04:47,174 INFO c.h.h.t.HelmChartContainer - [hivemq-test-hivemq-platform] [hivemq-platform-operator] [22a010b4] 04:04:47.172 [ReconcilerExecutor-hivemq-controller-114] DEBUG c.h.p.o.h.HiveMQPlatformReconcilerErrorHandler - [helmcust] Pod 'test-hivemq-platform-1' condition 'Initialized': False
2025-01-30 04:04:47,174 INFO c.h.h.t.HelmChartContainer - [hivemq-test-hivemq-platform] [hivemq-platform-operator] [22a010b4] 04:04:47.172 [ReconcilerExecutor-hivemq-controller-114] DEBUG c.h.p.o.h.HiveMQPlatformReconcilerErrorHandler - [helmcust] Pod 'test-hivemq-platform-1' condition 'Ready': False
2025-01-30 04:04:47,174 INFO c.h.h.t.HelmChartContainer - [hivemq-test-hivemq-platform] [hivemq-platform-operator] [22a010b4] 04:04:47.172 [ReconcilerExecutor-hivemq-controller-114] DEBUG c.h.p.o.h.HiveMQPlatformReconcilerErrorHandler - [helmcust] Pod 'test-hivemq-platform-1' condition 'ContainersReady': False
2025-01-30 04:04:47,174 INFO c.h.h.t.HelmChartContainer - [hivemq-test-hivemq-platform] [hivemq-platform-operator] [22a010b4] 04:04:47.172 [ReconcilerExecutor-hivemq-controller-114] DEBUG c.h.p.o.h.HiveMQPlatformReconcilerErrorHandler - [helmcust] Pod 'test-hivemq-platform-1' condition 'PodScheduled': True
2025-01-30 04:04:47,174 INFO c.h.h.t.HelmChartContainer - [hivemq-test-hivemq-platform] [hivemq-platform-operator] [22a010b4] 04:04:47.172 [ReconcilerExecutor-hivemq-controller-114] DEBUG c.h.p.o.h.HiveMQPlatformReconcilerErrorHandler - [helmcust] Pod 'test-hivemq-platform-1' containerStatus 'hivemq' (started: false) (ready: false) (waiting: [PodInitializing] null)
2025-01-30 04:04:47,174 INFO c.h.h.t.HelmChartContainer - [hivemq-test-hivemq-platform] [hivemq-platform-operator] [22a010b4] 04:04:47.173 [ReconcilerExecutor-hivemq-controller-114] DEBUG c.h.p.o.h.HiveMQPlatformReconcilerErrorHandler - [helmcust] Pod 'test-hivemq-platform-0' phase Running
2025-01-30 04:04:47,174 INFO c.h.h.t.HelmChartContainer - [hivemq-test-hivemq-platform] [hivemq-platform-operator] [22a010b4] 04:04:47.173 [ReconcilerExecutor-hivemq-controller-114] INFO  c.h.p.o.h.HiveMQPlatformReconcilerBaseHandler - [helmcust] HiveMQ Platform is starting, 1 of 2 replicas are ready
2025-01-30 04:04:47,410 INFO c.h.h.t.HelmChartContainer - [EVENT] Normal [Pulled] Container image "docker.io/hivemq/hivemq-platform-operator-init-test:snapshot" already present on machine [helmcustomconfigit:test-hivemq-platform-1]
2025-01-30 04:04:47,416 INFO c.h.h.t.HelmChartContainer - [EVENT] Normal [Created] Created container: hivemq-platform-operator-init [helmcustomconfigit:test-hivemq-platform-1]
2025-01-30 04:04:47,456 INFO c.h.h.t.HelmChartContainer - [EVENT] Normal [Started] Started container hivemq-platform-operator-init [helmcustomconfigit:test-hivemq-platform-1]
2025-01-30 04:04:47,589 INFO c.h.h.t.HelmChartContainer - [EVENT] Normal [Pulled] Container image "docker.io/hivemq/hivemq4:4.36.0" already present on machine [helmcustomconfigit:test-hivemq-platform-1]
2025-01-30 04:04:47,589 INFO c.h.h.t.HelmChartContainer - Received Pulled event for container hivemq in pod test-hivemq-platform-1 [b79f399d-0465-4a2d-80f8-7844265f9fd3]
2025-01-30 04:04:47,595 INFO c.h.h.t.HelmChartContainer - [POD] test-hivemq-platform-1 [b79f399d-0465-4a2d-80f8-7844265f9fd3] in helmcustomconfigit was MODIFIED
2025-01-30 04:04:47,606 INFO c.h.h.t.HelmChartContainer - [hivemq-test-hivemq-platform] [hivemq-platform-operator] [22a010b4] 04:04:47.604 [pool-6-thread-13] DEBUG c.h.p.o.d.PlatformServiceResource - [helmcust] Desired Platform services (3 services)
2025-01-30 04:04:47,613 INFO c.h.h.t.HelmChartContainer - [hivemq-test-hivemq-platform] [hivemq-platform-operator] [22a010b4] 04:04:47.610 [pool-6-thread-19] DEBUG c.h.p.o.d.PodServiceAccountResource - [helmcust] Desired PodServiceAccountResource (serviceAccountName: hivemq-platform-pod-test-hivemq-platform)
2025-01-30 04:04:47,621 INFO c.h.h.t.HelmChartContainer - [hivemq-test-hivemq-platform] [hivemq-platform-operator] [22a010b4] 04:04:47.614 [pool-6-thread-12] DEBUG c.h.p.o.dependants.PodInfoConfigMap - [helmcust] Desired PodInfo ConfigMap (1 extensions) (1 enabled)
2025-01-30 04:04:47,621 INFO c.h.h.t.HelmChartContainer - [hivemq-test-hivemq-platform] [hivemq-platform-operator] [22a010b4] 04:04:47.617 [pool-6-thread-12] DEBUG c.h.p.o.dependants.PodInfoConfigMap - [helmcust] Desired PodInfo ConfigMap (metrics port: 9399) (metrics path: /)
2025-01-30 04:04:47,622 INFO c.h.h.t.HelmChartContainer - [EVENT] Normal [Created] Created container: hivemq [helmcustomconfigit:test-hivemq-platform-1]
2025-01-30 04:04:47,622 INFO c.h.h.t.HelmChartContainer - [hivemq-test-hivemq-platform] [hivemq-platform-operator] [22a010b4] 04:04:47.617 [pool-6-thread-12] DEBUG c.h.p.o.dependants.PodInfoConfigMap - [helmcust] Desired PodInfo ConfigMap (extension state hash: -1817474005)
2025-01-30 04:04:47,622 INFO c.h.h.t.HelmChartContainer - Received Created event for container hivemq in pod test-hivemq-platform-1 [b79f399d-0465-4a2d-80f8-7844265f9fd3]
2025-01-30 04:04:47,668 INFO c.h.h.t.HelmChartContainer - [hivemq-test-hivemq-platform] [hivemq-platform-operator] [22a010b4] 04:04:47.666 [pool-6-thread-13] DEBUG c.h.p.o.d.StatefulSetResource - [helmcust] Desired StatefulSet (2 replicas) for status STARTING (READY)
2025-01-30 04:04:47,673 INFO c.h.h.t.HelmChartContainer - [hivemq-test-hivemq-platform] [hivemq-platform-operator] [22a010b4] 04:04:47.672 [ReconcilerExecutor-hivemq-controller-115] INFO  c.h.p.o.HiveMQPlatformReconciler - [helmcust] Reconciling HiveMQ Platform 'test-hivemq-platform' in namespace 'helmcustomconfigit'
2025-01-30 04:04:47,675 INFO c.h.h.t.HelmChartContainer - [hivemq-test-hivemq-platform] [hivemq-platform-operator] [22a010b4] 04:04:47.673 [ReconcilerExecutor-hivemq-controller-115] DEBUG c.h.p.o.HiveMQPlatformReconciler - [helmcust] Custom Resource Status STARTING - HiveMQ Platform is starting (READY)
2025-01-30 04:04:47,676 INFO c.h.h.t.HelmChartContainer - [hivemq-test-hivemq-platform] [hivemq-platform-operator] [22a010b4] 04:04:47.673 [ReconcilerExecutor-hivemq-controller-115] DEBUG c.h.p.o.HiveMQPlatformReconciler - [helmcust] Custom Resource Spec (replicas: 2) (extensions: 1)
2025-01-30 04:04:47,677 INFO c.h.h.t.HelmChartContainer - [hivemq-test-hivemq-platform] [hivemq-platform-operator] [22a010b4] 04:04:47.676 [ReconcilerExecutor-hivemq-controller-115] DEBUG c.h.p.o.HiveMQPlatformReconciler - [helmcust] StatefulSet Status (revision: test-hivemq-platform-6b448bcf6f, replicas: 2, available: 1, ready: 1, current: 2, updated: 2)
2025-01-30 04:04:47,678 INFO c.h.h.t.HelmChartContainer - [hivemq-test-hivemq-platform] [hivemq-platform-operator] [22a010b4] 04:04:47.676 [ReconcilerExecutor-hivemq-controller-115] DEBUG c.h.p.o.HiveMQPlatformReconciler - [helmcust] StatefulSet Spec (replicas: 2, init containers: 1, containers: 1, volumes: 3)
2025-01-30 04:04:47,681 INFO c.h.h.t.HelmChartContainer - [hivemq-test-hivemq-platform] [hivemq-platform-operator] [22a010b4] 04:04:47.679 [ReconcilerExecutor-hivemq-controller-115] DEBUG c.h.p.o.h.HiveMQPlatformReconcilerErrorHandler - [helmcust] Pod 'test-hivemq-platform-1' phase Pending
2025-01-30 04:04:47,681 INFO c.h.h.t.HelmChartContainer - [hivemq-test-hivemq-platform] [hivemq-platform-operator] [22a010b4] 04:04:47.680 [ReconcilerExecutor-hivemq-controller-115] DEBUG c.h.p.o.h.HiveMQPlatformReconcilerErrorHandler - [helmcust] Pod 'test-hivemq-platform-1' condition 'PodReadyToStartContainers': True
2025-01-30 04:04:47,681 INFO c.h.h.t.HelmChartContainer - [hivemq-test-hivemq-platform] [hivemq-platform-operator] [22a010b4] 04:04:47.680 [ReconcilerExecutor-hivemq-controller-115] DEBUG c.h.p.o.h.HiveMQPlatformReconcilerErrorHandler - [helmcust] Pod 'test-hivemq-platform-1' condition 'Initialized': True
2025-01-30 04:04:47,681 INFO c.h.h.t.HelmChartContainer - [hivemq-test-hivemq-platform] [hivemq-platform-operator] [22a010b4] 04:04:47.680 [ReconcilerExecutor-hivemq-controller-115] DEBUG c.h.p.o.h.HiveMQPlatformReconcilerErrorHandler - [helmcust] Pod 'test-hivemq-platform-1' condition 'Ready': False
2025-01-30 04:04:47,681 INFO c.h.h.t.HelmChartContainer - [hivemq-test-hivemq-platform] [hivemq-platform-operator] [22a010b4] 04:04:47.680 [ReconcilerExecutor-hivemq-controller-115] DEBUG c.h.p.o.h.HiveMQPlatformReconcilerErrorHandler - [helmcust] Pod 'test-hivemq-platform-1' condition 'ContainersReady': False
2025-01-30 04:04:47,681 INFO c.h.h.t.HelmChartContainer - [hivemq-test-hivemq-platform] [hivemq-platform-operator] [22a010b4] 04:04:47.680 [ReconcilerExecutor-hivemq-controller-115] DEBUG c.h.p.o.h.HiveMQPlatformReconcilerErrorHandler - [helmcust] Pod 'test-hivemq-platform-1' condition 'PodScheduled': True
2025-01-30 04:04:47,681 INFO c.h.h.t.HelmChartContainer - [hivemq-test-hivemq-platform] [hivemq-platform-operator] [22a010b4] 04:04:47.680 [ReconcilerExecutor-hivemq-controller-115] DEBUG c.h.p.o.h.HiveMQPlatformReconcilerErrorHandler - [helmcust] Pod 'test-hivemq-platform-1' containerStatus 'hivemq' (started: false) (ready: false) (waiting: [PodInitializing] null)
2025-01-30 04:04:47,685 INFO c.h.h.t.HelmChartContainer - [hivemq-test-hivemq-platform] [hivemq-platform-operator] [22a010b4] 04:04:47.682 [ReconcilerExecutor-hivemq-controller-115] DEBUG c.h.p.o.h.HiveMQPlatformReconcilerErrorHandler - [helmcust] Pod 'test-hivemq-platform-0' phase Running
2025-01-30 04:04:47,686 INFO c.h.h.t.HelmChartContainer - [hivemq-test-hivemq-platform] [hivemq-platform-operator] [22a010b4] 04:04:47.683 [ReconcilerExecutor-hivemq-controller-115] INFO  c.h.p.o.h.HiveMQPlatformReconcilerBaseHandler - [helmcust] HiveMQ Platform is starting, 1 of 2 replicas are ready
2025-01-30 04:04:48,048 INFO c.h.h.t.HelmChartContainer - [K3S] [info.go:53] Couldn't collect info from any of the files in "/etc/machine-id,/var/lib/dbus/machine-id"
2025-01-30 04:04:48,603 INFO c.h.h.t.HelmChartContainer - [POD] test-hivemq-platform-1 [b79f399d-0465-4a2d-80f8-7844265f9fd3] in helmcustomconfigit was MODIFIED
2025-01-30 04:04:48,616 INFO c.h.h.t.HelmChartContainer - [hivemq-test-hivemq-platform] [hivemq-platform-operator] [22a010b4] 04:04:48.610 [pool-6-thread-29] DEBUG c.h.p.o.d.PlatformServiceResource - [helmcust] Desired Platform services (3 services)
2025-01-30 04:04:48,616 INFO c.h.h.t.HelmChartContainer - [EVENT] Normal [Started] Started container hivemq [helmcustomconfigit:test-hivemq-platform-1]
2025-01-30 04:04:48,616 INFO c.h.h.t.HelmChartContainer - Started log watcher for hivemq in pod test-hivemq-platform-1 [b79f399d-0465-4a2d-80f8-7844265f9fd3]
2025-01-30 04:04:48,616 INFO c.h.h.t.HelmChartContainer - Received Started event for container hivemq in pod test-hivemq-platform-1 [b79f399d-0465-4a2d-80f8-7844265f9fd3]
2025-01-30 04:04:48,618 INFO c.h.h.t.HelmChartContainer - [hivemq-test-hivemq-platform] [hivemq-platform-operator] [22a010b4] 04:04:48.614 [pool-6-thread-24] DEBUG c.h.p.o.dependants.PodInfoConfigMap - [helmcust] Desired PodInfo ConfigMap (1 extensions) (1 enabled)
2025-01-30 04:04:48,618 INFO c.h.h.t.HelmChartContainer - [hivemq-test-hivemq-platform] [hivemq-platform-operator] [22a010b4] 04:04:48.615 [pool-6-thread-24] DEBUG c.h.p.o.dependants.PodInfoConfigMap - [helmcust] Desired PodInfo ConfigMap (metrics port: 9399) (metrics path: /)
2025-01-30 04:04:48,618 INFO c.h.h.t.HelmChartContainer - [hivemq-test-hivemq-platform] [hivemq-platform-operator] [22a010b4] 04:04:48.615 [pool-6-thread-24] DEBUG c.h.p.o.dependants.PodInfoConfigMap - [helmcust] Desired PodInfo ConfigMap (extension state hash: -1817474005)
2025-01-30 04:04:48,618 INFO c.h.h.t.HelmChartContainer - [test-hivemq-platform] [hivemq] [b79f399d] Adding pre-installed HiveMQ Platform Operator extensions
2025-01-30 04:04:48,618 INFO c.h.h.t.HelmChartContainer - [test-hivemq-platform] [hivemq] [b79f399d] Running as user 10000
2025-01-30 04:04:48,618 INFO c.h.h.t.HelmChartContainer - [test-hivemq-platform] [hivemq] [b79f399d] Starting HiveMQ Platform Operator Init
2025-01-30 04:04:48,620 INFO c.h.h.t.HelmChartContainer - [hivemq-test-hivemq-platform] [hivemq-platform-operator] [22a010b4] 04:04:48.619 [pool-6-thread-29] DEBUG c.h.p.o.d.StatefulSetResource - [helmcust] Desired StatefulSet (2 replicas) for status STARTING (READY)
2025-01-30 04:04:48,621 INFO c.h.h.t.HelmChartContainer - [hivemq-test-hivemq-platform] [hivemq-platform-operator] [22a010b4] 04:04:48.620 [pool-6-thread-21] DEBUG c.h.p.o.d.PodServiceAccountResource - [helmcust] Desired PodServiceAccountResource (serviceAccountName: hivemq-platform-pod-test-hivemq-platform)
2025-01-30 04:04:48,625 INFO c.h.h.t.HelmChartContainer - [hivemq-test-hivemq-platform] [hivemq-platform-operator] [22a010b4] 04:04:48.622 [ReconcilerExecutor-hivemq-controller-116] INFO  c.h.p.o.HiveMQPlatformReconciler - [helmcust] Reconciling HiveMQ Platform 'test-hivemq-platform' in namespace 'helmcustomconfigit'
2025-01-30 04:04:48,625 INFO c.h.h.t.HelmChartContainer - [hivemq-test-hivemq-platform] [hivemq-platform-operator] [22a010b4] 04:04:48.623 [ReconcilerExecutor-hivemq-controller-116] DEBUG c.h.p.o.HiveMQPlatformReconciler - [helmcust] Custom Resource Status STARTING - HiveMQ Platform is starting (READY)
2025-01-30 04:04:48,625 INFO c.h.h.t.HelmChartContainer - [hivemq-test-hivemq-platform] [hivemq-platform-operator] [22a010b4] 04:04:48.623 [ReconcilerExecutor-hivemq-controller-116] DEBUG c.h.p.o.HiveMQPlatformReconciler - [helmcust] Custom Resource Spec (replicas: 2) (extensions: 1)
2025-01-30 04:04:48,625 INFO c.h.h.t.HelmChartContainer - [hivemq-test-hivemq-platform] [hivemq-platform-operator] [22a010b4] 04:04:48.624 [ReconcilerExecutor-hivemq-controller-116] DEBUG c.h.p.o.HiveMQPlatformReconciler - [helmcust] StatefulSet Status (revision: test-hivemq-platform-6b448bcf6f, replicas: 2, available: 1, ready: 1, current: 2, updated: 2)
2025-01-30 04:04:48,625 INFO c.h.h.t.HelmChartContainer - [hivemq-test-hivemq-platform] [hivemq-platform-operator] [22a010b4] 04:04:48.624 [ReconcilerExecutor-hivemq-controller-116] DEBUG c.h.p.o.HiveMQPlatformReconciler - [helmcust] StatefulSet Spec (replicas: 2, init containers: 1, containers: 1, volumes: 3)
2025-01-30 04:04:48,663 INFO c.h.h.t.HelmChartContainer - [hivemq-test-hivemq-platform] [hivemq-platform-operator] [22a010b4] 04:04:48.661 [ReconcilerExecutor-hivemq-controller-116] DEBUG c.h.p.o.h.HiveMQPlatformReconcilerErrorHandler - [helmcust] Pod 'test-hivemq-platform-1' phase Running
2025-01-30 04:04:48,663 INFO c.h.h.t.HelmChartContainer - [hivemq-test-hivemq-platform] [hivemq-platform-operator] [22a010b4] 04:04:48.662 [ReconcilerExecutor-hivemq-controller-116] DEBUG c.h.p.o.h.HiveMQPlatformReconcilerErrorHandler - [helmcust] Pod 'test-hivemq-platform-0' phase Running
2025-01-30 04:04:48,665 INFO c.h.h.t.HelmChartContainer - [hivemq-test-hivemq-platform] [hivemq-platform-operator] [22a010b4] 04:04:48.664 [ReconcilerExecutor-hivemq-controller-116] INFO  c.h.p.o.h.HiveMQPlatformReconcilerBaseHandler - [helmcust] HiveMQ Platform is starting, 1 of 2 replicas are ready
2025-01-30 04:04:48,899 INFO c.h.h.t.HelmChartContainer - [test-hivemq-platform] [hivemq] [b79f399d] INFO  - [HiveMQ Platform Operator Init 1.7.0-SNAPSHOT] HiveMQ Platform Operator Init 1.7.0-SNAPSHOT (commit: 47e3375 on branch: HEAD) built on Thu Jan 30 03:55:50 UTC 2025
2025-01-30 04:04:49,988 INFO c.h.h.t.HelmChartContainer - [test-hivemq-platform] [hivemq] [b79f399d] INFO  - [HiveMQ Platform Operator Init App 1.7.0-SNAPSHOT] Using bind address 10.42.0.12 from environment variable
2025-01-30 04:04:50,894 INFO c.h.h.t.HelmChartContainer - [test-hivemq-platform] [hivemq] [b79f399d] INFO  - [HiveMQ Platform Operator Init App 1.7.0-SNAPSHOT] HiveMQ Platform Operator Init App 1.7.0-SNAPSHOT (commit: 47e3375 on branch: HEAD) built on Thu Jan 30 03:55:50 UTC 2025
2025-01-30 04:04:50,894 INFO c.h.h.t.HelmChartContainer - [test-hivemq-platform] [hivemq] [b79f399d] INFO  - [HiveMQ Platform Operator Init App 1.7.0-SNAPSHOT] PodInfo ConfigMap directory: /etc/podinfo
2025-01-30 04:04:50,894 INFO c.h.h.t.HelmChartContainer - [test-hivemq-platform] [hivemq] [b79f399d] INFO  - [HiveMQ Platform Operator Init App 1.7.0-SNAPSHOT] HiveMQ home directory: /opt/hivemq
2025-01-30 04:04:50,894 INFO c.h.h.t.HelmChartContainer - [test-hivemq-platform] [hivemq] [b79f399d] INFO  - [HiveMQ Platform Operator Init App 1.7.0-SNAPSHOT] HiveMQ Logback folder: /opt/hivemq/conf
2025-01-30 04:04:50,894 INFO c.h.h.t.HelmChartContainer - [test-hivemq-platform] [hivemq] [b79f399d] INFO  - [HiveMQ Platform Operator Init App 1.7.0-SNAPSHOT] HiveMQ Config folder: /opt/hivemq/conf-k8s
2025-01-30 04:04:50,895 INFO c.h.h.t.HelmChartContainer - [test-hivemq-platform] [hivemq] [b79f399d] INFO  - [HiveMQ Platform Operator Init App 1.7.0-SNAPSHOT] Starting HiveMQ Platform Operator Init App
2025-01-30 04:04:50,895 INFO c.h.h.t.HelmChartContainer - [test-hivemq-platform] [hivemq] [b79f399d] INFO  - [HiveMQ Platform Operator Init App 1.7.0-SNAPSHOT] Starting Pod reconciler
2025-01-30 04:04:52,092 INFO c.h.h.t.HelmChartContainer - [test-hivemq-platform] [hivemq] [b79f399d] INFO  - [HiveMQ Platform Operator Init App 1.7.0-SNAPSHOT] Pod reconciler is scheduled (interval: 5000 ms)
2025-01-30 04:04:52,093 INFO c.h.h.t.HelmChartContainer - [test-hivemq-platform] [hivemq] [b79f399d] INFO  - [HiveMQ Platform Operator Init App 1.7.0-SNAPSHOT] Starting the REST API on 10.42.0.12:7979
2025-01-30 04:04:52,096 INFO c.h.h.t.HelmChartContainer - [test-hivemq-platform] [hivemq] [b79f399d] INFO  - [HiveMQ Platform Operator Init App 1.7.0-SNAPSHOT] Waiting up to 600s for at most 2 HiveMQ nodes in cluster service hivemq-test-hivemq-platform-cluster.helmcustomconfigit.svc
2025-01-30 04:04:52,476 INFO c.h.h.t.HelmChartContainer - [test-hivemq-platform] [hivemq] [b79f399d] INFO  - [HiveMQ Platform Operator Init App 1.7.0-SNAPSHOT] Resolved 2 IP addresses: [10.42.0.11, 10.42.0.12]
2025-01-30 04:04:52,476 INFO c.h.h.t.HelmChartContainer - [test-hivemq-platform] [hivemq] [b79f399d] INFO  - [HiveMQ Platform Operator Init App 1.7.0-SNAPSHOT] HiveMQ node count of 2 is within threshold of 2
2025-01-30 04:04:52,477 INFO c.h.h.t.HelmChartContainer - [test-hivemq-platform] [hivemq] [b79f399d] INFO  - [HiveMQ Platform Operator Init App 1.7.0-SNAPSHOT] Proceeding with container start
2025-01-30 04:04:52,508 INFO c.h.h.t.HelmChartContainer - [test-hivemq-platform] [hivemq] [b79f399d] INFO  - [HiveMQ Platform Operator Init App 1.7.0-SNAPSHOT] Initializing HiveMQ Platform extensions with initial configuration: {hivemq-allow-all-extension={start-priority=-1, skip-https-hostname-verification=false, restart=true, config-version=0, header-version=0, c-uri=, priority=-1, uri=preinstalled, skip-https-certificate-validation=false, enabled=true}, hivemq-prometheus-extension={request-header-path=no-request-headers, uri=preinstalled, skip-https-certificate-validation=false, skip-https-hostname-verification=false, c-uri=, start-priority=-1, priority=-1, restart=true, enabled=true}}
2025-01-30 04:04:52,978 INFO c.h.h.t.HelmChartContainer - [test-hivemq-platform] [hivemq] [b79f399d] INFO  - [HiveMQ Platform Operator Init App 1.7.0-SNAPSHOT] Extension hivemq-allow-all-extension was already enabled
2025-01-30 04:04:53,000 INFO c.h.h.t.HelmChartContainer - [test-hivemq-platform] [hivemq] [b79f399d] INFO  - [HiveMQ Platform Operator Init App 1.7.0-SNAPSHOT] Successfully enabled extension hivemq-prometheus-extension
2025-01-30 04:04:53,001 INFO c.h.h.t.HelmChartContainer - [test-hivemq-platform] [hivemq] [b79f399d] INFO  - [HiveMQ Platform Operator Init App 1.7.0-SNAPSHOT] Starting HiveMQ Platform version 4.36.0 (4.36.0)
2025-01-30 04:04:53,002 INFO c.h.h.t.HelmChartContainer - [test-hivemq-platform] [hivemq] [b79f399d] INFO  - [HiveMQ Platform Operator Init App 1.7.0-SNAPSHOT] Configuring the HiveMQ Platform
2025-01-30 04:04:53,078 INFO c.h.h.t.HelmChartContainer - [test-hivemq-platform] [hivemq] [b79f399d] INFO  - [HiveMQ Platform Operator Init App 1.7.0-SNAPSHOT] Changed logback.xml file scan period to 20 seconds
2025-01-30 04:04:53,173 INFO c.h.h.t.HelmChartContainer - [test-hivemq-platform] [hivemq] [b79f399d] INFO  - [HiveMQ Platform Operator Init App 1.7.0-SNAPSHOT] Starting the HiveMQ Platform
2025-01-30 04:04:53,176 INFO c.h.h.t.HelmChartContainer - [test-hivemq-platform] [hivemq] [b79f399d] -------------------------------------------------------------------------
2025-01-30 04:04:53,177 INFO c.h.h.t.HelmChartContainer - [test-hivemq-platform] [hivemq] [b79f399d] 
2025-01-30 04:04:53,177 INFO c.h.h.t.HelmChartContainer - [test-hivemq-platform] [hivemq] [b79f399d]                   _    _  _              __  __   ____
2025-01-30 04:04:53,178 INFO c.h.h.t.HelmChartContainer - [test-hivemq-platform] [hivemq] [b79f399d]                  | |  | |(_)            |  \/  | / __ \
2025-01-30 04:04:53,178 INFO c.h.h.t.HelmChartContainer - [test-hivemq-platform] [hivemq] [b79f399d]                  | |__| | _ __   __ ___ | \  / || |  | |
2025-01-30 04:04:53,178 INFO c.h.h.t.HelmChartContainer - [test-hivemq-platform] [hivemq] [b79f399d]                  |  __  || |\ \ / // _ \| |\/| || |  | |
2025-01-30 04:04:53,178 INFO c.h.h.t.HelmChartContainer - [test-hivemq-platform] [hivemq] [b79f399d]                  | |  | || | \ V /|  __/| |  | || |__| |
2025-01-30 04:04:53,178 INFO c.h.h.t.HelmChartContainer - [test-hivemq-platform] [hivemq] [b79f399d]                  |_|  |_||_|  \_/  \___||_|  |_| \___\_\
2025-01-30 04:04:53,178 INFO c.h.h.t.HelmChartContainer - [test-hivemq-platform] [hivemq] [b79f399d] 
2025-01-30 04:04:53,178 INFO c.h.h.t.HelmChartContainer - [test-hivemq-platform] [hivemq] [b79f399d] -------------------------------------------------------------------------
2025-01-30 04:04:53,178 INFO c.h.h.t.HelmChartContainer - [test-hivemq-platform] [hivemq] [b79f399d] 
2025-01-30 04:04:53,178 INFO c.h.h.t.HelmChartContainer - [test-hivemq-platform] [hivemq] [b79f399d]   HiveMQ Start Script for Linux/Unix v1.14
2025-01-30 04:04:53,178 INFO c.h.h.t.HelmChartContainer - [test-hivemq-platform] [hivemq] [b79f399d] 
2025-01-30 04:04:53,216 INFO c.h.h.t.HelmChartContainer - [test-hivemq-platform] [hivemq] [b79f399d] -------------------------------------------------------------------------
2025-01-30 04:04:53,216 INFO c.h.h.t.HelmChartContainer - [test-hivemq-platform] [hivemq] [b79f399d] 
2025-01-30 04:04:53,216 INFO c.h.h.t.HelmChartContainer - [test-hivemq-platform] [hivemq] [b79f399d]   HIVEMQ_HOME: /opt/hivemq
2025-01-30 04:04:53,216 INFO c.h.h.t.HelmChartContainer - [test-hivemq-platform] [hivemq] [b79f399d] 
2025-01-30 04:04:53,216 INFO c.h.h.t.HelmChartContainer - [test-hivemq-platform] [hivemq] [b79f399d]   JAVA_OPTS: -XX:+UnlockExperimentalVMOptions -XX:InitialRAMPercentage=50 -XX:MaxRAMPercentage=50 -Djava.net.preferIPv4Stack=true --add-opens java.base/java.lang=ALL-UNNAMED --add-opens java.base/java.nio=ALL-UNNAMED --add-opens java.base/sun.nio.ch=ALL-UNNAMED --add-opens jdk.management/com.sun.management.internal=ALL-UNNAMED --add-exports java.base/jdk.internal.misc=ALL-UNNAMED -Djava.security.egd=file:/dev/./urandom -Dcom.sun.management.jmxremote -Dcom.sun.management.jmxremote.port=9010 -Dcom.sun.management.jmxremote.local.only=false -Dcom.sun.management.jmxremote.authenticate=false -Dcom.sun.management.jmxremote.ssl=false -Duser.language=en -Duser.region=US -XX:+CrashOnOutOfMemoryError -XX:+HeapDumpOnOutOfMemoryError
2025-01-30 04:04:53,216 INFO c.h.h.t.HelmChartContainer - [test-hivemq-platform] [hivemq] [b79f399d] 
2025-01-30 04:04:53,216 INFO c.h.h.t.HelmChartContainer - [test-hivemq-platform] [hivemq] [b79f399d]   JAVA_VERSION: 21
2025-01-30 04:04:53,216 INFO c.h.h.t.HelmChartContainer - [test-hivemq-platform] [hivemq] [b79f399d] 
2025-01-30 04:04:53,216 INFO c.h.h.t.HelmChartContainer - [test-hivemq-platform] [hivemq] [b79f399d] -------------------------------------------------------------------------
2025-01-30 04:04:53,216 INFO c.h.h.t.HelmChartContainer - [test-hivemq-platform] [hivemq] [b79f399d] 
2025-01-30 04:04:54,601 INFO c.h.h.t.HelmChartContainer - [test-hivemq-platform] [hivemq] [b79f399d] INFO  - [HiveMQ Platform Operator Init App 1.7.0-SNAPSHOT] Returning default Health API response 503 for readiness
2025-01-30 04:04:55,003 INFO c.h.h.t.HelmChartContainer - [EVENT] Warning [Unhealthy] Readiness probe failed: HTTP probe failed with statuscode: 503 [helmcustomconfigit:test-hivemq-platform-1]
2025-01-30 04:04:55,004 INFO c.h.h.t.HelmChartContainer - Received Unhealthy event for container hivemq in pod test-hivemq-platform-1 [b79f399d-0465-4a2d-80f8-7844265f9fd3]
2025-01-30 04:04:55,899 INFO c.h.h.t.HelmChartContainer - [test-hivemq-platform] [hivemq] [b79f399d] INFO  - Starting HiveMQ Enterprise Server
2025-01-30 04:04:55,972 INFO c.h.h.t.HelmChartContainer - [test-hivemq-platform] [hivemq] [b79f399d] INFO  - HiveMQ version: 4.36.0
2025-01-30 04:04:55,973 INFO c.h.h.t.HelmChartContainer - [test-hivemq-platform] [hivemq] [b79f399d] INFO  - HiveMQ home directory: /opt/hivemq
2025-01-30 04:04:55,973 INFO c.h.h.t.HelmChartContainer - [test-hivemq-platform] [hivemq] [b79f399d] INFO  - Log Configuration was overridden by /opt/hivemq/conf/logback.xml
2025-01-30 04:04:57,103 INFO c.h.h.t.HelmChartContainer - [test-hivemq-platform] [hivemq] [b79f399d] INFO  - Successfully loaded configuration from '/opt/hivemq/conf-k8s/config.xml'.
2025-01-30 04:04:57,697 INFO c.h.h.t.HelmChartContainer - [test-hivemq-platform] [hivemq] [b79f399d] INFO  - This node's ID is kEjo7
2025-01-30 04:04:57,700 INFO c.h.h.t.HelmChartContainer - [test-hivemq-platform] [hivemq] [b79f399d] INFO  - Clustering is enabled
2025-01-30 04:04:58,671 INFO c.h.h.t.HelmChartContainer - [hivemq-test-hivemq-platform] [hivemq-platform-operator] [22a010b4] 04:04:58.667 [pool-6-thread-39] DEBUG c.h.p.o.d.PlatformServiceResource - [helmcust] Desired Platform services (3 services)
2025-01-30 04:04:58,671 INFO c.h.h.t.HelmChartContainer - [hivemq-test-hivemq-platform] [hivemq-platform-operator] [22a010b4] 04:04:58.667 [pool-6-thread-31] DEBUG c.h.p.o.dependants.PodInfoConfigMap - [helmcust] Desired PodInfo ConfigMap (1 extensions) (1 enabled)
2025-01-30 04:04:58,671 INFO c.h.h.t.HelmChartContainer - [hivemq-test-hivemq-platform] [hivemq-platform-operator] [22a010b4] 04:04:58.668 [pool-6-thread-31] DEBUG c.h.p.o.dependants.PodInfoConfigMap - [helmcust] Desired PodInfo ConfigMap (metrics port: 9399) (metrics path: /)
2025-01-30 04:04:58,671 INFO c.h.h.t.HelmChartContainer - [hivemq-test-hivemq-platform] [hivemq-platform-operator] [22a010b4] 04:04:58.668 [pool-6-thread-31] DEBUG c.h.p.o.dependants.PodInfoConfigMap - [helmcust] Desired PodInfo ConfigMap (extension state hash: -1817474005)
2025-01-30 04:04:58,671 INFO c.h.h.t.HelmChartContainer - [hivemq-test-hivemq-platform] [hivemq-platform-operator] [22a010b4] 04:04:58.670 [pool-6-thread-38] DEBUG c.h.p.o.d.PodServiceAccountResource - [helmcust] Desired PodServiceAccountResource (serviceAccountName: hivemq-platform-pod-test-hivemq-platform)
2025-01-30 04:04:58,678 INFO c.h.h.t.HelmChartContainer - [hivemq-test-hivemq-platform] [hivemq-platform-operator] [22a010b4] 04:04:58.677 [pool-6-thread-39] DEBUG c.h.p.o.d.StatefulSetResource - [helmcust] Desired StatefulSet (2 replicas) for status STARTING (READY)
2025-01-30 04:04:58,763 INFO c.h.h.t.HelmChartContainer - [hivemq-test-hivemq-platform] [hivemq-platform-operator] [22a010b4] 04:04:58.761 [ReconcilerExecutor-hivemq-controller-117] INFO  c.h.p.o.HiveMQPlatformReconciler - [helmcust] Reconciling HiveMQ Platform 'test-hivemq-platform' in namespace 'helmcustomconfigit'
2025-01-30 04:04:58,767 INFO c.h.h.t.HelmChartContainer - [hivemq-test-hivemq-platform] [hivemq-platform-operator] [22a010b4] 04:04:58.761 [ReconcilerExecutor-hivemq-controller-117] DEBUG c.h.p.o.HiveMQPlatformReconciler - [helmcust] Custom Resource Status STARTING - HiveMQ Platform is starting (READY)
2025-01-30 04:04:58,767 INFO c.h.h.t.HelmChartContainer - [hivemq-test-hivemq-platform] [hivemq-platform-operator] [22a010b4] 04:04:58.761 [ReconcilerExecutor-hivemq-controller-117] DEBUG c.h.p.o.HiveMQPlatformReconciler - [helmcust] Custom Resource Spec (replicas: 2) (extensions: 1)
2025-01-30 04:04:58,767 INFO c.h.h.t.HelmChartContainer - [hivemq-test-hivemq-platform] [hivemq-platform-operator] [22a010b4] 04:04:58.764 [ReconcilerExecutor-hivemq-controller-117] DEBUG c.h.p.o.HiveMQPlatformReconciler - [helmcust] StatefulSet Status (revision: test-hivemq-platform-6b448bcf6f, replicas: 2, available: 1, ready: 1, current: 2, updated: 2)
2025-01-30 04:04:58,767 INFO c.h.h.t.HelmChartContainer - [hivemq-test-hivemq-platform] [hivemq-platform-operator] [22a010b4] 04:04:58.764 [ReconcilerExecutor-hivemq-controller-117] DEBUG c.h.p.o.HiveMQPlatformReconciler - [helmcust] StatefulSet Spec (replicas: 2, init containers: 1, containers: 1, volumes: 3)
2025-01-30 04:04:58,767 INFO c.h.h.t.HelmChartContainer - [hivemq-test-hivemq-platform] [hivemq-platform-operator] [22a010b4] 04:04:58.765 [ReconcilerExecutor-hivemq-controller-117] DEBUG c.h.p.o.h.HiveMQPlatformReconcilerErrorHandler - [helmcust] Pod 'test-hivemq-platform-1' phase Running
2025-01-30 04:04:58,769 INFO c.h.h.t.HelmChartContainer - [hivemq-test-hivemq-platform] [hivemq-platform-operator] [22a010b4] 04:04:58.767 [ReconcilerExecutor-hivemq-controller-117] DEBUG c.h.p.o.h.HiveMQPlatformReconcilerErrorHandler - [helmcust] Pod 'test-hivemq-platform-0' phase Running
2025-01-30 04:04:58,769 INFO c.h.h.t.HelmChartContainer - [hivemq-test-hivemq-platform] [hivemq-platform-operator] [22a010b4] 04:04:58.768 [ReconcilerExecutor-hivemq-controller-117] INFO  c.h.p.o.h.HiveMQPlatformReconcilerBaseHandler - [helmcust] HiveMQ Platform is starting, 1 of 2 replicas are ready
2025-01-30 04:04:59,904 INFO c.h.h.t.HelmChartContainer - [test-hivemq-platform] [hivemq] [b79f399d] WARN  - [HiveMQ Platform Operator Init App 1.7.0-SNAPSHOT] Cannot connect to Health API for readiness: null
2025-01-30 04:04:59,996 INFO c.h.h.t.HelmChartContainer - [EVENT] Warning [Unhealthy] Readiness probe failed: HTTP probe failed with statuscode: 503 [helmcustomconfigit:test-hivemq-platform-1]
2025-01-30 04:04:59,996 INFO c.h.h.t.HelmChartContainer - Received Unhealthy event for container hivemq in pod test-hivemq-platform-1 [b79f399d-0465-4a2d-80f8-7844265f9fd3]
2025-01-30 04:05:03,298 INFO c.h.h.t.HelmChartContainer - [test-hivemq-platform] [hivemq] [b79f399d] Jan 30, 2025 4:05:03 AM io.vertx.core.impl.BlockedThreadChecker
2025-01-30 04:05:03,299 INFO c.h.h.t.HelmChartContainer - [test-hivemq-platform] [hivemq] [b79f399d] WARNING: Thread Thread[vert.x-eventloop-thread-1,5,main] has been blocked for 2794 ms, time limit is 2000 ms
2025-01-30 04:05:03,673 INFO c.h.h.t.HelmChartContainer - [test-hivemq-platform] [hivemq] [b79f399d] INFO  - [HiveMQ Platform Operator Init App 1.7.0-SNAPSHOT] Updating Pod HiveMQ Platform Operator Init App version annotation (version: 1.7.0-SNAPSHOT)
2025-01-30 04:05:03,913 INFO c.h.h.t.HelmChartContainer - [test-hivemq-platform] [hivemq] [b566c041] INFO  - [HiveMQ Platform Operator Init App 1.7.0-SNAPSHOT] Returning Health API response 200 for liveness
2025-01-30 04:05:04,183 INFO c.h.h.t.HelmChartContainer - [POD] test-hivemq-platform-1 [b79f399d-0465-4a2d-80f8-7844265f9fd3] in helmcustomconfigit was MODIFIED
2025-01-30 04:05:04,193 INFO c.h.h.t.HelmChartContainer - [hivemq-test-hivemq-platform] [hivemq-platform-operator] [22a010b4] 04:05:04.187 [pool-6-thread-44] DEBUG c.h.p.o.d.PlatformServiceResource - [helmcust] Desired Platform services (3 services)
2025-01-30 04:05:04,193 INFO c.h.h.t.HelmChartContainer - [hivemq-test-hivemq-platform] [hivemq-platform-operator] [22a010b4] 04:05:04.188 [pool-6-thread-46] DEBUG c.h.p.o.dependants.PodInfoConfigMap - [helmcust] Desired PodInfo ConfigMap (1 extensions) (1 enabled)
2025-01-30 04:05:04,193 INFO c.h.h.t.HelmChartContainer - [hivemq-test-hivemq-platform] [hivemq-platform-operator] [22a010b4] 04:05:04.188 [pool-6-thread-46] DEBUG c.h.p.o.dependants.PodInfoConfigMap - [helmcust] Desired PodInfo ConfigMap (metrics port: 9399) (metrics path: /)
2025-01-30 04:05:04,193 INFO c.h.h.t.HelmChartContainer - [hivemq-test-hivemq-platform] [hivemq-platform-operator] [22a010b4] 04:05:04.188 [pool-6-thread-46] DEBUG c.h.p.o.dependants.PodInfoConfigMap - [helmcust] Desired PodInfo ConfigMap (extension state hash: -1817474005)
2025-01-30 04:05:04,197 INFO c.h.h.t.HelmChartContainer - [hivemq-test-hivemq-platform] [hivemq-platform-operator] [22a010b4] 04:05:04.195 [pool-6-thread-45] DEBUG c.h.p.o.d.PodServiceAccountResource - [helmcust] Desired PodServiceAccountResource (serviceAccountName: hivemq-platform-pod-test-hivemq-platform)
2025-01-30 04:05:04,201 INFO c.h.h.t.HelmChartContainer - [test-hivemq-platform] [hivemq] [b79f399d] INFO  - [HiveMQ Platform Operator Init App 1.7.0-SNAPSHOT] Successfully updated Pod HiveMQ Platform Operator Init App version annotation (version: 1.7.0-SNAPSHOT)
2025-01-30 04:05:04,202 INFO c.h.h.t.HelmChartContainer - [test-hivemq-platform] [hivemq] [b79f399d] WARN  - [HiveMQ Platform Operator Init App 1.7.0-SNAPSHOT] Cannot connect to Health API for readiness: null
2025-01-30 04:05:04,208 INFO c.h.h.t.HelmChartContainer - [hivemq-test-hivemq-platform] [hivemq-platform-operator] [22a010b4] 04:05:04.207 [pool-6-thread-46] DEBUG c.h.p.o.d.StatefulSetResource - [helmcust] Desired StatefulSet (2 replicas) for status STARTING (READY)
2025-01-30 04:05:04,213 INFO c.h.h.t.HelmChartContainer - [EVENT] Warning [Unhealthy] Readiness probe failed: HTTP probe failed with statuscode: 503 [helmcustomconfigit:test-hivemq-platform-1]
2025-01-30 04:05:04,213 INFO c.h.h.t.HelmChartContainer - Received Unhealthy event for container hivemq in pod test-hivemq-platform-1 [b79f399d-0465-4a2d-80f8-7844265f9fd3]
2025-01-30 04:05:04,215 INFO c.h.h.t.HelmChartContainer - [hivemq-test-hivemq-platform] [hivemq-platform-operator] [22a010b4] 04:05:04.215 [ReconcilerExecutor-hivemq-controller-118] INFO  c.h.p.o.HiveMQPlatformReconciler - [helmcust] Reconciling HiveMQ Platform 'test-hivemq-platform' in namespace 'helmcustomconfigit'
2025-01-30 04:05:04,215 INFO c.h.h.t.HelmChartContainer - [hivemq-test-hivemq-platform] [hivemq-platform-operator] [22a010b4] 04:05:04.215 [ReconcilerExecutor-hivemq-controller-118] DEBUG c.h.p.o.HiveMQPlatformReconciler - [helmcust] Custom Resource Status STARTING - HiveMQ Platform is starting (READY)
2025-01-30 04:05:04,216 INFO c.h.h.t.HelmChartContainer - [hivemq-test-hivemq-platform] [hivemq-platform-operator] [22a010b4] 04:05:04.215 [ReconcilerExecutor-hivemq-controller-118] DEBUG c.h.p.o.HiveMQPlatformReconciler - [helmcust] Custom Resource Spec (replicas: 2) (extensions: 1)
2025-01-30 04:05:04,263 INFO c.h.h.t.HelmChartContainer - [hivemq-test-hivemq-platform] [hivemq-platform-operator] [22a010b4] 04:05:04.262 [ReconcilerExecutor-hivemq-controller-118] DEBUG c.h.p.o.HiveMQPlatformReconciler - [helmcust] StatefulSet Status (revision: test-hivemq-platform-6b448bcf6f, replicas: 2, available: 1, ready: 1, current: 2, updated: 2)
2025-01-30 04:05:04,263 INFO c.h.h.t.HelmChartContainer - [hivemq-test-hivemq-platform] [hivemq-platform-operator] [22a010b4] 04:05:04.262 [ReconcilerExecutor-hivemq-controller-118] DEBUG c.h.p.o.HiveMQPlatformReconciler - [helmcust] StatefulSet Spec (replicas: 2, init containers: 1, containers: 1, volumes: 3)
2025-01-30 04:05:04,264 INFO c.h.h.t.HelmChartContainer - [hivemq-test-hivemq-platform] [hivemq-platform-operator] [22a010b4] 04:05:04.263 [ReconcilerExecutor-hivemq-controller-118] DEBUG c.h.p.o.h.HiveMQPlatformReconcilerErrorHandler - [helmcust] Pod 'test-hivemq-platform-1' phase Running
2025-01-30 04:05:04,265 INFO c.h.h.t.HelmChartContainer - [hivemq-test-hivemq-platform] [hivemq-platform-operator] [22a010b4] 04:05:04.264 [ReconcilerExecutor-hivemq-controller-118] DEBUG c.h.p.o.h.HiveMQPlatformReconcilerErrorHandler - [helmcust] Pod 'test-hivemq-platform-0' phase Running
2025-01-30 04:05:04,266 INFO c.h.h.t.HelmChartContainer - [hivemq-test-hivemq-platform] [hivemq-platform-operator] [22a010b4] 04:05:04.265 [ReconcilerExecutor-hivemq-controller-118] INFO  c.h.p.o.h.HiveMQPlatformReconcilerBaseHandler - [helmcust] HiveMQ Platform is starting, 1 of 2 replicas are ready
2025-01-30 04:05:09,198 INFO c.h.h.t.HelmChartContainer - [test-hivemq-platform] [hivemq] [b79f399d] WARN  - [HiveMQ Platform Operator Init App 1.7.0-SNAPSHOT] Cannot connect to Health API for readiness: null
2025-01-30 04:05:09,203 INFO c.h.h.t.HelmChartContainer - [EVENT] Warning [Unhealthy] Readiness probe failed: HTTP probe failed with statuscode: 503 [helmcustomconfigit:test-hivemq-platform-1]
2025-01-30 04:05:09,203 INFO c.h.h.t.HelmChartContainer - Received Unhealthy event for container hivemq in pod test-hivemq-platform-1 [b79f399d-0465-4a2d-80f8-7844265f9fd3]
2025-01-30 04:05:14,197 INFO c.h.h.t.HelmChartContainer - [test-hivemq-platform] [hivemq] [b79f399d] WARN  - [HiveMQ Platform Operator Init App 1.7.0-SNAPSHOT] Cannot connect to Health API for readiness: null
2025-01-30 04:05:14,201 INFO c.h.h.t.HelmChartContainer - [EVENT] Warning [Unhealthy] Readiness probe failed: HTTP probe failed with statuscode: 503 [helmcustomconfigit:test-hivemq-platform-1]
2025-01-30 04:05:14,201 INFO c.h.h.t.HelmChartContainer - Received Unhealthy event for container hivemq in pod test-hivemq-platform-1 [b79f399d-0465-4a2d-80f8-7844265f9fd3]
2025-01-30 04:05:14,270 INFO c.h.h.t.HelmChartContainer - [hivemq-test-hivemq-platform] [hivemq-platform-operator] [22a010b4] 04:05:14.269 [pool-6-thread-8] DEBUG c.h.p.o.d.PlatformServiceResource - [helmcust] Desired Platform services (3 services)
2025-01-30 04:05:14,277 INFO c.h.h.t.HelmChartContainer - [hivemq-test-hivemq-platform] [hivemq-platform-operator] [22a010b4] 04:05:14.272 [pool-6-thread-3] DEBUG c.h.p.o.d.PodServiceAccountResource - [helmcust] Desired PodServiceAccountResource (serviceAccountName: hivemq-platform-pod-test-hivemq-platform)
2025-01-30 04:05:14,278 INFO c.h.h.t.HelmChartContainer - [hivemq-test-hivemq-platform] [hivemq-platform-operator] [22a010b4] 04:05:14.276 [pool-6-thread-2] DEBUG c.h.p.o.dependants.PodInfoConfigMap - [helmcust] Desired PodInfo ConfigMap (1 extensions) (1 enabled)
2025-01-30 04:05:14,278 INFO c.h.h.t.HelmChartContainer - [hivemq-test-hivemq-platform] [hivemq-platform-operator] [22a010b4] 04:05:14.277 [pool-6-thread-2] DEBUG c.h.p.o.dependants.PodInfoConfigMap - [helmcust] Desired PodInfo ConfigMap (metrics port: 9399) (metrics path: /)
2025-01-30 04:05:14,278 INFO c.h.h.t.HelmChartContainer - [hivemq-test-hivemq-platform] [hivemq-platform-operator] [22a010b4] 04:05:14.277 [pool-6-thread-2] DEBUG c.h.p.o.dependants.PodInfoConfigMap - [helmcust] Desired PodInfo ConfigMap (extension state hash: -1817474005)
2025-01-30 04:05:14,282 INFO c.h.h.t.HelmChartContainer - [hivemq-test-hivemq-platform] [hivemq-platform-operator] [22a010b4] 04:05:14.281 [pool-6-thread-10] DEBUG c.h.p.o.d.StatefulSetResource - [helmcust] Desired StatefulSet (2 replicas) for status STARTING (READY)
2025-01-30 04:05:14,287 INFO c.h.h.t.HelmChartContainer - [hivemq-test-hivemq-platform] [hivemq-platform-operator] [22a010b4] 04:05:14.286 [ReconcilerExecutor-hivemq-controller-119] INFO  c.h.p.o.HiveMQPlatformReconciler - [helmcust] Reconciling HiveMQ Platform 'test-hivemq-platform' in namespace 'helmcustomconfigit'
2025-01-30 04:05:14,287 INFO c.h.h.t.HelmChartContainer - [hivemq-test-hivemq-platform] [hivemq-platform-operator] [22a010b4] 04:05:14.286 [ReconcilerExecutor-hivemq-controller-119] DEBUG c.h.p.o.HiveMQPlatformReconciler - [helmcust] Custom Resource Status STARTING - HiveMQ Platform is starting (READY)
2025-01-30 04:05:14,287 INFO c.h.h.t.HelmChartContainer - [hivemq-test-hivemq-platform] [hivemq-platform-operator] [22a010b4] 04:05:14.286 [ReconcilerExecutor-hivemq-controller-119] DEBUG c.h.p.o.HiveMQPlatformReconciler - [helmcust] Custom Resource Spec (replicas: 2) (extensions: 1)
2025-01-30 04:05:14,291 INFO c.h.h.t.HelmChartContainer - [hivemq-test-hivemq-platform] [hivemq-platform-operator] [22a010b4] 04:05:14.289 [ReconcilerExecutor-hivemq-controller-119] DEBUG c.h.p.o.HiveMQPlatformReconciler - [helmcust] StatefulSet Status (revision: test-hivemq-platform-6b448bcf6f, replicas: 2, available: 1, ready: 1, current: 2, updated: 2)
2025-01-30 04:05:14,295 INFO c.h.h.t.HelmChartContainer - [hivemq-test-hivemq-platform] [hivemq-platform-operator] [22a010b4] 04:05:14.290 [ReconcilerExecutor-hivemq-controller-119] DEBUG c.h.p.o.HiveMQPlatformReconciler - [helmcust] StatefulSet Spec (replicas: 2, init containers: 1, containers: 1, volumes: 3)
2025-01-30 04:05:14,295 INFO c.h.h.t.HelmChartContainer - [hivemq-test-hivemq-platform] [hivemq-platform-operator] [22a010b4] 04:05:14.291 [ReconcilerExecutor-hivemq-controller-119] DEBUG c.h.p.o.h.HiveMQPlatformReconcilerErrorHandler - [helmcust] Pod 'test-hivemq-platform-1' phase Running
2025-01-30 04:05:14,351 INFO c.h.h.t.HelmChartContainer - [hivemq-test-hivemq-platform] [hivemq-platform-operator] [22a010b4] 04:05:14.350 [ReconcilerExecutor-hivemq-controller-119] DEBUG c.h.p.o.h.HiveMQPlatformReconcilerErrorHandler - [helmcust] Pod 'test-hivemq-platform-0' phase Running
2025-01-30 04:05:14,362 INFO c.h.h.t.HelmChartContainer - [hivemq-test-hivemq-platform] [hivemq-platform-operator] [22a010b4] 04:05:14.361 [ReconcilerExecutor-hivemq-controller-119] INFO  c.h.p.o.h.HiveMQPlatformReconcilerBaseHandler - [helmcust] HiveMQ Platform is starting, 1 of 2 replicas are ready
2025-01-30 04:05:15,275 INFO c.h.h.t.HelmChartContainer - [test-hivemq-platform] [hivemq] [b79f399d] INFO  - No valid license file found. Using trial license, restricted to 25 connections.
2025-01-30 04:05:17,393 INFO c.h.h.t.HelmChartContainer - [test-hivemq-platform] [hivemq] [b79f399d] WARN  - [HiveMQ Platform Operator Init App 1.7.0-SNAPSHOT] Cannot connect to Health API for liveness: null
2025-01-30 04:05:17,393 INFO c.h.h.t.HelmChartContainer - [test-hivemq-platform] [hivemq] [b79f399d] INFO  - [HiveMQ Platform Operator Init App 1.7.0-SNAPSHOT] Returning default Health API response 200 for liveness
2025-01-30 04:05:19,193 INFO c.h.h.t.HelmChartContainer - [test-hivemq-platform] [hivemq] [b79f399d] INFO  - No valid license file for Data Hub found. Using free license, restricted to 1 policy.
2025-01-30 04:05:19,198 INFO c.h.h.t.HelmChartContainer - [test-hivemq-platform] [hivemq] [b79f399d] WARN  - [HiveMQ Platform Operator Init App 1.7.0-SNAPSHOT] Cannot connect to Health API for readiness: null
2025-01-30 04:05:19,201 INFO c.h.h.t.HelmChartContainer - [EVENT] Warning [Unhealthy] Readiness probe failed: HTTP probe failed with statuscode: 503 [helmcustomconfigit:test-hivemq-platform-1]
2025-01-30 04:05:19,201 INFO c.h.h.t.HelmChartContainer - Received Unhealthy event for container hivemq in pod test-hivemq-platform-1 [b79f399d-0465-4a2d-80f8-7844265f9fd3]
2025-01-30 04:05:20,504 INFO c.h.h.t.HelmChartContainer - [test-hivemq-platform] [hivemq] [b79f399d] INFO  - Audit Logger started.
2025-01-30 04:05:20,777 INFO c.h.h.t.HelmChartContainer - [test-hivemq-platform] [hivemq] [b79f399d] INFO  - This node uses '1' CPU cores.
2025-01-30 04:05:20,792 INFO c.h.h.t.HelmChartContainer - [test-hivemq-platform] [hivemq] [b79f399d] INFO  - Starting HiveMQ Health API on address 0.0.0.0 and port 8889
2025-01-30 04:05:21,677 INFO c.h.h.t.HelmChartContainer - [test-hivemq-platform] [hivemq] [b79f399d] INFO  - Started HiveMQ Health API in 885ms
2025-01-30 04:05:22,112 INFO c.h.h.t.HelmChartContainer - [test-hivemq-platform] [hivemq] [b79f399d] INFO  - Starting HiveMQ extension system.
2025-01-30 04:05:22,304 INFO c.h.h.t.HelmChartContainer - [test-hivemq-platform] [hivemq] [b79f399d] INFO  - Starting extension with id "hivemq-dns-cluster-discovery" at /opt/hivemq/extensions/hivemq-dns-cluster-discovery
2025-01-30 04:05:22,773 INFO c.h.h.t.HelmChartContainer - [test-hivemq-platform] [hivemq] [b79f399d] INFO  - Using TCP cluster transport on address 10.42.0.12 and port 7000
2025-01-30 04:05:22,793 INFO c.h.h.t.HelmChartContainer - [test-hivemq-platform] [hivemq] [b79f399d] INFO  - Using extension cluster discovery
2025-01-30 04:05:22,898 INFO c.h.h.t.HelmChartContainer - [test-hivemq-platform] [hivemq] [b79f399d] INFO  - Extension "DNS Cluster Discovery Extension" version 4.3.2 started successfully.
2025-01-30 04:05:22,899 INFO c.h.h.t.HelmChartContainer - [test-hivemq-platform] [hivemq] [b79f399d] INFO  - Starting extension with id "hivemq-prometheus-extension" at /opt/hivemq/extensions/hivemq-prometheus-extension
2025-01-30 04:05:23,795 INFO c.h.h.t.HelmChartContainer - [test-hivemq-platform] [hivemq] [b79f399d] INFO  - Started Jetty Server exposing Prometheus Servlet on URI http://0.0.0.0:9399/
2025-01-30 04:05:23,795 INFO c.h.h.t.HelmChartContainer - [test-hivemq-platform] [hivemq] [b79f399d] INFO  - Extension "Prometheus Monitoring Extension" version 4.0.12 started successfully.
2025-01-30 04:05:23,795 INFO c.h.h.t.HelmChartContainer - [test-hivemq-platform] [hivemq] [b79f399d] INFO  - Starting extension with id "hivemq-allow-all-extension" at /opt/hivemq/extensions/hivemq-allow-all-extension
2025-01-30 04:05:23,795 INFO c.h.h.t.HelmChartContainer - [test-hivemq-platform] [hivemq] [b79f399d] WARN  - 
2025-01-30 04:05:23,795 INFO c.h.h.t.HelmChartContainer - [test-hivemq-platform] [hivemq] [b79f399d] ################################################################################################################
2025-01-30 04:05:23,795 INFO c.h.h.t.HelmChartContainer - [test-hivemq-platform] [hivemq] [b79f399d] # This HiveMQ deployment is not secure! You are lacking Authentication and Authorization.                      #
2025-01-30 04:05:23,795 INFO c.h.h.t.HelmChartContainer - [test-hivemq-platform] [hivemq] [b79f399d] # Right now any MQTT client can connect to the broker with a full set of permissions.                          #
2025-01-30 04:05:23,795 INFO c.h.h.t.HelmChartContainer - [test-hivemq-platform] [hivemq] [b79f399d] # For production usage, add an appropriate security extension and remove the hivemq-allow-all extension.       #
2025-01-30 04:05:23,795 INFO c.h.h.t.HelmChartContainer - [test-hivemq-platform] [hivemq] [b79f399d] # You can download security extensions from the HiveMQ Marketplace (https://www.hivemq.com/extensions/).       #
2025-01-30 04:05:23,795 INFO c.h.h.t.HelmChartContainer - [test-hivemq-platform] [hivemq] [b79f399d] ################################################################################################################
2025-01-30 04:05:23,797 INFO c.h.h.t.HelmChartContainer - [test-hivemq-platform] [hivemq] [b79f399d] INFO  - Extension "Allow All Extension" version 1.1.1 started successfully.
2025-01-30 04:05:23,914 INFO c.h.h.t.HelmChartContainer - [test-hivemq-platform] [hivemq] [b566c041] INFO  - Cluster nodes found by discovery: [4yfc9|1] (2) [4yfc9, kEjo7].
2025-01-30 04:05:23,993 INFO c.h.h.t.HelmChartContainer - [test-hivemq-platform] [hivemq] [b79f399d] INFO  - Cluster nodes found by discovery: [4yfc9|1] (2) [4yfc9, kEjo7].
2025-01-30 04:05:24,103 INFO c.h.h.t.HelmChartContainer - [test-hivemq-platform] [hivemq] [b79f399d] INFO  - Cluster size = 1, members : [4yfc9].
2025-01-30 04:05:24,369 INFO c.h.h.t.HelmChartContainer - [hivemq-test-hivemq-platform] [hivemq-platform-operator] [22a010b4] 04:05:24.365 [pool-6-thread-20] DEBUG c.h.p.o.d.PlatformServiceResource - [helmcust] Desired Platform services (3 services)
2025-01-30 04:05:24,369 INFO c.h.h.t.HelmChartContainer - [hivemq-test-hivemq-platform] [hivemq-platform-operator] [22a010b4] 04:05:24.367 [pool-6-thread-11] DEBUG c.h.p.o.dependants.PodInfoConfigMap - [helmcust] Desired PodInfo ConfigMap (1 extensions) (1 enabled)
2025-01-30 04:05:24,369 INFO c.h.h.t.HelmChartContainer - [hivemq-test-hivemq-platform] [hivemq-platform-operator] [22a010b4] 04:05:24.367 [pool-6-thread-11] DEBUG c.h.p.o.dependants.PodInfoConfigMap - [helmcust] Desired PodInfo ConfigMap (metrics port: 9399) (metrics path: /)
2025-01-30 04:05:24,369 INFO c.h.h.t.HelmChartContainer - [hivemq-test-hivemq-platform] [hivemq-platform-operator] [22a010b4] 04:05:24.367 [pool-6-thread-11] DEBUG c.h.p.o.dependants.PodInfoConfigMap - [helmcust] Desired PodInfo ConfigMap (extension state hash: -1817474005)
2025-01-30 04:05:24,370 INFO c.h.h.t.HelmChartContainer - [hivemq-test-hivemq-platform] [hivemq-platform-operator] [22a010b4] 04:05:24.369 [pool-6-thread-15] DEBUG c.h.p.o.d.PodServiceAccountResource - [helmcust] Desired PodServiceAccountResource (serviceAccountName: hivemq-platform-pod-test-hivemq-platform)
2025-01-30 04:05:24,377 INFO c.h.h.t.HelmChartContainer - [hivemq-test-hivemq-platform] [hivemq-platform-operator] [22a010b4] 04:05:24.375 [pool-6-thread-11] DEBUG c.h.p.o.d.StatefulSetResource - [helmcust] Desired StatefulSet (2 replicas) for status STARTING (READY)
2025-01-30 04:05:24,382 INFO c.h.h.t.HelmChartContainer - [hivemq-test-hivemq-platform] [hivemq-platform-operator] [22a010b4] 04:05:24.380 [ReconcilerExecutor-hivemq-controller-120] INFO  c.h.p.o.HiveMQPlatformReconciler - [helmcust] Reconciling HiveMQ Platform 'test-hivemq-platform' in namespace 'helmcustomconfigit'
2025-01-30 04:05:24,382 INFO c.h.h.t.HelmChartContainer - [hivemq-test-hivemq-platform] [hivemq-platform-operator] [22a010b4] 04:05:24.380 [ReconcilerExecutor-hivemq-controller-120] DEBUG c.h.p.o.HiveMQPlatformReconciler - [helmcust] Custom Resource Status STARTING - HiveMQ Platform is starting (READY)
2025-01-30 04:05:24,382 INFO c.h.h.t.HelmChartContainer - [hivemq-test-hivemq-platform] [hivemq-platform-operator] [22a010b4] 04:05:24.380 [ReconcilerExecutor-hivemq-controller-120] DEBUG c.h.p.o.HiveMQPlatformReconciler - [helmcust] Custom Resource Spec (replicas: 2) (extensions: 1)
2025-01-30 04:05:24,383 INFO c.h.h.t.HelmChartContainer - [hivemq-test-hivemq-platform] [hivemq-platform-operator] [22a010b4] 04:05:24.381 [ReconcilerExecutor-hivemq-controller-120] DEBUG c.h.p.o.HiveMQPlatformReconciler - [helmcust] StatefulSet Status (revision: test-hivemq-platform-6b448bcf6f, replicas: 2, available: 1, ready: 1, current: 2, updated: 2)
2025-01-30 04:05:24,384 INFO c.h.h.t.HelmChartContainer - [hivemq-test-hivemq-platform] [hivemq-platform-operator] [22a010b4] 04:05:24.381 [ReconcilerExecutor-hivemq-controller-120] DEBUG c.h.p.o.HiveMQPlatformReconciler - [helmcust] StatefulSet Spec (replicas: 2, init containers: 1, containers: 1, volumes: 3)
2025-01-30 04:05:24,465 INFO c.h.h.t.HelmChartContainer - [hivemq-test-hivemq-platform] [hivemq-platform-operator] [22a010b4] 04:05:24.463 [ReconcilerExecutor-hivemq-controller-120] DEBUG c.h.p.o.h.HiveMQPlatformReconcilerErrorHandler - [helmcust] Pod 'test-hivemq-platform-1' phase Running
2025-01-30 04:05:24,467 INFO c.h.h.t.HelmChartContainer - [hivemq-test-hivemq-platform] [hivemq-platform-operator] [22a010b4] 04:05:24.465 [ReconcilerExecutor-hivemq-controller-120] DEBUG c.h.p.o.h.HiveMQPlatformReconcilerErrorHandler - [helmcust] Pod 'test-hivemq-platform-0' phase Running
2025-01-30 04:05:24,467 INFO c.h.h.t.HelmChartContainer - [hivemq-test-hivemq-platform] [hivemq-platform-operator] [22a010b4] 04:05:24.465 [ReconcilerExecutor-hivemq-controller-120] INFO  c.h.p.o.h.HiveMQPlatformReconcilerBaseHandler - [helmcust] HiveMQ Platform is starting, 1 of 2 replicas are ready
2025-01-30 04:05:24,873 INFO c.h.h.t.HelmChartContainer - [test-hivemq-platform] [hivemq] [b79f399d] INFO  - Starting cluster join process. This may take a while. Please do not shut down HiveMQ.
2025-01-30 04:05:24,891 INFO c.h.h.t.HelmChartContainer - [test-hivemq-platform] [hivemq] [b79f399d] INFO  - Cluster join process is still ongoing. Please do not shut down HiveMQ.
2025-01-30 04:05:25,100 INFO c.h.h.t.HelmChartContainer - [test-hivemq-platform] [hivemq] [b79f399d] INFO  - [HiveMQ Platform Operator Init App 1.7.0-SNAPSHOT] Returning Health API response 503 for readiness
2025-01-30 04:05:25,107 INFO c.h.h.t.HelmChartContainer - [EVENT] Warning [Unhealthy] Readiness probe failed: HTTP probe failed with statuscode: 503 [helmcustomconfigit:test-hivemq-platform-1]
2025-01-30 04:05:25,107 INFO c.h.h.t.HelmChartContainer - Received Unhealthy event for container hivemq in pod test-hivemq-platform-1 [b79f399d-0465-4a2d-80f8-7844265f9fd3]
2025-01-30 04:05:26,883 INFO c.h.h.t.HelmChartContainer - [test-hivemq-platform] [hivemq] [b566c041] INFO  - Cluster size = 2, members : [4yfc9, kEjo7].
2025-01-30 04:05:26,891 INFO c.h.h.t.HelmChartContainer - [test-hivemq-platform] [hivemq] [b79f399d] INFO  - Cluster size = 2, members : [4yfc9, kEjo7].
2025-01-30 04:05:26,897 INFO c.h.h.t.HelmChartContainer - [test-hivemq-platform] [hivemq] [b79f399d] INFO  - Finished cluster join process successfully.
2025-01-30 04:05:26,898 INFO c.h.h.t.HelmChartContainer - [test-hivemq-platform] [hivemq] [b79f399d] WARN  - No user for HiveMQ Control Center configured. Starting with default user
2025-01-30 04:05:26,901 INFO c.h.h.t.HelmChartContainer - [test-hivemq-platform] [hivemq] [b79f399d] INFO  - Starting HiveMQ Control Center on address 0.0.0.0 and port 8080
2025-01-30 04:05:26,907 INFO c.h.h.t.HelmChartContainer - [test-hivemq-platform] [hivemq] [b79f399d] INFO  - Mounting HiveMQ Control Center V2 Preview
2025-01-30 04:05:27,583 INFO c.h.h.t.HelmChartContainer - [test-hivemq-platform] [hivemq] [b79f399d] INFO  - Started HiveMQ Control Center in 685ms
2025-01-30 04:05:27,674 INFO c.h.h.t.HelmChartContainer - [test-hivemq-platform] [hivemq] [b79f399d] INFO  - Starting TCP listener on address 0.0.0.0 and port 1883
2025-01-30 04:05:27,691 INFO c.h.h.t.HelmChartContainer - [test-hivemq-platform] [hivemq] [b79f399d] INFO  - Started TCP Listener on address 0.0.0.0 and on port 1883.
2025-01-30 04:05:27,691 INFO c.h.h.t.HelmChartContainer - [test-hivemq-platform] [hivemq] [b79f399d] INFO  - Started HiveMQ in 32098ms
2025-01-30 04:05:29,188 INFO c.h.h.t.HelmChartContainer - [test-hivemq-platform] [hivemq] [b79f399d] INFO  - [HiveMQ Platform Operator Init App 1.7.0-SNAPSHOT] Returning Health API response 200 for readiness
2025-01-30 04:05:29,200 INFO c.h.h.t.HelmChartContainer - [POD] test-hivemq-platform-1 [b79f399d-0465-4a2d-80f8-7844265f9fd3] in helmcustomconfigit was MODIFIED
2025-01-30 04:05:29,213 INFO c.h.h.t.HelmChartContainer - [hivemq-test-hivemq-platform] [hivemq-platform-operator] [22a010b4] 04:05:29.205 [pool-6-thread-23] DEBUG c.h.p.o.d.PlatformServiceResource - [helmcust] Desired Platform services (3 services)
2025-01-30 04:05:29,213 INFO c.h.h.t.HelmChartContainer - [hivemq-test-hivemq-platform] [hivemq-platform-operator] [22a010b4] 04:05:29.205 [pool-6-thread-25] DEBUG c.h.p.o.dependants.PodInfoConfigMap - [helmcust] Desired PodInfo ConfigMap (1 extensions) (1 enabled)
2025-01-30 04:05:29,213 INFO c.h.h.t.HelmChartContainer - [hivemq-test-hivemq-platform] [hivemq-platform-operator] [22a010b4] 04:05:29.205 [pool-6-thread-25] DEBUG c.h.p.o.dependants.PodInfoConfigMap - [helmcust] Desired PodInfo ConfigMap (metrics port: 9399) (metrics path: /)
2025-01-30 04:05:29,213 INFO c.h.h.t.HelmChartContainer - [hivemq-test-hivemq-platform] [hivemq-platform-operator] [22a010b4] 04:05:29.205 [pool-6-thread-25] DEBUG c.h.p.o.dependants.PodInfoConfigMap - [helmcust] Desired PodInfo ConfigMap (extension state hash: -1817474005)
2025-01-30 04:05:29,213 INFO c.h.h.t.HelmChartContainer - [hivemq-test-hivemq-platform] [hivemq-platform-operator] [22a010b4] 04:05:29.207 [pool-6-thread-25] DEBUG c.h.p.o.d.PodServiceAccountResource - [helmcust] Desired PodServiceAccountResource (serviceAccountName: hivemq-platform-pod-test-hivemq-platform)
2025-01-30 04:05:29,214 INFO c.h.h.t.HelmChartContainer - [hivemq-test-hivemq-platform] [hivemq-platform-operator] [22a010b4] 04:05:29.212 [pool-6-thread-23] DEBUG c.h.p.o.d.StatefulSetResource - [helmcust] Desired StatefulSet (2 replicas) for status STARTING (READY)
2025-01-30 04:05:29,221 INFO c.h.h.t.HelmChartContainer - [hivemq-test-hivemq-platform] [hivemq-platform-operator] [22a010b4] 04:05:29.220 [ReconcilerExecutor-hivemq-controller-121] INFO  c.h.p.o.HiveMQPlatformReconciler - [helmcust] Reconciling HiveMQ Platform 'test-hivemq-platform' in namespace 'helmcustomconfigit'
2025-01-30 04:05:29,222 INFO c.h.h.t.HelmChartContainer - [hivemq-test-hivemq-platform] [hivemq-platform-operator] [22a010b4] 04:05:29.220 [ReconcilerExecutor-hivemq-controller-121] DEBUG c.h.p.o.HiveMQPlatformReconciler - [helmcust] Custom Resource Status STARTING - HiveMQ Platform is starting (READY)
2025-01-30 04:05:29,224 INFO c.h.h.t.HelmChartContainer - [hivemq-test-hivemq-platform] [hivemq-platform-operator] [22a010b4] 04:05:29.221 [ReconcilerExecutor-hivemq-controller-121] DEBUG c.h.p.o.HiveMQPlatformReconciler - [helmcust] Custom Resource Spec (replicas: 2) (extensions: 1)
2025-01-30 04:05:29,226 INFO c.h.h.t.HelmChartContainer - [hivemq-test-hivemq-platform] [hivemq-platform-operator] [22a010b4] 04:05:29.223 [ReconcilerExecutor-hivemq-controller-121] DEBUG c.h.p.o.HiveMQPlatformReconciler - [helmcust] StatefulSet Status (revision: test-hivemq-platform-6b448bcf6f, replicas: 2, available: 2, ready: 2, current: 2, updated: 2)
2025-01-30 04:05:29,226 INFO c.h.h.t.HelmChartContainer - [hivemq-test-hivemq-platform] [hivemq-platform-operator] [22a010b4] 04:05:29.223 [ReconcilerExecutor-hivemq-controller-121] DEBUG c.h.p.o.HiveMQPlatformReconciler - [helmcust] StatefulSet Spec (replicas: 2, init containers: 1, containers: 1, volumes: 3)
2025-01-30 04:05:29,226 INFO c.h.h.t.HelmChartContainer - [hivemq-test-hivemq-platform] [hivemq-platform-operator] [22a010b4] 04:05:29.224 [ReconcilerExecutor-hivemq-controller-121] DEBUG c.h.p.o.h.HiveMQPlatformReconcilerErrorHandler - [helmcust] Pod 'test-hivemq-platform-1' phase Running
2025-01-30 04:05:29,227 INFO c.h.h.t.HelmChartContainer - [hivemq-test-hivemq-platform] [hivemq-platform-operator] [22a010b4] 04:05:29.226 [ReconcilerExecutor-hivemq-controller-121] DEBUG c.h.p.o.h.HiveMQPlatformReconcilerErrorHandler - [helmcust] Pod 'test-hivemq-platform-0' phase Running
2025-01-30 04:05:29,228 INFO c.h.h.t.HelmChartContainer - [hivemq-test-hivemq-platform] [hivemq-platform-operator] [22a010b4] 04:05:29.227 [ReconcilerExecutor-hivemq-controller-121] INFO  c.h.p.o.h.HiveMQPlatformReconcilerBaseHandler - [helmcust] HiveMQ Platform started successfully
2025-01-30 04:05:29,366 INFO c.h.h.t.HelmChartContainer - [hivemq-test-hivemq-platform] [hivemq-platform-operator] [22a010b4] 04:05:29.365 [ReconcilerExecutor-hivemq-controller-121] DEBUG c.h.p.operator.event.EventSender - [helmcust] Creating K8s event hivemq-platform-ready: [Ready] HiveMQ Platform is ready
2025-01-30 04:05:29,369 INFO c.h.h.t.HelmChartContainer - [EVENT] Normal [Ready] HiveMQ Platform is ready [helmcustomconfigit:test-hivemq-platform]
2025-01-30 04:05:29,370 INFO c.h.h.t.HelmChartContainer - [hivemq-test-hivemq-platform] [hivemq-platform-operator] [22a010b4] 04:05:29.369 [ReconcilerExecutor-hivemq-controller-121] INFO  c.h.p.o.h.AbstractHiveMQReconcilerStateHandler - [helmcust] Update HiveMQ Platform Status (STARTING [READY] -> RUNNING [READY]): HiveMQ Platform is ready
2025-01-30 04:05:29,378 DEBUG com.hivemq.helmcharts.util.K8sUtil - Comparing actual state 'RUNNING' and waiting for 'RUNNING'
2025-01-30 04:05:29,385 INFO c.h.h.t.HelmChartContainer - [hivemq-test-hivemq-platform] [hivemq-platform-operator] [22a010b4] 04:05:29.382 [pool-6-thread-35] DEBUG c.h.p.o.d.PodServiceAccountResource - [helmcust] Desired PodServiceAccountResource (serviceAccountName: hivemq-platform-pod-test-hivemq-platform)
2025-01-30 04:05:29,386 INFO c.h.h.t.HelmChartContainer - [hivemq-test-hivemq-platform] [hivemq-platform-operator] [22a010b4] 04:05:29.381 [pool-6-thread-38] DEBUG c.h.p.o.d.PlatformServiceResource - [helmcust] Desired Platform services (3 services)
2025-01-30 04:05:29,387 INFO c.h.h.t.HelmChartContainer - [hivemq-test-hivemq-platform] [hivemq-platform-operator] [22a010b4] 04:05:29.386 [pool-6-thread-34] DEBUG c.h.p.o.dependants.PodInfoConfigMap - [helmcust] Desired PodInfo ConfigMap (1 extensions) (1 enabled)
2025-01-30 04:05:29,387 INFO c.h.h.t.HelmChartContainer - [hivemq-test-hivemq-platform] [hivemq-platform-operator] [22a010b4] 04:05:29.386 [pool-6-thread-34] DEBUG c.h.p.o.dependants.PodInfoConfigMap - [helmcust] Desired PodInfo ConfigMap (metrics port: 9399) (metrics path: /)
2025-01-30 04:05:29,387 INFO c.h.h.t.HelmChartContainer - [hivemq-test-hivemq-platform] [hivemq-platform-operator] [22a010b4] 04:05:29.386 [pool-6-thread-34] DEBUG c.h.p.o.dependants.PodInfoConfigMap - [helmcust] Desired PodInfo ConfigMap (extension state hash: -1817474005)
2025-01-30 04:05:29,388 INFO c.h.h.t.HelmChartContainer - [hivemq-test-hivemq-platform] [hivemq-platform-operator] [22a010b4] 04:05:29.388 [pool-6-thread-34] DEBUG c.h.p.o.dependants.PodInfoConfigMap - [helmcust] Update PodInfo ConfigMap
2025-01-30 04:05:29,411 INFO c.h.h.t.HelmChartContainer - Uninstalling release 'test-hivemq-platform' in namespace 'helmcustomconfigit'...
2025-01-30 04:05:29,411 DEBUG c.h.h.t.HelmChartContainer - Executing helm command: /bin/helm --kubeconfig /etc/rancher/k3s/k3s.yaml uninstall test-hivemq-platform  --wait --timeout 5m0s --cascade foreground --namespace helmcustomconfigit
2025-01-30 04:05:29,470 INFO c.h.h.t.HelmChartContainer - [hivemq-test-hivemq-platform] [hivemq-platform-operator] [22a010b4] 04:05:29.468 [pool-6-thread-34] DEBUG c.h.p.o.d.StatefulSetResource - [helmcust] Desired StatefulSet (2 replicas) for status RUNNING (READY)
2025-01-30 04:05:29,476 INFO c.h.h.t.HelmChartContainer - [hivemq-test-hivemq-platform] [hivemq-platform-operator] [22a010b4] 04:05:29.473 [ReconcilerExecutor-hivemq-controller-122] INFO  c.h.p.o.HiveMQPlatformReconciler - [helmcust] Reconciling HiveMQ Platform 'test-hivemq-platform' in namespace 'helmcustomconfigit'
2025-01-30 04:05:29,477 INFO c.h.h.t.HelmChartContainer - [hivemq-test-hivemq-platform] [hivemq-platform-operator] [22a010b4] 04:05:29.473 [ReconcilerExecutor-hivemq-controller-122] DEBUG c.h.p.o.HiveMQPlatformReconciler - [helmcust] Custom Resource Status RUNNING - HiveMQ Platform is ready (READY)
2025-01-30 04:05:29,477 INFO c.h.h.t.HelmChartContainer - [hivemq-test-hivemq-platform] [hivemq-platform-operator] [22a010b4] 04:05:29.473 [ReconcilerExecutor-hivemq-controller-122] DEBUG c.h.p.o.HiveMQPlatformReconciler - [helmcust] Custom Resource Spec (replicas: 2) (extensions: 1)
2025-01-30 04:05:29,478 INFO c.h.h.t.HelmChartContainer - [hivemq-test-hivemq-platform] [hivemq-platform-operator] [22a010b4] 04:05:29.476 [ReconcilerExecutor-hivemq-controller-122] DEBUG c.h.p.o.HiveMQPlatformReconciler - [helmcust] StatefulSet Status (revision: test-hivemq-platform-6b448bcf6f, replicas: 2, available: 2, ready: 2, current: 2, updated: 2)
2025-01-30 04:05:29,478 INFO c.h.h.t.HelmChartContainer - [hivemq-test-hivemq-platform] [hivemq-platform-operator] [22a010b4] 04:05:29.477 [ReconcilerExecutor-hivemq-controller-122] DEBUG c.h.p.o.HiveMQPlatformReconciler - [helmcust] StatefulSet Spec (replicas: 2, init containers: 1, containers: 1, volumes: 3)
2025-01-30 04:05:29,481 INFO c.h.h.t.HelmChartContainer - [hivemq-test-hivemq-platform] [hivemq-platform-operator] [22a010b4] 04:05:29.479 [ReconcilerExecutor-hivemq-controller-122] DEBUG c.h.p.o.h.HiveMQPlatformReconcilerErrorHandler - [helmcust] Pod 'test-hivemq-platform-1' phase Running
2025-01-30 04:05:29,481 INFO c.h.h.t.HelmChartContainer - [hivemq-test-hivemq-platform] [hivemq-platform-operator] [22a010b4] 04:05:29.480 [ReconcilerExecutor-hivemq-controller-122] DEBUG c.h.p.o.h.HiveMQPlatformReconcilerErrorHandler - [helmcust] Pod 'test-hivemq-platform-0' phase Running
2025-01-30 04:05:29,626 INFO c.h.h.t.HelmChartContainer - [hivemq-test-hivemq-platform] [hivemq-platform-operator] [22a010b4] 04:05:29.612 [pool-6-thread-47] DEBUG c.h.p.o.dependants.PodInfoConfigMap - [helmcust] Desired PodInfo ConfigMap (1 extensions) (1 enabled)
2025-01-30 04:05:29,626 INFO c.h.h.t.HelmChartContainer - [hivemq-test-hivemq-platform] [hivemq-platform-operator] [22a010b4] 04:05:29.612 [pool-6-thread-47] DEBUG c.h.p.o.dependants.PodInfoConfigMap - [helmcust] Desired PodInfo ConfigMap (metrics port: 9399) (metrics path: /)
2025-01-30 04:05:29,626 INFO c.h.h.t.HelmChartContainer - [hivemq-test-hivemq-platform] [hivemq-platform-operator] [22a010b4] 04:05:29.612 [pool-6-thread-47] DEBUG c.h.p.o.dependants.PodInfoConfigMap - [helmcust] Desired PodInfo ConfigMap (extension state hash: -1817474005)
2025-01-30 04:05:29,626 INFO c.h.h.t.HelmChartContainer - [hivemq-test-hivemq-platform] [hivemq-platform-operator] [22a010b4] 04:05:29.613 [pool-6-thread-48] DEBUG c.h.p.o.d.PodServiceAccountResource - [helmcust] Desired PodServiceAccountResource (serviceAccountName: hivemq-platform-pod-test-hivemq-platform)
2025-01-30 04:05:29,626 INFO c.h.h.t.HelmChartContainer - [hivemq-test-hivemq-platform] [hivemq-platform-operator] [22a010b4] 04:05:29.611 [pool-6-thread-44] DEBUG c.h.p.o.d.PlatformServiceResource - [helmcust] Desired Platform services (3 services)
2025-01-30 04:05:29,626 INFO c.h.h.t.HelmChartContainer - [hivemq-test-hivemq-platform] [hivemq-platform-operator] [22a010b4] 04:05:29.619 [pool-6-thread-44] DEBUG c.h.p.o.d.StatefulSetResource - [helmcust] Desired StatefulSet (2 replicas) for status RUNNING (READY)
2025-01-30 04:05:29,668 INFO c.h.h.t.HelmChartContainer - [hivemq-test-hivemq-platform] [hivemq-platform-operator] [22a010b4] 04:05:29.664 [ReconcilerExecutor-hivemq-controller-123] INFO  c.h.p.o.HiveMQPlatformReconciler - [helmcust] Reconciling HiveMQ Platform 'test-hivemq-platform' in namespace 'helmcustomconfigit'
2025-01-30 04:05:29,668 INFO c.h.h.t.HelmChartContainer - [hivemq-test-hivemq-platform] [hivemq-platform-operator] [22a010b4] 04:05:29.665 [ReconcilerExecutor-hivemq-controller-123] DEBUG c.h.p.o.HiveMQPlatformReconciler - [helmcust] Custom Resource Status RUNNING - HiveMQ Platform is ready (READY)
2025-01-30 04:05:29,668 INFO c.h.h.t.HelmChartContainer - [hivemq-test-hivemq-platform] [hivemq-platform-operator] [22a010b4] 04:05:29.665 [ReconcilerExecutor-hivemq-controller-123] DEBUG c.h.p.o.HiveMQPlatformReconciler - [helmcust] Custom Resource Spec (replicas: 2) (extensions: 1)
2025-01-30 04:05:29,668 INFO c.h.h.t.HelmChartContainer - [hivemq-test-hivemq-platform] [hivemq-platform-operator] [22a010b4] 04:05:29.667 [ReconcilerExecutor-hivemq-controller-123] DEBUG c.h.p.o.HiveMQPlatformReconciler - [helmcust] StatefulSet Status (revision: test-hivemq-platform-6b448bcf6f, replicas: 2, available: 2, ready: 2, current: 2, updated: 2)
2025-01-30 04:05:29,668 INFO c.h.h.t.HelmChartContainer - [hivemq-test-hivemq-platform] [hivemq-platform-operator] [22a010b4] 04:05:29.667 [ReconcilerExecutor-hivemq-controller-123] DEBUG c.h.p.o.HiveMQPlatformReconciler - [helmcust] StatefulSet Spec (replicas: 2, init containers: 1, containers: 1, volumes: 3)
2025-01-30 04:05:29,674 INFO c.h.h.t.HelmChartContainer - [hivemq-test-hivemq-platform] [hivemq-platform-operator] [22a010b4] 04:05:29.672 [ReconcilerExecutor-hivemq-controller-123] DEBUG c.h.p.o.h.HiveMQPlatformReconcilerErrorHandler - [helmcust] Pod 'test-hivemq-platform-1' phase Running
2025-01-30 04:05:29,674 INFO c.h.h.t.HelmChartContainer - [hivemq-test-hivemq-platform] [hivemq-platform-operator] [22a010b4] 04:05:29.673 [ReconcilerExecutor-hivemq-controller-123] DEBUG c.h.p.o.h.HiveMQPlatformReconcilerErrorHandler - [helmcust] Pod 'test-hivemq-platform-0' phase Running
2025-01-30 04:05:29,674 INFO c.h.h.t.HelmChartContainer - [hivemq-test-hivemq-platform] [hivemq-platform-operator] [22a010b4] 04:05:29.673 [ReconcilerExecutor-hivemq-controller-123] DEBUG c.h.p.o.HiveMQPlatformReconciler - [helmcust] PodInfoConfigMap is not ready yet
2025-01-30 04:05:29,712 INFO c.h.h.t.HelmChartContainer - [test-hivemq-platform] [hivemq] [b79f399d] WARN  - [HiveMQ Platform Operator Init App 1.7.0-SNAPSHOT] Could not update Pod annotations: Failure executing: GET at: https://10.43.0.1:443/api/v1/namespaces/helmcustomconfigit/pods/test-hivemq-platform-1. Message: pods "test-hivemq-platform-1" is forbidden: User "system:serviceaccount:helmcustomconfigit:hivemq-platform-pod-test-hivemq-platform" cannot get resource "pods" in API group "" in the namespace "helmcustomconfigit". Received status: Status(apiVersion=v1, code=403, details=StatusDetails(causes=[], group=null, kind=pods, name=test-hivemq-platform-1, retryAfterSeconds=null, uid=null, additionalProperties={}), kind=Status, message=pods "test-hivemq-platform-1" is forbidden: User "system:serviceaccount:helmcustomconfigit:hivemq-platform-pod-test-hivemq-platform" cannot get resource "pods" in API group "" in the namespace "helmcustomconfigit", metadata=ListMeta(_continue=null, remainingItemCount=null, resourceVersion=null, selfLink=null, additionalProperties={}), reason=Forbidden, status=Failure, additionalProperties={}).
2025-01-30 04:05:29,765 INFO c.h.h.t.HelmChartContainer - [hivemq-test-hivemq-platform] [hivemq-platform-operator] [22a010b4] 04:05:29.762 [ReconcilerExecutor-hivemq-controller-131] INFO  c.h.p.o.HiveMQPlatformReconciler - [helmcust] Cleanup test-hivemq-platform - helmcustomconfigit HiveMQ Platform is shut down
2025-01-30 04:05:30,495 INFO c.h.h.t.HelmChartContainer - [POD] test-hivemq-platform-0 [b566c041-5e1b-493d-9f9c-5dee9021b3b0] in helmcustomconfigit was MODIFIED
2025-01-30 04:05:30,506 INFO c.h.h.t.HelmChartContainer - [EVENT] Normal [Killing] Stopping container hivemq [helmcustomconfigit:test-hivemq-platform-0]
2025-01-30 04:05:30,506 INFO c.h.h.t.HelmChartContainer - [test-hivemq-platform] [hivemq] [b566c041] INFO  - [HiveMQ Platform Operator Init App 1.7.0-SNAPSHOT] Shutting down
2025-01-30 04:05:30,506 INFO c.h.h.t.HelmChartContainer - Received Killing event for container hivemq in pod test-hivemq-platform-0 [b566c041-5e1b-493d-9f9c-5dee9021b3b0]
2025-01-30 04:05:30,506 INFO c.h.h.t.HelmChartContainer - [test-hivemq-platform] [hivemq] [b566c041] INFO  - [HiveMQ Platform Operator Init App 1.7.0-SNAPSHOT] Stopping the HiveMQ Platform
2025-01-30 04:05:30,506 INFO c.h.h.t.HelmChartContainer - Container [test-hivemq-platform-0] [hivemq] [b566c041-5e1b-493d-9f9c-5dee9021b3b0] was terminated
2025-01-30 04:05:30,506 INFO c.h.h.t.HelmChartContainer - Stopped log watcher for hivemq in pod test-hivemq-platform-0 [b566c041-5e1b-493d-9f9c-5dee9021b3b0]
2025-01-30 04:05:30,530 INFO c.h.h.t.HelmChartContainer - [POD] test-hivemq-platform-1 [b79f399d-0465-4a2d-80f8-7844265f9fd3] in helmcustomconfigit was MODIFIED
2025-01-30 04:05:30,536 INFO c.h.h.t.HelmChartContainer - [EVENT] Normal [Killing] Stopping container hivemq [helmcustomconfigit:test-hivemq-platform-1]
2025-01-30 04:05:30,536 INFO c.h.h.t.HelmChartContainer - Received Killing event for container hivemq in pod test-hivemq-platform-1 [b79f399d-0465-4a2d-80f8-7844265f9fd3]
2025-01-30 04:05:30,536 INFO c.h.h.t.HelmChartContainer - Container [test-hivemq-platform-1] [hivemq] [b79f399d-0465-4a2d-80f8-7844265f9fd3] was terminated
2025-01-30 04:05:30,536 INFO c.h.h.t.HelmChartContainer - Stopped log watcher for hivemq in pod test-hivemq-platform-1 [b79f399d-0465-4a2d-80f8-7844265f9fd3]
2025-01-30 04:05:30,540 INFO c.h.h.t.HelmChartContainer - [test-hivemq-platform] [hivemq] [b79f399d] INFO  - [HiveMQ Platform Operator Init App 1.7.0-SNAPSHOT] Shutting down
2025-01-30 04:05:30,541 INFO c.h.h.t.HelmChartContainer - [test-hivemq-platform] [hivemq] [b79f399d] INFO  - [HiveMQ Platform Operator Init App 1.7.0-SNAPSHOT] Stopping the HiveMQ Platform
2025-01-30 04:05:30,612 INFO c.h.h.t.HelmChartContainer - [test-hivemq-platform] [hivemq] [b79f399d] INFO  - Shutting down HiveMQ. Please wait, this could take a while...
2025-01-30 04:05:30,655 INFO c.h.h.t.HelmChartContainer - [test-hivemq-platform] [hivemq] [b566c041] INFO  - Shutting down HiveMQ. Please wait, this could take a while...
2025-01-30 04:05:30,659 INFO c.h.h.t.HelmChartContainer - [test-hivemq-platform] [hivemq] [b566c041] INFO  - Shutting down listeners and clients
2025-01-30 04:05:30,661 INFO c.h.h.t.HelmChartContainer - [test-hivemq-platform] [hivemq] [b566c041] INFO  - Shutdown of listeners is done
2025-01-30 04:05:30,661 INFO c.h.h.t.HelmChartContainer - [test-hivemq-platform] [hivemq] [b566c041] INFO  - No clients are connected, proceeding with shutdown
2025-01-30 04:05:30,694 INFO c.h.h.t.HelmChartContainer - [test-hivemq-platform] [hivemq] [b79f399d] INFO  - Shutting down listeners and clients
2025-01-30 04:05:30,695 INFO c.h.h.t.HelmChartContainer - [test-hivemq-platform] [hivemq] [b79f399d] INFO  - Shutdown of listeners is done
2025-01-30 04:05:30,695 INFO c.h.h.t.HelmChartContainer - [test-hivemq-platform] [hivemq] [b79f399d] INFO  - No clients are connected, proceeding with shutdown
2025-01-30 04:05:31,664 INFO c.h.h.t.HelmChartContainer - Deleting namespace 'helmcustomconfigit'...
2025-01-30 04:05:31,967 INFO c.h.h.t.HelmChartContainer - [test-hivemq-platform] [hivemq] [b566c041] INFO  - [HiveMQ Platform Operator Init App 1.7.0-SNAPSHOT] Returning shutdown Health API response 503 for readiness
2025-01-30 04:05:31,972 INFO c.h.h.t.HelmChartContainer - [EVENT] Warning [Unhealthy] Readiness probe failed: HTTP probe failed with statuscode: 503 [helmcustomconfigit:test-hivemq-platform-0]
2025-01-30 04:05:31,972 INFO c.h.h.t.HelmChartContainer - Received Unhealthy event for container hivemq in pod test-hivemq-platform-0 [b566c041-5e1b-493d-9f9c-5dee9021b3b0]
2025-01-30 04:05:32,346 INFO c.h.h.t.HelmChartContainer - [K3S] [authentication.go:74] "Unable to authenticate the request" err="[invalid bearer token, serviceaccounts \"hivemq-platform-pod-test-hivemq-platform\" not found]"
2025-01-30 04:05:32,367 INFO c.h.h.t.HelmChartContainer - [K3S] [authentication.go:74] "Unable to authenticate the request" err="[invalid bearer token, serviceaccounts \"hivemq-platform-pod-test-hivemq-platform\" not found]"
2025-01-30 04:05:32,468 INFO c.h.h.t.HelmChartContainer - [test-hivemq-platform] [hivemq] [b566c041] WARN  - [HiveMQ Platform Operator Init App 1.7.0-SNAPSHOT] Could not update Pod annotations: Failure executing: GET at: https://10.43.0.1:443/api/v1/namespaces/helmcustomconfigit/pods/test-hivemq-platform-0. Message: Unauthorized. Received status: Status(apiVersion=v1, code=401, details=null, kind=Status, message=Unauthorized, metadata=ListMeta(_continue=null, remainingItemCount=null, resourceVersion=null, selfLink=null, additionalProperties={}), reason=Unauthorized, status=Failure, additionalProperties={}).
2025-01-30 04:05:33,863 INFO c.h.h.t.HelmChartContainer - [test-hivemq-platform] [hivemq] [b566c041] INFO  - Shutting down extension system
2025-01-30 04:05:33,867 INFO c.h.h.t.HelmChartContainer - [test-hivemq-platform] [hivemq] [b566c041] INFO  - Stopping extension with id hivemq-dns-cluster-discovery
2025-01-30 04:05:33,868 INFO c.h.h.t.HelmChartContainer - [test-hivemq-platform] [hivemq] [b566c041] INFO  - Extension "DNS Cluster Discovery Extension" version 4.3.2 stopped successfully.
2025-01-30 04:05:33,868 INFO c.h.h.t.HelmChartContainer - [test-hivemq-platform] [hivemq] [b566c041] INFO  - Stopping extension with id hivemq-prometheus-extension
2025-01-30 04:05:33,875 INFO c.h.h.t.HelmChartContainer - [test-hivemq-platform] [hivemq] [b566c041] INFO  - Extension "Prometheus Monitoring Extension" version 4.0.12 stopped successfully.
2025-01-30 04:05:33,875 INFO c.h.h.t.HelmChartContainer - [test-hivemq-platform] [hivemq] [b566c041] INFO  - Stopping extension with id hivemq-allow-all-extension
2025-01-30 04:05:33,875 INFO c.h.h.t.HelmChartContainer - [test-hivemq-platform] [hivemq] [b566c041] INFO  - Extension "Allow All Extension" version 1.1.1 stopped successfully.
2025-01-30 04:05:33,880 INFO c.h.h.t.HelmChartContainer - [test-hivemq-platform] [hivemq] [b79f399d] INFO  - Cluster nodes found by discovery: [kEjo7|2] (1) [kEjo7].
2025-01-30 04:05:33,886 INFO c.h.h.t.HelmChartContainer - [test-hivemq-platform] [hivemq] [b79f399d] INFO  - Cluster size = 1, members : [kEjo7].
2025-01-30 04:05:34,180 INFO c.h.h.t.HelmChartContainer - [test-hivemq-platform] [hivemq] [b79f399d] INFO  - Shutting down extension system
2025-01-30 04:05:34,183 INFO c.h.h.t.HelmChartContainer - [test-hivemq-platform] [hivemq] [b79f399d] INFO  - [HiveMQ Platform Operator Init App 1.7.0-SNAPSHOT] Returning shutdown Health API response 503 for readiness
2025-01-30 04:05:34,187 INFO c.h.h.t.HelmChartContainer - [test-hivemq-platform] [hivemq] [b79f399d] INFO  - Stopping extension with id hivemq-dns-cluster-discovery
2025-01-30 04:05:34,189 INFO c.h.h.t.HelmChartContainer - [test-hivemq-platform] [hivemq] [b79f399d] INFO  - Extension "DNS Cluster Discovery Extension" version 4.3.2 stopped successfully.
2025-01-30 04:05:34,189 INFO c.h.h.t.HelmChartContainer - [test-hivemq-platform] [hivemq] [b79f399d] INFO  - Stopping extension with id hivemq-prometheus-extension
2025-01-30 04:05:34,190 INFO c.h.h.t.HelmChartContainer - [EVENT] Warning [Unhealthy] Readiness probe failed: HTTP probe failed with statuscode: 503 [helmcustomconfigit:test-hivemq-platform-1]
2025-01-30 04:05:34,190 INFO c.h.h.t.HelmChartContainer - Received Unhealthy event for container hivemq in pod test-hivemq-platform-1 [b79f399d-0465-4a2d-80f8-7844265f9fd3]
2025-01-30 04:05:34,195 INFO c.h.h.t.HelmChartContainer - [test-hivemq-platform] [hivemq] [b79f399d] INFO  - Extension "Prometheus Monitoring Extension" version 4.0.12 stopped successfully.
2025-01-30 04:05:34,196 INFO c.h.h.t.HelmChartContainer - [test-hivemq-platform] [hivemq] [b79f399d] INFO  - Stopping extension with id hivemq-allow-all-extension
2025-01-30 04:05:34,197 INFO c.h.h.t.HelmChartContainer - [test-hivemq-platform] [hivemq] [b79f399d] INFO  - Extension "Allow All Extension" version 1.1.1 stopped successfully.
2025-01-30 04:05:34,714 INFO c.h.h.t.HelmChartContainer - [K3S] [authentication.go:74] "Unable to authenticate the request" err="[invalid bearer token, serviceaccounts \"hivemq-platform-pod-test-hivemq-platform\" not found]"
2025-01-30 04:05:34,732 INFO c.h.h.t.HelmChartContainer - [K3S] [authentication.go:74] "Unable to authenticate the request" err="[invalid bearer token, serviceaccounts \"hivemq-platform-pod-test-hivemq-platform\" not found]"
2025-01-30 04:05:34,792 INFO c.h.h.t.HelmChartContainer - [test-hivemq-platform] [hivemq] [b79f399d] WARN  - [HiveMQ Platform Operator Init App 1.7.0-SNAPSHOT] Could not update Pod annotations: Failure executing: GET at: https://10.43.0.1:443/api/v1/namespaces/helmcustomconfigit/pods/test-hivemq-platform-1. Message: Unauthorized. Received status: Status(apiVersion=v1, code=401, details=null, kind=Status, message=Unauthorized, metadata=ListMeta(_continue=null, remainingItemCount=null, resourceVersion=null, selfLink=null, additionalProperties={}), reason=Unauthorized, status=Failure, additionalProperties={}).
2025-01-30 04:05:36,232 INFO c.h.h.t.HelmChartContainer - [test-hivemq-platform] [hivemq] [b566c041] INFO  - Shutdown completed.
2025-01-30 04:05:36,511 INFO c.h.h.t.HelmChartContainer - [test-hivemq-platform] [hivemq] [b79f399d] INFO  - Shutdown completed.
2025-01-30 04:05:36,580 INFO c.h.h.t.HelmChartContainer - [test-hivemq-platform] [hivemq] [b566c041] INFO  - [HiveMQ Platform Operator Init App 1.7.0-SNAPSHOT] The HiveMQ Platform exited with code 143
2025-01-30 04:05:36,580 INFO c.h.h.t.HelmChartContainer - [test-hivemq-platform] [hivemq] [b566c041] INFO  - [HiveMQ Platform Operator Init App 1.7.0-SNAPSHOT] Stopping the REST API
2025-01-30 04:05:36,589 INFO c.h.h.t.HelmChartContainer - [test-hivemq-platform] [hivemq] [b566c041] INFO  - [HiveMQ Platform Operator Init App 1.7.0-SNAPSHOT] Shutdown complete
2025-01-30 04:05:36,824 INFO c.h.h.t.HelmChartContainer - [K3S] [stateful_set.go:466] "StatefulSet has been deleted" key="helmcustomconfigit/test-hivemq-platform"
2025-01-30 04:05:36,863 INFO c.h.h.t.HelmChartContainer - [test-hivemq-platform] [hivemq] [b79f399d] INFO  - [HiveMQ Platform Operator Init App 1.7.0-SNAPSHOT] The HiveMQ Platform exited with code 143
2025-01-30 04:05:36,863 INFO c.h.h.t.HelmChartContainer - [test-hivemq-platform] [hivemq] [b79f399d] INFO  - [HiveMQ Platform Operator Init App 1.7.0-SNAPSHOT] Stopping the REST API
2025-01-30 04:05:36,872 INFO c.h.h.t.HelmChartContainer - [test-hivemq-platform] [hivemq] [b79f399d] INFO  - [HiveMQ Platform Operator Init App 1.7.0-SNAPSHOT] Shutdown complete
2025-01-30 04:05:37,106 INFO c.h.h.t.HelmChartContainer - [POD] test-hivemq-platform-0 [b566c041-5e1b-493d-9f9c-5dee9021b3b0] in helmcustomconfigit was MODIFIED
2025-01-30 04:05:37,182 INFO c.h.h.t.HelmChartContainer - [K3S] [reconciler_common.go:162] "operationExecutor.UnmountVolume started for volume \"operator-init\" (UniqueName: \"kubernetes.io/empty-dir/b566c041-5e1b-493d-9f9c-5dee9021b3b0-operator-init\") pod \"b566c041-5e1b-493d-9f9c-5dee9021b3b0\" (UID: \"b566c041-5e1b-493d-9f9c-5dee9021b3b0\") "
2025-01-30 04:05:37,182 INFO c.h.h.t.HelmChartContainer - [K3S] [reconciler_common.go:162] "operationExecutor.UnmountVolume started for volume \"pod-info\" (UniqueName: \"kubernetes.io/configmap/b566c041-5e1b-493d-9f9c-5dee9021b3b0-pod-info\") pod \"b566c041-5e1b-493d-9f9c-5dee9021b3b0\" (UID: \"b566c041-5e1b-493d-9f9c-5dee9021b3b0\") "
2025-01-30 04:05:37,182 INFO c.h.h.t.HelmChartContainer - [K3S] [reconciler_common.go:162] "operationExecutor.UnmountVolume started for volume \"broker-configuration\" (UniqueName: \"kubernetes.io/configmap/b566c041-5e1b-493d-9f9c-5dee9021b3b0-broker-configuration\") pod \"b566c041-5e1b-493d-9f9c-5dee9021b3b0\" (UID: \"b566c041-5e1b-493d-9f9c-5dee9021b3b0\") "
2025-01-30 04:05:37,182 INFO c.h.h.t.HelmChartContainer - [K3S] [reconciler_common.go:162] "operationExecutor.UnmountVolume started for volume \"kube-api-access-mstqx\" (UniqueName: \"kubernetes.io/projected/b566c041-5e1b-493d-9f9c-5dee9021b3b0-kube-api-access-mstqx\") pod \"b566c041-5e1b-493d-9f9c-5dee9021b3b0\" (UID: \"b566c041-5e1b-493d-9f9c-5dee9021b3b0\") "
2025-01-30 04:05:37,282 INFO c.h.h.t.HelmChartContainer - [K3S] [reconciler_common.go:299] "Volume detached for volume \"kube-api-access-mstqx\" (UniqueName: \"kubernetes.io/projected/b566c041-5e1b-493d-9f9c-5dee9021b3b0-kube-api-access-mstqx\") on node \"bb975d1fd0a5\" DevicePath \"\""
2025-01-30 04:05:37,282 INFO c.h.h.t.HelmChartContainer - [K3S] [reconciler_common.go:299] "Volume detached for volume \"broker-configuration\" (UniqueName: \"kubernetes.io/configmap/b566c041-5e1b-493d-9f9c-5dee9021b3b0-broker-configuration\") on node \"bb975d1fd0a5\" DevicePath \"\""
2025-01-30 04:05:37,282 INFO c.h.h.t.HelmChartContainer - [K3S] [reconciler_common.go:299] "Volume detached for volume \"operator-init\" (UniqueName: \"kubernetes.io/empty-dir/b566c041-5e1b-493d-9f9c-5dee9021b3b0-operator-init\") on node \"bb975d1fd0a5\" DevicePath \"\""
2025-01-30 04:05:37,282 INFO c.h.h.t.HelmChartContainer - [K3S] [reconciler_common.go:299] "Volume detached for volume \"pod-info\" (UniqueName: \"kubernetes.io/configmap/b566c041-5e1b-493d-9f9c-5dee9021b3b0-pod-info\") on node \"bb975d1fd0a5\" DevicePath \"\""
2025-01-30 04:05:37,313 INFO c.h.h.t.HelmChartContainer - [POD] test-hivemq-platform-1 [b79f399d-0465-4a2d-80f8-7844265f9fd3] in helmcustomconfigit was MODIFIED
2025-01-30 04:05:37,383 INFO c.h.h.t.HelmChartContainer - [K3S] [reconciler_common.go:162] "operationExecutor.UnmountVolume started for volume \"pod-info\" (UniqueName: \"kubernetes.io/configmap/b79f399d-0465-4a2d-80f8-7844265f9fd3-pod-info\") pod \"b79f399d-0465-4a2d-80f8-7844265f9fd3\" (UID: \"b79f399d-0465-4a2d-80f8-7844265f9fd3\") "
2025-01-30 04:05:37,383 INFO c.h.h.t.HelmChartContainer - [K3S] [reconciler_common.go:162] "operationExecutor.UnmountVolume started for volume \"broker-configuration\" (UniqueName: \"kubernetes.io/configmap/b79f399d-0465-4a2d-80f8-7844265f9fd3-broker-configuration\") pod \"b79f399d-0465-4a2d-80f8-7844265f9fd3\" (UID: \"b79f399d-0465-4a2d-80f8-7844265f9fd3\") "
2025-01-30 04:05:37,383 INFO c.h.h.t.HelmChartContainer - [K3S] [reconciler_common.go:162] "operationExecutor.UnmountVolume started for volume \"kube-api-access-m8jw6\" (UniqueName: \"kubernetes.io/projected/b79f399d-0465-4a2d-80f8-7844265f9fd3-kube-api-access-m8jw6\") pod \"b79f399d-0465-4a2d-80f8-7844265f9fd3\" (UID: \"b79f399d-0465-4a2d-80f8-7844265f9fd3\") "
2025-01-30 04:05:37,383 INFO c.h.h.t.HelmChartContainer - [K3S] [reconciler_common.go:162] "operationExecutor.UnmountVolume started for volume \"operator-init\" (UniqueName: \"kubernetes.io/empty-dir/b79f399d-0465-4a2d-80f8-7844265f9fd3-operator-init\") pod \"b79f399d-0465-4a2d-80f8-7844265f9fd3\" (UID: \"b79f399d-0465-4a2d-80f8-7844265f9fd3\") "
2025-01-30 04:05:37,484 INFO c.h.h.t.HelmChartContainer - [K3S] [reconciler_common.go:299] "Volume detached for volume \"pod-info\" (UniqueName: \"kubernetes.io/configmap/b79f399d-0465-4a2d-80f8-7844265f9fd3-pod-info\") on node \"bb975d1fd0a5\" DevicePath \"\""
2025-01-30 04:05:37,484 INFO c.h.h.t.HelmChartContainer - [K3S] [reconciler_common.go:299] "Volume detached for volume \"operator-init\" (UniqueName: \"kubernetes.io/empty-dir/b79f399d-0465-4a2d-80f8-7844265f9fd3-operator-init\") on node \"bb975d1fd0a5\" DevicePath \"\""
2025-01-30 04:05:37,484 INFO c.h.h.t.HelmChartContainer - [K3S] [reconciler_common.go:299] "Volume detached for volume \"broker-configuration\" (UniqueName: \"kubernetes.io/configmap/b79f399d-0465-4a2d-80f8-7844265f9fd3-broker-configuration\") on node \"bb975d1fd0a5\" DevicePath \"\""
2025-01-30 04:05:37,484 INFO c.h.h.t.HelmChartContainer - [K3S] [reconciler_common.go:299] "Volume detached for volume \"kube-api-access-m8jw6\" (UniqueName: \"kubernetes.io/projected/b79f399d-0465-4a2d-80f8-7844265f9fd3-kube-api-access-m8jw6\") on node \"bb975d1fd0a5\" DevicePath \"\""
2025-01-30 04:05:37,662 INFO c.h.h.t.HelmChartContainer - [K3S] [scope.go:117] "RemoveContainer" containerID="ea3ff9cd641f333f33e0056a641cc1d489a945820413d0c851c9e154f011498a"
2025-01-30 04:05:37,677 INFO c.h.h.t.HelmChartContainer - [POD] test-hivemq-platform-0 [b566c041-5e1b-493d-9f9c-5dee9021b3b0] in helmcustomconfigit was MODIFIED
2025-01-30 04:05:37,691 INFO c.h.h.t.HelmChartContainer - [POD] test-hivemq-platform-0 [b566c041-5e1b-493d-9f9c-5dee9021b3b0] in helmcustomconfigit was DELETED
2025-01-30 04:05:37,701 INFO c.h.h.t.HelmChartContainer - [POD] test-hivemq-platform-1 [b79f399d-0465-4a2d-80f8-7844265f9fd3] in helmcustomconfigit was MODIFIED
2025-01-30 04:05:37,703 INFO c.h.h.t.HelmChartContainer - [POD] test-hivemq-platform-1 [b79f399d-0465-4a2d-80f8-7844265f9fd3] in helmcustomconfigit was DELETED
2025-01-30 04:05:37,791 INFO c.h.h.t.HelmChartContainer - [K3S] [scope.go:117] "RemoveContainer" containerID="dd6de2e043cd7d3cdfc99124c4567f4ac0a3bab755bcd110a98bece7ee11ce6e"
2025-01-30 04:05:37,794 INFO c.h.h.t.HelmChartContainer - [K3S] [scope.go:117] "RemoveContainer" containerID="ea3ff9cd641f333f33e0056a641cc1d489a945820413d0c851c9e154f011498a"
2025-01-30 04:05:37,794 INFO c.h.h.t.HelmChartContainer - [K3S] [scope.go:117] "RemoveContainer" containerID="dd6de2e043cd7d3cdfc99124c4567f4ac0a3bab755bcd110a98bece7ee11ce6e"
2025-01-30 04:05:37,795 INFO c.h.h.t.HelmChartContainer - [K3S] [scope.go:117] "RemoveContainer" containerID="8d88422f87af0ca7d923638fe7f87987029fa68a92d674fad5ef1a6751d30533"
2025-01-30 04:05:37,884 INFO c.h.h.t.HelmChartContainer - [K3S] [scope.go:117] "RemoveContainer" containerID="c849899d4a7d97b838c309f15ebc87873f2643d9e06a0e5b83ac434c45c41bdb"
2025-01-30 04:05:37,887 INFO c.h.h.t.HelmChartContainer - [K3S] [scope.go:117] "RemoveContainer" containerID="8d88422f87af0ca7d923638fe7f87987029fa68a92d674fad5ef1a6751d30533"
2025-01-30 04:05:37,887 INFO c.h.h.t.HelmChartContainer - [K3S] [scope.go:117] "RemoveContainer" containerID="c849899d4a7d97b838c309f15ebc87873f2643d9e06a0e5b83ac434c45c41bdb"
2025-01-30 04:05:38,035 INFO c.h.h.t.HelmChartContainer - [K3S] [kubelet_volumes.go:163] "Cleaned up orphaned pod volumes dir" podUID="b566c041-5e1b-493d-9f9c-5dee9021b3b0" path="/var/lib/kubelet/pods/b566c041-5e1b-493d-9f9c-5dee9021b3b0/volumes"
2025-01-30 04:05:38,036 INFO c.h.h.t.HelmChartContainer - [K3S] [kubelet_volumes.go:163] "Cleaned up orphaned pod volumes dir" podUID="b79f399d-0465-4a2d-80f8-7844265f9fd3" path="/var/lib/kubelet/pods/b79f399d-0465-4a2d-80f8-7844265f9fd3/volumes"
2025-01-30 04:05:42,000 INFO c.h.h.t.HelmChartContainer - Namespace 'helmcustomconfigit' deleted
2025-01-30 04:05:42,000 INFO c.h.h.t.HelmChartContainer - Release 'test-hivemq-platform' in namespace 'helmcustomconfigit' is uninstalled
2025-01-30 04:05:42,000 INFO c.h.h.t.HelmChartContainer - Uninstalling release 'test-hivemq-platform-operator' in namespace 'helmcustomconfigit-operator'...
2025-01-30 04:05:42,000 DEBUG c.h.h.t.HelmChartContainer - Executing helm command: /bin/helm --kubeconfig /etc/rancher/k3s/k3s.yaml uninstall test-hivemq-platform-operator  --wait --timeout 5m0s --cascade foreground --namespace helmcustomconfigit-operator
2025-01-30 04:05:42,199 INFO c.h.h.t.HelmChartContainer - [K3S] [replica_set.go:679] "Finished syncing" kind="ReplicaSet" key="helmcustomconfigit-operator/hivemq-test-hivemq-platform-operator-67f7c95fb6" duration="20.804964ms"
2025-01-30 04:05:42,199 INFO c.h.h.t.HelmChartContainer - [K3S] [replica_set.go:679] "Finished syncing" kind="ReplicaSet" key="helmcustomconfigit-operator/hivemq-test-hivemq-platform-operator-67f7c95fb6" duration="46.717µs"
2025-01-30 04:05:42,207 INFO c.h.h.t.HelmChartContainer - [POD] hivemq-test-hivemq-platform-operator-67f7c95fb6-kjnhz [22a010b4-038f-466e-8289-94c68f4a9247] in helmcustomconfigit-operator was MODIFIED
2025-01-30 04:05:42,217 INFO c.h.h.t.HelmChartContainer - [hivemq-test-hivemq-platform] [hivemq-platform-operator] [22a010b4] 04:05:42.215 [application-shutdown-thread] INFO  c.h.p.o.HiveMQPlatformOperatorApplication - HiveMQ Platform Operator is stopping...
2025-01-30 04:05:42,217 INFO c.h.h.t.HelmChartContainer - [hivemq-test-hivemq-platform] [hivemq-platform-operator] [22a010b4] 04:05:42.216 [application-shutdown-thread] INFO  i.javaoperatorsdk.operator.Operator - Operator SDK 4.9.7 is shutting down...
2025-01-30 04:05:42,218 INFO c.h.h.t.HelmChartContainer - [EVENT] Normal [Killing] Stopping container hivemq-platform-operator [helmcustomconfigit-operator:hivemq-test-hivemq-platform-operator-67f7c95fb6-kjnhz]
2025-01-30 04:05:42,219 INFO c.h.h.t.HelmChartContainer - Received Killing event for container hivemq-platform-operator in pod hivemq-test-hivemq-platform-operator-67f7c95fb6-kjnhz [22a010b4-038f-466e-8289-94c68f4a9247]
2025-01-30 04:05:42,219 INFO c.h.h.t.HelmChartContainer - Container [hivemq-test-hivemq-platform-operator-67f7c95fb6-kjnhz] [hivemq-platform-operator] [22a010b4-038f-466e-8289-94c68f4a9247] was terminated
2025-01-30 04:05:42,219 INFO c.h.h.t.HelmChartContainer - Stopped log watcher for hivemq-platform-operator in pod hivemq-test-hivemq-platform-operator-67f7c95fb6-kjnhz [22a010b4-038f-466e-8289-94c68f4a9247]
2025-01-30 04:05:42,219 INFO c.h.h.t.HelmChartContainer - [K3S] [replica_set.go:679] "Finished syncing" kind="ReplicaSet" key="helmcustomconfigit-operator/hivemq-test-hivemq-platform-operator-67f7c95fb6" duration="12.528176ms"
2025-01-30 04:05:42,219 INFO c.h.h.t.HelmChartContainer - [K3S] [replica_set.go:679] "Finished syncing" kind="ReplicaSet" key="helmcustomconfigit-operator/hivemq-test-hivemq-platform-operator-67f7c95fb6" duration="36.948µs"
2025-01-30 04:05:42,672 INFO c.h.h.t.HelmChartContainer - [K3S] [pod_container_deletor.go:80] "Container not found in pod's containers" containerID="3b849e8bcb784ecf38c3e81c368428b88019fd5c0591b6f4fe9e85d4cdbb2ae8"
2025-01-30 04:05:42,707 INFO c.h.h.t.HelmChartContainer - [K3S] [replica_set.go:679] "Finished syncing" kind="ReplicaSet" key="helmcustomconfigit-operator/hivemq-test-hivemq-platform-operator-67f7c95fb6" duration="41.808µs"
2025-01-30 04:05:42,708 INFO c.h.h.t.HelmChartContainer - [POD] hivemq-test-hivemq-platform-operator-67f7c95fb6-kjnhz [22a010b4-038f-466e-8289-94c68f4a9247] in helmcustomconfigit-operator was MODIFIED
2025-01-30 04:05:42,811 INFO c.h.h.t.HelmChartContainer - [K3S] [reconciler_common.go:162] "operationExecutor.UnmountVolume started for volume \"kube-api-access-vshht\" (UniqueName: \"kubernetes.io/projected/22a010b4-038f-466e-8289-94c68f4a9247-kube-api-access-vshht\") pod \"22a010b4-038f-466e-8289-94c68f4a9247\" (UID: \"22a010b4-038f-466e-8289-94c68f4a9247\") "
2025-01-30 04:05:42,912 INFO c.h.h.t.HelmChartContainer - [K3S] [reconciler_common.go:299] "Volume detached for volume \"kube-api-access-vshht\" (UniqueName: \"kubernetes.io/projected/22a010b4-038f-466e-8289-94c68f4a9247-kube-api-access-vshht\") on node \"bb975d1fd0a5\" DevicePath \"\""
2025-01-30 04:05:43,685 INFO c.h.h.t.HelmChartContainer - [K3S] [replica_set.go:679] "Finished syncing" kind="ReplicaSet" key="helmcustomconfigit-operator/hivemq-test-hivemq-platform-operator-67f7c95fb6" duration="43.952µs"
2025-01-30 04:05:43,685 INFO c.h.h.t.HelmChartContainer - [POD] hivemq-test-hivemq-platform-operator-67f7c95fb6-kjnhz [22a010b4-038f-466e-8289-94c68f4a9247] in helmcustomconfigit-operator was MODIFIED
2025-01-30 04:05:43,688 INFO c.h.h.t.HelmChartContainer - [K3S] [replica_set.go:679] "Finished syncing" kind="ReplicaSet" key="helmcustomconfigit-operator/hivemq-test-hivemq-platform-operator-67f7c95fb6" duration="35.326µs"
2025-01-30 04:05:43,691 INFO c.h.h.t.HelmChartContainer - [POD] hivemq-test-hivemq-platform-operator-67f7c95fb6-kjnhz [22a010b4-038f-466e-8289-94c68f4a9247] in helmcustomconfigit-operator was DELETED
2025-01-30 04:05:43,701 INFO c.h.h.t.HelmChartContainer - [K3S] [replica_set.go:679] "Finished syncing" kind="ReplicaSet" key="helmcustomconfigit-operator/hivemq-test-hivemq-platform-operator-67f7c95fb6" duration="7.885µs"
2025-01-30 04:05:44,035 INFO c.h.h.t.HelmChartContainer - [K3S] [kubelet_volumes.go:163] "Cleaned up orphaned pod volumes dir" podUID="22a010b4-038f-466e-8289-94c68f4a9247" path="/var/lib/kubelet/pods/22a010b4-038f-466e-8289-94c68f4a9247/volumes"
2025-01-30 04:05:44,240 INFO c.h.h.t.HelmChartContainer - Deleting namespace 'helmcustomconfigit-operator'...
2025-01-30 04:05:46,936 INFO c.h.h.t.HelmChartContainer - [K3S] [namespace_controller.go:187] "Namespace has been deleted" namespace="helmcustomconfigit"
2025-01-30 04:05:48,126 INFO c.h.h.t.HelmChartContainer - [K3S] [scope.go:117] "RemoveContainer" containerID="80a8d76cc373555553222db295a527f1e0068728b8543f0fb3519218cc41fec7"
2025-01-30 04:05:49,457 INFO c.h.h.t.HelmChartContainer - Namespace 'helmcustomconfigit-operator' deleted
2025-01-30 04:05:49,457 INFO c.h.h.t.HelmChartContainer - Release 'test-hivemq-platform-operator' in namespace 'helmcustomconfigit-operator' is uninstalled
2025-01-30 04:05:50,013 INFO c.h.helmcharts.AbstractHelmChartIT - Removed unused containers:

2025-01-30 04:05:54,364 INFO c.h.h.t.HelmChartContainer - [K3S] [namespace_controller.go:187] "Namespace has been deleted" namespace="helmcustomconfigit-operator"
2025-01-30 04:05:57,434 INFO c.h.helmcharts.AbstractHelmChartIT - Removed unused snapshots:
Removing snapshot sha256:03af251906410714c5aef9fa705b63f6bbc39c4a5e787de7361eeb18886c2ed2
Removing snapshot sha256:0c46b3b43cce082ce5ec34ffc6c294e0417d17b9d1e6f366d114b6aadc4f96dc
Removing snapshot sha256:0ce761beee59082d6ed5bcebd3a805b8ddd9b3426b617e4809e7fb7c6587ffec
Removing snapshot sha256:0df91287303208332c8ff6ba40ae4710105201739addbfbddfb955f1ad593664
Removing snapshot sha256:1021ef88c7974bfff89c5a0ec4fd3160daac6c48a075f74cff721f85dd104e68
Removing snapshot sha256:10aba4953ddc18145dd38e3704709bc464aa20af60b56fe52caaff4b68411e62
Removing snapshot sha256:2573e0d8158209ed54ab25c87bcdcb00bd3d2539246960a3d592a1c599d70465
Removing snapshot sha256:362a8a37f8bbc31925a8146adcf7cf51f9882f5c1dcbef67c5baa03a297543c0
Removing snapshot sha256:3687a69bccb1e78cd34265be759888d19c5ebce0eb9947f7e2b3d4715a4d9be1
Removing snapshot sha256:3fa4ad33f0ddc8fd45b39b6b4640f82a3a83619606cd975bfe89d8710ad2d4cd
Removing snapshot sha256:43a7c979bbaba6838bc3102d6b10a1459f3ab050b87ccdfef84ef90cf43d3058
Removing snapshot sha256:4ab04491cdf0d3267f08206fe30bd48f49f94b9cab2f016d6739220f722a64af
Removing snapshot sha256:4b6068250e89c96f263060261819c7d912855bfbd64b3eb4c4a8483299b8c295
Removing snapshot sha256:580e69a0a8034ede1921139bbd2bfb72a69ebf276d008281896c32dd8bf74775
Removing snapshot sha256:5d30ba46b27fe37484567ccc5242cadc78217b8da605f3f195ef25cbf7487904
Removing snapshot sha256:63ca1fbb43ae5034640e5e6cb3e083e05c290072c5366fcaa9d62435a4cced85
Removing snapshot sha256:67f702c6baae873bceb19487c8b1f27bd2b86077e4f2f0e480e6d60ab508b8f5
Removing snapshot sha256:6864348dd42806d552efdec384f1274be15e2d0c10ce44c1f04347af004c10a9
Removing snapshot sha256:6c7dee8f2c39b84b7dc2711c01d33de93514d9055499173e9290176fbe484b6c
Removing snapshot sha256:82753493a6d61ded36556292f02f31841a14c20d2f279f19eaad65afb661d5cd
Removing snapshot sha256:879c3a97e1cd0aef3a23c101faa64a8caf99ed84986fe3e1b15f94ed4f2916c8
Removing snapshot sha256:8a10d3db42c505ee0fcfa98417bdd7e39b304f6bcc0a06bb1b220797ff2cc63c
Removing snapshot sha256:a21e5b12dbac529ad45d976eb9ce45c881f3bedcc500fb30aba1e52aa1813418
Removing snapshot sha256:b921e6c28969094157f9b8e7244677780319637afd14450b7cb6b2fdea558a0c
Removing snapshot sha256:bc27ecb5769a00e309cf99ebc763c4a4b958b618d1decc96ffac5bc05f02f5b7
Removing snapshot sha256:be3ccb6627a5332e309d45ef461d09b4879dd870c7394d89323d0ebc6ca6aa8a
Removing snapshot sha256:c261f7cbbc64211ee175ee47273acdb7b1a36a4450b397a064a8f2c026490095
Removing snapshot sha256:c34d9393647eea0c9e3557ab988efaf59f61d10a2a5613b439ef0958cca5ec10
Removing snapshot sha256:ccf3c4a0fa967a41c1c83497a2ce6fa5787965859df0adb32c4ca2cf7490bc2b
Removing snapshot sha256:cf92d33f869417309692088c341cd0f223c178ea78a125f757317b22aa8f90e9
Removing snapshot sha256:d0037344cf2fb078884f1849f6a1f8cf9a33a3b6139b6a85833e5ee528e1f9a8
Removing snapshot sha256:d3b36d5b79273b1e98e7700470eaeff05a882e777124d84cebcc1505b85ecb36
Removing snapshot sha256:d65a44a37914602d12c611e5e22a50f11451d847e63015cc1c2aef92dee777a4
Removing snapshot sha256:e2dc0bae2455930f23ae570e019b7f32edc75c0f2d71cab084db837ff9051796
Removing snapshot sha256:eccbd24a99c60cd9e86ee5305dbfc4a4dc89f5ab4fb1f06c8d64797cecedef34
Removing snapshot sha256:f144bb4c7c7f0d2aa7eeffd36d934ec40db1ee167be727e326aad9fdc616f475

]]></system-out>
  </testcase>
  <testcase name="withCustomXml_hivemqRunning()" classname="com.hivemq.helmcharts.platform.HelmCustomConfigIT" time="148.971">
    <system-out><![CDATA[2025-01-30 04:05:57,436 INFO c.h.h.t.HelmChartContainer - Creating namespace 'helmcustomconfigit-operator'...
2025-01-30 04:05:57,440 INFO c.h.h.t.HelmChartContainer - Namespace 'helmcustomconfigit-operator' created
2025-01-30 04:05:57,440 INFO c.h.h.t.HelmChartContainer - Creating namespace 'helmcustomconfigit'...
2025-01-30 04:05:57,446 INFO c.h.h.t.HelmChartContainer - Namespace 'helmcustomconfigit' created
2025-01-30 04:05:57,520 DEBUG c.h.h.t.HelmChartContainer - Executing helm command: /bin/helm --kubeconfig /etc/rancher/k3s/k3s.yaml install test-hivemq-platform-operator /charts/hivemq-platform-operator --wait --timeout 5m0s --set image.repository=docker.io/hivemq --set image.name=hivemq-platform-operator-test --set image.initImageName=hivemq-platform-operator-init-test --set image.tag=snapshot --set image.pullPolicy=Never --set logLevel=DEBUG --set resources.cpu=512m --namespace helmcustomconfigit-operator
2025-01-30 04:05:57,844 INFO c.h.h.t.HelmChartContainer - [K3S] [alloc.go:330] "allocated clusterIPs" service="helmcustomconfigit-operator/hivemq-platform-operator-test-hivemq-platform-operator" clusterIPs={"IPv4":"10.43.106.188"}
2025-01-30 04:05:57,877 INFO c.h.h.t.HelmChartContainer - [EVENT] Normal [ScalingReplicaSet] Scaled up replica set hivemq-test-hivemq-platform-operator-6966f96d65 from 0 to 1 [helmcustomconfigit-operator:hivemq-test-hivemq-platform-operator]
2025-01-30 04:05:57,884 INFO c.h.h.t.HelmChartContainer - [POD] hivemq-test-hivemq-platform-operator-6966f96d65-9vb2l [12f3db5b-864a-4c8a-8a7b-ad0e6c2c6bb7] in helmcustomconfigit-operator was ADDED
2025-01-30 04:05:57,896 INFO c.h.h.t.HelmChartContainer - [K3S] [replica_set.go:679] "Finished syncing" kind="ReplicaSet" key="helmcustomconfigit-operator/hivemq-test-hivemq-platform-operator-6966f96d65" duration="32.991972ms"
2025-01-30 04:05:57,901 INFO c.h.h.t.HelmChartContainer - [K3S] [memory_manager.go:355] "RemoveStaleState removing state" podUID="b79f399d-0465-4a2d-80f8-7844265f9fd3" containerName="hivemq"
2025-01-30 04:05:57,901 INFO c.h.h.t.HelmChartContainer - [K3S] [memory_manager.go:355] "RemoveStaleState removing state" podUID="22a010b4-038f-466e-8289-94c68f4a9247" containerName="hivemq-platform-operator"
2025-01-30 04:05:57,902 INFO c.h.h.t.HelmChartContainer - [K3S] [memory_manager.go:355] "RemoveStaleState removing state" podUID="b566c041-5e1b-493d-9f9c-5dee9021b3b0" containerName="hivemq"
2025-01-30 04:05:57,902 INFO c.h.h.t.HelmChartContainer - [EVENT] Normal [SuccessfulCreate] Created pod: hivemq-test-hivemq-platform-operator-6966f96d65-9vb2l [helmcustomconfigit-operator:hivemq-test-hivemq-platform-operator-6966f96d65]
2025-01-30 04:05:57,905 INFO c.h.h.t.HelmChartContainer - [POD] hivemq-test-hivemq-platform-operator-6966f96d65-9vb2l [12f3db5b-864a-4c8a-8a7b-ad0e6c2c6bb7] in helmcustomconfigit-operator was MODIFIED
2025-01-30 04:05:57,912 INFO c.h.h.t.HelmChartContainer - [EVENT] Normal [Scheduled] Successfully assigned helmcustomconfigit-operator/hivemq-test-hivemq-platform-operator-6966f96d65-9vb2l to bb975d1fd0a5 [helmcustomconfigit-operator:hivemq-test-hivemq-platform-operator-6966f96d65-9vb2l]
2025-01-30 04:05:57,920 INFO c.h.h.t.HelmChartContainer - [POD] hivemq-test-hivemq-platform-operator-6966f96d65-9vb2l [12f3db5b-864a-4c8a-8a7b-ad0e6c2c6bb7] in helmcustomconfigit-operator was MODIFIED
2025-01-30 04:05:57,922 INFO c.h.h.t.HelmChartContainer - [K3S] [replica_set.go:679] "Finished syncing" kind="ReplicaSet" key="helmcustomconfigit-operator/hivemq-test-hivemq-platform-operator-6966f96d65" duration="26.534657ms"
2025-01-30 04:05:57,936 INFO c.h.h.t.HelmChartContainer - [K3S] [replica_set.go:679] "Finished syncing" kind="ReplicaSet" key="helmcustomconfigit-operator/hivemq-test-hivemq-platform-operator-6966f96d65" duration="13.374967ms"
2025-01-30 04:05:57,936 INFO c.h.h.t.HelmChartContainer - [K3S] [replica_set.go:679] "Finished syncing" kind="ReplicaSet" key="helmcustomconfigit-operator/hivemq-test-hivemq-platform-operator-6966f96d65" duration="41.297µs"
2025-01-30 04:05:57,995 INFO c.h.h.t.HelmChartContainer - [K3S] [reconciler_common.go:251] "operationExecutor.VerifyControllerAttachedVolume started for volume \"kube-api-access-n52h2\" (UniqueName: \"kubernetes.io/projected/12f3db5b-864a-4c8a-8a7b-ad0e6c2c6bb7-kube-api-access-n52h2\") pod \"hivemq-test-hivemq-platform-operator-6966f96d65-9vb2l\" (UID: \"12f3db5b-864a-4c8a-8a7b-ad0e6c2c6bb7\") " pod="helmcustomconfigit-operator/hivemq-test-hivemq-platform-operator-6966f96d65-9vb2l"
2025-01-30 04:05:58,308 INFO c.h.h.t.HelmChartContainer - [EVENT] Normal [Pulled] Container image "docker.io/hivemq/hivemq-platform-operator-test:snapshot" already present on machine [helmcustomconfigit-operator:hivemq-test-hivemq-platform-operator-6966f96d65-9vb2l]
2025-01-30 04:05:58,308 INFO c.h.h.t.HelmChartContainer - Received Pulled event for container hivemq-platform-operator in pod hivemq-test-hivemq-platform-operator-6966f96d65-9vb2l [12f3db5b-864a-4c8a-8a7b-ad0e6c2c6bb7]
2025-01-30 04:05:59,550 INFO c.h.h.t.HelmChartContainer - [EVENT] Normal [Created] Created container: hivemq-platform-operator [helmcustomconfigit-operator:hivemq-test-hivemq-platform-operator-6966f96d65-9vb2l]
2025-01-30 04:05:59,550 INFO c.h.h.t.HelmChartContainer - Received Created event for container hivemq-platform-operator in pod hivemq-test-hivemq-platform-operator-6966f96d65-9vb2l [12f3db5b-864a-4c8a-8a7b-ad0e6c2c6bb7]
2025-01-30 04:05:59,712 INFO c.h.h.t.HelmChartContainer - [K3S] [replica_set.go:679] "Finished syncing" kind="ReplicaSet" key="helmcustomconfigit-operator/hivemq-test-hivemq-platform-operator-6966f96d65" duration="41.657µs"
2025-01-30 04:05:59,715 INFO c.h.h.t.HelmChartContainer - [POD] hivemq-test-hivemq-platform-operator-6966f96d65-9vb2l [12f3db5b-864a-4c8a-8a7b-ad0e6c2c6bb7] in helmcustomconfigit-operator was MODIFIED
2025-01-30 04:05:59,728 INFO c.h.h.t.HelmChartContainer - Started log watcher for hivemq-platform-operator in pod hivemq-test-hivemq-platform-operator-6966f96d65-9vb2l [12f3db5b-864a-4c8a-8a7b-ad0e6c2c6bb7]
2025-01-30 04:05:59,728 INFO c.h.h.t.HelmChartContainer - [EVENT] Normal [Started] Started container hivemq-platform-operator [helmcustomconfigit-operator:hivemq-test-hivemq-platform-operator-6966f96d65-9vb2l]
2025-01-30 04:05:59,728 INFO c.h.h.t.HelmChartContainer - Received Started event for container hivemq-platform-operator in pod hivemq-test-hivemq-platform-operator-6966f96d65-9vb2l [12f3db5b-864a-4c8a-8a7b-ad0e6c2c6bb7]
2025-01-30 04:05:59,728 INFO c.h.h.t.HelmChartContainer - [hivemq-test-hivemq-platform] [hivemq-platform-operator] [12f3db5b] -------------------------------------------------------------------------
2025-01-30 04:05:59,728 INFO c.h.h.t.HelmChartContainer - [hivemq-test-hivemq-platform] [hivemq-platform-operator] [12f3db5b] 
2025-01-30 04:05:59,728 INFO c.h.h.t.HelmChartContainer - [hivemq-test-hivemq-platform] [hivemq-platform-operator] [12f3db5b]                   _    _  _              __  __   ____
2025-01-30 04:05:59,728 INFO c.h.h.t.HelmChartContainer - [hivemq-test-hivemq-platform] [hivemq-platform-operator] [12f3db5b]                  | |  | |(_)            |  \/  | / __ \
2025-01-30 04:05:59,728 INFO c.h.h.t.HelmChartContainer - [hivemq-test-hivemq-platform] [hivemq-platform-operator] [12f3db5b]                  | |__| | _ __   __ ___ | \  / || |  | |
2025-01-30 04:05:59,728 INFO c.h.h.t.HelmChartContainer - [hivemq-test-hivemq-platform] [hivemq-platform-operator] [12f3db5b]                  |  __  || |\ \ / // _ \| |\/| || |  | |
2025-01-30 04:05:59,728 INFO c.h.h.t.HelmChartContainer - [hivemq-test-hivemq-platform] [hivemq-platform-operator] [12f3db5b]                  | |  | || | \ V /|  __/| |  | || |__| |
2025-01-30 04:05:59,728 INFO c.h.h.t.HelmChartContainer - [hivemq-test-hivemq-platform] [hivemq-platform-operator] [12f3db5b]                  |_|  |_||_|  \_/  \___||_|  |_| \___\_\
2025-01-30 04:05:59,728 INFO c.h.h.t.HelmChartContainer - [hivemq-test-hivemq-platform] [hivemq-platform-operator] [12f3db5b] 
2025-01-30 04:05:59,728 INFO c.h.h.t.HelmChartContainer - [hivemq-test-hivemq-platform] [hivemq-platform-operator] [12f3db5b] -------------------------------------------------------------------------
2025-01-30 04:05:59,728 INFO c.h.h.t.HelmChartContainer - [hivemq-test-hivemq-platform] [hivemq-platform-operator] [12f3db5b] 
2025-01-30 04:05:59,728 INFO c.h.h.t.HelmChartContainer - [hivemq-test-hivemq-platform] [hivemq-platform-operator] [12f3db5b]   HiveMQ Platform Operator Start Script v1.0
2025-01-30 04:05:59,728 INFO c.h.h.t.HelmChartContainer - [hivemq-test-hivemq-platform] [hivemq-platform-operator] [12f3db5b] 
2025-01-30 04:05:59,728 INFO c.h.h.t.HelmChartContainer - [hivemq-test-hivemq-platform] [hivemq-platform-operator] [12f3db5b] -------------------------------------------------------------------------
2025-01-30 04:05:59,728 INFO c.h.h.t.HelmChartContainer - [hivemq-test-hivemq-platform] [hivemq-platform-operator] [12f3db5b] 
2025-01-30 04:05:59,728 INFO c.h.h.t.HelmChartContainer - [hivemq-test-hivemq-platform] [hivemq-platform-operator] [12f3db5b]   JAVA_OPTS: -XX:+UnlockExperimentalVMOptions -XX:InitialRAMPercentage=75 -XX:MaxRAMPercentage=75 -Duser.language=en -Duser.region=US
2025-01-30 04:05:59,728 INFO c.h.h.t.HelmChartContainer - [hivemq-test-hivemq-platform] [hivemq-platform-operator] [12f3db5b] 
2025-01-30 04:05:59,728 INFO c.h.h.t.HelmChartContainer - [hivemq-test-hivemq-platform] [hivemq-platform-operator] [12f3db5b]   JAVA_VERSION: 21
2025-01-30 04:05:59,728 INFO c.h.h.t.HelmChartContainer - [hivemq-test-hivemq-platform] [hivemq-platform-operator] [12f3db5b] 
2025-01-30 04:05:59,729 INFO c.h.h.t.HelmChartContainer - [hivemq-test-hivemq-platform] [hivemq-platform-operator] [12f3db5b] -------------------------------------------------------------------------
2025-01-30 04:05:59,729 INFO c.h.h.t.HelmChartContainer - [hivemq-test-hivemq-platform] [hivemq-platform-operator] [12f3db5b] 
2025-01-30 04:06:02,787 INFO c.h.h.t.HelmChartContainer - [hivemq-test-hivemq-platform] [hivemq-platform-operator] [12f3db5b] 04:06:02.785 [main] DEBUG org.jboss.logging - Logging Provider: org.jboss.logging.Slf4jLoggerProvider
2025-01-30 04:06:02,890 INFO c.h.h.t.HelmChartContainer - [hivemq-test-hivemq-platform] [hivemq-platform-operator] [12f3db5b] 04:06:02.889 [main] DEBUG io.smallrye.config - SRCFG01006: Loaded ConfigSource SysPropConfigSource with ordinal 400
2025-01-30 04:06:02,891 INFO c.h.h.t.HelmChartContainer - [hivemq-test-hivemq-platform] [hivemq-platform-operator] [12f3db5b] 04:06:02.889 [main] DEBUG io.smallrye.config - SRCFG01006: Loaded ConfigSource EnvConfigSource with ordinal 300
2025-01-30 04:06:02,891 INFO c.h.h.t.HelmChartContainer - [hivemq-test-hivemq-platform] [hivemq-platform-operator] [12f3db5b] 04:06:02.890 [main] DEBUG io.smallrye.config - SRCFG01006: Loaded ConfigSource PropertiesConfigSource[source=jar:file:///opt/hivemq-platform-operator/bin/hivemq-platform-operator.jar!/hivemq-platform-operator.properties] with ordinal 100
2025-01-30 04:06:02,891 INFO c.h.h.t.HelmChartContainer - [hivemq-test-hivemq-platform] [hivemq-platform-operator] [12f3db5b] 04:06:02.890 [main] DEBUG io.smallrye.config - SRCFG01006: Loaded ConfigSource DefaultValuesConfigSource with ordinal -2147483648
2025-01-30 04:06:02,999 INFO c.h.h.t.HelmChartContainer - [hivemq-test-hivemq-platform] [hivemq-platform-operator] [12f3db5b] 04:06:02.997 [main] DEBUG i.m.c.u.i.l.InternalLoggerFactory - Using SLF4J as the default logging framework
2025-01-30 04:06:03,176 INFO c.h.h.t.HelmChartContainer - [hivemq-test-hivemq-platform] [hivemq-platform-operator] [12f3db5b] 04:06:03.095 [main] INFO  c.h.p.o.HiveMQPlatformOperatorApplication - HiveMQ Platform Operator 1.7.0-SNAPSHOT (commit: 47e3375 on branch: HEAD) built on Thu Jan 30 03:55:50 UTC 2025
2025-01-30 04:06:03,176 INFO c.h.h.t.HelmChartContainer - [hivemq-test-hivemq-platform] [hivemq-platform-operator] [12f3db5b] 04:06:03.175 [main] INFO  c.h.p.o.HiveMQPlatformOperatorApplication - HiveMQ Platform Operator is running in namespace: helmcustomconfigit-operator
2025-01-30 04:06:03,176 INFO c.h.h.t.HelmChartContainer - [hivemq-test-hivemq-platform] [hivemq-platform-operator] [12f3db5b] 04:06:03.175 [main] INFO  c.h.p.o.HiveMQPlatformOperatorApplication - Watching all namespaces
2025-01-30 04:06:03,176 INFO c.h.h.t.HelmChartContainer - [hivemq-test-hivemq-platform] [hivemq-platform-operator] [12f3db5b] 04:06:03.175 [main] INFO  c.h.p.o.HiveMQPlatformOperatorApplication - Log level: DEBUG
2025-01-30 04:06:03,176 INFO c.h.h.t.HelmChartContainer - [hivemq-test-hivemq-platform] [hivemq-platform-operator] [12f3db5b] 04:06:03.175 [main] INFO  c.h.p.o.HiveMQPlatformOperatorApplication - Release name: test-hivemq-platform-operator
2025-01-30 04:06:03,177 INFO c.h.h.t.HelmChartContainer - [hivemq-test-hivemq-platform] [hivemq-platform-operator] [12f3db5b] 04:06:03.175 [main] INFO  c.h.p.o.HiveMQPlatformOperatorApplication - HiveMQ Platform Operator Init image: docker.io/hivemq/hivemq-platform-operator-init-test:snapshot
2025-01-30 04:06:03,177 INFO c.h.h.t.HelmChartContainer - [hivemq-test-hivemq-platform] [hivemq-platform-operator] [12f3db5b] 04:06:03.175 [main] INFO  c.h.p.o.HiveMQPlatformOperatorApplication - HiveMQ Platform Operator Init App update URL: http://hivemq-platform-operator-test-hivemq-platform-operator.helmcustomconfigit-operator.svc:8080/initAppUpdate/hivemq-platform-operator-init-app-1.7.0-SNAPSHOT.jar
2025-01-30 04:06:03,177 INFO c.h.h.t.HelmChartContainer - [hivemq-test-hivemq-platform] [hivemq-platform-operator] [12f3db5b] 04:06:03.175 [main] INFO  c.h.p.o.HiveMQPlatformOperatorApplication - Additional imagePullSecret for all Platform deployments: none
2025-01-30 04:06:03,177 INFO c.h.h.t.HelmChartContainer - [hivemq-test-hivemq-platform] [hivemq-platform-operator] [12f3db5b] 04:06:03.175 [main] INFO  c.h.p.o.HiveMQPlatformOperatorApplication - Apply HiveMQ Platform CRD: true
2025-01-30 04:06:03,177 INFO c.h.h.t.HelmChartContainer - [hivemq-test-hivemq-platform] [hivemq-platform-operator] [12f3db5b] 04:06:03.175 [main] INFO  c.h.p.o.HiveMQPlatformOperatorApplication - Create Platform ServiceAccount: true
2025-01-30 04:06:03,177 INFO c.h.h.t.HelmChartContainer - [hivemq-test-hivemq-platform] [hivemq-platform-operator] [12f3db5b] 04:06:03.175 [main] INFO  c.h.p.o.HiveMQPlatformOperatorApplication - Create Platform ServiceAccount permissions: true
2025-01-30 04:06:03,177 INFO c.h.h.t.HelmChartContainer - [hivemq-test-hivemq-platform] [hivemq-platform-operator] [12f3db5b] 04:06:03.175 [main] INFO  c.h.p.o.HiveMQPlatformOperatorApplication - Validate Platform ServiceAccount: true
2025-01-30 04:06:03,177 INFO c.h.h.t.HelmChartContainer - [hivemq-test-hivemq-platform] [hivemq-platform-operator] [12f3db5b] 04:06:03.176 [main] INFO  c.h.p.o.HiveMQPlatformOperatorApplication - Validate Platform ServiceAccount permissions: true
2025-01-30 04:06:03,193 INFO c.h.h.t.HelmChartContainer - [hivemq-test-hivemq-platform] [hivemq-platform-operator] [12f3db5b] 04:06:03.192 [main] INFO  c.h.platform.operator.util.CRDUtil - Verifying deployed HiveMQ Platform CRD...
2025-01-30 04:06:05,779 INFO c.h.h.t.HelmChartContainer - [hivemq-test-hivemq-platform] [hivemq-platform-operator] [12f3db5b] 04:06:05.779 [main] DEBUG c.h.platform.operator.util.CRDUtil - HiveMQ Platform CRD version v1 is up to date
2025-01-30 04:06:05,780 INFO c.h.h.t.HelmChartContainer - [hivemq-test-hivemq-platform] [hivemq-platform-operator] [12f3db5b] 04:06:05.779 [main] INFO  c.h.platform.operator.util.CRDUtil - HiveMQ Platform CRD is up to date (version: V1_6_0)
2025-01-30 04:06:05,780 INFO c.h.h.t.HelmChartContainer - [hivemq-test-hivemq-platform] [hivemq-platform-operator] [12f3db5b] 04:06:05.779 [main] INFO  c.h.platform.operator.util.CRDUtil - Waiting 10000 ms for HiveMQ Platform CRD 'hivemq-platforms.hivemq.com' to become ready...
2025-01-30 04:06:05,989 INFO c.h.h.t.HelmChartContainer - [hivemq-test-hivemq-platform] [hivemq-platform-operator] [12f3db5b] 04:06:05.987 [vert.x-eventloop-thread-1] DEBUG c.h.platform.operator.util.CRDUtil - Checking CRD condition 'NamesAccepted' (status: 'True')
2025-01-30 04:06:05,989 INFO c.h.h.t.HelmChartContainer - [hivemq-test-hivemq-platform] [hivemq-platform-operator] [12f3db5b] 04:06:05.988 [vert.x-eventloop-thread-1] DEBUG c.h.platform.operator.util.CRDUtil - Checking CRD condition 'Established' (status: 'True')
2025-01-30 04:06:05,990 INFO c.h.h.t.HelmChartContainer - [hivemq-test-hivemq-platform] [hivemq-platform-operator] [12f3db5b] 04:06:05.989 [main] INFO  c.h.platform.operator.util.CRDUtil - HiveMQ Platform CRD 'hivemq-platforms.hivemq.com' is ready
2025-01-30 04:06:06,192 INFO c.h.h.t.HelmChartContainer - [hivemq-test-hivemq-platform] [hivemq-platform-operator] [12f3db5b] 04:06:06.191 [main] INFO  c.h.p.o.HiveMQPlatformReconciler - HiveMQ Platform Operator is starting...
2025-01-30 04:06:06,296 INFO c.h.h.t.HelmChartContainer - [hivemq-test-hivemq-platform] [hivemq-platform-operator] [12f3db5b] 04:06:06.295 [main] WARN  Default ConfigurationService implementation - Configuration for reconciler 'hivemq-controller' was not found. Known reconcilers: None.
2025-01-30 04:06:06,381 INFO c.h.h.t.HelmChartContainer - [hivemq-test-hivemq-platform] [hivemq-platform-operator] [12f3db5b] 04:06:06.380 [main] INFO  Default ConfigurationService implementation - Created configuration for reconciler com.hivemq.platform.operator.HiveMQPlatformReconciler with name hivemq-controller
2025-01-30 04:06:06,485 INFO c.h.h.t.HelmChartContainer - [hivemq-test-hivemq-platform] [hivemq-platform-operator] [12f3db5b] 04:06:06.484 [main] DEBUG c.h.p.o.HiveMQPlatformReconciler - HiveMQ Platform Operator is preparing EventSources
2025-01-30 04:06:06,498 INFO c.h.h.t.HelmChartContainer - [hivemq-test-hivemq-platform] [hivemq-platform-operator] [12f3db5b] 04:06:06.497 [main] INFO  i.javaoperatorsdk.operator.Operator - Registered reconciler: 'hivemq-controller' for resource: 'class com.hivemq.platform.operator.v1.HiveMQPlatform' for namespace(s): [all namespaces]
2025-01-30 04:06:07,099 INFO c.h.h.t.HelmChartContainer - [hivemq-test-hivemq-platform] [hivemq-platform-operator] [12f3db5b] 04:06:07.098 [main] INFO  c.h.p.operator.webserver.JettyServer - Starting Jetty server on port 8080
2025-01-30 04:06:07,195 INFO c.h.h.t.HelmChartContainer - [hivemq-test-hivemq-platform] [hivemq-platform-operator] [12f3db5b] 04:06:07.194 [main] INFO  i.javaoperatorsdk.operator.Operator - Operator SDK 4.9.7 (commit: 2133d28) built on Wed Nov 20 12:56:20 UTC 2024 starting...
2025-01-30 04:06:07,196 INFO c.h.h.t.HelmChartContainer - [hivemq-test-hivemq-platform] [hivemq-platform-operator] [12f3db5b] 04:06:07.195 [main] INFO  i.javaoperatorsdk.operator.Operator - Client version: 6.13.5
2025-01-30 04:06:07,197 INFO c.h.h.t.HelmChartContainer - [hivemq-test-hivemq-platform] [hivemq-platform-operator] [12f3db5b] 04:06:07.196 [Controller Starter for: hivemq-controller] INFO  i.j.operator.processing.Controller - Starting 'hivemq-controller' controller for reconciler: com.hivemq.platform.operator.HiveMQPlatformReconciler, resource: com.hivemq.platform.operator.v1.HiveMQPlatform
2025-01-30 04:06:09,582 INFO c.h.h.t.HelmChartContainer - [hivemq-test-hivemq-platform] [hivemq-platform-operator] [12f3db5b] 04:06:09.580 [Controller Starter for: hivemq-controller] INFO  i.j.operator.processing.Controller - 'hivemq-controller' controller started
2025-01-30 04:06:09,582 INFO c.h.h.t.HelmChartContainer - [hivemq-test-hivemq-platform] [hivemq-platform-operator] [12f3db5b] 04:06:09.581 [main] INFO  c.h.p.o.HiveMQPlatformOperatorApplication - HiveMQ Platform Operator 1.7.0-SNAPSHOT started in 6485 ms
2025-01-30 04:06:11,719 INFO c.h.h.t.HelmChartContainer - [POD] hivemq-test-hivemq-platform-operator-6966f96d65-9vb2l [12f3db5b-864a-4c8a-8a7b-ad0e6c2c6bb7] in helmcustomconfigit-operator was MODIFIED
2025-01-30 04:06:11,725 INFO c.h.h.t.HelmChartContainer - [K3S] [replica_set.go:679] "Finished syncing" kind="ReplicaSet" key="helmcustomconfigit-operator/hivemq-test-hivemq-platform-operator-6966f96d65" duration="8.339458ms"
2025-01-30 04:06:11,728 INFO c.h.h.t.HelmChartContainer - [K3S] [replica_set.go:679] "Finished syncing" kind="ReplicaSet" key="helmcustomconfigit-operator/hivemq-test-hivemq-platform-operator-6966f96d65" duration="59.25µs"
2025-01-30 04:06:11,924 INFO com.hivemq.helmcharts.util.K8sUtil - Pod 'hivemq-test-hivemq-platform-operator-6966f96d65-9vb2l' is ready
2025-01-30 04:06:11,982 DEBUG c.h.h.t.HelmChartContainer - Executing helm command: /bin/helm --kubeconfig /etc/rancher/k3s/k3s.yaml install test-hivemq-platform /charts/hivemq-platform --wait --timeout 5m0s --set image.repository=docker.io/hivemq --set image.tag=4.36.0 --set image.pullPolicy=Never --set nodes.resources.cpu=512m --set-file config.overrideHiveMQConfig=/files/hivemq-config-override.xml --namespace helmcustomconfigit
2025-01-30 04:06:12,496 INFO c.h.h.t.HelmChartContainer - [hivemq-test-hivemq-platform] [hivemq-platform-operator] [12f3db5b] 04:06:12.495 [-2082509879-pool-1-thread-5] WARN  i.m.p.PrometheusMeterRegistry - The meter (MeterId{name='operator.sdk.events.received', tags=[tag(action=ADDED),tag(event=ResourceEvent),tag(group=hivemq.com),tag(kind=HiveMQPlatform),tag(name=test-hivemq-platform),tag(namespace=helmcustomconfigit),tag(scope=namespace),tag(version=v1)]}) registration has failed: Prometheus requires that all meters with the same name have the same set of tag keys. There is already an existing meter named 'operator.sdk.events.received' containing tag keys [event, group, kind, name, namespace, scope, version]. The meter you are attempting to register has keys [action, event, group, kind, name, namespace, scope, version]. Note that subsequent logs will be logged at debug level.
2025-01-30 04:06:12,892 INFO c.h.h.t.HelmChartContainer - [hivemq-test-hivemq-platform] [hivemq-platform-operator] [12f3db5b] 04:06:12.890 [pool-6-thread-3] DEBUG c.h.p.o.dependants.PodInfoConfigMap - [helmcust] Desired PodInfo ConfigMap (1 extensions) (1 enabled)
2025-01-30 04:06:12,893 INFO c.h.h.t.HelmChartContainer - [hivemq-test-hivemq-platform] [hivemq-platform-operator] [12f3db5b] 04:06:12.891 [pool-6-thread-3] DEBUG c.h.p.o.dependants.PodInfoConfigMap - [helmcust] Desired PodInfo ConfigMap (metrics port: 9399) (metrics path: /)
2025-01-30 04:06:12,893 INFO c.h.h.t.HelmChartContainer - [hivemq-test-hivemq-platform] [hivemq-platform-operator] [12f3db5b] 04:06:12.892 [pool-6-thread-3] DEBUG c.h.p.o.dependants.PodInfoConfigMap - [helmcust] Desired PodInfo ConfigMap (extension state hash: -1817474005)
2025-01-30 04:06:12,895 INFO c.h.h.t.HelmChartContainer - [hivemq-test-hivemq-platform] [hivemq-platform-operator] [12f3db5b] 04:06:12.894 [pool-6-thread-3] DEBUG c.h.p.o.dependants.PodInfoConfigMap - [helmcust] Create PodInfo ConfigMap
2025-01-30 04:06:12,993 INFO c.h.h.t.HelmChartContainer - [hivemq-test-hivemq-platform] [hivemq-platform-operator] [12f3db5b] 04:06:12.988 [pool-6-thread-5] DEBUG c.h.p.o.dependants.PodRoleResource - [helmcust] Create Role: Role(apiVersion=rbac.authorization.k8s.io/v1, kind=Role, metadata=ObjectMeta(annotations={meta.helm.sh/release-name=test-hivemq-platform, meta.helm.sh/release-namespace=helmcustomconfigit}, creationTimestamp=null, deletionGracePeriodSeconds=null, deletionTimestamp=null, finalizers=[], generateName=null, generation=null, labels={helm.sh/chart=hivemq-platform-0.2.32, app.kubernetes.io/managed-by=Helm, app.kubernetes.io/name=hivemq-platform, hivemq-platform=test-hivemq-platform, app.kubernetes.io/instance=test-hivemq-platform, app.kubernetes.io/version=4.36.0}, managedFields=[], name=hivemq-platform-role-test-hivemq-platform, namespace=helmcustomconfigit, ownerReferences=[OwnerReference(apiVersion=hivemq.com/v1, blockOwnerDeletion=null, controller=null, kind=HiveMQPlatform, name=test-hivemq-platform, uid=f2237f08-f710-479d-8a50-c24290794db2, additionalProperties={})], resourceVersion=null, selfLink=null, uid=null, additionalProperties={}), rules=[PolicyRule(apiGroups=[], nonResourceURLs=[], resourceNames=[], resources=[pods], verbs=[get, patch, update], additionalProperties={})], additionalProperties={})
2025-01-30 04:06:13,185 INFO c.h.h.t.HelmChartContainer - [hivemq-test-hivemq-platform] [hivemq-platform-operator] [12f3db5b] 04:06:13.182 [pool-6-thread-7] DEBUG c.h.p.o.d.PodServiceAccountResource - [helmcust] Desired PodServiceAccountResource (serviceAccountName: hivemq-platform-pod-test-hivemq-platform)
2025-01-30 04:06:13,185 INFO c.h.h.t.HelmChartContainer - [hivemq-test-hivemq-platform] [hivemq-platform-operator] [12f3db5b] 04:06:13.182 [pool-6-thread-7] DEBUG c.h.p.o.d.PodServiceAccountResource - [helmcust] Create ServiceAccount 'hivemq-platform-pod-test-hivemq-platform'
2025-01-30 04:06:13,289 INFO c.h.h.t.HelmChartContainer - [hivemq-test-hivemq-platform] [hivemq-platform-operator] [12f3db5b] 04:06:13.288 [pool-6-thread-10] DEBUG c.h.p.o.d.PodRoleBindingResource - [helmcust] Create RoleBinding: RoleBinding(apiVersion=rbac.authorization.k8s.io/v1, kind=RoleBinding, metadata=ObjectMeta(annotations={meta.helm.sh/release-name=test-hivemq-platform, meta.helm.sh/release-namespace=helmcustomconfigit}, creationTimestamp=null, deletionGracePeriodSeconds=null, deletionTimestamp=null, finalizers=[], generateName=null, generation=null, labels={helm.sh/chart=hivemq-platform-0.2.32, app.kubernetes.io/managed-by=Helm, app.kubernetes.io/name=hivemq-platform, hivemq-platform=test-hivemq-platform, app.kubernetes.io/instance=test-hivemq-platform, app.kubernetes.io/version=4.36.0}, managedFields=[], name=hivemq-platform-role-binding-test-hivemq-platform, namespace=helmcustomconfigit, ownerReferences=[OwnerReference(apiVersion=hivemq.com/v1, blockOwnerDeletion=null, controller=null, kind=HiveMQPlatform, name=test-hivemq-platform, uid=f2237f08-f710-479d-8a50-c24290794db2, additionalProperties={})], resourceVersion=null, selfLink=null, uid=null, additionalProperties={}), roleRef=RoleRef(apiGroup=rbac.authorization.k8s.io, kind=Role, name=hivemq-platform-role-test-hivemq-platform, additionalProperties={}), subjects=[Subject(apiGroup=null, kind=ServiceAccount, name=hivemq-platform-pod-test-hivemq-platform, namespace=helmcustomconfigit, additionalProperties={})], additionalProperties={})
2025-01-30 04:06:13,382 INFO c.h.h.t.HelmChartContainer - [hivemq-test-hivemq-platform] [hivemq-platform-operator] [12f3db5b] 04:06:13.380 [ReconcilerExecutor-hivemq-controller-54] INFO  c.h.p.o.HiveMQPlatformReconciler - [helmcust] Reconciling HiveMQ Platform 'test-hivemq-platform' in namespace 'helmcustomconfigit'
2025-01-30 04:06:13,382 INFO c.h.h.t.HelmChartContainer - [hivemq-test-hivemq-platform] [hivemq-platform-operator] [12f3db5b] 04:06:13.381 [ReconcilerExecutor-hivemq-controller-54] DEBUG c.h.p.o.HiveMQPlatformReconciler - [helmcust] Custom Resource Status CREATED - HiveMQ Platform was created (READY)
2025-01-30 04:06:13,382 INFO c.h.h.t.HelmChartContainer - [hivemq-test-hivemq-platform] [hivemq-platform-operator] [12f3db5b] 04:06:13.381 [ReconcilerExecutor-hivemq-controller-54] DEBUG c.h.p.o.HiveMQPlatformReconciler - [helmcust] Custom Resource Spec (replicas: 2) (extensions: 1)
2025-01-30 04:06:13,385 INFO c.h.h.t.HelmChartContainer - [hivemq-test-hivemq-platform] [hivemq-platform-operator] [12f3db5b] 04:06:13.384 [ReconcilerExecutor-hivemq-controller-54] INFO  c.h.p.o.h.HiveMQPlatformReconcilerBaseHandler - [helmcust] HiveMQ Platform is starting
2025-01-30 04:06:13,493 INFO c.h.h.t.HelmChartContainer - [hivemq-test-hivemq-platform] [hivemq-platform-operator] [12f3db5b] 04:06:13.492 [ReconcilerExecutor-hivemq-controller-54] DEBUG c.h.p.operator.event.EventSender - [helmcust] Creating K8s event hivemq-platform-starting: [Start] HiveMQ Platform is starting
2025-01-30 04:06:13,503 INFO c.h.h.t.HelmChartContainer - [EVENT] Normal [Start] HiveMQ Platform is starting [helmcustomconfigit:test-hivemq-platform]
2025-01-30 04:06:13,583 INFO c.h.h.t.HelmChartContainer - [hivemq-test-hivemq-platform] [hivemq-platform-operator] [12f3db5b] 04:06:13.582 [ReconcilerExecutor-hivemq-controller-54] INFO  c.h.p.o.h.AbstractHiveMQReconcilerStateHandler - [helmcust] Update HiveMQ Platform Status (CREATED [READY] -> STARTING [READY]): HiveMQ Platform is starting
2025-01-30 04:06:13,597 DEBUG com.hivemq.helmcharts.util.K8sUtil - Comparing actual state 'STARTING' and waiting for 'RUNNING'
2025-01-30 04:06:23,691 INFO c.h.h.t.HelmChartContainer - [hivemq-test-hivemq-platform] [hivemq-platform-operator] [12f3db5b] 04:06:23.687 [pool-6-thread-12] DEBUG c.h.p.o.d.PlatformServiceResource - [helmcust] Desired Platform services (3 services)
2025-01-30 04:06:23,692 INFO c.h.h.t.HelmChartContainer - [hivemq-test-hivemq-platform] [hivemq-platform-operator] [12f3db5b] 04:06:23.689 [pool-6-thread-13] DEBUG c.h.p.o.dependants.PodInfoConfigMap - [helmcust] Desired PodInfo ConfigMap (1 extensions) (1 enabled)
2025-01-30 04:06:23,692 INFO c.h.h.t.HelmChartContainer - [hivemq-test-hivemq-platform] [hivemq-platform-operator] [12f3db5b] 04:06:23.690 [pool-6-thread-13] DEBUG c.h.p.o.dependants.PodInfoConfigMap - [helmcust] Desired PodInfo ConfigMap (metrics port: 9399) (metrics path: /)
2025-01-30 04:06:23,692 INFO c.h.h.t.HelmChartContainer - [hivemq-test-hivemq-platform] [hivemq-platform-operator] [12f3db5b] 04:06:23.690 [pool-6-thread-13] DEBUG c.h.p.o.dependants.PodInfoConfigMap - [helmcust] Desired PodInfo ConfigMap (extension state hash: -1817474005)
2025-01-30 04:06:23,695 INFO c.h.h.t.HelmChartContainer - [hivemq-test-hivemq-platform] [hivemq-platform-operator] [12f3db5b] 04:06:23.693 [pool-6-thread-17] DEBUG c.h.p.o.d.PodServiceAccountResource - [helmcust] Desired PodServiceAccountResource (serviceAccountName: hivemq-platform-pod-test-hivemq-platform)
2025-01-30 04:06:23,704 INFO c.h.h.t.HelmChartContainer - [K3S] [alloc.go:330] "allocated clusterIPs" service="helmcustomconfigit/hivemq-test-hivemq-platform-cc-8080" clusterIPs={"IPv4":"10.43.34.57"}
2025-01-30 04:06:23,781 INFO c.h.h.t.HelmChartContainer - [hivemq-test-hivemq-platform] [hivemq-platform-operator] [12f3db5b] 04:06:23.779 [pool-6-thread-13] DEBUG c.h.p.o.dependants.PodInfoConfigMap - [helmcust] Update PodInfo ConfigMap
2025-01-30 04:06:23,794 INFO c.h.h.t.HelmChartContainer - [K3S] [alloc.go:330] "allocated clusterIPs" service="helmcustomconfigit/hivemq-test-hivemq-platform-metrics-9399" clusterIPs={"IPv4":"10.43.60.163"}
2025-01-30 04:06:23,805 INFO c.h.h.t.HelmChartContainer - [K3S] [alloc.go:330] "allocated clusterIPs" service="helmcustomconfigit/hivemq-test-hivemq-platform-mqtt-1883" clusterIPs={"IPv4":"10.43.68.60"}
2025-01-30 04:06:23,883 INFO c.h.h.t.HelmChartContainer - [hivemq-test-hivemq-platform] [hivemq-platform-operator] [12f3db5b] 04:06:23.881 [pool-6-thread-20] DEBUG c.h.p.o.d.StatefulSetResource - [helmcust] Desired StatefulSet (2 replicas) for status STARTING (READY)
2025-01-30 04:06:23,894 INFO c.h.h.t.HelmChartContainer - [hivemq-test-hivemq-platform] [hivemq-platform-operator] [12f3db5b] 04:06:23.893 [pool-6-thread-20] DEBUG c.h.p.o.d.StatefulSetResource - [helmcust] Create StatefulSet
2025-01-30 04:06:24,000 INFO c.h.h.t.HelmChartContainer - [hivemq-test-hivemq-platform] [hivemq-platform-operator] [12f3db5b] 04:06:23.997 [ReconcilerExecutor-hivemq-controller-65] INFO  c.h.p.o.HiveMQPlatformReconciler - [helmcust] Reconciling HiveMQ Platform 'test-hivemq-platform' in namespace 'helmcustomconfigit'
2025-01-30 04:06:24,001 INFO c.h.h.t.HelmChartContainer - [hivemq-test-hivemq-platform] [hivemq-platform-operator] [12f3db5b] 04:06:23.998 [ReconcilerExecutor-hivemq-controller-65] DEBUG c.h.p.o.HiveMQPlatformReconciler - [helmcust] Custom Resource Status STARTING - HiveMQ Platform is starting (READY)
2025-01-30 04:06:24,001 INFO c.h.h.t.HelmChartContainer - [hivemq-test-hivemq-platform] [hivemq-platform-operator] [12f3db5b] 04:06:23.998 [ReconcilerExecutor-hivemq-controller-65] DEBUG c.h.p.o.HiveMQPlatformReconciler - [helmcust] Custom Resource Spec (replicas: 2) (extensions: 1)
2025-01-30 04:06:24,003 INFO c.h.h.t.HelmChartContainer - [POD] test-hivemq-platform-0 [1a7e049f-8940-408b-b5bd-513126cebd1d] in helmcustomconfigit was ADDED
2025-01-30 04:06:24,003 INFO c.h.h.t.HelmChartContainer - [EVENT] Normal [SuccessfulCreate] create Pod test-hivemq-platform-0 in StatefulSet test-hivemq-platform successful [helmcustomconfigit:test-hivemq-platform]
2025-01-30 04:06:24,008 INFO c.h.h.t.HelmChartContainer - [EVENT] Normal [Scheduled] Successfully assigned helmcustomconfigit/test-hivemq-platform-0 to bb975d1fd0a5 [helmcustomconfigit:test-hivemq-platform-0]
2025-01-30 04:06:24,010 INFO c.h.h.t.HelmChartContainer - [POD] test-hivemq-platform-0 [1a7e049f-8940-408b-b5bd-513126cebd1d] in helmcustomconfigit was MODIFIED
2025-01-30 04:06:24,018 INFO c.h.h.t.HelmChartContainer - [POD] test-hivemq-platform-0 [1a7e049f-8940-408b-b5bd-513126cebd1d] in helmcustomconfigit was MODIFIED
2025-01-30 04:06:24,083 INFO c.h.h.t.HelmChartContainer - [hivemq-test-hivemq-platform] [hivemq-platform-operator] [12f3db5b] 04:06:24.080 [ReconcilerExecutor-hivemq-controller-65] DEBUG c.h.p.o.HiveMQPlatformReconciler - [helmcust] StatefulSet Status (revision: null, replicas: 0, available: 0, ready: 0, current: 0, updated: 0)
2025-01-30 04:06:24,083 INFO c.h.h.t.HelmChartContainer - [hivemq-test-hivemq-platform] [hivemq-platform-operator] [12f3db5b] 04:06:24.080 [ReconcilerExecutor-hivemq-controller-65] DEBUG c.h.p.o.HiveMQPlatformReconciler - [helmcust] StatefulSet Spec (replicas: 2, init containers: 1, containers: 1, volumes: 3)
2025-01-30 04:06:24,092 INFO c.h.h.t.HelmChartContainer - [hivemq-test-hivemq-platform] [hivemq-platform-operator] [12f3db5b] 04:06:24.091 [ReconcilerExecutor-hivemq-controller-65] DEBUG c.h.p.o.h.HiveMQPlatformReconcilerErrorHandler - [helmcust] Pod 'test-hivemq-platform-0' phase Pending
2025-01-30 04:06:24,093 INFO c.h.h.t.HelmChartContainer - [hivemq-test-hivemq-platform] [hivemq-platform-operator] [12f3db5b] 04:06:24.092 [ReconcilerExecutor-hivemq-controller-65] DEBUG c.h.p.o.h.HiveMQPlatformReconcilerErrorHandler - [helmcust] Pod 'test-hivemq-platform-0' condition 'PodScheduled': True
2025-01-30 04:06:24,095 INFO c.h.h.t.HelmChartContainer - [hivemq-test-hivemq-platform] [hivemq-platform-operator] [12f3db5b] 04:06:24.094 [ReconcilerExecutor-hivemq-controller-65] INFO  c.h.p.o.h.HiveMQPlatformReconcilerBaseHandler - [helmcust] HiveMQ Platform is starting, 0 of 2 replicas are ready
2025-01-30 04:06:24,152 INFO c.h.h.t.HelmChartContainer - [K3S] [reconciler_common.go:251] "operationExecutor.VerifyControllerAttachedVolume started for volume \"pod-info\" (UniqueName: \"kubernetes.io/configmap/1a7e049f-8940-408b-b5bd-513126cebd1d-pod-info\") pod \"test-hivemq-platform-0\" (UID: \"1a7e049f-8940-408b-b5bd-513126cebd1d\") " pod="helmcustomconfigit/test-hivemq-platform-0"
2025-01-30 04:06:24,152 INFO c.h.h.t.HelmChartContainer - [K3S] [reconciler_common.go:251] "operationExecutor.VerifyControllerAttachedVolume started for volume \"kube-api-access-cgvt8\" (UniqueName: \"kubernetes.io/projected/1a7e049f-8940-408b-b5bd-513126cebd1d-kube-api-access-cgvt8\") pod \"test-hivemq-platform-0\" (UID: \"1a7e049f-8940-408b-b5bd-513126cebd1d\") " pod="helmcustomconfigit/test-hivemq-platform-0"
2025-01-30 04:06:24,152 INFO c.h.h.t.HelmChartContainer - [K3S] [reconciler_common.go:251] "operationExecutor.VerifyControllerAttachedVolume started for volume \"broker-configuration\" (UniqueName: \"kubernetes.io/configmap/1a7e049f-8940-408b-b5bd-513126cebd1d-broker-configuration\") pod \"test-hivemq-platform-0\" (UID: \"1a7e049f-8940-408b-b5bd-513126cebd1d\") " pod="helmcustomconfigit/test-hivemq-platform-0"
2025-01-30 04:06:24,152 INFO c.h.h.t.HelmChartContainer - [K3S] [reconciler_common.go:251] "operationExecutor.VerifyControllerAttachedVolume started for volume \"operator-init\" (UniqueName: \"kubernetes.io/empty-dir/1a7e049f-8940-408b-b5bd-513126cebd1d-operator-init\") pod \"test-hivemq-platform-0\" (UID: \"1a7e049f-8940-408b-b5bd-513126cebd1d\") " pod="helmcustomconfigit/test-hivemq-platform-0"
2025-01-30 04:06:24,185 INFO c.h.h.t.HelmChartContainer - [hivemq-test-hivemq-platform] [hivemq-platform-operator] [12f3db5b] 04:06:24.183 [pool-6-thread-22] DEBUG c.h.p.o.d.PlatformServiceResource - [helmcust] Desired Platform services (3 services)
2025-01-30 04:06:24,185 INFO c.h.h.t.HelmChartContainer - [hivemq-test-hivemq-platform] [hivemq-platform-operator] [12f3db5b] 04:06:24.184 [pool-6-thread-23] DEBUG c.h.p.o.dependants.PodInfoConfigMap - [helmcust] Desired PodInfo ConfigMap (1 extensions) (1 enabled)
2025-01-30 04:06:24,188 INFO c.h.h.t.HelmChartContainer - [hivemq-test-hivemq-platform] [hivemq-platform-operator] [12f3db5b] 04:06:24.185 [pool-6-thread-23] DEBUG c.h.p.o.dependants.PodInfoConfigMap - [helmcust] Desired PodInfo ConfigMap (metrics port: 9399) (metrics path: /)
2025-01-30 04:06:24,188 INFO c.h.h.t.HelmChartContainer - [hivemq-test-hivemq-platform] [hivemq-platform-operator] [12f3db5b] 04:06:24.185 [pool-6-thread-23] DEBUG c.h.p.o.dependants.PodInfoConfigMap - [helmcust] Desired PodInfo ConfigMap (extension state hash: -1817474005)
2025-01-30 04:06:24,193 INFO c.h.h.t.HelmChartContainer - [hivemq-test-hivemq-platform] [hivemq-platform-operator] [12f3db5b] 04:06:24.192 [pool-6-thread-27] DEBUG c.h.p.o.d.PodServiceAccountResource - [helmcust] Desired PodServiceAccountResource (serviceAccountName: hivemq-platform-pod-test-hivemq-platform)
2025-01-30 04:06:24,285 INFO c.h.h.t.HelmChartContainer - [hivemq-test-hivemq-platform] [hivemq-platform-operator] [12f3db5b] 04:06:24.284 [pool-6-thread-30] DEBUG c.h.p.o.d.StatefulSetResource - [helmcust] Desired StatefulSet (2 replicas) for status STARTING (READY)
2025-01-30 04:06:24,292 INFO c.h.h.t.HelmChartContainer - [hivemq-test-hivemq-platform] [hivemq-platform-operator] [12f3db5b] 04:06:24.290 [ReconcilerExecutor-hivemq-controller-76] INFO  c.h.p.o.HiveMQPlatformReconciler - [helmcust] Reconciling HiveMQ Platform 'test-hivemq-platform' in namespace 'helmcustomconfigit'
2025-01-30 04:06:24,292 INFO c.h.h.t.HelmChartContainer - [hivemq-test-hivemq-platform] [hivemq-platform-operator] [12f3db5b] 04:06:24.290 [ReconcilerExecutor-hivemq-controller-76] DEBUG c.h.p.o.HiveMQPlatformReconciler - [helmcust] Custom Resource Status STARTING - HiveMQ Platform is starting (READY)
2025-01-30 04:06:24,292 INFO c.h.h.t.HelmChartContainer - [hivemq-test-hivemq-platform] [hivemq-platform-operator] [12f3db5b] 04:06:24.291 [ReconcilerExecutor-hivemq-controller-76] DEBUG c.h.p.o.HiveMQPlatformReconciler - [helmcust] Custom Resource Spec (replicas: 2) (extensions: 1)
2025-01-30 04:06:24,295 INFO c.h.h.t.HelmChartContainer - [hivemq-test-hivemq-platform] [hivemq-platform-operator] [12f3db5b] 04:06:24.294 [ReconcilerExecutor-hivemq-controller-76] DEBUG c.h.p.o.HiveMQPlatformReconciler - [helmcust] StatefulSet Status (revision: test-hivemq-platform-7f5f89548, replicas: 1, available: 0, ready: 0, current: 1, updated: 1)
2025-01-30 04:06:24,295 INFO c.h.h.t.HelmChartContainer - [hivemq-test-hivemq-platform] [hivemq-platform-operator] [12f3db5b] 04:06:24.294 [ReconcilerExecutor-hivemq-controller-76] DEBUG c.h.p.o.HiveMQPlatformReconciler - [helmcust] StatefulSet Spec (replicas: 2, init containers: 1, containers: 1, volumes: 3)
2025-01-30 04:06:24,384 INFO c.h.h.t.HelmChartContainer - [hivemq-test-hivemq-platform] [hivemq-platform-operator] [12f3db5b] 04:06:24.380 [ReconcilerExecutor-hivemq-controller-76] DEBUG c.h.p.o.h.HiveMQPlatformReconcilerErrorHandler - [helmcust] Pod 'test-hivemq-platform-0' phase Pending
2025-01-30 04:06:24,385 INFO c.h.h.t.HelmChartContainer - [hivemq-test-hivemq-platform] [hivemq-platform-operator] [12f3db5b] 04:06:24.381 [ReconcilerExecutor-hivemq-controller-76] DEBUG c.h.p.o.h.HiveMQPlatformReconcilerErrorHandler - [helmcust] Pod 'test-hivemq-platform-0' condition 'PodReadyToStartContainers': False
2025-01-30 04:06:24,385 INFO c.h.h.t.HelmChartContainer - [hivemq-test-hivemq-platform] [hivemq-platform-operator] [12f3db5b] 04:06:24.381 [ReconcilerExecutor-hivemq-controller-76] DEBUG c.h.p.o.h.HiveMQPlatformReconcilerErrorHandler - [helmcust] Pod 'test-hivemq-platform-0' condition 'Initialized': False
2025-01-30 04:06:24,385 INFO c.h.h.t.HelmChartContainer - [hivemq-test-hivemq-platform] [hivemq-platform-operator] [12f3db5b] 04:06:24.381 [ReconcilerExecutor-hivemq-controller-76] DEBUG c.h.p.o.h.HiveMQPlatformReconcilerErrorHandler - [helmcust] Pod 'test-hivemq-platform-0' condition 'Ready': False
2025-01-30 04:06:24,385 INFO c.h.h.t.HelmChartContainer - [hivemq-test-hivemq-platform] [hivemq-platform-operator] [12f3db5b] 04:06:24.381 [ReconcilerExecutor-hivemq-controller-76] DEBUG c.h.p.o.h.HiveMQPlatformReconcilerErrorHandler - [helmcust] Pod 'test-hivemq-platform-0' condition 'ContainersReady': False
2025-01-30 04:06:24,385 INFO c.h.h.t.HelmChartContainer - [hivemq-test-hivemq-platform] [hivemq-platform-operator] [12f3db5b] 04:06:24.381 [ReconcilerExecutor-hivemq-controller-76] DEBUG c.h.p.o.h.HiveMQPlatformReconcilerErrorHandler - [helmcust] Pod 'test-hivemq-platform-0' condition 'PodScheduled': True
2025-01-30 04:06:24,385 INFO c.h.h.t.HelmChartContainer - [hivemq-test-hivemq-platform] [hivemq-platform-operator] [12f3db5b] 04:06:24.381 [ReconcilerExecutor-hivemq-controller-76] DEBUG c.h.p.o.h.HiveMQPlatformReconcilerErrorHandler - [helmcust] Pod 'test-hivemq-platform-0' containerStatus 'hivemq' (started: false) (ready: false) (waiting: [PodInitializing] null)
2025-01-30 04:06:24,387 INFO c.h.h.t.HelmChartContainer - [hivemq-test-hivemq-platform] [hivemq-platform-operator] [12f3db5b] 04:06:24.386 [ReconcilerExecutor-hivemq-controller-76] INFO  c.h.p.o.h.HiveMQPlatformReconcilerBaseHandler - [helmcust] HiveMQ Platform is starting, 0 of 2 replicas are ready
2025-01-30 04:06:24,394 INFO c.h.h.t.HelmChartContainer - [hivemq-test-hivemq-platform] [hivemq-platform-operator] [12f3db5b] 04:06:24.393 [pool-6-thread-32] DEBUG c.h.p.o.d.PlatformServiceResource - [helmcust] Desired Platform services (3 services)
2025-01-30 04:06:24,397 INFO c.h.h.t.HelmChartContainer - [hivemq-test-hivemq-platform] [hivemq-platform-operator] [12f3db5b] 04:06:24.395 [pool-6-thread-33] DEBUG c.h.p.o.dependants.PodInfoConfigMap - [helmcust] Desired PodInfo ConfigMap (1 extensions) (1 enabled)
2025-01-30 04:06:24,398 INFO c.h.h.t.HelmChartContainer - [hivemq-test-hivemq-platform] [hivemq-platform-operator] [12f3db5b] 04:06:24.395 [pool-6-thread-33] DEBUG c.h.p.o.dependants.PodInfoConfigMap - [helmcust] Desired PodInfo ConfigMap (metrics port: 9399) (metrics path: /)
2025-01-30 04:06:24,398 INFO c.h.h.t.HelmChartContainer - [hivemq-test-hivemq-platform] [hivemq-platform-operator] [12f3db5b] 04:06:24.395 [pool-6-thread-33] DEBUG c.h.p.o.dependants.PodInfoConfigMap - [helmcust] Desired PodInfo ConfigMap (extension state hash: -1817474005)
2025-01-30 04:06:24,400 INFO c.h.h.t.HelmChartContainer - [hivemq-test-hivemq-platform] [hivemq-platform-operator] [12f3db5b] 04:06:24.399 [pool-6-thread-37] DEBUG c.h.p.o.d.PodServiceAccountResource - [helmcust] Desired PodServiceAccountResource (serviceAccountName: hivemq-platform-pod-test-hivemq-platform)
2025-01-30 04:06:24,407 INFO c.h.h.t.HelmChartContainer - [EVENT] Normal [Pulled] Container image "docker.io/hivemq/hivemq-platform-operator-init-test:snapshot" already present on machine [helmcustomconfigit:test-hivemq-platform-0]
2025-01-30 04:06:24,488 INFO c.h.h.t.HelmChartContainer - [hivemq-test-hivemq-platform] [hivemq-platform-operator] [12f3db5b] 04:06:24.485 [pool-6-thread-40] DEBUG c.h.p.o.d.StatefulSetResource - [helmcust] Desired StatefulSet (2 replicas) for status STARTING (READY)
2025-01-30 04:06:24,491 INFO c.h.h.t.HelmChartContainer - [hivemq-test-hivemq-platform] [hivemq-platform-operator] [12f3db5b] 04:06:24.490 [ReconcilerExecutor-hivemq-controller-87] INFO  c.h.p.o.HiveMQPlatformReconciler - [helmcust] Reconciling HiveMQ Platform 'test-hivemq-platform' in namespace 'helmcustomconfigit'
2025-01-30 04:06:24,491 INFO c.h.h.t.HelmChartContainer - [hivemq-test-hivemq-platform] [hivemq-platform-operator] [12f3db5b] 04:06:24.490 [ReconcilerExecutor-hivemq-controller-87] DEBUG c.h.p.o.HiveMQPlatformReconciler - [helmcust] Custom Resource Status STARTING - HiveMQ Platform is starting (READY)
2025-01-30 04:06:24,492 INFO c.h.h.t.HelmChartContainer - [hivemq-test-hivemq-platform] [hivemq-platform-operator] [12f3db5b] 04:06:24.490 [ReconcilerExecutor-hivemq-controller-87] DEBUG c.h.p.o.HiveMQPlatformReconciler - [helmcust] Custom Resource Spec (replicas: 2) (extensions: 1)
2025-01-30 04:06:24,495 INFO c.h.h.t.HelmChartContainer - [hivemq-test-hivemq-platform] [hivemq-platform-operator] [12f3db5b] 04:06:24.492 [ReconcilerExecutor-hivemq-controller-87] DEBUG c.h.p.o.HiveMQPlatformReconciler - [helmcust] StatefulSet Status (revision: test-hivemq-platform-7f5f89548, replicas: 1, available: 0, ready: 0, current: 1, updated: 1)
2025-01-30 04:06:24,496 INFO c.h.h.t.HelmChartContainer - [hivemq-test-hivemq-platform] [hivemq-platform-operator] [12f3db5b] 04:06:24.492 [ReconcilerExecutor-hivemq-controller-87] DEBUG c.h.p.o.HiveMQPlatformReconciler - [helmcust] StatefulSet Spec (replicas: 2, init containers: 1, containers: 1, volumes: 3)
2025-01-30 04:06:24,496 INFO c.h.h.t.HelmChartContainer - [hivemq-test-hivemq-platform] [hivemq-platform-operator] [12f3db5b] 04:06:24.494 [ReconcilerExecutor-hivemq-controller-87] DEBUG c.h.p.o.h.HiveMQPlatformReconcilerErrorHandler - [helmcust] Pod 'test-hivemq-platform-0' phase Pending
2025-01-30 04:06:24,496 INFO c.h.h.t.HelmChartContainer - [hivemq-test-hivemq-platform] [hivemq-platform-operator] [12f3db5b] 04:06:24.494 [ReconcilerExecutor-hivemq-controller-87] DEBUG c.h.p.o.h.HiveMQPlatformReconcilerErrorHandler - [helmcust] Pod 'test-hivemq-platform-0' condition 'PodReadyToStartContainers': False
2025-01-30 04:06:24,497 INFO c.h.h.t.HelmChartContainer - [hivemq-test-hivemq-platform] [hivemq-platform-operator] [12f3db5b] 04:06:24.494 [ReconcilerExecutor-hivemq-controller-87] DEBUG c.h.p.o.h.HiveMQPlatformReconcilerErrorHandler - [helmcust] Pod 'test-hivemq-platform-0' condition 'Initialized': False
2025-01-30 04:06:24,497 INFO c.h.h.t.HelmChartContainer - [hivemq-test-hivemq-platform] [hivemq-platform-operator] [12f3db5b] 04:06:24.494 [ReconcilerExecutor-hivemq-controller-87] DEBUG c.h.p.o.h.HiveMQPlatformReconcilerErrorHandler - [helmcust] Pod 'test-hivemq-platform-0' condition 'Ready': False
2025-01-30 04:06:24,497 INFO c.h.h.t.HelmChartContainer - [hivemq-test-hivemq-platform] [hivemq-platform-operator] [12f3db5b] 04:06:24.494 [ReconcilerExecutor-hivemq-controller-87] DEBUG c.h.p.o.h.HiveMQPlatformReconcilerErrorHandler - [helmcust] Pod 'test-hivemq-platform-0' condition 'ContainersReady': False
2025-01-30 04:06:24,497 INFO c.h.h.t.HelmChartContainer - [hivemq-test-hivemq-platform] [hivemq-platform-operator] [12f3db5b] 04:06:24.494 [ReconcilerExecutor-hivemq-controller-87] DEBUG c.h.p.o.h.HiveMQPlatformReconcilerErrorHandler - [helmcust] Pod 'test-hivemq-platform-0' condition 'PodScheduled': True
2025-01-30 04:06:24,497 INFO c.h.h.t.HelmChartContainer - [hivemq-test-hivemq-platform] [hivemq-platform-operator] [12f3db5b] 04:06:24.494 [ReconcilerExecutor-hivemq-controller-87] DEBUG c.h.p.o.h.HiveMQPlatformReconcilerErrorHandler - [helmcust] Pod 'test-hivemq-platform-0' containerStatus 'hivemq' (started: false) (ready: false) (waiting: [PodInitializing] null)
2025-01-30 04:06:24,497 INFO c.h.h.t.HelmChartContainer - [hivemq-test-hivemq-platform] [hivemq-platform-operator] [12f3db5b] 04:06:24.495 [ReconcilerExecutor-hivemq-controller-87] INFO  c.h.p.o.h.HiveMQPlatformReconcilerBaseHandler - [helmcust] HiveMQ Platform is starting, 0 of 2 replicas are ready
2025-01-30 04:06:24,585 INFO c.h.h.t.HelmChartContainer - [EVENT] Normal [Created] Created container: hivemq-platform-operator-init [helmcustomconfigit:test-hivemq-platform-0]
2025-01-30 04:06:24,622 INFO c.h.h.t.HelmChartContainer - [EVENT] Normal [Started] Started container hivemq-platform-operator-init [helmcustomconfigit:test-hivemq-platform-0]
2025-01-30 04:06:24,745 INFO c.h.h.t.HelmChartContainer - [POD] test-hivemq-platform-0 [1a7e049f-8940-408b-b5bd-513126cebd1d] in helmcustomconfigit was MODIFIED
2025-01-30 04:06:24,803 INFO c.h.h.t.HelmChartContainer - [hivemq-test-hivemq-platform] [hivemq-platform-operator] [12f3db5b] 04:06:24.799 [pool-6-thread-42] DEBUG c.h.p.o.d.PlatformServiceResource - [helmcust] Desired Platform services (3 services)
2025-01-30 04:06:24,805 INFO c.h.h.t.HelmChartContainer - [hivemq-test-hivemq-platform] [hivemq-platform-operator] [12f3db5b] 04:06:24.802 [pool-6-thread-43] DEBUG c.h.p.o.dependants.PodInfoConfigMap - [helmcust] Desired PodInfo ConfigMap (1 extensions) (1 enabled)
2025-01-30 04:06:24,805 INFO c.h.h.t.HelmChartContainer - [hivemq-test-hivemq-platform] [hivemq-platform-operator] [12f3db5b] 04:06:24.802 [pool-6-thread-43] DEBUG c.h.p.o.dependants.PodInfoConfigMap - [helmcust] Desired PodInfo ConfigMap (metrics port: 9399) (metrics path: /)
2025-01-30 04:06:24,805 INFO c.h.h.t.HelmChartContainer - [hivemq-test-hivemq-platform] [hivemq-platform-operator] [12f3db5b] 04:06:24.802 [pool-6-thread-43] DEBUG c.h.p.o.dependants.PodInfoConfigMap - [helmcust] Desired PodInfo ConfigMap (extension state hash: -1817474005)
2025-01-30 04:06:24,807 INFO c.h.h.t.HelmChartContainer - [hivemq-test-hivemq-platform] [hivemq-platform-operator] [12f3db5b] 04:06:24.804 [pool-6-thread-47] DEBUG c.h.p.o.d.PodServiceAccountResource - [helmcust] Desired PodServiceAccountResource (serviceAccountName: hivemq-platform-pod-test-hivemq-platform)
2025-01-30 04:06:24,886 INFO c.h.h.t.HelmChartContainer - [hivemq-test-hivemq-platform] [hivemq-platform-operator] [12f3db5b] 04:06:24.884 [pool-6-thread-50] DEBUG c.h.p.o.d.StatefulSetResource - [helmcust] Desired StatefulSet (2 replicas) for status STARTING (READY)
2025-01-30 04:06:24,890 INFO c.h.h.t.HelmChartContainer - [hivemq-test-hivemq-platform] [hivemq-platform-operator] [12f3db5b] 04:06:24.889 [ReconcilerExecutor-hivemq-controller-98] INFO  c.h.p.o.HiveMQPlatformReconciler - [helmcust] Reconciling HiveMQ Platform 'test-hivemq-platform' in namespace 'helmcustomconfigit'
2025-01-30 04:06:24,891 INFO c.h.h.t.HelmChartContainer - [hivemq-test-hivemq-platform] [hivemq-platform-operator] [12f3db5b] 04:06:24.889 [ReconcilerExecutor-hivemq-controller-98] DEBUG c.h.p.o.HiveMQPlatformReconciler - [helmcust] Custom Resource Status STARTING - HiveMQ Platform is starting (READY)
2025-01-30 04:06:24,892 INFO c.h.h.t.HelmChartContainer - [hivemq-test-hivemq-platform] [hivemq-platform-operator] [12f3db5b] 04:06:24.889 [ReconcilerExecutor-hivemq-controller-98] DEBUG c.h.p.o.HiveMQPlatformReconciler - [helmcust] Custom Resource Spec (replicas: 2) (extensions: 1)
2025-01-30 04:06:24,893 INFO c.h.h.t.HelmChartContainer - [hivemq-test-hivemq-platform] [hivemq-platform-operator] [12f3db5b] 04:06:24.892 [ReconcilerExecutor-hivemq-controller-98] DEBUG c.h.p.o.HiveMQPlatformReconciler - [helmcust] StatefulSet Status (revision: test-hivemq-platform-7f5f89548, replicas: 1, available: 0, ready: 0, current: 1, updated: 1)
2025-01-30 04:06:24,894 INFO c.h.h.t.HelmChartContainer - [hivemq-test-hivemq-platform] [hivemq-platform-operator] [12f3db5b] 04:06:24.892 [ReconcilerExecutor-hivemq-controller-98] DEBUG c.h.p.o.HiveMQPlatformReconciler - [helmcust] StatefulSet Spec (replicas: 2, init containers: 1, containers: 1, volumes: 3)
2025-01-30 04:06:24,896 INFO c.h.h.t.HelmChartContainer - [hivemq-test-hivemq-platform] [hivemq-platform-operator] [12f3db5b] 04:06:24.895 [ReconcilerExecutor-hivemq-controller-98] DEBUG c.h.p.o.h.HiveMQPlatformReconcilerErrorHandler - [helmcust] Pod 'test-hivemq-platform-0' phase Pending
2025-01-30 04:06:24,896 INFO c.h.h.t.HelmChartContainer - [hivemq-test-hivemq-platform] [hivemq-platform-operator] [12f3db5b] 04:06:24.896 [ReconcilerExecutor-hivemq-controller-98] DEBUG c.h.p.o.h.HiveMQPlatformReconcilerErrorHandler - [helmcust] Pod 'test-hivemq-platform-0' condition 'PodReadyToStartContainers': True
2025-01-30 04:06:24,896 INFO c.h.h.t.HelmChartContainer - [hivemq-test-hivemq-platform] [hivemq-platform-operator] [12f3db5b] 04:06:24.896 [ReconcilerExecutor-hivemq-controller-98] DEBUG c.h.p.o.h.HiveMQPlatformReconcilerErrorHandler - [helmcust] Pod 'test-hivemq-platform-0' condition 'Initialized': False
2025-01-30 04:06:24,897 INFO c.h.h.t.HelmChartContainer - [hivemq-test-hivemq-platform] [hivemq-platform-operator] [12f3db5b] 04:06:24.896 [ReconcilerExecutor-hivemq-controller-98] DEBUG c.h.p.o.h.HiveMQPlatformReconcilerErrorHandler - [helmcust] Pod 'test-hivemq-platform-0' condition 'Ready': False
2025-01-30 04:06:24,897 INFO c.h.h.t.HelmChartContainer - [hivemq-test-hivemq-platform] [hivemq-platform-operator] [12f3db5b] 04:06:24.896 [ReconcilerExecutor-hivemq-controller-98] DEBUG c.h.p.o.h.HiveMQPlatformReconcilerErrorHandler - [helmcust] Pod 'test-hivemq-platform-0' condition 'ContainersReady': False
2025-01-30 04:06:24,897 INFO c.h.h.t.HelmChartContainer - [hivemq-test-hivemq-platform] [hivemq-platform-operator] [12f3db5b] 04:06:24.896 [ReconcilerExecutor-hivemq-controller-98] DEBUG c.h.p.o.h.HiveMQPlatformReconcilerErrorHandler - [helmcust] Pod 'test-hivemq-platform-0' condition 'PodScheduled': True
2025-01-30 04:06:24,897 INFO c.h.h.t.HelmChartContainer - [hivemq-test-hivemq-platform] [hivemq-platform-operator] [12f3db5b] 04:06:24.896 [ReconcilerExecutor-hivemq-controller-98] DEBUG c.h.p.o.h.HiveMQPlatformReconcilerErrorHandler - [helmcust] Pod 'test-hivemq-platform-0' containerStatus 'hivemq' (started: false) (ready: false) (waiting: [PodInitializing] null)
2025-01-30 04:06:24,979 INFO c.h.h.t.HelmChartContainer - [hivemq-test-hivemq-platform] [hivemq-platform-operator] [12f3db5b] 04:06:24.978 [ReconcilerExecutor-hivemq-controller-98] INFO  c.h.p.o.h.HiveMQPlatformReconcilerBaseHandler - [helmcust] HiveMQ Platform is starting, 0 of 2 replicas are ready
2025-01-30 04:06:25,740 INFO c.h.h.t.HelmChartContainer - [EVENT] Normal [Pulled] Container image "docker.io/hivemq/hivemq4:4.36.0" already present on machine [helmcustomconfigit:test-hivemq-platform-0]
2025-01-30 04:06:25,740 INFO c.h.h.t.HelmChartContainer - Received Pulled event for container hivemq in pod test-hivemq-platform-0 [1a7e049f-8940-408b-b5bd-513126cebd1d]
2025-01-30 04:06:25,747 INFO c.h.h.t.HelmChartContainer - [POD] test-hivemq-platform-0 [1a7e049f-8940-408b-b5bd-513126cebd1d] in helmcustomconfigit was MODIFIED
2025-01-30 04:06:25,755 INFO c.h.h.t.HelmChartContainer - [hivemq-test-hivemq-platform] [hivemq-platform-operator] [12f3db5b] 04:06:25.752 [pool-6-thread-9] DEBUG c.h.p.o.d.PlatformServiceResource - [helmcust] Desired Platform services (3 services)
2025-01-30 04:06:25,755 INFO c.h.h.t.HelmChartContainer - [hivemq-test-hivemq-platform] [hivemq-platform-operator] [12f3db5b] 04:06:25.754 [pool-6-thread-8] DEBUG c.h.p.o.dependants.PodInfoConfigMap - [helmcust] Desired PodInfo ConfigMap (1 extensions) (1 enabled)
2025-01-30 04:06:25,755 INFO c.h.h.t.HelmChartContainer - [hivemq-test-hivemq-platform] [hivemq-platform-operator] [12f3db5b] 04:06:25.754 [pool-6-thread-8] DEBUG c.h.p.o.dependants.PodInfoConfigMap - [helmcust] Desired PodInfo ConfigMap (metrics port: 9399) (metrics path: /)
2025-01-30 04:06:25,755 INFO c.h.h.t.HelmChartContainer - [hivemq-test-hivemq-platform] [hivemq-platform-operator] [12f3db5b] 04:06:25.754 [pool-6-thread-8] DEBUG c.h.p.o.dependants.PodInfoConfigMap - [helmcust] Desired PodInfo ConfigMap (extension state hash: -1817474005)
2025-01-30 04:06:25,758 INFO c.h.h.t.HelmChartContainer - [hivemq-test-hivemq-platform] [hivemq-platform-operator] [12f3db5b] 04:06:25.758 [pool-6-thread-5] DEBUG c.h.p.o.d.PodServiceAccountResource - [helmcust] Desired PodServiceAccountResource (serviceAccountName: hivemq-platform-pod-test-hivemq-platform)
2025-01-30 04:06:25,763 INFO c.h.h.t.HelmChartContainer - [hivemq-test-hivemq-platform] [hivemq-platform-operator] [12f3db5b] 04:06:25.762 [pool-6-thread-9] DEBUG c.h.p.o.d.StatefulSetResource - [helmcust] Desired StatefulSet (2 replicas) for status STARTING (READY)
2025-01-30 04:06:25,787 INFO c.h.h.t.HelmChartContainer - [hivemq-test-hivemq-platform] [hivemq-platform-operator] [12f3db5b] 04:06:25.782 [ReconcilerExecutor-hivemq-controller-109] INFO  c.h.p.o.HiveMQPlatformReconciler - [helmcust] Reconciling HiveMQ Platform 'test-hivemq-platform' in namespace 'helmcustomconfigit'
2025-01-30 04:06:25,787 INFO c.h.h.t.HelmChartContainer - [hivemq-test-hivemq-platform] [hivemq-platform-operator] [12f3db5b] 04:06:25.782 [ReconcilerExecutor-hivemq-controller-109] DEBUG c.h.p.o.HiveMQPlatformReconciler - [helmcust] Custom Resource Status STARTING - HiveMQ Platform is starting (READY)
2025-01-30 04:06:25,787 INFO c.h.h.t.HelmChartContainer - [hivemq-test-hivemq-platform] [hivemq-platform-operator] [12f3db5b] 04:06:25.782 [ReconcilerExecutor-hivemq-controller-109] DEBUG c.h.p.o.HiveMQPlatformReconciler - [helmcust] Custom Resource Spec (replicas: 2) (extensions: 1)
2025-01-30 04:06:25,792 INFO c.h.h.t.HelmChartContainer - [hivemq-test-hivemq-platform] [hivemq-platform-operator] [12f3db5b] 04:06:25.785 [ReconcilerExecutor-hivemq-controller-109] DEBUG c.h.p.o.HiveMQPlatformReconciler - [helmcust] StatefulSet Status (revision: test-hivemq-platform-7f5f89548, replicas: 1, available: 0, ready: 0, current: 1, updated: 1)
2025-01-30 04:06:25,794 INFO c.h.h.t.HelmChartContainer - [hivemq-test-hivemq-platform] [hivemq-platform-operator] [12f3db5b] 04:06:25.785 [ReconcilerExecutor-hivemq-controller-109] DEBUG c.h.p.o.HiveMQPlatformReconciler - [helmcust] StatefulSet Spec (replicas: 2, init containers: 1, containers: 1, volumes: 3)
2025-01-30 04:06:25,794 INFO c.h.h.t.HelmChartContainer - [hivemq-test-hivemq-platform] [hivemq-platform-operator] [12f3db5b] 04:06:25.788 [ReconcilerExecutor-hivemq-controller-109] DEBUG c.h.p.o.h.HiveMQPlatformReconcilerErrorHandler - [helmcust] Pod 'test-hivemq-platform-0' phase Pending
2025-01-30 04:06:25,794 INFO c.h.h.t.HelmChartContainer - [hivemq-test-hivemq-platform] [hivemq-platform-operator] [12f3db5b] 04:06:25.788 [ReconcilerExecutor-hivemq-controller-109] DEBUG c.h.p.o.h.HiveMQPlatformReconcilerErrorHandler - [helmcust] Pod 'test-hivemq-platform-0' condition 'PodReadyToStartContainers': True
2025-01-30 04:06:25,794 INFO c.h.h.t.HelmChartContainer - [hivemq-test-hivemq-platform] [hivemq-platform-operator] [12f3db5b] 04:06:25.788 [ReconcilerExecutor-hivemq-controller-109] DEBUG c.h.p.o.h.HiveMQPlatformReconcilerErrorHandler - [helmcust] Pod 'test-hivemq-platform-0' condition 'Initialized': True
2025-01-30 04:06:25,794 INFO c.h.h.t.HelmChartContainer - [hivemq-test-hivemq-platform] [hivemq-platform-operator] [12f3db5b] 04:06:25.788 [ReconcilerExecutor-hivemq-controller-109] DEBUG c.h.p.o.h.HiveMQPlatformReconcilerErrorHandler - [helmcust] Pod 'test-hivemq-platform-0' condition 'Ready': False
2025-01-30 04:06:25,794 INFO c.h.h.t.HelmChartContainer - [hivemq-test-hivemq-platform] [hivemq-platform-operator] [12f3db5b] 04:06:25.788 [ReconcilerExecutor-hivemq-controller-109] DEBUG c.h.p.o.h.HiveMQPlatformReconcilerErrorHandler - [helmcust] Pod 'test-hivemq-platform-0' condition 'ContainersReady': False
2025-01-30 04:06:25,794 INFO c.h.h.t.HelmChartContainer - [hivemq-test-hivemq-platform] [hivemq-platform-operator] [12f3db5b] 04:06:25.788 [ReconcilerExecutor-hivemq-controller-109] DEBUG c.h.p.o.h.HiveMQPlatformReconcilerErrorHandler - [helmcust] Pod 'test-hivemq-platform-0' condition 'PodScheduled': True
2025-01-30 04:06:25,794 INFO c.h.h.t.HelmChartContainer - [hivemq-test-hivemq-platform] [hivemq-platform-operator] [12f3db5b] 04:06:25.788 [ReconcilerExecutor-hivemq-controller-109] DEBUG c.h.p.o.h.HiveMQPlatformReconcilerErrorHandler - [helmcust] Pod 'test-hivemq-platform-0' containerStatus 'hivemq' (started: false) (ready: false) (waiting: [PodInitializing] null)
2025-01-30 04:06:25,794 INFO c.h.h.t.HelmChartContainer - [hivemq-test-hivemq-platform] [hivemq-platform-operator] [12f3db5b] 04:06:25.789 [ReconcilerExecutor-hivemq-controller-109] INFO  c.h.p.o.h.HiveMQPlatformReconcilerBaseHandler - [helmcust] HiveMQ Platform is starting, 0 of 2 replicas are ready
2025-01-30 04:06:26,955 INFO c.h.h.t.HelmChartContainer - [EVENT] Normal [Created] Created container: hivemq [helmcustomconfigit:test-hivemq-platform-0]
2025-01-30 04:06:26,955 INFO c.h.h.t.HelmChartContainer - Received Created event for container hivemq in pod test-hivemq-platform-0 [1a7e049f-8940-408b-b5bd-513126cebd1d]
2025-01-30 04:06:27,749 INFO c.h.h.t.HelmChartContainer - [POD] test-hivemq-platform-0 [1a7e049f-8940-408b-b5bd-513126cebd1d] in helmcustomconfigit was MODIFIED
2025-01-30 04:06:27,758 INFO c.h.h.t.HelmChartContainer - [EVENT] Normal [Started] Started container hivemq [helmcustomconfigit:test-hivemq-platform-0]
2025-01-30 04:06:27,759 INFO c.h.h.t.HelmChartContainer - Received Started event for container hivemq in pod test-hivemq-platform-0 [1a7e049f-8940-408b-b5bd-513126cebd1d]
2025-01-30 04:06:27,759 INFO c.h.h.t.HelmChartContainer - Started log watcher for hivemq in pod test-hivemq-platform-0 [1a7e049f-8940-408b-b5bd-513126cebd1d]
2025-01-30 04:06:27,759 INFO c.h.h.t.HelmChartContainer - [test-hivemq-platform] [hivemq] [1a7e049f] Adding pre-installed HiveMQ Platform Operator extensions
2025-01-30 04:06:27,759 INFO c.h.h.t.HelmChartContainer - [test-hivemq-platform] [hivemq] [1a7e049f] Running as user 10000
2025-01-30 04:06:27,759 INFO c.h.h.t.HelmChartContainer - [test-hivemq-platform] [hivemq] [1a7e049f] Starting HiveMQ Platform Operator Init
2025-01-30 04:06:27,766 INFO c.h.h.t.HelmChartContainer - [hivemq-test-hivemq-platform] [hivemq-platform-operator] [12f3db5b] 04:06:27.761 [pool-6-thread-11] DEBUG c.h.p.o.d.PlatformServiceResource - [helmcust] Desired Platform services (3 services)
2025-01-30 04:06:27,766 INFO c.h.h.t.HelmChartContainer - [hivemq-test-hivemq-platform] [hivemq-platform-operator] [12f3db5b] 04:06:27.762 [pool-6-thread-14] DEBUG c.h.p.o.dependants.PodInfoConfigMap - [helmcust] Desired PodInfo ConfigMap (1 extensions) (1 enabled)
2025-01-30 04:06:27,766 INFO c.h.h.t.HelmChartContainer - [hivemq-test-hivemq-platform] [hivemq-platform-operator] [12f3db5b] 04:06:27.763 [pool-6-thread-14] DEBUG c.h.p.o.dependants.PodInfoConfigMap - [helmcust] Desired PodInfo ConfigMap (metrics port: 9399) (metrics path: /)
2025-01-30 04:06:27,766 INFO c.h.h.t.HelmChartContainer - [hivemq-test-hivemq-platform] [hivemq-platform-operator] [12f3db5b] 04:06:27.763 [pool-6-thread-14] DEBUG c.h.p.o.dependants.PodInfoConfigMap - [helmcust] Desired PodInfo ConfigMap (extension state hash: -1817474005)
2025-01-30 04:06:27,766 INFO c.h.h.t.HelmChartContainer - [hivemq-test-hivemq-platform] [hivemq-platform-operator] [12f3db5b] 04:06:27.764 [pool-6-thread-14] DEBUG c.h.p.o.d.PodServiceAccountResource - [helmcust] Desired PodServiceAccountResource (serviceAccountName: hivemq-platform-pod-test-hivemq-platform)
2025-01-30 04:06:27,772 INFO c.h.h.t.HelmChartContainer - [hivemq-test-hivemq-platform] [hivemq-platform-operator] [12f3db5b] 04:06:27.771 [pool-6-thread-11] DEBUG c.h.p.o.d.StatefulSetResource - [helmcust] Desired StatefulSet (2 replicas) for status STARTING (READY)
2025-01-30 04:06:27,776 INFO c.h.h.t.HelmChartContainer - [hivemq-test-hivemq-platform] [hivemq-platform-operator] [12f3db5b] 04:06:27.775 [ReconcilerExecutor-hivemq-controller-110] INFO  c.h.p.o.HiveMQPlatformReconciler - [helmcust] Reconciling HiveMQ Platform 'test-hivemq-platform' in namespace 'helmcustomconfigit'
2025-01-30 04:06:27,777 INFO c.h.h.t.HelmChartContainer - [hivemq-test-hivemq-platform] [hivemq-platform-operator] [12f3db5b] 04:06:27.775 [ReconcilerExecutor-hivemq-controller-110] DEBUG c.h.p.o.HiveMQPlatformReconciler - [helmcust] Custom Resource Status STARTING - HiveMQ Platform is starting (READY)
2025-01-30 04:06:27,777 INFO c.h.h.t.HelmChartContainer - [hivemq-test-hivemq-platform] [hivemq-platform-operator] [12f3db5b] 04:06:27.775 [ReconcilerExecutor-hivemq-controller-110] DEBUG c.h.p.o.HiveMQPlatformReconciler - [helmcust] Custom Resource Spec (replicas: 2) (extensions: 1)
2025-01-30 04:06:27,779 INFO c.h.h.t.HelmChartContainer - [hivemq-test-hivemq-platform] [hivemq-platform-operator] [12f3db5b] 04:06:27.778 [ReconcilerExecutor-hivemq-controller-110] DEBUG c.h.p.o.HiveMQPlatformReconciler - [helmcust] StatefulSet Status (revision: test-hivemq-platform-7f5f89548, replicas: 1, available: 0, ready: 0, current: 1, updated: 1)
2025-01-30 04:06:27,780 INFO c.h.h.t.HelmChartContainer - [hivemq-test-hivemq-platform] [hivemq-platform-operator] [12f3db5b] 04:06:27.778 [ReconcilerExecutor-hivemq-controller-110] DEBUG c.h.p.o.HiveMQPlatformReconciler - [helmcust] StatefulSet Spec (replicas: 2, init containers: 1, containers: 1, volumes: 3)
2025-01-30 04:06:27,782 INFO c.h.h.t.HelmChartContainer - [hivemq-test-hivemq-platform] [hivemq-platform-operator] [12f3db5b] 04:06:27.781 [ReconcilerExecutor-hivemq-controller-110] DEBUG c.h.p.o.h.HiveMQPlatformReconcilerErrorHandler - [helmcust] Pod 'test-hivemq-platform-0' phase Running
2025-01-30 04:06:27,783 INFO c.h.h.t.HelmChartContainer - [hivemq-test-hivemq-platform] [hivemq-platform-operator] [12f3db5b] 04:06:27.782 [ReconcilerExecutor-hivemq-controller-110] INFO  c.h.p.o.h.HiveMQPlatformReconcilerBaseHandler - [helmcust] HiveMQ Platform is starting, 0 of 2 replicas are ready
2025-01-30 04:06:28,215 INFO c.h.h.t.HelmChartContainer - [test-hivemq-platform] [hivemq] [1a7e049f] INFO  - [HiveMQ Platform Operator Init 1.7.0-SNAPSHOT] HiveMQ Platform Operator Init 1.7.0-SNAPSHOT (commit: 47e3375 on branch: HEAD) built on Thu Jan 30 03:55:50 UTC 2025
2025-01-30 04:06:29,333 INFO c.h.h.t.HelmChartContainer - [test-hivemq-platform] [hivemq] [1a7e049f] INFO  - [HiveMQ Platform Operator Init App 1.7.0-SNAPSHOT] Using bind address 10.42.0.14 from environment variable
2025-01-30 04:06:30,310 INFO c.h.h.t.HelmChartContainer - [test-hivemq-platform] [hivemq] [1a7e049f] INFO  - [HiveMQ Platform Operator Init App 1.7.0-SNAPSHOT] HiveMQ Platform Operator Init App 1.7.0-SNAPSHOT (commit: 47e3375 on branch: HEAD) built on Thu Jan 30 03:55:50 UTC 2025
2025-01-30 04:06:30,310 INFO c.h.h.t.HelmChartContainer - [test-hivemq-platform] [hivemq] [1a7e049f] INFO  - [HiveMQ Platform Operator Init App 1.7.0-SNAPSHOT] PodInfo ConfigMap directory: /etc/podinfo
2025-01-30 04:06:30,310 INFO c.h.h.t.HelmChartContainer - [test-hivemq-platform] [hivemq] [1a7e049f] INFO  - [HiveMQ Platform Operator Init App 1.7.0-SNAPSHOT] HiveMQ home directory: /opt/hivemq
2025-01-30 04:06:30,311 INFO c.h.h.t.HelmChartContainer - [test-hivemq-platform] [hivemq] [1a7e049f] INFO  - [HiveMQ Platform Operator Init App 1.7.0-SNAPSHOT] HiveMQ Logback folder: /opt/hivemq/conf
2025-01-30 04:06:30,311 INFO c.h.h.t.HelmChartContainer - [test-hivemq-platform] [hivemq] [1a7e049f] INFO  - [HiveMQ Platform Operator Init App 1.7.0-SNAPSHOT] HiveMQ Config folder: /opt/hivemq/conf-k8s
2025-01-30 04:06:30,311 INFO c.h.h.t.HelmChartContainer - [test-hivemq-platform] [hivemq] [1a7e049f] INFO  - [HiveMQ Platform Operator Init App 1.7.0-SNAPSHOT] Starting HiveMQ Platform Operator Init App
2025-01-30 04:06:30,311 INFO c.h.h.t.HelmChartContainer - [test-hivemq-platform] [hivemq] [1a7e049f] INFO  - [HiveMQ Platform Operator Init App 1.7.0-SNAPSHOT] Starting Pod reconciler
2025-01-30 04:06:31,589 INFO c.h.h.t.HelmChartContainer - [test-hivemq-platform] [hivemq] [1a7e049f] INFO  - [HiveMQ Platform Operator Init App 1.7.0-SNAPSHOT] Pod reconciler is scheduled (interval: 5000 ms)
2025-01-30 04:06:31,589 INFO c.h.h.t.HelmChartContainer - [test-hivemq-platform] [hivemq] [1a7e049f] INFO  - [HiveMQ Platform Operator Init App 1.7.0-SNAPSHOT] Starting the REST API on 10.42.0.14:7979
2025-01-30 04:06:31,603 INFO c.h.h.t.HelmChartContainer - [test-hivemq-platform] [hivemq] [1a7e049f] INFO  - [HiveMQ Platform Operator Init App 1.7.0-SNAPSHOT] Waiting up to 600s for at most 2 HiveMQ nodes in cluster service hivemq-test-hivemq-platform-cluster.helmcustomconfigit.svc
2025-01-30 04:06:31,920 INFO c.h.h.t.HelmChartContainer - [test-hivemq-platform] [hivemq] [1a7e049f] INFO  - [HiveMQ Platform Operator Init App 1.7.0-SNAPSHOT] Resolved 1 IP addresses: [10.42.0.14]
2025-01-30 04:06:31,920 INFO c.h.h.t.HelmChartContainer - [test-hivemq-platform] [hivemq] [1a7e049f] INFO  - [HiveMQ Platform Operator Init App 1.7.0-SNAPSHOT] HiveMQ node count of 1 is within threshold of 2
2025-01-30 04:06:31,921 INFO c.h.h.t.HelmChartContainer - [test-hivemq-platform] [hivemq] [1a7e049f] INFO  - [HiveMQ Platform Operator Init App 1.7.0-SNAPSHOT] Proceeding with container start
2025-01-30 04:06:32,008 INFO c.h.h.t.HelmChartContainer - [test-hivemq-platform] [hivemq] [1a7e049f] INFO  - [HiveMQ Platform Operator Init App 1.7.0-SNAPSHOT] Initializing HiveMQ Platform extensions with initial configuration: {hivemq-allow-all-extension={start-priority=-1, skip-https-hostname-verification=false, restart=true, config-version=0, header-version=0, c-uri=, priority=-1, uri=preinstalled, skip-https-certificate-validation=false, enabled=true}, hivemq-prometheus-extension={restart=true, enabled=true, request-header-path=no-request-headers, uri=preinstalled, skip-https-certificate-validation=false, skip-https-hostname-verification=false, c-uri=, start-priority=-1, priority=-1}}
2025-01-30 04:06:32,506 INFO c.h.h.t.HelmChartContainer - [test-hivemq-platform] [hivemq] [1a7e049f] INFO  - [HiveMQ Platform Operator Init App 1.7.0-SNAPSHOT] Extension hivemq-allow-all-extension was already enabled
2025-01-30 04:06:32,584 INFO c.h.h.t.HelmChartContainer - [test-hivemq-platform] [hivemq] [1a7e049f] INFO  - [HiveMQ Platform Operator Init App 1.7.0-SNAPSHOT] Successfully enabled extension hivemq-prometheus-extension
2025-01-30 04:06:32,586 INFO c.h.h.t.HelmChartContainer - [test-hivemq-platform] [hivemq] [1a7e049f] INFO  - [HiveMQ Platform Operator Init App 1.7.0-SNAPSHOT] Starting HiveMQ Platform version 4.36.0 (4.36.0)
2025-01-30 04:06:32,586 INFO c.h.h.t.HelmChartContainer - [test-hivemq-platform] [hivemq] [1a7e049f] INFO  - [HiveMQ Platform Operator Init App 1.7.0-SNAPSHOT] Configuring the HiveMQ Platform
2025-01-30 04:06:32,610 INFO c.h.h.t.HelmChartContainer - [test-hivemq-platform] [hivemq] [1a7e049f] INFO  - [HiveMQ Platform Operator Init App 1.7.0-SNAPSHOT] Changed logback.xml file scan period to 20 seconds
2025-01-30 04:06:32,705 INFO c.h.h.t.HelmChartContainer - [test-hivemq-platform] [hivemq] [1a7e049f] INFO  - [HiveMQ Platform Operator Init App 1.7.0-SNAPSHOT] Starting the HiveMQ Platform
2025-01-30 04:06:32,708 INFO c.h.h.t.HelmChartContainer - [test-hivemq-platform] [hivemq] [1a7e049f] -------------------------------------------------------------------------
2025-01-30 04:06:32,708 INFO c.h.h.t.HelmChartContainer - [test-hivemq-platform] [hivemq] [1a7e049f] 
2025-01-30 04:06:32,708 INFO c.h.h.t.HelmChartContainer - [test-hivemq-platform] [hivemq] [1a7e049f]                   _    _  _              __  __   ____
2025-01-30 04:06:32,708 INFO c.h.h.t.HelmChartContainer - [test-hivemq-platform] [hivemq] [1a7e049f]                  | |  | |(_)            |  \/  | / __ \
2025-01-30 04:06:32,708 INFO c.h.h.t.HelmChartContainer - [test-hivemq-platform] [hivemq] [1a7e049f]                  | |__| | _ __   __ ___ | \  / || |  | |
2025-01-30 04:06:32,708 INFO c.h.h.t.HelmChartContainer - [test-hivemq-platform] [hivemq] [1a7e049f]                  |  __  || |\ \ / // _ \| |\/| || |  | |
2025-01-30 04:06:32,709 INFO c.h.h.t.HelmChartContainer - [test-hivemq-platform] [hivemq] [1a7e049f]                  | |  | || | \ V /|  __/| |  | || |__| |
2025-01-30 04:06:32,709 INFO c.h.h.t.HelmChartContainer - [test-hivemq-platform] [hivemq] [1a7e049f]                  |_|  |_||_|  \_/  \___||_|  |_| \___\_\
2025-01-30 04:06:32,709 INFO c.h.h.t.HelmChartContainer - [test-hivemq-platform] [hivemq] [1a7e049f] 
2025-01-30 04:06:32,709 INFO c.h.h.t.HelmChartContainer - [test-hivemq-platform] [hivemq] [1a7e049f] -------------------------------------------------------------------------
2025-01-30 04:06:32,709 INFO c.h.h.t.HelmChartContainer - [test-hivemq-platform] [hivemq] [1a7e049f] 
2025-01-30 04:06:32,709 INFO c.h.h.t.HelmChartContainer - [test-hivemq-platform] [hivemq] [1a7e049f]   HiveMQ Start Script for Linux/Unix v1.14
2025-01-30 04:06:32,709 INFO c.h.h.t.HelmChartContainer - [test-hivemq-platform] [hivemq] [1a7e049f] 
2025-01-30 04:06:32,791 INFO c.h.h.t.HelmChartContainer - [test-hivemq-platform] [hivemq] [1a7e049f] -------------------------------------------------------------------------
2025-01-30 04:06:32,791 INFO c.h.h.t.HelmChartContainer - [test-hivemq-platform] [hivemq] [1a7e049f] 
2025-01-30 04:06:32,791 INFO c.h.h.t.HelmChartContainer - [test-hivemq-platform] [hivemq] [1a7e049f]   HIVEMQ_HOME: /opt/hivemq
2025-01-30 04:06:32,791 INFO c.h.h.t.HelmChartContainer - [test-hivemq-platform] [hivemq] [1a7e049f] 
2025-01-30 04:06:32,791 INFO c.h.h.t.HelmChartContainer - [test-hivemq-platform] [hivemq] [1a7e049f]   JAVA_OPTS: -XX:+UnlockExperimentalVMOptions -XX:InitialRAMPercentage=50 -XX:MaxRAMPercentage=50 -Djava.net.preferIPv4Stack=true --add-opens java.base/java.lang=ALL-UNNAMED --add-opens java.base/java.nio=ALL-UNNAMED --add-opens java.base/sun.nio.ch=ALL-UNNAMED --add-opens jdk.management/com.sun.management.internal=ALL-UNNAMED --add-exports java.base/jdk.internal.misc=ALL-UNNAMED -Djava.security.egd=file:/dev/./urandom -Dcom.sun.management.jmxremote -Dcom.sun.management.jmxremote.port=9010 -Dcom.sun.management.jmxremote.local.only=false -Dcom.sun.management.jmxremote.authenticate=false -Dcom.sun.management.jmxremote.ssl=false -Duser.language=en -Duser.region=US -XX:+CrashOnOutOfMemoryError -XX:+HeapDumpOnOutOfMemoryError
2025-01-30 04:06:32,791 INFO c.h.h.t.HelmChartContainer - [test-hivemq-platform] [hivemq] [1a7e049f] 
2025-01-30 04:06:32,791 INFO c.h.h.t.HelmChartContainer - [test-hivemq-platform] [hivemq] [1a7e049f]   JAVA_VERSION: 21
2025-01-30 04:06:32,791 INFO c.h.h.t.HelmChartContainer - [test-hivemq-platform] [hivemq] [1a7e049f] 
2025-01-30 04:06:32,791 INFO c.h.h.t.HelmChartContainer - [test-hivemq-platform] [hivemq] [1a7e049f] -------------------------------------------------------------------------
2025-01-30 04:06:32,791 INFO c.h.h.t.HelmChartContainer - [test-hivemq-platform] [hivemq] [1a7e049f] 
2025-01-30 04:06:33,790 INFO c.h.h.t.HelmChartContainer - [test-hivemq-platform] [hivemq] [1a7e049f] INFO  - [HiveMQ Platform Operator Init App 1.7.0-SNAPSHOT] Returning default Health API response 503 for readiness
2025-01-30 04:06:34,110 INFO c.h.h.t.HelmChartContainer - [EVENT] Warning [Unhealthy] Readiness probe failed: HTTP probe failed with statuscode: 503 [helmcustomconfigit:test-hivemq-platform-0]
2025-01-30 04:06:34,110 INFO c.h.h.t.HelmChartContainer - Received Unhealthy event for container hivemq in pod test-hivemq-platform-0 [1a7e049f-8940-408b-b5bd-513126cebd1d]
2025-01-30 04:06:35,409 INFO c.h.h.t.HelmChartContainer - [test-hivemq-platform] [hivemq] [1a7e049f] INFO  - Starting HiveMQ Enterprise Server
2025-01-30 04:06:35,415 INFO c.h.h.t.HelmChartContainer - [test-hivemq-platform] [hivemq] [1a7e049f] INFO  - HiveMQ version: 4.36.0
2025-01-30 04:06:35,415 INFO c.h.h.t.HelmChartContainer - [test-hivemq-platform] [hivemq] [1a7e049f] INFO  - HiveMQ home directory: /opt/hivemq
2025-01-30 04:06:35,416 INFO c.h.h.t.HelmChartContainer - [test-hivemq-platform] [hivemq] [1a7e049f] INFO  - Log Configuration was overridden by /opt/hivemq/conf/logback.xml
2025-01-30 04:06:36,686 INFO c.h.h.t.HelmChartContainer - [test-hivemq-platform] [hivemq] [1a7e049f] INFO  - Successfully loaded configuration from '/opt/hivemq/conf-k8s/config.xml'.
2025-01-30 04:06:37,315 INFO c.h.h.t.HelmChartContainer - [test-hivemq-platform] [hivemq] [1a7e049f] INFO  - This node's ID is i6prN
2025-01-30 04:06:37,384 INFO c.h.h.t.HelmChartContainer - [test-hivemq-platform] [hivemq] [1a7e049f] INFO  - Clustering is enabled
2025-01-30 04:06:37,792 INFO c.h.h.t.HelmChartContainer - [hivemq-test-hivemq-platform] [hivemq-platform-operator] [12f3db5b] 04:06:37.790 [pool-6-thread-21] DEBUG c.h.p.o.d.PlatformServiceResource - [helmcust] Desired Platform services (3 services)
2025-01-30 04:06:37,792 INFO c.h.h.t.HelmChartContainer - [hivemq-test-hivemq-platform] [hivemq-platform-operator] [12f3db5b] 04:06:37.791 [pool-6-thread-25] DEBUG c.h.p.o.dependants.PodInfoConfigMap - [helmcust] Desired PodInfo ConfigMap (1 extensions) (1 enabled)
2025-01-30 04:06:37,793 INFO c.h.h.t.HelmChartContainer - [hivemq-test-hivemq-platform] [hivemq-platform-operator] [12f3db5b] 04:06:37.792 [pool-6-thread-25] DEBUG c.h.p.o.dependants.PodInfoConfigMap - [helmcust] Desired PodInfo ConfigMap (metrics port: 9399) (metrics path: /)
2025-01-30 04:06:37,794 INFO c.h.h.t.HelmChartContainer - [hivemq-test-hivemq-platform] [hivemq-platform-operator] [12f3db5b] 04:06:37.793 [pool-6-thread-22] DEBUG c.h.p.o.d.PodServiceAccountResource - [helmcust] Desired PodServiceAccountResource (serviceAccountName: hivemq-platform-pod-test-hivemq-platform)
2025-01-30 04:06:37,794 INFO c.h.h.t.HelmChartContainer - [hivemq-test-hivemq-platform] [hivemq-platform-operator] [12f3db5b] 04:06:37.793 [pool-6-thread-25] DEBUG c.h.p.o.dependants.PodInfoConfigMap - [helmcust] Desired PodInfo ConfigMap (extension state hash: -1817474005)
2025-01-30 04:06:37,798 INFO c.h.h.t.HelmChartContainer - [hivemq-test-hivemq-platform] [hivemq-platform-operator] [12f3db5b] 04:06:37.797 [pool-6-thread-25] DEBUG c.h.p.o.d.StatefulSetResource - [helmcust] Desired StatefulSet (2 replicas) for status STARTING (READY)
2025-01-30 04:06:37,804 INFO c.h.h.t.HelmChartContainer - [hivemq-test-hivemq-platform] [hivemq-platform-operator] [12f3db5b] 04:06:37.801 [ReconcilerExecutor-hivemq-controller-111] INFO  c.h.p.o.HiveMQPlatformReconciler - [helmcust] Reconciling HiveMQ Platform 'test-hivemq-platform' in namespace 'helmcustomconfigit'
2025-01-30 04:06:37,805 INFO c.h.h.t.HelmChartContainer - [hivemq-test-hivemq-platform] [hivemq-platform-operator] [12f3db5b] 04:06:37.802 [ReconcilerExecutor-hivemq-controller-111] DEBUG c.h.p.o.HiveMQPlatformReconciler - [helmcust] Custom Resource Status STARTING - HiveMQ Platform is starting (READY)
2025-01-30 04:06:37,805 INFO c.h.h.t.HelmChartContainer - [hivemq-test-hivemq-platform] [hivemq-platform-operator] [12f3db5b] 04:06:37.802 [ReconcilerExecutor-hivemq-controller-111] DEBUG c.h.p.o.HiveMQPlatformReconciler - [helmcust] Custom Resource Spec (replicas: 2) (extensions: 1)
2025-01-30 04:06:37,805 INFO c.h.h.t.HelmChartContainer - [hivemq-test-hivemq-platform] [hivemq-platform-operator] [12f3db5b] 04:06:37.803 [ReconcilerExecutor-hivemq-controller-111] DEBUG c.h.p.o.HiveMQPlatformReconciler - [helmcust] StatefulSet Status (revision: test-hivemq-platform-7f5f89548, replicas: 1, available: 0, ready: 0, current: 1, updated: 1)
2025-01-30 04:06:37,805 INFO c.h.h.t.HelmChartContainer - [hivemq-test-hivemq-platform] [hivemq-platform-operator] [12f3db5b] 04:06:37.803 [ReconcilerExecutor-hivemq-controller-111] DEBUG c.h.p.o.HiveMQPlatformReconciler - [helmcust] StatefulSet Spec (replicas: 2, init containers: 1, containers: 1, volumes: 3)
2025-01-30 04:06:37,810 INFO c.h.h.t.HelmChartContainer - [hivemq-test-hivemq-platform] [hivemq-platform-operator] [12f3db5b] 04:06:37.807 [ReconcilerExecutor-hivemq-controller-111] DEBUG c.h.p.o.h.HiveMQPlatformReconcilerErrorHandler - [helmcust] Pod 'test-hivemq-platform-0' phase Running
2025-01-30 04:06:37,810 INFO c.h.h.t.HelmChartContainer - [hivemq-test-hivemq-platform] [hivemq-platform-operator] [12f3db5b] 04:06:37.808 [ReconcilerExecutor-hivemq-controller-111] INFO  c.h.p.o.h.HiveMQPlatformReconcilerBaseHandler - [helmcust] HiveMQ Platform is starting, 0 of 2 replicas are ready
2025-01-30 04:06:39,406 INFO c.h.h.t.HelmChartContainer - [test-hivemq-platform] [hivemq] [1a7e049f] WARN  - [HiveMQ Platform Operator Init App 1.7.0-SNAPSHOT] Cannot connect to Health API for readiness: null
2025-01-30 04:06:39,410 INFO c.h.h.t.HelmChartContainer - [EVENT] Warning [Unhealthy] Readiness probe failed: HTTP probe failed with statuscode: 503 [helmcustomconfigit:test-hivemq-platform-0]
2025-01-30 04:06:39,410 INFO c.h.h.t.HelmChartContainer - Received Unhealthy event for container hivemq in pod test-hivemq-platform-0 [1a7e049f-8940-408b-b5bd-513126cebd1d]
2025-01-30 04:06:41,810 INFO c.h.h.t.HelmChartContainer - [test-hivemq-platform] [hivemq] [1a7e049f] Jan 30, 2025 4:06:41 AM io.vertx.core.impl.BlockedThreadChecker
2025-01-30 04:06:41,810 INFO c.h.h.t.HelmChartContainer - [test-hivemq-platform] [hivemq] [1a7e049f] WARNING: Thread Thread[vert.x-eventloop-thread-1,5,main] has been blocked for 2201 ms, time limit is 2000 ms
2025-01-30 04:06:42,709 INFO c.h.h.t.HelmChartContainer - [test-hivemq-platform] [hivemq] [1a7e049f] INFO  - [HiveMQ Platform Operator Init App 1.7.0-SNAPSHOT] Updating Pod HiveMQ Platform Operator Init App version annotation (version: 1.7.0-SNAPSHOT)
2025-01-30 04:06:43,218 INFO c.h.h.t.HelmChartContainer - [POD] test-hivemq-platform-0 [1a7e049f-8940-408b-b5bd-513126cebd1d] in helmcustomconfigit was MODIFIED
2025-01-30 04:06:43,225 INFO c.h.h.t.HelmChartContainer - [hivemq-test-hivemq-platform] [hivemq-platform-operator] [12f3db5b] 04:06:43.221 [pool-6-thread-33] DEBUG c.h.p.o.d.PlatformServiceResource - [helmcust] Desired Platform services (3 services)
2025-01-30 04:06:43,225 INFO c.h.h.t.HelmChartContainer - [hivemq-test-hivemq-platform] [hivemq-platform-operator] [12f3db5b] 04:06:43.224 [pool-6-thread-38] DEBUG c.h.p.o.d.PodServiceAccountResource - [helmcust] Desired PodServiceAccountResource (serviceAccountName: hivemq-platform-pod-test-hivemq-platform)
2025-01-30 04:06:43,227 INFO c.h.h.t.HelmChartContainer - [hivemq-test-hivemq-platform] [hivemq-platform-operator] [12f3db5b] 04:06:43.225 [pool-6-thread-35] DEBUG c.h.p.o.dependants.PodInfoConfigMap - [helmcust] Desired PodInfo ConfigMap (1 extensions) (1 enabled)
2025-01-30 04:06:43,228 INFO c.h.h.t.HelmChartContainer - [hivemq-test-hivemq-platform] [hivemq-platform-operator] [12f3db5b] 04:06:43.227 [pool-6-thread-35] DEBUG c.h.p.o.dependants.PodInfoConfigMap - [helmcust] Desired PodInfo ConfigMap (metrics port: 9399) (metrics path: /)
2025-01-30 04:06:43,228 INFO c.h.h.t.HelmChartContainer - [hivemq-test-hivemq-platform] [hivemq-platform-operator] [12f3db5b] 04:06:43.227 [pool-6-thread-35] DEBUG c.h.p.o.dependants.PodInfoConfigMap - [helmcust] Desired PodInfo ConfigMap (extension state hash: -1817474005)
2025-01-30 04:06:43,230 INFO c.h.h.t.HelmChartContainer - [hivemq-test-hivemq-platform] [hivemq-platform-operator] [12f3db5b] 04:06:43.230 [pool-6-thread-35] DEBUG c.h.p.o.d.StatefulSetResource - [helmcust] Desired StatefulSet (2 replicas) for status STARTING (READY)
2025-01-30 04:06:43,235 INFO c.h.h.t.HelmChartContainer - [hivemq-test-hivemq-platform] [hivemq-platform-operator] [12f3db5b] 04:06:43.234 [ReconcilerExecutor-hivemq-controller-112] INFO  c.h.p.o.HiveMQPlatformReconciler - [helmcust] Reconciling HiveMQ Platform 'test-hivemq-platform' in namespace 'helmcustomconfigit'
2025-01-30 04:06:43,235 INFO c.h.h.t.HelmChartContainer - [hivemq-test-hivemq-platform] [hivemq-platform-operator] [12f3db5b] 04:06:43.234 [ReconcilerExecutor-hivemq-controller-112] DEBUG c.h.p.o.HiveMQPlatformReconciler - [helmcust] Custom Resource Status STARTING - HiveMQ Platform is starting (READY)
2025-01-30 04:06:43,235 INFO c.h.h.t.HelmChartContainer - [hivemq-test-hivemq-platform] [hivemq-platform-operator] [12f3db5b] 04:06:43.234 [ReconcilerExecutor-hivemq-controller-112] DEBUG c.h.p.o.HiveMQPlatformReconciler - [helmcust] Custom Resource Spec (replicas: 2) (extensions: 1)
2025-01-30 04:06:43,236 INFO c.h.h.t.HelmChartContainer - [hivemq-test-hivemq-platform] [hivemq-platform-operator] [12f3db5b] 04:06:43.235 [ReconcilerExecutor-hivemq-controller-112] DEBUG c.h.p.o.HiveMQPlatformReconciler - [helmcust] StatefulSet Status (revision: test-hivemq-platform-7f5f89548, replicas: 1, available: 0, ready: 0, current: 1, updated: 1)
2025-01-30 04:06:43,236 INFO c.h.h.t.HelmChartContainer - [hivemq-test-hivemq-platform] [hivemq-platform-operator] [12f3db5b] 04:06:43.235 [ReconcilerExecutor-hivemq-controller-112] DEBUG c.h.p.o.HiveMQPlatformReconciler - [helmcust] StatefulSet Spec (replicas: 2, init containers: 1, containers: 1, volumes: 3)
2025-01-30 04:06:43,237 INFO c.h.h.t.HelmChartContainer - [hivemq-test-hivemq-platform] [hivemq-platform-operator] [12f3db5b] 04:06:43.237 [ReconcilerExecutor-hivemq-controller-112] DEBUG c.h.p.o.h.HiveMQPlatformReconcilerErrorHandler - [helmcust] Pod 'test-hivemq-platform-0' phase Running
2025-01-30 04:06:43,279 INFO c.h.h.t.HelmChartContainer - [hivemq-test-hivemq-platform] [hivemq-platform-operator] [12f3db5b] 04:06:43.278 [ReconcilerExecutor-hivemq-controller-112] INFO  c.h.p.o.h.HiveMQPlatformReconcilerBaseHandler - [helmcust] HiveMQ Platform is starting, 0 of 2 replicas are ready
2025-01-30 04:06:43,289 INFO c.h.h.t.HelmChartContainer - [test-hivemq-platform] [hivemq] [1a7e049f] WARN  - [HiveMQ Platform Operator Init App 1.7.0-SNAPSHOT] Cannot connect to Health API for readiness: null
2025-01-30 04:06:43,296 INFO c.h.h.t.HelmChartContainer - [EVENT] Warning [Unhealthy] Readiness probe failed: HTTP probe failed with statuscode: 503 [helmcustomconfigit:test-hivemq-platform-0]
2025-01-30 04:06:43,296 INFO c.h.h.t.HelmChartContainer - Received Unhealthy event for container hivemq in pod test-hivemq-platform-0 [1a7e049f-8940-408b-b5bd-513126cebd1d]
2025-01-30 04:06:43,306 INFO c.h.h.t.HelmChartContainer - [test-hivemq-platform] [hivemq] [1a7e049f] INFO  - [HiveMQ Platform Operator Init App 1.7.0-SNAPSHOT] Successfully updated Pod HiveMQ Platform Operator Init App version annotation (version: 1.7.0-SNAPSHOT)
2025-01-30 04:06:48,304 INFO c.h.h.t.HelmChartContainer - [test-hivemq-platform] [hivemq] [1a7e049f] WARN  - [HiveMQ Platform Operator Init App 1.7.0-SNAPSHOT] Cannot connect to Health API for readiness: null
2025-01-30 04:06:48,313 INFO c.h.h.t.HelmChartContainer - [EVENT] Warning [Unhealthy] Readiness probe failed: HTTP probe failed with statuscode: 503 [helmcustomconfigit:test-hivemq-platform-0]
2025-01-30 04:06:48,313 INFO c.h.h.t.HelmChartContainer - Received Unhealthy event for container hivemq in pod test-hivemq-platform-0 [1a7e049f-8940-408b-b5bd-513126cebd1d]
2025-01-30 04:06:53,286 INFO c.h.h.t.HelmChartContainer - [hivemq-test-hivemq-platform] [hivemq-platform-operator] [12f3db5b] 04:06:53.281 [pool-6-thread-43] DEBUG c.h.p.o.d.PlatformServiceResource - [helmcust] Desired Platform services (3 services)
2025-01-30 04:06:53,286 INFO c.h.h.t.HelmChartContainer - [hivemq-test-hivemq-platform] [hivemq-platform-operator] [12f3db5b] 04:06:53.282 [pool-6-thread-41] DEBUG c.h.p.o.dependants.PodInfoConfigMap - [helmcust] Desired PodInfo ConfigMap (1 extensions) (1 enabled)
2025-01-30 04:06:53,286 INFO c.h.h.t.HelmChartContainer - [hivemq-test-hivemq-platform] [hivemq-platform-operator] [12f3db5b] 04:06:53.282 [pool-6-thread-41] DEBUG c.h.p.o.dependants.PodInfoConfigMap - [helmcust] Desired PodInfo ConfigMap (metrics port: 9399) (metrics path: /)
2025-01-30 04:06:53,286 INFO c.h.h.t.HelmChartContainer - [hivemq-test-hivemq-platform] [hivemq-platform-operator] [12f3db5b] 04:06:53.282 [pool-6-thread-41] DEBUG c.h.p.o.dependants.PodInfoConfigMap - [helmcust] Desired PodInfo ConfigMap (extension state hash: -1817474005)
2025-01-30 04:06:53,286 INFO c.h.h.t.HelmChartContainer - [hivemq-test-hivemq-platform] [hivemq-platform-operator] [12f3db5b] 04:06:53.282 [pool-6-thread-44] DEBUG c.h.p.o.d.PodServiceAccountResource - [helmcust] Desired PodServiceAccountResource (serviceAccountName: hivemq-platform-pod-test-hivemq-platform)
2025-01-30 04:06:53,296 INFO c.h.h.t.HelmChartContainer - [hivemq-test-hivemq-platform] [hivemq-platform-operator] [12f3db5b] 04:06:53.295 [pool-6-thread-49] DEBUG c.h.p.o.d.StatefulSetResource - [helmcust] Desired StatefulSet (2 replicas) for status STARTING (READY)
2025-01-30 04:06:53,303 INFO c.h.h.t.HelmChartContainer - [hivemq-test-hivemq-platform] [hivemq-platform-operator] [12f3db5b] 04:06:53.301 [ReconcilerExecutor-hivemq-controller-113] INFO  c.h.p.o.HiveMQPlatformReconciler - [helmcust] Reconciling HiveMQ Platform 'test-hivemq-platform' in namespace 'helmcustomconfigit'
2025-01-30 04:06:53,303 INFO c.h.h.t.HelmChartContainer - [hivemq-test-hivemq-platform] [hivemq-platform-operator] [12f3db5b] 04:06:53.302 [ReconcilerExecutor-hivemq-controller-113] DEBUG c.h.p.o.HiveMQPlatformReconciler - [helmcust] Custom Resource Status STARTING - HiveMQ Platform is starting (READY)
2025-01-30 04:06:53,303 INFO c.h.h.t.HelmChartContainer - [hivemq-test-hivemq-platform] [hivemq-platform-operator] [12f3db5b] 04:06:53.302 [ReconcilerExecutor-hivemq-controller-113] DEBUG c.h.p.o.HiveMQPlatformReconciler - [helmcust] Custom Resource Spec (replicas: 2) (extensions: 1)
2025-01-30 04:06:53,306 INFO c.h.h.t.HelmChartContainer - [test-hivemq-platform] [hivemq] [1a7e049f] WARN  - [HiveMQ Platform Operator Init App 1.7.0-SNAPSHOT] Cannot connect to Health API for readiness: null
2025-01-30 04:06:53,313 INFO c.h.h.t.HelmChartContainer - [EVENT] Warning [Unhealthy] Readiness probe failed: HTTP probe failed with statuscode: 503 [helmcustomconfigit:test-hivemq-platform-0]
2025-01-30 04:06:53,313 INFO c.h.h.t.HelmChartContainer - Received Unhealthy event for container hivemq in pod test-hivemq-platform-0 [1a7e049f-8940-408b-b5bd-513126cebd1d]
2025-01-30 04:06:53,380 INFO c.h.h.t.HelmChartContainer - [hivemq-test-hivemq-platform] [hivemq-platform-operator] [12f3db5b] 04:06:53.379 [ReconcilerExecutor-hivemq-controller-113] DEBUG c.h.p.o.HiveMQPlatformReconciler - [helmcust] StatefulSet Status (revision: test-hivemq-platform-7f5f89548, replicas: 1, available: 0, ready: 0, current: 1, updated: 1)
2025-01-30 04:06:53,380 INFO c.h.h.t.HelmChartContainer - [hivemq-test-hivemq-platform] [hivemq-platform-operator] [12f3db5b] 04:06:53.379 [ReconcilerExecutor-hivemq-controller-113] DEBUG c.h.p.o.HiveMQPlatformReconciler - [helmcust] StatefulSet Spec (replicas: 2, init containers: 1, containers: 1, volumes: 3)
2025-01-30 04:06:53,382 INFO c.h.h.t.HelmChartContainer - [hivemq-test-hivemq-platform] [hivemq-platform-operator] [12f3db5b] 04:06:53.381 [ReconcilerExecutor-hivemq-controller-113] DEBUG c.h.p.o.h.HiveMQPlatformReconcilerErrorHandler - [helmcust] Pod 'test-hivemq-platform-0' phase Running
2025-01-30 04:06:53,383 INFO c.h.h.t.HelmChartContainer - [hivemq-test-hivemq-platform] [hivemq-platform-operator] [12f3db5b] 04:06:53.382 [ReconcilerExecutor-hivemq-controller-113] INFO  c.h.p.o.h.HiveMQPlatformReconcilerBaseHandler - [helmcust] HiveMQ Platform is starting, 0 of 2 replicas are ready
2025-01-30 04:06:54,287 INFO c.h.h.t.HelmChartContainer - [test-hivemq-platform] [hivemq] [1a7e049f] INFO  - No valid license file found. Using trial license, restricted to 25 connections.
2025-01-30 04:06:54,388 INFO c.h.h.t.HelmChartContainer - [test-hivemq-platform] [hivemq] [1a7e049f] WARN  - [HiveMQ Platform Operator Init App 1.7.0-SNAPSHOT] Cannot connect to Health API for liveness: null
2025-01-30 04:06:54,388 INFO c.h.h.t.HelmChartContainer - [test-hivemq-platform] [hivemq] [1a7e049f] INFO  - [HiveMQ Platform Operator Init App 1.7.0-SNAPSHOT] Returning default Health API response 200 for liveness
2025-01-30 04:06:58,303 INFO c.h.h.t.HelmChartContainer - [test-hivemq-platform] [hivemq] [1a7e049f] WARN  - [HiveMQ Platform Operator Init App 1.7.0-SNAPSHOT] Cannot connect to Health API for readiness: null
2025-01-30 04:06:58,309 INFO c.h.h.t.HelmChartContainer - [test-hivemq-platform] [hivemq] [1a7e049f] INFO  - No valid license file for Data Hub found. Using free license, restricted to 1 policy.
2025-01-30 04:06:58,310 INFO c.h.h.t.HelmChartContainer - [EVENT] Warning [Unhealthy] Readiness probe failed: HTTP probe failed with statuscode: 503 [helmcustomconfigit:test-hivemq-platform-0]
2025-01-30 04:06:58,310 INFO c.h.h.t.HelmChartContainer - Received Unhealthy event for container hivemq in pod test-hivemq-platform-0 [1a7e049f-8940-408b-b5bd-513126cebd1d]
2025-01-30 04:06:59,512 INFO c.h.h.t.HelmChartContainer - [test-hivemq-platform] [hivemq] [1a7e049f] INFO  - Audit Logger started.
2025-01-30 04:06:59,896 INFO c.h.h.t.HelmChartContainer - [test-hivemq-platform] [hivemq] [1a7e049f] INFO  - This node uses '1' CPU cores.
2025-01-30 04:06:59,906 INFO c.h.h.t.HelmChartContainer - [test-hivemq-platform] [hivemq] [1a7e049f] INFO  - Starting HiveMQ Health API on address 0.0.0.0 and port 8889
2025-01-30 04:07:00,711 INFO c.h.h.t.HelmChartContainer - [test-hivemq-platform] [hivemq] [1a7e049f] INFO  - Started HiveMQ Health API in 804ms
2025-01-30 04:07:01,303 INFO c.h.h.t.HelmChartContainer - [test-hivemq-platform] [hivemq] [1a7e049f] INFO  - Starting HiveMQ extension system.
2025-01-30 04:07:01,508 INFO c.h.h.t.HelmChartContainer - [test-hivemq-platform] [hivemq] [1a7e049f] INFO  - Starting extension with id "hivemq-dns-cluster-discovery" at /opt/hivemq/extensions/hivemq-dns-cluster-discovery
2025-01-30 04:07:01,915 INFO c.h.h.t.HelmChartContainer - [test-hivemq-platform] [hivemq] [1a7e049f] INFO  - Extension "DNS Cluster Discovery Extension" version 4.3.2 started successfully.
2025-01-30 04:07:01,915 INFO c.h.h.t.HelmChartContainer - [test-hivemq-platform] [hivemq] [1a7e049f] INFO  - Starting extension with id "hivemq-prometheus-extension" at /opt/hivemq/extensions/hivemq-prometheus-extension
2025-01-30 04:07:01,988 INFO c.h.h.t.HelmChartContainer - [test-hivemq-platform] [hivemq] [1a7e049f] INFO  - Using TCP cluster transport on address 10.42.0.14 and port 8000
2025-01-30 04:07:02,009 INFO c.h.h.t.HelmChartContainer - [test-hivemq-platform] [hivemq] [1a7e049f] INFO  - Using extension cluster discovery
2025-01-30 04:07:02,910 INFO c.h.h.t.HelmChartContainer - [test-hivemq-platform] [hivemq] [1a7e049f] INFO  - Started Jetty Server exposing Prometheus Servlet on URI http://0.0.0.0:9399/
2025-01-30 04:07:02,910 INFO c.h.h.t.HelmChartContainer - [test-hivemq-platform] [hivemq] [1a7e049f] INFO  - Extension "Prometheus Monitoring Extension" version 4.0.12 started successfully.
2025-01-30 04:07:02,910 INFO c.h.h.t.HelmChartContainer - [test-hivemq-platform] [hivemq] [1a7e049f] INFO  - Starting extension with id "hivemq-allow-all-extension" at /opt/hivemq/extensions/hivemq-allow-all-extension
2025-01-30 04:07:02,910 INFO c.h.h.t.HelmChartContainer - [test-hivemq-platform] [hivemq] [1a7e049f] WARN  - 
2025-01-30 04:07:02,911 INFO c.h.h.t.HelmChartContainer - [test-hivemq-platform] [hivemq] [1a7e049f] ################################################################################################################
2025-01-30 04:07:02,911 INFO c.h.h.t.HelmChartContainer - [test-hivemq-platform] [hivemq] [1a7e049f] # This HiveMQ deployment is not secure! You are lacking Authentication and Authorization.                      #
2025-01-30 04:07:02,911 INFO c.h.h.t.HelmChartContainer - [test-hivemq-platform] [hivemq] [1a7e049f] # Right now any MQTT client can connect to the broker with a full set of permissions.                          #
2025-01-30 04:07:02,911 INFO c.h.h.t.HelmChartContainer - [test-hivemq-platform] [hivemq] [1a7e049f] # For production usage, add an appropriate security extension and remove the hivemq-allow-all extension.       #
2025-01-30 04:07:02,911 INFO c.h.h.t.HelmChartContainer - [test-hivemq-platform] [hivemq] [1a7e049f] # You can download security extensions from the HiveMQ Marketplace (https://www.hivemq.com/extensions/).       #
2025-01-30 04:07:02,911 INFO c.h.h.t.HelmChartContainer - [test-hivemq-platform] [hivemq] [1a7e049f] ################################################################################################################
2025-01-30 04:07:02,911 INFO c.h.h.t.HelmChartContainer - [test-hivemq-platform] [hivemq] [1a7e049f] INFO  - Extension "Allow All Extension" version 1.1.1 started successfully.
2025-01-30 04:07:03,389 INFO c.h.h.t.HelmChartContainer - [hivemq-test-hivemq-platform] [hivemq-platform-operator] [12f3db5b] 04:07:03.385 [pool-6-thread-8] DEBUG c.h.p.o.d.PlatformServiceResource - [helmcust] Desired Platform services (3 services)
2025-01-30 04:07:03,389 INFO c.h.h.t.HelmChartContainer - [hivemq-test-hivemq-platform] [hivemq-platform-operator] [12f3db5b] 04:07:03.387 [pool-6-thread-2] DEBUG c.h.p.o.d.PodServiceAccountResource - [helmcust] Desired PodServiceAccountResource (serviceAccountName: hivemq-platform-pod-test-hivemq-platform)
2025-01-30 04:07:03,389 INFO c.h.h.t.HelmChartContainer - [hivemq-test-hivemq-platform] [hivemq-platform-operator] [12f3db5b] 04:07:03.386 [pool-6-thread-6] DEBUG c.h.p.o.dependants.PodInfoConfigMap - [helmcust] Desired PodInfo ConfigMap (1 extensions) (1 enabled)
2025-01-30 04:07:03,390 INFO c.h.h.t.HelmChartContainer - [hivemq-test-hivemq-platform] [hivemq-platform-operator] [12f3db5b] 04:07:03.388 [pool-6-thread-6] DEBUG c.h.p.o.dependants.PodInfoConfigMap - [helmcust] Desired PodInfo ConfigMap (metrics port: 9399) (metrics path: /)
2025-01-30 04:07:03,390 INFO c.h.h.t.HelmChartContainer - [hivemq-test-hivemq-platform] [hivemq-platform-operator] [12f3db5b] 04:07:03.388 [pool-6-thread-6] DEBUG c.h.p.o.dependants.PodInfoConfigMap - [helmcust] Desired PodInfo ConfigMap (extension state hash: -1817474005)
2025-01-30 04:07:03,393 INFO c.h.h.t.HelmChartContainer - [hivemq-test-hivemq-platform] [hivemq-platform-operator] [12f3db5b] 04:07:03.393 [pool-6-thread-8] DEBUG c.h.p.o.d.StatefulSetResource - [helmcust] Desired StatefulSet (2 replicas) for status STARTING (READY)
2025-01-30 04:07:03,397 INFO c.h.h.t.HelmChartContainer - [hivemq-test-hivemq-platform] [hivemq-platform-operator] [12f3db5b] 04:07:03.396 [ReconcilerExecutor-hivemq-controller-114] INFO  c.h.p.o.HiveMQPlatformReconciler - [helmcust] Reconciling HiveMQ Platform 'test-hivemq-platform' in namespace 'helmcustomconfigit'
2025-01-30 04:07:03,398 INFO c.h.h.t.HelmChartContainer - [hivemq-test-hivemq-platform] [hivemq-platform-operator] [12f3db5b] 04:07:03.396 [ReconcilerExecutor-hivemq-controller-114] DEBUG c.h.p.o.HiveMQPlatformReconciler - [helmcust] Custom Resource Status STARTING - HiveMQ Platform is starting (READY)
2025-01-30 04:07:03,398 INFO c.h.h.t.HelmChartContainer - [hivemq-test-hivemq-platform] [hivemq-platform-operator] [12f3db5b] 04:07:03.396 [ReconcilerExecutor-hivemq-controller-114] DEBUG c.h.p.o.HiveMQPlatformReconciler - [helmcust] Custom Resource Spec (replicas: 2) (extensions: 1)
2025-01-30 04:07:03,400 INFO c.h.h.t.HelmChartContainer - [hivemq-test-hivemq-platform] [hivemq-platform-operator] [12f3db5b] 04:07:03.398 [ReconcilerExecutor-hivemq-controller-114] DEBUG c.h.p.o.HiveMQPlatformReconciler - [helmcust] StatefulSet Status (revision: test-hivemq-platform-7f5f89548, replicas: 1, available: 0, ready: 0, current: 1, updated: 1)
2025-01-30 04:07:03,400 INFO c.h.h.t.HelmChartContainer - [hivemq-test-hivemq-platform] [hivemq-platform-operator] [12f3db5b] 04:07:03.398 [ReconcilerExecutor-hivemq-controller-114] DEBUG c.h.p.o.HiveMQPlatformReconciler - [helmcust] StatefulSet Spec (replicas: 2, init containers: 1, containers: 1, volumes: 3)
2025-01-30 04:07:03,401 INFO c.h.h.t.HelmChartContainer - [hivemq-test-hivemq-platform] [hivemq-platform-operator] [12f3db5b] 04:07:03.399 [ReconcilerExecutor-hivemq-controller-114] DEBUG c.h.p.o.h.HiveMQPlatformReconcilerErrorHandler - [helmcust] Pod 'test-hivemq-platform-0' phase Running
2025-01-30 04:07:03,401 INFO c.h.h.t.HelmChartContainer - [hivemq-test-hivemq-platform] [hivemq-platform-operator] [12f3db5b] 04:07:03.399 [ReconcilerExecutor-hivemq-controller-114] INFO  c.h.p.o.h.HiveMQPlatformReconcilerBaseHandler - [helmcust] HiveMQ Platform is starting, 0 of 2 replicas are ready
2025-01-30 04:07:03,615 INFO c.h.h.t.HelmChartContainer - [test-hivemq-platform] [hivemq] [1a7e049f] INFO  - [HiveMQ Platform Operator Init App 1.7.0-SNAPSHOT] Returning Health API response 503 for readiness
2025-01-30 04:07:03,619 INFO c.h.h.t.HelmChartContainer - [EVENT] Warning [Unhealthy] Readiness probe failed: HTTP probe failed with statuscode: 503 [helmcustomconfigit:test-hivemq-platform-0]
2025-01-30 04:07:03,619 INFO c.h.h.t.HelmChartContainer - Received Unhealthy event for container hivemq in pod test-hivemq-platform-0 [1a7e049f-8940-408b-b5bd-513126cebd1d]
2025-01-30 04:07:04,984 INFO c.h.h.t.HelmChartContainer - [test-hivemq-platform] [hivemq] [1a7e049f] INFO  - i6prN: no members discovered after 2281 ms: creating cluster as first member
2025-01-30 04:07:04,991 INFO c.h.h.t.HelmChartContainer - [test-hivemq-platform] [hivemq] [1a7e049f] INFO  - Cluster nodes found by discovery: [i6prN|0] (1) [i6prN].
2025-01-30 04:07:05,090 INFO c.h.h.t.HelmChartContainer - [test-hivemq-platform] [hivemq] [1a7e049f] WARN  - No user for HiveMQ Control Center configured. Starting with default user
2025-01-30 04:07:05,090 INFO c.h.h.t.HelmChartContainer - [test-hivemq-platform] [hivemq] [1a7e049f] INFO  - Starting HiveMQ Control Center on address 0.0.0.0 and port 8080
2025-01-30 04:07:05,098 INFO c.h.h.t.HelmChartContainer - [test-hivemq-platform] [hivemq] [1a7e049f] INFO  - Mounting HiveMQ Control Center V2 Preview
2025-01-30 04:07:05,786 INFO c.h.h.t.HelmChartContainer - [test-hivemq-platform] [hivemq] [1a7e049f] INFO  - Started HiveMQ Control Center in 697ms
2025-01-30 04:07:05,800 INFO c.h.h.t.HelmChartContainer - [test-hivemq-platform] [hivemq] [1a7e049f] INFO  - Starting TCP listener on address 0.0.0.0 and port 1884
2025-01-30 04:07:05,816 INFO c.h.h.t.HelmChartContainer - [test-hivemq-platform] [hivemq] [1a7e049f] INFO  - Started TCP Listener on address 0.0.0.0 and on port 1884.
2025-01-30 04:07:05,816 INFO c.h.h.t.HelmChartContainer - [test-hivemq-platform] [hivemq] [1a7e049f] INFO  - Started HiveMQ in 30713ms
2025-01-30 04:07:08,222 INFO c.h.h.t.HelmChartContainer - [test-hivemq-platform] [hivemq] [1a7e049f] INFO  - [HiveMQ Platform Operator Init App 1.7.0-SNAPSHOT] Returning Health API response 200 for readiness
2025-01-30 04:07:08,233 INFO c.h.h.t.HelmChartContainer - [POD] test-hivemq-platform-0 [1a7e049f-8940-408b-b5bd-513126cebd1d] in helmcustomconfigit was MODIFIED
2025-01-30 04:07:08,246 INFO c.h.h.t.HelmChartContainer - [hivemq-test-hivemq-platform] [hivemq-platform-operator] [12f3db5b] 04:07:08.237 [pool-6-thread-16] DEBUG c.h.p.o.d.PlatformServiceResource - [helmcust] Desired Platform services (3 services)
2025-01-30 04:07:08,246 INFO c.h.h.t.HelmChartContainer - [hivemq-test-hivemq-platform] [hivemq-platform-operator] [12f3db5b] 04:07:08.241 [pool-6-thread-14] DEBUG c.h.p.o.dependants.PodInfoConfigMap - [helmcust] Desired PodInfo ConfigMap (1 extensions) (1 enabled)
2025-01-30 04:07:08,246 INFO c.h.h.t.HelmChartContainer - [hivemq-test-hivemq-platform] [hivemq-platform-operator] [12f3db5b] 04:07:08.241 [pool-6-thread-14] DEBUG c.h.p.o.dependants.PodInfoConfigMap - [helmcust] Desired PodInfo ConfigMap (metrics port: 9399) (metrics path: /)
2025-01-30 04:07:08,246 INFO c.h.h.t.HelmChartContainer - [hivemq-test-hivemq-platform] [hivemq-platform-operator] [12f3db5b] 04:07:08.241 [pool-6-thread-14] DEBUG c.h.p.o.dependants.PodInfoConfigMap - [helmcust] Desired PodInfo ConfigMap (extension state hash: -1817474005)
2025-01-30 04:07:08,250 INFO c.h.h.t.HelmChartContainer - [hivemq-test-hivemq-platform] [hivemq-platform-operator] [12f3db5b] 04:07:08.246 [pool-6-thread-14] DEBUG c.h.p.o.d.PodServiceAccountResource - [helmcust] Desired PodServiceAccountResource (serviceAccountName: hivemq-platform-pod-test-hivemq-platform)
2025-01-30 04:07:08,258 INFO c.h.h.t.HelmChartContainer - [POD] test-hivemq-platform-1 [257cf99a-8709-44da-9adb-7e7987cce6db] in helmcustomconfigit was ADDED
2025-01-30 04:07:08,266 INFO c.h.h.t.HelmChartContainer - [POD] test-hivemq-platform-1 [257cf99a-8709-44da-9adb-7e7987cce6db] in helmcustomconfigit was MODIFIED
2025-01-30 04:07:08,267 INFO c.h.h.t.HelmChartContainer - [EVENT] Normal [SuccessfulCreate] create Pod test-hivemq-platform-1 in StatefulSet test-hivemq-platform successful [helmcustomconfigit:test-hivemq-platform]
2025-01-30 04:07:08,273 INFO c.h.h.t.HelmChartContainer - [EVENT] Normal [Scheduled] Successfully assigned helmcustomconfigit/test-hivemq-platform-1 to bb975d1fd0a5 [helmcustomconfigit:test-hivemq-platform-1]
2025-01-30 04:07:08,282 INFO c.h.h.t.HelmChartContainer - [hivemq-test-hivemq-platform] [hivemq-platform-operator] [12f3db5b] 04:07:08.280 [pool-6-thread-16] DEBUG c.h.p.o.d.StatefulSetResource - [helmcust] Desired StatefulSet (2 replicas) for status STARTING (READY)
2025-01-30 04:07:08,282 INFO c.h.h.t.HelmChartContainer - [POD] test-hivemq-platform-1 [257cf99a-8709-44da-9adb-7e7987cce6db] in helmcustomconfigit was MODIFIED
2025-01-30 04:07:08,292 INFO c.h.h.t.HelmChartContainer - [hivemq-test-hivemq-platform] [hivemq-platform-operator] [12f3db5b] 04:07:08.289 [ReconcilerExecutor-hivemq-controller-115] INFO  c.h.p.o.HiveMQPlatformReconciler - [helmcust] Reconciling HiveMQ Platform 'test-hivemq-platform' in namespace 'helmcustomconfigit'
2025-01-30 04:07:08,292 INFO c.h.h.t.HelmChartContainer - [hivemq-test-hivemq-platform] [hivemq-platform-operator] [12f3db5b] 04:07:08.289 [ReconcilerExecutor-hivemq-controller-115] DEBUG c.h.p.o.HiveMQPlatformReconciler - [helmcust] Custom Resource Status STARTING - HiveMQ Platform is starting (READY)
2025-01-30 04:07:08,293 INFO c.h.h.t.HelmChartContainer - [hivemq-test-hivemq-platform] [hivemq-platform-operator] [12f3db5b] 04:07:08.289 [ReconcilerExecutor-hivemq-controller-115] DEBUG c.h.p.o.HiveMQPlatformReconciler - [helmcust] Custom Resource Spec (replicas: 2) (extensions: 1)
2025-01-30 04:07:08,293 INFO c.h.h.t.HelmChartContainer - [hivemq-test-hivemq-platform] [hivemq-platform-operator] [12f3db5b] 04:07:08.291 [ReconcilerExecutor-hivemq-controller-115] DEBUG c.h.p.o.HiveMQPlatformReconciler - [helmcust] StatefulSet Status (revision: test-hivemq-platform-7f5f89548, replicas: 2, available: 1, ready: 1, current: 2, updated: 2)
2025-01-30 04:07:08,293 INFO c.h.h.t.HelmChartContainer - [hivemq-test-hivemq-platform] [hivemq-platform-operator] [12f3db5b] 04:07:08.291 [ReconcilerExecutor-hivemq-controller-115] DEBUG c.h.p.o.HiveMQPlatformReconciler - [helmcust] StatefulSet Spec (replicas: 2, init containers: 1, containers: 1, volumes: 3)
2025-01-30 04:07:08,293 INFO c.h.h.t.HelmChartContainer - [hivemq-test-hivemq-platform] [hivemq-platform-operator] [12f3db5b] 04:07:08.292 [ReconcilerExecutor-hivemq-controller-115] DEBUG c.h.p.o.h.HiveMQPlatformReconcilerErrorHandler - [helmcust] Pod 'test-hivemq-platform-1' phase Pending
2025-01-30 04:07:08,294 INFO c.h.h.t.HelmChartContainer - [hivemq-test-hivemq-platform] [hivemq-platform-operator] [12f3db5b] 04:07:08.293 [ReconcilerExecutor-hivemq-controller-115] DEBUG c.h.p.o.h.HiveMQPlatformReconcilerErrorHandler - [helmcust] Pod 'test-hivemq-platform-1' condition 'PodReadyToStartContainers': False
2025-01-30 04:07:08,294 INFO c.h.h.t.HelmChartContainer - [hivemq-test-hivemq-platform] [hivemq-platform-operator] [12f3db5b] 04:07:08.293 [ReconcilerExecutor-hivemq-controller-115] DEBUG c.h.p.o.h.HiveMQPlatformReconcilerErrorHandler - [helmcust] Pod 'test-hivemq-platform-1' condition 'Initialized': False
2025-01-30 04:07:08,294 INFO c.h.h.t.HelmChartContainer - [hivemq-test-hivemq-platform] [hivemq-platform-operator] [12f3db5b] 04:07:08.293 [ReconcilerExecutor-hivemq-controller-115] DEBUG c.h.p.o.h.HiveMQPlatformReconcilerErrorHandler - [helmcust] Pod 'test-hivemq-platform-1' condition 'Ready': False
2025-01-30 04:07:08,294 INFO c.h.h.t.HelmChartContainer - [hivemq-test-hivemq-platform] [hivemq-platform-operator] [12f3db5b] 04:07:08.293 [ReconcilerExecutor-hivemq-controller-115] DEBUG c.h.p.o.h.HiveMQPlatformReconcilerErrorHandler - [helmcust] Pod 'test-hivemq-platform-1' condition 'ContainersReady': False
2025-01-30 04:07:08,295 INFO c.h.h.t.HelmChartContainer - [hivemq-test-hivemq-platform] [hivemq-platform-operator] [12f3db5b] 04:07:08.294 [ReconcilerExecutor-hivemq-controller-115] DEBUG c.h.p.o.h.HiveMQPlatformReconcilerErrorHandler - [helmcust] Pod 'test-hivemq-platform-1' condition 'PodScheduled': True
2025-01-30 04:07:08,295 INFO c.h.h.t.HelmChartContainer - [hivemq-test-hivemq-platform] [hivemq-platform-operator] [12f3db5b] 04:07:08.294 [ReconcilerExecutor-hivemq-controller-115] DEBUG c.h.p.o.h.HiveMQPlatformReconcilerErrorHandler - [helmcust] Pod 'test-hivemq-platform-1' containerStatus 'hivemq' (started: false) (ready: false) (waiting: [PodInitializing] null)
2025-01-30 04:07:08,297 INFO c.h.h.t.HelmChartContainer - [hivemq-test-hivemq-platform] [hivemq-platform-operator] [12f3db5b] 04:07:08.295 [ReconcilerExecutor-hivemq-controller-115] DEBUG c.h.p.o.h.HiveMQPlatformReconcilerErrorHandler - [helmcust] Pod 'test-hivemq-platform-0' phase Running
2025-01-30 04:07:08,297 INFO c.h.h.t.HelmChartContainer - [hivemq-test-hivemq-platform] [hivemq-platform-operator] [12f3db5b] 04:07:08.296 [ReconcilerExecutor-hivemq-controller-115] INFO  c.h.p.o.h.HiveMQPlatformReconcilerBaseHandler - [helmcust] HiveMQ Platform is starting, 1 of 2 replicas are ready
2025-01-30 04:07:08,380 INFO c.h.h.t.HelmChartContainer - [hivemq-test-hivemq-platform] [hivemq-platform-operator] [12f3db5b] 04:07:08.378 [pool-6-thread-26] DEBUG c.h.p.o.d.PlatformServiceResource - [helmcust] Desired Platform services (3 services)
2025-01-30 04:07:08,382 INFO c.h.h.t.HelmChartContainer - [hivemq-test-hivemq-platform] [hivemq-platform-operator] [12f3db5b] 04:07:08.379 [pool-6-thread-24] DEBUG c.h.p.o.dependants.PodInfoConfigMap - [helmcust] Desired PodInfo ConfigMap (1 extensions) (1 enabled)
2025-01-30 04:07:08,382 INFO c.h.h.t.HelmChartContainer - [hivemq-test-hivemq-platform] [hivemq-platform-operator] [12f3db5b] 04:07:08.380 [pool-6-thread-22] DEBUG c.h.p.o.d.PodServiceAccountResource - [helmcust] Desired PodServiceAccountResource (serviceAccountName: hivemq-platform-pod-test-hivemq-platform)
2025-01-30 04:07:08,382 INFO c.h.h.t.HelmChartContainer - [hivemq-test-hivemq-platform] [hivemq-platform-operator] [12f3db5b] 04:07:08.380 [pool-6-thread-24] DEBUG c.h.p.o.dependants.PodInfoConfigMap - [helmcust] Desired PodInfo ConfigMap (metrics port: 9399) (metrics path: /)
2025-01-30 04:07:08,382 INFO c.h.h.t.HelmChartContainer - [hivemq-test-hivemq-platform] [hivemq-platform-operator] [12f3db5b] 04:07:08.380 [pool-6-thread-24] DEBUG c.h.p.o.dependants.PodInfoConfigMap - [helmcust] Desired PodInfo ConfigMap (extension state hash: -1817474005)
2025-01-30 04:07:08,387 INFO c.h.h.t.HelmChartContainer - [hivemq-test-hivemq-platform] [hivemq-platform-operator] [12f3db5b] 04:07:08.386 [pool-6-thread-26] DEBUG c.h.p.o.d.StatefulSetResource - [helmcust] Desired StatefulSet (2 replicas) for status STARTING (READY)
2025-01-30 04:07:08,390 INFO c.h.h.t.HelmChartContainer - [hivemq-test-hivemq-platform] [hivemq-platform-operator] [12f3db5b] 04:07:08.390 [ReconcilerExecutor-hivemq-controller-116] INFO  c.h.p.o.HiveMQPlatformReconciler - [helmcust] Reconciling HiveMQ Platform 'test-hivemq-platform' in namespace 'helmcustomconfigit'
2025-01-30 04:07:08,390 INFO c.h.h.t.HelmChartContainer - [hivemq-test-hivemq-platform] [hivemq-platform-operator] [12f3db5b] 04:07:08.390 [ReconcilerExecutor-hivemq-controller-116] DEBUG c.h.p.o.HiveMQPlatformReconciler - [helmcust] Custom Resource Status STARTING - HiveMQ Platform is starting (READY)
2025-01-30 04:07:08,391 INFO c.h.h.t.HelmChartContainer - [hivemq-test-hivemq-platform] [hivemq-platform-operator] [12f3db5b] 04:07:08.390 [ReconcilerExecutor-hivemq-controller-116] DEBUG c.h.p.o.HiveMQPlatformReconciler - [helmcust] Custom Resource Spec (replicas: 2) (extensions: 1)
2025-01-30 04:07:08,392 INFO c.h.h.t.HelmChartContainer - [hivemq-test-hivemq-platform] [hivemq-platform-operator] [12f3db5b] 04:07:08.391 [ReconcilerExecutor-hivemq-controller-116] DEBUG c.h.p.o.HiveMQPlatformReconciler - [helmcust] StatefulSet Status (revision: test-hivemq-platform-7f5f89548, replicas: 2, available: 1, ready: 1, current: 2, updated: 2)
2025-01-30 04:07:08,393 INFO c.h.h.t.HelmChartContainer - [hivemq-test-hivemq-platform] [hivemq-platform-operator] [12f3db5b] 04:07:08.391 [ReconcilerExecutor-hivemq-controller-116] DEBUG c.h.p.o.HiveMQPlatformReconciler - [helmcust] StatefulSet Spec (replicas: 2, init containers: 1, containers: 1, volumes: 3)
2025-01-30 04:07:08,393 INFO c.h.h.t.HelmChartContainer - [hivemq-test-hivemq-platform] [hivemq-platform-operator] [12f3db5b] 04:07:08.392 [ReconcilerExecutor-hivemq-controller-116] DEBUG c.h.p.o.h.HiveMQPlatformReconcilerErrorHandler - [helmcust] Pod 'test-hivemq-platform-1' phase Pending
2025-01-30 04:07:08,395 INFO c.h.h.t.HelmChartContainer - [hivemq-test-hivemq-platform] [hivemq-platform-operator] [12f3db5b] 04:07:08.392 [ReconcilerExecutor-hivemq-controller-116] DEBUG c.h.p.o.h.HiveMQPlatformReconcilerErrorHandler - [helmcust] Pod 'test-hivemq-platform-1' condition 'PodReadyToStartContainers': False
2025-01-30 04:07:08,395 INFO c.h.h.t.HelmChartContainer - [hivemq-test-hivemq-platform] [hivemq-platform-operator] [12f3db5b] 04:07:08.392 [ReconcilerExecutor-hivemq-controller-116] DEBUG c.h.p.o.h.HiveMQPlatformReconcilerErrorHandler - [helmcust] Pod 'test-hivemq-platform-1' condition 'Initialized': False
2025-01-30 04:07:08,395 INFO c.h.h.t.HelmChartContainer - [hivemq-test-hivemq-platform] [hivemq-platform-operator] [12f3db5b] 04:07:08.392 [ReconcilerExecutor-hivemq-controller-116] DEBUG c.h.p.o.h.HiveMQPlatformReconcilerErrorHandler - [helmcust] Pod 'test-hivemq-platform-1' condition 'Ready': False
2025-01-30 04:07:08,395 INFO c.h.h.t.HelmChartContainer - [hivemq-test-hivemq-platform] [hivemq-platform-operator] [12f3db5b] 04:07:08.392 [ReconcilerExecutor-hivemq-controller-116] DEBUG c.h.p.o.h.HiveMQPlatformReconcilerErrorHandler - [helmcust] Pod 'test-hivemq-platform-1' condition 'ContainersReady': False
2025-01-30 04:07:08,395 INFO c.h.h.t.HelmChartContainer - [hivemq-test-hivemq-platform] [hivemq-platform-operator] [12f3db5b] 04:07:08.392 [ReconcilerExecutor-hivemq-controller-116] DEBUG c.h.p.o.h.HiveMQPlatformReconcilerErrorHandler - [helmcust] Pod 'test-hivemq-platform-1' condition 'PodScheduled': True
2025-01-30 04:07:08,395 INFO c.h.h.t.HelmChartContainer - [hivemq-test-hivemq-platform] [hivemq-platform-operator] [12f3db5b] 04:07:08.392 [ReconcilerExecutor-hivemq-controller-116] DEBUG c.h.p.o.h.HiveMQPlatformReconcilerErrorHandler - [helmcust] Pod 'test-hivemq-platform-1' containerStatus 'hivemq' (started: false) (ready: false) (waiting: [PodInitializing] null)
2025-01-30 04:07:08,395 INFO c.h.h.t.HelmChartContainer - [hivemq-test-hivemq-platform] [hivemq-platform-operator] [12f3db5b] 04:07:08.394 [ReconcilerExecutor-hivemq-controller-116] DEBUG c.h.p.o.h.HiveMQPlatformReconcilerErrorHandler - [helmcust] Pod 'test-hivemq-platform-0' phase Running
2025-01-30 04:07:08,397 INFO c.h.h.t.HelmChartContainer - [hivemq-test-hivemq-platform] [hivemq-platform-operator] [12f3db5b] 04:07:08.396 [ReconcilerExecutor-hivemq-controller-116] INFO  c.h.p.o.h.HiveMQPlatformReconcilerBaseHandler - [helmcust] HiveMQ Platform is starting, 1 of 2 replicas are ready
2025-01-30 04:07:08,417 INFO c.h.h.t.HelmChartContainer - [K3S] [reconciler_common.go:251] "operationExecutor.VerifyControllerAttachedVolume started for volume \"broker-configuration\" (UniqueName: \"kubernetes.io/configmap/257cf99a-8709-44da-9adb-7e7987cce6db-broker-configuration\") pod \"test-hivemq-platform-1\" (UID: \"257cf99a-8709-44da-9adb-7e7987cce6db\") " pod="helmcustomconfigit/test-hivemq-platform-1"
2025-01-30 04:07:08,417 INFO c.h.h.t.HelmChartContainer - [K3S] [reconciler_common.go:251] "operationExecutor.VerifyControllerAttachedVolume started for volume \"pod-info\" (UniqueName: \"kubernetes.io/configmap/257cf99a-8709-44da-9adb-7e7987cce6db-pod-info\") pod \"test-hivemq-platform-1\" (UID: \"257cf99a-8709-44da-9adb-7e7987cce6db\") " pod="helmcustomconfigit/test-hivemq-platform-1"
2025-01-30 04:07:08,417 INFO c.h.h.t.HelmChartContainer - [K3S] [reconciler_common.go:251] "operationExecutor.VerifyControllerAttachedVolume started for volume \"operator-init\" (UniqueName: \"kubernetes.io/empty-dir/257cf99a-8709-44da-9adb-7e7987cce6db-operator-init\") pod \"test-hivemq-platform-1\" (UID: \"257cf99a-8709-44da-9adb-7e7987cce6db\") " pod="helmcustomconfigit/test-hivemq-platform-1"
2025-01-30 04:07:08,417 INFO c.h.h.t.HelmChartContainer - [K3S] [reconciler_common.go:251] "operationExecutor.VerifyControllerAttachedVolume started for volume \"kube-api-access-sb49h\" (UniqueName: \"kubernetes.io/projected/257cf99a-8709-44da-9adb-7e7987cce6db-kube-api-access-sb49h\") pod \"test-hivemq-platform-1\" (UID: \"257cf99a-8709-44da-9adb-7e7987cce6db\") " pod="helmcustomconfigit/test-hivemq-platform-1"
2025-01-30 04:07:08,656 INFO c.h.h.t.HelmChartContainer - [EVENT] Normal [Pulled] Container image "docker.io/hivemq/hivemq-platform-operator-init-test:snapshot" already present on machine [helmcustomconfigit:test-hivemq-platform-1]
2025-01-30 04:07:08,660 INFO c.h.h.t.HelmChartContainer - [EVENT] Normal [Created] Created container: hivemq-platform-operator-init [helmcustomconfigit:test-hivemq-platform-1]
2025-01-30 04:07:08,695 INFO c.h.h.t.HelmChartContainer - [EVENT] Normal [Started] Started container hivemq-platform-operator-init [helmcustomconfigit:test-hivemq-platform-1]
2025-01-30 04:07:08,803 INFO c.h.h.t.HelmChartContainer - [EVENT] Normal [Pulled] Container image "docker.io/hivemq/hivemq4:4.36.0" already present on machine [helmcustomconfigit:test-hivemq-platform-1]
2025-01-30 04:07:08,803 INFO c.h.h.t.HelmChartContainer - Received Pulled event for container hivemq in pod test-hivemq-platform-1 [257cf99a-8709-44da-9adb-7e7987cce6db]
2025-01-30 04:07:08,811 INFO c.h.h.t.HelmChartContainer - [POD] test-hivemq-platform-1 [257cf99a-8709-44da-9adb-7e7987cce6db] in helmcustomconfigit was MODIFIED
2025-01-30 04:07:08,823 INFO c.h.h.t.HelmChartContainer - [EVENT] Normal [Created] Created container: hivemq [helmcustomconfigit:test-hivemq-platform-1]
2025-01-30 04:07:08,823 INFO c.h.h.t.HelmChartContainer - Received Created event for container hivemq in pod test-hivemq-platform-1 [257cf99a-8709-44da-9adb-7e7987cce6db]
2025-01-30 04:07:08,839 INFO c.h.h.t.HelmChartContainer - [hivemq-test-hivemq-platform] [hivemq-platform-operator] [12f3db5b] 04:07:08.819 [pool-6-thread-34] DEBUG c.h.p.o.d.PlatformServiceResource - [helmcust] Desired Platform services (3 services)
2025-01-30 04:07:08,839 INFO c.h.h.t.HelmChartContainer - [hivemq-test-hivemq-platform] [hivemq-platform-operator] [12f3db5b] 04:07:08.824 [pool-6-thread-36] DEBUG c.h.p.o.dependants.PodInfoConfigMap - [helmcust] Desired PodInfo ConfigMap (1 extensions) (1 enabled)
2025-01-30 04:07:08,839 INFO c.h.h.t.HelmChartContainer - [hivemq-test-hivemq-platform] [hivemq-platform-operator] [12f3db5b] 04:07:08.824 [pool-6-thread-36] DEBUG c.h.p.o.dependants.PodInfoConfigMap - [helmcust] Desired PodInfo ConfigMap (metrics port: 9399) (metrics path: /)
2025-01-30 04:07:08,839 INFO c.h.h.t.HelmChartContainer - [hivemq-test-hivemq-platform] [hivemq-platform-operator] [12f3db5b] 04:07:08.824 [pool-6-thread-36] DEBUG c.h.p.o.dependants.PodInfoConfigMap - [helmcust] Desired PodInfo ConfigMap (extension state hash: -1817474005)
2025-01-30 04:07:08,839 INFO c.h.h.t.HelmChartContainer - [hivemq-test-hivemq-platform] [hivemq-platform-operator] [12f3db5b] 04:07:08.828 [pool-6-thread-31] DEBUG c.h.p.o.d.PodServiceAccountResource - [helmcust] Desired PodServiceAccountResource (serviceAccountName: hivemq-platform-pod-test-hivemq-platform)
2025-01-30 04:07:08,843 INFO c.h.h.t.HelmChartContainer - [hivemq-test-hivemq-platform] [hivemq-platform-operator] [12f3db5b] 04:07:08.842 [pool-6-thread-34] DEBUG c.h.p.o.d.StatefulSetResource - [helmcust] Desired StatefulSet (2 replicas) for status STARTING (READY)
2025-01-30 04:07:08,884 INFO c.h.h.t.HelmChartContainer - [hivemq-test-hivemq-platform] [hivemq-platform-operator] [12f3db5b] 04:07:08.883 [ReconcilerExecutor-hivemq-controller-117] INFO  c.h.p.o.HiveMQPlatformReconciler - [helmcust] Reconciling HiveMQ Platform 'test-hivemq-platform' in namespace 'helmcustomconfigit'
2025-01-30 04:07:08,885 INFO c.h.h.t.HelmChartContainer - [hivemq-test-hivemq-platform] [hivemq-platform-operator] [12f3db5b] 04:07:08.884 [ReconcilerExecutor-hivemq-controller-117] DEBUG c.h.p.o.HiveMQPlatformReconciler - [helmcust] Custom Resource Status STARTING - HiveMQ Platform is starting (READY)
2025-01-30 04:07:08,885 INFO c.h.h.t.HelmChartContainer - [hivemq-test-hivemq-platform] [hivemq-platform-operator] [12f3db5b] 04:07:08.884 [ReconcilerExecutor-hivemq-controller-117] DEBUG c.h.p.o.HiveMQPlatformReconciler - [helmcust] Custom Resource Spec (replicas: 2) (extensions: 1)
2025-01-30 04:07:08,893 INFO c.h.h.t.HelmChartContainer - [hivemq-test-hivemq-platform] [hivemq-platform-operator] [12f3db5b] 04:07:08.891 [ReconcilerExecutor-hivemq-controller-117] DEBUG c.h.p.o.HiveMQPlatformReconciler - [helmcust] StatefulSet Status (revision: test-hivemq-platform-7f5f89548, replicas: 2, available: 1, ready: 1, current: 2, updated: 2)
2025-01-30 04:07:08,894 INFO c.h.h.t.HelmChartContainer - [hivemq-test-hivemq-platform] [hivemq-platform-operator] [12f3db5b] 04:07:08.891 [ReconcilerExecutor-hivemq-controller-117] DEBUG c.h.p.o.HiveMQPlatformReconciler - [helmcust] StatefulSet Spec (replicas: 2, init containers: 1, containers: 1, volumes: 3)
2025-01-30 04:07:08,896 INFO c.h.h.t.HelmChartContainer - [hivemq-test-hivemq-platform] [hivemq-platform-operator] [12f3db5b] 04:07:08.893 [ReconcilerExecutor-hivemq-controller-117] DEBUG c.h.p.o.h.HiveMQPlatformReconcilerErrorHandler - [helmcust] Pod 'test-hivemq-platform-1' phase Pending
2025-01-30 04:07:08,897 INFO c.h.h.t.HelmChartContainer - [hivemq-test-hivemq-platform] [hivemq-platform-operator] [12f3db5b] 04:07:08.893 [ReconcilerExecutor-hivemq-controller-117] DEBUG c.h.p.o.h.HiveMQPlatformReconcilerErrorHandler - [helmcust] Pod 'test-hivemq-platform-1' condition 'PodReadyToStartContainers': True
2025-01-30 04:07:08,897 INFO c.h.h.t.HelmChartContainer - [hivemq-test-hivemq-platform] [hivemq-platform-operator] [12f3db5b] 04:07:08.893 [ReconcilerExecutor-hivemq-controller-117] DEBUG c.h.p.o.h.HiveMQPlatformReconcilerErrorHandler - [helmcust] Pod 'test-hivemq-platform-1' condition 'Initialized': True
2025-01-30 04:07:08,897 INFO c.h.h.t.HelmChartContainer - [hivemq-test-hivemq-platform] [hivemq-platform-operator] [12f3db5b] 04:07:08.893 [ReconcilerExecutor-hivemq-controller-117] DEBUG c.h.p.o.h.HiveMQPlatformReconcilerErrorHandler - [helmcust] Pod 'test-hivemq-platform-1' condition 'Ready': False
2025-01-30 04:07:08,897 INFO c.h.h.t.HelmChartContainer - [hivemq-test-hivemq-platform] [hivemq-platform-operator] [12f3db5b] 04:07:08.893 [ReconcilerExecutor-hivemq-controller-117] DEBUG c.h.p.o.h.HiveMQPlatformReconcilerErrorHandler - [helmcust] Pod 'test-hivemq-platform-1' condition 'ContainersReady': False
2025-01-30 04:07:08,897 INFO c.h.h.t.HelmChartContainer - [hivemq-test-hivemq-platform] [hivemq-platform-operator] [12f3db5b] 04:07:08.893 [ReconcilerExecutor-hivemq-controller-117] DEBUG c.h.p.o.h.HiveMQPlatformReconcilerErrorHandler - [helmcust] Pod 'test-hivemq-platform-1' condition 'PodScheduled': True
2025-01-30 04:07:08,897 INFO c.h.h.t.HelmChartContainer - [hivemq-test-hivemq-platform] [hivemq-platform-operator] [12f3db5b] 04:07:08.893 [ReconcilerExecutor-hivemq-controller-117] DEBUG c.h.p.o.h.HiveMQPlatformReconcilerErrorHandler - [helmcust] Pod 'test-hivemq-platform-1' containerStatus 'hivemq' (started: false) (ready: false) (waiting: [PodInitializing] null)
2025-01-30 04:07:08,979 INFO c.h.h.t.HelmChartContainer - [hivemq-test-hivemq-platform] [hivemq-platform-operator] [12f3db5b] 04:07:08.898 [ReconcilerExecutor-hivemq-controller-117] DEBUG c.h.p.o.h.HiveMQPlatformReconcilerErrorHandler - [helmcust] Pod 'test-hivemq-platform-0' phase Running
2025-01-30 04:07:08,980 INFO c.h.h.t.HelmChartContainer - [hivemq-test-hivemq-platform] [hivemq-platform-operator] [12f3db5b] 04:07:08.980 [ReconcilerExecutor-hivemq-controller-117] INFO  c.h.p.o.h.HiveMQPlatformReconcilerBaseHandler - [helmcust] HiveMQ Platform is starting, 1 of 2 replicas are ready
2025-01-30 04:07:09,817 INFO c.h.h.t.HelmChartContainer - [POD] test-hivemq-platform-1 [257cf99a-8709-44da-9adb-7e7987cce6db] in helmcustomconfigit was MODIFIED
2025-01-30 04:07:09,820 INFO c.h.h.t.HelmChartContainer - [hivemq-test-hivemq-platform] [hivemq-platform-operator] [12f3db5b] 04:07:09.819 [pool-6-thread-45] DEBUG c.h.p.o.d.PlatformServiceResource - [helmcust] Desired Platform services (3 services)
2025-01-30 04:07:09,823 INFO c.h.h.t.HelmChartContainer - [hivemq-test-hivemq-platform] [hivemq-platform-operator] [12f3db5b] 04:07:09.821 [pool-6-thread-46] DEBUG c.h.p.o.d.PodServiceAccountResource - [helmcust] Desired PodServiceAccountResource (serviceAccountName: hivemq-platform-pod-test-hivemq-platform)
2025-01-30 04:07:09,823 INFO c.h.h.t.HelmChartContainer - [hivemq-test-hivemq-platform] [hivemq-platform-operator] [12f3db5b] 04:07:09.821 [pool-6-thread-41] DEBUG c.h.p.o.dependants.PodInfoConfigMap - [helmcust] Desired PodInfo ConfigMap (1 extensions) (1 enabled)
2025-01-30 04:07:09,823 INFO c.h.h.t.HelmChartContainer - [hivemq-test-hivemq-platform] [hivemq-platform-operator] [12f3db5b] 04:07:09.821 [pool-6-thread-41] DEBUG c.h.p.o.dependants.PodInfoConfigMap - [helmcust] Desired PodInfo ConfigMap (metrics port: 9399) (metrics path: /)
2025-01-30 04:07:09,823 INFO c.h.h.t.HelmChartContainer - [hivemq-test-hivemq-platform] [hivemq-platform-operator] [12f3db5b] 04:07:09.821 [pool-6-thread-41] DEBUG c.h.p.o.dependants.PodInfoConfigMap - [helmcust] Desired PodInfo ConfigMap (extension state hash: -1817474005)
2025-01-30 04:07:09,828 INFO c.h.h.t.HelmChartContainer - Started log watcher for hivemq in pod test-hivemq-platform-1 [257cf99a-8709-44da-9adb-7e7987cce6db]
2025-01-30 04:07:09,828 INFO c.h.h.t.HelmChartContainer - [EVENT] Normal [Started] Started container hivemq [helmcustomconfigit:test-hivemq-platform-1]
2025-01-30 04:07:09,828 INFO c.h.h.t.HelmChartContainer - Received Started event for container hivemq in pod test-hivemq-platform-1 [257cf99a-8709-44da-9adb-7e7987cce6db]
2025-01-30 04:07:09,828 INFO c.h.h.t.HelmChartContainer - [test-hivemq-platform] [hivemq] [257cf99a] Adding pre-installed HiveMQ Platform Operator extensions
2025-01-30 04:07:09,828 INFO c.h.h.t.HelmChartContainer - [test-hivemq-platform] [hivemq] [257cf99a] Running as user 10000
2025-01-30 04:07:09,828 INFO c.h.h.t.HelmChartContainer - [test-hivemq-platform] [hivemq] [257cf99a] Starting HiveMQ Platform Operator Init
2025-01-30 04:07:09,837 INFO c.h.h.t.HelmChartContainer - [hivemq-test-hivemq-platform] [hivemq-platform-operator] [12f3db5b] 04:07:09.834 [pool-6-thread-45] DEBUG c.h.p.o.d.StatefulSetResource - [helmcust] Desired StatefulSet (2 replicas) for status STARTING (READY)
2025-01-30 04:07:09,838 INFO c.h.h.t.HelmChartContainer - [hivemq-test-hivemq-platform] [hivemq-platform-operator] [12f3db5b] 04:07:09.837 [ReconcilerExecutor-hivemq-controller-118] INFO  c.h.p.o.HiveMQPlatformReconciler - [helmcust] Reconciling HiveMQ Platform 'test-hivemq-platform' in namespace 'helmcustomconfigit'
2025-01-30 04:07:09,838 INFO c.h.h.t.HelmChartContainer - [hivemq-test-hivemq-platform] [hivemq-platform-operator] [12f3db5b] 04:07:09.838 [ReconcilerExecutor-hivemq-controller-118] DEBUG c.h.p.o.HiveMQPlatformReconciler - [helmcust] Custom Resource Status STARTING - HiveMQ Platform is starting (READY)
2025-01-30 04:07:09,838 INFO c.h.h.t.HelmChartContainer - [hivemq-test-hivemq-platform] [hivemq-platform-operator] [12f3db5b] 04:07:09.838 [ReconcilerExecutor-hivemq-controller-118] DEBUG c.h.p.o.HiveMQPlatformReconciler - [helmcust] Custom Resource Spec (replicas: 2) (extensions: 1)
2025-01-30 04:07:09,842 INFO c.h.h.t.HelmChartContainer - [hivemq-test-hivemq-platform] [hivemq-platform-operator] [12f3db5b] 04:07:09.839 [ReconcilerExecutor-hivemq-controller-118] DEBUG c.h.p.o.HiveMQPlatformReconciler - [helmcust] StatefulSet Status (revision: test-hivemq-platform-7f5f89548, replicas: 2, available: 1, ready: 1, current: 2, updated: 2)
2025-01-30 04:07:09,842 INFO c.h.h.t.HelmChartContainer - [hivemq-test-hivemq-platform] [hivemq-platform-operator] [12f3db5b] 04:07:09.839 [ReconcilerExecutor-hivemq-controller-118] DEBUG c.h.p.o.HiveMQPlatformReconciler - [helmcust] StatefulSet Spec (replicas: 2, init containers: 1, containers: 1, volumes: 3)
2025-01-30 04:07:09,843 INFO c.h.h.t.HelmChartContainer - [hivemq-test-hivemq-platform] [hivemq-platform-operator] [12f3db5b] 04:07:09.841 [ReconcilerExecutor-hivemq-controller-118] DEBUG c.h.p.o.h.HiveMQPlatformReconcilerErrorHandler - [helmcust] Pod 'test-hivemq-platform-1' phase Running
2025-01-30 04:07:09,843 INFO c.h.h.t.HelmChartContainer - [hivemq-test-hivemq-platform] [hivemq-platform-operator] [12f3db5b] 04:07:09.842 [ReconcilerExecutor-hivemq-controller-118] DEBUG c.h.p.o.h.HiveMQPlatformReconcilerErrorHandler - [helmcust] Pod 'test-hivemq-platform-0' phase Running
2025-01-30 04:07:09,844 INFO c.h.h.t.HelmChartContainer - [hivemq-test-hivemq-platform] [hivemq-platform-operator] [12f3db5b] 04:07:09.842 [ReconcilerExecutor-hivemq-controller-118] INFO  c.h.p.o.h.HiveMQPlatformReconcilerBaseHandler - [helmcust] HiveMQ Platform is starting, 1 of 2 replicas are ready
2025-01-30 04:07:10,054 INFO c.h.h.t.HelmChartContainer - [test-hivemq-platform] [hivemq] [257cf99a] INFO  - [HiveMQ Platform Operator Init 1.7.0-SNAPSHOT] HiveMQ Platform Operator Init 1.7.0-SNAPSHOT (commit: 47e3375 on branch: HEAD) built on Thu Jan 30 03:55:50 UTC 2025
2025-01-30 04:07:11,214 INFO c.h.h.t.HelmChartContainer - [test-hivemq-platform] [hivemq] [257cf99a] INFO  - [HiveMQ Platform Operator Init App 1.7.0-SNAPSHOT] Using bind address 10.42.0.15 from environment variable
2025-01-30 04:07:12,145 INFO c.h.h.t.HelmChartContainer - [test-hivemq-platform] [hivemq] [257cf99a] INFO  - [HiveMQ Platform Operator Init App 1.7.0-SNAPSHOT] HiveMQ Platform Operator Init App 1.7.0-SNAPSHOT (commit: 47e3375 on branch: HEAD) built on Thu Jan 30 03:55:50 UTC 2025
2025-01-30 04:07:12,146 INFO c.h.h.t.HelmChartContainer - [test-hivemq-platform] [hivemq] [257cf99a] INFO  - [HiveMQ Platform Operator Init App 1.7.0-SNAPSHOT] PodInfo ConfigMap directory: /etc/podinfo
2025-01-30 04:07:12,146 INFO c.h.h.t.HelmChartContainer - [test-hivemq-platform] [hivemq] [257cf99a] INFO  - [HiveMQ Platform Operator Init App 1.7.0-SNAPSHOT] HiveMQ home directory: /opt/hivemq
2025-01-30 04:07:12,146 INFO c.h.h.t.HelmChartContainer - [test-hivemq-platform] [hivemq] [257cf99a] INFO  - [HiveMQ Platform Operator Init App 1.7.0-SNAPSHOT] HiveMQ Logback folder: /opt/hivemq/conf
2025-01-30 04:07:12,147 INFO c.h.h.t.HelmChartContainer - [test-hivemq-platform] [hivemq] [257cf99a] INFO  - [HiveMQ Platform Operator Init App 1.7.0-SNAPSHOT] HiveMQ Config folder: /opt/hivemq/conf-k8s
2025-01-30 04:07:12,147 INFO c.h.h.t.HelmChartContainer - [test-hivemq-platform] [hivemq] [257cf99a] INFO  - [HiveMQ Platform Operator Init App 1.7.0-SNAPSHOT] Starting HiveMQ Platform Operator Init App
2025-01-30 04:07:12,147 INFO c.h.h.t.HelmChartContainer - [test-hivemq-platform] [hivemq] [257cf99a] INFO  - [HiveMQ Platform Operator Init App 1.7.0-SNAPSHOT] Starting Pod reconciler
2025-01-30 04:07:13,270 INFO c.h.h.t.HelmChartContainer - [test-hivemq-platform] [hivemq] [257cf99a] INFO  - [HiveMQ Platform Operator Init App 1.7.0-SNAPSHOT] Pod reconciler is scheduled (interval: 5000 ms)
2025-01-30 04:07:13,271 INFO c.h.h.t.HelmChartContainer - [test-hivemq-platform] [hivemq] [257cf99a] INFO  - [HiveMQ Platform Operator Init App 1.7.0-SNAPSHOT] Starting the REST API on 10.42.0.15:7979
2025-01-30 04:07:13,311 INFO c.h.h.t.HelmChartContainer - [test-hivemq-platform] [hivemq] [257cf99a] INFO  - [HiveMQ Platform Operator Init App 1.7.0-SNAPSHOT] Waiting up to 600s for at most 2 HiveMQ nodes in cluster service hivemq-test-hivemq-platform-cluster.helmcustomconfigit.svc
2025-01-30 04:07:13,650 INFO c.h.h.t.HelmChartContainer - [test-hivemq-platform] [hivemq] [257cf99a] INFO  - [HiveMQ Platform Operator Init App 1.7.0-SNAPSHOT] Resolved 2 IP addresses: [10.42.0.15, 10.42.0.14]
2025-01-30 04:07:13,650 INFO c.h.h.t.HelmChartContainer - [test-hivemq-platform] [hivemq] [257cf99a] INFO  - [HiveMQ Platform Operator Init App 1.7.0-SNAPSHOT] HiveMQ node count of 2 is within threshold of 2
2025-01-30 04:07:13,650 INFO c.h.h.t.HelmChartContainer - [test-hivemq-platform] [hivemq] [257cf99a] INFO  - [HiveMQ Platform Operator Init App 1.7.0-SNAPSHOT] Proceeding with container start
2025-01-30 04:07:13,673 INFO c.h.h.t.HelmChartContainer - [test-hivemq-platform] [hivemq] [257cf99a] INFO  - [HiveMQ Platform Operator Init App 1.7.0-SNAPSHOT] Initializing HiveMQ Platform extensions with initial configuration: {hivemq-allow-all-extension={start-priority=-1, skip-https-hostname-verification=false, restart=true, config-version=0, header-version=0, c-uri=, priority=-1, uri=preinstalled, skip-https-certificate-validation=false, enabled=true}, hivemq-prometheus-extension={restart=true, enabled=true, request-header-path=no-request-headers, uri=preinstalled, skip-https-certificate-validation=false, skip-https-hostname-verification=false, c-uri=, start-priority=-1, priority=-1}}
2025-01-30 04:07:14,147 INFO c.h.h.t.HelmChartContainer - [test-hivemq-platform] [hivemq] [257cf99a] INFO  - [HiveMQ Platform Operator Init App 1.7.0-SNAPSHOT] Extension hivemq-allow-all-extension was already enabled
2025-01-30 04:07:14,159 INFO c.h.h.t.HelmChartContainer - [test-hivemq-platform] [hivemq] [257cf99a] INFO  - [HiveMQ Platform Operator Init App 1.7.0-SNAPSHOT] Successfully enabled extension hivemq-prometheus-extension
2025-01-30 04:07:14,160 INFO c.h.h.t.HelmChartContainer - [test-hivemq-platform] [hivemq] [257cf99a] INFO  - [HiveMQ Platform Operator Init App 1.7.0-SNAPSHOT] Starting HiveMQ Platform version 4.36.0 (4.36.0)
2025-01-30 04:07:14,160 INFO c.h.h.t.HelmChartContainer - [test-hivemq-platform] [hivemq] [257cf99a] INFO  - [HiveMQ Platform Operator Init App 1.7.0-SNAPSHOT] Configuring the HiveMQ Platform
2025-01-30 04:07:14,251 INFO c.h.h.t.HelmChartContainer - [test-hivemq-platform] [hivemq] [257cf99a] INFO  - [HiveMQ Platform Operator Init App 1.7.0-SNAPSHOT] Changed logback.xml file scan period to 20 seconds
2025-01-30 04:07:14,347 INFO c.h.h.t.HelmChartContainer - [test-hivemq-platform] [hivemq] [257cf99a] INFO  - [HiveMQ Platform Operator Init App 1.7.0-SNAPSHOT] Starting the HiveMQ Platform
2025-01-30 04:07:14,350 INFO c.h.h.t.HelmChartContainer - [test-hivemq-platform] [hivemq] [257cf99a] -------------------------------------------------------------------------
2025-01-30 04:07:14,350 INFO c.h.h.t.HelmChartContainer - [test-hivemq-platform] [hivemq] [257cf99a] 
2025-01-30 04:07:14,350 INFO c.h.h.t.HelmChartContainer - [test-hivemq-platform] [hivemq] [257cf99a]                   _    _  _              __  __   ____
2025-01-30 04:07:14,350 INFO c.h.h.t.HelmChartContainer - [test-hivemq-platform] [hivemq] [257cf99a]                  | |  | |(_)            |  \/  | / __ \
2025-01-30 04:07:14,350 INFO c.h.h.t.HelmChartContainer - [test-hivemq-platform] [hivemq] [257cf99a]                  | |__| | _ __   __ ___ | \  / || |  | |
2025-01-30 04:07:14,350 INFO c.h.h.t.HelmChartContainer - [test-hivemq-platform] [hivemq] [257cf99a]                  |  __  || |\ \ / // _ \| |\/| || |  | |
2025-01-30 04:07:14,351 INFO c.h.h.t.HelmChartContainer - [test-hivemq-platform] [hivemq] [257cf99a]                  | |  | || | \ V /|  __/| |  | || |__| |
2025-01-30 04:07:14,351 INFO c.h.h.t.HelmChartContainer - [test-hivemq-platform] [hivemq] [257cf99a]                  |_|  |_||_|  \_/  \___||_|  |_| \___\_\
2025-01-30 04:07:14,351 INFO c.h.h.t.HelmChartContainer - [test-hivemq-platform] [hivemq] [257cf99a] 
2025-01-30 04:07:14,351 INFO c.h.h.t.HelmChartContainer - [test-hivemq-platform] [hivemq] [257cf99a] -------------------------------------------------------------------------
2025-01-30 04:07:14,351 INFO c.h.h.t.HelmChartContainer - [test-hivemq-platform] [hivemq] [257cf99a] 
2025-01-30 04:07:14,351 INFO c.h.h.t.HelmChartContainer - [test-hivemq-platform] [hivemq] [257cf99a]   HiveMQ Start Script for Linux/Unix v1.14
2025-01-30 04:07:14,351 INFO c.h.h.t.HelmChartContainer - [test-hivemq-platform] [hivemq] [257cf99a] 
2025-01-30 04:07:14,448 INFO c.h.h.t.HelmChartContainer - [test-hivemq-platform] [hivemq] [257cf99a] -------------------------------------------------------------------------
2025-01-30 04:07:14,448 INFO c.h.h.t.HelmChartContainer - [test-hivemq-platform] [hivemq] [257cf99a] 
2025-01-30 04:07:14,448 INFO c.h.h.t.HelmChartContainer - [test-hivemq-platform] [hivemq] [257cf99a]   HIVEMQ_HOME: /opt/hivemq
2025-01-30 04:07:14,448 INFO c.h.h.t.HelmChartContainer - [test-hivemq-platform] [hivemq] [257cf99a] 
2025-01-30 04:07:14,448 INFO c.h.h.t.HelmChartContainer - [test-hivemq-platform] [hivemq] [257cf99a]   JAVA_OPTS: -XX:+UnlockExperimentalVMOptions -XX:InitialRAMPercentage=50 -XX:MaxRAMPercentage=50 -Djava.net.preferIPv4Stack=true --add-opens java.base/java.lang=ALL-UNNAMED --add-opens java.base/java.nio=ALL-UNNAMED --add-opens java.base/sun.nio.ch=ALL-UNNAMED --add-opens jdk.management/com.sun.management.internal=ALL-UNNAMED --add-exports java.base/jdk.internal.misc=ALL-UNNAMED -Djava.security.egd=file:/dev/./urandom -Dcom.sun.management.jmxremote -Dcom.sun.management.jmxremote.port=9010 -Dcom.sun.management.jmxremote.local.only=false -Dcom.sun.management.jmxremote.authenticate=false -Dcom.sun.management.jmxremote.ssl=false -Duser.language=en -Duser.region=US -XX:+CrashOnOutOfMemoryError -XX:+HeapDumpOnOutOfMemoryError
2025-01-30 04:07:14,448 INFO c.h.h.t.HelmChartContainer - [test-hivemq-platform] [hivemq] [257cf99a] 
2025-01-30 04:07:14,448 INFO c.h.h.t.HelmChartContainer - [test-hivemq-platform] [hivemq] [257cf99a]   JAVA_VERSION: 21
2025-01-30 04:07:14,448 INFO c.h.h.t.HelmChartContainer - [test-hivemq-platform] [hivemq] [257cf99a] 
2025-01-30 04:07:14,448 INFO c.h.h.t.HelmChartContainer - [test-hivemq-platform] [hivemq] [257cf99a] -------------------------------------------------------------------------
2025-01-30 04:07:14,448 INFO c.h.h.t.HelmChartContainer - [test-hivemq-platform] [hivemq] [257cf99a] 
2025-01-30 04:07:15,851 INFO c.h.h.t.HelmChartContainer - [test-hivemq-platform] [hivemq] [257cf99a] INFO  - [HiveMQ Platform Operator Init App 1.7.0-SNAPSHOT] Returning default Health API response 503 for readiness
2025-01-30 04:07:16,252 INFO c.h.h.t.HelmChartContainer - [EVENT] Warning [Unhealthy] Readiness probe failed: HTTP probe failed with statuscode: 503 [helmcustomconfigit:test-hivemq-platform-1]
2025-01-30 04:07:16,252 INFO c.h.h.t.HelmChartContainer - Received Unhealthy event for container hivemq in pod test-hivemq-platform-1 [257cf99a-8709-44da-9adb-7e7987cce6db]
2025-01-30 04:07:17,052 INFO c.h.h.t.HelmChartContainer - [test-hivemq-platform] [hivemq] [257cf99a] INFO  - Starting HiveMQ Enterprise Server
2025-01-30 04:07:17,057 INFO c.h.h.t.HelmChartContainer - [test-hivemq-platform] [hivemq] [257cf99a] INFO  - HiveMQ version: 4.36.0
2025-01-30 04:07:17,058 INFO c.h.h.t.HelmChartContainer - [test-hivemq-platform] [hivemq] [257cf99a] INFO  - HiveMQ home directory: /opt/hivemq
2025-01-30 04:07:17,058 INFO c.h.h.t.HelmChartContainer - [test-hivemq-platform] [hivemq] [257cf99a] INFO  - Log Configuration was overridden by /opt/hivemq/conf/logback.xml
2025-01-30 04:07:18,263 INFO c.h.h.t.HelmChartContainer - [test-hivemq-platform] [hivemq] [257cf99a] INFO  - Successfully loaded configuration from '/opt/hivemq/conf-k8s/config.xml'.
2025-01-30 04:07:19,044 INFO c.h.h.t.HelmChartContainer - [test-hivemq-platform] [hivemq] [257cf99a] INFO  - This node's ID is xKTiU
2025-01-30 04:07:19,044 INFO c.h.h.t.HelmChartContainer - [test-hivemq-platform] [hivemq] [257cf99a] INFO  - Clustering is enabled
2025-01-30 04:07:19,856 INFO c.h.h.t.HelmChartContainer - [hivemq-test-hivemq-platform] [hivemq-platform-operator] [12f3db5b] 04:07:19.853 [pool-6-thread-7] DEBUG c.h.p.o.d.PlatformServiceResource - [helmcust] Desired Platform services (3 services)
2025-01-30 04:07:19,858 INFO c.h.h.t.HelmChartContainer - [hivemq-test-hivemq-platform] [hivemq-platform-operator] [12f3db5b] 04:07:19.857 [pool-6-thread-3] DEBUG c.h.p.o.dependants.PodInfoConfigMap - [helmcust] Desired PodInfo ConfigMap (1 extensions) (1 enabled)
2025-01-30 04:07:19,859 INFO c.h.h.t.HelmChartContainer - [hivemq-test-hivemq-platform] [hivemq-platform-operator] [12f3db5b] 04:07:19.858 [pool-6-thread-3] DEBUG c.h.p.o.dependants.PodInfoConfigMap - [helmcust] Desired PodInfo ConfigMap (metrics port: 9399) (metrics path: /)
2025-01-30 04:07:19,861 INFO c.h.h.t.HelmChartContainer - [hivemq-test-hivemq-platform] [hivemq-platform-operator] [12f3db5b] 04:07:19.858 [pool-6-thread-3] DEBUG c.h.p.o.dependants.PodInfoConfigMap - [helmcust] Desired PodInfo ConfigMap (extension state hash: -1817474005)
2025-01-30 04:07:19,861 INFO c.h.h.t.HelmChartContainer - [hivemq-test-hivemq-platform] [hivemq-platform-operator] [12f3db5b] 04:07:19.858 [pool-6-thread-2] DEBUG c.h.p.o.d.PodServiceAccountResource - [helmcust] Desired PodServiceAccountResource (serviceAccountName: hivemq-platform-pod-test-hivemq-platform)
2025-01-30 04:07:19,865 INFO c.h.h.t.HelmChartContainer - [hivemq-test-hivemq-platform] [hivemq-platform-operator] [12f3db5b] 04:07:19.864 [pool-6-thread-3] DEBUG c.h.p.o.d.StatefulSetResource - [helmcust] Desired StatefulSet (2 replicas) for status STARTING (READY)
2025-01-30 04:07:19,868 INFO c.h.h.t.HelmChartContainer - [hivemq-test-hivemq-platform] [hivemq-platform-operator] [12f3db5b] 04:07:19.867 [ReconcilerExecutor-hivemq-controller-119] INFO  c.h.p.o.HiveMQPlatformReconciler - [helmcust] Reconciling HiveMQ Platform 'test-hivemq-platform' in namespace 'helmcustomconfigit'
2025-01-30 04:07:19,869 INFO c.h.h.t.HelmChartContainer - [hivemq-test-hivemq-platform] [hivemq-platform-operator] [12f3db5b] 04:07:19.867 [ReconcilerExecutor-hivemq-controller-119] DEBUG c.h.p.o.HiveMQPlatformReconciler - [helmcust] Custom Resource Status STARTING - HiveMQ Platform is starting (READY)
2025-01-30 04:07:19,869 INFO c.h.h.t.HelmChartContainer - [hivemq-test-hivemq-platform] [hivemq-platform-operator] [12f3db5b] 04:07:19.867 [ReconcilerExecutor-hivemq-controller-119] DEBUG c.h.p.o.HiveMQPlatformReconciler - [helmcust] Custom Resource Spec (replicas: 2) (extensions: 1)
2025-01-30 04:07:19,871 INFO c.h.h.t.HelmChartContainer - [hivemq-test-hivemq-platform] [hivemq-platform-operator] [12f3db5b] 04:07:19.870 [ReconcilerExecutor-hivemq-controller-119] DEBUG c.h.p.o.HiveMQPlatformReconciler - [helmcust] StatefulSet Status (revision: test-hivemq-platform-7f5f89548, replicas: 2, available: 1, ready: 1, current: 2, updated: 2)
2025-01-30 04:07:19,871 INFO c.h.h.t.HelmChartContainer - [hivemq-test-hivemq-platform] [hivemq-platform-operator] [12f3db5b] 04:07:19.870 [ReconcilerExecutor-hivemq-controller-119] DEBUG c.h.p.o.HiveMQPlatformReconciler - [helmcust] StatefulSet Spec (replicas: 2, init containers: 1, containers: 1, volumes: 3)
2025-01-30 04:07:19,879 INFO c.h.h.t.HelmChartContainer - [hivemq-test-hivemq-platform] [hivemq-platform-operator] [12f3db5b] 04:07:19.878 [ReconcilerExecutor-hivemq-controller-119] DEBUG c.h.p.o.h.HiveMQPlatformReconcilerErrorHandler - [helmcust] Pod 'test-hivemq-platform-1' phase Running
2025-01-30 04:07:19,880 INFO c.h.h.t.HelmChartContainer - [hivemq-test-hivemq-platform] [hivemq-platform-operator] [12f3db5b] 04:07:19.879 [ReconcilerExecutor-hivemq-controller-119] DEBUG c.h.p.o.h.HiveMQPlatformReconcilerErrorHandler - [helmcust] Pod 'test-hivemq-platform-0' phase Running
2025-01-30 04:07:19,881 INFO c.h.h.t.HelmChartContainer - [hivemq-test-hivemq-platform] [hivemq-platform-operator] [12f3db5b] 04:07:19.880 [ReconcilerExecutor-hivemq-controller-119] INFO  c.h.p.o.h.HiveMQPlatformReconcilerBaseHandler - [helmcust] HiveMQ Platform is starting, 1 of 2 replicas are ready
2025-01-30 04:07:21,351 INFO c.h.h.t.HelmChartContainer - [test-hivemq-platform] [hivemq] [257cf99a] WARN  - [HiveMQ Platform Operator Init App 1.7.0-SNAPSHOT] Cannot connect to Health API for readiness: null
2025-01-30 04:07:21,354 INFO c.h.h.t.HelmChartContainer - [EVENT] Warning [Unhealthy] Readiness probe failed: HTTP probe failed with statuscode: 503 [helmcustomconfigit:test-hivemq-platform-1]
2025-01-30 04:07:21,354 INFO c.h.h.t.HelmChartContainer - Received Unhealthy event for container hivemq in pod test-hivemq-platform-1 [257cf99a-8709-44da-9adb-7e7987cce6db]
2025-01-30 04:07:23,653 INFO c.h.h.t.HelmChartContainer - [test-hivemq-platform] [hivemq] [257cf99a] Jan 30, 2025 4:07:23 AM io.vertx.core.impl.BlockedThreadChecker
2025-01-30 04:07:23,653 INFO c.h.h.t.HelmChartContainer - [test-hivemq-platform] [hivemq] [257cf99a] WARNING: Thread Thread[vert.x-eventloop-thread-1,5,main] has been blocked for 2888 ms, time limit is 2000 ms
2025-01-30 04:07:24,346 INFO c.h.h.t.HelmChartContainer - [test-hivemq-platform] [hivemq] [1a7e049f] INFO  - [HiveMQ Platform Operator Init App 1.7.0-SNAPSHOT] Returning Health API response 200 for liveness
2025-01-30 04:07:24,446 INFO c.h.h.t.HelmChartContainer - [test-hivemq-platform] [hivemq] [257cf99a] INFO  - [HiveMQ Platform Operator Init App 1.7.0-SNAPSHOT] Updating Pod HiveMQ Platform Operator Init App version annotation (version: 1.7.0-SNAPSHOT)
2025-01-30 04:07:25,260 INFO c.h.h.t.HelmChartContainer - [POD] test-hivemq-platform-1 [257cf99a-8709-44da-9adb-7e7987cce6db] in helmcustomconfigit was MODIFIED
2025-01-30 04:07:25,266 INFO c.h.h.t.HelmChartContainer - [hivemq-test-hivemq-platform] [hivemq-platform-operator] [12f3db5b] 04:07:25.263 [pool-6-thread-13] DEBUG c.h.p.o.d.PlatformServiceResource - [helmcust] Desired Platform services (3 services)
2025-01-30 04:07:25,267 INFO c.h.h.t.HelmChartContainer - [hivemq-test-hivemq-platform] [hivemq-platform-operator] [12f3db5b] 04:07:25.266 [pool-6-thread-15] DEBUG c.h.p.o.dependants.PodInfoConfigMap - [helmcust] Desired PodInfo ConfigMap (1 extensions) (1 enabled)
2025-01-30 04:07:25,269 INFO c.h.h.t.HelmChartContainer - [hivemq-test-hivemq-platform] [hivemq-platform-operator] [12f3db5b] 04:07:25.267 [pool-6-thread-15] DEBUG c.h.p.o.dependants.PodInfoConfigMap - [helmcust] Desired PodInfo ConfigMap (metrics port: 9399) (metrics path: /)
2025-01-30 04:07:25,269 INFO c.h.h.t.HelmChartContainer - [hivemq-test-hivemq-platform] [hivemq-platform-operator] [12f3db5b] 04:07:25.268 [pool-6-thread-12] DEBUG c.h.p.o.d.PodServiceAccountResource - [helmcust] Desired PodServiceAccountResource (serviceAccountName: hivemq-platform-pod-test-hivemq-platform)
2025-01-30 04:07:25,270 INFO c.h.h.t.HelmChartContainer - [hivemq-test-hivemq-platform] [hivemq-platform-operator] [12f3db5b] 04:07:25.269 [pool-6-thread-15] DEBUG c.h.p.o.dependants.PodInfoConfigMap - [helmcust] Desired PodInfo ConfigMap (extension state hash: -1817474005)
2025-01-30 04:07:25,273 INFO c.h.h.t.HelmChartContainer - [hivemq-test-hivemq-platform] [hivemq-platform-operator] [12f3db5b] 04:07:25.273 [pool-6-thread-17] DEBUG c.h.p.o.d.StatefulSetResource - [helmcust] Desired StatefulSet (2 replicas) for status STARTING (READY)
2025-01-30 04:07:25,278 INFO c.h.h.t.HelmChartContainer - [hivemq-test-hivemq-platform] [hivemq-platform-operator] [12f3db5b] 04:07:25.276 [ReconcilerExecutor-hivemq-controller-120] INFO  c.h.p.o.HiveMQPlatformReconciler - [helmcust] Reconciling HiveMQ Platform 'test-hivemq-platform' in namespace 'helmcustomconfigit'
2025-01-30 04:07:25,278 INFO c.h.h.t.HelmChartContainer - [hivemq-test-hivemq-platform] [hivemq-platform-operator] [12f3db5b] 04:07:25.276 [ReconcilerExecutor-hivemq-controller-120] DEBUG c.h.p.o.HiveMQPlatformReconciler - [helmcust] Custom Resource Status STARTING - HiveMQ Platform is starting (READY)
2025-01-30 04:07:25,278 INFO c.h.h.t.HelmChartContainer - [hivemq-test-hivemq-platform] [hivemq-platform-operator] [12f3db5b] 04:07:25.276 [ReconcilerExecutor-hivemq-controller-120] DEBUG c.h.p.o.HiveMQPlatformReconciler - [helmcust] Custom Resource Spec (replicas: 2) (extensions: 1)
2025-01-30 04:07:25,278 INFO c.h.h.t.HelmChartContainer - [hivemq-test-hivemq-platform] [hivemq-platform-operator] [12f3db5b] 04:07:25.277 [ReconcilerExecutor-hivemq-controller-120] DEBUG c.h.p.o.HiveMQPlatformReconciler - [helmcust] StatefulSet Status (revision: test-hivemq-platform-7f5f89548, replicas: 2, available: 1, ready: 1, current: 2, updated: 2)
2025-01-30 04:07:25,278 INFO c.h.h.t.HelmChartContainer - [hivemq-test-hivemq-platform] [hivemq-platform-operator] [12f3db5b] 04:07:25.277 [ReconcilerExecutor-hivemq-controller-120] DEBUG c.h.p.o.HiveMQPlatformReconciler - [helmcust] StatefulSet Spec (replicas: 2, init containers: 1, containers: 1, volumes: 3)
2025-01-30 04:07:25,279 INFO c.h.h.t.HelmChartContainer - [hivemq-test-hivemq-platform] [hivemq-platform-operator] [12f3db5b] 04:07:25.278 [ReconcilerExecutor-hivemq-controller-120] DEBUG c.h.p.o.h.HiveMQPlatformReconcilerErrorHandler - [helmcust] Pod 'test-hivemq-platform-1' phase Running
2025-01-30 04:07:25,282 INFO c.h.h.t.HelmChartContainer - [hivemq-test-hivemq-platform] [hivemq-platform-operator] [12f3db5b] 04:07:25.281 [ReconcilerExecutor-hivemq-controller-120] DEBUG c.h.p.o.h.HiveMQPlatformReconcilerErrorHandler - [helmcust] Pod 'test-hivemq-platform-0' phase Running
2025-01-30 04:07:25,283 INFO c.h.h.t.HelmChartContainer - [hivemq-test-hivemq-platform] [hivemq-platform-operator] [12f3db5b] 04:07:25.282 [ReconcilerExecutor-hivemq-controller-120] INFO  c.h.p.o.h.HiveMQPlatformReconcilerBaseHandler - [helmcust] HiveMQ Platform is starting, 1 of 2 replicas are ready
2025-01-30 04:07:25,348 INFO c.h.h.t.HelmChartContainer - [test-hivemq-platform] [hivemq] [257cf99a] WARN  - [HiveMQ Platform Operator Init App 1.7.0-SNAPSHOT] Cannot connect to Health API for readiness: null
2025-01-30 04:07:25,354 INFO c.h.h.t.HelmChartContainer - [EVENT] Warning [Unhealthy] Readiness probe failed: HTTP probe failed with statuscode: 503 [helmcustomconfigit:test-hivemq-platform-1]
2025-01-30 04:07:25,355 INFO c.h.h.t.HelmChartContainer - Received Unhealthy event for container hivemq in pod test-hivemq-platform-1 [257cf99a-8709-44da-9adb-7e7987cce6db]
2025-01-30 04:07:25,410 INFO c.h.h.t.HelmChartContainer - [test-hivemq-platform] [hivemq] [257cf99a] INFO  - [HiveMQ Platform Operator Init App 1.7.0-SNAPSHOT] Successfully updated Pod HiveMQ Platform Operator Init App version annotation (version: 1.7.0-SNAPSHOT)
2025-01-30 04:07:30,264 INFO c.h.h.t.HelmChartContainer - [test-hivemq-platform] [hivemq] [257cf99a] WARN  - [HiveMQ Platform Operator Init App 1.7.0-SNAPSHOT] Cannot connect to Health API for readiness: null
2025-01-30 04:07:30,269 INFO c.h.h.t.HelmChartContainer - [EVENT] Warning [Unhealthy] Readiness probe failed: HTTP probe failed with statuscode: 503 [helmcustomconfigit:test-hivemq-platform-1]
2025-01-30 04:07:30,269 INFO c.h.h.t.HelmChartContainer - Received Unhealthy event for container hivemq in pod test-hivemq-platform-1 [257cf99a-8709-44da-9adb-7e7987cce6db]
2025-01-30 04:07:35,288 INFO c.h.h.t.HelmChartContainer - [hivemq-test-hivemq-platform] [hivemq-platform-operator] [12f3db5b] 04:07:35.286 [pool-6-thread-23] DEBUG c.h.p.o.dependants.PodInfoConfigMap - [helmcust] Desired PodInfo ConfigMap (1 extensions) (1 enabled)
2025-01-30 04:07:35,288 INFO c.h.h.t.HelmChartContainer - [hivemq-test-hivemq-platform] [hivemq-platform-operator] [12f3db5b] 04:07:35.286 [pool-6-thread-22] DEBUG c.h.p.o.d.PlatformServiceResource - [helmcust] Desired Platform services (3 services)
2025-01-30 04:07:35,290 INFO c.h.h.t.HelmChartContainer - [hivemq-test-hivemq-platform] [hivemq-platform-operator] [12f3db5b] 04:07:35.287 [pool-6-thread-23] DEBUG c.h.p.o.dependants.PodInfoConfigMap - [helmcust] Desired PodInfo ConfigMap (metrics port: 9399) (metrics path: /)
2025-01-30 04:07:35,290 INFO c.h.h.t.HelmChartContainer - [hivemq-test-hivemq-platform] [hivemq-platform-operator] [12f3db5b] 04:07:35.287 [pool-6-thread-23] DEBUG c.h.p.o.dependants.PodInfoConfigMap - [helmcust] Desired PodInfo ConfigMap (extension state hash: -1817474005)
2025-01-30 04:07:35,290 INFO c.h.h.t.HelmChartContainer - [hivemq-test-hivemq-platform] [hivemq-platform-operator] [12f3db5b] 04:07:35.286 [pool-6-thread-27] DEBUG c.h.p.o.d.PodServiceAccountResource - [helmcust] Desired PodServiceAccountResource (serviceAccountName: hivemq-platform-pod-test-hivemq-platform)
2025-01-30 04:07:35,296 INFO c.h.h.t.HelmChartContainer - [hivemq-test-hivemq-platform] [hivemq-platform-operator] [12f3db5b] 04:07:35.293 [pool-6-thread-29] DEBUG c.h.p.o.d.StatefulSetResource - [helmcust] Desired StatefulSet (2 replicas) for status STARTING (READY)
2025-01-30 04:07:35,298 INFO c.h.h.t.HelmChartContainer - [hivemq-test-hivemq-platform] [hivemq-platform-operator] [12f3db5b] 04:07:35.297 [ReconcilerExecutor-hivemq-controller-121] INFO  c.h.p.o.HiveMQPlatformReconciler - [helmcust] Reconciling HiveMQ Platform 'test-hivemq-platform' in namespace 'helmcustomconfigit'
2025-01-30 04:07:35,299 INFO c.h.h.t.HelmChartContainer - [hivemq-test-hivemq-platform] [hivemq-platform-operator] [12f3db5b] 04:07:35.297 [ReconcilerExecutor-hivemq-controller-121] DEBUG c.h.p.o.HiveMQPlatformReconciler - [helmcust] Custom Resource Status STARTING - HiveMQ Platform is starting (READY)
2025-01-30 04:07:35,300 INFO c.h.h.t.HelmChartContainer - [hivemq-test-hivemq-platform] [hivemq-platform-operator] [12f3db5b] 04:07:35.297 [ReconcilerExecutor-hivemq-controller-121] DEBUG c.h.p.o.HiveMQPlatformReconciler - [helmcust] Custom Resource Spec (replicas: 2) (extensions: 1)
2025-01-30 04:07:35,302 INFO c.h.h.t.HelmChartContainer - [hivemq-test-hivemq-platform] [hivemq-platform-operator] [12f3db5b] 04:07:35.299 [ReconcilerExecutor-hivemq-controller-121] DEBUG c.h.p.o.HiveMQPlatformReconciler - [helmcust] StatefulSet Status (revision: test-hivemq-platform-7f5f89548, replicas: 2, available: 1, ready: 1, current: 2, updated: 2)
2025-01-30 04:07:35,302 INFO c.h.h.t.HelmChartContainer - [hivemq-test-hivemq-platform] [hivemq-platform-operator] [12f3db5b] 04:07:35.299 [ReconcilerExecutor-hivemq-controller-121] DEBUG c.h.p.o.HiveMQPlatformReconciler - [helmcust] StatefulSet Spec (replicas: 2, init containers: 1, containers: 1, volumes: 3)
2025-01-30 04:07:35,303 INFO c.h.h.t.HelmChartContainer - [hivemq-test-hivemq-platform] [hivemq-platform-operator] [12f3db5b] 04:07:35.300 [ReconcilerExecutor-hivemq-controller-121] DEBUG c.h.p.o.h.HiveMQPlatformReconcilerErrorHandler - [helmcust] Pod 'test-hivemq-platform-1' phase Running
2025-01-30 04:07:35,304 INFO c.h.h.t.HelmChartContainer - [hivemq-test-hivemq-platform] [hivemq-platform-operator] [12f3db5b] 04:07:35.302 [ReconcilerExecutor-hivemq-controller-121] DEBUG c.h.p.o.h.HiveMQPlatformReconcilerErrorHandler - [helmcust] Pod 'test-hivemq-platform-0' phase Running
2025-01-30 04:07:35,304 INFO c.h.h.t.HelmChartContainer - [hivemq-test-hivemq-platform] [hivemq-platform-operator] [12f3db5b] 04:07:35.302 [ReconcilerExecutor-hivemq-controller-121] INFO  c.h.p.o.h.HiveMQPlatformReconcilerBaseHandler - [helmcust] HiveMQ Platform is starting, 1 of 2 replicas are ready
2025-01-30 04:07:35,343 INFO c.h.h.t.HelmChartContainer - [test-hivemq-platform] [hivemq] [257cf99a] WARN  - [HiveMQ Platform Operator Init App 1.7.0-SNAPSHOT] Cannot connect to Health API for readiness: null
2025-01-30 04:07:35,348 INFO c.h.h.t.HelmChartContainer - [EVENT] Warning [Unhealthy] Readiness probe failed: HTTP probe failed with statuscode: 503 [helmcustomconfigit:test-hivemq-platform-1]
2025-01-30 04:07:35,349 INFO c.h.h.t.HelmChartContainer - Received Unhealthy event for container hivemq in pod test-hivemq-platform-1 [257cf99a-8709-44da-9adb-7e7987cce6db]
2025-01-30 04:07:36,156 INFO c.h.h.t.HelmChartContainer - [K3S] [range_allocator.go:247] "Successfully synced" key="bb975d1fd0a5"
2025-01-30 04:07:37,252 INFO c.h.h.t.HelmChartContainer - [test-hivemq-platform] [hivemq] [257cf99a] INFO  - No valid license file found. Using trial license, restricted to 25 connections.
2025-01-30 04:07:38,644 INFO c.h.h.t.HelmChartContainer - [test-hivemq-platform] [hivemq] [257cf99a] WARN  - [HiveMQ Platform Operator Init App 1.7.0-SNAPSHOT] Cannot connect to Health API for liveness: null
2025-01-30 04:07:38,644 INFO c.h.h.t.HelmChartContainer - [test-hivemq-platform] [hivemq] [257cf99a] INFO  - [HiveMQ Platform Operator Init App 1.7.0-SNAPSHOT] Returning default Health API response 200 for liveness
2025-01-30 04:07:40,345 INFO c.h.h.t.HelmChartContainer - [test-hivemq-platform] [hivemq] [257cf99a] WARN  - [HiveMQ Platform Operator Init App 1.7.0-SNAPSHOT] Cannot connect to Health API for readiness: null
2025-01-30 04:07:40,348 INFO c.h.h.t.HelmChartContainer - [EVENT] Warning [Unhealthy] Readiness probe failed: HTTP probe failed with statuscode: 503 [helmcustomconfigit:test-hivemq-platform-1]
2025-01-30 04:07:40,348 INFO c.h.h.t.HelmChartContainer - Received Unhealthy event for container hivemq in pod test-hivemq-platform-1 [257cf99a-8709-44da-9adb-7e7987cce6db]
2025-01-30 04:07:41,651 INFO c.h.h.t.HelmChartContainer - [test-hivemq-platform] [hivemq] [257cf99a] INFO  - No valid license file for Data Hub found. Using free license, restricted to 1 policy.
2025-01-30 04:07:42,846 INFO c.h.h.t.HelmChartContainer - [test-hivemq-platform] [hivemq] [257cf99a] INFO  - Audit Logger started.
2025-01-30 04:07:43,079 INFO c.h.h.t.HelmChartContainer - [test-hivemq-platform] [hivemq] [257cf99a] INFO  - This node uses '1' CPU cores.
2025-01-30 04:07:43,110 INFO c.h.h.t.HelmChartContainer - [test-hivemq-platform] [hivemq] [257cf99a] INFO  - Starting HiveMQ Health API on address 0.0.0.0 and port 8889
2025-01-30 04:07:43,956 INFO c.h.h.t.HelmChartContainer - [test-hivemq-platform] [hivemq] [257cf99a] INFO  - Started HiveMQ Health API in 846ms
2025-01-30 04:07:44,853 INFO c.h.h.t.HelmChartContainer - [test-hivemq-platform] [hivemq] [257cf99a] INFO  - Starting HiveMQ extension system.
2025-01-30 04:07:45,055 INFO c.h.h.t.HelmChartContainer - [test-hivemq-platform] [hivemq] [257cf99a] INFO  - Starting extension with id "hivemq-dns-cluster-discovery" at /opt/hivemq/extensions/hivemq-dns-cluster-discovery
2025-01-30 04:07:45,306 INFO c.h.h.t.HelmChartContainer - [hivemq-test-hivemq-platform] [hivemq-platform-operator] [12f3db5b] 04:07:45.305 [pool-6-thread-37] DEBUG c.h.p.o.d.PlatformServiceResource - [helmcust] Desired Platform services (3 services)
2025-01-30 04:07:45,308 INFO c.h.h.t.HelmChartContainer - [hivemq-test-hivemq-platform] [hivemq-platform-operator] [12f3db5b] 04:07:45.306 [pool-6-thread-32] DEBUG c.h.p.o.dependants.PodInfoConfigMap - [helmcust] Desired PodInfo ConfigMap (1 extensions) (1 enabled)
2025-01-30 04:07:45,309 INFO c.h.h.t.HelmChartContainer - [hivemq-test-hivemq-platform] [hivemq-platform-operator] [12f3db5b] 04:07:45.306 [pool-6-thread-32] DEBUG c.h.p.o.dependants.PodInfoConfigMap - [helmcust] Desired PodInfo ConfigMap (metrics port: 9399) (metrics path: /)
2025-01-30 04:07:45,309 INFO c.h.h.t.HelmChartContainer - [hivemq-test-hivemq-platform] [hivemq-platform-operator] [12f3db5b] 04:07:45.306 [pool-6-thread-32] DEBUG c.h.p.o.dependants.PodInfoConfigMap - [helmcust] Desired PodInfo ConfigMap (extension state hash: -1817474005)
2025-01-30 04:07:45,309 INFO c.h.h.t.HelmChartContainer - [hivemq-test-hivemq-platform] [hivemq-platform-operator] [12f3db5b] 04:07:45.307 [pool-6-thread-39] DEBUG c.h.p.o.d.PodServiceAccountResource - [helmcust] Desired PodServiceAccountResource (serviceAccountName: hivemq-platform-pod-test-hivemq-platform)
2025-01-30 04:07:45,313 INFO c.h.h.t.HelmChartContainer - [hivemq-test-hivemq-platform] [hivemq-platform-operator] [12f3db5b] 04:07:45.312 [pool-6-thread-37] DEBUG c.h.p.o.d.StatefulSetResource - [helmcust] Desired StatefulSet (2 replicas) for status STARTING (READY)
2025-01-30 04:07:45,320 INFO c.h.h.t.HelmChartContainer - [hivemq-test-hivemq-platform] [hivemq-platform-operator] [12f3db5b] 04:07:45.316 [ReconcilerExecutor-hivemq-controller-122] INFO  c.h.p.o.HiveMQPlatformReconciler - [helmcust] Reconciling HiveMQ Platform 'test-hivemq-platform' in namespace 'helmcustomconfigit'
2025-01-30 04:07:45,320 INFO c.h.h.t.HelmChartContainer - [hivemq-test-hivemq-platform] [hivemq-platform-operator] [12f3db5b] 04:07:45.317 [ReconcilerExecutor-hivemq-controller-122] DEBUG c.h.p.o.HiveMQPlatformReconciler - [helmcust] Custom Resource Status STARTING - HiveMQ Platform is starting (READY)
2025-01-30 04:07:45,320 INFO c.h.h.t.HelmChartContainer - [hivemq-test-hivemq-platform] [hivemq-platform-operator] [12f3db5b] 04:07:45.317 [ReconcilerExecutor-hivemq-controller-122] DEBUG c.h.p.o.HiveMQPlatformReconciler - [helmcust] Custom Resource Spec (replicas: 2) (extensions: 1)
2025-01-30 04:07:45,320 INFO c.h.h.t.HelmChartContainer - [hivemq-test-hivemq-platform] [hivemq-platform-operator] [12f3db5b] 04:07:45.318 [ReconcilerExecutor-hivemq-controller-122] DEBUG c.h.p.o.HiveMQPlatformReconciler - [helmcust] StatefulSet Status (revision: test-hivemq-platform-7f5f89548, replicas: 2, available: 1, ready: 1, current: 2, updated: 2)
2025-01-30 04:07:45,320 INFO c.h.h.t.HelmChartContainer - [hivemq-test-hivemq-platform] [hivemq-platform-operator] [12f3db5b] 04:07:45.318 [ReconcilerExecutor-hivemq-controller-122] DEBUG c.h.p.o.HiveMQPlatformReconciler - [helmcust] StatefulSet Spec (replicas: 2, init containers: 1, containers: 1, volumes: 3)
2025-01-30 04:07:45,320 INFO c.h.h.t.HelmChartContainer - [hivemq-test-hivemq-platform] [hivemq-platform-operator] [12f3db5b] 04:07:45.319 [ReconcilerExecutor-hivemq-controller-122] DEBUG c.h.p.o.h.HiveMQPlatformReconcilerErrorHandler - [helmcust] Pod 'test-hivemq-platform-1' phase Running
2025-01-30 04:07:45,321 INFO c.h.h.t.HelmChartContainer - [hivemq-test-hivemq-platform] [hivemq-platform-operator] [12f3db5b] 04:07:45.320 [ReconcilerExecutor-hivemq-controller-122] DEBUG c.h.p.o.h.HiveMQPlatformReconcilerErrorHandler - [helmcust] Pod 'test-hivemq-platform-0' phase Running
2025-01-30 04:07:45,321 INFO c.h.h.t.HelmChartContainer - [hivemq-test-hivemq-platform] [hivemq-platform-operator] [12f3db5b] 04:07:45.321 [ReconcilerExecutor-hivemq-controller-122] INFO  c.h.p.o.h.HiveMQPlatformReconcilerBaseHandler - [helmcust] HiveMQ Platform is starting, 1 of 2 replicas are ready
2025-01-30 04:07:45,750 INFO c.h.h.t.HelmChartContainer - [test-hivemq-platform] [hivemq] [257cf99a] INFO  - Using TCP cluster transport on address 10.42.0.15 and port 8000
2025-01-30 04:07:45,851 INFO c.h.h.t.HelmChartContainer - [test-hivemq-platform] [hivemq] [257cf99a] INFO  - Using extension cluster discovery
2025-01-30 04:07:45,948 INFO c.h.h.t.HelmChartContainer - [test-hivemq-platform] [hivemq] [257cf99a] INFO  - Extension "DNS Cluster Discovery Extension" version 4.3.2 started successfully.
2025-01-30 04:07:45,948 INFO c.h.h.t.HelmChartContainer - [test-hivemq-platform] [hivemq] [257cf99a] INFO  - Starting extension with id "hivemq-prometheus-extension" at /opt/hivemq/extensions/hivemq-prometheus-extension
2025-01-30 04:07:46,304 INFO c.h.h.t.HelmChartContainer - [EVENT] Warning [Unhealthy] Readiness probe failed: Get "http://10.42.0.15:7979/readiness": context deadline exceeded (Client.Timeout exceeded while awaiting headers) [helmcustomconfigit:test-hivemq-platform-1]
2025-01-30 04:07:46,304 INFO c.h.h.t.HelmChartContainer - Received Unhealthy event for container hivemq in pod test-hivemq-platform-1 [257cf99a-8709-44da-9adb-7e7987cce6db]
2025-01-30 04:07:46,851 INFO c.h.h.t.HelmChartContainer - [test-hivemq-platform] [hivemq] [257cf99a] INFO  - [HiveMQ Platform Operator Init App 1.7.0-SNAPSHOT] Returning Health API response 503 for readiness
2025-01-30 04:07:47,047 INFO c.h.h.t.HelmChartContainer - [test-hivemq-platform] [hivemq] [257cf99a] INFO  - Started Jetty Server exposing Prometheus Servlet on URI http://0.0.0.0:9399/
2025-01-30 04:07:47,047 INFO c.h.h.t.HelmChartContainer - [test-hivemq-platform] [hivemq] [257cf99a] INFO  - Extension "Prometheus Monitoring Extension" version 4.0.12 started successfully.
2025-01-30 04:07:47,047 INFO c.h.h.t.HelmChartContainer - [test-hivemq-platform] [hivemq] [257cf99a] INFO  - Starting extension with id "hivemq-allow-all-extension" at /opt/hivemq/extensions/hivemq-allow-all-extension
2025-01-30 04:07:47,047 INFO c.h.h.t.HelmChartContainer - [test-hivemq-platform] [hivemq] [257cf99a] WARN  - 
2025-01-30 04:07:47,047 INFO c.h.h.t.HelmChartContainer - [test-hivemq-platform] [hivemq] [257cf99a] ################################################################################################################
2025-01-30 04:07:47,047 INFO c.h.h.t.HelmChartContainer - [test-hivemq-platform] [hivemq] [257cf99a] # This HiveMQ deployment is not secure! You are lacking Authentication and Authorization.                      #
2025-01-30 04:07:47,047 INFO c.h.h.t.HelmChartContainer - [test-hivemq-platform] [hivemq] [257cf99a] # Right now any MQTT client can connect to the broker with a full set of permissions.                          #
2025-01-30 04:07:47,047 INFO c.h.h.t.HelmChartContainer - [test-hivemq-platform] [hivemq] [257cf99a] # For production usage, add an appropriate security extension and remove the hivemq-allow-all extension.       #
2025-01-30 04:07:47,047 INFO c.h.h.t.HelmChartContainer - [test-hivemq-platform] [hivemq] [257cf99a] # You can download security extensions from the HiveMQ Marketplace (https://www.hivemq.com/extensions/).       #
2025-01-30 04:07:47,047 INFO c.h.h.t.HelmChartContainer - [test-hivemq-platform] [hivemq] [257cf99a] ################################################################################################################
2025-01-30 04:07:47,047 INFO c.h.h.t.HelmChartContainer - [test-hivemq-platform] [hivemq] [257cf99a] INFO  - Extension "Allow All Extension" version 1.1.1 started successfully.
2025-01-30 04:07:47,563 INFO c.h.h.t.HelmChartContainer - [test-hivemq-platform] [hivemq] [1a7e049f] INFO  - Cluster nodes found by discovery: [i6prN|1] (2) [i6prN, xKTiU].
2025-01-30 04:07:47,643 INFO c.h.h.t.HelmChartContainer - [test-hivemq-platform] [hivemq] [257cf99a] INFO  - Cluster nodes found by discovery: [i6prN|1] (2) [i6prN, xKTiU].
2025-01-30 04:07:47,757 INFO c.h.h.t.HelmChartContainer - [test-hivemq-platform] [hivemq] [257cf99a] INFO  - Cluster size = 1, members : [i6prN].
2025-01-30 04:07:48,121 INFO c.h.h.t.HelmChartContainer - [test-hivemq-platform] [hivemq] [257cf99a] INFO  - Starting cluster join process. This may take a while. Please do not shut down HiveMQ.
2025-01-30 04:07:48,123 INFO c.h.h.t.HelmChartContainer - [test-hivemq-platform] [hivemq] [257cf99a] INFO  - Cluster join process is still ongoing. Please do not shut down HiveMQ.
2025-01-30 04:07:50,132 INFO c.h.h.t.HelmChartContainer - [test-hivemq-platform] [hivemq] [1a7e049f] INFO  - Cluster size = 2, members : [xKTiU, i6prN].
2025-01-30 04:07:50,143 INFO c.h.h.t.HelmChartContainer - [test-hivemq-platform] [hivemq] [257cf99a] INFO  - Cluster size = 2, members : [xKTiU, i6prN].
2025-01-30 04:07:50,152 INFO c.h.h.t.HelmChartContainer - [test-hivemq-platform] [hivemq] [257cf99a] INFO  - Finished cluster join process successfully.
2025-01-30 04:07:50,153 INFO c.h.h.t.HelmChartContainer - [test-hivemq-platform] [hivemq] [257cf99a] WARN  - No user for HiveMQ Control Center configured. Starting with default user
2025-01-30 04:07:50,154 INFO c.h.h.t.HelmChartContainer - [test-hivemq-platform] [hivemq] [257cf99a] INFO  - Starting HiveMQ Control Center on address 0.0.0.0 and port 8080
2025-01-30 04:07:50,161 INFO c.h.h.t.HelmChartContainer - [test-hivemq-platform] [hivemq] [257cf99a] INFO  - Mounting HiveMQ Control Center V2 Preview
2025-01-30 04:07:50,346 INFO c.h.h.t.HelmChartContainer - [EVENT] Warning [Unhealthy] Readiness probe failed: HTTP probe failed with statuscode: 503 [helmcustomconfigit:test-hivemq-platform-1]
2025-01-30 04:07:50,346 INFO c.h.h.t.HelmChartContainer - Received Unhealthy event for container hivemq in pod test-hivemq-platform-1 [257cf99a-8709-44da-9adb-7e7987cce6db]
2025-01-30 04:07:51,015 INFO c.h.h.t.HelmChartContainer - [test-hivemq-platform] [hivemq] [257cf99a] INFO  - Started HiveMQ Control Center in 860ms
2025-01-30 04:07:51,054 INFO c.h.h.t.HelmChartContainer - [test-hivemq-platform] [hivemq] [257cf99a] INFO  - Starting TCP listener on address 0.0.0.0 and port 1884
2025-01-30 04:07:51,147 INFO c.h.h.t.HelmChartContainer - [test-hivemq-platform] [hivemq] [257cf99a] INFO  - Started TCP Listener on address 0.0.0.0 and on port 1884.
2025-01-30 04:07:51,147 INFO c.h.h.t.HelmChartContainer - [test-hivemq-platform] [hivemq] [257cf99a] INFO  - Started HiveMQ in 34487ms
2025-01-30 04:07:55,264 INFO c.h.h.t.HelmChartContainer - [test-hivemq-platform] [hivemq] [257cf99a] INFO  - [HiveMQ Platform Operator Init App 1.7.0-SNAPSHOT] Returning Health API response 200 for readiness
2025-01-30 04:07:55,273 INFO c.h.h.t.HelmChartContainer - [POD] test-hivemq-platform-1 [257cf99a-8709-44da-9adb-7e7987cce6db] in helmcustomconfigit was MODIFIED
2025-01-30 04:07:55,292 INFO c.h.h.t.HelmChartContainer - [hivemq-test-hivemq-platform] [hivemq-platform-operator] [12f3db5b] 04:07:55.279 [pool-6-thread-44] DEBUG c.h.p.o.d.PlatformServiceResource - [helmcust] Desired Platform services (3 services)
2025-01-30 04:07:55,294 INFO c.h.h.t.HelmChartContainer - [hivemq-test-hivemq-platform] [hivemq-platform-operator] [12f3db5b] 04:07:55.284 [pool-6-thread-47] DEBUG c.h.p.o.dependants.PodInfoConfigMap - [helmcust] Desired PodInfo ConfigMap (1 extensions) (1 enabled)
2025-01-30 04:07:55,294 INFO c.h.h.t.HelmChartContainer - [hivemq-test-hivemq-platform] [hivemq-platform-operator] [12f3db5b] 04:07:55.284 [pool-6-thread-47] DEBUG c.h.p.o.dependants.PodInfoConfigMap - [helmcust] Desired PodInfo ConfigMap (metrics port: 9399) (metrics path: /)
2025-01-30 04:07:55,294 INFO c.h.h.t.HelmChartContainer - [hivemq-test-hivemq-platform] [hivemq-platform-operator] [12f3db5b] 04:07:55.284 [pool-6-thread-47] DEBUG c.h.p.o.dependants.PodInfoConfigMap - [helmcust] Desired PodInfo ConfigMap (extension state hash: -1817474005)
2025-01-30 04:07:55,294 INFO c.h.h.t.HelmChartContainer - [hivemq-test-hivemq-platform] [hivemq-platform-operator] [12f3db5b] 04:07:55.286 [pool-6-thread-46] DEBUG c.h.p.o.d.PodServiceAccountResource - [helmcust] Desired PodServiceAccountResource (serviceAccountName: hivemq-platform-pod-test-hivemq-platform)
2025-01-30 04:07:55,298 INFO c.h.h.t.HelmChartContainer - [hivemq-test-hivemq-platform] [hivemq-platform-operator] [12f3db5b] 04:07:55.293 [pool-6-thread-42] DEBUG c.h.p.o.d.StatefulSetResource - [helmcust] Desired StatefulSet (2 replicas) for status STARTING (READY)
2025-01-30 04:07:55,301 INFO c.h.h.t.HelmChartContainer - [hivemq-test-hivemq-platform] [hivemq-platform-operator] [12f3db5b] 04:07:55.300 [ReconcilerExecutor-hivemq-controller-123] INFO  c.h.p.o.HiveMQPlatformReconciler - [helmcust] Reconciling HiveMQ Platform 'test-hivemq-platform' in namespace 'helmcustomconfigit'
2025-01-30 04:07:55,301 INFO c.h.h.t.HelmChartContainer - [hivemq-test-hivemq-platform] [hivemq-platform-operator] [12f3db5b] 04:07:55.300 [ReconcilerExecutor-hivemq-controller-123] DEBUG c.h.p.o.HiveMQPlatformReconciler - [helmcust] Custom Resource Status STARTING - HiveMQ Platform is starting (READY)
2025-01-30 04:07:55,301 INFO c.h.h.t.HelmChartContainer - [hivemq-test-hivemq-platform] [hivemq-platform-operator] [12f3db5b] 04:07:55.300 [ReconcilerExecutor-hivemq-controller-123] DEBUG c.h.p.o.HiveMQPlatformReconciler - [helmcust] Custom Resource Spec (replicas: 2) (extensions: 1)
2025-01-30 04:07:55,309 INFO c.h.h.t.HelmChartContainer - [hivemq-test-hivemq-platform] [hivemq-platform-operator] [12f3db5b] 04:07:55.304 [ReconcilerExecutor-hivemq-controller-123] DEBUG c.h.p.o.HiveMQPlatformReconciler - [helmcust] StatefulSet Status (revision: test-hivemq-platform-7f5f89548, replicas: 2, available: 1, ready: 1, current: 2, updated: 2)
2025-01-30 04:07:55,309 INFO c.h.h.t.HelmChartContainer - [hivemq-test-hivemq-platform] [hivemq-platform-operator] [12f3db5b] 04:07:55.304 [ReconcilerExecutor-hivemq-controller-123] DEBUG c.h.p.o.HiveMQPlatformReconciler - [helmcust] StatefulSet Spec (replicas: 2, init containers: 1, containers: 1, volumes: 3)
2025-01-30 04:07:55,373 INFO c.h.h.t.HelmChartContainer - [hivemq-test-hivemq-platform] [hivemq-platform-operator] [12f3db5b] 04:07:55.372 [ReconcilerExecutor-hivemq-controller-123] DEBUG c.h.p.o.h.HiveMQPlatformReconcilerErrorHandler - [helmcust] Pod 'test-hivemq-platform-1' phase Running
2025-01-30 04:07:55,374 INFO c.h.h.t.HelmChartContainer - [hivemq-test-hivemq-platform] [hivemq-platform-operator] [12f3db5b] 04:07:55.373 [ReconcilerExecutor-hivemq-controller-123] DEBUG c.h.p.o.h.HiveMQPlatformReconcilerErrorHandler - [helmcust] Pod 'test-hivemq-platform-0' phase Running
2025-01-30 04:07:55,379 INFO c.h.h.t.HelmChartContainer - [hivemq-test-hivemq-platform] [hivemq-platform-operator] [12f3db5b] 04:07:55.378 [ReconcilerExecutor-hivemq-controller-123] INFO  c.h.p.o.h.HiveMQPlatformReconcilerBaseHandler - [helmcust] HiveMQ Platform is starting, 1 of 2 replicas are ready
2025-01-30 04:07:55,386 INFO c.h.h.t.HelmChartContainer - [hivemq-test-hivemq-platform] [hivemq-platform-operator] [12f3db5b] 04:07:55.381 [pool-6-thread-2] DEBUG c.h.p.o.d.PlatformServiceResource - [helmcust] Desired Platform services (3 services)
2025-01-30 04:07:55,386 INFO c.h.h.t.HelmChartContainer - [hivemq-test-hivemq-platform] [hivemq-platform-operator] [12f3db5b] 04:07:55.382 [pool-6-thread-1] DEBUG c.h.p.o.dependants.PodInfoConfigMap - [helmcust] Desired PodInfo ConfigMap (1 extensions) (1 enabled)
2025-01-30 04:07:55,388 INFO c.h.h.t.HelmChartContainer - [hivemq-test-hivemq-platform] [hivemq-platform-operator] [12f3db5b] 04:07:55.386 [pool-6-thread-1] DEBUG c.h.p.o.dependants.PodInfoConfigMap - [helmcust] Desired PodInfo ConfigMap (metrics port: 9399) (metrics path: /)
2025-01-30 04:07:55,388 INFO c.h.h.t.HelmChartContainer - [hivemq-test-hivemq-platform] [hivemq-platform-operator] [12f3db5b] 04:07:55.386 [pool-6-thread-1] DEBUG c.h.p.o.dependants.PodInfoConfigMap - [helmcust] Desired PodInfo ConfigMap (extension state hash: -1817474005)
2025-01-30 04:07:55,388 INFO c.h.h.t.HelmChartContainer - [hivemq-test-hivemq-platform] [hivemq-platform-operator] [12f3db5b] 04:07:55.383 [pool-6-thread-6] DEBUG c.h.p.o.d.PodServiceAccountResource - [helmcust] Desired PodServiceAccountResource (serviceAccountName: hivemq-platform-pod-test-hivemq-platform)
2025-01-30 04:07:55,390 INFO c.h.h.t.HelmChartContainer - [hivemq-test-hivemq-platform] [hivemq-platform-operator] [12f3db5b] 04:07:55.389 [pool-6-thread-5] DEBUG c.h.p.o.d.StatefulSetResource - [helmcust] Desired StatefulSet (2 replicas) for status STARTING (READY)
2025-01-30 04:07:55,393 INFO c.h.h.t.HelmChartContainer - [hivemq-test-hivemq-platform] [hivemq-platform-operator] [12f3db5b] 04:07:55.392 [ReconcilerExecutor-hivemq-controller-124] INFO  c.h.p.o.HiveMQPlatformReconciler - [helmcust] Reconciling HiveMQ Platform 'test-hivemq-platform' in namespace 'helmcustomconfigit'
2025-01-30 04:07:55,393 INFO c.h.h.t.HelmChartContainer - [hivemq-test-hivemq-platform] [hivemq-platform-operator] [12f3db5b] 04:07:55.392 [ReconcilerExecutor-hivemq-controller-124] DEBUG c.h.p.o.HiveMQPlatformReconciler - [helmcust] Custom Resource Status STARTING - HiveMQ Platform is starting (READY)
2025-01-30 04:07:55,393 INFO c.h.h.t.HelmChartContainer - [hivemq-test-hivemq-platform] [hivemq-platform-operator] [12f3db5b] 04:07:55.392 [ReconcilerExecutor-hivemq-controller-124] DEBUG c.h.p.o.HiveMQPlatformReconciler - [helmcust] Custom Resource Spec (replicas: 2) (extensions: 1)
2025-01-30 04:07:55,395 INFO c.h.h.t.HelmChartContainer - [hivemq-test-hivemq-platform] [hivemq-platform-operator] [12f3db5b] 04:07:55.394 [ReconcilerExecutor-hivemq-controller-124] DEBUG c.h.p.o.HiveMQPlatformReconciler - [helmcust] StatefulSet Status (revision: test-hivemq-platform-7f5f89548, replicas: 2, available: 2, ready: 2, current: 2, updated: 2)
2025-01-30 04:07:55,395 INFO c.h.h.t.HelmChartContainer - [hivemq-test-hivemq-platform] [hivemq-platform-operator] [12f3db5b] 04:07:55.394 [ReconcilerExecutor-hivemq-controller-124] DEBUG c.h.p.o.HiveMQPlatformReconciler - [helmcust] StatefulSet Spec (replicas: 2, init containers: 1, containers: 1, volumes: 3)
2025-01-30 04:07:55,473 INFO c.h.h.t.HelmChartContainer - [hivemq-test-hivemq-platform] [hivemq-platform-operator] [12f3db5b] 04:07:55.472 [ReconcilerExecutor-hivemq-controller-124] DEBUG c.h.p.o.h.HiveMQPlatformReconcilerErrorHandler - [helmcust] Pod 'test-hivemq-platform-1' phase Running
2025-01-30 04:07:55,474 INFO c.h.h.t.HelmChartContainer - [hivemq-test-hivemq-platform] [hivemq-platform-operator] [12f3db5b] 04:07:55.473 [ReconcilerExecutor-hivemq-controller-124] DEBUG c.h.p.o.h.HiveMQPlatformReconcilerErrorHandler - [helmcust] Pod 'test-hivemq-platform-0' phase Running
2025-01-30 04:07:55,474 INFO c.h.h.t.HelmChartContainer - [hivemq-test-hivemq-platform] [hivemq-platform-operator] [12f3db5b] 04:07:55.474 [ReconcilerExecutor-hivemq-controller-124] INFO  c.h.p.o.h.HiveMQPlatformReconcilerBaseHandler - [helmcust] HiveMQ Platform started successfully
2025-01-30 04:07:55,580 INFO c.h.h.t.HelmChartContainer - [hivemq-test-hivemq-platform] [hivemq-platform-operator] [12f3db5b] 04:07:55.579 [ReconcilerExecutor-hivemq-controller-124] DEBUG c.h.p.operator.event.EventSender - [helmcust] Creating K8s event hivemq-platform-ready: [Ready] HiveMQ Platform is ready
2025-01-30 04:07:55,584 INFO c.h.h.t.HelmChartContainer - [EVENT] Normal [Ready] HiveMQ Platform is ready [helmcustomconfigit:test-hivemq-platform]
2025-01-30 04:07:55,584 INFO c.h.h.t.HelmChartContainer - [hivemq-test-hivemq-platform] [hivemq-platform-operator] [12f3db5b] 04:07:55.583 [ReconcilerExecutor-hivemq-controller-124] INFO  c.h.p.o.h.AbstractHiveMQReconcilerStateHandler - [helmcust] Update HiveMQ Platform Status (STARTING [READY] -> RUNNING [READY]): HiveMQ Platform is ready
2025-01-30 04:07:55,590 DEBUG com.hivemq.helmcharts.util.K8sUtil - Comparing actual state 'RUNNING' and waiting for 'RUNNING'
2025-01-30 04:07:57,604 INFO c.h.h.t.HelmChartContainer - Uninstalling release 'test-hivemq-platform' in namespace 'helmcustomconfigit'...
2025-01-30 04:07:57,604 DEBUG c.h.h.t.HelmChartContainer - Executing helm command: /bin/helm --kubeconfig /etc/rancher/k3s/k3s.yaml uninstall test-hivemq-platform  --wait --timeout 5m0s --cascade foreground --namespace helmcustomconfigit
2025-01-30 04:07:57,795 INFO c.h.h.t.HelmChartContainer - [hivemq-test-hivemq-platform] [hivemq-platform-operator] [12f3db5b] 04:07:57.785 [pool-6-thread-18] DEBUG c.h.p.o.dependants.PodInfoConfigMap - [helmcust] Desired PodInfo ConfigMap (1 extensions) (1 enabled)
2025-01-30 04:07:57,795 INFO c.h.h.t.HelmChartContainer - [hivemq-test-hivemq-platform] [hivemq-platform-operator] [12f3db5b] 04:07:57.785 [pool-6-thread-18] DEBUG c.h.p.o.dependants.PodInfoConfigMap - [helmcust] Desired PodInfo ConfigMap (metrics port: 9399) (metrics path: /)
2025-01-30 04:07:57,795 INFO c.h.h.t.HelmChartContainer - [hivemq-test-hivemq-platform] [hivemq-platform-operator] [12f3db5b] 04:07:57.785 [pool-6-thread-18] DEBUG c.h.p.o.dependants.PodInfoConfigMap - [helmcust] Desired PodInfo ConfigMap (extension state hash: -1817474005)
2025-01-30 04:07:57,795 INFO c.h.h.t.HelmChartContainer - [hivemq-test-hivemq-platform] [hivemq-platform-operator] [12f3db5b] 04:07:57.786 [pool-6-thread-18] DEBUG c.h.p.o.dependants.PodInfoConfigMap - [helmcust] Update PodInfo ConfigMap
2025-01-30 04:07:57,795 INFO c.h.h.t.HelmChartContainer - [hivemq-test-hivemq-platform] [hivemq-platform-operator] [12f3db5b] 04:07:57.790 [pool-6-thread-14] DEBUG c.h.p.o.d.PlatformServiceResource - [helmcust] Desired Platform services (3 services)
2025-01-30 04:07:57,795 INFO c.h.h.t.HelmChartContainer - [hivemq-test-hivemq-platform] [hivemq-platform-operator] [12f3db5b] 04:07:57.785 [pool-6-thread-11] DEBUG c.h.p.o.d.PodServiceAccountResource - [helmcust] Desired PodServiceAccountResource (serviceAccountName: hivemq-platform-pod-test-hivemq-platform)
2025-01-30 04:07:57,883 INFO c.h.h.t.HelmChartContainer - [hivemq-test-hivemq-platform] [hivemq-platform-operator] [12f3db5b] 04:07:57.880 [pool-6-thread-18] DEBUG c.h.p.o.d.StatefulSetResource - [helmcust] Desired StatefulSet (2 replicas) for status RUNNING (READY)
2025-01-30 04:07:57,884 INFO c.h.h.t.HelmChartContainer - [hivemq-test-hivemq-platform] [hivemq-platform-operator] [12f3db5b] 04:07:57.883 [pool-6-thread-18] DEBUG c.h.p.o.d.StatefulSetResource - [helmcust] Update StatefulSet (replicas: 2 -> 2)
2025-01-30 04:07:57,884 INFO c.h.h.t.HelmChartContainer - [hivemq-test-hivemq-platform] [hivemq-platform-operator] [12f3db5b] 04:07:57.883 [pool-6-thread-18] DEBUG c.h.p.o.d.StatefulSetResource - [helmcust] Detected change in StatefulSet specification (path: /template/metadata/annotations/kubernetes-resource-versions) (actual value: {broker-configuration-v2=-1945973896}) (target value: {broker-configuration-v2=0})
2025-01-30 04:07:57,884 INFO c.h.h.t.HelmChartContainer - [hivemq-test-hivemq-platform] [hivemq-platform-operator] [12f3db5b] 04:07:57.883 [pool-6-thread-18] INFO  c.h.p.o.d.StatefulSetResource - [helmcust] StatefulSet spec was updated, triggering rolling restart
2025-01-30 04:07:58,082 INFO c.h.h.t.HelmChartContainer - [hivemq-test-hivemq-platform] [hivemq-platform-operator] [12f3db5b] 04:07:58.080 [ReconcilerExecutor-hivemq-controller-125] INFO  c.h.p.o.HiveMQPlatformReconciler - [helmcust] Reconciling HiveMQ Platform 'test-hivemq-platform' in namespace 'helmcustomconfigit'
2025-01-30 04:07:58,082 INFO c.h.h.t.HelmChartContainer - [hivemq-test-hivemq-platform] [hivemq-platform-operator] [12f3db5b] 04:07:58.081 [ReconcilerExecutor-hivemq-controller-125] DEBUG c.h.p.o.HiveMQPlatformReconciler - [helmcust] Custom Resource Status RUNNING - HiveMQ Platform is ready (READY) (reconciliation requests: REQUESTS_UPDATED, ROLLING_RESTART)
2025-01-30 04:07:58,082 INFO c.h.h.t.HelmChartContainer - [hivemq-test-hivemq-platform] [hivemq-platform-operator] [12f3db5b] 04:07:58.081 [ReconcilerExecutor-hivemq-controller-125] DEBUG c.h.p.o.HiveMQPlatformReconciler - [helmcust] Custom Resource Spec (replicas: 2) (extensions: 1)
2025-01-30 04:07:58,082 INFO c.h.h.t.HelmChartContainer - [hivemq-test-hivemq-platform] [hivemq-platform-operator] [12f3db5b] 04:07:58.081 [ReconcilerExecutor-hivemq-controller-125] WARN  c.h.p.o.h.HiveMQPlatformReconcilerErrorHandler - [helmcust] Could not find ConfigMap 'hivemq-configuration-test-hivemq-platform' for HiveMQ Platform configuration
2025-01-30 04:07:58,098 INFO c.h.h.t.HelmChartContainer - [hivemq-test-hivemq-platform] [hivemq-platform-operator] [12f3db5b] 04:07:58.097 [ReconcilerExecutor-hivemq-controller-125] DEBUG c.h.p.operator.event.EventSender - [helmcust] Creating K8s event hivemq-platform-invalid-configuration: [Start] Could not find ConfigMap 'hivemq-configuration-test-hivemq-platform' for HiveMQ Platform configuration
2025-01-30 04:07:58,101 INFO c.h.h.t.HelmChartContainer - [EVENT] Warning [Start] Could not find ConfigMap 'hivemq-configuration-test-hivemq-platform' for HiveMQ Platform configuration [helmcustomconfigit:test-hivemq-platform]
2025-01-30 04:07:58,173 INFO c.h.h.t.HelmChartContainer - [hivemq-test-hivemq-platform] [hivemq-platform-operator] [12f3db5b] 04:07:58.172 [ReconcilerExecutor-hivemq-controller-125] INFO  c.h.p.o.h.AbstractHiveMQReconcilerStateHandler - [helmcust] Update HiveMQ Platform Status (RUNNING [READY] -> ERROR [INVALID_CONFIG_MAP]): Could not find ConfigMap 'hivemq-configuration-test-hivemq-platform' for HiveMQ Platform configuration (reconciliation requests: ROLLING_RESTART)
2025-01-30 04:07:58,191 INFO c.h.h.t.HelmChartContainer - [hivemq-test-hivemq-platform] [hivemq-platform-operator] [12f3db5b] 04:07:58.185 [ReconcilerExecutor-hivemq-controller-125] ERROR i.j.o.p.event.EventProcessor - Error during event processing ExecutionScope{ resource id: ResourceID{name='test-hivemq-platform', namespace='helmcustomconfigit'}, version: 1540}
2025-01-30 04:07:58,191 INFO c.h.h.t.HelmChartContainer - [hivemq-test-hivemq-platform] [hivemq-platform-operator] [12f3db5b] io.fabric8.kubernetes.client.KubernetesClientException: Failure executing: PUT at: https://10.43.0.1:443/apis/hivemq.com/v1/namespaces/helmcustomconfigit/hivemq-platforms/test-hivemq-platform/status. Message: Operation cannot be fulfilled on hivemq-platforms.hivemq.com "test-hivemq-platform": the object has been modified; please apply your changes to the latest version and try again. Received status: Status(apiVersion=v1, code=409, details=StatusDetails(causes=[], group=hivemq.com, kind=hivemq-platforms, name=test-hivemq-platform, retryAfterSeconds=null, uid=null, additionalProperties={}), kind=Status, message=Operation cannot be fulfilled on hivemq-platforms.hivemq.com "test-hivemq-platform": the object has been modified; please apply your changes to the latest version and try again, metadata=ListMeta(_continue=null, remainingItemCount=null, resourceVersion=null, selfLink=null, additionalProperties={}), reason=Conflict, status=Failure, additionalProperties={}).
2025-01-30 04:07:58,191 INFO c.h.h.t.HelmChartContainer - [hivemq-test-hivemq-platform] [hivemq-platform-operator] [12f3db5b] 	at io.fabric8.kubernetes.client.KubernetesClientException.copyAsCause(KubernetesClientException.java:238)
2025-01-30 04:07:58,191 INFO c.h.h.t.HelmChartContainer - [hivemq-test-hivemq-platform] [hivemq-platform-operator] [12f3db5b] 	at io.fabric8.kubernetes.client.dsl.internal.OperationSupport.waitForResult(OperationSupport.java:507)
2025-01-30 04:07:58,191 INFO c.h.h.t.HelmChartContainer - [hivemq-test-hivemq-platform] [hivemq-platform-operator] [12f3db5b] 	at io.fabric8.kubernetes.client.dsl.internal.OperationSupport.handleResponse(OperationSupport.java:524)
2025-01-30 04:07:58,191 INFO c.h.h.t.HelmChartContainer - [hivemq-test-hivemq-platform] [hivemq-platform-operator] [12f3db5b] 	at io.fabric8.kubernetes.client.dsl.internal.OperationSupport.handleUpdate(OperationSupport.java:358)
2025-01-30 04:07:58,191 INFO c.h.h.t.HelmChartContainer - [hivemq-test-hivemq-platform] [hivemq-platform-operator] [12f3db5b] 	at io.fabric8.kubernetes.client.dsl.internal.BaseOperation.handleUpdate(BaseOperation.java:759)
2025-01-30 04:07:58,191 INFO c.h.h.t.HelmChartContainer - [hivemq-test-hivemq-platform] [hivemq-platform-operator] [12f3db5b] 	at io.fabric8.kubernetes.client.dsl.internal.HasMetadataOperation.update(HasMetadataOperation.java:138)
2025-01-30 04:07:58,191 INFO c.h.h.t.HelmChartContainer - [hivemq-test-hivemq-platform] [hivemq-platform-operator] [12f3db5b] 	at io.fabric8.kubernetes.client.dsl.internal.HasMetadataOperation.update(HasMetadataOperation.java:121)
2025-01-30 04:07:58,191 INFO c.h.h.t.HelmChartContainer - [hivemq-test-hivemq-platform] [hivemq-platform-operator] [12f3db5b] 	at io.fabric8.kubernetes.client.dsl.internal.HasMetadataOperation.updateStatus(HasMetadataOperation.java:126)
2025-01-30 04:07:58,191 INFO c.h.h.t.HelmChartContainer - [hivemq-test-hivemq-platform] [hivemq-platform-operator] [12f3db5b] 	at io.fabric8.kubernetes.client.dsl.internal.HasMetadataOperation.updateStatus(HasMetadataOperation.java:44)
2025-01-30 04:07:58,191 INFO c.h.h.t.HelmChartContainer - [hivemq-test-hivemq-platform] [hivemq-platform-operator] [12f3db5b] 	at io.javaoperatorsdk.operator.processing.event.ReconciliationDispatcher$CustomResourceFacade.updateStatus(ReconciliationDispatcher.java:408)
2025-01-30 04:07:58,191 INFO c.h.h.t.HelmChartContainer - [hivemq-test-hivemq-platform] [hivemq-platform-operator] [12f3db5b] 	at io.javaoperatorsdk.operator.processing.event.ReconciliationDispatcher.updateStatusGenerationAware(ReconciliationDispatcher.java:228)
2025-01-30 04:07:58,191 INFO c.h.h.t.HelmChartContainer - [hivemq-test-hivemq-platform] [hivemq-platform-operator] [12f3db5b] 	at io.javaoperatorsdk.operator.processing.event.ReconciliationDispatcher.reconcileExecution(ReconciliationDispatcher.java:150)
2025-01-30 04:07:58,191 INFO c.h.h.t.HelmChartContainer - [hivemq-test-hivemq-platform] [hivemq-platform-operator] [12f3db5b] 	at io.javaoperatorsdk.operator.processing.event.ReconciliationDispatcher.handleReconcile(ReconciliationDispatcher.java:117)
2025-01-30 04:07:58,191 INFO c.h.h.t.HelmChartContainer - [hivemq-test-hivemq-platform] [hivemq-platform-operator] [12f3db5b] 	at io.javaoperatorsdk.operator.processing.event.ReconciliationDispatcher.handleDispatch(ReconciliationDispatcher.java:91)
2025-01-30 04:07:58,191 INFO c.h.h.t.HelmChartContainer - [hivemq-test-hivemq-platform] [hivemq-platform-operator] [12f3db5b] 	at io.javaoperatorsdk.operator.processing.event.ReconciliationDispatcher.handleExecution(ReconciliationDispatcher.java:64)
2025-01-30 04:07:58,191 INFO c.h.h.t.HelmChartContainer - [hivemq-test-hivemq-platform] [hivemq-platform-operator] [12f3db5b] 	at io.javaoperatorsdk.operator.processing.event.EventProcessor$ReconcilerExecutor.run(EventProcessor.java:452)
2025-01-30 04:07:58,191 INFO c.h.h.t.HelmChartContainer - [hivemq-test-hivemq-platform] [hivemq-platform-operator] [12f3db5b] 	at java.base/java.util.concurrent.ThreadPoolExecutor.runWorker(Unknown Source)
2025-01-30 04:07:58,191 INFO c.h.h.t.HelmChartContainer - [hivemq-test-hivemq-platform] [hivemq-platform-operator] [12f3db5b] 	at java.base/java.util.concurrent.ThreadPoolExecutor$Worker.run(Unknown Source)
2025-01-30 04:07:58,191 INFO c.h.h.t.HelmChartContainer - [hivemq-test-hivemq-platform] [hivemq-platform-operator] [12f3db5b] 	at java.base/java.lang.Thread.run(Unknown Source)
2025-01-30 04:07:58,191 INFO c.h.h.t.HelmChartContainer - [hivemq-test-hivemq-platform] [hivemq-platform-operator] [12f3db5b] Caused by: io.fabric8.kubernetes.client.KubernetesClientException: Failure executing: PUT at: https://10.43.0.1:443/apis/hivemq.com/v1/namespaces/helmcustomconfigit/hivemq-platforms/test-hivemq-platform/status. Message: Operation cannot be fulfilled on hivemq-platforms.hivemq.com "test-hivemq-platform": the object has been modified; please apply your changes to the latest version and try again. Received status: Status(apiVersion=v1, code=409, details=StatusDetails(causes=[], group=hivemq.com, kind=hivemq-platforms, name=test-hivemq-platform, retryAfterSeconds=null, uid=null, additionalProperties={}), kind=Status, message=Operation cannot be fulfilled on hivemq-platforms.hivemq.com "test-hivemq-platform": the object has been modified; please apply your changes to the latest version and try again, metadata=ListMeta(_continue=null, remainingItemCount=null, resourceVersion=null, selfLink=null, additionalProperties={}), reason=Conflict, status=Failure, additionalProperties={}).
2025-01-30 04:07:58,191 INFO c.h.h.t.HelmChartContainer - [hivemq-test-hivemq-platform] [hivemq-platform-operator] [12f3db5b] 	at io.fabric8.kubernetes.client.dsl.internal.OperationSupport.requestFailure(OperationSupport.java:660)
2025-01-30 04:07:58,191 INFO c.h.h.t.HelmChartContainer - [hivemq-test-hivemq-platform] [hivemq-platform-operator] [12f3db5b] 	at io.fabric8.kubernetes.client.dsl.internal.OperationSupport.requestFailure(OperationSupport.java:640)
2025-01-30 04:07:58,191 INFO c.h.h.t.HelmChartContainer - [hivemq-test-hivemq-platform] [hivemq-platform-operator] [12f3db5b] 	at io.fabric8.kubernetes.client.dsl.internal.OperationSupport.assertResponseCode(OperationSupport.java:589)
2025-01-30 04:07:58,191 INFO c.h.h.t.HelmChartContainer - [hivemq-test-hivemq-platform] [hivemq-platform-operator] [12f3db5b] 	at io.fabric8.kubernetes.client.dsl.internal.OperationSupport.lambda$handleResponse$0(OperationSupport.java:549)
2025-01-30 04:07:58,191 INFO c.h.h.t.HelmChartContainer - [hivemq-test-hivemq-platform] [hivemq-platform-operator] [12f3db5b] 	at java.base/java.util.concurrent.CompletableFuture$UniApply.tryFire(Unknown Source)
2025-01-30 04:07:58,191 INFO c.h.h.t.HelmChartContainer - [hivemq-test-hivemq-platform] [hivemq-platform-operator] [12f3db5b] 	at java.base/java.util.concurrent.CompletableFuture.postComplete(Unknown Source)
2025-01-30 04:07:58,191 INFO c.h.h.t.HelmChartContainer - [hivemq-test-hivemq-platform] [hivemq-platform-operator] [12f3db5b] 	at java.base/java.util.concurrent.CompletableFuture.complete(Unknown Source)
2025-01-30 04:07:58,191 INFO c.h.h.t.HelmChartContainer - [hivemq-test-hivemq-platform] [hivemq-platform-operator] [12f3db5b] 	at io.fabric8.kubernetes.client.http.StandardHttpClient.lambda$completeOrCancel$10(StandardHttpClient.java:141)
2025-01-30 04:07:58,191 INFO c.h.h.t.HelmChartContainer - [hivemq-test-hivemq-platform] [hivemq-platform-operator] [12f3db5b] 	at java.base/java.util.concurrent.CompletableFuture.uniWhenComplete(Unknown Source)
2025-01-30 04:07:58,191 INFO c.h.h.t.HelmChartContainer - [hivemq-test-hivemq-platform] [hivemq-platform-operator] [12f3db5b] 	at java.base/java.util.concurrent.CompletableFuture$UniWhenComplete.tryFire(Unknown Source)
2025-01-30 04:07:58,191 INFO c.h.h.t.HelmChartContainer - [hivemq-test-hivemq-platform] [hivemq-platform-operator] [12f3db5b] 	at java.base/java.util.concurrent.CompletableFuture.postComplete(Unknown Source)
2025-01-30 04:07:58,191 INFO c.h.h.t.HelmChartContainer - [hivemq-test-hivemq-platform] [hivemq-platform-operator] [12f3db5b] 	at java.base/java.util.concurrent.CompletableFuture.complete(Unknown Source)
2025-01-30 04:07:58,191 INFO c.h.h.t.HelmChartContainer - [hivemq-test-hivemq-platform] [hivemq-platform-operator] [12f3db5b] 	at io.fabric8.kubernetes.client.http.ByteArrayBodyHandler.onBodyDone(ByteArrayBodyHandler.java:51)
2025-01-30 04:07:58,191 INFO c.h.h.t.HelmChartContainer - [hivemq-test-hivemq-platform] [hivemq-platform-operator] [12f3db5b] 	at java.base/java.util.concurrent.CompletableFuture.uniWhenComplete(Unknown Source)
2025-01-30 04:07:58,191 INFO c.h.h.t.HelmChartContainer - [hivemq-test-hivemq-platform] [hivemq-platform-operator] [12f3db5b] 	at java.base/java.util.concurrent.CompletableFuture$UniWhenComplete.tryFire(Unknown Source)
2025-01-30 04:07:58,191 INFO c.h.h.t.HelmChartContainer - [hivemq-test-hivemq-platform] [hivemq-platform-operator] [12f3db5b] 	at java.base/java.util.concurrent.CompletableFuture.postComplete(Unknown Source)
2025-01-30 04:07:58,191 INFO c.h.h.t.HelmChartContainer - [hivemq-test-hivemq-platform] [hivemq-platform-operator] [12f3db5b] 	at java.base/java.util.concurrent.CompletableFuture.complete(Unknown Source)
2025-01-30 04:07:58,191 INFO c.h.h.t.HelmChartContainer - [hivemq-test-hivemq-platform] [hivemq-platform-operator] [12f3db5b] 	at io.fabric8.kubernetes.client.vertx.VertxHttpRequest.lambda$null$1(VertxHttpRequest.java:121)
2025-01-30 04:07:58,191 INFO c.h.h.t.HelmChartContainer - [hivemq-test-hivemq-platform] [hivemq-platform-operator] [12f3db5b] 	at io.vertx.core.impl.ContextInternal.dispatch(ContextInternal.java:279)
2025-01-30 04:07:58,191 INFO c.h.h.t.HelmChartContainer - [hivemq-test-hivemq-platform] [hivemq-platform-operator] [12f3db5b] 	at io.vertx.core.impl.ContextInternal.dispatch(ContextInternal.java:261)
2025-01-30 04:07:58,191 INFO c.h.h.t.HelmChartContainer - [hivemq-test-hivemq-platform] [hivemq-platform-operator] [12f3db5b] 	at io.vertx.core.http.impl.HttpEventHandler.handleEnd(HttpEventHandler.java:76)
2025-01-30 04:07:58,191 INFO c.h.h.t.HelmChartContainer - [hivemq-test-hivemq-platform] [hivemq-platform-operator] [12f3db5b] 	at io.vertx.core.http.impl.HttpClientResponseImpl.handleEnd(HttpClientResponseImpl.java:250)
2025-01-30 04:07:58,191 INFO c.h.h.t.HelmChartContainer - [hivemq-test-hivemq-platform] [hivemq-platform-operator] [12f3db5b] 	at io.vertx.core.http.impl.Http1xClientConnection$StreamImpl.lambda$new$0(Http1xClientConnection.java:421)
2025-01-30 04:07:58,191 INFO c.h.h.t.HelmChartContainer - [hivemq-test-hivemq-platform] [hivemq-platform-operator] [12f3db5b] 	at io.vertx.core.streams.impl.InboundBuffer.handleEvent(InboundBuffer.java:279)
2025-01-30 04:07:58,191 INFO c.h.h.t.HelmChartContainer - [hivemq-test-hivemq-platform] [hivemq-platform-operator] [12f3db5b] 	at io.vertx.core.streams.impl.InboundBuffer.write(InboundBuffer.java:157)
2025-01-30 04:07:58,191 INFO c.h.h.t.HelmChartContainer - [hivemq-test-hivemq-platform] [hivemq-platform-operator] [12f3db5b] 	at io.vertx.core.http.impl.Http1xClientConnection$StreamImpl.handleEnd(Http1xClientConnection.java:709)
2025-01-30 04:07:58,191 INFO c.h.h.t.HelmChartContainer - [hivemq-test-hivemq-platform] [hivemq-platform-operator] [12f3db5b] 	at io.vertx.core.impl.ContextImpl.execute(ContextImpl.java:313)
2025-01-30 04:07:58,191 INFO c.h.h.t.HelmChartContainer - [hivemq-test-hivemq-platform] [hivemq-platform-operator] [12f3db5b] 	at io.vertx.core.impl.ContextImpl.execute(ContextImpl.java:293)
2025-01-30 04:07:58,191 INFO c.h.h.t.HelmChartContainer - [hivemq-test-hivemq-platform] [hivemq-platform-operator] [12f3db5b] 	at io.vertx.core.http.impl.Http1xClientConnection.handleResponseEnd(Http1xClientConnection.java:940)
2025-01-30 04:07:58,191 INFO c.h.h.t.HelmChartContainer - [hivemq-test-hivemq-platform] [hivemq-platform-operator] [12f3db5b] 	at io.vertx.core.http.impl.Http1xClientConnection.handleHttpMessage(Http1xClientConnection.java:810)
2025-01-30 04:07:58,191 INFO c.h.h.t.HelmChartContainer - [hivemq-test-hivemq-platform] [hivemq-platform-operator] [12f3db5b] 	at io.vertx.core.http.impl.Http1xClientConnection.handleMessage(Http1xClientConnection.java:774)
2025-01-30 04:07:58,191 INFO c.h.h.t.HelmChartContainer - [hivemq-test-hivemq-platform] [hivemq-platform-operator] [12f3db5b] 	at io.vertx.core.net.impl.ConnectionBase.read(ConnectionBase.java:159)
2025-01-30 04:07:58,191 INFO c.h.h.t.HelmChartContainer - [hivemq-test-hivemq-platform] [hivemq-platform-operator] [12f3db5b] 	at io.vertx.core.net.impl.VertxHandler.channelRead(VertxHandler.java:153)
2025-01-30 04:07:58,191 INFO c.h.h.t.HelmChartContainer - [hivemq-test-hivemq-platform] [hivemq-platform-operator] [12f3db5b] 	at io.netty.channel.AbstractChannelHandlerContext.invokeChannelRead(AbstractChannelHandlerContext.java:442)
2025-01-30 04:07:58,191 INFO c.h.h.t.HelmChartContainer - [hivemq-test-hivemq-platform] [hivemq-platform-operator] [12f3db5b] 	at io.netty.channel.AbstractChannelHandlerContext.invokeChannelRead(AbstractChannelHandlerContext.java:420)
2025-01-30 04:07:58,191 INFO c.h.h.t.HelmChartContainer - [hivemq-test-hivemq-platform] [hivemq-platform-operator] [12f3db5b] 	at io.netty.channel.AbstractChannelHandlerContext.fireChannelRead(AbstractChannelHandlerContext.java:412)
2025-01-30 04:07:58,191 INFO c.h.h.t.HelmChartContainer - [hivemq-test-hivemq-platform] [hivemq-platform-operator] [12f3db5b] 	at io.netty.channel.CombinedChannelDuplexHandler$DelegatingChannelHandlerContext.fireChannelRead(CombinedChannelDuplexHandler.java:436)
2025-01-30 04:07:58,191 INFO c.h.h.t.HelmChartContainer - [hivemq-test-hivemq-platform] [hivemq-platform-operator] [12f3db5b] 	at io.netty.handler.codec.ByteToMessageDecoder.fireChannelRead(ByteToMessageDecoder.java:346)
2025-01-30 04:07:58,191 INFO c.h.h.t.HelmChartContainer - [hivemq-test-hivemq-platform] [hivemq-platform-operator] [12f3db5b] 	at io.netty.handler.codec.ByteToMessageDecoder.channelRead(ByteToMessageDecoder.java:318)
2025-01-30 04:07:58,192 INFO c.h.h.t.HelmChartContainer - [hivemq-test-hivemq-platform] [hivemq-platform-operator] [12f3db5b] 	at io.netty.channel.CombinedChannelDuplexHandler.channelRead(CombinedChannelDuplexHandler.java:251)
2025-01-30 04:07:58,192 INFO c.h.h.t.HelmChartContainer - [hivemq-test-hivemq-platform] [hivemq-platform-operator] [12f3db5b] 	at io.netty.channel.AbstractChannelHandlerContext.invokeChannelRead(AbstractChannelHandlerContext.java:442)
2025-01-30 04:07:58,192 INFO c.h.h.t.HelmChartContainer - [hivemq-test-hivemq-platform] [hivemq-platform-operator] [12f3db5b] 	at io.netty.channel.AbstractChannelHandlerContext.invokeChannelRead(AbstractChannelHandlerContext.java:420)
2025-01-30 04:07:58,194 INFO c.h.h.t.HelmChartContainer - [hivemq-test-hivemq-platform] [hivemq-platform-operator] [12f3db5b] 	at io.netty.channel.AbstractChannelHandlerContext.fireChannelRead(AbstractChannelHandlerContext.java:412)
2025-01-30 04:07:58,194 INFO c.h.h.t.HelmChartContainer - [hivemq-test-hivemq-platform] [hivemq-platform-operator] [12f3db5b] 	at io.netty.handler.ssl.SslHandler.unwrap(SslHandler.java:1475)
2025-01-30 04:07:58,194 INFO c.h.h.t.HelmChartContainer - [hivemq-test-hivemq-platform] [hivemq-platform-operator] [12f3db5b] 	at io.netty.handler.ssl.SslHandler.decodeJdkCompatible(SslHandler.java:1338)
2025-01-30 04:07:58,194 INFO c.h.h.t.HelmChartContainer - [hivemq-test-hivemq-platform] [hivemq-platform-operator] [12f3db5b] 	at io.netty.handler.ssl.SslHandler.decode(SslHandler.java:1387)
2025-01-30 04:07:58,194 INFO c.h.h.t.HelmChartContainer - [hivemq-test-hivemq-platform] [hivemq-platform-operator] [12f3db5b] 	at io.netty.handler.codec.ByteToMessageDecoder.decodeRemovalReentryProtection(ByteToMessageDecoder.java:530)
2025-01-30 04:07:58,194 INFO c.h.h.t.HelmChartContainer - [hivemq-test-hivemq-platform] [hivemq-platform-operator] [12f3db5b] 	at io.netty.handler.codec.ByteToMessageDecoder.callDecode(ByteToMessageDecoder.java:469)
2025-01-30 04:07:58,194 INFO c.h.h.t.HelmChartContainer - [hivemq-test-hivemq-platform] [hivemq-platform-operator] [12f3db5b] 	at io.netty.handler.codec.ByteToMessageDecoder.channelRead(ByteToMessageDecoder.java:290)
2025-01-30 04:07:58,194 INFO c.h.h.t.HelmChartContainer - [hivemq-test-hivemq-platform] [hivemq-platform-operator] [12f3db5b] 	at io.netty.channel.AbstractChannelHandlerContext.invokeChannelRead(AbstractChannelHandlerContext.java:444)
2025-01-30 04:07:58,194 INFO c.h.h.t.HelmChartContainer - [hivemq-test-hivemq-platform] [hivemq-platform-operator] [12f3db5b] 	at io.netty.channel.AbstractChannelHandlerContext.invokeChannelRead(AbstractChannelHandlerContext.java:420)
2025-01-30 04:07:58,194 INFO c.h.h.t.HelmChartContainer - [hivemq-test-hivemq-platform] [hivemq-platform-operator] [12f3db5b] 	at io.netty.channel.AbstractChannelHandlerContext.fireChannelRead(AbstractChannelHandlerContext.java:412)
2025-01-30 04:07:58,194 INFO c.h.h.t.HelmChartContainer - [hivemq-test-hivemq-platform] [hivemq-platform-operator] [12f3db5b] 	at io.netty.channel.DefaultChannelPipeline$HeadContext.channelRead(DefaultChannelPipeline.java:1407)
2025-01-30 04:07:58,194 INFO c.h.h.t.HelmChartContainer - [hivemq-test-hivemq-platform] [hivemq-platform-operator] [12f3db5b] 	at io.netty.channel.AbstractChannelHandlerContext.invokeChannelRead(AbstractChannelHandlerContext.java:440)
2025-01-30 04:07:58,194 INFO c.h.h.t.HelmChartContainer - [hivemq-test-hivemq-platform] [hivemq-platform-operator] [12f3db5b] 	at io.netty.channel.AbstractChannelHandlerContext.invokeChannelRead(AbstractChannelHandlerContext.java:420)
2025-01-30 04:07:58,194 INFO c.h.h.t.HelmChartContainer - [hivemq-test-hivemq-platform] [hivemq-platform-operator] [12f3db5b] 	at io.netty.channel.DefaultChannelPipeline.fireChannelRead(DefaultChannelPipeline.java:918)
2025-01-30 04:07:58,194 INFO c.h.h.t.HelmChartContainer - [hivemq-test-hivemq-platform] [hivemq-platform-operator] [12f3db5b] 	at io.netty.channel.nio.AbstractNioByteChannel$NioByteUnsafe.read(AbstractNioByteChannel.java:166)
2025-01-30 04:07:58,194 INFO c.h.h.t.HelmChartContainer - [hivemq-test-hivemq-platform] [hivemq-platform-operator] [12f3db5b] 	at io.netty.channel.nio.NioEventLoop.processSelectedKey(NioEventLoop.java:788)
2025-01-30 04:07:58,194 INFO c.h.h.t.HelmChartContainer - [hivemq-test-hivemq-platform] [hivemq-platform-operator] [12f3db5b] 	at io.netty.channel.nio.NioEventLoop.processSelectedKeysOptimized(NioEventLoop.java:724)
2025-01-30 04:07:58,194 INFO c.h.h.t.HelmChartContainer - [hivemq-test-hivemq-platform] [hivemq-platform-operator] [12f3db5b] 	at io.netty.channel.nio.NioEventLoop.processSelectedKeys(NioEventLoop.java:650)
2025-01-30 04:07:58,194 INFO c.h.h.t.HelmChartContainer - [hivemq-test-hivemq-platform] [hivemq-platform-operator] [12f3db5b] 	at io.netty.channel.nio.NioEventLoop.run(NioEventLoop.java:562)
2025-01-30 04:07:58,194 INFO c.h.h.t.HelmChartContainer - [hivemq-test-hivemq-platform] [hivemq-platform-operator] [12f3db5b] 	at io.netty.util.concurrent.SingleThreadEventExecutor$4.run(SingleThreadEventExecutor.java:997)
2025-01-30 04:07:58,194 INFO c.h.h.t.HelmChartContainer - [hivemq-test-hivemq-platform] [hivemq-platform-operator] [12f3db5b] 	at io.netty.util.internal.ThreadExecutorMap$2.run(ThreadExecutorMap.java:74)
2025-01-30 04:07:58,194 INFO c.h.h.t.HelmChartContainer - [hivemq-test-hivemq-platform] [hivemq-platform-operator] [12f3db5b] 	at io.netty.util.concurrent.FastThreadLocalRunnable.run(FastThreadLocalRunnable.java:30)
2025-01-30 04:07:58,194 INFO c.h.h.t.HelmChartContainer - [hivemq-test-hivemq-platform] [hivemq-platform-operator] [12f3db5b] 	... 1 common frames omitted
2025-01-30 04:07:58,196 INFO c.h.h.t.HelmChartContainer - [hivemq-test-hivemq-platform] [hivemq-platform-operator] [12f3db5b] 04:07:58.191 [ReconcilerExecutor-hivemq-controller-129] INFO  c.h.p.o.HiveMQPlatformReconciler - [helmcust] Cleanup test-hivemq-platform - helmcustomconfigit HiveMQ Platform is shut down
2025-01-30 04:07:58,711 INFO c.h.h.t.HelmChartContainer - [test-hivemq-platform] [hivemq] [1a7e049f] WARN  - [HiveMQ Platform Operator Init App 1.7.0-SNAPSHOT] Could not update Pod annotations: Failure executing: GET at: https://10.43.0.1:443/api/v1/namespaces/helmcustomconfigit/pods/test-hivemq-platform-0. Message: pods "test-hivemq-platform-0" is forbidden: User "system:serviceaccount:helmcustomconfigit:hivemq-platform-pod-test-hivemq-platform" cannot get resource "pods" in API group "" in the namespace "helmcustomconfigit". Received status: Status(apiVersion=v1, code=403, details=StatusDetails(causes=[], group=null, kind=pods, name=test-hivemq-platform-0, retryAfterSeconds=null, uid=null, additionalProperties={}), kind=Status, message=pods "test-hivemq-platform-0" is forbidden: User "system:serviceaccount:helmcustomconfigit:hivemq-platform-pod-test-hivemq-platform" cannot get resource "pods" in API group "" in the namespace "helmcustomconfigit", metadata=ListMeta(_continue=null, remainingItemCount=null, resourceVersion=null, selfLink=null, additionalProperties={}), reason=Forbidden, status=Failure, additionalProperties={}).
2025-01-30 04:07:58,724 INFO c.h.h.t.HelmChartContainer - [POD] test-hivemq-platform-0 [1a7e049f-8940-408b-b5bd-513126cebd1d] in helmcustomconfigit was MODIFIED
2025-01-30 04:07:58,733 INFO c.h.h.t.HelmChartContainer - [EVENT] Normal [Killing] Stopping container hivemq [helmcustomconfigit:test-hivemq-platform-0]
2025-01-30 04:07:58,733 INFO c.h.h.t.HelmChartContainer - Received Killing event for container hivemq in pod test-hivemq-platform-0 [1a7e049f-8940-408b-b5bd-513126cebd1d]
2025-01-30 04:07:58,733 INFO c.h.h.t.HelmChartContainer - Container [test-hivemq-platform-0] [hivemq] [1a7e049f-8940-408b-b5bd-513126cebd1d] was terminated
2025-01-30 04:07:58,733 INFO c.h.h.t.HelmChartContainer - Stopped log watcher for hivemq in pod test-hivemq-platform-0 [1a7e049f-8940-408b-b5bd-513126cebd1d]
2025-01-30 04:07:58,733 INFO c.h.h.t.HelmChartContainer - [test-hivemq-platform] [hivemq] [1a7e049f] INFO  - [HiveMQ Platform Operator Init App 1.7.0-SNAPSHOT] Shutting down
2025-01-30 04:07:58,735 INFO c.h.h.t.HelmChartContainer - [test-hivemq-platform] [hivemq] [1a7e049f] INFO  - [HiveMQ Platform Operator Init App 1.7.0-SNAPSHOT] Stopping the HiveMQ Platform
2025-01-30 04:07:58,745 INFO c.h.h.t.HelmChartContainer - [POD] test-hivemq-platform-1 [257cf99a-8709-44da-9adb-7e7987cce6db] in helmcustomconfigit was MODIFIED
2025-01-30 04:07:58,759 INFO c.h.h.t.HelmChartContainer - [EVENT] Normal [Killing] Stopping container hivemq [helmcustomconfigit:test-hivemq-platform-1]
2025-01-30 04:07:58,759 INFO c.h.h.t.HelmChartContainer - Received Killing event for container hivemq in pod test-hivemq-platform-1 [257cf99a-8709-44da-9adb-7e7987cce6db]
2025-01-30 04:07:58,759 INFO c.h.h.t.HelmChartContainer - Container [test-hivemq-platform-1] [hivemq] [257cf99a-8709-44da-9adb-7e7987cce6db] was terminated
2025-01-30 04:07:58,759 INFO c.h.h.t.HelmChartContainer - Stopped log watcher for hivemq in pod test-hivemq-platform-1 [257cf99a-8709-44da-9adb-7e7987cce6db]
2025-01-30 04:07:58,760 INFO c.h.h.t.HelmChartContainer - [test-hivemq-platform] [hivemq] [257cf99a] INFO  - [HiveMQ Platform Operator Init App 1.7.0-SNAPSHOT] Shutting down
2025-01-30 04:07:58,761 INFO c.h.h.t.HelmChartContainer - [test-hivemq-platform] [hivemq] [257cf99a] INFO  - [HiveMQ Platform Operator Init App 1.7.0-SNAPSHOT] Stopping the HiveMQ Platform
2025-01-30 04:07:58,856 INFO c.h.h.t.HelmChartContainer - [test-hivemq-platform] [hivemq] [257cf99a] INFO  - Shutting down HiveMQ. Please wait, this could take a while...
2025-01-30 04:07:58,860 INFO c.h.h.t.HelmChartContainer - [test-hivemq-platform] [hivemq] [257cf99a] INFO  - Shutting down listeners and clients
2025-01-30 04:07:58,861 INFO c.h.h.t.HelmChartContainer - [test-hivemq-platform] [hivemq] [257cf99a] INFO  - Shutdown of listeners is done
2025-01-30 04:07:58,861 INFO c.h.h.t.HelmChartContainer - [test-hivemq-platform] [hivemq] [257cf99a] INFO  - No clients are connected, proceeding with shutdown
2025-01-30 04:07:58,889 INFO c.h.h.t.HelmChartContainer - [test-hivemq-platform] [hivemq] [1a7e049f] INFO  - Shutting down HiveMQ. Please wait, this could take a while...
2025-01-30 04:07:58,904 INFO c.h.h.t.HelmChartContainer - [test-hivemq-platform] [hivemq] [1a7e049f] INFO  - Shutting down listeners and clients
2025-01-30 04:07:58,904 INFO c.h.h.t.HelmChartContainer - [test-hivemq-platform] [hivemq] [1a7e049f] INFO  - Shutdown of listeners is done
2025-01-30 04:07:58,904 INFO c.h.h.t.HelmChartContainer - [test-hivemq-platform] [hivemq] [1a7e049f] INFO  - No clients are connected, proceeding with shutdown
2025-01-30 04:07:59,842 INFO c.h.h.t.HelmChartContainer - Deleting namespace 'helmcustomconfigit'...
2025-01-30 04:08:00,261 INFO c.h.h.t.HelmChartContainer - [test-hivemq-platform] [hivemq] [257cf99a] INFO  - [HiveMQ Platform Operator Init App 1.7.0-SNAPSHOT] Returning shutdown Health API response 503 for readiness
2025-01-30 04:08:00,265 INFO c.h.h.t.HelmChartContainer - [EVENT] Warning [Unhealthy] Readiness probe failed: HTTP probe failed with statuscode: 503 [helmcustomconfigit:test-hivemq-platform-1]
2025-01-30 04:08:00,265 INFO c.h.h.t.HelmChartContainer - Received Unhealthy event for container hivemq in pod test-hivemq-platform-1 [257cf99a-8709-44da-9adb-7e7987cce6db]
2025-01-30 04:08:00,868 INFO c.h.h.t.HelmChartContainer - [test-hivemq-platform] [hivemq] [257cf99a] WARN  - [HiveMQ Platform Operator Init App 1.7.0-SNAPSHOT] Could not update Pod annotations: Failure executing: GET at: https://10.43.0.1:443/api/v1/namespaces/helmcustomconfigit/pods/test-hivemq-platform-1. Message: pods "test-hivemq-platform-1" is forbidden: User "system:serviceaccount:helmcustomconfigit:hivemq-platform-pod-test-hivemq-platform" cannot get resource "pods" in API group "" in the namespace "helmcustomconfigit". Received status: Status(apiVersion=v1, code=403, details=StatusDetails(causes=[], group=null, kind=pods, name=test-hivemq-platform-1, retryAfterSeconds=null, uid=null, additionalProperties={}), kind=Status, message=pods "test-hivemq-platform-1" is forbidden: User "system:serviceaccount:helmcustomconfigit:hivemq-platform-pod-test-hivemq-platform" cannot get resource "pods" in API group "" in the namespace "helmcustomconfigit", metadata=ListMeta(_continue=null, remainingItemCount=null, resourceVersion=null, selfLink=null, additionalProperties={}), reason=Forbidden, status=Failure, additionalProperties={}).
2025-01-30 04:08:01,948 INFO c.h.h.t.HelmChartContainer - [test-hivemq-platform] [hivemq] [257cf99a] INFO  - Shutting down extension system
2025-01-30 04:08:01,950 INFO c.h.h.t.HelmChartContainer - [test-hivemq-platform] [hivemq] [257cf99a] INFO  - Stopping extension with id hivemq-dns-cluster-discovery
2025-01-30 04:08:01,950 INFO c.h.h.t.HelmChartContainer - [test-hivemq-platform] [hivemq] [257cf99a] INFO  - Extension "DNS Cluster Discovery Extension" version 4.3.2 stopped successfully.
2025-01-30 04:08:01,951 INFO c.h.h.t.HelmChartContainer - [test-hivemq-platform] [hivemq] [257cf99a] INFO  - Stopping extension with id hivemq-prometheus-extension
2025-01-30 04:08:01,956 INFO c.h.h.t.HelmChartContainer - [test-hivemq-platform] [hivemq] [257cf99a] INFO  - Extension "Prometheus Monitoring Extension" version 4.0.12 stopped successfully.
2025-01-30 04:08:01,957 INFO c.h.h.t.HelmChartContainer - [test-hivemq-platform] [hivemq] [257cf99a] INFO  - Stopping extension with id hivemq-allow-all-extension
2025-01-30 04:08:01,958 INFO c.h.h.t.HelmChartContainer - [test-hivemq-platform] [hivemq] [257cf99a] INFO  - Extension "Allow All Extension" version 1.1.1 stopped successfully.
2025-01-30 04:08:01,965 INFO c.h.h.t.HelmChartContainer - [test-hivemq-platform] [hivemq] [1a7e049f] INFO  - Cluster nodes found by discovery: [i6prN|2] (1) [i6prN].
2025-01-30 04:08:01,965 INFO c.h.h.t.HelmChartContainer - [test-hivemq-platform] [hivemq] [1a7e049f] INFO  - Cluster size = 1, members : [i6prN].
2025-01-30 04:08:02,318 INFO c.h.h.t.HelmChartContainer - [test-hivemq-platform] [hivemq] [1a7e049f] INFO  - Shutting down extension system
2025-01-30 04:08:02,319 INFO c.h.h.t.HelmChartContainer - [test-hivemq-platform] [hivemq] [1a7e049f] INFO  - Stopping extension with id hivemq-dns-cluster-discovery
2025-01-30 04:08:02,320 INFO c.h.h.t.HelmChartContainer - [test-hivemq-platform] [hivemq] [1a7e049f] INFO  - Extension "DNS Cluster Discovery Extension" version 4.3.2 stopped successfully.
2025-01-30 04:08:02,321 INFO c.h.h.t.HelmChartContainer - [test-hivemq-platform] [hivemq] [1a7e049f] INFO  - Stopping extension with id hivemq-prometheus-extension
2025-01-30 04:08:02,326 INFO c.h.h.t.HelmChartContainer - [test-hivemq-platform] [hivemq] [1a7e049f] INFO  - Extension "Prometheus Monitoring Extension" version 4.0.12 stopped successfully.
2025-01-30 04:08:02,327 INFO c.h.h.t.HelmChartContainer - [test-hivemq-platform] [hivemq] [1a7e049f] INFO  - Stopping extension with id hivemq-allow-all-extension
2025-01-30 04:08:02,327 INFO c.h.h.t.HelmChartContainer - [test-hivemq-platform] [hivemq] [1a7e049f] INFO  - Extension "Allow All Extension" version 1.1.1 stopped successfully.
2025-01-30 04:08:03,218 INFO c.h.h.t.HelmChartContainer - [test-hivemq-platform] [hivemq] [1a7e049f] INFO  - [HiveMQ Platform Operator Init App 1.7.0-SNAPSHOT] Returning shutdown Health API response 503 for readiness
2025-01-30 04:08:03,222 INFO c.h.h.t.HelmChartContainer - [EVENT] Warning [Unhealthy] Readiness probe failed: HTTP probe failed with statuscode: 503 [helmcustomconfigit:test-hivemq-platform-0]
2025-01-30 04:08:03,222 INFO c.h.h.t.HelmChartContainer - Received Unhealthy event for container hivemq in pod test-hivemq-platform-0 [1a7e049f-8940-408b-b5bd-513126cebd1d]
2025-01-30 04:08:03,715 INFO c.h.h.t.HelmChartContainer - [K3S] [authentication.go:74] "Unable to authenticate the request" err="[invalid bearer token, serviceaccounts \"hivemq-platform-pod-test-hivemq-platform\" not found]"
2025-01-30 04:08:03,729 INFO c.h.h.t.HelmChartContainer - [K3S] [authentication.go:74] "Unable to authenticate the request" err="[invalid bearer token, serviceaccounts \"hivemq-platform-pod-test-hivemq-platform\" not found]"
2025-01-30 04:08:03,731 INFO c.h.h.t.HelmChartContainer - [test-hivemq-platform] [hivemq] [1a7e049f] WARN  - [HiveMQ Platform Operator Init App 1.7.0-SNAPSHOT] Could not update Pod annotations: Failure executing: GET at: https://10.43.0.1:443/api/v1/namespaces/helmcustomconfigit/pods/test-hivemq-platform-0. Message: Unauthorized. Received status: Status(apiVersion=v1, code=401, details=null, kind=Status, message=Unauthorized, metadata=ListMeta(_continue=null, remainingItemCount=null, resourceVersion=null, selfLink=null, additionalProperties={}), reason=Unauthorized, status=Failure, additionalProperties={}).
2025-01-30 04:08:04,310 INFO c.h.h.t.HelmChartContainer - [test-hivemq-platform] [hivemq] [257cf99a] INFO  - Shutdown completed.
2025-01-30 04:08:04,613 INFO c.h.h.t.HelmChartContainer - [test-hivemq-platform] [hivemq] [1a7e049f] INFO  - Shutdown completed.
2025-01-30 04:08:04,660 INFO c.h.h.t.HelmChartContainer - [test-hivemq-platform] [hivemq] [257cf99a] INFO  - [HiveMQ Platform Operator Init App 1.7.0-SNAPSHOT] The HiveMQ Platform exited with code 143
2025-01-30 04:08:04,660 INFO c.h.h.t.HelmChartContainer - [test-hivemq-platform] [hivemq] [257cf99a] INFO  - [HiveMQ Platform Operator Init App 1.7.0-SNAPSHOT] Stopping the REST API
2025-01-30 04:08:04,668 INFO c.h.h.t.HelmChartContainer - [test-hivemq-platform] [hivemq] [257cf99a] INFO  - [HiveMQ Platform Operator Init App 1.7.0-SNAPSHOT] Shutdown complete
2025-01-30 04:08:04,869 INFO c.h.h.t.HelmChartContainer - [K3S] [stateful_set.go:466] "StatefulSet has been deleted" key="helmcustomconfigit/test-hivemq-platform"
2025-01-30 04:08:04,968 INFO c.h.h.t.HelmChartContainer - [test-hivemq-platform] [hivemq] [1a7e049f] INFO  - [HiveMQ Platform Operator Init App 1.7.0-SNAPSHOT] The HiveMQ Platform exited with code 143
2025-01-30 04:08:04,969 INFO c.h.h.t.HelmChartContainer - [test-hivemq-platform] [hivemq] [1a7e049f] INFO  - [HiveMQ Platform Operator Init App 1.7.0-SNAPSHOT] Stopping the REST API
2025-01-30 04:08:05,008 INFO c.h.h.t.HelmChartContainer - [test-hivemq-platform] [hivemq] [1a7e049f] INFO  - [HiveMQ Platform Operator Init App 1.7.0-SNAPSHOT] Shutdown complete
2025-01-30 04:08:05,163 INFO c.h.h.t.HelmChartContainer - [POD] test-hivemq-platform-1 [257cf99a-8709-44da-9adb-7e7987cce6db] in helmcustomconfigit was MODIFIED
2025-01-30 04:08:05,352 INFO c.h.h.t.HelmChartContainer - [K3S] [reconciler_common.go:162] "operationExecutor.UnmountVolume started for volume \"operator-init\" (UniqueName: \"kubernetes.io/empty-dir/257cf99a-8709-44da-9adb-7e7987cce6db-operator-init\") pod \"257cf99a-8709-44da-9adb-7e7987cce6db\" (UID: \"257cf99a-8709-44da-9adb-7e7987cce6db\") "
2025-01-30 04:08:05,352 INFO c.h.h.t.HelmChartContainer - [K3S] [reconciler_common.go:162] "operationExecutor.UnmountVolume started for volume \"kube-api-access-sb49h\" (UniqueName: \"kubernetes.io/projected/257cf99a-8709-44da-9adb-7e7987cce6db-kube-api-access-sb49h\") pod \"257cf99a-8709-44da-9adb-7e7987cce6db\" (UID: \"257cf99a-8709-44da-9adb-7e7987cce6db\") "
2025-01-30 04:08:05,352 INFO c.h.h.t.HelmChartContainer - [K3S] [reconciler_common.go:162] "operationExecutor.UnmountVolume started for volume \"broker-configuration\" (UniqueName: \"kubernetes.io/configmap/257cf99a-8709-44da-9adb-7e7987cce6db-broker-configuration\") pod \"257cf99a-8709-44da-9adb-7e7987cce6db\" (UID: \"257cf99a-8709-44da-9adb-7e7987cce6db\") "
2025-01-30 04:08:05,352 INFO c.h.h.t.HelmChartContainer - [K3S] [reconciler_common.go:162] "operationExecutor.UnmountVolume started for volume \"pod-info\" (UniqueName: \"kubernetes.io/configmap/257cf99a-8709-44da-9adb-7e7987cce6db-pod-info\") pod \"257cf99a-8709-44da-9adb-7e7987cce6db\" (UID: \"257cf99a-8709-44da-9adb-7e7987cce6db\") "
2025-01-30 04:08:05,439 INFO c.h.h.t.HelmChartContainer - [POD] test-hivemq-platform-0 [1a7e049f-8940-408b-b5bd-513126cebd1d] in helmcustomconfigit was MODIFIED
2025-01-30 04:08:05,454 INFO c.h.h.t.HelmChartContainer - [K3S] [reconciler_common.go:162] "operationExecutor.UnmountVolume started for volume \"kube-api-access-cgvt8\" (UniqueName: \"kubernetes.io/projected/1a7e049f-8940-408b-b5bd-513126cebd1d-kube-api-access-cgvt8\") pod \"1a7e049f-8940-408b-b5bd-513126cebd1d\" (UID: \"1a7e049f-8940-408b-b5bd-513126cebd1d\") "
2025-01-30 04:08:05,454 INFO c.h.h.t.HelmChartContainer - [K3S] [reconciler_common.go:162] "operationExecutor.UnmountVolume started for volume \"pod-info\" (UniqueName: \"kubernetes.io/configmap/1a7e049f-8940-408b-b5bd-513126cebd1d-pod-info\") pod \"1a7e049f-8940-408b-b5bd-513126cebd1d\" (UID: \"1a7e049f-8940-408b-b5bd-513126cebd1d\") "
2025-01-30 04:08:05,454 INFO c.h.h.t.HelmChartContainer - [K3S] [reconciler_common.go:162] "operationExecutor.UnmountVolume started for volume \"broker-configuration\" (UniqueName: \"kubernetes.io/configmap/1a7e049f-8940-408b-b5bd-513126cebd1d-broker-configuration\") pod \"1a7e049f-8940-408b-b5bd-513126cebd1d\" (UID: \"1a7e049f-8940-408b-b5bd-513126cebd1d\") "
2025-01-30 04:08:05,454 INFO c.h.h.t.HelmChartContainer - [K3S] [reconciler_common.go:162] "operationExecutor.UnmountVolume started for volume \"operator-init\" (UniqueName: \"kubernetes.io/empty-dir/1a7e049f-8940-408b-b5bd-513126cebd1d-operator-init\") pod \"1a7e049f-8940-408b-b5bd-513126cebd1d\" (UID: \"1a7e049f-8940-408b-b5bd-513126cebd1d\") "
2025-01-30 04:08:05,454 INFO c.h.h.t.HelmChartContainer - [K3S] [reconciler_common.go:299] "Volume detached for volume \"broker-configuration\" (UniqueName: \"kubernetes.io/configmap/257cf99a-8709-44da-9adb-7e7987cce6db-broker-configuration\") on node \"bb975d1fd0a5\" DevicePath \"\""
2025-01-30 04:08:05,454 INFO c.h.h.t.HelmChartContainer - [K3S] [reconciler_common.go:299] "Volume detached for volume \"pod-info\" (UniqueName: \"kubernetes.io/configmap/257cf99a-8709-44da-9adb-7e7987cce6db-pod-info\") on node \"bb975d1fd0a5\" DevicePath \"\""
2025-01-30 04:08:05,454 INFO c.h.h.t.HelmChartContainer - [K3S] [reconciler_common.go:299] "Volume detached for volume \"operator-init\" (UniqueName: \"kubernetes.io/empty-dir/257cf99a-8709-44da-9adb-7e7987cce6db-operator-init\") on node \"bb975d1fd0a5\" DevicePath \"\""
2025-01-30 04:08:05,454 INFO c.h.h.t.HelmChartContainer - [K3S] [reconciler_common.go:299] "Volume detached for volume \"kube-api-access-sb49h\" (UniqueName: \"kubernetes.io/projected/257cf99a-8709-44da-9adb-7e7987cce6db-kube-api-access-sb49h\") on node \"bb975d1fd0a5\" DevicePath \"\""
2025-01-30 04:08:05,553 INFO c.h.h.t.HelmChartContainer - [K3S] [reconciler_common.go:299] "Volume detached for volume \"pod-info\" (UniqueName: \"kubernetes.io/configmap/1a7e049f-8940-408b-b5bd-513126cebd1d-pod-info\") on node \"bb975d1fd0a5\" DevicePath \"\""
2025-01-30 04:08:05,553 INFO c.h.h.t.HelmChartContainer - [K3S] [reconciler_common.go:299] "Volume detached for volume \"broker-configuration\" (UniqueName: \"kubernetes.io/configmap/1a7e049f-8940-408b-b5bd-513126cebd1d-broker-configuration\") on node \"bb975d1fd0a5\" DevicePath \"\""
2025-01-30 04:08:05,553 INFO c.h.h.t.HelmChartContainer - [K3S] [reconciler_common.go:299] "Volume detached for volume \"operator-init\" (UniqueName: \"kubernetes.io/empty-dir/1a7e049f-8940-408b-b5bd-513126cebd1d-operator-init\") on node \"bb975d1fd0a5\" DevicePath \"\""
2025-01-30 04:08:05,553 INFO c.h.h.t.HelmChartContainer - [K3S] [reconciler_common.go:299] "Volume detached for volume \"kube-api-access-cgvt8\" (UniqueName: \"kubernetes.io/projected/1a7e049f-8940-408b-b5bd-513126cebd1d-kube-api-access-cgvt8\") on node \"bb975d1fd0a5\" DevicePath \"\""
2025-01-30 04:08:05,885 INFO c.h.h.t.HelmChartContainer - [K3S] [scope.go:117] "RemoveContainer" containerID="f5451de03799b6322efce7aafedb2de531530de8afa0ea4167cadd4219285c1f"
2025-01-30 04:08:05,902 INFO c.h.h.t.HelmChartContainer - [POD] test-hivemq-platform-0 [1a7e049f-8940-408b-b5bd-513126cebd1d] in helmcustomconfigit was MODIFIED
2025-01-30 04:08:05,905 INFO c.h.h.t.HelmChartContainer - [POD] test-hivemq-platform-0 [1a7e049f-8940-408b-b5bd-513126cebd1d] in helmcustomconfigit was DELETED
2025-01-30 04:08:05,915 INFO c.h.h.t.HelmChartContainer - [POD] test-hivemq-platform-1 [257cf99a-8709-44da-9adb-7e7987cce6db] in helmcustomconfigit was MODIFIED
2025-01-30 04:08:05,919 INFO c.h.h.t.HelmChartContainer - [POD] test-hivemq-platform-1 [257cf99a-8709-44da-9adb-7e7987cce6db] in helmcustomconfigit was DELETED
2025-01-30 04:08:06,003 INFO c.h.h.t.HelmChartContainer - [K3S] [scope.go:117] "RemoveContainer" containerID="d735b2042262e4f1caf4444ec299635108091fc14ed9e1a649aa6cc2b8d4b6dc"
2025-01-30 04:08:06,006 INFO c.h.h.t.HelmChartContainer - [K3S] [scope.go:117] "RemoveContainer" containerID="f5451de03799b6322efce7aafedb2de531530de8afa0ea4167cadd4219285c1f"
2025-01-30 04:08:06,007 INFO c.h.h.t.HelmChartContainer - [K3S] [scope.go:117] "RemoveContainer" containerID="d735b2042262e4f1caf4444ec299635108091fc14ed9e1a649aa6cc2b8d4b6dc"
2025-01-30 04:08:06,008 INFO c.h.h.t.HelmChartContainer - [K3S] [scope.go:117] "RemoveContainer" containerID="c2ea8304f650ea4015fa65593a779c6798fc99f57f4d2a835f2078aac624b987"
2025-01-30 04:08:06,035 INFO c.h.h.t.HelmChartContainer - [K3S] [kubelet_volumes.go:163] "Cleaned up orphaned pod volumes dir" podUID="1a7e049f-8940-408b-b5bd-513126cebd1d" path="/var/lib/kubelet/pods/1a7e049f-8940-408b-b5bd-513126cebd1d/volumes"
2025-01-30 04:08:06,036 INFO c.h.h.t.HelmChartContainer - [K3S] [kubelet_volumes.go:163] "Cleaned up orphaned pod volumes dir" podUID="257cf99a-8709-44da-9adb-7e7987cce6db" path="/var/lib/kubelet/pods/257cf99a-8709-44da-9adb-7e7987cce6db/volumes"
2025-01-30 04:08:06,096 INFO c.h.h.t.HelmChartContainer - [K3S] [scope.go:117] "RemoveContainer" containerID="f6614c040494a2fb77fc7d68170b417ca8c675b3995f4521dd672dba946d124e"
2025-01-30 04:08:06,099 INFO c.h.h.t.HelmChartContainer - [K3S] [scope.go:117] "RemoveContainer" containerID="c2ea8304f650ea4015fa65593a779c6798fc99f57f4d2a835f2078aac624b987"
2025-01-30 04:08:06,100 INFO c.h.h.t.HelmChartContainer - [K3S] [scope.go:117] "RemoveContainer" containerID="f6614c040494a2fb77fc7d68170b417ca8c675b3995f4521dd672dba946d124e"
2025-01-30 04:08:10,169 INFO c.h.h.t.HelmChartContainer - Namespace 'helmcustomconfigit' deleted
2025-01-30 04:08:10,169 INFO c.h.h.t.HelmChartContainer - Release 'test-hivemq-platform' in namespace 'helmcustomconfigit' is uninstalled
2025-01-30 04:08:10,169 INFO c.h.h.t.HelmChartContainer - Uninstalling release 'test-hivemq-platform-operator' in namespace 'helmcustomconfigit-operator'...
2025-01-30 04:08:10,169 DEBUG c.h.h.t.HelmChartContainer - Executing helm command: /bin/helm --kubeconfig /etc/rancher/k3s/k3s.yaml uninstall test-hivemq-platform-operator  --wait --timeout 5m0s --cascade foreground --namespace helmcustomconfigit-operator
2025-01-30 04:08:10,341 INFO c.h.h.t.HelmChartContainer - [K3S] [replica_set.go:679] "Finished syncing" kind="ReplicaSet" key="helmcustomconfigit-operator/hivemq-test-hivemq-platform-operator-6966f96d65" duration="13.901831ms"
2025-01-30 04:08:10,345 INFO c.h.h.t.HelmChartContainer - [K3S] [replica_set.go:679] "Finished syncing" kind="ReplicaSet" key="helmcustomconfigit-operator/hivemq-test-hivemq-platform-operator-6966f96d65" duration="189.293µs"
2025-01-30 04:08:10,361 INFO c.h.h.t.HelmChartContainer - [POD] hivemq-test-hivemq-platform-operator-6966f96d65-9vb2l [12f3db5b-864a-4c8a-8a7b-ad0e6c2c6bb7] in helmcustomconfigit-operator was MODIFIED
2025-01-30 04:08:10,382 INFO c.h.h.t.HelmChartContainer - [hivemq-test-hivemq-platform] [hivemq-platform-operator] [12f3db5b] 04:08:10.377 [application-shutdown-thread] INFO  c.h.p.o.HiveMQPlatformOperatorApplication - HiveMQ Platform Operator is stopping...
2025-01-30 04:08:10,386 INFO c.h.h.t.HelmChartContainer - [EVENT] Normal [Killing] Stopping container hivemq-platform-operator [helmcustomconfigit-operator:hivemq-test-hivemq-platform-operator-6966f96d65-9vb2l]
2025-01-30 04:08:10,386 INFO c.h.h.t.HelmChartContainer - Received Killing event for container hivemq-platform-operator in pod hivemq-test-hivemq-platform-operator-6966f96d65-9vb2l [12f3db5b-864a-4c8a-8a7b-ad0e6c2c6bb7]
2025-01-30 04:08:10,386 INFO c.h.h.t.HelmChartContainer - Container [hivemq-test-hivemq-platform-operator-6966f96d65-9vb2l] [hivemq-platform-operator] [12f3db5b-864a-4c8a-8a7b-ad0e6c2c6bb7] was terminated
2025-01-30 04:08:10,387 INFO c.h.h.t.HelmChartContainer - Stopped log watcher for hivemq-platform-operator in pod hivemq-test-hivemq-platform-operator-6966f96d65-9vb2l [12f3db5b-864a-4c8a-8a7b-ad0e6c2c6bb7]
2025-01-30 04:08:10,389 INFO c.h.h.t.HelmChartContainer - [K3S] [replica_set.go:679] "Finished syncing" kind="ReplicaSet" key="helmcustomconfigit-operator/hivemq-test-hivemq-platform-operator-6966f96d65" duration="24.596283ms"
2025-01-30 04:08:10,389 INFO c.h.h.t.HelmChartContainer - [K3S] [replica_set.go:679] "Finished syncing" kind="ReplicaSet" key="helmcustomconfigit-operator/hivemq-test-hivemq-platform-operator-6966f96d65" duration="50.985µs"
2025-01-30 04:08:10,389 INFO c.h.h.t.HelmChartContainer - [hivemq-test-hivemq-platform] [hivemq-platform-operator] [12f3db5b] 04:08:10.377 [application-shutdown-thread] INFO  i.javaoperatorsdk.operator.Operator - Operator SDK 4.9.7 is shutting down...
2025-01-30 04:08:10,897 INFO c.h.h.t.HelmChartContainer - [K3S] [pod_container_deletor.go:80] "Container not found in pod's containers" containerID="846331b5b5e25d44c6e7c8d644832be97929bf7597c8cdf02b6bcbf4c8d24429"
2025-01-30 04:08:10,919 INFO c.h.h.t.HelmChartContainer - [K3S] [replica_set.go:679] "Finished syncing" kind="ReplicaSet" key="helmcustomconfigit-operator/hivemq-test-hivemq-platform-operator-6966f96d65" duration="40.936µs"
2025-01-30 04:08:10,920 INFO c.h.h.t.HelmChartContainer - [POD] hivemq-test-hivemq-platform-operator-6966f96d65-9vb2l [12f3db5b-864a-4c8a-8a7b-ad0e6c2c6bb7] in helmcustomconfigit-operator was MODIFIED
2025-01-30 04:08:10,995 INFO c.h.h.t.HelmChartContainer - [K3S] [reconciler_common.go:162] "operationExecutor.UnmountVolume started for volume \"kube-api-access-n52h2\" (UniqueName: \"kubernetes.io/projected/12f3db5b-864a-4c8a-8a7b-ad0e6c2c6bb7-kube-api-access-n52h2\") pod \"12f3db5b-864a-4c8a-8a7b-ad0e6c2c6bb7\" (UID: \"12f3db5b-864a-4c8a-8a7b-ad0e6c2c6bb7\") "
2025-01-30 04:08:11,096 INFO c.h.h.t.HelmChartContainer - [K3S] [reconciler_common.go:299] "Volume detached for volume \"kube-api-access-n52h2\" (UniqueName: \"kubernetes.io/projected/12f3db5b-864a-4c8a-8a7b-ad0e6c2c6bb7-kube-api-access-n52h2\") on node \"bb975d1fd0a5\" DevicePath \"\""
2025-01-30 04:08:11,910 INFO c.h.h.t.HelmChartContainer - [K3S] [replica_set.go:679] "Finished syncing" kind="ReplicaSet" key="helmcustomconfigit-operator/hivemq-test-hivemq-platform-operator-6966f96d65" duration="45.314µs"
2025-01-30 04:08:11,910 INFO c.h.h.t.HelmChartContainer - [POD] hivemq-test-hivemq-platform-operator-6966f96d65-9vb2l [12f3db5b-864a-4c8a-8a7b-ad0e6c2c6bb7] in helmcustomconfigit-operator was MODIFIED
2025-01-30 04:08:11,913 INFO c.h.h.t.HelmChartContainer - [K3S] [replica_set.go:679] "Finished syncing" kind="ReplicaSet" key="helmcustomconfigit-operator/hivemq-test-hivemq-platform-operator-6966f96d65" duration="27.492µs"
2025-01-30 04:08:11,915 INFO c.h.h.t.HelmChartContainer - [POD] hivemq-test-hivemq-platform-operator-6966f96d65-9vb2l [12f3db5b-864a-4c8a-8a7b-ad0e6c2c6bb7] in helmcustomconfigit-operator was DELETED
2025-01-30 04:08:11,923 INFO c.h.h.t.HelmChartContainer - [K3S] [replica_set.go:679] "Finished syncing" kind="ReplicaSet" key="helmcustomconfigit-operator/hivemq-test-hivemq-platform-operator-6966f96d65" duration="22.662µs"
2025-01-30 04:08:12,035 INFO c.h.h.t.HelmChartContainer - [K3S] [kubelet_volumes.go:163] "Cleaned up orphaned pod volumes dir" podUID="12f3db5b-864a-4c8a-8a7b-ad0e6c2c6bb7" path="/var/lib/kubelet/pods/12f3db5b-864a-4c8a-8a7b-ad0e6c2c6bb7/volumes"
2025-01-30 04:08:12,405 INFO c.h.h.t.HelmChartContainer - Deleting namespace 'helmcustomconfigit-operator'...
2025-01-30 04:08:15,140 INFO c.h.h.t.HelmChartContainer - [K3S] [namespace_controller.go:187] "Namespace has been deleted" namespace="helmcustomconfigit"
2025-01-30 04:08:17,619 INFO c.h.h.t.HelmChartContainer - Namespace 'helmcustomconfigit-operator' deleted
2025-01-30 04:08:17,619 INFO c.h.h.t.HelmChartContainer - Release 'test-hivemq-platform-operator' in namespace 'helmcustomconfigit-operator' is uninstalled
2025-01-30 04:08:18,482 INFO c.h.helmcharts.AbstractHelmChartIT - Removed unused containers:

2025-01-30 04:08:22,528 INFO c.h.h.t.HelmChartContainer - [K3S] [namespace_controller.go:187] "Namespace has been deleted" namespace="helmcustomconfigit-operator"
2025-01-30 04:08:26,405 INFO c.h.helmcharts.AbstractHelmChartIT - Removed unused snapshots:
Removing snapshot sha256:03af251906410714c5aef9fa705b63f6bbc39c4a5e787de7361eeb18886c2ed2
Removing snapshot sha256:0c46b3b43cce082ce5ec34ffc6c294e0417d17b9d1e6f366d114b6aadc4f96dc
Removing snapshot sha256:0ce761beee59082d6ed5bcebd3a805b8ddd9b3426b617e4809e7fb7c6587ffec
Removing snapshot sha256:0df91287303208332c8ff6ba40ae4710105201739addbfbddfb955f1ad593664
Removing snapshot sha256:1021ef88c7974bfff89c5a0ec4fd3160daac6c48a075f74cff721f85dd104e68
Removing snapshot sha256:10aba4953ddc18145dd38e3704709bc464aa20af60b56fe52caaff4b68411e62
Removing snapshot sha256:2573e0d8158209ed54ab25c87bcdcb00bd3d2539246960a3d592a1c599d70465
Removing snapshot sha256:362a8a37f8bbc31925a8146adcf7cf51f9882f5c1dcbef67c5baa03a297543c0
Removing snapshot sha256:3687a69bccb1e78cd34265be759888d19c5ebce0eb9947f7e2b3d4715a4d9be1
Removing snapshot sha256:3fa4ad33f0ddc8fd45b39b6b4640f82a3a83619606cd975bfe89d8710ad2d4cd
Removing snapshot sha256:43a7c979bbaba6838bc3102d6b10a1459f3ab050b87ccdfef84ef90cf43d3058
Removing snapshot sha256:4ab04491cdf0d3267f08206fe30bd48f49f94b9cab2f016d6739220f722a64af
Removing snapshot sha256:4b6068250e89c96f263060261819c7d912855bfbd64b3eb4c4a8483299b8c295
Removing snapshot sha256:580e69a0a8034ede1921139bbd2bfb72a69ebf276d008281896c32dd8bf74775
Removing snapshot sha256:5d30ba46b27fe37484567ccc5242cadc78217b8da605f3f195ef25cbf7487904
Removing snapshot sha256:63ca1fbb43ae5034640e5e6cb3e083e05c290072c5366fcaa9d62435a4cced85
Removing snapshot sha256:67f702c6baae873bceb19487c8b1f27bd2b86077e4f2f0e480e6d60ab508b8f5
Removing snapshot sha256:6864348dd42806d552efdec384f1274be15e2d0c10ce44c1f04347af004c10a9
Removing snapshot sha256:6c7dee8f2c39b84b7dc2711c01d33de93514d9055499173e9290176fbe484b6c
Removing snapshot sha256:82753493a6d61ded36556292f02f31841a14c20d2f279f19eaad65afb661d5cd
Removing snapshot sha256:879c3a97e1cd0aef3a23c101faa64a8caf99ed84986fe3e1b15f94ed4f2916c8
Removing snapshot sha256:8a10d3db42c505ee0fcfa98417bdd7e39b304f6bcc0a06bb1b220797ff2cc63c
Removing snapshot sha256:a21e5b12dbac529ad45d976eb9ce45c881f3bedcc500fb30aba1e52aa1813418
Removing snapshot sha256:b921e6c28969094157f9b8e7244677780319637afd14450b7cb6b2fdea558a0c
Removing snapshot sha256:bc27ecb5769a00e309cf99ebc763c4a4b958b618d1decc96ffac5bc05f02f5b7
Removing snapshot sha256:be3ccb6627a5332e309d45ef461d09b4879dd870c7394d89323d0ebc6ca6aa8a
Removing snapshot sha256:c261f7cbbc64211ee175ee47273acdb7b1a36a4450b397a064a8f2c026490095
Removing snapshot sha256:c34d9393647eea0c9e3557ab988efaf59f61d10a2a5613b439ef0958cca5ec10
Removing snapshot sha256:ccf3c4a0fa967a41c1c83497a2ce6fa5787965859df0adb32c4ca2cf7490bc2b
Removing snapshot sha256:cf92d33f869417309692088c341cd0f223c178ea78a125f757317b22aa8f90e9
Removing snapshot sha256:d0037344cf2fb078884f1849f6a1f8cf9a33a3b6139b6a85833e5ee528e1f9a8
Removing snapshot sha256:d3b36d5b79273b1e98e7700470eaeff05a882e777124d84cebcc1505b85ecb36
Removing snapshot sha256:d65a44a37914602d12c611e5e22a50f11451d847e63015cc1c2aef92dee777a4
Removing snapshot sha256:e2dc0bae2455930f23ae570e019b7f32edc75c0f2d71cab084db837ff9051796
Removing snapshot sha256:e31519795c7e3df686c447a21ec8d2eb301388a5e39ccf7f20a25c6f6ce3a522
Removing snapshot sha256:e9e86ed11d9bebc0707dd6f1166c51237ebb44f98657241f943261b2675a5449
Removing snapshot sha256:eccbd24a99c60cd9e86ee5305dbfc4a4dc89f5ab4fb1f06c8d64797cecedef34
Removing snapshot sha256:edd1404c718ab99ca3456bdf222065033800bb67d4334a9642746685a24394cd
Removing snapshot sha256:f144bb4c7c7f0d2aa7eeffd36d934ec40db1ee167be727e326aad9fdc616f475

]]></system-out>
  </testcase>
  <system-out><![CDATA[2025-01-30 03:59:24,439 INFO c.h.h.t.HelmChartContainerExtension - Using cached HelmChartContainer instance
2025-01-30 03:59:24,444 INFO c.h.h.t.HelmChartContainerExtension - Creating cached HelmChartContainer instance
2025-01-30 03:59:24,461 INFO o.testcontainers.DockerClientFactory - Testcontainers version: 1.20.4
2025-01-30 03:59:24,880 INFO o.t.d.DockerClientProviderStrategy - Found Docker environment with local Unix socket (unix:///var/run/docker.sock)
2025-01-30 03:59:24,889 INFO o.testcontainers.DockerClientFactory - Docker host IP address is localhost
2025-01-30 03:59:24,905 INFO o.testcontainers.DockerClientFactory - Connected to docker: 
  Server Version: 26.1.3
  API Version: 1.45
  Operating System: Ubuntu 24.04.1 LTS
  Total Memory: 15990 MB
2025-01-30 03:59:24,911 INFO o.testcontainers.images.PullPolicy - Image pull policy will be performed by: DefaultPullPolicy()
2025-01-30 03:59:24,913 INFO o.t.utility.ImageNameSubstitutor - Image name substitution will be performed by: DefaultImageNameSubstitutor (composite of 'ConfigurationFileImageNameSubstitutor' and 'PrefixingImageNameSubstitutor')
2025-01-30 03:59:24,941 INFO tc.testcontainers/ryuk:0.11.0 - Pulling docker image: testcontainers/ryuk:0.11.0. Please be patient; this may take some time but only needs to be done once.
2025-01-30 03:59:25,196 INFO tc.testcontainers/ryuk:0.11.0 - Starting to pull image
2025-01-30 03:59:25,212 INFO tc.testcontainers/ryuk:0.11.0 - Pulling image layers:  0 pending,  0 downloaded,  0 extracted, (0 bytes/0 bytes)
2025-01-30 03:59:25,361 INFO tc.testcontainers/ryuk:0.11.0 - Pulling image layers:  2 pending,  1 downloaded,  0 extracted, (879 KB/? MB)
2025-01-30 03:59:25,397 INFO tc.testcontainers/ryuk:0.11.0 - Pulling image layers:  1 pending,  2 downloaded,  0 extracted, (879 KB/? MB)
2025-01-30 03:59:25,402 INFO tc.testcontainers/ryuk:0.11.0 - Pulling image layers:  0 pending,  3 downloaded,  0 extracted, (906 KB/10 MB)
2025-01-30 03:59:25,494 INFO tc.testcontainers/ryuk:0.11.0 - Pulling image layers:  0 pending,  3 downloaded,  1 extracted, (4 MB/10 MB)
2025-01-30 03:59:25,633 INFO tc.testcontainers/ryuk:0.11.0 - Pulling image layers:  0 pending,  3 downloaded,  2 extracted, (4 MB/10 MB)
2025-01-30 03:59:25,673 INFO tc.testcontainers/ryuk:0.11.0 - Pulling image layers:  0 pending,  3 downloaded,  3 extracted, (10 MB/10 MB)
2025-01-30 03:59:25,680 INFO tc.testcontainers/ryuk:0.11.0 - Image testcontainers/ryuk:0.11.0 pull took PT0.738801958S
2025-01-30 03:59:25,701 INFO tc.testcontainers/ryuk:0.11.0 - Creating container for image: testcontainers/ryuk:0.11.0
2025-01-30 03:59:25,764 INFO tc.testcontainers/ryuk:0.11.0 - Container testcontainers/ryuk:0.11.0 is starting: 6ed54dfc787883c8c2be63b3480abc1ed7c35f4a6baa13c7a9a57e46a4f37505
2025-01-30 03:59:26,017 INFO tc.testcontainers/ryuk:0.11.0 - Container testcontainers/ryuk:0.11.0 started in PT0.315474803S
2025-01-30 03:59:26,020 INFO o.t.utility.RyukResourceReaper - Ryuk started - will monitor and terminate Testcontainers containers on JVM exit
2025-01-30 03:59:26,020 INFO o.testcontainers.DockerClientFactory - Checking the system...
2025-01-30 03:59:26,021 INFO o.testcontainers.DockerClientFactory - ✔︎ Docker server version should be at least 1.6.0
2025-01-30 03:59:26,099 INFO o.t.i.builder.ImageFromDockerfile - Pre-emptively checking local images for 'ubuntu:noble-20241118.1@sha256:80dd3c3b9c6cecb9f1667e9290b3bc61b78c2678c02cbdae5f0fea92cc6734ab', referenced via a Dockerfile. If not available, it will be pulled.
2025-01-30 03:59:26,101 INFO t.u.1@sha256:80dd3c... - Pulling docker image: ubuntu:noble-20241118.1@sha256:80dd3c3b9c6cecb9f1667e9290b3bc61b78c2678c02cbdae5f0fea92cc6734ab. Please be patient; this may take some time but only needs to be done once.
2025-01-30 03:59:26,239 INFO t.u.1@sha256:80dd3c... - Starting to pull image
2025-01-30 03:59:26,239 INFO t.u.1@sha256:80dd3c... - Pulling image layers:  0 pending,  0 downloaded,  0 extracted, (0 bytes/0 bytes)
2025-01-30 03:59:26,526 INFO t.u.1@sha256:80dd3c... - Pulling image layers:  0 pending,  1 downloaded,  0 extracted, (26 MB/28 MB)
2025-01-30 03:59:27,455 INFO t.u.1@sha256:80dd3c... - Pulling image layers:  0 pending,  1 downloaded,  1 extracted, (28 MB/28 MB)
2025-01-30 03:59:27,461 INFO t.u.1@sha256:80dd3c... - Image ubuntu:noble-20241118.1@sha256:80dd3c3b9c6cecb9f1667e9290b3bc61b78c2678c02cbdae5f0fea92cc6734ab pull took PT1.359791348S
2025-01-30 03:59:27,461 INFO t.u.1@sha256:80dd3c... - Pull complete. 1 layers, pulled in 1s (downloaded 28 MB at 28 MB/s)
2025-01-30 03:59:27,463 INFO o.t.i.builder.ImageFromDockerfile - Pre-emptively checking local images for 'rancher/k3s:v1.32.1-k3s1', referenced via a Dockerfile. If not available, it will be pulled.
2025-01-30 03:59:27,465 INFO tc.rancher/k3s:v1.32.1-k3s1 - Pulling docker image: rancher/k3s:v1.32.1-k3s1. Please be patient; this may take some time but only needs to be done once.
2025-01-30 03:59:27,711 INFO tc.rancher/k3s:v1.32.1-k3s1 - Starting to pull image
2025-01-30 03:59:27,712 INFO tc.rancher/k3s:v1.32.1-k3s1 - Pulling image layers:  0 pending,  0 downloaded,  0 extracted, (0 bytes/0 bytes)
2025-01-30 03:59:28,484 INFO tc.rancher/k3s:v1.32.1-k3s1 - Pulling image layers:  0 pending,  1 downloaded,  0 extracted, (63 MB/71 MB)
2025-01-30 03:59:29,532 INFO tc.rancher/k3s:v1.32.1-k3s1 - Pulling image layers:  0 pending,  1 downloaded,  1 extracted, (71 MB/71 MB)
2025-01-30 03:59:29,539 INFO tc.rancher/k3s:v1.32.1-k3s1 - Image rancher/k3s:v1.32.1-k3s1 pull took PT2.073990041S
2025-01-30 03:59:29,539 INFO tc.rancher/k3s:v1.32.1-k3s1 - Pull complete. 1 layers, pulled in 1s (downloaded 71 MB at 71 MB/s)
2025-01-30 03:59:29,545 INFO o.t.i.builder.ImageFromDockerfile - Transferred 0 bytes to Docker daemon
2025-01-30 03:59:43,019 INFO c.h.h.t.HelmChartContainer - Starting HelmChartContainer...
2025-01-30 03:59:43,022 INFO t.localhost/testcontainers/zpb7nwamneh3fgbn:latest - Creating container for image: localhost/testcontainers/zpb7nwamneh3fgbn:latest
2025-01-30 03:59:43,091 INFO tc.alpine:3.17 - Pulling docker image: alpine:3.17. Please be patient; this may take some time but only needs to be done once.
2025-01-30 03:59:43,317 INFO tc.alpine:3.17 - Starting to pull image
2025-01-30 03:59:43,318 INFO tc.alpine:3.17 - Pulling image layers:  0 pending,  0 downloaded,  0 extracted, (0 bytes/0 bytes)
2025-01-30 03:59:43,590 INFO tc.alpine:3.17 - Pulling image layers:  1 pending,  0 downloaded,  1 extracted, (3 MB/? MB)
2025-01-30 03:59:43,597 INFO tc.alpine:3.17 - Image alpine:3.17 pull took PT0.505713614S
2025-01-30 03:59:44,129 INFO t.localhost/testcontainers/zpb7nwamneh3fgbn:latest - Container localhost/testcontainers/zpb7nwamneh3fgbn:latest is starting: bb975d1fd0a5c84f55a1a6d7a189a6209b24856ea252013e57a71607f72e8a1d
2025-01-30 03:59:44,485 INFO c.h.h.t.HelmChartContainer - [K3S] [INFO] Starting k3s v1.32.1+k3s1 (6a322f12)
2025-01-30 03:59:44,488 INFO c.h.h.t.HelmChartContainer - [K3S] [INFO] Configuring sqlite3 database connection pooling: maxIdleConns=2, maxOpenConns=0, connMaxLifetime=0s
2025-01-30 03:59:44,488 INFO c.h.h.t.HelmChartContainer - [K3S] [INFO] Configuring database table schema and indexes, this may take a moment...
2025-01-30 03:59:44,491 INFO c.h.h.t.HelmChartContainer - [K3S] [INFO] Database tables and indexes are up to date
2025-01-30 03:59:44,494 INFO c.h.h.t.HelmChartContainer - [K3S] [INFO] Kine available at unix://kine.sock
2025-01-30 03:59:44,627 INFO c.h.h.t.HelmChartContainer - [K3S] [INFO] Saving cluster bootstrap data to datastore
2025-01-30 03:59:44,628 INFO c.h.h.t.HelmChartContainer - [K3S] [WARNING] dynamiclistener [::]:6443: no cached certificate available for preload - deferring certificate load until storage initialization or first client request
2025-01-30 03:59:44,629 INFO c.h.h.t.HelmChartContainer - [K3S] [INFO] Active TLS secret / (ver=) (count 10): map[listener.cattle.io/cn-10.43.0.1:10.43.0.1 listener.cattle.io/cn-127.0.0.1:127.0.0.1 listener.cattle.io/cn-172.18.0.2:172.18.0.2 listener.cattle.io/cn-__1-f16284:::1 listener.cattle.io/cn-bb975d1fd0a5:bb975d1fd0a5 listener.cattle.io/cn-kubernetes:kubernetes listener.cattle.io/cn-kubernetes.default:kubernetes.default listener.cattle.io/cn-kubernetes.default.svc:kubernetes.default.svc listener.cattle.io/cn-kubernetes.default.svc.cluster.local:kubernetes.default.svc.cluster.local listener.cattle.io/cn-localhost:localhost listener.cattle.io/fingerprint:SHA1=CED2FA05170F7B7C85B5DA600FB9E1E73220FCF8]
2025-01-30 03:59:44,791 INFO c.h.h.t.HelmChartContainer - [K3S] [INFO] Running kube-apiserver --advertise-port=6443 --allow-privileged=true --anonymous-auth=false --api-audiences=https://kubernetes.default.svc.cluster.local,k3s --authorization-mode=Node,RBAC --bind-address=127.0.0.1 --cert-dir=/var/lib/rancher/k3s/server/tls/temporary-certs --client-ca-file=/var/lib/rancher/k3s/server/tls/client-ca.crt --egress-selector-config-file=/var/lib/rancher/k3s/server/etc/egress-selector-config.yaml --enable-admission-plugins=NodeRestriction --enable-aggregator-routing=true --enable-bootstrap-token-auth=true --etcd-compaction-interval=0s --etcd-servers=unix://kine.sock --kubelet-certificate-authority=/var/lib/rancher/k3s/server/tls/server-ca.crt --kubelet-client-certificate=/var/lib/rancher/k3s/server/tls/client-kube-apiserver.crt --kubelet-client-key=/var/lib/rancher/k3s/server/tls/client-kube-apiserver.key --kubelet-preferred-address-types=InternalIP,ExternalIP,Hostname --profiling=false --proxy-client-cert-file=/var/lib/rancher/k3s/server/tls/client-auth-proxy.crt --proxy-client-key-file=/var/lib/rancher/k3s/server/tls/client-auth-proxy.key --requestheader-allowed-names=system:auth-proxy --requestheader-client-ca-file=/var/lib/rancher/k3s/server/tls/request-header-ca.crt --requestheader-extra-headers-prefix=X-Remote-Extra- --requestheader-group-headers=X-Remote-Group --requestheader-username-headers=X-Remote-User --secure-port=6444 --service-account-issuer=https://kubernetes.default.svc.cluster.local --service-account-key-file=/var/lib/rancher/k3s/server/tls/service.key --service-account-signing-key-file=/var/lib/rancher/k3s/server/tls/service.current.key --service-cluster-ip-range=10.43.0.0/16 --service-node-port-range=30000-32767 --storage-backend=etcd3 --tls-cert-file=/var/lib/rancher/k3s/server/tls/serving-kube-apiserver.crt --tls-cipher-suites=TLS_ECDHE_ECDSA_WITH_AES_256_GCM_SHA384,TLS_ECDHE_RSA_WITH_AES_256_GCM_SHA384,TLS_ECDHE_ECDSA_WITH_AES_128_GCM_SHA256,TLS_ECDHE_RSA_WITH_AES_128_GCM_SHA256,TLS_ECDHE_ECDSA_WITH_CHACHA20_POLY1305,TLS_ECDHE_RSA_WITH_CHACHA20_POLY1305 --tls-private-key-file=/var/lib/rancher/k3s/server/tls/serving-kube-apiserver.key
2025-01-30 03:59:44,793 INFO c.h.h.t.HelmChartContainer - [K3S] [INFO] Running kube-scheduler --authentication-kubeconfig=/var/lib/rancher/k3s/server/cred/scheduler.kubeconfig --authorization-kubeconfig=/var/lib/rancher/k3s/server/cred/scheduler.kubeconfig --bind-address=127.0.0.1 --kubeconfig=/var/lib/rancher/k3s/server/cred/scheduler.kubeconfig --leader-elect=false --profiling=false --secure-port=10259
2025-01-30 03:59:44,793 INFO c.h.h.t.HelmChartContainer - [K3S] [registry.go:256] calling componentGlobalsRegistry.AddFlags more than once, the registry will be set by the latest flags
2025-01-30 03:59:44,793 INFO c.h.h.t.HelmChartContainer - [K3S] [INFO] Waiting for API server to become available
2025-01-30 03:59:44,795 INFO c.h.h.t.HelmChartContainer - [K3S] [INFO] Running kube-controller-manager --allocate-node-cidrs=true --authentication-kubeconfig=/var/lib/rancher/k3s/server/cred/controller.kubeconfig --authorization-kubeconfig=/var/lib/rancher/k3s/server/cred/controller.kubeconfig --bind-address=127.0.0.1 --cluster-cidr=10.42.0.0/16 --cluster-signing-kube-apiserver-client-cert-file=/var/lib/rancher/k3s/server/tls/client-ca.nochain.crt --cluster-signing-kube-apiserver-client-key-file=/var/lib/rancher/k3s/server/tls/client-ca.key --cluster-signing-kubelet-client-cert-file=/var/lib/rancher/k3s/server/tls/client-ca.nochain.crt --cluster-signing-kubelet-client-key-file=/var/lib/rancher/k3s/server/tls/client-ca.key --cluster-signing-kubelet-serving-cert-file=/var/lib/rancher/k3s/server/tls/server-ca.nochain.crt --cluster-signing-kubelet-serving-key-file=/var/lib/rancher/k3s/server/tls/server-ca.key --cluster-signing-legacy-unknown-cert-file=/var/lib/rancher/k3s/server/tls/server-ca.nochain.crt --cluster-signing-legacy-unknown-key-file=/var/lib/rancher/k3s/server/tls/server-ca.key --configure-cloud-routes=false --controllers=*,tokencleaner,-service,-route,-cloud-node-lifecycle --kubeconfig=/var/lib/rancher/k3s/server/cred/controller.kubeconfig --leader-elect=false --profiling=false --root-ca-file=/var/lib/rancher/k3s/server/tls/server-ca.crt --secure-port=10257 --service-account-private-key-file=/var/lib/rancher/k3s/server/tls/service.current.key --service-cluster-ip-range=10.43.0.0/16 --use-service-account-credentials=true
2025-01-30 03:59:44,796 INFO c.h.h.t.HelmChartContainer - [K3S] [registry.go:256] calling componentGlobalsRegistry.AddFlags more than once, the registry will be set by the latest flags
2025-01-30 03:59:44,797 INFO c.h.h.t.HelmChartContainer - [K3S] [options.go:299] unable to set WatchListClient feature gate, err: cannot override default for feature "WatchListClient": gates already added to a flag set
2025-01-30 03:59:44,797 INFO c.h.h.t.HelmChartContainer - [K3S] [registry.go:256] calling componentGlobalsRegistry.AddFlags more than once, the registry will be set by the latest flags
2025-01-30 03:59:44,797 INFO c.h.h.t.HelmChartContainer - [K3S] [INFO] Running cloud-controller-manager --allocate-node-cidrs=true --authentication-kubeconfig=/var/lib/rancher/k3s/server/cred/cloud-controller.kubeconfig --authorization-kubeconfig=/var/lib/rancher/k3s/server/cred/cloud-controller.kubeconfig --bind-address=127.0.0.1 --cloud-config=/var/lib/rancher/k3s/server/etc/cloud-config.yaml --cloud-provider=k3s --cluster-cidr=10.42.0.0/16 --configure-cloud-routes=false --controllers=*,-route --kubeconfig=/var/lib/rancher/k3s/server/cred/cloud-controller.kubeconfig --leader-elect=false --leader-elect-resource-name=k3s-cloud-controller-manager --node-status-update-frequency=1m0s --profiling=false
2025-01-30 03:59:44,798 INFO c.h.h.t.HelmChartContainer - [K3S] [INFO] Server node token is available at /var/lib/rancher/k3s/server/token
2025-01-30 03:59:44,799 INFO c.h.h.t.HelmChartContainer - [K3S] [INFO] To join server node to cluster: k3s server -s https://172.18.0.2:6443 -t ${SERVER_NODE_TOKEN}
2025-01-30 03:59:44,799 INFO c.h.h.t.HelmChartContainer - [K3S] [options.go:238] external host was not specified, using 172.18.0.2
2025-01-30 03:59:44,799 INFO c.h.h.t.HelmChartContainer - [K3S] [INFO] Agent node token is available at /var/lib/rancher/k3s/server/agent-token
2025-01-30 03:59:44,800 INFO c.h.h.t.HelmChartContainer - [K3S] [INFO] To join agent node to cluster: k3s agent -s https://172.18.0.2:6443 -t ${AGENT_NODE_TOKEN}
2025-01-30 03:59:44,800 INFO c.h.h.t.HelmChartContainer - [K3S] [server.go:151] Version: v1.32.1+k3s1
2025-01-30 03:59:44,800 INFO c.h.h.t.HelmChartContainer - [K3S] [server.go:153] "Golang settings" GOGC="" GOMAXPROCS="" GOTRACEBACK=""
2025-01-30 03:59:44,800 INFO c.h.h.t.HelmChartContainer - [K3S] [INFO] Wrote kubeconfig /etc/rancher/k3s/k3s.yaml
2025-01-30 03:59:44,800 INFO c.h.h.t.HelmChartContainer - [K3S] [INFO] Run: k3s kubectl
2025-01-30 03:59:45,202 INFO c.h.h.t.HelmChartContainer - [K3S] [plugins.go:157] Loaded 13 mutating admission controller(s) successfully in the following order: NamespaceLifecycle,LimitRanger,ServiceAccount,NodeRestriction,TaintNodesByCondition,Priority,DefaultTolerationSeconds,DefaultStorageClass,StorageObjectInUseProtection,RuntimeClass,DefaultIngressClass,MutatingAdmissionPolicy,MutatingAdmissionWebhook.
2025-01-30 03:59:45,203 INFO c.h.h.t.HelmChartContainer - [K3S] [plugins.go:160] Loaded 13 validating admission controller(s) successfully in the following order: LimitRanger,ServiceAccount,PodSecurity,Priority,PersistentVolumeClaimResize,RuntimeClass,CertificateApproval,CertificateSigning,ClusterTrustBundleAttest,CertificateSubjectRestriction,ValidatingAdmissionPolicy,ValidatingAdmissionWebhook,ResourceQuota.
2025-01-30 03:59:45,203 INFO c.h.h.t.HelmChartContainer - [K3S] [instance.go:233] Using reconciler: lease
2025-01-30 03:59:45,270 INFO c.h.h.t.HelmChartContainer - [K3S] [apis.go:106] API group "internal.apiserver.k8s.io" is not enabled, skipping.
2025-01-30 03:59:45,321 INFO c.h.h.t.HelmChartContainer - [K3S] [apis.go:106] API group "storagemigration.k8s.io" is not enabled, skipping.
2025-01-30 03:59:45,351 INFO c.h.h.t.HelmChartContainer - [K3S] [apis.go:106] API group "resource.k8s.io" is not enabled, skipping.
2025-01-30 03:59:45,391 INFO c.h.h.t.HelmChartContainer - [K3S] [INFO] Password verified locally for node bb975d1fd0a5
2025-01-30 03:59:45,685 INFO c.h.h.t.HelmChartContainer - [K3S] [dynamic_cafile_content.go:161] "Starting controller" name="client-ca-bundle::/var/lib/rancher/k3s/server/tls/client-ca.crt"
2025-01-30 03:59:45,689 INFO c.h.h.t.HelmChartContainer - [K3S] [dynamic_cafile_content.go:161] "Starting controller" name="request-header::/var/lib/rancher/k3s/server/tls/request-header-ca.crt"
2025-01-30 03:59:45,690 INFO c.h.h.t.HelmChartContainer - [K3S] [dynamic_serving_content.go:135] "Starting controller" name="serving-cert::/var/lib/rancher/k3s/server/tls/serving-kube-apiserver.crt::/var/lib/rancher/k3s/server/tls/serving-kube-apiserver.key"
2025-01-30 03:59:45,690 INFO c.h.h.t.HelmChartContainer - [K3S] [secure_serving.go:213] Serving securely on 127.0.0.1:6444
2025-01-30 03:59:45,690 INFO c.h.h.t.HelmChartContainer - [K3S] [tlsconfig.go:243] "Starting DynamicServingCertificateController"
2025-01-30 03:59:45,690 INFO c.h.h.t.HelmChartContainer - [K3S] [dynamic_serving_content.go:135] "Starting controller" name="aggregator-proxy-cert::/var/lib/rancher/k3s/server/tls/client-auth-proxy.crt::/var/lib/rancher/k3s/server/tls/client-auth-proxy.key"
2025-01-30 03:59:45,690 INFO c.h.h.t.HelmChartContainer - [K3S] [cluster_authentication_trust_controller.go:462] Starting cluster_authentication_trust_controller controller
2025-01-30 03:59:45,690 INFO c.h.h.t.HelmChartContainer - [K3S] [dynamic_cafile_content.go:161] "Starting controller" name="client-ca-bundle::/var/lib/rancher/k3s/server/tls/client-ca.crt"
2025-01-30 03:59:45,690 INFO c.h.h.t.HelmChartContainer - [K3S] [dynamic_cafile_content.go:161] "Starting controller" name="request-header::/var/lib/rancher/k3s/server/tls/request-header-ca.crt"
2025-01-30 03:59:45,691 INFO c.h.h.t.HelmChartContainer - [K3S] [local_available_controller.go:156] Starting LocalAvailability controller
2025-01-30 03:59:45,691 INFO c.h.h.t.HelmChartContainer - [K3S] [controller.go:80] Starting OpenAPI V3 AggregationController
2025-01-30 03:59:45,691 INFO c.h.h.t.HelmChartContainer - [K3S] [system_namespaces_controller.go:66] Starting system namespaces controller
2025-01-30 03:59:45,691 INFO c.h.h.t.HelmChartContainer - [K3S] [apiservice_controller.go:100] Starting APIServiceRegistrationController
2025-01-30 03:59:45,691 INFO c.h.h.t.HelmChartContainer - [K3S] [aggregator.go:169] waiting for initial CRD sync...
2025-01-30 03:59:45,691 INFO c.h.h.t.HelmChartContainer - [K3S] [apf_controller.go:377] Starting API Priority and Fairness config controller
2025-01-30 03:59:45,691 INFO c.h.h.t.HelmChartContainer - [K3S] [gc_controller.go:78] Starting apiserver lease garbage collector
2025-01-30 03:59:45,691 INFO c.h.h.t.HelmChartContainer - [K3S] [remote_available_controller.go:411] Starting RemoteAvailability controller
2025-01-30 03:59:45,692 INFO c.h.h.t.HelmChartContainer - [K3S] [controller.go:78] Starting OpenAPI AggregationController
2025-01-30 03:59:45,692 INFO c.h.h.t.HelmChartContainer - [K3S] [customresource_discovery_controller.go:292] Starting DiscoveryController
2025-01-30 03:59:45,692 INFO c.h.h.t.HelmChartContainer - [K3S] [controller.go:119] Starting legacy_token_tracking_controller
2025-01-30 03:59:45,692 INFO c.h.h.t.HelmChartContainer - [K3S] [crdregistration_controller.go:114] Starting crd-autoregister controller
2025-01-30 03:59:45,692 INFO c.h.h.t.HelmChartContainer - [K3S] [controller.go:142] Starting OpenAPI controller
2025-01-30 03:59:45,692 INFO c.h.h.t.HelmChartContainer - [K3S] [controller.go:90] Starting OpenAPI V3 controller
2025-01-30 03:59:45,692 INFO c.h.h.t.HelmChartContainer - [K3S] [naming_controller.go:294] Starting NamingConditionController
2025-01-30 03:59:45,692 INFO c.h.h.t.HelmChartContainer - [K3S] [establishing_controller.go:81] Starting EstablishingController
2025-01-30 03:59:45,693 INFO c.h.h.t.HelmChartContainer - [K3S] [nonstructuralschema_controller.go:195] Starting NonStructuralSchemaConditionController
2025-01-30 03:59:45,695 INFO c.h.h.t.HelmChartContainer - [K3S] [apiapproval_controller.go:189] Starting KubernetesAPIApprovalPolicyConformantConditionController
2025-01-30 03:59:45,696 INFO c.h.h.t.HelmChartContainer - [K3S] [crd_finalizer.go:269] Starting CRDFinalizer
2025-01-30 03:59:45,783 INFO c.h.h.t.HelmChartContainer - [K3S] [controller.go:145] "Failed to ensure lease exists, will retry" err="namespaces \"kube-system\" not found" interval="200ms"
2025-01-30 03:59:45,788 INFO c.h.h.t.HelmChartContainer - [K3S] [handler_discovery.go:451] Starting ResourceDiscoveryManager
2025-01-30 03:59:45,788 INFO c.h.h.t.HelmChartContainer - [K3S] [apf_controller.go:382] Running API Priority and Fairness config worker
2025-01-30 03:59:45,788 INFO c.h.h.t.HelmChartContainer - [K3S] [apf_controller.go:385] Running API Priority and Fairness periodic rebalancing process
2025-01-30 03:59:45,791 INFO c.h.h.t.HelmChartContainer - [K3S] [aggregator.go:171] initial CRD sync complete...
2025-01-30 03:59:45,791 INFO c.h.h.t.HelmChartContainer - [K3S] [autoregister_controller.go:144] Starting autoregister controller
2025-01-30 03:59:45,798 INFO c.h.h.t.HelmChartContainer - [K3S] [policy_source.go:240] refreshing policies
2025-01-30 03:59:45,840 INFO c.h.h.t.HelmChartContainer - [K3S] [controller.go:95] Unable to perform initial Kubernetes service initialization: namespaces "default" not found
2025-01-30 03:59:45,841 INFO c.h.h.t.HelmChartContainer - [K3S] [controller.go:148] "Unhandled Error" err="while syncing ConfigMap \"kube-system/kube-apiserver-legacy-service-account-token-tracking\", err: namespaces \"kube-system\" not found" logger="UnhandledError"
2025-01-30 03:59:45,953 INFO c.h.h.t.HelmChartContainer - [K3S] [WARNING] Host resolv.conf includes loopback or multicast nameservers - kubelet will use autogenerated resolv.conf with nameserver 8.8.8.8
2025-01-30 03:59:45,963 INFO c.h.h.t.HelmChartContainer - [K3S] [INFO] Module overlay was already loaded
2025-01-30 03:59:45,963 INFO c.h.h.t.HelmChartContainer - [K3S] [INFO] Module nf_conntrack was already loaded
2025-01-30 03:59:45,963 INFO c.h.h.t.HelmChartContainer - [K3S] [INFO] Module br_netfilter was already loaded
2025-01-30 03:59:45,968 INFO c.h.h.t.HelmChartContainer - [K3S] [INFO] Set sysctl 'net/netfilter/nf_conntrack_tcp_timeout_close_wait' to 3600
2025-01-30 03:59:45,969 INFO c.h.h.t.HelmChartContainer - [K3S] [INFO] Set sysctl 'net/netfilter/nf_conntrack_max' to 131072
2025-01-30 03:59:45,969 INFO c.h.h.t.HelmChartContainer - [K3S] [INFO] Set sysctl 'net/netfilter/nf_conntrack_tcp_timeout_established' to 86400
2025-01-30 03:59:45,970 INFO c.h.h.t.HelmChartContainer - [K3S] [INFO] Logging containerd to /var/lib/rancher/k3s/agent/containerd/containerd.log
2025-01-30 03:59:45,971 INFO c.h.h.t.HelmChartContainer - [K3S] [INFO] Running containerd -c /var/lib/rancher/k3s/agent/etc/containerd/config.toml -a /run/k3s/containerd/containerd.sock --state /run/k3s/containerd --root /var/lib/rancher/k3s/agent/containerd
2025-01-30 03:59:46,690 INFO c.h.h.t.HelmChartContainer - [K3S] [storage_scheduling.go:95] created PriorityClass system-node-critical with value 2000001000
2025-01-30 03:59:46,693 INFO c.h.h.t.HelmChartContainer - [K3S] [storage_scheduling.go:95] created PriorityClass system-cluster-critical with value 2000000000
2025-01-30 03:59:46,693 INFO c.h.h.t.HelmChartContainer - [K3S] [storage_scheduling.go:111] all system priority classes are created successfully or already exist.
2025-01-30 03:59:46,974 INFO c.h.h.t.HelmChartContainer - [K3S] [INFO] containerd is now running
2025-01-30 03:59:46,978 INFO c.h.h.t.HelmChartContainer - [K3S] [INFO] Connecting to proxy" url="wss://127.0.0.1:6443/v1-k3s/connect
2025-01-30 03:59:46,978 INFO c.h.h.t.HelmChartContainer - [K3S] [INFO] Creating k3s-cert-monitor event broadcaster
2025-01-30 03:59:46,982 INFO c.h.h.t.HelmChartContainer - [K3S] [INFO] Running kubelet --cloud-provider=external --config-dir=/var/lib/rancher/k3s/agent/etc/kubelet.conf.d --containerd=/run/k3s/containerd/containerd.sock --hostname-override=bb975d1fd0a5 --kubeconfig=/var/lib/rancher/k3s/agent/kubelet.kubeconfig --node-ip=172.18.0.2 --node-labels=
2025-01-30 03:59:46,982 INFO c.h.h.t.HelmChartContainer - [K3S] [INFO] Handling backend connection request [bb975d1fd0a5]
2025-01-30 03:59:46,982 INFO c.h.h.t.HelmChartContainer - [K3S] [INFO] Remotedialer connected to proxy" url="wss://127.0.0.1:6443/v1-k3s/connect
2025-01-30 03:59:47,075 INFO c.h.h.t.HelmChartContainer - [K3S] [ERROR] Sending HTTP/1.1 503 response to 127.0.0.1:34364: runtime core not ready
2025-01-30 03:59:47,147 INFO c.h.h.t.HelmChartContainer - [K3S] [alloc.go:330] "allocated clusterIPs" service="default/kubernetes" clusterIPs={"IPv4":"10.43.0.1"}
2025-01-30 03:59:47,151 INFO c.h.h.t.HelmChartContainer - [K3S] [lease.go:265] Resetting endpoints for master service "kubernetes" to [172.18.0.2]
2025-01-30 03:59:47,175 INFO c.h.h.t.HelmChartContainer - [K3S] [INFO] Running kube-proxy --cluster-cidr=10.42.0.0/16 --conntrack-max-per-core=0 --conntrack-tcp-timeout-close-wait=0s --conntrack-tcp-timeout-established=0s --healthz-bind-address=127.0.0.1 --hostname-override=bb975d1fd0a5 --kubeconfig=/var/lib/rancher/k3s/agent/kubeproxy.kubeconfig --proxy-mode=iptables
2025-01-30 03:59:47,215 INFO c.h.h.t.HelmChartContainer - [K3S] [server.go:687] "Failed to retrieve node info" err="nodes \"bb975d1fd0a5\" not found"
2025-01-30 03:59:47,796 INFO c.h.h.t.HelmChartContainer - [K3S] [INFO] Waiting for untainted node
2025-01-30 03:59:47,798 INFO c.h.h.t.HelmChartContainer - [K3S] [INFO] Kube API server is now running
2025-01-30 03:59:47,799 INFO c.h.h.t.HelmChartContainer - [K3S] [INFO] ETCD server is now running
2025-01-30 03:59:47,799 INFO c.h.h.t.HelmChartContainer - [K3S] [INFO] k3s is up and running
2025-01-30 03:59:47,799 INFO c.h.h.t.HelmChartContainer - [K3S] [INFO] Waiting for cloud-controller-manager privileges to become available
2025-01-30 03:59:47,799 INFO c.h.h.t.HelmChartContainer - [K3S] [INFO] Creating k3s-supervisor event broadcaster
2025-01-30 03:59:47,804 INFO c.h.h.t.HelmChartContainer - [K3S] [INFO] Applying CRD addons.k3s.cattle.io
2025-01-30 03:59:47,813 INFO c.h.h.t.HelmChartContainer - [K3S] [INFO] Applying CRD etcdsnapshotfiles.k3s.cattle.io
2025-01-30 03:59:47,823 INFO c.h.h.t.HelmChartContainer - [K3S] [INFO] Applying CRD helmcharts.helm.cattle.io
2025-01-30 03:59:47,834 INFO c.h.h.t.HelmChartContainer - [K3S] [INFO] Applying CRD helmchartconfigs.helm.cattle.io
2025-01-30 03:59:47,847 INFO c.h.h.t.HelmChartContainer - [K3S] [INFO] Waiting for CRD helmchartconfigs.helm.cattle.io to become available
2025-01-30 03:59:47,988 INFO c.h.h.t.HelmChartContainer - [K3S] Flag --containerd has been deprecated, This is a cadvisor flag that was mistakenly registered with the Kubelet. Due to legacy concerns, it will follow the standard CLI deprecation timeline before being removed.
2025-01-30 03:59:47,991 INFO c.h.h.t.HelmChartContainer - [K3S] [server.go:515] "Kubelet version" kubeletVersion="v1.32.1+k3s1"
2025-01-30 03:59:47,991 INFO c.h.h.t.HelmChartContainer - [K3S] [server.go:517] "Golang settings" GOGC="" GOMAXPROCS="" GOTRACEBACK=""
2025-01-30 03:59:47,993 INFO c.h.h.t.HelmChartContainer - [K3S] [dynamic_cafile_content.go:161] "Starting controller" name="client-ca-bundle::/var/lib/rancher/k3s/agent/client-ca.crt"
2025-01-30 03:59:47,995 INFO c.h.h.t.HelmChartContainer - [K3S] [log.go:32] "RuntimeConfig from runtime service failed" err="rpc error: code = Unimplemented desc = method RuntimeConfig not implemented"
2025-01-30 03:59:47,995 INFO c.h.h.t.HelmChartContainer - [K3S] [server.go:1416] "CRI implementation should be updated to support RuntimeConfig when KubeletCgroupDriverFromCRI feature gate has been enabled. Falling back to using cgroupDriver from kubelet config."
2025-01-30 03:59:47,998 INFO c.h.h.t.HelmChartContainer - [K3S] [info.go:53] Couldn't collect info from any of the files in "/etc/machine-id,/var/lib/dbus/machine-id"
2025-01-30 03:59:47,999 INFO c.h.h.t.HelmChartContainer - [K3S] [server.go:767] "--cgroups-per-qos enabled, but --cgroup-root was not specified.  defaulting to /"
2025-01-30 03:59:47,999 INFO c.h.h.t.HelmChartContainer - [K3S] [server.go:836] "NoSwap is set due to memorySwapBehavior not specified" memorySwapBehavior="" FailSwapOn=false
2025-01-30 03:59:47,999 INFO c.h.h.t.HelmChartContainer - [K3S] [swap_util.go:115] "Swap is on" /proc/swaps contents=<
2025-01-30 03:59:47,999 INFO c.h.h.t.HelmChartContainer - [K3S] 	Filename				Type		Size		Used		Priority
2025-01-30 03:59:47,999 INFO c.h.h.t.HelmChartContainer - [K3S] 	/mnt/swapfile                           file		4194300		0		-2
2025-01-30 03:59:47,999 INFO c.h.h.t.HelmChartContainer - [K3S]  >
2025-01-30 03:59:47,999 INFO c.h.h.t.HelmChartContainer - [K3S] [container_manager_linux.go:268] "Container manager verified user specified cgroup-root exists" cgroupRoot=[]
2025-01-30 03:59:48,000 INFO c.h.h.t.HelmChartContainer - [K3S] [container_manager_linux.go:273] "Creating Container Manager object based on Node Config" nodeConfig={"NodeName":"bb975d1fd0a5","RuntimeCgroupsName":"","SystemCgroupsName":"","KubeletCgroupsName":"/k3s","KubeletOOMScoreAdj":-999,"ContainerRuntime":"","CgroupsPerQOS":true,"CgroupRoot":"/","CgroupDriver":"cgroupfs","KubeletRootDir":"/var/lib/kubelet","ProtectKernelDefaults":false,"KubeReservedCgroupName":"","SystemReservedCgroupName":"","ReservedSystemCPUs":{},"EnforceNodeAllocatable":{"pods":{}},"KubeReserved":null,"SystemReserved":null,"HardEvictionThresholds":[{"Signal":"imagefs.available","Operator":"LessThan","Value":{"Quantity":null,"Percentage":0.05},"GracePeriod":0,"MinReclaim":null},{"Signal":"nodefs.available","Operator":"LessThan","Value":{"Quantity":null,"Percentage":0.05},"GracePeriod":0,"MinReclaim":null}],"QOSReserved":{},"CPUManagerPolicy":"none","CPUManagerPolicyOptions":null,"TopologyManagerScope":"container","CPUManagerReconcilePeriod":10000000000,"ExperimentalMemoryManagerPolicy":"None","ExperimentalMemoryManagerReservedMemory":null,"PodPidsLimit":-1,"EnforceCPULimits":true,"CPUCFSQuotaPeriod":100000000,"TopologyManagerPolicy":"none","TopologyManagerPolicyOptions":null,"CgroupVersion":2}
2025-01-30 03:59:48,002 INFO c.h.h.t.HelmChartContainer - [K3S] [topology_manager.go:138] "Creating topology manager with none policy"
2025-01-30 03:59:48,002 INFO c.h.h.t.HelmChartContainer - [K3S] [container_manager_linux.go:304] "Creating device plugin manager"
2025-01-30 03:59:48,002 INFO c.h.h.t.HelmChartContainer - [K3S] [state_mem.go:36] "Initialized new in-memory state store"
2025-01-30 03:59:48,002 INFO c.h.h.t.HelmChartContainer - [K3S] [kubelet.go:446] "Attempting to sync node with API server"
2025-01-30 03:59:48,002 INFO c.h.h.t.HelmChartContainer - [K3S] [kubelet.go:341] "Adding static pod path" path="/var/lib/rancher/k3s/agent/pod-manifests"
2025-01-30 03:59:48,002 INFO c.h.h.t.HelmChartContainer - [K3S] [kubelet.go:352] "Adding apiserver pod source"
2025-01-30 03:59:48,003 INFO c.h.h.t.HelmChartContainer - [K3S] [apiserver.go:42] "Waiting for node sync before watching apiserver pods"
2025-01-30 03:59:48,003 INFO c.h.h.t.HelmChartContainer - [K3S] [kuberuntime_manager.go:269] "Container runtime initialized" containerRuntime="containerd" version="v1.7.23-k3s2" apiVersion="v1"
2025-01-30 03:59:48,003 INFO c.h.h.t.HelmChartContainer - [K3S] [kubelet.go:890] "Not starting ClusterTrustBundle informer because we are in static kubelet mode"
2025-01-30 03:59:48,004 INFO c.h.h.t.HelmChartContainer - [K3S] [probe.go:272] Flexvolume plugin directory at /usr/libexec/kubernetes/kubelet-plugins/volume/exec/ does not exist. Recreating.
2025-01-30 03:59:48,004 INFO c.h.h.t.HelmChartContainer - [K3S] [watchdog_linux.go:99] "Systemd watchdog is not enabled"
2025-01-30 03:59:48,004 INFO c.h.h.t.HelmChartContainer - [K3S] [server.go:1282] "Started kubelet"
2025-01-30 03:59:48,004 INFO c.h.h.t.HelmChartContainer - [K3S] [fs_resource_analyzer.go:67] "Starting FS ResourceAnalyzer"
2025-01-30 03:59:48,005 INFO c.h.h.t.HelmChartContainer - [K3S] [dynamic_serving_content.go:135] "Starting controller" name="kubelet-server-cert-files::/var/lib/rancher/k3s/agent/serving-kubelet.crt::/var/lib/rancher/k3s/agent/serving-kubelet.key"
2025-01-30 03:59:48,006 INFO c.h.h.t.HelmChartContainer - [K3S] [server.go:169] "Starting to listen" address="0.0.0.0" port=10250
2025-01-30 03:59:48,007 INFO c.h.h.t.HelmChartContainer - [K3S] [server.go:490] "Adding debug handlers to kubelet server"
2025-01-30 03:59:48,008 INFO c.h.h.t.HelmChartContainer - [K3S] [server.go:208] "Starting to listen read-only" address="0.0.0.0" port=10255
2025-01-30 03:59:48,010 INFO c.h.h.t.HelmChartContainer - [K3S] [ratelimit.go:55] "Setting rate limiting for endpoint" service="podresources" qps=100 burstTokens=10
2025-01-30 03:59:48,010 INFO c.h.h.t.HelmChartContainer - [K3S] [server.go:243] "Starting to serve the podresources API" endpoint="unix:/var/lib/kubelet/pod-resources/kubelet.sock"
2025-01-30 03:59:48,011 INFO c.h.h.t.HelmChartContainer - [K3S] [kubelet.go:1561] "Image garbage collection failed once. Stats initialization may not have completed yet" err="invalid capacity 0 on image filesystem"
2025-01-30 03:59:48,013 INFO c.h.h.t.HelmChartContainer - [K3S] [volume_manager.go:297] "Starting Kubelet Volume Manager"
2025-01-30 03:59:48,016 INFO c.h.h.t.HelmChartContainer - [K3S] [kubelet_node_status.go:467] "Error getting the current node from lister" err="node \"bb975d1fd0a5\" not found"
2025-01-30 03:59:48,017 INFO c.h.h.t.HelmChartContainer - [K3S] [factory.go:221] Registration of the systemd container factory successfully
2025-01-30 03:59:48,018 INFO c.h.h.t.HelmChartContainer - [K3S] [factory.go:219] Registration of the crio container factory failed: Get "http://%2Fvar%2Frun%2Fcrio%2Fcrio.sock/info": dial unix /var/run/crio/crio.sock: connect: no such file or directory
2025-01-30 03:59:48,019 INFO c.h.h.t.HelmChartContainer - [K3S] [desired_state_of_world_populator.go:149] "Desired state populator starts to run"
2025-01-30 03:59:48,019 INFO c.h.h.t.HelmChartContainer - [K3S] [reconciler.go:26] "Reconciler: start to sync state"
2025-01-30 03:59:48,027 INFO c.h.h.t.HelmChartContainer - [K3S] [factory.go:221] Registration of the containerd container factory successfully
2025-01-30 03:59:48,027 INFO c.h.h.t.HelmChartContainer - [K3S] [nodelease.go:49] "Failed to get node when trying to set owner ref to the node lease" err="nodes \"bb975d1fd0a5\" not found" node="bb975d1fd0a5"
2025-01-30 03:59:48,032 INFO c.h.h.t.HelmChartContainer - [K3S] [kubelet_network_linux.go:50] "Initialized iptables rules." protocol="IPv4"
2025-01-30 03:59:48,033 INFO c.h.h.t.HelmChartContainer - [K3S] [kubelet_network_linux.go:50] "Initialized iptables rules." protocol="IPv6"
2025-01-30 03:59:48,033 INFO c.h.h.t.HelmChartContainer - [K3S] [status_manager.go:227] "Starting to sync pod status with apiserver"
2025-01-30 03:59:48,033 INFO c.h.h.t.HelmChartContainer - [K3S] [watchdog_linux.go:127] "Systemd watchdog is not enabled or the interval is invalid, so health checking will not be started."
2025-01-30 03:59:48,034 INFO c.h.h.t.HelmChartContainer - [K3S] [kubelet.go:2388] "Starting kubelet main sync loop"
2025-01-30 03:59:48,034 INFO c.h.h.t.HelmChartContainer - [K3S] [kubelet.go:2412] "Skipping pod synchronization" err="[container runtime status check may not have completed yet, PLEG is not healthy: pleg has yet to be successful]"
2025-01-30 03:59:48,047 INFO c.h.h.t.HelmChartContainer - [K3S] [cpu_manager.go:221] "Starting CPU manager" policy="none"
2025-01-30 03:59:48,047 INFO c.h.h.t.HelmChartContainer - [K3S] [cpu_manager.go:222] "Reconciling" reconcilePeriod="10s"
2025-01-30 03:59:48,048 INFO c.h.h.t.HelmChartContainer - [K3S] [state_mem.go:36] "Initialized new in-memory state store"
2025-01-30 03:59:48,048 INFO c.h.h.t.HelmChartContainer - [K3S] [policy_none.go:49] "None policy: Start"
2025-01-30 03:59:48,049 INFO c.h.h.t.HelmChartContainer - [K3S] [memory_manager.go:186] "Starting memorymanager" policy="None"
2025-01-30 03:59:48,049 INFO c.h.h.t.HelmChartContainer - [K3S] [state_mem.go:35] "Initializing new in-memory state store"
2025-01-30 03:59:48,053 INFO c.h.h.t.HelmChartContainer - [K3S] [manager.go:519] "Failed to read data from checkpoint" checkpoint="kubelet_internal_checkpoint" err="checkpoint is not found"
2025-01-30 03:59:48,053 INFO c.h.h.t.HelmChartContainer - [K3S] [eviction_manager.go:189] "Eviction manager: starting control loop"
2025-01-30 03:59:48,053 INFO c.h.h.t.HelmChartContainer - [K3S] [container_log_manager.go:189] "Initializing container log rotate workers" workers=1 monitorPeriod="10s"
2025-01-30 03:59:48,053 INFO c.h.h.t.HelmChartContainer - [K3S] [plugin_manager.go:118] "Starting Kubelet Plugin Manager"
2025-01-30 03:59:48,055 INFO c.h.h.t.HelmChartContainer - [K3S] [eviction_manager.go:267] "eviction manager: failed to check if we have separate container filesystem. Ignoring." err="no imagefs label for configured runtime"
2025-01-30 03:59:48,055 INFO c.h.h.t.HelmChartContainer - [K3S] [eviction_manager.go:292] "Eviction manager: failed to get summary stats" err="failed to get node info: node \"bb975d1fd0a5\" not found"
2025-01-30 03:59:48,088 INFO c.h.h.t.HelmChartContainer - [K3S] [serving.go:392] Generated self-signed cert in-memory
2025-01-30 03:59:48,153 INFO c.h.h.t.HelmChartContainer - [K3S] [kubelet_node_status.go:76] "Attempting to register node" node="bb975d1fd0a5"
2025-01-30 03:59:48,159 INFO c.h.h.t.HelmChartContainer - [K3S] [kubelet_node_status.go:79] "Successfully registered node" node="bb975d1fd0a5"
2025-01-30 03:59:48,159 INFO c.h.h.t.HelmChartContainer - [K3S] [kubelet_node_status.go:549] "Error updating node status, will retry" err="error getting node \"bb975d1fd0a5\": node \"bb975d1fd0a5\" not found"
2025-01-30 03:59:48,163 INFO c.h.h.t.HelmChartContainer - [K3S] [INFO] Annotations and labels have been set successfully on node: bb975d1fd0a5
2025-01-30 03:59:48,163 INFO c.h.h.t.HelmChartContainer - [K3S] [INFO] Starting flannel with backend vxlan
2025-01-30 03:59:48,232 INFO c.h.h.t.HelmChartContainer - [K3S] [controllermanager.go:185] "Starting" version="v1.32.1+k3s1"
2025-01-30 03:59:48,232 INFO c.h.h.t.HelmChartContainer - [K3S] [controllermanager.go:187] "Golang settings" GOGC="" GOMAXPROCS="" GOTRACEBACK=""
2025-01-30 03:59:48,237 INFO c.h.h.t.HelmChartContainer - [K3S] [configmap_cafile_content.go:205] "Starting controller" name="client-ca::kube-system::extension-apiserver-authentication::client-ca-file"
2025-01-30 03:59:48,238 INFO c.h.h.t.HelmChartContainer - [K3S] [configmap_cafile_content.go:205] "Starting controller" name="client-ca::kube-system::extension-apiserver-authentication::requestheader-client-ca-file"
2025-01-30 03:59:48,238 INFO c.h.h.t.HelmChartContainer - [K3S] [requestheader_controller.go:180] Starting RequestHeaderAuthRequestController
2025-01-30 03:59:48,238 INFO c.h.h.t.HelmChartContainer - [K3S] [secure_serving.go:213] Serving securely on 127.0.0.1:10257
2025-01-30 03:59:48,238 INFO c.h.h.t.HelmChartContainer - [K3S] [tlsconfig.go:243] "Starting DynamicServingCertificateController"
2025-01-30 03:59:48,241 INFO c.h.h.t.HelmChartContainer - [K3S] [controllermanager.go:765] "Started controller" controller="serviceaccount-token-controller"
2025-01-30 03:59:48,247 INFO c.h.h.t.HelmChartContainer - [K3S] [controllermanager.go:765] "Started controller" controller="ttl-controller"
2025-01-30 03:59:48,248 INFO c.h.h.t.HelmChartContainer - [K3S] [ttl_controller.go:127] "Starting TTL controller"
2025-01-30 03:59:48,255 INFO c.h.h.t.HelmChartContainer - [K3S] [controllermanager.go:765] "Started controller" controller="persistentvolume-expander-controller"
2025-01-30 03:59:48,255 INFO c.h.h.t.HelmChartContainer - [K3S] [expand_controller.go:329] "Starting expand controller"
2025-01-30 03:59:48,261 INFO c.h.h.t.HelmChartContainer - [K3S] [controllermanager.go:765] "Started controller" controller="root-ca-certificate-publisher-controller"
2025-01-30 03:59:48,261 INFO c.h.h.t.HelmChartContainer - [K3S] [publisher.go:107] "Starting root CA cert publisher controller"
2025-01-30 03:59:48,267 INFO c.h.h.t.HelmChartContainer - [K3S] [controllermanager.go:765] "Started controller" controller="endpointslice-controller"
2025-01-30 03:59:48,267 INFO c.h.h.t.HelmChartContainer - [K3S] [endpointslice_controller.go:281] "Starting endpoint slice controller"
2025-01-30 03:59:48,273 INFO c.h.h.t.HelmChartContainer - [K3S] [certificate_controller.go:120] "Starting certificate controller" name="csrsigning-kubelet-serving"
2025-01-30 03:59:48,273 INFO c.h.h.t.HelmChartContainer - [K3S] [dynamic_serving_content.go:135] "Starting controller" name="csr-controller::/var/lib/rancher/k3s/server/tls/server-ca.nochain.crt::/var/lib/rancher/k3s/server/tls/server-ca.key"
2025-01-30 03:59:48,273 INFO c.h.h.t.HelmChartContainer - [K3S] [certificate_controller.go:120] "Starting certificate controller" name="csrsigning-kubelet-client"
2025-01-30 03:59:48,273 INFO c.h.h.t.HelmChartContainer - [K3S] [dynamic_serving_content.go:135] "Starting controller" name="csr-controller::/var/lib/rancher/k3s/server/tls/client-ca.nochain.crt::/var/lib/rancher/k3s/server/tls/client-ca.key"
2025-01-30 03:59:48,273 INFO c.h.h.t.HelmChartContainer - [K3S] [certificate_controller.go:120] "Starting certificate controller" name="csrsigning-kube-apiserver-client"
2025-01-30 03:59:48,274 INFO c.h.h.t.HelmChartContainer - [K3S] [dynamic_serving_content.go:135] "Starting controller" name="csr-controller::/var/lib/rancher/k3s/server/tls/client-ca.nochain.crt::/var/lib/rancher/k3s/server/tls/client-ca.key"
2025-01-30 03:59:48,274 INFO c.h.h.t.HelmChartContainer - [K3S] [controllermanager.go:765] "Started controller" controller="certificatesigningrequest-signing-controller"
2025-01-30 03:59:48,274 INFO c.h.h.t.HelmChartContainer - [K3S] [certificate_controller.go:120] "Starting certificate controller" name="csrsigning-legacy-unknown"
2025-01-30 03:59:48,274 INFO c.h.h.t.HelmChartContainer - [K3S] [dynamic_serving_content.go:135] "Starting controller" name="csr-controller::/var/lib/rancher/k3s/server/tls/server-ca.nochain.crt::/var/lib/rancher/k3s/server/tls/server-ca.key"
2025-01-30 03:59:48,286 INFO c.h.h.t.HelmChartContainer - [K3S] [range_allocator.go:112] "No Secondary Service CIDR provided. Skipping filtering out secondary service addresses"
2025-01-30 03:59:48,286 INFO c.h.h.t.HelmChartContainer - [K3S] [controllermanager.go:765] "Started controller" controller="node-ipam-controller"
2025-01-30 03:59:48,286 INFO c.h.h.t.HelmChartContainer - [K3S] [controllermanager.go:717] "Controller is disabled by a feature gate" controller="volumeattributesclass-protection-controller" requiredFeatureGates=["VolumeAttributesClass"]
2025-01-30 03:59:48,286 INFO c.h.h.t.HelmChartContainer - [K3S] [controllermanager.go:717] "Controller is disabled by a feature gate" controller="kube-apiserver-serving-clustertrustbundle-publisher-controller" requiredFeatureGates=["ClusterTrustBundle"]
2025-01-30 03:59:48,287 INFO c.h.h.t.HelmChartContainer - [K3S] [controllermanager.go:717] "Controller is disabled by a feature gate" controller="selinux-warning-controller" requiredFeatureGates=["SELinuxChangePolicy"]
2025-01-30 03:59:48,287 INFO c.h.h.t.HelmChartContainer - [K3S] [node_ipam_controller.go:141] "Starting ipam controller"
2025-01-30 03:59:48,291 INFO c.h.h.t.HelmChartContainer - [K3S] [controllermanager.go:765] "Started controller" controller="daemonset-controller"
2025-01-30 03:59:48,292 INFO c.h.h.t.HelmChartContainer - [K3S] [daemon_controller.go:294] "Starting daemon sets controller"
2025-01-30 03:59:48,297 INFO c.h.h.t.HelmChartContainer - [K3S] [controllermanager.go:765] "Started controller" controller="token-cleaner-controller"
2025-01-30 03:59:48,297 INFO c.h.h.t.HelmChartContainer - [K3S] [tokencleaner.go:117] "Starting token cleaner controller"
2025-01-30 03:59:48,303 INFO c.h.h.t.HelmChartContainer - [K3S] [controllermanager.go:765] "Started controller" controller="persistentvolume-binder-controller"
2025-01-30 03:59:48,304 INFO c.h.h.t.HelmChartContainer - [K3S] [controllermanager.go:717] "Controller is disabled by a feature gate" controller="resourceclaim-controller" requiredFeatureGates=["DynamicResourceAllocation"]
2025-01-30 03:59:48,304 INFO c.h.h.t.HelmChartContainer - [K3S] [pv_controller_base.go:308] "Starting persistent volume controller"
2025-01-30 03:59:48,329 INFO c.h.h.t.HelmChartContainer - [K3S] [server.go:698] "Successfully retrieved node IP(s)" IPs=["172.18.0.2"]
2025-01-30 03:59:48,329 INFO c.h.h.t.HelmChartContainer - [K3S] [server.go:234] "Kube-proxy configuration may be incomplete or incorrect" err="nodePortAddresses is unset; NodePort connections will be accepted on all local IPs. Consider using `--nodeport-addresses primary`"
2025-01-30 03:59:48,332 INFO c.h.h.t.HelmChartContainer - [K3S] [server.go:243] "kube-proxy running in dual-stack mode" primary ipFamily="IPv4"
2025-01-30 03:59:48,332 INFO c.h.h.t.HelmChartContainer - [K3S] [server_linux.go:170] "Using iptables Proxier"
2025-01-30 03:59:48,334 INFO c.h.h.t.HelmChartContainer - [K3S] [proxier.go:255] "Setting route_localnet=1 to allow node-ports on localhost; to change this either disable iptables.localhostNodePorts (--iptables-localhost-nodeports) or set nodePortAddresses (--nodeport-addresses) to filter loopback addresses"
2025-01-30 03:59:48,337 INFO c.h.h.t.HelmChartContainer - [K3S] [server.go:497] "Version info" version="v1.32.1+k3s1"
2025-01-30 03:59:48,337 INFO c.h.h.t.HelmChartContainer - [K3S] [server.go:499] "Golang settings" GOGC="" GOMAXPROCS="" GOTRACEBACK=""
2025-01-30 03:59:48,339 INFO c.h.h.t.HelmChartContainer - [K3S] [config.go:199] "Starting service config controller"
2025-01-30 03:59:48,339 INFO c.h.h.t.HelmChartContainer - [K3S] [config.go:329] "Starting node config controller"
2025-01-30 03:59:48,339 INFO c.h.h.t.HelmChartContainer - [K3S] [config.go:105] "Starting endpoint slice config controller"
2025-01-30 03:59:48,349 INFO c.h.h.t.HelmChartContainer - [K3S] [INFO] Done waiting for CRD helmchartconfigs.helm.cattle.io to become available
2025-01-30 03:59:48,350 INFO c.h.h.t.HelmChartContainer - [K3S] [INFO] Writing static file: /var/lib/rancher/k3s/server/static/charts/traefik-27.0.201+up27.0.2.tgz
2025-01-30 03:59:48,351 INFO c.h.h.t.HelmChartContainer - [K3S] [INFO] Writing static file: /var/lib/rancher/k3s/server/static/charts/traefik-crd-27.0.201+up27.0.2.tgz
2025-01-30 03:59:48,351 INFO c.h.h.t.HelmChartContainer - [K3S] [INFO] Writing manifest: /var/lib/rancher/k3s/server/manifests/coredns.yaml
2025-01-30 03:59:48,351 INFO c.h.h.t.HelmChartContainer - [K3S] [INFO] Writing manifest: /var/lib/rancher/k3s/server/manifests/metrics-server/auth-reader.yaml
2025-01-30 03:59:48,352 INFO c.h.h.t.HelmChartContainer - [K3S] [INFO] Writing manifest: /var/lib/rancher/k3s/server/manifests/metrics-server/metrics-server-deployment.yaml
2025-01-30 03:59:48,352 INFO c.h.h.t.HelmChartContainer - [K3S] [INFO] Writing manifest: /var/lib/rancher/k3s/server/manifests/metrics-server/metrics-server-service.yaml
2025-01-30 03:59:48,352 INFO c.h.h.t.HelmChartContainer - [K3S] [INFO] Writing manifest: /var/lib/rancher/k3s/server/manifests/runtimes.yaml
2025-01-30 03:59:48,352 INFO c.h.h.t.HelmChartContainer - [K3S] [INFO] Writing manifest: /var/lib/rancher/k3s/server/manifests/rolebindings.yaml
2025-01-30 03:59:48,352 INFO c.h.h.t.HelmChartContainer - [K3S] [INFO] Writing manifest: /var/lib/rancher/k3s/server/manifests/ccm.yaml
2025-01-30 03:59:48,353 INFO c.h.h.t.HelmChartContainer - [K3S] [INFO] Writing manifest: /var/lib/rancher/k3s/server/manifests/local-storage.yaml
2025-01-30 03:59:48,353 INFO c.h.h.t.HelmChartContainer - [K3S] [INFO] Writing manifest: /var/lib/rancher/k3s/server/manifests/metrics-server/aggregated-metrics-reader.yaml
2025-01-30 03:59:48,353 INFO c.h.h.t.HelmChartContainer - [K3S] [INFO] Writing manifest: /var/lib/rancher/k3s/server/manifests/metrics-server/auth-delegator.yaml
2025-01-30 03:59:48,353 INFO c.h.h.t.HelmChartContainer - [K3S] [INFO] Writing manifest: /var/lib/rancher/k3s/server/manifests/metrics-server/metrics-apiservice.yaml
2025-01-30 03:59:48,353 INFO c.h.h.t.HelmChartContainer - [K3S] [INFO] Writing manifest: /var/lib/rancher/k3s/server/manifests/metrics-server/resource-reader.yaml
2025-01-30 03:59:48,354 INFO c.h.h.t.HelmChartContainer - [K3S] [INFO] Starting dynamiclistener CN filter node controller with SANs: [localhost 127.0.0.1 ::1 localhost bb975d1fd0a5 172.18.0.2 10.43.0.1 kubernetes kubernetes.default kubernetes.default.svc kubernetes.default.svc.cluster.local]
2025-01-30 03:59:48,354 INFO c.h.h.t.HelmChartContainer - [K3S] [INFO] Tunnel server egress proxy mode: agent
2025-01-30 03:59:48,442 INFO c.h.h.t.HelmChartContainer - [K3S] [graph_builder.go:351] "Running" component="GraphBuilder"
2025-01-30 03:59:48,443 INFO c.h.h.t.HelmChartContainer - [K3S] [controllermanager.go:765] "Started controller" controller="garbage-collector-controller"
2025-01-30 03:59:48,443 INFO c.h.h.t.HelmChartContainer - [K3S] [controllermanager.go:723] "Skipping a cloud provider controller" controller="cloud-node-lifecycle-controller"
2025-01-30 03:59:48,458 INFO c.h.h.t.HelmChartContainer - [K3S] [INFO] Starting k3s.cattle.io/v1, Kind=Addon controller
2025-01-30 03:59:48,458 INFO c.h.h.t.HelmChartContainer - [K3S] [INFO] Creating deploy event broadcaster
2025-01-30 03:59:48,465 INFO c.h.h.t.HelmChartContainer - [K3S] [kubelet_node_status.go:502] "Fast updating node status as it just became ready"
2025-01-30 03:59:48,562 INFO c.h.h.t.HelmChartContainer - [K3S] [INFO] Starting /v1, Kind=Node controller
2025-01-30 03:59:48,563 INFO c.h.h.t.HelmChartContainer - [K3S] [INFO] Creating helm-controller event broadcaster
2025-01-30 03:59:48,576 INFO c.h.h.t.HelmChartContainer - [K3S] [INFO] Labels and annotations have been set successfully on node: bb975d1fd0a5
2025-01-30 03:59:48,576 INFO c.h.h.t.HelmChartContainer - [K3S] [INFO] Cluster dns configmap has been set successfully
2025-01-30 03:59:48,633 INFO c.h.h.t.HelmChartContainer - [K3S] [INFO] Starting /v1, Kind=Secret controller
2025-01-30 03:59:48,636 INFO c.h.h.t.HelmChartContainer - [K3S] [INFO] Starting /v1, Kind=ConfigMap controller
2025-01-30 03:59:48,637 INFO c.h.h.t.HelmChartContainer - [K3S] [INFO] Starting /v1, Kind=ServiceAccount controller
2025-01-30 03:59:48,640 INFO c.h.h.t.HelmChartContainer - [K3S] [INFO] Updating TLS secret for kube-system/k3s-serving (count: 10): map[listener.cattle.io/cn-10.43.0.1:10.43.0.1 listener.cattle.io/cn-127.0.0.1:127.0.0.1 listener.cattle.io/cn-172.18.0.2:172.18.0.2 listener.cattle.io/cn-__1-f16284:::1 listener.cattle.io/cn-bb975d1fd0a5:bb975d1fd0a5 listener.cattle.io/cn-kubernetes:kubernetes listener.cattle.io/cn-kubernetes.default:kubernetes.default listener.cattle.io/cn-kubernetes.default.svc:kubernetes.default.svc listener.cattle.io/cn-kubernetes.default.svc.cluster.local:kubernetes.default.svc.cluster.local listener.cattle.io/cn-localhost:localhost listener.cattle.io/fingerprint:SHA1=CED2FA05170F7B7C85B5DA600FB9E1E73220FCF8]
2025-01-30 03:59:48,644 INFO c.h.h.t.HelmChartContainer - [K3S] [INFO] Active TLS secret kube-system/k3s-serving (ver=240) (count 10): map[listener.cattle.io/cn-10.43.0.1:10.43.0.1 listener.cattle.io/cn-127.0.0.1:127.0.0.1 listener.cattle.io/cn-172.18.0.2:172.18.0.2 listener.cattle.io/cn-__1-f16284:::1 listener.cattle.io/cn-bb975d1fd0a5:bb975d1fd0a5 listener.cattle.io/cn-kubernetes:kubernetes listener.cattle.io/cn-kubernetes.default:kubernetes.default listener.cattle.io/cn-kubernetes.default.svc:kubernetes.default.svc listener.cattle.io/cn-kubernetes.default.svc.cluster.local:kubernetes.default.svc.cluster.local listener.cattle.io/cn-localhost:localhost listener.cattle.io/fingerprint:SHA1=CED2FA05170F7B7C85B5DA600FB9E1E73220FCF8]
2025-01-30 03:59:48,676 INFO c.h.h.t.HelmChartContainer - [K3S] [INFO] Starting helm.cattle.io/v1, Kind=HelmChartConfig controller
2025-01-30 03:59:48,676 INFO c.h.h.t.HelmChartContainer - [K3S] [INFO] Starting helm.cattle.io/v1, Kind=HelmChart controller
2025-01-30 03:59:48,678 INFO c.h.h.t.HelmChartContainer - [K3S] [INFO] Starting rbac.authorization.k8s.io/v1, Kind=ClusterRoleBinding controller
2025-01-30 03:59:48,681 INFO c.h.h.t.HelmChartContainer - [K3S] [INFO] Starting batch/v1, Kind=Job controller
2025-01-30 03:59:48,693 INFO c.h.h.t.HelmChartContainer - [K3S] [controllermanager.go:765] "Started controller" controller="replicaset-controller"
2025-01-30 03:59:48,693 INFO c.h.h.t.HelmChartContainer - [K3S] [replica_set.go:217] "Starting controller" name="replicaset"
2025-01-30 03:59:48,730 INFO c.h.h.t.HelmChartContainer - [K3S] [INFO] Updating TLS secret for kube-system/k3s-serving (count: 10): map[listener.cattle.io/cn-10.43.0.1:10.43.0.1 listener.cattle.io/cn-127.0.0.1:127.0.0.1 listener.cattle.io/cn-172.18.0.2:172.18.0.2 listener.cattle.io/cn-__1-f16284:::1 listener.cattle.io/cn-bb975d1fd0a5:bb975d1fd0a5 listener.cattle.io/cn-kubernetes:kubernetes listener.cattle.io/cn-kubernetes.default:kubernetes.default listener.cattle.io/cn-kubernetes.default.svc:kubernetes.default.svc listener.cattle.io/cn-kubernetes.default.svc.cluster.local:kubernetes.default.svc.cluster.local listener.cattle.io/cn-localhost:localhost listener.cattle.io/fingerprint:SHA1=CED2FA05170F7B7C85B5DA600FB9E1E73220FCF8]
2025-01-30 03:59:48,742 INFO c.h.h.t.HelmChartContainer - [K3S] [controllermanager.go:765] "Started controller" controller="certificatesigningrequest-cleaner-controller"
2025-01-30 03:59:48,742 INFO c.h.h.t.HelmChartContainer - [K3S] [cleaner.go:83] "Starting CSR cleaner controller"
2025-01-30 03:59:48,792 INFO c.h.h.t.HelmChartContainer - [K3S] [node_lifecycle_controller.go:432] "Controller will reconcile labels"
2025-01-30 03:59:48,792 INFO c.h.h.t.HelmChartContainer - [K3S] [controllermanager.go:765] "Started controller" controller="node-lifecycle-controller"
2025-01-30 03:59:48,793 INFO c.h.h.t.HelmChartContainer - [K3S] [controllermanager.go:723] "Skipping a cloud provider controller" controller="service-lb-controller"
2025-01-30 03:59:48,793 INFO c.h.h.t.HelmChartContainer - [K3S] [node_lifecycle_controller.go:466] "Sending events to api server"
2025-01-30 03:59:48,793 INFO c.h.h.t.HelmChartContainer - [K3S] [node_lifecycle_controller.go:477] "Starting node controller"
2025-01-30 03:59:48,949 INFO c.h.h.t.HelmChartContainer - [K3S] [controllermanager.go:765] "Started controller" controller="persistentvolume-attach-detach-controller"
2025-01-30 03:59:48,949 INFO c.h.h.t.HelmChartContainer - [K3S] [attach_detach_controller.go:338] "Starting attach detach controller"
2025-01-30 03:59:49,000 INFO c.h.h.t.HelmChartContainer - [K3S] [apiserver.go:52] "Watching apiserver"
2025-01-30 03:59:49,017 INFO c.h.h.t.HelmChartContainer - [K3S] [desired_state_of_world_populator.go:157] "Finished populating initial desired state of world"
2025-01-30 03:59:49,093 INFO c.h.h.t.HelmChartContainer - [K3S] [controllermanager.go:765] "Started controller" controller="clusterrole-aggregation-controller"
2025-01-30 03:59:49,094 INFO c.h.h.t.HelmChartContainer - [K3S] [clusterroleaggregation_controller.go:194] "Starting ClusterRoleAggregator controller"
2025-01-30 03:59:49,243 INFO c.h.h.t.HelmChartContainer - [K3S] [controllermanager.go:765] "Started controller" controller="endpointslice-mirroring-controller"
2025-01-30 03:59:49,244 INFO c.h.h.t.HelmChartContainer - [K3S] [endpointslicemirroring_controller.go:227] "Starting EndpointSliceMirroring controller"
2025-01-30 03:59:49,393 INFO c.h.h.t.HelmChartContainer - [K3S] [controllermanager.go:765] "Started controller" controller="serviceaccount-controller"
2025-01-30 03:59:49,393 INFO c.h.h.t.HelmChartContainer - [K3S] [serviceaccounts_controller.go:114] "Starting service account controller"
2025-01-30 03:59:49,543 INFO c.h.h.t.HelmChartContainer - [K3S] [controllermanager.go:765] "Started controller" controller="persistentvolumeclaim-protection-controller"
2025-01-30 03:59:49,543 INFO c.h.h.t.HelmChartContainer - [K3S] [pvc_protection_controller.go:168] "Starting PVC protection controller"
2025-01-30 03:59:49,693 INFO c.h.h.t.HelmChartContainer - [K3S] [controllermanager.go:765] "Started controller" controller="cronjob-controller"
2025-01-30 03:59:49,693 INFO c.h.h.t.HelmChartContainer - [K3S] [cronjob_controllerv2.go:145] "Starting cronjob controller v2"
2025-01-30 03:59:49,742 INFO c.h.h.t.HelmChartContainer - [K3S] [controllermanager.go:765] "Started controller" controller="taint-eviction-controller"
2025-01-30 03:59:49,742 INFO c.h.h.t.HelmChartContainer - [K3S] [controllermanager.go:743] "Warning: skipping controller" controller="storage-version-migrator-controller"
2025-01-30 03:59:49,742 INFO c.h.h.t.HelmChartContainer - [K3S] [taint_eviction.go:281] "Starting" controller="taint-eviction-controller"
2025-01-30 03:59:49,743 INFO c.h.h.t.HelmChartContainer - [K3S] [taint_eviction.go:287] "Sending events to api server"
2025-01-30 03:59:49,893 INFO c.h.h.t.HelmChartContainer - [K3S] [controllermanager.go:765] "Started controller" controller="endpoints-controller"
2025-01-30 03:59:49,893 INFO c.h.h.t.HelmChartContainer - [K3S] [endpoints_controller.go:182] "Starting endpoint controller"
2025-01-30 03:59:50,043 INFO c.h.h.t.HelmChartContainer - [K3S] [controllermanager.go:765] "Started controller" controller="pod-garbage-collector-controller"
2025-01-30 03:59:50,043 INFO c.h.h.t.HelmChartContainer - [K3S] [gc_controller.go:99] "Starting GC controller"
2025-01-30 03:59:50,193 INFO c.h.h.t.HelmChartContainer - [K3S] [controllermanager.go:765] "Started controller" controller="job-controller"
2025-01-30 03:59:50,193 INFO c.h.h.t.HelmChartContainer - [K3S] [job_controller.go:243] "Starting job controller"
2025-01-30 03:59:50,464 INFO c.h.h.t.HelmChartContainer - [K3S] [event.go:389] "Event occurred" object="kube-system/ccm" fieldPath="" kind="Addon" apiVersion="k3s.cattle.io/v1" type="Normal" reason="ApplyingManifest" message="Applying manifest at \"/var/lib/rancher/k3s/server/manifests/ccm.yaml\""
2025-01-30 03:59:50,473 INFO c.h.h.t.HelmChartContainer - [K3S] [event.go:389] "Event occurred" object="bb975d1fd0a5" fieldPath="" kind="Node" apiVersion="" type="Normal" reason="NodePasswordValidationComplete" message="Deferred node password secret validation complete"
2025-01-30 03:59:50,482 INFO c.h.h.t.HelmChartContainer - [K3S] [event.go:389] "Event occurred" object="kube-system/ccm" fieldPath="" kind="Addon" apiVersion="k3s.cattle.io/v1" type="Normal" reason="AppliedManifest" message="Applied manifest at \"/var/lib/rancher/k3s/server/manifests/ccm.yaml\""
2025-01-30 03:59:50,490 INFO c.h.h.t.HelmChartContainer - [K3S] [event.go:389] "Event occurred" object="kube-system/coredns" fieldPath="" kind="Addon" apiVersion="k3s.cattle.io/v1" type="Normal" reason="ApplyingManifest" message="Applying manifest at \"/var/lib/rancher/k3s/server/manifests/coredns.yaml\""
2025-01-30 03:59:50,492 INFO c.h.h.t.HelmChartContainer - [K3S] [controllermanager.go:765] "Started controller" controller="horizontal-pod-autoscaler-controller"
2025-01-30 03:59:50,492 INFO c.h.h.t.HelmChartContainer - [K3S] [horizontal.go:201] "Starting HPA controller"
2025-01-30 03:59:50,594 INFO c.h.h.t.HelmChartContainer - [K3S] [alloc.go:330] "allocated clusterIPs" service="kube-system/kube-dns" clusterIPs={"IPv4":"10.43.0.10"}
2025-01-30 03:59:50,595 INFO c.h.h.t.HelmChartContainer - [K3S] [event.go:389] "Event occurred" object="kube-system/coredns" fieldPath="" kind="Addon" apiVersion="k3s.cattle.io/v1" type="Normal" reason="AppliedManifest" message="Applied manifest at \"/var/lib/rancher/k3s/server/manifests/coredns.yaml\""
2025-01-30 03:59:50,602 INFO c.h.h.t.HelmChartContainer - [K3S] [event.go:389] "Event occurred" object="kube-system/local-storage" fieldPath="" kind="Addon" apiVersion="k3s.cattle.io/v1" type="Normal" reason="ApplyingManifest" message="Applying manifest at \"/var/lib/rancher/k3s/server/manifests/local-storage.yaml\""
2025-01-30 03:59:50,643 INFO c.h.h.t.HelmChartContainer - [K3S] [controllermanager.go:765] "Started controller" controller="ttl-after-finished-controller"
2025-01-30 03:59:50,643 INFO c.h.h.t.HelmChartContainer - [K3S] [ttlafterfinished_controller.go:112] "Starting TTL after finished controller"
2025-01-30 03:59:50,695 INFO c.h.h.t.HelmChartContainer - [K3S] [event.go:389] "Event occurred" object="kube-system/local-storage" fieldPath="" kind="Addon" apiVersion="k3s.cattle.io/v1" type="Normal" reason="AppliedManifest" message="Applied manifest at \"/var/lib/rancher/k3s/server/manifests/local-storage.yaml\""
2025-01-30 03:59:50,700 INFO c.h.h.t.HelmChartContainer - [K3S] [event.go:389] "Event occurred" object="kube-system/aggregated-metrics-reader" fieldPath="" kind="Addon" apiVersion="k3s.cattle.io/v1" type="Normal" reason="ApplyingManifest" message="Applying manifest at \"/var/lib/rancher/k3s/server/manifests/metrics-server/aggregated-metrics-reader.yaml\""
2025-01-30 03:59:50,704 INFO c.h.h.t.HelmChartContainer - [K3S] [event.go:389] "Event occurred" object="kube-system/aggregated-metrics-reader" fieldPath="" kind="Addon" apiVersion="k3s.cattle.io/v1" type="Normal" reason="AppliedManifest" message="Applied manifest at \"/var/lib/rancher/k3s/server/manifests/metrics-server/aggregated-metrics-reader.yaml\""
2025-01-30 03:59:50,713 INFO c.h.h.t.HelmChartContainer - [K3S] [event.go:389] "Event occurred" object="kube-system/auth-delegator" fieldPath="" kind="Addon" apiVersion="k3s.cattle.io/v1" type="Normal" reason="ApplyingManifest" message="Applying manifest at \"/var/lib/rancher/k3s/server/manifests/metrics-server/auth-delegator.yaml\""
2025-01-30 03:59:50,776 INFO c.h.h.t.HelmChartContainer - [K3S] [event.go:389] "Event occurred" object="kube-system/auth-delegator" fieldPath="" kind="Addon" apiVersion="k3s.cattle.io/v1" type="Normal" reason="AppliedManifest" message="Applied manifest at \"/var/lib/rancher/k3s/server/manifests/metrics-server/auth-delegator.yaml\""
2025-01-30 03:59:50,782 INFO c.h.h.t.HelmChartContainer - [K3S] [event.go:389] "Event occurred" object="kube-system/auth-reader" fieldPath="" kind="Addon" apiVersion="k3s.cattle.io/v1" type="Normal" reason="ApplyingManifest" message="Applying manifest at \"/var/lib/rancher/k3s/server/manifests/metrics-server/auth-reader.yaml\""
2025-01-30 03:59:50,786 INFO c.h.h.t.HelmChartContainer - [K3S] [event.go:389] "Event occurred" object="kube-system/auth-reader" fieldPath="" kind="Addon" apiVersion="k3s.cattle.io/v1" type="Normal" reason="AppliedManifest" message="Applied manifest at \"/var/lib/rancher/k3s/server/manifests/metrics-server/auth-reader.yaml\""
2025-01-30 03:59:50,792 INFO c.h.h.t.HelmChartContainer - [K3S] [event.go:389] "Event occurred" object="kube-system/metrics-apiservice" fieldPath="" kind="Addon" apiVersion="k3s.cattle.io/v1" type="Normal" reason="ApplyingManifest" message="Applying manifest at \"/var/lib/rancher/k3s/server/manifests/metrics-server/metrics-apiservice.yaml\""
2025-01-30 03:59:50,800 INFO c.h.h.t.HelmChartContainer - [K3S] [event.go:389] "Event occurred" object="kube-system/metrics-apiservice" fieldPath="" kind="Addon" apiVersion="k3s.cattle.io/v1" type="Normal" reason="AppliedManifest" message="Applied manifest at \"/var/lib/rancher/k3s/server/manifests/metrics-server/metrics-apiservice.yaml\""
2025-01-30 03:59:50,801 INFO c.h.h.t.HelmChartContainer - [K3S] [handler_proxy.go:99] no RequestInfo found in the context
2025-01-30 03:59:50,802 INFO c.h.h.t.HelmChartContainer - [K3S] [controller.go:146] "Unhandled Error" err=<
2025-01-30 03:59:50,802 INFO c.h.h.t.HelmChartContainer - [K3S] 	, Header: map[Content-Type:[text/plain; charset=utf-8] X-Content-Type-Options:[nosniff]]
2025-01-30 03:59:50,802 INFO c.h.h.t.HelmChartContainer - [K3S]  >
2025-01-30 03:59:50,803 INFO c.h.h.t.HelmChartContainer - [K3S] [handler_proxy.go:143] error resolving kube-system/metrics-server: service "metrics-server" not found
2025-01-30 03:59:50,807 INFO c.h.h.t.HelmChartContainer - [K3S] [event.go:389] "Event occurred" object="kube-system/metrics-server-deployment" fieldPath="" kind="Addon" apiVersion="k3s.cattle.io/v1" type="Normal" reason="ApplyingManifest" message="Applying manifest at \"/var/lib/rancher/k3s/server/manifests/metrics-server/metrics-server-deployment.yaml\""
2025-01-30 03:59:50,816 INFO c.h.h.t.HelmChartContainer - [K3S] [event.go:389] "Event occurred" object="kube-system/metrics-server-deployment" fieldPath="" kind="Addon" apiVersion="k3s.cattle.io/v1" type="Normal" reason="AppliedManifest" message="Applied manifest at \"/var/lib/rancher/k3s/server/manifests/metrics-server/metrics-server-deployment.yaml\""
2025-01-30 03:59:50,822 INFO c.h.h.t.HelmChartContainer - [K3S] [event.go:389] "Event occurred" object="kube-system/metrics-server-service" fieldPath="" kind="Addon" apiVersion="k3s.cattle.io/v1" type="Normal" reason="ApplyingManifest" message="Applying manifest at \"/var/lib/rancher/k3s/server/manifests/metrics-server/metrics-server-service.yaml\""
2025-01-30 03:59:50,829 INFO c.h.h.t.HelmChartContainer - [K3S] [alloc.go:330] "allocated clusterIPs" service="kube-system/metrics-server" clusterIPs={"IPv4":"10.43.190.125"}
2025-01-30 03:59:50,830 INFO c.h.h.t.HelmChartContainer - [K3S] [event.go:389] "Event occurred" object="kube-system/metrics-server-service" fieldPath="" kind="Addon" apiVersion="k3s.cattle.io/v1" type="Normal" reason="AppliedManifest" message="Applied manifest at \"/var/lib/rancher/k3s/server/manifests/metrics-server/metrics-server-service.yaml\""
2025-01-30 03:59:50,835 INFO c.h.h.t.HelmChartContainer - [K3S] [handler_proxy.go:99] no RequestInfo found in the context
2025-01-30 03:59:50,836 INFO c.h.h.t.HelmChartContainer - [K3S] [controller.go:146] "Unhandled Error" err=<
2025-01-30 03:59:50,836 INFO c.h.h.t.HelmChartContainer - [K3S] 	, Header: map[Content-Type:[text/plain; charset=utf-8] X-Content-Type-Options:[nosniff]]
2025-01-30 03:59:50,836 INFO c.h.h.t.HelmChartContainer - [K3S]  >
2025-01-30 03:59:50,837 INFO c.h.h.t.HelmChartContainer - [K3S] [handler_proxy.go:143] error resolving kube-system/metrics-server: endpoints "metrics-server" not found
2025-01-30 03:59:50,840 INFO c.h.h.t.HelmChartContainer - [K3S] [event.go:389] "Event occurred" object="kube-system/resource-reader" fieldPath="" kind="Addon" apiVersion="k3s.cattle.io/v1" type="Normal" reason="ApplyingManifest" message="Applying manifest at \"/var/lib/rancher/k3s/server/manifests/metrics-server/resource-reader.yaml\""
2025-01-30 03:59:50,847 INFO c.h.h.t.HelmChartContainer - [K3S] [controllermanager.go:765] "Started controller" controller="validatingadmissionpolicy-status-controller"
2025-01-30 03:59:50,878 INFO c.h.h.t.HelmChartContainer - [K3S] [event.go:389] "Event occurred" object="kube-system/resource-reader" fieldPath="" kind="Addon" apiVersion="k3s.cattle.io/v1" type="Normal" reason="AppliedManifest" message="Applied manifest at \"/var/lib/rancher/k3s/server/manifests/metrics-server/resource-reader.yaml\""
2025-01-30 03:59:50,883 INFO c.h.h.t.HelmChartContainer - [K3S] [event.go:389] "Event occurred" object="kube-system/rolebindings" fieldPath="" kind="Addon" apiVersion="k3s.cattle.io/v1" type="Normal" reason="ApplyingManifest" message="Applying manifest at \"/var/lib/rancher/k3s/server/manifests/rolebindings.yaml\""
2025-01-30 03:59:50,989 INFO c.h.h.t.HelmChartContainer - [K3S] [event.go:389] "Event occurred" object="kube-system/rolebindings" fieldPath="" kind="Addon" apiVersion="k3s.cattle.io/v1" type="Normal" reason="AppliedManifest" message="Applied manifest at \"/var/lib/rancher/k3s/server/manifests/rolebindings.yaml\""
2025-01-30 03:59:50,997 INFO c.h.h.t.HelmChartContainer - [K3S] [event.go:389] "Event occurred" object="kube-system/runtimes" fieldPath="" kind="Addon" apiVersion="k3s.cattle.io/v1" type="Normal" reason="ApplyingManifest" message="Applying manifest at \"/var/lib/rancher/k3s/server/manifests/runtimes.yaml\""
2025-01-30 03:59:51,025 INFO c.h.h.t.HelmChartContainer - [K3S] [event.go:389] "Event occurred" object="kube-system/runtimes" fieldPath="" kind="Addon" apiVersion="k3s.cattle.io/v1" type="Normal" reason="AppliedManifest" message="Applied manifest at \"/var/lib/rancher/k3s/server/manifests/runtimes.yaml\""
2025-01-30 03:59:51,091 INFO c.h.h.t.HelmChartContainer - [K3S] [serving.go:392] Generated self-signed cert in-memory
2025-01-30 03:59:51,149 INFO c.h.h.t.HelmChartContainer - [K3S] [controllermanager.go:765] "Started controller" controller="resourcequota-controller"
2025-01-30 03:59:51,150 INFO c.h.h.t.HelmChartContainer - [K3S] [controllermanager.go:723] "Skipping a cloud provider controller" controller="node-route-controller"
2025-01-30 03:59:51,150 INFO c.h.h.t.HelmChartContainer - [K3S] [resource_quota_controller.go:300] "Starting resource quota controller"
2025-01-30 03:59:51,294 INFO c.h.h.t.HelmChartContainer - [K3S] [controllermanager.go:765] "Started controller" controller="persistentvolume-protection-controller"
2025-01-30 03:59:51,295 INFO c.h.h.t.HelmChartContainer - [K3S] [pv_protection_controller.go:81] "Starting PV protection controller"
2025-01-30 03:59:51,443 INFO c.h.h.t.HelmChartContainer - [K3S] [controllermanager.go:765] "Started controller" controller="ephemeral-volume-controller"
2025-01-30 03:59:51,444 INFO c.h.h.t.HelmChartContainer - [K3S] [controller.go:173] "Starting ephemeral volume controller"
2025-01-30 03:59:51,489 INFO c.h.h.t.HelmChartContainer - [K3S] [serving.go:392] Generated self-signed cert in-memory
2025-01-30 03:59:51,593 INFO c.h.h.t.HelmChartContainer - [K3S] [controllermanager.go:765] "Started controller" controller="legacy-serviceaccount-token-cleaner-controller"
2025-01-30 03:59:51,593 INFO c.h.h.t.HelmChartContainer - [K3S] [legacy_serviceaccount_token_cleaner.go:103] "Starting legacy service account token cleaner controller"
2025-01-30 03:59:51,742 INFO c.h.h.t.HelmChartContainer - [K3S] [controllermanager.go:765] "Started controller" controller="replicationcontroller-controller"
2025-01-30 03:59:51,743 INFO c.h.h.t.HelmChartContainer - [K3S] [replica_set.go:217] "Starting controller" name="replicationcontroller"
2025-01-30 03:59:51,770 INFO c.h.h.t.HelmChartContainer - [K3S] [controllermanager.go:160] Version: v1.32.1+k3s1
2025-01-30 03:59:51,772 INFO c.h.h.t.HelmChartContainer - [K3S] [requestheader_controller.go:180] Starting RequestHeaderAuthRequestController
2025-01-30 03:59:51,772 INFO c.h.h.t.HelmChartContainer - [K3S] [configmap_cafile_content.go:205] "Starting controller" name="client-ca::kube-system::extension-apiserver-authentication::requestheader-client-ca-file"
2025-01-30 03:59:51,772 INFO c.h.h.t.HelmChartContainer - [K3S] [configmap_cafile_content.go:205] "Starting controller" name="client-ca::kube-system::extension-apiserver-authentication::client-ca-file"
2025-01-30 03:59:51,773 INFO c.h.h.t.HelmChartContainer - [K3S] [tlsconfig.go:243] "Starting DynamicServingCertificateController"
2025-01-30 03:59:51,773 INFO c.h.h.t.HelmChartContainer - [K3S] [secure_serving.go:213] Serving securely on 127.0.0.1:10258
2025-01-30 03:59:51,776 INFO c.h.h.t.HelmChartContainer - [K3S] [INFO] Creating service-lb-controller event broadcaster
2025-01-30 03:59:51,792 INFO c.h.h.t.HelmChartContainer - [K3S] [controllermanager.go:765] "Started controller" controller="certificatesigningrequest-approving-controller"
2025-01-30 03:59:51,792 INFO c.h.h.t.HelmChartContainer - [K3S] [certificate_controller.go:120] "Starting certificate controller" name="csrapproving"
2025-01-30 03:59:51,798 INFO c.h.h.t.HelmChartContainer - [K3S] [handler_proxy.go:99] no RequestInfo found in the context
2025-01-30 03:59:51,798 INFO c.h.h.t.HelmChartContainer - [K3S] [handler_proxy.go:99] no RequestInfo found in the context
2025-01-30 03:59:51,798 INFO c.h.h.t.HelmChartContainer - [K3S] [controller.go:102] "Unhandled Error" err=<
2025-01-30 03:59:51,799 INFO c.h.h.t.HelmChartContainer - [K3S] 	, Header: map[Content-Type:[text/plain; charset=utf-8] X-Content-Type-Options:[nosniff]]
2025-01-30 03:59:51,799 INFO c.h.h.t.HelmChartContainer - [K3S]  >
2025-01-30 03:59:51,887 INFO c.h.h.t.HelmChartContainer - [K3S] [INFO] Starting /v1, Kind=Node controller
2025-01-30 03:59:51,890 INFO c.h.h.t.HelmChartContainer - [K3S] [INFO] Starting /v1, Kind=Pod controller
2025-01-30 03:59:51,892 INFO c.h.h.t.HelmChartContainer - [K3S] [INFO] Starting apps/v1, Kind=DaemonSet controller
2025-01-30 03:59:51,895 INFO c.h.h.t.HelmChartContainer - [K3S] [INFO] Starting discovery.k8s.io/v1, Kind=EndpointSlice controller
2025-01-30 03:59:51,897 INFO c.h.h.t.HelmChartContainer - [K3S] [controllermanager.go:329] Started "service-lb-controller"
2025-01-30 03:59:51,897 INFO c.h.h.t.HelmChartContainer - [K3S] [controllermanager.go:306] "node-route-controller" is disabled
2025-01-30 03:59:51,897 INFO c.h.h.t.HelmChartContainer - [K3S] [controllermanager.go:329] Started "cloud-node-controller"
2025-01-30 03:59:51,897 INFO c.h.h.t.HelmChartContainer - [K3S] [controller.go:234] Starting service controller
2025-01-30 03:59:51,897 INFO c.h.h.t.HelmChartContainer - [K3S] [controllermanager.go:329] Started "cloud-node-lifecycle-controller"
2025-01-30 03:59:51,897 INFO c.h.h.t.HelmChartContainer - [K3S] [node_controller.go:176] Sending events to api server.
2025-01-30 03:59:51,897 INFO c.h.h.t.HelmChartContainer - [K3S] [node_controller.go:185] Waiting for informer caches to sync
2025-01-30 03:59:51,897 INFO c.h.h.t.HelmChartContainer - [K3S] [node_lifecycle_controller.go:112] Sending events to api server
2025-01-30 03:59:51,991 INFO c.h.h.t.HelmChartContainer - [K3S] [INFO] Tunnel authorizer set Kubelet Port 0.0.0.0:10250
2025-01-30 03:59:51,992 INFO c.h.h.t.HelmChartContainer - [K3S] [controllermanager.go:765] "Started controller" controller="disruption-controller"
2025-01-30 03:59:51,992 INFO c.h.h.t.HelmChartContainer - [K3S] [disruption.go:452] "Sending events to api server."
2025-01-30 03:59:51,992 INFO c.h.h.t.HelmChartContainer - [K3S] [disruption.go:463] "Starting disruption controller"
2025-01-30 03:59:52,005 INFO c.h.h.t.HelmChartContainer - [K3S] [node_controller.go:429] Initializing node bb975d1fd0a5 with cloud provider
2025-01-30 03:59:52,009 INFO c.h.h.t.HelmChartContainer - [K3S] [node_controller.go:474] Successfully initialized node bb975d1fd0a5 with cloud provider
2025-01-30 03:59:52,009 INFO c.h.h.t.HelmChartContainer - [K3S] [event.go:389] "Event occurred" object="bb975d1fd0a5" fieldPath="" kind="Node" apiVersion="v1" type="Normal" reason="Synced" message="Node synced successfully"
2025-01-30 03:59:52,094 INFO c.h.h.t.HelmChartContainer - [K3S] [INFO] Updated coredns NodeHosts entry for bb975d1fd0a5
2025-01-30 03:59:52,143 INFO c.h.h.t.HelmChartContainer - [K3S] [controllermanager.go:765] "Started controller" controller="statefulset-controller"
2025-01-30 03:59:52,143 INFO c.h.h.t.HelmChartContainer - [K3S] [controllermanager.go:728] "Warning: controller is disabled" controller="bootstrap-signer-controller"
2025-01-30 03:59:52,144 INFO c.h.h.t.HelmChartContainer - [K3S] [controllermanager.go:717] "Controller is disabled by a feature gate" controller="storageversion-garbage-collector-controller" requiredFeatureGates=["APIServerIdentity","StorageVersionAPI"]
2025-01-30 03:59:52,144 INFO c.h.h.t.HelmChartContainer - [K3S] [controllermanager.go:717] "Controller is disabled by a feature gate" controller="service-cidr-controller" requiredFeatureGates=["MultiCIDRServiceAllocator"]
2025-01-30 03:59:52,144 INFO c.h.h.t.HelmChartContainer - [K3S] [stateful_set.go:166] "Starting stateful set controller"
2025-01-30 03:59:52,354 INFO c.h.h.t.HelmChartContainer - [K3S] [serving.go:392] Generated self-signed cert in-memory
2025-01-30 03:59:52,398 INFO c.h.h.t.HelmChartContainer - [K3S] [controllermanager.go:765] "Started controller" controller="namespace-controller"
2025-01-30 03:59:52,398 INFO c.h.h.t.HelmChartContainer - [K3S] [namespace_controller.go:202] "Starting namespace controller"
2025-01-30 03:59:52,545 INFO c.h.h.t.HelmChartContainer - [K3S] [controllermanager.go:765] "Started controller" controller="deployment-controller"
2025-01-30 03:59:52,545 INFO c.h.h.t.HelmChartContainer - [K3S] [deployment_controller.go:173] "Starting controller" controller="deployment"
2025-01-30 03:59:52,568 INFO c.h.h.t.HelmChartContainer - [K3S] [actual_state_of_world.go:541] "Failed to update statusUpdateNeeded field in actual state of world" err="Failed to set statusUpdateNeeded to needed true, because nodeName=\"bb975d1fd0a5\" does not exist"
2025-01-30 03:59:52,587 INFO c.h.h.t.HelmChartContainer - [K3S] [range_allocator.go:177] "Sending events to api server"
2025-01-30 03:59:52,587 INFO c.h.h.t.HelmChartContainer - [K3S] [range_allocator.go:183] "Starting range CIDR allocator"
2025-01-30 03:59:52,595 INFO c.h.h.t.HelmChartContainer - [K3S] [INFO] Flannel found PodCIDR assigned for node bb975d1fd0a5
2025-01-30 03:59:52,595 INFO c.h.h.t.HelmChartContainer - [K3S] [node_lifecycle_controller.go:1234] "Initializing eviction metric for zone" zone=""
2025-01-30 03:59:52,595 INFO c.h.h.t.HelmChartContainer - [K3S] [node_lifecycle_controller.go:886] "Missing timestamp for Node. Assuming now as a timestamp" node="bb975d1fd0a5"
2025-01-30 03:59:52,595 INFO c.h.h.t.HelmChartContainer - [K3S] [node_lifecycle_controller.go:1080] "Controller detected that zone is now in new state" zone="" newState="Normal"
2025-01-30 03:59:52,595 INFO c.h.h.t.HelmChartContainer - [K3S] [range_allocator.go:428] "Set node PodCIDR" node="bb975d1fd0a5" podCIDRs=["10.42.0.0/24"]
2025-01-30 03:59:52,595 INFO c.h.h.t.HelmChartContainer - [K3S] [range_allocator.go:247] "Successfully synced" key="bb975d1fd0a5"
2025-01-30 03:59:52,595 INFO c.h.h.t.HelmChartContainer - [K3S] [range_allocator.go:247] "Successfully synced" key="bb975d1fd0a5"
2025-01-30 03:59:52,598 INFO c.h.h.t.HelmChartContainer - [K3S] [INFO] The interface eth0 with ipv4 address 172.18.0.2 will be used by flannel
2025-01-30 03:59:52,600 INFO c.h.h.t.HelmChartContainer - [K3S] [kube.go:139] Waiting 10m0s for node controller to sync
2025-01-30 03:59:52,600 INFO c.h.h.t.HelmChartContainer - [K3S] [kube.go:469] Starting kube subnet manager
2025-01-30 03:59:52,603 INFO c.h.h.t.HelmChartContainer - [K3S] [range_allocator.go:247] "Successfully synced" key="bb975d1fd0a5"
2025-01-30 03:59:52,715 INFO c.h.h.t.HelmChartContainer - [K3S] [INFO] Starting network policy controller version v2.2.1, built on 2025-01-28T18:27:08Z, go1.23.4
2025-01-30 03:59:52,715 INFO c.h.h.t.HelmChartContainer - [K3S] [network_policy_controller.go:164] Starting network policy controller
2025-01-30 03:59:52,753 INFO c.h.h.t.HelmChartContainer - [K3S] [network_policy_controller.go:176] Starting network policy controller full sync goroutine
2025-01-30 03:59:52,762 INFO c.h.h.t.HelmChartContainer - [K3S] [server.go:164] "Starting Kubernetes Scheduler" version="v1.32.1+k3s1"
2025-01-30 03:59:52,762 INFO c.h.h.t.HelmChartContainer - [K3S] [server.go:166] "Golang settings" GOGC="" GOMAXPROCS="" GOTRACEBACK=""
2025-01-30 03:59:52,765 INFO c.h.h.t.HelmChartContainer - [K3S] [secure_serving.go:213] Serving securely on 127.0.0.1:10259
2025-01-30 03:59:52,765 INFO c.h.h.t.HelmChartContainer - [K3S] [requestheader_controller.go:180] Starting RequestHeaderAuthRequestController
2025-01-30 03:59:52,766 INFO c.h.h.t.HelmChartContainer - [K3S] [configmap_cafile_content.go:205] "Starting controller" name="client-ca::kube-system::extension-apiserver-authentication::client-ca-file"
2025-01-30 03:59:52,767 INFO c.h.h.t.HelmChartContainer - [K3S] [configmap_cafile_content.go:205] "Starting controller" name="client-ca::kube-system::extension-apiserver-authentication::requestheader-client-ca-file"
2025-01-30 03:59:52,767 INFO c.h.h.t.HelmChartContainer - [K3S] [tlsconfig.go:243] "Starting DynamicServingCertificateController"
2025-01-30 03:59:52,851 INFO c.h.h.t.HelmChartContainer - [K3S] [handler_proxy.go:99] no RequestInfo found in the context
2025-01-30 03:59:52,851 INFO c.h.h.t.HelmChartContainer - [K3S] [controller.go:146] "Unhandled Error" err=<
2025-01-30 03:59:52,851 INFO c.h.h.t.HelmChartContainer - [K3S] 	, Header: map[Content-Type:[text/plain; charset=utf-8] X-Content-Type-Options:[nosniff]]
2025-01-30 03:59:52,851 INFO c.h.h.t.HelmChartContainer - [K3S]  >
2025-01-30 03:59:52,852 INFO c.h.h.t.HelmChartContainer - [K3S] [handler_proxy.go:143] error resolving kube-system/metrics-server: no endpoints available for service "metrics-server"
2025-01-30 03:59:52,990 INFO c.h.h.t.HelmChartContainer - [K3S] [INFO] Started tunnel to 172.18.0.2:6443
2025-01-30 03:59:52,990 INFO c.h.h.t.HelmChartContainer - [K3S] [INFO] Stopped tunnel to 127.0.0.1:6443
2025-01-30 03:59:52,990 INFO c.h.h.t.HelmChartContainer - [K3S] [INFO] Connecting to proxy" url="wss://172.18.0.2:6443/v1-k3s/connect
2025-01-30 03:59:52,990 INFO c.h.h.t.HelmChartContainer - [K3S] [INFO] Proxy done" err="context canceled" url="wss://127.0.0.1:6443/v1-k3s/connect
2025-01-30 03:59:52,991 INFO c.h.h.t.HelmChartContainer - [K3S] [INFO] error in remotedialer server [400]: websocket: close 1006 (abnormal closure): unexpected EOF
2025-01-30 03:59:52,993 INFO c.h.h.t.HelmChartContainer - [K3S] [INFO] Handling backend connection request [bb975d1fd0a5]
2025-01-30 03:59:52,993 INFO c.h.h.t.HelmChartContainer - [K3S] [INFO] Remotedialer connected to proxy" url="wss://172.18.0.2:6443/v1-k3s/connect
2025-01-30 03:59:53,247 INFO c.h.h.t.HelmChartContainer - [K3S] [range_allocator.go:247] "Successfully synced" key="bb975d1fd0a5"
2025-01-30 03:59:53,463 INFO c.h.h.t.HelmChartContainer - [K3S] [replica_set.go:679] "Finished syncing" kind="ReplicaSet" key="kube-system/metrics-server-8584b5786c" duration="258.562701ms"
2025-01-30 03:59:53,467 INFO c.h.h.t.HelmChartContainer - [K3S] [replica_set.go:679] "Finished syncing" kind="ReplicaSet" key="kube-system/coredns-ff8999cc5" duration="267.285578ms"
2025-01-30 03:59:53,479 INFO c.h.h.t.HelmChartContainer - [K3S] [reflector.go:569] object-"kube-system"/"coredns-custom": failed to list *v1.ConfigMap: configmaps "coredns-custom" is forbidden: User "system:node:bb975d1fd0a5" cannot list resource "configmaps" in API group "" in the namespace "kube-system": no relationship found between node 'bb975d1fd0a5' and this object
2025-01-30 03:59:53,480 INFO c.h.h.t.HelmChartContainer - [K3S] [reflector.go:166] "Unhandled Error" err="object-\"kube-system\"/\"coredns-custom\": Failed to watch *v1.ConfigMap: failed to list *v1.ConfigMap: configmaps \"coredns-custom\" is forbidden: User \"system:node:bb975d1fd0a5\" cannot list resource \"configmaps\" in API group \"\" in the namespace \"kube-system\": no relationship found between node 'bb975d1fd0a5' and this object"
2025-01-30 03:59:53,482 INFO c.h.h.t.HelmChartContainer - [K3S] [replica_set.go:679] "Finished syncing" kind="ReplicaSet" key="kube-system/local-path-provisioner-698b58967b" duration="283.638634ms"
2025-01-30 03:59:53,490 INFO c.h.h.t.HelmChartContainer - [K3S] [replica_set.go:679] "Finished syncing" kind="ReplicaSet" key="kube-system/metrics-server-8584b5786c" duration="28.112004ms"
2025-01-30 03:59:53,499 INFO c.h.h.t.HelmChartContainer - [K3S] [replica_set.go:679] "Finished syncing" kind="ReplicaSet" key="kube-system/metrics-server-8584b5786c" duration="12.269089ms"
2025-01-30 03:59:53,500 INFO c.h.h.t.HelmChartContainer - [K3S] [replica_set.go:679] "Finished syncing" kind="ReplicaSet" key="kube-system/metrics-server-8584b5786c" duration="50.274µs"
2025-01-30 03:59:53,502 INFO c.h.h.t.HelmChartContainer - [K3S] [replica_set.go:679] "Finished syncing" kind="ReplicaSet" key="kube-system/local-path-provisioner-698b58967b" duration="19.953598ms"
2025-01-30 03:59:53,506 INFO c.h.h.t.HelmChartContainer - [K3S] [replica_set.go:679] "Finished syncing" kind="ReplicaSet" key="kube-system/coredns-ff8999cc5" duration="38.238766ms"
2025-01-30 03:59:53,512 INFO c.h.h.t.HelmChartContainer - [K3S] [replica_set.go:679] "Finished syncing" kind="ReplicaSet" key="kube-system/metrics-server-8584b5786c" duration="30.997µs"
2025-01-30 03:59:53,517 INFO c.h.h.t.HelmChartContainer - [K3S] [replica_set.go:679] "Finished syncing" kind="ReplicaSet" key="kube-system/local-path-provisioner-698b58967b" duration="13.771852ms"
2025-01-30 03:59:53,517 INFO c.h.h.t.HelmChartContainer - [K3S] [replica_set.go:679] "Finished syncing" kind="ReplicaSet" key="kube-system/local-path-provisioner-698b58967b" duration="25.157µs"
2025-01-30 03:59:53,528 INFO c.h.h.t.HelmChartContainer - [K3S] [replica_set.go:679] "Finished syncing" kind="ReplicaSet" key="kube-system/coredns-ff8999cc5" duration="21.262497ms"
2025-01-30 03:59:53,528 INFO c.h.h.t.HelmChartContainer - [K3S] [replica_set.go:679] "Finished syncing" kind="ReplicaSet" key="kube-system/coredns-ff8999cc5" duration="51.987µs"
2025-01-30 03:59:53,530 INFO c.h.h.t.HelmChartContainer - [K3S] [replica_set.go:679] "Finished syncing" kind="ReplicaSet" key="kube-system/coredns-ff8999cc5" duration="25.457µs"
2025-01-30 03:59:53,536 INFO c.h.h.t.HelmChartContainer - [K3S] [replica_set.go:679] "Finished syncing" kind="ReplicaSet" key="kube-system/local-path-provisioner-698b58967b" duration="32.712µs"
2025-01-30 03:59:53,547 INFO c.h.h.t.HelmChartContainer - [K3S] [reconciler_common.go:251] "operationExecutor.VerifyControllerAttachedVolume started for volume \"config-volume\" (UniqueName: \"kubernetes.io/configmap/459d43f1-caa2-4c1b-854f-c4d1c09397cf-config-volume\") pod \"coredns-ff8999cc5-c6qhf\" (UID: \"459d43f1-caa2-4c1b-854f-c4d1c09397cf\") " pod="kube-system/coredns-ff8999cc5-c6qhf"
2025-01-30 03:59:53,547 INFO c.h.h.t.HelmChartContainer - [K3S] [reconciler_common.go:251] "operationExecutor.VerifyControllerAttachedVolume started for volume \"custom-config-volume\" (UniqueName: \"kubernetes.io/configmap/459d43f1-caa2-4c1b-854f-c4d1c09397cf-custom-config-volume\") pod \"coredns-ff8999cc5-c6qhf\" (UID: \"459d43f1-caa2-4c1b-854f-c4d1c09397cf\") " pod="kube-system/coredns-ff8999cc5-c6qhf"
2025-01-30 03:59:53,547 INFO c.h.h.t.HelmChartContainer - [K3S] [reconciler_common.go:251] "operationExecutor.VerifyControllerAttachedVolume started for volume \"kube-api-access-wbw9c\" (UniqueName: \"kubernetes.io/projected/459d43f1-caa2-4c1b-854f-c4d1c09397cf-kube-api-access-wbw9c\") pod \"coredns-ff8999cc5-c6qhf\" (UID: \"459d43f1-caa2-4c1b-854f-c4d1c09397cf\") " pod="kube-system/coredns-ff8999cc5-c6qhf"
2025-01-30 03:59:53,547 INFO c.h.h.t.HelmChartContainer - [K3S] [reconciler_common.go:251] "operationExecutor.VerifyControllerAttachedVolume started for volume \"config-volume\" (UniqueName: \"kubernetes.io/configmap/07c5d58b-6b18-44f8-a535-5051dec3604b-config-volume\") pod \"local-path-provisioner-698b58967b-tgfk7\" (UID: \"07c5d58b-6b18-44f8-a535-5051dec3604b\") " pod="kube-system/local-path-provisioner-698b58967b-tgfk7"
2025-01-30 03:59:53,547 INFO c.h.h.t.HelmChartContainer - [K3S] [reconciler_common.go:251] "operationExecutor.VerifyControllerAttachedVolume started for volume \"kube-api-access-b9skf\" (UniqueName: \"kubernetes.io/projected/07c5d58b-6b18-44f8-a535-5051dec3604b-kube-api-access-b9skf\") pod \"local-path-provisioner-698b58967b-tgfk7\" (UID: \"07c5d58b-6b18-44f8-a535-5051dec3604b\") " pod="kube-system/local-path-provisioner-698b58967b-tgfk7"
2025-01-30 03:59:53,547 INFO c.h.h.t.HelmChartContainer - [K3S] [reconciler_common.go:251] "operationExecutor.VerifyControllerAttachedVolume started for volume \"tmp-dir\" (UniqueName: \"kubernetes.io/empty-dir/6a1b4cfc-824c-40fc-a63a-78487afd2ab3-tmp-dir\") pod \"metrics-server-8584b5786c-4cgxb\" (UID: \"6a1b4cfc-824c-40fc-a63a-78487afd2ab3\") " pod="kube-system/metrics-server-8584b5786c-4cgxb"
2025-01-30 03:59:53,547 INFO c.h.h.t.HelmChartContainer - [K3S] [reconciler_common.go:251] "operationExecutor.VerifyControllerAttachedVolume started for volume \"kube-api-access-cvrqc\" (UniqueName: \"kubernetes.io/projected/6a1b4cfc-824c-40fc-a63a-78487afd2ab3-kube-api-access-cvrqc\") pod \"metrics-server-8584b5786c-4cgxb\" (UID: \"6a1b4cfc-824c-40fc-a63a-78487afd2ab3\") " pod="kube-system/metrics-server-8584b5786c-4cgxb"
2025-01-30 03:59:53,601 INFO c.h.h.t.HelmChartContainer - [K3S] [kube.go:146] Node controller sync successful
2025-01-30 03:59:53,601 INFO c.h.h.t.HelmChartContainer - [K3S] [vxlan.go:141] VXLAN config: VNI=1 Port=0 GBP=false Learning=false DirectRouting=false
2025-01-30 03:59:53,603 INFO c.h.h.t.HelmChartContainer - [K3S] [kube.go:636] List of node(bb975d1fd0a5) annotations: map[string]string{"alpha.kubernetes.io/provided-node-ip":"172.18.0.2", "k3s.io/hostname":"bb975d1fd0a5", "k3s.io/internal-ip":"172.18.0.2", "k3s.io/node-args":"[\"server\",\"--etcd-arg\",\"unsafe-no-fsync\",\"--etcd-arg\",\"snapshot-count=10000\",\"--etcd-arg\",\"auto-compaction-mode=revision\",\"--etcd-arg\",\"auto-compaction-retention=1000000\",\"--kube-apiserver-arg\",\"etcd-compaction-interval=0s\",\"--disable\",\"traefik\",\"--tls-san\",\"localhost\"]", "k3s.io/node-config-hash":"2QNNT5M5XUBFOLO5XPGEVGOM5UDLHHTIVMSRUPAUHE5DU3HUYQUQ====", "k3s.io/node-env":"{}", "node.alpha.kubernetes.io/ttl":"0", "volumes.kubernetes.io/controller-managed-attach-detach":"true"}
2025-01-30 03:59:53,608 INFO c.h.h.t.HelmChartContainer - [K3S] [kube.go:490] Creating the node lease for IPv4. This is the n.Spec.PodCIDRs: [10.42.0.0/24]
2025-01-30 03:59:53,608 INFO c.h.h.t.HelmChartContainer - [K3S] [iptables.go:51] Starting flannel in iptables mode...
2025-01-30 03:59:53,608 INFO c.h.h.t.HelmChartContainer - [K3S] [range_allocator.go:247] "Successfully synced" key="bb975d1fd0a5"
2025-01-30 03:59:53,608 INFO c.h.h.t.HelmChartContainer - [K3S] [WARNING] no subnet found for key: FLANNEL_NETWORK in file: /run/flannel/subnet.env
2025-01-30 03:59:53,608 INFO c.h.h.t.HelmChartContainer - [K3S] [WARNING] no subnet found for key: FLANNEL_SUBNET in file: /run/flannel/subnet.env
2025-01-30 03:59:53,608 INFO c.h.h.t.HelmChartContainer - [K3S] [WARNING] no subnet found for key: FLANNEL_IPV6_NETWORK in file: /run/flannel/subnet.env
2025-01-30 03:59:53,608 INFO c.h.h.t.HelmChartContainer - [K3S] [WARNING] no subnet found for key: FLANNEL_IPV6_SUBNET in file: /run/flannel/subnet.env
2025-01-30 03:59:53,608 INFO c.h.h.t.HelmChartContainer - [K3S] [iptables.go:115] Current network or subnet (10.42.0.0/16, 10.42.0.0/24) is not equal to previous one (0.0.0.0/0, 0.0.0.0/0), trying to recycle old iptables rules
2025-01-30 03:59:53,616 INFO c.h.h.t.HelmChartContainer - [K3S] [iptables.go:125] Setting up masking rules
2025-01-30 03:59:53,618 INFO c.h.h.t.HelmChartContainer - [K3S] [iptables.go:226] Changing default FORWARD chain policy to ACCEPT
2025-01-30 03:59:53,620 INFO c.h.h.t.HelmChartContainer - [K3S] [INFO] Wrote flannel subnet file to /run/flannel/subnet.env
2025-01-30 03:59:53,620 INFO c.h.h.t.HelmChartContainer - [K3S] [INFO] Running flannel backend.
2025-01-30 03:59:53,620 INFO c.h.h.t.HelmChartContainer - [K3S] [vxlan_network.go:65] watching for new subnet leases
2025-01-30 03:59:53,628 INFO c.h.h.t.HelmChartContainer - [K3S] [iptables.go:372] bootstrap done
2025-01-30 03:59:53,633 INFO c.h.h.t.HelmChartContainer - [K3S] [iptables.go:372] bootstrap done
2025-01-30 03:59:53,853 INFO c.h.h.t.HelmChartContainer - [K3S] [handler_proxy.go:99] no RequestInfo found in the context
2025-01-30 03:59:53,853 INFO c.h.h.t.HelmChartContainer - [K3S] [handler_proxy.go:99] no RequestInfo found in the context
2025-01-30 03:59:53,854 INFO c.h.h.t.HelmChartContainer - [K3S] [controller.go:102] "Unhandled Error" err=<
2025-01-30 03:59:53,854 INFO c.h.h.t.HelmChartContainer - [K3S] 	, Header: map[Content-Type:[text/plain; charset=utf-8] X-Content-Type-Options:[nosniff]]
2025-01-30 03:59:53,854 INFO c.h.h.t.HelmChartContainer - [K3S]  >
2025-01-30 03:59:54,649 INFO c.h.h.t.HelmChartContainer - [K3S] [configmap.go:193] Couldn't get configMap kube-system/coredns-custom: failed to sync configmap cache: timed out waiting for the condition
2025-01-30 03:59:54,649 INFO c.h.h.t.HelmChartContainer - [K3S] [nestedpendingoperations.go:348] Operation for "{volumeName:kubernetes.io/configmap/459d43f1-caa2-4c1b-854f-c4d1c09397cf-custom-config-volume podName:459d43f1-caa2-4c1b-854f-c4d1c09397cf nodeName:}" failed. No retries permitted until 2025-01-30 03:59:55.14851312 +0000 UTC m=+10.730850562 (durationBeforeRetry 500ms). Error: MountVolume.SetUp failed for volume "custom-config-volume" (UniqueName: "kubernetes.io/configmap/459d43f1-caa2-4c1b-854f-c4d1c09397cf-custom-config-volume") pod "coredns-ff8999cc5-c6qhf" (UID: "459d43f1-caa2-4c1b-854f-c4d1c09397cf") : failed to sync configmap cache: timed out waiting for the condition
2025-01-30 03:59:56,123 INFO c.h.h.t.HelmChartContainer - [K3S] [replica_set.go:679] "Finished syncing" kind="ReplicaSet" key="kube-system/local-path-provisioner-698b58967b" duration="7.752911ms"
2025-01-30 03:59:56,125 INFO c.h.h.t.HelmChartContainer - [K3S] [replica_set.go:679] "Finished syncing" kind="ReplicaSet" key="kube-system/local-path-provisioner-698b58967b" duration="32.851µs"
2025-01-30 03:59:57,774 DEBUG c.h.h.t.HelmChartContainer - Image file loaded 'hivemq-platform-operator.tar'
2025-01-30 03:59:58,141 INFO c.h.h.t.HelmChartContainer - [K3S] [replica_set.go:679] "Finished syncing" kind="ReplicaSet" key="kube-system/metrics-server-8584b5786c" duration="31.158µs"
2025-01-30 03:59:58,166 INFO c.h.h.t.HelmChartContainer - [K3S] [replica_set.go:679] "Finished syncing" kind="ReplicaSet" key="kube-system/coredns-ff8999cc5" duration="8.869249ms"
2025-01-30 03:59:58,167 INFO c.h.h.t.HelmChartContainer - [K3S] [replica_set.go:679] "Finished syncing" kind="ReplicaSet" key="kube-system/coredns-ff8999cc5" duration="39.233µs"
2025-01-30 03:59:58,369 DEBUG c.h.h.t.HelmChartContainer - Image file loaded 'hivemq-platform-operator-init.tar'
2025-01-30 03:59:58,396 INFO c.h.h.t.HelmChartContainer - [K3S] [kuberuntime_manager.go:1702] "Updating runtime config through cri with podcidr" CIDR="10.42.0.0/24"
2025-01-30 03:59:58,396 INFO c.h.h.t.HelmChartContainer - [K3S] [kubelet_network.go:61] "Updating Pod CIDR" originalPodCIDR="" newPodCIDR="10.42.0.0/24"
2025-01-30 03:59:58,403 INFO c.h.h.t.HelmChartContainer - [K3S] [range_allocator.go:247] "Successfully synced" key="bb975d1fd0a5"
2025-01-30 04:00:04,410 DEBUG c.h.h.t.HelmChartContainer - Image file loaded 'hivemq-platform.tar'
2025-01-30 04:00:04,410 DEBUG c.h.h.t.HelmChartContainer - Successful Helm chart Container startup
2025-01-30 04:00:04,419 INFO t.localhost/testcontainers/zpb7nwamneh3fgbn:latest - Container localhost/testcontainers/zpb7nwamneh3fgbn:latest started in PT21.396693937S
2025-01-30 04:00:04,429 DEBUG c.h.h.t.HelmChartContainer - Executing helm command: /bin/helm --kubeconfig /etc/rancher/k3s/k3s.yaml repo add hivemq https://hivemq.github.io/helm-charts
2025-01-30 04:00:05,719 INFO c.h.h.t.HelmChartContainer - [EVENT] Normal [Starting] Starting kubelet. [null:bb975d1fd0a5]
2025-01-30 04:00:05,720 INFO c.h.h.t.HelmChartContainer - [EVENT] Warning [InvalidDiskCapacity] invalid capacity 0 on image filesystem [null:bb975d1fd0a5]
2025-01-30 04:00:05,721 INFO c.h.h.t.HelmChartContainer - [EVENT] Normal [NodeHasSufficientMemory] Node bb975d1fd0a5 status is now: NodeHasSufficientMemory [null:bb975d1fd0a5]
2025-01-30 04:00:05,724 INFO c.h.h.t.HelmChartContainer - [EVENT] Normal [NodeHasNoDiskPressure] Node bb975d1fd0a5 status is now: NodeHasNoDiskPressure [null:bb975d1fd0a5]
2025-01-30 04:00:05,726 INFO c.h.h.t.HelmChartContainer - Saved kubeconfig file on /tmp/kubeconfig-401286702835596095.yaml
2025-01-30 04:00:05,726 INFO c.h.h.t.HelmChartContainer - HelmChartContainer is started
2025-01-30 04:00:05,726 INFO c.h.h.t.HelmChartContainer - [EVENT] Normal [NodeHasSufficientPID] Node bb975d1fd0a5 status is now: NodeHasSufficientPID [null:bb975d1fd0a5]
2025-01-30 04:00:05,728 INFO c.h.h.t.HelmChartContainer - [EVENT] Normal [NodeAllocatableEnforced] Updated Node Allocatable limit across pods [null:bb975d1fd0a5]
2025-01-30 04:00:05,731 INFO c.h.h.t.HelmChartContainer - [EVENT] Normal [NodeReady] Node bb975d1fd0a5 status is now: NodeReady [null:bb975d1fd0a5]
2025-01-30 04:00:05,731 INFO c.h.h.t.HelmChartContainer - [EVENT] Normal [NodePasswordValidationComplete] Deferred node password secret validation complete [null:bb975d1fd0a5]
2025-01-30 04:00:05,734 INFO c.h.h.t.HelmChartContainer - [EVENT] Normal [Synced] Node synced successfully [null:bb975d1fd0a5]
2025-01-30 04:00:05,737 INFO c.h.h.t.HelmChartContainer - [EVENT] Normal [RegisteredNode] Node bb975d1fd0a5 event: Registered Node bb975d1fd0a5 in Controller [null:bb975d1fd0a5]
]]></system-out>
  <system-err><![CDATA[]]></system-err>
</testsuite>
