<?xml version="1.0" encoding="UTF-8"?>
<testsuite name="com.hivemq.helmcharts.monitoring.HelmMonitoringPlatformIT" tests="1" skipped="0" failures="0" errors="0" timestamp="2025-01-30T18:16:13" hostname="fv-az1296-243" time="219.589">
  <properties/>
  <testcase name="withPlatformMonitoringEnabled_metricsAndDashboardAvailable()" classname="com.hivemq.helmcharts.monitoring.HelmMonitoringPlatformIT" time="219.589">
    <system-out><![CDATA[2025-01-30 18:16:13,494 INFO c.h.h.t.HelmChartContainer - Creating namespace 'helmmonitoringplatformit-operator'...
2025-01-30 18:16:13,500 INFO c.h.h.t.HelmChartContainer - Namespace 'helmmonitoringplatformit-operator' created
2025-01-30 18:16:13,500 INFO c.h.h.t.HelmChartContainer - Creating namespace 'helmmonitoringplatformit'...
2025-01-30 18:16:13,601 INFO c.h.h.t.HelmChartContainer - Namespace 'helmmonitoringplatformit' created
2025-01-30 18:16:13,661 DEBUG c.h.h.t.HelmChartContainer - Executing helm command: /bin/helm --kubeconfig /etc/rancher/k3s/k3s.yaml install test-hivemq-platform-operator /charts/hivemq-platform-operator --wait --timeout 5m0s --set image.repository=docker.io/hivemq --set image.name=hivemq-platform-operator-test --set image.initImageName=hivemq-platform-operator-init-test --set image.tag=snapshot --set image.pullPolicy=Never --set logLevel=DEBUG --set resources.cpu=512m --namespace helmmonitoringplatformit-operator
2025-01-30 18:16:13,960 INFO c.h.h.t.HelmChartContainer - [K3S] [alloc.go:330] "allocated clusterIPs" service="helmmonitoringplatformit-operator/hivemq-platform-operator-test-hivemq-platform-operator" clusterIPs={"IPv4":"10.43.213.224"}
2025-01-30 18:16:13,972 INFO c.h.h.t.HelmChartContainer - [EVENT] Normal [ScalingReplicaSet] Scaled up replica set hivemq-test-hivemq-platform-operator-6966f96d65 from 0 to 1 [helmmonitoringplatformit-operator:hivemq-test-hivemq-platform-operator]
2025-01-30 18:16:13,980 INFO c.h.h.t.HelmChartContainer - [POD] hivemq-test-hivemq-platform-operator-6966f96d65-jzm9c [5c057a65-e10d-49ef-89cb-1ec63f89f787] in helmmonitoringplatformit-operator was ADDED
2025-01-30 18:16:13,986 INFO c.h.h.t.HelmChartContainer - [EVENT] Normal [SuccessfulCreate] Created pod: hivemq-test-hivemq-platform-operator-6966f96d65-jzm9c [helmmonitoringplatformit-operator:hivemq-test-hivemq-platform-operator-6966f96d65]
2025-01-30 18:16:13,987 INFO c.h.h.t.HelmChartContainer - [K3S] [replica_set.go:679] "Finished syncing" kind="ReplicaSet" key="helmmonitoringplatformit-operator/hivemq-test-hivemq-platform-operator-6966f96d65" duration="17.959213ms"
2025-01-30 18:16:13,989 INFO c.h.h.t.HelmChartContainer - [K3S] [memory_manager.go:355] "RemoveStaleState removing state" podUID="776b8792-d0d8-4fe1-b175-cf5770546239" containerName="hivemq-platform-operator"
2025-01-30 18:16:13,991 INFO c.h.h.t.HelmChartContainer - [K3S] [memory_manager.go:355] "RemoveStaleState removing state" podUID="b3255779-116f-4747-8c64-b74f27d294bb" containerName="hivemq"
2025-01-30 18:16:13,991 INFO c.h.h.t.HelmChartContainer - [POD] hivemq-test-hivemq-platform-operator-6966f96d65-jzm9c [5c057a65-e10d-49ef-89cb-1ec63f89f787] in helmmonitoringplatformit-operator was MODIFIED
2025-01-30 18:16:13,995 INFO c.h.h.t.HelmChartContainer - [EVENT] Normal [Scheduled] Successfully assigned helmmonitoringplatformit-operator/hivemq-test-hivemq-platform-operator-6966f96d65-jzm9c to 66de24468ee4 [helmmonitoringplatformit-operator:hivemq-test-hivemq-platform-operator-6966f96d65-jzm9c]
2025-01-30 18:16:13,997 INFO c.h.h.t.HelmChartContainer - [K3S] [replica_set.go:679] "Finished syncing" kind="ReplicaSet" key="helmmonitoringplatformit-operator/hivemq-test-hivemq-platform-operator-6966f96d65" duration="9.169713ms"
2025-01-30 18:16:13,998 INFO c.h.h.t.HelmChartContainer - [K3S] [replica_set.go:679] "Finished syncing" kind="ReplicaSet" key="helmmonitoringplatformit-operator/hivemq-test-hivemq-platform-operator-6966f96d65" duration="33.383µs"
2025-01-30 18:16:14,005 INFO c.h.h.t.HelmChartContainer - [K3S] [replica_set.go:679] "Finished syncing" kind="ReplicaSet" key="helmmonitoringplatformit-operator/hivemq-test-hivemq-platform-operator-6966f96d65" duration="33.092µs"
2025-01-30 18:16:14,005 INFO c.h.h.t.HelmChartContainer - [POD] hivemq-test-hivemq-platform-operator-6966f96d65-jzm9c [5c057a65-e10d-49ef-89cb-1ec63f89f787] in helmmonitoringplatformit-operator was MODIFIED
2025-01-30 18:16:14,024 INFO c.h.h.t.HelmChartContainer - [K3S] [reconciler_common.go:251] "operationExecutor.VerifyControllerAttachedVolume started for volume \"kube-api-access-kftws\" (UniqueName: \"kubernetes.io/projected/5c057a65-e10d-49ef-89cb-1ec63f89f787-kube-api-access-kftws\") pod \"hivemq-test-hivemq-platform-operator-6966f96d65-jzm9c\" (UID: \"5c057a65-e10d-49ef-89cb-1ec63f89f787\") " pod="helmmonitoringplatformit-operator/hivemq-test-hivemq-platform-operator-6966f96d65-jzm9c"
2025-01-30 18:16:14,381 INFO c.h.h.t.HelmChartContainer - [EVENT] Normal [Pulled] Container image "docker.io/hivemq/hivemq-platform-operator-test:snapshot" already present on machine [helmmonitoringplatformit-operator:hivemq-test-hivemq-platform-operator-6966f96d65-jzm9c]
2025-01-30 18:16:14,381 INFO c.h.h.t.HelmChartContainer - Received Pulled event for container hivemq-platform-operator in pod hivemq-test-hivemq-platform-operator-6966f96d65-jzm9c [5c057a65-e10d-49ef-89cb-1ec63f89f787]
2025-01-30 18:16:15,605 INFO c.h.h.t.HelmChartContainer - [EVENT] Normal [Created] Created container: hivemq-platform-operator [helmmonitoringplatformit-operator:hivemq-test-hivemq-platform-operator-6966f96d65-jzm9c]
2025-01-30 18:16:15,605 INFO c.h.h.t.HelmChartContainer - Received Created event for container hivemq-platform-operator in pod hivemq-test-hivemq-platform-operator-6966f96d65-jzm9c [5c057a65-e10d-49ef-89cb-1ec63f89f787]
2025-01-30 18:16:16,343 INFO c.h.h.t.HelmChartContainer - [K3S] [replica_set.go:679] "Finished syncing" kind="ReplicaSet" key="helmmonitoringplatformit-operator/hivemq-test-hivemq-platform-operator-6966f96d65" duration="57.809µs"
2025-01-30 18:16:16,345 INFO c.h.h.t.HelmChartContainer - [POD] hivemq-test-hivemq-platform-operator-6966f96d65-jzm9c [5c057a65-e10d-49ef-89cb-1ec63f89f787] in helmmonitoringplatformit-operator was MODIFIED
2025-01-30 18:16:16,364 INFO c.h.h.t.HelmChartContainer - Started log watcher for hivemq-platform-operator in pod hivemq-test-hivemq-platform-operator-6966f96d65-jzm9c [5c057a65-e10d-49ef-89cb-1ec63f89f787]
2025-01-30 18:16:16,364 INFO c.h.h.t.HelmChartContainer - [hivemq-test-hivemq-platform] [hivemq-platform-operator] [5c057a65] -------------------------------------------------------------------------
2025-01-30 18:16:16,364 INFO c.h.h.t.HelmChartContainer - [hivemq-test-hivemq-platform] [hivemq-platform-operator] [5c057a65] 
2025-01-30 18:16:16,364 INFO c.h.h.t.HelmChartContainer - [hivemq-test-hivemq-platform] [hivemq-platform-operator] [5c057a65]                   _    _  _              __  __   ____
2025-01-30 18:16:16,364 INFO c.h.h.t.HelmChartContainer - [hivemq-test-hivemq-platform] [hivemq-platform-operator] [5c057a65]                  | |  | |(_)            |  \/  | / __ \
2025-01-30 18:16:16,364 INFO c.h.h.t.HelmChartContainer - [hivemq-test-hivemq-platform] [hivemq-platform-operator] [5c057a65]                  | |__| | _ __   __ ___ | \  / || |  | |
2025-01-30 18:16:16,364 INFO c.h.h.t.HelmChartContainer - [hivemq-test-hivemq-platform] [hivemq-platform-operator] [5c057a65]                  |  __  || |\ \ / // _ \| |\/| || |  | |
2025-01-30 18:16:16,364 INFO c.h.h.t.HelmChartContainer - [hivemq-test-hivemq-platform] [hivemq-platform-operator] [5c057a65]                  | |  | || | \ V /|  __/| |  | || |__| |
2025-01-30 18:16:16,364 INFO c.h.h.t.HelmChartContainer - [hivemq-test-hivemq-platform] [hivemq-platform-operator] [5c057a65]                  |_|  |_||_|  \_/  \___||_|  |_| \___\_\
2025-01-30 18:16:16,364 INFO c.h.h.t.HelmChartContainer - [hivemq-test-hivemq-platform] [hivemq-platform-operator] [5c057a65] 
2025-01-30 18:16:16,364 INFO c.h.h.t.HelmChartContainer - [hivemq-test-hivemq-platform] [hivemq-platform-operator] [5c057a65] -------------------------------------------------------------------------
2025-01-30 18:16:16,364 INFO c.h.h.t.HelmChartContainer - [hivemq-test-hivemq-platform] [hivemq-platform-operator] [5c057a65] 
2025-01-30 18:16:16,364 INFO c.h.h.t.HelmChartContainer - [hivemq-test-hivemq-platform] [hivemq-platform-operator] [5c057a65]   HiveMQ Platform Operator Start Script v1.0
2025-01-30 18:16:16,364 INFO c.h.h.t.HelmChartContainer - [hivemq-test-hivemq-platform] [hivemq-platform-operator] [5c057a65] 
2025-01-30 18:16:16,364 INFO c.h.h.t.HelmChartContainer - [hivemq-test-hivemq-platform] [hivemq-platform-operator] [5c057a65] -------------------------------------------------------------------------
2025-01-30 18:16:16,364 INFO c.h.h.t.HelmChartContainer - [hivemq-test-hivemq-platform] [hivemq-platform-operator] [5c057a65] 
2025-01-30 18:16:16,364 INFO c.h.h.t.HelmChartContainer - [hivemq-test-hivemq-platform] [hivemq-platform-operator] [5c057a65]   JAVA_OPTS: -XX:+UnlockExperimentalVMOptions -XX:InitialRAMPercentage=75 -XX:MaxRAMPercentage=75 -Duser.language=en -Duser.region=US
2025-01-30 18:16:16,364 INFO c.h.h.t.HelmChartContainer - [hivemq-test-hivemq-platform] [hivemq-platform-operator] [5c057a65] 
2025-01-30 18:16:16,364 INFO c.h.h.t.HelmChartContainer - [hivemq-test-hivemq-platform] [hivemq-platform-operator] [5c057a65]   JAVA_VERSION: 21
2025-01-30 18:16:16,364 INFO c.h.h.t.HelmChartContainer - [hivemq-test-hivemq-platform] [hivemq-platform-operator] [5c057a65] 
2025-01-30 18:16:16,364 INFO c.h.h.t.HelmChartContainer - [hivemq-test-hivemq-platform] [hivemq-platform-operator] [5c057a65] -------------------------------------------------------------------------
2025-01-30 18:16:16,364 INFO c.h.h.t.HelmChartContainer - [hivemq-test-hivemq-platform] [hivemq-platform-operator] [5c057a65] 
2025-01-30 18:16:16,364 INFO c.h.h.t.HelmChartContainer - [EVENT] Normal [Started] Started container hivemq-platform-operator [helmmonitoringplatformit-operator:hivemq-test-hivemq-platform-operator-6966f96d65-jzm9c]
2025-01-30 18:16:16,364 INFO c.h.h.t.HelmChartContainer - Received Started event for container hivemq-platform-operator in pod hivemq-test-hivemq-platform-operator-6966f96d65-jzm9c [5c057a65-e10d-49ef-89cb-1ec63f89f787]
2025-01-30 18:16:18,960 INFO c.h.h.t.HelmChartContainer - [hivemq-test-hivemq-platform] [hivemq-platform-operator] [5c057a65] 18:16:18.957 [main] DEBUG org.jboss.logging - Logging Provider: org.jboss.logging.Slf4jLoggerProvider
2025-01-30 18:16:19,065 INFO c.h.h.t.HelmChartContainer - [hivemq-test-hivemq-platform] [hivemq-platform-operator] [5c057a65] 18:16:19.064 [main] DEBUG io.smallrye.config - SRCFG01006: Loaded ConfigSource SysPropConfigSource with ordinal 400
2025-01-30 18:16:19,065 INFO c.h.h.t.HelmChartContainer - [hivemq-test-hivemq-platform] [hivemq-platform-operator] [5c057a65] 18:16:19.064 [main] DEBUG io.smallrye.config - SRCFG01006: Loaded ConfigSource EnvConfigSource with ordinal 300
2025-01-30 18:16:19,065 INFO c.h.h.t.HelmChartContainer - [hivemq-test-hivemq-platform] [hivemq-platform-operator] [5c057a65] 18:16:19.064 [main] DEBUG io.smallrye.config - SRCFG01006: Loaded ConfigSource PropertiesConfigSource[source=jar:file:///opt/hivemq-platform-operator/bin/hivemq-platform-operator.jar!/hivemq-platform-operator.properties] with ordinal 100
2025-01-30 18:16:19,065 INFO c.h.h.t.HelmChartContainer - [hivemq-test-hivemq-platform] [hivemq-platform-operator] [5c057a65] 18:16:19.064 [main] DEBUG io.smallrye.config - SRCFG01006: Loaded ConfigSource DefaultValuesConfigSource with ordinal -2147483648
2025-01-30 18:16:19,169 INFO c.h.h.t.HelmChartContainer - [hivemq-test-hivemq-platform] [hivemq-platform-operator] [5c057a65] 18:16:19.168 [main] DEBUG i.m.c.u.i.l.InternalLoggerFactory - Using SLF4J as the default logging framework
2025-01-30 18:16:19,335 INFO c.h.h.t.HelmChartContainer - [hivemq-test-hivemq-platform] [hivemq-platform-operator] [5c057a65] 18:16:19.329 [main] INFO  c.h.p.o.HiveMQPlatformOperatorApplication - HiveMQ Platform Operator 1.7.0-SNAPSHOT (commit: 47e3375 on branch: HEAD) built on Thu Jan 30 03:55:50 UTC 2025
2025-01-30 18:16:19,346 INFO c.h.h.t.HelmChartContainer - [hivemq-test-hivemq-platform] [hivemq-platform-operator] [5c057a65] 18:16:19.345 [main] INFO  c.h.p.o.HiveMQPlatformOperatorApplication - HiveMQ Platform Operator is running in namespace: helmmonitoringplatformit-operator
2025-01-30 18:16:19,348 INFO c.h.h.t.HelmChartContainer - [hivemq-test-hivemq-platform] [hivemq-platform-operator] [5c057a65] 18:16:19.345 [main] INFO  c.h.p.o.HiveMQPlatformOperatorApplication - Watching all namespaces
2025-01-30 18:16:19,348 INFO c.h.h.t.HelmChartContainer - [hivemq-test-hivemq-platform] [hivemq-platform-operator] [5c057a65] 18:16:19.345 [main] INFO  c.h.p.o.HiveMQPlatformOperatorApplication - Log level: DEBUG
2025-01-30 18:16:19,348 INFO c.h.h.t.HelmChartContainer - [hivemq-test-hivemq-platform] [hivemq-platform-operator] [5c057a65] 18:16:19.345 [main] INFO  c.h.p.o.HiveMQPlatformOperatorApplication - Release name: test-hivemq-platform-operator
2025-01-30 18:16:19,348 INFO c.h.h.t.HelmChartContainer - [hivemq-test-hivemq-platform] [hivemq-platform-operator] [5c057a65] 18:16:19.345 [main] INFO  c.h.p.o.HiveMQPlatformOperatorApplication - HiveMQ Platform Operator Init image: docker.io/hivemq/hivemq-platform-operator-init-test:snapshot
2025-01-30 18:16:19,348 INFO c.h.h.t.HelmChartContainer - [hivemq-test-hivemq-platform] [hivemq-platform-operator] [5c057a65] 18:16:19.345 [main] INFO  c.h.p.o.HiveMQPlatformOperatorApplication - HiveMQ Platform Operator Init App update URL: http://hivemq-platform-operator-test-hivemq-platform-operator.helmmonitoringplatformit-operator.svc:8080/initAppUpdate/hivemq-platform-operator-init-app-1.7.0-SNAPSHOT.jar
2025-01-30 18:16:19,348 INFO c.h.h.t.HelmChartContainer - [hivemq-test-hivemq-platform] [hivemq-platform-operator] [5c057a65] 18:16:19.345 [main] INFO  c.h.p.o.HiveMQPlatformOperatorApplication - Additional imagePullSecret for all Platform deployments: none
2025-01-30 18:16:19,348 INFO c.h.h.t.HelmChartContainer - [hivemq-test-hivemq-platform] [hivemq-platform-operator] [5c057a65] 18:16:19.345 [main] INFO  c.h.p.o.HiveMQPlatformOperatorApplication - Apply HiveMQ Platform CRD: true
2025-01-30 18:16:19,348 INFO c.h.h.t.HelmChartContainer - [hivemq-test-hivemq-platform] [hivemq-platform-operator] [5c057a65] 18:16:19.345 [main] INFO  c.h.p.o.HiveMQPlatformOperatorApplication - Create Platform ServiceAccount: true
2025-01-30 18:16:19,348 INFO c.h.h.t.HelmChartContainer - [hivemq-test-hivemq-platform] [hivemq-platform-operator] [5c057a65] 18:16:19.345 [main] INFO  c.h.p.o.HiveMQPlatformOperatorApplication - Create Platform ServiceAccount permissions: true
2025-01-30 18:16:19,348 INFO c.h.h.t.HelmChartContainer - [hivemq-test-hivemq-platform] [hivemq-platform-operator] [5c057a65] 18:16:19.345 [main] INFO  c.h.p.o.HiveMQPlatformOperatorApplication - Validate Platform ServiceAccount: true
2025-01-30 18:16:19,348 INFO c.h.h.t.HelmChartContainer - [hivemq-test-hivemq-platform] [hivemq-platform-operator] [5c057a65] 18:16:19.345 [main] INFO  c.h.p.o.HiveMQPlatformOperatorApplication - Validate Platform ServiceAccount permissions: true
2025-01-30 18:16:19,455 INFO c.h.h.t.HelmChartContainer - [hivemq-test-hivemq-platform] [hivemq-platform-operator] [5c057a65] 18:16:19.453 [main] INFO  c.h.platform.operator.util.CRDUtil - Verifying deployed HiveMQ Platform CRD...
2025-01-30 18:16:21,952 INFO c.h.h.t.HelmChartContainer - [hivemq-test-hivemq-platform] [hivemq-platform-operator] [5c057a65] 18:16:21.950 [main] DEBUG c.h.platform.operator.util.CRDUtil - HiveMQ Platform CRD version v1 is up to date
2025-01-30 18:16:21,952 INFO c.h.h.t.HelmChartContainer - [hivemq-test-hivemq-platform] [hivemq-platform-operator] [5c057a65] 18:16:21.950 [main] INFO  c.h.platform.operator.util.CRDUtil - HiveMQ Platform CRD is up to date (version: V1_6_0)
2025-01-30 18:16:21,952 INFO c.h.h.t.HelmChartContainer - [hivemq-test-hivemq-platform] [hivemq-platform-operator] [5c057a65] 18:16:21.950 [main] INFO  c.h.platform.operator.util.CRDUtil - Waiting 10000 ms for HiveMQ Platform CRD 'hivemq-platforms.hivemq.com' to become ready...
2025-01-30 18:16:22,254 INFO c.h.h.t.HelmChartContainer - [hivemq-test-hivemq-platform] [hivemq-platform-operator] [5c057a65] 18:16:22.252 [vert.x-eventloop-thread-1] DEBUG c.h.platform.operator.util.CRDUtil - Checking CRD condition 'NamesAccepted' (status: 'True')
2025-01-30 18:16:22,255 INFO c.h.h.t.HelmChartContainer - [hivemq-test-hivemq-platform] [hivemq-platform-operator] [5c057a65] 18:16:22.253 [vert.x-eventloop-thread-1] DEBUG c.h.platform.operator.util.CRDUtil - Checking CRD condition 'Established' (status: 'True')
2025-01-30 18:16:22,255 INFO c.h.h.t.HelmChartContainer - [hivemq-test-hivemq-platform] [hivemq-platform-operator] [5c057a65] 18:16:22.253 [main] INFO  c.h.platform.operator.util.CRDUtil - HiveMQ Platform CRD 'hivemq-platforms.hivemq.com' is ready
2025-01-30 18:16:22,459 INFO c.h.h.t.HelmChartContainer - [hivemq-test-hivemq-platform] [hivemq-platform-operator] [5c057a65] 18:16:22.458 [main] INFO  c.h.p.o.HiveMQPlatformReconciler - HiveMQ Platform Operator is starting...
2025-01-30 18:16:22,649 INFO c.h.h.t.HelmChartContainer - [hivemq-test-hivemq-platform] [hivemq-platform-operator] [5c057a65] 18:16:22.648 [main] WARN  Default ConfigurationService implementation - Configuration for reconciler 'hivemq-controller' was not found. Known reconcilers: None.
2025-01-30 18:16:22,657 INFO c.h.h.t.HelmChartContainer - [hivemq-test-hivemq-platform] [hivemq-platform-operator] [5c057a65] 18:16:22.656 [main] INFO  Default ConfigurationService implementation - Created configuration for reconciler com.hivemq.platform.operator.HiveMQPlatformReconciler with name hivemq-controller
2025-01-30 18:16:22,765 INFO c.h.h.t.HelmChartContainer - [hivemq-test-hivemq-platform] [hivemq-platform-operator] [5c057a65] 18:16:22.764 [main] DEBUG c.h.p.o.HiveMQPlatformReconciler - HiveMQ Platform Operator is preparing EventSources
2025-01-30 18:16:22,856 INFO c.h.h.t.HelmChartContainer - [hivemq-test-hivemq-platform] [hivemq-platform-operator] [5c057a65] 18:16:22.855 [main] INFO  i.javaoperatorsdk.operator.Operator - Registered reconciler: 'hivemq-controller' for resource: 'class com.hivemq.platform.operator.v1.HiveMQPlatform' for namespace(s): [all namespaces]
2025-01-30 18:16:23,465 INFO c.h.h.t.HelmChartContainer - [hivemq-test-hivemq-platform] [hivemq-platform-operator] [5c057a65] 18:16:23.464 [main] INFO  c.h.p.operator.webserver.JettyServer - Starting Jetty server on port 8080
2025-01-30 18:16:23,559 INFO c.h.h.t.HelmChartContainer - [hivemq-test-hivemq-platform] [hivemq-platform-operator] [5c057a65] 18:16:23.558 [main] INFO  i.javaoperatorsdk.operator.Operator - Operator SDK 4.9.7 (commit: 2133d28) built on Wed Nov 20 12:56:20 UTC 2024 starting...
2025-01-30 18:16:23,560 INFO c.h.h.t.HelmChartContainer - [hivemq-test-hivemq-platform] [hivemq-platform-operator] [5c057a65] 18:16:23.559 [main] INFO  i.javaoperatorsdk.operator.Operator - Client version: 6.13.5
2025-01-30 18:16:23,561 INFO c.h.h.t.HelmChartContainer - [hivemq-test-hivemq-platform] [hivemq-platform-operator] [5c057a65] 18:16:23.560 [Controller Starter for: hivemq-controller] INFO  i.j.operator.processing.Controller - Starting 'hivemq-controller' controller for reconciler: com.hivemq.platform.operator.HiveMQPlatformReconciler, resource: com.hivemq.platform.operator.v1.HiveMQPlatform
2025-01-30 18:16:25,946 INFO c.h.h.t.HelmChartContainer - [hivemq-test-hivemq-platform] [hivemq-platform-operator] [5c057a65] 18:16:25.929 [Controller Starter for: hivemq-controller] INFO  i.j.operator.processing.Controller - 'hivemq-controller' controller started
2025-01-30 18:16:25,947 INFO c.h.h.t.HelmChartContainer - [hivemq-test-hivemq-platform] [hivemq-platform-operator] [5c057a65] 18:16:25.946 [main] INFO  c.h.p.o.HiveMQPlatformOperatorApplication - HiveMQ Platform Operator 1.7.0-SNAPSHOT started in 6616 ms
2025-01-30 18:16:27,353 INFO c.h.h.t.HelmChartContainer - [POD] hivemq-test-hivemq-platform-operator-6966f96d65-jzm9c [5c057a65-e10d-49ef-89cb-1ec63f89f787] in helmmonitoringplatformit-operator was MODIFIED
2025-01-30 18:16:27,357 INFO c.h.h.t.HelmChartContainer - [K3S] [replica_set.go:679] "Finished syncing" kind="ReplicaSet" key="helmmonitoringplatformit-operator/hivemq-test-hivemq-platform-operator-6966f96d65" duration="9.478232ms"
2025-01-30 18:16:27,359 INFO c.h.h.t.HelmChartContainer - [K3S] [replica_set.go:679] "Finished syncing" kind="ReplicaSet" key="helmmonitoringplatformit-operator/hivemq-test-hivemq-platform-operator-6966f96d65" duration="65.964µs"
2025-01-30 18:16:28,323 DEBUG c.h.h.t.HelmChartContainer - Executing helm command: /bin/helm --kubeconfig /etc/rancher/k3s/k3s.yaml repo add prometheus-community https://prometheus-community.github.io/helm-charts
2025-01-30 18:16:28,824 DEBUG c.h.h.t.HelmChartContainer - Executing helm command: /bin/helm --kubeconfig /etc/rancher/k3s/k3s.yaml install monitoring-stack prometheus-community/kube-prometheus-stack --wait --timeout 5m0s --set prometheus-node-exporter.hostRootFsMount.enabled=false -n monitoring --create-namespace
2025-01-30 18:16:35,780 INFO c.h.h.t.HelmChartContainer - [K3S] [job_controller.go:598] "enqueueing job" key="monitoring/monitoring-stack-kube-prom-admission-create" delay="0s"
2025-01-30 18:16:35,796 INFO c.h.h.t.HelmChartContainer - [K3S] [job_controller.go:598] "enqueueing job" key="monitoring/monitoring-stack-kube-prom-admission-create" delay="1s"
2025-01-30 18:16:35,802 INFO c.h.h.t.HelmChartContainer - [EVENT] Normal [SuccessfulCreate] Created pod: monitoring-stack-kube-prom-admission-create-5bhsc [monitoring:monitoring-stack-kube-prom-admission-create]
2025-01-30 18:16:35,807 INFO c.h.h.t.HelmChartContainer - [POD] monitoring-stack-kube-prom-admission-create-5bhsc [7ce7d0ed-6156-4ea9-822c-55421b0f9d94] in monitoring was ADDED
2025-01-30 18:16:35,808 INFO c.h.h.t.HelmChartContainer - [POD] monitoring-stack-kube-prom-admission-create-5bhsc [7ce7d0ed-6156-4ea9-822c-55421b0f9d94] in monitoring was MODIFIED
2025-01-30 18:16:35,810 INFO c.h.h.t.HelmChartContainer - [K3S] [status_manager.go:890] "Failed to get status for pod" podUID="7ce7d0ed-6156-4ea9-822c-55421b0f9d94" pod="monitoring/monitoring-stack-kube-prom-admission-create-5bhsc" err="pods \"monitoring-stack-kube-prom-admission-create-5bhsc\" is forbidden: User \"system:node:66de24468ee4\" cannot get resource \"pods\" in API group \"\" in the namespace \"monitoring\": no relationship found between node '66de24468ee4' and this object"
2025-01-30 18:16:35,810 INFO c.h.h.t.HelmChartContainer - [K3S] [reflector.go:569] object-"monitoring"/"kube-root-ca.crt": failed to list *v1.ConfigMap: configmaps "kube-root-ca.crt" is forbidden: User "system:node:66de24468ee4" cannot list resource "configmaps" in API group "" in the namespace "monitoring": no relationship found between node '66de24468ee4' and this object
2025-01-30 18:16:35,810 INFO c.h.h.t.HelmChartContainer - [K3S] [reflector.go:166] "Unhandled Error" err="object-\"monitoring\"/\"kube-root-ca.crt\": Failed to watch *v1.ConfigMap: failed to list *v1.ConfigMap: configmaps \"kube-root-ca.crt\" is forbidden: User \"system:node:66de24468ee4\" cannot list resource \"configmaps\" in API group \"\" in the namespace \"monitoring\": no relationship found between node '66de24468ee4' and this object"
2025-01-30 18:16:35,810 INFO c.h.h.t.HelmChartContainer - [K3S] [job_controller.go:598] "enqueueing job" key="monitoring/monitoring-stack-kube-prom-admission-create" delay="1s"
2025-01-30 18:16:35,810 INFO c.h.h.t.HelmChartContainer - [K3S] [job_controller.go:598] "enqueueing job" key="monitoring/monitoring-stack-kube-prom-admission-create" delay="1s"
2025-01-30 18:16:35,812 INFO c.h.h.t.HelmChartContainer - [EVENT] Normal [Scheduled] Successfully assigned monitoring/monitoring-stack-kube-prom-admission-create-5bhsc to 66de24468ee4 [monitoring:monitoring-stack-kube-prom-admission-create-5bhsc]
2025-01-30 18:16:35,933 INFO c.h.h.t.HelmChartContainer - [K3S] [reconciler_common.go:251] "operationExecutor.VerifyControllerAttachedVolume started for volume \"kube-api-access-pz55f\" (UniqueName: \"kubernetes.io/projected/7ce7d0ed-6156-4ea9-822c-55421b0f9d94-kube-api-access-pz55f\") pod \"monitoring-stack-kube-prom-admission-create-5bhsc\" (UID: \"7ce7d0ed-6156-4ea9-822c-55421b0f9d94\") " pod="monitoring/monitoring-stack-kube-prom-admission-create-5bhsc"
2025-01-30 18:16:37,039 INFO c.h.h.t.HelmChartContainer - [K3S] [projected.go:288] Couldn't get configMap monitoring/kube-root-ca.crt: failed to sync configmap cache: timed out waiting for the condition
2025-01-30 18:16:37,039 INFO c.h.h.t.HelmChartContainer - [K3S] [projected.go:194] Error preparing data for projected volume kube-api-access-pz55f for pod monitoring/monitoring-stack-kube-prom-admission-create-5bhsc: failed to sync configmap cache: timed out waiting for the condition
2025-01-30 18:16:37,039 INFO c.h.h.t.HelmChartContainer - [K3S] [nestedpendingoperations.go:348] Operation for "{volumeName:kubernetes.io/projected/7ce7d0ed-6156-4ea9-822c-55421b0f9d94-kube-api-access-pz55f podName:7ce7d0ed-6156-4ea9-822c-55421b0f9d94 nodeName:}" failed. No retries permitted until 2025-01-30 18:16:37.539214281 +0000 UTC m=+251.147222509 (durationBeforeRetry 500ms). Error: MountVolume.SetUp failed for volume "kube-api-access-pz55f" (UniqueName: "kubernetes.io/projected/7ce7d0ed-6156-4ea9-822c-55421b0f9d94-kube-api-access-pz55f") pod "monitoring-stack-kube-prom-admission-create-5bhsc" (UID: "7ce7d0ed-6156-4ea9-822c-55421b0f9d94") : failed to sync configmap cache: timed out waiting for the condition
2025-01-30 18:16:37,042 INFO c.h.h.t.HelmChartContainer - [EVENT] Warning [FailedMount] MountVolume.SetUp failed for volume "kube-api-access-pz55f" : failed to sync configmap cache: timed out waiting for the condition [monitoring:monitoring-stack-kube-prom-admission-create-5bhsc]
2025-01-30 18:16:37,688 INFO c.h.h.t.HelmChartContainer - [EVENT] Normal [Pulling] Pulling image "registry.k8s.io/ingress-nginx/kube-webhook-certgen:v1.5.1" [monitoring:monitoring-stack-kube-prom-admission-create-5bhsc]
2025-01-30 18:16:38,710 INFO c.h.h.t.HelmChartContainer - [EVENT] Normal [Pulled] Successfully pulled image "registry.k8s.io/ingress-nginx/kube-webhook-certgen:v1.5.1" in 1.022s (1.022s including waiting). Image size: 27079554 bytes. [monitoring:monitoring-stack-kube-prom-admission-create-5bhsc]
2025-01-30 18:16:38,716 INFO c.h.h.t.HelmChartContainer - [EVENT] Normal [Created] Created container: create [monitoring:monitoring-stack-kube-prom-admission-create-5bhsc]
2025-01-30 18:16:38,776 INFO c.h.h.t.HelmChartContainer - [EVENT] Normal [Started] Started container create [monitoring:monitoring-stack-kube-prom-admission-create-5bhsc]
2025-01-30 18:16:39,443 INFO c.h.h.t.HelmChartContainer - [K3S] [job_controller.go:598] "enqueueing job" key="monitoring/monitoring-stack-kube-prom-admission-create" delay="1s"
2025-01-30 18:16:39,445 INFO c.h.h.t.HelmChartContainer - [POD] monitoring-stack-kube-prom-admission-create-5bhsc [7ce7d0ed-6156-4ea9-822c-55421b0f9d94] in monitoring was MODIFIED
2025-01-30 18:16:40,531 INFO c.h.h.t.HelmChartContainer - [K3S] [job_controller.go:598] "enqueueing job" key="monitoring/monitoring-stack-kube-prom-admission-create" delay="1s"
2025-01-30 18:16:40,533 INFO c.h.h.t.HelmChartContainer - [POD] monitoring-stack-kube-prom-admission-create-5bhsc [7ce7d0ed-6156-4ea9-822c-55421b0f9d94] in monitoring was MODIFIED
2025-01-30 18:16:40,670 INFO c.h.h.t.HelmChartContainer - [K3S] [reconciler_common.go:162] "operationExecutor.UnmountVolume started for volume \"kube-api-access-pz55f\" (UniqueName: \"kubernetes.io/projected/7ce7d0ed-6156-4ea9-822c-55421b0f9d94-kube-api-access-pz55f\") pod \"7ce7d0ed-6156-4ea9-822c-55421b0f9d94\" (UID: \"7ce7d0ed-6156-4ea9-822c-55421b0f9d94\") "
2025-01-30 18:16:40,771 INFO c.h.h.t.HelmChartContainer - [K3S] [reconciler_common.go:299] "Volume detached for volume \"kube-api-access-pz55f\" (UniqueName: \"kubernetes.io/projected/7ce7d0ed-6156-4ea9-822c-55421b0f9d94-kube-api-access-pz55f\") on node \"66de24468ee4\" DevicePath \"\""
2025-01-30 18:16:41,440 INFO c.h.h.t.HelmChartContainer - [K3S] [pod_container_deletor.go:80] "Container not found in pod's containers" containerID="794c90fffe55b71d0fade727cccf87319d31fb813584b89d3be35ddc0f1188a3"
2025-01-30 18:16:41,534 INFO c.h.h.t.HelmChartContainer - [K3S] [job_controller.go:598] "enqueueing job" key="monitoring/monitoring-stack-kube-prom-admission-create" delay="1s"
2025-01-30 18:16:41,539 INFO c.h.h.t.HelmChartContainer - [K3S] [job_controller.go:598] "enqueueing job" key="monitoring/monitoring-stack-kube-prom-admission-create" delay="1s"
2025-01-30 18:16:41,540 INFO c.h.h.t.HelmChartContainer - [POD] monitoring-stack-kube-prom-admission-create-5bhsc [7ce7d0ed-6156-4ea9-822c-55421b0f9d94] in monitoring was MODIFIED
2025-01-30 18:16:41,545 INFO c.h.h.t.HelmChartContainer - [EVENT] Normal [Completed] Job completed [monitoring:monitoring-stack-kube-prom-admission-create]
2025-01-30 18:16:41,552 INFO c.h.h.t.HelmChartContainer - [K3S] [job_controller.go:598] "enqueueing job" key="monitoring/monitoring-stack-kube-prom-admission-create" delay="0s"
2025-01-30 18:16:41,560 INFO c.h.h.t.HelmChartContainer - [POD] monitoring-stack-kube-prom-admission-create-5bhsc [7ce7d0ed-6156-4ea9-822c-55421b0f9d94] in monitoring was MODIFIED
2025-01-30 18:16:41,566 INFO c.h.h.t.HelmChartContainer - [POD] monitoring-stack-kube-prom-admission-create-5bhsc [7ce7d0ed-6156-4ea9-822c-55421b0f9d94] in monitoring was DELETED
2025-01-30 18:16:41,736 INFO c.h.h.t.HelmChartContainer - [K3S] [alloc.go:330] "allocated clusterIPs" service="monitoring/monitoring-stack-grafana" clusterIPs={"IPv4":"10.43.11.149"}
2025-01-30 18:16:41,748 INFO c.h.h.t.HelmChartContainer - [K3S] [alloc.go:330] "allocated clusterIPs" service="monitoring/monitoring-stack-kube-prom-prometheus" clusterIPs={"IPv4":"10.43.22.229"}
2025-01-30 18:16:41,751 INFO c.h.h.t.HelmChartContainer - [K3S] [alloc.go:330] "allocated clusterIPs" service="monitoring/monitoring-stack-kube-prom-operator" clusterIPs={"IPv4":"10.43.15.72"}
2025-01-30 18:16:41,756 INFO c.h.h.t.HelmChartContainer - [K3S] [alloc.go:330] "allocated clusterIPs" service="monitoring/monitoring-stack-kube-prom-alertmanager" clusterIPs={"IPv4":"10.43.6.159"}
2025-01-30 18:16:41,768 INFO c.h.h.t.HelmChartContainer - [K3S] [alloc.go:330] "allocated clusterIPs" service="monitoring/monitoring-stack-kube-state-metrics" clusterIPs={"IPv4":"10.43.170.14"}
2025-01-30 18:16:41,789 INFO c.h.h.t.HelmChartContainer - [K3S] [alloc.go:330] "allocated clusterIPs" service="monitoring/monitoring-stack-prometheus-node-exporter" clusterIPs={"IPv4":"10.43.231.246"}
2025-01-30 18:16:41,839 INFO c.h.h.t.HelmChartContainer - [POD] monitoring-stack-kube-state-metrics-5bf5c7b54d-gtpqr [0d39cdd6-c06a-4e3d-9e5a-3283dd3f5aee] in monitoring was ADDED
2025-01-30 18:16:41,844 INFO c.h.h.t.HelmChartContainer - [EVENT] Normal [ScalingReplicaSet] Scaled up replica set monitoring-stack-grafana-64c55fb967 from 0 to 1 [monitoring:monitoring-stack-grafana]
2025-01-30 18:16:41,848 INFO c.h.h.t.HelmChartContainer - [K3S] [memory_manager.go:355] "RemoveStaleState removing state" podUID="7ce7d0ed-6156-4ea9-822c-55421b0f9d94" containerName="create"
2025-01-30 18:16:41,851 INFO c.h.h.t.HelmChartContainer - [POD] monitoring-stack-kube-state-metrics-5bf5c7b54d-gtpqr [0d39cdd6-c06a-4e3d-9e5a-3283dd3f5aee] in monitoring was MODIFIED
2025-01-30 18:16:41,853 INFO c.h.h.t.HelmChartContainer - [EVENT] Normal [SuccessfulCreate] Created pod: monitoring-stack-kube-state-metrics-5bf5c7b54d-gtpqr [monitoring:monitoring-stack-kube-state-metrics-5bf5c7b54d]
2025-01-30 18:16:41,860 INFO c.h.h.t.HelmChartContainer - [POD] monitoring-stack-grafana-64c55fb967-48g66 [752b9cd4-ac84-4962-98e0-d9a197424e37] in monitoring was ADDED
2025-01-30 18:16:41,869 INFO c.h.h.t.HelmChartContainer - [K3S] [replica_set.go:679] "Finished syncing" kind="ReplicaSet" key="monitoring/monitoring-stack-kube-state-metrics-5bf5c7b54d" duration="45.506383ms"
2025-01-30 18:16:41,874 INFO c.h.h.t.HelmChartContainer - [EVENT] Normal [Scheduled] Successfully assigned monitoring/monitoring-stack-kube-state-metrics-5bf5c7b54d-gtpqr to 66de24468ee4 [monitoring:monitoring-stack-kube-state-metrics-5bf5c7b54d-gtpqr]
2025-01-30 18:16:41,874 INFO c.h.h.t.HelmChartContainer - [EVENT] Normal [ScalingReplicaSet] Scaled up replica set monitoring-stack-kube-state-metrics-5bf5c7b54d from 0 to 1 [monitoring:monitoring-stack-kube-state-metrics]
2025-01-30 18:16:41,875 INFO c.h.h.t.HelmChartContainer - [K3S] [dispatcher.go:210] Failed calling webhook, failing open prometheusrulemutate.monitoring.coreos.com: failed calling webhook "prometheusrulemutate.monitoring.coreos.com": failed to call webhook: Post "https://monitoring-stack-kube-prom-operator.monitoring.svc:443/admission-prometheusrules/mutate?timeout=10s": no endpoints available for service "monitoring-stack-kube-prom-operator"
2025-01-30 18:16:41,875 INFO c.h.h.t.HelmChartContainer - [K3S] [dispatcher.go:214] "Unhandled Error" err="failed calling webhook \"prometheusrulemutate.monitoring.coreos.com\": failed to call webhook: Post \"https://monitoring-stack-kube-prom-operator.monitoring.svc:443/admission-prometheusrules/mutate?timeout=10s\": no endpoints available for service \"monitoring-stack-kube-prom-operator\""
2025-01-30 18:16:41,877 INFO c.h.h.t.HelmChartContainer - [K3S] [dispatcher.go:210] Failed calling webhook, failing open prometheusrulemutate.monitoring.coreos.com: failed calling webhook "prometheusrulemutate.monitoring.coreos.com": failed to call webhook: Post "https://monitoring-stack-kube-prom-operator.monitoring.svc:443/admission-prometheusrules/mutate?timeout=10s": no endpoints available for service "monitoring-stack-kube-prom-operator"
2025-01-30 18:16:41,877 INFO c.h.h.t.HelmChartContainer - [K3S] [dispatcher.go:214] "Unhandled Error" err="failed calling webhook \"prometheusrulemutate.monitoring.coreos.com\": failed to call webhook: Post \"https://monitoring-stack-kube-prom-operator.monitoring.svc:443/admission-prometheusrules/mutate?timeout=10s\": no endpoints available for service \"monitoring-stack-kube-prom-operator\""
2025-01-30 18:16:41,882 INFO c.h.h.t.HelmChartContainer - [K3S] [dispatcher.go:210] Failed calling webhook, failing open prometheusrulemutate.monitoring.coreos.com: failed calling webhook "prometheusrulemutate.monitoring.coreos.com": failed to call webhook: Post "https://monitoring-stack-kube-prom-operator.monitoring.svc:443/admission-prometheusrules/mutate?timeout=10s": no endpoints available for service "monitoring-stack-kube-prom-operator"
2025-01-30 18:16:41,882 INFO c.h.h.t.HelmChartContainer - [K3S] [dispatcher.go:214] "Unhandled Error" err="failed calling webhook \"prometheusrulemutate.monitoring.coreos.com\": failed to call webhook: Post \"https://monitoring-stack-kube-prom-operator.monitoring.svc:443/admission-prometheusrules/mutate?timeout=10s\": no endpoints available for service \"monitoring-stack-kube-prom-operator\""
2025-01-30 18:16:41,901 INFO c.h.h.t.HelmChartContainer - [POD] monitoring-stack-prometheus-node-exporter-wvmck [4f250631-3c3e-4f33-acaf-295f8dfd781b] in monitoring was ADDED
2025-01-30 18:16:41,901 INFO c.h.h.t.HelmChartContainer - [POD] monitoring-stack-kube-prom-operator-6998896c-2tw7p [f0affbc8-63cb-4daa-b16e-8f9a9e28f60d] in monitoring was ADDED
2025-01-30 18:16:41,906 INFO c.h.h.t.HelmChartContainer - [K3S] [dispatcher.go:210] Failed calling webhook, failing open prometheusrulemutate.monitoring.coreos.com: failed calling webhook "prometheusrulemutate.monitoring.coreos.com": failed to call webhook: Post "https://monitoring-stack-kube-prom-operator.monitoring.svc:443/admission-prometheusrules/mutate?timeout=10s": no endpoints available for service "monitoring-stack-kube-prom-operator"
2025-01-30 18:16:41,906 INFO c.h.h.t.HelmChartContainer - [K3S] [dispatcher.go:214] "Unhandled Error" err="failed calling webhook \"prometheusrulemutate.monitoring.coreos.com\": failed to call webhook: Post \"https://monitoring-stack-kube-prom-operator.monitoring.svc:443/admission-prometheusrules/mutate?timeout=10s\": no endpoints available for service \"monitoring-stack-kube-prom-operator\""
2025-01-30 18:16:41,906 INFO c.h.h.t.HelmChartContainer - [K3S] [dispatcher.go:210] Failed calling webhook, failing open prometheusrulemutate.monitoring.coreos.com: failed calling webhook "prometheusrulemutate.monitoring.coreos.com": failed to call webhook: Post "https://monitoring-stack-kube-prom-operator.monitoring.svc:443/admission-prometheusrules/mutate?timeout=10s": no endpoints available for service "monitoring-stack-kube-prom-operator"
2025-01-30 18:16:41,906 INFO c.h.h.t.HelmChartContainer - [K3S] [dispatcher.go:214] "Unhandled Error" err="failed calling webhook \"prometheusrulemutate.monitoring.coreos.com\": failed to call webhook: Post \"https://monitoring-stack-kube-prom-operator.monitoring.svc:443/admission-prometheusrules/mutate?timeout=10s\": no endpoints available for service \"monitoring-stack-kube-prom-operator\""
2025-01-30 18:16:41,906 INFO c.h.h.t.HelmChartContainer - [K3S] [dispatcher.go:210] Failed calling webhook, failing open prometheusrulemutate.monitoring.coreos.com: failed calling webhook "prometheusrulemutate.monitoring.coreos.com": failed to call webhook: Post "https://monitoring-stack-kube-prom-operator.monitoring.svc:443/admission-prometheusrules/mutate?timeout=10s": no endpoints available for service "monitoring-stack-kube-prom-operator"
2025-01-30 18:16:41,906 INFO c.h.h.t.HelmChartContainer - [K3S] [dispatcher.go:214] "Unhandled Error" err="failed calling webhook \"prometheusrulemutate.monitoring.coreos.com\": failed to call webhook: Post \"https://monitoring-stack-kube-prom-operator.monitoring.svc:443/admission-prometheusrules/mutate?timeout=10s\": no endpoints available for service \"monitoring-stack-kube-prom-operator\""
2025-01-30 18:16:41,909 INFO c.h.h.t.HelmChartContainer - [K3S] [dispatcher.go:210] Failed calling webhook, failing open prometheusrulemutate.monitoring.coreos.com: failed calling webhook "prometheusrulemutate.monitoring.coreos.com": failed to call webhook: Post "https://monitoring-stack-kube-prom-operator.monitoring.svc:443/admission-prometheusrules/mutate?timeout=10s": no endpoints available for service "monitoring-stack-kube-prom-operator"
2025-01-30 18:16:41,909 INFO c.h.h.t.HelmChartContainer - [K3S] [dispatcher.go:214] "Unhandled Error" err="failed calling webhook \"prometheusrulemutate.monitoring.coreos.com\": failed to call webhook: Post \"https://monitoring-stack-kube-prom-operator.monitoring.svc:443/admission-prometheusrules/mutate?timeout=10s\": no endpoints available for service \"monitoring-stack-kube-prom-operator\""
2025-01-30 18:16:41,909 INFO c.h.h.t.HelmChartContainer - [K3S] [dispatcher.go:210] Failed calling webhook, failing open prometheusrulemutate.monitoring.coreos.com: failed calling webhook "prometheusrulemutate.monitoring.coreos.com": failed to call webhook: Post "https://monitoring-stack-kube-prom-operator.monitoring.svc:443/admission-prometheusrules/mutate?timeout=10s": no endpoints available for service "monitoring-stack-kube-prom-operator"
2025-01-30 18:16:41,909 INFO c.h.h.t.HelmChartContainer - [K3S] [dispatcher.go:214] "Unhandled Error" err="failed calling webhook \"prometheusrulemutate.monitoring.coreos.com\": failed to call webhook: Post \"https://monitoring-stack-kube-prom-operator.monitoring.svc:443/admission-prometheusrules/mutate?timeout=10s\": no endpoints available for service \"monitoring-stack-kube-prom-operator\""
2025-01-30 18:16:41,915 INFO c.h.h.t.HelmChartContainer - [POD] monitoring-stack-grafana-64c55fb967-48g66 [752b9cd4-ac84-4962-98e0-d9a197424e37] in monitoring was MODIFIED
2025-01-30 18:16:41,916 INFO c.h.h.t.HelmChartContainer - [K3S] [replica_set.go:679] "Finished syncing" kind="ReplicaSet" key="monitoring/monitoring-stack-kube-state-metrics-5bf5c7b54d" duration="48.71709ms"
2025-01-30 18:16:41,919 INFO c.h.h.t.HelmChartContainer - [K3S] [dispatcher.go:210] Failed calling webhook, failing open prometheusrulemutate.monitoring.coreos.com: failed calling webhook "prometheusrulemutate.monitoring.coreos.com": failed to call webhook: Post "https://monitoring-stack-kube-prom-operator.monitoring.svc:443/admission-prometheusrules/mutate?timeout=10s": no endpoints available for service "monitoring-stack-kube-prom-operator"
2025-01-30 18:16:41,919 INFO c.h.h.t.HelmChartContainer - [K3S] [dispatcher.go:214] "Unhandled Error" err="failed calling webhook \"prometheusrulemutate.monitoring.coreos.com\": failed to call webhook: Post \"https://monitoring-stack-kube-prom-operator.monitoring.svc:443/admission-prometheusrules/mutate?timeout=10s\": no endpoints available for service \"monitoring-stack-kube-prom-operator\""
2025-01-30 18:16:41,925 INFO c.h.h.t.HelmChartContainer - [K3S] [dispatcher.go:210] Failed calling webhook, failing open prometheusrulemutate.monitoring.coreos.com: failed calling webhook "prometheusrulemutate.monitoring.coreos.com": failed to call webhook: Post "https://monitoring-stack-kube-prom-operator.monitoring.svc:443/admission-prometheusrules/mutate?timeout=10s": no endpoints available for service "monitoring-stack-kube-prom-operator"
2025-01-30 18:16:41,925 INFO c.h.h.t.HelmChartContainer - [K3S] [dispatcher.go:214] "Unhandled Error" err="failed calling webhook \"prometheusrulemutate.monitoring.coreos.com\": failed to call webhook: Post \"https://monitoring-stack-kube-prom-operator.monitoring.svc:443/admission-prometheusrules/mutate?timeout=10s\": no endpoints available for service \"monitoring-stack-kube-prom-operator\""
2025-01-30 18:16:41,926 INFO c.h.h.t.HelmChartContainer - [K3S] [dispatcher.go:210] Failed calling webhook, failing open prometheusrulemutate.monitoring.coreos.com: failed calling webhook "prometheusrulemutate.monitoring.coreos.com": failed to call webhook: Post "https://monitoring-stack-kube-prom-operator.monitoring.svc:443/admission-prometheusrules/mutate?timeout=10s": no endpoints available for service "monitoring-stack-kube-prom-operator"
2025-01-30 18:16:41,926 INFO c.h.h.t.HelmChartContainer - [K3S] [dispatcher.go:214] "Unhandled Error" err="failed calling webhook \"prometheusrulemutate.monitoring.coreos.com\": failed to call webhook: Post \"https://monitoring-stack-kube-prom-operator.monitoring.svc:443/admission-prometheusrules/mutate?timeout=10s\": no endpoints available for service \"monitoring-stack-kube-prom-operator\""
2025-01-30 18:16:41,927 INFO c.h.h.t.HelmChartContainer - [K3S] [dispatcher.go:210] Failed calling webhook, failing open prometheusrulemutate.monitoring.coreos.com: failed calling webhook "prometheusrulemutate.monitoring.coreos.com": failed to call webhook: Post "https://monitoring-stack-kube-prom-operator.monitoring.svc:443/admission-prometheusrules/mutate?timeout=10s": no endpoints available for service "monitoring-stack-kube-prom-operator"
2025-01-30 18:16:41,932 INFO c.h.h.t.HelmChartContainer - [EVENT] Normal [ScalingReplicaSet] Scaled up replica set monitoring-stack-kube-prom-operator-6998896c from 0 to 1 [monitoring:monitoring-stack-kube-prom-operator]
2025-01-30 18:16:41,937 INFO c.h.h.t.HelmChartContainer - [K3S] [dispatcher.go:214] "Unhandled Error" err="failed calling webhook \"prometheusrulemutate.monitoring.coreos.com\": failed to call webhook: Post \"https://monitoring-stack-kube-prom-operator.monitoring.svc:443/admission-prometheusrules/mutate?timeout=10s\": no endpoints available for service \"monitoring-stack-kube-prom-operator\""
2025-01-30 18:16:41,937 INFO c.h.h.t.HelmChartContainer - [K3S] [dispatcher.go:210] Failed calling webhook, failing open prometheusrulemutate.monitoring.coreos.com: failed calling webhook "prometheusrulemutate.monitoring.coreos.com": failed to call webhook: Post "https://monitoring-stack-kube-prom-operator.monitoring.svc:443/admission-prometheusrules/mutate?timeout=10s": no endpoints available for service "monitoring-stack-kube-prom-operator"
2025-01-30 18:16:41,937 INFO c.h.h.t.HelmChartContainer - [K3S] [dispatcher.go:214] "Unhandled Error" err="failed calling webhook \"prometheusrulemutate.monitoring.coreos.com\": failed to call webhook: Post \"https://monitoring-stack-kube-prom-operator.monitoring.svc:443/admission-prometheusrules/mutate?timeout=10s\": no endpoints available for service \"monitoring-stack-kube-prom-operator\""
2025-01-30 18:16:41,937 INFO c.h.h.t.HelmChartContainer - [K3S] [dispatcher.go:210] Failed calling webhook, failing open prometheusrulemutate.monitoring.coreos.com: failed calling webhook "prometheusrulemutate.monitoring.coreos.com": failed to call webhook: Post "https://monitoring-stack-kube-prom-operator.monitoring.svc:443/admission-prometheusrules/mutate?timeout=10s": no endpoints available for service "monitoring-stack-kube-prom-operator"
2025-01-30 18:16:41,939 INFO c.h.h.t.HelmChartContainer - [K3S] [dispatcher.go:214] "Unhandled Error" err="failed calling webhook \"prometheusrulemutate.monitoring.coreos.com\": failed to call webhook: Post \"https://monitoring-stack-kube-prom-operator.monitoring.svc:443/admission-prometheusrules/mutate?timeout=10s\": no endpoints available for service \"monitoring-stack-kube-prom-operator\""
2025-01-30 18:16:41,939 INFO c.h.h.t.HelmChartContainer - [K3S] [dispatcher.go:210] Failed calling webhook, failing open prometheusrulemutate.monitoring.coreos.com: failed calling webhook "prometheusrulemutate.monitoring.coreos.com": failed to call webhook: Post "https://monitoring-stack-kube-prom-operator.monitoring.svc:443/admission-prometheusrules/mutate?timeout=10s": no endpoints available for service "monitoring-stack-kube-prom-operator"
2025-01-30 18:16:41,939 INFO c.h.h.t.HelmChartContainer - [K3S] [dispatcher.go:214] "Unhandled Error" err="failed calling webhook \"prometheusrulemutate.monitoring.coreos.com\": failed to call webhook: Post \"https://monitoring-stack-kube-prom-operator.monitoring.svc:443/admission-prometheusrules/mutate?timeout=10s\": no endpoints available for service \"monitoring-stack-kube-prom-operator\""
2025-01-30 18:16:41,939 INFO c.h.h.t.HelmChartContainer - [K3S] [dispatcher.go:210] Failed calling webhook, failing open prometheusrulemutate.monitoring.coreos.com: failed calling webhook "prometheusrulemutate.monitoring.coreos.com": failed to call webhook: Post "https://monitoring-stack-kube-prom-operator.monitoring.svc:443/admission-prometheusrules/mutate?timeout=10s": no endpoints available for service "monitoring-stack-kube-prom-operator"
2025-01-30 18:16:41,939 INFO c.h.h.t.HelmChartContainer - [K3S] [dispatcher.go:214] "Unhandled Error" err="failed calling webhook \"prometheusrulemutate.monitoring.coreos.com\": failed to call webhook: Post \"https://monitoring-stack-kube-prom-operator.monitoring.svc:443/admission-prometheusrules/mutate?timeout=10s\": no endpoints available for service \"monitoring-stack-kube-prom-operator\""
2025-01-30 18:16:41,939 INFO c.h.h.t.HelmChartContainer - [K3S] [reflector.go:569] object-"monitoring"/"monitoring-stack-grafana-config-dashboards": failed to list *v1.ConfigMap: configmaps "monitoring-stack-grafana-config-dashboards" is forbidden: User "system:node:66de24468ee4" cannot list resource "configmaps" in API group "" in the namespace "monitoring": no relationship found between node '66de24468ee4' and this object
2025-01-30 18:16:41,939 INFO c.h.h.t.HelmChartContainer - [K3S] [reflector.go:166] "Unhandled Error" err="object-\"monitoring\"/\"monitoring-stack-grafana-config-dashboards\": Failed to watch *v1.ConfigMap: failed to list *v1.ConfigMap: configmaps \"monitoring-stack-grafana-config-dashboards\" is forbidden: User \"system:node:66de24468ee4\" cannot list resource \"configmaps\" in API group \"\" in the namespace \"monitoring\": no relationship found between node '66de24468ee4' and this object"
2025-01-30 18:16:41,939 INFO c.h.h.t.HelmChartContainer - [K3S] [status_manager.go:890] "Failed to get status for pod" podUID="752b9cd4-ac84-4962-98e0-d9a197424e37" pod="monitoring/monitoring-stack-grafana-64c55fb967-48g66" err="pods \"monitoring-stack-grafana-64c55fb967-48g66\" is forbidden: User \"system:node:66de24468ee4\" cannot get resource \"pods\" in API group \"\" in the namespace \"monitoring\": no relationship found between node '66de24468ee4' and this object"
2025-01-30 18:16:41,939 INFO c.h.h.t.HelmChartContainer - [K3S] [reflector.go:569] object-"monitoring"/"monitoring-stack-grafana": failed to list *v1.Secret: secrets "monitoring-stack-grafana" is forbidden: User "system:node:66de24468ee4" cannot list resource "secrets" in API group "" in the namespace "monitoring": no relationship found between node '66de24468ee4' and this object
2025-01-30 18:16:41,939 INFO c.h.h.t.HelmChartContainer - [K3S] [reflector.go:166] "Unhandled Error" err="object-\"monitoring\"/\"monitoring-stack-grafana\": Failed to watch *v1.Secret: failed to list *v1.Secret: secrets \"monitoring-stack-grafana\" is forbidden: User \"system:node:66de24468ee4\" cannot list resource \"secrets\" in API group \"\" in the namespace \"monitoring\": no relationship found between node '66de24468ee4' and this object"
2025-01-30 18:16:41,939 INFO c.h.h.t.HelmChartContainer - [K3S] [reflector.go:569] object-"monitoring"/"monitoring-stack-grafana": failed to list *v1.ConfigMap: configmaps "monitoring-stack-grafana" is forbidden: User "system:node:66de24468ee4" cannot list resource "configmaps" in API group "" in the namespace "monitoring": no relationship found between node '66de24468ee4' and this object
2025-01-30 18:16:41,939 INFO c.h.h.t.HelmChartContainer - [K3S] [reflector.go:166] "Unhandled Error" err="object-\"monitoring\"/\"monitoring-stack-grafana\": Failed to watch *v1.ConfigMap: failed to list *v1.ConfigMap: configmaps \"monitoring-stack-grafana\" is forbidden: User \"system:node:66de24468ee4\" cannot list resource \"configmaps\" in API group \"\" in the namespace \"monitoring\": no relationship found between node '66de24468ee4' and this object"
2025-01-30 18:16:41,944 INFO c.h.h.t.HelmChartContainer - [K3S] [replica_set.go:679] "Finished syncing" kind="ReplicaSet" key="monitoring/monitoring-stack-kube-state-metrics-5bf5c7b54d" duration="47.188µs"
2025-01-30 18:16:41,944 INFO c.h.h.t.HelmChartContainer - [POD] monitoring-stack-kube-state-metrics-5bf5c7b54d-gtpqr [0d39cdd6-c06a-4e3d-9e5a-3283dd3f5aee] in monitoring was MODIFIED
2025-01-30 18:16:41,952 INFO c.h.h.t.HelmChartContainer - [K3S] [dispatcher.go:210] Failed calling webhook, failing open prometheusrulemutate.monitoring.coreos.com: failed calling webhook "prometheusrulemutate.monitoring.coreos.com": failed to call webhook: Post "https://monitoring-stack-kube-prom-operator.monitoring.svc:443/admission-prometheusrules/mutate?timeout=10s": no endpoints available for service "monitoring-stack-kube-prom-operator"
2025-01-30 18:16:41,952 INFO c.h.h.t.HelmChartContainer - [K3S] [dispatcher.go:214] "Unhandled Error" err="failed calling webhook \"prometheusrulemutate.monitoring.coreos.com\": failed to call webhook: Post \"https://monitoring-stack-kube-prom-operator.monitoring.svc:443/admission-prometheusrules/mutate?timeout=10s\": no endpoints available for service \"monitoring-stack-kube-prom-operator\""
2025-01-30 18:16:41,957 INFO c.h.h.t.HelmChartContainer - [K3S] [replica_set.go:679] "Finished syncing" kind="ReplicaSet" key="monitoring/monitoring-stack-kube-state-metrics-5bf5c7b54d" duration="40.776µs"
2025-01-30 18:16:41,961 INFO c.h.h.t.HelmChartContainer - [POD] monitoring-stack-prometheus-node-exporter-wvmck [4f250631-3c3e-4f33-acaf-295f8dfd781b] in monitoring was MODIFIED
2025-01-30 18:16:41,964 INFO c.h.h.t.HelmChartContainer - [K3S] [dispatcher.go:210] Failed calling webhook, failing open prometheusrulemutate.monitoring.coreos.com: failed calling webhook "prometheusrulemutate.monitoring.coreos.com": failed to call webhook: Post "https://monitoring-stack-kube-prom-operator.monitoring.svc:443/admission-prometheusrules/mutate?timeout=10s": no endpoints available for service "monitoring-stack-kube-prom-operator"
2025-01-30 18:16:41,964 INFO c.h.h.t.HelmChartContainer - [K3S] [dispatcher.go:214] "Unhandled Error" err="failed calling webhook \"prometheusrulemutate.monitoring.coreos.com\": failed to call webhook: Post \"https://monitoring-stack-kube-prom-operator.monitoring.svc:443/admission-prometheusrules/mutate?timeout=10s\": no endpoints available for service \"monitoring-stack-kube-prom-operator\""
2025-01-30 18:16:41,966 INFO c.h.h.t.HelmChartContainer - [K3S] [dispatcher.go:210] Failed calling webhook, failing open prometheusrulemutate.monitoring.coreos.com: failed calling webhook "prometheusrulemutate.monitoring.coreos.com": failed to call webhook: Post "https://monitoring-stack-kube-prom-operator.monitoring.svc:443/admission-prometheusrules/mutate?timeout=10s": no endpoints available for service "monitoring-stack-kube-prom-operator"
2025-01-30 18:16:41,966 INFO c.h.h.t.HelmChartContainer - [K3S] [dispatcher.go:214] "Unhandled Error" err="failed calling webhook \"prometheusrulemutate.monitoring.coreos.com\": failed to call webhook: Post \"https://monitoring-stack-kube-prom-operator.monitoring.svc:443/admission-prometheusrules/mutate?timeout=10s\": no endpoints available for service \"monitoring-stack-kube-prom-operator\""
2025-01-30 18:16:41,969 INFO c.h.h.t.HelmChartContainer - [K3S] [dispatcher.go:210] Failed calling webhook, failing open prometheusrulemutate.monitoring.coreos.com: failed calling webhook "prometheusrulemutate.monitoring.coreos.com": failed to call webhook: Post "https://monitoring-stack-kube-prom-operator.monitoring.svc:443/admission-prometheusrules/mutate?timeout=10s": no endpoints available for service "monitoring-stack-kube-prom-operator"
2025-01-30 18:16:41,969 INFO c.h.h.t.HelmChartContainer - [K3S] [dispatcher.go:214] "Unhandled Error" err="failed calling webhook \"prometheusrulemutate.monitoring.coreos.com\": failed to call webhook: Post \"https://monitoring-stack-kube-prom-operator.monitoring.svc:443/admission-prometheusrules/mutate?timeout=10s\": no endpoints available for service \"monitoring-stack-kube-prom-operator\""
2025-01-30 18:16:41,972 INFO c.h.h.t.HelmChartContainer - [K3S] [dispatcher.go:210] Failed calling webhook, failing open prometheusrulemutate.monitoring.coreos.com: failed calling webhook "prometheusrulemutate.monitoring.coreos.com": failed to call webhook: Post "https://monitoring-stack-kube-prom-operator.monitoring.svc:443/admission-prometheusrules/mutate?timeout=10s": no endpoints available for service "monitoring-stack-kube-prom-operator"
2025-01-30 18:16:41,973 INFO c.h.h.t.HelmChartContainer - [K3S] [dispatcher.go:214] "Unhandled Error" err="failed calling webhook \"prometheusrulemutate.monitoring.coreos.com\": failed to call webhook: Post \"https://monitoring-stack-kube-prom-operator.monitoring.svc:443/admission-prometheusrules/mutate?timeout=10s\": no endpoints available for service \"monitoring-stack-kube-prom-operator\""
2025-01-30 18:16:41,974 INFO c.h.h.t.HelmChartContainer - [K3S] [dispatcher.go:210] Failed calling webhook, failing open prometheusrulemutate.monitoring.coreos.com: failed calling webhook "prometheusrulemutate.monitoring.coreos.com": failed to call webhook: Post "https://monitoring-stack-kube-prom-operator.monitoring.svc:443/admission-prometheusrules/mutate?timeout=10s": no endpoints available for service "monitoring-stack-kube-prom-operator"
2025-01-30 18:16:41,974 INFO c.h.h.t.HelmChartContainer - [K3S] [dispatcher.go:214] "Unhandled Error" err="failed calling webhook \"prometheusrulemutate.monitoring.coreos.com\": failed to call webhook: Post \"https://monitoring-stack-kube-prom-operator.monitoring.svc:443/admission-prometheusrules/mutate?timeout=10s\": no endpoints available for service \"monitoring-stack-kube-prom-operator\""
2025-01-30 18:16:41,974 INFO c.h.h.t.HelmChartContainer - [K3S] [dispatcher.go:210] Failed calling webhook, failing open prometheusrulemutate.monitoring.coreos.com: failed calling webhook "prometheusrulemutate.monitoring.coreos.com": failed to call webhook: Post "https://monitoring-stack-kube-prom-operator.monitoring.svc:443/admission-prometheusrules/mutate?timeout=10s": no endpoints available for service "monitoring-stack-kube-prom-operator"
2025-01-30 18:16:41,974 INFO c.h.h.t.HelmChartContainer - [K3S] [dispatcher.go:214] "Unhandled Error" err="failed calling webhook \"prometheusrulemutate.monitoring.coreos.com\": failed to call webhook: Post \"https://monitoring-stack-kube-prom-operator.monitoring.svc:443/admission-prometheusrules/mutate?timeout=10s\": no endpoints available for service \"monitoring-stack-kube-prom-operator\""
2025-01-30 18:16:41,979 INFO c.h.h.t.HelmChartContainer - [K3S] [dispatcher.go:210] Failed calling webhook, failing open prometheusrulemutate.monitoring.coreos.com: failed calling webhook "prometheusrulemutate.monitoring.coreos.com": failed to call webhook: Post "https://monitoring-stack-kube-prom-operator.monitoring.svc:443/admission-prometheusrules/mutate?timeout=10s": no endpoints available for service "monitoring-stack-kube-prom-operator"
2025-01-30 18:16:41,979 INFO c.h.h.t.HelmChartContainer - [K3S] [dispatcher.go:214] "Unhandled Error" err="failed calling webhook \"prometheusrulemutate.monitoring.coreos.com\": failed to call webhook: Post \"https://monitoring-stack-kube-prom-operator.monitoring.svc:443/admission-prometheusrules/mutate?timeout=10s\": no endpoints available for service \"monitoring-stack-kube-prom-operator\""
2025-01-30 18:16:41,979 INFO c.h.h.t.HelmChartContainer - [K3S] [dispatcher.go:210] Failed calling webhook, failing open prometheusrulemutate.monitoring.coreos.com: failed calling webhook "prometheusrulemutate.monitoring.coreos.com": failed to call webhook: Post "https://monitoring-stack-kube-prom-operator.monitoring.svc:443/admission-prometheusrules/mutate?timeout=10s": no endpoints available for service "monitoring-stack-kube-prom-operator"
2025-01-30 18:16:41,979 INFO c.h.h.t.HelmChartContainer - [K3S] [dispatcher.go:214] "Unhandled Error" err="failed calling webhook \"prometheusrulemutate.monitoring.coreos.com\": failed to call webhook: Post \"https://monitoring-stack-kube-prom-operator.monitoring.svc:443/admission-prometheusrules/mutate?timeout=10s\": no endpoints available for service \"monitoring-stack-kube-prom-operator\""
2025-01-30 18:16:41,980 INFO c.h.h.t.HelmChartContainer - [EVENT] Normal [SuccessfulCreate] Created pod: monitoring-stack-grafana-64c55fb967-48g66 [monitoring:monitoring-stack-grafana-64c55fb967]
2025-01-30 18:16:41,981 INFO c.h.h.t.HelmChartContainer - [K3S] [dispatcher.go:210] Failed calling webhook, failing open prometheusrulemutate.monitoring.coreos.com: failed calling webhook "prometheusrulemutate.monitoring.coreos.com": failed to call webhook: Post "https://monitoring-stack-kube-prom-operator.monitoring.svc:443/admission-prometheusrules/mutate?timeout=10s": no endpoints available for service "monitoring-stack-kube-prom-operator"
2025-01-30 18:16:41,992 INFO c.h.h.t.HelmChartContainer - [POD] monitoring-stack-kube-prom-operator-6998896c-2tw7p [f0affbc8-63cb-4daa-b16e-8f9a9e28f60d] in monitoring was MODIFIED
2025-01-30 18:16:41,994 INFO c.h.h.t.HelmChartContainer - [K3S] [dispatcher.go:214] "Unhandled Error" err="failed calling webhook \"prometheusrulemutate.monitoring.coreos.com\": failed to call webhook: Post \"https://monitoring-stack-kube-prom-operator.monitoring.svc:443/admission-prometheusrules/mutate?timeout=10s\": no endpoints available for service \"monitoring-stack-kube-prom-operator\""
2025-01-30 18:16:41,994 INFO c.h.h.t.HelmChartContainer - [K3S] [dispatcher.go:210] Failed calling webhook, failing open prometheusrulemutate.monitoring.coreos.com: failed calling webhook "prometheusrulemutate.monitoring.coreos.com": failed to call webhook: Post "https://monitoring-stack-kube-prom-operator.monitoring.svc:443/admission-prometheusrules/mutate?timeout=10s": no endpoints available for service "monitoring-stack-kube-prom-operator"
2025-01-30 18:16:41,994 INFO c.h.h.t.HelmChartContainer - [K3S] [dispatcher.go:214] "Unhandled Error" err="failed calling webhook \"prometheusrulemutate.monitoring.coreos.com\": failed to call webhook: Post \"https://monitoring-stack-kube-prom-operator.monitoring.svc:443/admission-prometheusrules/mutate?timeout=10s\": no endpoints available for service \"monitoring-stack-kube-prom-operator\""
2025-01-30 18:16:41,995 INFO c.h.h.t.HelmChartContainer - [K3S] [dispatcher.go:210] Failed calling webhook, failing open prometheusrulemutate.monitoring.coreos.com: failed calling webhook "prometheusrulemutate.monitoring.coreos.com": failed to call webhook: Post "https://monitoring-stack-kube-prom-operator.monitoring.svc:443/admission-prometheusrules/mutate?timeout=10s": no endpoints available for service "monitoring-stack-kube-prom-operator"
2025-01-30 18:16:41,995 INFO c.h.h.t.HelmChartContainer - [K3S] [dispatcher.go:214] "Unhandled Error" err="failed calling webhook \"prometheusrulemutate.monitoring.coreos.com\": failed to call webhook: Post \"https://monitoring-stack-kube-prom-operator.monitoring.svc:443/admission-prometheusrules/mutate?timeout=10s\": no endpoints available for service \"monitoring-stack-kube-prom-operator\""
2025-01-30 18:16:41,995 INFO c.h.h.t.HelmChartContainer - [K3S] [dispatcher.go:210] Failed calling webhook, failing open prometheusrulemutate.monitoring.coreos.com: failed calling webhook "prometheusrulemutate.monitoring.coreos.com": failed to call webhook: Post "https://monitoring-stack-kube-prom-operator.monitoring.svc:443/admission-prometheusrules/mutate?timeout=10s": no endpoints available for service "monitoring-stack-kube-prom-operator"
2025-01-30 18:16:41,995 INFO c.h.h.t.HelmChartContainer - [K3S] [dispatcher.go:214] "Unhandled Error" err="failed calling webhook \"prometheusrulemutate.monitoring.coreos.com\": failed to call webhook: Post \"https://monitoring-stack-kube-prom-operator.monitoring.svc:443/admission-prometheusrules/mutate?timeout=10s\": no endpoints available for service \"monitoring-stack-kube-prom-operator\""
2025-01-30 18:16:41,998 INFO c.h.h.t.HelmChartContainer - [K3S] [dispatcher.go:210] Failed calling webhook, failing open prometheusrulemutate.monitoring.coreos.com: failed calling webhook "prometheusrulemutate.monitoring.coreos.com": failed to call webhook: Post "https://monitoring-stack-kube-prom-operator.monitoring.svc:443/admission-prometheusrules/mutate?timeout=10s": no endpoints available for service "monitoring-stack-kube-prom-operator"
2025-01-30 18:16:41,998 INFO c.h.h.t.HelmChartContainer - [K3S] [dispatcher.go:214] "Unhandled Error" err="failed calling webhook \"prometheusrulemutate.monitoring.coreos.com\": failed to call webhook: Post \"https://monitoring-stack-kube-prom-operator.monitoring.svc:443/admission-prometheusrules/mutate?timeout=10s\": no endpoints available for service \"monitoring-stack-kube-prom-operator\""
2025-01-30 18:16:41,999 INFO c.h.h.t.HelmChartContainer - [K3S] [dispatcher.go:210] Failed calling webhook, failing open prometheusrulemutate.monitoring.coreos.com: failed calling webhook "prometheusrulemutate.monitoring.coreos.com": failed to call webhook: Post "https://monitoring-stack-kube-prom-operator.monitoring.svc:443/admission-prometheusrules/mutate?timeout=10s": no endpoints available for service "monitoring-stack-kube-prom-operator"
2025-01-30 18:16:41,999 INFO c.h.h.t.HelmChartContainer - [K3S] [dispatcher.go:214] "Unhandled Error" err="failed calling webhook \"prometheusrulemutate.monitoring.coreos.com\": failed to call webhook: Post \"https://monitoring-stack-kube-prom-operator.monitoring.svc:443/admission-prometheusrules/mutate?timeout=10s\": no endpoints available for service \"monitoring-stack-kube-prom-operator\""
2025-01-30 18:16:42,002 INFO c.h.h.t.HelmChartContainer - [K3S] [reconciler_common.go:251] "operationExecutor.VerifyControllerAttachedVolume started for volume \"kube-api-access-2l7pc\" (UniqueName: \"kubernetes.io/projected/0d39cdd6-c06a-4e3d-9e5a-3283dd3f5aee-kube-api-access-2l7pc\") pod \"monitoring-stack-kube-state-metrics-5bf5c7b54d-gtpqr\" (UID: \"0d39cdd6-c06a-4e3d-9e5a-3283dd3f5aee\") " pod="monitoring/monitoring-stack-kube-state-metrics-5bf5c7b54d-gtpqr"
2025-01-30 18:16:42,002 INFO c.h.h.t.HelmChartContainer - [K3S] [reconciler_common.go:251] "operationExecutor.VerifyControllerAttachedVolume started for volume \"sc-datasources-volume\" (UniqueName: \"kubernetes.io/empty-dir/752b9cd4-ac84-4962-98e0-d9a197424e37-sc-datasources-volume\") pod \"monitoring-stack-grafana-64c55fb967-48g66\" (UID: \"752b9cd4-ac84-4962-98e0-d9a197424e37\") " pod="monitoring/monitoring-stack-grafana-64c55fb967-48g66"
2025-01-30 18:16:42,002 INFO c.h.h.t.HelmChartContainer - [K3S] [reconciler_common.go:251] "operationExecutor.VerifyControllerAttachedVolume started for volume \"kube-api-access-tnv4n\" (UniqueName: \"kubernetes.io/projected/752b9cd4-ac84-4962-98e0-d9a197424e37-kube-api-access-tnv4n\") pod \"monitoring-stack-grafana-64c55fb967-48g66\" (UID: \"752b9cd4-ac84-4962-98e0-d9a197424e37\") " pod="monitoring/monitoring-stack-grafana-64c55fb967-48g66"
2025-01-30 18:16:42,002 INFO c.h.h.t.HelmChartContainer - [K3S] [reconciler_common.go:251] "operationExecutor.VerifyControllerAttachedVolume started for volume \"config\" (UniqueName: \"kubernetes.io/configmap/752b9cd4-ac84-4962-98e0-d9a197424e37-config\") pod \"monitoring-stack-grafana-64c55fb967-48g66\" (UID: \"752b9cd4-ac84-4962-98e0-d9a197424e37\") " pod="monitoring/monitoring-stack-grafana-64c55fb967-48g66"
2025-01-30 18:16:42,002 INFO c.h.h.t.HelmChartContainer - [K3S] [reconciler_common.go:251] "operationExecutor.VerifyControllerAttachedVolume started for volume \"storage\" (UniqueName: \"kubernetes.io/empty-dir/752b9cd4-ac84-4962-98e0-d9a197424e37-storage\") pod \"monitoring-stack-grafana-64c55fb967-48g66\" (UID: \"752b9cd4-ac84-4962-98e0-d9a197424e37\") " pod="monitoring/monitoring-stack-grafana-64c55fb967-48g66"
2025-01-30 18:16:42,002 INFO c.h.h.t.HelmChartContainer - [K3S] [reconciler_common.go:251] "operationExecutor.VerifyControllerAttachedVolume started for volume \"sc-dashboard-volume\" (UniqueName: \"kubernetes.io/empty-dir/752b9cd4-ac84-4962-98e0-d9a197424e37-sc-dashboard-volume\") pod \"monitoring-stack-grafana-64c55fb967-48g66\" (UID: \"752b9cd4-ac84-4962-98e0-d9a197424e37\") " pod="monitoring/monitoring-stack-grafana-64c55fb967-48g66"
2025-01-30 18:16:42,002 INFO c.h.h.t.HelmChartContainer - [K3S] [reconciler_common.go:251] "operationExecutor.VerifyControllerAttachedVolume started for volume \"sc-dashboard-provider\" (UniqueName: \"kubernetes.io/configmap/752b9cd4-ac84-4962-98e0-d9a197424e37-sc-dashboard-provider\") pod \"monitoring-stack-grafana-64c55fb967-48g66\" (UID: \"752b9cd4-ac84-4962-98e0-d9a197424e37\") " pod="monitoring/monitoring-stack-grafana-64c55fb967-48g66"
2025-01-30 18:16:42,002 INFO c.h.h.t.HelmChartContainer - [K3S] [dispatcher.go:210] Failed calling webhook, failing open prometheusrulemutate.monitoring.coreos.com: failed calling webhook "prometheusrulemutate.monitoring.coreos.com": failed to call webhook: Post "https://monitoring-stack-kube-prom-operator.monitoring.svc:443/admission-prometheusrules/mutate?timeout=10s": no endpoints available for service "monitoring-stack-kube-prom-operator"
2025-01-30 18:16:42,002 INFO c.h.h.t.HelmChartContainer - [K3S] [dispatcher.go:214] "Unhandled Error" err="failed calling webhook \"prometheusrulemutate.monitoring.coreos.com\": failed to call webhook: Post \"https://monitoring-stack-kube-prom-operator.monitoring.svc:443/admission-prometheusrules/mutate?timeout=10s\": no endpoints available for service \"monitoring-stack-kube-prom-operator\""
2025-01-30 18:16:42,010 INFO c.h.h.t.HelmChartContainer - [K3S] [dispatcher.go:210] Failed calling webhook, failing open prometheusrulemutate.monitoring.coreos.com: failed calling webhook "prometheusrulemutate.monitoring.coreos.com": failed to call webhook: Post "https://monitoring-stack-kube-prom-operator.monitoring.svc:443/admission-prometheusrules/mutate?timeout=10s": no endpoints available for service "monitoring-stack-kube-prom-operator"
2025-01-30 18:16:42,018 INFO c.h.h.t.HelmChartContainer - [K3S] [dispatcher.go:214] "Unhandled Error" err="failed calling webhook \"prometheusrulemutate.monitoring.coreos.com\": failed to call webhook: Post \"https://monitoring-stack-kube-prom-operator.monitoring.svc:443/admission-prometheusrules/mutate?timeout=10s\": no endpoints available for service \"monitoring-stack-kube-prom-operator\""
2025-01-30 18:16:42,019 INFO c.h.h.t.HelmChartContainer - [K3S] [dispatcher.go:210] Failed calling webhook, failing open prometheusrulemutate.monitoring.coreos.com: failed calling webhook "prometheusrulemutate.monitoring.coreos.com": failed to call webhook: Post "https://monitoring-stack-kube-prom-operator.monitoring.svc:443/admission-prometheusrules/mutate?timeout=10s": no endpoints available for service "monitoring-stack-kube-prom-operator"
2025-01-30 18:16:42,019 INFO c.h.h.t.HelmChartContainer - [K3S] [dispatcher.go:214] "Unhandled Error" err="failed calling webhook \"prometheusrulemutate.monitoring.coreos.com\": failed to call webhook: Post \"https://monitoring-stack-kube-prom-operator.monitoring.svc:443/admission-prometheusrules/mutate?timeout=10s\": no endpoints available for service \"monitoring-stack-kube-prom-operator\""
2025-01-30 18:16:42,019 INFO c.h.h.t.HelmChartContainer - [K3S] [dispatcher.go:210] Failed calling webhook, failing open prometheusrulemutate.monitoring.coreos.com: failed calling webhook "prometheusrulemutate.monitoring.coreos.com": failed to call webhook: Post "https://monitoring-stack-kube-prom-operator.monitoring.svc:443/admission-prometheusrules/mutate?timeout=10s": no endpoints available for service "monitoring-stack-kube-prom-operator"
2025-01-30 18:16:42,019 INFO c.h.h.t.HelmChartContainer - [K3S] [dispatcher.go:214] "Unhandled Error" err="failed calling webhook \"prometheusrulemutate.monitoring.coreos.com\": failed to call webhook: Post \"https://monitoring-stack-kube-prom-operator.monitoring.svc:443/admission-prometheusrules/mutate?timeout=10s\": no endpoints available for service \"monitoring-stack-kube-prom-operator\""
2025-01-30 18:16:42,019 INFO c.h.h.t.HelmChartContainer - [K3S] [kubelet_volumes.go:163] "Cleaned up orphaned pod volumes dir" podUID="7ce7d0ed-6156-4ea9-822c-55421b0f9d94" path="/var/lib/kubelet/pods/7ce7d0ed-6156-4ea9-822c-55421b0f9d94/volumes"
2025-01-30 18:16:42,021 INFO c.h.h.t.HelmChartContainer - [K3S] [replica_set.go:679] "Finished syncing" kind="ReplicaSet" key="monitoring/monitoring-stack-grafana-64c55fb967" duration="192.096894ms"
2025-01-30 18:16:42,029 INFO c.h.h.t.HelmChartContainer - [K3S] [replica_set.go:679] "Finished syncing" kind="ReplicaSet" key="monitoring/monitoring-stack-kube-prom-operator-6998896c" duration="179.20669ms"
2025-01-30 18:16:42,045 INFO c.h.h.t.HelmChartContainer - [EVENT] Normal [Scheduled] Successfully assigned monitoring/monitoring-stack-grafana-64c55fb967-48g66 to 66de24468ee4 [monitoring:monitoring-stack-grafana-64c55fb967-48g66]
2025-01-30 18:16:42,046 INFO c.h.h.t.HelmChartContainer - [EVENT] Normal [SuccessfulCreate] Created pod: monitoring-stack-kube-prom-operator-6998896c-2tw7p [monitoring:monitoring-stack-kube-prom-operator-6998896c]
2025-01-30 18:16:42,047 INFO c.h.h.t.HelmChartContainer - [EVENT] Normal [SuccessfulCreate] Created pod: monitoring-stack-prometheus-node-exporter-wvmck [monitoring:monitoring-stack-prometheus-node-exporter]
2025-01-30 18:16:42,049 INFO c.h.h.t.HelmChartContainer - [K3S] [replica_set.go:679] "Finished syncing" kind="ReplicaSet" key="monitoring/monitoring-stack-grafana-64c55fb967" duration="21.746511ms"
2025-01-30 18:16:42,063 INFO c.h.h.t.HelmChartContainer - [EVENT] Normal [Scheduled] Successfully assigned monitoring/monitoring-stack-kube-prom-operator-6998896c-2tw7p to 66de24468ee4 [monitoring:monitoring-stack-kube-prom-operator-6998896c-2tw7p]
2025-01-30 18:16:42,064 INFO c.h.h.t.HelmChartContainer - [EVENT] Normal [Scheduled] Successfully assigned monitoring/monitoring-stack-prometheus-node-exporter-wvmck to 66de24468ee4 [monitoring:monitoring-stack-prometheus-node-exporter-wvmck]
2025-01-30 18:16:42,069 INFO c.h.h.t.HelmChartContainer - [K3S] [replica_set.go:679] "Finished syncing" kind="ReplicaSet" key="monitoring/monitoring-stack-grafana-64c55fb967" duration="44.593µs"
2025-01-30 18:16:42,069 INFO c.h.h.t.HelmChartContainer - [K3S] [replica_set.go:679] "Finished syncing" kind="ReplicaSet" key="monitoring/monitoring-stack-kube-prom-operator-6998896c" duration="37.316416ms"
2025-01-30 18:16:42,070 INFO c.h.h.t.HelmChartContainer - [K3S] [replica_set.go:679] "Finished syncing" kind="ReplicaSet" key="monitoring/monitoring-stack-kube-prom-operator-6998896c" duration="35.156µs"
2025-01-30 18:16:42,097 INFO c.h.h.t.HelmChartContainer - [POD] monitoring-stack-grafana-64c55fb967-48g66 [752b9cd4-ac84-4962-98e0-d9a197424e37] in monitoring was MODIFIED
2025-01-30 18:16:42,097 INFO c.h.h.t.HelmChartContainer - [K3S] [replica_set.go:679] "Finished syncing" kind="ReplicaSet" key="monitoring/monitoring-stack-grafana-64c55fb967" duration="62.618µs"
2025-01-30 18:16:42,103 INFO c.h.h.t.HelmChartContainer - [K3S] [reconciler_common.go:251] "operationExecutor.VerifyControllerAttachedVolume started for volume \"sys\" (UniqueName: \"kubernetes.io/host-path/4f250631-3c3e-4f33-acaf-295f8dfd781b-sys\") pod \"monitoring-stack-prometheus-node-exporter-wvmck\" (UID: \"4f250631-3c3e-4f33-acaf-295f8dfd781b\") " pod="monitoring/monitoring-stack-prometheus-node-exporter-wvmck"
2025-01-30 18:16:42,104 INFO c.h.h.t.HelmChartContainer - [K3S] [reconciler_common.go:251] "operationExecutor.VerifyControllerAttachedVolume started for volume \"kube-api-access-xhmms\" (UniqueName: \"kubernetes.io/projected/f0affbc8-63cb-4daa-b16e-8f9a9e28f60d-kube-api-access-xhmms\") pod \"monitoring-stack-kube-prom-operator-6998896c-2tw7p\" (UID: \"f0affbc8-63cb-4daa-b16e-8f9a9e28f60d\") " pod="monitoring/monitoring-stack-kube-prom-operator-6998896c-2tw7p"
2025-01-30 18:16:42,104 INFO c.h.h.t.HelmChartContainer - [K3S] [reconciler_common.go:251] "operationExecutor.VerifyControllerAttachedVolume started for volume \"proc\" (UniqueName: \"kubernetes.io/host-path/4f250631-3c3e-4f33-acaf-295f8dfd781b-proc\") pod \"monitoring-stack-prometheus-node-exporter-wvmck\" (UID: \"4f250631-3c3e-4f33-acaf-295f8dfd781b\") " pod="monitoring/monitoring-stack-prometheus-node-exporter-wvmck"
2025-01-30 18:16:42,104 INFO c.h.h.t.HelmChartContainer - [K3S] [reconciler_common.go:251] "operationExecutor.VerifyControllerAttachedVolume started for volume \"tls-secret\" (UniqueName: \"kubernetes.io/secret/f0affbc8-63cb-4daa-b16e-8f9a9e28f60d-tls-secret\") pod \"monitoring-stack-kube-prom-operator-6998896c-2tw7p\" (UID: \"f0affbc8-63cb-4daa-b16e-8f9a9e28f60d\") " pod="monitoring/monitoring-stack-kube-prom-operator-6998896c-2tw7p"
2025-01-30 18:16:42,120 INFO c.h.h.t.HelmChartContainer - [POD] monitoring-stack-prometheus-node-exporter-wvmck [4f250631-3c3e-4f33-acaf-295f8dfd781b] in monitoring was MODIFIED
2025-01-30 18:16:42,136 INFO c.h.h.t.HelmChartContainer - [K3S] [replica_set.go:679] "Finished syncing" kind="ReplicaSet" key="monitoring/monitoring-stack-kube-prom-operator-6998896c" duration="46.247µs"
2025-01-30 18:16:42,138 INFO c.h.h.t.HelmChartContainer - [POD] monitoring-stack-kube-prom-operator-6998896c-2tw7p [f0affbc8-63cb-4daa-b16e-8f9a9e28f60d] in monitoring was MODIFIED
2025-01-30 18:16:42,250 INFO c.h.h.t.HelmChartContainer - [EVENT] Normal [Pulling] Pulling image "registry.k8s.io/kube-state-metrics/kube-state-metrics:v2.14.0" [monitoring:monitoring-stack-kube-state-metrics-5bf5c7b54d-gtpqr]
2025-01-30 18:16:42,404 INFO c.h.h.t.HelmChartContainer - [EVENT] Normal [Pulling] Pulling image "quay.io/prometheus/node-exporter:v1.8.2" [monitoring:monitoring-stack-prometheus-node-exporter-wvmck]
2025-01-30 18:16:42,423 INFO c.h.h.t.HelmChartContainer - [EVENT] Normal [Pulling] Pulling image "quay.io/prometheus-operator/prometheus-operator:v0.79.2" [monitoring:monitoring-stack-kube-prom-operator-6998896c-2tw7p]
2025-01-30 18:16:42,927 INFO c.h.h.t.HelmChartContainer - [EVENT] Normal [Pulled] Successfully pulled image "registry.k8s.io/kube-state-metrics/kube-state-metrics:v2.14.0" in 676ms (676ms including waiting). Image size: 15427061 bytes. [monitoring:monitoring-stack-kube-state-metrics-5bf5c7b54d-gtpqr]
2025-01-30 18:16:42,940 INFO c.h.h.t.HelmChartContainer - [EVENT] Normal [Created] Created container: kube-state-metrics [monitoring:monitoring-stack-kube-state-metrics-5bf5c7b54d-gtpqr]
2025-01-30 18:16:43,008 INFO c.h.h.t.HelmChartContainer - [EVENT] Normal [Started] Started container kube-state-metrics [monitoring:monitoring-stack-kube-state-metrics-5bf5c7b54d-gtpqr]
2025-01-30 18:16:43,105 INFO c.h.h.t.HelmChartContainer - [K3S] [configmap.go:193] Couldn't get configMap monitoring/monitoring-stack-grafana-config-dashboards: failed to sync configmap cache: timed out waiting for the condition
2025-01-30 18:16:43,106 INFO c.h.h.t.HelmChartContainer - [K3S] [nestedpendingoperations.go:348] Operation for "{volumeName:kubernetes.io/configmap/752b9cd4-ac84-4962-98e0-d9a197424e37-sc-dashboard-provider podName:752b9cd4-ac84-4962-98e0-d9a197424e37 nodeName:}" failed. No retries permitted until 2025-01-30 18:16:43.605532874 +0000 UTC m=+257.213541102 (durationBeforeRetry 500ms). Error: MountVolume.SetUp failed for volume "sc-dashboard-provider" (UniqueName: "kubernetes.io/configmap/752b9cd4-ac84-4962-98e0-d9a197424e37-sc-dashboard-provider") pod "monitoring-stack-grafana-64c55fb967-48g66" (UID: "752b9cd4-ac84-4962-98e0-d9a197424e37") : failed to sync configmap cache: timed out waiting for the condition
2025-01-30 18:16:43,108 INFO c.h.h.t.HelmChartContainer - [EVENT] Warning [FailedMount] MountVolume.SetUp failed for volume "sc-dashboard-provider" : failed to sync configmap cache: timed out waiting for the condition [monitoring:monitoring-stack-grafana-64c55fb967-48g66]
2025-01-30 18:16:43,457 INFO c.h.h.t.HelmChartContainer - [K3S] [replica_set.go:679] "Finished syncing" kind="ReplicaSet" key="monitoring/monitoring-stack-kube-state-metrics-5bf5c7b54d" duration="46.817µs"
2025-01-30 18:16:43,459 INFO c.h.h.t.HelmChartContainer - [POD] monitoring-stack-kube-state-metrics-5bf5c7b54d-gtpqr [0d39cdd6-c06a-4e3d-9e5a-3283dd3f5aee] in monitoring was MODIFIED
2025-01-30 18:16:43,622 INFO c.h.h.t.HelmChartContainer - [EVENT] Normal [Pulled] Successfully pulled image "quay.io/prometheus/node-exporter:v1.8.2" in 1.215s (1.216s including waiting). Image size: 12041464 bytes. [monitoring:monitoring-stack-prometheus-node-exporter-wvmck]
2025-01-30 18:16:43,630 INFO c.h.h.t.HelmChartContainer - [EVENT] Normal [Created] Created container: node-exporter [monitoring:monitoring-stack-prometheus-node-exporter-wvmck]
2025-01-30 18:16:43,661 INFO c.h.h.t.HelmChartContainer - [EVENT] Normal [Pulled] Successfully pulled image "quay.io/prometheus-operator/prometheus-operator:v0.79.2" in 1.236s (1.236s including waiting). Image size: 19140913 bytes. [monitoring:monitoring-stack-kube-prom-operator-6998896c-2tw7p]
2025-01-30 18:16:43,668 INFO c.h.h.t.HelmChartContainer - [EVENT] Normal [Created] Created container: kube-prometheus-stack [monitoring:monitoring-stack-kube-prom-operator-6998896c-2tw7p]
2025-01-30 18:16:43,675 INFO c.h.h.t.HelmChartContainer - [EVENT] Normal [Started] Started container node-exporter [monitoring:monitoring-stack-prometheus-node-exporter-wvmck]
2025-01-30 18:16:43,732 INFO c.h.h.t.HelmChartContainer - [EVENT] Normal [Started] Started container kube-prometheus-stack [monitoring:monitoring-stack-kube-prom-operator-6998896c-2tw7p]
2025-01-30 18:16:43,845 INFO c.h.h.t.HelmChartContainer - [EVENT] Normal [Pulling] Pulling image "quay.io/kiwigrid/k8s-sidecar:1.28.0" [monitoring:monitoring-stack-grafana-64c55fb967-48g66]
2025-01-30 18:16:43,974 INFO c.h.h.t.HelmChartContainer - [POD] alertmanager-monitoring-stack-kube-prom-alertmanager-0 [7f882230-7294-418f-b67d-7c35b9aa28f6] in monitoring was ADDED
2025-01-30 18:16:43,974 INFO c.h.h.t.HelmChartContainer - [POD] alertmanager-monitoring-stack-kube-prom-alertmanager-0 [7f882230-7294-418f-b67d-7c35b9aa28f6] in monitoring was MODIFIED
2025-01-30 18:16:43,978 INFO c.h.h.t.HelmChartContainer - [EVENT] Normal [SuccessfulCreate] create Pod alertmanager-monitoring-stack-kube-prom-alertmanager-0 in StatefulSet alertmanager-monitoring-stack-kube-prom-alertmanager successful [monitoring:alertmanager-monitoring-stack-kube-prom-alertmanager]
2025-01-30 18:16:43,981 INFO c.h.h.t.HelmChartContainer - [EVENT] Normal [Scheduled] Successfully assigned monitoring/alertmanager-monitoring-stack-kube-prom-alertmanager-0 to 66de24468ee4 [monitoring:alertmanager-monitoring-stack-kube-prom-alertmanager-0]
2025-01-30 18:16:44,025 INFO c.h.h.t.HelmChartContainer - [POD] alertmanager-monitoring-stack-kube-prom-alertmanager-0 [7f882230-7294-418f-b67d-7c35b9aa28f6] in monitoring was MODIFIED
2025-01-30 18:16:44,120 INFO c.h.h.t.HelmChartContainer - [K3S] [reconciler_common.go:251] "operationExecutor.VerifyControllerAttachedVolume started for volume \"config-out\" (UniqueName: \"kubernetes.io/empty-dir/7f882230-7294-418f-b67d-7c35b9aa28f6-config-out\") pod \"alertmanager-monitoring-stack-kube-prom-alertmanager-0\" (UID: \"7f882230-7294-418f-b67d-7c35b9aa28f6\") " pod="monitoring/alertmanager-monitoring-stack-kube-prom-alertmanager-0"
2025-01-30 18:16:44,120 INFO c.h.h.t.HelmChartContainer - [K3S] [reconciler_common.go:251] "operationExecutor.VerifyControllerAttachedVolume started for volume \"web-config\" (UniqueName: \"kubernetes.io/secret/7f882230-7294-418f-b67d-7c35b9aa28f6-web-config\") pod \"alertmanager-monitoring-stack-kube-prom-alertmanager-0\" (UID: \"7f882230-7294-418f-b67d-7c35b9aa28f6\") " pod="monitoring/alertmanager-monitoring-stack-kube-prom-alertmanager-0"
2025-01-30 18:16:44,121 INFO c.h.h.t.HelmChartContainer - [K3S] [reconciler_common.go:251] "operationExecutor.VerifyControllerAttachedVolume started for volume \"alertmanager-monitoring-stack-kube-prom-alertmanager-db\" (UniqueName: \"kubernetes.io/empty-dir/7f882230-7294-418f-b67d-7c35b9aa28f6-alertmanager-monitoring-stack-kube-prom-alertmanager-db\") pod \"alertmanager-monitoring-stack-kube-prom-alertmanager-0\" (UID: \"7f882230-7294-418f-b67d-7c35b9aa28f6\") " pod="monitoring/alertmanager-monitoring-stack-kube-prom-alertmanager-0"
2025-01-30 18:16:44,121 INFO c.h.h.t.HelmChartContainer - [K3S] [reconciler_common.go:251] "operationExecutor.VerifyControllerAttachedVolume started for volume \"tls-assets\" (UniqueName: \"kubernetes.io/projected/7f882230-7294-418f-b67d-7c35b9aa28f6-tls-assets\") pod \"alertmanager-monitoring-stack-kube-prom-alertmanager-0\" (UID: \"7f882230-7294-418f-b67d-7c35b9aa28f6\") " pod="monitoring/alertmanager-monitoring-stack-kube-prom-alertmanager-0"
2025-01-30 18:16:44,121 INFO c.h.h.t.HelmChartContainer - [K3S] [reconciler_common.go:251] "operationExecutor.VerifyControllerAttachedVolume started for volume \"config-volume\" (UniqueName: \"kubernetes.io/secret/7f882230-7294-418f-b67d-7c35b9aa28f6-config-volume\") pod \"alertmanager-monitoring-stack-kube-prom-alertmanager-0\" (UID: \"7f882230-7294-418f-b67d-7c35b9aa28f6\") " pod="monitoring/alertmanager-monitoring-stack-kube-prom-alertmanager-0"
2025-01-30 18:16:44,121 INFO c.h.h.t.HelmChartContainer - [K3S] [reconciler_common.go:251] "operationExecutor.VerifyControllerAttachedVolume started for volume \"kube-api-access-h5twj\" (UniqueName: \"kubernetes.io/projected/7f882230-7294-418f-b67d-7c35b9aa28f6-kube-api-access-h5twj\") pod \"alertmanager-monitoring-stack-kube-prom-alertmanager-0\" (UID: \"7f882230-7294-418f-b67d-7c35b9aa28f6\") " pod="monitoring/alertmanager-monitoring-stack-kube-prom-alertmanager-0"
2025-01-30 18:16:44,270 INFO c.h.h.t.HelmChartContainer - [POD] prometheus-monitoring-stack-kube-prom-prometheus-0 [d1678913-5df6-46f6-8b5e-5e7e326558ab] in monitoring was ADDED
2025-01-30 18:16:44,278 INFO c.h.h.t.HelmChartContainer - [EVENT] Normal [SuccessfulCreate] create Pod prometheus-monitoring-stack-kube-prom-prometheus-0 in StatefulSet prometheus-monitoring-stack-kube-prom-prometheus successful [monitoring:prometheus-monitoring-stack-kube-prom-prometheus]
2025-01-30 18:16:44,279 INFO c.h.h.t.HelmChartContainer - [EVENT] Normal [Scheduled] Successfully assigned monitoring/prometheus-monitoring-stack-kube-prom-prometheus-0 to 66de24468ee4 [monitoring:prometheus-monitoring-stack-kube-prom-prometheus-0]
2025-01-30 18:16:44,280 INFO c.h.h.t.HelmChartContainer - [POD] prometheus-monitoring-stack-kube-prom-prometheus-0 [d1678913-5df6-46f6-8b5e-5e7e326558ab] in monitoring was MODIFIED
2025-01-30 18:16:44,313 INFO c.h.h.t.HelmChartContainer - [POD] prometheus-monitoring-stack-kube-prom-prometheus-0 [d1678913-5df6-46f6-8b5e-5e7e326558ab] in monitoring was MODIFIED
2025-01-30 18:16:44,423 INFO c.h.h.t.HelmChartContainer - [K3S] [reconciler_common.go:251] "operationExecutor.VerifyControllerAttachedVolume started for volume \"tls-assets\" (UniqueName: \"kubernetes.io/projected/d1678913-5df6-46f6-8b5e-5e7e326558ab-tls-assets\") pod \"prometheus-monitoring-stack-kube-prom-prometheus-0\" (UID: \"d1678913-5df6-46f6-8b5e-5e7e326558ab\") " pod="monitoring/prometheus-monitoring-stack-kube-prom-prometheus-0"
2025-01-30 18:16:44,423 INFO c.h.h.t.HelmChartContainer - [K3S] [reconciler_common.go:251] "operationExecutor.VerifyControllerAttachedVolume started for volume \"web-config\" (UniqueName: \"kubernetes.io/secret/d1678913-5df6-46f6-8b5e-5e7e326558ab-web-config\") pod \"prometheus-monitoring-stack-kube-prom-prometheus-0\" (UID: \"d1678913-5df6-46f6-8b5e-5e7e326558ab\") " pod="monitoring/prometheus-monitoring-stack-kube-prom-prometheus-0"
2025-01-30 18:16:44,423 INFO c.h.h.t.HelmChartContainer - [K3S] [reconciler_common.go:251] "operationExecutor.VerifyControllerAttachedVolume started for volume \"kube-api-access-6qp2l\" (UniqueName: \"kubernetes.io/projected/d1678913-5df6-46f6-8b5e-5e7e326558ab-kube-api-access-6qp2l\") pod \"prometheus-monitoring-stack-kube-prom-prometheus-0\" (UID: \"d1678913-5df6-46f6-8b5e-5e7e326558ab\") " pod="monitoring/prometheus-monitoring-stack-kube-prom-prometheus-0"
2025-01-30 18:16:44,423 INFO c.h.h.t.HelmChartContainer - [K3S] [reconciler_common.go:251] "operationExecutor.VerifyControllerAttachedVolume started for volume \"config\" (UniqueName: \"kubernetes.io/secret/d1678913-5df6-46f6-8b5e-5e7e326558ab-config\") pod \"prometheus-monitoring-stack-kube-prom-prometheus-0\" (UID: \"d1678913-5df6-46f6-8b5e-5e7e326558ab\") " pod="monitoring/prometheus-monitoring-stack-kube-prom-prometheus-0"
2025-01-30 18:16:44,423 INFO c.h.h.t.HelmChartContainer - [K3S] [reconciler_common.go:251] "operationExecutor.VerifyControllerAttachedVolume started for volume \"prometheus-monitoring-stack-kube-prom-prometheus-rulefiles-0\" (UniqueName: \"kubernetes.io/configmap/d1678913-5df6-46f6-8b5e-5e7e326558ab-prometheus-monitoring-stack-kube-prom-prometheus-rulefiles-0\") pod \"prometheus-monitoring-stack-kube-prom-prometheus-0\" (UID: \"d1678913-5df6-46f6-8b5e-5e7e326558ab\") " pod="monitoring/prometheus-monitoring-stack-kube-prom-prometheus-0"
2025-01-30 18:16:44,423 INFO c.h.h.t.HelmChartContainer - [K3S] [reconciler_common.go:251] "operationExecutor.VerifyControllerAttachedVolume started for volume \"config-out\" (UniqueName: \"kubernetes.io/empty-dir/d1678913-5df6-46f6-8b5e-5e7e326558ab-config-out\") pod \"prometheus-monitoring-stack-kube-prom-prometheus-0\" (UID: \"d1678913-5df6-46f6-8b5e-5e7e326558ab\") " pod="monitoring/prometheus-monitoring-stack-kube-prom-prometheus-0"
2025-01-30 18:16:44,423 INFO c.h.h.t.HelmChartContainer - [K3S] [reconciler_common.go:251] "operationExecutor.VerifyControllerAttachedVolume started for volume \"prometheus-monitoring-stack-kube-prom-prometheus-db\" (UniqueName: \"kubernetes.io/empty-dir/d1678913-5df6-46f6-8b5e-5e7e326558ab-prometheus-monitoring-stack-kube-prom-prometheus-db\") pod \"prometheus-monitoring-stack-kube-prom-prometheus-0\" (UID: \"d1678913-5df6-46f6-8b5e-5e7e326558ab\") " pod="monitoring/prometheus-monitoring-stack-kube-prom-prometheus-0"
2025-01-30 18:16:44,451 INFO c.h.h.t.HelmChartContainer - [EVENT] Normal [Pulling] Pulling image "quay.io/prometheus-operator/prometheus-config-reloader:v0.79.2" [monitoring:alertmanager-monitoring-stack-kube-prom-alertmanager-0]
2025-01-30 18:16:44,469 INFO c.h.h.t.HelmChartContainer - [POD] monitoring-stack-prometheus-node-exporter-wvmck [4f250631-3c3e-4f33-acaf-295f8dfd781b] in monitoring was MODIFIED
2025-01-30 18:16:44,483 INFO c.h.h.t.HelmChartContainer - [POD] monitoring-stack-prometheus-node-exporter-wvmck [4f250631-3c3e-4f33-acaf-295f8dfd781b] in monitoring was MODIFIED
2025-01-30 18:16:44,513 INFO c.h.h.t.HelmChartContainer - [POD] monitoring-stack-kube-prom-operator-6998896c-2tw7p [f0affbc8-63cb-4daa-b16e-8f9a9e28f60d] in monitoring was MODIFIED
2025-01-30 18:16:44,542 INFO c.h.h.t.HelmChartContainer - [K3S] [replica_set.go:679] "Finished syncing" kind="ReplicaSet" key="monitoring/monitoring-stack-kube-prom-operator-6998896c" duration="27.502685ms"
2025-01-30 18:16:44,542 INFO c.h.h.t.HelmChartContainer - [K3S] [replica_set.go:679] "Finished syncing" kind="ReplicaSet" key="monitoring/monitoring-stack-kube-prom-operator-6998896c" duration="72.095µs"
2025-01-30 18:16:44,712 INFO c.h.h.t.HelmChartContainer - [EVENT] Normal [Pulling] Pulling image "quay.io/prometheus-operator/prometheus-config-reloader:v0.79.2" [monitoring:prometheus-monitoring-stack-kube-prom-prometheus-0]
2025-01-30 18:16:45,634 INFO c.h.h.t.HelmChartContainer - [EVENT] Normal [Pulled] Successfully pulled image "quay.io/kiwigrid/k8s-sidecar:1.28.0" in 1.791s (1.791s including waiting). Image size: 23059632 bytes. [monitoring:monitoring-stack-grafana-64c55fb967-48g66]
2025-01-30 18:16:45,642 INFO c.h.h.t.HelmChartContainer - [EVENT] Normal [Created] Created container: grafana-sc-dashboard [monitoring:monitoring-stack-grafana-64c55fb967-48g66]
2025-01-30 18:16:45,717 INFO c.h.h.t.HelmChartContainer - [EVENT] Normal [Started] Started container grafana-sc-dashboard [monitoring:monitoring-stack-grafana-64c55fb967-48g66]
2025-01-30 18:16:45,719 INFO c.h.h.t.HelmChartContainer - [EVENT] Normal [Pulled] Container image "quay.io/kiwigrid/k8s-sidecar:1.28.0" already present on machine [monitoring:monitoring-stack-grafana-64c55fb967-48g66]
2025-01-30 18:16:45,729 INFO c.h.h.t.HelmChartContainer - [EVENT] Normal [Created] Created container: grafana-sc-datasources [monitoring:monitoring-stack-grafana-64c55fb967-48g66]
2025-01-30 18:16:45,787 INFO c.h.h.t.HelmChartContainer - [EVENT] Normal [Pulled] Successfully pulled image "quay.io/prometheus-operator/prometheus-config-reloader:v0.79.2" in 1.335s (1.335s including waiting). Image size: 14945849 bytes. [monitoring:alertmanager-monitoring-stack-kube-prom-alertmanager-0]
2025-01-30 18:16:45,789 INFO c.h.h.t.HelmChartContainer - [EVENT] Normal [Pulled] Successfully pulled image "quay.io/prometheus-operator/prometheus-config-reloader:v0.79.2" in 1.074s (1.074s including waiting). Image size: 14945849 bytes. [monitoring:prometheus-monitoring-stack-kube-prom-prometheus-0]
2025-01-30 18:16:45,807 INFO c.h.h.t.HelmChartContainer - [EVENT] Normal [Created] Created container: init-config-reloader [monitoring:alertmanager-monitoring-stack-kube-prom-alertmanager-0]
2025-01-30 18:16:45,811 INFO c.h.h.t.HelmChartContainer - [EVENT] Normal [Created] Created container: init-config-reloader [monitoring:prometheus-monitoring-stack-kube-prom-prometheus-0]
2025-01-30 18:16:45,818 INFO c.h.h.t.HelmChartContainer - [EVENT] Normal [Started] Started container grafana-sc-datasources [monitoring:monitoring-stack-grafana-64c55fb967-48g66]
2025-01-30 18:16:45,831 INFO c.h.h.t.HelmChartContainer - [EVENT] Normal [Pulling] Pulling image "docker.io/grafana/grafana:11.4.0" [monitoring:monitoring-stack-grafana-64c55fb967-48g66]
2025-01-30 18:16:45,932 INFO c.h.h.t.HelmChartContainer - [EVENT] Normal [Started] Started container init-config-reloader [monitoring:alertmanager-monitoring-stack-kube-prom-alertmanager-0]
2025-01-30 18:16:45,949 INFO c.h.h.t.HelmChartContainer - [EVENT] Normal [Started] Started container init-config-reloader [monitoring:prometheus-monitoring-stack-kube-prom-prometheus-0]
2025-01-30 18:16:46,477 INFO c.h.h.t.HelmChartContainer - [EVENT] Normal [Pulling] Pulling image "quay.io/prometheus/alertmanager:v0.28.0" [monitoring:alertmanager-monitoring-stack-kube-prom-alertmanager-0]
2025-01-30 18:16:46,489 INFO c.h.h.t.HelmChartContainer - [EVENT] Normal [Pulling] Pulling image "quay.io/prometheus/prometheus:v3.1.0" [monitoring:prometheus-monitoring-stack-kube-prom-prometheus-0]
2025-01-30 18:16:46,502 INFO c.h.h.t.HelmChartContainer - [POD] alertmanager-monitoring-stack-kube-prom-alertmanager-0 [7f882230-7294-418f-b67d-7c35b9aa28f6] in monitoring was MODIFIED
2025-01-30 18:16:46,537 INFO c.h.h.t.HelmChartContainer - [POD] prometheus-monitoring-stack-kube-prom-prometheus-0 [d1678913-5df6-46f6-8b5e-5e7e326558ab] in monitoring was MODIFIED
2025-01-30 18:16:48,850 INFO c.h.h.t.HelmChartContainer - [EVENT] Normal [Pulled] Successfully pulled image "quay.io/prometheus/alertmanager:v0.28.0" in 2.374s (2.374s including waiting). Image size: 35012199 bytes. [monitoring:alertmanager-monitoring-stack-kube-prom-alertmanager-0]
2025-01-30 18:16:48,870 INFO c.h.h.t.HelmChartContainer - [EVENT] Normal [Created] Created container: alertmanager [monitoring:alertmanager-monitoring-stack-kube-prom-alertmanager-0]
2025-01-30 18:16:48,986 INFO c.h.h.t.HelmChartContainer - [EVENT] Normal [Started] Started container alertmanager [monitoring:alertmanager-monitoring-stack-kube-prom-alertmanager-0]
2025-01-30 18:16:48,988 INFO c.h.h.t.HelmChartContainer - [EVENT] Normal [Pulled] Container image "quay.io/prometheus-operator/prometheus-config-reloader:v0.79.2" already present on machine [monitoring:alertmanager-monitoring-stack-kube-prom-alertmanager-0]
2025-01-30 18:16:49,014 INFO c.h.h.t.HelmChartContainer - [EVENT] Normal [Created] Created container: config-reloader [monitoring:alertmanager-monitoring-stack-kube-prom-alertmanager-0]
2025-01-30 18:16:49,143 INFO c.h.h.t.HelmChartContainer - [EVENT] Normal [Started] Started container config-reloader [monitoring:alertmanager-monitoring-stack-kube-prom-alertmanager-0]
2025-01-30 18:16:49,524 INFO c.h.h.t.HelmChartContainer - [POD] alertmanager-monitoring-stack-kube-prom-alertmanager-0 [7f882230-7294-418f-b67d-7c35b9aa28f6] in monitoring was MODIFIED
2025-01-30 18:16:50,438 INFO c.h.h.t.HelmChartContainer - [EVENT] Normal [Pulled] Successfully pulled image "quay.io/prometheus/prometheus:v3.1.0" in 3.95s (3.95s including waiting). Image size: 116764168 bytes. [monitoring:prometheus-monitoring-stack-kube-prom-prometheus-0]
2025-01-30 18:16:50,446 INFO c.h.h.t.HelmChartContainer - [EVENT] Normal [Created] Created container: prometheus [monitoring:prometheus-monitoring-stack-kube-prom-prometheus-0]
2025-01-30 18:16:50,537 INFO c.h.h.t.HelmChartContainer - [EVENT] Normal [Started] Started container prometheus [monitoring:prometheus-monitoring-stack-kube-prom-prometheus-0]
2025-01-30 18:16:50,541 INFO c.h.h.t.HelmChartContainer - [EVENT] Normal [Pulled] Container image "quay.io/prometheus-operator/prometheus-config-reloader:v0.79.2" already present on machine [monitoring:prometheus-monitoring-stack-kube-prom-prometheus-0]
2025-01-30 18:16:50,546 INFO c.h.h.t.HelmChartContainer - [EVENT] Normal [Created] Created container: config-reloader [monitoring:prometheus-monitoring-stack-kube-prom-prometheus-0]
2025-01-30 18:16:50,638 INFO c.h.h.t.HelmChartContainer - [EVENT] Normal [Started] Started container config-reloader [monitoring:prometheus-monitoring-stack-kube-prom-prometheus-0]
2025-01-30 18:16:51,524 INFO c.h.h.t.HelmChartContainer - [POD] prometheus-monitoring-stack-kube-prom-prometheus-0 [d1678913-5df6-46f6-8b5e-5e7e326558ab] in monitoring was MODIFIED
2025-01-30 18:16:52,422 INFO c.h.h.t.HelmChartContainer - [EVENT] Normal [Pulled] Successfully pulled image "docker.io/grafana/grafana:11.4.0" in 6.598s (6.598s including waiting). Image size: 132825227 bytes. [monitoring:monitoring-stack-grafana-64c55fb967-48g66]
2025-01-30 18:16:52,429 INFO c.h.h.t.HelmChartContainer - [EVENT] Normal [Created] Created container: grafana [monitoring:monitoring-stack-grafana-64c55fb967-48g66]
2025-01-30 18:16:52,497 INFO c.h.h.t.HelmChartContainer - [EVENT] Normal [Started] Started container grafana [monitoring:monitoring-stack-grafana-64c55fb967-48g66]
2025-01-30 18:16:52,526 INFO c.h.h.t.HelmChartContainer - [K3S] [replica_set.go:679] "Finished syncing" kind="ReplicaSet" key="monitoring/monitoring-stack-grafana-64c55fb967" duration="56.706µs"
2025-01-30 18:16:52,531 INFO c.h.h.t.HelmChartContainer - [POD] monitoring-stack-grafana-64c55fb967-48g66 [752b9cd4-ac84-4962-98e0-d9a197424e37] in monitoring was MODIFIED
2025-01-30 18:16:53,516 INFO c.h.h.t.HelmChartContainer - [EVENT] Warning [Unhealthy] Readiness probe failed: Get "http://10.42.0.13:3000/api/health": dial tcp 10.42.0.13:3000: connect: connection refused [monitoring:monitoring-stack-grafana-64c55fb967-48g66]
2025-01-30 18:16:54,470 INFO c.h.h.t.HelmChartContainer - [POD] monitoring-stack-kube-state-metrics-5bf5c7b54d-gtpqr [0d39cdd6-c06a-4e3d-9e5a-3283dd3f5aee] in monitoring was MODIFIED
2025-01-30 18:16:54,477 INFO c.h.h.t.HelmChartContainer - [K3S] [replica_set.go:679] "Finished syncing" kind="ReplicaSet" key="monitoring/monitoring-stack-kube-state-metrics-5bf5c7b54d" duration="6.871766ms"
2025-01-30 18:16:54,479 INFO c.h.h.t.HelmChartContainer - [K3S] [replica_set.go:679] "Finished syncing" kind="ReplicaSet" key="monitoring/monitoring-stack-kube-state-metrics-5bf5c7b54d" duration="48.782µs"
2025-01-30 18:16:54,531 INFO c.h.h.t.HelmChartContainer - [POD] monitoring-stack-grafana-64c55fb967-48g66 [752b9cd4-ac84-4962-98e0-d9a197424e37] in monitoring was MODIFIED
2025-01-30 18:16:54,542 INFO c.h.h.t.HelmChartContainer - [K3S] [replica_set.go:679] "Finished syncing" kind="ReplicaSet" key="monitoring/monitoring-stack-grafana-64c55fb967" duration="11.564071ms"
2025-01-30 18:16:54,543 INFO c.h.h.t.HelmChartContainer - [K3S] [replica_set.go:679] "Finished syncing" kind="ReplicaSet" key="monitoring/monitoring-stack-grafana-64c55fb967" duration="44.804µs"
2025-01-30 18:16:55,518 INFO c.h.h.t.HelmChartContainer - [POD] alertmanager-monitoring-stack-kube-prom-alertmanager-0 [7f882230-7294-418f-b67d-7c35b9aa28f6] in monitoring was MODIFIED
2025-01-30 18:16:57,112 INFO c.h.h.t.HelmChartContainer - [K3S] [job_controller.go:598] "enqueueing job" key="monitoring/monitoring-stack-kube-prom-admission-patch" delay="0s"
2025-01-30 18:16:57,121 INFO c.h.h.t.HelmChartContainer - [EVENT] Normal [SuccessfulCreate] Created pod: monitoring-stack-kube-prom-admission-patch-5tb8n [monitoring:monitoring-stack-kube-prom-admission-patch]
2025-01-30 18:16:57,123 INFO c.h.h.t.HelmChartContainer - [K3S] [job_controller.go:598] "enqueueing job" key="monitoring/monitoring-stack-kube-prom-admission-patch" delay="1s"
2025-01-30 18:16:57,124 INFO c.h.h.t.HelmChartContainer - [POD] monitoring-stack-kube-prom-admission-patch-5tb8n [db9c2014-0248-4c16-bca9-94a8147a7904] in monitoring was ADDED
2025-01-30 18:16:57,127 INFO c.h.h.t.HelmChartContainer - [K3S] [job_controller.go:598] "enqueueing job" key="monitoring/monitoring-stack-kube-prom-admission-patch" delay="1s"
2025-01-30 18:16:57,129 INFO c.h.h.t.HelmChartContainer - [K3S] [job_controller.go:598] "enqueueing job" key="monitoring/monitoring-stack-kube-prom-admission-patch" delay="1s"
2025-01-30 18:16:57,129 INFO c.h.h.t.HelmChartContainer - [POD] monitoring-stack-kube-prom-admission-patch-5tb8n [db9c2014-0248-4c16-bca9-94a8147a7904] in monitoring was MODIFIED
2025-01-30 18:16:57,132 INFO c.h.h.t.HelmChartContainer - [EVENT] Normal [Scheduled] Successfully assigned monitoring/monitoring-stack-kube-prom-admission-patch-5tb8n to 66de24468ee4 [monitoring:monitoring-stack-kube-prom-admission-patch-5tb8n]
2025-01-30 18:16:57,139 INFO c.h.h.t.HelmChartContainer - [POD] monitoring-stack-kube-prom-admission-patch-5tb8n [db9c2014-0248-4c16-bca9-94a8147a7904] in monitoring was MODIFIED
2025-01-30 18:16:57,140 INFO c.h.h.t.HelmChartContainer - [K3S] [job_controller.go:598] "enqueueing job" key="monitoring/monitoring-stack-kube-prom-admission-patch" delay="1s"
2025-01-30 18:16:57,302 INFO c.h.h.t.HelmChartContainer - [K3S] [reconciler_common.go:251] "operationExecutor.VerifyControllerAttachedVolume started for volume \"kube-api-access-pthfq\" (UniqueName: \"kubernetes.io/projected/db9c2014-0248-4c16-bca9-94a8147a7904-kube-api-access-pthfq\") pod \"monitoring-stack-kube-prom-admission-patch-5tb8n\" (UID: \"db9c2014-0248-4c16-bca9-94a8147a7904\") " pod="monitoring/monitoring-stack-kube-prom-admission-patch-5tb8n"
2025-01-30 18:16:57,536 INFO c.h.h.t.HelmChartContainer - [EVENT] Normal [Pulled] Container image "registry.k8s.io/ingress-nginx/kube-webhook-certgen:v1.5.1" already present on machine [monitoring:monitoring-stack-kube-prom-admission-patch-5tb8n]
2025-01-30 18:16:57,545 INFO c.h.h.t.HelmChartContainer - [EVENT] Normal [Created] Created container: patch [monitoring:monitoring-stack-kube-prom-admission-patch-5tb8n]
2025-01-30 18:16:57,606 INFO c.h.h.t.HelmChartContainer - [EVENT] Normal [Started] Started container patch [monitoring:monitoring-stack-kube-prom-admission-patch-5tb8n]
2025-01-30 18:16:58,542 INFO c.h.h.t.HelmChartContainer - [K3S] [job_controller.go:598] "enqueueing job" key="monitoring/monitoring-stack-kube-prom-admission-patch" delay="1s"
2025-01-30 18:16:58,542 INFO c.h.h.t.HelmChartContainer - [POD] monitoring-stack-kube-prom-admission-patch-5tb8n [db9c2014-0248-4c16-bca9-94a8147a7904] in monitoring was MODIFIED
2025-01-30 18:16:59,547 INFO c.h.h.t.HelmChartContainer - [K3S] [job_controller.go:598] "enqueueing job" key="monitoring/monitoring-stack-kube-prom-admission-patch" delay="1s"
2025-01-30 18:16:59,547 INFO c.h.h.t.HelmChartContainer - [K3S] [job_controller.go:598] "enqueueing job" key="monitoring/monitoring-stack-kube-prom-admission-patch" delay="1s"
2025-01-30 18:16:59,547 INFO c.h.h.t.HelmChartContainer - [POD] monitoring-stack-kube-prom-admission-patch-5tb8n [db9c2014-0248-4c16-bca9-94a8147a7904] in monitoring was MODIFIED
2025-01-30 18:16:59,596 INFO c.h.h.t.HelmChartContainer - [POD] prometheus-monitoring-stack-kube-prom-prometheus-0 [d1678913-5df6-46f6-8b5e-5e7e326558ab] in monitoring was MODIFIED
2025-01-30 18:17:00,555 INFO c.h.h.t.HelmChartContainer - [K3S] [job_controller.go:598] "enqueueing job" key="monitoring/monitoring-stack-kube-prom-admission-patch" delay="1s"
2025-01-30 18:17:00,565 INFO c.h.h.t.HelmChartContainer - [POD] prometheus-monitoring-stack-kube-prom-prometheus-0 [d1678913-5df6-46f6-8b5e-5e7e326558ab] in monitoring was MODIFIED
2025-01-30 18:17:00,638 INFO c.h.h.t.HelmChartContainer - [K3S] [job_controller.go:598] "enqueueing job" key="monitoring/monitoring-stack-kube-prom-admission-patch" delay="1s"
2025-01-30 18:17:00,639 INFO c.h.h.t.HelmChartContainer - [POD] monitoring-stack-kube-prom-admission-patch-5tb8n [db9c2014-0248-4c16-bca9-94a8147a7904] in monitoring was MODIFIED
2025-01-30 18:17:00,726 INFO c.h.h.t.HelmChartContainer - [K3S] [reconciler_common.go:162] "operationExecutor.UnmountVolume started for volume \"kube-api-access-pthfq\" (UniqueName: \"kubernetes.io/projected/db9c2014-0248-4c16-bca9-94a8147a7904-kube-api-access-pthfq\") pod \"db9c2014-0248-4c16-bca9-94a8147a7904\" (UID: \"db9c2014-0248-4c16-bca9-94a8147a7904\") "
2025-01-30 18:17:00,826 INFO c.h.h.t.HelmChartContainer - [K3S] [reconciler_common.go:299] "Volume detached for volume \"kube-api-access-pthfq\" (UniqueName: \"kubernetes.io/projected/db9c2014-0248-4c16-bca9-94a8147a7904-kube-api-access-pthfq\") on node \"66de24468ee4\" DevicePath \"\""
2025-01-30 18:17:01,541 INFO c.h.h.t.HelmChartContainer - [K3S] [pod_container_deletor.go:80] "Container not found in pod's containers" containerID="970500c663fbf938062fd4d7656d1f0e26431190ce1b6d29ce40582e842f46fc"
2025-01-30 18:17:01,554 INFO c.h.h.t.HelmChartContainer - [K3S] [job_controller.go:598] "enqueueing job" key="monitoring/monitoring-stack-kube-prom-admission-patch" delay="1s"
2025-01-30 18:17:01,559 INFO c.h.h.t.HelmChartContainer - [K3S] [job_controller.go:598] "enqueueing job" key="monitoring/monitoring-stack-kube-prom-admission-patch" delay="1s"
2025-01-30 18:17:01,560 INFO c.h.h.t.HelmChartContainer - [POD] monitoring-stack-kube-prom-admission-patch-5tb8n [db9c2014-0248-4c16-bca9-94a8147a7904] in monitoring was MODIFIED
2025-01-30 18:17:01,564 INFO c.h.h.t.HelmChartContainer - [EVENT] Normal [Completed] Job completed [monitoring:monitoring-stack-kube-prom-admission-patch]
2025-01-30 18:17:01,570 INFO c.h.h.t.HelmChartContainer - [K3S] [job_controller.go:598] "enqueueing job" key="monitoring/monitoring-stack-kube-prom-admission-patch" delay="0s"
2025-01-30 18:17:01,580 INFO c.h.h.t.HelmChartContainer - [POD] monitoring-stack-kube-prom-admission-patch-5tb8n [db9c2014-0248-4c16-bca9-94a8147a7904] in monitoring was MODIFIED
2025-01-30 18:17:01,585 INFO c.h.h.t.HelmChartContainer - [POD] monitoring-stack-kube-prom-admission-patch-5tb8n [db9c2014-0248-4c16-bca9-94a8147a7904] in monitoring was DELETED
2025-01-30 18:17:01,718 INFO com.hivemq.helmcharts.util.K8sUtil - Pod 'monitoring-stack-kube-prom-operator-6998896c-2tw7p' is ready
2025-01-30 18:17:01,718 INFO com.hivemq.helmcharts.util.K8sUtil - Pod 'monitoring-stack-grafana-64c55fb967-48g66' is ready
2025-01-30 18:17:01,718 INFO com.hivemq.helmcharts.util.K8sUtil - Pod 'monitoring-stack-grafana-64c55fb967-48g66' is ready
2025-01-30 18:17:01,718 INFO com.hivemq.helmcharts.util.K8sUtil - Pod 'monitoring-stack-grafana-64c55fb967-48g66' is ready
2025-01-30 18:17:01,718 INFO com.hivemq.helmcharts.util.K8sUtil - Pod 'monitoring-stack-kube-state-metrics-5bf5c7b54d-gtpqr' is ready
2025-01-30 18:17:01,718 INFO com.hivemq.helmcharts.util.K8sUtil - Pod 'monitoring-stack-prometheus-node-exporter-wvmck' is ready
2025-01-30 18:17:01,775 DEBUG c.h.h.t.HelmChartContainer - Executing helm command: /bin/helm --kubeconfig /etc/rancher/k3s/k3s.yaml install test-hivemq-platform /charts/hivemq-platform --wait --timeout 5m0s --set image.repository=docker.io/hivemq --set image.tag=4.36.0 --set image.pullPolicy=Never --set nodes.resources.cpu=512m -f /files/platform-monitoring-enabled-values.yaml --namespace helmmonitoringplatformit
2025-01-30 18:17:01,944 INFO c.h.h.t.HelmChartContainer - [K3S] [kubelet_volumes.go:163] "Cleaned up orphaned pod volumes dir" podUID="db9c2014-0248-4c16-bca9-94a8147a7904" path="/var/lib/kubelet/pods/db9c2014-0248-4c16-bca9-94a8147a7904/volumes"
2025-01-30 18:17:02,238 INFO c.h.h.t.HelmChartContainer - [hivemq-test-hivemq-platform] [hivemq-platform-operator] [5c057a65] 18:17:02.236 [-2082509879-pool-1-thread-1] WARN  i.m.p.PrometheusMeterRegistry - The meter (MeterId{name='operator.sdk.events.received', tags=[tag(action=ADDED),tag(event=ResourceEvent),tag(group=hivemq.com),tag(kind=HiveMQPlatform),tag(name=test-hivemq-platform),tag(namespace=helmmonitoringplatformit),tag(scope=namespace),tag(version=v1)]}) registration has failed: Prometheus requires that all meters with the same name have the same set of tag keys. There is already an existing meter named 'operator.sdk.events.received' containing tag keys [event, group, kind, name, namespace, scope, version]. The meter you are attempting to register has keys [action, event, group, kind, name, namespace, scope, version]. Note that subsequent logs will be logged at debug level.
2025-01-30 18:17:02,749 INFO c.h.h.t.HelmChartContainer - [hivemq-test-hivemq-platform] [hivemq-platform-operator] [5c057a65] 18:17:02.747 [pool-6-thread-3] DEBUG c.h.p.o.dependants.PodInfoConfigMap - [helmmoni] Desired PodInfo ConfigMap (1 extensions) (1 enabled)
2025-01-30 18:17:02,749 INFO c.h.h.t.HelmChartContainer - [hivemq-test-hivemq-platform] [hivemq-platform-operator] [5c057a65] 18:17:02.748 [pool-6-thread-3] DEBUG c.h.p.o.dependants.PodInfoConfigMap - [helmmoni] Desired PodInfo ConfigMap (metrics port: 9399) (metrics path: /)
2025-01-30 18:17:02,749 INFO c.h.h.t.HelmChartContainer - [hivemq-test-hivemq-platform] [hivemq-platform-operator] [5c057a65] 18:17:02.748 [pool-6-thread-3] DEBUG c.h.p.o.dependants.PodInfoConfigMap - [helmmoni] Desired PodInfo ConfigMap (extension state hash: -1817474005)
2025-01-30 18:17:02,751 INFO c.h.h.t.HelmChartContainer - [hivemq-test-hivemq-platform] [hivemq-platform-operator] [5c057a65] 18:17:02.750 [pool-6-thread-3] DEBUG c.h.p.o.dependants.PodInfoConfigMap - [helmmoni] Create PodInfo ConfigMap
2025-01-30 18:17:02,852 INFO c.h.h.t.HelmChartContainer - [hivemq-test-hivemq-platform] [hivemq-platform-operator] [5c057a65] 18:17:02.850 [pool-6-thread-5] DEBUG c.h.p.o.dependants.PodRoleResource - [helmmoni] Create Role: Role(apiVersion=rbac.authorization.k8s.io/v1, kind=Role, metadata=ObjectMeta(annotations={meta.helm.sh/release-name=test-hivemq-platform, meta.helm.sh/release-namespace=helmmonitoringplatformit}, creationTimestamp=null, deletionGracePeriodSeconds=null, deletionTimestamp=null, finalizers=[], generateName=null, generation=null, labels={helm.sh/chart=hivemq-platform-0.2.32, app.kubernetes.io/managed-by=Helm, app.kubernetes.io/name=hivemq-platform, hivemq-platform=test-hivemq-platform, app.kubernetes.io/instance=test-hivemq-platform, app.kubernetes.io/version=4.36.0}, managedFields=[], name=hivemq-platform-role-test-hivemq-platform, namespace=helmmonitoringplatformit, ownerReferences=[OwnerReference(apiVersion=hivemq.com/v1, blockOwnerDeletion=null, controller=null, kind=HiveMQPlatform, name=test-hivemq-platform, uid=16ec4954-c30a-488c-8231-f060d414108c, additionalProperties={})], resourceVersion=null, selfLink=null, uid=null, additionalProperties={}), rules=[PolicyRule(apiGroups=[], nonResourceURLs=[], resourceNames=[], resources=[pods], verbs=[get, patch, update], additionalProperties={})], additionalProperties={})
2025-01-30 18:17:02,955 INFO c.h.h.t.HelmChartContainer - [hivemq-test-hivemq-platform] [hivemq-platform-operator] [5c057a65] 18:17:02.954 [pool-6-thread-7] DEBUG c.h.p.o.d.PodServiceAccountResource - [helmmoni] Desired PodServiceAccountResource (serviceAccountName: hivemq-platform-pod-test-hivemq-platform)
2025-01-30 18:17:02,957 INFO c.h.h.t.HelmChartContainer - [hivemq-test-hivemq-platform] [hivemq-platform-operator] [5c057a65] 18:17:02.955 [pool-6-thread-7] DEBUG c.h.p.o.d.PodServiceAccountResource - [helmmoni] Create ServiceAccount 'hivemq-platform-pod-test-hivemq-platform'
2025-01-30 18:17:03,139 INFO c.h.h.t.HelmChartContainer - [hivemq-test-hivemq-platform] [hivemq-platform-operator] [5c057a65] 18:17:03.136 [pool-6-thread-10] DEBUG c.h.p.o.d.PodRoleBindingResource - [helmmoni] Create RoleBinding: RoleBinding(apiVersion=rbac.authorization.k8s.io/v1, kind=RoleBinding, metadata=ObjectMeta(annotations={meta.helm.sh/release-name=test-hivemq-platform, meta.helm.sh/release-namespace=helmmonitoringplatformit}, creationTimestamp=null, deletionGracePeriodSeconds=null, deletionTimestamp=null, finalizers=[], generateName=null, generation=null, labels={helm.sh/chart=hivemq-platform-0.2.32, app.kubernetes.io/managed-by=Helm, app.kubernetes.io/name=hivemq-platform, hivemq-platform=test-hivemq-platform, app.kubernetes.io/instance=test-hivemq-platform, app.kubernetes.io/version=4.36.0}, managedFields=[], name=hivemq-platform-role-binding-test-hivemq-platform, namespace=helmmonitoringplatformit, ownerReferences=[OwnerReference(apiVersion=hivemq.com/v1, blockOwnerDeletion=null, controller=null, kind=HiveMQPlatform, name=test-hivemq-platform, uid=16ec4954-c30a-488c-8231-f060d414108c, additionalProperties={})], resourceVersion=null, selfLink=null, uid=null, additionalProperties={}), roleRef=RoleRef(apiGroup=rbac.authorization.k8s.io, kind=Role, name=hivemq-platform-role-test-hivemq-platform, additionalProperties={}), subjects=[Subject(apiGroup=null, kind=ServiceAccount, name=hivemq-platform-pod-test-hivemq-platform, namespace=helmmonitoringplatformit, additionalProperties={})], additionalProperties={})
2025-01-30 18:17:03,163 INFO c.h.h.t.HelmChartContainer - [hivemq-test-hivemq-platform] [hivemq-platform-operator] [5c057a65] 18:17:03.162 [ReconcilerExecutor-hivemq-controller-54] INFO  c.h.p.o.HiveMQPlatformReconciler - [helmmoni] Reconciling HiveMQ Platform 'test-hivemq-platform' in namespace 'helmmonitoringplatformit'
2025-01-30 18:17:03,163 INFO c.h.h.t.HelmChartContainer - [hivemq-test-hivemq-platform] [hivemq-platform-operator] [5c057a65] 18:17:03.162 [ReconcilerExecutor-hivemq-controller-54] DEBUG c.h.p.o.HiveMQPlatformReconciler - [helmmoni] Custom Resource Status CREATED - HiveMQ Platform was created (READY)
2025-01-30 18:17:03,163 INFO c.h.h.t.HelmChartContainer - [hivemq-test-hivemq-platform] [hivemq-platform-operator] [5c057a65] 18:17:03.162 [ReconcilerExecutor-hivemq-controller-54] DEBUG c.h.p.o.HiveMQPlatformReconciler - [helmmoni] Custom Resource Spec (replicas: 2) (extensions: 1)
2025-01-30 18:17:03,166 INFO c.h.h.t.HelmChartContainer - [hivemq-test-hivemq-platform] [hivemq-platform-operator] [5c057a65] 18:17:03.165 [ReconcilerExecutor-hivemq-controller-54] INFO  c.h.p.o.h.HiveMQPlatformReconcilerBaseHandler - [helmmoni] HiveMQ Platform is starting
2025-01-30 18:17:03,252 INFO c.h.h.t.HelmChartContainer - [hivemq-test-hivemq-platform] [hivemq-platform-operator] [5c057a65] 18:17:03.251 [ReconcilerExecutor-hivemq-controller-54] DEBUG c.h.p.operator.event.EventSender - [helmmoni] Creating K8s event hivemq-platform-starting: [Start] HiveMQ Platform is starting
2025-01-30 18:17:03,260 INFO c.h.h.t.HelmChartContainer - [EVENT] Normal [Start] HiveMQ Platform is starting [helmmonitoringplatformit:test-hivemq-platform]
2025-01-30 18:17:03,334 INFO c.h.h.t.HelmChartContainer - [hivemq-test-hivemq-platform] [hivemq-platform-operator] [5c057a65] 18:17:03.333 [ReconcilerExecutor-hivemq-controller-54] INFO  c.h.p.o.h.AbstractHiveMQReconcilerStateHandler - [helmmoni] Update HiveMQ Platform Status (CREATED [READY] -> STARTING [READY]): HiveMQ Platform is starting
2025-01-30 18:17:03,356 DEBUG com.hivemq.helmcharts.util.K8sUtil - Comparing actual state 'STARTING' and waiting for 'RUNNING'
2025-01-30 18:17:04,693 INFO c.h.h.t.HelmChartContainer - [K3S] [range_allocator.go:247] "Successfully synced" key="66de24468ee4"
2025-01-30 18:17:13,368 INFO c.h.h.t.HelmChartContainer - [hivemq-test-hivemq-platform] [hivemq-platform-operator] [5c057a65] 18:17:13.364 [pool-6-thread-12] DEBUG c.h.p.o.d.PlatformServiceResource - [helmmoni] Desired Platform services (3 services)
2025-01-30 18:17:13,368 INFO c.h.h.t.HelmChartContainer - [hivemq-test-hivemq-platform] [hivemq-platform-operator] [5c057a65] 18:17:13.365 [pool-6-thread-13] DEBUG c.h.p.o.dependants.PodInfoConfigMap - [helmmoni] Desired PodInfo ConfigMap (1 extensions) (1 enabled)
2025-01-30 18:17:13,368 INFO c.h.h.t.HelmChartContainer - [hivemq-test-hivemq-platform] [hivemq-platform-operator] [5c057a65] 18:17:13.365 [pool-6-thread-13] DEBUG c.h.p.o.dependants.PodInfoConfigMap - [helmmoni] Desired PodInfo ConfigMap (metrics port: 9399) (metrics path: /)
2025-01-30 18:17:13,368 INFO c.h.h.t.HelmChartContainer - [hivemq-test-hivemq-platform] [hivemq-platform-operator] [5c057a65] 18:17:13.365 [pool-6-thread-13] DEBUG c.h.p.o.dependants.PodInfoConfigMap - [helmmoni] Desired PodInfo ConfigMap (extension state hash: -1817474005)
2025-01-30 18:17:13,371 INFO c.h.h.t.HelmChartContainer - [hivemq-test-hivemq-platform] [hivemq-platform-operator] [5c057a65] 18:17:13.370 [pool-6-thread-17] DEBUG c.h.p.o.d.PodServiceAccountResource - [helmmoni] Desired PodServiceAccountResource (serviceAccountName: hivemq-platform-pod-test-hivemq-platform)
2025-01-30 18:17:13,374 INFO c.h.h.t.HelmChartContainer - [hivemq-test-hivemq-platform] [hivemq-platform-operator] [5c057a65] 18:17:13.373 [pool-6-thread-13] DEBUG c.h.p.o.dependants.PodInfoConfigMap - [helmmoni] Update PodInfo ConfigMap
2025-01-30 18:17:13,381 INFO c.h.h.t.HelmChartContainer - [K3S] [alloc.go:330] "allocated clusterIPs" service="helmmonitoringplatformit/hivemq-test-hivemq-platform-mqtt-1883" clusterIPs={"IPv4":"10.43.194.57"}
2025-01-30 18:17:13,473 INFO c.h.h.t.HelmChartContainer - [K3S] [alloc.go:330] "allocated clusterIPs" service="helmmonitoringplatformit/hivemq-test-hivemq-platform-metrics-9399" clusterIPs={"IPv4":"10.43.63.6"}
2025-01-30 18:17:13,489 INFO c.h.h.t.HelmChartContainer - [K3S] [alloc.go:330] "allocated clusterIPs" service="helmmonitoringplatformit/hivemq-test-hivemq-platform-cc-8080" clusterIPs={"IPv4":"10.43.143.118"}
2025-01-30 18:17:13,554 INFO c.h.h.t.HelmChartContainer - [hivemq-test-hivemq-platform] [hivemq-platform-operator] [5c057a65] 18:17:13.552 [pool-6-thread-20] DEBUG c.h.p.o.d.StatefulSetResource - [helmmoni] Desired StatefulSet (2 replicas) for status STARTING (READY)
2025-01-30 18:17:13,571 INFO c.h.h.t.HelmChartContainer - [hivemq-test-hivemq-platform] [hivemq-platform-operator] [5c057a65] 18:17:13.570 [pool-6-thread-20] DEBUG c.h.p.o.d.StatefulSetResource - [helmmoni] Create StatefulSet
2025-01-30 18:17:13,681 INFO c.h.h.t.HelmChartContainer - [POD] test-hivemq-platform-0 [be45feea-7355-4619-9b33-5710a5ad6fb1] in helmmonitoringplatformit was ADDED
2025-01-30 18:17:13,687 INFO c.h.h.t.HelmChartContainer - [POD] test-hivemq-platform-0 [be45feea-7355-4619-9b33-5710a5ad6fb1] in helmmonitoringplatformit was MODIFIED
2025-01-30 18:17:13,687 INFO c.h.h.t.HelmChartContainer - [K3S] [memory_manager.go:355] "RemoveStaleState removing state" podUID="db9c2014-0248-4c16-bca9-94a8147a7904" containerName="patch"
2025-01-30 18:17:13,698 INFO c.h.h.t.HelmChartContainer - [EVENT] Normal [Scheduled] Successfully assigned helmmonitoringplatformit/test-hivemq-platform-0 to 66de24468ee4 [helmmonitoringplatformit:test-hivemq-platform-0]
2025-01-30 18:17:13,701 INFO c.h.h.t.HelmChartContainer - [EVENT] Normal [SuccessfulCreate] create Pod test-hivemq-platform-0 in StatefulSet test-hivemq-platform successful [helmmonitoringplatformit:test-hivemq-platform]
2025-01-30 18:17:13,713 INFO c.h.h.t.HelmChartContainer - [K3S] [reconciler_common.go:251] "operationExecutor.VerifyControllerAttachedVolume started for volume \"pod-info\" (UniqueName: \"kubernetes.io/configmap/be45feea-7355-4619-9b33-5710a5ad6fb1-pod-info\") pod \"test-hivemq-platform-0\" (UID: \"be45feea-7355-4619-9b33-5710a5ad6fb1\") " pod="helmmonitoringplatformit/test-hivemq-platform-0"
2025-01-30 18:17:13,714 INFO c.h.h.t.HelmChartContainer - [K3S] [reconciler_common.go:251] "operationExecutor.VerifyControllerAttachedVolume started for volume \"kube-api-access-lbw4j\" (UniqueName: \"kubernetes.io/projected/be45feea-7355-4619-9b33-5710a5ad6fb1-kube-api-access-lbw4j\") pod \"test-hivemq-platform-0\" (UID: \"be45feea-7355-4619-9b33-5710a5ad6fb1\") " pod="helmmonitoringplatformit/test-hivemq-platform-0"
2025-01-30 18:17:13,714 INFO c.h.h.t.HelmChartContainer - [K3S] [reconciler_common.go:251] "operationExecutor.VerifyControllerAttachedVolume started for volume \"operator-init\" (UniqueName: \"kubernetes.io/empty-dir/be45feea-7355-4619-9b33-5710a5ad6fb1-operator-init\") pod \"test-hivemq-platform-0\" (UID: \"be45feea-7355-4619-9b33-5710a5ad6fb1\") " pod="helmmonitoringplatformit/test-hivemq-platform-0"
2025-01-30 18:17:13,714 INFO c.h.h.t.HelmChartContainer - [K3S] [reconciler_common.go:251] "operationExecutor.VerifyControllerAttachedVolume started for volume \"broker-configuration\" (UniqueName: \"kubernetes.io/configmap/be45feea-7355-4619-9b33-5710a5ad6fb1-broker-configuration\") pod \"test-hivemq-platform-0\" (UID: \"be45feea-7355-4619-9b33-5710a5ad6fb1\") " pod="helmmonitoringplatformit/test-hivemq-platform-0"
2025-01-30 18:17:13,718 INFO c.h.h.t.HelmChartContainer - [POD] test-hivemq-platform-0 [be45feea-7355-4619-9b33-5710a5ad6fb1] in helmmonitoringplatformit was MODIFIED
2025-01-30 18:17:13,758 INFO c.h.h.t.HelmChartContainer - [hivemq-test-hivemq-platform] [hivemq-platform-operator] [5c057a65] 18:17:13.755 [ReconcilerExecutor-hivemq-controller-65] INFO  c.h.p.o.HiveMQPlatformReconciler - [helmmoni] Reconciling HiveMQ Platform 'test-hivemq-platform' in namespace 'helmmonitoringplatformit'
2025-01-30 18:17:13,759 INFO c.h.h.t.HelmChartContainer - [hivemq-test-hivemq-platform] [hivemq-platform-operator] [5c057a65] 18:17:13.755 [ReconcilerExecutor-hivemq-controller-65] DEBUG c.h.p.o.HiveMQPlatformReconciler - [helmmoni] Custom Resource Status STARTING - HiveMQ Platform is starting (READY)
2025-01-30 18:17:13,759 INFO c.h.h.t.HelmChartContainer - [hivemq-test-hivemq-platform] [hivemq-platform-operator] [5c057a65] 18:17:13.755 [ReconcilerExecutor-hivemq-controller-65] DEBUG c.h.p.o.HiveMQPlatformReconciler - [helmmoni] Custom Resource Spec (replicas: 2) (extensions: 1)
2025-01-30 18:17:13,761 INFO c.h.h.t.HelmChartContainer - [hivemq-test-hivemq-platform] [hivemq-platform-operator] [5c057a65] 18:17:13.760 [ReconcilerExecutor-hivemq-controller-65] DEBUG c.h.p.o.HiveMQPlatformReconciler - [helmmoni] StatefulSet Status (revision: test-hivemq-platform-64db946475, replicas: 1, available: 0, ready: 0, current: 1, updated: 1)
2025-01-30 18:17:13,761 INFO c.h.h.t.HelmChartContainer - [hivemq-test-hivemq-platform] [hivemq-platform-operator] [5c057a65] 18:17:13.760 [ReconcilerExecutor-hivemq-controller-65] DEBUG c.h.p.o.HiveMQPlatformReconciler - [helmmoni] StatefulSet Spec (replicas: 2, init containers: 1, containers: 1, volumes: 3)
2025-01-30 18:17:13,855 INFO c.h.h.t.HelmChartContainer - [hivemq-test-hivemq-platform] [hivemq-platform-operator] [5c057a65] 18:17:13.853 [ReconcilerExecutor-hivemq-controller-65] DEBUG c.h.p.o.h.HiveMQPlatformReconcilerErrorHandler - [helmmoni] Pod 'test-hivemq-platform-0' phase Pending
2025-01-30 18:17:13,856 INFO c.h.h.t.HelmChartContainer - [hivemq-test-hivemq-platform] [hivemq-platform-operator] [5c057a65] 18:17:13.854 [ReconcilerExecutor-hivemq-controller-65] DEBUG c.h.p.o.h.HiveMQPlatformReconcilerErrorHandler - [helmmoni] Pod 'test-hivemq-platform-0' condition 'PodReadyToStartContainers': False
2025-01-30 18:17:13,856 INFO c.h.h.t.HelmChartContainer - [hivemq-test-hivemq-platform] [hivemq-platform-operator] [5c057a65] 18:17:13.854 [ReconcilerExecutor-hivemq-controller-65] DEBUG c.h.p.o.h.HiveMQPlatformReconcilerErrorHandler - [helmmoni] Pod 'test-hivemq-platform-0' condition 'Initialized': False
2025-01-30 18:17:13,856 INFO c.h.h.t.HelmChartContainer - [hivemq-test-hivemq-platform] [hivemq-platform-operator] [5c057a65] 18:17:13.854 [ReconcilerExecutor-hivemq-controller-65] DEBUG c.h.p.o.h.HiveMQPlatformReconcilerErrorHandler - [helmmoni] Pod 'test-hivemq-platform-0' condition 'Ready': False
2025-01-30 18:17:13,856 INFO c.h.h.t.HelmChartContainer - [hivemq-test-hivemq-platform] [hivemq-platform-operator] [5c057a65] 18:17:13.854 [ReconcilerExecutor-hivemq-controller-65] DEBUG c.h.p.o.h.HiveMQPlatformReconcilerErrorHandler - [helmmoni] Pod 'test-hivemq-platform-0' condition 'ContainersReady': False
2025-01-30 18:17:13,856 INFO c.h.h.t.HelmChartContainer - [hivemq-test-hivemq-platform] [hivemq-platform-operator] [5c057a65] 18:17:13.854 [ReconcilerExecutor-hivemq-controller-65] DEBUG c.h.p.o.h.HiveMQPlatformReconcilerErrorHandler - [helmmoni] Pod 'test-hivemq-platform-0' condition 'PodScheduled': True
2025-01-30 18:17:13,856 INFO c.h.h.t.HelmChartContainer - [hivemq-test-hivemq-platform] [hivemq-platform-operator] [5c057a65] 18:17:13.855 [ReconcilerExecutor-hivemq-controller-65] DEBUG c.h.p.o.h.HiveMQPlatformReconcilerErrorHandler - [helmmoni] Pod 'test-hivemq-platform-0' containerStatus 'hivemq' (started: false) (ready: false) (waiting: [PodInitializing] null)
2025-01-30 18:17:13,860 INFO c.h.h.t.HelmChartContainer - [hivemq-test-hivemq-platform] [hivemq-platform-operator] [5c057a65] 18:17:13.857 [ReconcilerExecutor-hivemq-controller-65] INFO  c.h.p.o.h.HiveMQPlatformReconcilerBaseHandler - [helmmoni] HiveMQ Platform is starting, 0 of 2 replicas are ready
2025-01-30 18:17:13,949 INFO c.h.h.t.HelmChartContainer - [hivemq-test-hivemq-platform] [hivemq-platform-operator] [5c057a65] 18:17:13.945 [pool-6-thread-22] DEBUG c.h.p.o.d.PlatformServiceResource - [helmmoni] Desired Platform services (3 services)
2025-01-30 18:17:13,949 INFO c.h.h.t.HelmChartContainer - [hivemq-test-hivemq-platform] [hivemq-platform-operator] [5c057a65] 18:17:13.946 [pool-6-thread-23] DEBUG c.h.p.o.dependants.PodInfoConfigMap - [helmmoni] Desired PodInfo ConfigMap (1 extensions) (1 enabled)
2025-01-30 18:17:13,949 INFO c.h.h.t.HelmChartContainer - [hivemq-test-hivemq-platform] [hivemq-platform-operator] [5c057a65] 18:17:13.946 [pool-6-thread-23] DEBUG c.h.p.o.dependants.PodInfoConfigMap - [helmmoni] Desired PodInfo ConfigMap (metrics port: 9399) (metrics path: /)
2025-01-30 18:17:13,949 INFO c.h.h.t.HelmChartContainer - [hivemq-test-hivemq-platform] [hivemq-platform-operator] [5c057a65] 18:17:13.946 [pool-6-thread-23] DEBUG c.h.p.o.dependants.PodInfoConfigMap - [helmmoni] Desired PodInfo ConfigMap (extension state hash: -1817474005)
2025-01-30 18:17:13,951 INFO c.h.h.t.HelmChartContainer - [hivemq-test-hivemq-platform] [hivemq-platform-operator] [5c057a65] 18:17:13.948 [pool-6-thread-27] DEBUG c.h.p.o.d.PodServiceAccountResource - [helmmoni] Desired PodServiceAccountResource (serviceAccountName: hivemq-platform-pod-test-hivemq-platform)
2025-01-30 18:17:13,958 INFO c.h.h.t.HelmChartContainer - [hivemq-test-hivemq-platform] [hivemq-platform-operator] [5c057a65] 18:17:13.957 [pool-6-thread-30] DEBUG c.h.p.o.d.StatefulSetResource - [helmmoni] Desired StatefulSet (2 replicas) for status STARTING (READY)
2025-01-30 18:17:14,052 INFO c.h.h.t.HelmChartContainer - [hivemq-test-hivemq-platform] [hivemq-platform-operator] [5c057a65] 18:17:14.051 [ReconcilerExecutor-hivemq-controller-77] INFO  c.h.p.o.HiveMQPlatformReconciler - [helmmoni] Reconciling HiveMQ Platform 'test-hivemq-platform' in namespace 'helmmonitoringplatformit'
2025-01-30 18:17:14,052 INFO c.h.h.t.HelmChartContainer - [hivemq-test-hivemq-platform] [hivemq-platform-operator] [5c057a65] 18:17:14.051 [ReconcilerExecutor-hivemq-controller-77] DEBUG c.h.p.o.HiveMQPlatformReconciler - [helmmoni] Custom Resource Status STARTING - HiveMQ Platform is starting (READY)
2025-01-30 18:17:14,056 INFO c.h.h.t.HelmChartContainer - [hivemq-test-hivemq-platform] [hivemq-platform-operator] [5c057a65] 18:17:14.051 [ReconcilerExecutor-hivemq-controller-77] DEBUG c.h.p.o.HiveMQPlatformReconciler - [helmmoni] Custom Resource Spec (replicas: 2) (extensions: 1)
2025-01-30 18:17:14,057 INFO c.h.h.t.HelmChartContainer - [hivemq-test-hivemq-platform] [hivemq-platform-operator] [5c057a65] 18:17:14.055 [ReconcilerExecutor-hivemq-controller-77] DEBUG c.h.p.o.HiveMQPlatformReconciler - [helmmoni] StatefulSet Status (revision: test-hivemq-platform-64db946475, replicas: 1, available: 0, ready: 0, current: 1, updated: 1)
2025-01-30 18:17:14,058 INFO c.h.h.t.HelmChartContainer - [hivemq-test-hivemq-platform] [hivemq-platform-operator] [5c057a65] 18:17:14.056 [ReconcilerExecutor-hivemq-controller-77] DEBUG c.h.p.o.HiveMQPlatformReconciler - [helmmoni] StatefulSet Spec (replicas: 2, init containers: 1, containers: 1, volumes: 3)
2025-01-30 18:17:14,059 INFO c.h.h.t.HelmChartContainer - [hivemq-test-hivemq-platform] [hivemq-platform-operator] [5c057a65] 18:17:14.057 [ReconcilerExecutor-hivemq-controller-77] DEBUG c.h.p.o.h.HiveMQPlatformReconcilerErrorHandler - [helmmoni] Pod 'test-hivemq-platform-0' phase Pending
2025-01-30 18:17:14,060 INFO c.h.h.t.HelmChartContainer - [hivemq-test-hivemq-platform] [hivemq-platform-operator] [5c057a65] 18:17:14.058 [ReconcilerExecutor-hivemq-controller-77] DEBUG c.h.p.o.h.HiveMQPlatformReconcilerErrorHandler - [helmmoni] Pod 'test-hivemq-platform-0' condition 'PodReadyToStartContainers': False
2025-01-30 18:17:14,060 INFO c.h.h.t.HelmChartContainer - [hivemq-test-hivemq-platform] [hivemq-platform-operator] [5c057a65] 18:17:14.058 [ReconcilerExecutor-hivemq-controller-77] DEBUG c.h.p.o.h.HiveMQPlatformReconcilerErrorHandler - [helmmoni] Pod 'test-hivemq-platform-0' condition 'Initialized': False
2025-01-30 18:17:14,060 INFO c.h.h.t.HelmChartContainer - [hivemq-test-hivemq-platform] [hivemq-platform-operator] [5c057a65] 18:17:14.058 [ReconcilerExecutor-hivemq-controller-77] DEBUG c.h.p.o.h.HiveMQPlatformReconcilerErrorHandler - [helmmoni] Pod 'test-hivemq-platform-0' condition 'Ready': False
2025-01-30 18:17:14,060 INFO c.h.h.t.HelmChartContainer - [hivemq-test-hivemq-platform] [hivemq-platform-operator] [5c057a65] 18:17:14.058 [ReconcilerExecutor-hivemq-controller-77] DEBUG c.h.p.o.h.HiveMQPlatformReconcilerErrorHandler - [helmmoni] Pod 'test-hivemq-platform-0' condition 'ContainersReady': False
2025-01-30 18:17:14,060 INFO c.h.h.t.HelmChartContainer - [hivemq-test-hivemq-platform] [hivemq-platform-operator] [5c057a65] 18:17:14.058 [ReconcilerExecutor-hivemq-controller-77] DEBUG c.h.p.o.h.HiveMQPlatformReconcilerErrorHandler - [helmmoni] Pod 'test-hivemq-platform-0' condition 'PodScheduled': True
2025-01-30 18:17:14,060 INFO c.h.h.t.HelmChartContainer - [hivemq-test-hivemq-platform] [hivemq-platform-operator] [5c057a65] 18:17:14.058 [ReconcilerExecutor-hivemq-controller-77] DEBUG c.h.p.o.h.HiveMQPlatformReconcilerErrorHandler - [helmmoni] Pod 'test-hivemq-platform-0' containerStatus 'hivemq' (started: false) (ready: false) (waiting: [PodInitializing] null)
2025-01-30 18:17:14,060 INFO c.h.h.t.HelmChartContainer - [hivemq-test-hivemq-platform] [hivemq-platform-operator] [5c057a65] 18:17:14.059 [ReconcilerExecutor-hivemq-controller-77] INFO  c.h.p.o.h.HiveMQPlatformReconcilerBaseHandler - [helmmoni] HiveMQ Platform is starting, 0 of 2 replicas are ready
2025-01-30 18:17:14,086 INFO c.h.h.t.HelmChartContainer - [EVENT] Normal [Pulled] Container image "docker.io/hivemq/hivemq-platform-operator-init-test:snapshot" already present on machine [helmmonitoringplatformit:test-hivemq-platform-0]
2025-01-30 18:17:14,230 INFO c.h.h.t.HelmChartContainer - [EVENT] Normal [Created] Created container: hivemq-platform-operator-init [helmmonitoringplatformit:test-hivemq-platform-0]
2025-01-30 18:17:14,264 INFO c.h.h.t.HelmChartContainer - [EVENT] Normal [Started] Started container hivemq-platform-operator-init [helmmonitoringplatformit:test-hivemq-platform-0]
2025-01-30 18:17:14,570 INFO c.h.h.t.HelmChartContainer - [EVENT] Normal [Pulled] Container image "docker.io/hivemq/hivemq4:4.36.0" already present on machine [helmmonitoringplatformit:test-hivemq-platform-0]
2025-01-30 18:17:14,570 INFO c.h.h.t.HelmChartContainer - Received Pulled event for container hivemq in pod test-hivemq-platform-0 [be45feea-7355-4619-9b33-5710a5ad6fb1]
2025-01-30 18:17:14,582 INFO c.h.h.t.HelmChartContainer - [POD] test-hivemq-platform-0 [be45feea-7355-4619-9b33-5710a5ad6fb1] in helmmonitoringplatformit was MODIFIED
2025-01-30 18:17:14,605 INFO c.h.h.t.HelmChartContainer - [hivemq-test-hivemq-platform] [hivemq-platform-operator] [5c057a65] 18:17:14.591 [pool-6-thread-32] DEBUG c.h.p.o.d.PlatformServiceResource - [helmmoni] Desired Platform services (3 services)
2025-01-30 18:17:14,605 INFO c.h.h.t.HelmChartContainer - [hivemq-test-hivemq-platform] [hivemq-platform-operator] [5c057a65] 18:17:14.597 [pool-6-thread-33] DEBUG c.h.p.o.dependants.PodInfoConfigMap - [helmmoni] Desired PodInfo ConfigMap (1 extensions) (1 enabled)
2025-01-30 18:17:14,605 INFO c.h.h.t.HelmChartContainer - [hivemq-test-hivemq-platform] [hivemq-platform-operator] [5c057a65] 18:17:14.598 [pool-6-thread-33] DEBUG c.h.p.o.dependants.PodInfoConfigMap - [helmmoni] Desired PodInfo ConfigMap (metrics port: 9399) (metrics path: /)
2025-01-30 18:17:14,605 INFO c.h.h.t.HelmChartContainer - [hivemq-test-hivemq-platform] [hivemq-platform-operator] [5c057a65] 18:17:14.598 [pool-6-thread-33] DEBUG c.h.p.o.dependants.PodInfoConfigMap - [helmmoni] Desired PodInfo ConfigMap (extension state hash: -1817474005)
2025-01-30 18:17:14,605 INFO c.h.h.t.HelmChartContainer - [hivemq-test-hivemq-platform] [hivemq-platform-operator] [5c057a65] 18:17:14.599 [pool-6-thread-37] DEBUG c.h.p.o.d.PodServiceAccountResource - [helmmoni] Desired PodServiceAccountResource (serviceAccountName: hivemq-platform-pod-test-hivemq-platform)
2025-01-30 18:17:14,647 INFO c.h.h.t.HelmChartContainer - [hivemq-test-hivemq-platform] [hivemq-platform-operator] [5c057a65] 18:17:14.645 [pool-6-thread-40] DEBUG c.h.p.o.d.StatefulSetResource - [helmmoni] Desired StatefulSet (2 replicas) for status STARTING (READY)
2025-01-30 18:17:14,653 INFO c.h.h.t.HelmChartContainer - [hivemq-test-hivemq-platform] [hivemq-platform-operator] [5c057a65] 18:17:14.651 [ReconcilerExecutor-hivemq-controller-88] INFO  c.h.p.o.HiveMQPlatformReconciler - [helmmoni] Reconciling HiveMQ Platform 'test-hivemq-platform' in namespace 'helmmonitoringplatformit'
2025-01-30 18:17:14,654 INFO c.h.h.t.HelmChartContainer - [hivemq-test-hivemq-platform] [hivemq-platform-operator] [5c057a65] 18:17:14.652 [ReconcilerExecutor-hivemq-controller-88] DEBUG c.h.p.o.HiveMQPlatformReconciler - [helmmoni] Custom Resource Status STARTING - HiveMQ Platform is starting (READY)
2025-01-30 18:17:14,654 INFO c.h.h.t.HelmChartContainer - [hivemq-test-hivemq-platform] [hivemq-platform-operator] [5c057a65] 18:17:14.652 [ReconcilerExecutor-hivemq-controller-88] DEBUG c.h.p.o.HiveMQPlatformReconciler - [helmmoni] Custom Resource Spec (replicas: 2) (extensions: 1)
2025-01-30 18:17:14,657 INFO c.h.h.t.HelmChartContainer - [hivemq-test-hivemq-platform] [hivemq-platform-operator] [5c057a65] 18:17:14.656 [ReconcilerExecutor-hivemq-controller-88] DEBUG c.h.p.o.HiveMQPlatformReconciler - [helmmoni] StatefulSet Status (revision: test-hivemq-platform-64db946475, replicas: 1, available: 0, ready: 0, current: 1, updated: 1)
2025-01-30 18:17:14,658 INFO c.h.h.t.HelmChartContainer - [hivemq-test-hivemq-platform] [hivemq-platform-operator] [5c057a65] 18:17:14.657 [ReconcilerExecutor-hivemq-controller-88] DEBUG c.h.p.o.HiveMQPlatformReconciler - [helmmoni] StatefulSet Spec (replicas: 2, init containers: 1, containers: 1, volumes: 3)
2025-01-30 18:17:14,664 INFO c.h.h.t.HelmChartContainer - [hivemq-test-hivemq-platform] [hivemq-platform-operator] [5c057a65] 18:17:14.661 [ReconcilerExecutor-hivemq-controller-88] DEBUG c.h.p.o.h.HiveMQPlatformReconcilerErrorHandler - [helmmoni] Pod 'test-hivemq-platform-0' phase Pending
2025-01-30 18:17:14,665 INFO c.h.h.t.HelmChartContainer - [hivemq-test-hivemq-platform] [hivemq-platform-operator] [5c057a65] 18:17:14.661 [ReconcilerExecutor-hivemq-controller-88] DEBUG c.h.p.o.h.HiveMQPlatformReconcilerErrorHandler - [helmmoni] Pod 'test-hivemq-platform-0' condition 'PodReadyToStartContainers': True
2025-01-30 18:17:14,665 INFO c.h.h.t.HelmChartContainer - [hivemq-test-hivemq-platform] [hivemq-platform-operator] [5c057a65] 18:17:14.662 [ReconcilerExecutor-hivemq-controller-88] DEBUG c.h.p.o.h.HiveMQPlatformReconcilerErrorHandler - [helmmoni] Pod 'test-hivemq-platform-0' condition 'Initialized': True
2025-01-30 18:17:14,665 INFO c.h.h.t.HelmChartContainer - [hivemq-test-hivemq-platform] [hivemq-platform-operator] [5c057a65] 18:17:14.662 [ReconcilerExecutor-hivemq-controller-88] DEBUG c.h.p.o.h.HiveMQPlatformReconcilerErrorHandler - [helmmoni] Pod 'test-hivemq-platform-0' condition 'Ready': False
2025-01-30 18:17:14,665 INFO c.h.h.t.HelmChartContainer - [hivemq-test-hivemq-platform] [hivemq-platform-operator] [5c057a65] 18:17:14.662 [ReconcilerExecutor-hivemq-controller-88] DEBUG c.h.p.o.h.HiveMQPlatformReconcilerErrorHandler - [helmmoni] Pod 'test-hivemq-platform-0' condition 'ContainersReady': False
2025-01-30 18:17:14,665 INFO c.h.h.t.HelmChartContainer - [hivemq-test-hivemq-platform] [hivemq-platform-operator] [5c057a65] 18:17:14.662 [ReconcilerExecutor-hivemq-controller-88] DEBUG c.h.p.o.h.HiveMQPlatformReconcilerErrorHandler - [helmmoni] Pod 'test-hivemq-platform-0' condition 'PodScheduled': True
2025-01-30 18:17:14,665 INFO c.h.h.t.HelmChartContainer - [hivemq-test-hivemq-platform] [hivemq-platform-operator] [5c057a65] 18:17:14.662 [ReconcilerExecutor-hivemq-controller-88] DEBUG c.h.p.o.h.HiveMQPlatformReconcilerErrorHandler - [helmmoni] Pod 'test-hivemq-platform-0' containerStatus 'hivemq' (started: false) (ready: false) (waiting: [PodInitializing] null)
2025-01-30 18:17:14,665 INFO c.h.h.t.HelmChartContainer - [hivemq-test-hivemq-platform] [hivemq-platform-operator] [5c057a65] 18:17:14.662 [ReconcilerExecutor-hivemq-controller-88] INFO  c.h.p.o.h.HiveMQPlatformReconcilerBaseHandler - [helmmoni] HiveMQ Platform is starting, 0 of 2 replicas are ready
2025-01-30 18:17:16,076 INFO c.h.h.t.HelmChartContainer - [EVENT] Normal [Created] Created container: hivemq [helmmonitoringplatformit:test-hivemq-platform-0]
2025-01-30 18:17:16,076 INFO c.h.h.t.HelmChartContainer - Received Created event for container hivemq in pod test-hivemq-platform-0 [be45feea-7355-4619-9b33-5710a5ad6fb1]
2025-01-30 18:17:16,583 INFO c.h.h.t.HelmChartContainer - [POD] test-hivemq-platform-0 [be45feea-7355-4619-9b33-5710a5ad6fb1] in helmmonitoringplatformit was MODIFIED
2025-01-30 18:17:16,597 INFO c.h.h.t.HelmChartContainer - [hivemq-test-hivemq-platform] [hivemq-platform-operator] [5c057a65] 18:17:16.594 [pool-6-thread-42] DEBUG c.h.p.o.d.PlatformServiceResource - [helmmoni] Desired Platform services (3 services)
2025-01-30 18:17:16,599 INFO c.h.h.t.HelmChartContainer - [EVENT] Normal [Started] Started container hivemq [helmmonitoringplatformit:test-hivemq-platform-0]
2025-01-30 18:17:16,599 INFO c.h.h.t.HelmChartContainer - [hivemq-test-hivemq-platform] [hivemq-platform-operator] [5c057a65] 18:17:16.598 [pool-6-thread-43] DEBUG c.h.p.o.dependants.PodInfoConfigMap - [helmmoni] Desired PodInfo ConfigMap (1 extensions) (1 enabled)
2025-01-30 18:17:16,600 INFO c.h.h.t.HelmChartContainer - Received Started event for container hivemq in pod test-hivemq-platform-0 [be45feea-7355-4619-9b33-5710a5ad6fb1]
2025-01-30 18:17:16,600 INFO c.h.h.t.HelmChartContainer - [hivemq-test-hivemq-platform] [hivemq-platform-operator] [5c057a65] 18:17:16.599 [pool-6-thread-43] DEBUG c.h.p.o.dependants.PodInfoConfigMap - [helmmoni] Desired PodInfo ConfigMap (metrics port: 9399) (metrics path: /)
2025-01-30 18:17:16,601 INFO c.h.h.t.HelmChartContainer - Started log watcher for hivemq in pod test-hivemq-platform-0 [be45feea-7355-4619-9b33-5710a5ad6fb1]
2025-01-30 18:17:16,601 INFO c.h.h.t.HelmChartContainer - [test-hivemq-platform] [hivemq] [be45feea] Adding pre-installed HiveMQ Platform Operator extensions
2025-01-30 18:17:16,601 INFO c.h.h.t.HelmChartContainer - [test-hivemq-platform] [hivemq] [be45feea] Running as user 10000
2025-01-30 18:17:16,601 INFO c.h.h.t.HelmChartContainer - [test-hivemq-platform] [hivemq] [be45feea] Starting HiveMQ Platform Operator Init
2025-01-30 18:17:16,602 INFO c.h.h.t.HelmChartContainer - [hivemq-test-hivemq-platform] [hivemq-platform-operator] [5c057a65] 18:17:16.600 [pool-6-thread-43] DEBUG c.h.p.o.dependants.PodInfoConfigMap - [helmmoni] Desired PodInfo ConfigMap (extension state hash: -1817474005)
2025-01-30 18:17:16,607 INFO c.h.h.t.HelmChartContainer - [hivemq-test-hivemq-platform] [hivemq-platform-operator] [5c057a65] 18:17:16.604 [pool-6-thread-47] DEBUG c.h.p.o.d.PodServiceAccountResource - [helmmoni] Desired PodServiceAccountResource (serviceAccountName: hivemq-platform-pod-test-hivemq-platform)
2025-01-30 18:17:16,648 INFO c.h.h.t.HelmChartContainer - [hivemq-test-hivemq-platform] [hivemq-platform-operator] [5c057a65] 18:17:16.646 [pool-6-thread-50] DEBUG c.h.p.o.d.StatefulSetResource - [helmmoni] Desired StatefulSet (2 replicas) for status STARTING (READY)
2025-01-30 18:17:16,652 INFO c.h.h.t.HelmChartContainer - [hivemq-test-hivemq-platform] [hivemq-platform-operator] [5c057a65] 18:17:16.652 [ReconcilerExecutor-hivemq-controller-99] INFO  c.h.p.o.HiveMQPlatformReconciler - [helmmoni] Reconciling HiveMQ Platform 'test-hivemq-platform' in namespace 'helmmonitoringplatformit'
2025-01-30 18:17:16,655 INFO c.h.h.t.HelmChartContainer - [hivemq-test-hivemq-platform] [hivemq-platform-operator] [5c057a65] 18:17:16.654 [ReconcilerExecutor-hivemq-controller-99] DEBUG c.h.p.o.HiveMQPlatformReconciler - [helmmoni] Custom Resource Status STARTING - HiveMQ Platform is starting (READY)
2025-01-30 18:17:16,656 INFO c.h.h.t.HelmChartContainer - [hivemq-test-hivemq-platform] [hivemq-platform-operator] [5c057a65] 18:17:16.654 [ReconcilerExecutor-hivemq-controller-99] DEBUG c.h.p.o.HiveMQPlatformReconciler - [helmmoni] Custom Resource Spec (replicas: 2) (extensions: 1)
2025-01-30 18:17:16,661 INFO c.h.h.t.HelmChartContainer - [hivemq-test-hivemq-platform] [hivemq-platform-operator] [5c057a65] 18:17:16.660 [ReconcilerExecutor-hivemq-controller-99] DEBUG c.h.p.o.HiveMQPlatformReconciler - [helmmoni] StatefulSet Status (revision: test-hivemq-platform-64db946475, replicas: 1, available: 0, ready: 0, current: 1, updated: 1)
2025-01-30 18:17:16,661 INFO c.h.h.t.HelmChartContainer - [hivemq-test-hivemq-platform] [hivemq-platform-operator] [5c057a65] 18:17:16.660 [ReconcilerExecutor-hivemq-controller-99] DEBUG c.h.p.o.HiveMQPlatformReconciler - [helmmoni] StatefulSet Spec (replicas: 2, init containers: 1, containers: 1, volumes: 3)
2025-01-30 18:17:16,668 INFO c.h.h.t.HelmChartContainer - [hivemq-test-hivemq-platform] [hivemq-platform-operator] [5c057a65] 18:17:16.666 [ReconcilerExecutor-hivemq-controller-99] DEBUG c.h.p.o.h.HiveMQPlatformReconcilerErrorHandler - [helmmoni] Pod 'test-hivemq-platform-0' phase Running
2025-01-30 18:17:16,668 INFO c.h.h.t.HelmChartContainer - [hivemq-test-hivemq-platform] [hivemq-platform-operator] [5c057a65] 18:17:16.667 [ReconcilerExecutor-hivemq-controller-99] INFO  c.h.p.o.h.HiveMQPlatformReconcilerBaseHandler - [helmmoni] HiveMQ Platform is starting, 0 of 2 replicas are ready
2025-01-30 18:17:17,432 INFO c.h.h.t.HelmChartContainer - [test-hivemq-platform] [hivemq] [be45feea] INFO  - [HiveMQ Platform Operator Init 1.7.0-SNAPSHOT] HiveMQ Platform Operator Init 1.7.0-SNAPSHOT (commit: 47e3375 on branch: HEAD) built on Thu Jan 30 03:55:50 UTC 2025
2025-01-30 18:17:18,640 INFO c.h.h.t.HelmChartContainer - [test-hivemq-platform] [hivemq] [be45feea] INFO  - [HiveMQ Platform Operator Init App 1.7.0-SNAPSHOT] Using bind address 10.42.0.17 from environment variable
2025-01-30 18:17:19,626 INFO c.h.h.t.HelmChartContainer - [test-hivemq-platform] [hivemq] [be45feea] INFO  - [HiveMQ Platform Operator Init App 1.7.0-SNAPSHOT] HiveMQ Platform Operator Init App 1.7.0-SNAPSHOT (commit: 47e3375 on branch: HEAD) built on Thu Jan 30 03:55:50 UTC 2025
2025-01-30 18:17:19,627 INFO c.h.h.t.HelmChartContainer - [test-hivemq-platform] [hivemq] [be45feea] INFO  - [HiveMQ Platform Operator Init App 1.7.0-SNAPSHOT] PodInfo ConfigMap directory: /etc/podinfo
2025-01-30 18:17:19,627 INFO c.h.h.t.HelmChartContainer - [test-hivemq-platform] [hivemq] [be45feea] INFO  - [HiveMQ Platform Operator Init App 1.7.0-SNAPSHOT] HiveMQ home directory: /opt/hivemq
2025-01-30 18:17:19,627 INFO c.h.h.t.HelmChartContainer - [test-hivemq-platform] [hivemq] [be45feea] INFO  - [HiveMQ Platform Operator Init App 1.7.0-SNAPSHOT] HiveMQ Logback folder: /opt/hivemq/conf
2025-01-30 18:17:19,627 INFO c.h.h.t.HelmChartContainer - [test-hivemq-platform] [hivemq] [be45feea] INFO  - [HiveMQ Platform Operator Init App 1.7.0-SNAPSHOT] HiveMQ Config folder: /opt/hivemq/conf-k8s
2025-01-30 18:17:19,627 INFO c.h.h.t.HelmChartContainer - [test-hivemq-platform] [hivemq] [be45feea] INFO  - [HiveMQ Platform Operator Init App 1.7.0-SNAPSHOT] Starting HiveMQ Platform Operator Init App
2025-01-30 18:17:19,627 INFO c.h.h.t.HelmChartContainer - [test-hivemq-platform] [hivemq] [be45feea] INFO  - [HiveMQ Platform Operator Init App 1.7.0-SNAPSHOT] Starting Pod reconciler
2025-01-30 18:17:20,833 INFO c.h.h.t.HelmChartContainer - [test-hivemq-platform] [hivemq] [be45feea] INFO  - [HiveMQ Platform Operator Init App 1.7.0-SNAPSHOT] Pod reconciler is scheduled (interval: 5000 ms)
2025-01-30 18:17:20,834 INFO c.h.h.t.HelmChartContainer - [test-hivemq-platform] [hivemq] [be45feea] INFO  - [HiveMQ Platform Operator Init App 1.7.0-SNAPSHOT] Starting the REST API on 10.42.0.17:7979
2025-01-30 18:17:20,836 INFO c.h.h.t.HelmChartContainer - [test-hivemq-platform] [hivemq] [be45feea] INFO  - [HiveMQ Platform Operator Init App 1.7.0-SNAPSHOT] Waiting up to 600s for at most 2 HiveMQ nodes in cluster service hivemq-test-hivemq-platform-cluster.helmmonitoringplatformit.svc
2025-01-30 18:17:21,143 INFO c.h.h.t.HelmChartContainer - [test-hivemq-platform] [hivemq] [be45feea] INFO  - [HiveMQ Platform Operator Init App 1.7.0-SNAPSHOT] Resolved 1 IP addresses: [10.42.0.17]
2025-01-30 18:17:21,144 INFO c.h.h.t.HelmChartContainer - [test-hivemq-platform] [hivemq] [be45feea] INFO  - [HiveMQ Platform Operator Init App 1.7.0-SNAPSHOT] HiveMQ node count of 1 is within threshold of 2
2025-01-30 18:17:21,144 INFO c.h.h.t.HelmChartContainer - [test-hivemq-platform] [hivemq] [be45feea] INFO  - [HiveMQ Platform Operator Init App 1.7.0-SNAPSHOT] Proceeding with container start
2025-01-30 18:17:21,234 INFO c.h.h.t.HelmChartContainer - [test-hivemq-platform] [hivemq] [be45feea] INFO  - [HiveMQ Platform Operator Init App 1.7.0-SNAPSHOT] Initializing HiveMQ Platform extensions with initial configuration: {hivemq-allow-all-extension={start-priority=-1, skip-https-hostname-verification=false, restart=true, config-version=0, header-version=0, c-uri=, priority=-1, uri=preinstalled, skip-https-certificate-validation=false, enabled=true}, hivemq-prometheus-extension={request-header-path=no-request-headers, uri=preinstalled, skip-https-certificate-validation=false, skip-https-hostname-verification=false, c-uri=, start-priority=-1, priority=-1, restart=true, enabled=true}}
2025-01-30 18:17:21,730 INFO c.h.h.t.HelmChartContainer - [test-hivemq-platform] [hivemq] [be45feea] INFO  - [HiveMQ Platform Operator Init App 1.7.0-SNAPSHOT] Extension hivemq-allow-all-extension was already enabled
2025-01-30 18:17:21,739 INFO c.h.h.t.HelmChartContainer - [test-hivemq-platform] [hivemq] [be45feea] INFO  - [HiveMQ Platform Operator Init App 1.7.0-SNAPSHOT] Successfully enabled extension hivemq-prometheus-extension
2025-01-30 18:17:21,741 INFO c.h.h.t.HelmChartContainer - [test-hivemq-platform] [hivemq] [be45feea] INFO  - [HiveMQ Platform Operator Init App 1.7.0-SNAPSHOT] Starting HiveMQ Platform version 4.36.0 (4.36.0)
2025-01-30 18:17:21,741 INFO c.h.h.t.HelmChartContainer - [test-hivemq-platform] [hivemq] [be45feea] INFO  - [HiveMQ Platform Operator Init App 1.7.0-SNAPSHOT] Configuring the HiveMQ Platform
2025-01-30 18:17:21,828 INFO c.h.h.t.HelmChartContainer - [test-hivemq-platform] [hivemq] [be45feea] INFO  - [HiveMQ Platform Operator Init App 1.7.0-SNAPSHOT] Changed logback.xml file scan period to 20 seconds
2025-01-30 18:17:21,909 INFO c.h.h.t.HelmChartContainer - [test-hivemq-platform] [hivemq] [be45feea] INFO  - [HiveMQ Platform Operator Init App 1.7.0-SNAPSHOT] Starting the HiveMQ Platform
2025-01-30 18:17:21,926 INFO c.h.h.t.HelmChartContainer - [test-hivemq-platform] [hivemq] [be45feea] -------------------------------------------------------------------------
2025-01-30 18:17:21,926 INFO c.h.h.t.HelmChartContainer - [test-hivemq-platform] [hivemq] [be45feea] 
2025-01-30 18:17:21,926 INFO c.h.h.t.HelmChartContainer - [test-hivemq-platform] [hivemq] [be45feea]                   _    _  _              __  __   ____
2025-01-30 18:17:21,926 INFO c.h.h.t.HelmChartContainer - [test-hivemq-platform] [hivemq] [be45feea]                  | |  | |(_)            |  \/  | / __ \
2025-01-30 18:17:21,926 INFO c.h.h.t.HelmChartContainer - [test-hivemq-platform] [hivemq] [be45feea]                  | |__| | _ __   __ ___ | \  / || |  | |
2025-01-30 18:17:21,926 INFO c.h.h.t.HelmChartContainer - [test-hivemq-platform] [hivemq] [be45feea]                  |  __  || |\ \ / // _ \| |\/| || |  | |
2025-01-30 18:17:21,927 INFO c.h.h.t.HelmChartContainer - [test-hivemq-platform] [hivemq] [be45feea]                  | |  | || | \ V /|  __/| |  | || |__| |
2025-01-30 18:17:21,927 INFO c.h.h.t.HelmChartContainer - [test-hivemq-platform] [hivemq] [be45feea]                  |_|  |_||_|  \_/  \___||_|  |_| \___\_\
2025-01-30 18:17:21,927 INFO c.h.h.t.HelmChartContainer - [test-hivemq-platform] [hivemq] [be45feea] 
2025-01-30 18:17:21,928 INFO c.h.h.t.HelmChartContainer - [test-hivemq-platform] [hivemq] [be45feea] -------------------------------------------------------------------------
2025-01-30 18:17:21,928 INFO c.h.h.t.HelmChartContainer - [test-hivemq-platform] [hivemq] [be45feea] 
2025-01-30 18:17:21,928 INFO c.h.h.t.HelmChartContainer - [test-hivemq-platform] [hivemq] [be45feea]   HiveMQ Start Script for Linux/Unix v1.14
2025-01-30 18:17:21,928 INFO c.h.h.t.HelmChartContainer - [test-hivemq-platform] [hivemq] [be45feea] 
2025-01-30 18:17:21,957 INFO c.h.h.t.HelmChartContainer - [test-hivemq-platform] [hivemq] [be45feea] -------------------------------------------------------------------------
2025-01-30 18:17:21,957 INFO c.h.h.t.HelmChartContainer - [test-hivemq-platform] [hivemq] [be45feea] 
2025-01-30 18:17:21,957 INFO c.h.h.t.HelmChartContainer - [test-hivemq-platform] [hivemq] [be45feea]   HIVEMQ_HOME: /opt/hivemq
2025-01-30 18:17:21,957 INFO c.h.h.t.HelmChartContainer - [test-hivemq-platform] [hivemq] [be45feea] 
2025-01-30 18:17:21,957 INFO c.h.h.t.HelmChartContainer - [test-hivemq-platform] [hivemq] [be45feea]   JAVA_OPTS: -XX:+UnlockExperimentalVMOptions -XX:InitialRAMPercentage=50 -XX:MaxRAMPercentage=50 -Djava.net.preferIPv4Stack=true --add-opens java.base/java.lang=ALL-UNNAMED --add-opens java.base/java.nio=ALL-UNNAMED --add-opens java.base/sun.nio.ch=ALL-UNNAMED --add-opens jdk.management/com.sun.management.internal=ALL-UNNAMED --add-exports java.base/jdk.internal.misc=ALL-UNNAMED -Djava.security.egd=file:/dev/./urandom -Dcom.sun.management.jmxremote -Dcom.sun.management.jmxremote.port=9010 -Dcom.sun.management.jmxremote.local.only=false -Dcom.sun.management.jmxremote.authenticate=false -Dcom.sun.management.jmxremote.ssl=false -Duser.language=en -Duser.region=US -XX:+CrashOnOutOfMemoryError -XX:+HeapDumpOnOutOfMemoryError
2025-01-30 18:17:21,957 INFO c.h.h.t.HelmChartContainer - [test-hivemq-platform] [hivemq] [be45feea] 
2025-01-30 18:17:21,957 INFO c.h.h.t.HelmChartContainer - [test-hivemq-platform] [hivemq] [be45feea]   JAVA_VERSION: 21
2025-01-30 18:17:21,957 INFO c.h.h.t.HelmChartContainer - [test-hivemq-platform] [hivemq] [be45feea] 
2025-01-30 18:17:21,957 INFO c.h.h.t.HelmChartContainer - [test-hivemq-platform] [hivemq] [be45feea] -------------------------------------------------------------------------
2025-01-30 18:17:21,957 INFO c.h.h.t.HelmChartContainer - [test-hivemq-platform] [hivemq] [be45feea] 
2025-01-30 18:17:22,636 INFO c.h.h.t.HelmChartContainer - [test-hivemq-platform] [hivemq] [be45feea] INFO  - [HiveMQ Platform Operator Init App 1.7.0-SNAPSHOT] Returning default Health API response 503 for readiness
2025-01-30 18:17:23,132 INFO c.h.h.t.HelmChartContainer - [EVENT] Warning [Unhealthy] Readiness probe failed: HTTP probe failed with statuscode: 503 [helmmonitoringplatformit:test-hivemq-platform-0]
2025-01-30 18:17:23,133 INFO c.h.h.t.HelmChartContainer - Received Unhealthy event for container hivemq in pod test-hivemq-platform-0 [be45feea-7355-4619-9b33-5710a5ad6fb1]
2025-01-30 18:17:24,830 INFO c.h.h.t.HelmChartContainer - [test-hivemq-platform] [hivemq] [be45feea] INFO  - Starting HiveMQ Enterprise Server
2025-01-30 18:17:24,836 INFO c.h.h.t.HelmChartContainer - [test-hivemq-platform] [hivemq] [be45feea] INFO  - HiveMQ version: 4.36.0
2025-01-30 18:17:24,836 INFO c.h.h.t.HelmChartContainer - [test-hivemq-platform] [hivemq] [be45feea] INFO  - HiveMQ home directory: /opt/hivemq
2025-01-30 18:17:24,837 INFO c.h.h.t.HelmChartContainer - [test-hivemq-platform] [hivemq] [be45feea] INFO  - Log Configuration was overridden by /opt/hivemq/conf/logback.xml
2025-01-30 18:17:26,477 INFO c.h.h.t.HelmChartContainer - [K3S] [INFO] COMPACT compactRev=0 targetCompactRev=2 currentRev=1571
2025-01-30 18:17:26,477 INFO c.h.h.t.HelmChartContainer - [K3S] [INFO] COMPACT deleted 0 rows from 2 revisions in 356.748µs - compacted to 2/1571
2025-01-30 18:17:26,477 INFO c.h.h.t.HelmChartContainer - [K3S] [INFO] COMPACT compacted from 0 to 2 in 1 transactions over 1ms
2025-01-30 18:17:26,674 INFO c.h.h.t.HelmChartContainer - [hivemq-test-hivemq-platform] [hivemq-platform-operator] [5c057a65] 18:17:26.671 [pool-6-thread-9] DEBUG c.h.p.o.d.PlatformServiceResource - [helmmoni] Desired Platform services (3 services)
2025-01-30 18:17:26,674 INFO c.h.h.t.HelmChartContainer - [hivemq-test-hivemq-platform] [hivemq-platform-operator] [5c057a65] 18:17:26.672 [pool-6-thread-6] DEBUG c.h.p.o.dependants.PodInfoConfigMap - [helmmoni] Desired PodInfo ConfigMap (1 extensions) (1 enabled)
2025-01-30 18:17:26,674 INFO c.h.h.t.HelmChartContainer - [hivemq-test-hivemq-platform] [hivemq-platform-operator] [5c057a65] 18:17:26.672 [pool-6-thread-6] DEBUG c.h.p.o.dependants.PodInfoConfigMap - [helmmoni] Desired PodInfo ConfigMap (metrics port: 9399) (metrics path: /)
2025-01-30 18:17:26,674 INFO c.h.h.t.HelmChartContainer - [hivemq-test-hivemq-platform] [hivemq-platform-operator] [5c057a65] 18:17:26.672 [pool-6-thread-6] DEBUG c.h.p.o.dependants.PodInfoConfigMap - [helmmoni] Desired PodInfo ConfigMap (extension state hash: -1817474005)
2025-01-30 18:17:26,674 INFO c.h.h.t.HelmChartContainer - [hivemq-test-hivemq-platform] [hivemq-platform-operator] [5c057a65] 18:17:26.673 [pool-6-thread-8] DEBUG c.h.p.o.d.PodServiceAccountResource - [helmmoni] Desired PodServiceAccountResource (serviceAccountName: hivemq-platform-pod-test-hivemq-platform)
2025-01-30 18:17:26,678 INFO c.h.h.t.HelmChartContainer - [hivemq-test-hivemq-platform] [hivemq-platform-operator] [5c057a65] 18:17:26.678 [pool-6-thread-6] DEBUG c.h.p.o.d.StatefulSetResource - [helmmoni] Desired StatefulSet (2 replicas) for status STARTING (READY)
2025-01-30 18:17:26,684 INFO c.h.h.t.HelmChartContainer - [hivemq-test-hivemq-platform] [hivemq-platform-operator] [5c057a65] 18:17:26.683 [ReconcilerExecutor-hivemq-controller-110] INFO  c.h.p.o.HiveMQPlatformReconciler - [helmmoni] Reconciling HiveMQ Platform 'test-hivemq-platform' in namespace 'helmmonitoringplatformit'
2025-01-30 18:17:26,685 INFO c.h.h.t.HelmChartContainer - [hivemq-test-hivemq-platform] [hivemq-platform-operator] [5c057a65] 18:17:26.684 [ReconcilerExecutor-hivemq-controller-110] DEBUG c.h.p.o.HiveMQPlatformReconciler - [helmmoni] Custom Resource Status STARTING - HiveMQ Platform is starting (READY)
2025-01-30 18:17:26,685 INFO c.h.h.t.HelmChartContainer - [hivemq-test-hivemq-platform] [hivemq-platform-operator] [5c057a65] 18:17:26.684 [ReconcilerExecutor-hivemq-controller-110] DEBUG c.h.p.o.HiveMQPlatformReconciler - [helmmoni] Custom Resource Spec (replicas: 2) (extensions: 1)
2025-01-30 18:17:26,686 INFO c.h.h.t.HelmChartContainer - [hivemq-test-hivemq-platform] [hivemq-platform-operator] [5c057a65] 18:17:26.685 [ReconcilerExecutor-hivemq-controller-110] DEBUG c.h.p.o.HiveMQPlatformReconciler - [helmmoni] StatefulSet Status (revision: test-hivemq-platform-64db946475, replicas: 1, available: 0, ready: 0, current: 1, updated: 1)
2025-01-30 18:17:26,687 INFO c.h.h.t.HelmChartContainer - [hivemq-test-hivemq-platform] [hivemq-platform-operator] [5c057a65] 18:17:26.685 [ReconcilerExecutor-hivemq-controller-110] DEBUG c.h.p.o.HiveMQPlatformReconciler - [helmmoni] StatefulSet Spec (replicas: 2, init containers: 1, containers: 1, volumes: 3)
2025-01-30 18:17:26,688 INFO c.h.h.t.HelmChartContainer - [hivemq-test-hivemq-platform] [hivemq-platform-operator] [5c057a65] 18:17:26.687 [ReconcilerExecutor-hivemq-controller-110] DEBUG c.h.p.o.h.HiveMQPlatformReconcilerErrorHandler - [helmmoni] Pod 'test-hivemq-platform-0' phase Running
2025-01-30 18:17:26,689 INFO c.h.h.t.HelmChartContainer - [hivemq-test-hivemq-platform] [hivemq-platform-operator] [5c057a65] 18:17:26.688 [ReconcilerExecutor-hivemq-controller-110] INFO  c.h.p.o.h.HiveMQPlatformReconcilerBaseHandler - [helmmoni] HiveMQ Platform is starting, 0 of 2 replicas are ready
2025-01-30 18:17:27,133 INFO c.h.h.t.HelmChartContainer - [test-hivemq-platform] [hivemq] [be45feea] INFO  - Successfully loaded configuration from '/opt/hivemq/conf-k8s/config.xml'.
2025-01-30 18:17:28,033 INFO c.h.h.t.HelmChartContainer - [test-hivemq-platform] [hivemq] [be45feea] WARN  - [HiveMQ Platform Operator Init App 1.7.0-SNAPSHOT] Cannot connect to Health API for readiness: null
2025-01-30 18:17:28,045 INFO c.h.h.t.HelmChartContainer - [EVENT] Warning [Unhealthy] Readiness probe failed: HTTP probe failed with statuscode: 503 [helmmonitoringplatformit:test-hivemq-platform-0]
2025-01-30 18:17:28,045 INFO c.h.h.t.HelmChartContainer - Received Unhealthy event for container hivemq in pod test-hivemq-platform-0 [be45feea-7355-4619-9b33-5710a5ad6fb1]
2025-01-30 18:17:28,232 INFO c.h.h.t.HelmChartContainer - [test-hivemq-platform] [hivemq] [be45feea] INFO  - This node's ID is U59UE
2025-01-30 18:17:28,232 INFO c.h.h.t.HelmChartContainer - [test-hivemq-platform] [hivemq] [be45feea] INFO  - Clustering is enabled
2025-01-30 18:17:29,963 INFO c.h.h.t.HelmChartContainer - [K3S] [info.go:53] Couldn't collect info from any of the files in "/etc/machine-id,/var/lib/dbus/machine-id"
2025-01-30 18:17:30,102 INFO c.h.h.t.HelmChartContainer - [K3S] [scope.go:117] "RemoveContainer" containerID="e9094ebaed1597cd161333cc52e4bee1970a5240b2a02e26c300c9864f381416"
2025-01-30 18:17:30,106 INFO c.h.h.t.HelmChartContainer - [K3S] [scope.go:117] "RemoveContainer" containerID="0e68eb24690fe687480169f50e0a4e91dc66791508ce28ae76add87e3a99e596"
2025-01-30 18:17:31,326 INFO c.h.h.t.HelmChartContainer - [test-hivemq-platform] [hivemq] [be45feea] Jan 30, 2025 6:17:31 PM io.vertx.core.impl.BlockedThreadChecker
2025-01-30 18:17:31,329 INFO c.h.h.t.HelmChartContainer - [test-hivemq-platform] [hivemq] [be45feea] WARNING: Thread Thread[vert.x-eventloop-thread-1,5,main] has been blocked for 2192 ms, time limit is 2000 ms
2025-01-30 18:17:32,135 INFO c.h.h.t.HelmChartContainer - [test-hivemq-platform] [hivemq] [be45feea] INFO  - [HiveMQ Platform Operator Init App 1.7.0-SNAPSHOT] Updating Pod HiveMQ Platform Operator Init App version annotation (version: 1.7.0-SNAPSHOT)
2025-01-30 18:17:32,635 INFO c.h.h.t.HelmChartContainer - [test-hivemq-platform] [hivemq] [be45feea] WARN  - [HiveMQ Platform Operator Init App 1.7.0-SNAPSHOT] Cannot connect to Health API for readiness: null
2025-01-30 18:17:32,637 INFO c.h.h.t.HelmChartContainer - [EVENT] Warning [Unhealthy] Readiness probe failed: HTTP probe failed with statuscode: 503 [helmmonitoringplatformit:test-hivemq-platform-0]
2025-01-30 18:17:32,637 INFO c.h.h.t.HelmChartContainer - Received Unhealthy event for container hivemq in pod test-hivemq-platform-0 [be45feea-7355-4619-9b33-5710a5ad6fb1]
2025-01-30 18:17:32,840 INFO c.h.h.t.HelmChartContainer - [POD] test-hivemq-platform-0 [be45feea-7355-4619-9b33-5710a5ad6fb1] in helmmonitoringplatformit was MODIFIED
2025-01-30 18:17:32,850 INFO c.h.h.t.HelmChartContainer - [hivemq-test-hivemq-platform] [hivemq-platform-operator] [5c057a65] 18:17:32.845 [pool-6-thread-16] DEBUG c.h.p.o.d.PlatformServiceResource - [helmmoni] Desired Platform services (3 services)
2025-01-30 18:17:32,850 INFO c.h.h.t.HelmChartContainer - [hivemq-test-hivemq-platform] [hivemq-platform-operator] [5c057a65] 18:17:32.848 [pool-6-thread-11] DEBUG c.h.p.o.d.PodServiceAccountResource - [helmmoni] Desired PodServiceAccountResource (serviceAccountName: hivemq-platform-pod-test-hivemq-platform)
2025-01-30 18:17:32,852 INFO c.h.h.t.HelmChartContainer - [hivemq-test-hivemq-platform] [hivemq-platform-operator] [5c057a65] 18:17:32.850 [pool-6-thread-14] DEBUG c.h.p.o.dependants.PodInfoConfigMap - [helmmoni] Desired PodInfo ConfigMap (1 extensions) (1 enabled)
2025-01-30 18:17:32,852 INFO c.h.h.t.HelmChartContainer - [hivemq-test-hivemq-platform] [hivemq-platform-operator] [5c057a65] 18:17:32.850 [pool-6-thread-14] DEBUG c.h.p.o.dependants.PodInfoConfigMap - [helmmoni] Desired PodInfo ConfigMap (metrics port: 9399) (metrics path: /)
2025-01-30 18:17:32,852 INFO c.h.h.t.HelmChartContainer - [hivemq-test-hivemq-platform] [hivemq-platform-operator] [5c057a65] 18:17:32.850 [pool-6-thread-14] DEBUG c.h.p.o.dependants.PodInfoConfigMap - [helmmoni] Desired PodInfo ConfigMap (extension state hash: -1817474005)
2025-01-30 18:17:32,854 INFO c.h.h.t.HelmChartContainer - [hivemq-test-hivemq-platform] [hivemq-platform-operator] [5c057a65] 18:17:32.853 [pool-6-thread-15] DEBUG c.h.p.o.d.StatefulSetResource - [helmmoni] Desired StatefulSet (2 replicas) for status STARTING (READY)
2025-01-30 18:17:32,858 INFO c.h.h.t.HelmChartContainer - [hivemq-test-hivemq-platform] [hivemq-platform-operator] [5c057a65] 18:17:32.857 [ReconcilerExecutor-hivemq-controller-111] INFO  c.h.p.o.HiveMQPlatformReconciler - [helmmoni] Reconciling HiveMQ Platform 'test-hivemq-platform' in namespace 'helmmonitoringplatformit'
2025-01-30 18:17:32,858 INFO c.h.h.t.HelmChartContainer - [hivemq-test-hivemq-platform] [hivemq-platform-operator] [5c057a65] 18:17:32.857 [ReconcilerExecutor-hivemq-controller-111] DEBUG c.h.p.o.HiveMQPlatformReconciler - [helmmoni] Custom Resource Status STARTING - HiveMQ Platform is starting (READY)
2025-01-30 18:17:32,858 INFO c.h.h.t.HelmChartContainer - [hivemq-test-hivemq-platform] [hivemq-platform-operator] [5c057a65] 18:17:32.857 [ReconcilerExecutor-hivemq-controller-111] DEBUG c.h.p.o.HiveMQPlatformReconciler - [helmmoni] Custom Resource Spec (replicas: 2) (extensions: 1)
2025-01-30 18:17:32,859 INFO c.h.h.t.HelmChartContainer - [hivemq-test-hivemq-platform] [hivemq-platform-operator] [5c057a65] 18:17:32.858 [ReconcilerExecutor-hivemq-controller-111] DEBUG c.h.p.o.HiveMQPlatformReconciler - [helmmoni] StatefulSet Status (revision: test-hivemq-platform-64db946475, replicas: 1, available: 0, ready: 0, current: 1, updated: 1)
2025-01-30 18:17:32,859 INFO c.h.h.t.HelmChartContainer - [hivemq-test-hivemq-platform] [hivemq-platform-operator] [5c057a65] 18:17:32.858 [ReconcilerExecutor-hivemq-controller-111] DEBUG c.h.p.o.HiveMQPlatformReconciler - [helmmoni] StatefulSet Spec (replicas: 2, init containers: 1, containers: 1, volumes: 3)
2025-01-30 18:17:32,862 INFO c.h.h.t.HelmChartContainer - [hivemq-test-hivemq-platform] [hivemq-platform-operator] [5c057a65] 18:17:32.861 [ReconcilerExecutor-hivemq-controller-111] DEBUG c.h.p.o.h.HiveMQPlatformReconcilerErrorHandler - [helmmoni] Pod 'test-hivemq-platform-0' phase Running
2025-01-30 18:17:32,862 INFO c.h.h.t.HelmChartContainer - [hivemq-test-hivemq-platform] [hivemq-platform-operator] [5c057a65] 18:17:32.862 [ReconcilerExecutor-hivemq-controller-111] INFO  c.h.p.o.h.HiveMQPlatformReconcilerBaseHandler - [helmmoni] HiveMQ Platform is starting, 0 of 2 replicas are ready
2025-01-30 18:17:33,026 INFO c.h.h.t.HelmChartContainer - [EVENT] Warning [Unhealthy] Readiness probe failed: HTTP probe failed with statuscode: 503 [helmmonitoringplatformit:test-hivemq-platform-0]
2025-01-30 18:17:33,026 INFO c.h.h.t.HelmChartContainer - Received Unhealthy event for container hivemq in pod test-hivemq-platform-0 [be45feea-7355-4619-9b33-5710a5ad6fb1]
2025-01-30 18:17:33,026 INFO c.h.h.t.HelmChartContainer - [test-hivemq-platform] [hivemq] [be45feea] WARN  - [HiveMQ Platform Operator Init App 1.7.0-SNAPSHOT] Cannot connect to Health API for readiness: null
2025-01-30 18:17:33,034 INFO c.h.h.t.HelmChartContainer - [test-hivemq-platform] [hivemq] [be45feea] INFO  - [HiveMQ Platform Operator Init App 1.7.0-SNAPSHOT] Successfully updated Pod HiveMQ Platform Operator Init App version annotation (version: 1.7.0-SNAPSHOT)
2025-01-30 18:17:37,844 INFO c.h.h.t.HelmChartContainer - [test-hivemq-platform] [hivemq] [be45feea] WARN  - [HiveMQ Platform Operator Init App 1.7.0-SNAPSHOT] Cannot connect to Health API for readiness: null
2025-01-30 18:17:37,930 INFO c.h.h.t.HelmChartContainer - [EVENT] Warning [Unhealthy] Readiness probe failed: HTTP probe failed with statuscode: 503 [helmmonitoringplatformit:test-hivemq-platform-0]
2025-01-30 18:17:37,930 INFO c.h.h.t.HelmChartContainer - Received Unhealthy event for container hivemq in pod test-hivemq-platform-0 [be45feea-7355-4619-9b33-5710a5ad6fb1]
2025-01-30 18:17:42,870 INFO c.h.h.t.HelmChartContainer - [hivemq-test-hivemq-platform] [hivemq-platform-operator] [5c057a65] 18:17:42.866 [pool-6-thread-27] DEBUG c.h.p.o.d.PlatformServiceResource - [helmmoni] Desired Platform services (3 services)
2025-01-30 18:17:42,870 INFO c.h.h.t.HelmChartContainer - [hivemq-test-hivemq-platform] [hivemq-platform-operator] [5c057a65] 18:17:42.866 [pool-6-thread-26] DEBUG c.h.p.o.dependants.PodInfoConfigMap - [helmmoni] Desired PodInfo ConfigMap (1 extensions) (1 enabled)
2025-01-30 18:17:42,870 INFO c.h.h.t.HelmChartContainer - [hivemq-test-hivemq-platform] [hivemq-platform-operator] [5c057a65] 18:17:42.867 [pool-6-thread-26] DEBUG c.h.p.o.dependants.PodInfoConfigMap - [helmmoni] Desired PodInfo ConfigMap (metrics port: 9399) (metrics path: /)
2025-01-30 18:17:42,870 INFO c.h.h.t.HelmChartContainer - [hivemq-test-hivemq-platform] [hivemq-platform-operator] [5c057a65] 18:17:42.867 [pool-6-thread-26] DEBUG c.h.p.o.dependants.PodInfoConfigMap - [helmmoni] Desired PodInfo ConfigMap (extension state hash: -1817474005)
2025-01-30 18:17:42,871 INFO c.h.h.t.HelmChartContainer - [hivemq-test-hivemq-platform] [hivemq-platform-operator] [5c057a65] 18:17:42.869 [pool-6-thread-28] DEBUG c.h.p.o.d.PodServiceAccountResource - [helmmoni] Desired PodServiceAccountResource (serviceAccountName: hivemq-platform-pod-test-hivemq-platform)
2025-01-30 18:17:42,875 INFO c.h.h.t.HelmChartContainer - [hivemq-test-hivemq-platform] [hivemq-platform-operator] [5c057a65] 18:17:42.874 [pool-6-thread-25] DEBUG c.h.p.o.d.StatefulSetResource - [helmmoni] Desired StatefulSet (2 replicas) for status STARTING (READY)
2025-01-30 18:17:42,878 INFO c.h.h.t.HelmChartContainer - [hivemq-test-hivemq-platform] [hivemq-platform-operator] [5c057a65] 18:17:42.877 [ReconcilerExecutor-hivemq-controller-112] INFO  c.h.p.o.HiveMQPlatformReconciler - [helmmoni] Reconciling HiveMQ Platform 'test-hivemq-platform' in namespace 'helmmonitoringplatformit'
2025-01-30 18:17:42,879 INFO c.h.h.t.HelmChartContainer - [hivemq-test-hivemq-platform] [hivemq-platform-operator] [5c057a65] 18:17:42.877 [ReconcilerExecutor-hivemq-controller-112] DEBUG c.h.p.o.HiveMQPlatformReconciler - [helmmoni] Custom Resource Status STARTING - HiveMQ Platform is starting (READY)
2025-01-30 18:17:42,880 INFO c.h.h.t.HelmChartContainer - [hivemq-test-hivemq-platform] [hivemq-platform-operator] [5c057a65] 18:17:42.877 [ReconcilerExecutor-hivemq-controller-112] DEBUG c.h.p.o.HiveMQPlatformReconciler - [helmmoni] Custom Resource Spec (replicas: 2) (extensions: 1)
2025-01-30 18:17:42,880 INFO c.h.h.t.HelmChartContainer - [hivemq-test-hivemq-platform] [hivemq-platform-operator] [5c057a65] 18:17:42.879 [ReconcilerExecutor-hivemq-controller-112] DEBUG c.h.p.o.HiveMQPlatformReconciler - [helmmoni] StatefulSet Status (revision: test-hivemq-platform-64db946475, replicas: 1, available: 0, ready: 0, current: 1, updated: 1)
2025-01-30 18:17:42,880 INFO c.h.h.t.HelmChartContainer - [hivemq-test-hivemq-platform] [hivemq-platform-operator] [5c057a65] 18:17:42.879 [ReconcilerExecutor-hivemq-controller-112] DEBUG c.h.p.o.HiveMQPlatformReconciler - [helmmoni] StatefulSet Spec (replicas: 2, init containers: 1, containers: 1, volumes: 3)
2025-01-30 18:17:42,925 INFO c.h.h.t.HelmChartContainer - [test-hivemq-platform] [hivemq] [be45feea] WARN  - [HiveMQ Platform Operator Init App 1.7.0-SNAPSHOT] Cannot connect to Health API for readiness: null
2025-01-30 18:17:42,932 INFO c.h.h.t.HelmChartContainer - [EVENT] Warning [Unhealthy] Readiness probe failed: HTTP probe failed with statuscode: 503 [helmmonitoringplatformit:test-hivemq-platform-0]
2025-01-30 18:17:42,932 INFO c.h.h.t.HelmChartContainer - Received Unhealthy event for container hivemq in pod test-hivemq-platform-0 [be45feea-7355-4619-9b33-5710a5ad6fb1]
2025-01-30 18:17:42,946 INFO c.h.h.t.HelmChartContainer - [hivemq-test-hivemq-platform] [hivemq-platform-operator] [5c057a65] 18:17:42.946 [ReconcilerExecutor-hivemq-controller-112] DEBUG c.h.p.o.h.HiveMQPlatformReconcilerErrorHandler - [helmmoni] Pod 'test-hivemq-platform-0' phase Running
2025-01-30 18:17:42,948 INFO c.h.h.t.HelmChartContainer - [hivemq-test-hivemq-platform] [hivemq-platform-operator] [5c057a65] 18:17:42.946 [ReconcilerExecutor-hivemq-controller-112] INFO  c.h.p.o.h.HiveMQPlatformReconcilerBaseHandler - [helmmoni] HiveMQ Platform is starting, 0 of 2 replicas are ready
2025-01-30 18:17:44,027 INFO c.h.h.t.HelmChartContainer - [test-hivemq-platform] [hivemq] [be45feea] WARN  - [HiveMQ Platform Operator Init App 1.7.0-SNAPSHOT] Cannot connect to Health API for liveness: null
2025-01-30 18:17:44,027 INFO c.h.h.t.HelmChartContainer - [test-hivemq-platform] [hivemq] [be45feea] INFO  - [HiveMQ Platform Operator Init App 1.7.0-SNAPSHOT] Returning default Health API response 200 for liveness
2025-01-30 18:17:45,754 INFO c.h.h.t.HelmChartContainer - [test-hivemq-platform] [hivemq] [be45feea] INFO  - No valid license file found. Using trial license, restricted to 25 connections.
2025-01-30 18:17:47,928 INFO c.h.h.t.HelmChartContainer - [test-hivemq-platform] [hivemq] [be45feea] WARN  - [HiveMQ Platform Operator Init App 1.7.0-SNAPSHOT] Cannot connect to Health API for readiness: null
2025-01-30 18:17:47,933 INFO c.h.h.t.HelmChartContainer - [EVENT] Warning [Unhealthy] Readiness probe failed: HTTP probe failed with statuscode: 503 [helmmonitoringplatformit:test-hivemq-platform-0]
2025-01-30 18:17:47,933 INFO c.h.h.t.HelmChartContainer - Received Unhealthy event for container hivemq in pod test-hivemq-platform-0 [be45feea-7355-4619-9b33-5710a5ad6fb1]
2025-01-30 18:17:48,929 INFO c.h.h.t.HelmChartContainer - [test-hivemq-platform] [hivemq] [be45feea] INFO  - No valid license file for Data Hub found. Using free license, restricted to 1 policy.
2025-01-30 18:17:50,124 INFO c.h.h.t.HelmChartContainer - [test-hivemq-platform] [hivemq] [be45feea] INFO  - Audit Logger started.
2025-01-30 18:17:50,347 INFO c.h.h.t.HelmChartContainer - [test-hivemq-platform] [hivemq] [be45feea] INFO  - This node uses '1' CPU cores.
2025-01-30 18:17:50,351 INFO c.h.h.t.HelmChartContainer - [test-hivemq-platform] [hivemq] [be45feea] INFO  - Starting HiveMQ Health API on address 0.0.0.0 and port 8889
2025-01-30 18:17:51,141 INFO c.h.h.t.HelmChartContainer - [test-hivemq-platform] [hivemq] [be45feea] INFO  - Started HiveMQ Health API in 789ms
2025-01-30 18:17:51,735 INFO c.h.h.t.HelmChartContainer - [test-hivemq-platform] [hivemq] [be45feea] INFO  - Starting HiveMQ extension system.
2025-01-30 18:17:52,037 INFO c.h.h.t.HelmChartContainer - [test-hivemq-platform] [hivemq] [be45feea] INFO  - Starting extension with id "hivemq-dns-cluster-discovery" at /opt/hivemq/extensions/hivemq-dns-cluster-discovery
2025-01-30 18:17:52,442 INFO c.h.h.t.HelmChartContainer - [test-hivemq-platform] [hivemq] [be45feea] INFO  - Using TCP cluster transport on address 10.42.0.17 and port 7000
2025-01-30 18:17:52,530 INFO c.h.h.t.HelmChartContainer - [test-hivemq-platform] [hivemq] [be45feea] INFO  - Using extension cluster discovery
2025-01-30 18:17:52,639 INFO c.h.h.t.HelmChartContainer - [test-hivemq-platform] [hivemq] [be45feea] INFO  - Extension "DNS Cluster Discovery Extension" version 4.3.2 started successfully.
2025-01-30 18:17:52,639 INFO c.h.h.t.HelmChartContainer - [test-hivemq-platform] [hivemq] [be45feea] INFO  - Starting extension with id "hivemq-prometheus-extension" at /opt/hivemq/extensions/hivemq-prometheus-extension
2025-01-30 18:17:52,953 INFO c.h.h.t.HelmChartContainer - [hivemq-test-hivemq-platform] [hivemq-platform-operator] [5c057a65] 18:17:52.951 [pool-6-thread-36] DEBUG c.h.p.o.d.PlatformServiceResource - [helmmoni] Desired Platform services (3 services)
2025-01-30 18:17:52,954 INFO c.h.h.t.HelmChartContainer - [hivemq-test-hivemq-platform] [hivemq-platform-operator] [5c057a65] 18:17:52.952 [pool-6-thread-35] DEBUG c.h.p.o.d.PodServiceAccountResource - [helmmoni] Desired PodServiceAccountResource (serviceAccountName: hivemq-platform-pod-test-hivemq-platform)
2025-01-30 18:17:52,955 INFO c.h.h.t.HelmChartContainer - [hivemq-test-hivemq-platform] [hivemq-platform-operator] [5c057a65] 18:17:52.954 [pool-6-thread-33] DEBUG c.h.p.o.dependants.PodInfoConfigMap - [helmmoni] Desired PodInfo ConfigMap (1 extensions) (1 enabled)
2025-01-30 18:17:52,956 INFO c.h.h.t.HelmChartContainer - [hivemq-test-hivemq-platform] [hivemq-platform-operator] [5c057a65] 18:17:52.954 [pool-6-thread-33] DEBUG c.h.p.o.dependants.PodInfoConfigMap - [helmmoni] Desired PodInfo ConfigMap (metrics port: 9399) (metrics path: /)
2025-01-30 18:17:52,956 INFO c.h.h.t.HelmChartContainer - [hivemq-test-hivemq-platform] [hivemq-platform-operator] [5c057a65] 18:17:52.954 [pool-6-thread-33] DEBUG c.h.p.o.dependants.PodInfoConfigMap - [helmmoni] Desired PodInfo ConfigMap (extension state hash: -1817474005)
2025-01-30 18:17:52,959 INFO c.h.h.t.HelmChartContainer - [hivemq-test-hivemq-platform] [hivemq-platform-operator] [5c057a65] 18:17:52.958 [pool-6-thread-36] DEBUG c.h.p.o.d.StatefulSetResource - [helmmoni] Desired StatefulSet (2 replicas) for status STARTING (READY)
2025-01-30 18:17:52,967 INFO c.h.h.t.HelmChartContainer - [hivemq-test-hivemq-platform] [hivemq-platform-operator] [5c057a65] 18:17:52.963 [ReconcilerExecutor-hivemq-controller-113] INFO  c.h.p.o.HiveMQPlatformReconciler - [helmmoni] Reconciling HiveMQ Platform 'test-hivemq-platform' in namespace 'helmmonitoringplatformit'
2025-01-30 18:17:52,967 INFO c.h.h.t.HelmChartContainer - [hivemq-test-hivemq-platform] [hivemq-platform-operator] [5c057a65] 18:17:52.963 [ReconcilerExecutor-hivemq-controller-113] DEBUG c.h.p.o.HiveMQPlatformReconciler - [helmmoni] Custom Resource Status STARTING - HiveMQ Platform is starting (READY)
2025-01-30 18:17:52,967 INFO c.h.h.t.HelmChartContainer - [hivemq-test-hivemq-platform] [hivemq-platform-operator] [5c057a65] 18:17:52.963 [ReconcilerExecutor-hivemq-controller-113] DEBUG c.h.p.o.HiveMQPlatformReconciler - [helmmoni] Custom Resource Spec (replicas: 2) (extensions: 1)
2025-01-30 18:17:52,967 INFO c.h.h.t.HelmChartContainer - [hivemq-test-hivemq-platform] [hivemq-platform-operator] [5c057a65] 18:17:52.964 [ReconcilerExecutor-hivemq-controller-113] DEBUG c.h.p.o.HiveMQPlatformReconciler - [helmmoni] StatefulSet Status (revision: test-hivemq-platform-64db946475, replicas: 1, available: 0, ready: 0, current: 1, updated: 1)
2025-01-30 18:17:52,967 INFO c.h.h.t.HelmChartContainer - [hivemq-test-hivemq-platform] [hivemq-platform-operator] [5c057a65] 18:17:52.964 [ReconcilerExecutor-hivemq-controller-113] DEBUG c.h.p.o.HiveMQPlatformReconciler - [helmmoni] StatefulSet Spec (replicas: 2, init containers: 1, containers: 1, volumes: 3)
2025-01-30 18:17:52,967 INFO c.h.h.t.HelmChartContainer - [hivemq-test-hivemq-platform] [hivemq-platform-operator] [5c057a65] 18:17:52.965 [ReconcilerExecutor-hivemq-controller-113] DEBUG c.h.p.o.h.HiveMQPlatformReconcilerErrorHandler - [helmmoni] Pod 'test-hivemq-platform-0' phase Running
2025-01-30 18:17:52,968 INFO c.h.h.t.HelmChartContainer - [hivemq-test-hivemq-platform] [hivemq-platform-operator] [5c057a65] 18:17:52.966 [ReconcilerExecutor-hivemq-controller-113] INFO  c.h.p.o.h.HiveMQPlatformReconcilerBaseHandler - [helmmoni] HiveMQ Platform is starting, 0 of 2 replicas are ready
2025-01-30 18:17:53,885 INFO c.h.h.t.HelmChartContainer - [EVENT] Warning [Unhealthy] Readiness probe failed: Get "http://10.42.0.17:7979/readiness": context deadline exceeded (Client.Timeout exceeded while awaiting headers) [helmmonitoringplatformit:test-hivemq-platform-0]
2025-01-30 18:17:53,885 INFO c.h.h.t.HelmChartContainer - Received Unhealthy event for container hivemq in pod test-hivemq-platform-0 [be45feea-7355-4619-9b33-5710a5ad6fb1]
2025-01-30 18:17:54,037 INFO c.h.h.t.HelmChartContainer - [test-hivemq-platform] [hivemq] [be45feea] INFO  - [HiveMQ Platform Operator Init App 1.7.0-SNAPSHOT] Returning Health API response 503 for readiness
2025-01-30 18:17:54,229 INFO c.h.h.t.HelmChartContainer - [test-hivemq-platform] [hivemq] [be45feea] INFO  - Started Jetty Server exposing Prometheus Servlet on URI http://0.0.0.0:9399/
2025-01-30 18:17:54,229 INFO c.h.h.t.HelmChartContainer - [test-hivemq-platform] [hivemq] [be45feea] INFO  - Extension "Prometheus Monitoring Extension" version 4.0.12 started successfully.
2025-01-30 18:17:54,229 INFO c.h.h.t.HelmChartContainer - [test-hivemq-platform] [hivemq] [be45feea] INFO  - Starting extension with id "hivemq-allow-all-extension" at /opt/hivemq/extensions/hivemq-allow-all-extension
2025-01-30 18:17:54,230 INFO c.h.h.t.HelmChartContainer - [test-hivemq-platform] [hivemq] [be45feea] WARN  - 
2025-01-30 18:17:54,230 INFO c.h.h.t.HelmChartContainer - [test-hivemq-platform] [hivemq] [be45feea] ################################################################################################################
2025-01-30 18:17:54,230 INFO c.h.h.t.HelmChartContainer - [test-hivemq-platform] [hivemq] [be45feea] # This HiveMQ deployment is not secure! You are lacking Authentication and Authorization.                      #
2025-01-30 18:17:54,230 INFO c.h.h.t.HelmChartContainer - [test-hivemq-platform] [hivemq] [be45feea] # Right now any MQTT client can connect to the broker with a full set of permissions.                          #
2025-01-30 18:17:54,230 INFO c.h.h.t.HelmChartContainer - [test-hivemq-platform] [hivemq] [be45feea] # For production usage, add an appropriate security extension and remove the hivemq-allow-all extension.       #
2025-01-30 18:17:54,230 INFO c.h.h.t.HelmChartContainer - [test-hivemq-platform] [hivemq] [be45feea] # You can download security extensions from the HiveMQ Marketplace (https://www.hivemq.com/extensions/).       #
2025-01-30 18:17:54,230 INFO c.h.h.t.HelmChartContainer - [test-hivemq-platform] [hivemq] [be45feea] ################################################################################################################
2025-01-30 18:17:54,230 INFO c.h.h.t.HelmChartContainer - [test-hivemq-platform] [hivemq] [be45feea] INFO  - Extension "Allow All Extension" version 1.1.1 started successfully.
2025-01-30 18:17:56,129 INFO c.h.h.t.HelmChartContainer - [test-hivemq-platform] [hivemq] [be45feea] INFO  - U59UE: no members discovered after 3101 ms: creating cluster as first member
2025-01-30 18:17:56,136 INFO c.h.h.t.HelmChartContainer - [test-hivemq-platform] [hivemq] [be45feea] INFO  - Cluster nodes found by discovery: [U59UE|0] (1) [U59UE].
2025-01-30 18:17:56,226 INFO c.h.h.t.HelmChartContainer - [test-hivemq-platform] [hivemq] [be45feea] WARN  - No user for HiveMQ Control Center configured. Starting with default user
2025-01-30 18:17:56,226 INFO c.h.h.t.HelmChartContainer - [test-hivemq-platform] [hivemq] [be45feea] INFO  - Starting HiveMQ Control Center on address 0.0.0.0 and port 8080
2025-01-30 18:17:56,230 INFO c.h.h.t.HelmChartContainer - [test-hivemq-platform] [hivemq] [be45feea] INFO  - Mounting HiveMQ Control Center V2 Preview
2025-01-30 18:17:56,927 INFO c.h.h.t.HelmChartContainer - [test-hivemq-platform] [hivemq] [be45feea] INFO  - Started HiveMQ Control Center in 701ms
2025-01-30 18:17:56,941 INFO c.h.h.t.HelmChartContainer - [test-hivemq-platform] [hivemq] [be45feea] INFO  - Starting TCP listener on address 0.0.0.0 and port 1883
2025-01-30 18:17:57,033 INFO c.h.h.t.HelmChartContainer - [test-hivemq-platform] [hivemq] [be45feea] INFO  - Started TCP Listener on address 0.0.0.0 and on port 1883.
2025-01-30 18:17:57,033 INFO c.h.h.t.HelmChartContainer - [test-hivemq-platform] [hivemq] [be45feea] INFO  - Started HiveMQ in 32597ms
2025-01-30 18:17:57,846 INFO c.h.h.t.HelmChartContainer - [test-hivemq-platform] [hivemq] [be45feea] INFO  - [HiveMQ Platform Operator Init App 1.7.0-SNAPSHOT] Returning Health API response 200 for readiness
2025-01-30 18:17:57,857 INFO c.h.h.t.HelmChartContainer - [POD] test-hivemq-platform-0 [be45feea-7355-4619-9b33-5710a5ad6fb1] in helmmonitoringplatformit was MODIFIED
2025-01-30 18:17:57,866 INFO c.h.h.t.HelmChartContainer - [hivemq-test-hivemq-platform] [hivemq-platform-operator] [5c057a65] 18:17:57.861 [pool-6-thread-47] DEBUG c.h.p.o.d.PlatformServiceResource - [helmmoni] Desired Platform services (3 services)
2025-01-30 18:17:57,866 INFO c.h.h.t.HelmChartContainer - [hivemq-test-hivemq-platform] [hivemq-platform-operator] [5c057a65] 18:17:57.862 [pool-6-thread-41] DEBUG c.h.p.o.dependants.PodInfoConfigMap - [helmmoni] Desired PodInfo ConfigMap (1 extensions) (1 enabled)
2025-01-30 18:17:57,866 INFO c.h.h.t.HelmChartContainer - [hivemq-test-hivemq-platform] [hivemq-platform-operator] [5c057a65] 18:17:57.862 [pool-6-thread-41] DEBUG c.h.p.o.dependants.PodInfoConfigMap - [helmmoni] Desired PodInfo ConfigMap (metrics port: 9399) (metrics path: /)
2025-01-30 18:17:57,866 INFO c.h.h.t.HelmChartContainer - [hivemq-test-hivemq-platform] [hivemq-platform-operator] [5c057a65] 18:17:57.862 [pool-6-thread-41] DEBUG c.h.p.o.dependants.PodInfoConfigMap - [helmmoni] Desired PodInfo ConfigMap (extension state hash: -1817474005)
2025-01-30 18:17:57,876 INFO c.h.h.t.HelmChartContainer - [hivemq-test-hivemq-platform] [hivemq-platform-operator] [5c057a65] 18:17:57.865 [pool-6-thread-42] DEBUG c.h.p.o.d.PodServiceAccountResource - [helmmoni] Desired PodServiceAccountResource (serviceAccountName: hivemq-platform-pod-test-hivemq-platform)
2025-01-30 18:17:57,883 INFO c.h.h.t.HelmChartContainer - [hivemq-test-hivemq-platform] [hivemq-platform-operator] [5c057a65] 18:17:57.880 [pool-6-thread-47] DEBUG c.h.p.o.d.StatefulSetResource - [helmmoni] Desired StatefulSet (2 replicas) for status STARTING (READY)
2025-01-30 18:17:57,883 INFO c.h.h.t.HelmChartContainer - [POD] test-hivemq-platform-1 [d9e3b3a4-3491-4ad3-af9b-1c70c5d15c48] in helmmonitoringplatformit was ADDED
2025-01-30 18:17:57,895 INFO c.h.h.t.HelmChartContainer - [EVENT] Normal [SuccessfulCreate] create Pod test-hivemq-platform-1 in StatefulSet test-hivemq-platform successful [helmmonitoringplatformit:test-hivemq-platform]
2025-01-30 18:17:57,895 INFO c.h.h.t.HelmChartContainer - [POD] test-hivemq-platform-1 [d9e3b3a4-3491-4ad3-af9b-1c70c5d15c48] in helmmonitoringplatformit was MODIFIED
2025-01-30 18:17:57,898 INFO c.h.h.t.HelmChartContainer - [K3S] [reconciler_common.go:251] "operationExecutor.VerifyControllerAttachedVolume started for volume \"operator-init\" (UniqueName: \"kubernetes.io/empty-dir/d9e3b3a4-3491-4ad3-af9b-1c70c5d15c48-operator-init\") pod \"test-hivemq-platform-1\" (UID: \"d9e3b3a4-3491-4ad3-af9b-1c70c5d15c48\") " pod="helmmonitoringplatformit/test-hivemq-platform-1"
2025-01-30 18:17:57,898 INFO c.h.h.t.HelmChartContainer - [K3S] [reconciler_common.go:251] "operationExecutor.VerifyControllerAttachedVolume started for volume \"kube-api-access-ggnlb\" (UniqueName: \"kubernetes.io/projected/d9e3b3a4-3491-4ad3-af9b-1c70c5d15c48-kube-api-access-ggnlb\") pod \"test-hivemq-platform-1\" (UID: \"d9e3b3a4-3491-4ad3-af9b-1c70c5d15c48\") " pod="helmmonitoringplatformit/test-hivemq-platform-1"
2025-01-30 18:17:57,898 INFO c.h.h.t.HelmChartContainer - [K3S] [reconciler_common.go:251] "operationExecutor.VerifyControllerAttachedVolume started for volume \"broker-configuration\" (UniqueName: \"kubernetes.io/configmap/d9e3b3a4-3491-4ad3-af9b-1c70c5d15c48-broker-configuration\") pod \"test-hivemq-platform-1\" (UID: \"d9e3b3a4-3491-4ad3-af9b-1c70c5d15c48\") " pod="helmmonitoringplatformit/test-hivemq-platform-1"
2025-01-30 18:17:57,899 INFO c.h.h.t.HelmChartContainer - [K3S] [reconciler_common.go:251] "operationExecutor.VerifyControllerAttachedVolume started for volume \"pod-info\" (UniqueName: \"kubernetes.io/configmap/d9e3b3a4-3491-4ad3-af9b-1c70c5d15c48-pod-info\") pod \"test-hivemq-platform-1\" (UID: \"d9e3b3a4-3491-4ad3-af9b-1c70c5d15c48\") " pod="helmmonitoringplatformit/test-hivemq-platform-1"
2025-01-30 18:17:57,905 INFO c.h.h.t.HelmChartContainer - [EVENT] Normal [Scheduled] Successfully assigned helmmonitoringplatformit/test-hivemq-platform-1 to 66de24468ee4 [helmmonitoringplatformit:test-hivemq-platform-1]
2025-01-30 18:17:57,910 INFO c.h.h.t.HelmChartContainer - [POD] test-hivemq-platform-1 [d9e3b3a4-3491-4ad3-af9b-1c70c5d15c48] in helmmonitoringplatformit was MODIFIED
2025-01-30 18:17:57,956 INFO c.h.h.t.HelmChartContainer - [hivemq-test-hivemq-platform] [hivemq-platform-operator] [5c057a65] 18:17:57.954 [ReconcilerExecutor-hivemq-controller-114] INFO  c.h.p.o.HiveMQPlatformReconciler - [helmmoni] Reconciling HiveMQ Platform 'test-hivemq-platform' in namespace 'helmmonitoringplatformit'
2025-01-30 18:17:57,958 INFO c.h.h.t.HelmChartContainer - [hivemq-test-hivemq-platform] [hivemq-platform-operator] [5c057a65] 18:17:57.955 [ReconcilerExecutor-hivemq-controller-114] DEBUG c.h.p.o.HiveMQPlatformReconciler - [helmmoni] Custom Resource Status STARTING - HiveMQ Platform is starting (READY)
2025-01-30 18:17:57,958 INFO c.h.h.t.HelmChartContainer - [hivemq-test-hivemq-platform] [hivemq-platform-operator] [5c057a65] 18:17:57.955 [ReconcilerExecutor-hivemq-controller-114] DEBUG c.h.p.o.HiveMQPlatformReconciler - [helmmoni] Custom Resource Spec (replicas: 2) (extensions: 1)
2025-01-30 18:17:57,958 INFO c.h.h.t.HelmChartContainer - [hivemq-test-hivemq-platform] [hivemq-platform-operator] [5c057a65] 18:17:57.956 [ReconcilerExecutor-hivemq-controller-114] DEBUG c.h.p.o.HiveMQPlatformReconciler - [helmmoni] StatefulSet Status (revision: test-hivemq-platform-64db946475, replicas: 2, available: 1, ready: 1, current: 2, updated: 2)
2025-01-30 18:17:57,958 INFO c.h.h.t.HelmChartContainer - [hivemq-test-hivemq-platform] [hivemq-platform-operator] [5c057a65] 18:17:57.956 [ReconcilerExecutor-hivemq-controller-114] DEBUG c.h.p.o.HiveMQPlatformReconciler - [helmmoni] StatefulSet Spec (replicas: 2, init containers: 1, containers: 1, volumes: 3)
2025-01-30 18:17:57,960 INFO c.h.h.t.HelmChartContainer - [hivemq-test-hivemq-platform] [hivemq-platform-operator] [5c057a65] 18:17:57.957 [ReconcilerExecutor-hivemq-controller-114] DEBUG c.h.p.o.h.HiveMQPlatformReconcilerErrorHandler - [helmmoni] Pod 'test-hivemq-platform-1' phase Pending
2025-01-30 18:17:57,960 INFO c.h.h.t.HelmChartContainer - [hivemq-test-hivemq-platform] [hivemq-platform-operator] [5c057a65] 18:17:57.958 [ReconcilerExecutor-hivemq-controller-114] DEBUG c.h.p.o.h.HiveMQPlatformReconcilerErrorHandler - [helmmoni] Pod 'test-hivemq-platform-1' condition 'PodReadyToStartContainers': False
2025-01-30 18:17:57,960 INFO c.h.h.t.HelmChartContainer - [hivemq-test-hivemq-platform] [hivemq-platform-operator] [5c057a65] 18:17:57.958 [ReconcilerExecutor-hivemq-controller-114] DEBUG c.h.p.o.h.HiveMQPlatformReconcilerErrorHandler - [helmmoni] Pod 'test-hivemq-platform-1' condition 'Initialized': False
2025-01-30 18:17:57,960 INFO c.h.h.t.HelmChartContainer - [hivemq-test-hivemq-platform] [hivemq-platform-operator] [5c057a65] 18:17:57.958 [ReconcilerExecutor-hivemq-controller-114] DEBUG c.h.p.o.h.HiveMQPlatformReconcilerErrorHandler - [helmmoni] Pod 'test-hivemq-platform-1' condition 'Ready': False
2025-01-30 18:17:57,960 INFO c.h.h.t.HelmChartContainer - [hivemq-test-hivemq-platform] [hivemq-platform-operator] [5c057a65] 18:17:57.958 [ReconcilerExecutor-hivemq-controller-114] DEBUG c.h.p.o.h.HiveMQPlatformReconcilerErrorHandler - [helmmoni] Pod 'test-hivemq-platform-1' condition 'ContainersReady': False
2025-01-30 18:17:57,960 INFO c.h.h.t.HelmChartContainer - [hivemq-test-hivemq-platform] [hivemq-platform-operator] [5c057a65] 18:17:57.958 [ReconcilerExecutor-hivemq-controller-114] DEBUG c.h.p.o.h.HiveMQPlatformReconcilerErrorHandler - [helmmoni] Pod 'test-hivemq-platform-1' condition 'PodScheduled': True
2025-01-30 18:17:57,960 INFO c.h.h.t.HelmChartContainer - [hivemq-test-hivemq-platform] [hivemq-platform-operator] [5c057a65] 18:17:57.958 [ReconcilerExecutor-hivemq-controller-114] DEBUG c.h.p.o.h.HiveMQPlatformReconcilerErrorHandler - [helmmoni] Pod 'test-hivemq-platform-1' containerStatus 'hivemq' (started: false) (ready: false) (waiting: [PodInitializing] null)
2025-01-30 18:17:57,960 INFO c.h.h.t.HelmChartContainer - [hivemq-test-hivemq-platform] [hivemq-platform-operator] [5c057a65] 18:17:57.959 [ReconcilerExecutor-hivemq-controller-114] DEBUG c.h.p.o.h.HiveMQPlatformReconcilerErrorHandler - [helmmoni] Pod 'test-hivemq-platform-0' phase Running
2025-01-30 18:17:57,960 INFO c.h.h.t.HelmChartContainer - [hivemq-test-hivemq-platform] [hivemq-platform-operator] [5c057a65] 18:17:57.959 [ReconcilerExecutor-hivemq-controller-114] INFO  c.h.p.o.h.HiveMQPlatformReconcilerBaseHandler - [helmmoni] HiveMQ Platform is starting, 1 of 2 replicas are ready
2025-01-30 18:17:57,964 INFO c.h.h.t.HelmChartContainer - [hivemq-test-hivemq-platform] [hivemq-platform-operator] [5c057a65] 18:17:57.963 [pool-6-thread-4] DEBUG c.h.p.o.d.PlatformServiceResource - [helmmoni] Desired Platform services (3 services)
2025-01-30 18:17:57,966 INFO c.h.h.t.HelmChartContainer - [hivemq-test-hivemq-platform] [hivemq-platform-operator] [5c057a65] 18:17:57.963 [pool-6-thread-8] DEBUG c.h.p.o.dependants.PodInfoConfigMap - [helmmoni] Desired PodInfo ConfigMap (1 extensions) (1 enabled)
2025-01-30 18:17:57,966 INFO c.h.h.t.HelmChartContainer - [hivemq-test-hivemq-platform] [hivemq-platform-operator] [5c057a65] 18:17:57.963 [pool-6-thread-8] DEBUG c.h.p.o.dependants.PodInfoConfigMap - [helmmoni] Desired PodInfo ConfigMap (metrics port: 9399) (metrics path: /)
2025-01-30 18:17:57,966 INFO c.h.h.t.HelmChartContainer - [hivemq-test-hivemq-platform] [hivemq-platform-operator] [5c057a65] 18:17:57.963 [pool-6-thread-8] DEBUG c.h.p.o.dependants.PodInfoConfigMap - [helmmoni] Desired PodInfo ConfigMap (extension state hash: -1817474005)
2025-01-30 18:17:58,050 INFO c.h.h.t.HelmChartContainer - [hivemq-test-hivemq-platform] [hivemq-platform-operator] [5c057a65] 18:17:58.046 [pool-6-thread-8] DEBUG c.h.p.o.d.PodServiceAccountResource - [helmmoni] Desired PodServiceAccountResource (serviceAccountName: hivemq-platform-pod-test-hivemq-platform)
2025-01-30 18:17:58,052 INFO c.h.h.t.HelmChartContainer - [hivemq-test-hivemq-platform] [hivemq-platform-operator] [5c057a65] 18:17:58.050 [pool-6-thread-4] DEBUG c.h.p.o.d.StatefulSetResource - [helmmoni] Desired StatefulSet (2 replicas) for status STARTING (READY)
2025-01-30 18:17:58,054 INFO c.h.h.t.HelmChartContainer - [hivemq-test-hivemq-platform] [hivemq-platform-operator] [5c057a65] 18:17:58.053 [ReconcilerExecutor-hivemq-controller-115] INFO  c.h.p.o.HiveMQPlatformReconciler - [helmmoni] Reconciling HiveMQ Platform 'test-hivemq-platform' in namespace 'helmmonitoringplatformit'
2025-01-30 18:17:58,055 INFO c.h.h.t.HelmChartContainer - [hivemq-test-hivemq-platform] [hivemq-platform-operator] [5c057a65] 18:17:58.053 [ReconcilerExecutor-hivemq-controller-115] DEBUG c.h.p.o.HiveMQPlatformReconciler - [helmmoni] Custom Resource Status STARTING - HiveMQ Platform is starting (READY)
2025-01-30 18:17:58,055 INFO c.h.h.t.HelmChartContainer - [hivemq-test-hivemq-platform] [hivemq-platform-operator] [5c057a65] 18:17:58.053 [ReconcilerExecutor-hivemq-controller-115] DEBUG c.h.p.o.HiveMQPlatformReconciler - [helmmoni] Custom Resource Spec (replicas: 2) (extensions: 1)
2025-01-30 18:17:58,056 INFO c.h.h.t.HelmChartContainer - [hivemq-test-hivemq-platform] [hivemq-platform-operator] [5c057a65] 18:17:58.055 [ReconcilerExecutor-hivemq-controller-115] DEBUG c.h.p.o.HiveMQPlatformReconciler - [helmmoni] StatefulSet Status (revision: test-hivemq-platform-64db946475, replicas: 2, available: 1, ready: 1, current: 2, updated: 2)
2025-01-30 18:17:58,056 INFO c.h.h.t.HelmChartContainer - [hivemq-test-hivemq-platform] [hivemq-platform-operator] [5c057a65] 18:17:58.055 [ReconcilerExecutor-hivemq-controller-115] DEBUG c.h.p.o.HiveMQPlatformReconciler - [helmmoni] StatefulSet Spec (replicas: 2, init containers: 1, containers: 1, volumes: 3)
2025-01-30 18:17:58,058 INFO c.h.h.t.HelmChartContainer - [hivemq-test-hivemq-platform] [hivemq-platform-operator] [5c057a65] 18:17:58.056 [ReconcilerExecutor-hivemq-controller-115] DEBUG c.h.p.o.h.HiveMQPlatformReconcilerErrorHandler - [helmmoni] Pod 'test-hivemq-platform-1' phase Pending
2025-01-30 18:17:58,058 INFO c.h.h.t.HelmChartContainer - [hivemq-test-hivemq-platform] [hivemq-platform-operator] [5c057a65] 18:17:58.057 [ReconcilerExecutor-hivemq-controller-115] DEBUG c.h.p.o.h.HiveMQPlatformReconcilerErrorHandler - [helmmoni] Pod 'test-hivemq-platform-1' condition 'PodReadyToStartContainers': False
2025-01-30 18:17:58,058 INFO c.h.h.t.HelmChartContainer - [hivemq-test-hivemq-platform] [hivemq-platform-operator] [5c057a65] 18:17:58.057 [ReconcilerExecutor-hivemq-controller-115] DEBUG c.h.p.o.h.HiveMQPlatformReconcilerErrorHandler - [helmmoni] Pod 'test-hivemq-platform-1' condition 'Initialized': False
2025-01-30 18:17:58,058 INFO c.h.h.t.HelmChartContainer - [hivemq-test-hivemq-platform] [hivemq-platform-operator] [5c057a65] 18:17:58.057 [ReconcilerExecutor-hivemq-controller-115] DEBUG c.h.p.o.h.HiveMQPlatformReconcilerErrorHandler - [helmmoni] Pod 'test-hivemq-platform-1' condition 'Ready': False
2025-01-30 18:17:58,058 INFO c.h.h.t.HelmChartContainer - [hivemq-test-hivemq-platform] [hivemq-platform-operator] [5c057a65] 18:17:58.057 [ReconcilerExecutor-hivemq-controller-115] DEBUG c.h.p.o.h.HiveMQPlatformReconcilerErrorHandler - [helmmoni] Pod 'test-hivemq-platform-1' condition 'ContainersReady': False
2025-01-30 18:17:58,058 INFO c.h.h.t.HelmChartContainer - [hivemq-test-hivemq-platform] [hivemq-platform-operator] [5c057a65] 18:17:58.057 [ReconcilerExecutor-hivemq-controller-115] DEBUG c.h.p.o.h.HiveMQPlatformReconcilerErrorHandler - [helmmoni] Pod 'test-hivemq-platform-1' condition 'PodScheduled': True
2025-01-30 18:17:58,058 INFO c.h.h.t.HelmChartContainer - [hivemq-test-hivemq-platform] [hivemq-platform-operator] [5c057a65] 18:17:58.057 [ReconcilerExecutor-hivemq-controller-115] DEBUG c.h.p.o.h.HiveMQPlatformReconcilerErrorHandler - [helmmoni] Pod 'test-hivemq-platform-1' containerStatus 'hivemq' (started: false) (ready: false) (waiting: [PodInitializing] null)
2025-01-30 18:17:58,060 INFO c.h.h.t.HelmChartContainer - [hivemq-test-hivemq-platform] [hivemq-platform-operator] [5c057a65] 18:17:58.058 [ReconcilerExecutor-hivemq-controller-115] DEBUG c.h.p.o.h.HiveMQPlatformReconcilerErrorHandler - [helmmoni] Pod 'test-hivemq-platform-0' phase Running
2025-01-30 18:17:58,060 INFO c.h.h.t.HelmChartContainer - [hivemq-test-hivemq-platform] [hivemq-platform-operator] [5c057a65] 18:17:58.059 [ReconcilerExecutor-hivemq-controller-115] INFO  c.h.p.o.h.HiveMQPlatformReconcilerBaseHandler - [helmmoni] HiveMQ Platform is starting, 1 of 2 replicas are ready
2025-01-30 18:17:58,284 INFO c.h.h.t.HelmChartContainer - [EVENT] Normal [Pulled] Container image "docker.io/hivemq/hivemq-platform-operator-init-test:snapshot" already present on machine [helmmonitoringplatformit:test-hivemq-platform-1]
2025-01-30 18:17:58,292 INFO c.h.h.t.HelmChartContainer - [EVENT] Normal [Created] Created container: hivemq-platform-operator-init [helmmonitoringplatformit:test-hivemq-platform-1]
2025-01-30 18:17:58,350 INFO c.h.h.t.HelmChartContainer - [EVENT] Normal [Started] Started container hivemq-platform-operator-init [helmmonitoringplatformit:test-hivemq-platform-1]
2025-01-30 18:17:58,645 INFO c.h.h.t.HelmChartContainer - [EVENT] Normal [Pulled] Container image "docker.io/hivemq/hivemq4:4.36.0" already present on machine [helmmonitoringplatformit:test-hivemq-platform-1]
2025-01-30 18:17:58,645 INFO c.h.h.t.HelmChartContainer - Received Pulled event for container hivemq in pod test-hivemq-platform-1 [d9e3b3a4-3491-4ad3-af9b-1c70c5d15c48]
2025-01-30 18:17:58,658 INFO c.h.h.t.HelmChartContainer - [POD] test-hivemq-platform-1 [d9e3b3a4-3491-4ad3-af9b-1c70c5d15c48] in helmmonitoringplatformit was MODIFIED
2025-01-30 18:17:58,662 INFO c.h.h.t.HelmChartContainer - [hivemq-test-hivemq-platform] [hivemq-platform-operator] [5c057a65] 18:17:58.659 [pool-6-thread-17] DEBUG c.h.p.o.d.PlatformServiceResource - [helmmoni] Desired Platform services (3 services)
2025-01-30 18:17:58,677 INFO c.h.h.t.HelmChartContainer - [hivemq-test-hivemq-platform] [hivemq-platform-operator] [5c057a65] 18:17:58.663 [pool-6-thread-19] DEBUG c.h.p.o.dependants.PodInfoConfigMap - [helmmoni] Desired PodInfo ConfigMap (1 extensions) (1 enabled)
2025-01-30 18:17:58,677 INFO c.h.h.t.HelmChartContainer - [hivemq-test-hivemq-platform] [hivemq-platform-operator] [5c057a65] 18:17:58.663 [pool-6-thread-19] DEBUG c.h.p.o.dependants.PodInfoConfigMap - [helmmoni] Desired PodInfo ConfigMap (metrics port: 9399) (metrics path: /)
2025-01-30 18:17:58,677 INFO c.h.h.t.HelmChartContainer - [hivemq-test-hivemq-platform] [hivemq-platform-operator] [5c057a65] 18:17:58.664 [pool-6-thread-19] DEBUG c.h.p.o.dependants.PodInfoConfigMap - [helmmoni] Desired PodInfo ConfigMap (extension state hash: -1817474005)
2025-01-30 18:17:58,677 INFO c.h.h.t.HelmChartContainer - [hivemq-test-hivemq-platform] [hivemq-platform-operator] [5c057a65] 18:17:58.663 [pool-6-thread-11] DEBUG c.h.p.o.d.PodServiceAccountResource - [helmmoni] Desired PodServiceAccountResource (serviceAccountName: hivemq-platform-pod-test-hivemq-platform)
2025-01-30 18:17:58,679 INFO c.h.h.t.HelmChartContainer - [hivemq-test-hivemq-platform] [hivemq-platform-operator] [5c057a65] 18:17:58.674 [pool-6-thread-17] DEBUG c.h.p.o.d.StatefulSetResource - [helmmoni] Desired StatefulSet (2 replicas) for status STARTING (READY)
2025-01-30 18:17:58,680 INFO c.h.h.t.HelmChartContainer - [EVENT] Normal [Created] Created container: hivemq [helmmonitoringplatformit:test-hivemq-platform-1]
2025-01-30 18:17:58,680 INFO c.h.h.t.HelmChartContainer - Received Created event for container hivemq in pod test-hivemq-platform-1 [d9e3b3a4-3491-4ad3-af9b-1c70c5d15c48]
2025-01-30 18:17:58,692 INFO c.h.h.t.HelmChartContainer - [hivemq-test-hivemq-platform] [hivemq-platform-operator] [5c057a65] 18:17:58.688 [ReconcilerExecutor-hivemq-controller-116] INFO  c.h.p.o.HiveMQPlatformReconciler - [helmmoni] Reconciling HiveMQ Platform 'test-hivemq-platform' in namespace 'helmmonitoringplatformit'
2025-01-30 18:17:58,692 INFO c.h.h.t.HelmChartContainer - [hivemq-test-hivemq-platform] [hivemq-platform-operator] [5c057a65] 18:17:58.689 [ReconcilerExecutor-hivemq-controller-116] DEBUG c.h.p.o.HiveMQPlatformReconciler - [helmmoni] Custom Resource Status STARTING - HiveMQ Platform is starting (READY)
2025-01-30 18:17:58,692 INFO c.h.h.t.HelmChartContainer - [hivemq-test-hivemq-platform] [hivemq-platform-operator] [5c057a65] 18:17:58.689 [ReconcilerExecutor-hivemq-controller-116] DEBUG c.h.p.o.HiveMQPlatformReconciler - [helmmoni] Custom Resource Spec (replicas: 2) (extensions: 1)
2025-01-30 18:17:58,694 INFO c.h.h.t.HelmChartContainer - [hivemq-test-hivemq-platform] [hivemq-platform-operator] [5c057a65] 18:17:58.692 [ReconcilerExecutor-hivemq-controller-116] DEBUG c.h.p.o.HiveMQPlatformReconciler - [helmmoni] StatefulSet Status (revision: test-hivemq-platform-64db946475, replicas: 2, available: 1, ready: 1, current: 2, updated: 2)
2025-01-30 18:17:58,694 INFO c.h.h.t.HelmChartContainer - [hivemq-test-hivemq-platform] [hivemq-platform-operator] [5c057a65] 18:17:58.693 [ReconcilerExecutor-hivemq-controller-116] DEBUG c.h.p.o.HiveMQPlatformReconciler - [helmmoni] StatefulSet Spec (replicas: 2, init containers: 1, containers: 1, volumes: 3)
2025-01-30 18:17:58,745 INFO c.h.h.t.HelmChartContainer - [hivemq-test-hivemq-platform] [hivemq-platform-operator] [5c057a65] 18:17:58.694 [ReconcilerExecutor-hivemq-controller-116] DEBUG c.h.p.o.h.HiveMQPlatformReconcilerErrorHandler - [helmmoni] Pod 'test-hivemq-platform-1' phase Pending
2025-01-30 18:17:58,747 INFO c.h.h.t.HelmChartContainer - [hivemq-test-hivemq-platform] [hivemq-platform-operator] [5c057a65] 18:17:58.745 [ReconcilerExecutor-hivemq-controller-116] DEBUG c.h.p.o.h.HiveMQPlatformReconcilerErrorHandler - [helmmoni] Pod 'test-hivemq-platform-1' condition 'PodReadyToStartContainers': True
2025-01-30 18:17:58,748 INFO c.h.h.t.HelmChartContainer - [hivemq-test-hivemq-platform] [hivemq-platform-operator] [5c057a65] 18:17:58.745 [ReconcilerExecutor-hivemq-controller-116] DEBUG c.h.p.o.h.HiveMQPlatformReconcilerErrorHandler - [helmmoni] Pod 'test-hivemq-platform-1' condition 'Initialized': True
2025-01-30 18:17:58,748 INFO c.h.h.t.HelmChartContainer - [hivemq-test-hivemq-platform] [hivemq-platform-operator] [5c057a65] 18:17:58.746 [ReconcilerExecutor-hivemq-controller-116] DEBUG c.h.p.o.h.HiveMQPlatformReconcilerErrorHandler - [helmmoni] Pod 'test-hivemq-platform-1' condition 'Ready': False
2025-01-30 18:17:58,748 INFO c.h.h.t.HelmChartContainer - [hivemq-test-hivemq-platform] [hivemq-platform-operator] [5c057a65] 18:17:58.746 [ReconcilerExecutor-hivemq-controller-116] DEBUG c.h.p.o.h.HiveMQPlatformReconcilerErrorHandler - [helmmoni] Pod 'test-hivemq-platform-1' condition 'ContainersReady': False
2025-01-30 18:17:58,748 INFO c.h.h.t.HelmChartContainer - [hivemq-test-hivemq-platform] [hivemq-platform-operator] [5c057a65] 18:17:58.746 [ReconcilerExecutor-hivemq-controller-116] DEBUG c.h.p.o.h.HiveMQPlatformReconcilerErrorHandler - [helmmoni] Pod 'test-hivemq-platform-1' condition 'PodScheduled': True
2025-01-30 18:17:58,749 INFO c.h.h.t.HelmChartContainer - [hivemq-test-hivemq-platform] [hivemq-platform-operator] [5c057a65] 18:17:58.746 [ReconcilerExecutor-hivemq-controller-116] DEBUG c.h.p.o.h.HiveMQPlatformReconcilerErrorHandler - [helmmoni] Pod 'test-hivemq-platform-1' containerStatus 'hivemq' (started: false) (ready: false) (waiting: [PodInitializing] null)
2025-01-30 18:17:58,749 INFO c.h.h.t.HelmChartContainer - [hivemq-test-hivemq-platform] [hivemq-platform-operator] [5c057a65] 18:17:58.747 [ReconcilerExecutor-hivemq-controller-116] DEBUG c.h.p.o.h.HiveMQPlatformReconcilerErrorHandler - [helmmoni] Pod 'test-hivemq-platform-0' phase Running
2025-01-30 18:17:58,751 INFO c.h.h.t.HelmChartContainer - [hivemq-test-hivemq-platform] [hivemq-platform-operator] [5c057a65] 18:17:58.750 [ReconcilerExecutor-hivemq-controller-116] INFO  c.h.p.o.h.HiveMQPlatformReconcilerBaseHandler - [helmmoni] HiveMQ Platform is starting, 1 of 2 replicas are ready
2025-01-30 18:17:59,658 INFO c.h.h.t.HelmChartContainer - [POD] test-hivemq-platform-1 [d9e3b3a4-3491-4ad3-af9b-1c70c5d15c48] in helmmonitoringplatformit was MODIFIED
2025-01-30 18:17:59,669 INFO c.h.h.t.HelmChartContainer - [hivemq-test-hivemq-platform] [hivemq-platform-operator] [5c057a65] 18:17:59.662 [pool-6-thread-28] DEBUG c.h.p.o.d.PlatformServiceResource - [helmmoni] Desired Platform services (3 services)
2025-01-30 18:17:59,670 INFO c.h.h.t.HelmChartContainer - [hivemq-test-hivemq-platform] [hivemq-platform-operator] [5c057a65] 18:17:59.664 [pool-6-thread-23] DEBUG c.h.p.o.dependants.PodInfoConfigMap - [helmmoni] Desired PodInfo ConfigMap (1 extensions) (1 enabled)
2025-01-30 18:17:59,670 INFO c.h.h.t.HelmChartContainer - [hivemq-test-hivemq-platform] [hivemq-platform-operator] [5c057a65] 18:17:59.667 [pool-6-thread-23] DEBUG c.h.p.o.dependants.PodInfoConfigMap - [helmmoni] Desired PodInfo ConfigMap (metrics port: 9399) (metrics path: /)
2025-01-30 18:17:59,670 INFO c.h.h.t.HelmChartContainer - [hivemq-test-hivemq-platform] [hivemq-platform-operator] [5c057a65] 18:17:59.667 [pool-6-thread-23] DEBUG c.h.p.o.dependants.PodInfoConfigMap - [helmmoni] Desired PodInfo ConfigMap (extension state hash: -1817474005)
2025-01-30 18:17:59,673 INFO c.h.h.t.HelmChartContainer - [hivemq-test-hivemq-platform] [hivemq-platform-operator] [5c057a65] 18:17:59.665 [pool-6-thread-21] DEBUG c.h.p.o.d.PodServiceAccountResource - [helmmoni] Desired PodServiceAccountResource (serviceAccountName: hivemq-platform-pod-test-hivemq-platform)
2025-01-30 18:17:59,673 INFO c.h.h.t.HelmChartContainer - [hivemq-test-hivemq-platform] [hivemq-platform-operator] [5c057a65] 18:17:59.669 [pool-6-thread-23] DEBUG c.h.p.o.d.StatefulSetResource - [helmmoni] Desired StatefulSet (2 replicas) for status STARTING (READY)
2025-01-30 18:17:59,673 INFO c.h.h.t.HelmChartContainer - [hivemq-test-hivemq-platform] [hivemq-platform-operator] [5c057a65] 18:17:59.672 [ReconcilerExecutor-hivemq-controller-117] INFO  c.h.p.o.HiveMQPlatformReconciler - [helmmoni] Reconciling HiveMQ Platform 'test-hivemq-platform' in namespace 'helmmonitoringplatformit'
2025-01-30 18:17:59,675 INFO c.h.h.t.HelmChartContainer - [hivemq-test-hivemq-platform] [hivemq-platform-operator] [5c057a65] 18:17:59.672 [ReconcilerExecutor-hivemq-controller-117] DEBUG c.h.p.o.HiveMQPlatformReconciler - [helmmoni] Custom Resource Status STARTING - HiveMQ Platform is starting (READY)
2025-01-30 18:17:59,675 INFO c.h.h.t.HelmChartContainer - [hivemq-test-hivemq-platform] [hivemq-platform-operator] [5c057a65] 18:17:59.672 [ReconcilerExecutor-hivemq-controller-117] DEBUG c.h.p.o.HiveMQPlatformReconciler - [helmmoni] Custom Resource Spec (replicas: 2) (extensions: 1)
2025-01-30 18:17:59,676 INFO c.h.h.t.HelmChartContainer - [hivemq-test-hivemq-platform] [hivemq-platform-operator] [5c057a65] 18:17:59.674 [ReconcilerExecutor-hivemq-controller-117] DEBUG c.h.p.o.HiveMQPlatformReconciler - [helmmoni] StatefulSet Status (revision: test-hivemq-platform-64db946475, replicas: 2, available: 1, ready: 1, current: 2, updated: 2)
2025-01-30 18:17:59,677 INFO c.h.h.t.HelmChartContainer - [EVENT] Normal [Started] Started container hivemq [helmmonitoringplatformit:test-hivemq-platform-1]
2025-01-30 18:17:59,677 INFO c.h.h.t.HelmChartContainer - Received Started event for container hivemq in pod test-hivemq-platform-1 [d9e3b3a4-3491-4ad3-af9b-1c70c5d15c48]
2025-01-30 18:17:59,677 INFO c.h.h.t.HelmChartContainer - Started log watcher for hivemq in pod test-hivemq-platform-1 [d9e3b3a4-3491-4ad3-af9b-1c70c5d15c48]
2025-01-30 18:17:59,677 INFO c.h.h.t.HelmChartContainer - [test-hivemq-platform] [hivemq] [d9e3b3a4] Adding pre-installed HiveMQ Platform Operator extensions
2025-01-30 18:17:59,677 INFO c.h.h.t.HelmChartContainer - [test-hivemq-platform] [hivemq] [d9e3b3a4] Running as user 10000
2025-01-30 18:17:59,677 INFO c.h.h.t.HelmChartContainer - [test-hivemq-platform] [hivemq] [d9e3b3a4] Starting HiveMQ Platform Operator Init
2025-01-30 18:17:59,678 INFO c.h.h.t.HelmChartContainer - [hivemq-test-hivemq-platform] [hivemq-platform-operator] [5c057a65] 18:17:59.675 [ReconcilerExecutor-hivemq-controller-117] DEBUG c.h.p.o.HiveMQPlatformReconciler - [helmmoni] StatefulSet Spec (replicas: 2, init containers: 1, containers: 1, volumes: 3)
2025-01-30 18:17:59,678 INFO c.h.h.t.HelmChartContainer - [hivemq-test-hivemq-platform] [hivemq-platform-operator] [5c057a65] 18:17:59.676 [ReconcilerExecutor-hivemq-controller-117] DEBUG c.h.p.o.h.HiveMQPlatformReconcilerErrorHandler - [helmmoni] Pod 'test-hivemq-platform-1' phase Running
2025-01-30 18:17:59,681 INFO c.h.h.t.HelmChartContainer - [hivemq-test-hivemq-platform] [hivemq-platform-operator] [5c057a65] 18:17:59.679 [ReconcilerExecutor-hivemq-controller-117] DEBUG c.h.p.o.h.HiveMQPlatformReconcilerErrorHandler - [helmmoni] Pod 'test-hivemq-platform-0' phase Running
2025-01-30 18:17:59,685 INFO c.h.h.t.HelmChartContainer - [hivemq-test-hivemq-platform] [hivemq-platform-operator] [5c057a65] 18:17:59.682 [ReconcilerExecutor-hivemq-controller-117] INFO  c.h.p.o.h.HiveMQPlatformReconcilerBaseHandler - [helmmoni] HiveMQ Platform is starting, 1 of 2 replicas are ready
2025-01-30 18:17:59,952 INFO c.h.h.t.HelmChartContainer - [test-hivemq-platform] [hivemq] [d9e3b3a4] INFO  - [HiveMQ Platform Operator Init 1.7.0-SNAPSHOT] HiveMQ Platform Operator Init 1.7.0-SNAPSHOT (commit: 47e3375 on branch: HEAD) built on Thu Jan 30 03:55:50 UTC 2025
2025-01-30 18:18:01,166 INFO c.h.h.t.HelmChartContainer - [test-hivemq-platform] [hivemq] [d9e3b3a4] INFO  - [HiveMQ Platform Operator Init App 1.7.0-SNAPSHOT] Using bind address 10.42.0.18 from environment variable
2025-01-30 18:18:02,179 INFO c.h.h.t.HelmChartContainer - [test-hivemq-platform] [hivemq] [d9e3b3a4] INFO  - [HiveMQ Platform Operator Init App 1.7.0-SNAPSHOT] HiveMQ Platform Operator Init App 1.7.0-SNAPSHOT (commit: 47e3375 on branch: HEAD) built on Thu Jan 30 03:55:50 UTC 2025
2025-01-30 18:18:02,180 INFO c.h.h.t.HelmChartContainer - [test-hivemq-platform] [hivemq] [d9e3b3a4] INFO  - [HiveMQ Platform Operator Init App 1.7.0-SNAPSHOT] PodInfo ConfigMap directory: /etc/podinfo
2025-01-30 18:18:02,180 INFO c.h.h.t.HelmChartContainer - [test-hivemq-platform] [hivemq] [d9e3b3a4] INFO  - [HiveMQ Platform Operator Init App 1.7.0-SNAPSHOT] HiveMQ home directory: /opt/hivemq
2025-01-30 18:18:02,180 INFO c.h.h.t.HelmChartContainer - [test-hivemq-platform] [hivemq] [d9e3b3a4] INFO  - [HiveMQ Platform Operator Init App 1.7.0-SNAPSHOT] HiveMQ Logback folder: /opt/hivemq/conf
2025-01-30 18:18:02,180 INFO c.h.h.t.HelmChartContainer - [test-hivemq-platform] [hivemq] [d9e3b3a4] INFO  - [HiveMQ Platform Operator Init App 1.7.0-SNAPSHOT] HiveMQ Config folder: /opt/hivemq/conf-k8s
2025-01-30 18:18:02,181 INFO c.h.h.t.HelmChartContainer - [test-hivemq-platform] [hivemq] [d9e3b3a4] INFO  - [HiveMQ Platform Operator Init App 1.7.0-SNAPSHOT] Starting HiveMQ Platform Operator Init App
2025-01-30 18:18:02,181 INFO c.h.h.t.HelmChartContainer - [test-hivemq-platform] [hivemq] [d9e3b3a4] INFO  - [HiveMQ Platform Operator Init App 1.7.0-SNAPSHOT] Starting Pod reconciler
2025-01-30 18:18:03,382 INFO c.h.h.t.HelmChartContainer - [test-hivemq-platform] [hivemq] [d9e3b3a4] INFO  - [HiveMQ Platform Operator Init App 1.7.0-SNAPSHOT] Pod reconciler is scheduled (interval: 5000 ms)
2025-01-30 18:18:03,383 INFO c.h.h.t.HelmChartContainer - [test-hivemq-platform] [hivemq] [d9e3b3a4] INFO  - [HiveMQ Platform Operator Init App 1.7.0-SNAPSHOT] Starting the REST API on 10.42.0.18:7979
2025-01-30 18:18:03,386 INFO c.h.h.t.HelmChartContainer - [test-hivemq-platform] [hivemq] [d9e3b3a4] INFO  - [HiveMQ Platform Operator Init App 1.7.0-SNAPSHOT] Waiting up to 600s for at most 2 HiveMQ nodes in cluster service hivemq-test-hivemq-platform-cluster.helmmonitoringplatformit.svc
2025-01-30 18:18:03,782 INFO c.h.h.t.HelmChartContainer - [test-hivemq-platform] [hivemq] [d9e3b3a4] INFO  - [HiveMQ Platform Operator Init App 1.7.0-SNAPSHOT] Resolved 2 IP addresses: [10.42.0.18, 10.42.0.17]
2025-01-30 18:18:03,782 INFO c.h.h.t.HelmChartContainer - [test-hivemq-platform] [hivemq] [d9e3b3a4] INFO  - [HiveMQ Platform Operator Init App 1.7.0-SNAPSHOT] HiveMQ node count of 2 is within threshold of 2
2025-01-30 18:18:03,782 INFO c.h.h.t.HelmChartContainer - [test-hivemq-platform] [hivemq] [d9e3b3a4] INFO  - [HiveMQ Platform Operator Init App 1.7.0-SNAPSHOT] Proceeding with container start
2025-01-30 18:18:03,862 INFO c.h.h.t.HelmChartContainer - [test-hivemq-platform] [hivemq] [d9e3b3a4] INFO  - [HiveMQ Platform Operator Init App 1.7.0-SNAPSHOT] Initializing HiveMQ Platform extensions with initial configuration: {hivemq-allow-all-extension={start-priority=-1, skip-https-hostname-verification=false, restart=true, config-version=0, header-version=0, c-uri=, priority=-1, uri=preinstalled, skip-https-certificate-validation=false, enabled=true}, hivemq-prometheus-extension={uri=preinstalled, request-header-path=no-request-headers, enabled=true, restart=true, priority=-1, start-priority=-1, c-uri=, skip-https-hostname-verification=false, skip-https-certificate-validation=false}}
2025-01-30 18:18:04,344 INFO c.h.h.t.HelmChartContainer - [test-hivemq-platform] [hivemq] [d9e3b3a4] INFO  - [HiveMQ Platform Operator Init App 1.7.0-SNAPSHOT] Extension hivemq-allow-all-extension was already enabled
2025-01-30 18:18:04,380 INFO c.h.h.t.HelmChartContainer - [test-hivemq-platform] [hivemq] [d9e3b3a4] INFO  - [HiveMQ Platform Operator Init App 1.7.0-SNAPSHOT] Successfully enabled extension hivemq-prometheus-extension
2025-01-30 18:18:04,381 INFO c.h.h.t.HelmChartContainer - [test-hivemq-platform] [hivemq] [d9e3b3a4] INFO  - [HiveMQ Platform Operator Init App 1.7.0-SNAPSHOT] Starting HiveMQ Platform version 4.36.0 (4.36.0)
2025-01-30 18:18:04,381 INFO c.h.h.t.HelmChartContainer - [test-hivemq-platform] [hivemq] [d9e3b3a4] INFO  - [HiveMQ Platform Operator Init App 1.7.0-SNAPSHOT] Configuring the HiveMQ Platform
2025-01-30 18:18:04,446 INFO c.h.h.t.HelmChartContainer - [test-hivemq-platform] [hivemq] [d9e3b3a4] INFO  - [HiveMQ Platform Operator Init App 1.7.0-SNAPSHOT] Changed logback.xml file scan period to 20 seconds
2025-01-30 18:18:04,457 INFO c.h.h.t.HelmChartContainer - [test-hivemq-platform] [hivemq] [d9e3b3a4] INFO  - [HiveMQ Platform Operator Init App 1.7.0-SNAPSHOT] Starting the HiveMQ Platform
2025-01-30 18:18:04,480 INFO c.h.h.t.HelmChartContainer - [test-hivemq-platform] [hivemq] [d9e3b3a4] -------------------------------------------------------------------------
2025-01-30 18:18:04,480 INFO c.h.h.t.HelmChartContainer - [test-hivemq-platform] [hivemq] [d9e3b3a4] 
2025-01-30 18:18:04,481 INFO c.h.h.t.HelmChartContainer - [test-hivemq-platform] [hivemq] [d9e3b3a4]                   _    _  _              __  __   ____
2025-01-30 18:18:04,481 INFO c.h.h.t.HelmChartContainer - [test-hivemq-platform] [hivemq] [d9e3b3a4]                  | |  | |(_)            |  \/  | / __ \
2025-01-30 18:18:04,481 INFO c.h.h.t.HelmChartContainer - [test-hivemq-platform] [hivemq] [d9e3b3a4]                  | |__| | _ __   __ ___ | \  / || |  | |
2025-01-30 18:18:04,481 INFO c.h.h.t.HelmChartContainer - [test-hivemq-platform] [hivemq] [d9e3b3a4]                  |  __  || |\ \ / // _ \| |\/| || |  | |
2025-01-30 18:18:04,481 INFO c.h.h.t.HelmChartContainer - [test-hivemq-platform] [hivemq] [d9e3b3a4]                  | |  | || | \ V /|  __/| |  | || |__| |
2025-01-30 18:18:04,481 INFO c.h.h.t.HelmChartContainer - [test-hivemq-platform] [hivemq] [d9e3b3a4]                  |_|  |_||_|  \_/  \___||_|  |_| \___\_\
2025-01-30 18:18:04,481 INFO c.h.h.t.HelmChartContainer - [test-hivemq-platform] [hivemq] [d9e3b3a4] 
2025-01-30 18:18:04,481 INFO c.h.h.t.HelmChartContainer - [test-hivemq-platform] [hivemq] [d9e3b3a4] -------------------------------------------------------------------------
2025-01-30 18:18:04,481 INFO c.h.h.t.HelmChartContainer - [test-hivemq-platform] [hivemq] [d9e3b3a4] 
2025-01-30 18:18:04,481 INFO c.h.h.t.HelmChartContainer - [test-hivemq-platform] [hivemq] [d9e3b3a4]   HiveMQ Start Script for Linux/Unix v1.14
2025-01-30 18:18:04,481 INFO c.h.h.t.HelmChartContainer - [test-hivemq-platform] [hivemq] [d9e3b3a4] 
2025-01-30 18:18:04,584 INFO c.h.h.t.HelmChartContainer - [test-hivemq-platform] [hivemq] [d9e3b3a4] -------------------------------------------------------------------------
2025-01-30 18:18:04,584 INFO c.h.h.t.HelmChartContainer - [test-hivemq-platform] [hivemq] [d9e3b3a4] 
2025-01-30 18:18:04,584 INFO c.h.h.t.HelmChartContainer - [test-hivemq-platform] [hivemq] [d9e3b3a4]   HIVEMQ_HOME: /opt/hivemq
2025-01-30 18:18:04,584 INFO c.h.h.t.HelmChartContainer - [test-hivemq-platform] [hivemq] [d9e3b3a4] 
2025-01-30 18:18:04,584 INFO c.h.h.t.HelmChartContainer - [test-hivemq-platform] [hivemq] [d9e3b3a4]   JAVA_OPTS: -XX:+UnlockExperimentalVMOptions -XX:InitialRAMPercentage=50 -XX:MaxRAMPercentage=50 -Djava.net.preferIPv4Stack=true --add-opens java.base/java.lang=ALL-UNNAMED --add-opens java.base/java.nio=ALL-UNNAMED --add-opens java.base/sun.nio.ch=ALL-UNNAMED --add-opens jdk.management/com.sun.management.internal=ALL-UNNAMED --add-exports java.base/jdk.internal.misc=ALL-UNNAMED -Djava.security.egd=file:/dev/./urandom -Dcom.sun.management.jmxremote -Dcom.sun.management.jmxremote.port=9010 -Dcom.sun.management.jmxremote.local.only=false -Dcom.sun.management.jmxremote.authenticate=false -Dcom.sun.management.jmxremote.ssl=false -Duser.language=en -Duser.region=US -XX:+CrashOnOutOfMemoryError -XX:+HeapDumpOnOutOfMemoryError
2025-01-30 18:18:04,585 INFO c.h.h.t.HelmChartContainer - [test-hivemq-platform] [hivemq] [d9e3b3a4] 
2025-01-30 18:18:04,585 INFO c.h.h.t.HelmChartContainer - [test-hivemq-platform] [hivemq] [d9e3b3a4]   JAVA_VERSION: 21
2025-01-30 18:18:04,585 INFO c.h.h.t.HelmChartContainer - [test-hivemq-platform] [hivemq] [d9e3b3a4] 
2025-01-30 18:18:04,585 INFO c.h.h.t.HelmChartContainer - [test-hivemq-platform] [hivemq] [d9e3b3a4] -------------------------------------------------------------------------
2025-01-30 18:18:04,585 INFO c.h.h.t.HelmChartContainer - [test-hivemq-platform] [hivemq] [d9e3b3a4] 
2025-01-30 18:18:05,680 INFO c.h.h.t.HelmChartContainer - [test-hivemq-platform] [hivemq] [d9e3b3a4] INFO  - [HiveMQ Platform Operator Init App 1.7.0-SNAPSHOT] Returning default Health API response 503 for readiness
2025-01-30 18:18:05,986 INFO c.h.h.t.HelmChartContainer - [EVENT] Warning [Unhealthy] Readiness probe failed: HTTP probe failed with statuscode: 503 [helmmonitoringplatformit:test-hivemq-platform-1]
2025-01-30 18:18:05,986 INFO c.h.h.t.HelmChartContainer - Received Unhealthy event for container hivemq in pod test-hivemq-platform-1 [d9e3b3a4-3491-4ad3-af9b-1c70c5d15c48]
2025-01-30 18:18:07,347 INFO c.h.h.t.HelmChartContainer - [test-hivemq-platform] [hivemq] [d9e3b3a4] INFO  - Starting HiveMQ Enterprise Server
2025-01-30 18:18:07,354 INFO c.h.h.t.HelmChartContainer - [test-hivemq-platform] [hivemq] [d9e3b3a4] INFO  - HiveMQ version: 4.36.0
2025-01-30 18:18:07,354 INFO c.h.h.t.HelmChartContainer - [test-hivemq-platform] [hivemq] [d9e3b3a4] INFO  - HiveMQ home directory: /opt/hivemq
2025-01-30 18:18:07,355 INFO c.h.h.t.HelmChartContainer - [test-hivemq-platform] [hivemq] [d9e3b3a4] INFO  - Log Configuration was overridden by /opt/hivemq/conf/logback.xml
2025-01-30 18:18:08,648 INFO c.h.h.t.HelmChartContainer - [test-hivemq-platform] [hivemq] [d9e3b3a4] INFO  - Successfully loaded configuration from '/opt/hivemq/conf-k8s/config.xml'.
2025-01-30 18:18:09,443 INFO c.h.h.t.HelmChartContainer - [test-hivemq-platform] [hivemq] [d9e3b3a4] INFO  - This node's ID is TBwBX
2025-01-30 18:18:09,444 INFO c.h.h.t.HelmChartContainer - [test-hivemq-platform] [hivemq] [d9e3b3a4] INFO  - Clustering is enabled
2025-01-30 18:18:09,690 INFO c.h.h.t.HelmChartContainer - [hivemq-test-hivemq-platform] [hivemq-platform-operator] [5c057a65] 18:18:09.686 [pool-6-thread-31] DEBUG c.h.p.o.d.PlatformServiceResource - [helmmoni] Desired Platform services (3 services)
2025-01-30 18:18:09,690 INFO c.h.h.t.HelmChartContainer - [hivemq-test-hivemq-platform] [hivemq-platform-operator] [5c057a65] 18:18:09.686 [pool-6-thread-37] DEBUG c.h.p.o.d.PodServiceAccountResource - [helmmoni] Desired PodServiceAccountResource (serviceAccountName: hivemq-platform-pod-test-hivemq-platform)
2025-01-30 18:18:09,690 INFO c.h.h.t.HelmChartContainer - [hivemq-test-hivemq-platform] [hivemq-platform-operator] [5c057a65] 18:18:09.688 [pool-6-thread-35] DEBUG c.h.p.o.dependants.PodInfoConfigMap - [helmmoni] Desired PodInfo ConfigMap (1 extensions) (1 enabled)
2025-01-30 18:18:09,690 INFO c.h.h.t.HelmChartContainer - [hivemq-test-hivemq-platform] [hivemq-platform-operator] [5c057a65] 18:18:09.689 [pool-6-thread-35] DEBUG c.h.p.o.dependants.PodInfoConfigMap - [helmmoni] Desired PodInfo ConfigMap (metrics port: 9399) (metrics path: /)
2025-01-30 18:18:09,690 INFO c.h.h.t.HelmChartContainer - [hivemq-test-hivemq-platform] [hivemq-platform-operator] [5c057a65] 18:18:09.689 [pool-6-thread-35] DEBUG c.h.p.o.dependants.PodInfoConfigMap - [helmmoni] Desired PodInfo ConfigMap (extension state hash: -1817474005)
2025-01-30 18:18:09,700 INFO c.h.h.t.HelmChartContainer - [hivemq-test-hivemq-platform] [hivemq-platform-operator] [5c057a65] 18:18:09.697 [pool-6-thread-34] DEBUG c.h.p.o.d.StatefulSetResource - [helmmoni] Desired StatefulSet (2 replicas) for status STARTING (READY)
2025-01-30 18:18:09,700 INFO c.h.h.t.HelmChartContainer - [hivemq-test-hivemq-platform] [hivemq-platform-operator] [5c057a65] 18:18:09.700 [ReconcilerExecutor-hivemq-controller-118] INFO  c.h.p.o.HiveMQPlatformReconciler - [helmmoni] Reconciling HiveMQ Platform 'test-hivemq-platform' in namespace 'helmmonitoringplatformit'
2025-01-30 18:18:09,702 INFO c.h.h.t.HelmChartContainer - [hivemq-test-hivemq-platform] [hivemq-platform-operator] [5c057a65] 18:18:09.700 [ReconcilerExecutor-hivemq-controller-118] DEBUG c.h.p.o.HiveMQPlatformReconciler - [helmmoni] Custom Resource Status STARTING - HiveMQ Platform is starting (READY)
2025-01-30 18:18:09,702 INFO c.h.h.t.HelmChartContainer - [hivemq-test-hivemq-platform] [hivemq-platform-operator] [5c057a65] 18:18:09.700 [ReconcilerExecutor-hivemq-controller-118] DEBUG c.h.p.o.HiveMQPlatformReconciler - [helmmoni] Custom Resource Spec (replicas: 2) (extensions: 1)
2025-01-30 18:18:09,704 INFO c.h.h.t.HelmChartContainer - [hivemq-test-hivemq-platform] [hivemq-platform-operator] [5c057a65] 18:18:09.701 [ReconcilerExecutor-hivemq-controller-118] DEBUG c.h.p.o.HiveMQPlatformReconciler - [helmmoni] StatefulSet Status (revision: test-hivemq-platform-64db946475, replicas: 2, available: 1, ready: 1, current: 2, updated: 2)
2025-01-30 18:18:09,704 INFO c.h.h.t.HelmChartContainer - [hivemq-test-hivemq-platform] [hivemq-platform-operator] [5c057a65] 18:18:09.701 [ReconcilerExecutor-hivemq-controller-118] DEBUG c.h.p.o.HiveMQPlatformReconciler - [helmmoni] StatefulSet Spec (replicas: 2, init containers: 1, containers: 1, volumes: 3)
2025-01-30 18:18:09,704 INFO c.h.h.t.HelmChartContainer - [hivemq-test-hivemq-platform] [hivemq-platform-operator] [5c057a65] 18:18:09.704 [ReconcilerExecutor-hivemq-controller-118] DEBUG c.h.p.o.h.HiveMQPlatformReconcilerErrorHandler - [helmmoni] Pod 'test-hivemq-platform-1' phase Running
2025-01-30 18:18:09,705 INFO c.h.h.t.HelmChartContainer - [hivemq-test-hivemq-platform] [hivemq-platform-operator] [5c057a65] 18:18:09.705 [ReconcilerExecutor-hivemq-controller-118] DEBUG c.h.p.o.h.HiveMQPlatformReconcilerErrorHandler - [helmmoni] Pod 'test-hivemq-platform-0' phase Running
2025-01-30 18:18:09,750 INFO c.h.h.t.HelmChartContainer - [hivemq-test-hivemq-platform] [hivemq-platform-operator] [5c057a65] 18:18:09.748 [ReconcilerExecutor-hivemq-controller-118] INFO  c.h.p.o.h.HiveMQPlatformReconcilerBaseHandler - [helmmoni] HiveMQ Platform is starting, 1 of 2 replicas are ready
2025-01-30 18:18:11,083 INFO c.h.h.t.HelmChartContainer - [test-hivemq-platform] [hivemq] [d9e3b3a4] WARN  - [HiveMQ Platform Operator Init App 1.7.0-SNAPSHOT] Cannot connect to Health API for readiness: null
2025-01-30 18:18:11,147 INFO c.h.h.t.HelmChartContainer - [EVENT] Warning [Unhealthy] Readiness probe failed: HTTP probe failed with statuscode: 503 [helmmonitoringplatformit:test-hivemq-platform-1]
2025-01-30 18:18:11,147 INFO c.h.h.t.HelmChartContainer - Received Unhealthy event for container hivemq in pod test-hivemq-platform-1 [d9e3b3a4-3491-4ad3-af9b-1c70c5d15c48]
2025-01-30 18:18:13,748 INFO c.h.h.t.HelmChartContainer - [test-hivemq-platform] [hivemq] [d9e3b3a4] Jan 30, 2025 6:18:13 PM io.vertx.core.impl.BlockedThreadChecker
2025-01-30 18:18:13,748 INFO c.h.h.t.HelmChartContainer - [test-hivemq-platform] [hivemq] [d9e3b3a4] WARNING: Thread Thread[vert.x-eventloop-thread-1,5,main] has been blocked for 2091 ms, time limit is 2000 ms
2025-01-30 18:18:13,997 INFO c.h.h.t.HelmChartContainer - [test-hivemq-platform] [hivemq] [be45feea] INFO  - [HiveMQ Platform Operator Init App 1.7.0-SNAPSHOT] Returning Health API response 200 for liveness
2025-01-30 18:18:14,743 INFO c.h.h.t.HelmChartContainer - [test-hivemq-platform] [hivemq] [d9e3b3a4] Jan 30, 2025 6:18:14 PM io.vertx.core.impl.BlockedThreadChecker
2025-01-30 18:18:14,743 INFO c.h.h.t.HelmChartContainer - [test-hivemq-platform] [hivemq] [d9e3b3a4] WARNING: Thread Thread[vert.x-eventloop-thread-1,5,main] has been blocked for 3092 ms, time limit is 2000 ms
2025-01-30 18:18:14,746 INFO c.h.h.t.HelmChartContainer - [test-hivemq-platform] [hivemq] [d9e3b3a4] INFO  - [HiveMQ Platform Operator Init App 1.7.0-SNAPSHOT] Updating Pod HiveMQ Platform Operator Init App version annotation (version: 1.7.0-SNAPSHOT)
2025-01-30 18:18:15,360 INFO c.h.h.t.HelmChartContainer - [POD] test-hivemq-platform-1 [d9e3b3a4-3491-4ad3-af9b-1c70c5d15c48] in helmmonitoringplatformit was MODIFIED
2025-01-30 18:18:15,368 INFO c.h.h.t.HelmChartContainer - [hivemq-test-hivemq-platform] [hivemq-platform-operator] [5c057a65] 18:18:15.363 [pool-6-thread-45] DEBUG c.h.p.o.d.PlatformServiceResource - [helmmoni] Desired Platform services (3 services)
2025-01-30 18:18:15,368 INFO c.h.h.t.HelmChartContainer - [hivemq-test-hivemq-platform] [hivemq-platform-operator] [5c057a65] 18:18:15.363 [pool-6-thread-43] DEBUG c.h.p.o.dependants.PodInfoConfigMap - [helmmoni] Desired PodInfo ConfigMap (1 extensions) (1 enabled)
2025-01-30 18:18:15,368 INFO c.h.h.t.HelmChartContainer - [hivemq-test-hivemq-platform] [hivemq-platform-operator] [5c057a65] 18:18:15.364 [pool-6-thread-46] DEBUG c.h.p.o.d.PodServiceAccountResource - [helmmoni] Desired PodServiceAccountResource (serviceAccountName: hivemq-platform-pod-test-hivemq-platform)
2025-01-30 18:18:15,370 INFO c.h.h.t.HelmChartContainer - [hivemq-test-hivemq-platform] [hivemq-platform-operator] [5c057a65] 18:18:15.367 [pool-6-thread-43] DEBUG c.h.p.o.dependants.PodInfoConfigMap - [helmmoni] Desired PodInfo ConfigMap (metrics port: 9399) (metrics path: /)
2025-01-30 18:18:15,371 INFO c.h.h.t.HelmChartContainer - [hivemq-test-hivemq-platform] [hivemq-platform-operator] [5c057a65] 18:18:15.367 [pool-6-thread-43] DEBUG c.h.p.o.dependants.PodInfoConfigMap - [helmmoni] Desired PodInfo ConfigMap (extension state hash: -1817474005)
2025-01-30 18:18:15,371 INFO c.h.h.t.HelmChartContainer - [hivemq-test-hivemq-platform] [hivemq-platform-operator] [5c057a65] 18:18:15.370 [pool-6-thread-45] DEBUG c.h.p.o.d.StatefulSetResource - [helmmoni] Desired StatefulSet (2 replicas) for status STARTING (READY)
2025-01-30 18:18:15,373 INFO c.h.h.t.HelmChartContainer - [hivemq-test-hivemq-platform] [hivemq-platform-operator] [5c057a65] 18:18:15.372 [ReconcilerExecutor-hivemq-controller-119] INFO  c.h.p.o.HiveMQPlatformReconciler - [helmmoni] Reconciling HiveMQ Platform 'test-hivemq-platform' in namespace 'helmmonitoringplatformit'
2025-01-30 18:18:15,375 INFO c.h.h.t.HelmChartContainer - [hivemq-test-hivemq-platform] [hivemq-platform-operator] [5c057a65] 18:18:15.373 [ReconcilerExecutor-hivemq-controller-119] DEBUG c.h.p.o.HiveMQPlatformReconciler - [helmmoni] Custom Resource Status STARTING - HiveMQ Platform is starting (READY)
2025-01-30 18:18:15,375 INFO c.h.h.t.HelmChartContainer - [hivemq-test-hivemq-platform] [hivemq-platform-operator] [5c057a65] 18:18:15.373 [ReconcilerExecutor-hivemq-controller-119] DEBUG c.h.p.o.HiveMQPlatformReconciler - [helmmoni] Custom Resource Spec (replicas: 2) (extensions: 1)
2025-01-30 18:18:15,375 INFO c.h.h.t.HelmChartContainer - [hivemq-test-hivemq-platform] [hivemq-platform-operator] [5c057a65] 18:18:15.374 [ReconcilerExecutor-hivemq-controller-119] DEBUG c.h.p.o.HiveMQPlatformReconciler - [helmmoni] StatefulSet Status (revision: test-hivemq-platform-64db946475, replicas: 2, available: 1, ready: 1, current: 2, updated: 2)
2025-01-30 18:18:15,375 INFO c.h.h.t.HelmChartContainer - [hivemq-test-hivemq-platform] [hivemq-platform-operator] [5c057a65] 18:18:15.374 [ReconcilerExecutor-hivemq-controller-119] DEBUG c.h.p.o.HiveMQPlatformReconciler - [helmmoni] StatefulSet Spec (replicas: 2, init containers: 1, containers: 1, volumes: 3)
2025-01-30 18:18:15,376 INFO c.h.h.t.HelmChartContainer - [hivemq-test-hivemq-platform] [hivemq-platform-operator] [5c057a65] 18:18:15.375 [ReconcilerExecutor-hivemq-controller-119] DEBUG c.h.p.o.h.HiveMQPlatformReconcilerErrorHandler - [helmmoni] Pod 'test-hivemq-platform-1' phase Running
2025-01-30 18:18:15,377 INFO c.h.h.t.HelmChartContainer - [hivemq-test-hivemq-platform] [hivemq-platform-operator] [5c057a65] 18:18:15.376 [ReconcilerExecutor-hivemq-controller-119] DEBUG c.h.p.o.h.HiveMQPlatformReconcilerErrorHandler - [helmmoni] Pod 'test-hivemq-platform-0' phase Running
2025-01-30 18:18:15,380 INFO c.h.h.t.HelmChartContainer - [hivemq-test-hivemq-platform] [hivemq-platform-operator] [5c057a65] 18:18:15.377 [ReconcilerExecutor-hivemq-controller-119] INFO  c.h.p.o.h.HiveMQPlatformReconcilerBaseHandler - [helmmoni] HiveMQ Platform is starting, 1 of 2 replicas are ready
2025-01-30 18:18:15,382 INFO c.h.h.t.HelmChartContainer - [test-hivemq-platform] [hivemq] [d9e3b3a4] WARN  - [HiveMQ Platform Operator Init App 1.7.0-SNAPSHOT] Cannot connect to Health API for readiness: null
2025-01-30 18:18:15,447 INFO c.h.h.t.HelmChartContainer - [test-hivemq-platform] [hivemq] [d9e3b3a4] INFO  - [HiveMQ Platform Operator Init App 1.7.0-SNAPSHOT] Successfully updated Pod HiveMQ Platform Operator Init App version annotation (version: 1.7.0-SNAPSHOT)
2025-01-30 18:18:15,448 INFO c.h.h.t.HelmChartContainer - [EVENT] Warning [Unhealthy] Readiness probe failed: HTTP probe failed with statuscode: 503 [helmmonitoringplatformit:test-hivemq-platform-1]
2025-01-30 18:18:15,449 INFO c.h.h.t.HelmChartContainer - Received Unhealthy event for container hivemq in pod test-hivemq-platform-1 [d9e3b3a4-3491-4ad3-af9b-1c70c5d15c48]
2025-01-30 18:18:20,383 INFO c.h.h.t.HelmChartContainer - [test-hivemq-platform] [hivemq] [d9e3b3a4] WARN  - [HiveMQ Platform Operator Init App 1.7.0-SNAPSHOT] Cannot connect to Health API for readiness: null
2025-01-30 18:18:20,390 INFO c.h.h.t.HelmChartContainer - [EVENT] Warning [Unhealthy] Readiness probe failed: HTTP probe failed with statuscode: 503 [helmmonitoringplatformit:test-hivemq-platform-1]
2025-01-30 18:18:20,390 INFO c.h.h.t.HelmChartContainer - Received Unhealthy event for container hivemq in pod test-hivemq-platform-1 [d9e3b3a4-3491-4ad3-af9b-1c70c5d15c48]
2025-01-30 18:18:25,388 INFO c.h.h.t.HelmChartContainer - [hivemq-test-hivemq-platform] [hivemq-platform-operator] [5c057a65] 18:18:25.387 [pool-6-thread-2] DEBUG c.h.p.o.d.PlatformServiceResource - [helmmoni] Desired Platform services (3 services)
2025-01-30 18:18:25,391 INFO c.h.h.t.HelmChartContainer - [test-hivemq-platform] [hivemq] [d9e3b3a4] WARN  - [HiveMQ Platform Operator Init App 1.7.0-SNAPSHOT] Cannot connect to Health API for readiness: null
2025-01-30 18:18:25,392 INFO c.h.h.t.HelmChartContainer - [hivemq-test-hivemq-platform] [hivemq-platform-operator] [5c057a65] 18:18:25.389 [pool-6-thread-9] DEBUG c.h.p.o.dependants.PodInfoConfigMap - [helmmoni] Desired PodInfo ConfigMap (1 extensions) (1 enabled)
2025-01-30 18:18:25,392 INFO c.h.h.t.HelmChartContainer - [hivemq-test-hivemq-platform] [hivemq-platform-operator] [5c057a65] 18:18:25.390 [pool-6-thread-9] DEBUG c.h.p.o.dependants.PodInfoConfigMap - [helmmoni] Desired PodInfo ConfigMap (metrics port: 9399) (metrics path: /)
2025-01-30 18:18:25,392 INFO c.h.h.t.HelmChartContainer - [hivemq-test-hivemq-platform] [hivemq-platform-operator] [5c057a65] 18:18:25.390 [pool-6-thread-9] DEBUG c.h.p.o.dependants.PodInfoConfigMap - [helmmoni] Desired PodInfo ConfigMap (extension state hash: -1817474005)
2025-01-30 18:18:25,398 INFO c.h.h.t.HelmChartContainer - [EVENT] Warning [Unhealthy] Readiness probe failed: HTTP probe failed with statuscode: 503 [helmmonitoringplatformit:test-hivemq-platform-1]
2025-01-30 18:18:25,398 INFO c.h.h.t.HelmChartContainer - Received Unhealthy event for container hivemq in pod test-hivemq-platform-1 [d9e3b3a4-3491-4ad3-af9b-1c70c5d15c48]
2025-01-30 18:18:25,399 INFO c.h.h.t.HelmChartContainer - [hivemq-test-hivemq-platform] [hivemq-platform-operator] [5c057a65] 18:18:25.398 [pool-6-thread-9] DEBUG c.h.p.o.d.PodServiceAccountResource - [helmmoni] Desired PodServiceAccountResource (serviceAccountName: hivemq-platform-pod-test-hivemq-platform)
2025-01-30 18:18:25,400 INFO c.h.h.t.HelmChartContainer - [hivemq-test-hivemq-platform] [hivemq-platform-operator] [5c057a65] 18:18:25.399 [pool-6-thread-2] DEBUG c.h.p.o.d.StatefulSetResource - [helmmoni] Desired StatefulSet (2 replicas) for status STARTING (READY)
2025-01-30 18:18:25,409 INFO c.h.h.t.HelmChartContainer - [hivemq-test-hivemq-platform] [hivemq-platform-operator] [5c057a65] 18:18:25.405 [ReconcilerExecutor-hivemq-controller-120] INFO  c.h.p.o.HiveMQPlatformReconciler - [helmmoni] Reconciling HiveMQ Platform 'test-hivemq-platform' in namespace 'helmmonitoringplatformit'
2025-01-30 18:18:25,409 INFO c.h.h.t.HelmChartContainer - [hivemq-test-hivemq-platform] [hivemq-platform-operator] [5c057a65] 18:18:25.405 [ReconcilerExecutor-hivemq-controller-120] DEBUG c.h.p.o.HiveMQPlatformReconciler - [helmmoni] Custom Resource Status STARTING - HiveMQ Platform is starting (READY)
2025-01-30 18:18:25,409 INFO c.h.h.t.HelmChartContainer - [hivemq-test-hivemq-platform] [hivemq-platform-operator] [5c057a65] 18:18:25.405 [ReconcilerExecutor-hivemq-controller-120] DEBUG c.h.p.o.HiveMQPlatformReconciler - [helmmoni] Custom Resource Spec (replicas: 2) (extensions: 1)
2025-01-30 18:18:25,409 INFO c.h.h.t.HelmChartContainer - [hivemq-test-hivemq-platform] [hivemq-platform-operator] [5c057a65] 18:18:25.406 [ReconcilerExecutor-hivemq-controller-120] DEBUG c.h.p.o.HiveMQPlatformReconciler - [helmmoni] StatefulSet Status (revision: test-hivemq-platform-64db946475, replicas: 2, available: 1, ready: 1, current: 2, updated: 2)
2025-01-30 18:18:25,409 INFO c.h.h.t.HelmChartContainer - [hivemq-test-hivemq-platform] [hivemq-platform-operator] [5c057a65] 18:18:25.406 [ReconcilerExecutor-hivemq-controller-120] DEBUG c.h.p.o.HiveMQPlatformReconciler - [helmmoni] StatefulSet Spec (replicas: 2, init containers: 1, containers: 1, volumes: 3)
2025-01-30 18:18:25,409 INFO c.h.h.t.HelmChartContainer - [hivemq-test-hivemq-platform] [hivemq-platform-operator] [5c057a65] 18:18:25.407 [ReconcilerExecutor-hivemq-controller-120] DEBUG c.h.p.o.h.HiveMQPlatformReconcilerErrorHandler - [helmmoni] Pod 'test-hivemq-platform-1' phase Running
2025-01-30 18:18:25,410 INFO c.h.h.t.HelmChartContainer - [hivemq-test-hivemq-platform] [hivemq-platform-operator] [5c057a65] 18:18:25.408 [ReconcilerExecutor-hivemq-controller-120] DEBUG c.h.p.o.h.HiveMQPlatformReconcilerErrorHandler - [helmmoni] Pod 'test-hivemq-platform-0' phase Running
2025-01-30 18:18:25,411 INFO c.h.h.t.HelmChartContainer - [hivemq-test-hivemq-platform] [hivemq-platform-operator] [5c057a65] 18:18:25.409 [ReconcilerExecutor-hivemq-controller-120] INFO  c.h.p.o.h.HiveMQPlatformReconcilerBaseHandler - [helmmoni] HiveMQ Platform is starting, 1 of 2 replicas are ready
2025-01-30 18:18:27,842 INFO c.h.h.t.HelmChartContainer - [test-hivemq-platform] [hivemq] [d9e3b3a4] INFO  - No valid license file found. Using trial license, restricted to 25 connections.
2025-01-30 18:18:28,245 INFO c.h.h.t.HelmChartContainer - [test-hivemq-platform] [hivemq] [d9e3b3a4] WARN  - [HiveMQ Platform Operator Init App 1.7.0-SNAPSHOT] Cannot connect to Health API for liveness: null
2025-01-30 18:18:28,245 INFO c.h.h.t.HelmChartContainer - [test-hivemq-platform] [hivemq] [d9e3b3a4] INFO  - [HiveMQ Platform Operator Init App 1.7.0-SNAPSHOT] Returning default Health API response 200 for liveness
2025-01-30 18:18:30,383 INFO c.h.h.t.HelmChartContainer - [test-hivemq-platform] [hivemq] [d9e3b3a4] WARN  - [HiveMQ Platform Operator Init App 1.7.0-SNAPSHOT] Cannot connect to Health API for readiness: null
2025-01-30 18:18:30,387 INFO c.h.h.t.HelmChartContainer - [EVENT] Warning [Unhealthy] Readiness probe failed: HTTP probe failed with statuscode: 503 [helmmonitoringplatformit:test-hivemq-platform-1]
2025-01-30 18:18:30,387 INFO c.h.h.t.HelmChartContainer - Received Unhealthy event for container hivemq in pod test-hivemq-platform-1 [d9e3b3a4-3491-4ad3-af9b-1c70c5d15c48]
2025-01-30 18:18:30,889 INFO c.h.h.t.HelmChartContainer - [test-hivemq-platform] [hivemq] [d9e3b3a4] INFO  - No valid license file for Data Hub found. Using free license, restricted to 1 policy.
2025-01-30 18:18:32,082 INFO c.h.h.t.HelmChartContainer - [test-hivemq-platform] [hivemq] [d9e3b3a4] INFO  - Audit Logger started.
2025-01-30 18:18:32,366 INFO c.h.h.t.HelmChartContainer - [test-hivemq-platform] [hivemq] [d9e3b3a4] INFO  - This node uses '1' CPU cores.
2025-01-30 18:18:32,384 INFO c.h.h.t.HelmChartContainer - [test-hivemq-platform] [hivemq] [d9e3b3a4] INFO  - Starting HiveMQ Health API on address 0.0.0.0 and port 8889
2025-01-30 18:18:33,281 INFO c.h.h.t.HelmChartContainer - [test-hivemq-platform] [hivemq] [d9e3b3a4] INFO  - Started HiveMQ Health API in 896ms
2025-01-30 18:18:33,793 INFO c.h.h.t.HelmChartContainer - [test-hivemq-platform] [hivemq] [d9e3b3a4] INFO  - Starting HiveMQ extension system.
2025-01-30 18:18:34,080 INFO c.h.h.t.HelmChartContainer - [test-hivemq-platform] [hivemq] [d9e3b3a4] INFO  - Starting extension with id "hivemq-dns-cluster-discovery" at /opt/hivemq/extensions/hivemq-dns-cluster-discovery
2025-01-30 18:18:34,582 INFO c.h.h.t.HelmChartContainer - [test-hivemq-platform] [hivemq] [d9e3b3a4] INFO  - Extension "DNS Cluster Discovery Extension" version 4.3.2 started successfully.
2025-01-30 18:18:34,582 INFO c.h.h.t.HelmChartContainer - [test-hivemq-platform] [hivemq] [d9e3b3a4] INFO  - Starting extension with id "hivemq-prometheus-extension" at /opt/hivemq/extensions/hivemq-prometheus-extension
2025-01-30 18:18:34,752 INFO c.h.h.t.HelmChartContainer - [test-hivemq-platform] [hivemq] [d9e3b3a4] INFO  - Using TCP cluster transport on address 10.42.0.18 and port 7000
2025-01-30 18:18:34,844 INFO c.h.h.t.HelmChartContainer - [test-hivemq-platform] [hivemq] [d9e3b3a4] INFO  - Using extension cluster discovery
2025-01-30 18:18:35,415 INFO c.h.h.t.HelmChartContainer - [hivemq-test-hivemq-platform] [hivemq-platform-operator] [5c057a65] 18:18:35.414 [pool-6-thread-11] DEBUG c.h.p.o.d.PlatformServiceResource - [helmmoni] Desired Platform services (3 services)
2025-01-30 18:18:35,416 INFO c.h.h.t.HelmChartContainer - [hivemq-test-hivemq-platform] [hivemq-platform-operator] [5c057a65] 18:18:35.414 [pool-6-thread-16] DEBUG c.h.p.o.dependants.PodInfoConfigMap - [helmmoni] Desired PodInfo ConfigMap (1 extensions) (1 enabled)
2025-01-30 18:18:35,417 INFO c.h.h.t.HelmChartContainer - [hivemq-test-hivemq-platform] [hivemq-platform-operator] [5c057a65] 18:18:35.416 [pool-6-thread-16] DEBUG c.h.p.o.dependants.PodInfoConfigMap - [helmmoni] Desired PodInfo ConfigMap (metrics port: 9399) (metrics path: /)
2025-01-30 18:18:35,417 INFO c.h.h.t.HelmChartContainer - [hivemq-test-hivemq-platform] [hivemq-platform-operator] [5c057a65] 18:18:35.416 [pool-6-thread-16] DEBUG c.h.p.o.dependants.PodInfoConfigMap - [helmmoni] Desired PodInfo ConfigMap (extension state hash: -1817474005)
2025-01-30 18:18:35,418 INFO c.h.h.t.HelmChartContainer - [hivemq-test-hivemq-platform] [hivemq-platform-operator] [5c057a65] 18:18:35.415 [pool-6-thread-19] DEBUG c.h.p.o.d.PodServiceAccountResource - [helmmoni] Desired PodServiceAccountResource (serviceAccountName: hivemq-platform-pod-test-hivemq-platform)
2025-01-30 18:18:35,420 INFO c.h.h.t.HelmChartContainer - [hivemq-test-hivemq-platform] [hivemq-platform-operator] [5c057a65] 18:18:35.419 [pool-6-thread-11] DEBUG c.h.p.o.d.StatefulSetResource - [helmmoni] Desired StatefulSet (2 replicas) for status STARTING (READY)
2025-01-30 18:18:35,423 INFO c.h.h.t.HelmChartContainer - [hivemq-test-hivemq-platform] [hivemq-platform-operator] [5c057a65] 18:18:35.422 [ReconcilerExecutor-hivemq-controller-121] INFO  c.h.p.o.HiveMQPlatformReconciler - [helmmoni] Reconciling HiveMQ Platform 'test-hivemq-platform' in namespace 'helmmonitoringplatformit'
2025-01-30 18:18:35,424 INFO c.h.h.t.HelmChartContainer - [hivemq-test-hivemq-platform] [hivemq-platform-operator] [5c057a65] 18:18:35.422 [ReconcilerExecutor-hivemq-controller-121] DEBUG c.h.p.o.HiveMQPlatformReconciler - [helmmoni] Custom Resource Status STARTING - HiveMQ Platform is starting (READY)
2025-01-30 18:18:35,424 INFO c.h.h.t.HelmChartContainer - [hivemq-test-hivemq-platform] [hivemq-platform-operator] [5c057a65] 18:18:35.423 [ReconcilerExecutor-hivemq-controller-121] DEBUG c.h.p.o.HiveMQPlatformReconciler - [helmmoni] Custom Resource Spec (replicas: 2) (extensions: 1)
2025-01-30 18:18:35,425 INFO c.h.h.t.HelmChartContainer - [hivemq-test-hivemq-platform] [hivemq-platform-operator] [5c057a65] 18:18:35.424 [ReconcilerExecutor-hivemq-controller-121] DEBUG c.h.p.o.HiveMQPlatformReconciler - [helmmoni] StatefulSet Status (revision: test-hivemq-platform-64db946475, replicas: 2, available: 1, ready: 1, current: 2, updated: 2)
2025-01-30 18:18:35,425 INFO c.h.h.t.HelmChartContainer - [hivemq-test-hivemq-platform] [hivemq-platform-operator] [5c057a65] 18:18:35.424 [ReconcilerExecutor-hivemq-controller-121] DEBUG c.h.p.o.HiveMQPlatformReconciler - [helmmoni] StatefulSet Spec (replicas: 2, init containers: 1, containers: 1, volumes: 3)
2025-01-30 18:18:35,426 INFO c.h.h.t.HelmChartContainer - [hivemq-test-hivemq-platform] [hivemq-platform-operator] [5c057a65] 18:18:35.425 [ReconcilerExecutor-hivemq-controller-121] DEBUG c.h.p.o.h.HiveMQPlatformReconcilerErrorHandler - [helmmoni] Pod 'test-hivemq-platform-1' phase Running
2025-01-30 18:18:35,428 INFO c.h.h.t.HelmChartContainer - [hivemq-test-hivemq-platform] [hivemq-platform-operator] [5c057a65] 18:18:35.427 [ReconcilerExecutor-hivemq-controller-121] DEBUG c.h.p.o.h.HiveMQPlatformReconcilerErrorHandler - [helmmoni] Pod 'test-hivemq-platform-0' phase Running
2025-01-30 18:18:35,428 INFO c.h.h.t.HelmChartContainer - [hivemq-test-hivemq-platform] [hivemq-platform-operator] [5c057a65] 18:18:35.428 [ReconcilerExecutor-hivemq-controller-121] INFO  c.h.p.o.h.HiveMQPlatformReconcilerBaseHandler - [helmmoni] HiveMQ Platform is starting, 1 of 2 replicas are ready
2025-01-30 18:18:35,959 INFO c.h.h.t.HelmChartContainer - [test-hivemq-platform] [hivemq] [be45feea] INFO  - Cluster nodes found by discovery: [U59UE|1] (2) [U59UE, TBwBX].
2025-01-30 18:18:36,144 INFO c.h.h.t.HelmChartContainer - [test-hivemq-platform] [hivemq] [d9e3b3a4] INFO  - Started Jetty Server exposing Prometheus Servlet on URI http://0.0.0.0:9399/
2025-01-30 18:18:36,145 INFO c.h.h.t.HelmChartContainer - [test-hivemq-platform] [hivemq] [d9e3b3a4] INFO  - Extension "Prometheus Monitoring Extension" version 4.0.12 started successfully.
2025-01-30 18:18:36,145 INFO c.h.h.t.HelmChartContainer - [test-hivemq-platform] [hivemq] [d9e3b3a4] INFO  - Starting extension with id "hivemq-allow-all-extension" at /opt/hivemq/extensions/hivemq-allow-all-extension
2025-01-30 18:18:36,145 INFO c.h.h.t.HelmChartContainer - [test-hivemq-platform] [hivemq] [d9e3b3a4] WARN  - 
2025-01-30 18:18:36,145 INFO c.h.h.t.HelmChartContainer - [test-hivemq-platform] [hivemq] [d9e3b3a4] ################################################################################################################
2025-01-30 18:18:36,145 INFO c.h.h.t.HelmChartContainer - [test-hivemq-platform] [hivemq] [d9e3b3a4] # This HiveMQ deployment is not secure! You are lacking Authentication and Authorization.                      #
2025-01-30 18:18:36,146 INFO c.h.h.t.HelmChartContainer - [test-hivemq-platform] [hivemq] [d9e3b3a4] # Right now any MQTT client can connect to the broker with a full set of permissions.                          #
2025-01-30 18:18:36,146 INFO c.h.h.t.HelmChartContainer - [test-hivemq-platform] [hivemq] [d9e3b3a4] # For production usage, add an appropriate security extension and remove the hivemq-allow-all extension.       #
2025-01-30 18:18:36,146 INFO c.h.h.t.HelmChartContainer - [test-hivemq-platform] [hivemq] [d9e3b3a4] # You can download security extensions from the HiveMQ Marketplace (https://www.hivemq.com/extensions/).       #
2025-01-30 18:18:36,146 INFO c.h.h.t.HelmChartContainer - [test-hivemq-platform] [hivemq] [d9e3b3a4] ################################################################################################################
2025-01-30 18:18:36,146 INFO c.h.h.t.HelmChartContainer - [test-hivemq-platform] [hivemq] [d9e3b3a4] INFO  - Extension "Allow All Extension" version 1.1.1 started successfully.
2025-01-30 18:18:36,148 INFO c.h.h.t.HelmChartContainer - [test-hivemq-platform] [hivemq] [d9e3b3a4] INFO  - Cluster nodes found by discovery: [U59UE|1] (2) [U59UE, TBwBX].
2025-01-30 18:18:36,380 INFO c.h.h.t.HelmChartContainer - [test-hivemq-platform] [hivemq] [d9e3b3a4] INFO  - Cluster size = 1, members : [U59UE].
2025-01-30 18:18:36,401 INFO c.h.h.t.HelmChartContainer - [EVENT] Warning [Unhealthy] Readiness probe failed: Get "http://10.42.0.18:7979/readiness": context deadline exceeded (Client.Timeout exceeded while awaiting headers) [helmmonitoringplatformit:test-hivemq-platform-1]
2025-01-30 18:18:36,401 INFO c.h.h.t.HelmChartContainer - Received Unhealthy event for container hivemq in pod test-hivemq-platform-1 [d9e3b3a4-3491-4ad3-af9b-1c70c5d15c48]
2025-01-30 18:18:36,680 INFO c.h.h.t.HelmChartContainer - [test-hivemq-platform] [hivemq] [d9e3b3a4] INFO  - [HiveMQ Platform Operator Init App 1.7.0-SNAPSHOT] Returning Health API response 503 for readiness
2025-01-30 18:18:36,883 INFO c.h.h.t.HelmChartContainer - [test-hivemq-platform] [hivemq] [d9e3b3a4] INFO  - Starting cluster join process. This may take a while. Please do not shut down HiveMQ.
2025-01-30 18:18:36,946 INFO c.h.h.t.HelmChartContainer - [test-hivemq-platform] [hivemq] [d9e3b3a4] INFO  - Cluster join process is still ongoing. Please do not shut down HiveMQ.
2025-01-30 18:18:38,956 INFO c.h.h.t.HelmChartContainer - [test-hivemq-platform] [hivemq] [be45feea] INFO  - Cluster size = 2, members : [TBwBX, U59UE].
2025-01-30 18:18:38,976 INFO c.h.h.t.HelmChartContainer - [test-hivemq-platform] [hivemq] [d9e3b3a4] INFO  - Cluster size = 2, members : [TBwBX, U59UE].
2025-01-30 18:18:38,978 INFO c.h.h.t.HelmChartContainer - [test-hivemq-platform] [hivemq] [d9e3b3a4] INFO  - Finished cluster join process successfully.
2025-01-30 18:18:38,980 INFO c.h.h.t.HelmChartContainer - [test-hivemq-platform] [hivemq] [d9e3b3a4] WARN  - No user for HiveMQ Control Center configured. Starting with default user
2025-01-30 18:18:38,981 INFO c.h.h.t.HelmChartContainer - [test-hivemq-platform] [hivemq] [d9e3b3a4] INFO  - Starting HiveMQ Control Center on address 0.0.0.0 and port 8080
2025-01-30 18:18:39,043 INFO c.h.h.t.HelmChartContainer - [test-hivemq-platform] [hivemq] [d9e3b3a4] INFO  - Mounting HiveMQ Control Center V2 Preview
2025-01-30 18:18:39,643 INFO c.h.h.t.HelmChartContainer - [test-hivemq-platform] [hivemq] [d9e3b3a4] INFO  - Started HiveMQ Control Center in 662ms
2025-01-30 18:18:39,658 INFO c.h.h.t.HelmChartContainer - [test-hivemq-platform] [hivemq] [d9e3b3a4] INFO  - Starting TCP listener on address 0.0.0.0 and port 1883
2025-01-30 18:18:39,672 INFO c.h.h.t.HelmChartContainer - [test-hivemq-platform] [hivemq] [d9e3b3a4] INFO  - Started TCP Listener on address 0.0.0.0 and on port 1883.
2025-01-30 18:18:39,672 INFO c.h.h.t.HelmChartContainer - [test-hivemq-platform] [hivemq] [d9e3b3a4] INFO  - Started HiveMQ in 32724ms
2025-01-30 18:18:40,362 INFO c.h.h.t.HelmChartContainer - [test-hivemq-platform] [hivemq] [d9e3b3a4] INFO  - [HiveMQ Platform Operator Init App 1.7.0-SNAPSHOT] Returning Health API response 200 for readiness
2025-01-30 18:18:40,380 INFO c.h.h.t.HelmChartContainer - [POD] test-hivemq-platform-1 [d9e3b3a4-3491-4ad3-af9b-1c70c5d15c48] in helmmonitoringplatformit was MODIFIED
2025-01-30 18:18:40,393 INFO c.h.h.t.HelmChartContainer - [hivemq-test-hivemq-platform] [hivemq-platform-operator] [5c057a65] 18:18:40.386 [pool-6-thread-29] DEBUG c.h.p.o.d.PlatformServiceResource - [helmmoni] Desired Platform services (3 services)
2025-01-30 18:18:40,400 INFO c.h.h.t.HelmChartContainer - [hivemq-test-hivemq-platform] [hivemq-platform-operator] [5c057a65] 18:18:40.391 [pool-6-thread-22] DEBUG c.h.p.o.dependants.PodInfoConfigMap - [helmmoni] Desired PodInfo ConfigMap (1 extensions) (1 enabled)
2025-01-30 18:18:40,400 INFO c.h.h.t.HelmChartContainer - [hivemq-test-hivemq-platform] [hivemq-platform-operator] [5c057a65] 18:18:40.391 [pool-6-thread-22] DEBUG c.h.p.o.dependants.PodInfoConfigMap - [helmmoni] Desired PodInfo ConfigMap (metrics port: 9399) (metrics path: /)
2025-01-30 18:18:40,400 INFO c.h.h.t.HelmChartContainer - [hivemq-test-hivemq-platform] [hivemq-platform-operator] [5c057a65] 18:18:40.391 [pool-6-thread-22] DEBUG c.h.p.o.dependants.PodInfoConfigMap - [helmmoni] Desired PodInfo ConfigMap (extension state hash: -1817474005)
2025-01-30 18:18:40,400 INFO c.h.h.t.HelmChartContainer - [hivemq-test-hivemq-platform] [hivemq-platform-operator] [5c057a65] 18:18:40.393 [pool-6-thread-22] DEBUG c.h.p.o.d.PodServiceAccountResource - [helmmoni] Desired PodServiceAccountResource (serviceAccountName: hivemq-platform-pod-test-hivemq-platform)
2025-01-30 18:18:40,403 INFO c.h.h.t.HelmChartContainer - [hivemq-test-hivemq-platform] [hivemq-platform-operator] [5c057a65] 18:18:40.403 [pool-6-thread-29] DEBUG c.h.p.o.d.StatefulSetResource - [helmmoni] Desired StatefulSet (2 replicas) for status STARTING (READY)
2025-01-30 18:18:40,407 INFO c.h.h.t.HelmChartContainer - [hivemq-test-hivemq-platform] [hivemq-platform-operator] [5c057a65] 18:18:40.406 [ReconcilerExecutor-hivemq-controller-122] INFO  c.h.p.o.HiveMQPlatformReconciler - [helmmoni] Reconciling HiveMQ Platform 'test-hivemq-platform' in namespace 'helmmonitoringplatformit'
2025-01-30 18:18:40,407 INFO c.h.h.t.HelmChartContainer - [hivemq-test-hivemq-platform] [hivemq-platform-operator] [5c057a65] 18:18:40.406 [ReconcilerExecutor-hivemq-controller-122] DEBUG c.h.p.o.HiveMQPlatformReconciler - [helmmoni] Custom Resource Status STARTING - HiveMQ Platform is starting (READY)
2025-01-30 18:18:40,408 INFO c.h.h.t.HelmChartContainer - [hivemq-test-hivemq-platform] [hivemq-platform-operator] [5c057a65] 18:18:40.406 [ReconcilerExecutor-hivemq-controller-122] DEBUG c.h.p.o.HiveMQPlatformReconciler - [helmmoni] Custom Resource Spec (replicas: 2) (extensions: 1)
2025-01-30 18:18:40,408 INFO c.h.h.t.HelmChartContainer - [hivemq-test-hivemq-platform] [hivemq-platform-operator] [5c057a65] 18:18:40.407 [ReconcilerExecutor-hivemq-controller-122] DEBUG c.h.p.o.HiveMQPlatformReconciler - [helmmoni] StatefulSet Status (revision: test-hivemq-platform-64db946475, replicas: 2, available: 2, ready: 2, current: 2, updated: 2)
2025-01-30 18:18:40,409 INFO c.h.h.t.HelmChartContainer - [hivemq-test-hivemq-platform] [hivemq-platform-operator] [5c057a65] 18:18:40.408 [ReconcilerExecutor-hivemq-controller-122] DEBUG c.h.p.o.HiveMQPlatformReconciler - [helmmoni] StatefulSet Spec (replicas: 2, init containers: 1, containers: 1, volumes: 3)
2025-01-30 18:18:40,410 INFO c.h.h.t.HelmChartContainer - [hivemq-test-hivemq-platform] [hivemq-platform-operator] [5c057a65] 18:18:40.409 [ReconcilerExecutor-hivemq-controller-122] DEBUG c.h.p.o.h.HiveMQPlatformReconcilerErrorHandler - [helmmoni] Pod 'test-hivemq-platform-1' phase Running
2025-01-30 18:18:40,447 INFO c.h.h.t.HelmChartContainer - [hivemq-test-hivemq-platform] [hivemq-platform-operator] [5c057a65] 18:18:40.445 [ReconcilerExecutor-hivemq-controller-122] DEBUG c.h.p.o.h.HiveMQPlatformReconcilerErrorHandler - [helmmoni] Pod 'test-hivemq-platform-0' phase Running
2025-01-30 18:18:40,449 INFO c.h.h.t.HelmChartContainer - [hivemq-test-hivemq-platform] [hivemq-platform-operator] [5c057a65] 18:18:40.446 [ReconcilerExecutor-hivemq-controller-122] INFO  c.h.p.o.h.HiveMQPlatformReconcilerBaseHandler - [helmmoni] HiveMQ Platform started successfully
2025-01-30 18:18:40,469 INFO c.h.h.t.HelmChartContainer - [hivemq-test-hivemq-platform] [hivemq-platform-operator] [5c057a65] 18:18:40.468 [ReconcilerExecutor-hivemq-controller-122] DEBUG c.h.p.operator.event.EventSender - [helmmoni] Creating K8s event hivemq-platform-ready: [Ready] HiveMQ Platform is ready
2025-01-30 18:18:40,549 INFO c.h.h.t.HelmChartContainer - [EVENT] Normal [Ready] HiveMQ Platform is ready [helmmonitoringplatformit:test-hivemq-platform]
2025-01-30 18:18:40,550 INFO c.h.h.t.HelmChartContainer - [hivemq-test-hivemq-platform] [hivemq-platform-operator] [5c057a65] 18:18:40.550 [ReconcilerExecutor-hivemq-controller-122] INFO  c.h.p.o.h.AbstractHiveMQReconcilerStateHandler - [helmmoni] Update HiveMQ Platform Status (STARTING [READY] -> RUNNING [READY]): HiveMQ Platform is ready
2025-01-30 18:18:40,559 DEBUG com.hivemq.helmcharts.util.K8sUtil - Comparing actual state 'RUNNING' and waiting for 'RUNNING'
2025-01-30 18:18:40,564 INFO c.h.h.t.HelmChartContainer - [hivemq-test-hivemq-platform] [hivemq-platform-operator] [5c057a65] 18:18:40.563 [pool-6-thread-39] DEBUG c.h.p.o.d.PlatformServiceResource - [helmmoni] Desired Platform services (3 services)
2025-01-30 18:18:40,565 INFO c.h.h.t.HelmChartContainer - [hivemq-test-hivemq-platform] [hivemq-platform-operator] [5c057a65] 18:18:40.564 [pool-6-thread-38] DEBUG c.h.p.o.dependants.PodInfoConfigMap - [helmmoni] Desired PodInfo ConfigMap (1 extensions) (1 enabled)
2025-01-30 18:18:40,566 INFO c.h.h.t.HelmChartContainer - [hivemq-test-hivemq-platform] [hivemq-platform-operator] [5c057a65] 18:18:40.564 [pool-6-thread-38] DEBUG c.h.p.o.dependants.PodInfoConfigMap - [helmmoni] Desired PodInfo ConfigMap (metrics port: 9399) (metrics path: /)
2025-01-30 18:18:40,566 INFO c.h.h.t.HelmChartContainer - [hivemq-test-hivemq-platform] [hivemq-platform-operator] [5c057a65] 18:18:40.564 [pool-6-thread-38] DEBUG c.h.p.o.dependants.PodInfoConfigMap - [helmmoni] Desired PodInfo ConfigMap (extension state hash: -1817474005)
2025-01-30 18:18:40,566 INFO c.h.h.t.HelmChartContainer - [hivemq-test-hivemq-platform] [hivemq-platform-operator] [5c057a65] 18:18:40.564 [pool-6-thread-38] DEBUG c.h.p.o.dependants.PodInfoConfigMap - [helmmoni] Update PodInfo ConfigMap
2025-01-30 18:18:40,566 INFO c.h.h.t.HelmChartContainer - [hivemq-test-hivemq-platform] [hivemq-platform-operator] [5c057a65] 18:18:40.565 [pool-6-thread-33] DEBUG c.h.p.o.d.PodServiceAccountResource - [helmmoni] Desired PodServiceAccountResource (serviceAccountName: hivemq-platform-pod-test-hivemq-platform)
2025-01-30 18:18:40,648 INFO c.h.h.t.HelmChartContainer - [hivemq-test-hivemq-platform] [hivemq-platform-operator] [5c057a65] 18:18:40.647 [pool-6-thread-38] DEBUG c.h.p.o.d.StatefulSetResource - [helmmoni] Desired StatefulSet (2 replicas) for status RUNNING (READY)
2025-01-30 18:18:40,652 INFO c.h.h.t.HelmChartContainer - [hivemq-test-hivemq-platform] [hivemq-platform-operator] [5c057a65] 18:18:40.650 [ReconcilerExecutor-hivemq-controller-123] INFO  c.h.p.o.HiveMQPlatformReconciler - [helmmoni] Reconciling HiveMQ Platform 'test-hivemq-platform' in namespace 'helmmonitoringplatformit'
2025-01-30 18:18:40,652 INFO c.h.h.t.HelmChartContainer - [hivemq-test-hivemq-platform] [hivemq-platform-operator] [5c057a65] 18:18:40.650 [ReconcilerExecutor-hivemq-controller-123] DEBUG c.h.p.o.HiveMQPlatformReconciler - [helmmoni] Custom Resource Status RUNNING - HiveMQ Platform is ready (READY)
2025-01-30 18:18:40,652 INFO c.h.h.t.HelmChartContainer - [hivemq-test-hivemq-platform] [hivemq-platform-operator] [5c057a65] 18:18:40.650 [ReconcilerExecutor-hivemq-controller-123] DEBUG c.h.p.o.HiveMQPlatformReconciler - [helmmoni] Custom Resource Spec (replicas: 2) (extensions: 1)
2025-01-30 18:18:40,652 INFO c.h.h.t.HelmChartContainer - [hivemq-test-hivemq-platform] [hivemq-platform-operator] [5c057a65] 18:18:40.651 [ReconcilerExecutor-hivemq-controller-123] DEBUG c.h.p.o.HiveMQPlatformReconciler - [helmmoni] StatefulSet Status (revision: test-hivemq-platform-64db946475, replicas: 2, available: 2, ready: 2, current: 2, updated: 2)
2025-01-30 18:18:40,653 INFO c.h.h.t.HelmChartContainer - [hivemq-test-hivemq-platform] [hivemq-platform-operator] [5c057a65] 18:18:40.651 [ReconcilerExecutor-hivemq-controller-123] DEBUG c.h.p.o.HiveMQPlatformReconciler - [helmmoni] StatefulSet Spec (replicas: 2, init containers: 1, containers: 1, volumes: 3)
2025-01-30 18:18:40,654 INFO c.h.h.t.HelmChartContainer - [hivemq-test-hivemq-platform] [hivemq-platform-operator] [5c057a65] 18:18:40.653 [ReconcilerExecutor-hivemq-controller-123] DEBUG c.h.p.o.h.HiveMQPlatformReconcilerErrorHandler - [helmmoni] Pod 'test-hivemq-platform-1' phase Running
2025-01-30 18:18:40,655 INFO c.h.h.t.HelmChartContainer - [hivemq-test-hivemq-platform] [hivemq-platform-operator] [5c057a65] 18:18:40.654 [ReconcilerExecutor-hivemq-controller-123] DEBUG c.h.p.o.h.HiveMQPlatformReconcilerErrorHandler - [helmmoni] Pod 'test-hivemq-platform-0' phase Running
Request method:	GET
Request URI:	http://localhost:36385/api/v1/query?query=com_hivemq_cluster_nodes_count
Proxy:			<none>
Request params:	query=com_hivemq_cluster_nodes_count
Query params:	<none>
Form params:	<none>
Path params:	<none>
Headers:		Accept=*/*
Cookies:		<none>
Multiparts:		<none>
Body:			<none>
HTTP/1.1 200 OK
Content-Encoding: gzip
Content-Type: application/json
Date: Thu, 30 Jan 2025 18:18:46 GMT
Content-Length: 251

{
    "status": "success",
    "data": {
        "resultType": "vector",
        "result": [
            {
                "metric": {
                    "__name__": "com_hivemq_cluster_nodes_count",
                    "container": "hivemq",
                    "endpoint": "metrics-9399",
                    "instance": "10.42.0.17:9399",
                    "job": "hivemq-test-hivemq-platform-metrics-9399",
                    "namespace": "helmmonitoringplatformit",
                    "pod": "test-hivemq-platform-0",
                    "service": "hivemq-test-hivemq-platform-metrics-9399"
                },
                "value": [
                    1738261126.198,
                    "1"
                ]
            }
        ]
    }
}
2025-01-30 18:18:50,660 INFO c.h.h.t.HelmChartContainer - [hivemq-test-hivemq-platform] [hivemq-platform-operator] [5c057a65] 18:18:50.657 [pool-6-thread-49] DEBUG c.h.p.o.d.PlatformServiceResource - [helmmoni] Desired Platform services (3 services)
2025-01-30 18:18:50,661 INFO c.h.h.t.HelmChartContainer - [hivemq-test-hivemq-platform] [hivemq-platform-operator] [5c057a65] 18:18:50.658 [pool-6-thread-42] DEBUG c.h.p.o.dependants.PodInfoConfigMap - [helmmoni] Desired PodInfo ConfigMap (1 extensions) (1 enabled)
2025-01-30 18:18:50,661 INFO c.h.h.t.HelmChartContainer - [hivemq-test-hivemq-platform] [hivemq-platform-operator] [5c057a65] 18:18:50.658 [pool-6-thread-42] DEBUG c.h.p.o.dependants.PodInfoConfigMap - [helmmoni] Desired PodInfo ConfigMap (metrics port: 9399) (metrics path: /)
2025-01-30 18:18:50,661 INFO c.h.h.t.HelmChartContainer - [hivemq-test-hivemq-platform] [hivemq-platform-operator] [5c057a65] 18:18:50.658 [pool-6-thread-42] DEBUG c.h.p.o.dependants.PodInfoConfigMap - [helmmoni] Desired PodInfo ConfigMap (extension state hash: -1817474005)
2025-01-30 18:18:50,661 INFO c.h.h.t.HelmChartContainer - [hivemq-test-hivemq-platform] [hivemq-platform-operator] [5c057a65] 18:18:50.658 [pool-6-thread-41] DEBUG c.h.p.o.d.PodServiceAccountResource - [helmmoni] Desired PodServiceAccountResource (serviceAccountName: hivemq-platform-pod-test-hivemq-platform)
2025-01-30 18:18:50,664 INFO c.h.h.t.HelmChartContainer - [hivemq-test-hivemq-platform] [hivemq-platform-operator] [5c057a65] 18:18:50.663 [pool-6-thread-49] DEBUG c.h.p.o.d.StatefulSetResource - [helmmoni] Desired StatefulSet (2 replicas) for status RUNNING (READY)
2025-01-30 18:18:50,666 INFO c.h.h.t.HelmChartContainer - [hivemq-test-hivemq-platform] [hivemq-platform-operator] [5c057a65] 18:18:50.666 [ReconcilerExecutor-hivemq-controller-124] INFO  c.h.p.o.HiveMQPlatformReconciler - [helmmoni] Reconciling HiveMQ Platform 'test-hivemq-platform' in namespace 'helmmonitoringplatformit'
2025-01-30 18:18:50,668 INFO c.h.h.t.HelmChartContainer - [hivemq-test-hivemq-platform] [hivemq-platform-operator] [5c057a65] 18:18:50.666 [ReconcilerExecutor-hivemq-controller-124] DEBUG c.h.p.o.HiveMQPlatformReconciler - [helmmoni] Custom Resource Status RUNNING - HiveMQ Platform is ready (READY)
2025-01-30 18:18:50,668 INFO c.h.h.t.HelmChartContainer - [hivemq-test-hivemq-platform] [hivemq-platform-operator] [5c057a65] 18:18:50.666 [ReconcilerExecutor-hivemq-controller-124] DEBUG c.h.p.o.HiveMQPlatformReconciler - [helmmoni] Custom Resource Spec (replicas: 2) (extensions: 1)
2025-01-30 18:18:50,668 INFO c.h.h.t.HelmChartContainer - [hivemq-test-hivemq-platform] [hivemq-platform-operator] [5c057a65] 18:18:50.667 [ReconcilerExecutor-hivemq-controller-124] DEBUG c.h.p.o.HiveMQPlatformReconciler - [helmmoni] StatefulSet Status (revision: test-hivemq-platform-64db946475, replicas: 2, available: 2, ready: 2, current: 2, updated: 2)
2025-01-30 18:18:50,669 INFO c.h.h.t.HelmChartContainer - [hivemq-test-hivemq-platform] [hivemq-platform-operator] [5c057a65] 18:18:50.667 [ReconcilerExecutor-hivemq-controller-124] DEBUG c.h.p.o.HiveMQPlatformReconciler - [helmmoni] StatefulSet Spec (replicas: 2, init containers: 1, containers: 1, volumes: 3)
2025-01-30 18:18:50,670 INFO c.h.h.t.HelmChartContainer - [hivemq-test-hivemq-platform] [hivemq-platform-operator] [5c057a65] 18:18:50.669 [ReconcilerExecutor-hivemq-controller-124] DEBUG c.h.p.o.h.HiveMQPlatformReconcilerErrorHandler - [helmmoni] Pod 'test-hivemq-platform-1' phase Running
2025-01-30 18:18:50,671 INFO c.h.h.t.HelmChartContainer - [hivemq-test-hivemq-platform] [hivemq-platform-operator] [5c057a65] 18:18:50.670 [ReconcilerExecutor-hivemq-controller-124] DEBUG c.h.p.o.h.HiveMQPlatformReconcilerErrorHandler - [helmmoni] Pod 'test-hivemq-platform-0' phase Running
Request method:	GET
Request URI:	http://localhost:35919/api/v1/query?query=com_hivemq_cluster_nodes_count
Proxy:			<none>
Request params:	query=com_hivemq_cluster_nodes_count
Query params:	<none>
Form params:	<none>
Path params:	<none>
Headers:		Accept=*/*
Cookies:		<none>
Multiparts:		<none>
Body:			<none>
HTTP/1.1 200 OK
Content-Encoding: gzip
Content-Type: application/json
Date: Thu, 30 Jan 2025 18:18:51 GMT
Content-Length: 264

{
    "status": "success",
    "data": {
        "resultType": "vector",
        "result": [
            {
                "metric": {
                    "__name__": "com_hivemq_cluster_nodes_count",
                    "container": "hivemq",
                    "endpoint": "metrics-9399",
                    "instance": "10.42.0.17:9399",
                    "job": "hivemq-test-hivemq-platform-metrics-9399",
                    "namespace": "helmmonitoringplatformit",
                    "pod": "test-hivemq-platform-0",
                    "service": "hivemq-test-hivemq-platform-metrics-9399"
                },
                "value": [
                    1738261131.383,
                    "2"
                ]
            },
            {
                "metric": {
                    "__name__": "com_hivemq_cluster_nodes_count",
                    "container": "hivemq",
                    "endpoint": "metrics-9399",
                    "instance": "10.42.0.18:9399",
                    "job": "hivemq-test-hivemq-platform-metrics-9399",
                    "namespace": "helmmonitoringplatformit",
                    "pod": "test-hivemq-platform-1",
                    "service": "hivemq-test-hivemq-platform-metrics-9399"
                },
                "value": [
                    1738261131.383,
                    "2"
                ]
            }
        ]
    }
}
Request method:	GET
Request URI:	http://localhost:38007/api/search
Proxy:			<none>
Request params:	<none>
Query params:	<none>
Form params:	<none>
Path params:	<none>
Headers:		Authorization=Basic YWRtaW46cHJvbS1vcGVyYXRvcg==
				Accept=*/*
Cookies:		<none>
Multiparts:		<none>
Body:			<none>
HTTP/1.1 200 OK
Cache-Control: no-store
Content-Type: application/json
X-Content-Type-Options: nosniff
X-Frame-Options: deny
X-Xss-Protection: 1; mode=block
Date: Thu, 30 Jan 2025 18:18:56 GMT
Transfer-Encoding: chunked

[
    {
        "id": 1,
        "uid": "alertmanager-overview",
        "title": "Alertmanager / Overview",
        "uri": "db/alertmanager-overview",
        "url": "/d/alertmanager-overview/alertmanager-overview",
        "slug": "",
        "type": "dash-db",
        "tags": [
            "alertmanager-mixin"
        ],
        "isStarred": false,
        "sortMeta": 0,
        "isDeleted": false
    },
    {
        "id": 7,
        "uid": "vkQ0UHxik",
        "title": "CoreDNS",
        "uri": "db/coredns",
        "url": "/d/vkQ0UHxik/coredns",
        "slug": "",
        "type": "dash-db",
        "tags": [
            "coredns",
            "dns"
        ],
        "isStarred": false,
        "sortMeta": 0,
        "isDeleted": false
    },
    {
        "id": 5,
        "uid": "c2f4e12cdf69feb95caa41a5a1b423d9",
        "title": "etcd",
        "uri": "db/etcd",
        "url": "/d/c2f4e12cdf69feb95caa41a5a1b423d9/etcd",
        "slug": "",
        "type": "dash-db",
        "tags": [
            "etcd-mixin"
        ],
        "isStarred": false,
        "sortMeta": 0,
        "isDeleted": false
    },
    {
        "id": 6,
        "uid": "6be0s85Mk",
        "title": "Grafana Overview",
        "uri": "db/grafana-overview",
        "url": "/d/6be0s85Mk/grafana-overview",
        "slug": "",
        "type": "dash-db",
        "tags": [
            
        ],
        "isStarred": false,
        "sortMeta": 0,
        "isDeleted": false
    },
    {
        "id": 29,
        "uid": "febkr6f59yozkb",
        "title": "HiveMQ Platform (Prometheus)",
        "uri": "db/hivemq-platform-prometheus",
        "url": "/d/febkr6f59yozkb/hivemq-platform-prometheus",
        "slug": "",
        "type": "dash-db",
        "tags": [
            
        ],
        "isStarred": false,
        "sortMeta": 0,
        "isDeleted": false
    },
    {
        "id": 2,
        "uid": "09ec8aa1e996d6ffcd6817bbaff4db1b",
        "title": "Kubernetes / API server",
        "uri": "db/kubernetes-api-server",
        "url": "/d/09ec8aa1e996d6ffcd6817bbaff4db1b/kubernetes-api-server",
        "slug": "",
        "type": "dash-db",
        "tags": [
            "kubernetes-mixin"
        ],
        "isStarred": false,
        "sortMeta": 0,
        "isDeleted": false
    },
    {
        "id": 9,
        "uid": "b59e6c9f2fcbe2e16d77fc492374cc4f",
        "title": "Kubernetes / Compute Resources /  Multi-Cluster",
        "uri": "db/kubernetes-compute-resources-multi-cluster",
        "url": "/d/b59e6c9f2fcbe2e16d77fc492374cc4f/kubernetes-compute-resources-multi-cluster",
        "slug": "",
        "type": "dash-db",
        "tags": [
            "kubernetes-mixin"
        ],
        "isStarred": false,
        "sortMeta": 0,
        "isDeleted": false
    },
    {
        "id": 8,
        "uid": "efa86fd1d0c121a26444b636a3f509a8",
        "title": "Kubernetes / Compute Resources / Cluster",
        "uri": "db/kubernetes-compute-resources-cluster",
        "url": "/d/efa86fd1d0c121a26444b636a3f509a8/kubernetes-compute-resources-cluster",
        "slug": "",
        "type": "dash-db",
        "tags": [
            "kubernetes-mixin"
        ],
        "isStarred": false,
        "sortMeta": 0,
        "isDeleted": false
    },
    {
        "id": 10,
        "uid": "85a562078cdf77779eaa1add43ccec1e",
        "title": "Kubernetes / Compute Resources / Namespace (Pods)",
        "uri": "db/kubernetes-compute-resources-namespace-pods",
        "url": "/d/85a562078cdf77779eaa1add43ccec1e/kubernetes-compute-resources-namespace-pods",
        "slug": "",
        "type": "dash-db",
        "tags": [
            "kubernetes-mixin"
        ],
        "isStarred": false,
        "sortMeta": 0,
        "isDeleted": false
    },
    {
        "id": 14,
        "uid": "a87fb0d919ec0ea5f6543124e16c42a5",
        "title": "Kubernetes / Compute Resources / Namespace (Workloads)",
        "uri": "db/kubernetes-compute-resources-namespace-workloads",
        "url": "/d/a87fb0d919ec0ea5f6543124e16c42a5/kubernetes-compute-resources-namespace-workloads",
        "slug": "",
        "type": "dash-db",
        "tags": [
            "kubernetes-mixin"
        ],
        "isStarred": false,
        "sortMeta": 0,
        "isDeleted": false
    },
    {
        "id": 11,
        "uid": "200ac8fdbfbb74b39aff88118e4d1c2c",
        "title": "Kubernetes / Compute Resources / Node (Pods)",
        "uri": "db/kubernetes-compute-resources-node-pods",
        "url": "/d/200ac8fdbfbb74b39aff88118e4d1c2c/kubernetes-compute-resources-node-pods",
        "slug": "",
        "type": "dash-db",
        "tags": [
            "kubernetes-mixin"
        ],
        "isStarred": false,
        "sortMeta": 0,
        "isDeleted": false
    },
    {
        "id": 12,
        "uid": "6581e46e4e5c7ba40a07646395ef7b23",
        "title": "Kubernetes / Compute Resources / Pod",
        "uri": "db/kubernetes-compute-resources-pod",
        "url": "/d/6581e46e4e5c7ba40a07646395ef7b23/kubernetes-compute-resources-pod",
        "slug": "",
        "type": "dash-db",
        "tags": [
            "kubernetes-mixin"
        ],
        "isStarred": false,
        "sortMeta": 0,
        "isDeleted": false
    },
    {
        "id": 13,
        "uid": "a164a7f0339f99e89cea5cb47e9be617",
        "title": "Kubernetes / Compute Resources / Workload",
        "uri": "db/kubernetes-compute-resources-workload",
        "url": "/d/a164a7f0339f99e89cea5cb47e9be617/kubernetes-compute-resources-workload",
        "slug": "",
        "type": "dash-db",
        "tags": [
            "kubernetes-mixin"
        ],
        "isStarred": false,
        "sortMeta": 0,
        "isDeleted": false
    },
    {
        "id": 4,
        "uid": "72e0e05bef5099e5f049b05fdc429ed4",
        "title": "Kubernetes / Controller Manager",
        "uri": "db/kubernetes-controller-manager",
        "url": "/d/72e0e05bef5099e5f049b05fdc429ed4/kubernetes-controller-manager",
        "slug": "",
        "type": "dash-db",
        "tags": [
            "kubernetes-mixin"
        ],
        "isStarred": false,
        "sortMeta": 0,
        "isDeleted": false
    },
    {
        "id": 15,
        "uid": "3138fa155d5915769fbded898ac09fd9",
        "title": "Kubernetes / Kubelet",
        "uri": "db/kubernetes-kubelet",
        "url": "/d/3138fa155d5915769fbded898ac09fd9/kubernetes-kubelet",
        "slug": "",
        "type": "dash-db",
        "tags": [
            "kubernetes-mixin"
        ],
        "isStarred": false,
        "sortMeta": 0,
        "isDeleted": false
    },
    {
        "id": 3,
        "uid": "ff635a025bcfea7bc3dd4f508990a3e9",
        "title": "Kubernetes / Networking / Cluster",
        "uri": "db/kubernetes-networking-cluster",
        "url": "/d/ff635a025bcfea7bc3dd4f508990a3e9/kubernetes-networking-cluster",
        "slug": "",
        "type": "dash-db",
        "tags": [
            "kubernetes-mixin"
        ],
        "isStarred": false,
        "sortMeta": 0,
        "isDeleted": false
    },
    {
        "id": 16,
        "uid": "8b7a8b326d7a6f1f04244066368c67af",
        "title": "Kubernetes / Networking / Namespace (Pods)",
        "uri": "db/kubernetes-networking-namespace-pods",
        "url": "/d/8b7a8b326d7a6f1f04244066368c67af/kubernetes-networking-namespace-pods",
        "slug": "",
        "type": "dash-db",
        "tags": [
            "kubernetes-mixin"
        ],
        "isStarred": false,
        "sortMeta": 0,
        "isDeleted": false
    },
    {
        "id": 17,
        "uid": "bbb2a765a623ae38130206c7d94a160f",
        "title": "Kubernetes / Networking / Namespace (Workload)",
        "uri": "db/kubernetes-networking-namespace-workload",
        "url": "/d/bbb2a765a623ae38130206c7d94a160f/kubernetes-networking-namespace-workload",
        "slug": "",
        "type": "dash-db",
        "tags": [
            "kubernetes-mixin"
        ],
        "isStarred": false,
        "sortMeta": 0,
        "isDeleted": false
    },
    {
        "id": 24,
        "uid": "7a18067ce943a40ae25454675c19ff5c",
        "title": "Kubernetes / Networking / Pod",
        "uri": "db/kubernetes-networking-pod",
        "url": "/d/7a18067ce943a40ae25454675c19ff5c/kubernetes-networking-pod",
        "slug": "",
        "type": "dash-db",
        "tags": [
            "kubernetes-mixin"
        ],
        "isStarred": false,
        "sortMeta": 0,
        "isDeleted": false
    },
    {
        "id": 28,
        "uid": "728bf77cc1166d2f3133bf25846876cc",
        "title": "Kubernetes / Networking / Workload",
        "uri": "db/kubernetes-networking-workload",
        "url": "/d/728bf77cc1166d2f3133bf25846876cc/kubernetes-networking-workload",
        "slug": "",
        "type": "dash-db",
        "tags": [
            "kubernetes-mixin"
        ],
        "isStarred": false,
        "sortMeta": 0,
        "isDeleted": false
    },
    {
        "id": 23,
        "uid": "919b92a8e8041bd567af9edab12c840c",
        "title": "Kubernetes / Persistent Volumes",
        "uri": "db/kubernetes-persistent-volumes",
        "url": "/d/919b92a8e8041bd567af9edab12c840c/kubernetes-persistent-volumes",
        "slug": "",
        "type": "dash-db",
        "tags": [
            "kubernetes-mixin"
        ],
        "isStarred": false,
        "sortMeta": 0,
        "isDeleted": false
    },
    {
        "id": 26,
        "uid": "632e265de029684c40b21cb76bca4f94",
        "title": "Kubernetes / Proxy",
        "uri": "db/kubernetes-proxy",
        "url": "/d/632e265de029684c40b21cb76bca4f94/kubernetes-proxy",
        "slug": "",
        "type": "dash-db",
        "tags": [
            "kubernetes-mixin"
        ],
        "isStarred": false,
        "sortMeta": 0,
        "isDeleted": false
    },
    {
        "id": 27,
        "uid": "2e6b6a3b4bddf1427b3a55aa1311c656",
        "title": "Kubernetes / Scheduler",
        "uri": "db/kubernetes-scheduler",
        "url": "/d/2e6b6a3b4bddf1427b3a55aa1311c656/kubernetes-scheduler",
        "slug": "",
        "type": "dash-db",
        "tags": [
            "kubernetes-mixin"
        ],
        "isStarred": false,
        "sortMeta": 0,
        "isDeleted": false
    },
    {
        "id": 21,
        "uid": "7e0a61e486f727d763fb1d86fdd629c2",
        "title": "Node Exporter / AIX",
        "uri": "db/node-exporter-aix",
        "url": "/d/7e0a61e486f727d763fb1d86fdd629c2/node-exporter-aix",
        "slug": "",
        "type": "dash-db",
        "tags": [
            "node-exporter-mixin"
        ],
        "isStarred": false,
        "sortMeta": 0,
        "isDeleted": false
    },
    {
        "id": 22,
        "uid": "629701ea43bf69291922ea45f4a87d37",
        "title": "Node Exporter / MacOS",
        "uri": "db/node-exporter-macos",
        "url": "/d/629701ea43bf69291922ea45f4a87d37/node-exporter-macos",
        "slug": "",
        "type": "dash-db",
        "tags": [
            "node-exporter-mixin"
        ],
        "isStarred": false,
        "sortMeta": 0,
        "isDeleted": false
    },
    {
        "id": 20,
        "uid": "7d57716318ee0dddbac5a7f451fb7753",
        "title": "Node Exporter / Nodes",
        "uri": "db/node-exporter-nodes",
        "url": "/d/7d57716318ee0dddbac5a7f451fb7753/node-exporter-nodes",
        "slug": "",
        "type": "dash-db",
        "tags": [
            "node-exporter-mixin"
        ],
        "isStarred": false,
        "sortMeta": 0,
        "isDeleted": false
    },
    {
        "id": 18,
        "uid": "3e97d1d02672cdd0861f4c97c64f89b2",
        "title": "Node Exporter / USE Method / Cluster",
        "uri": "db/node-exporter-use-method-cluster",
        "url": "/d/3e97d1d02672cdd0861f4c97c64f89b2/node-exporter-use-method-cluster",
        "slug": "",
        "type": "dash-db",
        "tags": [
            "node-exporter-mixin"
        ],
        "isStarred": false,
        "sortMeta": 0,
        "isDeleted": false
    },
    {
        "id": 19,
        "uid": "fac67cfbe174d3ef53eb473d73d9212f",
        "title": "Node Exporter / USE Method / Node",
        "uri": "db/node-exporter-use-method-node",
        "url": "/d/fac67cfbe174d3ef53eb473d73d9212f/node-exporter-use-method-node",
        "slug": "",
        "type": "dash-db",
        "tags": [
            "node-exporter-mixin"
        ],
        "isStarred": false,
        "sortMeta": 0,
        "isDeleted": false
    },
    {
        "id": 25,
        "uid": "debkr65wxz0u8a",
        "title": "Prometheus / Overview",
        "uri": "db/prometheus-overview",
        "url": "/d/debkr65wxz0u8a/prometheus-overview",
        "slug": "",
        "type": "dash-db",
        "tags": [
            "prometheus-mixin"
        ],
        "isStarred": false,
        "sortMeta": 0,
        "isDeleted": false
    }
]
2025-01-30 18:18:56,504 INFO c.h.h.t.HelmChartContainer - Uninstalling release 'monitoring-stack' in namespace 'monitoring'...
2025-01-30 18:18:56,504 DEBUG c.h.h.t.HelmChartContainer - Executing helm command: /bin/helm --kubeconfig /etc/rancher/k3s/k3s.yaml uninstall monitoring-stack  --wait --timeout 5m0s --cascade foreground --namespace monitoring
2025-01-30 18:18:58,205 INFO c.h.h.t.HelmChartContainer - [test-hivemq-platform] [hivemq] [d9e3b3a4] INFO  - [HiveMQ Platform Operator Init App 1.7.0-SNAPSHOT] Returning Health API response 200 for liveness
2025-01-30 18:18:58,343 INFO c.h.h.t.HelmChartContainer - [K3S] [replica_set.go:679] "Finished syncing" kind="ReplicaSet" key="monitoring/monitoring-stack-kube-prom-operator-6998896c" duration="3.543955ms"
2025-01-30 18:18:58,343 INFO c.h.h.t.HelmChartContainer - [K3S] [replica_set.go:679] "Finished syncing" kind="ReplicaSet" key="monitoring/monitoring-stack-kube-prom-operator-6998896c" duration="38.092µs"
2025-01-30 18:18:58,395 INFO c.h.h.t.HelmChartContainer - [K3S] [replica_set.go:679] "Finished syncing" kind="ReplicaSet" key="monitoring/monitoring-stack-grafana-64c55fb967" duration="4.525881ms"
2025-01-30 18:18:58,395 INFO c.h.h.t.HelmChartContainer - [K3S] [replica_set.go:679] "Finished syncing" kind="ReplicaSet" key="monitoring/monitoring-stack-grafana-64c55fb967" duration="56.325µs"
2025-01-30 18:18:58,443 INFO c.h.h.t.HelmChartContainer - [K3S] [replica_set.go:679] "Finished syncing" kind="ReplicaSet" key="monitoring/monitoring-stack-kube-state-metrics-5bf5c7b54d" duration="3.204114ms"
2025-01-30 18:18:58,443 INFO c.h.h.t.HelmChartContainer - [K3S] [replica_set.go:679] "Finished syncing" kind="ReplicaSet" key="monitoring/monitoring-stack-kube-state-metrics-5bf5c7b54d" duration="39.534µs"
2025-01-30 18:18:58,692 INFO c.h.h.t.HelmChartContainer - [POD] monitoring-stack-prometheus-node-exporter-wvmck [4f250631-3c3e-4f33-acaf-295f8dfd781b] in monitoring was MODIFIED
2025-01-30 18:18:58,696 INFO c.h.h.t.HelmChartContainer - [EVENT] Normal [Killing] Stopping container node-exporter [monitoring:monitoring-stack-prometheus-node-exporter-wvmck]
2025-01-30 18:18:58,823 INFO c.h.h.t.HelmChartContainer - [POD] monitoring-stack-prometheus-node-exporter-wvmck [4f250631-3c3e-4f33-acaf-295f8dfd781b] in monitoring was MODIFIED
2025-01-30 18:18:58,890 INFO c.h.h.t.HelmChartContainer - [K3S] [reconciler_common.go:162] "operationExecutor.UnmountVolume started for volume \"sys\" (UniqueName: \"kubernetes.io/host-path/4f250631-3c3e-4f33-acaf-295f8dfd781b-sys\") pod \"4f250631-3c3e-4f33-acaf-295f8dfd781b\" (UID: \"4f250631-3c3e-4f33-acaf-295f8dfd781b\") "
2025-01-30 18:18:58,890 INFO c.h.h.t.HelmChartContainer - [K3S] [reconciler_common.go:162] "operationExecutor.UnmountVolume started for volume \"proc\" (UniqueName: \"kubernetes.io/host-path/4f250631-3c3e-4f33-acaf-295f8dfd781b-proc\") pod \"4f250631-3c3e-4f33-acaf-295f8dfd781b\" (UID: \"4f250631-3c3e-4f33-acaf-295f8dfd781b\") "
2025-01-30 18:18:58,990 INFO c.h.h.t.HelmChartContainer - [K3S] [reconciler_common.go:299] "Volume detached for volume \"sys\" (UniqueName: \"kubernetes.io/host-path/4f250631-3c3e-4f33-acaf-295f8dfd781b-sys\") on node \"66de24468ee4\" DevicePath \"\""
2025-01-30 18:18:58,990 INFO c.h.h.t.HelmChartContainer - [K3S] [reconciler_common.go:299] "Volume detached for volume \"proc\" (UniqueName: \"kubernetes.io/host-path/4f250631-3c3e-4f33-acaf-295f8dfd781b-proc\") on node \"66de24468ee4\" DevicePath \"\""
2025-01-30 18:18:59,748 INFO c.h.h.t.HelmChartContainer - [K3S] [scope.go:117] "RemoveContainer" containerID="269c7ae06835b8c1eab8a49a37c17d4c93848bc8c61cab95b674f51915686962"
2025-01-30 18:18:59,752 INFO c.h.h.t.HelmChartContainer - [K3S] [scope.go:117] "RemoveContainer" containerID="269c7ae06835b8c1eab8a49a37c17d4c93848bc8c61cab95b674f51915686962"
2025-01-30 18:18:59,764 INFO c.h.h.t.HelmChartContainer - [POD] monitoring-stack-prometheus-node-exporter-wvmck [4f250631-3c3e-4f33-acaf-295f8dfd781b] in monitoring was MODIFIED
2025-01-30 18:18:59,767 INFO c.h.h.t.HelmChartContainer - [POD] monitoring-stack-prometheus-node-exporter-wvmck [4f250631-3c3e-4f33-acaf-295f8dfd781b] in monitoring was DELETED
2025-01-30 18:18:59,944 INFO c.h.h.t.HelmChartContainer - [K3S] [kubelet_volumes.go:163] "Cleaned up orphaned pod volumes dir" podUID="4f250631-3c3e-4f33-acaf-295f8dfd781b" path="/var/lib/kubelet/pods/4f250631-3c3e-4f33-acaf-295f8dfd781b/volumes"
2025-01-30 18:19:00,676 INFO c.h.h.t.HelmChartContainer - [hivemq-test-hivemq-platform] [hivemq-platform-operator] [5c057a65] 18:19:00.673 [pool-6-thread-7] DEBUG c.h.p.o.d.PlatformServiceResource - [helmmoni] Desired Platform services (3 services)
2025-01-30 18:19:00,676 INFO c.h.h.t.HelmChartContainer - [hivemq-test-hivemq-platform] [hivemq-platform-operator] [5c057a65] 18:19:00.674 [pool-6-thread-3] DEBUG c.h.p.o.dependants.PodInfoConfigMap - [helmmoni] Desired PodInfo ConfigMap (1 extensions) (1 enabled)
2025-01-30 18:19:00,678 INFO c.h.h.t.HelmChartContainer - [hivemq-test-hivemq-platform] [hivemq-platform-operator] [5c057a65] 18:19:00.676 [pool-6-thread-3] DEBUG c.h.p.o.dependants.PodInfoConfigMap - [helmmoni] Desired PodInfo ConfigMap (metrics port: 9399) (metrics path: /)
2025-01-30 18:19:00,679 INFO c.h.h.t.HelmChartContainer - [hivemq-test-hivemq-platform] [hivemq-platform-operator] [5c057a65] 18:19:00.675 [pool-6-thread-1] DEBUG c.h.p.o.d.PodServiceAccountResource - [helmmoni] Desired PodServiceAccountResource (serviceAccountName: hivemq-platform-pod-test-hivemq-platform)
2025-01-30 18:19:00,679 INFO c.h.h.t.HelmChartContainer - [hivemq-test-hivemq-platform] [hivemq-platform-operator] [5c057a65] 18:19:00.676 [pool-6-thread-3] DEBUG c.h.p.o.dependants.PodInfoConfigMap - [helmmoni] Desired PodInfo ConfigMap (extension state hash: -1817474005)
2025-01-30 18:19:00,682 INFO c.h.h.t.HelmChartContainer - [hivemq-test-hivemq-platform] [hivemq-platform-operator] [5c057a65] 18:19:00.681 [pool-6-thread-7] DEBUG c.h.p.o.d.StatefulSetResource - [helmmoni] Desired StatefulSet (2 replicas) for status RUNNING (READY)
2025-01-30 18:19:00,685 INFO c.h.h.t.HelmChartContainer - [hivemq-test-hivemq-platform] [hivemq-platform-operator] [5c057a65] 18:19:00.684 [ReconcilerExecutor-hivemq-controller-125] INFO  c.h.p.o.HiveMQPlatformReconciler - [helmmoni] Reconciling HiveMQ Platform 'test-hivemq-platform' in namespace 'helmmonitoringplatformit'
2025-01-30 18:19:00,685 INFO c.h.h.t.HelmChartContainer - [hivemq-test-hivemq-platform] [hivemq-platform-operator] [5c057a65] 18:19:00.684 [ReconcilerExecutor-hivemq-controller-125] DEBUG c.h.p.o.HiveMQPlatformReconciler - [helmmoni] Custom Resource Status RUNNING - HiveMQ Platform is ready (READY)
2025-01-30 18:19:00,685 INFO c.h.h.t.HelmChartContainer - [hivemq-test-hivemq-platform] [hivemq-platform-operator] [5c057a65] 18:19:00.684 [ReconcilerExecutor-hivemq-controller-125] DEBUG c.h.p.o.HiveMQPlatformReconciler - [helmmoni] Custom Resource Spec (replicas: 2) (extensions: 1)
2025-01-30 18:19:00,688 INFO c.h.h.t.HelmChartContainer - [hivemq-test-hivemq-platform] [hivemq-platform-operator] [5c057a65] 18:19:00.685 [ReconcilerExecutor-hivemq-controller-125] DEBUG c.h.p.o.HiveMQPlatformReconciler - [helmmoni] StatefulSet Status (revision: test-hivemq-platform-64db946475, replicas: 2, available: 2, ready: 2, current: 2, updated: 2)
2025-01-30 18:19:00,688 INFO c.h.h.t.HelmChartContainer - [hivemq-test-hivemq-platform] [hivemq-platform-operator] [5c057a65] 18:19:00.685 [ReconcilerExecutor-hivemq-controller-125] DEBUG c.h.p.o.HiveMQPlatformReconciler - [helmmoni] StatefulSet Spec (replicas: 2, init containers: 1, containers: 1, volumes: 3)
2025-01-30 18:19:00,691 INFO c.h.h.t.HelmChartContainer - [hivemq-test-hivemq-platform] [hivemq-platform-operator] [5c057a65] 18:19:00.687 [ReconcilerExecutor-hivemq-controller-125] DEBUG c.h.p.o.h.HiveMQPlatformReconcilerErrorHandler - [helmmoni] Pod 'test-hivemq-platform-1' phase Running
2025-01-30 18:19:00,692 INFO c.h.h.t.HelmChartContainer - [hivemq-test-hivemq-platform] [hivemq-platform-operator] [5c057a65] 18:19:00.689 [ReconcilerExecutor-hivemq-controller-125] DEBUG c.h.p.o.h.HiveMQPlatformReconcilerErrorHandler - [helmmoni] Pod 'test-hivemq-platform-0' phase Running
2025-01-30 18:19:03,738 INFO c.h.h.t.HelmChartContainer - [K3S] [dispatcher.go:205] Failed calling webhook, failing open prometheusrulemutate.monitoring.coreos.com: failed calling webhook "prometheusrulemutate.monitoring.coreos.com": failed to call webhook: Post "https://monitoring-stack-kube-prom-operator.monitoring.svc:443/admission-prometheusrules/validate?timeout=10s": service "monitoring-stack-kube-prom-operator" not found
2025-01-30 18:19:03,738 INFO c.h.h.t.HelmChartContainer - [K3S] [dispatcher.go:213] "Unhandled Error" err="failed calling webhook \"prometheusrulemutate.monitoring.coreos.com\": failed to call webhook: Post \"https://monitoring-stack-kube-prom-operator.monitoring.svc:443/admission-prometheusrules/validate?timeout=10s\": service \"monitoring-stack-kube-prom-operator\" not found"
2025-01-30 18:19:03,789 INFO c.h.h.t.HelmChartContainer - [K3S] [dispatcher.go:205] Failed calling webhook, failing open prometheusrulemutate.monitoring.coreos.com: failed calling webhook "prometheusrulemutate.monitoring.coreos.com": failed to call webhook: Post "https://monitoring-stack-kube-prom-operator.monitoring.svc:443/admission-prometheusrules/validate?timeout=10s": service "monitoring-stack-kube-prom-operator" not found
2025-01-30 18:19:03,789 INFO c.h.h.t.HelmChartContainer - [K3S] [dispatcher.go:213] "Unhandled Error" err="failed calling webhook \"prometheusrulemutate.monitoring.coreos.com\": failed to call webhook: Post \"https://monitoring-stack-kube-prom-operator.monitoring.svc:443/admission-prometheusrules/validate?timeout=10s\": service \"monitoring-stack-kube-prom-operator\" not found"
2025-01-30 18:19:03,962 INFO c.h.h.t.HelmChartContainer - [K3S] [dispatcher.go:205] Failed calling webhook, failing open prometheusrulemutate.monitoring.coreos.com: failed calling webhook "prometheusrulemutate.monitoring.coreos.com": failed to call webhook: Post "https://monitoring-stack-kube-prom-operator.monitoring.svc:443/admission-prometheusrules/validate?timeout=10s": service "monitoring-stack-kube-prom-operator" not found
2025-01-30 18:19:03,962 INFO c.h.h.t.HelmChartContainer - [K3S] [dispatcher.go:213] "Unhandled Error" err="failed calling webhook \"prometheusrulemutate.monitoring.coreos.com\": failed to call webhook: Post \"https://monitoring-stack-kube-prom-operator.monitoring.svc:443/admission-prometheusrules/validate?timeout=10s\": service \"monitoring-stack-kube-prom-operator\" not found"
2025-01-30 18:19:03,988 INFO c.h.h.t.HelmChartContainer - [K3S] [dispatcher.go:205] Failed calling webhook, failing open prometheusrulemutate.monitoring.coreos.com: failed calling webhook "prometheusrulemutate.monitoring.coreos.com": failed to call webhook: Post "https://monitoring-stack-kube-prom-operator.monitoring.svc:443/admission-prometheusrules/validate?timeout=10s": service "monitoring-stack-kube-prom-operator" not found
2025-01-30 18:19:03,988 INFO c.h.h.t.HelmChartContainer - [K3S] [dispatcher.go:213] "Unhandled Error" err="failed calling webhook \"prometheusrulemutate.monitoring.coreos.com\": failed to call webhook: Post \"https://monitoring-stack-kube-prom-operator.monitoring.svc:443/admission-prometheusrules/validate?timeout=10s\": service \"monitoring-stack-kube-prom-operator\" not found"
2025-01-30 18:19:04,112 INFO c.h.h.t.HelmChartContainer - [K3S] [dispatcher.go:205] Failed calling webhook, failing open prometheusrulemutate.monitoring.coreos.com: failed calling webhook "prometheusrulemutate.monitoring.coreos.com": failed to call webhook: Post "https://monitoring-stack-kube-prom-operator.monitoring.svc:443/admission-prometheusrules/validate?timeout=10s": service "monitoring-stack-kube-prom-operator" not found
2025-01-30 18:19:04,112 INFO c.h.h.t.HelmChartContainer - [K3S] [dispatcher.go:213] "Unhandled Error" err="failed calling webhook \"prometheusrulemutate.monitoring.coreos.com\": failed to call webhook: Post \"https://monitoring-stack-kube-prom-operator.monitoring.svc:443/admission-prometheusrules/validate?timeout=10s\": service \"monitoring-stack-kube-prom-operator\" not found"
2025-01-30 18:19:04,213 INFO c.h.h.t.HelmChartContainer - [K3S] [dispatcher.go:205] Failed calling webhook, failing open prometheusrulemutate.monitoring.coreos.com: failed calling webhook "prometheusrulemutate.monitoring.coreos.com": failed to call webhook: Post "https://monitoring-stack-kube-prom-operator.monitoring.svc:443/admission-prometheusrules/validate?timeout=10s": service "monitoring-stack-kube-prom-operator" not found
2025-01-30 18:19:04,213 INFO c.h.h.t.HelmChartContainer - [K3S] [dispatcher.go:213] "Unhandled Error" err="failed calling webhook \"prometheusrulemutate.monitoring.coreos.com\": failed to call webhook: Post \"https://monitoring-stack-kube-prom-operator.monitoring.svc:443/admission-prometheusrules/validate?timeout=10s\": service \"monitoring-stack-kube-prom-operator\" not found"
2025-01-30 18:19:04,437 INFO c.h.h.t.HelmChartContainer - [K3S] [dispatcher.go:205] Failed calling webhook, failing open prometheusrulemutate.monitoring.coreos.com: failed calling webhook "prometheusrulemutate.monitoring.coreos.com": failed to call webhook: Post "https://monitoring-stack-kube-prom-operator.monitoring.svc:443/admission-prometheusrules/validate?timeout=10s": service "monitoring-stack-kube-prom-operator" not found
2025-01-30 18:19:04,437 INFO c.h.h.t.HelmChartContainer - [K3S] [dispatcher.go:213] "Unhandled Error" err="failed calling webhook \"prometheusrulemutate.monitoring.coreos.com\": failed to call webhook: Post \"https://monitoring-stack-kube-prom-operator.monitoring.svc:443/admission-prometheusrules/validate?timeout=10s\": service \"monitoring-stack-kube-prom-operator\" not found"
2025-01-30 18:19:04,513 INFO c.h.h.t.HelmChartContainer - [K3S] [dispatcher.go:205] Failed calling webhook, failing open prometheusrulemutate.monitoring.coreos.com: failed calling webhook "prometheusrulemutate.monitoring.coreos.com": failed to call webhook: Post "https://monitoring-stack-kube-prom-operator.monitoring.svc:443/admission-prometheusrules/validate?timeout=10s": service "monitoring-stack-kube-prom-operator" not found
2025-01-30 18:19:04,513 INFO c.h.h.t.HelmChartContainer - [K3S] [dispatcher.go:213] "Unhandled Error" err="failed calling webhook \"prometheusrulemutate.monitoring.coreos.com\": failed to call webhook: Post \"https://monitoring-stack-kube-prom-operator.monitoring.svc:443/admission-prometheusrules/validate?timeout=10s\": service \"monitoring-stack-kube-prom-operator\" not found"
2025-01-30 18:19:04,565 INFO c.h.h.t.HelmChartContainer - [K3S] [dispatcher.go:205] Failed calling webhook, failing open prometheusrulemutate.monitoring.coreos.com: failed calling webhook "prometheusrulemutate.monitoring.coreos.com": failed to call webhook: Post "https://monitoring-stack-kube-prom-operator.monitoring.svc:443/admission-prometheusrules/validate?timeout=10s": service "monitoring-stack-kube-prom-operator" not found
2025-01-30 18:19:04,565 INFO c.h.h.t.HelmChartContainer - [K3S] [dispatcher.go:213] "Unhandled Error" err="failed calling webhook \"prometheusrulemutate.monitoring.coreos.com\": failed to call webhook: Post \"https://monitoring-stack-kube-prom-operator.monitoring.svc:443/admission-prometheusrules/validate?timeout=10s\": service \"monitoring-stack-kube-prom-operator\" not found"
2025-01-30 18:19:04,588 INFO c.h.h.t.HelmChartContainer - [K3S] [dispatcher.go:205] Failed calling webhook, failing open prometheusrulemutate.monitoring.coreos.com: failed calling webhook "prometheusrulemutate.monitoring.coreos.com": failed to call webhook: Post "https://monitoring-stack-kube-prom-operator.monitoring.svc:443/admission-prometheusrules/validate?timeout=10s": service "monitoring-stack-kube-prom-operator" not found
2025-01-30 18:19:04,588 INFO c.h.h.t.HelmChartContainer - [K3S] [dispatcher.go:213] "Unhandled Error" err="failed calling webhook \"prometheusrulemutate.monitoring.coreos.com\": failed to call webhook: Post \"https://monitoring-stack-kube-prom-operator.monitoring.svc:443/admission-prometheusrules/validate?timeout=10s\": service \"monitoring-stack-kube-prom-operator\" not found"
2025-01-30 18:19:04,688 INFO c.h.h.t.HelmChartContainer - [K3S] [dispatcher.go:205] Failed calling webhook, failing open prometheusrulemutate.monitoring.coreos.com: failed calling webhook "prometheusrulemutate.monitoring.coreos.com": failed to call webhook: Post "https://monitoring-stack-kube-prom-operator.monitoring.svc:443/admission-prometheusrules/validate?timeout=10s": service "monitoring-stack-kube-prom-operator" not found
2025-01-30 18:19:04,688 INFO c.h.h.t.HelmChartContainer - [K3S] [dispatcher.go:213] "Unhandled Error" err="failed calling webhook \"prometheusrulemutate.monitoring.coreos.com\": failed to call webhook: Post \"https://monitoring-stack-kube-prom-operator.monitoring.svc:443/admission-prometheusrules/validate?timeout=10s\": service \"monitoring-stack-kube-prom-operator\" not found"
2025-01-30 18:19:04,763 INFO c.h.h.t.HelmChartContainer - [K3S] [dispatcher.go:205] Failed calling webhook, failing open prometheusrulemutate.monitoring.coreos.com: failed calling webhook "prometheusrulemutate.monitoring.coreos.com": failed to call webhook: Post "https://monitoring-stack-kube-prom-operator.monitoring.svc:443/admission-prometheusrules/validate?timeout=10s": service "monitoring-stack-kube-prom-operator" not found
2025-01-30 18:19:04,763 INFO c.h.h.t.HelmChartContainer - [K3S] [dispatcher.go:213] "Unhandled Error" err="failed calling webhook \"prometheusrulemutate.monitoring.coreos.com\": failed to call webhook: Post \"https://monitoring-stack-kube-prom-operator.monitoring.svc:443/admission-prometheusrules/validate?timeout=10s\": service \"monitoring-stack-kube-prom-operator\" not found"
2025-01-30 18:19:04,812 INFO c.h.h.t.HelmChartContainer - [K3S] [dispatcher.go:205] Failed calling webhook, failing open prometheusrulemutate.monitoring.coreos.com: failed calling webhook "prometheusrulemutate.monitoring.coreos.com": failed to call webhook: Post "https://monitoring-stack-kube-prom-operator.monitoring.svc:443/admission-prometheusrules/validate?timeout=10s": service "monitoring-stack-kube-prom-operator" not found
2025-01-30 18:19:04,813 INFO c.h.h.t.HelmChartContainer - [K3S] [dispatcher.go:213] "Unhandled Error" err="failed calling webhook \"prometheusrulemutate.monitoring.coreos.com\": failed to call webhook: Post \"https://monitoring-stack-kube-prom-operator.monitoring.svc:443/admission-prometheusrules/validate?timeout=10s\": service \"monitoring-stack-kube-prom-operator\" not found"
2025-01-30 18:19:04,837 INFO c.h.h.t.HelmChartContainer - [K3S] [dispatcher.go:205] Failed calling webhook, failing open prometheusrulemutate.monitoring.coreos.com: failed calling webhook "prometheusrulemutate.monitoring.coreos.com": failed to call webhook: Post "https://monitoring-stack-kube-prom-operator.monitoring.svc:443/admission-prometheusrules/validate?timeout=10s": service "monitoring-stack-kube-prom-operator" not found
2025-01-30 18:19:04,837 INFO c.h.h.t.HelmChartContainer - [K3S] [dispatcher.go:213] "Unhandled Error" err="failed calling webhook \"prometheusrulemutate.monitoring.coreos.com\": failed to call webhook: Post \"https://monitoring-stack-kube-prom-operator.monitoring.svc:443/admission-prometheusrules/validate?timeout=10s\": service \"monitoring-stack-kube-prom-operator\" not found"
2025-01-30 18:19:04,863 INFO c.h.h.t.HelmChartContainer - [K3S] [dispatcher.go:205] Failed calling webhook, failing open prometheusrulemutate.monitoring.coreos.com: failed calling webhook "prometheusrulemutate.monitoring.coreos.com": failed to call webhook: Post "https://monitoring-stack-kube-prom-operator.monitoring.svc:443/admission-prometheusrules/validate?timeout=10s": service "monitoring-stack-kube-prom-operator" not found
2025-01-30 18:19:04,863 INFO c.h.h.t.HelmChartContainer - [K3S] [dispatcher.go:213] "Unhandled Error" err="failed calling webhook \"prometheusrulemutate.monitoring.coreos.com\": failed to call webhook: Post \"https://monitoring-stack-kube-prom-operator.monitoring.svc:443/admission-prometheusrules/validate?timeout=10s\": service \"monitoring-stack-kube-prom-operator\" not found"
2025-01-30 18:19:04,887 INFO c.h.h.t.HelmChartContainer - [K3S] [dispatcher.go:205] Failed calling webhook, failing open prometheusrulemutate.monitoring.coreos.com: failed calling webhook "prometheusrulemutate.monitoring.coreos.com": failed to call webhook: Post "https://monitoring-stack-kube-prom-operator.monitoring.svc:443/admission-prometheusrules/validate?timeout=10s": service "monitoring-stack-kube-prom-operator" not found
2025-01-30 18:19:04,887 INFO c.h.h.t.HelmChartContainer - [K3S] [dispatcher.go:213] "Unhandled Error" err="failed calling webhook \"prometheusrulemutate.monitoring.coreos.com\": failed to call webhook: Post \"https://monitoring-stack-kube-prom-operator.monitoring.svc:443/admission-prometheusrules/validate?timeout=10s\": service \"monitoring-stack-kube-prom-operator\" not found"
2025-01-30 18:19:04,912 INFO c.h.h.t.HelmChartContainer - [K3S] [dispatcher.go:205] Failed calling webhook, failing open prometheusrulemutate.monitoring.coreos.com: failed calling webhook "prometheusrulemutate.monitoring.coreos.com": failed to call webhook: Post "https://monitoring-stack-kube-prom-operator.monitoring.svc:443/admission-prometheusrules/validate?timeout=10s": service "monitoring-stack-kube-prom-operator" not found
2025-01-30 18:19:04,912 INFO c.h.h.t.HelmChartContainer - [K3S] [dispatcher.go:213] "Unhandled Error" err="failed calling webhook \"prometheusrulemutate.monitoring.coreos.com\": failed to call webhook: Post \"https://monitoring-stack-kube-prom-operator.monitoring.svc:443/admission-prometheusrules/validate?timeout=10s\": service \"monitoring-stack-kube-prom-operator\" not found"
2025-01-30 18:19:05,038 INFO c.h.h.t.HelmChartContainer - [K3S] [dispatcher.go:205] Failed calling webhook, failing open prometheusrulemutate.monitoring.coreos.com: failed calling webhook "prometheusrulemutate.monitoring.coreos.com": failed to call webhook: Post "https://monitoring-stack-kube-prom-operator.monitoring.svc:443/admission-prometheusrules/validate?timeout=10s": service "monitoring-stack-kube-prom-operator" not found
2025-01-30 18:19:05,038 INFO c.h.h.t.HelmChartContainer - [K3S] [dispatcher.go:213] "Unhandled Error" err="failed calling webhook \"prometheusrulemutate.monitoring.coreos.com\": failed to call webhook: Post \"https://monitoring-stack-kube-prom-operator.monitoring.svc:443/admission-prometheusrules/validate?timeout=10s\": service \"monitoring-stack-kube-prom-operator\" not found"
2025-01-30 18:19:05,138 INFO c.h.h.t.HelmChartContainer - [K3S] [dispatcher.go:205] Failed calling webhook, failing open prometheusrulemutate.monitoring.coreos.com: failed calling webhook "prometheusrulemutate.monitoring.coreos.com": failed to call webhook: Post "https://monitoring-stack-kube-prom-operator.monitoring.svc:443/admission-prometheusrules/validate?timeout=10s": service "monitoring-stack-kube-prom-operator" not found
2025-01-30 18:19:05,138 INFO c.h.h.t.HelmChartContainer - [K3S] [dispatcher.go:213] "Unhandled Error" err="failed calling webhook \"prometheusrulemutate.monitoring.coreos.com\": failed to call webhook: Post \"https://monitoring-stack-kube-prom-operator.monitoring.svc:443/admission-prometheusrules/validate?timeout=10s\": service \"monitoring-stack-kube-prom-operator\" not found"
2025-01-30 18:19:05,164 INFO c.h.h.t.HelmChartContainer - [K3S] [dispatcher.go:205] Failed calling webhook, failing open prometheusrulemutate.monitoring.coreos.com: failed calling webhook "prometheusrulemutate.monitoring.coreos.com": failed to call webhook: Post "https://monitoring-stack-kube-prom-operator.monitoring.svc:443/admission-prometheusrules/validate?timeout=10s": service "monitoring-stack-kube-prom-operator" not found
2025-01-30 18:19:05,164 INFO c.h.h.t.HelmChartContainer - [K3S] [dispatcher.go:213] "Unhandled Error" err="failed calling webhook \"prometheusrulemutate.monitoring.coreos.com\": failed to call webhook: Post \"https://monitoring-stack-kube-prom-operator.monitoring.svc:443/admission-prometheusrules/validate?timeout=10s\": service \"monitoring-stack-kube-prom-operator\" not found"
2025-01-30 18:19:05,237 INFO c.h.h.t.HelmChartContainer - [K3S] [dispatcher.go:205] Failed calling webhook, failing open prometheusrulemutate.monitoring.coreos.com: failed calling webhook "prometheusrulemutate.monitoring.coreos.com": failed to call webhook: Post "https://monitoring-stack-kube-prom-operator.monitoring.svc:443/admission-prometheusrules/validate?timeout=10s": service "monitoring-stack-kube-prom-operator" not found
2025-01-30 18:19:05,237 INFO c.h.h.t.HelmChartContainer - [K3S] [dispatcher.go:213] "Unhandled Error" err="failed calling webhook \"prometheusrulemutate.monitoring.coreos.com\": failed to call webhook: Post \"https://monitoring-stack-kube-prom-operator.monitoring.svc:443/admission-prometheusrules/validate?timeout=10s\": service \"monitoring-stack-kube-prom-operator\" not found"
2025-01-30 18:19:05,288 INFO c.h.h.t.HelmChartContainer - [K3S] [dispatcher.go:205] Failed calling webhook, failing open prometheusrulemutate.monitoring.coreos.com: failed calling webhook "prometheusrulemutate.monitoring.coreos.com": failed to call webhook: Post "https://monitoring-stack-kube-prom-operator.monitoring.svc:443/admission-prometheusrules/validate?timeout=10s": service "monitoring-stack-kube-prom-operator" not found
2025-01-30 18:19:05,288 INFO c.h.h.t.HelmChartContainer - [K3S] [dispatcher.go:213] "Unhandled Error" err="failed calling webhook \"prometheusrulemutate.monitoring.coreos.com\": failed to call webhook: Post \"https://monitoring-stack-kube-prom-operator.monitoring.svc:443/admission-prometheusrules/validate?timeout=10s\": service \"monitoring-stack-kube-prom-operator\" not found"
2025-01-30 18:19:05,438 INFO c.h.h.t.HelmChartContainer - [K3S] [authentication.go:74] "Unable to authenticate the request" err="[invalid bearer token, serviceaccounts \"monitoring-stack-kube-prom-prometheus\" not found]"
2025-01-30 18:19:05,464 INFO c.h.h.t.HelmChartContainer - [K3S] [dispatcher.go:205] Failed calling webhook, failing open prometheusrulemutate.monitoring.coreos.com: failed calling webhook "prometheusrulemutate.monitoring.coreos.com": failed to call webhook: Post "https://monitoring-stack-kube-prom-operator.monitoring.svc:443/admission-prometheusrules/validate?timeout=10s": service "monitoring-stack-kube-prom-operator" not found
2025-01-30 18:19:05,464 INFO c.h.h.t.HelmChartContainer - [K3S] [dispatcher.go:213] "Unhandled Error" err="failed calling webhook \"prometheusrulemutate.monitoring.coreos.com\": failed to call webhook: Post \"https://monitoring-stack-kube-prom-operator.monitoring.svc:443/admission-prometheusrules/validate?timeout=10s\": service \"monitoring-stack-kube-prom-operator\" not found"
2025-01-30 18:19:05,488 INFO c.h.h.t.HelmChartContainer - [K3S] [dispatcher.go:205] Failed calling webhook, failing open prometheusrulemutate.monitoring.coreos.com: failed calling webhook "prometheusrulemutate.monitoring.coreos.com": failed to call webhook: Post "https://monitoring-stack-kube-prom-operator.monitoring.svc:443/admission-prometheusrules/validate?timeout=10s": service "monitoring-stack-kube-prom-operator" not found
2025-01-30 18:19:05,488 INFO c.h.h.t.HelmChartContainer - [K3S] [dispatcher.go:213] "Unhandled Error" err="failed calling webhook \"prometheusrulemutate.monitoring.coreos.com\": failed to call webhook: Post \"https://monitoring-stack-kube-prom-operator.monitoring.svc:443/admission-prometheusrules/validate?timeout=10s\": service \"monitoring-stack-kube-prom-operator\" not found"
2025-01-30 18:19:05,613 INFO c.h.h.t.HelmChartContainer - [K3S] [dispatcher.go:205] Failed calling webhook, failing open prometheusrulemutate.monitoring.coreos.com: failed calling webhook "prometheusrulemutate.monitoring.coreos.com": failed to call webhook: Post "https://monitoring-stack-kube-prom-operator.monitoring.svc:443/admission-prometheusrules/validate?timeout=10s": service "monitoring-stack-kube-prom-operator" not found
2025-01-30 18:19:05,613 INFO c.h.h.t.HelmChartContainer - [K3S] [dispatcher.go:213] "Unhandled Error" err="failed calling webhook \"prometheusrulemutate.monitoring.coreos.com\": failed to call webhook: Post \"https://monitoring-stack-kube-prom-operator.monitoring.svc:443/admission-prometheusrules/validate?timeout=10s\": service \"monitoring-stack-kube-prom-operator\" not found"
2025-01-30 18:19:05,714 INFO c.h.h.t.HelmChartContainer - [K3S] [dispatcher.go:205] Failed calling webhook, failing open prometheusrulemutate.monitoring.coreos.com: failed calling webhook "prometheusrulemutate.monitoring.coreos.com": failed to call webhook: Post "https://monitoring-stack-kube-prom-operator.monitoring.svc:443/admission-prometheusrules/validate?timeout=10s": service "monitoring-stack-kube-prom-operator" not found
2025-01-30 18:19:05,714 INFO c.h.h.t.HelmChartContainer - [K3S] [dispatcher.go:213] "Unhandled Error" err="failed calling webhook \"prometheusrulemutate.monitoring.coreos.com\": failed to call webhook: Post \"https://monitoring-stack-kube-prom-operator.monitoring.svc:443/admission-prometheusrules/validate?timeout=10s\": service \"monitoring-stack-kube-prom-operator\" not found"
2025-01-30 18:19:05,940 INFO c.h.h.t.HelmChartContainer - [K3S] [dispatcher.go:205] Failed calling webhook, failing open prometheusrulemutate.monitoring.coreos.com: failed calling webhook "prometheusrulemutate.monitoring.coreos.com": failed to call webhook: Post "https://monitoring-stack-kube-prom-operator.monitoring.svc:443/admission-prometheusrules/validate?timeout=10s": service "monitoring-stack-kube-prom-operator" not found
2025-01-30 18:19:05,941 INFO c.h.h.t.HelmChartContainer - [K3S] [dispatcher.go:213] "Unhandled Error" err="failed calling webhook \"prometheusrulemutate.monitoring.coreos.com\": failed to call webhook: Post \"https://monitoring-stack-kube-prom-operator.monitoring.svc:443/admission-prometheusrules/validate?timeout=10s\": service \"monitoring-stack-kube-prom-operator\" not found"
2025-01-30 18:19:06,013 INFO c.h.h.t.HelmChartContainer - [K3S] [dispatcher.go:205] Failed calling webhook, failing open prometheusrulemutate.monitoring.coreos.com: failed calling webhook "prometheusrulemutate.monitoring.coreos.com": failed to call webhook: Post "https://monitoring-stack-kube-prom-operator.monitoring.svc:443/admission-prometheusrules/validate?timeout=10s": service "monitoring-stack-kube-prom-operator" not found
2025-01-30 18:19:06,013 INFO c.h.h.t.HelmChartContainer - [K3S] [dispatcher.go:213] "Unhandled Error" err="failed calling webhook \"prometheusrulemutate.monitoring.coreos.com\": failed to call webhook: Post \"https://monitoring-stack-kube-prom-operator.monitoring.svc:443/admission-prometheusrules/validate?timeout=10s\": service \"monitoring-stack-kube-prom-operator\" not found"
2025-01-30 18:19:06,064 INFO c.h.h.t.HelmChartContainer - [K3S] [dispatcher.go:205] Failed calling webhook, failing open prometheusrulemutate.monitoring.coreos.com: failed calling webhook "prometheusrulemutate.monitoring.coreos.com": failed to call webhook: Post "https://monitoring-stack-kube-prom-operator.monitoring.svc:443/admission-prometheusrules/validate?timeout=10s": service "monitoring-stack-kube-prom-operator" not found
2025-01-30 18:19:06,064 INFO c.h.h.t.HelmChartContainer - [K3S] [dispatcher.go:213] "Unhandled Error" err="failed calling webhook \"prometheusrulemutate.monitoring.coreos.com\": failed to call webhook: Post \"https://monitoring-stack-kube-prom-operator.monitoring.svc:443/admission-prometheusrules/validate?timeout=10s\": service \"monitoring-stack-kube-prom-operator\" not found"
2025-01-30 18:19:06,088 INFO c.h.h.t.HelmChartContainer - [K3S] [dispatcher.go:205] Failed calling webhook, failing open prometheusrulemutate.monitoring.coreos.com: failed calling webhook "prometheusrulemutate.monitoring.coreos.com": failed to call webhook: Post "https://monitoring-stack-kube-prom-operator.monitoring.svc:443/admission-prometheusrules/validate?timeout=10s": service "monitoring-stack-kube-prom-operator" not found
2025-01-30 18:19:06,088 INFO c.h.h.t.HelmChartContainer - [K3S] [dispatcher.go:213] "Unhandled Error" err="failed calling webhook \"prometheusrulemutate.monitoring.coreos.com\": failed to call webhook: Post \"https://monitoring-stack-kube-prom-operator.monitoring.svc:443/admission-prometheusrules/validate?timeout=10s\": service \"monitoring-stack-kube-prom-operator\" not found"
2025-01-30 18:19:06,187 INFO c.h.h.t.HelmChartContainer - [K3S] [dispatcher.go:205] Failed calling webhook, failing open prometheusrulemutate.monitoring.coreos.com: failed calling webhook "prometheusrulemutate.monitoring.coreos.com": failed to call webhook: Post "https://monitoring-stack-kube-prom-operator.monitoring.svc:443/admission-prometheusrules/validate?timeout=10s": service "monitoring-stack-kube-prom-operator" not found
2025-01-30 18:19:06,187 INFO c.h.h.t.HelmChartContainer - [K3S] [dispatcher.go:213] "Unhandled Error" err="failed calling webhook \"prometheusrulemutate.monitoring.coreos.com\": failed to call webhook: Post \"https://monitoring-stack-kube-prom-operator.monitoring.svc:443/admission-prometheusrules/validate?timeout=10s\": service \"monitoring-stack-kube-prom-operator\" not found"
2025-01-30 18:19:06,263 INFO c.h.h.t.HelmChartContainer - [K3S] [dispatcher.go:205] Failed calling webhook, failing open prometheusrulemutate.monitoring.coreos.com: failed calling webhook "prometheusrulemutate.monitoring.coreos.com": failed to call webhook: Post "https://monitoring-stack-kube-prom-operator.monitoring.svc:443/admission-prometheusrules/validate?timeout=10s": service "monitoring-stack-kube-prom-operator" not found
2025-01-30 18:19:06,263 INFO c.h.h.t.HelmChartContainer - [K3S] [dispatcher.go:213] "Unhandled Error" err="failed calling webhook \"prometheusrulemutate.monitoring.coreos.com\": failed to call webhook: Post \"https://monitoring-stack-kube-prom-operator.monitoring.svc:443/admission-prometheusrules/validate?timeout=10s\": service \"monitoring-stack-kube-prom-operator\" not found"
2025-01-30 18:19:06,312 INFO c.h.h.t.HelmChartContainer - [K3S] [dispatcher.go:205] Failed calling webhook, failing open prometheusrulemutate.monitoring.coreos.com: failed calling webhook "prometheusrulemutate.monitoring.coreos.com": failed to call webhook: Post "https://monitoring-stack-kube-prom-operator.monitoring.svc:443/admission-prometheusrules/validate?timeout=10s": service "monitoring-stack-kube-prom-operator" not found
2025-01-30 18:19:06,312 INFO c.h.h.t.HelmChartContainer - [K3S] [dispatcher.go:213] "Unhandled Error" err="failed calling webhook \"prometheusrulemutate.monitoring.coreos.com\": failed to call webhook: Post \"https://monitoring-stack-kube-prom-operator.monitoring.svc:443/admission-prometheusrules/validate?timeout=10s\": service \"monitoring-stack-kube-prom-operator\" not found"
2025-01-30 18:19:06,338 INFO c.h.h.t.HelmChartContainer - [K3S] [dispatcher.go:205] Failed calling webhook, failing open prometheusrulemutate.monitoring.coreos.com: failed calling webhook "prometheusrulemutate.monitoring.coreos.com": failed to call webhook: Post "https://monitoring-stack-kube-prom-operator.monitoring.svc:443/admission-prometheusrules/validate?timeout=10s": service "monitoring-stack-kube-prom-operator" not found
2025-01-30 18:19:06,338 INFO c.h.h.t.HelmChartContainer - [K3S] [dispatcher.go:213] "Unhandled Error" err="failed calling webhook \"prometheusrulemutate.monitoring.coreos.com\": failed to call webhook: Post \"https://monitoring-stack-kube-prom-operator.monitoring.svc:443/admission-prometheusrules/validate?timeout=10s\": service \"monitoring-stack-kube-prom-operator\" not found"
2025-01-30 18:19:06,364 INFO c.h.h.t.HelmChartContainer - [K3S] [dispatcher.go:205] Failed calling webhook, failing open prometheusrulemutate.monitoring.coreos.com: failed calling webhook "prometheusrulemutate.monitoring.coreos.com": failed to call webhook: Post "https://monitoring-stack-kube-prom-operator.monitoring.svc:443/admission-prometheusrules/validate?timeout=10s": service "monitoring-stack-kube-prom-operator" not found
2025-01-30 18:19:06,364 INFO c.h.h.t.HelmChartContainer - [K3S] [dispatcher.go:213] "Unhandled Error" err="failed calling webhook \"prometheusrulemutate.monitoring.coreos.com\": failed to call webhook: Post \"https://monitoring-stack-kube-prom-operator.monitoring.svc:443/admission-prometheusrules/validate?timeout=10s\": service \"monitoring-stack-kube-prom-operator\" not found"
2025-01-30 18:19:07,345 INFO c.h.h.t.HelmChartContainer - [K3S] [server.go:321] "Unable to authenticate the request due to an error" err="[invalid bearer token, serviceaccounts \"monitoring-stack-kube-prom-prometheus\" not found]"
2025-01-30 18:19:07,444 INFO c.h.h.t.HelmChartContainer - [K3S] [authentication.go:74] "Unable to authenticate the request" err="[invalid bearer token, serviceaccounts \"monitoring-stack-kube-prom-operator\" not found]"
2025-01-30 18:19:07,448 INFO c.h.h.t.HelmChartContainer - [K3S] [authentication.go:74] "Unable to authenticate the request" err="[invalid bearer token, serviceaccounts \"monitoring-stack-kube-prom-operator\" not found]"
2025-01-30 18:19:07,522 INFO c.h.h.t.HelmChartContainer - [K3S] [authentication.go:74] "Unable to authenticate the request" err="[invalid bearer token, serviceaccounts \"monitoring-stack-kube-prom-operator\" not found]"
2025-01-30 18:19:07,525 INFO c.h.h.t.HelmChartContainer - [K3S] [authentication.go:74] "Unable to authenticate the request" err="[invalid bearer token, serviceaccounts \"monitoring-stack-kube-prom-operator\" not found]"
2025-01-30 18:19:08,093 INFO c.h.h.t.HelmChartContainer - [POD] monitoring-stack-kube-prom-operator-6998896c-2tw7p [f0affbc8-63cb-4daa-b16e-8f9a9e28f60d] in monitoring was MODIFIED
2025-01-30 18:19:08,096 INFO c.h.h.t.HelmChartContainer - [EVENT] Normal [Killing] Stopping container kube-prometheus-stack [monitoring:monitoring-stack-kube-prom-operator-6998896c-2tw7p]
2025-01-30 18:19:08,097 INFO c.h.h.t.HelmChartContainer - [K3S] [replica_set.go:679] "Finished syncing" kind="ReplicaSet" key="monitoring/monitoring-stack-kube-prom-operator-6998896c" duration="6.452769ms"
2025-01-30 18:19:08,097 INFO c.h.h.t.HelmChartContainer - [K3S] [replica_set.go:679] "Finished syncing" kind="ReplicaSet" key="monitoring/monitoring-stack-kube-prom-operator-6998896c" duration="42.34µs"
2025-01-30 18:19:08,173 INFO c.h.h.t.HelmChartContainer - [POD] monitoring-stack-grafana-64c55fb967-48g66 [752b9cd4-ac84-4962-98e0-d9a197424e37] in monitoring was MODIFIED
2025-01-30 18:19:08,177 INFO c.h.h.t.HelmChartContainer - [EVENT] Normal [Killing] Stopping container grafana [monitoring:monitoring-stack-grafana-64c55fb967-48g66]
2025-01-30 18:19:08,182 INFO c.h.h.t.HelmChartContainer - [EVENT] Normal [Killing] Stopping container grafana-sc-datasources [monitoring:monitoring-stack-grafana-64c55fb967-48g66]
2025-01-30 18:19:08,186 INFO c.h.h.t.HelmChartContainer - [K3S] [replica_set.go:679] "Finished syncing" kind="ReplicaSet" key="monitoring/monitoring-stack-grafana-64c55fb967" duration="17.390998ms"
2025-01-30 18:19:08,194 INFO c.h.h.t.HelmChartContainer - [K3S] [replica_set.go:679] "Finished syncing" kind="ReplicaSet" key="monitoring/monitoring-stack-grafana-64c55fb967" duration="88.796µs"
2025-01-30 18:19:08,200 INFO c.h.h.t.HelmChartContainer - [EVENT] Normal [Killing] Stopping container grafana-sc-dashboard [monitoring:monitoring-stack-grafana-64c55fb967-48g66]
2025-01-30 18:19:08,276 INFO c.h.h.t.HelmChartContainer - [POD] monitoring-stack-kube-state-metrics-5bf5c7b54d-gtpqr [0d39cdd6-c06a-4e3d-9e5a-3283dd3f5aee] in monitoring was MODIFIED
2025-01-30 18:19:08,284 INFO c.h.h.t.HelmChartContainer - [EVENT] Normal [Killing] Stopping container kube-state-metrics [monitoring:monitoring-stack-kube-state-metrics-5bf5c7b54d-gtpqr]
2025-01-30 18:19:08,294 INFO c.h.h.t.HelmChartContainer - [K3S] [replica_set.go:679] "Finished syncing" kind="ReplicaSet" key="monitoring/monitoring-stack-kube-state-metrics-5bf5c7b54d" duration="15.813736ms"
2025-01-30 18:19:08,294 INFO c.h.h.t.HelmChartContainer - [K3S] [replica_set.go:679] "Finished syncing" kind="ReplicaSet" key="monitoring/monitoring-stack-kube-state-metrics-5bf5c7b54d" duration="46.998µs"
2025-01-30 18:19:08,299 INFO c.h.h.t.HelmChartContainer - [K3S] [replica_set.go:679] "Finished syncing" kind="ReplicaSet" key="monitoring/monitoring-stack-kube-prom-operator-6998896c" duration="35.526µs"
2025-01-30 18:19:08,299 INFO c.h.h.t.HelmChartContainer - [POD] monitoring-stack-kube-prom-operator-6998896c-2tw7p [f0affbc8-63cb-4daa-b16e-8f9a9e28f60d] in monitoring was MODIFIED
2025-01-30 18:19:08,344 INFO c.h.h.t.HelmChartContainer - [K3S] [reconciler_common.go:162] "operationExecutor.UnmountVolume started for volume \"kube-api-access-xhmms\" (UniqueName: \"kubernetes.io/projected/f0affbc8-63cb-4daa-b16e-8f9a9e28f60d-kube-api-access-xhmms\") pod \"f0affbc8-63cb-4daa-b16e-8f9a9e28f60d\" (UID: \"f0affbc8-63cb-4daa-b16e-8f9a9e28f60d\") "
2025-01-30 18:19:08,344 INFO c.h.h.t.HelmChartContainer - [K3S] [reconciler_common.go:162] "operationExecutor.UnmountVolume started for volume \"tls-secret\" (UniqueName: \"kubernetes.io/secret/f0affbc8-63cb-4daa-b16e-8f9a9e28f60d-tls-secret\") pod \"f0affbc8-63cb-4daa-b16e-8f9a9e28f60d\" (UID: \"f0affbc8-63cb-4daa-b16e-8f9a9e28f60d\") "
2025-01-30 18:19:08,443 INFO c.h.h.t.HelmChartContainer - [K3S] [reconciler_common.go:299] "Volume detached for volume \"kube-api-access-xhmms\" (UniqueName: \"kubernetes.io/projected/f0affbc8-63cb-4daa-b16e-8f9a9e28f60d-kube-api-access-xhmms\") on node \"66de24468ee4\" DevicePath \"\""
2025-01-30 18:19:08,444 INFO c.h.h.t.HelmChartContainer - [K3S] [reconciler_common.go:299] "Volume detached for volume \"tls-secret\" (UniqueName: \"kubernetes.io/secret/f0affbc8-63cb-4daa-b16e-8f9a9e28f60d-tls-secret\") on node \"66de24468ee4\" DevicePath \"\""
2025-01-30 18:19:08,479 INFO c.h.h.t.HelmChartContainer - [K3S] [replica_set.go:679] "Finished syncing" kind="ReplicaSet" key="monitoring/monitoring-stack-kube-state-metrics-5bf5c7b54d" duration="57.668µs"
2025-01-30 18:19:08,482 INFO c.h.h.t.HelmChartContainer - [POD] monitoring-stack-kube-state-metrics-5bf5c7b54d-gtpqr [0d39cdd6-c06a-4e3d-9e5a-3283dd3f5aee] in monitoring was MODIFIED
2025-01-30 18:19:08,544 INFO c.h.h.t.HelmChartContainer - [K3S] [reconciler_common.go:162] "operationExecutor.UnmountVolume started for volume \"kube-api-access-2l7pc\" (UniqueName: \"kubernetes.io/projected/0d39cdd6-c06a-4e3d-9e5a-3283dd3f5aee-kube-api-access-2l7pc\") pod \"0d39cdd6-c06a-4e3d-9e5a-3283dd3f5aee\" (UID: \"0d39cdd6-c06a-4e3d-9e5a-3283dd3f5aee\") "
2025-01-30 18:19:08,572 INFO c.h.h.t.HelmChartContainer - [POD] alertmanager-monitoring-stack-kube-prom-alertmanager-0 [7f882230-7294-418f-b67d-7c35b9aa28f6] in monitoring was MODIFIED
2025-01-30 18:19:08,581 INFO c.h.h.t.HelmChartContainer - [EVENT] Normal [Killing] Stopping container alertmanager [monitoring:alertmanager-monitoring-stack-kube-prom-alertmanager-0]
2025-01-30 18:19:08,585 INFO c.h.h.t.HelmChartContainer - [POD] monitoring-stack-grafana-64c55fb967-48g66 [752b9cd4-ac84-4962-98e0-d9a197424e37] in monitoring was MODIFIED
2025-01-30 18:19:08,592 INFO c.h.h.t.HelmChartContainer - [EVENT] Normal [Killing] Stopping container config-reloader [monitoring:alertmanager-monitoring-stack-kube-prom-alertmanager-0]
2025-01-30 18:19:08,596 INFO c.h.h.t.HelmChartContainer - [K3S] [replica_set.go:679] "Finished syncing" kind="ReplicaSet" key="monitoring/monitoring-stack-grafana-64c55fb967" duration="125.235µs"
2025-01-30 18:19:08,645 INFO c.h.h.t.HelmChartContainer - [POD] prometheus-monitoring-stack-kube-prom-prometheus-0 [d1678913-5df6-46f6-8b5e-5e7e326558ab] in monitoring was MODIFIED
2025-01-30 18:19:08,654 INFO c.h.h.t.HelmChartContainer - [K3S] [reconciler_common.go:162] "operationExecutor.UnmountVolume started for volume \"sc-dashboard-provider\" (UniqueName: \"kubernetes.io/configmap/752b9cd4-ac84-4962-98e0-d9a197424e37-sc-dashboard-provider\") pod \"752b9cd4-ac84-4962-98e0-d9a197424e37\" (UID: \"752b9cd4-ac84-4962-98e0-d9a197424e37\") "
2025-01-30 18:19:08,654 INFO c.h.h.t.HelmChartContainer - [EVENT] Normal [Killing] Stopping container prometheus [monitoring:prometheus-monitoring-stack-kube-prom-prometheus-0]
2025-01-30 18:19:08,660 INFO c.h.h.t.HelmChartContainer - [K3S] [reconciler_common.go:162] "operationExecutor.UnmountVolume started for volume \"sc-datasources-volume\" (UniqueName: \"kubernetes.io/empty-dir/752b9cd4-ac84-4962-98e0-d9a197424e37-sc-datasources-volume\") pod \"752b9cd4-ac84-4962-98e0-d9a197424e37\" (UID: \"752b9cd4-ac84-4962-98e0-d9a197424e37\") "
2025-01-30 18:19:08,662 INFO c.h.h.t.HelmChartContainer - [K3S] [reconciler_common.go:162] "operationExecutor.UnmountVolume started for volume \"storage\" (UniqueName: \"kubernetes.io/empty-dir/752b9cd4-ac84-4962-98e0-d9a197424e37-storage\") pod \"752b9cd4-ac84-4962-98e0-d9a197424e37\" (UID: \"752b9cd4-ac84-4962-98e0-d9a197424e37\") "
2025-01-30 18:19:08,662 INFO c.h.h.t.HelmChartContainer - [K3S] [reconciler_common.go:162] "operationExecutor.UnmountVolume started for volume \"config\" (UniqueName: \"kubernetes.io/configmap/752b9cd4-ac84-4962-98e0-d9a197424e37-config\") pod \"752b9cd4-ac84-4962-98e0-d9a197424e37\" (UID: \"752b9cd4-ac84-4962-98e0-d9a197424e37\") "
2025-01-30 18:19:08,662 INFO c.h.h.t.HelmChartContainer - [K3S] [reconciler_common.go:162] "operationExecutor.UnmountVolume started for volume \"kube-api-access-tnv4n\" (UniqueName: \"kubernetes.io/projected/752b9cd4-ac84-4962-98e0-d9a197424e37-kube-api-access-tnv4n\") pod \"752b9cd4-ac84-4962-98e0-d9a197424e37\" (UID: \"752b9cd4-ac84-4962-98e0-d9a197424e37\") "
2025-01-30 18:19:08,662 INFO c.h.h.t.HelmChartContainer - [K3S] [reconciler_common.go:162] "operationExecutor.UnmountVolume started for volume \"sc-dashboard-volume\" (UniqueName: \"kubernetes.io/empty-dir/752b9cd4-ac84-4962-98e0-d9a197424e37-sc-dashboard-volume\") pod \"752b9cd4-ac84-4962-98e0-d9a197424e37\" (UID: \"752b9cd4-ac84-4962-98e0-d9a197424e37\") "
2025-01-30 18:19:08,662 INFO c.h.h.t.HelmChartContainer - [K3S] [reconciler_common.go:299] "Volume detached for volume \"kube-api-access-2l7pc\" (UniqueName: \"kubernetes.io/projected/0d39cdd6-c06a-4e3d-9e5a-3283dd3f5aee-kube-api-access-2l7pc\") on node \"66de24468ee4\" DevicePath \"\""
2025-01-30 18:19:08,665 INFO c.h.h.t.HelmChartContainer - [EVENT] Normal [Killing] Stopping container config-reloader [monitoring:prometheus-monitoring-stack-kube-prom-prometheus-0]
2025-01-30 18:19:08,761 INFO c.h.h.t.HelmChartContainer - [K3S] [reconciler_common.go:299] "Volume detached for volume \"kube-api-access-tnv4n\" (UniqueName: \"kubernetes.io/projected/752b9cd4-ac84-4962-98e0-d9a197424e37-kube-api-access-tnv4n\") on node \"66de24468ee4\" DevicePath \"\""
2025-01-30 18:19:08,762 INFO c.h.h.t.HelmChartContainer - [K3S] [reconciler_common.go:299] "Volume detached for volume \"sc-dashboard-volume\" (UniqueName: \"kubernetes.io/empty-dir/752b9cd4-ac84-4962-98e0-d9a197424e37-sc-dashboard-volume\") on node \"66de24468ee4\" DevicePath \"\""
2025-01-30 18:19:08,762 INFO c.h.h.t.HelmChartContainer - [K3S] [reconciler_common.go:299] "Volume detached for volume \"sc-dashboard-provider\" (UniqueName: \"kubernetes.io/configmap/752b9cd4-ac84-4962-98e0-d9a197424e37-sc-dashboard-provider\") on node \"66de24468ee4\" DevicePath \"\""
2025-01-30 18:19:08,762 INFO c.h.h.t.HelmChartContainer - [K3S] [reconciler_common.go:299] "Volume detached for volume \"sc-datasources-volume\" (UniqueName: \"kubernetes.io/empty-dir/752b9cd4-ac84-4962-98e0-d9a197424e37-sc-datasources-volume\") on node \"66de24468ee4\" DevicePath \"\""
2025-01-30 18:19:08,762 INFO c.h.h.t.HelmChartContainer - [K3S] [reconciler_common.go:299] "Volume detached for volume \"storage\" (UniqueName: \"kubernetes.io/empty-dir/752b9cd4-ac84-4962-98e0-d9a197424e37-storage\") on node \"66de24468ee4\" DevicePath \"\""
2025-01-30 18:19:08,763 INFO c.h.h.t.HelmChartContainer - [K3S] [reconciler_common.go:299] "Volume detached for volume \"config\" (UniqueName: \"kubernetes.io/configmap/752b9cd4-ac84-4962-98e0-d9a197424e37-config\") on node \"66de24468ee4\" DevicePath \"\""
2025-01-30 18:19:08,766 INFO c.h.h.t.HelmChartContainer - [K3S] [scope.go:117] "RemoveContainer" containerID="5fc7c414a29804ee26e156526a72a1838ec9c9b3e12b966779d05857781ffb4f"
2025-01-30 18:19:08,776 INFO c.h.h.t.HelmChartContainer - [POD] alertmanager-monitoring-stack-kube-prom-alertmanager-0 [7f882230-7294-418f-b67d-7c35b9aa28f6] in monitoring was MODIFIED
2025-01-30 18:19:08,778 INFO c.h.h.t.HelmChartContainer - [K3S] [scope.go:117] "RemoveContainer" containerID="5fc7c414a29804ee26e156526a72a1838ec9c9b3e12b966779d05857781ffb4f"
2025-01-30 18:19:08,779 INFO c.h.h.t.HelmChartContainer - [K3S] [scope.go:117] "RemoveContainer" containerID="edd301b725f11401662a7e022f8d89aab93648543de3313bea7507e58bee0a8e"
2025-01-30 18:19:08,788 INFO c.h.h.t.HelmChartContainer - [K3S] [scope.go:117] "RemoveContainer" containerID="40f401082795a4950cde6f636ce9d318f04895a459898bc41da55f0ea5cf09a6"
2025-01-30 18:19:08,795 INFO c.h.h.t.HelmChartContainer - [K3S] [scope.go:117] "RemoveContainer" containerID="40bec421ac59feee7def90b017378fccf19a1f464390b0e5ff90126b65d93329"
2025-01-30 18:19:08,804 INFO c.h.h.t.HelmChartContainer - [POD] monitoring-stack-kube-prom-operator-6998896c-2tw7p [f0affbc8-63cb-4daa-b16e-8f9a9e28f60d] in monitoring was MODIFIED
2025-01-30 18:19:08,806 INFO c.h.h.t.HelmChartContainer - [K3S] [scope.go:117] "RemoveContainer" containerID="edd301b725f11401662a7e022f8d89aab93648543de3313bea7507e58bee0a8e"
2025-01-30 18:19:08,806 INFO c.h.h.t.HelmChartContainer - [K3S] [replica_set.go:679] "Finished syncing" kind="ReplicaSet" key="monitoring/monitoring-stack-kube-prom-operator-6998896c" duration="98.294µs"
2025-01-30 18:19:08,807 INFO c.h.h.t.HelmChartContainer - [K3S] [scope.go:117] "RemoveContainer" containerID="40f401082795a4950cde6f636ce9d318f04895a459898bc41da55f0ea5cf09a6"
2025-01-30 18:19:08,809 INFO c.h.h.t.HelmChartContainer - [POD] monitoring-stack-kube-prom-operator-6998896c-2tw7p [f0affbc8-63cb-4daa-b16e-8f9a9e28f60d] in monitoring was DELETED
2025-01-30 18:19:08,814 INFO c.h.h.t.HelmChartContainer - [K3S] [scope.go:117] "RemoveContainer" containerID="40bec421ac59feee7def90b017378fccf19a1f464390b0e5ff90126b65d93329"
2025-01-30 18:19:08,814 INFO c.h.h.t.HelmChartContainer - [K3S] [scope.go:117] "RemoveContainer" containerID="edd301b725f11401662a7e022f8d89aab93648543de3313bea7507e58bee0a8e"
2025-01-30 18:19:08,815 INFO c.h.h.t.HelmChartContainer - [K3S] [replica_set.go:679] "Finished syncing" kind="ReplicaSet" key="monitoring/monitoring-stack-kube-prom-operator-6998896c" duration="46.808µs"
2025-01-30 18:19:08,815 INFO c.h.h.t.HelmChartContainer - [K3S] [scope.go:117] "RemoveContainer" containerID="40f401082795a4950cde6f636ce9d318f04895a459898bc41da55f0ea5cf09a6"
2025-01-30 18:19:08,818 INFO c.h.h.t.HelmChartContainer - [K3S] [scope.go:117] "RemoveContainer" containerID="40bec421ac59feee7def90b017378fccf19a1f464390b0e5ff90126b65d93329"
2025-01-30 18:19:08,818 INFO c.h.h.t.HelmChartContainer - [K3S] [scope.go:117] "RemoveContainer" containerID="edd301b725f11401662a7e022f8d89aab93648543de3313bea7507e58bee0a8e"
2025-01-30 18:19:08,818 INFO c.h.h.t.HelmChartContainer - [K3S] [scope.go:117] "RemoveContainer" containerID="40f401082795a4950cde6f636ce9d318f04895a459898bc41da55f0ea5cf09a6"
2025-01-30 18:19:08,818 INFO c.h.h.t.HelmChartContainer - [K3S] [scope.go:117] "RemoveContainer" containerID="40bec421ac59feee7def90b017378fccf19a1f464390b0e5ff90126b65d93329"
2025-01-30 18:19:08,819 INFO c.h.h.t.HelmChartContainer - [K3S] [scope.go:117] "RemoveContainer" containerID="3045b480452e86150a225a0b2a3006a2619d37c4a8fde0ec94bb32d62a06b12b"
2025-01-30 18:19:08,835 INFO c.h.h.t.HelmChartContainer - [K3S] [replica_set.go:679] "Finished syncing" kind="ReplicaSet" key="monitoring/monitoring-stack-grafana-64c55fb967" duration="2.086299ms"
2025-01-30 18:19:08,835 INFO c.h.h.t.HelmChartContainer - [K3S] [scope.go:117] "RemoveContainer" containerID="3045b480452e86150a225a0b2a3006a2619d37c4a8fde0ec94bb32d62a06b12b"
2025-01-30 18:19:08,835 INFO c.h.h.t.HelmChartContainer - [K3S] [scope.go:117] "RemoveContainer" containerID="b7af7b76f3d2e8047a03f8f6886e924d5170e873eea4e4d6ca930f2d07c93481"
2025-01-30 18:19:08,835 INFO c.h.h.t.HelmChartContainer - [K3S] [replica_set.go:679] "Finished syncing" kind="ReplicaSet" key="monitoring/monitoring-stack-grafana-64c55fb967" duration="41.468µs"
2025-01-30 18:19:08,836 INFO c.h.h.t.HelmChartContainer - [POD] monitoring-stack-grafana-64c55fb967-48g66 [752b9cd4-ac84-4962-98e0-d9a197424e37] in monitoring was MODIFIED
2025-01-30 18:19:08,837 INFO c.h.h.t.HelmChartContainer - [POD] monitoring-stack-grafana-64c55fb967-48g66 [752b9cd4-ac84-4962-98e0-d9a197424e37] in monitoring was DELETED
2025-01-30 18:19:08,847 INFO c.h.h.t.HelmChartContainer - [K3S] [scope.go:117] "RemoveContainer" containerID="047017b3cb6937c5e60895c1de728f516ba5edbeb125f5427447af343bc474f6"
2025-01-30 18:19:08,852 INFO c.h.h.t.HelmChartContainer - [K3S] [scope.go:117] "RemoveContainer" containerID="868ee1d4a16850786816d607410fcb4604f135257c932f394b47fcf254c52bea"
2025-01-30 18:19:08,858 INFO c.h.h.t.HelmChartContainer - [K3S] [replica_set.go:679] "Finished syncing" kind="ReplicaSet" key="monitoring/monitoring-stack-kube-state-metrics-5bf5c7b54d" duration="47.118µs"
2025-01-30 18:19:08,860 INFO c.h.h.t.HelmChartContainer - [POD] monitoring-stack-kube-state-metrics-5bf5c7b54d-gtpqr [0d39cdd6-c06a-4e3d-9e5a-3283dd3f5aee] in monitoring was MODIFIED
2025-01-30 18:19:08,861 INFO c.h.h.t.HelmChartContainer - [K3S] [reconciler_common.go:162] "operationExecutor.UnmountVolume started for volume \"kube-api-access-h5twj\" (UniqueName: \"kubernetes.io/projected/7f882230-7294-418f-b67d-7c35b9aa28f6-kube-api-access-h5twj\") pod \"7f882230-7294-418f-b67d-7c35b9aa28f6\" (UID: \"7f882230-7294-418f-b67d-7c35b9aa28f6\") "
2025-01-30 18:19:08,862 INFO c.h.h.t.HelmChartContainer - [K3S] [reconciler_common.go:162] "operationExecutor.UnmountVolume started for volume \"tls-assets\" (UniqueName: \"kubernetes.io/projected/7f882230-7294-418f-b67d-7c35b9aa28f6-tls-assets\") pod \"7f882230-7294-418f-b67d-7c35b9aa28f6\" (UID: \"7f882230-7294-418f-b67d-7c35b9aa28f6\") "
2025-01-30 18:19:08,863 INFO c.h.h.t.HelmChartContainer - [K3S] [reconciler_common.go:162] "operationExecutor.UnmountVolume started for volume \"config-volume\" (UniqueName: \"kubernetes.io/secret/7f882230-7294-418f-b67d-7c35b9aa28f6-config-volume\") pod \"7f882230-7294-418f-b67d-7c35b9aa28f6\" (UID: \"7f882230-7294-418f-b67d-7c35b9aa28f6\") "
2025-01-30 18:19:08,863 INFO c.h.h.t.HelmChartContainer - [K3S] [reconciler_common.go:162] "operationExecutor.UnmountVolume started for volume \"web-config\" (UniqueName: \"kubernetes.io/secret/7f882230-7294-418f-b67d-7c35b9aa28f6-web-config\") pod \"7f882230-7294-418f-b67d-7c35b9aa28f6\" (UID: \"7f882230-7294-418f-b67d-7c35b9aa28f6\") "
2025-01-30 18:19:08,864 INFO c.h.h.t.HelmChartContainer - [K3S] [reconciler_common.go:162] "operationExecutor.UnmountVolume started for volume \"alertmanager-monitoring-stack-kube-prom-alertmanager-db\" (UniqueName: \"kubernetes.io/empty-dir/7f882230-7294-418f-b67d-7c35b9aa28f6-alertmanager-monitoring-stack-kube-prom-alertmanager-db\") pod \"7f882230-7294-418f-b67d-7c35b9aa28f6\" (UID: \"7f882230-7294-418f-b67d-7c35b9aa28f6\") "
2025-01-30 18:19:08,864 INFO c.h.h.t.HelmChartContainer - [K3S] [reconciler_common.go:162] "operationExecutor.UnmountVolume started for volume \"config-out\" (UniqueName: \"kubernetes.io/empty-dir/7f882230-7294-418f-b67d-7c35b9aa28f6-config-out\") pod \"7f882230-7294-418f-b67d-7c35b9aa28f6\" (UID: \"7f882230-7294-418f-b67d-7c35b9aa28f6\") "
2025-01-30 18:19:08,864 INFO c.h.h.t.HelmChartContainer - [K3S] [replica_set.go:679] "Finished syncing" kind="ReplicaSet" key="monitoring/monitoring-stack-kube-state-metrics-5bf5c7b54d" duration="37.17µs"
2025-01-30 18:19:08,865 INFO c.h.h.t.HelmChartContainer - [K3S] [scope.go:117] "RemoveContainer" containerID="b7af7b76f3d2e8047a03f8f6886e924d5170e873eea4e4d6ca930f2d07c93481"
2025-01-30 18:19:08,867 INFO c.h.h.t.HelmChartContainer - [K3S] [scope.go:117] "RemoveContainer" containerID="047017b3cb6937c5e60895c1de728f516ba5edbeb125f5427447af343bc474f6"
2025-01-30 18:19:08,870 INFO c.h.h.t.HelmChartContainer - [K3S] [scope.go:117] "RemoveContainer" containerID="868ee1d4a16850786816d607410fcb4604f135257c932f394b47fcf254c52bea"
2025-01-30 18:19:08,871 INFO c.h.h.t.HelmChartContainer - [POD] monitoring-stack-kube-state-metrics-5bf5c7b54d-gtpqr [0d39cdd6-c06a-4e3d-9e5a-3283dd3f5aee] in monitoring was DELETED
2025-01-30 18:19:08,871 INFO c.h.h.t.HelmChartContainer - [K3S] [scope.go:117] "RemoveContainer" containerID="b7af7b76f3d2e8047a03f8f6886e924d5170e873eea4e4d6ca930f2d07c93481"
2025-01-30 18:19:08,872 INFO c.h.h.t.HelmChartContainer - [K3S] [scope.go:117] "RemoveContainer" containerID="047017b3cb6937c5e60895c1de728f516ba5edbeb125f5427447af343bc474f6"
2025-01-30 18:19:08,873 INFO c.h.h.t.HelmChartContainer - [K3S] [scope.go:117] "RemoveContainer" containerID="868ee1d4a16850786816d607410fcb4604f135257c932f394b47fcf254c52bea"
2025-01-30 18:19:08,914 INFO c.h.h.t.HelmChartContainer - [POD] prometheus-monitoring-stack-kube-prom-prometheus-0 [d1678913-5df6-46f6-8b5e-5e7e326558ab] in monitoring was MODIFIED
2025-01-30 18:19:08,965 INFO c.h.h.t.HelmChartContainer - [K3S] [reconciler_common.go:162] "operationExecutor.UnmountVolume started for volume \"prometheus-monitoring-stack-kube-prom-prometheus-db\" (UniqueName: \"kubernetes.io/empty-dir/d1678913-5df6-46f6-8b5e-5e7e326558ab-prometheus-monitoring-stack-kube-prom-prometheus-db\") pod \"d1678913-5df6-46f6-8b5e-5e7e326558ab\" (UID: \"d1678913-5df6-46f6-8b5e-5e7e326558ab\") "
2025-01-30 18:19:08,965 INFO c.h.h.t.HelmChartContainer - [K3S] [reconciler_common.go:162] "operationExecutor.UnmountVolume started for volume \"tls-assets\" (UniqueName: \"kubernetes.io/projected/d1678913-5df6-46f6-8b5e-5e7e326558ab-tls-assets\") pod \"d1678913-5df6-46f6-8b5e-5e7e326558ab\" (UID: \"d1678913-5df6-46f6-8b5e-5e7e326558ab\") "
2025-01-30 18:19:08,965 INFO c.h.h.t.HelmChartContainer - [K3S] [reconciler_common.go:162] "operationExecutor.UnmountVolume started for volume \"kube-api-access-6qp2l\" (UniqueName: \"kubernetes.io/projected/d1678913-5df6-46f6-8b5e-5e7e326558ab-kube-api-access-6qp2l\") pod \"d1678913-5df6-46f6-8b5e-5e7e326558ab\" (UID: \"d1678913-5df6-46f6-8b5e-5e7e326558ab\") "
2025-01-30 18:19:08,965 INFO c.h.h.t.HelmChartContainer - [K3S] [reconciler_common.go:162] "operationExecutor.UnmountVolume started for volume \"prometheus-monitoring-stack-kube-prom-prometheus-rulefiles-0\" (UniqueName: \"kubernetes.io/configmap/d1678913-5df6-46f6-8b5e-5e7e326558ab-prometheus-monitoring-stack-kube-prom-prometheus-rulefiles-0\") pod \"d1678913-5df6-46f6-8b5e-5e7e326558ab\" (UID: \"d1678913-5df6-46f6-8b5e-5e7e326558ab\") "
2025-01-30 18:19:08,965 INFO c.h.h.t.HelmChartContainer - [K3S] [reconciler_common.go:162] "operationExecutor.UnmountVolume started for volume \"web-config\" (UniqueName: \"kubernetes.io/secret/d1678913-5df6-46f6-8b5e-5e7e326558ab-web-config\") pod \"d1678913-5df6-46f6-8b5e-5e7e326558ab\" (UID: \"d1678913-5df6-46f6-8b5e-5e7e326558ab\") "
2025-01-30 18:19:08,966 INFO c.h.h.t.HelmChartContainer - [K3S] [reconciler_common.go:162] "operationExecutor.UnmountVolume started for volume \"config\" (UniqueName: \"kubernetes.io/secret/d1678913-5df6-46f6-8b5e-5e7e326558ab-config\") pod \"d1678913-5df6-46f6-8b5e-5e7e326558ab\" (UID: \"d1678913-5df6-46f6-8b5e-5e7e326558ab\") "
2025-01-30 18:19:08,966 INFO c.h.h.t.HelmChartContainer - [K3S] [reconciler_common.go:162] "operationExecutor.UnmountVolume started for volume \"config-out\" (UniqueName: \"kubernetes.io/empty-dir/d1678913-5df6-46f6-8b5e-5e7e326558ab-config-out\") pod \"d1678913-5df6-46f6-8b5e-5e7e326558ab\" (UID: \"d1678913-5df6-46f6-8b5e-5e7e326558ab\") "
2025-01-30 18:19:08,966 INFO c.h.h.t.HelmChartContainer - [K3S] [reconciler_common.go:299] "Volume detached for volume \"kube-api-access-h5twj\" (UniqueName: \"kubernetes.io/projected/7f882230-7294-418f-b67d-7c35b9aa28f6-kube-api-access-h5twj\") on node \"66de24468ee4\" DevicePath \"\""
2025-01-30 18:19:08,966 INFO c.h.h.t.HelmChartContainer - [K3S] [reconciler_common.go:299] "Volume detached for volume \"tls-assets\" (UniqueName: \"kubernetes.io/projected/7f882230-7294-418f-b67d-7c35b9aa28f6-tls-assets\") on node \"66de24468ee4\" DevicePath \"\""
2025-01-30 18:19:08,966 INFO c.h.h.t.HelmChartContainer - [K3S] [reconciler_common.go:299] "Volume detached for volume \"config-volume\" (UniqueName: \"kubernetes.io/secret/7f882230-7294-418f-b67d-7c35b9aa28f6-config-volume\") on node \"66de24468ee4\" DevicePath \"\""
2025-01-30 18:19:08,966 INFO c.h.h.t.HelmChartContainer - [K3S] [reconciler_common.go:299] "Volume detached for volume \"web-config\" (UniqueName: \"kubernetes.io/secret/7f882230-7294-418f-b67d-7c35b9aa28f6-web-config\") on node \"66de24468ee4\" DevicePath \"\""
2025-01-30 18:19:08,966 INFO c.h.h.t.HelmChartContainer - [K3S] [reconciler_common.go:299] "Volume detached for volume \"config-out\" (UniqueName: \"kubernetes.io/empty-dir/7f882230-7294-418f-b67d-7c35b9aa28f6-config-out\") on node \"66de24468ee4\" DevicePath \"\""
2025-01-30 18:19:08,966 INFO c.h.h.t.HelmChartContainer - [K3S] [reconciler_common.go:299] "Volume detached for volume \"alertmanager-monitoring-stack-kube-prom-alertmanager-db\" (UniqueName: \"kubernetes.io/empty-dir/7f882230-7294-418f-b67d-7c35b9aa28f6-alertmanager-monitoring-stack-kube-prom-alertmanager-db\") on node \"66de24468ee4\" DevicePath \"\""
2025-01-30 18:19:09,063 INFO c.h.h.t.HelmChartContainer - [K3S] [reconciler_common.go:299] "Volume detached for volume \"kube-api-access-6qp2l\" (UniqueName: \"kubernetes.io/projected/d1678913-5df6-46f6-8b5e-5e7e326558ab-kube-api-access-6qp2l\") on node \"66de24468ee4\" DevicePath \"\""
2025-01-30 18:19:09,063 INFO c.h.h.t.HelmChartContainer - [K3S] [reconciler_common.go:299] "Volume detached for volume \"prometheus-monitoring-stack-kube-prom-prometheus-rulefiles-0\" (UniqueName: \"kubernetes.io/configmap/d1678913-5df6-46f6-8b5e-5e7e326558ab-prometheus-monitoring-stack-kube-prom-prometheus-rulefiles-0\") on node \"66de24468ee4\" DevicePath \"\""
2025-01-30 18:19:09,063 INFO c.h.h.t.HelmChartContainer - [K3S] [reconciler_common.go:299] "Volume detached for volume \"web-config\" (UniqueName: \"kubernetes.io/secret/d1678913-5df6-46f6-8b5e-5e7e326558ab-web-config\") on node \"66de24468ee4\" DevicePath \"\""
2025-01-30 18:19:09,063 INFO c.h.h.t.HelmChartContainer - [K3S] [reconciler_common.go:299] "Volume detached for volume \"config\" (UniqueName: \"kubernetes.io/secret/d1678913-5df6-46f6-8b5e-5e7e326558ab-config\") on node \"66de24468ee4\" DevicePath \"\""
2025-01-30 18:19:09,064 INFO c.h.h.t.HelmChartContainer - [K3S] [reconciler_common.go:299] "Volume detached for volume \"config-out\" (UniqueName: \"kubernetes.io/empty-dir/d1678913-5df6-46f6-8b5e-5e7e326558ab-config-out\") on node \"66de24468ee4\" DevicePath \"\""
2025-01-30 18:19:09,064 INFO c.h.h.t.HelmChartContainer - [K3S] [reconciler_common.go:299] "Volume detached for volume \"prometheus-monitoring-stack-kube-prom-prometheus-db\" (UniqueName: \"kubernetes.io/empty-dir/d1678913-5df6-46f6-8b5e-5e7e326558ab-prometheus-monitoring-stack-kube-prom-prometheus-db\") on node \"66de24468ee4\" DevicePath \"\""
2025-01-30 18:19:09,064 INFO c.h.h.t.HelmChartContainer - [K3S] [reconciler_common.go:299] "Volume detached for volume \"tls-assets\" (UniqueName: \"kubernetes.io/projected/d1678913-5df6-46f6-8b5e-5e7e326558ab-tls-assets\") on node \"66de24468ee4\" DevicePath \"\""
2025-01-30 18:19:09,105 INFO c.h.h.t.HelmChartContainer - [POD] alertmanager-monitoring-stack-kube-prom-alertmanager-0 [7f882230-7294-418f-b67d-7c35b9aa28f6] in monitoring was MODIFIED
2025-01-30 18:19:09,109 INFO c.h.h.t.HelmChartContainer - [POD] alertmanager-monitoring-stack-kube-prom-alertmanager-0 [7f882230-7294-418f-b67d-7c35b9aa28f6] in monitoring was DELETED
2025-01-30 18:19:09,591 INFO c.h.h.t.HelmChartContainer - [K3S] [replica_set.go:679] "Finished syncing" kind="ReplicaSet" key="monitoring/monitoring-stack-kube-prom-operator-6998896c" duration="6.653µs"
2025-01-30 18:19:09,617 INFO c.h.h.t.HelmChartContainer - [K3S] [replica_set.go:679] "Finished syncing" kind="ReplicaSet" key="monitoring/monitoring-stack-grafana-64c55fb967" duration="4.538µs"
2025-01-30 18:19:09,640 INFO c.h.h.t.HelmChartContainer - [K3S] [replica_set.go:679] "Finished syncing" kind="ReplicaSet" key="monitoring/monitoring-stack-kube-state-metrics-5bf5c7b54d" duration="4.789µs"
2025-01-30 18:19:09,796 INFO c.h.h.t.HelmChartContainer - [K3S] [scope.go:117] "RemoveContainer" containerID="062792d9024215c203172aa286230c0ff40da8d74daa1d5fa1e40e4bdd0e0e48"
2025-01-30 18:19:09,800 INFO c.h.h.t.HelmChartContainer - [K3S] [scope.go:117] "RemoveContainer" containerID="a65c657a2013e49caaf1fb3cbc792a6c6baa7738d2d95c5f0fb1e24839bda08e"
2025-01-30 18:19:09,803 INFO c.h.h.t.HelmChartContainer - [K3S] [scope.go:117] "RemoveContainer" containerID="3b9ec09a8d4ec28166349f299677130f6b276e0d7916c4d7ffa2424657fb2551"
2025-01-30 18:19:09,815 INFO c.h.h.t.HelmChartContainer - [POD] prometheus-monitoring-stack-kube-prom-prometheus-0 [d1678913-5df6-46f6-8b5e-5e7e326558ab] in monitoring was MODIFIED
2025-01-30 18:19:09,815 INFO c.h.h.t.HelmChartContainer - [POD] prometheus-monitoring-stack-kube-prom-prometheus-0 [d1678913-5df6-46f6-8b5e-5e7e326558ab] in monitoring was DELETED
2025-01-30 18:19:09,944 INFO c.h.h.t.HelmChartContainer - [K3S] [kubelet_volumes.go:163] "Cleaned up orphaned pod volumes dir" podUID="0d39cdd6-c06a-4e3d-9e5a-3283dd3f5aee" path="/var/lib/kubelet/pods/0d39cdd6-c06a-4e3d-9e5a-3283dd3f5aee/volumes"
2025-01-30 18:19:09,945 INFO c.h.h.t.HelmChartContainer - [K3S] [kubelet_volumes.go:163] "Cleaned up orphaned pod volumes dir" podUID="752b9cd4-ac84-4962-98e0-d9a197424e37" path="/var/lib/kubelet/pods/752b9cd4-ac84-4962-98e0-d9a197424e37/volumes"
2025-01-30 18:19:09,945 INFO c.h.h.t.HelmChartContainer - [K3S] [kubelet_volumes.go:163] "Cleaned up orphaned pod volumes dir" podUID="7f882230-7294-418f-b67d-7c35b9aa28f6" path="/var/lib/kubelet/pods/7f882230-7294-418f-b67d-7c35b9aa28f6/volumes"
2025-01-30 18:19:09,946 INFO c.h.h.t.HelmChartContainer - [K3S] [kubelet_volumes.go:163] "Cleaned up orphaned pod volumes dir" podUID="d1678913-5df6-46f6-8b5e-5e7e326558ab" path="/var/lib/kubelet/pods/d1678913-5df6-46f6-8b5e-5e7e326558ab/volumes"
2025-01-30 18:19:09,947 INFO c.h.h.t.HelmChartContainer - [K3S] [kubelet_volumes.go:163] "Cleaned up orphaned pod volumes dir" podUID="f0affbc8-63cb-4daa-b16e-8f9a9e28f60d" path="/var/lib/kubelet/pods/f0affbc8-63cb-4daa-b16e-8f9a9e28f60d/volumes"
2025-01-30 18:19:10,018 INFO c.h.h.t.HelmChartContainer - [K3S] [stateful_set.go:466] "StatefulSet has been deleted" key="monitoring/alertmanager-monitoring-stack-kube-prom-alertmanager"
2025-01-30 18:19:10,318 INFO c.h.h.t.HelmChartContainer - [K3S] [stateful_set.go:466] "StatefulSet has been deleted" key="monitoring/prometheus-monitoring-stack-kube-prom-prometheus"
2025-01-30 18:19:10,750 INFO c.h.h.t.HelmChartContainer - [hivemq-test-hivemq-platform] [hivemq-platform-operator] [5c057a65] 18:19:10.748 [pool-6-thread-16] DEBUG c.h.p.o.d.PlatformServiceResource - [helmmoni] Desired Platform services (3 services)
2025-01-30 18:19:10,752 INFO c.h.h.t.HelmChartContainer - [hivemq-test-hivemq-platform] [hivemq-platform-operator] [5c057a65] 18:19:10.749 [pool-6-thread-12] DEBUG c.h.p.o.dependants.PodInfoConfigMap - [helmmoni] Desired PodInfo ConfigMap (1 extensions) (1 enabled)
2025-01-30 18:19:10,752 INFO c.h.h.t.HelmChartContainer - [hivemq-test-hivemq-platform] [hivemq-platform-operator] [5c057a65] 18:19:10.750 [pool-6-thread-12] DEBUG c.h.p.o.dependants.PodInfoConfigMap - [helmmoni] Desired PodInfo ConfigMap (metrics port: 9399) (metrics path: /)
2025-01-30 18:19:10,752 INFO c.h.h.t.HelmChartContainer - [hivemq-test-hivemq-platform] [hivemq-platform-operator] [5c057a65] 18:19:10.750 [pool-6-thread-12] DEBUG c.h.p.o.dependants.PodInfoConfigMap - [helmmoni] Desired PodInfo ConfigMap (extension state hash: -1817474005)
2025-01-30 18:19:10,752 INFO c.h.h.t.HelmChartContainer - [hivemq-test-hivemq-platform] [hivemq-platform-operator] [5c057a65] 18:19:10.751 [pool-6-thread-20] DEBUG c.h.p.o.d.PodServiceAccountResource - [helmmoni] Desired PodServiceAccountResource (serviceAccountName: hivemq-platform-pod-test-hivemq-platform)
2025-01-30 18:19:10,756 INFO c.h.h.t.HelmChartContainer - [hivemq-test-hivemq-platform] [hivemq-platform-operator] [5c057a65] 18:19:10.754 [pool-6-thread-16] DEBUG c.h.p.o.d.StatefulSetResource - [helmmoni] Desired StatefulSet (2 replicas) for status RUNNING (READY)
2025-01-30 18:19:10,758 INFO c.h.h.t.HelmChartContainer - [hivemq-test-hivemq-platform] [hivemq-platform-operator] [5c057a65] 18:19:10.757 [ReconcilerExecutor-hivemq-controller-126] INFO  c.h.p.o.HiveMQPlatformReconciler - [helmmoni] Reconciling HiveMQ Platform 'test-hivemq-platform' in namespace 'helmmonitoringplatformit'
2025-01-30 18:19:10,759 INFO c.h.h.t.HelmChartContainer - [hivemq-test-hivemq-platform] [hivemq-platform-operator] [5c057a65] 18:19:10.757 [ReconcilerExecutor-hivemq-controller-126] DEBUG c.h.p.o.HiveMQPlatformReconciler - [helmmoni] Custom Resource Status RUNNING - HiveMQ Platform is ready (READY)
2025-01-30 18:19:10,759 INFO c.h.h.t.HelmChartContainer - [hivemq-test-hivemq-platform] [hivemq-platform-operator] [5c057a65] 18:19:10.757 [ReconcilerExecutor-hivemq-controller-126] DEBUG c.h.p.o.HiveMQPlatformReconciler - [helmmoni] Custom Resource Spec (replicas: 2) (extensions: 1)
2025-01-30 18:19:10,760 INFO c.h.h.t.HelmChartContainer - [hivemq-test-hivemq-platform] [hivemq-platform-operator] [5c057a65] 18:19:10.759 [ReconcilerExecutor-hivemq-controller-126] DEBUG c.h.p.o.HiveMQPlatformReconciler - [helmmoni] StatefulSet Status (revision: test-hivemq-platform-64db946475, replicas: 2, available: 2, ready: 2, current: 2, updated: 2)
2025-01-30 18:19:10,761 INFO c.h.h.t.HelmChartContainer - [hivemq-test-hivemq-platform] [hivemq-platform-operator] [5c057a65] 18:19:10.759 [ReconcilerExecutor-hivemq-controller-126] DEBUG c.h.p.o.HiveMQPlatformReconciler - [helmmoni] StatefulSet Spec (replicas: 2, init containers: 1, containers: 1, volumes: 3)
2025-01-30 18:19:10,762 INFO c.h.h.t.HelmChartContainer - [hivemq-test-hivemq-platform] [hivemq-platform-operator] [5c057a65] 18:19:10.760 [ReconcilerExecutor-hivemq-controller-126] DEBUG c.h.p.o.h.HiveMQPlatformReconcilerErrorHandler - [helmmoni] Pod 'test-hivemq-platform-1' phase Running
2025-01-30 18:19:10,762 INFO c.h.h.t.HelmChartContainer - [hivemq-test-hivemq-platform] [hivemq-platform-operator] [5c057a65] 18:19:10.761 [ReconcilerExecutor-hivemq-controller-126] DEBUG c.h.p.o.h.HiveMQPlatformReconcilerErrorHandler - [helmmoni] Pod 'test-hivemq-platform-0' phase Running
2025-01-30 18:19:11,974 INFO c.h.h.t.HelmChartContainer - Deleting namespace 'monitoring'...
2025-01-30 18:19:17,400 INFO c.h.h.t.HelmChartContainer - Namespace 'monitoring' deleted
2025-01-30 18:19:17,400 INFO c.h.h.t.HelmChartContainer - Release 'monitoring-stack' in namespace 'monitoring' is uninstalled
2025-01-30 18:19:17,400 INFO c.h.h.t.HelmChartContainer - Uninstalling release 'test-hivemq-platform' in namespace 'helmmonitoringplatformit'...
2025-01-30 18:19:17,401 DEBUG c.h.h.t.HelmChartContainer - Executing helm command: /bin/helm --kubeconfig /etc/rancher/k3s/k3s.yaml uninstall test-hivemq-platform  --wait --timeout 5m0s --cascade foreground --namespace helmmonitoringplatformit
2025-01-30 18:19:17,677 INFO c.h.h.t.HelmChartContainer - [hivemq-test-hivemq-platform] [hivemq-platform-operator] [5c057a65] 18:19:17.675 [pool-6-thread-30] DEBUG c.h.p.o.d.PlatformServiceResource - [helmmoni] Desired Platform services (3 services)
2025-01-30 18:19:17,678 INFO c.h.h.t.HelmChartContainer - [hivemq-test-hivemq-platform] [hivemq-platform-operator] [5c057a65] 18:19:17.675 [pool-6-thread-27] DEBUG c.h.p.o.dependants.PodInfoConfigMap - [helmmoni] Desired PodInfo ConfigMap (1 extensions) (1 enabled)
2025-01-30 18:19:17,678 INFO c.h.h.t.HelmChartContainer - [hivemq-test-hivemq-platform] [hivemq-platform-operator] [5c057a65] 18:19:17.675 [pool-6-thread-27] DEBUG c.h.p.o.dependants.PodInfoConfigMap - [helmmoni] Desired PodInfo ConfigMap (metrics port: 9399) (metrics path: /)
2025-01-30 18:19:17,678 INFO c.h.h.t.HelmChartContainer - [hivemq-test-hivemq-platform] [hivemq-platform-operator] [5c057a65] 18:19:17.675 [pool-6-thread-27] DEBUG c.h.p.o.dependants.PodInfoConfigMap - [helmmoni] Desired PodInfo ConfigMap (extension state hash: -1817474005)
2025-01-30 18:19:17,678 INFO c.h.h.t.HelmChartContainer - [hivemq-test-hivemq-platform] [hivemq-platform-operator] [5c057a65] 18:19:17.676 [pool-6-thread-27] DEBUG c.h.p.o.d.PodServiceAccountResource - [helmmoni] Desired PodServiceAccountResource (serviceAccountName: hivemq-platform-pod-test-hivemq-platform)
2025-01-30 18:19:17,688 INFO c.h.h.t.HelmChartContainer - [hivemq-test-hivemq-platform] [hivemq-platform-operator] [5c057a65] 18:19:17.684 [pool-6-thread-30] DEBUG c.h.p.o.d.StatefulSetResource - [helmmoni] Desired StatefulSet (2 replicas) for status RUNNING (READY)
2025-01-30 18:19:17,701 INFO c.h.h.t.HelmChartContainer - [hivemq-test-hivemq-platform] [hivemq-platform-operator] [5c057a65] 18:19:17.688 [ReconcilerExecutor-hivemq-controller-127] INFO  c.h.p.o.HiveMQPlatformReconciler - [helmmoni] Reconciling HiveMQ Platform 'test-hivemq-platform' in namespace 'helmmonitoringplatformit'
2025-01-30 18:19:17,701 INFO c.h.h.t.HelmChartContainer - [hivemq-test-hivemq-platform] [hivemq-platform-operator] [5c057a65] 18:19:17.688 [ReconcilerExecutor-hivemq-controller-127] DEBUG c.h.p.o.HiveMQPlatformReconciler - [helmmoni] Custom Resource Status RUNNING - HiveMQ Platform is ready (READY)
2025-01-30 18:19:17,701 INFO c.h.h.t.HelmChartContainer - [hivemq-test-hivemq-platform] [hivemq-platform-operator] [5c057a65] 18:19:17.688 [ReconcilerExecutor-hivemq-controller-127] DEBUG c.h.p.o.HiveMQPlatformReconciler - [helmmoni] Custom Resource Spec (replicas: 2) (extensions: 1)
2025-01-30 18:19:17,701 INFO c.h.h.t.HelmChartContainer - [hivemq-test-hivemq-platform] [hivemq-platform-operator] [5c057a65] 18:19:17.689 [ReconcilerExecutor-hivemq-controller-127] DEBUG c.h.p.o.HiveMQPlatformReconciler - [helmmoni] StatefulSet Status (revision: test-hivemq-platform-64db946475, replicas: 2, available: 2, ready: 2, current: 2, updated: 2)
2025-01-30 18:19:17,701 INFO c.h.h.t.HelmChartContainer - [hivemq-test-hivemq-platform] [hivemq-platform-operator] [5c057a65] 18:19:17.689 [ReconcilerExecutor-hivemq-controller-127] DEBUG c.h.p.o.HiveMQPlatformReconciler - [helmmoni] StatefulSet Spec (replicas: 2, init containers: 1, containers: 1, volumes: 3)
2025-01-30 18:19:17,701 INFO c.h.h.t.HelmChartContainer - [hivemq-test-hivemq-platform] [hivemq-platform-operator] [5c057a65] 18:19:17.691 [ReconcilerExecutor-hivemq-controller-127] DEBUG c.h.p.o.h.HiveMQPlatformReconcilerErrorHandler - [helmmoni] Pod 'test-hivemq-platform-1' phase Running
2025-01-30 18:19:17,701 INFO c.h.h.t.HelmChartContainer - [hivemq-test-hivemq-platform] [hivemq-platform-operator] [5c057a65] 18:19:17.692 [ReconcilerExecutor-hivemq-controller-127] DEBUG c.h.p.o.h.HiveMQPlatformReconcilerErrorHandler - [helmmoni] Pod 'test-hivemq-platform-0' phase Running
2025-01-30 18:19:17,751 INFO c.h.h.t.HelmChartContainer - [hivemq-test-hivemq-platform] [hivemq-platform-operator] [5c057a65] 18:19:17.747 [ReconcilerExecutor-hivemq-controller-128] INFO  c.h.p.o.HiveMQPlatformReconciler - [helmmoni] Cleanup test-hivemq-platform - helmmonitoringplatformit HiveMQ Platform is shut down
2025-01-30 18:19:18,472 INFO c.h.h.t.HelmChartContainer - [test-hivemq-platform] [hivemq] [be45feea] WARN  - [HiveMQ Platform Operator Init App 1.7.0-SNAPSHOT] Could not update Pod annotations: Failure executing: GET at: https://10.43.0.1:443/api/v1/namespaces/helmmonitoringplatformit/pods/test-hivemq-platform-0. Message: pods "test-hivemq-platform-0" is forbidden: User "system:serviceaccount:helmmonitoringplatformit:hivemq-platform-pod-test-hivemq-platform" cannot get resource "pods" in API group "" in the namespace "helmmonitoringplatformit". Received status: Status(apiVersion=v1, code=403, details=StatusDetails(causes=[], group=null, kind=pods, name=test-hivemq-platform-0, retryAfterSeconds=null, uid=null, additionalProperties={}), kind=Status, message=pods "test-hivemq-platform-0" is forbidden: User "system:serviceaccount:helmmonitoringplatformit:hivemq-platform-pod-test-hivemq-platform" cannot get resource "pods" in API group "" in the namespace "helmmonitoringplatformit", metadata=ListMeta(_continue=null, remainingItemCount=null, resourceVersion=null, selfLink=null, additionalProperties={}), reason=Forbidden, status=Failure, additionalProperties={}).
2025-01-30 18:19:18,535 INFO c.h.h.t.HelmChartContainer - [POD] test-hivemq-platform-0 [be45feea-7355-4619-9b33-5710a5ad6fb1] in helmmonitoringplatformit was MODIFIED
2025-01-30 18:19:18,538 INFO c.h.h.t.HelmChartContainer - [EVENT] Normal [Killing] Stopping container hivemq [helmmonitoringplatformit:test-hivemq-platform-0]
2025-01-30 18:19:18,538 INFO c.h.h.t.HelmChartContainer - Received Killing event for container hivemq in pod test-hivemq-platform-0 [be45feea-7355-4619-9b33-5710a5ad6fb1]
2025-01-30 18:19:18,538 INFO c.h.h.t.HelmChartContainer - Container [test-hivemq-platform-0] [hivemq] [be45feea-7355-4619-9b33-5710a5ad6fb1] was terminated
2025-01-30 18:19:18,538 INFO c.h.h.t.HelmChartContainer - Stopped log watcher for hivemq in pod test-hivemq-platform-0 [be45feea-7355-4619-9b33-5710a5ad6fb1]
2025-01-30 18:19:18,544 INFO c.h.h.t.HelmChartContainer - [test-hivemq-platform] [hivemq] [be45feea] INFO  - [HiveMQ Platform Operator Init App 1.7.0-SNAPSHOT] Shutting down
2025-01-30 18:19:18,544 INFO c.h.h.t.HelmChartContainer - [test-hivemq-platform] [hivemq] [be45feea] INFO  - [HiveMQ Platform Operator Init App 1.7.0-SNAPSHOT] Stopping the HiveMQ Platform
2025-01-30 18:19:18,553 INFO c.h.h.t.HelmChartContainer - [POD] test-hivemq-platform-1 [d9e3b3a4-3491-4ad3-af9b-1c70c5d15c48] in helmmonitoringplatformit was MODIFIED
2025-01-30 18:19:18,574 INFO c.h.h.t.HelmChartContainer - [test-hivemq-platform] [hivemq] [d9e3b3a4] INFO  - [HiveMQ Platform Operator Init App 1.7.0-SNAPSHOT] Shutting down
2025-01-30 18:19:18,576 INFO c.h.h.t.HelmChartContainer - [test-hivemq-platform] [hivemq] [d9e3b3a4] INFO  - [HiveMQ Platform Operator Init App 1.7.0-SNAPSHOT] Stopping the HiveMQ Platform
2025-01-30 18:19:18,577 INFO c.h.h.t.HelmChartContainer - [EVENT] Normal [Killing] Stopping container hivemq [helmmonitoringplatformit:test-hivemq-platform-1]
2025-01-30 18:19:18,577 INFO c.h.h.t.HelmChartContainer - Received Killing event for container hivemq in pod test-hivemq-platform-1 [d9e3b3a4-3491-4ad3-af9b-1c70c5d15c48]
2025-01-30 18:19:18,577 INFO c.h.h.t.HelmChartContainer - Container [test-hivemq-platform-1] [hivemq] [d9e3b3a4-3491-4ad3-af9b-1c70c5d15c48] was terminated
2025-01-30 18:19:18,578 INFO c.h.h.t.HelmChartContainer - Stopped log watcher for hivemq in pod test-hivemq-platform-1 [d9e3b3a4-3491-4ad3-af9b-1c70c5d15c48]
2025-01-30 18:19:18,732 INFO c.h.h.t.HelmChartContainer - [test-hivemq-platform] [hivemq] [be45feea] INFO  - Shutting down HiveMQ. Please wait, this could take a while...
2025-01-30 18:19:18,737 INFO c.h.h.t.HelmChartContainer - [test-hivemq-platform] [hivemq] [be45feea] INFO  - Shutting down listeners and clients
2025-01-30 18:19:18,738 INFO c.h.h.t.HelmChartContainer - [test-hivemq-platform] [hivemq] [be45feea] INFO  - Shutdown of listeners is done
2025-01-30 18:19:18,738 INFO c.h.h.t.HelmChartContainer - [test-hivemq-platform] [hivemq] [be45feea] INFO  - No clients are connected, proceeding with shutdown
2025-01-30 18:19:18,744 INFO c.h.h.t.HelmChartContainer - [test-hivemq-platform] [hivemq] [d9e3b3a4] INFO  - Shutting down HiveMQ. Please wait, this could take a while...
2025-01-30 18:19:18,781 INFO c.h.h.t.HelmChartContainer - [test-hivemq-platform] [hivemq] [d9e3b3a4] INFO  - Shutting down listeners and clients
2025-01-30 18:19:18,781 INFO c.h.h.t.HelmChartContainer - [test-hivemq-platform] [hivemq] [d9e3b3a4] INFO  - Shutdown of listeners is done
2025-01-30 18:19:18,781 INFO c.h.h.t.HelmChartContainer - [test-hivemq-platform] [hivemq] [d9e3b3a4] INFO  - No clients are connected, proceeding with shutdown
2025-01-30 18:19:19,761 INFO c.h.h.t.HelmChartContainer - Deleting namespace 'helmmonitoringplatformit'...
2025-01-30 18:19:20,359 INFO c.h.h.t.HelmChartContainer - [test-hivemq-platform] [hivemq] [d9e3b3a4] INFO  - [HiveMQ Platform Operator Init App 1.7.0-SNAPSHOT] Returning shutdown Health API response 503 for readiness
2025-01-30 18:19:20,363 INFO c.h.h.t.HelmChartContainer - [EVENT] Warning [Unhealthy] Readiness probe failed: HTTP probe failed with statuscode: 503 [helmmonitoringplatformit:test-hivemq-platform-1]
2025-01-30 18:19:20,363 INFO c.h.h.t.HelmChartContainer - Received Unhealthy event for container hivemq in pod test-hivemq-platform-1 [d9e3b3a4-3491-4ad3-af9b-1c70c5d15c48]
2025-01-30 18:19:20,924 INFO c.h.h.t.HelmChartContainer - [test-hivemq-platform] [hivemq] [d9e3b3a4] WARN  - [HiveMQ Platform Operator Init App 1.7.0-SNAPSHOT] Could not update Pod annotations: Failure executing: GET at: https://10.43.0.1:443/api/v1/namespaces/helmmonitoringplatformit/pods/test-hivemq-platform-1. Message: pods "test-hivemq-platform-1" is forbidden: User "system:serviceaccount:helmmonitoringplatformit:hivemq-platform-pod-test-hivemq-platform" cannot get resource "pods" in API group "" in the namespace "helmmonitoringplatformit". Received status: Status(apiVersion=v1, code=403, details=StatusDetails(causes=[], group=null, kind=pods, name=test-hivemq-platform-1, retryAfterSeconds=null, uid=null, additionalProperties={}), kind=Status, message=pods "test-hivemq-platform-1" is forbidden: User "system:serviceaccount:helmmonitoringplatformit:hivemq-platform-pod-test-hivemq-platform" cannot get resource "pods" in API group "" in the namespace "helmmonitoringplatformit", metadata=ListMeta(_continue=null, remainingItemCount=null, resourceVersion=null, selfLink=null, additionalProperties={}), reason=Forbidden, status=Failure, additionalProperties={}).
2025-01-30 18:19:21,837 INFO c.h.h.t.HelmChartContainer - [test-hivemq-platform] [hivemq] [be45feea] INFO  - Shutting down extension system
2025-01-30 18:19:21,840 INFO c.h.h.t.HelmChartContainer - [test-hivemq-platform] [hivemq] [be45feea] INFO  - Stopping extension with id hivemq-dns-cluster-discovery
2025-01-30 18:19:21,841 INFO c.h.h.t.HelmChartContainer - [test-hivemq-platform] [hivemq] [be45feea] INFO  - Extension "DNS Cluster Discovery Extension" version 4.3.2 stopped successfully.
2025-01-30 18:19:21,841 INFO c.h.h.t.HelmChartContainer - [test-hivemq-platform] [hivemq] [be45feea] INFO  - Stopping extension with id hivemq-prometheus-extension
2025-01-30 18:19:21,843 INFO c.h.h.t.HelmChartContainer - [test-hivemq-platform] [hivemq] [be45feea] INFO  - Extension "Prometheus Monitoring Extension" version 4.0.12 stopped successfully.
2025-01-30 18:19:21,844 INFO c.h.h.t.HelmChartContainer - [test-hivemq-platform] [hivemq] [be45feea] INFO  - Stopping extension with id hivemq-allow-all-extension
2025-01-30 18:19:21,844 INFO c.h.h.t.HelmChartContainer - [test-hivemq-platform] [hivemq] [be45feea] INFO  - Extension "Allow All Extension" version 1.1.1 stopped successfully.
2025-01-30 18:19:21,850 INFO c.h.h.t.HelmChartContainer - [test-hivemq-platform] [hivemq] [d9e3b3a4] INFO  - Cluster nodes found by discovery: [TBwBX|2] (1) [TBwBX].
2025-01-30 18:19:21,857 INFO c.h.h.t.HelmChartContainer - [test-hivemq-platform] [hivemq] [d9e3b3a4] INFO  - Cluster size = 1, members : [TBwBX].
2025-01-30 18:19:21,872 INFO c.h.h.t.HelmChartContainer - [test-hivemq-platform] [hivemq] [d9e3b3a4] INFO  - Shutting down extension system
2025-01-30 18:19:21,944 INFO c.h.h.t.HelmChartContainer - [test-hivemq-platform] [hivemq] [d9e3b3a4] INFO  - Stopping extension with id hivemq-dns-cluster-discovery
2025-01-30 18:19:21,945 INFO c.h.h.t.HelmChartContainer - [test-hivemq-platform] [hivemq] [d9e3b3a4] INFO  - Extension "DNS Cluster Discovery Extension" version 4.3.2 stopped successfully.
2025-01-30 18:19:21,945 INFO c.h.h.t.HelmChartContainer - [test-hivemq-platform] [hivemq] [d9e3b3a4] INFO  - Stopping extension with id hivemq-prometheus-extension
2025-01-30 18:19:21,948 INFO c.h.h.t.HelmChartContainer - [test-hivemq-platform] [hivemq] [d9e3b3a4] INFO  - Extension "Prometheus Monitoring Extension" version 4.0.12 stopped successfully.
2025-01-30 18:19:21,949 INFO c.h.h.t.HelmChartContainer - [test-hivemq-platform] [hivemq] [d9e3b3a4] INFO  - Stopping extension with id hivemq-allow-all-extension
2025-01-30 18:19:21,949 INFO c.h.h.t.HelmChartContainer - [test-hivemq-platform] [hivemq] [d9e3b3a4] INFO  - Extension "Allow All Extension" version 1.1.1 stopped successfully.
2025-01-30 18:19:22,371 INFO c.h.h.t.HelmChartContainer - [K3S] [namespace_controller.go:187] "Namespace has been deleted" namespace="monitoring"
2025-01-30 18:19:22,842 INFO c.h.h.t.HelmChartContainer - [test-hivemq-platform] [hivemq] [be45feea] INFO  - [HiveMQ Platform Operator Init App 1.7.0-SNAPSHOT] Returning shutdown Health API response 503 for readiness
2025-01-30 18:19:22,846 INFO c.h.h.t.HelmChartContainer - [EVENT] Warning [Unhealthy] Readiness probe failed: HTTP probe failed with statuscode: 503 [helmmonitoringplatformit:test-hivemq-platform-0]
2025-01-30 18:19:22,846 INFO c.h.h.t.HelmChartContainer - Received Unhealthy event for container hivemq in pod test-hivemq-platform-0 [be45feea-7355-4619-9b33-5710a5ad6fb1]
2025-01-30 18:19:23,476 INFO c.h.h.t.HelmChartContainer - [K3S] [authentication.go:74] "Unable to authenticate the request" err="[invalid bearer token, serviceaccounts \"hivemq-platform-pod-test-hivemq-platform\" not found]"
2025-01-30 18:19:23,497 INFO c.h.h.t.HelmChartContainer - [K3S] [authentication.go:74] "Unable to authenticate the request" err="[invalid bearer token, serviceaccounts \"hivemq-platform-pod-test-hivemq-platform\" not found]"
2025-01-30 18:19:23,498 INFO c.h.h.t.HelmChartContainer - [test-hivemq-platform] [hivemq] [be45feea] WARN  - [HiveMQ Platform Operator Init App 1.7.0-SNAPSHOT] Could not update Pod annotations: Failure executing: GET at: https://10.43.0.1:443/api/v1/namespaces/helmmonitoringplatformit/pods/test-hivemq-platform-0. Message: Unauthorized. Received status: Status(apiVersion=v1, code=401, details=null, kind=Status, message=Unauthorized, metadata=ListMeta(_continue=null, remainingItemCount=null, resourceVersion=null, selfLink=null, additionalProperties={}), reason=Unauthorized, status=Failure, additionalProperties={}).
2025-01-30 18:19:24,194 INFO c.h.h.t.HelmChartContainer - [test-hivemq-platform] [hivemq] [d9e3b3a4] INFO  - Shutdown completed.
2025-01-30 18:19:24,210 INFO c.h.h.t.HelmChartContainer - [test-hivemq-platform] [hivemq] [be45feea] INFO  - Shutdown completed.
2025-01-30 18:19:24,546 INFO c.h.h.t.HelmChartContainer - [test-hivemq-platform] [hivemq] [d9e3b3a4] INFO  - [HiveMQ Platform Operator Init App 1.7.0-SNAPSHOT] The HiveMQ Platform exited with code 143
2025-01-30 18:19:24,547 INFO c.h.h.t.HelmChartContainer - [test-hivemq-platform] [hivemq] [d9e3b3a4] INFO  - [HiveMQ Platform Operator Init App 1.7.0-SNAPSHOT] Stopping the REST API
2025-01-30 18:19:24,571 INFO c.h.h.t.HelmChartContainer - [test-hivemq-platform] [hivemq] [be45feea] INFO  - [HiveMQ Platform Operator Init App 1.7.0-SNAPSHOT] The HiveMQ Platform exited with code 143
2025-01-30 18:19:24,572 INFO c.h.h.t.HelmChartContainer - [test-hivemq-platform] [hivemq] [be45feea] INFO  - [HiveMQ Platform Operator Init App 1.7.0-SNAPSHOT] Stopping the REST API
2025-01-30 18:19:24,580 INFO c.h.h.t.HelmChartContainer - [test-hivemq-platform] [hivemq] [d9e3b3a4] INFO  - [HiveMQ Platform Operator Init App 1.7.0-SNAPSHOT] Shutdown complete
2025-01-30 18:19:24,631 INFO c.h.h.t.HelmChartContainer - [test-hivemq-platform] [hivemq] [be45feea] INFO  - [HiveMQ Platform Operator Init App 1.7.0-SNAPSHOT] Shutdown complete
2025-01-30 18:19:24,915 INFO c.h.h.t.HelmChartContainer - [K3S] [stateful_set.go:466] "StatefulSet has been deleted" key="helmmonitoringplatformit/test-hivemq-platform"
2025-01-30 18:19:25,042 INFO c.h.h.t.HelmChartContainer - [POD] test-hivemq-platform-1 [d9e3b3a4-3491-4ad3-af9b-1c70c5d15c48] in helmmonitoringplatformit was MODIFIED
2025-01-30 18:19:25,080 INFO c.h.h.t.HelmChartContainer - [POD] test-hivemq-platform-0 [be45feea-7355-4619-9b33-5710a5ad6fb1] in helmmonitoringplatformit was MODIFIED
2025-01-30 18:19:25,160 INFO c.h.h.t.HelmChartContainer - [K3S] [reconciler_common.go:162] "operationExecutor.UnmountVolume started for volume \"kube-api-access-ggnlb\" (UniqueName: \"kubernetes.io/projected/d9e3b3a4-3491-4ad3-af9b-1c70c5d15c48-kube-api-access-ggnlb\") pod \"d9e3b3a4-3491-4ad3-af9b-1c70c5d15c48\" (UID: \"d9e3b3a4-3491-4ad3-af9b-1c70c5d15c48\") "
2025-01-30 18:19:25,160 INFO c.h.h.t.HelmChartContainer - [K3S] [reconciler_common.go:162] "operationExecutor.UnmountVolume started for volume \"pod-info\" (UniqueName: \"kubernetes.io/configmap/be45feea-7355-4619-9b33-5710a5ad6fb1-pod-info\") pod \"be45feea-7355-4619-9b33-5710a5ad6fb1\" (UID: \"be45feea-7355-4619-9b33-5710a5ad6fb1\") "
2025-01-30 18:19:25,160 INFO c.h.h.t.HelmChartContainer - [K3S] [reconciler_common.go:162] "operationExecutor.UnmountVolume started for volume \"operator-init\" (UniqueName: \"kubernetes.io/empty-dir/be45feea-7355-4619-9b33-5710a5ad6fb1-operator-init\") pod \"be45feea-7355-4619-9b33-5710a5ad6fb1\" (UID: \"be45feea-7355-4619-9b33-5710a5ad6fb1\") "
2025-01-30 18:19:25,160 INFO c.h.h.t.HelmChartContainer - [K3S] [reconciler_common.go:162] "operationExecutor.UnmountVolume started for volume \"broker-configuration\" (UniqueName: \"kubernetes.io/configmap/be45feea-7355-4619-9b33-5710a5ad6fb1-broker-configuration\") pod \"be45feea-7355-4619-9b33-5710a5ad6fb1\" (UID: \"be45feea-7355-4619-9b33-5710a5ad6fb1\") "
2025-01-30 18:19:25,160 INFO c.h.h.t.HelmChartContainer - [K3S] [reconciler_common.go:162] "operationExecutor.UnmountVolume started for volume \"pod-info\" (UniqueName: \"kubernetes.io/configmap/d9e3b3a4-3491-4ad3-af9b-1c70c5d15c48-pod-info\") pod \"d9e3b3a4-3491-4ad3-af9b-1c70c5d15c48\" (UID: \"d9e3b3a4-3491-4ad3-af9b-1c70c5d15c48\") "
2025-01-30 18:19:25,160 INFO c.h.h.t.HelmChartContainer - [K3S] [reconciler_common.go:162] "operationExecutor.UnmountVolume started for volume \"operator-init\" (UniqueName: \"kubernetes.io/empty-dir/d9e3b3a4-3491-4ad3-af9b-1c70c5d15c48-operator-init\") pod \"d9e3b3a4-3491-4ad3-af9b-1c70c5d15c48\" (UID: \"d9e3b3a4-3491-4ad3-af9b-1c70c5d15c48\") "
2025-01-30 18:19:25,160 INFO c.h.h.t.HelmChartContainer - [K3S] [reconciler_common.go:162] "operationExecutor.UnmountVolume started for volume \"kube-api-access-lbw4j\" (UniqueName: \"kubernetes.io/projected/be45feea-7355-4619-9b33-5710a5ad6fb1-kube-api-access-lbw4j\") pod \"be45feea-7355-4619-9b33-5710a5ad6fb1\" (UID: \"be45feea-7355-4619-9b33-5710a5ad6fb1\") "
2025-01-30 18:19:25,160 INFO c.h.h.t.HelmChartContainer - [K3S] [reconciler_common.go:162] "operationExecutor.UnmountVolume started for volume \"broker-configuration\" (UniqueName: \"kubernetes.io/configmap/d9e3b3a4-3491-4ad3-af9b-1c70c5d15c48-broker-configuration\") pod \"d9e3b3a4-3491-4ad3-af9b-1c70c5d15c48\" (UID: \"d9e3b3a4-3491-4ad3-af9b-1c70c5d15c48\") "
2025-01-30 18:19:25,261 INFO c.h.h.t.HelmChartContainer - [K3S] [reconciler_common.go:299] "Volume detached for volume \"pod-info\" (UniqueName: \"kubernetes.io/configmap/be45feea-7355-4619-9b33-5710a5ad6fb1-pod-info\") on node \"66de24468ee4\" DevicePath \"\""
2025-01-30 18:19:25,261 INFO c.h.h.t.HelmChartContainer - [K3S] [reconciler_common.go:299] "Volume detached for volume \"kube-api-access-ggnlb\" (UniqueName: \"kubernetes.io/projected/d9e3b3a4-3491-4ad3-af9b-1c70c5d15c48-kube-api-access-ggnlb\") on node \"66de24468ee4\" DevicePath \"\""
2025-01-30 18:19:25,261 INFO c.h.h.t.HelmChartContainer - [K3S] [reconciler_common.go:299] "Volume detached for volume \"broker-configuration\" (UniqueName: \"kubernetes.io/configmap/be45feea-7355-4619-9b33-5710a5ad6fb1-broker-configuration\") on node \"66de24468ee4\" DevicePath \"\""
2025-01-30 18:19:25,261 INFO c.h.h.t.HelmChartContainer - [K3S] [reconciler_common.go:299] "Volume detached for volume \"pod-info\" (UniqueName: \"kubernetes.io/configmap/d9e3b3a4-3491-4ad3-af9b-1c70c5d15c48-pod-info\") on node \"66de24468ee4\" DevicePath \"\""
2025-01-30 18:19:25,261 INFO c.h.h.t.HelmChartContainer - [K3S] [reconciler_common.go:299] "Volume detached for volume \"operator-init\" (UniqueName: \"kubernetes.io/empty-dir/be45feea-7355-4619-9b33-5710a5ad6fb1-operator-init\") on node \"66de24468ee4\" DevicePath \"\""
2025-01-30 18:19:25,261 INFO c.h.h.t.HelmChartContainer - [K3S] [reconciler_common.go:299] "Volume detached for volume \"operator-init\" (UniqueName: \"kubernetes.io/empty-dir/d9e3b3a4-3491-4ad3-af9b-1c70c5d15c48-operator-init\") on node \"66de24468ee4\" DevicePath \"\""
2025-01-30 18:19:25,261 INFO c.h.h.t.HelmChartContainer - [K3S] [reconciler_common.go:299] "Volume detached for volume \"kube-api-access-lbw4j\" (UniqueName: \"kubernetes.io/projected/be45feea-7355-4619-9b33-5710a5ad6fb1-kube-api-access-lbw4j\") on node \"66de24468ee4\" DevicePath \"\""
2025-01-30 18:19:25,261 INFO c.h.h.t.HelmChartContainer - [K3S] [reconciler_common.go:299] "Volume detached for volume \"broker-configuration\" (UniqueName: \"kubernetes.io/configmap/d9e3b3a4-3491-4ad3-af9b-1c70c5d15c48-broker-configuration\") on node \"66de24468ee4\" DevicePath \"\""
2025-01-30 18:19:25,823 INFO c.h.h.t.HelmChartContainer - [K3S] [scope.go:117] "RemoveContainer" containerID="25074fbc33ba2bb88de5cc85b9f78bfe2b916d45bf998db0cd6853fd98b72dda"
2025-01-30 18:19:25,838 INFO c.h.h.t.HelmChartContainer - [POD] test-hivemq-platform-1 [d9e3b3a4-3491-4ad3-af9b-1c70c5d15c48] in helmmonitoringplatformit was MODIFIED
2025-01-30 18:19:25,858 INFO c.h.h.t.HelmChartContainer - [POD] test-hivemq-platform-1 [d9e3b3a4-3491-4ad3-af9b-1c70c5d15c48] in helmmonitoringplatformit was DELETED
2025-01-30 18:19:25,859 INFO c.h.h.t.HelmChartContainer - [POD] test-hivemq-platform-0 [be45feea-7355-4619-9b33-5710a5ad6fb1] in helmmonitoringplatformit was MODIFIED
2025-01-30 18:19:25,865 INFO c.h.h.t.HelmChartContainer - [POD] test-hivemq-platform-0 [be45feea-7355-4619-9b33-5710a5ad6fb1] in helmmonitoringplatformit was DELETED
2025-01-30 18:19:25,943 INFO c.h.h.t.HelmChartContainer - [K3S] [kubelet_volumes.go:163] "Cleaned up orphaned pod volumes dir" podUID="be45feea-7355-4619-9b33-5710a5ad6fb1" path="/var/lib/kubelet/pods/be45feea-7355-4619-9b33-5710a5ad6fb1/volumes"
2025-01-30 18:19:25,944 INFO c.h.h.t.HelmChartContainer - [K3S] [kubelet_volumes.go:163] "Cleaned up orphaned pod volumes dir" podUID="d9e3b3a4-3491-4ad3-af9b-1c70c5d15c48" path="/var/lib/kubelet/pods/d9e3b3a4-3491-4ad3-af9b-1c70c5d15c48/volumes"
2025-01-30 18:19:25,946 INFO c.h.h.t.HelmChartContainer - [K3S] [scope.go:117] "RemoveContainer" containerID="a6b240bc1669f29d54b0acfc7f8811fa1dd6646a541b839a3f0a495cce4faf7b"
2025-01-30 18:19:25,949 INFO c.h.h.t.HelmChartContainer - [K3S] [scope.go:117] "RemoveContainer" containerID="25074fbc33ba2bb88de5cc85b9f78bfe2b916d45bf998db0cd6853fd98b72dda"
2025-01-30 18:19:25,950 INFO c.h.h.t.HelmChartContainer - [K3S] [scope.go:117] "RemoveContainer" containerID="a6b240bc1669f29d54b0acfc7f8811fa1dd6646a541b839a3f0a495cce4faf7b"
2025-01-30 18:19:25,950 INFO c.h.h.t.HelmChartContainer - [K3S] [scope.go:117] "RemoveContainer" containerID="6da1e40c1cc9f0c0044d9565f78cac9745adbf2807c0be10b1b90040ddbc79a2"
2025-01-30 18:19:26,040 INFO c.h.h.t.HelmChartContainer - [K3S] [scope.go:117] "RemoveContainer" containerID="1d67cc4d90707de479497368efcafe431f4578975ed2ea1a3090e6872f5625fd"
2025-01-30 18:19:26,043 INFO c.h.h.t.HelmChartContainer - [K3S] [scope.go:117] "RemoveContainer" containerID="6da1e40c1cc9f0c0044d9565f78cac9745adbf2807c0be10b1b90040ddbc79a2"
2025-01-30 18:19:26,044 INFO c.h.h.t.HelmChartContainer - [K3S] [scope.go:117] "RemoveContainer" containerID="1d67cc4d90707de479497368efcafe431f4578975ed2ea1a3090e6872f5625fd"
2025-01-30 18:19:30,189 INFO c.h.h.t.HelmChartContainer - Namespace 'helmmonitoringplatformit' deleted
2025-01-30 18:19:30,189 INFO c.h.h.t.HelmChartContainer - Release 'test-hivemq-platform' in namespace 'helmmonitoringplatformit' is uninstalled
2025-01-30 18:19:30,189 INFO c.h.h.t.HelmChartContainer - Uninstalling release 'test-hivemq-platform-operator' in namespace 'helmmonitoringplatformit-operator'...
2025-01-30 18:19:30,189 DEBUG c.h.h.t.HelmChartContainer - Executing helm command: /bin/helm --kubeconfig /etc/rancher/k3s/k3s.yaml uninstall test-hivemq-platform-operator  --wait --timeout 5m0s --cascade foreground --namespace helmmonitoringplatformit-operator
2025-01-30 18:19:30,376 INFO c.h.h.t.HelmChartContainer - [K3S] [replica_set.go:679] "Finished syncing" kind="ReplicaSet" key="helmmonitoringplatformit-operator/hivemq-test-hivemq-platform-operator-6966f96d65" duration="9.886566ms"
2025-01-30 18:19:30,376 INFO c.h.h.t.HelmChartContainer - [K3S] [replica_set.go:679] "Finished syncing" kind="ReplicaSet" key="helmmonitoringplatformit-operator/hivemq-test-hivemq-platform-operator-6966f96d65" duration="36.158µs"
2025-01-30 18:19:30,391 INFO c.h.h.t.HelmChartContainer - [POD] hivemq-test-hivemq-platform-operator-6966f96d65-jzm9c [5c057a65-e10d-49ef-89cb-1ec63f89f787] in helmmonitoringplatformit-operator was MODIFIED
2025-01-30 18:19:30,405 INFO c.h.h.t.HelmChartContainer - [hivemq-test-hivemq-platform] [hivemq-platform-operator] [5c057a65] 18:19:30.402 [application-shutdown-thread] INFO  c.h.p.o.HiveMQPlatformOperatorApplication - HiveMQ Platform Operator is stopping...
2025-01-30 18:19:30,405 INFO c.h.h.t.HelmChartContainer - [hivemq-test-hivemq-platform] [hivemq-platform-operator] [5c057a65] 18:19:30.403 [application-shutdown-thread] INFO  i.javaoperatorsdk.operator.Operator - Operator SDK 4.9.7 is shutting down...
2025-01-30 18:19:30,406 INFO c.h.h.t.HelmChartContainer - [EVENT] Normal [Killing] Stopping container hivemq-platform-operator [helmmonitoringplatformit-operator:hivemq-test-hivemq-platform-operator-6966f96d65-jzm9c]
2025-01-30 18:19:30,406 INFO c.h.h.t.HelmChartContainer - Received Killing event for container hivemq-platform-operator in pod hivemq-test-hivemq-platform-operator-6966f96d65-jzm9c [5c057a65-e10d-49ef-89cb-1ec63f89f787]
2025-01-30 18:19:30,406 INFO c.h.h.t.HelmChartContainer - Container [hivemq-test-hivemq-platform-operator-6966f96d65-jzm9c] [hivemq-platform-operator] [5c057a65-e10d-49ef-89cb-1ec63f89f787] was terminated
2025-01-30 18:19:30,406 INFO c.h.h.t.HelmChartContainer - Stopped log watcher for hivemq-platform-operator in pod hivemq-test-hivemq-platform-operator-6966f96d65-jzm9c [5c057a65-e10d-49ef-89cb-1ec63f89f787]
2025-01-30 18:19:30,410 INFO c.h.h.t.HelmChartContainer - [K3S] [replica_set.go:679] "Finished syncing" kind="ReplicaSet" key="helmmonitoringplatformit-operator/hivemq-test-hivemq-platform-operator-6966f96d65" duration="20.466814ms"
2025-01-30 18:19:30,411 INFO c.h.h.t.HelmChartContainer - [K3S] [replica_set.go:679] "Finished syncing" kind="ReplicaSet" key="helmmonitoringplatformit-operator/hivemq-test-hivemq-platform-operator-6966f96d65" duration="35.696µs"
2025-01-30 18:19:30,414 INFO c.h.h.t.HelmChartContainer - [EVENT] Warning [FailedToUpdateEndpoint] Failed to update endpoint helmmonitoringplatformit-operator/hivemq-platform-operator-test-hivemq-platform-operator: Operation cannot be fulfilled on endpoints "hivemq-platform-operator-test-hivemq-platform-operator": StorageError: invalid object, Code: 4, Key: /registry/services/endpoints/helmmonitoringplatformit-operator/hivemq-platform-operator-test-hivemq-platform-operator, ResourceVersion: 0, AdditionalErrorMsg: Precondition failed: UID in precondition: 31a3de95-ff88-405c-85ec-86d54f43ed8e, UID in object meta:  [helmmonitoringplatformit-operator:hivemq-platform-operator-test-hivemq-platform-operator]
2025-01-30 18:19:30,911 INFO c.h.h.t.HelmChartContainer - [K3S] [replica_set.go:679] "Finished syncing" kind="ReplicaSet" key="helmmonitoringplatformit-operator/hivemq-test-hivemq-platform-operator-6966f96d65" duration="43.832µs"
2025-01-30 18:19:30,912 INFO c.h.h.t.HelmChartContainer - [POD] hivemq-test-hivemq-platform-operator-6966f96d65-jzm9c [5c057a65-e10d-49ef-89cb-1ec63f89f787] in helmmonitoringplatformit-operator was MODIFIED
2025-01-30 18:19:30,993 INFO c.h.h.t.HelmChartContainer - [K3S] [reconciler_common.go:162] "operationExecutor.UnmountVolume started for volume \"kube-api-access-kftws\" (UniqueName: \"kubernetes.io/projected/5c057a65-e10d-49ef-89cb-1ec63f89f787-kube-api-access-kftws\") pod \"5c057a65-e10d-49ef-89cb-1ec63f89f787\" (UID: \"5c057a65-e10d-49ef-89cb-1ec63f89f787\") "
2025-01-30 18:19:31,106 INFO c.h.h.t.HelmChartContainer - [K3S] [reconciler_common.go:299] "Volume detached for volume \"kube-api-access-kftws\" (UniqueName: \"kubernetes.io/projected/5c057a65-e10d-49ef-89cb-1ec63f89f787-kube-api-access-kftws\") on node \"66de24468ee4\" DevicePath \"\""
2025-01-30 18:19:31,839 INFO c.h.h.t.HelmChartContainer - [K3S] [scope.go:117] "RemoveContainer" containerID="9f39ab859a1befea1975b2c9bbebc1694f840170ca26ce531ec1ed94f4a534ac"
2025-01-30 18:19:31,851 INFO c.h.h.t.HelmChartContainer - [K3S] [replica_set.go:679] "Finished syncing" kind="ReplicaSet" key="helmmonitoringplatformit-operator/hivemq-test-hivemq-platform-operator-6966f96d65" duration="66.925µs"
2025-01-30 18:19:31,851 INFO c.h.h.t.HelmChartContainer - [POD] hivemq-test-hivemq-platform-operator-6966f96d65-jzm9c [5c057a65-e10d-49ef-89cb-1ec63f89f787] in helmmonitoringplatformit-operator was MODIFIED
2025-01-30 18:19:31,853 INFO c.h.h.t.HelmChartContainer - [K3S] [replica_set.go:679] "Finished syncing" kind="ReplicaSet" key="helmmonitoringplatformit-operator/hivemq-test-hivemq-platform-operator-6966f96d65" duration="30.808µs"
2025-01-30 18:19:31,853 INFO c.h.h.t.HelmChartContainer - [POD] hivemq-test-hivemq-platform-operator-6966f96d65-jzm9c [5c057a65-e10d-49ef-89cb-1ec63f89f787] in helmmonitoringplatformit-operator was DELETED
2025-01-30 18:19:31,864 INFO c.h.h.t.HelmChartContainer - [K3S] [replica_set.go:679] "Finished syncing" kind="ReplicaSet" key="helmmonitoringplatformit-operator/hivemq-test-hivemq-platform-operator-6966f96d65" duration="6.432µs"
2025-01-30 18:19:31,943 INFO c.h.h.t.HelmChartContainer - [K3S] [kubelet_volumes.go:163] "Cleaned up orphaned pod volumes dir" podUID="5c057a65-e10d-49ef-89cb-1ec63f89f787" path="/var/lib/kubelet/pods/5c057a65-e10d-49ef-89cb-1ec63f89f787/volumes"
2025-01-30 18:19:32,414 INFO c.h.h.t.HelmChartContainer - Deleting namespace 'helmmonitoringplatformit-operator'...
2025-01-30 18:19:35,150 INFO c.h.h.t.HelmChartContainer - [K3S] [namespace_controller.go:187] "Namespace has been deleted" namespace="helmmonitoringplatformit"
2025-01-30 18:19:37,630 INFO c.h.h.t.HelmChartContainer - Namespace 'helmmonitoringplatformit-operator' deleted
2025-01-30 18:19:37,630 INFO c.h.h.t.HelmChartContainer - Release 'test-hivemq-platform-operator' in namespace 'helmmonitoringplatformit-operator' is uninstalled
2025-01-30 18:19:38,274 INFO c.h.helmcharts.AbstractHelmChartIT - Removed unused containers:

2025-01-30 18:19:42,575 INFO c.h.h.t.HelmChartContainer - [K3S] [namespace_controller.go:187] "Namespace has been deleted" namespace="helmmonitoringplatformit-operator"
2025-01-30 18:19:53,081 INFO c.h.helmcharts.AbstractHelmChartIT - Removed unused snapshots:
Removing snapshot sha256:03af251906410714c5aef9fa705b63f6bbc39c4a5e787de7361eeb18886c2ed2
Removing snapshot sha256:0c46b3b43cce082ce5ec34ffc6c294e0417d17b9d1e6f366d114b6aadc4f96dc
Removing snapshot sha256:0ce761beee59082d6ed5bcebd3a805b8ddd9b3426b617e4809e7fb7c6587ffec
Removing snapshot sha256:0df91287303208332c8ff6ba40ae4710105201739addbfbddfb955f1ad593664
Removing snapshot sha256:0f30b4526626599ad6853b13d715ed5f11e4dac30bdf22795ee36d8b73285c01
Removing snapshot sha256:1021ef88c7974bfff89c5a0ec4fd3160daac6c48a075f74cff721f85dd104e68
Removing snapshot sha256:10aba4953ddc18145dd38e3704709bc464aa20af60b56fe52caaff4b68411e62
Removing snapshot sha256:17b3230dbaa15b80ea4c59d385a510a1c6c669d654d4445b25f4122988ddf932
Removing snapshot sha256:1ab0a79eb9ae3bab99382d18e27cb1c587196d2929db9c8d1c79088bd5a8fa18
Removing snapshot sha256:1e604deea57dbda554a168861cff1238f93b8c6c69c863c43aed37d9d99c5fed
Removing snapshot sha256:2330d1b95992fe4dfdab1ed70e86e349f3f37a80a92140a1ec441a9c3169bcb7
Removing snapshot sha256:2573e0d8158209ed54ab25c87bcdcb00bd3d2539246960a3d592a1c599d70465
Removing snapshot sha256:3102b3958924e454ee4c19fe49136c5727bea4a438945b9d85ed7525ae7ad17a
Removing snapshot sha256:362a8a37f8bbc31925a8146adcf7cf51f9882f5c1dcbef67c5baa03a297543c0
Removing snapshot sha256:38300cd41e4e7621f1880dc17df1510a0b41c3700bba086c7d13695c2852c906
Removing snapshot sha256:3aea2e5ee60f1f0173fafb64e361c34847c160a755964b223b571f112b206391
Removing snapshot sha256:3d737060823899829eb7827e20ddb4021f5c31c4e7e348a380b528903c9051ae
Removing snapshot sha256:3fa4ad33f0ddc8fd45b39b6b4640f82a3a83619606cd975bfe89d8710ad2d4cd
Removing snapshot sha256:42508696bab4cddb098661270605482768f11b222c3b338a84e17c388a573539
Removing snapshot sha256:42b3566bfb67a7e1e92c7fb9a9d9fd9d5d1c68fb9234b2e7e8d57e3894c584c6
Removing snapshot sha256:43a7c979bbaba6838bc3102d6b10a1459f3ab050b87ccdfef84ef90cf43d3058
Removing snapshot sha256:43e32e0401181ce446773595aa5b45dd3de52a62bd17ce6321e472661bef46fc
Removing snapshot sha256:4ab04491cdf0d3267f08206fe30bd48f49f94b9cab2f016d6739220f722a64af
Removing snapshot sha256:4b6068250e89c96f263060261819c7d912855bfbd64b3eb4c4a8483299b8c295
Removing snapshot sha256:4e4a4c2a9fcafd941707917d9cb4c348229dcda7e6a77d20a5c9e977659e2acb
Removing snapshot sha256:580e69a0a8034ede1921139bbd2bfb72a69ebf276d008281896c32dd8bf74775
Removing snapshot sha256:597fcac6b802be96dede6dae530b1fd3d80ee2191e3c39bd5c3dfb528309801e
Removing snapshot sha256:59860db8e524598ca0913cb5a7821a1a1c1e56f61dec4fe619ad8a278bfd44c2
Removing snapshot sha256:5a9ba96b94a7acc2c16f45d7113265f2705262d850ff8d73abf339acec4e4283
Removing snapshot sha256:5d30ba46b27fe37484567ccc5242cadc78217b8da605f3f195ef25cbf7487904
Removing snapshot sha256:63ca1fbb43ae5034640e5e6cb3e083e05c290072c5366fcaa9d62435a4cced85
Removing snapshot sha256:67f702c6baae873bceb19487c8b1f27bd2b86077e4f2f0e480e6d60ab508b8f5
Removing snapshot sha256:6864348dd42806d552efdec384f1274be15e2d0c10ce44c1f04347af004c10a9
Removing snapshot sha256:6c7dee8f2c39b84b7dc2711c01d33de93514d9055499173e9290176fbe484b6c
Removing snapshot sha256:6d2198b9bba47eb108a6f8e064d85edb59b204d24ceb4d866ad96079b9ec1498
Removing snapshot sha256:711f0795be2fadadbf9fe1151ea3506c44bc3c41083e049b25f8bac1bd91851c
Removing snapshot sha256:74acea72c72664d31caa1810182a8d9f76600a5e41ed9d1eb2814c0bc090bfea
Removing snapshot sha256:75654b8eeebd3beae97271a102f57cdeb794cc91e442648544963a7e951e9558
Removing snapshot sha256:783ad6a93b23221db9f18c15f79aeb134655b6dd29a9a9bc7472ee50852d14a7
Removing snapshot sha256:81ed7e1a344eefb04664b5d772157e32be190d566bd3083af46ec0b8796ae9ae
Removing snapshot sha256:82753493a6d61ded36556292f02f31841a14c20d2f279f19eaad65afb661d5cd
Removing snapshot sha256:84a897f1c589cde259313d1efcd537ab957267a6526caa797d9703c4ee903204
Removing snapshot sha256:8a10d3db42c505ee0fcfa98417bdd7e39b304f6bcc0a06bb1b220797ff2cc63c
Removing snapshot sha256:8ac13dfc95434f7c6dd0dfb316500dc4bd80cada8044553ae9fe41225db0dc60
Removing snapshot sha256:8d297423f53775a6b77d49e57a5e9f47799fcfddca869a1164226d56c8299763
Removing snapshot sha256:8ec1e08a6c109c9698b32f46974375ee19470c62a5de0618346b3b4442919582
Removing snapshot sha256:94b728d964f60c89faa32d3296c8e524b6a15c163f95728001c8be4091968231
Removing snapshot sha256:9852f74557303324154e94d69646a117800c24f830d6dd3150a61f1cb1877bfb
Removing snapshot sha256:a0904247e36a7726c03c71ee48f3e64462021c88dafeb13f37fdaf613b27f11c
Removing snapshot sha256:a21e5b12dbac529ad45d976eb9ce45c881f3bedcc500fb30aba1e52aa1813418
Removing snapshot sha256:afb9d24a81528af822cc0a49b79c922afd1b6fb3355f0fe3683749f5ad2e2e5e
Removing snapshot sha256:b403bf5671b66322a4fb4fcf772687a9e487ab58804584befcae862807d8eb88
Removing snapshot sha256:b4214e4ea558b9896918618eb4c95e7dd5f142d795b1463f1b16a2f85f863954
Removing snapshot sha256:b8c8d85687c0d5b64887dfaf35dedad43ecac3954a798ffa91d79a5aeb500496
Removing snapshot sha256:b921e6c28969094157f9b8e7244677780319637afd14450b7cb6b2fdea558a0c
Removing snapshot sha256:bc27ecb5769a00e309cf99ebc763c4a4b958b618d1decc96ffac5bc05f02f5b7
Removing snapshot sha256:be3ccb6627a5332e309d45ef461d09b4879dd870c7394d89323d0ebc6ca6aa8a
Removing snapshot sha256:c261f7cbbc64211ee175ee47273acdb7b1a36a4450b397a064a8f2c026490095
Removing snapshot sha256:c34d9393647eea0c9e3557ab988efaf59f61d10a2a5613b439ef0958cca5ec10
Removing snapshot sha256:ccf3c4a0fa967a41c1c83497a2ce6fa5787965859df0adb32c4ca2cf7490bc2b
Removing snapshot sha256:cda334c60720b02c295deeee0739beb29d9283df72a19f0e73b54e50c89e8c00
Removing snapshot sha256:cf92d33f869417309692088c341cd0f223c178ea78a125f757317b22aa8f90e9
Removing snapshot sha256:d0037344cf2fb078884f1849f6a1f8cf9a33a3b6139b6a85833e5ee528e1f9a8
Removing snapshot sha256:d3b36d5b79273b1e98e7700470eaeff05a882e777124d84cebcc1505b85ecb36
Removing snapshot sha256:d65a44a37914602d12c611e5e22a50f11451d847e63015cc1c2aef92dee777a4
Removing snapshot sha256:d7698055289ea72fad6a712ae4a30a02f6f294e476718fac7d5eea9098793d8e
Removing snapshot sha256:deb8fe0e16fb632523b566bfa4819d4c8b7689407d4211b88d26b6988d84ef75
Removing snapshot sha256:e2dc0bae2455930f23ae570e019b7f32edc75c0f2d71cab084db837ff9051796
Removing snapshot sha256:e58151b46376c08fb48e2a2fbe134b6de223be0749d20b7b60bf475e526a2884
Removing snapshot sha256:eccbd24a99c60cd9e86ee5305dbfc4a4dc89f5ab4fb1f06c8d64797cecedef34
Removing snapshot sha256:f144bb4c7c7f0d2aa7eeffd36d934ec40db1ee167be727e326aad9fdc616f475

]]></system-out>
  </testcase>
  <system-out><![CDATA[2025-01-30 18:16:13,493 INFO c.h.h.t.HelmChartContainerExtension - Using cached HelmChartContainer instance
]]></system-out>
  <system-err><![CDATA[]]></system-err>
</testsuite>
