<?xml version="1.0" encoding="UTF-8"?>
<testsuite name="com.hivemq.helmcharts.license.HelmExtensionLicensesIT" tests="2" skipped="0" failures="0" errors="0" timestamp="2025-03-11T06:20:03" hostname="fv-az1373-653" time="215.827">
  <properties/>
  <testcase name="withExtensionLicenseFileContent_statefulSetWithLicenseSecretMounted()" classname="com.hivemq.helmcharts.license.HelmExtensionLicensesIT" time="105.346"/>
  <testcase name="withExistingExtensionLicenseSecret_statefulSetWithLicenseSecretMounted()" classname="com.hivemq.helmcharts.license.HelmExtensionLicensesIT" time="110.48"/>
</testsuite>
