<?xml version="1.0" encoding="UTF-8"?>
<testsuite name="com.hivemq.helmcharts.migration.HelmLegacyStatefulSetMigrationIT" tests="1" skipped="0" failures="0" errors="0" timestamp="2025-03-14T16:35:10" hostname="fv-az1377-740" time="323.797">
  <properties/>
  <testcase name="migrateToCurrentPlatformOperator()" classname="com.hivemq.helmcharts.migration.HelmLegacyStatefulSetMigrationIT" time="323.797"/>
</testsuite>
