<?xml version="1.0" encoding="UTF-8"?>
<testsuite name="com.hivemq.helmcharts.operator.HelmUpgradeOperatorIT" tests="1" skipped="0" failures="0" errors="0" timestamp="2025-04-14T07:08:56" hostname="fv-az1782-70" time="34.721">
  <properties/>
  <testcase name="withDeployedOperator_upgradeUsingNewValues()" classname="com.hivemq.helmcharts.operator.HelmUpgradeOperatorIT" time="34.721"/>
</testsuite>
