<?xml version="1.0" encoding="UTF-8"?>
<testsuite name="com.hivemq.helmcharts.volumes.HelmVolumeClaimTemplatesIT" tests="1" skipped="0" failures="0" errors="0" timestamp="2025-06-16T06:52:38" hostname="fv-az792-268" time="347.118">
  <properties/>
  <testcase name="platform_whenVolumeClaimTemplateIsConfigured_withAdditionalVolumes_thenPersistentVolumeClaimsCreated()" classname="com.hivemq.helmcharts.volumes.HelmVolumeClaimTemplatesIT" time="347.118"/>
</testsuite>
