<?xml version="1.0" encoding="UTF-8"?>
<testsuite name="com.hivemq.helmcharts.serviceaccount.HelmCustomServiceAccountCreateMissingPermissionsIT" tests="1" skipped="0" failures="0" errors="0" timestamp="2025-05-28T17:45:00" hostname="fv-az1316-617" time="83.401">
  <properties/>
  <testcase name="platformCharts_withNonExistingPermissionsThenCreate_hivemqRunning()" classname="com.hivemq.helmcharts.serviceaccount.HelmCustomServiceAccountCreateMissingPermissionsIT" time="83.401"/>
</testsuite>
