<?xml version="1.0" encoding="UTF-8"?>
<testsuite name="com.hivemq.helmcharts.serviceaccount.HelmCustomServiceAccountCreateMissingPermissionsIT" tests="1" skipped="0" failures="0" errors="0" timestamp="2025-05-07T13:32:25" hostname="fv-az1945-581" time="85.099">
  <properties/>
  <testcase name="platformCharts_withNonExistingPermissionsThenCreate_hivemqRunning()" classname="com.hivemq.helmcharts.serviceaccount.HelmCustomServiceAccountCreateMissingPermissionsIT" time="85.099"/>
</testsuite>
