<?xml version="1.0" encoding="UTF-8"?>
<testsuite name="com.hivemq.helmcharts.operator.CustomOperatorSelectorsIT" tests="1" skipped="0" failures="0" errors="0" timestamp="2025-01-29T00:59:26" hostname="fv-az1779-901" time="99.713">
  <properties/>
  <testcase name="whenOperatorSelectorIsConfigured_thenOnlyMatchingCustomResourcesAreReconciled()" classname="com.hivemq.helmcharts.operator.CustomOperatorSelectorsIT" time="99.713">
    <system-out><![CDATA[2025-01-29 00:59:26,153 INFO c.h.h.t.HelmChartContainer - Creating namespace 'customoperatorselectorsit-operator'...
2025-01-29 00:59:26,159 INFO c.h.h.t.HelmChartContainer - Namespace 'customoperatorselectorsit-operator' created
2025-01-29 00:59:26,159 INFO c.h.h.t.HelmChartContainer - Creating namespace 'customoperatorselectorsit'...
2025-01-29 00:59:26,262 INFO c.h.h.t.HelmChartContainer - Namespace 'customoperatorselectorsit' created
2025-01-29 00:59:26,346 DEBUG c.h.h.t.HelmChartContainer - Executing helm command: /bin/helm --kubeconfig /etc/rancher/k3s/k3s.yaml install test-hivemq-platform-operator /charts/hivemq-platform-operator --wait --timeout 5m0s --set image.repository=docker.io/hivemq --set image.name=hivemq-platform-operator-test --set image.initImageName=hivemq-platform-operator-init-test --set image.tag=snapshot --set image.pullPolicy=Never --set logLevel=DEBUG --set resources.cpu=512m --set selectors=group=alpha\,tier!=one --namespace customoperatorselectorsit-operator
2025-01-29 00:59:26,670 INFO c.h.h.t.HelmChartContainer - [K3S] [alloc.go:330] "allocated clusterIPs" service="customoperatorselectorsit-operator/hivemq-platform-operator-test-hivemq-platform-operator" clusterIPs={"IPv4":"10.43.100.105"}
2025-01-29 00:59:26,688 INFO c.h.h.t.HelmChartContainer - [EVENT] Normal [ScalingReplicaSet] Scaled up replica set hivemq-test-hivemq-platform-operator-7bd74f84c from 0 to 1 [customoperatorselectorsit-operator:hivemq-test-hivemq-platform-operator]
2025-01-29 00:59:26,702 INFO c.h.h.t.HelmChartContainer - [POD] hivemq-test-hivemq-platform-operator-7bd74f84c-x7kjt [229b2f72-8932-4ea9-ad0f-f4c6d26f92f1] in customoperatorselectorsit-operator was ADDED
2025-01-29 00:59:26,709 INFO c.h.h.t.HelmChartContainer - [POD] hivemq-test-hivemq-platform-operator-7bd74f84c-x7kjt [229b2f72-8932-4ea9-ad0f-f4c6d26f92f1] in customoperatorselectorsit-operator was MODIFIED
2025-01-29 00:59:26,711 INFO c.h.h.t.HelmChartContainer - [K3S] [memory_manager.go:355] "RemoveStaleState removing state" podUID="e285a28c-a89f-419d-b8d3-2db225519acf" containerName="hivemq-platform-operator"
2025-01-29 00:59:26,712 INFO c.h.h.t.HelmChartContainer - [K3S] [memory_manager.go:355] "RemoveStaleState removing state" podUID="167581f8-c7e2-45dc-a79a-5516833c2411" containerName="hivemq"
2025-01-29 00:59:26,714 INFO c.h.h.t.HelmChartContainer - [EVENT] Normal [SuccessfulCreate] Created pod: hivemq-test-hivemq-platform-operator-7bd74f84c-x7kjt [customoperatorselectorsit-operator:hivemq-test-hivemq-platform-operator-7bd74f84c]
2025-01-29 00:59:26,716 INFO c.h.h.t.HelmChartContainer - [K3S] [replica_set.go:679] "Finished syncing" kind="ReplicaSet" key="customoperatorselectorsit-operator/hivemq-test-hivemq-platform-operator-7bd74f84c" duration="30.421407ms"
2025-01-29 00:59:26,719 INFO c.h.h.t.HelmChartContainer - [EVENT] Normal [Scheduled] Successfully assigned customoperatorselectorsit-operator/hivemq-test-hivemq-platform-operator-7bd74f84c-x7kjt to 84044ab653e1 [customoperatorselectorsit-operator:hivemq-test-hivemq-platform-operator-7bd74f84c-x7kjt]
2025-01-29 00:59:26,721 INFO c.h.h.t.HelmChartContainer - [K3S] [replica_set.go:679] "Finished syncing" kind="ReplicaSet" key="customoperatorselectorsit-operator/hivemq-test-hivemq-platform-operator-7bd74f84c" duration="5.832572ms"
2025-01-29 00:59:26,722 INFO c.h.h.t.HelmChartContainer - [K3S] [replica_set.go:679] "Finished syncing" kind="ReplicaSet" key="customoperatorselectorsit-operator/hivemq-test-hivemq-platform-operator-7bd74f84c" duration="39.003µs"
2025-01-29 00:59:26,726 INFO c.h.h.t.HelmChartContainer - [K3S] [replica_set.go:679] "Finished syncing" kind="ReplicaSet" key="customoperatorselectorsit-operator/hivemq-test-hivemq-platform-operator-7bd74f84c" duration="32.691µs"
2025-01-29 00:59:26,728 INFO c.h.h.t.HelmChartContainer - [POD] hivemq-test-hivemq-platform-operator-7bd74f84c-x7kjt [229b2f72-8932-4ea9-ad0f-f4c6d26f92f1] in customoperatorselectorsit-operator was MODIFIED
2025-01-29 00:59:26,876 INFO c.h.h.t.HelmChartContainer - [K3S] [reconciler_common.go:251] "operationExecutor.VerifyControllerAttachedVolume started for volume \"kube-api-access-5fr8f\" (UniqueName: \"kubernetes.io/projected/229b2f72-8932-4ea9-ad0f-f4c6d26f92f1-kube-api-access-5fr8f\") pod \"hivemq-test-hivemq-platform-operator-7bd74f84c-x7kjt\" (UID: \"229b2f72-8932-4ea9-ad0f-f4c6d26f92f1\") " pod="customoperatorselectorsit-operator/hivemq-test-hivemq-platform-operator-7bd74f84c-x7kjt"
2025-01-29 00:59:27,095 INFO c.h.h.t.HelmChartContainer - [EVENT] Normal [Pulled] Container image "docker.io/hivemq/hivemq-platform-operator-test:snapshot" already present on machine [customoperatorselectorsit-operator:hivemq-test-hivemq-platform-operator-7bd74f84c-x7kjt]
2025-01-29 00:59:27,096 INFO c.h.h.t.HelmChartContainer - Received Pulled event for container hivemq-platform-operator in pod hivemq-test-hivemq-platform-operator-7bd74f84c-x7kjt [229b2f72-8932-4ea9-ad0f-f4c6d26f92f1]
2025-01-29 00:59:28,373 INFO c.h.h.t.HelmChartContainer - [EVENT] Normal [Created] Created container: hivemq-platform-operator [customoperatorselectorsit-operator:hivemq-test-hivemq-platform-operator-7bd74f84c-x7kjt]
2025-01-29 00:59:28,373 INFO c.h.h.t.HelmChartContainer - Received Created event for container hivemq-platform-operator in pod hivemq-test-hivemq-platform-operator-7bd74f84c-x7kjt [229b2f72-8932-4ea9-ad0f-f4c6d26f92f1]
2025-01-29 00:59:29,203 INFO c.h.h.t.HelmChartContainer - [K3S] [replica_set.go:679] "Finished syncing" kind="ReplicaSet" key="customoperatorselectorsit-operator/hivemq-test-hivemq-platform-operator-7bd74f84c" duration="41.768µs"
2025-01-29 00:59:29,203 INFO c.h.h.t.HelmChartContainer - [POD] hivemq-test-hivemq-platform-operator-7bd74f84c-x7kjt [229b2f72-8932-4ea9-ad0f-f4c6d26f92f1] in customoperatorselectorsit-operator was MODIFIED
2025-01-29 00:59:29,215 INFO c.h.h.t.HelmChartContainer - Started log watcher for hivemq-platform-operator in pod hivemq-test-hivemq-platform-operator-7bd74f84c-x7kjt [229b2f72-8932-4ea9-ad0f-f4c6d26f92f1]
2025-01-29 00:59:29,215 INFO c.h.h.t.HelmChartContainer - [hivemq-test-hivemq-platform] [hivemq-platform-operator] [229b2f72] -------------------------------------------------------------------------
2025-01-29 00:59:29,215 INFO c.h.h.t.HelmChartContainer - [hivemq-test-hivemq-platform] [hivemq-platform-operator] [229b2f72] 
2025-01-29 00:59:29,215 INFO c.h.h.t.HelmChartContainer - [hivemq-test-hivemq-platform] [hivemq-platform-operator] [229b2f72]                   _    _  _              __  __   ____
2025-01-29 00:59:29,215 INFO c.h.h.t.HelmChartContainer - [hivemq-test-hivemq-platform] [hivemq-platform-operator] [229b2f72]                  | |  | |(_)            |  \/  | / __ \
2025-01-29 00:59:29,215 INFO c.h.h.t.HelmChartContainer - [hivemq-test-hivemq-platform] [hivemq-platform-operator] [229b2f72]                  | |__| | _ __   __ ___ | \  / || |  | |
2025-01-29 00:59:29,215 INFO c.h.h.t.HelmChartContainer - [hivemq-test-hivemq-platform] [hivemq-platform-operator] [229b2f72]                  |  __  || |\ \ / // _ \| |\/| || |  | |
2025-01-29 00:59:29,215 INFO c.h.h.t.HelmChartContainer - [hivemq-test-hivemq-platform] [hivemq-platform-operator] [229b2f72]                  | |  | || | \ V /|  __/| |  | || |__| |
2025-01-29 00:59:29,215 INFO c.h.h.t.HelmChartContainer - [EVENT] Normal [Started] Started container hivemq-platform-operator [customoperatorselectorsit-operator:hivemq-test-hivemq-platform-operator-7bd74f84c-x7kjt]
2025-01-29 00:59:29,215 INFO c.h.h.t.HelmChartContainer - Received Started event for container hivemq-platform-operator in pod hivemq-test-hivemq-platform-operator-7bd74f84c-x7kjt [229b2f72-8932-4ea9-ad0f-f4c6d26f92f1]
2025-01-29 00:59:29,215 INFO c.h.h.t.HelmChartContainer - [hivemq-test-hivemq-platform] [hivemq-platform-operator] [229b2f72]                  |_|  |_||_|  \_/  \___||_|  |_| \___\_\
2025-01-29 00:59:29,215 INFO c.h.h.t.HelmChartContainer - [hivemq-test-hivemq-platform] [hivemq-platform-operator] [229b2f72] 
2025-01-29 00:59:29,215 INFO c.h.h.t.HelmChartContainer - [hivemq-test-hivemq-platform] [hivemq-platform-operator] [229b2f72] -------------------------------------------------------------------------
2025-01-29 00:59:29,216 INFO c.h.h.t.HelmChartContainer - [hivemq-test-hivemq-platform] [hivemq-platform-operator] [229b2f72] 
2025-01-29 00:59:29,216 INFO c.h.h.t.HelmChartContainer - [hivemq-test-hivemq-platform] [hivemq-platform-operator] [229b2f72]   HiveMQ Platform Operator Start Script v1.0
2025-01-29 00:59:29,216 INFO c.h.h.t.HelmChartContainer - [hivemq-test-hivemq-platform] [hivemq-platform-operator] [229b2f72] 
2025-01-29 00:59:29,216 INFO c.h.h.t.HelmChartContainer - [hivemq-test-hivemq-platform] [hivemq-platform-operator] [229b2f72] -------------------------------------------------------------------------
2025-01-29 00:59:29,216 INFO c.h.h.t.HelmChartContainer - [hivemq-test-hivemq-platform] [hivemq-platform-operator] [229b2f72] 
2025-01-29 00:59:29,216 INFO c.h.h.t.HelmChartContainer - [hivemq-test-hivemq-platform] [hivemq-platform-operator] [229b2f72]   JAVA_OPTS: -XX:+UnlockExperimentalVMOptions -XX:InitialRAMPercentage=75 -XX:MaxRAMPercentage=75 -Duser.language=en -Duser.region=US
2025-01-29 00:59:29,216 INFO c.h.h.t.HelmChartContainer - [hivemq-test-hivemq-platform] [hivemq-platform-operator] [229b2f72] 
2025-01-29 00:59:29,216 INFO c.h.h.t.HelmChartContainer - [hivemq-test-hivemq-platform] [hivemq-platform-operator] [229b2f72]   JAVA_VERSION: 21
2025-01-29 00:59:29,216 INFO c.h.h.t.HelmChartContainer - [hivemq-test-hivemq-platform] [hivemq-platform-operator] [229b2f72] 
2025-01-29 00:59:29,216 INFO c.h.h.t.HelmChartContainer - [hivemq-test-hivemq-platform] [hivemq-platform-operator] [229b2f72] -------------------------------------------------------------------------
2025-01-29 00:59:29,216 INFO c.h.h.t.HelmChartContainer - [hivemq-test-hivemq-platform] [hivemq-platform-operator] [229b2f72] 
2025-01-29 00:59:31,716 INFO c.h.h.t.HelmChartContainer - [hivemq-test-hivemq-platform] [hivemq-platform-operator] [229b2f72] 00:59:31.714 [main] DEBUG org.jboss.logging - Logging Provider: org.jboss.logging.Slf4jLoggerProvider
2025-01-29 00:59:31,818 INFO c.h.h.t.HelmChartContainer - [hivemq-test-hivemq-platform] [hivemq-platform-operator] [229b2f72] 00:59:31.816 [main] DEBUG io.smallrye.config - SRCFG01006: Loaded ConfigSource SysPropConfigSource with ordinal 400
2025-01-29 00:59:31,819 INFO c.h.h.t.HelmChartContainer - [hivemq-test-hivemq-platform] [hivemq-platform-operator] [229b2f72] 00:59:31.816 [main] DEBUG io.smallrye.config - SRCFG01006: Loaded ConfigSource EnvConfigSource with ordinal 300
2025-01-29 00:59:31,819 INFO c.h.h.t.HelmChartContainer - [hivemq-test-hivemq-platform] [hivemq-platform-operator] [229b2f72] 00:59:31.816 [main] DEBUG io.smallrye.config - SRCFG01006: Loaded ConfigSource PropertiesConfigSource[source=jar:file:///opt/hivemq-platform-operator/bin/hivemq-platform-operator.jar!/hivemq-platform-operator.properties] with ordinal 100
2025-01-29 00:59:31,819 INFO c.h.h.t.HelmChartContainer - [hivemq-test-hivemq-platform] [hivemq-platform-operator] [229b2f72] 00:59:31.816 [main] DEBUG io.smallrye.config - SRCFG01006: Loaded ConfigSource DefaultValuesConfigSource with ordinal -2147483648
2025-01-29 00:59:31,922 INFO c.h.h.t.HelmChartContainer - [hivemq-test-hivemq-platform] [hivemq-platform-operator] [229b2f72] 00:59:31.921 [main] DEBUG i.m.c.u.i.l.InternalLoggerFactory - Using SLF4J as the default logging framework
2025-01-29 00:59:32,029 INFO c.h.h.t.HelmChartContainer - [hivemq-test-hivemq-platform] [hivemq-platform-operator] [229b2f72] 00:59:32.020 [main] INFO  c.h.p.o.HiveMQPlatformOperatorApplication - HiveMQ Platform Operator 1.7.0-SNAPSHOT (commit: bebf408 on branch: HEAD) built on Sun Jan 26 20:47:47 UTC 2025
2025-01-29 00:59:32,029 INFO c.h.h.t.HelmChartContainer - [hivemq-test-hivemq-platform] [hivemq-platform-operator] [229b2f72] 00:59:32.027 [main] INFO  c.h.p.o.HiveMQPlatformOperatorApplication - HiveMQ Platform Operator is running in namespace: customoperatorselectorsit-operator
2025-01-29 00:59:32,030 INFO c.h.h.t.HelmChartContainer - [hivemq-test-hivemq-platform] [hivemq-platform-operator] [229b2f72] 00:59:32.027 [main] INFO  c.h.p.o.HiveMQPlatformOperatorApplication - Watching all namespaces
2025-01-29 00:59:32,030 INFO c.h.h.t.HelmChartContainer - [hivemq-test-hivemq-platform] [hivemq-platform-operator] [229b2f72] 00:59:32.027 [main] INFO  c.h.p.o.HiveMQPlatformOperatorApplication - Label selector for HiveMQPlatform resources: group=alpha,tier!=one
2025-01-29 00:59:32,030 INFO c.h.h.t.HelmChartContainer - [hivemq-test-hivemq-platform] [hivemq-platform-operator] [229b2f72] 00:59:32.027 [main] INFO  c.h.p.o.HiveMQPlatformOperatorApplication - Log level: DEBUG
2025-01-29 00:59:32,030 INFO c.h.h.t.HelmChartContainer - [hivemq-test-hivemq-platform] [hivemq-platform-operator] [229b2f72] 00:59:32.028 [main] INFO  c.h.p.o.HiveMQPlatformOperatorApplication - Release name: test-hivemq-platform-operator
2025-01-29 00:59:32,030 INFO c.h.h.t.HelmChartContainer - [hivemq-test-hivemq-platform] [hivemq-platform-operator] [229b2f72] 00:59:32.028 [main] INFO  c.h.p.o.HiveMQPlatformOperatorApplication - HiveMQ Platform Operator Init image: docker.io/hivemq/hivemq-platform-operator-init-test:snapshot
2025-01-29 00:59:32,031 INFO c.h.h.t.HelmChartContainer - [hivemq-test-hivemq-platform] [hivemq-platform-operator] [229b2f72] 00:59:32.028 [main] INFO  c.h.p.o.HiveMQPlatformOperatorApplication - HiveMQ Platform Operator Init App update URL: http://hivemq-platform-operator-test-hivemq-platform-operator.customoperatorselectorsit-operator.svc:8080/initAppUpdate/hivemq-platform-operator-init-app-1.7.0-SNAPSHOT.jar
2025-01-29 00:59:32,031 INFO c.h.h.t.HelmChartContainer - [hivemq-test-hivemq-platform] [hivemq-platform-operator] [229b2f72] 00:59:32.028 [main] INFO  c.h.p.o.HiveMQPlatformOperatorApplication - Additional imagePullSecret for all Platform deployments: none
2025-01-29 00:59:32,031 INFO c.h.h.t.HelmChartContainer - [hivemq-test-hivemq-platform] [hivemq-platform-operator] [229b2f72] 00:59:32.028 [main] INFO  c.h.p.o.HiveMQPlatformOperatorApplication - Apply HiveMQ Platform CRD: true
2025-01-29 00:59:32,031 INFO c.h.h.t.HelmChartContainer - [hivemq-test-hivemq-platform] [hivemq-platform-operator] [229b2f72] 00:59:32.028 [main] INFO  c.h.p.o.HiveMQPlatformOperatorApplication - Create Platform ServiceAccount: true
2025-01-29 00:59:32,031 INFO c.h.h.t.HelmChartContainer - [hivemq-test-hivemq-platform] [hivemq-platform-operator] [229b2f72] 00:59:32.028 [main] INFO  c.h.p.o.HiveMQPlatformOperatorApplication - Create Platform ServiceAccount permissions: true
2025-01-29 00:59:32,031 INFO c.h.h.t.HelmChartContainer - [hivemq-test-hivemq-platform] [hivemq-platform-operator] [229b2f72] 00:59:32.028 [main] INFO  c.h.p.o.HiveMQPlatformOperatorApplication - Validate Platform ServiceAccount: true
2025-01-29 00:59:32,031 INFO c.h.h.t.HelmChartContainer - [hivemq-test-hivemq-platform] [hivemq-platform-operator] [229b2f72] 00:59:32.028 [main] INFO  c.h.p.o.HiveMQPlatformOperatorApplication - Validate Platform ServiceAccount permissions: true
2025-01-29 00:59:32,218 INFO c.h.h.t.HelmChartContainer - [hivemq-test-hivemq-platform] [hivemq-platform-operator] [229b2f72] 00:59:32.217 [main] INFO  c.h.platform.operator.util.CRDUtil - Verifying deployed HiveMQ Platform CRD...
2025-01-29 00:59:34,413 INFO c.h.h.t.HelmChartContainer - [hivemq-test-hivemq-platform] [hivemq-platform-operator] [229b2f72] 00:59:34.412 [main] DEBUG c.h.platform.operator.util.CRDUtil - HiveMQ Platform CRD version v1 is up to date
2025-01-29 00:59:34,413 INFO c.h.h.t.HelmChartContainer - [hivemq-test-hivemq-platform] [hivemq-platform-operator] [229b2f72] 00:59:34.412 [main] INFO  c.h.platform.operator.util.CRDUtil - HiveMQ Platform CRD is up to date (version: V1_6_0)
2025-01-29 00:59:34,413 INFO c.h.h.t.HelmChartContainer - [hivemq-test-hivemq-platform] [hivemq-platform-operator] [229b2f72] 00:59:34.412 [main] INFO  c.h.platform.operator.util.CRDUtil - Waiting 10000 ms for HiveMQ Platform CRD 'hivemq-platforms.hivemq.com' to become ready...
2025-01-29 00:59:34,715 INFO c.h.h.t.HelmChartContainer - [hivemq-test-hivemq-platform] [hivemq-platform-operator] [229b2f72] 00:59:34.713 [vert.x-eventloop-thread-1] DEBUG c.h.platform.operator.util.CRDUtil - Checking CRD condition 'NamesAccepted' (status: 'True')
2025-01-29 00:59:34,716 INFO c.h.h.t.HelmChartContainer - [hivemq-test-hivemq-platform] [hivemq-platform-operator] [229b2f72] 00:59:34.714 [vert.x-eventloop-thread-1] DEBUG c.h.platform.operator.util.CRDUtil - Checking CRD condition 'Established' (status: 'True')
2025-01-29 00:59:34,717 INFO c.h.h.t.HelmChartContainer - [hivemq-test-hivemq-platform] [hivemq-platform-operator] [229b2f72] 00:59:34.715 [main] INFO  c.h.platform.operator.util.CRDUtil - HiveMQ Platform CRD 'hivemq-platforms.hivemq.com' is ready
2025-01-29 00:59:34,915 INFO c.h.h.t.HelmChartContainer - [hivemq-test-hivemq-platform] [hivemq-platform-operator] [229b2f72] 00:59:34.914 [main] INFO  c.h.p.o.HiveMQPlatformReconciler - HiveMQ Platform Operator is starting...
2025-01-29 00:59:35,018 INFO c.h.h.t.HelmChartContainer - [hivemq-test-hivemq-platform] [hivemq-platform-operator] [229b2f72] 00:59:35.016 [main] WARN  Default ConfigurationService implementation - Configuration for reconciler 'hivemq-controller' was not found. Known reconcilers: None.
2025-01-29 00:59:35,024 INFO c.h.h.t.HelmChartContainer - [hivemq-test-hivemq-platform] [hivemq-platform-operator] [229b2f72] 00:59:35.023 [main] INFO  Default ConfigurationService implementation - Created configuration for reconciler com.hivemq.platform.operator.HiveMQPlatformReconciler with name hivemq-controller
2025-01-29 00:59:35,207 INFO c.h.h.t.HelmChartContainer - [hivemq-test-hivemq-platform] [hivemq-platform-operator] [229b2f72] 00:59:35.206 [main] DEBUG c.h.p.o.HiveMQPlatformReconciler - HiveMQ Platform Operator is preparing EventSources
2025-01-29 00:59:35,219 INFO c.h.h.t.HelmChartContainer - [hivemq-test-hivemq-platform] [hivemq-platform-operator] [229b2f72] 00:59:35.218 [main] INFO  i.javaoperatorsdk.operator.Operator - Registered reconciler: 'hivemq-controller' for resource: 'class com.hivemq.platform.operator.v1.HiveMQPlatform' for namespace(s): [all namespaces]
2025-01-29 00:59:35,726 INFO c.h.h.t.HelmChartContainer - [hivemq-test-hivemq-platform] [hivemq-platform-operator] [229b2f72] 00:59:35.724 [main] INFO  c.h.p.operator.webserver.JettyServer - Starting Jetty server on port 8080
2025-01-29 00:59:35,823 INFO c.h.h.t.HelmChartContainer - [hivemq-test-hivemq-platform] [hivemq-platform-operator] [229b2f72] 00:59:35.822 [main] INFO  i.javaoperatorsdk.operator.Operator - Operator SDK 4.9.7 (commit: 2133d28) built on Wed Nov 20 12:56:20 UTC 2024 starting...
2025-01-29 00:59:35,823 INFO c.h.h.t.HelmChartContainer - [hivemq-test-hivemq-platform] [hivemq-platform-operator] [229b2f72] 00:59:35.822 [main] INFO  i.javaoperatorsdk.operator.Operator - Client version: 6.13.4
2025-01-29 00:59:35,824 INFO c.h.h.t.HelmChartContainer - [hivemq-test-hivemq-platform] [hivemq-platform-operator] [229b2f72] 00:59:35.824 [Controller Starter for: hivemq-controller] INFO  i.j.operator.processing.Controller - Starting 'hivemq-controller' controller for reconciler: com.hivemq.platform.operator.HiveMQPlatformReconciler, resource: com.hivemq.platform.operator.v1.HiveMQPlatform
2025-01-29 00:59:38,158 INFO c.h.h.t.HelmChartContainer - [hivemq-test-hivemq-platform] [hivemq-platform-operator] [229b2f72] 00:59:38.157 [Controller Starter for: hivemq-controller] INFO  i.j.operator.processing.Controller - 'hivemq-controller' controller started
2025-01-29 00:59:38,158 INFO c.h.h.t.HelmChartContainer - [hivemq-test-hivemq-platform] [hivemq-platform-operator] [229b2f72] 00:59:38.157 [main] INFO  c.h.p.o.HiveMQPlatformOperatorApplication - HiveMQ Platform Operator 1.7.0-SNAPSHOT started in 6137 ms
2025-01-29 00:59:40,209 INFO c.h.h.t.HelmChartContainer - [POD] hivemq-test-hivemq-platform-operator-7bd74f84c-x7kjt [229b2f72-8932-4ea9-ad0f-f4c6d26f92f1] in customoperatorselectorsit-operator was MODIFIED
2025-01-29 00:59:40,213 INFO c.h.h.t.HelmChartContainer - [K3S] [replica_set.go:679] "Finished syncing" kind="ReplicaSet" key="customoperatorselectorsit-operator/hivemq-test-hivemq-platform-operator-7bd74f84c" duration="7.579347ms"
2025-01-29 00:59:40,213 INFO c.h.h.t.HelmChartContainer - [K3S] [replica_set.go:679] "Finished syncing" kind="ReplicaSet" key="customoperatorselectorsit-operator/hivemq-test-hivemq-platform-operator-7bd74f84c" duration="36.398µs"
2025-01-29 00:59:40,744 INFO com.hivemq.helmcharts.util.K8sUtil - Pod 'hivemq-test-hivemq-platform-operator-7bd74f84c-x7kjt' is ready
2025-01-29 00:59:40,807 DEBUG c.h.h.t.HelmChartContainer - Executing helm command: /bin/helm --kubeconfig /etc/rancher/k3s/k3s.yaml install test-hivemq-platform-alpha-tier1 /charts/hivemq-platform --wait --timeout 5m0s --set image.repository=docker.io/hivemq --set image.tag=4.36.0 --set image.pullPolicy=Never --set nodes.resources.cpu=512m --set nodes.replicaCount=1 --set operator.labels.group=alpha,operator.labels.tier=one --namespace customoperatorselectorsit
2025-01-29 00:59:41,204 DEBUG c.h.h.t.HelmChartContainer - Executing helm command: /bin/helm --kubeconfig /etc/rancher/k3s/k3s.yaml install test-hivemq-platform-alpha-tier2 /charts/hivemq-platform --wait --timeout 5m0s --set image.repository=docker.io/hivemq --set image.tag=4.36.0 --set image.pullPolicy=Never --set nodes.resources.cpu=512m --set nodes.replicaCount=1 --set operator.labels.group=alpha,operator.labels.tier=two --namespace customoperatorselectorsit
2025-01-29 00:59:41,509 INFO c.h.h.t.HelmChartContainer - [hivemq-test-hivemq-platform] [hivemq-platform-operator] [229b2f72] 00:59:41.507 [-373097727-pool-1-thread-1] WARN  i.m.p.PrometheusMeterRegistry - The meter (MeterId{name='operator.sdk.events.received', tags=[tag(action=ADDED),tag(event=ResourceEvent),tag(group=hivemq.com),tag(kind=HiveMQPlatform),tag(name=test-hivemq-platform-alpha-tier2),tag(namespace=customoperatorselectorsit),tag(scope=namespace),tag(version=v1)]}) registration has failed: Prometheus requires that all meters with the same name have the same set of tag keys. There is already an existing meter named 'operator.sdk.events.received' containing tag keys [event, group, kind, name, namespace, scope, version]. The meter you are attempting to register has keys [action, event, group, kind, name, namespace, scope, version]. Note that subsequent logs will be logged at debug level.
2025-01-29 00:59:41,579 DEBUG c.h.h.t.HelmChartContainer - Executing helm command: /bin/helm --kubeconfig /etc/rancher/k3s/k3s.yaml install test-hivemq-platform-alpha-tier3 /charts/hivemq-platform --wait --timeout 5m0s --set image.repository=docker.io/hivemq --set image.tag=4.36.0 --set image.pullPolicy=Never --set nodes.resources.cpu=512m --set nodes.replicaCount=1 --set operator.labels.group=alpha,operator.labels.tier=three --namespace customoperatorselectorsit
2025-01-29 00:59:42,022 INFO c.h.h.t.HelmChartContainer - [hivemq-test-hivemq-platform] [hivemq-platform-operator] [229b2f72] 00:59:42.021 [pool-6-thread-3] DEBUG c.h.p.o.dependants.PodInfoConfigMap - [customop] Desired PodInfo ConfigMap (1 extensions) (1 enabled)
2025-01-29 00:59:42,023 INFO c.h.h.t.HelmChartContainer - [hivemq-test-hivemq-platform] [hivemq-platform-operator] [229b2f72] 00:59:42.022 [pool-6-thread-3] DEBUG c.h.p.o.dependants.PodInfoConfigMap - [customop] Desired PodInfo ConfigMap (metrics port: 9399) (metrics path: /)
2025-01-29 00:59:42,023 INFO c.h.h.t.HelmChartContainer - [hivemq-test-hivemq-platform] [hivemq-platform-operator] [229b2f72] 00:59:42.022 [pool-6-thread-3] DEBUG c.h.p.o.dependants.PodInfoConfigMap - [customop] Desired PodInfo ConfigMap (extension state hash: -1817474005)
2025-01-29 00:59:42,109 INFO c.h.h.t.HelmChartContainer - [hivemq-test-hivemq-platform] [hivemq-platform-operator] [229b2f72] 00:59:42.107 [pool-6-thread-3] DEBUG c.h.p.o.dependants.PodInfoConfigMap - [customop] Create PodInfo ConfigMap
2025-01-29 00:59:42,113 INFO c.h.h.t.HelmChartContainer - [hivemq-test-hivemq-platform] [hivemq-platform-operator] [229b2f72] 00:59:42.112 [pool-6-thread-7] DEBUG c.h.p.o.dependants.PodInfoConfigMap - [customop] Desired PodInfo ConfigMap (1 extensions) (1 enabled)
2025-01-29 00:59:42,114 INFO c.h.h.t.HelmChartContainer - [hivemq-test-hivemq-platform] [hivemq-platform-operator] [229b2f72] 00:59:42.112 [pool-6-thread-7] DEBUG c.h.p.o.dependants.PodInfoConfigMap - [customop] Desired PodInfo ConfigMap (metrics port: 9399) (metrics path: /)
2025-01-29 00:59:42,114 INFO c.h.h.t.HelmChartContainer - [hivemq-test-hivemq-platform] [hivemq-platform-operator] [229b2f72] 00:59:42.112 [pool-6-thread-7] DEBUG c.h.p.o.dependants.PodInfoConfigMap - [customop] Desired PodInfo ConfigMap (extension state hash: -1817474005)
2025-01-29 00:59:42,115 INFO c.h.h.t.HelmChartContainer - [hivemq-test-hivemq-platform] [hivemq-platform-operator] [229b2f72] 00:59:42.113 [pool-6-thread-7] DEBUG c.h.p.o.dependants.PodInfoConfigMap - [customop] Create PodInfo ConfigMap
2025-01-29 00:59:42,220 INFO c.h.h.t.HelmChartContainer - [hivemq-test-hivemq-platform] [hivemq-platform-operator] [229b2f72] 00:59:42.219 [pool-6-thread-9] DEBUG c.h.p.o.dependants.PodRoleResource - [customop] Create Role: Role(apiVersion=rbac.authorization.k8s.io/v1, kind=Role, metadata=ObjectMeta(annotations={meta.helm.sh/release-name=test-hivemq-platform-alpha-tier2, meta.helm.sh/release-namespace=customoperatorselectorsit}, creationTimestamp=null, deletionGracePeriodSeconds=null, deletionTimestamp=null, finalizers=[], generateName=null, generation=null, labels={helm.sh/chart=hivemq-platform-0.2.32, app.kubernetes.io/managed-by=Helm, app.kubernetes.io/name=hivemq-platform, tier=two, hivemq-platform=test-hivemq-platform-alpha-tier2, app.kubernetes.io/instance=test-hivemq-platform-alpha-tier2, app.kubernetes.io/version=4.36.0, group=alpha}, managedFields=[], name=hivemq-platform-role-test-hivemq-platform-alpha-tier2, namespace=customoperatorselectorsit, ownerReferences=[OwnerReference(apiVersion=hivemq.com/v1, blockOwnerDeletion=null, controller=null, kind=HiveMQPlatform, name=test-hivemq-platform-alpha-tier2, uid=efa03dfb-9126-4340-9b79-40128a644476, additionalProperties={})], resourceVersion=null, selfLink=null, uid=null, additionalProperties={}), rules=[PolicyRule(apiGroups=[], nonResourceURLs=[], resourceNames=[], resources=[pods], verbs=[get, patch, update], additionalProperties={})], additionalProperties={})
2025-01-29 00:59:42,308 INFO c.h.h.t.HelmChartContainer - [hivemq-test-hivemq-platform] [hivemq-platform-operator] [229b2f72] 00:59:42.306 [pool-6-thread-10] DEBUG c.h.p.o.dependants.PodRoleResource - [customop] Create Role: Role(apiVersion=rbac.authorization.k8s.io/v1, kind=Role, metadata=ObjectMeta(annotations={meta.helm.sh/release-name=test-hivemq-platform-alpha-tier3, meta.helm.sh/release-namespace=customoperatorselectorsit}, creationTimestamp=null, deletionGracePeriodSeconds=null, deletionTimestamp=null, finalizers=[], generateName=null, generation=null, labels={helm.sh/chart=hivemq-platform-0.2.32, app.kubernetes.io/managed-by=Helm, app.kubernetes.io/name=hivemq-platform, tier=three, hivemq-platform=test-hivemq-platform-alpha-tier3, app.kubernetes.io/instance=test-hivemq-platform-alpha-tier3, app.kubernetes.io/version=4.36.0, group=alpha}, managedFields=[], name=hivemq-platform-role-test-hivemq-platform-alpha-tier3, namespace=customoperatorselectorsit, ownerReferences=[OwnerReference(apiVersion=hivemq.com/v1, blockOwnerDeletion=null, controller=null, kind=HiveMQPlatform, name=test-hivemq-platform-alpha-tier3, uid=53208bf2-d173-4702-b34d-ac1797cf53b8, additionalProperties={})], resourceVersion=null, selfLink=null, uid=null, additionalProperties={}), rules=[PolicyRule(apiGroups=[], nonResourceURLs=[], resourceNames=[], resources=[pods], verbs=[get, patch, update], additionalProperties={})], additionalProperties={})
2025-01-29 00:59:42,327 INFO c.h.h.t.HelmChartContainer - [hivemq-test-hivemq-platform] [hivemq-platform-operator] [229b2f72] 00:59:42.326 [pool-6-thread-13] DEBUG c.h.p.o.d.PodServiceAccountResource - [customop] Desired PodServiceAccountResource (serviceAccountName: hivemq-platform-pod-test-hivemq-platform-alpha-tier3)
2025-01-29 00:59:42,328 INFO c.h.h.t.HelmChartContainer - [hivemq-test-hivemq-platform] [hivemq-platform-operator] [229b2f72] 00:59:42.327 [pool-6-thread-13] DEBUG c.h.p.o.d.PodServiceAccountResource - [customop] Create ServiceAccount 'hivemq-platform-pod-test-hivemq-platform-alpha-tier3'
2025-01-29 00:59:42,409 INFO c.h.h.t.HelmChartContainer - [hivemq-test-hivemq-platform] [hivemq-platform-operator] [229b2f72] 00:59:42.407 [pool-6-thread-14] DEBUG c.h.p.o.d.PodServiceAccountResource - [customop] Desired PodServiceAccountResource (serviceAccountName: hivemq-platform-pod-test-hivemq-platform-alpha-tier2)
2025-01-29 00:59:42,409 INFO c.h.h.t.HelmChartContainer - [hivemq-test-hivemq-platform] [hivemq-platform-operator] [229b2f72] 00:59:42.407 [pool-6-thread-14] DEBUG c.h.p.o.d.PodServiceAccountResource - [customop] Create ServiceAccount 'hivemq-platform-pod-test-hivemq-platform-alpha-tier2'
2025-01-29 00:59:42,514 INFO c.h.h.t.HelmChartContainer - [hivemq-test-hivemq-platform] [hivemq-platform-operator] [229b2f72] 00:59:42.510 [pool-6-thread-20] DEBUG c.h.p.o.d.PodRoleBindingResource - [customop] Create RoleBinding: RoleBinding(apiVersion=rbac.authorization.k8s.io/v1, kind=RoleBinding, metadata=ObjectMeta(annotations={meta.helm.sh/release-name=test-hivemq-platform-alpha-tier2, meta.helm.sh/release-namespace=customoperatorselectorsit}, creationTimestamp=null, deletionGracePeriodSeconds=null, deletionTimestamp=null, finalizers=[], generateName=null, generation=null, labels={helm.sh/chart=hivemq-platform-0.2.32, app.kubernetes.io/managed-by=Helm, app.kubernetes.io/name=hivemq-platform, tier=two, hivemq-platform=test-hivemq-platform-alpha-tier2, app.kubernetes.io/instance=test-hivemq-platform-alpha-tier2, app.kubernetes.io/version=4.36.0, group=alpha}, managedFields=[], name=hivemq-platform-role-binding-test-hivemq-platform-alpha-tier2, namespace=customoperatorselectorsit, ownerReferences=[OwnerReference(apiVersion=hivemq.com/v1, blockOwnerDeletion=null, controller=null, kind=HiveMQPlatform, name=test-hivemq-platform-alpha-tier2, uid=efa03dfb-9126-4340-9b79-40128a644476, additionalProperties={})], resourceVersion=null, selfLink=null, uid=null, additionalProperties={}), roleRef=RoleRef(apiGroup=rbac.authorization.k8s.io, kind=Role, name=hivemq-platform-role-test-hivemq-platform-alpha-tier2, additionalProperties={}), subjects=[Subject(apiGroup=null, kind=ServiceAccount, name=hivemq-platform-pod-test-hivemq-platform-alpha-tier2, namespace=customoperatorselectorsit, additionalProperties={})], additionalProperties={})
2025-01-29 00:59:42,514 INFO c.h.h.t.HelmChartContainer - [hivemq-test-hivemq-platform] [hivemq-platform-operator] [229b2f72] 00:59:42.510 [pool-6-thread-19] DEBUG c.h.p.o.d.PodRoleBindingResource - [customop] Create RoleBinding: RoleBinding(apiVersion=rbac.authorization.k8s.io/v1, kind=RoleBinding, metadata=ObjectMeta(annotations={meta.helm.sh/release-name=test-hivemq-platform-alpha-tier3, meta.helm.sh/release-namespace=customoperatorselectorsit}, creationTimestamp=null, deletionGracePeriodSeconds=null, deletionTimestamp=null, finalizers=[], generateName=null, generation=null, labels={helm.sh/chart=hivemq-platform-0.2.32, app.kubernetes.io/managed-by=Helm, app.kubernetes.io/name=hivemq-platform, tier=three, hivemq-platform=test-hivemq-platform-alpha-tier3, app.kubernetes.io/instance=test-hivemq-platform-alpha-tier3, app.kubernetes.io/version=4.36.0, group=alpha}, managedFields=[], name=hivemq-platform-role-binding-test-hivemq-platform-alpha-tier3, namespace=customoperatorselectorsit, ownerReferences=[OwnerReference(apiVersion=hivemq.com/v1, blockOwnerDeletion=null, controller=null, kind=HiveMQPlatform, name=test-hivemq-platform-alpha-tier3, uid=53208bf2-d173-4702-b34d-ac1797cf53b8, additionalProperties={})], resourceVersion=null, selfLink=null, uid=null, additionalProperties={}), roleRef=RoleRef(apiGroup=rbac.authorization.k8s.io, kind=Role, name=hivemq-platform-role-test-hivemq-platform-alpha-tier3, additionalProperties={}), subjects=[Subject(apiGroup=null, kind=ServiceAccount, name=hivemq-platform-pod-test-hivemq-platform-alpha-tier3, namespace=customoperatorselectorsit, additionalProperties={})], additionalProperties={})
2025-01-29 00:59:42,609 INFO c.h.h.t.HelmChartContainer - [hivemq-test-hivemq-platform] [hivemq-platform-operator] [229b2f72] 00:59:42.608 [ReconcilerExecutor-hivemq-controller-61] INFO  c.h.p.o.HiveMQPlatformReconciler - [customop] Reconciling HiveMQ Platform 'test-hivemq-platform-alpha-tier3' in namespace 'customoperatorselectorsit'
2025-01-29 00:59:42,610 INFO c.h.h.t.HelmChartContainer - [hivemq-test-hivemq-platform] [hivemq-platform-operator] [229b2f72] 00:59:42.608 [ReconcilerExecutor-hivemq-controller-55] INFO  c.h.p.o.HiveMQPlatformReconciler - [customop] Reconciling HiveMQ Platform 'test-hivemq-platform-alpha-tier2' in namespace 'customoperatorselectorsit'
2025-01-29 00:59:42,610 INFO c.h.h.t.HelmChartContainer - [hivemq-test-hivemq-platform] [hivemq-platform-operator] [229b2f72] 00:59:42.608 [ReconcilerExecutor-hivemq-controller-61] DEBUG c.h.p.o.HiveMQPlatformReconciler - [customop] Custom Resource Status CREATED - HiveMQ Platform was created (READY)
2025-01-29 00:59:42,610 INFO c.h.h.t.HelmChartContainer - [hivemq-test-hivemq-platform] [hivemq-platform-operator] [229b2f72] 00:59:42.608 [ReconcilerExecutor-hivemq-controller-61] DEBUG c.h.p.o.HiveMQPlatformReconciler - [customop] Custom Resource Spec (replicas: 1) (extensions: 1)
2025-01-29 00:59:42,610 INFO c.h.h.t.HelmChartContainer - [hivemq-test-hivemq-platform] [hivemq-platform-operator] [229b2f72] 00:59:42.608 [ReconcilerExecutor-hivemq-controller-55] DEBUG c.h.p.o.HiveMQPlatformReconciler - [customop] Custom Resource Status CREATED - HiveMQ Platform was created (READY)
2025-01-29 00:59:42,610 INFO c.h.h.t.HelmChartContainer - [hivemq-test-hivemq-platform] [hivemq-platform-operator] [229b2f72] 00:59:42.608 [ReconcilerExecutor-hivemq-controller-55] DEBUG c.h.p.o.HiveMQPlatformReconciler - [customop] Custom Resource Spec (replicas: 1) (extensions: 1)
2025-01-29 00:59:42,614 INFO c.h.h.t.HelmChartContainer - [hivemq-test-hivemq-platform] [hivemq-platform-operator] [229b2f72] 00:59:42.613 [ReconcilerExecutor-hivemq-controller-61] INFO  c.h.p.o.h.HiveMQPlatformReconcilerBaseHandler - [customop] HiveMQ Platform is starting
2025-01-29 00:59:42,615 INFO c.h.h.t.HelmChartContainer - [hivemq-test-hivemq-platform] [hivemq-platform-operator] [229b2f72] 00:59:42.613 [ReconcilerExecutor-hivemq-controller-55] INFO  c.h.p.o.h.HiveMQPlatformReconcilerBaseHandler - [customop] HiveMQ Platform is starting
2025-01-29 00:59:42,724 INFO c.h.h.t.HelmChartContainer - [hivemq-test-hivemq-platform] [hivemq-platform-operator] [229b2f72] 00:59:42.722 [ReconcilerExecutor-hivemq-controller-55] DEBUG c.h.p.operator.event.EventSender - [customop] Creating K8s event hivemq-platform-starting: [Start] HiveMQ Platform is starting
2025-01-29 00:59:42,725 INFO c.h.h.t.HelmChartContainer - [hivemq-test-hivemq-platform] [hivemq-platform-operator] [229b2f72] 00:59:42.722 [ReconcilerExecutor-hivemq-controller-61] DEBUG c.h.p.operator.event.EventSender - [customop] Creating K8s event hivemq-platform-starting: [Start] HiveMQ Platform is starting
2025-01-29 00:59:42,815 INFO c.h.h.t.HelmChartContainer - [EVENT] Normal [Start] HiveMQ Platform is starting [customoperatorselectorsit:test-hivemq-platform-alpha-tier3]
2025-01-29 00:59:42,815 INFO c.h.h.t.HelmChartContainer - [EVENT] Normal [Start] HiveMQ Platform is starting [customoperatorselectorsit:test-hivemq-platform-alpha-tier2]
2025-01-29 00:59:42,818 INFO c.h.h.t.HelmChartContainer - [hivemq-test-hivemq-platform] [hivemq-platform-operator] [229b2f72] 00:59:42.816 [ReconcilerExecutor-hivemq-controller-61] INFO  c.h.p.o.h.AbstractHiveMQReconcilerStateHandler - [customop] Update HiveMQ Platform Status (CREATED [READY] -> STARTING [READY]): HiveMQ Platform is starting
2025-01-29 00:59:42,819 INFO c.h.h.t.HelmChartContainer - [hivemq-test-hivemq-platform] [hivemq-platform-operator] [229b2f72] 00:59:42.817 [ReconcilerExecutor-hivemq-controller-55] INFO  c.h.p.o.h.AbstractHiveMQReconcilerStateHandler - [customop] Update HiveMQ Platform Status (CREATED [READY] -> STARTING [READY]): HiveMQ Platform is starting
2025-01-29 00:59:42,928 DEBUG com.hivemq.helmcharts.util.K8sUtil - Comparing actual state 'STARTING' and waiting for 'RUNNING'
2025-01-29 00:59:43,010 INFO c.h.h.t.HelmChartContainer - [hivemq-test-hivemq-platform] [hivemq-platform-operator] [229b2f72] 00:59:43.007 [pool-6-thread-22] DEBUG c.h.p.o.d.PlatformServiceResource - [customop] Desired Platform services (3 services)
2025-01-29 00:59:43,015 INFO c.h.h.t.HelmChartContainer - [hivemq-test-hivemq-platform] [hivemq-platform-operator] [229b2f72] 00:59:43.014 [pool-6-thread-23] DEBUG c.h.p.o.dependants.PodInfoConfigMap - [customop] Desired PodInfo ConfigMap (1 extensions) (1 enabled)
2025-01-29 00:59:43,017 INFO c.h.h.t.HelmChartContainer - [hivemq-test-hivemq-platform] [hivemq-platform-operator] [229b2f72] 00:59:43.015 [pool-6-thread-23] DEBUG c.h.p.o.dependants.PodInfoConfigMap - [customop] Desired PodInfo ConfigMap (metrics port: 9399) (metrics path: /)
2025-01-29 00:59:43,017 INFO c.h.h.t.HelmChartContainer - [hivemq-test-hivemq-platform] [hivemq-platform-operator] [229b2f72] 00:59:43.017 [pool-6-thread-27] DEBUG c.h.p.o.d.PodServiceAccountResource - [customop] Desired PodServiceAccountResource (serviceAccountName: hivemq-platform-pod-test-hivemq-platform-alpha-tier3)
2025-01-29 00:59:43,018 INFO c.h.h.t.HelmChartContainer - [hivemq-test-hivemq-platform] [hivemq-platform-operator] [229b2f72] 00:59:43.015 [pool-6-thread-23] DEBUG c.h.p.o.dependants.PodInfoConfigMap - [customop] Desired PodInfo ConfigMap (extension state hash: -1817474005)
2025-01-29 00:59:43,022 INFO c.h.h.t.HelmChartContainer - [hivemq-test-hivemq-platform] [hivemq-platform-operator] [229b2f72] 00:59:43.022 [pool-6-thread-23] DEBUG c.h.p.o.dependants.PodInfoConfigMap - [customop] Update PodInfo ConfigMap
2025-01-29 00:59:43,118 INFO c.h.h.t.HelmChartContainer - [K3S] [alloc.go:330] "allocated clusterIPs" service="customoperatorselectorsit/hivemq-test-hivemq-platform-alpha-tier3-cc-8080" clusterIPs={"IPv4":"10.43.247.178"}
2025-01-29 00:59:43,214 INFO c.h.h.t.HelmChartContainer - [K3S] [alloc.go:330] "allocated clusterIPs" service="customoperatorselectorsit/hivemq-test-hivemq-platform-alpha-tier3-mqtt-1883" clusterIPs={"IPv4":"10.43.242.79"}
2025-01-29 00:59:43,226 INFO c.h.h.t.HelmChartContainer - [K3S] [alloc.go:330] "allocated clusterIPs" service="customoperatorselectorsit/hivemq-test-hivemq-platform-alpha-tier3-metrics-9399" clusterIPs={"IPv4":"10.43.114.69"}
2025-01-29 00:59:43,307 INFO c.h.h.t.HelmChartContainer - [hivemq-test-hivemq-platform] [hivemq-platform-operator] [229b2f72] 00:59:43.306 [pool-6-thread-30] DEBUG c.h.p.o.d.StatefulSetResource - [customop] Desired StatefulSet (1 replicas) for status STARTING (READY)
2025-01-29 00:59:43,318 INFO c.h.h.t.HelmChartContainer - [hivemq-test-hivemq-platform] [hivemq-platform-operator] [229b2f72] 00:59:43.317 [pool-6-thread-30] DEBUG c.h.p.o.d.StatefulSetResource - [customop] Create StatefulSet
2025-01-29 00:59:43,340 INFO c.h.h.t.HelmChartContainer - [POD] test-hivemq-platform-alpha-tier3-0 [2a11d244-a6f4-4e30-b706-752b461ccf01] in customoperatorselectorsit was ADDED
2025-01-29 00:59:43,342 INFO c.h.h.t.HelmChartContainer - [EVENT] Normal [SuccessfulCreate] create Pod test-hivemq-platform-alpha-tier3-0 in StatefulSet test-hivemq-platform-alpha-tier3 successful [customoperatorselectorsit:test-hivemq-platform-alpha-tier3]
2025-01-29 00:59:43,345 INFO c.h.h.t.HelmChartContainer - [EVENT] Normal [Scheduled] Successfully assigned customoperatorselectorsit/test-hivemq-platform-alpha-tier3-0 to 84044ab653e1 [customoperatorselectorsit:test-hivemq-platform-alpha-tier3-0]
2025-01-29 00:59:43,345 INFO c.h.h.t.HelmChartContainer - [POD] test-hivemq-platform-alpha-tier3-0 [2a11d244-a6f4-4e30-b706-752b461ccf01] in customoperatorselectorsit was MODIFIED
2025-01-29 00:59:43,357 INFO c.h.h.t.HelmChartContainer - [POD] test-hivemq-platform-alpha-tier3-0 [2a11d244-a6f4-4e30-b706-752b461ccf01] in customoperatorselectorsit was MODIFIED
2025-01-29 00:59:43,416 INFO c.h.h.t.HelmChartContainer - [hivemq-test-hivemq-platform] [hivemq-platform-operator] [229b2f72] 00:59:43.409 [ReconcilerExecutor-hivemq-controller-78] INFO  c.h.p.o.HiveMQPlatformReconciler - [customop] Reconciling HiveMQ Platform 'test-hivemq-platform-alpha-tier3' in namespace 'customoperatorselectorsit'
2025-01-29 00:59:43,416 INFO c.h.h.t.HelmChartContainer - [hivemq-test-hivemq-platform] [hivemq-platform-operator] [229b2f72] 00:59:43.409 [ReconcilerExecutor-hivemq-controller-78] DEBUG c.h.p.o.HiveMQPlatformReconciler - [customop] Custom Resource Status STARTING - HiveMQ Platform is starting (READY)
2025-01-29 00:59:43,416 INFO c.h.h.t.HelmChartContainer - [hivemq-test-hivemq-platform] [hivemq-platform-operator] [229b2f72] 00:59:43.409 [ReconcilerExecutor-hivemq-controller-78] DEBUG c.h.p.o.HiveMQPlatformReconciler - [customop] Custom Resource Spec (replicas: 1) (extensions: 1)
2025-01-29 00:59:43,416 INFO c.h.h.t.HelmChartContainer - [hivemq-test-hivemq-platform] [hivemq-platform-operator] [229b2f72] 00:59:43.411 [ReconcilerExecutor-hivemq-controller-78] DEBUG c.h.p.o.HiveMQPlatformReconciler - [customop] StatefulSet Status (revision: null, replicas: 0, available: 0, ready: 0, current: 0, updated: 0)
2025-01-29 00:59:43,417 INFO c.h.h.t.HelmChartContainer - [hivemq-test-hivemq-platform] [hivemq-platform-operator] [229b2f72] 00:59:43.411 [ReconcilerExecutor-hivemq-controller-78] DEBUG c.h.p.o.HiveMQPlatformReconciler - [customop] StatefulSet Spec (replicas: 1, init containers: 1, containers: 1, volumes: 3)
2025-01-29 00:59:43,475 INFO c.h.h.t.HelmChartContainer - [K3S] [reconciler_common.go:251] "operationExecutor.VerifyControllerAttachedVolume started for volume \"pod-info\" (UniqueName: \"kubernetes.io/configmap/2a11d244-a6f4-4e30-b706-752b461ccf01-pod-info\") pod \"test-hivemq-platform-alpha-tier3-0\" (UID: \"2a11d244-a6f4-4e30-b706-752b461ccf01\") " pod="customoperatorselectorsit/test-hivemq-platform-alpha-tier3-0"
2025-01-29 00:59:43,475 INFO c.h.h.t.HelmChartContainer - [K3S] [reconciler_common.go:251] "operationExecutor.VerifyControllerAttachedVolume started for volume \"operator-init\" (UniqueName: \"kubernetes.io/empty-dir/2a11d244-a6f4-4e30-b706-752b461ccf01-operator-init\") pod \"test-hivemq-platform-alpha-tier3-0\" (UID: \"2a11d244-a6f4-4e30-b706-752b461ccf01\") " pod="customoperatorselectorsit/test-hivemq-platform-alpha-tier3-0"
2025-01-29 00:59:43,475 INFO c.h.h.t.HelmChartContainer - [K3S] [reconciler_common.go:251] "operationExecutor.VerifyControllerAttachedVolume started for volume \"kube-api-access-n5glw\" (UniqueName: \"kubernetes.io/projected/2a11d244-a6f4-4e30-b706-752b461ccf01-kube-api-access-n5glw\") pod \"test-hivemq-platform-alpha-tier3-0\" (UID: \"2a11d244-a6f4-4e30-b706-752b461ccf01\") " pod="customoperatorselectorsit/test-hivemq-platform-alpha-tier3-0"
2025-01-29 00:59:43,475 INFO c.h.h.t.HelmChartContainer - [K3S] [reconciler_common.go:251] "operationExecutor.VerifyControllerAttachedVolume started for volume \"broker-configuration\" (UniqueName: \"kubernetes.io/configmap/2a11d244-a6f4-4e30-b706-752b461ccf01-broker-configuration\") pod \"test-hivemq-platform-alpha-tier3-0\" (UID: \"2a11d244-a6f4-4e30-b706-752b461ccf01\") " pod="customoperatorselectorsit/test-hivemq-platform-alpha-tier3-0"
2025-01-29 00:59:43,516 INFO c.h.h.t.HelmChartContainer - [hivemq-test-hivemq-platform] [hivemq-platform-operator] [229b2f72] 00:59:43.514 [ReconcilerExecutor-hivemq-controller-78] DEBUG c.h.p.o.h.HiveMQPlatformReconcilerErrorHandler - [customop] Pod 'test-hivemq-platform-alpha-tier3-0' phase Pending
2025-01-29 00:59:43,521 INFO c.h.h.t.HelmChartContainer - [hivemq-test-hivemq-platform] [hivemq-platform-operator] [229b2f72] 00:59:43.515 [ReconcilerExecutor-hivemq-controller-78] DEBUG c.h.p.o.h.HiveMQPlatformReconcilerErrorHandler - [customop] Pod 'test-hivemq-platform-alpha-tier3-0' condition 'PodReadyToStartContainers': False
2025-01-29 00:59:43,521 INFO c.h.h.t.HelmChartContainer - [hivemq-test-hivemq-platform] [hivemq-platform-operator] [229b2f72] 00:59:43.516 [ReconcilerExecutor-hivemq-controller-78] DEBUG c.h.p.o.h.HiveMQPlatformReconcilerErrorHandler - [customop] Pod 'test-hivemq-platform-alpha-tier3-0' condition 'Initialized': False
2025-01-29 00:59:43,521 INFO c.h.h.t.HelmChartContainer - [hivemq-test-hivemq-platform] [hivemq-platform-operator] [229b2f72] 00:59:43.516 [ReconcilerExecutor-hivemq-controller-78] DEBUG c.h.p.o.h.HiveMQPlatformReconcilerErrorHandler - [customop] Pod 'test-hivemq-platform-alpha-tier3-0' condition 'Ready': False
2025-01-29 00:59:43,521 INFO c.h.h.t.HelmChartContainer - [hivemq-test-hivemq-platform] [hivemq-platform-operator] [229b2f72] 00:59:43.516 [ReconcilerExecutor-hivemq-controller-78] DEBUG c.h.p.o.h.HiveMQPlatformReconcilerErrorHandler - [customop] Pod 'test-hivemq-platform-alpha-tier3-0' condition 'ContainersReady': False
2025-01-29 00:59:43,521 INFO c.h.h.t.HelmChartContainer - [hivemq-test-hivemq-platform] [hivemq-platform-operator] [229b2f72] 00:59:43.516 [ReconcilerExecutor-hivemq-controller-78] DEBUG c.h.p.o.h.HiveMQPlatformReconcilerErrorHandler - [customop] Pod 'test-hivemq-platform-alpha-tier3-0' condition 'PodScheduled': True
2025-01-29 00:59:43,521 INFO c.h.h.t.HelmChartContainer - [hivemq-test-hivemq-platform] [hivemq-platform-operator] [229b2f72] 00:59:43.516 [ReconcilerExecutor-hivemq-controller-78] DEBUG c.h.p.o.h.HiveMQPlatformReconcilerErrorHandler - [customop] Pod 'test-hivemq-platform-alpha-tier3-0' containerStatus 'hivemq' (started: false) (ready: false) (waiting: [PodInitializing] null)
2025-01-29 00:59:43,521 INFO c.h.h.t.HelmChartContainer - [hivemq-test-hivemq-platform] [hivemq-platform-operator] [229b2f72] 00:59:43.518 [ReconcilerExecutor-hivemq-controller-78] INFO  c.h.p.o.h.HiveMQPlatformReconcilerBaseHandler - [customop] HiveMQ Platform is starting, 0 of 1 replicas are ready
2025-01-29 00:59:43,609 INFO c.h.h.t.HelmChartContainer - [hivemq-test-hivemq-platform] [hivemq-platform-operator] [229b2f72] 00:59:43.607 [pool-6-thread-32] DEBUG c.h.p.o.d.PlatformServiceResource - [customop] Desired Platform services (3 services)
2025-01-29 00:59:43,612 INFO c.h.h.t.HelmChartContainer - [hivemq-test-hivemq-platform] [hivemq-platform-operator] [229b2f72] 00:59:43.609 [pool-6-thread-33] DEBUG c.h.p.o.dependants.PodInfoConfigMap - [customop] Desired PodInfo ConfigMap (1 extensions) (1 enabled)
2025-01-29 00:59:43,612 INFO c.h.h.t.HelmChartContainer - [hivemq-test-hivemq-platform] [hivemq-platform-operator] [229b2f72] 00:59:43.609 [pool-6-thread-33] DEBUG c.h.p.o.dependants.PodInfoConfigMap - [customop] Desired PodInfo ConfigMap (metrics port: 9399) (metrics path: /)
2025-01-29 00:59:43,617 INFO c.h.h.t.HelmChartContainer - [hivemq-test-hivemq-platform] [hivemq-platform-operator] [229b2f72] 00:59:43.610 [pool-6-thread-33] DEBUG c.h.p.o.dependants.PodInfoConfigMap - [customop] Desired PodInfo ConfigMap (extension state hash: -1817474005)
2025-01-29 00:59:43,621 INFO c.h.h.t.HelmChartContainer - [hivemq-test-hivemq-platform] [hivemq-platform-operator] [229b2f72] 00:59:43.614 [pool-6-thread-37] DEBUG c.h.p.o.d.PodServiceAccountResource - [customop] Desired PodServiceAccountResource (serviceAccountName: hivemq-platform-pod-test-hivemq-platform-alpha-tier3)
2025-01-29 00:59:43,709 INFO c.h.h.t.HelmChartContainer - [hivemq-test-hivemq-platform] [hivemq-platform-operator] [229b2f72] 00:59:43.708 [pool-6-thread-39] DEBUG c.h.p.o.d.StatefulSetResource - [customop] Desired StatefulSet (1 replicas) for status STARTING (READY)
2025-01-29 00:59:43,715 INFO c.h.h.t.HelmChartContainer - [hivemq-test-hivemq-platform] [hivemq-platform-operator] [229b2f72] 00:59:43.714 [ReconcilerExecutor-hivemq-controller-89] INFO  c.h.p.o.HiveMQPlatformReconciler - [customop] Reconciling HiveMQ Platform 'test-hivemq-platform-alpha-tier3' in namespace 'customoperatorselectorsit'
2025-01-29 00:59:43,716 INFO c.h.h.t.HelmChartContainer - [hivemq-test-hivemq-platform] [hivemq-platform-operator] [229b2f72] 00:59:43.714 [ReconcilerExecutor-hivemq-controller-89] DEBUG c.h.p.o.HiveMQPlatformReconciler - [customop] Custom Resource Status STARTING - HiveMQ Platform is starting (READY)
2025-01-29 00:59:43,716 INFO c.h.h.t.HelmChartContainer - [hivemq-test-hivemq-platform] [hivemq-platform-operator] [229b2f72] 00:59:43.714 [ReconcilerExecutor-hivemq-controller-89] DEBUG c.h.p.o.HiveMQPlatformReconciler - [customop] Custom Resource Spec (replicas: 1) (extensions: 1)
2025-01-29 00:59:43,717 INFO c.h.h.t.HelmChartContainer - [hivemq-test-hivemq-platform] [hivemq-platform-operator] [229b2f72] 00:59:43.716 [ReconcilerExecutor-hivemq-controller-89] DEBUG c.h.p.o.HiveMQPlatformReconciler - [customop] StatefulSet Status (revision: test-hivemq-platform-alpha-tier3-7ccdb49877, replicas: 1, available: 0, ready: 0, current: 1, updated: 1)
2025-01-29 00:59:43,720 INFO c.h.h.t.HelmChartContainer - [hivemq-test-hivemq-platform] [hivemq-platform-operator] [229b2f72] 00:59:43.716 [ReconcilerExecutor-hivemq-controller-89] DEBUG c.h.p.o.HiveMQPlatformReconciler - [customop] StatefulSet Spec (replicas: 1, init containers: 1, containers: 1, volumes: 3)
2025-01-29 00:59:43,721 INFO c.h.h.t.HelmChartContainer - [hivemq-test-hivemq-platform] [hivemq-platform-operator] [229b2f72] 00:59:43.717 [ReconcilerExecutor-hivemq-controller-89] DEBUG c.h.p.o.h.HiveMQPlatformReconcilerErrorHandler - [customop] Pod 'test-hivemq-platform-alpha-tier3-0' phase Pending
2025-01-29 00:59:43,722 INFO c.h.h.t.HelmChartContainer - [hivemq-test-hivemq-platform] [hivemq-platform-operator] [229b2f72] 00:59:43.718 [ReconcilerExecutor-hivemq-controller-89] DEBUG c.h.p.o.h.HiveMQPlatformReconcilerErrorHandler - [customop] Pod 'test-hivemq-platform-alpha-tier3-0' condition 'PodReadyToStartContainers': False
2025-01-29 00:59:43,722 INFO c.h.h.t.HelmChartContainer - [hivemq-test-hivemq-platform] [hivemq-platform-operator] [229b2f72] 00:59:43.718 [ReconcilerExecutor-hivemq-controller-89] DEBUG c.h.p.o.h.HiveMQPlatformReconcilerErrorHandler - [customop] Pod 'test-hivemq-platform-alpha-tier3-0' condition 'Initialized': False
2025-01-29 00:59:43,722 INFO c.h.h.t.HelmChartContainer - [hivemq-test-hivemq-platform] [hivemq-platform-operator] [229b2f72] 00:59:43.718 [ReconcilerExecutor-hivemq-controller-89] DEBUG c.h.p.o.h.HiveMQPlatformReconcilerErrorHandler - [customop] Pod 'test-hivemq-platform-alpha-tier3-0' condition 'Ready': False
2025-01-29 00:59:43,722 INFO c.h.h.t.HelmChartContainer - [hivemq-test-hivemq-platform] [hivemq-platform-operator] [229b2f72] 00:59:43.718 [ReconcilerExecutor-hivemq-controller-89] DEBUG c.h.p.o.h.HiveMQPlatformReconcilerErrorHandler - [customop] Pod 'test-hivemq-platform-alpha-tier3-0' condition 'ContainersReady': False
2025-01-29 00:59:43,722 INFO c.h.h.t.HelmChartContainer - [hivemq-test-hivemq-platform] [hivemq-platform-operator] [229b2f72] 00:59:43.718 [ReconcilerExecutor-hivemq-controller-89] DEBUG c.h.p.o.h.HiveMQPlatformReconcilerErrorHandler - [customop] Pod 'test-hivemq-platform-alpha-tier3-0' condition 'PodScheduled': True
2025-01-29 00:59:43,722 INFO c.h.h.t.HelmChartContainer - [hivemq-test-hivemq-platform] [hivemq-platform-operator] [229b2f72] 00:59:43.718 [ReconcilerExecutor-hivemq-controller-89] DEBUG c.h.p.o.h.HiveMQPlatformReconcilerErrorHandler - [customop] Pod 'test-hivemq-platform-alpha-tier3-0' containerStatus 'hivemq' (started: false) (ready: false) (waiting: [PodInitializing] null)
2025-01-29 00:59:43,722 INFO c.h.h.t.HelmChartContainer - [hivemq-test-hivemq-platform] [hivemq-platform-operator] [229b2f72] 00:59:43.718 [ReconcilerExecutor-hivemq-controller-89] INFO  c.h.p.o.h.HiveMQPlatformReconcilerBaseHandler - [customop] HiveMQ Platform is starting, 0 of 1 replicas are ready
2025-01-29 00:59:43,739 INFO c.h.h.t.HelmChartContainer - [EVENT] Normal [Pulled] Container image "docker.io/hivemq/hivemq-platform-operator-init-test:snapshot" already present on machine [customoperatorselectorsit:test-hivemq-platform-alpha-tier3-0]
2025-01-29 00:59:43,881 INFO c.h.h.t.HelmChartContainer - [EVENT] Normal [Created] Created container: hivemq-platform-operator-init [customoperatorselectorsit:test-hivemq-platform-alpha-tier3-0]
2025-01-29 00:59:43,919 INFO c.h.h.t.HelmChartContainer - [EVENT] Normal [Started] Started container hivemq-platform-operator-init [customoperatorselectorsit:test-hivemq-platform-alpha-tier3-0]
2025-01-29 00:59:44,226 INFO c.h.h.t.HelmChartContainer - [POD] test-hivemq-platform-alpha-tier3-0 [2a11d244-a6f4-4e30-b706-752b461ccf01] in customoperatorselectorsit was MODIFIED
2025-01-29 00:59:44,242 INFO c.h.h.t.HelmChartContainer - [hivemq-test-hivemq-platform] [hivemq-platform-operator] [229b2f72] 00:59:44.237 [pool-6-thread-42] DEBUG c.h.p.o.d.PlatformServiceResource - [customop] Desired Platform services (3 services)
2025-01-29 00:59:44,244 INFO c.h.h.t.HelmChartContainer - [hivemq-test-hivemq-platform] [hivemq-platform-operator] [229b2f72] 00:59:44.239 [pool-6-thread-43] DEBUG c.h.p.o.dependants.PodInfoConfigMap - [customop] Desired PodInfo ConfigMap (1 extensions) (1 enabled)
2025-01-29 00:59:44,244 INFO c.h.h.t.HelmChartContainer - [hivemq-test-hivemq-platform] [hivemq-platform-operator] [229b2f72] 00:59:44.240 [pool-6-thread-43] DEBUG c.h.p.o.dependants.PodInfoConfigMap - [customop] Desired PodInfo ConfigMap (metrics port: 9399) (metrics path: /)
2025-01-29 00:59:44,244 INFO c.h.h.t.HelmChartContainer - [hivemq-test-hivemq-platform] [hivemq-platform-operator] [229b2f72] 00:59:44.240 [pool-6-thread-43] DEBUG c.h.p.o.dependants.PodInfoConfigMap - [customop] Desired PodInfo ConfigMap (extension state hash: -1817474005)
2025-01-29 00:59:44,249 INFO c.h.h.t.HelmChartContainer - [hivemq-test-hivemq-platform] [hivemq-platform-operator] [229b2f72] 00:59:44.247 [pool-6-thread-47] DEBUG c.h.p.o.d.PodServiceAccountResource - [customop] Desired PodServiceAccountResource (serviceAccountName: hivemq-platform-pod-test-hivemq-platform-alpha-tier3)
2025-01-29 00:59:44,253 INFO c.h.h.t.HelmChartContainer - [hivemq-test-hivemq-platform] [hivemq-platform-operator] [229b2f72] 00:59:44.251 [pool-6-thread-50] DEBUG c.h.p.o.d.StatefulSetResource - [customop] Desired StatefulSet (1 replicas) for status STARTING (READY)
2025-01-29 00:59:44,309 INFO c.h.h.t.HelmChartContainer - [hivemq-test-hivemq-platform] [hivemq-platform-operator] [229b2f72] 00:59:44.308 [ReconcilerExecutor-hivemq-controller-100] INFO  c.h.p.o.HiveMQPlatformReconciler - [customop] Reconciling HiveMQ Platform 'test-hivemq-platform-alpha-tier3' in namespace 'customoperatorselectorsit'
2025-01-29 00:59:44,309 INFO c.h.h.t.HelmChartContainer - [hivemq-test-hivemq-platform] [hivemq-platform-operator] [229b2f72] 00:59:44.308 [ReconcilerExecutor-hivemq-controller-100] DEBUG c.h.p.o.HiveMQPlatformReconciler - [customop] Custom Resource Status STARTING - HiveMQ Platform is starting (READY)
2025-01-29 00:59:44,309 INFO c.h.h.t.HelmChartContainer - [hivemq-test-hivemq-platform] [hivemq-platform-operator] [229b2f72] 00:59:44.308 [ReconcilerExecutor-hivemq-controller-100] DEBUG c.h.p.o.HiveMQPlatformReconciler - [customop] Custom Resource Spec (replicas: 1) (extensions: 1)
2025-01-29 00:59:44,312 INFO c.h.h.t.HelmChartContainer - [hivemq-test-hivemq-platform] [hivemq-platform-operator] [229b2f72] 00:59:44.311 [ReconcilerExecutor-hivemq-controller-100] DEBUG c.h.p.o.HiveMQPlatformReconciler - [customop] StatefulSet Status (revision: test-hivemq-platform-alpha-tier3-7ccdb49877, replicas: 1, available: 0, ready: 0, current: 1, updated: 1)
2025-01-29 00:59:44,313 INFO c.h.h.t.HelmChartContainer - [hivemq-test-hivemq-platform] [hivemq-platform-operator] [229b2f72] 00:59:44.311 [ReconcilerExecutor-hivemq-controller-100] DEBUG c.h.p.o.HiveMQPlatformReconciler - [customop] StatefulSet Spec (replicas: 1, init containers: 1, containers: 1, volumes: 3)
2025-01-29 00:59:44,316 INFO c.h.h.t.HelmChartContainer - [hivemq-test-hivemq-platform] [hivemq-platform-operator] [229b2f72] 00:59:44.314 [ReconcilerExecutor-hivemq-controller-100] DEBUG c.h.p.o.h.HiveMQPlatformReconcilerErrorHandler - [customop] Pod 'test-hivemq-platform-alpha-tier3-0' phase Pending
2025-01-29 00:59:44,316 INFO c.h.h.t.HelmChartContainer - [hivemq-test-hivemq-platform] [hivemq-platform-operator] [229b2f72] 00:59:44.314 [ReconcilerExecutor-hivemq-controller-100] DEBUG c.h.p.o.h.HiveMQPlatformReconcilerErrorHandler - [customop] Pod 'test-hivemq-platform-alpha-tier3-0' condition 'PodReadyToStartContainers': True
2025-01-29 00:59:44,316 INFO c.h.h.t.HelmChartContainer - [hivemq-test-hivemq-platform] [hivemq-platform-operator] [229b2f72] 00:59:44.314 [ReconcilerExecutor-hivemq-controller-100] DEBUG c.h.p.o.h.HiveMQPlatformReconcilerErrorHandler - [customop] Pod 'test-hivemq-platform-alpha-tier3-0' condition 'Initialized': False
2025-01-29 00:59:44,316 INFO c.h.h.t.HelmChartContainer - [hivemq-test-hivemq-platform] [hivemq-platform-operator] [229b2f72] 00:59:44.314 [ReconcilerExecutor-hivemq-controller-100] DEBUG c.h.p.o.h.HiveMQPlatformReconcilerErrorHandler - [customop] Pod 'test-hivemq-platform-alpha-tier3-0' condition 'Ready': False
2025-01-29 00:59:44,316 INFO c.h.h.t.HelmChartContainer - [hivemq-test-hivemq-platform] [hivemq-platform-operator] [229b2f72] 00:59:44.314 [ReconcilerExecutor-hivemq-controller-100] DEBUG c.h.p.o.h.HiveMQPlatformReconcilerErrorHandler - [customop] Pod 'test-hivemq-platform-alpha-tier3-0' condition 'ContainersReady': False
2025-01-29 00:59:44,316 INFO c.h.h.t.HelmChartContainer - [hivemq-test-hivemq-platform] [hivemq-platform-operator] [229b2f72] 00:59:44.314 [ReconcilerExecutor-hivemq-controller-100] DEBUG c.h.p.o.h.HiveMQPlatformReconcilerErrorHandler - [customop] Pod 'test-hivemq-platform-alpha-tier3-0' condition 'PodScheduled': True
2025-01-29 00:59:44,316 INFO c.h.h.t.HelmChartContainer - [hivemq-test-hivemq-platform] [hivemq-platform-operator] [229b2f72] 00:59:44.314 [ReconcilerExecutor-hivemq-controller-100] DEBUG c.h.p.o.h.HiveMQPlatformReconcilerErrorHandler - [customop] Pod 'test-hivemq-platform-alpha-tier3-0' containerStatus 'hivemq' (started: false) (ready: false) (waiting: [PodInitializing] null)
2025-01-29 00:59:44,316 INFO c.h.h.t.HelmChartContainer - [hivemq-test-hivemq-platform] [hivemq-platform-operator] [229b2f72] 00:59:44.315 [ReconcilerExecutor-hivemq-controller-100] INFO  c.h.p.o.h.HiveMQPlatformReconcilerBaseHandler - [customop] HiveMQ Platform is starting, 0 of 1 replicas are ready
2025-01-29 00:59:45,220 INFO c.h.h.t.HelmChartContainer - [EVENT] Normal [Pulled] Container image "docker.io/hivemq/hivemq4:4.36.0" already present on machine [customoperatorselectorsit:test-hivemq-platform-alpha-tier3-0]
2025-01-29 00:59:45,220 INFO c.h.h.t.HelmChartContainer - Received Pulled event for container hivemq in pod test-hivemq-platform-alpha-tier3-0 [2a11d244-a6f4-4e30-b706-752b461ccf01]
2025-01-29 00:59:45,230 INFO c.h.h.t.HelmChartContainer - [POD] test-hivemq-platform-alpha-tier3-0 [2a11d244-a6f4-4e30-b706-752b461ccf01] in customoperatorselectorsit was MODIFIED
2025-01-29 00:59:45,239 INFO c.h.h.t.HelmChartContainer - [hivemq-test-hivemq-platform] [hivemq-platform-operator] [229b2f72] 00:59:45.237 [pool-6-thread-8] DEBUG c.h.p.o.d.PodServiceAccountResource - [customop] Desired PodServiceAccountResource (serviceAccountName: hivemq-platform-pod-test-hivemq-platform-alpha-tier3)
2025-01-29 00:59:45,240 INFO c.h.h.t.HelmChartContainer - [hivemq-test-hivemq-platform] [hivemq-platform-operator] [229b2f72] 00:59:45.238 [pool-6-thread-7] DEBUG c.h.p.o.dependants.PodInfoConfigMap - [customop] Desired PodInfo ConfigMap (1 extensions) (1 enabled)
2025-01-29 00:59:45,241 INFO c.h.h.t.HelmChartContainer - [hivemq-test-hivemq-platform] [hivemq-platform-operator] [229b2f72] 00:59:45.239 [pool-6-thread-7] DEBUG c.h.p.o.dependants.PodInfoConfigMap - [customop] Desired PodInfo ConfigMap (metrics port: 9399) (metrics path: /)
2025-01-29 00:59:45,241 INFO c.h.h.t.HelmChartContainer - [hivemq-test-hivemq-platform] [hivemq-platform-operator] [229b2f72] 00:59:45.239 [pool-6-thread-7] DEBUG c.h.p.o.dependants.PodInfoConfigMap - [customop] Desired PodInfo ConfigMap (extension state hash: -1817474005)
2025-01-29 00:59:45,242 INFO c.h.h.t.HelmChartContainer - [hivemq-test-hivemq-platform] [hivemq-platform-operator] [229b2f72] 00:59:45.238 [pool-6-thread-12] DEBUG c.h.p.o.d.PlatformServiceResource - [customop] Desired Platform services (3 services)
2025-01-29 00:59:45,251 INFO c.h.h.t.HelmChartContainer - [hivemq-test-hivemq-platform] [hivemq-platform-operator] [229b2f72] 00:59:45.250 [pool-6-thread-12] DEBUG c.h.p.o.d.StatefulSetResource - [customop] Desired StatefulSet (1 replicas) for status STARTING (READY)
2025-01-29 00:59:45,313 INFO c.h.h.t.HelmChartContainer - [hivemq-test-hivemq-platform] [hivemq-platform-operator] [229b2f72] 00:59:45.308 [ReconcilerExecutor-hivemq-controller-111] INFO  c.h.p.o.HiveMQPlatformReconciler - [customop] Reconciling HiveMQ Platform 'test-hivemq-platform-alpha-tier3' in namespace 'customoperatorselectorsit'
2025-01-29 00:59:45,313 INFO c.h.h.t.HelmChartContainer - [hivemq-test-hivemq-platform] [hivemq-platform-operator] [229b2f72] 00:59:45.309 [ReconcilerExecutor-hivemq-controller-111] DEBUG c.h.p.o.HiveMQPlatformReconciler - [customop] Custom Resource Status STARTING - HiveMQ Platform is starting (READY)
2025-01-29 00:59:45,314 INFO c.h.h.t.HelmChartContainer - [hivemq-test-hivemq-platform] [hivemq-platform-operator] [229b2f72] 00:59:45.309 [ReconcilerExecutor-hivemq-controller-111] DEBUG c.h.p.o.HiveMQPlatformReconciler - [customop] Custom Resource Spec (replicas: 1) (extensions: 1)
2025-01-29 00:59:45,315 INFO c.h.h.t.HelmChartContainer - [hivemq-test-hivemq-platform] [hivemq-platform-operator] [229b2f72] 00:59:45.312 [ReconcilerExecutor-hivemq-controller-111] DEBUG c.h.p.o.HiveMQPlatformReconciler - [customop] StatefulSet Status (revision: test-hivemq-platform-alpha-tier3-7ccdb49877, replicas: 1, available: 0, ready: 0, current: 1, updated: 1)
2025-01-29 00:59:45,315 INFO c.h.h.t.HelmChartContainer - [hivemq-test-hivemq-platform] [hivemq-platform-operator] [229b2f72] 00:59:45.312 [ReconcilerExecutor-hivemq-controller-111] DEBUG c.h.p.o.HiveMQPlatformReconciler - [customop] StatefulSet Spec (replicas: 1, init containers: 1, containers: 1, volumes: 3)
2025-01-29 00:59:45,318 INFO c.h.h.t.HelmChartContainer - [hivemq-test-hivemq-platform] [hivemq-platform-operator] [229b2f72] 00:59:45.315 [ReconcilerExecutor-hivemq-controller-111] DEBUG c.h.p.o.h.HiveMQPlatformReconcilerErrorHandler - [customop] Pod 'test-hivemq-platform-alpha-tier3-0' phase Pending
2025-01-29 00:59:45,318 INFO c.h.h.t.HelmChartContainer - [hivemq-test-hivemq-platform] [hivemq-platform-operator] [229b2f72] 00:59:45.316 [ReconcilerExecutor-hivemq-controller-111] DEBUG c.h.p.o.h.HiveMQPlatformReconcilerErrorHandler - [customop] Pod 'test-hivemq-platform-alpha-tier3-0' condition 'PodReadyToStartContainers': True
2025-01-29 00:59:45,318 INFO c.h.h.t.HelmChartContainer - [hivemq-test-hivemq-platform] [hivemq-platform-operator] [229b2f72] 00:59:45.316 [ReconcilerExecutor-hivemq-controller-111] DEBUG c.h.p.o.h.HiveMQPlatformReconcilerErrorHandler - [customop] Pod 'test-hivemq-platform-alpha-tier3-0' condition 'Initialized': True
2025-01-29 00:59:45,318 INFO c.h.h.t.HelmChartContainer - [hivemq-test-hivemq-platform] [hivemq-platform-operator] [229b2f72] 00:59:45.316 [ReconcilerExecutor-hivemq-controller-111] DEBUG c.h.p.o.h.HiveMQPlatformReconcilerErrorHandler - [customop] Pod 'test-hivemq-platform-alpha-tier3-0' condition 'Ready': False
2025-01-29 00:59:45,318 INFO c.h.h.t.HelmChartContainer - [hivemq-test-hivemq-platform] [hivemq-platform-operator] [229b2f72] 00:59:45.316 [ReconcilerExecutor-hivemq-controller-111] DEBUG c.h.p.o.h.HiveMQPlatformReconcilerErrorHandler - [customop] Pod 'test-hivemq-platform-alpha-tier3-0' condition 'ContainersReady': False
2025-01-29 00:59:45,318 INFO c.h.h.t.HelmChartContainer - [hivemq-test-hivemq-platform] [hivemq-platform-operator] [229b2f72] 00:59:45.316 [ReconcilerExecutor-hivemq-controller-111] DEBUG c.h.p.o.h.HiveMQPlatformReconcilerErrorHandler - [customop] Pod 'test-hivemq-platform-alpha-tier3-0' condition 'PodScheduled': True
2025-01-29 00:59:45,318 INFO c.h.h.t.HelmChartContainer - [hivemq-test-hivemq-platform] [hivemq-platform-operator] [229b2f72] 00:59:45.316 [ReconcilerExecutor-hivemq-controller-111] DEBUG c.h.p.o.h.HiveMQPlatformReconcilerErrorHandler - [customop] Pod 'test-hivemq-platform-alpha-tier3-0' containerStatus 'hivemq' (started: false) (ready: false) (waiting: [PodInitializing] null)
2025-01-29 00:59:45,320 INFO c.h.h.t.HelmChartContainer - [hivemq-test-hivemq-platform] [hivemq-platform-operator] [229b2f72] 00:59:45.317 [ReconcilerExecutor-hivemq-controller-111] INFO  c.h.p.o.h.HiveMQPlatformReconcilerBaseHandler - [customop] HiveMQ Platform is starting, 0 of 1 replicas are ready
2025-01-29 00:59:46,587 INFO c.h.h.t.HelmChartContainer - [EVENT] Normal [Created] Created container: hivemq [customoperatorselectorsit:test-hivemq-platform-alpha-tier3-0]
2025-01-29 00:59:46,587 INFO c.h.h.t.HelmChartContainer - Received Created event for container hivemq in pod test-hivemq-platform-alpha-tier3-0 [2a11d244-a6f4-4e30-b706-752b461ccf01]
2025-01-29 00:59:47,236 INFO c.h.h.t.HelmChartContainer - [POD] test-hivemq-platform-alpha-tier3-0 [2a11d244-a6f4-4e30-b706-752b461ccf01] in customoperatorselectorsit was MODIFIED
2025-01-29 00:59:47,247 INFO c.h.h.t.HelmChartContainer - [hivemq-test-hivemq-platform] [hivemq-platform-operator] [229b2f72] 00:59:47.240 [pool-6-thread-3] DEBUG c.h.p.o.d.PlatformServiceResource - [customop] Desired Platform services (3 services)
2025-01-29 00:59:47,247 INFO c.h.h.t.HelmChartContainer - [hivemq-test-hivemq-platform] [hivemq-platform-operator] [229b2f72] 00:59:47.242 [pool-6-thread-4] DEBUG c.h.p.o.dependants.PodInfoConfigMap - [customop] Desired PodInfo ConfigMap (1 extensions) (1 enabled)
2025-01-29 00:59:47,247 INFO c.h.h.t.HelmChartContainer - [hivemq-test-hivemq-platform] [hivemq-platform-operator] [229b2f72] 00:59:47.242 [pool-6-thread-4] DEBUG c.h.p.o.dependants.PodInfoConfigMap - [customop] Desired PodInfo ConfigMap (metrics port: 9399) (metrics path: /)
2025-01-29 00:59:47,247 INFO c.h.h.t.HelmChartContainer - [hivemq-test-hivemq-platform] [hivemq-platform-operator] [229b2f72] 00:59:47.242 [pool-6-thread-4] DEBUG c.h.p.o.dependants.PodInfoConfigMap - [customop] Desired PodInfo ConfigMap (extension state hash: -1817474005)
2025-01-29 00:59:47,247 INFO c.h.h.t.HelmChartContainer - [hivemq-test-hivemq-platform] [hivemq-platform-operator] [229b2f72] 00:59:47.245 [pool-6-thread-2] DEBUG c.h.p.o.d.PodServiceAccountResource - [customop] Desired PodServiceAccountResource (serviceAccountName: hivemq-platform-pod-test-hivemq-platform-alpha-tier3)
2025-01-29 00:59:47,251 INFO c.h.h.t.HelmChartContainer - Started log watcher for hivemq in pod test-hivemq-platform-alpha-tier3-0 [2a11d244-a6f4-4e30-b706-752b461ccf01]
2025-01-29 00:59:47,251 INFO c.h.h.t.HelmChartContainer - [test-hivemq-platform] [hivemq] [2a11d244] Adding pre-installed HiveMQ Platform Operator extensions
2025-01-29 00:59:47,251 INFO c.h.h.t.HelmChartContainer - [test-hivemq-platform] [hivemq] [2a11d244] Running as user 10000
2025-01-29 00:59:47,251 INFO c.h.h.t.HelmChartContainer - [test-hivemq-platform] [hivemq] [2a11d244] Starting HiveMQ Platform Operator Init
2025-01-29 00:59:47,251 INFO c.h.h.t.HelmChartContainer - [EVENT] Normal [Started] Started container hivemq [customoperatorselectorsit:test-hivemq-platform-alpha-tier3-0]
2025-01-29 00:59:47,252 INFO c.h.h.t.HelmChartContainer - Received Started event for container hivemq in pod test-hivemq-platform-alpha-tier3-0 [2a11d244-a6f4-4e30-b706-752b461ccf01]
2025-01-29 00:59:47,255 INFO c.h.h.t.HelmChartContainer - [hivemq-test-hivemq-platform] [hivemq-platform-operator] [229b2f72] 00:59:47.253 [pool-6-thread-14] DEBUG c.h.p.o.d.StatefulSetResource - [customop] Desired StatefulSet (1 replicas) for status STARTING (READY)
2025-01-29 00:59:47,259 INFO c.h.h.t.HelmChartContainer - [hivemq-test-hivemq-platform] [hivemq-platform-operator] [229b2f72] 00:59:47.258 [ReconcilerExecutor-hivemq-controller-112] INFO  c.h.p.o.HiveMQPlatformReconciler - [customop] Reconciling HiveMQ Platform 'test-hivemq-platform-alpha-tier3' in namespace 'customoperatorselectorsit'
2025-01-29 00:59:47,259 INFO c.h.h.t.HelmChartContainer - [hivemq-test-hivemq-platform] [hivemq-platform-operator] [229b2f72] 00:59:47.258 [ReconcilerExecutor-hivemq-controller-112] DEBUG c.h.p.o.HiveMQPlatformReconciler - [customop] Custom Resource Status STARTING - HiveMQ Platform is starting (READY)
2025-01-29 00:59:47,259 INFO c.h.h.t.HelmChartContainer - [hivemq-test-hivemq-platform] [hivemq-platform-operator] [229b2f72] 00:59:47.258 [ReconcilerExecutor-hivemq-controller-112] DEBUG c.h.p.o.HiveMQPlatformReconciler - [customop] Custom Resource Spec (replicas: 1) (extensions: 1)
2025-01-29 00:59:47,311 INFO c.h.h.t.HelmChartContainer - [hivemq-test-hivemq-platform] [hivemq-platform-operator] [229b2f72] 00:59:47.307 [ReconcilerExecutor-hivemq-controller-112] DEBUG c.h.p.o.HiveMQPlatformReconciler - [customop] StatefulSet Status (revision: test-hivemq-platform-alpha-tier3-7ccdb49877, replicas: 1, available: 0, ready: 0, current: 1, updated: 1)
2025-01-29 00:59:47,311 INFO c.h.h.t.HelmChartContainer - [hivemq-test-hivemq-platform] [hivemq-platform-operator] [229b2f72] 00:59:47.307 [ReconcilerExecutor-hivemq-controller-112] DEBUG c.h.p.o.HiveMQPlatformReconciler - [customop] StatefulSet Spec (replicas: 1, init containers: 1, containers: 1, volumes: 3)
2025-01-29 00:59:47,311 INFO c.h.h.t.HelmChartContainer - [hivemq-test-hivemq-platform] [hivemq-platform-operator] [229b2f72] 00:59:47.309 [ReconcilerExecutor-hivemq-controller-112] DEBUG c.h.p.o.h.HiveMQPlatformReconcilerErrorHandler - [customop] Pod 'test-hivemq-platform-alpha-tier3-0' phase Running
2025-01-29 00:59:47,312 INFO c.h.h.t.HelmChartContainer - [hivemq-test-hivemq-platform] [hivemq-platform-operator] [229b2f72] 00:59:47.310 [ReconcilerExecutor-hivemq-controller-112] INFO  c.h.p.o.h.HiveMQPlatformReconcilerBaseHandler - [customop] HiveMQ Platform is starting, 0 of 1 replicas are ready
2025-01-29 00:59:47,866 INFO c.h.h.t.HelmChartContainer - [test-hivemq-platform] [hivemq] [2a11d244] INFO  - [HiveMQ Platform Operator Init 1.7.0-SNAPSHOT] HiveMQ Platform Operator Init 1.7.0-SNAPSHOT (commit: bebf408 on branch: HEAD) built on Sun Jan 26 20:47:47 UTC 2025
2025-01-29 00:59:48,940 INFO c.h.h.t.HelmChartContainer - [test-hivemq-platform] [hivemq] [2a11d244] INFO  - [HiveMQ Platform Operator Init App 1.7.0-SNAPSHOT] Using bind address 10.42.0.8 from environment variable
2025-01-29 00:59:49,867 INFO c.h.h.t.HelmChartContainer - [test-hivemq-platform] [hivemq] [2a11d244] INFO  - [HiveMQ Platform Operator Init App 1.7.0-SNAPSHOT] HiveMQ Platform Operator Init App 1.7.0-SNAPSHOT (commit: bebf408 on branch: HEAD) built on Sun Jan 26 20:47:47 UTC 2025
2025-01-29 00:59:49,868 INFO c.h.h.t.HelmChartContainer - [test-hivemq-platform] [hivemq] [2a11d244] INFO  - [HiveMQ Platform Operator Init App 1.7.0-SNAPSHOT] PodInfo ConfigMap directory: /etc/podinfo
2025-01-29 00:59:49,868 INFO c.h.h.t.HelmChartContainer - [test-hivemq-platform] [hivemq] [2a11d244] INFO  - [HiveMQ Platform Operator Init App 1.7.0-SNAPSHOT] HiveMQ home directory: /opt/hivemq
2025-01-29 00:59:49,868 INFO c.h.h.t.HelmChartContainer - [test-hivemq-platform] [hivemq] [2a11d244] INFO  - [HiveMQ Platform Operator Init App 1.7.0-SNAPSHOT] HiveMQ Logback folder: /opt/hivemq/conf
2025-01-29 00:59:49,868 INFO c.h.h.t.HelmChartContainer - [test-hivemq-platform] [hivemq] [2a11d244] INFO  - [HiveMQ Platform Operator Init App 1.7.0-SNAPSHOT] HiveMQ Config folder: /opt/hivemq/conf-k8s
2025-01-29 00:59:49,868 INFO c.h.h.t.HelmChartContainer - [test-hivemq-platform] [hivemq] [2a11d244] INFO  - [HiveMQ Platform Operator Init App 1.7.0-SNAPSHOT] Starting HiveMQ Platform Operator Init App
2025-01-29 00:59:49,869 INFO c.h.h.t.HelmChartContainer - [test-hivemq-platform] [hivemq] [2a11d244] INFO  - [HiveMQ Platform Operator Init App 1.7.0-SNAPSHOT] Starting Pod reconciler
2025-01-29 00:59:51,108 INFO c.h.h.t.HelmChartContainer - [test-hivemq-platform] [hivemq] [2a11d244] INFO  - [HiveMQ Platform Operator Init App 1.7.0-SNAPSHOT] Pod reconciler is scheduled (interval: 5000 ms)
2025-01-29 00:59:51,110 INFO c.h.h.t.HelmChartContainer - [test-hivemq-platform] [hivemq] [2a11d244] INFO  - [HiveMQ Platform Operator Init App 1.7.0-SNAPSHOT] Starting the REST API on 10.42.0.8:7979
2025-01-29 00:59:51,112 INFO c.h.h.t.HelmChartContainer - [test-hivemq-platform] [hivemq] [2a11d244] INFO  - [HiveMQ Platform Operator Init App 1.7.0-SNAPSHOT] Waiting up to 600s for at most 1 HiveMQ nodes in cluster service hivemq-test-hivemq-platform-alpha-tier3-cluster.customoperatorselectorsit.svc
2025-01-29 00:59:51,421 INFO c.h.h.t.HelmChartContainer - [test-hivemq-platform] [hivemq] [2a11d244] INFO  - [HiveMQ Platform Operator Init App 1.7.0-SNAPSHOT] Resolved 1 IP addresses: [10.42.0.8]
2025-01-29 00:59:51,421 INFO c.h.h.t.HelmChartContainer - [test-hivemq-platform] [hivemq] [2a11d244] INFO  - [HiveMQ Platform Operator Init App 1.7.0-SNAPSHOT] HiveMQ node count of 1 is within threshold of 1
2025-01-29 00:59:51,421 INFO c.h.h.t.HelmChartContainer - [test-hivemq-platform] [hivemq] [2a11d244] INFO  - [HiveMQ Platform Operator Init App 1.7.0-SNAPSHOT] Proceeding with container start
2025-01-29 00:59:51,513 INFO c.h.h.t.HelmChartContainer - [test-hivemq-platform] [hivemq] [2a11d244] INFO  - [HiveMQ Platform Operator Init App 1.7.0-SNAPSHOT] Initializing HiveMQ Platform extensions with initial configuration: {hivemq-allow-all-extension={start-priority=-1, skip-https-hostname-verification=false, restart=true, config-version=0, header-version=0, c-uri=, priority=-1, uri=preinstalled, skip-https-certificate-validation=false, enabled=true}, hivemq-prometheus-extension={priority=-1, restart=true, enabled=true, request-header-path=no-request-headers, uri=preinstalled, skip-https-certificate-validation=false, skip-https-hostname-verification=false, c-uri=, start-priority=-1}}
2025-01-29 00:59:51,925 INFO c.h.h.t.HelmChartContainer - [test-hivemq-platform] [hivemq] [2a11d244] INFO  - [HiveMQ Platform Operator Init App 1.7.0-SNAPSHOT] Extension hivemq-allow-all-extension was already enabled
2025-01-29 00:59:52,017 INFO c.h.h.t.HelmChartContainer - [test-hivemq-platform] [hivemq] [2a11d244] INFO  - [HiveMQ Platform Operator Init App 1.7.0-SNAPSHOT] Successfully enabled extension hivemq-prometheus-extension
2025-01-29 00:59:52,018 INFO c.h.h.t.HelmChartContainer - [test-hivemq-platform] [hivemq] [2a11d244] INFO  - [HiveMQ Platform Operator Init App 1.7.0-SNAPSHOT] Starting HiveMQ Platform version 4.36.0 (4.36.0)
2025-01-29 00:59:52,019 INFO c.h.h.t.HelmChartContainer - [test-hivemq-platform] [hivemq] [2a11d244] INFO  - [HiveMQ Platform Operator Init App 1.7.0-SNAPSHOT] Configuring the HiveMQ Platform
2025-01-29 00:59:52,069 INFO c.h.h.t.HelmChartContainer - [test-hivemq-platform] [hivemq] [2a11d244] INFO  - [HiveMQ Platform Operator Init App 1.7.0-SNAPSHOT] Changed logback.xml file scan period to 20 seconds
2025-01-29 00:59:52,167 INFO c.h.h.t.HelmChartContainer - [test-hivemq-platform] [hivemq] [2a11d244] INFO  - [HiveMQ Platform Operator Init App 1.7.0-SNAPSHOT] Starting the HiveMQ Platform
2025-01-29 00:59:52,210 INFO c.h.h.t.HelmChartContainer - [test-hivemq-platform] [hivemq] [2a11d244] -------------------------------------------------------------------------
2025-01-29 00:59:52,210 INFO c.h.h.t.HelmChartContainer - [test-hivemq-platform] [hivemq] [2a11d244] 
2025-01-29 00:59:52,210 INFO c.h.h.t.HelmChartContainer - [test-hivemq-platform] [hivemq] [2a11d244]                   _    _  _              __  __   ____
2025-01-29 00:59:52,210 INFO c.h.h.t.HelmChartContainer - [test-hivemq-platform] [hivemq] [2a11d244]                  | |  | |(_)            |  \/  | / __ \
2025-01-29 00:59:52,210 INFO c.h.h.t.HelmChartContainer - [test-hivemq-platform] [hivemq] [2a11d244]                  | |__| | _ __   __ ___ | \  / || |  | |
2025-01-29 00:59:52,210 INFO c.h.h.t.HelmChartContainer - [test-hivemq-platform] [hivemq] [2a11d244]                  |  __  || |\ \ / // _ \| |\/| || |  | |
2025-01-29 00:59:52,210 INFO c.h.h.t.HelmChartContainer - [test-hivemq-platform] [hivemq] [2a11d244]                  | |  | || | \ V /|  __/| |  | || |__| |
2025-01-29 00:59:52,210 INFO c.h.h.t.HelmChartContainer - [test-hivemq-platform] [hivemq] [2a11d244]                  |_|  |_||_|  \_/  \___||_|  |_| \___\_\
2025-01-29 00:59:52,210 INFO c.h.h.t.HelmChartContainer - [test-hivemq-platform] [hivemq] [2a11d244] 
2025-01-29 00:59:52,210 INFO c.h.h.t.HelmChartContainer - [test-hivemq-platform] [hivemq] [2a11d244] -------------------------------------------------------------------------
2025-01-29 00:59:52,210 INFO c.h.h.t.HelmChartContainer - [test-hivemq-platform] [hivemq] [2a11d244] 
2025-01-29 00:59:52,210 INFO c.h.h.t.HelmChartContainer - [test-hivemq-platform] [hivemq] [2a11d244]   HiveMQ Start Script for Linux/Unix v1.14
2025-01-29 00:59:52,210 INFO c.h.h.t.HelmChartContainer - [test-hivemq-platform] [hivemq] [2a11d244] 
2025-01-29 00:59:52,239 INFO c.h.h.t.HelmChartContainer - [test-hivemq-platform] [hivemq] [2a11d244] -------------------------------------------------------------------------
2025-01-29 00:59:52,239 INFO c.h.h.t.HelmChartContainer - [test-hivemq-platform] [hivemq] [2a11d244] 
2025-01-29 00:59:52,239 INFO c.h.h.t.HelmChartContainer - [test-hivemq-platform] [hivemq] [2a11d244]   HIVEMQ_HOME: /opt/hivemq
2025-01-29 00:59:52,239 INFO c.h.h.t.HelmChartContainer - [test-hivemq-platform] [hivemq] [2a11d244] 
2025-01-29 00:59:52,239 INFO c.h.h.t.HelmChartContainer - [test-hivemq-platform] [hivemq] [2a11d244]   JAVA_OPTS: -XX:+UnlockExperimentalVMOptions -XX:InitialRAMPercentage=50 -XX:MaxRAMPercentage=50 -Djava.net.preferIPv4Stack=true --add-opens java.base/java.lang=ALL-UNNAMED --add-opens java.base/java.nio=ALL-UNNAMED --add-opens java.base/sun.nio.ch=ALL-UNNAMED --add-opens jdk.management/com.sun.management.internal=ALL-UNNAMED --add-exports java.base/jdk.internal.misc=ALL-UNNAMED -Djava.security.egd=file:/dev/./urandom -Dcom.sun.management.jmxremote -Dcom.sun.management.jmxremote.port=9010 -Dcom.sun.management.jmxremote.local.only=false -Dcom.sun.management.jmxremote.authenticate=false -Dcom.sun.management.jmxremote.ssl=false -Duser.language=en -Duser.region=US -XX:+CrashOnOutOfMemoryError -XX:+HeapDumpOnOutOfMemoryError
2025-01-29 00:59:52,239 INFO c.h.h.t.HelmChartContainer - [test-hivemq-platform] [hivemq] [2a11d244] 
2025-01-29 00:59:52,239 INFO c.h.h.t.HelmChartContainer - [test-hivemq-platform] [hivemq] [2a11d244]   JAVA_VERSION: 21
2025-01-29 00:59:52,239 INFO c.h.h.t.HelmChartContainer - [test-hivemq-platform] [hivemq] [2a11d244] 
2025-01-29 00:59:52,239 INFO c.h.h.t.HelmChartContainer - [test-hivemq-platform] [hivemq] [2a11d244] -------------------------------------------------------------------------
2025-01-29 00:59:52,239 INFO c.h.h.t.HelmChartContainer - [test-hivemq-platform] [hivemq] [2a11d244] 
2025-01-29 00:59:53,016 INFO c.h.h.t.HelmChartContainer - [hivemq-test-hivemq-platform] [hivemq-platform-operator] [229b2f72] 00:59:53.014 [pool-6-thread-26] DEBUG c.h.p.o.d.PlatformServiceResource - [customop] Desired Platform services (3 services)
2025-01-29 00:59:53,025 INFO c.h.h.t.HelmChartContainer - [hivemq-test-hivemq-platform] [hivemq-platform-operator] [229b2f72] 00:59:53.021 [pool-6-thread-25] DEBUG c.h.p.o.dependants.PodInfoConfigMap - [customop] Desired PodInfo ConfigMap (1 extensions) (1 enabled)
2025-01-29 00:59:53,028 INFO c.h.h.t.HelmChartContainer - [hivemq-test-hivemq-platform] [hivemq-platform-operator] [229b2f72] 00:59:53.023 [pool-6-thread-25] DEBUG c.h.p.o.dependants.PodInfoConfigMap - [customop] Desired PodInfo ConfigMap (metrics port: 9399) (metrics path: /)
2025-01-29 00:59:53,028 INFO c.h.h.t.HelmChartContainer - [hivemq-test-hivemq-platform] [hivemq-platform-operator] [229b2f72] 00:59:53.021 [pool-6-thread-24] DEBUG c.h.p.o.d.PodServiceAccountResource - [customop] Desired PodServiceAccountResource (serviceAccountName: hivemq-platform-pod-test-hivemq-platform-alpha-tier2)
2025-01-29 00:59:53,028 INFO c.h.h.t.HelmChartContainer - [hivemq-test-hivemq-platform] [hivemq-platform-operator] [229b2f72] 00:59:53.023 [pool-6-thread-25] DEBUG c.h.p.o.dependants.PodInfoConfigMap - [customop] Desired PodInfo ConfigMap (extension state hash: -1817474005)
2025-01-29 00:59:53,028 INFO c.h.h.t.HelmChartContainer - [hivemq-test-hivemq-platform] [hivemq-platform-operator] [229b2f72] 00:59:53.024 [pool-6-thread-25] DEBUG c.h.p.o.dependants.PodInfoConfigMap - [customop] Update PodInfo ConfigMap
2025-01-29 00:59:53,029 INFO c.h.h.t.HelmChartContainer - [K3S] [alloc.go:330] "allocated clusterIPs" service="customoperatorselectorsit/hivemq-test-hivemq-platform-alpha-tier2-metrics-9399" clusterIPs={"IPv4":"10.43.83.48"}
2025-01-29 00:59:53,050 INFO c.h.h.t.HelmChartContainer - [K3S] [alloc.go:330] "allocated clusterIPs" service="customoperatorselectorsit/hivemq-test-hivemq-platform-alpha-tier2-mqtt-1883" clusterIPs={"IPv4":"10.43.78.7"}
2025-01-29 00:59:53,119 INFO c.h.h.t.HelmChartContainer - [K3S] [alloc.go:330] "allocated clusterIPs" service="customoperatorselectorsit/hivemq-test-hivemq-platform-alpha-tier2-cc-8080" clusterIPs={"IPv4":"10.43.232.42"}
2025-01-29 00:59:53,130 INFO c.h.h.t.HelmChartContainer - [hivemq-test-hivemq-platform] [hivemq-platform-operator] [229b2f72] 00:59:53.128 [pool-6-thread-26] DEBUG c.h.p.o.d.StatefulSetResource - [customop] Desired StatefulSet (1 replicas) for status STARTING (READY)
2025-01-29 00:59:53,133 INFO c.h.h.t.HelmChartContainer - [hivemq-test-hivemq-platform] [hivemq-platform-operator] [229b2f72] 00:59:53.132 [pool-6-thread-26] DEBUG c.h.p.o.d.StatefulSetResource - [customop] Create StatefulSet
2025-01-29 00:59:53,148 INFO c.h.h.t.HelmChartContainer - [POD] test-hivemq-platform-alpha-tier2-0 [695178c9-52ef-441e-baca-52bcd8980796] in customoperatorselectorsit was ADDED
2025-01-29 00:59:53,152 INFO c.h.h.t.HelmChartContainer - [POD] test-hivemq-platform-alpha-tier2-0 [695178c9-52ef-441e-baca-52bcd8980796] in customoperatorselectorsit was MODIFIED
2025-01-29 00:59:53,156 INFO c.h.h.t.HelmChartContainer - [EVENT] Normal [SuccessfulCreate] create Pod test-hivemq-platform-alpha-tier2-0 in StatefulSet test-hivemq-platform-alpha-tier2 successful [customoperatorselectorsit:test-hivemq-platform-alpha-tier2]
2025-01-29 00:59:53,156 INFO c.h.h.t.HelmChartContainer - [EVENT] Normal [Scheduled] Successfully assigned customoperatorselectorsit/test-hivemq-platform-alpha-tier2-0 to 84044ab653e1 [customoperatorselectorsit:test-hivemq-platform-alpha-tier2-0]
2025-01-29 00:59:53,167 INFO c.h.h.t.HelmChartContainer - [POD] test-hivemq-platform-alpha-tier2-0 [695178c9-52ef-441e-baca-52bcd8980796] in customoperatorselectorsit was MODIFIED
2025-01-29 00:59:53,212 INFO c.h.h.t.HelmChartContainer - [hivemq-test-hivemq-platform] [hivemq-platform-operator] [229b2f72] 00:59:53.209 [ReconcilerExecutor-hivemq-controller-113] INFO  c.h.p.o.HiveMQPlatformReconciler - [customop] Reconciling HiveMQ Platform 'test-hivemq-platform-alpha-tier2' in namespace 'customoperatorselectorsit'
2025-01-29 00:59:53,212 INFO c.h.h.t.HelmChartContainer - [hivemq-test-hivemq-platform] [hivemq-platform-operator] [229b2f72] 00:59:53.209 [ReconcilerExecutor-hivemq-controller-113] DEBUG c.h.p.o.HiveMQPlatformReconciler - [customop] Custom Resource Status STARTING - HiveMQ Platform is starting (READY)
2025-01-29 00:59:53,212 INFO c.h.h.t.HelmChartContainer - [hivemq-test-hivemq-platform] [hivemq-platform-operator] [229b2f72] 00:59:53.209 [ReconcilerExecutor-hivemq-controller-113] DEBUG c.h.p.o.HiveMQPlatformReconciler - [customop] Custom Resource Spec (replicas: 1) (extensions: 1)
2025-01-29 00:59:53,212 INFO c.h.h.t.HelmChartContainer - [hivemq-test-hivemq-platform] [hivemq-platform-operator] [229b2f72] 00:59:53.210 [ReconcilerExecutor-hivemq-controller-113] DEBUG c.h.p.o.HiveMQPlatformReconciler - [customop] StatefulSet Status (revision: null, replicas: 0, available: 0, ready: 0, current: 0, updated: 0)
2025-01-29 00:59:53,212 INFO c.h.h.t.HelmChartContainer - [hivemq-test-hivemq-platform] [hivemq-platform-operator] [229b2f72] 00:59:53.210 [ReconcilerExecutor-hivemq-controller-113] DEBUG c.h.p.o.HiveMQPlatformReconciler - [customop] StatefulSet Spec (replicas: 1, init containers: 1, containers: 1, volumes: 3)
2025-01-29 00:59:53,212 INFO c.h.h.t.HelmChartContainer - [hivemq-test-hivemq-platform] [hivemq-platform-operator] [229b2f72] 00:59:53.211 [ReconcilerExecutor-hivemq-controller-113] INFO  c.h.p.o.h.HiveMQPlatformReconcilerBaseHandler - [customop] HiveMQ Platform is starting, 0 of 1 replicas are ready
2025-01-29 00:59:53,220 INFO c.h.h.t.HelmChartContainer - [hivemq-test-hivemq-platform] [hivemq-platform-operator] [229b2f72] 00:59:53.219 [pool-6-thread-37] DEBUG c.h.p.o.d.PlatformServiceResource - [customop] Desired Platform services (3 services)
2025-01-29 00:59:53,224 INFO c.h.h.t.HelmChartContainer - [hivemq-test-hivemq-platform] [hivemq-platform-operator] [229b2f72] 00:59:53.223 [pool-6-thread-32] DEBUG c.h.p.o.dependants.PodInfoConfigMap - [customop] Desired PodInfo ConfigMap (1 extensions) (1 enabled)
2025-01-29 00:59:53,225 INFO c.h.h.t.HelmChartContainer - [hivemq-test-hivemq-platform] [hivemq-platform-operator] [229b2f72] 00:59:53.224 [pool-6-thread-32] DEBUG c.h.p.o.dependants.PodInfoConfigMap - [customop] Desired PodInfo ConfigMap (metrics port: 9399) (metrics path: /)
2025-01-29 00:59:53,226 INFO c.h.h.t.HelmChartContainer - [hivemq-test-hivemq-platform] [hivemq-platform-operator] [229b2f72] 00:59:53.225 [pool-6-thread-32] DEBUG c.h.p.o.dependants.PodInfoConfigMap - [customop] Desired PodInfo ConfigMap (extension state hash: -1817474005)
2025-01-29 00:59:53,234 INFO c.h.h.t.HelmChartContainer - [K3S] [reconciler_common.go:251] "operationExecutor.VerifyControllerAttachedVolume started for volume \"pod-info\" (UniqueName: \"kubernetes.io/configmap/695178c9-52ef-441e-baca-52bcd8980796-pod-info\") pod \"test-hivemq-platform-alpha-tier2-0\" (UID: \"695178c9-52ef-441e-baca-52bcd8980796\") " pod="customoperatorselectorsit/test-hivemq-platform-alpha-tier2-0"
2025-01-29 00:59:53,234 INFO c.h.h.t.HelmChartContainer - [K3S] [reconciler_common.go:251] "operationExecutor.VerifyControllerAttachedVolume started for volume \"broker-configuration\" (UniqueName: \"kubernetes.io/configmap/695178c9-52ef-441e-baca-52bcd8980796-broker-configuration\") pod \"test-hivemq-platform-alpha-tier2-0\" (UID: \"695178c9-52ef-441e-baca-52bcd8980796\") " pod="customoperatorselectorsit/test-hivemq-platform-alpha-tier2-0"
2025-01-29 00:59:53,234 INFO c.h.h.t.HelmChartContainer - [K3S] [reconciler_common.go:251] "operationExecutor.VerifyControllerAttachedVolume started for volume \"kube-api-access-wx6zj\" (UniqueName: \"kubernetes.io/projected/695178c9-52ef-441e-baca-52bcd8980796-kube-api-access-wx6zj\") pod \"test-hivemq-platform-alpha-tier2-0\" (UID: \"695178c9-52ef-441e-baca-52bcd8980796\") " pod="customoperatorselectorsit/test-hivemq-platform-alpha-tier2-0"
2025-01-29 00:59:53,235 INFO c.h.h.t.HelmChartContainer - [K3S] [reconciler_common.go:251] "operationExecutor.VerifyControllerAttachedVolume started for volume \"operator-init\" (UniqueName: \"kubernetes.io/empty-dir/695178c9-52ef-441e-baca-52bcd8980796-operator-init\") pod \"test-hivemq-platform-alpha-tier2-0\" (UID: \"695178c9-52ef-441e-baca-52bcd8980796\") " pod="customoperatorselectorsit/test-hivemq-platform-alpha-tier2-0"
2025-01-29 00:59:53,312 INFO c.h.h.t.HelmChartContainer - [hivemq-test-hivemq-platform] [hivemq-platform-operator] [229b2f72] 00:59:53.307 [pool-6-thread-38] DEBUG c.h.p.o.d.PodServiceAccountResource - [customop] Desired PodServiceAccountResource (serviceAccountName: hivemq-platform-pod-test-hivemq-platform-alpha-tier2)
2025-01-29 00:59:53,319 INFO c.h.h.t.HelmChartContainer - [test-hivemq-platform] [hivemq] [2a11d244] INFO  - [HiveMQ Platform Operator Init App 1.7.0-SNAPSHOT] Returning default Health API response 503 for readiness
2025-01-29 00:59:53,323 INFO c.h.h.t.HelmChartContainer - [hivemq-test-hivemq-platform] [hivemq-platform-operator] [229b2f72] 00:59:53.320 [pool-6-thread-37] DEBUG c.h.p.o.d.StatefulSetResource - [customop] Desired StatefulSet (1 replicas) for status STARTING (READY)
2025-01-29 00:59:53,329 INFO c.h.h.t.HelmChartContainer - [hivemq-test-hivemq-platform] [hivemq-platform-operator] [229b2f72] 00:59:53.328 [ReconcilerExecutor-hivemq-controller-114] INFO  c.h.p.o.HiveMQPlatformReconciler - [customop] Reconciling HiveMQ Platform 'test-hivemq-platform-alpha-tier2' in namespace 'customoperatorselectorsit'
2025-01-29 00:59:53,329 INFO c.h.h.t.HelmChartContainer - [hivemq-test-hivemq-platform] [hivemq-platform-operator] [229b2f72] 00:59:53.328 [ReconcilerExecutor-hivemq-controller-114] DEBUG c.h.p.o.HiveMQPlatformReconciler - [customop] Custom Resource Status STARTING - HiveMQ Platform is starting (READY)
2025-01-29 00:59:53,329 INFO c.h.h.t.HelmChartContainer - [hivemq-test-hivemq-platform] [hivemq-platform-operator] [229b2f72] 00:59:53.328 [ReconcilerExecutor-hivemq-controller-114] DEBUG c.h.p.o.HiveMQPlatformReconciler - [customop] Custom Resource Spec (replicas: 1) (extensions: 1)
2025-01-29 00:59:53,331 INFO c.h.h.t.HelmChartContainer - [hivemq-test-hivemq-platform] [hivemq-platform-operator] [229b2f72] 00:59:53.331 [ReconcilerExecutor-hivemq-controller-114] DEBUG c.h.p.o.HiveMQPlatformReconciler - [customop] StatefulSet Status (revision: test-hivemq-platform-alpha-tier2-5888b5495b, replicas: 1, available: 0, ready: 0, current: 1, updated: 1)
2025-01-29 00:59:53,332 INFO c.h.h.t.HelmChartContainer - [hivemq-test-hivemq-platform] [hivemq-platform-operator] [229b2f72] 00:59:53.331 [ReconcilerExecutor-hivemq-controller-114] DEBUG c.h.p.o.HiveMQPlatformReconciler - [customop] StatefulSet Spec (replicas: 1, init containers: 1, containers: 1, volumes: 3)
2025-01-29 00:59:53,333 INFO c.h.h.t.HelmChartContainer - [hivemq-test-hivemq-platform] [hivemq-platform-operator] [229b2f72] 00:59:53.332 [ReconcilerExecutor-hivemq-controller-114] DEBUG c.h.p.o.h.HiveMQPlatformReconcilerErrorHandler - [customop] Pod 'test-hivemq-platform-alpha-tier2-0' phase Pending
2025-01-29 00:59:53,334 INFO c.h.h.t.HelmChartContainer - [hivemq-test-hivemq-platform] [hivemq-platform-operator] [229b2f72] 00:59:53.332 [ReconcilerExecutor-hivemq-controller-114] DEBUG c.h.p.o.h.HiveMQPlatformReconcilerErrorHandler - [customop] Pod 'test-hivemq-platform-alpha-tier2-0' condition 'PodReadyToStartContainers': False
2025-01-29 00:59:53,334 INFO c.h.h.t.HelmChartContainer - [hivemq-test-hivemq-platform] [hivemq-platform-operator] [229b2f72] 00:59:53.332 [ReconcilerExecutor-hivemq-controller-114] DEBUG c.h.p.o.h.HiveMQPlatformReconcilerErrorHandler - [customop] Pod 'test-hivemq-platform-alpha-tier2-0' condition 'Initialized': False
2025-01-29 00:59:53,334 INFO c.h.h.t.HelmChartContainer - [hivemq-test-hivemq-platform] [hivemq-platform-operator] [229b2f72] 00:59:53.332 [ReconcilerExecutor-hivemq-controller-114] DEBUG c.h.p.o.h.HiveMQPlatformReconcilerErrorHandler - [customop] Pod 'test-hivemq-platform-alpha-tier2-0' condition 'Ready': False
2025-01-29 00:59:53,334 INFO c.h.h.t.HelmChartContainer - [hivemq-test-hivemq-platform] [hivemq-platform-operator] [229b2f72] 00:59:53.332 [ReconcilerExecutor-hivemq-controller-114] DEBUG c.h.p.o.h.HiveMQPlatformReconcilerErrorHandler - [customop] Pod 'test-hivemq-platform-alpha-tier2-0' condition 'ContainersReady': False
2025-01-29 00:59:53,334 INFO c.h.h.t.HelmChartContainer - [hivemq-test-hivemq-platform] [hivemq-platform-operator] [229b2f72] 00:59:53.332 [ReconcilerExecutor-hivemq-controller-114] DEBUG c.h.p.o.h.HiveMQPlatformReconcilerErrorHandler - [customop] Pod 'test-hivemq-platform-alpha-tier2-0' condition 'PodScheduled': True
2025-01-29 00:59:53,334 INFO c.h.h.t.HelmChartContainer - [hivemq-test-hivemq-platform] [hivemq-platform-operator] [229b2f72] 00:59:53.332 [ReconcilerExecutor-hivemq-controller-114] DEBUG c.h.p.o.h.HiveMQPlatformReconcilerErrorHandler - [customop] Pod 'test-hivemq-platform-alpha-tier2-0' containerStatus 'hivemq' (started: false) (ready: false) (waiting: [PodInitializing] null)
2025-01-29 00:59:53,335 INFO c.h.h.t.HelmChartContainer - [hivemq-test-hivemq-platform] [hivemq-platform-operator] [229b2f72] 00:59:53.333 [ReconcilerExecutor-hivemq-controller-114] INFO  c.h.p.o.h.HiveMQPlatformReconcilerBaseHandler - [customop] HiveMQ Platform is starting, 0 of 1 replicas are ready
2025-01-29 00:59:53,408 INFO c.h.h.t.HelmChartContainer - [hivemq-test-hivemq-platform] [hivemq-platform-operator] [229b2f72] 00:59:53.406 [pool-6-thread-42] DEBUG c.h.p.o.d.PlatformServiceResource - [customop] Desired Platform services (3 services)
2025-01-29 00:59:53,410 INFO c.h.h.t.HelmChartContainer - [hivemq-test-hivemq-platform] [hivemq-platform-operator] [229b2f72] 00:59:53.406 [pool-6-thread-46] DEBUG c.h.p.o.dependants.PodInfoConfigMap - [customop] Desired PodInfo ConfigMap (1 extensions) (1 enabled)
2025-01-29 00:59:53,410 INFO c.h.h.t.HelmChartContainer - [hivemq-test-hivemq-platform] [hivemq-platform-operator] [229b2f72] 00:59:53.407 [pool-6-thread-46] DEBUG c.h.p.o.dependants.PodInfoConfigMap - [customop] Desired PodInfo ConfigMap (metrics port: 9399) (metrics path: /)
2025-01-29 00:59:53,410 INFO c.h.h.t.HelmChartContainer - [hivemq-test-hivemq-platform] [hivemq-platform-operator] [229b2f72] 00:59:53.407 [pool-6-thread-46] DEBUG c.h.p.o.dependants.PodInfoConfigMap - [customop] Desired PodInfo ConfigMap (extension state hash: -1817474005)
2025-01-29 00:59:53,410 INFO c.h.h.t.HelmChartContainer - [hivemq-test-hivemq-platform] [hivemq-platform-operator] [229b2f72] 00:59:53.407 [pool-6-thread-41] DEBUG c.h.p.o.d.PodServiceAccountResource - [customop] Desired PodServiceAccountResource (serviceAccountName: hivemq-platform-pod-test-hivemq-platform-alpha-tier2)
2025-01-29 00:59:53,420 INFO c.h.h.t.HelmChartContainer - [hivemq-test-hivemq-platform] [hivemq-platform-operator] [229b2f72] 00:59:53.419 [pool-6-thread-42] DEBUG c.h.p.o.d.StatefulSetResource - [customop] Desired StatefulSet (1 replicas) for status STARTING (READY)
2025-01-29 00:59:53,427 INFO c.h.h.t.HelmChartContainer - [hivemq-test-hivemq-platform] [hivemq-platform-operator] [229b2f72] 00:59:53.426 [ReconcilerExecutor-hivemq-controller-115] INFO  c.h.p.o.HiveMQPlatformReconciler - [customop] Reconciling HiveMQ Platform 'test-hivemq-platform-alpha-tier2' in namespace 'customoperatorselectorsit'
2025-01-29 00:59:53,428 INFO c.h.h.t.HelmChartContainer - [hivemq-test-hivemq-platform] [hivemq-platform-operator] [229b2f72] 00:59:53.426 [ReconcilerExecutor-hivemq-controller-115] DEBUG c.h.p.o.HiveMQPlatformReconciler - [customop] Custom Resource Status STARTING - HiveMQ Platform is starting (READY)
2025-01-29 00:59:53,429 INFO c.h.h.t.HelmChartContainer - [hivemq-test-hivemq-platform] [hivemq-platform-operator] [229b2f72] 00:59:53.426 [ReconcilerExecutor-hivemq-controller-115] DEBUG c.h.p.o.HiveMQPlatformReconciler - [customop] Custom Resource Spec (replicas: 1) (extensions: 1)
2025-01-29 00:59:53,508 INFO c.h.h.t.HelmChartContainer - [hivemq-test-hivemq-platform] [hivemq-platform-operator] [229b2f72] 00:59:53.506 [ReconcilerExecutor-hivemq-controller-115] DEBUG c.h.p.o.HiveMQPlatformReconciler - [customop] StatefulSet Status (revision: test-hivemq-platform-alpha-tier2-5888b5495b, replicas: 1, available: 0, ready: 0, current: 1, updated: 1)
2025-01-29 00:59:53,509 INFO c.h.h.t.HelmChartContainer - [hivemq-test-hivemq-platform] [hivemq-platform-operator] [229b2f72] 00:59:53.506 [ReconcilerExecutor-hivemq-controller-115] DEBUG c.h.p.o.HiveMQPlatformReconciler - [customop] StatefulSet Spec (replicas: 1, init containers: 1, containers: 1, volumes: 3)
2025-01-29 00:59:53,519 INFO c.h.h.t.HelmChartContainer - [hivemq-test-hivemq-platform] [hivemq-platform-operator] [229b2f72] 00:59:53.515 [ReconcilerExecutor-hivemq-controller-115] DEBUG c.h.p.o.h.HiveMQPlatformReconcilerErrorHandler - [customop] Pod 'test-hivemq-platform-alpha-tier2-0' phase Pending
2025-01-29 00:59:53,519 INFO c.h.h.t.HelmChartContainer - [hivemq-test-hivemq-platform] [hivemq-platform-operator] [229b2f72] 00:59:53.516 [ReconcilerExecutor-hivemq-controller-115] DEBUG c.h.p.o.h.HiveMQPlatformReconcilerErrorHandler - [customop] Pod 'test-hivemq-platform-alpha-tier2-0' condition 'PodReadyToStartContainers': False
2025-01-29 00:59:53,519 INFO c.h.h.t.HelmChartContainer - [hivemq-test-hivemq-platform] [hivemq-platform-operator] [229b2f72] 00:59:53.516 [ReconcilerExecutor-hivemq-controller-115] DEBUG c.h.p.o.h.HiveMQPlatformReconcilerErrorHandler - [customop] Pod 'test-hivemq-platform-alpha-tier2-0' condition 'Initialized': False
2025-01-29 00:59:53,519 INFO c.h.h.t.HelmChartContainer - [hivemq-test-hivemq-platform] [hivemq-platform-operator] [229b2f72] 00:59:53.516 [ReconcilerExecutor-hivemq-controller-115] DEBUG c.h.p.o.h.HiveMQPlatformReconcilerErrorHandler - [customop] Pod 'test-hivemq-platform-alpha-tier2-0' condition 'Ready': False
2025-01-29 00:59:53,519 INFO c.h.h.t.HelmChartContainer - [hivemq-test-hivemq-platform] [hivemq-platform-operator] [229b2f72] 00:59:53.516 [ReconcilerExecutor-hivemq-controller-115] DEBUG c.h.p.o.h.HiveMQPlatformReconcilerErrorHandler - [customop] Pod 'test-hivemq-platform-alpha-tier2-0' condition 'ContainersReady': False
2025-01-29 00:59:53,519 INFO c.h.h.t.HelmChartContainer - [hivemq-test-hivemq-platform] [hivemq-platform-operator] [229b2f72] 00:59:53.516 [ReconcilerExecutor-hivemq-controller-115] DEBUG c.h.p.o.h.HiveMQPlatformReconcilerErrorHandler - [customop] Pod 'test-hivemq-platform-alpha-tier2-0' condition 'PodScheduled': True
2025-01-29 00:59:53,519 INFO c.h.h.t.HelmChartContainer - [hivemq-test-hivemq-platform] [hivemq-platform-operator] [229b2f72] 00:59:53.516 [ReconcilerExecutor-hivemq-controller-115] DEBUG c.h.p.o.h.HiveMQPlatformReconcilerErrorHandler - [customop] Pod 'test-hivemq-platform-alpha-tier2-0' containerStatus 'hivemq' (started: false) (ready: false) (waiting: [PodInitializing] null)
2025-01-29 00:59:53,519 INFO c.h.h.t.HelmChartContainer - [hivemq-test-hivemq-platform] [hivemq-platform-operator] [229b2f72] 00:59:53.517 [ReconcilerExecutor-hivemq-controller-115] INFO  c.h.p.o.h.HiveMQPlatformReconcilerBaseHandler - [customop] HiveMQ Platform is starting, 0 of 1 replicas are ready
2025-01-29 00:59:53,562 INFO c.h.h.t.HelmChartContainer - [EVENT] Normal [Pulled] Container image "docker.io/hivemq/hivemq-platform-operator-init-test:snapshot" already present on machine [customoperatorselectorsit:test-hivemq-platform-alpha-tier2-0]
2025-01-29 00:59:53,571 INFO c.h.h.t.HelmChartContainer - [EVENT] Normal [Created] Created container: hivemq-platform-operator-init [customoperatorselectorsit:test-hivemq-platform-alpha-tier2-0]
2025-01-29 00:59:53,607 INFO c.h.h.t.HelmChartContainer - [EVENT] Normal [Started] Started container hivemq-platform-operator-init [customoperatorselectorsit:test-hivemq-platform-alpha-tier2-0]
2025-01-29 00:59:53,716 INFO c.h.h.t.HelmChartContainer - [EVENT] Warning [Unhealthy] Readiness probe failed: HTTP probe failed with statuscode: 503 [customoperatorselectorsit:test-hivemq-platform-alpha-tier3-0]
2025-01-29 00:59:53,716 INFO c.h.h.t.HelmChartContainer - Received Unhealthy event for container hivemq in pod test-hivemq-platform-alpha-tier3-0 [2a11d244-a6f4-4e30-b706-752b461ccf01]
2025-01-29 00:59:54,246 INFO c.h.h.t.HelmChartContainer - [POD] test-hivemq-platform-alpha-tier2-0 [695178c9-52ef-441e-baca-52bcd8980796] in customoperatorselectorsit was MODIFIED
2025-01-29 00:59:54,258 INFO c.h.h.t.HelmChartContainer - [hivemq-test-hivemq-platform] [hivemq-platform-operator] [229b2f72] 00:59:54.252 [pool-6-thread-5] DEBUG c.h.p.o.d.PlatformServiceResource - [customop] Desired Platform services (3 services)
2025-01-29 00:59:54,258 INFO c.h.h.t.HelmChartContainer - [hivemq-test-hivemq-platform] [hivemq-platform-operator] [229b2f72] 00:59:54.254 [pool-6-thread-6] DEBUG c.h.p.o.dependants.PodInfoConfigMap - [customop] Desired PodInfo ConfigMap (1 extensions) (1 enabled)
2025-01-29 00:59:54,258 INFO c.h.h.t.HelmChartContainer - [hivemq-test-hivemq-platform] [hivemq-platform-operator] [229b2f72] 00:59:54.254 [pool-6-thread-6] DEBUG c.h.p.o.dependants.PodInfoConfigMap - [customop] Desired PodInfo ConfigMap (metrics port: 9399) (metrics path: /)
2025-01-29 00:59:54,258 INFO c.h.h.t.HelmChartContainer - [hivemq-test-hivemq-platform] [hivemq-platform-operator] [229b2f72] 00:59:54.254 [pool-6-thread-6] DEBUG c.h.p.o.dependants.PodInfoConfigMap - [customop] Desired PodInfo ConfigMap (extension state hash: -1817474005)
2025-01-29 00:59:54,260 INFO c.h.h.t.HelmChartContainer - [hivemq-test-hivemq-platform] [hivemq-platform-operator] [229b2f72] 00:59:54.257 [pool-6-thread-13] DEBUG c.h.p.o.d.PodServiceAccountResource - [customop] Desired PodServiceAccountResource (serviceAccountName: hivemq-platform-pod-test-hivemq-platform-alpha-tier2)
2025-01-29 00:59:54,268 INFO c.h.h.t.HelmChartContainer - [hivemq-test-hivemq-platform] [hivemq-platform-operator] [229b2f72] 00:59:54.266 [pool-6-thread-5] DEBUG c.h.p.o.d.StatefulSetResource - [customop] Desired StatefulSet (1 replicas) for status STARTING (READY)
2025-01-29 00:59:54,308 INFO c.h.h.t.HelmChartContainer - [hivemq-test-hivemq-platform] [hivemq-platform-operator] [229b2f72] 00:59:54.306 [ReconcilerExecutor-hivemq-controller-116] INFO  c.h.p.o.HiveMQPlatformReconciler - [customop] Reconciling HiveMQ Platform 'test-hivemq-platform-alpha-tier2' in namespace 'customoperatorselectorsit'
2025-01-29 00:59:54,308 INFO c.h.h.t.HelmChartContainer - [hivemq-test-hivemq-platform] [hivemq-platform-operator] [229b2f72] 00:59:54.306 [ReconcilerExecutor-hivemq-controller-116] DEBUG c.h.p.o.HiveMQPlatformReconciler - [customop] Custom Resource Status STARTING - HiveMQ Platform is starting (READY)
2025-01-29 00:59:54,308 INFO c.h.h.t.HelmChartContainer - [hivemq-test-hivemq-platform] [hivemq-platform-operator] [229b2f72] 00:59:54.306 [ReconcilerExecutor-hivemq-controller-116] DEBUG c.h.p.o.HiveMQPlatformReconciler - [customop] Custom Resource Spec (replicas: 1) (extensions: 1)
2025-01-29 00:59:54,310 INFO c.h.h.t.HelmChartContainer - [hivemq-test-hivemq-platform] [hivemq-platform-operator] [229b2f72] 00:59:54.309 [ReconcilerExecutor-hivemq-controller-116] DEBUG c.h.p.o.HiveMQPlatformReconciler - [customop] StatefulSet Status (revision: test-hivemq-platform-alpha-tier2-5888b5495b, replicas: 1, available: 0, ready: 0, current: 1, updated: 1)
2025-01-29 00:59:54,312 INFO c.h.h.t.HelmChartContainer - [hivemq-test-hivemq-platform] [hivemq-platform-operator] [229b2f72] 00:59:54.310 [ReconcilerExecutor-hivemq-controller-116] DEBUG c.h.p.o.HiveMQPlatformReconciler - [customop] StatefulSet Spec (replicas: 1, init containers: 1, containers: 1, volumes: 3)
2025-01-29 00:59:54,323 INFO c.h.h.t.HelmChartContainer - [hivemq-test-hivemq-platform] [hivemq-platform-operator] [229b2f72] 00:59:54.316 [ReconcilerExecutor-hivemq-controller-116] DEBUG c.h.p.o.h.HiveMQPlatformReconcilerErrorHandler - [customop] Pod 'test-hivemq-platform-alpha-tier2-0' phase Pending
2025-01-29 00:59:54,323 INFO c.h.h.t.HelmChartContainer - [hivemq-test-hivemq-platform] [hivemq-platform-operator] [229b2f72] 00:59:54.316 [ReconcilerExecutor-hivemq-controller-116] DEBUG c.h.p.o.h.HiveMQPlatformReconcilerErrorHandler - [customop] Pod 'test-hivemq-platform-alpha-tier2-0' condition 'PodReadyToStartContainers': True
2025-01-29 00:59:54,323 INFO c.h.h.t.HelmChartContainer - [hivemq-test-hivemq-platform] [hivemq-platform-operator] [229b2f72] 00:59:54.316 [ReconcilerExecutor-hivemq-controller-116] DEBUG c.h.p.o.h.HiveMQPlatformReconcilerErrorHandler - [customop] Pod 'test-hivemq-platform-alpha-tier2-0' condition 'Initialized': False
2025-01-29 00:59:54,323 INFO c.h.h.t.HelmChartContainer - [hivemq-test-hivemq-platform] [hivemq-platform-operator] [229b2f72] 00:59:54.316 [ReconcilerExecutor-hivemq-controller-116] DEBUG c.h.p.o.h.HiveMQPlatformReconcilerErrorHandler - [customop] Pod 'test-hivemq-platform-alpha-tier2-0' condition 'Ready': False
2025-01-29 00:59:54,323 INFO c.h.h.t.HelmChartContainer - [hivemq-test-hivemq-platform] [hivemq-platform-operator] [229b2f72] 00:59:54.317 [ReconcilerExecutor-hivemq-controller-116] DEBUG c.h.p.o.h.HiveMQPlatformReconcilerErrorHandler - [customop] Pod 'test-hivemq-platform-alpha-tier2-0' condition 'ContainersReady': False
2025-01-29 00:59:54,323 INFO c.h.h.t.HelmChartContainer - [hivemq-test-hivemq-platform] [hivemq-platform-operator] [229b2f72] 00:59:54.317 [ReconcilerExecutor-hivemq-controller-116] DEBUG c.h.p.o.h.HiveMQPlatformReconcilerErrorHandler - [customop] Pod 'test-hivemq-platform-alpha-tier2-0' condition 'PodScheduled': True
2025-01-29 00:59:54,323 INFO c.h.h.t.HelmChartContainer - [hivemq-test-hivemq-platform] [hivemq-platform-operator] [229b2f72] 00:59:54.317 [ReconcilerExecutor-hivemq-controller-116] DEBUG c.h.p.o.h.HiveMQPlatformReconcilerErrorHandler - [customop] Pod 'test-hivemq-platform-alpha-tier2-0' containerStatus 'hivemq' (started: false) (ready: false) (waiting: [PodInitializing] null)
2025-01-29 00:59:54,323 INFO c.h.h.t.HelmChartContainer - [hivemq-test-hivemq-platform] [hivemq-platform-operator] [229b2f72] 00:59:54.317 [ReconcilerExecutor-hivemq-controller-116] INFO  c.h.p.o.h.HiveMQPlatformReconcilerBaseHandler - [customop] HiveMQ Platform is starting, 0 of 1 replicas are ready
2025-01-29 00:59:55,242 INFO c.h.h.t.HelmChartContainer - [EVENT] Normal [Pulled] Container image "docker.io/hivemq/hivemq4:4.36.0" already present on machine [customoperatorselectorsit:test-hivemq-platform-alpha-tier2-0]
2025-01-29 00:59:55,242 INFO c.h.h.t.HelmChartContainer - Received Pulled event for container hivemq in pod test-hivemq-platform-alpha-tier2-0 [695178c9-52ef-441e-baca-52bcd8980796]
2025-01-29 00:59:55,245 INFO c.h.h.t.HelmChartContainer - [POD] test-hivemq-platform-alpha-tier2-0 [695178c9-52ef-441e-baca-52bcd8980796] in customoperatorselectorsit was MODIFIED
2025-01-29 00:59:55,251 INFO c.h.h.t.HelmChartContainer - [hivemq-test-hivemq-platform] [hivemq-platform-operator] [229b2f72] 00:59:55.250 [pool-6-thread-20] DEBUG c.h.p.o.d.PodServiceAccountResource - [customop] Desired PodServiceAccountResource (serviceAccountName: hivemq-platform-pod-test-hivemq-platform-alpha-tier2)
2025-01-29 00:59:55,251 INFO c.h.h.t.HelmChartContainer - [hivemq-test-hivemq-platform] [hivemq-platform-operator] [229b2f72] 00:59:55.249 [pool-6-thread-11] DEBUG c.h.p.o.d.PlatformServiceResource - [customop] Desired Platform services (3 services)
2025-01-29 00:59:55,253 INFO c.h.h.t.HelmChartContainer - [hivemq-test-hivemq-platform] [hivemq-platform-operator] [229b2f72] 00:59:55.252 [pool-6-thread-18] DEBUG c.h.p.o.dependants.PodInfoConfigMap - [customop] Desired PodInfo ConfigMap (1 extensions) (1 enabled)
2025-01-29 00:59:55,254 INFO c.h.h.t.HelmChartContainer - [hivemq-test-hivemq-platform] [hivemq-platform-operator] [229b2f72] 00:59:55.252 [pool-6-thread-18] DEBUG c.h.p.o.dependants.PodInfoConfigMap - [customop] Desired PodInfo ConfigMap (metrics port: 9399) (metrics path: /)
2025-01-29 00:59:55,254 INFO c.h.h.t.HelmChartContainer - [hivemq-test-hivemq-platform] [hivemq-platform-operator] [229b2f72] 00:59:55.253 [pool-6-thread-18] DEBUG c.h.p.o.dependants.PodInfoConfigMap - [customop] Desired PodInfo ConfigMap (extension state hash: -1817474005)
2025-01-29 00:59:55,262 INFO c.h.h.t.HelmChartContainer - [EVENT] Normal [Created] Created container: hivemq [customoperatorselectorsit:test-hivemq-platform-alpha-tier2-0]
2025-01-29 00:59:55,262 INFO c.h.h.t.HelmChartContainer - Received Created event for container hivemq in pod test-hivemq-platform-alpha-tier2-0 [695178c9-52ef-441e-baca-52bcd8980796]
2025-01-29 00:59:55,268 INFO c.h.h.t.HelmChartContainer - [hivemq-test-hivemq-platform] [hivemq-platform-operator] [229b2f72] 00:59:55.265 [pool-6-thread-11] DEBUG c.h.p.o.d.StatefulSetResource - [customop] Desired StatefulSet (1 replicas) for status STARTING (READY)
2025-01-29 00:59:55,315 INFO c.h.h.t.HelmChartContainer - [hivemq-test-hivemq-platform] [hivemq-platform-operator] [229b2f72] 00:59:55.313 [ReconcilerExecutor-hivemq-controller-117] INFO  c.h.p.o.HiveMQPlatformReconciler - [customop] Reconciling HiveMQ Platform 'test-hivemq-platform-alpha-tier2' in namespace 'customoperatorselectorsit'
2025-01-29 00:59:55,316 INFO c.h.h.t.HelmChartContainer - [hivemq-test-hivemq-platform] [hivemq-platform-operator] [229b2f72] 00:59:55.313 [ReconcilerExecutor-hivemq-controller-117] DEBUG c.h.p.o.HiveMQPlatformReconciler - [customop] Custom Resource Status STARTING - HiveMQ Platform is starting (READY)
2025-01-29 00:59:55,316 INFO c.h.h.t.HelmChartContainer - [hivemq-test-hivemq-platform] [hivemq-platform-operator] [229b2f72] 00:59:55.313 [ReconcilerExecutor-hivemq-controller-117] DEBUG c.h.p.o.HiveMQPlatformReconciler - [customop] Custom Resource Spec (replicas: 1) (extensions: 1)
2025-01-29 00:59:55,318 INFO c.h.h.t.HelmChartContainer - [hivemq-test-hivemq-platform] [hivemq-platform-operator] [229b2f72] 00:59:55.317 [ReconcilerExecutor-hivemq-controller-117] DEBUG c.h.p.o.HiveMQPlatformReconciler - [customop] StatefulSet Status (revision: test-hivemq-platform-alpha-tier2-5888b5495b, replicas: 1, available: 0, ready: 0, current: 1, updated: 1)
2025-01-29 00:59:55,318 INFO c.h.h.t.HelmChartContainer - [hivemq-test-hivemq-platform] [hivemq-platform-operator] [229b2f72] 00:59:55.317 [ReconcilerExecutor-hivemq-controller-117] DEBUG c.h.p.o.HiveMQPlatformReconciler - [customop] StatefulSet Spec (replicas: 1, init containers: 1, containers: 1, volumes: 3)
2025-01-29 00:59:55,320 INFO c.h.h.t.HelmChartContainer - [hivemq-test-hivemq-platform] [hivemq-platform-operator] [229b2f72] 00:59:55.319 [ReconcilerExecutor-hivemq-controller-117] DEBUG c.h.p.o.h.HiveMQPlatformReconcilerErrorHandler - [customop] Pod 'test-hivemq-platform-alpha-tier2-0' phase Pending
2025-01-29 00:59:55,357 INFO c.h.h.t.HelmChartContainer - [hivemq-test-hivemq-platform] [hivemq-platform-operator] [229b2f72] 00:59:55.355 [ReconcilerExecutor-hivemq-controller-117] DEBUG c.h.p.o.h.HiveMQPlatformReconcilerErrorHandler - [customop] Pod 'test-hivemq-platform-alpha-tier2-0' condition 'PodReadyToStartContainers': True
2025-01-29 00:59:55,360 INFO c.h.h.t.HelmChartContainer - [hivemq-test-hivemq-platform] [hivemq-platform-operator] [229b2f72] 00:59:55.355 [ReconcilerExecutor-hivemq-controller-117] DEBUG c.h.p.o.h.HiveMQPlatformReconcilerErrorHandler - [customop] Pod 'test-hivemq-platform-alpha-tier2-0' condition 'Initialized': True
2025-01-29 00:59:55,360 INFO c.h.h.t.HelmChartContainer - [hivemq-test-hivemq-platform] [hivemq-platform-operator] [229b2f72] 00:59:55.355 [ReconcilerExecutor-hivemq-controller-117] DEBUG c.h.p.o.h.HiveMQPlatformReconcilerErrorHandler - [customop] Pod 'test-hivemq-platform-alpha-tier2-0' condition 'Ready': False
2025-01-29 00:59:55,360 INFO c.h.h.t.HelmChartContainer - [hivemq-test-hivemq-platform] [hivemq-platform-operator] [229b2f72] 00:59:55.355 [ReconcilerExecutor-hivemq-controller-117] DEBUG c.h.p.o.h.HiveMQPlatformReconcilerErrorHandler - [customop] Pod 'test-hivemq-platform-alpha-tier2-0' condition 'ContainersReady': False
2025-01-29 00:59:55,360 INFO c.h.h.t.HelmChartContainer - [hivemq-test-hivemq-platform] [hivemq-platform-operator] [229b2f72] 00:59:55.356 [ReconcilerExecutor-hivemq-controller-117] DEBUG c.h.p.o.h.HiveMQPlatformReconcilerErrorHandler - [customop] Pod 'test-hivemq-platform-alpha-tier2-0' condition 'PodScheduled': True
2025-01-29 00:59:55,360 INFO c.h.h.t.HelmChartContainer - [hivemq-test-hivemq-platform] [hivemq-platform-operator] [229b2f72] 00:59:55.356 [ReconcilerExecutor-hivemq-controller-117] DEBUG c.h.p.o.h.HiveMQPlatformReconcilerErrorHandler - [customop] Pod 'test-hivemq-platform-alpha-tier2-0' containerStatus 'hivemq' (started: false) (ready: false) (waiting: [PodInitializing] null)
2025-01-29 00:59:55,360 INFO c.h.h.t.HelmChartContainer - [hivemq-test-hivemq-platform] [hivemq-platform-operator] [229b2f72] 00:59:55.356 [ReconcilerExecutor-hivemq-controller-117] INFO  c.h.p.o.h.HiveMQPlatformReconcilerBaseHandler - [customop] HiveMQ Platform is starting, 0 of 1 replicas are ready
2025-01-29 00:59:55,381 INFO c.h.h.t.HelmChartContainer - [test-hivemq-platform] [hivemq] [2a11d244] INFO  - Starting HiveMQ Enterprise Server
2025-01-29 00:59:55,385 INFO c.h.h.t.HelmChartContainer - [test-hivemq-platform] [hivemq] [2a11d244] INFO  - HiveMQ version: 4.36.0
2025-01-29 00:59:55,388 INFO c.h.h.t.HelmChartContainer - [test-hivemq-platform] [hivemq] [2a11d244] INFO  - HiveMQ home directory: /opt/hivemq
2025-01-29 00:59:55,388 INFO c.h.h.t.HelmChartContainer - [test-hivemq-platform] [hivemq] [2a11d244] INFO  - Log Configuration was overridden by /opt/hivemq/conf/logback.xml
2025-01-29 00:59:56,250 INFO c.h.h.t.HelmChartContainer - [POD] test-hivemq-platform-alpha-tier2-0 [695178c9-52ef-441e-baca-52bcd8980796] in customoperatorselectorsit was MODIFIED
2025-01-29 00:59:56,258 INFO c.h.h.t.HelmChartContainer - [hivemq-test-hivemq-platform] [hivemq-platform-operator] [229b2f72] 00:59:56.255 [pool-6-thread-29] DEBUG c.h.p.o.dependants.PodInfoConfigMap - [customop] Desired PodInfo ConfigMap (1 extensions) (1 enabled)
2025-01-29 00:59:56,261 INFO c.h.h.t.HelmChartContainer - [EVENT] Normal [Started] Started container hivemq [customoperatorselectorsit:test-hivemq-platform-alpha-tier2-0]
2025-01-29 00:59:56,261 INFO c.h.h.t.HelmChartContainer - Received Started event for container hivemq in pod test-hivemq-platform-alpha-tier2-0 [695178c9-52ef-441e-baca-52bcd8980796]
2025-01-29 00:59:56,261 INFO c.h.h.t.HelmChartContainer - Started log watcher for hivemq in pod test-hivemq-platform-alpha-tier2-0 [695178c9-52ef-441e-baca-52bcd8980796]
2025-01-29 00:59:56,262 INFO c.h.h.t.HelmChartContainer - [test-hivemq-platform] [hivemq] [695178c9] Adding pre-installed HiveMQ Platform Operator extensions
2025-01-29 00:59:56,262 INFO c.h.h.t.HelmChartContainer - [test-hivemq-platform] [hivemq] [695178c9] Running as user 10000
2025-01-29 00:59:56,262 INFO c.h.h.t.HelmChartContainer - [test-hivemq-platform] [hivemq] [695178c9] Starting HiveMQ Platform Operator Init
2025-01-29 00:59:56,269 INFO c.h.h.t.HelmChartContainer - [hivemq-test-hivemq-platform] [hivemq-platform-operator] [229b2f72] 00:59:56.260 [pool-6-thread-29] DEBUG c.h.p.o.dependants.PodInfoConfigMap - [customop] Desired PodInfo ConfigMap (metrics port: 9399) (metrics path: /)
2025-01-29 00:59:56,269 INFO c.h.h.t.HelmChartContainer - [hivemq-test-hivemq-platform] [hivemq-platform-operator] [229b2f72] 00:59:56.262 [pool-6-thread-29] DEBUG c.h.p.o.dependants.PodInfoConfigMap - [customop] Desired PodInfo ConfigMap (extension state hash: -1817474005)
2025-01-29 00:59:56,269 INFO c.h.h.t.HelmChartContainer - [hivemq-test-hivemq-platform] [hivemq-platform-operator] [229b2f72] 00:59:56.258 [pool-6-thread-23] DEBUG c.h.p.o.d.PodServiceAccountResource - [customop] Desired PodServiceAccountResource (serviceAccountName: hivemq-platform-pod-test-hivemq-platform-alpha-tier2)
2025-01-29 00:59:56,269 INFO c.h.h.t.HelmChartContainer - [hivemq-test-hivemq-platform] [hivemq-platform-operator] [229b2f72] 00:59:56.258 [pool-6-thread-28] DEBUG c.h.p.o.d.PlatformServiceResource - [customop] Desired Platform services (3 services)
2025-01-29 00:59:56,308 INFO c.h.h.t.HelmChartContainer - [hivemq-test-hivemq-platform] [hivemq-platform-operator] [229b2f72] 00:59:56.307 [pool-6-thread-28] DEBUG c.h.p.o.d.StatefulSetResource - [customop] Desired StatefulSet (1 replicas) for status STARTING (READY)
2025-01-29 00:59:56,318 INFO c.h.h.t.HelmChartContainer - [hivemq-test-hivemq-platform] [hivemq-platform-operator] [229b2f72] 00:59:56.317 [ReconcilerExecutor-hivemq-controller-118] INFO  c.h.p.o.HiveMQPlatformReconciler - [customop] Reconciling HiveMQ Platform 'test-hivemq-platform-alpha-tier2' in namespace 'customoperatorselectorsit'
2025-01-29 00:59:56,319 INFO c.h.h.t.HelmChartContainer - [hivemq-test-hivemq-platform] [hivemq-platform-operator] [229b2f72] 00:59:56.318 [ReconcilerExecutor-hivemq-controller-118] DEBUG c.h.p.o.HiveMQPlatformReconciler - [customop] Custom Resource Status STARTING - HiveMQ Platform is starting (READY)
2025-01-29 00:59:56,320 INFO c.h.h.t.HelmChartContainer - [hivemq-test-hivemq-platform] [hivemq-platform-operator] [229b2f72] 00:59:56.319 [ReconcilerExecutor-hivemq-controller-118] DEBUG c.h.p.o.HiveMQPlatformReconciler - [customop] Custom Resource Spec (replicas: 1) (extensions: 1)
2025-01-29 00:59:56,322 INFO c.h.h.t.HelmChartContainer - [hivemq-test-hivemq-platform] [hivemq-platform-operator] [229b2f72] 00:59:56.321 [ReconcilerExecutor-hivemq-controller-118] DEBUG c.h.p.o.HiveMQPlatformReconciler - [customop] StatefulSet Status (revision: test-hivemq-platform-alpha-tier2-5888b5495b, replicas: 1, available: 0, ready: 0, current: 1, updated: 1)
2025-01-29 00:59:56,323 INFO c.h.h.t.HelmChartContainer - [hivemq-test-hivemq-platform] [hivemq-platform-operator] [229b2f72] 00:59:56.321 [ReconcilerExecutor-hivemq-controller-118] DEBUG c.h.p.o.HiveMQPlatformReconciler - [customop] StatefulSet Spec (replicas: 1, init containers: 1, containers: 1, volumes: 3)
2025-01-29 00:59:56,323 INFO c.h.h.t.HelmChartContainer - [hivemq-test-hivemq-platform] [hivemq-platform-operator] [229b2f72] 00:59:56.322 [ReconcilerExecutor-hivemq-controller-118] DEBUG c.h.p.o.h.HiveMQPlatformReconcilerErrorHandler - [customop] Pod 'test-hivemq-platform-alpha-tier2-0' phase Running
2025-01-29 00:59:56,355 INFO c.h.h.t.HelmChartContainer - [hivemq-test-hivemq-platform] [hivemq-platform-operator] [229b2f72] 00:59:56.324 [ReconcilerExecutor-hivemq-controller-118] INFO  c.h.p.o.h.HiveMQPlatformReconcilerBaseHandler - [customop] HiveMQ Platform is starting, 0 of 1 replicas are ready
2025-01-29 00:59:56,659 INFO c.h.h.t.HelmChartContainer - [test-hivemq-platform] [hivemq] [695178c9] INFO  - [HiveMQ Platform Operator Init 1.7.0-SNAPSHOT] HiveMQ Platform Operator Init 1.7.0-SNAPSHOT (commit: bebf408 on branch: HEAD) built on Sun Jan 26 20:47:47 UTC 2025
2025-01-29 00:59:57,080 INFO c.h.h.t.HelmChartContainer - [test-hivemq-platform] [hivemq] [2a11d244] INFO  - Successfully loaded configuration from '/opt/hivemq/conf-k8s/config.xml'.
2025-01-29 00:59:57,316 INFO c.h.h.t.HelmChartContainer - [hivemq-test-hivemq-platform] [hivemq-platform-operator] [229b2f72] 00:59:57.315 [pool-6-thread-38] DEBUG c.h.p.o.d.PodServiceAccountResource - [customop] Desired PodServiceAccountResource (serviceAccountName: hivemq-platform-pod-test-hivemq-platform-alpha-tier3)
2025-01-29 00:59:57,317 INFO c.h.h.t.HelmChartContainer - [hivemq-test-hivemq-platform] [hivemq-platform-operator] [229b2f72] 00:59:57.316 [pool-6-thread-35] DEBUG c.h.p.o.dependants.PodInfoConfigMap - [customop] Desired PodInfo ConfigMap (1 extensions) (1 enabled)
2025-01-29 00:59:57,318 INFO c.h.h.t.HelmChartContainer - [hivemq-test-hivemq-platform] [hivemq-platform-operator] [229b2f72] 00:59:57.316 [pool-6-thread-35] DEBUG c.h.p.o.dependants.PodInfoConfigMap - [customop] Desired PodInfo ConfigMap (metrics port: 9399) (metrics path: /)
2025-01-29 00:59:57,318 INFO c.h.h.t.HelmChartContainer - [hivemq-test-hivemq-platform] [hivemq-platform-operator] [229b2f72] 00:59:57.317 [pool-6-thread-35] DEBUG c.h.p.o.dependants.PodInfoConfigMap - [customop] Desired PodInfo ConfigMap (extension state hash: -1817474005)
2025-01-29 00:59:57,318 INFO c.h.h.t.HelmChartContainer - [hivemq-test-hivemq-platform] [hivemq-platform-operator] [229b2f72] 00:59:57.317 [pool-6-thread-33] DEBUG c.h.p.o.d.PlatformServiceResource - [customop] Desired Platform services (3 services)
2025-01-29 00:59:57,324 INFO c.h.h.t.HelmChartContainer - [hivemq-test-hivemq-platform] [hivemq-platform-operator] [229b2f72] 00:59:57.323 [pool-6-thread-33] DEBUG c.h.p.o.d.StatefulSetResource - [customop] Desired StatefulSet (1 replicas) for status STARTING (READY)
2025-01-29 00:59:57,327 INFO c.h.h.t.HelmChartContainer - [hivemq-test-hivemq-platform] [hivemq-platform-operator] [229b2f72] 00:59:57.325 [ReconcilerExecutor-hivemq-controller-119] INFO  c.h.p.o.HiveMQPlatformReconciler - [customop] Reconciling HiveMQ Platform 'test-hivemq-platform-alpha-tier3' in namespace 'customoperatorselectorsit'
2025-01-29 00:59:57,328 INFO c.h.h.t.HelmChartContainer - [hivemq-test-hivemq-platform] [hivemq-platform-operator] [229b2f72] 00:59:57.326 [ReconcilerExecutor-hivemq-controller-119] DEBUG c.h.p.o.HiveMQPlatformReconciler - [customop] Custom Resource Status STARTING - HiveMQ Platform is starting (READY)
2025-01-29 00:59:57,328 INFO c.h.h.t.HelmChartContainer - [hivemq-test-hivemq-platform] [hivemq-platform-operator] [229b2f72] 00:59:57.326 [ReconcilerExecutor-hivemq-controller-119] DEBUG c.h.p.o.HiveMQPlatformReconciler - [customop] Custom Resource Spec (replicas: 1) (extensions: 1)
2025-01-29 00:59:57,328 INFO c.h.h.t.HelmChartContainer - [hivemq-test-hivemq-platform] [hivemq-platform-operator] [229b2f72] 00:59:57.327 [ReconcilerExecutor-hivemq-controller-119] DEBUG c.h.p.o.HiveMQPlatformReconciler - [customop] StatefulSet Status (revision: test-hivemq-platform-alpha-tier3-7ccdb49877, replicas: 1, available: 0, ready: 0, current: 1, updated: 1)
2025-01-29 00:59:57,328 INFO c.h.h.t.HelmChartContainer - [hivemq-test-hivemq-platform] [hivemq-platform-operator] [229b2f72] 00:59:57.327 [ReconcilerExecutor-hivemq-controller-119] DEBUG c.h.p.o.HiveMQPlatformReconciler - [customop] StatefulSet Spec (replicas: 1, init containers: 1, containers: 1, volumes: 3)
2025-01-29 00:59:57,329 INFO c.h.h.t.HelmChartContainer - [hivemq-test-hivemq-platform] [hivemq-platform-operator] [229b2f72] 00:59:57.328 [ReconcilerExecutor-hivemq-controller-119] DEBUG c.h.p.o.h.HiveMQPlatformReconcilerErrorHandler - [customop] Pod 'test-hivemq-platform-alpha-tier3-0' phase Running
2025-01-29 00:59:57,330 INFO c.h.h.t.HelmChartContainer - [hivemq-test-hivemq-platform] [hivemq-platform-operator] [229b2f72] 00:59:57.329 [ReconcilerExecutor-hivemq-controller-119] INFO  c.h.p.o.h.HiveMQPlatformReconcilerBaseHandler - [customop] HiveMQ Platform is starting, 0 of 1 replicas are ready
2025-01-29 00:59:57,814 INFO c.h.h.t.HelmChartContainer - [test-hivemq-platform] [hivemq] [695178c9] INFO  - [HiveMQ Platform Operator Init App 1.7.0-SNAPSHOT] Using bind address 10.42.0.9 from environment variable
2025-01-29 00:59:57,980 INFO c.h.h.t.HelmChartContainer - [test-hivemq-platform] [hivemq] [2a11d244] INFO  - This node's ID is 5InO0
2025-01-29 00:59:57,980 INFO c.h.h.t.HelmChartContainer - [test-hivemq-platform] [hivemq] [2a11d244] INFO  - Clustering is enabled
2025-01-29 00:59:58,769 INFO c.h.h.t.HelmChartContainer - [test-hivemq-platform] [hivemq] [2a11d244] WARN  - [HiveMQ Platform Operator Init App 1.7.0-SNAPSHOT] Cannot connect to Health API for readiness: null
2025-01-29 00:59:58,775 INFO c.h.h.t.HelmChartContainer - [EVENT] Warning [Unhealthy] Readiness probe failed: HTTP probe failed with statuscode: 503 [customoperatorselectorsit:test-hivemq-platform-alpha-tier3-0]
2025-01-29 00:59:58,775 INFO c.h.h.t.HelmChartContainer - Received Unhealthy event for container hivemq in pod test-hivemq-platform-alpha-tier3-0 [2a11d244-a6f4-4e30-b706-752b461ccf01]
2025-01-29 00:59:58,879 INFO c.h.h.t.HelmChartContainer - [test-hivemq-platform] [hivemq] [695178c9] INFO  - [HiveMQ Platform Operator Init App 1.7.0-SNAPSHOT] HiveMQ Platform Operator Init App 1.7.0-SNAPSHOT (commit: bebf408 on branch: HEAD) built on Sun Jan 26 20:47:47 UTC 2025
2025-01-29 00:59:58,879 INFO c.h.h.t.HelmChartContainer - [test-hivemq-platform] [hivemq] [695178c9] INFO  - [HiveMQ Platform Operator Init App 1.7.0-SNAPSHOT] PodInfo ConfigMap directory: /etc/podinfo
2025-01-29 00:59:58,880 INFO c.h.h.t.HelmChartContainer - [test-hivemq-platform] [hivemq] [695178c9] INFO  - [HiveMQ Platform Operator Init App 1.7.0-SNAPSHOT] HiveMQ home directory: /opt/hivemq
2025-01-29 00:59:58,880 INFO c.h.h.t.HelmChartContainer - [test-hivemq-platform] [hivemq] [695178c9] INFO  - [HiveMQ Platform Operator Init App 1.7.0-SNAPSHOT] HiveMQ Logback folder: /opt/hivemq/conf
2025-01-29 00:59:58,880 INFO c.h.h.t.HelmChartContainer - [test-hivemq-platform] [hivemq] [695178c9] INFO  - [HiveMQ Platform Operator Init App 1.7.0-SNAPSHOT] HiveMQ Config folder: /opt/hivemq/conf-k8s
2025-01-29 00:59:58,882 INFO c.h.h.t.HelmChartContainer - [test-hivemq-platform] [hivemq] [695178c9] INFO  - [HiveMQ Platform Operator Init App 1.7.0-SNAPSHOT] Starting HiveMQ Platform Operator Init App
2025-01-29 00:59:58,883 INFO c.h.h.t.HelmChartContainer - [test-hivemq-platform] [hivemq] [695178c9] INFO  - [HiveMQ Platform Operator Init App 1.7.0-SNAPSHOT] Starting Pod reconciler
2025-01-29 01:00:00,189 INFO c.h.h.t.HelmChartContainer - [test-hivemq-platform] [hivemq] [695178c9] INFO  - [HiveMQ Platform Operator Init App 1.7.0-SNAPSHOT] Pod reconciler is scheduled (interval: 5000 ms)
2025-01-29 01:00:00,190 INFO c.h.h.t.HelmChartContainer - [test-hivemq-platform] [hivemq] [695178c9] INFO  - [HiveMQ Platform Operator Init App 1.7.0-SNAPSHOT] Starting the REST API on 10.42.0.9:7979
2025-01-29 01:00:00,193 INFO c.h.h.t.HelmChartContainer - [test-hivemq-platform] [hivemq] [695178c9] INFO  - [HiveMQ Platform Operator Init App 1.7.0-SNAPSHOT] Waiting up to 600s for at most 1 HiveMQ nodes in cluster service hivemq-test-hivemq-platform-alpha-tier2-cluster.customoperatorselectorsit.svc
2025-01-29 01:00:00,580 INFO c.h.h.t.HelmChartContainer - [test-hivemq-platform] [hivemq] [695178c9] INFO  - [HiveMQ Platform Operator Init App 1.7.0-SNAPSHOT] Resolved 1 IP addresses: [10.42.0.9]
2025-01-29 01:00:00,580 INFO c.h.h.t.HelmChartContainer - [test-hivemq-platform] [hivemq] [695178c9] INFO  - [HiveMQ Platform Operator Init App 1.7.0-SNAPSHOT] HiveMQ node count of 1 is within threshold of 1
2025-01-29 01:00:00,580 INFO c.h.h.t.HelmChartContainer - [test-hivemq-platform] [hivemq] [695178c9] INFO  - [HiveMQ Platform Operator Init App 1.7.0-SNAPSHOT] Proceeding with container start
2025-01-29 01:00:00,676 INFO c.h.h.t.HelmChartContainer - [test-hivemq-platform] [hivemq] [695178c9] INFO  - [HiveMQ Platform Operator Init App 1.7.0-SNAPSHOT] Initializing HiveMQ Platform extensions with initial configuration: {hivemq-allow-all-extension={start-priority=-1, skip-https-hostname-verification=false, restart=true, config-version=0, header-version=0, c-uri=, priority=-1, uri=preinstalled, skip-https-certificate-validation=false, enabled=true}, hivemq-prometheus-extension={priority=-1, restart=true, enabled=true, request-header-path=no-request-headers, uri=preinstalled, skip-https-certificate-validation=false, skip-https-hostname-verification=false, c-uri=, start-priority=-1}}
2025-01-29 01:00:01,160 INFO c.h.h.t.HelmChartContainer - [test-hivemq-platform] [hivemq] [695178c9] INFO  - [HiveMQ Platform Operator Init App 1.7.0-SNAPSHOT] Extension hivemq-allow-all-extension was already enabled
2025-01-29 01:00:01,183 INFO c.h.h.t.HelmChartContainer - [test-hivemq-platform] [hivemq] [695178c9] INFO  - [HiveMQ Platform Operator Init App 1.7.0-SNAPSHOT] Successfully enabled extension hivemq-prometheus-extension
2025-01-29 01:00:01,185 INFO c.h.h.t.HelmChartContainer - [test-hivemq-platform] [hivemq] [695178c9] INFO  - [HiveMQ Platform Operator Init App 1.7.0-SNAPSHOT] Starting HiveMQ Platform version 4.36.0 (4.36.0)
2025-01-29 01:00:01,186 INFO c.h.h.t.HelmChartContainer - [test-hivemq-platform] [hivemq] [695178c9] INFO  - [HiveMQ Platform Operator Init App 1.7.0-SNAPSHOT] Configuring the HiveMQ Platform
2025-01-29 01:00:01,275 INFO c.h.h.t.HelmChartContainer - [test-hivemq-platform] [hivemq] [695178c9] INFO  - [HiveMQ Platform Operator Init App 1.7.0-SNAPSHOT] Changed logback.xml file scan period to 20 seconds
2025-01-29 01:00:01,374 INFO c.h.h.t.HelmChartContainer - [test-hivemq-platform] [hivemq] [695178c9] INFO  - [HiveMQ Platform Operator Init App 1.7.0-SNAPSHOT] Starting the HiveMQ Platform
2025-01-29 01:00:01,377 INFO c.h.h.t.HelmChartContainer - [test-hivemq-platform] [hivemq] [695178c9] -------------------------------------------------------------------------
2025-01-29 01:00:01,377 INFO c.h.h.t.HelmChartContainer - [test-hivemq-platform] [hivemq] [695178c9] 
2025-01-29 01:00:01,377 INFO c.h.h.t.HelmChartContainer - [test-hivemq-platform] [hivemq] [695178c9]                   _    _  _              __  __   ____
2025-01-29 01:00:01,377 INFO c.h.h.t.HelmChartContainer - [test-hivemq-platform] [hivemq] [695178c9]                  | |  | |(_)            |  \/  | / __ \
2025-01-29 01:00:01,378 INFO c.h.h.t.HelmChartContainer - [test-hivemq-platform] [hivemq] [695178c9]                  | |__| | _ __   __ ___ | \  / || |  | |
2025-01-29 01:00:01,378 INFO c.h.h.t.HelmChartContainer - [test-hivemq-platform] [hivemq] [695178c9]                  |  __  || |\ \ / // _ \| |\/| || |  | |
2025-01-29 01:00:01,378 INFO c.h.h.t.HelmChartContainer - [test-hivemq-platform] [hivemq] [695178c9]                  | |  | || | \ V /|  __/| |  | || |__| |
2025-01-29 01:00:01,378 INFO c.h.h.t.HelmChartContainer - [test-hivemq-platform] [hivemq] [695178c9]                  |_|  |_||_|  \_/  \___||_|  |_| \___\_\
2025-01-29 01:00:01,378 INFO c.h.h.t.HelmChartContainer - [test-hivemq-platform] [hivemq] [695178c9] 
2025-01-29 01:00:01,378 INFO c.h.h.t.HelmChartContainer - [test-hivemq-platform] [hivemq] [695178c9] -------------------------------------------------------------------------
2025-01-29 01:00:01,382 INFO c.h.h.t.HelmChartContainer - [test-hivemq-platform] [hivemq] [695178c9] 
2025-01-29 01:00:01,383 INFO c.h.h.t.HelmChartContainer - [test-hivemq-platform] [hivemq] [695178c9]   HiveMQ Start Script for Linux/Unix v1.14
2025-01-29 01:00:01,383 INFO c.h.h.t.HelmChartContainer - [test-hivemq-platform] [hivemq] [695178c9] 
2025-01-29 01:00:01,475 INFO c.h.h.t.HelmChartContainer - [test-hivemq-platform] [hivemq] [695178c9] -------------------------------------------------------------------------
2025-01-29 01:00:01,475 INFO c.h.h.t.HelmChartContainer - [test-hivemq-platform] [hivemq] [695178c9] 
2025-01-29 01:00:01,475 INFO c.h.h.t.HelmChartContainer - [test-hivemq-platform] [hivemq] [695178c9]   HIVEMQ_HOME: /opt/hivemq
2025-01-29 01:00:01,475 INFO c.h.h.t.HelmChartContainer - [test-hivemq-platform] [hivemq] [695178c9] 
2025-01-29 01:00:01,475 INFO c.h.h.t.HelmChartContainer - [test-hivemq-platform] [hivemq] [695178c9]   JAVA_OPTS: -XX:+UnlockExperimentalVMOptions -XX:InitialRAMPercentage=50 -XX:MaxRAMPercentage=50 -Djava.net.preferIPv4Stack=true --add-opens java.base/java.lang=ALL-UNNAMED --add-opens java.base/java.nio=ALL-UNNAMED --add-opens java.base/sun.nio.ch=ALL-UNNAMED --add-opens jdk.management/com.sun.management.internal=ALL-UNNAMED --add-exports java.base/jdk.internal.misc=ALL-UNNAMED -Djava.security.egd=file:/dev/./urandom -Dcom.sun.management.jmxremote -Dcom.sun.management.jmxremote.port=9010 -Dcom.sun.management.jmxremote.local.only=false -Dcom.sun.management.jmxremote.authenticate=false -Dcom.sun.management.jmxremote.ssl=false -Duser.language=en -Duser.region=US -XX:+CrashOnOutOfMemoryError -XX:+HeapDumpOnOutOfMemoryError
2025-01-29 01:00:01,475 INFO c.h.h.t.HelmChartContainer - [test-hivemq-platform] [hivemq] [695178c9] 
2025-01-29 01:00:01,475 INFO c.h.h.t.HelmChartContainer - [test-hivemq-platform] [hivemq] [695178c9]   JAVA_VERSION: 21
2025-01-29 01:00:01,475 INFO c.h.h.t.HelmChartContainer - [test-hivemq-platform] [hivemq] [695178c9] 
2025-01-29 01:00:01,475 INFO c.h.h.t.HelmChartContainer - [test-hivemq-platform] [hivemq] [695178c9] -------------------------------------------------------------------------
2025-01-29 01:00:01,475 INFO c.h.h.t.HelmChartContainer - [test-hivemq-platform] [hivemq] [695178c9] 
2025-01-29 01:00:02,286 INFO c.h.h.t.HelmChartContainer - [test-hivemq-platform] [hivemq] [695178c9] INFO  - [HiveMQ Platform Operator Init App 1.7.0-SNAPSHOT] Returning default Health API response 503 for readiness
2025-01-29 01:00:02,377 INFO c.h.h.t.HelmChartContainer - [test-hivemq-platform] [hivemq] [2a11d244] Jan 29, 2025 1:00:02 AM io.vertx.core.impl.BlockedThreadChecker
2025-01-29 01:00:02,377 INFO c.h.h.t.HelmChartContainer - [test-hivemq-platform] [hivemq] [2a11d244] WARNING: Thread Thread[vert.x-eventloop-thread-1,5,main] has been blocked for 2263 ms, time limit is 2000 ms
2025-01-29 01:00:02,783 INFO c.h.h.t.HelmChartContainer - [EVENT] Warning [Unhealthy] Readiness probe failed: HTTP probe failed with statuscode: 503 [customoperatorselectorsit:test-hivemq-platform-alpha-tier2-0]
2025-01-29 01:00:02,783 INFO c.h.h.t.HelmChartContainer - Received Unhealthy event for container hivemq in pod test-hivemq-platform-alpha-tier2-0 [695178c9-52ef-441e-baca-52bcd8980796]
2025-01-29 01:00:03,276 INFO c.h.h.t.HelmChartContainer - [test-hivemq-platform] [hivemq] [2a11d244] WARN  - [HiveMQ Platform Operator Init App 1.7.0-SNAPSHOT] Cannot connect to Health API for readiness: null
2025-01-29 01:00:03,285 INFO c.h.h.t.HelmChartContainer - [EVENT] Warning [Unhealthy] Readiness probe failed: HTTP probe failed with statuscode: 503 [customoperatorselectorsit:test-hivemq-platform-alpha-tier3-0]
2025-01-29 01:00:03,285 INFO c.h.h.t.HelmChartContainer - Received Unhealthy event for container hivemq in pod test-hivemq-platform-alpha-tier3-0 [2a11d244-a6f4-4e30-b706-752b461ccf01]
2025-01-29 01:00:03,285 INFO c.h.h.t.HelmChartContainer - [test-hivemq-platform] [hivemq] [2a11d244] Jan 29, 2025 1:00:03 AM io.vertx.core.impl.BlockedThreadChecker
2025-01-29 01:00:03,285 INFO c.h.h.t.HelmChartContainer - [test-hivemq-platform] [hivemq] [2a11d244] WARNING: Thread Thread[vert.x-eventloop-thread-1,5,main] has been blocked for 3274 ms, time limit is 2000 ms
2025-01-29 01:00:03,673 INFO c.h.h.t.HelmChartContainer - [test-hivemq-platform] [hivemq] [2a11d244] INFO  - [HiveMQ Platform Operator Init App 1.7.0-SNAPSHOT] Updating Pod HiveMQ Platform Operator Init App version annotation (version: 1.7.0-SNAPSHOT)
2025-01-29 01:00:04,261 INFO c.h.h.t.HelmChartContainer - [test-hivemq-platform] [hivemq] [695178c9] INFO  - Starting HiveMQ Enterprise Server
2025-01-29 01:00:04,276 INFO c.h.h.t.HelmChartContainer - [test-hivemq-platform] [hivemq] [695178c9] INFO  - HiveMQ version: 4.36.0
2025-01-29 01:00:04,278 INFO c.h.h.t.HelmChartContainer - [test-hivemq-platform] [hivemq] [695178c9] INFO  - HiveMQ home directory: /opt/hivemq
2025-01-29 01:00:04,278 INFO c.h.h.t.HelmChartContainer - [test-hivemq-platform] [hivemq] [695178c9] INFO  - Log Configuration was overridden by /opt/hivemq/conf/logback.xml
2025-01-29 01:00:04,585 INFO c.h.h.t.HelmChartContainer - [POD] test-hivemq-platform-alpha-tier3-0 [2a11d244-a6f4-4e30-b706-752b461ccf01] in customoperatorselectorsit was MODIFIED
2025-01-29 01:00:04,607 INFO c.h.h.t.HelmChartContainer - [hivemq-test-hivemq-platform] [hivemq-platform-operator] [229b2f72] 01:00:04.605 [pool-6-thread-47] DEBUG c.h.p.o.d.PlatformServiceResource - [customop] Desired Platform services (3 services)
2025-01-29 01:00:04,608 INFO c.h.h.t.HelmChartContainer - [hivemq-test-hivemq-platform] [hivemq-platform-operator] [229b2f72] 01:00:04.606 [pool-6-thread-48] DEBUG c.h.p.o.dependants.PodInfoConfigMap - [customop] Desired PodInfo ConfigMap (1 extensions) (1 enabled)
2025-01-29 01:00:04,608 INFO c.h.h.t.HelmChartContainer - [hivemq-test-hivemq-platform] [hivemq-platform-operator] [229b2f72] 01:00:04.606 [pool-6-thread-48] DEBUG c.h.p.o.dependants.PodInfoConfigMap - [customop] Desired PodInfo ConfigMap (metrics port: 9399) (metrics path: /)
2025-01-29 01:00:04,608 INFO c.h.h.t.HelmChartContainer - [hivemq-test-hivemq-platform] [hivemq-platform-operator] [229b2f72] 01:00:04.606 [pool-6-thread-48] DEBUG c.h.p.o.dependants.PodInfoConfigMap - [customop] Desired PodInfo ConfigMap (extension state hash: -1817474005)
2025-01-29 01:00:04,612 INFO c.h.h.t.HelmChartContainer - [hivemq-test-hivemq-platform] [hivemq-platform-operator] [229b2f72] 01:00:04.607 [pool-6-thread-48] DEBUG c.h.p.o.d.PodServiceAccountResource - [customop] Desired PodServiceAccountResource (serviceAccountName: hivemq-platform-pod-test-hivemq-platform-alpha-tier3)
2025-01-29 01:00:04,616 INFO c.h.h.t.HelmChartContainer - [hivemq-test-hivemq-platform] [hivemq-platform-operator] [229b2f72] 01:00:04.615 [pool-6-thread-49] DEBUG c.h.p.o.d.StatefulSetResource - [customop] Desired StatefulSet (1 replicas) for status STARTING (READY)
2025-01-29 01:00:04,660 INFO c.h.h.t.HelmChartContainer - [hivemq-test-hivemq-platform] [hivemq-platform-operator] [229b2f72] 01:00:04.657 [ReconcilerExecutor-hivemq-controller-120] INFO  c.h.p.o.HiveMQPlatformReconciler - [customop] Reconciling HiveMQ Platform 'test-hivemq-platform-alpha-tier3' in namespace 'customoperatorselectorsit'
2025-01-29 01:00:04,660 INFO c.h.h.t.HelmChartContainer - [hivemq-test-hivemq-platform] [hivemq-platform-operator] [229b2f72] 01:00:04.657 [ReconcilerExecutor-hivemq-controller-120] DEBUG c.h.p.o.HiveMQPlatformReconciler - [customop] Custom Resource Status STARTING - HiveMQ Platform is starting (READY)
2025-01-29 01:00:04,660 INFO c.h.h.t.HelmChartContainer - [hivemq-test-hivemq-platform] [hivemq-platform-operator] [229b2f72] 01:00:04.657 [ReconcilerExecutor-hivemq-controller-120] DEBUG c.h.p.o.HiveMQPlatformReconciler - [customop] Custom Resource Spec (replicas: 1) (extensions: 1)
2025-01-29 01:00:04,660 INFO c.h.h.t.HelmChartContainer - [hivemq-test-hivemq-platform] [hivemq-platform-operator] [229b2f72] 01:00:04.658 [ReconcilerExecutor-hivemq-controller-120] DEBUG c.h.p.o.HiveMQPlatformReconciler - [customop] StatefulSet Status (revision: test-hivemq-platform-alpha-tier3-7ccdb49877, replicas: 1, available: 0, ready: 0, current: 1, updated: 1)
2025-01-29 01:00:04,660 INFO c.h.h.t.HelmChartContainer - [hivemq-test-hivemq-platform] [hivemq-platform-operator] [229b2f72] 01:00:04.658 [ReconcilerExecutor-hivemq-controller-120] DEBUG c.h.p.o.HiveMQPlatformReconciler - [customop] StatefulSet Spec (replicas: 1, init containers: 1, containers: 1, volumes: 3)
2025-01-29 01:00:04,662 INFO c.h.h.t.HelmChartContainer - [hivemq-test-hivemq-platform] [hivemq-platform-operator] [229b2f72] 01:00:04.661 [ReconcilerExecutor-hivemq-controller-120] DEBUG c.h.p.o.h.HiveMQPlatformReconcilerErrorHandler - [customop] Pod 'test-hivemq-platform-alpha-tier3-0' phase Running
2025-01-29 01:00:04,663 INFO c.h.h.t.HelmChartContainer - [hivemq-test-hivemq-platform] [hivemq-platform-operator] [229b2f72] 01:00:04.662 [ReconcilerExecutor-hivemq-controller-120] INFO  c.h.p.o.h.HiveMQPlatformReconcilerBaseHandler - [customop] HiveMQ Platform is starting, 0 of 1 replicas are ready
2025-01-29 01:00:04,667 INFO c.h.h.t.HelmChartContainer - [test-hivemq-platform] [hivemq] [2a11d244] INFO  - [HiveMQ Platform Operator Init App 1.7.0-SNAPSHOT] Successfully updated Pod HiveMQ Platform Operator Init App version annotation (version: 1.7.0-SNAPSHOT)
2025-01-29 01:00:04,670 INFO c.h.h.t.HelmChartContainer - [test-hivemq-platform] [hivemq] [2a11d244] WARN  - [HiveMQ Platform Operator Init App 1.7.0-SNAPSHOT] Cannot connect to Health API for readiness: null
2025-01-29 01:00:04,683 INFO c.h.h.t.HelmChartContainer - [EVENT] Warning [Unhealthy] Readiness probe failed: HTTP probe failed with statuscode: 503 [customoperatorselectorsit:test-hivemq-platform-alpha-tier3-0]
2025-01-29 01:00:04,683 INFO c.h.h.t.HelmChartContainer - Received Unhealthy event for container hivemq in pod test-hivemq-platform-alpha-tier3-0 [2a11d244-a6f4-4e30-b706-752b461ccf01]
2025-01-29 01:00:06,079 INFO c.h.h.t.HelmChartContainer - [test-hivemq-platform] [hivemq] [695178c9] INFO  - Successfully loaded configuration from '/opt/hivemq/conf-k8s/config.xml'.
2025-01-29 01:00:06,361 INFO c.h.h.t.HelmChartContainer - [hivemq-test-hivemq-platform] [hivemq-platform-operator] [229b2f72] 01:00:06.358 [pool-6-thread-10] DEBUG c.h.p.o.d.PlatformServiceResource - [customop] Desired Platform services (3 services)
2025-01-29 01:00:06,361 INFO c.h.h.t.HelmChartContainer - [hivemq-test-hivemq-platform] [hivemq-platform-operator] [229b2f72] 01:00:06.359 [pool-6-thread-6] DEBUG c.h.p.o.dependants.PodInfoConfigMap - [customop] Desired PodInfo ConfigMap (1 extensions) (1 enabled)
2025-01-29 01:00:06,361 INFO c.h.h.t.HelmChartContainer - [hivemq-test-hivemq-platform] [hivemq-platform-operator] [229b2f72] 01:00:06.359 [pool-6-thread-6] DEBUG c.h.p.o.dependants.PodInfoConfigMap - [customop] Desired PodInfo ConfigMap (metrics port: 9399) (metrics path: /)
2025-01-29 01:00:06,361 INFO c.h.h.t.HelmChartContainer - [hivemq-test-hivemq-platform] [hivemq-platform-operator] [229b2f72] 01:00:06.359 [pool-6-thread-6] DEBUG c.h.p.o.dependants.PodInfoConfigMap - [customop] Desired PodInfo ConfigMap (extension state hash: -1817474005)
2025-01-29 01:00:06,361 INFO c.h.h.t.HelmChartContainer - [hivemq-test-hivemq-platform] [hivemq-platform-operator] [229b2f72] 01:00:06.359 [pool-6-thread-15] DEBUG c.h.p.o.d.PodServiceAccountResource - [customop] Desired PodServiceAccountResource (serviceAccountName: hivemq-platform-pod-test-hivemq-platform-alpha-tier2)
2025-01-29 01:00:06,366 INFO c.h.h.t.HelmChartContainer - [hivemq-test-hivemq-platform] [hivemq-platform-operator] [229b2f72] 01:00:06.365 [pool-6-thread-10] DEBUG c.h.p.o.d.StatefulSetResource - [customop] Desired StatefulSet (1 replicas) for status STARTING (READY)
2025-01-29 01:00:06,376 INFO c.h.h.t.HelmChartContainer - [hivemq-test-hivemq-platform] [hivemq-platform-operator] [229b2f72] 01:00:06.376 [ReconcilerExecutor-hivemq-controller-121] INFO  c.h.p.o.HiveMQPlatformReconciler - [customop] Reconciling HiveMQ Platform 'test-hivemq-platform-alpha-tier2' in namespace 'customoperatorselectorsit'
2025-01-29 01:00:06,378 INFO c.h.h.t.HelmChartContainer - [hivemq-test-hivemq-platform] [hivemq-platform-operator] [229b2f72] 01:00:06.376 [ReconcilerExecutor-hivemq-controller-121] DEBUG c.h.p.o.HiveMQPlatformReconciler - [customop] Custom Resource Status STARTING - HiveMQ Platform is starting (READY)
2025-01-29 01:00:06,379 INFO c.h.h.t.HelmChartContainer - [hivemq-test-hivemq-platform] [hivemq-platform-operator] [229b2f72] 01:00:06.376 [ReconcilerExecutor-hivemq-controller-121] DEBUG c.h.p.o.HiveMQPlatformReconciler - [customop] Custom Resource Spec (replicas: 1) (extensions: 1)
2025-01-29 01:00:06,386 INFO c.h.h.t.HelmChartContainer - [hivemq-test-hivemq-platform] [hivemq-platform-operator] [229b2f72] 01:00:06.380 [ReconcilerExecutor-hivemq-controller-121] DEBUG c.h.p.o.HiveMQPlatformReconciler - [customop] StatefulSet Status (revision: test-hivemq-platform-alpha-tier2-5888b5495b, replicas: 1, available: 0, ready: 0, current: 1, updated: 1)
2025-01-29 01:00:06,387 INFO c.h.h.t.HelmChartContainer - [hivemq-test-hivemq-platform] [hivemq-platform-operator] [229b2f72] 01:00:06.380 [ReconcilerExecutor-hivemq-controller-121] DEBUG c.h.p.o.HiveMQPlatformReconciler - [customop] StatefulSet Spec (replicas: 1, init containers: 1, containers: 1, volumes: 3)
2025-01-29 01:00:06,390 INFO c.h.h.t.HelmChartContainer - [hivemq-test-hivemq-platform] [hivemq-platform-operator] [229b2f72] 01:00:06.387 [ReconcilerExecutor-hivemq-controller-121] DEBUG c.h.p.o.h.HiveMQPlatformReconcilerErrorHandler - [customop] Pod 'test-hivemq-platform-alpha-tier2-0' phase Running
2025-01-29 01:00:06,392 INFO c.h.h.t.HelmChartContainer - [hivemq-test-hivemq-platform] [hivemq-platform-operator] [229b2f72] 01:00:06.388 [ReconcilerExecutor-hivemq-controller-121] INFO  c.h.p.o.h.HiveMQPlatformReconcilerBaseHandler - [customop] HiveMQ Platform is starting, 0 of 1 replicas are ready
2025-01-29 01:00:07,071 INFO c.h.h.t.HelmChartContainer - [test-hivemq-platform] [hivemq] [695178c9] INFO  - This node's ID is i53dM
2025-01-29 01:00:07,071 INFO c.h.h.t.HelmChartContainer - [test-hivemq-platform] [hivemq] [695178c9] INFO  - Clustering is enabled
2025-01-29 01:00:07,965 INFO c.h.h.t.HelmChartContainer - [test-hivemq-platform] [hivemq] [695178c9] WARN  - [HiveMQ Platform Operator Init App 1.7.0-SNAPSHOT] Cannot connect to Health API for readiness: null
2025-01-29 01:00:07,965 INFO c.h.h.t.HelmChartContainer - [EVENT] Warning [Unhealthy] Readiness probe failed: HTTP probe failed with statuscode: 503 [customoperatorselectorsit:test-hivemq-platform-alpha-tier2-0]
2025-01-29 01:00:07,965 INFO c.h.h.t.HelmChartContainer - Received Unhealthy event for container hivemq in pod test-hivemq-platform-alpha-tier2-0 [695178c9-52ef-441e-baca-52bcd8980796]
2025-01-29 01:00:09,587 INFO c.h.h.t.HelmChartContainer - [test-hivemq-platform] [hivemq] [2a11d244] WARN  - [HiveMQ Platform Operator Init App 1.7.0-SNAPSHOT] Cannot connect to Health API for readiness: null
2025-01-29 01:00:09,594 INFO c.h.h.t.HelmChartContainer - [EVENT] Warning [Unhealthy] Readiness probe failed: HTTP probe failed with statuscode: 503 [customoperatorselectorsit:test-hivemq-platform-alpha-tier3-0]
2025-01-29 01:00:09,594 INFO c.h.h.t.HelmChartContainer - Received Unhealthy event for container hivemq in pod test-hivemq-platform-alpha-tier3-0 [2a11d244-a6f4-4e30-b706-752b461ccf01]
2025-01-29 01:00:11,560 INFO c.h.h.t.HelmChartContainer - [test-hivemq-platform] [hivemq] [695178c9] Jan 29, 2025 1:00:11 AM io.vertx.core.impl.BlockedThreadChecker
2025-01-29 01:00:11,560 INFO c.h.h.t.HelmChartContainer - [test-hivemq-platform] [hivemq] [695178c9] WARNING: Thread Thread[vert.x-eventloop-thread-1,5,main] has been blocked for 2813 ms, time limit is 2000 ms
2025-01-29 01:00:12,061 INFO c.h.h.t.HelmChartContainer - [test-hivemq-platform] [hivemq] [695178c9] INFO  - [HiveMQ Platform Operator Init App 1.7.0-SNAPSHOT] Updating Pod HiveMQ Platform Operator Init App version annotation (version: 1.7.0-SNAPSHOT)
2025-01-29 01:00:12,274 INFO c.h.h.t.HelmChartContainer - [test-hivemq-platform] [hivemq] [695178c9] WARN  - [HiveMQ Platform Operator Init App 1.7.0-SNAPSHOT] Cannot connect to Health API for readiness: null
2025-01-29 01:00:12,280 INFO c.h.h.t.HelmChartContainer - [EVENT] Warning [Unhealthy] Readiness probe failed: HTTP probe failed with statuscode: 503 [customoperatorselectorsit:test-hivemq-platform-alpha-tier2-0]
2025-01-29 01:00:12,281 INFO c.h.h.t.HelmChartContainer - Received Unhealthy event for container hivemq in pod test-hivemq-platform-alpha-tier2-0 [695178c9-52ef-441e-baca-52bcd8980796]
2025-01-29 01:00:12,497 INFO c.h.h.t.HelmChartContainer - [POD] test-hivemq-platform-alpha-tier2-0 [695178c9-52ef-441e-baca-52bcd8980796] in customoperatorselectorsit was MODIFIED
2025-01-29 01:00:12,504 INFO c.h.h.t.HelmChartContainer - [hivemq-test-hivemq-platform] [hivemq-platform-operator] [229b2f72] 01:00:12.502 [pool-6-thread-20] DEBUG c.h.p.o.d.PlatformServiceResource - [customop] Desired Platform services (3 services)
2025-01-29 01:00:12,505 INFO c.h.h.t.HelmChartContainer - [hivemq-test-hivemq-platform] [hivemq-platform-operator] [229b2f72] 01:00:12.503 [pool-6-thread-17] DEBUG c.h.p.o.dependants.PodInfoConfigMap - [customop] Desired PodInfo ConfigMap (1 extensions) (1 enabled)
2025-01-29 01:00:12,505 INFO c.h.h.t.HelmChartContainer - [hivemq-test-hivemq-platform] [hivemq-platform-operator] [229b2f72] 01:00:12.503 [pool-6-thread-17] DEBUG c.h.p.o.dependants.PodInfoConfigMap - [customop] Desired PodInfo ConfigMap (metrics port: 9399) (metrics path: /)
2025-01-29 01:00:12,505 INFO c.h.h.t.HelmChartContainer - [hivemq-test-hivemq-platform] [hivemq-platform-operator] [229b2f72] 01:00:12.503 [pool-6-thread-17] DEBUG c.h.p.o.dependants.PodInfoConfigMap - [customop] Desired PodInfo ConfigMap (extension state hash: -1817474005)
2025-01-29 01:00:12,505 INFO c.h.h.t.HelmChartContainer - [hivemq-test-hivemq-platform] [hivemq-platform-operator] [229b2f72] 01:00:12.503 [pool-6-thread-17] DEBUG c.h.p.o.d.PodServiceAccountResource - [customop] Desired PodServiceAccountResource (serviceAccountName: hivemq-platform-pod-test-hivemq-platform-alpha-tier2)
2025-01-29 01:00:12,575 INFO c.h.h.t.HelmChartContainer - [hivemq-test-hivemq-platform] [hivemq-platform-operator] [229b2f72] 01:00:12.574 [pool-6-thread-4] DEBUG c.h.p.o.d.StatefulSetResource - [customop] Desired StatefulSet (1 replicas) for status STARTING (READY)
2025-01-29 01:00:12,580 INFO c.h.h.t.HelmChartContainer - [test-hivemq-platform] [hivemq] [695178c9] WARN  - [HiveMQ Platform Operator Init App 1.7.0-SNAPSHOT] Cannot connect to Health API for readiness: null
2025-01-29 01:00:12,592 INFO c.h.h.t.HelmChartContainer - [EVENT] Warning [Unhealthy] Readiness probe failed: HTTP probe failed with statuscode: 503 [customoperatorselectorsit:test-hivemq-platform-alpha-tier2-0]
2025-01-29 01:00:12,592 INFO c.h.h.t.HelmChartContainer - Received Unhealthy event for container hivemq in pod test-hivemq-platform-alpha-tier2-0 [695178c9-52ef-441e-baca-52bcd8980796]
2025-01-29 01:00:12,659 INFO c.h.h.t.HelmChartContainer - [hivemq-test-hivemq-platform] [hivemq-platform-operator] [229b2f72] 01:00:12.609 [ReconcilerExecutor-hivemq-controller-122] INFO  c.h.p.o.HiveMQPlatformReconciler - [customop] Reconciling HiveMQ Platform 'test-hivemq-platform-alpha-tier2' in namespace 'customoperatorselectorsit'
2025-01-29 01:00:12,659 INFO c.h.h.t.HelmChartContainer - [hivemq-test-hivemq-platform] [hivemq-platform-operator] [229b2f72] 01:00:12.609 [ReconcilerExecutor-hivemq-controller-122] DEBUG c.h.p.o.HiveMQPlatformReconciler - [customop] Custom Resource Status STARTING - HiveMQ Platform is starting (READY)
2025-01-29 01:00:12,659 INFO c.h.h.t.HelmChartContainer - [hivemq-test-hivemq-platform] [hivemq-platform-operator] [229b2f72] 01:00:12.609 [ReconcilerExecutor-hivemq-controller-122] DEBUG c.h.p.o.HiveMQPlatformReconciler - [customop] Custom Resource Spec (replicas: 1) (extensions: 1)
2025-01-29 01:00:12,659 INFO c.h.h.t.HelmChartContainer - [hivemq-test-hivemq-platform] [hivemq-platform-operator] [229b2f72] 01:00:12.611 [ReconcilerExecutor-hivemq-controller-122] DEBUG c.h.p.o.HiveMQPlatformReconciler - [customop] StatefulSet Status (revision: test-hivemq-platform-alpha-tier2-5888b5495b, replicas: 1, available: 0, ready: 0, current: 1, updated: 1)
2025-01-29 01:00:12,659 INFO c.h.h.t.HelmChartContainer - [hivemq-test-hivemq-platform] [hivemq-platform-operator] [229b2f72] 01:00:12.611 [ReconcilerExecutor-hivemq-controller-122] DEBUG c.h.p.o.HiveMQPlatformReconciler - [customop] StatefulSet Spec (replicas: 1, init containers: 1, containers: 1, volumes: 3)
2025-01-29 01:00:12,659 INFO c.h.h.t.HelmChartContainer - [hivemq-test-hivemq-platform] [hivemq-platform-operator] [229b2f72] 01:00:12.612 [ReconcilerExecutor-hivemq-controller-122] DEBUG c.h.p.o.h.HiveMQPlatformReconcilerErrorHandler - [customop] Pod 'test-hivemq-platform-alpha-tier2-0' phase Running
2025-01-29 01:00:12,659 INFO c.h.h.t.HelmChartContainer - [hivemq-test-hivemq-platform] [hivemq-platform-operator] [229b2f72] 01:00:12.613 [ReconcilerExecutor-hivemq-controller-122] INFO  c.h.p.o.h.HiveMQPlatformReconcilerBaseHandler - [customop] HiveMQ Platform is starting, 0 of 1 replicas are ready
2025-01-29 01:00:12,669 INFO c.h.h.t.HelmChartContainer - [test-hivemq-platform] [hivemq] [695178c9] INFO  - [HiveMQ Platform Operator Init App 1.7.0-SNAPSHOT] Successfully updated Pod HiveMQ Platform Operator Init App version annotation (version: 1.7.0-SNAPSHOT)
2025-01-29 01:00:13,667 INFO c.h.h.t.HelmChartContainer - [test-hivemq-platform] [hivemq] [2a11d244] WARN  - [HiveMQ Platform Operator Init App 1.7.0-SNAPSHOT] Cannot connect to Health API for liveness: null
2025-01-29 01:00:13,667 INFO c.h.h.t.HelmChartContainer - [test-hivemq-platform] [hivemq] [2a11d244] INFO  - [HiveMQ Platform Operator Init App 1.7.0-SNAPSHOT] Returning default Health API response 200 for liveness
2025-01-29 01:00:14,676 INFO c.h.h.t.HelmChartContainer - [test-hivemq-platform] [hivemq] [2a11d244] WARN  - [HiveMQ Platform Operator Init App 1.7.0-SNAPSHOT] Cannot connect to Health API for readiness: null
2025-01-29 01:00:14,676 INFO c.h.h.t.HelmChartContainer - [hivemq-test-hivemq-platform] [hivemq-platform-operator] [229b2f72] 01:00:14.667 [pool-6-thread-21] DEBUG c.h.p.o.d.PlatformServiceResource - [customop] Desired Platform services (3 services)
2025-01-29 01:00:14,677 INFO c.h.h.t.HelmChartContainer - [hivemq-test-hivemq-platform] [hivemq-platform-operator] [229b2f72] 01:00:14.677 [pool-6-thread-23] DEBUG c.h.p.o.d.PodServiceAccountResource - [customop] Desired PodServiceAccountResource (serviceAccountName: hivemq-platform-pod-test-hivemq-platform-alpha-tier3)
2025-01-29 01:00:14,681 INFO c.h.h.t.HelmChartContainer - [EVENT] Warning [Unhealthy] Readiness probe failed: HTTP probe failed with statuscode: 503 [customoperatorselectorsit:test-hivemq-platform-alpha-tier3-0]
2025-01-29 01:00:14,682 INFO c.h.h.t.HelmChartContainer - Received Unhealthy event for container hivemq in pod test-hivemq-platform-alpha-tier3-0 [2a11d244-a6f4-4e30-b706-752b461ccf01]
2025-01-29 01:00:14,682 INFO c.h.h.t.HelmChartContainer - [hivemq-test-hivemq-platform] [hivemq-platform-operator] [229b2f72] 01:00:14.678 [pool-6-thread-25] DEBUG c.h.p.o.dependants.PodInfoConfigMap - [customop] Desired PodInfo ConfigMap (1 extensions) (1 enabled)
2025-01-29 01:00:14,682 INFO c.h.h.t.HelmChartContainer - [hivemq-test-hivemq-platform] [hivemq-platform-operator] [229b2f72] 01:00:14.678 [pool-6-thread-25] DEBUG c.h.p.o.dependants.PodInfoConfigMap - [customop] Desired PodInfo ConfigMap (metrics port: 9399) (metrics path: /)
2025-01-29 01:00:14,682 INFO c.h.h.t.HelmChartContainer - [hivemq-test-hivemq-platform] [hivemq-platform-operator] [229b2f72] 01:00:14.678 [pool-6-thread-25] DEBUG c.h.p.o.dependants.PodInfoConfigMap - [customop] Desired PodInfo ConfigMap (extension state hash: -1817474005)
2025-01-29 01:00:14,684 INFO c.h.h.t.HelmChartContainer - [hivemq-test-hivemq-platform] [hivemq-platform-operator] [229b2f72] 01:00:14.683 [pool-6-thread-28] DEBUG c.h.p.o.d.StatefulSetResource - [customop] Desired StatefulSet (1 replicas) for status STARTING (READY)
2025-01-29 01:00:14,693 INFO c.h.h.t.HelmChartContainer - [hivemq-test-hivemq-platform] [hivemq-platform-operator] [229b2f72] 01:00:14.691 [ReconcilerExecutor-hivemq-controller-123] INFO  c.h.p.o.HiveMQPlatformReconciler - [customop] Reconciling HiveMQ Platform 'test-hivemq-platform-alpha-tier3' in namespace 'customoperatorselectorsit'
2025-01-29 01:00:14,693 INFO c.h.h.t.HelmChartContainer - [hivemq-test-hivemq-platform] [hivemq-platform-operator] [229b2f72] 01:00:14.691 [ReconcilerExecutor-hivemq-controller-123] DEBUG c.h.p.o.HiveMQPlatformReconciler - [customop] Custom Resource Status STARTING - HiveMQ Platform is starting (READY)
2025-01-29 01:00:14,694 INFO c.h.h.t.HelmChartContainer - [hivemq-test-hivemq-platform] [hivemq-platform-operator] [229b2f72] 01:00:14.691 [ReconcilerExecutor-hivemq-controller-123] DEBUG c.h.p.o.HiveMQPlatformReconciler - [customop] Custom Resource Spec (replicas: 1) (extensions: 1)
2025-01-29 01:00:14,697 INFO c.h.h.t.HelmChartContainer - [hivemq-test-hivemq-platform] [hivemq-platform-operator] [229b2f72] 01:00:14.697 [ReconcilerExecutor-hivemq-controller-123] DEBUG c.h.p.o.HiveMQPlatformReconciler - [customop] StatefulSet Status (revision: test-hivemq-platform-alpha-tier3-7ccdb49877, replicas: 1, available: 0, ready: 0, current: 1, updated: 1)
2025-01-29 01:00:14,699 INFO c.h.h.t.HelmChartContainer - [hivemq-test-hivemq-platform] [hivemq-platform-operator] [229b2f72] 01:00:14.697 [ReconcilerExecutor-hivemq-controller-123] DEBUG c.h.p.o.HiveMQPlatformReconciler - [customop] StatefulSet Spec (replicas: 1, init containers: 1, containers: 1, volumes: 3)
2025-01-29 01:00:14,701 INFO c.h.h.t.HelmChartContainer - [hivemq-test-hivemq-platform] [hivemq-platform-operator] [229b2f72] 01:00:14.698 [ReconcilerExecutor-hivemq-controller-123] DEBUG c.h.p.o.h.HiveMQPlatformReconcilerErrorHandler - [customop] Pod 'test-hivemq-platform-alpha-tier3-0' phase Running
2025-01-29 01:00:14,701 INFO c.h.h.t.HelmChartContainer - [hivemq-test-hivemq-platform] [hivemq-platform-operator] [229b2f72] 01:00:14.699 [ReconcilerExecutor-hivemq-controller-123] INFO  c.h.p.o.h.HiveMQPlatformReconcilerBaseHandler - [customop] HiveMQ Platform is starting, 0 of 1 replicas are ready
2025-01-29 01:00:16,472 INFO c.h.h.t.HelmChartContainer - [test-hivemq-platform] [hivemq] [2a11d244] INFO  - No valid license file found. Using trial license, restricted to 25 connections.
2025-01-29 01:00:17,581 INFO c.h.h.t.HelmChartContainer - [test-hivemq-platform] [hivemq] [695178c9] WARN  - [HiveMQ Platform Operator Init App 1.7.0-SNAPSHOT] Cannot connect to Health API for readiness: null
2025-01-29 01:00:17,582 INFO c.h.h.t.HelmChartContainer - [EVENT] Warning [Unhealthy] Readiness probe failed: HTTP probe failed with statuscode: 503 [customoperatorselectorsit:test-hivemq-platform-alpha-tier2-0]
2025-01-29 01:00:17,582 INFO c.h.h.t.HelmChartContainer - Received Unhealthy event for container hivemq in pod test-hivemq-platform-alpha-tier2-0 [695178c9-52ef-441e-baca-52bcd8980796]
2025-01-29 01:00:19,590 INFO c.h.h.t.HelmChartContainer - [test-hivemq-platform] [hivemq] [2a11d244] WARN  - [HiveMQ Platform Operator Init App 1.7.0-SNAPSHOT] Cannot connect to Health API for readiness: null
2025-01-29 01:00:19,594 INFO c.h.h.t.HelmChartContainer - [EVENT] Warning [Unhealthy] Readiness probe failed: HTTP probe failed with statuscode: 503 [customoperatorselectorsit:test-hivemq-platform-alpha-tier3-0]
2025-01-29 01:00:19,594 INFO c.h.h.t.HelmChartContainer - Received Unhealthy event for container hivemq in pod test-hivemq-platform-alpha-tier3-0 [2a11d244-a6f4-4e30-b706-752b461ccf01]
2025-01-29 01:00:21,577 INFO c.h.h.t.HelmChartContainer - [test-hivemq-platform] [hivemq] [2a11d244] INFO  - No valid license file for Data Hub found. Using free license, restricted to 1 policy.
2025-01-29 01:00:22,577 INFO c.h.h.t.HelmChartContainer - [test-hivemq-platform] [hivemq] [695178c9] WARN  - [HiveMQ Platform Operator Init App 1.7.0-SNAPSHOT] Cannot connect to Health API for readiness: null
2025-01-29 01:00:22,587 INFO c.h.h.t.HelmChartContainer - [EVENT] Warning [Unhealthy] Readiness probe failed: HTTP probe failed with statuscode: 503 [customoperatorselectorsit:test-hivemq-platform-alpha-tier2-0]
2025-01-29 01:00:22,587 INFO c.h.h.t.HelmChartContainer - Received Unhealthy event for container hivemq in pod test-hivemq-platform-alpha-tier2-0 [695178c9-52ef-441e-baca-52bcd8980796]
2025-01-29 01:00:22,618 INFO c.h.h.t.HelmChartContainer - [hivemq-test-hivemq-platform] [hivemq-platform-operator] [229b2f72] 01:00:22.616 [pool-6-thread-36] DEBUG c.h.p.o.d.PlatformServiceResource - [customop] Desired Platform services (3 services)
2025-01-29 01:00:22,618 INFO c.h.h.t.HelmChartContainer - [hivemq-test-hivemq-platform] [hivemq-platform-operator] [229b2f72] 01:00:22.616 [pool-6-thread-38] DEBUG c.h.p.o.dependants.PodInfoConfigMap - [customop] Desired PodInfo ConfigMap (1 extensions) (1 enabled)
2025-01-29 01:00:22,618 INFO c.h.h.t.HelmChartContainer - [hivemq-test-hivemq-platform] [hivemq-platform-operator] [229b2f72] 01:00:22.616 [pool-6-thread-38] DEBUG c.h.p.o.dependants.PodInfoConfigMap - [customop] Desired PodInfo ConfigMap (metrics port: 9399) (metrics path: /)
2025-01-29 01:00:22,618 INFO c.h.h.t.HelmChartContainer - [hivemq-test-hivemq-platform] [hivemq-platform-operator] [229b2f72] 01:00:22.616 [pool-6-thread-38] DEBUG c.h.p.o.dependants.PodInfoConfigMap - [customop] Desired PodInfo ConfigMap (extension state hash: -1817474005)
2025-01-29 01:00:22,618 INFO c.h.h.t.HelmChartContainer - [hivemq-test-hivemq-platform] [hivemq-platform-operator] [229b2f72] 01:00:22.616 [pool-6-thread-34] DEBUG c.h.p.o.d.PodServiceAccountResource - [customop] Desired PodServiceAccountResource (serviceAccountName: hivemq-platform-pod-test-hivemq-platform-alpha-tier2)
2025-01-29 01:00:22,622 INFO c.h.h.t.HelmChartContainer - [hivemq-test-hivemq-platform] [hivemq-platform-operator] [229b2f72] 01:00:22.621 [pool-6-thread-36] DEBUG c.h.p.o.d.StatefulSetResource - [customop] Desired StatefulSet (1 replicas) for status STARTING (READY)
2025-01-29 01:00:22,625 INFO c.h.h.t.HelmChartContainer - [hivemq-test-hivemq-platform] [hivemq-platform-operator] [229b2f72] 01:00:22.624 [ReconcilerExecutor-hivemq-controller-124] INFO  c.h.p.o.HiveMQPlatformReconciler - [customop] Reconciling HiveMQ Platform 'test-hivemq-platform-alpha-tier2' in namespace 'customoperatorselectorsit'
2025-01-29 01:00:22,625 INFO c.h.h.t.HelmChartContainer - [hivemq-test-hivemq-platform] [hivemq-platform-operator] [229b2f72] 01:00:22.624 [ReconcilerExecutor-hivemq-controller-124] DEBUG c.h.p.o.HiveMQPlatformReconciler - [customop] Custom Resource Status STARTING - HiveMQ Platform is starting (READY)
2025-01-29 01:00:22,625 INFO c.h.h.t.HelmChartContainer - [hivemq-test-hivemq-platform] [hivemq-platform-operator] [229b2f72] 01:00:22.624 [ReconcilerExecutor-hivemq-controller-124] DEBUG c.h.p.o.HiveMQPlatformReconciler - [customop] Custom Resource Spec (replicas: 1) (extensions: 1)
2025-01-29 01:00:22,627 INFO c.h.h.t.HelmChartContainer - [hivemq-test-hivemq-platform] [hivemq-platform-operator] [229b2f72] 01:00:22.625 [ReconcilerExecutor-hivemq-controller-124] DEBUG c.h.p.o.HiveMQPlatformReconciler - [customop] StatefulSet Status (revision: test-hivemq-platform-alpha-tier2-5888b5495b, replicas: 1, available: 0, ready: 0, current: 1, updated: 1)
2025-01-29 01:00:22,627 INFO c.h.h.t.HelmChartContainer - [hivemq-test-hivemq-platform] [hivemq-platform-operator] [229b2f72] 01:00:22.625 [ReconcilerExecutor-hivemq-controller-124] DEBUG c.h.p.o.HiveMQPlatformReconciler - [customop] StatefulSet Spec (replicas: 1, init containers: 1, containers: 1, volumes: 3)
2025-01-29 01:00:22,627 INFO c.h.h.t.HelmChartContainer - [hivemq-test-hivemq-platform] [hivemq-platform-operator] [229b2f72] 01:00:22.626 [ReconcilerExecutor-hivemq-controller-124] DEBUG c.h.p.o.h.HiveMQPlatformReconcilerErrorHandler - [customop] Pod 'test-hivemq-platform-alpha-tier2-0' phase Running
2025-01-29 01:00:22,628 INFO c.h.h.t.HelmChartContainer - [hivemq-test-hivemq-platform] [hivemq-platform-operator] [229b2f72] 01:00:22.627 [ReconcilerExecutor-hivemq-controller-124] INFO  c.h.p.o.h.HiveMQPlatformReconcilerBaseHandler - [customop] HiveMQ Platform is starting, 0 of 1 replicas are ready
2025-01-29 01:00:22,766 INFO c.h.h.t.HelmChartContainer - [test-hivemq-platform] [hivemq] [2a11d244] INFO  - Audit Logger started.
2025-01-29 01:00:23,000 INFO c.h.h.t.HelmChartContainer - [test-hivemq-platform] [hivemq] [2a11d244] INFO  - This node uses '1' CPU cores.
2025-01-29 01:00:23,065 INFO c.h.h.t.HelmChartContainer - [test-hivemq-platform] [hivemq] [2a11d244] INFO  - Starting HiveMQ Health API on address 0.0.0.0 and port 8889
2025-01-29 01:00:23,483 INFO c.h.h.t.HelmChartContainer - [test-hivemq-platform] [hivemq] [695178c9] WARN  - [HiveMQ Platform Operator Init App 1.7.0-SNAPSHOT] Cannot connect to Health API for liveness: null
2025-01-29 01:00:23,484 INFO c.h.h.t.HelmChartContainer - [test-hivemq-platform] [hivemq] [695178c9] INFO  - [HiveMQ Platform Operator Init App 1.7.0-SNAPSHOT] Returning default Health API response 200 for liveness
2025-01-29 01:00:23,979 INFO c.h.h.t.HelmChartContainer - [test-hivemq-platform] [hivemq] [2a11d244] INFO  - Started HiveMQ Health API in 912ms
2025-01-29 01:00:24,704 INFO c.h.h.t.HelmChartContainer - [hivemq-test-hivemq-platform] [hivemq-platform-operator] [229b2f72] 01:00:24.703 [pool-6-thread-50] DEBUG c.h.p.o.d.PodServiceAccountResource - [customop] Desired PodServiceAccountResource (serviceAccountName: hivemq-platform-pod-test-hivemq-platform-alpha-tier3)
2025-01-29 01:00:24,706 INFO c.h.h.t.HelmChartContainer - [hivemq-test-hivemq-platform] [hivemq-platform-operator] [229b2f72] 01:00:24.704 [pool-6-thread-43] DEBUG c.h.p.o.dependants.PodInfoConfigMap - [customop] Desired PodInfo ConfigMap (1 extensions) (1 enabled)
2025-01-29 01:00:24,706 INFO c.h.h.t.HelmChartContainer - [hivemq-test-hivemq-platform] [hivemq-platform-operator] [229b2f72] 01:00:24.704 [pool-6-thread-43] DEBUG c.h.p.o.dependants.PodInfoConfigMap - [customop] Desired PodInfo ConfigMap (metrics port: 9399) (metrics path: /)
2025-01-29 01:00:24,706 INFO c.h.h.t.HelmChartContainer - [hivemq-test-hivemq-platform] [hivemq-platform-operator] [229b2f72] 01:00:24.704 [pool-6-thread-43] DEBUG c.h.p.o.dependants.PodInfoConfigMap - [customop] Desired PodInfo ConfigMap (extension state hash: -1817474005)
2025-01-29 01:00:24,708 INFO c.h.h.t.HelmChartContainer - [hivemq-test-hivemq-platform] [hivemq-platform-operator] [229b2f72] 01:00:24.703 [pool-6-thread-45] DEBUG c.h.p.o.d.PlatformServiceResource - [customop] Desired Platform services (3 services)
2025-01-29 01:00:24,714 INFO c.h.h.t.HelmChartContainer - [hivemq-test-hivemq-platform] [hivemq-platform-operator] [229b2f72] 01:00:24.713 [pool-6-thread-45] DEBUG c.h.p.o.d.StatefulSetResource - [customop] Desired StatefulSet (1 replicas) for status STARTING (READY)
2025-01-29 01:00:24,718 INFO c.h.h.t.HelmChartContainer - [hivemq-test-hivemq-platform] [hivemq-platform-operator] [229b2f72] 01:00:24.717 [ReconcilerExecutor-hivemq-controller-125] INFO  c.h.p.o.HiveMQPlatformReconciler - [customop] Reconciling HiveMQ Platform 'test-hivemq-platform-alpha-tier3' in namespace 'customoperatorselectorsit'
2025-01-29 01:00:24,718 INFO c.h.h.t.HelmChartContainer - [hivemq-test-hivemq-platform] [hivemq-platform-operator] [229b2f72] 01:00:24.717 [ReconcilerExecutor-hivemq-controller-125] DEBUG c.h.p.o.HiveMQPlatformReconciler - [customop] Custom Resource Status STARTING - HiveMQ Platform is starting (READY)
2025-01-29 01:00:24,718 INFO c.h.h.t.HelmChartContainer - [hivemq-test-hivemq-platform] [hivemq-platform-operator] [229b2f72] 01:00:24.717 [ReconcilerExecutor-hivemq-controller-125] DEBUG c.h.p.o.HiveMQPlatformReconciler - [customop] Custom Resource Spec (replicas: 1) (extensions: 1)
2025-01-29 01:00:24,720 INFO c.h.h.t.HelmChartContainer - [hivemq-test-hivemq-platform] [hivemq-platform-operator] [229b2f72] 01:00:24.718 [ReconcilerExecutor-hivemq-controller-125] DEBUG c.h.p.o.HiveMQPlatformReconciler - [customop] StatefulSet Status (revision: test-hivemq-platform-alpha-tier3-7ccdb49877, replicas: 1, available: 0, ready: 0, current: 1, updated: 1)
2025-01-29 01:00:24,720 INFO c.h.h.t.HelmChartContainer - [hivemq-test-hivemq-platform] [hivemq-platform-operator] [229b2f72] 01:00:24.718 [ReconcilerExecutor-hivemq-controller-125] DEBUG c.h.p.o.HiveMQPlatformReconciler - [customop] StatefulSet Spec (replicas: 1, init containers: 1, containers: 1, volumes: 3)
2025-01-29 01:00:24,720 INFO c.h.h.t.HelmChartContainer - [hivemq-test-hivemq-platform] [hivemq-platform-operator] [229b2f72] 01:00:24.719 [ReconcilerExecutor-hivemq-controller-125] DEBUG c.h.p.o.h.HiveMQPlatformReconcilerErrorHandler - [customop] Pod 'test-hivemq-platform-alpha-tier3-0' phase Running
2025-01-29 01:00:24,721 INFO c.h.h.t.HelmChartContainer - [hivemq-test-hivemq-platform] [hivemq-platform-operator] [229b2f72] 01:00:24.720 [ReconcilerExecutor-hivemq-controller-125] INFO  c.h.p.o.h.HiveMQPlatformReconcilerBaseHandler - [customop] HiveMQ Platform is starting, 0 of 1 replicas are ready
2025-01-29 01:00:24,771 INFO c.h.h.t.HelmChartContainer - [test-hivemq-platform] [hivemq] [2a11d244] INFO  - Starting HiveMQ extension system.
2025-01-29 01:00:25,268 INFO c.h.h.t.HelmChartContainer - [test-hivemq-platform] [hivemq] [2a11d244] INFO  - Starting extension with id "hivemq-dns-cluster-discovery" at /opt/hivemq/extensions/hivemq-dns-cluster-discovery
2025-01-29 01:00:25,278 INFO c.h.h.t.HelmChartContainer - [test-hivemq-platform] [hivemq] [695178c9] INFO  - No valid license file found. Using trial license, restricted to 25 connections.
2025-01-29 01:00:25,627 INFO c.h.h.t.HelmChartContainer - [EVENT] Warning [Unhealthy] Readiness probe failed: Get "http://10.42.0.8:7979/readiness": context deadline exceeded (Client.Timeout exceeded while awaiting headers) [customoperatorselectorsit:test-hivemq-platform-alpha-tier3-0]
2025-01-29 01:00:25,627 INFO c.h.h.t.HelmChartContainer - Received Unhealthy event for container hivemq in pod test-hivemq-platform-alpha-tier3-0 [2a11d244-a6f4-4e30-b706-752b461ccf01]
2025-01-29 01:00:25,975 INFO c.h.h.t.HelmChartContainer - [test-hivemq-platform] [hivemq] [2a11d244] INFO  - [HiveMQ Platform Operator Init App 1.7.0-SNAPSHOT] Returning Health API response 503 for readiness
2025-01-29 01:00:25,975 INFO c.h.h.t.HelmChartContainer - [test-hivemq-platform] [hivemq] [2a11d244] INFO  - Extension "DNS Cluster Discovery Extension" version 4.3.2 started successfully.
2025-01-29 01:00:25,975 INFO c.h.h.t.HelmChartContainer - [test-hivemq-platform] [hivemq] [2a11d244] INFO  - Starting extension with id "hivemq-prometheus-extension" at /opt/hivemq/extensions/hivemq-prometheus-extension
2025-01-29 01:00:26,079 INFO c.h.h.t.HelmChartContainer - [test-hivemq-platform] [hivemq] [2a11d244] INFO  - Using TCP cluster transport on address 10.42.0.8 and port 7000
2025-01-29 01:00:26,210 INFO c.h.h.t.HelmChartContainer - [test-hivemq-platform] [hivemq] [2a11d244] INFO  - Using extension cluster discovery
2025-01-29 01:00:27,168 INFO c.h.h.t.HelmChartContainer - [test-hivemq-platform] [hivemq] [2a11d244] INFO  - Started Jetty Server exposing Prometheus Servlet on URI http://0.0.0.0:9399/
2025-01-29 01:00:27,168 INFO c.h.h.t.HelmChartContainer - [test-hivemq-platform] [hivemq] [2a11d244] INFO  - Extension "Prometheus Monitoring Extension" version 4.0.12 started successfully.
2025-01-29 01:00:27,168 INFO c.h.h.t.HelmChartContainer - [test-hivemq-platform] [hivemq] [2a11d244] INFO  - Starting extension with id "hivemq-allow-all-extension" at /opt/hivemq/extensions/hivemq-allow-all-extension
2025-01-29 01:00:27,169 INFO c.h.h.t.HelmChartContainer - [test-hivemq-platform] [hivemq] [2a11d244] WARN  - 
2025-01-29 01:00:27,169 INFO c.h.h.t.HelmChartContainer - [test-hivemq-platform] [hivemq] [2a11d244] ################################################################################################################
2025-01-29 01:00:27,169 INFO c.h.h.t.HelmChartContainer - [test-hivemq-platform] [hivemq] [2a11d244] # This HiveMQ deployment is not secure! You are lacking Authentication and Authorization.                      #
2025-01-29 01:00:27,169 INFO c.h.h.t.HelmChartContainer - [test-hivemq-platform] [hivemq] [2a11d244] # Right now any MQTT client can connect to the broker with a full set of permissions.                          #
2025-01-29 01:00:27,169 INFO c.h.h.t.HelmChartContainer - [test-hivemq-platform] [hivemq] [2a11d244] # For production usage, add an appropriate security extension and remove the hivemq-allow-all extension.       #
2025-01-29 01:00:27,169 INFO c.h.h.t.HelmChartContainer - [test-hivemq-platform] [hivemq] [2a11d244] # You can download security extensions from the HiveMQ Marketplace (https://www.hivemq.com/extensions/).       #
2025-01-29 01:00:27,169 INFO c.h.h.t.HelmChartContainer - [test-hivemq-platform] [hivemq] [2a11d244] ################################################################################################################
2025-01-29 01:00:27,169 INFO c.h.h.t.HelmChartContainer - [test-hivemq-platform] [hivemq] [2a11d244] INFO  - Extension "Allow All Extension" version 1.1.1 started successfully.
2025-01-29 01:00:27,572 INFO c.h.h.t.HelmChartContainer - [test-hivemq-platform] [hivemq] [695178c9] WARN  - [HiveMQ Platform Operator Init App 1.7.0-SNAPSHOT] Cannot connect to Health API for readiness: null
2025-01-29 01:00:27,576 INFO c.h.h.t.HelmChartContainer - [EVENT] Warning [Unhealthy] Readiness probe failed: HTTP probe failed with statuscode: 503 [customoperatorselectorsit:test-hivemq-platform-alpha-tier2-0]
2025-01-29 01:00:27,577 INFO c.h.h.t.HelmChartContainer - Received Unhealthy event for container hivemq in pod test-hivemq-platform-alpha-tier2-0 [695178c9-52ef-441e-baca-52bcd8980796]
2025-01-29 01:00:28,786 INFO c.h.h.t.HelmChartContainer - [test-hivemq-platform] [hivemq] [695178c9] INFO  - No valid license file for Data Hub found. Using free license, restricted to 1 policy.
2025-01-29 01:00:29,185 INFO c.h.h.t.HelmChartContainer - [test-hivemq-platform] [hivemq] [2a11d244] INFO  - 5InO0: no members discovered after 2210 ms: creating cluster as first member
2025-01-29 01:00:29,192 INFO c.h.h.t.HelmChartContainer - [test-hivemq-platform] [hivemq] [2a11d244] INFO  - Cluster nodes found by discovery: [5InO0|0] (1) [5InO0].
2025-01-29 01:00:29,209 INFO c.h.h.t.HelmChartContainer - [test-hivemq-platform] [hivemq] [2a11d244] WARN  - No user for HiveMQ Control Center configured. Starting with default user
2025-01-29 01:00:29,209 INFO c.h.h.t.HelmChartContainer - [test-hivemq-platform] [hivemq] [2a11d244] INFO  - Starting HiveMQ Control Center on address 0.0.0.0 and port 8080
2025-01-29 01:00:29,216 INFO c.h.h.t.HelmChartContainer - [test-hivemq-platform] [hivemq] [2a11d244] INFO  - Mounting HiveMQ Control Center V2 Preview
2025-01-29 01:00:29,678 INFO c.h.h.t.HelmChartContainer - [EVENT] Warning [Unhealthy] Readiness probe failed: HTTP probe failed with statuscode: 503 [customoperatorselectorsit:test-hivemq-platform-alpha-tier3-0]
2025-01-29 01:00:29,678 INFO c.h.h.t.HelmChartContainer - Received Unhealthy event for container hivemq in pod test-hivemq-platform-alpha-tier3-0 [2a11d244-a6f4-4e30-b706-752b461ccf01]
2025-01-29 01:00:29,894 INFO c.h.h.t.HelmChartContainer - [test-hivemq-platform] [hivemq] [2a11d244] INFO  - Started HiveMQ Control Center in 685ms
2025-01-29 01:00:29,985 INFO c.h.h.t.HelmChartContainer - [test-hivemq-platform] [hivemq] [2a11d244] INFO  - Starting TCP listener on address 0.0.0.0 and port 1883
2025-01-29 01:00:30,073 INFO c.h.h.t.HelmChartContainer - [test-hivemq-platform] [hivemq] [695178c9] INFO  - Audit Logger started.
2025-01-29 01:00:30,172 INFO c.h.h.t.HelmChartContainer - [test-hivemq-platform] [hivemq] [2a11d244] INFO  - Started TCP Listener on address 0.0.0.0 and on port 1883.
2025-01-29 01:00:30,173 INFO c.h.h.t.HelmChartContainer - [test-hivemq-platform] [hivemq] [2a11d244] INFO  - Started HiveMQ in 35556ms
2025-01-29 01:00:30,358 INFO c.h.h.t.HelmChartContainer - [test-hivemq-platform] [hivemq] [695178c9] INFO  - This node uses '1' CPU cores.
2025-01-29 01:00:30,363 INFO c.h.h.t.HelmChartContainer - [test-hivemq-platform] [hivemq] [695178c9] INFO  - Starting HiveMQ Health API on address 0.0.0.0 and port 8889
2025-01-29 01:00:31,071 INFO c.h.h.t.HelmChartContainer - [test-hivemq-platform] [hivemq] [695178c9] INFO  - Started HiveMQ Health API in 708ms
2025-01-29 01:00:31,591 INFO c.h.h.t.HelmChartContainer - [test-hivemq-platform] [hivemq] [695178c9] INFO  - Starting HiveMQ extension system.
2025-01-29 01:00:31,874 INFO c.h.h.t.HelmChartContainer - [test-hivemq-platform] [hivemq] [695178c9] INFO  - Starting extension with id "hivemq-dns-cluster-discovery" at /opt/hivemq/extensions/hivemq-dns-cluster-discovery
2025-01-29 01:00:32,281 INFO c.h.h.t.HelmChartContainer - [test-hivemq-platform] [hivemq] [695178c9] INFO  - Extension "DNS Cluster Discovery Extension" version 4.3.2 started successfully.
2025-01-29 01:00:32,281 INFO c.h.h.t.HelmChartContainer - [test-hivemq-platform] [hivemq] [695178c9] INFO  - Starting extension with id "hivemq-prometheus-extension" at /opt/hivemq/extensions/hivemq-prometheus-extension
2025-01-29 01:00:32,376 INFO c.h.h.t.HelmChartContainer - [test-hivemq-platform] [hivemq] [695178c9] INFO  - Using TCP cluster transport on address 10.42.0.9 and port 7000
2025-01-29 01:00:32,471 INFO c.h.h.t.HelmChartContainer - [test-hivemq-platform] [hivemq] [695178c9] INFO  - Using extension cluster discovery
2025-01-29 01:00:32,631 INFO c.h.h.t.HelmChartContainer - [hivemq-test-hivemq-platform] [hivemq-platform-operator] [229b2f72] 01:00:32.629 [pool-6-thread-9] DEBUG c.h.p.o.d.PlatformServiceResource - [customop] Desired Platform services (3 services)
2025-01-29 01:00:32,633 INFO c.h.h.t.HelmChartContainer - [hivemq-test-hivemq-platform] [hivemq-platform-operator] [229b2f72] 01:00:32.630 [pool-6-thread-16] DEBUG c.h.p.o.dependants.PodInfoConfigMap - [customop] Desired PodInfo ConfigMap (1 extensions) (1 enabled)
2025-01-29 01:00:32,633 INFO c.h.h.t.HelmChartContainer - [hivemq-test-hivemq-platform] [hivemq-platform-operator] [229b2f72] 01:00:32.631 [pool-6-thread-16] DEBUG c.h.p.o.dependants.PodInfoConfigMap - [customop] Desired PodInfo ConfigMap (metrics port: 9399) (metrics path: /)
2025-01-29 01:00:32,634 INFO c.h.h.t.HelmChartContainer - [hivemq-test-hivemq-platform] [hivemq-platform-operator] [229b2f72] 01:00:32.631 [pool-6-thread-16] DEBUG c.h.p.o.dependants.PodInfoConfigMap - [customop] Desired PodInfo ConfigMap (extension state hash: -1817474005)
2025-01-29 01:00:32,635 INFO c.h.h.t.HelmChartContainer - [hivemq-test-hivemq-platform] [hivemq-platform-operator] [229b2f72] 01:00:32.632 [pool-6-thread-6] DEBUG c.h.p.o.d.PodServiceAccountResource - [customop] Desired PodServiceAccountResource (serviceAccountName: hivemq-platform-pod-test-hivemq-platform-alpha-tier2)
2025-01-29 01:00:32,635 INFO c.h.h.t.HelmChartContainer - [hivemq-test-hivemq-platform] [hivemq-platform-operator] [229b2f72] 01:00:32.635 [pool-6-thread-9] DEBUG c.h.p.o.d.StatefulSetResource - [customop] Desired StatefulSet (1 replicas) for status STARTING (READY)
2025-01-29 01:00:32,638 INFO c.h.h.t.HelmChartContainer - [hivemq-test-hivemq-platform] [hivemq-platform-operator] [229b2f72] 01:00:32.637 [ReconcilerExecutor-hivemq-controller-126] INFO  c.h.p.o.HiveMQPlatformReconciler - [customop] Reconciling HiveMQ Platform 'test-hivemq-platform-alpha-tier2' in namespace 'customoperatorselectorsit'
2025-01-29 01:00:32,638 INFO c.h.h.t.HelmChartContainer - [hivemq-test-hivemq-platform] [hivemq-platform-operator] [229b2f72] 01:00:32.637 [ReconcilerExecutor-hivemq-controller-126] DEBUG c.h.p.o.HiveMQPlatformReconciler - [customop] Custom Resource Status STARTING - HiveMQ Platform is starting (READY)
2025-01-29 01:00:32,638 INFO c.h.h.t.HelmChartContainer - [hivemq-test-hivemq-platform] [hivemq-platform-operator] [229b2f72] 01:00:32.637 [ReconcilerExecutor-hivemq-controller-126] DEBUG c.h.p.o.HiveMQPlatformReconciler - [customop] Custom Resource Spec (replicas: 1) (extensions: 1)
2025-01-29 01:00:32,639 INFO c.h.h.t.HelmChartContainer - [hivemq-test-hivemq-platform] [hivemq-platform-operator] [229b2f72] 01:00:32.638 [ReconcilerExecutor-hivemq-controller-126] DEBUG c.h.p.o.HiveMQPlatformReconciler - [customop] StatefulSet Status (revision: test-hivemq-platform-alpha-tier2-5888b5495b, replicas: 1, available: 0, ready: 0, current: 1, updated: 1)
2025-01-29 01:00:32,639 INFO c.h.h.t.HelmChartContainer - [hivemq-test-hivemq-platform] [hivemq-platform-operator] [229b2f72] 01:00:32.638 [ReconcilerExecutor-hivemq-controller-126] DEBUG c.h.p.o.HiveMQPlatformReconciler - [customop] StatefulSet Spec (replicas: 1, init containers: 1, containers: 1, volumes: 3)
2025-01-29 01:00:32,640 INFO c.h.h.t.HelmChartContainer - [hivemq-test-hivemq-platform] [hivemq-platform-operator] [229b2f72] 01:00:32.639 [ReconcilerExecutor-hivemq-controller-126] DEBUG c.h.p.o.h.HiveMQPlatformReconcilerErrorHandler - [customop] Pod 'test-hivemq-platform-alpha-tier2-0' phase Running
2025-01-29 01:00:32,640 INFO c.h.h.t.HelmChartContainer - [hivemq-test-hivemq-platform] [hivemq-platform-operator] [229b2f72] 01:00:32.639 [ReconcilerExecutor-hivemq-controller-126] INFO  c.h.p.o.h.HiveMQPlatformReconcilerBaseHandler - [customop] HiveMQ Platform is starting, 0 of 1 replicas are ready
2025-01-29 01:00:33,540 INFO c.h.h.t.HelmChartContainer - [EVENT] Warning [Unhealthy] Readiness probe failed: Get "http://10.42.0.9:7979/readiness": context deadline exceeded (Client.Timeout exceeded while awaiting headers) [customoperatorselectorsit:test-hivemq-platform-alpha-tier2-0]
2025-01-29 01:00:33,540 INFO c.h.h.t.HelmChartContainer - Received Unhealthy event for container hivemq in pod test-hivemq-platform-alpha-tier2-0 [695178c9-52ef-441e-baca-52bcd8980796]
2025-01-29 01:00:33,675 INFO c.h.h.t.HelmChartContainer - [test-hivemq-platform] [hivemq] [695178c9] INFO  - Started Jetty Server exposing Prometheus Servlet on URI http://0.0.0.0:9399/
2025-01-29 01:00:33,678 INFO c.h.h.t.HelmChartContainer - [test-hivemq-platform] [hivemq] [695178c9] INFO  - Extension "Prometheus Monitoring Extension" version 4.0.12 started successfully.
2025-01-29 01:00:33,679 INFO c.h.h.t.HelmChartContainer - [test-hivemq-platform] [hivemq] [695178c9] INFO  - Starting extension with id "hivemq-allow-all-extension" at /opt/hivemq/extensions/hivemq-allow-all-extension
2025-01-29 01:00:33,679 INFO c.h.h.t.HelmChartContainer - [test-hivemq-platform] [hivemq] [695178c9] WARN  - 
2025-01-29 01:00:33,679 INFO c.h.h.t.HelmChartContainer - [test-hivemq-platform] [hivemq] [695178c9] ################################################################################################################
2025-01-29 01:00:33,679 INFO c.h.h.t.HelmChartContainer - [test-hivemq-platform] [hivemq] [695178c9] # This HiveMQ deployment is not secure! You are lacking Authentication and Authorization.                      #
2025-01-29 01:00:33,679 INFO c.h.h.t.HelmChartContainer - [test-hivemq-platform] [hivemq] [695178c9] # Right now any MQTT client can connect to the broker with a full set of permissions.                          #
2025-01-29 01:00:33,679 INFO c.h.h.t.HelmChartContainer - [test-hivemq-platform] [hivemq] [695178c9] # For production usage, add an appropriate security extension and remove the hivemq-allow-all extension.       #
2025-01-29 01:00:33,679 INFO c.h.h.t.HelmChartContainer - [test-hivemq-platform] [hivemq] [695178c9] # You can download security extensions from the HiveMQ Marketplace (https://www.hivemq.com/extensions/).       #
2025-01-29 01:00:33,679 INFO c.h.h.t.HelmChartContainer - [test-hivemq-platform] [hivemq] [695178c9] ################################################################################################################
2025-01-29 01:00:33,679 INFO c.h.h.t.HelmChartContainer - [test-hivemq-platform] [hivemq] [695178c9] INFO  - Extension "Allow All Extension" version 1.1.1 started successfully.
2025-01-29 01:00:33,970 INFO c.h.h.t.HelmChartContainer - [test-hivemq-platform] [hivemq] [695178c9] INFO  - [HiveMQ Platform Operator Init App 1.7.0-SNAPSHOT] Returning Health API response 503 for readiness
2025-01-29 01:00:34,587 INFO c.h.h.t.HelmChartContainer - [test-hivemq-platform] [hivemq] [2a11d244] INFO  - [HiveMQ Platform Operator Init App 1.7.0-SNAPSHOT] Returning Health API response 200 for readiness
2025-01-29 01:00:34,602 INFO c.h.h.t.HelmChartContainer - [POD] test-hivemq-platform-alpha-tier3-0 [2a11d244-a6f4-4e30-b706-752b461ccf01] in customoperatorselectorsit was MODIFIED
2025-01-29 01:00:34,616 INFO c.h.h.t.HelmChartContainer - [hivemq-test-hivemq-platform] [hivemq-platform-operator] [229b2f72] 01:00:34.606 [pool-6-thread-18] DEBUG c.h.p.o.d.PlatformServiceResource - [customop] Desired Platform services (3 services)
2025-01-29 01:00:34,623 INFO c.h.h.t.HelmChartContainer - [hivemq-test-hivemq-platform] [hivemq-platform-operator] [229b2f72] 01:00:34.608 [pool-6-thread-17] DEBUG c.h.p.o.dependants.PodInfoConfigMap - [customop] Desired PodInfo ConfigMap (1 extensions) (1 enabled)
2025-01-29 01:00:34,623 INFO c.h.h.t.HelmChartContainer - [hivemq-test-hivemq-platform] [hivemq-platform-operator] [229b2f72] 01:00:34.608 [pool-6-thread-17] DEBUG c.h.p.o.dependants.PodInfoConfigMap - [customop] Desired PodInfo ConfigMap (metrics port: 9399) (metrics path: /)
2025-01-29 01:00:34,623 INFO c.h.h.t.HelmChartContainer - [hivemq-test-hivemq-platform] [hivemq-platform-operator] [229b2f72] 01:00:34.608 [pool-6-thread-17] DEBUG c.h.p.o.dependants.PodInfoConfigMap - [customop] Desired PodInfo ConfigMap (extension state hash: -1817474005)
2025-01-29 01:00:34,623 INFO c.h.h.t.HelmChartContainer - [hivemq-test-hivemq-platform] [hivemq-platform-operator] [229b2f72] 01:00:34.609 [pool-6-thread-1] DEBUG c.h.p.o.d.PodServiceAccountResource - [customop] Desired PodServiceAccountResource (serviceAccountName: hivemq-platform-pod-test-hivemq-platform-alpha-tier3)
2025-01-29 01:00:34,623 INFO c.h.h.t.HelmChartContainer - [hivemq-test-hivemq-platform] [hivemq-platform-operator] [229b2f72] 01:00:34.615 [pool-6-thread-18] DEBUG c.h.p.o.d.StatefulSetResource - [customop] Desired StatefulSet (1 replicas) for status STARTING (READY)
2025-01-29 01:00:34,623 INFO c.h.h.t.HelmChartContainer - [hivemq-test-hivemq-platform] [hivemq-platform-operator] [229b2f72] 01:00:34.619 [ReconcilerExecutor-hivemq-controller-127] INFO  c.h.p.o.HiveMQPlatformReconciler - [customop] Reconciling HiveMQ Platform 'test-hivemq-platform-alpha-tier3' in namespace 'customoperatorselectorsit'
2025-01-29 01:00:34,623 INFO c.h.h.t.HelmChartContainer - [hivemq-test-hivemq-platform] [hivemq-platform-operator] [229b2f72] 01:00:34.619 [ReconcilerExecutor-hivemq-controller-127] DEBUG c.h.p.o.HiveMQPlatformReconciler - [customop] Custom Resource Status STARTING - HiveMQ Platform is starting (READY)
2025-01-29 01:00:34,623 INFO c.h.h.t.HelmChartContainer - [hivemq-test-hivemq-platform] [hivemq-platform-operator] [229b2f72] 01:00:34.619 [ReconcilerExecutor-hivemq-controller-127] DEBUG c.h.p.o.HiveMQPlatformReconciler - [customop] Custom Resource Spec (replicas: 1) (extensions: 1)
2025-01-29 01:00:34,623 INFO c.h.h.t.HelmChartContainer - [hivemq-test-hivemq-platform] [hivemq-platform-operator] [229b2f72] 01:00:34.620 [ReconcilerExecutor-hivemq-controller-127] DEBUG c.h.p.o.HiveMQPlatformReconciler - [customop] StatefulSet Status (revision: test-hivemq-platform-alpha-tier3-7ccdb49877, replicas: 1, available: 0, ready: 0, current: 1, updated: 1)
2025-01-29 01:00:34,623 INFO c.h.h.t.HelmChartContainer - [hivemq-test-hivemq-platform] [hivemq-platform-operator] [229b2f72] 01:00:34.620 [ReconcilerExecutor-hivemq-controller-127] DEBUG c.h.p.o.HiveMQPlatformReconciler - [customop] StatefulSet Spec (replicas: 1, init containers: 1, containers: 1, volumes: 3)
2025-01-29 01:00:34,625 INFO c.h.h.t.HelmChartContainer - [hivemq-test-hivemq-platform] [hivemq-platform-operator] [229b2f72] 01:00:34.621 [ReconcilerExecutor-hivemq-controller-127] DEBUG c.h.p.o.h.HiveMQPlatformReconcilerErrorHandler - [customop] Pod 'test-hivemq-platform-alpha-tier3-0' phase Running
2025-01-29 01:00:34,625 INFO c.h.h.t.HelmChartContainer - [hivemq-test-hivemq-platform] [hivemq-platform-operator] [229b2f72] 01:00:34.622 [ReconcilerExecutor-hivemq-controller-127] INFO  c.h.p.o.h.HiveMQPlatformReconcilerBaseHandler - [customop] HiveMQ Platform is starting, 0 of 1 replicas are ready
2025-01-29 01:00:34,659 INFO c.h.h.t.HelmChartContainer - [hivemq-test-hivemq-platform] [hivemq-platform-operator] [229b2f72] 01:00:34.657 [pool-6-thread-22] DEBUG c.h.p.o.d.PlatformServiceResource - [customop] Desired Platform services (3 services)
2025-01-29 01:00:34,659 INFO c.h.h.t.HelmChartContainer - [hivemq-test-hivemq-platform] [hivemq-platform-operator] [229b2f72] 01:00:34.657 [pool-6-thread-21] DEBUG c.h.p.o.dependants.PodInfoConfigMap - [customop] Desired PodInfo ConfigMap (1 extensions) (1 enabled)
2025-01-29 01:00:34,662 INFO c.h.h.t.HelmChartContainer - [hivemq-test-hivemq-platform] [hivemq-platform-operator] [229b2f72] 01:00:34.657 [pool-6-thread-21] DEBUG c.h.p.o.dependants.PodInfoConfigMap - [customop] Desired PodInfo ConfigMap (metrics port: 9399) (metrics path: /)
2025-01-29 01:00:34,662 INFO c.h.h.t.HelmChartContainer - [hivemq-test-hivemq-platform] [hivemq-platform-operator] [229b2f72] 01:00:34.657 [pool-6-thread-21] DEBUG c.h.p.o.dependants.PodInfoConfigMap - [customop] Desired PodInfo ConfigMap (extension state hash: -1817474005)
2025-01-29 01:00:34,662 INFO c.h.h.t.HelmChartContainer - [hivemq-test-hivemq-platform] [hivemq-platform-operator] [229b2f72] 01:00:34.660 [pool-6-thread-27] DEBUG c.h.p.o.d.PodServiceAccountResource - [customop] Desired PodServiceAccountResource (serviceAccountName: hivemq-platform-pod-test-hivemq-platform-alpha-tier3)
2025-01-29 01:00:34,711 INFO c.h.h.t.HelmChartContainer - [hivemq-test-hivemq-platform] [hivemq-platform-operator] [229b2f72] 01:00:34.709 [pool-6-thread-22] DEBUG c.h.p.o.d.StatefulSetResource - [customop] Desired StatefulSet (1 replicas) for status STARTING (READY)
2025-01-29 01:00:34,716 INFO c.h.h.t.HelmChartContainer - [hivemq-test-hivemq-platform] [hivemq-platform-operator] [229b2f72] 01:00:34.713 [ReconcilerExecutor-hivemq-controller-128] INFO  c.h.p.o.HiveMQPlatformReconciler - [customop] Reconciling HiveMQ Platform 'test-hivemq-platform-alpha-tier3' in namespace 'customoperatorselectorsit'
2025-01-29 01:00:34,716 INFO c.h.h.t.HelmChartContainer - [hivemq-test-hivemq-platform] [hivemq-platform-operator] [229b2f72] 01:00:34.713 [ReconcilerExecutor-hivemq-controller-128] DEBUG c.h.p.o.HiveMQPlatformReconciler - [customop] Custom Resource Status STARTING - HiveMQ Platform is starting (READY)
2025-01-29 01:00:34,716 INFO c.h.h.t.HelmChartContainer - [hivemq-test-hivemq-platform] [hivemq-platform-operator] [229b2f72] 01:00:34.713 [ReconcilerExecutor-hivemq-controller-128] DEBUG c.h.p.o.HiveMQPlatformReconciler - [customop] Custom Resource Spec (replicas: 1) (extensions: 1)
2025-01-29 01:00:34,717 INFO c.h.h.t.HelmChartContainer - [hivemq-test-hivemq-platform] [hivemq-platform-operator] [229b2f72] 01:00:34.715 [ReconcilerExecutor-hivemq-controller-128] DEBUG c.h.p.o.HiveMQPlatformReconciler - [customop] StatefulSet Status (revision: test-hivemq-platform-alpha-tier3-7ccdb49877, replicas: 1, available: 1, ready: 1, current: 1, updated: 1)
2025-01-29 01:00:34,717 INFO c.h.h.t.HelmChartContainer - [hivemq-test-hivemq-platform] [hivemq-platform-operator] [229b2f72] 01:00:34.715 [ReconcilerExecutor-hivemq-controller-128] DEBUG c.h.p.o.HiveMQPlatformReconciler - [customop] StatefulSet Spec (replicas: 1, init containers: 1, containers: 1, volumes: 3)
2025-01-29 01:00:34,757 INFO c.h.h.t.HelmChartContainer - [hivemq-test-hivemq-platform] [hivemq-platform-operator] [229b2f72] 01:00:34.756 [ReconcilerExecutor-hivemq-controller-128] DEBUG c.h.p.o.h.HiveMQPlatformReconcilerErrorHandler - [customop] Pod 'test-hivemq-platform-alpha-tier3-0' phase Running
2025-01-29 01:00:34,758 INFO c.h.h.t.HelmChartContainer - [hivemq-test-hivemq-platform] [hivemq-platform-operator] [229b2f72] 01:00:34.756 [ReconcilerExecutor-hivemq-controller-128] INFO  c.h.p.o.h.HiveMQPlatformReconcilerBaseHandler - [customop] HiveMQ Platform started successfully
2025-01-29 01:00:34,822 INFO c.h.h.t.HelmChartContainer - [hivemq-test-hivemq-platform] [hivemq-platform-operator] [229b2f72] 01:00:34.821 [ReconcilerExecutor-hivemq-controller-128] DEBUG c.h.p.operator.event.EventSender - [customop] Creating K8s event hivemq-platform-ready: [Ready] HiveMQ Platform is ready
2025-01-29 01:00:34,826 INFO c.h.h.t.HelmChartContainer - [EVENT] Normal [Ready] HiveMQ Platform is ready [customoperatorselectorsit:test-hivemq-platform-alpha-tier3]
2025-01-29 01:00:34,856 INFO c.h.h.t.HelmChartContainer - [hivemq-test-hivemq-platform] [hivemq-platform-operator] [229b2f72] 01:00:34.855 [ReconcilerExecutor-hivemq-controller-128] INFO  c.h.p.o.h.AbstractHiveMQReconcilerStateHandler - [customop] Update HiveMQ Platform Status (STARTING [READY] -> RUNNING [READY]): HiveMQ Platform is ready
2025-01-29 01:00:35,682 INFO c.h.h.t.HelmChartContainer - [test-hivemq-platform] [hivemq] [695178c9] INFO  - i53dM: no members discovered after 2209 ms: creating cluster as first member
2025-01-29 01:00:35,688 INFO c.h.h.t.HelmChartContainer - [test-hivemq-platform] [hivemq] [695178c9] INFO  - Cluster nodes found by discovery: [i53dM|0] (1) [i53dM].
2025-01-29 01:00:35,705 INFO c.h.h.t.HelmChartContainer - [test-hivemq-platform] [hivemq] [695178c9] WARN  - No user for HiveMQ Control Center configured. Starting with default user
2025-01-29 01:00:35,706 INFO c.h.h.t.HelmChartContainer - [test-hivemq-platform] [hivemq] [695178c9] INFO  - Starting HiveMQ Control Center on address 0.0.0.0 and port 8080
2025-01-29 01:00:35,707 INFO c.h.h.t.HelmChartContainer - [test-hivemq-platform] [hivemq] [695178c9] INFO  - Mounting HiveMQ Control Center V2 Preview
2025-01-29 01:00:36,285 INFO c.h.h.t.HelmChartContainer - [test-hivemq-platform] [hivemq] [695178c9] INFO  - Started HiveMQ Control Center in 579ms
2025-01-29 01:00:36,299 INFO c.h.h.t.HelmChartContainer - [test-hivemq-platform] [hivemq] [695178c9] INFO  - Starting TCP listener on address 0.0.0.0 and port 1883
2025-01-29 01:00:36,381 INFO c.h.h.t.HelmChartContainer - [test-hivemq-platform] [hivemq] [695178c9] INFO  - Started TCP Listener on address 0.0.0.0 and on port 1883.
2025-01-29 01:00:36,382 INFO c.h.h.t.HelmChartContainer - [test-hivemq-platform] [hivemq] [695178c9] INFO  - Started HiveMQ in 32523ms
2025-01-29 01:00:37,502 INFO c.h.h.t.HelmChartContainer - [test-hivemq-platform] [hivemq] [695178c9] INFO  - [HiveMQ Platform Operator Init App 1.7.0-SNAPSHOT] Returning Health API response 200 for readiness
2025-01-29 01:00:37,515 INFO c.h.h.t.HelmChartContainer - [POD] test-hivemq-platform-alpha-tier2-0 [695178c9-52ef-441e-baca-52bcd8980796] in customoperatorselectorsit was MODIFIED
2025-01-29 01:00:37,528 INFO c.h.h.t.HelmChartContainer - [hivemq-test-hivemq-platform] [hivemq-platform-operator] [229b2f72] 01:00:37.524 [pool-6-thread-38] DEBUG c.h.p.o.d.PlatformServiceResource - [customop] Desired Platform services (3 services)
2025-01-29 01:00:37,528 INFO c.h.h.t.HelmChartContainer - [hivemq-test-hivemq-platform] [hivemq-platform-operator] [229b2f72] 01:00:37.526 [pool-6-thread-34] DEBUG c.h.p.o.dependants.PodInfoConfigMap - [customop] Desired PodInfo ConfigMap (1 extensions) (1 enabled)
2025-01-29 01:00:37,533 INFO c.h.h.t.HelmChartContainer - [hivemq-test-hivemq-platform] [hivemq-platform-operator] [229b2f72] 01:00:37.532 [pool-6-thread-34] DEBUG c.h.p.o.dependants.PodInfoConfigMap - [customop] Desired PodInfo ConfigMap (metrics port: 9399) (metrics path: /)
2025-01-29 01:00:37,533 INFO c.h.h.t.HelmChartContainer - [hivemq-test-hivemq-platform] [hivemq-platform-operator] [229b2f72] 01:00:37.532 [pool-6-thread-34] DEBUG c.h.p.o.dependants.PodInfoConfigMap - [customop] Desired PodInfo ConfigMap (extension state hash: -1817474005)
2025-01-29 01:00:37,540 INFO c.h.h.t.HelmChartContainer - [hivemq-test-hivemq-platform] [hivemq-platform-operator] [229b2f72] 01:00:37.534 [pool-6-thread-34] DEBUG c.h.p.o.d.StatefulSetResource - [customop] Desired StatefulSet (1 replicas) for status STARTING (READY)
2025-01-29 01:00:37,540 INFO c.h.h.t.HelmChartContainer - [hivemq-test-hivemq-platform] [hivemq-platform-operator] [229b2f72] 01:00:37.529 [pool-6-thread-32] DEBUG c.h.p.o.d.PodServiceAccountResource - [customop] Desired PodServiceAccountResource (serviceAccountName: hivemq-platform-pod-test-hivemq-platform-alpha-tier2)
2025-01-29 01:00:37,540 INFO c.h.h.t.HelmChartContainer - [hivemq-test-hivemq-platform] [hivemq-platform-operator] [229b2f72] 01:00:37.539 [ReconcilerExecutor-hivemq-controller-129] INFO  c.h.p.o.HiveMQPlatformReconciler - [customop] Reconciling HiveMQ Platform 'test-hivemq-platform-alpha-tier2' in namespace 'customoperatorselectorsit'
2025-01-29 01:00:37,540 INFO c.h.h.t.HelmChartContainer - [hivemq-test-hivemq-platform] [hivemq-platform-operator] [229b2f72] 01:00:37.539 [ReconcilerExecutor-hivemq-controller-129] DEBUG c.h.p.o.HiveMQPlatformReconciler - [customop] Custom Resource Status STARTING - HiveMQ Platform is starting (READY)
2025-01-29 01:00:37,540 INFO c.h.h.t.HelmChartContainer - [hivemq-test-hivemq-platform] [hivemq-platform-operator] [229b2f72] 01:00:37.539 [ReconcilerExecutor-hivemq-controller-129] DEBUG c.h.p.o.HiveMQPlatformReconciler - [customop] Custom Resource Spec (replicas: 1) (extensions: 1)
2025-01-29 01:00:37,543 INFO c.h.h.t.HelmChartContainer - [hivemq-test-hivemq-platform] [hivemq-platform-operator] [229b2f72] 01:00:37.541 [ReconcilerExecutor-hivemq-controller-129] DEBUG c.h.p.o.HiveMQPlatformReconciler - [customop] StatefulSet Status (revision: test-hivemq-platform-alpha-tier2-5888b5495b, replicas: 1, available: 1, ready: 1, current: 1, updated: 1)
2025-01-29 01:00:37,543 INFO c.h.h.t.HelmChartContainer - [hivemq-test-hivemq-platform] [hivemq-platform-operator] [229b2f72] 01:00:37.541 [ReconcilerExecutor-hivemq-controller-129] DEBUG c.h.p.o.HiveMQPlatformReconciler - [customop] StatefulSet Spec (replicas: 1, init containers: 1, containers: 1, volumes: 3)
2025-01-29 01:00:37,543 INFO c.h.h.t.HelmChartContainer - [hivemq-test-hivemq-platform] [hivemq-platform-operator] [229b2f72] 01:00:37.542 [ReconcilerExecutor-hivemq-controller-129] DEBUG c.h.p.o.h.HiveMQPlatformReconcilerErrorHandler - [customop] Pod 'test-hivemq-platform-alpha-tier2-0' phase Running
2025-01-29 01:00:37,543 INFO c.h.h.t.HelmChartContainer - [hivemq-test-hivemq-platform] [hivemq-platform-operator] [229b2f72] 01:00:37.542 [ReconcilerExecutor-hivemq-controller-129] INFO  c.h.p.o.h.HiveMQPlatformReconcilerBaseHandler - [customop] HiveMQ Platform started successfully
2025-01-29 01:00:37,615 INFO c.h.h.t.HelmChartContainer - [hivemq-test-hivemq-platform] [hivemq-platform-operator] [229b2f72] 01:00:37.614 [ReconcilerExecutor-hivemq-controller-129] DEBUG c.h.p.operator.event.EventSender - [customop] Creating K8s event hivemq-platform-ready: [Ready] HiveMQ Platform is ready
2025-01-29 01:00:37,619 INFO c.h.h.t.HelmChartContainer - [EVENT] Normal [Ready] HiveMQ Platform is ready [customoperatorselectorsit:test-hivemq-platform-alpha-tier2]
2025-01-29 01:00:37,620 INFO c.h.h.t.HelmChartContainer - [hivemq-test-hivemq-platform] [hivemq-platform-operator] [229b2f72] 01:00:37.619 [ReconcilerExecutor-hivemq-controller-129] INFO  c.h.p.o.h.AbstractHiveMQReconcilerStateHandler - [customop] Update HiveMQ Platform Status (STARTING [READY] -> RUNNING [READY]): HiveMQ Platform is ready
2025-01-29 01:00:37,627 DEBUG com.hivemq.helmcharts.util.K8sUtil - Comparing actual state 'RUNNING' and waiting for 'RUNNING'
2025-01-29 01:00:37,632 INFO c.h.h.t.HelmChartContainer - [hivemq-test-hivemq-platform] [hivemq-platform-operator] [229b2f72] 01:00:37.628 [pool-6-thread-46] DEBUG c.h.p.o.d.PlatformServiceResource - [customop] Desired Platform services (3 services)
2025-01-29 01:00:37,632 INFO c.h.h.t.HelmChartContainer - [hivemq-test-hivemq-platform] [hivemq-platform-operator] [229b2f72] 01:00:37.628 [pool-6-thread-47] DEBUG c.h.p.o.d.PodServiceAccountResource - [customop] Desired PodServiceAccountResource (serviceAccountName: hivemq-platform-pod-test-hivemq-platform-alpha-tier2)
2025-01-29 01:00:37,632 INFO c.h.h.t.HelmChartContainer - [hivemq-test-hivemq-platform] [hivemq-platform-operator] [229b2f72] 01:00:37.630 [pool-6-thread-42] DEBUG c.h.p.o.dependants.PodInfoConfigMap - [customop] Desired PodInfo ConfigMap (1 extensions) (1 enabled)
2025-01-29 01:00:37,632 INFO c.h.h.t.HelmChartContainer - [hivemq-test-hivemq-platform] [hivemq-platform-operator] [229b2f72] 01:00:37.630 [pool-6-thread-42] DEBUG c.h.p.o.dependants.PodInfoConfigMap - [customop] Desired PodInfo ConfigMap (metrics port: 9399) (metrics path: /)
2025-01-29 01:00:37,632 INFO c.h.h.t.HelmChartContainer - [hivemq-test-hivemq-platform] [hivemq-platform-operator] [229b2f72] 01:00:37.630 [pool-6-thread-42] DEBUG c.h.p.o.dependants.PodInfoConfigMap - [customop] Desired PodInfo ConfigMap (extension state hash: -1817474005)
2025-01-29 01:00:37,633 INFO c.h.h.t.HelmChartContainer - [hivemq-test-hivemq-platform] [hivemq-platform-operator] [229b2f72] 01:00:37.630 [pool-6-thread-42] DEBUG c.h.p.o.dependants.PodInfoConfigMap - [customop] Update PodInfo ConfigMap
2025-01-29 01:00:37,646 DEBUG com.hivemq.helmcharts.util.K8sUtil - Comparing actual state 'RUNNING' and waiting for 'RUNNING'
2025-01-29 01:00:37,675 INFO c.h.h.t.HelmChartContainer - Uninstalling release 'test-hivemq-platform-alpha-tier1' in namespace 'customoperatorselectorsit'...
2025-01-29 01:00:37,675 DEBUG c.h.h.t.HelmChartContainer - Executing helm command: /bin/helm --kubeconfig /etc/rancher/k3s/k3s.yaml uninstall test-hivemq-platform-alpha-tier1  --wait --timeout 5m0s --cascade foreground --namespace customoperatorselectorsit
2025-01-29 01:00:37,716 INFO c.h.h.t.HelmChartContainer - [hivemq-test-hivemq-platform] [hivemq-platform-operator] [229b2f72] 01:00:37.711 [pool-6-thread-42] DEBUG c.h.p.o.d.StatefulSetResource - [customop] Desired StatefulSet (1 replicas) for status RUNNING (READY)
2025-01-29 01:00:37,718 INFO c.h.h.t.HelmChartContainer - [hivemq-test-hivemq-platform] [hivemq-platform-operator] [229b2f72] 01:00:37.716 [ReconcilerExecutor-hivemq-controller-130] INFO  c.h.p.o.HiveMQPlatformReconciler - [customop] Reconciling HiveMQ Platform 'test-hivemq-platform-alpha-tier2' in namespace 'customoperatorselectorsit'
2025-01-29 01:00:37,718 INFO c.h.h.t.HelmChartContainer - [hivemq-test-hivemq-platform] [hivemq-platform-operator] [229b2f72] 01:00:37.716 [ReconcilerExecutor-hivemq-controller-130] DEBUG c.h.p.o.HiveMQPlatformReconciler - [customop] Custom Resource Status RUNNING - HiveMQ Platform is ready (READY)
2025-01-29 01:00:37,718 INFO c.h.h.t.HelmChartContainer - [hivemq-test-hivemq-platform] [hivemq-platform-operator] [229b2f72] 01:00:37.716 [ReconcilerExecutor-hivemq-controller-130] DEBUG c.h.p.o.HiveMQPlatformReconciler - [customop] Custom Resource Spec (replicas: 1) (extensions: 1)
2025-01-29 01:00:37,718 INFO c.h.h.t.HelmChartContainer - [hivemq-test-hivemq-platform] [hivemq-platform-operator] [229b2f72] 01:00:37.718 [ReconcilerExecutor-hivemq-controller-130] DEBUG c.h.p.o.HiveMQPlatformReconciler - [customop] StatefulSet Status (revision: test-hivemq-platform-alpha-tier2-5888b5495b, replicas: 1, available: 1, ready: 1, current: 1, updated: 1)
2025-01-29 01:00:37,720 INFO c.h.h.t.HelmChartContainer - [hivemq-test-hivemq-platform] [hivemq-platform-operator] [229b2f72] 01:00:37.718 [ReconcilerExecutor-hivemq-controller-130] DEBUG c.h.p.o.HiveMQPlatformReconciler - [customop] StatefulSet Spec (replicas: 1, init containers: 1, containers: 1, volumes: 3)
2025-01-29 01:00:37,722 INFO c.h.h.t.HelmChartContainer - [hivemq-test-hivemq-platform] [hivemq-platform-operator] [229b2f72] 01:00:37.720 [ReconcilerExecutor-hivemq-controller-130] DEBUG c.h.p.o.h.HiveMQPlatformReconcilerErrorHandler - [customop] Pod 'test-hivemq-platform-alpha-tier2-0' phase Running
2025-01-29 01:00:39,913 INFO c.h.h.t.HelmChartContainer - Release 'test-hivemq-platform-alpha-tier1' in namespace 'customoperatorselectorsit' is uninstalled
2025-01-29 01:00:39,913 INFO c.h.h.t.HelmChartContainer - Uninstalling release 'test-hivemq-platform-alpha-tier2' in namespace 'customoperatorselectorsit'...
2025-01-29 01:00:39,913 DEBUG c.h.h.t.HelmChartContainer - Executing helm command: /bin/helm --kubeconfig /etc/rancher/k3s/k3s.yaml uninstall test-hivemq-platform-alpha-tier2  --wait --timeout 5m0s --cascade foreground --namespace customoperatorselectorsit
2025-01-29 01:00:40,115 INFO c.h.h.t.HelmChartContainer - [hivemq-test-hivemq-platform] [hivemq-platform-operator] [229b2f72] 01:00:40.113 [pool-6-thread-7] DEBUG c.h.p.o.dependants.PodInfoConfigMap - [customop] Desired PodInfo ConfigMap (1 extensions) (1 enabled)
2025-01-29 01:00:40,115 INFO c.h.h.t.HelmChartContainer - [hivemq-test-hivemq-platform] [hivemq-platform-operator] [229b2f72] 01:00:40.113 [pool-6-thread-7] DEBUG c.h.p.o.dependants.PodInfoConfigMap - [customop] Desired PodInfo ConfigMap (metrics port: 9399) (metrics path: /)
2025-01-29 01:00:40,115 INFO c.h.h.t.HelmChartContainer - [hivemq-test-hivemq-platform] [hivemq-platform-operator] [229b2f72] 01:00:40.113 [pool-6-thread-7] DEBUG c.h.p.o.dependants.PodInfoConfigMap - [customop] Desired PodInfo ConfigMap (extension state hash: -1817474005)
2025-01-29 01:00:40,115 INFO c.h.h.t.HelmChartContainer - [hivemq-test-hivemq-platform] [hivemq-platform-operator] [229b2f72] 01:00:40.113 [pool-6-thread-7] DEBUG c.h.p.o.d.PodServiceAccountResource - [customop] Desired PodServiceAccountResource (serviceAccountName: hivemq-platform-pod-test-hivemq-platform-alpha-tier2)
2025-01-29 01:00:40,115 INFO c.h.h.t.HelmChartContainer - [hivemq-test-hivemq-platform] [hivemq-platform-operator] [229b2f72] 01:00:40.114 [pool-6-thread-12] DEBUG c.h.p.o.d.PlatformServiceResource - [customop] Desired Platform services (3 services)
2025-01-29 01:00:40,128 INFO c.h.h.t.HelmChartContainer - [hivemq-test-hivemq-platform] [hivemq-platform-operator] [229b2f72] 01:00:40.119 [pool-6-thread-12] DEBUG c.h.p.o.d.StatefulSetResource - [customop] Desired StatefulSet (1 replicas) for status RUNNING (READY)
2025-01-29 01:00:40,128 INFO c.h.h.t.HelmChartContainer - [hivemq-test-hivemq-platform] [hivemq-platform-operator] [229b2f72] 01:00:40.123 [ReconcilerExecutor-hivemq-controller-131] INFO  c.h.p.o.HiveMQPlatformReconciler - [customop] Reconciling HiveMQ Platform 'test-hivemq-platform-alpha-tier2' in namespace 'customoperatorselectorsit'
2025-01-29 01:00:40,135 INFO c.h.h.t.HelmChartContainer - [hivemq-test-hivemq-platform] [hivemq-platform-operator] [229b2f72] 01:00:40.123 [ReconcilerExecutor-hivemq-controller-131] DEBUG c.h.p.o.HiveMQPlatformReconciler - [customop] Custom Resource Status RUNNING - HiveMQ Platform is ready (READY)
2025-01-29 01:00:40,135 INFO c.h.h.t.HelmChartContainer - [hivemq-test-hivemq-platform] [hivemq-platform-operator] [229b2f72] 01:00:40.123 [ReconcilerExecutor-hivemq-controller-131] DEBUG c.h.p.o.HiveMQPlatformReconciler - [customop] Custom Resource Spec (replicas: 1) (extensions: 1)
2025-01-29 01:00:40,135 INFO c.h.h.t.HelmChartContainer - [hivemq-test-hivemq-platform] [hivemq-platform-operator] [229b2f72] 01:00:40.124 [ReconcilerExecutor-hivemq-controller-131] DEBUG c.h.p.o.HiveMQPlatformReconciler - [customop] StatefulSet Status (revision: test-hivemq-platform-alpha-tier2-5888b5495b, replicas: 1, available: 1, ready: 1, current: 1, updated: 1)
2025-01-29 01:00:40,135 INFO c.h.h.t.HelmChartContainer - [hivemq-test-hivemq-platform] [hivemq-platform-operator] [229b2f72] 01:00:40.124 [ReconcilerExecutor-hivemq-controller-131] DEBUG c.h.p.o.HiveMQPlatformReconciler - [customop] StatefulSet Spec (replicas: 1, init containers: 1, containers: 1, volumes: 3)
2025-01-29 01:00:40,135 INFO c.h.h.t.HelmChartContainer - [hivemq-test-hivemq-platform] [hivemq-platform-operator] [229b2f72] 01:00:40.125 [ReconcilerExecutor-hivemq-controller-131] DEBUG c.h.p.o.h.HiveMQPlatformReconcilerErrorHandler - [customop] Pod 'test-hivemq-platform-alpha-tier2-0' phase Running
2025-01-29 01:00:40,161 INFO c.h.h.t.HelmChartContainer - [hivemq-test-hivemq-platform] [hivemq-platform-operator] [229b2f72] 01:00:40.159 [ReconcilerExecutor-hivemq-controller-132] INFO  c.h.p.o.HiveMQPlatformReconciler - [customop] Cleanup test-hivemq-platform-alpha-tier2 - customoperatorselectorsit HiveMQ Platform is shut down
2025-01-29 01:00:40,969 INFO c.h.h.t.HelmChartContainer - [POD] test-hivemq-platform-alpha-tier2-0 [695178c9-52ef-441e-baca-52bcd8980796] in customoperatorselectorsit was MODIFIED
2025-01-29 01:00:40,974 INFO c.h.h.t.HelmChartContainer - [EVENT] Normal [Killing] Stopping container hivemq [customoperatorselectorsit:test-hivemq-platform-alpha-tier2-0]
2025-01-29 01:00:40,974 INFO c.h.h.t.HelmChartContainer - Received Killing event for container hivemq in pod test-hivemq-platform-alpha-tier2-0 [695178c9-52ef-441e-baca-52bcd8980796]
2025-01-29 01:00:40,974 INFO c.h.h.t.HelmChartContainer - Container [test-hivemq-platform-alpha-tier2-0] [hivemq] [695178c9-52ef-441e-baca-52bcd8980796] was terminated
2025-01-29 01:00:40,974 INFO c.h.h.t.HelmChartContainer - Stopped log watcher for hivemq in pod test-hivemq-platform-alpha-tier2-0 [695178c9-52ef-441e-baca-52bcd8980796]
2025-01-29 01:00:40,976 INFO c.h.h.t.HelmChartContainer - [test-hivemq-platform] [hivemq] [695178c9] INFO  - [HiveMQ Platform Operator Init App 1.7.0-SNAPSHOT] Shutting down
2025-01-29 01:00:40,976 INFO c.h.h.t.HelmChartContainer - [test-hivemq-platform] [hivemq] [695178c9] INFO  - [HiveMQ Platform Operator Init App 1.7.0-SNAPSHOT] Stopping the HiveMQ Platform
2025-01-29 01:00:41,078 INFO c.h.h.t.HelmChartContainer - [test-hivemq-platform] [hivemq] [695178c9] INFO  - Shutting down HiveMQ. Please wait, this could take a while...
2025-01-29 01:00:41,083 INFO c.h.h.t.HelmChartContainer - [test-hivemq-platform] [hivemq] [695178c9] INFO  - Shutting down listeners and clients
2025-01-29 01:00:41,084 INFO c.h.h.t.HelmChartContainer - [test-hivemq-platform] [hivemq] [695178c9] INFO  - Shutdown of listeners is done
2025-01-29 01:00:41,084 INFO c.h.h.t.HelmChartContainer - [test-hivemq-platform] [hivemq] [695178c9] INFO  - No clients are connected, proceeding with shutdown
2025-01-29 01:00:42,177 INFO c.h.h.t.HelmChartContainer - Release 'test-hivemq-platform-alpha-tier2' in namespace 'customoperatorselectorsit' is uninstalled
2025-01-29 01:00:42,177 INFO c.h.h.t.HelmChartContainer - Uninstalling release 'test-hivemq-platform-alpha-tier3' in namespace 'customoperatorselectorsit'...
2025-01-29 01:00:42,178 DEBUG c.h.h.t.HelmChartContainer - Executing helm command: /bin/helm --kubeconfig /etc/rancher/k3s/k3s.yaml uninstall test-hivemq-platform-alpha-tier3  --wait --timeout 5m0s --cascade foreground --namespace customoperatorselectorsit
2025-01-29 01:00:42,365 INFO c.h.h.t.HelmChartContainer - [hivemq-test-hivemq-platform] [hivemq-platform-operator] [229b2f72] 01:00:42.361 [pool-6-thread-3] DEBUG c.h.p.o.d.PlatformServiceResource - [customop] Desired Platform services (3 services)
2025-01-29 01:00:42,367 INFO c.h.h.t.HelmChartContainer - [hivemq-test-hivemq-platform] [hivemq-platform-operator] [229b2f72] 01:00:42.364 [pool-6-thread-17] DEBUG c.h.p.o.dependants.PodInfoConfigMap - [customop] Desired PodInfo ConfigMap (1 extensions) (1 enabled)
2025-01-29 01:00:42,367 INFO c.h.h.t.HelmChartContainer - [hivemq-test-hivemq-platform] [hivemq-platform-operator] [229b2f72] 01:00:42.364 [pool-6-thread-17] DEBUG c.h.p.o.dependants.PodInfoConfigMap - [customop] Desired PodInfo ConfigMap (metrics port: 9399) (metrics path: /)
2025-01-29 01:00:42,367 INFO c.h.h.t.HelmChartContainer - [hivemq-test-hivemq-platform] [hivemq-platform-operator] [229b2f72] 01:00:42.364 [pool-6-thread-17] DEBUG c.h.p.o.dependants.PodInfoConfigMap - [customop] Desired PodInfo ConfigMap (extension state hash: -1817474005)
2025-01-29 01:00:42,367 INFO c.h.h.t.HelmChartContainer - [hivemq-test-hivemq-platform] [hivemq-platform-operator] [229b2f72] 01:00:42.365 [pool-6-thread-19] DEBUG c.h.p.o.d.PodServiceAccountResource - [customop] Desired PodServiceAccountResource (serviceAccountName: hivemq-platform-pod-test-hivemq-platform-alpha-tier3)
2025-01-29 01:00:42,371 INFO c.h.h.t.HelmChartContainer - [hivemq-test-hivemq-platform] [hivemq-platform-operator] [229b2f72] 01:00:42.367 [pool-6-thread-17] DEBUG c.h.p.o.dependants.PodInfoConfigMap - [customop] Update PodInfo ConfigMap
2025-01-29 01:00:42,468 INFO c.h.h.t.HelmChartContainer - [hivemq-test-hivemq-platform] [hivemq-platform-operator] [229b2f72] 01:00:42.465 [ReconcilerExecutor-hivemq-controller-138] ERROR i.j.o.p.event.EventProcessor - Error during event processing ExecutionScope{ resource id: ResourceID{name='test-hivemq-platform-alpha-tier3', namespace='customoperatorselectorsit'}, version: 930}
2025-01-29 01:00:42,468 INFO c.h.h.t.HelmChartContainer - [hivemq-test-hivemq-platform] [hivemq-platform-operator] [229b2f72] io.javaoperatorsdk.operator.OperatorException: io.javaoperatorsdk.operator.AggregatedOperatorException: Exception(s) during workflow execution. Details:
2025-01-29 01:00:42,468 INFO c.h.h.t.HelmChartContainer - [hivemq-test-hivemq-platform] [hivemq-platform-operator] [229b2f72]  - com.hivemq.platform.operator.dependants.PodInfoConfigMap -> io.fabric8.kubernetes.client.KubernetesClientException: Failure executing: PUT at: https://10.43.0.1:443/api/v1/namespaces/customoperatorselectorsit/configmaps/hivemq-platform-test-hivemq-platform-alpha-tier3-dynamic-state. Message: Operation cannot be fulfilled on configmaps "hivemq-platform-test-hivemq-platform-alpha-tier3-dynamic-state": StorageError: invalid object, Code: 4, Key: /registry/configmaps/customoperatorselectorsit/hivemq-platform-test-hivemq-platform-alpha-tier3-dynamic-state, ResourceVersion: 0, AdditionalErrorMsg: Precondition failed: UID in precondition: 3740a6a9-9984-4cb0-95f8-59a0f14df129, UID in object meta: . Received status: Status(apiVersion=v1, code=409, details=StatusDetails(causes=[], group=null, kind=configmaps, name=hivemq-platform-test-hivemq-platform-alpha-tier3-dynamic-state, retryAfterSeconds=null, uid=null, additionalProperties={}), kind=Status, message=Operation cannot be fulfilled on configmaps "hivemq-platform-test-hivemq-platform-alpha-tier3-dynamic-state": StorageError: invalid object, Code: 4, Key: /registry/configmaps/customoperatorselectorsit/hivemq-platform-test-hivemq-platform-alpha-tier3-dynamic-state, ResourceVersion: 0, AdditionalErrorMsg: Precondition failed: UID in precondition: 3740a6a9-9984-4cb0-95f8-59a0f14df129, UID in object meta: , metadata=ListMeta(_continue=null, remainingItemCount=null, resourceVersion=null, selfLink=null, additionalProperties={}), reason=Conflict, status=Failure, additionalProperties={}).
2025-01-29 01:00:42,469 INFO c.h.h.t.HelmChartContainer - [hivemq-test-hivemq-platform] [hivemq-platform-operator] [229b2f72] 	at io.fabric8.kubernetes.client.KubernetesClientException.copyAsCause(KubernetesClientException.java:238)
2025-01-29 01:00:42,469 INFO c.h.h.t.HelmChartContainer - [hivemq-test-hivemq-platform] [hivemq-platform-operator] [229b2f72] 	at io.fabric8.kubernetes.client.dsl.internal.OperationSupport.waitForResult(OperationSupport.java:507)
2025-01-29 01:00:42,469 INFO c.h.h.t.HelmChartContainer - [hivemq-test-hivemq-platform] [hivemq-platform-operator] [229b2f72] 	at io.fabric8.kubernetes.client.dsl.internal.OperationSupport.handleResponse(OperationSupport.java:524)
2025-01-29 01:00:42,469 INFO c.h.h.t.HelmChartContainer - [hivemq-test-hivemq-platform] [hivemq-platform-operator] [229b2f72] 	at io.fabric8.kubernetes.client.dsl.internal.OperationSupport.handleUpdate(OperationSupport.java:358)
2025-01-29 01:00:42,469 INFO c.h.h.t.HelmChartContainer - [hivemq-test-hivemq-platform] [hivemq-platform-operator] [229b2f72] 	at io.fabric8.kubernetes.client.dsl.internal.BaseOperation.handleUpdate(BaseOperation.java:759)
2025-01-29 01:00:42,469 INFO c.h.h.t.HelmChartContainer - [hivemq-test-hivemq-platform] [hivemq-platform-operator] [229b2f72] 	at io.fabric8.kubernetes.client.dsl.internal.HasMetadataOperation.update(HasMetadataOperation.java:138)
2025-01-29 01:00:42,469 INFO c.h.h.t.HelmChartContainer - [hivemq-test-hivemq-platform] [hivemq-platform-operator] [229b2f72] 	at io.fabric8.kubernetes.client.dsl.internal.HasMetadataOperation.update(HasMetadataOperation.java:121)
2025-01-29 01:00:42,469 INFO c.h.h.t.HelmChartContainer - [hivemq-test-hivemq-platform] [hivemq-platform-operator] [229b2f72] 	at io.fabric8.kubernetes.client.dsl.internal.HasMetadataOperation.update(HasMetadataOperation.java:44)
2025-01-29 01:00:42,469 INFO c.h.h.t.HelmChartContainer - [hivemq-test-hivemq-platform] [hivemq-platform-operator] [229b2f72] 	at io.fabric8.kubernetes.client.extension.ResourceAdapter.update(ResourceAdapter.java:345)
2025-01-29 01:00:42,469 INFO c.h.h.t.HelmChartContainer - [hivemq-test-hivemq-platform] [hivemq-platform-operator] [229b2f72] 	at io.javaoperatorsdk.operator.processing.dependent.kubernetes.KubernetesDependentResource.update(KubernetesDependentResource.java:140)
2025-01-29 01:00:42,469 INFO c.h.h.t.HelmChartContainer - [hivemq-test-hivemq-platform] [hivemq-platform-operator] [229b2f72] 	at com.hivemq.platform.operator.dependants.PodInfoConfigMap.update(PodInfoConfigMap.java:167)
2025-01-29 01:00:42,469 INFO c.h.h.t.HelmChartContainer - [hivemq-test-hivemq-platform] [hivemq-platform-operator] [229b2f72] 	at com.hivemq.platform.operator.dependants.PodInfoConfigMap.update(PodInfoConfigMap.java:39)
2025-01-29 01:00:42,469 INFO c.h.h.t.HelmChartContainer - [hivemq-test-hivemq-platform] [hivemq-platform-operator] [229b2f72] 	at io.javaoperatorsdk.operator.processing.dependent.AbstractDependentResource.handleUpdate(AbstractDependentResource.java:148)
2025-01-29 01:00:42,469 INFO c.h.h.t.HelmChartContainer - [hivemq-test-hivemq-platform] [hivemq-platform-operator] [229b2f72] 	at io.javaoperatorsdk.operator.processing.dependent.AbstractDependentResource.reconcile(AbstractDependentResource.java:72)
2025-01-29 01:00:42,469 INFO c.h.h.t.HelmChartContainer - [hivemq-test-hivemq-platform] [hivemq-platform-operator] [229b2f72] 	at io.javaoperatorsdk.operator.processing.dependent.SingleDependentResourceReconciler.reconcile(SingleDependentResourceReconciler.java:19)
2025-01-29 01:00:42,469 INFO c.h.h.t.HelmChartContainer - [hivemq-test-hivemq-platform] [hivemq-platform-operator] [229b2f72] 	at io.javaoperatorsdk.operator.processing.dependent.AbstractDependentResource.reconcile(AbstractDependentResource.java:52)
2025-01-29 01:00:42,469 INFO c.h.h.t.HelmChartContainer - [hivemq-test-hivemq-platform] [hivemq-platform-operator] [229b2f72] 	at com.hivemq.platform.operator.dependants.PodInfoConfigMap.reconcile(PodInfoConfigMap.java:74)
2025-01-29 01:00:42,469 INFO c.h.h.t.HelmChartContainer - [hivemq-test-hivemq-platform] [hivemq-platform-operator] [229b2f72] 	at com.hivemq.platform.operator.dependants.PodInfoConfigMap.reconcile(PodInfoConfigMap.java:39)
2025-01-29 01:00:42,469 INFO c.h.h.t.HelmChartContainer - [hivemq-test-hivemq-platform] [hivemq-platform-operator] [229b2f72] 	at io.javaoperatorsdk.operator.processing.dependent.workflow.WorkflowReconcileExecutor$NodeReconcileExecutor.doRun(WorkflowReconcileExecutor.java:123)
2025-01-29 01:00:42,469 INFO c.h.h.t.HelmChartContainer - [hivemq-test-hivemq-platform] [hivemq-platform-operator] [229b2f72] 	at io.javaoperatorsdk.operator.processing.dependent.workflow.NodeExecutor.run(NodeExecutor.java:22)
2025-01-29 01:00:42,469 INFO c.h.h.t.HelmChartContainer - [hivemq-test-hivemq-platform] [hivemq-platform-operator] [229b2f72] 	at java.base/java.util.concurrent.Executors$RunnableAdapter.call(Unknown Source)
2025-01-29 01:00:42,469 INFO c.h.h.t.HelmChartContainer - [hivemq-test-hivemq-platform] [hivemq-platform-operator] [229b2f72] 	at java.base/java.util.concurrent.FutureTask.run(Unknown Source)
2025-01-29 01:00:42,469 INFO c.h.h.t.HelmChartContainer - [hivemq-test-hivemq-platform] [hivemq-platform-operator] [229b2f72] 	at java.base/java.util.concurrent.ThreadPoolExecutor.runWorker(Unknown Source)
2025-01-29 01:00:42,469 INFO c.h.h.t.HelmChartContainer - [hivemq-test-hivemq-platform] [hivemq-platform-operator] [229b2f72] 	at java.base/java.util.concurrent.ThreadPoolExecutor$Worker.run(Unknown Source)
2025-01-29 01:00:42,469 INFO c.h.h.t.HelmChartContainer - [hivemq-test-hivemq-platform] [hivemq-platform-operator] [229b2f72] 	at java.base/java.lang.Thread.run(Unknown Source)
2025-01-29 01:00:42,469 INFO c.h.h.t.HelmChartContainer - [hivemq-test-hivemq-platform] [hivemq-platform-operator] [229b2f72] Caused by: io.fabric8.kubernetes.client.KubernetesClientException: Failure executing: PUT at: https://10.43.0.1:443/api/v1/namespaces/customoperatorselectorsit/configmaps/hivemq-platform-test-hivemq-platform-alpha-tier3-dynamic-state. Message: Operation cannot be fulfilled on configmaps "hivemq-platform-test-hivemq-platform-alpha-tier3-dynamic-state": StorageError: invalid object, Code: 4, Key: /registry/configmaps/customoperatorselectorsit/hivemq-platform-test-hivemq-platform-alpha-tier3-dynamic-state, ResourceVersion: 0, AdditionalErrorMsg: Precondition failed: UID in precondition: 3740a6a9-9984-4cb0-95f8-59a0f14df129, UID in object meta: . Received status: Status(apiVersion=v1, code=409, details=StatusDetails(causes=[], group=null, kind=configmaps, name=hivemq-platform-test-hivemq-platform-alpha-tier3-dynamic-state, retryAfterSeconds=null, uid=null, additionalProperties={}), kind=Status, message=Operation cannot be fulfilled on configmaps "hivemq-platform-test-hivemq-platform-alpha-tier3-dynamic-state": StorageError: invalid object, Code: 4, Key: /registry/configmaps/customoperatorselectorsit/hivemq-platform-test-hivemq-platform-alpha-tier3-dynamic-state, ResourceVersion: 0, AdditionalErrorMsg: Precondition failed: UID in precondition: 3740a6a9-9984-4cb0-95f8-59a0f14df129, UID in object meta: , metadata=ListMeta(_continue=null, remainingItemCount=null, resourceVersion=null, selfLink=null, additionalProperties={}), reason=Conflict, status=Failure, additionalProperties={}).
2025-01-29 01:00:42,469 INFO c.h.h.t.HelmChartContainer - [hivemq-test-hivemq-platform] [hivemq-platform-operator] [229b2f72] 	at io.fabric8.kubernetes.client.dsl.internal.OperationSupport.requestFailure(OperationSupport.java:660)
2025-01-29 01:00:42,469 INFO c.h.h.t.HelmChartContainer - [hivemq-test-hivemq-platform] [hivemq-platform-operator] [229b2f72] 	at io.fabric8.kubernetes.client.dsl.internal.OperationSupport.requestFailure(OperationSupport.java:640)
2025-01-29 01:00:42,469 INFO c.h.h.t.HelmChartContainer - [hivemq-test-hivemq-platform] [hivemq-platform-operator] [229b2f72] 	at io.fabric8.kubernetes.client.dsl.internal.OperationSupport.assertResponseCode(OperationSupport.java:589)
2025-01-29 01:00:42,469 INFO c.h.h.t.HelmChartContainer - [hivemq-test-hivemq-platform] [hivemq-platform-operator] [229b2f72] 	at io.fabric8.kubernetes.client.dsl.internal.OperationSupport.lambda$handleResponse$0(OperationSupport.java:549)
2025-01-29 01:00:42,469 INFO c.h.h.t.HelmChartContainer - [hivemq-test-hivemq-platform] [hivemq-platform-operator] [229b2f72] 	at java.base/java.util.concurrent.CompletableFuture$UniApply.tryFire(Unknown Source)
2025-01-29 01:00:42,469 INFO c.h.h.t.HelmChartContainer - [hivemq-test-hivemq-platform] [hivemq-platform-operator] [229b2f72] 	at java.base/java.util.concurrent.CompletableFuture.postComplete(Unknown Source)
2025-01-29 01:00:42,469 INFO c.h.h.t.HelmChartContainer - [hivemq-test-hivemq-platform] [hivemq-platform-operator] [229b2f72] 	at java.base/java.util.concurrent.CompletableFuture.complete(Unknown Source)
2025-01-29 01:00:42,470 INFO c.h.h.t.HelmChartContainer - [hivemq-test-hivemq-platform] [hivemq-platform-operator] [229b2f72] 	at io.fabric8.kubernetes.client.http.StandardHttpClient.lambda$completeOrCancel$10(StandardHttpClient.java:141)
2025-01-29 01:00:42,470 INFO c.h.h.t.HelmChartContainer - [hivemq-test-hivemq-platform] [hivemq-platform-operator] [229b2f72] 	at java.base/java.util.concurrent.CompletableFuture.uniWhenComplete(Unknown Source)
2025-01-29 01:00:42,470 INFO c.h.h.t.HelmChartContainer - [hivemq-test-hivemq-platform] [hivemq-platform-operator] [229b2f72] 	at java.base/java.util.concurrent.CompletableFuture$UniWhenComplete.tryFire(Unknown Source)
2025-01-29 01:00:42,471 INFO c.h.h.t.HelmChartContainer - [hivemq-test-hivemq-platform] [hivemq-platform-operator] [229b2f72] 	at java.base/java.util.concurrent.CompletableFuture.postComplete(Unknown Source)
2025-01-29 01:00:42,471 INFO c.h.h.t.HelmChartContainer - [hivemq-test-hivemq-platform] [hivemq-platform-operator] [229b2f72] 	at java.base/java.util.concurrent.CompletableFuture.complete(Unknown Source)
2025-01-29 01:00:42,471 INFO c.h.h.t.HelmChartContainer - [hivemq-test-hivemq-platform] [hivemq-platform-operator] [229b2f72] 	at io.fabric8.kubernetes.client.http.ByteArrayBodyHandler.onBodyDone(ByteArrayBodyHandler.java:51)
2025-01-29 01:00:42,471 INFO c.h.h.t.HelmChartContainer - [hivemq-test-hivemq-platform] [hivemq-platform-operator] [229b2f72] 	at java.base/java.util.concurrent.CompletableFuture.uniWhenComplete(Unknown Source)
2025-01-29 01:00:42,471 INFO c.h.h.t.HelmChartContainer - [hivemq-test-hivemq-platform] [hivemq-platform-operator] [229b2f72] 	at java.base/java.util.concurrent.CompletableFuture$UniWhenComplete.tryFire(Unknown Source)
2025-01-29 01:00:42,471 INFO c.h.h.t.HelmChartContainer - [hivemq-test-hivemq-platform] [hivemq-platform-operator] [229b2f72] 	at java.base/java.util.concurrent.CompletableFuture.postComplete(Unknown Source)
2025-01-29 01:00:42,471 INFO c.h.h.t.HelmChartContainer - [hivemq-test-hivemq-platform] [hivemq-platform-operator] [229b2f72] 	at java.base/java.util.concurrent.CompletableFuture.complete(Unknown Source)
2025-01-29 01:00:42,471 INFO c.h.h.t.HelmChartContainer - [hivemq-test-hivemq-platform] [hivemq-platform-operator] [229b2f72] 	at io.fabric8.kubernetes.client.vertx.VertxHttpRequest.lambda$null$1(VertxHttpRequest.java:121)
2025-01-29 01:00:42,471 INFO c.h.h.t.HelmChartContainer - [hivemq-test-hivemq-platform] [hivemq-platform-operator] [229b2f72] 	at io.vertx.core.impl.ContextInternal.dispatch(ContextInternal.java:279)
2025-01-29 01:00:42,471 INFO c.h.h.t.HelmChartContainer - [hivemq-test-hivemq-platform] [hivemq-platform-operator] [229b2f72] 	at io.vertx.core.impl.ContextInternal.dispatch(ContextInternal.java:261)
2025-01-29 01:00:42,471 INFO c.h.h.t.HelmChartContainer - [hivemq-test-hivemq-platform] [hivemq-platform-operator] [229b2f72] 	at io.vertx.core.http.impl.HttpEventHandler.handleEnd(HttpEventHandler.java:76)
2025-01-29 01:00:42,471 INFO c.h.h.t.HelmChartContainer - [hivemq-test-hivemq-platform] [hivemq-platform-operator] [229b2f72] 	at io.vertx.core.http.impl.HttpClientResponseImpl.handleEnd(HttpClientResponseImpl.java:250)
2025-01-29 01:00:42,471 INFO c.h.h.t.HelmChartContainer - [hivemq-test-hivemq-platform] [hivemq-platform-operator] [229b2f72] 	at io.vertx.core.http.impl.Http1xClientConnection$StreamImpl.lambda$new$0(Http1xClientConnection.java:421)
2025-01-29 01:00:42,471 INFO c.h.h.t.HelmChartContainer - [hivemq-test-hivemq-platform] [hivemq-platform-operator] [229b2f72] 	at io.vertx.core.streams.impl.InboundBuffer.handleEvent(InboundBuffer.java:279)
2025-01-29 01:00:42,471 INFO c.h.h.t.HelmChartContainer - [hivemq-test-hivemq-platform] [hivemq-platform-operator] [229b2f72] 	at io.vertx.core.streams.impl.InboundBuffer.write(InboundBuffer.java:157)
2025-01-29 01:00:42,471 INFO c.h.h.t.HelmChartContainer - [hivemq-test-hivemq-platform] [hivemq-platform-operator] [229b2f72] 	at io.vertx.core.http.impl.Http1xClientConnection$StreamImpl.handleEnd(Http1xClientConnection.java:709)
2025-01-29 01:00:42,471 INFO c.h.h.t.HelmChartContainer - [hivemq-test-hivemq-platform] [hivemq-platform-operator] [229b2f72] 	at io.vertx.core.impl.ContextImpl.execute(ContextImpl.java:313)
2025-01-29 01:00:42,471 INFO c.h.h.t.HelmChartContainer - [hivemq-test-hivemq-platform] [hivemq-platform-operator] [229b2f72] 	at io.vertx.core.impl.ContextImpl.execute(ContextImpl.java:293)
2025-01-29 01:00:42,471 INFO c.h.h.t.HelmChartContainer - [hivemq-test-hivemq-platform] [hivemq-platform-operator] [229b2f72] 	at io.vertx.core.http.impl.Http1xClientConnection.handleResponseEnd(Http1xClientConnection.java:940)
2025-01-29 01:00:42,471 INFO c.h.h.t.HelmChartContainer - [hivemq-test-hivemq-platform] [hivemq-platform-operator] [229b2f72] 	at io.vertx.core.http.impl.Http1xClientConnection.handleHttpMessage(Http1xClientConnection.java:810)
2025-01-29 01:00:42,471 INFO c.h.h.t.HelmChartContainer - [hivemq-test-hivemq-platform] [hivemq-platform-operator] [229b2f72] 	at io.vertx.core.http.impl.Http1xClientConnection.handleMessage(Http1xClientConnection.java:774)
2025-01-29 01:00:42,471 INFO c.h.h.t.HelmChartContainer - [hivemq-test-hivemq-platform] [hivemq-platform-operator] [229b2f72] 	at io.vertx.core.net.impl.ConnectionBase.read(ConnectionBase.java:159)
2025-01-29 01:00:42,471 INFO c.h.h.t.HelmChartContainer - [hivemq-test-hivemq-platform] [hivemq-platform-operator] [229b2f72] 	at io.vertx.core.net.impl.VertxHandler.channelRead(VertxHandler.java:153)
2025-01-29 01:00:42,471 INFO c.h.h.t.HelmChartContainer - [hivemq-test-hivemq-platform] [hivemq-platform-operator] [229b2f72] 	at io.netty.channel.AbstractChannelHandlerContext.invokeChannelRead(AbstractChannelHandlerContext.java:442)
2025-01-29 01:00:42,471 INFO c.h.h.t.HelmChartContainer - [hivemq-test-hivemq-platform] [hivemq-platform-operator] [229b2f72] 	at io.netty.channel.AbstractChannelHandlerContext.invokeChannelRead(AbstractChannelHandlerContext.java:420)
2025-01-29 01:00:42,471 INFO c.h.h.t.HelmChartContainer - [hivemq-test-hivemq-platform] [hivemq-platform-operator] [229b2f72] 	at io.netty.channel.AbstractChannelHandlerContext.fireChannelRead(AbstractChannelHandlerContext.java:412)
2025-01-29 01:00:42,471 INFO c.h.h.t.HelmChartContainer - [hivemq-test-hivemq-platform] [hivemq-platform-operator] [229b2f72] 	at io.netty.channel.CombinedChannelDuplexHandler$DelegatingChannelHandlerContext.fireChannelRead(CombinedChannelDuplexHandler.java:436)
2025-01-29 01:00:42,473 INFO c.h.h.t.HelmChartContainer - [hivemq-test-hivemq-platform] [hivemq-platform-operator] [229b2f72] 	at io.netty.handler.codec.ByteToMessageDecoder.fireChannelRead(ByteToMessageDecoder.java:346)
2025-01-29 01:00:42,473 INFO c.h.h.t.HelmChartContainer - [hivemq-test-hivemq-platform] [hivemq-platform-operator] [229b2f72] 	at io.netty.handler.codec.ByteToMessageDecoder.channelRead(ByteToMessageDecoder.java:318)
2025-01-29 01:00:42,473 INFO c.h.h.t.HelmChartContainer - [hivemq-test-hivemq-platform] [hivemq-platform-operator] [229b2f72] 	at io.netty.channel.CombinedChannelDuplexHandler.channelRead(CombinedChannelDuplexHandler.java:251)
2025-01-29 01:00:42,473 INFO c.h.h.t.HelmChartContainer - [hivemq-test-hivemq-platform] [hivemq-platform-operator] [229b2f72] 	at io.netty.channel.AbstractChannelHandlerContext.invokeChannelRead(AbstractChannelHandlerContext.java:442)
2025-01-29 01:00:42,473 INFO c.h.h.t.HelmChartContainer - [hivemq-test-hivemq-platform] [hivemq-platform-operator] [229b2f72] 	at io.netty.channel.AbstractChannelHandlerContext.invokeChannelRead(AbstractChannelHandlerContext.java:420)
2025-01-29 01:00:42,473 INFO c.h.h.t.HelmChartContainer - [hivemq-test-hivemq-platform] [hivemq-platform-operator] [229b2f72] 	at io.netty.channel.AbstractChannelHandlerContext.fireChannelRead(AbstractChannelHandlerContext.java:412)
2025-01-29 01:00:42,473 INFO c.h.h.t.HelmChartContainer - [hivemq-test-hivemq-platform] [hivemq-platform-operator] [229b2f72] 	at io.netty.handler.ssl.SslHandler.unwrap(SslHandler.java:1475)
2025-01-29 01:00:42,473 INFO c.h.h.t.HelmChartContainer - [hivemq-test-hivemq-platform] [hivemq-platform-operator] [229b2f72] 	at io.netty.handler.ssl.SslHandler.decodeJdkCompatible(SslHandler.java:1338)
2025-01-29 01:00:42,473 INFO c.h.h.t.HelmChartContainer - [hivemq-test-hivemq-platform] [hivemq-platform-operator] [229b2f72] 	at io.netty.handler.ssl.SslHandler.decode(SslHandler.java:1387)
2025-01-29 01:00:42,473 INFO c.h.h.t.HelmChartContainer - [hivemq-test-hivemq-platform] [hivemq-platform-operator] [229b2f72] 	at io.netty.handler.codec.ByteToMessageDecoder.decodeRemovalReentryProtection(ByteToMessageDecoder.java:530)
2025-01-29 01:00:42,473 INFO c.h.h.t.HelmChartContainer - [hivemq-test-hivemq-platform] [hivemq-platform-operator] [229b2f72] 	at io.netty.handler.codec.ByteToMessageDecoder.callDecode(ByteToMessageDecoder.java:469)
2025-01-29 01:00:42,473 INFO c.h.h.t.HelmChartContainer - [hivemq-test-hivemq-platform] [hivemq-platform-operator] [229b2f72] 	at io.netty.handler.codec.ByteToMessageDecoder.channelRead(ByteToMessageDecoder.java:290)
2025-01-29 01:00:42,473 INFO c.h.h.t.HelmChartContainer - [hivemq-test-hivemq-platform] [hivemq-platform-operator] [229b2f72] 	at io.netty.channel.AbstractChannelHandlerContext.invokeChannelRead(AbstractChannelHandlerContext.java:444)
2025-01-29 01:00:42,473 INFO c.h.h.t.HelmChartContainer - [hivemq-test-hivemq-platform] [hivemq-platform-operator] [229b2f72] 	at io.netty.channel.AbstractChannelHandlerContext.invokeChannelRead(AbstractChannelHandlerContext.java:420)
2025-01-29 01:00:42,473 INFO c.h.h.t.HelmChartContainer - [hivemq-test-hivemq-platform] [hivemq-platform-operator] [229b2f72] 	at io.netty.channel.AbstractChannelHandlerContext.fireChannelRead(AbstractChannelHandlerContext.java:412)
2025-01-29 01:00:42,473 INFO c.h.h.t.HelmChartContainer - [hivemq-test-hivemq-platform] [hivemq-platform-operator] [229b2f72] 	at io.netty.channel.DefaultChannelPipeline$HeadContext.channelRead(DefaultChannelPipeline.java:1407)
2025-01-29 01:00:42,473 INFO c.h.h.t.HelmChartContainer - [hivemq-test-hivemq-platform] [hivemq-platform-operator] [229b2f72] 	at io.netty.channel.AbstractChannelHandlerContext.invokeChannelRead(AbstractChannelHandlerContext.java:440)
2025-01-29 01:00:42,473 INFO c.h.h.t.HelmChartContainer - [hivemq-test-hivemq-platform] [hivemq-platform-operator] [229b2f72] 	at io.netty.channel.AbstractChannelHandlerContext.invokeChannelRead(AbstractChannelHandlerContext.java:420)
2025-01-29 01:00:42,473 INFO c.h.h.t.HelmChartContainer - [hivemq-test-hivemq-platform] [hivemq-platform-operator] [229b2f72] 	at io.netty.channel.DefaultChannelPipeline.fireChannelRead(DefaultChannelPipeline.java:918)
2025-01-29 01:00:42,473 INFO c.h.h.t.HelmChartContainer - [hivemq-test-hivemq-platform] [hivemq-platform-operator] [229b2f72] 	at io.netty.channel.nio.AbstractNioByteChannel$NioByteUnsafe.read(AbstractNioByteChannel.java:166)
2025-01-29 01:00:42,473 INFO c.h.h.t.HelmChartContainer - [hivemq-test-hivemq-platform] [hivemq-platform-operator] [229b2f72] 	at io.netty.channel.nio.NioEventLoop.processSelectedKey(NioEventLoop.java:788)
2025-01-29 01:00:42,473 INFO c.h.h.t.HelmChartContainer - [hivemq-test-hivemq-platform] [hivemq-platform-operator] [229b2f72] 	at io.netty.channel.nio.NioEventLoop.processSelectedKeysOptimized(NioEventLoop.java:724)
2025-01-29 01:00:42,473 INFO c.h.h.t.HelmChartContainer - [hivemq-test-hivemq-platform] [hivemq-platform-operator] [229b2f72] 	at io.netty.channel.nio.NioEventLoop.processSelectedKeys(NioEventLoop.java:650)
2025-01-29 01:00:42,473 INFO c.h.h.t.HelmChartContainer - [hivemq-test-hivemq-platform] [hivemq-platform-operator] [229b2f72] 	at io.netty.channel.nio.NioEventLoop.run(NioEventLoop.java:562)
2025-01-29 01:00:42,473 INFO c.h.h.t.HelmChartContainer - [hivemq-test-hivemq-platform] [hivemq-platform-operator] [229b2f72] 	at io.netty.util.concurrent.SingleThreadEventExecutor$4.run(SingleThreadEventExecutor.java:997)
2025-01-29 01:00:42,473 INFO c.h.h.t.HelmChartContainer - [hivemq-test-hivemq-platform] [hivemq-platform-operator] [229b2f72] 	at io.netty.util.internal.ThreadExecutorMap$2.run(ThreadExecutorMap.java:74)
2025-01-29 01:00:42,473 INFO c.h.h.t.HelmChartContainer - [hivemq-test-hivemq-platform] [hivemq-platform-operator] [229b2f72] 	at io.netty.util.concurrent.FastThreadLocalRunnable.run(FastThreadLocalRunnable.java:30)
2025-01-29 01:00:42,474 INFO c.h.h.t.HelmChartContainer - [hivemq-test-hivemq-platform] [hivemq-platform-operator] [229b2f72] 	... 1 more
2025-01-29 01:00:42,474 INFO c.h.h.t.HelmChartContainer - [hivemq-test-hivemq-platform] [hivemq-platform-operator] [229b2f72] 
2025-01-29 01:00:42,474 INFO c.h.h.t.HelmChartContainer - [hivemq-test-hivemq-platform] [hivemq-platform-operator] [229b2f72] 	at io.javaoperatorsdk.operator.monitoring.micrometer.MicrometerMetrics.lambda$timeControllerExecution$0(MicrometerMetrics.java:165)
2025-01-29 01:00:42,474 INFO c.h.h.t.HelmChartContainer - [hivemq-test-hivemq-platform] [hivemq-platform-operator] [229b2f72] 	at io.micrometer.core.instrument.AbstractTimer.record(AbstractTimer.java:190)
2025-01-29 01:00:42,474 INFO c.h.h.t.HelmChartContainer - [hivemq-test-hivemq-platform] [hivemq-platform-operator] [229b2f72] 	at io.javaoperatorsdk.operator.monitoring.micrometer.MicrometerMetrics.timeControllerExecution(MicrometerMetrics.java:161)
2025-01-29 01:00:42,474 INFO c.h.h.t.HelmChartContainer - [hivemq-test-hivemq-platform] [hivemq-platform-operator] [229b2f72] 	at io.javaoperatorsdk.operator.processing.Controller.reconcile(Controller.java:109)
2025-01-29 01:00:42,474 INFO c.h.h.t.HelmChartContainer - [hivemq-test-hivemq-platform] [hivemq-platform-operator] [229b2f72] 	at io.javaoperatorsdk.operator.processing.event.ReconciliationDispatcher.reconcileExecution(ReconciliationDispatcher.java:136)
2025-01-29 01:00:42,474 INFO c.h.h.t.HelmChartContainer - [hivemq-test-hivemq-platform] [hivemq-platform-operator] [229b2f72] 	at io.javaoperatorsdk.operator.processing.event.ReconciliationDispatcher.handleReconcile(ReconciliationDispatcher.java:117)
2025-01-29 01:00:42,474 INFO c.h.h.t.HelmChartContainer - [hivemq-test-hivemq-platform] [hivemq-platform-operator] [229b2f72] 	at io.javaoperatorsdk.operator.processing.event.ReconciliationDispatcher.handleDispatch(ReconciliationDispatcher.java:91)
2025-01-29 01:00:42,474 INFO c.h.h.t.HelmChartContainer - [hivemq-test-hivemq-platform] [hivemq-platform-operator] [229b2f72] 	at io.javaoperatorsdk.operator.processing.event.ReconciliationDispatcher.handleExecution(ReconciliationDispatcher.java:64)
2025-01-29 01:00:42,474 INFO c.h.h.t.HelmChartContainer - [hivemq-test-hivemq-platform] [hivemq-platform-operator] [229b2f72] 	at io.javaoperatorsdk.operator.processing.event.EventProcessor$ReconcilerExecutor.run(EventProcessor.java:452)
2025-01-29 01:00:42,474 INFO c.h.h.t.HelmChartContainer - [hivemq-test-hivemq-platform] [hivemq-platform-operator] [229b2f72] 	at java.base/java.util.concurrent.ThreadPoolExecutor.runWorker(Unknown Source)
2025-01-29 01:00:42,474 INFO c.h.h.t.HelmChartContainer - [hivemq-test-hivemq-platform] [hivemq-platform-operator] [229b2f72] 	at java.base/java.util.concurrent.ThreadPoolExecutor$Worker.run(Unknown Source)
2025-01-29 01:00:42,474 INFO c.h.h.t.HelmChartContainer - [hivemq-test-hivemq-platform] [hivemq-platform-operator] [229b2f72] 	at java.base/java.lang.Thread.run(Unknown Source)
2025-01-29 01:00:42,474 INFO c.h.h.t.HelmChartContainer - [hivemq-test-hivemq-platform] [hivemq-platform-operator] [229b2f72] Caused by: io.javaoperatorsdk.operator.AggregatedOperatorException: Exception(s) during workflow execution. Details:
2025-01-29 01:00:42,474 INFO c.h.h.t.HelmChartContainer - [hivemq-test-hivemq-platform] [hivemq-platform-operator] [229b2f72]  - com.hivemq.platform.operator.dependants.PodInfoConfigMap -> io.fabric8.kubernetes.client.KubernetesClientException: Failure executing: PUT at: https://10.43.0.1:443/api/v1/namespaces/customoperatorselectorsit/configmaps/hivemq-platform-test-hivemq-platform-alpha-tier3-dynamic-state. Message: Operation cannot be fulfilled on configmaps "hivemq-platform-test-hivemq-platform-alpha-tier3-dynamic-state": StorageError: invalid object, Code: 4, Key: /registry/configmaps/customoperatorselectorsit/hivemq-platform-test-hivemq-platform-alpha-tier3-dynamic-state, ResourceVersion: 0, AdditionalErrorMsg: Precondition failed: UID in precondition: 3740a6a9-9984-4cb0-95f8-59a0f14df129, UID in object meta: . Received status: Status(apiVersion=v1, code=409, details=StatusDetails(causes=[], group=null, kind=configmaps, name=hivemq-platform-test-hivemq-platform-alpha-tier3-dynamic-state, retryAfterSeconds=null, uid=null, additionalProperties={}), kind=Status, message=Operation cannot be fulfilled on configmaps "hivemq-platform-test-hivemq-platform-alpha-tier3-dynamic-state": StorageError: invalid object, Code: 4, Key: /registry/configmaps/customoperatorselectorsit/hivemq-platform-test-hivemq-platform-alpha-tier3-dynamic-state, ResourceVersion: 0, AdditionalErrorMsg: Precondition failed: UID in precondition: 3740a6a9-9984-4cb0-95f8-59a0f14df129, UID in object meta: , metadata=ListMeta(_continue=null, remainingItemCount=null, resourceVersion=null, selfLink=null, additionalProperties={}), reason=Conflict, status=Failure, additionalProperties={}).
2025-01-29 01:00:42,474 INFO c.h.h.t.HelmChartContainer - [hivemq-test-hivemq-platform] [hivemq-platform-operator] [229b2f72] 	at io.fabric8.kubernetes.client.KubernetesClientException.copyAsCause(KubernetesClientException.java:238)
2025-01-29 01:00:42,474 INFO c.h.h.t.HelmChartContainer - [hivemq-test-hivemq-platform] [hivemq-platform-operator] [229b2f72] 	at io.fabric8.kubernetes.client.dsl.internal.OperationSupport.waitForResult(OperationSupport.java:507)
2025-01-29 01:00:42,474 INFO c.h.h.t.HelmChartContainer - [hivemq-test-hivemq-platform] [hivemq-platform-operator] [229b2f72] 	at io.fabric8.kubernetes.client.dsl.internal.OperationSupport.handleResponse(OperationSupport.java:524)
2025-01-29 01:00:42,474 INFO c.h.h.t.HelmChartContainer - [hivemq-test-hivemq-platform] [hivemq-platform-operator] [229b2f72] 	at io.fabric8.kubernetes.client.dsl.internal.OperationSupport.handleUpdate(OperationSupport.java:358)
2025-01-29 01:00:42,474 INFO c.h.h.t.HelmChartContainer - [hivemq-test-hivemq-platform] [hivemq-platform-operator] [229b2f72] 	at io.fabric8.kubernetes.client.dsl.internal.BaseOperation.handleUpdate(BaseOperation.java:759)
2025-01-29 01:00:42,474 INFO c.h.h.t.HelmChartContainer - [hivemq-test-hivemq-platform] [hivemq-platform-operator] [229b2f72] 	at io.fabric8.kubernetes.client.dsl.internal.HasMetadataOperation.update(HasMetadataOperation.java:138)
2025-01-29 01:00:42,474 INFO c.h.h.t.HelmChartContainer - [hivemq-test-hivemq-platform] [hivemq-platform-operator] [229b2f72] 	at io.fabric8.kubernetes.client.dsl.internal.HasMetadataOperation.update(HasMetadataOperation.java:121)
2025-01-29 01:00:42,474 INFO c.h.h.t.HelmChartContainer - [hivemq-test-hivemq-platform] [hivemq-platform-operator] [229b2f72] 	at io.fabric8.kubernetes.client.dsl.internal.HasMetadataOperation.update(HasMetadataOperation.java:44)
2025-01-29 01:00:42,474 INFO c.h.h.t.HelmChartContainer - [hivemq-test-hivemq-platform] [hivemq-platform-operator] [229b2f72] 	at io.fabric8.kubernetes.client.extension.ResourceAdapter.update(ResourceAdapter.java:345)
2025-01-29 01:00:42,474 INFO c.h.h.t.HelmChartContainer - [hivemq-test-hivemq-platform] [hivemq-platform-operator] [229b2f72] 	at io.javaoperatorsdk.operator.processing.dependent.kubernetes.KubernetesDependentResource.update(KubernetesDependentResource.java:140)
2025-01-29 01:00:42,474 INFO c.h.h.t.HelmChartContainer - [hivemq-test-hivemq-platform] [hivemq-platform-operator] [229b2f72] 	at com.hivemq.platform.operator.dependants.PodInfoConfigMap.update(PodInfoConfigMap.java:167)
2025-01-29 01:00:42,474 INFO c.h.h.t.HelmChartContainer - [hivemq-test-hivemq-platform] [hivemq-platform-operator] [229b2f72] 	at com.hivemq.platform.operator.dependants.PodInfoConfigMap.update(PodInfoConfigMap.java:39)
2025-01-29 01:00:42,474 INFO c.h.h.t.HelmChartContainer - [hivemq-test-hivemq-platform] [hivemq-platform-operator] [229b2f72] 	at io.javaoperatorsdk.operator.processing.dependent.AbstractDependentResource.handleUpdate(AbstractDependentResource.java:148)
2025-01-29 01:00:42,474 INFO c.h.h.t.HelmChartContainer - [hivemq-test-hivemq-platform] [hivemq-platform-operator] [229b2f72] 	at io.javaoperatorsdk.operator.processing.dependent.AbstractDependentResource.reconcile(AbstractDependentResource.java:72)
2025-01-29 01:00:42,474 INFO c.h.h.t.HelmChartContainer - [hivemq-test-hivemq-platform] [hivemq-platform-operator] [229b2f72] 	at io.javaoperatorsdk.operator.processing.dependent.SingleDependentResourceReconciler.reconcile(SingleDependentResourceReconciler.java:19)
2025-01-29 01:00:42,474 INFO c.h.h.t.HelmChartContainer - [hivemq-test-hivemq-platform] [hivemq-platform-operator] [229b2f72] 	at io.javaoperatorsdk.operator.processing.dependent.AbstractDependentResource.reconcile(AbstractDependentResource.java:52)
2025-01-29 01:00:42,474 INFO c.h.h.t.HelmChartContainer - [hivemq-test-hivemq-platform] [hivemq-platform-operator] [229b2f72] 	at com.hivemq.platform.operator.dependants.PodInfoConfigMap.reconcile(PodInfoConfigMap.java:74)
2025-01-29 01:00:42,474 INFO c.h.h.t.HelmChartContainer - [hivemq-test-hivemq-platform] [hivemq-platform-operator] [229b2f72] 	at com.hivemq.platform.operator.dependants.PodInfoConfigMap.reconcile(PodInfoConfigMap.java:39)
2025-01-29 01:00:42,474 INFO c.h.h.t.HelmChartContainer - [hivemq-test-hivemq-platform] [hivemq-platform-operator] [229b2f72] 	at io.javaoperatorsdk.operator.processing.dependent.workflow.WorkflowReconcileExecutor$NodeReconcileExecutor.doRun(WorkflowReconcileExecutor.java:123)
2025-01-29 01:00:42,474 INFO c.h.h.t.HelmChartContainer - [hivemq-test-hivemq-platform] [hivemq-platform-operator] [229b2f72] 	at io.javaoperatorsdk.operator.processing.dependent.workflow.NodeExecutor.run(NodeExecutor.java:22)
2025-01-29 01:00:42,474 INFO c.h.h.t.HelmChartContainer - [hivemq-test-hivemq-platform] [hivemq-platform-operator] [229b2f72] 	at java.base/java.util.concurrent.Executors$RunnableAdapter.call(Unknown Source)
2025-01-29 01:00:42,474 INFO c.h.h.t.HelmChartContainer - [hivemq-test-hivemq-platform] [hivemq-platform-operator] [229b2f72] 	at java.base/java.util.concurrent.FutureTask.run(Unknown Source)
2025-01-29 01:00:42,474 INFO c.h.h.t.HelmChartContainer - [hivemq-test-hivemq-platform] [hivemq-platform-operator] [229b2f72] 	at java.base/java.util.concurrent.ThreadPoolExecutor.runWorker(Unknown Source)
2025-01-29 01:00:42,474 INFO c.h.h.t.HelmChartContainer - [hivemq-test-hivemq-platform] [hivemq-platform-operator] [229b2f72] 	at java.base/java.util.concurrent.ThreadPoolExecutor$Worker.run(Unknown Source)
2025-01-29 01:00:42,474 INFO c.h.h.t.HelmChartContainer - [hivemq-test-hivemq-platform] [hivemq-platform-operator] [229b2f72] 	at java.base/java.lang.Thread.run(Unknown Source)
2025-01-29 01:00:42,474 INFO c.h.h.t.HelmChartContainer - [hivemq-test-hivemq-platform] [hivemq-platform-operator] [229b2f72] Caused by: io.fabric8.kubernetes.client.KubernetesClientException: Failure executing: PUT at: https://10.43.0.1:443/api/v1/namespaces/customoperatorselectorsit/configmaps/hivemq-platform-test-hivemq-platform-alpha-tier3-dynamic-state. Message: Operation cannot be fulfilled on configmaps "hivemq-platform-test-hivemq-platform-alpha-tier3-dynamic-state": StorageError: invalid object, Code: 4, Key: /registry/configmaps/customoperatorselectorsit/hivemq-platform-test-hivemq-platform-alpha-tier3-dynamic-state, ResourceVersion: 0, AdditionalErrorMsg: Precondition failed: UID in precondition: 3740a6a9-9984-4cb0-95f8-59a0f14df129, UID in object meta: . Received status: Status(apiVersion=v1, code=409, details=StatusDetails(causes=[], group=null, kind=configmaps, name=hivemq-platform-test-hivemq-platform-alpha-tier3-dynamic-state, retryAfterSeconds=null, uid=null, additionalProperties={}), kind=Status, message=Operation cannot be fulfilled on configmaps "hivemq-platform-test-hivemq-platform-alpha-tier3-dynamic-state": StorageError: invalid object, Code: 4, Key: /registry/configmaps/customoperatorselectorsit/hivemq-platform-test-hivemq-platform-alpha-tier3-dynamic-state, ResourceVersion: 0, AdditionalErrorMsg: Precondition failed: UID in precondition: 3740a6a9-9984-4cb0-95f8-59a0f14df129, UID in object meta: , metadata=ListMeta(_continue=null, remainingItemCount=null, resourceVersion=null, selfLink=null, additionalProperties={}), reason=Conflict, status=Failure, additionalProperties={}).
2025-01-29 01:00:42,474 INFO c.h.h.t.HelmChartContainer - [hivemq-test-hivemq-platform] [hivemq-platform-operator] [229b2f72] 	at io.fabric8.kubernetes.client.dsl.internal.OperationSupport.requestFailure(OperationSupport.java:660)
2025-01-29 01:00:42,474 INFO c.h.h.t.HelmChartContainer - [hivemq-test-hivemq-platform] [hivemq-platform-operator] [229b2f72] 	at io.fabric8.kubernetes.client.dsl.internal.OperationSupport.requestFailure(OperationSupport.java:640)
2025-01-29 01:00:42,474 INFO c.h.h.t.HelmChartContainer - [hivemq-test-hivemq-platform] [hivemq-platform-operator] [229b2f72] 	at io.fabric8.kubernetes.client.dsl.internal.OperationSupport.assertResponseCode(OperationSupport.java:589)
2025-01-29 01:00:42,474 INFO c.h.h.t.HelmChartContainer - [hivemq-test-hivemq-platform] [hivemq-platform-operator] [229b2f72] 	at io.fabric8.kubernetes.client.dsl.internal.OperationSupport.lambda$handleResponse$0(OperationSupport.java:549)
2025-01-29 01:00:42,474 INFO c.h.h.t.HelmChartContainer - [hivemq-test-hivemq-platform] [hivemq-platform-operator] [229b2f72] 	at java.base/java.util.concurrent.CompletableFuture$UniApply.tryFire(Unknown Source)
2025-01-29 01:00:42,474 INFO c.h.h.t.HelmChartContainer - [hivemq-test-hivemq-platform] [hivemq-platform-operator] [229b2f72] 	at java.base/java.util.concurrent.CompletableFuture.postComplete(Unknown Source)
2025-01-29 01:00:42,474 INFO c.h.h.t.HelmChartContainer - [hivemq-test-hivemq-platform] [hivemq-platform-operator] [229b2f72] 	at java.base/java.util.concurrent.CompletableFuture.complete(Unknown Source)
2025-01-29 01:00:42,474 INFO c.h.h.t.HelmChartContainer - [hivemq-test-hivemq-platform] [hivemq-platform-operator] [229b2f72] 	at io.fabric8.kubernetes.client.http.StandardHttpClient.lambda$completeOrCancel$10(StandardHttpClient.java:141)
2025-01-29 01:00:42,474 INFO c.h.h.t.HelmChartContainer - [hivemq-test-hivemq-platform] [hivemq-platform-operator] [229b2f72] 	at java.base/java.util.concurrent.CompletableFuture.uniWhenComplete(Unknown Source)
2025-01-29 01:00:42,474 INFO c.h.h.t.HelmChartContainer - [hivemq-test-hivemq-platform] [hivemq-platform-operator] [229b2f72] 	at java.base/java.util.concurrent.CompletableFuture$UniWhenComplete.tryFire(Unknown Source)
2025-01-29 01:00:42,474 INFO c.h.h.t.HelmChartContainer - [hivemq-test-hivemq-platform] [hivemq-platform-operator] [229b2f72] 	at java.base/java.util.concurrent.CompletableFuture.postComplete(Unknown Source)
2025-01-29 01:00:42,474 INFO c.h.h.t.HelmChartContainer - [hivemq-test-hivemq-platform] [hivemq-platform-operator] [229b2f72] 	at java.base/java.util.concurrent.CompletableFuture.complete(Unknown Source)
2025-01-29 01:00:42,474 INFO c.h.h.t.HelmChartContainer - [hivemq-test-hivemq-platform] [hivemq-platform-operator] [229b2f72] 	at io.fabric8.kubernetes.client.http.ByteArrayBodyHandler.onBodyDone(ByteArrayBodyHandler.java:51)
2025-01-29 01:00:42,474 INFO c.h.h.t.HelmChartContainer - [hivemq-test-hivemq-platform] [hivemq-platform-operator] [229b2f72] 	at java.base/java.util.concurrent.CompletableFuture.uniWhenComplete(Unknown Source)
2025-01-29 01:00:42,474 INFO c.h.h.t.HelmChartContainer - [hivemq-test-hivemq-platform] [hivemq-platform-operator] [229b2f72] 	at java.base/java.util.concurrent.CompletableFuture$UniWhenComplete.tryFire(Unknown Source)
2025-01-29 01:00:42,474 INFO c.h.h.t.HelmChartContainer - [hivemq-test-hivemq-platform] [hivemq-platform-operator] [229b2f72] 	at java.base/java.util.concurrent.CompletableFuture.postComplete(Unknown Source)
2025-01-29 01:00:42,474 INFO c.h.h.t.HelmChartContainer - [hivemq-test-hivemq-platform] [hivemq-platform-operator] [229b2f72] 	at java.base/java.util.concurrent.CompletableFuture.complete(Unknown Source)
2025-01-29 01:00:42,474 INFO c.h.h.t.HelmChartContainer - [hivemq-test-hivemq-platform] [hivemq-platform-operator] [229b2f72] 	at io.fabric8.kubernetes.client.vertx.VertxHttpRequest.lambda$null$1(VertxHttpRequest.java:121)
2025-01-29 01:00:42,474 INFO c.h.h.t.HelmChartContainer - [hivemq-test-hivemq-platform] [hivemq-platform-operator] [229b2f72] 	at io.vertx.core.impl.ContextInternal.dispatch(ContextInternal.java:279)
2025-01-29 01:00:42,474 INFO c.h.h.t.HelmChartContainer - [hivemq-test-hivemq-platform] [hivemq-platform-operator] [229b2f72] 	at io.vertx.core.impl.ContextInternal.dispatch(ContextInternal.java:261)
2025-01-29 01:00:42,474 INFO c.h.h.t.HelmChartContainer - [hivemq-test-hivemq-platform] [hivemq-platform-operator] [229b2f72] 	at io.vertx.core.http.impl.HttpEventHandler.handleEnd(HttpEventHandler.java:76)
2025-01-29 01:00:42,474 INFO c.h.h.t.HelmChartContainer - [hivemq-test-hivemq-platform] [hivemq-platform-operator] [229b2f72] 	at io.vertx.core.http.impl.HttpClientResponseImpl.handleEnd(HttpClientResponseImpl.java:250)
2025-01-29 01:00:42,474 INFO c.h.h.t.HelmChartContainer - [hivemq-test-hivemq-platform] [hivemq-platform-operator] [229b2f72] 	at io.vertx.core.http.impl.Http1xClientConnection$StreamImpl.lambda$new$0(Http1xClientConnection.java:421)
2025-01-29 01:00:42,474 INFO c.h.h.t.HelmChartContainer - [hivemq-test-hivemq-platform] [hivemq-platform-operator] [229b2f72] 	at io.vertx.core.streams.impl.InboundBuffer.handleEvent(InboundBuffer.java:279)
2025-01-29 01:00:42,474 INFO c.h.h.t.HelmChartContainer - [hivemq-test-hivemq-platform] [hivemq-platform-operator] [229b2f72] 	at io.vertx.core.streams.impl.InboundBuffer.write(InboundBuffer.java:157)
2025-01-29 01:00:42,474 INFO c.h.h.t.HelmChartContainer - [hivemq-test-hivemq-platform] [hivemq-platform-operator] [229b2f72] 	at io.vertx.core.http.impl.Http1xClientConnection$StreamImpl.handleEnd(Http1xClientConnection.java:709)
2025-01-29 01:00:42,474 INFO c.h.h.t.HelmChartContainer - [hivemq-test-hivemq-platform] [hivemq-platform-operator] [229b2f72] 	at io.vertx.core.impl.ContextImpl.execute(ContextImpl.java:313)
2025-01-29 01:00:42,475 INFO c.h.h.t.HelmChartContainer - [hivemq-test-hivemq-platform] [hivemq-platform-operator] [229b2f72] 	at io.vertx.core.impl.ContextImpl.execute(ContextImpl.java:293)
2025-01-29 01:00:42,475 INFO c.h.h.t.HelmChartContainer - [hivemq-test-hivemq-platform] [hivemq-platform-operator] [229b2f72] 	at io.vertx.core.http.impl.Http1xClientConnection.handleResponseEnd(Http1xClientConnection.java:940)
2025-01-29 01:00:42,475 INFO c.h.h.t.HelmChartContainer - [hivemq-test-hivemq-platform] [hivemq-platform-operator] [229b2f72] 	at io.vertx.core.http.impl.Http1xClientConnection.handleHttpMessage(Http1xClientConnection.java:810)
2025-01-29 01:00:42,475 INFO c.h.h.t.HelmChartContainer - [hivemq-test-hivemq-platform] [hivemq-platform-operator] [229b2f72] 	at io.vertx.core.http.impl.Http1xClientConnection.handleMessage(Http1xClientConnection.java:774)
2025-01-29 01:00:42,475 INFO c.h.h.t.HelmChartContainer - [hivemq-test-hivemq-platform] [hivemq-platform-operator] [229b2f72] 	at io.vertx.core.net.impl.ConnectionBase.read(ConnectionBase.java:159)
2025-01-29 01:00:42,475 INFO c.h.h.t.HelmChartContainer - [hivemq-test-hivemq-platform] [hivemq-platform-operator] [229b2f72] 	at io.vertx.core.net.impl.VertxHandler.channelRead(VertxHandler.java:153)
2025-01-29 01:00:42,475 INFO c.h.h.t.HelmChartContainer - [hivemq-test-hivemq-platform] [hivemq-platform-operator] [229b2f72] 	at io.netty.channel.AbstractChannelHandlerContext.invokeChannelRead(AbstractChannelHandlerContext.java:442)
2025-01-29 01:00:42,475 INFO c.h.h.t.HelmChartContainer - [hivemq-test-hivemq-platform] [hivemq-platform-operator] [229b2f72] 	at io.netty.channel.AbstractChannelHandlerContext.invokeChannelRead(AbstractChannelHandlerContext.java:420)
2025-01-29 01:00:42,475 INFO c.h.h.t.HelmChartContainer - [hivemq-test-hivemq-platform] [hivemq-platform-operator] [229b2f72] 	at io.netty.channel.AbstractChannelHandlerContext.fireChannelRead(AbstractChannelHandlerContext.java:412)
2025-01-29 01:00:42,475 INFO c.h.h.t.HelmChartContainer - [hivemq-test-hivemq-platform] [hivemq-platform-operator] [229b2f72] 	at io.netty.channel.CombinedChannelDuplexHandler$DelegatingChannelHandlerContext.fireChannelRead(CombinedChannelDuplexHandler.java:436)
2025-01-29 01:00:42,475 INFO c.h.h.t.HelmChartContainer - [hivemq-test-hivemq-platform] [hivemq-platform-operator] [229b2f72] 	at io.netty.handler.codec.ByteToMessageDecoder.fireChannelRead(ByteToMessageDecoder.java:346)
2025-01-29 01:00:42,475 INFO c.h.h.t.HelmChartContainer - [hivemq-test-hivemq-platform] [hivemq-platform-operator] [229b2f72] 	at io.netty.handler.codec.ByteToMessageDecoder.channelRead(ByteToMessageDecoder.java:318)
2025-01-29 01:00:42,475 INFO c.h.h.t.HelmChartContainer - [hivemq-test-hivemq-platform] [hivemq-platform-operator] [229b2f72] 	at io.netty.channel.CombinedChannelDuplexHandler.channelRead(CombinedChannelDuplexHandler.java:251)
2025-01-29 01:00:42,475 INFO c.h.h.t.HelmChartContainer - [hivemq-test-hivemq-platform] [hivemq-platform-operator] [229b2f72] 	at io.netty.channel.AbstractChannelHandlerContext.invokeChannelRead(AbstractChannelHandlerContext.java:442)
2025-01-29 01:00:42,475 INFO c.h.h.t.HelmChartContainer - [hivemq-test-hivemq-platform] [hivemq-platform-operator] [229b2f72] 	at io.netty.channel.AbstractChannelHandlerContext.invokeChannelRead(AbstractChannelHandlerContext.java:420)
2025-01-29 01:00:42,475 INFO c.h.h.t.HelmChartContainer - [hivemq-test-hivemq-platform] [hivemq-platform-operator] [229b2f72] 	at io.netty.channel.AbstractChannelHandlerContext.fireChannelRead(AbstractChannelHandlerContext.java:412)
2025-01-29 01:00:42,475 INFO c.h.h.t.HelmChartContainer - [hivemq-test-hivemq-platform] [hivemq-platform-operator] [229b2f72] 	at io.netty.handler.ssl.SslHandler.unwrap(SslHandler.java:1475)
2025-01-29 01:00:42,475 INFO c.h.h.t.HelmChartContainer - [hivemq-test-hivemq-platform] [hivemq-platform-operator] [229b2f72] 	at io.netty.handler.ssl.SslHandler.decodeJdkCompatible(SslHandler.java:1338)
2025-01-29 01:00:42,475 INFO c.h.h.t.HelmChartContainer - [hivemq-test-hivemq-platform] [hivemq-platform-operator] [229b2f72] 	at io.netty.handler.ssl.SslHandler.decode(SslHandler.java:1387)
2025-01-29 01:00:42,475 INFO c.h.h.t.HelmChartContainer - [hivemq-test-hivemq-platform] [hivemq-platform-operator] [229b2f72] 	at io.netty.handler.codec.ByteToMessageDecoder.decodeRemovalReentryProtection(ByteToMessageDecoder.java:530)
2025-01-29 01:00:42,475 INFO c.h.h.t.HelmChartContainer - [hivemq-test-hivemq-platform] [hivemq-platform-operator] [229b2f72] 	at io.netty.handler.codec.ByteToMessageDecoder.callDecode(ByteToMessageDecoder.java:469)
2025-01-29 01:00:42,475 INFO c.h.h.t.HelmChartContainer - [hivemq-test-hivemq-platform] [hivemq-platform-operator] [229b2f72] 	at io.netty.handler.codec.ByteToMessageDecoder.channelRead(ByteToMessageDecoder.java:290)
2025-01-29 01:00:42,475 INFO c.h.h.t.HelmChartContainer - [hivemq-test-hivemq-platform] [hivemq-platform-operator] [229b2f72] 	at io.netty.channel.AbstractChannelHandlerContext.invokeChannelRead(AbstractChannelHandlerContext.java:444)
2025-01-29 01:00:42,475 INFO c.h.h.t.HelmChartContainer - [hivemq-test-hivemq-platform] [hivemq-platform-operator] [229b2f72] 	at io.netty.channel.AbstractChannelHandlerContext.invokeChannelRead(AbstractChannelHandlerContext.java:420)
2025-01-29 01:00:42,475 INFO c.h.h.t.HelmChartContainer - [hivemq-test-hivemq-platform] [hivemq-platform-operator] [229b2f72] 	at io.netty.channel.AbstractChannelHandlerContext.fireChannelRead(AbstractChannelHandlerContext.java:412)
2025-01-29 01:00:42,476 INFO c.h.h.t.HelmChartContainer - [hivemq-test-hivemq-platform] [hivemq-platform-operator] [229b2f72] 	at io.netty.channel.DefaultChannelPipeline$HeadContext.channelRead(DefaultChannelPipeline.java:1407)
2025-01-29 01:00:42,476 INFO c.h.h.t.HelmChartContainer - [hivemq-test-hivemq-platform] [hivemq-platform-operator] [229b2f72] 	at io.netty.channel.AbstractChannelHandlerContext.invokeChannelRead(AbstractChannelHandlerContext.java:440)
2025-01-29 01:00:42,476 INFO c.h.h.t.HelmChartContainer - [hivemq-test-hivemq-platform] [hivemq-platform-operator] [229b2f72] 	at io.netty.channel.AbstractChannelHandlerContext.invokeChannelRead(AbstractChannelHandlerContext.java:420)
2025-01-29 01:00:42,476 INFO c.h.h.t.HelmChartContainer - [hivemq-test-hivemq-platform] [hivemq-platform-operator] [229b2f72] 	at io.netty.channel.DefaultChannelPipeline.fireChannelRead(DefaultChannelPipeline.java:918)
2025-01-29 01:00:42,476 INFO c.h.h.t.HelmChartContainer - [hivemq-test-hivemq-platform] [hivemq-platform-operator] [229b2f72] 	at io.netty.channel.nio.AbstractNioByteChannel$NioByteUnsafe.read(AbstractNioByteChannel.java:166)
2025-01-29 01:00:42,476 INFO c.h.h.t.HelmChartContainer - [hivemq-test-hivemq-platform] [hivemq-platform-operator] [229b2f72] 	at io.netty.channel.nio.NioEventLoop.processSelectedKey(NioEventLoop.java:788)
2025-01-29 01:00:42,476 INFO c.h.h.t.HelmChartContainer - [hivemq-test-hivemq-platform] [hivemq-platform-operator] [229b2f72] 	at io.netty.channel.nio.NioEventLoop.processSelectedKeysOptimized(NioEventLoop.java:724)
2025-01-29 01:00:42,476 INFO c.h.h.t.HelmChartContainer - [hivemq-test-hivemq-platform] [hivemq-platform-operator] [229b2f72] 	at io.netty.channel.nio.NioEventLoop.processSelectedKeys(NioEventLoop.java:650)
2025-01-29 01:00:42,476 INFO c.h.h.t.HelmChartContainer - [hivemq-test-hivemq-platform] [hivemq-platform-operator] [229b2f72] 	at io.netty.channel.nio.NioEventLoop.run(NioEventLoop.java:562)
2025-01-29 01:00:42,476 INFO c.h.h.t.HelmChartContainer - [hivemq-test-hivemq-platform] [hivemq-platform-operator] [229b2f72] 	at io.netty.util.concurrent.SingleThreadEventExecutor$4.run(SingleThreadEventExecutor.java:997)
2025-01-29 01:00:42,476 INFO c.h.h.t.HelmChartContainer - [hivemq-test-hivemq-platform] [hivemq-platform-operator] [229b2f72] 	at io.netty.util.internal.ThreadExecutorMap$2.run(ThreadExecutorMap.java:74)
2025-01-29 01:00:42,476 INFO c.h.h.t.HelmChartContainer - [hivemq-test-hivemq-platform] [hivemq-platform-operator] [229b2f72] 	at io.netty.util.concurrent.FastThreadLocalRunnable.run(FastThreadLocalRunnable.java:30)
2025-01-29 01:00:42,476 INFO c.h.h.t.HelmChartContainer - [hivemq-test-hivemq-platform] [hivemq-platform-operator] [229b2f72] 	... 1 more
2025-01-29 01:00:42,476 INFO c.h.h.t.HelmChartContainer - [hivemq-test-hivemq-platform] [hivemq-platform-operator] [229b2f72] 
2025-01-29 01:00:42,476 INFO c.h.h.t.HelmChartContainer - [hivemq-test-hivemq-platform] [hivemq-platform-operator] [229b2f72] 	at io.javaoperatorsdk.operator.processing.dependent.workflow.WorkflowResult.throwAggregateExceptionIfErrorsPresent(WorkflowResult.java:54)
2025-01-29 01:00:42,476 INFO c.h.h.t.HelmChartContainer - [hivemq-test-hivemq-platform] [hivemq-platform-operator] [229b2f72] 	at io.javaoperatorsdk.operator.processing.dependent.workflow.WorkflowReconcileResult.throwAggregateExceptionIfErrorsPresent(WorkflowReconcileResult.java:9)
2025-01-29 01:00:42,476 INFO c.h.h.t.HelmChartContainer - [hivemq-test-hivemq-platform] [hivemq-platform-operator] [229b2f72] 	at io.javaoperatorsdk.operator.processing.dependent.workflow.DefaultWorkflow.reconcile(DefaultWorkflow.java:98)
2025-01-29 01:00:42,476 INFO c.h.h.t.HelmChartContainer - [hivemq-test-hivemq-platform] [hivemq-platform-operator] [229b2f72] 	at io.javaoperatorsdk.operator.processing.Controller$1.execute(Controller.java:147)
2025-01-29 01:00:42,476 INFO c.h.h.t.HelmChartContainer - [hivemq-test-hivemq-platform] [hivemq-platform-operator] [229b2f72] 	at io.javaoperatorsdk.operator.processing.Controller$1.execute(Controller.java:110)
2025-01-29 01:00:42,476 INFO c.h.h.t.HelmChartContainer - [hivemq-test-hivemq-platform] [hivemq-platform-operator] [229b2f72] 	at io.javaoperatorsdk.operator.monitoring.micrometer.MicrometerMetrics.lambda$timeControllerExecution$0(MicrometerMetrics.java:163)
2025-01-29 01:00:42,476 INFO c.h.h.t.HelmChartContainer - [hivemq-test-hivemq-platform] [hivemq-platform-operator] [229b2f72] 	... 11 common frames omitted
2025-01-29 01:00:42,497 INFO c.h.h.t.HelmChartContainer - [test-hivemq-platform] [hivemq] [695178c9] INFO  - [HiveMQ Platform Operator Init App 1.7.0-SNAPSHOT] Returning shutdown Health API response 503 for readiness
2025-01-29 01:00:42,501 INFO c.h.h.t.HelmChartContainer - [EVENT] Warning [Unhealthy] Readiness probe failed: HTTP probe failed with statuscode: 503 [customoperatorselectorsit:test-hivemq-platform-alpha-tier2-0]
2025-01-29 01:00:42,501 INFO c.h.h.t.HelmChartContainer - Received Unhealthy event for container hivemq in pod test-hivemq-platform-alpha-tier2-0 [695178c9-52ef-441e-baca-52bcd8980796]
2025-01-29 01:00:42,506 INFO c.h.h.t.HelmChartContainer - [hivemq-test-hivemq-platform] [hivemq-platform-operator] [229b2f72] 01:00:42.469 [ReconcilerExecutor-hivemq-controller-140] INFO  c.h.p.o.HiveMQPlatformReconciler - [customop] Cleanup test-hivemq-platform-alpha-tier3 - customoperatorselectorsit HiveMQ Platform is shut down
2025-01-29 01:00:43,085 INFO c.h.h.t.HelmChartContainer - [K3S] [authentication.go:74] "Unable to authenticate the request" err="[invalid bearer token, serviceaccounts \"hivemq-platform-pod-test-hivemq-platform-alpha-tier2\" not found]"
2025-01-29 01:00:43,093 INFO c.h.h.t.HelmChartContainer - [POD] test-hivemq-platform-alpha-tier3-0 [2a11d244-a6f4-4e30-b706-752b461ccf01] in customoperatorselectorsit was MODIFIED
2025-01-29 01:00:43,116 INFO c.h.h.t.HelmChartContainer - [EVENT] Normal [Killing] Stopping container hivemq [customoperatorselectorsit:test-hivemq-platform-alpha-tier3-0]
2025-01-29 01:00:43,116 INFO c.h.h.t.HelmChartContainer - Received Killing event for container hivemq in pod test-hivemq-platform-alpha-tier3-0 [2a11d244-a6f4-4e30-b706-752b461ccf01]
2025-01-29 01:00:43,116 INFO c.h.h.t.HelmChartContainer - Container [test-hivemq-platform-alpha-tier3-0] [hivemq] [2a11d244-a6f4-4e30-b706-752b461ccf01] was terminated
2025-01-29 01:00:43,116 INFO c.h.h.t.HelmChartContainer - Stopped log watcher for hivemq in pod test-hivemq-platform-alpha-tier3-0 [2a11d244-a6f4-4e30-b706-752b461ccf01]
2025-01-29 01:00:43,117 INFO c.h.h.t.HelmChartContainer - [test-hivemq-platform] [hivemq] [2a11d244] INFO  - [HiveMQ Platform Operator Init App 1.7.0-SNAPSHOT] Shutting down
2025-01-29 01:00:43,119 INFO c.h.h.t.HelmChartContainer - [test-hivemq-platform] [hivemq] [2a11d244] INFO  - [HiveMQ Platform Operator Init App 1.7.0-SNAPSHOT] Stopping the HiveMQ Platform
2025-01-29 01:00:43,174 INFO c.h.h.t.HelmChartContainer - [K3S] [authentication.go:74] "Unable to authenticate the request" err="[invalid bearer token, serviceaccounts \"hivemq-platform-pod-test-hivemq-platform-alpha-tier2\" not found]"
2025-01-29 01:00:43,184 INFO c.h.h.t.HelmChartContainer - [test-hivemq-platform] [hivemq] [695178c9] WARN  - [HiveMQ Platform Operator Init App 1.7.0-SNAPSHOT] Could not update Pod annotations: Failure executing: GET at: https://10.43.0.1:443/api/v1/namespaces/customoperatorselectorsit/pods/test-hivemq-platform-alpha-tier2-0. Message: Unauthorized. Received status: Status(apiVersion=v1, code=401, details=null, kind=Status, message=Unauthorized, metadata=ListMeta(_continue=null, remainingItemCount=null, resourceVersion=null, selfLink=null, additionalProperties={}), reason=Unauthorized, status=Failure, additionalProperties={}).
2025-01-29 01:00:43,229 INFO c.h.h.t.HelmChartContainer - [test-hivemq-platform] [hivemq] [2a11d244] INFO  - Shutting down HiveMQ. Please wait, this could take a while...
2025-01-29 01:00:43,311 INFO c.h.h.t.HelmChartContainer - [test-hivemq-platform] [hivemq] [2a11d244] INFO  - Shutting down listeners and clients
2025-01-29 01:00:43,312 INFO c.h.h.t.HelmChartContainer - [test-hivemq-platform] [hivemq] [2a11d244] INFO  - Shutdown of listeners is done
2025-01-29 01:00:43,313 INFO c.h.h.t.HelmChartContainer - [test-hivemq-platform] [hivemq] [2a11d244] INFO  - No clients are connected, proceeding with shutdown
2025-01-29 01:00:44,419 INFO c.h.h.t.HelmChartContainer - Deleting namespace 'customoperatorselectorsit'...
2025-01-29 01:00:44,584 INFO c.h.h.t.HelmChartContainer - [test-hivemq-platform] [hivemq] [2a11d244] INFO  - [HiveMQ Platform Operator Init App 1.7.0-SNAPSHOT] Returning shutdown Health API response 503 for readiness
2025-01-29 01:00:44,589 INFO c.h.h.t.HelmChartContainer - [EVENT] Warning [Unhealthy] Readiness probe failed: HTTP probe failed with statuscode: 503 [customoperatorselectorsit:test-hivemq-platform-alpha-tier3-0]
2025-01-29 01:00:44,589 INFO c.h.h.t.HelmChartContainer - Received Unhealthy event for container hivemq in pod test-hivemq-platform-alpha-tier3-0 [2a11d244-a6f4-4e30-b706-752b461ccf01]
2025-01-29 01:00:44,675 INFO c.h.h.t.HelmChartContainer - [test-hivemq-platform] [hivemq] [695178c9] INFO  - Shutting down extension system
2025-01-29 01:00:44,679 INFO c.h.h.t.HelmChartContainer - [test-hivemq-platform] [hivemq] [695178c9] INFO  - Stopping extension with id hivemq-dns-cluster-discovery
2025-01-29 01:00:44,679 INFO c.h.h.t.HelmChartContainer - [test-hivemq-platform] [hivemq] [695178c9] INFO  - Extension "DNS Cluster Discovery Extension" version 4.3.2 stopped successfully.
2025-01-29 01:00:44,679 INFO c.h.h.t.HelmChartContainer - [test-hivemq-platform] [hivemq] [695178c9] INFO  - Stopping extension with id hivemq-prometheus-extension
2025-01-29 01:00:44,683 INFO c.h.h.t.HelmChartContainer - [test-hivemq-platform] [hivemq] [695178c9] INFO  - Extension "Prometheus Monitoring Extension" version 4.0.12 stopped successfully.
2025-01-29 01:00:44,684 INFO c.h.h.t.HelmChartContainer - [test-hivemq-platform] [hivemq] [695178c9] INFO  - Stopping extension with id hivemq-allow-all-extension
2025-01-29 01:00:44,684 INFO c.h.h.t.HelmChartContainer - [test-hivemq-platform] [hivemq] [695178c9] INFO  - Extension "Allow All Extension" version 1.1.1 stopped successfully.
2025-01-29 01:00:45,089 INFO c.h.h.t.HelmChartContainer - [K3S] [authentication.go:74] "Unable to authenticate the request" err="[invalid bearer token, serviceaccounts \"hivemq-platform-pod-test-hivemq-platform-alpha-tier3\" not found]"
2025-01-29 01:00:45,109 INFO c.h.h.t.HelmChartContainer - [K3S] [authentication.go:74] "Unable to authenticate the request" err="[invalid bearer token, serviceaccounts \"hivemq-platform-pod-test-hivemq-platform-alpha-tier3\" not found]"
2025-01-29 01:00:45,171 INFO c.h.h.t.HelmChartContainer - [test-hivemq-platform] [hivemq] [2a11d244] WARN  - [HiveMQ Platform Operator Init App 1.7.0-SNAPSHOT] Could not update Pod annotations: Failure executing: GET at: https://10.43.0.1:443/api/v1/namespaces/customoperatorselectorsit/pods/test-hivemq-platform-alpha-tier3-0. Message: Unauthorized. Received status: Status(apiVersion=v1, code=401, details=null, kind=Status, message=Unauthorized, metadata=ListMeta(_continue=null, remainingItemCount=null, resourceVersion=null, selfLink=null, additionalProperties={}), reason=Unauthorized, status=Failure, additionalProperties={}).
2025-01-29 01:00:45,785 INFO c.h.h.t.HelmChartContainer - [test-hivemq-platform] [hivemq] [2a11d244] INFO  - Shutting down extension system
2025-01-29 01:00:45,787 INFO c.h.h.t.HelmChartContainer - [test-hivemq-platform] [hivemq] [2a11d244] INFO  - Stopping extension with id hivemq-dns-cluster-discovery
2025-01-29 01:00:45,788 INFO c.h.h.t.HelmChartContainer - [test-hivemq-platform] [hivemq] [2a11d244] INFO  - Extension "DNS Cluster Discovery Extension" version 4.3.2 stopped successfully.
2025-01-29 01:00:45,788 INFO c.h.h.t.HelmChartContainer - [test-hivemq-platform] [hivemq] [2a11d244] INFO  - Stopping extension with id hivemq-prometheus-extension
2025-01-29 01:00:45,791 INFO c.h.h.t.HelmChartContainer - [test-hivemq-platform] [hivemq] [2a11d244] INFO  - Extension "Prometheus Monitoring Extension" version 4.0.12 stopped successfully.
2025-01-29 01:00:45,792 INFO c.h.h.t.HelmChartContainer - [test-hivemq-platform] [hivemq] [2a11d244] INFO  - Stopping extension with id hivemq-allow-all-extension
2025-01-29 01:00:45,792 INFO c.h.h.t.HelmChartContainer - [test-hivemq-platform] [hivemq] [2a11d244] INFO  - Extension "Allow All Extension" version 1.1.1 stopped successfully.
2025-01-29 01:00:46,982 INFO c.h.h.t.HelmChartContainer - [test-hivemq-platform] [hivemq] [695178c9] INFO  - Shutdown completed.
2025-01-29 01:00:47,332 INFO c.h.h.t.HelmChartContainer - [test-hivemq-platform] [hivemq] [695178c9] INFO  - [HiveMQ Platform Operator Init App 1.7.0-SNAPSHOT] The HiveMQ Platform exited with code 143
2025-01-29 01:00:47,332 INFO c.h.h.t.HelmChartContainer - [test-hivemq-platform] [hivemq] [695178c9] INFO  - [HiveMQ Platform Operator Init App 1.7.0-SNAPSHOT] Stopping the REST API
2025-01-29 01:00:47,337 INFO c.h.h.t.HelmChartContainer - [test-hivemq-platform] [hivemq] [695178c9] INFO  - [HiveMQ Platform Operator Init App 1.7.0-SNAPSHOT] Shutdown complete
2025-01-29 01:00:47,807 INFO c.h.h.t.HelmChartContainer - [POD] test-hivemq-platform-alpha-tier2-0 [695178c9-52ef-441e-baca-52bcd8980796] in customoperatorselectorsit was MODIFIED
2025-01-29 01:00:47,808 INFO c.h.h.t.HelmChartContainer - [K3S] [stateful_set.go:438] "Unhandled Error" err="error syncing StatefulSet customoperatorselectorsit/test-hivemq-platform-alpha-tier2, requeuing: controllerrevisions.apps \"test-hivemq-platform-alpha-tier2-5888b5495b\" is forbidden: unable to create new content in namespace customoperatorselectorsit because it is being terminated"
2025-01-29 01:00:47,815 INFO c.h.h.t.HelmChartContainer - [K3S] [stateful_set.go:438] "Unhandled Error" err="error syncing StatefulSet customoperatorselectorsit/test-hivemq-platform-alpha-tier2, requeuing: controllerrevisions.apps \"test-hivemq-platform-alpha-tier2-5888b5495b\" is forbidden: unable to create new content in namespace customoperatorselectorsit because it is being terminated"
2025-01-29 01:00:47,828 INFO c.h.h.t.HelmChartContainer - [K3S] [stateful_set.go:438] "Unhandled Error" err="error syncing StatefulSet customoperatorselectorsit/test-hivemq-platform-alpha-tier2, requeuing: controllerrevisions.apps \"test-hivemq-platform-alpha-tier2-5888b5495b\" is forbidden: unable to create new content in namespace customoperatorselectorsit because it is being terminated"
2025-01-29 01:00:47,852 INFO c.h.h.t.HelmChartContainer - [K3S] [stateful_set.go:438] "Unhandled Error" err="error syncing StatefulSet customoperatorselectorsit/test-hivemq-platform-alpha-tier2, requeuing: controllerrevisions.apps \"test-hivemq-platform-alpha-tier2-5888b5495b\" is forbidden: unable to create new content in namespace customoperatorselectorsit because it is being terminated"
2025-01-29 01:00:47,877 INFO c.h.h.t.HelmChartContainer - [K3S] [reconciler_common.go:162] "operationExecutor.UnmountVolume started for volume \"operator-init\" (UniqueName: \"kubernetes.io/empty-dir/695178c9-52ef-441e-baca-52bcd8980796-operator-init\") pod \"695178c9-52ef-441e-baca-52bcd8980796\" (UID: \"695178c9-52ef-441e-baca-52bcd8980796\") "
2025-01-29 01:00:47,877 INFO c.h.h.t.HelmChartContainer - [K3S] [reconciler_common.go:162] "operationExecutor.UnmountVolume started for volume \"kube-api-access-wx6zj\" (UniqueName: \"kubernetes.io/projected/695178c9-52ef-441e-baca-52bcd8980796-kube-api-access-wx6zj\") pod \"695178c9-52ef-441e-baca-52bcd8980796\" (UID: \"695178c9-52ef-441e-baca-52bcd8980796\") "
2025-01-29 01:00:47,877 INFO c.h.h.t.HelmChartContainer - [K3S] [reconciler_common.go:162] "operationExecutor.UnmountVolume started for volume \"broker-configuration\" (UniqueName: \"kubernetes.io/configmap/695178c9-52ef-441e-baca-52bcd8980796-broker-configuration\") pod \"695178c9-52ef-441e-baca-52bcd8980796\" (UID: \"695178c9-52ef-441e-baca-52bcd8980796\") "
2025-01-29 01:00:47,877 INFO c.h.h.t.HelmChartContainer - [K3S] [reconciler_common.go:162] "operationExecutor.UnmountVolume started for volume \"pod-info\" (UniqueName: \"kubernetes.io/configmap/695178c9-52ef-441e-baca-52bcd8980796-pod-info\") pod \"695178c9-52ef-441e-baca-52bcd8980796\" (UID: \"695178c9-52ef-441e-baca-52bcd8980796\") "
2025-01-29 01:00:47,896 INFO c.h.h.t.HelmChartContainer - [K3S] [stateful_set.go:438] "Unhandled Error" err="error syncing StatefulSet customoperatorselectorsit/test-hivemq-platform-alpha-tier2, requeuing: controllerrevisions.apps \"test-hivemq-platform-alpha-tier2-5888b5495b\" is forbidden: unable to create new content in namespace customoperatorselectorsit because it is being terminated"
2025-01-29 01:00:47,977 INFO c.h.h.t.HelmChartContainer - [K3S] [reconciler_common.go:299] "Volume detached for volume \"broker-configuration\" (UniqueName: \"kubernetes.io/configmap/695178c9-52ef-441e-baca-52bcd8980796-broker-configuration\") on node \"84044ab653e1\" DevicePath \"\""
2025-01-29 01:00:47,977 INFO c.h.h.t.HelmChartContainer - [K3S] [reconciler_common.go:299] "Volume detached for volume \"pod-info\" (UniqueName: \"kubernetes.io/configmap/695178c9-52ef-441e-baca-52bcd8980796-pod-info\") on node \"84044ab653e1\" DevicePath \"\""
2025-01-29 01:00:47,977 INFO c.h.h.t.HelmChartContainer - [K3S] [reconciler_common.go:299] "Volume detached for volume \"kube-api-access-wx6zj\" (UniqueName: \"kubernetes.io/projected/695178c9-52ef-441e-baca-52bcd8980796-kube-api-access-wx6zj\") on node \"84044ab653e1\" DevicePath \"\""
2025-01-29 01:00:47,977 INFO c.h.h.t.HelmChartContainer - [K3S] [reconciler_common.go:299] "Volume detached for volume \"operator-init\" (UniqueName: \"kubernetes.io/empty-dir/695178c9-52ef-441e-baca-52bcd8980796-operator-init\") on node \"84044ab653e1\" DevicePath \"\""
2025-01-29 01:00:47,979 INFO c.h.h.t.HelmChartContainer - [K3S] [stateful_set.go:438] "Unhandled Error" err="error syncing StatefulSet customoperatorselectorsit/test-hivemq-platform-alpha-tier2, requeuing: controllerrevisions.apps \"test-hivemq-platform-alpha-tier2-5888b5495b\" is forbidden: unable to create new content in namespace customoperatorselectorsit because it is being terminated"
2025-01-29 01:00:48,068 INFO c.h.h.t.HelmChartContainer - [test-hivemq-platform] [hivemq] [2a11d244] INFO  - Shutdown completed.
2025-01-29 01:00:48,151 INFO c.h.h.t.HelmChartContainer - [K3S] [stateful_set.go:438] "Unhandled Error" err="error syncing StatefulSet customoperatorselectorsit/test-hivemq-platform-alpha-tier2, requeuing: controllerrevisions.apps \"test-hivemq-platform-alpha-tier2-5888b5495b\" is forbidden: unable to create new content in namespace customoperatorselectorsit because it is being terminated"
2025-01-29 01:00:48,323 INFO c.h.h.t.HelmChartContainer - [K3S] [scope.go:117] "RemoveContainer" containerID="8530820059701433e4a49af83494101889083db090a7d29dc2ea35fcdadd5d70"
2025-01-29 01:00:48,337 INFO c.h.h.t.HelmChartContainer - [K3S] [stateful_set.go:438] "Unhandled Error" err="error syncing StatefulSet customoperatorselectorsit/test-hivemq-platform-alpha-tier2, requeuing: controllerrevisions.apps \"test-hivemq-platform-alpha-tier2-5888b5495b\" is forbidden: unable to create new content in namespace customoperatorselectorsit because it is being terminated"
2025-01-29 01:00:48,339 INFO c.h.h.t.HelmChartContainer - [POD] test-hivemq-platform-alpha-tier2-0 [695178c9-52ef-441e-baca-52bcd8980796] in customoperatorselectorsit was MODIFIED
2025-01-29 01:00:48,340 INFO c.h.h.t.HelmChartContainer - [K3S] [stateful_set.go:438] "Unhandled Error" err="error syncing StatefulSet customoperatorselectorsit/test-hivemq-platform-alpha-tier2, requeuing: controllerrevisions.apps \"test-hivemq-platform-alpha-tier2-5888b5495b\" is forbidden: unable to create new content in namespace customoperatorselectorsit because it is being terminated"
2025-01-29 01:00:48,346 INFO c.h.h.t.HelmChartContainer - [POD] test-hivemq-platform-alpha-tier2-0 [695178c9-52ef-441e-baca-52bcd8980796] in customoperatorselectorsit was DELETED
2025-01-29 01:00:48,351 INFO c.h.h.t.HelmChartContainer - [K3S] [stateful_set.go:466] "StatefulSet has been deleted" key="customoperatorselectorsit/test-hivemq-platform-alpha-tier2"
2025-01-29 01:00:48,430 INFO c.h.h.t.HelmChartContainer - [K3S] [scope.go:117] "RemoveContainer" containerID="fee49bad410fdd74b90903cc39542506a0daf77d4f97bb7ca97ff21e305b0fb6"
2025-01-29 01:00:48,433 INFO c.h.h.t.HelmChartContainer - [K3S] [scope.go:117] "RemoveContainer" containerID="8530820059701433e4a49af83494101889083db090a7d29dc2ea35fcdadd5d70"
2025-01-29 01:00:48,434 INFO c.h.h.t.HelmChartContainer - [K3S] [scope.go:117] "RemoveContainer" containerID="fee49bad410fdd74b90903cc39542506a0daf77d4f97bb7ca97ff21e305b0fb6"
2025-01-29 01:00:48,460 INFO c.h.h.t.HelmChartContainer - [test-hivemq-platform] [hivemq] [2a11d244] INFO  - [HiveMQ Platform Operator Init App 1.7.0-SNAPSHOT] The HiveMQ Platform exited with code 143
2025-01-29 01:00:48,460 INFO c.h.h.t.HelmChartContainer - [test-hivemq-platform] [hivemq] [2a11d244] INFO  - [HiveMQ Platform Operator Init App 1.7.0-SNAPSHOT] Stopping the REST API
2025-01-29 01:00:48,469 INFO c.h.h.t.HelmChartContainer - [test-hivemq-platform] [hivemq] [2a11d244] INFO  - [HiveMQ Platform Operator Init App 1.7.0-SNAPSHOT] Shutdown complete
2025-01-29 01:00:48,469 INFO c.h.h.t.HelmChartContainer - [K3S] [stateful_set.go:466] "StatefulSet has been deleted" key="customoperatorselectorsit/test-hivemq-platform-alpha-tier2"
2025-01-29 01:00:48,913 INFO c.h.h.t.HelmChartContainer - [POD] test-hivemq-platform-alpha-tier3-0 [2a11d244-a6f4-4e30-b706-752b461ccf01] in customoperatorselectorsit was MODIFIED
2025-01-29 01:00:48,914 INFO c.h.h.t.HelmChartContainer - [K3S] [stateful_set.go:438] "Unhandled Error" err="error syncing StatefulSet customoperatorselectorsit/test-hivemq-platform-alpha-tier3, requeuing: controllerrevisions.apps \"test-hivemq-platform-alpha-tier3-7ccdb49877\" is forbidden: unable to create new content in namespace customoperatorselectorsit because it is being terminated"
2025-01-29 01:00:48,922 INFO c.h.h.t.HelmChartContainer - [K3S] [stateful_set.go:438] "Unhandled Error" err="error syncing StatefulSet customoperatorselectorsit/test-hivemq-platform-alpha-tier3, requeuing: controllerrevisions.apps \"test-hivemq-platform-alpha-tier3-7ccdb49877\" is forbidden: unable to create new content in namespace customoperatorselectorsit because it is being terminated"
2025-01-29 01:00:48,935 INFO c.h.h.t.HelmChartContainer - [K3S] [stateful_set.go:438] "Unhandled Error" err="error syncing StatefulSet customoperatorselectorsit/test-hivemq-platform-alpha-tier3, requeuing: controllerrevisions.apps \"test-hivemq-platform-alpha-tier3-7ccdb49877\" is forbidden: unable to create new content in namespace customoperatorselectorsit because it is being terminated"
2025-01-29 01:00:48,957 INFO c.h.h.t.HelmChartContainer - [K3S] [stateful_set.go:438] "Unhandled Error" err="error syncing StatefulSet customoperatorselectorsit/test-hivemq-platform-alpha-tier3, requeuing: controllerrevisions.apps \"test-hivemq-platform-alpha-tier3-7ccdb49877\" is forbidden: unable to create new content in namespace customoperatorselectorsit because it is being terminated"
2025-01-29 01:00:48,983 INFO c.h.h.t.HelmChartContainer - [K3S] [reconciler_common.go:162] "operationExecutor.UnmountVolume started for volume \"operator-init\" (UniqueName: \"kubernetes.io/empty-dir/2a11d244-a6f4-4e30-b706-752b461ccf01-operator-init\") pod \"2a11d244-a6f4-4e30-b706-752b461ccf01\" (UID: \"2a11d244-a6f4-4e30-b706-752b461ccf01\") "
2025-01-29 01:00:48,984 INFO c.h.h.t.HelmChartContainer - [K3S] [reconciler_common.go:162] "operationExecutor.UnmountVolume started for volume \"broker-configuration\" (UniqueName: \"kubernetes.io/configmap/2a11d244-a6f4-4e30-b706-752b461ccf01-broker-configuration\") pod \"2a11d244-a6f4-4e30-b706-752b461ccf01\" (UID: \"2a11d244-a6f4-4e30-b706-752b461ccf01\") "
2025-01-29 01:00:48,984 INFO c.h.h.t.HelmChartContainer - [K3S] [reconciler_common.go:162] "operationExecutor.UnmountVolume started for volume \"pod-info\" (UniqueName: \"kubernetes.io/configmap/2a11d244-a6f4-4e30-b706-752b461ccf01-pod-info\") pod \"2a11d244-a6f4-4e30-b706-752b461ccf01\" (UID: \"2a11d244-a6f4-4e30-b706-752b461ccf01\") "
2025-01-29 01:00:48,984 INFO c.h.h.t.HelmChartContainer - [K3S] [reconciler_common.go:162] "operationExecutor.UnmountVolume started for volume \"kube-api-access-n5glw\" (UniqueName: \"kubernetes.io/projected/2a11d244-a6f4-4e30-b706-752b461ccf01-kube-api-access-n5glw\") pod \"2a11d244-a6f4-4e30-b706-752b461ccf01\" (UID: \"2a11d244-a6f4-4e30-b706-752b461ccf01\") "
2025-01-29 01:00:49,001 INFO c.h.h.t.HelmChartContainer - [K3S] [stateful_set.go:438] "Unhandled Error" err="error syncing StatefulSet customoperatorselectorsit/test-hivemq-platform-alpha-tier3, requeuing: controllerrevisions.apps \"test-hivemq-platform-alpha-tier3-7ccdb49877\" is forbidden: unable to create new content in namespace customoperatorselectorsit because it is being terminated"
2025-01-29 01:00:49,006 INFO c.h.h.t.HelmChartContainer - [K3S] [kubelet_volumes.go:163] "Cleaned up orphaned pod volumes dir" podUID="695178c9-52ef-441e-baca-52bcd8980796" path="/var/lib/kubelet/pods/695178c9-52ef-441e-baca-52bcd8980796/volumes"
2025-01-29 01:00:49,084 INFO c.h.h.t.HelmChartContainer - [K3S] [reconciler_common.go:299] "Volume detached for volume \"operator-init\" (UniqueName: \"kubernetes.io/empty-dir/2a11d244-a6f4-4e30-b706-752b461ccf01-operator-init\") on node \"84044ab653e1\" DevicePath \"\""
2025-01-29 01:00:49,084 INFO c.h.h.t.HelmChartContainer - [K3S] [reconciler_common.go:299] "Volume detached for volume \"broker-configuration\" (UniqueName: \"kubernetes.io/configmap/2a11d244-a6f4-4e30-b706-752b461ccf01-broker-configuration\") on node \"84044ab653e1\" DevicePath \"\""
2025-01-29 01:00:49,084 INFO c.h.h.t.HelmChartContainer - [K3S] [reconciler_common.go:299] "Volume detached for volume \"kube-api-access-n5glw\" (UniqueName: \"kubernetes.io/projected/2a11d244-a6f4-4e30-b706-752b461ccf01-kube-api-access-n5glw\") on node \"84044ab653e1\" DevicePath \"\""
2025-01-29 01:00:49,084 INFO c.h.h.t.HelmChartContainer - [K3S] [reconciler_common.go:299] "Volume detached for volume \"pod-info\" (UniqueName: \"kubernetes.io/configmap/2a11d244-a6f4-4e30-b706-752b461ccf01-pod-info\") on node \"84044ab653e1\" DevicePath \"\""
2025-01-29 01:00:49,085 INFO c.h.h.t.HelmChartContainer - [K3S] [stateful_set.go:438] "Unhandled Error" err="error syncing StatefulSet customoperatorselectorsit/test-hivemq-platform-alpha-tier3, requeuing: controllerrevisions.apps \"test-hivemq-platform-alpha-tier3-7ccdb49877\" is forbidden: unable to create new content in namespace customoperatorselectorsit because it is being terminated"
2025-01-29 01:00:49,249 INFO c.h.h.t.HelmChartContainer - [K3S] [stateful_set.go:438] "Unhandled Error" err="error syncing StatefulSet customoperatorselectorsit/test-hivemq-platform-alpha-tier3, requeuing: controllerrevisions.apps \"test-hivemq-platform-alpha-tier3-7ccdb49877\" is forbidden: unable to create new content in namespace customoperatorselectorsit because it is being terminated"
2025-01-29 01:00:49,326 INFO c.h.h.t.HelmChartContainer - [K3S] [scope.go:117] "RemoveContainer" containerID="6db392c97411912e5852bf8f826c1d2d2b1e2e07f9bca0d51882b0a300ae04e4"
2025-01-29 01:00:49,340 INFO c.h.h.t.HelmChartContainer - [K3S] [stateful_set.go:438] "Unhandled Error" err="error syncing StatefulSet customoperatorselectorsit/test-hivemq-platform-alpha-tier3, requeuing: controllerrevisions.apps \"test-hivemq-platform-alpha-tier3-7ccdb49877\" is forbidden: unable to create new content in namespace customoperatorselectorsit because it is being terminated"
2025-01-29 01:00:49,345 INFO c.h.h.t.HelmChartContainer - [POD] test-hivemq-platform-alpha-tier3-0 [2a11d244-a6f4-4e30-b706-752b461ccf01] in customoperatorselectorsit was MODIFIED
2025-01-29 01:00:49,345 INFO c.h.h.t.HelmChartContainer - [POD] test-hivemq-platform-alpha-tier3-0 [2a11d244-a6f4-4e30-b706-752b461ccf01] in customoperatorselectorsit was DELETED
2025-01-29 01:00:49,345 INFO c.h.h.t.HelmChartContainer - [K3S] [stateful_set.go:438] "Unhandled Error" err="error syncing StatefulSet customoperatorselectorsit/test-hivemq-platform-alpha-tier3, requeuing: controllerrevisions.apps \"test-hivemq-platform-alpha-tier3-7ccdb49877\" is forbidden: unable to create new content in namespace customoperatorselectorsit because it is being terminated"
2025-01-29 01:00:49,356 INFO c.h.h.t.HelmChartContainer - [K3S] [stateful_set.go:466] "StatefulSet has been deleted" key="customoperatorselectorsit/test-hivemq-platform-alpha-tier3"
2025-01-29 01:00:49,429 INFO c.h.h.t.HelmChartContainer - [K3S] [scope.go:117] "RemoveContainer" containerID="f6642b4ec9321729942ea4fea3ba2eb125fb06d60a52db205246d3ce696075be"
2025-01-29 01:00:49,432 INFO c.h.h.t.HelmChartContainer - [K3S] [scope.go:117] "RemoveContainer" containerID="6db392c97411912e5852bf8f826c1d2d2b1e2e07f9bca0d51882b0a300ae04e4"
2025-01-29 01:00:49,433 INFO c.h.h.t.HelmChartContainer - [K3S] [scope.go:117] "RemoveContainer" containerID="f6642b4ec9321729942ea4fea3ba2eb125fb06d60a52db205246d3ce696075be"
2025-01-29 01:00:49,570 INFO c.h.h.t.HelmChartContainer - [K3S] [stateful_set.go:466] "StatefulSet has been deleted" key="customoperatorselectorsit/test-hivemq-platform-alpha-tier3"
2025-01-29 01:00:49,644 INFO c.h.h.t.HelmChartContainer - Namespace 'customoperatorselectorsit' deleted
2025-01-29 01:00:49,644 INFO c.h.h.t.HelmChartContainer - Release 'test-hivemq-platform-alpha-tier3' in namespace 'customoperatorselectorsit' is uninstalled
2025-01-29 01:00:49,644 INFO c.h.h.t.HelmChartContainer - Uninstalling release 'test-hivemq-platform-operator' in namespace 'customoperatorselectorsit-operator'...
2025-01-29 01:00:49,644 DEBUG c.h.h.t.HelmChartContainer - Executing helm command: /bin/helm --kubeconfig /etc/rancher/k3s/k3s.yaml uninstall test-hivemq-platform-operator  --wait --timeout 5m0s --cascade foreground --namespace customoperatorselectorsit-operator
2025-01-29 01:00:49,796 INFO c.h.h.t.HelmChartContainer - [K3S] [replica_set.go:679] "Finished syncing" kind="ReplicaSet" key="customoperatorselectorsit-operator/hivemq-test-hivemq-platform-operator-7bd74f84c" duration="9.422744ms"
2025-01-29 01:00:49,796 INFO c.h.h.t.HelmChartContainer - [K3S] [replica_set.go:679] "Finished syncing" kind="ReplicaSet" key="customoperatorselectorsit-operator/hivemq-test-hivemq-platform-operator-7bd74f84c" duration="33.282µs"
2025-01-29 01:00:49,819 INFO c.h.h.t.HelmChartContainer - [POD] hivemq-test-hivemq-platform-operator-7bd74f84c-x7kjt [229b2f72-8932-4ea9-ad0f-f4c6d26f92f1] in customoperatorselectorsit-operator was MODIFIED
2025-01-29 01:00:49,831 INFO c.h.h.t.HelmChartContainer - [EVENT] Normal [Killing] Stopping container hivemq-platform-operator [customoperatorselectorsit-operator:hivemq-test-hivemq-platform-operator-7bd74f84c-x7kjt]
2025-01-29 01:00:49,832 INFO c.h.h.t.HelmChartContainer - Received Killing event for container hivemq-platform-operator in pod hivemq-test-hivemq-platform-operator-7bd74f84c-x7kjt [229b2f72-8932-4ea9-ad0f-f4c6d26f92f1]
2025-01-29 01:00:49,832 INFO c.h.h.t.HelmChartContainer - Container [hivemq-test-hivemq-platform-operator-7bd74f84c-x7kjt] [hivemq-platform-operator] [229b2f72-8932-4ea9-ad0f-f4c6d26f92f1] was terminated
2025-01-29 01:00:49,833 INFO c.h.h.t.HelmChartContainer - Stopped log watcher for hivemq-platform-operator in pod hivemq-test-hivemq-platform-operator-7bd74f84c-x7kjt [229b2f72-8932-4ea9-ad0f-f4c6d26f92f1]
2025-01-29 01:00:49,833 INFO c.h.h.t.HelmChartContainer - [hivemq-test-hivemq-platform] [hivemq-platform-operator] [229b2f72] 01:00:49.833 [application-shutdown-thread] INFO  c.h.p.o.HiveMQPlatformOperatorApplication - HiveMQ Platform Operator is stopping...
2025-01-29 01:00:49,836 INFO c.h.h.t.HelmChartContainer - [hivemq-test-hivemq-platform] [hivemq-platform-operator] [229b2f72] 01:00:49.833 [application-shutdown-thread] INFO  i.javaoperatorsdk.operator.Operator - Operator SDK 4.9.7 is shutting down...
2025-01-29 01:00:49,843 INFO c.h.h.t.HelmChartContainer - [K3S] [replica_set.go:679] "Finished syncing" kind="ReplicaSet" key="customoperatorselectorsit-operator/hivemq-test-hivemq-platform-operator-7bd74f84c" duration="24.826444ms"
2025-01-29 01:00:49,843 INFO c.h.h.t.HelmChartContainer - [K3S] [replica_set.go:679] "Finished syncing" kind="ReplicaSet" key="customoperatorselectorsit-operator/hivemq-test-hivemq-platform-operator-7bd74f84c" duration="39.644µs"
2025-01-29 01:00:50,201 INFO c.h.h.t.HelmChartContainer - [EVENT] Warning [Unhealthy] Readiness probe failed: Get "http://10.42.0.7:8080/health/readiness": dial tcp 10.42.0.7:8080: connect: connection refused [customoperatorselectorsit-operator:hivemq-test-hivemq-platform-operator-7bd74f84c-x7kjt]
2025-01-29 01:00:50,201 INFO c.h.h.t.HelmChartContainer - Received Unhealthy event for container hivemq-platform-operator in pod hivemq-test-hivemq-platform-operator-7bd74f84c-x7kjt [229b2f72-8932-4ea9-ad0f-f4c6d26f92f1]
2025-01-29 01:00:50,329 INFO c.h.h.t.HelmChartContainer - [K3S] [pod_container_deletor.go:80] "Container not found in pod's containers" containerID="87e41f4dbb27089efc10dec4757698144d575af87638f397bd2845b3b1e91f9c"
2025-01-29 01:00:50,348 INFO c.h.h.t.HelmChartContainer - [K3S] [replica_set.go:679] "Finished syncing" kind="ReplicaSet" key="customoperatorselectorsit-operator/hivemq-test-hivemq-platform-operator-7bd74f84c" duration="38.723µs"
2025-01-29 01:00:50,349 INFO c.h.h.t.HelmChartContainer - [POD] hivemq-test-hivemq-platform-operator-7bd74f84c-x7kjt [229b2f72-8932-4ea9-ad0f-f4c6d26f92f1] in customoperatorselectorsit-operator was MODIFIED
2025-01-29 01:00:50,388 INFO c.h.h.t.HelmChartContainer - [K3S] [reconciler_common.go:162] "operationExecutor.UnmountVolume started for volume \"kube-api-access-5fr8f\" (UniqueName: \"kubernetes.io/projected/229b2f72-8932-4ea9-ad0f-f4c6d26f92f1-kube-api-access-5fr8f\") pod \"229b2f72-8932-4ea9-ad0f-f4c6d26f92f1\" (UID: \"229b2f72-8932-4ea9-ad0f-f4c6d26f92f1\") "
2025-01-29 01:00:50,489 INFO c.h.h.t.HelmChartContainer - [K3S] [reconciler_common.go:299] "Volume detached for volume \"kube-api-access-5fr8f\" (UniqueName: \"kubernetes.io/projected/229b2f72-8932-4ea9-ad0f-f4c6d26f92f1-kube-api-access-5fr8f\") on node \"84044ab653e1\" DevicePath \"\""
2025-01-29 01:00:51,006 INFO c.h.h.t.HelmChartContainer - [K3S] [kubelet_volumes.go:163] "Cleaned up orphaned pod volumes dir" podUID="2a11d244-a6f4-4e30-b706-752b461ccf01" path="/var/lib/kubelet/pods/2a11d244-a6f4-4e30-b706-752b461ccf01/volumes"
2025-01-29 01:00:51,339 INFO c.h.h.t.HelmChartContainer - [K3S] [replica_set.go:679] "Finished syncing" kind="ReplicaSet" key="customoperatorselectorsit-operator/hivemq-test-hivemq-platform-operator-7bd74f84c" duration="44.142µs"
2025-01-29 01:00:51,340 INFO c.h.h.t.HelmChartContainer - [POD] hivemq-test-hivemq-platform-operator-7bd74f84c-x7kjt [229b2f72-8932-4ea9-ad0f-f4c6d26f92f1] in customoperatorselectorsit-operator was MODIFIED
2025-01-29 01:00:51,342 INFO c.h.h.t.HelmChartContainer - [K3S] [replica_set.go:679] "Finished syncing" kind="ReplicaSet" key="customoperatorselectorsit-operator/hivemq-test-hivemq-platform-operator-7bd74f84c" duration="30.207µs"
2025-01-29 01:00:51,343 INFO c.h.h.t.HelmChartContainer - [POD] hivemq-test-hivemq-platform-operator-7bd74f84c-x7kjt [229b2f72-8932-4ea9-ad0f-f4c6d26f92f1] in customoperatorselectorsit-operator was DELETED
2025-01-29 01:00:51,354 INFO c.h.h.t.HelmChartContainer - [K3S] [replica_set.go:679] "Finished syncing" kind="ReplicaSet" key="customoperatorselectorsit-operator/hivemq-test-hivemq-platform-operator-7bd74f84c" duration="6.261µs"
2025-01-29 01:00:51,841 INFO c.h.h.t.HelmChartContainer - Deleting namespace 'customoperatorselectorsit-operator'...
2025-01-29 01:00:53,006 INFO c.h.h.t.HelmChartContainer - [K3S] [kubelet_volumes.go:163] "Cleaned up orphaned pod volumes dir" podUID="229b2f72-8932-4ea9-ad0f-f4c6d26f92f1" path="/var/lib/kubelet/pods/229b2f72-8932-4ea9-ad0f-f4c6d26f92f1/volumes"
2025-01-29 01:00:54,594 INFO c.h.h.t.HelmChartContainer - [K3S] [namespace_controller.go:187] "Namespace has been deleted" namespace="customoperatorselectorsit"
2025-01-29 01:00:57,057 INFO c.h.h.t.HelmChartContainer - Namespace 'customoperatorselectorsit-operator' deleted
2025-01-29 01:00:57,058 INFO c.h.h.t.HelmChartContainer - Release 'test-hivemq-platform-operator' in namespace 'customoperatorselectorsit-operator' is uninstalled
2025-01-29 01:00:57,918 INFO c.h.helmcharts.AbstractHelmChartIT - Removed unused containers:

2025-01-29 01:01:01,960 INFO c.h.h.t.HelmChartContainer - [K3S] [namespace_controller.go:187] "Namespace has been deleted" namespace="customoperatorselectorsit-operator"
2025-01-29 01:01:05,864 INFO c.h.helmcharts.AbstractHelmChartIT - Removed unused snapshots:
Removing snapshot sha256:03af251906410714c5aef9fa705b63f6bbc39c4a5e787de7361eeb18886c2ed2
Removing snapshot sha256:0c46b3b43cce082ce5ec34ffc6c294e0417d17b9d1e6f366d114b6aadc4f96dc
Removing snapshot sha256:0ce761beee59082d6ed5bcebd3a805b8ddd9b3426b617e4809e7fb7c6587ffec
Removing snapshot sha256:0df91287303208332c8ff6ba40ae4710105201739addbfbddfb955f1ad593664
Removing snapshot sha256:1021ef88c7974bfff89c5a0ec4fd3160daac6c48a075f74cff721f85dd104e68
Removing snapshot sha256:10aba4953ddc18145dd38e3704709bc464aa20af60b56fe52caaff4b68411e62
Removing snapshot sha256:1ef074229acf8c310ebd1081eecc36ae268707a7e41278b34ca7a4237d6ec8d9
Removing snapshot sha256:2573e0d8158209ed54ab25c87bcdcb00bd3d2539246960a3d592a1c599d70465
Removing snapshot sha256:362a8a37f8bbc31925a8146adcf7cf51f9882f5c1dcbef67c5baa03a297543c0
Removing snapshot sha256:3fa4ad33f0ddc8fd45b39b6b4640f82a3a83619606cd975bfe89d8710ad2d4cd
Removing snapshot sha256:43a7c979bbaba6838bc3102d6b10a1459f3ab050b87ccdfef84ef90cf43d3058
Removing snapshot sha256:4ab04491cdf0d3267f08206fe30bd48f49f94b9cab2f016d6739220f722a64af
Removing snapshot sha256:4b6068250e89c96f263060261819c7d912855bfbd64b3eb4c4a8483299b8c295
Removing snapshot sha256:580e69a0a8034ede1921139bbd2bfb72a69ebf276d008281896c32dd8bf74775
Removing snapshot sha256:5d30ba46b27fe37484567ccc5242cadc78217b8da605f3f195ef25cbf7487904
Removing snapshot sha256:63ca1fbb43ae5034640e5e6cb3e083e05c290072c5366fcaa9d62435a4cced85
Removing snapshot sha256:67f702c6baae873bceb19487c8b1f27bd2b86077e4f2f0e480e6d60ab508b8f5
Removing snapshot sha256:6864348dd42806d552efdec384f1274be15e2d0c10ce44c1f04347af004c10a9
Removing snapshot sha256:6c7dee8f2c39b84b7dc2711c01d33de93514d9055499173e9290176fbe484b6c
Removing snapshot sha256:82753493a6d61ded36556292f02f31841a14c20d2f279f19eaad65afb661d5cd
Removing snapshot sha256:8a10d3db42c505ee0fcfa98417bdd7e39b304f6bcc0a06bb1b220797ff2cc63c
Removing snapshot sha256:a0904247e36a7726c03c71ee48f3e64462021c88dafeb13f37fdaf613b27f11c
Removing snapshot sha256:a21e5b12dbac529ad45d976eb9ce45c881f3bedcc500fb30aba1e52aa1813418
Removing snapshot sha256:b921e6c28969094157f9b8e7244677780319637afd14450b7cb6b2fdea558a0c
Removing snapshot sha256:bc27ecb5769a00e309cf99ebc763c4a4b958b618d1decc96ffac5bc05f02f5b7
Removing snapshot sha256:be3ccb6627a5332e309d45ef461d09b4879dd870c7394d89323d0ebc6ca6aa8a
Removing snapshot sha256:c261f7cbbc64211ee175ee47273acdb7b1a36a4450b397a064a8f2c026490095
Removing snapshot sha256:c34d9393647eea0c9e3557ab988efaf59f61d10a2a5613b439ef0958cca5ec10
Removing snapshot sha256:ccf3c4a0fa967a41c1c83497a2ce6fa5787965859df0adb32c4ca2cf7490bc2b
Removing snapshot sha256:cf92d33f869417309692088c341cd0f223c178ea78a125f757317b22aa8f90e9
Removing snapshot sha256:d0037344cf2fb078884f1849f6a1f8cf9a33a3b6139b6a85833e5ee528e1f9a8
Removing snapshot sha256:d3b36d5b79273b1e98e7700470eaeff05a882e777124d84cebcc1505b85ecb36
Removing snapshot sha256:d65a44a37914602d12c611e5e22a50f11451d847e63015cc1c2aef92dee777a4
Removing snapshot sha256:e2dc0bae2455930f23ae570e019b7f32edc75c0f2d71cab084db837ff9051796
Removing snapshot sha256:e31519795c7e3df686c447a21ec8d2eb301388a5e39ccf7f20a25c6f6ce3a522
Removing snapshot sha256:e7bf9ad2b636e158c7e312a883499ea522777081618c5a8ae24e3b7274db2314
Removing snapshot sha256:e9e86ed11d9bebc0707dd6f1166c51237ebb44f98657241f943261b2675a5449
Removing snapshot sha256:eccbd24a99c60cd9e86ee5305dbfc4a4dc89f5ab4fb1f06c8d64797cecedef34
Removing snapshot sha256:edd1404c718ab99ca3456bdf222065033800bb67d4334a9642746685a24394cd
Removing snapshot sha256:f144bb4c7c7f0d2aa7eeffd36d934ec40db1ee167be727e326aad9fdc616f475

]]></system-out>
  </testcase>
  <system-out><![CDATA[2025-01-29 00:59:26,152 INFO c.h.h.t.HelmChartContainerExtension - Using cached HelmChartContainer instance
]]></system-out>
  <system-err><![CDATA[]]></system-err>
</testsuite>
