<?xml version="1.0" encoding="UTF-8"?>
<testsuite name="com.hivemq.helmcharts.platform.HelmCustomSecretConfigIT" tests="2" skipped="0" failures="0" errors="0" timestamp="2025-08-11T09:34:30" hostname="pkrvmsl9tci6h6u" time="262.735">
  <properties/>
  <testcase name="withExistingSecret_hivemqRunning()" classname="com.hivemq.helmcharts.platform.HelmCustomSecretConfigIT" time="139.262"/>
  <testcase name="withSecretConfig_hivemqRunning()" classname="com.hivemq.helmcharts.platform.HelmCustomSecretConfigIT" time="123.473"/>
</testsuite>
