<?xml version="1.0" encoding="UTF-8"?>
<testsuite name="com.hivemq.helmcharts.services.HelmRestApiIT" tests="3" skipped="0" failures="0" errors="0" timestamp="2025-04-15T09:32:35" hostname="fv-az1049-973" time="262.448">
  <properties/>
  <testcase name="platformChart_whenAuthEnabled_thenCallsEndpoint()" classname="com.hivemq.helmcharts.services.HelmRestApiIT" time="91.093"/>
  <testcase name="platformChart_withCustomServiceName_thenCallsEndpoint()" classname="com.hivemq.helmcharts.services.HelmRestApiIT" time="89.547"/>
  <testcase name="platformChart_whenRestApiEnabled_thenCallsEndpoint()" classname="com.hivemq.helmcharts.services.HelmRestApiIT" time="81.808"/>
</testsuite>
