<?xml version="1.0" encoding="UTF-8"?>
<testsuite name="com.hivemq.helmcharts.monitoring.HelmMonitoringPlatformIT" tests="1" skipped="0" failures="0" errors="0" timestamp="2025-01-30T04:03:23" hostname="fv-az813-262" time="225.044">
  <properties/>
  <testcase name="withPlatformMonitoringEnabled_metricsAndDashboardAvailable()" classname="com.hivemq.helmcharts.monitoring.HelmMonitoringPlatformIT" time="225.044">
    <system-out><![CDATA[2025-01-30 04:03:23,665 INFO c.h.h.t.HelmChartContainer - Creating namespace 'helmmonitoringplatformit-operator'...
2025-01-30 04:03:23,673 INFO c.h.h.t.HelmChartContainer - Namespace 'helmmonitoringplatformit-operator' created
2025-01-30 04:03:23,673 INFO c.h.h.t.HelmChartContainer - Creating namespace 'helmmonitoringplatformit'...
2025-01-30 04:03:23,772 INFO c.h.h.t.HelmChartContainer - Namespace 'helmmonitoringplatformit' created
2025-01-30 04:03:23,835 DEBUG c.h.h.t.HelmChartContainer - Executing helm command: /bin/helm --kubeconfig /etc/rancher/k3s/k3s.yaml install test-hivemq-platform-operator /charts/hivemq-platform-operator --wait --timeout 5m0s --set image.repository=docker.io/hivemq --set image.name=hivemq-platform-operator-test --set image.initImageName=hivemq-platform-operator-init-test --set image.tag=snapshot --set image.pullPolicy=Never --set logLevel=DEBUG --set resources.cpu=512m --namespace helmmonitoringplatformit-operator
2025-01-30 04:03:24,129 INFO c.h.h.t.HelmChartContainer - [K3S] [alloc.go:330] "allocated clusterIPs" service="helmmonitoringplatformit-operator/hivemq-platform-operator-test-hivemq-platform-operator" clusterIPs={"IPv4":"10.43.164.218"}
2025-01-30 04:03:24,143 INFO c.h.h.t.HelmChartContainer - [EVENT] Normal [ScalingReplicaSet] Scaled up replica set hivemq-test-hivemq-platform-operator-6966f96d65 from 0 to 1 [helmmonitoringplatformit-operator:hivemq-test-hivemq-platform-operator]
2025-01-30 04:03:24,150 INFO c.h.h.t.HelmChartContainer - [POD] hivemq-test-hivemq-platform-operator-6966f96d65-dhvxl [49896a8e-cad6-4522-87d2-22eb4d86fe9e] in helmmonitoringplatformit-operator was ADDED
2025-01-30 04:03:24,154 INFO c.h.h.t.HelmChartContainer - [K3S] [memory_manager.go:355] "RemoveStaleState removing state" podUID="d8154092-2ca5-471e-a914-f42a91067587" containerName="hivemq-platform-operator"
2025-01-30 04:03:24,154 INFO c.h.h.t.HelmChartContainer - [K3S] [memory_manager.go:355] "RemoveStaleState removing state" podUID="48139f44-9561-4b6f-876c-f73183454a7a" containerName="hivemq"
2025-01-30 04:03:24,157 INFO c.h.h.t.HelmChartContainer - [POD] hivemq-test-hivemq-platform-operator-6966f96d65-dhvxl [49896a8e-cad6-4522-87d2-22eb4d86fe9e] in helmmonitoringplatformit-operator was MODIFIED
2025-01-30 04:03:24,161 INFO c.h.h.t.HelmChartContainer - [EVENT] Normal [Scheduled] Successfully assigned helmmonitoringplatformit-operator/hivemq-test-hivemq-platform-operator-6966f96d65-dhvxl to 13757cc4392a [helmmonitoringplatformit-operator:hivemq-test-hivemq-platform-operator-6966f96d65-dhvxl]
2025-01-30 04:03:24,168 INFO c.h.h.t.HelmChartContainer - [EVENT] Normal [SuccessfulCreate] Created pod: hivemq-test-hivemq-platform-operator-6966f96d65-dhvxl [helmmonitoringplatformit-operator:hivemq-test-hivemq-platform-operator-6966f96d65]
2025-01-30 04:03:24,168 INFO c.h.h.t.HelmChartContainer - [K3S] [replica_set.go:679] "Finished syncing" kind="ReplicaSet" key="helmmonitoringplatformit-operator/hivemq-test-hivemq-platform-operator-6966f96d65" duration="29.551751ms"
2025-01-30 04:03:24,178 INFO c.h.h.t.HelmChartContainer - [POD] hivemq-test-hivemq-platform-operator-6966f96d65-dhvxl [49896a8e-cad6-4522-87d2-22eb4d86fe9e] in helmmonitoringplatformit-operator was MODIFIED
2025-01-30 04:03:24,182 INFO c.h.h.t.HelmChartContainer - [K3S] [replica_set.go:679] "Finished syncing" kind="ReplicaSet" key="helmmonitoringplatformit-operator/hivemq-test-hivemq-platform-operator-6966f96d65" duration="14.361192ms"
2025-01-30 04:03:24,182 INFO c.h.h.t.HelmChartContainer - [K3S] [replica_set.go:679] "Finished syncing" kind="ReplicaSet" key="helmmonitoringplatformit-operator/hivemq-test-hivemq-platform-operator-6966f96d65" duration="29.825µs"
2025-01-30 04:03:24,271 INFO c.h.h.t.HelmChartContainer - [K3S] [reconciler_common.go:251] "operationExecutor.VerifyControllerAttachedVolume started for volume \"kube-api-access-shkcb\" (UniqueName: \"kubernetes.io/projected/49896a8e-cad6-4522-87d2-22eb4d86fe9e-kube-api-access-shkcb\") pod \"hivemq-test-hivemq-platform-operator-6966f96d65-dhvxl\" (UID: \"49896a8e-cad6-4522-87d2-22eb4d86fe9e\") " pod="helmmonitoringplatformit-operator/hivemq-test-hivemq-platform-operator-6966f96d65-dhvxl"
2025-01-30 04:03:24,546 INFO c.h.h.t.HelmChartContainer - [EVENT] Normal [Pulled] Container image "docker.io/hivemq/hivemq-platform-operator-test:snapshot" already present on machine [helmmonitoringplatformit-operator:hivemq-test-hivemq-platform-operator-6966f96d65-dhvxl]
2025-01-30 04:03:24,546 INFO c.h.h.t.HelmChartContainer - Received Pulled event for container hivemq-platform-operator in pod hivemq-test-hivemq-platform-operator-6966f96d65-dhvxl [49896a8e-cad6-4522-87d2-22eb4d86fe9e]
2025-01-30 04:03:25,769 INFO c.h.h.t.HelmChartContainer - [EVENT] Normal [Created] Created container: hivemq-platform-operator [helmmonitoringplatformit-operator:hivemq-test-hivemq-platform-operator-6966f96d65-dhvxl]
2025-01-30 04:03:25,769 INFO c.h.h.t.HelmChartContainer - Received Created event for container hivemq-platform-operator in pod hivemq-test-hivemq-platform-operator-6966f96d65-dhvxl [49896a8e-cad6-4522-87d2-22eb4d86fe9e]
2025-01-30 04:03:26,461 INFO c.h.h.t.HelmChartContainer - [K3S] [replica_set.go:679] "Finished syncing" kind="ReplicaSet" key="helmmonitoringplatformit-operator/hivemq-test-hivemq-platform-operator-6966f96d65" duration="41.146µs"
2025-01-30 04:03:26,464 INFO c.h.h.t.HelmChartContainer - [POD] hivemq-test-hivemq-platform-operator-6966f96d65-dhvxl [49896a8e-cad6-4522-87d2-22eb4d86fe9e] in helmmonitoringplatformit-operator was MODIFIED
2025-01-30 04:03:26,474 INFO c.h.h.t.HelmChartContainer - Started log watcher for hivemq-platform-operator in pod hivemq-test-hivemq-platform-operator-6966f96d65-dhvxl [49896a8e-cad6-4522-87d2-22eb4d86fe9e]
2025-01-30 04:03:26,474 INFO c.h.h.t.HelmChartContainer - [EVENT] Normal [Started] Started container hivemq-platform-operator [helmmonitoringplatformit-operator:hivemq-test-hivemq-platform-operator-6966f96d65-dhvxl]
2025-01-30 04:03:26,474 INFO c.h.h.t.HelmChartContainer - Received Started event for container hivemq-platform-operator in pod hivemq-test-hivemq-platform-operator-6966f96d65-dhvxl [49896a8e-cad6-4522-87d2-22eb4d86fe9e]
2025-01-30 04:03:26,475 INFO c.h.h.t.HelmChartContainer - [hivemq-test-hivemq-platform] [hivemq-platform-operator] [49896a8e] -------------------------------------------------------------------------
2025-01-30 04:03:26,475 INFO c.h.h.t.HelmChartContainer - [hivemq-test-hivemq-platform] [hivemq-platform-operator] [49896a8e] 
2025-01-30 04:03:26,475 INFO c.h.h.t.HelmChartContainer - [hivemq-test-hivemq-platform] [hivemq-platform-operator] [49896a8e]                   _    _  _              __  __   ____
2025-01-30 04:03:26,475 INFO c.h.h.t.HelmChartContainer - [hivemq-test-hivemq-platform] [hivemq-platform-operator] [49896a8e]                  | |  | |(_)            |  \/  | / __ \
2025-01-30 04:03:26,475 INFO c.h.h.t.HelmChartContainer - [hivemq-test-hivemq-platform] [hivemq-platform-operator] [49896a8e]                  | |__| | _ __   __ ___ | \  / || |  | |
2025-01-30 04:03:26,475 INFO c.h.h.t.HelmChartContainer - [hivemq-test-hivemq-platform] [hivemq-platform-operator] [49896a8e]                  |  __  || |\ \ / // _ \| |\/| || |  | |
2025-01-30 04:03:26,475 INFO c.h.h.t.HelmChartContainer - [hivemq-test-hivemq-platform] [hivemq-platform-operator] [49896a8e]                  | |  | || | \ V /|  __/| |  | || |__| |
2025-01-30 04:03:26,475 INFO c.h.h.t.HelmChartContainer - [hivemq-test-hivemq-platform] [hivemq-platform-operator] [49896a8e]                  |_|  |_||_|  \_/  \___||_|  |_| \___\_\
2025-01-30 04:03:26,475 INFO c.h.h.t.HelmChartContainer - [hivemq-test-hivemq-platform] [hivemq-platform-operator] [49896a8e] 
2025-01-30 04:03:26,475 INFO c.h.h.t.HelmChartContainer - [hivemq-test-hivemq-platform] [hivemq-platform-operator] [49896a8e] -------------------------------------------------------------------------
2025-01-30 04:03:26,475 INFO c.h.h.t.HelmChartContainer - [hivemq-test-hivemq-platform] [hivemq-platform-operator] [49896a8e] 
2025-01-30 04:03:26,475 INFO c.h.h.t.HelmChartContainer - [hivemq-test-hivemq-platform] [hivemq-platform-operator] [49896a8e]   HiveMQ Platform Operator Start Script v1.0
2025-01-30 04:03:26,475 INFO c.h.h.t.HelmChartContainer - [hivemq-test-hivemq-platform] [hivemq-platform-operator] [49896a8e] 
2025-01-30 04:03:26,475 INFO c.h.h.t.HelmChartContainer - [hivemq-test-hivemq-platform] [hivemq-platform-operator] [49896a8e] -------------------------------------------------------------------------
2025-01-30 04:03:26,475 INFO c.h.h.t.HelmChartContainer - [hivemq-test-hivemq-platform] [hivemq-platform-operator] [49896a8e] 
2025-01-30 04:03:26,475 INFO c.h.h.t.HelmChartContainer - [hivemq-test-hivemq-platform] [hivemq-platform-operator] [49896a8e]   JAVA_OPTS: -XX:+UnlockExperimentalVMOptions -XX:InitialRAMPercentage=75 -XX:MaxRAMPercentage=75 -Duser.language=en -Duser.region=US
2025-01-30 04:03:26,475 INFO c.h.h.t.HelmChartContainer - [hivemq-test-hivemq-platform] [hivemq-platform-operator] [49896a8e] 
2025-01-30 04:03:26,475 INFO c.h.h.t.HelmChartContainer - [hivemq-test-hivemq-platform] [hivemq-platform-operator] [49896a8e]   JAVA_VERSION: 21
2025-01-30 04:03:26,475 INFO c.h.h.t.HelmChartContainer - [hivemq-test-hivemq-platform] [hivemq-platform-operator] [49896a8e] 
2025-01-30 04:03:26,475 INFO c.h.h.t.HelmChartContainer - [hivemq-test-hivemq-platform] [hivemq-platform-operator] [49896a8e] -------------------------------------------------------------------------
2025-01-30 04:03:26,475 INFO c.h.h.t.HelmChartContainer - [hivemq-test-hivemq-platform] [hivemq-platform-operator] [49896a8e] 
2025-01-30 04:03:29,011 INFO c.h.h.t.HelmChartContainer - [hivemq-test-hivemq-platform] [hivemq-platform-operator] [49896a8e] 04:03:29.008 [main] DEBUG org.jboss.logging - Logging Provider: org.jboss.logging.Slf4jLoggerProvider
2025-01-30 04:03:29,113 INFO c.h.h.t.HelmChartContainer - [hivemq-test-hivemq-platform] [hivemq-platform-operator] [49896a8e] 04:03:29.112 [main] DEBUG io.smallrye.config - SRCFG01006: Loaded ConfigSource SysPropConfigSource with ordinal 400
2025-01-30 04:03:29,114 INFO c.h.h.t.HelmChartContainer - [hivemq-test-hivemq-platform] [hivemq-platform-operator] [49896a8e] 04:03:29.113 [main] DEBUG io.smallrye.config - SRCFG01006: Loaded ConfigSource EnvConfigSource with ordinal 300
2025-01-30 04:03:29,114 INFO c.h.h.t.HelmChartContainer - [hivemq-test-hivemq-platform] [hivemq-platform-operator] [49896a8e] 04:03:29.113 [main] DEBUG io.smallrye.config - SRCFG01006: Loaded ConfigSource PropertiesConfigSource[source=jar:file:///opt/hivemq-platform-operator/bin/hivemq-platform-operator.jar!/hivemq-platform-operator.properties] with ordinal 100
2025-01-30 04:03:29,114 INFO c.h.h.t.HelmChartContainer - [hivemq-test-hivemq-platform] [hivemq-platform-operator] [49896a8e] 04:03:29.113 [main] DEBUG io.smallrye.config - SRCFG01006: Loaded ConfigSource DefaultValuesConfigSource with ordinal -2147483648
2025-01-30 04:03:29,222 INFO c.h.h.t.HelmChartContainer - [hivemq-test-hivemq-platform] [hivemq-platform-operator] [49896a8e] 04:03:29.221 [main] DEBUG i.m.c.u.i.l.InternalLoggerFactory - Using SLF4J as the default logging framework
2025-01-30 04:03:29,402 INFO c.h.h.t.HelmChartContainer - [hivemq-test-hivemq-platform] [hivemq-platform-operator] [49896a8e] 04:03:29.393 [main] INFO  c.h.p.o.HiveMQPlatformOperatorApplication - HiveMQ Platform Operator 1.7.0-SNAPSHOT (commit: 47e3375 on branch: HEAD) built on Thu Jan 30 03:55:50 UTC 2025
2025-01-30 04:03:29,403 INFO c.h.h.t.HelmChartContainer - [hivemq-test-hivemq-platform] [hivemq-platform-operator] [49896a8e] 04:03:29.401 [main] INFO  c.h.p.o.HiveMQPlatformOperatorApplication - HiveMQ Platform Operator is running in namespace: helmmonitoringplatformit-operator
2025-01-30 04:03:29,403 INFO c.h.h.t.HelmChartContainer - [hivemq-test-hivemq-platform] [hivemq-platform-operator] [49896a8e] 04:03:29.402 [main] INFO  c.h.p.o.HiveMQPlatformOperatorApplication - Watching all namespaces
2025-01-30 04:03:29,403 INFO c.h.h.t.HelmChartContainer - [hivemq-test-hivemq-platform] [hivemq-platform-operator] [49896a8e] 04:03:29.402 [main] INFO  c.h.p.o.HiveMQPlatformOperatorApplication - Log level: DEBUG
2025-01-30 04:03:29,403 INFO c.h.h.t.HelmChartContainer - [hivemq-test-hivemq-platform] [hivemq-platform-operator] [49896a8e] 04:03:29.402 [main] INFO  c.h.p.o.HiveMQPlatformOperatorApplication - Release name: test-hivemq-platform-operator
2025-01-30 04:03:29,404 INFO c.h.h.t.HelmChartContainer - [hivemq-test-hivemq-platform] [hivemq-platform-operator] [49896a8e] 04:03:29.402 [main] INFO  c.h.p.o.HiveMQPlatformOperatorApplication - HiveMQ Platform Operator Init image: docker.io/hivemq/hivemq-platform-operator-init-test:snapshot
2025-01-30 04:03:29,404 INFO c.h.h.t.HelmChartContainer - [hivemq-test-hivemq-platform] [hivemq-platform-operator] [49896a8e] 04:03:29.402 [main] INFO  c.h.p.o.HiveMQPlatformOperatorApplication - HiveMQ Platform Operator Init App update URL: http://hivemq-platform-operator-test-hivemq-platform-operator.helmmonitoringplatformit-operator.svc:8080/initAppUpdate/hivemq-platform-operator-init-app-1.7.0-SNAPSHOT.jar
2025-01-30 04:03:29,404 INFO c.h.h.t.HelmChartContainer - [hivemq-test-hivemq-platform] [hivemq-platform-operator] [49896a8e] 04:03:29.402 [main] INFO  c.h.p.o.HiveMQPlatformOperatorApplication - Additional imagePullSecret for all Platform deployments: none
2025-01-30 04:03:29,404 INFO c.h.h.t.HelmChartContainer - [hivemq-test-hivemq-platform] [hivemq-platform-operator] [49896a8e] 04:03:29.402 [main] INFO  c.h.p.o.HiveMQPlatformOperatorApplication - Apply HiveMQ Platform CRD: true
2025-01-30 04:03:29,404 INFO c.h.h.t.HelmChartContainer - [hivemq-test-hivemq-platform] [hivemq-platform-operator] [49896a8e] 04:03:29.402 [main] INFO  c.h.p.o.HiveMQPlatformOperatorApplication - Create Platform ServiceAccount: true
2025-01-30 04:03:29,404 INFO c.h.h.t.HelmChartContainer - [hivemq-test-hivemq-platform] [hivemq-platform-operator] [49896a8e] 04:03:29.402 [main] INFO  c.h.p.o.HiveMQPlatformOperatorApplication - Create Platform ServiceAccount permissions: true
2025-01-30 04:03:29,404 INFO c.h.h.t.HelmChartContainer - [hivemq-test-hivemq-platform] [hivemq-platform-operator] [49896a8e] 04:03:29.402 [main] INFO  c.h.p.o.HiveMQPlatformOperatorApplication - Validate Platform ServiceAccount: true
2025-01-30 04:03:29,404 INFO c.h.h.t.HelmChartContainer - [hivemq-test-hivemq-platform] [hivemq-platform-operator] [49896a8e] 04:03:29.402 [main] INFO  c.h.p.o.HiveMQPlatformOperatorApplication - Validate Platform ServiceAccount permissions: true
2025-01-30 04:03:29,524 INFO c.h.h.t.HelmChartContainer - [hivemq-test-hivemq-platform] [hivemq-platform-operator] [49896a8e] 04:03:29.523 [main] INFO  c.h.platform.operator.util.CRDUtil - Verifying deployed HiveMQ Platform CRD...
2025-01-30 04:03:31,908 INFO c.h.h.t.HelmChartContainer - [hivemq-test-hivemq-platform] [hivemq-platform-operator] [49896a8e] 04:03:31.906 [main] DEBUG c.h.platform.operator.util.CRDUtil - HiveMQ Platform CRD version v1 is up to date
2025-01-30 04:03:31,908 INFO c.h.h.t.HelmChartContainer - [hivemq-test-hivemq-platform] [hivemq-platform-operator] [49896a8e] 04:03:31.906 [main] INFO  c.h.platform.operator.util.CRDUtil - HiveMQ Platform CRD is up to date (version: V1_6_0)
2025-01-30 04:03:31,908 INFO c.h.h.t.HelmChartContainer - [hivemq-test-hivemq-platform] [hivemq-platform-operator] [49896a8e] 04:03:31.906 [main] INFO  c.h.platform.operator.util.CRDUtil - Waiting 10000 ms for HiveMQ Platform CRD 'hivemq-platforms.hivemq.com' to become ready...
2025-01-30 04:03:32,208 INFO c.h.h.t.HelmChartContainer - [hivemq-test-hivemq-platform] [hivemq-platform-operator] [49896a8e] 04:03:32.206 [vert.x-eventloop-thread-1] DEBUG c.h.platform.operator.util.CRDUtil - Checking CRD condition 'NamesAccepted' (status: 'True')
2025-01-30 04:03:32,208 INFO c.h.h.t.HelmChartContainer - [hivemq-test-hivemq-platform] [hivemq-platform-operator] [49896a8e] 04:03:32.207 [vert.x-eventloop-thread-1] DEBUG c.h.platform.operator.util.CRDUtil - Checking CRD condition 'Established' (status: 'True')
2025-01-30 04:03:32,209 INFO c.h.h.t.HelmChartContainer - [hivemq-test-hivemq-platform] [hivemq-platform-operator] [49896a8e] 04:03:32.208 [main] INFO  c.h.platform.operator.util.CRDUtil - HiveMQ Platform CRD 'hivemq-platforms.hivemq.com' is ready
2025-01-30 04:03:32,407 INFO c.h.h.t.HelmChartContainer - [hivemq-test-hivemq-platform] [hivemq-platform-operator] [49896a8e] 04:03:32.407 [main] INFO  c.h.p.o.HiveMQPlatformReconciler - HiveMQ Platform Operator is starting...
2025-01-30 04:03:32,503 INFO c.h.h.t.HelmChartContainer - [hivemq-test-hivemq-platform] [hivemq-platform-operator] [49896a8e] 04:03:32.502 [main] WARN  Default ConfigurationService implementation - Configuration for reconciler 'hivemq-controller' was not found. Known reconcilers: None.
2025-01-30 04:03:32,512 INFO c.h.h.t.HelmChartContainer - [hivemq-test-hivemq-platform] [hivemq-platform-operator] [49896a8e] 04:03:32.511 [main] INFO  Default ConfigurationService implementation - Created configuration for reconciler com.hivemq.platform.operator.HiveMQPlatformReconciler with name hivemq-controller
2025-01-30 04:03:32,614 INFO c.h.h.t.HelmChartContainer - [hivemq-test-hivemq-platform] [hivemq-platform-operator] [49896a8e] 04:03:32.613 [main] DEBUG c.h.p.o.HiveMQPlatformReconciler - HiveMQ Platform Operator is preparing EventSources
2025-01-30 04:03:32,702 INFO c.h.h.t.HelmChartContainer - [hivemq-test-hivemq-platform] [hivemq-platform-operator] [49896a8e] 04:03:32.701 [main] INFO  i.javaoperatorsdk.operator.Operator - Registered reconciler: 'hivemq-controller' for resource: 'class com.hivemq.platform.operator.v1.HiveMQPlatform' for namespace(s): [all namespaces]
2025-01-30 04:03:33,205 INFO c.h.h.t.HelmChartContainer - [hivemq-test-hivemq-platform] [hivemq-platform-operator] [49896a8e] 04:03:33.204 [main] INFO  c.h.p.operator.webserver.JettyServer - Starting Jetty server on port 8080
2025-01-30 04:03:33,299 INFO c.h.h.t.HelmChartContainer - [hivemq-test-hivemq-platform] [hivemq-platform-operator] [49896a8e] 04:03:33.298 [main] INFO  i.javaoperatorsdk.operator.Operator - Operator SDK 4.9.7 (commit: 2133d28) built on Wed Nov 20 12:56:20 UTC 2024 starting...
2025-01-30 04:03:33,300 INFO c.h.h.t.HelmChartContainer - [hivemq-test-hivemq-platform] [hivemq-platform-operator] [49896a8e] 04:03:33.299 [main] INFO  i.javaoperatorsdk.operator.Operator - Client version: 6.13.5
2025-01-30 04:03:33,301 INFO c.h.h.t.HelmChartContainer - [hivemq-test-hivemq-platform] [hivemq-platform-operator] [49896a8e] 04:03:33.300 [Controller Starter for: hivemq-controller] INFO  i.j.operator.processing.Controller - Starting 'hivemq-controller' controller for reconciler: com.hivemq.platform.operator.HiveMQPlatformReconciler, resource: com.hivemq.platform.operator.v1.HiveMQPlatform
2025-01-30 04:03:35,705 INFO c.h.h.t.HelmChartContainer - [hivemq-test-hivemq-platform] [hivemq-platform-operator] [49896a8e] 04:03:35.704 [Controller Starter for: hivemq-controller] INFO  i.j.operator.processing.Controller - 'hivemq-controller' controller started
2025-01-30 04:03:35,706 INFO c.h.h.t.HelmChartContainer - [hivemq-test-hivemq-platform] [hivemq-platform-operator] [49896a8e] 04:03:35.705 [main] INFO  c.h.p.o.HiveMQPlatformOperatorApplication - HiveMQ Platform Operator 1.7.0-SNAPSHOT started in 6311 ms
2025-01-30 04:03:37,471 INFO c.h.h.t.HelmChartContainer - [POD] hivemq-test-hivemq-platform-operator-6966f96d65-dhvxl [49896a8e-cad6-4522-87d2-22eb4d86fe9e] in helmmonitoringplatformit-operator was MODIFIED
2025-01-30 04:03:37,474 INFO c.h.h.t.HelmChartContainer - [K3S] [replica_set.go:679] "Finished syncing" kind="ReplicaSet" key="helmmonitoringplatformit-operator/hivemq-test-hivemq-platform-operator-6966f96d65" duration="6.885422ms"
2025-01-30 04:03:37,474 INFO c.h.h.t.HelmChartContainer - [K3S] [replica_set.go:679] "Finished syncing" kind="ReplicaSet" key="helmmonitoringplatformit-operator/hivemq-test-hivemq-platform-operator-6966f96d65" duration="34.094µs"
2025-01-30 04:03:38,468 DEBUG c.h.h.t.HelmChartContainer - Executing helm command: /bin/helm --kubeconfig /etc/rancher/k3s/k3s.yaml repo add prometheus-community https://prometheus-community.github.io/helm-charts
2025-01-30 04:03:38,985 DEBUG c.h.h.t.HelmChartContainer - Executing helm command: /bin/helm --kubeconfig /etc/rancher/k3s/k3s.yaml install monitoring-stack prometheus-community/kube-prometheus-stack --wait --timeout 5m0s --set prometheus-node-exporter.hostRootFsMount.enabled=false -n monitoring --create-namespace
2025-01-30 04:03:45,801 INFO c.h.h.t.HelmChartContainer - [K3S] [job_controller.go:598] "enqueueing job" key="monitoring/monitoring-stack-kube-prom-admission-create" delay="0s"
2025-01-30 04:03:45,815 INFO c.h.h.t.HelmChartContainer - [K3S] [job_controller.go:598] "enqueueing job" key="monitoring/monitoring-stack-kube-prom-admission-create" delay="1s"
2025-01-30 04:03:45,818 INFO c.h.h.t.HelmChartContainer - [EVENT] Normal [SuccessfulCreate] Created pod: monitoring-stack-kube-prom-admission-create-bc8rw [monitoring:monitoring-stack-kube-prom-admission-create]
2025-01-30 04:03:45,821 INFO c.h.h.t.HelmChartContainer - [POD] monitoring-stack-kube-prom-admission-create-bc8rw [80fbda5d-6a3e-49ac-a190-d17252ef8294] in monitoring was ADDED
2025-01-30 04:03:45,824 INFO c.h.h.t.HelmChartContainer - [K3S] [job_controller.go:598] "enqueueing job" key="monitoring/monitoring-stack-kube-prom-admission-create" delay="1s"
2025-01-30 04:03:45,829 INFO c.h.h.t.HelmChartContainer - [POD] monitoring-stack-kube-prom-admission-create-bc8rw [80fbda5d-6a3e-49ac-a190-d17252ef8294] in monitoring was MODIFIED
2025-01-30 04:03:45,829 INFO c.h.h.t.HelmChartContainer - [K3S] [job_controller.go:598] "enqueueing job" key="monitoring/monitoring-stack-kube-prom-admission-create" delay="1s"
2025-01-30 04:03:45,830 INFO c.h.h.t.HelmChartContainer - [K3S] [reflector.go:569] object-"monitoring"/"kube-root-ca.crt": failed to list *v1.ConfigMap: configmaps "kube-root-ca.crt" is forbidden: User "system:node:13757cc4392a" cannot list resource "configmaps" in API group "" in the namespace "monitoring": no relationship found between node '13757cc4392a' and this object
2025-01-30 04:03:45,830 INFO c.h.h.t.HelmChartContainer - [K3S] [reflector.go:166] "Unhandled Error" err="object-\"monitoring\"/\"kube-root-ca.crt\": Failed to watch *v1.ConfigMap: failed to list *v1.ConfigMap: configmaps \"kube-root-ca.crt\" is forbidden: User \"system:node:13757cc4392a\" cannot list resource \"configmaps\" in API group \"\" in the namespace \"monitoring\": no relationship found between node '13757cc4392a' and this object"
2025-01-30 04:03:45,831 INFO c.h.h.t.HelmChartContainer - [EVENT] Normal [Scheduled] Successfully assigned monitoring/monitoring-stack-kube-prom-admission-create-bc8rw to 13757cc4392a [monitoring:monitoring-stack-kube-prom-admission-create-bc8rw]
2025-01-30 04:03:45,842 INFO c.h.h.t.HelmChartContainer - [POD] monitoring-stack-kube-prom-admission-create-bc8rw [80fbda5d-6a3e-49ac-a190-d17252ef8294] in monitoring was MODIFIED
2025-01-30 04:03:45,842 INFO c.h.h.t.HelmChartContainer - [K3S] [job_controller.go:598] "enqueueing job" key="monitoring/monitoring-stack-kube-prom-admission-create" delay="1s"
2025-01-30 04:03:45,973 INFO c.h.h.t.HelmChartContainer - [K3S] [reconciler_common.go:251] "operationExecutor.VerifyControllerAttachedVolume started for volume \"kube-api-access-t595q\" (UniqueName: \"kubernetes.io/projected/80fbda5d-6a3e-49ac-a190-d17252ef8294-kube-api-access-t595q\") pod \"monitoring-stack-kube-prom-admission-create-bc8rw\" (UID: \"80fbda5d-6a3e-49ac-a190-d17252ef8294\") " pod="monitoring/monitoring-stack-kube-prom-admission-create-bc8rw"
2025-01-30 04:03:47,079 INFO c.h.h.t.HelmChartContainer - [K3S] [projected.go:288] Couldn't get configMap monitoring/kube-root-ca.crt: failed to sync configmap cache: timed out waiting for the condition
2025-01-30 04:03:47,079 INFO c.h.h.t.HelmChartContainer - [K3S] [projected.go:194] Error preparing data for projected volume kube-api-access-t595q for pod monitoring/monitoring-stack-kube-prom-admission-create-bc8rw: failed to sync configmap cache: timed out waiting for the condition
2025-01-30 04:03:47,079 INFO c.h.h.t.HelmChartContainer - [K3S] [nestedpendingoperations.go:348] Operation for "{volumeName:kubernetes.io/projected/80fbda5d-6a3e-49ac-a190-d17252ef8294-kube-api-access-t595q podName:80fbda5d-6a3e-49ac-a190-d17252ef8294 nodeName:}" failed. No retries permitted until 2025-01-30 04:03:47.579416331 +0000 UTC m=+247.096584330 (durationBeforeRetry 500ms). Error: MountVolume.SetUp failed for volume "kube-api-access-t595q" (UniqueName: "kubernetes.io/projected/80fbda5d-6a3e-49ac-a190-d17252ef8294-kube-api-access-t595q") pod "monitoring-stack-kube-prom-admission-create-bc8rw" (UID: "80fbda5d-6a3e-49ac-a190-d17252ef8294") : failed to sync configmap cache: timed out waiting for the condition
2025-01-30 04:03:47,083 INFO c.h.h.t.HelmChartContainer - [EVENT] Warning [FailedMount] MountVolume.SetUp failed for volume "kube-api-access-t595q" : failed to sync configmap cache: timed out waiting for the condition [monitoring:monitoring-stack-kube-prom-admission-create-bc8rw]
2025-01-30 04:03:47,713 INFO c.h.h.t.HelmChartContainer - [EVENT] Normal [Pulling] Pulling image "registry.k8s.io/ingress-nginx/kube-webhook-certgen:v1.5.1" [monitoring:monitoring-stack-kube-prom-admission-create-bc8rw]
2025-01-30 04:03:48,918 INFO c.h.h.t.HelmChartContainer - [EVENT] Normal [Pulled] Successfully pulled image "registry.k8s.io/ingress-nginx/kube-webhook-certgen:v1.5.1" in 1.202s (1.202s including waiting). Image size: 27079554 bytes. [monitoring:monitoring-stack-kube-prom-admission-create-bc8rw]
2025-01-30 04:03:48,925 INFO c.h.h.t.HelmChartContainer - [EVENT] Normal [Created] Created container: create [monitoring:monitoring-stack-kube-prom-admission-create-bc8rw]
2025-01-30 04:03:48,988 INFO c.h.h.t.HelmChartContainer - [EVENT] Normal [Started] Started container create [monitoring:monitoring-stack-kube-prom-admission-create-bc8rw]
2025-01-30 04:03:49,494 INFO c.h.h.t.HelmChartContainer - [K3S] [job_controller.go:598] "enqueueing job" key="monitoring/monitoring-stack-kube-prom-admission-create" delay="1s"
2025-01-30 04:03:49,494 INFO c.h.h.t.HelmChartContainer - [POD] monitoring-stack-kube-prom-admission-create-bc8rw [80fbda5d-6a3e-49ac-a190-d17252ef8294] in monitoring was MODIFIED
2025-01-30 04:03:50,496 INFO c.h.h.t.HelmChartContainer - [POD] monitoring-stack-kube-prom-admission-create-bc8rw [80fbda5d-6a3e-49ac-a190-d17252ef8294] in monitoring was MODIFIED
2025-01-30 04:03:50,496 INFO c.h.h.t.HelmChartContainer - [K3S] [job_controller.go:598] "enqueueing job" key="monitoring/monitoring-stack-kube-prom-admission-create" delay="1s"
2025-01-30 04:03:50,496 INFO c.h.h.t.HelmChartContainer - [K3S] [job_controller.go:598] "enqueueing job" key="monitoring/monitoring-stack-kube-prom-admission-create" delay="1s"
2025-01-30 04:03:51,499 INFO c.h.h.t.HelmChartContainer - [K3S] [job_controller.go:598] "enqueueing job" key="monitoring/monitoring-stack-kube-prom-admission-create" delay="1s"
2025-01-30 04:03:51,568 INFO c.h.h.t.HelmChartContainer - [K3S] [job_controller.go:598] "enqueueing job" key="monitoring/monitoring-stack-kube-prom-admission-create" delay="1s"
2025-01-30 04:03:51,569 INFO c.h.h.t.HelmChartContainer - [POD] monitoring-stack-kube-prom-admission-create-bc8rw [80fbda5d-6a3e-49ac-a190-d17252ef8294] in monitoring was MODIFIED
2025-01-30 04:03:51,624 INFO c.h.h.t.HelmChartContainer - [K3S] [reconciler_common.go:162] "operationExecutor.UnmountVolume started for volume \"kube-api-access-t595q\" (UniqueName: \"kubernetes.io/projected/80fbda5d-6a3e-49ac-a190-d17252ef8294-kube-api-access-t595q\") pod \"80fbda5d-6a3e-49ac-a190-d17252ef8294\" (UID: \"80fbda5d-6a3e-49ac-a190-d17252ef8294\") "
2025-01-30 04:03:51,725 INFO c.h.h.t.HelmChartContainer - [K3S] [reconciler_common.go:299] "Volume detached for volume \"kube-api-access-t595q\" (UniqueName: \"kubernetes.io/projected/80fbda5d-6a3e-49ac-a190-d17252ef8294-kube-api-access-t595q\") on node \"13757cc4392a\" DevicePath \"\""
2025-01-30 04:03:52,492 INFO c.h.h.t.HelmChartContainer - [K3S] [pod_container_deletor.go:80] "Container not found in pod's containers" containerID="7c9fea41b77be687827ac856ef496dcc3e2b4a3ea6f30028e21d35b4afbc0086"
2025-01-30 04:03:52,502 INFO c.h.h.t.HelmChartContainer - [K3S] [job_controller.go:598] "enqueueing job" key="monitoring/monitoring-stack-kube-prom-admission-create" delay="1s"
2025-01-30 04:03:52,506 INFO c.h.h.t.HelmChartContainer - [K3S] [job_controller.go:598] "enqueueing job" key="monitoring/monitoring-stack-kube-prom-admission-create" delay="1s"
2025-01-30 04:03:52,507 INFO c.h.h.t.HelmChartContainer - [POD] monitoring-stack-kube-prom-admission-create-bc8rw [80fbda5d-6a3e-49ac-a190-d17252ef8294] in monitoring was MODIFIED
2025-01-30 04:03:52,512 INFO c.h.h.t.HelmChartContainer - [EVENT] Normal [Completed] Job completed [monitoring:monitoring-stack-kube-prom-admission-create]
2025-01-30 04:03:52,519 INFO c.h.h.t.HelmChartContainer - [K3S] [job_controller.go:598] "enqueueing job" key="monitoring/monitoring-stack-kube-prom-admission-create" delay="0s"
2025-01-30 04:03:52,526 INFO c.h.h.t.HelmChartContainer - [POD] monitoring-stack-kube-prom-admission-create-bc8rw [80fbda5d-6a3e-49ac-a190-d17252ef8294] in monitoring was MODIFIED
2025-01-30 04:03:52,531 INFO c.h.h.t.HelmChartContainer - [POD] monitoring-stack-kube-prom-admission-create-bc8rw [80fbda5d-6a3e-49ac-a190-d17252ef8294] in monitoring was DELETED
2025-01-30 04:03:52,675 INFO c.h.h.t.HelmChartContainer - [K3S] [alloc.go:330] "allocated clusterIPs" service="monitoring/monitoring-stack-kube-state-metrics" clusterIPs={"IPv4":"10.43.2.194"}
2025-01-30 04:03:52,678 INFO c.h.h.t.HelmChartContainer - [K3S] [alloc.go:330] "allocated clusterIPs" service="monitoring/monitoring-stack-kube-prom-prometheus" clusterIPs={"IPv4":"10.43.3.51"}
2025-01-30 04:03:52,683 INFO c.h.h.t.HelmChartContainer - [K3S] [alloc.go:330] "allocated clusterIPs" service="monitoring/monitoring-stack-kube-prom-alertmanager" clusterIPs={"IPv4":"10.43.254.209"}
2025-01-30 04:03:52,697 INFO c.h.h.t.HelmChartContainer - [K3S] [alloc.go:330] "allocated clusterIPs" service="monitoring/monitoring-stack-kube-prom-operator" clusterIPs={"IPv4":"10.43.10.158"}
2025-01-30 04:03:52,706 INFO c.h.h.t.HelmChartContainer - [K3S] [alloc.go:330] "allocated clusterIPs" service="monitoring/monitoring-stack-prometheus-node-exporter" clusterIPs={"IPv4":"10.43.101.218"}
2025-01-30 04:03:52,721 INFO c.h.h.t.HelmChartContainer - [K3S] [alloc.go:330] "allocated clusterIPs" service="monitoring/monitoring-stack-grafana" clusterIPs={"IPv4":"10.43.66.227"}
2025-01-30 04:03:52,753 INFO c.h.h.t.HelmChartContainer - [POD] monitoring-stack-prometheus-node-exporter-wztb4 [26a6e290-480f-429e-ae28-4b06d86ff9c1] in monitoring was ADDED
2025-01-30 04:03:52,754 INFO c.h.h.t.HelmChartContainer - [EVENT] Normal [ScalingReplicaSet] Scaled up replica set monitoring-stack-grafana-64c55fb967 from 0 to 1 [monitoring:monitoring-stack-grafana]
2025-01-30 04:03:52,762 INFO c.h.h.t.HelmChartContainer - [POD] monitoring-stack-kube-state-metrics-5bf5c7b54d-n2qrs [e9ef6014-1bb9-4c36-bd24-02df2697e729] in monitoring was ADDED
2025-01-30 04:03:52,763 INFO c.h.h.t.HelmChartContainer - [POD] monitoring-stack-grafana-64c55fb967-kjbqv [4e5b348e-e6b7-4813-bed7-7d4feeec974b] in monitoring was ADDED
2025-01-30 04:03:52,770 INFO c.h.h.t.HelmChartContainer - [EVENT] Normal [SuccessfulCreate] Created pod: monitoring-stack-prometheus-node-exporter-wztb4 [monitoring:monitoring-stack-prometheus-node-exporter]
2025-01-30 04:03:52,770 INFO c.h.h.t.HelmChartContainer - [EVENT] Normal [SuccessfulCreate] Created pod: monitoring-stack-kube-state-metrics-5bf5c7b54d-n2qrs [monitoring:monitoring-stack-kube-state-metrics-5bf5c7b54d]
2025-01-30 04:03:52,771 INFO c.h.h.t.HelmChartContainer - [POD] monitoring-stack-prometheus-node-exporter-wztb4 [26a6e290-480f-429e-ae28-4b06d86ff9c1] in monitoring was MODIFIED
2025-01-30 04:03:52,771 INFO c.h.h.t.HelmChartContainer - [POD] monitoring-stack-kube-state-metrics-5bf5c7b54d-n2qrs [e9ef6014-1bb9-4c36-bd24-02df2697e729] in monitoring was MODIFIED
2025-01-30 04:03:52,772 INFO c.h.h.t.HelmChartContainer - [K3S] [replica_set.go:679] "Finished syncing" kind="ReplicaSet" key="monitoring/monitoring-stack-kube-state-metrics-5bf5c7b54d" duration="26.090745ms"
2025-01-30 04:03:52,782 INFO c.h.h.t.HelmChartContainer - [K3S] [memory_manager.go:355] "RemoveStaleState removing state" podUID="80fbda5d-6a3e-49ac-a190-d17252ef8294" containerName="create"
2025-01-30 04:03:52,789 INFO c.h.h.t.HelmChartContainer - [K3S] [dispatcher.go:210] Failed calling webhook, failing open prometheusrulemutate.monitoring.coreos.com: failed calling webhook "prometheusrulemutate.monitoring.coreos.com": failed to call webhook: Post "https://monitoring-stack-kube-prom-operator.monitoring.svc:443/admission-prometheusrules/mutate?timeout=10s": no endpoints available for service "monitoring-stack-kube-prom-operator"
2025-01-30 04:03:52,790 INFO c.h.h.t.HelmChartContainer - [K3S] [dispatcher.go:214] "Unhandled Error" err="failed calling webhook \"prometheusrulemutate.monitoring.coreos.com\": failed to call webhook: Post \"https://monitoring-stack-kube-prom-operator.monitoring.svc:443/admission-prometheusrules/mutate?timeout=10s\": no endpoints available for service \"monitoring-stack-kube-prom-operator\""
2025-01-30 04:03:52,801 INFO c.h.h.t.HelmChartContainer - [K3S] [dispatcher.go:210] Failed calling webhook, failing open prometheusrulemutate.monitoring.coreos.com: failed calling webhook "prometheusrulemutate.monitoring.coreos.com": failed to call webhook: Post "https://monitoring-stack-kube-prom-operator.monitoring.svc:443/admission-prometheusrules/mutate?timeout=10s": no endpoints available for service "monitoring-stack-kube-prom-operator"
2025-01-30 04:03:52,802 INFO c.h.h.t.HelmChartContainer - [K3S] [dispatcher.go:214] "Unhandled Error" err="failed calling webhook \"prometheusrulemutate.monitoring.coreos.com\": failed to call webhook: Post \"https://monitoring-stack-kube-prom-operator.monitoring.svc:443/admission-prometheusrules/mutate?timeout=10s\": no endpoints available for service \"monitoring-stack-kube-prom-operator\""
2025-01-30 04:03:52,802 INFO c.h.h.t.HelmChartContainer - [K3S] [dispatcher.go:210] Failed calling webhook, failing open prometheusrulemutate.monitoring.coreos.com: failed calling webhook "prometheusrulemutate.monitoring.coreos.com": failed to call webhook: Post "https://monitoring-stack-kube-prom-operator.monitoring.svc:443/admission-prometheusrules/mutate?timeout=10s": no endpoints available for service "monitoring-stack-kube-prom-operator"
2025-01-30 04:03:52,803 INFO c.h.h.t.HelmChartContainer - [K3S] [dispatcher.go:214] "Unhandled Error" err="failed calling webhook \"prometheusrulemutate.monitoring.coreos.com\": failed to call webhook: Post \"https://monitoring-stack-kube-prom-operator.monitoring.svc:443/admission-prometheusrules/mutate?timeout=10s\": no endpoints available for service \"monitoring-stack-kube-prom-operator\""
2025-01-30 04:03:52,804 INFO c.h.h.t.HelmChartContainer - [POD] monitoring-stack-grafana-64c55fb967-kjbqv [4e5b348e-e6b7-4813-bed7-7d4feeec974b] in monitoring was MODIFIED
2025-01-30 04:03:52,806 INFO c.h.h.t.HelmChartContainer - [K3S] [dispatcher.go:210] Failed calling webhook, failing open prometheusrulemutate.monitoring.coreos.com: failed calling webhook "prometheusrulemutate.monitoring.coreos.com": failed to call webhook: Post "https://monitoring-stack-kube-prom-operator.monitoring.svc:443/admission-prometheusrules/mutate?timeout=10s": no endpoints available for service "monitoring-stack-kube-prom-operator"
2025-01-30 04:03:52,808 INFO c.h.h.t.HelmChartContainer - [K3S] [dispatcher.go:214] "Unhandled Error" err="failed calling webhook \"prometheusrulemutate.monitoring.coreos.com\": failed to call webhook: Post \"https://monitoring-stack-kube-prom-operator.monitoring.svc:443/admission-prometheusrules/mutate?timeout=10s\": no endpoints available for service \"monitoring-stack-kube-prom-operator\""
2025-01-30 04:03:52,808 INFO c.h.h.t.HelmChartContainer - [K3S] [dispatcher.go:210] Failed calling webhook, failing open prometheusrulemutate.monitoring.coreos.com: failed calling webhook "prometheusrulemutate.monitoring.coreos.com": failed to call webhook: Post "https://monitoring-stack-kube-prom-operator.monitoring.svc:443/admission-prometheusrules/mutate?timeout=10s": no endpoints available for service "monitoring-stack-kube-prom-operator"
2025-01-30 04:03:52,808 INFO c.h.h.t.HelmChartContainer - [K3S] [dispatcher.go:214] "Unhandled Error" err="failed calling webhook \"prometheusrulemutate.monitoring.coreos.com\": failed to call webhook: Post \"https://monitoring-stack-kube-prom-operator.monitoring.svc:443/admission-prometheusrules/mutate?timeout=10s\": no endpoints available for service \"monitoring-stack-kube-prom-operator\""
2025-01-30 04:03:52,808 INFO c.h.h.t.HelmChartContainer - [K3S] [reflector.go:569] object-"monitoring"/"monitoring-stack-grafana-config-dashboards": failed to list *v1.ConfigMap: configmaps "monitoring-stack-grafana-config-dashboards" is forbidden: User "system:node:13757cc4392a" cannot list resource "configmaps" in API group "" in the namespace "monitoring": no relationship found between node '13757cc4392a' and this object
2025-01-30 04:03:52,808 INFO c.h.h.t.HelmChartContainer - [K3S] [reflector.go:166] "Unhandled Error" err="object-\"monitoring\"/\"monitoring-stack-grafana-config-dashboards\": Failed to watch *v1.ConfigMap: failed to list *v1.ConfigMap: configmaps \"monitoring-stack-grafana-config-dashboards\" is forbidden: User \"system:node:13757cc4392a\" cannot list resource \"configmaps\" in API group \"\" in the namespace \"monitoring\": no relationship found between node '13757cc4392a' and this object"
2025-01-30 04:03:52,808 INFO c.h.h.t.HelmChartContainer - [K3S] [reflector.go:569] object-"monitoring"/"monitoring-stack-grafana": failed to list *v1.Secret: secrets "monitoring-stack-grafana" is forbidden: User "system:node:13757cc4392a" cannot list resource "secrets" in API group "" in the namespace "monitoring": no relationship found between node '13757cc4392a' and this object
2025-01-30 04:03:52,808 INFO c.h.h.t.HelmChartContainer - [K3S] [reflector.go:166] "Unhandled Error" err="object-\"monitoring\"/\"monitoring-stack-grafana\": Failed to watch *v1.Secret: failed to list *v1.Secret: secrets \"monitoring-stack-grafana\" is forbidden: User \"system:node:13757cc4392a\" cannot list resource \"secrets\" in API group \"\" in the namespace \"monitoring\": no relationship found between node '13757cc4392a' and this object"
2025-01-30 04:03:52,808 INFO c.h.h.t.HelmChartContainer - [K3S] [reflector.go:569] object-"monitoring"/"monitoring-stack-grafana": failed to list *v1.ConfigMap: configmaps "monitoring-stack-grafana" is forbidden: User "system:node:13757cc4392a" cannot list resource "configmaps" in API group "" in the namespace "monitoring": no relationship found between node '13757cc4392a' and this object
2025-01-30 04:03:52,808 INFO c.h.h.t.HelmChartContainer - [K3S] [reflector.go:166] "Unhandled Error" err="object-\"monitoring\"/\"monitoring-stack-grafana\": Failed to watch *v1.ConfigMap: failed to list *v1.ConfigMap: configmaps \"monitoring-stack-grafana\" is forbidden: User \"system:node:13757cc4392a\" cannot list resource \"configmaps\" in API group \"\" in the namespace \"monitoring\": no relationship found between node '13757cc4392a' and this object"
2025-01-30 04:03:52,808 INFO c.h.h.t.HelmChartContainer - [EVENT] Normal [Scheduled] Successfully assigned monitoring/monitoring-stack-prometheus-node-exporter-wztb4 to 13757cc4392a [monitoring:monitoring-stack-prometheus-node-exporter-wztb4]
2025-01-30 04:03:52,811 INFO c.h.h.t.HelmChartContainer - [POD] monitoring-stack-kube-prom-operator-6998896c-cnrwn [971e0cab-db43-404f-b9b5-790bd050137d] in monitoring was ADDED
2025-01-30 04:03:52,815 INFO c.h.h.t.HelmChartContainer - [K3S] [dispatcher.go:210] Failed calling webhook, failing open prometheusrulemutate.monitoring.coreos.com: failed calling webhook "prometheusrulemutate.monitoring.coreos.com": failed to call webhook: Post "https://monitoring-stack-kube-prom-operator.monitoring.svc:443/admission-prometheusrules/mutate?timeout=10s": no endpoints available for service "monitoring-stack-kube-prom-operator"
2025-01-30 04:03:52,815 INFO c.h.h.t.HelmChartContainer - [K3S] [dispatcher.go:214] "Unhandled Error" err="failed calling webhook \"prometheusrulemutate.monitoring.coreos.com\": failed to call webhook: Post \"https://monitoring-stack-kube-prom-operator.monitoring.svc:443/admission-prometheusrules/mutate?timeout=10s\": no endpoints available for service \"monitoring-stack-kube-prom-operator\""
2025-01-30 04:03:52,815 INFO c.h.h.t.HelmChartContainer - [K3S] [dispatcher.go:210] Failed calling webhook, failing open prometheusrulemutate.monitoring.coreos.com: failed calling webhook "prometheusrulemutate.monitoring.coreos.com": failed to call webhook: Post "https://monitoring-stack-kube-prom-operator.monitoring.svc:443/admission-prometheusrules/mutate?timeout=10s": no endpoints available for service "monitoring-stack-kube-prom-operator"
2025-01-30 04:03:52,820 INFO c.h.h.t.HelmChartContainer - [EVENT] Normal [SuccessfulCreate] Created pod: monitoring-stack-grafana-64c55fb967-kjbqv [monitoring:monitoring-stack-grafana-64c55fb967]
2025-01-30 04:03:52,823 INFO c.h.h.t.HelmChartContainer - [K3S] [replica_set.go:679] "Finished syncing" kind="ReplicaSet" key="monitoring/monitoring-stack-kube-prom-operator-6998896c" duration="64.623782ms"
2025-01-30 04:03:52,823 INFO c.h.h.t.HelmChartContainer - [K3S] [dispatcher.go:214] "Unhandled Error" err="failed calling webhook \"prometheusrulemutate.monitoring.coreos.com\": failed to call webhook: Post \"https://monitoring-stack-kube-prom-operator.monitoring.svc:443/admission-prometheusrules/mutate?timeout=10s\": no endpoints available for service \"monitoring-stack-kube-prom-operator\""
2025-01-30 04:03:52,824 INFO c.h.h.t.HelmChartContainer - [EVENT] Normal [ScalingReplicaSet] Scaled up replica set monitoring-stack-kube-state-metrics-5bf5c7b54d from 0 to 1 [monitoring:monitoring-stack-kube-state-metrics]
2025-01-30 04:03:52,824 INFO c.h.h.t.HelmChartContainer - [K3S] [dispatcher.go:210] Failed calling webhook, failing open prometheusrulemutate.monitoring.coreos.com: failed calling webhook "prometheusrulemutate.monitoring.coreos.com": failed to call webhook: Post "https://monitoring-stack-kube-prom-operator.monitoring.svc:443/admission-prometheusrules/mutate?timeout=10s": no endpoints available for service "monitoring-stack-kube-prom-operator"
2025-01-30 04:03:52,825 INFO c.h.h.t.HelmChartContainer - [K3S] [dispatcher.go:214] "Unhandled Error" err="failed calling webhook \"prometheusrulemutate.monitoring.coreos.com\": failed to call webhook: Post \"https://monitoring-stack-kube-prom-operator.monitoring.svc:443/admission-prometheusrules/mutate?timeout=10s\": no endpoints available for service \"monitoring-stack-kube-prom-operator\""
2025-01-30 04:03:52,825 INFO c.h.h.t.HelmChartContainer - [K3S] [dispatcher.go:210] Failed calling webhook, failing open prometheusrulemutate.monitoring.coreos.com: failed calling webhook "prometheusrulemutate.monitoring.coreos.com": failed to call webhook: Post "https://monitoring-stack-kube-prom-operator.monitoring.svc:443/admission-prometheusrules/mutate?timeout=10s": no endpoints available for service "monitoring-stack-kube-prom-operator"
2025-01-30 04:03:52,826 INFO c.h.h.t.HelmChartContainer - [K3S] [dispatcher.go:214] "Unhandled Error" err="failed calling webhook \"prometheusrulemutate.monitoring.coreos.com\": failed to call webhook: Post \"https://monitoring-stack-kube-prom-operator.monitoring.svc:443/admission-prometheusrules/mutate?timeout=10s\": no endpoints available for service \"monitoring-stack-kube-prom-operator\""
2025-01-30 04:03:52,826 INFO c.h.h.t.HelmChartContainer - [EVENT] Normal [Scheduled] Successfully assigned monitoring/monitoring-stack-kube-state-metrics-5bf5c7b54d-n2qrs to 13757cc4392a [monitoring:monitoring-stack-kube-state-metrics-5bf5c7b54d-n2qrs]
2025-01-30 04:03:52,826 INFO c.h.h.t.HelmChartContainer - [K3S] [dispatcher.go:210] Failed calling webhook, failing open prometheusrulemutate.monitoring.coreos.com: failed calling webhook "prometheusrulemutate.monitoring.coreos.com": failed to call webhook: Post "https://monitoring-stack-kube-prom-operator.monitoring.svc:443/admission-prometheusrules/mutate?timeout=10s": no endpoints available for service "monitoring-stack-kube-prom-operator"
2025-01-30 04:03:52,826 INFO c.h.h.t.HelmChartContainer - [K3S] [dispatcher.go:214] "Unhandled Error" err="failed calling webhook \"prometheusrulemutate.monitoring.coreos.com\": failed to call webhook: Post \"https://monitoring-stack-kube-prom-operator.monitoring.svc:443/admission-prometheusrules/mutate?timeout=10s\": no endpoints available for service \"monitoring-stack-kube-prom-operator\""
2025-01-30 04:03:52,826 INFO c.h.h.t.HelmChartContainer - [K3S] [replica_set.go:679] "Finished syncing" kind="ReplicaSet" key="monitoring/monitoring-stack-grafana-64c55fb967" duration="75.803731ms"
2025-01-30 04:03:52,827 INFO c.h.h.t.HelmChartContainer - [EVENT] Normal [Scheduled] Successfully assigned monitoring/monitoring-stack-grafana-64c55fb967-kjbqv to 13757cc4392a [monitoring:monitoring-stack-grafana-64c55fb967-kjbqv]
2025-01-30 04:03:52,828 INFO c.h.h.t.HelmChartContainer - [POD] monitoring-stack-kube-prom-operator-6998896c-cnrwn [971e0cab-db43-404f-b9b5-790bd050137d] in monitoring was MODIFIED
2025-01-30 04:03:52,834 INFO c.h.h.t.HelmChartContainer - [K3S] [dispatcher.go:210] Failed calling webhook, failing open prometheusrulemutate.monitoring.coreos.com: failed calling webhook "prometheusrulemutate.monitoring.coreos.com": failed to call webhook: Post "https://monitoring-stack-kube-prom-operator.monitoring.svc:443/admission-prometheusrules/mutate?timeout=10s": no endpoints available for service "monitoring-stack-kube-prom-operator"
2025-01-30 04:03:52,834 INFO c.h.h.t.HelmChartContainer - [K3S] [dispatcher.go:214] "Unhandled Error" err="failed calling webhook \"prometheusrulemutate.monitoring.coreos.com\": failed to call webhook: Post \"https://monitoring-stack-kube-prom-operator.monitoring.svc:443/admission-prometheusrules/mutate?timeout=10s\": no endpoints available for service \"monitoring-stack-kube-prom-operator\""
2025-01-30 04:03:52,844 INFO c.h.h.t.HelmChartContainer - [K3S] [dispatcher.go:210] Failed calling webhook, failing open prometheusrulemutate.monitoring.coreos.com: failed calling webhook "prometheusrulemutate.monitoring.coreos.com": failed to call webhook: Post "https://monitoring-stack-kube-prom-operator.monitoring.svc:443/admission-prometheusrules/mutate?timeout=10s": no endpoints available for service "monitoring-stack-kube-prom-operator"
2025-01-30 04:03:52,844 INFO c.h.h.t.HelmChartContainer - [K3S] [dispatcher.go:214] "Unhandled Error" err="failed calling webhook \"prometheusrulemutate.monitoring.coreos.com\": failed to call webhook: Post \"https://monitoring-stack-kube-prom-operator.monitoring.svc:443/admission-prometheusrules/mutate?timeout=10s\": no endpoints available for service \"monitoring-stack-kube-prom-operator\""
2025-01-30 04:03:52,844 INFO c.h.h.t.HelmChartContainer - [K3S] [reconciler_common.go:251] "operationExecutor.VerifyControllerAttachedVolume started for volume \"config\" (UniqueName: \"kubernetes.io/configmap/4e5b348e-e6b7-4813-bed7-7d4feeec974b-config\") pod \"monitoring-stack-grafana-64c55fb967-kjbqv\" (UID: \"4e5b348e-e6b7-4813-bed7-7d4feeec974b\") " pod="monitoring/monitoring-stack-grafana-64c55fb967-kjbqv"
2025-01-30 04:03:52,844 INFO c.h.h.t.HelmChartContainer - [K3S] [reconciler_common.go:251] "operationExecutor.VerifyControllerAttachedVolume started for volume \"storage\" (UniqueName: \"kubernetes.io/empty-dir/4e5b348e-e6b7-4813-bed7-7d4feeec974b-storage\") pod \"monitoring-stack-grafana-64c55fb967-kjbqv\" (UID: \"4e5b348e-e6b7-4813-bed7-7d4feeec974b\") " pod="monitoring/monitoring-stack-grafana-64c55fb967-kjbqv"
2025-01-30 04:03:52,844 INFO c.h.h.t.HelmChartContainer - [K3S] [reconciler_common.go:251] "operationExecutor.VerifyControllerAttachedVolume started for volume \"sc-dashboard-provider\" (UniqueName: \"kubernetes.io/configmap/4e5b348e-e6b7-4813-bed7-7d4feeec974b-sc-dashboard-provider\") pod \"monitoring-stack-grafana-64c55fb967-kjbqv\" (UID: \"4e5b348e-e6b7-4813-bed7-7d4feeec974b\") " pod="monitoring/monitoring-stack-grafana-64c55fb967-kjbqv"
2025-01-30 04:03:52,845 INFO c.h.h.t.HelmChartContainer - [K3S] [reconciler_common.go:251] "operationExecutor.VerifyControllerAttachedVolume started for volume \"sc-datasources-volume\" (UniqueName: \"kubernetes.io/empty-dir/4e5b348e-e6b7-4813-bed7-7d4feeec974b-sc-datasources-volume\") pod \"monitoring-stack-grafana-64c55fb967-kjbqv\" (UID: \"4e5b348e-e6b7-4813-bed7-7d4feeec974b\") " pod="monitoring/monitoring-stack-grafana-64c55fb967-kjbqv"
2025-01-30 04:03:52,845 INFO c.h.h.t.HelmChartContainer - [K3S] [reconciler_common.go:251] "operationExecutor.VerifyControllerAttachedVolume started for volume \"tls-secret\" (UniqueName: \"kubernetes.io/secret/971e0cab-db43-404f-b9b5-790bd050137d-tls-secret\") pod \"monitoring-stack-kube-prom-operator-6998896c-cnrwn\" (UID: \"971e0cab-db43-404f-b9b5-790bd050137d\") " pod="monitoring/monitoring-stack-kube-prom-operator-6998896c-cnrwn"
2025-01-30 04:03:52,845 INFO c.h.h.t.HelmChartContainer - [K3S] [reconciler_common.go:251] "operationExecutor.VerifyControllerAttachedVolume started for volume \"kube-api-access-bsrzg\" (UniqueName: \"kubernetes.io/projected/e9ef6014-1bb9-4c36-bd24-02df2697e729-kube-api-access-bsrzg\") pod \"monitoring-stack-kube-state-metrics-5bf5c7b54d-n2qrs\" (UID: \"e9ef6014-1bb9-4c36-bd24-02df2697e729\") " pod="monitoring/monitoring-stack-kube-state-metrics-5bf5c7b54d-n2qrs"
2025-01-30 04:03:52,845 INFO c.h.h.t.HelmChartContainer - [K3S] [reconciler_common.go:251] "operationExecutor.VerifyControllerAttachedVolume started for volume \"sc-dashboard-volume\" (UniqueName: \"kubernetes.io/empty-dir/4e5b348e-e6b7-4813-bed7-7d4feeec974b-sc-dashboard-volume\") pod \"monitoring-stack-grafana-64c55fb967-kjbqv\" (UID: \"4e5b348e-e6b7-4813-bed7-7d4feeec974b\") " pod="monitoring/monitoring-stack-grafana-64c55fb967-kjbqv"
2025-01-30 04:03:52,845 INFO c.h.h.t.HelmChartContainer - [K3S] [reconciler_common.go:251] "operationExecutor.VerifyControllerAttachedVolume started for volume \"sys\" (UniqueName: \"kubernetes.io/host-path/26a6e290-480f-429e-ae28-4b06d86ff9c1-sys\") pod \"monitoring-stack-prometheus-node-exporter-wztb4\" (UID: \"26a6e290-480f-429e-ae28-4b06d86ff9c1\") " pod="monitoring/monitoring-stack-prometheus-node-exporter-wztb4"
2025-01-30 04:03:52,845 INFO c.h.h.t.HelmChartContainer - [K3S] [reconciler_common.go:251] "operationExecutor.VerifyControllerAttachedVolume started for volume \"kube-api-access-8zjj2\" (UniqueName: \"kubernetes.io/projected/4e5b348e-e6b7-4813-bed7-7d4feeec974b-kube-api-access-8zjj2\") pod \"monitoring-stack-grafana-64c55fb967-kjbqv\" (UID: \"4e5b348e-e6b7-4813-bed7-7d4feeec974b\") " pod="monitoring/monitoring-stack-grafana-64c55fb967-kjbqv"
2025-01-30 04:03:52,845 INFO c.h.h.t.HelmChartContainer - [K3S] [reconciler_common.go:251] "operationExecutor.VerifyControllerAttachedVolume started for volume \"kube-api-access-m6k26\" (UniqueName: \"kubernetes.io/projected/971e0cab-db43-404f-b9b5-790bd050137d-kube-api-access-m6k26\") pod \"monitoring-stack-kube-prom-operator-6998896c-cnrwn\" (UID: \"971e0cab-db43-404f-b9b5-790bd050137d\") " pod="monitoring/monitoring-stack-kube-prom-operator-6998896c-cnrwn"
2025-01-30 04:03:52,845 INFO c.h.h.t.HelmChartContainer - [K3S] [reconciler_common.go:251] "operationExecutor.VerifyControllerAttachedVolume started for volume \"proc\" (UniqueName: \"kubernetes.io/host-path/26a6e290-480f-429e-ae28-4b06d86ff9c1-proc\") pod \"monitoring-stack-prometheus-node-exporter-wztb4\" (UID: \"26a6e290-480f-429e-ae28-4b06d86ff9c1\") " pod="monitoring/monitoring-stack-prometheus-node-exporter-wztb4"
2025-01-30 04:03:52,856 INFO c.h.h.t.HelmChartContainer - [K3S] [dispatcher.go:210] Failed calling webhook, failing open prometheusrulemutate.monitoring.coreos.com: failed calling webhook "prometheusrulemutate.monitoring.coreos.com": failed to call webhook: Post "https://monitoring-stack-kube-prom-operator.monitoring.svc:443/admission-prometheusrules/mutate?timeout=10s": no endpoints available for service "monitoring-stack-kube-prom-operator"
2025-01-30 04:03:52,856 INFO c.h.h.t.HelmChartContainer - [K3S] [dispatcher.go:214] "Unhandled Error" err="failed calling webhook \"prometheusrulemutate.monitoring.coreos.com\": failed to call webhook: Post \"https://monitoring-stack-kube-prom-operator.monitoring.svc:443/admission-prometheusrules/mutate?timeout=10s\": no endpoints available for service \"monitoring-stack-kube-prom-operator\""
2025-01-30 04:03:52,856 INFO c.h.h.t.HelmChartContainer - [K3S] [dispatcher.go:210] Failed calling webhook, failing open prometheusrulemutate.monitoring.coreos.com: failed calling webhook "prometheusrulemutate.monitoring.coreos.com": failed to call webhook: Post "https://monitoring-stack-kube-prom-operator.monitoring.svc:443/admission-prometheusrules/mutate?timeout=10s": no endpoints available for service "monitoring-stack-kube-prom-operator"
2025-01-30 04:03:52,856 INFO c.h.h.t.HelmChartContainer - [K3S] [dispatcher.go:214] "Unhandled Error" err="failed calling webhook \"prometheusrulemutate.monitoring.coreos.com\": failed to call webhook: Post \"https://monitoring-stack-kube-prom-operator.monitoring.svc:443/admission-prometheusrules/mutate?timeout=10s\": no endpoints available for service \"monitoring-stack-kube-prom-operator\""
2025-01-30 04:03:52,856 INFO c.h.h.t.HelmChartContainer - [K3S] [dispatcher.go:210] Failed calling webhook, failing open prometheusrulemutate.monitoring.coreos.com: failed calling webhook "prometheusrulemutate.monitoring.coreos.com": failed to call webhook: Post "https://monitoring-stack-kube-prom-operator.monitoring.svc:443/admission-prometheusrules/mutate?timeout=10s": no endpoints available for service "monitoring-stack-kube-prom-operator"
2025-01-30 04:03:52,856 INFO c.h.h.t.HelmChartContainer - [K3S] [dispatcher.go:214] "Unhandled Error" err="failed calling webhook \"prometheusrulemutate.monitoring.coreos.com\": failed to call webhook: Post \"https://monitoring-stack-kube-prom-operator.monitoring.svc:443/admission-prometheusrules/mutate?timeout=10s\": no endpoints available for service \"monitoring-stack-kube-prom-operator\""
2025-01-30 04:03:52,856 INFO c.h.h.t.HelmChartContainer - [K3S] [dispatcher.go:210] Failed calling webhook, failing open prometheusrulemutate.monitoring.coreos.com: failed calling webhook "prometheusrulemutate.monitoring.coreos.com": failed to call webhook: Post "https://monitoring-stack-kube-prom-operator.monitoring.svc:443/admission-prometheusrules/mutate?timeout=10s": no endpoints available for service "monitoring-stack-kube-prom-operator"
2025-01-30 04:03:52,856 INFO c.h.h.t.HelmChartContainer - [K3S] [dispatcher.go:214] "Unhandled Error" err="failed calling webhook \"prometheusrulemutate.monitoring.coreos.com\": failed to call webhook: Post \"https://monitoring-stack-kube-prom-operator.monitoring.svc:443/admission-prometheusrules/mutate?timeout=10s\": no endpoints available for service \"monitoring-stack-kube-prom-operator\""
2025-01-30 04:03:52,864 INFO c.h.h.t.HelmChartContainer - [K3S] [dispatcher.go:210] Failed calling webhook, failing open prometheusrulemutate.monitoring.coreos.com: failed calling webhook "prometheusrulemutate.monitoring.coreos.com": failed to call webhook: Post "https://monitoring-stack-kube-prom-operator.monitoring.svc:443/admission-prometheusrules/mutate?timeout=10s": no endpoints available for service "monitoring-stack-kube-prom-operator"
2025-01-30 04:03:52,864 INFO c.h.h.t.HelmChartContainer - [K3S] [dispatcher.go:214] "Unhandled Error" err="failed calling webhook \"prometheusrulemutate.monitoring.coreos.com\": failed to call webhook: Post \"https://monitoring-stack-kube-prom-operator.monitoring.svc:443/admission-prometheusrules/mutate?timeout=10s\": no endpoints available for service \"monitoring-stack-kube-prom-operator\""
2025-01-30 04:03:52,867 INFO c.h.h.t.HelmChartContainer - [K3S] [dispatcher.go:210] Failed calling webhook, failing open prometheusrulemutate.monitoring.coreos.com: failed calling webhook "prometheusrulemutate.monitoring.coreos.com": failed to call webhook: Post "https://monitoring-stack-kube-prom-operator.monitoring.svc:443/admission-prometheusrules/mutate?timeout=10s": no endpoints available for service "monitoring-stack-kube-prom-operator"
2025-01-30 04:03:52,868 INFO c.h.h.t.HelmChartContainer - [EVENT] Normal [ScalingReplicaSet] Scaled up replica set monitoring-stack-kube-prom-operator-6998896c from 0 to 1 [monitoring:monitoring-stack-kube-prom-operator]
2025-01-30 04:03:52,872 INFO c.h.h.t.HelmChartContainer - [K3S] [dispatcher.go:214] "Unhandled Error" err="failed calling webhook \"prometheusrulemutate.monitoring.coreos.com\": failed to call webhook: Post \"https://monitoring-stack-kube-prom-operator.monitoring.svc:443/admission-prometheusrules/mutate?timeout=10s\": no endpoints available for service \"monitoring-stack-kube-prom-operator\""
2025-01-30 04:03:52,872 INFO c.h.h.t.HelmChartContainer - [K3S] [dispatcher.go:210] Failed calling webhook, failing open prometheusrulemutate.monitoring.coreos.com: failed calling webhook "prometheusrulemutate.monitoring.coreos.com": failed to call webhook: Post "https://monitoring-stack-kube-prom-operator.monitoring.svc:443/admission-prometheusrules/mutate?timeout=10s": no endpoints available for service "monitoring-stack-kube-prom-operator"
2025-01-30 04:03:52,872 INFO c.h.h.t.HelmChartContainer - [K3S] [dispatcher.go:214] "Unhandled Error" err="failed calling webhook \"prometheusrulemutate.monitoring.coreos.com\": failed to call webhook: Post \"https://monitoring-stack-kube-prom-operator.monitoring.svc:443/admission-prometheusrules/mutate?timeout=10s\": no endpoints available for service \"monitoring-stack-kube-prom-operator\""
2025-01-30 04:03:52,872 INFO c.h.h.t.HelmChartContainer - [K3S] [dispatcher.go:210] Failed calling webhook, failing open prometheusrulemutate.monitoring.coreos.com: failed calling webhook "prometheusrulemutate.monitoring.coreos.com": failed to call webhook: Post "https://monitoring-stack-kube-prom-operator.monitoring.svc:443/admission-prometheusrules/mutate?timeout=10s": no endpoints available for service "monitoring-stack-kube-prom-operator"
2025-01-30 04:03:52,872 INFO c.h.h.t.HelmChartContainer - [K3S] [dispatcher.go:214] "Unhandled Error" err="failed calling webhook \"prometheusrulemutate.monitoring.coreos.com\": failed to call webhook: Post \"https://monitoring-stack-kube-prom-operator.monitoring.svc:443/admission-prometheusrules/mutate?timeout=10s\": no endpoints available for service \"monitoring-stack-kube-prom-operator\""
2025-01-30 04:03:52,873 INFO c.h.h.t.HelmChartContainer - [K3S] [dispatcher.go:210] Failed calling webhook, failing open prometheusrulemutate.monitoring.coreos.com: failed calling webhook "prometheusrulemutate.monitoring.coreos.com": failed to call webhook: Post "https://monitoring-stack-kube-prom-operator.monitoring.svc:443/admission-prometheusrules/mutate?timeout=10s": no endpoints available for service "monitoring-stack-kube-prom-operator"
2025-01-30 04:03:52,873 INFO c.h.h.t.HelmChartContainer - [K3S] [dispatcher.go:214] "Unhandled Error" err="failed calling webhook \"prometheusrulemutate.monitoring.coreos.com\": failed to call webhook: Post \"https://monitoring-stack-kube-prom-operator.monitoring.svc:443/admission-prometheusrules/mutate?timeout=10s\": no endpoints available for service \"monitoring-stack-kube-prom-operator\""
2025-01-30 04:03:52,874 INFO c.h.h.t.HelmChartContainer - [POD] monitoring-stack-kube-state-metrics-5bf5c7b54d-n2qrs [e9ef6014-1bb9-4c36-bd24-02df2697e729] in monitoring was MODIFIED
2025-01-30 04:03:52,877 INFO c.h.h.t.HelmChartContainer - [K3S] [dispatcher.go:210] Failed calling webhook, failing open prometheusrulemutate.monitoring.coreos.com: failed calling webhook "prometheusrulemutate.monitoring.coreos.com": failed to call webhook: Post "https://monitoring-stack-kube-prom-operator.monitoring.svc:443/admission-prometheusrules/mutate?timeout=10s": no endpoints available for service "monitoring-stack-kube-prom-operator"
2025-01-30 04:03:52,878 INFO c.h.h.t.HelmChartContainer - [K3S] [dispatcher.go:214] "Unhandled Error" err="failed calling webhook \"prometheusrulemutate.monitoring.coreos.com\": failed to call webhook: Post \"https://monitoring-stack-kube-prom-operator.monitoring.svc:443/admission-prometheusrules/mutate?timeout=10s\": no endpoints available for service \"monitoring-stack-kube-prom-operator\""
2025-01-30 04:03:52,880 INFO c.h.h.t.HelmChartContainer - [K3S] [dispatcher.go:210] Failed calling webhook, failing open prometheusrulemutate.monitoring.coreos.com: failed calling webhook "prometheusrulemutate.monitoring.coreos.com": failed to call webhook: Post "https://monitoring-stack-kube-prom-operator.monitoring.svc:443/admission-prometheusrules/mutate?timeout=10s": no endpoints available for service "monitoring-stack-kube-prom-operator"
2025-01-30 04:03:52,880 INFO c.h.h.t.HelmChartContainer - [K3S] [dispatcher.go:214] "Unhandled Error" err="failed calling webhook \"prometheusrulemutate.monitoring.coreos.com\": failed to call webhook: Post \"https://monitoring-stack-kube-prom-operator.monitoring.svc:443/admission-prometheusrules/mutate?timeout=10s\": no endpoints available for service \"monitoring-stack-kube-prom-operator\""
2025-01-30 04:03:52,881 INFO c.h.h.t.HelmChartContainer - [K3S] [dispatcher.go:210] Failed calling webhook, failing open prometheusrulemutate.monitoring.coreos.com: failed calling webhook "prometheusrulemutate.monitoring.coreos.com": failed to call webhook: Post "https://monitoring-stack-kube-prom-operator.monitoring.svc:443/admission-prometheusrules/mutate?timeout=10s": no endpoints available for service "monitoring-stack-kube-prom-operator"
2025-01-30 04:03:52,882 INFO c.h.h.t.HelmChartContainer - [K3S] [dispatcher.go:214] "Unhandled Error" err="failed calling webhook \"prometheusrulemutate.monitoring.coreos.com\": failed to call webhook: Post \"https://monitoring-stack-kube-prom-operator.monitoring.svc:443/admission-prometheusrules/mutate?timeout=10s\": no endpoints available for service \"monitoring-stack-kube-prom-operator\""
2025-01-30 04:03:52,883 INFO c.h.h.t.HelmChartContainer - [EVENT] Normal [SuccessfulCreate] Created pod: monitoring-stack-kube-prom-operator-6998896c-cnrwn [monitoring:monitoring-stack-kube-prom-operator-6998896c]
2025-01-30 04:03:52,891 INFO c.h.h.t.HelmChartContainer - [K3S] [dispatcher.go:210] Failed calling webhook, failing open prometheusrulemutate.monitoring.coreos.com: failed calling webhook "prometheusrulemutate.monitoring.coreos.com": failed to call webhook: Post "https://monitoring-stack-kube-prom-operator.monitoring.svc:443/admission-prometheusrules/mutate?timeout=10s": no endpoints available for service "monitoring-stack-kube-prom-operator"
2025-01-30 04:03:52,892 INFO c.h.h.t.HelmChartContainer - [K3S] [dispatcher.go:214] "Unhandled Error" err="failed calling webhook \"prometheusrulemutate.monitoring.coreos.com\": failed to call webhook: Post \"https://monitoring-stack-kube-prom-operator.monitoring.svc:443/admission-prometheusrules/mutate?timeout=10s\": no endpoints available for service \"monitoring-stack-kube-prom-operator\""
2025-01-30 04:03:52,892 INFO c.h.h.t.HelmChartContainer - [K3S] [dispatcher.go:210] Failed calling webhook, failing open prometheusrulemutate.monitoring.coreos.com: failed calling webhook "prometheusrulemutate.monitoring.coreos.com": failed to call webhook: Post "https://monitoring-stack-kube-prom-operator.monitoring.svc:443/admission-prometheusrules/mutate?timeout=10s": no endpoints available for service "monitoring-stack-kube-prom-operator"
2025-01-30 04:03:52,892 INFO c.h.h.t.HelmChartContainer - [K3S] [dispatcher.go:214] "Unhandled Error" err="failed calling webhook \"prometheusrulemutate.monitoring.coreos.com\": failed to call webhook: Post \"https://monitoring-stack-kube-prom-operator.monitoring.svc:443/admission-prometheusrules/mutate?timeout=10s\": no endpoints available for service \"monitoring-stack-kube-prom-operator\""
2025-01-30 04:03:52,893 INFO c.h.h.t.HelmChartContainer - [K3S] [dispatcher.go:210] Failed calling webhook, failing open prometheusrulemutate.monitoring.coreos.com: failed calling webhook "prometheusrulemutate.monitoring.coreos.com": failed to call webhook: Post "https://monitoring-stack-kube-prom-operator.monitoring.svc:443/admission-prometheusrules/mutate?timeout=10s": no endpoints available for service "monitoring-stack-kube-prom-operator"
2025-01-30 04:03:52,893 INFO c.h.h.t.HelmChartContainer - [K3S] [dispatcher.go:214] "Unhandled Error" err="failed calling webhook \"prometheusrulemutate.monitoring.coreos.com\": failed to call webhook: Post \"https://monitoring-stack-kube-prom-operator.monitoring.svc:443/admission-prometheusrules/mutate?timeout=10s\": no endpoints available for service \"monitoring-stack-kube-prom-operator\""
2025-01-30 04:03:52,893 INFO c.h.h.t.HelmChartContainer - [K3S] [dispatcher.go:210] Failed calling webhook, failing open prometheusrulemutate.monitoring.coreos.com: failed calling webhook "prometheusrulemutate.monitoring.coreos.com": failed to call webhook: Post "https://monitoring-stack-kube-prom-operator.monitoring.svc:443/admission-prometheusrules/mutate?timeout=10s": no endpoints available for service "monitoring-stack-kube-prom-operator"
2025-01-30 04:03:52,893 INFO c.h.h.t.HelmChartContainer - [K3S] [dispatcher.go:214] "Unhandled Error" err="failed calling webhook \"prometheusrulemutate.monitoring.coreos.com\": failed to call webhook: Post \"https://monitoring-stack-kube-prom-operator.monitoring.svc:443/admission-prometheusrules/mutate?timeout=10s\": no endpoints available for service \"monitoring-stack-kube-prom-operator\""
2025-01-30 04:03:52,900 INFO c.h.h.t.HelmChartContainer - [K3S] [dispatcher.go:210] Failed calling webhook, failing open prometheusrulemutate.monitoring.coreos.com: failed calling webhook "prometheusrulemutate.monitoring.coreos.com": failed to call webhook: Post "https://monitoring-stack-kube-prom-operator.monitoring.svc:443/admission-prometheusrules/mutate?timeout=10s": no endpoints available for service "monitoring-stack-kube-prom-operator"
2025-01-30 04:03:52,900 INFO c.h.h.t.HelmChartContainer - [K3S] [dispatcher.go:214] "Unhandled Error" err="failed calling webhook \"prometheusrulemutate.monitoring.coreos.com\": failed to call webhook: Post \"https://monitoring-stack-kube-prom-operator.monitoring.svc:443/admission-prometheusrules/mutate?timeout=10s\": no endpoints available for service \"monitoring-stack-kube-prom-operator\""
2025-01-30 04:03:52,900 INFO c.h.h.t.HelmChartContainer - [K3S] [dispatcher.go:210] Failed calling webhook, failing open prometheusrulemutate.monitoring.coreos.com: failed calling webhook "prometheusrulemutate.monitoring.coreos.com": failed to call webhook: Post "https://monitoring-stack-kube-prom-operator.monitoring.svc:443/admission-prometheusrules/mutate?timeout=10s": no endpoints available for service "monitoring-stack-kube-prom-operator"
2025-01-30 04:03:52,900 INFO c.h.h.t.HelmChartContainer - [K3S] [dispatcher.go:214] "Unhandled Error" err="failed calling webhook \"prometheusrulemutate.monitoring.coreos.com\": failed to call webhook: Post \"https://monitoring-stack-kube-prom-operator.monitoring.svc:443/admission-prometheusrules/mutate?timeout=10s\": no endpoints available for service \"monitoring-stack-kube-prom-operator\""
2025-01-30 04:03:52,900 INFO c.h.h.t.HelmChartContainer - [K3S] [dispatcher.go:210] Failed calling webhook, failing open prometheusrulemutate.monitoring.coreos.com: failed calling webhook "prometheusrulemutate.monitoring.coreos.com": failed to call webhook: Post "https://monitoring-stack-kube-prom-operator.monitoring.svc:443/admission-prometheusrules/mutate?timeout=10s": no endpoints available for service "monitoring-stack-kube-prom-operator"
2025-01-30 04:03:52,901 INFO c.h.h.t.HelmChartContainer - [K3S] [dispatcher.go:214] "Unhandled Error" err="failed calling webhook \"prometheusrulemutate.monitoring.coreos.com\": failed to call webhook: Post \"https://monitoring-stack-kube-prom-operator.monitoring.svc:443/admission-prometheusrules/mutate?timeout=10s\": no endpoints available for service \"monitoring-stack-kube-prom-operator\""
2025-01-30 04:03:52,901 INFO c.h.h.t.HelmChartContainer - [K3S] [dispatcher.go:210] Failed calling webhook, failing open prometheusrulemutate.monitoring.coreos.com: failed calling webhook "prometheusrulemutate.monitoring.coreos.com": failed to call webhook: Post "https://monitoring-stack-kube-prom-operator.monitoring.svc:443/admission-prometheusrules/mutate?timeout=10s": no endpoints available for service "monitoring-stack-kube-prom-operator"
2025-01-30 04:03:52,901 INFO c.h.h.t.HelmChartContainer - [K3S] [dispatcher.go:214] "Unhandled Error" err="failed calling webhook \"prometheusrulemutate.monitoring.coreos.com\": failed to call webhook: Post \"https://monitoring-stack-kube-prom-operator.monitoring.svc:443/admission-prometheusrules/mutate?timeout=10s\": no endpoints available for service \"monitoring-stack-kube-prom-operator\""
2025-01-30 04:03:52,907 INFO c.h.h.t.HelmChartContainer - [EVENT] Normal [Scheduled] Successfully assigned monitoring/monitoring-stack-kube-prom-operator-6998896c-cnrwn to 13757cc4392a [monitoring:monitoring-stack-kube-prom-operator-6998896c-cnrwn]
2025-01-30 04:03:52,911 INFO c.h.h.t.HelmChartContainer - [K3S] [dispatcher.go:210] Failed calling webhook, failing open prometheusrulemutate.monitoring.coreos.com: failed calling webhook "prometheusrulemutate.monitoring.coreos.com": failed to call webhook: Post "https://monitoring-stack-kube-prom-operator.monitoring.svc:443/admission-prometheusrules/mutate?timeout=10s": no endpoints available for service "monitoring-stack-kube-prom-operator"
2025-01-30 04:03:52,911 INFO c.h.h.t.HelmChartContainer - [K3S] [dispatcher.go:214] "Unhandled Error" err="failed calling webhook \"prometheusrulemutate.monitoring.coreos.com\": failed to call webhook: Post \"https://monitoring-stack-kube-prom-operator.monitoring.svc:443/admission-prometheusrules/mutate?timeout=10s\": no endpoints available for service \"monitoring-stack-kube-prom-operator\""
2025-01-30 04:03:52,915 INFO c.h.h.t.HelmChartContainer - [K3S] [dispatcher.go:210] Failed calling webhook, failing open prometheusrulemutate.monitoring.coreos.com: failed calling webhook "prometheusrulemutate.monitoring.coreos.com": failed to call webhook: Post "https://monitoring-stack-kube-prom-operator.monitoring.svc:443/admission-prometheusrules/mutate?timeout=10s": no endpoints available for service "monitoring-stack-kube-prom-operator"
2025-01-30 04:03:52,917 INFO c.h.h.t.HelmChartContainer - [K3S] [dispatcher.go:214] "Unhandled Error" err="failed calling webhook \"prometheusrulemutate.monitoring.coreos.com\": failed to call webhook: Post \"https://monitoring-stack-kube-prom-operator.monitoring.svc:443/admission-prometheusrules/mutate?timeout=10s\": no endpoints available for service \"monitoring-stack-kube-prom-operator\""
2025-01-30 04:03:52,917 INFO c.h.h.t.HelmChartContainer - [K3S] [replica_set.go:679] "Finished syncing" kind="ReplicaSet" key="monitoring/monitoring-stack-kube-prom-operator-6998896c" duration="93.049232ms"
2025-01-30 04:03:52,917 INFO c.h.h.t.HelmChartContainer - [K3S] [replica_set.go:679] "Finished syncing" kind="ReplicaSet" key="monitoring/monitoring-stack-kube-prom-operator-6998896c" duration="46.015µs"
2025-01-30 04:03:52,917 INFO c.h.h.t.HelmChartContainer - [K3S] [replica_set.go:679] "Finished syncing" kind="ReplicaSet" key="monitoring/monitoring-stack-grafana-64c55fb967" duration="94.102573ms"
2025-01-30 04:03:52,917 INFO c.h.h.t.HelmChartContainer - [K3S] [replica_set.go:679] "Finished syncing" kind="ReplicaSet" key="monitoring/monitoring-stack-grafana-64c55fb967" duration="40.625µs"
2025-01-30 04:03:52,917 INFO c.h.h.t.HelmChartContainer - [K3S] [dispatcher.go:210] Failed calling webhook, failing open prometheusrulemutate.monitoring.coreos.com: failed calling webhook "prometheusrulemutate.monitoring.coreos.com": failed to call webhook: Post "https://monitoring-stack-kube-prom-operator.monitoring.svc:443/admission-prometheusrules/mutate?timeout=10s": no endpoints available for service "monitoring-stack-kube-prom-operator"
2025-01-30 04:03:52,917 INFO c.h.h.t.HelmChartContainer - [K3S] [dispatcher.go:214] "Unhandled Error" err="failed calling webhook \"prometheusrulemutate.monitoring.coreos.com\": failed to call webhook: Post \"https://monitoring-stack-kube-prom-operator.monitoring.svc:443/admission-prometheusrules/mutate?timeout=10s\": no endpoints available for service \"monitoring-stack-kube-prom-operator\""
2025-01-30 04:03:52,945 INFO c.h.h.t.HelmChartContainer - [K3S] [replica_set.go:679] "Finished syncing" kind="ReplicaSet" key="monitoring/monitoring-stack-kube-state-metrics-5bf5c7b54d" duration="168.794078ms"
2025-01-30 04:03:52,945 INFO c.h.h.t.HelmChartContainer - [K3S] [replica_set.go:679] "Finished syncing" kind="ReplicaSet" key="monitoring/monitoring-stack-kube-state-metrics-5bf5c7b54d" duration="42.669µs"
2025-01-30 04:03:52,966 INFO c.h.h.t.HelmChartContainer - [POD] monitoring-stack-prometheus-node-exporter-wztb4 [26a6e290-480f-429e-ae28-4b06d86ff9c1] in monitoring was MODIFIED
2025-01-30 04:03:53,002 INFO c.h.h.t.HelmChartContainer - [POD] monitoring-stack-kube-prom-operator-6998896c-cnrwn [971e0cab-db43-404f-b9b5-790bd050137d] in monitoring was MODIFIED
2025-01-30 04:03:53,003 INFO c.h.h.t.HelmChartContainer - [K3S] [replica_set.go:679] "Finished syncing" kind="ReplicaSet" key="monitoring/monitoring-stack-kube-prom-operator-6998896c" duration="43.421µs"
2025-01-30 04:03:53,018 INFO c.h.h.t.HelmChartContainer - [K3S] [replica_set.go:679] "Finished syncing" kind="ReplicaSet" key="monitoring/monitoring-stack-grafana-64c55fb967" duration="53.339µs"
2025-01-30 04:03:53,020 INFO c.h.h.t.HelmChartContainer - [POD] monitoring-stack-grafana-64c55fb967-kjbqv [4e5b348e-e6b7-4813-bed7-7d4feeec974b] in monitoring was MODIFIED
2025-01-30 04:03:53,093 INFO c.h.h.t.HelmChartContainer - [K3S] [kubelet_volumes.go:163] "Cleaned up orphaned pod volumes dir" podUID="80fbda5d-6a3e-49ac-a190-d17252ef8294" path="/var/lib/kubelet/pods/80fbda5d-6a3e-49ac-a190-d17252ef8294/volumes"
2025-01-30 04:03:53,172 INFO c.h.h.t.HelmChartContainer - [EVENT] Normal [Pulling] Pulling image "quay.io/prometheus/node-exporter:v1.8.2" [monitoring:monitoring-stack-prometheus-node-exporter-wztb4]
2025-01-30 04:03:53,189 INFO c.h.h.t.HelmChartContainer - [EVENT] Normal [Pulling] Pulling image "registry.k8s.io/kube-state-metrics/kube-state-metrics:v2.14.0" [monitoring:monitoring-stack-kube-state-metrics-5bf5c7b54d-n2qrs]
2025-01-30 04:03:53,234 INFO c.h.h.t.HelmChartContainer - [EVENT] Normal [Pulling] Pulling image "quay.io/prometheus-operator/prometheus-operator:v0.79.2" [monitoring:monitoring-stack-kube-prom-operator-6998896c-cnrwn]
2025-01-30 04:03:53,960 INFO c.h.h.t.HelmChartContainer - [EVENT] Normal [Pulled] Successfully pulled image "registry.k8s.io/kube-state-metrics/kube-state-metrics:v2.14.0" in 771ms (771ms including waiting). Image size: 15427061 bytes. [monitoring:monitoring-stack-kube-state-metrics-5bf5c7b54d-n2qrs]
2025-01-30 04:03:53,971 INFO c.h.h.t.HelmChartContainer - [EVENT] Normal [Created] Created container: kube-state-metrics [monitoring:monitoring-stack-kube-state-metrics-5bf5c7b54d-n2qrs]
2025-01-30 04:03:54,045 INFO c.h.h.t.HelmChartContainer - [EVENT] Normal [Started] Started container kube-state-metrics [monitoring:monitoring-stack-kube-state-metrics-5bf5c7b54d-n2qrs]
2025-01-30 04:03:54,120 INFO c.h.h.t.HelmChartContainer - [EVENT] Normal [Pulling] Pulling image "quay.io/kiwigrid/k8s-sidecar:1.28.0" [monitoring:monitoring-stack-grafana-64c55fb967-kjbqv]
2025-01-30 04:03:54,252 INFO c.h.h.t.HelmChartContainer - [EVENT] Normal [Pulled] Successfully pulled image "quay.io/prometheus/node-exporter:v1.8.2" in 1.079s (1.079s including waiting). Image size: 12041464 bytes. [monitoring:monitoring-stack-prometheus-node-exporter-wztb4]
2025-01-30 04:03:54,263 INFO c.h.h.t.HelmChartContainer - [EVENT] Normal [Created] Created container: node-exporter [monitoring:monitoring-stack-prometheus-node-exporter-wztb4]
2025-01-30 04:03:54,310 INFO c.h.h.t.HelmChartContainer - [EVENT] Normal [Started] Started container node-exporter [monitoring:monitoring-stack-prometheus-node-exporter-wztb4]
2025-01-30 04:03:54,508 INFO c.h.h.t.HelmChartContainer - [K3S] [replica_set.go:679] "Finished syncing" kind="ReplicaSet" key="monitoring/monitoring-stack-kube-state-metrics-5bf5c7b54d" duration="44.253µs"
2025-01-30 04:03:54,513 INFO c.h.h.t.HelmChartContainer - [POD] monitoring-stack-kube-state-metrics-5bf5c7b54d-n2qrs [e9ef6014-1bb9-4c36-bd24-02df2697e729] in monitoring was MODIFIED
2025-01-30 04:03:54,528 INFO c.h.h.t.HelmChartContainer - [POD] monitoring-stack-prometheus-node-exporter-wztb4 [26a6e290-480f-429e-ae28-4b06d86ff9c1] in monitoring was MODIFIED
2025-01-30 04:03:54,728 INFO c.h.h.t.HelmChartContainer - [EVENT] Normal [Pulled] Successfully pulled image "quay.io/prometheus-operator/prometheus-operator:v0.79.2" in 1.493s (1.493s including waiting). Image size: 19140913 bytes. [monitoring:monitoring-stack-kube-prom-operator-6998896c-cnrwn]
2025-01-30 04:03:54,733 INFO c.h.h.t.HelmChartContainer - [EVENT] Normal [Created] Created container: kube-prometheus-stack [monitoring:monitoring-stack-kube-prom-operator-6998896c-cnrwn]
2025-01-30 04:03:54,795 INFO c.h.h.t.HelmChartContainer - [EVENT] Normal [Started] Started container kube-prometheus-stack [monitoring:monitoring-stack-kube-prom-operator-6998896c-cnrwn]
2025-01-30 04:03:55,025 INFO c.h.h.t.HelmChartContainer - [POD] alertmanager-monitoring-stack-kube-prom-alertmanager-0 [2a235a7b-2660-4ccd-889e-74b6550312ea] in monitoring was ADDED
2025-01-30 04:03:55,037 INFO c.h.h.t.HelmChartContainer - [POD] alertmanager-monitoring-stack-kube-prom-alertmanager-0 [2a235a7b-2660-4ccd-889e-74b6550312ea] in monitoring was MODIFIED
2025-01-30 04:03:55,058 INFO c.h.h.t.HelmChartContainer - [EVENT] Normal [Scheduled] Successfully assigned monitoring/alertmanager-monitoring-stack-kube-prom-alertmanager-0 to 13757cc4392a [monitoring:alertmanager-monitoring-stack-kube-prom-alertmanager-0]
2025-01-30 04:03:55,059 INFO c.h.h.t.HelmChartContainer - [EVENT] Normal [SuccessfulCreate] create Pod alertmanager-monitoring-stack-kube-prom-alertmanager-0 in StatefulSet alertmanager-monitoring-stack-kube-prom-alertmanager successful [monitoring:alertmanager-monitoring-stack-kube-prom-alertmanager]
2025-01-30 04:03:55,067 INFO c.h.h.t.HelmChartContainer - [K3S] [reconciler_common.go:251] "operationExecutor.VerifyControllerAttachedVolume started for volume \"tls-assets\" (UniqueName: \"kubernetes.io/projected/2a235a7b-2660-4ccd-889e-74b6550312ea-tls-assets\") pod \"alertmanager-monitoring-stack-kube-prom-alertmanager-0\" (UID: \"2a235a7b-2660-4ccd-889e-74b6550312ea\") " pod="monitoring/alertmanager-monitoring-stack-kube-prom-alertmanager-0"
2025-01-30 04:03:55,067 INFO c.h.h.t.HelmChartContainer - [K3S] [reconciler_common.go:251] "operationExecutor.VerifyControllerAttachedVolume started for volume \"alertmanager-monitoring-stack-kube-prom-alertmanager-db\" (UniqueName: \"kubernetes.io/empty-dir/2a235a7b-2660-4ccd-889e-74b6550312ea-alertmanager-monitoring-stack-kube-prom-alertmanager-db\") pod \"alertmanager-monitoring-stack-kube-prom-alertmanager-0\" (UID: \"2a235a7b-2660-4ccd-889e-74b6550312ea\") " pod="monitoring/alertmanager-monitoring-stack-kube-prom-alertmanager-0"
2025-01-30 04:03:55,067 INFO c.h.h.t.HelmChartContainer - [K3S] [reconciler_common.go:251] "operationExecutor.VerifyControllerAttachedVolume started for volume \"web-config\" (UniqueName: \"kubernetes.io/secret/2a235a7b-2660-4ccd-889e-74b6550312ea-web-config\") pod \"alertmanager-monitoring-stack-kube-prom-alertmanager-0\" (UID: \"2a235a7b-2660-4ccd-889e-74b6550312ea\") " pod="monitoring/alertmanager-monitoring-stack-kube-prom-alertmanager-0"
2025-01-30 04:03:55,067 INFO c.h.h.t.HelmChartContainer - [K3S] [reconciler_common.go:251] "operationExecutor.VerifyControllerAttachedVolume started for volume \"config-volume\" (UniqueName: \"kubernetes.io/secret/2a235a7b-2660-4ccd-889e-74b6550312ea-config-volume\") pod \"alertmanager-monitoring-stack-kube-prom-alertmanager-0\" (UID: \"2a235a7b-2660-4ccd-889e-74b6550312ea\") " pod="monitoring/alertmanager-monitoring-stack-kube-prom-alertmanager-0"
2025-01-30 04:03:55,067 INFO c.h.h.t.HelmChartContainer - [K3S] [reconciler_common.go:251] "operationExecutor.VerifyControllerAttachedVolume started for volume \"config-out\" (UniqueName: \"kubernetes.io/empty-dir/2a235a7b-2660-4ccd-889e-74b6550312ea-config-out\") pod \"alertmanager-monitoring-stack-kube-prom-alertmanager-0\" (UID: \"2a235a7b-2660-4ccd-889e-74b6550312ea\") " pod="monitoring/alertmanager-monitoring-stack-kube-prom-alertmanager-0"
2025-01-30 04:03:55,067 INFO c.h.h.t.HelmChartContainer - [K3S] [reconciler_common.go:251] "operationExecutor.VerifyControllerAttachedVolume started for volume \"kube-api-access-rkfrk\" (UniqueName: \"kubernetes.io/projected/2a235a7b-2660-4ccd-889e-74b6550312ea-kube-api-access-rkfrk\") pod \"alertmanager-monitoring-stack-kube-prom-alertmanager-0\" (UID: \"2a235a7b-2660-4ccd-889e-74b6550312ea\") " pod="monitoring/alertmanager-monitoring-stack-kube-prom-alertmanager-0"
2025-01-30 04:03:55,117 INFO c.h.h.t.HelmChartContainer - [POD] alertmanager-monitoring-stack-kube-prom-alertmanager-0 [2a235a7b-2660-4ccd-889e-74b6550312ea] in monitoring was MODIFIED
2025-01-30 04:03:55,418 INFO c.h.h.t.HelmChartContainer - [POD] prometheus-monitoring-stack-kube-prom-prometheus-0 [4112ca45-60fe-4cb2-8473-d792eaad25a1] in monitoring was ADDED
2025-01-30 04:03:55,423 INFO c.h.h.t.HelmChartContainer - [EVENT] Normal [SuccessfulCreate] create Pod prometheus-monitoring-stack-kube-prom-prometheus-0 in StatefulSet prometheus-monitoring-stack-kube-prom-prometheus successful [monitoring:prometheus-monitoring-stack-kube-prom-prometheus]
2025-01-30 04:03:55,434 INFO c.h.h.t.HelmChartContainer - [EVENT] Normal [Scheduled] Successfully assigned monitoring/prometheus-monitoring-stack-kube-prom-prometheus-0 to 13757cc4392a [monitoring:prometheus-monitoring-stack-kube-prom-prometheus-0]
2025-01-30 04:03:55,441 INFO c.h.h.t.HelmChartContainer - [POD] prometheus-monitoring-stack-kube-prom-prometheus-0 [4112ca45-60fe-4cb2-8473-d792eaad25a1] in monitoring was MODIFIED
2025-01-30 04:03:55,484 INFO c.h.h.t.HelmChartContainer - [POD] prometheus-monitoring-stack-kube-prom-prometheus-0 [4112ca45-60fe-4cb2-8473-d792eaad25a1] in monitoring was MODIFIED
2025-01-30 04:03:55,571 INFO c.h.h.t.HelmChartContainer - [K3S] [reconciler_common.go:251] "operationExecutor.VerifyControllerAttachedVolume started for volume \"tls-assets\" (UniqueName: \"kubernetes.io/projected/4112ca45-60fe-4cb2-8473-d792eaad25a1-tls-assets\") pod \"prometheus-monitoring-stack-kube-prom-prometheus-0\" (UID: \"4112ca45-60fe-4cb2-8473-d792eaad25a1\") " pod="monitoring/prometheus-monitoring-stack-kube-prom-prometheus-0"
2025-01-30 04:03:55,571 INFO c.h.h.t.HelmChartContainer - [K3S] [reconciler_common.go:251] "operationExecutor.VerifyControllerAttachedVolume started for volume \"kube-api-access-nt5xr\" (UniqueName: \"kubernetes.io/projected/4112ca45-60fe-4cb2-8473-d792eaad25a1-kube-api-access-nt5xr\") pod \"prometheus-monitoring-stack-kube-prom-prometheus-0\" (UID: \"4112ca45-60fe-4cb2-8473-d792eaad25a1\") " pod="monitoring/prometheus-monitoring-stack-kube-prom-prometheus-0"
2025-01-30 04:03:55,571 INFO c.h.h.t.HelmChartContainer - [K3S] [reconciler_common.go:251] "operationExecutor.VerifyControllerAttachedVolume started for volume \"web-config\" (UniqueName: \"kubernetes.io/secret/4112ca45-60fe-4cb2-8473-d792eaad25a1-web-config\") pod \"prometheus-monitoring-stack-kube-prom-prometheus-0\" (UID: \"4112ca45-60fe-4cb2-8473-d792eaad25a1\") " pod="monitoring/prometheus-monitoring-stack-kube-prom-prometheus-0"
2025-01-30 04:03:55,571 INFO c.h.h.t.HelmChartContainer - [K3S] [reconciler_common.go:251] "operationExecutor.VerifyControllerAttachedVolume started for volume \"config-out\" (UniqueName: \"kubernetes.io/empty-dir/4112ca45-60fe-4cb2-8473-d792eaad25a1-config-out\") pod \"prometheus-monitoring-stack-kube-prom-prometheus-0\" (UID: \"4112ca45-60fe-4cb2-8473-d792eaad25a1\") " pod="monitoring/prometheus-monitoring-stack-kube-prom-prometheus-0"
2025-01-30 04:03:55,571 INFO c.h.h.t.HelmChartContainer - [K3S] [reconciler_common.go:251] "operationExecutor.VerifyControllerAttachedVolume started for volume \"config\" (UniqueName: \"kubernetes.io/secret/4112ca45-60fe-4cb2-8473-d792eaad25a1-config\") pod \"prometheus-monitoring-stack-kube-prom-prometheus-0\" (UID: \"4112ca45-60fe-4cb2-8473-d792eaad25a1\") " pod="monitoring/prometheus-monitoring-stack-kube-prom-prometheus-0"
2025-01-30 04:03:55,571 INFO c.h.h.t.HelmChartContainer - [K3S] [reconciler_common.go:251] "operationExecutor.VerifyControllerAttachedVolume started for volume \"prometheus-monitoring-stack-kube-prom-prometheus-rulefiles-0\" (UniqueName: \"kubernetes.io/configmap/4112ca45-60fe-4cb2-8473-d792eaad25a1-prometheus-monitoring-stack-kube-prom-prometheus-rulefiles-0\") pod \"prometheus-monitoring-stack-kube-prom-prometheus-0\" (UID: \"4112ca45-60fe-4cb2-8473-d792eaad25a1\") " pod="monitoring/prometheus-monitoring-stack-kube-prom-prometheus-0"
2025-01-30 04:03:55,571 INFO c.h.h.t.HelmChartContainer - [K3S] [reconciler_common.go:251] "operationExecutor.VerifyControllerAttachedVolume started for volume \"prometheus-monitoring-stack-kube-prom-prometheus-db\" (UniqueName: \"kubernetes.io/empty-dir/4112ca45-60fe-4cb2-8473-d792eaad25a1-prometheus-monitoring-stack-kube-prom-prometheus-db\") pod \"prometheus-monitoring-stack-kube-prom-prometheus-0\" (UID: \"4112ca45-60fe-4cb2-8473-d792eaad25a1\") " pod="monitoring/prometheus-monitoring-stack-kube-prom-prometheus-0"
2025-01-30 04:03:55,577 INFO c.h.h.t.HelmChartContainer - [K3S] [replica_set.go:679] "Finished syncing" kind="ReplicaSet" key="monitoring/monitoring-stack-kube-prom-operator-6998896c" duration="50.013µs"
2025-01-30 04:03:55,582 INFO c.h.h.t.HelmChartContainer - [POD] monitoring-stack-kube-prom-operator-6998896c-cnrwn [971e0cab-db43-404f-b9b5-790bd050137d] in monitoring was MODIFIED
2025-01-30 04:03:55,582 INFO c.h.h.t.HelmChartContainer - [EVENT] Normal [Pulling] Pulling image "quay.io/prometheus-operator/prometheus-config-reloader:v0.79.2" [monitoring:alertmanager-monitoring-stack-kube-prom-alertmanager-0]
2025-01-30 04:03:55,635 INFO c.h.h.t.HelmChartContainer - [POD] monitoring-stack-kube-prom-operator-6998896c-cnrwn [971e0cab-db43-404f-b9b5-790bd050137d] in monitoring was MODIFIED
2025-01-30 04:03:55,645 INFO c.h.h.t.HelmChartContainer - [K3S] [replica_set.go:679] "Finished syncing" kind="ReplicaSet" key="monitoring/monitoring-stack-kube-prom-operator-6998896c" duration="20.745382ms"
2025-01-30 04:03:55,647 INFO c.h.h.t.HelmChartContainer - [K3S] [replica_set.go:679] "Finished syncing" kind="ReplicaSet" key="monitoring/monitoring-stack-kube-prom-operator-6998896c" duration="45.966µs"
2025-01-30 04:03:55,904 INFO c.h.h.t.HelmChartContainer - [EVENT] Normal [Pulling] Pulling image "quay.io/prometheus-operator/prometheus-config-reloader:v0.79.2" [monitoring:prometheus-monitoring-stack-kube-prom-prometheus-0]
2025-01-30 04:03:56,559 INFO c.h.h.t.HelmChartContainer - [EVENT] Normal [Pulled] Successfully pulled image "quay.io/prometheus-operator/prometheus-config-reloader:v0.79.2" in 984ms (984ms including waiting). Image size: 14945849 bytes. [monitoring:alertmanager-monitoring-stack-kube-prom-alertmanager-0]
2025-01-30 04:03:56,561 INFO c.h.h.t.HelmChartContainer - [EVENT] Normal [Pulled] Successfully pulled image "quay.io/prometheus-operator/prometheus-config-reloader:v0.79.2" in 655ms (655ms including waiting). Image size: 14945849 bytes. [monitoring:prometheus-monitoring-stack-kube-prom-prometheus-0]
2025-01-30 04:03:56,568 INFO c.h.h.t.HelmChartContainer - [EVENT] Normal [Created] Created container: init-config-reloader [monitoring:prometheus-monitoring-stack-kube-prom-prometheus-0]
2025-01-30 04:03:56,579 INFO c.h.h.t.HelmChartContainer - [EVENT] Normal [Created] Created container: init-config-reloader [monitoring:alertmanager-monitoring-stack-kube-prom-alertmanager-0]
2025-01-30 04:03:56,671 INFO c.h.h.t.HelmChartContainer - [EVENT] Normal [Started] Started container init-config-reloader [monitoring:prometheus-monitoring-stack-kube-prom-prometheus-0]
2025-01-30 04:03:56,673 INFO c.h.h.t.HelmChartContainer - [EVENT] Normal [Started] Started container init-config-reloader [monitoring:alertmanager-monitoring-stack-kube-prom-alertmanager-0]
2025-01-30 04:03:56,707 INFO c.h.h.t.HelmChartContainer - [EVENT] Normal [Pulled] Successfully pulled image "quay.io/kiwigrid/k8s-sidecar:1.28.0" in 2.585s (2.585s including waiting). Image size: 23059632 bytes. [monitoring:monitoring-stack-grafana-64c55fb967-kjbqv]
2025-01-30 04:03:56,719 INFO c.h.h.t.HelmChartContainer - [EVENT] Normal [Created] Created container: grafana-sc-dashboard [monitoring:monitoring-stack-grafana-64c55fb967-kjbqv]
2025-01-30 04:03:56,862 INFO c.h.h.t.HelmChartContainer - [EVENT] Normal [Started] Started container grafana-sc-dashboard [monitoring:monitoring-stack-grafana-64c55fb967-kjbqv]
2025-01-30 04:03:56,865 INFO c.h.h.t.HelmChartContainer - [EVENT] Normal [Pulled] Container image "quay.io/kiwigrid/k8s-sidecar:1.28.0" already present on machine [monitoring:monitoring-stack-grafana-64c55fb967-kjbqv]
2025-01-30 04:03:56,903 INFO c.h.h.t.HelmChartContainer - [EVENT] Normal [Created] Created container: grafana-sc-datasources [monitoring:monitoring-stack-grafana-64c55fb967-kjbqv]
2025-01-30 04:03:57,103 INFO c.h.h.t.HelmChartContainer - [EVENT] Normal [Started] Started container grafana-sc-datasources [monitoring:monitoring-stack-grafana-64c55fb967-kjbqv]
2025-01-30 04:03:57,108 INFO c.h.h.t.HelmChartContainer - [EVENT] Normal [Pulling] Pulling image "docker.io/grafana/grafana:11.4.0" [monitoring:monitoring-stack-grafana-64c55fb967-kjbqv]
2025-01-30 04:03:57,534 INFO c.h.h.t.HelmChartContainer - [EVENT] Normal [Pulling] Pulling image "quay.io/prometheus/prometheus:v3.1.0" [monitoring:prometheus-monitoring-stack-kube-prom-prometheus-0]
2025-01-30 04:03:57,537 INFO c.h.h.t.HelmChartContainer - [EVENT] Normal [Pulling] Pulling image "quay.io/prometheus/alertmanager:v0.28.0" [monitoring:alertmanager-monitoring-stack-kube-prom-alertmanager-0]
2025-01-30 04:03:57,552 INFO c.h.h.t.HelmChartContainer - [POD] prometheus-monitoring-stack-kube-prom-prometheus-0 [4112ca45-60fe-4cb2-8473-d792eaad25a1] in monitoring was MODIFIED
2025-01-30 04:03:57,588 INFO c.h.h.t.HelmChartContainer - [POD] alertmanager-monitoring-stack-kube-prom-alertmanager-0 [2a235a7b-2660-4ccd-889e-74b6550312ea] in monitoring was MODIFIED
2025-01-30 04:03:59,900 INFO c.h.h.t.HelmChartContainer - [EVENT] Normal [Pulled] Successfully pulled image "quay.io/prometheus/alertmanager:v0.28.0" in 2.363s (2.363s including waiting). Image size: 35012199 bytes. [monitoring:alertmanager-monitoring-stack-kube-prom-alertmanager-0]
2025-01-30 04:03:59,929 INFO c.h.h.t.HelmChartContainer - [EVENT] Normal [Created] Created container: alertmanager [monitoring:alertmanager-monitoring-stack-kube-prom-alertmanager-0]
2025-01-30 04:04:00,039 INFO c.h.h.t.HelmChartContainer - [EVENT] Normal [Started] Started container alertmanager [monitoring:alertmanager-monitoring-stack-kube-prom-alertmanager-0]
2025-01-30 04:04:00,043 INFO c.h.h.t.HelmChartContainer - [EVENT] Normal [Pulled] Container image "quay.io/prometheus-operator/prometheus-config-reloader:v0.79.2" already present on machine [monitoring:alertmanager-monitoring-stack-kube-prom-alertmanager-0]
2025-01-30 04:04:00,076 INFO c.h.h.t.HelmChartContainer - [EVENT] Normal [Created] Created container: config-reloader [monitoring:alertmanager-monitoring-stack-kube-prom-alertmanager-0]
2025-01-30 04:04:00,198 INFO c.h.h.t.HelmChartContainer - [EVENT] Normal [Started] Started container config-reloader [monitoring:alertmanager-monitoring-stack-kube-prom-alertmanager-0]
2025-01-30 04:04:00,572 INFO c.h.h.t.HelmChartContainer - [POD] alertmanager-monitoring-stack-kube-prom-alertmanager-0 [2a235a7b-2660-4ccd-889e-74b6550312ea] in monitoring was MODIFIED
2025-01-30 04:04:01,419 INFO c.h.h.t.HelmChartContainer - [EVENT] Normal [Pulled] Successfully pulled image "quay.io/prometheus/prometheus:v3.1.0" in 3.892s (3.892s including waiting). Image size: 116764168 bytes. [monitoring:prometheus-monitoring-stack-kube-prom-prometheus-0]
2025-01-30 04:04:01,428 INFO c.h.h.t.HelmChartContainer - [EVENT] Normal [Created] Created container: prometheus [monitoring:prometheus-monitoring-stack-kube-prom-prometheus-0]
2025-01-30 04:04:01,498 INFO c.h.h.t.HelmChartContainer - [EVENT] Normal [Started] Started container prometheus [monitoring:prometheus-monitoring-stack-kube-prom-prometheus-0]
2025-01-30 04:04:01,502 INFO c.h.h.t.HelmChartContainer - [EVENT] Normal [Pulled] Container image "quay.io/prometheus-operator/prometheus-config-reloader:v0.79.2" already present on machine [monitoring:prometheus-monitoring-stack-kube-prom-prometheus-0]
2025-01-30 04:04:01,509 INFO c.h.h.t.HelmChartContainer - [EVENT] Normal [Created] Created container: config-reloader [monitoring:prometheus-monitoring-stack-kube-prom-prometheus-0]
2025-01-30 04:04:01,606 INFO c.h.h.t.HelmChartContainer - [EVENT] Normal [Started] Started container config-reloader [monitoring:prometheus-monitoring-stack-kube-prom-prometheus-0]
2025-01-30 04:04:02,573 INFO c.h.h.t.HelmChartContainer - [POD] prometheus-monitoring-stack-kube-prom-prometheus-0 [4112ca45-60fe-4cb2-8473-d792eaad25a1] in monitoring was MODIFIED
2025-01-30 04:04:03,373 INFO c.h.h.t.HelmChartContainer - [EVENT] Normal [Pulled] Successfully pulled image "docker.io/grafana/grafana:11.4.0" in 6.27s (6.27s including waiting). Image size: 132825227 bytes. [monitoring:monitoring-stack-grafana-64c55fb967-kjbqv]
2025-01-30 04:04:03,380 INFO c.h.h.t.HelmChartContainer - [EVENT] Normal [Created] Created container: grafana [monitoring:monitoring-stack-grafana-64c55fb967-kjbqv]
2025-01-30 04:04:03,445 INFO c.h.h.t.HelmChartContainer - [EVENT] Normal [Started] Started container grafana [monitoring:monitoring-stack-grafana-64c55fb967-kjbqv]
2025-01-30 04:04:03,581 INFO c.h.h.t.HelmChartContainer - [POD] monitoring-stack-grafana-64c55fb967-kjbqv [4e5b348e-e6b7-4813-bed7-7d4feeec974b] in monitoring was MODIFIED
2025-01-30 04:04:03,581 INFO c.h.h.t.HelmChartContainer - [K3S] [replica_set.go:679] "Finished syncing" kind="ReplicaSet" key="monitoring/monitoring-stack-grafana-64c55fb967" duration="56.725µs"
2025-01-30 04:04:04,571 INFO c.h.h.t.HelmChartContainer - [EVENT] Warning [Unhealthy] Readiness probe failed: Get "http://10.42.0.13:3000/api/health": dial tcp 10.42.0.13:3000: connect: connection refused [monitoring:monitoring-stack-grafana-64c55fb967-kjbqv]
2025-01-30 04:04:05,536 INFO c.h.h.t.HelmChartContainer - [POD] monitoring-stack-kube-state-metrics-5bf5c7b54d-n2qrs [e9ef6014-1bb9-4c36-bd24-02df2697e729] in monitoring was MODIFIED
2025-01-30 04:04:05,547 INFO c.h.h.t.HelmChartContainer - [K3S] [replica_set.go:679] "Finished syncing" kind="ReplicaSet" key="monitoring/monitoring-stack-kube-state-metrics-5bf5c7b54d" duration="9.766907ms"
2025-01-30 04:04:05,549 INFO c.h.h.t.HelmChartContainer - [K3S] [replica_set.go:679] "Finished syncing" kind="ReplicaSet" key="monitoring/monitoring-stack-kube-state-metrics-5bf5c7b54d" duration="40.435µs"
2025-01-30 04:04:05,588 INFO c.h.h.t.HelmChartContainer - [POD] monitoring-stack-grafana-64c55fb967-kjbqv [4e5b348e-e6b7-4813-bed7-7d4feeec974b] in monitoring was MODIFIED
2025-01-30 04:04:05,595 INFO c.h.h.t.HelmChartContainer - [K3S] [replica_set.go:679] "Finished syncing" kind="ReplicaSet" key="monitoring/monitoring-stack-grafana-64c55fb967" duration="10.654169ms"
2025-01-30 04:04:05,595 INFO c.h.h.t.HelmChartContainer - [K3S] [replica_set.go:679] "Finished syncing" kind="ReplicaSet" key="monitoring/monitoring-stack-grafana-64c55fb967" duration="48.911µs"
2025-01-30 04:04:06,575 INFO c.h.h.t.HelmChartContainer - [POD] alertmanager-monitoring-stack-kube-prom-alertmanager-0 [2a235a7b-2660-4ccd-889e-74b6550312ea] in monitoring was MODIFIED
2025-01-30 04:04:07,854 INFO c.h.h.t.HelmChartContainer - [K3S] [job_controller.go:598] "enqueueing job" key="monitoring/monitoring-stack-kube-prom-admission-patch" delay="0s"
2025-01-30 04:04:07,866 INFO c.h.h.t.HelmChartContainer - [K3S] [job_controller.go:598] "enqueueing job" key="monitoring/monitoring-stack-kube-prom-admission-patch" delay="1s"
2025-01-30 04:04:07,868 INFO c.h.h.t.HelmChartContainer - [POD] monitoring-stack-kube-prom-admission-patch-j9p7j [c91391c6-3cba-41e9-aa9a-68caae6297e5] in monitoring was ADDED
2025-01-30 04:04:07,872 INFO c.h.h.t.HelmChartContainer - [EVENT] Normal [SuccessfulCreate] Created pod: monitoring-stack-kube-prom-admission-patch-j9p7j [monitoring:monitoring-stack-kube-prom-admission-patch]
2025-01-30 04:04:07,876 INFO c.h.h.t.HelmChartContainer - [POD] monitoring-stack-kube-prom-admission-patch-j9p7j [c91391c6-3cba-41e9-aa9a-68caae6297e5] in monitoring was MODIFIED
2025-01-30 04:04:07,877 INFO c.h.h.t.HelmChartContainer - [K3S] [job_controller.go:598] "enqueueing job" key="monitoring/monitoring-stack-kube-prom-admission-patch" delay="1s"
2025-01-30 04:04:07,879 INFO c.h.h.t.HelmChartContainer - [K3S] [job_controller.go:598] "enqueueing job" key="monitoring/monitoring-stack-kube-prom-admission-patch" delay="1s"
2025-01-30 04:04:07,882 INFO c.h.h.t.HelmChartContainer - [EVENT] Normal [Scheduled] Successfully assigned monitoring/monitoring-stack-kube-prom-admission-patch-j9p7j to 13757cc4392a [monitoring:monitoring-stack-kube-prom-admission-patch-j9p7j]
2025-01-30 04:04:07,888 INFO c.h.h.t.HelmChartContainer - [K3S] [job_controller.go:598] "enqueueing job" key="monitoring/monitoring-stack-kube-prom-admission-patch" delay="1s"
2025-01-30 04:04:07,890 INFO c.h.h.t.HelmChartContainer - [POD] monitoring-stack-kube-prom-admission-patch-j9p7j [c91391c6-3cba-41e9-aa9a-68caae6297e5] in monitoring was MODIFIED
2025-01-30 04:04:07,958 INFO c.h.h.t.HelmChartContainer - [K3S] [reconciler_common.go:251] "operationExecutor.VerifyControllerAttachedVolume started for volume \"kube-api-access-nvjb4\" (UniqueName: \"kubernetes.io/projected/c91391c6-3cba-41e9-aa9a-68caae6297e5-kube-api-access-nvjb4\") pod \"monitoring-stack-kube-prom-admission-patch-j9p7j\" (UID: \"c91391c6-3cba-41e9-aa9a-68caae6297e5\") " pod="monitoring/monitoring-stack-kube-prom-admission-patch-j9p7j"
2025-01-30 04:04:08,283 INFO c.h.h.t.HelmChartContainer - [EVENT] Normal [Pulled] Container image "registry.k8s.io/ingress-nginx/kube-webhook-certgen:v1.5.1" already present on machine [monitoring:monitoring-stack-kube-prom-admission-patch-j9p7j]
2025-01-30 04:04:08,291 INFO c.h.h.t.HelmChartContainer - [EVENT] Normal [Created] Created container: patch [monitoring:monitoring-stack-kube-prom-admission-patch-j9p7j]
2025-01-30 04:04:08,365 INFO c.h.h.t.HelmChartContainer - [EVENT] Normal [Started] Started container patch [monitoring:monitoring-stack-kube-prom-admission-patch-j9p7j]
2025-01-30 04:04:08,592 INFO c.h.h.t.HelmChartContainer - [POD] monitoring-stack-kube-prom-admission-patch-j9p7j [c91391c6-3cba-41e9-aa9a-68caae6297e5] in monitoring was MODIFIED
2025-01-30 04:04:08,593 INFO c.h.h.t.HelmChartContainer - [K3S] [job_controller.go:598] "enqueueing job" key="monitoring/monitoring-stack-kube-prom-admission-patch" delay="1s"
2025-01-30 04:04:08,870 INFO c.h.h.t.HelmChartContainer - [K3S] [job_controller.go:598] "enqueueing job" key="monitoring/monitoring-stack-kube-prom-admission-patch" delay="1s"
2025-01-30 04:04:10,592 INFO c.h.h.t.HelmChartContainer - [K3S] [job_controller.go:598] "enqueueing job" key="monitoring/monitoring-stack-kube-prom-admission-patch" delay="1s"
2025-01-30 04:04:10,592 INFO c.h.h.t.HelmChartContainer - [POD] monitoring-stack-kube-prom-admission-patch-j9p7j [c91391c6-3cba-41e9-aa9a-68caae6297e5] in monitoring was MODIFIED
2025-01-30 04:04:10,759 INFO c.h.h.t.HelmChartContainer - [POD] prometheus-monitoring-stack-kube-prom-prometheus-0 [4112ca45-60fe-4cb2-8473-d792eaad25a1] in monitoring was MODIFIED
2025-01-30 04:04:11,598 INFO c.h.h.t.HelmChartContainer - [K3S] [job_controller.go:598] "enqueueing job" key="monitoring/monitoring-stack-kube-prom-admission-patch" delay="1s"
2025-01-30 04:04:11,609 INFO c.h.h.t.HelmChartContainer - [POD] prometheus-monitoring-stack-kube-prom-prometheus-0 [4112ca45-60fe-4cb2-8473-d792eaad25a1] in monitoring was MODIFIED
2025-01-30 04:04:11,684 INFO c.h.h.t.HelmChartContainer - [K3S] [reconciler_common.go:162] "operationExecutor.UnmountVolume started for volume \"kube-api-access-nvjb4\" (UniqueName: \"kubernetes.io/projected/c91391c6-3cba-41e9-aa9a-68caae6297e5-kube-api-access-nvjb4\") pod \"c91391c6-3cba-41e9-aa9a-68caae6297e5\" (UID: \"c91391c6-3cba-41e9-aa9a-68caae6297e5\") "
2025-01-30 04:04:11,684 INFO c.h.h.t.HelmChartContainer - [POD] monitoring-stack-kube-prom-admission-patch-j9p7j [c91391c6-3cba-41e9-aa9a-68caae6297e5] in monitoring was MODIFIED
2025-01-30 04:04:11,684 INFO c.h.h.t.HelmChartContainer - [K3S] [job_controller.go:598] "enqueueing job" key="monitoring/monitoring-stack-kube-prom-admission-patch" delay="1s"
2025-01-30 04:04:11,783 INFO c.h.h.t.HelmChartContainer - [K3S] [reconciler_common.go:299] "Volume detached for volume \"kube-api-access-nvjb4\" (UniqueName: \"kubernetes.io/projected/c91391c6-3cba-41e9-aa9a-68caae6297e5-kube-api-access-nvjb4\") on node \"13757cc4392a\" DevicePath \"\""
2025-01-30 04:04:12,589 INFO c.h.h.t.HelmChartContainer - [K3S] [pod_container_deletor.go:80] "Container not found in pod's containers" containerID="21de963ebca18426d1a42adf060aad3cf88c273e897865e91525c61499e032da"
2025-01-30 04:04:12,602 INFO c.h.h.t.HelmChartContainer - [K3S] [job_controller.go:598] "enqueueing job" key="monitoring/monitoring-stack-kube-prom-admission-patch" delay="1s"
2025-01-30 04:04:12,608 INFO c.h.h.t.HelmChartContainer - [POD] monitoring-stack-kube-prom-admission-patch-j9p7j [c91391c6-3cba-41e9-aa9a-68caae6297e5] in monitoring was MODIFIED
2025-01-30 04:04:12,609 INFO c.h.h.t.HelmChartContainer - [K3S] [job_controller.go:598] "enqueueing job" key="monitoring/monitoring-stack-kube-prom-admission-patch" delay="1s"
2025-01-30 04:04:12,614 INFO c.h.h.t.HelmChartContainer - [EVENT] Normal [Completed] Job completed [monitoring:monitoring-stack-kube-prom-admission-patch]
2025-01-30 04:04:12,622 INFO c.h.h.t.HelmChartContainer - [K3S] [job_controller.go:598] "enqueueing job" key="monitoring/monitoring-stack-kube-prom-admission-patch" delay="0s"
2025-01-30 04:04:12,630 INFO c.h.h.t.HelmChartContainer - [POD] monitoring-stack-kube-prom-admission-patch-j9p7j [c91391c6-3cba-41e9-aa9a-68caae6297e5] in monitoring was MODIFIED
2025-01-30 04:04:12,638 INFO c.h.h.t.HelmChartContainer - [POD] monitoring-stack-kube-prom-admission-patch-j9p7j [c91391c6-3cba-41e9-aa9a-68caae6297e5] in monitoring was DELETED
2025-01-30 04:04:12,813 INFO com.hivemq.helmcharts.util.K8sUtil - Pod 'monitoring-stack-kube-prom-operator-6998896c-cnrwn' is ready
2025-01-30 04:04:12,813 INFO com.hivemq.helmcharts.util.K8sUtil - Pod 'monitoring-stack-grafana-64c55fb967-kjbqv' is ready
2025-01-30 04:04:12,813 INFO com.hivemq.helmcharts.util.K8sUtil - Pod 'monitoring-stack-grafana-64c55fb967-kjbqv' is ready
2025-01-30 04:04:12,813 INFO com.hivemq.helmcharts.util.K8sUtil - Pod 'monitoring-stack-grafana-64c55fb967-kjbqv' is ready
2025-01-30 04:04:12,813 INFO com.hivemq.helmcharts.util.K8sUtil - Pod 'monitoring-stack-kube-state-metrics-5bf5c7b54d-n2qrs' is ready
2025-01-30 04:04:12,813 INFO com.hivemq.helmcharts.util.K8sUtil - Pod 'monitoring-stack-prometheus-node-exporter-wztb4' is ready
2025-01-30 04:04:12,888 DEBUG c.h.h.t.HelmChartContainer - Executing helm command: /bin/helm --kubeconfig /etc/rancher/k3s/k3s.yaml install test-hivemq-platform /charts/hivemq-platform --wait --timeout 5m0s --set image.repository=docker.io/hivemq --set image.tag=4.36.0 --set image.pullPolicy=Never --set nodes.resources.cpu=512m -f /files/platform-monitoring-enabled-values.yaml --namespace helmmonitoringplatformit
2025-01-30 04:04:13,093 INFO c.h.h.t.HelmChartContainer - [K3S] [kubelet_volumes.go:163] "Cleaned up orphaned pod volumes dir" podUID="c91391c6-3cba-41e9-aa9a-68caae6297e5" path="/var/lib/kubelet/pods/c91391c6-3cba-41e9-aa9a-68caae6297e5/volumes"
2025-01-30 04:04:13,323 INFO c.h.h.t.HelmChartContainer - [hivemq-test-hivemq-platform] [hivemq-platform-operator] [49896a8e] 04:04:13.322 [-2082509879-pool-1-thread-5] WARN  i.m.p.PrometheusMeterRegistry - The meter (MeterId{name='operator.sdk.events.received', tags=[tag(action=ADDED),tag(event=ResourceEvent),tag(group=hivemq.com),tag(kind=HiveMQPlatform),tag(name=test-hivemq-platform),tag(namespace=helmmonitoringplatformit),tag(scope=namespace),tag(version=v1)]}) registration has failed: Prometheus requires that all meters with the same name have the same set of tag keys. There is already an existing meter named 'operator.sdk.events.received' containing tag keys [event, group, kind, name, namespace, scope, version]. The meter you are attempting to register has keys [action, event, group, kind, name, namespace, scope, version]. Note that subsequent logs will be logged at debug level.
2025-01-30 04:04:13,897 INFO c.h.h.t.HelmChartContainer - [hivemq-test-hivemq-platform] [hivemq-platform-operator] [49896a8e] 04:04:13.894 [pool-6-thread-3] DEBUG c.h.p.o.dependants.PodInfoConfigMap - [helmmoni] Desired PodInfo ConfigMap (1 extensions) (1 enabled)
2025-01-30 04:04:13,897 INFO c.h.h.t.HelmChartContainer - [hivemq-test-hivemq-platform] [hivemq-platform-operator] [49896a8e] 04:04:13.895 [pool-6-thread-3] DEBUG c.h.p.o.dependants.PodInfoConfigMap - [helmmoni] Desired PodInfo ConfigMap (metrics port: 9399) (metrics path: /)
2025-01-30 04:04:13,897 INFO c.h.h.t.HelmChartContainer - [hivemq-test-hivemq-platform] [hivemq-platform-operator] [49896a8e] 04:04:13.895 [pool-6-thread-3] DEBUG c.h.p.o.dependants.PodInfoConfigMap - [helmmoni] Desired PodInfo ConfigMap (extension state hash: -1817474005)
2025-01-30 04:04:13,899 INFO c.h.h.t.HelmChartContainer - [hivemq-test-hivemq-platform] [hivemq-platform-operator] [49896a8e] 04:04:13.898 [pool-6-thread-3] DEBUG c.h.p.o.dependants.PodInfoConfigMap - [helmmoni] Create PodInfo ConfigMap
2025-01-30 04:04:14,000 INFO c.h.h.t.HelmChartContainer - [hivemq-test-hivemq-platform] [hivemq-platform-operator] [49896a8e] 04:04:13.995 [pool-6-thread-5] DEBUG c.h.p.o.dependants.PodRoleResource - [helmmoni] Create Role: Role(apiVersion=rbac.authorization.k8s.io/v1, kind=Role, metadata=ObjectMeta(annotations={meta.helm.sh/release-name=test-hivemq-platform, meta.helm.sh/release-namespace=helmmonitoringplatformit}, creationTimestamp=null, deletionGracePeriodSeconds=null, deletionTimestamp=null, finalizers=[], generateName=null, generation=null, labels={helm.sh/chart=hivemq-platform-0.2.32, app.kubernetes.io/managed-by=Helm, app.kubernetes.io/name=hivemq-platform, hivemq-platform=test-hivemq-platform, app.kubernetes.io/instance=test-hivemq-platform, app.kubernetes.io/version=4.36.0}, managedFields=[], name=hivemq-platform-role-test-hivemq-platform, namespace=helmmonitoringplatformit, ownerReferences=[OwnerReference(apiVersion=hivemq.com/v1, blockOwnerDeletion=null, controller=null, kind=HiveMQPlatform, name=test-hivemq-platform, uid=819cafe3-84ce-4f09-9f43-02ec437833a1, additionalProperties={})], resourceVersion=null, selfLink=null, uid=null, additionalProperties={}), rules=[PolicyRule(apiGroups=[], nonResourceURLs=[], resourceNames=[], resources=[pods], verbs=[get, patch, update], additionalProperties={})], additionalProperties={})
2025-01-30 04:04:14,101 INFO c.h.h.t.HelmChartContainer - [hivemq-test-hivemq-platform] [hivemq-platform-operator] [49896a8e] 04:04:14.097 [pool-6-thread-7] DEBUG c.h.p.o.d.PodServiceAccountResource - [helmmoni] Desired PodServiceAccountResource (serviceAccountName: hivemq-platform-pod-test-hivemq-platform)
2025-01-30 04:04:14,101 INFO c.h.h.t.HelmChartContainer - [hivemq-test-hivemq-platform] [hivemq-platform-operator] [49896a8e] 04:04:14.098 [pool-6-thread-7] DEBUG c.h.p.o.d.PodServiceAccountResource - [helmmoni] Create ServiceAccount 'hivemq-platform-pod-test-hivemq-platform'
2025-01-30 04:04:14,202 INFO c.h.h.t.HelmChartContainer - [hivemq-test-hivemq-platform] [hivemq-platform-operator] [49896a8e] 04:04:14.200 [pool-6-thread-10] DEBUG c.h.p.o.d.PodRoleBindingResource - [helmmoni] Create RoleBinding: RoleBinding(apiVersion=rbac.authorization.k8s.io/v1, kind=RoleBinding, metadata=ObjectMeta(annotations={meta.helm.sh/release-name=test-hivemq-platform, meta.helm.sh/release-namespace=helmmonitoringplatformit}, creationTimestamp=null, deletionGracePeriodSeconds=null, deletionTimestamp=null, finalizers=[], generateName=null, generation=null, labels={helm.sh/chart=hivemq-platform-0.2.32, app.kubernetes.io/managed-by=Helm, app.kubernetes.io/name=hivemq-platform, hivemq-platform=test-hivemq-platform, app.kubernetes.io/instance=test-hivemq-platform, app.kubernetes.io/version=4.36.0}, managedFields=[], name=hivemq-platform-role-binding-test-hivemq-platform, namespace=helmmonitoringplatformit, ownerReferences=[OwnerReference(apiVersion=hivemq.com/v1, blockOwnerDeletion=null, controller=null, kind=HiveMQPlatform, name=test-hivemq-platform, uid=819cafe3-84ce-4f09-9f43-02ec437833a1, additionalProperties={})], resourceVersion=null, selfLink=null, uid=null, additionalProperties={}), roleRef=RoleRef(apiGroup=rbac.authorization.k8s.io, kind=Role, name=hivemq-platform-role-test-hivemq-platform, additionalProperties={}), subjects=[Subject(apiGroup=null, kind=ServiceAccount, name=hivemq-platform-pod-test-hivemq-platform, namespace=helmmonitoringplatformit, additionalProperties={})], additionalProperties={})
2025-01-30 04:04:14,296 INFO c.h.h.t.HelmChartContainer - [hivemq-test-hivemq-platform] [hivemq-platform-operator] [49896a8e] 04:04:14.295 [ReconcilerExecutor-hivemq-controller-54] INFO  c.h.p.o.HiveMQPlatformReconciler - [helmmoni] Reconciling HiveMQ Platform 'test-hivemq-platform' in namespace 'helmmonitoringplatformit'
2025-01-30 04:04:14,297 INFO c.h.h.t.HelmChartContainer - [hivemq-test-hivemq-platform] [hivemq-platform-operator] [49896a8e] 04:04:14.296 [ReconcilerExecutor-hivemq-controller-54] DEBUG c.h.p.o.HiveMQPlatformReconciler - [helmmoni] Custom Resource Status CREATED - HiveMQ Platform was created (READY)
2025-01-30 04:04:14,297 INFO c.h.h.t.HelmChartContainer - [hivemq-test-hivemq-platform] [hivemq-platform-operator] [49896a8e] 04:04:14.296 [ReconcilerExecutor-hivemq-controller-54] DEBUG c.h.p.o.HiveMQPlatformReconciler - [helmmoni] Custom Resource Spec (replicas: 2) (extensions: 1)
2025-01-30 04:04:14,300 INFO c.h.h.t.HelmChartContainer - [hivemq-test-hivemq-platform] [hivemq-platform-operator] [49896a8e] 04:04:14.299 [ReconcilerExecutor-hivemq-controller-54] INFO  c.h.p.o.h.HiveMQPlatformReconcilerBaseHandler - [helmmoni] HiveMQ Platform is starting
2025-01-30 04:04:14,399 INFO c.h.h.t.HelmChartContainer - [hivemq-test-hivemq-platform] [hivemq-platform-operator] [49896a8e] 04:04:14.398 [ReconcilerExecutor-hivemq-controller-54] DEBUG c.h.p.operator.event.EventSender - [helmmoni] Creating K8s event hivemq-platform-starting: [Start] HiveMQ Platform is starting
2025-01-30 04:04:14,408 INFO c.h.h.t.HelmChartContainer - [EVENT] Normal [Start] HiveMQ Platform is starting [helmmonitoringplatformit:test-hivemq-platform]
2025-01-30 04:04:14,412 INFO c.h.h.t.HelmChartContainer - [hivemq-test-hivemq-platform] [hivemq-platform-operator] [49896a8e] 04:04:14.410 [ReconcilerExecutor-hivemq-controller-54] INFO  c.h.p.o.h.AbstractHiveMQReconcilerStateHandler - [helmmoni] Update HiveMQ Platform Status (CREATED [READY] -> STARTING [READY]): HiveMQ Platform is starting
2025-01-30 04:04:14,503 DEBUG com.hivemq.helmcharts.util.K8sUtil - Comparing actual state 'STARTING' and waiting for 'RUNNING'
2025-01-30 04:04:18,272 INFO c.h.h.t.HelmChartContainer - [K3S] [range_allocator.go:247] "Successfully synced" key="13757cc4392a"
2025-01-30 04:04:24,513 INFO c.h.h.t.HelmChartContainer - [hivemq-test-hivemq-platform] [hivemq-platform-operator] [49896a8e] 04:04:24.510 [pool-6-thread-12] DEBUG c.h.p.o.d.PlatformServiceResource - [helmmoni] Desired Platform services (3 services)
2025-01-30 04:04:24,514 INFO c.h.h.t.HelmChartContainer - [hivemq-test-hivemq-platform] [hivemq-platform-operator] [49896a8e] 04:04:24.512 [pool-6-thread-13] DEBUG c.h.p.o.dependants.PodInfoConfigMap - [helmmoni] Desired PodInfo ConfigMap (1 extensions) (1 enabled)
2025-01-30 04:04:24,515 INFO c.h.h.t.HelmChartContainer - [hivemq-test-hivemq-platform] [hivemq-platform-operator] [49896a8e] 04:04:24.514 [pool-6-thread-17] DEBUG c.h.p.o.d.PodServiceAccountResource - [helmmoni] Desired PodServiceAccountResource (serviceAccountName: hivemq-platform-pod-test-hivemq-platform)
2025-01-30 04:04:24,516 INFO c.h.h.t.HelmChartContainer - [hivemq-test-hivemq-platform] [hivemq-platform-operator] [49896a8e] 04:04:24.514 [pool-6-thread-13] DEBUG c.h.p.o.dependants.PodInfoConfigMap - [helmmoni] Desired PodInfo ConfigMap (metrics port: 9399) (metrics path: /)
2025-01-30 04:04:24,516 INFO c.h.h.t.HelmChartContainer - [hivemq-test-hivemq-platform] [hivemq-platform-operator] [49896a8e] 04:04:24.514 [pool-6-thread-13] DEBUG c.h.p.o.dependants.PodInfoConfigMap - [helmmoni] Desired PodInfo ConfigMap (extension state hash: -1817474005)
2025-01-30 04:04:24,521 INFO c.h.h.t.HelmChartContainer - [hivemq-test-hivemq-platform] [hivemq-platform-operator] [49896a8e] 04:04:24.521 [pool-6-thread-13] DEBUG c.h.p.o.dependants.PodInfoConfigMap - [helmmoni] Update PodInfo ConfigMap
2025-01-30 04:04:24,602 INFO c.h.h.t.HelmChartContainer - [K3S] [alloc.go:330] "allocated clusterIPs" service="helmmonitoringplatformit/hivemq-test-hivemq-platform-mqtt-1883" clusterIPs={"IPv4":"10.43.183.196"}
2025-01-30 04:04:24,698 INFO c.h.h.t.HelmChartContainer - [K3S] [alloc.go:330] "allocated clusterIPs" service="helmmonitoringplatformit/hivemq-test-hivemq-platform-metrics-9399" clusterIPs={"IPv4":"10.43.34.154"}
2025-01-30 04:04:24,709 INFO c.h.h.t.HelmChartContainer - [K3S] [alloc.go:330] "allocated clusterIPs" service="helmmonitoringplatformit/hivemq-test-hivemq-platform-cc-8080" clusterIPs={"IPv4":"10.43.181.18"}
2025-01-30 04:04:24,715 INFO c.h.h.t.HelmChartContainer - [hivemq-test-hivemq-platform] [hivemq-platform-operator] [49896a8e] 04:04:24.714 [pool-6-thread-20] DEBUG c.h.p.o.d.StatefulSetResource - [helmmoni] Desired StatefulSet (2 replicas) for status STARTING (READY)
2025-01-30 04:04:24,797 INFO c.h.h.t.HelmChartContainer - [hivemq-test-hivemq-platform] [hivemq-platform-operator] [49896a8e] 04:04:24.796 [pool-6-thread-20] DEBUG c.h.p.o.d.StatefulSetResource - [helmmoni] Create StatefulSet
2025-01-30 04:04:24,823 INFO c.h.h.t.HelmChartContainer - [POD] test-hivemq-platform-0 [eaf3faf1-45ac-4dee-bdfa-f479d7fc67e7] in helmmonitoringplatformit was ADDED
2025-01-30 04:04:24,825 INFO c.h.h.t.HelmChartContainer - [EVENT] Normal [SuccessfulCreate] create Pod test-hivemq-platform-0 in StatefulSet test-hivemq-platform successful [helmmonitoringplatformit:test-hivemq-platform]
2025-01-30 04:04:24,832 INFO c.h.h.t.HelmChartContainer - [K3S] [memory_manager.go:355] "RemoveStaleState removing state" podUID="c91391c6-3cba-41e9-aa9a-68caae6297e5" containerName="patch"
2025-01-30 04:04:24,835 INFO c.h.h.t.HelmChartContainer - [POD] test-hivemq-platform-0 [eaf3faf1-45ac-4dee-bdfa-f479d7fc67e7] in helmmonitoringplatformit was MODIFIED
2025-01-30 04:04:24,835 INFO c.h.h.t.HelmChartContainer - [EVENT] Normal [Scheduled] Successfully assigned helmmonitoringplatformit/test-hivemq-platform-0 to 13757cc4392a [helmmonitoringplatformit:test-hivemq-platform-0]
2025-01-30 04:04:24,843 INFO c.h.h.t.HelmChartContainer - [POD] test-hivemq-platform-0 [eaf3faf1-45ac-4dee-bdfa-f479d7fc67e7] in helmmonitoringplatformit was MODIFIED
2025-01-30 04:04:24,862 INFO c.h.h.t.HelmChartContainer - [K3S] [reconciler_common.go:251] "operationExecutor.VerifyControllerAttachedVolume started for volume \"pod-info\" (UniqueName: \"kubernetes.io/configmap/eaf3faf1-45ac-4dee-bdfa-f479d7fc67e7-pod-info\") pod \"test-hivemq-platform-0\" (UID: \"eaf3faf1-45ac-4dee-bdfa-f479d7fc67e7\") " pod="helmmonitoringplatformit/test-hivemq-platform-0"
2025-01-30 04:04:24,862 INFO c.h.h.t.HelmChartContainer - [K3S] [reconciler_common.go:251] "operationExecutor.VerifyControllerAttachedVolume started for volume \"broker-configuration\" (UniqueName: \"kubernetes.io/configmap/eaf3faf1-45ac-4dee-bdfa-f479d7fc67e7-broker-configuration\") pod \"test-hivemq-platform-0\" (UID: \"eaf3faf1-45ac-4dee-bdfa-f479d7fc67e7\") " pod="helmmonitoringplatformit/test-hivemq-platform-0"
2025-01-30 04:04:24,862 INFO c.h.h.t.HelmChartContainer - [K3S] [reconciler_common.go:251] "operationExecutor.VerifyControllerAttachedVolume started for volume \"operator-init\" (UniqueName: \"kubernetes.io/empty-dir/eaf3faf1-45ac-4dee-bdfa-f479d7fc67e7-operator-init\") pod \"test-hivemq-platform-0\" (UID: \"eaf3faf1-45ac-4dee-bdfa-f479d7fc67e7\") " pod="helmmonitoringplatformit/test-hivemq-platform-0"
2025-01-30 04:04:24,862 INFO c.h.h.t.HelmChartContainer - [K3S] [reconciler_common.go:251] "operationExecutor.VerifyControllerAttachedVolume started for volume \"kube-api-access-5zh4w\" (UniqueName: \"kubernetes.io/projected/eaf3faf1-45ac-4dee-bdfa-f479d7fc67e7-kube-api-access-5zh4w\") pod \"test-hivemq-platform-0\" (UID: \"eaf3faf1-45ac-4dee-bdfa-f479d7fc67e7\") " pod="helmmonitoringplatformit/test-hivemq-platform-0"
2025-01-30 04:04:24,904 INFO c.h.h.t.HelmChartContainer - [hivemq-test-hivemq-platform] [hivemq-platform-operator] [49896a8e] 04:04:24.900 [ReconcilerExecutor-hivemq-controller-65] INFO  c.h.p.o.HiveMQPlatformReconciler - [helmmoni] Reconciling HiveMQ Platform 'test-hivemq-platform' in namespace 'helmmonitoringplatformit'
2025-01-30 04:04:24,905 INFO c.h.h.t.HelmChartContainer - [hivemq-test-hivemq-platform] [hivemq-platform-operator] [49896a8e] 04:04:24.901 [ReconcilerExecutor-hivemq-controller-65] DEBUG c.h.p.o.HiveMQPlatformReconciler - [helmmoni] Custom Resource Status STARTING - HiveMQ Platform is starting (READY)
2025-01-30 04:04:24,905 INFO c.h.h.t.HelmChartContainer - [hivemq-test-hivemq-platform] [hivemq-platform-operator] [49896a8e] 04:04:24.901 [ReconcilerExecutor-hivemq-controller-65] DEBUG c.h.p.o.HiveMQPlatformReconciler - [helmmoni] Custom Resource Spec (replicas: 2) (extensions: 1)
2025-01-30 04:04:24,905 INFO c.h.h.t.HelmChartContainer - [hivemq-test-hivemq-platform] [hivemq-platform-operator] [49896a8e] 04:04:24.903 [ReconcilerExecutor-hivemq-controller-65] DEBUG c.h.p.o.HiveMQPlatformReconciler - [helmmoni] StatefulSet Status (revision: test-hivemq-platform-64db946475, replicas: 1, available: 0, ready: 0, current: 1, updated: 1)
2025-01-30 04:04:24,905 INFO c.h.h.t.HelmChartContainer - [hivemq-test-hivemq-platform] [hivemq-platform-operator] [49896a8e] 04:04:24.904 [ReconcilerExecutor-hivemq-controller-65] DEBUG c.h.p.o.HiveMQPlatformReconciler - [helmmoni] StatefulSet Spec (replicas: 2, init containers: 1, containers: 1, volumes: 3)
2025-01-30 04:04:25,012 INFO c.h.h.t.HelmChartContainer - [hivemq-test-hivemq-platform] [hivemq-platform-operator] [49896a8e] 04:04:25.008 [ReconcilerExecutor-hivemq-controller-65] DEBUG c.h.p.o.h.HiveMQPlatformReconcilerErrorHandler - [helmmoni] Pod 'test-hivemq-platform-0' phase Pending
2025-01-30 04:04:25,013 INFO c.h.h.t.HelmChartContainer - [hivemq-test-hivemq-platform] [hivemq-platform-operator] [49896a8e] 04:04:25.009 [ReconcilerExecutor-hivemq-controller-65] DEBUG c.h.p.o.h.HiveMQPlatformReconcilerErrorHandler - [helmmoni] Pod 'test-hivemq-platform-0' condition 'PodReadyToStartContainers': False
2025-01-30 04:04:25,015 INFO c.h.h.t.HelmChartContainer - [hivemq-test-hivemq-platform] [hivemq-platform-operator] [49896a8e] 04:04:25.009 [ReconcilerExecutor-hivemq-controller-65] DEBUG c.h.p.o.h.HiveMQPlatformReconcilerErrorHandler - [helmmoni] Pod 'test-hivemq-platform-0' condition 'Initialized': False
2025-01-30 04:04:25,015 INFO c.h.h.t.HelmChartContainer - [hivemq-test-hivemq-platform] [hivemq-platform-operator] [49896a8e] 04:04:25.009 [ReconcilerExecutor-hivemq-controller-65] DEBUG c.h.p.o.h.HiveMQPlatformReconcilerErrorHandler - [helmmoni] Pod 'test-hivemq-platform-0' condition 'Ready': False
2025-01-30 04:04:25,015 INFO c.h.h.t.HelmChartContainer - [hivemq-test-hivemq-platform] [hivemq-platform-operator] [49896a8e] 04:04:25.009 [ReconcilerExecutor-hivemq-controller-65] DEBUG c.h.p.o.h.HiveMQPlatformReconcilerErrorHandler - [helmmoni] Pod 'test-hivemq-platform-0' condition 'ContainersReady': False
2025-01-30 04:04:25,015 INFO c.h.h.t.HelmChartContainer - [hivemq-test-hivemq-platform] [hivemq-platform-operator] [49896a8e] 04:04:25.009 [ReconcilerExecutor-hivemq-controller-65] DEBUG c.h.p.o.h.HiveMQPlatformReconcilerErrorHandler - [helmmoni] Pod 'test-hivemq-platform-0' condition 'PodScheduled': True
2025-01-30 04:04:25,015 INFO c.h.h.t.HelmChartContainer - [hivemq-test-hivemq-platform] [hivemq-platform-operator] [49896a8e] 04:04:25.010 [ReconcilerExecutor-hivemq-controller-65] DEBUG c.h.p.o.h.HiveMQPlatformReconcilerErrorHandler - [helmmoni] Pod 'test-hivemq-platform-0' containerStatus 'hivemq' (started: false) (ready: false) (waiting: [PodInitializing] null)
2025-01-30 04:04:25,015 INFO c.h.h.t.HelmChartContainer - [hivemq-test-hivemq-platform] [hivemq-platform-operator] [49896a8e] 04:04:25.012 [ReconcilerExecutor-hivemq-controller-65] INFO  c.h.p.o.h.HiveMQPlatformReconcilerBaseHandler - [helmmoni] HiveMQ Platform is starting, 0 of 2 replicas are ready
2025-01-30 04:04:25,097 INFO c.h.h.t.HelmChartContainer - [hivemq-test-hivemq-platform] [hivemq-platform-operator] [49896a8e] 04:04:25.093 [pool-6-thread-22] DEBUG c.h.p.o.d.PlatformServiceResource - [helmmoni] Desired Platform services (3 services)
2025-01-30 04:04:25,097 INFO c.h.h.t.HelmChartContainer - [hivemq-test-hivemq-platform] [hivemq-platform-operator] [49896a8e] 04:04:25.094 [pool-6-thread-23] DEBUG c.h.p.o.dependants.PodInfoConfigMap - [helmmoni] Desired PodInfo ConfigMap (1 extensions) (1 enabled)
2025-01-30 04:04:25,097 INFO c.h.h.t.HelmChartContainer - [hivemq-test-hivemq-platform] [hivemq-platform-operator] [49896a8e] 04:04:25.094 [pool-6-thread-23] DEBUG c.h.p.o.dependants.PodInfoConfigMap - [helmmoni] Desired PodInfo ConfigMap (metrics port: 9399) (metrics path: /)
2025-01-30 04:04:25,097 INFO c.h.h.t.HelmChartContainer - [hivemq-test-hivemq-platform] [hivemq-platform-operator] [49896a8e] 04:04:25.094 [pool-6-thread-23] DEBUG c.h.p.o.dependants.PodInfoConfigMap - [helmmoni] Desired PodInfo ConfigMap (extension state hash: -1817474005)
2025-01-30 04:04:25,099 INFO c.h.h.t.HelmChartContainer - [hivemq-test-hivemq-platform] [hivemq-platform-operator] [49896a8e] 04:04:25.098 [pool-6-thread-27] DEBUG c.h.p.o.d.PodServiceAccountResource - [helmmoni] Desired PodServiceAccountResource (serviceAccountName: hivemq-platform-pod-test-hivemq-platform)
2025-01-30 04:04:25,104 INFO c.h.h.t.HelmChartContainer - [hivemq-test-hivemq-platform] [hivemq-platform-operator] [49896a8e] 04:04:25.103 [pool-6-thread-30] DEBUG c.h.p.o.d.StatefulSetResource - [helmmoni] Desired StatefulSet (2 replicas) for status STARTING (READY)
2025-01-30 04:04:25,196 INFO c.h.h.t.HelmChartContainer - [hivemq-test-hivemq-platform] [hivemq-platform-operator] [49896a8e] 04:04:25.194 [ReconcilerExecutor-hivemq-controller-76] INFO  c.h.p.o.HiveMQPlatformReconciler - [helmmoni] Reconciling HiveMQ Platform 'test-hivemq-platform' in namespace 'helmmonitoringplatformit'
2025-01-30 04:04:25,196 INFO c.h.h.t.HelmChartContainer - [hivemq-test-hivemq-platform] [hivemq-platform-operator] [49896a8e] 04:04:25.195 [ReconcilerExecutor-hivemq-controller-76] DEBUG c.h.p.o.HiveMQPlatformReconciler - [helmmoni] Custom Resource Status STARTING - HiveMQ Platform is starting (READY)
2025-01-30 04:04:25,197 INFO c.h.h.t.HelmChartContainer - [hivemq-test-hivemq-platform] [hivemq-platform-operator] [49896a8e] 04:04:25.195 [ReconcilerExecutor-hivemq-controller-76] DEBUG c.h.p.o.HiveMQPlatformReconciler - [helmmoni] Custom Resource Spec (replicas: 2) (extensions: 1)
2025-01-30 04:04:25,200 INFO c.h.h.t.HelmChartContainer - [hivemq-test-hivemq-platform] [hivemq-platform-operator] [49896a8e] 04:04:25.199 [ReconcilerExecutor-hivemq-controller-76] DEBUG c.h.p.o.HiveMQPlatformReconciler - [helmmoni] StatefulSet Status (revision: test-hivemq-platform-64db946475, replicas: 1, available: 0, ready: 0, current: 1, updated: 1)
2025-01-30 04:04:25,201 INFO c.h.h.t.HelmChartContainer - [hivemq-test-hivemq-platform] [hivemq-platform-operator] [49896a8e] 04:04:25.200 [ReconcilerExecutor-hivemq-controller-76] DEBUG c.h.p.o.HiveMQPlatformReconciler - [helmmoni] StatefulSet Spec (replicas: 2, init containers: 1, containers: 1, volumes: 3)
2025-01-30 04:04:25,203 INFO c.h.h.t.HelmChartContainer - [hivemq-test-hivemq-platform] [hivemq-platform-operator] [49896a8e] 04:04:25.202 [ReconcilerExecutor-hivemq-controller-76] DEBUG c.h.p.o.h.HiveMQPlatformReconcilerErrorHandler - [helmmoni] Pod 'test-hivemq-platform-0' phase Pending
2025-01-30 04:04:25,203 INFO c.h.h.t.HelmChartContainer - [hivemq-test-hivemq-platform] [hivemq-platform-operator] [49896a8e] 04:04:25.202 [ReconcilerExecutor-hivemq-controller-76] DEBUG c.h.p.o.h.HiveMQPlatformReconcilerErrorHandler - [helmmoni] Pod 'test-hivemq-platform-0' condition 'PodReadyToStartContainers': False
2025-01-30 04:04:25,204 INFO c.h.h.t.HelmChartContainer - [hivemq-test-hivemq-platform] [hivemq-platform-operator] [49896a8e] 04:04:25.202 [ReconcilerExecutor-hivemq-controller-76] DEBUG c.h.p.o.h.HiveMQPlatformReconcilerErrorHandler - [helmmoni] Pod 'test-hivemq-platform-0' condition 'Initialized': False
2025-01-30 04:04:25,204 INFO c.h.h.t.HelmChartContainer - [hivemq-test-hivemq-platform] [hivemq-platform-operator] [49896a8e] 04:04:25.202 [ReconcilerExecutor-hivemq-controller-76] DEBUG c.h.p.o.h.HiveMQPlatformReconcilerErrorHandler - [helmmoni] Pod 'test-hivemq-platform-0' condition 'Ready': False
2025-01-30 04:04:25,204 INFO c.h.h.t.HelmChartContainer - [hivemq-test-hivemq-platform] [hivemq-platform-operator] [49896a8e] 04:04:25.203 [ReconcilerExecutor-hivemq-controller-76] DEBUG c.h.p.o.h.HiveMQPlatformReconcilerErrorHandler - [helmmoni] Pod 'test-hivemq-platform-0' condition 'ContainersReady': False
2025-01-30 04:04:25,205 INFO c.h.h.t.HelmChartContainer - [hivemq-test-hivemq-platform] [hivemq-platform-operator] [49896a8e] 04:04:25.203 [ReconcilerExecutor-hivemq-controller-76] DEBUG c.h.p.o.h.HiveMQPlatformReconcilerErrorHandler - [helmmoni] Pod 'test-hivemq-platform-0' condition 'PodScheduled': True
2025-01-30 04:04:25,205 INFO c.h.h.t.HelmChartContainer - [hivemq-test-hivemq-platform] [hivemq-platform-operator] [49896a8e] 04:04:25.203 [ReconcilerExecutor-hivemq-controller-76] DEBUG c.h.p.o.h.HiveMQPlatformReconcilerErrorHandler - [helmmoni] Pod 'test-hivemq-platform-0' containerStatus 'hivemq' (started: false) (ready: false) (waiting: [PodInitializing] null)
2025-01-30 04:04:25,205 INFO c.h.h.t.HelmChartContainer - [hivemq-test-hivemq-platform] [hivemq-platform-operator] [49896a8e] 04:04:25.204 [ReconcilerExecutor-hivemq-controller-76] INFO  c.h.p.o.h.HiveMQPlatformReconcilerBaseHandler - [helmmoni] HiveMQ Platform is starting, 0 of 2 replicas are ready
2025-01-30 04:04:25,238 INFO c.h.h.t.HelmChartContainer - [EVENT] Normal [Pulled] Container image "docker.io/hivemq/hivemq-platform-operator-init-test:snapshot" already present on machine [helmmonitoringplatformit:test-hivemq-platform-0]
2025-01-30 04:04:25,384 INFO c.h.h.t.HelmChartContainer - [EVENT] Normal [Created] Created container: hivemq-platform-operator-init [helmmonitoringplatformit:test-hivemq-platform-0]
2025-01-30 04:04:25,430 INFO c.h.h.t.HelmChartContainer - [EVENT] Normal [Started] Started container hivemq-platform-operator-init [helmmonitoringplatformit:test-hivemq-platform-0]
2025-01-30 04:04:25,615 INFO c.h.h.t.HelmChartContainer - [EVENT] Normal [Pulled] Container image "docker.io/hivemq/hivemq4:4.36.0" already present on machine [helmmonitoringplatformit:test-hivemq-platform-0]
2025-01-30 04:04:25,615 INFO c.h.h.t.HelmChartContainer - Received Pulled event for container hivemq in pod test-hivemq-platform-0 [eaf3faf1-45ac-4dee-bdfa-f479d7fc67e7]
2025-01-30 04:04:25,627 INFO c.h.h.t.HelmChartContainer - [POD] test-hivemq-platform-0 [eaf3faf1-45ac-4dee-bdfa-f479d7fc67e7] in helmmonitoringplatformit was MODIFIED
2025-01-30 04:04:25,650 INFO c.h.h.t.HelmChartContainer - [hivemq-test-hivemq-platform] [hivemq-platform-operator] [49896a8e] 04:04:25.639 [pool-6-thread-32] DEBUG c.h.p.o.d.PlatformServiceResource - [helmmoni] Desired Platform services (3 services)
2025-01-30 04:04:25,696 INFO c.h.h.t.HelmChartContainer - [hivemq-test-hivemq-platform] [hivemq-platform-operator] [49896a8e] 04:04:25.642 [pool-6-thread-33] DEBUG c.h.p.o.dependants.PodInfoConfigMap - [helmmoni] Desired PodInfo ConfigMap (1 extensions) (1 enabled)
2025-01-30 04:04:25,696 INFO c.h.h.t.HelmChartContainer - [hivemq-test-hivemq-platform] [hivemq-platform-operator] [49896a8e] 04:04:25.693 [pool-6-thread-33] DEBUG c.h.p.o.dependants.PodInfoConfigMap - [helmmoni] Desired PodInfo ConfigMap (metrics port: 9399) (metrics path: /)
2025-01-30 04:04:25,696 INFO c.h.h.t.HelmChartContainer - [hivemq-test-hivemq-platform] [hivemq-platform-operator] [49896a8e] 04:04:25.693 [pool-6-thread-33] DEBUG c.h.p.o.dependants.PodInfoConfigMap - [helmmoni] Desired PodInfo ConfigMap (extension state hash: -1817474005)
2025-01-30 04:04:25,702 INFO c.h.h.t.HelmChartContainer - [hivemq-test-hivemq-platform] [hivemq-platform-operator] [49896a8e] 04:04:25.697 [pool-6-thread-37] DEBUG c.h.p.o.d.PodServiceAccountResource - [helmmoni] Desired PodServiceAccountResource (serviceAccountName: hivemq-platform-pod-test-hivemq-platform)
2025-01-30 04:04:25,710 INFO c.h.h.t.HelmChartContainer - [hivemq-test-hivemq-platform] [hivemq-platform-operator] [49896a8e] 04:04:25.707 [pool-6-thread-40] DEBUG c.h.p.o.d.StatefulSetResource - [helmmoni] Desired StatefulSet (2 replicas) for status STARTING (READY)
2025-01-30 04:04:25,794 INFO c.h.h.t.HelmChartContainer - [hivemq-test-hivemq-platform] [hivemq-platform-operator] [49896a8e] 04:04:25.793 [ReconcilerExecutor-hivemq-controller-87] INFO  c.h.p.o.HiveMQPlatformReconciler - [helmmoni] Reconciling HiveMQ Platform 'test-hivemq-platform' in namespace 'helmmonitoringplatformit'
2025-01-30 04:04:25,794 INFO c.h.h.t.HelmChartContainer - [hivemq-test-hivemq-platform] [hivemq-platform-operator] [49896a8e] 04:04:25.793 [ReconcilerExecutor-hivemq-controller-87] DEBUG c.h.p.o.HiveMQPlatformReconciler - [helmmoni] Custom Resource Status STARTING - HiveMQ Platform is starting (READY)
2025-01-30 04:04:25,794 INFO c.h.h.t.HelmChartContainer - [hivemq-test-hivemq-platform] [hivemq-platform-operator] [49896a8e] 04:04:25.793 [ReconcilerExecutor-hivemq-controller-87] DEBUG c.h.p.o.HiveMQPlatformReconciler - [helmmoni] Custom Resource Spec (replicas: 2) (extensions: 1)
2025-01-30 04:04:25,799 INFO c.h.h.t.HelmChartContainer - [hivemq-test-hivemq-platform] [hivemq-platform-operator] [49896a8e] 04:04:25.796 [ReconcilerExecutor-hivemq-controller-87] DEBUG c.h.p.o.HiveMQPlatformReconciler - [helmmoni] StatefulSet Status (revision: test-hivemq-platform-64db946475, replicas: 1, available: 0, ready: 0, current: 1, updated: 1)
2025-01-30 04:04:25,799 INFO c.h.h.t.HelmChartContainer - [hivemq-test-hivemq-platform] [hivemq-platform-operator] [49896a8e] 04:04:25.797 [ReconcilerExecutor-hivemq-controller-87] DEBUG c.h.p.o.HiveMQPlatformReconciler - [helmmoni] StatefulSet Spec (replicas: 2, init containers: 1, containers: 1, volumes: 3)
2025-01-30 04:04:25,802 INFO c.h.h.t.HelmChartContainer - [hivemq-test-hivemq-platform] [hivemq-platform-operator] [49896a8e] 04:04:25.800 [ReconcilerExecutor-hivemq-controller-87] DEBUG c.h.p.o.h.HiveMQPlatformReconcilerErrorHandler - [helmmoni] Pod 'test-hivemq-platform-0' phase Pending
2025-01-30 04:04:25,802 INFO c.h.h.t.HelmChartContainer - [hivemq-test-hivemq-platform] [hivemq-platform-operator] [49896a8e] 04:04:25.800 [ReconcilerExecutor-hivemq-controller-87] DEBUG c.h.p.o.h.HiveMQPlatformReconcilerErrorHandler - [helmmoni] Pod 'test-hivemq-platform-0' condition 'PodReadyToStartContainers': True
2025-01-30 04:04:25,802 INFO c.h.h.t.HelmChartContainer - [hivemq-test-hivemq-platform] [hivemq-platform-operator] [49896a8e] 04:04:25.800 [ReconcilerExecutor-hivemq-controller-87] DEBUG c.h.p.o.h.HiveMQPlatformReconcilerErrorHandler - [helmmoni] Pod 'test-hivemq-platform-0' condition 'Initialized': True
2025-01-30 04:04:25,803 INFO c.h.h.t.HelmChartContainer - [hivemq-test-hivemq-platform] [hivemq-platform-operator] [49896a8e] 04:04:25.800 [ReconcilerExecutor-hivemq-controller-87] DEBUG c.h.p.o.h.HiveMQPlatformReconcilerErrorHandler - [helmmoni] Pod 'test-hivemq-platform-0' condition 'Ready': False
2025-01-30 04:04:25,803 INFO c.h.h.t.HelmChartContainer - [hivemq-test-hivemq-platform] [hivemq-platform-operator] [49896a8e] 04:04:25.800 [ReconcilerExecutor-hivemq-controller-87] DEBUG c.h.p.o.h.HiveMQPlatformReconcilerErrorHandler - [helmmoni] Pod 'test-hivemq-platform-0' condition 'ContainersReady': False
2025-01-30 04:04:25,803 INFO c.h.h.t.HelmChartContainer - [hivemq-test-hivemq-platform] [hivemq-platform-operator] [49896a8e] 04:04:25.800 [ReconcilerExecutor-hivemq-controller-87] DEBUG c.h.p.o.h.HiveMQPlatformReconcilerErrorHandler - [helmmoni] Pod 'test-hivemq-platform-0' condition 'PodScheduled': True
2025-01-30 04:04:25,803 INFO c.h.h.t.HelmChartContainer - [hivemq-test-hivemq-platform] [hivemq-platform-operator] [49896a8e] 04:04:25.800 [ReconcilerExecutor-hivemq-controller-87] DEBUG c.h.p.o.h.HiveMQPlatformReconcilerErrorHandler - [helmmoni] Pod 'test-hivemq-platform-0' containerStatus 'hivemq' (started: false) (ready: false) (waiting: [PodInitializing] null)
2025-01-30 04:04:25,803 INFO c.h.h.t.HelmChartContainer - [hivemq-test-hivemq-platform] [hivemq-platform-operator] [49896a8e] 04:04:25.801 [ReconcilerExecutor-hivemq-controller-87] INFO  c.h.p.o.h.HiveMQPlatformReconcilerBaseHandler - [helmmoni] HiveMQ Platform is starting, 0 of 2 replicas are ready
2025-01-30 04:04:27,206 INFO c.h.h.t.HelmChartContainer - [EVENT] Normal [Created] Created container: hivemq [helmmonitoringplatformit:test-hivemq-platform-0]
2025-01-30 04:04:27,206 INFO c.h.h.t.HelmChartContainer - Received Created event for container hivemq in pod test-hivemq-platform-0 [eaf3faf1-45ac-4dee-bdfa-f479d7fc67e7]
2025-01-30 04:04:27,626 INFO c.h.h.t.HelmChartContainer - [POD] test-hivemq-platform-0 [eaf3faf1-45ac-4dee-bdfa-f479d7fc67e7] in helmmonitoringplatformit was MODIFIED
2025-01-30 04:04:27,639 INFO c.h.h.t.HelmChartContainer - Started log watcher for hivemq in pod test-hivemq-platform-0 [eaf3faf1-45ac-4dee-bdfa-f479d7fc67e7]
2025-01-30 04:04:27,639 INFO c.h.h.t.HelmChartContainer - [test-hivemq-platform] [hivemq] [eaf3faf1] Adding pre-installed HiveMQ Platform Operator extensions
2025-01-30 04:04:27,639 INFO c.h.h.t.HelmChartContainer - [EVENT] Normal [Started] Started container hivemq [helmmonitoringplatformit:test-hivemq-platform-0]
2025-01-30 04:04:27,639 INFO c.h.h.t.HelmChartContainer - [test-hivemq-platform] [hivemq] [eaf3faf1] Running as user 10000
2025-01-30 04:04:27,639 INFO c.h.h.t.HelmChartContainer - [test-hivemq-platform] [hivemq] [eaf3faf1] Starting HiveMQ Platform Operator Init
2025-01-30 04:04:27,639 INFO c.h.h.t.HelmChartContainer - Received Started event for container hivemq in pod test-hivemq-platform-0 [eaf3faf1-45ac-4dee-bdfa-f479d7fc67e7]
2025-01-30 04:04:27,642 INFO c.h.h.t.HelmChartContainer - [hivemq-test-hivemq-platform] [hivemq-platform-operator] [49896a8e] 04:04:27.640 [pool-6-thread-42] DEBUG c.h.p.o.d.PlatformServiceResource - [helmmoni] Desired Platform services (3 services)
2025-01-30 04:04:27,644 INFO c.h.h.t.HelmChartContainer - [hivemq-test-hivemq-platform] [hivemq-platform-operator] [49896a8e] 04:04:27.643 [pool-6-thread-43] DEBUG c.h.p.o.dependants.PodInfoConfigMap - [helmmoni] Desired PodInfo ConfigMap (1 extensions) (1 enabled)
2025-01-30 04:04:27,644 INFO c.h.h.t.HelmChartContainer - [hivemq-test-hivemq-platform] [hivemq-platform-operator] [49896a8e] 04:04:27.643 [pool-6-thread-43] DEBUG c.h.p.o.dependants.PodInfoConfigMap - [helmmoni] Desired PodInfo ConfigMap (metrics port: 9399) (metrics path: /)
2025-01-30 04:04:27,644 INFO c.h.h.t.HelmChartContainer - [hivemq-test-hivemq-platform] [hivemq-platform-operator] [49896a8e] 04:04:27.643 [pool-6-thread-43] DEBUG c.h.p.o.dependants.PodInfoConfigMap - [helmmoni] Desired PodInfo ConfigMap (extension state hash: -1817474005)
2025-01-30 04:04:27,648 INFO c.h.h.t.HelmChartContainer - [hivemq-test-hivemq-platform] [hivemq-platform-operator] [49896a8e] 04:04:27.646 [pool-6-thread-47] DEBUG c.h.p.o.d.PodServiceAccountResource - [helmmoni] Desired PodServiceAccountResource (serviceAccountName: hivemq-platform-pod-test-hivemq-platform)
2025-01-30 04:04:27,697 INFO c.h.h.t.HelmChartContainer - [hivemq-test-hivemq-platform] [hivemq-platform-operator] [49896a8e] 04:04:27.696 [pool-6-thread-50] DEBUG c.h.p.o.d.StatefulSetResource - [helmmoni] Desired StatefulSet (2 replicas) for status STARTING (READY)
2025-01-30 04:04:27,703 INFO c.h.h.t.HelmChartContainer - [hivemq-test-hivemq-platform] [hivemq-platform-operator] [49896a8e] 04:04:27.702 [ReconcilerExecutor-hivemq-controller-98] INFO  c.h.p.o.HiveMQPlatformReconciler - [helmmoni] Reconciling HiveMQ Platform 'test-hivemq-platform' in namespace 'helmmonitoringplatformit'
2025-01-30 04:04:27,704 INFO c.h.h.t.HelmChartContainer - [hivemq-test-hivemq-platform] [hivemq-platform-operator] [49896a8e] 04:04:27.702 [ReconcilerExecutor-hivemq-controller-98] DEBUG c.h.p.o.HiveMQPlatformReconciler - [helmmoni] Custom Resource Status STARTING - HiveMQ Platform is starting (READY)
2025-01-30 04:04:27,704 INFO c.h.h.t.HelmChartContainer - [hivemq-test-hivemq-platform] [hivemq-platform-operator] [49896a8e] 04:04:27.702 [ReconcilerExecutor-hivemq-controller-98] DEBUG c.h.p.o.HiveMQPlatformReconciler - [helmmoni] Custom Resource Spec (replicas: 2) (extensions: 1)
2025-01-30 04:04:27,706 INFO c.h.h.t.HelmChartContainer - [hivemq-test-hivemq-platform] [hivemq-platform-operator] [49896a8e] 04:04:27.705 [ReconcilerExecutor-hivemq-controller-98] DEBUG c.h.p.o.HiveMQPlatformReconciler - [helmmoni] StatefulSet Status (revision: test-hivemq-platform-64db946475, replicas: 1, available: 0, ready: 0, current: 1, updated: 1)
2025-01-30 04:04:27,706 INFO c.h.h.t.HelmChartContainer - [hivemq-test-hivemq-platform] [hivemq-platform-operator] [49896a8e] 04:04:27.705 [ReconcilerExecutor-hivemq-controller-98] DEBUG c.h.p.o.HiveMQPlatformReconciler - [helmmoni] StatefulSet Spec (replicas: 2, init containers: 1, containers: 1, volumes: 3)
2025-01-30 04:04:27,709 INFO c.h.h.t.HelmChartContainer - [hivemq-test-hivemq-platform] [hivemq-platform-operator] [49896a8e] 04:04:27.708 [ReconcilerExecutor-hivemq-controller-98] DEBUG c.h.p.o.h.HiveMQPlatformReconcilerErrorHandler - [helmmoni] Pod 'test-hivemq-platform-0' phase Running
2025-01-30 04:04:27,710 INFO c.h.h.t.HelmChartContainer - [hivemq-test-hivemq-platform] [hivemq-platform-operator] [49896a8e] 04:04:27.709 [ReconcilerExecutor-hivemq-controller-98] INFO  c.h.p.o.h.HiveMQPlatformReconcilerBaseHandler - [helmmoni] HiveMQ Platform is starting, 0 of 2 replicas are ready
2025-01-30 04:04:28,429 INFO c.h.h.t.HelmChartContainer - [test-hivemq-platform] [hivemq] [eaf3faf1] INFO  - [HiveMQ Platform Operator Init 1.7.0-SNAPSHOT] HiveMQ Platform Operator Init 1.7.0-SNAPSHOT (commit: 47e3375 on branch: HEAD) built on Thu Jan 30 03:55:50 UTC 2025
2025-01-30 04:04:29,587 INFO c.h.h.t.HelmChartContainer - [test-hivemq-platform] [hivemq] [eaf3faf1] INFO  - [HiveMQ Platform Operator Init App 1.7.0-SNAPSHOT] Using bind address 10.42.0.17 from environment variable
2025-01-30 04:04:30,485 INFO c.h.h.t.HelmChartContainer - [test-hivemq-platform] [hivemq] [eaf3faf1] INFO  - [HiveMQ Platform Operator Init App 1.7.0-SNAPSHOT] HiveMQ Platform Operator Init App 1.7.0-SNAPSHOT (commit: 47e3375 on branch: HEAD) built on Thu Jan 30 03:55:50 UTC 2025
2025-01-30 04:04:30,485 INFO c.h.h.t.HelmChartContainer - [test-hivemq-platform] [hivemq] [eaf3faf1] INFO  - [HiveMQ Platform Operator Init App 1.7.0-SNAPSHOT] PodInfo ConfigMap directory: /etc/podinfo
2025-01-30 04:04:30,485 INFO c.h.h.t.HelmChartContainer - [test-hivemq-platform] [hivemq] [eaf3faf1] INFO  - [HiveMQ Platform Operator Init App 1.7.0-SNAPSHOT] HiveMQ home directory: /opt/hivemq
2025-01-30 04:04:30,485 INFO c.h.h.t.HelmChartContainer - [test-hivemq-platform] [hivemq] [eaf3faf1] INFO  - [HiveMQ Platform Operator Init App 1.7.0-SNAPSHOT] HiveMQ Logback folder: /opt/hivemq/conf
2025-01-30 04:04:30,485 INFO c.h.h.t.HelmChartContainer - [test-hivemq-platform] [hivemq] [eaf3faf1] INFO  - [HiveMQ Platform Operator Init App 1.7.0-SNAPSHOT] HiveMQ Config folder: /opt/hivemq/conf-k8s
2025-01-30 04:04:30,486 INFO c.h.h.t.HelmChartContainer - [test-hivemq-platform] [hivemq] [eaf3faf1] INFO  - [HiveMQ Platform Operator Init App 1.7.0-SNAPSHOT] Starting HiveMQ Platform Operator Init App
2025-01-30 04:04:30,486 INFO c.h.h.t.HelmChartContainer - [test-hivemq-platform] [hivemq] [eaf3faf1] INFO  - [HiveMQ Platform Operator Init App 1.7.0-SNAPSHOT] Starting Pod reconciler
2025-01-30 04:04:31,688 INFO c.h.h.t.HelmChartContainer - [test-hivemq-platform] [hivemq] [eaf3faf1] INFO  - [HiveMQ Platform Operator Init App 1.7.0-SNAPSHOT] Pod reconciler is scheduled (interval: 5000 ms)
2025-01-30 04:04:31,689 INFO c.h.h.t.HelmChartContainer - [test-hivemq-platform] [hivemq] [eaf3faf1] INFO  - [HiveMQ Platform Operator Init App 1.7.0-SNAPSHOT] Starting the REST API on 10.42.0.17:7979
2025-01-30 04:04:31,692 INFO c.h.h.t.HelmChartContainer - [test-hivemq-platform] [hivemq] [eaf3faf1] INFO  - [HiveMQ Platform Operator Init App 1.7.0-SNAPSHOT] Waiting up to 600s for at most 2 HiveMQ nodes in cluster service hivemq-test-hivemq-platform-cluster.helmmonitoringplatformit.svc
2025-01-30 04:04:32,023 INFO c.h.h.t.HelmChartContainer - [test-hivemq-platform] [hivemq] [eaf3faf1] INFO  - [HiveMQ Platform Operator Init App 1.7.0-SNAPSHOT] Resolved 1 IP addresses: [10.42.0.17]
2025-01-30 04:04:32,023 INFO c.h.h.t.HelmChartContainer - [test-hivemq-platform] [hivemq] [eaf3faf1] INFO  - [HiveMQ Platform Operator Init App 1.7.0-SNAPSHOT] HiveMQ node count of 1 is within threshold of 2
2025-01-30 04:04:32,023 INFO c.h.h.t.HelmChartContainer - [test-hivemq-platform] [hivemq] [eaf3faf1] INFO  - [HiveMQ Platform Operator Init App 1.7.0-SNAPSHOT] Proceeding with container start
2025-01-30 04:04:32,082 INFO c.h.h.t.HelmChartContainer - [test-hivemq-platform] [hivemq] [eaf3faf1] INFO  - [HiveMQ Platform Operator Init App 1.7.0-SNAPSHOT] Initializing HiveMQ Platform extensions with initial configuration: {hivemq-allow-all-extension={start-priority=-1, skip-https-hostname-verification=false, restart=true, config-version=0, header-version=0, c-uri=, priority=-1, uri=preinstalled, skip-https-certificate-validation=false, enabled=true}, hivemq-prometheus-extension={enabled=true, restart=true, priority=-1, start-priority=-1, c-uri=, skip-https-hostname-verification=false, skip-https-certificate-validation=false, uri=preinstalled, request-header-path=no-request-headers}}
2025-01-30 04:04:32,574 INFO c.h.h.t.HelmChartContainer - [test-hivemq-platform] [hivemq] [eaf3faf1] INFO  - [HiveMQ Platform Operator Init App 1.7.0-SNAPSHOT] Extension hivemq-allow-all-extension was already enabled
2025-01-30 04:04:32,628 INFO c.h.h.t.HelmChartContainer - [test-hivemq-platform] [hivemq] [eaf3faf1] INFO  - [HiveMQ Platform Operator Init App 1.7.0-SNAPSHOT] Successfully enabled extension hivemq-prometheus-extension
2025-01-30 04:04:32,669 INFO c.h.h.t.HelmChartContainer - [test-hivemq-platform] [hivemq] [eaf3faf1] INFO  - [HiveMQ Platform Operator Init App 1.7.0-SNAPSHOT] Starting HiveMQ Platform version 4.36.0 (4.36.0)
2025-01-30 04:04:32,669 INFO c.h.h.t.HelmChartContainer - [test-hivemq-platform] [hivemq] [eaf3faf1] INFO  - [HiveMQ Platform Operator Init App 1.7.0-SNAPSHOT] Configuring the HiveMQ Platform
2025-01-30 04:04:32,723 INFO c.h.h.t.HelmChartContainer - [test-hivemq-platform] [hivemq] [eaf3faf1] INFO  - [HiveMQ Platform Operator Init App 1.7.0-SNAPSHOT] Changed logback.xml file scan period to 20 seconds
2025-01-30 04:04:32,776 INFO c.h.h.t.HelmChartContainer - [test-hivemq-platform] [hivemq] [eaf3faf1] INFO  - [HiveMQ Platform Operator Init App 1.7.0-SNAPSHOT] Starting the HiveMQ Platform
2025-01-30 04:04:32,779 INFO c.h.h.t.HelmChartContainer - [test-hivemq-platform] [hivemq] [eaf3faf1] -------------------------------------------------------------------------
2025-01-30 04:04:32,779 INFO c.h.h.t.HelmChartContainer - [test-hivemq-platform] [hivemq] [eaf3faf1] 
2025-01-30 04:04:32,779 INFO c.h.h.t.HelmChartContainer - [test-hivemq-platform] [hivemq] [eaf3faf1]                   _    _  _              __  __   ____
2025-01-30 04:04:32,779 INFO c.h.h.t.HelmChartContainer - [test-hivemq-platform] [hivemq] [eaf3faf1]                  | |  | |(_)            |  \/  | / __ \
2025-01-30 04:04:32,779 INFO c.h.h.t.HelmChartContainer - [test-hivemq-platform] [hivemq] [eaf3faf1]                  | |__| | _ __   __ ___ | \  / || |  | |
2025-01-30 04:04:32,780 INFO c.h.h.t.HelmChartContainer - [test-hivemq-platform] [hivemq] [eaf3faf1]                  |  __  || |\ \ / // _ \| |\/| || |  | |
2025-01-30 04:04:32,780 INFO c.h.h.t.HelmChartContainer - [test-hivemq-platform] [hivemq] [eaf3faf1]                  | |  | || | \ V /|  __/| |  | || |__| |
2025-01-30 04:04:32,780 INFO c.h.h.t.HelmChartContainer - [test-hivemq-platform] [hivemq] [eaf3faf1]                  |_|  |_||_|  \_/  \___||_|  |_| \___\_\
2025-01-30 04:04:32,780 INFO c.h.h.t.HelmChartContainer - [test-hivemq-platform] [hivemq] [eaf3faf1] 
2025-01-30 04:04:32,780 INFO c.h.h.t.HelmChartContainer - [test-hivemq-platform] [hivemq] [eaf3faf1] -------------------------------------------------------------------------
2025-01-30 04:04:32,780 INFO c.h.h.t.HelmChartContainer - [test-hivemq-platform] [hivemq] [eaf3faf1] 
2025-01-30 04:04:32,780 INFO c.h.h.t.HelmChartContainer - [test-hivemq-platform] [hivemq] [eaf3faf1]   HiveMQ Start Script for Linux/Unix v1.14
2025-01-30 04:04:32,780 INFO c.h.h.t.HelmChartContainer - [test-hivemq-platform] [hivemq] [eaf3faf1] 
2025-01-30 04:04:32,880 INFO c.h.h.t.HelmChartContainer - [test-hivemq-platform] [hivemq] [eaf3faf1] -------------------------------------------------------------------------
2025-01-30 04:04:32,880 INFO c.h.h.t.HelmChartContainer - [test-hivemq-platform] [hivemq] [eaf3faf1] 
2025-01-30 04:04:32,880 INFO c.h.h.t.HelmChartContainer - [test-hivemq-platform] [hivemq] [eaf3faf1]   HIVEMQ_HOME: /opt/hivemq
2025-01-30 04:04:32,880 INFO c.h.h.t.HelmChartContainer - [test-hivemq-platform] [hivemq] [eaf3faf1] 
2025-01-30 04:04:32,880 INFO c.h.h.t.HelmChartContainer - [test-hivemq-platform] [hivemq] [eaf3faf1]   JAVA_OPTS: -XX:+UnlockExperimentalVMOptions -XX:InitialRAMPercentage=50 -XX:MaxRAMPercentage=50 -Djava.net.preferIPv4Stack=true --add-opens java.base/java.lang=ALL-UNNAMED --add-opens java.base/java.nio=ALL-UNNAMED --add-opens java.base/sun.nio.ch=ALL-UNNAMED --add-opens jdk.management/com.sun.management.internal=ALL-UNNAMED --add-exports java.base/jdk.internal.misc=ALL-UNNAMED -Djava.security.egd=file:/dev/./urandom -Dcom.sun.management.jmxremote -Dcom.sun.management.jmxremote.port=9010 -Dcom.sun.management.jmxremote.local.only=false -Dcom.sun.management.jmxremote.authenticate=false -Dcom.sun.management.jmxremote.ssl=false -Duser.language=en -Duser.region=US -XX:+CrashOnOutOfMemoryError -XX:+HeapDumpOnOutOfMemoryError
2025-01-30 04:04:32,880 INFO c.h.h.t.HelmChartContainer - [test-hivemq-platform] [hivemq] [eaf3faf1] 
2025-01-30 04:04:32,880 INFO c.h.h.t.HelmChartContainer - [test-hivemq-platform] [hivemq] [eaf3faf1]   JAVA_VERSION: 21
2025-01-30 04:04:32,880 INFO c.h.h.t.HelmChartContainer - [test-hivemq-platform] [hivemq] [eaf3faf1] 
2025-01-30 04:04:32,880 INFO c.h.h.t.HelmChartContainer - [test-hivemq-platform] [hivemq] [eaf3faf1] -------------------------------------------------------------------------
2025-01-30 04:04:32,880 INFO c.h.h.t.HelmChartContainer - [test-hivemq-platform] [hivemq] [eaf3faf1] 
2025-01-30 04:04:33,676 INFO c.h.h.t.HelmChartContainer - [test-hivemq-platform] [hivemq] [eaf3faf1] INFO  - [HiveMQ Platform Operator Init App 1.7.0-SNAPSHOT] Returning default Health API response 503 for readiness
2025-01-30 04:04:34,076 INFO c.h.h.t.HelmChartContainer - [EVENT] Warning [Unhealthy] Readiness probe failed: HTTP probe failed with statuscode: 503 [helmmonitoringplatformit:test-hivemq-platform-0]
2025-01-30 04:04:34,076 INFO c.h.h.t.HelmChartContainer - Received Unhealthy event for container hivemq in pod test-hivemq-platform-0 [eaf3faf1-45ac-4dee-bdfa-f479d7fc67e7]
2025-01-30 04:04:35,583 INFO c.h.h.t.HelmChartContainer - [test-hivemq-platform] [hivemq] [eaf3faf1] INFO  - Starting HiveMQ Enterprise Server
2025-01-30 04:04:35,627 INFO c.h.h.t.HelmChartContainer - [test-hivemq-platform] [hivemq] [eaf3faf1] INFO  - HiveMQ version: 4.36.0
2025-01-30 04:04:35,627 INFO c.h.h.t.HelmChartContainer - [test-hivemq-platform] [hivemq] [eaf3faf1] INFO  - HiveMQ home directory: /opt/hivemq
2025-01-30 04:04:35,627 INFO c.h.h.t.HelmChartContainer - [test-hivemq-platform] [hivemq] [eaf3faf1] INFO  - Log Configuration was overridden by /opt/hivemq/conf/logback.xml
2025-01-30 04:04:36,923 INFO c.h.h.t.HelmChartContainer - [test-hivemq-platform] [hivemq] [eaf3faf1] INFO  - Successfully loaded configuration from '/opt/hivemq/conf-k8s/config.xml'.
2025-01-30 04:04:37,678 INFO c.h.h.t.HelmChartContainer - [test-hivemq-platform] [hivemq] [eaf3faf1] INFO  - This node's ID is fOMUN
2025-01-30 04:04:37,679 INFO c.h.h.t.HelmChartContainer - [test-hivemq-platform] [hivemq] [eaf3faf1] INFO  - Clustering is enabled
2025-01-30 04:04:37,714 INFO c.h.h.t.HelmChartContainer - [hivemq-test-hivemq-platform] [hivemq-platform-operator] [49896a8e] 04:04:37.713 [pool-6-thread-9] DEBUG c.h.p.o.d.PlatformServiceResource - [helmmoni] Desired Platform services (3 services)
2025-01-30 04:04:37,715 INFO c.h.h.t.HelmChartContainer - [hivemq-test-hivemq-platform] [hivemq-platform-operator] [49896a8e] 04:04:37.714 [pool-6-thread-5] DEBUG c.h.p.o.d.PodServiceAccountResource - [helmmoni] Desired PodServiceAccountResource (serviceAccountName: hivemq-platform-pod-test-hivemq-platform)
2025-01-30 04:04:37,716 INFO c.h.h.t.HelmChartContainer - [hivemq-test-hivemq-platform] [hivemq-platform-operator] [49896a8e] 04:04:37.715 [pool-6-thread-8] DEBUG c.h.p.o.dependants.PodInfoConfigMap - [helmmoni] Desired PodInfo ConfigMap (1 extensions) (1 enabled)
2025-01-30 04:04:37,717 INFO c.h.h.t.HelmChartContainer - [hivemq-test-hivemq-platform] [hivemq-platform-operator] [49896a8e] 04:04:37.717 [pool-6-thread-8] DEBUG c.h.p.o.dependants.PodInfoConfigMap - [helmmoni] Desired PodInfo ConfigMap (metrics port: 9399) (metrics path: /)
2025-01-30 04:04:37,718 INFO c.h.h.t.HelmChartContainer - [hivemq-test-hivemq-platform] [hivemq-platform-operator] [49896a8e] 04:04:37.717 [pool-6-thread-8] DEBUG c.h.p.o.dependants.PodInfoConfigMap - [helmmoni] Desired PodInfo ConfigMap (extension state hash: -1817474005)
2025-01-30 04:04:37,725 INFO c.h.h.t.HelmChartContainer - [hivemq-test-hivemq-platform] [hivemq-platform-operator] [49896a8e] 04:04:37.724 [pool-6-thread-10] DEBUG c.h.p.o.d.StatefulSetResource - [helmmoni] Desired StatefulSet (2 replicas) for status STARTING (READY)
2025-01-30 04:04:37,730 INFO c.h.h.t.HelmChartContainer - [hivemq-test-hivemq-platform] [hivemq-platform-operator] [49896a8e] 04:04:37.729 [ReconcilerExecutor-hivemq-controller-109] INFO  c.h.p.o.HiveMQPlatformReconciler - [helmmoni] Reconciling HiveMQ Platform 'test-hivemq-platform' in namespace 'helmmonitoringplatformit'
2025-01-30 04:04:37,730 INFO c.h.h.t.HelmChartContainer - [hivemq-test-hivemq-platform] [hivemq-platform-operator] [49896a8e] 04:04:37.729 [ReconcilerExecutor-hivemq-controller-109] DEBUG c.h.p.o.HiveMQPlatformReconciler - [helmmoni] Custom Resource Status STARTING - HiveMQ Platform is starting (READY)
2025-01-30 04:04:37,730 INFO c.h.h.t.HelmChartContainer - [hivemq-test-hivemq-platform] [hivemq-platform-operator] [49896a8e] 04:04:37.729 [ReconcilerExecutor-hivemq-controller-109] DEBUG c.h.p.o.HiveMQPlatformReconciler - [helmmoni] Custom Resource Spec (replicas: 2) (extensions: 1)
2025-01-30 04:04:37,795 INFO c.h.h.t.HelmChartContainer - [hivemq-test-hivemq-platform] [hivemq-platform-operator] [49896a8e] 04:04:37.794 [ReconcilerExecutor-hivemq-controller-109] DEBUG c.h.p.o.HiveMQPlatformReconciler - [helmmoni] StatefulSet Status (revision: test-hivemq-platform-64db946475, replicas: 1, available: 0, ready: 0, current: 1, updated: 1)
2025-01-30 04:04:37,795 INFO c.h.h.t.HelmChartContainer - [hivemq-test-hivemq-platform] [hivemq-platform-operator] [49896a8e] 04:04:37.794 [ReconcilerExecutor-hivemq-controller-109] DEBUG c.h.p.o.HiveMQPlatformReconciler - [helmmoni] StatefulSet Spec (replicas: 2, init containers: 1, containers: 1, volumes: 3)
2025-01-30 04:04:37,797 INFO c.h.h.t.HelmChartContainer - [hivemq-test-hivemq-platform] [hivemq-platform-operator] [49896a8e] 04:04:37.796 [ReconcilerExecutor-hivemq-controller-109] DEBUG c.h.p.o.h.HiveMQPlatformReconcilerErrorHandler - [helmmoni] Pod 'test-hivemq-platform-0' phase Running
2025-01-30 04:04:37,798 INFO c.h.h.t.HelmChartContainer - [hivemq-test-hivemq-platform] [hivemq-platform-operator] [49896a8e] 04:04:37.797 [ReconcilerExecutor-hivemq-controller-109] INFO  c.h.p.o.h.HiveMQPlatformReconcilerBaseHandler - [helmmoni] HiveMQ Platform is starting, 0 of 2 replicas are ready
2025-01-30 04:04:39,123 INFO c.h.h.t.HelmChartContainer - [test-hivemq-platform] [hivemq] [eaf3faf1] WARN  - [HiveMQ Platform Operator Init App 1.7.0-SNAPSHOT] Cannot connect to Health API for readiness: null
2025-01-30 04:04:39,127 INFO c.h.h.t.HelmChartContainer - [EVENT] Warning [Unhealthy] Readiness probe failed: HTTP probe failed with statuscode: 503 [helmmonitoringplatformit:test-hivemq-platform-0]
2025-01-30 04:04:39,127 INFO c.h.h.t.HelmChartContainer - Received Unhealthy event for container hivemq in pod test-hivemq-platform-0 [eaf3faf1-45ac-4dee-bdfa-f479d7fc67e7]
2025-01-30 04:04:40,563 INFO c.h.h.t.HelmChartContainer - [K3S] [INFO] COMPACT compactRev=0 targetCompactRev=2 currentRev=1577
2025-01-30 04:04:40,564 INFO c.h.h.t.HelmChartContainer - [K3S] [INFO] COMPACT deleted 0 rows from 2 revisions in 494.921µs - compacted to 2/1577
2025-01-30 04:04:40,564 INFO c.h.h.t.HelmChartContainer - [K3S] [INFO] COMPACT compacted from 0 to 2 in 1 transactions over 1ms
2025-01-30 04:04:42,075 INFO c.h.h.t.HelmChartContainer - [test-hivemq-platform] [hivemq] [eaf3faf1] Jan 30, 2025 4:04:42 AM io.vertx.core.impl.BlockedThreadChecker
2025-01-30 04:04:42,075 INFO c.h.h.t.HelmChartContainer - [test-hivemq-platform] [hivemq] [eaf3faf1] WARNING: Thread Thread[vert.x-eventloop-thread-1,5,main] has been blocked for 2145 ms, time limit is 2000 ms
2025-01-30 04:04:43,074 INFO c.h.h.t.HelmChartContainer - [test-hivemq-platform] [hivemq] [eaf3faf1] Jan 30, 2025 4:04:43 AM io.vertx.core.impl.BlockedThreadChecker
2025-01-30 04:04:43,074 INFO c.h.h.t.HelmChartContainer - [test-hivemq-platform] [hivemq] [eaf3faf1] WARNING: Thread Thread[vert.x-eventloop-thread-1,5,main] has been blocked for 3147 ms, time limit is 2000 ms
2025-01-30 04:04:43,121 INFO c.h.h.t.HelmChartContainer - [K3S] [info.go:53] Couldn't collect info from any of the files in "/etc/machine-id,/var/lib/dbus/machine-id"
2025-01-30 04:04:43,163 INFO c.h.h.t.HelmChartContainer - [K3S] [scope.go:117] "RemoveContainer" containerID="91f24b1c1925d7c9cd431cc29df112bc0fe27c1daa906b54e48a84e26b9ee17f"
2025-01-30 04:04:43,167 INFO c.h.h.t.HelmChartContainer - [K3S] [scope.go:117] "RemoveContainer" containerID="cb141ac0e5b8e4b4b80f28a8a82573a267e6a7c95062daa1cf7c82bcbb23dc13"
2025-01-30 04:04:43,471 INFO c.h.h.t.HelmChartContainer - [test-hivemq-platform] [hivemq] [eaf3faf1] INFO  - [HiveMQ Platform Operator Init App 1.7.0-SNAPSHOT] Updating Pod HiveMQ Platform Operator Init App version annotation (version: 1.7.0-SNAPSHOT)
2025-01-30 04:04:43,628 INFO c.h.h.t.HelmChartContainer - [test-hivemq-platform] [hivemq] [eaf3faf1] WARN  - [HiveMQ Platform Operator Init App 1.7.0-SNAPSHOT] Cannot connect to Health API for readiness: null
2025-01-30 04:04:43,631 INFO c.h.h.t.HelmChartContainer - [EVENT] Warning [Unhealthy] Readiness probe failed: HTTP probe failed with statuscode: 503 [helmmonitoringplatformit:test-hivemq-platform-0]
2025-01-30 04:04:43,631 INFO c.h.h.t.HelmChartContainer - Received Unhealthy event for container hivemq in pod test-hivemq-platform-0 [eaf3faf1-45ac-4dee-bdfa-f479d7fc67e7]
2025-01-30 04:04:44,028 INFO c.h.h.t.HelmChartContainer - [POD] test-hivemq-platform-0 [eaf3faf1-45ac-4dee-bdfa-f479d7fc67e7] in helmmonitoringplatformit was MODIFIED
2025-01-30 04:04:44,070 INFO c.h.h.t.HelmChartContainer - [hivemq-test-hivemq-platform] [hivemq-platform-operator] [49896a8e] 04:04:44.034 [pool-6-thread-15] DEBUG c.h.p.o.d.PodServiceAccountResource - [helmmoni] Desired PodServiceAccountResource (serviceAccountName: hivemq-platform-pod-test-hivemq-platform)
2025-01-30 04:04:44,070 INFO c.h.h.t.HelmChartContainer - [hivemq-test-hivemq-platform] [hivemq-platform-operator] [49896a8e] 04:04:44.034 [pool-6-thread-11] DEBUG c.h.p.o.dependants.PodInfoConfigMap - [helmmoni] Desired PodInfo ConfigMap (1 extensions) (1 enabled)
2025-01-30 04:04:44,070 INFO c.h.h.t.HelmChartContainer - [hivemq-test-hivemq-platform] [hivemq-platform-operator] [49896a8e] 04:04:44.035 [pool-6-thread-11] DEBUG c.h.p.o.dependants.PodInfoConfigMap - [helmmoni] Desired PodInfo ConfigMap (metrics port: 9399) (metrics path: /)
2025-01-30 04:04:44,070 INFO c.h.h.t.HelmChartContainer - [hivemq-test-hivemq-platform] [hivemq-platform-operator] [49896a8e] 04:04:44.035 [pool-6-thread-11] DEBUG c.h.p.o.dependants.PodInfoConfigMap - [helmmoni] Desired PodInfo ConfigMap (extension state hash: -1817474005)
2025-01-30 04:04:44,070 INFO c.h.h.t.HelmChartContainer - [hivemq-test-hivemq-platform] [hivemq-platform-operator] [49896a8e] 04:04:44.035 [pool-6-thread-14] DEBUG c.h.p.o.d.PlatformServiceResource - [helmmoni] Desired Platform services (3 services)
2025-01-30 04:04:44,070 INFO c.h.h.t.HelmChartContainer - [hivemq-test-hivemq-platform] [hivemq-platform-operator] [49896a8e] 04:04:44.040 [pool-6-thread-14] DEBUG c.h.p.o.d.StatefulSetResource - [helmmoni] Desired StatefulSet (2 replicas) for status STARTING (READY)
2025-01-30 04:04:44,071 INFO c.h.h.t.HelmChartContainer - [hivemq-test-hivemq-platform] [hivemq-platform-operator] [49896a8e] 04:04:44.044 [ReconcilerExecutor-hivemq-controller-110] INFO  c.h.p.o.HiveMQPlatformReconciler - [helmmoni] Reconciling HiveMQ Platform 'test-hivemq-platform' in namespace 'helmmonitoringplatformit'
2025-01-30 04:04:44,072 INFO c.h.h.t.HelmChartContainer - [test-hivemq-platform] [hivemq] [eaf3faf1] WARN  - [HiveMQ Platform Operator Init App 1.7.0-SNAPSHOT] Cannot connect to Health API for readiness: null
2025-01-30 04:04:44,072 INFO c.h.h.t.HelmChartContainer - [hivemq-test-hivemq-platform] [hivemq-platform-operator] [49896a8e] 04:04:44.044 [ReconcilerExecutor-hivemq-controller-110] DEBUG c.h.p.o.HiveMQPlatformReconciler - [helmmoni] Custom Resource Status STARTING - HiveMQ Platform is starting (READY)
2025-01-30 04:04:44,072 INFO c.h.h.t.HelmChartContainer - [hivemq-test-hivemq-platform] [hivemq-platform-operator] [49896a8e] 04:04:44.044 [ReconcilerExecutor-hivemq-controller-110] DEBUG c.h.p.o.HiveMQPlatformReconciler - [helmmoni] Custom Resource Spec (replicas: 2) (extensions: 1)
2025-01-30 04:04:44,072 INFO c.h.h.t.HelmChartContainer - [hivemq-test-hivemq-platform] [hivemq-platform-operator] [49896a8e] 04:04:44.046 [ReconcilerExecutor-hivemq-controller-110] DEBUG c.h.p.o.HiveMQPlatformReconciler - [helmmoni] StatefulSet Status (revision: test-hivemq-platform-64db946475, replicas: 1, available: 0, ready: 0, current: 1, updated: 1)
2025-01-30 04:04:44,072 INFO c.h.h.t.HelmChartContainer - [hivemq-test-hivemq-platform] [hivemq-platform-operator] [49896a8e] 04:04:44.046 [ReconcilerExecutor-hivemq-controller-110] DEBUG c.h.p.o.HiveMQPlatformReconciler - [helmmoni] StatefulSet Spec (replicas: 2, init containers: 1, containers: 1, volumes: 3)
2025-01-30 04:04:44,072 INFO c.h.h.t.HelmChartContainer - [hivemq-test-hivemq-platform] [hivemq-platform-operator] [49896a8e] 04:04:44.048 [ReconcilerExecutor-hivemq-controller-110] DEBUG c.h.p.o.h.HiveMQPlatformReconcilerErrorHandler - [helmmoni] Pod 'test-hivemq-platform-0' phase Running
2025-01-30 04:04:44,072 INFO c.h.h.t.HelmChartContainer - [hivemq-test-hivemq-platform] [hivemq-platform-operator] [49896a8e] 04:04:44.048 [ReconcilerExecutor-hivemq-controller-110] INFO  c.h.p.o.h.HiveMQPlatformReconcilerBaseHandler - [helmmoni] HiveMQ Platform is starting, 0 of 2 replicas are ready
2025-01-30 04:04:44,077 INFO c.h.h.t.HelmChartContainer - [test-hivemq-platform] [hivemq] [eaf3faf1] INFO  - [HiveMQ Platform Operator Init App 1.7.0-SNAPSHOT] Successfully updated Pod HiveMQ Platform Operator Init App version annotation (version: 1.7.0-SNAPSHOT)
2025-01-30 04:04:44,078 INFO c.h.h.t.HelmChartContainer - [EVENT] Warning [Unhealthy] Readiness probe failed: HTTP probe failed with statuscode: 503 [helmmonitoringplatformit:test-hivemq-platform-0]
2025-01-30 04:04:44,078 INFO c.h.h.t.HelmChartContainer - Received Unhealthy event for container hivemq in pod test-hivemq-platform-0 [eaf3faf1-45ac-4dee-bdfa-f479d7fc67e7]
2025-01-30 04:04:49,077 INFO c.h.h.t.HelmChartContainer - [test-hivemq-platform] [hivemq] [eaf3faf1] WARN  - [HiveMQ Platform Operator Init App 1.7.0-SNAPSHOT] Cannot connect to Health API for readiness: null
2025-01-30 04:04:49,081 INFO c.h.h.t.HelmChartContainer - [EVENT] Warning [Unhealthy] Readiness probe failed: HTTP probe failed with statuscode: 503 [helmmonitoringplatformit:test-hivemq-platform-0]
2025-01-30 04:04:49,081 INFO c.h.h.t.HelmChartContainer - Received Unhealthy event for container hivemq in pod test-hivemq-platform-0 [eaf3faf1-45ac-4dee-bdfa-f479d7fc67e7]
2025-01-30 04:04:54,056 INFO c.h.h.t.HelmChartContainer - [hivemq-test-hivemq-platform] [hivemq-platform-operator] [49896a8e] 04:04:54.053 [pool-6-thread-27] DEBUG c.h.p.o.d.PlatformServiceResource - [helmmoni] Desired Platform services (3 services)
2025-01-30 04:04:54,057 INFO c.h.h.t.HelmChartContainer - [hivemq-test-hivemq-platform] [hivemq-platform-operator] [49896a8e] 04:04:54.053 [pool-6-thread-25] DEBUG c.h.p.o.dependants.PodInfoConfigMap - [helmmoni] Desired PodInfo ConfigMap (1 extensions) (1 enabled)
2025-01-30 04:04:54,057 INFO c.h.h.t.HelmChartContainer - [hivemq-test-hivemq-platform] [hivemq-platform-operator] [49896a8e] 04:04:54.053 [pool-6-thread-25] DEBUG c.h.p.o.dependants.PodInfoConfigMap - [helmmoni] Desired PodInfo ConfigMap (metrics port: 9399) (metrics path: /)
2025-01-30 04:04:54,057 INFO c.h.h.t.HelmChartContainer - [hivemq-test-hivemq-platform] [hivemq-platform-operator] [49896a8e] 04:04:54.053 [pool-6-thread-25] DEBUG c.h.p.o.dependants.PodInfoConfigMap - [helmmoni] Desired PodInfo ConfigMap (extension state hash: -1817474005)
2025-01-30 04:04:54,057 INFO c.h.h.t.HelmChartContainer - [hivemq-test-hivemq-platform] [hivemq-platform-operator] [49896a8e] 04:04:54.054 [pool-6-thread-25] DEBUG c.h.p.o.d.PodServiceAccountResource - [helmmoni] Desired PodServiceAccountResource (serviceAccountName: hivemq-platform-pod-test-hivemq-platform)
2025-01-30 04:04:54,060 INFO c.h.h.t.HelmChartContainer - [hivemq-test-hivemq-platform] [hivemq-platform-operator] [49896a8e] 04:04:54.059 [pool-6-thread-27] DEBUG c.h.p.o.d.StatefulSetResource - [helmmoni] Desired StatefulSet (2 replicas) for status STARTING (READY)
2025-01-30 04:04:54,063 INFO c.h.h.t.HelmChartContainer - [hivemq-test-hivemq-platform] [hivemq-platform-operator] [49896a8e] 04:04:54.062 [ReconcilerExecutor-hivemq-controller-111] INFO  c.h.p.o.HiveMQPlatformReconciler - [helmmoni] Reconciling HiveMQ Platform 'test-hivemq-platform' in namespace 'helmmonitoringplatformit'
2025-01-30 04:04:54,065 INFO c.h.h.t.HelmChartContainer - [hivemq-test-hivemq-platform] [hivemq-platform-operator] [49896a8e] 04:04:54.062 [ReconcilerExecutor-hivemq-controller-111] DEBUG c.h.p.o.HiveMQPlatformReconciler - [helmmoni] Custom Resource Status STARTING - HiveMQ Platform is starting (READY)
2025-01-30 04:04:54,066 INFO c.h.h.t.HelmChartContainer - [hivemq-test-hivemq-platform] [hivemq-platform-operator] [49896a8e] 04:04:54.062 [ReconcilerExecutor-hivemq-controller-111] DEBUG c.h.p.o.HiveMQPlatformReconciler - [helmmoni] Custom Resource Spec (replicas: 2) (extensions: 1)
2025-01-30 04:04:54,066 INFO c.h.h.t.HelmChartContainer - [hivemq-test-hivemq-platform] [hivemq-platform-operator] [49896a8e] 04:04:54.063 [ReconcilerExecutor-hivemq-controller-111] DEBUG c.h.p.o.HiveMQPlatformReconciler - [helmmoni] StatefulSet Status (revision: test-hivemq-platform-64db946475, replicas: 1, available: 0, ready: 0, current: 1, updated: 1)
2025-01-30 04:04:54,066 INFO c.h.h.t.HelmChartContainer - [hivemq-test-hivemq-platform] [hivemq-platform-operator] [49896a8e] 04:04:54.063 [ReconcilerExecutor-hivemq-controller-111] DEBUG c.h.p.o.HiveMQPlatformReconciler - [helmmoni] StatefulSet Spec (replicas: 2, init containers: 1, containers: 1, volumes: 3)
2025-01-30 04:04:54,067 INFO c.h.h.t.HelmChartContainer - [hivemq-test-hivemq-platform] [hivemq-platform-operator] [49896a8e] 04:04:54.065 [ReconcilerExecutor-hivemq-controller-111] DEBUG c.h.p.o.h.HiveMQPlatformReconcilerErrorHandler - [helmmoni] Pod 'test-hivemq-platform-0' phase Running
2025-01-30 04:04:54,067 INFO c.h.h.t.HelmChartContainer - [hivemq-test-hivemq-platform] [hivemq-platform-operator] [49896a8e] 04:04:54.066 [ReconcilerExecutor-hivemq-controller-111] INFO  c.h.p.o.h.HiveMQPlatformReconcilerBaseHandler - [helmmoni] HiveMQ Platform is starting, 0 of 2 replicas are ready
2025-01-30 04:04:54,072 INFO c.h.h.t.HelmChartContainer - [test-hivemq-platform] [hivemq] [eaf3faf1] WARN  - [HiveMQ Platform Operator Init App 1.7.0-SNAPSHOT] Cannot connect to Health API for readiness: null
2025-01-30 04:04:54,077 INFO c.h.h.t.HelmChartContainer - [EVENT] Warning [Unhealthy] Readiness probe failed: HTTP probe failed with statuscode: 503 [helmmonitoringplatformit:test-hivemq-platform-0]
2025-01-30 04:04:54,077 INFO c.h.h.t.HelmChartContainer - Received Unhealthy event for container hivemq in pod test-hivemq-platform-0 [eaf3faf1-45ac-4dee-bdfa-f479d7fc67e7]
2025-01-30 04:04:54,372 INFO c.h.h.t.HelmChartContainer - [test-hivemq-platform] [hivemq] [eaf3faf1] INFO  - No valid license file found. Using trial license, restricted to 25 connections.
2025-01-30 04:04:55,173 INFO c.h.h.t.HelmChartContainer - [test-hivemq-platform] [hivemq] [eaf3faf1] WARN  - [HiveMQ Platform Operator Init App 1.7.0-SNAPSHOT] Cannot connect to Health API for liveness: null
2025-01-30 04:04:55,173 INFO c.h.h.t.HelmChartContainer - [test-hivemq-platform] [hivemq] [eaf3faf1] INFO  - [HiveMQ Platform Operator Init App 1.7.0-SNAPSHOT] Returning default Health API response 200 for liveness
2025-01-30 04:04:58,072 INFO c.h.h.t.HelmChartContainer - [test-hivemq-platform] [hivemq] [eaf3faf1] INFO  - No valid license file for Data Hub found. Using free license, restricted to 1 policy.
2025-01-30 04:04:59,075 INFO c.h.h.t.HelmChartContainer - [test-hivemq-platform] [hivemq] [eaf3faf1] WARN  - [HiveMQ Platform Operator Init App 1.7.0-SNAPSHOT] Cannot connect to Health API for readiness: null
2025-01-30 04:04:59,080 INFO c.h.h.t.HelmChartContainer - [EVENT] Warning [Unhealthy] Readiness probe failed: HTTP probe failed with statuscode: 503 [helmmonitoringplatformit:test-hivemq-platform-0]
2025-01-30 04:04:59,080 INFO c.h.h.t.HelmChartContainer - Received Unhealthy event for container hivemq in pod test-hivemq-platform-0 [eaf3faf1-45ac-4dee-bdfa-f479d7fc67e7]
2025-01-30 04:04:59,277 INFO c.h.h.t.HelmChartContainer - [test-hivemq-platform] [hivemq] [eaf3faf1] INFO  - Audit Logger started.
2025-01-30 04:04:59,590 INFO c.h.h.t.HelmChartContainer - [test-hivemq-platform] [hivemq] [eaf3faf1] INFO  - This node uses '1' CPU cores.
2025-01-30 04:04:59,622 INFO c.h.h.t.HelmChartContainer - [test-hivemq-platform] [hivemq] [eaf3faf1] INFO  - Starting HiveMQ Health API on address 0.0.0.0 and port 8889
2025-01-30 04:05:00,378 INFO c.h.h.t.HelmChartContainer - [test-hivemq-platform] [hivemq] [eaf3faf1] INFO  - Started HiveMQ Health API in 756ms
2025-01-30 04:05:00,981 INFO c.h.h.t.HelmChartContainer - [test-hivemq-platform] [hivemq] [eaf3faf1] INFO  - Starting HiveMQ extension system.
2025-01-30 04:05:01,273 INFO c.h.h.t.HelmChartContainer - [test-hivemq-platform] [hivemq] [eaf3faf1] INFO  - Starting extension with id "hivemq-dns-cluster-discovery" at /opt/hivemq/extensions/hivemq-dns-cluster-discovery
2025-01-30 04:05:01,771 INFO c.h.h.t.HelmChartContainer - [test-hivemq-platform] [hivemq] [eaf3faf1] INFO  - Using TCP cluster transport on address 10.42.0.17 and port 7000
2025-01-30 04:05:01,777 INFO c.h.h.t.HelmChartContainer - [test-hivemq-platform] [hivemq] [eaf3faf1] INFO  - Using extension cluster discovery
2025-01-30 04:05:01,871 INFO c.h.h.t.HelmChartContainer - [test-hivemq-platform] [hivemq] [eaf3faf1] INFO  - Extension "DNS Cluster Discovery Extension" version 4.3.2 started successfully.
2025-01-30 04:05:01,871 INFO c.h.h.t.HelmChartContainer - [test-hivemq-platform] [hivemq] [eaf3faf1] INFO  - Starting extension with id "hivemq-prometheus-extension" at /opt/hivemq/extensions/hivemq-prometheus-extension
2025-01-30 04:05:02,823 INFO c.h.h.t.HelmChartContainer - [test-hivemq-platform] [hivemq] [eaf3faf1] INFO  - Started Jetty Server exposing Prometheus Servlet on URI http://0.0.0.0:9399/
2025-01-30 04:05:02,824 INFO c.h.h.t.HelmChartContainer - [test-hivemq-platform] [hivemq] [eaf3faf1] INFO  - Extension "Prometheus Monitoring Extension" version 4.0.12 started successfully.
2025-01-30 04:05:02,824 INFO c.h.h.t.HelmChartContainer - [test-hivemq-platform] [hivemq] [eaf3faf1] INFO  - Starting extension with id "hivemq-allow-all-extension" at /opt/hivemq/extensions/hivemq-allow-all-extension
2025-01-30 04:05:02,824 INFO c.h.h.t.HelmChartContainer - [test-hivemq-platform] [hivemq] [eaf3faf1] WARN  - 
2025-01-30 04:05:02,825 INFO c.h.h.t.HelmChartContainer - [test-hivemq-platform] [hivemq] [eaf3faf1] ################################################################################################################
2025-01-30 04:05:02,825 INFO c.h.h.t.HelmChartContainer - [test-hivemq-platform] [hivemq] [eaf3faf1] # This HiveMQ deployment is not secure! You are lacking Authentication and Authorization.                      #
2025-01-30 04:05:02,825 INFO c.h.h.t.HelmChartContainer - [test-hivemq-platform] [hivemq] [eaf3faf1] # Right now any MQTT client can connect to the broker with a full set of permissions.                          #
2025-01-30 04:05:02,825 INFO c.h.h.t.HelmChartContainer - [test-hivemq-platform] [hivemq] [eaf3faf1] # For production usage, add an appropriate security extension and remove the hivemq-allow-all extension.       #
2025-01-30 04:05:02,825 INFO c.h.h.t.HelmChartContainer - [test-hivemq-platform] [hivemq] [eaf3faf1] # You can download security extensions from the HiveMQ Marketplace (https://www.hivemq.com/extensions/).       #
2025-01-30 04:05:02,825 INFO c.h.h.t.HelmChartContainer - [test-hivemq-platform] [hivemq] [eaf3faf1] ################################################################################################################
2025-01-30 04:05:02,825 INFO c.h.h.t.HelmChartContainer - [test-hivemq-platform] [hivemq] [eaf3faf1] INFO  - Extension "Allow All Extension" version 1.1.1 started successfully.
2025-01-30 04:05:04,072 INFO c.h.h.t.HelmChartContainer - [hivemq-test-hivemq-platform] [hivemq-platform-operator] [49896a8e] 04:05:04.070 [pool-6-thread-32] DEBUG c.h.p.o.d.PlatformServiceResource - [helmmoni] Desired Platform services (3 services)
2025-01-30 04:05:04,073 INFO c.h.h.t.HelmChartContainer - [hivemq-test-hivemq-platform] [hivemq-platform-operator] [49896a8e] 04:05:04.070 [pool-6-thread-37] DEBUG c.h.p.o.dependants.PodInfoConfigMap - [helmmoni] Desired PodInfo ConfigMap (1 extensions) (1 enabled)
2025-01-30 04:05:04,074 INFO c.h.h.t.HelmChartContainer - [hivemq-test-hivemq-platform] [hivemq-platform-operator] [49896a8e] 04:05:04.072 [pool-6-thread-35] DEBUG c.h.p.o.d.PodServiceAccountResource - [helmmoni] Desired PodServiceAccountResource (serviceAccountName: hivemq-platform-pod-test-hivemq-platform)
2025-01-30 04:05:04,076 INFO c.h.h.t.HelmChartContainer - [hivemq-test-hivemq-platform] [hivemq-platform-operator] [49896a8e] 04:05:04.074 [pool-6-thread-37] DEBUG c.h.p.o.dependants.PodInfoConfigMap - [helmmoni] Desired PodInfo ConfigMap (metrics port: 9399) (metrics path: /)
2025-01-30 04:05:04,076 INFO c.h.h.t.HelmChartContainer - [hivemq-test-hivemq-platform] [hivemq-platform-operator] [49896a8e] 04:05:04.074 [pool-6-thread-37] DEBUG c.h.p.o.dependants.PodInfoConfigMap - [helmmoni] Desired PodInfo ConfigMap (extension state hash: -1817474005)
2025-01-30 04:05:04,078 INFO c.h.h.t.HelmChartContainer - [hivemq-test-hivemq-platform] [hivemq-platform-operator] [49896a8e] 04:05:04.077 [pool-6-thread-37] DEBUG c.h.p.o.d.StatefulSetResource - [helmmoni] Desired StatefulSet (2 replicas) for status STARTING (READY)
2025-01-30 04:05:04,082 INFO c.h.h.t.HelmChartContainer - [hivemq-test-hivemq-platform] [hivemq-platform-operator] [49896a8e] 04:05:04.081 [ReconcilerExecutor-hivemq-controller-112] INFO  c.h.p.o.HiveMQPlatformReconciler - [helmmoni] Reconciling HiveMQ Platform 'test-hivemq-platform' in namespace 'helmmonitoringplatformit'
2025-01-30 04:05:04,082 INFO c.h.h.t.HelmChartContainer - [hivemq-test-hivemq-platform] [hivemq-platform-operator] [49896a8e] 04:05:04.081 [ReconcilerExecutor-hivemq-controller-112] DEBUG c.h.p.o.HiveMQPlatformReconciler - [helmmoni] Custom Resource Status STARTING - HiveMQ Platform is starting (READY)
2025-01-30 04:05:04,082 INFO c.h.h.t.HelmChartContainer - [hivemq-test-hivemq-platform] [hivemq-platform-operator] [49896a8e] 04:05:04.081 [ReconcilerExecutor-hivemq-controller-112] DEBUG c.h.p.o.HiveMQPlatformReconciler - [helmmoni] Custom Resource Spec (replicas: 2) (extensions: 1)
2025-01-30 04:05:04,084 INFO c.h.h.t.HelmChartContainer - [hivemq-test-hivemq-platform] [hivemq-platform-operator] [49896a8e] 04:05:04.082 [ReconcilerExecutor-hivemq-controller-112] DEBUG c.h.p.o.HiveMQPlatformReconciler - [helmmoni] StatefulSet Status (revision: test-hivemq-platform-64db946475, replicas: 1, available: 0, ready: 0, current: 1, updated: 1)
2025-01-30 04:05:04,084 INFO c.h.h.t.HelmChartContainer - [hivemq-test-hivemq-platform] [hivemq-platform-operator] [49896a8e] 04:05:04.082 [ReconcilerExecutor-hivemq-controller-112] DEBUG c.h.p.o.HiveMQPlatformReconciler - [helmmoni] StatefulSet Spec (replicas: 2, init containers: 1, containers: 1, volumes: 3)
2025-01-30 04:05:04,084 INFO c.h.h.t.HelmChartContainer - [hivemq-test-hivemq-platform] [hivemq-platform-operator] [49896a8e] 04:05:04.084 [ReconcilerExecutor-hivemq-controller-112] DEBUG c.h.p.o.h.HiveMQPlatformReconcilerErrorHandler - [helmmoni] Pod 'test-hivemq-platform-0' phase Running
2025-01-30 04:05:04,085 INFO c.h.h.t.HelmChartContainer - [hivemq-test-hivemq-platform] [hivemq-platform-operator] [49896a8e] 04:05:04.084 [ReconcilerExecutor-hivemq-controller-112] INFO  c.h.p.o.h.HiveMQPlatformReconcilerBaseHandler - [helmmoni] HiveMQ Platform is starting, 0 of 2 replicas are ready
2025-01-30 04:05:04,538 INFO c.h.h.t.HelmChartContainer - [test-hivemq-platform] [hivemq] [eaf3faf1] INFO  - [HiveMQ Platform Operator Init App 1.7.0-SNAPSHOT] Returning Health API response 503 for readiness
2025-01-30 04:05:04,542 INFO c.h.h.t.HelmChartContainer - [EVENT] Warning [Unhealthy] Readiness probe failed: HTTP probe failed with statuscode: 503 [helmmonitoringplatformit:test-hivemq-platform-0]
2025-01-30 04:05:04,542 INFO c.h.h.t.HelmChartContainer - Received Unhealthy event for container hivemq in pod test-hivemq-platform-0 [eaf3faf1-45ac-4dee-bdfa-f479d7fc67e7]
2025-01-30 04:05:04,885 INFO c.h.h.t.HelmChartContainer - [test-hivemq-platform] [hivemq] [eaf3faf1] INFO  - fOMUN: no members discovered after 2662 ms: creating cluster as first member
2025-01-30 04:05:04,891 INFO c.h.h.t.HelmChartContainer - [test-hivemq-platform] [hivemq] [eaf3faf1] INFO  - Cluster nodes found by discovery: [fOMUN|0] (1) [fOMUN].
2025-01-30 04:05:04,908 INFO c.h.h.t.HelmChartContainer - [test-hivemq-platform] [hivemq] [eaf3faf1] WARN  - No user for HiveMQ Control Center configured. Starting with default user
2025-01-30 04:05:04,908 INFO c.h.h.t.HelmChartContainer - [test-hivemq-platform] [hivemq] [eaf3faf1] INFO  - Starting HiveMQ Control Center on address 0.0.0.0 and port 8080
2025-01-30 04:05:04,976 INFO c.h.h.t.HelmChartContainer - [test-hivemq-platform] [hivemq] [eaf3faf1] INFO  - Mounting HiveMQ Control Center V2 Preview
2025-01-30 04:05:05,488 INFO c.h.h.t.HelmChartContainer - [test-hivemq-platform] [hivemq] [eaf3faf1] INFO  - Started HiveMQ Control Center in 580ms
2025-01-30 04:05:05,504 INFO c.h.h.t.HelmChartContainer - [test-hivemq-platform] [hivemq] [eaf3faf1] INFO  - Starting TCP listener on address 0.0.0.0 and port 1883
2025-01-30 04:05:05,583 INFO c.h.h.t.HelmChartContainer - [test-hivemq-platform] [hivemq] [eaf3faf1] INFO  - Started TCP Listener on address 0.0.0.0 and on port 1883.
2025-01-30 04:05:05,584 INFO c.h.h.t.HelmChartContainer - [test-hivemq-platform] [hivemq] [eaf3faf1] INFO  - Started HiveMQ in 30402ms
2025-01-30 04:05:09,034 INFO c.h.h.t.HelmChartContainer - [test-hivemq-platform] [hivemq] [eaf3faf1] INFO  - [HiveMQ Platform Operator Init App 1.7.0-SNAPSHOT] Returning Health API response 200 for readiness
2025-01-30 04:05:09,055 INFO c.h.h.t.HelmChartContainer - [POD] test-hivemq-platform-0 [eaf3faf1-45ac-4dee-bdfa-f479d7fc67e7] in helmmonitoringplatformit was MODIFIED
2025-01-30 04:05:09,057 INFO c.h.h.t.HelmChartContainer - [hivemq-test-hivemq-platform] [hivemq-platform-operator] [49896a8e] 04:05:09.053 [pool-6-thread-47] DEBUG c.h.p.o.d.PlatformServiceResource - [helmmoni] Desired Platform services (3 services)
2025-01-30 04:05:09,062 INFO c.h.h.t.HelmChartContainer - [hivemq-test-hivemq-platform] [hivemq-platform-operator] [49896a8e] 04:05:09.058 [pool-6-thread-46] DEBUG c.h.p.o.dependants.PodInfoConfigMap - [helmmoni] Desired PodInfo ConfigMap (1 extensions) (1 enabled)
2025-01-30 04:05:09,069 INFO c.h.h.t.HelmChartContainer - [hivemq-test-hivemq-platform] [hivemq-platform-operator] [49896a8e] 04:05:09.058 [pool-6-thread-45] DEBUG c.h.p.o.d.PodServiceAccountResource - [helmmoni] Desired PodServiceAccountResource (serviceAccountName: hivemq-platform-pod-test-hivemq-platform)
2025-01-30 04:05:09,069 INFO c.h.h.t.HelmChartContainer - [hivemq-test-hivemq-platform] [hivemq-platform-operator] [49896a8e] 04:05:09.060 [pool-6-thread-46] DEBUG c.h.p.o.dependants.PodInfoConfigMap - [helmmoni] Desired PodInfo ConfigMap (metrics port: 9399) (metrics path: /)
2025-01-30 04:05:09,069 INFO c.h.h.t.HelmChartContainer - [hivemq-test-hivemq-platform] [hivemq-platform-operator] [49896a8e] 04:05:09.060 [pool-6-thread-46] DEBUG c.h.p.o.dependants.PodInfoConfigMap - [helmmoni] Desired PodInfo ConfigMap (extension state hash: -1817474005)
2025-01-30 04:05:09,075 INFO c.h.h.t.HelmChartContainer - [POD] test-hivemq-platform-1 [f5b69bee-f3d0-4bed-9f21-4bf2d29a2116] in helmmonitoringplatformit was ADDED
2025-01-30 04:05:09,076 INFO c.h.h.t.HelmChartContainer - [EVENT] Normal [SuccessfulCreate] create Pod test-hivemq-platform-1 in StatefulSet test-hivemq-platform successful [helmmonitoringplatformit:test-hivemq-platform]
2025-01-30 04:05:09,084 INFO c.h.h.t.HelmChartContainer - [POD] test-hivemq-platform-1 [f5b69bee-f3d0-4bed-9f21-4bf2d29a2116] in helmmonitoringplatformit was MODIFIED
2025-01-30 04:05:09,085 INFO c.h.h.t.HelmChartContainer - [EVENT] Normal [Scheduled] Successfully assigned helmmonitoringplatformit/test-hivemq-platform-1 to 13757cc4392a [helmmonitoringplatformit:test-hivemq-platform-1]
2025-01-30 04:05:09,096 INFO c.h.h.t.HelmChartContainer - [POD] test-hivemq-platform-1 [f5b69bee-f3d0-4bed-9f21-4bf2d29a2116] in helmmonitoringplatformit was MODIFIED
2025-01-30 04:05:09,099 INFO c.h.h.t.HelmChartContainer - [hivemq-test-hivemq-platform] [hivemq-platform-operator] [49896a8e] 04:05:09.097 [pool-6-thread-47] DEBUG c.h.p.o.d.StatefulSetResource - [helmmoni] Desired StatefulSet (2 replicas) for status STARTING (READY)
2025-01-30 04:05:09,106 INFO c.h.h.t.HelmChartContainer - [hivemq-test-hivemq-platform] [hivemq-platform-operator] [49896a8e] 04:05:09.105 [ReconcilerExecutor-hivemq-controller-113] INFO  c.h.p.o.HiveMQPlatformReconciler - [helmmoni] Reconciling HiveMQ Platform 'test-hivemq-platform' in namespace 'helmmonitoringplatformit'
2025-01-30 04:05:09,106 INFO c.h.h.t.HelmChartContainer - [hivemq-test-hivemq-platform] [hivemq-platform-operator] [49896a8e] 04:05:09.105 [ReconcilerExecutor-hivemq-controller-113] DEBUG c.h.p.o.HiveMQPlatformReconciler - [helmmoni] Custom Resource Status STARTING - HiveMQ Platform is starting (READY)
2025-01-30 04:05:09,108 INFO c.h.h.t.HelmChartContainer - [hivemq-test-hivemq-platform] [hivemq-platform-operator] [49896a8e] 04:05:09.105 [ReconcilerExecutor-hivemq-controller-113] DEBUG c.h.p.o.HiveMQPlatformReconciler - [helmmoni] Custom Resource Spec (replicas: 2) (extensions: 1)
2025-01-30 04:05:09,112 INFO c.h.h.t.HelmChartContainer - [hivemq-test-hivemq-platform] [hivemq-platform-operator] [49896a8e] 04:05:09.107 [ReconcilerExecutor-hivemq-controller-113] DEBUG c.h.p.o.HiveMQPlatformReconciler - [helmmoni] StatefulSet Status (revision: test-hivemq-platform-64db946475, replicas: 2, available: 1, ready: 1, current: 2, updated: 2)
2025-01-30 04:05:09,112 INFO c.h.h.t.HelmChartContainer - [hivemq-test-hivemq-platform] [hivemq-platform-operator] [49896a8e] 04:05:09.107 [ReconcilerExecutor-hivemq-controller-113] DEBUG c.h.p.o.HiveMQPlatformReconciler - [helmmoni] StatefulSet Spec (replicas: 2, init containers: 1, containers: 1, volumes: 3)
2025-01-30 04:05:09,112 INFO c.h.h.t.HelmChartContainer - [hivemq-test-hivemq-platform] [hivemq-platform-operator] [49896a8e] 04:05:09.108 [ReconcilerExecutor-hivemq-controller-113] DEBUG c.h.p.o.h.HiveMQPlatformReconcilerErrorHandler - [helmmoni] Pod 'test-hivemq-platform-1' phase Pending
2025-01-30 04:05:09,113 INFO c.h.h.t.HelmChartContainer - [hivemq-test-hivemq-platform] [hivemq-platform-operator] [49896a8e] 04:05:09.108 [ReconcilerExecutor-hivemq-controller-113] DEBUG c.h.p.o.h.HiveMQPlatformReconcilerErrorHandler - [helmmoni] Pod 'test-hivemq-platform-1' condition 'PodReadyToStartContainers': False
2025-01-30 04:05:09,113 INFO c.h.h.t.HelmChartContainer - [hivemq-test-hivemq-platform] [hivemq-platform-operator] [49896a8e] 04:05:09.108 [ReconcilerExecutor-hivemq-controller-113] DEBUG c.h.p.o.h.HiveMQPlatformReconcilerErrorHandler - [helmmoni] Pod 'test-hivemq-platform-1' condition 'Initialized': False
2025-01-30 04:05:09,113 INFO c.h.h.t.HelmChartContainer - [hivemq-test-hivemq-platform] [hivemq-platform-operator] [49896a8e] 04:05:09.108 [ReconcilerExecutor-hivemq-controller-113] DEBUG c.h.p.o.h.HiveMQPlatformReconcilerErrorHandler - [helmmoni] Pod 'test-hivemq-platform-1' condition 'Ready': False
2025-01-30 04:05:09,113 INFO c.h.h.t.HelmChartContainer - [hivemq-test-hivemq-platform] [hivemq-platform-operator] [49896a8e] 04:05:09.108 [ReconcilerExecutor-hivemq-controller-113] DEBUG c.h.p.o.h.HiveMQPlatformReconcilerErrorHandler - [helmmoni] Pod 'test-hivemq-platform-1' condition 'ContainersReady': False
2025-01-30 04:05:09,113 INFO c.h.h.t.HelmChartContainer - [hivemq-test-hivemq-platform] [hivemq-platform-operator] [49896a8e] 04:05:09.108 [ReconcilerExecutor-hivemq-controller-113] DEBUG c.h.p.o.h.HiveMQPlatformReconcilerErrorHandler - [helmmoni] Pod 'test-hivemq-platform-1' condition 'PodScheduled': True
2025-01-30 04:05:09,113 INFO c.h.h.t.HelmChartContainer - [hivemq-test-hivemq-platform] [hivemq-platform-operator] [49896a8e] 04:05:09.109 [ReconcilerExecutor-hivemq-controller-113] DEBUG c.h.p.o.h.HiveMQPlatformReconcilerErrorHandler - [helmmoni] Pod 'test-hivemq-platform-1' containerStatus 'hivemq' (started: false) (ready: false) (waiting: [PodInitializing] null)
2025-01-30 04:05:09,113 INFO c.h.h.t.HelmChartContainer - [hivemq-test-hivemq-platform] [hivemq-platform-operator] [49896a8e] 04:05:09.109 [ReconcilerExecutor-hivemq-controller-113] DEBUG c.h.p.o.h.HiveMQPlatformReconcilerErrorHandler - [helmmoni] Pod 'test-hivemq-platform-0' phase Running
2025-01-30 04:05:09,113 INFO c.h.h.t.HelmChartContainer - [hivemq-test-hivemq-platform] [hivemq-platform-operator] [49896a8e] 04:05:09.110 [ReconcilerExecutor-hivemq-controller-113] INFO  c.h.p.o.h.HiveMQPlatformReconcilerBaseHandler - [helmmoni] HiveMQ Platform is starting, 1 of 2 replicas are ready
2025-01-30 04:05:09,146 INFO c.h.h.t.HelmChartContainer - [K3S] [reconciler_common.go:251] "operationExecutor.VerifyControllerAttachedVolume started for volume \"operator-init\" (UniqueName: \"kubernetes.io/empty-dir/f5b69bee-f3d0-4bed-9f21-4bf2d29a2116-operator-init\") pod \"test-hivemq-platform-1\" (UID: \"f5b69bee-f3d0-4bed-9f21-4bf2d29a2116\") " pod="helmmonitoringplatformit/test-hivemq-platform-1"
2025-01-30 04:05:09,146 INFO c.h.h.t.HelmChartContainer - [K3S] [reconciler_common.go:251] "operationExecutor.VerifyControllerAttachedVolume started for volume \"pod-info\" (UniqueName: \"kubernetes.io/configmap/f5b69bee-f3d0-4bed-9f21-4bf2d29a2116-pod-info\") pod \"test-hivemq-platform-1\" (UID: \"f5b69bee-f3d0-4bed-9f21-4bf2d29a2116\") " pod="helmmonitoringplatformit/test-hivemq-platform-1"
2025-01-30 04:05:09,146 INFO c.h.h.t.HelmChartContainer - [K3S] [reconciler_common.go:251] "operationExecutor.VerifyControllerAttachedVolume started for volume \"kube-api-access-jtxd4\" (UniqueName: \"kubernetes.io/projected/f5b69bee-f3d0-4bed-9f21-4bf2d29a2116-kube-api-access-jtxd4\") pod \"test-hivemq-platform-1\" (UID: \"f5b69bee-f3d0-4bed-9f21-4bf2d29a2116\") " pod="helmmonitoringplatformit/test-hivemq-platform-1"
2025-01-30 04:05:09,146 INFO c.h.h.t.HelmChartContainer - [K3S] [reconciler_common.go:251] "operationExecutor.VerifyControllerAttachedVolume started for volume \"broker-configuration\" (UniqueName: \"kubernetes.io/configmap/f5b69bee-f3d0-4bed-9f21-4bf2d29a2116-broker-configuration\") pod \"test-hivemq-platform-1\" (UID: \"f5b69bee-f3d0-4bed-9f21-4bf2d29a2116\") " pod="helmmonitoringplatformit/test-hivemq-platform-1"
2025-01-30 04:05:09,196 INFO c.h.h.t.HelmChartContainer - [hivemq-test-hivemq-platform] [hivemq-platform-operator] [49896a8e] 04:05:09.193 [pool-6-thread-5] DEBUG c.h.p.o.d.PlatformServiceResource - [helmmoni] Desired Platform services (3 services)
2025-01-30 04:05:09,196 INFO c.h.h.t.HelmChartContainer - [hivemq-test-hivemq-platform] [hivemq-platform-operator] [49896a8e] 04:05:09.194 [pool-6-thread-6] DEBUG c.h.p.o.dependants.PodInfoConfigMap - [helmmoni] Desired PodInfo ConfigMap (1 extensions) (1 enabled)
2025-01-30 04:05:09,196 INFO c.h.h.t.HelmChartContainer - [hivemq-test-hivemq-platform] [hivemq-platform-operator] [49896a8e] 04:05:09.194 [pool-6-thread-6] DEBUG c.h.p.o.dependants.PodInfoConfigMap - [helmmoni] Desired PodInfo ConfigMap (metrics port: 9399) (metrics path: /)
2025-01-30 04:05:09,196 INFO c.h.h.t.HelmChartContainer - [hivemq-test-hivemq-platform] [hivemq-platform-operator] [49896a8e] 04:05:09.194 [pool-6-thread-6] DEBUG c.h.p.o.dependants.PodInfoConfigMap - [helmmoni] Desired PodInfo ConfigMap (extension state hash: -1817474005)
2025-01-30 04:05:09,196 INFO c.h.h.t.HelmChartContainer - [hivemq-test-hivemq-platform] [hivemq-platform-operator] [49896a8e] 04:05:09.194 [pool-6-thread-6] DEBUG c.h.p.o.d.PodServiceAccountResource - [helmmoni] Desired PodServiceAccountResource (serviceAccountName: hivemq-platform-pod-test-hivemq-platform)
2025-01-30 04:05:09,200 INFO c.h.h.t.HelmChartContainer - [hivemq-test-hivemq-platform] [hivemq-platform-operator] [49896a8e] 04:05:09.198 [pool-6-thread-5] DEBUG c.h.p.o.d.StatefulSetResource - [helmmoni] Desired StatefulSet (2 replicas) for status STARTING (READY)
2025-01-30 04:05:09,203 INFO c.h.h.t.HelmChartContainer - [hivemq-test-hivemq-platform] [hivemq-platform-operator] [49896a8e] 04:05:09.202 [ReconcilerExecutor-hivemq-controller-114] INFO  c.h.p.o.HiveMQPlatformReconciler - [helmmoni] Reconciling HiveMQ Platform 'test-hivemq-platform' in namespace 'helmmonitoringplatformit'
2025-01-30 04:05:09,203 INFO c.h.h.t.HelmChartContainer - [hivemq-test-hivemq-platform] [hivemq-platform-operator] [49896a8e] 04:05:09.202 [ReconcilerExecutor-hivemq-controller-114] DEBUG c.h.p.o.HiveMQPlatformReconciler - [helmmoni] Custom Resource Status STARTING - HiveMQ Platform is starting (READY)
2025-01-30 04:05:09,203 INFO c.h.h.t.HelmChartContainer - [hivemq-test-hivemq-platform] [hivemq-platform-operator] [49896a8e] 04:05:09.202 [ReconcilerExecutor-hivemq-controller-114] DEBUG c.h.p.o.HiveMQPlatformReconciler - [helmmoni] Custom Resource Spec (replicas: 2) (extensions: 1)
2025-01-30 04:05:09,204 INFO c.h.h.t.HelmChartContainer - [hivemq-test-hivemq-platform] [hivemq-platform-operator] [49896a8e] 04:05:09.204 [ReconcilerExecutor-hivemq-controller-114] DEBUG c.h.p.o.HiveMQPlatformReconciler - [helmmoni] StatefulSet Status (revision: test-hivemq-platform-64db946475, replicas: 2, available: 1, ready: 1, current: 2, updated: 2)
2025-01-30 04:05:09,205 INFO c.h.h.t.HelmChartContainer - [hivemq-test-hivemq-platform] [hivemq-platform-operator] [49896a8e] 04:05:09.204 [ReconcilerExecutor-hivemq-controller-114] DEBUG c.h.p.o.HiveMQPlatformReconciler - [helmmoni] StatefulSet Spec (replicas: 2, init containers: 1, containers: 1, volumes: 3)
2025-01-30 04:05:09,206 INFO c.h.h.t.HelmChartContainer - [hivemq-test-hivemq-platform] [hivemq-platform-operator] [49896a8e] 04:05:09.205 [ReconcilerExecutor-hivemq-controller-114] DEBUG c.h.p.o.h.HiveMQPlatformReconcilerErrorHandler - [helmmoni] Pod 'test-hivemq-platform-1' phase Pending
2025-01-30 04:05:09,206 INFO c.h.h.t.HelmChartContainer - [hivemq-test-hivemq-platform] [hivemq-platform-operator] [49896a8e] 04:05:09.206 [ReconcilerExecutor-hivemq-controller-114] DEBUG c.h.p.o.h.HiveMQPlatformReconcilerErrorHandler - [helmmoni] Pod 'test-hivemq-platform-1' condition 'PodReadyToStartContainers': False
2025-01-30 04:05:09,206 INFO c.h.h.t.HelmChartContainer - [hivemq-test-hivemq-platform] [hivemq-platform-operator] [49896a8e] 04:05:09.206 [ReconcilerExecutor-hivemq-controller-114] DEBUG c.h.p.o.h.HiveMQPlatformReconcilerErrorHandler - [helmmoni] Pod 'test-hivemq-platform-1' condition 'Initialized': False
2025-01-30 04:05:09,208 INFO c.h.h.t.HelmChartContainer - [hivemq-test-hivemq-platform] [hivemq-platform-operator] [49896a8e] 04:05:09.206 [ReconcilerExecutor-hivemq-controller-114] DEBUG c.h.p.o.h.HiveMQPlatformReconcilerErrorHandler - [helmmoni] Pod 'test-hivemq-platform-1' condition 'Ready': False
2025-01-30 04:05:09,208 INFO c.h.h.t.HelmChartContainer - [hivemq-test-hivemq-platform] [hivemq-platform-operator] [49896a8e] 04:05:09.206 [ReconcilerExecutor-hivemq-controller-114] DEBUG c.h.p.o.h.HiveMQPlatformReconcilerErrorHandler - [helmmoni] Pod 'test-hivemq-platform-1' condition 'ContainersReady': False
2025-01-30 04:05:09,209 INFO c.h.h.t.HelmChartContainer - [hivemq-test-hivemq-platform] [hivemq-platform-operator] [49896a8e] 04:05:09.206 [ReconcilerExecutor-hivemq-controller-114] DEBUG c.h.p.o.h.HiveMQPlatformReconcilerErrorHandler - [helmmoni] Pod 'test-hivemq-platform-1' condition 'PodScheduled': True
2025-01-30 04:05:09,209 INFO c.h.h.t.HelmChartContainer - [hivemq-test-hivemq-platform] [hivemq-platform-operator] [49896a8e] 04:05:09.206 [ReconcilerExecutor-hivemq-controller-114] DEBUG c.h.p.o.h.HiveMQPlatformReconcilerErrorHandler - [helmmoni] Pod 'test-hivemq-platform-1' containerStatus 'hivemq' (started: false) (ready: false) (waiting: [PodInitializing] null)
2025-01-30 04:05:09,209 INFO c.h.h.t.HelmChartContainer - [hivemq-test-hivemq-platform] [hivemq-platform-operator] [49896a8e] 04:05:09.207 [ReconcilerExecutor-hivemq-controller-114] DEBUG c.h.p.o.h.HiveMQPlatformReconcilerErrorHandler - [helmmoni] Pod 'test-hivemq-platform-0' phase Running
2025-01-30 04:05:09,209 INFO c.h.h.t.HelmChartContainer - [hivemq-test-hivemq-platform] [hivemq-platform-operator] [49896a8e] 04:05:09.209 [ReconcilerExecutor-hivemq-controller-114] INFO  c.h.p.o.h.HiveMQPlatformReconcilerBaseHandler - [helmmoni] HiveMQ Platform is starting, 1 of 2 replicas are ready
2025-01-30 04:05:09,479 INFO c.h.h.t.HelmChartContainer - [EVENT] Normal [Pulled] Container image "docker.io/hivemq/hivemq-platform-operator-init-test:snapshot" already present on machine [helmmonitoringplatformit:test-hivemq-platform-1]
2025-01-30 04:05:09,485 INFO c.h.h.t.HelmChartContainer - [EVENT] Normal [Created] Created container: hivemq-platform-operator-init [helmmonitoringplatformit:test-hivemq-platform-1]
2025-01-30 04:05:09,525 INFO c.h.h.t.HelmChartContainer - [EVENT] Normal [Started] Started container hivemq-platform-operator-init [helmmonitoringplatformit:test-hivemq-platform-1]
2025-01-30 04:05:09,689 INFO c.h.h.t.HelmChartContainer - [EVENT] Normal [Pulled] Container image "docker.io/hivemq/hivemq4:4.36.0" already present on machine [helmmonitoringplatformit:test-hivemq-platform-1]
2025-01-30 04:05:09,689 INFO c.h.h.t.HelmChartContainer - Received Pulled event for container hivemq in pod test-hivemq-platform-1 [f5b69bee-f3d0-4bed-9f21-4bf2d29a2116]
2025-01-30 04:05:09,699 INFO c.h.h.t.HelmChartContainer - [POD] test-hivemq-platform-1 [f5b69bee-f3d0-4bed-9f21-4bf2d29a2116] in helmmonitoringplatformit was MODIFIED
2025-01-30 04:05:09,708 INFO c.h.h.t.HelmChartContainer - [hivemq-test-hivemq-platform] [hivemq-platform-operator] [49896a8e] 04:05:09.704 [pool-6-thread-15] DEBUG c.h.p.o.d.PlatformServiceResource - [helmmoni] Desired Platform services (3 services)
2025-01-30 04:05:09,715 INFO c.h.h.t.HelmChartContainer - [hivemq-test-hivemq-platform] [hivemq-platform-operator] [49896a8e] 04:05:09.708 [pool-6-thread-17] DEBUG c.h.p.o.d.PodServiceAccountResource - [helmmoni] Desired PodServiceAccountResource (serviceAccountName: hivemq-platform-pod-test-hivemq-platform)
2025-01-30 04:05:09,719 INFO c.h.h.t.HelmChartContainer - [EVENT] Normal [Created] Created container: hivemq [helmmonitoringplatformit:test-hivemq-platform-1]
2025-01-30 04:05:09,719 INFO c.h.h.t.HelmChartContainer - Received Created event for container hivemq in pod test-hivemq-platform-1 [f5b69bee-f3d0-4bed-9f21-4bf2d29a2116]
2025-01-30 04:05:09,723 INFO c.h.h.t.HelmChartContainer - [hivemq-test-hivemq-platform] [hivemq-platform-operator] [49896a8e] 04:05:09.720 [pool-6-thread-11] DEBUG c.h.p.o.dependants.PodInfoConfigMap - [helmmoni] Desired PodInfo ConfigMap (1 extensions) (1 enabled)
2025-01-30 04:05:09,723 INFO c.h.h.t.HelmChartContainer - [hivemq-test-hivemq-platform] [hivemq-platform-operator] [49896a8e] 04:05:09.720 [pool-6-thread-11] DEBUG c.h.p.o.dependants.PodInfoConfigMap - [helmmoni] Desired PodInfo ConfigMap (metrics port: 9399) (metrics path: /)
2025-01-30 04:05:09,725 INFO c.h.h.t.HelmChartContainer - [hivemq-test-hivemq-platform] [hivemq-platform-operator] [49896a8e] 04:05:09.720 [pool-6-thread-11] DEBUG c.h.p.o.dependants.PodInfoConfigMap - [helmmoni] Desired PodInfo ConfigMap (extension state hash: -1817474005)
2025-01-30 04:05:09,732 INFO c.h.h.t.HelmChartContainer - [hivemq-test-hivemq-platform] [hivemq-platform-operator] [49896a8e] 04:05:09.724 [pool-6-thread-11] DEBUG c.h.p.o.d.StatefulSetResource - [helmmoni] Desired StatefulSet (2 replicas) for status STARTING (READY)
2025-01-30 04:05:09,736 INFO c.h.h.t.HelmChartContainer - [hivemq-test-hivemq-platform] [hivemq-platform-operator] [49896a8e] 04:05:09.733 [ReconcilerExecutor-hivemq-controller-115] INFO  c.h.p.o.HiveMQPlatformReconciler - [helmmoni] Reconciling HiveMQ Platform 'test-hivemq-platform' in namespace 'helmmonitoringplatformit'
2025-01-30 04:05:09,736 INFO c.h.h.t.HelmChartContainer - [hivemq-test-hivemq-platform] [hivemq-platform-operator] [49896a8e] 04:05:09.734 [ReconcilerExecutor-hivemq-controller-115] DEBUG c.h.p.o.HiveMQPlatformReconciler - [helmmoni] Custom Resource Status STARTING - HiveMQ Platform is starting (READY)
2025-01-30 04:05:09,737 INFO c.h.h.t.HelmChartContainer - [hivemq-test-hivemq-platform] [hivemq-platform-operator] [49896a8e] 04:05:09.735 [ReconcilerExecutor-hivemq-controller-115] DEBUG c.h.p.o.HiveMQPlatformReconciler - [helmmoni] Custom Resource Spec (replicas: 2) (extensions: 1)
2025-01-30 04:05:09,796 INFO c.h.h.t.HelmChartContainer - [hivemq-test-hivemq-platform] [hivemq-platform-operator] [49896a8e] 04:05:09.795 [ReconcilerExecutor-hivemq-controller-115] DEBUG c.h.p.o.HiveMQPlatformReconciler - [helmmoni] StatefulSet Status (revision: test-hivemq-platform-64db946475, replicas: 2, available: 1, ready: 1, current: 2, updated: 2)
2025-01-30 04:05:09,797 INFO c.h.h.t.HelmChartContainer - [hivemq-test-hivemq-platform] [hivemq-platform-operator] [49896a8e] 04:05:09.795 [ReconcilerExecutor-hivemq-controller-115] DEBUG c.h.p.o.HiveMQPlatformReconciler - [helmmoni] StatefulSet Spec (replicas: 2, init containers: 1, containers: 1, volumes: 3)
2025-01-30 04:05:09,799 INFO c.h.h.t.HelmChartContainer - [hivemq-test-hivemq-platform] [hivemq-platform-operator] [49896a8e] 04:05:09.797 [ReconcilerExecutor-hivemq-controller-115] DEBUG c.h.p.o.h.HiveMQPlatformReconcilerErrorHandler - [helmmoni] Pod 'test-hivemq-platform-1' phase Pending
2025-01-30 04:05:09,799 INFO c.h.h.t.HelmChartContainer - [hivemq-test-hivemq-platform] [hivemq-platform-operator] [49896a8e] 04:05:09.798 [ReconcilerExecutor-hivemq-controller-115] DEBUG c.h.p.o.h.HiveMQPlatformReconcilerErrorHandler - [helmmoni] Pod 'test-hivemq-platform-1' condition 'PodReadyToStartContainers': True
2025-01-30 04:05:09,799 INFO c.h.h.t.HelmChartContainer - [hivemq-test-hivemq-platform] [hivemq-platform-operator] [49896a8e] 04:05:09.798 [ReconcilerExecutor-hivemq-controller-115] DEBUG c.h.p.o.h.HiveMQPlatformReconcilerErrorHandler - [helmmoni] Pod 'test-hivemq-platform-1' condition 'Initialized': True
2025-01-30 04:05:09,801 INFO c.h.h.t.HelmChartContainer - [hivemq-test-hivemq-platform] [hivemq-platform-operator] [49896a8e] 04:05:09.799 [ReconcilerExecutor-hivemq-controller-115] DEBUG c.h.p.o.h.HiveMQPlatformReconcilerErrorHandler - [helmmoni] Pod 'test-hivemq-platform-1' condition 'Ready': False
2025-01-30 04:05:09,801 INFO c.h.h.t.HelmChartContainer - [hivemq-test-hivemq-platform] [hivemq-platform-operator] [49896a8e] 04:05:09.799 [ReconcilerExecutor-hivemq-controller-115] DEBUG c.h.p.o.h.HiveMQPlatformReconcilerErrorHandler - [helmmoni] Pod 'test-hivemq-platform-1' condition 'ContainersReady': False
2025-01-30 04:05:09,801 INFO c.h.h.t.HelmChartContainer - [hivemq-test-hivemq-platform] [hivemq-platform-operator] [49896a8e] 04:05:09.799 [ReconcilerExecutor-hivemq-controller-115] DEBUG c.h.p.o.h.HiveMQPlatformReconcilerErrorHandler - [helmmoni] Pod 'test-hivemq-platform-1' condition 'PodScheduled': True
2025-01-30 04:05:09,801 INFO c.h.h.t.HelmChartContainer - [hivemq-test-hivemq-platform] [hivemq-platform-operator] [49896a8e] 04:05:09.799 [ReconcilerExecutor-hivemq-controller-115] DEBUG c.h.p.o.h.HiveMQPlatformReconcilerErrorHandler - [helmmoni] Pod 'test-hivemq-platform-1' containerStatus 'hivemq' (started: false) (ready: false) (waiting: [PodInitializing] null)
2025-01-30 04:05:09,801 INFO c.h.h.t.HelmChartContainer - [hivemq-test-hivemq-platform] [hivemq-platform-operator] [49896a8e] 04:05:09.800 [ReconcilerExecutor-hivemq-controller-115] DEBUG c.h.p.o.h.HiveMQPlatformReconcilerErrorHandler - [helmmoni] Pod 'test-hivemq-platform-0' phase Running
2025-01-30 04:05:09,802 INFO c.h.h.t.HelmChartContainer - [hivemq-test-hivemq-platform] [hivemq-platform-operator] [49896a8e] 04:05:09.801 [ReconcilerExecutor-hivemq-controller-115] INFO  c.h.p.o.h.HiveMQPlatformReconcilerBaseHandler - [helmmoni] HiveMQ Platform is starting, 1 of 2 replicas are ready
2025-01-30 04:05:10,704 INFO c.h.h.t.HelmChartContainer - [POD] test-hivemq-platform-1 [f5b69bee-f3d0-4bed-9f21-4bf2d29a2116] in helmmonitoringplatformit was MODIFIED
2025-01-30 04:05:10,711 INFO c.h.h.t.HelmChartContainer - [hivemq-test-hivemq-platform] [hivemq-platform-operator] [49896a8e] 04:05:10.709 [pool-6-thread-28] DEBUG c.h.p.o.d.PlatformServiceResource - [helmmoni] Desired Platform services (3 services)
2025-01-30 04:05:10,714 INFO c.h.h.t.HelmChartContainer - [hivemq-test-hivemq-platform] [hivemq-platform-operator] [49896a8e] 04:05:10.711 [pool-6-thread-24] DEBUG c.h.p.o.dependants.PodInfoConfigMap - [helmmoni] Desired PodInfo ConfigMap (1 extensions) (1 enabled)
2025-01-30 04:05:10,718 INFO c.h.h.t.HelmChartContainer - [hivemq-test-hivemq-platform] [hivemq-platform-operator] [49896a8e] 04:05:10.711 [pool-6-thread-24] DEBUG c.h.p.o.dependants.PodInfoConfigMap - [helmmoni] Desired PodInfo ConfigMap (metrics port: 9399) (metrics path: /)
2025-01-30 04:05:10,718 INFO c.h.h.t.HelmChartContainer - [hivemq-test-hivemq-platform] [hivemq-platform-operator] [49896a8e] 04:05:10.711 [pool-6-thread-24] DEBUG c.h.p.o.dependants.PodInfoConfigMap - [helmmoni] Desired PodInfo ConfigMap (extension state hash: -1817474005)
2025-01-30 04:05:10,718 INFO c.h.h.t.HelmChartContainer - [hivemq-test-hivemq-platform] [hivemq-platform-operator] [49896a8e] 04:05:10.713 [pool-6-thread-26] DEBUG c.h.p.o.d.PodServiceAccountResource - [helmmoni] Desired PodServiceAccountResource (serviceAccountName: hivemq-platform-pod-test-hivemq-platform)
2025-01-30 04:05:10,722 INFO c.h.h.t.HelmChartContainer - Started log watcher for hivemq in pod test-hivemq-platform-1 [f5b69bee-f3d0-4bed-9f21-4bf2d29a2116]
2025-01-30 04:05:10,724 INFO c.h.h.t.HelmChartContainer - [EVENT] Normal [Started] Started container hivemq [helmmonitoringplatformit:test-hivemq-platform-1]
2025-01-30 04:05:10,724 INFO c.h.h.t.HelmChartContainer - [test-hivemq-platform] [hivemq] [f5b69bee] Adding pre-installed HiveMQ Platform Operator extensions
2025-01-30 04:05:10,724 INFO c.h.h.t.HelmChartContainer - Received Started event for container hivemq in pod test-hivemq-platform-1 [f5b69bee-f3d0-4bed-9f21-4bf2d29a2116]
2025-01-30 04:05:10,725 INFO c.h.h.t.HelmChartContainer - [test-hivemq-platform] [hivemq] [f5b69bee] Running as user 10000
2025-01-30 04:05:10,725 INFO c.h.h.t.HelmChartContainer - [hivemq-test-hivemq-platform] [hivemq-platform-operator] [49896a8e] 04:05:10.720 [pool-6-thread-28] DEBUG c.h.p.o.d.StatefulSetResource - [helmmoni] Desired StatefulSet (2 replicas) for status STARTING (READY)
2025-01-30 04:05:10,725 INFO c.h.h.t.HelmChartContainer - [test-hivemq-platform] [hivemq] [f5b69bee] Starting HiveMQ Platform Operator Init
2025-01-30 04:05:10,728 INFO c.h.h.t.HelmChartContainer - [hivemq-test-hivemq-platform] [hivemq-platform-operator] [49896a8e] 04:05:10.727 [ReconcilerExecutor-hivemq-controller-116] INFO  c.h.p.o.HiveMQPlatformReconciler - [helmmoni] Reconciling HiveMQ Platform 'test-hivemq-platform' in namespace 'helmmonitoringplatformit'
2025-01-30 04:05:10,729 INFO c.h.h.t.HelmChartContainer - [hivemq-test-hivemq-platform] [hivemq-platform-operator] [49896a8e] 04:05:10.728 [ReconcilerExecutor-hivemq-controller-116] DEBUG c.h.p.o.HiveMQPlatformReconciler - [helmmoni] Custom Resource Status STARTING - HiveMQ Platform is starting (READY)
2025-01-30 04:05:10,730 INFO c.h.h.t.HelmChartContainer - [hivemq-test-hivemq-platform] [hivemq-platform-operator] [49896a8e] 04:05:10.728 [ReconcilerExecutor-hivemq-controller-116] DEBUG c.h.p.o.HiveMQPlatformReconciler - [helmmoni] Custom Resource Spec (replicas: 2) (extensions: 1)
2025-01-30 04:05:10,731 INFO c.h.h.t.HelmChartContainer - [hivemq-test-hivemq-platform] [hivemq-platform-operator] [49896a8e] 04:05:10.731 [ReconcilerExecutor-hivemq-controller-116] DEBUG c.h.p.o.HiveMQPlatformReconciler - [helmmoni] StatefulSet Status (revision: test-hivemq-platform-64db946475, replicas: 2, available: 1, ready: 1, current: 2, updated: 2)
2025-01-30 04:05:10,737 INFO c.h.h.t.HelmChartContainer - [hivemq-test-hivemq-platform] [hivemq-platform-operator] [49896a8e] 04:05:10.731 [ReconcilerExecutor-hivemq-controller-116] DEBUG c.h.p.o.HiveMQPlatformReconciler - [helmmoni] StatefulSet Spec (replicas: 2, init containers: 1, containers: 1, volumes: 3)
2025-01-30 04:05:10,737 INFO c.h.h.t.HelmChartContainer - [hivemq-test-hivemq-platform] [hivemq-platform-operator] [49896a8e] 04:05:10.733 [ReconcilerExecutor-hivemq-controller-116] DEBUG c.h.p.o.h.HiveMQPlatformReconcilerErrorHandler - [helmmoni] Pod 'test-hivemq-platform-1' phase Running
2025-01-30 04:05:10,738 INFO c.h.h.t.HelmChartContainer - [hivemq-test-hivemq-platform] [hivemq-platform-operator] [49896a8e] 04:05:10.737 [ReconcilerExecutor-hivemq-controller-116] DEBUG c.h.p.o.h.HiveMQPlatformReconcilerErrorHandler - [helmmoni] Pod 'test-hivemq-platform-0' phase Running
2025-01-30 04:05:10,796 INFO c.h.h.t.HelmChartContainer - [hivemq-test-hivemq-platform] [hivemq-platform-operator] [49896a8e] 04:05:10.794 [ReconcilerExecutor-hivemq-controller-116] INFO  c.h.p.o.h.HiveMQPlatformReconcilerBaseHandler - [helmmoni] HiveMQ Platform is starting, 1 of 2 replicas are ready
2025-01-30 04:05:11,003 INFO c.h.h.t.HelmChartContainer - [test-hivemq-platform] [hivemq] [f5b69bee] INFO  - [HiveMQ Platform Operator Init 1.7.0-SNAPSHOT] HiveMQ Platform Operator Init 1.7.0-SNAPSHOT (commit: 47e3375 on branch: HEAD) built on Thu Jan 30 03:55:50 UTC 2025
2025-01-30 04:05:12,114 INFO c.h.h.t.HelmChartContainer - [test-hivemq-platform] [hivemq] [f5b69bee] INFO  - [HiveMQ Platform Operator Init App 1.7.0-SNAPSHOT] Using bind address 10.42.0.18 from environment variable
2025-01-30 04:05:13,021 INFO c.h.h.t.HelmChartContainer - [test-hivemq-platform] [hivemq] [f5b69bee] INFO  - [HiveMQ Platform Operator Init App 1.7.0-SNAPSHOT] HiveMQ Platform Operator Init App 1.7.0-SNAPSHOT (commit: 47e3375 on branch: HEAD) built on Thu Jan 30 03:55:50 UTC 2025
2025-01-30 04:05:13,074 INFO c.h.h.t.HelmChartContainer - [test-hivemq-platform] [hivemq] [f5b69bee] INFO  - [HiveMQ Platform Operator Init App 1.7.0-SNAPSHOT] PodInfo ConfigMap directory: /etc/podinfo
2025-01-30 04:05:13,074 INFO c.h.h.t.HelmChartContainer - [test-hivemq-platform] [hivemq] [f5b69bee] INFO  - [HiveMQ Platform Operator Init App 1.7.0-SNAPSHOT] HiveMQ home directory: /opt/hivemq
2025-01-30 04:05:13,076 INFO c.h.h.t.HelmChartContainer - [test-hivemq-platform] [hivemq] [f5b69bee] INFO  - [HiveMQ Platform Operator Init App 1.7.0-SNAPSHOT] HiveMQ Logback folder: /opt/hivemq/conf
2025-01-30 04:05:13,077 INFO c.h.h.t.HelmChartContainer - [test-hivemq-platform] [hivemq] [f5b69bee] INFO  - [HiveMQ Platform Operator Init App 1.7.0-SNAPSHOT] HiveMQ Config folder: /opt/hivemq/conf-k8s
2025-01-30 04:05:13,077 INFO c.h.h.t.HelmChartContainer - [test-hivemq-platform] [hivemq] [f5b69bee] INFO  - [HiveMQ Platform Operator Init App 1.7.0-SNAPSHOT] Starting HiveMQ Platform Operator Init App
2025-01-30 04:05:13,077 INFO c.h.h.t.HelmChartContainer - [test-hivemq-platform] [hivemq] [f5b69bee] INFO  - [HiveMQ Platform Operator Init App 1.7.0-SNAPSHOT] Starting Pod reconciler
2025-01-30 04:05:14,275 INFO c.h.h.t.HelmChartContainer - [test-hivemq-platform] [hivemq] [f5b69bee] INFO  - [HiveMQ Platform Operator Init App 1.7.0-SNAPSHOT] Pod reconciler is scheduled (interval: 5000 ms)
2025-01-30 04:05:14,275 INFO c.h.h.t.HelmChartContainer - [test-hivemq-platform] [hivemq] [f5b69bee] INFO  - [HiveMQ Platform Operator Init App 1.7.0-SNAPSHOT] Starting the REST API on 10.42.0.18:7979
2025-01-30 04:05:14,278 INFO c.h.h.t.HelmChartContainer - [test-hivemq-platform] [hivemq] [f5b69bee] INFO  - [HiveMQ Platform Operator Init App 1.7.0-SNAPSHOT] Waiting up to 600s for at most 2 HiveMQ nodes in cluster service hivemq-test-hivemq-platform-cluster.helmmonitoringplatformit.svc
2025-01-30 04:05:14,680 INFO c.h.h.t.HelmChartContainer - [test-hivemq-platform] [hivemq] [f5b69bee] INFO  - [HiveMQ Platform Operator Init App 1.7.0-SNAPSHOT] Resolved 2 IP addresses: [10.42.0.17, 10.42.0.18]
2025-01-30 04:05:14,680 INFO c.h.h.t.HelmChartContainer - [test-hivemq-platform] [hivemq] [f5b69bee] INFO  - [HiveMQ Platform Operator Init App 1.7.0-SNAPSHOT] HiveMQ node count of 2 is within threshold of 2
2025-01-30 04:05:14,680 INFO c.h.h.t.HelmChartContainer - [test-hivemq-platform] [hivemq] [f5b69bee] INFO  - [HiveMQ Platform Operator Init App 1.7.0-SNAPSHOT] Proceeding with container start
2025-01-30 04:05:14,799 INFO c.h.h.t.HelmChartContainer - [test-hivemq-platform] [hivemq] [f5b69bee] INFO  - [HiveMQ Platform Operator Init App 1.7.0-SNAPSHOT] Initializing HiveMQ Platform extensions with initial configuration: {hivemq-allow-all-extension={start-priority=-1, skip-https-hostname-verification=false, restart=true, config-version=0, header-version=0, c-uri=, priority=-1, uri=preinstalled, skip-https-certificate-validation=false, enabled=true}, hivemq-prometheus-extension={c-uri=, skip-https-hostname-verification=false, skip-https-certificate-validation=false, uri=preinstalled, request-header-path=no-request-headers, enabled=true, restart=true, priority=-1, start-priority=-1}}
2025-01-30 04:05:15,310 INFO c.h.h.t.HelmChartContainer - [test-hivemq-platform] [hivemq] [f5b69bee] INFO  - [HiveMQ Platform Operator Init App 1.7.0-SNAPSHOT] Extension hivemq-allow-all-extension was already enabled
2025-01-30 04:05:15,405 INFO c.h.h.t.HelmChartContainer - [test-hivemq-platform] [hivemq] [f5b69bee] INFO  - [HiveMQ Platform Operator Init App 1.7.0-SNAPSHOT] Successfully enabled extension hivemq-prometheus-extension
2025-01-30 04:05:15,406 INFO c.h.h.t.HelmChartContainer - [test-hivemq-platform] [hivemq] [f5b69bee] INFO  - [HiveMQ Platform Operator Init App 1.7.0-SNAPSHOT] Starting HiveMQ Platform version 4.36.0 (4.36.0)
2025-01-30 04:05:15,406 INFO c.h.h.t.HelmChartContainer - [test-hivemq-platform] [hivemq] [f5b69bee] INFO  - [HiveMQ Platform Operator Init App 1.7.0-SNAPSHOT] Configuring the HiveMQ Platform
2025-01-30 04:05:15,479 INFO c.h.h.t.HelmChartContainer - [test-hivemq-platform] [hivemq] [f5b69bee] INFO  - [HiveMQ Platform Operator Init App 1.7.0-SNAPSHOT] Changed logback.xml file scan period to 20 seconds
2025-01-30 04:05:15,501 INFO c.h.h.t.HelmChartContainer - [test-hivemq-platform] [hivemq] [f5b69bee] INFO  - [HiveMQ Platform Operator Init App 1.7.0-SNAPSHOT] Starting the HiveMQ Platform
2025-01-30 04:05:15,504 INFO c.h.h.t.HelmChartContainer - [test-hivemq-platform] [hivemq] [f5b69bee] -------------------------------------------------------------------------
2025-01-30 04:05:15,505 INFO c.h.h.t.HelmChartContainer - [test-hivemq-platform] [hivemq] [f5b69bee] 
2025-01-30 04:05:15,505 INFO c.h.h.t.HelmChartContainer - [test-hivemq-platform] [hivemq] [f5b69bee]                   _    _  _              __  __   ____
2025-01-30 04:05:15,505 INFO c.h.h.t.HelmChartContainer - [test-hivemq-platform] [hivemq] [f5b69bee]                  | |  | |(_)            |  \/  | / __ \
2025-01-30 04:05:15,505 INFO c.h.h.t.HelmChartContainer - [test-hivemq-platform] [hivemq] [f5b69bee]                  | |__| | _ __   __ ___ | \  / || |  | |
2025-01-30 04:05:15,505 INFO c.h.h.t.HelmChartContainer - [test-hivemq-platform] [hivemq] [f5b69bee]                  |  __  || |\ \ / // _ \| |\/| || |  | |
2025-01-30 04:05:15,505 INFO c.h.h.t.HelmChartContainer - [test-hivemq-platform] [hivemq] [f5b69bee]                  | |  | || | \ V /|  __/| |  | || |__| |
2025-01-30 04:05:15,505 INFO c.h.h.t.HelmChartContainer - [test-hivemq-platform] [hivemq] [f5b69bee]                  |_|  |_||_|  \_/  \___||_|  |_| \___\_\
2025-01-30 04:05:15,505 INFO c.h.h.t.HelmChartContainer - [test-hivemq-platform] [hivemq] [f5b69bee] 
2025-01-30 04:05:15,505 INFO c.h.h.t.HelmChartContainer - [test-hivemq-platform] [hivemq] [f5b69bee] -------------------------------------------------------------------------
2025-01-30 04:05:15,506 INFO c.h.h.t.HelmChartContainer - [test-hivemq-platform] [hivemq] [f5b69bee] 
2025-01-30 04:05:15,506 INFO c.h.h.t.HelmChartContainer - [test-hivemq-platform] [hivemq] [f5b69bee]   HiveMQ Start Script for Linux/Unix v1.14
2025-01-30 04:05:15,506 INFO c.h.h.t.HelmChartContainer - [test-hivemq-platform] [hivemq] [f5b69bee] 
2025-01-30 04:05:15,607 INFO c.h.h.t.HelmChartContainer - [test-hivemq-platform] [hivemq] [f5b69bee] -------------------------------------------------------------------------
2025-01-30 04:05:15,608 INFO c.h.h.t.HelmChartContainer - [test-hivemq-platform] [hivemq] [f5b69bee] 
2025-01-30 04:05:15,612 INFO c.h.h.t.HelmChartContainer - [test-hivemq-platform] [hivemq] [f5b69bee]   HIVEMQ_HOME: /opt/hivemq
2025-01-30 04:05:15,612 INFO c.h.h.t.HelmChartContainer - [test-hivemq-platform] [hivemq] [f5b69bee] 
2025-01-30 04:05:15,612 INFO c.h.h.t.HelmChartContainer - [test-hivemq-platform] [hivemq] [f5b69bee]   JAVA_OPTS: -XX:+UnlockExperimentalVMOptions -XX:InitialRAMPercentage=50 -XX:MaxRAMPercentage=50 -Djava.net.preferIPv4Stack=true --add-opens java.base/java.lang=ALL-UNNAMED --add-opens java.base/java.nio=ALL-UNNAMED --add-opens java.base/sun.nio.ch=ALL-UNNAMED --add-opens jdk.management/com.sun.management.internal=ALL-UNNAMED --add-exports java.base/jdk.internal.misc=ALL-UNNAMED -Djava.security.egd=file:/dev/./urandom -Dcom.sun.management.jmxremote -Dcom.sun.management.jmxremote.port=9010 -Dcom.sun.management.jmxremote.local.only=false -Dcom.sun.management.jmxremote.authenticate=false -Dcom.sun.management.jmxremote.ssl=false -Duser.language=en -Duser.region=US -XX:+CrashOnOutOfMemoryError -XX:+HeapDumpOnOutOfMemoryError
2025-01-30 04:05:15,612 INFO c.h.h.t.HelmChartContainer - [test-hivemq-platform] [hivemq] [f5b69bee] 
2025-01-30 04:05:15,613 INFO c.h.h.t.HelmChartContainer - [test-hivemq-platform] [hivemq] [f5b69bee]   JAVA_VERSION: 21
2025-01-30 04:05:15,613 INFO c.h.h.t.HelmChartContainer - [test-hivemq-platform] [hivemq] [f5b69bee] 
2025-01-30 04:05:15,613 INFO c.h.h.t.HelmChartContainer - [test-hivemq-platform] [hivemq] [f5b69bee] -------------------------------------------------------------------------
2025-01-30 04:05:15,613 INFO c.h.h.t.HelmChartContainer - [test-hivemq-platform] [hivemq] [f5b69bee] 
2025-01-30 04:05:16,702 INFO c.h.h.t.HelmChartContainer - [test-hivemq-platform] [hivemq] [f5b69bee] INFO  - [HiveMQ Platform Operator Init App 1.7.0-SNAPSHOT] Returning default Health API response 503 for readiness
2025-01-30 04:05:17,004 INFO c.h.h.t.HelmChartContainer - [EVENT] Warning [Unhealthy] Readiness probe failed: HTTP probe failed with statuscode: 503 [helmmonitoringplatformit:test-hivemq-platform-1]
2025-01-30 04:05:17,004 INFO c.h.h.t.HelmChartContainer - Received Unhealthy event for container hivemq in pod test-hivemq-platform-1 [f5b69bee-f3d0-4bed-9f21-4bf2d29a2116]
2025-01-30 04:05:18,203 INFO c.h.h.t.HelmChartContainer - [test-hivemq-platform] [hivemq] [f5b69bee] INFO  - Starting HiveMQ Enterprise Server
2025-01-30 04:05:18,208 INFO c.h.h.t.HelmChartContainer - [test-hivemq-platform] [hivemq] [f5b69bee] INFO  - HiveMQ version: 4.36.0
2025-01-30 04:05:18,209 INFO c.h.h.t.HelmChartContainer - [test-hivemq-platform] [hivemq] [f5b69bee] INFO  - HiveMQ home directory: /opt/hivemq
2025-01-30 04:05:18,209 INFO c.h.h.t.HelmChartContainer - [test-hivemq-platform] [hivemq] [f5b69bee] INFO  - Log Configuration was overridden by /opt/hivemq/conf/logback.xml
2025-01-30 04:05:19,605 INFO c.h.h.t.HelmChartContainer - [test-hivemq-platform] [hivemq] [f5b69bee] INFO  - Successfully loaded configuration from '/opt/hivemq/conf-k8s/config.xml'.
2025-01-30 04:05:20,406 INFO c.h.h.t.HelmChartContainer - [test-hivemq-platform] [hivemq] [f5b69bee] INFO  - This node's ID is Vd9vL
2025-01-30 04:05:20,406 INFO c.h.h.t.HelmChartContainer - [test-hivemq-platform] [hivemq] [f5b69bee] INFO  - Clustering is enabled
2025-01-30 04:05:20,806 INFO c.h.h.t.HelmChartContainer - [hivemq-test-hivemq-platform] [hivemq-platform-operator] [49896a8e] 04:05:20.805 [pool-6-thread-32] DEBUG c.h.p.o.dependants.PodInfoConfigMap - [helmmoni] Desired PodInfo ConfigMap (1 extensions) (1 enabled)
2025-01-30 04:05:20,807 INFO c.h.h.t.HelmChartContainer - [hivemq-test-hivemq-platform] [hivemq-platform-operator] [49896a8e] 04:05:20.806 [pool-6-thread-32] DEBUG c.h.p.o.dependants.PodInfoConfigMap - [helmmoni] Desired PodInfo ConfigMap (metrics port: 9399) (metrics path: /)
2025-01-30 04:05:20,807 INFO c.h.h.t.HelmChartContainer - [hivemq-test-hivemq-platform] [hivemq-platform-operator] [49896a8e] 04:05:20.806 [pool-6-thread-32] DEBUG c.h.p.o.dependants.PodInfoConfigMap - [helmmoni] Desired PodInfo ConfigMap (extension state hash: -1817474005)
2025-01-30 04:05:20,810 INFO c.h.h.t.HelmChartContainer - [hivemq-test-hivemq-platform] [hivemq-platform-operator] [49896a8e] 04:05:20.808 [pool-6-thread-39] DEBUG c.h.p.o.d.PlatformServiceResource - [helmmoni] Desired Platform services (3 services)
2025-01-30 04:05:20,810 INFO c.h.h.t.HelmChartContainer - [hivemq-test-hivemq-platform] [hivemq-platform-operator] [49896a8e] 04:05:20.809 [pool-6-thread-34] DEBUG c.h.p.o.d.PodServiceAccountResource - [helmmoni] Desired PodServiceAccountResource (serviceAccountName: hivemq-platform-pod-test-hivemq-platform)
2025-01-30 04:05:20,820 INFO c.h.h.t.HelmChartContainer - [hivemq-test-hivemq-platform] [hivemq-platform-operator] [49896a8e] 04:05:20.818 [pool-6-thread-39] DEBUG c.h.p.o.d.StatefulSetResource - [helmmoni] Desired StatefulSet (2 replicas) for status STARTING (READY)
2025-01-30 04:05:20,895 INFO c.h.h.t.HelmChartContainer - [hivemq-test-hivemq-platform] [hivemq-platform-operator] [49896a8e] 04:05:20.892 [ReconcilerExecutor-hivemq-controller-117] INFO  c.h.p.o.HiveMQPlatformReconciler - [helmmoni] Reconciling HiveMQ Platform 'test-hivemq-platform' in namespace 'helmmonitoringplatformit'
2025-01-30 04:05:20,896 INFO c.h.h.t.HelmChartContainer - [hivemq-test-hivemq-platform] [hivemq-platform-operator] [49896a8e] 04:05:20.893 [ReconcilerExecutor-hivemq-controller-117] DEBUG c.h.p.o.HiveMQPlatformReconciler - [helmmoni] Custom Resource Status STARTING - HiveMQ Platform is starting (READY)
2025-01-30 04:05:20,897 INFO c.h.h.t.HelmChartContainer - [hivemq-test-hivemq-platform] [hivemq-platform-operator] [49896a8e] 04:05:20.893 [ReconcilerExecutor-hivemq-controller-117] DEBUG c.h.p.o.HiveMQPlatformReconciler - [helmmoni] Custom Resource Spec (replicas: 2) (extensions: 1)
2025-01-30 04:05:20,899 INFO c.h.h.t.HelmChartContainer - [hivemq-test-hivemq-platform] [hivemq-platform-operator] [49896a8e] 04:05:20.898 [ReconcilerExecutor-hivemq-controller-117] DEBUG c.h.p.o.HiveMQPlatformReconciler - [helmmoni] StatefulSet Status (revision: test-hivemq-platform-64db946475, replicas: 2, available: 1, ready: 1, current: 2, updated: 2)
2025-01-30 04:05:20,900 INFO c.h.h.t.HelmChartContainer - [hivemq-test-hivemq-platform] [hivemq-platform-operator] [49896a8e] 04:05:20.898 [ReconcilerExecutor-hivemq-controller-117] DEBUG c.h.p.o.HiveMQPlatformReconciler - [helmmoni] StatefulSet Spec (replicas: 2, init containers: 1, containers: 1, volumes: 3)
2025-01-30 04:05:20,903 INFO c.h.h.t.HelmChartContainer - [hivemq-test-hivemq-platform] [hivemq-platform-operator] [49896a8e] 04:05:20.899 [ReconcilerExecutor-hivemq-controller-117] DEBUG c.h.p.o.h.HiveMQPlatformReconcilerErrorHandler - [helmmoni] Pod 'test-hivemq-platform-1' phase Running
2025-01-30 04:05:20,903 INFO c.h.h.t.HelmChartContainer - [hivemq-test-hivemq-platform] [hivemq-platform-operator] [49896a8e] 04:05:20.900 [ReconcilerExecutor-hivemq-controller-117] DEBUG c.h.p.o.h.HiveMQPlatformReconcilerErrorHandler - [helmmoni] Pod 'test-hivemq-platform-0' phase Running
2025-01-30 04:05:20,904 INFO c.h.h.t.HelmChartContainer - [hivemq-test-hivemq-platform] [hivemq-platform-operator] [49896a8e] 04:05:20.900 [ReconcilerExecutor-hivemq-controller-117] INFO  c.h.p.o.h.HiveMQPlatformReconcilerBaseHandler - [helmmoni] HiveMQ Platform is starting, 1 of 2 replicas are ready
2025-01-30 04:05:22,101 INFO c.h.h.t.HelmChartContainer - [test-hivemq-platform] [hivemq] [f5b69bee] WARN  - [HiveMQ Platform Operator Init App 1.7.0-SNAPSHOT] Cannot connect to Health API for readiness: null
2025-01-30 04:05:22,109 INFO c.h.h.t.HelmChartContainer - [EVENT] Warning [Unhealthy] Readiness probe failed: HTTP probe failed with statuscode: 503 [helmmonitoringplatformit:test-hivemq-platform-1]
2025-01-30 04:05:22,109 INFO c.h.h.t.HelmChartContainer - Received Unhealthy event for container hivemq in pod test-hivemq-platform-1 [f5b69bee-f3d0-4bed-9f21-4bf2d29a2116]
2025-01-30 04:05:25,141 INFO c.h.h.t.HelmChartContainer - [test-hivemq-platform] [hivemq] [eaf3faf1] INFO  - [HiveMQ Platform Operator Init App 1.7.0-SNAPSHOT] Returning Health API response 200 for liveness
2025-01-30 04:05:25,602 INFO c.h.h.t.HelmChartContainer - [test-hivemq-platform] [hivemq] [f5b69bee] Jan 30, 2025 4:05:25 AM io.vertx.core.impl.BlockedThreadChecker
2025-01-30 04:05:25,602 INFO c.h.h.t.HelmChartContainer - [test-hivemq-platform] [hivemq] [f5b69bee] WARNING: Thread Thread[vert.x-eventloop-thread-1,5,main] has been blocked for 2893 ms, time limit is 2000 ms
2025-01-30 04:05:26,075 INFO c.h.h.t.HelmChartContainer - [test-hivemq-platform] [hivemq] [f5b69bee] INFO  - [HiveMQ Platform Operator Init App 1.7.0-SNAPSHOT] Updating Pod HiveMQ Platform Operator Init App version annotation (version: 1.7.0-SNAPSHOT)
2025-01-30 04:05:26,516 INFO c.h.h.t.HelmChartContainer - [POD] test-hivemq-platform-1 [f5b69bee-f3d0-4bed-9f21-4bf2d29a2116] in helmmonitoringplatformit was MODIFIED
2025-01-30 04:05:26,520 INFO c.h.h.t.HelmChartContainer - [hivemq-test-hivemq-platform] [hivemq-platform-operator] [49896a8e] 04:05:26.518 [pool-6-thread-45] DEBUG c.h.p.o.dependants.PodInfoConfigMap - [helmmoni] Desired PodInfo ConfigMap (1 extensions) (1 enabled)
2025-01-30 04:05:26,521 INFO c.h.h.t.HelmChartContainer - [hivemq-test-hivemq-platform] [hivemq-platform-operator] [49896a8e] 04:05:26.518 [pool-6-thread-45] DEBUG c.h.p.o.dependants.PodInfoConfigMap - [helmmoni] Desired PodInfo ConfigMap (metrics port: 9399) (metrics path: /)
2025-01-30 04:05:26,521 INFO c.h.h.t.HelmChartContainer - [hivemq-test-hivemq-platform] [hivemq-platform-operator] [49896a8e] 04:05:26.518 [pool-6-thread-45] DEBUG c.h.p.o.dependants.PodInfoConfigMap - [helmmoni] Desired PodInfo ConfigMap (extension state hash: -1817474005)
2025-01-30 04:05:26,521 INFO c.h.h.t.HelmChartContainer - [hivemq-test-hivemq-platform] [hivemq-platform-operator] [49896a8e] 04:05:26.519 [pool-6-thread-46] DEBUG c.h.p.o.d.PodServiceAccountResource - [helmmoni] Desired PodServiceAccountResource (serviceAccountName: hivemq-platform-pod-test-hivemq-platform)
2025-01-30 04:05:26,521 INFO c.h.h.t.HelmChartContainer - [hivemq-test-hivemq-platform] [hivemq-platform-operator] [49896a8e] 04:05:26.519 [pool-6-thread-44] DEBUG c.h.p.o.d.PlatformServiceResource - [helmmoni] Desired Platform services (3 services)
2025-01-30 04:05:26,528 INFO c.h.h.t.HelmChartContainer - [hivemq-test-hivemq-platform] [hivemq-platform-operator] [49896a8e] 04:05:26.526 [pool-6-thread-44] DEBUG c.h.p.o.d.StatefulSetResource - [helmmoni] Desired StatefulSet (2 replicas) for status STARTING (READY)
2025-01-30 04:05:26,531 INFO c.h.h.t.HelmChartContainer - [hivemq-test-hivemq-platform] [hivemq-platform-operator] [49896a8e] 04:05:26.529 [ReconcilerExecutor-hivemq-controller-118] INFO  c.h.p.o.HiveMQPlatformReconciler - [helmmoni] Reconciling HiveMQ Platform 'test-hivemq-platform' in namespace 'helmmonitoringplatformit'
2025-01-30 04:05:26,531 INFO c.h.h.t.HelmChartContainer - [hivemq-test-hivemq-platform] [hivemq-platform-operator] [49896a8e] 04:05:26.529 [ReconcilerExecutor-hivemq-controller-118] DEBUG c.h.p.o.HiveMQPlatformReconciler - [helmmoni] Custom Resource Status STARTING - HiveMQ Platform is starting (READY)
2025-01-30 04:05:26,531 INFO c.h.h.t.HelmChartContainer - [hivemq-test-hivemq-platform] [hivemq-platform-operator] [49896a8e] 04:05:26.529 [ReconcilerExecutor-hivemq-controller-118] DEBUG c.h.p.o.HiveMQPlatformReconciler - [helmmoni] Custom Resource Spec (replicas: 2) (extensions: 1)
2025-01-30 04:05:26,531 INFO c.h.h.t.HelmChartContainer - [hivemq-test-hivemq-platform] [hivemq-platform-operator] [49896a8e] 04:05:26.530 [ReconcilerExecutor-hivemq-controller-118] DEBUG c.h.p.o.HiveMQPlatformReconciler - [helmmoni] StatefulSet Status (revision: test-hivemq-platform-64db946475, replicas: 2, available: 1, ready: 1, current: 2, updated: 2)
2025-01-30 04:05:26,531 INFO c.h.h.t.HelmChartContainer - [hivemq-test-hivemq-platform] [hivemq-platform-operator] [49896a8e] 04:05:26.530 [ReconcilerExecutor-hivemq-controller-118] DEBUG c.h.p.o.HiveMQPlatformReconciler - [helmmoni] StatefulSet Spec (replicas: 2, init containers: 1, containers: 1, volumes: 3)
2025-01-30 04:05:26,535 INFO c.h.h.t.HelmChartContainer - [hivemq-test-hivemq-platform] [hivemq-platform-operator] [49896a8e] 04:05:26.532 [ReconcilerExecutor-hivemq-controller-118] DEBUG c.h.p.o.h.HiveMQPlatformReconcilerErrorHandler - [helmmoni] Pod 'test-hivemq-platform-1' phase Running
2025-01-30 04:05:26,536 INFO c.h.h.t.HelmChartContainer - [hivemq-test-hivemq-platform] [hivemq-platform-operator] [49896a8e] 04:05:26.534 [ReconcilerExecutor-hivemq-controller-118] DEBUG c.h.p.o.h.HiveMQPlatformReconcilerErrorHandler - [helmmoni] Pod 'test-hivemq-platform-0' phase Running
2025-01-30 04:05:26,593 INFO c.h.h.t.HelmChartContainer - [hivemq-test-hivemq-platform] [hivemq-platform-operator] [49896a8e] 04:05:26.592 [ReconcilerExecutor-hivemq-controller-118] INFO  c.h.p.o.h.HiveMQPlatformReconcilerBaseHandler - [helmmoni] HiveMQ Platform is starting, 1 of 2 replicas are ready
2025-01-30 04:05:26,602 INFO c.h.h.t.HelmChartContainer - [test-hivemq-platform] [hivemq] [f5b69bee] WARN  - [HiveMQ Platform Operator Init App 1.7.0-SNAPSHOT] Cannot connect to Health API for readiness: null
2025-01-30 04:05:26,608 INFO c.h.h.t.HelmChartContainer - [EVENT] Warning [Unhealthy] Readiness probe failed: HTTP probe failed with statuscode: 503 [helmmonitoringplatformit:test-hivemq-platform-1]
2025-01-30 04:05:26,608 INFO c.h.h.t.HelmChartContainer - Received Unhealthy event for container hivemq in pod test-hivemq-platform-1 [f5b69bee-f3d0-4bed-9f21-4bf2d29a2116]
2025-01-30 04:05:26,695 INFO c.h.h.t.HelmChartContainer - [test-hivemq-platform] [hivemq] [f5b69bee] INFO  - [HiveMQ Platform Operator Init App 1.7.0-SNAPSHOT] Successfully updated Pod HiveMQ Platform Operator Init App version annotation (version: 1.7.0-SNAPSHOT)
2025-01-30 04:05:31,576 INFO c.h.h.t.HelmChartContainer - [test-hivemq-platform] [hivemq] [f5b69bee] WARN  - [HiveMQ Platform Operator Init App 1.7.0-SNAPSHOT] Cannot connect to Health API for readiness: null
2025-01-30 04:05:31,580 INFO c.h.h.t.HelmChartContainer - [EVENT] Warning [Unhealthy] Readiness probe failed: HTTP probe failed with statuscode: 503 [helmmonitoringplatformit:test-hivemq-platform-1]
2025-01-30 04:05:31,580 INFO c.h.h.t.HelmChartContainer - Received Unhealthy event for container hivemq in pod test-hivemq-platform-1 [f5b69bee-f3d0-4bed-9f21-4bf2d29a2116]
2025-01-30 04:05:36,598 INFO c.h.h.t.HelmChartContainer - [test-hivemq-platform] [hivemq] [f5b69bee] WARN  - [HiveMQ Platform Operator Init App 1.7.0-SNAPSHOT] Cannot connect to Health API for readiness: null
2025-01-30 04:05:36,606 INFO c.h.h.t.HelmChartContainer - [hivemq-test-hivemq-platform] [hivemq-platform-operator] [49896a8e] 04:05:36.600 [pool-6-thread-4] DEBUG c.h.p.o.d.PlatformServiceResource - [helmmoni] Desired Platform services (3 services)
2025-01-30 04:05:36,607 INFO c.h.h.t.HelmChartContainer - [hivemq-test-hivemq-platform] [hivemq-platform-operator] [49896a8e] 04:05:36.601 [pool-6-thread-1] DEBUG c.h.p.o.d.PodServiceAccountResource - [helmmoni] Desired PodServiceAccountResource (serviceAccountName: hivemq-platform-pod-test-hivemq-platform)
2025-01-30 04:05:36,609 INFO c.h.h.t.HelmChartContainer - [hivemq-test-hivemq-platform] [hivemq-platform-operator] [49896a8e] 04:05:36.607 [pool-6-thread-7] DEBUG c.h.p.o.dependants.PodInfoConfigMap - [helmmoni] Desired PodInfo ConfigMap (1 extensions) (1 enabled)
2025-01-30 04:05:36,609 INFO c.h.h.t.HelmChartContainer - [hivemq-test-hivemq-platform] [hivemq-platform-operator] [49896a8e] 04:05:36.607 [pool-6-thread-7] DEBUG c.h.p.o.dependants.PodInfoConfigMap - [helmmoni] Desired PodInfo ConfigMap (metrics port: 9399) (metrics path: /)
2025-01-30 04:05:36,609 INFO c.h.h.t.HelmChartContainer - [hivemq-test-hivemq-platform] [hivemq-platform-operator] [49896a8e] 04:05:36.607 [pool-6-thread-7] DEBUG c.h.p.o.dependants.PodInfoConfigMap - [helmmoni] Desired PodInfo ConfigMap (extension state hash: -1817474005)
2025-01-30 04:05:36,610 INFO c.h.h.t.HelmChartContainer - [EVENT] Warning [Unhealthy] Readiness probe failed: HTTP probe failed with statuscode: 503 [helmmonitoringplatformit:test-hivemq-platform-1]
2025-01-30 04:05:36,610 INFO c.h.h.t.HelmChartContainer - Received Unhealthy event for container hivemq in pod test-hivemq-platform-1 [f5b69bee-f3d0-4bed-9f21-4bf2d29a2116]
2025-01-30 04:05:36,611 INFO c.h.h.t.HelmChartContainer - [hivemq-test-hivemq-platform] [hivemq-platform-operator] [49896a8e] 04:05:36.611 [pool-6-thread-7] DEBUG c.h.p.o.d.StatefulSetResource - [helmmoni] Desired StatefulSet (2 replicas) for status STARTING (READY)
2025-01-30 04:05:36,619 INFO c.h.h.t.HelmChartContainer - [hivemq-test-hivemq-platform] [hivemq-platform-operator] [49896a8e] 04:05:36.618 [ReconcilerExecutor-hivemq-controller-119] INFO  c.h.p.o.HiveMQPlatformReconciler - [helmmoni] Reconciling HiveMQ Platform 'test-hivemq-platform' in namespace 'helmmonitoringplatformit'
2025-01-30 04:05:36,619 INFO c.h.h.t.HelmChartContainer - [hivemq-test-hivemq-platform] [hivemq-platform-operator] [49896a8e] 04:05:36.618 [ReconcilerExecutor-hivemq-controller-119] DEBUG c.h.p.o.HiveMQPlatformReconciler - [helmmoni] Custom Resource Status STARTING - HiveMQ Platform is starting (READY)
2025-01-30 04:05:36,619 INFO c.h.h.t.HelmChartContainer - [hivemq-test-hivemq-platform] [hivemq-platform-operator] [49896a8e] 04:05:36.618 [ReconcilerExecutor-hivemq-controller-119] DEBUG c.h.p.o.HiveMQPlatformReconciler - [helmmoni] Custom Resource Spec (replicas: 2) (extensions: 1)
2025-01-30 04:05:36,621 INFO c.h.h.t.HelmChartContainer - [hivemq-test-hivemq-platform] [hivemq-platform-operator] [49896a8e] 04:05:36.621 [ReconcilerExecutor-hivemq-controller-119] DEBUG c.h.p.o.HiveMQPlatformReconciler - [helmmoni] StatefulSet Status (revision: test-hivemq-platform-64db946475, replicas: 2, available: 1, ready: 1, current: 2, updated: 2)
2025-01-30 04:05:36,621 INFO c.h.h.t.HelmChartContainer - [hivemq-test-hivemq-platform] [hivemq-platform-operator] [49896a8e] 04:05:36.621 [ReconcilerExecutor-hivemq-controller-119] DEBUG c.h.p.o.HiveMQPlatformReconciler - [helmmoni] StatefulSet Spec (replicas: 2, init containers: 1, containers: 1, volumes: 3)
2025-01-30 04:05:36,623 INFO c.h.h.t.HelmChartContainer - [hivemq-test-hivemq-platform] [hivemq-platform-operator] [49896a8e] 04:05:36.622 [ReconcilerExecutor-hivemq-controller-119] DEBUG c.h.p.o.h.HiveMQPlatformReconcilerErrorHandler - [helmmoni] Pod 'test-hivemq-platform-1' phase Running
2025-01-30 04:05:36,624 INFO c.h.h.t.HelmChartContainer - [hivemq-test-hivemq-platform] [hivemq-platform-operator] [49896a8e] 04:05:36.623 [ReconcilerExecutor-hivemq-controller-119] DEBUG c.h.p.o.h.HiveMQPlatformReconcilerErrorHandler - [helmmoni] Pod 'test-hivemq-platform-0' phase Running
2025-01-30 04:05:36,624 INFO c.h.h.t.HelmChartContainer - [hivemq-test-hivemq-platform] [hivemq-platform-operator] [49896a8e] 04:05:36.624 [ReconcilerExecutor-hivemq-controller-119] INFO  c.h.p.o.h.HiveMQPlatformReconcilerBaseHandler - [helmmoni] HiveMQ Platform is starting, 1 of 2 replicas are ready
2025-01-30 04:05:38,305 INFO c.h.h.t.HelmChartContainer - [test-hivemq-platform] [hivemq] [f5b69bee] INFO  - No valid license file found. Using trial license, restricted to 25 connections.
2025-01-30 04:05:39,399 INFO c.h.h.t.HelmChartContainer - [test-hivemq-platform] [hivemq] [f5b69bee] WARN  - [HiveMQ Platform Operator Init App 1.7.0-SNAPSHOT] Cannot connect to Health API for liveness: null
2025-01-30 04:05:39,399 INFO c.h.h.t.HelmChartContainer - [test-hivemq-platform] [hivemq] [f5b69bee] INFO  - [HiveMQ Platform Operator Init App 1.7.0-SNAPSHOT] Returning default Health API response 200 for liveness
2025-01-30 04:05:41,596 INFO c.h.h.t.HelmChartContainer - [test-hivemq-platform] [hivemq] [f5b69bee] WARN  - [HiveMQ Platform Operator Init App 1.7.0-SNAPSHOT] Cannot connect to Health API for readiness: null
2025-01-30 04:05:41,602 INFO c.h.h.t.HelmChartContainer - [EVENT] Warning [Unhealthy] Readiness probe failed: HTTP probe failed with statuscode: 503 [helmmonitoringplatformit:test-hivemq-platform-1]
2025-01-30 04:05:41,602 INFO c.h.h.t.HelmChartContainer - Received Unhealthy event for container hivemq in pod test-hivemq-platform-1 [f5b69bee-f3d0-4bed-9f21-4bf2d29a2116]
2025-01-30 04:05:43,076 INFO c.h.h.t.HelmChartContainer - [test-hivemq-platform] [hivemq] [f5b69bee] INFO  - No valid license file for Data Hub found. Using free license, restricted to 1 policy.
2025-01-30 04:05:44,214 INFO c.h.h.t.HelmChartContainer - [test-hivemq-platform] [hivemq] [f5b69bee] INFO  - Audit Logger started.
2025-01-30 04:05:44,513 INFO c.h.h.t.HelmChartContainer - [test-hivemq-platform] [hivemq] [f5b69bee] INFO  - This node uses '1' CPU cores.
2025-01-30 04:05:44,523 INFO c.h.h.t.HelmChartContainer - [test-hivemq-platform] [hivemq] [f5b69bee] INFO  - Starting HiveMQ Health API on address 0.0.0.0 and port 8889
2025-01-30 04:05:45,307 INFO c.h.h.t.HelmChartContainer - [test-hivemq-platform] [hivemq] [f5b69bee] INFO  - Started HiveMQ Health API in 784ms
2025-01-30 04:05:45,915 INFO c.h.h.t.HelmChartContainer - [test-hivemq-platform] [hivemq] [f5b69bee] INFO  - Starting HiveMQ extension system.
2025-01-30 04:05:46,175 INFO c.h.h.t.HelmChartContainer - [test-hivemq-platform] [hivemq] [f5b69bee] INFO  - Starting extension with id "hivemq-dns-cluster-discovery" at /opt/hivemq/extensions/hivemq-dns-cluster-discovery
2025-01-30 04:05:46,629 INFO c.h.h.t.HelmChartContainer - [hivemq-test-hivemq-platform] [hivemq-platform-operator] [49896a8e] 04:05:46.626 [pool-6-thread-12] DEBUG c.h.p.o.d.PlatformServiceResource - [helmmoni] Desired Platform services (3 services)
2025-01-30 04:05:46,629 INFO c.h.h.t.HelmChartContainer - [hivemq-test-hivemq-platform] [hivemq-platform-operator] [49896a8e] 04:05:46.627 [pool-6-thread-19] DEBUG c.h.p.o.d.PodServiceAccountResource - [helmmoni] Desired PodServiceAccountResource (serviceAccountName: hivemq-platform-pod-test-hivemq-platform)
2025-01-30 04:05:46,630 INFO c.h.h.t.HelmChartContainer - [hivemq-test-hivemq-platform] [hivemq-platform-operator] [49896a8e] 04:05:46.630 [pool-6-thread-18] DEBUG c.h.p.o.dependants.PodInfoConfigMap - [helmmoni] Desired PodInfo ConfigMap (1 extensions) (1 enabled)
2025-01-30 04:05:46,631 INFO c.h.h.t.HelmChartContainer - [hivemq-test-hivemq-platform] [hivemq-platform-operator] [49896a8e] 04:05:46.630 [pool-6-thread-18] DEBUG c.h.p.o.dependants.PodInfoConfigMap - [helmmoni] Desired PodInfo ConfigMap (metrics port: 9399) (metrics path: /)
2025-01-30 04:05:46,632 INFO c.h.h.t.HelmChartContainer - [hivemq-test-hivemq-platform] [hivemq-platform-operator] [49896a8e] 04:05:46.630 [pool-6-thread-18] DEBUG c.h.p.o.dependants.PodInfoConfigMap - [helmmoni] Desired PodInfo ConfigMap (extension state hash: -1817474005)
2025-01-30 04:05:46,634 INFO c.h.h.t.HelmChartContainer - [hivemq-test-hivemq-platform] [hivemq-platform-operator] [49896a8e] 04:05:46.634 [pool-6-thread-12] DEBUG c.h.p.o.d.StatefulSetResource - [helmmoni] Desired StatefulSet (2 replicas) for status STARTING (READY)
2025-01-30 04:05:46,637 INFO c.h.h.t.HelmChartContainer - [hivemq-test-hivemq-platform] [hivemq-platform-operator] [49896a8e] 04:05:46.637 [ReconcilerExecutor-hivemq-controller-120] INFO  c.h.p.o.HiveMQPlatformReconciler - [helmmoni] Reconciling HiveMQ Platform 'test-hivemq-platform' in namespace 'helmmonitoringplatformit'
2025-01-30 04:05:46,638 INFO c.h.h.t.HelmChartContainer - [hivemq-test-hivemq-platform] [hivemq-platform-operator] [49896a8e] 04:05:46.637 [ReconcilerExecutor-hivemq-controller-120] DEBUG c.h.p.o.HiveMQPlatformReconciler - [helmmoni] Custom Resource Status STARTING - HiveMQ Platform is starting (READY)
2025-01-30 04:05:46,638 INFO c.h.h.t.HelmChartContainer - [hivemq-test-hivemq-platform] [hivemq-platform-operator] [49896a8e] 04:05:46.637 [ReconcilerExecutor-hivemq-controller-120] DEBUG c.h.p.o.HiveMQPlatformReconciler - [helmmoni] Custom Resource Spec (replicas: 2) (extensions: 1)
2025-01-30 04:05:46,641 INFO c.h.h.t.HelmChartContainer - [hivemq-test-hivemq-platform] [hivemq-platform-operator] [49896a8e] 04:05:46.639 [ReconcilerExecutor-hivemq-controller-120] DEBUG c.h.p.o.HiveMQPlatformReconciler - [helmmoni] StatefulSet Status (revision: test-hivemq-platform-64db946475, replicas: 2, available: 1, ready: 1, current: 2, updated: 2)
2025-01-30 04:05:46,641 INFO c.h.h.t.HelmChartContainer - [hivemq-test-hivemq-platform] [hivemq-platform-operator] [49896a8e] 04:05:46.639 [ReconcilerExecutor-hivemq-controller-120] DEBUG c.h.p.o.HiveMQPlatformReconciler - [helmmoni] StatefulSet Spec (replicas: 2, init containers: 1, containers: 1, volumes: 3)
2025-01-30 04:05:46,642 INFO c.h.h.t.HelmChartContainer - [hivemq-test-hivemq-platform] [hivemq-platform-operator] [49896a8e] 04:05:46.641 [ReconcilerExecutor-hivemq-controller-120] DEBUG c.h.p.o.h.HiveMQPlatformReconcilerErrorHandler - [helmmoni] Pod 'test-hivemq-platform-1' phase Running
2025-01-30 04:05:46,644 INFO c.h.h.t.HelmChartContainer - [hivemq-test-hivemq-platform] [hivemq-platform-operator] [49896a8e] 04:05:46.643 [ReconcilerExecutor-hivemq-controller-120] DEBUG c.h.p.o.h.HiveMQPlatformReconcilerErrorHandler - [helmmoni] Pod 'test-hivemq-platform-0' phase Running
2025-01-30 04:05:46,644 INFO c.h.h.t.HelmChartContainer - [hivemq-test-hivemq-platform] [hivemq-platform-operator] [49896a8e] 04:05:46.643 [ReconcilerExecutor-hivemq-controller-120] INFO  c.h.p.o.h.HiveMQPlatformReconcilerBaseHandler - [helmmoni] HiveMQ Platform is starting, 1 of 2 replicas are ready
2025-01-30 04:05:46,775 INFO c.h.h.t.HelmChartContainer - [test-hivemq-platform] [hivemq] [f5b69bee] INFO  - Extension "DNS Cluster Discovery Extension" version 4.3.2 started successfully.
2025-01-30 04:05:46,776 INFO c.h.h.t.HelmChartContainer - [test-hivemq-platform] [hivemq] [f5b69bee] INFO  - Starting extension with id "hivemq-prometheus-extension" at /opt/hivemq/extensions/hivemq-prometheus-extension
2025-01-30 04:05:46,777 INFO c.h.h.t.HelmChartContainer - [test-hivemq-platform] [hivemq] [f5b69bee] INFO  - Using TCP cluster transport on address 10.42.0.18 and port 7000
2025-01-30 04:05:46,799 INFO c.h.h.t.HelmChartContainer - [test-hivemq-platform] [hivemq] [f5b69bee] INFO  - Using extension cluster discovery
2025-01-30 04:05:47,558 INFO c.h.h.t.HelmChartContainer - [EVENT] Warning [Unhealthy] Readiness probe failed: Get "http://10.42.0.18:7979/readiness": context deadline exceeded (Client.Timeout exceeded while awaiting headers) [helmmonitoringplatformit:test-hivemq-platform-1]
2025-01-30 04:05:47,559 INFO c.h.h.t.HelmChartContainer - Received Unhealthy event for container hivemq in pod test-hivemq-platform-1 [f5b69bee-f3d0-4bed-9f21-4bf2d29a2116]
2025-01-30 04:05:48,097 INFO c.h.h.t.HelmChartContainer - [test-hivemq-platform] [hivemq] [f5b69bee] INFO  - [HiveMQ Platform Operator Init App 1.7.0-SNAPSHOT] Returning Health API response 503 for readiness
2025-01-30 04:05:48,406 INFO c.h.h.t.HelmChartContainer - [test-hivemq-platform] [hivemq] [eaf3faf1] INFO  - Cluster nodes found by discovery: [fOMUN|1] (2) [fOMUN, Vd9vL].
2025-01-30 04:05:48,502 INFO c.h.h.t.HelmChartContainer - [test-hivemq-platform] [hivemq] [f5b69bee] INFO  - Started Jetty Server exposing Prometheus Servlet on URI http://0.0.0.0:9399/
2025-01-30 04:05:48,503 INFO c.h.h.t.HelmChartContainer - [test-hivemq-platform] [hivemq] [f5b69bee] INFO  - Extension "Prometheus Monitoring Extension" version 4.0.12 started successfully.
2025-01-30 04:05:48,503 INFO c.h.h.t.HelmChartContainer - [test-hivemq-platform] [hivemq] [f5b69bee] INFO  - Starting extension with id "hivemq-allow-all-extension" at /opt/hivemq/extensions/hivemq-allow-all-extension
2025-01-30 04:05:48,503 INFO c.h.h.t.HelmChartContainer - [test-hivemq-platform] [hivemq] [f5b69bee] WARN  - 
2025-01-30 04:05:48,503 INFO c.h.h.t.HelmChartContainer - [test-hivemq-platform] [hivemq] [f5b69bee] ################################################################################################################
2025-01-30 04:05:48,503 INFO c.h.h.t.HelmChartContainer - [test-hivemq-platform] [hivemq] [f5b69bee] # This HiveMQ deployment is not secure! You are lacking Authentication and Authorization.                      #
2025-01-30 04:05:48,503 INFO c.h.h.t.HelmChartContainer - [test-hivemq-platform] [hivemq] [f5b69bee] # Right now any MQTT client can connect to the broker with a full set of permissions.                          #
2025-01-30 04:05:48,503 INFO c.h.h.t.HelmChartContainer - [test-hivemq-platform] [hivemq] [f5b69bee] # For production usage, add an appropriate security extension and remove the hivemq-allow-all extension.       #
2025-01-30 04:05:48,503 INFO c.h.h.t.HelmChartContainer - [test-hivemq-platform] [hivemq] [f5b69bee] # You can download security extensions from the HiveMQ Marketplace (https://www.hivemq.com/extensions/).       #
2025-01-30 04:05:48,503 INFO c.h.h.t.HelmChartContainer - [test-hivemq-platform] [hivemq] [f5b69bee] ################################################################################################################
2025-01-30 04:05:48,503 INFO c.h.h.t.HelmChartContainer - [test-hivemq-platform] [hivemq] [f5b69bee] INFO  - Extension "Allow All Extension" version 1.1.1 started successfully.
2025-01-30 04:05:48,599 INFO c.h.h.t.HelmChartContainer - [test-hivemq-platform] [hivemq] [f5b69bee] INFO  - Cluster nodes found by discovery: [fOMUN|1] (2) [fOMUN, Vd9vL].
2025-01-30 04:05:48,803 INFO c.h.h.t.HelmChartContainer - [test-hivemq-platform] [hivemq] [f5b69bee] INFO  - Cluster size = 1, members : [fOMUN].
2025-01-30 04:05:49,300 INFO c.h.h.t.HelmChartContainer - [test-hivemq-platform] [hivemq] [f5b69bee] INFO  - Starting cluster join process. This may take a while. Please do not shut down HiveMQ.
2025-01-30 04:05:49,300 INFO c.h.h.t.HelmChartContainer - [test-hivemq-platform] [hivemq] [f5b69bee] INFO  - Cluster join process is still ongoing. Please do not shut down HiveMQ.
2025-01-30 04:05:51,311 INFO c.h.h.t.HelmChartContainer - [test-hivemq-platform] [hivemq] [eaf3faf1] INFO  - Cluster size = 2, members : [Vd9vL, fOMUN].
2025-01-30 04:05:51,321 INFO c.h.h.t.HelmChartContainer - [test-hivemq-platform] [hivemq] [f5b69bee] INFO  - Cluster size = 2, members : [Vd9vL, fOMUN].
2025-01-30 04:05:51,328 INFO c.h.h.t.HelmChartContainer - [test-hivemq-platform] [hivemq] [f5b69bee] INFO  - Finished cluster join process successfully.
2025-01-30 04:05:51,330 INFO c.h.h.t.HelmChartContainer - [test-hivemq-platform] [hivemq] [f5b69bee] WARN  - No user for HiveMQ Control Center configured. Starting with default user
2025-01-30 04:05:51,394 INFO c.h.h.t.HelmChartContainer - [test-hivemq-platform] [hivemq] [f5b69bee] INFO  - Starting HiveMQ Control Center on address 0.0.0.0 and port 8080
2025-01-30 04:05:51,402 INFO c.h.h.t.HelmChartContainer - [test-hivemq-platform] [hivemq] [f5b69bee] INFO  - Mounting HiveMQ Control Center V2 Preview
2025-01-30 04:05:51,605 INFO c.h.h.t.HelmChartContainer - [EVENT] Warning [Unhealthy] Readiness probe failed: HTTP probe failed with statuscode: 503 [helmmonitoringplatformit:test-hivemq-platform-1]
2025-01-30 04:05:51,605 INFO c.h.h.t.HelmChartContainer - Received Unhealthy event for container hivemq in pod test-hivemq-platform-1 [f5b69bee-f3d0-4bed-9f21-4bf2d29a2116]
2025-01-30 04:05:52,198 INFO c.h.h.t.HelmChartContainer - [test-hivemq-platform] [hivemq] [f5b69bee] INFO  - Started HiveMQ Control Center in 868ms
2025-01-30 04:05:52,213 INFO c.h.h.t.HelmChartContainer - [test-hivemq-platform] [hivemq] [f5b69bee] INFO  - Starting TCP listener on address 0.0.0.0 and port 1883
2025-01-30 04:05:52,307 INFO c.h.h.t.HelmChartContainer - [test-hivemq-platform] [hivemq] [f5b69bee] INFO  - Started TCP Listener on address 0.0.0.0 and on port 1883.
2025-01-30 04:05:52,307 INFO c.h.h.t.HelmChartContainer - [test-hivemq-platform] [hivemq] [f5b69bee] INFO  - Started HiveMQ in 34406ms
2025-01-30 04:05:56,519 INFO c.h.h.t.HelmChartContainer - [test-hivemq-platform] [hivemq] [f5b69bee] INFO  - [HiveMQ Platform Operator Init App 1.7.0-SNAPSHOT] Returning Health API response 200 for readiness
2025-01-30 04:05:56,534 INFO c.h.h.t.HelmChartContainer - [POD] test-hivemq-platform-1 [f5b69bee-f3d0-4bed-9f21-4bf2d29a2116] in helmmonitoringplatformit was MODIFIED
2025-01-30 04:05:56,543 INFO c.h.h.t.HelmChartContainer - [hivemq-test-hivemq-platform] [hivemq-platform-operator] [49896a8e] 04:05:56.536 [pool-6-thread-24] DEBUG c.h.p.o.d.PlatformServiceResource - [helmmoni] Desired Platform services (3 services)
2025-01-30 04:05:56,545 INFO c.h.h.t.HelmChartContainer - [hivemq-test-hivemq-platform] [hivemq-platform-operator] [49896a8e] 04:05:56.538 [pool-6-thread-29] DEBUG c.h.p.o.d.PodServiceAccountResource - [helmmoni] Desired PodServiceAccountResource (serviceAccountName: hivemq-platform-pod-test-hivemq-platform)
2025-01-30 04:05:56,551 INFO c.h.h.t.HelmChartContainer - [hivemq-test-hivemq-platform] [hivemq-platform-operator] [49896a8e] 04:05:56.549 [pool-6-thread-22] DEBUG c.h.p.o.dependants.PodInfoConfigMap - [helmmoni] Desired PodInfo ConfigMap (1 extensions) (1 enabled)
2025-01-30 04:05:56,552 INFO c.h.h.t.HelmChartContainer - [hivemq-test-hivemq-platform] [hivemq-platform-operator] [49896a8e] 04:05:56.549 [pool-6-thread-22] DEBUG c.h.p.o.dependants.PodInfoConfigMap - [helmmoni] Desired PodInfo ConfigMap (metrics port: 9399) (metrics path: /)
2025-01-30 04:05:56,552 INFO c.h.h.t.HelmChartContainer - [hivemq-test-hivemq-platform] [hivemq-platform-operator] [49896a8e] 04:05:56.549 [pool-6-thread-22] DEBUG c.h.p.o.dependants.PodInfoConfigMap - [helmmoni] Desired PodInfo ConfigMap (extension state hash: -1817474005)
2025-01-30 04:05:56,556 INFO c.h.h.t.HelmChartContainer - [hivemq-test-hivemq-platform] [hivemq-platform-operator] [49896a8e] 04:05:56.551 [pool-6-thread-22] DEBUG c.h.p.o.d.StatefulSetResource - [helmmoni] Desired StatefulSet (2 replicas) for status STARTING (READY)
2025-01-30 04:05:56,557 INFO c.h.h.t.HelmChartContainer - [hivemq-test-hivemq-platform] [hivemq-platform-operator] [49896a8e] 04:05:56.555 [ReconcilerExecutor-hivemq-controller-121] INFO  c.h.p.o.HiveMQPlatformReconciler - [helmmoni] Reconciling HiveMQ Platform 'test-hivemq-platform' in namespace 'helmmonitoringplatformit'
2025-01-30 04:05:56,557 INFO c.h.h.t.HelmChartContainer - [hivemq-test-hivemq-platform] [hivemq-platform-operator] [49896a8e] 04:05:56.556 [ReconcilerExecutor-hivemq-controller-121] DEBUG c.h.p.o.HiveMQPlatformReconciler - [helmmoni] Custom Resource Status STARTING - HiveMQ Platform is starting (READY)
2025-01-30 04:05:56,557 INFO c.h.h.t.HelmChartContainer - [hivemq-test-hivemq-platform] [hivemq-platform-operator] [49896a8e] 04:05:56.556 [ReconcilerExecutor-hivemq-controller-121] DEBUG c.h.p.o.HiveMQPlatformReconciler - [helmmoni] Custom Resource Spec (replicas: 2) (extensions: 1)
2025-01-30 04:05:56,558 INFO c.h.h.t.HelmChartContainer - [hivemq-test-hivemq-platform] [hivemq-platform-operator] [49896a8e] 04:05:56.557 [ReconcilerExecutor-hivemq-controller-121] DEBUG c.h.p.o.HiveMQPlatformReconciler - [helmmoni] StatefulSet Status (revision: test-hivemq-platform-64db946475, replicas: 2, available: 2, ready: 2, current: 2, updated: 2)
2025-01-30 04:05:56,558 INFO c.h.h.t.HelmChartContainer - [hivemq-test-hivemq-platform] [hivemq-platform-operator] [49896a8e] 04:05:56.558 [ReconcilerExecutor-hivemq-controller-121] DEBUG c.h.p.o.HiveMQPlatformReconciler - [helmmoni] StatefulSet Spec (replicas: 2, init containers: 1, containers: 1, volumes: 3)
2025-01-30 04:05:56,561 INFO c.h.h.t.HelmChartContainer - [hivemq-test-hivemq-platform] [hivemq-platform-operator] [49896a8e] 04:05:56.559 [ReconcilerExecutor-hivemq-controller-121] DEBUG c.h.p.o.h.HiveMQPlatformReconcilerErrorHandler - [helmmoni] Pod 'test-hivemq-platform-1' phase Running
2025-01-30 04:05:56,563 INFO c.h.h.t.HelmChartContainer - [hivemq-test-hivemq-platform] [hivemq-platform-operator] [49896a8e] 04:05:56.562 [ReconcilerExecutor-hivemq-controller-121] DEBUG c.h.p.o.h.HiveMQPlatformReconcilerErrorHandler - [helmmoni] Pod 'test-hivemq-platform-0' phase Running
2025-01-30 04:05:56,564 INFO c.h.h.t.HelmChartContainer - [hivemq-test-hivemq-platform] [hivemq-platform-operator] [49896a8e] 04:05:56.563 [ReconcilerExecutor-hivemq-controller-121] INFO  c.h.p.o.h.HiveMQPlatformReconcilerBaseHandler - [helmmoni] HiveMQ Platform started successfully
2025-01-30 04:05:56,612 INFO c.h.h.t.HelmChartContainer - [hivemq-test-hivemq-platform] [hivemq-platform-operator] [49896a8e] 04:05:56.611 [ReconcilerExecutor-hivemq-controller-121] DEBUG c.h.p.operator.event.EventSender - [helmmoni] Creating K8s event hivemq-platform-ready: [Ready] HiveMQ Platform is ready
2025-01-30 04:05:56,616 INFO c.h.h.t.HelmChartContainer - [EVENT] Normal [Ready] HiveMQ Platform is ready [helmmonitoringplatformit:test-hivemq-platform]
2025-01-30 04:05:56,694 INFO c.h.h.t.HelmChartContainer - [hivemq-test-hivemq-platform] [hivemq-platform-operator] [49896a8e] 04:05:56.692 [ReconcilerExecutor-hivemq-controller-121] INFO  c.h.p.o.h.AbstractHiveMQReconcilerStateHandler - [helmmoni] Update HiveMQ Platform Status (STARTING [READY] -> RUNNING [READY]): HiveMQ Platform is ready
2025-01-30 04:05:56,702 DEBUG com.hivemq.helmcharts.util.K8sUtil - Comparing actual state 'RUNNING' and waiting for 'RUNNING'
2025-01-30 04:05:56,708 INFO c.h.h.t.HelmChartContainer - [hivemq-test-hivemq-platform] [hivemq-platform-operator] [49896a8e] 04:05:56.707 [pool-6-thread-32] DEBUG c.h.p.o.dependants.PodInfoConfigMap - [helmmoni] Desired PodInfo ConfigMap (1 extensions) (1 enabled)
2025-01-30 04:05:56,709 INFO c.h.h.t.HelmChartContainer - [hivemq-test-hivemq-platform] [hivemq-platform-operator] [49896a8e] 04:05:56.707 [pool-6-thread-32] DEBUG c.h.p.o.dependants.PodInfoConfigMap - [helmmoni] Desired PodInfo ConfigMap (metrics port: 9399) (metrics path: /)
2025-01-30 04:05:56,710 INFO c.h.h.t.HelmChartContainer - [hivemq-test-hivemq-platform] [hivemq-platform-operator] [49896a8e] 04:05:56.707 [pool-6-thread-32] DEBUG c.h.p.o.dependants.PodInfoConfigMap - [helmmoni] Desired PodInfo ConfigMap (extension state hash: -1817474005)
2025-01-30 04:05:56,710 INFO c.h.h.t.HelmChartContainer - [hivemq-test-hivemq-platform] [hivemq-platform-operator] [49896a8e] 04:05:56.708 [pool-6-thread-38] DEBUG c.h.p.o.d.PlatformServiceResource - [helmmoni] Desired Platform services (3 services)
2025-01-30 04:05:56,712 INFO c.h.h.t.HelmChartContainer - [hivemq-test-hivemq-platform] [hivemq-platform-operator] [49896a8e] 04:05:56.708 [pool-6-thread-33] DEBUG c.h.p.o.d.PodServiceAccountResource - [helmmoni] Desired PodServiceAccountResource (serviceAccountName: hivemq-platform-pod-test-hivemq-platform)
2025-01-30 04:05:56,713 INFO c.h.h.t.HelmChartContainer - [hivemq-test-hivemq-platform] [hivemq-platform-operator] [49896a8e] 04:05:56.708 [pool-6-thread-32] DEBUG c.h.p.o.dependants.PodInfoConfigMap - [helmmoni] Update PodInfo ConfigMap
2025-01-30 04:05:56,795 INFO c.h.h.t.HelmChartContainer - [hivemq-test-hivemq-platform] [hivemq-platform-operator] [49896a8e] 04:05:56.794 [pool-6-thread-32] DEBUG c.h.p.o.d.StatefulSetResource - [helmmoni] Desired StatefulSet (2 replicas) for status RUNNING (READY)
2025-01-30 04:05:56,800 INFO c.h.h.t.HelmChartContainer - [hivemq-test-hivemq-platform] [hivemq-platform-operator] [49896a8e] 04:05:56.798 [ReconcilerExecutor-hivemq-controller-122] INFO  c.h.p.o.HiveMQPlatformReconciler - [helmmoni] Reconciling HiveMQ Platform 'test-hivemq-platform' in namespace 'helmmonitoringplatformit'
2025-01-30 04:05:56,801 INFO c.h.h.t.HelmChartContainer - [hivemq-test-hivemq-platform] [hivemq-platform-operator] [49896a8e] 04:05:56.798 [ReconcilerExecutor-hivemq-controller-122] DEBUG c.h.p.o.HiveMQPlatformReconciler - [helmmoni] Custom Resource Status RUNNING - HiveMQ Platform is ready (READY)
2025-01-30 04:05:56,801 INFO c.h.h.t.HelmChartContainer - [hivemq-test-hivemq-platform] [hivemq-platform-operator] [49896a8e] 04:05:56.798 [ReconcilerExecutor-hivemq-controller-122] DEBUG c.h.p.o.HiveMQPlatformReconciler - [helmmoni] Custom Resource Spec (replicas: 2) (extensions: 1)
2025-01-30 04:05:56,801 INFO c.h.h.t.HelmChartContainer - [hivemq-test-hivemq-platform] [hivemq-platform-operator] [49896a8e] 04:05:56.799 [ReconcilerExecutor-hivemq-controller-122] DEBUG c.h.p.o.HiveMQPlatformReconciler - [helmmoni] StatefulSet Status (revision: test-hivemq-platform-64db946475, replicas: 2, available: 2, ready: 2, current: 2, updated: 2)
2025-01-30 04:05:56,801 INFO c.h.h.t.HelmChartContainer - [hivemq-test-hivemq-platform] [hivemq-platform-operator] [49896a8e] 04:05:56.799 [ReconcilerExecutor-hivemq-controller-122] DEBUG c.h.p.o.HiveMQPlatformReconciler - [helmmoni] StatefulSet Spec (replicas: 2, init containers: 1, containers: 1, volumes: 3)
2025-01-30 04:05:56,801 INFO c.h.h.t.HelmChartContainer - [hivemq-test-hivemq-platform] [hivemq-platform-operator] [49896a8e] 04:05:56.800 [ReconcilerExecutor-hivemq-controller-122] DEBUG c.h.p.o.h.HiveMQPlatformReconcilerErrorHandler - [helmmoni] Pod 'test-hivemq-platform-1' phase Running
2025-01-30 04:05:56,803 INFO c.h.h.t.HelmChartContainer - [hivemq-test-hivemq-platform] [hivemq-platform-operator] [49896a8e] 04:05:56.802 [ReconcilerExecutor-hivemq-controller-122] DEBUG c.h.p.o.h.HiveMQPlatformReconcilerErrorHandler - [helmmoni] Pod 'test-hivemq-platform-0' phase Running
Request method:	GET
Request URI:	http://localhost:36103/api/v1/query?query=com_hivemq_cluster_nodes_count
Proxy:			<none>
Request params:	query=com_hivemq_cluster_nodes_count
Query params:	<none>
Form params:	<none>
Path params:	<none>
Headers:		Accept=*/*
Cookies:		<none>
Multiparts:		<none>
Body:			<none>
HTTP/1.1 200 OK
Content-Encoding: gzip
Content-Type: application/json
Date: Thu, 30 Jan 2025 04:06:02 GMT
Content-Length: 267

{
    "status": "success",
    "data": {
        "resultType": "vector",
        "result": [
            {
                "metric": {
                    "__name__": "com_hivemq_cluster_nodes_count",
                    "container": "hivemq",
                    "endpoint": "metrics-9399",
                    "instance": "10.42.0.17:9399",
                    "job": "hivemq-test-hivemq-platform-metrics-9399",
                    "namespace": "helmmonitoringplatformit",
                    "pod": "test-hivemq-platform-0",
                    "service": "hivemq-test-hivemq-platform-metrics-9399"
                },
                "value": [
                    1738209962.386,
                    "1"
                ]
            },
            {
                "metric": {
                    "__name__": "com_hivemq_cluster_nodes_count",
                    "container": "hivemq",
                    "endpoint": "metrics-9399",
                    "instance": "10.42.0.18:9399",
                    "job": "hivemq-test-hivemq-platform-metrics-9399",
                    "namespace": "helmmonitoringplatformit",
                    "pod": "test-hivemq-platform-1",
                    "service": "hivemq-test-hivemq-platform-metrics-9399"
                },
                "value": [
                    1738209962.386,
                    "2"
                ]
            }
        ]
    }
}
2025-01-30 04:06:02,481 INFO c.h.h.t.HelmChartContainer - [K3S] [upgradeaware.go:427] Error proxying data from client to backend: remote error: tls: user canceled
2025-01-30 04:06:06,808 INFO c.h.h.t.HelmChartContainer - [hivemq-test-hivemq-platform] [hivemq-platform-operator] [49896a8e] 04:06:06.805 [pool-6-thread-41] DEBUG c.h.p.o.d.PlatformServiceResource - [helmmoni] Desired Platform services (3 services)
2025-01-30 04:06:06,808 INFO c.h.h.t.HelmChartContainer - [hivemq-test-hivemq-platform] [hivemq-platform-operator] [49896a8e] 04:06:06.806 [pool-6-thread-43] DEBUG c.h.p.o.dependants.PodInfoConfigMap - [helmmoni] Desired PodInfo ConfigMap (1 extensions) (1 enabled)
2025-01-30 04:06:06,810 INFO c.h.h.t.HelmChartContainer - [hivemq-test-hivemq-platform] [hivemq-platform-operator] [49896a8e] 04:06:06.809 [pool-6-thread-43] DEBUG c.h.p.o.dependants.PodInfoConfigMap - [helmmoni] Desired PodInfo ConfigMap (metrics port: 9399) (metrics path: /)
2025-01-30 04:06:06,810 INFO c.h.h.t.HelmChartContainer - [hivemq-test-hivemq-platform] [hivemq-platform-operator] [49896a8e] 04:06:06.809 [pool-6-thread-43] DEBUG c.h.p.o.dependants.PodInfoConfigMap - [helmmoni] Desired PodInfo ConfigMap (extension state hash: -1817474005)
2025-01-30 04:06:06,811 INFO c.h.h.t.HelmChartContainer - [hivemq-test-hivemq-platform] [hivemq-platform-operator] [49896a8e] 04:06:06.807 [pool-6-thread-49] DEBUG c.h.p.o.d.PodServiceAccountResource - [helmmoni] Desired PodServiceAccountResource (serviceAccountName: hivemq-platform-pod-test-hivemq-platform)
2025-01-30 04:06:06,813 INFO c.h.h.t.HelmChartContainer - [hivemq-test-hivemq-platform] [hivemq-platform-operator] [49896a8e] 04:06:06.813 [pool-6-thread-44] DEBUG c.h.p.o.d.StatefulSetResource - [helmmoni] Desired StatefulSet (2 replicas) for status RUNNING (READY)
2025-01-30 04:06:06,817 INFO c.h.h.t.HelmChartContainer - [hivemq-test-hivemq-platform] [hivemq-platform-operator] [49896a8e] 04:06:06.815 [ReconcilerExecutor-hivemq-controller-123] INFO  c.h.p.o.HiveMQPlatformReconciler - [helmmoni] Reconciling HiveMQ Platform 'test-hivemq-platform' in namespace 'helmmonitoringplatformit'
2025-01-30 04:06:06,817 INFO c.h.h.t.HelmChartContainer - [hivemq-test-hivemq-platform] [hivemq-platform-operator] [49896a8e] 04:06:06.816 [ReconcilerExecutor-hivemq-controller-123] DEBUG c.h.p.o.HiveMQPlatformReconciler - [helmmoni] Custom Resource Status RUNNING - HiveMQ Platform is ready (READY)
2025-01-30 04:06:06,817 INFO c.h.h.t.HelmChartContainer - [hivemq-test-hivemq-platform] [hivemq-platform-operator] [49896a8e] 04:06:06.816 [ReconcilerExecutor-hivemq-controller-123] DEBUG c.h.p.o.HiveMQPlatformReconciler - [helmmoni] Custom Resource Spec (replicas: 2) (extensions: 1)
2025-01-30 04:06:06,817 INFO c.h.h.t.HelmChartContainer - [hivemq-test-hivemq-platform] [hivemq-platform-operator] [49896a8e] 04:06:06.817 [ReconcilerExecutor-hivemq-controller-123] DEBUG c.h.p.o.HiveMQPlatformReconciler - [helmmoni] StatefulSet Status (revision: test-hivemq-platform-64db946475, replicas: 2, available: 2, ready: 2, current: 2, updated: 2)
2025-01-30 04:06:06,817 INFO c.h.h.t.HelmChartContainer - [hivemq-test-hivemq-platform] [hivemq-platform-operator] [49896a8e] 04:06:06.817 [ReconcilerExecutor-hivemq-controller-123] DEBUG c.h.p.o.HiveMQPlatformReconciler - [helmmoni] StatefulSet Spec (replicas: 2, init containers: 1, containers: 1, volumes: 3)
2025-01-30 04:06:06,819 INFO c.h.h.t.HelmChartContainer - [hivemq-test-hivemq-platform] [hivemq-platform-operator] [49896a8e] 04:06:06.818 [ReconcilerExecutor-hivemq-controller-123] DEBUG c.h.p.o.h.HiveMQPlatformReconcilerErrorHandler - [helmmoni] Pod 'test-hivemq-platform-1' phase Running
2025-01-30 04:06:06,820 INFO c.h.h.t.HelmChartContainer - [hivemq-test-hivemq-platform] [hivemq-platform-operator] [49896a8e] 04:06:06.819 [ReconcilerExecutor-hivemq-controller-123] DEBUG c.h.p.o.h.HiveMQPlatformReconcilerErrorHandler - [helmmoni] Pod 'test-hivemq-platform-0' phase Running
Request method:	GET
Request URI:	http://localhost:39133/api/v1/query?query=com_hivemq_cluster_nodes_count
Proxy:			<none>
Request params:	query=com_hivemq_cluster_nodes_count
Query params:	<none>
Form params:	<none>
Path params:	<none>
Headers:		Accept=*/*
Cookies:		<none>
Multiparts:		<none>
Body:			<none>
HTTP/1.1 200 OK
Content-Encoding: gzip
Content-Type: application/json
Date: Thu, 30 Jan 2025 04:06:07 GMT
Content-Length: 265

{
    "status": "success",
    "data": {
        "resultType": "vector",
        "result": [
            {
                "metric": {
                    "__name__": "com_hivemq_cluster_nodes_count",
                    "container": "hivemq",
                    "endpoint": "metrics-9399",
                    "instance": "10.42.0.17:9399",
                    "job": "hivemq-test-hivemq-platform-metrics-9399",
                    "namespace": "helmmonitoringplatformit",
                    "pod": "test-hivemq-platform-0",
                    "service": "hivemq-test-hivemq-platform-metrics-9399"
                },
                "value": [
                    1738209967.549,
                    "2"
                ]
            },
            {
                "metric": {
                    "__name__": "com_hivemq_cluster_nodes_count",
                    "container": "hivemq",
                    "endpoint": "metrics-9399",
                    "instance": "10.42.0.18:9399",
                    "job": "hivemq-test-hivemq-platform-metrics-9399",
                    "namespace": "helmmonitoringplatformit",
                    "pod": "test-hivemq-platform-1",
                    "service": "hivemq-test-hivemq-platform-metrics-9399"
                },
                "value": [
                    1738209967.549,
                    "2"
                ]
            }
        ]
    }
}
2025-01-30 04:06:09,392 INFO c.h.h.t.HelmChartContainer - [test-hivemq-platform] [hivemq] [f5b69bee] INFO  - [HiveMQ Platform Operator Init App 1.7.0-SNAPSHOT] Returning Health API response 200 for liveness
Request method:	GET
Request URI:	http://localhost:38963/api/search
Proxy:			<none>
Request params:	<none>
Query params:	<none>
Form params:	<none>
Path params:	<none>
Headers:		Authorization=Basic YWRtaW46cHJvbS1vcGVyYXRvcg==
				Accept=*/*
Cookies:		<none>
Multiparts:		<none>
Body:			<none>
HTTP/1.1 200 OK
Cache-Control: no-store
Content-Type: application/json
X-Content-Type-Options: nosniff
X-Frame-Options: deny
X-Xss-Protection: 1; mode=block
Date: Thu, 30 Jan 2025 04:06:12 GMT
Transfer-Encoding: chunked

[
    {
        "id": 1,
        "uid": "alertmanager-overview",
        "title": "Alertmanager / Overview",
        "uri": "db/alertmanager-overview",
        "url": "/d/alertmanager-overview/alertmanager-overview",
        "slug": "",
        "type": "dash-db",
        "tags": [
            "alertmanager-mixin"
        ],
        "isStarred": false,
        "sortMeta": 0,
        "isDeleted": false
    },
    {
        "id": 7,
        "uid": "vkQ0UHxik",
        "title": "CoreDNS",
        "uri": "db/coredns",
        "url": "/d/vkQ0UHxik/coredns",
        "slug": "",
        "type": "dash-db",
        "tags": [
            "coredns",
            "dns"
        ],
        "isStarred": false,
        "sortMeta": 0,
        "isDeleted": false
    },
    {
        "id": 5,
        "uid": "c2f4e12cdf69feb95caa41a5a1b423d9",
        "title": "etcd",
        "uri": "db/etcd",
        "url": "/d/c2f4e12cdf69feb95caa41a5a1b423d9/etcd",
        "slug": "",
        "type": "dash-db",
        "tags": [
            "etcd-mixin"
        ],
        "isStarred": false,
        "sortMeta": 0,
        "isDeleted": false
    },
    {
        "id": 6,
        "uid": "6be0s85Mk",
        "title": "Grafana Overview",
        "uri": "db/grafana-overview",
        "url": "/d/6be0s85Mk/grafana-overview",
        "slug": "",
        "type": "dash-db",
        "tags": [
            
        ],
        "isStarred": false,
        "sortMeta": 0,
        "isDeleted": false
    },
    {
        "id": 29,
        "uid": "bebin3p4skh6ob",
        "title": "HiveMQ Platform (Prometheus)",
        "uri": "db/hivemq-platform-prometheus",
        "url": "/d/bebin3p4skh6ob/hivemq-platform-prometheus",
        "slug": "",
        "type": "dash-db",
        "tags": [
            
        ],
        "isStarred": false,
        "sortMeta": 0,
        "isDeleted": false
    },
    {
        "id": 2,
        "uid": "09ec8aa1e996d6ffcd6817bbaff4db1b",
        "title": "Kubernetes / API server",
        "uri": "db/kubernetes-api-server",
        "url": "/d/09ec8aa1e996d6ffcd6817bbaff4db1b/kubernetes-api-server",
        "slug": "",
        "type": "dash-db",
        "tags": [
            "kubernetes-mixin"
        ],
        "isStarred": false,
        "sortMeta": 0,
        "isDeleted": false
    },
    {
        "id": 9,
        "uid": "b59e6c9f2fcbe2e16d77fc492374cc4f",
        "title": "Kubernetes / Compute Resources /  Multi-Cluster",
        "uri": "db/kubernetes-compute-resources-multi-cluster",
        "url": "/d/b59e6c9f2fcbe2e16d77fc492374cc4f/kubernetes-compute-resources-multi-cluster",
        "slug": "",
        "type": "dash-db",
        "tags": [
            "kubernetes-mixin"
        ],
        "isStarred": false,
        "sortMeta": 0,
        "isDeleted": false
    },
    {
        "id": 8,
        "uid": "efa86fd1d0c121a26444b636a3f509a8",
        "title": "Kubernetes / Compute Resources / Cluster",
        "uri": "db/kubernetes-compute-resources-cluster",
        "url": "/d/efa86fd1d0c121a26444b636a3f509a8/kubernetes-compute-resources-cluster",
        "slug": "",
        "type": "dash-db",
        "tags": [
            "kubernetes-mixin"
        ],
        "isStarred": false,
        "sortMeta": 0,
        "isDeleted": false
    },
    {
        "id": 10,
        "uid": "85a562078cdf77779eaa1add43ccec1e",
        "title": "Kubernetes / Compute Resources / Namespace (Pods)",
        "uri": "db/kubernetes-compute-resources-namespace-pods",
        "url": "/d/85a562078cdf77779eaa1add43ccec1e/kubernetes-compute-resources-namespace-pods",
        "slug": "",
        "type": "dash-db",
        "tags": [
            "kubernetes-mixin"
        ],
        "isStarred": false,
        "sortMeta": 0,
        "isDeleted": false
    },
    {
        "id": 14,
        "uid": "a87fb0d919ec0ea5f6543124e16c42a5",
        "title": "Kubernetes / Compute Resources / Namespace (Workloads)",
        "uri": "db/kubernetes-compute-resources-namespace-workloads",
        "url": "/d/a87fb0d919ec0ea5f6543124e16c42a5/kubernetes-compute-resources-namespace-workloads",
        "slug": "",
        "type": "dash-db",
        "tags": [
            "kubernetes-mixin"
        ],
        "isStarred": false,
        "sortMeta": 0,
        "isDeleted": false
    },
    {
        "id": 11,
        "uid": "200ac8fdbfbb74b39aff88118e4d1c2c",
        "title": "Kubernetes / Compute Resources / Node (Pods)",
        "uri": "db/kubernetes-compute-resources-node-pods",
        "url": "/d/200ac8fdbfbb74b39aff88118e4d1c2c/kubernetes-compute-resources-node-pods",
        "slug": "",
        "type": "dash-db",
        "tags": [
            "kubernetes-mixin"
        ],
        "isStarred": false,
        "sortMeta": 0,
        "isDeleted": false
    },
    {
        "id": 12,
        "uid": "6581e46e4e5c7ba40a07646395ef7b23",
        "title": "Kubernetes / Compute Resources / Pod",
        "uri": "db/kubernetes-compute-resources-pod",
        "url": "/d/6581e46e4e5c7ba40a07646395ef7b23/kubernetes-compute-resources-pod",
        "slug": "",
        "type": "dash-db",
        "tags": [
            "kubernetes-mixin"
        ],
        "isStarred": false,
        "sortMeta": 0,
        "isDeleted": false
    },
    {
        "id": 13,
        "uid": "a164a7f0339f99e89cea5cb47e9be617",
        "title": "Kubernetes / Compute Resources / Workload",
        "uri": "db/kubernetes-compute-resources-workload",
        "url": "/d/a164a7f0339f99e89cea5cb47e9be617/kubernetes-compute-resources-workload",
        "slug": "",
        "type": "dash-db",
        "tags": [
            "kubernetes-mixin"
        ],
        "isStarred": false,
        "sortMeta": 0,
        "isDeleted": false
    },
    {
        "id": 4,
        "uid": "72e0e05bef5099e5f049b05fdc429ed4",
        "title": "Kubernetes / Controller Manager",
        "uri": "db/kubernetes-controller-manager",
        "url": "/d/72e0e05bef5099e5f049b05fdc429ed4/kubernetes-controller-manager",
        "slug": "",
        "type": "dash-db",
        "tags": [
            "kubernetes-mixin"
        ],
        "isStarred": false,
        "sortMeta": 0,
        "isDeleted": false
    },
    {
        "id": 15,
        "uid": "3138fa155d5915769fbded898ac09fd9",
        "title": "Kubernetes / Kubelet",
        "uri": "db/kubernetes-kubelet",
        "url": "/d/3138fa155d5915769fbded898ac09fd9/kubernetes-kubelet",
        "slug": "",
        "type": "dash-db",
        "tags": [
            "kubernetes-mixin"
        ],
        "isStarred": false,
        "sortMeta": 0,
        "isDeleted": false
    },
    {
        "id": 3,
        "uid": "ff635a025bcfea7bc3dd4f508990a3e9",
        "title": "Kubernetes / Networking / Cluster",
        "uri": "db/kubernetes-networking-cluster",
        "url": "/d/ff635a025bcfea7bc3dd4f508990a3e9/kubernetes-networking-cluster",
        "slug": "",
        "type": "dash-db",
        "tags": [
            "kubernetes-mixin"
        ],
        "isStarred": false,
        "sortMeta": 0,
        "isDeleted": false
    },
    {
        "id": 16,
        "uid": "8b7a8b326d7a6f1f04244066368c67af",
        "title": "Kubernetes / Networking / Namespace (Pods)",
        "uri": "db/kubernetes-networking-namespace-pods",
        "url": "/d/8b7a8b326d7a6f1f04244066368c67af/kubernetes-networking-namespace-pods",
        "slug": "",
        "type": "dash-db",
        "tags": [
            "kubernetes-mixin"
        ],
        "isStarred": false,
        "sortMeta": 0,
        "isDeleted": false
    },
    {
        "id": 17,
        "uid": "bbb2a765a623ae38130206c7d94a160f",
        "title": "Kubernetes / Networking / Namespace (Workload)",
        "uri": "db/kubernetes-networking-namespace-workload",
        "url": "/d/bbb2a765a623ae38130206c7d94a160f/kubernetes-networking-namespace-workload",
        "slug": "",
        "type": "dash-db",
        "tags": [
            "kubernetes-mixin"
        ],
        "isStarred": false,
        "sortMeta": 0,
        "isDeleted": false
    },
    {
        "id": 24,
        "uid": "7a18067ce943a40ae25454675c19ff5c",
        "title": "Kubernetes / Networking / Pod",
        "uri": "db/kubernetes-networking-pod",
        "url": "/d/7a18067ce943a40ae25454675c19ff5c/kubernetes-networking-pod",
        "slug": "",
        "type": "dash-db",
        "tags": [
            "kubernetes-mixin"
        ],
        "isStarred": false,
        "sortMeta": 0,
        "isDeleted": false
    },
    {
        "id": 28,
        "uid": "728bf77cc1166d2f3133bf25846876cc",
        "title": "Kubernetes / Networking / Workload",
        "uri": "db/kubernetes-networking-workload",
        "url": "/d/728bf77cc1166d2f3133bf25846876cc/kubernetes-networking-workload",
        "slug": "",
        "type": "dash-db",
        "tags": [
            "kubernetes-mixin"
        ],
        "isStarred": false,
        "sortMeta": 0,
        "isDeleted": false
    },
    {
        "id": 23,
        "uid": "919b92a8e8041bd567af9edab12c840c",
        "title": "Kubernetes / Persistent Volumes",
        "uri": "db/kubernetes-persistent-volumes",
        "url": "/d/919b92a8e8041bd567af9edab12c840c/kubernetes-persistent-volumes",
        "slug": "",
        "type": "dash-db",
        "tags": [
            "kubernetes-mixin"
        ],
        "isStarred": false,
        "sortMeta": 0,
        "isDeleted": false
    },
    {
        "id": 26,
        "uid": "632e265de029684c40b21cb76bca4f94",
        "title": "Kubernetes / Proxy",
        "uri": "db/kubernetes-proxy",
        "url": "/d/632e265de029684c40b21cb76bca4f94/kubernetes-proxy",
        "slug": "",
        "type": "dash-db",
        "tags": [
            "kubernetes-mixin"
        ],
        "isStarred": false,
        "sortMeta": 0,
        "isDeleted": false
    },
    {
        "id": 27,
        "uid": "2e6b6a3b4bddf1427b3a55aa1311c656",
        "title": "Kubernetes / Scheduler",
        "uri": "db/kubernetes-scheduler",
        "url": "/d/2e6b6a3b4bddf1427b3a55aa1311c656/kubernetes-scheduler",
        "slug": "",
        "type": "dash-db",
        "tags": [
            "kubernetes-mixin"
        ],
        "isStarred": false,
        "sortMeta": 0,
        "isDeleted": false
    },
    {
        "id": 21,
        "uid": "7e0a61e486f727d763fb1d86fdd629c2",
        "title": "Node Exporter / AIX",
        "uri": "db/node-exporter-aix",
        "url": "/d/7e0a61e486f727d763fb1d86fdd629c2/node-exporter-aix",
        "slug": "",
        "type": "dash-db",
        "tags": [
            "node-exporter-mixin"
        ],
        "isStarred": false,
        "sortMeta": 0,
        "isDeleted": false
    },
    {
        "id": 22,
        "uid": "629701ea43bf69291922ea45f4a87d37",
        "title": "Node Exporter / MacOS",
        "uri": "db/node-exporter-macos",
        "url": "/d/629701ea43bf69291922ea45f4a87d37/node-exporter-macos",
        "slug": "",
        "type": "dash-db",
        "tags": [
            "node-exporter-mixin"
        ],
        "isStarred": false,
        "sortMeta": 0,
        "isDeleted": false
    },
    {
        "id": 20,
        "uid": "7d57716318ee0dddbac5a7f451fb7753",
        "title": "Node Exporter / Nodes",
        "uri": "db/node-exporter-nodes",
        "url": "/d/7d57716318ee0dddbac5a7f451fb7753/node-exporter-nodes",
        "slug": "",
        "type": "dash-db",
        "tags": [
            "node-exporter-mixin"
        ],
        "isStarred": false,
        "sortMeta": 0,
        "isDeleted": false
    },
    {
        "id": 18,
        "uid": "3e97d1d02672cdd0861f4c97c64f89b2",
        "title": "Node Exporter / USE Method / Cluster",
        "uri": "db/node-exporter-use-method-cluster",
        "url": "/d/3e97d1d02672cdd0861f4c97c64f89b2/node-exporter-use-method-cluster",
        "slug": "",
        "type": "dash-db",
        "tags": [
            "node-exporter-mixin"
        ],
        "isStarred": false,
        "sortMeta": 0,
        "isDeleted": false
    },
    {
        "id": 19,
        "uid": "fac67cfbe174d3ef53eb473d73d9212f",
        "title": "Node Exporter / USE Method / Node",
        "uri": "db/node-exporter-use-method-node",
        "url": "/d/fac67cfbe174d3ef53eb473d73d9212f/node-exporter-use-method-node",
        "slug": "",
        "type": "dash-db",
        "tags": [
            "node-exporter-mixin"
        ],
        "isStarred": false,
        "sortMeta": 0,
        "isDeleted": false
    },
    {
        "id": 25,
        "uid": "bebin3ffbrvnkc",
        "title": "Prometheus / Overview",
        "uri": "db/prometheus-overview",
        "url": "/d/bebin3ffbrvnkc/prometheus-overview",
        "slug": "",
        "type": "dash-db",
        "tags": [
            "prometheus-mixin"
        ],
        "isStarred": false,
        "sortMeta": 0,
        "isDeleted": false
    }
]
2025-01-30 04:06:12,671 INFO c.h.h.t.HelmChartContainer - Uninstalling release 'monitoring-stack' in namespace 'monitoring'...
2025-01-30 04:06:12,671 DEBUG c.h.h.t.HelmChartContainer - Executing helm command: /bin/helm --kubeconfig /etc/rancher/k3s/k3s.yaml uninstall monitoring-stack  --wait --timeout 5m0s --cascade foreground --namespace monitoring
2025-01-30 04:06:14,244 INFO c.h.h.t.HelmChartContainer - [K3S] [replica_set.go:679] "Finished syncing" kind="ReplicaSet" key="monitoring/monitoring-stack-kube-prom-operator-6998896c" duration="3.499171ms"
2025-01-30 04:06:14,244 INFO c.h.h.t.HelmChartContainer - [K3S] [replica_set.go:679] "Finished syncing" kind="ReplicaSet" key="monitoring/monitoring-stack-kube-prom-operator-6998896c" duration="36.288µs"
2025-01-30 04:06:14,393 INFO c.h.h.t.HelmChartContainer - [K3S] [replica_set.go:679] "Finished syncing" kind="ReplicaSet" key="monitoring/monitoring-stack-kube-state-metrics-5bf5c7b54d" duration="3.076398ms"
2025-01-30 04:06:14,393 INFO c.h.h.t.HelmChartContainer - [K3S] [replica_set.go:679] "Finished syncing" kind="ReplicaSet" key="monitoring/monitoring-stack-kube-state-metrics-5bf5c7b54d" duration="34.835µs"
2025-01-30 04:06:14,471 INFO c.h.h.t.HelmChartContainer - [K3S] [replica_set.go:679] "Finished syncing" kind="ReplicaSet" key="monitoring/monitoring-stack-grafana-64c55fb967" duration="4.504627ms"
2025-01-30 04:06:14,471 INFO c.h.h.t.HelmChartContainer - [K3S] [replica_set.go:679] "Finished syncing" kind="ReplicaSet" key="monitoring/monitoring-stack-grafana-64c55fb967" duration="42.769µs"
2025-01-30 04:06:14,593 INFO c.h.h.t.HelmChartContainer - [POD] monitoring-stack-prometheus-node-exporter-wztb4 [26a6e290-480f-429e-ae28-4b06d86ff9c1] in monitoring was MODIFIED
2025-01-30 04:06:14,597 INFO c.h.h.t.HelmChartContainer - [EVENT] Normal [Killing] Stopping container node-exporter [monitoring:monitoring-stack-prometheus-node-exporter-wztb4]
2025-01-30 04:06:14,713 INFO c.h.h.t.HelmChartContainer - [POD] monitoring-stack-prometheus-node-exporter-wztb4 [26a6e290-480f-429e-ae28-4b06d86ff9c1] in monitoring was MODIFIED
2025-01-30 04:06:14,775 INFO c.h.h.t.HelmChartContainer - [K3S] [reconciler_common.go:162] "operationExecutor.UnmountVolume started for volume \"proc\" (UniqueName: \"kubernetes.io/host-path/26a6e290-480f-429e-ae28-4b06d86ff9c1-proc\") pod \"26a6e290-480f-429e-ae28-4b06d86ff9c1\" (UID: \"26a6e290-480f-429e-ae28-4b06d86ff9c1\") "
2025-01-30 04:06:14,776 INFO c.h.h.t.HelmChartContainer - [K3S] [reconciler_common.go:162] "operationExecutor.UnmountVolume started for volume \"sys\" (UniqueName: \"kubernetes.io/host-path/26a6e290-480f-429e-ae28-4b06d86ff9c1-sys\") pod \"26a6e290-480f-429e-ae28-4b06d86ff9c1\" (UID: \"26a6e290-480f-429e-ae28-4b06d86ff9c1\") "
2025-01-30 04:06:14,791 INFO c.h.h.t.HelmChartContainer - [K3S] [scope.go:117] "RemoveContainer" containerID="d115016d23d400d515e95a712d46eb85cf33b88bf767adf94f7e5be097c64fc9"
2025-01-30 04:06:14,796 INFO c.h.h.t.HelmChartContainer - [K3S] [scope.go:117] "RemoveContainer" containerID="d115016d23d400d515e95a712d46eb85cf33b88bf767adf94f7e5be097c64fc9"
2025-01-30 04:06:14,806 INFO c.h.h.t.HelmChartContainer - [POD] monitoring-stack-prometheus-node-exporter-wztb4 [26a6e290-480f-429e-ae28-4b06d86ff9c1] in monitoring was MODIFIED
2025-01-30 04:06:14,808 INFO c.h.h.t.HelmChartContainer - [POD] monitoring-stack-prometheus-node-exporter-wztb4 [26a6e290-480f-429e-ae28-4b06d86ff9c1] in monitoring was DELETED
2025-01-30 04:06:14,876 INFO c.h.h.t.HelmChartContainer - [K3S] [reconciler_common.go:299] "Volume detached for volume \"proc\" (UniqueName: \"kubernetes.io/host-path/26a6e290-480f-429e-ae28-4b06d86ff9c1-proc\") on node \"13757cc4392a\" DevicePath \"\""
2025-01-30 04:06:14,876 INFO c.h.h.t.HelmChartContainer - [K3S] [reconciler_common.go:299] "Volume detached for volume \"sys\" (UniqueName: \"kubernetes.io/host-path/26a6e290-480f-429e-ae28-4b06d86ff9c1-sys\") on node \"13757cc4392a\" DevicePath \"\""
2025-01-30 04:06:15,093 INFO c.h.h.t.HelmChartContainer - [K3S] [kubelet_volumes.go:163] "Cleaned up orphaned pod volumes dir" podUID="26a6e290-480f-429e-ae28-4b06d86ff9c1" path="/var/lib/kubelet/pods/26a6e290-480f-429e-ae28-4b06d86ff9c1/volumes"
2025-01-30 04:06:16,828 INFO c.h.h.t.HelmChartContainer - [hivemq-test-hivemq-platform] [hivemq-platform-operator] [49896a8e] 04:06:16.823 [pool-6-thread-6] DEBUG c.h.p.o.d.PlatformServiceResource - [helmmoni] Desired Platform services (3 services)
2025-01-30 04:06:16,831 INFO c.h.h.t.HelmChartContainer - [hivemq-test-hivemq-platform] [hivemq-platform-operator] [49896a8e] 04:06:16.824 [pool-6-thread-1] DEBUG c.h.p.o.dependants.PodInfoConfigMap - [helmmoni] Desired PodInfo ConfigMap (1 extensions) (1 enabled)
2025-01-30 04:06:16,831 INFO c.h.h.t.HelmChartContainer - [hivemq-test-hivemq-platform] [hivemq-platform-operator] [49896a8e] 04:06:16.827 [pool-6-thread-1] DEBUG c.h.p.o.dependants.PodInfoConfigMap - [helmmoni] Desired PodInfo ConfigMap (metrics port: 9399) (metrics path: /)
2025-01-30 04:06:16,831 INFO c.h.h.t.HelmChartContainer - [hivemq-test-hivemq-platform] [hivemq-platform-operator] [49896a8e] 04:06:16.827 [pool-6-thread-1] DEBUG c.h.p.o.dependants.PodInfoConfigMap - [helmmoni] Desired PodInfo ConfigMap (extension state hash: -1817474005)
2025-01-30 04:06:16,831 INFO c.h.h.t.HelmChartContainer - [hivemq-test-hivemq-platform] [hivemq-platform-operator] [49896a8e] 04:06:16.825 [pool-6-thread-4] DEBUG c.h.p.o.d.PodServiceAccountResource - [helmmoni] Desired PodServiceAccountResource (serviceAccountName: hivemq-platform-pod-test-hivemq-platform)
2025-01-30 04:06:16,833 INFO c.h.h.t.HelmChartContainer - [hivemq-test-hivemq-platform] [hivemq-platform-operator] [49896a8e] 04:06:16.831 [pool-6-thread-6] DEBUG c.h.p.o.d.StatefulSetResource - [helmmoni] Desired StatefulSet (2 replicas) for status RUNNING (READY)
2025-01-30 04:06:16,836 INFO c.h.h.t.HelmChartContainer - [hivemq-test-hivemq-platform] [hivemq-platform-operator] [49896a8e] 04:06:16.836 [ReconcilerExecutor-hivemq-controller-125] INFO  c.h.p.o.HiveMQPlatformReconciler - [helmmoni] Reconciling HiveMQ Platform 'test-hivemq-platform' in namespace 'helmmonitoringplatformit'
2025-01-30 04:06:16,839 INFO c.h.h.t.HelmChartContainer - [hivemq-test-hivemq-platform] [hivemq-platform-operator] [49896a8e] 04:06:16.836 [ReconcilerExecutor-hivemq-controller-125] DEBUG c.h.p.o.HiveMQPlatformReconciler - [helmmoni] Custom Resource Status RUNNING - HiveMQ Platform is ready (READY)
2025-01-30 04:06:16,839 INFO c.h.h.t.HelmChartContainer - [hivemq-test-hivemq-platform] [hivemq-platform-operator] [49896a8e] 04:06:16.836 [ReconcilerExecutor-hivemq-controller-125] DEBUG c.h.p.o.HiveMQPlatformReconciler - [helmmoni] Custom Resource Spec (replicas: 2) (extensions: 1)
2025-01-30 04:06:16,839 INFO c.h.h.t.HelmChartContainer - [hivemq-test-hivemq-platform] [hivemq-platform-operator] [49896a8e] 04:06:16.837 [ReconcilerExecutor-hivemq-controller-125] DEBUG c.h.p.o.HiveMQPlatformReconciler - [helmmoni] StatefulSet Status (revision: test-hivemq-platform-64db946475, replicas: 2, available: 2, ready: 2, current: 2, updated: 2)
2025-01-30 04:06:16,839 INFO c.h.h.t.HelmChartContainer - [hivemq-test-hivemq-platform] [hivemq-platform-operator] [49896a8e] 04:06:16.837 [ReconcilerExecutor-hivemq-controller-125] DEBUG c.h.p.o.HiveMQPlatformReconciler - [helmmoni] StatefulSet Spec (replicas: 2, init containers: 1, containers: 1, volumes: 3)
2025-01-30 04:06:16,840 INFO c.h.h.t.HelmChartContainer - [hivemq-test-hivemq-platform] [hivemq-platform-operator] [49896a8e] 04:06:16.838 [ReconcilerExecutor-hivemq-controller-125] DEBUG c.h.p.o.h.HiveMQPlatformReconcilerErrorHandler - [helmmoni] Pod 'test-hivemq-platform-1' phase Running
2025-01-30 04:06:16,845 INFO c.h.h.t.HelmChartContainer - [hivemq-test-hivemq-platform] [hivemq-platform-operator] [49896a8e] 04:06:16.844 [ReconcilerExecutor-hivemq-controller-125] DEBUG c.h.p.o.h.HiveMQPlatformReconcilerErrorHandler - [helmmoni] Pod 'test-hivemq-platform-0' phase Running
2025-01-30 04:06:23,082 INFO c.h.h.t.HelmChartContainer - [K3S] [authentication.go:74] "Unable to authenticate the request" err="[invalid bearer token, serviceaccounts \"monitoring-stack-kube-state-metrics\" not found]"
2025-01-30 04:06:23,085 INFO c.h.h.t.HelmChartContainer - [EVENT] Warning [Unhealthy] Liveness probe failed: HTTP probe failed with statuscode: 503 [monitoring:monitoring-stack-kube-state-metrics-5bf5c7b54d-n2qrs]
2025-01-30 04:06:24,294 INFO c.h.h.t.HelmChartContainer - [POD] monitoring-stack-kube-prom-operator-6998896c-cnrwn [971e0cab-db43-404f-b9b5-790bd050137d] in monitoring was MODIFIED
2025-01-30 04:06:24,296 INFO c.h.h.t.HelmChartContainer - [K3S] [replica_set.go:679] "Finished syncing" kind="ReplicaSet" key="monitoring/monitoring-stack-kube-prom-operator-6998896c" duration="5.288083ms"
2025-01-30 04:06:24,297 INFO c.h.h.t.HelmChartContainer - [K3S] [replica_set.go:679] "Finished syncing" kind="ReplicaSet" key="monitoring/monitoring-stack-kube-prom-operator-6998896c" duration="43.29µs"
2025-01-30 04:06:24,299 INFO c.h.h.t.HelmChartContainer - [EVENT] Normal [Killing] Stopping container kube-prometheus-stack [monitoring:monitoring-stack-kube-prom-operator-6998896c-cnrwn]
2025-01-30 04:06:24,344 INFO c.h.h.t.HelmChartContainer - [POD] monitoring-stack-kube-state-metrics-5bf5c7b54d-n2qrs [e9ef6014-1bb9-4c36-bd24-02df2697e729] in monitoring was MODIFIED
2025-01-30 04:06:24,349 INFO c.h.h.t.HelmChartContainer - [EVENT] Normal [Killing] Stopping container kube-state-metrics [monitoring:monitoring-stack-kube-state-metrics-5bf5c7b54d-n2qrs]
2025-01-30 04:06:24,352 INFO c.h.h.t.HelmChartContainer - [K3S] [replica_set.go:679] "Finished syncing" kind="ReplicaSet" key="monitoring/monitoring-stack-kube-state-metrics-5bf5c7b54d" duration="10.108146ms"
2025-01-30 04:06:24,352 INFO c.h.h.t.HelmChartContainer - [K3S] [replica_set.go:679] "Finished syncing" kind="ReplicaSet" key="monitoring/monitoring-stack-kube-state-metrics-5bf5c7b54d" duration="35.776µs"
2025-01-30 04:06:24,422 INFO c.h.h.t.HelmChartContainer - [POD] monitoring-stack-grafana-64c55fb967-kjbqv [4e5b348e-e6b7-4813-bed7-7d4feeec974b] in monitoring was MODIFIED
2025-01-30 04:06:24,429 INFO c.h.h.t.HelmChartContainer - [K3S] [replica_set.go:679] "Finished syncing" kind="ReplicaSet" key="monitoring/monitoring-stack-grafana-64c55fb967" duration="9.970419ms"
2025-01-30 04:06:24,431 INFO c.h.h.t.HelmChartContainer - [K3S] [replica_set.go:679] "Finished syncing" kind="ReplicaSet" key="monitoring/monitoring-stack-kube-prom-operator-6998896c" duration="47.238µs"
2025-01-30 04:06:24,431 INFO c.h.h.t.HelmChartContainer - [EVENT] Normal [Killing] Stopping container grafana-sc-dashboard [monitoring:monitoring-stack-grafana-64c55fb967-kjbqv]
2025-01-30 04:06:24,432 INFO c.h.h.t.HelmChartContainer - [K3S] [replica_set.go:679] "Finished syncing" kind="ReplicaSet" key="monitoring/monitoring-stack-grafana-64c55fb967" duration="40.024µs"
2025-01-30 04:06:24,433 INFO c.h.h.t.HelmChartContainer - [POD] monitoring-stack-kube-prom-operator-6998896c-cnrwn [971e0cab-db43-404f-b9b5-790bd050137d] in monitoring was MODIFIED
2025-01-30 04:06:24,446 INFO c.h.h.t.HelmChartContainer - [EVENT] Normal [Killing] Stopping container grafana [monitoring:monitoring-stack-grafana-64c55fb967-kjbqv]
2025-01-30 04:06:24,453 INFO c.h.h.t.HelmChartContainer - [EVENT] Normal [Killing] Stopping container grafana-sc-datasources [monitoring:monitoring-stack-grafana-64c55fb967-kjbqv]
2025-01-30 04:06:24,536 INFO c.h.h.t.HelmChartContainer - [K3S] [reconciler_common.go:162] "operationExecutor.UnmountVolume started for volume \"tls-secret\" (UniqueName: \"kubernetes.io/secret/971e0cab-db43-404f-b9b5-790bd050137d-tls-secret\") pod \"971e0cab-db43-404f-b9b5-790bd050137d\" (UID: \"971e0cab-db43-404f-b9b5-790bd050137d\") "
2025-01-30 04:06:24,537 INFO c.h.h.t.HelmChartContainer - [K3S] [reconciler_common.go:162] "operationExecutor.UnmountVolume started for volume \"kube-api-access-m6k26\" (UniqueName: \"kubernetes.io/projected/971e0cab-db43-404f-b9b5-790bd050137d-kube-api-access-m6k26\") pod \"971e0cab-db43-404f-b9b5-790bd050137d\" (UID: \"971e0cab-db43-404f-b9b5-790bd050137d\") "
2025-01-30 04:06:24,555 INFO c.h.h.t.HelmChartContainer - [POD] monitoring-stack-kube-state-metrics-5bf5c7b54d-n2qrs [e9ef6014-1bb9-4c36-bd24-02df2697e729] in monitoring was MODIFIED
2025-01-30 04:06:24,557 INFO c.h.h.t.HelmChartContainer - [K3S] [replica_set.go:679] "Finished syncing" kind="ReplicaSet" key="monitoring/monitoring-stack-kube-state-metrics-5bf5c7b54d" duration="52.658µs"
2025-01-30 04:06:24,637 INFO c.h.h.t.HelmChartContainer - [K3S] [reconciler_common.go:162] "operationExecutor.UnmountVolume started for volume \"kube-api-access-bsrzg\" (UniqueName: \"kubernetes.io/projected/e9ef6014-1bb9-4c36-bd24-02df2697e729-kube-api-access-bsrzg\") pod \"e9ef6014-1bb9-4c36-bd24-02df2697e729\" (UID: \"e9ef6014-1bb9-4c36-bd24-02df2697e729\") "
2025-01-30 04:06:24,637 INFO c.h.h.t.HelmChartContainer - [K3S] [reconciler_common.go:299] "Volume detached for volume \"kube-api-access-m6k26\" (UniqueName: \"kubernetes.io/projected/971e0cab-db43-404f-b9b5-790bd050137d-kube-api-access-m6k26\") on node \"13757cc4392a\" DevicePath \"\""
2025-01-30 04:06:24,637 INFO c.h.h.t.HelmChartContainer - [K3S] [reconciler_common.go:299] "Volume detached for volume \"tls-secret\" (UniqueName: \"kubernetes.io/secret/971e0cab-db43-404f-b9b5-790bd050137d-tls-secret\") on node \"13757cc4392a\" DevicePath \"\""
2025-01-30 04:06:24,737 INFO c.h.h.t.HelmChartContainer - [K3S] [reconciler_common.go:299] "Volume detached for volume \"kube-api-access-bsrzg\" (UniqueName: \"kubernetes.io/projected/e9ef6014-1bb9-4c36-bd24-02df2697e729-kube-api-access-bsrzg\") on node \"13757cc4392a\" DevicePath \"\""
2025-01-30 04:06:24,770 INFO c.h.h.t.HelmChartContainer - [POD] monitoring-stack-grafana-64c55fb967-kjbqv [4e5b348e-e6b7-4813-bed7-7d4feeec974b] in monitoring was MODIFIED
2025-01-30 04:06:24,772 INFO c.h.h.t.HelmChartContainer - [K3S] [replica_set.go:679] "Finished syncing" kind="ReplicaSet" key="monitoring/monitoring-stack-grafana-64c55fb967" duration="71.142µs"
2025-01-30 04:06:24,773 INFO c.h.h.t.HelmChartContainer - [POD] alertmanager-monitoring-stack-kube-prom-alertmanager-0 [2a235a7b-2660-4ccd-889e-74b6550312ea] in monitoring was MODIFIED
2025-01-30 04:06:24,779 INFO c.h.h.t.HelmChartContainer - [EVENT] Normal [Killing] Stopping container alertmanager [monitoring:alertmanager-monitoring-stack-kube-prom-alertmanager-0]
2025-01-30 04:06:24,785 INFO c.h.h.t.HelmChartContainer - [EVENT] Normal [Killing] Stopping container config-reloader [monitoring:alertmanager-monitoring-stack-kube-prom-alertmanager-0]
2025-01-30 04:06:24,811 INFO c.h.h.t.HelmChartContainer - [K3S] [scope.go:117] "RemoveContainer" containerID="11ba103601bb8e91a62d542072fa4ac4e088151ee7637c2fdd8d5ad77fe3b084"
2025-01-30 04:06:24,820 INFO c.h.h.t.HelmChartContainer - [K3S] [scope.go:117] "RemoveContainer" containerID="11ba103601bb8e91a62d542072fa4ac4e088151ee7637c2fdd8d5ad77fe3b084"
2025-01-30 04:06:24,821 INFO c.h.h.t.HelmChartContainer - [K3S] [scope.go:117] "RemoveContainer" containerID="c673ae20602f67ca9e61a414a4e0f5d671db08015350eeaa6c26072293b49472"
2025-01-30 04:06:24,833 INFO c.h.h.t.HelmChartContainer - [K3S] [scope.go:117] "RemoveContainer" containerID="c673ae20602f67ca9e61a414a4e0f5d671db08015350eeaa6c26072293b49472"
2025-01-30 04:06:24,834 INFO c.h.h.t.HelmChartContainer - [K3S] [scope.go:117] "RemoveContainer" containerID="5b362db11b10030f7ea0d37ca2ee94a867279365dbcf1e71432addafc7ac213e"
2025-01-30 04:06:24,840 INFO c.h.h.t.HelmChartContainer - [POD] monitoring-stack-kube-state-metrics-5bf5c7b54d-n2qrs [e9ef6014-1bb9-4c36-bd24-02df2697e729] in monitoring was MODIFIED
2025-01-30 04:06:24,840 INFO c.h.h.t.HelmChartContainer - [K3S] [reconciler_common.go:162] "operationExecutor.UnmountVolume started for volume \"sc-dashboard-provider\" (UniqueName: \"kubernetes.io/configmap/4e5b348e-e6b7-4813-bed7-7d4feeec974b-sc-dashboard-provider\") pod \"4e5b348e-e6b7-4813-bed7-7d4feeec974b\" (UID: \"4e5b348e-e6b7-4813-bed7-7d4feeec974b\") "
2025-01-30 04:06:24,841 INFO c.h.h.t.HelmChartContainer - [K3S] [reconciler_common.go:162] "operationExecutor.UnmountVolume started for volume \"kube-api-access-8zjj2\" (UniqueName: \"kubernetes.io/projected/4e5b348e-e6b7-4813-bed7-7d4feeec974b-kube-api-access-8zjj2\") pod \"4e5b348e-e6b7-4813-bed7-7d4feeec974b\" (UID: \"4e5b348e-e6b7-4813-bed7-7d4feeec974b\") "
2025-01-30 04:06:24,844 INFO c.h.h.t.HelmChartContainer - [K3S] [reconciler_common.go:162] "operationExecutor.UnmountVolume started for volume \"config\" (UniqueName: \"kubernetes.io/configmap/4e5b348e-e6b7-4813-bed7-7d4feeec974b-config\") pod \"4e5b348e-e6b7-4813-bed7-7d4feeec974b\" (UID: \"4e5b348e-e6b7-4813-bed7-7d4feeec974b\") "
2025-01-30 04:06:24,848 INFO c.h.h.t.HelmChartContainer - [K3S] [reconciler_common.go:162] "operationExecutor.UnmountVolume started for volume \"storage\" (UniqueName: \"kubernetes.io/empty-dir/4e5b348e-e6b7-4813-bed7-7d4feeec974b-storage\") pod \"4e5b348e-e6b7-4813-bed7-7d4feeec974b\" (UID: \"4e5b348e-e6b7-4813-bed7-7d4feeec974b\") "
2025-01-30 04:06:24,848 INFO c.h.h.t.HelmChartContainer - [K3S] [reconciler_common.go:162] "operationExecutor.UnmountVolume started for volume \"sc-datasources-volume\" (UniqueName: \"kubernetes.io/empty-dir/4e5b348e-e6b7-4813-bed7-7d4feeec974b-sc-datasources-volume\") pod \"4e5b348e-e6b7-4813-bed7-7d4feeec974b\" (UID: \"4e5b348e-e6b7-4813-bed7-7d4feeec974b\") "
2025-01-30 04:06:24,848 INFO c.h.h.t.HelmChartContainer - [K3S] [reconciler_common.go:162] "operationExecutor.UnmountVolume started for volume \"sc-dashboard-volume\" (UniqueName: \"kubernetes.io/empty-dir/4e5b348e-e6b7-4813-bed7-7d4feeec974b-sc-dashboard-volume\") pod \"4e5b348e-e6b7-4813-bed7-7d4feeec974b\" (UID: \"4e5b348e-e6b7-4813-bed7-7d4feeec974b\") "
2025-01-30 04:06:24,848 INFO c.h.h.t.HelmChartContainer - [K3S] [replica_set.go:679] "Finished syncing" kind="ReplicaSet" key="monitoring/monitoring-stack-kube-state-metrics-5bf5c7b54d" duration="48.962µs"
2025-01-30 04:06:24,848 INFO c.h.h.t.HelmChartContainer - [K3S] [replica_set.go:679] "Finished syncing" kind="ReplicaSet" key="monitoring/monitoring-stack-kube-state-metrics-5bf5c7b54d" duration="31.538µs"
2025-01-30 04:06:24,850 INFO c.h.h.t.HelmChartContainer - [POD] monitoring-stack-kube-state-metrics-5bf5c7b54d-n2qrs [e9ef6014-1bb9-4c36-bd24-02df2697e729] in monitoring was DELETED
2025-01-30 04:06:24,851 INFO c.h.h.t.HelmChartContainer - [K3S] [scope.go:117] "RemoveContainer" containerID="110d0805023434dd44f4b0ed3f1f0c940cd662799528c6b3a0afcb79e9da62b7"
2025-01-30 04:06:24,856 INFO c.h.h.t.HelmChartContainer - [POD] prometheus-monitoring-stack-kube-prom-prometheus-0 [4112ca45-60fe-4cb2-8473-d792eaad25a1] in monitoring was MODIFIED
2025-01-30 04:06:24,863 INFO c.h.h.t.HelmChartContainer - [K3S] [scope.go:117] "RemoveContainer" containerID="34c918775f55a24871d625514e3906aa1dc3bdb2dd6b394d0daa63bd1b791cea"
2025-01-30 04:06:24,873 INFO c.h.h.t.HelmChartContainer - [EVENT] Normal [Killing] Stopping container prometheus [monitoring:prometheus-monitoring-stack-kube-prom-prometheus-0]
2025-01-30 04:06:24,887 INFO c.h.h.t.HelmChartContainer - [K3S] [replica_set.go:679] "Finished syncing" kind="ReplicaSet" key="monitoring/monitoring-stack-kube-prom-operator-6998896c" duration="68.558µs"
2025-01-30 04:06:24,893 INFO c.h.h.t.HelmChartContainer - [EVENT] Normal [Killing] Stopping container config-reloader [monitoring:prometheus-monitoring-stack-kube-prom-prometheus-0]
2025-01-30 04:06:24,893 INFO c.h.h.t.HelmChartContainer - [POD] monitoring-stack-kube-prom-operator-6998896c-cnrwn [971e0cab-db43-404f-b9b5-790bd050137d] in monitoring was MODIFIED
2025-01-30 04:06:24,906 INFO c.h.h.t.HelmChartContainer - [K3S] [scope.go:117] "RemoveContainer" containerID="5b362db11b10030f7ea0d37ca2ee94a867279365dbcf1e71432addafc7ac213e"
2025-01-30 04:06:24,907 INFO c.h.h.t.HelmChartContainer - [K3S] [replica_set.go:679] "Finished syncing" kind="ReplicaSet" key="monitoring/monitoring-stack-kube-prom-operator-6998896c" duration="44.583µs"
2025-01-30 04:06:24,912 INFO c.h.h.t.HelmChartContainer - [K3S] [scope.go:117] "RemoveContainer" containerID="110d0805023434dd44f4b0ed3f1f0c940cd662799528c6b3a0afcb79e9da62b7"
2025-01-30 04:06:24,913 INFO c.h.h.t.HelmChartContainer - [K3S] [scope.go:117] "RemoveContainer" containerID="34c918775f55a24871d625514e3906aa1dc3bdb2dd6b394d0daa63bd1b791cea"
2025-01-30 04:06:24,913 INFO c.h.h.t.HelmChartContainer - [K3S] [scope.go:117] "RemoveContainer" containerID="5b362db11b10030f7ea0d37ca2ee94a867279365dbcf1e71432addafc7ac213e"
2025-01-30 04:06:24,913 INFO c.h.h.t.HelmChartContainer - [K3S] [scope.go:117] "RemoveContainer" containerID="110d0805023434dd44f4b0ed3f1f0c940cd662799528c6b3a0afcb79e9da62b7"
2025-01-30 04:06:24,913 INFO c.h.h.t.HelmChartContainer - [K3S] [scope.go:117] "RemoveContainer" containerID="34c918775f55a24871d625514e3906aa1dc3bdb2dd6b394d0daa63bd1b791cea"
2025-01-30 04:06:24,913 INFO c.h.h.t.HelmChartContainer - [K3S] [scope.go:117] "RemoveContainer" containerID="5b362db11b10030f7ea0d37ca2ee94a867279365dbcf1e71432addafc7ac213e"
2025-01-30 04:06:24,913 INFO c.h.h.t.HelmChartContainer - [K3S] [scope.go:117] "RemoveContainer" containerID="110d0805023434dd44f4b0ed3f1f0c940cd662799528c6b3a0afcb79e9da62b7"
2025-01-30 04:06:24,917 INFO c.h.h.t.HelmChartContainer - [K3S] [scope.go:117] "RemoveContainer" containerID="34c918775f55a24871d625514e3906aa1dc3bdb2dd6b394d0daa63bd1b791cea"
2025-01-30 04:06:24,918 INFO c.h.h.t.HelmChartContainer - [POD] monitoring-stack-kube-prom-operator-6998896c-cnrwn [971e0cab-db43-404f-b9b5-790bd050137d] in monitoring was DELETED
2025-01-30 04:06:24,939 INFO c.h.h.t.HelmChartContainer - [K3S] [reconciler_common.go:299] "Volume detached for volume \"sc-dashboard-volume\" (UniqueName: \"kubernetes.io/empty-dir/4e5b348e-e6b7-4813-bed7-7d4feeec974b-sc-dashboard-volume\") on node \"13757cc4392a\" DevicePath \"\""
2025-01-30 04:06:24,941 INFO c.h.h.t.HelmChartContainer - [K3S] [reconciler_common.go:299] "Volume detached for volume \"sc-dashboard-provider\" (UniqueName: \"kubernetes.io/configmap/4e5b348e-e6b7-4813-bed7-7d4feeec974b-sc-dashboard-provider\") on node \"13757cc4392a\" DevicePath \"\""
2025-01-30 04:06:24,941 INFO c.h.h.t.HelmChartContainer - [K3S] [reconciler_common.go:299] "Volume detached for volume \"kube-api-access-8zjj2\" (UniqueName: \"kubernetes.io/projected/4e5b348e-e6b7-4813-bed7-7d4feeec974b-kube-api-access-8zjj2\") on node \"13757cc4392a\" DevicePath \"\""
2025-01-30 04:06:24,941 INFO c.h.h.t.HelmChartContainer - [K3S] [reconciler_common.go:299] "Volume detached for volume \"config\" (UniqueName: \"kubernetes.io/configmap/4e5b348e-e6b7-4813-bed7-7d4feeec974b-config\") on node \"13757cc4392a\" DevicePath \"\""
2025-01-30 04:06:24,941 INFO c.h.h.t.HelmChartContainer - [K3S] [reconciler_common.go:299] "Volume detached for volume \"storage\" (UniqueName: \"kubernetes.io/empty-dir/4e5b348e-e6b7-4813-bed7-7d4feeec974b-storage\") on node \"13757cc4392a\" DevicePath \"\""
2025-01-30 04:06:24,941 INFO c.h.h.t.HelmChartContainer - [K3S] [reconciler_common.go:299] "Volume detached for volume \"sc-datasources-volume\" (UniqueName: \"kubernetes.io/empty-dir/4e5b348e-e6b7-4813-bed7-7d4feeec974b-sc-datasources-volume\") on node \"13757cc4392a\" DevicePath \"\""
2025-01-30 04:06:25,019 INFO c.h.h.t.HelmChartContainer - [POD] alertmanager-monitoring-stack-kube-prom-alertmanager-0 [2a235a7b-2660-4ccd-889e-74b6550312ea] in monitoring was MODIFIED
2025-01-30 04:06:25,089 INFO c.h.h.t.HelmChartContainer - [POD] prometheus-monitoring-stack-kube-prom-prometheus-0 [4112ca45-60fe-4cb2-8473-d792eaad25a1] in monitoring was MODIFIED
2025-01-30 04:06:25,098 INFO c.h.h.t.HelmChartContainer - [K3S] [kubelet_volumes.go:163] "Cleaned up orphaned pod volumes dir" podUID="971e0cab-db43-404f-b9b5-790bd050137d" path="/var/lib/kubelet/pods/971e0cab-db43-404f-b9b5-790bd050137d/volumes"
2025-01-30 04:06:25,100 INFO c.h.h.t.HelmChartContainer - [K3S] [kubelet_volumes.go:163] "Cleaned up orphaned pod volumes dir" podUID="e9ef6014-1bb9-4c36-bd24-02df2697e729" path="/var/lib/kubelet/pods/e9ef6014-1bb9-4c36-bd24-02df2697e729/volumes"
2025-01-30 04:06:25,139 INFO c.h.h.t.HelmChartContainer - [K3S] [replica_set.go:679] "Finished syncing" kind="ReplicaSet" key="monitoring/monitoring-stack-grafana-64c55fb967" duration="63.427µs"
2025-01-30 04:06:25,140 INFO c.h.h.t.HelmChartContainer - [POD] monitoring-stack-grafana-64c55fb967-kjbqv [4e5b348e-e6b7-4813-bed7-7d4feeec974b] in monitoring was MODIFIED
2025-01-30 04:06:25,141 INFO c.h.h.t.HelmChartContainer - [K3S] [reconciler_common.go:162] "operationExecutor.UnmountVolume started for volume \"kube-api-access-rkfrk\" (UniqueName: \"kubernetes.io/projected/2a235a7b-2660-4ccd-889e-74b6550312ea-kube-api-access-rkfrk\") pod \"2a235a7b-2660-4ccd-889e-74b6550312ea\" (UID: \"2a235a7b-2660-4ccd-889e-74b6550312ea\") "
2025-01-30 04:06:25,142 INFO c.h.h.t.HelmChartContainer - [K3S] [reconciler_common.go:162] "operationExecutor.UnmountVolume started for volume \"alertmanager-monitoring-stack-kube-prom-alertmanager-db\" (UniqueName: \"kubernetes.io/empty-dir/2a235a7b-2660-4ccd-889e-74b6550312ea-alertmanager-monitoring-stack-kube-prom-alertmanager-db\") pod \"2a235a7b-2660-4ccd-889e-74b6550312ea\" (UID: \"2a235a7b-2660-4ccd-889e-74b6550312ea\") "
2025-01-30 04:06:25,142 INFO c.h.h.t.HelmChartContainer - [K3S] [reconciler_common.go:162] "operationExecutor.UnmountVolume started for volume \"web-config\" (UniqueName: \"kubernetes.io/secret/2a235a7b-2660-4ccd-889e-74b6550312ea-web-config\") pod \"2a235a7b-2660-4ccd-889e-74b6550312ea\" (UID: \"2a235a7b-2660-4ccd-889e-74b6550312ea\") "
2025-01-30 04:06:25,142 INFO c.h.h.t.HelmChartContainer - [K3S] [reconciler_common.go:162] "operationExecutor.UnmountVolume started for volume \"config-volume\" (UniqueName: \"kubernetes.io/secret/2a235a7b-2660-4ccd-889e-74b6550312ea-config-volume\") pod \"2a235a7b-2660-4ccd-889e-74b6550312ea\" (UID: \"2a235a7b-2660-4ccd-889e-74b6550312ea\") "
2025-01-30 04:06:25,142 INFO c.h.h.t.HelmChartContainer - [K3S] [reconciler_common.go:162] "operationExecutor.UnmountVolume started for volume \"config-out\" (UniqueName: \"kubernetes.io/empty-dir/2a235a7b-2660-4ccd-889e-74b6550312ea-config-out\") pod \"2a235a7b-2660-4ccd-889e-74b6550312ea\" (UID: \"2a235a7b-2660-4ccd-889e-74b6550312ea\") "
2025-01-30 04:06:25,142 INFO c.h.h.t.HelmChartContainer - [K3S] [reconciler_common.go:162] "operationExecutor.UnmountVolume started for volume \"tls-assets\" (UniqueName: \"kubernetes.io/projected/2a235a7b-2660-4ccd-889e-74b6550312ea-tls-assets\") pod \"2a235a7b-2660-4ccd-889e-74b6550312ea\" (UID: \"2a235a7b-2660-4ccd-889e-74b6550312ea\") "
2025-01-30 04:06:25,147 INFO c.h.h.t.HelmChartContainer - [K3S] [replica_set.go:679] "Finished syncing" kind="ReplicaSet" key="monitoring/monitoring-stack-grafana-64c55fb967" duration="59.35µs"
2025-01-30 04:06:25,149 INFO c.h.h.t.HelmChartContainer - [POD] monitoring-stack-grafana-64c55fb967-kjbqv [4e5b348e-e6b7-4813-bed7-7d4feeec974b] in monitoring was DELETED
2025-01-30 04:06:25,242 INFO c.h.h.t.HelmChartContainer - [K3S] [reconciler_common.go:162] "operationExecutor.UnmountVolume started for volume \"web-config\" (UniqueName: \"kubernetes.io/secret/4112ca45-60fe-4cb2-8473-d792eaad25a1-web-config\") pod \"4112ca45-60fe-4cb2-8473-d792eaad25a1\" (UID: \"4112ca45-60fe-4cb2-8473-d792eaad25a1\") "
2025-01-30 04:06:25,242 INFO c.h.h.t.HelmChartContainer - [K3S] [reconciler_common.go:162] "operationExecutor.UnmountVolume started for volume \"config\" (UniqueName: \"kubernetes.io/secret/4112ca45-60fe-4cb2-8473-d792eaad25a1-config\") pod \"4112ca45-60fe-4cb2-8473-d792eaad25a1\" (UID: \"4112ca45-60fe-4cb2-8473-d792eaad25a1\") "
2025-01-30 04:06:25,242 INFO c.h.h.t.HelmChartContainer - [K3S] [reconciler_common.go:162] "operationExecutor.UnmountVolume started for volume \"tls-assets\" (UniqueName: \"kubernetes.io/projected/4112ca45-60fe-4cb2-8473-d792eaad25a1-tls-assets\") pod \"4112ca45-60fe-4cb2-8473-d792eaad25a1\" (UID: \"4112ca45-60fe-4cb2-8473-d792eaad25a1\") "
2025-01-30 04:06:25,242 INFO c.h.h.t.HelmChartContainer - [K3S] [reconciler_common.go:162] "operationExecutor.UnmountVolume started for volume \"kube-api-access-nt5xr\" (UniqueName: \"kubernetes.io/projected/4112ca45-60fe-4cb2-8473-d792eaad25a1-kube-api-access-nt5xr\") pod \"4112ca45-60fe-4cb2-8473-d792eaad25a1\" (UID: \"4112ca45-60fe-4cb2-8473-d792eaad25a1\") "
2025-01-30 04:06:25,242 INFO c.h.h.t.HelmChartContainer - [K3S] [reconciler_common.go:162] "operationExecutor.UnmountVolume started for volume \"prometheus-monitoring-stack-kube-prom-prometheus-db\" (UniqueName: \"kubernetes.io/empty-dir/4112ca45-60fe-4cb2-8473-d792eaad25a1-prometheus-monitoring-stack-kube-prom-prometheus-db\") pod \"4112ca45-60fe-4cb2-8473-d792eaad25a1\" (UID: \"4112ca45-60fe-4cb2-8473-d792eaad25a1\") "
2025-01-30 04:06:25,242 INFO c.h.h.t.HelmChartContainer - [K3S] [reconciler_common.go:162] "operationExecutor.UnmountVolume started for volume \"config-out\" (UniqueName: \"kubernetes.io/empty-dir/4112ca45-60fe-4cb2-8473-d792eaad25a1-config-out\") pod \"4112ca45-60fe-4cb2-8473-d792eaad25a1\" (UID: \"4112ca45-60fe-4cb2-8473-d792eaad25a1\") "
2025-01-30 04:06:25,242 INFO c.h.h.t.HelmChartContainer - [K3S] [reconciler_common.go:162] "operationExecutor.UnmountVolume started for volume \"prometheus-monitoring-stack-kube-prom-prometheus-rulefiles-0\" (UniqueName: \"kubernetes.io/configmap/4112ca45-60fe-4cb2-8473-d792eaad25a1-prometheus-monitoring-stack-kube-prom-prometheus-rulefiles-0\") pod \"4112ca45-60fe-4cb2-8473-d792eaad25a1\" (UID: \"4112ca45-60fe-4cb2-8473-d792eaad25a1\") "
2025-01-30 04:06:25,242 INFO c.h.h.t.HelmChartContainer - [K3S] [reconciler_common.go:299] "Volume detached for volume \"tls-assets\" (UniqueName: \"kubernetes.io/projected/2a235a7b-2660-4ccd-889e-74b6550312ea-tls-assets\") on node \"13757cc4392a\" DevicePath \"\""
2025-01-30 04:06:25,242 INFO c.h.h.t.HelmChartContainer - [K3S] [reconciler_common.go:299] "Volume detached for volume \"kube-api-access-rkfrk\" (UniqueName: \"kubernetes.io/projected/2a235a7b-2660-4ccd-889e-74b6550312ea-kube-api-access-rkfrk\") on node \"13757cc4392a\" DevicePath \"\""
2025-01-30 04:06:25,242 INFO c.h.h.t.HelmChartContainer - [K3S] [reconciler_common.go:299] "Volume detached for volume \"alertmanager-monitoring-stack-kube-prom-alertmanager-db\" (UniqueName: \"kubernetes.io/empty-dir/2a235a7b-2660-4ccd-889e-74b6550312ea-alertmanager-monitoring-stack-kube-prom-alertmanager-db\") on node \"13757cc4392a\" DevicePath \"\""
2025-01-30 04:06:25,242 INFO c.h.h.t.HelmChartContainer - [K3S] [reconciler_common.go:299] "Volume detached for volume \"web-config\" (UniqueName: \"kubernetes.io/secret/2a235a7b-2660-4ccd-889e-74b6550312ea-web-config\") on node \"13757cc4392a\" DevicePath \"\""
2025-01-30 04:06:25,242 INFO c.h.h.t.HelmChartContainer - [K3S] [reconciler_common.go:299] "Volume detached for volume \"config-volume\" (UniqueName: \"kubernetes.io/secret/2a235a7b-2660-4ccd-889e-74b6550312ea-config-volume\") on node \"13757cc4392a\" DevicePath \"\""
2025-01-30 04:06:25,242 INFO c.h.h.t.HelmChartContainer - [K3S] [reconciler_common.go:299] "Volume detached for volume \"config-out\" (UniqueName: \"kubernetes.io/empty-dir/2a235a7b-2660-4ccd-889e-74b6550312ea-config-out\") on node \"13757cc4392a\" DevicePath \"\""
2025-01-30 04:06:25,341 INFO c.h.h.t.HelmChartContainer - [K3S] [reconciler_common.go:299] "Volume detached for volume \"tls-assets\" (UniqueName: \"kubernetes.io/projected/4112ca45-60fe-4cb2-8473-d792eaad25a1-tls-assets\") on node \"13757cc4392a\" DevicePath \"\""
2025-01-30 04:06:25,341 INFO c.h.h.t.HelmChartContainer - [K3S] [reconciler_common.go:299] "Volume detached for volume \"kube-api-access-nt5xr\" (UniqueName: \"kubernetes.io/projected/4112ca45-60fe-4cb2-8473-d792eaad25a1-kube-api-access-nt5xr\") on node \"13757cc4392a\" DevicePath \"\""
2025-01-30 04:06:25,341 INFO c.h.h.t.HelmChartContainer - [K3S] [reconciler_common.go:299] "Volume detached for volume \"prometheus-monitoring-stack-kube-prom-prometheus-db\" (UniqueName: \"kubernetes.io/empty-dir/4112ca45-60fe-4cb2-8473-d792eaad25a1-prometheus-monitoring-stack-kube-prom-prometheus-db\") on node \"13757cc4392a\" DevicePath \"\""
2025-01-30 04:06:25,341 INFO c.h.h.t.HelmChartContainer - [K3S] [reconciler_common.go:299] "Volume detached for volume \"config-out\" (UniqueName: \"kubernetes.io/empty-dir/4112ca45-60fe-4cb2-8473-d792eaad25a1-config-out\") on node \"13757cc4392a\" DevicePath \"\""
2025-01-30 04:06:25,341 INFO c.h.h.t.HelmChartContainer - [K3S] [reconciler_common.go:299] "Volume detached for volume \"prometheus-monitoring-stack-kube-prom-prometheus-rulefiles-0\" (UniqueName: \"kubernetes.io/configmap/4112ca45-60fe-4cb2-8473-d792eaad25a1-prometheus-monitoring-stack-kube-prom-prometheus-rulefiles-0\") on node \"13757cc4392a\" DevicePath \"\""
2025-01-30 04:06:25,341 INFO c.h.h.t.HelmChartContainer - [K3S] [reconciler_common.go:299] "Volume detached for volume \"web-config\" (UniqueName: \"kubernetes.io/secret/4112ca45-60fe-4cb2-8473-d792eaad25a1-web-config\") on node \"13757cc4392a\" DevicePath \"\""
2025-01-30 04:06:25,341 INFO c.h.h.t.HelmChartContainer - [K3S] [reconciler_common.go:299] "Volume detached for volume \"config\" (UniqueName: \"kubernetes.io/secret/4112ca45-60fe-4cb2-8473-d792eaad25a1-config\") on node \"13757cc4392a\" DevicePath \"\""
2025-01-30 04:06:25,616 INFO c.h.h.t.HelmChartContainer - [K3S] [replica_set.go:679] "Finished syncing" kind="ReplicaSet" key="monitoring/monitoring-stack-kube-state-metrics-5bf5c7b54d" duration="6.612µs"
2025-01-30 04:06:25,682 INFO c.h.h.t.HelmChartContainer - [K3S] [replica_set.go:679] "Finished syncing" kind="ReplicaSet" key="monitoring/monitoring-stack-kube-prom-operator-6998896c" duration="6.222µs"
2025-01-30 04:06:25,819 INFO c.h.h.t.HelmChartContainer - [K3S] [replica_set.go:679] "Finished syncing" kind="ReplicaSet" key="monitoring/monitoring-stack-grafana-64c55fb967" duration="6.372µs"
2025-01-30 04:06:25,830 INFO c.h.h.t.HelmChartContainer - [K3S] [scope.go:117] "RemoveContainer" containerID="7cfd1cc56c7f124d019337245ee10ba9b88467de2ce28b37653274238ed65b5a"
2025-01-30 04:06:25,836 INFO c.h.h.t.HelmChartContainer - [K3S] [scope.go:117] "RemoveContainer" containerID="e0aea7f56cc221b465e424583dd3abf8a74c4a8885ee728a39544642698d5be1"
2025-01-30 04:06:25,839 INFO c.h.h.t.HelmChartContainer - [K3S] [scope.go:117] "RemoveContainer" containerID="f3b81536838ca3b0409d78b912d6b2ac92c295ec2afd0d3a87b7e7b5ad21a476"
2025-01-30 04:06:25,843 INFO c.h.h.t.HelmChartContainer - [K3S] [scope.go:117] "RemoveContainer" containerID="7cfd1cc56c7f124d019337245ee10ba9b88467de2ce28b37653274238ed65b5a"
2025-01-30 04:06:25,843 INFO c.h.h.t.HelmChartContainer - [K3S] [scope.go:117] "RemoveContainer" containerID="e0aea7f56cc221b465e424583dd3abf8a74c4a8885ee728a39544642698d5be1"
2025-01-30 04:06:25,844 INFO c.h.h.t.HelmChartContainer - [K3S] [scope.go:117] "RemoveContainer" containerID="f3b81536838ca3b0409d78b912d6b2ac92c295ec2afd0d3a87b7e7b5ad21a476"
2025-01-30 04:06:25,844 INFO c.h.h.t.HelmChartContainer - [K3S] [scope.go:117] "RemoveContainer" containerID="7cfd1cc56c7f124d019337245ee10ba9b88467de2ce28b37653274238ed65b5a"
2025-01-30 04:06:25,845 INFO c.h.h.t.HelmChartContainer - [K3S] [scope.go:117] "RemoveContainer" containerID="e0aea7f56cc221b465e424583dd3abf8a74c4a8885ee728a39544642698d5be1"
2025-01-30 04:06:25,845 INFO c.h.h.t.HelmChartContainer - [K3S] [scope.go:117] "RemoveContainer" containerID="f3b81536838ca3b0409d78b912d6b2ac92c295ec2afd0d3a87b7e7b5ad21a476"
2025-01-30 04:06:25,846 INFO c.h.h.t.HelmChartContainer - [K3S] [scope.go:117] "RemoveContainer" containerID="ac00ce7b39f904445d3cea07227434ef3b93a6a2c854649a02b152495649674e"
2025-01-30 04:06:25,849 INFO c.h.h.t.HelmChartContainer - [POD] alertmanager-monitoring-stack-kube-prom-alertmanager-0 [2a235a7b-2660-4ccd-889e-74b6550312ea] in monitoring was MODIFIED
2025-01-30 04:06:25,851 INFO c.h.h.t.HelmChartContainer - [K3S] [scope.go:117] "RemoveContainer" containerID="ee621584ab42e10182fe4bb3300cfb171edd640ffd97edf7f462a6a5a0f0b440"
2025-01-30 04:06:25,860 INFO c.h.h.t.HelmChartContainer - [K3S] [scope.go:117] "RemoveContainer" containerID="c84a10e87dc850f8eb06813cadb10c09ffc3f40dba24d23ace3f4d5e47f3d9d1"
2025-01-30 04:06:25,861 INFO c.h.h.t.HelmChartContainer - [POD] alertmanager-monitoring-stack-kube-prom-alertmanager-0 [2a235a7b-2660-4ccd-889e-74b6550312ea] in monitoring was DELETED
2025-01-30 04:06:25,866 INFO c.h.h.t.HelmChartContainer - [K3S] [scope.go:117] "RemoveContainer" containerID="ac00ce7b39f904445d3cea07227434ef3b93a6a2c854649a02b152495649674e"
2025-01-30 04:06:25,866 INFO c.h.h.t.HelmChartContainer - [K3S] [scope.go:117] "RemoveContainer" containerID="ee621584ab42e10182fe4bb3300cfb171edd640ffd97edf7f462a6a5a0f0b440"
2025-01-30 04:06:25,866 INFO c.h.h.t.HelmChartContainer - [K3S] [scope.go:117] "RemoveContainer" containerID="c84a10e87dc850f8eb06813cadb10c09ffc3f40dba24d23ace3f4d5e47f3d9d1"
2025-01-30 04:06:25,869 INFO c.h.h.t.HelmChartContainer - [K3S] [scope.go:117] "RemoveContainer" containerID="ac00ce7b39f904445d3cea07227434ef3b93a6a2c854649a02b152495649674e"
2025-01-30 04:06:25,869 INFO c.h.h.t.HelmChartContainer - [K3S] [scope.go:117] "RemoveContainer" containerID="ee621584ab42e10182fe4bb3300cfb171edd640ffd97edf7f462a6a5a0f0b440"
2025-01-30 04:06:25,870 INFO c.h.h.t.HelmChartContainer - [K3S] [scope.go:117] "RemoveContainer" containerID="c84a10e87dc850f8eb06813cadb10c09ffc3f40dba24d23ace3f4d5e47f3d9d1"
2025-01-30 04:06:25,876 INFO c.h.h.t.HelmChartContainer - [POD] prometheus-monitoring-stack-kube-prom-prometheus-0 [4112ca45-60fe-4cb2-8473-d792eaad25a1] in monitoring was MODIFIED
2025-01-30 04:06:25,878 INFO c.h.h.t.HelmChartContainer - [POD] prometheus-monitoring-stack-kube-prom-prometheus-0 [4112ca45-60fe-4cb2-8473-d792eaad25a1] in monitoring was DELETED
2025-01-30 04:06:26,169 INFO c.h.h.t.HelmChartContainer - [K3S] [stateful_set.go:466] "StatefulSet has been deleted" key="monitoring/alertmanager-monitoring-stack-kube-prom-alertmanager"
2025-01-30 04:06:26,493 INFO c.h.h.t.HelmChartContainer - [K3S] [stateful_set.go:466] "StatefulSet has been deleted" key="monitoring/prometheus-monitoring-stack-kube-prom-prometheus"
2025-01-30 04:06:26,851 INFO c.h.h.t.HelmChartContainer - [hivemq-test-hivemq-platform] [hivemq-platform-operator] [49896a8e] 04:06:26.848 [pool-6-thread-15] DEBUG c.h.p.o.d.PlatformServiceResource - [helmmoni] Desired Platform services (3 services)
2025-01-30 04:06:26,851 INFO c.h.h.t.HelmChartContainer - [hivemq-test-hivemq-platform] [hivemq-platform-operator] [49896a8e] 04:06:26.848 [pool-6-thread-17] DEBUG c.h.p.o.dependants.PodInfoConfigMap - [helmmoni] Desired PodInfo ConfigMap (1 extensions) (1 enabled)
2025-01-30 04:06:26,851 INFO c.h.h.t.HelmChartContainer - [hivemq-test-hivemq-platform] [hivemq-platform-operator] [49896a8e] 04:06:26.848 [pool-6-thread-17] DEBUG c.h.p.o.dependants.PodInfoConfigMap - [helmmoni] Desired PodInfo ConfigMap (metrics port: 9399) (metrics path: /)
2025-01-30 04:06:26,851 INFO c.h.h.t.HelmChartContainer - [hivemq-test-hivemq-platform] [hivemq-platform-operator] [49896a8e] 04:06:26.848 [pool-6-thread-17] DEBUG c.h.p.o.dependants.PodInfoConfigMap - [helmmoni] Desired PodInfo ConfigMap (extension state hash: -1817474005)
2025-01-30 04:06:26,851 INFO c.h.h.t.HelmChartContainer - [hivemq-test-hivemq-platform] [hivemq-platform-operator] [49896a8e] 04:06:26.849 [pool-6-thread-13] DEBUG c.h.p.o.d.PodServiceAccountResource - [helmmoni] Desired PodServiceAccountResource (serviceAccountName: hivemq-platform-pod-test-hivemq-platform)
2025-01-30 04:06:26,854 INFO c.h.h.t.HelmChartContainer - [hivemq-test-hivemq-platform] [hivemq-platform-operator] [49896a8e] 04:06:26.853 [pool-6-thread-15] DEBUG c.h.p.o.d.StatefulSetResource - [helmmoni] Desired StatefulSet (2 replicas) for status RUNNING (READY)
2025-01-30 04:06:26,858 INFO c.h.h.t.HelmChartContainer - [hivemq-test-hivemq-platform] [hivemq-platform-operator] [49896a8e] 04:06:26.856 [ReconcilerExecutor-hivemq-controller-126] INFO  c.h.p.o.HiveMQPlatformReconciler - [helmmoni] Reconciling HiveMQ Platform 'test-hivemq-platform' in namespace 'helmmonitoringplatformit'
2025-01-30 04:06:26,858 INFO c.h.h.t.HelmChartContainer - [hivemq-test-hivemq-platform] [hivemq-platform-operator] [49896a8e] 04:06:26.856 [ReconcilerExecutor-hivemq-controller-126] DEBUG c.h.p.o.HiveMQPlatformReconciler - [helmmoni] Custom Resource Status RUNNING - HiveMQ Platform is ready (READY)
2025-01-30 04:06:26,858 INFO c.h.h.t.HelmChartContainer - [hivemq-test-hivemq-platform] [hivemq-platform-operator] [49896a8e] 04:06:26.856 [ReconcilerExecutor-hivemq-controller-126] DEBUG c.h.p.o.HiveMQPlatformReconciler - [helmmoni] Custom Resource Spec (replicas: 2) (extensions: 1)
2025-01-30 04:06:26,858 INFO c.h.h.t.HelmChartContainer - [hivemq-test-hivemq-platform] [hivemq-platform-operator] [49896a8e] 04:06:26.858 [ReconcilerExecutor-hivemq-controller-126] DEBUG c.h.p.o.HiveMQPlatformReconciler - [helmmoni] StatefulSet Status (revision: test-hivemq-platform-64db946475, replicas: 2, available: 2, ready: 2, current: 2, updated: 2)
2025-01-30 04:06:26,859 INFO c.h.h.t.HelmChartContainer - [hivemq-test-hivemq-platform] [hivemq-platform-operator] [49896a8e] 04:06:26.858 [ReconcilerExecutor-hivemq-controller-126] DEBUG c.h.p.o.HiveMQPlatformReconciler - [helmmoni] StatefulSet Spec (replicas: 2, init containers: 1, containers: 1, volumes: 3)
2025-01-30 04:06:26,861 INFO c.h.h.t.HelmChartContainer - [hivemq-test-hivemq-platform] [hivemq-platform-operator] [49896a8e] 04:06:26.860 [ReconcilerExecutor-hivemq-controller-126] DEBUG c.h.p.o.h.HiveMQPlatformReconcilerErrorHandler - [helmmoni] Pod 'test-hivemq-platform-1' phase Running
2025-01-30 04:06:26,862 INFO c.h.h.t.HelmChartContainer - [hivemq-test-hivemq-platform] [hivemq-platform-operator] [49896a8e] 04:06:26.861 [ReconcilerExecutor-hivemq-controller-126] DEBUG c.h.p.o.h.HiveMQPlatformReconcilerErrorHandler - [helmmoni] Pod 'test-hivemq-platform-0' phase Running
2025-01-30 04:06:27,093 INFO c.h.h.t.HelmChartContainer - [K3S] [kubelet_volumes.go:163] "Cleaned up orphaned pod volumes dir" podUID="2a235a7b-2660-4ccd-889e-74b6550312ea" path="/var/lib/kubelet/pods/2a235a7b-2660-4ccd-889e-74b6550312ea/volumes"
2025-01-30 04:06:27,093 INFO c.h.h.t.HelmChartContainer - [K3S] [kubelet_volumes.go:163] "Cleaned up orphaned pod volumes dir" podUID="4112ca45-60fe-4cb2-8473-d792eaad25a1" path="/var/lib/kubelet/pods/4112ca45-60fe-4cb2-8473-d792eaad25a1/volumes"
2025-01-30 04:06:27,094 INFO c.h.h.t.HelmChartContainer - [K3S] [kubelet_volumes.go:163] "Cleaned up orphaned pod volumes dir" podUID="4e5b348e-e6b7-4813-bed7-7d4feeec974b" path="/var/lib/kubelet/pods/4e5b348e-e6b7-4813-bed7-7d4feeec974b/volumes"
2025-01-30 04:06:28,019 INFO c.h.h.t.HelmChartContainer - Deleting namespace 'monitoring'...
2025-01-30 04:06:33,439 INFO c.h.h.t.HelmChartContainer - Namespace 'monitoring' deleted
2025-01-30 04:06:33,439 INFO c.h.h.t.HelmChartContainer - Release 'monitoring-stack' in namespace 'monitoring' is uninstalled
2025-01-30 04:06:33,439 INFO c.h.h.t.HelmChartContainer - Uninstalling release 'test-hivemq-platform' in namespace 'helmmonitoringplatformit'...
2025-01-30 04:06:33,439 DEBUG c.h.h.t.HelmChartContainer - Executing helm command: /bin/helm --kubeconfig /etc/rancher/k3s/k3s.yaml uninstall test-hivemq-platform  --wait --timeout 5m0s --cascade foreground --namespace helmmonitoringplatformit
2025-01-30 04:06:33,700 INFO c.h.h.t.HelmChartContainer - [hivemq-test-hivemq-platform] [hivemq-platform-operator] [49896a8e] 04:06:33.696 [pool-6-thread-25] DEBUG c.h.p.o.d.PodServiceAccountResource - [helmmoni] Desired PodServiceAccountResource (serviceAccountName: hivemq-platform-pod-test-hivemq-platform)
2025-01-30 04:06:33,700 INFO c.h.h.t.HelmChartContainer - [hivemq-test-hivemq-platform] [hivemq-platform-operator] [49896a8e] 04:06:33.696 [pool-6-thread-24] DEBUG c.h.p.o.dependants.PodInfoConfigMap - [helmmoni] Desired PodInfo ConfigMap (1 extensions) (1 enabled)
2025-01-30 04:06:33,700 INFO c.h.h.t.HelmChartContainer - [hivemq-test-hivemq-platform] [hivemq-platform-operator] [49896a8e] 04:06:33.695 [pool-6-thread-21] DEBUG c.h.p.o.d.PlatformServiceResource - [helmmoni] Desired Platform services (3 services)
2025-01-30 04:06:33,700 INFO c.h.h.t.HelmChartContainer - [hivemq-test-hivemq-platform] [hivemq-platform-operator] [49896a8e] 04:06:33.697 [pool-6-thread-24] DEBUG c.h.p.o.dependants.PodInfoConfigMap - [helmmoni] Desired PodInfo ConfigMap (metrics port: 9399) (metrics path: /)
2025-01-30 04:06:33,700 INFO c.h.h.t.HelmChartContainer - [hivemq-test-hivemq-platform] [hivemq-platform-operator] [49896a8e] 04:06:33.697 [pool-6-thread-24] DEBUG c.h.p.o.dependants.PodInfoConfigMap - [helmmoni] Desired PodInfo ConfigMap (extension state hash: -1817474005)
2025-01-30 04:06:33,706 INFO c.h.h.t.HelmChartContainer - [hivemq-test-hivemq-platform] [hivemq-platform-operator] [49896a8e] 04:06:33.705 [pool-6-thread-21] DEBUG c.h.p.o.d.StatefulSetResource - [helmmoni] Desired StatefulSet (2 replicas) for status RUNNING (READY)
2025-01-30 04:06:33,723 INFO c.h.h.t.HelmChartContainer - [hivemq-test-hivemq-platform] [hivemq-platform-operator] [49896a8e] 04:06:33.709 [ReconcilerExecutor-hivemq-controller-127] INFO  c.h.p.o.HiveMQPlatformReconciler - [helmmoni] Reconciling HiveMQ Platform 'test-hivemq-platform' in namespace 'helmmonitoringplatformit'
2025-01-30 04:06:33,724 INFO c.h.h.t.HelmChartContainer - [hivemq-test-hivemq-platform] [hivemq-platform-operator] [49896a8e] 04:06:33.709 [ReconcilerExecutor-hivemq-controller-127] DEBUG c.h.p.o.HiveMQPlatformReconciler - [helmmoni] Custom Resource Status RUNNING - HiveMQ Platform is ready (READY)
2025-01-30 04:06:33,724 INFO c.h.h.t.HelmChartContainer - [hivemq-test-hivemq-platform] [hivemq-platform-operator] [49896a8e] 04:06:33.709 [ReconcilerExecutor-hivemq-controller-127] DEBUG c.h.p.o.HiveMQPlatformReconciler - [helmmoni] Custom Resource Spec (replicas: 2) (extensions: 1)
2025-01-30 04:06:33,724 INFO c.h.h.t.HelmChartContainer - [hivemq-test-hivemq-platform] [hivemq-platform-operator] [49896a8e] 04:06:33.709 [ReconcilerExecutor-hivemq-controller-127] WARN  c.h.p.o.h.HiveMQPlatformReconcilerErrorHandler - [helmmoni] Could not find ConfigMap 'hivemq-configuration-test-hivemq-platform' for HiveMQ Platform configuration
2025-01-30 04:06:33,806 INFO c.h.h.t.HelmChartContainer - [hivemq-test-hivemq-platform] [hivemq-platform-operator] [49896a8e] 04:06:33.805 [ReconcilerExecutor-hivemq-controller-127] DEBUG c.h.p.operator.event.EventSender - [helmmoni] Creating K8s event hivemq-platform-invalid-configuration: [Start] Could not find ConfigMap 'hivemq-configuration-test-hivemq-platform' for HiveMQ Platform configuration
2025-01-30 04:06:33,809 INFO c.h.h.t.HelmChartContainer - [EVENT] Warning [Start] Could not find ConfigMap 'hivemq-configuration-test-hivemq-platform' for HiveMQ Platform configuration [helmmonitoringplatformit:test-hivemq-platform]
2025-01-30 04:06:33,810 INFO c.h.h.t.HelmChartContainer - [hivemq-test-hivemq-platform] [hivemq-platform-operator] [49896a8e] 04:06:33.809 [ReconcilerExecutor-hivemq-controller-127] INFO  c.h.p.o.h.AbstractHiveMQReconcilerStateHandler - [helmmoni] Update HiveMQ Platform Status (RUNNING [READY] -> ERROR [INVALID_CONFIG_MAP]): Could not find ConfigMap 'hivemq-configuration-test-hivemq-platform' for HiveMQ Platform configuration
2025-01-30 04:06:33,904 INFO c.h.h.t.HelmChartContainer - [hivemq-test-hivemq-platform] [hivemq-platform-operator] [49896a8e] 04:06:33.900 [ReconcilerExecutor-hivemq-controller-127] ERROR i.j.o.p.event.EventProcessor - Error during event processing ExecutionScope{ resource id: ResourceID{name='test-hivemq-platform', namespace='helmmonitoringplatformit'}, version: 1658}
2025-01-30 04:06:33,904 INFO c.h.h.t.HelmChartContainer - [hivemq-test-hivemq-platform] [hivemq-platform-operator] [49896a8e] io.fabric8.kubernetes.client.KubernetesClientException: Failure executing: PUT at: https://10.43.0.1:443/apis/hivemq.com/v1/namespaces/helmmonitoringplatformit/hivemq-platforms/test-hivemq-platform/status. Message: Operation cannot be fulfilled on hivemq-platforms.hivemq.com "test-hivemq-platform": the object has been modified; please apply your changes to the latest version and try again. Received status: Status(apiVersion=v1, code=409, details=StatusDetails(causes=[], group=hivemq.com, kind=hivemq-platforms, name=test-hivemq-platform, retryAfterSeconds=null, uid=null, additionalProperties={}), kind=Status, message=Operation cannot be fulfilled on hivemq-platforms.hivemq.com "test-hivemq-platform": the object has been modified; please apply your changes to the latest version and try again, metadata=ListMeta(_continue=null, remainingItemCount=null, resourceVersion=null, selfLink=null, additionalProperties={}), reason=Conflict, status=Failure, additionalProperties={}).
2025-01-30 04:06:33,904 INFO c.h.h.t.HelmChartContainer - [hivemq-test-hivemq-platform] [hivemq-platform-operator] [49896a8e] 	at io.fabric8.kubernetes.client.KubernetesClientException.copyAsCause(KubernetesClientException.java:238)
2025-01-30 04:06:33,904 INFO c.h.h.t.HelmChartContainer - [hivemq-test-hivemq-platform] [hivemq-platform-operator] [49896a8e] 	at io.fabric8.kubernetes.client.dsl.internal.OperationSupport.waitForResult(OperationSupport.java:507)
2025-01-30 04:06:33,904 INFO c.h.h.t.HelmChartContainer - [hivemq-test-hivemq-platform] [hivemq-platform-operator] [49896a8e] 	at io.fabric8.kubernetes.client.dsl.internal.OperationSupport.handleResponse(OperationSupport.java:524)
2025-01-30 04:06:33,904 INFO c.h.h.t.HelmChartContainer - [hivemq-test-hivemq-platform] [hivemq-platform-operator] [49896a8e] 	at io.fabric8.kubernetes.client.dsl.internal.OperationSupport.handleUpdate(OperationSupport.java:358)
2025-01-30 04:06:33,904 INFO c.h.h.t.HelmChartContainer - [hivemq-test-hivemq-platform] [hivemq-platform-operator] [49896a8e] 	at io.fabric8.kubernetes.client.dsl.internal.BaseOperation.handleUpdate(BaseOperation.java:759)
2025-01-30 04:06:33,905 INFO c.h.h.t.HelmChartContainer - [hivemq-test-hivemq-platform] [hivemq-platform-operator] [49896a8e] 	at io.fabric8.kubernetes.client.dsl.internal.HasMetadataOperation.update(HasMetadataOperation.java:138)
2025-01-30 04:06:33,905 INFO c.h.h.t.HelmChartContainer - [hivemq-test-hivemq-platform] [hivemq-platform-operator] [49896a8e] 	at io.fabric8.kubernetes.client.dsl.internal.HasMetadataOperation.update(HasMetadataOperation.java:121)
2025-01-30 04:06:33,905 INFO c.h.h.t.HelmChartContainer - [hivemq-test-hivemq-platform] [hivemq-platform-operator] [49896a8e] 	at io.fabric8.kubernetes.client.dsl.internal.HasMetadataOperation.updateStatus(HasMetadataOperation.java:126)
2025-01-30 04:06:33,905 INFO c.h.h.t.HelmChartContainer - [hivemq-test-hivemq-platform] [hivemq-platform-operator] [49896a8e] 	at io.fabric8.kubernetes.client.dsl.internal.HasMetadataOperation.updateStatus(HasMetadataOperation.java:44)
2025-01-30 04:06:33,905 INFO c.h.h.t.HelmChartContainer - [hivemq-test-hivemq-platform] [hivemq-platform-operator] [49896a8e] 	at io.javaoperatorsdk.operator.processing.event.ReconciliationDispatcher$CustomResourceFacade.updateStatus(ReconciliationDispatcher.java:408)
2025-01-30 04:06:33,905 INFO c.h.h.t.HelmChartContainer - [hivemq-test-hivemq-platform] [hivemq-platform-operator] [49896a8e] 	at io.javaoperatorsdk.operator.processing.event.ReconciliationDispatcher.updateStatusGenerationAware(ReconciliationDispatcher.java:228)
2025-01-30 04:06:33,905 INFO c.h.h.t.HelmChartContainer - [hivemq-test-hivemq-platform] [hivemq-platform-operator] [49896a8e] 	at io.javaoperatorsdk.operator.processing.event.ReconciliationDispatcher.reconcileExecution(ReconciliationDispatcher.java:150)
2025-01-30 04:06:33,905 INFO c.h.h.t.HelmChartContainer - [hivemq-test-hivemq-platform] [hivemq-platform-operator] [49896a8e] 	at io.javaoperatorsdk.operator.processing.event.ReconciliationDispatcher.handleReconcile(ReconciliationDispatcher.java:117)
2025-01-30 04:06:33,905 INFO c.h.h.t.HelmChartContainer - [hivemq-test-hivemq-platform] [hivemq-platform-operator] [49896a8e] 	at io.javaoperatorsdk.operator.processing.event.ReconciliationDispatcher.handleDispatch(ReconciliationDispatcher.java:91)
2025-01-30 04:06:33,905 INFO c.h.h.t.HelmChartContainer - [hivemq-test-hivemq-platform] [hivemq-platform-operator] [49896a8e] 	at io.javaoperatorsdk.operator.processing.event.ReconciliationDispatcher.handleExecution(ReconciliationDispatcher.java:64)
2025-01-30 04:06:33,905 INFO c.h.h.t.HelmChartContainer - [hivemq-test-hivemq-platform] [hivemq-platform-operator] [49896a8e] 	at io.javaoperatorsdk.operator.processing.event.EventProcessor$ReconcilerExecutor.run(EventProcessor.java:452)
2025-01-30 04:06:33,905 INFO c.h.h.t.HelmChartContainer - [hivemq-test-hivemq-platform] [hivemq-platform-operator] [49896a8e] 	at java.base/java.util.concurrent.ThreadPoolExecutor.runWorker(Unknown Source)
2025-01-30 04:06:33,905 INFO c.h.h.t.HelmChartContainer - [hivemq-test-hivemq-platform] [hivemq-platform-operator] [49896a8e] 	at java.base/java.util.concurrent.ThreadPoolExecutor$Worker.run(Unknown Source)
2025-01-30 04:06:33,905 INFO c.h.h.t.HelmChartContainer - [hivemq-test-hivemq-platform] [hivemq-platform-operator] [49896a8e] 	at java.base/java.lang.Thread.run(Unknown Source)
2025-01-30 04:06:33,905 INFO c.h.h.t.HelmChartContainer - [hivemq-test-hivemq-platform] [hivemq-platform-operator] [49896a8e] Caused by: io.fabric8.kubernetes.client.KubernetesClientException: Failure executing: PUT at: https://10.43.0.1:443/apis/hivemq.com/v1/namespaces/helmmonitoringplatformit/hivemq-platforms/test-hivemq-platform/status. Message: Operation cannot be fulfilled on hivemq-platforms.hivemq.com "test-hivemq-platform": the object has been modified; please apply your changes to the latest version and try again. Received status: Status(apiVersion=v1, code=409, details=StatusDetails(causes=[], group=hivemq.com, kind=hivemq-platforms, name=test-hivemq-platform, retryAfterSeconds=null, uid=null, additionalProperties={}), kind=Status, message=Operation cannot be fulfilled on hivemq-platforms.hivemq.com "test-hivemq-platform": the object has been modified; please apply your changes to the latest version and try again, metadata=ListMeta(_continue=null, remainingItemCount=null, resourceVersion=null, selfLink=null, additionalProperties={}), reason=Conflict, status=Failure, additionalProperties={}).
2025-01-30 04:06:33,906 INFO c.h.h.t.HelmChartContainer - [hivemq-test-hivemq-platform] [hivemq-platform-operator] [49896a8e] 	at io.fabric8.kubernetes.client.dsl.internal.OperationSupport.requestFailure(OperationSupport.java:660)
2025-01-30 04:06:33,906 INFO c.h.h.t.HelmChartContainer - [hivemq-test-hivemq-platform] [hivemq-platform-operator] [49896a8e] 	at io.fabric8.kubernetes.client.dsl.internal.OperationSupport.requestFailure(OperationSupport.java:640)
2025-01-30 04:06:33,906 INFO c.h.h.t.HelmChartContainer - [hivemq-test-hivemq-platform] [hivemq-platform-operator] [49896a8e] 	at io.fabric8.kubernetes.client.dsl.internal.OperationSupport.assertResponseCode(OperationSupport.java:589)
2025-01-30 04:06:33,906 INFO c.h.h.t.HelmChartContainer - [hivemq-test-hivemq-platform] [hivemq-platform-operator] [49896a8e] 	at io.fabric8.kubernetes.client.dsl.internal.OperationSupport.lambda$handleResponse$0(OperationSupport.java:549)
2025-01-30 04:06:33,906 INFO c.h.h.t.HelmChartContainer - [hivemq-test-hivemq-platform] [hivemq-platform-operator] [49896a8e] 	at java.base/java.util.concurrent.CompletableFuture$UniApply.tryFire(Unknown Source)
2025-01-30 04:06:33,906 INFO c.h.h.t.HelmChartContainer - [hivemq-test-hivemq-platform] [hivemq-platform-operator] [49896a8e] 	at java.base/java.util.concurrent.CompletableFuture.postComplete(Unknown Source)
2025-01-30 04:06:33,906 INFO c.h.h.t.HelmChartContainer - [hivemq-test-hivemq-platform] [hivemq-platform-operator] [49896a8e] 	at java.base/java.util.concurrent.CompletableFuture.complete(Unknown Source)
2025-01-30 04:06:33,906 INFO c.h.h.t.HelmChartContainer - [hivemq-test-hivemq-platform] [hivemq-platform-operator] [49896a8e] 	at io.fabric8.kubernetes.client.http.StandardHttpClient.lambda$completeOrCancel$10(StandardHttpClient.java:141)
2025-01-30 04:06:33,906 INFO c.h.h.t.HelmChartContainer - [hivemq-test-hivemq-platform] [hivemq-platform-operator] [49896a8e] 	at java.base/java.util.concurrent.CompletableFuture.uniWhenComplete(Unknown Source)
2025-01-30 04:06:33,906 INFO c.h.h.t.HelmChartContainer - [hivemq-test-hivemq-platform] [hivemq-platform-operator] [49896a8e] 	at java.base/java.util.concurrent.CompletableFuture$UniWhenComplete.tryFire(Unknown Source)
2025-01-30 04:06:33,906 INFO c.h.h.t.HelmChartContainer - [hivemq-test-hivemq-platform] [hivemq-platform-operator] [49896a8e] 	at java.base/java.util.concurrent.CompletableFuture.postComplete(Unknown Source)
2025-01-30 04:06:33,906 INFO c.h.h.t.HelmChartContainer - [hivemq-test-hivemq-platform] [hivemq-platform-operator] [49896a8e] 	at java.base/java.util.concurrent.CompletableFuture.complete(Unknown Source)
2025-01-30 04:06:33,906 INFO c.h.h.t.HelmChartContainer - [hivemq-test-hivemq-platform] [hivemq-platform-operator] [49896a8e] 	at io.fabric8.kubernetes.client.http.ByteArrayBodyHandler.onBodyDone(ByteArrayBodyHandler.java:51)
2025-01-30 04:06:33,906 INFO c.h.h.t.HelmChartContainer - [hivemq-test-hivemq-platform] [hivemq-platform-operator] [49896a8e] 	at java.base/java.util.concurrent.CompletableFuture.uniWhenComplete(Unknown Source)
2025-01-30 04:06:33,906 INFO c.h.h.t.HelmChartContainer - [hivemq-test-hivemq-platform] [hivemq-platform-operator] [49896a8e] 	at java.base/java.util.concurrent.CompletableFuture$UniWhenComplete.tryFire(Unknown Source)
2025-01-30 04:06:33,906 INFO c.h.h.t.HelmChartContainer - [hivemq-test-hivemq-platform] [hivemq-platform-operator] [49896a8e] 	at java.base/java.util.concurrent.CompletableFuture.postComplete(Unknown Source)
2025-01-30 04:06:33,906 INFO c.h.h.t.HelmChartContainer - [hivemq-test-hivemq-platform] [hivemq-platform-operator] [49896a8e] 	at java.base/java.util.concurrent.CompletableFuture.complete(Unknown Source)
2025-01-30 04:06:33,906 INFO c.h.h.t.HelmChartContainer - [hivemq-test-hivemq-platform] [hivemq-platform-operator] [49896a8e] 	at io.fabric8.kubernetes.client.vertx.VertxHttpRequest.lambda$null$1(VertxHttpRequest.java:121)
2025-01-30 04:06:33,906 INFO c.h.h.t.HelmChartContainer - [hivemq-test-hivemq-platform] [hivemq-platform-operator] [49896a8e] 	at io.vertx.core.impl.ContextInternal.dispatch(ContextInternal.java:279)
2025-01-30 04:06:33,906 INFO c.h.h.t.HelmChartContainer - [hivemq-test-hivemq-platform] [hivemq-platform-operator] [49896a8e] 	at io.vertx.core.impl.ContextInternal.dispatch(ContextInternal.java:261)
2025-01-30 04:06:33,906 INFO c.h.h.t.HelmChartContainer - [hivemq-test-hivemq-platform] [hivemq-platform-operator] [49896a8e] 	at io.vertx.core.http.impl.HttpEventHandler.handleEnd(HttpEventHandler.java:76)
2025-01-30 04:06:33,906 INFO c.h.h.t.HelmChartContainer - [hivemq-test-hivemq-platform] [hivemq-platform-operator] [49896a8e] 	at io.vertx.core.http.impl.HttpClientResponseImpl.handleEnd(HttpClientResponseImpl.java:250)
2025-01-30 04:06:33,906 INFO c.h.h.t.HelmChartContainer - [hivemq-test-hivemq-platform] [hivemq-platform-operator] [49896a8e] 	at io.vertx.core.http.impl.Http1xClientConnection$StreamImpl.lambda$new$0(Http1xClientConnection.java:421)
2025-01-30 04:06:33,906 INFO c.h.h.t.HelmChartContainer - [hivemq-test-hivemq-platform] [hivemq-platform-operator] [49896a8e] 	at io.vertx.core.streams.impl.InboundBuffer.handleEvent(InboundBuffer.java:279)
2025-01-30 04:06:33,906 INFO c.h.h.t.HelmChartContainer - [hivemq-test-hivemq-platform] [hivemq-platform-operator] [49896a8e] 	at io.vertx.core.streams.impl.InboundBuffer.write(InboundBuffer.java:157)
2025-01-30 04:06:33,906 INFO c.h.h.t.HelmChartContainer - [hivemq-test-hivemq-platform] [hivemq-platform-operator] [49896a8e] 	at io.vertx.core.http.impl.Http1xClientConnection$StreamImpl.handleEnd(Http1xClientConnection.java:709)
2025-01-30 04:06:33,906 INFO c.h.h.t.HelmChartContainer - [hivemq-test-hivemq-platform] [hivemq-platform-operator] [49896a8e] 	at io.vertx.core.impl.ContextImpl.execute(ContextImpl.java:313)
2025-01-30 04:06:33,906 INFO c.h.h.t.HelmChartContainer - [hivemq-test-hivemq-platform] [hivemq-platform-operator] [49896a8e] 	at io.vertx.core.impl.ContextImpl.execute(ContextImpl.java:293)
2025-01-30 04:06:33,906 INFO c.h.h.t.HelmChartContainer - [hivemq-test-hivemq-platform] [hivemq-platform-operator] [49896a8e] 	at io.vertx.core.http.impl.Http1xClientConnection.handleResponseEnd(Http1xClientConnection.java:940)
2025-01-30 04:06:33,906 INFO c.h.h.t.HelmChartContainer - [hivemq-test-hivemq-platform] [hivemq-platform-operator] [49896a8e] 	at io.vertx.core.http.impl.Http1xClientConnection.handleHttpMessage(Http1xClientConnection.java:810)
2025-01-30 04:06:33,906 INFO c.h.h.t.HelmChartContainer - [hivemq-test-hivemq-platform] [hivemq-platform-operator] [49896a8e] 	at io.vertx.core.http.impl.Http1xClientConnection.handleMessage(Http1xClientConnection.java:774)
2025-01-30 04:06:33,906 INFO c.h.h.t.HelmChartContainer - [hivemq-test-hivemq-platform] [hivemq-platform-operator] [49896a8e] 	at io.vertx.core.net.impl.ConnectionBase.read(ConnectionBase.java:159)
2025-01-30 04:06:33,906 INFO c.h.h.t.HelmChartContainer - [hivemq-test-hivemq-platform] [hivemq-platform-operator] [49896a8e] 	at io.vertx.core.net.impl.VertxHandler.channelRead(VertxHandler.java:153)
2025-01-30 04:06:33,906 INFO c.h.h.t.HelmChartContainer - [hivemq-test-hivemq-platform] [hivemq-platform-operator] [49896a8e] 	at io.netty.channel.AbstractChannelHandlerContext.invokeChannelRead(AbstractChannelHandlerContext.java:442)
2025-01-30 04:06:33,906 INFO c.h.h.t.HelmChartContainer - [hivemq-test-hivemq-platform] [hivemq-platform-operator] [49896a8e] 	at io.netty.channel.AbstractChannelHandlerContext.invokeChannelRead(AbstractChannelHandlerContext.java:420)
2025-01-30 04:06:33,906 INFO c.h.h.t.HelmChartContainer - [hivemq-test-hivemq-platform] [hivemq-platform-operator] [49896a8e] 	at io.netty.channel.AbstractChannelHandlerContext.fireChannelRead(AbstractChannelHandlerContext.java:412)
2025-01-30 04:06:33,906 INFO c.h.h.t.HelmChartContainer - [hivemq-test-hivemq-platform] [hivemq-platform-operator] [49896a8e] 	at io.netty.channel.CombinedChannelDuplexHandler$DelegatingChannelHandlerContext.fireChannelRead(CombinedChannelDuplexHandler.java:436)
2025-01-30 04:06:33,906 INFO c.h.h.t.HelmChartContainer - [hivemq-test-hivemq-platform] [hivemq-platform-operator] [49896a8e] 	at io.netty.handler.codec.ByteToMessageDecoder.fireChannelRead(ByteToMessageDecoder.java:346)
2025-01-30 04:06:33,906 INFO c.h.h.t.HelmChartContainer - [hivemq-test-hivemq-platform] [hivemq-platform-operator] [49896a8e] 	at io.netty.handler.codec.ByteToMessageDecoder.channelRead(ByteToMessageDecoder.java:318)
2025-01-30 04:06:33,906 INFO c.h.h.t.HelmChartContainer - [hivemq-test-hivemq-platform] [hivemq-platform-operator] [49896a8e] 	at io.netty.channel.CombinedChannelDuplexHandler.channelRead(CombinedChannelDuplexHandler.java:251)
2025-01-30 04:06:33,906 INFO c.h.h.t.HelmChartContainer - [hivemq-test-hivemq-platform] [hivemq-platform-operator] [49896a8e] 	at io.netty.channel.AbstractChannelHandlerContext.invokeChannelRead(AbstractChannelHandlerContext.java:442)
2025-01-30 04:06:33,906 INFO c.h.h.t.HelmChartContainer - [hivemq-test-hivemq-platform] [hivemq-platform-operator] [49896a8e] 	at io.netty.channel.AbstractChannelHandlerContext.invokeChannelRead(AbstractChannelHandlerContext.java:420)
2025-01-30 04:06:33,906 INFO c.h.h.t.HelmChartContainer - [hivemq-test-hivemq-platform] [hivemq-platform-operator] [49896a8e] 	at io.netty.channel.AbstractChannelHandlerContext.fireChannelRead(AbstractChannelHandlerContext.java:412)
2025-01-30 04:06:33,906 INFO c.h.h.t.HelmChartContainer - [hivemq-test-hivemq-platform] [hivemq-platform-operator] [49896a8e] 	at io.netty.handler.ssl.SslHandler.unwrap(SslHandler.java:1475)
2025-01-30 04:06:33,906 INFO c.h.h.t.HelmChartContainer - [hivemq-test-hivemq-platform] [hivemq-platform-operator] [49896a8e] 	at io.netty.handler.ssl.SslHandler.decodeJdkCompatible(SslHandler.java:1338)
2025-01-30 04:06:33,906 INFO c.h.h.t.HelmChartContainer - [hivemq-test-hivemq-platform] [hivemq-platform-operator] [49896a8e] 	at io.netty.handler.ssl.SslHandler.decode(SslHandler.java:1387)
2025-01-30 04:06:33,906 INFO c.h.h.t.HelmChartContainer - [hivemq-test-hivemq-platform] [hivemq-platform-operator] [49896a8e] 	at io.netty.handler.codec.ByteToMessageDecoder.decodeRemovalReentryProtection(ByteToMessageDecoder.java:530)
2025-01-30 04:06:33,906 INFO c.h.h.t.HelmChartContainer - [hivemq-test-hivemq-platform] [hivemq-platform-operator] [49896a8e] 	at io.netty.handler.codec.ByteToMessageDecoder.callDecode(ByteToMessageDecoder.java:469)
2025-01-30 04:06:33,906 INFO c.h.h.t.HelmChartContainer - [hivemq-test-hivemq-platform] [hivemq-platform-operator] [49896a8e] 	at io.netty.handler.codec.ByteToMessageDecoder.channelRead(ByteToMessageDecoder.java:290)
2025-01-30 04:06:33,906 INFO c.h.h.t.HelmChartContainer - [hivemq-test-hivemq-platform] [hivemq-platform-operator] [49896a8e] 	at io.netty.channel.AbstractChannelHandlerContext.invokeChannelRead(AbstractChannelHandlerContext.java:444)
2025-01-30 04:06:33,906 INFO c.h.h.t.HelmChartContainer - [hivemq-test-hivemq-platform] [hivemq-platform-operator] [49896a8e] 	at io.netty.channel.AbstractChannelHandlerContext.invokeChannelRead(AbstractChannelHandlerContext.java:420)
2025-01-30 04:06:33,906 INFO c.h.h.t.HelmChartContainer - [hivemq-test-hivemq-platform] [hivemq-platform-operator] [49896a8e] 	at io.netty.channel.AbstractChannelHandlerContext.fireChannelRead(AbstractChannelHandlerContext.java:412)
2025-01-30 04:06:33,906 INFO c.h.h.t.HelmChartContainer - [hivemq-test-hivemq-platform] [hivemq-platform-operator] [49896a8e] 	at io.netty.channel.DefaultChannelPipeline$HeadContext.channelRead(DefaultChannelPipeline.java:1407)
2025-01-30 04:06:33,906 INFO c.h.h.t.HelmChartContainer - [hivemq-test-hivemq-platform] [hivemq-platform-operator] [49896a8e] 	at io.netty.channel.AbstractChannelHandlerContext.invokeChannelRead(AbstractChannelHandlerContext.java:440)
2025-01-30 04:06:33,906 INFO c.h.h.t.HelmChartContainer - [hivemq-test-hivemq-platform] [hivemq-platform-operator] [49896a8e] 	at io.netty.channel.AbstractChannelHandlerContext.invokeChannelRead(AbstractChannelHandlerContext.java:420)
2025-01-30 04:06:33,906 INFO c.h.h.t.HelmChartContainer - [hivemq-test-hivemq-platform] [hivemq-platform-operator] [49896a8e] 	at io.netty.channel.DefaultChannelPipeline.fireChannelRead(DefaultChannelPipeline.java:918)
2025-01-30 04:06:33,906 INFO c.h.h.t.HelmChartContainer - [hivemq-test-hivemq-platform] [hivemq-platform-operator] [49896a8e] 	at io.netty.channel.nio.AbstractNioByteChannel$NioByteUnsafe.read(AbstractNioByteChannel.java:166)
2025-01-30 04:06:33,906 INFO c.h.h.t.HelmChartContainer - [hivemq-test-hivemq-platform] [hivemq-platform-operator] [49896a8e] 	at io.netty.channel.nio.NioEventLoop.processSelectedKey(NioEventLoop.java:788)
2025-01-30 04:06:33,906 INFO c.h.h.t.HelmChartContainer - [hivemq-test-hivemq-platform] [hivemq-platform-operator] [49896a8e] 	at io.netty.channel.nio.NioEventLoop.processSelectedKeysOptimized(NioEventLoop.java:724)
2025-01-30 04:06:33,906 INFO c.h.h.t.HelmChartContainer - [hivemq-test-hivemq-platform] [hivemq-platform-operator] [49896a8e] 	at io.netty.channel.nio.NioEventLoop.processSelectedKeys(NioEventLoop.java:650)
2025-01-30 04:06:33,906 INFO c.h.h.t.HelmChartContainer - [hivemq-test-hivemq-platform] [hivemq-platform-operator] [49896a8e] 	at io.netty.channel.nio.NioEventLoop.run(NioEventLoop.java:562)
2025-01-30 04:06:33,906 INFO c.h.h.t.HelmChartContainer - [hivemq-test-hivemq-platform] [hivemq-platform-operator] [49896a8e] 	at io.netty.util.concurrent.SingleThreadEventExecutor$4.run(SingleThreadEventExecutor.java:997)
2025-01-30 04:06:33,906 INFO c.h.h.t.HelmChartContainer - [hivemq-test-hivemq-platform] [hivemq-platform-operator] [49896a8e] 	at io.netty.util.internal.ThreadExecutorMap$2.run(ThreadExecutorMap.java:74)
2025-01-30 04:06:33,906 INFO c.h.h.t.HelmChartContainer - [hivemq-test-hivemq-platform] [hivemq-platform-operator] [49896a8e] 	at io.netty.util.concurrent.FastThreadLocalRunnable.run(FastThreadLocalRunnable.java:30)
2025-01-30 04:06:33,906 INFO c.h.h.t.HelmChartContainer - [hivemq-test-hivemq-platform] [hivemq-platform-operator] [49896a8e] 	... 1 common frames omitted
2025-01-30 04:06:33,910 INFO c.h.h.t.HelmChartContainer - [hivemq-test-hivemq-platform] [hivemq-platform-operator] [49896a8e] 04:06:33.908 [ReconcilerExecutor-hivemq-controller-136] INFO  c.h.p.o.HiveMQPlatformReconciler - [helmmoni] Cleanup test-hivemq-platform - helmmonitoringplatformit HiveMQ Platform is shut down
2025-01-30 04:06:34,328 INFO c.h.h.t.HelmChartContainer - [POD] test-hivemq-platform-0 [eaf3faf1-45ac-4dee-bdfa-f479d7fc67e7] in helmmonitoringplatformit was MODIFIED
2025-01-30 04:06:34,336 INFO c.h.h.t.HelmChartContainer - [test-hivemq-platform] [hivemq] [eaf3faf1] INFO  - [HiveMQ Platform Operator Init App 1.7.0-SNAPSHOT] Shutting down
2025-01-30 04:06:34,336 INFO c.h.h.t.HelmChartContainer - [test-hivemq-platform] [hivemq] [eaf3faf1] INFO  - [HiveMQ Platform Operator Init App 1.7.0-SNAPSHOT] Stopping the HiveMQ Platform
2025-01-30 04:06:34,341 INFO c.h.h.t.HelmChartContainer - [EVENT] Normal [Killing] Stopping container hivemq [helmmonitoringplatformit:test-hivemq-platform-0]
2025-01-30 04:06:34,341 INFO c.h.h.t.HelmChartContainer - Received Killing event for container hivemq in pod test-hivemq-platform-0 [eaf3faf1-45ac-4dee-bdfa-f479d7fc67e7]
2025-01-30 04:06:34,341 INFO c.h.h.t.HelmChartContainer - Container [test-hivemq-platform-0] [hivemq] [eaf3faf1-45ac-4dee-bdfa-f479d7fc67e7] was terminated
2025-01-30 04:06:34,341 INFO c.h.h.t.HelmChartContainer - Stopped log watcher for hivemq in pod test-hivemq-platform-0 [eaf3faf1-45ac-4dee-bdfa-f479d7fc67e7]
2025-01-30 04:06:34,441 INFO c.h.h.t.HelmChartContainer - [test-hivemq-platform] [hivemq] [eaf3faf1] INFO  - Shutting down HiveMQ. Please wait, this could take a while...
2025-01-30 04:06:34,450 INFO c.h.h.t.HelmChartContainer - [POD] test-hivemq-platform-1 [f5b69bee-f3d0-4bed-9f21-4bf2d29a2116] in helmmonitoringplatformit was MODIFIED
2025-01-30 04:06:34,460 INFO c.h.h.t.HelmChartContainer - [test-hivemq-platform] [hivemq] [f5b69bee] INFO  - [HiveMQ Platform Operator Init App 1.7.0-SNAPSHOT] Shutting down
2025-01-30 04:06:34,460 INFO c.h.h.t.HelmChartContainer - [test-hivemq-platform] [hivemq] [f5b69bee] INFO  - [HiveMQ Platform Operator Init App 1.7.0-SNAPSHOT] Stopping the HiveMQ Platform
2025-01-30 04:06:34,466 INFO c.h.h.t.HelmChartContainer - [EVENT] Normal [Killing] Stopping container hivemq [helmmonitoringplatformit:test-hivemq-platform-1]
2025-01-30 04:06:34,467 INFO c.h.h.t.HelmChartContainer - Received Killing event for container hivemq in pod test-hivemq-platform-1 [f5b69bee-f3d0-4bed-9f21-4bf2d29a2116]
2025-01-30 04:06:34,467 INFO c.h.h.t.HelmChartContainer - Container [test-hivemq-platform-1] [hivemq] [f5b69bee-f3d0-4bed-9f21-4bf2d29a2116] was terminated
2025-01-30 04:06:34,467 INFO c.h.h.t.HelmChartContainer - Stopped log watcher for hivemq in pod test-hivemq-platform-1 [f5b69bee-f3d0-4bed-9f21-4bf2d29a2116]
2025-01-30 04:06:34,527 INFO c.h.h.t.HelmChartContainer - [test-hivemq-platform] [hivemq] [eaf3faf1] INFO  - Shutting down listeners and clients
2025-01-30 04:06:34,527 INFO c.h.h.t.HelmChartContainer - [test-hivemq-platform] [hivemq] [eaf3faf1] INFO  - Shutdown of listeners is done
2025-01-30 04:06:34,527 INFO c.h.h.t.HelmChartContainer - [test-hivemq-platform] [hivemq] [eaf3faf1] INFO  - No clients are connected, proceeding with shutdown
2025-01-30 04:06:34,537 INFO c.h.h.t.HelmChartContainer - [K3S] [authentication.go:74] "Unable to authenticate the request" err="[invalid bearer token, serviceaccounts \"hivemq-platform-pod-test-hivemq-platform\" not found]"
2025-01-30 04:06:34,599 INFO c.h.h.t.HelmChartContainer - [test-hivemq-platform] [hivemq] [f5b69bee] INFO  - Shutting down HiveMQ. Please wait, this could take a while...
2025-01-30 04:06:34,604 INFO c.h.h.t.HelmChartContainer - [test-hivemq-platform] [hivemq] [f5b69bee] INFO  - Shutting down listeners and clients
2025-01-30 04:06:34,634 INFO c.h.h.t.HelmChartContainer - [K3S] [authentication.go:74] "Unable to authenticate the request" err="[invalid bearer token, serviceaccounts \"hivemq-platform-pod-test-hivemq-platform\" not found]"
2025-01-30 04:06:34,676 INFO c.h.h.t.HelmChartContainer - [test-hivemq-platform] [hivemq] [f5b69bee] INFO  - Shutdown of listeners is done
2025-01-30 04:06:34,676 INFO c.h.h.t.HelmChartContainer - [test-hivemq-platform] [hivemq] [f5b69bee] INFO  - No clients are connected, proceeding with shutdown
2025-01-30 04:06:34,726 INFO c.h.h.t.HelmChartContainer - [test-hivemq-platform] [hivemq] [eaf3faf1] WARN  - [HiveMQ Platform Operator Init App 1.7.0-SNAPSHOT] Could not update Pod annotations: Failure executing: GET at: https://10.43.0.1:443/api/v1/namespaces/helmmonitoringplatformit/pods/test-hivemq-platform-0. Message: Unauthorized. Received status: Status(apiVersion=v1, code=401, details=null, kind=Status, message=Unauthorized, metadata=ListMeta(_continue=null, remainingItemCount=null, resourceVersion=null, selfLink=null, additionalProperties={}), reason=Unauthorized, status=Failure, additionalProperties={}).
2025-01-30 04:06:35,766 INFO c.h.h.t.HelmChartContainer - Deleting namespace 'helmmonitoringplatformit'...
2025-01-30 04:06:36,516 INFO c.h.h.t.HelmChartContainer - [test-hivemq-platform] [hivemq] [f5b69bee] INFO  - [HiveMQ Platform Operator Init App 1.7.0-SNAPSHOT] Returning shutdown Health API response 503 for readiness
2025-01-30 04:06:36,520 INFO c.h.h.t.HelmChartContainer - [EVENT] Warning [Unhealthy] Readiness probe failed: HTTP probe failed with statuscode: 503 [helmmonitoringplatformit:test-hivemq-platform-1]
2025-01-30 04:06:36,520 INFO c.h.h.t.HelmChartContainer - Received Unhealthy event for container hivemq in pod test-hivemq-platform-1 [f5b69bee-f3d0-4bed-9f21-4bf2d29a2116]
2025-01-30 04:06:37,085 INFO c.h.h.t.HelmChartContainer - [test-hivemq-platform] [hivemq] [eaf3faf1] INFO  - Shutting down extension system
2025-01-30 04:06:37,092 INFO c.h.h.t.HelmChartContainer - [test-hivemq-platform] [hivemq] [eaf3faf1] INFO  - Stopping extension with id hivemq-dns-cluster-discovery
2025-01-30 04:06:37,093 INFO c.h.h.t.HelmChartContainer - [test-hivemq-platform] [hivemq] [eaf3faf1] INFO  - Extension "DNS Cluster Discovery Extension" version 4.3.2 stopped successfully.
2025-01-30 04:06:37,093 INFO c.h.h.t.HelmChartContainer - [test-hivemq-platform] [hivemq] [eaf3faf1] INFO  - Stopping extension with id hivemq-prometheus-extension
2025-01-30 04:06:37,097 INFO c.h.h.t.HelmChartContainer - [test-hivemq-platform] [hivemq] [eaf3faf1] INFO  - Extension "Prometheus Monitoring Extension" version 4.0.12 stopped successfully.
2025-01-30 04:06:37,097 INFO c.h.h.t.HelmChartContainer - [test-hivemq-platform] [hivemq] [eaf3faf1] INFO  - Stopping extension with id hivemq-allow-all-extension
2025-01-30 04:06:37,097 INFO c.h.h.t.HelmChartContainer - [test-hivemq-platform] [hivemq] [eaf3faf1] INFO  - Extension "Allow All Extension" version 1.1.1 stopped successfully.
2025-01-30 04:06:37,102 INFO c.h.h.t.HelmChartContainer - [test-hivemq-platform] [hivemq] [f5b69bee] INFO  - Cluster nodes found by discovery: [Vd9vL|2] (1) [Vd9vL].
2025-01-30 04:06:37,111 INFO c.h.h.t.HelmChartContainer - [test-hivemq-platform] [hivemq] [f5b69bee] INFO  - Cluster size = 1, members : [Vd9vL].
2025-01-30 04:06:37,197 INFO c.h.h.t.HelmChartContainer - [K3S] [authentication.go:74] "Unable to authenticate the request" err="[invalid bearer token, serviceaccounts \"hivemq-platform-pod-test-hivemq-platform\" not found]"
2025-01-30 04:06:37,301 INFO c.h.h.t.HelmChartContainer - [K3S] [authentication.go:74] "Unable to authenticate the request" err="[invalid bearer token, serviceaccounts \"hivemq-platform-pod-test-hivemq-platform\" not found]"
2025-01-30 04:06:37,313 INFO c.h.h.t.HelmChartContainer - [test-hivemq-platform] [hivemq] [f5b69bee] WARN  - [HiveMQ Platform Operator Init App 1.7.0-SNAPSHOT] Could not update Pod annotations: Failure executing: GET at: https://10.43.0.1:443/api/v1/namespaces/helmmonitoringplatformit/pods/test-hivemq-platform-1. Message: Unauthorized. Received status: Status(apiVersion=v1, code=401, details=null, kind=Status, message=Unauthorized, metadata=ListMeta(_continue=null, remainingItemCount=null, resourceVersion=null, selfLink=null, additionalProperties={}), reason=Unauthorized, status=Failure, additionalProperties={}).
2025-01-30 04:06:37,986 INFO c.h.h.t.HelmChartContainer - [test-hivemq-platform] [hivemq] [f5b69bee] INFO  - Shutting down extension system
2025-01-30 04:06:37,988 INFO c.h.h.t.HelmChartContainer - [test-hivemq-platform] [hivemq] [f5b69bee] INFO  - Stopping extension with id hivemq-dns-cluster-discovery
2025-01-30 04:06:37,989 INFO c.h.h.t.HelmChartContainer - [test-hivemq-platform] [hivemq] [f5b69bee] INFO  - Extension "DNS Cluster Discovery Extension" version 4.3.2 stopped successfully.
2025-01-30 04:06:37,989 INFO c.h.h.t.HelmChartContainer - [test-hivemq-platform] [hivemq] [f5b69bee] INFO  - Stopping extension with id hivemq-prometheus-extension
2025-01-30 04:06:37,992 INFO c.h.h.t.HelmChartContainer - [test-hivemq-platform] [hivemq] [f5b69bee] INFO  - Extension "Prometheus Monitoring Extension" version 4.0.12 stopped successfully.
2025-01-30 04:06:37,992 INFO c.h.h.t.HelmChartContainer - [test-hivemq-platform] [hivemq] [f5b69bee] INFO  - Stopping extension with id hivemq-allow-all-extension
2025-01-30 04:06:37,992 INFO c.h.h.t.HelmChartContainer - [test-hivemq-platform] [hivemq] [f5b69bee] INFO  - Extension "Allow All Extension" version 1.1.1 stopped successfully.
2025-01-30 04:06:38,412 INFO c.h.h.t.HelmChartContainer - [K3S] [namespace_controller.go:187] "Namespace has been deleted" namespace="monitoring"
2025-01-30 04:06:39,029 INFO c.h.h.t.HelmChartContainer - [test-hivemq-platform] [hivemq] [eaf3faf1] INFO  - [HiveMQ Platform Operator Init App 1.7.0-SNAPSHOT] Returning shutdown Health API response 503 for readiness
2025-01-30 04:06:39,033 INFO c.h.h.t.HelmChartContainer - [EVENT] Warning [Unhealthy] Readiness probe failed: HTTP probe failed with statuscode: 503 [helmmonitoringplatformit:test-hivemq-platform-0]
2025-01-30 04:06:39,033 INFO c.h.h.t.HelmChartContainer - Received Unhealthy event for container hivemq in pod test-hivemq-platform-0 [eaf3faf1-45ac-4dee-bdfa-f479d7fc67e7]
2025-01-30 04:06:39,372 INFO c.h.h.t.HelmChartContainer - [test-hivemq-platform] [hivemq] [eaf3faf1] INFO  - Shutdown completed.
2025-01-30 04:06:39,727 INFO c.h.h.t.HelmChartContainer - [test-hivemq-platform] [hivemq] [eaf3faf1] INFO  - [HiveMQ Platform Operator Init App 1.7.0-SNAPSHOT] The HiveMQ Platform exited with code 143
2025-01-30 04:06:39,728 INFO c.h.h.t.HelmChartContainer - [test-hivemq-platform] [hivemq] [eaf3faf1] INFO  - [HiveMQ Platform Operator Init App 1.7.0-SNAPSHOT] Stopping the REST API
2025-01-30 04:06:39,729 INFO c.h.h.t.HelmChartContainer - [test-hivemq-platform] [hivemq] [eaf3faf1] WARN  - [HiveMQ Platform Operator Init App 1.7.0-SNAPSHOT] Could not update Pod annotations: Operation: [get]  for kind: [Pod]  with name: [test-hivemq-platform-0]  in namespace: [helmmonitoringplatformit]  failed.
2025-01-30 04:06:39,730 INFO c.h.h.t.HelmChartContainer - [K3S] [authentication.go:74] "Unable to authenticate the request" err="[invalid bearer token, serviceaccounts \"hivemq-platform-pod-test-hivemq-platform\" not found]"
2025-01-30 04:06:39,771 INFO c.h.h.t.HelmChartContainer - [test-hivemq-platform] [hivemq] [eaf3faf1] INFO  - [HiveMQ Platform Operator Init App 1.7.0-SNAPSHOT] Shutdown complete
2025-01-30 04:06:40,227 INFO c.h.h.t.HelmChartContainer - [K3S] [stateful_set.go:438] "Unhandled Error" err="error syncing StatefulSet helmmonitoringplatformit/test-hivemq-platform, requeuing: controllerrevisions.apps \"test-hivemq-platform-64db946475\" is forbidden: unable to create new content in namespace helmmonitoringplatformit because it is being terminated"
2025-01-30 04:06:40,227 INFO c.h.h.t.HelmChartContainer - [K3S] [stateful_set.go:438] "Unhandled Error" err="error syncing StatefulSet helmmonitoringplatformit/test-hivemq-platform, requeuing: controllerrevisions.apps \"test-hivemq-platform-64db946475\" is forbidden: unable to create new content in namespace helmmonitoringplatformit because it is being terminated"
2025-01-30 04:06:40,228 INFO c.h.h.t.HelmChartContainer - [POD] test-hivemq-platform-0 [eaf3faf1-45ac-4dee-bdfa-f479d7fc67e7] in helmmonitoringplatformit was MODIFIED
2025-01-30 04:06:40,240 INFO c.h.h.t.HelmChartContainer - [K3S] [stateful_set.go:438] "Unhandled Error" err="error syncing StatefulSet helmmonitoringplatformit/test-hivemq-platform, requeuing: controllerrevisions.apps \"test-hivemq-platform-64db946475\" is forbidden: unable to create new content in namespace helmmonitoringplatformit because it is being terminated"
2025-01-30 04:06:40,263 INFO c.h.h.t.HelmChartContainer - [K3S] [stateful_set.go:438] "Unhandled Error" err="error syncing StatefulSet helmmonitoringplatformit/test-hivemq-platform, requeuing: controllerrevisions.apps \"test-hivemq-platform-64db946475\" is forbidden: unable to create new content in namespace helmmonitoringplatformit because it is being terminated"
2025-01-30 04:06:40,275 INFO c.h.h.t.HelmChartContainer - [test-hivemq-platform] [hivemq] [f5b69bee] INFO  - Shutdown completed.
2025-01-30 04:06:40,305 INFO c.h.h.t.HelmChartContainer - [K3S] [stateful_set.go:438] "Unhandled Error" err="error syncing StatefulSet helmmonitoringplatformit/test-hivemq-platform, requeuing: controllerrevisions.apps \"test-hivemq-platform-64db946475\" is forbidden: unable to create new content in namespace helmmonitoringplatformit because it is being terminated"
2025-01-30 04:06:40,333 INFO c.h.h.t.HelmChartContainer - [K3S] [reconciler_common.go:162] "operationExecutor.UnmountVolume started for volume \"broker-configuration\" (UniqueName: \"kubernetes.io/configmap/eaf3faf1-45ac-4dee-bdfa-f479d7fc67e7-broker-configuration\") pod \"eaf3faf1-45ac-4dee-bdfa-f479d7fc67e7\" (UID: \"eaf3faf1-45ac-4dee-bdfa-f479d7fc67e7\") "
2025-01-30 04:06:40,333 INFO c.h.h.t.HelmChartContainer - [K3S] [reconciler_common.go:162] "operationExecutor.UnmountVolume started for volume \"kube-api-access-5zh4w\" (UniqueName: \"kubernetes.io/projected/eaf3faf1-45ac-4dee-bdfa-f479d7fc67e7-kube-api-access-5zh4w\") pod \"eaf3faf1-45ac-4dee-bdfa-f479d7fc67e7\" (UID: \"eaf3faf1-45ac-4dee-bdfa-f479d7fc67e7\") "
2025-01-30 04:06:40,334 INFO c.h.h.t.HelmChartContainer - [K3S] [reconciler_common.go:162] "operationExecutor.UnmountVolume started for volume \"pod-info\" (UniqueName: \"kubernetes.io/configmap/eaf3faf1-45ac-4dee-bdfa-f479d7fc67e7-pod-info\") pod \"eaf3faf1-45ac-4dee-bdfa-f479d7fc67e7\" (UID: \"eaf3faf1-45ac-4dee-bdfa-f479d7fc67e7\") "
2025-01-30 04:06:40,334 INFO c.h.h.t.HelmChartContainer - [K3S] [reconciler_common.go:162] "operationExecutor.UnmountVolume started for volume \"operator-init\" (UniqueName: \"kubernetes.io/empty-dir/eaf3faf1-45ac-4dee-bdfa-f479d7fc67e7-operator-init\") pod \"eaf3faf1-45ac-4dee-bdfa-f479d7fc67e7\" (UID: \"eaf3faf1-45ac-4dee-bdfa-f479d7fc67e7\") "
2025-01-30 04:06:40,388 INFO c.h.h.t.HelmChartContainer - [K3S] [stateful_set.go:438] "Unhandled Error" err="error syncing StatefulSet helmmonitoringplatformit/test-hivemq-platform, requeuing: controllerrevisions.apps \"test-hivemq-platform-64db946475\" is forbidden: unable to create new content in namespace helmmonitoringplatformit because it is being terminated"
2025-01-30 04:06:40,433 INFO c.h.h.t.HelmChartContainer - [K3S] [reconciler_common.go:299] "Volume detached for volume \"pod-info\" (UniqueName: \"kubernetes.io/configmap/eaf3faf1-45ac-4dee-bdfa-f479d7fc67e7-pod-info\") on node \"13757cc4392a\" DevicePath \"\""
2025-01-30 04:06:40,433 INFO c.h.h.t.HelmChartContainer - [K3S] [reconciler_common.go:299] "Volume detached for volume \"operator-init\" (UniqueName: \"kubernetes.io/empty-dir/eaf3faf1-45ac-4dee-bdfa-f479d7fc67e7-operator-init\") on node \"13757cc4392a\" DevicePath \"\""
2025-01-30 04:06:40,433 INFO c.h.h.t.HelmChartContainer - [K3S] [reconciler_common.go:299] "Volume detached for volume \"broker-configuration\" (UniqueName: \"kubernetes.io/configmap/eaf3faf1-45ac-4dee-bdfa-f479d7fc67e7-broker-configuration\") on node \"13757cc4392a\" DevicePath \"\""
2025-01-30 04:06:40,433 INFO c.h.h.t.HelmChartContainer - [K3S] [reconciler_common.go:299] "Volume detached for volume \"kube-api-access-5zh4w\" (UniqueName: \"kubernetes.io/projected/eaf3faf1-45ac-4dee-bdfa-f479d7fc67e7-kube-api-access-5zh4w\") on node \"13757cc4392a\" DevicePath \"\""
2025-01-30 04:06:40,551 INFO c.h.h.t.HelmChartContainer - [K3S] [stateful_set.go:438] "Unhandled Error" err="error syncing StatefulSet helmmonitoringplatformit/test-hivemq-platform, requeuing: controllerrevisions.apps \"test-hivemq-platform-64db946475\" is forbidden: unable to create new content in namespace helmmonitoringplatformit because it is being terminated"
2025-01-30 04:06:40,649 INFO c.h.h.t.HelmChartContainer - [test-hivemq-platform] [hivemq] [f5b69bee] INFO  - [HiveMQ Platform Operator Init App 1.7.0-SNAPSHOT] The HiveMQ Platform exited with code 143
2025-01-30 04:06:40,650 INFO c.h.h.t.HelmChartContainer - [test-hivemq-platform] [hivemq] [f5b69bee] INFO  - [HiveMQ Platform Operator Init App 1.7.0-SNAPSHOT] Stopping the REST API
2025-01-30 04:06:40,694 INFO c.h.h.t.HelmChartContainer - [test-hivemq-platform] [hivemq] [f5b69bee] INFO  - [HiveMQ Platform Operator Init App 1.7.0-SNAPSHOT] Shutdown complete
2025-01-30 04:06:40,857 INFO c.h.h.t.HelmChartContainer - [K3S] [scope.go:117] "RemoveContainer" containerID="006de4f313b8db4a58e3000f20608adb363297d5ff23184009d058d60db58cf5"
2025-01-30 04:06:40,875 INFO c.h.h.t.HelmChartContainer - [K3S] [stateful_set.go:438] "Unhandled Error" err="error syncing StatefulSet helmmonitoringplatformit/test-hivemq-platform, requeuing: controllerrevisions.apps \"test-hivemq-platform-64db946475\" is forbidden: unable to create new content in namespace helmmonitoringplatformit because it is being terminated"
2025-01-30 04:06:40,878 INFO c.h.h.t.HelmChartContainer - [POD] test-hivemq-platform-0 [eaf3faf1-45ac-4dee-bdfa-f479d7fc67e7] in helmmonitoringplatformit was MODIFIED
2025-01-30 04:06:40,880 INFO c.h.h.t.HelmChartContainer - [K3S] [stateful_set.go:438] "Unhandled Error" err="error syncing StatefulSet helmmonitoringplatformit/test-hivemq-platform, requeuing: controllerrevisions.apps \"test-hivemq-platform-64db946475\" is forbidden: unable to create new content in namespace helmmonitoringplatformit because it is being terminated"
2025-01-30 04:06:40,885 INFO c.h.h.t.HelmChartContainer - [POD] test-hivemq-platform-0 [eaf3faf1-45ac-4dee-bdfa-f479d7fc67e7] in helmmonitoringplatformit was DELETED
2025-01-30 04:06:40,887 INFO c.h.h.t.HelmChartContainer - [K3S] [stateful_set.go:438] "Unhandled Error" err="error syncing StatefulSet helmmonitoringplatformit/test-hivemq-platform, requeuing: controllerrevisions.apps \"test-hivemq-platform-64db946475\" is forbidden: unable to create new content in namespace helmmonitoringplatformit because it is being terminated"
2025-01-30 04:06:40,987 INFO c.h.h.t.HelmChartContainer - [K3S] [scope.go:117] "RemoveContainer" containerID="a6dda64556f6aa9aa2402e49878ee53f671160ea2a6f6e42a66a4a7b33dcf76a"
2025-01-30 04:06:40,990 INFO c.h.h.t.HelmChartContainer - [K3S] [scope.go:117] "RemoveContainer" containerID="006de4f313b8db4a58e3000f20608adb363297d5ff23184009d058d60db58cf5"
2025-01-30 04:06:40,991 INFO c.h.h.t.HelmChartContainer - [K3S] [scope.go:117] "RemoveContainer" containerID="a6dda64556f6aa9aa2402e49878ee53f671160ea2a6f6e42a66a4a7b33dcf76a"
2025-01-30 04:06:40,994 INFO c.h.h.t.HelmChartContainer - [K3S] [stateful_set.go:466] "StatefulSet has been deleted" key="helmmonitoringplatformit/test-hivemq-platform"
2025-01-30 04:06:41,093 INFO c.h.h.t.HelmChartContainer - [K3S] [kubelet_volumes.go:163] "Cleaned up orphaned pod volumes dir" podUID="eaf3faf1-45ac-4dee-bdfa-f479d7fc67e7" path="/var/lib/kubelet/pods/eaf3faf1-45ac-4dee-bdfa-f479d7fc67e7/volumes"
2025-01-30 04:06:41,138 INFO c.h.h.t.HelmChartContainer - [POD] test-hivemq-platform-1 [f5b69bee-f3d0-4bed-9f21-4bf2d29a2116] in helmmonitoringplatformit was MODIFIED
2025-01-30 04:06:41,238 INFO c.h.h.t.HelmChartContainer - [K3S] [reconciler_common.go:162] "operationExecutor.UnmountVolume started for volume \"broker-configuration\" (UniqueName: \"kubernetes.io/configmap/f5b69bee-f3d0-4bed-9f21-4bf2d29a2116-broker-configuration\") pod \"f5b69bee-f3d0-4bed-9f21-4bf2d29a2116\" (UID: \"f5b69bee-f3d0-4bed-9f21-4bf2d29a2116\") "
2025-01-30 04:06:41,238 INFO c.h.h.t.HelmChartContainer - [K3S] [reconciler_common.go:162] "operationExecutor.UnmountVolume started for volume \"pod-info\" (UniqueName: \"kubernetes.io/configmap/f5b69bee-f3d0-4bed-9f21-4bf2d29a2116-pod-info\") pod \"f5b69bee-f3d0-4bed-9f21-4bf2d29a2116\" (UID: \"f5b69bee-f3d0-4bed-9f21-4bf2d29a2116\") "
2025-01-30 04:06:41,238 INFO c.h.h.t.HelmChartContainer - [K3S] [reconciler_common.go:162] "operationExecutor.UnmountVolume started for volume \"operator-init\" (UniqueName: \"kubernetes.io/empty-dir/f5b69bee-f3d0-4bed-9f21-4bf2d29a2116-operator-init\") pod \"f5b69bee-f3d0-4bed-9f21-4bf2d29a2116\" (UID: \"f5b69bee-f3d0-4bed-9f21-4bf2d29a2116\") "
2025-01-30 04:06:41,238 INFO c.h.h.t.HelmChartContainer - [K3S] [reconciler_common.go:162] "operationExecutor.UnmountVolume started for volume \"kube-api-access-jtxd4\" (UniqueName: \"kubernetes.io/projected/f5b69bee-f3d0-4bed-9f21-4bf2d29a2116-kube-api-access-jtxd4\") pod \"f5b69bee-f3d0-4bed-9f21-4bf2d29a2116\" (UID: \"f5b69bee-f3d0-4bed-9f21-4bf2d29a2116\") "
2025-01-30 04:06:41,340 INFO c.h.h.t.HelmChartContainer - [K3S] [reconciler_common.go:299] "Volume detached for volume \"operator-init\" (UniqueName: \"kubernetes.io/empty-dir/f5b69bee-f3d0-4bed-9f21-4bf2d29a2116-operator-init\") on node \"13757cc4392a\" DevicePath \"\""
2025-01-30 04:06:41,340 INFO c.h.h.t.HelmChartContainer - [K3S] [reconciler_common.go:299] "Volume detached for volume \"kube-api-access-jtxd4\" (UniqueName: \"kubernetes.io/projected/f5b69bee-f3d0-4bed-9f21-4bf2d29a2116-kube-api-access-jtxd4\") on node \"13757cc4392a\" DevicePath \"\""
2025-01-30 04:06:41,340 INFO c.h.h.t.HelmChartContainer - [K3S] [reconciler_common.go:299] "Volume detached for volume \"broker-configuration\" (UniqueName: \"kubernetes.io/configmap/f5b69bee-f3d0-4bed-9f21-4bf2d29a2116-broker-configuration\") on node \"13757cc4392a\" DevicePath \"\""
2025-01-30 04:06:41,340 INFO c.h.h.t.HelmChartContainer - [K3S] [reconciler_common.go:299] "Volume detached for volume \"pod-info\" (UniqueName: \"kubernetes.io/configmap/f5b69bee-f3d0-4bed-9f21-4bf2d29a2116-pod-info\") on node \"13757cc4392a\" DevicePath \"\""
2025-01-30 04:06:41,516 INFO c.h.h.t.HelmChartContainer - [K3S] [stateful_set.go:466] "StatefulSet has been deleted" key="helmmonitoringplatformit/test-hivemq-platform"
2025-01-30 04:06:41,860 INFO c.h.h.t.HelmChartContainer - [K3S] [scope.go:117] "RemoveContainer" containerID="12370d1ea0e45b8b1406cd0390815938758d15d7ddc7adf04507a607b982017c"
2025-01-30 04:06:41,876 INFO c.h.h.t.HelmChartContainer - [POD] test-hivemq-platform-1 [f5b69bee-f3d0-4bed-9f21-4bf2d29a2116] in helmmonitoringplatformit was MODIFIED
2025-01-30 04:06:41,878 INFO c.h.h.t.HelmChartContainer - [POD] test-hivemq-platform-1 [f5b69bee-f3d0-4bed-9f21-4bf2d29a2116] in helmmonitoringplatformit was DELETED
2025-01-30 04:06:41,966 INFO c.h.h.t.HelmChartContainer - [K3S] [scope.go:117] "RemoveContainer" containerID="e1199d938c9182d5143b6d55e00c068b44f1b7fabc6449fe9ecd947df6b39d45"
2025-01-30 04:06:41,969 INFO c.h.h.t.HelmChartContainer - [K3S] [scope.go:117] "RemoveContainer" containerID="12370d1ea0e45b8b1406cd0390815938758d15d7ddc7adf04507a607b982017c"
2025-01-30 04:06:41,969 INFO c.h.h.t.HelmChartContainer - [K3S] [scope.go:117] "RemoveContainer" containerID="e1199d938c9182d5143b6d55e00c068b44f1b7fabc6449fe9ecd947df6b39d45"
2025-01-30 04:06:43,093 INFO c.h.h.t.HelmChartContainer - [K3S] [kubelet_volumes.go:163] "Cleaned up orphaned pod volumes dir" podUID="f5b69bee-f3d0-4bed-9f21-4bf2d29a2116" path="/var/lib/kubelet/pods/f5b69bee-f3d0-4bed-9f21-4bf2d29a2116/volumes"
2025-01-30 04:06:46,193 INFO c.h.h.t.HelmChartContainer - Namespace 'helmmonitoringplatformit' deleted
2025-01-30 04:06:46,193 INFO c.h.h.t.HelmChartContainer - Release 'test-hivemq-platform' in namespace 'helmmonitoringplatformit' is uninstalled
2025-01-30 04:06:46,193 INFO c.h.h.t.HelmChartContainer - Uninstalling release 'test-hivemq-platform-operator' in namespace 'helmmonitoringplatformit-operator'...
2025-01-30 04:06:46,193 DEBUG c.h.h.t.HelmChartContainer - Executing helm command: /bin/helm --kubeconfig /etc/rancher/k3s/k3s.yaml uninstall test-hivemq-platform-operator  --wait --timeout 5m0s --cascade foreground --namespace helmmonitoringplatformit-operator
2025-01-30 04:06:46,361 INFO c.h.h.t.HelmChartContainer - [K3S] [replica_set.go:679] "Finished syncing" kind="ReplicaSet" key="helmmonitoringplatformit-operator/hivemq-test-hivemq-platform-operator-6966f96d65" duration="10.451415ms"
2025-01-30 04:06:46,361 INFO c.h.h.t.HelmChartContainer - [K3S] [replica_set.go:679] "Finished syncing" kind="ReplicaSet" key="helmmonitoringplatformit-operator/hivemq-test-hivemq-platform-operator-6966f96d65" duration="41.988µs"
2025-01-30 04:06:46,369 INFO c.h.h.t.HelmChartContainer - [POD] hivemq-test-hivemq-platform-operator-6966f96d65-dhvxl [49896a8e-cad6-4522-87d2-22eb4d86fe9e] in helmmonitoringplatformit-operator was MODIFIED
2025-01-30 04:06:46,381 INFO c.h.h.t.HelmChartContainer - [hivemq-test-hivemq-platform] [hivemq-platform-operator] [49896a8e] 04:06:46.380 [application-shutdown-thread] INFO  c.h.p.o.HiveMQPlatformOperatorApplication - HiveMQ Platform Operator is stopping...
2025-01-30 04:06:46,381 INFO c.h.h.t.HelmChartContainer - [hivemq-test-hivemq-platform] [hivemq-platform-operator] [49896a8e] 04:06:46.380 [application-shutdown-thread] INFO  i.javaoperatorsdk.operator.Operator - Operator SDK 4.9.7 is shutting down...
2025-01-30 04:06:46,384 INFO c.h.h.t.HelmChartContainer - [EVENT] Normal [Killing] Stopping container hivemq-platform-operator [helmmonitoringplatformit-operator:hivemq-test-hivemq-platform-operator-6966f96d65-dhvxl]
2025-01-30 04:06:46,384 INFO c.h.h.t.HelmChartContainer - Received Killing event for container hivemq-platform-operator in pod hivemq-test-hivemq-platform-operator-6966f96d65-dhvxl [49896a8e-cad6-4522-87d2-22eb4d86fe9e]
2025-01-30 04:06:46,384 INFO c.h.h.t.HelmChartContainer - Container [hivemq-test-hivemq-platform-operator-6966f96d65-dhvxl] [hivemq-platform-operator] [49896a8e-cad6-4522-87d2-22eb4d86fe9e] was terminated
2025-01-30 04:06:46,384 INFO c.h.h.t.HelmChartContainer - Stopped log watcher for hivemq-platform-operator in pod hivemq-test-hivemq-platform-operator-6966f96d65-dhvxl [49896a8e-cad6-4522-87d2-22eb4d86fe9e]
2025-01-30 04:06:46,388 INFO c.h.h.t.HelmChartContainer - [K3S] [replica_set.go:679] "Finished syncing" kind="ReplicaSet" key="helmmonitoringplatformit-operator/hivemq-test-hivemq-platform-operator-6966f96d65" duration="13.085419ms"
2025-01-30 04:06:46,388 INFO c.h.h.t.HelmChartContainer - [K3S] [replica_set.go:679] "Finished syncing" kind="ReplicaSet" key="helmmonitoringplatformit-operator/hivemq-test-hivemq-platform-operator-6966f96d65" duration="38.171µs"
2025-01-30 04:06:46,610 INFO c.h.h.t.HelmChartContainer - [K3S] [replica_set.go:679] "Finished syncing" kind="ReplicaSet" key="helmmonitoringplatformit-operator/hivemq-test-hivemq-platform-operator-6966f96d65" duration="46.556µs"
2025-01-30 04:06:46,611 INFO c.h.h.t.HelmChartContainer - [POD] hivemq-test-hivemq-platform-operator-6966f96d65-dhvxl [49896a8e-cad6-4522-87d2-22eb4d86fe9e] in helmmonitoringplatformit-operator was MODIFIED
2025-01-30 04:06:46,771 INFO c.h.h.t.HelmChartContainer - [K3S] [reconciler_common.go:162] "operationExecutor.UnmountVolume started for volume \"kube-api-access-shkcb\" (UniqueName: \"kubernetes.io/projected/49896a8e-cad6-4522-87d2-22eb4d86fe9e-kube-api-access-shkcb\") pod \"49896a8e-cad6-4522-87d2-22eb4d86fe9e\" (UID: \"49896a8e-cad6-4522-87d2-22eb4d86fe9e\") "
2025-01-30 04:06:46,868 INFO c.h.h.t.HelmChartContainer - [K3S] [scope.go:117] "RemoveContainer" containerID="f53424a950dafab4a95bc84dd38d2ed1785d093cc770b89a6b8d993f85b605e2"
2025-01-30 04:06:46,871 INFO c.h.h.t.HelmChartContainer - [K3S] [reconciler_common.go:299] "Volume detached for volume \"kube-api-access-shkcb\" (UniqueName: \"kubernetes.io/projected/49896a8e-cad6-4522-87d2-22eb4d86fe9e-kube-api-access-shkcb\") on node \"13757cc4392a\" DevicePath \"\""
2025-01-30 04:06:46,872 INFO c.h.h.t.HelmChartContainer - [K3S] [scope.go:117] "RemoveContainer" containerID="f53424a950dafab4a95bc84dd38d2ed1785d093cc770b89a6b8d993f85b605e2"
2025-01-30 04:06:46,880 INFO c.h.h.t.HelmChartContainer - [K3S] [replica_set.go:679] "Finished syncing" kind="ReplicaSet" key="helmmonitoringplatformit-operator/hivemq-test-hivemq-platform-operator-6966f96d65" duration="41.387µs"
2025-01-30 04:06:46,880 INFO c.h.h.t.HelmChartContainer - [POD] hivemq-test-hivemq-platform-operator-6966f96d65-dhvxl [49896a8e-cad6-4522-87d2-22eb4d86fe9e] in helmmonitoringplatformit-operator was MODIFIED
2025-01-30 04:06:46,882 INFO c.h.h.t.HelmChartContainer - [K3S] [replica_set.go:679] "Finished syncing" kind="ReplicaSet" key="helmmonitoringplatformit-operator/hivemq-test-hivemq-platform-operator-6966f96d65" duration="31.078µs"
2025-01-30 04:06:46,882 INFO c.h.h.t.HelmChartContainer - [POD] hivemq-test-hivemq-platform-operator-6966f96d65-dhvxl [49896a8e-cad6-4522-87d2-22eb4d86fe9e] in helmmonitoringplatformit-operator was DELETED
2025-01-30 04:06:46,892 INFO c.h.h.t.HelmChartContainer - [K3S] [replica_set.go:679] "Finished syncing" kind="ReplicaSet" key="helmmonitoringplatformit-operator/hivemq-test-hivemq-platform-operator-6966f96d65" duration="3.918µs"
2025-01-30 04:06:47,093 INFO c.h.h.t.HelmChartContainer - [K3S] [kubelet_volumes.go:163] "Cleaned up orphaned pod volumes dir" podUID="49896a8e-cad6-4522-87d2-22eb4d86fe9e" path="/var/lib/kubelet/pods/49896a8e-cad6-4522-87d2-22eb4d86fe9e/volumes"
2025-01-30 04:06:48,401 INFO c.h.h.t.HelmChartContainer - Deleting namespace 'helmmonitoringplatformit-operator'...
2025-01-30 04:06:51,158 INFO c.h.h.t.HelmChartContainer - [K3S] [namespace_controller.go:187] "Namespace has been deleted" namespace="helmmonitoringplatformit"
2025-01-30 04:06:53,618 INFO c.h.h.t.HelmChartContainer - Namespace 'helmmonitoringplatformit-operator' deleted
2025-01-30 04:06:53,618 INFO c.h.h.t.HelmChartContainer - Release 'test-hivemq-platform-operator' in namespace 'helmmonitoringplatformit-operator' is uninstalled
2025-01-30 04:06:54,258 INFO c.h.helmcharts.AbstractHelmChartIT - Removed unused containers:

2025-01-30 04:06:58,561 INFO c.h.h.t.HelmChartContainer - [K3S] [namespace_controller.go:187] "Namespace has been deleted" namespace="helmmonitoringplatformit-operator"
2025-01-30 04:07:02,693 INFO c.h.h.t.HelmChartContainer - [K3S] [range_allocator.go:247] "Successfully synced" key="13757cc4392a"
2025-01-30 04:07:08,708 INFO c.h.helmcharts.AbstractHelmChartIT - Removed unused snapshots:
Removing snapshot sha256:03af251906410714c5aef9fa705b63f6bbc39c4a5e787de7361eeb18886c2ed2
Removing snapshot sha256:0c46b3b43cce082ce5ec34ffc6c294e0417d17b9d1e6f366d114b6aadc4f96dc
Removing snapshot sha256:0ce761beee59082d6ed5bcebd3a805b8ddd9b3426b617e4809e7fb7c6587ffec
Removing snapshot sha256:0df91287303208332c8ff6ba40ae4710105201739addbfbddfb955f1ad593664
Removing snapshot sha256:0f30b4526626599ad6853b13d715ed5f11e4dac30bdf22795ee36d8b73285c01
Removing snapshot sha256:1021ef88c7974bfff89c5a0ec4fd3160daac6c48a075f74cff721f85dd104e68
Removing snapshot sha256:10aba4953ddc18145dd38e3704709bc464aa20af60b56fe52caaff4b68411e62
Removing snapshot sha256:17b3230dbaa15b80ea4c59d385a510a1c6c669d654d4445b25f4122988ddf932
Removing snapshot sha256:1ab0a79eb9ae3bab99382d18e27cb1c587196d2929db9c8d1c79088bd5a8fa18
Removing snapshot sha256:1e604deea57dbda554a168861cff1238f93b8c6c69c863c43aed37d9d99c5fed
Removing snapshot sha256:2330d1b95992fe4dfdab1ed70e86e349f3f37a80a92140a1ec441a9c3169bcb7
Removing snapshot sha256:2573e0d8158209ed54ab25c87bcdcb00bd3d2539246960a3d592a1c599d70465
Removing snapshot sha256:3102b3958924e454ee4c19fe49136c5727bea4a438945b9d85ed7525ae7ad17a
Removing snapshot sha256:362a8a37f8bbc31925a8146adcf7cf51f9882f5c1dcbef67c5baa03a297543c0
Removing snapshot sha256:38300cd41e4e7621f1880dc17df1510a0b41c3700bba086c7d13695c2852c906
Removing snapshot sha256:3aea2e5ee60f1f0173fafb64e361c34847c160a755964b223b571f112b206391
Removing snapshot sha256:3d737060823899829eb7827e20ddb4021f5c31c4e7e348a380b528903c9051ae
Removing snapshot sha256:3fa4ad33f0ddc8fd45b39b6b4640f82a3a83619606cd975bfe89d8710ad2d4cd
Removing snapshot sha256:42508696bab4cddb098661270605482768f11b222c3b338a84e17c388a573539
Removing snapshot sha256:42b3566bfb67a7e1e92c7fb9a9d9fd9d5d1c68fb9234b2e7e8d57e3894c584c6
Removing snapshot sha256:43a7c979bbaba6838bc3102d6b10a1459f3ab050b87ccdfef84ef90cf43d3058
Removing snapshot sha256:43e32e0401181ce446773595aa5b45dd3de52a62bd17ce6321e472661bef46fc
Removing snapshot sha256:4ab04491cdf0d3267f08206fe30bd48f49f94b9cab2f016d6739220f722a64af
Removing snapshot sha256:4b6068250e89c96f263060261819c7d912855bfbd64b3eb4c4a8483299b8c295
Removing snapshot sha256:4e4a4c2a9fcafd941707917d9cb4c348229dcda7e6a77d20a5c9e977659e2acb
Removing snapshot sha256:580e69a0a8034ede1921139bbd2bfb72a69ebf276d008281896c32dd8bf74775
Removing snapshot sha256:597fcac6b802be96dede6dae530b1fd3d80ee2191e3c39bd5c3dfb528309801e
Removing snapshot sha256:59860db8e524598ca0913cb5a7821a1a1c1e56f61dec4fe619ad8a278bfd44c2
Removing snapshot sha256:5a9ba96b94a7acc2c16f45d7113265f2705262d850ff8d73abf339acec4e4283
Removing snapshot sha256:5d30ba46b27fe37484567ccc5242cadc78217b8da605f3f195ef25cbf7487904
Removing snapshot sha256:5fbaa19b605ea9456bf7504a2774d4d0b3699d37c4ca89d3564009d8e5285da0
Removing snapshot sha256:63ca1fbb43ae5034640e5e6cb3e083e05c290072c5366fcaa9d62435a4cced85
Removing snapshot sha256:67f702c6baae873bceb19487c8b1f27bd2b86077e4f2f0e480e6d60ab508b8f5
Removing snapshot sha256:6864348dd42806d552efdec384f1274be15e2d0c10ce44c1f04347af004c10a9
Removing snapshot sha256:6c7dee8f2c39b84b7dc2711c01d33de93514d9055499173e9290176fbe484b6c
Removing snapshot sha256:6d2198b9bba47eb108a6f8e064d85edb59b204d24ceb4d866ad96079b9ec1498
Removing snapshot sha256:711f0795be2fadadbf9fe1151ea3506c44bc3c41083e049b25f8bac1bd91851c
Removing snapshot sha256:74acea72c72664d31caa1810182a8d9f76600a5e41ed9d1eb2814c0bc090bfea
Removing snapshot sha256:75654b8eeebd3beae97271a102f57cdeb794cc91e442648544963a7e951e9558
Removing snapshot sha256:783ad6a93b23221db9f18c15f79aeb134655b6dd29a9a9bc7472ee50852d14a7
Removing snapshot sha256:81ed7e1a344eefb04664b5d772157e32be190d566bd3083af46ec0b8796ae9ae
Removing snapshot sha256:82753493a6d61ded36556292f02f31841a14c20d2f279f19eaad65afb661d5cd
Removing snapshot sha256:84a897f1c589cde259313d1efcd537ab957267a6526caa797d9703c4ee903204
Removing snapshot sha256:8a10d3db42c505ee0fcfa98417bdd7e39b304f6bcc0a06bb1b220797ff2cc63c
Removing snapshot sha256:8d297423f53775a6b77d49e57a5e9f47799fcfddca869a1164226d56c8299763
Removing snapshot sha256:8ec1e08a6c109c9698b32f46974375ee19470c62a5de0618346b3b4442919582
Removing snapshot sha256:94b728d964f60c89faa32d3296c8e524b6a15c163f95728001c8be4091968231
Removing snapshot sha256:9852f74557303324154e94d69646a117800c24f830d6dd3150a61f1cb1877bfb
Removing snapshot sha256:a214935fcbc25d04f0197b1e4672e4de454edcb03936177a98b97f15fcedd203
Removing snapshot sha256:a21e5b12dbac529ad45d976eb9ce45c881f3bedcc500fb30aba1e52aa1813418
Removing snapshot sha256:afb9d24a81528af822cc0a49b79c922afd1b6fb3355f0fe3683749f5ad2e2e5e
Removing snapshot sha256:b403bf5671b66322a4fb4fcf772687a9e487ab58804584befcae862807d8eb88
Removing snapshot sha256:b8c8d85687c0d5b64887dfaf35dedad43ecac3954a798ffa91d79a5aeb500496
Removing snapshot sha256:b921e6c28969094157f9b8e7244677780319637afd14450b7cb6b2fdea558a0c
Removing snapshot sha256:bc27ecb5769a00e309cf99ebc763c4a4b958b618d1decc96ffac5bc05f02f5b7
Removing snapshot sha256:be3ccb6627a5332e309d45ef461d09b4879dd870c7394d89323d0ebc6ca6aa8a
Removing snapshot sha256:c261f7cbbc64211ee175ee47273acdb7b1a36a4450b397a064a8f2c026490095
Removing snapshot sha256:c34d9393647eea0c9e3557ab988efaf59f61d10a2a5613b439ef0958cca5ec10
Removing snapshot sha256:ccf3c4a0fa967a41c1c83497a2ce6fa5787965859df0adb32c4ca2cf7490bc2b
Removing snapshot sha256:cda334c60720b02c295deeee0739beb29d9283df72a19f0e73b54e50c89e8c00
Removing snapshot sha256:cf92d33f869417309692088c341cd0f223c178ea78a125f757317b22aa8f90e9
Removing snapshot sha256:d0037344cf2fb078884f1849f6a1f8cf9a33a3b6139b6a85833e5ee528e1f9a8
Removing snapshot sha256:d3b36d5b79273b1e98e7700470eaeff05a882e777124d84cebcc1505b85ecb36
Removing snapshot sha256:d65a44a37914602d12c611e5e22a50f11451d847e63015cc1c2aef92dee777a4
Removing snapshot sha256:d7698055289ea72fad6a712ae4a30a02f6f294e476718fac7d5eea9098793d8e
Removing snapshot sha256:deb8fe0e16fb632523b566bfa4819d4c8b7689407d4211b88d26b6988d84ef75
Removing snapshot sha256:e2dc0bae2455930f23ae570e019b7f32edc75c0f2d71cab084db837ff9051796
Removing snapshot sha256:e58151b46376c08fb48e2a2fbe134b6de223be0749d20b7b60bf475e526a2884
Removing snapshot sha256:eccbd24a99c60cd9e86ee5305dbfc4a4dc89f5ab4fb1f06c8d64797cecedef34
Removing snapshot sha256:f144bb4c7c7f0d2aa7eeffd36d934ec40db1ee167be727e326aad9fdc616f475

]]></system-out>
  </testcase>
  <system-out><![CDATA[2025-01-30 04:03:23,664 INFO c.h.h.t.HelmChartContainerExtension - Using cached HelmChartContainer instance
]]></system-out>
  <system-err><![CDATA[]]></system-err>
</testsuite>
