<?xml version="1.0" encoding="UTF-8"?>
<testsuite name="com.hivemq.helmcharts.extensions.HelmExtensionPriorityIT" tests="1" skipped="0" failures="0" errors="0" timestamp="2025-10-02T08:21:19" hostname="runnervm3ublj" time="107.909">
  <properties/>
  <testcase name="platformChart_whenExtensionPriorityIsConfigured_thenInterceptorsAreExecutedInTheExpectedOrder()" classname="com.hivemq.helmcharts.extensions.HelmExtensionPriorityIT" time="107.909"/>
</testsuite>
