<?xml version="1.0" encoding="UTF-8"?>
<testsuite name="com.hivemq.helmcharts.LocalHelmChartDeploymentIT" tests="1" skipped="0" failures="0" errors="0" timestamp="2025-04-24T15:39:14" hostname="fv-az1441-587" time="122.69">
  <properties/>
  <testcase name="withLocalImages_mqttMessagePublishedReceived()" classname="com.hivemq.helmcharts.LocalHelmChartDeploymentIT" time="122.69"/>
</testsuite>
