<?xml version="1.0" encoding="UTF-8"?>
<testsuite name="com.hivemq.helmcharts.ExtensionInstallationIT" tests="1" skipped="0" failures="0" errors="0" timestamp="2025-01-30T18:44:28" hostname="fv-az807-116" time="119.488">
  <properties/>
  <testcase name="withLogExtensionConfiguration_hivemqRunning()" classname="com.hivemq.helmcharts.ExtensionInstallationIT" time="119.488">
    <system-out><![CDATA[2025-01-30 18:44:28,158 INFO t.localhost/testcontainers/dbfukcncmlfyvqof:latest - Creating container for image: localhost/testcontainers/dbfukcncmlfyvqof:latest
2025-01-30 18:44:28,257 INFO t.localhost/testcontainers/dbfukcncmlfyvqof:latest - Container localhost/testcontainers/dbfukcncmlfyvqof:latest is starting: 93c0cd2b5546949004e7f2f88dd09fa9369d10b5ced6c657c2572f39598654bd
2025-01-30 18:44:28,619 INFO c.h.h.t.OperatorHelmChartContainer - [K3S] [INFO] Starting k3s v1.32.1+k3s1 (6a322f12)
2025-01-30 18:44:28,623 INFO c.h.h.t.OperatorHelmChartContainer - [K3S] [INFO] Configuring sqlite3 database connection pooling: maxIdleConns=2, maxOpenConns=0, connMaxLifetime=0s
2025-01-30 18:44:28,623 INFO c.h.h.t.OperatorHelmChartContainer - [K3S] [INFO] Configuring database table schema and indexes, this may take a moment...
2025-01-30 18:44:28,627 INFO c.h.h.t.OperatorHelmChartContainer - [K3S] [INFO] Database tables and indexes are up to date
2025-01-30 18:44:28,630 INFO c.h.h.t.OperatorHelmChartContainer - [K3S] [INFO] Kine available at unix://kine.sock
2025-01-30 18:44:28,851 INFO c.h.h.t.OperatorHelmChartContainer - [K3S] [INFO] Saving cluster bootstrap data to datastore
2025-01-30 18:44:28,851 INFO c.h.h.t.OperatorHelmChartContainer - [K3S] [WARNING] dynamiclistener [::]:6443: no cached certificate available for preload - deferring certificate load until storage initialization or first client request
2025-01-30 18:44:28,852 INFO c.h.h.t.OperatorHelmChartContainer - [K3S] [INFO] Active TLS secret / (ver=) (count 10): map[listener.cattle.io/cn-10.43.0.1:10.43.0.1 listener.cattle.io/cn-127.0.0.1:127.0.0.1 listener.cattle.io/cn-172.17.0.3:172.17.0.3 listener.cattle.io/cn-93c0cd2b5546:93c0cd2b5546 listener.cattle.io/cn-__1-f16284:::1 listener.cattle.io/cn-kubernetes:kubernetes listener.cattle.io/cn-kubernetes.default:kubernetes.default listener.cattle.io/cn-kubernetes.default.svc:kubernetes.default.svc listener.cattle.io/cn-kubernetes.default.svc.cluster.local:kubernetes.default.svc.cluster.local listener.cattle.io/cn-localhost:localhost listener.cattle.io/fingerprint:SHA1=E625E7A399967905CCEB0CC058EF69398D2B6E0F]
2025-01-30 18:44:29,014 INFO c.h.h.t.OperatorHelmChartContainer - [K3S] [INFO] Running kube-apiserver --advertise-port=6443 --allow-privileged=true --anonymous-auth=false --api-audiences=https://kubernetes.default.svc.cluster.local,k3s --authorization-mode=Node,RBAC --bind-address=127.0.0.1 --cert-dir=/var/lib/rancher/k3s/server/tls/temporary-certs --client-ca-file=/var/lib/rancher/k3s/server/tls/client-ca.crt --egress-selector-config-file=/var/lib/rancher/k3s/server/etc/egress-selector-config.yaml --enable-admission-plugins=NodeRestriction --enable-aggregator-routing=true --enable-bootstrap-token-auth=true --etcd-servers=unix://kine.sock --kubelet-certificate-authority=/var/lib/rancher/k3s/server/tls/server-ca.crt --kubelet-client-certificate=/var/lib/rancher/k3s/server/tls/client-kube-apiserver.crt --kubelet-client-key=/var/lib/rancher/k3s/server/tls/client-kube-apiserver.key --kubelet-preferred-address-types=InternalIP,ExternalIP,Hostname --profiling=false --proxy-client-cert-file=/var/lib/rancher/k3s/server/tls/client-auth-proxy.crt --proxy-client-key-file=/var/lib/rancher/k3s/server/tls/client-auth-proxy.key --requestheader-allowed-names=system:auth-proxy --requestheader-client-ca-file=/var/lib/rancher/k3s/server/tls/request-header-ca.crt --requestheader-extra-headers-prefix=X-Remote-Extra- --requestheader-group-headers=X-Remote-Group --requestheader-username-headers=X-Remote-User --secure-port=6444 --service-account-issuer=https://kubernetes.default.svc.cluster.local --service-account-key-file=/var/lib/rancher/k3s/server/tls/service.key --service-account-signing-key-file=/var/lib/rancher/k3s/server/tls/service.current.key --service-cluster-ip-range=10.43.0.0/16 --service-node-port-range=30000-32767 --storage-backend=etcd3 --tls-cert-file=/var/lib/rancher/k3s/server/tls/serving-kube-apiserver.crt --tls-cipher-suites=TLS_ECDHE_ECDSA_WITH_AES_256_GCM_SHA384,TLS_ECDHE_RSA_WITH_AES_256_GCM_SHA384,TLS_ECDHE_ECDSA_WITH_AES_128_GCM_SHA256,TLS_ECDHE_RSA_WITH_AES_128_GCM_SHA256,TLS_ECDHE_ECDSA_WITH_CHACHA20_POLY1305,TLS_ECDHE_RSA_WITH_CHACHA20_POLY1305 --tls-private-key-file=/var/lib/rancher/k3s/server/tls/serving-kube-apiserver.key
2025-01-30 18:44:29,015 INFO c.h.h.t.OperatorHelmChartContainer - [K3S] [INFO] Running kube-scheduler --authentication-kubeconfig=/var/lib/rancher/k3s/server/cred/scheduler.kubeconfig --authorization-kubeconfig=/var/lib/rancher/k3s/server/cred/scheduler.kubeconfig --bind-address=127.0.0.1 --kubeconfig=/var/lib/rancher/k3s/server/cred/scheduler.kubeconfig --leader-elect=false --profiling=false --secure-port=10259
2025-01-30 18:44:29,015 INFO c.h.h.t.OperatorHelmChartContainer - [K3S] [INFO] Waiting for API server to become available
2025-01-30 18:44:29,015 INFO c.h.h.t.OperatorHelmChartContainer - [K3S] [registry.go:256] calling componentGlobalsRegistry.AddFlags more than once, the registry will be set by the latest flags
2025-01-30 18:44:29,016 INFO c.h.h.t.OperatorHelmChartContainer - [K3S] [registry.go:256] calling componentGlobalsRegistry.AddFlags more than once, the registry will be set by the latest flags
2025-01-30 18:44:29,016 INFO c.h.h.t.OperatorHelmChartContainer - [K3S] [INFO] Running kube-controller-manager --allocate-node-cidrs=true --authentication-kubeconfig=/var/lib/rancher/k3s/server/cred/controller.kubeconfig --authorization-kubeconfig=/var/lib/rancher/k3s/server/cred/controller.kubeconfig --bind-address=127.0.0.1 --cluster-cidr=10.42.0.0/16 --cluster-signing-kube-apiserver-client-cert-file=/var/lib/rancher/k3s/server/tls/client-ca.nochain.crt --cluster-signing-kube-apiserver-client-key-file=/var/lib/rancher/k3s/server/tls/client-ca.key --cluster-signing-kubelet-client-cert-file=/var/lib/rancher/k3s/server/tls/client-ca.nochain.crt --cluster-signing-kubelet-client-key-file=/var/lib/rancher/k3s/server/tls/client-ca.key --cluster-signing-kubelet-serving-cert-file=/var/lib/rancher/k3s/server/tls/server-ca.nochain.crt --cluster-signing-kubelet-serving-key-file=/var/lib/rancher/k3s/server/tls/server-ca.key --cluster-signing-legacy-unknown-cert-file=/var/lib/rancher/k3s/server/tls/server-ca.nochain.crt --cluster-signing-legacy-unknown-key-file=/var/lib/rancher/k3s/server/tls/server-ca.key --configure-cloud-routes=false --controllers=*,tokencleaner,-service,-route,-cloud-node-lifecycle --kubeconfig=/var/lib/rancher/k3s/server/cred/controller.kubeconfig --leader-elect=false --profiling=false --root-ca-file=/var/lib/rancher/k3s/server/tls/server-ca.crt --secure-port=10257 --service-account-private-key-file=/var/lib/rancher/k3s/server/tls/service.current.key --service-cluster-ip-range=10.43.0.0/16 --use-service-account-credentials=true
2025-01-30 18:44:29,016 INFO c.h.h.t.OperatorHelmChartContainer - [K3S] [options.go:238] external host was not specified, using 172.17.0.3
2025-01-30 18:44:29,017 INFO c.h.h.t.OperatorHelmChartContainer - [K3S] [options.go:299] unable to set WatchListClient feature gate, err: cannot override default for feature "WatchListClient": gates already added to a flag set
2025-01-30 18:44:29,017 INFO c.h.h.t.OperatorHelmChartContainer - [K3S] [registry.go:256] calling componentGlobalsRegistry.AddFlags more than once, the registry will be set by the latest flags
2025-01-30 18:44:29,017 INFO c.h.h.t.OperatorHelmChartContainer - [K3S] [INFO] Running cloud-controller-manager --allocate-node-cidrs=true --authentication-kubeconfig=/var/lib/rancher/k3s/server/cred/cloud-controller.kubeconfig --authorization-kubeconfig=/var/lib/rancher/k3s/server/cred/cloud-controller.kubeconfig --bind-address=127.0.0.1 --cloud-config=/var/lib/rancher/k3s/server/etc/cloud-config.yaml --cloud-provider=k3s --cluster-cidr=10.42.0.0/16 --configure-cloud-routes=false --controllers=*,-route --kubeconfig=/var/lib/rancher/k3s/server/cred/cloud-controller.kubeconfig --leader-elect=false --leader-elect-resource-name=k3s-cloud-controller-manager --node-status-update-frequency=1m0s --profiling=false
2025-01-30 18:44:29,017 INFO c.h.h.t.OperatorHelmChartContainer - [K3S] [INFO] Server node token is available at /var/lib/rancher/k3s/server/token
2025-01-30 18:44:29,018 INFO c.h.h.t.OperatorHelmChartContainer - [K3S] [INFO] To join server node to cluster: k3s server -s https://172.17.0.3:6443 -t ${SERVER_NODE_TOKEN}
2025-01-30 18:44:29,018 INFO c.h.h.t.OperatorHelmChartContainer - [K3S] [INFO] Agent node token is available at /var/lib/rancher/k3s/server/agent-token
2025-01-30 18:44:29,018 INFO c.h.h.t.OperatorHelmChartContainer - [K3S] [INFO] To join agent node to cluster: k3s agent -s https://172.17.0.3:6443 -t ${AGENT_NODE_TOKEN}
2025-01-30 18:44:29,019 INFO c.h.h.t.OperatorHelmChartContainer - [K3S] [server.go:151] Version: v1.32.1+k3s1
2025-01-30 18:44:29,019 INFO c.h.h.t.OperatorHelmChartContainer - [K3S] [server.go:153] "Golang settings" GOGC="" GOMAXPROCS="" GOTRACEBACK=""
2025-01-30 18:44:29,019 INFO c.h.h.t.OperatorHelmChartContainer - [K3S] [INFO] Wrote kubeconfig /etc/rancher/k3s/k3s.yaml
2025-01-30 18:44:29,020 INFO c.h.h.t.OperatorHelmChartContainer - [K3S] [INFO] Run: k3s kubectl
2025-01-30 18:44:29,549 INFO c.h.h.t.OperatorHelmChartContainer - [K3S] [plugins.go:157] Loaded 13 mutating admission controller(s) successfully in the following order: NamespaceLifecycle,LimitRanger,ServiceAccount,NodeRestriction,TaintNodesByCondition,Priority,DefaultTolerationSeconds,DefaultStorageClass,StorageObjectInUseProtection,RuntimeClass,DefaultIngressClass,MutatingAdmissionPolicy,MutatingAdmissionWebhook.
2025-01-30 18:44:29,549 INFO c.h.h.t.OperatorHelmChartContainer - [K3S] [plugins.go:160] Loaded 13 validating admission controller(s) successfully in the following order: LimitRanger,ServiceAccount,PodSecurity,Priority,PersistentVolumeClaimResize,RuntimeClass,CertificateApproval,CertificateSigning,ClusterTrustBundleAttest,CertificateSubjectRestriction,ValidatingAdmissionPolicy,ValidatingAdmissionWebhook,ResourceQuota.
2025-01-30 18:44:29,549 INFO c.h.h.t.OperatorHelmChartContainer - [K3S] [instance.go:233] Using reconciler: lease
2025-01-30 18:44:29,607 INFO c.h.h.t.OperatorHelmChartContainer - [K3S] [INFO] Password verified locally for node 93c0cd2b5546
2025-01-30 18:44:29,626 INFO c.h.h.t.OperatorHelmChartContainer - [K3S] [apis.go:106] API group "internal.apiserver.k8s.io" is not enabled, skipping.
2025-01-30 18:44:29,668 INFO c.h.h.t.OperatorHelmChartContainer - [K3S] [apis.go:106] API group "storagemigration.k8s.io" is not enabled, skipping.
2025-01-30 18:44:29,692 INFO c.h.h.t.OperatorHelmChartContainer - [K3S] [apis.go:106] API group "resource.k8s.io" is not enabled, skipping.
2025-01-30 18:44:30,035 INFO c.h.h.t.OperatorHelmChartContainer - [K3S] [dynamic_cafile_content.go:161] "Starting controller" name="client-ca-bundle::/var/lib/rancher/k3s/server/tls/client-ca.crt"
2025-01-30 18:44:30,035 INFO c.h.h.t.OperatorHelmChartContainer - [K3S] [dynamic_cafile_content.go:161] "Starting controller" name="request-header::/var/lib/rancher/k3s/server/tls/request-header-ca.crt"
2025-01-30 18:44:30,036 INFO c.h.h.t.OperatorHelmChartContainer - [K3S] [dynamic_serving_content.go:135] "Starting controller" name="serving-cert::/var/lib/rancher/k3s/server/tls/serving-kube-apiserver.crt::/var/lib/rancher/k3s/server/tls/serving-kube-apiserver.key"
2025-01-30 18:44:30,036 INFO c.h.h.t.OperatorHelmChartContainer - [K3S] [secure_serving.go:213] Serving securely on 127.0.0.1:6444
2025-01-30 18:44:30,036 INFO c.h.h.t.OperatorHelmChartContainer - [K3S] [tlsconfig.go:243] "Starting DynamicServingCertificateController"
2025-01-30 18:44:30,036 INFO c.h.h.t.OperatorHelmChartContainer - [K3S] [apiservice_controller.go:100] Starting APIServiceRegistrationController
2025-01-30 18:44:30,036 INFO c.h.h.t.OperatorHelmChartContainer - [K3S] [local_available_controller.go:156] Starting LocalAvailability controller
2025-01-30 18:44:30,036 INFO c.h.h.t.OperatorHelmChartContainer - [K3S] [customresource_discovery_controller.go:292] Starting DiscoveryController
2025-01-30 18:44:30,036 INFO c.h.h.t.OperatorHelmChartContainer - [K3S] [aggregator.go:169] waiting for initial CRD sync...
2025-01-30 18:44:30,036 INFO c.h.h.t.OperatorHelmChartContainer - [K3S] [system_namespaces_controller.go:66] Starting system namespaces controller
2025-01-30 18:44:30,037 INFO c.h.h.t.OperatorHelmChartContainer - [K3S] [controller.go:80] Starting OpenAPI V3 AggregationController
2025-01-30 18:44:30,037 INFO c.h.h.t.OperatorHelmChartContainer - [K3S] [apf_controller.go:377] Starting API Priority and Fairness config controller
2025-01-30 18:44:30,038 INFO c.h.h.t.OperatorHelmChartContainer - [K3S] [dynamic_serving_content.go:135] "Starting controller" name="aggregator-proxy-cert::/var/lib/rancher/k3s/server/tls/client-auth-proxy.crt::/var/lib/rancher/k3s/server/tls/client-auth-proxy.key"
2025-01-30 18:44:30,038 INFO c.h.h.t.OperatorHelmChartContainer - [K3S] [controller.go:119] Starting legacy_token_tracking_controller
2025-01-30 18:44:30,039 INFO c.h.h.t.OperatorHelmChartContainer - [K3S] [crdregistration_controller.go:114] Starting crd-autoregister controller
2025-01-30 18:44:30,039 INFO c.h.h.t.OperatorHelmChartContainer - [K3S] [remote_available_controller.go:411] Starting RemoteAvailability controller
2025-01-30 18:44:30,039 INFO c.h.h.t.OperatorHelmChartContainer - [K3S] [controller.go:142] Starting OpenAPI controller
2025-01-30 18:44:30,039 INFO c.h.h.t.OperatorHelmChartContainer - [K3S] [controller.go:90] Starting OpenAPI V3 controller
2025-01-30 18:44:30,039 INFO c.h.h.t.OperatorHelmChartContainer - [K3S] [naming_controller.go:294] Starting NamingConditionController
2025-01-30 18:44:30,039 INFO c.h.h.t.OperatorHelmChartContainer - [K3S] [establishing_controller.go:81] Starting EstablishingController
2025-01-30 18:44:30,039 INFO c.h.h.t.OperatorHelmChartContainer - [K3S] [nonstructuralschema_controller.go:195] Starting NonStructuralSchemaConditionController
2025-01-30 18:44:30,039 INFO c.h.h.t.OperatorHelmChartContainer - [K3S] [apiapproval_controller.go:189] Starting KubernetesAPIApprovalPolicyConformantConditionController
2025-01-30 18:44:30,039 INFO c.h.h.t.OperatorHelmChartContainer - [K3S] [crd_finalizer.go:269] Starting CRDFinalizer
2025-01-30 18:44:30,040 INFO c.h.h.t.OperatorHelmChartContainer - [K3S] [controller.go:78] Starting OpenAPI AggregationController
2025-01-30 18:44:30,040 INFO c.h.h.t.OperatorHelmChartContainer - [K3S] [gc_controller.go:78] Starting apiserver lease garbage collector
2025-01-30 18:44:30,041 INFO c.h.h.t.OperatorHelmChartContainer - [K3S] [cluster_authentication_trust_controller.go:462] Starting cluster_authentication_trust_controller controller
2025-01-30 18:44:30,061 INFO c.h.h.t.OperatorHelmChartContainer - [K3S] [dynamic_cafile_content.go:161] "Starting controller" name="client-ca-bundle::/var/lib/rancher/k3s/server/tls/client-ca.crt"
2025-01-30 18:44:30,061 INFO c.h.h.t.OperatorHelmChartContainer - [K3S] [dynamic_cafile_content.go:161] "Starting controller" name="request-header::/var/lib/rancher/k3s/server/tls/request-header-ca.crt"
2025-01-30 18:44:30,133 INFO c.h.h.t.OperatorHelmChartContainer - [K3S] [controller.go:145] "Failed to ensure lease exists, will retry" err="namespaces \"kube-system\" not found" interval="200ms"
2025-01-30 18:44:30,137 INFO c.h.h.t.OperatorHelmChartContainer - [K3S] [handler_discovery.go:451] Starting ResourceDiscoveryManager
2025-01-30 18:44:30,140 INFO c.h.h.t.OperatorHelmChartContainer - [K3S] [apf_controller.go:382] Running API Priority and Fairness config worker
2025-01-30 18:44:30,140 INFO c.h.h.t.OperatorHelmChartContainer - [K3S] [apf_controller.go:385] Running API Priority and Fairness periodic rebalancing process
2025-01-30 18:44:30,140 INFO c.h.h.t.OperatorHelmChartContainer - [K3S] [aggregator.go:171] initial CRD sync complete...
2025-01-30 18:44:30,140 INFO c.h.h.t.OperatorHelmChartContainer - [K3S] [autoregister_controller.go:144] Starting autoregister controller
2025-01-30 18:44:30,146 INFO c.h.h.t.OperatorHelmChartContainer - [K3S] [policy_source.go:240] refreshing policies
2025-01-30 18:44:30,192 INFO c.h.h.t.OperatorHelmChartContainer - [K3S] [controller.go:148] "Unhandled Error" err="while syncing ConfigMap \"kube-system/kube-apiserver-legacy-service-account-token-tracking\", err: namespaces \"kube-system\" not found" logger="UnhandledError"
2025-01-30 18:44:30,194 INFO c.h.h.t.OperatorHelmChartContainer - [K3S] [controller.go:95] Unable to perform initial Kubernetes service initialization: namespaces "default" not found
2025-01-30 18:44:30,207 INFO c.h.h.t.OperatorHelmChartContainer - [K3S] [INFO] Module overlay was already loaded
2025-01-30 18:44:30,207 INFO c.h.h.t.OperatorHelmChartContainer - [K3S] [INFO] Module nf_conntrack was already loaded
2025-01-30 18:44:30,207 INFO c.h.h.t.OperatorHelmChartContainer - [K3S] [INFO] Module br_netfilter was already loaded
2025-01-30 18:44:30,211 INFO c.h.h.t.OperatorHelmChartContainer - [K3S] [INFO] Set sysctl 'net/netfilter/nf_conntrack_tcp_timeout_established' to 86400
2025-01-30 18:44:30,212 INFO c.h.h.t.OperatorHelmChartContainer - [K3S] [INFO] Set sysctl 'net/netfilter/nf_conntrack_tcp_timeout_close_wait' to 3600
2025-01-30 18:44:30,212 INFO c.h.h.t.OperatorHelmChartContainer - [K3S] [INFO] Set sysctl 'net/netfilter/nf_conntrack_max' to 131072
2025-01-30 18:44:30,213 INFO c.h.h.t.OperatorHelmChartContainer - [K3S] [INFO] Logging containerd to /var/lib/rancher/k3s/agent/containerd/containerd.log
2025-01-30 18:44:30,213 INFO c.h.h.t.OperatorHelmChartContainer - [K3S] [INFO] Running containerd -c /var/lib/rancher/k3s/agent/etc/containerd/config.toml -a /run/k3s/containerd/containerd.sock --state /run/k3s/containerd --root /var/lib/rancher/k3s/agent/containerd
2025-01-30 18:44:31,039 INFO c.h.h.t.OperatorHelmChartContainer - [K3S] [storage_scheduling.go:95] created PriorityClass system-node-critical with value 2000001000
2025-01-30 18:44:31,042 INFO c.h.h.t.OperatorHelmChartContainer - [K3S] [storage_scheduling.go:95] created PriorityClass system-cluster-critical with value 2000000000
2025-01-30 18:44:31,042 INFO c.h.h.t.OperatorHelmChartContainer - [K3S] [storage_scheduling.go:111] all system priority classes are created successfully or already exist.
2025-01-30 18:44:31,221 INFO c.h.h.t.OperatorHelmChartContainer - [K3S] [INFO] containerd is now running
2025-01-30 18:44:31,228 INFO c.h.h.t.OperatorHelmChartContainer - [K3S] [INFO] Connecting to proxy" url="wss://127.0.0.1:6443/v1-k3s/connect
2025-01-30 18:44:31,228 INFO c.h.h.t.OperatorHelmChartContainer - [K3S] [INFO] Creating k3s-cert-monitor event broadcaster
2025-01-30 18:44:31,228 INFO c.h.h.t.OperatorHelmChartContainer - [K3S] [INFO] Running kubelet --cloud-provider=external --config-dir=/var/lib/rancher/k3s/agent/etc/kubelet.conf.d --containerd=/run/k3s/containerd/containerd.sock --hostname-override=93c0cd2b5546 --kubeconfig=/var/lib/rancher/k3s/agent/kubelet.kubeconfig --node-ip=172.17.0.3 --node-labels=
2025-01-30 18:44:31,229 INFO c.h.h.t.OperatorHelmChartContainer - [K3S] [INFO] Handling backend connection request [93c0cd2b5546]
2025-01-30 18:44:31,229 INFO c.h.h.t.OperatorHelmChartContainer - [K3S] [INFO] Remotedialer connected to proxy" url="wss://127.0.0.1:6443/v1-k3s/connect
2025-01-30 18:44:31,346 INFO c.h.h.t.OperatorHelmChartContainer - [K3S] [ERROR] Sending HTTP/1.1 503 response to 127.0.0.1:56658: runtime core not ready
2025-01-30 18:44:31,437 INFO c.h.h.t.OperatorHelmChartContainer - [K3S] [INFO] Running kube-proxy --cluster-cidr=10.42.0.0/16 --conntrack-max-per-core=0 --conntrack-tcp-timeout-close-wait=0s --conntrack-tcp-timeout-established=0s --healthz-bind-address=127.0.0.1 --hostname-override=93c0cd2b5546 --kubeconfig=/var/lib/rancher/k3s/agent/kubeproxy.kubeconfig --proxy-mode=iptables
2025-01-30 18:44:31,476 INFO c.h.h.t.OperatorHelmChartContainer - [K3S] [server.go:687] "Failed to retrieve node info" err="nodes \"93c0cd2b5546\" not found"
2025-01-30 18:44:31,499 INFO c.h.h.t.OperatorHelmChartContainer - [K3S] [alloc.go:330] "allocated clusterIPs" service="default/kubernetes" clusterIPs={"IPv4":"10.43.0.1"}
2025-01-30 18:44:31,503 INFO c.h.h.t.OperatorHelmChartContainer - [K3S] [lease.go:265] Resetting endpoints for master service "kubernetes" to [172.17.0.3]
2025-01-30 18:44:32,019 INFO c.h.h.t.OperatorHelmChartContainer - [K3S] [INFO] Waiting for untainted node
2025-01-30 18:44:32,019 INFO c.h.h.t.OperatorHelmChartContainer - [K3S] [INFO] Kube API server is now running
2025-01-30 18:44:32,019 INFO c.h.h.t.OperatorHelmChartContainer - [K3S] [INFO] ETCD server is now running
2025-01-30 18:44:32,020 INFO c.h.h.t.OperatorHelmChartContainer - [K3S] [INFO] k3s is up and running
2025-01-30 18:44:32,020 INFO c.h.h.t.OperatorHelmChartContainer - [K3S] [INFO] Waiting for cloud-controller-manager privileges to become available
2025-01-30 18:44:32,020 INFO c.h.h.t.OperatorHelmChartContainer - [K3S] [INFO] Creating k3s-supervisor event broadcaster
2025-01-30 18:44:32,027 INFO c.h.h.t.OperatorHelmChartContainer - [K3S] [INFO] Applying CRD addons.k3s.cattle.io
2025-01-30 18:44:32,038 INFO c.h.h.t.OperatorHelmChartContainer - [K3S] [INFO] Applying CRD etcdsnapshotfiles.k3s.cattle.io
2025-01-30 18:44:32,045 INFO c.h.h.t.OperatorHelmChartContainer - [K3S] [INFO] Applying CRD helmcharts.helm.cattle.io
2025-01-30 18:44:32,056 INFO c.h.h.t.OperatorHelmChartContainer - [K3S] [INFO] Applying CRD helmchartconfigs.helm.cattle.io
2025-01-30 18:44:32,068 INFO c.h.h.t.OperatorHelmChartContainer - [K3S] [INFO] Waiting for CRD helmchartconfigs.helm.cattle.io to become available
2025-01-30 18:44:32,234 INFO c.h.h.t.OperatorHelmChartContainer - [K3S] Flag --containerd has been deprecated, This is a cadvisor flag that was mistakenly registered with the Kubelet. Due to legacy concerns, it will follow the standard CLI deprecation timeline before being removed.
2025-01-30 18:44:32,236 INFO c.h.h.t.OperatorHelmChartContainer - [K3S] [server.go:515] "Kubelet version" kubeletVersion="v1.32.1+k3s1"
2025-01-30 18:44:32,236 INFO c.h.h.t.OperatorHelmChartContainer - [K3S] [server.go:517] "Golang settings" GOGC="" GOMAXPROCS="" GOTRACEBACK=""
2025-01-30 18:44:32,238 INFO c.h.h.t.OperatorHelmChartContainer - [K3S] [dynamic_cafile_content.go:161] "Starting controller" name="client-ca-bundle::/var/lib/rancher/k3s/agent/client-ca.crt"
2025-01-30 18:44:32,240 INFO c.h.h.t.OperatorHelmChartContainer - [K3S] [log.go:32] "RuntimeConfig from runtime service failed" err="rpc error: code = Unimplemented desc = method RuntimeConfig not implemented"
2025-01-30 18:44:32,240 INFO c.h.h.t.OperatorHelmChartContainer - [K3S] [server.go:1416] "CRI implementation should be updated to support RuntimeConfig when KubeletCgroupDriverFromCRI feature gate has been enabled. Falling back to using cgroupDriver from kubelet config."
2025-01-30 18:44:32,243 INFO c.h.h.t.OperatorHelmChartContainer - [K3S] [info.go:53] Couldn't collect info from any of the files in "/etc/machine-id,/var/lib/dbus/machine-id"
2025-01-30 18:44:32,243 INFO c.h.h.t.OperatorHelmChartContainer - [K3S] [server.go:767] "--cgroups-per-qos enabled, but --cgroup-root was not specified.  defaulting to /"
2025-01-30 18:44:32,244 INFO c.h.h.t.OperatorHelmChartContainer - [K3S] [server.go:836] "NoSwap is set due to memorySwapBehavior not specified" memorySwapBehavior="" FailSwapOn=false
2025-01-30 18:44:32,244 INFO c.h.h.t.OperatorHelmChartContainer - [K3S] [swap_util.go:115] "Swap is on" /proc/swaps contents=<
2025-01-30 18:44:32,244 INFO c.h.h.t.OperatorHelmChartContainer - [K3S] 	Filename				Type		Size		Used		Priority
2025-01-30 18:44:32,244 INFO c.h.h.t.OperatorHelmChartContainer - [K3S] 	/mnt/swapfile                           file		4194300		12		-2
2025-01-30 18:44:32,244 INFO c.h.h.t.OperatorHelmChartContainer - [K3S]  >
2025-01-30 18:44:32,244 INFO c.h.h.t.OperatorHelmChartContainer - [K3S] [container_manager_linux.go:268] "Container manager verified user specified cgroup-root exists" cgroupRoot=[]
2025-01-30 18:44:32,245 INFO c.h.h.t.OperatorHelmChartContainer - [K3S] [container_manager_linux.go:273] "Creating Container Manager object based on Node Config" nodeConfig={"NodeName":"93c0cd2b5546","RuntimeCgroupsName":"","SystemCgroupsName":"","KubeletCgroupsName":"/k3s","KubeletOOMScoreAdj":-999,"ContainerRuntime":"","CgroupsPerQOS":true,"CgroupRoot":"/","CgroupDriver":"cgroupfs","KubeletRootDir":"/var/lib/kubelet","ProtectKernelDefaults":false,"KubeReservedCgroupName":"","SystemReservedCgroupName":"","ReservedSystemCPUs":{},"EnforceNodeAllocatable":{"pods":{}},"KubeReserved":null,"SystemReserved":null,"HardEvictionThresholds":[{"Signal":"imagefs.available","Operator":"LessThan","Value":{"Quantity":null,"Percentage":0.05},"GracePeriod":0,"MinReclaim":null},{"Signal":"nodefs.available","Operator":"LessThan","Value":{"Quantity":null,"Percentage":0.05},"GracePeriod":0,"MinReclaim":null}],"QOSReserved":{},"CPUManagerPolicy":"none","CPUManagerPolicyOptions":null,"TopologyManagerScope":"container","CPUManagerReconcilePeriod":10000000000,"ExperimentalMemoryManagerPolicy":"None","ExperimentalMemoryManagerReservedMemory":null,"PodPidsLimit":-1,"EnforceCPULimits":true,"CPUCFSQuotaPeriod":100000000,"TopologyManagerPolicy":"none","TopologyManagerPolicyOptions":null,"CgroupVersion":2}
2025-01-30 18:44:32,245 INFO c.h.h.t.OperatorHelmChartContainer - [K3S] [topology_manager.go:138] "Creating topology manager with none policy"
2025-01-30 18:44:32,245 INFO c.h.h.t.OperatorHelmChartContainer - [K3S] [container_manager_linux.go:304] "Creating device plugin manager"
2025-01-30 18:44:32,245 INFO c.h.h.t.OperatorHelmChartContainer - [K3S] [state_mem.go:36] "Initialized new in-memory state store"
2025-01-30 18:44:32,245 INFO c.h.h.t.OperatorHelmChartContainer - [K3S] [kubelet.go:446] "Attempting to sync node with API server"
2025-01-30 18:44:32,245 INFO c.h.h.t.OperatorHelmChartContainer - [K3S] [kubelet.go:341] "Adding static pod path" path="/var/lib/rancher/k3s/agent/pod-manifests"
2025-01-30 18:44:32,245 INFO c.h.h.t.OperatorHelmChartContainer - [K3S] [kubelet.go:352] "Adding apiserver pod source"
2025-01-30 18:44:32,245 INFO c.h.h.t.OperatorHelmChartContainer - [K3S] [apiserver.go:42] "Waiting for node sync before watching apiserver pods"
2025-01-30 18:44:32,246 INFO c.h.h.t.OperatorHelmChartContainer - [K3S] [kuberuntime_manager.go:269] "Container runtime initialized" containerRuntime="containerd" version="v1.7.23-k3s2" apiVersion="v1"
2025-01-30 18:44:32,246 INFO c.h.h.t.OperatorHelmChartContainer - [K3S] [kubelet.go:890] "Not starting ClusterTrustBundle informer because we are in static kubelet mode"
2025-01-30 18:44:32,250 INFO c.h.h.t.OperatorHelmChartContainer - [K3S] [probe.go:272] Flexvolume plugin directory at /usr/libexec/kubernetes/kubelet-plugins/volume/exec/ does not exist. Recreating.
2025-01-30 18:44:32,250 INFO c.h.h.t.OperatorHelmChartContainer - [K3S] [watchdog_linux.go:99] "Systemd watchdog is not enabled"
2025-01-30 18:44:32,250 INFO c.h.h.t.OperatorHelmChartContainer - [K3S] [server.go:1282] "Started kubelet"
2025-01-30 18:44:32,250 INFO c.h.h.t.OperatorHelmChartContainer - [K3S] [fs_resource_analyzer.go:67] "Starting FS ResourceAnalyzer"
2025-01-30 18:44:32,255 INFO c.h.h.t.OperatorHelmChartContainer - [K3S] [volume_manager.go:297] "Starting Kubelet Volume Manager"
2025-01-30 18:44:32,255 INFO c.h.h.t.OperatorHelmChartContainer - [K3S] [desired_state_of_world_populator.go:149] "Desired state populator starts to run"
2025-01-30 18:44:32,256 INFO c.h.h.t.OperatorHelmChartContainer - [K3S] [reconciler.go:26] "Reconciler: start to sync state"
2025-01-30 18:44:32,257 INFO c.h.h.t.OperatorHelmChartContainer - [K3S] [factory.go:221] Registration of the systemd container factory successfully
2025-01-30 18:44:32,257 INFO c.h.h.t.OperatorHelmChartContainer - [K3S] [factory.go:219] Registration of the crio container factory failed: Get "http://%2Fvar%2Frun%2Fcrio%2Fcrio.sock/info": dial unix /var/run/crio/crio.sock: connect: no such file or directory
2025-01-30 18:44:32,258 INFO c.h.h.t.OperatorHelmChartContainer - [K3S] [kubelet.go:1561] "Image garbage collection failed once. Stats initialization may not have completed yet" err="invalid capacity 0 on image filesystem"
2025-01-30 18:44:32,260 INFO c.h.h.t.OperatorHelmChartContainer - [K3S] [factory.go:221] Registration of the containerd container factory successfully
2025-01-30 18:44:32,260 INFO c.h.h.t.OperatorHelmChartContainer - [K3S] [server.go:169] "Starting to listen" address="0.0.0.0" port=10250
2025-01-30 18:44:32,260 INFO c.h.h.t.OperatorHelmChartContainer - [K3S] [server.go:490] "Adding debug handlers to kubelet server"
2025-01-30 18:44:32,260 INFO c.h.h.t.OperatorHelmChartContainer - [K3S] [server.go:208] "Starting to listen read-only" address="0.0.0.0" port=10255
2025-01-30 18:44:32,261 INFO c.h.h.t.OperatorHelmChartContainer - [K3S] [kubelet_node_status.go:467] "Error getting the current node from lister" err="node \"93c0cd2b5546\" not found"
2025-01-30 18:44:32,261 INFO c.h.h.t.OperatorHelmChartContainer - [K3S] [ratelimit.go:55] "Setting rate limiting for endpoint" service="podresources" qps=100 burstTokens=10
2025-01-30 18:44:32,262 INFO c.h.h.t.OperatorHelmChartContainer - [K3S] [server.go:243] "Starting to serve the podresources API" endpoint="unix:/var/lib/kubelet/pod-resources/kubelet.sock"
2025-01-30 18:44:32,262 INFO c.h.h.t.OperatorHelmChartContainer - [K3S] [dynamic_serving_content.go:135] "Starting controller" name="kubelet-server-cert-files::/var/lib/rancher/k3s/agent/serving-kubelet.crt::/var/lib/rancher/k3s/agent/serving-kubelet.key"
2025-01-30 18:44:32,271 INFO c.h.h.t.OperatorHelmChartContainer - [K3S] [kubelet_network_linux.go:50] "Initialized iptables rules." protocol="IPv4"
2025-01-30 18:44:32,271 INFO c.h.h.t.OperatorHelmChartContainer - [K3S] [kubelet_network_linux.go:50] "Initialized iptables rules." protocol="IPv6"
2025-01-30 18:44:32,271 INFO c.h.h.t.OperatorHelmChartContainer - [K3S] [status_manager.go:227] "Starting to sync pod status with apiserver"
2025-01-30 18:44:32,271 INFO c.h.h.t.OperatorHelmChartContainer - [K3S] [watchdog_linux.go:127] "Systemd watchdog is not enabled or the interval is invalid, so health checking will not be started."
2025-01-30 18:44:32,271 INFO c.h.h.t.OperatorHelmChartContainer - [K3S] [kubelet.go:2388] "Starting kubelet main sync loop"
2025-01-30 18:44:32,271 INFO c.h.h.t.OperatorHelmChartContainer - [K3S] [kubelet.go:2412] "Skipping pod synchronization" err="[container runtime status check may not have completed yet, PLEG is not healthy: pleg has yet to be successful]"
2025-01-30 18:44:32,280 INFO c.h.h.t.OperatorHelmChartContainer - [K3S] [nodelease.go:49] "Failed to get node when trying to set owner ref to the node lease" err="nodes \"93c0cd2b5546\" not found" node="93c0cd2b5546"
2025-01-30 18:44:32,312 INFO c.h.h.t.OperatorHelmChartContainer - [K3S] [cpu_manager.go:221] "Starting CPU manager" policy="none"
2025-01-30 18:44:32,315 INFO c.h.h.t.OperatorHelmChartContainer - [K3S] [cpu_manager.go:222] "Reconciling" reconcilePeriod="10s"
2025-01-30 18:44:32,316 INFO c.h.h.t.OperatorHelmChartContainer - [K3S] [state_mem.go:36] "Initialized new in-memory state store"
2025-01-30 18:44:32,324 INFO c.h.h.t.OperatorHelmChartContainer - [K3S] [policy_none.go:49] "None policy: Start"
2025-01-30 18:44:32,328 INFO c.h.h.t.OperatorHelmChartContainer - [K3S] [memory_manager.go:186] "Starting memorymanager" policy="None"
2025-01-30 18:44:32,328 INFO c.h.h.t.OperatorHelmChartContainer - [K3S] [state_mem.go:35] "Initializing new in-memory state store"
2025-01-30 18:44:32,329 INFO c.h.h.t.OperatorHelmChartContainer - [K3S] [manager.go:519] "Failed to read data from checkpoint" checkpoint="kubelet_internal_checkpoint" err="checkpoint is not found"
2025-01-30 18:44:32,330 INFO c.h.h.t.OperatorHelmChartContainer - [K3S] [eviction_manager.go:189] "Eviction manager: starting control loop"
2025-01-30 18:44:32,332 INFO c.h.h.t.OperatorHelmChartContainer - [K3S] [container_log_manager.go:189] "Initializing container log rotate workers" workers=1 monitorPeriod="10s"
2025-01-30 18:44:32,332 INFO c.h.h.t.OperatorHelmChartContainer - [K3S] [plugin_manager.go:118] "Starting Kubelet Plugin Manager"
2025-01-30 18:44:32,332 INFO c.h.h.t.OperatorHelmChartContainer - [K3S] [eviction_manager.go:267] "eviction manager: failed to check if we have separate container filesystem. Ignoring." err="no imagefs label for configured runtime"
2025-01-30 18:44:32,332 INFO c.h.h.t.OperatorHelmChartContainer - [K3S] [eviction_manager.go:292] "Eviction manager: failed to get summary stats" err="failed to get node info: node \"93c0cd2b5546\" not found"
2025-01-30 18:44:32,432 INFO c.h.h.t.OperatorHelmChartContainer - [K3S] [kubelet_node_status.go:76] "Attempting to register node" node="93c0cd2b5546"
2025-01-30 18:44:32,436 INFO c.h.h.t.OperatorHelmChartContainer - [K3S] [kubelet_node_status.go:79] "Successfully registered node" node="93c0cd2b5546"
2025-01-30 18:44:32,436 INFO c.h.h.t.OperatorHelmChartContainer - [K3S] [kubelet_node_status.go:549] "Error updating node status, will retry" err="error getting node \"93c0cd2b5546\": node \"93c0cd2b5546\" not found"
2025-01-30 18:44:32,444 INFO c.h.h.t.OperatorHelmChartContainer - [K3S] [INFO] Annotations and labels have been set successfully on node: 93c0cd2b5546
2025-01-30 18:44:32,445 INFO c.h.h.t.OperatorHelmChartContainer - [K3S] [INFO] Starting flannel with backend vxlan
2025-01-30 18:44:32,570 INFO c.h.h.t.OperatorHelmChartContainer - [K3S] [INFO] Done waiting for CRD helmchartconfigs.helm.cattle.io to become available
2025-01-30 18:44:32,571 INFO c.h.h.t.OperatorHelmChartContainer - [K3S] [INFO] Writing static file: /var/lib/rancher/k3s/server/static/charts/traefik-27.0.201+up27.0.2.tgz
2025-01-30 18:44:32,571 INFO c.h.h.t.OperatorHelmChartContainer - [K3S] [INFO] Writing static file: /var/lib/rancher/k3s/server/static/charts/traefik-crd-27.0.201+up27.0.2.tgz
2025-01-30 18:44:32,572 INFO c.h.h.t.OperatorHelmChartContainer - [K3S] [INFO] Writing manifest: /var/lib/rancher/k3s/server/manifests/metrics-server/metrics-server-deployment.yaml
2025-01-30 18:44:32,573 INFO c.h.h.t.OperatorHelmChartContainer - [K3S] [INFO] Writing manifest: /var/lib/rancher/k3s/server/manifests/metrics-server/metrics-server-service.yaml
2025-01-30 18:44:32,573 INFO c.h.h.t.OperatorHelmChartContainer - [K3S] [INFO] Writing manifest: /var/lib/rancher/k3s/server/manifests/rolebindings.yaml
2025-01-30 18:44:32,573 INFO c.h.h.t.OperatorHelmChartContainer - [K3S] [INFO] Writing manifest: /var/lib/rancher/k3s/server/manifests/metrics-server/auth-delegator.yaml
2025-01-30 18:44:32,573 INFO c.h.h.t.OperatorHelmChartContainer - [K3S] [INFO] Writing manifest: /var/lib/rancher/k3s/server/manifests/metrics-server/auth-reader.yaml
2025-01-30 18:44:32,573 INFO c.h.h.t.OperatorHelmChartContainer - [K3S] [INFO] Writing manifest: /var/lib/rancher/k3s/server/manifests/local-storage.yaml
2025-01-30 18:44:32,573 INFO c.h.h.t.OperatorHelmChartContainer - [K3S] [INFO] Writing manifest: /var/lib/rancher/k3s/server/manifests/metrics-server/aggregated-metrics-reader.yaml
2025-01-30 18:44:32,573 INFO c.h.h.t.OperatorHelmChartContainer - [K3S] [INFO] Writing manifest: /var/lib/rancher/k3s/server/manifests/metrics-server/metrics-apiservice.yaml
2025-01-30 18:44:32,573 INFO c.h.h.t.OperatorHelmChartContainer - [K3S] [INFO] Writing manifest: /var/lib/rancher/k3s/server/manifests/metrics-server/resource-reader.yaml
2025-01-30 18:44:32,574 INFO c.h.h.t.OperatorHelmChartContainer - [K3S] [INFO] Writing manifest: /var/lib/rancher/k3s/server/manifests/runtimes.yaml
2025-01-30 18:44:32,574 INFO c.h.h.t.OperatorHelmChartContainer - [K3S] [INFO] Writing manifest: /var/lib/rancher/k3s/server/manifests/ccm.yaml
2025-01-30 18:44:32,575 INFO c.h.h.t.OperatorHelmChartContainer - [K3S] [INFO] Writing manifest: /var/lib/rancher/k3s/server/manifests/coredns.yaml
2025-01-30 18:44:32,575 INFO c.h.h.t.OperatorHelmChartContainer - [K3S] [INFO] Starting dynamiclistener CN filter node controller with SANs: [localhost 127.0.0.1 ::1 localhost 93c0cd2b5546 172.17.0.3 10.43.0.1 kubernetes kubernetes.default kubernetes.default.svc kubernetes.default.svc.cluster.local]
2025-01-30 18:44:32,575 INFO c.h.h.t.OperatorHelmChartContainer - [K3S] [INFO] Tunnel server egress proxy mode: agent
2025-01-30 18:44:32,593 INFO c.h.h.t.OperatorHelmChartContainer - [K3S] [server.go:698] "Successfully retrieved node IP(s)" IPs=["172.17.0.3"]
2025-01-30 18:44:32,593 INFO c.h.h.t.OperatorHelmChartContainer - [K3S] [server.go:234] "Kube-proxy configuration may be incomplete or incorrect" err="nodePortAddresses is unset; NodePort connections will be accepted on all local IPs. Consider using `--nodeport-addresses primary`"
2025-01-30 18:44:32,597 INFO c.h.h.t.OperatorHelmChartContainer - [K3S] [server.go:243] "kube-proxy running in dual-stack mode" primary ipFamily="IPv4"
2025-01-30 18:44:32,597 INFO c.h.h.t.OperatorHelmChartContainer - [K3S] [server_linux.go:170] "Using iptables Proxier"
2025-01-30 18:44:32,602 INFO c.h.h.t.OperatorHelmChartContainer - [K3S] [proxier.go:255] "Setting route_localnet=1 to allow node-ports on localhost; to change this either disable iptables.localhostNodePorts (--iptables-localhost-nodeports) or set nodePortAddresses (--nodeport-addresses) to filter loopback addresses"
2025-01-30 18:44:32,602 INFO c.h.h.t.OperatorHelmChartContainer - [K3S] [server.go:497] "Version info" version="v1.32.1+k3s1"
2025-01-30 18:44:32,602 INFO c.h.h.t.OperatorHelmChartContainer - [K3S] [server.go:499] "Golang settings" GOGC="" GOMAXPROCS="" GOTRACEBACK=""
2025-01-30 18:44:32,603 INFO c.h.h.t.OperatorHelmChartContainer - [K3S] [config.go:199] "Starting service config controller"
2025-01-30 18:44:32,603 INFO c.h.h.t.OperatorHelmChartContainer - [K3S] [config.go:105] "Starting endpoint slice config controller"
2025-01-30 18:44:32,603 INFO c.h.h.t.OperatorHelmChartContainer - [K3S] [config.go:329] "Starting node config controller"
2025-01-30 18:44:32,645 INFO c.h.h.t.OperatorHelmChartContainer - [K3S] [kubelet_node_status.go:502] "Fast updating node status as it just became ready"
2025-01-30 18:44:32,683 INFO c.h.h.t.OperatorHelmChartContainer - [K3S] [INFO] Starting k3s.cattle.io/v1, Kind=Addon controller
2025-01-30 18:44:32,683 INFO c.h.h.t.OperatorHelmChartContainer - [K3S] [INFO] Creating deploy event broadcaster
2025-01-30 18:44:32,777 INFO c.h.h.t.OperatorHelmChartContainer - [K3S] [serving.go:392] Generated self-signed cert in-memory
2025-01-30 18:44:32,783 INFO c.h.h.t.OperatorHelmChartContainer - [K3S] [INFO] Starting /v1, Kind=Node controller
2025-01-30 18:44:32,785 INFO c.h.h.t.OperatorHelmChartContainer - [K3S] [INFO] Creating helm-controller event broadcaster
2025-01-30 18:44:32,798 INFO c.h.h.t.OperatorHelmChartContainer - [K3S] [INFO] Cluster dns configmap has been set successfully
2025-01-30 18:44:32,799 INFO c.h.h.t.OperatorHelmChartContainer - [K3S] [INFO] Labels and annotations have been set successfully on node: 93c0cd2b5546
2025-01-30 18:44:32,852 INFO c.h.h.t.OperatorHelmChartContainer - [K3S] [INFO] Starting /v1, Kind=ServiceAccount controller
2025-01-30 18:44:32,852 INFO c.h.h.t.OperatorHelmChartContainer - [K3S] [INFO] Starting /v1, Kind=Secret controller
2025-01-30 18:44:32,852 INFO c.h.h.t.OperatorHelmChartContainer - [K3S] [INFO] Starting /v1, Kind=ConfigMap controller
2025-01-30 18:44:32,858 INFO c.h.h.t.OperatorHelmChartContainer - [K3S] [INFO] Updating TLS secret for kube-system/k3s-serving (count: 10): map[listener.cattle.io/cn-10.43.0.1:10.43.0.1 listener.cattle.io/cn-127.0.0.1:127.0.0.1 listener.cattle.io/cn-172.17.0.3:172.17.0.3 listener.cattle.io/cn-93c0cd2b5546:93c0cd2b5546 listener.cattle.io/cn-__1-f16284:::1 listener.cattle.io/cn-kubernetes:kubernetes listener.cattle.io/cn-kubernetes.default:kubernetes.default listener.cattle.io/cn-kubernetes.default.svc:kubernetes.default.svc listener.cattle.io/cn-kubernetes.default.svc.cluster.local:kubernetes.default.svc.cluster.local listener.cattle.io/cn-localhost:localhost listener.cattle.io/fingerprint:SHA1=E625E7A399967905CCEB0CC058EF69398D2B6E0F]
2025-01-30 18:44:32,861 INFO c.h.h.t.OperatorHelmChartContainer - [K3S] [INFO] Active TLS secret kube-system/k3s-serving (ver=230) (count 10): map[listener.cattle.io/cn-10.43.0.1:10.43.0.1 listener.cattle.io/cn-127.0.0.1:127.0.0.1 listener.cattle.io/cn-172.17.0.3:172.17.0.3 listener.cattle.io/cn-93c0cd2b5546:93c0cd2b5546 listener.cattle.io/cn-__1-f16284:::1 listener.cattle.io/cn-kubernetes:kubernetes listener.cattle.io/cn-kubernetes.default:kubernetes.default listener.cattle.io/cn-kubernetes.default.svc:kubernetes.default.svc listener.cattle.io/cn-kubernetes.default.svc.cluster.local:kubernetes.default.svc.cluster.local listener.cattle.io/cn-localhost:localhost listener.cattle.io/fingerprint:SHA1=E625E7A399967905CCEB0CC058EF69398D2B6E0F]
2025-01-30 18:44:32,895 INFO c.h.h.t.OperatorHelmChartContainer - [K3S] [INFO] Starting helm.cattle.io/v1, Kind=HelmChartConfig controller
2025-01-30 18:44:32,895 INFO c.h.h.t.OperatorHelmChartContainer - [K3S] [INFO] Starting helm.cattle.io/v1, Kind=HelmChart controller
2025-01-30 18:44:32,898 INFO c.h.h.t.OperatorHelmChartContainer - [K3S] [INFO] Starting rbac.authorization.k8s.io/v1, Kind=ClusterRoleBinding controller
2025-01-30 18:44:32,901 INFO c.h.h.t.OperatorHelmChartContainer - [K3S] [INFO] Starting batch/v1, Kind=Job controller
2025-01-30 18:44:32,955 INFO c.h.h.t.OperatorHelmChartContainer - [K3S] [INFO] Updating TLS secret for kube-system/k3s-serving (count: 10): map[listener.cattle.io/cn-10.43.0.1:10.43.0.1 listener.cattle.io/cn-127.0.0.1:127.0.0.1 listener.cattle.io/cn-172.17.0.3:172.17.0.3 listener.cattle.io/cn-93c0cd2b5546:93c0cd2b5546 listener.cattle.io/cn-__1-f16284:::1 listener.cattle.io/cn-kubernetes:kubernetes listener.cattle.io/cn-kubernetes.default:kubernetes.default listener.cattle.io/cn-kubernetes.default.svc:kubernetes.default.svc listener.cattle.io/cn-kubernetes.default.svc.cluster.local:kubernetes.default.svc.cluster.local listener.cattle.io/cn-localhost:localhost listener.cattle.io/fingerprint:SHA1=E625E7A399967905CCEB0CC058EF69398D2B6E0F]
2025-01-30 18:44:33,049 INFO c.h.h.t.OperatorHelmChartContainer - [K3S] [controllermanager.go:185] "Starting" version="v1.32.1+k3s1"
2025-01-30 18:44:33,050 INFO c.h.h.t.OperatorHelmChartContainer - [K3S] [controllermanager.go:187] "Golang settings" GOGC="" GOMAXPROCS="" GOTRACEBACK=""
2025-01-30 18:44:33,053 INFO c.h.h.t.OperatorHelmChartContainer - [K3S] [configmap_cafile_content.go:205] "Starting controller" name="client-ca::kube-system::extension-apiserver-authentication::requestheader-client-ca-file"
2025-01-30 18:44:33,053 INFO c.h.h.t.OperatorHelmChartContainer - [K3S] [configmap_cafile_content.go:205] "Starting controller" name="client-ca::kube-system::extension-apiserver-authentication::client-ca-file"
2025-01-30 18:44:33,053 INFO c.h.h.t.OperatorHelmChartContainer - [K3S] [requestheader_controller.go:180] Starting RequestHeaderAuthRequestController
2025-01-30 18:44:33,053 INFO c.h.h.t.OperatorHelmChartContainer - [K3S] [secure_serving.go:213] Serving securely on 127.0.0.1:10257
2025-01-30 18:44:33,053 INFO c.h.h.t.OperatorHelmChartContainer - [K3S] [tlsconfig.go:243] "Starting DynamicServingCertificateController"
2025-01-30 18:44:33,060 INFO c.h.h.t.OperatorHelmChartContainer - [K3S] [controllermanager.go:765] "Started controller" controller="serviceaccount-token-controller"
2025-01-30 18:44:33,066 INFO c.h.h.t.OperatorHelmChartContainer - [K3S] [controllermanager.go:765] "Started controller" controller="statefulset-controller"
2025-01-30 18:44:33,066 INFO c.h.h.t.OperatorHelmChartContainer - [K3S] [stateful_set.go:166] "Starting stateful set controller"
2025-01-30 18:44:33,071 INFO c.h.h.t.OperatorHelmChartContainer - [K3S] [controllermanager.go:765] "Started controller" controller="certificatesigningrequest-cleaner-controller"
2025-01-30 18:44:33,071 INFO c.h.h.t.OperatorHelmChartContainer - [K3S] [cleaner.go:83] "Starting CSR cleaner controller"
2025-01-30 18:44:33,076 INFO c.h.h.t.OperatorHelmChartContainer - [K3S] [controllermanager.go:765] "Started controller" controller="ttl-controller"
2025-01-30 18:44:33,076 INFO c.h.h.t.OperatorHelmChartContainer - [K3S] [ttl_controller.go:127] "Starting TTL controller"
2025-01-30 18:44:33,081 INFO c.h.h.t.OperatorHelmChartContainer - [K3S] [controllermanager.go:765] "Started controller" controller="root-ca-certificate-publisher-controller"
2025-01-30 18:44:33,081 INFO c.h.h.t.OperatorHelmChartContainer - [K3S] [publisher.go:107] "Starting root CA cert publisher controller"
2025-01-30 18:44:33,086 INFO c.h.h.t.OperatorHelmChartContainer - [K3S] [controllermanager.go:765] "Started controller" controller="replicationcontroller-controller"
2025-01-30 18:44:33,086 INFO c.h.h.t.OperatorHelmChartContainer - [K3S] [replica_set.go:217] "Starting controller" name="replicationcontroller"
2025-01-30 18:44:33,090 INFO c.h.h.t.OperatorHelmChartContainer - [K3S] [controllermanager.go:765] "Started controller" controller="pod-garbage-collector-controller"
2025-01-30 18:44:33,090 INFO c.h.h.t.OperatorHelmChartContainer - [K3S] [gc_controller.go:99] "Starting GC controller"
2025-01-30 18:44:33,096 INFO c.h.h.t.OperatorHelmChartContainer - [K3S] [controllermanager.go:765] "Started controller" controller="disruption-controller"
2025-01-30 18:44:33,096 INFO c.h.h.t.OperatorHelmChartContainer - [K3S] [controllermanager.go:723] "Skipping a cloud provider controller" controller="service-lb-controller"
2025-01-30 18:44:33,096 INFO c.h.h.t.OperatorHelmChartContainer - [K3S] [controllermanager.go:723] "Skipping a cloud provider controller" controller="cloud-node-lifecycle-controller"
2025-01-30 18:44:33,096 INFO c.h.h.t.OperatorHelmChartContainer - [K3S] [disruption.go:452] "Sending events to api server."
2025-01-30 18:44:33,097 INFO c.h.h.t.OperatorHelmChartContainer - [K3S] [disruption.go:463] "Starting disruption controller"
2025-01-30 18:44:33,101 INFO c.h.h.t.OperatorHelmChartContainer - [K3S] [controllermanager.go:765] "Started controller" controller="persistentvolumeclaim-protection-controller"
2025-01-30 18:44:33,101 INFO c.h.h.t.OperatorHelmChartContainer - [K3S] [controllermanager.go:717] "Controller is disabled by a feature gate" controller="volumeattributesclass-protection-controller" requiredFeatureGates=["VolumeAttributesClass"]
2025-01-30 18:44:33,101 INFO c.h.h.t.OperatorHelmChartContainer - [K3S] [controllermanager.go:717] "Controller is disabled by a feature gate" controller="storageversion-garbage-collector-controller" requiredFeatureGates=["APIServerIdentity","StorageVersionAPI"]
2025-01-30 18:44:33,101 INFO c.h.h.t.OperatorHelmChartContainer - [K3S] [pvc_protection_controller.go:168] "Starting PVC protection controller"
2025-01-30 18:44:33,106 INFO c.h.h.t.OperatorHelmChartContainer - [K3S] [controllermanager.go:765] "Started controller" controller="endpoints-controller"
2025-01-30 18:44:33,106 INFO c.h.h.t.OperatorHelmChartContainer - [K3S] [endpoints_controller.go:182] "Starting endpoint controller"
2025-01-30 18:44:33,113 INFO c.h.h.t.OperatorHelmChartContainer - [K3S] [controllermanager.go:765] "Started controller" controller="endpointslice-mirroring-controller"
2025-01-30 18:44:33,113 INFO c.h.h.t.OperatorHelmChartContainer - [K3S] [endpointslicemirroring_controller.go:227] "Starting EndpointSliceMirroring controller"
2025-01-30 18:44:33,246 INFO c.h.h.t.OperatorHelmChartContainer - [K3S] [apiserver.go:52] "Watching apiserver"
2025-01-30 18:44:33,256 INFO c.h.h.t.OperatorHelmChartContainer - [K3S] [desired_state_of_world_populator.go:157] "Finished populating initial desired state of world"
2025-01-30 18:44:33,363 INFO c.h.h.t.OperatorHelmChartContainer - [K3S] [graph_builder.go:351] "Running" component="GraphBuilder"
2025-01-30 18:44:33,363 INFO c.h.h.t.OperatorHelmChartContainer - [K3S] [controllermanager.go:765] "Started controller" controller="garbage-collector-controller"
2025-01-30 18:44:33,363 INFO c.h.h.t.OperatorHelmChartContainer - [K3S] [controllermanager.go:743] "Warning: skipping controller" controller="storage-version-migrator-controller"
2025-01-30 18:44:33,716 INFO c.h.h.t.OperatorHelmChartContainer - [K3S] [range_allocator.go:112] "No Secondary Service CIDR provided. Skipping filtering out secondary service addresses"
2025-01-30 18:44:33,716 INFO c.h.h.t.OperatorHelmChartContainer - [K3S] [controllermanager.go:765] "Started controller" controller="node-ipam-controller"
2025-01-30 18:44:33,716 INFO c.h.h.t.OperatorHelmChartContainer - [K3S] [node_ipam_controller.go:141] "Starting ipam controller"
2025-01-30 18:44:33,864 INFO c.h.h.t.OperatorHelmChartContainer - [K3S] [controllermanager.go:765] "Started controller" controller="persistentvolume-attach-detach-controller"
2025-01-30 18:44:33,864 INFO c.h.h.t.OperatorHelmChartContainer - [K3S] [attach_detach_controller.go:338] "Starting attach detach controller"
2025-01-30 18:44:34,014 INFO c.h.h.t.OperatorHelmChartContainer - [K3S] [controllermanager.go:765] "Started controller" controller="ttl-after-finished-controller"
2025-01-30 18:44:34,014 INFO c.h.h.t.OperatorHelmChartContainer - [K3S] [controllermanager.go:717] "Controller is disabled by a feature gate" controller="service-cidr-controller" requiredFeatureGates=["MultiCIDRServiceAllocator"]
2025-01-30 18:44:34,014 INFO c.h.h.t.OperatorHelmChartContainer - [K3S] [ttlafterfinished_controller.go:112] "Starting TTL after finished controller"
2025-01-30 18:44:34,163 INFO c.h.h.t.OperatorHelmChartContainer - [K3S] [controllermanager.go:765] "Started controller" controller="serviceaccount-controller"
2025-01-30 18:44:34,163 INFO c.h.h.t.OperatorHelmChartContainer - [K3S] [serviceaccounts_controller.go:114] "Starting service account controller"
2025-01-30 18:44:34,314 INFO c.h.h.t.OperatorHelmChartContainer - [K3S] [controllermanager.go:765] "Started controller" controller="job-controller"
2025-01-30 18:44:34,314 INFO c.h.h.t.OperatorHelmChartContainer - [K3S] [controllermanager.go:728] "Warning: controller is disabled" controller="bootstrap-signer-controller"
2025-01-30 18:44:34,314 INFO c.h.h.t.OperatorHelmChartContainer - [K3S] [job_controller.go:243] "Starting job controller"
2025-01-30 18:44:34,464 INFO c.h.h.t.OperatorHelmChartContainer - [K3S] [controllermanager.go:765] "Started controller" controller="legacy-serviceaccount-token-cleaner-controller"
2025-01-30 18:44:34,464 INFO c.h.h.t.OperatorHelmChartContainer - [K3S] [legacy_serviceaccount_token_cleaner.go:103] "Starting legacy service account token cleaner controller"
2025-01-30 18:44:34,664 INFO c.h.h.t.OperatorHelmChartContainer - [K3S] [controllermanager.go:765] "Started controller" controller="validatingadmissionpolicy-status-controller"
2025-01-30 18:44:34,686 INFO c.h.h.t.OperatorHelmChartContainer - [K3S] [event.go:389] "Event occurred" object="kube-system/ccm" fieldPath="" kind="Addon" apiVersion="k3s.cattle.io/v1" type="Normal" reason="ApplyingManifest" message="Applying manifest at \"/var/lib/rancher/k3s/server/manifests/ccm.yaml\""
2025-01-30 18:44:34,707 INFO c.h.h.t.OperatorHelmChartContainer - [K3S] [event.go:389] "Event occurred" object="kube-system/ccm" fieldPath="" kind="Addon" apiVersion="k3s.cattle.io/v1" type="Normal" reason="AppliedManifest" message="Applied manifest at \"/var/lib/rancher/k3s/server/manifests/ccm.yaml\""
2025-01-30 18:44:34,711 INFO c.h.h.t.OperatorHelmChartContainer - [K3S] [event.go:389] "Event occurred" object="93c0cd2b5546" fieldPath="" kind="Node" apiVersion="" type="Normal" reason="NodePasswordValidationComplete" message="Deferred node password secret validation complete"
2025-01-30 18:44:34,713 INFO c.h.h.t.OperatorHelmChartContainer - [K3S] [controllermanager.go:765] "Started controller" controller="taint-eviction-controller"
2025-01-30 18:44:34,713 INFO c.h.h.t.OperatorHelmChartContainer - [K3S] [taint_eviction.go:281] "Starting" controller="taint-eviction-controller"
2025-01-30 18:44:34,713 INFO c.h.h.t.OperatorHelmChartContainer - [K3S] [taint_eviction.go:287] "Sending events to api server"
2025-01-30 18:44:34,716 INFO c.h.h.t.OperatorHelmChartContainer - [K3S] [event.go:389] "Event occurred" object="kube-system/coredns" fieldPath="" kind="Addon" apiVersion="k3s.cattle.io/v1" type="Normal" reason="ApplyingManifest" message="Applying manifest at \"/var/lib/rancher/k3s/server/manifests/coredns.yaml\""
2025-01-30 18:44:34,764 INFO c.h.h.t.OperatorHelmChartContainer - [K3S] [certificate_controller.go:120] "Starting certificate controller" name="csrsigning-kubelet-serving"
2025-01-30 18:44:34,764 INFO c.h.h.t.OperatorHelmChartContainer - [K3S] [dynamic_serving_content.go:135] "Starting controller" name="csr-controller::/var/lib/rancher/k3s/server/tls/server-ca.nochain.crt::/var/lib/rancher/k3s/server/tls/server-ca.key"
2025-01-30 18:44:34,764 INFO c.h.h.t.OperatorHelmChartContainer - [K3S] [certificate_controller.go:120] "Starting certificate controller" name="csrsigning-kubelet-client"
2025-01-30 18:44:34,764 INFO c.h.h.t.OperatorHelmChartContainer - [K3S] [dynamic_serving_content.go:135] "Starting controller" name="csr-controller::/var/lib/rancher/k3s/server/tls/client-ca.nochain.crt::/var/lib/rancher/k3s/server/tls/client-ca.key"
2025-01-30 18:44:34,764 INFO c.h.h.t.OperatorHelmChartContainer - [K3S] [certificate_controller.go:120] "Starting certificate controller" name="csrsigning-kube-apiserver-client"
2025-01-30 18:44:34,764 INFO c.h.h.t.OperatorHelmChartContainer - [K3S] [dynamic_serving_content.go:135] "Starting controller" name="csr-controller::/var/lib/rancher/k3s/server/tls/client-ca.nochain.crt::/var/lib/rancher/k3s/server/tls/client-ca.key"
2025-01-30 18:44:34,764 INFO c.h.h.t.OperatorHelmChartContainer - [K3S] [controllermanager.go:765] "Started controller" controller="certificatesigningrequest-signing-controller"
2025-01-30 18:44:34,764 INFO c.h.h.t.OperatorHelmChartContainer - [K3S] [certificate_controller.go:120] "Starting certificate controller" name="csrsigning-legacy-unknown"
2025-01-30 18:44:34,764 INFO c.h.h.t.OperatorHelmChartContainer - [K3S] [dynamic_serving_content.go:135] "Starting controller" name="csr-controller::/var/lib/rancher/k3s/server/tls/server-ca.nochain.crt::/var/lib/rancher/k3s/server/tls/server-ca.key"
2025-01-30 18:44:34,812 INFO c.h.h.t.OperatorHelmChartContainer - [K3S] [controllermanager.go:765] "Started controller" controller="certificatesigningrequest-approving-controller"
2025-01-30 18:44:34,812 INFO c.h.h.t.OperatorHelmChartContainer - [K3S] [controllermanager.go:723] "Skipping a cloud provider controller" controller="node-route-controller"
2025-01-30 18:44:34,812 INFO c.h.h.t.OperatorHelmChartContainer - [K3S] [certificate_controller.go:120] "Starting certificate controller" name="csrapproving"
2025-01-30 18:44:34,817 INFO c.h.h.t.OperatorHelmChartContainer - [K3S] [alloc.go:330] "allocated clusterIPs" service="kube-system/kube-dns" clusterIPs={"IPv4":"10.43.0.10"}
2025-01-30 18:44:34,818 INFO c.h.h.t.OperatorHelmChartContainer - [K3S] [event.go:389] "Event occurred" object="kube-system/coredns" fieldPath="" kind="Addon" apiVersion="k3s.cattle.io/v1" type="Normal" reason="AppliedManifest" message="Applied manifest at \"/var/lib/rancher/k3s/server/manifests/coredns.yaml\""
2025-01-30 18:44:34,824 INFO c.h.h.t.OperatorHelmChartContainer - [K3S] [event.go:389] "Event occurred" object="kube-system/local-storage" fieldPath="" kind="Addon" apiVersion="k3s.cattle.io/v1" type="Normal" reason="ApplyingManifest" message="Applying manifest at \"/var/lib/rancher/k3s/server/manifests/local-storage.yaml\""
2025-01-30 18:44:34,917 INFO c.h.h.t.OperatorHelmChartContainer - [K3S] [event.go:389] "Event occurred" object="kube-system/local-storage" fieldPath="" kind="Addon" apiVersion="k3s.cattle.io/v1" type="Normal" reason="AppliedManifest" message="Applied manifest at \"/var/lib/rancher/k3s/server/manifests/local-storage.yaml\""
2025-01-30 18:44:34,922 INFO c.h.h.t.OperatorHelmChartContainer - [K3S] [event.go:389] "Event occurred" object="kube-system/aggregated-metrics-reader" fieldPath="" kind="Addon" apiVersion="k3s.cattle.io/v1" type="Normal" reason="ApplyingManifest" message="Applying manifest at \"/var/lib/rancher/k3s/server/manifests/metrics-server/aggregated-metrics-reader.yaml\""
2025-01-30 18:44:34,963 INFO c.h.h.t.OperatorHelmChartContainer - [K3S] [controllermanager.go:765] "Started controller" controller="clusterrole-aggregation-controller"
2025-01-30 18:44:34,963 INFO c.h.h.t.OperatorHelmChartContainer - [K3S] [clusterroleaggregation_controller.go:194] "Starting ClusterRoleAggregator controller"
2025-01-30 18:44:34,993 INFO c.h.h.t.OperatorHelmChartContainer - [K3S] [event.go:389] "Event occurred" object="kube-system/aggregated-metrics-reader" fieldPath="" kind="Addon" apiVersion="k3s.cattle.io/v1" type="Normal" reason="AppliedManifest" message="Applied manifest at \"/var/lib/rancher/k3s/server/manifests/metrics-server/aggregated-metrics-reader.yaml\""
2025-01-30 18:44:34,998 INFO c.h.h.t.OperatorHelmChartContainer - [K3S] [event.go:389] "Event occurred" object="kube-system/auth-delegator" fieldPath="" kind="Addon" apiVersion="k3s.cattle.io/v1" type="Normal" reason="ApplyingManifest" message="Applying manifest at \"/var/lib/rancher/k3s/server/manifests/metrics-server/auth-delegator.yaml\""
2025-01-30 18:44:35,002 INFO c.h.h.t.OperatorHelmChartContainer - [K3S] [event.go:389] "Event occurred" object="kube-system/auth-delegator" fieldPath="" kind="Addon" apiVersion="k3s.cattle.io/v1" type="Normal" reason="AppliedManifest" message="Applied manifest at \"/var/lib/rancher/k3s/server/manifests/metrics-server/auth-delegator.yaml\""
2025-01-30 18:44:35,007 INFO c.h.h.t.OperatorHelmChartContainer - [K3S] [event.go:389] "Event occurred" object="kube-system/auth-reader" fieldPath="" kind="Addon" apiVersion="k3s.cattle.io/v1" type="Normal" reason="ApplyingManifest" message="Applying manifest at \"/var/lib/rancher/k3s/server/manifests/metrics-server/auth-reader.yaml\""
2025-01-30 18:44:35,012 INFO c.h.h.t.OperatorHelmChartContainer - [K3S] [event.go:389] "Event occurred" object="kube-system/auth-reader" fieldPath="" kind="Addon" apiVersion="k3s.cattle.io/v1" type="Normal" reason="AppliedManifest" message="Applied manifest at \"/var/lib/rancher/k3s/server/manifests/metrics-server/auth-reader.yaml\""
2025-01-30 18:44:35,018 INFO c.h.h.t.OperatorHelmChartContainer - [K3S] [event.go:389] "Event occurred" object="kube-system/metrics-apiservice" fieldPath="" kind="Addon" apiVersion="k3s.cattle.io/v1" type="Normal" reason="ApplyingManifest" message="Applying manifest at \"/var/lib/rancher/k3s/server/manifests/metrics-server/metrics-apiservice.yaml\""
2025-01-30 18:44:35,024 INFO c.h.h.t.OperatorHelmChartContainer - [K3S] [event.go:389] "Event occurred" object="kube-system/metrics-apiservice" fieldPath="" kind="Addon" apiVersion="k3s.cattle.io/v1" type="Normal" reason="AppliedManifest" message="Applied manifest at \"/var/lib/rancher/k3s/server/manifests/metrics-server/metrics-apiservice.yaml\""
2025-01-30 18:44:35,028 INFO c.h.h.t.OperatorHelmChartContainer - [K3S] [handler_proxy.go:99] no RequestInfo found in the context
2025-01-30 18:44:35,028 INFO c.h.h.t.OperatorHelmChartContainer - [K3S] [controller.go:146] "Unhandled Error" err=<
2025-01-30 18:44:35,028 INFO c.h.h.t.OperatorHelmChartContainer - [K3S] 	, Header: map[Content-Type:[text/plain; charset=utf-8] X-Content-Type-Options:[nosniff]]
2025-01-30 18:44:35,028 INFO c.h.h.t.OperatorHelmChartContainer - [K3S]  >
2025-01-30 18:44:35,029 INFO c.h.h.t.OperatorHelmChartContainer - [K3S] [handler_proxy.go:143] error resolving kube-system/metrics-server: service "metrics-server" not found
2025-01-30 18:44:35,030 INFO c.h.h.t.OperatorHelmChartContainer - [K3S] [event.go:389] "Event occurred" object="kube-system/metrics-server-deployment" fieldPath="" kind="Addon" apiVersion="k3s.cattle.io/v1" type="Normal" reason="ApplyingManifest" message="Applying manifest at \"/var/lib/rancher/k3s/server/manifests/metrics-server/metrics-server-deployment.yaml\""
2025-01-30 18:44:35,040 INFO c.h.h.t.OperatorHelmChartContainer - [K3S] [event.go:389] "Event occurred" object="kube-system/metrics-server-deployment" fieldPath="" kind="Addon" apiVersion="k3s.cattle.io/v1" type="Normal" reason="AppliedManifest" message="Applied manifest at \"/var/lib/rancher/k3s/server/manifests/metrics-server/metrics-server-deployment.yaml\""
2025-01-30 18:44:35,046 INFO c.h.h.t.OperatorHelmChartContainer - [K3S] [event.go:389] "Event occurred" object="kube-system/metrics-server-service" fieldPath="" kind="Addon" apiVersion="k3s.cattle.io/v1" type="Normal" reason="ApplyingManifest" message="Applying manifest at \"/var/lib/rancher/k3s/server/manifests/metrics-server/metrics-server-service.yaml\""
2025-01-30 18:44:35,053 INFO c.h.h.t.OperatorHelmChartContainer - [K3S] [alloc.go:330] "allocated clusterIPs" service="kube-system/metrics-server" clusterIPs={"IPv4":"10.43.158.22"}
2025-01-30 18:44:35,053 INFO c.h.h.t.OperatorHelmChartContainer - [K3S] [event.go:389] "Event occurred" object="kube-system/metrics-server-service" fieldPath="" kind="Addon" apiVersion="k3s.cattle.io/v1" type="Normal" reason="AppliedManifest" message="Applied manifest at \"/var/lib/rancher/k3s/server/manifests/metrics-server/metrics-server-service.yaml\""
2025-01-30 18:44:35,058 INFO c.h.h.t.OperatorHelmChartContainer - [K3S] [handler_proxy.go:99] no RequestInfo found in the context
2025-01-30 18:44:35,058 INFO c.h.h.t.OperatorHelmChartContainer - [K3S] [controller.go:146] "Unhandled Error" err=<
2025-01-30 18:44:35,058 INFO c.h.h.t.OperatorHelmChartContainer - [K3S] 	, Header: map[Content-Type:[text/plain; charset=utf-8] X-Content-Type-Options:[nosniff]]
2025-01-30 18:44:35,058 INFO c.h.h.t.OperatorHelmChartContainer - [K3S]  >
2025-01-30 18:44:35,059 INFO c.h.h.t.OperatorHelmChartContainer - [K3S] [handler_proxy.go:143] error resolving kube-system/metrics-server: endpoints "metrics-server" not found
2025-01-30 18:44:35,062 INFO c.h.h.t.OperatorHelmChartContainer - [K3S] [event.go:389] "Event occurred" object="kube-system/resource-reader" fieldPath="" kind="Addon" apiVersion="k3s.cattle.io/v1" type="Normal" reason="ApplyingManifest" message="Applying manifest at \"/var/lib/rancher/k3s/server/manifests/metrics-server/resource-reader.yaml\""
2025-01-30 18:44:35,103 INFO c.h.h.t.OperatorHelmChartContainer - [K3S] [event.go:389] "Event occurred" object="kube-system/resource-reader" fieldPath="" kind="Addon" apiVersion="k3s.cattle.io/v1" type="Normal" reason="AppliedManifest" message="Applied manifest at \"/var/lib/rancher/k3s/server/manifests/metrics-server/resource-reader.yaml\""
2025-01-30 18:44:35,110 INFO c.h.h.t.OperatorHelmChartContainer - [K3S] [event.go:389] "Event occurred" object="kube-system/rolebindings" fieldPath="" kind="Addon" apiVersion="k3s.cattle.io/v1" type="Normal" reason="ApplyingManifest" message="Applying manifest at \"/var/lib/rancher/k3s/server/manifests/rolebindings.yaml\""
2025-01-30 18:44:35,114 INFO c.h.h.t.OperatorHelmChartContainer - [K3S] [controllermanager.go:765] "Started controller" controller="endpointslice-controller"
2025-01-30 18:44:35,114 INFO c.h.h.t.OperatorHelmChartContainer - [K3S] [endpointslice_controller.go:281] "Starting endpoint slice controller"
2025-01-30 18:44:35,216 INFO c.h.h.t.OperatorHelmChartContainer - [K3S] [event.go:389] "Event occurred" object="kube-system/rolebindings" fieldPath="" kind="Addon" apiVersion="k3s.cattle.io/v1" type="Normal" reason="AppliedManifest" message="Applied manifest at \"/var/lib/rancher/k3s/server/manifests/rolebindings.yaml\""
2025-01-30 18:44:35,222 INFO c.h.h.t.OperatorHelmChartContainer - [K3S] [event.go:389] "Event occurred" object="kube-system/runtimes" fieldPath="" kind="Addon" apiVersion="k3s.cattle.io/v1" type="Normal" reason="ApplyingManifest" message="Applying manifest at \"/var/lib/rancher/k3s/server/manifests/runtimes.yaml\""
2025-01-30 18:44:35,237 INFO c.h.h.t.OperatorHelmChartContainer - [K3S] [INFO] Tunnel authorizer set Kubelet Port 0.0.0.0:10250
2025-01-30 18:44:35,253 INFO c.h.h.t.OperatorHelmChartContainer - [K3S] [event.go:389] "Event occurred" object="kube-system/runtimes" fieldPath="" kind="Addon" apiVersion="k3s.cattle.io/v1" type="Normal" reason="AppliedManifest" message="Applied manifest at \"/var/lib/rancher/k3s/server/manifests/runtimes.yaml\""
2025-01-30 18:44:35,263 INFO c.h.h.t.OperatorHelmChartContainer - [K3S] [controllermanager.go:765] "Started controller" controller="token-cleaner-controller"
2025-01-30 18:44:35,263 INFO c.h.h.t.OperatorHelmChartContainer - [K3S] [tokencleaner.go:117] "Starting token cleaner controller"
2025-01-30 18:44:35,413 INFO c.h.h.t.OperatorHelmChartContainer - [K3S] [controllermanager.go:765] "Started controller" controller="persistentvolume-expander-controller"
2025-01-30 18:44:35,413 INFO c.h.h.t.OperatorHelmChartContainer - [K3S] [expand_controller.go:329] "Starting expand controller"
2025-01-30 18:44:35,463 INFO c.h.h.t.OperatorHelmChartContainer - [K3S] [node_lifecycle_controller.go:432] "Controller will reconcile labels"
2025-01-30 18:44:35,463 INFO c.h.h.t.OperatorHelmChartContainer - [K3S] [controllermanager.go:765] "Started controller" controller="node-lifecycle-controller"
2025-01-30 18:44:35,463 INFO c.h.h.t.OperatorHelmChartContainer - [K3S] [node_lifecycle_controller.go:466] "Sending events to api server"
2025-01-30 18:44:35,463 INFO c.h.h.t.OperatorHelmChartContainer - [K3S] [node_lifecycle_controller.go:477] "Starting node controller"
2025-01-30 18:44:35,477 INFO c.h.h.t.OperatorHelmChartContainer - [K3S] [serving.go:392] Generated self-signed cert in-memory
2025-01-30 18:44:35,632 INFO c.h.h.t.OperatorHelmChartContainer - [K3S] [controllermanager.go:765] "Started controller" controller="persistentvolume-binder-controller"
2025-01-30 18:44:35,632 INFO c.h.h.t.OperatorHelmChartContainer - [K3S] [pv_controller_base.go:308] "Starting persistent volume controller"
2025-01-30 18:44:35,760 INFO c.h.h.t.OperatorHelmChartContainer - [K3S] [serving.go:392] Generated self-signed cert in-memory
2025-01-30 18:44:35,764 INFO c.h.h.t.OperatorHelmChartContainer - [K3S] [controllermanager.go:765] "Started controller" controller="persistentvolume-protection-controller"
2025-01-30 18:44:35,764 INFO c.h.h.t.OperatorHelmChartContainer - [K3S] [controllermanager.go:717] "Controller is disabled by a feature gate" controller="kube-apiserver-serving-clustertrustbundle-publisher-controller" requiredFeatureGates=["ClusterTrustBundle"]
2025-01-30 18:44:35,764 INFO c.h.h.t.OperatorHelmChartContainer - [K3S] [controllermanager.go:717] "Controller is disabled by a feature gate" controller="resourceclaim-controller" requiredFeatureGates=["DynamicResourceAllocation"]
2025-01-30 18:44:35,764 INFO c.h.h.t.OperatorHelmChartContainer - [K3S] [pv_protection_controller.go:81] "Starting PV protection controller"
2025-01-30 18:44:36,024 INFO c.h.h.t.OperatorHelmChartContainer - [K3S] [handler_proxy.go:99] no RequestInfo found in the context
2025-01-30 18:44:36,024 INFO c.h.h.t.OperatorHelmChartContainer - [K3S] [handler_proxy.go:99] no RequestInfo found in the context
2025-01-30 18:44:36,024 INFO c.h.h.t.OperatorHelmChartContainer - [K3S] [controller.go:102] "Unhandled Error" err=<
2025-01-30 18:44:36,024 INFO c.h.h.t.OperatorHelmChartContainer - [K3S] 	, Header: map[Content-Type:[text/plain; charset=utf-8] X-Content-Type-Options:[nosniff]]
2025-01-30 18:44:36,025 INFO c.h.h.t.OperatorHelmChartContainer - [K3S]  >
2025-01-30 18:44:36,070 INFO c.h.h.t.OperatorHelmChartContainer - [K3S] [controllermanager.go:765] "Started controller" controller="resourcequota-controller"
2025-01-30 18:44:36,070 INFO c.h.h.t.OperatorHelmChartContainer - [K3S] [resource_quota_controller.go:300] "Starting resource quota controller"
2025-01-30 18:44:36,214 INFO c.h.h.t.OperatorHelmChartContainer - [K3S] [controllermanager.go:765] "Started controller" controller="daemonset-controller"
2025-01-30 18:44:36,214 INFO c.h.h.t.OperatorHelmChartContainer - [K3S] [controllermanager.go:717] "Controller is disabled by a feature gate" controller="selinux-warning-controller" requiredFeatureGates=["SELinuxChangePolicy"]
2025-01-30 18:44:36,214 INFO c.h.h.t.OperatorHelmChartContainer - [K3S] [daemon_controller.go:294] "Starting daemon sets controller"
2025-01-30 18:44:36,235 INFO c.h.h.t.OperatorHelmChartContainer - [K3S] [INFO] Started tunnel to 172.17.0.3:6443
2025-01-30 18:44:36,235 INFO c.h.h.t.OperatorHelmChartContainer - [K3S] [INFO] Stopped tunnel to 127.0.0.1:6443
2025-01-30 18:44:36,236 INFO c.h.h.t.OperatorHelmChartContainer - [K3S] [INFO] Connecting to proxy" url="wss://172.17.0.3:6443/v1-k3s/connect
2025-01-30 18:44:36,236 INFO c.h.h.t.OperatorHelmChartContainer - [K3S] [INFO] Proxy done" err="context canceled" url="wss://127.0.0.1:6443/v1-k3s/connect
2025-01-30 18:44:36,236 INFO c.h.h.t.OperatorHelmChartContainer - [K3S] [INFO] error in remotedialer server [400]: websocket: close 1006 (abnormal closure): unexpected EOF
2025-01-30 18:44:36,238 INFO c.h.h.t.OperatorHelmChartContainer - [K3S] [INFO] Handling backend connection request [93c0cd2b5546]
2025-01-30 18:44:36,238 INFO c.h.h.t.OperatorHelmChartContainer - [K3S] [INFO] Remotedialer connected to proxy" url="wss://172.17.0.3:6443/v1-k3s/connect
2025-01-30 18:44:36,332 INFO c.h.h.t.OperatorHelmChartContainer - [K3S] [controllermanager.go:160] Version: v1.32.1+k3s1
2025-01-30 18:44:36,334 INFO c.h.h.t.OperatorHelmChartContainer - [K3S] [requestheader_controller.go:180] Starting RequestHeaderAuthRequestController
2025-01-30 18:44:36,335 INFO c.h.h.t.OperatorHelmChartContainer - [K3S] [configmap_cafile_content.go:205] "Starting controller" name="client-ca::kube-system::extension-apiserver-authentication::requestheader-client-ca-file"
2025-01-30 18:44:36,335 INFO c.h.h.t.OperatorHelmChartContainer - [K3S] [configmap_cafile_content.go:205] "Starting controller" name="client-ca::kube-system::extension-apiserver-authentication::client-ca-file"
2025-01-30 18:44:36,335 INFO c.h.h.t.OperatorHelmChartContainer - [K3S] [secure_serving.go:213] Serving securely on 127.0.0.1:10258
2025-01-30 18:44:36,335 INFO c.h.h.t.OperatorHelmChartContainer - [K3S] [tlsconfig.go:243] "Starting DynamicServingCertificateController"
2025-01-30 18:44:36,341 INFO c.h.h.t.OperatorHelmChartContainer - [K3S] [INFO] Creating service-lb-controller event broadcaster
2025-01-30 18:44:36,455 INFO c.h.h.t.OperatorHelmChartContainer - [K3S] [INFO] Starting /v1, Kind=Node controller
2025-01-30 18:44:36,458 INFO c.h.h.t.OperatorHelmChartContainer - [K3S] [INFO] Starting /v1, Kind=Pod controller
2025-01-30 18:44:36,461 INFO c.h.h.t.OperatorHelmChartContainer - [K3S] [INFO] Starting apps/v1, Kind=DaemonSet controller
2025-01-30 18:44:36,464 INFO c.h.h.t.OperatorHelmChartContainer - [K3S] [INFO] Starting discovery.k8s.io/v1, Kind=EndpointSlice controller
2025-01-30 18:44:36,464 INFO c.h.h.t.OperatorHelmChartContainer - [K3S] [controllermanager.go:329] Started "cloud-node-controller"
2025-01-30 18:44:36,464 INFO c.h.h.t.OperatorHelmChartContainer - [K3S] [node_controller.go:176] Sending events to api server.
2025-01-30 18:44:36,464 INFO c.h.h.t.OperatorHelmChartContainer - [K3S] [node_controller.go:185] Waiting for informer caches to sync
2025-01-30 18:44:36,464 INFO c.h.h.t.OperatorHelmChartContainer - [K3S] [controllermanager.go:329] Started "cloud-node-lifecycle-controller"
2025-01-30 18:44:36,465 INFO c.h.h.t.OperatorHelmChartContainer - [K3S] [node_lifecycle_controller.go:112] Sending events to api server
2025-01-30 18:44:36,465 INFO c.h.h.t.OperatorHelmChartContainer - [K3S] [controllermanager.go:329] Started "service-lb-controller"
2025-01-30 18:44:36,465 INFO c.h.h.t.OperatorHelmChartContainer - [K3S] [controllermanager.go:306] "node-route-controller" is disabled
2025-01-30 18:44:36,466 INFO c.h.h.t.OperatorHelmChartContainer - [K3S] [controller.go:234] Starting service controller
2025-01-30 18:44:36,513 INFO c.h.h.t.OperatorHelmChartContainer - [K3S] [controllermanager.go:765] "Started controller" controller="horizontal-pod-autoscaler-controller"
2025-01-30 18:44:36,513 INFO c.h.h.t.OperatorHelmChartContainer - [K3S] [horizontal.go:201] "Starting HPA controller"
2025-01-30 18:44:36,565 INFO c.h.h.t.OperatorHelmChartContainer - [K3S] [node_controller.go:429] Initializing node 93c0cd2b5546 with cloud provider
2025-01-30 18:44:36,569 INFO c.h.h.t.OperatorHelmChartContainer - [K3S] [node_controller.go:474] Successfully initialized node 93c0cd2b5546 with cloud provider
2025-01-30 18:44:36,569 INFO c.h.h.t.OperatorHelmChartContainer - [K3S] [event.go:389] "Event occurred" object="93c0cd2b5546" fieldPath="" kind="Node" apiVersion="v1" type="Normal" reason="Synced" message="Node synced successfully"
2025-01-30 18:44:36,580 INFO c.h.h.t.OperatorHelmChartContainer - [K3S] [INFO] Updated coredns NodeHosts entry for 93c0cd2b5546
2025-01-30 18:44:36,672 INFO c.h.h.t.OperatorHelmChartContainer - [K3S] [controllermanager.go:765] "Started controller" controller="cronjob-controller"
2025-01-30 18:44:36,672 INFO c.h.h.t.OperatorHelmChartContainer - [K3S] [cronjob_controllerv2.go:145] "Starting cronjob controller v2"
2025-01-30 18:44:36,799 INFO c.h.h.t.OperatorHelmChartContainer - [K3S] [serving.go:392] Generated self-signed cert in-memory
2025-01-30 18:44:36,814 INFO c.h.h.t.OperatorHelmChartContainer - [K3S] [controllermanager.go:765] "Started controller" controller="ephemeral-volume-controller"
2025-01-30 18:44:36,814 INFO c.h.h.t.OperatorHelmChartContainer - [K3S] [controller.go:173] "Starting ephemeral volume controller"
2025-01-30 18:44:37,038 INFO c.h.h.t.OperatorHelmChartContainer - [K3S] [server.go:164] "Starting Kubernetes Scheduler" version="v1.32.1+k3s1"
2025-01-30 18:44:37,038 INFO c.h.h.t.OperatorHelmChartContainer - [K3S] [server.go:166] "Golang settings" GOGC="" GOMAXPROCS="" GOTRACEBACK=""
2025-01-30 18:44:37,043 INFO c.h.h.t.OperatorHelmChartContainer - [K3S] [requestheader_controller.go:180] Starting RequestHeaderAuthRequestController
2025-01-30 18:44:37,043 INFO c.h.h.t.OperatorHelmChartContainer - [K3S] [configmap_cafile_content.go:205] "Starting controller" name="client-ca::kube-system::extension-apiserver-authentication::requestheader-client-ca-file"
2025-01-30 18:44:37,043 INFO c.h.h.t.OperatorHelmChartContainer - [K3S] [configmap_cafile_content.go:205] "Starting controller" name="client-ca::kube-system::extension-apiserver-authentication::client-ca-file"
2025-01-30 18:44:37,043 INFO c.h.h.t.OperatorHelmChartContainer - [K3S] [tlsconfig.go:243] "Starting DynamicServingCertificateController"
2025-01-30 18:44:37,043 INFO c.h.h.t.OperatorHelmChartContainer - [K3S] [secure_serving.go:213] Serving securely on 127.0.0.1:10259
2025-01-30 18:44:37,068 INFO c.h.h.t.OperatorHelmChartContainer - [K3S] [controllermanager.go:765] "Started controller" controller="namespace-controller"
2025-01-30 18:44:37,068 INFO c.h.h.t.OperatorHelmChartContainer - [K3S] [namespace_controller.go:202] "Starting namespace controller"
2025-01-30 18:44:37,213 INFO c.h.h.t.OperatorHelmChartContainer - [K3S] [controllermanager.go:765] "Started controller" controller="deployment-controller"
2025-01-30 18:44:37,213 INFO c.h.h.t.OperatorHelmChartContainer - [K3S] [deployment_controller.go:173] "Starting controller" controller="deployment"
2025-01-30 18:44:37,364 INFO c.h.h.t.OperatorHelmChartContainer - [K3S] [controllermanager.go:765] "Started controller" controller="replicaset-controller"
2025-01-30 18:44:37,364 INFO c.h.h.t.OperatorHelmChartContainer - [K3S] [replica_set.go:217] "Starting controller" name="replicaset"
2025-01-30 18:44:37,370 INFO c.h.h.t.OperatorHelmChartContainer - [K3S] [actual_state_of_world.go:541] "Failed to update statusUpdateNeeded field in actual state of world" err="Failed to set statusUpdateNeeded to needed true, because nodeName=\"93c0cd2b5546\" does not exist"
2025-01-30 18:44:37,417 INFO c.h.h.t.OperatorHelmChartContainer - [K3S] [range_allocator.go:177] "Sending events to api server"
2025-01-30 18:44:37,417 INFO c.h.h.t.OperatorHelmChartContainer - [K3S] [range_allocator.go:183] "Starting range CIDR allocator"
2025-01-30 18:44:37,422 INFO c.h.h.t.OperatorHelmChartContainer - [K3S] [range_allocator.go:428] "Set node PodCIDR" node="93c0cd2b5546" podCIDRs=["10.42.0.0/24"]
2025-01-30 18:44:37,422 INFO c.h.h.t.OperatorHelmChartContainer - [K3S] [range_allocator.go:247] "Successfully synced" key="93c0cd2b5546"
2025-01-30 18:44:37,422 INFO c.h.h.t.OperatorHelmChartContainer - [K3S] [range_allocator.go:247] "Successfully synced" key="93c0cd2b5546"
2025-01-30 18:44:37,422 INFO c.h.h.t.OperatorHelmChartContainer - [K3S] [INFO] Flannel found PodCIDR assigned for node 93c0cd2b5546
2025-01-30 18:44:37,423 INFO c.h.h.t.OperatorHelmChartContainer - [K3S] [INFO] The interface eth0 with ipv4 address 172.17.0.3 will be used by flannel
2025-01-30 18:44:37,424 INFO c.h.h.t.OperatorHelmChartContainer - [K3S] [kube.go:139] Waiting 10m0s for node controller to sync
2025-01-30 18:44:37,424 INFO c.h.h.t.OperatorHelmChartContainer - [K3S] [kube.go:469] Starting kube subnet manager
2025-01-30 18:44:37,463 INFO c.h.h.t.OperatorHelmChartContainer - [K3S] [node_lifecycle_controller.go:1234] "Initializing eviction metric for zone" zone=""
2025-01-30 18:44:37,463 INFO c.h.h.t.OperatorHelmChartContainer - [K3S] [node_lifecycle_controller.go:886] "Missing timestamp for Node. Assuming now as a timestamp" node="93c0cd2b5546"
2025-01-30 18:44:37,463 INFO c.h.h.t.OperatorHelmChartContainer - [K3S] [node_lifecycle_controller.go:1080] "Controller detected that zone is now in new state" zone="" newState="Normal"
2025-01-30 18:44:37,469 INFO c.h.h.t.OperatorHelmChartContainer - [K3S] [range_allocator.go:247] "Successfully synced" key="93c0cd2b5546"
2025-01-30 18:44:37,519 INFO c.h.h.t.OperatorHelmChartContainer - [K3S] [range_allocator.go:247] "Successfully synced" key="93c0cd2b5546"
2025-01-30 18:44:37,529 INFO c.h.h.t.OperatorHelmChartContainer - [K3S] [INFO] Starting network policy controller version v2.2.1, built on 2025-01-28T18:27:08Z, go1.23.4
2025-01-30 18:44:37,529 INFO c.h.h.t.OperatorHelmChartContainer - [K3S] [network_policy_controller.go:164] Starting network policy controller
2025-01-30 18:44:37,552 INFO c.h.h.t.OperatorHelmChartContainer - [K3S] [network_policy_controller.go:176] Starting network policy controller full sync goroutine
2025-01-30 18:44:37,671 INFO c.h.h.t.OperatorHelmChartContainer - [K3S] [handler_proxy.go:99] no RequestInfo found in the context
2025-01-30 18:44:37,671 INFO c.h.h.t.OperatorHelmChartContainer - [K3S] [controller.go:146] "Unhandled Error" err=<
2025-01-30 18:44:37,671 INFO c.h.h.t.OperatorHelmChartContainer - [K3S] 	, Header: map[Content-Type:[text/plain; charset=utf-8] X-Content-Type-Options:[nosniff]]
2025-01-30 18:44:37,671 INFO c.h.h.t.OperatorHelmChartContainer - [K3S]  >
2025-01-30 18:44:37,672 INFO c.h.h.t.OperatorHelmChartContainer - [K3S] [handler_proxy.go:143] error resolving kube-system/metrics-server: no endpoints available for service "metrics-server"
2025-01-30 18:44:38,277 INFO c.h.h.t.OperatorHelmChartContainer - [K3S] [replica_set.go:679] "Finished syncing" kind="ReplicaSet" key="kube-system/coredns-ff8999cc5" duration="357.073698ms"
2025-01-30 18:44:38,281 INFO c.h.h.t.OperatorHelmChartContainer - [K3S] [replica_set.go:679] "Finished syncing" kind="ReplicaSet" key="kube-system/local-path-provisioner-698b58967b" duration="361.071299ms"
2025-01-30 18:44:38,294 INFO c.h.h.t.OperatorHelmChartContainer - [K3S] [replica_set.go:679] "Finished syncing" kind="ReplicaSet" key="kube-system/metrics-server-8584b5786c" duration="373.56293ms"
2025-01-30 18:44:38,298 INFO c.h.h.t.OperatorHelmChartContainer - [K3S] [replica_set.go:679] "Finished syncing" kind="ReplicaSet" key="kube-system/coredns-ff8999cc5" duration="20.395419ms"
2025-01-30 18:44:38,298 INFO c.h.h.t.OperatorHelmChartContainer - [K3S] [replica_set.go:679] "Finished syncing" kind="ReplicaSet" key="kube-system/coredns-ff8999cc5" duration="42.198µs"
2025-01-30 18:44:38,302 INFO c.h.h.t.OperatorHelmChartContainer - [K3S] [replica_set.go:679] "Finished syncing" kind="ReplicaSet" key="kube-system/local-path-provisioner-698b58967b" duration="18.310959ms"
2025-01-30 18:44:38,307 INFO c.h.h.t.OperatorHelmChartContainer - [K3S] [replica_set.go:679] "Finished syncing" kind="ReplicaSet" key="kube-system/metrics-server-8584b5786c" duration="13.159305ms"
2025-01-30 18:44:38,307 INFO c.h.h.t.OperatorHelmChartContainer - [K3S] [replica_set.go:679] "Finished syncing" kind="ReplicaSet" key="kube-system/metrics-server-8584b5786c" duration="58.499µs"
2025-01-30 18:44:38,312 INFO c.h.h.t.OperatorHelmChartContainer - [K3S] [replica_set.go:679] "Finished syncing" kind="ReplicaSet" key="kube-system/local-path-provisioner-698b58967b" duration="12.892461ms"
2025-01-30 18:44:38,312 INFO c.h.h.t.OperatorHelmChartContainer - [K3S] [replica_set.go:679] "Finished syncing" kind="ReplicaSet" key="kube-system/local-path-provisioner-698b58967b" duration="140.22µs"
2025-01-30 18:44:38,317 INFO c.h.h.t.OperatorHelmChartContainer - [K3S] [replica_set.go:679] "Finished syncing" kind="ReplicaSet" key="kube-system/coredns-ff8999cc5" duration="34.935µs"
2025-01-30 18:44:38,323 INFO c.h.h.t.OperatorHelmChartContainer - [K3S] [replica_set.go:679] "Finished syncing" kind="ReplicaSet" key="kube-system/local-path-provisioner-698b58967b" duration="34.634µs"
2025-01-30 18:44:38,330 INFO c.h.h.t.OperatorHelmChartContainer - [K3S] [replica_set.go:679] "Finished syncing" kind="ReplicaSet" key="kube-system/metrics-server-8584b5786c" duration="35.616µs"
2025-01-30 18:44:38,385 INFO c.h.h.t.OperatorHelmChartContainer - [K3S] [reconciler_common.go:251] "operationExecutor.VerifyControllerAttachedVolume started for volume \"kube-api-access-5r9xz\" (UniqueName: \"kubernetes.io/projected/ac993ba0-7a59-4d12-86fa-bdf309326760-kube-api-access-5r9xz\") pod \"coredns-ff8999cc5-x6kr8\" (UID: \"ac993ba0-7a59-4d12-86fa-bdf309326760\") " pod="kube-system/coredns-ff8999cc5-x6kr8"
2025-01-30 18:44:38,385 INFO c.h.h.t.OperatorHelmChartContainer - [K3S] [reconciler_common.go:251] "operationExecutor.VerifyControllerAttachedVolume started for volume \"tmp-dir\" (UniqueName: \"kubernetes.io/empty-dir/1a0bfe0d-7af1-4d76-8cb8-9c6c2504b2dc-tmp-dir\") pod \"metrics-server-8584b5786c-2mw7x\" (UID: \"1a0bfe0d-7af1-4d76-8cb8-9c6c2504b2dc\") " pod="kube-system/metrics-server-8584b5786c-2mw7x"
2025-01-30 18:44:38,385 INFO c.h.h.t.OperatorHelmChartContainer - [K3S] [reconciler_common.go:251] "operationExecutor.VerifyControllerAttachedVolume started for volume \"kube-api-access-m8t64\" (UniqueName: \"kubernetes.io/projected/1a0bfe0d-7af1-4d76-8cb8-9c6c2504b2dc-kube-api-access-m8t64\") pod \"metrics-server-8584b5786c-2mw7x\" (UID: \"1a0bfe0d-7af1-4d76-8cb8-9c6c2504b2dc\") " pod="kube-system/metrics-server-8584b5786c-2mw7x"
2025-01-30 18:44:38,386 INFO c.h.h.t.OperatorHelmChartContainer - [K3S] [reconciler_common.go:251] "operationExecutor.VerifyControllerAttachedVolume started for volume \"config-volume\" (UniqueName: \"kubernetes.io/configmap/603dcee7-3f72-4e47-bf59-f27361813509-config-volume\") pod \"local-path-provisioner-698b58967b-v2kk4\" (UID: \"603dcee7-3f72-4e47-bf59-f27361813509\") " pod="kube-system/local-path-provisioner-698b58967b-v2kk4"
2025-01-30 18:44:38,386 INFO c.h.h.t.OperatorHelmChartContainer - [K3S] [reconciler_common.go:251] "operationExecutor.VerifyControllerAttachedVolume started for volume \"kube-api-access-dmfhq\" (UniqueName: \"kubernetes.io/projected/603dcee7-3f72-4e47-bf59-f27361813509-kube-api-access-dmfhq\") pod \"local-path-provisioner-698b58967b-v2kk4\" (UID: \"603dcee7-3f72-4e47-bf59-f27361813509\") " pod="kube-system/local-path-provisioner-698b58967b-v2kk4"
2025-01-30 18:44:38,386 INFO c.h.h.t.OperatorHelmChartContainer - [K3S] [reconciler_common.go:251] "operationExecutor.VerifyControllerAttachedVolume started for volume \"config-volume\" (UniqueName: \"kubernetes.io/configmap/ac993ba0-7a59-4d12-86fa-bdf309326760-config-volume\") pod \"coredns-ff8999cc5-x6kr8\" (UID: \"ac993ba0-7a59-4d12-86fa-bdf309326760\") " pod="kube-system/coredns-ff8999cc5-x6kr8"
2025-01-30 18:44:38,386 INFO c.h.h.t.OperatorHelmChartContainer - [K3S] [reconciler_common.go:251] "operationExecutor.VerifyControllerAttachedVolume started for volume \"custom-config-volume\" (UniqueName: \"kubernetes.io/configmap/ac993ba0-7a59-4d12-86fa-bdf309326760-custom-config-volume\") pod \"coredns-ff8999cc5-x6kr8\" (UID: \"ac993ba0-7a59-4d12-86fa-bdf309326760\") " pod="kube-system/coredns-ff8999cc5-x6kr8"
2025-01-30 18:44:38,424 INFO c.h.h.t.OperatorHelmChartContainer - [K3S] [kube.go:146] Node controller sync successful
2025-01-30 18:44:38,424 INFO c.h.h.t.OperatorHelmChartContainer - [K3S] [vxlan.go:141] VXLAN config: VNI=1 Port=0 GBP=false Learning=false DirectRouting=false
2025-01-30 18:44:38,427 INFO c.h.h.t.OperatorHelmChartContainer - [K3S] [kube.go:636] List of node(93c0cd2b5546) annotations: map[string]string{"alpha.kubernetes.io/provided-node-ip":"172.17.0.3", "k3s.io/hostname":"93c0cd2b5546", "k3s.io/internal-ip":"172.17.0.3", "k3s.io/node-args":"[\"server\",\"--disable\",\"traefik\",\"--tls-san\",\"localhost\"]", "k3s.io/node-config-hash":"JO7YSLDHXFTIIPZLLVI7GVGPULZK5EY6PYXUBKR6RNNG4QMX5FBQ====", "k3s.io/node-env":"{}", "node.alpha.kubernetes.io/ttl":"0", "volumes.kubernetes.io/controller-managed-attach-detach":"true"}
2025-01-30 18:44:38,433 INFO c.h.h.t.OperatorHelmChartContainer - [K3S] [iptables.go:51] Starting flannel in iptables mode...
2025-01-30 18:44:38,433 INFO c.h.h.t.OperatorHelmChartContainer - [K3S] [WARNING] no subnet found for key: FLANNEL_NETWORK in file: /run/flannel/subnet.env
2025-01-30 18:44:38,433 INFO c.h.h.t.OperatorHelmChartContainer - [K3S] [WARNING] no subnet found for key: FLANNEL_SUBNET in file: /run/flannel/subnet.env
2025-01-30 18:44:38,433 INFO c.h.h.t.OperatorHelmChartContainer - [K3S] [WARNING] no subnet found for key: FLANNEL_IPV6_NETWORK in file: /run/flannel/subnet.env
2025-01-30 18:44:38,433 INFO c.h.h.t.OperatorHelmChartContainer - [K3S] [WARNING] no subnet found for key: FLANNEL_IPV6_SUBNET in file: /run/flannel/subnet.env
2025-01-30 18:44:38,433 INFO c.h.h.t.OperatorHelmChartContainer - [K3S] [iptables.go:115] Current network or subnet (10.42.0.0/16, 10.42.0.0/24) is not equal to previous one (0.0.0.0/0, 0.0.0.0/0), trying to recycle old iptables rules
2025-01-30 18:44:38,433 INFO c.h.h.t.OperatorHelmChartContainer - [K3S] [range_allocator.go:247] "Successfully synced" key="93c0cd2b5546"
2025-01-30 18:44:38,433 INFO c.h.h.t.OperatorHelmChartContainer - [K3S] [kube.go:490] Creating the node lease for IPv4. This is the n.Spec.PodCIDRs: [10.42.0.0/24]
2025-01-30 18:44:38,439 INFO c.h.h.t.OperatorHelmChartContainer - [K3S] [iptables.go:125] Setting up masking rules
2025-01-30 18:44:38,441 INFO c.h.h.t.OperatorHelmChartContainer - [K3S] [iptables.go:226] Changing default FORWARD chain policy to ACCEPT
2025-01-30 18:44:38,443 INFO c.h.h.t.OperatorHelmChartContainer - [K3S] [INFO] Wrote flannel subnet file to /run/flannel/subnet.env
2025-01-30 18:44:38,443 INFO c.h.h.t.OperatorHelmChartContainer - [K3S] [INFO] Running flannel backend.
2025-01-30 18:44:38,443 INFO c.h.h.t.OperatorHelmChartContainer - [K3S] [vxlan_network.go:65] watching for new subnet leases
2025-01-30 18:44:38,451 INFO c.h.h.t.OperatorHelmChartContainer - [K3S] [iptables.go:372] bootstrap done
2025-01-30 18:44:38,456 INFO c.h.h.t.OperatorHelmChartContainer - [K3S] [iptables.go:372] bootstrap done
2025-01-30 18:44:38,674 INFO c.h.h.t.OperatorHelmChartContainer - [K3S] [handler_proxy.go:99] no RequestInfo found in the context
2025-01-30 18:44:38,674 INFO c.h.h.t.OperatorHelmChartContainer - [K3S] [handler_proxy.go:99] no RequestInfo found in the context
2025-01-30 18:44:38,674 INFO c.h.h.t.OperatorHelmChartContainer - [K3S] [controller.go:102] "Unhandled Error" err=<
2025-01-30 18:44:38,674 INFO c.h.h.t.OperatorHelmChartContainer - [K3S] 	, Header: map[Content-Type:[text/plain; charset=utf-8] X-Content-Type-Options:[nosniff]]
2025-01-30 18:44:38,674 INFO c.h.h.t.OperatorHelmChartContainer - [K3S]  >
2025-01-30 18:44:39,026 INFO c.h.h.t.OperatorHelmChartContainer - [K3S] [log.go:32] "RunPodSandbox from runtime service failed" err="rpc error: code = Unknown desc = failed to setup network for sandbox \"67d9eee9f1be3baa96e26783f94249e26b1be2d0bd8552c8a0cb4b67d4b93090\": plugin type=\"loopback\" failed (add): interrupted system call"
2025-01-30 18:44:39,026 INFO c.h.h.t.OperatorHelmChartContainer - [K3S] [kuberuntime_sandbox.go:72] "Failed to create sandbox for pod" err="rpc error: code = Unknown desc = failed to setup network for sandbox \"67d9eee9f1be3baa96e26783f94249e26b1be2d0bd8552c8a0cb4b67d4b93090\": plugin type=\"loopback\" failed (add): interrupted system call" pod="kube-system/coredns-ff8999cc5-x6kr8"
2025-01-30 18:44:39,026 INFO c.h.h.t.OperatorHelmChartContainer - [K3S] [kuberuntime_manager.go:1237] "CreatePodSandbox for pod failed" err="rpc error: code = Unknown desc = failed to setup network for sandbox \"67d9eee9f1be3baa96e26783f94249e26b1be2d0bd8552c8a0cb4b67d4b93090\": plugin type=\"loopback\" failed (add): interrupted system call" pod="kube-system/coredns-ff8999cc5-x6kr8"
2025-01-30 18:44:39,026 INFO c.h.h.t.OperatorHelmChartContainer - [K3S] [pod_workers.go:1301] "Error syncing pod, skipping" err="failed to \"CreatePodSandbox\" for \"coredns-ff8999cc5-x6kr8_kube-system(ac993ba0-7a59-4d12-86fa-bdf309326760)\" with CreatePodSandboxError: \"Failed to create sandbox for pod \\\"coredns-ff8999cc5-x6kr8_kube-system(ac993ba0-7a59-4d12-86fa-bdf309326760)\\\": rpc error: code = Unknown desc = failed to setup network for sandbox \\\"67d9eee9f1be3baa96e26783f94249e26b1be2d0bd8552c8a0cb4b67d4b93090\\\": plugin type=\\\"loopback\\\" failed (add): interrupted system call\"" pod="kube-system/coredns-ff8999cc5-x6kr8" podUID="ac993ba0-7a59-4d12-86fa-bdf309326760"
2025-01-30 18:44:40,323 INFO c.h.h.t.OperatorHelmChartContainer - [K3S] [replica_set.go:679] "Finished syncing" kind="ReplicaSet" key="kube-system/local-path-provisioner-698b58967b" duration="4.850375ms"
2025-01-30 18:44:40,324 INFO c.h.h.t.OperatorHelmChartContainer - [K3S] [replica_set.go:679] "Finished syncing" kind="ReplicaSet" key="kube-system/local-path-provisioner-698b58967b" duration="243.01µs"
2025-01-30 18:44:41,319 INFO c.h.h.t.OperatorHelmChartContainer - [K3S] [replica_set.go:679] "Finished syncing" kind="ReplicaSet" key="kube-system/metrics-server-8584b5786c" duration="54.551µs"
2025-01-30 18:44:42,732 INFO c.h.h.t.OperatorHelmChartContainer - [K3S] [kuberuntime_manager.go:1702] "Updating runtime config through cri with podcidr" CIDR="10.42.0.0/24"
2025-01-30 18:44:42,732 INFO c.h.h.t.OperatorHelmChartContainer - [K3S] [kubelet_network.go:61] "Updating Pod CIDR" originalPodCIDR="" newPodCIDR="10.42.0.0/24"
2025-01-30 18:44:42,738 INFO c.h.h.t.OperatorHelmChartContainer - [K3S] [range_allocator.go:247] "Successfully synced" key="93c0cd2b5546"
2025-01-30 18:44:54,343 INFO c.h.h.t.OperatorHelmChartContainer - [K3S] [replica_set.go:679] "Finished syncing" kind="ReplicaSet" key="kube-system/coredns-ff8999cc5" duration="40.075µs"
2025-01-30 18:44:54,358 INFO c.h.h.t.OperatorHelmChartContainer - [K3S] [replica_set.go:679] "Finished syncing" kind="ReplicaSet" key="kube-system/coredns-ff8999cc5" duration="5.581622ms"
2025-01-30 18:44:54,358 INFO c.h.h.t.OperatorHelmChartContainer - [K3S] [replica_set.go:679] "Finished syncing" kind="ReplicaSet" key="kube-system/coredns-ff8999cc5" duration="33.012µs"
2025-01-30 18:44:54,407 INFO c.h.h.t.OperatorHelmChartContainer - [K3S] [alloc.go:330] "allocated clusterIPs" service="default/local-hivemq-hivemq-operator-operator" clusterIPs={"IPv4":"10.43.209.199"}
2025-01-30 18:44:54,432 INFO c.h.h.t.OperatorHelmChartContainer - [K3S] [replica_set.go:679] "Finished syncing" kind="ReplicaSet" key="default/local-hivemq-hivemq-operator-operator-6b564f6db4" duration="17.089328ms"
2025-01-30 18:44:54,436 INFO c.h.h.t.OperatorHelmChartContainer - [K3S] [replica_set.go:679] "Finished syncing" kind="ReplicaSet" key="default/local-hivemq-hivemq-operator-operator-6b564f6db4" duration="3.959119ms"
2025-01-30 18:44:54,436 INFO c.h.h.t.OperatorHelmChartContainer - [K3S] [replica_set.go:679] "Finished syncing" kind="ReplicaSet" key="default/local-hivemq-hivemq-operator-operator-6b564f6db4" duration="24.245µs"
2025-01-30 18:44:54,442 INFO c.h.h.t.OperatorHelmChartContainer - [K3S] [replica_set.go:679] "Finished syncing" kind="ReplicaSet" key="default/local-hivemq-hivemq-operator-operator-6b564f6db4" duration="25.527µs"
2025-01-30 18:44:54,493 INFO c.h.h.t.OperatorHelmChartContainer - [K3S] [reconciler_common.go:251] "operationExecutor.VerifyControllerAttachedVolume started for volume \"templates\" (UniqueName: \"kubernetes.io/configmap/373f245d-fc77-45eb-8826-9d1f26d610b8-templates\") pod \"local-hivemq-hivemq-operator-operator-6b564f6db4-x2x22\" (UID: \"373f245d-fc77-45eb-8826-9d1f26d610b8\") " pod="default/local-hivemq-hivemq-operator-operator-6b564f6db4-x2x22"
2025-01-30 18:44:54,493 INFO c.h.h.t.OperatorHelmChartContainer - [K3S] [reconciler_common.go:251] "operationExecutor.VerifyControllerAttachedVolume started for volume \"kube-api-access-m6h4p\" (UniqueName: \"kubernetes.io/projected/373f245d-fc77-45eb-8826-9d1f26d610b8-kube-api-access-m6h4p\") pod \"local-hivemq-hivemq-operator-operator-6b564f6db4-x2x22\" (UID: \"373f245d-fc77-45eb-8826-9d1f26d610b8\") " pod="default/local-hivemq-hivemq-operator-operator-6b564f6db4-x2x22"
2025-01-30 18:44:54,503 DEBUG c.h.h.t.OperatorHelmChartContainer - Chart 'local-hivemq' installed or upgraded
2025-01-30 18:44:55,345 INFO c.h.h.t.OperatorHelmChartContainer - [K3S] [replica_set.go:679] "Finished syncing" kind="ReplicaSet" key="default/local-hivemq-hivemq-operator-operator-6b564f6db4" duration="6.593599ms"
2025-01-30 18:44:55,348 INFO c.h.h.t.OperatorHelmChartContainer - [K3S] [replica_set.go:679] "Finished syncing" kind="ReplicaSet" key="default/local-hivemq-hivemq-operator-operator-6b564f6db4" duration="36.718µs"
2025-01-30 18:44:57,345 INFO c.h.h.t.OperatorHelmChartContainer - [K3S] [replica_set.go:679] "Finished syncing" kind="ReplicaSet" key="kube-system/metrics-server-8584b5786c" duration="22.244243ms"
2025-01-30 18:44:57,345 INFO c.h.h.t.OperatorHelmChartContainer - [K3S] [replica_set.go:679] "Finished syncing" kind="ReplicaSet" key="kube-system/metrics-server-8584b5786c" duration="36.698µs"
2025-01-30 18:45:02,286 INFO c.h.h.t.OperatorHelmChartContainer - [K3S] [alloc.go:330] "allocated clusterIPs" service="default/hivemq-local-hivemq-cc" clusterIPs={"IPv4":"10.43.35.44"}
2025-01-30 18:45:02,299 INFO c.h.h.t.OperatorHelmChartContainer - [K3S] [alloc.go:330] "allocated clusterIPs" service="default/hivemq-local-hivemq-mqtt" clusterIPs={"IPv4":"10.43.7.216"}
2025-01-30 18:45:02,302 INFO c.h.h.t.OperatorHelmChartContainer - [K3S] [event.go:389] "Event occurred" object="default/hivemq-local-hivemq-mqtt" fieldPath="" kind="Service" apiVersion="v1" type="Normal" reason="EnsuringLoadBalancer" message="Ensuring load balancer"
2025-01-30 18:45:02,393 INFO c.h.h.t.OperatorHelmChartContainer - [K3S] [event.go:389] "Event occurred" object="default/hivemq-local-hivemq-mqtt" fieldPath="" kind="Service" apiVersion="v1" type="Normal" reason="AppliedDaemonSet" message="Applied LoadBalancer DaemonSet kube-system/svclb-hivemq-local-hivemq-mqtt-74ced9d8"
2025-01-30 18:45:03,213 INFO c.h.h.t.OperatorHelmChartContainer - [K3S] [range_allocator.go:247] "Successfully synced" key="93c0cd2b5546"
2025-01-30 18:45:03,364 INFO c.h.h.t.OperatorHelmChartContainer - [K3S] [event.go:389] "Event occurred" object="default/hivemq-local-hivemq-mqtt" fieldPath="" kind="Service" apiVersion="v1" type="Normal" reason="UpdatedLoadBalancer" message="Updated LoadBalancer with new IPs: [] -> [172.17.0.3]"
2025-01-30 18:45:03,494 DEBUG com.hivemq.helmcharts.util.K8sUtil - State to compare Pending and waiting for Running
2025-01-30 18:45:03,693 DEBUG com.hivemq.helmcharts.util.K8sUtil - State to compare Pending and waiting for Running
2025-01-30 18:45:04,797 DEBUG com.hivemq.helmcharts.util.K8sUtil - State to compare Pending and waiting for Running
2025-01-30 18:45:05,097 DEBUG com.hivemq.helmcharts.util.K8sUtil - State to compare Pending and waiting for Running
2025-01-30 18:45:05,346 DEBUG com.hivemq.helmcharts.util.K8sUtil - State to compare Updating and waiting for Running
2025-01-30 18:45:05,708 INFO c.h.h.t.OperatorHelmChartContainer - [K3S] [replica_set.go:679] "Finished syncing" kind="ReplicaSet" key="default/local-hivemq-6f4d548d79" duration="14.40306ms"
2025-01-30 18:45:05,719 INFO c.h.h.t.OperatorHelmChartContainer - [K3S] [replica_set.go:679] "Finished syncing" kind="ReplicaSet" key="default/local-hivemq-6f4d548d79" duration="11.729091ms"
2025-01-30 18:45:05,720 INFO c.h.h.t.OperatorHelmChartContainer - [K3S] [replica_set.go:679] "Finished syncing" kind="ReplicaSet" key="default/local-hivemq-6f4d548d79" duration="39.322µs"
2025-01-30 18:45:05,826 DEBUG com.hivemq.helmcharts.util.K8sUtil - State to compare Updating and waiting for Running
2025-01-30 18:45:05,872 INFO c.h.h.t.OperatorHelmChartContainer - [K3S] [reconciler_common.go:251] "operationExecutor.VerifyControllerAttachedVolume started for volume \"log\" (UniqueName: \"kubernetes.io/empty-dir/45c06608-8d51-447b-b38b-7f837fa086d5-log\") pod \"local-hivemq-6f4d548d79-7vmvb\" (UID: \"45c06608-8d51-447b-b38b-7f837fa086d5\") " pod="default/local-hivemq-6f4d548d79-7vmvb"
2025-01-30 18:45:05,875 INFO c.h.h.t.OperatorHelmChartContainer - [K3S] [reconciler_common.go:251] "operationExecutor.VerifyControllerAttachedVolume started for volume \"live-info\" (UniqueName: \"kubernetes.io/configmap/45c06608-8d51-447b-b38b-7f837fa086d5-live-info\") pod \"local-hivemq-6f4d548d79-7vmvb\" (UID: \"45c06608-8d51-447b-b38b-7f837fa086d5\") " pod="default/local-hivemq-6f4d548d79-7vmvb"
2025-01-30 18:45:05,875 INFO c.h.h.t.OperatorHelmChartContainer - [K3S] [reconciler_common.go:251] "operationExecutor.VerifyControllerAttachedVolume started for volume \"shared-data\" (UniqueName: \"kubernetes.io/empty-dir/45c06608-8d51-447b-b38b-7f837fa086d5-shared-data\") pod \"local-hivemq-6f4d548d79-7vmvb\" (UID: \"45c06608-8d51-447b-b38b-7f837fa086d5\") " pod="default/local-hivemq-6f4d548d79-7vmvb"
2025-01-30 18:45:05,876 INFO c.h.h.t.OperatorHelmChartContainer - [K3S] [reconciler_common.go:251] "operationExecutor.VerifyControllerAttachedVolume started for volume \"backup\" (UniqueName: \"kubernetes.io/empty-dir/45c06608-8d51-447b-b38b-7f837fa086d5-backup\") pod \"local-hivemq-6f4d548d79-7vmvb\" (UID: \"45c06608-8d51-447b-b38b-7f837fa086d5\") " pod="default/local-hivemq-6f4d548d79-7vmvb"
2025-01-30 18:45:05,876 INFO c.h.h.t.OperatorHelmChartContainer - [K3S] [reconciler_common.go:251] "operationExecutor.VerifyControllerAttachedVolume started for volume \"data\" (UniqueName: \"kubernetes.io/empty-dir/45c06608-8d51-447b-b38b-7f837fa086d5-data\") pod \"local-hivemq-6f4d548d79-7vmvb\" (UID: \"45c06608-8d51-447b-b38b-7f837fa086d5\") " pod="default/local-hivemq-6f4d548d79-7vmvb"
2025-01-30 18:45:05,876 INFO c.h.h.t.OperatorHelmChartContainer - [K3S] [reconciler_common.go:251] "operationExecutor.VerifyControllerAttachedVolume started for volume \"heap-dumps\" (UniqueName: \"kubernetes.io/empty-dir/45c06608-8d51-447b-b38b-7f837fa086d5-heap-dumps\") pod \"local-hivemq-6f4d548d79-7vmvb\" (UID: \"45c06608-8d51-447b-b38b-7f837fa086d5\") " pod="default/local-hivemq-6f4d548d79-7vmvb"
2025-01-30 18:45:05,876 INFO c.h.h.t.OperatorHelmChartContainer - [K3S] [reconciler_common.go:251] "operationExecutor.VerifyControllerAttachedVolume started for volume \"conf-override\" (UniqueName: \"kubernetes.io/empty-dir/45c06608-8d51-447b-b38b-7f837fa086d5-conf-override\") pod \"local-hivemq-6f4d548d79-7vmvb\" (UID: \"45c06608-8d51-447b-b38b-7f837fa086d5\") " pod="default/local-hivemq-6f4d548d79-7vmvb"
2025-01-30 18:45:05,876 INFO c.h.h.t.OperatorHelmChartContainer - [K3S] [reconciler_common.go:251] "operationExecutor.VerifyControllerAttachedVolume started for volume \"audit\" (UniqueName: \"kubernetes.io/empty-dir/45c06608-8d51-447b-b38b-7f837fa086d5-audit\") pod \"local-hivemq-6f4d548d79-7vmvb\" (UID: \"45c06608-8d51-447b-b38b-7f837fa086d5\") " pod="default/local-hivemq-6f4d548d79-7vmvb"
2025-01-30 18:45:05,876 INFO c.h.h.t.OperatorHelmChartContainer - [K3S] [reconciler_common.go:251] "operationExecutor.VerifyControllerAttachedVolume started for volume \"dns-wait-config\" (UniqueName: \"kubernetes.io/configmap/45c06608-8d51-447b-b38b-7f837fa086d5-dns-wait-config\") pod \"local-hivemq-6f4d548d79-7vmvb\" (UID: \"45c06608-8d51-447b-b38b-7f837fa086d5\") " pod="default/local-hivemq-6f4d548d79-7vmvb"
2025-01-30 18:45:05,876 INFO c.h.h.t.OperatorHelmChartContainer - [K3S] [reconciler_common.go:251] "operationExecutor.VerifyControllerAttachedVolume started for volume \"kube-api-access-j8fq9\" (UniqueName: \"kubernetes.io/projected/45c06608-8d51-447b-b38b-7f837fa086d5-kube-api-access-j8fq9\") pod \"local-hivemq-6f4d548d79-7vmvb\" (UID: \"45c06608-8d51-447b-b38b-7f837fa086d5\") " pod="default/local-hivemq-6f4d548d79-7vmvb"
2025-01-30 18:45:06,085 DEBUG com.hivemq.helmcharts.util.K8sUtil - State to compare Updating and waiting for Running
2025-01-30 18:45:06,298 DEBUG com.hivemq.helmcharts.util.K8sUtil - State to compare Updating and waiting for Running
2025-01-30 18:45:06,608 INFO c.h.h.t.OperatorHelmChartContainer - [K3S] [replica_set.go:679] "Finished syncing" kind="ReplicaSet" key="default/local-hivemq-6f4d548d79" duration="69.679µs"
2025-01-30 18:45:06,784 DEBUG com.hivemq.helmcharts.util.K8sUtil - State to compare Updating and waiting for Running
2025-01-30 18:45:07,371 INFO c.h.h.t.OperatorHelmChartContainer - [K3S] [replica_set.go:679] "Finished syncing" kind="ReplicaSet" key="default/local-hivemq-6f4d548d79" duration="51.034µs"
2025-01-30 18:45:07,385 INFO c.h.h.t.OperatorHelmChartContainer - [K3S] [event.go:389] "Event occurred" object="default/hivemq-local-hivemq-mqtt" fieldPath="" kind="Service" apiVersion="v1" type="Normal" reason="UpdatedLoadBalancer" message="Updated LoadBalancer with new IPs: [172.17.0.3] -> [172.17.0.3]"
2025-01-30 18:45:08,375 INFO c.h.h.t.OperatorHelmChartContainer - [K3S] [replica_set.go:679] "Finished syncing" kind="ReplicaSet" key="default/local-hivemq-6f4d548d79" duration="68.326µs"
2025-01-30 18:45:09,374 INFO c.h.h.t.OperatorHelmChartContainer - [K3S] [replica_set.go:679] "Finished syncing" kind="ReplicaSet" key="default/local-hivemq-6f4d548d79" duration="53.499µs"
2025-01-30 18:45:19,393 INFO c.h.h.t.OperatorHelmChartContainer - [K3S] [replica_set.go:679] "Finished syncing" kind="ReplicaSet" key="default/local-hivemq-6f4d548d79" duration="54.701µs"
2025-01-30 18:45:20,396 INFO c.h.h.t.OperatorHelmChartContainer - [K3S] [replica_set.go:679] "Finished syncing" kind="ReplicaSet" key="default/local-hivemq-6f4d548d79" duration="51.846µs"
2025-01-30 18:45:33,634 INFO c.h.h.t.OperatorHelmChartContainer - [K3S] [range_allocator.go:247] "Successfully synced" key="93c0cd2b5546"
2025-01-30 18:45:51,433 INFO c.h.h.t.OperatorHelmChartContainer - [K3S] [replica_set.go:679] "Finished syncing" kind="ReplicaSet" key="default/local-hivemq-6f4d548d79" duration="8.559744ms"
2025-01-30 18:45:51,434 INFO c.h.h.t.OperatorHelmChartContainer - [K3S] [replica_set.go:679] "Finished syncing" kind="ReplicaSet" key="default/local-hivemq-6f4d548d79" duration="42.699µs"
2025-01-30 18:45:51,439 INFO c.h.h.t.OperatorHelmChartContainer - [K3S] [event.go:389] "Event occurred" object="default/hivemq-local-hivemq-mqtt" fieldPath="" kind="Service" apiVersion="v1" type="Normal" reason="UpdatedLoadBalancer" message="Updated LoadBalancer with new IPs: [172.17.0.3] -> [172.17.0.3]"
2025-01-30 18:46:21,440 INFO c.h.h.t.OperatorHelmChartContainer - [K3S] [replica_set.go:679] "Finished syncing" kind="ReplicaSet" key="default/local-hivemq-6f4d548d79" duration="6.618563ms"
2025-01-30 18:46:21,440 INFO c.h.h.t.OperatorHelmChartContainer - [K3S] [replica_set.go:679] "Finished syncing" kind="ReplicaSet" key="default/local-hivemq-6f4d548d79" duration="39.613µs"
2025-01-30 18:46:21,475 DEBUG com.hivemq.helmcharts.util.K8sUtil - State to compare Updating and waiting for Running
2025-01-30 18:46:21,780 DEBUG com.hivemq.helmcharts.util.K8sUtil - State to compare Updating and waiting for Running
2025-01-30 18:46:21,953 DEBUG com.hivemq.helmcharts.util.K8sUtil - State to compare Updating and waiting for Running
2025-01-30 18:46:22,094 DEBUG com.hivemq.helmcharts.util.K8sUtil - State to compare Updating and waiting for Running
2025-01-30 18:46:22,187 DEBUG com.hivemq.helmcharts.util.K8sUtil - State to compare Updating and waiting for Running
2025-01-30 18:46:22,258 DEBUG com.hivemq.helmcharts.util.K8sUtil - State to compare Running and waiting for Running
2025-01-30 18:46:22,365 INFO t.localhost/testcontainers/dbfukcncmlfyvqof:latest - Container localhost/testcontainers/dbfukcncmlfyvqof:latest started in PT1M54.207464841S
2025-01-30 18:46:22,433 INFO c.h.h.t.OperatorHelmChartContainer - [EVENT] Normal [Starting] Starting kubelet. [null:93c0cd2b5546]
2025-01-30 18:46:22,433 INFO c.h.h.t.OperatorHelmChartContainer - [EVENT] Warning [InvalidDiskCapacity] invalid capacity 0 on image filesystem [null:93c0cd2b5546]
2025-01-30 18:46:22,434 INFO c.h.h.t.OperatorHelmChartContainer - [EVENT] Normal [NodeHasSufficientMemory] Node 93c0cd2b5546 status is now: NodeHasSufficientMemory [null:93c0cd2b5546]
2025-01-30 18:46:22,434 INFO c.h.h.t.OperatorHelmChartContainer - [EVENT] Normal [NodeHasNoDiskPressure] Node 93c0cd2b5546 status is now: NodeHasNoDiskPressure [null:93c0cd2b5546]
2025-01-30 18:46:22,434 INFO c.h.h.t.OperatorHelmChartContainer - [EVENT] Normal [NodeHasSufficientPID] Node 93c0cd2b5546 status is now: NodeHasSufficientPID [null:93c0cd2b5546]
2025-01-30 18:46:22,435 INFO c.h.h.t.OperatorHelmChartContainer - [EVENT] Normal [NodeAllocatableEnforced] Updated Node Allocatable limit across pods [null:93c0cd2b5546]
2025-01-30 18:46:22,435 INFO c.h.h.t.OperatorHelmChartContainer - [EVENT] Normal [NodeReady] Node 93c0cd2b5546 status is now: NodeReady [null:93c0cd2b5546]
2025-01-30 18:46:22,435 INFO c.h.h.t.OperatorHelmChartContainer - [EVENT] Normal [NodePasswordValidationComplete] Deferred node password secret validation complete [null:93c0cd2b5546]
2025-01-30 18:46:22,435 INFO c.h.h.t.OperatorHelmChartContainer - [EVENT] Normal [Synced] Node synced successfully [null:93c0cd2b5546]
2025-01-30 18:46:22,435 INFO c.h.h.t.OperatorHelmChartContainer - [EVENT] Normal [RegisteredNode] Node 93c0cd2b5546 event: Registered Node 93c0cd2b5546 in Controller [null:93c0cd2b5546]
2025-01-30 18:46:22,435 INFO c.h.h.t.OperatorHelmChartContainer - [EVENT] Normal [EnsuringLoadBalancer] Ensuring load balancer [default:hivemq-local-hivemq-mqtt]
2025-01-30 18:46:22,439 INFO c.h.h.t.OperatorHelmChartContainer - [EVENT] Normal [AppliedDaemonSet] Applied LoadBalancer DaemonSet kube-system/svclb-hivemq-local-hivemq-mqtt-74ced9d8 [default:hivemq-local-hivemq-mqtt]
2025-01-30 18:46:22,444 INFO c.h.h.t.OperatorHelmChartContainer - [EVENT] Normal [UpdatedLoadBalancer] Updated LoadBalancer with new IPs: [] -> [172.17.0.3] [default:hivemq-local-hivemq-mqtt]
2025-01-30 18:46:22,445 INFO c.h.h.t.OperatorHelmChartContainer - [EVENT] Normal [UpdatedLoadBalancer] Updated LoadBalancer with new IPs: [172.17.0.3] -> [172.17.0.3] [default:hivemq-local-hivemq-mqtt]
2025-01-30 18:46:22,445 INFO c.h.h.t.OperatorHelmChartContainer - [EVENT] Normal [Scheduled] Successfully assigned default/local-hivemq-6f4d548d79-7vmvb to 93c0cd2b5546 [default:local-hivemq-6f4d548d79-7vmvb]
2025-01-30 18:46:22,446 INFO c.h.h.t.OperatorHelmChartContainer - [EVENT] Normal [Pulling] Pulling image "busybox:latest" [default:local-hivemq-6f4d548d79-7vmvb]
2025-01-30 18:46:22,446 INFO c.h.h.t.OperatorHelmChartContainer - [EVENT] Normal [Pulled] Successfully pulled image "busybox:latest" in 543ms (543ms including waiting). Image size: 2167089 bytes. [default:local-hivemq-6f4d548d79-7vmvb]
2025-01-30 18:46:22,449 INFO c.h.h.t.OperatorHelmChartContainer - [EVENT] Normal [Created] Created container: init-shared [default:local-hivemq-6f4d548d79-7vmvb]
2025-01-30 18:46:22,458 INFO c.h.h.t.OperatorHelmChartContainer - [EVENT] Normal [Started] Started container init-shared [default:local-hivemq-6f4d548d79-7vmvb]
2025-01-30 18:46:22,458 INFO c.h.h.t.OperatorHelmChartContainer - [EVENT] Normal [Pulled] Container image "hivemq/init-dns-wait:snapshot" already present on machine [default:local-hivemq-6f4d548d79-7vmvb]
2025-01-30 18:46:22,458 INFO c.h.h.t.OperatorHelmChartContainer - [EVENT] Normal [Created] Created container: dns-wait [default:local-hivemq-6f4d548d79-7vmvb]
2025-01-30 18:46:22,458 INFO c.h.h.t.OperatorHelmChartContainer - [EVENT] Normal [Started] Started container dns-wait [default:local-hivemq-6f4d548d79-7vmvb]
2025-01-30 18:46:22,459 INFO c.h.h.t.OperatorHelmChartContainer - [EVENT] Normal [Pulled] Container image "hivemq/hivemq4:k8s-4.36.0" already present on machine [default:local-hivemq-6f4d548d79-7vmvb]
2025-01-30 18:46:22,459 INFO c.h.h.t.OperatorHelmChartContainer - Received Pulled event for container hivemq in pod local-hivemq-6f4d548d79-7vmvb [45c06608-8d51-447b-b38b-7f837fa086d5]
2025-01-30 18:46:22,459 INFO c.h.h.t.OperatorHelmChartContainer - [EVENT] Normal [Created] Created container: hivemq [default:local-hivemq-6f4d548d79-7vmvb]
2025-01-30 18:46:22,459 INFO c.h.h.t.OperatorHelmChartContainer - Received Created event for container hivemq in pod local-hivemq-6f4d548d79-7vmvb [45c06608-8d51-447b-b38b-7f837fa086d5]
2025-01-30 18:46:22,491 INFO c.h.h.t.OperatorHelmChartContainer - [POD] local-hivemq-6f4d548d79-7vmvb [45c06608-8d51-447b-b38b-7f837fa086d5] in default was ADDED
2025-01-30 18:46:22,493 INFO c.h.h.t.OperatorHelmChartContainer - [POD] local-hivemq-hivemq-operator-operator-6b564f6db4-x2x22 [373f245d-fc77-45eb-8826-9d1f26d610b8] in default was ADDED
2025-01-30 18:46:22,498 INFO c.h.h.t.OperatorHelmChartContainer - [EVENT] Normal [Started] Started container hivemq [default:local-hivemq-6f4d548d79-7vmvb]
2025-01-30 18:46:22,499 INFO c.h.h.t.OperatorHelmChartContainer - Received Started event for container hivemq in pod local-hivemq-6f4d548d79-7vmvb [45c06608-8d51-447b-b38b-7f837fa086d5]
2025-01-30 18:46:22,502 INFO c.h.h.t.OperatorHelmChartContainer - Started log watcher for hivemq in pod local-hivemq-6f4d548d79-7vmvb [45c06608-8d51-447b-b38b-7f837fa086d5]
2025-01-30 18:46:22,498 INFO c.h.h.t.OperatorHelmChartContainer - [POD] coredns-ff8999cc5-x6kr8 [ac993ba0-7a59-4d12-86fa-bdf309326760] in kube-system was ADDED
2025-01-30 18:46:22,503 INFO c.h.h.t.OperatorHelmChartContainer - [local-hivemq-6f4d548d79] [hivemq] [45c06608] Copying external files
2025-01-30 18:46:22,503 INFO c.h.h.t.OperatorHelmChartContainer - [local-hivemq-6f4d548d79] [hivemq] [45c06608] Rewriting config.xml...
2025-01-30 18:46:22,503 INFO c.h.h.t.OperatorHelmChartContainer - [EVENT] Warning [Unhealthy] Readiness probe failed: Log statement not present (yet)
 [default:local-hivemq-6f4d548d79-7vmvb]
2025-01-30 18:46:22,504 INFO c.h.h.t.OperatorHelmChartContainer - Received Unhealthy event for container hivemq in pod local-hivemq-6f4d548d79-7vmvb [45c06608-8d51-447b-b38b-7f837fa086d5]
2025-01-30 18:46:22,505 INFO c.h.h.t.OperatorHelmChartContainer - [EVENT] Warning [Unhealthy] Liveness probe failed: dial tcp 10.42.0.8:1883: connect: connection refused [default:local-hivemq-6f4d548d79-7vmvb]
2025-01-30 18:46:22,505 INFO c.h.h.t.OperatorHelmChartContainer - Received Unhealthy event for container hivemq in pod local-hivemq-6f4d548d79-7vmvb [45c06608-8d51-447b-b38b-7f837fa086d5]
2025-01-30 18:46:22,505 INFO c.h.h.t.OperatorHelmChartContainer - [POD] local-path-provisioner-698b58967b-v2kk4 [603dcee7-3f72-4e47-bf59-f27361813509] in kube-system was ADDED
2025-01-30 18:46:22,506 INFO c.h.h.t.OperatorHelmChartContainer - [POD] metrics-server-8584b5786c-2mw7x [1a0bfe0d-7af1-4d76-8cb8-9c6c2504b2dc] in kube-system was ADDED
2025-01-30 18:46:22,506 INFO c.h.h.t.OperatorHelmChartContainer - [POD] svclb-hivemq-local-hivemq-mqtt-74ced9d8-fcgbp [2c0323d6-6dd0-4376-8126-da45763a5e73] in kube-system was ADDED
2025-01-30 18:46:22,506 INFO c.h.h.t.OperatorHelmChartContainer - [EVENT] Normal [SuccessfulCreate] Created pod: local-hivemq-6f4d548d79-7vmvb [default:local-hivemq-6f4d548d79]
2025-01-30 18:46:22,506 INFO c.h.h.t.OperatorHelmChartContainer - [EVENT] Normal [Scheduled] Successfully assigned default/local-hivemq-hivemq-operator-operator-6b564f6db4-x2x22 to 93c0cd2b5546 [default:local-hivemq-hivemq-operator-operator-6b564f6db4-x2x22]
2025-01-30 18:46:22,506 INFO c.h.h.t.OperatorHelmChartContainer - [EVENT] Normal [Pulled] Container image "hivemq/hivemq-operator:snapshot" already present on machine [default:local-hivemq-hivemq-operator-operator-6b564f6db4-x2x22]
2025-01-30 18:46:22,506 INFO c.h.h.t.OperatorHelmChartContainer - Received Pulled event for container operator in pod local-hivemq-hivemq-operator-operator-6b564f6db4-x2x22 [373f245d-fc77-45eb-8826-9d1f26d610b8]
2025-01-30 18:46:22,507 INFO c.h.h.t.OperatorHelmChartContainer - [local-hivemq-6f4d548d79] [hivemq] [45c06608] Creating initial lastUpdate files...
2025-01-30 18:46:22,507 INFO c.h.h.t.OperatorHelmChartContainer - [local-hivemq-6f4d548d79] [hivemq] [45c06608] Disabling Prometheus
2025-01-30 18:46:22,507 INFO c.h.h.t.OperatorHelmChartContainer - [local-hivemq-6f4d548d79] [hivemq] [45c06608] Pod info:
2025-01-30 18:46:22,507 INFO c.h.h.t.OperatorHelmChartContainer - [local-hivemq-6f4d548d79] [hivemq] [45c06608] extension-names=hivemq-kafka-extension hivemq-google-cloud-pubsub-extension hivemq-bridge-extension hivemq-enterprise-security-extension hivemq-distributed-tracing-extension hivemq-amazon-kinesis-extension
2025-01-30 18:46:22,507 INFO c.h.h.t.OperatorHelmChartContainer - [local-hivemq-6f4d548d79] [hivemq] [45c06608] extension-uris=preinstalled preinstalled preinstalled preinstalled preinstalled preinstalled
2025-01-30 18:46:22,507 INFO c.h.h.t.OperatorHelmChartContainer - [local-hivemq-6f4d548d79] [hivemq] [45c06608] extension-states=false false false false false false
2025-01-30 18:46:22,507 INFO c.h.h.t.OperatorHelmChartContainer - [local-hivemq-6f4d548d79] [hivemq] [45c06608] extensions-static=false false false false false false
2025-01-30 18:46:22,507 INFO c.h.h.t.OperatorHelmChartContainer - [local-hivemq-6f4d548d79] [hivemq] [45c06608] Installing extension #0 with name: hivemq-kafka-extension, URI: preinstalled, enabled state: false
2025-01-30 18:46:22,507 INFO c.h.h.t.OperatorHelmChartContainer - [local-hivemq-6f4d548d79] [hivemq] [45c06608] + [[ 3 != 3 ]]
2025-01-30 18:46:22,507 INFO c.h.h.t.OperatorHelmChartContainer - [local-hivemq-6f4d548d79] [hivemq] [45c06608] + EXTENSION_URI=preinstalled
2025-01-30 18:46:22,507 INFO c.h.h.t.OperatorHelmChartContainer - [local-hivemq-6f4d548d79] [hivemq] [45c06608] + EXTENSION_NAME=hivemq-kafka-extension
2025-01-30 18:46:22,507 INFO c.h.h.t.OperatorHelmChartContainer - [local-hivemq-6f4d548d79] [hivemq] [45c06608] + TARGET_STATE=false
2025-01-30 18:46:22,507 INFO c.h.h.t.OperatorHelmChartContainer - [local-hivemq-6f4d548d79] [hivemq] [45c06608] + TARGET_DIR=/opt/hivemq/extensions/hivemq-kafka-extension
2025-01-30 18:46:22,507 INFO c.h.h.t.OperatorHelmChartContainer - [local-hivemq-6f4d548d79] [hivemq] [45c06608] ++ mktemp -d
2025-01-30 18:46:22,507 INFO c.h.h.t.OperatorHelmChartContainer - [local-hivemq-6f4d548d79] [hivemq] [45c06608] + install_dir=/tmp/tmp.P2F5PEKN35
2025-01-30 18:46:22,507 INFO c.h.h.t.OperatorHelmChartContainer - [local-hivemq-6f4d548d79] [hivemq] [45c06608] + set +e
2025-01-30 18:46:22,507 INFO c.h.h.t.OperatorHelmChartContainer - [local-hivemq-6f4d548d79] [hivemq] [45c06608] + [[ -f /opt/hivemq/extensions/hivemq-kafka-extension/DISABLED ]]
2025-01-30 18:46:22,507 INFO c.h.h.t.OperatorHelmChartContainer - [local-hivemq-6f4d548d79] [hivemq] [45c06608] + was_enabled=0
2025-01-30 18:46:22,507 INFO c.h.h.t.OperatorHelmChartContainer - [local-hivemq-6f4d548d79] [hivemq] [45c06608] + set -e
2025-01-30 18:46:22,507 INFO c.h.h.t.OperatorHelmChartContainer - [local-hivemq-6f4d548d79] [hivemq] [45c06608] + [[ preinstalled != \p\r\e\i\n\s\t\a\l\l\e\d ]]
2025-01-30 18:46:22,507 INFO c.h.h.t.OperatorHelmChartContainer - [local-hivemq-6f4d548d79] [hivemq] [45c06608] + [[ false == \f\a\l\s\e ]]
2025-01-30 18:46:22,507 INFO c.h.h.t.OperatorHelmChartContainer - [local-hivemq-6f4d548d79] [hivemq] [45c06608] + touch /opt/hivemq/extensions/hivemq-kafka-extension/DISABLED
2025-01-30 18:46:22,507 INFO c.h.h.t.OperatorHelmChartContainer - [local-hivemq-6f4d548d79] [hivemq] [45c06608] + was_enabled=0
2025-01-30 18:46:22,507 INFO c.h.h.t.OperatorHelmChartContainer - [local-hivemq-6f4d548d79] [hivemq] [45c06608] + [[ preinstalled != \p\r\e\i\n\s\t\a\l\l\e\d ]]
2025-01-30 18:46:22,507 INFO c.h.h.t.OperatorHelmChartContainer - [local-hivemq-6f4d548d79] [hivemq] [45c06608] + /opt/hivemq/bin/run_initialization.sh hivemq-kafka-extension
2025-01-30 18:46:22,507 INFO c.h.h.t.OperatorHelmChartContainer - [local-hivemq-6f4d548d79] [hivemq] [45c06608] + EXTENSION_NAME=hivemq-kafka-extension
2025-01-30 18:46:22,507 INFO c.h.h.t.OperatorHelmChartContainer - [local-hivemq-6f4d548d79] [hivemq] [45c06608] + TARGET_DIR=/opt/hivemq/extensions/hivemq-kafka-extension
2025-01-30 18:46:22,507 INFO c.h.h.t.OperatorHelmChartContainer - [local-hivemq-6f4d548d79] [hivemq] [45c06608] + cd /opt/hivemq/extensions/hivemq-kafka-extension
2025-01-30 18:46:22,507 INFO c.h.h.t.OperatorHelmChartContainer - [local-hivemq-6f4d548d79] [hivemq] [45c06608] + [[ -f init_tmp ]]
2025-01-30 18:46:22,507 INFO c.h.h.t.OperatorHelmChartContainer - [local-hivemq-6f4d548d79] [hivemq] [45c06608] + [[ -f /etc/podinfo/init-extension-hivemq-kafka-extension ]]
2025-01-30 18:46:22,507 INFO c.h.h.t.OperatorHelmChartContainer - [local-hivemq-6f4d548d79] [hivemq] [45c06608] Installing extension #1 with name: hivemq-google-cloud-pubsub-extension, URI: preinstalled, enabled state: false
2025-01-30 18:46:22,507 INFO c.h.h.t.OperatorHelmChartContainer - [local-hivemq-6f4d548d79] [hivemq] [45c06608] + [[ 3 != 3 ]]
2025-01-30 18:46:22,507 INFO c.h.h.t.OperatorHelmChartContainer - [local-hivemq-6f4d548d79] [hivemq] [45c06608] + EXTENSION_URI=preinstalled
2025-01-30 18:46:22,507 INFO c.h.h.t.OperatorHelmChartContainer - [local-hivemq-6f4d548d79] [hivemq] [45c06608] + EXTENSION_NAME=hivemq-google-cloud-pubsub-extension
2025-01-30 18:46:22,507 INFO c.h.h.t.OperatorHelmChartContainer - [local-hivemq-6f4d548d79] [hivemq] [45c06608] + TARGET_STATE=false
2025-01-30 18:46:22,507 INFO c.h.h.t.OperatorHelmChartContainer - [local-hivemq-6f4d548d79] [hivemq] [45c06608] + TARGET_DIR=/opt/hivemq/extensions/hivemq-google-cloud-pubsub-extension
2025-01-30 18:46:22,507 INFO c.h.h.t.OperatorHelmChartContainer - [local-hivemq-6f4d548d79] [hivemq] [45c06608] ++ mktemp -d
2025-01-30 18:46:22,507 INFO c.h.h.t.OperatorHelmChartContainer - [local-hivemq-6f4d548d79] [hivemq] [45c06608] + install_dir=/tmp/tmp.vuKjhtuslE
2025-01-30 18:46:22,507 INFO c.h.h.t.OperatorHelmChartContainer - [local-hivemq-6f4d548d79] [hivemq] [45c06608] + set +e
2025-01-30 18:46:22,507 INFO c.h.h.t.OperatorHelmChartContainer - [local-hivemq-6f4d548d79] [hivemq] [45c06608] + [[ -f /opt/hivemq/extensions/hivemq-google-cloud-pubsub-extension/DISABLED ]]
2025-01-30 18:46:22,507 INFO c.h.h.t.OperatorHelmChartContainer - [local-hivemq-6f4d548d79] [hivemq] [45c06608] + was_enabled=0
2025-01-30 18:46:22,507 INFO c.h.h.t.OperatorHelmChartContainer - [local-hivemq-6f4d548d79] [hivemq] [45c06608] + set -e
2025-01-30 18:46:22,507 INFO c.h.h.t.OperatorHelmChartContainer - [local-hivemq-6f4d548d79] [hivemq] [45c06608] + [[ preinstalled != \p\r\e\i\n\s\t\a\l\l\e\d ]]
2025-01-30 18:46:22,507 INFO c.h.h.t.OperatorHelmChartContainer - [local-hivemq-6f4d548d79] [hivemq] [45c06608] + [[ false == \f\a\l\s\e ]]
2025-01-30 18:46:22,507 INFO c.h.h.t.OperatorHelmChartContainer - [local-hivemq-6f4d548d79] [hivemq] [45c06608] + touch /opt/hivemq/extensions/hivemq-google-cloud-pubsub-extension/DISABLED
2025-01-30 18:46:22,507 INFO c.h.h.t.OperatorHelmChartContainer - [local-hivemq-6f4d548d79] [hivemq] [45c06608] + was_enabled=0
2025-01-30 18:46:22,507 INFO c.h.h.t.OperatorHelmChartContainer - [local-hivemq-6f4d548d79] [hivemq] [45c06608] + [[ preinstalled != \p\r\e\i\n\s\t\a\l\l\e\d ]]
2025-01-30 18:46:22,507 INFO c.h.h.t.OperatorHelmChartContainer - [local-hivemq-6f4d548d79] [hivemq] [45c06608] + /opt/hivemq/bin/run_initialization.sh hivemq-google-cloud-pubsub-extension
2025-01-30 18:46:22,507 INFO c.h.h.t.OperatorHelmChartContainer - [local-hivemq-6f4d548d79] [hivemq] [45c06608] + EXTENSION_NAME=hivemq-google-cloud-pubsub-extension
2025-01-30 18:46:22,507 INFO c.h.h.t.OperatorHelmChartContainer - [local-hivemq-6f4d548d79] [hivemq] [45c06608] + TARGET_DIR=/opt/hivemq/extensions/hivemq-google-cloud-pubsub-extension
2025-01-30 18:46:22,507 INFO c.h.h.t.OperatorHelmChartContainer - [local-hivemq-6f4d548d79] [hivemq] [45c06608] + cd /opt/hivemq/extensions/hivemq-google-cloud-pubsub-extension
2025-01-30 18:46:22,507 INFO c.h.h.t.OperatorHelmChartContainer - [local-hivemq-6f4d548d79] [hivemq] [45c06608] + [[ -f init_tmp ]]
2025-01-30 18:46:22,507 INFO c.h.h.t.OperatorHelmChartContainer - [local-hivemq-6f4d548d79] [hivemq] [45c06608] + [[ -f /etc/podinfo/init-extension-hivemq-google-cloud-pubsub-extension ]]
2025-01-30 18:46:22,507 INFO c.h.h.t.OperatorHelmChartContainer - [local-hivemq-6f4d548d79] [hivemq] [45c06608] Installing extension #2 with name: hivemq-bridge-extension, URI: preinstalled, enabled state: false
2025-01-30 18:46:22,507 INFO c.h.h.t.OperatorHelmChartContainer - [local-hivemq-6f4d548d79] [hivemq] [45c06608] + [[ 3 != 3 ]]
2025-01-30 18:46:22,507 INFO c.h.h.t.OperatorHelmChartContainer - [local-hivemq-6f4d548d79] [hivemq] [45c06608] + EXTENSION_URI=preinstalled
2025-01-30 18:46:22,507 INFO c.h.h.t.OperatorHelmChartContainer - [local-hivemq-6f4d548d79] [hivemq] [45c06608] + EXTENSION_NAME=hivemq-bridge-extension
2025-01-30 18:46:22,507 INFO c.h.h.t.OperatorHelmChartContainer - [local-hivemq-6f4d548d79] [hivemq] [45c06608] + TARGET_STATE=false
2025-01-30 18:46:22,507 INFO c.h.h.t.OperatorHelmChartContainer - [local-hivemq-6f4d548d79] [hivemq] [45c06608] + TARGET_DIR=/opt/hivemq/extensions/hivemq-bridge-extension
2025-01-30 18:46:22,507 INFO c.h.h.t.OperatorHelmChartContainer - [local-hivemq-6f4d548d79] [hivemq] [45c06608] ++ mktemp -d
2025-01-30 18:46:22,507 INFO c.h.h.t.OperatorHelmChartContainer - [local-hivemq-6f4d548d79] [hivemq] [45c06608] + install_dir=/tmp/tmp.zpxiGFZUgO
2025-01-30 18:46:22,507 INFO c.h.h.t.OperatorHelmChartContainer - [local-hivemq-6f4d548d79] [hivemq] [45c06608] + set +e
2025-01-30 18:46:22,507 INFO c.h.h.t.OperatorHelmChartContainer - [local-hivemq-6f4d548d79] [hivemq] [45c06608] + [[ -f /opt/hivemq/extensions/hivemq-bridge-extension/DISABLED ]]
2025-01-30 18:46:22,507 INFO c.h.h.t.OperatorHelmChartContainer - [local-hivemq-6f4d548d79] [hivemq] [45c06608] + was_enabled=0
2025-01-30 18:46:22,507 INFO c.h.h.t.OperatorHelmChartContainer - [local-hivemq-6f4d548d79] [hivemq] [45c06608] + set -e
2025-01-30 18:46:22,507 INFO c.h.h.t.OperatorHelmChartContainer - [local-hivemq-6f4d548d79] [hivemq] [45c06608] + [[ preinstalled != \p\r\e\i\n\s\t\a\l\l\e\d ]]
2025-01-30 18:46:22,507 INFO c.h.h.t.OperatorHelmChartContainer - [local-hivemq-6f4d548d79] [hivemq] [45c06608] + [[ false == \f\a\l\s\e ]]
2025-01-30 18:46:22,507 INFO c.h.h.t.OperatorHelmChartContainer - [local-hivemq-6f4d548d79] [hivemq] [45c06608] + touch /opt/hivemq/extensions/hivemq-bridge-extension/DISABLED
2025-01-30 18:46:22,507 INFO c.h.h.t.OperatorHelmChartContainer - [local-hivemq-6f4d548d79] [hivemq] [45c06608] + was_enabled=0
2025-01-30 18:46:22,507 INFO c.h.h.t.OperatorHelmChartContainer - [local-hivemq-6f4d548d79] [hivemq] [45c06608] + [[ preinstalled != \p\r\e\i\n\s\t\a\l\l\e\d ]]
2025-01-30 18:46:22,507 INFO c.h.h.t.OperatorHelmChartContainer - [local-hivemq-6f4d548d79] [hivemq] [45c06608] + /opt/hivemq/bin/run_initialization.sh hivemq-bridge-extension
2025-01-30 18:46:22,507 INFO c.h.h.t.OperatorHelmChartContainer - [local-hivemq-6f4d548d79] [hivemq] [45c06608] + EXTENSION_NAME=hivemq-bridge-extension
2025-01-30 18:46:22,507 INFO c.h.h.t.OperatorHelmChartContainer - [local-hivemq-6f4d548d79] [hivemq] [45c06608] + TARGET_DIR=/opt/hivemq/extensions/hivemq-bridge-extension
2025-01-30 18:46:22,507 INFO c.h.h.t.OperatorHelmChartContainer - [local-hivemq-6f4d548d79] [hivemq] [45c06608] + cd /opt/hivemq/extensions/hivemq-bridge-extension
2025-01-30 18:46:22,507 INFO c.h.h.t.OperatorHelmChartContainer - [local-hivemq-6f4d548d79] [hivemq] [45c06608] + [[ -f init_tmp ]]
2025-01-30 18:46:22,507 INFO c.h.h.t.OperatorHelmChartContainer - [local-hivemq-6f4d548d79] [hivemq] [45c06608] + [[ -f /etc/podinfo/init-extension-hivemq-bridge-extension ]]
2025-01-30 18:46:22,507 INFO c.h.h.t.OperatorHelmChartContainer - [local-hivemq-6f4d548d79] [hivemq] [45c06608] Installing extension #3 with name: hivemq-enterprise-security-extension, URI: preinstalled, enabled state: false
2025-01-30 18:46:22,507 INFO c.h.h.t.OperatorHelmChartContainer - [local-hivemq-6f4d548d79] [hivemq] [45c06608] + [[ 3 != 3 ]]
2025-01-30 18:46:22,507 INFO c.h.h.t.OperatorHelmChartContainer - [local-hivemq-6f4d548d79] [hivemq] [45c06608] + EXTENSION_URI=preinstalled
2025-01-30 18:46:22,507 INFO c.h.h.t.OperatorHelmChartContainer - [local-hivemq-6f4d548d79] [hivemq] [45c06608] + EXTENSION_NAME=hivemq-enterprise-security-extension
2025-01-30 18:46:22,507 INFO c.h.h.t.OperatorHelmChartContainer - [local-hivemq-6f4d548d79] [hivemq] [45c06608] + TARGET_STATE=false
2025-01-30 18:46:22,507 INFO c.h.h.t.OperatorHelmChartContainer - [local-hivemq-6f4d548d79] [hivemq] [45c06608] + TARGET_DIR=/opt/hivemq/extensions/hivemq-enterprise-security-extension
2025-01-30 18:46:22,507 INFO c.h.h.t.OperatorHelmChartContainer - [local-hivemq-6f4d548d79] [hivemq] [45c06608] ++ mktemp -d
2025-01-30 18:46:22,507 INFO c.h.h.t.OperatorHelmChartContainer - [local-hivemq-6f4d548d79] [hivemq] [45c06608] + install_dir=/tmp/tmp.0vl8pws6pI
2025-01-30 18:46:22,507 INFO c.h.h.t.OperatorHelmChartContainer - [local-hivemq-6f4d548d79] [hivemq] [45c06608] + set +e
2025-01-30 18:46:22,507 INFO c.h.h.t.OperatorHelmChartContainer - [local-hivemq-6f4d548d79] [hivemq] [45c06608] + [[ -f /opt/hivemq/extensions/hivemq-enterprise-security-extension/DISABLED ]]
2025-01-30 18:46:22,507 INFO c.h.h.t.OperatorHelmChartContainer - [local-hivemq-6f4d548d79] [hivemq] [45c06608] + was_enabled=0
2025-01-30 18:46:22,507 INFO c.h.h.t.OperatorHelmChartContainer - [local-hivemq-6f4d548d79] [hivemq] [45c06608] + set -e
2025-01-30 18:46:22,507 INFO c.h.h.t.OperatorHelmChartContainer - [local-hivemq-6f4d548d79] [hivemq] [45c06608] + [[ preinstalled != \p\r\e\i\n\s\t\a\l\l\e\d ]]
2025-01-30 18:46:22,507 INFO c.h.h.t.OperatorHelmChartContainer - [local-hivemq-6f4d548d79] [hivemq] [45c06608] + [[ false == \f\a\l\s\e ]]
2025-01-30 18:46:22,507 INFO c.h.h.t.OperatorHelmChartContainer - [local-hivemq-6f4d548d79] [hivemq] [45c06608] + touch /opt/hivemq/extensions/hivemq-enterprise-security-extension/DISABLED
2025-01-30 18:46:22,507 INFO c.h.h.t.OperatorHelmChartContainer - [local-hivemq-6f4d548d79] [hivemq] [45c06608] + was_enabled=0
2025-01-30 18:46:22,507 INFO c.h.h.t.OperatorHelmChartContainer - [local-hivemq-6f4d548d79] [hivemq] [45c06608] + [[ preinstalled != \p\r\e\i\n\s\t\a\l\l\e\d ]]
2025-01-30 18:46:22,508 INFO c.h.h.t.OperatorHelmChartContainer - [local-hivemq-6f4d548d79] [hivemq] [45c06608] + /opt/hivemq/bin/run_initialization.sh hivemq-enterprise-security-extension
2025-01-30 18:46:22,508 INFO c.h.h.t.OperatorHelmChartContainer - [local-hivemq-6f4d548d79] [hivemq] [45c06608] + EXTENSION_NAME=hivemq-enterprise-security-extension
2025-01-30 18:46:22,508 INFO c.h.h.t.OperatorHelmChartContainer - [local-hivemq-6f4d548d79] [hivemq] [45c06608] + TARGET_DIR=/opt/hivemq/extensions/hivemq-enterprise-security-extension
2025-01-30 18:46:22,508 INFO c.h.h.t.OperatorHelmChartContainer - [local-hivemq-6f4d548d79] [hivemq] [45c06608] + cd /opt/hivemq/extensions/hivemq-enterprise-security-extension
2025-01-30 18:46:22,508 INFO c.h.h.t.OperatorHelmChartContainer - [local-hivemq-6f4d548d79] [hivemq] [45c06608] + [[ -f init_tmp ]]
2025-01-30 18:46:22,508 INFO c.h.h.t.OperatorHelmChartContainer - [local-hivemq-6f4d548d79] [hivemq] [45c06608] + [[ -f /etc/podinfo/init-extension-hivemq-enterprise-security-extension ]]
2025-01-30 18:46:22,508 INFO c.h.h.t.OperatorHelmChartContainer - [local-hivemq-6f4d548d79] [hivemq] [45c06608] + echo 'Using init script from config map'
2025-01-30 18:46:22,508 INFO c.h.h.t.OperatorHelmChartContainer - [local-hivemq-6f4d548d79] [hivemq] [45c06608] + cat /etc/podinfo/init-extension-hivemq-enterprise-security-extension
2025-01-30 18:46:22,508 INFO c.h.h.t.OperatorHelmChartContainer - [local-hivemq-6f4d548d79] [hivemq] [45c06608] Using init script from config map
2025-01-30 18:46:22,508 INFO c.h.h.t.OperatorHelmChartContainer - [local-hivemq-6f4d548d79] [hivemq] [45c06608] + echo 'Executing initialization script'
2025-01-30 18:46:22,508 INFO c.h.h.t.OperatorHelmChartContainer - [local-hivemq-6f4d548d79] [hivemq] [45c06608] + chmod +x init
2025-01-30 18:46:22,508 INFO c.h.h.t.OperatorHelmChartContainer - [local-hivemq-6f4d548d79] [hivemq] [45c06608] Executing initialization script
2025-01-30 18:46:22,508 INFO c.h.h.t.OperatorHelmChartContainer - [local-hivemq-6f4d548d79] [hivemq] [45c06608] + ./init
2025-01-30 18:46:22,508 INFO c.h.h.t.OperatorHelmChartContainer - [local-hivemq-6f4d548d79] [hivemq] [45c06608]   % Total    % Received % Xferd  Average Speed   Time    Time     Time  Current
2025-01-30 18:46:22,508 INFO c.h.h.t.OperatorHelmChartContainer - [local-hivemq-6f4d548d79] [hivemq] [45c06608]                                  Dload  Upload   Total   Spent    Left  Speed
2025-01-30 18:46:22,508 INFO c.h.h.t.OperatorHelmChartContainer - [local-hivemq-6f4d548d79] [hivemq] [45c06608] 
2025-01-30 18:46:22,508 INFO c.h.h.t.OperatorHelmChartContainer - [local-hivemq-6f4d548d79] [hivemq] [45c06608]   0     0    0     0    0     0      0      0 --:--:-- --:--:-- --:--:--     0
2025-01-30 18:46:22,508 INFO c.h.h.t.OperatorHelmChartContainer - [local-hivemq-6f4d548d79] [hivemq] [45c06608]   0     0    0     0    0     0      0      0 --:--:-- --:--:-- --:--:--     0
2025-01-30 18:46:22,508 INFO c.h.h.t.OperatorHelmChartContainer - [local-hivemq-6f4d548d79] [hivemq] [45c06608] 100  910k  100  910k    0     0  1316k      0 --:--:-- --:--:-- --:--:-- 1316k
2025-01-30 18:46:22,508 INFO c.h.h.t.OperatorHelmChartContainer - [local-hivemq-6f4d548d79] [hivemq] [45c06608] Installing extension #4 with name: hivemq-distributed-tracing-extension, URI: preinstalled, enabled state: false
2025-01-30 18:46:22,508 INFO c.h.h.t.OperatorHelmChartContainer - [local-hivemq-6f4d548d79] [hivemq] [45c06608] + [[ 3 != 3 ]]
2025-01-30 18:46:22,508 INFO c.h.h.t.OperatorHelmChartContainer - [local-hivemq-6f4d548d79] [hivemq] [45c06608] + EXTENSION_URI=preinstalled
2025-01-30 18:46:22,508 INFO c.h.h.t.OperatorHelmChartContainer - [local-hivemq-6f4d548d79] [hivemq] [45c06608] + EXTENSION_NAME=hivemq-distributed-tracing-extension
2025-01-30 18:46:22,508 INFO c.h.h.t.OperatorHelmChartContainer - [local-hivemq-6f4d548d79] [hivemq] [45c06608] + TARGET_STATE=false
2025-01-30 18:46:22,508 INFO c.h.h.t.OperatorHelmChartContainer - [local-hivemq-6f4d548d79] [hivemq] [45c06608] + TARGET_DIR=/opt/hivemq/extensions/hivemq-distributed-tracing-extension
2025-01-30 18:46:22,508 INFO c.h.h.t.OperatorHelmChartContainer - [local-hivemq-6f4d548d79] [hivemq] [45c06608] ++ mktemp -d
2025-01-30 18:46:22,508 INFO c.h.h.t.OperatorHelmChartContainer - [local-hivemq-6f4d548d79] [hivemq] [45c06608] + install_dir=/tmp/tmp.aw3tjLMU3k
2025-01-30 18:46:22,508 INFO c.h.h.t.OperatorHelmChartContainer - [local-hivemq-6f4d548d79] [hivemq] [45c06608] + set +e
2025-01-30 18:46:22,508 INFO c.h.h.t.OperatorHelmChartContainer - [local-hivemq-6f4d548d79] [hivemq] [45c06608] + [[ -f /opt/hivemq/extensions/hivemq-distributed-tracing-extension/DISABLED ]]
2025-01-30 18:46:22,508 INFO c.h.h.t.OperatorHelmChartContainer - [local-hivemq-6f4d548d79] [hivemq] [45c06608] + was_enabled=0
2025-01-30 18:46:22,508 INFO c.h.h.t.OperatorHelmChartContainer - [local-hivemq-6f4d548d79] [hivemq] [45c06608] + set -e
2025-01-30 18:46:22,508 INFO c.h.h.t.OperatorHelmChartContainer - [local-hivemq-6f4d548d79] [hivemq] [45c06608] + [[ preinstalled != \p\r\e\i\n\s\t\a\l\l\e\d ]]
2025-01-30 18:46:22,508 INFO c.h.h.t.OperatorHelmChartContainer - [local-hivemq-6f4d548d79] [hivemq] [45c06608] + [[ false == \f\a\l\s\e ]]
2025-01-30 18:46:22,508 INFO c.h.h.t.OperatorHelmChartContainer - [local-hivemq-6f4d548d79] [hivemq] [45c06608] + touch /opt/hivemq/extensions/hivemq-distributed-tracing-extension/DISABLED
2025-01-30 18:46:22,508 INFO c.h.h.t.OperatorHelmChartContainer - [local-hivemq-6f4d548d79] [hivemq] [45c06608] + was_enabled=0
2025-01-30 18:46:22,508 INFO c.h.h.t.OperatorHelmChartContainer - [local-hivemq-6f4d548d79] [hivemq] [45c06608] + [[ preinstalled != \p\r\e\i\n\s\t\a\l\l\e\d ]]
2025-01-30 18:46:22,508 INFO c.h.h.t.OperatorHelmChartContainer - [local-hivemq-6f4d548d79] [hivemq] [45c06608] + /opt/hivemq/bin/run_initialization.sh hivemq-distributed-tracing-extension
2025-01-30 18:46:22,508 INFO c.h.h.t.OperatorHelmChartContainer - [local-hivemq-6f4d548d79] [hivemq] [45c06608] + EXTENSION_NAME=hivemq-distributed-tracing-extension
2025-01-30 18:46:22,508 INFO c.h.h.t.OperatorHelmChartContainer - [local-hivemq-6f4d548d79] [hivemq] [45c06608] + TARGET_DIR=/opt/hivemq/extensions/hivemq-distributed-tracing-extension
2025-01-30 18:46:22,508 INFO c.h.h.t.OperatorHelmChartContainer - [local-hivemq-6f4d548d79] [hivemq] [45c06608] + cd /opt/hivemq/extensions/hivemq-distributed-tracing-extension
2025-01-30 18:46:22,508 INFO c.h.h.t.OperatorHelmChartContainer - [local-hivemq-6f4d548d79] [hivemq] [45c06608] + [[ -f init_tmp ]]
2025-01-30 18:46:22,508 INFO c.h.h.t.OperatorHelmChartContainer - [local-hivemq-6f4d548d79] [hivemq] [45c06608] + [[ -f /etc/podinfo/init-extension-hivemq-distributed-tracing-extension ]]
2025-01-30 18:46:22,508 INFO c.h.h.t.OperatorHelmChartContainer - [local-hivemq-6f4d548d79] [hivemq] [45c06608] Installing extension #5 with name: hivemq-amazon-kinesis-extension, URI: preinstalled, enabled state: false
2025-01-30 18:46:22,508 INFO c.h.h.t.OperatorHelmChartContainer - [local-hivemq-6f4d548d79] [hivemq] [45c06608] + [[ 3 != 3 ]]
2025-01-30 18:46:22,508 INFO c.h.h.t.OperatorHelmChartContainer - [local-hivemq-6f4d548d79] [hivemq] [45c06608] + EXTENSION_URI=preinstalled
2025-01-30 18:46:22,508 INFO c.h.h.t.OperatorHelmChartContainer - [local-hivemq-6f4d548d79] [hivemq] [45c06608] + EXTENSION_NAME=hivemq-amazon-kinesis-extension
2025-01-30 18:46:22,508 INFO c.h.h.t.OperatorHelmChartContainer - [local-hivemq-6f4d548d79] [hivemq] [45c06608] + TARGET_STATE=false
2025-01-30 18:46:22,508 INFO c.h.h.t.OperatorHelmChartContainer - [local-hivemq-6f4d548d79] [hivemq] [45c06608] + TARGET_DIR=/opt/hivemq/extensions/hivemq-amazon-kinesis-extension
2025-01-30 18:46:22,508 INFO c.h.h.t.OperatorHelmChartContainer - [local-hivemq-6f4d548d79] [hivemq] [45c06608] ++ mktemp -d
2025-01-30 18:46:22,508 INFO c.h.h.t.OperatorHelmChartContainer - [local-hivemq-6f4d548d79] [hivemq] [45c06608] + install_dir=/tmp/tmp.d5F2l8vY4Q
2025-01-30 18:46:22,508 INFO c.h.h.t.OperatorHelmChartContainer - [local-hivemq-6f4d548d79] [hivemq] [45c06608] + set +e
2025-01-30 18:46:22,508 INFO c.h.h.t.OperatorHelmChartContainer - [local-hivemq-6f4d548d79] [hivemq] [45c06608] + [[ -f /opt/hivemq/extensions/hivemq-amazon-kinesis-extension/DISABLED ]]
2025-01-30 18:46:22,508 INFO c.h.h.t.OperatorHelmChartContainer - [local-hivemq-6f4d548d79] [hivemq] [45c06608] + was_enabled=0
2025-01-30 18:46:22,508 INFO c.h.h.t.OperatorHelmChartContainer - [local-hivemq-6f4d548d79] [hivemq] [45c06608] + set -e
2025-01-30 18:46:22,508 INFO c.h.h.t.OperatorHelmChartContainer - [local-hivemq-6f4d548d79] [hivemq] [45c06608] + [[ preinstalled != \p\r\e\i\n\s\t\a\l\l\e\d ]]
2025-01-30 18:46:22,508 INFO c.h.h.t.OperatorHelmChartContainer - [local-hivemq-6f4d548d79] [hivemq] [45c06608] + [[ false == \f\a\l\s\e ]]
2025-01-30 18:46:22,508 INFO c.h.h.t.OperatorHelmChartContainer - [local-hivemq-6f4d548d79] [hivemq] [45c06608] + touch /opt/hivemq/extensions/hivemq-amazon-kinesis-extension/DISABLED
2025-01-30 18:46:22,508 INFO c.h.h.t.OperatorHelmChartContainer - [local-hivemq-6f4d548d79] [hivemq] [45c06608] + was_enabled=0
2025-01-30 18:46:22,508 INFO c.h.h.t.OperatorHelmChartContainer - [local-hivemq-6f4d548d79] [hivemq] [45c06608] + [[ preinstalled != \p\r\e\i\n\s\t\a\l\l\e\d ]]
2025-01-30 18:46:22,508 INFO c.h.h.t.OperatorHelmChartContainer - [local-hivemq-6f4d548d79] [hivemq] [45c06608] + /opt/hivemq/bin/run_initialization.sh hivemq-amazon-kinesis-extension
2025-01-30 18:46:22,508 INFO c.h.h.t.OperatorHelmChartContainer - [local-hivemq-6f4d548d79] [hivemq] [45c06608] + EXTENSION_NAME=hivemq-amazon-kinesis-extension
2025-01-30 18:46:22,508 INFO c.h.h.t.OperatorHelmChartContainer - [local-hivemq-6f4d548d79] [hivemq] [45c06608] + TARGET_DIR=/opt/hivemq/extensions/hivemq-amazon-kinesis-extension
2025-01-30 18:46:22,508 INFO c.h.h.t.OperatorHelmChartContainer - [local-hivemq-6f4d548d79] [hivemq] [45c06608] + cd /opt/hivemq/extensions/hivemq-amazon-kinesis-extension
2025-01-30 18:46:22,508 INFO c.h.h.t.OperatorHelmChartContainer - [local-hivemq-6f4d548d79] [hivemq] [45c06608] + [[ -f init_tmp ]]
2025-01-30 18:46:22,508 INFO c.h.h.t.OperatorHelmChartContainer - [local-hivemq-6f4d548d79] [hivemq] [45c06608] + [[ -f /etc/podinfo/init-extension-hivemq-amazon-kinesis-extension ]]
2025-01-30 18:46:22,508 INFO c.h.h.t.OperatorHelmChartContainer - [local-hivemq-6f4d548d79] [hivemq] [45c06608] -------------------------------------------------------------------------
2025-01-30 18:46:22,508 INFO c.h.h.t.OperatorHelmChartContainer - [local-hivemq-6f4d548d79] [hivemq] [45c06608] 
2025-01-30 18:46:22,508 INFO c.h.h.t.OperatorHelmChartContainer - [local-hivemq-6f4d548d79] [hivemq] [45c06608]                   _    _  _              __  __   ____
2025-01-30 18:46:22,508 INFO c.h.h.t.OperatorHelmChartContainer - [local-hivemq-6f4d548d79] [hivemq] [45c06608]                  | |  | |(_)            |  \/  | / __ \
2025-01-30 18:46:22,508 INFO c.h.h.t.OperatorHelmChartContainer - [local-hivemq-6f4d548d79] [hivemq] [45c06608]                  | |__| | _ __   __ ___ | \  / || |  | |
2025-01-30 18:46:22,508 INFO c.h.h.t.OperatorHelmChartContainer - [local-hivemq-6f4d548d79] [hivemq] [45c06608]                  |  __  || |\ \ / // _ \| |\/| || |  | |
2025-01-30 18:46:22,508 INFO c.h.h.t.OperatorHelmChartContainer - [local-hivemq-6f4d548d79] [hivemq] [45c06608]                  | |  | || | \ V /|  __/| |  | || |__| |
2025-01-30 18:46:22,508 INFO c.h.h.t.OperatorHelmChartContainer - [local-hivemq-6f4d548d79] [hivemq] [45c06608]                  |_|  |_||_|  \_/  \___||_|  |_| \___\_\
2025-01-30 18:46:22,508 INFO c.h.h.t.OperatorHelmChartContainer - [local-hivemq-6f4d548d79] [hivemq] [45c06608] 
2025-01-30 18:46:22,508 INFO c.h.h.t.OperatorHelmChartContainer - [local-hivemq-6f4d548d79] [hivemq] [45c06608] -------------------------------------------------------------------------
2025-01-30 18:46:22,508 INFO c.h.h.t.OperatorHelmChartContainer - [local-hivemq-6f4d548d79] [hivemq] [45c06608] 
2025-01-30 18:46:22,508 INFO c.h.h.t.OperatorHelmChartContainer - [local-hivemq-6f4d548d79] [hivemq] [45c06608]   HiveMQ Start Script for Linux/Unix v1.14
2025-01-30 18:46:22,508 INFO c.h.h.t.OperatorHelmChartContainer - [local-hivemq-6f4d548d79] [hivemq] [45c06608] 
2025-01-30 18:46:22,508 INFO c.h.h.t.OperatorHelmChartContainer - [local-hivemq-6f4d548d79] [hivemq] [45c06608] -------------------------------------------------------------------------
2025-01-30 18:46:22,508 INFO c.h.h.t.OperatorHelmChartContainer - [local-hivemq-6f4d548d79] [hivemq] [45c06608] 
2025-01-30 18:46:22,508 INFO c.h.h.t.OperatorHelmChartContainer - [local-hivemq-6f4d548d79] [hivemq] [45c06608]   HIVEMQ_HOME: /opt/hivemq
2025-01-30 18:46:22,508 INFO c.h.h.t.OperatorHelmChartContainer - [local-hivemq-6f4d548d79] [hivemq] [45c06608] 
2025-01-30 18:46:22,509 INFO c.h.h.t.OperatorHelmChartContainer - [EVENT] Normal [Created] Created container: operator [default:local-hivemq-hivemq-operator-operator-6b564f6db4-x2x22]
2025-01-30 18:46:22,509 INFO c.h.h.t.OperatorHelmChartContainer - Received Created event for container operator in pod local-hivemq-hivemq-operator-operator-6b564f6db4-x2x22 [373f245d-fc77-45eb-8826-9d1f26d610b8]
2025-01-30 18:46:22,513 INFO c.h.h.t.OperatorHelmChartContainer - [local-hivemq-6f4d548d79] [hivemq] [45c06608]   JAVA_OPTS: -XX:+UnlockExperimentalVMOptions -XX:InitialRAMPercentage=40 -XX:MaxRAMPercentage=50 -XX:MinRAMPercentage=30 -Djava.net.preferIPv4Stack=true --add-opens java.base/java.lang=ALL-UNNAMED --add-opens java.base/java.nio=ALL-UNNAMED --add-opens java.base/sun.nio.ch=ALL-UNNAMED --add-opens jdk.management/com.sun.management.internal=ALL-UNNAMED --add-exports java.base/jdk.internal.misc=ALL-UNNAMED -Djava.security.egd=file:/dev/./urandom -Dcom.sun.management.jmxremote -Dcom.sun.management.jmxremote.port=9010 -Dcom.sun.management.jmxremote.local.only=false -Dcom.sun.management.jmxremote.authenticate=false -Dcom.sun.management.jmxremote.ssl=false -Duser.language=en -Duser.region=US -XX:+CrashOnOutOfMemoryError -XX:+HeapDumpOnOutOfMemoryError
2025-01-30 18:46:22,513 INFO c.h.h.t.OperatorHelmChartContainer - [local-hivemq-6f4d548d79] [hivemq] [45c06608] 
2025-01-30 18:46:22,513 INFO c.h.h.t.OperatorHelmChartContainer - [local-hivemq-6f4d548d79] [hivemq] [45c06608]   JAVA_VERSION: 21
2025-01-30 18:46:22,513 INFO c.h.h.t.OperatorHelmChartContainer - [local-hivemq-6f4d548d79] [hivemq] [45c06608] 
2025-01-30 18:46:22,513 INFO c.h.h.t.OperatorHelmChartContainer - [local-hivemq-6f4d548d79] [hivemq] [45c06608] -------------------------------------------------------------------------
2025-01-30 18:46:22,513 INFO c.h.h.t.OperatorHelmChartContainer - [local-hivemq-6f4d548d79] [hivemq] [45c06608] 
2025-01-30 18:46:22,513 INFO c.h.h.t.OperatorHelmChartContainer - [local-hivemq-6f4d548d79] [hivemq] [45c06608] INFO  - Starting HiveMQ Enterprise Server
2025-01-30 18:46:22,513 INFO c.h.h.t.OperatorHelmChartContainer - [local-hivemq-6f4d548d79] [hivemq] [45c06608] INFO  - HiveMQ version: 4.36.0
2025-01-30 18:46:22,513 INFO c.h.h.t.OperatorHelmChartContainer - [local-hivemq-6f4d548d79] [hivemq] [45c06608] INFO  - HiveMQ home directory: /opt/hivemq
2025-01-30 18:46:22,513 INFO c.h.h.t.OperatorHelmChartContainer - [local-hivemq-6f4d548d79] [hivemq] [45c06608] INFO  - Log Configuration was overridden by /opt/hivemq/conf/logback.xml
2025-01-30 18:46:22,513 INFO c.h.h.t.OperatorHelmChartContainer - [local-hivemq-6f4d548d79] [hivemq] [45c06608] DEBUG - Adding TCP Listener on bind address 0.0.0.0 and port 1883. Name: tcp-listener-1883. Proxy Protocol supported: false
2025-01-30 18:46:22,513 INFO c.h.h.t.OperatorHelmChartContainer - [local-hivemq-6f4d548d79] [hivemq] [45c06608] DEBUG - Setting retained messages enabled to true
2025-01-30 18:46:22,513 INFO c.h.h.t.OperatorHelmChartContainer - [local-hivemq-6f4d548d79] [hivemq] [45c06608] DEBUG - Setting wildcard subscriptions enabled to true
2025-01-30 18:46:22,513 INFO c.h.h.t.OperatorHelmChartContainer - [local-hivemq-6f4d548d79] [hivemq] [45c06608] DEBUG - Setting subscription identifier enabled to true
2025-01-30 18:46:22,513 INFO c.h.h.t.OperatorHelmChartContainer - [local-hivemq-6f4d548d79] [hivemq] [45c06608] DEBUG - Setting shared subscriptions enabled to true
2025-01-30 18:46:22,513 INFO c.h.h.t.OperatorHelmChartContainer - [local-hivemq-6f4d548d79] [hivemq] [45c06608] DEBUG - Setting maximum qos to EXACTLY_ONCE 
2025-01-30 18:46:22,513 INFO c.h.h.t.OperatorHelmChartContainer - [local-hivemq-6f4d548d79] [hivemq] [45c06608] DEBUG - Setting topic alias enabled to true
2025-01-30 18:46:22,513 INFO c.h.h.t.OperatorHelmChartContainer - [local-hivemq-6f4d548d79] [hivemq] [45c06608] DEBUG - Setting topic alias maximum per client to 5
2025-01-30 18:46:22,513 INFO c.h.h.t.OperatorHelmChartContainer - [local-hivemq-6f4d548d79] [hivemq] [45c06608] DEBUG - Setting the number of max queued messages  per client to 1000 entries
2025-01-30 18:46:22,513 INFO c.h.h.t.OperatorHelmChartContainer - [local-hivemq-6f4d548d79] [hivemq] [45c06608] DEBUG - Setting queued messages strategy for each client to DISCARD
2025-01-30 18:46:22,513 INFO c.h.h.t.OperatorHelmChartContainer - [local-hivemq-6f4d548d79] [hivemq] [45c06608] DEBUG - Setting the expiry interval for client sessions to 4294967295 seconds
2025-01-30 18:46:22,513 INFO c.h.h.t.OperatorHelmChartContainer - [local-hivemq-6f4d548d79] [hivemq] [45c06608] DEBUG - Setting the expiry interval for publish messages to 4294967296 seconds
2025-01-30 18:46:22,513 INFO c.h.h.t.OperatorHelmChartContainer - [local-hivemq-6f4d548d79] [hivemq] [45c06608] DEBUG - Setting the server receive maximum to 10
2025-01-30 18:46:22,513 INFO c.h.h.t.OperatorHelmChartContainer - [local-hivemq-6f4d548d79] [hivemq] [45c06608] DEBUG - Setting keep alive maximum to 65535 seconds
2025-01-30 18:46:22,513 INFO c.h.h.t.OperatorHelmChartContainer - [local-hivemq-6f4d548d79] [hivemq] [45c06608] DEBUG - Setting keep alive allow zero to true
2025-01-30 18:46:22,513 INFO c.h.h.t.OperatorHelmChartContainer - [local-hivemq-6f4d548d79] [hivemq] [45c06608] DEBUG - Setting the maximum packet size for mqtt messages 268435460 bytes
2025-01-30 18:46:22,513 INFO c.h.h.t.OperatorHelmChartContainer - [local-hivemq-6f4d548d79] [hivemq] [45c06608] DEBUG - Setting global maximum allowed connections to -1
2025-01-30 18:46:22,513 INFO c.h.h.t.OperatorHelmChartContainer - [local-hivemq-6f4d548d79] [hivemq] [45c06608] DEBUG - Setting the maximum client id length to 65535
2025-01-30 18:46:22,513 INFO c.h.h.t.OperatorHelmChartContainer - [local-hivemq-6f4d548d79] [hivemq] [45c06608] DEBUG - Setting the timeout for disconnecting idle tcp connections before a connect message was received to 10000 milliseconds
2025-01-30 18:46:22,513 INFO c.h.h.t.OperatorHelmChartContainer - [local-hivemq-6f4d548d79] [hivemq] [45c06608] DEBUG - Throttling the global incoming traffic limit 0 bytes/second
2025-01-30 18:46:22,513 INFO c.h.h.t.OperatorHelmChartContainer - [local-hivemq-6f4d548d79] [hivemq] [45c06608] DEBUG - Setting the maximum topic length to 65535
2025-01-30 18:46:22,513 INFO c.h.h.t.OperatorHelmChartContainer - [local-hivemq-6f4d548d79] [hivemq] [45c06608] DEBUG - Setting allow server assigned client identifier to true
2025-01-30 18:46:22,513 INFO c.h.h.t.OperatorHelmChartContainer - [local-hivemq-6f4d548d79] [hivemq] [45c06608] DEBUG - Setting validate UTF-8 to true
2025-01-30 18:46:22,513 INFO c.h.h.t.OperatorHelmChartContainer - [local-hivemq-6f4d548d79] [hivemq] [45c06608] DEBUG - Setting payload format validation to false
2025-01-30 18:46:22,513 INFO c.h.h.t.OperatorHelmChartContainer - [local-hivemq-6f4d548d79] [hivemq] [45c06608] DEBUG - Setting allow-problem-information to true
2025-01-30 18:46:22,513 INFO c.h.h.t.OperatorHelmChartContainer - [local-hivemq-6f4d548d79] [hivemq] [45c06608] DEBUG - Setting control-center audit log enabled to true
2025-01-30 18:46:22,513 INFO c.h.h.t.OperatorHelmChartContainer - [local-hivemq-6f4d548d79] [hivemq] [45c06608] DEBUG - Setting rest-api audit log enabled to true
2025-01-30 18:46:22,513 INFO c.h.h.t.OperatorHelmChartContainer - [local-hivemq-6f4d548d79] [hivemq] [45c06608] DEBUG - Setting HiveMQ Control Center enabled to true 
2025-01-30 18:46:22,513 INFO c.h.h.t.OperatorHelmChartContainer - [local-hivemq-6f4d548d79] [hivemq] [45c06608] DEBUG - Setting HiveMQ Control Center default login enabled to true 
2025-01-30 18:46:22,513 INFO c.h.h.t.OperatorHelmChartContainer - [local-hivemq-6f4d548d79] [hivemq] [45c06608] DEBUG - Setting HiveMQ Control Center session idle time to 14400 seconds
2025-01-30 18:46:22,513 INFO c.h.h.t.OperatorHelmChartContainer - [local-hivemq-6f4d548d79] [hivemq] [45c06608] DEBUG - Adding Http-Listener to HiveMQ Control Center Config
2025-01-30 18:46:22,513 INFO c.h.h.t.OperatorHelmChartContainer - [local-hivemq-6f4d548d79] [hivemq] [45c06608] DEBUG - Set TLS to disabled for cluster TCP transport
2025-01-30 18:46:22,513 INFO c.h.h.t.OperatorHelmChartContainer - [local-hivemq-6f4d548d79] [hivemq] [45c06608] DEBUG - Setting replica count to 2 
2025-01-30 18:46:22,513 INFO c.h.h.t.OperatorHelmChartContainer - [local-hivemq-6f4d548d79] [hivemq] [45c06608] DEBUG - Setting cluster TCP health-check enabled
2025-01-30 18:46:22,513 INFO c.h.h.t.OperatorHelmChartContainer - [local-hivemq-6f4d548d79] [hivemq] [45c06608] DEBUG - Setting cluster TCP health-check bind-address to 10.42.0.8
2025-01-30 18:46:22,513 INFO c.h.h.t.OperatorHelmChartContainer - [local-hivemq-6f4d548d79] [hivemq] [45c06608] DEBUG - Setting cluster TCP health-check bind-address to 9000
2025-01-30 18:46:22,513 INFO c.h.h.t.OperatorHelmChartContainer - [local-hivemq-6f4d548d79] [hivemq] [45c06608] DEBUG - Setting cluster TCP health-check bind-port to 9000
2025-01-30 18:46:22,513 INFO c.h.h.t.OperatorHelmChartContainer - [local-hivemq-6f4d548d79] [hivemq] [45c06608] DEBUG - Setting cluster TCP health-check external-address to default
2025-01-30 18:46:22,513 INFO c.h.h.t.OperatorHelmChartContainer - [local-hivemq-6f4d548d79] [hivemq] [45c06608] DEBUG - Setting cluster TCP health-check external-port to 0
2025-01-30 18:46:22,513 INFO c.h.h.t.OperatorHelmChartContainer - [local-hivemq-6f4d548d79] [hivemq] [45c06608] DEBUG - Setting cluster heartbeat enabled
2025-01-30 18:46:22,513 INFO c.h.h.t.OperatorHelmChartContainer - [local-hivemq-6f4d548d79] [hivemq] [45c06608] DEBUG - Setting cluster heartbeat interval to 4000 ms
2025-01-30 18:46:22,513 INFO c.h.h.t.OperatorHelmChartContainer - [local-hivemq-6f4d548d79] [hivemq] [45c06608] DEBUG - Setting the cluster heartbeat timeout to 30000 ms
2025-01-30 18:46:22,514 INFO c.h.h.t.OperatorHelmChartContainer - [local-hivemq-6f4d548d79] [hivemq] [45c06608] DEBUG - Setting HiveMQ REST API enabled to false 
2025-01-30 18:46:22,514 INFO c.h.h.t.OperatorHelmChartContainer - [local-hivemq-6f4d548d79] [hivemq] [45c06608] DEBUG - Setting HiveMQ REST API authentication enabled to false 
2025-01-30 18:46:22,514 INFO c.h.h.t.OperatorHelmChartContainer - [local-hivemq-6f4d548d79] [hivemq] [45c06608] DEBUG - Setting HiveMQ Health API enabled to false 
2025-01-30 18:46:22,514 INFO c.h.h.t.OperatorHelmChartContainer - [local-hivemq-6f4d548d79] [hivemq] [45c06608] DEBUG - Setting client event history enabled to false
2025-01-30 18:46:22,514 INFO c.h.h.t.OperatorHelmChartContainer - [local-hivemq-6f4d548d79] [hivemq] [45c06608] DEBUG - Setting client event history lifetime to 604800000 ms
2025-01-30 18:46:22,514 INFO c.h.h.t.OperatorHelmChartContainer - [local-hivemq-6f4d548d79] [hivemq] [45c06608] DEBUG - Setting overload protection enabled to true 
2025-01-30 18:46:22,514 INFO c.h.h.t.OperatorHelmChartContainer - [local-hivemq-6f4d548d79] [hivemq] [45c06608] DEBUG - Setting anonymous usage statistics enabled to false 
2025-01-30 18:46:22,514 INFO c.h.h.t.OperatorHelmChartContainer - [local-hivemq-6f4d548d79] [hivemq] [45c06608] DEBUG - Setting expired messages topic enabled to false
2025-01-30 18:46:22,514 INFO c.h.h.t.OperatorHelmChartContainer - [local-hivemq-6f4d548d79] [hivemq] [45c06608] DEBUG - Setting dropped messages topic enabled to false
2025-01-30 18:46:22,514 INFO c.h.h.t.OperatorHelmChartContainer - [local-hivemq-6f4d548d79] [hivemq] [45c06608] DEBUG - Setting dead messages topic enabled to false
2025-01-30 18:46:22,514 INFO c.h.h.t.OperatorHelmChartContainer - [local-hivemq-6f4d548d79] [hivemq] [45c06608] INFO  - Successfully loaded configuration from '/opt/hivemq/conf/config.xml'.
2025-01-30 18:46:22,514 INFO c.h.h.t.OperatorHelmChartContainer - [local-hivemq-6f4d548d79] [hivemq] [45c06608] DEBUG - Performing sanity checks.
2025-01-30 18:46:22,514 INFO c.h.h.t.OperatorHelmChartContainer - [local-hivemq-6f4d548d79] [hivemq] [45c06608] DEBUG - Soft limit for open files (1048576) satisfies the recommended limit (1000000).
2025-01-30 18:46:22,514 INFO c.h.h.t.OperatorHelmChartContainer - [local-hivemq-6f4d548d79] [hivemq] [45c06608] DEBUG - Hard limit for open files (1048576) satisfies the recommended limit (1000000).
2025-01-30 18:46:22,514 INFO c.h.h.t.OperatorHelmChartContainer - [local-hivemq-6f4d548d79] [hivemq] [45c06608] DEBUG - HiveMQ license directory (/opt/hivemq/license) satisfies all required file-system permissions.
2025-01-30 18:46:22,514 INFO c.h.h.t.OperatorHelmChartContainer - [local-hivemq-6f4d548d79] [hivemq] [45c06608] DEBUG - HiveMQ data directory (/opt/hivemq/data) satisfies all required file-system permissions.
2025-01-30 18:46:22,514 INFO c.h.h.t.OperatorHelmChartContainer - [local-hivemq-6f4d548d79] [hivemq] [45c06608] DEBUG - HiveMQ log directory (/opt/hivemq/log) satisfies all required file-system permissions.
2025-01-30 18:46:22,514 INFO c.h.h.t.OperatorHelmChartContainer - [local-hivemq-6f4d548d79] [hivemq] [45c06608] DEBUG - HiveMQ backup directory (/opt/hivemq/backup) satisfies all required file-system permissions.
2025-01-30 18:46:22,514 INFO c.h.h.t.OperatorHelmChartContainer - [local-hivemq-6f4d548d79] [hivemq] [45c06608] DEBUG - HiveMQ audit directory (/opt/hivemq/audit) satisfies all required file-system permissions.
2025-01-30 18:46:22,514 INFO c.h.h.t.OperatorHelmChartContainer - [local-hivemq-6f4d548d79] [hivemq] [45c06608] DEBUG - HiveMQ extensions directory (/opt/hivemq/extensions) satisfies all required file-system permissions.
2025-01-30 18:46:22,514 INFO c.h.h.t.OperatorHelmChartContainer - [local-hivemq-6f4d548d79] [hivemq] [45c06608] DEBUG - Extension directory hivemq-allow-all-extension (/opt/hivemq/extensions/hivemq-allow-all-extension) satisfies all required file-system permissions.
2025-01-30 18:46:22,514 INFO c.h.h.t.OperatorHelmChartContainer - [local-hivemq-6f4d548d79] [hivemq] [45c06608] DEBUG - Extension directory hivemq-google-cloud-pubsub-extension (/opt/hivemq/extensions/hivemq-google-cloud-pubsub-extension) satisfies all required file-system permissions.
2025-01-30 18:46:22,514 INFO c.h.h.t.OperatorHelmChartContainer - [local-hivemq-6f4d548d79] [hivemq] [45c06608] DEBUG - Extension directory hivemq-enterprise-security-extension (/opt/hivemq/extensions/hivemq-enterprise-security-extension) satisfies all required file-system permissions.
2025-01-30 18:46:22,514 INFO c.h.h.t.OperatorHelmChartContainer - [local-hivemq-6f4d548d79] [hivemq] [45c06608] DEBUG - Extension directory hivemq-bridge-extension (/opt/hivemq/extensions/hivemq-bridge-extension) satisfies all required file-system permissions.
2025-01-30 18:46:22,514 INFO c.h.h.t.OperatorHelmChartContainer - [local-hivemq-6f4d548d79] [hivemq] [45c06608] DEBUG - Extension directory hivemq-kafka-extension (/opt/hivemq/extensions/hivemq-kafka-extension) satisfies all required file-system permissions.
2025-01-30 18:46:22,514 INFO c.h.h.t.OperatorHelmChartContainer - [local-hivemq-6f4d548d79] [hivemq] [45c06608] DEBUG - Extension directory hivemq-distributed-tracing-extension (/opt/hivemq/extensions/hivemq-distributed-tracing-extension) satisfies all required file-system permissions.
2025-01-30 18:46:22,514 INFO c.h.h.t.OperatorHelmChartContainer - [local-hivemq-6f4d548d79] [hivemq] [45c06608] DEBUG - Extension directory hivemq-prometheus-extension (/opt/hivemq/extensions/hivemq-prometheus-extension) satisfies all required file-system permissions.
2025-01-30 18:46:22,514 INFO c.h.h.t.OperatorHelmChartContainer - [local-hivemq-6f4d548d79] [hivemq] [45c06608] DEBUG - Extension directory hivemq-amazon-kinesis-extension (/opt/hivemq/extensions/hivemq-amazon-kinesis-extension) satisfies all required file-system permissions.
2025-01-30 18:46:22,514 INFO c.h.h.t.OperatorHelmChartContainer - [local-hivemq-6f4d548d79] [hivemq] [45c06608] DEBUG - Extension directory hivemq-k8s-sync-extension (/opt/hivemq/extensions/hivemq-k8s-sync-extension) satisfies all required file-system permissions.
2025-01-30 18:46:22,514 INFO c.h.h.t.OperatorHelmChartContainer - [local-hivemq-6f4d548d79] [hivemq] [45c06608] DEBUG - Extension directory hivemq-dns-cluster-discovery (/opt/hivemq/extensions/hivemq-dns-cluster-discovery) satisfies all required file-system permissions.
2025-01-30 18:46:22,514 INFO c.h.h.t.OperatorHelmChartContainer - [local-hivemq-6f4d548d79] [hivemq] [45c06608] DEBUG - Extension directory hivemq-snowflake-extension (/opt/hivemq/extensions/hivemq-snowflake-extension) satisfies all required file-system permissions.
2025-01-30 18:46:22,516 INFO c.h.h.t.OperatorHelmChartContainer - [local-hivemq-6f4d548d79] [hivemq] [45c06608] DEBUG - Extension directory hivemq-postgresql-extension (/opt/hivemq/extensions/hivemq-postgresql-extension) satisfies all required file-system permissions.
2025-01-30 18:46:22,516 INFO c.h.h.t.OperatorHelmChartContainer - [local-hivemq-6f4d548d79] [hivemq] [45c06608] DEBUG - Extension directory hivemq-mysql-extension (/opt/hivemq/extensions/hivemq-mysql-extension) satisfies all required file-system permissions.
2025-01-30 18:46:22,516 INFO c.h.h.t.OperatorHelmChartContainer - [local-hivemq-6f4d548d79] [hivemq] [45c06608] DEBUG - Extension directory hivemq-mongodb-extension (/opt/hivemq/extensions/hivemq-mongodb-extension) satisfies all required file-system permissions.
2025-01-30 18:46:22,516 INFO c.h.h.t.OperatorHelmChartContainer - [local-hivemq-6f4d548d79] [hivemq] [45c06608] DEBUG - Extension directory hivemq-data-lake-extension (/opt/hivemq/extensions/hivemq-data-lake-extension) satisfies all required file-system permissions.
2025-01-30 18:46:22,516 INFO c.h.h.t.OperatorHelmChartContainer - [local-hivemq-6f4d548d79] [hivemq] [45c06608] DEBUG - Extension directory hivemq-microsoft-sql-server-extension (/opt/hivemq/extensions/hivemq-microsoft-sql-server-extension) satisfies all required file-system permissions.
2025-01-30 18:46:22,516 INFO c.h.h.t.OperatorHelmChartContainer - [local-hivemq-6f4d548d79] [hivemq] [45c06608] DEBUG - Temporary directory (/tmp) satisfies all required file-system permissions.
2025-01-30 18:46:22,516 INFO c.h.h.t.OperatorHelmChartContainer - [local-hivemq-6f4d548d79] [hivemq] [45c06608] DEBUG - Heap dump directory (/opt/hivemq/dumps) satisfies all required file-system permissions.
2025-01-30 18:46:22,516 INFO c.h.h.t.OperatorHelmChartContainer - [local-hivemq-6f4d548d79] [hivemq] [45c06608] DEBUG - Performed all sanity checks in 94ms. All sanity checks passed successfully.
2025-01-30 18:46:22,516 INFO c.h.h.t.OperatorHelmChartContainer - [local-hivemq-6f4d548d79] [hivemq] [45c06608] INFO  - This node's ID is noGhg
2025-01-30 18:46:22,519 INFO c.h.h.t.OperatorHelmChartContainer - [local-hivemq-6f4d548d79] [hivemq] [45c06608] INFO  - Clustering is enabled
2025-01-30 18:46:22,519 INFO c.h.h.t.OperatorHelmChartContainer - [local-hivemq-6f4d548d79] [hivemq] [45c06608] DEBUG - Configured WriteBufferManager with size for memtables 311023370 and for the block cache 466535055
2025-01-30 18:46:22,519 INFO c.h.h.t.OperatorHelmChartContainer - [local-hivemq-6f4d548d79] [hivemq] [45c06608] DEBUG - Starting RocksDBMemoryUsageWatchdog.
2025-01-30 18:46:22,519 INFO c.h.h.t.OperatorHelmChartContainer - [local-hivemq-6f4d548d79] [hivemq] [45c06608] DEBUG - RocksDBMemoryUsageWatchdog is running.
2025-01-30 18:46:22,519 INFO c.h.h.t.OperatorHelmChartContainer - [local-hivemq-6f4d548d79] [hivemq] [45c06608] DEBUG - Folder /opt/hivemq/data/persistence does not exist, trying to create it
2025-01-30 18:46:22,519 INFO c.h.h.t.OperatorHelmChartContainer - [local-hivemq-6f4d548d79] [hivemq] [45c06608] DEBUG - Created folder /opt/hivemq/data
2025-01-30 18:46:22,519 INFO c.h.h.t.OperatorHelmChartContainer - [local-hivemq-6f4d548d79] [hivemq] [45c06608] DEBUG - Folder /opt/hivemq/data/persistence/publish_payload_store/040500_R does not exist, trying to create it
2025-01-30 18:46:22,519 INFO c.h.h.t.OperatorHelmChartContainer - [local-hivemq-6f4d548d79] [hivemq] [45c06608] DEBUG - Folder /opt/hivemq/data/persistence/client_queue/042800_R does not exist, trying to create it
2025-01-30 18:46:22,519 INFO c.h.h.t.OperatorHelmChartContainer - [local-hivemq-6f4d548d79] [hivemq] [45c06608] DEBUG - Folder /opt/hivemq/data/persistence/client_session_store/040100_R does not exist, trying to create it
2025-01-30 18:46:22,519 INFO c.h.h.t.OperatorHelmChartContainer - [local-hivemq-6f4d548d79] [hivemq] [45c06608] DEBUG - Folder /opt/hivemq/data/persistence/client_session_subscriptions/043200_R does not exist, trying to create it
2025-01-30 18:46:22,519 INFO c.h.h.t.OperatorHelmChartContainer - [local-hivemq-6f4d548d79] [hivemq] [45c06608] DEBUG - Folder /opt/hivemq/data/persistence/retained_messages/040800_R does not exist, trying to create it
2025-01-30 18:46:22,519 INFO c.h.h.t.OperatorHelmChartContainer - [local-hivemq-6f4d548d79] [hivemq] [45c06608] DEBUG - Folder /opt/hivemq/data/persistence/attribute/043100_R does not exist, trying to create it
2025-01-30 18:46:22,519 INFO c.h.h.t.OperatorHelmChartContainer - [local-hivemq-6f4d548d79] [hivemq] [45c06608] DEBUG - Folder /opt/hivemq/data/persistence/incoming_message_flow/043000_R does not exist, trying to create it
2025-01-30 18:46:22,519 INFO c.h.h.t.OperatorHelmChartContainer - [local-hivemq-6f4d548d79] [hivemq] [45c06608] DEBUG - Folder /opt/hivemq/data/persistence/data_hub_modules/043000_R does not exist, trying to create it
2025-01-30 18:46:22,519 INFO c.h.h.t.OperatorHelmChartContainer - [local-hivemq-6f4d548d79] [hivemq] [45c06608] DEBUG - Folder /opt/hivemq/data/persistence/data_hub_schemas/042000_R does not exist, trying to create it
2025-01-30 18:46:22,519 INFO c.h.h.t.OperatorHelmChartContainer - [local-hivemq-6f4d548d79] [hivemq] [45c06608] DEBUG - Folder /opt/hivemq/data/persistence/data_hub_scripts/042300_R does not exist, trying to create it
2025-01-30 18:46:22,519 INFO c.h.h.t.OperatorHelmChartContainer - [local-hivemq-6f4d548d79] [hivemq] [45c06608] DEBUG - Folder /opt/hivemq/data/persistence/data_hub_policies/042000_R does not exist, trying to create it
2025-01-30 18:46:22,519 INFO c.h.h.t.OperatorHelmChartContainer - [local-hivemq-6f4d548d79] [hivemq] [45c06608] DEBUG - Diagnostic mode is disabled
2025-01-30 18:46:22,519 INFO c.h.h.t.OperatorHelmChartContainer - [local-hivemq-6f4d548d79] [hivemq] [45c06608] INFO  - No valid license file found. Using trial license, restricted to 25 connections.
2025-01-30 18:46:22,519 INFO c.h.h.t.OperatorHelmChartContainer - [local-hivemq-6f4d548d79] [hivemq] [45c06608] DEBUG - Native Epoll is available on this platform
2025-01-30 18:46:22,519 INFO c.h.h.t.OperatorHelmChartContainer - [local-hivemq-6f4d548d79] [hivemq] [45c06608] DEBUG - Set extension executor thread pool size to 1
2025-01-30 18:46:22,519 INFO c.h.h.t.OperatorHelmChartContainer - [local-hivemq-6f4d548d79] [hivemq] [45c06608] DEBUG - Set extension executor thread pool keep-alive to 30 seconds
2025-01-30 18:46:22,519 INFO c.h.h.t.OperatorHelmChartContainer - [local-hivemq-6f4d548d79] [hivemq] [45c06608] DEBUG - initializing RSA key
2025-01-30 18:46:22,519 INFO c.h.h.t.OperatorHelmChartContainer - [local-hivemq-6f4d548d79] [hivemq] [45c06608] DEBUG - finished initializing RSA key in 796ms
2025-01-30 18:46:22,519 INFO c.h.h.t.OperatorHelmChartContainer - [local-hivemq-6f4d548d79] [hivemq] [45c06608] DEBUG - Unable to provide size and free metrics for disk /dev/sda: Could not find the corresponding FileStore (OSHI/Java).
2025-01-30 18:46:22,519 INFO c.h.h.t.OperatorHelmChartContainer - [local-hivemq-6f4d548d79] [hivemq] [45c06608] DEBUG - Unable to provide size and free metrics for disk /dev/sdb: Could not find the corresponding FileStore (OSHI/Java).
2025-01-30 18:46:22,519 INFO c.h.h.t.OperatorHelmChartContainer - [local-hivemq-6f4d548d79] [hivemq] [45c06608] DEBUG - Throttling incoming traffic to 0 B/s
2025-01-30 18:46:22,519 INFO c.h.h.t.OperatorHelmChartContainer - [local-hivemq-6f4d548d79] [hivemq] [45c06608] DEBUG - Throttling outgoing traffic to 0 B/s
2025-01-30 18:46:22,519 INFO c.h.h.t.OperatorHelmChartContainer - [local-hivemq-6f4d548d79] [hivemq] [45c06608] INFO  - No valid license file for Data Hub found. Using free license, restricted to 1 policy.
2025-01-30 18:46:22,519 INFO c.h.h.t.OperatorHelmChartContainer - [local-hivemq-6f4d548d79] [hivemq] [45c06608] DEBUG - Building initial topic tree
2025-01-30 18:46:22,519 INFO c.h.h.t.OperatorHelmChartContainer - [local-hivemq-6f4d548d79] [hivemq] [45c06608] DEBUG - Started JMX Metrics Reporting.
2025-01-30 18:46:22,519 INFO c.h.h.t.OperatorHelmChartContainer - [local-hivemq-6f4d548d79] [hivemq] [45c06608] DEBUG - Registered JVM metrics with prefix com.hivemq.jvm.
2025-01-30 18:46:22,519 INFO c.h.h.t.OperatorHelmChartContainer - [local-hivemq-6f4d548d79] [hivemq] [45c06608] DEBUG - Registered HiveMQ Health API metrics.
2025-01-30 18:46:22,519 INFO c.h.h.t.OperatorHelmChartContainer - [local-hivemq-6f4d548d79] [hivemq] [45c06608] INFO  - Audit Logger started.
2025-01-30 18:46:22,519 INFO c.h.h.t.OperatorHelmChartContainer - [local-hivemq-6f4d548d79] [hivemq] [45c06608] INFO  - This node uses '1' CPU cores.
2025-01-30 18:46:22,519 INFO c.h.h.t.OperatorHelmChartContainer - [local-hivemq-6f4d548d79] [hivemq] [45c06608] INFO  - Starting HiveMQ extension system.
2025-01-30 18:46:22,519 INFO c.h.h.t.OperatorHelmChartContainer - [local-hivemq-6f4d548d79] [hivemq] [45c06608] INFO  - Starting extension with id "hivemq-dns-cluster-discovery" at /opt/hivemq/extensions/hivemq-dns-cluster-discovery
2025-01-30 18:46:22,519 INFO c.h.h.t.OperatorHelmChartContainer - [local-hivemq-6f4d548d79] [hivemq] [45c06608] DEBUG - HiveMQ DNS Cluster Discovery Extension: No DNS server address was set in the configuration file or environment variable.
2025-01-30 18:46:22,520 INFO c.h.h.t.OperatorHelmChartContainer - [local-hivemq-6f4d548d79] [hivemq] [45c06608] DEBUG - HiveMQ DNS Cluster Discovery Extension: No reload interval was set in the configuration file or environment variable. Defaulting to 30.
2025-01-30 18:46:22,520 INFO c.h.h.t.OperatorHelmChartContainer - [local-hivemq-6f4d548d79] [hivemq] [45c06608] INFO  - Extension "DNS Cluster Discovery Extension" version 4.3.3 started successfully.
2025-01-30 18:46:22,520 INFO c.h.h.t.OperatorHelmChartContainer - [local-hivemq-6f4d548d79] [hivemq] [45c06608] INFO  - Starting extension with id "hivemq-k8s-sync-extension" at /opt/hivemq/extensions/hivemq-k8s-sync-extension
2025-01-30 18:46:22,520 INFO c.h.h.t.OperatorHelmChartContainer - [local-hivemq-6f4d548d79] [hivemq] [45c06608] INFO  - Using TCP cluster transport on address 10.42.0.8 and port 7000
2025-01-30 18:46:22,520 INFO c.h.h.t.OperatorHelmChartContainer - [local-hivemq-6f4d548d79] [hivemq] [45c06608] INFO  - Using extension cluster discovery
2025-01-30 18:46:22,520 INFO c.h.h.t.OperatorHelmChartContainer - [local-hivemq-6f4d548d79] [hivemq] [45c06608] DEBUG - Could not get configMap modification timestamp for source /hivemq-data/conf/..data, likely no ConfigMap mounted
2025-01-30 18:46:22,520 INFO c.h.h.t.OperatorHelmChartContainer - [local-hivemq-6f4d548d79] [hivemq] [45c06608] DEBUG - Could not get configMap modification timestamp for source /hivemq-data/extensions/..data, likely no ConfigMap mounted
2025-01-30 18:46:22,520 INFO c.h.h.t.OperatorHelmChartContainer - [local-hivemq-6f4d548d79] [hivemq] [45c06608] DEBUG - Could not get configMap modification timestamp for source /hivemq-data/bin/..data, likely no ConfigMap mounted
2025-01-30 18:46:22,520 INFO c.h.h.t.OperatorHelmChartContainer - [local-hivemq-6f4d548d79] [hivemq] [45c06608] INFO  - Started HiveMQ Kubernetes State Synchronization Extension:1.0.3
2025-01-30 18:46:22,520 INFO c.h.h.t.OperatorHelmChartContainer - [local-hivemq-6f4d548d79] [hivemq] [45c06608] INFO  - Extension "HiveMQ Kubernetes State Synchronization Extension" version 1.0.3 started successfully.
2025-01-30 18:46:22,520 INFO c.h.h.t.OperatorHelmChartContainer - [local-hivemq-6f4d548d79] [hivemq] [45c06608] INFO  - Starting extension with id "hivemq-allow-all-extension" at /opt/hivemq/extensions/hivemq-allow-all-extension
2025-01-30 18:46:22,520 INFO c.h.h.t.OperatorHelmChartContainer - [local-hivemq-6f4d548d79] [hivemq] [45c06608] WARN  - 
2025-01-30 18:46:22,520 INFO c.h.h.t.OperatorHelmChartContainer - [local-hivemq-6f4d548d79] [hivemq] [45c06608] ################################################################################################################
2025-01-30 18:46:22,520 INFO c.h.h.t.OperatorHelmChartContainer - [local-hivemq-6f4d548d79] [hivemq] [45c06608] # This HiveMQ deployment is not secure! You are lacking Authentication and Authorization.                      #
2025-01-30 18:46:22,520 INFO c.h.h.t.OperatorHelmChartContainer - [local-hivemq-6f4d548d79] [hivemq] [45c06608] # Right now any MQTT client can connect to the broker with a full set of permissions.                          #
2025-01-30 18:46:22,520 INFO c.h.h.t.OperatorHelmChartContainer - [local-hivemq-6f4d548d79] [hivemq] [45c06608] # For production usage, add an appropriate security extension and remove the hivemq-allow-all extension.       #
2025-01-30 18:46:22,520 INFO c.h.h.t.OperatorHelmChartContainer - [local-hivemq-6f4d548d79] [hivemq] [45c06608] # You can download security extensions from the HiveMQ Marketplace (https://www.hivemq.com/extensions/).       #
2025-01-30 18:46:22,520 INFO c.h.h.t.OperatorHelmChartContainer - [local-hivemq-6f4d548d79] [hivemq] [45c06608] ################################################################################################################
2025-01-30 18:46:22,520 INFO c.h.h.t.OperatorHelmChartContainer - [local-hivemq-6f4d548d79] [hivemq] [45c06608] DEBUG - Simple authenticator added by extension 'hivemq-allow-all-extension'.
2025-01-30 18:46:22,520 INFO c.h.h.t.OperatorHelmChartContainer - [local-hivemq-6f4d548d79] [hivemq] [45c06608] INFO  - Extension "Allow All Extension" version 1.1.1 started successfully.
2025-01-30 18:46:22,520 INFO c.h.h.t.OperatorHelmChartContainer - [local-hivemq-6f4d548d79] [hivemq] [45c06608] DEBUG - HiveMQ DNS Cluster Discovery Extension: Discovered new address '10.42.0.8'.
2025-01-30 18:46:22,520 INFO c.h.h.t.OperatorHelmChartContainer - [local-hivemq-6f4d548d79] [hivemq] [45c06608] INFO  - noGhg: no members discovered after 2112 ms: creating cluster as first member
2025-01-30 18:46:22,520 INFO c.h.h.t.OperatorHelmChartContainer - [local-hivemq-6f4d548d79] [hivemq] [45c06608] INFO  - Cluster nodes found by discovery: [noGhg|0] (1) [noGhg].
2025-01-30 18:46:22,520 INFO c.h.h.t.OperatorHelmChartContainer - [local-hivemq-6f4d548d79] [hivemq] [45c06608] DEBUG - State of node noGhg changed to UNKNOWN was null. Current cluster node states: {noGhg=UNKNOWN}
2025-01-30 18:46:22,520 INFO c.h.h.t.OperatorHelmChartContainer - [local-hivemq-6f4d548d79] [hivemq] [45c06608] DEBUG - State of node noGhg set to RUNNING. Current cluster node states: {noGhg=RUNNING}
2025-01-30 18:46:22,520 INFO c.h.h.t.OperatorHelmChartContainer - [local-hivemq-6f4d548d79] [hivemq] [45c06608] WARN  - No user for HiveMQ Control Center configured. Starting with default user
2025-01-30 18:46:22,520 INFO c.h.h.t.OperatorHelmChartContainer - [local-hivemq-6f4d548d79] [hivemq] [45c06608] INFO  - Starting HiveMQ Control Center on address 0.0.0.0 and port 8080
2025-01-30 18:46:22,520 INFO c.h.h.t.OperatorHelmChartContainer - [local-hivemq-6f4d548d79] [hivemq] [45c06608] INFO  - Mounting HiveMQ Control Center V2 Preview
2025-01-30 18:46:22,520 INFO c.h.h.t.OperatorHelmChartContainer - [local-hivemq-6f4d548d79] [hivemq] [45c06608] INFO  - Started HiveMQ Control Center in 1400ms
2025-01-30 18:46:22,520 INFO c.h.h.t.OperatorHelmChartContainer - [local-hivemq-6f4d548d79] [hivemq] [45c06608] INFO  - Starting TCP listener on address 0.0.0.0 and port 1883
2025-01-30 18:46:22,520 INFO c.h.h.t.OperatorHelmChartContainer - [local-hivemq-6f4d548d79] [hivemq] [45c06608] INFO  - Started TCP Listener on address 0.0.0.0 and on port 1883.
2025-01-30 18:46:22,520 INFO c.h.h.t.OperatorHelmChartContainer - [local-hivemq-6f4d548d79] [hivemq] [45c06608] INFO  - Started HiveMQ in 25102ms
2025-01-30 18:46:22,531 INFO c.h.h.t.OperatorHelmChartContainer - Started log watcher for operator in pod local-hivemq-hivemq-operator-operator-6b564f6db4-x2x22 [373f245d-fc77-45eb-8826-9d1f26d610b8]
2025-01-30 18:46:22,531 INFO c.h.h.t.OperatorHelmChartContainer - [local-hivemq-hivemq-operator] [operator] [373f245d] Picked up JAVA_TOOL_OPTIONS: -XX:+UnlockExperimentalVMOptions -XX:InitialRAMPercentage=75 -XX:MaxRAMPercentage=75
2025-01-30 18:46:22,531 INFO c.h.h.t.OperatorHelmChartContainer - [local-hivemq-hivemq-operator] [operator] [373f245d]  __  __ _                                  _   
2025-01-30 18:46:22,531 INFO c.h.h.t.OperatorHelmChartContainer - [local-hivemq-hivemq-operator] [operator] [373f245d] |  \/  (_) ___ _ __ ___  _ __   __ _ _   _| |_ 
2025-01-30 18:46:22,531 INFO c.h.h.t.OperatorHelmChartContainer - [local-hivemq-hivemq-operator] [operator] [373f245d] | |\/| | |/ __| '__/ _ \| '_ \ / _` | | | | __|
2025-01-30 18:46:22,531 INFO c.h.h.t.OperatorHelmChartContainer - [local-hivemq-hivemq-operator] [operator] [373f245d] | |  | | | (__| | | (_) | | | | (_| | |_| | |_ 
2025-01-30 18:46:22,531 INFO c.h.h.t.OperatorHelmChartContainer - [local-hivemq-hivemq-operator] [operator] [373f245d] |_|  |_|_|\___|_|  \___/|_| |_|\__,_|\__,_|\__|
2025-01-30 18:46:22,531 INFO c.h.h.t.OperatorHelmChartContainer - [local-hivemq-hivemq-operator] [operator] [373f245d]   Micronaut (v3.5.2)
2025-01-30 18:46:22,531 INFO c.h.h.t.OperatorHelmChartContainer - [local-hivemq-hivemq-operator] [operator] [373f245d] 
2025-01-30 18:46:22,531 INFO c.h.h.t.OperatorHelmChartContainer - [local-hivemq-hivemq-operator] [operator] [373f245d] ?[36m18:44:58.598?[0;39m ?[1;30m[main]?[0;39m ?[34mINFO ?[0;39m ?[35mio.micronaut.runtime.Micronaut?[0;39m - Startup completed in 2409ms. Server Running: http://local-hivemq-hivemq-operator-operator-6b564f6db4-x2x22:8443
2025-01-30 18:46:22,531 INFO c.h.h.t.OperatorHelmChartContainer - [local-hivemq-hivemq-operator] [operator] [373f245d] ?[36m18:44:59.776?[0;39m ?[1;30m[main]?[0;39m ?[34mINFO ?[0;39m ?[35mcom.hivemq.Operator?[0;39m - Initializing HiveMQ operator
2025-01-30 18:46:22,531 INFO c.h.h.t.OperatorHelmChartContainer - [local-hivemq-hivemq-operator] [operator] [373f245d] ?[36m18:45:00.882?[0;39m ?[1;30m[main]?[0;39m ?[34mINFO ?[0;39m ?[35mcom.hivemq.Operator?[0;39m - Operating from namespace 'default'
2025-01-30 18:46:22,532 INFO c.h.h.t.OperatorHelmChartContainer - [local-hivemq-hivemq-operator] [operator] [373f245d] ?[36m18:45:01.073?[0;39m ?[1;30m[pool-3-thread-1]?[0;39m ?[34mINFO ?[0;39m ?[35mcom.hivemq.AbstractWatcher?[0;39m - CustomResource watcher running for kinds HiveMQCluster
2025-01-30 18:46:22,532 INFO c.h.h.t.OperatorHelmChartContainer - [local-hivemq-hivemq-operator] [operator] [373f245d] ?[36m18:45:01.691?[0;39m ?[1;30m[main]?[0;39m ?[34mINFO ?[0;39m ?[35mcom.hivemq.Operator?[0;39m - Operator started in 1915ms
2025-01-30 18:46:22,532 INFO c.h.h.t.OperatorHelmChartContainer - [local-hivemq-hivemq-operator] [operator] [373f245d] ?[36m18:45:01.987?[0;39m ?[1;30m[pool-3-thread-2]?[0;39m ?[34mINFO ?[0;39m ?[35mcom.hivemq.Operator?[0;39m - Syncing state for cluster 'local-hivemq' in namespace 'default'
2025-01-30 18:46:22,532 INFO c.h.h.t.OperatorHelmChartContainer - [local-hivemq-hivemq-operator] [operator] [373f245d] ?[36m18:45:05.036?[0;39m ?[1;30m[pool-3-thread-7]?[0;39m ?[34mINFO ?[0;39m ?[35mcom.hivemq.Operator?[0;39m - Syncing state for cluster 'local-hivemq' in namespace 'default'
2025-01-30 18:46:22,532 INFO c.h.h.t.OperatorHelmChartContainer - [local-hivemq-hivemq-operator] [operator] [373f245d] ?[36m18:45:05.769?[0;39m ?[1;30m[pool-3-thread-2]?[0;39m ?[34mINFO ?[0;39m ?[35mcom.hivemq.util.DeploymentUtil?[0;39m - Waiting for deployment local-hivemq to roll out...
2025-01-30 18:46:22,532 INFO c.h.h.t.OperatorHelmChartContainer - [local-hivemq-hivemq-operator] [operator] [373f245d] ?[36m18:45:06.646?[0;39m ?[1;30m[pool-3-thread-7]?[0;39m ?[34mINFO ?[0;39m ?[35mcom.hivemq.util.DeploymentUtil?[0;39m - Waiting for deployment local-hivemq to roll out...
2025-01-30 18:46:22,532 INFO c.h.h.t.OperatorHelmChartContainer - [local-hivemq-hivemq-operator] [operator] [373f245d] ?[36m18:46:22.270?[0;39m ?[1;30m[pool-3-thread-7]?[0;39m ?[34mINFO ?[0;39m ?[35mcom.hivemq.Operator?[0;39m - State synchronization complete for cluster 'local-hivemq' in namespace 'default' in 77234ms
2025-01-30 18:46:22,533 INFO c.h.h.t.OperatorHelmChartContainer - [EVENT] Normal [Started] Started container operator [default:local-hivemq-hivemq-operator-operator-6b564f6db4-x2x22]
2025-01-30 18:46:22,533 INFO c.h.h.t.OperatorHelmChartContainer - Received Started event for container operator in pod local-hivemq-hivemq-operator-operator-6b564f6db4-x2x22 [373f245d-fc77-45eb-8826-9d1f26d610b8]
2025-01-30 18:46:22,533 INFO c.h.h.t.OperatorHelmChartContainer - [EVENT] Normal [SuccessfulCreate] Created pod: local-hivemq-hivemq-operator-operator-6b564f6db4-x2x22 [default:local-hivemq-hivemq-operator-operator-6b564f6db4]
2025-01-30 18:46:22,533 INFO c.h.h.t.OperatorHelmChartContainer - [EVENT] Normal [ScalingReplicaSet] Scaled up replica set local-hivemq-hivemq-operator-operator-6b564f6db4 from 0 to 1 [default:local-hivemq-hivemq-operator-operator]
2025-01-30 18:46:22,533 INFO c.h.h.t.OperatorHelmChartContainer - [EVENT] Normal [ScalingReplicaSet] Scaled up replica set local-hivemq-6f4d548d79 from 0 to 1 [default:local-hivemq]
2025-01-30 18:46:22,539 INFO c.h.h.t.OperatorHelmChartContainer - [local-hivemq-hivemq-operator] [operator] [373f245d] ?[36m18:46:22.537?[0;39m ?[1;30m[pool-3-thread-2]?[0;39m ?[34mINFO ?[0;39m ?[35mcom.hivemq.Operator?[0;39m - State synchronization complete for cluster 'local-hivemq' in namespace 'default' in 80550ms
2025-01-30 18:46:24,859 INFO c.h.h.t.OperatorHelmChartContainer - [local-hivemq-hivemq-operator] [operator] [373f245d] ?[36m18:46:24.857?[0;39m ?[1;30m[pool-3-thread-12]?[0;39m ?[34mINFO ?[0;39m ?[35mcom.hivemq.Operator?[0;39m - Syncing state for cluster 'local-hivemq' in namespace 'default'
2025-01-30 18:46:24,968 INFO c.h.h.t.OperatorHelmChartContainer - [K3S] [event.go:389] "Event occurred" object="default/hivemq-local-hivemq-mqtt" fieldPath="" kind="Service" apiVersion="v1" type="Normal" reason="DeletingLoadBalancer" message="Deleting load balancer"
2025-01-30 18:46:24,977 INFO c.h.h.t.OperatorHelmChartContainer - [EVENT] Normal [DeletingLoadBalancer] Deleting load balancer [default:hivemq-local-hivemq-mqtt]
2025-01-30 18:46:24,985 INFO c.h.h.t.OperatorHelmChartContainer - [K3S] [event.go:389] "Event occurred" object="default/hivemq-local-hivemq-mqtt" fieldPath="" kind="Service" apiVersion="v1" type="Normal" reason="DeletedLoadBalancer" message="Deleted load balancer"
2025-01-30 18:46:24,985 INFO c.h.h.t.OperatorHelmChartContainer - [K3S] [event.go:389] "Event occurred" object="default/hivemq-local-hivemq-mqtt" fieldPath="" kind="Service" apiVersion="v1" type="Normal" reason="DeletedDaemonSet" message="Deleted LoadBalancer DaemonSet kube-system/svclb-hivemq-local-hivemq-mqtt-74ced9d8"
2025-01-30 18:46:24,989 INFO c.h.h.t.OperatorHelmChartContainer - [EVENT] Normal [DeletedDaemonSet] Deleted LoadBalancer DaemonSet kube-system/svclb-hivemq-local-hivemq-mqtt-74ced9d8 [default:hivemq-local-hivemq-mqtt]
2025-01-30 18:46:24,998 INFO c.h.h.t.OperatorHelmChartContainer - [EVENT] Normal [DeletedLoadBalancer] Deleted load balancer [default:hivemq-local-hivemq-mqtt]
2025-01-30 18:46:25,008 INFO c.h.h.t.OperatorHelmChartContainer - [POD] svclb-hivemq-local-hivemq-mqtt-74ced9d8-fcgbp [2c0323d6-6dd0-4376-8126-da45763a5e73] in kube-system was MODIFIED
2025-01-30 18:46:25,065 DEBUG c.h.h.t.OperatorHelmChartContainer - Chart 'local-hivemq' installed or upgraded
2025-01-30 18:46:25,074 DEBUG com.hivemq.helmcharts.util.K8sUtil - State to compare Running and waiting for Updating
2025-01-30 18:46:25,194 INFO c.h.h.t.OperatorHelmChartContainer - [POD] svclb-hivemq-local-hivemq-mqtt-74ced9d8-fcgbp [2c0323d6-6dd0-4376-8126-da45763a5e73] in kube-system was MODIFIED
2025-01-30 18:46:25,349 DEBUG com.hivemq.helmcharts.util.K8sUtil - State to compare Running and waiting for Updating
2025-01-30 18:46:25,387 DEBUG com.hivemq.helmcharts.util.K8sUtil - State to compare Updating and waiting for Updating
2025-01-30 18:46:25,396 DEBUG com.hivemq.helmcharts.util.K8sUtil - State to compare Updating and waiting for Running
2025-01-30 18:46:25,488 INFO c.h.h.t.OperatorHelmChartContainer - [K3S] [scope.go:117] "RemoveContainer" containerID="9e471aeb682eaa22174d051b8926aca1c5aa0e2070707f1e87513ffe2920ee82"
2025-01-30 18:46:25,492 INFO c.h.h.t.OperatorHelmChartContainer - [K3S] [scope.go:117] "RemoveContainer" containerID="9e471aeb682eaa22174d051b8926aca1c5aa0e2070707f1e87513ffe2920ee82"
2025-01-30 18:46:25,500 INFO c.h.h.t.OperatorHelmChartContainer - [POD] svclb-hivemq-local-hivemq-mqtt-74ced9d8-fcgbp [2c0323d6-6dd0-4376-8126-da45763a5e73] in kube-system was MODIFIED
2025-01-30 18:46:25,502 INFO c.h.h.t.OperatorHelmChartContainer - [POD] svclb-hivemq-local-hivemq-mqtt-74ced9d8-fcgbp [2c0323d6-6dd0-4376-8126-da45763a5e73] in kube-system was DELETED
2025-01-30 18:46:25,589 INFO c.h.h.t.OperatorHelmChartContainer - [K3S] [replica_set.go:679] "Finished syncing" kind="ReplicaSet" key="default/local-hivemq-6f4d548d79" duration="36.919µs"
2025-01-30 18:46:25,638 INFO c.h.h.t.OperatorHelmChartContainer - [local-hivemq-hivemq-operator] [operator] [373f245d] ?[36m18:46:25.636?[0;39m ?[1;30m[pool-3-thread-12]?[0;39m ?[34mINFO ?[0;39m ?[35mcom.hivemq.util.DeploymentUtil?[0;39m - Waiting for deployment local-hivemq to roll out...
2025-01-30 18:46:25,654 DEBUG com.hivemq.helmcharts.util.K8sUtil - State to compare Updating and waiting for Running
2025-01-30 18:46:25,752 DEBUG com.hivemq.helmcharts.util.K8sUtil - State to compare Updating and waiting for Running
2025-01-30 18:46:25,882 DEBUG com.hivemq.helmcharts.util.K8sUtil - State to compare Updating and waiting for Running
2025-01-30 18:46:25,956 DEBUG com.hivemq.helmcharts.util.K8sUtil - State to compare Updating and waiting for Running
2025-01-30 18:46:26,148 INFO c.h.h.t.OperatorHelmChartContainer - [local-hivemq-hivemq-operator] [operator] [373f245d] ?[36m18:46:26.147?[0;39m ?[1;30m[pool-3-thread-12]?[0;39m ?[34mINFO ?[0;39m ?[35mcom.hivemq.Operator?[0;39m - State synchronization complete for cluster 'local-hivemq' in namespace 'default' in 1290ms
2025-01-30 18:46:26,149 DEBUG com.hivemq.helmcharts.util.K8sUtil - State to compare Running and waiting for Running
2025-01-30 18:46:26,158 INFO c.h.h.t.OperatorHelmChartContainer - Stopped log watcher for operator in pod local-hivemq-hivemq-operator-operator-6b564f6db4-x2x22 [373f245d-fc77-45eb-8826-9d1f26d610b8]
2025-01-30 18:46:26,158 INFO c.h.h.t.OperatorHelmChartContainer - Stopped log watcher for hivemq in pod local-hivemq-6f4d548d79-7vmvb [45c06608-8d51-447b-b38b-7f837fa086d5]
2025-01-30 18:46:26,180 INFO c.h.h.t.OperatorHelmChartContainer - [K3S] [WARNING] signal received: \"terminated\", canceling context...
2025-01-30 18:46:26,365 INFO c.h.h.t.OperatorHelmChartContainer - [K3S] 
2025-01-30 18:46:26,365 INFO c.h.h.t.OperatorHelmChartContainer - [K3S] 
]]></system-out>
  </testcase>
  <system-out><![CDATA[2025-01-30 18:44:28,102 INFO o.t.i.builder.ImageFromDockerfile - Pre-emptively checking local images for 'ubuntu:noble-20241118.1@sha256:80dd3c3b9c6cecb9f1667e9290b3bc61b78c2678c02cbdae5f0fea92cc6734ab', referenced via a Dockerfile. If not available, it will be pulled.
2025-01-30 18:44:28,103 INFO o.t.i.builder.ImageFromDockerfile - Pre-emptively checking local images for 'rancher/k3s:v1.32.1-k3s1', referenced via a Dockerfile. If not available, it will be pulled.
2025-01-30 18:44:28,105 INFO o.t.i.builder.ImageFromDockerfile - Transferred 0 bytes to Docker daemon
]]></system-out>
  <system-err><![CDATA[]]></system-err>
</testsuite>
