<?xml version="1.0" encoding="UTF-8"?>
<testsuite name="com.hivemq.helmcharts.platform.HelmCustomLogbackIT" tests="1" skipped="0" failures="0" errors="0" timestamp="2025-01-30T18:44:06" hostname="fv-az2023-252" time="96.446">
  <properties/>
  <testcase name="withCustomLogbackConfig_platformUsingCustomLogbackXml()" classname="com.hivemq.helmcharts.platform.HelmCustomLogbackIT" time="96.446">
    <system-out><![CDATA[2025-01-30 18:44:06,764 INFO c.h.h.t.HelmChartContainer - Creating namespace 'helmcustomlogbackit-operator'...
2025-01-30 18:44:06,771 INFO c.h.h.t.HelmChartContainer - Namespace 'helmcustomlogbackit-operator' created
2025-01-30 18:44:06,771 INFO c.h.h.t.HelmChartContainer - Creating namespace 'helmcustomlogbackit'...
2025-01-30 18:44:06,872 INFO c.h.h.t.HelmChartContainer - Namespace 'helmcustomlogbackit' created
2025-01-30 18:44:06,938 DEBUG c.h.h.t.HelmChartContainer - Executing helm command: /bin/helm --kubeconfig /etc/rancher/k3s/k3s.yaml install test-hivemq-platform-operator /charts/hivemq-platform-operator --wait --timeout 5m0s --set image.repository=docker.io/hivemq --set image.name=hivemq-platform-operator-test --set image.initImageName=hivemq-platform-operator-init-test --set image.tag=snapshot --set image.pullPolicy=Never --set logLevel=DEBUG --set resources.cpu=512m --namespace helmcustomlogbackit-operator
2025-01-30 18:44:07,277 INFO c.h.h.t.HelmChartContainer - [K3S] [alloc.go:330] "allocated clusterIPs" service="helmcustomlogbackit-operator/hivemq-platform-operator-test-hivemq-platform-operator" clusterIPs={"IPv4":"10.43.37.194"}
2025-01-30 18:44:07,290 INFO c.h.h.t.HelmChartContainer - [EVENT] Normal [ScalingReplicaSet] Scaled up replica set hivemq-test-hivemq-platform-operator-6966f96d65 from 0 to 1 [helmcustomlogbackit-operator:hivemq-test-hivemq-platform-operator]
2025-01-30 18:44:07,298 INFO c.h.h.t.HelmChartContainer - [POD] hivemq-test-hivemq-platform-operator-6966f96d65-48whx [fdbdc7e2-c8ee-4dd0-8d02-6410478daf41] in helmcustomlogbackit-operator was ADDED
2025-01-30 18:44:07,304 INFO c.h.h.t.HelmChartContainer - [K3S] [memory_manager.go:355] "RemoveStaleState removing state" podUID="0f09255d-c399-4365-9cfd-c72115045a63" containerName="hivemq-platform-operator"
2025-01-30 18:44:07,305 INFO c.h.h.t.HelmChartContainer - [K3S] [memory_manager.go:355] "RemoveStaleState removing state" podUID="7fe9cba3-7d23-481c-a337-7702eac26517" containerName="nginx"
2025-01-30 18:44:07,305 INFO c.h.h.t.HelmChartContainer - [K3S] [memory_manager.go:355] "RemoveStaleState removing state" podUID="e85f187c-23aa-4095-b630-1bff69fda740" containerName="hivemq"
2025-01-30 18:44:07,309 INFO c.h.h.t.HelmChartContainer - [EVENT] Normal [SuccessfulCreate] Created pod: hivemq-test-hivemq-platform-operator-6966f96d65-48whx [helmcustomlogbackit-operator:hivemq-test-hivemq-platform-operator-6966f96d65]
2025-01-30 18:44:07,309 INFO c.h.h.t.HelmChartContainer - [POD] hivemq-test-hivemq-platform-operator-6966f96d65-48whx [fdbdc7e2-c8ee-4dd0-8d02-6410478daf41] in helmcustomlogbackit-operator was MODIFIED
2025-01-30 18:44:07,310 INFO c.h.h.t.HelmChartContainer - [EVENT] Normal [Scheduled] Successfully assigned helmcustomlogbackit-operator/hivemq-test-hivemq-platform-operator-6966f96d65-48whx to 4fa914a87c1f [helmcustomlogbackit-operator:hivemq-test-hivemq-platform-operator-6966f96d65-48whx]
2025-01-30 18:44:07,312 INFO c.h.h.t.HelmChartContainer - [K3S] [replica_set.go:679] "Finished syncing" kind="ReplicaSet" key="helmcustomlogbackit-operator/hivemq-test-hivemq-platform-operator-6966f96d65" duration="25.343151ms"
2025-01-30 18:44:07,322 INFO c.h.h.t.HelmChartContainer - [POD] hivemq-test-hivemq-platform-operator-6966f96d65-48whx [fdbdc7e2-c8ee-4dd0-8d02-6410478daf41] in helmcustomlogbackit-operator was MODIFIED
2025-01-30 18:44:07,326 INFO c.h.h.t.HelmChartContainer - [K3S] [replica_set.go:679] "Finished syncing" kind="ReplicaSet" key="helmcustomlogbackit-operator/hivemq-test-hivemq-platform-operator-6966f96d65" duration="14.049642ms"
2025-01-30 18:44:07,326 INFO c.h.h.t.HelmChartContainer - [K3S] [replica_set.go:679] "Finished syncing" kind="ReplicaSet" key="helmcustomlogbackit-operator/hivemq-test-hivemq-platform-operator-6966f96d65" duration="58.839µs"
2025-01-30 18:44:07,459 INFO c.h.h.t.HelmChartContainer - [K3S] [reconciler_common.go:251] "operationExecutor.VerifyControllerAttachedVolume started for volume \"kube-api-access-jw2nh\" (UniqueName: \"kubernetes.io/projected/fdbdc7e2-c8ee-4dd0-8d02-6410478daf41-kube-api-access-jw2nh\") pod \"hivemq-test-hivemq-platform-operator-6966f96d65-48whx\" (UID: \"fdbdc7e2-c8ee-4dd0-8d02-6410478daf41\") " pod="helmcustomlogbackit-operator/hivemq-test-hivemq-platform-operator-6966f96d65-48whx"
2025-01-30 18:44:07,694 INFO c.h.h.t.HelmChartContainer - [EVENT] Normal [Pulled] Container image "docker.io/hivemq/hivemq-platform-operator-test:snapshot" already present on machine [helmcustomlogbackit-operator:hivemq-test-hivemq-platform-operator-6966f96d65-48whx]
2025-01-30 18:44:07,694 INFO c.h.h.t.HelmChartContainer - Received Pulled event for container hivemq-platform-operator in pod hivemq-test-hivemq-platform-operator-6966f96d65-48whx [fdbdc7e2-c8ee-4dd0-8d02-6410478daf41]
2025-01-30 18:44:08,952 INFO c.h.h.t.HelmChartContainer - [EVENT] Normal [Created] Created container: hivemq-platform-operator [helmcustomlogbackit-operator:hivemq-test-hivemq-platform-operator-6966f96d65-48whx]
2025-01-30 18:44:08,952 INFO c.h.h.t.HelmChartContainer - Received Created event for container hivemq-platform-operator in pod hivemq-test-hivemq-platform-operator-6966f96d65-48whx [fdbdc7e2-c8ee-4dd0-8d02-6410478daf41]
2025-01-30 18:44:09,572 INFO c.h.h.t.HelmChartContainer - [K3S] [replica_set.go:679] "Finished syncing" kind="ReplicaSet" key="helmcustomlogbackit-operator/hivemq-test-hivemq-platform-operator-6966f96d65" duration="64.821µs"
2025-01-30 18:44:09,582 INFO c.h.h.t.HelmChartContainer - [POD] hivemq-test-hivemq-platform-operator-6966f96d65-48whx [fdbdc7e2-c8ee-4dd0-8d02-6410478daf41] in helmcustomlogbackit-operator was MODIFIED
2025-01-30 18:44:09,588 INFO c.h.h.t.HelmChartContainer - [EVENT] Normal [Started] Started container hivemq-platform-operator [helmcustomlogbackit-operator:hivemq-test-hivemq-platform-operator-6966f96d65-48whx]
2025-01-30 18:44:09,588 INFO c.h.h.t.HelmChartContainer - Received Started event for container hivemq-platform-operator in pod hivemq-test-hivemq-platform-operator-6966f96d65-48whx [fdbdc7e2-c8ee-4dd0-8d02-6410478daf41]
2025-01-30 18:44:09,588 INFO c.h.h.t.HelmChartContainer - Started log watcher for hivemq-platform-operator in pod hivemq-test-hivemq-platform-operator-6966f96d65-48whx [fdbdc7e2-c8ee-4dd0-8d02-6410478daf41]
2025-01-30 18:44:09,589 INFO c.h.h.t.HelmChartContainer - [hivemq-test-hivemq-platform] [hivemq-platform-operator] [fdbdc7e2] -------------------------------------------------------------------------
2025-01-30 18:44:09,589 INFO c.h.h.t.HelmChartContainer - [hivemq-test-hivemq-platform] [hivemq-platform-operator] [fdbdc7e2] 
2025-01-30 18:44:09,589 INFO c.h.h.t.HelmChartContainer - [hivemq-test-hivemq-platform] [hivemq-platform-operator] [fdbdc7e2]                   _    _  _              __  __   ____
2025-01-30 18:44:09,589 INFO c.h.h.t.HelmChartContainer - [hivemq-test-hivemq-platform] [hivemq-platform-operator] [fdbdc7e2]                  | |  | |(_)            |  \/  | / __ \
2025-01-30 18:44:09,589 INFO c.h.h.t.HelmChartContainer - [hivemq-test-hivemq-platform] [hivemq-platform-operator] [fdbdc7e2]                  | |__| | _ __   __ ___ | \  / || |  | |
2025-01-30 18:44:09,589 INFO c.h.h.t.HelmChartContainer - [hivemq-test-hivemq-platform] [hivemq-platform-operator] [fdbdc7e2]                  |  __  || |\ \ / // _ \| |\/| || |  | |
2025-01-30 18:44:09,589 INFO c.h.h.t.HelmChartContainer - [hivemq-test-hivemq-platform] [hivemq-platform-operator] [fdbdc7e2]                  | |  | || | \ V /|  __/| |  | || |__| |
2025-01-30 18:44:09,589 INFO c.h.h.t.HelmChartContainer - [hivemq-test-hivemq-platform] [hivemq-platform-operator] [fdbdc7e2]                  |_|  |_||_|  \_/  \___||_|  |_| \___\_\
2025-01-30 18:44:09,589 INFO c.h.h.t.HelmChartContainer - [hivemq-test-hivemq-platform] [hivemq-platform-operator] [fdbdc7e2] 
2025-01-30 18:44:09,589 INFO c.h.h.t.HelmChartContainer - [hivemq-test-hivemq-platform] [hivemq-platform-operator] [fdbdc7e2] -------------------------------------------------------------------------
2025-01-30 18:44:09,589 INFO c.h.h.t.HelmChartContainer - [hivemq-test-hivemq-platform] [hivemq-platform-operator] [fdbdc7e2] 
2025-01-30 18:44:09,589 INFO c.h.h.t.HelmChartContainer - [hivemq-test-hivemq-platform] [hivemq-platform-operator] [fdbdc7e2]   HiveMQ Platform Operator Start Script v1.0
2025-01-30 18:44:09,589 INFO c.h.h.t.HelmChartContainer - [hivemq-test-hivemq-platform] [hivemq-platform-operator] [fdbdc7e2] 
2025-01-30 18:44:09,589 INFO c.h.h.t.HelmChartContainer - [hivemq-test-hivemq-platform] [hivemq-platform-operator] [fdbdc7e2] -------------------------------------------------------------------------
2025-01-30 18:44:09,589 INFO c.h.h.t.HelmChartContainer - [hivemq-test-hivemq-platform] [hivemq-platform-operator] [fdbdc7e2] 
2025-01-30 18:44:09,589 INFO c.h.h.t.HelmChartContainer - [hivemq-test-hivemq-platform] [hivemq-platform-operator] [fdbdc7e2]   JAVA_OPTS: -XX:+UnlockExperimentalVMOptions -XX:InitialRAMPercentage=75 -XX:MaxRAMPercentage=75 -Duser.language=en -Duser.region=US
2025-01-30 18:44:09,589 INFO c.h.h.t.HelmChartContainer - [hivemq-test-hivemq-platform] [hivemq-platform-operator] [fdbdc7e2] 
2025-01-30 18:44:09,589 INFO c.h.h.t.HelmChartContainer - [hivemq-test-hivemq-platform] [hivemq-platform-operator] [fdbdc7e2]   JAVA_VERSION: 21
2025-01-30 18:44:09,589 INFO c.h.h.t.HelmChartContainer - [hivemq-test-hivemq-platform] [hivemq-platform-operator] [fdbdc7e2] 
2025-01-30 18:44:09,589 INFO c.h.h.t.HelmChartContainer - [hivemq-test-hivemq-platform] [hivemq-platform-operator] [fdbdc7e2] -------------------------------------------------------------------------
2025-01-30 18:44:09,589 INFO c.h.h.t.HelmChartContainer - [hivemq-test-hivemq-platform] [hivemq-platform-operator] [fdbdc7e2] 
2025-01-30 18:44:12,262 INFO c.h.h.t.HelmChartContainer - [hivemq-test-hivemq-platform] [hivemq-platform-operator] [fdbdc7e2] 18:44:12.180 [main] DEBUG org.jboss.logging - Logging Provider: org.jboss.logging.Slf4jLoggerProvider
2025-01-30 18:44:12,365 INFO c.h.h.t.HelmChartContainer - [hivemq-test-hivemq-platform] [hivemq-platform-operator] [fdbdc7e2] 18:44:12.364 [main] DEBUG io.smallrye.config - SRCFG01006: Loaded ConfigSource SysPropConfigSource with ordinal 400
2025-01-30 18:44:12,365 INFO c.h.h.t.HelmChartContainer - [hivemq-test-hivemq-platform] [hivemq-platform-operator] [fdbdc7e2] 18:44:12.364 [main] DEBUG io.smallrye.config - SRCFG01006: Loaded ConfigSource EnvConfigSource with ordinal 300
2025-01-30 18:44:12,366 INFO c.h.h.t.HelmChartContainer - [hivemq-test-hivemq-platform] [hivemq-platform-operator] [fdbdc7e2] 18:44:12.364 [main] DEBUG io.smallrye.config - SRCFG01006: Loaded ConfigSource PropertiesConfigSource[source=jar:file:///opt/hivemq-platform-operator/bin/hivemq-platform-operator.jar!/hivemq-platform-operator.properties] with ordinal 100
2025-01-30 18:44:12,366 INFO c.h.h.t.HelmChartContainer - [hivemq-test-hivemq-platform] [hivemq-platform-operator] [fdbdc7e2] 18:44:12.364 [main] DEBUG io.smallrye.config - SRCFG01006: Loaded ConfigSource DefaultValuesConfigSource with ordinal -2147483648
2025-01-30 18:44:12,475 INFO c.h.h.t.HelmChartContainer - [hivemq-test-hivemq-platform] [hivemq-platform-operator] [fdbdc7e2] 18:44:12.474 [main] DEBUG i.m.c.u.i.l.InternalLoggerFactory - Using SLF4J as the default logging framework
2025-01-30 18:44:12,662 INFO c.h.h.t.HelmChartContainer - [hivemq-test-hivemq-platform] [hivemq-platform-operator] [fdbdc7e2] 18:44:12.575 [main] INFO  c.h.p.o.HiveMQPlatformOperatorApplication - HiveMQ Platform Operator 1.7.0-SNAPSHOT (commit: 47e3375 on branch: HEAD) built on Thu Jan 30 03:55:50 UTC 2025
2025-01-30 18:44:12,662 INFO c.h.h.t.HelmChartContainer - [hivemq-test-hivemq-platform] [hivemq-platform-operator] [fdbdc7e2] 18:44:12.660 [main] INFO  c.h.p.o.HiveMQPlatformOperatorApplication - HiveMQ Platform Operator is running in namespace: helmcustomlogbackit-operator
2025-01-30 18:44:12,662 INFO c.h.h.t.HelmChartContainer - [hivemq-test-hivemq-platform] [hivemq-platform-operator] [fdbdc7e2] 18:44:12.660 [main] INFO  c.h.p.o.HiveMQPlatformOperatorApplication - Watching all namespaces
2025-01-30 18:44:12,662 INFO c.h.h.t.HelmChartContainer - [hivemq-test-hivemq-platform] [hivemq-platform-operator] [fdbdc7e2] 18:44:12.660 [main] INFO  c.h.p.o.HiveMQPlatformOperatorApplication - Log level: DEBUG
2025-01-30 18:44:12,662 INFO c.h.h.t.HelmChartContainer - [hivemq-test-hivemq-platform] [hivemq-platform-operator] [fdbdc7e2] 18:44:12.660 [main] INFO  c.h.p.o.HiveMQPlatformOperatorApplication - Release name: test-hivemq-platform-operator
2025-01-30 18:44:12,662 INFO c.h.h.t.HelmChartContainer - [hivemq-test-hivemq-platform] [hivemq-platform-operator] [fdbdc7e2] 18:44:12.660 [main] INFO  c.h.p.o.HiveMQPlatformOperatorApplication - HiveMQ Platform Operator Init image: docker.io/hivemq/hivemq-platform-operator-init-test:snapshot
2025-01-30 18:44:12,663 INFO c.h.h.t.HelmChartContainer - [hivemq-test-hivemq-platform] [hivemq-platform-operator] [fdbdc7e2] 18:44:12.660 [main] INFO  c.h.p.o.HiveMQPlatformOperatorApplication - HiveMQ Platform Operator Init App update URL: http://hivemq-platform-operator-test-hivemq-platform-operator.helmcustomlogbackit-operator.svc:8080/initAppUpdate/hivemq-platform-operator-init-app-1.7.0-SNAPSHOT.jar
2025-01-30 18:44:12,663 INFO c.h.h.t.HelmChartContainer - [hivemq-test-hivemq-platform] [hivemq-platform-operator] [fdbdc7e2] 18:44:12.660 [main] INFO  c.h.p.o.HiveMQPlatformOperatorApplication - Additional imagePullSecret for all Platform deployments: none
2025-01-30 18:44:12,663 INFO c.h.h.t.HelmChartContainer - [hivemq-test-hivemq-platform] [hivemq-platform-operator] [fdbdc7e2] 18:44:12.660 [main] INFO  c.h.p.o.HiveMQPlatformOperatorApplication - Apply HiveMQ Platform CRD: true
2025-01-30 18:44:12,663 INFO c.h.h.t.HelmChartContainer - [hivemq-test-hivemq-platform] [hivemq-platform-operator] [fdbdc7e2] 18:44:12.660 [main] INFO  c.h.p.o.HiveMQPlatformOperatorApplication - Create Platform ServiceAccount: true
2025-01-30 18:44:12,663 INFO c.h.h.t.HelmChartContainer - [hivemq-test-hivemq-platform] [hivemq-platform-operator] [fdbdc7e2] 18:44:12.660 [main] INFO  c.h.p.o.HiveMQPlatformOperatorApplication - Create Platform ServiceAccount permissions: true
2025-01-30 18:44:12,663 INFO c.h.h.t.HelmChartContainer - [hivemq-test-hivemq-platform] [hivemq-platform-operator] [fdbdc7e2] 18:44:12.660 [main] INFO  c.h.p.o.HiveMQPlatformOperatorApplication - Validate Platform ServiceAccount: true
2025-01-30 18:44:12,663 INFO c.h.h.t.HelmChartContainer - [hivemq-test-hivemq-platform] [hivemq-platform-operator] [fdbdc7e2] 18:44:12.660 [main] INFO  c.h.p.o.HiveMQPlatformOperatorApplication - Validate Platform ServiceAccount permissions: true
2025-01-30 18:44:12,787 INFO c.h.h.t.HelmChartContainer - [hivemq-test-hivemq-platform] [hivemq-platform-operator] [fdbdc7e2] 18:44:12.786 [main] INFO  c.h.platform.operator.util.CRDUtil - Verifying deployed HiveMQ Platform CRD...
2025-01-30 18:44:15,069 INFO c.h.h.t.HelmChartContainer - [hivemq-test-hivemq-platform] [hivemq-platform-operator] [fdbdc7e2] 18:44:15.067 [main] DEBUG c.h.platform.operator.util.CRDUtil - HiveMQ Platform CRD version v1 is up to date
2025-01-30 18:44:15,070 INFO c.h.h.t.HelmChartContainer - [hivemq-test-hivemq-platform] [hivemq-platform-operator] [fdbdc7e2] 18:44:15.067 [main] INFO  c.h.platform.operator.util.CRDUtil - HiveMQ Platform CRD is up to date (version: V1_6_0)
2025-01-30 18:44:15,071 INFO c.h.h.t.HelmChartContainer - [hivemq-test-hivemq-platform] [hivemq-platform-operator] [fdbdc7e2] 18:44:15.068 [main] INFO  c.h.platform.operator.util.CRDUtil - Waiting 10000 ms for HiveMQ Platform CRD 'hivemq-platforms.hivemq.com' to become ready...
2025-01-30 18:44:15,464 INFO c.h.h.t.HelmChartContainer - [hivemq-test-hivemq-platform] [hivemq-platform-operator] [fdbdc7e2] 18:44:15.463 [vert.x-eventloop-thread-1] DEBUG c.h.platform.operator.util.CRDUtil - Checking CRD condition 'NamesAccepted' (status: 'True')
2025-01-30 18:44:15,465 INFO c.h.h.t.HelmChartContainer - [hivemq-test-hivemq-platform] [hivemq-platform-operator] [fdbdc7e2] 18:44:15.463 [vert.x-eventloop-thread-1] DEBUG c.h.platform.operator.util.CRDUtil - Checking CRD condition 'Established' (status: 'True')
2025-01-30 18:44:15,466 INFO c.h.h.t.HelmChartContainer - [hivemq-test-hivemq-platform] [hivemq-platform-operator] [fdbdc7e2] 18:44:15.465 [main] INFO  c.h.platform.operator.util.CRDUtil - HiveMQ Platform CRD 'hivemq-platforms.hivemq.com' is ready
2025-01-30 18:44:15,661 INFO c.h.h.t.HelmChartContainer - [hivemq-test-hivemq-platform] [hivemq-platform-operator] [fdbdc7e2] 18:44:15.660 [main] INFO  c.h.p.o.HiveMQPlatformReconciler - HiveMQ Platform Operator is starting...
2025-01-30 18:44:15,745 INFO c.h.h.t.HelmChartContainer - [hivemq-test-hivemq-platform] [hivemq-platform-operator] [fdbdc7e2] 18:44:15.744 [main] WARN  Default ConfigurationService implementation - Configuration for reconciler 'hivemq-controller' was not found. Known reconcilers: None.
2025-01-30 18:44:15,764 INFO c.h.h.t.HelmChartContainer - [hivemq-test-hivemq-platform] [hivemq-platform-operator] [fdbdc7e2] 18:44:15.763 [main] INFO  Default ConfigurationService implementation - Created configuration for reconciler com.hivemq.platform.operator.HiveMQPlatformReconciler with name hivemq-controller
2025-01-30 18:44:15,864 INFO c.h.h.t.HelmChartContainer - [hivemq-test-hivemq-platform] [hivemq-platform-operator] [fdbdc7e2] 18:44:15.863 [main] DEBUG c.h.p.o.HiveMQPlatformReconciler - HiveMQ Platform Operator is preparing EventSources
2025-01-30 18:44:15,876 INFO c.h.h.t.HelmChartContainer - [hivemq-test-hivemq-platform] [hivemq-platform-operator] [fdbdc7e2] 18:44:15.875 [main] INFO  i.javaoperatorsdk.operator.Operator - Registered reconciler: 'hivemq-controller' for resource: 'class com.hivemq.platform.operator.v1.HiveMQPlatform' for namespace(s): [all namespaces]
2025-01-30 18:44:16,474 INFO c.h.h.t.HelmChartContainer - [hivemq-test-hivemq-platform] [hivemq-platform-operator] [fdbdc7e2] 18:44:16.472 [main] INFO  c.h.p.operator.webserver.JettyServer - Starting Jetty server on port 8080
2025-01-30 18:44:16,569 INFO c.h.h.t.HelmChartContainer - [hivemq-test-hivemq-platform] [hivemq-platform-operator] [fdbdc7e2] 18:44:16.568 [main] INFO  i.javaoperatorsdk.operator.Operator - Operator SDK 4.9.7 (commit: 2133d28) built on Wed Nov 20 12:56:20 UTC 2024 starting...
2025-01-30 18:44:16,569 INFO c.h.h.t.HelmChartContainer - [hivemq-test-hivemq-platform] [hivemq-platform-operator] [fdbdc7e2] 18:44:16.568 [main] INFO  i.javaoperatorsdk.operator.Operator - Client version: 6.13.5
2025-01-30 18:44:16,570 INFO c.h.h.t.HelmChartContainer - [hivemq-test-hivemq-platform] [hivemq-platform-operator] [fdbdc7e2] 18:44:16.569 [Controller Starter for: hivemq-controller] INFO  i.j.operator.processing.Controller - Starting 'hivemq-controller' controller for reconciler: com.hivemq.platform.operator.HiveMQPlatformReconciler, resource: com.hivemq.platform.operator.v1.HiveMQPlatform
2025-01-30 18:44:18,972 INFO c.h.h.t.HelmChartContainer - [hivemq-test-hivemq-platform] [hivemq-platform-operator] [fdbdc7e2] 18:44:18.971 [Controller Starter for: hivemq-controller] INFO  i.j.operator.processing.Controller - 'hivemq-controller' controller started
2025-01-30 18:44:18,973 INFO c.h.h.t.HelmChartContainer - [hivemq-test-hivemq-platform] [hivemq-platform-operator] [fdbdc7e2] 18:44:18.972 [main] INFO  c.h.p.o.HiveMQPlatformOperatorApplication - HiveMQ Platform Operator 1.7.0-SNAPSHOT started in 6396 ms
2025-01-30 18:44:20,581 INFO c.h.h.t.HelmChartContainer - [POD] hivemq-test-hivemq-platform-operator-6966f96d65-48whx [fdbdc7e2-c8ee-4dd0-8d02-6410478daf41] in helmcustomlogbackit-operator was MODIFIED
2025-01-30 18:44:20,586 INFO c.h.h.t.HelmChartContainer - [K3S] [replica_set.go:679] "Finished syncing" kind="ReplicaSet" key="helmcustomlogbackit-operator/hivemq-test-hivemq-platform-operator-6966f96d65" duration="9.773024ms"
2025-01-30 18:44:20,588 INFO c.h.h.t.HelmChartContainer - [K3S] [replica_set.go:679] "Finished syncing" kind="ReplicaSet" key="helmcustomlogbackit-operator/hivemq-test-hivemq-platform-operator-6966f96d65" duration="33.873µs"
2025-01-30 18:44:21,416 DEBUG c.h.h.t.HelmChartContainer - Executing helm command: /bin/helm --kubeconfig /etc/rancher/k3s/k3s.yaml install test-hivemq-platform /charts/hivemq-platform --wait --timeout 5m0s --set image.repository=docker.io/hivemq --set image.tag=4.36.0 --set image.pullPolicy=Never --set nodes.resources.cpu=512m --set nodes.replicaCount=1 --set-file config.customLogbackConfig=/files/custom-logback.xml --namespace helmcustomlogbackit
2025-01-30 18:44:21,661 INFO c.h.h.t.HelmChartContainer - [hivemq-test-hivemq-platform] [hivemq-platform-operator] [fdbdc7e2] 18:44:21.659 [-2082509879-pool-1-thread-4] WARN  i.m.p.PrometheusMeterRegistry - The meter (MeterId{name='operator.sdk.events.received', tags=[tag(action=ADDED),tag(event=ResourceEvent),tag(group=hivemq.com),tag(kind=HiveMQPlatform),tag(name=test-hivemq-platform),tag(namespace=helmcustomlogbackit),tag(scope=namespace),tag(version=v1)]}) registration has failed: Prometheus requires that all meters with the same name have the same set of tag keys. There is already an existing meter named 'operator.sdk.events.received' containing tag keys [event, group, kind, name, namespace, scope, version]. The meter you are attempting to register has keys [action, event, group, kind, name, namespace, scope, version]. Note that subsequent logs will be logged at debug level.
2025-01-30 18:44:22,160 INFO c.h.h.t.HelmChartContainer - [hivemq-test-hivemq-platform] [hivemq-platform-operator] [fdbdc7e2] 18:44:22.159 [pool-6-thread-3] DEBUG c.h.p.o.dependants.PodInfoConfigMap - [helmcust] Desired PodInfo ConfigMap (1 extensions) (1 enabled)
2025-01-30 18:44:22,160 INFO c.h.h.t.HelmChartContainer - [hivemq-test-hivemq-platform] [hivemq-platform-operator] [fdbdc7e2] 18:44:22.159 [pool-6-thread-3] DEBUG c.h.p.o.dependants.PodInfoConfigMap - [helmcust] Desired PodInfo ConfigMap (metrics port: 9399) (metrics path: /)
2025-01-30 18:44:22,161 INFO c.h.h.t.HelmChartContainer - [hivemq-test-hivemq-platform] [hivemq-platform-operator] [fdbdc7e2] 18:44:22.159 [pool-6-thread-3] DEBUG c.h.p.o.dependants.PodInfoConfigMap - [helmcust] Desired PodInfo ConfigMap (extension state hash: -1817474005)
2025-01-30 18:44:22,162 INFO c.h.h.t.HelmChartContainer - [hivemq-test-hivemq-platform] [hivemq-platform-operator] [fdbdc7e2] 18:44:22.162 [pool-6-thread-3] DEBUG c.h.p.o.dependants.PodInfoConfigMap - [helmcust] Create PodInfo ConfigMap
2025-01-30 18:44:22,345 INFO c.h.h.t.HelmChartContainer - [hivemq-test-hivemq-platform] [hivemq-platform-operator] [fdbdc7e2] 18:44:22.344 [pool-6-thread-5] DEBUG c.h.p.o.dependants.PodRoleResource - [helmcust] Create Role: Role(apiVersion=rbac.authorization.k8s.io/v1, kind=Role, metadata=ObjectMeta(annotations={meta.helm.sh/release-name=test-hivemq-platform, meta.helm.sh/release-namespace=helmcustomlogbackit}, creationTimestamp=null, deletionGracePeriodSeconds=null, deletionTimestamp=null, finalizers=[], generateName=null, generation=null, labels={helm.sh/chart=hivemq-platform-0.2.32, app.kubernetes.io/managed-by=Helm, app.kubernetes.io/name=hivemq-platform, hivemq-platform=test-hivemq-platform, app.kubernetes.io/instance=test-hivemq-platform, app.kubernetes.io/version=4.36.0}, managedFields=[], name=hivemq-platform-role-test-hivemq-platform, namespace=helmcustomlogbackit, ownerReferences=[OwnerReference(apiVersion=hivemq.com/v1, blockOwnerDeletion=null, controller=null, kind=HiveMQPlatform, name=test-hivemq-platform, uid=693285ef-4d41-49bc-aebb-a7966d30b312, additionalProperties={})], resourceVersion=null, selfLink=null, uid=null, additionalProperties={}), rules=[PolicyRule(apiGroups=[], nonResourceURLs=[], resourceNames=[], resources=[pods], verbs=[get, patch, update], additionalProperties={})], additionalProperties={})
2025-01-30 18:44:22,450 INFO c.h.h.t.HelmChartContainer - [hivemq-test-hivemq-platform] [hivemq-platform-operator] [fdbdc7e2] 18:44:22.449 [pool-6-thread-7] DEBUG c.h.p.o.d.PodServiceAccountResource - [helmcust] Desired PodServiceAccountResource (serviceAccountName: hivemq-platform-pod-test-hivemq-platform)
2025-01-30 18:44:22,458 INFO c.h.h.t.HelmChartContainer - [hivemq-test-hivemq-platform] [hivemq-platform-operator] [fdbdc7e2] 18:44:22.457 [pool-6-thread-7] DEBUG c.h.p.o.d.PodServiceAccountResource - [helmcust] Create ServiceAccount 'hivemq-platform-pod-test-hivemq-platform'
2025-01-30 18:44:22,561 INFO c.h.h.t.HelmChartContainer - [hivemq-test-hivemq-platform] [hivemq-platform-operator] [fdbdc7e2] 18:44:22.559 [pool-6-thread-10] DEBUG c.h.p.o.d.PodRoleBindingResource - [helmcust] Create RoleBinding: RoleBinding(apiVersion=rbac.authorization.k8s.io/v1, kind=RoleBinding, metadata=ObjectMeta(annotations={meta.helm.sh/release-name=test-hivemq-platform, meta.helm.sh/release-namespace=helmcustomlogbackit}, creationTimestamp=null, deletionGracePeriodSeconds=null, deletionTimestamp=null, finalizers=[], generateName=null, generation=null, labels={helm.sh/chart=hivemq-platform-0.2.32, app.kubernetes.io/managed-by=Helm, app.kubernetes.io/name=hivemq-platform, hivemq-platform=test-hivemq-platform, app.kubernetes.io/instance=test-hivemq-platform, app.kubernetes.io/version=4.36.0}, managedFields=[], name=hivemq-platform-role-binding-test-hivemq-platform, namespace=helmcustomlogbackit, ownerReferences=[OwnerReference(apiVersion=hivemq.com/v1, blockOwnerDeletion=null, controller=null, kind=HiveMQPlatform, name=test-hivemq-platform, uid=693285ef-4d41-49bc-aebb-a7966d30b312, additionalProperties={})], resourceVersion=null, selfLink=null, uid=null, additionalProperties={}), roleRef=RoleRef(apiGroup=rbac.authorization.k8s.io, kind=Role, name=hivemq-platform-role-test-hivemq-platform, additionalProperties={}), subjects=[Subject(apiGroup=null, kind=ServiceAccount, name=hivemq-platform-pod-test-hivemq-platform, namespace=helmcustomlogbackit, additionalProperties={})], additionalProperties={})
2025-01-30 18:44:22,659 INFO c.h.h.t.HelmChartContainer - [hivemq-test-hivemq-platform] [hivemq-platform-operator] [fdbdc7e2] 18:44:22.658 [ReconcilerExecutor-hivemq-controller-53] INFO  c.h.p.o.HiveMQPlatformReconciler - [helmcust] Reconciling HiveMQ Platform 'test-hivemq-platform' in namespace 'helmcustomlogbackit'
2025-01-30 18:44:22,659 INFO c.h.h.t.HelmChartContainer - [hivemq-test-hivemq-platform] [hivemq-platform-operator] [fdbdc7e2] 18:44:22.658 [ReconcilerExecutor-hivemq-controller-53] DEBUG c.h.p.o.HiveMQPlatformReconciler - [helmcust] Custom Resource Status CREATED - HiveMQ Platform was created (READY)
2025-01-30 18:44:22,659 INFO c.h.h.t.HelmChartContainer - [hivemq-test-hivemq-platform] [hivemq-platform-operator] [fdbdc7e2] 18:44:22.658 [ReconcilerExecutor-hivemq-controller-53] DEBUG c.h.p.o.HiveMQPlatformReconciler - [helmcust] Custom Resource Spec (replicas: 1) (extensions: 1)
2025-01-30 18:44:22,664 INFO c.h.h.t.HelmChartContainer - [hivemq-test-hivemq-platform] [hivemq-platform-operator] [fdbdc7e2] 18:44:22.663 [ReconcilerExecutor-hivemq-controller-53] INFO  c.h.p.o.h.HiveMQPlatformReconcilerBaseHandler - [helmcust] HiveMQ Platform is starting
2025-01-30 18:44:22,849 INFO c.h.h.t.HelmChartContainer - [hivemq-test-hivemq-platform] [hivemq-platform-operator] [fdbdc7e2] 18:44:22.848 [ReconcilerExecutor-hivemq-controller-53] DEBUG c.h.p.operator.event.EventSender - [helmcust] Creating K8s event hivemq-platform-starting: [Start] HiveMQ Platform is starting
2025-01-30 18:44:22,862 INFO c.h.h.t.HelmChartContainer - [EVENT] Normal [Start] HiveMQ Platform is starting [helmcustomlogbackit:test-hivemq-platform]
2025-01-30 18:44:22,867 INFO c.h.h.t.HelmChartContainer - [hivemq-test-hivemq-platform] [hivemq-platform-operator] [fdbdc7e2] 18:44:22.865 [ReconcilerExecutor-hivemq-controller-53] INFO  c.h.p.o.h.AbstractHiveMQReconcilerStateHandler - [helmcust] Update HiveMQ Platform Status (CREATED [READY] -> STARTING [READY]): HiveMQ Platform is starting
2025-01-30 18:44:22,955 DEBUG com.hivemq.helmcharts.util.K8sUtil - Comparing actual state 'STARTING' and waiting for 'RUNNING'
2025-01-30 18:44:32,969 INFO c.h.h.t.HelmChartContainer - [hivemq-test-hivemq-platform] [hivemq-platform-operator] [fdbdc7e2] 18:44:32.965 [pool-6-thread-12] DEBUG c.h.p.o.d.PlatformServiceResource - [helmcust] Desired Platform services (3 services)
2025-01-30 18:44:32,969 INFO c.h.h.t.HelmChartContainer - [hivemq-test-hivemq-platform] [hivemq-platform-operator] [fdbdc7e2] 18:44:32.967 [pool-6-thread-13] DEBUG c.h.p.o.dependants.PodInfoConfigMap - [helmcust] Desired PodInfo ConfigMap (1 extensions) (1 enabled)
2025-01-30 18:44:32,969 INFO c.h.h.t.HelmChartContainer - [hivemq-test-hivemq-platform] [hivemq-platform-operator] [fdbdc7e2] 18:44:32.968 [pool-6-thread-13] DEBUG c.h.p.o.dependants.PodInfoConfigMap - [helmcust] Desired PodInfo ConfigMap (metrics port: 9399) (metrics path: /)
2025-01-30 18:44:32,969 INFO c.h.h.t.HelmChartContainer - [hivemq-test-hivemq-platform] [hivemq-platform-operator] [fdbdc7e2] 18:44:32.968 [pool-6-thread-13] DEBUG c.h.p.o.dependants.PodInfoConfigMap - [helmcust] Desired PodInfo ConfigMap (extension state hash: -1817474005)
2025-01-30 18:44:32,973 INFO c.h.h.t.HelmChartContainer - [hivemq-test-hivemq-platform] [hivemq-platform-operator] [fdbdc7e2] 18:44:32.972 [pool-6-thread-13] DEBUG c.h.p.o.dependants.PodInfoConfigMap - [helmcust] Update PodInfo ConfigMap
2025-01-30 18:44:32,975 INFO c.h.h.t.HelmChartContainer - [hivemq-test-hivemq-platform] [hivemq-platform-operator] [fdbdc7e2] 18:44:32.974 [pool-6-thread-17] DEBUG c.h.p.o.d.PodServiceAccountResource - [helmcust] Desired PodServiceAccountResource (serviceAccountName: hivemq-platform-pod-test-hivemq-platform)
2025-01-30 18:44:32,983 INFO c.h.h.t.HelmChartContainer - [K3S] [alloc.go:330] "allocated clusterIPs" service="helmcustomlogbackit/hivemq-test-hivemq-platform-metrics-9399" clusterIPs={"IPv4":"10.43.231.203"}
2025-01-30 18:44:33,073 INFO c.h.h.t.HelmChartContainer - [K3S] [alloc.go:330] "allocated clusterIPs" service="helmcustomlogbackit/hivemq-test-hivemq-platform-mqtt-1883" clusterIPs={"IPv4":"10.43.11.63"}
2025-01-30 18:44:33,166 INFO c.h.h.t.HelmChartContainer - [K3S] [alloc.go:330] "allocated clusterIPs" service="helmcustomlogbackit/hivemq-test-hivemq-platform-cc-8080" clusterIPs={"IPv4":"10.43.254.16"}
2025-01-30 18:44:33,173 INFO c.h.h.t.HelmChartContainer - [hivemq-test-hivemq-platform] [hivemq-platform-operator] [fdbdc7e2] 18:44:33.170 [pool-6-thread-20] DEBUG c.h.p.o.d.StatefulSetResource - [helmcust] Desired StatefulSet (1 replicas) for status STARTING (READY)
2025-01-30 18:44:33,265 INFO c.h.h.t.HelmChartContainer - [hivemq-test-hivemq-platform] [hivemq-platform-operator] [fdbdc7e2] 18:44:33.263 [pool-6-thread-20] DEBUG c.h.p.o.d.StatefulSetResource - [helmcust] Create StatefulSet
2025-01-30 18:44:33,300 INFO c.h.h.t.HelmChartContainer - [EVENT] Normal [SuccessfulCreate] create Pod test-hivemq-platform-0 in StatefulSet test-hivemq-platform successful [helmcustomlogbackit:test-hivemq-platform]
2025-01-30 18:44:33,301 INFO c.h.h.t.HelmChartContainer - [POD] test-hivemq-platform-0 [de5448f5-1d42-4a0b-ab44-4995e4c7424f] in helmcustomlogbackit was ADDED
2025-01-30 18:44:33,309 INFO c.h.h.t.HelmChartContainer - [POD] test-hivemq-platform-0 [de5448f5-1d42-4a0b-ab44-4995e4c7424f] in helmcustomlogbackit was MODIFIED
2025-01-30 18:44:33,310 INFO c.h.h.t.HelmChartContainer - [EVENT] Normal [Scheduled] Successfully assigned helmcustomlogbackit/test-hivemq-platform-0 to 4fa914a87c1f [helmcustomlogbackit:test-hivemq-platform-0]
2025-01-30 18:44:33,316 INFO c.h.h.t.HelmChartContainer - [POD] test-hivemq-platform-0 [de5448f5-1d42-4a0b-ab44-4995e4c7424f] in helmcustomlogbackit was MODIFIED
2025-01-30 18:44:33,363 INFO c.h.h.t.HelmChartContainer - [hivemq-test-hivemq-platform] [hivemq-platform-operator] [fdbdc7e2] 18:44:33.362 [ReconcilerExecutor-hivemq-controller-64] INFO  c.h.p.o.HiveMQPlatformReconciler - [helmcust] Reconciling HiveMQ Platform 'test-hivemq-platform' in namespace 'helmcustomlogbackit'
2025-01-30 18:44:33,363 INFO c.h.h.t.HelmChartContainer - [hivemq-test-hivemq-platform] [hivemq-platform-operator] [fdbdc7e2] 18:44:33.362 [ReconcilerExecutor-hivemq-controller-64] DEBUG c.h.p.o.HiveMQPlatformReconciler - [helmcust] Custom Resource Status STARTING - HiveMQ Platform is starting (READY)
2025-01-30 18:44:33,363 INFO c.h.h.t.HelmChartContainer - [hivemq-test-hivemq-platform] [hivemq-platform-operator] [fdbdc7e2] 18:44:33.362 [ReconcilerExecutor-hivemq-controller-64] DEBUG c.h.p.o.HiveMQPlatformReconciler - [helmcust] Custom Resource Spec (replicas: 1) (extensions: 1)
2025-01-30 18:44:33,368 INFO c.h.h.t.HelmChartContainer - [hivemq-test-hivemq-platform] [hivemq-platform-operator] [fdbdc7e2] 18:44:33.364 [ReconcilerExecutor-hivemq-controller-64] DEBUG c.h.p.o.HiveMQPlatformReconciler - [helmcust] StatefulSet Status (revision: null, replicas: 0, available: 0, ready: 0, current: 0, updated: 0)
2025-01-30 18:44:33,368 INFO c.h.h.t.HelmChartContainer - [hivemq-test-hivemq-platform] [hivemq-platform-operator] [fdbdc7e2] 18:44:33.367 [ReconcilerExecutor-hivemq-controller-64] DEBUG c.h.p.o.HiveMQPlatformReconciler - [helmcust] StatefulSet Spec (replicas: 1, init containers: 1, containers: 1, volumes: 3)
2025-01-30 18:44:33,416 INFO c.h.h.t.HelmChartContainer - [K3S] [reconciler_common.go:251] "operationExecutor.VerifyControllerAttachedVolume started for volume \"pod-info\" (UniqueName: \"kubernetes.io/configmap/de5448f5-1d42-4a0b-ab44-4995e4c7424f-pod-info\") pod \"test-hivemq-platform-0\" (UID: \"de5448f5-1d42-4a0b-ab44-4995e4c7424f\") " pod="helmcustomlogbackit/test-hivemq-platform-0"
2025-01-30 18:44:33,416 INFO c.h.h.t.HelmChartContainer - [K3S] [reconciler_common.go:251] "operationExecutor.VerifyControllerAttachedVolume started for volume \"kube-api-access-bjslx\" (UniqueName: \"kubernetes.io/projected/de5448f5-1d42-4a0b-ab44-4995e4c7424f-kube-api-access-bjslx\") pod \"test-hivemq-platform-0\" (UID: \"de5448f5-1d42-4a0b-ab44-4995e4c7424f\") " pod="helmcustomlogbackit/test-hivemq-platform-0"
2025-01-30 18:44:33,416 INFO c.h.h.t.HelmChartContainer - [K3S] [reconciler_common.go:251] "operationExecutor.VerifyControllerAttachedVolume started for volume \"operator-init\" (UniqueName: \"kubernetes.io/empty-dir/de5448f5-1d42-4a0b-ab44-4995e4c7424f-operator-init\") pod \"test-hivemq-platform-0\" (UID: \"de5448f5-1d42-4a0b-ab44-4995e4c7424f\") " pod="helmcustomlogbackit/test-hivemq-platform-0"
2025-01-30 18:44:33,416 INFO c.h.h.t.HelmChartContainer - [K3S] [reconciler_common.go:251] "operationExecutor.VerifyControllerAttachedVolume started for volume \"broker-configuration\" (UniqueName: \"kubernetes.io/configmap/de5448f5-1d42-4a0b-ab44-4995e4c7424f-broker-configuration\") pod \"test-hivemq-platform-0\" (UID: \"de5448f5-1d42-4a0b-ab44-4995e4c7424f\") " pod="helmcustomlogbackit/test-hivemq-platform-0"
2025-01-30 18:44:33,464 INFO c.h.h.t.HelmChartContainer - [hivemq-test-hivemq-platform] [hivemq-platform-operator] [fdbdc7e2] 18:44:33.462 [ReconcilerExecutor-hivemq-controller-64] DEBUG c.h.p.o.h.HiveMQPlatformReconcilerErrorHandler - [helmcust] Pod 'test-hivemq-platform-0' phase Pending
2025-01-30 18:44:33,466 INFO c.h.h.t.HelmChartContainer - [hivemq-test-hivemq-platform] [hivemq-platform-operator] [fdbdc7e2] 18:44:33.463 [ReconcilerExecutor-hivemq-controller-64] DEBUG c.h.p.o.h.HiveMQPlatformReconcilerErrorHandler - [helmcust] Pod 'test-hivemq-platform-0' condition 'PodScheduled': True
2025-01-30 18:44:33,467 INFO c.h.h.t.HelmChartContainer - [hivemq-test-hivemq-platform] [hivemq-platform-operator] [fdbdc7e2] 18:44:33.466 [ReconcilerExecutor-hivemq-controller-64] INFO  c.h.p.o.h.HiveMQPlatformReconcilerBaseHandler - [helmcust] HiveMQ Platform is starting, 0 of 1 replicas are ready
2025-01-30 18:44:33,471 INFO c.h.h.t.HelmChartContainer - [hivemq-test-hivemq-platform] [hivemq-platform-operator] [fdbdc7e2] 18:44:33.470 [pool-6-thread-22] DEBUG c.h.p.o.d.PlatformServiceResource - [helmcust] Desired Platform services (3 services)
2025-01-30 18:44:33,473 INFO c.h.h.t.HelmChartContainer - [hivemq-test-hivemq-platform] [hivemq-platform-operator] [fdbdc7e2] 18:44:33.472 [pool-6-thread-23] DEBUG c.h.p.o.dependants.PodInfoConfigMap - [helmcust] Desired PodInfo ConfigMap (1 extensions) (1 enabled)
2025-01-30 18:44:33,473 INFO c.h.h.t.HelmChartContainer - [hivemq-test-hivemq-platform] [hivemq-platform-operator] [fdbdc7e2] 18:44:33.472 [pool-6-thread-23] DEBUG c.h.p.o.dependants.PodInfoConfigMap - [helmcust] Desired PodInfo ConfigMap (metrics port: 9399) (metrics path: /)
2025-01-30 18:44:33,473 INFO c.h.h.t.HelmChartContainer - [hivemq-test-hivemq-platform] [hivemq-platform-operator] [fdbdc7e2] 18:44:33.472 [pool-6-thread-23] DEBUG c.h.p.o.dependants.PodInfoConfigMap - [helmcust] Desired PodInfo ConfigMap (extension state hash: -1817474005)
2025-01-30 18:44:33,565 INFO c.h.h.t.HelmChartContainer - [hivemq-test-hivemq-platform] [hivemq-platform-operator] [fdbdc7e2] 18:44:33.564 [pool-6-thread-27] DEBUG c.h.p.o.d.PodServiceAccountResource - [helmcust] Desired PodServiceAccountResource (serviceAccountName: hivemq-platform-pod-test-hivemq-platform)
2025-01-30 18:44:33,570 INFO c.h.h.t.HelmChartContainer - [hivemq-test-hivemq-platform] [hivemq-platform-operator] [fdbdc7e2] 18:44:33.569 [pool-6-thread-30] DEBUG c.h.p.o.d.StatefulSetResource - [helmcust] Desired StatefulSet (1 replicas) for status STARTING (READY)
2025-01-30 18:44:33,667 INFO c.h.h.t.HelmChartContainer - [hivemq-test-hivemq-platform] [hivemq-platform-operator] [fdbdc7e2] 18:44:33.664 [ReconcilerExecutor-hivemq-controller-76] INFO  c.h.p.o.HiveMQPlatformReconciler - [helmcust] Reconciling HiveMQ Platform 'test-hivemq-platform' in namespace 'helmcustomlogbackit'
2025-01-30 18:44:33,670 INFO c.h.h.t.HelmChartContainer - [hivemq-test-hivemq-platform] [hivemq-platform-operator] [fdbdc7e2] 18:44:33.665 [ReconcilerExecutor-hivemq-controller-76] DEBUG c.h.p.o.HiveMQPlatformReconciler - [helmcust] Custom Resource Status STARTING - HiveMQ Platform is starting (READY)
2025-01-30 18:44:33,670 INFO c.h.h.t.HelmChartContainer - [hivemq-test-hivemq-platform] [hivemq-platform-operator] [fdbdc7e2] 18:44:33.665 [ReconcilerExecutor-hivemq-controller-76] DEBUG c.h.p.o.HiveMQPlatformReconciler - [helmcust] Custom Resource Spec (replicas: 1) (extensions: 1)
2025-01-30 18:44:33,674 INFO c.h.h.t.HelmChartContainer - [hivemq-test-hivemq-platform] [hivemq-platform-operator] [fdbdc7e2] 18:44:33.673 [ReconcilerExecutor-hivemq-controller-76] DEBUG c.h.p.o.HiveMQPlatformReconciler - [helmcust] StatefulSet Status (revision: test-hivemq-platform-989b74cd6, replicas: 1, available: 0, ready: 0, current: 1, updated: 1)
2025-01-30 18:44:33,676 INFO c.h.h.t.HelmChartContainer - [hivemq-test-hivemq-platform] [hivemq-platform-operator] [fdbdc7e2] 18:44:33.674 [ReconcilerExecutor-hivemq-controller-76] DEBUG c.h.p.o.HiveMQPlatformReconciler - [helmcust] StatefulSet Spec (replicas: 1, init containers: 1, containers: 1, volumes: 3)
2025-01-30 18:44:33,721 INFO c.h.h.t.HelmChartContainer - [EVENT] Normal [Pulled] Container image "docker.io/hivemq/hivemq-platform-operator-init-test:snapshot" already present on machine [helmcustomlogbackit:test-hivemq-platform-0]
2025-01-30 18:44:33,765 INFO c.h.h.t.HelmChartContainer - [hivemq-test-hivemq-platform] [hivemq-platform-operator] [fdbdc7e2] 18:44:33.764 [ReconcilerExecutor-hivemq-controller-76] DEBUG c.h.p.o.h.HiveMQPlatformReconcilerErrorHandler - [helmcust] Pod 'test-hivemq-platform-0' phase Pending
2025-01-30 18:44:33,766 INFO c.h.h.t.HelmChartContainer - [hivemq-test-hivemq-platform] [hivemq-platform-operator] [fdbdc7e2] 18:44:33.764 [ReconcilerExecutor-hivemq-controller-76] DEBUG c.h.p.o.h.HiveMQPlatformReconcilerErrorHandler - [helmcust] Pod 'test-hivemq-platform-0' condition 'PodReadyToStartContainers': False
2025-01-30 18:44:33,766 INFO c.h.h.t.HelmChartContainer - [hivemq-test-hivemq-platform] [hivemq-platform-operator] [fdbdc7e2] 18:44:33.764 [ReconcilerExecutor-hivemq-controller-76] DEBUG c.h.p.o.h.HiveMQPlatformReconcilerErrorHandler - [helmcust] Pod 'test-hivemq-platform-0' condition 'Initialized': False
2025-01-30 18:44:33,766 INFO c.h.h.t.HelmChartContainer - [hivemq-test-hivemq-platform] [hivemq-platform-operator] [fdbdc7e2] 18:44:33.764 [ReconcilerExecutor-hivemq-controller-76] DEBUG c.h.p.o.h.HiveMQPlatformReconcilerErrorHandler - [helmcust] Pod 'test-hivemq-platform-0' condition 'Ready': False
2025-01-30 18:44:33,769 INFO c.h.h.t.HelmChartContainer - [hivemq-test-hivemq-platform] [hivemq-platform-operator] [fdbdc7e2] 18:44:33.764 [ReconcilerExecutor-hivemq-controller-76] DEBUG c.h.p.o.h.HiveMQPlatformReconcilerErrorHandler - [helmcust] Pod 'test-hivemq-platform-0' condition 'ContainersReady': False
2025-01-30 18:44:33,769 INFO c.h.h.t.HelmChartContainer - [hivemq-test-hivemq-platform] [hivemq-platform-operator] [fdbdc7e2] 18:44:33.765 [ReconcilerExecutor-hivemq-controller-76] DEBUG c.h.p.o.h.HiveMQPlatformReconcilerErrorHandler - [helmcust] Pod 'test-hivemq-platform-0' condition 'PodScheduled': True
2025-01-30 18:44:33,769 INFO c.h.h.t.HelmChartContainer - [hivemq-test-hivemq-platform] [hivemq-platform-operator] [fdbdc7e2] 18:44:33.765 [ReconcilerExecutor-hivemq-controller-76] DEBUG c.h.p.o.h.HiveMQPlatformReconcilerErrorHandler - [helmcust] Pod 'test-hivemq-platform-0' containerStatus 'hivemq' (started: false) (ready: false) (waiting: [PodInitializing] null)
2025-01-30 18:44:33,769 INFO c.h.h.t.HelmChartContainer - [hivemq-test-hivemq-platform] [hivemq-platform-operator] [fdbdc7e2] 18:44:33.768 [ReconcilerExecutor-hivemq-controller-76] INFO  c.h.p.o.h.HiveMQPlatformReconcilerBaseHandler - [helmcust] HiveMQ Platform is starting, 0 of 1 replicas are ready
2025-01-30 18:44:33,870 INFO c.h.h.t.HelmChartContainer - [EVENT] Normal [Created] Created container: hivemq-platform-operator-init [helmcustomlogbackit:test-hivemq-platform-0]
2025-01-30 18:44:33,907 INFO c.h.h.t.HelmChartContainer - [EVENT] Normal [Started] Started container hivemq-platform-operator-init [helmcustomlogbackit:test-hivemq-platform-0]
2025-01-30 18:44:34,619 INFO c.h.h.t.HelmChartContainer - [POD] test-hivemq-platform-0 [de5448f5-1d42-4a0b-ab44-4995e4c7424f] in helmcustomlogbackit was MODIFIED
2025-01-30 18:44:34,634 INFO c.h.h.t.HelmChartContainer - [hivemq-test-hivemq-platform] [hivemq-platform-operator] [fdbdc7e2] 18:44:34.626 [pool-6-thread-32] DEBUG c.h.p.o.d.PlatformServiceResource - [helmcust] Desired Platform services (3 services)
2025-01-30 18:44:34,636 INFO c.h.h.t.HelmChartContainer - [hivemq-test-hivemq-platform] [hivemq-platform-operator] [fdbdc7e2] 18:44:34.629 [pool-6-thread-33] DEBUG c.h.p.o.dependants.PodInfoConfigMap - [helmcust] Desired PodInfo ConfigMap (1 extensions) (1 enabled)
2025-01-30 18:44:34,636 INFO c.h.h.t.HelmChartContainer - [hivemq-test-hivemq-platform] [hivemq-platform-operator] [fdbdc7e2] 18:44:34.629 [pool-6-thread-33] DEBUG c.h.p.o.dependants.PodInfoConfigMap - [helmcust] Desired PodInfo ConfigMap (metrics port: 9399) (metrics path: /)
2025-01-30 18:44:34,636 INFO c.h.h.t.HelmChartContainer - [hivemq-test-hivemq-platform] [hivemq-platform-operator] [fdbdc7e2] 18:44:34.629 [pool-6-thread-33] DEBUG c.h.p.o.dependants.PodInfoConfigMap - [helmcust] Desired PodInfo ConfigMap (extension state hash: -1817474005)
2025-01-30 18:44:34,636 INFO c.h.h.t.HelmChartContainer - [hivemq-test-hivemq-platform] [hivemq-platform-operator] [fdbdc7e2] 18:44:34.632 [pool-6-thread-37] DEBUG c.h.p.o.d.PodServiceAccountResource - [helmcust] Desired PodServiceAccountResource (serviceAccountName: hivemq-platform-pod-test-hivemq-platform)
2025-01-30 18:44:34,642 INFO c.h.h.t.HelmChartContainer - [hivemq-test-hivemq-platform] [hivemq-platform-operator] [fdbdc7e2] 18:44:34.641 [pool-6-thread-40] DEBUG c.h.p.o.d.StatefulSetResource - [helmcust] Desired StatefulSet (1 replicas) for status STARTING (READY)
2025-01-30 18:44:34,664 INFO c.h.h.t.HelmChartContainer - [hivemq-test-hivemq-platform] [hivemq-platform-operator] [fdbdc7e2] 18:44:34.661 [ReconcilerExecutor-hivemq-controller-87] INFO  c.h.p.o.HiveMQPlatformReconciler - [helmcust] Reconciling HiveMQ Platform 'test-hivemq-platform' in namespace 'helmcustomlogbackit'
2025-01-30 18:44:34,664 INFO c.h.h.t.HelmChartContainer - [hivemq-test-hivemq-platform] [hivemq-platform-operator] [fdbdc7e2] 18:44:34.661 [ReconcilerExecutor-hivemq-controller-87] DEBUG c.h.p.o.HiveMQPlatformReconciler - [helmcust] Custom Resource Status STARTING - HiveMQ Platform is starting (READY)
2025-01-30 18:44:34,664 INFO c.h.h.t.HelmChartContainer - [hivemq-test-hivemq-platform] [hivemq-platform-operator] [fdbdc7e2] 18:44:34.661 [ReconcilerExecutor-hivemq-controller-87] DEBUG c.h.p.o.HiveMQPlatformReconciler - [helmcust] Custom Resource Spec (replicas: 1) (extensions: 1)
2025-01-30 18:44:34,665 INFO c.h.h.t.HelmChartContainer - [hivemq-test-hivemq-platform] [hivemq-platform-operator] [fdbdc7e2] 18:44:34.664 [ReconcilerExecutor-hivemq-controller-87] DEBUG c.h.p.o.HiveMQPlatformReconciler - [helmcust] StatefulSet Status (revision: test-hivemq-platform-989b74cd6, replicas: 1, available: 0, ready: 0, current: 1, updated: 1)
2025-01-30 18:44:34,665 INFO c.h.h.t.HelmChartContainer - [hivemq-test-hivemq-platform] [hivemq-platform-operator] [fdbdc7e2] 18:44:34.664 [ReconcilerExecutor-hivemq-controller-87] DEBUG c.h.p.o.HiveMQPlatformReconciler - [helmcust] StatefulSet Spec (replicas: 1, init containers: 1, containers: 1, volumes: 3)
2025-01-30 18:44:34,669 INFO c.h.h.t.HelmChartContainer - [hivemq-test-hivemq-platform] [hivemq-platform-operator] [fdbdc7e2] 18:44:34.667 [ReconcilerExecutor-hivemq-controller-87] DEBUG c.h.p.o.h.HiveMQPlatformReconcilerErrorHandler - [helmcust] Pod 'test-hivemq-platform-0' phase Pending
2025-01-30 18:44:34,670 INFO c.h.h.t.HelmChartContainer - [hivemq-test-hivemq-platform] [hivemq-platform-operator] [fdbdc7e2] 18:44:34.667 [ReconcilerExecutor-hivemq-controller-87] DEBUG c.h.p.o.h.HiveMQPlatformReconcilerErrorHandler - [helmcust] Pod 'test-hivemq-platform-0' condition 'PodReadyToStartContainers': True
2025-01-30 18:44:34,670 INFO c.h.h.t.HelmChartContainer - [hivemq-test-hivemq-platform] [hivemq-platform-operator] [fdbdc7e2] 18:44:34.667 [ReconcilerExecutor-hivemq-controller-87] DEBUG c.h.p.o.h.HiveMQPlatformReconcilerErrorHandler - [helmcust] Pod 'test-hivemq-platform-0' condition 'Initialized': False
2025-01-30 18:44:34,670 INFO c.h.h.t.HelmChartContainer - [hivemq-test-hivemq-platform] [hivemq-platform-operator] [fdbdc7e2] 18:44:34.667 [ReconcilerExecutor-hivemq-controller-87] DEBUG c.h.p.o.h.HiveMQPlatformReconcilerErrorHandler - [helmcust] Pod 'test-hivemq-platform-0' condition 'Ready': False
2025-01-30 18:44:34,670 INFO c.h.h.t.HelmChartContainer - [hivemq-test-hivemq-platform] [hivemq-platform-operator] [fdbdc7e2] 18:44:34.667 [ReconcilerExecutor-hivemq-controller-87] DEBUG c.h.p.o.h.HiveMQPlatformReconcilerErrorHandler - [helmcust] Pod 'test-hivemq-platform-0' condition 'ContainersReady': False
2025-01-30 18:44:34,670 INFO c.h.h.t.HelmChartContainer - [hivemq-test-hivemq-platform] [hivemq-platform-operator] [fdbdc7e2] 18:44:34.667 [ReconcilerExecutor-hivemq-controller-87] DEBUG c.h.p.o.h.HiveMQPlatformReconcilerErrorHandler - [helmcust] Pod 'test-hivemq-platform-0' condition 'PodScheduled': True
2025-01-30 18:44:34,670 INFO c.h.h.t.HelmChartContainer - [hivemq-test-hivemq-platform] [hivemq-platform-operator] [fdbdc7e2] 18:44:34.667 [ReconcilerExecutor-hivemq-controller-87] DEBUG c.h.p.o.h.HiveMQPlatformReconcilerErrorHandler - [helmcust] Pod 'test-hivemq-platform-0' containerStatus 'hivemq' (started: false) (ready: false) (waiting: [PodInitializing] null)
2025-01-30 18:44:34,670 INFO c.h.h.t.HelmChartContainer - [hivemq-test-hivemq-platform] [hivemq-platform-operator] [fdbdc7e2] 18:44:34.668 [ReconcilerExecutor-hivemq-controller-87] INFO  c.h.p.o.h.HiveMQPlatformReconcilerBaseHandler - [helmcust] HiveMQ Platform is starting, 0 of 1 replicas are ready
2025-01-30 18:44:35,612 INFO c.h.h.t.HelmChartContainer - [EVENT] Normal [Pulled] Container image "docker.io/hivemq/hivemq4:4.36.0" already present on machine [helmcustomlogbackit:test-hivemq-platform-0]
2025-01-30 18:44:35,612 INFO c.h.h.t.HelmChartContainer - Received Pulled event for container hivemq in pod test-hivemq-platform-0 [de5448f5-1d42-4a0b-ab44-4995e4c7424f]
2025-01-30 18:44:35,622 INFO c.h.h.t.HelmChartContainer - [POD] test-hivemq-platform-0 [de5448f5-1d42-4a0b-ab44-4995e4c7424f] in helmcustomlogbackit was MODIFIED
2025-01-30 18:44:35,630 INFO c.h.h.t.HelmChartContainer - [hivemq-test-hivemq-platform] [hivemq-platform-operator] [fdbdc7e2] 18:44:35.630 [pool-6-thread-42] DEBUG c.h.p.o.d.PlatformServiceResource - [helmcust] Desired Platform services (3 services)
2025-01-30 18:44:35,633 INFO c.h.h.t.HelmChartContainer - [hivemq-test-hivemq-platform] [hivemq-platform-operator] [fdbdc7e2] 18:44:35.632 [pool-6-thread-43] DEBUG c.h.p.o.dependants.PodInfoConfigMap - [helmcust] Desired PodInfo ConfigMap (1 extensions) (1 enabled)
2025-01-30 18:44:35,634 INFO c.h.h.t.HelmChartContainer - [hivemq-test-hivemq-platform] [hivemq-platform-operator] [fdbdc7e2] 18:44:35.632 [pool-6-thread-43] DEBUG c.h.p.o.dependants.PodInfoConfigMap - [helmcust] Desired PodInfo ConfigMap (metrics port: 9399) (metrics path: /)
2025-01-30 18:44:35,634 INFO c.h.h.t.HelmChartContainer - [hivemq-test-hivemq-platform] [hivemq-platform-operator] [fdbdc7e2] 18:44:35.632 [pool-6-thread-43] DEBUG c.h.p.o.dependants.PodInfoConfigMap - [helmcust] Desired PodInfo ConfigMap (extension state hash: -1817474005)
2025-01-30 18:44:35,639 INFO c.h.h.t.HelmChartContainer - [hivemq-test-hivemq-platform] [hivemq-platform-operator] [fdbdc7e2] 18:44:35.636 [pool-6-thread-47] DEBUG c.h.p.o.d.PodServiceAccountResource - [helmcust] Desired PodServiceAccountResource (serviceAccountName: hivemq-platform-pod-test-hivemq-platform)
2025-01-30 18:44:35,664 INFO c.h.h.t.HelmChartContainer - [hivemq-test-hivemq-platform] [hivemq-platform-operator] [fdbdc7e2] 18:44:35.661 [pool-6-thread-50] DEBUG c.h.p.o.d.StatefulSetResource - [helmcust] Desired StatefulSet (1 replicas) for status STARTING (READY)
2025-01-30 18:44:35,667 INFO c.h.h.t.HelmChartContainer - [hivemq-test-hivemq-platform] [hivemq-platform-operator] [fdbdc7e2] 18:44:35.666 [ReconcilerExecutor-hivemq-controller-98] INFO  c.h.p.o.HiveMQPlatformReconciler - [helmcust] Reconciling HiveMQ Platform 'test-hivemq-platform' in namespace 'helmcustomlogbackit'
2025-01-30 18:44:35,669 INFO c.h.h.t.HelmChartContainer - [hivemq-test-hivemq-platform] [hivemq-platform-operator] [fdbdc7e2] 18:44:35.666 [ReconcilerExecutor-hivemq-controller-98] DEBUG c.h.p.o.HiveMQPlatformReconciler - [helmcust] Custom Resource Status STARTING - HiveMQ Platform is starting (READY)
2025-01-30 18:44:35,669 INFO c.h.h.t.HelmChartContainer - [hivemq-test-hivemq-platform] [hivemq-platform-operator] [fdbdc7e2] 18:44:35.666 [ReconcilerExecutor-hivemq-controller-98] DEBUG c.h.p.o.HiveMQPlatformReconciler - [helmcust] Custom Resource Spec (replicas: 1) (extensions: 1)
2025-01-30 18:44:35,670 INFO c.h.h.t.HelmChartContainer - [hivemq-test-hivemq-platform] [hivemq-platform-operator] [fdbdc7e2] 18:44:35.668 [ReconcilerExecutor-hivemq-controller-98] DEBUG c.h.p.o.HiveMQPlatformReconciler - [helmcust] StatefulSet Status (revision: test-hivemq-platform-989b74cd6, replicas: 1, available: 0, ready: 0, current: 1, updated: 1)
2025-01-30 18:44:35,670 INFO c.h.h.t.HelmChartContainer - [hivemq-test-hivemq-platform] [hivemq-platform-operator] [fdbdc7e2] 18:44:35.669 [ReconcilerExecutor-hivemq-controller-98] DEBUG c.h.p.o.HiveMQPlatformReconciler - [helmcust] StatefulSet Spec (replicas: 1, init containers: 1, containers: 1, volumes: 3)
2025-01-30 18:44:35,675 INFO c.h.h.t.HelmChartContainer - [hivemq-test-hivemq-platform] [hivemq-platform-operator] [fdbdc7e2] 18:44:35.671 [ReconcilerExecutor-hivemq-controller-98] DEBUG c.h.p.o.h.HiveMQPlatformReconcilerErrorHandler - [helmcust] Pod 'test-hivemq-platform-0' phase Pending
2025-01-30 18:44:35,675 INFO c.h.h.t.HelmChartContainer - [hivemq-test-hivemq-platform] [hivemq-platform-operator] [fdbdc7e2] 18:44:35.671 [ReconcilerExecutor-hivemq-controller-98] DEBUG c.h.p.o.h.HiveMQPlatformReconcilerErrorHandler - [helmcust] Pod 'test-hivemq-platform-0' condition 'PodReadyToStartContainers': True
2025-01-30 18:44:35,675 INFO c.h.h.t.HelmChartContainer - [hivemq-test-hivemq-platform] [hivemq-platform-operator] [fdbdc7e2] 18:44:35.671 [ReconcilerExecutor-hivemq-controller-98] DEBUG c.h.p.o.h.HiveMQPlatformReconcilerErrorHandler - [helmcust] Pod 'test-hivemq-platform-0' condition 'Initialized': True
2025-01-30 18:44:35,675 INFO c.h.h.t.HelmChartContainer - [hivemq-test-hivemq-platform] [hivemq-platform-operator] [fdbdc7e2] 18:44:35.672 [ReconcilerExecutor-hivemq-controller-98] DEBUG c.h.p.o.h.HiveMQPlatformReconcilerErrorHandler - [helmcust] Pod 'test-hivemq-platform-0' condition 'Ready': False
2025-01-30 18:44:35,675 INFO c.h.h.t.HelmChartContainer - [hivemq-test-hivemq-platform] [hivemq-platform-operator] [fdbdc7e2] 18:44:35.672 [ReconcilerExecutor-hivemq-controller-98] DEBUG c.h.p.o.h.HiveMQPlatformReconcilerErrorHandler - [helmcust] Pod 'test-hivemq-platform-0' condition 'ContainersReady': False
2025-01-30 18:44:35,675 INFO c.h.h.t.HelmChartContainer - [hivemq-test-hivemq-platform] [hivemq-platform-operator] [fdbdc7e2] 18:44:35.672 [ReconcilerExecutor-hivemq-controller-98] DEBUG c.h.p.o.h.HiveMQPlatformReconcilerErrorHandler - [helmcust] Pod 'test-hivemq-platform-0' condition 'PodScheduled': True
2025-01-30 18:44:35,675 INFO c.h.h.t.HelmChartContainer - [hivemq-test-hivemq-platform] [hivemq-platform-operator] [fdbdc7e2] 18:44:35.672 [ReconcilerExecutor-hivemq-controller-98] DEBUG c.h.p.o.h.HiveMQPlatformReconcilerErrorHandler - [helmcust] Pod 'test-hivemq-platform-0' containerStatus 'hivemq' (started: false) (ready: false) (waiting: [PodInitializing] null)
2025-01-30 18:44:35,675 INFO c.h.h.t.HelmChartContainer - [hivemq-test-hivemq-platform] [hivemq-platform-operator] [fdbdc7e2] 18:44:35.673 [ReconcilerExecutor-hivemq-controller-98] INFO  c.h.p.o.h.HiveMQPlatformReconcilerBaseHandler - [helmcust] HiveMQ Platform is starting, 0 of 1 replicas are ready
2025-01-30 18:44:37,307 INFO c.h.h.t.HelmChartContainer - [EVENT] Normal [Created] Created container: hivemq [helmcustomlogbackit:test-hivemq-platform-0]
2025-01-30 18:44:37,307 INFO c.h.h.t.HelmChartContainer - Received Created event for container hivemq in pod test-hivemq-platform-0 [de5448f5-1d42-4a0b-ab44-4995e4c7424f]
2025-01-30 18:44:37,630 INFO c.h.h.t.HelmChartContainer - [POD] test-hivemq-platform-0 [de5448f5-1d42-4a0b-ab44-4995e4c7424f] in helmcustomlogbackit was MODIFIED
2025-01-30 18:44:37,635 INFO c.h.h.t.HelmChartContainer - [EVENT] Normal [Started] Started container hivemq [helmcustomlogbackit:test-hivemq-platform-0]
2025-01-30 18:44:37,635 INFO c.h.h.t.HelmChartContainer - Received Started event for container hivemq in pod test-hivemq-platform-0 [de5448f5-1d42-4a0b-ab44-4995e4c7424f]
2025-01-30 18:44:37,635 INFO c.h.h.t.HelmChartContainer - Started log watcher for hivemq in pod test-hivemq-platform-0 [de5448f5-1d42-4a0b-ab44-4995e4c7424f]
2025-01-30 18:44:37,639 INFO c.h.h.t.HelmChartContainer - [hivemq-test-hivemq-platform] [hivemq-platform-operator] [fdbdc7e2] 18:44:37.632 [pool-6-thread-3] DEBUG c.h.p.o.d.PlatformServiceResource - [helmcust] Desired Platform services (3 services)
2025-01-30 18:44:37,639 INFO c.h.h.t.HelmChartContainer - [test-hivemq-platform] [hivemq] [de5448f5] Adding pre-installed HiveMQ Platform Operator extensions
2025-01-30 18:44:37,640 INFO c.h.h.t.HelmChartContainer - [test-hivemq-platform] [hivemq] [de5448f5] Running as user 10000
2025-01-30 18:44:37,640 INFO c.h.h.t.HelmChartContainer - [test-hivemq-platform] [hivemq] [de5448f5] Starting HiveMQ Platform Operator Init
2025-01-30 18:44:37,645 INFO c.h.h.t.HelmChartContainer - [hivemq-test-hivemq-platform] [hivemq-platform-operator] [fdbdc7e2] 18:44:37.633 [pool-6-thread-5] DEBUG c.h.p.o.dependants.PodInfoConfigMap - [helmcust] Desired PodInfo ConfigMap (1 extensions) (1 enabled)
2025-01-30 18:44:37,645 INFO c.h.h.t.HelmChartContainer - [hivemq-test-hivemq-platform] [hivemq-platform-operator] [fdbdc7e2] 18:44:37.643 [pool-6-thread-5] DEBUG c.h.p.o.dependants.PodInfoConfigMap - [helmcust] Desired PodInfo ConfigMap (metrics port: 9399) (metrics path: /)
2025-01-30 18:44:37,645 INFO c.h.h.t.HelmChartContainer - [hivemq-test-hivemq-platform] [hivemq-platform-operator] [fdbdc7e2] 18:44:37.644 [pool-6-thread-5] DEBUG c.h.p.o.dependants.PodInfoConfigMap - [helmcust] Desired PodInfo ConfigMap (extension state hash: -1817474005)
2025-01-30 18:44:37,647 INFO c.h.h.t.HelmChartContainer - [hivemq-test-hivemq-platform] [hivemq-platform-operator] [fdbdc7e2] 18:44:37.634 [pool-6-thread-7] DEBUG c.h.p.o.d.PodServiceAccountResource - [helmcust] Desired PodServiceAccountResource (serviceAccountName: hivemq-platform-pod-test-hivemq-platform)
2025-01-30 18:44:37,653 INFO c.h.h.t.HelmChartContainer - [hivemq-test-hivemq-platform] [hivemq-platform-operator] [fdbdc7e2] 18:44:37.652 [pool-6-thread-3] DEBUG c.h.p.o.d.StatefulSetResource - [helmcust] Desired StatefulSet (1 replicas) for status STARTING (READY)
2025-01-30 18:44:37,660 INFO c.h.h.t.HelmChartContainer - [hivemq-test-hivemq-platform] [hivemq-platform-operator] [fdbdc7e2] 18:44:37.658 [ReconcilerExecutor-hivemq-controller-109] INFO  c.h.p.o.HiveMQPlatformReconciler - [helmcust] Reconciling HiveMQ Platform 'test-hivemq-platform' in namespace 'helmcustomlogbackit'
2025-01-30 18:44:37,660 INFO c.h.h.t.HelmChartContainer - [hivemq-test-hivemq-platform] [hivemq-platform-operator] [fdbdc7e2] 18:44:37.658 [ReconcilerExecutor-hivemq-controller-109] DEBUG c.h.p.o.HiveMQPlatformReconciler - [helmcust] Custom Resource Status STARTING - HiveMQ Platform is starting (READY)
2025-01-30 18:44:37,660 INFO c.h.h.t.HelmChartContainer - [hivemq-test-hivemq-platform] [hivemq-platform-operator] [fdbdc7e2] 18:44:37.659 [ReconcilerExecutor-hivemq-controller-109] DEBUG c.h.p.o.HiveMQPlatformReconciler - [helmcust] Custom Resource Spec (replicas: 1) (extensions: 1)
2025-01-30 18:44:37,662 INFO c.h.h.t.HelmChartContainer - [hivemq-test-hivemq-platform] [hivemq-platform-operator] [fdbdc7e2] 18:44:37.661 [ReconcilerExecutor-hivemq-controller-109] DEBUG c.h.p.o.HiveMQPlatformReconciler - [helmcust] StatefulSet Status (revision: test-hivemq-platform-989b74cd6, replicas: 1, available: 0, ready: 0, current: 1, updated: 1)
2025-01-30 18:44:37,663 INFO c.h.h.t.HelmChartContainer - [hivemq-test-hivemq-platform] [hivemq-platform-operator] [fdbdc7e2] 18:44:37.661 [ReconcilerExecutor-hivemq-controller-109] DEBUG c.h.p.o.HiveMQPlatformReconciler - [helmcust] StatefulSet Spec (replicas: 1, init containers: 1, containers: 1, volumes: 3)
2025-01-30 18:44:37,666 INFO c.h.h.t.HelmChartContainer - [hivemq-test-hivemq-platform] [hivemq-platform-operator] [fdbdc7e2] 18:44:37.664 [ReconcilerExecutor-hivemq-controller-109] DEBUG c.h.p.o.h.HiveMQPlatformReconcilerErrorHandler - [helmcust] Pod 'test-hivemq-platform-0' phase Running
2025-01-30 18:44:37,666 INFO c.h.h.t.HelmChartContainer - [hivemq-test-hivemq-platform] [hivemq-platform-operator] [fdbdc7e2] 18:44:37.665 [ReconcilerExecutor-hivemq-controller-109] INFO  c.h.p.o.h.HiveMQPlatformReconcilerBaseHandler - [helmcust] HiveMQ Platform is starting, 0 of 1 replicas are ready
2025-01-30 18:44:38,530 INFO c.h.h.t.HelmChartContainer - [test-hivemq-platform] [hivemq] [de5448f5] INFO  - [HiveMQ Platform Operator Init 1.7.0-SNAPSHOT] HiveMQ Platform Operator Init 1.7.0-SNAPSHOT (commit: 47e3375 on branch: HEAD) built on Thu Jan 30 03:55:50 UTC 2025
2025-01-30 18:44:39,644 INFO c.h.h.t.HelmChartContainer - [test-hivemq-platform] [hivemq] [de5448f5] INFO  - [HiveMQ Platform Operator Init App 1.7.0-SNAPSHOT] Using bind address 10.42.0.9 from environment variable
2025-01-30 18:44:40,533 INFO c.h.h.t.HelmChartContainer - [test-hivemq-platform] [hivemq] [de5448f5] INFO  - [HiveMQ Platform Operator Init App 1.7.0-SNAPSHOT] HiveMQ Platform Operator Init App 1.7.0-SNAPSHOT (commit: 47e3375 on branch: HEAD) built on Thu Jan 30 03:55:50 UTC 2025
2025-01-30 18:44:40,533 INFO c.h.h.t.HelmChartContainer - [test-hivemq-platform] [hivemq] [de5448f5] INFO  - [HiveMQ Platform Operator Init App 1.7.0-SNAPSHOT] PodInfo ConfigMap directory: /etc/podinfo
2025-01-30 18:44:40,533 INFO c.h.h.t.HelmChartContainer - [test-hivemq-platform] [hivemq] [de5448f5] INFO  - [HiveMQ Platform Operator Init App 1.7.0-SNAPSHOT] HiveMQ home directory: /opt/hivemq
2025-01-30 18:44:40,533 INFO c.h.h.t.HelmChartContainer - [test-hivemq-platform] [hivemq] [de5448f5] INFO  - [HiveMQ Platform Operator Init App 1.7.0-SNAPSHOT] HiveMQ Logback folder: /opt/hivemq/conf
2025-01-30 18:44:40,533 INFO c.h.h.t.HelmChartContainer - [test-hivemq-platform] [hivemq] [de5448f5] INFO  - [HiveMQ Platform Operator Init App 1.7.0-SNAPSHOT] HiveMQ Config folder: /opt/hivemq/conf-k8s
2025-01-30 18:44:40,533 INFO c.h.h.t.HelmChartContainer - [test-hivemq-platform] [hivemq] [de5448f5] INFO  - [HiveMQ Platform Operator Init App 1.7.0-SNAPSHOT] Starting HiveMQ Platform Operator Init App
2025-01-30 18:44:40,533 INFO c.h.h.t.HelmChartContainer - [test-hivemq-platform] [hivemq] [de5448f5] INFO  - [HiveMQ Platform Operator Init App 1.7.0-SNAPSHOT] Starting Pod reconciler
2025-01-30 18:44:41,832 INFO c.h.h.t.HelmChartContainer - [test-hivemq-platform] [hivemq] [de5448f5] INFO  - [HiveMQ Platform Operator Init App 1.7.0-SNAPSHOT] Pod reconciler is scheduled (interval: 5000 ms)
2025-01-30 18:44:41,836 INFO c.h.h.t.HelmChartContainer - [test-hivemq-platform] [hivemq] [de5448f5] INFO  - HiveMQ Platform Operator Init App 1.7.0-SNAPSHOT Save backup of original logback.xml file
2025-01-30 18:44:41,836 INFO c.h.h.t.HelmChartContainer - [test-hivemq-platform] [hivemq] [de5448f5] INFO  - HiveMQ Platform Operator Init App 1.7.0-SNAPSHOT Applying custom logback.xml file
2025-01-30 18:44:41,932 INFO c.h.h.t.HelmChartContainer - [test-hivemq-platform] [hivemq] [de5448f5] INFO  - [HiveMQ Platform Operator Init App 1.7.0-SNAPSHOT] Activated automatic reloading of logback.xml file
2025-01-30 18:44:41,932 INFO c.h.h.t.HelmChartContainer - [test-hivemq-platform] [hivemq] [de5448f5] INFO  - [HiveMQ Platform Operator Init App 1.7.0-SNAPSHOT] Changed logback.xml file scan period to 20 seconds
2025-01-30 18:44:42,424 INFO c.h.h.t.HelmChartContainer - [test-hivemq-platform] [hivemq] [de5448f5] INFO  - [HiveMQ Platform Operator Init App 1.7.0-SNAPSHOT] Starting the REST API on 10.42.0.9:7979
2025-01-30 18:44:42,427 INFO c.h.h.t.HelmChartContainer - [test-hivemq-platform] [hivemq] [de5448f5] INFO  - [HiveMQ Platform Operator Init App 1.7.0-SNAPSHOT] Waiting up to 600s for at most 1 HiveMQ nodes in cluster service hivemq-test-hivemq-platform-cluster.helmcustomlogbackit.svc
2025-01-30 18:44:42,748 INFO c.h.h.t.HelmChartContainer - [test-hivemq-platform] [hivemq] [de5448f5] INFO  - [HiveMQ Platform Operator Init App 1.7.0-SNAPSHOT] Resolved 1 IP addresses: [10.42.0.9]
2025-01-30 18:44:42,748 INFO c.h.h.t.HelmChartContainer - [test-hivemq-platform] [hivemq] [de5448f5] INFO  - [HiveMQ Platform Operator Init App 1.7.0-SNAPSHOT] HiveMQ node count of 1 is within threshold of 1
2025-01-30 18:44:42,748 INFO c.h.h.t.HelmChartContainer - [test-hivemq-platform] [hivemq] [de5448f5] INFO  - [HiveMQ Platform Operator Init App 1.7.0-SNAPSHOT] Proceeding with container start
2025-01-30 18:44:42,848 INFO c.h.h.t.HelmChartContainer - [test-hivemq-platform] [hivemq] [de5448f5] INFO  - [HiveMQ Platform Operator Init App 1.7.0-SNAPSHOT] Initializing HiveMQ Platform extensions with initial configuration: {hivemq-allow-all-extension={start-priority=-1, skip-https-hostname-verification=false, restart=true, config-version=0, header-version=0, c-uri=, priority=-1, uri=preinstalled, skip-https-certificate-validation=false, enabled=true}, hivemq-prometheus-extension={request-header-path=no-request-headers, enabled=true, restart=true, priority=-1, start-priority=-1, c-uri=, skip-https-hostname-verification=false, skip-https-certificate-validation=false, uri=preinstalled}}
2025-01-30 18:44:42,929 INFO c.h.h.t.HelmChartContainer - [test-hivemq-platform] [hivemq] [de5448f5] INFO  - [HiveMQ Platform Operator Init App 1.7.0-SNAPSHOT] Extension hivemq-allow-all-extension was already enabled
2025-01-30 18:44:42,940 INFO c.h.h.t.HelmChartContainer - [test-hivemq-platform] [hivemq] [de5448f5] INFO  - [HiveMQ Platform Operator Init App 1.7.0-SNAPSHOT] Successfully enabled extension hivemq-prometheus-extension
2025-01-30 18:44:42,941 INFO c.h.h.t.HelmChartContainer - [test-hivemq-platform] [hivemq] [de5448f5] INFO  - [HiveMQ Platform Operator Init App 1.7.0-SNAPSHOT] Starting HiveMQ Platform version 4.36.0 (4.36.0)
2025-01-30 18:44:42,941 INFO c.h.h.t.HelmChartContainer - [test-hivemq-platform] [hivemq] [de5448f5] INFO  - [HiveMQ Platform Operator Init App 1.7.0-SNAPSHOT] Configuring the HiveMQ Platform
2025-01-30 18:44:43,044 INFO c.h.h.t.HelmChartContainer - [test-hivemq-platform] [hivemq] [de5448f5] INFO  - [HiveMQ Platform Operator Init App 1.7.0-SNAPSHOT] Starting the HiveMQ Platform
2025-01-30 18:44:43,047 INFO c.h.h.t.HelmChartContainer - [test-hivemq-platform] [hivemq] [de5448f5] -------------------------------------------------------------------------
2025-01-30 18:44:43,047 INFO c.h.h.t.HelmChartContainer - [test-hivemq-platform] [hivemq] [de5448f5] 
2025-01-30 18:44:43,047 INFO c.h.h.t.HelmChartContainer - [test-hivemq-platform] [hivemq] [de5448f5]                   _    _  _              __  __   ____
2025-01-30 18:44:43,047 INFO c.h.h.t.HelmChartContainer - [test-hivemq-platform] [hivemq] [de5448f5]                  | |  | |(_)            |  \/  | / __ \
2025-01-30 18:44:43,047 INFO c.h.h.t.HelmChartContainer - [test-hivemq-platform] [hivemq] [de5448f5]                  | |__| | _ __   __ ___ | \  / || |  | |
2025-01-30 18:44:43,047 INFO c.h.h.t.HelmChartContainer - [test-hivemq-platform] [hivemq] [de5448f5]                  |  __  || |\ \ / // _ \| |\/| || |  | |
2025-01-30 18:44:43,047 INFO c.h.h.t.HelmChartContainer - [test-hivemq-platform] [hivemq] [de5448f5]                  | |  | || | \ V /|  __/| |  | || |__| |
2025-01-30 18:44:43,047 INFO c.h.h.t.HelmChartContainer - [test-hivemq-platform] [hivemq] [de5448f5]                  |_|  |_||_|  \_/  \___||_|  |_| \___\_\
2025-01-30 18:44:43,048 INFO c.h.h.t.HelmChartContainer - [test-hivemq-platform] [hivemq] [de5448f5] 
2025-01-30 18:44:43,048 INFO c.h.h.t.HelmChartContainer - [test-hivemq-platform] [hivemq] [de5448f5] -------------------------------------------------------------------------
2025-01-30 18:44:43,048 INFO c.h.h.t.HelmChartContainer - [test-hivemq-platform] [hivemq] [de5448f5] 
2025-01-30 18:44:43,048 INFO c.h.h.t.HelmChartContainer - [test-hivemq-platform] [hivemq] [de5448f5]   HiveMQ Start Script for Linux/Unix v1.14
2025-01-30 18:44:43,048 INFO c.h.h.t.HelmChartContainer - [test-hivemq-platform] [hivemq] [de5448f5] 
2025-01-30 18:44:43,149 INFO c.h.h.t.HelmChartContainer - [test-hivemq-platform] [hivemq] [de5448f5] -------------------------------------------------------------------------
2025-01-30 18:44:43,150 INFO c.h.h.t.HelmChartContainer - [test-hivemq-platform] [hivemq] [de5448f5] 
2025-01-30 18:44:43,150 INFO c.h.h.t.HelmChartContainer - [test-hivemq-platform] [hivemq] [de5448f5]   HIVEMQ_HOME: /opt/hivemq
2025-01-30 18:44:43,150 INFO c.h.h.t.HelmChartContainer - [test-hivemq-platform] [hivemq] [de5448f5] 
2025-01-30 18:44:43,150 INFO c.h.h.t.HelmChartContainer - [test-hivemq-platform] [hivemq] [de5448f5]   JAVA_OPTS: -XX:+UnlockExperimentalVMOptions -XX:InitialRAMPercentage=50 -XX:MaxRAMPercentage=50 -Djava.net.preferIPv4Stack=true --add-opens java.base/java.lang=ALL-UNNAMED --add-opens java.base/java.nio=ALL-UNNAMED --add-opens java.base/sun.nio.ch=ALL-UNNAMED --add-opens jdk.management/com.sun.management.internal=ALL-UNNAMED --add-exports java.base/jdk.internal.misc=ALL-UNNAMED -Djava.security.egd=file:/dev/./urandom -Dcom.sun.management.jmxremote -Dcom.sun.management.jmxremote.port=9010 -Dcom.sun.management.jmxremote.local.only=false -Dcom.sun.management.jmxremote.authenticate=false -Dcom.sun.management.jmxremote.ssl=false -Duser.language=en -Duser.region=US -XX:+CrashOnOutOfMemoryError -XX:+HeapDumpOnOutOfMemoryError
2025-01-30 18:44:43,150 INFO c.h.h.t.HelmChartContainer - [test-hivemq-platform] [hivemq] [de5448f5] 
2025-01-30 18:44:43,150 INFO c.h.h.t.HelmChartContainer - [test-hivemq-platform] [hivemq] [de5448f5]   JAVA_VERSION: 21
2025-01-30 18:44:43,150 INFO c.h.h.t.HelmChartContainer - [test-hivemq-platform] [hivemq] [de5448f5] 
2025-01-30 18:44:43,150 INFO c.h.h.t.HelmChartContainer - [test-hivemq-platform] [hivemq] [de5448f5] -------------------------------------------------------------------------
2025-01-30 18:44:43,150 INFO c.h.h.t.HelmChartContainer - [test-hivemq-platform] [hivemq] [de5448f5] 
2025-01-30 18:44:43,631 INFO c.h.h.t.HelmChartContainer - [test-hivemq-platform] [hivemq] [de5448f5] INFO  - [HiveMQ Platform Operator Init App 1.7.0-SNAPSHOT] Returning default Health API response 503 for readiness
2025-01-30 18:44:43,939 INFO c.h.h.t.HelmChartContainer - [EVENT] Warning [Unhealthy] Readiness probe failed: HTTP probe failed with statuscode: 503 [helmcustomlogbackit:test-hivemq-platform-0]
2025-01-30 18:44:43,939 INFO c.h.h.t.HelmChartContainer - Received Unhealthy event for container hivemq in pod test-hivemq-platform-0 [de5448f5-1d42-4a0b-ab44-4995e4c7424f]
2025-01-30 18:44:45,832 INFO c.h.h.t.HelmChartContainer - [test-hivemq-platform] [hivemq] [de5448f5] INFO  - Starting HiveMQ Enterprise Server
2025-01-30 18:44:45,836 INFO c.h.h.t.HelmChartContainer - [test-hivemq-platform] [hivemq] [de5448f5] INFO  - HiveMQ version: 4.36.0
2025-01-30 18:44:45,837 INFO c.h.h.t.HelmChartContainer - [test-hivemq-platform] [hivemq] [de5448f5] INFO  - HiveMQ home directory: /opt/hivemq
2025-01-30 18:44:45,838 INFO c.h.h.t.HelmChartContainer - [test-hivemq-platform] [hivemq] [de5448f5] INFO  - Log Configuration was overridden by /opt/hivemq/conf/logback.xml
2025-01-30 18:44:47,332 INFO c.h.h.t.HelmChartContainer - [test-hivemq-platform] [hivemq] [de5448f5] DEBUG - Adding TCP Listener on bind address 0.0.0.0 and port 1883. Name: tcp-listener-1883. Proxy Protocol supported: false
2025-01-30 18:44:47,332 INFO c.h.h.t.HelmChartContainer - [test-hivemq-platform] [hivemq] [de5448f5] DEBUG - Setting retained messages enabled to true
2025-01-30 18:44:47,332 INFO c.h.h.t.HelmChartContainer - [test-hivemq-platform] [hivemq] [de5448f5] DEBUG - Setting wildcard subscriptions enabled to true
2025-01-30 18:44:47,332 INFO c.h.h.t.HelmChartContainer - [test-hivemq-platform] [hivemq] [de5448f5] DEBUG - Setting subscription identifier enabled to true
2025-01-30 18:44:47,332 INFO c.h.h.t.HelmChartContainer - [test-hivemq-platform] [hivemq] [de5448f5] DEBUG - Setting shared subscriptions enabled to true
2025-01-30 18:44:47,332 INFO c.h.h.t.HelmChartContainer - [test-hivemq-platform] [hivemq] [de5448f5] DEBUG - Setting maximum qos to EXACTLY_ONCE 
2025-01-30 18:44:47,332 INFO c.h.h.t.HelmChartContainer - [test-hivemq-platform] [hivemq] [de5448f5] DEBUG - Setting topic alias enabled to true
2025-01-30 18:44:47,332 INFO c.h.h.t.HelmChartContainer - [test-hivemq-platform] [hivemq] [de5448f5] DEBUG - Setting topic alias maximum per client to 5
2025-01-30 18:44:47,332 INFO c.h.h.t.HelmChartContainer - [test-hivemq-platform] [hivemq] [de5448f5] DEBUG - Setting the number of max queued messages  per client to 1000 entries
2025-01-30 18:44:47,333 INFO c.h.h.t.HelmChartContainer - [test-hivemq-platform] [hivemq] [de5448f5] DEBUG - Setting queued messages strategy for each client to DISCARD
2025-01-30 18:44:47,333 INFO c.h.h.t.HelmChartContainer - [test-hivemq-platform] [hivemq] [de5448f5] DEBUG - Setting the expiry interval for client sessions to 4294967295 seconds
2025-01-30 18:44:47,333 INFO c.h.h.t.HelmChartContainer - [test-hivemq-platform] [hivemq] [de5448f5] DEBUG - Setting the expiry interval for publish messages to 4294967296 seconds
2025-01-30 18:44:47,333 INFO c.h.h.t.HelmChartContainer - [test-hivemq-platform] [hivemq] [de5448f5] DEBUG - Setting the server receive maximum to 10
2025-01-30 18:44:47,333 INFO c.h.h.t.HelmChartContainer - [test-hivemq-platform] [hivemq] [de5448f5] DEBUG - Setting keep alive maximum to 65535 seconds
2025-01-30 18:44:47,333 INFO c.h.h.t.HelmChartContainer - [test-hivemq-platform] [hivemq] [de5448f5] DEBUG - Setting keep alive allow zero to true
2025-01-30 18:44:47,333 INFO c.h.h.t.HelmChartContainer - [test-hivemq-platform] [hivemq] [de5448f5] DEBUG - Setting the maximum packet size for mqtt messages 268435460 bytes
2025-01-30 18:44:47,334 INFO c.h.h.t.HelmChartContainer - [test-hivemq-platform] [hivemq] [de5448f5] DEBUG - Setting global maximum allowed connections to -1
2025-01-30 18:44:47,334 INFO c.h.h.t.HelmChartContainer - [test-hivemq-platform] [hivemq] [de5448f5] DEBUG - Setting the maximum client id length to 65535
2025-01-30 18:44:47,334 INFO c.h.h.t.HelmChartContainer - [test-hivemq-platform] [hivemq] [de5448f5] DEBUG - Setting the timeout for disconnecting idle tcp connections before a connect message was received to 10000 milliseconds
2025-01-30 18:44:47,334 INFO c.h.h.t.HelmChartContainer - [test-hivemq-platform] [hivemq] [de5448f5] DEBUG - Throttling the global incoming traffic limit 0 bytes/second
2025-01-30 18:44:47,334 INFO c.h.h.t.HelmChartContainer - [test-hivemq-platform] [hivemq] [de5448f5] DEBUG - Setting the maximum topic length to 65535
2025-01-30 18:44:47,334 INFO c.h.h.t.HelmChartContainer - [test-hivemq-platform] [hivemq] [de5448f5] DEBUG - Setting allow server assigned client identifier to true
2025-01-30 18:44:47,334 INFO c.h.h.t.HelmChartContainer - [test-hivemq-platform] [hivemq] [de5448f5] DEBUG - Setting validate UTF-8 to true
2025-01-30 18:44:47,334 INFO c.h.h.t.HelmChartContainer - [test-hivemq-platform] [hivemq] [de5448f5] DEBUG - Setting payload format validation to false
2025-01-30 18:44:47,334 INFO c.h.h.t.HelmChartContainer - [test-hivemq-platform] [hivemq] [de5448f5] DEBUG - Setting allow-problem-information to true
2025-01-30 18:44:47,334 INFO c.h.h.t.HelmChartContainer - [test-hivemq-platform] [hivemq] [de5448f5] DEBUG - Setting control-center audit log enabled to true
2025-01-30 18:44:47,334 INFO c.h.h.t.HelmChartContainer - [test-hivemq-platform] [hivemq] [de5448f5] DEBUG - Setting rest-api audit log enabled to true
2025-01-30 18:44:47,334 INFO c.h.h.t.HelmChartContainer - [test-hivemq-platform] [hivemq] [de5448f5] DEBUG - Setting HiveMQ Control Center enabled to true 
2025-01-30 18:44:47,334 INFO c.h.h.t.HelmChartContainer - [test-hivemq-platform] [hivemq] [de5448f5] DEBUG - Setting HiveMQ Control Center default login enabled to true 
2025-01-30 18:44:47,334 INFO c.h.h.t.HelmChartContainer - [test-hivemq-platform] [hivemq] [de5448f5] DEBUG - Setting HiveMQ Control Center session idle time to 14400 seconds
2025-01-30 18:44:47,334 INFO c.h.h.t.HelmChartContainer - [test-hivemq-platform] [hivemq] [de5448f5] DEBUG - Adding Http-Listener to HiveMQ Control Center Config
2025-01-30 18:44:47,432 INFO c.h.h.t.HelmChartContainer - [test-hivemq-platform] [hivemq] [de5448f5] DEBUG - Set TLS to disabled for cluster TCP transport
2025-01-30 18:44:47,434 INFO c.h.h.t.HelmChartContainer - [test-hivemq-platform] [hivemq] [de5448f5] DEBUG - Setting replica count to 2 
2025-01-30 18:44:47,434 INFO c.h.h.t.HelmChartContainer - [test-hivemq-platform] [hivemq] [de5448f5] DEBUG - Setting cluster TCP health-check enabled
2025-01-30 18:44:47,435 INFO c.h.h.t.HelmChartContainer - [test-hivemq-platform] [hivemq] [de5448f5] DEBUG - Setting cluster TCP health-check bind-address to default
2025-01-30 18:44:47,435 INFO c.h.h.t.HelmChartContainer - [test-hivemq-platform] [hivemq] [de5448f5] DEBUG - Setting cluster TCP health-check bind-address to 0
2025-01-30 18:44:47,435 INFO c.h.h.t.HelmChartContainer - [test-hivemq-platform] [hivemq] [de5448f5] DEBUG - Setting cluster TCP health-check bind-port to 0
2025-01-30 18:44:47,435 INFO c.h.h.t.HelmChartContainer - [test-hivemq-platform] [hivemq] [de5448f5] DEBUG - Setting cluster TCP health-check external-address to default
2025-01-30 18:44:47,435 INFO c.h.h.t.HelmChartContainer - [test-hivemq-platform] [hivemq] [de5448f5] DEBUG - Setting cluster TCP health-check external-port to 0
2025-01-30 18:44:47,435 INFO c.h.h.t.HelmChartContainer - [test-hivemq-platform] [hivemq] [de5448f5] DEBUG - Setting cluster heartbeat enabled
2025-01-30 18:44:47,435 INFO c.h.h.t.HelmChartContainer - [test-hivemq-platform] [hivemq] [de5448f5] DEBUG - Setting cluster heartbeat interval to 3000 ms
2025-01-30 18:44:47,435 INFO c.h.h.t.HelmChartContainer - [test-hivemq-platform] [hivemq] [de5448f5] DEBUG - Setting the cluster heartbeat timeout to 9000 ms
2025-01-30 18:44:47,475 INFO c.h.h.t.HelmChartContainer - [test-hivemq-platform] [hivemq] [de5448f5] DEBUG - Setting HiveMQ REST API enabled to false 
2025-01-30 18:44:47,475 INFO c.h.h.t.HelmChartContainer - [test-hivemq-platform] [hivemq] [de5448f5] DEBUG - Setting HiveMQ REST API authentication enabled to false 
2025-01-30 18:44:47,475 INFO c.h.h.t.HelmChartContainer - [test-hivemq-platform] [hivemq] [de5448f5] DEBUG - Setting HiveMQ Health API enabled to true 
2025-01-30 18:44:47,525 INFO c.h.h.t.HelmChartContainer - [test-hivemq-platform] [hivemq] [de5448f5] DEBUG - Adding http-listener with name 'http-listener-8889' to HiveMQ Health API config
2025-01-30 18:44:47,526 INFO c.h.h.t.HelmChartContainer - [test-hivemq-platform] [hivemq] [de5448f5] DEBUG - Setting client event history enabled to false
2025-01-30 18:44:47,526 INFO c.h.h.t.HelmChartContainer - [test-hivemq-platform] [hivemq] [de5448f5] DEBUG - Setting client event history lifetime to 604800000 ms
2025-01-30 18:44:47,526 INFO c.h.h.t.HelmChartContainer - [test-hivemq-platform] [hivemq] [de5448f5] DEBUG - Setting overload protection enabled to true 
2025-01-30 18:44:47,526 INFO c.h.h.t.HelmChartContainer - [test-hivemq-platform] [hivemq] [de5448f5] DEBUG - Setting anonymous usage statistics enabled to false 
2025-01-30 18:44:47,526 INFO c.h.h.t.HelmChartContainer - [test-hivemq-platform] [hivemq] [de5448f5] DEBUG - Setting expired messages topic enabled to false
2025-01-30 18:44:47,526 INFO c.h.h.t.HelmChartContainer - [test-hivemq-platform] [hivemq] [de5448f5] DEBUG - Setting dropped messages topic enabled to false
2025-01-30 18:44:47,526 INFO c.h.h.t.HelmChartContainer - [test-hivemq-platform] [hivemq] [de5448f5] DEBUG - Setting dead messages topic enabled to false
2025-01-30 18:44:47,527 INFO c.h.h.t.HelmChartContainer - [test-hivemq-platform] [hivemq] [de5448f5] INFO  - Successfully loaded configuration from '/opt/hivemq/conf-k8s/config.xml'.
2025-01-30 18:44:47,675 INFO c.h.h.t.HelmChartContainer - [hivemq-test-hivemq-platform] [hivemq-platform-operator] [fdbdc7e2] 18:44:47.669 [pool-6-thread-16] DEBUG c.h.p.o.d.PlatformServiceResource - [helmcust] Desired Platform services (3 services)
2025-01-30 18:44:47,676 INFO c.h.h.t.HelmChartContainer - [hivemq-test-hivemq-platform] [hivemq-platform-operator] [fdbdc7e2] 18:44:47.670 [pool-6-thread-19] DEBUG c.h.p.o.dependants.PodInfoConfigMap - [helmcust] Desired PodInfo ConfigMap (1 extensions) (1 enabled)
2025-01-30 18:44:47,676 INFO c.h.h.t.HelmChartContainer - [hivemq-test-hivemq-platform] [hivemq-platform-operator] [fdbdc7e2] 18:44:47.671 [pool-6-thread-19] DEBUG c.h.p.o.dependants.PodInfoConfigMap - [helmcust] Desired PodInfo ConfigMap (metrics port: 9399) (metrics path: /)
2025-01-30 18:44:47,676 INFO c.h.h.t.HelmChartContainer - [hivemq-test-hivemq-platform] [hivemq-platform-operator] [fdbdc7e2] 18:44:47.671 [pool-6-thread-17] DEBUG c.h.p.o.d.PodServiceAccountResource - [helmcust] Desired PodServiceAccountResource (serviceAccountName: hivemq-platform-pod-test-hivemq-platform)
2025-01-30 18:44:47,676 INFO c.h.h.t.HelmChartContainer - [hivemq-test-hivemq-platform] [hivemq-platform-operator] [fdbdc7e2] 18:44:47.671 [pool-6-thread-19] DEBUG c.h.p.o.dependants.PodInfoConfigMap - [helmcust] Desired PodInfo ConfigMap (extension state hash: -1817474005)
2025-01-30 18:44:47,680 INFO c.h.h.t.HelmChartContainer - [hivemq-test-hivemq-platform] [hivemq-platform-operator] [fdbdc7e2] 18:44:47.678 [pool-6-thread-20] DEBUG c.h.p.o.d.StatefulSetResource - [helmcust] Desired StatefulSet (1 replicas) for status STARTING (READY)
2025-01-30 18:44:47,684 INFO c.h.h.t.HelmChartContainer - [hivemq-test-hivemq-platform] [hivemq-platform-operator] [fdbdc7e2] 18:44:47.682 [ReconcilerExecutor-hivemq-controller-110] INFO  c.h.p.o.HiveMQPlatformReconciler - [helmcust] Reconciling HiveMQ Platform 'test-hivemq-platform' in namespace 'helmcustomlogbackit'
2025-01-30 18:44:47,684 INFO c.h.h.t.HelmChartContainer - [hivemq-test-hivemq-platform] [hivemq-platform-operator] [fdbdc7e2] 18:44:47.682 [ReconcilerExecutor-hivemq-controller-110] DEBUG c.h.p.o.HiveMQPlatformReconciler - [helmcust] Custom Resource Status STARTING - HiveMQ Platform is starting (READY)
2025-01-30 18:44:47,684 INFO c.h.h.t.HelmChartContainer - [hivemq-test-hivemq-platform] [hivemq-platform-operator] [fdbdc7e2] 18:44:47.682 [ReconcilerExecutor-hivemq-controller-110] DEBUG c.h.p.o.HiveMQPlatformReconciler - [helmcust] Custom Resource Spec (replicas: 1) (extensions: 1)
2025-01-30 18:44:47,759 INFO c.h.h.t.HelmChartContainer - [hivemq-test-hivemq-platform] [hivemq-platform-operator] [fdbdc7e2] 18:44:47.758 [ReconcilerExecutor-hivemq-controller-110] DEBUG c.h.p.o.HiveMQPlatformReconciler - [helmcust] StatefulSet Status (revision: test-hivemq-platform-989b74cd6, replicas: 1, available: 0, ready: 0, current: 1, updated: 1)
2025-01-30 18:44:47,759 INFO c.h.h.t.HelmChartContainer - [hivemq-test-hivemq-platform] [hivemq-platform-operator] [fdbdc7e2] 18:44:47.758 [ReconcilerExecutor-hivemq-controller-110] DEBUG c.h.p.o.HiveMQPlatformReconciler - [helmcust] StatefulSet Spec (replicas: 1, init containers: 1, containers: 1, volumes: 3)
2025-01-30 18:44:47,760 INFO c.h.h.t.HelmChartContainer - [hivemq-test-hivemq-platform] [hivemq-platform-operator] [fdbdc7e2] 18:44:47.760 [ReconcilerExecutor-hivemq-controller-110] DEBUG c.h.p.o.h.HiveMQPlatformReconcilerErrorHandler - [helmcust] Pod 'test-hivemq-platform-0' phase Running
2025-01-30 18:44:47,762 INFO c.h.h.t.HelmChartContainer - [hivemq-test-hivemq-platform] [hivemq-platform-operator] [fdbdc7e2] 18:44:47.761 [ReconcilerExecutor-hivemq-controller-110] INFO  c.h.p.o.h.HiveMQPlatformReconcilerBaseHandler - [helmcust] HiveMQ Platform is starting, 0 of 1 replicas are ready
2025-01-30 18:44:48,231 INFO c.h.h.t.HelmChartContainer - [test-hivemq-platform] [hivemq] [de5448f5] DEBUG - Performing sanity checks.
2025-01-30 18:44:48,335 INFO c.h.h.t.HelmChartContainer - [test-hivemq-platform] [hivemq] [de5448f5] DEBUG - Soft limit for open files (1048576) satisfies the recommended limit (1000000).
2025-01-30 18:44:48,335 INFO c.h.h.t.HelmChartContainer - [test-hivemq-platform] [hivemq] [de5448f5] DEBUG - Hard limit for open files (1048576) satisfies the recommended limit (1000000).
2025-01-30 18:44:48,335 INFO c.h.h.t.HelmChartContainer - [test-hivemq-platform] [hivemq] [de5448f5] DEBUG - HiveMQ license directory (/opt/hivemq/license) satisfies all required file-system permissions.
2025-01-30 18:44:48,336 INFO c.h.h.t.HelmChartContainer - [test-hivemq-platform] [hivemq] [de5448f5] DEBUG - HiveMQ data directory (/opt/hivemq/data) satisfies all required file-system permissions.
2025-01-30 18:44:48,336 INFO c.h.h.t.HelmChartContainer - [test-hivemq-platform] [hivemq] [de5448f5] DEBUG - HiveMQ log directory (/opt/hivemq/log) satisfies all required file-system permissions.
2025-01-30 18:44:48,337 INFO c.h.h.t.HelmChartContainer - [test-hivemq-platform] [hivemq] [de5448f5] DEBUG - HiveMQ backup directory (/opt/hivemq/backup) satisfies all required file-system permissions.
2025-01-30 18:44:48,337 INFO c.h.h.t.HelmChartContainer - [test-hivemq-platform] [hivemq] [de5448f5] DEBUG - HiveMQ audit directory (/opt/hivemq/audit) satisfies all required file-system permissions.
2025-01-30 18:44:48,337 INFO c.h.h.t.HelmChartContainer - [test-hivemq-platform] [hivemq] [de5448f5] DEBUG - HiveMQ extensions directory (/opt/hivemq/extensions) satisfies all required file-system permissions.
2025-01-30 18:44:48,375 INFO c.h.h.t.HelmChartContainer - [test-hivemq-platform] [hivemq] [de5448f5] DEBUG - Extension directory hivemq-allow-all-extension (/opt/hivemq/extensions/hivemq-allow-all-extension) satisfies all required file-system permissions.
2025-01-30 18:44:48,375 INFO c.h.h.t.HelmChartContainer - [test-hivemq-platform] [hivemq] [de5448f5] DEBUG - Extension directory hivemq-dns-cluster-discovery (/opt/hivemq/extensions/hivemq-dns-cluster-discovery) satisfies all required file-system permissions.
2025-01-30 18:44:48,375 INFO c.h.h.t.HelmChartContainer - [test-hivemq-platform] [hivemq] [de5448f5] DEBUG - Extension directory hivemq-prometheus-extension (/opt/hivemq/extensions/hivemq-prometheus-extension) satisfies all required file-system permissions.
2025-01-30 18:44:48,375 INFO c.h.h.t.HelmChartContainer - [test-hivemq-platform] [hivemq] [de5448f5] DEBUG - Extension directory hivemq-google-cloud-pubsub-extension (/opt/hivemq/extensions/hivemq-google-cloud-pubsub-extension) satisfies all required file-system permissions.
2025-01-30 18:44:48,375 INFO c.h.h.t.HelmChartContainer - [test-hivemq-platform] [hivemq] [de5448f5] DEBUG - Extension directory hivemq-snowflake-extension (/opt/hivemq/extensions/hivemq-snowflake-extension) satisfies all required file-system permissions.
2025-01-30 18:44:48,375 INFO c.h.h.t.HelmChartContainer - [test-hivemq-platform] [hivemq] [de5448f5] DEBUG - Extension directory hivemq-postgresql-extension (/opt/hivemq/extensions/hivemq-postgresql-extension) satisfies all required file-system permissions.
2025-01-30 18:44:48,375 INFO c.h.h.t.HelmChartContainer - [test-hivemq-platform] [hivemq] [de5448f5] DEBUG - Extension directory hivemq-enterprise-security-extension (/opt/hivemq/extensions/hivemq-enterprise-security-extension) satisfies all required file-system permissions.
2025-01-30 18:44:48,430 INFO c.h.h.t.HelmChartContainer - [test-hivemq-platform] [hivemq] [de5448f5] DEBUG - Extension directory hivemq-mysql-extension (/opt/hivemq/extensions/hivemq-mysql-extension) satisfies all required file-system permissions.
2025-01-30 18:44:48,430 INFO c.h.h.t.HelmChartContainer - [test-hivemq-platform] [hivemq] [de5448f5] DEBUG - Extension directory hivemq-bridge-extension (/opt/hivemq/extensions/hivemq-bridge-extension) satisfies all required file-system permissions.
2025-01-30 18:44:48,430 INFO c.h.h.t.HelmChartContainer - [test-hivemq-platform] [hivemq] [de5448f5] DEBUG - Extension directory hivemq-kafka-extension (/opt/hivemq/extensions/hivemq-kafka-extension) satisfies all required file-system permissions.
2025-01-30 18:44:48,430 INFO c.h.h.t.HelmChartContainer - [test-hivemq-platform] [hivemq] [de5448f5] DEBUG - Extension directory hivemq-distributed-tracing-extension (/opt/hivemq/extensions/hivemq-distributed-tracing-extension) satisfies all required file-system permissions.
2025-01-30 18:44:48,430 INFO c.h.h.t.HelmChartContainer - [test-hivemq-platform] [hivemq] [de5448f5] DEBUG - Extension directory hivemq-mongodb-extension (/opt/hivemq/extensions/hivemq-mongodb-extension) satisfies all required file-system permissions.
2025-01-30 18:44:48,430 INFO c.h.h.t.HelmChartContainer - [test-hivemq-platform] [hivemq] [de5448f5] DEBUG - Extension directory hivemq-data-lake-extension (/opt/hivemq/extensions/hivemq-data-lake-extension) satisfies all required file-system permissions.
2025-01-30 18:44:48,431 INFO c.h.h.t.HelmChartContainer - [test-hivemq-platform] [hivemq] [de5448f5] DEBUG - Extension directory hivemq-amazon-kinesis-extension (/opt/hivemq/extensions/hivemq-amazon-kinesis-extension) satisfies all required file-system permissions.
2025-01-30 18:44:48,431 INFO c.h.h.t.HelmChartContainer - [test-hivemq-platform] [hivemq] [de5448f5] DEBUG - Extension directory hivemq-microsoft-sql-server-extension (/opt/hivemq/extensions/hivemq-microsoft-sql-server-extension) satisfies all required file-system permissions.
2025-01-30 18:44:48,431 INFO c.h.h.t.HelmChartContainer - [test-hivemq-platform] [hivemq] [de5448f5] DEBUG - Temporary directory (/tmp) satisfies all required file-system permissions.
2025-01-30 18:44:48,431 INFO c.h.h.t.HelmChartContainer - [test-hivemq-platform] [hivemq] [de5448f5] DEBUG - Heap dump directory (/opt/hivemq) satisfies all required file-system permissions.
2025-01-30 18:44:48,431 INFO c.h.h.t.HelmChartContainer - [test-hivemq-platform] [hivemq] [de5448f5] DEBUG - Performed all sanity checks in 199ms. All sanity checks passed successfully.
2025-01-30 18:44:48,433 INFO c.h.h.t.HelmChartContainer - [test-hivemq-platform] [hivemq] [de5448f5] INFO  - This node's ID is L1eo6
2025-01-30 18:44:48,434 INFO c.h.h.t.HelmChartContainer - [test-hivemq-platform] [hivemq] [de5448f5] INFO  - Clustering is enabled
2025-01-30 18:44:49,133 INFO c.h.h.t.HelmChartContainer - [test-hivemq-platform] [hivemq] [de5448f5] WARN  - [HiveMQ Platform Operator Init App 1.7.0-SNAPSHOT] Cannot connect to Health API for readiness: null
2025-01-30 18:44:49,138 INFO c.h.h.t.HelmChartContainer - [EVENT] Warning [Unhealthy] Readiness probe failed: HTTP probe failed with statuscode: 503 [helmcustomlogbackit:test-hivemq-platform-0]
2025-01-30 18:44:49,138 INFO c.h.h.t.HelmChartContainer - Received Unhealthy event for container hivemq in pod test-hivemq-platform-0 [de5448f5-1d42-4a0b-ab44-4995e4c7424f]
2025-01-30 18:44:52,034 INFO c.h.h.t.HelmChartContainer - [test-hivemq-platform] [hivemq] [de5448f5] Jan 30, 2025 6:44:52 PM io.vertx.core.impl.BlockedThreadChecker
2025-01-30 18:44:52,035 INFO c.h.h.t.HelmChartContainer - [test-hivemq-platform] [hivemq] [de5448f5] WARNING: Thread Thread[vert.x-eventloop-thread-1,5,main] has been blocked for 2103 ms, time limit is 2000 ms
2025-01-30 18:44:52,926 INFO c.h.h.t.HelmChartContainer - [test-hivemq-platform] [hivemq] [de5448f5] INFO  - [HiveMQ Platform Operator Init App 1.7.0-SNAPSHOT] Updating Pod HiveMQ Platform Operator Init App version annotation (version: 1.7.0-SNAPSHOT)
2025-01-30 18:44:52,931 INFO c.h.h.t.HelmChartContainer - [test-hivemq-platform] [hivemq] [de5448f5] DEBUG - Configured WriteBufferManager with size for memtables 232460124 and for the block cache 348690186
2025-01-30 18:44:52,932 INFO c.h.h.t.HelmChartContainer - [test-hivemq-platform] [hivemq] [de5448f5] DEBUG - Starting RocksDBMemoryUsageWatchdog.
2025-01-30 18:44:52,936 INFO c.h.h.t.HelmChartContainer - [test-hivemq-platform] [hivemq] [de5448f5] DEBUG - RocksDBMemoryUsageWatchdog is running.
2025-01-30 18:44:53,274 INFO c.h.h.t.HelmChartContainer - [test-hivemq-platform] [hivemq] [de5448f5] DEBUG - Folder /opt/hivemq/data/persistence does not exist, trying to create it
2025-01-30 18:44:53,274 INFO c.h.h.t.HelmChartContainer - [test-hivemq-platform] [hivemq] [de5448f5] DEBUG - Created folder /opt/hivemq/data
2025-01-30 18:44:53,274 INFO c.h.h.t.HelmChartContainer - [test-hivemq-platform] [hivemq] [de5448f5] DEBUG - Folder /opt/hivemq/data/persistence/publish_payload_store/040500_R does not exist, trying to create it
2025-01-30 18:44:53,335 INFO c.h.h.t.HelmChartContainer - [test-hivemq-platform] [hivemq] [de5448f5] DEBUG - Folder /opt/hivemq/data/persistence/client_queue/042800_R does not exist, trying to create it
2025-01-30 18:44:53,425 INFO c.h.h.t.HelmChartContainer - [test-hivemq-platform] [hivemq] [de5448f5] DEBUG - Folder /opt/hivemq/data/persistence/client_session_store/040100_R does not exist, trying to create it
2025-01-30 18:44:53,428 INFO c.h.h.t.HelmChartContainer - [test-hivemq-platform] [hivemq] [de5448f5] DEBUG - Folder /opt/hivemq/data/persistence/client_session_subscriptions/043200_R does not exist, trying to create it
2025-01-30 18:44:53,433 INFO c.h.h.t.HelmChartContainer - [test-hivemq-platform] [hivemq] [de5448f5] DEBUG - Folder /opt/hivemq/data/persistence/retained_messages/040800_R does not exist, trying to create it
2025-01-30 18:44:53,433 INFO c.h.h.t.HelmChartContainer - [test-hivemq-platform] [hivemq] [de5448f5] DEBUG - Folder /opt/hivemq/data/persistence/attribute/043100_R does not exist, trying to create it
2025-01-30 18:44:53,437 INFO c.h.h.t.HelmChartContainer - [test-hivemq-platform] [hivemq] [de5448f5] DEBUG - Folder /opt/hivemq/data/persistence/incoming_message_flow/043000_R does not exist, trying to create it
2025-01-30 18:44:53,630 INFO c.h.h.t.HelmChartContainer - [test-hivemq-platform] [hivemq] [de5448f5] WARN  - [HiveMQ Platform Operator Init App 1.7.0-SNAPSHOT] Cannot connect to Health API for readiness: null
2025-01-30 18:44:53,635 INFO c.h.h.t.HelmChartContainer - [EVENT] Warning [Unhealthy] Readiness probe failed: HTTP probe failed with statuscode: 503 [helmcustomlogbackit:test-hivemq-platform-0]
2025-01-30 18:44:53,635 INFO c.h.h.t.HelmChartContainer - Received Unhealthy event for container hivemq in pod test-hivemq-platform-0 [de5448f5-1d42-4a0b-ab44-4995e4c7424f]
2025-01-30 18:44:53,741 INFO c.h.h.t.HelmChartContainer - [POD] test-hivemq-platform-0 [de5448f5-1d42-4a0b-ab44-4995e4c7424f] in helmcustomlogbackit was MODIFIED
2025-01-30 18:44:53,750 INFO c.h.h.t.HelmChartContainer - [hivemq-test-hivemq-platform] [hivemq-platform-operator] [fdbdc7e2] 18:44:53.747 [pool-6-thread-26] DEBUG c.h.p.o.d.PlatformServiceResource - [helmcust] Desired Platform services (3 services)
2025-01-30 18:44:53,752 INFO c.h.h.t.HelmChartContainer - [hivemq-test-hivemq-platform] [hivemq-platform-operator] [fdbdc7e2] 18:44:53.750 [pool-6-thread-21] DEBUG c.h.p.o.d.PodServiceAccountResource - [helmcust] Desired PodServiceAccountResource (serviceAccountName: hivemq-platform-pod-test-hivemq-platform)
2025-01-30 18:44:53,752 INFO c.h.h.t.HelmChartContainer - [hivemq-test-hivemq-platform] [hivemq-platform-operator] [fdbdc7e2] 18:44:53.750 [pool-6-thread-25] DEBUG c.h.p.o.dependants.PodInfoConfigMap - [helmcust] Desired PodInfo ConfigMap (1 extensions) (1 enabled)
2025-01-30 18:44:53,753 INFO c.h.h.t.HelmChartContainer - [hivemq-test-hivemq-platform] [hivemq-platform-operator] [fdbdc7e2] 18:44:53.751 [pool-6-thread-25] DEBUG c.h.p.o.dependants.PodInfoConfigMap - [helmcust] Desired PodInfo ConfigMap (metrics port: 9399) (metrics path: /)
2025-01-30 18:44:53,753 INFO c.h.h.t.HelmChartContainer - [hivemq-test-hivemq-platform] [hivemq-platform-operator] [fdbdc7e2] 18:44:53.751 [pool-6-thread-25] DEBUG c.h.p.o.dependants.PodInfoConfigMap - [helmcust] Desired PodInfo ConfigMap (extension state hash: -1817474005)
2025-01-30 18:44:53,757 INFO c.h.h.t.HelmChartContainer - [hivemq-test-hivemq-platform] [hivemq-platform-operator] [fdbdc7e2] 18:44:53.756 [pool-6-thread-30] DEBUG c.h.p.o.d.StatefulSetResource - [helmcust] Desired StatefulSet (1 replicas) for status STARTING (READY)
2025-01-30 18:44:53,763 INFO c.h.h.t.HelmChartContainer - [hivemq-test-hivemq-platform] [hivemq-platform-operator] [fdbdc7e2] 18:44:53.762 [ReconcilerExecutor-hivemq-controller-111] INFO  c.h.p.o.HiveMQPlatformReconciler - [helmcust] Reconciling HiveMQ Platform 'test-hivemq-platform' in namespace 'helmcustomlogbackit'
2025-01-30 18:44:53,764 INFO c.h.h.t.HelmChartContainer - [hivemq-test-hivemq-platform] [hivemq-platform-operator] [fdbdc7e2] 18:44:53.762 [ReconcilerExecutor-hivemq-controller-111] DEBUG c.h.p.o.HiveMQPlatformReconciler - [helmcust] Custom Resource Status STARTING - HiveMQ Platform is starting (READY)
2025-01-30 18:44:53,764 INFO c.h.h.t.HelmChartContainer - [hivemq-test-hivemq-platform] [hivemq-platform-operator] [fdbdc7e2] 18:44:53.762 [ReconcilerExecutor-hivemq-controller-111] DEBUG c.h.p.o.HiveMQPlatformReconciler - [helmcust] Custom Resource Spec (replicas: 1) (extensions: 1)
2025-01-30 18:44:53,765 INFO c.h.h.t.HelmChartContainer - [hivemq-test-hivemq-platform] [hivemq-platform-operator] [fdbdc7e2] 18:44:53.763 [ReconcilerExecutor-hivemq-controller-111] DEBUG c.h.p.o.HiveMQPlatformReconciler - [helmcust] StatefulSet Status (revision: test-hivemq-platform-989b74cd6, replicas: 1, available: 0, ready: 0, current: 1, updated: 1)
2025-01-30 18:44:53,765 INFO c.h.h.t.HelmChartContainer - [hivemq-test-hivemq-platform] [hivemq-platform-operator] [fdbdc7e2] 18:44:53.764 [ReconcilerExecutor-hivemq-controller-111] DEBUG c.h.p.o.HiveMQPlatformReconciler - [helmcust] StatefulSet Spec (replicas: 1, init containers: 1, containers: 1, volumes: 3)
2025-01-30 18:44:53,831 INFO c.h.h.t.HelmChartContainer - [test-hivemq-platform] [hivemq] [de5448f5] WARN  - [HiveMQ Platform Operator Init App 1.7.0-SNAPSHOT] Cannot connect to Health API for readiness: null
2025-01-30 18:44:53,836 INFO c.h.h.t.HelmChartContainer - [EVENT] Warning [Unhealthy] Readiness probe failed: HTTP probe failed with statuscode: 503 [helmcustomlogbackit:test-hivemq-platform-0]
2025-01-30 18:44:53,837 INFO c.h.h.t.HelmChartContainer - Received Unhealthy event for container hivemq in pod test-hivemq-platform-0 [de5448f5-1d42-4a0b-ab44-4995e4c7424f]
2025-01-30 18:44:53,844 INFO c.h.h.t.HelmChartContainer - [hivemq-test-hivemq-platform] [hivemq-platform-operator] [fdbdc7e2] 18:44:53.843 [ReconcilerExecutor-hivemq-controller-111] DEBUG c.h.p.o.h.HiveMQPlatformReconcilerErrorHandler - [helmcust] Pod 'test-hivemq-platform-0' phase Running
2025-01-30 18:44:53,845 INFO c.h.h.t.HelmChartContainer - [hivemq-test-hivemq-platform] [hivemq-platform-operator] [fdbdc7e2] 18:44:53.844 [ReconcilerExecutor-hivemq-controller-111] INFO  c.h.p.o.h.HiveMQPlatformReconcilerBaseHandler - [helmcust] HiveMQ Platform is starting, 0 of 1 replicas are ready
2025-01-30 18:44:53,926 INFO c.h.h.t.HelmChartContainer - [test-hivemq-platform] [hivemq] [de5448f5] INFO  - [HiveMQ Platform Operator Init App 1.7.0-SNAPSHOT] Successfully updated Pod HiveMQ Platform Operator Init App version annotation (version: 1.7.0-SNAPSHOT)
2025-01-30 18:44:54,226 INFO c.h.h.t.HelmChartContainer - [test-hivemq-platform] [hivemq] [de5448f5] DEBUG - Folder /opt/hivemq/data/persistence/data_hub_modules/043000_R does not exist, trying to create it
2025-01-30 18:44:54,227 INFO c.h.h.t.HelmChartContainer - [test-hivemq-platform] [hivemq] [de5448f5] DEBUG - Folder /opt/hivemq/data/persistence/data_hub_schemas/042000_R does not exist, trying to create it
2025-01-30 18:44:54,227 INFO c.h.h.t.HelmChartContainer - [test-hivemq-platform] [hivemq] [de5448f5] DEBUG - Folder /opt/hivemq/data/persistence/data_hub_scripts/042300_R does not exist, trying to create it
2025-01-30 18:44:54,228 INFO c.h.h.t.HelmChartContainer - [test-hivemq-platform] [hivemq] [de5448f5] DEBUG - Folder /opt/hivemq/data/persistence/data_hub_policies/042000_R does not exist, trying to create it
2025-01-30 18:44:58,825 INFO c.h.h.t.HelmChartContainer - [test-hivemq-platform] [hivemq] [de5448f5] WARN  - [HiveMQ Platform Operator Init App 1.7.0-SNAPSHOT] Cannot connect to Health API for readiness: null
2025-01-30 18:44:58,831 INFO c.h.h.t.HelmChartContainer - [EVENT] Warning [Unhealthy] Readiness probe failed: HTTP probe failed with statuscode: 503 [helmcustomlogbackit:test-hivemq-platform-0]
2025-01-30 18:44:58,831 INFO c.h.h.t.HelmChartContainer - Received Unhealthy event for container hivemq in pod test-hivemq-platform-0 [de5448f5-1d42-4a0b-ab44-4995e4c7424f]
2025-01-30 18:45:00,034 INFO c.h.h.t.HelmChartContainer - [test-hivemq-platform] [hivemq] [de5448f5] DEBUG - Diagnostic mode is disabled
2025-01-30 18:45:03,629 INFO c.h.h.t.HelmChartContainer - [test-hivemq-platform] [hivemq] [de5448f5] WARN  - [HiveMQ Platform Operator Init App 1.7.0-SNAPSHOT] Cannot connect to Health API for liveness: null
2025-01-30 18:45:03,629 INFO c.h.h.t.HelmChartContainer - [test-hivemq-platform] [hivemq] [de5448f5] INFO  - [HiveMQ Platform Operator Init App 1.7.0-SNAPSHOT] Returning default Health API response 200 for liveness
2025-01-30 18:45:03,779 INFO c.h.h.t.HelmChartContainer - [test-hivemq-platform] [hivemq] [de5448f5] WARN  - [HiveMQ Platform Operator Init App 1.7.0-SNAPSHOT] Cannot connect to Health API for readiness: null
2025-01-30 18:45:03,783 INFO c.h.h.t.HelmChartContainer - [EVENT] Warning [Unhealthy] Readiness probe failed: HTTP probe failed with statuscode: 503 [helmcustomlogbackit:test-hivemq-platform-0]
2025-01-30 18:45:03,783 INFO c.h.h.t.HelmChartContainer - Received Unhealthy event for container hivemq in pod test-hivemq-platform-0 [de5448f5-1d42-4a0b-ab44-4995e4c7424f]
2025-01-30 18:45:03,850 INFO c.h.h.t.HelmChartContainer - [hivemq-test-hivemq-platform] [hivemq-platform-operator] [fdbdc7e2] 18:45:03.847 [pool-6-thread-37] DEBUG c.h.p.o.d.PlatformServiceResource - [helmcust] Desired Platform services (3 services)
2025-01-30 18:45:03,850 INFO c.h.h.t.HelmChartContainer - [hivemq-test-hivemq-platform] [hivemq-platform-operator] [fdbdc7e2] 18:45:03.848 [pool-6-thread-33] DEBUG c.h.p.o.dependants.PodInfoConfigMap - [helmcust] Desired PodInfo ConfigMap (1 extensions) (1 enabled)
2025-01-30 18:45:03,852 INFO c.h.h.t.HelmChartContainer - [hivemq-test-hivemq-platform] [hivemq-platform-operator] [fdbdc7e2] 18:45:03.848 [pool-6-thread-33] DEBUG c.h.p.o.dependants.PodInfoConfigMap - [helmcust] Desired PodInfo ConfigMap (metrics port: 9399) (metrics path: /)
2025-01-30 18:45:03,852 INFO c.h.h.t.HelmChartContainer - [hivemq-test-hivemq-platform] [hivemq-platform-operator] [fdbdc7e2] 18:45:03.848 [pool-6-thread-33] DEBUG c.h.p.o.dependants.PodInfoConfigMap - [helmcust] Desired PodInfo ConfigMap (extension state hash: -1817474005)
2025-01-30 18:45:03,853 INFO c.h.h.t.HelmChartContainer - [hivemq-test-hivemq-platform] [hivemq-platform-operator] [fdbdc7e2] 18:45:03.850 [pool-6-thread-39] DEBUG c.h.p.o.d.PodServiceAccountResource - [helmcust] Desired PodServiceAccountResource (serviceAccountName: hivemq-platform-pod-test-hivemq-platform)
2025-01-30 18:45:03,857 INFO c.h.h.t.HelmChartContainer - [hivemq-test-hivemq-platform] [hivemq-platform-operator] [fdbdc7e2] 18:45:03.856 [pool-6-thread-37] DEBUG c.h.p.o.d.StatefulSetResource - [helmcust] Desired StatefulSet (1 replicas) for status STARTING (READY)
2025-01-30 18:45:03,860 INFO c.h.h.t.HelmChartContainer - [hivemq-test-hivemq-platform] [hivemq-platform-operator] [fdbdc7e2] 18:45:03.860 [ReconcilerExecutor-hivemq-controller-112] INFO  c.h.p.o.HiveMQPlatformReconciler - [helmcust] Reconciling HiveMQ Platform 'test-hivemq-platform' in namespace 'helmcustomlogbackit'
2025-01-30 18:45:03,862 INFO c.h.h.t.HelmChartContainer - [hivemq-test-hivemq-platform] [hivemq-platform-operator] [fdbdc7e2] 18:45:03.860 [ReconcilerExecutor-hivemq-controller-112] DEBUG c.h.p.o.HiveMQPlatformReconciler - [helmcust] Custom Resource Status STARTING - HiveMQ Platform is starting (READY)
2025-01-30 18:45:03,862 INFO c.h.h.t.HelmChartContainer - [hivemq-test-hivemq-platform] [hivemq-platform-operator] [fdbdc7e2] 18:45:03.860 [ReconcilerExecutor-hivemq-controller-112] DEBUG c.h.p.o.HiveMQPlatformReconciler - [helmcust] Custom Resource Spec (replicas: 1) (extensions: 1)
2025-01-30 18:45:03,862 INFO c.h.h.t.HelmChartContainer - [hivemq-test-hivemq-platform] [hivemq-platform-operator] [fdbdc7e2] 18:45:03.861 [ReconcilerExecutor-hivemq-controller-112] DEBUG c.h.p.o.HiveMQPlatformReconciler - [helmcust] StatefulSet Status (revision: test-hivemq-platform-989b74cd6, replicas: 1, available: 0, ready: 0, current: 1, updated: 1)
2025-01-30 18:45:03,863 INFO c.h.h.t.HelmChartContainer - [hivemq-test-hivemq-platform] [hivemq-platform-operator] [fdbdc7e2] 18:45:03.861 [ReconcilerExecutor-hivemq-controller-112] DEBUG c.h.p.o.HiveMQPlatformReconciler - [helmcust] StatefulSet Spec (replicas: 1, init containers: 1, containers: 1, volumes: 3)
2025-01-30 18:45:03,863 INFO c.h.h.t.HelmChartContainer - [hivemq-test-hivemq-platform] [hivemq-platform-operator] [fdbdc7e2] 18:45:03.863 [ReconcilerExecutor-hivemq-controller-112] DEBUG c.h.p.o.h.HiveMQPlatformReconcilerErrorHandler - [helmcust] Pod 'test-hivemq-platform-0' phase Running
2025-01-30 18:45:03,944 INFO c.h.h.t.HelmChartContainer - [hivemq-test-hivemq-platform] [hivemq-platform-operator] [fdbdc7e2] 18:45:03.863 [ReconcilerExecutor-hivemq-controller-112] INFO  c.h.p.o.h.HiveMQPlatformReconcilerBaseHandler - [helmcust] HiveMQ Platform is starting, 0 of 1 replicas are ready
2025-01-30 18:45:05,978 INFO c.h.h.t.HelmChartContainer - [test-hivemq-platform] [hivemq] [de5448f5] INFO  - No valid license file found. Using trial license, restricted to 25 connections.
2025-01-30 18:45:06,439 INFO c.h.h.t.HelmChartContainer - [test-hivemq-platform] [hivemq] [de5448f5] DEBUG - Native Epoll is available on this platform
2025-01-30 18:45:06,531 INFO c.h.h.t.HelmChartContainer - [test-hivemq-platform] [hivemq] [de5448f5] DEBUG - Set extension executor thread pool size to 1
2025-01-30 18:45:06,531 INFO c.h.h.t.HelmChartContainer - [test-hivemq-platform] [hivemq] [de5448f5] DEBUG - Set extension executor thread pool keep-alive to 30 seconds
2025-01-30 18:45:06,575 INFO c.h.h.t.HelmChartContainer - [test-hivemq-platform] [hivemq] [de5448f5] DEBUG - initializing RSA key
2025-01-30 18:45:08,634 INFO c.h.h.t.HelmChartContainer - [test-hivemq-platform] [hivemq] [de5448f5] DEBUG - finished initializing RSA key in 2060ms
2025-01-30 18:45:08,777 INFO c.h.h.t.HelmChartContainer - [test-hivemq-platform] [hivemq] [de5448f5] WARN  - [HiveMQ Platform Operator Init App 1.7.0-SNAPSHOT] Cannot connect to Health API for readiness: null
2025-01-30 18:45:08,781 INFO c.h.h.t.HelmChartContainer - [EVENT] Warning [Unhealthy] Readiness probe failed: HTTP probe failed with statuscode: 503 [helmcustomlogbackit:test-hivemq-platform-0]
2025-01-30 18:45:08,781 INFO c.h.h.t.HelmChartContainer - Received Unhealthy event for container hivemq in pod test-hivemq-platform-0 [de5448f5-1d42-4a0b-ab44-4995e4c7424f]
2025-01-30 18:45:09,879 INFO c.h.h.t.HelmChartContainer - [test-hivemq-platform] [hivemq] [de5448f5] DEBUG - Unable to provide size and free metrics for disk /dev/sdb: Could not find the corresponding FileStore (OSHI/Java).
2025-01-30 18:45:09,879 INFO c.h.h.t.HelmChartContainer - [test-hivemq-platform] [hivemq] [de5448f5] DEBUG - Unable to provide size and free metrics for disk /dev/sda: Could not find the corresponding FileStore (OSHI/Java).
2025-01-30 18:45:09,924 INFO c.h.h.t.HelmChartContainer - [test-hivemq-platform] [hivemq] [de5448f5] DEBUG - Throttling incoming traffic to 0 B/s
2025-01-30 18:45:09,924 INFO c.h.h.t.HelmChartContainer - [test-hivemq-platform] [hivemq] [de5448f5] DEBUG - Throttling outgoing traffic to 0 B/s
2025-01-30 18:45:10,036 INFO c.h.h.t.HelmChartContainer - [test-hivemq-platform] [hivemq] [de5448f5] INFO  - No valid license file for Data Hub found. Using free license, restricted to 1 policy.
2025-01-30 18:45:10,080 INFO c.h.h.t.HelmChartContainer - [test-hivemq-platform] [hivemq] [de5448f5] DEBUG - Building initial topic tree
2025-01-30 18:45:10,326 INFO c.h.h.t.HelmChartContainer - [test-hivemq-platform] [hivemq] [de5448f5] DEBUG - Started JMX Metrics Reporting.
2025-01-30 18:45:10,426 INFO c.h.h.t.HelmChartContainer - [test-hivemq-platform] [hivemq] [de5448f5] DEBUG - Registered JVM metrics with prefix com.hivemq.jvm.
2025-01-30 18:45:10,431 INFO c.h.h.t.HelmChartContainer - [test-hivemq-platform] [hivemq] [de5448f5] DEBUG - Registered HiveMQ Health API metrics.
2025-01-30 18:45:11,329 INFO c.h.h.t.HelmChartContainer - [test-hivemq-platform] [hivemq] [de5448f5] INFO  - Audit Logger started.
2025-01-30 18:45:11,578 INFO c.h.h.t.HelmChartContainer - [test-hivemq-platform] [hivemq] [de5448f5] INFO  - This node uses '1' CPU cores.
2025-01-30 18:45:11,582 INFO c.h.h.t.HelmChartContainer - [test-hivemq-platform] [hivemq] [de5448f5] INFO  - Starting HiveMQ Health API on address 0.0.0.0 and port 8889
2025-01-30 18:45:12,477 INFO c.h.h.t.HelmChartContainer - [test-hivemq-platform] [hivemq] [de5448f5] INFO  - Started HiveMQ Health API in 894ms
2025-01-30 18:45:13,032 INFO c.h.h.t.HelmChartContainer - [test-hivemq-platform] [hivemq] [de5448f5] INFO  - Starting HiveMQ extension system.
2025-01-30 18:45:13,277 INFO c.h.h.t.HelmChartContainer - [test-hivemq-platform] [hivemq] [de5448f5] INFO  - Starting extension with id "hivemq-dns-cluster-discovery" at /opt/hivemq/extensions/hivemq-dns-cluster-discovery
2025-01-30 18:45:13,431 INFO c.h.h.t.HelmChartContainer - [test-hivemq-platform] [hivemq] [de5448f5] DEBUG - HiveMQ DNS Cluster Discovery Extension: No DNS server address was set in the configuration file or environment variable.
2025-01-30 18:45:13,479 INFO c.h.h.t.HelmChartContainer - [test-hivemq-platform] [hivemq] [de5448f5] DEBUG - HiveMQ DNS Cluster Discovery Extension: No reload interval was set in the configuration file or environment variable. Defaulting to 30.
2025-01-30 18:45:13,828 INFO c.h.h.t.HelmChartContainer - [test-hivemq-platform] [hivemq] [de5448f5] INFO  - Using TCP cluster transport on address 10.42.0.9 and port 7000
2025-01-30 18:45:13,875 INFO c.h.h.t.HelmChartContainer - [test-hivemq-platform] [hivemq] [de5448f5] INFO  - Extension "DNS Cluster Discovery Extension" version 4.3.2 started successfully.
2025-01-30 18:45:13,875 INFO c.h.h.t.HelmChartContainer - [test-hivemq-platform] [hivemq] [de5448f5] INFO  - Starting extension with id "hivemq-prometheus-extension" at /opt/hivemq/extensions/hivemq-prometheus-extension
2025-01-30 18:45:13,928 INFO c.h.h.t.HelmChartContainer - [test-hivemq-platform] [hivemq] [de5448f5] INFO  - Using extension cluster discovery
2025-01-30 18:45:13,947 INFO c.h.h.t.HelmChartContainer - [hivemq-test-hivemq-platform] [hivemq-platform-operator] [fdbdc7e2] 18:45:13.946 [pool-6-thread-42] DEBUG c.h.p.o.d.PlatformServiceResource - [helmcust] Desired Platform services (3 services)
2025-01-30 18:45:13,950 INFO c.h.h.t.HelmChartContainer - [hivemq-test-hivemq-platform] [hivemq-platform-operator] [fdbdc7e2] 18:45:13.948 [pool-6-thread-46] DEBUG c.h.p.o.dependants.PodInfoConfigMap - [helmcust] Desired PodInfo ConfigMap (1 extensions) (1 enabled)
2025-01-30 18:45:13,951 INFO c.h.h.t.HelmChartContainer - [hivemq-test-hivemq-platform] [hivemq-platform-operator] [fdbdc7e2] 18:45:13.948 [pool-6-thread-46] DEBUG c.h.p.o.dependants.PodInfoConfigMap - [helmcust] Desired PodInfo ConfigMap (metrics port: 9399) (metrics path: /)
2025-01-30 18:45:13,951 INFO c.h.h.t.HelmChartContainer - [hivemq-test-hivemq-platform] [hivemq-platform-operator] [fdbdc7e2] 18:45:13.948 [pool-6-thread-46] DEBUG c.h.p.o.dependants.PodInfoConfigMap - [helmcust] Desired PodInfo ConfigMap (extension state hash: -1817474005)
2025-01-30 18:45:13,953 INFO c.h.h.t.HelmChartContainer - [hivemq-test-hivemq-platform] [hivemq-platform-operator] [fdbdc7e2] 18:45:13.947 [pool-6-thread-48] DEBUG c.h.p.o.d.PodServiceAccountResource - [helmcust] Desired PodServiceAccountResource (serviceAccountName: hivemq-platform-pod-test-hivemq-platform)
2025-01-30 18:45:13,955 INFO c.h.h.t.HelmChartContainer - [hivemq-test-hivemq-platform] [hivemq-platform-operator] [fdbdc7e2] 18:45:13.954 [pool-6-thread-42] DEBUG c.h.p.o.d.StatefulSetResource - [helmcust] Desired StatefulSet (1 replicas) for status STARTING (READY)
2025-01-30 18:45:13,961 INFO c.h.h.t.HelmChartContainer - [hivemq-test-hivemq-platform] [hivemq-platform-operator] [fdbdc7e2] 18:45:13.959 [ReconcilerExecutor-hivemq-controller-113] INFO  c.h.p.o.HiveMQPlatformReconciler - [helmcust] Reconciling HiveMQ Platform 'test-hivemq-platform' in namespace 'helmcustomlogbackit'
2025-01-30 18:45:13,962 INFO c.h.h.t.HelmChartContainer - [hivemq-test-hivemq-platform] [hivemq-platform-operator] [fdbdc7e2] 18:45:13.960 [ReconcilerExecutor-hivemq-controller-113] DEBUG c.h.p.o.HiveMQPlatformReconciler - [helmcust] Custom Resource Status STARTING - HiveMQ Platform is starting (READY)
2025-01-30 18:45:13,962 INFO c.h.h.t.HelmChartContainer - [hivemq-test-hivemq-platform] [hivemq-platform-operator] [fdbdc7e2] 18:45:13.960 [ReconcilerExecutor-hivemq-controller-113] DEBUG c.h.p.o.HiveMQPlatformReconciler - [helmcust] Custom Resource Spec (replicas: 1) (extensions: 1)
2025-01-30 18:45:14,045 INFO c.h.h.t.HelmChartContainer - [hivemq-test-hivemq-platform] [hivemq-platform-operator] [fdbdc7e2] 18:45:14.044 [ReconcilerExecutor-hivemq-controller-113] DEBUG c.h.p.o.HiveMQPlatformReconciler - [helmcust] StatefulSet Status (revision: test-hivemq-platform-989b74cd6, replicas: 1, available: 0, ready: 0, current: 1, updated: 1)
2025-01-30 18:45:14,046 INFO c.h.h.t.HelmChartContainer - [hivemq-test-hivemq-platform] [hivemq-platform-operator] [fdbdc7e2] 18:45:14.044 [ReconcilerExecutor-hivemq-controller-113] DEBUG c.h.p.o.HiveMQPlatformReconciler - [helmcust] StatefulSet Spec (replicas: 1, init containers: 1, containers: 1, volumes: 3)
2025-01-30 18:45:14,046 INFO c.h.h.t.HelmChartContainer - [hivemq-test-hivemq-platform] [hivemq-platform-operator] [fdbdc7e2] 18:45:14.045 [ReconcilerExecutor-hivemq-controller-113] DEBUG c.h.p.o.h.HiveMQPlatformReconcilerErrorHandler - [helmcust] Pod 'test-hivemq-platform-0' phase Running
2025-01-30 18:45:14,047 INFO c.h.h.t.HelmChartContainer - [hivemq-test-hivemq-platform] [hivemq-platform-operator] [fdbdc7e2] 18:45:14.046 [ReconcilerExecutor-hivemq-controller-113] INFO  c.h.p.o.h.HiveMQPlatformReconcilerBaseHandler - [helmcust] HiveMQ Platform is starting, 0 of 1 replicas are ready
2025-01-30 18:45:14,785 INFO c.h.h.t.HelmChartContainer - [EVENT] Warning [Unhealthy] Readiness probe failed: Get "http://10.42.0.9:7979/readiness": context deadline exceeded (Client.Timeout exceeded while awaiting headers) [helmcustomlogbackit:test-hivemq-platform-0]
2025-01-30 18:45:14,785 INFO c.h.h.t.HelmChartContainer - Received Unhealthy event for container hivemq in pod test-hivemq-platform-0 [de5448f5-1d42-4a0b-ab44-4995e4c7424f]
2025-01-30 18:45:15,075 INFO c.h.h.t.HelmChartContainer - [test-hivemq-platform] [hivemq] [de5448f5] INFO  - Started Jetty Server exposing Prometheus Servlet on URI http://0.0.0.0:9399/
2025-01-30 18:45:15,075 INFO c.h.h.t.HelmChartContainer - [test-hivemq-platform] [hivemq] [de5448f5] INFO  - Extension "Prometheus Monitoring Extension" version 4.0.12 started successfully.
2025-01-30 18:45:15,075 INFO c.h.h.t.HelmChartContainer - [test-hivemq-platform] [hivemq] [de5448f5] INFO  - Starting extension with id "hivemq-allow-all-extension" at /opt/hivemq/extensions/hivemq-allow-all-extension
2025-01-30 18:45:15,076 INFO c.h.h.t.HelmChartContainer - [test-hivemq-platform] [hivemq] [de5448f5] WARN  - 
2025-01-30 18:45:15,077 INFO c.h.h.t.HelmChartContainer - [test-hivemq-platform] [hivemq] [de5448f5] ################################################################################################################
2025-01-30 18:45:15,077 INFO c.h.h.t.HelmChartContainer - [test-hivemq-platform] [hivemq] [de5448f5] # This HiveMQ deployment is not secure! You are lacking Authentication and Authorization.                      #
2025-01-30 18:45:15,077 INFO c.h.h.t.HelmChartContainer - [test-hivemq-platform] [hivemq] [de5448f5] # Right now any MQTT client can connect to the broker with a full set of permissions.                          #
2025-01-30 18:45:15,077 INFO c.h.h.t.HelmChartContainer - [test-hivemq-platform] [hivemq] [de5448f5] # For production usage, add an appropriate security extension and remove the hivemq-allow-all extension.       #
2025-01-30 18:45:15,077 INFO c.h.h.t.HelmChartContainer - [test-hivemq-platform] [hivemq] [de5448f5] # You can download security extensions from the HiveMQ Marketplace (https://www.hivemq.com/extensions/).       #
2025-01-30 18:45:15,077 INFO c.h.h.t.HelmChartContainer - [test-hivemq-platform] [hivemq] [de5448f5] ################################################################################################################
2025-01-30 18:45:15,077 INFO c.h.h.t.HelmChartContainer - [test-hivemq-platform] [hivemq] [de5448f5] DEBUG - Simple authenticator added by extension 'hivemq-allow-all-extension'.
2025-01-30 18:45:15,078 INFO c.h.h.t.HelmChartContainer - [test-hivemq-platform] [hivemq] [de5448f5] INFO  - Extension "Allow All Extension" version 1.1.1 started successfully.
2025-01-30 18:45:15,477 INFO c.h.h.t.HelmChartContainer - [test-hivemq-platform] [hivemq] [de5448f5] INFO  - [HiveMQ Platform Operator Init App 1.7.0-SNAPSHOT] Returning Health API response 503 for readiness
2025-01-30 18:45:15,530 INFO c.h.h.t.HelmChartContainer - [test-hivemq-platform] [hivemq] [de5448f5] DEBUG - HiveMQ DNS Cluster Discovery Extension: Discovered new address '10.42.0.9'.
2025-01-30 18:45:17,531 INFO c.h.h.t.HelmChartContainer - [test-hivemq-platform] [hivemq] [de5448f5] INFO  - L1eo6: no members discovered after 2803 ms: creating cluster as first member
2025-01-30 18:45:17,537 INFO c.h.h.t.HelmChartContainer - [test-hivemq-platform] [hivemq] [de5448f5] INFO  - Cluster nodes found by discovery: [L1eo6|0] (1) [L1eo6].
2025-01-30 18:45:17,540 INFO c.h.h.t.HelmChartContainer - [test-hivemq-platform] [hivemq] [de5448f5] DEBUG - State of node L1eo6 changed to UNKNOWN was null. Current cluster node states: {L1eo6=UNKNOWN}
2025-01-30 18:45:17,626 INFO c.h.h.t.HelmChartContainer - [test-hivemq-platform] [hivemq] [de5448f5] DEBUG - State of node L1eo6 set to RUNNING. Current cluster node states: {L1eo6=RUNNING}
2025-01-30 18:45:17,627 INFO c.h.h.t.HelmChartContainer - [test-hivemq-platform] [hivemq] [de5448f5] WARN  - No user for HiveMQ Control Center configured. Starting with default user
2025-01-30 18:45:17,628 INFO c.h.h.t.HelmChartContainer - [test-hivemq-platform] [hivemq] [de5448f5] INFO  - Starting HiveMQ Control Center on address 0.0.0.0 and port 8080
2025-01-30 18:45:17,630 INFO c.h.h.t.HelmChartContainer - [test-hivemq-platform] [hivemq] [de5448f5] INFO  - Mounting HiveMQ Control Center V2 Preview
2025-01-30 18:45:18,241 INFO c.h.h.t.HelmChartContainer - [test-hivemq-platform] [hivemq] [de5448f5] INFO  - Started HiveMQ Control Center in 614ms
2025-01-30 18:45:18,255 INFO c.h.h.t.HelmChartContainer - [test-hivemq-platform] [hivemq] [de5448f5] INFO  - Starting TCP listener on address 0.0.0.0 and port 1883
2025-01-30 18:45:18,334 INFO c.h.h.t.HelmChartContainer - [test-hivemq-platform] [hivemq] [de5448f5] INFO  - Started TCP Listener on address 0.0.0.0 and on port 1883.
2025-01-30 18:45:18,334 INFO c.h.h.t.HelmChartContainer - [test-hivemq-platform] [hivemq] [de5448f5] INFO  - Started HiveMQ in 32809ms
2025-01-30 18:45:18,745 INFO c.h.h.t.HelmChartContainer - [test-hivemq-platform] [hivemq] [de5448f5] INFO  - [HiveMQ Platform Operator Init App 1.7.0-SNAPSHOT] Returning Health API response 200 for readiness
2025-01-30 18:45:18,760 INFO c.h.h.t.HelmChartContainer - [POD] test-hivemq-platform-0 [de5448f5-1d42-4a0b-ab44-4995e4c7424f] in helmcustomlogbackit was MODIFIED
2025-01-30 18:45:18,771 INFO c.h.h.t.HelmChartContainer - [hivemq-test-hivemq-platform] [hivemq-platform-operator] [fdbdc7e2] 18:45:18.767 [pool-6-thread-1] DEBUG c.h.p.o.d.PlatformServiceResource - [helmcust] Desired Platform services (3 services)
2025-01-30 18:45:18,771 INFO c.h.h.t.HelmChartContainer - [hivemq-test-hivemq-platform] [hivemq-platform-operator] [fdbdc7e2] 18:45:18.768 [pool-6-thread-8] DEBUG c.h.p.o.dependants.PodInfoConfigMap - [helmcust] Desired PodInfo ConfigMap (1 extensions) (1 enabled)
2025-01-30 18:45:18,773 INFO c.h.h.t.HelmChartContainer - [hivemq-test-hivemq-platform] [hivemq-platform-operator] [fdbdc7e2] 18:45:18.768 [pool-6-thread-8] DEBUG c.h.p.o.dependants.PodInfoConfigMap - [helmcust] Desired PodInfo ConfigMap (metrics port: 9399) (metrics path: /)
2025-01-30 18:45:18,773 INFO c.h.h.t.HelmChartContainer - [hivemq-test-hivemq-platform] [hivemq-platform-operator] [fdbdc7e2] 18:45:18.768 [pool-6-thread-8] DEBUG c.h.p.o.dependants.PodInfoConfigMap - [helmcust] Desired PodInfo ConfigMap (extension state hash: -1817474005)
2025-01-30 18:45:18,774 INFO c.h.h.t.HelmChartContainer - [hivemq-test-hivemq-platform] [hivemq-platform-operator] [fdbdc7e2] 18:45:18.769 [pool-6-thread-2] DEBUG c.h.p.o.d.PodServiceAccountResource - [helmcust] Desired PodServiceAccountResource (serviceAccountName: hivemq-platform-pod-test-hivemq-platform)
2025-01-30 18:45:18,861 INFO c.h.h.t.HelmChartContainer - [hivemq-test-hivemq-platform] [hivemq-platform-operator] [fdbdc7e2] 18:45:18.860 [pool-6-thread-1] DEBUG c.h.p.o.d.StatefulSetResource - [helmcust] Desired StatefulSet (1 replicas) for status STARTING (READY)
2025-01-30 18:45:18,865 INFO c.h.h.t.HelmChartContainer - [hivemq-test-hivemq-platform] [hivemq-platform-operator] [fdbdc7e2] 18:45:18.863 [ReconcilerExecutor-hivemq-controller-114] INFO  c.h.p.o.HiveMQPlatformReconciler - [helmcust] Reconciling HiveMQ Platform 'test-hivemq-platform' in namespace 'helmcustomlogbackit'
2025-01-30 18:45:18,866 INFO c.h.h.t.HelmChartContainer - [hivemq-test-hivemq-platform] [hivemq-platform-operator] [fdbdc7e2] 18:45:18.863 [ReconcilerExecutor-hivemq-controller-114] DEBUG c.h.p.o.HiveMQPlatformReconciler - [helmcust] Custom Resource Status STARTING - HiveMQ Platform is starting (READY)
2025-01-30 18:45:18,866 INFO c.h.h.t.HelmChartContainer - [hivemq-test-hivemq-platform] [hivemq-platform-operator] [fdbdc7e2] 18:45:18.863 [ReconcilerExecutor-hivemq-controller-114] DEBUG c.h.p.o.HiveMQPlatformReconciler - [helmcust] Custom Resource Spec (replicas: 1) (extensions: 1)
2025-01-30 18:45:18,867 INFO c.h.h.t.HelmChartContainer - [hivemq-test-hivemq-platform] [hivemq-platform-operator] [fdbdc7e2] 18:45:18.866 [ReconcilerExecutor-hivemq-controller-114] DEBUG c.h.p.o.HiveMQPlatformReconciler - [helmcust] StatefulSet Status (revision: test-hivemq-platform-989b74cd6, replicas: 1, available: 1, ready: 1, current: 1, updated: 1)
2025-01-30 18:45:18,867 INFO c.h.h.t.HelmChartContainer - [hivemq-test-hivemq-platform] [hivemq-platform-operator] [fdbdc7e2] 18:45:18.866 [ReconcilerExecutor-hivemq-controller-114] DEBUG c.h.p.o.HiveMQPlatformReconciler - [helmcust] StatefulSet Spec (replicas: 1, init containers: 1, containers: 1, volumes: 3)
2025-01-30 18:45:18,868 INFO c.h.h.t.HelmChartContainer - [hivemq-test-hivemq-platform] [hivemq-platform-operator] [fdbdc7e2] 18:45:18.867 [ReconcilerExecutor-hivemq-controller-114] DEBUG c.h.p.o.h.HiveMQPlatformReconcilerErrorHandler - [helmcust] Pod 'test-hivemq-platform-0' phase Running
2025-01-30 18:45:18,869 INFO c.h.h.t.HelmChartContainer - [hivemq-test-hivemq-platform] [hivemq-platform-operator] [fdbdc7e2] 18:45:18.868 [ReconcilerExecutor-hivemq-controller-114] INFO  c.h.p.o.h.HiveMQPlatformReconcilerBaseHandler - [helmcust] HiveMQ Platform started successfully
2025-01-30 18:45:18,971 INFO c.h.h.t.HelmChartContainer - [hivemq-test-hivemq-platform] [hivemq-platform-operator] [fdbdc7e2] 18:45:18.970 [ReconcilerExecutor-hivemq-controller-114] DEBUG c.h.p.operator.event.EventSender - [helmcust] Creating K8s event hivemq-platform-ready: [Ready] HiveMQ Platform is ready
2025-01-30 18:45:18,974 INFO c.h.h.t.HelmChartContainer - [EVENT] Normal [Ready] HiveMQ Platform is ready [helmcustomlogbackit:test-hivemq-platform]
2025-01-30 18:45:18,976 INFO c.h.h.t.HelmChartContainer - [hivemq-test-hivemq-platform] [hivemq-platform-operator] [fdbdc7e2] 18:45:18.974 [ReconcilerExecutor-hivemq-controller-114] INFO  c.h.p.o.h.AbstractHiveMQReconcilerStateHandler - [helmcust] Update HiveMQ Platform Status (STARTING [READY] -> RUNNING [READY]): HiveMQ Platform is ready
2025-01-30 18:45:18,983 DEBUG com.hivemq.helmcharts.util.K8sUtil - Comparing actual state 'RUNNING' and waiting for 'RUNNING'
2025-01-30 18:45:19,044 INFO c.h.h.t.HelmChartContainer - [hivemq-test-hivemq-platform] [hivemq-platform-operator] [fdbdc7e2] 18:45:19.043 [pool-6-thread-19] DEBUG c.h.p.o.d.PlatformServiceResource - [helmcust] Desired Platform services (3 services)
2025-01-30 18:45:19,064 INFO c.h.h.t.HelmChartContainer - [hivemq-test-hivemq-platform] [hivemq-platform-operator] [fdbdc7e2] 18:45:19.060 [pool-6-thread-14] DEBUG c.h.p.o.dependants.PodInfoConfigMap - [helmcust] Desired PodInfo ConfigMap (1 extensions) (1 enabled)
2025-01-30 18:45:19,065 INFO c.h.h.t.HelmChartContainer - [hivemq-test-hivemq-platform] [hivemq-platform-operator] [fdbdc7e2] 18:45:19.060 [pool-6-thread-14] DEBUG c.h.p.o.dependants.PodInfoConfigMap - [helmcust] Desired PodInfo ConfigMap (metrics port: 9399) (metrics path: /)
2025-01-30 18:45:19,065 INFO c.h.h.t.HelmChartContainer - [hivemq-test-hivemq-platform] [hivemq-platform-operator] [fdbdc7e2] 18:45:19.060 [pool-6-thread-14] DEBUG c.h.p.o.dependants.PodInfoConfigMap - [helmcust] Desired PodInfo ConfigMap (extension state hash: -1817474005)
2025-01-30 18:45:19,065 INFO c.h.h.t.HelmChartContainer - [hivemq-test-hivemq-platform] [hivemq-platform-operator] [fdbdc7e2] 18:45:19.063 [pool-6-thread-14] DEBUG c.h.p.o.dependants.PodInfoConfigMap - [helmcust] Update PodInfo ConfigMap
2025-01-30 18:45:19,070 INFO c.h.h.t.HelmChartContainer - [hivemq-test-hivemq-platform] [hivemq-platform-operator] [fdbdc7e2] 18:45:19.065 [pool-6-thread-11] DEBUG c.h.p.o.d.PodServiceAccountResource - [helmcust] Desired PodServiceAccountResource (serviceAccountName: hivemq-platform-pod-test-hivemq-platform)
2025-01-30 18:45:19,089 DEBUG com.hivemq.helmcharts.util.PodUtil - Received status for command '[cat, /opt/hivemq/conf/logback.xml]' on pod 'test-hivemq-platform-0' (exit code: 0)
2025-01-30 18:45:19,090 INFO c.h.h.t.HelmChartContainer - Uninstalling release 'test-hivemq-platform' in namespace 'helmcustomlogbackit'...
2025-01-30 18:45:19,090 DEBUG c.h.h.t.HelmChartContainer - Executing helm command: /bin/helm --kubeconfig /etc/rancher/k3s/k3s.yaml uninstall test-hivemq-platform  --wait --timeout 5m0s --cascade foreground --namespace helmcustomlogbackit
2025-01-30 18:45:19,162 INFO c.h.h.t.HelmChartContainer - [hivemq-test-hivemq-platform] [hivemq-platform-operator] [fdbdc7e2] 18:45:19.161 [pool-6-thread-14] DEBUG c.h.p.o.d.StatefulSetResource - [helmcust] Desired StatefulSet (1 replicas) for status RUNNING (READY)
2025-01-30 18:45:19,165 INFO c.h.h.t.HelmChartContainer - [hivemq-test-hivemq-platform] [hivemq-platform-operator] [fdbdc7e2] 18:45:19.164 [ReconcilerExecutor-hivemq-controller-115] INFO  c.h.p.o.HiveMQPlatformReconciler - [helmcust] Reconciling HiveMQ Platform 'test-hivemq-platform' in namespace 'helmcustomlogbackit'
2025-01-30 18:45:19,166 INFO c.h.h.t.HelmChartContainer - [hivemq-test-hivemq-platform] [hivemq-platform-operator] [fdbdc7e2] 18:45:19.164 [ReconcilerExecutor-hivemq-controller-115] DEBUG c.h.p.o.HiveMQPlatformReconciler - [helmcust] Custom Resource Status RUNNING - HiveMQ Platform is ready (READY)
2025-01-30 18:45:19,166 INFO c.h.h.t.HelmChartContainer - [hivemq-test-hivemq-platform] [hivemq-platform-operator] [fdbdc7e2] 18:45:19.164 [ReconcilerExecutor-hivemq-controller-115] DEBUG c.h.p.o.HiveMQPlatformReconciler - [helmcust] Custom Resource Spec (replicas: 1) (extensions: 1)
2025-01-30 18:45:19,168 INFO c.h.h.t.HelmChartContainer - [hivemq-test-hivemq-platform] [hivemq-platform-operator] [fdbdc7e2] 18:45:19.165 [ReconcilerExecutor-hivemq-controller-115] DEBUG c.h.p.o.HiveMQPlatformReconciler - [helmcust] StatefulSet Status (revision: test-hivemq-platform-989b74cd6, replicas: 1, available: 1, ready: 1, current: 1, updated: 1)
2025-01-30 18:45:19,168 INFO c.h.h.t.HelmChartContainer - [hivemq-test-hivemq-platform] [hivemq-platform-operator] [fdbdc7e2] 18:45:19.166 [ReconcilerExecutor-hivemq-controller-115] DEBUG c.h.p.o.HiveMQPlatformReconciler - [helmcust] StatefulSet Spec (replicas: 1, init containers: 1, containers: 1, volumes: 3)
2025-01-30 18:45:19,168 INFO c.h.h.t.HelmChartContainer - [hivemq-test-hivemq-platform] [hivemq-platform-operator] [fdbdc7e2] 18:45:19.167 [ReconcilerExecutor-hivemq-controller-115] DEBUG c.h.p.o.h.HiveMQPlatformReconcilerErrorHandler - [helmcust] Pod 'test-hivemq-platform-0' phase Running
2025-01-30 18:45:19,281 INFO c.h.h.t.HelmChartContainer - [hivemq-test-hivemq-platform] [hivemq-platform-operator] [fdbdc7e2] 18:45:19.278 [pool-6-thread-29] DEBUG c.h.p.o.d.PlatformServiceResource - [helmcust] Desired Platform services (3 services)
2025-01-30 18:45:19,287 INFO c.h.h.t.HelmChartContainer - [hivemq-test-hivemq-platform] [hivemq-platform-operator] [fdbdc7e2] 18:45:19.283 [pool-6-thread-22] DEBUG c.h.p.o.dependants.PodInfoConfigMap - [helmcust] Desired PodInfo ConfigMap (1 extensions) (1 enabled)
2025-01-30 18:45:19,287 INFO c.h.h.t.HelmChartContainer - [hivemq-test-hivemq-platform] [hivemq-platform-operator] [fdbdc7e2] 18:45:19.283 [pool-6-thread-22] DEBUG c.h.p.o.dependants.PodInfoConfigMap - [helmcust] Desired PodInfo ConfigMap (metrics port: 9399) (metrics path: /)
2025-01-30 18:45:19,287 INFO c.h.h.t.HelmChartContainer - [hivemq-test-hivemq-platform] [hivemq-platform-operator] [fdbdc7e2] 18:45:19.283 [pool-6-thread-22] DEBUG c.h.p.o.dependants.PodInfoConfigMap - [helmcust] Desired PodInfo ConfigMap (extension state hash: -1817474005)
2025-01-30 18:45:19,287 INFO c.h.h.t.HelmChartContainer - [hivemq-test-hivemq-platform] [hivemq-platform-operator] [fdbdc7e2] 18:45:19.284 [pool-6-thread-22] DEBUG c.h.p.o.d.PodServiceAccountResource - [helmcust] Desired PodServiceAccountResource (serviceAccountName: hivemq-platform-pod-test-hivemq-platform)
2025-01-30 18:45:19,297 INFO c.h.h.t.HelmChartContainer - [hivemq-test-hivemq-platform] [hivemq-platform-operator] [fdbdc7e2] 18:45:19.291 [pool-6-thread-29] DEBUG c.h.p.o.d.StatefulSetResource - [helmcust] Desired StatefulSet (1 replicas) for status RUNNING (READY)
2025-01-30 18:45:19,340 INFO c.h.h.t.HelmChartContainer - [test-hivemq-platform] [hivemq] [de5448f5] WARN  - [HiveMQ Platform Operator Init App 1.7.0-SNAPSHOT] Could not update Pod annotations: Failure executing: GET at: https://10.43.0.1:443/api/v1/namespaces/helmcustomlogbackit/pods/test-hivemq-platform-0. Message: pods "test-hivemq-platform-0" is forbidden: User "system:serviceaccount:helmcustomlogbackit:hivemq-platform-pod-test-hivemq-platform" cannot get resource "pods" in API group "" in the namespace "helmcustomlogbackit". Received status: Status(apiVersion=v1, code=403, details=StatusDetails(causes=[], group=null, kind=pods, name=test-hivemq-platform-0, retryAfterSeconds=null, uid=null, additionalProperties={}), kind=Status, message=pods "test-hivemq-platform-0" is forbidden: User "system:serviceaccount:helmcustomlogbackit:hivemq-platform-pod-test-hivemq-platform" cannot get resource "pods" in API group "" in the namespace "helmcustomlogbackit", metadata=ListMeta(_continue=null, remainingItemCount=null, resourceVersion=null, selfLink=null, additionalProperties={}), reason=Forbidden, status=Failure, additionalProperties={}).
2025-01-30 18:45:19,363 INFO c.h.h.t.HelmChartContainer - [hivemq-test-hivemq-platform] [hivemq-platform-operator] [fdbdc7e2] 18:45:19.362 [ReconcilerExecutor-hivemq-controller-116] INFO  c.h.p.o.HiveMQPlatformReconciler - [helmcust] Reconciling HiveMQ Platform 'test-hivemq-platform' in namespace 'helmcustomlogbackit'
2025-01-30 18:45:19,364 INFO c.h.h.t.HelmChartContainer - [hivemq-test-hivemq-platform] [hivemq-platform-operator] [fdbdc7e2] 18:45:19.362 [ReconcilerExecutor-hivemq-controller-116] DEBUG c.h.p.o.HiveMQPlatformReconciler - [helmcust] Custom Resource Status RUNNING - HiveMQ Platform is ready (READY)
2025-01-30 18:45:19,364 INFO c.h.h.t.HelmChartContainer - [hivemq-test-hivemq-platform] [hivemq-platform-operator] [fdbdc7e2] 18:45:19.362 [ReconcilerExecutor-hivemq-controller-116] DEBUG c.h.p.o.HiveMQPlatformReconciler - [helmcust] Custom Resource Spec (replicas: 1) (extensions: 1)
2025-01-30 18:45:19,365 INFO c.h.h.t.HelmChartContainer - [hivemq-test-hivemq-platform] [hivemq-platform-operator] [fdbdc7e2] 18:45:19.362 [ReconcilerExecutor-hivemq-controller-116] WARN  c.h.p.o.h.HiveMQPlatformReconcilerErrorHandler - [helmcust] Could not find ConfigMap 'hivemq-configuration-test-hivemq-platform' for HiveMQ Platform configuration
2025-01-30 18:45:19,475 INFO c.h.h.t.HelmChartContainer - [hivemq-test-hivemq-platform] [hivemq-platform-operator] [fdbdc7e2] 18:45:19.474 [ReconcilerExecutor-hivemq-controller-116] DEBUG c.h.p.operator.event.EventSender - [helmcust] Creating K8s event hivemq-platform-invalid-configuration: [Start] Could not find ConfigMap 'hivemq-configuration-test-hivemq-platform' for HiveMQ Platform configuration
2025-01-30 18:45:19,478 INFO c.h.h.t.HelmChartContainer - [EVENT] Warning [Start] Could not find ConfigMap 'hivemq-configuration-test-hivemq-platform' for HiveMQ Platform configuration [helmcustomlogbackit:test-hivemq-platform]
2025-01-30 18:45:19,561 INFO c.h.h.t.HelmChartContainer - [hivemq-test-hivemq-platform] [hivemq-platform-operator] [fdbdc7e2] 18:45:19.558 [ReconcilerExecutor-hivemq-controller-116] INFO  c.h.p.o.h.AbstractHiveMQReconcilerStateHandler - [helmcust] Update HiveMQ Platform Status (RUNNING [READY] -> ERROR [INVALID_CONFIG_MAP]): Could not find ConfigMap 'hivemq-configuration-test-hivemq-platform' for HiveMQ Platform configuration
2025-01-30 18:45:19,571 INFO c.h.h.t.HelmChartContainer - [hivemq-test-hivemq-platform] [hivemq-platform-operator] [fdbdc7e2] 18:45:19.568 [ReconcilerExecutor-hivemq-controller-116] ERROR i.j.o.p.event.EventProcessor - Error during event processing ExecutionScope{ resource id: ResourceID{name='test-hivemq-platform', namespace='helmcustomlogbackit'}, version: 900}
2025-01-30 18:45:19,572 INFO c.h.h.t.HelmChartContainer - [hivemq-test-hivemq-platform] [hivemq-platform-operator] [fdbdc7e2] io.fabric8.kubernetes.client.KubernetesClientException: Failure executing: PUT at: https://10.43.0.1:443/apis/hivemq.com/v1/namespaces/helmcustomlogbackit/hivemq-platforms/test-hivemq-platform/status. Message: Operation cannot be fulfilled on hivemq-platforms.hivemq.com "test-hivemq-platform": the object has been modified; please apply your changes to the latest version and try again. Received status: Status(apiVersion=v1, code=409, details=StatusDetails(causes=[], group=hivemq.com, kind=hivemq-platforms, name=test-hivemq-platform, retryAfterSeconds=null, uid=null, additionalProperties={}), kind=Status, message=Operation cannot be fulfilled on hivemq-platforms.hivemq.com "test-hivemq-platform": the object has been modified; please apply your changes to the latest version and try again, metadata=ListMeta(_continue=null, remainingItemCount=null, resourceVersion=null, selfLink=null, additionalProperties={}), reason=Conflict, status=Failure, additionalProperties={}).
2025-01-30 18:45:19,574 INFO c.h.h.t.HelmChartContainer - [hivemq-test-hivemq-platform] [hivemq-platform-operator] [fdbdc7e2] 	at io.fabric8.kubernetes.client.KubernetesClientException.copyAsCause(KubernetesClientException.java:238)
2025-01-30 18:45:19,574 INFO c.h.h.t.HelmChartContainer - [hivemq-test-hivemq-platform] [hivemq-platform-operator] [fdbdc7e2] 	at io.fabric8.kubernetes.client.dsl.internal.OperationSupport.waitForResult(OperationSupport.java:507)
2025-01-30 18:45:19,574 INFO c.h.h.t.HelmChartContainer - [hivemq-test-hivemq-platform] [hivemq-platform-operator] [fdbdc7e2] 	at io.fabric8.kubernetes.client.dsl.internal.OperationSupport.handleResponse(OperationSupport.java:524)
2025-01-30 18:45:19,574 INFO c.h.h.t.HelmChartContainer - [hivemq-test-hivemq-platform] [hivemq-platform-operator] [fdbdc7e2] 	at io.fabric8.kubernetes.client.dsl.internal.OperationSupport.handleUpdate(OperationSupport.java:358)
2025-01-30 18:45:19,574 INFO c.h.h.t.HelmChartContainer - [hivemq-test-hivemq-platform] [hivemq-platform-operator] [fdbdc7e2] 	at io.fabric8.kubernetes.client.dsl.internal.BaseOperation.handleUpdate(BaseOperation.java:759)
2025-01-30 18:45:19,574 INFO c.h.h.t.HelmChartContainer - [hivemq-test-hivemq-platform] [hivemq-platform-operator] [fdbdc7e2] 	at io.fabric8.kubernetes.client.dsl.internal.HasMetadataOperation.update(HasMetadataOperation.java:138)
2025-01-30 18:45:19,574 INFO c.h.h.t.HelmChartContainer - [hivemq-test-hivemq-platform] [hivemq-platform-operator] [fdbdc7e2] 	at io.fabric8.kubernetes.client.dsl.internal.HasMetadataOperation.update(HasMetadataOperation.java:121)
2025-01-30 18:45:19,574 INFO c.h.h.t.HelmChartContainer - [hivemq-test-hivemq-platform] [hivemq-platform-operator] [fdbdc7e2] 	at io.fabric8.kubernetes.client.dsl.internal.HasMetadataOperation.updateStatus(HasMetadataOperation.java:126)
2025-01-30 18:45:19,574 INFO c.h.h.t.HelmChartContainer - [hivemq-test-hivemq-platform] [hivemq-platform-operator] [fdbdc7e2] 	at io.fabric8.kubernetes.client.dsl.internal.HasMetadataOperation.updateStatus(HasMetadataOperation.java:44)
2025-01-30 18:45:19,574 INFO c.h.h.t.HelmChartContainer - [hivemq-test-hivemq-platform] [hivemq-platform-operator] [fdbdc7e2] 	at io.javaoperatorsdk.operator.processing.event.ReconciliationDispatcher$CustomResourceFacade.updateStatus(ReconciliationDispatcher.java:408)
2025-01-30 18:45:19,574 INFO c.h.h.t.HelmChartContainer - [hivemq-test-hivemq-platform] [hivemq-platform-operator] [fdbdc7e2] 	at io.javaoperatorsdk.operator.processing.event.ReconciliationDispatcher.updateStatusGenerationAware(ReconciliationDispatcher.java:228)
2025-01-30 18:45:19,574 INFO c.h.h.t.HelmChartContainer - [hivemq-test-hivemq-platform] [hivemq-platform-operator] [fdbdc7e2] 	at io.javaoperatorsdk.operator.processing.event.ReconciliationDispatcher.reconcileExecution(ReconciliationDispatcher.java:150)
2025-01-30 18:45:19,574 INFO c.h.h.t.HelmChartContainer - [hivemq-test-hivemq-platform] [hivemq-platform-operator] [fdbdc7e2] 	at io.javaoperatorsdk.operator.processing.event.ReconciliationDispatcher.handleReconcile(ReconciliationDispatcher.java:117)
2025-01-30 18:45:19,574 INFO c.h.h.t.HelmChartContainer - [hivemq-test-hivemq-platform] [hivemq-platform-operator] [fdbdc7e2] 	at io.javaoperatorsdk.operator.processing.event.ReconciliationDispatcher.handleDispatch(ReconciliationDispatcher.java:91)
2025-01-30 18:45:19,574 INFO c.h.h.t.HelmChartContainer - [hivemq-test-hivemq-platform] [hivemq-platform-operator] [fdbdc7e2] 	at io.javaoperatorsdk.operator.processing.event.ReconciliationDispatcher.handleExecution(ReconciliationDispatcher.java:64)
2025-01-30 18:45:19,574 INFO c.h.h.t.HelmChartContainer - [hivemq-test-hivemq-platform] [hivemq-platform-operator] [fdbdc7e2] 	at io.javaoperatorsdk.operator.processing.event.EventProcessor$ReconcilerExecutor.run(EventProcessor.java:452)
2025-01-30 18:45:19,574 INFO c.h.h.t.HelmChartContainer - [hivemq-test-hivemq-platform] [hivemq-platform-operator] [fdbdc7e2] 	at java.base/java.util.concurrent.ThreadPoolExecutor.runWorker(Unknown Source)
2025-01-30 18:45:19,574 INFO c.h.h.t.HelmChartContainer - [hivemq-test-hivemq-platform] [hivemq-platform-operator] [fdbdc7e2] 	at java.base/java.util.concurrent.ThreadPoolExecutor$Worker.run(Unknown Source)
2025-01-30 18:45:19,574 INFO c.h.h.t.HelmChartContainer - [hivemq-test-hivemq-platform] [hivemq-platform-operator] [fdbdc7e2] 	at java.base/java.lang.Thread.run(Unknown Source)
2025-01-30 18:45:19,574 INFO c.h.h.t.HelmChartContainer - [hivemq-test-hivemq-platform] [hivemq-platform-operator] [fdbdc7e2] Caused by: io.fabric8.kubernetes.client.KubernetesClientException: Failure executing: PUT at: https://10.43.0.1:443/apis/hivemq.com/v1/namespaces/helmcustomlogbackit/hivemq-platforms/test-hivemq-platform/status. Message: Operation cannot be fulfilled on hivemq-platforms.hivemq.com "test-hivemq-platform": the object has been modified; please apply your changes to the latest version and try again. Received status: Status(apiVersion=v1, code=409, details=StatusDetails(causes=[], group=hivemq.com, kind=hivemq-platforms, name=test-hivemq-platform, retryAfterSeconds=null, uid=null, additionalProperties={}), kind=Status, message=Operation cannot be fulfilled on hivemq-platforms.hivemq.com "test-hivemq-platform": the object has been modified; please apply your changes to the latest version and try again, metadata=ListMeta(_continue=null, remainingItemCount=null, resourceVersion=null, selfLink=null, additionalProperties={}), reason=Conflict, status=Failure, additionalProperties={}).
2025-01-30 18:45:19,574 INFO c.h.h.t.HelmChartContainer - [hivemq-test-hivemq-platform] [hivemq-platform-operator] [fdbdc7e2] 	at io.fabric8.kubernetes.client.dsl.internal.OperationSupport.requestFailure(OperationSupport.java:660)
2025-01-30 18:45:19,574 INFO c.h.h.t.HelmChartContainer - [hivemq-test-hivemq-platform] [hivemq-platform-operator] [fdbdc7e2] 	at io.fabric8.kubernetes.client.dsl.internal.OperationSupport.requestFailure(OperationSupport.java:640)
2025-01-30 18:45:19,574 INFO c.h.h.t.HelmChartContainer - [hivemq-test-hivemq-platform] [hivemq-platform-operator] [fdbdc7e2] 	at io.fabric8.kubernetes.client.dsl.internal.OperationSupport.assertResponseCode(OperationSupport.java:589)
2025-01-30 18:45:19,574 INFO c.h.h.t.HelmChartContainer - [hivemq-test-hivemq-platform] [hivemq-platform-operator] [fdbdc7e2] 	at io.fabric8.kubernetes.client.dsl.internal.OperationSupport.lambda$handleResponse$0(OperationSupport.java:549)
2025-01-30 18:45:19,574 INFO c.h.h.t.HelmChartContainer - [hivemq-test-hivemq-platform] [hivemq-platform-operator] [fdbdc7e2] 	at java.base/java.util.concurrent.CompletableFuture$UniApply.tryFire(Unknown Source)
2025-01-30 18:45:19,574 INFO c.h.h.t.HelmChartContainer - [hivemq-test-hivemq-platform] [hivemq-platform-operator] [fdbdc7e2] 	at java.base/java.util.concurrent.CompletableFuture.postComplete(Unknown Source)
2025-01-30 18:45:19,574 INFO c.h.h.t.HelmChartContainer - [hivemq-test-hivemq-platform] [hivemq-platform-operator] [fdbdc7e2] 	at java.base/java.util.concurrent.CompletableFuture.complete(Unknown Source)
2025-01-30 18:45:19,574 INFO c.h.h.t.HelmChartContainer - [hivemq-test-hivemq-platform] [hivemq-platform-operator] [fdbdc7e2] 	at io.fabric8.kubernetes.client.http.StandardHttpClient.lambda$completeOrCancel$10(StandardHttpClient.java:141)
2025-01-30 18:45:19,574 INFO c.h.h.t.HelmChartContainer - [hivemq-test-hivemq-platform] [hivemq-platform-operator] [fdbdc7e2] 	at java.base/java.util.concurrent.CompletableFuture.uniWhenComplete(Unknown Source)
2025-01-30 18:45:19,574 INFO c.h.h.t.HelmChartContainer - [hivemq-test-hivemq-platform] [hivemq-platform-operator] [fdbdc7e2] 	at java.base/java.util.concurrent.CompletableFuture$UniWhenComplete.tryFire(Unknown Source)
2025-01-30 18:45:19,574 INFO c.h.h.t.HelmChartContainer - [hivemq-test-hivemq-platform] [hivemq-platform-operator] [fdbdc7e2] 	at java.base/java.util.concurrent.CompletableFuture.postComplete(Unknown Source)
2025-01-30 18:45:19,574 INFO c.h.h.t.HelmChartContainer - [hivemq-test-hivemq-platform] [hivemq-platform-operator] [fdbdc7e2] 	at java.base/java.util.concurrent.CompletableFuture.complete(Unknown Source)
2025-01-30 18:45:19,574 INFO c.h.h.t.HelmChartContainer - [hivemq-test-hivemq-platform] [hivemq-platform-operator] [fdbdc7e2] 	at io.fabric8.kubernetes.client.http.ByteArrayBodyHandler.onBodyDone(ByteArrayBodyHandler.java:51)
2025-01-30 18:45:19,574 INFO c.h.h.t.HelmChartContainer - [hivemq-test-hivemq-platform] [hivemq-platform-operator] [fdbdc7e2] 	at java.base/java.util.concurrent.CompletableFuture.uniWhenComplete(Unknown Source)
2025-01-30 18:45:19,574 INFO c.h.h.t.HelmChartContainer - [hivemq-test-hivemq-platform] [hivemq-platform-operator] [fdbdc7e2] 	at java.base/java.util.concurrent.CompletableFuture$UniWhenComplete.tryFire(Unknown Source)
2025-01-30 18:45:19,574 INFO c.h.h.t.HelmChartContainer - [hivemq-test-hivemq-platform] [hivemq-platform-operator] [fdbdc7e2] 	at java.base/java.util.concurrent.CompletableFuture.postComplete(Unknown Source)
2025-01-30 18:45:19,574 INFO c.h.h.t.HelmChartContainer - [hivemq-test-hivemq-platform] [hivemq-platform-operator] [fdbdc7e2] 	at java.base/java.util.concurrent.CompletableFuture.complete(Unknown Source)
2025-01-30 18:45:19,574 INFO c.h.h.t.HelmChartContainer - [hivemq-test-hivemq-platform] [hivemq-platform-operator] [fdbdc7e2] 	at io.fabric8.kubernetes.client.vertx.VertxHttpRequest.lambda$null$1(VertxHttpRequest.java:121)
2025-01-30 18:45:19,574 INFO c.h.h.t.HelmChartContainer - [hivemq-test-hivemq-platform] [hivemq-platform-operator] [fdbdc7e2] 	at io.vertx.core.impl.ContextInternal.dispatch(ContextInternal.java:279)
2025-01-30 18:45:19,574 INFO c.h.h.t.HelmChartContainer - [hivemq-test-hivemq-platform] [hivemq-platform-operator] [fdbdc7e2] 	at io.vertx.core.impl.ContextInternal.dispatch(ContextInternal.java:261)
2025-01-30 18:45:19,574 INFO c.h.h.t.HelmChartContainer - [hivemq-test-hivemq-platform] [hivemq-platform-operator] [fdbdc7e2] 	at io.vertx.core.http.impl.HttpEventHandler.handleEnd(HttpEventHandler.java:76)
2025-01-30 18:45:19,574 INFO c.h.h.t.HelmChartContainer - [hivemq-test-hivemq-platform] [hivemq-platform-operator] [fdbdc7e2] 	at io.vertx.core.http.impl.HttpClientResponseImpl.handleEnd(HttpClientResponseImpl.java:250)
2025-01-30 18:45:19,574 INFO c.h.h.t.HelmChartContainer - [hivemq-test-hivemq-platform] [hivemq-platform-operator] [fdbdc7e2] 	at io.vertx.core.http.impl.Http1xClientConnection$StreamImpl.lambda$new$0(Http1xClientConnection.java:421)
2025-01-30 18:45:19,574 INFO c.h.h.t.HelmChartContainer - [hivemq-test-hivemq-platform] [hivemq-platform-operator] [fdbdc7e2] 	at io.vertx.core.streams.impl.InboundBuffer.handleEvent(InboundBuffer.java:279)
2025-01-30 18:45:19,574 INFO c.h.h.t.HelmChartContainer - [hivemq-test-hivemq-platform] [hivemq-platform-operator] [fdbdc7e2] 	at io.vertx.core.streams.impl.InboundBuffer.write(InboundBuffer.java:157)
2025-01-30 18:45:19,574 INFO c.h.h.t.HelmChartContainer - [hivemq-test-hivemq-platform] [hivemq-platform-operator] [fdbdc7e2] 	at io.vertx.core.http.impl.Http1xClientConnection$StreamImpl.handleEnd(Http1xClientConnection.java:709)
2025-01-30 18:45:19,578 INFO c.h.h.t.HelmChartContainer - [hivemq-test-hivemq-platform] [hivemq-platform-operator] [fdbdc7e2] 	at io.vertx.core.impl.ContextImpl.execute(ContextImpl.java:313)
2025-01-30 18:45:19,578 INFO c.h.h.t.HelmChartContainer - [hivemq-test-hivemq-platform] [hivemq-platform-operator] [fdbdc7e2] 	at io.vertx.core.impl.ContextImpl.execute(ContextImpl.java:293)
2025-01-30 18:45:19,578 INFO c.h.h.t.HelmChartContainer - [hivemq-test-hivemq-platform] [hivemq-platform-operator] [fdbdc7e2] 	at io.vertx.core.http.impl.Http1xClientConnection.handleResponseEnd(Http1xClientConnection.java:940)
2025-01-30 18:45:19,578 INFO c.h.h.t.HelmChartContainer - [hivemq-test-hivemq-platform] [hivemq-platform-operator] [fdbdc7e2] 	at io.vertx.core.http.impl.Http1xClientConnection.handleHttpMessage(Http1xClientConnection.java:810)
2025-01-30 18:45:19,578 INFO c.h.h.t.HelmChartContainer - [hivemq-test-hivemq-platform] [hivemq-platform-operator] [fdbdc7e2] 	at io.vertx.core.http.impl.Http1xClientConnection.handleMessage(Http1xClientConnection.java:774)
2025-01-30 18:45:19,578 INFO c.h.h.t.HelmChartContainer - [hivemq-test-hivemq-platform] [hivemq-platform-operator] [fdbdc7e2] 	at io.vertx.core.net.impl.ConnectionBase.read(ConnectionBase.java:159)
2025-01-30 18:45:19,578 INFO c.h.h.t.HelmChartContainer - [hivemq-test-hivemq-platform] [hivemq-platform-operator] [fdbdc7e2] 	at io.vertx.core.net.impl.VertxHandler.channelRead(VertxHandler.java:153)
2025-01-30 18:45:19,578 INFO c.h.h.t.HelmChartContainer - [hivemq-test-hivemq-platform] [hivemq-platform-operator] [fdbdc7e2] 	at io.netty.channel.AbstractChannelHandlerContext.invokeChannelRead(AbstractChannelHandlerContext.java:442)
2025-01-30 18:45:19,578 INFO c.h.h.t.HelmChartContainer - [hivemq-test-hivemq-platform] [hivemq-platform-operator] [fdbdc7e2] 	at io.netty.channel.AbstractChannelHandlerContext.invokeChannelRead(AbstractChannelHandlerContext.java:420)
2025-01-30 18:45:19,578 INFO c.h.h.t.HelmChartContainer - [hivemq-test-hivemq-platform] [hivemq-platform-operator] [fdbdc7e2] 	at io.netty.channel.AbstractChannelHandlerContext.fireChannelRead(AbstractChannelHandlerContext.java:412)
2025-01-30 18:45:19,578 INFO c.h.h.t.HelmChartContainer - [hivemq-test-hivemq-platform] [hivemq-platform-operator] [fdbdc7e2] 	at io.netty.channel.CombinedChannelDuplexHandler$DelegatingChannelHandlerContext.fireChannelRead(CombinedChannelDuplexHandler.java:436)
2025-01-30 18:45:19,578 INFO c.h.h.t.HelmChartContainer - [hivemq-test-hivemq-platform] [hivemq-platform-operator] [fdbdc7e2] 	at io.netty.handler.codec.ByteToMessageDecoder.fireChannelRead(ByteToMessageDecoder.java:346)
2025-01-30 18:45:19,578 INFO c.h.h.t.HelmChartContainer - [hivemq-test-hivemq-platform] [hivemq-platform-operator] [fdbdc7e2] 	at io.netty.handler.codec.ByteToMessageDecoder.channelRead(ByteToMessageDecoder.java:318)
2025-01-30 18:45:19,578 INFO c.h.h.t.HelmChartContainer - [hivemq-test-hivemq-platform] [hivemq-platform-operator] [fdbdc7e2] 	at io.netty.channel.CombinedChannelDuplexHandler.channelRead(CombinedChannelDuplexHandler.java:251)
2025-01-30 18:45:19,578 INFO c.h.h.t.HelmChartContainer - [hivemq-test-hivemq-platform] [hivemq-platform-operator] [fdbdc7e2] 	at io.netty.channel.AbstractChannelHandlerContext.invokeChannelRead(AbstractChannelHandlerContext.java:442)
2025-01-30 18:45:19,578 INFO c.h.h.t.HelmChartContainer - [hivemq-test-hivemq-platform] [hivemq-platform-operator] [fdbdc7e2] 	at io.netty.channel.AbstractChannelHandlerContext.invokeChannelRead(AbstractChannelHandlerContext.java:420)
2025-01-30 18:45:19,578 INFO c.h.h.t.HelmChartContainer - [hivemq-test-hivemq-platform] [hivemq-platform-operator] [fdbdc7e2] 	at io.netty.channel.AbstractChannelHandlerContext.fireChannelRead(AbstractChannelHandlerContext.java:412)
2025-01-30 18:45:19,578 INFO c.h.h.t.HelmChartContainer - [hivemq-test-hivemq-platform] [hivemq-platform-operator] [fdbdc7e2] 	at io.netty.handler.ssl.SslHandler.unwrap(SslHandler.java:1475)
2025-01-30 18:45:19,578 INFO c.h.h.t.HelmChartContainer - [hivemq-test-hivemq-platform] [hivemq-platform-operator] [fdbdc7e2] 	at io.netty.handler.ssl.SslHandler.decodeJdkCompatible(SslHandler.java:1338)
2025-01-30 18:45:19,578 INFO c.h.h.t.HelmChartContainer - [hivemq-test-hivemq-platform] [hivemq-platform-operator] [fdbdc7e2] 	at io.netty.handler.ssl.SslHandler.decode(SslHandler.java:1387)
2025-01-30 18:45:19,578 INFO c.h.h.t.HelmChartContainer - [hivemq-test-hivemq-platform] [hivemq-platform-operator] [fdbdc7e2] 	at io.netty.handler.codec.ByteToMessageDecoder.decodeRemovalReentryProtection(ByteToMessageDecoder.java:530)
2025-01-30 18:45:19,578 INFO c.h.h.t.HelmChartContainer - [hivemq-test-hivemq-platform] [hivemq-platform-operator] [fdbdc7e2] 	at io.netty.handler.codec.ByteToMessageDecoder.callDecode(ByteToMessageDecoder.java:469)
2025-01-30 18:45:19,578 INFO c.h.h.t.HelmChartContainer - [hivemq-test-hivemq-platform] [hivemq-platform-operator] [fdbdc7e2] 	at io.netty.handler.codec.ByteToMessageDecoder.channelRead(ByteToMessageDecoder.java:290)
2025-01-30 18:45:19,578 INFO c.h.h.t.HelmChartContainer - [hivemq-test-hivemq-platform] [hivemq-platform-operator] [fdbdc7e2] 	at io.netty.channel.AbstractChannelHandlerContext.invokeChannelRead(AbstractChannelHandlerContext.java:444)
2025-01-30 18:45:19,578 INFO c.h.h.t.HelmChartContainer - [hivemq-test-hivemq-platform] [hivemq-platform-operator] [fdbdc7e2] 	at io.netty.channel.AbstractChannelHandlerContext.invokeChannelRead(AbstractChannelHandlerContext.java:420)
2025-01-30 18:45:19,578 INFO c.h.h.t.HelmChartContainer - [hivemq-test-hivemq-platform] [hivemq-platform-operator] [fdbdc7e2] 	at io.netty.channel.AbstractChannelHandlerContext.fireChannelRead(AbstractChannelHandlerContext.java:412)
2025-01-30 18:45:19,578 INFO c.h.h.t.HelmChartContainer - [hivemq-test-hivemq-platform] [hivemq-platform-operator] [fdbdc7e2] 	at io.netty.channel.DefaultChannelPipeline$HeadContext.channelRead(DefaultChannelPipeline.java:1407)
2025-01-30 18:45:19,578 INFO c.h.h.t.HelmChartContainer - [hivemq-test-hivemq-platform] [hivemq-platform-operator] [fdbdc7e2] 	at io.netty.channel.AbstractChannelHandlerContext.invokeChannelRead(AbstractChannelHandlerContext.java:440)
2025-01-30 18:45:19,578 INFO c.h.h.t.HelmChartContainer - [hivemq-test-hivemq-platform] [hivemq-platform-operator] [fdbdc7e2] 	at io.netty.channel.AbstractChannelHandlerContext.invokeChannelRead(AbstractChannelHandlerContext.java:420)
2025-01-30 18:45:19,578 INFO c.h.h.t.HelmChartContainer - [hivemq-test-hivemq-platform] [hivemq-platform-operator] [fdbdc7e2] 	at io.netty.channel.DefaultChannelPipeline.fireChannelRead(DefaultChannelPipeline.java:918)
2025-01-30 18:45:19,578 INFO c.h.h.t.HelmChartContainer - [hivemq-test-hivemq-platform] [hivemq-platform-operator] [fdbdc7e2] 	at io.netty.channel.nio.AbstractNioByteChannel$NioByteUnsafe.read(AbstractNioByteChannel.java:166)
2025-01-30 18:45:19,578 INFO c.h.h.t.HelmChartContainer - [hivemq-test-hivemq-platform] [hivemq-platform-operator] [fdbdc7e2] 	at io.netty.channel.nio.NioEventLoop.processSelectedKey(NioEventLoop.java:788)
2025-01-30 18:45:19,578 INFO c.h.h.t.HelmChartContainer - [hivemq-test-hivemq-platform] [hivemq-platform-operator] [fdbdc7e2] 	at io.netty.channel.nio.NioEventLoop.processSelectedKeysOptimized(NioEventLoop.java:724)
2025-01-30 18:45:19,578 INFO c.h.h.t.HelmChartContainer - [hivemq-test-hivemq-platform] [hivemq-platform-operator] [fdbdc7e2] 	at io.netty.channel.nio.NioEventLoop.processSelectedKeys(NioEventLoop.java:650)
2025-01-30 18:45:19,578 INFO c.h.h.t.HelmChartContainer - [hivemq-test-hivemq-platform] [hivemq-platform-operator] [fdbdc7e2] 	at io.netty.channel.nio.NioEventLoop.run(NioEventLoop.java:562)
2025-01-30 18:45:19,578 INFO c.h.h.t.HelmChartContainer - [hivemq-test-hivemq-platform] [hivemq-platform-operator] [fdbdc7e2] 	at io.netty.util.concurrent.SingleThreadEventExecutor$4.run(SingleThreadEventExecutor.java:997)
2025-01-30 18:45:19,578 INFO c.h.h.t.HelmChartContainer - [hivemq-test-hivemq-platform] [hivemq-platform-operator] [fdbdc7e2] 	at io.netty.util.internal.ThreadExecutorMap$2.run(ThreadExecutorMap.java:74)
2025-01-30 18:45:19,578 INFO c.h.h.t.HelmChartContainer - [hivemq-test-hivemq-platform] [hivemq-platform-operator] [fdbdc7e2] 	at io.netty.util.concurrent.FastThreadLocalRunnable.run(FastThreadLocalRunnable.java:30)
2025-01-30 18:45:19,578 INFO c.h.h.t.HelmChartContainer - [hivemq-test-hivemq-platform] [hivemq-platform-operator] [fdbdc7e2] 	... 1 common frames omitted
2025-01-30 18:45:19,580 INFO c.h.h.t.HelmChartContainer - [hivemq-test-hivemq-platform] [hivemq-platform-operator] [fdbdc7e2] 18:45:19.575 [ReconcilerExecutor-hivemq-controller-119] INFO  c.h.p.o.HiveMQPlatformReconciler - [helmcust] Cleanup test-hivemq-platform - helmcustomlogbackit HiveMQ Platform is shut down
2025-01-30 18:45:19,997 INFO c.h.h.t.HelmChartContainer - [POD] test-hivemq-platform-0 [de5448f5-1d42-4a0b-ab44-4995e4c7424f] in helmcustomlogbackit was MODIFIED
2025-01-30 18:45:20,004 INFO c.h.h.t.HelmChartContainer - [EVENT] Normal [Killing] Stopping container hivemq [helmcustomlogbackit:test-hivemq-platform-0]
2025-01-30 18:45:20,004 INFO c.h.h.t.HelmChartContainer - Received Killing event for container hivemq in pod test-hivemq-platform-0 [de5448f5-1d42-4a0b-ab44-4995e4c7424f]
2025-01-30 18:45:20,004 INFO c.h.h.t.HelmChartContainer - Container [test-hivemq-platform-0] [hivemq] [de5448f5-1d42-4a0b-ab44-4995e4c7424f] was terminated
2025-01-30 18:45:20,004 INFO c.h.h.t.HelmChartContainer - Stopped log watcher for hivemq in pod test-hivemq-platform-0 [de5448f5-1d42-4a0b-ab44-4995e4c7424f]
2025-01-30 18:45:20,008 INFO c.h.h.t.HelmChartContainer - [test-hivemq-platform] [hivemq] [de5448f5] INFO  - [HiveMQ Platform Operator Init App 1.7.0-SNAPSHOT] Shutting down
2025-01-30 18:45:20,008 INFO c.h.h.t.HelmChartContainer - [test-hivemq-platform] [hivemq] [de5448f5] INFO  - [HiveMQ Platform Operator Init App 1.7.0-SNAPSHOT] Stopping the HiveMQ Platform
2025-01-30 18:45:20,089 INFO c.h.h.t.HelmChartContainer - [test-hivemq-platform] [hivemq] [de5448f5] INFO  - Shutting down HiveMQ. Please wait, this could take a while...
2025-01-30 18:45:20,126 INFO c.h.h.t.HelmChartContainer - [test-hivemq-platform] [hivemq] [de5448f5] INFO  - Shutting down listeners and clients
2025-01-30 18:45:20,127 INFO c.h.h.t.HelmChartContainer - [test-hivemq-platform] [hivemq] [de5448f5] DEBUG - Closed channel of listener with name 'tcp-listener-1883'
2025-01-30 18:45:20,127 INFO c.h.h.t.HelmChartContainer - [test-hivemq-platform] [hivemq] [de5448f5] INFO  - Shutdown of listeners is done
2025-01-30 18:45:20,177 INFO c.h.h.t.HelmChartContainer - [test-hivemq-platform] [hivemq] [de5448f5] INFO  - No clients are connected, proceeding with shutdown
2025-01-30 18:45:20,177 INFO c.h.h.t.HelmChartContainer - [test-hivemq-platform] [hivemq] [de5448f5] DEBUG - Shutting down worker and boss threads
2025-01-30 18:45:21,331 INFO c.h.h.t.HelmChartContainer - Deleting namespace 'helmcustomlogbackit'...
2025-01-30 18:45:22,185 INFO c.h.h.t.HelmChartContainer - [test-hivemq-platform] [hivemq] [de5448f5] DEBUG - Shutting down Data Hub
2025-01-30 18:45:23,076 INFO c.h.h.t.HelmChartContainer - [test-hivemq-platform] [hivemq] [de5448f5] DEBUG - Data Hub shut down successfully in 891ms
2025-01-30 18:45:23,081 INFO c.h.h.t.HelmChartContainer - [test-hivemq-platform] [hivemq] [de5448f5] DEBUG - Stopping RocksDBMemoryUsageWatchdog.
2025-01-30 18:45:23,082 INFO c.h.h.t.HelmChartContainer - [test-hivemq-platform] [hivemq] [de5448f5] DEBUG - Terminating thread rocksdb-memory-usage-watchdog.
2025-01-30 18:45:23,082 INFO c.h.h.t.HelmChartContainer - [test-hivemq-platform] [hivemq] [de5448f5] DEBUG - Stopped RocksDBMemoryUsageWatchdog.
2025-01-30 18:45:23,082 INFO c.h.h.t.HelmChartContainer - [test-hivemq-platform] [hivemq] [de5448f5] INFO  - Shutting down extension system
2025-01-30 18:45:23,086 INFO c.h.h.t.HelmChartContainer - [test-hivemq-platform] [hivemq] [de5448f5] INFO  - Stopping extension with id hivemq-dns-cluster-discovery
2025-01-30 18:45:23,087 INFO c.h.h.t.HelmChartContainer - [test-hivemq-platform] [hivemq] [de5448f5] INFO  - Extension "DNS Cluster Discovery Extension" version 4.3.2 stopped successfully.
2025-01-30 18:45:23,088 INFO c.h.h.t.HelmChartContainer - [test-hivemq-platform] [hivemq] [de5448f5] INFO  - Stopping extension with id hivemq-prometheus-extension
2025-01-30 18:45:23,093 INFO c.h.h.t.HelmChartContainer - [test-hivemq-platform] [hivemq] [de5448f5] INFO  - Extension "Prometheus Monitoring Extension" version 4.0.12 stopped successfully.
2025-01-30 18:45:23,093 INFO c.h.h.t.HelmChartContainer - [test-hivemq-platform] [hivemq] [de5448f5] INFO  - Stopping extension with id hivemq-allow-all-extension
2025-01-30 18:45:23,093 INFO c.h.h.t.HelmChartContainer - [test-hivemq-platform] [hivemq] [de5448f5] INFO  - Extension "Allow All Extension" version 1.1.1 stopped successfully.
2025-01-30 18:45:23,094 INFO c.h.h.t.HelmChartContainer - [test-hivemq-platform] [hivemq] [de5448f5] DEBUG - Simple authenticator of extension 'hivemq-allow-all-extension' removed.
2025-01-30 18:45:23,094 INFO c.h.h.t.HelmChartContainer - [test-hivemq-platform] [hivemq] [de5448f5] DEBUG - Running cluster shutdown hooks
2025-01-30 18:45:23,098 INFO c.h.h.t.HelmChartContainer - [test-hivemq-platform] [hivemq] [de5448f5] DEBUG - Shutting down managed extension executor service
2025-01-30 18:45:23,099 INFO c.h.h.t.HelmChartContainer - [test-hivemq-platform] [hivemq] [de5448f5] DEBUG - Stopped Trace Recording Event Loop gracefully
2025-01-30 18:45:23,099 INFO c.h.h.t.HelmChartContainer - [test-hivemq-platform] [hivemq] [de5448f5] DEBUG - The Event Loop for Trace Recordings is shutting down and is not available anymore
2025-01-30 18:45:23,741 INFO c.h.h.t.HelmChartContainer - [test-hivemq-platform] [hivemq] [de5448f5] INFO  - [HiveMQ Platform Operator Init App 1.7.0-SNAPSHOT] Returning shutdown Health API response 503 for readiness
2025-01-30 18:45:23,746 INFO c.h.h.t.HelmChartContainer - [EVENT] Warning [Unhealthy] Readiness probe failed: HTTP probe failed with statuscode: 503 [helmcustomlogbackit:test-hivemq-platform-0]
2025-01-30 18:45:23,746 INFO c.h.h.t.HelmChartContainer - Received Unhealthy event for container hivemq in pod test-hivemq-platform-0 [de5448f5-1d42-4a0b-ab44-4995e4c7424f]
2025-01-30 18:45:24,344 INFO c.h.h.t.HelmChartContainer - [K3S] [authentication.go:74] "Unable to authenticate the request" err="[invalid bearer token, serviceaccounts \"hivemq-platform-pod-test-hivemq-platform\" not found]"
2025-01-30 18:45:24,361 INFO c.h.h.t.HelmChartContainer - [K3S] [authentication.go:74] "Unable to authenticate the request" err="[invalid bearer token, serviceaccounts \"hivemq-platform-pod-test-hivemq-platform\" not found]"
2025-01-30 18:45:24,362 INFO c.h.h.t.HelmChartContainer - [test-hivemq-platform] [hivemq] [de5448f5] WARN  - [HiveMQ Platform Operator Init App 1.7.0-SNAPSHOT] Could not update Pod annotations: Failure executing: GET at: https://10.43.0.1:443/api/v1/namespaces/helmcustomlogbackit/pods/test-hivemq-platform-0. Message: Unauthorized. Received status: Status(apiVersion=v1, code=401, details=null, kind=Status, message=Unauthorized, metadata=ListMeta(_continue=null, remainingItemCount=null, resourceVersion=null, selfLink=null, additionalProperties={}), reason=Unauthorized, status=Failure, additionalProperties={}).
2025-01-30 18:45:25,432 INFO c.h.h.t.HelmChartContainer - [test-hivemq-platform] [hivemq] [de5448f5] INFO  - Shutdown completed.
2025-01-30 18:45:25,788 INFO c.h.h.t.HelmChartContainer - [test-hivemq-platform] [hivemq] [de5448f5] INFO  - [HiveMQ Platform Operator Init App 1.7.0-SNAPSHOT] The HiveMQ Platform exited with code 143
2025-01-30 18:45:25,788 INFO c.h.h.t.HelmChartContainer - [test-hivemq-platform] [hivemq] [de5448f5] INFO  - [HiveMQ Platform Operator Init App 1.7.0-SNAPSHOT] Stopping the REST API
2025-01-30 18:45:25,827 INFO c.h.h.t.HelmChartContainer - [test-hivemq-platform] [hivemq] [de5448f5] INFO  - [HiveMQ Platform Operator Init App 1.7.0-SNAPSHOT] Shutdown complete
2025-01-30 18:45:26,276 INFO c.h.h.t.HelmChartContainer - [POD] test-hivemq-platform-0 [de5448f5-1d42-4a0b-ab44-4995e4c7424f] in helmcustomlogbackit was MODIFIED
2025-01-30 18:45:26,277 INFO c.h.h.t.HelmChartContainer - [K3S] [stateful_set.go:438] "Unhandled Error" err="error syncing StatefulSet helmcustomlogbackit/test-hivemq-platform, requeuing: controllerrevisions.apps \"test-hivemq-platform-989b74cd6\" is forbidden: unable to create new content in namespace helmcustomlogbackit because it is being terminated"
2025-01-30 18:45:26,285 INFO c.h.h.t.HelmChartContainer - [K3S] [stateful_set.go:438] "Unhandled Error" err="error syncing StatefulSet helmcustomlogbackit/test-hivemq-platform, requeuing: controllerrevisions.apps \"test-hivemq-platform-989b74cd6\" is forbidden: unable to create new content in namespace helmcustomlogbackit because it is being terminated"
2025-01-30 18:45:26,299 INFO c.h.h.t.HelmChartContainer - [K3S] [stateful_set.go:438] "Unhandled Error" err="error syncing StatefulSet helmcustomlogbackit/test-hivemq-platform, requeuing: controllerrevisions.apps \"test-hivemq-platform-989b74cd6\" is forbidden: unable to create new content in namespace helmcustomlogbackit because it is being terminated"
2025-01-30 18:45:26,323 INFO c.h.h.t.HelmChartContainer - [K3S] [stateful_set.go:438] "Unhandled Error" err="error syncing StatefulSet helmcustomlogbackit/test-hivemq-platform, requeuing: controllerrevisions.apps \"test-hivemq-platform-989b74cd6\" is forbidden: unable to create new content in namespace helmcustomlogbackit because it is being terminated"
2025-01-30 18:45:26,343 INFO c.h.h.t.HelmChartContainer - [K3S] [reconciler_common.go:162] "operationExecutor.UnmountVolume started for volume \"operator-init\" (UniqueName: \"kubernetes.io/empty-dir/de5448f5-1d42-4a0b-ab44-4995e4c7424f-operator-init\") pod \"de5448f5-1d42-4a0b-ab44-4995e4c7424f\" (UID: \"de5448f5-1d42-4a0b-ab44-4995e4c7424f\") "
2025-01-30 18:45:26,343 INFO c.h.h.t.HelmChartContainer - [K3S] [reconciler_common.go:162] "operationExecutor.UnmountVolume started for volume \"kube-api-access-bjslx\" (UniqueName: \"kubernetes.io/projected/de5448f5-1d42-4a0b-ab44-4995e4c7424f-kube-api-access-bjslx\") pod \"de5448f5-1d42-4a0b-ab44-4995e4c7424f\" (UID: \"de5448f5-1d42-4a0b-ab44-4995e4c7424f\") "
2025-01-30 18:45:26,345 INFO c.h.h.t.HelmChartContainer - [K3S] [reconciler_common.go:162] "operationExecutor.UnmountVolume started for volume \"broker-configuration\" (UniqueName: \"kubernetes.io/configmap/de5448f5-1d42-4a0b-ab44-4995e4c7424f-broker-configuration\") pod \"de5448f5-1d42-4a0b-ab44-4995e4c7424f\" (UID: \"de5448f5-1d42-4a0b-ab44-4995e4c7424f\") "
2025-01-30 18:45:26,345 INFO c.h.h.t.HelmChartContainer - [K3S] [reconciler_common.go:162] "operationExecutor.UnmountVolume started for volume \"pod-info\" (UniqueName: \"kubernetes.io/configmap/de5448f5-1d42-4a0b-ab44-4995e4c7424f-pod-info\") pod \"de5448f5-1d42-4a0b-ab44-4995e4c7424f\" (UID: \"de5448f5-1d42-4a0b-ab44-4995e4c7424f\") "
2025-01-30 18:45:26,358 INFO c.h.h.t.HelmChartContainer - [K3S] [stateful_set.go:466] "StatefulSet has been deleted" key="helmcustomlogbackit/test-hivemq-platform"
2025-01-30 18:45:26,365 INFO c.h.h.t.HelmChartContainer - [K3S] [stateful_set.go:466] "StatefulSet has been deleted" key="helmcustomlogbackit/test-hivemq-platform"
2025-01-30 18:45:26,444 INFO c.h.h.t.HelmChartContainer - [K3S] [reconciler_common.go:299] "Volume detached for volume \"operator-init\" (UniqueName: \"kubernetes.io/empty-dir/de5448f5-1d42-4a0b-ab44-4995e4c7424f-operator-init\") on node \"4fa914a87c1f\" DevicePath \"\""
2025-01-30 18:45:26,444 INFO c.h.h.t.HelmChartContainer - [K3S] [reconciler_common.go:299] "Volume detached for volume \"pod-info\" (UniqueName: \"kubernetes.io/configmap/de5448f5-1d42-4a0b-ab44-4995e4c7424f-pod-info\") on node \"4fa914a87c1f\" DevicePath \"\""
2025-01-30 18:45:26,444 INFO c.h.h.t.HelmChartContainer - [K3S] [reconciler_common.go:299] "Volume detached for volume \"kube-api-access-bjslx\" (UniqueName: \"kubernetes.io/projected/de5448f5-1d42-4a0b-ab44-4995e4c7424f-kube-api-access-bjslx\") on node \"4fa914a87c1f\" DevicePath \"\""
2025-01-30 18:45:26,444 INFO c.h.h.t.HelmChartContainer - [K3S] [reconciler_common.go:299] "Volume detached for volume \"broker-configuration\" (UniqueName: \"kubernetes.io/configmap/de5448f5-1d42-4a0b-ab44-4995e4c7424f-broker-configuration\") on node \"4fa914a87c1f\" DevicePath \"\""
2025-01-30 18:45:26,486 INFO c.h.h.t.HelmChartContainer - [K3S] [namespace_controller.go:164] "Unhandled Error" err="deletion of namespace helmcustomlogbackit failed: unexpected items still remain in namespace: helmcustomlogbackit for gvr: /v1, Resource=pods"
2025-01-30 18:45:26,651 INFO c.h.h.t.HelmChartContainer - [K3S] [namespace_controller.go:164] "Unhandled Error" err="deletion of namespace helmcustomlogbackit failed: unexpected items still remain in namespace: helmcustomlogbackit for gvr: /v1, Resource=pods"
2025-01-30 18:45:26,683 INFO c.h.h.t.HelmChartContainer - [K3S] [scope.go:117] "RemoveContainer" containerID="d55da5043f461b64f4938f37b6b8ba00f976df4cb1d8e78de8717862ee25ee73"
2025-01-30 18:45:26,707 INFO c.h.h.t.HelmChartContainer - [POD] test-hivemq-platform-0 [de5448f5-1d42-4a0b-ab44-4995e4c7424f] in helmcustomlogbackit was MODIFIED
2025-01-30 18:45:26,713 INFO c.h.h.t.HelmChartContainer - [POD] test-hivemq-platform-0 [de5448f5-1d42-4a0b-ab44-4995e4c7424f] in helmcustomlogbackit was DELETED
2025-01-30 18:45:26,835 INFO c.h.h.t.HelmChartContainer - [K3S] [scope.go:117] "RemoveContainer" containerID="2baba012701e82b1eeb7a319fc914e9aa862e48e6fbfd4cf7bebdc4284b8be5f"
2025-01-30 18:45:26,839 INFO c.h.h.t.HelmChartContainer - [K3S] [scope.go:117] "RemoveContainer" containerID="d55da5043f461b64f4938f37b6b8ba00f976df4cb1d8e78de8717862ee25ee73"
2025-01-30 18:45:26,840 INFO c.h.h.t.HelmChartContainer - [K3S] [scope.go:117] "RemoveContainer" containerID="2baba012701e82b1eeb7a319fc914e9aa862e48e6fbfd4cf7bebdc4284b8be5f"
2025-01-30 18:45:26,856 INFO c.h.h.t.HelmChartContainer - Namespace 'helmcustomlogbackit' deleted
2025-01-30 18:45:26,856 INFO c.h.h.t.HelmChartContainer - Release 'test-hivemq-platform' in namespace 'helmcustomlogbackit' is uninstalled
2025-01-30 18:45:26,856 INFO c.h.h.t.HelmChartContainer - Uninstalling release 'test-hivemq-platform-operator' in namespace 'helmcustomlogbackit-operator'...
2025-01-30 18:45:26,856 DEBUG c.h.h.t.HelmChartContainer - Executing helm command: /bin/helm --kubeconfig /etc/rancher/k3s/k3s.yaml uninstall test-hivemq-platform-operator  --wait --timeout 5m0s --cascade foreground --namespace helmcustomlogbackit-operator
2025-01-30 18:45:27,025 INFO c.h.h.t.HelmChartContainer - [K3S] [replica_set.go:679] "Finished syncing" kind="ReplicaSet" key="helmcustomlogbackit-operator/hivemq-test-hivemq-platform-operator-6966f96d65" duration="8.577434ms"
2025-01-30 18:45:27,026 INFO c.h.h.t.HelmChartContainer - [K3S] [replica_set.go:679] "Finished syncing" kind="ReplicaSet" key="helmcustomlogbackit-operator/hivemq-test-hivemq-platform-operator-6966f96d65" duration="39.324µs"
2025-01-30 18:45:27,054 INFO c.h.h.t.HelmChartContainer - [POD] hivemq-test-hivemq-platform-operator-6966f96d65-48whx [fdbdc7e2-c8ee-4dd0-8d02-6410478daf41] in helmcustomlogbackit-operator was MODIFIED
2025-01-30 18:45:27,065 INFO c.h.h.t.HelmChartContainer - [K3S] [replica_set.go:679] "Finished syncing" kind="ReplicaSet" key="helmcustomlogbackit-operator/hivemq-test-hivemq-platform-operator-6966f96d65" duration="14.106087ms"
2025-01-30 18:45:27,067 INFO c.h.h.t.HelmChartContainer - [K3S] [replica_set.go:679] "Finished syncing" kind="ReplicaSet" key="helmcustomlogbackit-operator/hivemq-test-hivemq-platform-operator-6966f96d65" duration="40.616µs"
2025-01-30 18:45:27,067 INFO c.h.h.t.HelmChartContainer - [EVENT] Normal [Killing] Stopping container hivemq-platform-operator [helmcustomlogbackit-operator:hivemq-test-hivemq-platform-operator-6966f96d65-48whx]
2025-01-30 18:45:27,068 INFO c.h.h.t.HelmChartContainer - Received Killing event for container hivemq-platform-operator in pod hivemq-test-hivemq-platform-operator-6966f96d65-48whx [fdbdc7e2-c8ee-4dd0-8d02-6410478daf41]
2025-01-30 18:45:27,068 INFO c.h.h.t.HelmChartContainer - Container [hivemq-test-hivemq-platform-operator-6966f96d65-48whx] [hivemq-platform-operator] [fdbdc7e2-c8ee-4dd0-8d02-6410478daf41] was terminated
2025-01-30 18:45:27,068 INFO c.h.h.t.HelmChartContainer - Stopped log watcher for hivemq-platform-operator in pod hivemq-test-hivemq-platform-operator-6966f96d65-48whx [fdbdc7e2-c8ee-4dd0-8d02-6410478daf41]
2025-01-30 18:45:27,097 INFO c.h.h.t.HelmChartContainer - [hivemq-test-hivemq-platform] [hivemq-platform-operator] [fdbdc7e2] 18:45:27.096 [application-shutdown-thread] INFO  c.h.p.o.HiveMQPlatformOperatorApplication - HiveMQ Platform Operator is stopping...
2025-01-30 18:45:27,097 INFO c.h.h.t.HelmChartContainer - [hivemq-test-hivemq-platform] [hivemq-platform-operator] [fdbdc7e2] 18:45:27.096 [application-shutdown-thread] INFO  i.javaoperatorsdk.operator.Operator - Operator SDK 4.9.7 is shutting down...
2025-01-30 18:45:27,323 INFO c.h.h.t.HelmChartContainer - [K3S] [kubelet_volumes.go:163] "Cleaned up orphaned pod volumes dir" podUID="de5448f5-1d42-4a0b-ab44-4995e4c7424f" path="/var/lib/kubelet/pods/de5448f5-1d42-4a0b-ab44-4995e4c7424f/volumes"
2025-01-30 18:45:27,686 INFO c.h.h.t.HelmChartContainer - [K3S] [pod_container_deletor.go:80] "Container not found in pod's containers" containerID="7f78b9c53d5db0aae9dd6f8b2ecaec6c6cb5759713634cc4890e166d9421869d"
2025-01-30 18:45:27,722 INFO c.h.h.t.HelmChartContainer - [K3S] [replica_set.go:679] "Finished syncing" kind="ReplicaSet" key="helmcustomlogbackit-operator/hivemq-test-hivemq-platform-operator-6966f96d65" duration="37.961µs"
2025-01-30 18:45:27,722 INFO c.h.h.t.HelmChartContainer - [POD] hivemq-test-hivemq-platform-operator-6966f96d65-48whx [fdbdc7e2-c8ee-4dd0-8d02-6410478daf41] in helmcustomlogbackit-operator was MODIFIED
2025-01-30 18:45:27,749 INFO c.h.h.t.HelmChartContainer - [K3S] [reconciler_common.go:162] "operationExecutor.UnmountVolume started for volume \"kube-api-access-jw2nh\" (UniqueName: \"kubernetes.io/projected/fdbdc7e2-c8ee-4dd0-8d02-6410478daf41-kube-api-access-jw2nh\") pod \"fdbdc7e2-c8ee-4dd0-8d02-6410478daf41\" (UID: \"fdbdc7e2-c8ee-4dd0-8d02-6410478daf41\") "
2025-01-30 18:45:27,850 INFO c.h.h.t.HelmChartContainer - [K3S] [reconciler_common.go:299] "Volume detached for volume \"kube-api-access-jw2nh\" (UniqueName: \"kubernetes.io/projected/fdbdc7e2-c8ee-4dd0-8d02-6410478daf41-kube-api-access-jw2nh\") on node \"4fa914a87c1f\" DevicePath \"\""
2025-01-30 18:45:28,700 INFO c.h.h.t.HelmChartContainer - [K3S] [replica_set.go:679] "Finished syncing" kind="ReplicaSet" key="helmcustomlogbackit-operator/hivemq-test-hivemq-platform-operator-6966f96d65" duration="42.72µs"
2025-01-30 18:45:28,700 INFO c.h.h.t.HelmChartContainer - [POD] hivemq-test-hivemq-platform-operator-6966f96d65-48whx [fdbdc7e2-c8ee-4dd0-8d02-6410478daf41] in helmcustomlogbackit-operator was MODIFIED
2025-01-30 18:45:28,703 INFO c.h.h.t.HelmChartContainer - [K3S] [replica_set.go:679] "Finished syncing" kind="ReplicaSet" key="helmcustomlogbackit-operator/hivemq-test-hivemq-platform-operator-6966f96d65" duration="23.413µs"
2025-01-30 18:45:28,703 INFO c.h.h.t.HelmChartContainer - [POD] hivemq-test-hivemq-platform-operator-6966f96d65-48whx [fdbdc7e2-c8ee-4dd0-8d02-6410478daf41] in helmcustomlogbackit-operator was DELETED
2025-01-30 18:45:28,713 INFO c.h.h.t.HelmChartContainer - [K3S] [replica_set.go:679] "Finished syncing" kind="ReplicaSet" key="helmcustomlogbackit-operator/hivemq-test-hivemq-platform-operator-6966f96d65" duration="6.802µs"
2025-01-30 18:45:29,069 INFO c.h.h.t.HelmChartContainer - Deleting namespace 'helmcustomlogbackit-operator'...
2025-01-30 18:45:29,322 INFO c.h.h.t.HelmChartContainer - [K3S] [kubelet_volumes.go:163] "Cleaned up orphaned pod volumes dir" podUID="fdbdc7e2-c8ee-4dd0-8d02-6410478daf41" path="/var/lib/kubelet/pods/fdbdc7e2-c8ee-4dd0-8d02-6410478daf41/volumes"
2025-01-30 18:45:31,815 INFO c.h.h.t.HelmChartContainer - [K3S] [namespace_controller.go:187] "Namespace has been deleted" namespace="helmcustomlogbackit"
2025-01-30 18:45:34,286 INFO c.h.h.t.HelmChartContainer - Namespace 'helmcustomlogbackit-operator' deleted
2025-01-30 18:45:34,286 INFO c.h.h.t.HelmChartContainer - Release 'test-hivemq-platform-operator' in namespace 'helmcustomlogbackit-operator' is uninstalled
2025-01-30 18:45:35,108 INFO c.h.helmcharts.AbstractHelmChartIT - Removed unused containers:

2025-01-30 18:45:39,189 INFO c.h.h.t.HelmChartContainer - [K3S] [namespace_controller.go:187] "Namespace has been deleted" namespace="helmcustomlogbackit-operator"
2025-01-30 18:45:43,208 INFO c.h.helmcharts.AbstractHelmChartIT - Removed unused snapshots:
Removing snapshot sha256:03af251906410714c5aef9fa705b63f6bbc39c4a5e787de7361eeb18886c2ed2
Removing snapshot sha256:0c46b3b43cce082ce5ec34ffc6c294e0417d17b9d1e6f366d114b6aadc4f96dc
Removing snapshot sha256:0ce761beee59082d6ed5bcebd3a805b8ddd9b3426b617e4809e7fb7c6587ffec
Removing snapshot sha256:0df91287303208332c8ff6ba40ae4710105201739addbfbddfb955f1ad593664
Removing snapshot sha256:1021ef88c7974bfff89c5a0ec4fd3160daac6c48a075f74cff721f85dd104e68
Removing snapshot sha256:10aba4953ddc18145dd38e3704709bc464aa20af60b56fe52caaff4b68411e62
Removing snapshot sha256:2573e0d8158209ed54ab25c87bcdcb00bd3d2539246960a3d592a1c599d70465
Removing snapshot sha256:362a8a37f8bbc31925a8146adcf7cf51f9882f5c1dcbef67c5baa03a297543c0
Removing snapshot sha256:3fa4ad33f0ddc8fd45b39b6b4640f82a3a83619606cd975bfe89d8710ad2d4cd
Removing snapshot sha256:43a7c979bbaba6838bc3102d6b10a1459f3ab050b87ccdfef84ef90cf43d3058
Removing snapshot sha256:4ab04491cdf0d3267f08206fe30bd48f49f94b9cab2f016d6739220f722a64af
Removing snapshot sha256:4b6068250e89c96f263060261819c7d912855bfbd64b3eb4c4a8483299b8c295
Removing snapshot sha256:580e69a0a8034ede1921139bbd2bfb72a69ebf276d008281896c32dd8bf74775
Removing snapshot sha256:5d30ba46b27fe37484567ccc5242cadc78217b8da605f3f195ef25cbf7487904
Removing snapshot sha256:63ca1fbb43ae5034640e5e6cb3e083e05c290072c5366fcaa9d62435a4cced85
Removing snapshot sha256:67f702c6baae873bceb19487c8b1f27bd2b86077e4f2f0e480e6d60ab508b8f5
Removing snapshot sha256:6864348dd42806d552efdec384f1274be15e2d0c10ce44c1f04347af004c10a9
Removing snapshot sha256:6c7dee8f2c39b84b7dc2711c01d33de93514d9055499173e9290176fbe484b6c
Removing snapshot sha256:82753493a6d61ded36556292f02f31841a14c20d2f279f19eaad65afb661d5cd
Removing snapshot sha256:8a10d3db42c505ee0fcfa98417bdd7e39b304f6bcc0a06bb1b220797ff2cc63c
Removing snapshot sha256:96bca49b1cf0ae243f35e48d1e8afdd259b091b5f4ada1412cc1465a0d92402d
Removing snapshot sha256:a000ca8178b32bea180161d00f58c37fdd6fa3a942f4d7c0ddc85c1d8f60f920
Removing snapshot sha256:a0904247e36a7726c03c71ee48f3e64462021c88dafeb13f37fdaf613b27f11c
Removing snapshot sha256:a21e5b12dbac529ad45d976eb9ce45c881f3bedcc500fb30aba1e52aa1813418
Removing snapshot sha256:b921e6c28969094157f9b8e7244677780319637afd14450b7cb6b2fdea558a0c
Removing snapshot sha256:bc27ecb5769a00e309cf99ebc763c4a4b958b618d1decc96ffac5bc05f02f5b7
Removing snapshot sha256:be3ccb6627a5332e309d45ef461d09b4879dd870c7394d89323d0ebc6ca6aa8a
Removing snapshot sha256:c261f7cbbc64211ee175ee47273acdb7b1a36a4450b397a064a8f2c026490095
Removing snapshot sha256:c34d9393647eea0c9e3557ab988efaf59f61d10a2a5613b439ef0958cca5ec10
Removing snapshot sha256:ccf3c4a0fa967a41c1c83497a2ce6fa5787965859df0adb32c4ca2cf7490bc2b
Removing snapshot sha256:cf92d33f869417309692088c341cd0f223c178ea78a125f757317b22aa8f90e9
Removing snapshot sha256:d0037344cf2fb078884f1849f6a1f8cf9a33a3b6139b6a85833e5ee528e1f9a8
Removing snapshot sha256:d3b36d5b79273b1e98e7700470eaeff05a882e777124d84cebcc1505b85ecb36
Removing snapshot sha256:d65a44a37914602d12c611e5e22a50f11451d847e63015cc1c2aef92dee777a4
Removing snapshot sha256:e2dc0bae2455930f23ae570e019b7f32edc75c0f2d71cab084db837ff9051796
Removing snapshot sha256:e31519795c7e3df686c447a21ec8d2eb301388a5e39ccf7f20a25c6f6ce3a522
Removing snapshot sha256:e9e86ed11d9bebc0707dd6f1166c51237ebb44f98657241f943261b2675a5449
Removing snapshot sha256:eccbd24a99c60cd9e86ee5305dbfc4a4dc89f5ab4fb1f06c8d64797cecedef34
Removing snapshot sha256:edd1404c718ab99ca3456bdf222065033800bb67d4334a9642746685a24394cd
Removing snapshot sha256:f144bb4c7c7f0d2aa7eeffd36d934ec40db1ee167be727e326aad9fdc616f475

]]></system-out>
  </testcase>
  <system-out><![CDATA[2025-01-30 18:44:06,763 INFO c.h.h.t.HelmChartContainerExtension - Using cached HelmChartContainer instance
]]></system-out>
  <system-err><![CDATA[]]></system-err>
</testsuite>
