<?xml version="1.0" encoding="UTF-8"?>
<testsuite name="com.hivemq.helmcharts.license.HelmDataHubLicensesIT" tests="2" skipped="0" failures="0" errors="0" timestamp="2025-10-01T20:25:31" hostname="runnervm3ublj" time="178.784">
  <properties/>
  <testcase name="withDataHubLicenseFileContent_statefulSetWithLicenseSecretMounted()" classname="com.hivemq.helmcharts.license.HelmDataHubLicensesIT" time="91.092"/>
  <testcase name="withExistingDataHubLicenseFileContent_statefulSetWithLicenseSecretMounted()" classname="com.hivemq.helmcharts.license.HelmDataHubLicensesIT" time="87.692"/>
</testsuite>
