<?xml version="1.0" encoding="UTF-8"?>
<testsuite name="com.hivemq.helmcharts.platform.HelmCustomServiceAccountIT" tests="4" skipped="0" failures="0" errors="0" timestamp="2025-06-26T12:32:09" hostname="fv-az1720-436" time="390.052">
  <properties/>
  <testcase name="platformCharts_withCreateAndValidateDisabled_hivemqRunning()" classname="com.hivemq.helmcharts.platform.HelmCustomServiceAccountIT" time="88.89"/>
  <testcase name="platformCharts_withNonExistingCustomServiceAccountThenCreate_hivemqRunning()" classname="com.hivemq.helmcharts.platform.HelmCustomServiceAccountIT" time="104.924"/>
  <testcase name="platformCharts_withCreationAndValidationDisabled_withCorrectExternalPermissions_hivemqRunning()" classname="com.hivemq.helmcharts.platform.HelmCustomServiceAccountIT" time="86.205"/>
  <testcase name="platformCharts_withNonExistingPermissionsThenCreate_hivemqRunning()" classname="com.hivemq.helmcharts.platform.HelmCustomServiceAccountIT" time="110.032"/>
</testsuite>
