<?xml version="1.0" encoding="UTF-8"?>
<testsuite name="com.hivemq.helmcharts.migration.HelmLegacyStatefulSetMigrationIT" tests="1" skipped="0" failures="0" errors="0" timestamp="2025-03-31T14:49:36" hostname="fv-az787-578" time="325.748">
  <properties/>
  <testcase name="migrateToCurrentPlatformOperator()" classname="com.hivemq.helmcharts.migration.HelmLegacyStatefulSetMigrationIT" time="325.748"/>
</testsuite>
