<?xml version="1.0" encoding="UTF-8"?>
<testsuite name="com.hivemq.helmcharts.volumes.HelmVolumeClaimTemplatesIT" tests="1" skipped="0" failures="0" errors="0" timestamp="2025-08-05T09:31:14" hostname="pkrvmjbmru5nbw0" time="341.442">
  <properties/>
  <testcase name="platform_whenVolumeClaimTemplateIsConfigured_withAdditionalVolumes_thenPersistentVolumeClaimsCreated()" classname="com.hivemq.helmcharts.volumes.HelmVolumeClaimTemplatesIT" time="341.442"/>
</testsuite>
