<?xml version="1.0" encoding="UTF-8"?>
<testsuite name="com.hivemq.helmcharts.securitycontext.HelmContainerSecurityContextUpgradePlatformIT" tests="2" skipped="0" failures="0" errors="0" timestamp="2025-01-30T04:00:16" hostname="fv-az1112-501" time="438.235">
  <properties/>
  <testcase name="Operator values: (UID=0, GID=0, valuesFile='/files/operator-container-security-context-root-user-values.yaml') and Platform values: (UID=0, GID=0, valuesFile='/files/platform-container-security-context-root-user-values.yaml')" classname="com.hivemq.helmcharts.securitycontext.HelmContainerSecurityContextUpgradePlatformIT" time="221.006">
    <system-out><![CDATA[2025-01-30 04:00:16,510 INFO c.h.h.t.HelmChartContainer - Creating namespace 'helmcontainersecuritycontextupgradeplatformit-operator'...
2025-01-30 04:00:16,751 INFO c.h.h.t.HelmChartContainer - Namespace 'helmcontainersecuritycontextupgradeplatformit-operator' created
2025-01-30 04:00:16,752 INFO c.h.h.t.HelmChartContainer - Creating namespace 'helmcontainersecuritycontextupgradeplatformit'...
2025-01-30 04:00:16,753 INFO c.h.h.t.HelmChartContainer - [POD] coredns-ff8999cc5-kqhvj [3ad7425e-de1b-45eb-aeba-b31577759112] in kube-system was ADDED
2025-01-30 04:00:16,756 INFO c.h.h.t.HelmChartContainer - [POD] local-path-provisioner-698b58967b-vd47b [8197658d-ba42-4afe-9416-e4a8f396d085] in kube-system was ADDED
2025-01-30 04:00:16,758 INFO c.h.h.t.HelmChartContainer - [POD] metrics-server-8584b5786c-7qxq5 [cd1f1789-857c-4387-b2c0-448432936b47] in kube-system was ADDED
2025-01-30 04:00:16,771 INFO c.h.h.t.HelmChartContainer - Namespace 'helmcontainersecuritycontextupgradeplatformit' created
2025-01-30 04:00:16,853 DEBUG c.h.h.t.HelmChartContainer - Executing helm command: /bin/helm --kubeconfig /etc/rancher/k3s/k3s.yaml install test-hivemq-platform-operator /charts/hivemq-platform-operator --wait --timeout 5m0s --set image.repository=docker.io/hivemq --set image.name=hivemq-platform-operator-test --set image.initImageName=hivemq-platform-operator-init-test --set image.tag=snapshot --set image.pullPolicy=Never --set logLevel=DEBUG --set resources.cpu=512m -f /files/operator-container-security-context-root-user-values.yaml --namespace helmcontainersecuritycontextupgradeplatformit-operator
2025-01-30 04:00:19,256 INFO c.h.h.t.HelmChartContainer - [K3S] [alloc.go:330] "allocated clusterIPs" service="helmcontainersecuritycontextupgradeplatformit-operator/hivemq-platform-operator-test-hivemq-platform-operator" clusterIPs={"IPv4":"10.43.224.246"}
2025-01-30 04:00:19,270 INFO c.h.h.t.HelmChartContainer - [EVENT] Normal [ScalingReplicaSet] Scaled up replica set hivemq-test-hivemq-platform-operator-8669f546db from 0 to 1 [helmcontainersecuritycontextupgradeplatformit-operator:hivemq-test-hivemq-platform-operator]
2025-01-30 04:00:19,282 INFO c.h.h.t.HelmChartContainer - [POD] hivemq-test-hivemq-platform-operator-8669f546db-mcxkl [ab01aa0e-55ef-440a-8f9f-b3c57610a6ec] in helmcontainersecuritycontextupgradeplatformit-operator was ADDED
2025-01-30 04:00:19,286 INFO c.h.h.t.HelmChartContainer - [EVENT] Normal [SuccessfulCreate] Created pod: hivemq-test-hivemq-platform-operator-8669f546db-mcxkl [helmcontainersecuritycontextupgradeplatformit-operator:hivemq-test-hivemq-platform-operator-8669f546db]
2025-01-30 04:00:19,286 INFO c.h.h.t.HelmChartContainer - [K3S] [replica_set.go:679] "Finished syncing" kind="ReplicaSet" key="helmcontainersecuritycontextupgradeplatformit-operator/hivemq-test-hivemq-platform-operator-8669f546db" duration="20.832769ms"
2025-01-30 04:00:19,291 INFO c.h.h.t.HelmChartContainer - [POD] hivemq-test-hivemq-platform-operator-8669f546db-mcxkl [ab01aa0e-55ef-440a-8f9f-b3c57610a6ec] in helmcontainersecuritycontextupgradeplatformit-operator was MODIFIED
2025-01-30 04:00:19,297 INFO c.h.h.t.HelmChartContainer - [EVENT] Normal [Scheduled] Successfully assigned helmcontainersecuritycontextupgradeplatformit-operator/hivemq-test-hivemq-platform-operator-8669f546db-mcxkl to 6c872e703766 [helmcontainersecuritycontextupgradeplatformit-operator:hivemq-test-hivemq-platform-operator-8669f546db-mcxkl]
2025-01-30 04:00:19,299 INFO c.h.h.t.HelmChartContainer - [K3S] [replica_set.go:679] "Finished syncing" kind="ReplicaSet" key="helmcontainersecuritycontextupgradeplatformit-operator/hivemq-test-hivemq-platform-operator-8669f546db" duration="12.612361ms"
2025-01-30 04:00:19,299 INFO c.h.h.t.HelmChartContainer - [K3S] [replica_set.go:679] "Finished syncing" kind="ReplicaSet" key="helmcontainersecuritycontextupgradeplatformit-operator/hivemq-test-hivemq-platform-operator-8669f546db" duration="33.733µs"
2025-01-30 04:00:19,304 INFO c.h.h.t.HelmChartContainer - [K3S] [replica_set.go:679] "Finished syncing" kind="ReplicaSet" key="helmcontainersecuritycontextupgradeplatformit-operator/hivemq-test-hivemq-platform-operator-8669f546db" duration="38.161µs"
2025-01-30 04:00:19,307 INFO c.h.h.t.HelmChartContainer - [POD] hivemq-test-hivemq-platform-operator-8669f546db-mcxkl [ab01aa0e-55ef-440a-8f9f-b3c57610a6ec] in helmcontainersecuritycontextupgradeplatformit-operator was MODIFIED
2025-01-30 04:00:19,322 INFO c.h.h.t.HelmChartContainer - [K3S] [reconciler_common.go:251] "operationExecutor.VerifyControllerAttachedVolume started for volume \"kube-api-access-p97z5\" (UniqueName: \"kubernetes.io/projected/ab01aa0e-55ef-440a-8f9f-b3c57610a6ec-kube-api-access-p97z5\") pod \"hivemq-test-hivemq-platform-operator-8669f546db-mcxkl\" (UID: \"ab01aa0e-55ef-440a-8f9f-b3c57610a6ec\") " pod="helmcontainersecuritycontextupgradeplatformit-operator/hivemq-test-hivemq-platform-operator-8669f546db-mcxkl"
2025-01-30 04:00:19,684 INFO c.h.h.t.HelmChartContainer - [EVENT] Normal [Pulled] Container image "docker.io/hivemq/hivemq-platform-operator-test:snapshot" already present on machine [helmcontainersecuritycontextupgradeplatformit-operator:hivemq-test-hivemq-platform-operator-8669f546db-mcxkl]
2025-01-30 04:00:19,684 INFO c.h.h.t.HelmChartContainer - Received Pulled event for container hivemq-platform-operator in pod hivemq-test-hivemq-platform-operator-8669f546db-mcxkl [ab01aa0e-55ef-440a-8f9f-b3c57610a6ec]
2025-01-30 04:00:19,693 INFO c.h.h.t.HelmChartContainer - [EVENT] Normal [Created] Created container: hivemq-platform-operator [helmcontainersecuritycontextupgradeplatformit-operator:hivemq-test-hivemq-platform-operator-8669f546db-mcxkl]
2025-01-30 04:00:19,693 INFO c.h.h.t.HelmChartContainer - Received Created event for container hivemq-platform-operator in pod hivemq-test-hivemq-platform-operator-8669f546db-mcxkl [ab01aa0e-55ef-440a-8f9f-b3c57610a6ec]
2025-01-30 04:00:20,548 INFO c.h.h.t.HelmChartContainer - [POD] hivemq-test-hivemq-platform-operator-8669f546db-mcxkl [ab01aa0e-55ef-440a-8f9f-b3c57610a6ec] in helmcontainersecuritycontextupgradeplatformit-operator was MODIFIED
2025-01-30 04:00:20,550 INFO c.h.h.t.HelmChartContainer - [K3S] [replica_set.go:679] "Finished syncing" kind="ReplicaSet" key="helmcontainersecuritycontextupgradeplatformit-operator/hivemq-test-hivemq-platform-operator-8669f546db" duration="46.507µs"
2025-01-30 04:00:20,576 INFO c.h.h.t.HelmChartContainer - [EVENT] Normal [Started] Started container hivemq-platform-operator [helmcontainersecuritycontextupgradeplatformit-operator:hivemq-test-hivemq-platform-operator-8669f546db-mcxkl]
2025-01-30 04:00:20,576 INFO c.h.h.t.HelmChartContainer - Received Started event for container hivemq-platform-operator in pod hivemq-test-hivemq-platform-operator-8669f546db-mcxkl [ab01aa0e-55ef-440a-8f9f-b3c57610a6ec]
2025-01-30 04:00:20,576 INFO c.h.h.t.HelmChartContainer - Started log watcher for hivemq-platform-operator in pod hivemq-test-hivemq-platform-operator-8669f546db-mcxkl [ab01aa0e-55ef-440a-8f9f-b3c57610a6ec]
2025-01-30 04:00:20,577 INFO c.h.h.t.HelmChartContainer - [hivemq-test-hivemq-platform] [hivemq-platform-operator] [ab01aa0e] -------------------------------------------------------------------------
2025-01-30 04:00:20,577 INFO c.h.h.t.HelmChartContainer - [hivemq-test-hivemq-platform] [hivemq-platform-operator] [ab01aa0e] 
2025-01-30 04:00:20,577 INFO c.h.h.t.HelmChartContainer - [hivemq-test-hivemq-platform] [hivemq-platform-operator] [ab01aa0e]                   _    _  _              __  __   ____
2025-01-30 04:00:20,577 INFO c.h.h.t.HelmChartContainer - [hivemq-test-hivemq-platform] [hivemq-platform-operator] [ab01aa0e]                  | |  | |(_)            |  \/  | / __ \
2025-01-30 04:00:20,577 INFO c.h.h.t.HelmChartContainer - [hivemq-test-hivemq-platform] [hivemq-platform-operator] [ab01aa0e]                  | |__| | _ __   __ ___ | \  / || |  | |
2025-01-30 04:00:20,577 INFO c.h.h.t.HelmChartContainer - [hivemq-test-hivemq-platform] [hivemq-platform-operator] [ab01aa0e]                  |  __  || |\ \ / // _ \| |\/| || |  | |
2025-01-30 04:00:20,577 INFO c.h.h.t.HelmChartContainer - [hivemq-test-hivemq-platform] [hivemq-platform-operator] [ab01aa0e]                  | |  | || | \ V /|  __/| |  | || |__| |
2025-01-30 04:00:20,577 INFO c.h.h.t.HelmChartContainer - [hivemq-test-hivemq-platform] [hivemq-platform-operator] [ab01aa0e]                  |_|  |_||_|  \_/  \___||_|  |_| \___\_\
2025-01-30 04:00:20,577 INFO c.h.h.t.HelmChartContainer - [hivemq-test-hivemq-platform] [hivemq-platform-operator] [ab01aa0e] 
2025-01-30 04:00:20,577 INFO c.h.h.t.HelmChartContainer - [hivemq-test-hivemq-platform] [hivemq-platform-operator] [ab01aa0e] -------------------------------------------------------------------------
2025-01-30 04:00:20,577 INFO c.h.h.t.HelmChartContainer - [hivemq-test-hivemq-platform] [hivemq-platform-operator] [ab01aa0e] 
2025-01-30 04:00:20,577 INFO c.h.h.t.HelmChartContainer - [hivemq-test-hivemq-platform] [hivemq-platform-operator] [ab01aa0e]   HiveMQ Platform Operator Start Script v1.0
2025-01-30 04:00:20,577 INFO c.h.h.t.HelmChartContainer - [hivemq-test-hivemq-platform] [hivemq-platform-operator] [ab01aa0e] 
2025-01-30 04:00:20,577 INFO c.h.h.t.HelmChartContainer - [hivemq-test-hivemq-platform] [hivemq-platform-operator] [ab01aa0e] -------------------------------------------------------------------------
2025-01-30 04:00:20,577 INFO c.h.h.t.HelmChartContainer - [hivemq-test-hivemq-platform] [hivemq-platform-operator] [ab01aa0e] 
2025-01-30 04:00:20,577 INFO c.h.h.t.HelmChartContainer - [hivemq-test-hivemq-platform] [hivemq-platform-operator] [ab01aa0e]   JAVA_OPTS: -XX:+UnlockExperimentalVMOptions -XX:InitialRAMPercentage=75 -XX:MaxRAMPercentage=75 -Duser.language=en -Duser.region=US
2025-01-30 04:00:20,577 INFO c.h.h.t.HelmChartContainer - [hivemq-test-hivemq-platform] [hivemq-platform-operator] [ab01aa0e] 
2025-01-30 04:00:20,577 INFO c.h.h.t.HelmChartContainer - [hivemq-test-hivemq-platform] [hivemq-platform-operator] [ab01aa0e]   JAVA_VERSION: 21
2025-01-30 04:00:20,577 INFO c.h.h.t.HelmChartContainer - [hivemq-test-hivemq-platform] [hivemq-platform-operator] [ab01aa0e] 
2025-01-30 04:00:20,577 INFO c.h.h.t.HelmChartContainer - [hivemq-test-hivemq-platform] [hivemq-platform-operator] [ab01aa0e] -------------------------------------------------------------------------
2025-01-30 04:00:20,578 INFO c.h.h.t.HelmChartContainer - [hivemq-test-hivemq-platform] [hivemq-platform-operator] [ab01aa0e] 
2025-01-30 04:00:23,360 INFO c.h.h.t.HelmChartContainer - [hivemq-test-hivemq-platform] [hivemq-platform-operator] [ab01aa0e] 04:00:23.357 [main] DEBUG org.jboss.logging - Logging Provider: org.jboss.logging.Slf4jLoggerProvider
2025-01-30 04:00:23,496 INFO c.h.h.t.HelmChartContainer - [hivemq-test-hivemq-platform] [hivemq-platform-operator] [ab01aa0e] 04:00:23.494 [main] DEBUG io.smallrye.config - SRCFG01006: Loaded ConfigSource SysPropConfigSource with ordinal 400
2025-01-30 04:00:23,496 INFO c.h.h.t.HelmChartContainer - [hivemq-test-hivemq-platform] [hivemq-platform-operator] [ab01aa0e] 04:00:23.494 [main] DEBUG io.smallrye.config - SRCFG01006: Loaded ConfigSource EnvConfigSource with ordinal 300
2025-01-30 04:00:23,496 INFO c.h.h.t.HelmChartContainer - [hivemq-test-hivemq-platform] [hivemq-platform-operator] [ab01aa0e] 04:00:23.495 [main] DEBUG io.smallrye.config - SRCFG01006: Loaded ConfigSource PropertiesConfigSource[source=jar:file:///opt/hivemq-platform-operator/bin/hivemq-platform-operator.jar!/hivemq-platform-operator.properties] with ordinal 100
2025-01-30 04:00:23,496 INFO c.h.h.t.HelmChartContainer - [hivemq-test-hivemq-platform] [hivemq-platform-operator] [ab01aa0e] 04:00:23.495 [main] DEBUG io.smallrye.config - SRCFG01006: Loaded ConfigSource DefaultValuesConfigSource with ordinal -2147483648
2025-01-30 04:00:23,651 INFO c.h.h.t.HelmChartContainer - [hivemq-test-hivemq-platform] [hivemq-platform-operator] [ab01aa0e] 04:00:23.607 [main] DEBUG i.m.c.u.i.l.InternalLoggerFactory - Using SLF4J as the default logging framework
2025-01-30 04:00:23,795 INFO c.h.h.t.HelmChartContainer - [hivemq-test-hivemq-platform] [hivemq-platform-operator] [ab01aa0e] 04:00:23.755 [main] INFO  c.h.p.o.HiveMQPlatformOperatorApplication - HiveMQ Platform Operator 1.7.0-SNAPSHOT (commit: 47e3375 on branch: HEAD) built on Thu Jan 30 03:55:50 UTC 2025
2025-01-30 04:00:23,796 INFO c.h.h.t.HelmChartContainer - [hivemq-test-hivemq-platform] [hivemq-platform-operator] [ab01aa0e] 04:00:23.794 [main] INFO  c.h.p.o.HiveMQPlatformOperatorApplication - HiveMQ Platform Operator is running in namespace: helmcontainersecuritycontextupgradeplatformit-operator
2025-01-30 04:00:23,796 INFO c.h.h.t.HelmChartContainer - [hivemq-test-hivemq-platform] [hivemq-platform-operator] [ab01aa0e] 04:00:23.794 [main] INFO  c.h.p.o.HiveMQPlatformOperatorApplication - Watching all namespaces
2025-01-30 04:00:23,796 INFO c.h.h.t.HelmChartContainer - [hivemq-test-hivemq-platform] [hivemq-platform-operator] [ab01aa0e] 04:00:23.794 [main] INFO  c.h.p.o.HiveMQPlatformOperatorApplication - Log level: DEBUG
2025-01-30 04:00:23,796 INFO c.h.h.t.HelmChartContainer - [hivemq-test-hivemq-platform] [hivemq-platform-operator] [ab01aa0e] 04:00:23.794 [main] INFO  c.h.p.o.HiveMQPlatformOperatorApplication - Release name: test-hivemq-platform-operator
2025-01-30 04:00:23,796 INFO c.h.h.t.HelmChartContainer - [hivemq-test-hivemq-platform] [hivemq-platform-operator] [ab01aa0e] 04:00:23.794 [main] INFO  c.h.p.o.HiveMQPlatformOperatorApplication - HiveMQ Platform Operator Init image: docker.io/hivemq/hivemq-platform-operator-init-test:snapshot
2025-01-30 04:00:23,796 INFO c.h.h.t.HelmChartContainer - [hivemq-test-hivemq-platform] [hivemq-platform-operator] [ab01aa0e] 04:00:23.794 [main] INFO  c.h.p.o.HiveMQPlatformOperatorApplication - HiveMQ Platform Operator Init App update URL: http://hivemq-platform-operator-test-hivemq-platform-operator.helmcontainersecuritycontextupgradeplatformit-operator.svc:8080/initAppUpdate/hivemq-platform-operator-init-app-1.7.0-SNAPSHOT.jar
2025-01-30 04:00:23,796 INFO c.h.h.t.HelmChartContainer - [hivemq-test-hivemq-platform] [hivemq-platform-operator] [ab01aa0e] 04:00:23.794 [main] INFO  c.h.p.o.HiveMQPlatformOperatorApplication - Additional imagePullSecret for all Platform deployments: none
2025-01-30 04:00:23,797 INFO c.h.h.t.HelmChartContainer - [hivemq-test-hivemq-platform] [hivemq-platform-operator] [ab01aa0e] 04:00:23.794 [main] INFO  c.h.p.o.HiveMQPlatformOperatorApplication - Apply HiveMQ Platform CRD: true
2025-01-30 04:00:23,797 INFO c.h.h.t.HelmChartContainer - [hivemq-test-hivemq-platform] [hivemq-platform-operator] [ab01aa0e] 04:00:23.794 [main] INFO  c.h.p.o.HiveMQPlatformOperatorApplication - Create Platform ServiceAccount: true
2025-01-30 04:00:23,797 INFO c.h.h.t.HelmChartContainer - [hivemq-test-hivemq-platform] [hivemq-platform-operator] [ab01aa0e] 04:00:23.794 [main] INFO  c.h.p.o.HiveMQPlatformOperatorApplication - Create Platform ServiceAccount permissions: true
2025-01-30 04:00:23,797 INFO c.h.h.t.HelmChartContainer - [hivemq-test-hivemq-platform] [hivemq-platform-operator] [ab01aa0e] 04:00:23.794 [main] INFO  c.h.p.o.HiveMQPlatformOperatorApplication - Validate Platform ServiceAccount: true
2025-01-30 04:00:23,797 INFO c.h.h.t.HelmChartContainer - [hivemq-test-hivemq-platform] [hivemq-platform-operator] [ab01aa0e] 04:00:23.794 [main] INFO  c.h.p.o.HiveMQPlatformOperatorApplication - Validate Platform ServiceAccount permissions: true
2025-01-30 04:00:23,957 INFO c.h.h.t.HelmChartContainer - [hivemq-test-hivemq-platform] [hivemq-platform-operator] [ab01aa0e] 04:00:23.956 [main] INFO  c.h.platform.operator.util.CRDUtil - Verifying deployed HiveMQ Platform CRD...
2025-01-30 04:00:25,198 INFO c.h.h.t.HelmChartContainer - [POD] metrics-server-8584b5786c-7qxq5 [cd1f1789-857c-4387-b2c0-448432936b47] in kube-system was MODIFIED
2025-01-30 04:00:25,210 INFO c.h.h.t.HelmChartContainer - [K3S] [replica_set.go:679] "Finished syncing" kind="ReplicaSet" key="kube-system/metrics-server-8584b5786c" duration="16.574754ms"
2025-01-30 04:00:25,210 INFO c.h.h.t.HelmChartContainer - [K3S] [replica_set.go:679] "Finished syncing" kind="ReplicaSet" key="kube-system/metrics-server-8584b5786c" duration="127.347µs"
2025-01-30 04:00:26,453 INFO c.h.h.t.HelmChartContainer - [hivemq-test-hivemq-platform] [hivemq-platform-operator] [ab01aa0e] 04:00:26.451 [main] DEBUG c.h.platform.operator.util.CRDUtil - HiveMQ Platform CRD version v1 is up to date
2025-01-30 04:00:26,453 INFO c.h.h.t.HelmChartContainer - [hivemq-test-hivemq-platform] [hivemq-platform-operator] [ab01aa0e] 04:00:26.451 [main] INFO  c.h.platform.operator.util.CRDUtil - HiveMQ Platform CRD is up to date (version: V1_6_0)
2025-01-30 04:00:26,453 INFO c.h.h.t.HelmChartContainer - [hivemq-test-hivemq-platform] [hivemq-platform-operator] [ab01aa0e] 04:00:26.451 [main] INFO  c.h.platform.operator.util.CRDUtil - Waiting 10000 ms for HiveMQ Platform CRD 'hivemq-platforms.hivemq.com' to become ready...
2025-01-30 04:00:26,700 INFO c.h.h.t.HelmChartContainer - [hivemq-test-hivemq-platform] [hivemq-platform-operator] [ab01aa0e] 04:00:26.698 [vert.x-eventloop-thread-1] DEBUG c.h.platform.operator.util.CRDUtil - Checking CRD condition 'NamesAccepted' (status: 'True')
2025-01-30 04:00:26,701 INFO c.h.h.t.HelmChartContainer - [hivemq-test-hivemq-platform] [hivemq-platform-operator] [ab01aa0e] 04:00:26.699 [vert.x-eventloop-thread-1] DEBUG c.h.platform.operator.util.CRDUtil - Checking CRD condition 'Established' (status: 'True')
2025-01-30 04:00:26,702 INFO c.h.h.t.HelmChartContainer - [hivemq-test-hivemq-platform] [hivemq-platform-operator] [ab01aa0e] 04:00:26.700 [main] INFO  c.h.platform.operator.util.CRDUtil - HiveMQ Platform CRD 'hivemq-platforms.hivemq.com' is ready
2025-01-30 04:00:26,900 INFO c.h.h.t.HelmChartContainer - [hivemq-test-hivemq-platform] [hivemq-platform-operator] [ab01aa0e] 04:00:26.899 [main] INFO  c.h.p.o.HiveMQPlatformReconciler - HiveMQ Platform Operator is starting...
2025-01-30 04:00:27,002 INFO c.h.h.t.HelmChartContainer - [hivemq-test-hivemq-platform] [hivemq-platform-operator] [ab01aa0e] 04:00:27.000 [main] WARN  Default ConfigurationService implementation - Configuration for reconciler 'hivemq-controller' was not found. Known reconcilers: None.
2025-01-30 04:00:27,058 INFO c.h.h.t.HelmChartContainer - [hivemq-test-hivemq-platform] [hivemq-platform-operator] [ab01aa0e] 04:00:27.057 [main] INFO  Default ConfigurationService implementation - Created configuration for reconciler com.hivemq.platform.operator.HiveMQPlatformReconciler with name hivemq-controller
2025-01-30 04:00:27,194 INFO c.h.h.t.HelmChartContainer - [hivemq-test-hivemq-platform] [hivemq-platform-operator] [ab01aa0e] 04:00:27.193 [main] DEBUG c.h.p.o.HiveMQPlatformReconciler - HiveMQ Platform Operator is preparing EventSources
2025-01-30 04:00:27,253 INFO c.h.h.t.HelmChartContainer - [hivemq-test-hivemq-platform] [hivemq-platform-operator] [ab01aa0e] 04:00:27.251 [main] INFO  i.javaoperatorsdk.operator.Operator - Registered reconciler: 'hivemq-controller' for resource: 'class com.hivemq.platform.operator.v1.HiveMQPlatform' for namespace(s): [all namespaces]
2025-01-30 04:00:27,855 INFO c.h.h.t.HelmChartContainer - [hivemq-test-hivemq-platform] [hivemq-platform-operator] [ab01aa0e] 04:00:27.854 [main] INFO  c.h.p.operator.webserver.JettyServer - Starting Jetty server on port 8080
2025-01-30 04:00:27,904 INFO c.h.h.t.HelmChartContainer - [hivemq-test-hivemq-platform] [hivemq-platform-operator] [ab01aa0e] 04:00:27.903 [main] INFO  i.javaoperatorsdk.operator.Operator - Operator SDK 4.9.7 (commit: 2133d28) built on Wed Nov 20 12:56:20 UTC 2024 starting...
2025-01-30 04:00:27,905 INFO c.h.h.t.HelmChartContainer - [hivemq-test-hivemq-platform] [hivemq-platform-operator] [ab01aa0e] 04:00:27.903 [main] INFO  i.javaoperatorsdk.operator.Operator - Client version: 6.13.5
2025-01-30 04:00:27,905 INFO c.h.h.t.HelmChartContainer - [hivemq-test-hivemq-platform] [hivemq-platform-operator] [ab01aa0e] 04:00:27.904 [Controller Starter for: hivemq-controller] INFO  i.j.operator.processing.Controller - Starting 'hivemq-controller' controller for reconciler: com.hivemq.platform.operator.HiveMQPlatformReconciler, resource: com.hivemq.platform.operator.v1.HiveMQPlatform
2025-01-30 04:00:30,313 INFO c.h.h.t.HelmChartContainer - [K3S] [range_allocator.go:247] "Successfully synced" key="6c872e703766"
2025-01-30 04:00:30,500 INFO c.h.h.t.HelmChartContainer - [hivemq-test-hivemq-platform] [hivemq-platform-operator] [ab01aa0e] 04:00:30.498 [Controller Starter for: hivemq-controller] INFO  i.j.operator.processing.Controller - 'hivemq-controller' controller started
2025-01-30 04:00:30,501 INFO c.h.h.t.HelmChartContainer - [hivemq-test-hivemq-platform] [hivemq-platform-operator] [ab01aa0e] 04:00:30.499 [main] INFO  c.h.p.o.HiveMQPlatformOperatorApplication - HiveMQ Platform Operator 1.7.0-SNAPSHOT started in 6743 ms
2025-01-30 04:00:31,217 INFO c.h.h.t.HelmChartContainer - [POD] hivemq-test-hivemq-platform-operator-8669f546db-mcxkl [ab01aa0e-55ef-440a-8f9f-b3c57610a6ec] in helmcontainersecuritycontextupgradeplatformit-operator was MODIFIED
2025-01-30 04:00:31,232 INFO c.h.h.t.HelmChartContainer - [K3S] [replica_set.go:679] "Finished syncing" kind="ReplicaSet" key="helmcontainersecuritycontextupgradeplatformit-operator/hivemq-test-hivemq-platform-operator-8669f546db" duration="18.496771ms"
2025-01-30 04:00:31,232 INFO c.h.h.t.HelmChartContainer - [K3S] [replica_set.go:679] "Finished syncing" kind="ReplicaSet" key="helmcontainersecuritycontextupgradeplatformit-operator/hivemq-test-hivemq-platform-operator-8669f546db" duration="49.041µs"
2025-01-30 04:00:31,344 INFO com.hivemq.helmcharts.util.K8sUtil - Pod 'hivemq-test-hivemq-platform-operator-8669f546db-mcxkl' is ready
2025-01-30 04:00:31,507 DEBUG com.hivemq.helmcharts.util.PodUtil - Received status for command '[sh, -c, stat -c "%u:%g" /proc/1]' on pod 'hivemq-test-hivemq-platform-operator-8669f546db-mcxkl' (exit code: 0)
2025-01-30 04:00:31,582 DEBUG c.h.h.t.HelmChartContainer - Executing helm command: /bin/helm --kubeconfig /etc/rancher/k3s/k3s.yaml install test-hivemq-platform /charts/hivemq-platform --wait --timeout 5m0s --set image.repository=docker.io/hivemq --set image.tag=4.36.0 --set image.pullPolicy=Never --set nodes.resources.cpu=512m -f /files/platform-container-security-context-root-user-values.yaml --namespace helmcontainersecuritycontextupgradeplatformit
2025-01-30 04:00:31,997 INFO c.h.h.t.HelmChartContainer - [hivemq-test-hivemq-platform] [hivemq-platform-operator] [ab01aa0e] 04:00:31.994 [-2082509879-pool-1-thread-2] WARN  i.m.p.PrometheusMeterRegistry - The meter (MeterId{name='operator.sdk.events.received', tags=[tag(action=ADDED),tag(event=ResourceEvent),tag(group=hivemq.com),tag(kind=HiveMQPlatform),tag(name=test-hivemq-platform),tag(namespace=helmcontainersecuritycontextupgradeplatformit),tag(scope=namespace),tag(version=v1)]}) registration has failed: Prometheus requires that all meters with the same name have the same set of tag keys. There is already an existing meter named 'operator.sdk.events.received' containing tag keys [event, group, kind, name, namespace, scope, version]. The meter you are attempting to register has keys [action, event, group, kind, name, namespace, scope, version]. Note that subsequent logs will be logged at debug level.
2025-01-30 04:00:32,496 INFO c.h.h.t.HelmChartContainer - [hivemq-test-hivemq-platform] [hivemq-platform-operator] [ab01aa0e] 04:00:32.494 [pool-6-thread-3] DEBUG c.h.p.o.dependants.PodInfoConfigMap - [helmcont] Desired PodInfo ConfigMap (1 extensions) (1 enabled)
2025-01-30 04:00:32,497 INFO c.h.h.t.HelmChartContainer - [hivemq-test-hivemq-platform] [hivemq-platform-operator] [ab01aa0e] 04:00:32.495 [pool-6-thread-3] DEBUG c.h.p.o.dependants.PodInfoConfigMap - [helmcont] Desired PodInfo ConfigMap (metrics port: 9399) (metrics path: /)
2025-01-30 04:00:32,497 INFO c.h.h.t.HelmChartContainer - [hivemq-test-hivemq-platform] [hivemq-platform-operator] [ab01aa0e] 04:00:32.495 [pool-6-thread-3] DEBUG c.h.p.o.dependants.PodInfoConfigMap - [helmcont] Desired PodInfo ConfigMap (extension state hash: -1817474005)
2025-01-30 04:00:32,500 INFO c.h.h.t.HelmChartContainer - [hivemq-test-hivemq-platform] [hivemq-platform-operator] [ab01aa0e] 04:00:32.498 [pool-6-thread-3] DEBUG c.h.p.o.dependants.PodInfoConfigMap - [helmcont] Create PodInfo ConfigMap
2025-01-30 04:00:32,603 INFO c.h.h.t.HelmChartContainer - [hivemq-test-hivemq-platform] [hivemq-platform-operator] [ab01aa0e] 04:00:32.599 [pool-6-thread-5] DEBUG c.h.p.o.dependants.PodRoleResource - [helmcont] Create Role: Role(apiVersion=rbac.authorization.k8s.io/v1, kind=Role, metadata=ObjectMeta(annotations={meta.helm.sh/release-name=test-hivemq-platform, meta.helm.sh/release-namespace=helmcontainersecuritycontextupgradeplatformit}, creationTimestamp=null, deletionGracePeriodSeconds=null, deletionTimestamp=null, finalizers=[], generateName=null, generation=null, labels={helm.sh/chart=hivemq-platform-0.2.32, app.kubernetes.io/managed-by=Helm, app.kubernetes.io/name=hivemq-platform, hivemq-platform=test-hivemq-platform, app.kubernetes.io/instance=test-hivemq-platform, app.kubernetes.io/version=4.36.0}, managedFields=[], name=hivemq-platform-role-test-hivemq-platform, namespace=helmcontainersecuritycontextupgradeplatformit, ownerReferences=[OwnerReference(apiVersion=hivemq.com/v1, blockOwnerDeletion=null, controller=null, kind=HiveMQPlatform, name=test-hivemq-platform, uid=4db96188-0cef-44a8-b90f-b2890a7aa614, additionalProperties={})], resourceVersion=null, selfLink=null, uid=null, additionalProperties={}), rules=[PolicyRule(apiGroups=[], nonResourceURLs=[], resourceNames=[], resources=[pods], verbs=[get, patch, update], additionalProperties={})], additionalProperties={})
2025-01-30 04:00:32,706 INFO c.h.h.t.HelmChartContainer - [hivemq-test-hivemq-platform] [hivemq-platform-operator] [ab01aa0e] 04:00:32.705 [pool-6-thread-7] DEBUG c.h.p.o.d.PodServiceAccountResource - [helmcont] Desired PodServiceAccountResource (serviceAccountName: hivemq-platform-pod-test-hivemq-platform)
2025-01-30 04:00:32,708 INFO c.h.h.t.HelmChartContainer - [hivemq-test-hivemq-platform] [hivemq-platform-operator] [ab01aa0e] 04:00:32.706 [pool-6-thread-7] DEBUG c.h.p.o.d.PodServiceAccountResource - [helmcont] Create ServiceAccount 'hivemq-platform-pod-test-hivemq-platform'
2025-01-30 04:00:32,898 INFO c.h.h.t.HelmChartContainer - [hivemq-test-hivemq-platform] [hivemq-platform-operator] [ab01aa0e] 04:00:32.897 [pool-6-thread-10] DEBUG c.h.p.o.d.PodRoleBindingResource - [helmcont] Create RoleBinding: RoleBinding(apiVersion=rbac.authorization.k8s.io/v1, kind=RoleBinding, metadata=ObjectMeta(annotations={meta.helm.sh/release-name=test-hivemq-platform, meta.helm.sh/release-namespace=helmcontainersecuritycontextupgradeplatformit}, creationTimestamp=null, deletionGracePeriodSeconds=null, deletionTimestamp=null, finalizers=[], generateName=null, generation=null, labels={helm.sh/chart=hivemq-platform-0.2.32, app.kubernetes.io/managed-by=Helm, app.kubernetes.io/name=hivemq-platform, hivemq-platform=test-hivemq-platform, app.kubernetes.io/instance=test-hivemq-platform, app.kubernetes.io/version=4.36.0}, managedFields=[], name=hivemq-platform-role-binding-test-hivemq-platform, namespace=helmcontainersecuritycontextupgradeplatformit, ownerReferences=[OwnerReference(apiVersion=hivemq.com/v1, blockOwnerDeletion=null, controller=null, kind=HiveMQPlatform, name=test-hivemq-platform, uid=4db96188-0cef-44a8-b90f-b2890a7aa614, additionalProperties={})], resourceVersion=null, selfLink=null, uid=null, additionalProperties={}), roleRef=RoleRef(apiGroup=rbac.authorization.k8s.io, kind=Role, name=hivemq-platform-role-test-hivemq-platform, additionalProperties={}), subjects=[Subject(apiGroup=null, kind=ServiceAccount, name=hivemq-platform-pod-test-hivemq-platform, namespace=helmcontainersecuritycontextupgradeplatformit, additionalProperties={})], additionalProperties={})
2025-01-30 04:00:32,993 INFO c.h.h.t.HelmChartContainer - [hivemq-test-hivemq-platform] [hivemq-platform-operator] [ab01aa0e] 04:00:32.992 [ReconcilerExecutor-hivemq-controller-55] INFO  c.h.p.o.HiveMQPlatformReconciler - [helmcont] Reconciling HiveMQ Platform 'test-hivemq-platform' in namespace 'helmcontainersecuritycontextupgradeplatformit'
2025-01-30 04:00:32,994 INFO c.h.h.t.HelmChartContainer - [hivemq-test-hivemq-platform] [hivemq-platform-operator] [ab01aa0e] 04:00:32.992 [ReconcilerExecutor-hivemq-controller-55] DEBUG c.h.p.o.HiveMQPlatformReconciler - [helmcont] Custom Resource Status CREATED - HiveMQ Platform was created (READY)
2025-01-30 04:00:32,994 INFO c.h.h.t.HelmChartContainer - [hivemq-test-hivemq-platform] [hivemq-platform-operator] [ab01aa0e] 04:00:32.992 [ReconcilerExecutor-hivemq-controller-55] DEBUG c.h.p.o.HiveMQPlatformReconciler - [helmcont] Custom Resource Spec (replicas: 1) (extensions: 1)
2025-01-30 04:00:32,997 INFO c.h.h.t.HelmChartContainer - [hivemq-test-hivemq-platform] [hivemq-platform-operator] [ab01aa0e] 04:00:32.996 [ReconcilerExecutor-hivemq-controller-55] INFO  c.h.p.o.h.HiveMQPlatformReconcilerBaseHandler - [helmcont] HiveMQ Platform is starting
2025-01-30 04:00:33,102 INFO c.h.h.t.HelmChartContainer - [hivemq-test-hivemq-platform] [hivemq-platform-operator] [ab01aa0e] 04:00:33.101 [ReconcilerExecutor-hivemq-controller-55] DEBUG c.h.p.operator.event.EventSender - [helmcont] Creating K8s event hivemq-platform-starting: [Start] HiveMQ Platform is starting
2025-01-30 04:00:33,111 INFO c.h.h.t.HelmChartContainer - [EVENT] Normal [Start] HiveMQ Platform is starting [helmcontainersecuritycontextupgradeplatformit:test-hivemq-platform]
2025-01-30 04:00:33,194 INFO c.h.h.t.HelmChartContainer - [hivemq-test-hivemq-platform] [hivemq-platform-operator] [ab01aa0e] 04:00:33.192 [ReconcilerExecutor-hivemq-controller-55] INFO  c.h.p.o.h.AbstractHiveMQReconcilerStateHandler - [helmcont] Update HiveMQ Platform Status (CREATED [READY] -> STARTING [READY]): HiveMQ Platform is starting
2025-01-30 04:00:33,224 DEBUG com.hivemq.helmcharts.util.K8sUtil - Comparing actual state 'STARTING' and waiting for 'RUNNING'
2025-01-30 04:00:33,304 INFO c.h.h.t.HelmChartContainer - [hivemq-test-hivemq-platform] [hivemq-platform-operator] [ab01aa0e] 04:00:33.301 [pool-6-thread-12] DEBUG c.h.p.o.d.PlatformServiceResource - [helmcont] Desired Platform services (3 services)
2025-01-30 04:00:33,309 INFO c.h.h.t.HelmChartContainer - [hivemq-test-hivemq-platform] [hivemq-platform-operator] [ab01aa0e] 04:00:33.308 [pool-6-thread-17] DEBUG c.h.p.o.d.PodServiceAccountResource - [helmcont] Desired PodServiceAccountResource (serviceAccountName: hivemq-platform-pod-test-hivemq-platform)
2025-01-30 04:00:33,394 INFO c.h.h.t.HelmChartContainer - [hivemq-test-hivemq-platform] [hivemq-platform-operator] [ab01aa0e] 04:00:33.306 [pool-6-thread-13] DEBUG c.h.p.o.dependants.PodInfoConfigMap - [helmcont] Desired PodInfo ConfigMap (1 extensions) (1 enabled)
2025-01-30 04:00:33,394 INFO c.h.h.t.HelmChartContainer - [hivemq-test-hivemq-platform] [hivemq-platform-operator] [ab01aa0e] 04:00:33.391 [pool-6-thread-13] DEBUG c.h.p.o.dependants.PodInfoConfigMap - [helmcont] Desired PodInfo ConfigMap (metrics port: 9399) (metrics path: /)
2025-01-30 04:00:33,394 INFO c.h.h.t.HelmChartContainer - [hivemq-test-hivemq-platform] [hivemq-platform-operator] [ab01aa0e] 04:00:33.392 [pool-6-thread-13] DEBUG c.h.p.o.dependants.PodInfoConfigMap - [helmcont] Desired PodInfo ConfigMap (extension state hash: -1817474005)
2025-01-30 04:00:33,403 INFO c.h.h.t.HelmChartContainer - [hivemq-test-hivemq-platform] [hivemq-platform-operator] [ab01aa0e] 04:00:33.402 [pool-6-thread-13] DEBUG c.h.p.o.dependants.PodInfoConfigMap - [helmcont] Update PodInfo ConfigMap
2025-01-30 04:00:33,408 INFO c.h.h.t.HelmChartContainer - [K3S] [alloc.go:330] "allocated clusterIPs" service="helmcontainersecuritycontextupgradeplatformit/hivemq-test-hivemq-platform-metrics-9399" clusterIPs={"IPv4":"10.43.171.69"}
2025-01-30 04:00:33,503 INFO c.h.h.t.HelmChartContainer - [K3S] [alloc.go:330] "allocated clusterIPs" service="helmcontainersecuritycontextupgradeplatformit/hivemq-test-hivemq-platform-mqtt-1883" clusterIPs={"IPv4":"10.43.156.90"}
2025-01-30 04:00:33,599 INFO c.h.h.t.HelmChartContainer - [K3S] [alloc.go:330] "allocated clusterIPs" service="helmcontainersecuritycontextupgradeplatformit/hivemq-test-hivemq-platform-cc-8080" clusterIPs={"IPv4":"10.43.188.240"}
2025-01-30 04:00:33,609 INFO c.h.h.t.HelmChartContainer - [hivemq-test-hivemq-platform] [hivemq-platform-operator] [ab01aa0e] 04:00:33.605 [pool-6-thread-20] DEBUG c.h.p.o.d.StatefulSetResource - [helmcont] Desired StatefulSet (1 replicas) for status STARTING (READY)
2025-01-30 04:00:33,699 INFO c.h.h.t.HelmChartContainer - [hivemq-test-hivemq-platform] [hivemq-platform-operator] [ab01aa0e] 04:00:33.697 [pool-6-thread-20] DEBUG c.h.p.o.d.StatefulSetResource - [helmcont] Create StatefulSet
2025-01-30 04:00:33,731 INFO c.h.h.t.HelmChartContainer - [POD] test-hivemq-platform-0 [8dd543e0-503e-41dd-9b5e-d447731009ae] in helmcontainersecuritycontextupgradeplatformit was ADDED
2025-01-30 04:00:33,732 INFO c.h.h.t.HelmChartContainer - [EVENT] Normal [SuccessfulCreate] create Pod test-hivemq-platform-0 in StatefulSet test-hivemq-platform successful [helmcontainersecuritycontextupgradeplatformit:test-hivemq-platform]
2025-01-30 04:00:33,736 INFO c.h.h.t.HelmChartContainer - [EVENT] Normal [Scheduled] Successfully assigned helmcontainersecuritycontextupgradeplatformit/test-hivemq-platform-0 to 6c872e703766 [helmcontainersecuritycontextupgradeplatformit:test-hivemq-platform-0]
2025-01-30 04:00:33,737 INFO c.h.h.t.HelmChartContainer - [POD] test-hivemq-platform-0 [8dd543e0-503e-41dd-9b5e-d447731009ae] in helmcontainersecuritycontextupgradeplatformit was MODIFIED
2025-01-30 04:00:33,748 INFO c.h.h.t.HelmChartContainer - [POD] test-hivemq-platform-0 [8dd543e0-503e-41dd-9b5e-d447731009ae] in helmcontainersecuritycontextupgradeplatformit was MODIFIED
2025-01-30 04:00:33,809 INFO c.h.h.t.HelmChartContainer - [K3S] [reconciler_common.go:251] "operationExecutor.VerifyControllerAttachedVolume started for volume \"pod-info\" (UniqueName: \"kubernetes.io/configmap/8dd543e0-503e-41dd-9b5e-d447731009ae-pod-info\") pod \"test-hivemq-platform-0\" (UID: \"8dd543e0-503e-41dd-9b5e-d447731009ae\") " pod="helmcontainersecuritycontextupgradeplatformit/test-hivemq-platform-0"
2025-01-30 04:00:33,810 INFO c.h.h.t.HelmChartContainer - [K3S] [reconciler_common.go:251] "operationExecutor.VerifyControllerAttachedVolume started for volume \"broker-configuration\" (UniqueName: \"kubernetes.io/configmap/8dd543e0-503e-41dd-9b5e-d447731009ae-broker-configuration\") pod \"test-hivemq-platform-0\" (UID: \"8dd543e0-503e-41dd-9b5e-d447731009ae\") " pod="helmcontainersecuritycontextupgradeplatformit/test-hivemq-platform-0"
2025-01-30 04:00:33,810 INFO c.h.h.t.HelmChartContainer - [K3S] [reconciler_common.go:251] "operationExecutor.VerifyControllerAttachedVolume started for volume \"kube-api-access-4rqwb\" (UniqueName: \"kubernetes.io/projected/8dd543e0-503e-41dd-9b5e-d447731009ae-kube-api-access-4rqwb\") pod \"test-hivemq-platform-0\" (UID: \"8dd543e0-503e-41dd-9b5e-d447731009ae\") " pod="helmcontainersecuritycontextupgradeplatformit/test-hivemq-platform-0"
2025-01-30 04:00:33,810 INFO c.h.h.t.HelmChartContainer - [K3S] [reconciler_common.go:251] "operationExecutor.VerifyControllerAttachedVolume started for volume \"operator-init\" (UniqueName: \"kubernetes.io/empty-dir/8dd543e0-503e-41dd-9b5e-d447731009ae-operator-init\") pod \"test-hivemq-platform-0\" (UID: \"8dd543e0-503e-41dd-9b5e-d447731009ae\") " pod="helmcontainersecuritycontextupgradeplatformit/test-hivemq-platform-0"
2025-01-30 04:00:33,893 INFO c.h.h.t.HelmChartContainer - [hivemq-test-hivemq-platform] [hivemq-platform-operator] [ab01aa0e] 04:00:33.891 [ReconcilerExecutor-hivemq-controller-66] INFO  c.h.p.o.HiveMQPlatformReconciler - [helmcont] Reconciling HiveMQ Platform 'test-hivemq-platform' in namespace 'helmcontainersecuritycontextupgradeplatformit'
2025-01-30 04:00:33,895 INFO c.h.h.t.HelmChartContainer - [hivemq-test-hivemq-platform] [hivemq-platform-operator] [ab01aa0e] 04:00:33.891 [ReconcilerExecutor-hivemq-controller-66] DEBUG c.h.p.o.HiveMQPlatformReconciler - [helmcont] Custom Resource Status STARTING - HiveMQ Platform is starting (READY)
2025-01-30 04:00:33,896 INFO c.h.h.t.HelmChartContainer - [hivemq-test-hivemq-platform] [hivemq-platform-operator] [ab01aa0e] 04:00:33.891 [ReconcilerExecutor-hivemq-controller-66] DEBUG c.h.p.o.HiveMQPlatformReconciler - [helmcont] Custom Resource Spec (replicas: 1) (extensions: 1)
2025-01-30 04:00:33,898 INFO c.h.h.t.HelmChartContainer - [hivemq-test-hivemq-platform] [hivemq-platform-operator] [ab01aa0e] 04:00:33.897 [ReconcilerExecutor-hivemq-controller-66] DEBUG c.h.p.o.HiveMQPlatformReconciler - [helmcont] StatefulSet Status (revision: test-hivemq-platform-5fb49467b6, replicas: 1, available: 0, ready: 0, current: 1, updated: 1)
2025-01-30 04:00:33,899 INFO c.h.h.t.HelmChartContainer - [hivemq-test-hivemq-platform] [hivemq-platform-operator] [ab01aa0e] 04:00:33.897 [ReconcilerExecutor-hivemq-controller-66] DEBUG c.h.p.o.HiveMQPlatformReconciler - [helmcont] StatefulSet Spec (replicas: 1, init containers: 1, containers: 1, volumes: 3)
2025-01-30 04:00:33,997 INFO c.h.h.t.HelmChartContainer - [hivemq-test-hivemq-platform] [hivemq-platform-operator] [ab01aa0e] 04:00:33.995 [ReconcilerExecutor-hivemq-controller-66] DEBUG c.h.p.o.h.HiveMQPlatformReconcilerErrorHandler - [helmcont] Pod 'test-hivemq-platform-0' phase Pending
2025-01-30 04:00:33,998 INFO c.h.h.t.HelmChartContainer - [hivemq-test-hivemq-platform] [hivemq-platform-operator] [ab01aa0e] 04:00:33.996 [ReconcilerExecutor-hivemq-controller-66] DEBUG c.h.p.o.h.HiveMQPlatformReconcilerErrorHandler - [helmcont] Pod 'test-hivemq-platform-0' condition 'PodReadyToStartContainers': False
2025-01-30 04:00:33,998 INFO c.h.h.t.HelmChartContainer - [hivemq-test-hivemq-platform] [hivemq-platform-operator] [ab01aa0e] 04:00:33.996 [ReconcilerExecutor-hivemq-controller-66] DEBUG c.h.p.o.h.HiveMQPlatformReconcilerErrorHandler - [helmcont] Pod 'test-hivemq-platform-0' condition 'Initialized': False
2025-01-30 04:00:33,999 INFO c.h.h.t.HelmChartContainer - [hivemq-test-hivemq-platform] [hivemq-platform-operator] [ab01aa0e] 04:00:33.996 [ReconcilerExecutor-hivemq-controller-66] DEBUG c.h.p.o.h.HiveMQPlatformReconcilerErrorHandler - [helmcont] Pod 'test-hivemq-platform-0' condition 'Ready': False
2025-01-30 04:00:33,999 INFO c.h.h.t.HelmChartContainer - [hivemq-test-hivemq-platform] [hivemq-platform-operator] [ab01aa0e] 04:00:33.996 [ReconcilerExecutor-hivemq-controller-66] DEBUG c.h.p.o.h.HiveMQPlatformReconcilerErrorHandler - [helmcont] Pod 'test-hivemq-platform-0' condition 'ContainersReady': False
2025-01-30 04:00:33,999 INFO c.h.h.t.HelmChartContainer - [hivemq-test-hivemq-platform] [hivemq-platform-operator] [ab01aa0e] 04:00:33.996 [ReconcilerExecutor-hivemq-controller-66] DEBUG c.h.p.o.h.HiveMQPlatformReconcilerErrorHandler - [helmcont] Pod 'test-hivemq-platform-0' condition 'PodScheduled': True
2025-01-30 04:00:33,999 INFO c.h.h.t.HelmChartContainer - [hivemq-test-hivemq-platform] [hivemq-platform-operator] [ab01aa0e] 04:00:33.997 [ReconcilerExecutor-hivemq-controller-66] DEBUG c.h.p.o.h.HiveMQPlatformReconcilerErrorHandler - [helmcont] Pod 'test-hivemq-platform-0' containerStatus 'hivemq' (started: false) (ready: false) (waiting: [PodInitializing] null)
2025-01-30 04:00:34,001 INFO c.h.h.t.HelmChartContainer - [hivemq-test-hivemq-platform] [hivemq-platform-operator] [ab01aa0e] 04:00:34.000 [ReconcilerExecutor-hivemq-controller-66] INFO  c.h.p.o.h.HiveMQPlatformReconcilerBaseHandler - [helmcont] HiveMQ Platform is starting, 0 of 1 replicas are ready
2025-01-30 04:00:34,008 INFO c.h.h.t.HelmChartContainer - [hivemq-test-hivemq-platform] [hivemq-platform-operator] [ab01aa0e] 04:00:34.006 [pool-6-thread-22] DEBUG c.h.p.o.d.PlatformServiceResource - [helmcont] Desired Platform services (3 services)
2025-01-30 04:00:34,095 INFO c.h.h.t.HelmChartContainer - [hivemq-test-hivemq-platform] [hivemq-platform-operator] [ab01aa0e] 04:00:34.092 [pool-6-thread-23] DEBUG c.h.p.o.dependants.PodInfoConfigMap - [helmcont] Desired PodInfo ConfigMap (1 extensions) (1 enabled)
2025-01-30 04:00:34,095 INFO c.h.h.t.HelmChartContainer - [hivemq-test-hivemq-platform] [hivemq-platform-operator] [ab01aa0e] 04:00:34.092 [pool-6-thread-23] DEBUG c.h.p.o.dependants.PodInfoConfigMap - [helmcont] Desired PodInfo ConfigMap (metrics port: 9399) (metrics path: /)
2025-01-30 04:00:34,095 INFO c.h.h.t.HelmChartContainer - [hivemq-test-hivemq-platform] [hivemq-platform-operator] [ab01aa0e] 04:00:34.092 [pool-6-thread-23] DEBUG c.h.p.o.dependants.PodInfoConfigMap - [helmcont] Desired PodInfo ConfigMap (extension state hash: -1817474005)
2025-01-30 04:00:34,098 INFO c.h.h.t.HelmChartContainer - [hivemq-test-hivemq-platform] [hivemq-platform-operator] [ab01aa0e] 04:00:34.095 [pool-6-thread-27] DEBUG c.h.p.o.d.PodServiceAccountResource - [helmcont] Desired PodServiceAccountResource (serviceAccountName: hivemq-platform-pod-test-hivemq-platform)
2025-01-30 04:00:34,107 INFO c.h.h.t.HelmChartContainer - [hivemq-test-hivemq-platform] [hivemq-platform-operator] [ab01aa0e] 04:00:34.105 [pool-6-thread-30] DEBUG c.h.p.o.d.StatefulSetResource - [helmcont] Desired StatefulSet (1 replicas) for status STARTING (READY)
2025-01-30 04:00:34,140 INFO c.h.h.t.HelmChartContainer - [EVENT] Normal [Pulled] Container image "docker.io/hivemq/hivemq-platform-operator-init-test:snapshot" already present on machine [helmcontainersecuritycontextupgradeplatformit:test-hivemq-platform-0]
2025-01-30 04:00:34,147 INFO c.h.h.t.HelmChartContainer - [EVENT] Normal [Created] Created container: hivemq-platform-operator-init [helmcontainersecuritycontextupgradeplatformit:test-hivemq-platform-0]
2025-01-30 04:00:34,189 INFO c.h.h.t.HelmChartContainer - [EVENT] Normal [Started] Started container hivemq-platform-operator-init [helmcontainersecuritycontextupgradeplatformit:test-hivemq-platform-0]
2025-01-30 04:00:34,197 INFO c.h.h.t.HelmChartContainer - [hivemq-test-hivemq-platform] [hivemq-platform-operator] [ab01aa0e] 04:00:34.193 [ReconcilerExecutor-hivemq-controller-77] INFO  c.h.p.o.HiveMQPlatformReconciler - [helmcont] Reconciling HiveMQ Platform 'test-hivemq-platform' in namespace 'helmcontainersecuritycontextupgradeplatformit'
2025-01-30 04:00:34,197 INFO c.h.h.t.HelmChartContainer - [hivemq-test-hivemq-platform] [hivemq-platform-operator] [ab01aa0e] 04:00:34.194 [ReconcilerExecutor-hivemq-controller-77] DEBUG c.h.p.o.HiveMQPlatformReconciler - [helmcont] Custom Resource Status STARTING - HiveMQ Platform is starting (READY)
2025-01-30 04:00:34,197 INFO c.h.h.t.HelmChartContainer - [hivemq-test-hivemq-platform] [hivemq-platform-operator] [ab01aa0e] 04:00:34.194 [ReconcilerExecutor-hivemq-controller-77] DEBUG c.h.p.o.HiveMQPlatformReconciler - [helmcont] Custom Resource Spec (replicas: 1) (extensions: 1)
2025-01-30 04:00:34,200 INFO c.h.h.t.HelmChartContainer - [hivemq-test-hivemq-platform] [hivemq-platform-operator] [ab01aa0e] 04:00:34.199 [ReconcilerExecutor-hivemq-controller-77] DEBUG c.h.p.o.HiveMQPlatformReconciler - [helmcont] StatefulSet Status (revision: test-hivemq-platform-5fb49467b6, replicas: 1, available: 0, ready: 0, current: 1, updated: 1)
2025-01-30 04:00:34,201 INFO c.h.h.t.HelmChartContainer - [hivemq-test-hivemq-platform] [hivemq-platform-operator] [ab01aa0e] 04:00:34.199 [ReconcilerExecutor-hivemq-controller-77] DEBUG c.h.p.o.HiveMQPlatformReconciler - [helmcont] StatefulSet Spec (replicas: 1, init containers: 1, containers: 1, volumes: 3)
2025-01-30 04:00:34,204 INFO c.h.h.t.HelmChartContainer - [hivemq-test-hivemq-platform] [hivemq-platform-operator] [ab01aa0e] 04:00:34.202 [ReconcilerExecutor-hivemq-controller-77] DEBUG c.h.p.o.h.HiveMQPlatformReconcilerErrorHandler - [helmcont] Pod 'test-hivemq-platform-0' phase Pending
2025-01-30 04:00:34,206 INFO c.h.h.t.HelmChartContainer - [hivemq-test-hivemq-platform] [hivemq-platform-operator] [ab01aa0e] 04:00:34.203 [ReconcilerExecutor-hivemq-controller-77] DEBUG c.h.p.o.h.HiveMQPlatformReconcilerErrorHandler - [helmcont] Pod 'test-hivemq-platform-0' condition 'PodReadyToStartContainers': False
2025-01-30 04:00:34,206 INFO c.h.h.t.HelmChartContainer - [hivemq-test-hivemq-platform] [hivemq-platform-operator] [ab01aa0e] 04:00:34.203 [ReconcilerExecutor-hivemq-controller-77] DEBUG c.h.p.o.h.HiveMQPlatformReconcilerErrorHandler - [helmcont] Pod 'test-hivemq-platform-0' condition 'Initialized': False
2025-01-30 04:00:34,206 INFO c.h.h.t.HelmChartContainer - [hivemq-test-hivemq-platform] [hivemq-platform-operator] [ab01aa0e] 04:00:34.203 [ReconcilerExecutor-hivemq-controller-77] DEBUG c.h.p.o.h.HiveMQPlatformReconcilerErrorHandler - [helmcont] Pod 'test-hivemq-platform-0' condition 'Ready': False
2025-01-30 04:00:34,206 INFO c.h.h.t.HelmChartContainer - [hivemq-test-hivemq-platform] [hivemq-platform-operator] [ab01aa0e] 04:00:34.203 [ReconcilerExecutor-hivemq-controller-77] DEBUG c.h.p.o.h.HiveMQPlatformReconcilerErrorHandler - [helmcont] Pod 'test-hivemq-platform-0' condition 'ContainersReady': False
2025-01-30 04:00:34,206 INFO c.h.h.t.HelmChartContainer - [hivemq-test-hivemq-platform] [hivemq-platform-operator] [ab01aa0e] 04:00:34.203 [ReconcilerExecutor-hivemq-controller-77] DEBUG c.h.p.o.h.HiveMQPlatformReconcilerErrorHandler - [helmcont] Pod 'test-hivemq-platform-0' condition 'PodScheduled': True
2025-01-30 04:00:34,206 INFO c.h.h.t.HelmChartContainer - [hivemq-test-hivemq-platform] [hivemq-platform-operator] [ab01aa0e] 04:00:34.203 [ReconcilerExecutor-hivemq-controller-77] DEBUG c.h.p.o.h.HiveMQPlatformReconcilerErrorHandler - [helmcont] Pod 'test-hivemq-platform-0' containerStatus 'hivemq' (started: false) (ready: false) (waiting: [PodInitializing] null)
2025-01-30 04:00:34,207 INFO c.h.h.t.HelmChartContainer - [hivemq-test-hivemq-platform] [hivemq-platform-operator] [ab01aa0e] 04:00:34.206 [ReconcilerExecutor-hivemq-controller-77] INFO  c.h.p.o.h.HiveMQPlatformReconcilerBaseHandler - [helmcont] HiveMQ Platform is starting, 0 of 1 replicas are ready
2025-01-30 04:00:34,236 INFO c.h.h.t.HelmChartContainer - [POD] test-hivemq-platform-0 [8dd543e0-503e-41dd-9b5e-d447731009ae] in helmcontainersecuritycontextupgradeplatformit was MODIFIED
2025-01-30 04:00:34,305 INFO c.h.h.t.HelmChartContainer - [hivemq-test-hivemq-platform] [hivemq-platform-operator] [ab01aa0e] 04:00:34.301 [pool-6-thread-32] DEBUG c.h.p.o.d.PlatformServiceResource - [helmcont] Desired Platform services (3 services)
2025-01-30 04:00:34,307 INFO c.h.h.t.HelmChartContainer - [hivemq-test-hivemq-platform] [hivemq-platform-operator] [ab01aa0e] 04:00:34.306 [pool-6-thread-33] DEBUG c.h.p.o.dependants.PodInfoConfigMap - [helmcont] Desired PodInfo ConfigMap (1 extensions) (1 enabled)
2025-01-30 04:00:34,308 INFO c.h.h.t.HelmChartContainer - [hivemq-test-hivemq-platform] [hivemq-platform-operator] [ab01aa0e] 04:00:34.306 [pool-6-thread-37] DEBUG c.h.p.o.d.PodServiceAccountResource - [helmcont] Desired PodServiceAccountResource (serviceAccountName: hivemq-platform-pod-test-hivemq-platform)
2025-01-30 04:00:34,308 INFO c.h.h.t.HelmChartContainer - [hivemq-test-hivemq-platform] [hivemq-platform-operator] [ab01aa0e] 04:00:34.306 [pool-6-thread-33] DEBUG c.h.p.o.dependants.PodInfoConfigMap - [helmcont] Desired PodInfo ConfigMap (metrics port: 9399) (metrics path: /)
2025-01-30 04:00:34,308 INFO c.h.h.t.HelmChartContainer - [hivemq-test-hivemq-platform] [hivemq-platform-operator] [ab01aa0e] 04:00:34.306 [pool-6-thread-33] DEBUG c.h.p.o.dependants.PodInfoConfigMap - [helmcont] Desired PodInfo ConfigMap (extension state hash: -1817474005)
2025-01-30 04:00:34,396 INFO c.h.h.t.HelmChartContainer - [hivemq-test-hivemq-platform] [hivemq-platform-operator] [ab01aa0e] 04:00:34.393 [pool-6-thread-40] DEBUG c.h.p.o.d.StatefulSetResource - [helmcont] Desired StatefulSet (1 replicas) for status STARTING (READY)
2025-01-30 04:00:34,402 INFO c.h.h.t.HelmChartContainer - [hivemq-test-hivemq-platform] [hivemq-platform-operator] [ab01aa0e] 04:00:34.400 [ReconcilerExecutor-hivemq-controller-88] INFO  c.h.p.o.HiveMQPlatformReconciler - [helmcont] Reconciling HiveMQ Platform 'test-hivemq-platform' in namespace 'helmcontainersecuritycontextupgradeplatformit'
2025-01-30 04:00:34,403 INFO c.h.h.t.HelmChartContainer - [hivemq-test-hivemq-platform] [hivemq-platform-operator] [ab01aa0e] 04:00:34.400 [ReconcilerExecutor-hivemq-controller-88] DEBUG c.h.p.o.HiveMQPlatformReconciler - [helmcont] Custom Resource Status STARTING - HiveMQ Platform is starting (READY)
2025-01-30 04:00:34,403 INFO c.h.h.t.HelmChartContainer - [hivemq-test-hivemq-platform] [hivemq-platform-operator] [ab01aa0e] 04:00:34.400 [ReconcilerExecutor-hivemq-controller-88] DEBUG c.h.p.o.HiveMQPlatformReconciler - [helmcont] Custom Resource Spec (replicas: 1) (extensions: 1)
2025-01-30 04:00:34,407 INFO c.h.h.t.HelmChartContainer - [hivemq-test-hivemq-platform] [hivemq-platform-operator] [ab01aa0e] 04:00:34.405 [ReconcilerExecutor-hivemq-controller-88] DEBUG c.h.p.o.HiveMQPlatformReconciler - [helmcont] StatefulSet Status (revision: test-hivemq-platform-5fb49467b6, replicas: 1, available: 0, ready: 0, current: 1, updated: 1)
2025-01-30 04:00:34,407 INFO c.h.h.t.HelmChartContainer - [hivemq-test-hivemq-platform] [hivemq-platform-operator] [ab01aa0e] 04:00:34.406 [ReconcilerExecutor-hivemq-controller-88] DEBUG c.h.p.o.HiveMQPlatformReconciler - [helmcont] StatefulSet Spec (replicas: 1, init containers: 1, containers: 1, volumes: 3)
2025-01-30 04:00:34,413 INFO c.h.h.t.HelmChartContainer - [hivemq-test-hivemq-platform] [hivemq-platform-operator] [ab01aa0e] 04:00:34.411 [ReconcilerExecutor-hivemq-controller-88] DEBUG c.h.p.o.h.HiveMQPlatformReconcilerErrorHandler - [helmcont] Pod 'test-hivemq-platform-0' phase Pending
2025-01-30 04:00:34,413 INFO c.h.h.t.HelmChartContainer - [hivemq-test-hivemq-platform] [hivemq-platform-operator] [ab01aa0e] 04:00:34.411 [ReconcilerExecutor-hivemq-controller-88] DEBUG c.h.p.o.h.HiveMQPlatformReconcilerErrorHandler - [helmcont] Pod 'test-hivemq-platform-0' condition 'PodReadyToStartContainers': True
2025-01-30 04:00:34,413 INFO c.h.h.t.HelmChartContainer - [hivemq-test-hivemq-platform] [hivemq-platform-operator] [ab01aa0e] 04:00:34.411 [ReconcilerExecutor-hivemq-controller-88] DEBUG c.h.p.o.h.HiveMQPlatformReconcilerErrorHandler - [helmcont] Pod 'test-hivemq-platform-0' condition 'Initialized': False
2025-01-30 04:00:34,413 INFO c.h.h.t.HelmChartContainer - [hivemq-test-hivemq-platform] [hivemq-platform-operator] [ab01aa0e] 04:00:34.411 [ReconcilerExecutor-hivemq-controller-88] DEBUG c.h.p.o.h.HiveMQPlatformReconcilerErrorHandler - [helmcont] Pod 'test-hivemq-platform-0' condition 'Ready': False
2025-01-30 04:00:34,413 INFO c.h.h.t.HelmChartContainer - [hivemq-test-hivemq-platform] [hivemq-platform-operator] [ab01aa0e] 04:00:34.411 [ReconcilerExecutor-hivemq-controller-88] DEBUG c.h.p.o.h.HiveMQPlatformReconcilerErrorHandler - [helmcont] Pod 'test-hivemq-platform-0' condition 'ContainersReady': False
2025-01-30 04:00:34,413 INFO c.h.h.t.HelmChartContainer - [hivemq-test-hivemq-platform] [hivemq-platform-operator] [ab01aa0e] 04:00:34.411 [ReconcilerExecutor-hivemq-controller-88] DEBUG c.h.p.o.h.HiveMQPlatformReconcilerErrorHandler - [helmcont] Pod 'test-hivemq-platform-0' condition 'PodScheduled': True
2025-01-30 04:00:34,413 INFO c.h.h.t.HelmChartContainer - [hivemq-test-hivemq-platform] [hivemq-platform-operator] [ab01aa0e] 04:00:34.411 [ReconcilerExecutor-hivemq-controller-88] DEBUG c.h.p.o.h.HiveMQPlatformReconcilerErrorHandler - [helmcont] Pod 'test-hivemq-platform-0' containerStatus 'hivemq' (started: false) (ready: false) (waiting: [PodInitializing] null)
2025-01-30 04:00:34,414 INFO c.h.h.t.HelmChartContainer - [hivemq-test-hivemq-platform] [hivemq-platform-operator] [ab01aa0e] 04:00:34.413 [ReconcilerExecutor-hivemq-controller-88] INFO  c.h.p.o.h.HiveMQPlatformReconcilerBaseHandler - [helmcont] HiveMQ Platform is starting, 0 of 1 replicas are ready
2025-01-30 04:00:35,230 INFO c.h.h.t.HelmChartContainer - [EVENT] Normal [Pulled] Container image "docker.io/hivemq/hivemq4:4.36.0" already present on machine [helmcontainersecuritycontextupgradeplatformit:test-hivemq-platform-0]
2025-01-30 04:00:35,231 INFO c.h.h.t.HelmChartContainer - Received Pulled event for container hivemq in pod test-hivemq-platform-0 [8dd543e0-503e-41dd-9b5e-d447731009ae]
2025-01-30 04:00:35,241 INFO c.h.h.t.HelmChartContainer - [EVENT] Normal [Created] Created container: hivemq [helmcontainersecuritycontextupgradeplatformit:test-hivemq-platform-0]
2025-01-30 04:00:35,241 INFO c.h.h.t.HelmChartContainer - Received Created event for container hivemq in pod test-hivemq-platform-0 [8dd543e0-503e-41dd-9b5e-d447731009ae]
2025-01-30 04:00:35,250 INFO c.h.h.t.HelmChartContainer - [POD] test-hivemq-platform-0 [8dd543e0-503e-41dd-9b5e-d447731009ae] in helmcontainersecuritycontextupgradeplatformit was MODIFIED
2025-01-30 04:00:35,260 INFO c.h.h.t.HelmChartContainer - [hivemq-test-hivemq-platform] [hivemq-platform-operator] [ab01aa0e] 04:00:35.254 [pool-6-thread-42] DEBUG c.h.p.o.d.PlatformServiceResource - [helmcont] Desired Platform services (3 services)
2025-01-30 04:00:35,265 INFO c.h.h.t.HelmChartContainer - [hivemq-test-hivemq-platform] [hivemq-platform-operator] [ab01aa0e] 04:00:35.256 [pool-6-thread-43] DEBUG c.h.p.o.dependants.PodInfoConfigMap - [helmcont] Desired PodInfo ConfigMap (1 extensions) (1 enabled)
2025-01-30 04:00:35,265 INFO c.h.h.t.HelmChartContainer - [hivemq-test-hivemq-platform] [hivemq-platform-operator] [ab01aa0e] 04:00:35.256 [pool-6-thread-43] DEBUG c.h.p.o.dependants.PodInfoConfigMap - [helmcont] Desired PodInfo ConfigMap (metrics port: 9399) (metrics path: /)
2025-01-30 04:00:35,265 INFO c.h.h.t.HelmChartContainer - [hivemq-test-hivemq-platform] [hivemq-platform-operator] [ab01aa0e] 04:00:35.256 [pool-6-thread-43] DEBUG c.h.p.o.dependants.PodInfoConfigMap - [helmcont] Desired PodInfo ConfigMap (extension state hash: -1817474005)
2025-01-30 04:00:35,265 INFO c.h.h.t.HelmChartContainer - [hivemq-test-hivemq-platform] [hivemq-platform-operator] [ab01aa0e] 04:00:35.261 [pool-6-thread-47] DEBUG c.h.p.o.d.PodServiceAccountResource - [helmcont] Desired PodServiceAccountResource (serviceAccountName: hivemq-platform-pod-test-hivemq-platform)
2025-01-30 04:00:35,297 INFO c.h.h.t.HelmChartContainer - [hivemq-test-hivemq-platform] [hivemq-platform-operator] [ab01aa0e] 04:00:35.295 [pool-6-thread-50] DEBUG c.h.p.o.d.StatefulSetResource - [helmcont] Desired StatefulSet (1 replicas) for status STARTING (READY)
2025-01-30 04:00:35,303 INFO c.h.h.t.HelmChartContainer - [hivemq-test-hivemq-platform] [hivemq-platform-operator] [ab01aa0e] 04:00:35.300 [ReconcilerExecutor-hivemq-controller-99] INFO  c.h.p.o.HiveMQPlatformReconciler - [helmcont] Reconciling HiveMQ Platform 'test-hivemq-platform' in namespace 'helmcontainersecuritycontextupgradeplatformit'
2025-01-30 04:00:35,304 INFO c.h.h.t.HelmChartContainer - [hivemq-test-hivemq-platform] [hivemq-platform-operator] [ab01aa0e] 04:00:35.301 [ReconcilerExecutor-hivemq-controller-99] DEBUG c.h.p.o.HiveMQPlatformReconciler - [helmcont] Custom Resource Status STARTING - HiveMQ Platform is starting (READY)
2025-01-30 04:00:35,304 INFO c.h.h.t.HelmChartContainer - [hivemq-test-hivemq-platform] [hivemq-platform-operator] [ab01aa0e] 04:00:35.301 [ReconcilerExecutor-hivemq-controller-99] DEBUG c.h.p.o.HiveMQPlatformReconciler - [helmcont] Custom Resource Spec (replicas: 1) (extensions: 1)
2025-01-30 04:00:35,354 INFO c.h.h.t.HelmChartContainer - [hivemq-test-hivemq-platform] [hivemq-platform-operator] [ab01aa0e] 04:00:35.352 [ReconcilerExecutor-hivemq-controller-99] DEBUG c.h.p.o.HiveMQPlatformReconciler - [helmcont] StatefulSet Status (revision: test-hivemq-platform-5fb49467b6, replicas: 1, available: 0, ready: 0, current: 1, updated: 1)
2025-01-30 04:00:35,355 INFO c.h.h.t.HelmChartContainer - [hivemq-test-hivemq-platform] [hivemq-platform-operator] [ab01aa0e] 04:00:35.352 [ReconcilerExecutor-hivemq-controller-99] DEBUG c.h.p.o.HiveMQPlatformReconciler - [helmcont] StatefulSet Spec (replicas: 1, init containers: 1, containers: 1, volumes: 3)
2025-01-30 04:00:35,358 INFO c.h.h.t.HelmChartContainer - [hivemq-test-hivemq-platform] [hivemq-platform-operator] [ab01aa0e] 04:00:35.356 [ReconcilerExecutor-hivemq-controller-99] DEBUG c.h.p.o.h.HiveMQPlatformReconcilerErrorHandler - [helmcont] Pod 'test-hivemq-platform-0' phase Pending
2025-01-30 04:00:35,359 INFO c.h.h.t.HelmChartContainer - [hivemq-test-hivemq-platform] [hivemq-platform-operator] [ab01aa0e] 04:00:35.357 [ReconcilerExecutor-hivemq-controller-99] DEBUG c.h.p.o.h.HiveMQPlatformReconcilerErrorHandler - [helmcont] Pod 'test-hivemq-platform-0' condition 'PodReadyToStartContainers': True
2025-01-30 04:00:35,359 INFO c.h.h.t.HelmChartContainer - [hivemq-test-hivemq-platform] [hivemq-platform-operator] [ab01aa0e] 04:00:35.357 [ReconcilerExecutor-hivemq-controller-99] DEBUG c.h.p.o.h.HiveMQPlatformReconcilerErrorHandler - [helmcont] Pod 'test-hivemq-platform-0' condition 'Initialized': True
2025-01-30 04:00:35,359 INFO c.h.h.t.HelmChartContainer - [hivemq-test-hivemq-platform] [hivemq-platform-operator] [ab01aa0e] 04:00:35.357 [ReconcilerExecutor-hivemq-controller-99] DEBUG c.h.p.o.h.HiveMQPlatformReconcilerErrorHandler - [helmcont] Pod 'test-hivemq-platform-0' condition 'Ready': False
2025-01-30 04:00:35,359 INFO c.h.h.t.HelmChartContainer - [hivemq-test-hivemq-platform] [hivemq-platform-operator] [ab01aa0e] 04:00:35.357 [ReconcilerExecutor-hivemq-controller-99] DEBUG c.h.p.o.h.HiveMQPlatformReconcilerErrorHandler - [helmcont] Pod 'test-hivemq-platform-0' condition 'ContainersReady': False
2025-01-30 04:00:35,359 INFO c.h.h.t.HelmChartContainer - [hivemq-test-hivemq-platform] [hivemq-platform-operator] [ab01aa0e] 04:00:35.357 [ReconcilerExecutor-hivemq-controller-99] DEBUG c.h.p.o.h.HiveMQPlatformReconcilerErrorHandler - [helmcont] Pod 'test-hivemq-platform-0' condition 'PodScheduled': True
2025-01-30 04:00:35,359 INFO c.h.h.t.HelmChartContainer - [hivemq-test-hivemq-platform] [hivemq-platform-operator] [ab01aa0e] 04:00:35.357 [ReconcilerExecutor-hivemq-controller-99] DEBUG c.h.p.o.h.HiveMQPlatformReconcilerErrorHandler - [helmcont] Pod 'test-hivemq-platform-0' containerStatus 'hivemq' (started: false) (ready: false) (waiting: [PodInitializing] null)
2025-01-30 04:00:35,359 INFO c.h.h.t.HelmChartContainer - [hivemq-test-hivemq-platform] [hivemq-platform-operator] [ab01aa0e] 04:00:35.358 [ReconcilerExecutor-hivemq-controller-99] INFO  c.h.p.o.h.HiveMQPlatformReconcilerBaseHandler - [helmcont] HiveMQ Platform is starting, 0 of 1 replicas are ready
2025-01-30 04:00:36,250 INFO c.h.h.t.HelmChartContainer - [POD] test-hivemq-platform-0 [8dd543e0-503e-41dd-9b5e-d447731009ae] in helmcontainersecuritycontextupgradeplatformit was MODIFIED
2025-01-30 04:00:36,250 INFO c.h.h.t.HelmChartContainer - [EVENT] Normal [Started] Started container hivemq [helmcontainersecuritycontextupgradeplatformit:test-hivemq-platform-0]
2025-01-30 04:00:36,250 INFO c.h.h.t.HelmChartContainer - Received Started event for container hivemq in pod test-hivemq-platform-0 [8dd543e0-503e-41dd-9b5e-d447731009ae]
2025-01-30 04:00:36,251 INFO c.h.h.t.HelmChartContainer - Started log watcher for hivemq in pod test-hivemq-platform-0 [8dd543e0-503e-41dd-9b5e-d447731009ae]
2025-01-30 04:00:36,253 INFO c.h.h.t.HelmChartContainer - [test-hivemq-platform] [hivemq] [8dd543e0] Adding pre-installed HiveMQ Platform Operator extensions
2025-01-30 04:00:36,254 INFO c.h.h.t.HelmChartContainer - [test-hivemq-platform] [hivemq] [8dd543e0] Running as user 0
2025-01-30 04:00:36,254 INFO c.h.h.t.HelmChartContainer - [test-hivemq-platform] [hivemq] [8dd543e0] Starting HiveMQ Platform Operator Init
2025-01-30 04:00:36,254 INFO c.h.h.t.HelmChartContainer - [hivemq-test-hivemq-platform] [hivemq-platform-operator] [ab01aa0e] 04:00:36.251 [pool-6-thread-6] DEBUG c.h.p.o.d.PlatformServiceResource - [helmcont] Desired Platform services (3 services)
2025-01-30 04:00:36,255 INFO c.h.h.t.HelmChartContainer - [hivemq-test-hivemq-platform] [hivemq-platform-operator] [ab01aa0e] 04:00:36.254 [pool-6-thread-3] DEBUG c.h.p.o.d.PodServiceAccountResource - [helmcont] Desired PodServiceAccountResource (serviceAccountName: hivemq-platform-pod-test-hivemq-platform)
2025-01-30 04:00:36,259 INFO c.h.h.t.HelmChartContainer - [hivemq-test-hivemq-platform] [hivemq-platform-operator] [ab01aa0e] 04:00:36.253 [pool-6-thread-8] DEBUG c.h.p.o.dependants.PodInfoConfigMap - [helmcont] Desired PodInfo ConfigMap (1 extensions) (1 enabled)
2025-01-30 04:00:36,259 INFO c.h.h.t.HelmChartContainer - [hivemq-test-hivemq-platform] [hivemq-platform-operator] [ab01aa0e] 04:00:36.258 [pool-6-thread-8] DEBUG c.h.p.o.dependants.PodInfoConfigMap - [helmcont] Desired PodInfo ConfigMap (metrics port: 9399) (metrics path: /)
2025-01-30 04:00:36,261 INFO c.h.h.t.HelmChartContainer - [hivemq-test-hivemq-platform] [hivemq-platform-operator] [ab01aa0e] 04:00:36.258 [pool-6-thread-8] DEBUG c.h.p.o.dependants.PodInfoConfigMap - [helmcont] Desired PodInfo ConfigMap (extension state hash: -1817474005)
2025-01-30 04:00:36,296 INFO c.h.h.t.HelmChartContainer - [hivemq-test-hivemq-platform] [hivemq-platform-operator] [ab01aa0e] 04:00:36.292 [pool-6-thread-6] DEBUG c.h.p.o.d.StatefulSetResource - [helmcont] Desired StatefulSet (1 replicas) for status STARTING (READY)
2025-01-30 04:00:36,299 INFO c.h.h.t.HelmChartContainer - [hivemq-test-hivemq-platform] [hivemq-platform-operator] [ab01aa0e] 04:00:36.297 [ReconcilerExecutor-hivemq-controller-110] INFO  c.h.p.o.HiveMQPlatformReconciler - [helmcont] Reconciling HiveMQ Platform 'test-hivemq-platform' in namespace 'helmcontainersecuritycontextupgradeplatformit'
2025-01-30 04:00:36,299 INFO c.h.h.t.HelmChartContainer - [hivemq-test-hivemq-platform] [hivemq-platform-operator] [ab01aa0e] 04:00:36.297 [ReconcilerExecutor-hivemq-controller-110] DEBUG c.h.p.o.HiveMQPlatformReconciler - [helmcont] Custom Resource Status STARTING - HiveMQ Platform is starting (READY)
2025-01-30 04:00:36,299 INFO c.h.h.t.HelmChartContainer - [hivemq-test-hivemq-platform] [hivemq-platform-operator] [ab01aa0e] 04:00:36.297 [ReconcilerExecutor-hivemq-controller-110] DEBUG c.h.p.o.HiveMQPlatformReconciler - [helmcont] Custom Resource Spec (replicas: 1) (extensions: 1)
2025-01-30 04:00:36,303 INFO c.h.h.t.HelmChartContainer - [hivemq-test-hivemq-platform] [hivemq-platform-operator] [ab01aa0e] 04:00:36.300 [ReconcilerExecutor-hivemq-controller-110] DEBUG c.h.p.o.HiveMQPlatformReconciler - [helmcont] StatefulSet Status (revision: test-hivemq-platform-5fb49467b6, replicas: 1, available: 0, ready: 0, current: 1, updated: 1)
2025-01-30 04:00:36,303 INFO c.h.h.t.HelmChartContainer - [hivemq-test-hivemq-platform] [hivemq-platform-operator] [ab01aa0e] 04:00:36.301 [ReconcilerExecutor-hivemq-controller-110] DEBUG c.h.p.o.HiveMQPlatformReconciler - [helmcont] StatefulSet Spec (replicas: 1, init containers: 1, containers: 1, volumes: 3)
2025-01-30 04:00:36,354 INFO c.h.h.t.HelmChartContainer - [hivemq-test-hivemq-platform] [hivemq-platform-operator] [ab01aa0e] 04:00:36.351 [ReconcilerExecutor-hivemq-controller-110] DEBUG c.h.p.o.h.HiveMQPlatformReconcilerErrorHandler - [helmcont] Pod 'test-hivemq-platform-0' phase Running
2025-01-30 04:00:36,354 INFO c.h.h.t.HelmChartContainer - [hivemq-test-hivemq-platform] [hivemq-platform-operator] [ab01aa0e] 04:00:36.352 [ReconcilerExecutor-hivemq-controller-110] INFO  c.h.p.o.h.HiveMQPlatformReconcilerBaseHandler - [helmcont] HiveMQ Platform is starting, 0 of 1 replicas are ready
2025-01-30 04:00:36,513 INFO c.h.h.t.HelmChartContainer - [test-hivemq-platform] [hivemq] [8dd543e0] INFO  - [HiveMQ Platform Operator Init 1.7.0-SNAPSHOT] HiveMQ Platform Operator Init 1.7.0-SNAPSHOT (commit: 47e3375 on branch: HEAD) built on Thu Jan 30 03:55:50 UTC 2025
2025-01-30 04:00:37,727 INFO c.h.h.t.HelmChartContainer - [test-hivemq-platform] [hivemq] [8dd543e0] INFO  - [HiveMQ Platform Operator Init App 1.7.0-SNAPSHOT] Using bind address 10.42.0.6 from environment variable
2025-01-30 04:00:38,525 INFO c.h.h.t.HelmChartContainer - [test-hivemq-platform] [hivemq] [8dd543e0] INFO  - [HiveMQ Platform Operator Init App 1.7.0-SNAPSHOT] HiveMQ Platform Operator Init App 1.7.0-SNAPSHOT (commit: 47e3375 on branch: HEAD) built on Thu Jan 30 03:55:50 UTC 2025
2025-01-30 04:00:38,525 INFO c.h.h.t.HelmChartContainer - [test-hivemq-platform] [hivemq] [8dd543e0] INFO  - [HiveMQ Platform Operator Init App 1.7.0-SNAPSHOT] PodInfo ConfigMap directory: /etc/podinfo
2025-01-30 04:00:38,525 INFO c.h.h.t.HelmChartContainer - [test-hivemq-platform] [hivemq] [8dd543e0] INFO  - [HiveMQ Platform Operator Init App 1.7.0-SNAPSHOT] HiveMQ home directory: /opt/hivemq
2025-01-30 04:00:38,525 INFO c.h.h.t.HelmChartContainer - [test-hivemq-platform] [hivemq] [8dd543e0] INFO  - [HiveMQ Platform Operator Init App 1.7.0-SNAPSHOT] HiveMQ Logback folder: /opt/hivemq/conf
2025-01-30 04:00:38,525 INFO c.h.h.t.HelmChartContainer - [test-hivemq-platform] [hivemq] [8dd543e0] INFO  - [HiveMQ Platform Operator Init App 1.7.0-SNAPSHOT] HiveMQ Config folder: /opt/hivemq/conf-k8s
2025-01-30 04:00:38,526 INFO c.h.h.t.HelmChartContainer - [test-hivemq-platform] [hivemq] [8dd543e0] INFO  - [HiveMQ Platform Operator Init App 1.7.0-SNAPSHOT] Starting HiveMQ Platform Operator Init App
2025-01-30 04:00:38,526 INFO c.h.h.t.HelmChartContainer - [test-hivemq-platform] [hivemq] [8dd543e0] INFO  - [HiveMQ Platform Operator Init App 1.7.0-SNAPSHOT] Starting Pod reconciler
2025-01-30 04:00:39,725 INFO c.h.h.t.HelmChartContainer - [test-hivemq-platform] [hivemq] [8dd543e0] INFO  - [HiveMQ Platform Operator Init App 1.7.0-SNAPSHOT] Pod reconciler is scheduled (interval: 5000 ms)
2025-01-30 04:00:39,726 INFO c.h.h.t.HelmChartContainer - [test-hivemq-platform] [hivemq] [8dd543e0] INFO  - [HiveMQ Platform Operator Init App 1.7.0-SNAPSHOT] Starting the REST API on 10.42.0.6:7979
2025-01-30 04:00:39,799 INFO c.h.h.t.HelmChartContainer - [test-hivemq-platform] [hivemq] [8dd543e0] INFO  - [HiveMQ Platform Operator Init App 1.7.0-SNAPSHOT] Waiting up to 600s for at most 1 HiveMQ nodes in cluster service hivemq-test-hivemq-platform-cluster.helmcontainersecuritycontextupgradeplatformit.svc
2025-01-30 04:00:40,111 INFO c.h.h.t.HelmChartContainer - [test-hivemq-platform] [hivemq] [8dd543e0] INFO  - [HiveMQ Platform Operator Init App 1.7.0-SNAPSHOT] Resolved 1 IP addresses: [10.42.0.6]
2025-01-30 04:00:40,112 INFO c.h.h.t.HelmChartContainer - [test-hivemq-platform] [hivemq] [8dd543e0] INFO  - [HiveMQ Platform Operator Init App 1.7.0-SNAPSHOT] HiveMQ node count of 1 is within threshold of 1
2025-01-30 04:00:40,112 INFO c.h.h.t.HelmChartContainer - [test-hivemq-platform] [hivemq] [8dd543e0] INFO  - [HiveMQ Platform Operator Init App 1.7.0-SNAPSHOT] Proceeding with container start
2025-01-30 04:00:40,208 INFO c.h.h.t.HelmChartContainer - [test-hivemq-platform] [hivemq] [8dd543e0] INFO  - [HiveMQ Platform Operator Init App 1.7.0-SNAPSHOT] Initializing HiveMQ Platform extensions with initial configuration: {hivemq-allow-all-extension={start-priority=-1, skip-https-hostname-verification=false, restart=true, config-version=0, header-version=0, c-uri=, priority=-1, uri=preinstalled, skip-https-certificate-validation=false, enabled=true}, hivemq-prometheus-extension={skip-https-hostname-verification=false, skip-https-certificate-validation=false, uri=preinstalled, request-header-path=no-request-headers, enabled=true, restart=true, priority=-1, start-priority=-1, c-uri=}}
2025-01-30 04:00:40,705 INFO c.h.h.t.HelmChartContainer - [test-hivemq-platform] [hivemq] [8dd543e0] INFO  - [HiveMQ Platform Operator Init App 1.7.0-SNAPSHOT] Extension hivemq-allow-all-extension was already enabled
2025-01-30 04:00:40,717 INFO c.h.h.t.HelmChartContainer - [test-hivemq-platform] [hivemq] [8dd543e0] INFO  - [HiveMQ Platform Operator Init App 1.7.0-SNAPSHOT] Successfully enabled extension hivemq-prometheus-extension
2025-01-30 04:00:40,718 INFO c.h.h.t.HelmChartContainer - [test-hivemq-platform] [hivemq] [8dd543e0] INFO  - [HiveMQ Platform Operator Init App 1.7.0-SNAPSHOT] Starting HiveMQ Platform version 4.36.0 (4.36.0)
2025-01-30 04:00:40,718 INFO c.h.h.t.HelmChartContainer - [test-hivemq-platform] [hivemq] [8dd543e0] INFO  - [HiveMQ Platform Operator Init App 1.7.0-SNAPSHOT] Configuring the HiveMQ Platform
2025-01-30 04:00:40,811 INFO c.h.h.t.HelmChartContainer - [test-hivemq-platform] [hivemq] [8dd543e0] INFO  - [HiveMQ Platform Operator Init App 1.7.0-SNAPSHOT] Changed logback.xml file scan period to 20 seconds
2025-01-30 04:00:40,903 INFO c.h.h.t.HelmChartContainer - [test-hivemq-platform] [hivemq] [8dd543e0] INFO  - [HiveMQ Platform Operator Init App 1.7.0-SNAPSHOT] Starting the HiveMQ Platform
2025-01-30 04:00:40,906 INFO c.h.h.t.HelmChartContainer - [test-hivemq-platform] [hivemq] [8dd543e0] -------------------------------------------------------------------------
2025-01-30 04:00:40,906 INFO c.h.h.t.HelmChartContainer - [test-hivemq-platform] [hivemq] [8dd543e0] 
2025-01-30 04:00:40,906 INFO c.h.h.t.HelmChartContainer - [test-hivemq-platform] [hivemq] [8dd543e0]                   _    _  _              __  __   ____
2025-01-30 04:00:40,906 INFO c.h.h.t.HelmChartContainer - [test-hivemq-platform] [hivemq] [8dd543e0]                  | |  | |(_)            |  \/  | / __ \
2025-01-30 04:00:40,906 INFO c.h.h.t.HelmChartContainer - [test-hivemq-platform] [hivemq] [8dd543e0]                  | |__| | _ __   __ ___ | \  / || |  | |
2025-01-30 04:00:40,907 INFO c.h.h.t.HelmChartContainer - [test-hivemq-platform] [hivemq] [8dd543e0]                  |  __  || |\ \ / // _ \| |\/| || |  | |
2025-01-30 04:00:40,907 INFO c.h.h.t.HelmChartContainer - [test-hivemq-platform] [hivemq] [8dd543e0]                  | |  | || | \ V /|  __/| |  | || |__| |
2025-01-30 04:00:40,907 INFO c.h.h.t.HelmChartContainer - [test-hivemq-platform] [hivemq] [8dd543e0]                  |_|  |_||_|  \_/  \___||_|  |_| \___\_\
2025-01-30 04:00:40,907 INFO c.h.h.t.HelmChartContainer - [test-hivemq-platform] [hivemq] [8dd543e0] 
2025-01-30 04:00:40,907 INFO c.h.h.t.HelmChartContainer - [test-hivemq-platform] [hivemq] [8dd543e0] -------------------------------------------------------------------------
2025-01-30 04:00:40,907 INFO c.h.h.t.HelmChartContainer - [test-hivemq-platform] [hivemq] [8dd543e0] 
2025-01-30 04:00:40,907 INFO c.h.h.t.HelmChartContainer - [test-hivemq-platform] [hivemq] [8dd543e0]   HiveMQ Start Script for Linux/Unix v1.14
2025-01-30 04:00:40,907 INFO c.h.h.t.HelmChartContainer - [test-hivemq-platform] [hivemq] [8dd543e0] 
2025-01-30 04:00:40,934 INFO c.h.h.t.HelmChartContainer - [test-hivemq-platform] [hivemq] [8dd543e0] -------------------------------------------------------------------------
2025-01-30 04:00:40,934 INFO c.h.h.t.HelmChartContainer - [test-hivemq-platform] [hivemq] [8dd543e0] 
2025-01-30 04:00:40,934 INFO c.h.h.t.HelmChartContainer - [test-hivemq-platform] [hivemq] [8dd543e0]   HIVEMQ_HOME: /opt/hivemq
2025-01-30 04:00:40,934 INFO c.h.h.t.HelmChartContainer - [test-hivemq-platform] [hivemq] [8dd543e0] 
2025-01-30 04:00:40,934 INFO c.h.h.t.HelmChartContainer - [test-hivemq-platform] [hivemq] [8dd543e0]   JAVA_OPTS: -XX:+UnlockExperimentalVMOptions -XX:InitialRAMPercentage=50 -XX:MaxRAMPercentage=50 -Djava.net.preferIPv4Stack=true --add-opens java.base/java.lang=ALL-UNNAMED --add-opens java.base/java.nio=ALL-UNNAMED --add-opens java.base/sun.nio.ch=ALL-UNNAMED --add-opens jdk.management/com.sun.management.internal=ALL-UNNAMED --add-exports java.base/jdk.internal.misc=ALL-UNNAMED -Djava.security.egd=file:/dev/./urandom -Dcom.sun.management.jmxremote -Dcom.sun.management.jmxremote.port=9010 -Dcom.sun.management.jmxremote.local.only=false -Dcom.sun.management.jmxremote.authenticate=false -Dcom.sun.management.jmxremote.ssl=false -Duser.language=en -Duser.region=US -XX:+CrashOnOutOfMemoryError -XX:+HeapDumpOnOutOfMemoryError
2025-01-30 04:00:40,934 INFO c.h.h.t.HelmChartContainer - [test-hivemq-platform] [hivemq] [8dd543e0] 
2025-01-30 04:00:40,935 INFO c.h.h.t.HelmChartContainer - [test-hivemq-platform] [hivemq] [8dd543e0]   JAVA_VERSION: 21
2025-01-30 04:00:40,935 INFO c.h.h.t.HelmChartContainer - [test-hivemq-platform] [hivemq] [8dd543e0] 
2025-01-30 04:00:40,935 INFO c.h.h.t.HelmChartContainer - [test-hivemq-platform] [hivemq] [8dd543e0] -------------------------------------------------------------------------
2025-01-30 04:00:40,935 INFO c.h.h.t.HelmChartContainer - [test-hivemq-platform] [hivemq] [8dd543e0] 
2025-01-30 04:00:42,310 INFO c.h.h.t.HelmChartContainer - [test-hivemq-platform] [hivemq] [8dd543e0] INFO  - [HiveMQ Platform Operator Init App 1.7.0-SNAPSHOT] Returning default Health API response 503 for readiness
2025-01-30 04:00:42,713 INFO c.h.h.t.HelmChartContainer - [EVENT] Warning [Unhealthy] Readiness probe failed: HTTP probe failed with statuscode: 503 [helmcontainersecuritycontextupgradeplatformit:test-hivemq-platform-0]
2025-01-30 04:00:42,713 INFO c.h.h.t.HelmChartContainer - Received Unhealthy event for container hivemq in pod test-hivemq-platform-0 [8dd543e0-503e-41dd-9b5e-d447731009ae]
2025-01-30 04:00:43,616 INFO c.h.h.t.HelmChartContainer - [test-hivemq-platform] [hivemq] [8dd543e0] INFO  - Starting HiveMQ Enterprise Server
2025-01-30 04:00:43,703 INFO c.h.h.t.HelmChartContainer - [test-hivemq-platform] [hivemq] [8dd543e0] INFO  - HiveMQ version: 4.36.0
2025-01-30 04:00:43,703 INFO c.h.h.t.HelmChartContainer - [test-hivemq-platform] [hivemq] [8dd543e0] INFO  - HiveMQ home directory: /opt/hivemq
2025-01-30 04:00:43,703 INFO c.h.h.t.HelmChartContainer - [test-hivemq-platform] [hivemq] [8dd543e0] INFO  - Log Configuration was overridden by /opt/hivemq/conf/logback.xml
2025-01-30 04:00:45,004 INFO c.h.h.t.HelmChartContainer - [test-hivemq-platform] [hivemq] [8dd543e0] INFO  - Successfully loaded configuration from '/opt/hivemq/conf-k8s/config.xml'.
2025-01-30 04:00:45,700 INFO c.h.h.t.HelmChartContainer - [test-hivemq-platform] [hivemq] [8dd543e0] INFO  - This node's ID is BzGTT
2025-01-30 04:00:45,700 INFO c.h.h.t.HelmChartContainer - [test-hivemq-platform] [hivemq] [8dd543e0] INFO  - Clustering is enabled
2025-01-30 04:00:46,360 INFO c.h.h.t.HelmChartContainer - [hivemq-test-hivemq-platform] [hivemq-platform-operator] [ab01aa0e] 04:00:46.356 [pool-6-thread-14] DEBUG c.h.p.o.d.PlatformServiceResource - [helmcont] Desired Platform services (3 services)
2025-01-30 04:00:46,360 INFO c.h.h.t.HelmChartContainer - [hivemq-test-hivemq-platform] [hivemq-platform-operator] [ab01aa0e] 04:00:46.359 [pool-6-thread-16] DEBUG c.h.p.o.dependants.PodInfoConfigMap - [helmcont] Desired PodInfo ConfigMap (1 extensions) (1 enabled)
2025-01-30 04:00:46,360 INFO c.h.h.t.HelmChartContainer - [hivemq-test-hivemq-platform] [hivemq-platform-operator] [ab01aa0e] 04:00:46.359 [pool-6-thread-16] DEBUG c.h.p.o.dependants.PodInfoConfigMap - [helmcont] Desired PodInfo ConfigMap (metrics port: 9399) (metrics path: /)
2025-01-30 04:00:46,360 INFO c.h.h.t.HelmChartContainer - [hivemq-test-hivemq-platform] [hivemq-platform-operator] [ab01aa0e] 04:00:46.359 [pool-6-thread-16] DEBUG c.h.p.o.dependants.PodInfoConfigMap - [helmcont] Desired PodInfo ConfigMap (extension state hash: -1817474005)
2025-01-30 04:00:46,362 INFO c.h.h.t.HelmChartContainer - [hivemq-test-hivemq-platform] [hivemq-platform-operator] [ab01aa0e] 04:00:46.361 [pool-6-thread-16] DEBUG c.h.p.o.d.PodServiceAccountResource - [helmcont] Desired PodServiceAccountResource (serviceAccountName: hivemq-platform-pod-test-hivemq-platform)
2025-01-30 04:00:46,368 INFO c.h.h.t.HelmChartContainer - [hivemq-test-hivemq-platform] [hivemq-platform-operator] [ab01aa0e] 04:00:46.366 [pool-6-thread-14] DEBUG c.h.p.o.d.StatefulSetResource - [helmcont] Desired StatefulSet (1 replicas) for status STARTING (READY)
2025-01-30 04:00:46,451 INFO c.h.h.t.HelmChartContainer - [hivemq-test-hivemq-platform] [hivemq-platform-operator] [ab01aa0e] 04:00:46.450 [ReconcilerExecutor-hivemq-controller-111] INFO  c.h.p.o.HiveMQPlatformReconciler - [helmcont] Reconciling HiveMQ Platform 'test-hivemq-platform' in namespace 'helmcontainersecuritycontextupgradeplatformit'
2025-01-30 04:00:46,451 INFO c.h.h.t.HelmChartContainer - [hivemq-test-hivemq-platform] [hivemq-platform-operator] [ab01aa0e] 04:00:46.450 [ReconcilerExecutor-hivemq-controller-111] DEBUG c.h.p.o.HiveMQPlatformReconciler - [helmcont] Custom Resource Status STARTING - HiveMQ Platform is starting (READY)
2025-01-30 04:00:46,452 INFO c.h.h.t.HelmChartContainer - [hivemq-test-hivemq-platform] [hivemq-platform-operator] [ab01aa0e] 04:00:46.450 [ReconcilerExecutor-hivemq-controller-111] DEBUG c.h.p.o.HiveMQPlatformReconciler - [helmcont] Custom Resource Spec (replicas: 1) (extensions: 1)
2025-01-30 04:00:46,454 INFO c.h.h.t.HelmChartContainer - [hivemq-test-hivemq-platform] [hivemq-platform-operator] [ab01aa0e] 04:00:46.453 [ReconcilerExecutor-hivemq-controller-111] DEBUG c.h.p.o.HiveMQPlatformReconciler - [helmcont] StatefulSet Status (revision: test-hivemq-platform-5fb49467b6, replicas: 1, available: 0, ready: 0, current: 1, updated: 1)
2025-01-30 04:00:46,455 INFO c.h.h.t.HelmChartContainer - [hivemq-test-hivemq-platform] [hivemq-platform-operator] [ab01aa0e] 04:00:46.453 [ReconcilerExecutor-hivemq-controller-111] DEBUG c.h.p.o.HiveMQPlatformReconciler - [helmcont] StatefulSet Spec (replicas: 1, init containers: 1, containers: 1, volumes: 3)
2025-01-30 04:00:46,457 INFO c.h.h.t.HelmChartContainer - [hivemq-test-hivemq-platform] [hivemq-platform-operator] [ab01aa0e] 04:00:46.456 [ReconcilerExecutor-hivemq-controller-111] DEBUG c.h.p.o.h.HiveMQPlatformReconcilerErrorHandler - [helmcont] Pod 'test-hivemq-platform-0' phase Running
2025-01-30 04:00:46,458 INFO c.h.h.t.HelmChartContainer - [hivemq-test-hivemq-platform] [hivemq-platform-operator] [ab01aa0e] 04:00:46.457 [ReconcilerExecutor-hivemq-controller-111] INFO  c.h.p.o.h.HiveMQPlatformReconcilerBaseHandler - [helmcont] HiveMQ Platform is starting, 0 of 1 replicas are ready
2025-01-30 04:00:47,714 INFO c.h.h.t.HelmChartContainer - [test-hivemq-platform] [hivemq] [8dd543e0] WARN  - [HiveMQ Platform Operator Init App 1.7.0-SNAPSHOT] Cannot connect to Health API for readiness: null
2025-01-30 04:00:47,717 INFO c.h.h.t.HelmChartContainer - [EVENT] Warning [Unhealthy] Readiness probe failed: HTTP probe failed with statuscode: 503 [helmcontainersecuritycontextupgradeplatformit:test-hivemq-platform-0]
2025-01-30 04:00:47,717 INFO c.h.h.t.HelmChartContainer - Received Unhealthy event for container hivemq in pod test-hivemq-platform-0 [8dd543e0-503e-41dd-9b5e-d447731009ae]
2025-01-30 04:00:50,014 INFO c.h.h.t.HelmChartContainer - [test-hivemq-platform] [hivemq] [8dd543e0] Jan 30, 2025 4:00:50 AM io.vertx.core.impl.BlockedThreadChecker
2025-01-30 04:00:50,014 INFO c.h.h.t.HelmChartContainer - [test-hivemq-platform] [hivemq] [8dd543e0] WARNING: Thread Thread[vert.x-eventloop-thread-1,5,main] has been blocked for 2297 ms, time limit is 2000 ms
2025-01-30 04:00:51,006 INFO c.h.h.t.HelmChartContainer - [test-hivemq-platform] [hivemq] [8dd543e0] Jan 30, 2025 4:00:51 AM io.vertx.core.impl.BlockedThreadChecker
2025-01-30 04:00:51,007 INFO c.h.h.t.HelmChartContainer - [test-hivemq-platform] [hivemq] [8dd543e0] WARNING: Thread Thread[vert.x-eventloop-thread-1,5,main] has been blocked for 3297 ms, time limit is 2000 ms
2025-01-30 04:00:51,100 INFO c.h.h.t.HelmChartContainer - [test-hivemq-platform] [hivemq] [8dd543e0] INFO  - [HiveMQ Platform Operator Init App 1.7.0-SNAPSHOT] Updating Pod HiveMQ Platform Operator Init App version annotation (version: 1.7.0-SNAPSHOT)
2025-01-30 04:00:51,720 INFO c.h.h.t.HelmChartContainer - [POD] test-hivemq-platform-0 [8dd543e0-503e-41dd-9b5e-d447731009ae] in helmcontainersecuritycontextupgradeplatformit was MODIFIED
2025-01-30 04:00:51,729 INFO c.h.h.t.HelmChartContainer - [hivemq-test-hivemq-platform] [hivemq-platform-operator] [ab01aa0e] 04:00:51.725 [pool-6-thread-21] DEBUG c.h.p.o.d.PlatformServiceResource - [helmcont] Desired Platform services (3 services)
2025-01-30 04:00:51,729 INFO c.h.h.t.HelmChartContainer - [hivemq-test-hivemq-platform] [hivemq-platform-operator] [ab01aa0e] 04:00:51.726 [pool-6-thread-27] DEBUG c.h.p.o.d.PodServiceAccountResource - [helmcont] Desired PodServiceAccountResource (serviceAccountName: hivemq-platform-pod-test-hivemq-platform)
2025-01-30 04:00:51,732 INFO c.h.h.t.HelmChartContainer - [hivemq-test-hivemq-platform] [hivemq-platform-operator] [ab01aa0e] 04:00:51.729 [pool-6-thread-26] DEBUG c.h.p.o.dependants.PodInfoConfigMap - [helmcont] Desired PodInfo ConfigMap (1 extensions) (1 enabled)
2025-01-30 04:00:51,732 INFO c.h.h.t.HelmChartContainer - [hivemq-test-hivemq-platform] [hivemq-platform-operator] [ab01aa0e] 04:00:51.729 [pool-6-thread-26] DEBUG c.h.p.o.dependants.PodInfoConfigMap - [helmcont] Desired PodInfo ConfigMap (metrics port: 9399) (metrics path: /)
2025-01-30 04:00:51,732 INFO c.h.h.t.HelmChartContainer - [hivemq-test-hivemq-platform] [hivemq-platform-operator] [ab01aa0e] 04:00:51.729 [pool-6-thread-26] DEBUG c.h.p.o.dependants.PodInfoConfigMap - [helmcont] Desired PodInfo ConfigMap (extension state hash: -1817474005)
2025-01-30 04:00:51,734 INFO c.h.h.t.HelmChartContainer - [hivemq-test-hivemq-platform] [hivemq-platform-operator] [ab01aa0e] 04:00:51.733 [pool-6-thread-21] DEBUG c.h.p.o.d.StatefulSetResource - [helmcont] Desired StatefulSet (1 replicas) for status STARTING (READY)
2025-01-30 04:00:51,738 INFO c.h.h.t.HelmChartContainer - [hivemq-test-hivemq-platform] [hivemq-platform-operator] [ab01aa0e] 04:00:51.736 [ReconcilerExecutor-hivemq-controller-112] INFO  c.h.p.o.HiveMQPlatformReconciler - [helmcont] Reconciling HiveMQ Platform 'test-hivemq-platform' in namespace 'helmcontainersecuritycontextupgradeplatformit'
2025-01-30 04:00:51,738 INFO c.h.h.t.HelmChartContainer - [hivemq-test-hivemq-platform] [hivemq-platform-operator] [ab01aa0e] 04:00:51.737 [ReconcilerExecutor-hivemq-controller-112] DEBUG c.h.p.o.HiveMQPlatformReconciler - [helmcont] Custom Resource Status STARTING - HiveMQ Platform is starting (READY)
2025-01-30 04:00:51,738 INFO c.h.h.t.HelmChartContainer - [hivemq-test-hivemq-platform] [hivemq-platform-operator] [ab01aa0e] 04:00:51.737 [ReconcilerExecutor-hivemq-controller-112] DEBUG c.h.p.o.HiveMQPlatformReconciler - [helmcont] Custom Resource Spec (replicas: 1) (extensions: 1)
2025-01-30 04:00:51,739 INFO c.h.h.t.HelmChartContainer - [hivemq-test-hivemq-platform] [hivemq-platform-operator] [ab01aa0e] 04:00:51.737 [ReconcilerExecutor-hivemq-controller-112] DEBUG c.h.p.o.HiveMQPlatformReconciler - [helmcont] StatefulSet Status (revision: test-hivemq-platform-5fb49467b6, replicas: 1, available: 0, ready: 0, current: 1, updated: 1)
2025-01-30 04:00:51,795 INFO c.h.h.t.HelmChartContainer - [hivemq-test-hivemq-platform] [hivemq-platform-operator] [ab01aa0e] 04:00:51.791 [ReconcilerExecutor-hivemq-controller-112] DEBUG c.h.p.o.HiveMQPlatformReconciler - [helmcont] StatefulSet Spec (replicas: 1, init containers: 1, containers: 1, volumes: 3)
2025-01-30 04:00:51,795 INFO c.h.h.t.HelmChartContainer - [hivemq-test-hivemq-platform] [hivemq-platform-operator] [ab01aa0e] 04:00:51.792 [ReconcilerExecutor-hivemq-controller-112] DEBUG c.h.p.o.h.HiveMQPlatformReconcilerErrorHandler - [helmcont] Pod 'test-hivemq-platform-0' phase Running
2025-01-30 04:00:51,796 INFO c.h.h.t.HelmChartContainer - [hivemq-test-hivemq-platform] [hivemq-platform-operator] [ab01aa0e] 04:00:51.793 [ReconcilerExecutor-hivemq-controller-112] INFO  c.h.p.o.h.HiveMQPlatformReconcilerBaseHandler - [helmcont] HiveMQ Platform is starting, 0 of 1 replicas are ready
2025-01-30 04:00:51,810 INFO c.h.h.t.HelmChartContainer - [test-hivemq-platform] [hivemq] [8dd543e0] WARN  - [HiveMQ Platform Operator Init App 1.7.0-SNAPSHOT] Cannot connect to Health API for readiness: null
2025-01-30 04:00:51,815 INFO c.h.h.t.HelmChartContainer - [test-hivemq-platform] [hivemq] [8dd543e0] INFO  - [HiveMQ Platform Operator Init App 1.7.0-SNAPSHOT] Successfully updated Pod HiveMQ Platform Operator Init App version annotation (version: 1.7.0-SNAPSHOT)
2025-01-30 04:00:51,817 INFO c.h.h.t.HelmChartContainer - [EVENT] Warning [Unhealthy] Readiness probe failed: HTTP probe failed with statuscode: 503 [helmcontainersecuritycontextupgradeplatformit:test-hivemq-platform-0]
2025-01-30 04:00:51,817 INFO c.h.h.t.HelmChartContainer - Received Unhealthy event for container hivemq in pod test-hivemq-platform-0 [8dd543e0-503e-41dd-9b5e-d447731009ae]
2025-01-30 04:00:56,722 INFO c.h.h.t.HelmChartContainer - [test-hivemq-platform] [hivemq] [8dd543e0] WARN  - [HiveMQ Platform Operator Init App 1.7.0-SNAPSHOT] Cannot connect to Health API for readiness: null
2025-01-30 04:00:56,726 INFO c.h.h.t.HelmChartContainer - [EVENT] Warning [Unhealthy] Readiness probe failed: HTTP probe failed with statuscode: 503 [helmcontainersecuritycontextupgradeplatformit:test-hivemq-platform-0]
2025-01-30 04:00:56,726 INFO c.h.h.t.HelmChartContainer - Received Unhealthy event for container hivemq in pod test-hivemq-platform-0 [8dd543e0-503e-41dd-9b5e-d447731009ae]
2025-01-30 04:01:01,803 INFO c.h.h.t.HelmChartContainer - [hivemq-test-hivemq-platform] [hivemq-platform-operator] [ab01aa0e] 04:01:01.797 [pool-6-thread-33] DEBUG c.h.p.o.dependants.PodInfoConfigMap - [helmcont] Desired PodInfo ConfigMap (1 extensions) (1 enabled)
2025-01-30 04:01:01,803 INFO c.h.h.t.HelmChartContainer - [hivemq-test-hivemq-platform] [hivemq-platform-operator] [ab01aa0e] 04:01:01.797 [pool-6-thread-33] DEBUG c.h.p.o.dependants.PodInfoConfigMap - [helmcont] Desired PodInfo ConfigMap (metrics port: 9399) (metrics path: /)
2025-01-30 04:01:01,803 INFO c.h.h.t.HelmChartContainer - [hivemq-test-hivemq-platform] [hivemq-platform-operator] [ab01aa0e] 04:01:01.797 [pool-6-thread-33] DEBUG c.h.p.o.dependants.PodInfoConfigMap - [helmcont] Desired PodInfo ConfigMap (extension state hash: -1817474005)
2025-01-30 04:01:01,803 INFO c.h.h.t.HelmChartContainer - [hivemq-test-hivemq-platform] [hivemq-platform-operator] [ab01aa0e] 04:01:01.797 [pool-6-thread-36] DEBUG c.h.p.o.d.PodServiceAccountResource - [helmcont] Desired PodServiceAccountResource (serviceAccountName: hivemq-platform-pod-test-hivemq-platform)
2025-01-30 04:01:01,803 INFO c.h.h.t.HelmChartContainer - [hivemq-test-hivemq-platform] [hivemq-platform-operator] [ab01aa0e] 04:01:01.796 [pool-6-thread-37] DEBUG c.h.p.o.d.PlatformServiceResource - [helmcont] Desired Platform services (3 services)
2025-01-30 04:01:01,812 INFO c.h.h.t.HelmChartContainer - [test-hivemq-platform] [hivemq] [8dd543e0] WARN  - [HiveMQ Platform Operator Init App 1.7.0-SNAPSHOT] Cannot connect to Health API for readiness: null
2025-01-30 04:01:01,812 INFO c.h.h.t.HelmChartContainer - [hivemq-test-hivemq-platform] [hivemq-platform-operator] [ab01aa0e] 04:01:01.809 [pool-6-thread-37] DEBUG c.h.p.o.d.StatefulSetResource - [helmcont] Desired StatefulSet (1 replicas) for status STARTING (READY)
2025-01-30 04:01:01,819 INFO c.h.h.t.HelmChartContainer - [EVENT] Warning [Unhealthy] Readiness probe failed: HTTP probe failed with statuscode: 503 [helmcontainersecuritycontextupgradeplatformit:test-hivemq-platform-0]
2025-01-30 04:01:01,819 INFO c.h.h.t.HelmChartContainer - Received Unhealthy event for container hivemq in pod test-hivemq-platform-0 [8dd543e0-503e-41dd-9b5e-d447731009ae]
2025-01-30 04:01:01,822 INFO c.h.h.t.HelmChartContainer - [hivemq-test-hivemq-platform] [hivemq-platform-operator] [ab01aa0e] 04:01:01.819 [ReconcilerExecutor-hivemq-controller-113] INFO  c.h.p.o.HiveMQPlatformReconciler - [helmcont] Reconciling HiveMQ Platform 'test-hivemq-platform' in namespace 'helmcontainersecuritycontextupgradeplatformit'
2025-01-30 04:01:01,822 INFO c.h.h.t.HelmChartContainer - [hivemq-test-hivemq-platform] [hivemq-platform-operator] [ab01aa0e] 04:01:01.819 [ReconcilerExecutor-hivemq-controller-113] DEBUG c.h.p.o.HiveMQPlatformReconciler - [helmcont] Custom Resource Status STARTING - HiveMQ Platform is starting (READY)
2025-01-30 04:01:01,825 INFO c.h.h.t.HelmChartContainer - [hivemq-test-hivemq-platform] [hivemq-platform-operator] [ab01aa0e] 04:01:01.819 [ReconcilerExecutor-hivemq-controller-113] DEBUG c.h.p.o.HiveMQPlatformReconciler - [helmcont] Custom Resource Spec (replicas: 1) (extensions: 1)
2025-01-30 04:01:01,896 INFO c.h.h.t.HelmChartContainer - [hivemq-test-hivemq-platform] [hivemq-platform-operator] [ab01aa0e] 04:01:01.892 [ReconcilerExecutor-hivemq-controller-113] DEBUG c.h.p.o.HiveMQPlatformReconciler - [helmcont] StatefulSet Status (revision: test-hivemq-platform-5fb49467b6, replicas: 1, available: 0, ready: 0, current: 1, updated: 1)
2025-01-30 04:01:01,896 INFO c.h.h.t.HelmChartContainer - [hivemq-test-hivemq-platform] [hivemq-platform-operator] [ab01aa0e] 04:01:01.892 [ReconcilerExecutor-hivemq-controller-113] DEBUG c.h.p.o.HiveMQPlatformReconciler - [helmcont] StatefulSet Spec (replicas: 1, init containers: 1, containers: 1, volumes: 3)
2025-01-30 04:01:01,897 INFO c.h.h.t.HelmChartContainer - [hivemq-test-hivemq-platform] [hivemq-platform-operator] [ab01aa0e] 04:01:01.895 [ReconcilerExecutor-hivemq-controller-113] DEBUG c.h.p.o.h.HiveMQPlatformReconcilerErrorHandler - [helmcont] Pod 'test-hivemq-platform-0' phase Running
2025-01-30 04:01:01,898 INFO c.h.h.t.HelmChartContainer - [hivemq-test-hivemq-platform] [hivemq-platform-operator] [ab01aa0e] 04:01:01.896 [ReconcilerExecutor-hivemq-controller-113] INFO  c.h.p.o.h.HiveMQPlatformReconcilerBaseHandler - [helmcont] HiveMQ Platform is starting, 0 of 1 replicas are ready
2025-01-30 04:01:03,215 INFO c.h.h.t.HelmChartContainer - [test-hivemq-platform] [hivemq] [8dd543e0] INFO  - No valid license file found. Using trial license, restricted to 25 connections.
2025-01-30 04:01:04,104 INFO c.h.h.t.HelmChartContainer - [test-hivemq-platform] [hivemq] [8dd543e0] WARN  - [HiveMQ Platform Operator Init App 1.7.0-SNAPSHOT] Cannot connect to Health API for liveness: null
2025-01-30 04:01:04,105 INFO c.h.h.t.HelmChartContainer - [test-hivemq-platform] [hivemq] [8dd543e0] INFO  - [HiveMQ Platform Operator Init App 1.7.0-SNAPSHOT] Returning default Health API response 200 for liveness
2025-01-30 04:01:06,804 INFO c.h.h.t.HelmChartContainer - [test-hivemq-platform] [hivemq] [8dd543e0] WARN  - [HiveMQ Platform Operator Init App 1.7.0-SNAPSHOT] Cannot connect to Health API for readiness: null
2025-01-30 04:01:06,810 INFO c.h.h.t.HelmChartContainer - [EVENT] Warning [Unhealthy] Readiness probe failed: HTTP probe failed with statuscode: 503 [helmcontainersecuritycontextupgradeplatformit:test-hivemq-platform-0]
2025-01-30 04:01:06,810 INFO c.h.h.t.HelmChartContainer - Received Unhealthy event for container hivemq in pod test-hivemq-platform-0 [8dd543e0-503e-41dd-9b5e-d447731009ae]
2025-01-30 04:01:08,311 INFO c.h.h.t.HelmChartContainer - [test-hivemq-platform] [hivemq] [8dd543e0] INFO  - No valid license file for Data Hub found. Using free license, restricted to 1 policy.
2025-01-30 04:01:09,520 INFO c.h.h.t.HelmChartContainer - [test-hivemq-platform] [hivemq] [8dd543e0] INFO  - Audit Logger started.
2025-01-30 04:01:10,003 INFO c.h.h.t.HelmChartContainer - [test-hivemq-platform] [hivemq] [8dd543e0] INFO  - This node uses '1' CPU cores.
2025-01-30 04:01:10,008 INFO c.h.h.t.HelmChartContainer - [test-hivemq-platform] [hivemq] [8dd543e0] INFO  - Starting HiveMQ Health API on address 0.0.0.0 and port 8889
2025-01-30 04:01:10,720 INFO c.h.h.t.HelmChartContainer - [test-hivemq-platform] [hivemq] [8dd543e0] INFO  - Started HiveMQ Health API in 713ms
2025-01-30 04:01:11,525 INFO c.h.h.t.HelmChartContainer - [test-hivemq-platform] [hivemq] [8dd543e0] INFO  - Starting HiveMQ extension system.
2025-01-30 04:01:11,716 INFO c.h.h.t.HelmChartContainer - [test-hivemq-platform] [hivemq] [8dd543e0] INFO  - Starting extension with id "hivemq-dns-cluster-discovery" at /opt/hivemq/extensions/hivemq-dns-cluster-discovery
2025-01-30 04:01:11,907 INFO c.h.h.t.HelmChartContainer - [hivemq-test-hivemq-platform] [hivemq-platform-operator] [ab01aa0e] 04:01:11.904 [pool-6-thread-48] DEBUG c.h.p.o.d.PlatformServiceResource - [helmcont] Desired Platform services (3 services)
2025-01-30 04:01:11,912 INFO c.h.h.t.HelmChartContainer - [hivemq-test-hivemq-platform] [hivemq-platform-operator] [ab01aa0e] 04:01:11.906 [pool-6-thread-49] DEBUG c.h.p.o.dependants.PodInfoConfigMap - [helmcont] Desired PodInfo ConfigMap (1 extensions) (1 enabled)
2025-01-30 04:01:11,912 INFO c.h.h.t.HelmChartContainer - [hivemq-test-hivemq-platform] [hivemq-platform-operator] [ab01aa0e] 04:01:11.910 [pool-6-thread-49] DEBUG c.h.p.o.dependants.PodInfoConfigMap - [helmcont] Desired PodInfo ConfigMap (metrics port: 9399) (metrics path: /)
2025-01-30 04:01:11,912 INFO c.h.h.t.HelmChartContainer - [hivemq-test-hivemq-platform] [hivemq-platform-operator] [ab01aa0e] 04:01:11.910 [pool-6-thread-49] DEBUG c.h.p.o.dependants.PodInfoConfigMap - [helmcont] Desired PodInfo ConfigMap (extension state hash: -1817474005)
2025-01-30 04:01:11,913 INFO c.h.h.t.HelmChartContainer - [hivemq-test-hivemq-platform] [hivemq-platform-operator] [ab01aa0e] 04:01:11.907 [pool-6-thread-44] DEBUG c.h.p.o.d.PodServiceAccountResource - [helmcont] Desired PodServiceAccountResource (serviceAccountName: hivemq-platform-pod-test-hivemq-platform)
2025-01-30 04:01:11,997 INFO c.h.h.t.HelmChartContainer - [hivemq-test-hivemq-platform] [hivemq-platform-operator] [ab01aa0e] 04:01:11.994 [pool-6-thread-48] DEBUG c.h.p.o.d.StatefulSetResource - [helmcont] Desired StatefulSet (1 replicas) for status STARTING (READY)
2025-01-30 04:01:12,001 INFO c.h.h.t.HelmChartContainer - [hivemq-test-hivemq-platform] [hivemq-platform-operator] [ab01aa0e] 04:01:11.999 [ReconcilerExecutor-hivemq-controller-114] INFO  c.h.p.o.HiveMQPlatformReconciler - [helmcont] Reconciling HiveMQ Platform 'test-hivemq-platform' in namespace 'helmcontainersecuritycontextupgradeplatformit'
2025-01-30 04:01:12,001 INFO c.h.h.t.HelmChartContainer - [hivemq-test-hivemq-platform] [hivemq-platform-operator] [ab01aa0e] 04:01:11.999 [ReconcilerExecutor-hivemq-controller-114] DEBUG c.h.p.o.HiveMQPlatformReconciler - [helmcont] Custom Resource Status STARTING - HiveMQ Platform is starting (READY)
2025-01-30 04:01:12,001 INFO c.h.h.t.HelmChartContainer - [hivemq-test-hivemq-platform] [hivemq-platform-operator] [ab01aa0e] 04:01:11.999 [ReconcilerExecutor-hivemq-controller-114] DEBUG c.h.p.o.HiveMQPlatformReconciler - [helmcont] Custom Resource Spec (replicas: 1) (extensions: 1)
2025-01-30 04:01:12,005 INFO c.h.h.t.HelmChartContainer - [hivemq-test-hivemq-platform] [hivemq-platform-operator] [ab01aa0e] 04:01:12.004 [ReconcilerExecutor-hivemq-controller-114] DEBUG c.h.p.o.HiveMQPlatformReconciler - [helmcont] StatefulSet Status (revision: test-hivemq-platform-5fb49467b6, replicas: 1, available: 0, ready: 0, current: 1, updated: 1)
2025-01-30 04:01:12,010 INFO c.h.h.t.HelmChartContainer - [hivemq-test-hivemq-platform] [hivemq-platform-operator] [ab01aa0e] 04:01:12.007 [ReconcilerExecutor-hivemq-controller-114] DEBUG c.h.p.o.HiveMQPlatformReconciler - [helmcont] StatefulSet Spec (replicas: 1, init containers: 1, containers: 1, volumes: 3)
2025-01-30 04:01:12,011 INFO c.h.h.t.HelmChartContainer - [hivemq-test-hivemq-platform] [hivemq-platform-operator] [ab01aa0e] 04:01:12.009 [ReconcilerExecutor-hivemq-controller-114] DEBUG c.h.p.o.h.HiveMQPlatformReconcilerErrorHandler - [helmcont] Pod 'test-hivemq-platform-0' phase Running
2025-01-30 04:01:12,016 INFO c.h.h.t.HelmChartContainer - [hivemq-test-hivemq-platform] [hivemq-platform-operator] [ab01aa0e] 04:01:12.014 [ReconcilerExecutor-hivemq-controller-114] INFO  c.h.p.o.h.HiveMQPlatformReconcilerBaseHandler - [helmcont] HiveMQ Platform is starting, 0 of 1 replicas are ready
2025-01-30 04:01:12,507 INFO c.h.h.t.HelmChartContainer - [test-hivemq-platform] [hivemq] [8dd543e0] INFO  - Using TCP cluster transport on address 10.42.0.6 and port 7000
2025-01-30 04:01:12,605 INFO c.h.h.t.HelmChartContainer - [test-hivemq-platform] [hivemq] [8dd543e0] INFO  - Using extension cluster discovery
2025-01-30 04:01:12,761 INFO c.h.h.t.HelmChartContainer - [EVENT] Warning [Unhealthy] Readiness probe failed: Get "http://10.42.0.6:7979/readiness": context deadline exceeded (Client.Timeout exceeded while awaiting headers) [helmcontainersecuritycontextupgradeplatformit:test-hivemq-platform-0]
2025-01-30 04:01:12,761 INFO c.h.h.t.HelmChartContainer - Received Unhealthy event for container hivemq in pod test-hivemq-platform-0 [8dd543e0-503e-41dd-9b5e-d447731009ae]
2025-01-30 04:01:12,904 INFO c.h.h.t.HelmChartContainer - [test-hivemq-platform] [hivemq] [8dd543e0] INFO  - Extension "DNS Cluster Discovery Extension" version 4.3.2 started successfully.
2025-01-30 04:01:12,905 INFO c.h.h.t.HelmChartContainer - [test-hivemq-platform] [hivemq] [8dd543e0] INFO  - Starting extension with id "hivemq-prometheus-extension" at /opt/hivemq/extensions/hivemq-prometheus-extension
2025-01-30 04:01:13,304 INFO c.h.h.t.HelmChartContainer - [test-hivemq-platform] [hivemq] [8dd543e0] INFO  - [HiveMQ Platform Operator Init App 1.7.0-SNAPSHOT] Returning Health API response 503 for readiness
2025-01-30 04:01:14,008 INFO c.h.h.t.HelmChartContainer - [test-hivemq-platform] [hivemq] [8dd543e0] INFO  - Started Jetty Server exposing Prometheus Servlet on URI http://0.0.0.0:9399/
2025-01-30 04:01:14,008 INFO c.h.h.t.HelmChartContainer - [test-hivemq-platform] [hivemq] [8dd543e0] INFO  - Extension "Prometheus Monitoring Extension" version 4.0.12 started successfully.
2025-01-30 04:01:14,008 INFO c.h.h.t.HelmChartContainer - [test-hivemq-platform] [hivemq] [8dd543e0] INFO  - Starting extension with id "hivemq-allow-all-extension" at /opt/hivemq/extensions/hivemq-allow-all-extension
2025-01-30 04:01:14,008 INFO c.h.h.t.HelmChartContainer - [test-hivemq-platform] [hivemq] [8dd543e0] WARN  - 
2025-01-30 04:01:14,008 INFO c.h.h.t.HelmChartContainer - [test-hivemq-platform] [hivemq] [8dd543e0] ################################################################################################################
2025-01-30 04:01:14,008 INFO c.h.h.t.HelmChartContainer - [test-hivemq-platform] [hivemq] [8dd543e0] # This HiveMQ deployment is not secure! You are lacking Authentication and Authorization.                      #
2025-01-30 04:01:14,008 INFO c.h.h.t.HelmChartContainer - [test-hivemq-platform] [hivemq] [8dd543e0] # Right now any MQTT client can connect to the broker with a full set of permissions.                          #
2025-01-30 04:01:14,008 INFO c.h.h.t.HelmChartContainer - [test-hivemq-platform] [hivemq] [8dd543e0] # For production usage, add an appropriate security extension and remove the hivemq-allow-all extension.       #
2025-01-30 04:01:14,008 INFO c.h.h.t.HelmChartContainer - [test-hivemq-platform] [hivemq] [8dd543e0] # You can download security extensions from the HiveMQ Marketplace (https://www.hivemq.com/extensions/).       #
2025-01-30 04:01:14,008 INFO c.h.h.t.HelmChartContainer - [test-hivemq-platform] [hivemq] [8dd543e0] ################################################################################################################
2025-01-30 04:01:14,008 INFO c.h.h.t.HelmChartContainer - [test-hivemq-platform] [hivemq] [8dd543e0] INFO  - Extension "Allow All Extension" version 1.1.1 started successfully.
2025-01-30 04:01:16,125 INFO c.h.h.t.HelmChartContainer - [test-hivemq-platform] [hivemq] [8dd543e0] INFO  - BzGTT: no members discovered after 2920 ms: creating cluster as first member
2025-01-30 04:01:16,132 INFO c.h.h.t.HelmChartContainer - [test-hivemq-platform] [hivemq] [8dd543e0] INFO  - Cluster nodes found by discovery: [BzGTT|0] (1) [BzGTT].
2025-01-30 04:01:16,206 INFO c.h.h.t.HelmChartContainer - [test-hivemq-platform] [hivemq] [8dd543e0] WARN  - No user for HiveMQ Control Center configured. Starting with default user
2025-01-30 04:01:16,207 INFO c.h.h.t.HelmChartContainer - [test-hivemq-platform] [hivemq] [8dd543e0] INFO  - Starting HiveMQ Control Center on address 0.0.0.0 and port 8080
2025-01-30 04:01:16,213 INFO c.h.h.t.HelmChartContainer - [test-hivemq-platform] [hivemq] [8dd543e0] INFO  - Mounting HiveMQ Control Center V2 Preview
2025-01-30 04:01:16,808 INFO c.h.h.t.HelmChartContainer - [EVENT] Warning [Unhealthy] Readiness probe failed: HTTP probe failed with statuscode: 503 [helmcontainersecuritycontextupgradeplatformit:test-hivemq-platform-0]
2025-01-30 04:01:16,809 INFO c.h.h.t.HelmChartContainer - Received Unhealthy event for container hivemq in pod test-hivemq-platform-0 [8dd543e0-503e-41dd-9b5e-d447731009ae]
2025-01-30 04:01:16,910 INFO c.h.h.t.HelmChartContainer - [test-hivemq-platform] [hivemq] [8dd543e0] INFO  - Started HiveMQ Control Center in 705ms
2025-01-30 04:01:16,924 INFO c.h.h.t.HelmChartContainer - [test-hivemq-platform] [hivemq] [8dd543e0] INFO  - Starting TCP listener on address 0.0.0.0 and port 1883
2025-01-30 04:01:17,009 INFO c.h.h.t.HelmChartContainer - [test-hivemq-platform] [hivemq] [8dd543e0] INFO  - Started TCP Listener on address 0.0.0.0 and on port 1883.
2025-01-30 04:01:17,010 INFO c.h.h.t.HelmChartContainer - [test-hivemq-platform] [hivemq] [8dd543e0] INFO  - Started HiveMQ in 33700ms
2025-01-30 04:01:21,721 INFO c.h.h.t.HelmChartContainer - [test-hivemq-platform] [hivemq] [8dd543e0] INFO  - [HiveMQ Platform Operator Init App 1.7.0-SNAPSHOT] Returning Health API response 200 for readiness
2025-01-30 04:01:21,735 INFO c.h.h.t.HelmChartContainer - [POD] test-hivemq-platform-0 [8dd543e0-503e-41dd-9b5e-d447731009ae] in helmcontainersecuritycontextupgradeplatformit was MODIFIED
2025-01-30 04:01:21,752 INFO c.h.h.t.HelmChartContainer - [hivemq-test-hivemq-platform] [hivemq-platform-operator] [ab01aa0e] 04:01:21.741 [pool-6-thread-1] DEBUG c.h.p.o.d.PlatformServiceResource - [helmcont] Desired Platform services (3 services)
2025-01-30 04:01:21,752 INFO c.h.h.t.HelmChartContainer - [hivemq-test-hivemq-platform] [hivemq-platform-operator] [ab01aa0e] 04:01:21.743 [pool-6-thread-2] DEBUG c.h.p.o.dependants.PodInfoConfigMap - [helmcont] Desired PodInfo ConfigMap (1 extensions) (1 enabled)
2025-01-30 04:01:21,752 INFO c.h.h.t.HelmChartContainer - [hivemq-test-hivemq-platform] [hivemq-platform-operator] [ab01aa0e] 04:01:21.743 [pool-6-thread-2] DEBUG c.h.p.o.dependants.PodInfoConfigMap - [helmcont] Desired PodInfo ConfigMap (metrics port: 9399) (metrics path: /)
2025-01-30 04:01:21,752 INFO c.h.h.t.HelmChartContainer - [hivemq-test-hivemq-platform] [hivemq-platform-operator] [ab01aa0e] 04:01:21.743 [pool-6-thread-2] DEBUG c.h.p.o.dependants.PodInfoConfigMap - [helmcont] Desired PodInfo ConfigMap (extension state hash: -1817474005)
2025-01-30 04:01:21,752 INFO c.h.h.t.HelmChartContainer - [hivemq-test-hivemq-platform] [hivemq-platform-operator] [ab01aa0e] 04:01:21.743 [pool-6-thread-4] DEBUG c.h.p.o.d.PodServiceAccountResource - [helmcont] Desired PodServiceAccountResource (serviceAccountName: hivemq-platform-pod-test-hivemq-platform)
2025-01-30 04:01:21,752 INFO c.h.h.t.HelmChartContainer - [hivemq-test-hivemq-platform] [hivemq-platform-operator] [ab01aa0e] 04:01:21.747 [pool-6-thread-2] DEBUG c.h.p.o.d.StatefulSetResource - [helmcont] Desired StatefulSet (1 replicas) for status STARTING (READY)
2025-01-30 04:01:21,757 INFO c.h.h.t.HelmChartContainer - [hivemq-test-hivemq-platform] [hivemq-platform-operator] [ab01aa0e] 04:01:21.752 [ReconcilerExecutor-hivemq-controller-115] INFO  c.h.p.o.HiveMQPlatformReconciler - [helmcont] Reconciling HiveMQ Platform 'test-hivemq-platform' in namespace 'helmcontainersecuritycontextupgradeplatformit'
2025-01-30 04:01:21,757 INFO c.h.h.t.HelmChartContainer - [hivemq-test-hivemq-platform] [hivemq-platform-operator] [ab01aa0e] 04:01:21.752 [ReconcilerExecutor-hivemq-controller-115] DEBUG c.h.p.o.HiveMQPlatformReconciler - [helmcont] Custom Resource Status STARTING - HiveMQ Platform is starting (READY)
2025-01-30 04:01:21,757 INFO c.h.h.t.HelmChartContainer - [hivemq-test-hivemq-platform] [hivemq-platform-operator] [ab01aa0e] 04:01:21.753 [ReconcilerExecutor-hivemq-controller-115] DEBUG c.h.p.o.HiveMQPlatformReconciler - [helmcont] Custom Resource Spec (replicas: 1) (extensions: 1)
2025-01-30 04:01:21,757 INFO c.h.h.t.HelmChartContainer - [hivemq-test-hivemq-platform] [hivemq-platform-operator] [ab01aa0e] 04:01:21.754 [ReconcilerExecutor-hivemq-controller-115] DEBUG c.h.p.o.HiveMQPlatformReconciler - [helmcont] StatefulSet Status (revision: test-hivemq-platform-5fb49467b6, replicas: 1, available: 1, ready: 1, current: 1, updated: 1)
2025-01-30 04:01:21,757 INFO c.h.h.t.HelmChartContainer - [hivemq-test-hivemq-platform] [hivemq-platform-operator] [ab01aa0e] 04:01:21.754 [ReconcilerExecutor-hivemq-controller-115] DEBUG c.h.p.o.HiveMQPlatformReconciler - [helmcont] StatefulSet Spec (replicas: 1, init containers: 1, containers: 1, volumes: 3)
2025-01-30 04:01:21,759 INFO c.h.h.t.HelmChartContainer - [hivemq-test-hivemq-platform] [hivemq-platform-operator] [ab01aa0e] 04:01:21.757 [ReconcilerExecutor-hivemq-controller-115] DEBUG c.h.p.o.h.HiveMQPlatformReconcilerErrorHandler - [helmcont] Pod 'test-hivemq-platform-0' phase Running
2025-01-30 04:01:21,759 INFO c.h.h.t.HelmChartContainer - [hivemq-test-hivemq-platform] [hivemq-platform-operator] [ab01aa0e] 04:01:21.758 [ReconcilerExecutor-hivemq-controller-115] INFO  c.h.p.o.h.HiveMQPlatformReconcilerBaseHandler - [helmcont] HiveMQ Platform started successfully
2025-01-30 04:01:21,809 INFO c.h.h.t.HelmChartContainer - [hivemq-test-hivemq-platform] [hivemq-platform-operator] [ab01aa0e] 04:01:21.808 [ReconcilerExecutor-hivemq-controller-115] DEBUG c.h.p.operator.event.EventSender - [helmcont] Creating K8s event hivemq-platform-ready: [Ready] HiveMQ Platform is ready
2025-01-30 04:01:21,855 INFO c.h.h.t.HelmChartContainer - [EVENT] Normal [Ready] HiveMQ Platform is ready [helmcontainersecuritycontextupgradeplatformit:test-hivemq-platform]
2025-01-30 04:01:21,893 INFO c.h.h.t.HelmChartContainer - [hivemq-test-hivemq-platform] [hivemq-platform-operator] [ab01aa0e] 04:01:21.892 [ReconcilerExecutor-hivemq-controller-115] INFO  c.h.p.o.h.AbstractHiveMQReconcilerStateHandler - [helmcont] Update HiveMQ Platform Status (STARTING [READY] -> RUNNING [READY]): HiveMQ Platform is ready
2025-01-30 04:01:21,903 DEBUG com.hivemq.helmcharts.util.K8sUtil - Comparing actual state 'RUNNING' and waiting for 'RUNNING'
2025-01-30 04:01:21,909 INFO c.h.h.t.HelmChartContainer - [hivemq-test-hivemq-platform] [hivemq-platform-operator] [ab01aa0e] 04:01:21.908 [pool-6-thread-19] DEBUG c.h.p.o.d.PlatformServiceResource - [helmcont] Desired Platform services (3 services)
2025-01-30 04:01:21,911 INFO c.h.h.t.HelmChartContainer - [hivemq-test-hivemq-platform] [hivemq-platform-operator] [ab01aa0e] 04:01:21.909 [pool-6-thread-13] DEBUG c.h.p.o.d.PodServiceAccountResource - [helmcont] Desired PodServiceAccountResource (serviceAccountName: hivemq-platform-pod-test-hivemq-platform)
2025-01-30 04:01:21,913 INFO c.h.h.t.HelmChartContainer - [hivemq-test-hivemq-platform] [hivemq-platform-operator] [ab01aa0e] 04:01:21.911 [pool-6-thread-17] DEBUG c.h.p.o.dependants.PodInfoConfigMap - [helmcont] Desired PodInfo ConfigMap (1 extensions) (1 enabled)
2025-01-30 04:01:21,952 INFO c.h.h.t.HelmChartContainer - [hivemq-test-hivemq-platform] [hivemq-platform-operator] [ab01aa0e] 04:01:21.950 [pool-6-thread-17] DEBUG c.h.p.o.dependants.PodInfoConfigMap - [helmcont] Desired PodInfo ConfigMap (metrics port: 9399) (metrics path: /)
2025-01-30 04:01:21,952 INFO c.h.h.t.HelmChartContainer - [hivemq-test-hivemq-platform] [hivemq-platform-operator] [ab01aa0e] 04:01:21.950 [pool-6-thread-17] DEBUG c.h.p.o.dependants.PodInfoConfigMap - [helmcont] Desired PodInfo ConfigMap (extension state hash: -1817474005)
2025-01-30 04:01:21,996 INFO c.h.h.t.HelmChartContainer - [hivemq-test-hivemq-platform] [hivemq-platform-operator] [ab01aa0e] 04:01:21.992 [pool-6-thread-17] DEBUG c.h.p.o.dependants.PodInfoConfigMap - [helmcont] Update PodInfo ConfigMap
2025-01-30 04:01:22,007 INFO c.h.h.t.HelmChartContainer - [hivemq-test-hivemq-platform] [hivemq-platform-operator] [ab01aa0e] 04:01:22.006 [pool-6-thread-17] DEBUG c.h.p.o.d.StatefulSetResource - [helmcont] Desired StatefulSet (1 replicas) for status RUNNING (READY)
2025-01-30 04:01:22,018 DEBUG com.hivemq.helmcharts.util.PodUtil - Received status for command '[sh, -c, stat -c "%u:%g" /proc/1]' on pod 'test-hivemq-platform-0' (exit code: 0)
2025-01-30 04:01:22,040 DEBUG com.hivemq.helmcharts.util.K8sUtil - Comparing actual state 'RUNNING' and waiting for 'ROLLING_RESTART'
2025-01-30 04:01:22,095 INFO c.h.h.t.HelmChartContainer - [hivemq-test-hivemq-platform] [hivemq-platform-operator] [ab01aa0e] 04:01:22.091 [ReconcilerExecutor-hivemq-controller-116] INFO  c.h.p.o.HiveMQPlatformReconciler - [helmcont] Reconciling HiveMQ Platform 'test-hivemq-platform' in namespace 'helmcontainersecuritycontextupgradeplatformit'
2025-01-30 04:01:22,096 INFO c.h.h.t.HelmChartContainer - [hivemq-test-hivemq-platform] [hivemq-platform-operator] [ab01aa0e] 04:01:22.091 [ReconcilerExecutor-hivemq-controller-116] DEBUG c.h.p.o.HiveMQPlatformReconciler - [helmcont] Custom Resource Status RUNNING - HiveMQ Platform is ready (READY)
2025-01-30 04:01:22,096 INFO c.h.h.t.HelmChartContainer - [hivemq-test-hivemq-platform] [hivemq-platform-operator] [ab01aa0e] 04:01:22.091 [ReconcilerExecutor-hivemq-controller-116] DEBUG c.h.p.o.HiveMQPlatformReconciler - [helmcont] Custom Resource Spec (replicas: 1) (extensions: 1)
2025-01-30 04:01:22,096 INFO c.h.h.t.HelmChartContainer - [hivemq-test-hivemq-platform] [hivemq-platform-operator] [ab01aa0e] 04:01:22.093 [ReconcilerExecutor-hivemq-controller-116] DEBUG c.h.p.o.HiveMQPlatformReconciler - [helmcont] StatefulSet Status (revision: test-hivemq-platform-5fb49467b6, replicas: 1, available: 1, ready: 1, current: 1, updated: 1)
2025-01-30 04:01:22,096 INFO c.h.h.t.HelmChartContainer - [hivemq-test-hivemq-platform] [hivemq-platform-operator] [ab01aa0e] 04:01:22.093 [ReconcilerExecutor-hivemq-controller-116] DEBUG c.h.p.o.HiveMQPlatformReconciler - [helmcont] StatefulSet Spec (replicas: 1, init containers: 1, containers: 1, volumes: 3)
2025-01-30 04:01:22,096 INFO c.h.h.t.HelmChartContainer - [hivemq-test-hivemq-platform] [hivemq-platform-operator] [ab01aa0e] 04:01:22.095 [ReconcilerExecutor-hivemq-controller-116] DEBUG c.h.p.o.h.HiveMQPlatformReconcilerErrorHandler - [helmcont] Pod 'test-hivemq-platform-0' phase Running
2025-01-30 04:01:22,099 INFO c.h.h.t.HelmChartContainer - [hivemq-test-hivemq-platform] [hivemq-platform-operator] [ab01aa0e] 04:01:22.099 [pool-6-thread-27] DEBUG c.h.p.o.d.PlatformServiceResource - [helmcont] Desired Platform services (3 services)
2025-01-30 04:01:22,102 INFO c.h.h.t.HelmChartContainer - [hivemq-test-hivemq-platform] [hivemq-platform-operator] [ab01aa0e] 04:01:22.099 [pool-6-thread-26] DEBUG c.h.p.o.dependants.PodInfoConfigMap - [helmcont] Desired PodInfo ConfigMap (1 extensions) (1 enabled)
2025-01-30 04:01:22,102 INFO c.h.h.t.HelmChartContainer - [hivemq-test-hivemq-platform] [hivemq-platform-operator] [ab01aa0e] 04:01:22.099 [pool-6-thread-26] DEBUG c.h.p.o.dependants.PodInfoConfigMap - [helmcont] Desired PodInfo ConfigMap (metrics port: 9399) (metrics path: /)
2025-01-30 04:01:22,102 INFO c.h.h.t.HelmChartContainer - [hivemq-test-hivemq-platform] [hivemq-platform-operator] [ab01aa0e] 04:01:22.099 [pool-6-thread-26] DEBUG c.h.p.o.dependants.PodInfoConfigMap - [helmcont] Desired PodInfo ConfigMap (extension state hash: -1817474005)
2025-01-30 04:01:22,103 INFO c.h.h.t.HelmChartContainer - [hivemq-test-hivemq-platform] [hivemq-platform-operator] [ab01aa0e] 04:01:22.102 [pool-6-thread-28] DEBUG c.h.p.o.d.PodServiceAccountResource - [helmcont] Desired PodServiceAccountResource (serviceAccountName: hivemq-platform-pod-test-hivemq-platform)
2025-01-30 04:01:22,107 INFO c.h.h.t.HelmChartContainer - [hivemq-test-hivemq-platform] [hivemq-platform-operator] [ab01aa0e] 04:01:22.107 [pool-6-thread-27] DEBUG c.h.p.o.d.StatefulSetResource - [helmcont] Desired StatefulSet (1 replicas) for status RUNNING (READY)
2025-01-30 04:01:22,153 INFO c.h.h.t.HelmChartContainer - [hivemq-test-hivemq-platform] [hivemq-platform-operator] [ab01aa0e] 04:01:22.152 [pool-6-thread-27] DEBUG c.h.p.o.d.StatefulSetResource - [helmcont] Update StatefulSet (replicas: 1 -> 1)
2025-01-30 04:01:22,153 INFO c.h.h.t.HelmChartContainer - [hivemq-test-hivemq-platform] [hivemq-platform-operator] [ab01aa0e] 04:01:22.153 [pool-6-thread-27] DEBUG c.h.p.o.d.StatefulSetResource - [helmcont] Detected change in StatefulSet specification (path: /template/metadata/annotations/kubernetes-resource-versions) (actual value: {broker-configuration-v2=-2089688360}) (target value: {broker-configuration-v2=1242811043})
2025-01-30 04:01:22,153 INFO c.h.h.t.HelmChartContainer - [hivemq-test-hivemq-platform] [hivemq-platform-operator] [ab01aa0e] 04:01:22.153 [pool-6-thread-27] INFO  c.h.p.o.d.StatefulSetResource - [helmcont] StatefulSet spec was updated, triggering rolling restart
2025-01-30 04:01:22,208 INFO c.h.h.t.HelmChartContainer - [hivemq-test-hivemq-platform] [hivemq-platform-operator] [ab01aa0e] 04:01:22.206 [ReconcilerExecutor-hivemq-controller-117] INFO  c.h.p.o.HiveMQPlatformReconciler - [helmcont] Reconciling HiveMQ Platform 'test-hivemq-platform' in namespace 'helmcontainersecuritycontextupgradeplatformit'
2025-01-30 04:01:22,208 INFO c.h.h.t.HelmChartContainer - [hivemq-test-hivemq-platform] [hivemq-platform-operator] [ab01aa0e] 04:01:22.206 [ReconcilerExecutor-hivemq-controller-117] DEBUG c.h.p.o.HiveMQPlatformReconciler - [helmcont] Custom Resource Status RUNNING - HiveMQ Platform is ready (READY) (reconciliation requests: ROLLING_RESTART, REQUESTS_UPDATED)
2025-01-30 04:01:22,208 INFO c.h.h.t.HelmChartContainer - [hivemq-test-hivemq-platform] [hivemq-platform-operator] [ab01aa0e] 04:01:22.206 [ReconcilerExecutor-hivemq-controller-117] DEBUG c.h.p.o.HiveMQPlatformReconciler - [helmcont] Custom Resource Spec (replicas: 1) (extensions: 1)
2025-01-30 04:01:22,209 INFO c.h.h.t.HelmChartContainer - [hivemq-test-hivemq-platform] [hivemq-platform-operator] [ab01aa0e] 04:01:22.208 [ReconcilerExecutor-hivemq-controller-117] DEBUG c.h.p.o.HiveMQPlatformReconciler - [helmcont] StatefulSet Status (revision: test-hivemq-platform-5fb49467b6, replicas: 1, available: 1, ready: 1, current: 1, updated: 1)
2025-01-30 04:01:22,210 INFO c.h.h.t.HelmChartContainer - [hivemq-test-hivemq-platform] [hivemq-platform-operator] [ab01aa0e] 04:01:22.209 [ReconcilerExecutor-hivemq-controller-117] DEBUG c.h.p.o.HiveMQPlatformReconciler - [helmcont] StatefulSet Spec (replicas: 1, init containers: 1, containers: 1, volumes: 3)
2025-01-30 04:01:22,212 INFO c.h.h.t.HelmChartContainer - [hivemq-test-hivemq-platform] [hivemq-platform-operator] [ab01aa0e] 04:01:22.211 [ReconcilerExecutor-hivemq-controller-117] DEBUG c.h.p.o.h.HiveMQPlatformReconcilerErrorHandler - [helmcont] Pod 'test-hivemq-platform-0' phase Running
2025-01-30 04:01:22,214 INFO c.h.h.t.HelmChartContainer - [hivemq-test-hivemq-platform] [hivemq-platform-operator] [ab01aa0e] 04:01:22.213 [ReconcilerExecutor-hivemq-controller-117] INFO  c.h.p.o.h.HiveMQPlatformReconcilerBaseHandler - [helmcont] Started rolling restart (scaling to 2 replicas)
2025-01-30 04:01:22,307 INFO c.h.h.t.HelmChartContainer - [hivemq-test-hivemq-platform] [hivemq-platform-operator] [ab01aa0e] 04:01:22.305 [ReconcilerExecutor-hivemq-controller-117] DEBUG c.h.p.operator.event.EventSender - [helmcont] Creating K8s event rolling-restart-started: [RollingRestart] HiveMQ Platform is starting a surge Pod (rolling restart)
2025-01-30 04:01:22,312 INFO c.h.h.t.HelmChartContainer - [EVENT] Normal [RollingRestart] HiveMQ Platform is starting a surge Pod (rolling restart) [helmcontainersecuritycontextupgradeplatformit:test-hivemq-platform]
2025-01-30 04:01:22,312 INFO c.h.h.t.HelmChartContainer - [hivemq-test-hivemq-platform] [hivemq-platform-operator] [ab01aa0e] 04:01:22.311 [ReconcilerExecutor-hivemq-controller-117] INFO  c.h.p.o.h.AbstractHiveMQReconcilerStateHandler - [helmcont] Update HiveMQ Platform Status (RUNNING [READY] -> ROLLING_RESTART [SURGE_IN_PROGRESS]): HiveMQ Platform is starting a surge Pod (rolling restart)
2025-01-30 04:01:22,359 DEBUG com.hivemq.helmcharts.util.K8sUtil - Comparing actual state 'ROLLING_RESTART' and waiting for 'ROLLING_RESTART'
2025-01-30 04:01:22,364 DEBUG com.hivemq.helmcharts.util.K8sUtil - Comparing actual state 'ROLLING_RESTART' and waiting for 'RUNNING'
2025-01-30 04:01:22,400 INFO c.h.h.t.HelmChartContainer - [hivemq-test-hivemq-platform] [hivemq-platform-operator] [ab01aa0e] 04:01:22.397 [pool-6-thread-36] DEBUG c.h.p.o.dependants.PodInfoConfigMap - [helmcont] Desired PodInfo ConfigMap (1 extensions) (1 enabled)
2025-01-30 04:01:22,400 INFO c.h.h.t.HelmChartContainer - [hivemq-test-hivemq-platform] [hivemq-platform-operator] [ab01aa0e] 04:01:22.397 [pool-6-thread-36] DEBUG c.h.p.o.dependants.PodInfoConfigMap - [helmcont] Desired PodInfo ConfigMap (metrics port: 9399) (metrics path: /)
2025-01-30 04:01:22,400 INFO c.h.h.t.HelmChartContainer - [hivemq-test-hivemq-platform] [hivemq-platform-operator] [ab01aa0e] 04:01:22.397 [pool-6-thread-36] DEBUG c.h.p.o.dependants.PodInfoConfigMap - [helmcont] Desired PodInfo ConfigMap (extension state hash: -1817474005)
2025-01-30 04:01:22,400 INFO c.h.h.t.HelmChartContainer - [hivemq-test-hivemq-platform] [hivemq-platform-operator] [ab01aa0e] 04:01:22.398 [pool-6-thread-33] DEBUG c.h.p.o.d.PodServiceAccountResource - [helmcont] Desired PodServiceAccountResource (serviceAccountName: hivemq-platform-pod-test-hivemq-platform)
2025-01-30 04:01:22,402 INFO c.h.h.t.HelmChartContainer - [hivemq-test-hivemq-platform] [hivemq-platform-operator] [ab01aa0e] 04:01:22.396 [pool-6-thread-34] DEBUG c.h.p.o.d.PlatformServiceResource - [helmcont] Desired Platform services (3 services)
2025-01-30 04:01:22,402 INFO c.h.h.t.HelmChartContainer - [hivemq-test-hivemq-platform] [hivemq-platform-operator] [ab01aa0e] 04:01:22.400 [pool-6-thread-36] DEBUG c.h.p.o.dependants.PodInfoConfigMap - [helmcont] Update PodInfo ConfigMap
2025-01-30 04:01:22,501 INFO c.h.h.t.HelmChartContainer - [hivemq-test-hivemq-platform] [hivemq-platform-operator] [ab01aa0e] 04:01:22.498 [pool-6-thread-36] DEBUG c.h.p.o.d.StatefulSetResource - [helmcont] Desired StatefulSet (2 replicas) for status ROLLING_RESTART (SURGE_IN_PROGRESS)
2025-01-30 04:01:22,504 INFO c.h.h.t.HelmChartContainer - [hivemq-test-hivemq-platform] [hivemq-platform-operator] [ab01aa0e] 04:01:22.503 [pool-6-thread-36] DEBUG c.h.p.o.d.StatefulSetResource - [helmcont] Update StatefulSet (replicas: 1 -> 2)
2025-01-30 04:01:22,610 INFO c.h.h.t.HelmChartContainer - [hivemq-test-hivemq-platform] [hivemq-platform-operator] [ab01aa0e] 04:01:22.605 [ReconcilerExecutor-hivemq-controller-118] INFO  c.h.p.o.HiveMQPlatformReconciler - [helmcont] Reconciling HiveMQ Platform 'test-hivemq-platform' in namespace 'helmcontainersecuritycontextupgradeplatformit'
2025-01-30 04:01:22,610 INFO c.h.h.t.HelmChartContainer - [hivemq-test-hivemq-platform] [hivemq-platform-operator] [ab01aa0e] 04:01:22.605 [ReconcilerExecutor-hivemq-controller-118] DEBUG c.h.p.o.HiveMQPlatformReconciler - [helmcont] Custom Resource Status ROLLING_RESTART - HiveMQ Platform is starting a surge Pod (rolling restart) (SURGE_IN_PROGRESS)
2025-01-30 04:01:22,610 INFO c.h.h.t.HelmChartContainer - [hivemq-test-hivemq-platform] [hivemq-platform-operator] [ab01aa0e] 04:01:22.605 [ReconcilerExecutor-hivemq-controller-118] DEBUG c.h.p.o.HiveMQPlatformReconciler - [helmcont] Custom Resource Spec (replicas: 1) (extensions: 1)
2025-01-30 04:01:22,610 INFO c.h.h.t.HelmChartContainer - [hivemq-test-hivemq-platform] [hivemq-platform-operator] [ab01aa0e] 04:01:22.607 [ReconcilerExecutor-hivemq-controller-118] DEBUG c.h.p.o.HiveMQPlatformReconciler - [helmcont] StatefulSet Status (revision: test-hivemq-platform-579f489c45, replicas: 1, available: 1, ready: 1, current: 1, updated: 0)
2025-01-30 04:01:22,610 INFO c.h.h.t.HelmChartContainer - [hivemq-test-hivemq-platform] [hivemq-platform-operator] [ab01aa0e] 04:01:22.607 [ReconcilerExecutor-hivemq-controller-118] DEBUG c.h.p.o.HiveMQPlatformReconciler - [helmcont] StatefulSet Spec (replicas: 2, init containers: 1, containers: 1, volumes: 3)
2025-01-30 04:01:22,610 INFO c.h.h.t.HelmChartContainer - [hivemq-test-hivemq-platform] [hivemq-platform-operator] [ab01aa0e] 04:01:22.608 [ReconcilerExecutor-hivemq-controller-118] DEBUG c.h.p.o.h.HiveMQPlatformReconcilerErrorHandler - [helmcont] Pod 'test-hivemq-platform-0' phase Running
2025-01-30 04:01:22,615 INFO c.h.h.t.HelmChartContainer - [EVENT] Normal [SuccessfulCreate] create Pod test-hivemq-platform-1 in StatefulSet test-hivemq-platform successful [helmcontainersecuritycontextupgradeplatformit:test-hivemq-platform]
2025-01-30 04:01:22,616 INFO c.h.h.t.HelmChartContainer - [POD] test-hivemq-platform-1 [7e9d2cbe-967f-4c17-8f27-bc4a78b0e66e] in helmcontainersecuritycontextupgradeplatformit was ADDED
2025-01-30 04:01:22,626 INFO c.h.h.t.HelmChartContainer - [hivemq-test-hivemq-platform] [hivemq-platform-operator] [ab01aa0e] 04:01:22.612 [ReconcilerExecutor-hivemq-controller-118] DEBUG c.h.p.o.h.HiveMQPlatformReconcilerRollingRestartHandler - [helmcont] Rolling restart is waiting for 1 of 2 replicas
2025-01-30 04:01:22,636 INFO c.h.h.t.HelmChartContainer - [POD] test-hivemq-platform-1 [7e9d2cbe-967f-4c17-8f27-bc4a78b0e66e] in helmcontainersecuritycontextupgradeplatformit was MODIFIED
2025-01-30 04:01:22,644 INFO c.h.h.t.HelmChartContainer - [EVENT] Normal [Scheduled] Successfully assigned helmcontainersecuritycontextupgradeplatformit/test-hivemq-platform-1 to 6c872e703766 [helmcontainersecuritycontextupgradeplatformit:test-hivemq-platform-1]
2025-01-30 04:01:22,670 INFO c.h.h.t.HelmChartContainer - [POD] test-hivemq-platform-1 [7e9d2cbe-967f-4c17-8f27-bc4a78b0e66e] in helmcontainersecuritycontextupgradeplatformit was MODIFIED
2025-01-30 04:01:22,698 INFO c.h.h.t.HelmChartContainer - [K3S] [reconciler_common.go:251] "operationExecutor.VerifyControllerAttachedVolume started for volume \"broker-configuration\" (UniqueName: \"kubernetes.io/configmap/7e9d2cbe-967f-4c17-8f27-bc4a78b0e66e-broker-configuration\") pod \"test-hivemq-platform-1\" (UID: \"7e9d2cbe-967f-4c17-8f27-bc4a78b0e66e\") " pod="helmcontainersecuritycontextupgradeplatformit/test-hivemq-platform-1"
2025-01-30 04:01:22,698 INFO c.h.h.t.HelmChartContainer - [hivemq-test-hivemq-platform] [hivemq-platform-operator] [ab01aa0e] 04:01:22.695 [pool-6-thread-44] DEBUG c.h.p.o.dependants.PodInfoConfigMap - [helmcont] Desired PodInfo ConfigMap (1 extensions) (1 enabled)
2025-01-30 04:01:22,698 INFO c.h.h.t.HelmChartContainer - [hivemq-test-hivemq-platform] [hivemq-platform-operator] [ab01aa0e] 04:01:22.696 [pool-6-thread-44] DEBUG c.h.p.o.dependants.PodInfoConfigMap - [helmcont] Desired PodInfo ConfigMap (metrics port: 9399) (metrics path: /)
2025-01-30 04:01:22,698 INFO c.h.h.t.HelmChartContainer - [hivemq-test-hivemq-platform] [hivemq-platform-operator] [ab01aa0e] 04:01:22.696 [pool-6-thread-44] DEBUG c.h.p.o.dependants.PodInfoConfigMap - [helmcont] Desired PodInfo ConfigMap (extension state hash: -1817474005)
2025-01-30 04:01:22,698 INFO c.h.h.t.HelmChartContainer - [hivemq-test-hivemq-platform] [hivemq-platform-operator] [ab01aa0e] 04:01:22.697 [pool-6-thread-49] DEBUG c.h.p.o.d.PlatformServiceResource - [helmcont] Desired Platform services (3 services)
2025-01-30 04:01:22,699 INFO c.h.h.t.HelmChartContainer - [K3S] [reconciler_common.go:251] "operationExecutor.VerifyControllerAttachedVolume started for volume \"kube-api-access-snfkj\" (UniqueName: \"kubernetes.io/projected/7e9d2cbe-967f-4c17-8f27-bc4a78b0e66e-kube-api-access-snfkj\") pod \"test-hivemq-platform-1\" (UID: \"7e9d2cbe-967f-4c17-8f27-bc4a78b0e66e\") " pod="helmcontainersecuritycontextupgradeplatformit/test-hivemq-platform-1"
2025-01-30 04:01:22,699 INFO c.h.h.t.HelmChartContainer - [K3S] [reconciler_common.go:251] "operationExecutor.VerifyControllerAttachedVolume started for volume \"pod-info\" (UniqueName: \"kubernetes.io/configmap/7e9d2cbe-967f-4c17-8f27-bc4a78b0e66e-pod-info\") pod \"test-hivemq-platform-1\" (UID: \"7e9d2cbe-967f-4c17-8f27-bc4a78b0e66e\") " pod="helmcontainersecuritycontextupgradeplatformit/test-hivemq-platform-1"
2025-01-30 04:01:22,700 INFO c.h.h.t.HelmChartContainer - [K3S] [reconciler_common.go:251] "operationExecutor.VerifyControllerAttachedVolume started for volume \"operator-init\" (UniqueName: \"kubernetes.io/empty-dir/7e9d2cbe-967f-4c17-8f27-bc4a78b0e66e-operator-init\") pod \"test-hivemq-platform-1\" (UID: \"7e9d2cbe-967f-4c17-8f27-bc4a78b0e66e\") " pod="helmcontainersecuritycontextupgradeplatformit/test-hivemq-platform-1"
2025-01-30 04:01:22,703 INFO c.h.h.t.HelmChartContainer - [hivemq-test-hivemq-platform] [hivemq-platform-operator] [ab01aa0e] 04:01:22.702 [pool-6-thread-47] DEBUG c.h.p.o.d.PodServiceAccountResource - [helmcont] Desired PodServiceAccountResource (serviceAccountName: hivemq-platform-pod-test-hivemq-platform)
2025-01-30 04:01:22,714 INFO c.h.h.t.HelmChartContainer - [hivemq-test-hivemq-platform] [hivemq-platform-operator] [ab01aa0e] 04:01:22.712 [pool-6-thread-49] DEBUG c.h.p.o.d.StatefulSetResource - [helmcont] Desired StatefulSet (2 replicas) for status ROLLING_RESTART (SURGE_IN_PROGRESS)
2025-01-30 04:01:22,792 INFO c.h.h.t.HelmChartContainer - [hivemq-test-hivemq-platform] [hivemq-platform-operator] [ab01aa0e] 04:01:22.791 [ReconcilerExecutor-hivemq-controller-119] INFO  c.h.p.o.HiveMQPlatformReconciler - [helmcont] Reconciling HiveMQ Platform 'test-hivemq-platform' in namespace 'helmcontainersecuritycontextupgradeplatformit'
2025-01-30 04:01:22,795 INFO c.h.h.t.HelmChartContainer - [hivemq-test-hivemq-platform] [hivemq-platform-operator] [ab01aa0e] 04:01:22.791 [ReconcilerExecutor-hivemq-controller-119] DEBUG c.h.p.o.HiveMQPlatformReconciler - [helmcont] Custom Resource Status ROLLING_RESTART - HiveMQ Platform is starting a surge Pod (rolling restart) (SURGE_IN_PROGRESS)
2025-01-30 04:01:22,796 INFO c.h.h.t.HelmChartContainer - [hivemq-test-hivemq-platform] [hivemq-platform-operator] [ab01aa0e] 04:01:22.791 [ReconcilerExecutor-hivemq-controller-119] DEBUG c.h.p.o.HiveMQPlatformReconciler - [helmcont] Custom Resource Spec (replicas: 1) (extensions: 1)
2025-01-30 04:01:22,796 INFO c.h.h.t.HelmChartContainer - [hivemq-test-hivemq-platform] [hivemq-platform-operator] [ab01aa0e] 04:01:22.793 [ReconcilerExecutor-hivemq-controller-119] DEBUG c.h.p.o.HiveMQPlatformReconciler - [helmcont] StatefulSet Status (revision: test-hivemq-platform-579f489c45, replicas: 2, available: 1, ready: 1, current: 1, updated: 1)
2025-01-30 04:01:22,796 INFO c.h.h.t.HelmChartContainer - [hivemq-test-hivemq-platform] [hivemq-platform-operator] [ab01aa0e] 04:01:22.794 [ReconcilerExecutor-hivemq-controller-119] DEBUG c.h.p.o.HiveMQPlatformReconciler - [helmcont] StatefulSet Spec (replicas: 2, init containers: 1, containers: 1, volumes: 3)
2025-01-30 04:01:22,800 INFO c.h.h.t.HelmChartContainer - [hivemq-test-hivemq-platform] [hivemq-platform-operator] [ab01aa0e] 04:01:22.796 [ReconcilerExecutor-hivemq-controller-119] DEBUG c.h.p.o.h.HiveMQPlatformReconcilerErrorHandler - [helmcont] Pod 'test-hivemq-platform-1' phase Pending
2025-01-30 04:01:22,801 INFO c.h.h.t.HelmChartContainer - [hivemq-test-hivemq-platform] [hivemq-platform-operator] [ab01aa0e] 04:01:22.796 [ReconcilerExecutor-hivemq-controller-119] DEBUG c.h.p.o.h.HiveMQPlatformReconcilerErrorHandler - [helmcont] Pod 'test-hivemq-platform-1' condition 'PodReadyToStartContainers': False
2025-01-30 04:01:22,801 INFO c.h.h.t.HelmChartContainer - [hivemq-test-hivemq-platform] [hivemq-platform-operator] [ab01aa0e] 04:01:22.796 [ReconcilerExecutor-hivemq-controller-119] DEBUG c.h.p.o.h.HiveMQPlatformReconcilerErrorHandler - [helmcont] Pod 'test-hivemq-platform-1' condition 'Initialized': False
2025-01-30 04:01:22,803 INFO c.h.h.t.HelmChartContainer - [hivemq-test-hivemq-platform] [hivemq-platform-operator] [ab01aa0e] 04:01:22.796 [ReconcilerExecutor-hivemq-controller-119] DEBUG c.h.p.o.h.HiveMQPlatformReconcilerErrorHandler - [helmcont] Pod 'test-hivemq-platform-1' condition 'Ready': False
2025-01-30 04:01:22,803 INFO c.h.h.t.HelmChartContainer - [hivemq-test-hivemq-platform] [hivemq-platform-operator] [ab01aa0e] 04:01:22.796 [ReconcilerExecutor-hivemq-controller-119] DEBUG c.h.p.o.h.HiveMQPlatformReconcilerErrorHandler - [helmcont] Pod 'test-hivemq-platform-1' condition 'ContainersReady': False
2025-01-30 04:01:22,803 INFO c.h.h.t.HelmChartContainer - [hivemq-test-hivemq-platform] [hivemq-platform-operator] [ab01aa0e] 04:01:22.796 [ReconcilerExecutor-hivemq-controller-119] DEBUG c.h.p.o.h.HiveMQPlatformReconcilerErrorHandler - [helmcont] Pod 'test-hivemq-platform-1' condition 'PodScheduled': True
2025-01-30 04:01:22,803 INFO c.h.h.t.HelmChartContainer - [hivemq-test-hivemq-platform] [hivemq-platform-operator] [ab01aa0e] 04:01:22.796 [ReconcilerExecutor-hivemq-controller-119] DEBUG c.h.p.o.h.HiveMQPlatformReconcilerErrorHandler - [helmcont] Pod 'test-hivemq-platform-1' containerStatus 'hivemq' (started: false) (ready: false) (waiting: [PodInitializing] null)
2025-01-30 04:01:22,808 INFO c.h.h.t.HelmChartContainer - [hivemq-test-hivemq-platform] [hivemq-platform-operator] [ab01aa0e] 04:01:22.797 [ReconcilerExecutor-hivemq-controller-119] DEBUG c.h.p.o.h.HiveMQPlatformReconcilerErrorHandler - [helmcont] Pod 'test-hivemq-platform-0' phase Running
2025-01-30 04:01:22,808 INFO c.h.h.t.HelmChartContainer - [hivemq-test-hivemq-platform] [hivemq-platform-operator] [ab01aa0e] 04:01:22.798 [ReconcilerExecutor-hivemq-controller-119] DEBUG c.h.p.o.h.HiveMQPlatformReconcilerRollingRestartHandler - [helmcont] Rolling restart is waiting for 1 of 2 replicas
2025-01-30 04:01:22,808 INFO c.h.h.t.HelmChartContainer - [hivemq-test-hivemq-platform] [hivemq-platform-operator] [ab01aa0e] 04:01:22.802 [pool-6-thread-8] DEBUG c.h.p.o.dependants.PodInfoConfigMap - [helmcont] Desired PodInfo ConfigMap (1 extensions) (1 enabled)
2025-01-30 04:01:22,808 INFO c.h.h.t.HelmChartContainer - [hivemq-test-hivemq-platform] [hivemq-platform-operator] [ab01aa0e] 04:01:22.802 [pool-6-thread-8] DEBUG c.h.p.o.dependants.PodInfoConfigMap - [helmcont] Desired PodInfo ConfigMap (metrics port: 9399) (metrics path: /)
2025-01-30 04:01:22,808 INFO c.h.h.t.HelmChartContainer - [hivemq-test-hivemq-platform] [hivemq-platform-operator] [ab01aa0e] 04:01:22.802 [pool-6-thread-8] DEBUG c.h.p.o.dependants.PodInfoConfigMap - [helmcont] Desired PodInfo ConfigMap (extension state hash: -1817474005)
2025-01-30 04:01:22,808 INFO c.h.h.t.HelmChartContainer - [hivemq-test-hivemq-platform] [hivemq-platform-operator] [ab01aa0e] 04:01:22.804 [pool-6-thread-1] DEBUG c.h.p.o.d.PlatformServiceResource - [helmcont] Desired Platform services (3 services)
2025-01-30 04:01:22,808 INFO c.h.h.t.HelmChartContainer - [hivemq-test-hivemq-platform] [hivemq-platform-operator] [ab01aa0e] 04:01:22.806 [pool-6-thread-3] DEBUG c.h.p.o.d.PodServiceAccountResource - [helmcont] Desired PodServiceAccountResource (serviceAccountName: hivemq-platform-pod-test-hivemq-platform)
2025-01-30 04:01:22,814 INFO c.h.h.t.HelmChartContainer - [hivemq-test-hivemq-platform] [hivemq-platform-operator] [ab01aa0e] 04:01:22.813 [pool-6-thread-1] DEBUG c.h.p.o.d.StatefulSetResource - [helmcont] Desired StatefulSet (2 replicas) for status ROLLING_RESTART (SURGE_IN_PROGRESS)
2025-01-30 04:01:22,893 INFO c.h.h.t.HelmChartContainer - [hivemq-test-hivemq-platform] [hivemq-platform-operator] [ab01aa0e] 04:01:22.891 [ReconcilerExecutor-hivemq-controller-120] INFO  c.h.p.o.HiveMQPlatformReconciler - [helmcont] Reconciling HiveMQ Platform 'test-hivemq-platform' in namespace 'helmcontainersecuritycontextupgradeplatformit'
2025-01-30 04:01:22,893 INFO c.h.h.t.HelmChartContainer - [hivemq-test-hivemq-platform] [hivemq-platform-operator] [ab01aa0e] 04:01:22.891 [ReconcilerExecutor-hivemq-controller-120] DEBUG c.h.p.o.HiveMQPlatformReconciler - [helmcont] Custom Resource Status ROLLING_RESTART - HiveMQ Platform is starting a surge Pod (rolling restart) (SURGE_IN_PROGRESS)
2025-01-30 04:01:22,893 INFO c.h.h.t.HelmChartContainer - [hivemq-test-hivemq-platform] [hivemq-platform-operator] [ab01aa0e] 04:01:22.891 [ReconcilerExecutor-hivemq-controller-120] DEBUG c.h.p.o.HiveMQPlatformReconciler - [helmcont] Custom Resource Spec (replicas: 1) (extensions: 1)
2025-01-30 04:01:22,895 INFO c.h.h.t.HelmChartContainer - [hivemq-test-hivemq-platform] [hivemq-platform-operator] [ab01aa0e] 04:01:22.894 [ReconcilerExecutor-hivemq-controller-120] DEBUG c.h.p.o.HiveMQPlatformReconciler - [helmcont] StatefulSet Status (revision: test-hivemq-platform-579f489c45, replicas: 2, available: 1, ready: 1, current: 1, updated: 1)
2025-01-30 04:01:22,896 INFO c.h.h.t.HelmChartContainer - [hivemq-test-hivemq-platform] [hivemq-platform-operator] [ab01aa0e] 04:01:22.894 [ReconcilerExecutor-hivemq-controller-120] DEBUG c.h.p.o.HiveMQPlatformReconciler - [helmcont] StatefulSet Spec (replicas: 2, init containers: 1, containers: 1, volumes: 3)
2025-01-30 04:01:22,897 INFO c.h.h.t.HelmChartContainer - [hivemq-test-hivemq-platform] [hivemq-platform-operator] [ab01aa0e] 04:01:22.895 [ReconcilerExecutor-hivemq-controller-120] DEBUG c.h.p.o.h.HiveMQPlatformReconcilerErrorHandler - [helmcont] Pod 'test-hivemq-platform-1' phase Pending
2025-01-30 04:01:22,897 INFO c.h.h.t.HelmChartContainer - [hivemq-test-hivemq-platform] [hivemq-platform-operator] [ab01aa0e] 04:01:22.896 [ReconcilerExecutor-hivemq-controller-120] DEBUG c.h.p.o.h.HiveMQPlatformReconcilerErrorHandler - [helmcont] Pod 'test-hivemq-platform-1' condition 'PodReadyToStartContainers': False
2025-01-30 04:01:22,899 INFO c.h.h.t.HelmChartContainer - [hivemq-test-hivemq-platform] [hivemq-platform-operator] [ab01aa0e] 04:01:22.896 [ReconcilerExecutor-hivemq-controller-120] DEBUG c.h.p.o.h.HiveMQPlatformReconcilerErrorHandler - [helmcont] Pod 'test-hivemq-platform-1' condition 'Initialized': False
2025-01-30 04:01:22,899 INFO c.h.h.t.HelmChartContainer - [hivemq-test-hivemq-platform] [hivemq-platform-operator] [ab01aa0e] 04:01:22.896 [ReconcilerExecutor-hivemq-controller-120] DEBUG c.h.p.o.h.HiveMQPlatformReconcilerErrorHandler - [helmcont] Pod 'test-hivemq-platform-1' condition 'Ready': False
2025-01-30 04:01:22,899 INFO c.h.h.t.HelmChartContainer - [hivemq-test-hivemq-platform] [hivemq-platform-operator] [ab01aa0e] 04:01:22.896 [ReconcilerExecutor-hivemq-controller-120] DEBUG c.h.p.o.h.HiveMQPlatformReconcilerErrorHandler - [helmcont] Pod 'test-hivemq-platform-1' condition 'ContainersReady': False
2025-01-30 04:01:22,899 INFO c.h.h.t.HelmChartContainer - [hivemq-test-hivemq-platform] [hivemq-platform-operator] [ab01aa0e] 04:01:22.896 [ReconcilerExecutor-hivemq-controller-120] DEBUG c.h.p.o.h.HiveMQPlatformReconcilerErrorHandler - [helmcont] Pod 'test-hivemq-platform-1' condition 'PodScheduled': True
2025-01-30 04:01:22,899 INFO c.h.h.t.HelmChartContainer - [hivemq-test-hivemq-platform] [hivemq-platform-operator] [ab01aa0e] 04:01:22.896 [ReconcilerExecutor-hivemq-controller-120] DEBUG c.h.p.o.h.HiveMQPlatformReconcilerErrorHandler - [helmcont] Pod 'test-hivemq-platform-1' containerStatus 'hivemq' (started: false) (ready: false) (waiting: [PodInitializing] null)
2025-01-30 04:01:22,900 INFO c.h.h.t.HelmChartContainer - [hivemq-test-hivemq-platform] [hivemq-platform-operator] [ab01aa0e] 04:01:22.897 [ReconcilerExecutor-hivemq-controller-120] DEBUG c.h.p.o.h.HiveMQPlatformReconcilerErrorHandler - [helmcont] Pod 'test-hivemq-platform-0' phase Running
2025-01-30 04:01:22,900 INFO c.h.h.t.HelmChartContainer - [hivemq-test-hivemq-platform] [hivemq-platform-operator] [ab01aa0e] 04:01:22.898 [ReconcilerExecutor-hivemq-controller-120] DEBUG c.h.p.o.h.HiveMQPlatformReconcilerRollingRestartHandler - [helmcont] Rolling restart is waiting for 1 of 2 replicas
2025-01-30 04:01:23,030 INFO c.h.h.t.HelmChartContainer - [EVENT] Normal [Pulled] Container image "docker.io/hivemq/hivemq-platform-operator-init-test:snapshot" already present on machine [helmcontainersecuritycontextupgradeplatformit:test-hivemq-platform-1]
2025-01-30 04:01:23,036 INFO c.h.h.t.HelmChartContainer - [EVENT] Normal [Created] Created container: hivemq-platform-operator-init [helmcontainersecuritycontextupgradeplatformit:test-hivemq-platform-1]
2025-01-30 04:01:23,074 INFO c.h.h.t.HelmChartContainer - [EVENT] Normal [Started] Started container hivemq-platform-operator-init [helmcontainersecuritycontextupgradeplatformit:test-hivemq-platform-1]
2025-01-30 04:01:23,295 INFO c.h.h.t.HelmChartContainer - [EVENT] Normal [Pulled] Container image "docker.io/hivemq/hivemq4:4.36.0" already present on machine [helmcontainersecuritycontextupgradeplatformit:test-hivemq-platform-1]
2025-01-30 04:01:23,295 INFO c.h.h.t.HelmChartContainer - Received Pulled event for container hivemq in pod test-hivemq-platform-1 [7e9d2cbe-967f-4c17-8f27-bc4a78b0e66e]
2025-01-30 04:01:23,307 INFO c.h.h.t.HelmChartContainer - [POD] test-hivemq-platform-1 [7e9d2cbe-967f-4c17-8f27-bc4a78b0e66e] in helmcontainersecuritycontextupgradeplatformit was MODIFIED
2025-01-30 04:01:23,332 INFO c.h.h.t.HelmChartContainer - [hivemq-test-hivemq-platform] [hivemq-platform-operator] [ab01aa0e] 04:01:23.315 [pool-6-thread-16] DEBUG c.h.p.o.d.PlatformServiceResource - [helmcont] Desired Platform services (3 services)
2025-01-30 04:01:23,334 INFO c.h.h.t.HelmChartContainer - [hivemq-test-hivemq-platform] [hivemq-platform-operator] [ab01aa0e] 04:01:23.324 [pool-6-thread-13] DEBUG c.h.p.o.dependants.PodInfoConfigMap - [helmcont] Desired PodInfo ConfigMap (1 extensions) (1 enabled)
2025-01-30 04:01:23,334 INFO c.h.h.t.HelmChartContainer - [hivemq-test-hivemq-platform] [hivemq-platform-operator] [ab01aa0e] 04:01:23.326 [pool-6-thread-13] DEBUG c.h.p.o.dependants.PodInfoConfigMap - [helmcont] Desired PodInfo ConfigMap (metrics port: 9399) (metrics path: /)
2025-01-30 04:01:23,334 INFO c.h.h.t.HelmChartContainer - [hivemq-test-hivemq-platform] [hivemq-platform-operator] [ab01aa0e] 04:01:23.326 [pool-6-thread-13] DEBUG c.h.p.o.dependants.PodInfoConfigMap - [helmcont] Desired PodInfo ConfigMap (extension state hash: -1817474005)
2025-01-30 04:01:23,334 INFO c.h.h.t.HelmChartContainer - [hivemq-test-hivemq-platform] [hivemq-platform-operator] [ab01aa0e] 04:01:23.327 [pool-6-thread-11] DEBUG c.h.p.o.d.PodServiceAccountResource - [helmcont] Desired PodServiceAccountResource (serviceAccountName: hivemq-platform-pod-test-hivemq-platform)
2025-01-30 04:01:23,339 INFO c.h.h.t.HelmChartContainer - [hivemq-test-hivemq-platform] [hivemq-platform-operator] [ab01aa0e] 04:01:23.334 [pool-6-thread-15] DEBUG c.h.p.o.d.StatefulSetResource - [helmcont] Desired StatefulSet (2 replicas) for status ROLLING_RESTART (SURGE_IN_PROGRESS)
2025-01-30 04:01:23,341 INFO c.h.h.t.HelmChartContainer - [EVENT] Normal [Created] Created container: hivemq [helmcontainersecuritycontextupgradeplatformit:test-hivemq-platform-1]
2025-01-30 04:01:23,341 INFO c.h.h.t.HelmChartContainer - Received Created event for container hivemq in pod test-hivemq-platform-1 [7e9d2cbe-967f-4c17-8f27-bc4a78b0e66e]
2025-01-30 04:01:23,399 INFO c.h.h.t.HelmChartContainer - [hivemq-test-hivemq-platform] [hivemq-platform-operator] [ab01aa0e] 04:01:23.396 [ReconcilerExecutor-hivemq-controller-121] INFO  c.h.p.o.HiveMQPlatformReconciler - [helmcont] Reconciling HiveMQ Platform 'test-hivemq-platform' in namespace 'helmcontainersecuritycontextupgradeplatformit'
2025-01-30 04:01:23,399 INFO c.h.h.t.HelmChartContainer - [hivemq-test-hivemq-platform] [hivemq-platform-operator] [ab01aa0e] 04:01:23.396 [ReconcilerExecutor-hivemq-controller-121] DEBUG c.h.p.o.HiveMQPlatformReconciler - [helmcont] Custom Resource Status ROLLING_RESTART - HiveMQ Platform is starting a surge Pod (rolling restart) (SURGE_IN_PROGRESS)
2025-01-30 04:01:23,399 INFO c.h.h.t.HelmChartContainer - [hivemq-test-hivemq-platform] [hivemq-platform-operator] [ab01aa0e] 04:01:23.396 [ReconcilerExecutor-hivemq-controller-121] DEBUG c.h.p.o.HiveMQPlatformReconciler - [helmcont] Custom Resource Spec (replicas: 1) (extensions: 1)
2025-01-30 04:01:23,403 INFO c.h.h.t.HelmChartContainer - [hivemq-test-hivemq-platform] [hivemq-platform-operator] [ab01aa0e] 04:01:23.397 [ReconcilerExecutor-hivemq-controller-121] DEBUG c.h.p.o.HiveMQPlatformReconciler - [helmcont] StatefulSet Status (revision: test-hivemq-platform-579f489c45, replicas: 2, available: 1, ready: 1, current: 1, updated: 1)
2025-01-30 04:01:23,403 INFO c.h.h.t.HelmChartContainer - [hivemq-test-hivemq-platform] [hivemq-platform-operator] [ab01aa0e] 04:01:23.397 [ReconcilerExecutor-hivemq-controller-121] DEBUG c.h.p.o.HiveMQPlatformReconciler - [helmcont] StatefulSet Spec (replicas: 2, init containers: 1, containers: 1, volumes: 3)
2025-01-30 04:01:23,403 INFO c.h.h.t.HelmChartContainer - [hivemq-test-hivemq-platform] [hivemq-platform-operator] [ab01aa0e] 04:01:23.399 [ReconcilerExecutor-hivemq-controller-121] DEBUG c.h.p.o.h.HiveMQPlatformReconcilerErrorHandler - [helmcont] Pod 'test-hivemq-platform-1' phase Pending
2025-01-30 04:01:23,403 INFO c.h.h.t.HelmChartContainer - [hivemq-test-hivemq-platform] [hivemq-platform-operator] [ab01aa0e] 04:01:23.399 [ReconcilerExecutor-hivemq-controller-121] DEBUG c.h.p.o.h.HiveMQPlatformReconcilerErrorHandler - [helmcont] Pod 'test-hivemq-platform-1' condition 'PodReadyToStartContainers': True
2025-01-30 04:01:23,403 INFO c.h.h.t.HelmChartContainer - [hivemq-test-hivemq-platform] [hivemq-platform-operator] [ab01aa0e] 04:01:23.399 [ReconcilerExecutor-hivemq-controller-121] DEBUG c.h.p.o.h.HiveMQPlatformReconcilerErrorHandler - [helmcont] Pod 'test-hivemq-platform-1' condition 'Initialized': True
2025-01-30 04:01:23,403 INFO c.h.h.t.HelmChartContainer - [hivemq-test-hivemq-platform] [hivemq-platform-operator] [ab01aa0e] 04:01:23.399 [ReconcilerExecutor-hivemq-controller-121] DEBUG c.h.p.o.h.HiveMQPlatformReconcilerErrorHandler - [helmcont] Pod 'test-hivemq-platform-1' condition 'Ready': False
2025-01-30 04:01:23,403 INFO c.h.h.t.HelmChartContainer - [hivemq-test-hivemq-platform] [hivemq-platform-operator] [ab01aa0e] 04:01:23.399 [ReconcilerExecutor-hivemq-controller-121] DEBUG c.h.p.o.h.HiveMQPlatformReconcilerErrorHandler - [helmcont] Pod 'test-hivemq-platform-1' condition 'ContainersReady': False
2025-01-30 04:01:23,403 INFO c.h.h.t.HelmChartContainer - [hivemq-test-hivemq-platform] [hivemq-platform-operator] [ab01aa0e] 04:01:23.399 [ReconcilerExecutor-hivemq-controller-121] DEBUG c.h.p.o.h.HiveMQPlatformReconcilerErrorHandler - [helmcont] Pod 'test-hivemq-platform-1' condition 'PodScheduled': True
2025-01-30 04:01:23,403 INFO c.h.h.t.HelmChartContainer - [hivemq-test-hivemq-platform] [hivemq-platform-operator] [ab01aa0e] 04:01:23.399 [ReconcilerExecutor-hivemq-controller-121] DEBUG c.h.p.o.h.HiveMQPlatformReconcilerErrorHandler - [helmcont] Pod 'test-hivemq-platform-1' containerStatus 'hivemq' (started: false) (ready: false) (waiting: [PodInitializing] null)
2025-01-30 04:01:23,403 INFO c.h.h.t.HelmChartContainer - [hivemq-test-hivemq-platform] [hivemq-platform-operator] [ab01aa0e] 04:01:23.401 [ReconcilerExecutor-hivemq-controller-121] DEBUG c.h.p.o.h.HiveMQPlatformReconcilerErrorHandler - [helmcont] Pod 'test-hivemq-platform-0' phase Running
2025-01-30 04:01:23,404 INFO c.h.h.t.HelmChartContainer - [hivemq-test-hivemq-platform] [hivemq-platform-operator] [ab01aa0e] 04:01:23.402 [ReconcilerExecutor-hivemq-controller-121] DEBUG c.h.p.o.h.HiveMQPlatformReconcilerRollingRestartHandler - [helmcont] Rolling restart is waiting for 1 of 2 replicas
2025-01-30 04:01:24,310 INFO c.h.h.t.HelmChartContainer - [POD] test-hivemq-platform-1 [7e9d2cbe-967f-4c17-8f27-bc4a78b0e66e] in helmcontainersecuritycontextupgradeplatformit was MODIFIED
2025-01-30 04:01:24,315 INFO c.h.h.t.HelmChartContainer - [EVENT] Normal [Started] Started container hivemq [helmcontainersecuritycontextupgradeplatformit:test-hivemq-platform-1]
2025-01-30 04:01:24,315 INFO c.h.h.t.HelmChartContainer - Received Started event for container hivemq in pod test-hivemq-platform-1 [7e9d2cbe-967f-4c17-8f27-bc4a78b0e66e]
2025-01-30 04:01:24,315 INFO c.h.h.t.HelmChartContainer - Started log watcher for hivemq in pod test-hivemq-platform-1 [7e9d2cbe-967f-4c17-8f27-bc4a78b0e66e]
2025-01-30 04:01:24,315 INFO c.h.h.t.HelmChartContainer - [test-hivemq-platform] [hivemq] [7e9d2cbe] Adding pre-installed HiveMQ Platform Operator extensions
2025-01-30 04:01:24,315 INFO c.h.h.t.HelmChartContainer - [test-hivemq-platform] [hivemq] [7e9d2cbe] Running as user 0
2025-01-30 04:01:24,315 INFO c.h.h.t.HelmChartContainer - [test-hivemq-platform] [hivemq] [7e9d2cbe] Starting HiveMQ Platform Operator Init
2025-01-30 04:01:24,327 INFO c.h.h.t.HelmChartContainer - [hivemq-test-hivemq-platform] [hivemq-platform-operator] [ab01aa0e] 04:01:24.318 [pool-6-thread-25] DEBUG c.h.p.o.d.PlatformServiceResource - [helmcont] Desired Platform services (3 services)
2025-01-30 04:01:24,330 INFO c.h.h.t.HelmChartContainer - [hivemq-test-hivemq-platform] [hivemq-platform-operator] [ab01aa0e] 04:01:24.320 [pool-6-thread-29] DEBUG c.h.p.o.d.PodServiceAccountResource - [helmcont] Desired PodServiceAccountResource (serviceAccountName: hivemq-platform-pod-test-hivemq-platform)
2025-01-30 04:01:24,332 INFO c.h.h.t.HelmChartContainer - [hivemq-test-hivemq-platform] [hivemq-platform-operator] [ab01aa0e] 04:01:24.330 [pool-6-thread-23] DEBUG c.h.p.o.dependants.PodInfoConfigMap - [helmcont] Desired PodInfo ConfigMap (1 extensions) (1 enabled)
2025-01-30 04:01:24,333 INFO c.h.h.t.HelmChartContainer - [hivemq-test-hivemq-platform] [hivemq-platform-operator] [ab01aa0e] 04:01:24.331 [pool-6-thread-23] DEBUG c.h.p.o.dependants.PodInfoConfigMap - [helmcont] Desired PodInfo ConfigMap (metrics port: 9399) (metrics path: /)
2025-01-30 04:01:24,333 INFO c.h.h.t.HelmChartContainer - [hivemq-test-hivemq-platform] [hivemq-platform-operator] [ab01aa0e] 04:01:24.331 [pool-6-thread-23] DEBUG c.h.p.o.dependants.PodInfoConfigMap - [helmcont] Desired PodInfo ConfigMap (extension state hash: -1817474005)
2025-01-30 04:01:24,342 INFO c.h.h.t.HelmChartContainer - [hivemq-test-hivemq-platform] [hivemq-platform-operator] [ab01aa0e] 04:01:24.340 [pool-6-thread-29] DEBUG c.h.p.o.d.StatefulSetResource - [helmcont] Desired StatefulSet (2 replicas) for status ROLLING_RESTART (SURGE_IN_PROGRESS)
2025-01-30 04:01:24,395 INFO c.h.h.t.HelmChartContainer - [hivemq-test-hivemq-platform] [hivemq-platform-operator] [ab01aa0e] 04:01:24.393 [ReconcilerExecutor-hivemq-controller-122] INFO  c.h.p.o.HiveMQPlatformReconciler - [helmcont] Reconciling HiveMQ Platform 'test-hivemq-platform' in namespace 'helmcontainersecuritycontextupgradeplatformit'
2025-01-30 04:01:24,397 INFO c.h.h.t.HelmChartContainer - [hivemq-test-hivemq-platform] [hivemq-platform-operator] [ab01aa0e] 04:01:24.394 [ReconcilerExecutor-hivemq-controller-122] DEBUG c.h.p.o.HiveMQPlatformReconciler - [helmcont] Custom Resource Status ROLLING_RESTART - HiveMQ Platform is starting a surge Pod (rolling restart) (SURGE_IN_PROGRESS)
2025-01-30 04:01:24,397 INFO c.h.h.t.HelmChartContainer - [hivemq-test-hivemq-platform] [hivemq-platform-operator] [ab01aa0e] 04:01:24.394 [ReconcilerExecutor-hivemq-controller-122] DEBUG c.h.p.o.HiveMQPlatformReconciler - [helmcont] Custom Resource Spec (replicas: 1) (extensions: 1)
2025-01-30 04:01:24,397 INFO c.h.h.t.HelmChartContainer - [hivemq-test-hivemq-platform] [hivemq-platform-operator] [ab01aa0e] 04:01:24.395 [ReconcilerExecutor-hivemq-controller-122] DEBUG c.h.p.o.HiveMQPlatformReconciler - [helmcont] StatefulSet Status (revision: test-hivemq-platform-579f489c45, replicas: 2, available: 1, ready: 1, current: 1, updated: 1)
2025-01-30 04:01:24,397 INFO c.h.h.t.HelmChartContainer - [hivemq-test-hivemq-platform] [hivemq-platform-operator] [ab01aa0e] 04:01:24.395 [ReconcilerExecutor-hivemq-controller-122] DEBUG c.h.p.o.HiveMQPlatformReconciler - [helmcont] StatefulSet Spec (replicas: 2, init containers: 1, containers: 1, volumes: 3)
2025-01-30 04:01:24,399 INFO c.h.h.t.HelmChartContainer - [hivemq-test-hivemq-platform] [hivemq-platform-operator] [ab01aa0e] 04:01:24.398 [ReconcilerExecutor-hivemq-controller-122] DEBUG c.h.p.o.h.HiveMQPlatformReconcilerErrorHandler - [helmcont] Pod 'test-hivemq-platform-1' phase Running
2025-01-30 04:01:24,402 INFO c.h.h.t.HelmChartContainer - [hivemq-test-hivemq-platform] [hivemq-platform-operator] [ab01aa0e] 04:01:24.400 [ReconcilerExecutor-hivemq-controller-122] DEBUG c.h.p.o.h.HiveMQPlatformReconcilerErrorHandler - [helmcont] Pod 'test-hivemq-platform-0' phase Running
2025-01-30 04:01:24,402 INFO c.h.h.t.HelmChartContainer - [hivemq-test-hivemq-platform] [hivemq-platform-operator] [ab01aa0e] 04:01:24.401 [ReconcilerExecutor-hivemq-controller-122] DEBUG c.h.p.o.h.HiveMQPlatformReconcilerRollingRestartHandler - [helmcont] Rolling restart is waiting for 1 of 2 replicas
2025-01-30 04:01:24,584 INFO c.h.h.t.HelmChartContainer - [test-hivemq-platform] [hivemq] [7e9d2cbe] INFO  - [HiveMQ Platform Operator Init 1.7.0-SNAPSHOT] HiveMQ Platform Operator Init 1.7.0-SNAPSHOT (commit: 47e3375 on branch: HEAD) built on Thu Jan 30 03:55:50 UTC 2025
2025-01-30 04:01:25,811 INFO c.h.h.t.HelmChartContainer - [test-hivemq-platform] [hivemq] [7e9d2cbe] INFO  - [HiveMQ Platform Operator Init App 1.7.0-SNAPSHOT] Using bind address 10.42.0.7 from environment variable
2025-01-30 04:01:26,788 INFO c.h.h.t.HelmChartContainer - [test-hivemq-platform] [hivemq] [7e9d2cbe] INFO  - [HiveMQ Platform Operator Init App 1.7.0-SNAPSHOT] HiveMQ Platform Operator Init App 1.7.0-SNAPSHOT (commit: 47e3375 on branch: HEAD) built on Thu Jan 30 03:55:50 UTC 2025
2025-01-30 04:01:26,788 INFO c.h.h.t.HelmChartContainer - [test-hivemq-platform] [hivemq] [7e9d2cbe] INFO  - [HiveMQ Platform Operator Init App 1.7.0-SNAPSHOT] PodInfo ConfigMap directory: /etc/podinfo
2025-01-30 04:01:26,788 INFO c.h.h.t.HelmChartContainer - [test-hivemq-platform] [hivemq] [7e9d2cbe] INFO  - [HiveMQ Platform Operator Init App 1.7.0-SNAPSHOT] HiveMQ home directory: /opt/hivemq
2025-01-30 04:01:26,789 INFO c.h.h.t.HelmChartContainer - [test-hivemq-platform] [hivemq] [7e9d2cbe] INFO  - [HiveMQ Platform Operator Init App 1.7.0-SNAPSHOT] HiveMQ Logback folder: /opt/hivemq/conf
2025-01-30 04:01:26,789 INFO c.h.h.t.HelmChartContainer - [test-hivemq-platform] [hivemq] [7e9d2cbe] INFO  - [HiveMQ Platform Operator Init App 1.7.0-SNAPSHOT] HiveMQ Config folder: /opt/hivemq/conf-k8s
2025-01-30 04:01:26,790 INFO c.h.h.t.HelmChartContainer - [test-hivemq-platform] [hivemq] [7e9d2cbe] INFO  - [HiveMQ Platform Operator Init App 1.7.0-SNAPSHOT] Starting HiveMQ Platform Operator Init App
2025-01-30 04:01:26,790 INFO c.h.h.t.HelmChartContainer - [test-hivemq-platform] [hivemq] [7e9d2cbe] INFO  - [HiveMQ Platform Operator Init App 1.7.0-SNAPSHOT] Starting Pod reconciler
2025-01-30 04:01:28,102 INFO c.h.h.t.HelmChartContainer - [test-hivemq-platform] [hivemq] [7e9d2cbe] INFO  - [HiveMQ Platform Operator Init App 1.7.0-SNAPSHOT] Pod reconciler is scheduled (interval: 5000 ms)
2025-01-30 04:01:28,102 INFO c.h.h.t.HelmChartContainer - [test-hivemq-platform] [hivemq] [7e9d2cbe] INFO  - [HiveMQ Platform Operator Init App 1.7.0-SNAPSHOT] Starting the REST API on 10.42.0.7:7979
2025-01-30 04:01:28,105 INFO c.h.h.t.HelmChartContainer - [test-hivemq-platform] [hivemq] [7e9d2cbe] INFO  - [HiveMQ Platform Operator Init App 1.7.0-SNAPSHOT] Waiting up to 600s for at most 2 HiveMQ nodes in cluster service hivemq-test-hivemq-platform-cluster.helmcontainersecuritycontextupgradeplatformit.svc
2025-01-30 04:01:28,482 INFO c.h.h.t.HelmChartContainer - [test-hivemq-platform] [hivemq] [7e9d2cbe] INFO  - [HiveMQ Platform Operator Init App 1.7.0-SNAPSHOT] Resolved 2 IP addresses: [10.42.0.6, 10.42.0.7]
2025-01-30 04:01:28,482 INFO c.h.h.t.HelmChartContainer - [test-hivemq-platform] [hivemq] [7e9d2cbe] INFO  - [HiveMQ Platform Operator Init App 1.7.0-SNAPSHOT] HiveMQ node count of 2 is within threshold of 2
2025-01-30 04:01:28,482 INFO c.h.h.t.HelmChartContainer - [test-hivemq-platform] [hivemq] [7e9d2cbe] INFO  - [HiveMQ Platform Operator Init App 1.7.0-SNAPSHOT] Waiting 15s for previous shutdown replication to finish...
2025-01-30 04:01:30,305 INFO c.h.h.t.HelmChartContainer - [test-hivemq-platform] [hivemq] [7e9d2cbe] INFO  - [HiveMQ Platform Operator Init App 1.7.0-SNAPSHOT] Returning default Health API response 503 for readiness
2025-01-30 04:01:30,428 INFO c.h.h.t.HelmChartContainer - [EVENT] Warning [Unhealthy] Readiness probe failed: HTTP probe failed with statuscode: 503 [helmcontainersecuritycontextupgradeplatformit:test-hivemq-platform-1]
2025-01-30 04:01:30,428 INFO c.h.h.t.HelmChartContainer - Received Unhealthy event for container hivemq in pod test-hivemq-platform-1 [7e9d2cbe-967f-4c17-8f27-bc4a78b0e66e]
2025-01-30 04:01:34,046 INFO c.h.h.t.HelmChartContainer - [test-hivemq-platform] [hivemq] [8dd543e0] INFO  - [HiveMQ Platform Operator Init App 1.7.0-SNAPSHOT] Returning Health API response 200 for liveness
2025-01-30 04:01:34,407 INFO c.h.h.t.HelmChartContainer - [hivemq-test-hivemq-platform] [hivemq-platform-operator] [ab01aa0e] 04:01:34.404 [pool-6-thread-39] DEBUG c.h.p.o.d.PlatformServiceResource - [helmcont] Desired Platform services (3 services)
2025-01-30 04:01:34,407 INFO c.h.h.t.HelmChartContainer - [hivemq-test-hivemq-platform] [hivemq-platform-operator] [ab01aa0e] 04:01:34.404 [pool-6-thread-33] DEBUG c.h.p.o.dependants.PodInfoConfigMap - [helmcont] Desired PodInfo ConfigMap (1 extensions) (1 enabled)
2025-01-30 04:01:34,407 INFO c.h.h.t.HelmChartContainer - [hivemq-test-hivemq-platform] [hivemq-platform-operator] [ab01aa0e] 04:01:34.404 [pool-6-thread-33] DEBUG c.h.p.o.dependants.PodInfoConfigMap - [helmcont] Desired PodInfo ConfigMap (metrics port: 9399) (metrics path: /)
2025-01-30 04:01:34,407 INFO c.h.h.t.HelmChartContainer - [hivemq-test-hivemq-platform] [hivemq-platform-operator] [ab01aa0e] 04:01:34.404 [pool-6-thread-33] DEBUG c.h.p.o.dependants.PodInfoConfigMap - [helmcont] Desired PodInfo ConfigMap (extension state hash: -1817474005)
2025-01-30 04:01:34,407 INFO c.h.h.t.HelmChartContainer - [hivemq-test-hivemq-platform] [hivemq-platform-operator] [ab01aa0e] 04:01:34.404 [pool-6-thread-32] DEBUG c.h.p.o.d.PodServiceAccountResource - [helmcont] Desired PodServiceAccountResource (serviceAccountName: hivemq-platform-pod-test-hivemq-platform)
2025-01-30 04:01:34,411 INFO c.h.h.t.HelmChartContainer - [hivemq-test-hivemq-platform] [hivemq-platform-operator] [ab01aa0e] 04:01:34.410 [pool-6-thread-39] DEBUG c.h.p.o.d.StatefulSetResource - [helmcont] Desired StatefulSet (2 replicas) for status ROLLING_RESTART (SURGE_IN_PROGRESS)
2025-01-30 04:01:34,414 INFO c.h.h.t.HelmChartContainer - [hivemq-test-hivemq-platform] [hivemq-platform-operator] [ab01aa0e] 04:01:34.413 [ReconcilerExecutor-hivemq-controller-123] INFO  c.h.p.o.HiveMQPlatformReconciler - [helmcont] Reconciling HiveMQ Platform 'test-hivemq-platform' in namespace 'helmcontainersecuritycontextupgradeplatformit'
2025-01-30 04:01:34,415 INFO c.h.h.t.HelmChartContainer - [hivemq-test-hivemq-platform] [hivemq-platform-operator] [ab01aa0e] 04:01:34.413 [ReconcilerExecutor-hivemq-controller-123] DEBUG c.h.p.o.HiveMQPlatformReconciler - [helmcont] Custom Resource Status ROLLING_RESTART - HiveMQ Platform is starting a surge Pod (rolling restart) (SURGE_IN_PROGRESS)
2025-01-30 04:01:34,415 INFO c.h.h.t.HelmChartContainer - [hivemq-test-hivemq-platform] [hivemq-platform-operator] [ab01aa0e] 04:01:34.413 [ReconcilerExecutor-hivemq-controller-123] DEBUG c.h.p.o.HiveMQPlatformReconciler - [helmcont] Custom Resource Spec (replicas: 1) (extensions: 1)
2025-01-30 04:01:34,417 INFO c.h.h.t.HelmChartContainer - [hivemq-test-hivemq-platform] [hivemq-platform-operator] [ab01aa0e] 04:01:34.415 [ReconcilerExecutor-hivemq-controller-123] DEBUG c.h.p.o.HiveMQPlatformReconciler - [helmcont] StatefulSet Status (revision: test-hivemq-platform-579f489c45, replicas: 2, available: 1, ready: 1, current: 1, updated: 1)
2025-01-30 04:01:34,417 INFO c.h.h.t.HelmChartContainer - [hivemq-test-hivemq-platform] [hivemq-platform-operator] [ab01aa0e] 04:01:34.415 [ReconcilerExecutor-hivemq-controller-123] DEBUG c.h.p.o.HiveMQPlatformReconciler - [helmcont] StatefulSet Spec (replicas: 2, init containers: 1, containers: 1, volumes: 3)
2025-01-30 04:01:34,418 INFO c.h.h.t.HelmChartContainer - [hivemq-test-hivemq-platform] [hivemq-platform-operator] [ab01aa0e] 04:01:34.417 [ReconcilerExecutor-hivemq-controller-123] DEBUG c.h.p.o.h.HiveMQPlatformReconcilerErrorHandler - [helmcont] Pod 'test-hivemq-platform-1' phase Running
2025-01-30 04:01:34,420 INFO c.h.h.t.HelmChartContainer - [hivemq-test-hivemq-platform] [hivemq-platform-operator] [ab01aa0e] 04:01:34.419 [ReconcilerExecutor-hivemq-controller-123] DEBUG c.h.p.o.h.HiveMQPlatformReconcilerErrorHandler - [helmcont] Pod 'test-hivemq-platform-0' phase Running
2025-01-30 04:01:34,421 INFO c.h.h.t.HelmChartContainer - [hivemq-test-hivemq-platform] [hivemq-platform-operator] [ab01aa0e] 04:01:34.420 [ReconcilerExecutor-hivemq-controller-123] DEBUG c.h.p.o.h.HiveMQPlatformReconcilerRollingRestartHandler - [helmcont] Rolling restart is waiting for 1 of 2 replicas
2025-01-30 04:01:35,325 INFO c.h.h.t.HelmChartContainer - [EVENT] Warning [Unhealthy] Readiness probe failed: HTTP probe failed with statuscode: 503 [helmcontainersecuritycontextupgradeplatformit:test-hivemq-platform-1]
2025-01-30 04:01:35,325 INFO c.h.h.t.HelmChartContainer - Received Unhealthy event for container hivemq in pod test-hivemq-platform-1 [7e9d2cbe-967f-4c17-8f27-bc4a78b0e66e]
2025-01-30 04:01:35,620 INFO c.h.h.t.HelmChartContainer - [test-hivemq-platform] [hivemq] [7e9d2cbe] INFO  - [HiveMQ Platform Operator Init App 1.7.0-SNAPSHOT] Updating Pod HiveMQ Platform Operator Init App version annotation (version: 1.7.0-SNAPSHOT)
2025-01-30 04:01:36,082 INFO c.h.h.t.HelmChartContainer - [POD] test-hivemq-platform-1 [7e9d2cbe-967f-4c17-8f27-bc4a78b0e66e] in helmcontainersecuritycontextupgradeplatformit was MODIFIED
2025-01-30 04:01:36,090 INFO c.h.h.t.HelmChartContainer - [EVENT] Warning [Unhealthy] Readiness probe failed: HTTP probe failed with statuscode: 503 [helmcontainersecuritycontextupgradeplatformit:test-hivemq-platform-1]
2025-01-30 04:01:36,090 INFO c.h.h.t.HelmChartContainer - Received Unhealthy event for container hivemq in pod test-hivemq-platform-1 [7e9d2cbe-967f-4c17-8f27-bc4a78b0e66e]
2025-01-30 04:01:36,090 INFO c.h.h.t.HelmChartContainer - [hivemq-test-hivemq-platform] [hivemq-platform-operator] [ab01aa0e] 04:01:36.087 [pool-6-thread-43] DEBUG c.h.p.o.d.PlatformServiceResource - [helmcont] Desired Platform services (3 services)
2025-01-30 04:01:36,090 INFO c.h.h.t.HelmChartContainer - [hivemq-test-hivemq-platform] [hivemq-platform-operator] [ab01aa0e] 04:01:36.087 [pool-6-thread-44] DEBUG c.h.p.o.dependants.PodInfoConfigMap - [helmcont] Desired PodInfo ConfigMap (1 extensions) (1 enabled)
2025-01-30 04:01:36,090 INFO c.h.h.t.HelmChartContainer - [hivemq-test-hivemq-platform] [hivemq-platform-operator] [ab01aa0e] 04:01:36.087 [pool-6-thread-44] DEBUG c.h.p.o.dependants.PodInfoConfigMap - [helmcont] Desired PodInfo ConfigMap (metrics port: 9399) (metrics path: /)
2025-01-30 04:01:36,090 INFO c.h.h.t.HelmChartContainer - [hivemq-test-hivemq-platform] [hivemq-platform-operator] [ab01aa0e] 04:01:36.087 [pool-6-thread-44] DEBUG c.h.p.o.dependants.PodInfoConfigMap - [helmcont] Desired PodInfo ConfigMap (extension state hash: -1817474005)
2025-01-30 04:01:36,091 INFO c.h.h.t.HelmChartContainer - [hivemq-test-hivemq-platform] [hivemq-platform-operator] [ab01aa0e] 04:01:36.087 [pool-6-thread-45] DEBUG c.h.p.o.d.PodServiceAccountResource - [helmcont] Desired PodServiceAccountResource (serviceAccountName: hivemq-platform-pod-test-hivemq-platform)
2025-01-30 04:01:36,095 INFO c.h.h.t.HelmChartContainer - [hivemq-test-hivemq-platform] [hivemq-platform-operator] [ab01aa0e] 04:01:36.095 [pool-6-thread-43] DEBUG c.h.p.o.d.StatefulSetResource - [helmcont] Desired StatefulSet (2 replicas) for status ROLLING_RESTART (SURGE_IN_PROGRESS)
2025-01-30 04:01:36,099 INFO c.h.h.t.HelmChartContainer - [hivemq-test-hivemq-platform] [hivemq-platform-operator] [ab01aa0e] 04:01:36.098 [ReconcilerExecutor-hivemq-controller-124] INFO  c.h.p.o.HiveMQPlatformReconciler - [helmcont] Reconciling HiveMQ Platform 'test-hivemq-platform' in namespace 'helmcontainersecuritycontextupgradeplatformit'
2025-01-30 04:01:36,099 INFO c.h.h.t.HelmChartContainer - [hivemq-test-hivemq-platform] [hivemq-platform-operator] [ab01aa0e] 04:01:36.098 [ReconcilerExecutor-hivemq-controller-124] DEBUG c.h.p.o.HiveMQPlatformReconciler - [helmcont] Custom Resource Status ROLLING_RESTART - HiveMQ Platform is starting a surge Pod (rolling restart) (SURGE_IN_PROGRESS)
2025-01-30 04:01:36,099 INFO c.h.h.t.HelmChartContainer - [hivemq-test-hivemq-platform] [hivemq-platform-operator] [ab01aa0e] 04:01:36.098 [ReconcilerExecutor-hivemq-controller-124] DEBUG c.h.p.o.HiveMQPlatformReconciler - [helmcont] Custom Resource Spec (replicas: 1) (extensions: 1)
2025-01-30 04:01:36,102 INFO c.h.h.t.HelmChartContainer - [hivemq-test-hivemq-platform] [hivemq-platform-operator] [ab01aa0e] 04:01:36.100 [ReconcilerExecutor-hivemq-controller-124] DEBUG c.h.p.o.HiveMQPlatformReconciler - [helmcont] StatefulSet Status (revision: test-hivemq-platform-579f489c45, replicas: 2, available: 1, ready: 1, current: 1, updated: 1)
2025-01-30 04:01:36,103 INFO c.h.h.t.HelmChartContainer - [hivemq-test-hivemq-platform] [hivemq-platform-operator] [ab01aa0e] 04:01:36.100 [ReconcilerExecutor-hivemq-controller-124] DEBUG c.h.p.o.HiveMQPlatformReconciler - [helmcont] StatefulSet Spec (replicas: 2, init containers: 1, containers: 1, volumes: 3)
2025-01-30 04:01:36,104 INFO c.h.h.t.HelmChartContainer - [hivemq-test-hivemq-platform] [hivemq-platform-operator] [ab01aa0e] 04:01:36.101 [ReconcilerExecutor-hivemq-controller-124] DEBUG c.h.p.o.h.HiveMQPlatformReconcilerErrorHandler - [helmcont] Pod 'test-hivemq-platform-1' phase Running
2025-01-30 04:01:36,105 INFO c.h.h.t.HelmChartContainer - [hivemq-test-hivemq-platform] [hivemq-platform-operator] [ab01aa0e] 04:01:36.103 [ReconcilerExecutor-hivemq-controller-124] DEBUG c.h.p.o.h.HiveMQPlatformReconcilerErrorHandler - [helmcont] Pod 'test-hivemq-platform-0' phase Running
2025-01-30 04:01:36,105 INFO c.h.h.t.HelmChartContainer - [hivemq-test-hivemq-platform] [hivemq-platform-operator] [ab01aa0e] 04:01:36.104 [ReconcilerExecutor-hivemq-controller-124] DEBUG c.h.p.o.h.HiveMQPlatformReconcilerRollingRestartHandler - [helmcont] Rolling restart is waiting for 1 of 2 replicas
2025-01-30 04:01:36,124 INFO c.h.h.t.HelmChartContainer - [test-hivemq-platform] [hivemq] [7e9d2cbe] INFO  - [HiveMQ Platform Operator Init App 1.7.0-SNAPSHOT] Successfully updated Pod HiveMQ Platform Operator Init App version annotation (version: 1.7.0-SNAPSHOT)
2025-01-30 04:01:41,086 INFO c.h.h.t.HelmChartContainer - [EVENT] Warning [Unhealthy] Readiness probe failed: HTTP probe failed with statuscode: 503 [helmcontainersecuritycontextupgradeplatformit:test-hivemq-platform-1]
2025-01-30 04:01:41,086 INFO c.h.h.t.HelmChartContainer - Received Unhealthy event for container hivemq in pod test-hivemq-platform-1 [7e9d2cbe-967f-4c17-8f27-bc4a78b0e66e]
2025-01-30 04:01:43,483 INFO c.h.h.t.HelmChartContainer - [test-hivemq-platform] [hivemq] [7e9d2cbe] INFO  - [HiveMQ Platform Operator Init App 1.7.0-SNAPSHOT] Proceeding with container start
2025-01-30 04:01:43,486 INFO c.h.h.t.HelmChartContainer - [test-hivemq-platform] [hivemq] [7e9d2cbe] INFO  - [HiveMQ Platform Operator Init App 1.7.0-SNAPSHOT] Initializing HiveMQ Platform extensions with initial configuration: {hivemq-allow-all-extension={start-priority=-1, skip-https-hostname-verification=false, restart=true, config-version=0, header-version=0, c-uri=, priority=-1, uri=preinstalled, skip-https-certificate-validation=false, enabled=true}, hivemq-prometheus-extension={request-header-path=no-request-headers, uri=preinstalled, skip-https-certificate-validation=false, skip-https-hostname-verification=false, c-uri=, start-priority=-1, priority=-1, restart=true, enabled=true}}
2025-01-30 04:01:43,881 INFO c.h.h.t.HelmChartContainer - [test-hivemq-platform] [hivemq] [7e9d2cbe] INFO  - [HiveMQ Platform Operator Init App 1.7.0-SNAPSHOT] Extension hivemq-allow-all-extension was already enabled
2025-01-30 04:01:43,968 INFO c.h.h.t.HelmChartContainer - [test-hivemq-platform] [hivemq] [7e9d2cbe] INFO  - [HiveMQ Platform Operator Init App 1.7.0-SNAPSHOT] Successfully enabled extension hivemq-prometheus-extension
2025-01-30 04:01:43,971 INFO c.h.h.t.HelmChartContainer - [test-hivemq-platform] [hivemq] [7e9d2cbe] INFO  - [HiveMQ Platform Operator Init App 1.7.0-SNAPSHOT] Starting HiveMQ Platform version 4.36.0 (4.36.0)
2025-01-30 04:01:43,971 INFO c.h.h.t.HelmChartContainer - [test-hivemq-platform] [hivemq] [7e9d2cbe] INFO  - [HiveMQ Platform Operator Init App 1.7.0-SNAPSHOT] Configuring the HiveMQ Platform
2025-01-30 04:01:43,981 INFO c.h.h.t.HelmChartContainer - [test-hivemq-platform] [hivemq] [7e9d2cbe] INFO  - [HiveMQ Platform Operator Init App 1.7.0-SNAPSHOT] Changed logback.xml file scan period to 20 seconds
2025-01-30 04:01:44,081 INFO c.h.h.t.HelmChartContainer - [test-hivemq-platform] [hivemq] [7e9d2cbe] INFO  - [HiveMQ Platform Operator Init App 1.7.0-SNAPSHOT] Starting the HiveMQ Platform
2025-01-30 04:01:44,084 INFO c.h.h.t.HelmChartContainer - [test-hivemq-platform] [hivemq] [7e9d2cbe] -------------------------------------------------------------------------
2025-01-30 04:01:44,084 INFO c.h.h.t.HelmChartContainer - [test-hivemq-platform] [hivemq] [7e9d2cbe] 
2025-01-30 04:01:44,084 INFO c.h.h.t.HelmChartContainer - [test-hivemq-platform] [hivemq] [7e9d2cbe]                   _    _  _              __  __   ____
2025-01-30 04:01:44,084 INFO c.h.h.t.HelmChartContainer - [test-hivemq-platform] [hivemq] [7e9d2cbe]                  | |  | |(_)            |  \/  | / __ \
2025-01-30 04:01:44,084 INFO c.h.h.t.HelmChartContainer - [test-hivemq-platform] [hivemq] [7e9d2cbe]                  | |__| | _ __   __ ___ | \  / || |  | |
2025-01-30 04:01:44,084 INFO c.h.h.t.HelmChartContainer - [test-hivemq-platform] [hivemq] [7e9d2cbe]                  |  __  || |\ \ / // _ \| |\/| || |  | |
2025-01-30 04:01:44,084 INFO c.h.h.t.HelmChartContainer - [test-hivemq-platform] [hivemq] [7e9d2cbe]                  | |  | || | \ V /|  __/| |  | || |__| |
2025-01-30 04:01:44,084 INFO c.h.h.t.HelmChartContainer - [test-hivemq-platform] [hivemq] [7e9d2cbe]                  |_|  |_||_|  \_/  \___||_|  |_| \___\_\
2025-01-30 04:01:44,084 INFO c.h.h.t.HelmChartContainer - [test-hivemq-platform] [hivemq] [7e9d2cbe] 
2025-01-30 04:01:44,084 INFO c.h.h.t.HelmChartContainer - [test-hivemq-platform] [hivemq] [7e9d2cbe] -------------------------------------------------------------------------
2025-01-30 04:01:44,090 INFO c.h.h.t.HelmChartContainer - [test-hivemq-platform] [hivemq] [7e9d2cbe] 
2025-01-30 04:01:44,090 INFO c.h.h.t.HelmChartContainer - [test-hivemq-platform] [hivemq] [7e9d2cbe]   HiveMQ Start Script for Linux/Unix v1.14
2025-01-30 04:01:44,090 INFO c.h.h.t.HelmChartContainer - [test-hivemq-platform] [hivemq] [7e9d2cbe] 
2025-01-30 04:01:44,193 INFO c.h.h.t.HelmChartContainer - [test-hivemq-platform] [hivemq] [7e9d2cbe] -------------------------------------------------------------------------
2025-01-30 04:01:44,193 INFO c.h.h.t.HelmChartContainer - [test-hivemq-platform] [hivemq] [7e9d2cbe] 
2025-01-30 04:01:44,193 INFO c.h.h.t.HelmChartContainer - [test-hivemq-platform] [hivemq] [7e9d2cbe]   HIVEMQ_HOME: /opt/hivemq
2025-01-30 04:01:44,193 INFO c.h.h.t.HelmChartContainer - [test-hivemq-platform] [hivemq] [7e9d2cbe] 
2025-01-30 04:01:44,193 INFO c.h.h.t.HelmChartContainer - [test-hivemq-platform] [hivemq] [7e9d2cbe]   JAVA_OPTS: -XX:+UnlockExperimentalVMOptions -XX:InitialRAMPercentage=50 -XX:MaxRAMPercentage=50 -Djava.net.preferIPv4Stack=true --add-opens java.base/java.lang=ALL-UNNAMED --add-opens java.base/java.nio=ALL-UNNAMED --add-opens java.base/sun.nio.ch=ALL-UNNAMED --add-opens jdk.management/com.sun.management.internal=ALL-UNNAMED --add-exports java.base/jdk.internal.misc=ALL-UNNAMED -Djava.security.egd=file:/dev/./urandom -Dcom.sun.management.jmxremote -Dcom.sun.management.jmxremote.port=9010 -Dcom.sun.management.jmxremote.local.only=false -Dcom.sun.management.jmxremote.authenticate=false -Dcom.sun.management.jmxremote.ssl=false -Duser.language=en -Duser.region=US -XX:+CrashOnOutOfMemoryError -XX:+HeapDumpOnOutOfMemoryError
2025-01-30 04:01:44,193 INFO c.h.h.t.HelmChartContainer - [test-hivemq-platform] [hivemq] [7e9d2cbe] 
2025-01-30 04:01:44,193 INFO c.h.h.t.HelmChartContainer - [test-hivemq-platform] [hivemq] [7e9d2cbe]   JAVA_VERSION: 21
2025-01-30 04:01:44,193 INFO c.h.h.t.HelmChartContainer - [test-hivemq-platform] [hivemq] [7e9d2cbe] 
2025-01-30 04:01:44,193 INFO c.h.h.t.HelmChartContainer - [test-hivemq-platform] [hivemq] [7e9d2cbe] -------------------------------------------------------------------------
2025-01-30 04:01:44,193 INFO c.h.h.t.HelmChartContainer - [test-hivemq-platform] [hivemq] [7e9d2cbe] 
2025-01-30 04:01:46,088 INFO c.h.h.t.HelmChartContainer - [EVENT] Warning [Unhealthy] Readiness probe failed: HTTP probe failed with statuscode: 503 [helmcontainersecuritycontextupgradeplatformit:test-hivemq-platform-1]
2025-01-30 04:01:46,088 INFO c.h.h.t.HelmChartContainer - Received Unhealthy event for container hivemq in pod test-hivemq-platform-1 [7e9d2cbe-967f-4c17-8f27-bc4a78b0e66e]
2025-01-30 04:01:46,110 INFO c.h.h.t.HelmChartContainer - [hivemq-test-hivemq-platform] [hivemq-platform-operator] [ab01aa0e] 04:01:46.107 [pool-6-thread-9] DEBUG c.h.p.o.d.PlatformServiceResource - [helmcont] Desired Platform services (3 services)
2025-01-30 04:01:46,111 INFO c.h.h.t.HelmChartContainer - [hivemq-test-hivemq-platform] [hivemq-platform-operator] [ab01aa0e] 04:01:46.108 [pool-6-thread-8] DEBUG c.h.p.o.dependants.PodInfoConfigMap - [helmcont] Desired PodInfo ConfigMap (1 extensions) (1 enabled)
2025-01-30 04:01:46,112 INFO c.h.h.t.HelmChartContainer - [hivemq-test-hivemq-platform] [hivemq-platform-operator] [ab01aa0e] 04:01:46.108 [pool-6-thread-8] DEBUG c.h.p.o.dependants.PodInfoConfigMap - [helmcont] Desired PodInfo ConfigMap (metrics port: 9399) (metrics path: /)
2025-01-30 04:01:46,112 INFO c.h.h.t.HelmChartContainer - [hivemq-test-hivemq-platform] [hivemq-platform-operator] [ab01aa0e] 04:01:46.108 [pool-6-thread-8] DEBUG c.h.p.o.dependants.PodInfoConfigMap - [helmcont] Desired PodInfo ConfigMap (extension state hash: -1817474005)
2025-01-30 04:01:46,112 INFO c.h.h.t.HelmChartContainer - [hivemq-test-hivemq-platform] [hivemq-platform-operator] [ab01aa0e] 04:01:46.109 [pool-6-thread-8] DEBUG c.h.p.o.d.PodServiceAccountResource - [helmcont] Desired PodServiceAccountResource (serviceAccountName: hivemq-platform-pod-test-hivemq-platform)
2025-01-30 04:01:46,116 INFO c.h.h.t.HelmChartContainer - [hivemq-test-hivemq-platform] [hivemq-platform-operator] [ab01aa0e] 04:01:46.116 [pool-6-thread-9] DEBUG c.h.p.o.d.StatefulSetResource - [helmcont] Desired StatefulSet (2 replicas) for status ROLLING_RESTART (SURGE_IN_PROGRESS)
2025-01-30 04:01:46,120 INFO c.h.h.t.HelmChartContainer - [hivemq-test-hivemq-platform] [hivemq-platform-operator] [ab01aa0e] 04:01:46.119 [ReconcilerExecutor-hivemq-controller-125] INFO  c.h.p.o.HiveMQPlatformReconciler - [helmcont] Reconciling HiveMQ Platform 'test-hivemq-platform' in namespace 'helmcontainersecuritycontextupgradeplatformit'
2025-01-30 04:01:46,122 INFO c.h.h.t.HelmChartContainer - [hivemq-test-hivemq-platform] [hivemq-platform-operator] [ab01aa0e] 04:01:46.120 [ReconcilerExecutor-hivemq-controller-125] DEBUG c.h.p.o.HiveMQPlatformReconciler - [helmcont] Custom Resource Status ROLLING_RESTART - HiveMQ Platform is starting a surge Pod (rolling restart) (SURGE_IN_PROGRESS)
2025-01-30 04:01:46,123 INFO c.h.h.t.HelmChartContainer - [hivemq-test-hivemq-platform] [hivemq-platform-operator] [ab01aa0e] 04:01:46.120 [ReconcilerExecutor-hivemq-controller-125] DEBUG c.h.p.o.HiveMQPlatformReconciler - [helmcont] Custom Resource Spec (replicas: 1) (extensions: 1)
2025-01-30 04:01:46,124 INFO c.h.h.t.HelmChartContainer - [hivemq-test-hivemq-platform] [hivemq-platform-operator] [ab01aa0e] 04:01:46.121 [ReconcilerExecutor-hivemq-controller-125] DEBUG c.h.p.o.HiveMQPlatformReconciler - [helmcont] StatefulSet Status (revision: test-hivemq-platform-579f489c45, replicas: 2, available: 1, ready: 1, current: 1, updated: 1)
2025-01-30 04:01:46,125 INFO c.h.h.t.HelmChartContainer - [hivemq-test-hivemq-platform] [hivemq-platform-operator] [ab01aa0e] 04:01:46.121 [ReconcilerExecutor-hivemq-controller-125] DEBUG c.h.p.o.HiveMQPlatformReconciler - [helmcont] StatefulSet Spec (replicas: 2, init containers: 1, containers: 1, volumes: 3)
2025-01-30 04:01:46,128 INFO c.h.h.t.HelmChartContainer - [hivemq-test-hivemq-platform] [hivemq-platform-operator] [ab01aa0e] 04:01:46.127 [ReconcilerExecutor-hivemq-controller-125] DEBUG c.h.p.o.h.HiveMQPlatformReconcilerErrorHandler - [helmcont] Pod 'test-hivemq-platform-1' phase Running
2025-01-30 04:01:46,130 INFO c.h.h.t.HelmChartContainer - [hivemq-test-hivemq-platform] [hivemq-platform-operator] [ab01aa0e] 04:01:46.129 [ReconcilerExecutor-hivemq-controller-125] DEBUG c.h.p.o.h.HiveMQPlatformReconcilerErrorHandler - [helmcont] Pod 'test-hivemq-platform-0' phase Running
2025-01-30 04:01:46,131 INFO c.h.h.t.HelmChartContainer - [hivemq-test-hivemq-platform] [hivemq-platform-operator] [ab01aa0e] 04:01:46.130 [ReconcilerExecutor-hivemq-controller-125] DEBUG c.h.p.o.h.HiveMQPlatformReconcilerRollingRestartHandler - [helmcont] Rolling restart is waiting for 1 of 2 replicas
2025-01-30 04:01:46,867 INFO c.h.h.t.HelmChartContainer - [test-hivemq-platform] [hivemq] [7e9d2cbe] INFO  - Starting HiveMQ Enterprise Server
2025-01-30 04:01:46,873 INFO c.h.h.t.HelmChartContainer - [test-hivemq-platform] [hivemq] [7e9d2cbe] INFO  - HiveMQ version: 4.36.0
2025-01-30 04:01:46,874 INFO c.h.h.t.HelmChartContainer - [test-hivemq-platform] [hivemq] [7e9d2cbe] INFO  - HiveMQ home directory: /opt/hivemq
2025-01-30 04:01:46,874 INFO c.h.h.t.HelmChartContainer - [test-hivemq-platform] [hivemq] [7e9d2cbe] INFO  - Log Configuration was overridden by /opt/hivemq/conf/logback.xml
2025-01-30 04:01:48,077 INFO c.h.h.t.HelmChartContainer - [test-hivemq-platform] [hivemq] [7e9d2cbe] INFO  - Successfully loaded configuration from '/opt/hivemq/conf-k8s/config.xml'.
2025-01-30 04:01:48,386 INFO c.h.h.t.HelmChartContainer - [test-hivemq-platform] [hivemq] [7e9d2cbe] INFO  - This node's ID is ltpdW
2025-01-30 04:01:48,386 INFO c.h.h.t.HelmChartContainer - [test-hivemq-platform] [hivemq] [7e9d2cbe] INFO  - Clustering is enabled
2025-01-30 04:01:51,371 INFO c.h.h.t.HelmChartContainer - [test-hivemq-platform] [hivemq] [7e9d2cbe] WARN  - [HiveMQ Platform Operator Init App 1.7.0-SNAPSHOT] Cannot connect to Health API for readiness: null
2025-01-30 04:01:51,376 INFO c.h.h.t.HelmChartContainer - [EVENT] Warning [Unhealthy] Readiness probe failed: HTTP probe failed with statuscode: 503 [helmcontainersecuritycontextupgradeplatformit:test-hivemq-platform-1]
2025-01-30 04:01:51,376 INFO c.h.h.t.HelmChartContainer - Received Unhealthy event for container hivemq in pod test-hivemq-platform-1 [7e9d2cbe-967f-4c17-8f27-bc4a78b0e66e]
2025-01-30 04:01:52,970 INFO c.h.h.t.HelmChartContainer - [test-hivemq-platform] [hivemq] [7e9d2cbe] WARN  - [HiveMQ Platform Operator Init App 1.7.0-SNAPSHOT] Cannot connect to Health API for liveness: null
2025-01-30 04:01:52,970 INFO c.h.h.t.HelmChartContainer - [test-hivemq-platform] [hivemq] [7e9d2cbe] INFO  - [HiveMQ Platform Operator Init App 1.7.0-SNAPSHOT] Returning default Health API response 200 for liveness
2025-01-30 04:01:56,136 INFO c.h.h.t.HelmChartContainer - [hivemq-test-hivemq-platform] [hivemq-platform-operator] [ab01aa0e] 04:01:56.133 [pool-6-thread-13] DEBUG c.h.p.o.dependants.PodInfoConfigMap - [helmcont] Desired PodInfo ConfigMap (1 extensions) (1 enabled)
2025-01-30 04:01:56,136 INFO c.h.h.t.HelmChartContainer - [hivemq-test-hivemq-platform] [hivemq-platform-operator] [ab01aa0e] 04:01:56.133 [pool-6-thread-11] DEBUG c.h.p.o.d.PodServiceAccountResource - [helmcont] Desired PodServiceAccountResource (serviceAccountName: hivemq-platform-pod-test-hivemq-platform)
2025-01-30 04:01:56,136 INFO c.h.h.t.HelmChartContainer - [hivemq-test-hivemq-platform] [hivemq-platform-operator] [ab01aa0e] 04:01:56.133 [pool-6-thread-12] DEBUG c.h.p.o.d.PlatformServiceResource - [helmcont] Desired Platform services (3 services)
2025-01-30 04:01:56,136 INFO c.h.h.t.HelmChartContainer - [hivemq-test-hivemq-platform] [hivemq-platform-operator] [ab01aa0e] 04:01:56.134 [pool-6-thread-13] DEBUG c.h.p.o.dependants.PodInfoConfigMap - [helmcont] Desired PodInfo ConfigMap (metrics port: 9399) (metrics path: /)
2025-01-30 04:01:56,136 INFO c.h.h.t.HelmChartContainer - [hivemq-test-hivemq-platform] [hivemq-platform-operator] [ab01aa0e] 04:01:56.135 [pool-6-thread-13] DEBUG c.h.p.o.dependants.PodInfoConfigMap - [helmcont] Desired PodInfo ConfigMap (extension state hash: -1817474005)
2025-01-30 04:01:56,139 INFO c.h.h.t.HelmChartContainer - [hivemq-test-hivemq-platform] [hivemq-platform-operator] [ab01aa0e] 04:01:56.138 [pool-6-thread-12] DEBUG c.h.p.o.d.StatefulSetResource - [helmcont] Desired StatefulSet (2 replicas) for status ROLLING_RESTART (SURGE_IN_PROGRESS)
2025-01-30 04:01:56,142 INFO c.h.h.t.HelmChartContainer - [hivemq-test-hivemq-platform] [hivemq-platform-operator] [ab01aa0e] 04:01:56.141 [ReconcilerExecutor-hivemq-controller-126] INFO  c.h.p.o.HiveMQPlatformReconciler - [helmcont] Reconciling HiveMQ Platform 'test-hivemq-platform' in namespace 'helmcontainersecuritycontextupgradeplatformit'
2025-01-30 04:01:56,142 INFO c.h.h.t.HelmChartContainer - [hivemq-test-hivemq-platform] [hivemq-platform-operator] [ab01aa0e] 04:01:56.141 [ReconcilerExecutor-hivemq-controller-126] DEBUG c.h.p.o.HiveMQPlatformReconciler - [helmcont] Custom Resource Status ROLLING_RESTART - HiveMQ Platform is starting a surge Pod (rolling restart) (SURGE_IN_PROGRESS)
2025-01-30 04:01:56,142 INFO c.h.h.t.HelmChartContainer - [hivemq-test-hivemq-platform] [hivemq-platform-operator] [ab01aa0e] 04:01:56.141 [ReconcilerExecutor-hivemq-controller-126] DEBUG c.h.p.o.HiveMQPlatformReconciler - [helmcont] Custom Resource Spec (replicas: 1) (extensions: 1)
2025-01-30 04:01:56,143 INFO c.h.h.t.HelmChartContainer - [hivemq-test-hivemq-platform] [hivemq-platform-operator] [ab01aa0e] 04:01:56.142 [ReconcilerExecutor-hivemq-controller-126] DEBUG c.h.p.o.HiveMQPlatformReconciler - [helmcont] StatefulSet Status (revision: test-hivemq-platform-579f489c45, replicas: 2, available: 1, ready: 1, current: 1, updated: 1)
2025-01-30 04:01:56,143 INFO c.h.h.t.HelmChartContainer - [hivemq-test-hivemq-platform] [hivemq-platform-operator] [ab01aa0e] 04:01:56.142 [ReconcilerExecutor-hivemq-controller-126] DEBUG c.h.p.o.HiveMQPlatformReconciler - [helmcont] StatefulSet Spec (replicas: 2, init containers: 1, containers: 1, volumes: 3)
2025-01-30 04:01:56,144 INFO c.h.h.t.HelmChartContainer - [hivemq-test-hivemq-platform] [hivemq-platform-operator] [ab01aa0e] 04:01:56.143 [ReconcilerExecutor-hivemq-controller-126] DEBUG c.h.p.o.h.HiveMQPlatformReconcilerErrorHandler - [helmcont] Pod 'test-hivemq-platform-1' phase Running
2025-01-30 04:01:56,145 INFO c.h.h.t.HelmChartContainer - [hivemq-test-hivemq-platform] [hivemq-platform-operator] [ab01aa0e] 04:01:56.144 [ReconcilerExecutor-hivemq-controller-126] DEBUG c.h.p.o.h.HiveMQPlatformReconcilerErrorHandler - [helmcont] Pod 'test-hivemq-platform-0' phase Running
2025-01-30 04:01:56,146 INFO c.h.h.t.HelmChartContainer - [hivemq-test-hivemq-platform] [hivemq-platform-operator] [ab01aa0e] 04:01:56.145 [ReconcilerExecutor-hivemq-controller-126] DEBUG c.h.p.o.h.HiveMQPlatformReconcilerRollingRestartHandler - [helmcont] Rolling restart is waiting for 1 of 2 replicas
2025-01-30 04:01:56,169 INFO c.h.h.t.HelmChartContainer - [test-hivemq-platform] [hivemq] [7e9d2cbe] WARN  - [HiveMQ Platform Operator Init App 1.7.0-SNAPSHOT] Cannot connect to Health API for readiness: null
2025-01-30 04:01:56,174 INFO c.h.h.t.HelmChartContainer - [EVENT] Warning [Unhealthy] Readiness probe failed: HTTP probe failed with statuscode: 503 [helmcontainersecuritycontextupgradeplatformit:test-hivemq-platform-1]
2025-01-30 04:01:56,174 INFO c.h.h.t.HelmChartContainer - Received Unhealthy event for container hivemq in pod test-hivemq-platform-1 [7e9d2cbe-967f-4c17-8f27-bc4a78b0e66e]
2025-01-30 04:02:01,168 INFO c.h.h.t.HelmChartContainer - [test-hivemq-platform] [hivemq] [7e9d2cbe] WARN  - [HiveMQ Platform Operator Init App 1.7.0-SNAPSHOT] Cannot connect to Health API for readiness: null
2025-01-30 04:02:01,173 INFO c.h.h.t.HelmChartContainer - [EVENT] Warning [Unhealthy] Readiness probe failed: HTTP probe failed with statuscode: 503 [helmcontainersecuritycontextupgradeplatformit:test-hivemq-platform-1]
2025-01-30 04:02:01,173 INFO c.h.h.t.HelmChartContainer - Received Unhealthy event for container hivemq in pod test-hivemq-platform-1 [7e9d2cbe-967f-4c17-8f27-bc4a78b0e66e]
2025-01-30 04:02:02,377 INFO c.h.h.t.HelmChartContainer - [test-hivemq-platform] [hivemq] [7e9d2cbe] INFO  - No valid license file found. Using trial license, restricted to 25 connections.
2025-01-30 04:02:05,778 INFO c.h.h.t.HelmChartContainer - [test-hivemq-platform] [hivemq] [7e9d2cbe] INFO  - No valid license file for Data Hub found. Using free license, restricted to 1 policy.
2025-01-30 04:02:06,168 INFO c.h.h.t.HelmChartContainer - [test-hivemq-platform] [hivemq] [7e9d2cbe] WARN  - [HiveMQ Platform Operator Init App 1.7.0-SNAPSHOT] Cannot connect to Health API for readiness: null
2025-01-30 04:02:06,175 INFO c.h.h.t.HelmChartContainer - [EVENT] Warning [Unhealthy] Readiness probe failed: HTTP probe failed with statuscode: 503 [helmcontainersecuritycontextupgradeplatformit:test-hivemq-platform-1]
2025-01-30 04:02:06,175 INFO c.h.h.t.HelmChartContainer - Received Unhealthy event for container hivemq in pod test-hivemq-platform-1 [7e9d2cbe-967f-4c17-8f27-bc4a78b0e66e]
2025-01-30 04:02:06,184 INFO c.h.h.t.HelmChartContainer - [hivemq-test-hivemq-platform] [hivemq-platform-operator] [ab01aa0e] 04:02:06.181 [pool-6-thread-26] DEBUG c.h.p.o.d.PlatformServiceResource - [helmcont] Desired Platform services (3 services)
2025-01-30 04:02:06,184 INFO c.h.h.t.HelmChartContainer - [hivemq-test-hivemq-platform] [hivemq-platform-operator] [ab01aa0e] 04:02:06.182 [pool-6-thread-30] DEBUG c.h.p.o.dependants.PodInfoConfigMap - [helmcont] Desired PodInfo ConfigMap (1 extensions) (1 enabled)
2025-01-30 04:02:06,184 INFO c.h.h.t.HelmChartContainer - [hivemq-test-hivemq-platform] [hivemq-platform-operator] [ab01aa0e] 04:02:06.182 [pool-6-thread-30] DEBUG c.h.p.o.dependants.PodInfoConfigMap - [helmcont] Desired PodInfo ConfigMap (metrics port: 9399) (metrics path: /)
2025-01-30 04:02:06,184 INFO c.h.h.t.HelmChartContainer - [hivemq-test-hivemq-platform] [hivemq-platform-operator] [ab01aa0e] 04:02:06.182 [pool-6-thread-30] DEBUG c.h.p.o.dependants.PodInfoConfigMap - [helmcont] Desired PodInfo ConfigMap (extension state hash: -1817474005)
2025-01-30 04:02:06,186 INFO c.h.h.t.HelmChartContainer - [hivemq-test-hivemq-platform] [hivemq-platform-operator] [ab01aa0e] 04:02:06.185 [pool-6-thread-25] DEBUG c.h.p.o.d.PodServiceAccountResource - [helmcont] Desired PodServiceAccountResource (serviceAccountName: hivemq-platform-pod-test-hivemq-platform)
2025-01-30 04:02:06,195 INFO c.h.h.t.HelmChartContainer - [hivemq-test-hivemq-platform] [hivemq-platform-operator] [ab01aa0e] 04:02:06.194 [pool-6-thread-26] DEBUG c.h.p.o.d.StatefulSetResource - [helmcont] Desired StatefulSet (2 replicas) for status ROLLING_RESTART (SURGE_IN_PROGRESS)
2025-01-30 04:02:06,198 INFO c.h.h.t.HelmChartContainer - [hivemq-test-hivemq-platform] [hivemq-platform-operator] [ab01aa0e] 04:02:06.197 [ReconcilerExecutor-hivemq-controller-127] INFO  c.h.p.o.HiveMQPlatformReconciler - [helmcont] Reconciling HiveMQ Platform 'test-hivemq-platform' in namespace 'helmcontainersecuritycontextupgradeplatformit'
2025-01-30 04:02:06,198 INFO c.h.h.t.HelmChartContainer - [hivemq-test-hivemq-platform] [hivemq-platform-operator] [ab01aa0e] 04:02:06.197 [ReconcilerExecutor-hivemq-controller-127] DEBUG c.h.p.o.HiveMQPlatformReconciler - [helmcont] Custom Resource Status ROLLING_RESTART - HiveMQ Platform is starting a surge Pod (rolling restart) (SURGE_IN_PROGRESS)
2025-01-30 04:02:06,198 INFO c.h.h.t.HelmChartContainer - [hivemq-test-hivemq-platform] [hivemq-platform-operator] [ab01aa0e] 04:02:06.197 [ReconcilerExecutor-hivemq-controller-127] DEBUG c.h.p.o.HiveMQPlatformReconciler - [helmcont] Custom Resource Spec (replicas: 1) (extensions: 1)
2025-01-30 04:02:06,199 INFO c.h.h.t.HelmChartContainer - [hivemq-test-hivemq-platform] [hivemq-platform-operator] [ab01aa0e] 04:02:06.198 [ReconcilerExecutor-hivemq-controller-127] DEBUG c.h.p.o.HiveMQPlatformReconciler - [helmcont] StatefulSet Status (revision: test-hivemq-platform-579f489c45, replicas: 2, available: 1, ready: 1, current: 1, updated: 1)
2025-01-30 04:02:06,199 INFO c.h.h.t.HelmChartContainer - [hivemq-test-hivemq-platform] [hivemq-platform-operator] [ab01aa0e] 04:02:06.198 [ReconcilerExecutor-hivemq-controller-127] DEBUG c.h.p.o.HiveMQPlatformReconciler - [helmcont] StatefulSet Spec (replicas: 2, init containers: 1, containers: 1, volumes: 3)
2025-01-30 04:02:06,252 INFO c.h.h.t.HelmChartContainer - [hivemq-test-hivemq-platform] [hivemq-platform-operator] [ab01aa0e] 04:02:06.250 [ReconcilerExecutor-hivemq-controller-127] DEBUG c.h.p.o.h.HiveMQPlatformReconcilerErrorHandler - [helmcont] Pod 'test-hivemq-platform-1' phase Running
2025-01-30 04:02:06,254 INFO c.h.h.t.HelmChartContainer - [hivemq-test-hivemq-platform] [hivemq-platform-operator] [ab01aa0e] 04:02:06.252 [ReconcilerExecutor-hivemq-controller-127] DEBUG c.h.p.o.h.HiveMQPlatformReconcilerErrorHandler - [helmcont] Pod 'test-hivemq-platform-0' phase Running
2025-01-30 04:02:06,254 INFO c.h.h.t.HelmChartContainer - [hivemq-test-hivemq-platform] [hivemq-platform-operator] [ab01aa0e] 04:02:06.253 [ReconcilerExecutor-hivemq-controller-127] DEBUG c.h.p.o.h.HiveMQPlatformReconcilerRollingRestartHandler - [helmcont] Rolling restart is waiting for 1 of 2 replicas
2025-01-30 04:02:07,077 INFO c.h.h.t.HelmChartContainer - [test-hivemq-platform] [hivemq] [7e9d2cbe] INFO  - Audit Logger started.
2025-01-30 04:02:07,378 INFO c.h.h.t.HelmChartContainer - [test-hivemq-platform] [hivemq] [7e9d2cbe] INFO  - This node uses '1' CPU cores.
2025-01-30 04:02:07,383 INFO c.h.h.t.HelmChartContainer - [test-hivemq-platform] [hivemq] [7e9d2cbe] INFO  - Starting HiveMQ Health API on address 0.0.0.0 and port 8889
2025-01-30 04:02:08,468 INFO c.h.h.t.HelmChartContainer - [test-hivemq-platform] [hivemq] [7e9d2cbe] INFO  - Started HiveMQ Health API in 1085ms
2025-01-30 04:02:09,067 INFO c.h.h.t.HelmChartContainer - [test-hivemq-platform] [hivemq] [7e9d2cbe] INFO  - Starting HiveMQ extension system.
2025-01-30 04:02:09,282 INFO c.h.h.t.HelmChartContainer - [test-hivemq-platform] [hivemq] [7e9d2cbe] INFO  - Starting extension with id "hivemq-dns-cluster-discovery" at /opt/hivemq/extensions/hivemq-dns-cluster-discovery
2025-01-30 04:02:09,777 INFO c.h.h.t.HelmChartContainer - [test-hivemq-platform] [hivemq] [7e9d2cbe] INFO  - Extension "DNS Cluster Discovery Extension" version 4.3.2 started successfully.
2025-01-30 04:02:09,777 INFO c.h.h.t.HelmChartContainer - [test-hivemq-platform] [hivemq] [7e9d2cbe] INFO  - Starting extension with id "hivemq-prometheus-extension" at /opt/hivemq/extensions/hivemq-prometheus-extension
2025-01-30 04:02:09,820 INFO c.h.h.t.HelmChartContainer - [test-hivemq-platform] [hivemq] [7e9d2cbe] INFO  - Using TCP cluster transport on address 10.42.0.7 and port 7000
2025-01-30 04:02:09,876 INFO c.h.h.t.HelmChartContainer - [test-hivemq-platform] [hivemq] [7e9d2cbe] INFO  - Using extension cluster discovery
2025-01-30 04:02:10,775 INFO c.h.h.t.HelmChartContainer - [test-hivemq-platform] [hivemq] [7e9d2cbe] INFO  - Started Jetty Server exposing Prometheus Servlet on URI http://0.0.0.0:9399/
2025-01-30 04:02:10,776 INFO c.h.h.t.HelmChartContainer - [test-hivemq-platform] [hivemq] [7e9d2cbe] INFO  - Extension "Prometheus Monitoring Extension" version 4.0.12 started successfully.
2025-01-30 04:02:10,776 INFO c.h.h.t.HelmChartContainer - [test-hivemq-platform] [hivemq] [7e9d2cbe] INFO  - Starting extension with id "hivemq-allow-all-extension" at /opt/hivemq/extensions/hivemq-allow-all-extension
2025-01-30 04:02:10,776 INFO c.h.h.t.HelmChartContainer - [test-hivemq-platform] [hivemq] [7e9d2cbe] WARN  - 
2025-01-30 04:02:10,776 INFO c.h.h.t.HelmChartContainer - [test-hivemq-platform] [hivemq] [7e9d2cbe] ################################################################################################################
2025-01-30 04:02:10,776 INFO c.h.h.t.HelmChartContainer - [test-hivemq-platform] [hivemq] [7e9d2cbe] # This HiveMQ deployment is not secure! You are lacking Authentication and Authorization.                      #
2025-01-30 04:02:10,776 INFO c.h.h.t.HelmChartContainer - [test-hivemq-platform] [hivemq] [7e9d2cbe] # Right now any MQTT client can connect to the broker with a full set of permissions.                          #
2025-01-30 04:02:10,776 INFO c.h.h.t.HelmChartContainer - [test-hivemq-platform] [hivemq] [7e9d2cbe] # For production usage, add an appropriate security extension and remove the hivemq-allow-all extension.       #
2025-01-30 04:02:10,776 INFO c.h.h.t.HelmChartContainer - [test-hivemq-platform] [hivemq] [7e9d2cbe] # You can download security extensions from the HiveMQ Marketplace (https://www.hivemq.com/extensions/).       #
2025-01-30 04:02:10,776 INFO c.h.h.t.HelmChartContainer - [test-hivemq-platform] [hivemq] [7e9d2cbe] ################################################################################################################
2025-01-30 04:02:10,776 INFO c.h.h.t.HelmChartContainer - [test-hivemq-platform] [hivemq] [7e9d2cbe] INFO  - Extension "Allow All Extension" version 1.1.1 started successfully.
2025-01-30 04:02:10,929 INFO c.h.h.t.HelmChartContainer - [test-hivemq-platform] [hivemq] [8dd543e0] INFO  - Cluster nodes found by discovery: [BzGTT|1] (2) [BzGTT, ltpdW].
2025-01-30 04:02:10,976 INFO c.h.h.t.HelmChartContainer - [test-hivemq-platform] [hivemq] [7e9d2cbe] INFO  - Cluster nodes found by discovery: [BzGTT|1] (2) [BzGTT, ltpdW].
2025-01-30 04:02:11,168 INFO c.h.h.t.HelmChartContainer - [test-hivemq-platform] [hivemq] [7e9d2cbe] INFO  - Cluster size = 1, members : [BzGTT].
2025-01-30 04:02:11,771 INFO c.h.h.t.HelmChartContainer - [test-hivemq-platform] [hivemq] [7e9d2cbe] INFO  - Starting cluster join process. This may take a while. Please do not shut down HiveMQ.
2025-01-30 04:02:11,778 INFO c.h.h.t.HelmChartContainer - [test-hivemq-platform] [hivemq] [7e9d2cbe] INFO  - Cluster join process is still ongoing. Please do not shut down HiveMQ.
2025-01-30 04:02:12,125 INFO c.h.h.t.HelmChartContainer - [EVENT] Warning [Unhealthy] Readiness probe failed: Get "http://10.42.0.7:7979/readiness": context deadline exceeded (Client.Timeout exceeded while awaiting headers) [helmcontainersecuritycontextupgradeplatformit:test-hivemq-platform-1]
2025-01-30 04:02:12,125 INFO c.h.h.t.HelmChartContainer - Received Unhealthy event for container hivemq in pod test-hivemq-platform-1 [7e9d2cbe-967f-4c17-8f27-bc4a78b0e66e]
2025-01-30 04:02:12,176 INFO c.h.h.t.HelmChartContainer - [test-hivemq-platform] [hivemq] [7e9d2cbe] INFO  - [HiveMQ Platform Operator Init App 1.7.0-SNAPSHOT] Returning Health API response 503 for readiness
2025-01-30 04:02:13,784 INFO c.h.h.t.HelmChartContainer - [test-hivemq-platform] [hivemq] [8dd543e0] INFO  - Cluster size = 2, members : [ltpdW, BzGTT].
2025-01-30 04:02:13,795 INFO c.h.h.t.HelmChartContainer - [test-hivemq-platform] [hivemq] [7e9d2cbe] INFO  - Cluster size = 2, members : [ltpdW, BzGTT].
2025-01-30 04:02:13,868 INFO c.h.h.t.HelmChartContainer - [test-hivemq-platform] [hivemq] [7e9d2cbe] INFO  - Finished cluster join process successfully.
2025-01-30 04:02:13,869 INFO c.h.h.t.HelmChartContainer - [test-hivemq-platform] [hivemq] [7e9d2cbe] WARN  - No user for HiveMQ Control Center configured. Starting with default user
2025-01-30 04:02:13,869 INFO c.h.h.t.HelmChartContainer - [test-hivemq-platform] [hivemq] [7e9d2cbe] INFO  - Starting HiveMQ Control Center on address 0.0.0.0 and port 8080
2025-01-30 04:02:13,878 INFO c.h.h.t.HelmChartContainer - [test-hivemq-platform] [hivemq] [7e9d2cbe] INFO  - Mounting HiveMQ Control Center V2 Preview
2025-01-30 04:02:14,571 INFO c.h.h.t.HelmChartContainer - [test-hivemq-platform] [hivemq] [7e9d2cbe] INFO  - Started HiveMQ Control Center in 701ms
2025-01-30 04:02:14,586 INFO c.h.h.t.HelmChartContainer - [test-hivemq-platform] [hivemq] [7e9d2cbe] INFO  - Starting TCP listener on address 0.0.0.0 and port 1884
2025-01-30 04:02:14,619 INFO c.h.h.t.HelmChartContainer - [test-hivemq-platform] [hivemq] [7e9d2cbe] INFO  - Started TCP Listener on address 0.0.0.0 and on port 1884.
2025-01-30 04:02:14,619 INFO c.h.h.t.HelmChartContainer - [test-hivemq-platform] [hivemq] [7e9d2cbe] INFO  - Started HiveMQ in 28151ms
2025-01-30 04:02:16,086 INFO c.h.h.t.HelmChartContainer - [test-hivemq-platform] [hivemq] [7e9d2cbe] INFO  - [HiveMQ Platform Operator Init App 1.7.0-SNAPSHOT] Returning Health API response 200 for readiness
2025-01-30 04:02:16,098 INFO c.h.h.t.HelmChartContainer - [POD] test-hivemq-platform-1 [7e9d2cbe-967f-4c17-8f27-bc4a78b0e66e] in helmcontainersecuritycontextupgradeplatformit was MODIFIED
2025-01-30 04:02:16,115 INFO c.h.h.t.HelmChartContainer - [hivemq-test-hivemq-platform] [hivemq-platform-operator] [ab01aa0e] 04:02:16.105 [pool-6-thread-40] DEBUG c.h.p.o.d.PodServiceAccountResource - [helmcont] Desired PodServiceAccountResource (serviceAccountName: hivemq-platform-pod-test-hivemq-platform)
2025-01-30 04:02:16,115 INFO c.h.h.t.HelmChartContainer - [hivemq-test-hivemq-platform] [hivemq-platform-operator] [ab01aa0e] 04:02:16.105 [pool-6-thread-33] DEBUG c.h.p.o.d.PlatformServiceResource - [helmcont] Desired Platform services (3 services)
2025-01-30 04:02:16,115 INFO c.h.h.t.HelmChartContainer - [hivemq-test-hivemq-platform] [hivemq-platform-operator] [ab01aa0e] 04:02:16.104 [pool-6-thread-32] DEBUG c.h.p.o.dependants.PodInfoConfigMap - [helmcont] Desired PodInfo ConfigMap (1 extensions) (1 enabled)
2025-01-30 04:02:16,115 INFO c.h.h.t.HelmChartContainer - [hivemq-test-hivemq-platform] [hivemq-platform-operator] [ab01aa0e] 04:02:16.110 [pool-6-thread-32] DEBUG c.h.p.o.dependants.PodInfoConfigMap - [helmcont] Desired PodInfo ConfigMap (metrics port: 9399) (metrics path: /)
2025-01-30 04:02:16,115 INFO c.h.h.t.HelmChartContainer - [hivemq-test-hivemq-platform] [hivemq-platform-operator] [ab01aa0e] 04:02:16.110 [pool-6-thread-32] DEBUG c.h.p.o.dependants.PodInfoConfigMap - [helmcont] Desired PodInfo ConfigMap (extension state hash: -1817474005)
2025-01-30 04:02:16,115 INFO c.h.h.t.HelmChartContainer - [hivemq-test-hivemq-platform] [hivemq-platform-operator] [ab01aa0e] 04:02:16.112 [pool-6-thread-32] DEBUG c.h.p.o.d.StatefulSetResource - [helmcont] Desired StatefulSet (2 replicas) for status ROLLING_RESTART (SURGE_IN_PROGRESS)
2025-01-30 04:02:16,121 INFO c.h.h.t.HelmChartContainer - [hivemq-test-hivemq-platform] [hivemq-platform-operator] [ab01aa0e] 04:02:16.118 [ReconcilerExecutor-hivemq-controller-128] INFO  c.h.p.o.HiveMQPlatformReconciler - [helmcont] Reconciling HiveMQ Platform 'test-hivemq-platform' in namespace 'helmcontainersecuritycontextupgradeplatformit'
2025-01-30 04:02:16,121 INFO c.h.h.t.HelmChartContainer - [hivemq-test-hivemq-platform] [hivemq-platform-operator] [ab01aa0e] 04:02:16.118 [ReconcilerExecutor-hivemq-controller-128] DEBUG c.h.p.o.HiveMQPlatformReconciler - [helmcont] Custom Resource Status ROLLING_RESTART - HiveMQ Platform is starting a surge Pod (rolling restart) (SURGE_IN_PROGRESS)
2025-01-30 04:02:16,121 INFO c.h.h.t.HelmChartContainer - [hivemq-test-hivemq-platform] [hivemq-platform-operator] [ab01aa0e] 04:02:16.118 [ReconcilerExecutor-hivemq-controller-128] DEBUG c.h.p.o.HiveMQPlatformReconciler - [helmcont] Custom Resource Spec (replicas: 1) (extensions: 1)
2025-01-30 04:02:16,121 INFO c.h.h.t.HelmChartContainer - [hivemq-test-hivemq-platform] [hivemq-platform-operator] [ab01aa0e] 04:02:16.120 [ReconcilerExecutor-hivemq-controller-128] DEBUG c.h.p.o.HiveMQPlatformReconciler - [helmcont] StatefulSet Status (revision: test-hivemq-platform-579f489c45, replicas: 2, available: 2, ready: 2, current: 1, updated: 1)
2025-01-30 04:02:16,121 INFO c.h.h.t.HelmChartContainer - [hivemq-test-hivemq-platform] [hivemq-platform-operator] [ab01aa0e] 04:02:16.120 [ReconcilerExecutor-hivemq-controller-128] DEBUG c.h.p.o.HiveMQPlatformReconciler - [helmcont] StatefulSet Spec (replicas: 2, init containers: 1, containers: 1, volumes: 3)
2025-01-30 04:02:16,125 INFO c.h.h.t.HelmChartContainer - [hivemq-test-hivemq-platform] [hivemq-platform-operator] [ab01aa0e] 04:02:16.123 [ReconcilerExecutor-hivemq-controller-128] DEBUG c.h.p.o.h.HiveMQPlatformReconcilerErrorHandler - [helmcont] Pod 'test-hivemq-platform-1' phase Running
2025-01-30 04:02:16,193 INFO c.h.h.t.HelmChartContainer - [hivemq-test-hivemq-platform] [hivemq-platform-operator] [ab01aa0e] 04:02:16.124 [ReconcilerExecutor-hivemq-controller-128] DEBUG c.h.p.o.h.HiveMQPlatformReconcilerErrorHandler - [helmcont] Pod 'test-hivemq-platform-0' phase Running
2025-01-30 04:02:16,193 INFO c.h.h.t.HelmChartContainer - [hivemq-test-hivemq-platform] [hivemq-platform-operator] [ab01aa0e] 04:02:16.192 [ReconcilerExecutor-hivemq-controller-128] INFO  c.h.p.o.h.HiveMQPlatformReconcilerRollingRestartHandler - [helmcont] Surge Pod started successfully
2025-01-30 04:02:16,293 INFO c.h.h.t.HelmChartContainer - [hivemq-test-hivemq-platform] [hivemq-platform-operator] [ab01aa0e] 04:02:16.291 [ReconcilerExecutor-hivemq-controller-128] DEBUG c.h.p.operator.event.EventSender - [helmcont] Creating K8s event rolling-restart-surge-in-progress: [RollingRestart] HiveMQ Platform is restarting Pods (rolling restart)
2025-01-30 04:02:16,297 INFO c.h.h.t.HelmChartContainer - [EVENT] Normal [RollingRestart] HiveMQ Platform is restarting Pods (rolling restart) [helmcontainersecuritycontextupgradeplatformit:test-hivemq-platform]
2025-01-30 04:02:16,298 INFO c.h.h.t.HelmChartContainer - [hivemq-test-hivemq-platform] [hivemq-platform-operator] [ab01aa0e] 04:02:16.297 [ReconcilerExecutor-hivemq-controller-128] INFO  c.h.p.o.h.AbstractHiveMQReconcilerStateHandler - [helmcont] Update HiveMQ Platform Status (ROLLING_RESTART [SURGE_IN_PROGRESS] -> ROLLING_RESTART [RESTART_PODS_IN_PROGRESS]): HiveMQ Platform is restarting Pods (rolling restart)
2025-01-30 04:02:16,308 DEBUG com.hivemq.helmcharts.util.K8sUtil - Comparing actual state 'ROLLING_RESTART' and waiting for 'RUNNING'
2025-01-30 04:02:16,315 INFO c.h.h.t.HelmChartContainer - [hivemq-test-hivemq-platform] [hivemq-platform-operator] [ab01aa0e] 04:02:16.311 [pool-6-thread-41] DEBUG c.h.p.o.d.PlatformServiceResource - [helmcont] Desired Platform services (3 services)
2025-01-30 04:02:16,315 INFO c.h.h.t.HelmChartContainer - [hivemq-test-hivemq-platform] [hivemq-platform-operator] [ab01aa0e] 04:02:16.312 [pool-6-thread-46] DEBUG c.h.p.o.dependants.PodInfoConfigMap - [helmcont] Desired PodInfo ConfigMap (1 extensions) (1 enabled)
2025-01-30 04:02:16,315 INFO c.h.h.t.HelmChartContainer - [hivemq-test-hivemq-platform] [hivemq-platform-operator] [ab01aa0e] 04:02:16.312 [pool-6-thread-46] DEBUG c.h.p.o.dependants.PodInfoConfigMap - [helmcont] Desired PodInfo ConfigMap (metrics port: 9399) (metrics path: /)
2025-01-30 04:02:16,315 INFO c.h.h.t.HelmChartContainer - [hivemq-test-hivemq-platform] [hivemq-platform-operator] [ab01aa0e] 04:02:16.312 [pool-6-thread-46] DEBUG c.h.p.o.dependants.PodInfoConfigMap - [helmcont] Desired PodInfo ConfigMap (extension state hash: -1817474005)
2025-01-30 04:02:16,315 INFO c.h.h.t.HelmChartContainer - [hivemq-test-hivemq-platform] [hivemq-platform-operator] [ab01aa0e] 04:02:16.313 [pool-6-thread-48] DEBUG c.h.p.o.d.PodServiceAccountResource - [helmcont] Desired PodServiceAccountResource (serviceAccountName: hivemq-platform-pod-test-hivemq-platform)
2025-01-30 04:02:16,395 INFO c.h.h.t.HelmChartContainer - [hivemq-test-hivemq-platform] [hivemq-platform-operator] [ab01aa0e] 04:02:16.394 [pool-6-thread-48] DEBUG c.h.p.o.d.StatefulSetResource - [helmcont] Desired StatefulSet (2 replicas) for status ROLLING_RESTART (RESTART_PODS_IN_PROGRESS)
2025-01-30 04:02:16,400 INFO c.h.h.t.HelmChartContainer - [hivemq-test-hivemq-platform] [hivemq-platform-operator] [ab01aa0e] 04:02:16.397 [ReconcilerExecutor-hivemq-controller-129] INFO  c.h.p.o.HiveMQPlatformReconciler - [helmcont] Reconciling HiveMQ Platform 'test-hivemq-platform' in namespace 'helmcontainersecuritycontextupgradeplatformit'
2025-01-30 04:02:16,400 INFO c.h.h.t.HelmChartContainer - [hivemq-test-hivemq-platform] [hivemq-platform-operator] [ab01aa0e] 04:02:16.397 [ReconcilerExecutor-hivemq-controller-129] DEBUG c.h.p.o.HiveMQPlatformReconciler - [helmcont] Custom Resource Status ROLLING_RESTART - HiveMQ Platform is restarting Pods (rolling restart) (RESTART_PODS_IN_PROGRESS)
2025-01-30 04:02:16,400 INFO c.h.h.t.HelmChartContainer - [hivemq-test-hivemq-platform] [hivemq-platform-operator] [ab01aa0e] 04:02:16.397 [ReconcilerExecutor-hivemq-controller-129] DEBUG c.h.p.o.HiveMQPlatformReconciler - [helmcont] Custom Resource Spec (replicas: 1) (extensions: 1)
2025-01-30 04:02:16,400 INFO c.h.h.t.HelmChartContainer - [hivemq-test-hivemq-platform] [hivemq-platform-operator] [ab01aa0e] 04:02:16.398 [ReconcilerExecutor-hivemq-controller-129] DEBUG c.h.p.o.HiveMQPlatformReconciler - [helmcont] StatefulSet Status (revision: test-hivemq-platform-579f489c45, replicas: 2, available: 2, ready: 2, current: 1, updated: 1)
2025-01-30 04:02:16,400 INFO c.h.h.t.HelmChartContainer - [hivemq-test-hivemq-platform] [hivemq-platform-operator] [ab01aa0e] 04:02:16.399 [ReconcilerExecutor-hivemq-controller-129] DEBUG c.h.p.o.HiveMQPlatformReconciler - [helmcont] StatefulSet Spec (replicas: 2, init containers: 1, containers: 1, volumes: 3)
2025-01-30 04:02:16,402 INFO c.h.h.t.HelmChartContainer - [hivemq-test-hivemq-platform] [hivemq-platform-operator] [ab01aa0e] 04:02:16.400 [ReconcilerExecutor-hivemq-controller-129] DEBUG c.h.p.o.h.HiveMQPlatformReconcilerErrorHandler - [helmcont] Pod 'test-hivemq-platform-1' phase Running
2025-01-30 04:02:16,402 INFO c.h.h.t.HelmChartContainer - [hivemq-test-hivemq-platform] [hivemq-platform-operator] [ab01aa0e] 04:02:16.402 [ReconcilerExecutor-hivemq-controller-129] DEBUG c.h.p.o.h.HiveMQPlatformReconcilerErrorHandler - [helmcont] Pod 'test-hivemq-platform-0' phase Running
2025-01-30 04:02:16,409 INFO c.h.h.t.HelmChartContainer - [hivemq-test-hivemq-platform] [hivemq-platform-operator] [ab01aa0e] 04:02:16.408 [ReconcilerExecutor-hivemq-controller-129] DEBUG c.h.p.o.h.HiveMQPlatformReconcilerRollingRestartHandler - [helmcont] Skipping Pod test-hivemq-platform-1 as it's already on the controller update revision (update revision: test-hivemq-platform-579f489c45, pod revision: test-hivemq-platform-579f489c45)
2025-01-30 04:02:16,501 INFO c.h.h.t.HelmChartContainer - [hivemq-test-hivemq-platform] [hivemq-platform-operator] [ab01aa0e] 04:02:16.500 [ReconcilerExecutor-hivemq-controller-129] DEBUG c.h.p.o.h.HiveMQPlatformReconcilerRollingRestartHandler - [helmcont] The last Pod is running for 54 seconds, the next Pod can be restarted
2025-01-30 04:02:16,502 INFO c.h.h.t.HelmChartContainer - [hivemq-test-hivemq-platform] [hivemq-platform-operator] [ab01aa0e] 04:02:16.501 [ReconcilerExecutor-hivemq-controller-129] INFO  c.h.p.o.h.HiveMQPlatformReconcilerRollingRestartHandler - [helmcont] Restarting Pod test-hivemq-platform-0 as it's not matching the controller update revision (update revision: test-hivemq-platform-579f489c45, pod revision: test-hivemq-platform-5fb49467b6)
2025-01-30 04:02:16,523 INFO c.h.h.t.HelmChartContainer - [POD] test-hivemq-platform-0 [8dd543e0-503e-41dd-9b5e-d447731009ae] in helmcontainersecuritycontextupgradeplatformit was MODIFIED
2025-01-30 04:02:16,529 INFO c.h.h.t.HelmChartContainer - [hivemq-test-hivemq-platform] [hivemq-platform-operator] [ab01aa0e] 04:02:16.523 [pool-6-thread-1] DEBUG c.h.p.o.d.PlatformServiceResource - [helmcont] Desired Platform services (3 services)
2025-01-30 04:02:16,529 INFO c.h.h.t.HelmChartContainer - [test-hivemq-platform] [hivemq] [8dd543e0] INFO  - [HiveMQ Platform Operator Init App 1.7.0-SNAPSHOT] Shutting down
2025-01-30 04:02:16,530 INFO c.h.h.t.HelmChartContainer - [hivemq-test-hivemq-platform] [hivemq-platform-operator] [ab01aa0e] 04:02:16.527 [pool-6-thread-4] DEBUG c.h.p.o.dependants.PodInfoConfigMap - [helmcont] Desired PodInfo ConfigMap (1 extensions) (1 enabled)
2025-01-30 04:02:16,530 INFO c.h.h.t.HelmChartContainer - [EVENT] Normal [Killing] Stopping container hivemq [helmcontainersecuritycontextupgradeplatformit:test-hivemq-platform-0]
2025-01-30 04:02:16,530 INFO c.h.h.t.HelmChartContainer - Received Killing event for container hivemq in pod test-hivemq-platform-0 [8dd543e0-503e-41dd-9b5e-d447731009ae]
2025-01-30 04:02:16,530 INFO c.h.h.t.HelmChartContainer - Container [test-hivemq-platform-0] [hivemq] [8dd543e0-503e-41dd-9b5e-d447731009ae] was terminated
2025-01-30 04:02:16,531 INFO c.h.h.t.HelmChartContainer - Stopped log watcher for hivemq in pod test-hivemq-platform-0 [8dd543e0-503e-41dd-9b5e-d447731009ae]
2025-01-30 04:02:16,533 INFO c.h.h.t.HelmChartContainer - [hivemq-test-hivemq-platform] [hivemq-platform-operator] [ab01aa0e] 04:02:16.528 [pool-6-thread-4] DEBUG c.h.p.o.dependants.PodInfoConfigMap - [helmcont] Desired PodInfo ConfigMap (metrics port: 9399) (metrics path: /)
2025-01-30 04:02:16,533 INFO c.h.h.t.HelmChartContainer - [hivemq-test-hivemq-platform] [hivemq-platform-operator] [ab01aa0e] 04:02:16.528 [pool-6-thread-4] DEBUG c.h.p.o.dependants.PodInfoConfigMap - [helmcont] Desired PodInfo ConfigMap (extension state hash: -1817474005)
2025-01-30 04:02:16,535 INFO c.h.h.t.HelmChartContainer - [test-hivemq-platform] [hivemq] [8dd543e0] INFO  - [HiveMQ Platform Operator Init App 1.7.0-SNAPSHOT] Stopping the HiveMQ Platform
2025-01-30 04:02:16,598 INFO c.h.h.t.HelmChartContainer - [hivemq-test-hivemq-platform] [hivemq-platform-operator] [ab01aa0e] 04:02:16.593 [pool-6-thread-2] DEBUG c.h.p.o.d.PodServiceAccountResource - [helmcont] Desired PodServiceAccountResource (serviceAccountName: hivemq-platform-pod-test-hivemq-platform)
2025-01-30 04:02:16,598 INFO c.h.h.t.HelmChartContainer - [hivemq-test-hivemq-platform] [hivemq-platform-operator] [ab01aa0e] 04:02:16.594 [pool-6-thread-1] DEBUG c.h.p.o.d.StatefulSetResource - [helmcont] Desired StatefulSet (2 replicas) for status ROLLING_RESTART (RESTART_PODS_IN_PROGRESS)
2025-01-30 04:02:16,599 INFO c.h.h.t.HelmChartContainer - [hivemq-test-hivemq-platform] [hivemq-platform-operator] [ab01aa0e] 04:02:16.597 [ReconcilerExecutor-hivemq-controller-130] INFO  c.h.p.o.HiveMQPlatformReconciler - [helmcont] Reconciling HiveMQ Platform 'test-hivemq-platform' in namespace 'helmcontainersecuritycontextupgradeplatformit'
2025-01-30 04:02:16,599 INFO c.h.h.t.HelmChartContainer - [hivemq-test-hivemq-platform] [hivemq-platform-operator] [ab01aa0e] 04:02:16.598 [ReconcilerExecutor-hivemq-controller-130] DEBUG c.h.p.o.HiveMQPlatformReconciler - [helmcont] Custom Resource Status ROLLING_RESTART - HiveMQ Platform is restarting Pods (rolling restart) (RESTART_PODS_IN_PROGRESS)
2025-01-30 04:02:16,599 INFO c.h.h.t.HelmChartContainer - [hivemq-test-hivemq-platform] [hivemq-platform-operator] [ab01aa0e] 04:02:16.598 [ReconcilerExecutor-hivemq-controller-130] DEBUG c.h.p.o.HiveMQPlatformReconciler - [helmcont] Custom Resource Spec (replicas: 1) (extensions: 1)
2025-01-30 04:02:16,602 INFO c.h.h.t.HelmChartContainer - [hivemq-test-hivemq-platform] [hivemq-platform-operator] [ab01aa0e] 04:02:16.600 [ReconcilerExecutor-hivemq-controller-130] DEBUG c.h.p.o.HiveMQPlatformReconciler - [helmcont] StatefulSet Status (revision: test-hivemq-platform-579f489c45, replicas: 2, available: 2, ready: 2, current: 0, updated: 1)
2025-01-30 04:02:16,603 INFO c.h.h.t.HelmChartContainer - [hivemq-test-hivemq-platform] [hivemq-platform-operator] [ab01aa0e] 04:02:16.600 [ReconcilerExecutor-hivemq-controller-130] DEBUG c.h.p.o.HiveMQPlatformReconciler - [helmcont] StatefulSet Spec (replicas: 2, init containers: 1, containers: 1, volumes: 3)
2025-01-30 04:02:16,603 INFO c.h.h.t.HelmChartContainer - [hivemq-test-hivemq-platform] [hivemq-platform-operator] [ab01aa0e] 04:02:16.601 [ReconcilerExecutor-hivemq-controller-130] DEBUG c.h.p.o.h.HiveMQPlatformReconcilerErrorHandler - [helmcont] Pod 'test-hivemq-platform-1' phase Running
2025-01-30 04:02:16,610 INFO c.h.h.t.HelmChartContainer - [hivemq-test-hivemq-platform] [hivemq-platform-operator] [ab01aa0e] 04:02:16.607 [ReconcilerExecutor-hivemq-controller-130] DEBUG c.h.p.o.h.HiveMQPlatformReconcilerErrorHandler - [helmcont] Pod 'test-hivemq-platform-0' phase Running
2025-01-30 04:02:16,629 INFO c.h.h.t.HelmChartContainer - [test-hivemq-platform] [hivemq] [8dd543e0] INFO  - Shutting down HiveMQ. Please wait, this could take a while...
2025-01-30 04:02:16,700 INFO c.h.h.t.HelmChartContainer - [hivemq-test-hivemq-platform] [hivemq-platform-operator] [ab01aa0e] 04:02:16.694 [ReconcilerExecutor-hivemq-controller-130] DEBUG c.h.p.o.h.HiveMQPlatformReconcilerRollingRestartHandler - [helmcont] Skipping Pod test-hivemq-platform-1 as it's already on the controller update revision (update revision: test-hivemq-platform-579f489c45, pod revision: test-hivemq-platform-579f489c45)
2025-01-30 04:02:16,703 INFO c.h.h.t.HelmChartContainer - [test-hivemq-platform] [hivemq] [8dd543e0] INFO  - Shutting down listeners and clients
2025-01-30 04:02:16,704 INFO c.h.h.t.HelmChartContainer - [test-hivemq-platform] [hivemq] [8dd543e0] INFO  - Shutdown of listeners is done
2025-01-30 04:02:16,705 INFO c.h.h.t.HelmChartContainer - [test-hivemq-platform] [hivemq] [8dd543e0] INFO  - No clients are connected, proceeding with shutdown
2025-01-30 04:02:16,718 INFO c.h.h.t.HelmChartContainer - [hivemq-test-hivemq-platform] [hivemq-platform-operator] [ab01aa0e] 04:02:16.716 [ReconcilerExecutor-hivemq-controller-130] DEBUG c.h.p.o.h.HiveMQPlatformReconcilerRollingRestartHandler - [helmcont] The last Pod is running for 54 seconds, the next Pod can be restarted
2025-01-30 04:02:16,718 INFO c.h.h.t.HelmChartContainer - [hivemq-test-hivemq-platform] [hivemq-platform-operator] [ab01aa0e] 04:02:16.716 [ReconcilerExecutor-hivemq-controller-130] INFO  c.h.p.o.h.HiveMQPlatformReconcilerRollingRestartHandler - [helmcont] Restarting Pod test-hivemq-platform-0 as it's not matching the controller update revision (update revision: test-hivemq-platform-579f489c45, pod revision: test-hivemq-platform-5fb49467b6)
2025-01-30 04:02:16,723 INFO c.h.h.t.HelmChartContainer - [test-hivemq-platform] [hivemq] [8dd543e0] INFO  - [HiveMQ Platform Operator Init App 1.7.0-SNAPSHOT] Returning shutdown Health API response 503 for readiness
2025-01-30 04:02:16,728 INFO c.h.h.t.HelmChartContainer - [EVENT] Warning [Unhealthy] Readiness probe failed: HTTP probe failed with statuscode: 503 [helmcontainersecuritycontextupgradeplatformit:test-hivemq-platform-0]
2025-01-30 04:02:16,729 INFO c.h.h.t.HelmChartContainer - Received Unhealthy event for container hivemq in pod test-hivemq-platform-0 [8dd543e0-503e-41dd-9b5e-d447731009ae]
2025-01-30 04:02:16,799 INFO c.h.h.t.HelmChartContainer - [hivemq-test-hivemq-platform] [hivemq-platform-operator] [ab01aa0e] 04:02:16.797 [pool-6-thread-14] DEBUG c.h.p.o.d.PlatformServiceResource - [helmcont] Desired Platform services (3 services)
2025-01-30 04:02:16,799 INFO c.h.h.t.HelmChartContainer - [hivemq-test-hivemq-platform] [hivemq-platform-operator] [ab01aa0e] 04:02:16.797 [pool-6-thread-20] DEBUG c.h.p.o.dependants.PodInfoConfigMap - [helmcont] Desired PodInfo ConfigMap (1 extensions) (1 enabled)
2025-01-30 04:02:16,801 INFO c.h.h.t.HelmChartContainer - [hivemq-test-hivemq-platform] [hivemq-platform-operator] [ab01aa0e] 04:02:16.800 [pool-6-thread-20] DEBUG c.h.p.o.dependants.PodInfoConfigMap - [helmcont] Desired PodInfo ConfigMap (metrics port: 9399) (metrics path: /)
2025-01-30 04:02:16,802 INFO c.h.h.t.HelmChartContainer - [hivemq-test-hivemq-platform] [hivemq-platform-operator] [ab01aa0e] 04:02:16.801 [pool-6-thread-20] DEBUG c.h.p.o.dependants.PodInfoConfigMap - [helmcont] Desired PodInfo ConfigMap (extension state hash: -1817474005)
2025-01-30 04:02:16,803 INFO c.h.h.t.HelmChartContainer - [hivemq-test-hivemq-platform] [hivemq-platform-operator] [ab01aa0e] 04:02:16.800 [pool-6-thread-11] DEBUG c.h.p.o.d.PodServiceAccountResource - [helmcont] Desired PodServiceAccountResource (serviceAccountName: hivemq-platform-pod-test-hivemq-platform)
2025-01-30 04:02:16,805 INFO c.h.h.t.HelmChartContainer - [hivemq-test-hivemq-platform] [hivemq-platform-operator] [ab01aa0e] 04:02:16.804 [pool-6-thread-20] DEBUG c.h.p.o.d.StatefulSetResource - [helmcont] Desired StatefulSet (2 replicas) for status ROLLING_RESTART (RESTART_PODS_IN_PROGRESS)
2025-01-30 04:02:16,809 INFO c.h.h.t.HelmChartContainer - [hivemq-test-hivemq-platform] [hivemq-platform-operator] [ab01aa0e] 04:02:16.807 [ReconcilerExecutor-hivemq-controller-131] INFO  c.h.p.o.HiveMQPlatformReconciler - [helmcont] Reconciling HiveMQ Platform 'test-hivemq-platform' in namespace 'helmcontainersecuritycontextupgradeplatformit'
2025-01-30 04:02:16,809 INFO c.h.h.t.HelmChartContainer - [hivemq-test-hivemq-platform] [hivemq-platform-operator] [ab01aa0e] 04:02:16.807 [ReconcilerExecutor-hivemq-controller-131] DEBUG c.h.p.o.HiveMQPlatformReconciler - [helmcont] Custom Resource Status ROLLING_RESTART - HiveMQ Platform is restarting Pods (rolling restart) (RESTART_PODS_IN_PROGRESS)
2025-01-30 04:02:16,809 INFO c.h.h.t.HelmChartContainer - [hivemq-test-hivemq-platform] [hivemq-platform-operator] [ab01aa0e] 04:02:16.807 [ReconcilerExecutor-hivemq-controller-131] DEBUG c.h.p.o.HiveMQPlatformReconciler - [helmcont] Custom Resource Spec (replicas: 1) (extensions: 1)
2025-01-30 04:02:16,894 INFO c.h.h.t.HelmChartContainer - [hivemq-test-hivemq-platform] [hivemq-platform-operator] [ab01aa0e] 04:02:16.892 [ReconcilerExecutor-hivemq-controller-131] DEBUG c.h.p.o.HiveMQPlatformReconciler - [helmcont] StatefulSet Status (revision: test-hivemq-platform-579f489c45, replicas: 2, available: 2, ready: 2, current: 0, updated: 1)
2025-01-30 04:02:16,894 INFO c.h.h.t.HelmChartContainer - [hivemq-test-hivemq-platform] [hivemq-platform-operator] [ab01aa0e] 04:02:16.893 [ReconcilerExecutor-hivemq-controller-131] DEBUG c.h.p.o.HiveMQPlatformReconciler - [helmcont] StatefulSet Spec (replicas: 2, init containers: 1, containers: 1, volumes: 3)
2025-01-30 04:02:16,895 INFO c.h.h.t.HelmChartContainer - [hivemq-test-hivemq-platform] [hivemq-platform-operator] [ab01aa0e] 04:02:16.894 [ReconcilerExecutor-hivemq-controller-131] DEBUG c.h.p.o.h.HiveMQPlatformReconcilerErrorHandler - [helmcont] Pod 'test-hivemq-platform-1' phase Running
2025-01-30 04:02:16,898 INFO c.h.h.t.HelmChartContainer - [hivemq-test-hivemq-platform] [hivemq-platform-operator] [ab01aa0e] 04:02:16.896 [ReconcilerExecutor-hivemq-controller-131] DEBUG c.h.p.o.h.HiveMQPlatformReconcilerErrorHandler - [helmcont] Pod 'test-hivemq-platform-0' phase Running
2025-01-30 04:02:16,904 INFO c.h.h.t.HelmChartContainer - [hivemq-test-hivemq-platform] [hivemq-platform-operator] [ab01aa0e] 04:02:16.903 [ReconcilerExecutor-hivemq-controller-131] DEBUG c.h.p.o.h.HiveMQPlatformReconcilerRollingRestartHandler - [helmcont] Skipping Pod test-hivemq-platform-1 as it's already on the controller update revision (update revision: test-hivemq-platform-579f489c45, pod revision: test-hivemq-platform-579f489c45)
2025-01-30 04:02:16,915 INFO c.h.h.t.HelmChartContainer - [hivemq-test-hivemq-platform] [hivemq-platform-operator] [ab01aa0e] 04:02:16.914 [ReconcilerExecutor-hivemq-controller-131] DEBUG c.h.p.o.h.HiveMQPlatformReconcilerRollingRestartHandler - [helmcont] The last Pod is running for 54 seconds, the next Pod can be restarted
2025-01-30 04:02:16,915 INFO c.h.h.t.HelmChartContainer - [hivemq-test-hivemq-platform] [hivemq-platform-operator] [ab01aa0e] 04:02:16.914 [ReconcilerExecutor-hivemq-controller-131] INFO  c.h.p.o.h.HiveMQPlatformReconcilerRollingRestartHandler - [helmcont] Restarting Pod test-hivemq-platform-0 as it's not matching the controller update revision (update revision: test-hivemq-platform-579f489c45, pod revision: test-hivemq-platform-5fb49467b6)
2025-01-30 04:02:19,613 INFO c.h.h.t.HelmChartContainer - [test-hivemq-platform] [hivemq] [8dd543e0] INFO  - Shutting down extension system
2025-01-30 04:02:19,615 INFO c.h.h.t.HelmChartContainer - [test-hivemq-platform] [hivemq] [8dd543e0] INFO  - Stopping extension with id hivemq-dns-cluster-discovery
2025-01-30 04:02:19,615 INFO c.h.h.t.HelmChartContainer - [test-hivemq-platform] [hivemq] [8dd543e0] INFO  - Extension "DNS Cluster Discovery Extension" version 4.3.2 stopped successfully.
2025-01-30 04:02:19,616 INFO c.h.h.t.HelmChartContainer - [test-hivemq-platform] [hivemq] [8dd543e0] INFO  - Stopping extension with id hivemq-prometheus-extension
2025-01-30 04:02:19,623 INFO c.h.h.t.HelmChartContainer - [test-hivemq-platform] [hivemq] [8dd543e0] INFO  - Extension "Prometheus Monitoring Extension" version 4.0.12 stopped successfully.
2025-01-30 04:02:19,623 INFO c.h.h.t.HelmChartContainer - [test-hivemq-platform] [hivemq] [8dd543e0] INFO  - Stopping extension with id hivemq-allow-all-extension
2025-01-30 04:02:19,623 INFO c.h.h.t.HelmChartContainer - [test-hivemq-platform] [hivemq] [8dd543e0] INFO  - Extension "Allow All Extension" version 1.1.1 stopped successfully.
2025-01-30 04:02:19,635 INFO c.h.h.t.HelmChartContainer - [test-hivemq-platform] [hivemq] [7e9d2cbe] INFO  - Cluster nodes found by discovery: [ltpdW|2] (1) [ltpdW].
2025-01-30 04:02:19,639 INFO c.h.h.t.HelmChartContainer - [test-hivemq-platform] [hivemq] [7e9d2cbe] INFO  - Cluster size = 1, members : [ltpdW].
2025-01-30 04:02:21,721 INFO c.h.h.t.HelmChartContainer - [EVENT] Warning [Unhealthy] Readiness probe failed: HTTP probe failed with statuscode: 503 [helmcontainersecuritycontextupgradeplatformit:test-hivemq-platform-0]
2025-01-30 04:02:21,721 INFO c.h.h.t.HelmChartContainer - Received Unhealthy event for container hivemq in pod test-hivemq-platform-0 [8dd543e0-503e-41dd-9b5e-d447731009ae]
2025-01-30 04:02:21,922 INFO c.h.h.t.HelmChartContainer - [test-hivemq-platform] [hivemq] [8dd543e0] INFO  - Shutdown completed.
2025-01-30 04:02:22,271 INFO c.h.h.t.HelmChartContainer - [test-hivemq-platform] [hivemq] [8dd543e0] INFO  - [HiveMQ Platform Operator Init App 1.7.0-SNAPSHOT] The HiveMQ Platform exited with code 143
2025-01-30 04:02:22,272 INFO c.h.h.t.HelmChartContainer - [test-hivemq-platform] [hivemq] [8dd543e0] INFO  - [HiveMQ Platform Operator Init App 1.7.0-SNAPSHOT] Stopping the REST API
2025-01-30 04:02:22,309 INFO c.h.h.t.HelmChartContainer - [test-hivemq-platform] [hivemq] [8dd543e0] INFO  - [HiveMQ Platform Operator Init App 1.7.0-SNAPSHOT] Shutdown complete
2025-01-30 04:02:22,801 INFO c.h.h.t.HelmChartContainer - [POD] test-hivemq-platform-0 [8dd543e0-503e-41dd-9b5e-d447731009ae] in helmcontainersecuritycontextupgradeplatformit was MODIFIED
2025-01-30 04:02:22,834 INFO c.h.h.t.HelmChartContainer - [hivemq-test-hivemq-platform] [hivemq-platform-operator] [ab01aa0e] 04:02:22.804 [pool-6-thread-23] DEBUG c.h.p.o.dependants.PodInfoConfigMap - [helmcont] Desired PodInfo ConfigMap (1 extensions) (1 enabled)
2025-01-30 04:02:22,834 INFO c.h.h.t.HelmChartContainer - [hivemq-test-hivemq-platform] [hivemq-platform-operator] [ab01aa0e] 04:02:22.804 [pool-6-thread-23] DEBUG c.h.p.o.dependants.PodInfoConfigMap - [helmcont] Desired PodInfo ConfigMap (metrics port: 9399) (metrics path: /)
2025-01-30 04:02:22,834 INFO c.h.h.t.HelmChartContainer - [hivemq-test-hivemq-platform] [hivemq-platform-operator] [ab01aa0e] 04:02:22.804 [pool-6-thread-23] DEBUG c.h.p.o.dependants.PodInfoConfigMap - [helmcont] Desired PodInfo ConfigMap (extension state hash: -1817474005)
2025-01-30 04:02:22,834 INFO c.h.h.t.HelmChartContainer - [hivemq-test-hivemq-platform] [hivemq-platform-operator] [ab01aa0e] 04:02:22.806 [pool-6-thread-23] DEBUG c.h.p.o.d.PodServiceAccountResource - [helmcont] Desired PodServiceAccountResource (serviceAccountName: hivemq-platform-pod-test-hivemq-platform)
2025-01-30 04:02:22,834 INFO c.h.h.t.HelmChartContainer - [hivemq-test-hivemq-platform] [hivemq-platform-operator] [ab01aa0e] 04:02:22.811 [pool-6-thread-25] DEBUG c.h.p.o.d.PlatformServiceResource - [helmcont] Desired Platform services (3 services)
2025-01-30 04:02:22,840 INFO c.h.h.t.HelmChartContainer - [hivemq-test-hivemq-platform] [hivemq-platform-operator] [ab01aa0e] 04:02:22.825 [pool-6-thread-25] DEBUG c.h.p.o.d.StatefulSetResource - [helmcont] Desired StatefulSet (2 replicas) for status ROLLING_RESTART (RESTART_PODS_IN_PROGRESS)
2025-01-30 04:02:22,841 INFO c.h.h.t.HelmChartContainer - [hivemq-test-hivemq-platform] [hivemq-platform-operator] [ab01aa0e] 04:02:22.835 [ReconcilerExecutor-hivemq-controller-132] INFO  c.h.p.o.HiveMQPlatformReconciler - [helmcont] Reconciling HiveMQ Platform 'test-hivemq-platform' in namespace 'helmcontainersecuritycontextupgradeplatformit'
2025-01-30 04:02:22,842 INFO c.h.h.t.HelmChartContainer - [hivemq-test-hivemq-platform] [hivemq-platform-operator] [ab01aa0e] 04:02:22.835 [ReconcilerExecutor-hivemq-controller-132] DEBUG c.h.p.o.HiveMQPlatformReconciler - [helmcont] Custom Resource Status ROLLING_RESTART - HiveMQ Platform is restarting Pods (rolling restart) (RESTART_PODS_IN_PROGRESS)
2025-01-30 04:02:22,842 INFO c.h.h.t.HelmChartContainer - [hivemq-test-hivemq-platform] [hivemq-platform-operator] [ab01aa0e] 04:02:22.835 [ReconcilerExecutor-hivemq-controller-132] DEBUG c.h.p.o.HiveMQPlatformReconciler - [helmcont] Custom Resource Spec (replicas: 1) (extensions: 1)
2025-01-30 04:02:22,842 INFO c.h.h.t.HelmChartContainer - [hivemq-test-hivemq-platform] [hivemq-platform-operator] [ab01aa0e] 04:02:22.836 [ReconcilerExecutor-hivemq-controller-132] DEBUG c.h.p.o.HiveMQPlatformReconciler - [helmcont] StatefulSet Status (revision: test-hivemq-platform-579f489c45, replicas: 2, available: 1, ready: 1, current: 0, updated: 1)
2025-01-30 04:02:22,842 INFO c.h.h.t.HelmChartContainer - [hivemq-test-hivemq-platform] [hivemq-platform-operator] [ab01aa0e] 04:02:22.836 [ReconcilerExecutor-hivemq-controller-132] DEBUG c.h.p.o.HiveMQPlatformReconciler - [helmcont] StatefulSet Spec (replicas: 2, init containers: 1, containers: 1, volumes: 3)
2025-01-30 04:02:22,842 INFO c.h.h.t.HelmChartContainer - [hivemq-test-hivemq-platform] [hivemq-platform-operator] [ab01aa0e] 04:02:22.837 [ReconcilerExecutor-hivemq-controller-132] DEBUG c.h.p.o.h.HiveMQPlatformReconcilerErrorHandler - [helmcont] Pod 'test-hivemq-platform-1' phase Running
2025-01-30 04:02:22,842 INFO c.h.h.t.HelmChartContainer - [hivemq-test-hivemq-platform] [hivemq-platform-operator] [ab01aa0e] 04:02:22.838 [ReconcilerExecutor-hivemq-controller-132] DEBUG c.h.p.o.h.HiveMQPlatformReconcilerErrorHandler - [helmcont] Pod 'test-hivemq-platform-0' phase Failed
2025-01-30 04:02:22,842 INFO c.h.h.t.HelmChartContainer - [hivemq-test-hivemq-platform] [hivemq-platform-operator] [ab01aa0e] 04:02:22.839 [ReconcilerExecutor-hivemq-controller-132] DEBUG c.h.p.o.h.HiveMQPlatformReconcilerErrorHandler - [helmcont] Pod 'test-hivemq-platform-0' condition 'PodReadyToStartContainers': False
2025-01-30 04:02:22,842 INFO c.h.h.t.HelmChartContainer - [hivemq-test-hivemq-platform] [hivemq-platform-operator] [ab01aa0e] 04:02:22.839 [ReconcilerExecutor-hivemq-controller-132] DEBUG c.h.p.o.h.HiveMQPlatformReconcilerErrorHandler - [helmcont] Pod 'test-hivemq-platform-0' condition 'Initialized': True
2025-01-30 04:02:22,842 INFO c.h.h.t.HelmChartContainer - [hivemq-test-hivemq-platform] [hivemq-platform-operator] [ab01aa0e] 04:02:22.839 [ReconcilerExecutor-hivemq-controller-132] DEBUG c.h.p.o.h.HiveMQPlatformReconcilerErrorHandler - [helmcont] Pod 'test-hivemq-platform-0' condition 'Ready': False
2025-01-30 04:02:22,842 INFO c.h.h.t.HelmChartContainer - [hivemq-test-hivemq-platform] [hivemq-platform-operator] [ab01aa0e] 04:02:22.839 [ReconcilerExecutor-hivemq-controller-132] DEBUG c.h.p.o.h.HiveMQPlatformReconcilerErrorHandler - [helmcont] Pod 'test-hivemq-platform-0' condition 'ContainersReady': False
2025-01-30 04:02:22,842 INFO c.h.h.t.HelmChartContainer - [hivemq-test-hivemq-platform] [hivemq-platform-operator] [ab01aa0e] 04:02:22.839 [ReconcilerExecutor-hivemq-controller-132] DEBUG c.h.p.o.h.HiveMQPlatformReconcilerErrorHandler - [helmcont] Pod 'test-hivemq-platform-0' condition 'PodScheduled': True
2025-01-30 04:02:22,842 INFO c.h.h.t.HelmChartContainer - [hivemq-test-hivemq-platform] [hivemq-platform-operator] [ab01aa0e] 04:02:22.839 [ReconcilerExecutor-hivemq-controller-132] DEBUG c.h.p.o.h.HiveMQPlatformReconcilerErrorHandler - [helmcont] Pod 'test-hivemq-platform-0' containerStatus 'hivemq' (started: false) (ready: false) (waiting: [Unknown] no message)
2025-01-30 04:02:22,842 INFO c.h.h.t.HelmChartContainer - [hivemq-test-hivemq-platform] [hivemq-platform-operator] [ab01aa0e] 04:02:22.840 [ReconcilerExecutor-hivemq-controller-132] DEBUG c.h.p.o.h.HiveMQPlatformReconcilerRollingRestartHandler - [helmcont] Rolling restart is waiting for 1 of 2 replicas
2025-01-30 04:02:22,885 INFO c.h.h.t.HelmChartContainer - [K3S] [reconciler_common.go:162] "operationExecutor.UnmountVolume started for volume \"kube-api-access-4rqwb\" (UniqueName: \"kubernetes.io/projected/8dd543e0-503e-41dd-9b5e-d447731009ae-kube-api-access-4rqwb\") pod \"8dd543e0-503e-41dd-9b5e-d447731009ae\" (UID: \"8dd543e0-503e-41dd-9b5e-d447731009ae\") "
2025-01-30 04:02:22,885 INFO c.h.h.t.HelmChartContainer - [K3S] [reconciler_common.go:162] "operationExecutor.UnmountVolume started for volume \"broker-configuration\" (UniqueName: \"kubernetes.io/configmap/8dd543e0-503e-41dd-9b5e-d447731009ae-broker-configuration\") pod \"8dd543e0-503e-41dd-9b5e-d447731009ae\" (UID: \"8dd543e0-503e-41dd-9b5e-d447731009ae\") "
2025-01-30 04:02:22,886 INFO c.h.h.t.HelmChartContainer - [K3S] [reconciler_common.go:162] "operationExecutor.UnmountVolume started for volume \"operator-init\" (UniqueName: \"kubernetes.io/empty-dir/8dd543e0-503e-41dd-9b5e-d447731009ae-operator-init\") pod \"8dd543e0-503e-41dd-9b5e-d447731009ae\" (UID: \"8dd543e0-503e-41dd-9b5e-d447731009ae\") "
2025-01-30 04:02:22,886 INFO c.h.h.t.HelmChartContainer - [K3S] [reconciler_common.go:162] "operationExecutor.UnmountVolume started for volume \"pod-info\" (UniqueName: \"kubernetes.io/configmap/8dd543e0-503e-41dd-9b5e-d447731009ae-pod-info\") pod \"8dd543e0-503e-41dd-9b5e-d447731009ae\" (UID: \"8dd543e0-503e-41dd-9b5e-d447731009ae\") "
2025-01-30 04:02:22,901 INFO c.h.h.t.HelmChartContainer - [hivemq-test-hivemq-platform] [hivemq-platform-operator] [ab01aa0e] 04:02:22.898 [pool-6-thread-35] DEBUG c.h.p.o.d.PlatformServiceResource - [helmcont] Desired Platform services (3 services)
2025-01-30 04:02:22,905 INFO c.h.h.t.HelmChartContainer - [hivemq-test-hivemq-platform] [hivemq-platform-operator] [ab01aa0e] 04:02:22.899 [pool-6-thread-40] DEBUG c.h.p.o.dependants.PodInfoConfigMap - [helmcont] Desired PodInfo ConfigMap (1 extensions) (1 enabled)
2025-01-30 04:02:22,905 INFO c.h.h.t.HelmChartContainer - [hivemq-test-hivemq-platform] [hivemq-platform-operator] [ab01aa0e] 04:02:22.899 [pool-6-thread-40] DEBUG c.h.p.o.dependants.PodInfoConfigMap - [helmcont] Desired PodInfo ConfigMap (metrics port: 9399) (metrics path: /)
2025-01-30 04:02:22,905 INFO c.h.h.t.HelmChartContainer - [hivemq-test-hivemq-platform] [hivemq-platform-operator] [ab01aa0e] 04:02:22.899 [pool-6-thread-40] DEBUG c.h.p.o.dependants.PodInfoConfigMap - [helmcont] Desired PodInfo ConfigMap (extension state hash: -1817474005)
2025-01-30 04:02:22,905 INFO c.h.h.t.HelmChartContainer - [hivemq-test-hivemq-platform] [hivemq-platform-operator] [ab01aa0e] 04:02:22.900 [pool-6-thread-38] DEBUG c.h.p.o.d.PodServiceAccountResource - [helmcont] Desired PodServiceAccountResource (serviceAccountName: hivemq-platform-pod-test-hivemq-platform)
2025-01-30 04:02:22,916 INFO c.h.h.t.HelmChartContainer - [hivemq-test-hivemq-platform] [hivemq-platform-operator] [ab01aa0e] 04:02:22.908 [pool-6-thread-32] DEBUG c.h.p.o.d.StatefulSetResource - [helmcont] Desired StatefulSet (2 replicas) for status ROLLING_RESTART (RESTART_PODS_IN_PROGRESS)
2025-01-30 04:02:22,916 INFO c.h.h.t.HelmChartContainer - [hivemq-test-hivemq-platform] [hivemq-platform-operator] [ab01aa0e] 04:02:22.910 [ReconcilerExecutor-hivemq-controller-133] INFO  c.h.p.o.HiveMQPlatformReconciler - [helmcont] Reconciling HiveMQ Platform 'test-hivemq-platform' in namespace 'helmcontainersecuritycontextupgradeplatformit'
2025-01-30 04:02:22,916 INFO c.h.h.t.HelmChartContainer - [hivemq-test-hivemq-platform] [hivemq-platform-operator] [ab01aa0e] 04:02:22.911 [ReconcilerExecutor-hivemq-controller-133] DEBUG c.h.p.o.HiveMQPlatformReconciler - [helmcont] Custom Resource Status ROLLING_RESTART - HiveMQ Platform is restarting Pods (rolling restart) (RESTART_PODS_IN_PROGRESS)
2025-01-30 04:02:22,916 INFO c.h.h.t.HelmChartContainer - [hivemq-test-hivemq-platform] [hivemq-platform-operator] [ab01aa0e] 04:02:22.911 [ReconcilerExecutor-hivemq-controller-133] DEBUG c.h.p.o.HiveMQPlatformReconciler - [helmcont] Custom Resource Spec (replicas: 1) (extensions: 1)
2025-01-30 04:02:22,916 INFO c.h.h.t.HelmChartContainer - [hivemq-test-hivemq-platform] [hivemq-platform-operator] [ab01aa0e] 04:02:22.913 [ReconcilerExecutor-hivemq-controller-133] DEBUG c.h.p.o.HiveMQPlatformReconciler - [helmcont] StatefulSet Status (revision: test-hivemq-platform-579f489c45, replicas: 2, available: 1, ready: 1, current: 0, updated: 1)
2025-01-30 04:02:22,916 INFO c.h.h.t.HelmChartContainer - [hivemq-test-hivemq-platform] [hivemq-platform-operator] [ab01aa0e] 04:02:22.913 [ReconcilerExecutor-hivemq-controller-133] DEBUG c.h.p.o.HiveMQPlatformReconciler - [helmcont] StatefulSet Spec (replicas: 2, init containers: 1, containers: 1, volumes: 3)
2025-01-30 04:02:22,916 INFO c.h.h.t.HelmChartContainer - [hivemq-test-hivemq-platform] [hivemq-platform-operator] [ab01aa0e] 04:02:22.914 [ReconcilerExecutor-hivemq-controller-133] DEBUG c.h.p.o.h.HiveMQPlatformReconcilerErrorHandler - [helmcont] Pod 'test-hivemq-platform-1' phase Running
2025-01-30 04:02:22,921 INFO c.h.h.t.HelmChartContainer - [hivemq-test-hivemq-platform] [hivemq-platform-operator] [ab01aa0e] 04:02:22.919 [ReconcilerExecutor-hivemq-controller-133] DEBUG c.h.p.o.h.HiveMQPlatformReconcilerErrorHandler - [helmcont] Pod 'test-hivemq-platform-0' phase Failed
2025-01-30 04:02:22,922 INFO c.h.h.t.HelmChartContainer - [hivemq-test-hivemq-platform] [hivemq-platform-operator] [ab01aa0e] 04:02:22.920 [ReconcilerExecutor-hivemq-controller-133] DEBUG c.h.p.o.h.HiveMQPlatformReconcilerErrorHandler - [helmcont] Pod 'test-hivemq-platform-0' condition 'PodReadyToStartContainers': False
2025-01-30 04:02:22,922 INFO c.h.h.t.HelmChartContainer - [hivemq-test-hivemq-platform] [hivemq-platform-operator] [ab01aa0e] 04:02:22.920 [ReconcilerExecutor-hivemq-controller-133] DEBUG c.h.p.o.h.HiveMQPlatformReconcilerErrorHandler - [helmcont] Pod 'test-hivemq-platform-0' condition 'Initialized': True
2025-01-30 04:02:22,922 INFO c.h.h.t.HelmChartContainer - [hivemq-test-hivemq-platform] [hivemq-platform-operator] [ab01aa0e] 04:02:22.920 [ReconcilerExecutor-hivemq-controller-133] DEBUG c.h.p.o.h.HiveMQPlatformReconcilerErrorHandler - [helmcont] Pod 'test-hivemq-platform-0' condition 'Ready': False
2025-01-30 04:02:22,922 INFO c.h.h.t.HelmChartContainer - [hivemq-test-hivemq-platform] [hivemq-platform-operator] [ab01aa0e] 04:02:22.920 [ReconcilerExecutor-hivemq-controller-133] DEBUG c.h.p.o.h.HiveMQPlatformReconcilerErrorHandler - [helmcont] Pod 'test-hivemq-platform-0' condition 'ContainersReady': False
2025-01-30 04:02:22,922 INFO c.h.h.t.HelmChartContainer - [hivemq-test-hivemq-platform] [hivemq-platform-operator] [ab01aa0e] 04:02:22.920 [ReconcilerExecutor-hivemq-controller-133] DEBUG c.h.p.o.h.HiveMQPlatformReconcilerErrorHandler - [helmcont] Pod 'test-hivemq-platform-0' condition 'PodScheduled': True
2025-01-30 04:02:22,922 INFO c.h.h.t.HelmChartContainer - [hivemq-test-hivemq-platform] [hivemq-platform-operator] [ab01aa0e] 04:02:22.920 [ReconcilerExecutor-hivemq-controller-133] DEBUG c.h.p.o.h.HiveMQPlatformReconcilerErrorHandler - [helmcont] Pod 'test-hivemq-platform-0' containerStatus 'hivemq' (started: false) (ready: false) (waiting: [Unknown] no message)
2025-01-30 04:02:22,922 INFO c.h.h.t.HelmChartContainer - [hivemq-test-hivemq-platform] [hivemq-platform-operator] [ab01aa0e] 04:02:22.920 [ReconcilerExecutor-hivemq-controller-133] DEBUG c.h.p.o.h.HiveMQPlatformReconcilerRollingRestartHandler - [helmcont] Rolling restart is waiting for 1 of 2 replicas
2025-01-30 04:02:22,948 INFO c.h.h.t.HelmChartContainer - [test-hivemq-platform] [hivemq] [7e9d2cbe] INFO  - [HiveMQ Platform Operator Init App 1.7.0-SNAPSHOT] Returning Health API response 200 for liveness
2025-01-30 04:02:22,986 INFO c.h.h.t.HelmChartContainer - [K3S] [reconciler_common.go:299] "Volume detached for volume \"operator-init\" (UniqueName: \"kubernetes.io/empty-dir/8dd543e0-503e-41dd-9b5e-d447731009ae-operator-init\") on node \"6c872e703766\" DevicePath \"\""
2025-01-30 04:02:22,986 INFO c.h.h.t.HelmChartContainer - [K3S] [reconciler_common.go:299] "Volume detached for volume \"pod-info\" (UniqueName: \"kubernetes.io/configmap/8dd543e0-503e-41dd-9b5e-d447731009ae-pod-info\") on node \"6c872e703766\" DevicePath \"\""
2025-01-30 04:02:22,986 INFO c.h.h.t.HelmChartContainer - [K3S] [reconciler_common.go:299] "Volume detached for volume \"kube-api-access-4rqwb\" (UniqueName: \"kubernetes.io/projected/8dd543e0-503e-41dd-9b5e-d447731009ae-kube-api-access-4rqwb\") on node \"6c872e703766\" DevicePath \"\""
2025-01-30 04:02:22,986 INFO c.h.h.t.HelmChartContainer - [K3S] [reconciler_common.go:299] "Volume detached for volume \"broker-configuration\" (UniqueName: \"kubernetes.io/configmap/8dd543e0-503e-41dd-9b5e-d447731009ae-broker-configuration\") on node \"6c872e703766\" DevicePath \"\""
2025-01-30 04:02:23,383 INFO c.h.h.t.HelmChartContainer - [K3S] [scope.go:117] "RemoveContainer" containerID="b3d10317737fba353d5327fbbc378f7663507686424d73a66b26251e439d3e20"
2025-01-30 04:02:23,394 INFO c.h.h.t.HelmChartContainer - [POD] test-hivemq-platform-0 [8dd543e0-503e-41dd-9b5e-d447731009ae] in helmcontainersecuritycontextupgradeplatformit was MODIFIED
2025-01-30 04:02:23,409 INFO c.h.h.t.HelmChartContainer - [POD] test-hivemq-platform-0 [8dd543e0-503e-41dd-9b5e-d447731009ae] in helmcontainersecuritycontextupgradeplatformit was DELETED
2025-01-30 04:02:23,414 INFO c.h.h.t.HelmChartContainer - [hivemq-test-hivemq-platform] [hivemq-platform-operator] [ab01aa0e] 04:02:23.410 [pool-6-thread-44] DEBUG c.h.p.o.dependants.PodInfoConfigMap - [helmcont] Desired PodInfo ConfigMap (1 extensions) (1 enabled)
2025-01-30 04:02:23,414 INFO c.h.h.t.HelmChartContainer - [hivemq-test-hivemq-platform] [hivemq-platform-operator] [ab01aa0e] 04:02:23.410 [pool-6-thread-44] DEBUG c.h.p.o.dependants.PodInfoConfigMap - [helmcont] Desired PodInfo ConfigMap (metrics port: 9399) (metrics path: /)
2025-01-30 04:02:23,416 INFO c.h.h.t.HelmChartContainer - [hivemq-test-hivemq-platform] [hivemq-platform-operator] [ab01aa0e] 04:02:23.410 [pool-6-thread-44] DEBUG c.h.p.o.dependants.PodInfoConfigMap - [helmcont] Desired PodInfo ConfigMap (extension state hash: -1817474005)
2025-01-30 04:02:23,416 INFO c.h.h.t.HelmChartContainer - [hivemq-test-hivemq-platform] [hivemq-platform-operator] [ab01aa0e] 04:02:23.411 [pool-6-thread-44] DEBUG c.h.p.o.d.PodServiceAccountResource - [helmcont] Desired PodServiceAccountResource (serviceAccountName: hivemq-platform-pod-test-hivemq-platform)
2025-01-30 04:02:23,417 INFO c.h.h.t.HelmChartContainer - [hivemq-test-hivemq-platform] [hivemq-platform-operator] [ab01aa0e] 04:02:23.413 [pool-6-thread-42] DEBUG c.h.p.o.d.PlatformServiceResource - [helmcont] Desired Platform services (3 services)
2025-01-30 04:02:23,432 INFO c.h.h.t.HelmChartContainer - [POD] test-hivemq-platform-0 [4254e54c-4dda-4844-a42b-ffd849119f53] in helmcontainersecuritycontextupgradeplatformit was ADDED
2025-01-30 04:02:23,437 INFO c.h.h.t.HelmChartContainer - [K3S] [memory_manager.go:355] "RemoveStaleState removing state" podUID="8dd543e0-503e-41dd-9b5e-d447731009ae" containerName="hivemq"
2025-01-30 04:02:23,440 INFO c.h.h.t.HelmChartContainer - [EVENT] Normal [SuccessfulCreate] create Pod test-hivemq-platform-0 in StatefulSet test-hivemq-platform successful [helmcontainersecuritycontextupgradeplatformit:test-hivemq-platform]
2025-01-30 04:02:23,441 INFO c.h.h.t.HelmChartContainer - [POD] test-hivemq-platform-0 [4254e54c-4dda-4844-a42b-ffd849119f53] in helmcontainersecuritycontextupgradeplatformit was MODIFIED
2025-01-30 04:02:23,441 INFO c.h.h.t.HelmChartContainer - [EVENT] Normal [Scheduled] Successfully assigned helmcontainersecuritycontextupgradeplatformit/test-hivemq-platform-0 to 6c872e703766 [helmcontainersecuritycontextupgradeplatformit:test-hivemq-platform-0]
2025-01-30 04:02:23,452 INFO c.h.h.t.HelmChartContainer - [POD] test-hivemq-platform-0 [4254e54c-4dda-4844-a42b-ffd849119f53] in helmcontainersecuritycontextupgradeplatformit was MODIFIED
2025-01-30 04:02:23,502 INFO c.h.h.t.HelmChartContainer - [hivemq-test-hivemq-platform] [hivemq-platform-operator] [ab01aa0e] 04:02:23.495 [pool-6-thread-42] DEBUG c.h.p.o.d.StatefulSetResource - [helmcont] Desired StatefulSet (2 replicas) for status ROLLING_RESTART (RESTART_PODS_IN_PROGRESS)
2025-01-30 04:02:23,504 INFO c.h.h.t.HelmChartContainer - [hivemq-test-hivemq-platform] [hivemq-platform-operator] [ab01aa0e] 04:02:23.502 [ReconcilerExecutor-hivemq-controller-134] INFO  c.h.p.o.HiveMQPlatformReconciler - [helmcont] Reconciling HiveMQ Platform 'test-hivemq-platform' in namespace 'helmcontainersecuritycontextupgradeplatformit'
2025-01-30 04:02:23,504 INFO c.h.h.t.HelmChartContainer - [hivemq-test-hivemq-platform] [hivemq-platform-operator] [ab01aa0e] 04:02:23.502 [ReconcilerExecutor-hivemq-controller-134] DEBUG c.h.p.o.HiveMQPlatformReconciler - [helmcont] Custom Resource Status ROLLING_RESTART - HiveMQ Platform is restarting Pods (rolling restart) (RESTART_PODS_IN_PROGRESS)
2025-01-30 04:02:23,504 INFO c.h.h.t.HelmChartContainer - [hivemq-test-hivemq-platform] [hivemq-platform-operator] [ab01aa0e] 04:02:23.502 [ReconcilerExecutor-hivemq-controller-134] DEBUG c.h.p.o.HiveMQPlatformReconciler - [helmcont] Custom Resource Spec (replicas: 1) (extensions: 1)
2025-01-30 04:02:23,508 INFO c.h.h.t.HelmChartContainer - [hivemq-test-hivemq-platform] [hivemq-platform-operator] [ab01aa0e] 04:02:23.504 [ReconcilerExecutor-hivemq-controller-134] DEBUG c.h.p.o.HiveMQPlatformReconciler - [helmcont] StatefulSet Status (revision: test-hivemq-platform-579f489c45, replicas: 2, available: 1, ready: 1, current: 0, updated: 2)
2025-01-30 04:02:23,508 INFO c.h.h.t.HelmChartContainer - [hivemq-test-hivemq-platform] [hivemq-platform-operator] [ab01aa0e] 04:02:23.504 [ReconcilerExecutor-hivemq-controller-134] DEBUG c.h.p.o.HiveMQPlatformReconciler - [helmcont] StatefulSet Spec (replicas: 2, init containers: 1, containers: 1, volumes: 3)
2025-01-30 04:02:23,508 INFO c.h.h.t.HelmChartContainer - [hivemq-test-hivemq-platform] [hivemq-platform-operator] [ab01aa0e] 04:02:23.506 [ReconcilerExecutor-hivemq-controller-134] DEBUG c.h.p.o.h.HiveMQPlatformReconcilerErrorHandler - [helmcont] Pod 'test-hivemq-platform-1' phase Running
2025-01-30 04:02:23,511 INFO c.h.h.t.HelmChartContainer - [hivemq-test-hivemq-platform] [hivemq-platform-operator] [ab01aa0e] 04:02:23.508 [ReconcilerExecutor-hivemq-controller-134] DEBUG c.h.p.o.h.HiveMQPlatformReconcilerErrorHandler - [helmcont] Pod 'test-hivemq-platform-0' phase Pending
2025-01-30 04:02:23,513 INFO c.h.h.t.HelmChartContainer - [hivemq-test-hivemq-platform] [hivemq-platform-operator] [ab01aa0e] 04:02:23.509 [ReconcilerExecutor-hivemq-controller-134] DEBUG c.h.p.o.h.HiveMQPlatformReconcilerErrorHandler - [helmcont] Pod 'test-hivemq-platform-0' condition 'PodReadyToStartContainers': False
2025-01-30 04:02:23,513 INFO c.h.h.t.HelmChartContainer - [hivemq-test-hivemq-platform] [hivemq-platform-operator] [ab01aa0e] 04:02:23.510 [ReconcilerExecutor-hivemq-controller-134] DEBUG c.h.p.o.h.HiveMQPlatformReconcilerErrorHandler - [helmcont] Pod 'test-hivemq-platform-0' condition 'Initialized': False
2025-01-30 04:02:23,513 INFO c.h.h.t.HelmChartContainer - [hivemq-test-hivemq-platform] [hivemq-platform-operator] [ab01aa0e] 04:02:23.510 [ReconcilerExecutor-hivemq-controller-134] DEBUG c.h.p.o.h.HiveMQPlatformReconcilerErrorHandler - [helmcont] Pod 'test-hivemq-platform-0' condition 'Ready': False
2025-01-30 04:02:23,513 INFO c.h.h.t.HelmChartContainer - [hivemq-test-hivemq-platform] [hivemq-platform-operator] [ab01aa0e] 04:02:23.510 [ReconcilerExecutor-hivemq-controller-134] DEBUG c.h.p.o.h.HiveMQPlatformReconcilerErrorHandler - [helmcont] Pod 'test-hivemq-platform-0' condition 'ContainersReady': False
2025-01-30 04:02:23,513 INFO c.h.h.t.HelmChartContainer - [hivemq-test-hivemq-platform] [hivemq-platform-operator] [ab01aa0e] 04:02:23.510 [ReconcilerExecutor-hivemq-controller-134] DEBUG c.h.p.o.h.HiveMQPlatformReconcilerErrorHandler - [helmcont] Pod 'test-hivemq-platform-0' condition 'PodScheduled': True
2025-01-30 04:02:23,513 INFO c.h.h.t.HelmChartContainer - [hivemq-test-hivemq-platform] [hivemq-platform-operator] [ab01aa0e] 04:02:23.510 [ReconcilerExecutor-hivemq-controller-134] DEBUG c.h.p.o.h.HiveMQPlatformReconcilerErrorHandler - [helmcont] Pod 'test-hivemq-platform-0' containerStatus 'hivemq' (started: false) (ready: false) (waiting: [PodInitializing] null)
2025-01-30 04:02:23,514 INFO c.h.h.t.HelmChartContainer - [hivemq-test-hivemq-platform] [hivemq-platform-operator] [ab01aa0e] 04:02:23.510 [ReconcilerExecutor-hivemq-controller-134] DEBUG c.h.p.o.h.HiveMQPlatformReconcilerRollingRestartHandler - [helmcont] Rolling restart is waiting for 1 of 2 replicas
2025-01-30 04:02:23,527 INFO c.h.h.t.HelmChartContainer - [K3S] [scope.go:117] "RemoveContainer" containerID="56b6175e102e518a9f05405960dbbac17716701040882096a8c352c15eda43e1"
2025-01-30 04:02:23,530 INFO c.h.h.t.HelmChartContainer - [K3S] [scope.go:117] "RemoveContainer" containerID="b3d10317737fba353d5327fbbc378f7663507686424d73a66b26251e439d3e20"
2025-01-30 04:02:23,531 INFO c.h.h.t.HelmChartContainer - [K3S] [scope.go:117] "RemoveContainer" containerID="56b6175e102e518a9f05405960dbbac17716701040882096a8c352c15eda43e1"
2025-01-30 04:02:23,588 INFO c.h.h.t.HelmChartContainer - [K3S] [reconciler_common.go:251] "operationExecutor.VerifyControllerAttachedVolume started for volume \"kube-api-access-49nz6\" (UniqueName: \"kubernetes.io/projected/4254e54c-4dda-4844-a42b-ffd849119f53-kube-api-access-49nz6\") pod \"test-hivemq-platform-0\" (UID: \"4254e54c-4dda-4844-a42b-ffd849119f53\") " pod="helmcontainersecuritycontextupgradeplatformit/test-hivemq-platform-0"
2025-01-30 04:02:23,588 INFO c.h.h.t.HelmChartContainer - [K3S] [reconciler_common.go:251] "operationExecutor.VerifyControllerAttachedVolume started for volume \"operator-init\" (UniqueName: \"kubernetes.io/empty-dir/4254e54c-4dda-4844-a42b-ffd849119f53-operator-init\") pod \"test-hivemq-platform-0\" (UID: \"4254e54c-4dda-4844-a42b-ffd849119f53\") " pod="helmcontainersecuritycontextupgradeplatformit/test-hivemq-platform-0"
2025-01-30 04:02:23,588 INFO c.h.h.t.HelmChartContainer - [K3S] [reconciler_common.go:251] "operationExecutor.VerifyControllerAttachedVolume started for volume \"pod-info\" (UniqueName: \"kubernetes.io/configmap/4254e54c-4dda-4844-a42b-ffd849119f53-pod-info\") pod \"test-hivemq-platform-0\" (UID: \"4254e54c-4dda-4844-a42b-ffd849119f53\") " pod="helmcontainersecuritycontextupgradeplatformit/test-hivemq-platform-0"
2025-01-30 04:02:23,588 INFO c.h.h.t.HelmChartContainer - [K3S] [reconciler_common.go:251] "operationExecutor.VerifyControllerAttachedVolume started for volume \"broker-configuration\" (UniqueName: \"kubernetes.io/configmap/4254e54c-4dda-4844-a42b-ffd849119f53-broker-configuration\") pod \"test-hivemq-platform-0\" (UID: \"4254e54c-4dda-4844-a42b-ffd849119f53\") " pod="helmcontainersecuritycontextupgradeplatformit/test-hivemq-platform-0"
2025-01-30 04:02:23,594 INFO c.h.h.t.HelmChartContainer - [hivemq-test-hivemq-platform] [hivemq-platform-operator] [ab01aa0e] 04:02:23.592 [pool-6-thread-7] DEBUG c.h.p.o.d.PodServiceAccountResource - [helmcont] Desired PodServiceAccountResource (serviceAccountName: hivemq-platform-pod-test-hivemq-platform)
2025-01-30 04:02:23,595 INFO c.h.h.t.HelmChartContainer - [hivemq-test-hivemq-platform] [hivemq-platform-operator] [ab01aa0e] 04:02:23.592 [pool-6-thread-3] DEBUG c.h.p.o.dependants.PodInfoConfigMap - [helmcont] Desired PodInfo ConfigMap (1 extensions) (1 enabled)
2025-01-30 04:02:23,595 INFO c.h.h.t.HelmChartContainer - [hivemq-test-hivemq-platform] [hivemq-platform-operator] [ab01aa0e] 04:02:23.592 [pool-6-thread-3] DEBUG c.h.p.o.dependants.PodInfoConfigMap - [helmcont] Desired PodInfo ConfigMap (metrics port: 9399) (metrics path: /)
2025-01-30 04:02:23,595 INFO c.h.h.t.HelmChartContainer - [hivemq-test-hivemq-platform] [hivemq-platform-operator] [ab01aa0e] 04:02:23.592 [pool-6-thread-3] DEBUG c.h.p.o.dependants.PodInfoConfigMap - [helmcont] Desired PodInfo ConfigMap (extension state hash: -1817474005)
2025-01-30 04:02:23,596 INFO c.h.h.t.HelmChartContainer - [hivemq-test-hivemq-platform] [hivemq-platform-operator] [ab01aa0e] 04:02:23.592 [pool-6-thread-8] DEBUG c.h.p.o.d.PlatformServiceResource - [helmcont] Desired Platform services (3 services)
2025-01-30 04:02:23,599 INFO c.h.h.t.HelmChartContainer - [hivemq-test-hivemq-platform] [hivemq-platform-operator] [ab01aa0e] 04:02:23.599 [pool-6-thread-1] DEBUG c.h.p.o.d.StatefulSetResource - [helmcont] Desired StatefulSet (2 replicas) for status ROLLING_RESTART (RESTART_PODS_IN_PROGRESS)
2025-01-30 04:02:23,602 INFO c.h.h.t.HelmChartContainer - [hivemq-test-hivemq-platform] [hivemq-platform-operator] [ab01aa0e] 04:02:23.601 [ReconcilerExecutor-hivemq-controller-138] INFO  c.h.p.o.HiveMQPlatformReconciler - [helmcont] Reconciling HiveMQ Platform 'test-hivemq-platform' in namespace 'helmcontainersecuritycontextupgradeplatformit'
2025-01-30 04:02:23,603 INFO c.h.h.t.HelmChartContainer - [hivemq-test-hivemq-platform] [hivemq-platform-operator] [ab01aa0e] 04:02:23.601 [ReconcilerExecutor-hivemq-controller-138] DEBUG c.h.p.o.HiveMQPlatformReconciler - [helmcont] Custom Resource Status ROLLING_RESTART - HiveMQ Platform is restarting Pods (rolling restart) (RESTART_PODS_IN_PROGRESS)
2025-01-30 04:02:23,604 INFO c.h.h.t.HelmChartContainer - [hivemq-test-hivemq-platform] [hivemq-platform-operator] [ab01aa0e] 04:02:23.601 [ReconcilerExecutor-hivemq-controller-138] DEBUG c.h.p.o.HiveMQPlatformReconciler - [helmcont] Custom Resource Spec (replicas: 1) (extensions: 1)
2025-01-30 04:02:23,604 INFO c.h.h.t.HelmChartContainer - [hivemq-test-hivemq-platform] [hivemq-platform-operator] [ab01aa0e] 04:02:23.603 [ReconcilerExecutor-hivemq-controller-138] DEBUG c.h.p.o.HiveMQPlatformReconciler - [helmcont] StatefulSet Status (revision: test-hivemq-platform-579f489c45, replicas: 2, available: 1, ready: 1, current: 0, updated: 2)
2025-01-30 04:02:23,608 INFO c.h.h.t.HelmChartContainer - [hivemq-test-hivemq-platform] [hivemq-platform-operator] [ab01aa0e] 04:02:23.604 [ReconcilerExecutor-hivemq-controller-138] DEBUG c.h.p.o.HiveMQPlatformReconciler - [helmcont] StatefulSet Spec (replicas: 2, init containers: 1, containers: 1, volumes: 3)
2025-01-30 04:02:23,610 INFO c.h.h.t.HelmChartContainer - [hivemq-test-hivemq-platform] [hivemq-platform-operator] [ab01aa0e] 04:02:23.605 [ReconcilerExecutor-hivemq-controller-138] DEBUG c.h.p.o.h.HiveMQPlatformReconcilerErrorHandler - [helmcont] Pod 'test-hivemq-platform-1' phase Running
2025-01-30 04:02:23,610 INFO c.h.h.t.HelmChartContainer - [hivemq-test-hivemq-platform] [hivemq-platform-operator] [ab01aa0e] 04:02:23.607 [ReconcilerExecutor-hivemq-controller-138] DEBUG c.h.p.o.h.HiveMQPlatformReconcilerErrorHandler - [helmcont] Pod 'test-hivemq-platform-0' phase Pending
2025-01-30 04:02:23,610 INFO c.h.h.t.HelmChartContainer - [hivemq-test-hivemq-platform] [hivemq-platform-operator] [ab01aa0e] 04:02:23.607 [ReconcilerExecutor-hivemq-controller-138] DEBUG c.h.p.o.h.HiveMQPlatformReconcilerErrorHandler - [helmcont] Pod 'test-hivemq-platform-0' condition 'PodReadyToStartContainers': False
2025-01-30 04:02:23,610 INFO c.h.h.t.HelmChartContainer - [hivemq-test-hivemq-platform] [hivemq-platform-operator] [ab01aa0e] 04:02:23.607 [ReconcilerExecutor-hivemq-controller-138] DEBUG c.h.p.o.h.HiveMQPlatformReconcilerErrorHandler - [helmcont] Pod 'test-hivemq-platform-0' condition 'Initialized': False
2025-01-30 04:02:23,610 INFO c.h.h.t.HelmChartContainer - [hivemq-test-hivemq-platform] [hivemq-platform-operator] [ab01aa0e] 04:02:23.607 [ReconcilerExecutor-hivemq-controller-138] DEBUG c.h.p.o.h.HiveMQPlatformReconcilerErrorHandler - [helmcont] Pod 'test-hivemq-platform-0' condition 'Ready': False
2025-01-30 04:02:23,610 INFO c.h.h.t.HelmChartContainer - [hivemq-test-hivemq-platform] [hivemq-platform-operator] [ab01aa0e] 04:02:23.607 [ReconcilerExecutor-hivemq-controller-138] DEBUG c.h.p.o.h.HiveMQPlatformReconcilerErrorHandler - [helmcont] Pod 'test-hivemq-platform-0' condition 'ContainersReady': False
2025-01-30 04:02:23,610 INFO c.h.h.t.HelmChartContainer - [hivemq-test-hivemq-platform] [hivemq-platform-operator] [ab01aa0e] 04:02:23.607 [ReconcilerExecutor-hivemq-controller-138] DEBUG c.h.p.o.h.HiveMQPlatformReconcilerErrorHandler - [helmcont] Pod 'test-hivemq-platform-0' condition 'PodScheduled': True
2025-01-30 04:02:23,610 INFO c.h.h.t.HelmChartContainer - [hivemq-test-hivemq-platform] [hivemq-platform-operator] [ab01aa0e] 04:02:23.608 [ReconcilerExecutor-hivemq-controller-138] DEBUG c.h.p.o.h.HiveMQPlatformReconcilerErrorHandler - [helmcont] Pod 'test-hivemq-platform-0' containerStatus 'hivemq' (started: false) (ready: false) (waiting: [PodInitializing] null)
2025-01-30 04:02:23,612 INFO c.h.h.t.HelmChartContainer - [hivemq-test-hivemq-platform] [hivemq-platform-operator] [ab01aa0e] 04:02:23.608 [ReconcilerExecutor-hivemq-controller-138] DEBUG c.h.p.o.h.HiveMQPlatformReconcilerRollingRestartHandler - [helmcont] Rolling restart is waiting for 1 of 2 replicas
2025-01-30 04:02:23,613 INFO c.h.h.t.HelmChartContainer - [hivemq-test-hivemq-platform] [hivemq-platform-operator] [ab01aa0e] 04:02:23.613 [pool-6-thread-13] DEBUG c.h.p.o.d.PlatformServiceResource - [helmcont] Desired Platform services (3 services)
2025-01-30 04:02:23,696 INFO c.h.h.t.HelmChartContainer - [hivemq-test-hivemq-platform] [hivemq-platform-operator] [ab01aa0e] 04:02:23.614 [pool-6-thread-16] DEBUG c.h.p.o.d.PodServiceAccountResource - [helmcont] Desired PodServiceAccountResource (serviceAccountName: hivemq-platform-pod-test-hivemq-platform)
2025-01-30 04:02:23,696 INFO c.h.h.t.HelmChartContainer - [hivemq-test-hivemq-platform] [hivemq-platform-operator] [ab01aa0e] 04:02:23.613 [pool-6-thread-18] DEBUG c.h.p.o.dependants.PodInfoConfigMap - [helmcont] Desired PodInfo ConfigMap (1 extensions) (1 enabled)
2025-01-30 04:02:23,696 INFO c.h.h.t.HelmChartContainer - [hivemq-test-hivemq-platform] [hivemq-platform-operator] [ab01aa0e] 04:02:23.692 [pool-6-thread-18] DEBUG c.h.p.o.dependants.PodInfoConfigMap - [helmcont] Desired PodInfo ConfigMap (metrics port: 9399) (metrics path: /)
2025-01-30 04:02:23,696 INFO c.h.h.t.HelmChartContainer - [hivemq-test-hivemq-platform] [hivemq-platform-operator] [ab01aa0e] 04:02:23.692 [pool-6-thread-18] DEBUG c.h.p.o.dependants.PodInfoConfigMap - [helmcont] Desired PodInfo ConfigMap (extension state hash: -1817474005)
2025-01-30 04:02:23,699 INFO c.h.h.t.HelmChartContainer - [hivemq-test-hivemq-platform] [hivemq-platform-operator] [ab01aa0e] 04:02:23.695 [pool-6-thread-13] DEBUG c.h.p.o.d.StatefulSetResource - [helmcont] Desired StatefulSet (2 replicas) for status ROLLING_RESTART (RESTART_PODS_IN_PROGRESS)
2025-01-30 04:02:23,700 INFO c.h.h.t.HelmChartContainer - [hivemq-test-hivemq-platform] [hivemq-platform-operator] [ab01aa0e] 04:02:23.698 [ReconcilerExecutor-hivemq-controller-139] INFO  c.h.p.o.HiveMQPlatformReconciler - [helmcont] Reconciling HiveMQ Platform 'test-hivemq-platform' in namespace 'helmcontainersecuritycontextupgradeplatformit'
2025-01-30 04:02:23,700 INFO c.h.h.t.HelmChartContainer - [hivemq-test-hivemq-platform] [hivemq-platform-operator] [ab01aa0e] 04:02:23.698 [ReconcilerExecutor-hivemq-controller-139] DEBUG c.h.p.o.HiveMQPlatformReconciler - [helmcont] Custom Resource Status ROLLING_RESTART - HiveMQ Platform is restarting Pods (rolling restart) (RESTART_PODS_IN_PROGRESS)
2025-01-30 04:02:23,700 INFO c.h.h.t.HelmChartContainer - [hivemq-test-hivemq-platform] [hivemq-platform-operator] [ab01aa0e] 04:02:23.698 [ReconcilerExecutor-hivemq-controller-139] DEBUG c.h.p.o.HiveMQPlatformReconciler - [helmcont] Custom Resource Spec (replicas: 1) (extensions: 1)
2025-01-30 04:02:23,700 INFO c.h.h.t.HelmChartContainer - [hivemq-test-hivemq-platform] [hivemq-platform-operator] [ab01aa0e] 04:02:23.699 [ReconcilerExecutor-hivemq-controller-139] DEBUG c.h.p.o.HiveMQPlatformReconciler - [helmcont] StatefulSet Status (revision: test-hivemq-platform-579f489c45, replicas: 2, available: 1, ready: 1, current: 0, updated: 2)
2025-01-30 04:02:23,700 INFO c.h.h.t.HelmChartContainer - [hivemq-test-hivemq-platform] [hivemq-platform-operator] [ab01aa0e] 04:02:23.699 [ReconcilerExecutor-hivemq-controller-139] DEBUG c.h.p.o.HiveMQPlatformReconciler - [helmcont] StatefulSet Spec (replicas: 2, init containers: 1, containers: 1, volumes: 3)
2025-01-30 04:02:23,704 INFO c.h.h.t.HelmChartContainer - [hivemq-test-hivemq-platform] [hivemq-platform-operator] [ab01aa0e] 04:02:23.701 [ReconcilerExecutor-hivemq-controller-139] DEBUG c.h.p.o.h.HiveMQPlatformReconcilerErrorHandler - [helmcont] Pod 'test-hivemq-platform-1' phase Running
2025-01-30 04:02:23,704 INFO c.h.h.t.HelmChartContainer - [hivemq-test-hivemq-platform] [hivemq-platform-operator] [ab01aa0e] 04:02:23.702 [ReconcilerExecutor-hivemq-controller-139] DEBUG c.h.p.o.h.HiveMQPlatformReconcilerErrorHandler - [helmcont] Pod 'test-hivemq-platform-0' phase Pending
2025-01-30 04:02:23,704 INFO c.h.h.t.HelmChartContainer - [hivemq-test-hivemq-platform] [hivemq-platform-operator] [ab01aa0e] 04:02:23.702 [ReconcilerExecutor-hivemq-controller-139] DEBUG c.h.p.o.h.HiveMQPlatformReconcilerErrorHandler - [helmcont] Pod 'test-hivemq-platform-0' condition 'PodReadyToStartContainers': False
2025-01-30 04:02:23,704 INFO c.h.h.t.HelmChartContainer - [hivemq-test-hivemq-platform] [hivemq-platform-operator] [ab01aa0e] 04:02:23.702 [ReconcilerExecutor-hivemq-controller-139] DEBUG c.h.p.o.h.HiveMQPlatformReconcilerErrorHandler - [helmcont] Pod 'test-hivemq-platform-0' condition 'Initialized': False
2025-01-30 04:02:23,704 INFO c.h.h.t.HelmChartContainer - [hivemq-test-hivemq-platform] [hivemq-platform-operator] [ab01aa0e] 04:02:23.702 [ReconcilerExecutor-hivemq-controller-139] DEBUG c.h.p.o.h.HiveMQPlatformReconcilerErrorHandler - [helmcont] Pod 'test-hivemq-platform-0' condition 'Ready': False
2025-01-30 04:02:23,704 INFO c.h.h.t.HelmChartContainer - [hivemq-test-hivemq-platform] [hivemq-platform-operator] [ab01aa0e] 04:02:23.702 [ReconcilerExecutor-hivemq-controller-139] DEBUG c.h.p.o.h.HiveMQPlatformReconcilerErrorHandler - [helmcont] Pod 'test-hivemq-platform-0' condition 'ContainersReady': False
2025-01-30 04:02:23,704 INFO c.h.h.t.HelmChartContainer - [hivemq-test-hivemq-platform] [hivemq-platform-operator] [ab01aa0e] 04:02:23.702 [ReconcilerExecutor-hivemq-controller-139] DEBUG c.h.p.o.h.HiveMQPlatformReconcilerErrorHandler - [helmcont] Pod 'test-hivemq-platform-0' condition 'PodScheduled': True
2025-01-30 04:02:23,704 INFO c.h.h.t.HelmChartContainer - [hivemq-test-hivemq-platform] [hivemq-platform-operator] [ab01aa0e] 04:02:23.703 [ReconcilerExecutor-hivemq-controller-139] DEBUG c.h.p.o.h.HiveMQPlatformReconcilerErrorHandler - [helmcont] Pod 'test-hivemq-platform-0' containerStatus 'hivemq' (started: false) (ready: false) (waiting: [PodInitializing] null)
2025-01-30 04:02:23,704 INFO c.h.h.t.HelmChartContainer - [hivemq-test-hivemq-platform] [hivemq-platform-operator] [ab01aa0e] 04:02:23.703 [ReconcilerExecutor-hivemq-controller-139] DEBUG c.h.p.o.h.HiveMQPlatformReconcilerRollingRestartHandler - [helmcont] Rolling restart is waiting for 1 of 2 replicas
2025-01-30 04:02:23,830 INFO c.h.h.t.HelmChartContainer - [EVENT] Normal [Pulled] Container image "docker.io/hivemq/hivemq-platform-operator-init-test:snapshot" already present on machine [helmcontainersecuritycontextupgradeplatformit:test-hivemq-platform-0]
2025-01-30 04:02:23,837 INFO c.h.h.t.HelmChartContainer - [EVENT] Normal [Created] Created container: hivemq-platform-operator-init [helmcontainersecuritycontextupgradeplatformit:test-hivemq-platform-0]
2025-01-30 04:02:23,876 INFO c.h.h.t.HelmChartContainer - [EVENT] Normal [Started] Started container hivemq-platform-operator-init [helmcontainersecuritycontextupgradeplatformit:test-hivemq-platform-0]
2025-01-30 04:02:24,391 INFO c.h.h.t.HelmChartContainer - [EVENT] Normal [Pulled] Container image "docker.io/hivemq/hivemq4:4.36.0" already present on machine [helmcontainersecuritycontextupgradeplatformit:test-hivemq-platform-0]
2025-01-30 04:02:24,391 INFO c.h.h.t.HelmChartContainer - Received Pulled event for container hivemq in pod test-hivemq-platform-0 [4254e54c-4dda-4844-a42b-ffd849119f53]
2025-01-30 04:02:24,407 INFO c.h.h.t.HelmChartContainer - [EVENT] Normal [Created] Created container: hivemq [helmcontainersecuritycontextupgradeplatformit:test-hivemq-platform-0]
2025-01-30 04:02:24,407 INFO c.h.h.t.HelmChartContainer - Received Created event for container hivemq in pod test-hivemq-platform-0 [4254e54c-4dda-4844-a42b-ffd849119f53]
2025-01-30 04:02:24,415 INFO c.h.h.t.HelmChartContainer - [POD] test-hivemq-platform-0 [4254e54c-4dda-4844-a42b-ffd849119f53] in helmcontainersecuritycontextupgradeplatformit was MODIFIED
2025-01-30 04:02:24,425 INFO c.h.h.t.HelmChartContainer - [hivemq-test-hivemq-platform] [hivemq-platform-operator] [ab01aa0e] 04:02:24.410 [pool-6-thread-30] DEBUG c.h.p.o.d.PlatformServiceResource - [helmcont] Desired Platform services (3 services)
2025-01-30 04:02:24,425 INFO c.h.h.t.HelmChartContainer - [hivemq-test-hivemq-platform] [hivemq-platform-operator] [ab01aa0e] 04:02:24.417 [pool-6-thread-28] DEBUG c.h.p.o.dependants.PodInfoConfigMap - [helmcont] Desired PodInfo ConfigMap (1 extensions) (1 enabled)
2025-01-30 04:02:24,425 INFO c.h.h.t.HelmChartContainer - [hivemq-test-hivemq-platform] [hivemq-platform-operator] [ab01aa0e] 04:02:24.417 [pool-6-thread-28] DEBUG c.h.p.o.dependants.PodInfoConfigMap - [helmcont] Desired PodInfo ConfigMap (metrics port: 9399) (metrics path: /)
2025-01-30 04:02:24,425 INFO c.h.h.t.HelmChartContainer - [hivemq-test-hivemq-platform] [hivemq-platform-operator] [ab01aa0e] 04:02:24.417 [pool-6-thread-28] DEBUG c.h.p.o.dependants.PodInfoConfigMap - [helmcont] Desired PodInfo ConfigMap (extension state hash: -1817474005)
2025-01-30 04:02:24,425 INFO c.h.h.t.HelmChartContainer - [hivemq-test-hivemq-platform] [hivemq-platform-operator] [ab01aa0e] 04:02:24.418 [pool-6-thread-28] DEBUG c.h.p.o.d.PodServiceAccountResource - [helmcont] Desired PodServiceAccountResource (serviceAccountName: hivemq-platform-pod-test-hivemq-platform)
2025-01-30 04:02:24,434 INFO c.h.h.t.HelmChartContainer - [hivemq-test-hivemq-platform] [hivemq-platform-operator] [ab01aa0e] 04:02:24.425 [pool-6-thread-28] DEBUG c.h.p.o.d.StatefulSetResource - [helmcont] Desired StatefulSet (2 replicas) for status ROLLING_RESTART (RESTART_PODS_IN_PROGRESS)
2025-01-30 04:02:24,434 INFO c.h.h.t.HelmChartContainer - [hivemq-test-hivemq-platform] [hivemq-platform-operator] [ab01aa0e] 04:02:24.430 [ReconcilerExecutor-hivemq-controller-140] INFO  c.h.p.o.HiveMQPlatformReconciler - [helmcont] Reconciling HiveMQ Platform 'test-hivemq-platform' in namespace 'helmcontainersecuritycontextupgradeplatformit'
2025-01-30 04:02:24,434 INFO c.h.h.t.HelmChartContainer - [hivemq-test-hivemq-platform] [hivemq-platform-operator] [ab01aa0e] 04:02:24.430 [ReconcilerExecutor-hivemq-controller-140] DEBUG c.h.p.o.HiveMQPlatformReconciler - [helmcont] Custom Resource Status ROLLING_RESTART - HiveMQ Platform is restarting Pods (rolling restart) (RESTART_PODS_IN_PROGRESS)
2025-01-30 04:02:24,434 INFO c.h.h.t.HelmChartContainer - [hivemq-test-hivemq-platform] [hivemq-platform-operator] [ab01aa0e] 04:02:24.430 [ReconcilerExecutor-hivemq-controller-140] DEBUG c.h.p.o.HiveMQPlatformReconciler - [helmcont] Custom Resource Spec (replicas: 1) (extensions: 1)
2025-01-30 04:02:24,434 INFO c.h.h.t.HelmChartContainer - [hivemq-test-hivemq-platform] [hivemq-platform-operator] [ab01aa0e] 04:02:24.431 [ReconcilerExecutor-hivemq-controller-140] DEBUG c.h.p.o.HiveMQPlatformReconciler - [helmcont] StatefulSet Status (revision: test-hivemq-platform-579f489c45, replicas: 2, available: 1, ready: 1, current: 0, updated: 2)
2025-01-30 04:02:24,434 INFO c.h.h.t.HelmChartContainer - [hivemq-test-hivemq-platform] [hivemq-platform-operator] [ab01aa0e] 04:02:24.431 [ReconcilerExecutor-hivemq-controller-140] DEBUG c.h.p.o.HiveMQPlatformReconciler - [helmcont] StatefulSet Spec (replicas: 2, init containers: 1, containers: 1, volumes: 3)
2025-01-30 04:02:24,438 INFO c.h.h.t.HelmChartContainer - [hivemq-test-hivemq-platform] [hivemq-platform-operator] [ab01aa0e] 04:02:24.432 [ReconcilerExecutor-hivemq-controller-140] DEBUG c.h.p.o.h.HiveMQPlatformReconcilerErrorHandler - [helmcont] Pod 'test-hivemq-platform-1' phase Running
2025-01-30 04:02:24,438 INFO c.h.h.t.HelmChartContainer - [hivemq-test-hivemq-platform] [hivemq-platform-operator] [ab01aa0e] 04:02:24.433 [ReconcilerExecutor-hivemq-controller-140] DEBUG c.h.p.o.h.HiveMQPlatformReconcilerErrorHandler - [helmcont] Pod 'test-hivemq-platform-0' phase Pending
2025-01-30 04:02:24,438 INFO c.h.h.t.HelmChartContainer - [hivemq-test-hivemq-platform] [hivemq-platform-operator] [ab01aa0e] 04:02:24.433 [ReconcilerExecutor-hivemq-controller-140] DEBUG c.h.p.o.h.HiveMQPlatformReconcilerErrorHandler - [helmcont] Pod 'test-hivemq-platform-0' condition 'PodReadyToStartContainers': True
2025-01-30 04:02:24,439 INFO c.h.h.t.HelmChartContainer - [hivemq-test-hivemq-platform] [hivemq-platform-operator] [ab01aa0e] 04:02:24.433 [ReconcilerExecutor-hivemq-controller-140] DEBUG c.h.p.o.h.HiveMQPlatformReconcilerErrorHandler - [helmcont] Pod 'test-hivemq-platform-0' condition 'Initialized': True
2025-01-30 04:02:24,439 INFO c.h.h.t.HelmChartContainer - [hivemq-test-hivemq-platform] [hivemq-platform-operator] [ab01aa0e] 04:02:24.434 [ReconcilerExecutor-hivemq-controller-140] DEBUG c.h.p.o.h.HiveMQPlatformReconcilerErrorHandler - [helmcont] Pod 'test-hivemq-platform-0' condition 'Ready': False
2025-01-30 04:02:24,439 INFO c.h.h.t.HelmChartContainer - [hivemq-test-hivemq-platform] [hivemq-platform-operator] [ab01aa0e] 04:02:24.434 [ReconcilerExecutor-hivemq-controller-140] DEBUG c.h.p.o.h.HiveMQPlatformReconcilerErrorHandler - [helmcont] Pod 'test-hivemq-platform-0' condition 'ContainersReady': False
2025-01-30 04:02:24,439 INFO c.h.h.t.HelmChartContainer - [hivemq-test-hivemq-platform] [hivemq-platform-operator] [ab01aa0e] 04:02:24.434 [ReconcilerExecutor-hivemq-controller-140] DEBUG c.h.p.o.h.HiveMQPlatformReconcilerErrorHandler - [helmcont] Pod 'test-hivemq-platform-0' condition 'PodScheduled': True
2025-01-30 04:02:24,439 INFO c.h.h.t.HelmChartContainer - [hivemq-test-hivemq-platform] [hivemq-platform-operator] [ab01aa0e] 04:02:24.434 [ReconcilerExecutor-hivemq-controller-140] DEBUG c.h.p.o.h.HiveMQPlatformReconcilerErrorHandler - [helmcont] Pod 'test-hivemq-platform-0' containerStatus 'hivemq' (started: false) (ready: false) (waiting: [PodInitializing] null)
2025-01-30 04:02:24,439 INFO c.h.h.t.HelmChartContainer - [hivemq-test-hivemq-platform] [hivemq-platform-operator] [ab01aa0e] 04:02:24.434 [ReconcilerExecutor-hivemq-controller-140] DEBUG c.h.p.o.h.HiveMQPlatformReconcilerRollingRestartHandler - [helmcont] Rolling restart is waiting for 1 of 2 replicas
2025-01-30 04:02:25,147 INFO c.h.h.t.HelmChartContainer - [K3S] [kubelet_volumes.go:163] "Cleaned up orphaned pod volumes dir" podUID="8dd543e0-503e-41dd-9b5e-d447731009ae" path="/var/lib/kubelet/pods/8dd543e0-503e-41dd-9b5e-d447731009ae/volumes"
2025-01-30 04:02:25,402 INFO c.h.h.t.HelmChartContainer - [POD] test-hivemq-platform-0 [4254e54c-4dda-4844-a42b-ffd849119f53] in helmcontainersecuritycontextupgradeplatformit was MODIFIED
2025-01-30 04:02:25,415 INFO c.h.h.t.HelmChartContainer - [hivemq-test-hivemq-platform] [hivemq-platform-operator] [ab01aa0e] 04:02:25.412 [pool-6-thread-38] DEBUG c.h.p.o.d.PlatformServiceResource - [helmcont] Desired Platform services (3 services)
2025-01-30 04:02:25,415 INFO c.h.h.t.HelmChartContainer - [hivemq-test-hivemq-platform] [hivemq-platform-operator] [ab01aa0e] 04:02:25.413 [pool-6-thread-35] DEBUG c.h.p.o.dependants.PodInfoConfigMap - [helmcont] Desired PodInfo ConfigMap (1 extensions) (1 enabled)
2025-01-30 04:02:25,415 INFO c.h.h.t.HelmChartContainer - [hivemq-test-hivemq-platform] [hivemq-platform-operator] [ab01aa0e] 04:02:25.413 [pool-6-thread-35] DEBUG c.h.p.o.dependants.PodInfoConfigMap - [helmcont] Desired PodInfo ConfigMap (metrics port: 9399) (metrics path: /)
2025-01-30 04:02:25,415 INFO c.h.h.t.HelmChartContainer - [hivemq-test-hivemq-platform] [hivemq-platform-operator] [ab01aa0e] 04:02:25.413 [pool-6-thread-35] DEBUG c.h.p.o.dependants.PodInfoConfigMap - [helmcont] Desired PodInfo ConfigMap (extension state hash: -1817474005)
2025-01-30 04:02:25,418 INFO c.h.h.t.HelmChartContainer - [hivemq-test-hivemq-platform] [hivemq-platform-operator] [ab01aa0e] 04:02:25.413 [pool-6-thread-31] DEBUG c.h.p.o.d.PodServiceAccountResource - [helmcont] Desired PodServiceAccountResource (serviceAccountName: hivemq-platform-pod-test-hivemq-platform)
2025-01-30 04:02:25,418 INFO c.h.h.t.HelmChartContainer - Started log watcher for hivemq in pod test-hivemq-platform-0 [4254e54c-4dda-4844-a42b-ffd849119f53]
2025-01-30 04:02:25,419 INFO c.h.h.t.HelmChartContainer - [test-hivemq-platform] [hivemq] [4254e54c] Adding pre-installed HiveMQ Platform Operator extensions
2025-01-30 04:02:25,419 INFO c.h.h.t.HelmChartContainer - [EVENT] Normal [Started] Started container hivemq [helmcontainersecuritycontextupgradeplatformit:test-hivemq-platform-0]
2025-01-30 04:02:25,419 INFO c.h.h.t.HelmChartContainer - Received Started event for container hivemq in pod test-hivemq-platform-0 [4254e54c-4dda-4844-a42b-ffd849119f53]
2025-01-30 04:02:25,420 INFO c.h.h.t.HelmChartContainer - [test-hivemq-platform] [hivemq] [4254e54c] Running as user 0
2025-01-30 04:02:25,421 INFO c.h.h.t.HelmChartContainer - [test-hivemq-platform] [hivemq] [4254e54c] Starting HiveMQ Platform Operator Init
2025-01-30 04:02:25,423 INFO c.h.h.t.HelmChartContainer - [hivemq-test-hivemq-platform] [hivemq-platform-operator] [ab01aa0e] 04:02:25.422 [pool-6-thread-38] DEBUG c.h.p.o.d.StatefulSetResource - [helmcont] Desired StatefulSet (2 replicas) for status ROLLING_RESTART (RESTART_PODS_IN_PROGRESS)
2025-01-30 04:02:25,427 INFO c.h.h.t.HelmChartContainer - [hivemq-test-hivemq-platform] [hivemq-platform-operator] [ab01aa0e] 04:02:25.425 [ReconcilerExecutor-hivemq-controller-141] INFO  c.h.p.o.HiveMQPlatformReconciler - [helmcont] Reconciling HiveMQ Platform 'test-hivemq-platform' in namespace 'helmcontainersecuritycontextupgradeplatformit'
2025-01-30 04:02:25,427 INFO c.h.h.t.HelmChartContainer - [hivemq-test-hivemq-platform] [hivemq-platform-operator] [ab01aa0e] 04:02:25.425 [ReconcilerExecutor-hivemq-controller-141] DEBUG c.h.p.o.HiveMQPlatformReconciler - [helmcont] Custom Resource Status ROLLING_RESTART - HiveMQ Platform is restarting Pods (rolling restart) (RESTART_PODS_IN_PROGRESS)
2025-01-30 04:02:25,429 INFO c.h.h.t.HelmChartContainer - [hivemq-test-hivemq-platform] [hivemq-platform-operator] [ab01aa0e] 04:02:25.425 [ReconcilerExecutor-hivemq-controller-141] DEBUG c.h.p.o.HiveMQPlatformReconciler - [helmcont] Custom Resource Spec (replicas: 1) (extensions: 1)
2025-01-30 04:02:25,429 INFO c.h.h.t.HelmChartContainer - [hivemq-test-hivemq-platform] [hivemq-platform-operator] [ab01aa0e] 04:02:25.427 [ReconcilerExecutor-hivemq-controller-141] DEBUG c.h.p.o.HiveMQPlatformReconciler - [helmcont] StatefulSet Status (revision: test-hivemq-platform-579f489c45, replicas: 2, available: 1, ready: 1, current: 0, updated: 2)
2025-01-30 04:02:25,429 INFO c.h.h.t.HelmChartContainer - [hivemq-test-hivemq-platform] [hivemq-platform-operator] [ab01aa0e] 04:02:25.427 [ReconcilerExecutor-hivemq-controller-141] DEBUG c.h.p.o.HiveMQPlatformReconciler - [helmcont] StatefulSet Spec (replicas: 2, init containers: 1, containers: 1, volumes: 3)
2025-01-30 04:02:25,429 INFO c.h.h.t.HelmChartContainer - [hivemq-test-hivemq-platform] [hivemq-platform-operator] [ab01aa0e] 04:02:25.428 [ReconcilerExecutor-hivemq-controller-141] DEBUG c.h.p.o.h.HiveMQPlatformReconcilerErrorHandler - [helmcont] Pod 'test-hivemq-platform-1' phase Running
2025-01-30 04:02:25,430 INFO c.h.h.t.HelmChartContainer - [hivemq-test-hivemq-platform] [hivemq-platform-operator] [ab01aa0e] 04:02:25.429 [ReconcilerExecutor-hivemq-controller-141] DEBUG c.h.p.o.h.HiveMQPlatformReconcilerErrorHandler - [helmcont] Pod 'test-hivemq-platform-0' phase Running
2025-01-30 04:02:25,431 INFO c.h.h.t.HelmChartContainer - [hivemq-test-hivemq-platform] [hivemq-platform-operator] [ab01aa0e] 04:02:25.429 [ReconcilerExecutor-hivemq-controller-141] DEBUG c.h.p.o.h.HiveMQPlatformReconcilerRollingRestartHandler - [helmcont] Rolling restart is waiting for 1 of 2 replicas
2025-01-30 04:02:25,698 INFO c.h.h.t.HelmChartContainer - [test-hivemq-platform] [hivemq] [4254e54c] INFO  - [HiveMQ Platform Operator Init 1.7.0-SNAPSHOT] HiveMQ Platform Operator Init 1.7.0-SNAPSHOT (commit: 47e3375 on branch: HEAD) built on Thu Jan 30 03:55:50 UTC 2025
2025-01-30 04:02:26,913 INFO c.h.h.t.HelmChartContainer - [test-hivemq-platform] [hivemq] [4254e54c] INFO  - [HiveMQ Platform Operator Init App 1.7.0-SNAPSHOT] Using bind address 10.42.0.8 from environment variable
2025-01-30 04:02:27,845 INFO c.h.h.t.HelmChartContainer - [test-hivemq-platform] [hivemq] [4254e54c] INFO  - [HiveMQ Platform Operator Init App 1.7.0-SNAPSHOT] HiveMQ Platform Operator Init App 1.7.0-SNAPSHOT (commit: 47e3375 on branch: HEAD) built on Thu Jan 30 03:55:50 UTC 2025
2025-01-30 04:02:27,845 INFO c.h.h.t.HelmChartContainer - [test-hivemq-platform] [hivemq] [4254e54c] INFO  - [HiveMQ Platform Operator Init App 1.7.0-SNAPSHOT] PodInfo ConfigMap directory: /etc/podinfo
2025-01-30 04:02:27,846 INFO c.h.h.t.HelmChartContainer - [test-hivemq-platform] [hivemq] [4254e54c] INFO  - [HiveMQ Platform Operator Init App 1.7.0-SNAPSHOT] HiveMQ home directory: /opt/hivemq
2025-01-30 04:02:27,846 INFO c.h.h.t.HelmChartContainer - [test-hivemq-platform] [hivemq] [4254e54c] INFO  - [HiveMQ Platform Operator Init App 1.7.0-SNAPSHOT] HiveMQ Logback folder: /opt/hivemq/conf
2025-01-30 04:02:27,846 INFO c.h.h.t.HelmChartContainer - [test-hivemq-platform] [hivemq] [4254e54c] INFO  - [HiveMQ Platform Operator Init App 1.7.0-SNAPSHOT] HiveMQ Config folder: /opt/hivemq/conf-k8s
2025-01-30 04:02:27,846 INFO c.h.h.t.HelmChartContainer - [test-hivemq-platform] [hivemq] [4254e54c] INFO  - [HiveMQ Platform Operator Init App 1.7.0-SNAPSHOT] Starting HiveMQ Platform Operator Init App
2025-01-30 04:02:27,846 INFO c.h.h.t.HelmChartContainer - [test-hivemq-platform] [hivemq] [4254e54c] INFO  - [HiveMQ Platform Operator Init App 1.7.0-SNAPSHOT] Starting Pod reconciler
2025-01-30 04:02:29,046 INFO c.h.h.t.HelmChartContainer - [test-hivemq-platform] [hivemq] [4254e54c] INFO  - [HiveMQ Platform Operator Init App 1.7.0-SNAPSHOT] Pod reconciler is scheduled (interval: 5000 ms)
2025-01-30 04:02:29,047 INFO c.h.h.t.HelmChartContainer - [test-hivemq-platform] [hivemq] [4254e54c] INFO  - [HiveMQ Platform Operator Init App 1.7.0-SNAPSHOT] Starting the REST API on 10.42.0.8:7979
2025-01-30 04:02:29,097 INFO c.h.h.t.HelmChartContainer - [test-hivemq-platform] [hivemq] [4254e54c] INFO  - [HiveMQ Platform Operator Init App 1.7.0-SNAPSHOT] Waiting up to 600s for at most 2 HiveMQ nodes in cluster service hivemq-test-hivemq-platform-cluster.helmcontainersecuritycontextupgradeplatformit.svc
2025-01-30 04:02:29,443 INFO c.h.h.t.HelmChartContainer - [test-hivemq-platform] [hivemq] [4254e54c] INFO  - [HiveMQ Platform Operator Init App 1.7.0-SNAPSHOT] Resolved 2 IP addresses: [10.42.0.7, 10.42.0.8]
2025-01-30 04:02:29,443 INFO c.h.h.t.HelmChartContainer - [test-hivemq-platform] [hivemq] [4254e54c] INFO  - [HiveMQ Platform Operator Init App 1.7.0-SNAPSHOT] HiveMQ node count of 2 is within threshold of 2
2025-01-30 04:02:29,443 INFO c.h.h.t.HelmChartContainer - [test-hivemq-platform] [hivemq] [4254e54c] INFO  - [HiveMQ Platform Operator Init App 1.7.0-SNAPSHOT] Waiting 15s for previous shutdown replication to finish...
2025-01-30 04:02:31,400 INFO c.h.h.t.HelmChartContainer - [test-hivemq-platform] [hivemq] [4254e54c] INFO  - [HiveMQ Platform Operator Init App 1.7.0-SNAPSHOT] Returning default Health API response 503 for readiness
2025-01-30 04:02:31,511 INFO c.h.h.t.HelmChartContainer - [EVENT] Warning [Unhealthy] Readiness probe failed: HTTP probe failed with statuscode: 503 [helmcontainersecuritycontextupgradeplatformit:test-hivemq-platform-0]
2025-01-30 04:02:31,511 INFO c.h.h.t.HelmChartContainer - Received Unhealthy event for container hivemq in pod test-hivemq-platform-0 [4254e54c-4dda-4844-a42b-ffd849119f53]
2025-01-30 04:02:35,435 INFO c.h.h.t.HelmChartContainer - [hivemq-test-hivemq-platform] [hivemq-platform-operator] [ab01aa0e] 04:02:35.433 [pool-6-thread-47] DEBUG c.h.p.o.dependants.PodInfoConfigMap - [helmcont] Desired PodInfo ConfigMap (1 extensions) (1 enabled)
2025-01-30 04:02:35,436 INFO c.h.h.t.HelmChartContainer - [hivemq-test-hivemq-platform] [hivemq-platform-operator] [ab01aa0e] 04:02:35.434 [pool-6-thread-47] DEBUG c.h.p.o.dependants.PodInfoConfigMap - [helmcont] Desired PodInfo ConfigMap (metrics port: 9399) (metrics path: /)
2025-01-30 04:02:35,437 INFO c.h.h.t.HelmChartContainer - [hivemq-test-hivemq-platform] [hivemq-platform-operator] [ab01aa0e] 04:02:35.433 [pool-6-thread-41] DEBUG c.h.p.o.d.PlatformServiceResource - [helmcont] Desired Platform services (3 services)
2025-01-30 04:02:35,437 INFO c.h.h.t.HelmChartContainer - [hivemq-test-hivemq-platform] [hivemq-platform-operator] [ab01aa0e] 04:02:35.435 [pool-6-thread-47] DEBUG c.h.p.o.dependants.PodInfoConfigMap - [helmcont] Desired PodInfo ConfigMap (extension state hash: -1817474005)
2025-01-30 04:02:35,438 INFO c.h.h.t.HelmChartContainer - [hivemq-test-hivemq-platform] [hivemq-platform-operator] [ab01aa0e] 04:02:35.434 [pool-6-thread-45] DEBUG c.h.p.o.d.PodServiceAccountResource - [helmcont] Desired PodServiceAccountResource (serviceAccountName: hivemq-platform-pod-test-hivemq-platform)
2025-01-30 04:02:35,439 INFO c.h.h.t.HelmChartContainer - [hivemq-test-hivemq-platform] [hivemq-platform-operator] [ab01aa0e] 04:02:35.438 [pool-6-thread-41] DEBUG c.h.p.o.d.StatefulSetResource - [helmcont] Desired StatefulSet (2 replicas) for status ROLLING_RESTART (RESTART_PODS_IN_PROGRESS)
2025-01-30 04:02:35,446 INFO c.h.h.t.HelmChartContainer - [hivemq-test-hivemq-platform] [hivemq-platform-operator] [ab01aa0e] 04:02:35.442 [ReconcilerExecutor-hivemq-controller-142] INFO  c.h.p.o.HiveMQPlatformReconciler - [helmcont] Reconciling HiveMQ Platform 'test-hivemq-platform' in namespace 'helmcontainersecuritycontextupgradeplatformit'
2025-01-30 04:02:35,447 INFO c.h.h.t.HelmChartContainer - [hivemq-test-hivemq-platform] [hivemq-platform-operator] [ab01aa0e] 04:02:35.442 [ReconcilerExecutor-hivemq-controller-142] DEBUG c.h.p.o.HiveMQPlatformReconciler - [helmcont] Custom Resource Status ROLLING_RESTART - HiveMQ Platform is restarting Pods (rolling restart) (RESTART_PODS_IN_PROGRESS)
2025-01-30 04:02:35,447 INFO c.h.h.t.HelmChartContainer - [hivemq-test-hivemq-platform] [hivemq-platform-operator] [ab01aa0e] 04:02:35.442 [ReconcilerExecutor-hivemq-controller-142] DEBUG c.h.p.o.HiveMQPlatformReconciler - [helmcont] Custom Resource Spec (replicas: 1) (extensions: 1)
2025-01-30 04:02:35,447 INFO c.h.h.t.HelmChartContainer - [hivemq-test-hivemq-platform] [hivemq-platform-operator] [ab01aa0e] 04:02:35.443 [ReconcilerExecutor-hivemq-controller-142] DEBUG c.h.p.o.HiveMQPlatformReconciler - [helmcont] StatefulSet Status (revision: test-hivemq-platform-579f489c45, replicas: 2, available: 1, ready: 1, current: 0, updated: 2)
2025-01-30 04:02:35,447 INFO c.h.h.t.HelmChartContainer - [hivemq-test-hivemq-platform] [hivemq-platform-operator] [ab01aa0e] 04:02:35.443 [ReconcilerExecutor-hivemq-controller-142] DEBUG c.h.p.o.HiveMQPlatformReconciler - [helmcont] StatefulSet Spec (replicas: 2, init containers: 1, containers: 1, volumes: 3)
2025-01-30 04:02:35,448 INFO c.h.h.t.HelmChartContainer - [hivemq-test-hivemq-platform] [hivemq-platform-operator] [ab01aa0e] 04:02:35.444 [ReconcilerExecutor-hivemq-controller-142] DEBUG c.h.p.o.h.HiveMQPlatformReconcilerErrorHandler - [helmcont] Pod 'test-hivemq-platform-1' phase Running
2025-01-30 04:02:35,450 INFO c.h.h.t.HelmChartContainer - [hivemq-test-hivemq-platform] [hivemq-platform-operator] [ab01aa0e] 04:02:35.449 [ReconcilerExecutor-hivemq-controller-142] DEBUG c.h.p.o.h.HiveMQPlatformReconcilerErrorHandler - [helmcont] Pod 'test-hivemq-platform-0' phase Running
2025-01-30 04:02:35,452 INFO c.h.h.t.HelmChartContainer - [hivemq-test-hivemq-platform] [hivemq-platform-operator] [ab01aa0e] 04:02:35.450 [ReconcilerExecutor-hivemq-controller-142] DEBUG c.h.p.o.h.HiveMQPlatformReconcilerRollingRestartHandler - [helmcont] Rolling restart is waiting for 1 of 2 replicas
2025-01-30 04:02:36,352 INFO c.h.h.t.HelmChartContainer - [test-hivemq-platform] [hivemq] [4254e54c] INFO  - [HiveMQ Platform Operator Init App 1.7.0-SNAPSHOT] Updating Pod HiveMQ Platform Operator Init App version annotation (version: 1.7.0-SNAPSHOT)
2025-01-30 04:02:36,445 INFO c.h.h.t.HelmChartContainer - [EVENT] Warning [Unhealthy] Readiness probe failed: HTTP probe failed with statuscode: 503 [helmcontainersecuritycontextupgradeplatformit:test-hivemq-platform-0]
2025-01-30 04:02:36,445 INFO c.h.h.t.HelmChartContainer - Received Unhealthy event for container hivemq in pod test-hivemq-platform-0 [4254e54c-4dda-4844-a42b-ffd849119f53]
2025-01-30 04:02:36,757 INFO c.h.h.t.HelmChartContainer - [POD] test-hivemq-platform-0 [4254e54c-4dda-4844-a42b-ffd849119f53] in helmcontainersecuritycontextupgradeplatformit was MODIFIED
2025-01-30 04:02:36,761 INFO c.h.h.t.HelmChartContainer - [test-hivemq-platform] [hivemq] [4254e54c] INFO  - [HiveMQ Platform Operator Init App 1.7.0-SNAPSHOT] Successfully updated Pod HiveMQ Platform Operator Init App version annotation (version: 1.7.0-SNAPSHOT)
2025-01-30 04:02:36,765 INFO c.h.h.t.HelmChartContainer - [hivemq-test-hivemq-platform] [hivemq-platform-operator] [ab01aa0e] 04:02:36.761 [pool-6-thread-10] DEBUG c.h.p.o.d.PlatformServiceResource - [helmcont] Desired Platform services (3 services)
2025-01-30 04:02:36,765 INFO c.h.h.t.HelmChartContainer - [hivemq-test-hivemq-platform] [hivemq-platform-operator] [ab01aa0e] 04:02:36.763 [pool-6-thread-3] DEBUG c.h.p.o.dependants.PodInfoConfigMap - [helmcont] Desired PodInfo ConfigMap (1 extensions) (1 enabled)
2025-01-30 04:02:36,765 INFO c.h.h.t.HelmChartContainer - [hivemq-test-hivemq-platform] [hivemq-platform-operator] [ab01aa0e] 04:02:36.763 [pool-6-thread-3] DEBUG c.h.p.o.dependants.PodInfoConfigMap - [helmcont] Desired PodInfo ConfigMap (metrics port: 9399) (metrics path: /)
2025-01-30 04:02:36,765 INFO c.h.h.t.HelmChartContainer - [hivemq-test-hivemq-platform] [hivemq-platform-operator] [ab01aa0e] 04:02:36.763 [pool-6-thread-3] DEBUG c.h.p.o.dependants.PodInfoConfigMap - [helmcont] Desired PodInfo ConfigMap (extension state hash: -1817474005)
2025-01-30 04:02:36,767 INFO c.h.h.t.HelmChartContainer - [hivemq-test-hivemq-platform] [hivemq-platform-operator] [ab01aa0e] 04:02:36.764 [pool-6-thread-6] DEBUG c.h.p.o.d.PodServiceAccountResource - [helmcont] Desired PodServiceAccountResource (serviceAccountName: hivemq-platform-pod-test-hivemq-platform)
2025-01-30 04:02:36,770 INFO c.h.h.t.HelmChartContainer - [EVENT] Warning [Unhealthy] Readiness probe failed: HTTP probe failed with statuscode: 503 [helmcontainersecuritycontextupgradeplatformit:test-hivemq-platform-0]
2025-01-30 04:02:36,770 INFO c.h.h.t.HelmChartContainer - Received Unhealthy event for container hivemq in pod test-hivemq-platform-0 [4254e54c-4dda-4844-a42b-ffd849119f53]
2025-01-30 04:02:36,771 INFO c.h.h.t.HelmChartContainer - [hivemq-test-hivemq-platform] [hivemq-platform-operator] [ab01aa0e] 04:02:36.770 [pool-6-thread-10] DEBUG c.h.p.o.d.StatefulSetResource - [helmcont] Desired StatefulSet (2 replicas) for status ROLLING_RESTART (RESTART_PODS_IN_PROGRESS)
2025-01-30 04:02:36,774 INFO c.h.h.t.HelmChartContainer - [hivemq-test-hivemq-platform] [hivemq-platform-operator] [ab01aa0e] 04:02:36.773 [ReconcilerExecutor-hivemq-controller-143] INFO  c.h.p.o.HiveMQPlatformReconciler - [helmcont] Reconciling HiveMQ Platform 'test-hivemq-platform' in namespace 'helmcontainersecuritycontextupgradeplatformit'
2025-01-30 04:02:36,775 INFO c.h.h.t.HelmChartContainer - [hivemq-test-hivemq-platform] [hivemq-platform-operator] [ab01aa0e] 04:02:36.773 [ReconcilerExecutor-hivemq-controller-143] DEBUG c.h.p.o.HiveMQPlatformReconciler - [helmcont] Custom Resource Status ROLLING_RESTART - HiveMQ Platform is restarting Pods (rolling restart) (RESTART_PODS_IN_PROGRESS)
2025-01-30 04:02:36,775 INFO c.h.h.t.HelmChartContainer - [hivemq-test-hivemq-platform] [hivemq-platform-operator] [ab01aa0e] 04:02:36.773 [ReconcilerExecutor-hivemq-controller-143] DEBUG c.h.p.o.HiveMQPlatformReconciler - [helmcont] Custom Resource Spec (replicas: 1) (extensions: 1)
2025-01-30 04:02:36,776 INFO c.h.h.t.HelmChartContainer - [hivemq-test-hivemq-platform] [hivemq-platform-operator] [ab01aa0e] 04:02:36.774 [ReconcilerExecutor-hivemq-controller-143] DEBUG c.h.p.o.HiveMQPlatformReconciler - [helmcont] StatefulSet Status (revision: test-hivemq-platform-579f489c45, replicas: 2, available: 1, ready: 1, current: 0, updated: 2)
2025-01-30 04:02:36,776 INFO c.h.h.t.HelmChartContainer - [hivemq-test-hivemq-platform] [hivemq-platform-operator] [ab01aa0e] 04:02:36.774 [ReconcilerExecutor-hivemq-controller-143] DEBUG c.h.p.o.HiveMQPlatformReconciler - [helmcont] StatefulSet Spec (replicas: 2, init containers: 1, containers: 1, volumes: 3)
2025-01-30 04:02:36,776 INFO c.h.h.t.HelmChartContainer - [hivemq-test-hivemq-platform] [hivemq-platform-operator] [ab01aa0e] 04:02:36.776 [ReconcilerExecutor-hivemq-controller-143] DEBUG c.h.p.o.h.HiveMQPlatformReconcilerErrorHandler - [helmcont] Pod 'test-hivemq-platform-1' phase Running
2025-01-30 04:02:36,777 INFO c.h.h.t.HelmChartContainer - [hivemq-test-hivemq-platform] [hivemq-platform-operator] [ab01aa0e] 04:02:36.777 [ReconcilerExecutor-hivemq-controller-143] DEBUG c.h.p.o.h.HiveMQPlatformReconcilerErrorHandler - [helmcont] Pod 'test-hivemq-platform-0' phase Running
2025-01-30 04:02:36,778 INFO c.h.h.t.HelmChartContainer - [hivemq-test-hivemq-platform] [hivemq-platform-operator] [ab01aa0e] 04:02:36.777 [ReconcilerExecutor-hivemq-controller-143] DEBUG c.h.p.o.h.HiveMQPlatformReconcilerRollingRestartHandler - [helmcont] Rolling restart is waiting for 1 of 2 replicas
2025-01-30 04:02:41,767 INFO c.h.h.t.HelmChartContainer - [EVENT] Warning [Unhealthy] Readiness probe failed: HTTP probe failed with statuscode: 503 [helmcontainersecuritycontextupgradeplatformit:test-hivemq-platform-0]
2025-01-30 04:02:41,768 INFO c.h.h.t.HelmChartContainer - Received Unhealthy event for container hivemq in pod test-hivemq-platform-0 [4254e54c-4dda-4844-a42b-ffd849119f53]
2025-01-30 04:02:44,444 INFO c.h.h.t.HelmChartContainer - [test-hivemq-platform] [hivemq] [4254e54c] INFO  - [HiveMQ Platform Operator Init App 1.7.0-SNAPSHOT] Proceeding with container start
2025-01-30 04:02:44,447 INFO c.h.h.t.HelmChartContainer - [test-hivemq-platform] [hivemq] [4254e54c] INFO  - [HiveMQ Platform Operator Init App 1.7.0-SNAPSHOT] Initializing HiveMQ Platform extensions with initial configuration: {hivemq-allow-all-extension={start-priority=-1, skip-https-hostname-verification=false, restart=true, config-version=0, header-version=0, c-uri=, priority=-1, uri=preinstalled, skip-https-certificate-validation=false, enabled=true}, hivemq-prometheus-extension={enabled=true, restart=true, priority=-1, start-priority=-1, c-uri=, skip-https-hostname-verification=false, skip-https-certificate-validation=false, uri=preinstalled, request-header-path=no-request-headers}}
2025-01-30 04:02:44,948 INFO c.h.h.t.HelmChartContainer - [test-hivemq-platform] [hivemq] [4254e54c] INFO  - [HiveMQ Platform Operator Init App 1.7.0-SNAPSHOT] Extension hivemq-allow-all-extension was already enabled
2025-01-30 04:02:44,959 INFO c.h.h.t.HelmChartContainer - [test-hivemq-platform] [hivemq] [4254e54c] INFO  - [HiveMQ Platform Operator Init App 1.7.0-SNAPSHOT] Successfully enabled extension hivemq-prometheus-extension
2025-01-30 04:02:44,961 INFO c.h.h.t.HelmChartContainer - [test-hivemq-platform] [hivemq] [4254e54c] INFO  - [HiveMQ Platform Operator Init App 1.7.0-SNAPSHOT] Starting HiveMQ Platform version 4.36.0 (4.36.0)
2025-01-30 04:02:44,961 INFO c.h.h.t.HelmChartContainer - [test-hivemq-platform] [hivemq] [4254e54c] INFO  - [HiveMQ Platform Operator Init App 1.7.0-SNAPSHOT] Configuring the HiveMQ Platform
2025-01-30 04:02:45,050 INFO c.h.h.t.HelmChartContainer - [test-hivemq-platform] [hivemq] [4254e54c] INFO  - [HiveMQ Platform Operator Init App 1.7.0-SNAPSHOT] Changed logback.xml file scan period to 20 seconds
2025-01-30 04:02:45,142 INFO c.h.h.t.HelmChartContainer - [test-hivemq-platform] [hivemq] [4254e54c] INFO  - [HiveMQ Platform Operator Init App 1.7.0-SNAPSHOT] Starting the HiveMQ Platform
2025-01-30 04:02:45,145 INFO c.h.h.t.HelmChartContainer - [test-hivemq-platform] [hivemq] [4254e54c] -------------------------------------------------------------------------
2025-01-30 04:02:45,145 INFO c.h.h.t.HelmChartContainer - [test-hivemq-platform] [hivemq] [4254e54c] 
2025-01-30 04:02:45,145 INFO c.h.h.t.HelmChartContainer - [test-hivemq-platform] [hivemq] [4254e54c]                   _    _  _              __  __   ____
2025-01-30 04:02:45,145 INFO c.h.h.t.HelmChartContainer - [test-hivemq-platform] [hivemq] [4254e54c]                  | |  | |(_)            |  \/  | / __ \
2025-01-30 04:02:45,145 INFO c.h.h.t.HelmChartContainer - [test-hivemq-platform] [hivemq] [4254e54c]                  | |__| | _ __   __ ___ | \  / || |  | |
2025-01-30 04:02:45,145 INFO c.h.h.t.HelmChartContainer - [test-hivemq-platform] [hivemq] [4254e54c]                  |  __  || |\ \ / // _ \| |\/| || |  | |
2025-01-30 04:02:45,145 INFO c.h.h.t.HelmChartContainer - [test-hivemq-platform] [hivemq] [4254e54c]                  | |  | || | \ V /|  __/| |  | || |__| |
2025-01-30 04:02:45,146 INFO c.h.h.t.HelmChartContainer - [test-hivemq-platform] [hivemq] [4254e54c]                  |_|  |_||_|  \_/  \___||_|  |_| \___\_\
2025-01-30 04:02:45,146 INFO c.h.h.t.HelmChartContainer - [test-hivemq-platform] [hivemq] [4254e54c] 
2025-01-30 04:02:45,146 INFO c.h.h.t.HelmChartContainer - [test-hivemq-platform] [hivemq] [4254e54c] -------------------------------------------------------------------------
2025-01-30 04:02:45,146 INFO c.h.h.t.HelmChartContainer - [test-hivemq-platform] [hivemq] [4254e54c] 
2025-01-30 04:02:45,146 INFO c.h.h.t.HelmChartContainer - [test-hivemq-platform] [hivemq] [4254e54c]   HiveMQ Start Script for Linux/Unix v1.14
2025-01-30 04:02:45,146 INFO c.h.h.t.HelmChartContainer - [test-hivemq-platform] [hivemq] [4254e54c] 
2025-01-30 04:02:45,241 INFO c.h.h.t.HelmChartContainer - [test-hivemq-platform] [hivemq] [4254e54c] -------------------------------------------------------------------------
2025-01-30 04:02:45,242 INFO c.h.h.t.HelmChartContainer - [test-hivemq-platform] [hivemq] [4254e54c] 
2025-01-30 04:02:45,242 INFO c.h.h.t.HelmChartContainer - [test-hivemq-platform] [hivemq] [4254e54c]   HIVEMQ_HOME: /opt/hivemq
2025-01-30 04:02:45,242 INFO c.h.h.t.HelmChartContainer - [test-hivemq-platform] [hivemq] [4254e54c] 
2025-01-30 04:02:45,242 INFO c.h.h.t.HelmChartContainer - [test-hivemq-platform] [hivemq] [4254e54c]   JAVA_OPTS: -XX:+UnlockExperimentalVMOptions -XX:InitialRAMPercentage=50 -XX:MaxRAMPercentage=50 -Djava.net.preferIPv4Stack=true --add-opens java.base/java.lang=ALL-UNNAMED --add-opens java.base/java.nio=ALL-UNNAMED --add-opens java.base/sun.nio.ch=ALL-UNNAMED --add-opens jdk.management/com.sun.management.internal=ALL-UNNAMED --add-exports java.base/jdk.internal.misc=ALL-UNNAMED -Djava.security.egd=file:/dev/./urandom -Dcom.sun.management.jmxremote -Dcom.sun.management.jmxremote.port=9010 -Dcom.sun.management.jmxremote.local.only=false -Dcom.sun.management.jmxremote.authenticate=false -Dcom.sun.management.jmxremote.ssl=false -Duser.language=en -Duser.region=US -XX:+CrashOnOutOfMemoryError -XX:+HeapDumpOnOutOfMemoryError
2025-01-30 04:02:45,242 INFO c.h.h.t.HelmChartContainer - [test-hivemq-platform] [hivemq] [4254e54c] 
2025-01-30 04:02:45,242 INFO c.h.h.t.HelmChartContainer - [test-hivemq-platform] [hivemq] [4254e54c]   JAVA_VERSION: 21
2025-01-30 04:02:45,242 INFO c.h.h.t.HelmChartContainer - [test-hivemq-platform] [hivemq] [4254e54c] 
2025-01-30 04:02:45,242 INFO c.h.h.t.HelmChartContainer - [test-hivemq-platform] [hivemq] [4254e54c] -------------------------------------------------------------------------
2025-01-30 04:02:45,242 INFO c.h.h.t.HelmChartContainer - [test-hivemq-platform] [hivemq] [4254e54c] 
2025-01-30 04:02:46,782 INFO c.h.h.t.HelmChartContainer - [hivemq-test-hivemq-platform] [hivemq-platform-operator] [ab01aa0e] 04:02:46.780 [pool-6-thread-17] DEBUG c.h.p.o.d.PlatformServiceResource - [helmcont] Desired Platform services (3 services)
2025-01-30 04:02:46,782 INFO c.h.h.t.HelmChartContainer - [hivemq-test-hivemq-platform] [hivemq-platform-operator] [ab01aa0e] 04:02:46.780 [pool-6-thread-16] DEBUG c.h.p.o.d.PodServiceAccountResource - [helmcont] Desired PodServiceAccountResource (serviceAccountName: hivemq-platform-pod-test-hivemq-platform)
2025-01-30 04:02:46,783 INFO c.h.h.t.HelmChartContainer - [hivemq-test-hivemq-platform] [hivemq-platform-operator] [ab01aa0e] 04:02:46.780 [pool-6-thread-15] DEBUG c.h.p.o.dependants.PodInfoConfigMap - [helmcont] Desired PodInfo ConfigMap (1 extensions) (1 enabled)
2025-01-30 04:02:46,783 INFO c.h.h.t.HelmChartContainer - [hivemq-test-hivemq-platform] [hivemq-platform-operator] [ab01aa0e] 04:02:46.782 [pool-6-thread-15] DEBUG c.h.p.o.dependants.PodInfoConfigMap - [helmcont] Desired PodInfo ConfigMap (metrics port: 9399) (metrics path: /)
2025-01-30 04:02:46,783 INFO c.h.h.t.HelmChartContainer - [hivemq-test-hivemq-platform] [hivemq-platform-operator] [ab01aa0e] 04:02:46.782 [pool-6-thread-15] DEBUG c.h.p.o.dependants.PodInfoConfigMap - [helmcont] Desired PodInfo ConfigMap (extension state hash: -1817474005)
2025-01-30 04:02:46,785 INFO c.h.h.t.HelmChartContainer - [hivemq-test-hivemq-platform] [hivemq-platform-operator] [ab01aa0e] 04:02:46.784 [pool-6-thread-17] DEBUG c.h.p.o.d.StatefulSetResource - [helmcont] Desired StatefulSet (2 replicas) for status ROLLING_RESTART (RESTART_PODS_IN_PROGRESS)
2025-01-30 04:02:46,787 INFO c.h.h.t.HelmChartContainer - [hivemq-test-hivemq-platform] [hivemq-platform-operator] [ab01aa0e] 04:02:46.786 [ReconcilerExecutor-hivemq-controller-144] INFO  c.h.p.o.HiveMQPlatformReconciler - [helmcont] Reconciling HiveMQ Platform 'test-hivemq-platform' in namespace 'helmcontainersecuritycontextupgradeplatformit'
2025-01-30 04:02:46,788 INFO c.h.h.t.HelmChartContainer - [hivemq-test-hivemq-platform] [hivemq-platform-operator] [ab01aa0e] 04:02:46.786 [ReconcilerExecutor-hivemq-controller-144] DEBUG c.h.p.o.HiveMQPlatformReconciler - [helmcont] Custom Resource Status ROLLING_RESTART - HiveMQ Platform is restarting Pods (rolling restart) (RESTART_PODS_IN_PROGRESS)
2025-01-30 04:02:46,788 INFO c.h.h.t.HelmChartContainer - [hivemq-test-hivemq-platform] [hivemq-platform-operator] [ab01aa0e] 04:02:46.786 [ReconcilerExecutor-hivemq-controller-144] DEBUG c.h.p.o.HiveMQPlatformReconciler - [helmcont] Custom Resource Spec (replicas: 1) (extensions: 1)
2025-01-30 04:02:46,789 INFO c.h.h.t.HelmChartContainer - [hivemq-test-hivemq-platform] [hivemq-platform-operator] [ab01aa0e] 04:02:46.788 [ReconcilerExecutor-hivemq-controller-144] DEBUG c.h.p.o.HiveMQPlatformReconciler - [helmcont] StatefulSet Status (revision: test-hivemq-platform-579f489c45, replicas: 2, available: 1, ready: 1, current: 0, updated: 2)
2025-01-30 04:02:46,789 INFO c.h.h.t.HelmChartContainer - [hivemq-test-hivemq-platform] [hivemq-platform-operator] [ab01aa0e] 04:02:46.788 [ReconcilerExecutor-hivemq-controller-144] DEBUG c.h.p.o.HiveMQPlatformReconciler - [helmcont] StatefulSet Spec (replicas: 2, init containers: 1, containers: 1, volumes: 3)
2025-01-30 04:02:46,790 INFO c.h.h.t.HelmChartContainer - [hivemq-test-hivemq-platform] [hivemq-platform-operator] [ab01aa0e] 04:02:46.789 [ReconcilerExecutor-hivemq-controller-144] DEBUG c.h.p.o.h.HiveMQPlatformReconcilerErrorHandler - [helmcont] Pod 'test-hivemq-platform-1' phase Running
2025-01-30 04:02:46,791 INFO c.h.h.t.HelmChartContainer - [hivemq-test-hivemq-platform] [hivemq-platform-operator] [ab01aa0e] 04:02:46.790 [ReconcilerExecutor-hivemq-controller-144] DEBUG c.h.p.o.h.HiveMQPlatformReconcilerErrorHandler - [helmcont] Pod 'test-hivemq-platform-0' phase Running
2025-01-30 04:02:46,791 INFO c.h.h.t.HelmChartContainer - [hivemq-test-hivemq-platform] [hivemq-platform-operator] [ab01aa0e] 04:02:46.790 [ReconcilerExecutor-hivemq-controller-144] DEBUG c.h.p.o.h.HiveMQPlatformReconcilerRollingRestartHandler - [helmcont] Rolling restart is waiting for 1 of 2 replicas
2025-01-30 04:02:46,848 INFO c.h.h.t.HelmChartContainer - [EVENT] Warning [Unhealthy] Readiness probe failed: HTTP probe failed with statuscode: 503 [helmcontainersecuritycontextupgradeplatformit:test-hivemq-platform-0]
2025-01-30 04:02:46,848 INFO c.h.h.t.HelmChartContainer - Received Unhealthy event for container hivemq in pod test-hivemq-platform-0 [4254e54c-4dda-4844-a42b-ffd849119f53]
2025-01-30 04:02:47,749 INFO c.h.h.t.HelmChartContainer - [test-hivemq-platform] [hivemq] [4254e54c] INFO  - Starting HiveMQ Enterprise Server
2025-01-30 04:02:47,754 INFO c.h.h.t.HelmChartContainer - [test-hivemq-platform] [hivemq] [4254e54c] INFO  - HiveMQ version: 4.36.0
2025-01-30 04:02:47,755 INFO c.h.h.t.HelmChartContainer - [test-hivemq-platform] [hivemq] [4254e54c] INFO  - HiveMQ home directory: /opt/hivemq
2025-01-30 04:02:47,755 INFO c.h.h.t.HelmChartContainer - [test-hivemq-platform] [hivemq] [4254e54c] INFO  - Log Configuration was overridden by /opt/hivemq/conf/logback.xml
2025-01-30 04:02:49,056 INFO c.h.h.t.HelmChartContainer - [test-hivemq-platform] [hivemq] [4254e54c] INFO  - Successfully loaded configuration from '/opt/hivemq/conf-k8s/config.xml'.
2025-01-30 04:02:49,447 INFO c.h.h.t.HelmChartContainer - [test-hivemq-platform] [hivemq] [4254e54c] INFO  - This node's ID is f0uNw
2025-01-30 04:02:49,447 INFO c.h.h.t.HelmChartContainer - [test-hivemq-platform] [hivemq] [4254e54c] INFO  - Clustering is enabled
2025-01-30 04:02:52,150 INFO c.h.h.t.HelmChartContainer - [test-hivemq-platform] [hivemq] [4254e54c] WARN  - [HiveMQ Platform Operator Init App 1.7.0-SNAPSHOT] Cannot connect to Health API for readiness: null
2025-01-30 04:02:52,155 INFO c.h.h.t.HelmChartContainer - [EVENT] Warning [Unhealthy] Readiness probe failed: HTTP probe failed with statuscode: 503 [helmcontainersecuritycontextupgradeplatformit:test-hivemq-platform-0]
2025-01-30 04:02:52,155 INFO c.h.h.t.HelmChartContainer - Received Unhealthy event for container hivemq in pod test-hivemq-platform-0 [4254e54c-4dda-4844-a42b-ffd849119f53]
2025-01-30 04:02:53,743 INFO c.h.h.t.HelmChartContainer - [test-hivemq-platform] [hivemq] [4254e54c] WARN  - [HiveMQ Platform Operator Init App 1.7.0-SNAPSHOT] Cannot connect to Health API for liveness: null
2025-01-30 04:02:53,743 INFO c.h.h.t.HelmChartContainer - [test-hivemq-platform] [hivemq] [4254e54c] INFO  - [HiveMQ Platform Operator Init App 1.7.0-SNAPSHOT] Returning default Health API response 200 for liveness
2025-01-30 04:02:56,799 INFO c.h.h.t.HelmChartContainer - [hivemq-test-hivemq-platform] [hivemq-platform-operator] [ab01aa0e] 04:02:56.793 [pool-6-thread-24] DEBUG c.h.p.o.d.PlatformServiceResource - [helmcont] Desired Platform services (3 services)
2025-01-30 04:02:56,800 INFO c.h.h.t.HelmChartContainer - [hivemq-test-hivemq-platform] [hivemq-platform-operator] [ab01aa0e] 04:02:56.793 [pool-6-thread-21] DEBUG c.h.p.o.d.PodServiceAccountResource - [helmcont] Desired PodServiceAccountResource (serviceAccountName: hivemq-platform-pod-test-hivemq-platform)
2025-01-30 04:02:56,800 INFO c.h.h.t.HelmChartContainer - [hivemq-test-hivemq-platform] [hivemq-platform-operator] [ab01aa0e] 04:02:56.795 [pool-6-thread-30] DEBUG c.h.p.o.dependants.PodInfoConfigMap - [helmcont] Desired PodInfo ConfigMap (1 extensions) (1 enabled)
2025-01-30 04:02:56,800 INFO c.h.h.t.HelmChartContainer - [hivemq-test-hivemq-platform] [hivemq-platform-operator] [ab01aa0e] 04:02:56.795 [pool-6-thread-30] DEBUG c.h.p.o.dependants.PodInfoConfigMap - [helmcont] Desired PodInfo ConfigMap (metrics port: 9399) (metrics path: /)
2025-01-30 04:02:56,800 INFO c.h.h.t.HelmChartContainer - [hivemq-test-hivemq-platform] [hivemq-platform-operator] [ab01aa0e] 04:02:56.795 [pool-6-thread-30] DEBUG c.h.p.o.dependants.PodInfoConfigMap - [helmcont] Desired PodInfo ConfigMap (extension state hash: -1817474005)
2025-01-30 04:02:56,800 INFO c.h.h.t.HelmChartContainer - [hivemq-test-hivemq-platform] [hivemq-platform-operator] [ab01aa0e] 04:02:56.797 [pool-6-thread-24] DEBUG c.h.p.o.d.StatefulSetResource - [helmcont] Desired StatefulSet (2 replicas) for status ROLLING_RESTART (RESTART_PODS_IN_PROGRESS)
2025-01-30 04:02:56,804 INFO c.h.h.t.HelmChartContainer - [hivemq-test-hivemq-platform] [hivemq-platform-operator] [ab01aa0e] 04:02:56.803 [ReconcilerExecutor-hivemq-controller-145] INFO  c.h.p.o.HiveMQPlatformReconciler - [helmcont] Reconciling HiveMQ Platform 'test-hivemq-platform' in namespace 'helmcontainersecuritycontextupgradeplatformit'
2025-01-30 04:02:56,804 INFO c.h.h.t.HelmChartContainer - [hivemq-test-hivemq-platform] [hivemq-platform-operator] [ab01aa0e] 04:02:56.803 [ReconcilerExecutor-hivemq-controller-145] DEBUG c.h.p.o.HiveMQPlatformReconciler - [helmcont] Custom Resource Status ROLLING_RESTART - HiveMQ Platform is restarting Pods (rolling restart) (RESTART_PODS_IN_PROGRESS)
2025-01-30 04:02:56,805 INFO c.h.h.t.HelmChartContainer - [hivemq-test-hivemq-platform] [hivemq-platform-operator] [ab01aa0e] 04:02:56.803 [ReconcilerExecutor-hivemq-controller-145] DEBUG c.h.p.o.HiveMQPlatformReconciler - [helmcont] Custom Resource Spec (replicas: 1) (extensions: 1)
2025-01-30 04:02:56,805 INFO c.h.h.t.HelmChartContainer - [hivemq-test-hivemq-platform] [hivemq-platform-operator] [ab01aa0e] 04:02:56.804 [ReconcilerExecutor-hivemq-controller-145] DEBUG c.h.p.o.HiveMQPlatformReconciler - [helmcont] StatefulSet Status (revision: test-hivemq-platform-579f489c45, replicas: 2, available: 1, ready: 1, current: 0, updated: 2)
2025-01-30 04:02:56,805 INFO c.h.h.t.HelmChartContainer - [hivemq-test-hivemq-platform] [hivemq-platform-operator] [ab01aa0e] 04:02:56.804 [ReconcilerExecutor-hivemq-controller-145] DEBUG c.h.p.o.HiveMQPlatformReconciler - [helmcont] StatefulSet Spec (replicas: 2, init containers: 1, containers: 1, volumes: 3)
2025-01-30 04:02:56,806 INFO c.h.h.t.HelmChartContainer - [hivemq-test-hivemq-platform] [hivemq-platform-operator] [ab01aa0e] 04:02:56.805 [ReconcilerExecutor-hivemq-controller-145] DEBUG c.h.p.o.h.HiveMQPlatformReconcilerErrorHandler - [helmcont] Pod 'test-hivemq-platform-1' phase Running
2025-01-30 04:02:56,807 INFO c.h.h.t.HelmChartContainer - [hivemq-test-hivemq-platform] [hivemq-platform-operator] [ab01aa0e] 04:02:56.806 [ReconcilerExecutor-hivemq-controller-145] DEBUG c.h.p.o.h.HiveMQPlatformReconcilerErrorHandler - [helmcont] Pod 'test-hivemq-platform-0' phase Running
2025-01-30 04:02:56,808 INFO c.h.h.t.HelmChartContainer - [hivemq-test-hivemq-platform] [hivemq-platform-operator] [ab01aa0e] 04:02:56.807 [ReconcilerExecutor-hivemq-controller-145] DEBUG c.h.p.o.h.HiveMQPlatformReconcilerRollingRestartHandler - [helmcont] Rolling restart is waiting for 1 of 2 replicas
2025-01-30 04:02:56,840 INFO c.h.h.t.HelmChartContainer - [test-hivemq-platform] [hivemq] [4254e54c] WARN  - [HiveMQ Platform Operator Init App 1.7.0-SNAPSHOT] Cannot connect to Health API for readiness: null
2025-01-30 04:02:56,846 INFO c.h.h.t.HelmChartContainer - [EVENT] Warning [Unhealthy] Readiness probe failed: HTTP probe failed with statuscode: 503 [helmcontainersecuritycontextupgradeplatformit:test-hivemq-platform-0]
2025-01-30 04:02:56,846 INFO c.h.h.t.HelmChartContainer - Received Unhealthy event for container hivemq in pod test-hivemq-platform-0 [4254e54c-4dda-4844-a42b-ffd849119f53]
2025-01-30 04:03:01,841 INFO c.h.h.t.HelmChartContainer - [test-hivemq-platform] [hivemq] [4254e54c] WARN  - [HiveMQ Platform Operator Init App 1.7.0-SNAPSHOT] Cannot connect to Health API for readiness: null
2025-01-30 04:03:01,848 INFO c.h.h.t.HelmChartContainer - [EVENT] Warning [Unhealthy] Readiness probe failed: HTTP probe failed with statuscode: 503 [helmcontainersecuritycontextupgradeplatformit:test-hivemq-platform-0]
2025-01-30 04:03:01,848 INFO c.h.h.t.HelmChartContainer - Received Unhealthy event for container hivemq in pod test-hivemq-platform-0 [4254e54c-4dda-4844-a42b-ffd849119f53]
2025-01-30 04:03:03,045 INFO c.h.h.t.HelmChartContainer - [test-hivemq-platform] [hivemq] [4254e54c] INFO  - No valid license file found. Using trial license, restricted to 25 connections.
2025-01-30 04:03:06,338 INFO c.h.h.t.HelmChartContainer - [test-hivemq-platform] [hivemq] [4254e54c] INFO  - No valid license file for Data Hub found. Using free license, restricted to 1 policy.
2025-01-30 04:03:06,813 INFO c.h.h.t.HelmChartContainer - [hivemq-test-hivemq-platform] [hivemq-platform-operator] [ab01aa0e] 04:03:06.809 [pool-6-thread-33] DEBUG c.h.p.o.d.PlatformServiceResource - [helmcont] Desired Platform services (3 services)
2025-01-30 04:03:06,813 INFO c.h.h.t.HelmChartContainer - [hivemq-test-hivemq-platform] [hivemq-platform-operator] [ab01aa0e] 04:03:06.810 [pool-6-thread-39] DEBUG c.h.p.o.dependants.PodInfoConfigMap - [helmcont] Desired PodInfo ConfigMap (1 extensions) (1 enabled)
2025-01-30 04:03:06,813 INFO c.h.h.t.HelmChartContainer - [hivemq-test-hivemq-platform] [hivemq-platform-operator] [ab01aa0e] 04:03:06.810 [pool-6-thread-39] DEBUG c.h.p.o.dependants.PodInfoConfigMap - [helmcont] Desired PodInfo ConfigMap (metrics port: 9399) (metrics path: /)
2025-01-30 04:03:06,813 INFO c.h.h.t.HelmChartContainer - [hivemq-test-hivemq-platform] [hivemq-platform-operator] [ab01aa0e] 04:03:06.810 [pool-6-thread-39] DEBUG c.h.p.o.dependants.PodInfoConfigMap - [helmcont] Desired PodInfo ConfigMap (extension state hash: -1817474005)
2025-01-30 04:03:06,813 INFO c.h.h.t.HelmChartContainer - [hivemq-test-hivemq-platform] [hivemq-platform-operator] [ab01aa0e] 04:03:06.811 [pool-6-thread-36] DEBUG c.h.p.o.d.PodServiceAccountResource - [helmcont] Desired PodServiceAccountResource (serviceAccountName: hivemq-platform-pod-test-hivemq-platform)
2025-01-30 04:03:06,815 INFO c.h.h.t.HelmChartContainer - [hivemq-test-hivemq-platform] [hivemq-platform-operator] [ab01aa0e] 04:03:06.814 [pool-6-thread-33] DEBUG c.h.p.o.d.StatefulSetResource - [helmcont] Desired StatefulSet (2 replicas) for status ROLLING_RESTART (RESTART_PODS_IN_PROGRESS)
2025-01-30 04:03:06,818 INFO c.h.h.t.HelmChartContainer - [hivemq-test-hivemq-platform] [hivemq-platform-operator] [ab01aa0e] 04:03:06.816 [ReconcilerExecutor-hivemq-controller-146] INFO  c.h.p.o.HiveMQPlatformReconciler - [helmcont] Reconciling HiveMQ Platform 'test-hivemq-platform' in namespace 'helmcontainersecuritycontextupgradeplatformit'
2025-01-30 04:03:06,818 INFO c.h.h.t.HelmChartContainer - [hivemq-test-hivemq-platform] [hivemq-platform-operator] [ab01aa0e] 04:03:06.816 [ReconcilerExecutor-hivemq-controller-146] DEBUG c.h.p.o.HiveMQPlatformReconciler - [helmcont] Custom Resource Status ROLLING_RESTART - HiveMQ Platform is restarting Pods (rolling restart) (RESTART_PODS_IN_PROGRESS)
2025-01-30 04:03:06,818 INFO c.h.h.t.HelmChartContainer - [hivemq-test-hivemq-platform] [hivemq-platform-operator] [ab01aa0e] 04:03:06.816 [ReconcilerExecutor-hivemq-controller-146] DEBUG c.h.p.o.HiveMQPlatformReconciler - [helmcont] Custom Resource Spec (replicas: 1) (extensions: 1)
2025-01-30 04:03:06,818 INFO c.h.h.t.HelmChartContainer - [hivemq-test-hivemq-platform] [hivemq-platform-operator] [ab01aa0e] 04:03:06.817 [ReconcilerExecutor-hivemq-controller-146] DEBUG c.h.p.o.HiveMQPlatformReconciler - [helmcont] StatefulSet Status (revision: test-hivemq-platform-579f489c45, replicas: 2, available: 1, ready: 1, current: 0, updated: 2)
2025-01-30 04:03:06,818 INFO c.h.h.t.HelmChartContainer - [hivemq-test-hivemq-platform] [hivemq-platform-operator] [ab01aa0e] 04:03:06.817 [ReconcilerExecutor-hivemq-controller-146] DEBUG c.h.p.o.HiveMQPlatformReconciler - [helmcont] StatefulSet Spec (replicas: 2, init containers: 1, containers: 1, volumes: 3)
2025-01-30 04:03:06,819 INFO c.h.h.t.HelmChartContainer - [hivemq-test-hivemq-platform] [hivemq-platform-operator] [ab01aa0e] 04:03:06.818 [ReconcilerExecutor-hivemq-controller-146] DEBUG c.h.p.o.h.HiveMQPlatformReconcilerErrorHandler - [helmcont] Pod 'test-hivemq-platform-1' phase Running
2025-01-30 04:03:06,820 INFO c.h.h.t.HelmChartContainer - [hivemq-test-hivemq-platform] [hivemq-platform-operator] [ab01aa0e] 04:03:06.819 [ReconcilerExecutor-hivemq-controller-146] DEBUG c.h.p.o.h.HiveMQPlatformReconcilerErrorHandler - [helmcont] Pod 'test-hivemq-platform-0' phase Running
2025-01-30 04:03:06,821 INFO c.h.h.t.HelmChartContainer - [hivemq-test-hivemq-platform] [hivemq-platform-operator] [ab01aa0e] 04:03:06.820 [ReconcilerExecutor-hivemq-controller-146] DEBUG c.h.p.o.h.HiveMQPlatformReconcilerRollingRestartHandler - [helmcont] Rolling restart is waiting for 1 of 2 replicas
2025-01-30 04:03:06,840 INFO c.h.h.t.HelmChartContainer - [test-hivemq-platform] [hivemq] [4254e54c] WARN  - [HiveMQ Platform Operator Init App 1.7.0-SNAPSHOT] Cannot connect to Health API for readiness: null
2025-01-30 04:03:06,848 INFO c.h.h.t.HelmChartContainer - [EVENT] Warning [Unhealthy] Readiness probe failed: HTTP probe failed with statuscode: 503 [helmcontainersecuritycontextupgradeplatformit:test-hivemq-platform-0]
2025-01-30 04:03:06,848 INFO c.h.h.t.HelmChartContainer - Received Unhealthy event for container hivemq in pod test-hivemq-platform-0 [4254e54c-4dda-4844-a42b-ffd849119f53]
2025-01-30 04:03:07,500 INFO c.h.h.t.HelmChartContainer - [test-hivemq-platform] [hivemq] [4254e54c] INFO  - Audit Logger started.
2025-01-30 04:03:07,748 INFO c.h.h.t.HelmChartContainer - [test-hivemq-platform] [hivemq] [4254e54c] INFO  - This node uses '1' CPU cores.
2025-01-30 04:03:07,754 INFO c.h.h.t.HelmChartContainer - [test-hivemq-platform] [hivemq] [4254e54c] INFO  - Starting HiveMQ Health API on address 0.0.0.0 and port 8889
2025-01-30 04:03:08,653 INFO c.h.h.t.HelmChartContainer - [test-hivemq-platform] [hivemq] [4254e54c] INFO  - Started HiveMQ Health API in 899ms
2025-01-30 04:03:09,497 INFO c.h.h.t.HelmChartContainer - [test-hivemq-platform] [hivemq] [4254e54c] INFO  - Starting HiveMQ extension system.
2025-01-30 04:03:09,701 INFO c.h.h.t.HelmChartContainer - [test-hivemq-platform] [hivemq] [4254e54c] INFO  - Starting extension with id "hivemq-dns-cluster-discovery" at /opt/hivemq/extensions/hivemq-dns-cluster-discovery
2025-01-30 04:03:10,241 INFO c.h.h.t.HelmChartContainer - [test-hivemq-platform] [hivemq] [4254e54c] INFO  - Using TCP cluster transport on address 10.42.0.8 and port 7000
2025-01-30 04:03:10,245 INFO c.h.h.t.HelmChartContainer - [test-hivemq-platform] [hivemq] [4254e54c] INFO  - Extension "DNS Cluster Discovery Extension" version 4.3.2 started successfully.
2025-01-30 04:03:10,245 INFO c.h.h.t.HelmChartContainer - [test-hivemq-platform] [hivemq] [4254e54c] INFO  - Starting extension with id "hivemq-prometheus-extension" at /opt/hivemq/extensions/hivemq-prometheus-extension
2025-01-30 04:03:10,340 INFO c.h.h.t.HelmChartContainer - [test-hivemq-platform] [hivemq] [4254e54c] INFO  - Using extension cluster discovery
2025-01-30 04:03:11,241 INFO c.h.h.t.HelmChartContainer - [test-hivemq-platform] [hivemq] [4254e54c] INFO  - Started Jetty Server exposing Prometheus Servlet on URI http://0.0.0.0:9399/
2025-01-30 04:03:11,242 INFO c.h.h.t.HelmChartContainer - [test-hivemq-platform] [hivemq] [4254e54c] INFO  - Extension "Prometheus Monitoring Extension" version 4.0.12 started successfully.
2025-01-30 04:03:11,242 INFO c.h.h.t.HelmChartContainer - [test-hivemq-platform] [hivemq] [4254e54c] INFO  - Starting extension with id "hivemq-allow-all-extension" at /opt/hivemq/extensions/hivemq-allow-all-extension
2025-01-30 04:03:11,242 INFO c.h.h.t.HelmChartContainer - [test-hivemq-platform] [hivemq] [4254e54c] WARN  - 
2025-01-30 04:03:11,242 INFO c.h.h.t.HelmChartContainer - [test-hivemq-platform] [hivemq] [4254e54c] ################################################################################################################
2025-01-30 04:03:11,242 INFO c.h.h.t.HelmChartContainer - [test-hivemq-platform] [hivemq] [4254e54c] # This HiveMQ deployment is not secure! You are lacking Authentication and Authorization.                      #
2025-01-30 04:03:11,242 INFO c.h.h.t.HelmChartContainer - [test-hivemq-platform] [hivemq] [4254e54c] # Right now any MQTT client can connect to the broker with a full set of permissions.                          #
2025-01-30 04:03:11,242 INFO c.h.h.t.HelmChartContainer - [test-hivemq-platform] [hivemq] [4254e54c] # For production usage, add an appropriate security extension and remove the hivemq-allow-all extension.       #
2025-01-30 04:03:11,242 INFO c.h.h.t.HelmChartContainer - [test-hivemq-platform] [hivemq] [4254e54c] # You can download security extensions from the HiveMQ Marketplace (https://www.hivemq.com/extensions/).       #
2025-01-30 04:03:11,242 INFO c.h.h.t.HelmChartContainer - [test-hivemq-platform] [hivemq] [4254e54c] ################################################################################################################
2025-01-30 04:03:11,243 INFO c.h.h.t.HelmChartContainer - [test-hivemq-platform] [hivemq] [4254e54c] INFO  - Extension "Allow All Extension" version 1.1.1 started successfully.
2025-01-30 04:03:11,300 INFO c.h.h.t.HelmChartContainer - [test-hivemq-platform] [hivemq] [7e9d2cbe] INFO  - Cluster nodes found by discovery: [ltpdW|3] (2) [ltpdW, f0uNw].
2025-01-30 04:03:11,343 INFO c.h.h.t.HelmChartContainer - [test-hivemq-platform] [hivemq] [4254e54c] INFO  - Cluster nodes found by discovery: [ltpdW|3] (2) [ltpdW, f0uNw].
2025-01-30 04:03:11,498 INFO c.h.h.t.HelmChartContainer - [test-hivemq-platform] [hivemq] [4254e54c] INFO  - Cluster size = 1, members : [ltpdW].
2025-01-30 04:03:11,739 INFO c.h.h.t.HelmChartContainer - [test-hivemq-platform] [hivemq] [4254e54c] INFO  - Starting cluster join process. This may take a while. Please do not shut down HiveMQ.
2025-01-30 04:03:11,740 INFO c.h.h.t.HelmChartContainer - [test-hivemq-platform] [hivemq] [4254e54c] INFO  - Cluster join process is still ongoing. Please do not shut down HiveMQ.
2025-01-30 04:03:12,398 INFO c.h.h.t.HelmChartContainer - [test-hivemq-platform] [hivemq] [4254e54c] INFO  - [HiveMQ Platform Operator Init App 1.7.0-SNAPSHOT] Returning Health API response 503 for readiness
2025-01-30 04:03:12,402 INFO c.h.h.t.HelmChartContainer - [EVENT] Warning [Unhealthy] Readiness probe failed: HTTP probe failed with statuscode: 503 [helmcontainersecuritycontextupgradeplatformit:test-hivemq-platform-0]
2025-01-30 04:03:12,402 INFO c.h.h.t.HelmChartContainer - Received Unhealthy event for container hivemq in pod test-hivemq-platform-0 [4254e54c-4dda-4844-a42b-ffd849119f53]
2025-01-30 04:03:13,747 INFO c.h.h.t.HelmChartContainer - [test-hivemq-platform] [hivemq] [7e9d2cbe] INFO  - Cluster size = 2, members : [f0uNw, ltpdW].
2025-01-30 04:03:13,760 INFO c.h.h.t.HelmChartContainer - [test-hivemq-platform] [hivemq] [4254e54c] INFO  - Cluster size = 2, members : [f0uNw, ltpdW].
2025-01-30 04:03:13,765 INFO c.h.h.t.HelmChartContainer - [test-hivemq-platform] [hivemq] [4254e54c] INFO  - Finished cluster join process successfully.
2025-01-30 04:03:13,766 INFO c.h.h.t.HelmChartContainer - [test-hivemq-platform] [hivemq] [4254e54c] WARN  - No user for HiveMQ Control Center configured. Starting with default user
2025-01-30 04:03:13,766 INFO c.h.h.t.HelmChartContainer - [test-hivemq-platform] [hivemq] [4254e54c] INFO  - Starting HiveMQ Control Center on address 0.0.0.0 and port 8080
2025-01-30 04:03:13,840 INFO c.h.h.t.HelmChartContainer - [test-hivemq-platform] [hivemq] [4254e54c] INFO  - Mounting HiveMQ Control Center V2 Preview
2025-01-30 04:03:14,447 INFO c.h.h.t.HelmChartContainer - [test-hivemq-platform] [hivemq] [4254e54c] INFO  - Started HiveMQ Control Center in 682ms
2025-01-30 04:03:14,462 INFO c.h.h.t.HelmChartContainer - [test-hivemq-platform] [hivemq] [4254e54c] INFO  - Starting TCP listener on address 0.0.0.0 and port 1884
2025-01-30 04:03:14,548 INFO c.h.h.t.HelmChartContainer - [test-hivemq-platform] [hivemq] [4254e54c] INFO  - Started TCP Listener on address 0.0.0.0 and on port 1884.
2025-01-30 04:03:14,549 INFO c.h.h.t.HelmChartContainer - [test-hivemq-platform] [hivemq] [4254e54c] INFO  - Started HiveMQ in 27191ms
2025-01-30 04:03:16,765 INFO c.h.h.t.HelmChartContainer - [test-hivemq-platform] [hivemq] [4254e54c] INFO  - [HiveMQ Platform Operator Init App 1.7.0-SNAPSHOT] Returning Health API response 200 for readiness
2025-01-30 04:03:16,779 INFO c.h.h.t.HelmChartContainer - [POD] test-hivemq-platform-0 [4254e54c-4dda-4844-a42b-ffd849119f53] in helmcontainersecuritycontextupgradeplatformit was MODIFIED
2025-01-30 04:03:16,783 INFO c.h.h.t.HelmChartContainer - [hivemq-test-hivemq-platform] [hivemq-platform-operator] [ab01aa0e] 04:03:16.781 [pool-6-thread-46] DEBUG c.h.p.o.d.PlatformServiceResource - [helmcont] Desired Platform services (3 services)
2025-01-30 04:03:16,790 INFO c.h.h.t.HelmChartContainer - [hivemq-test-hivemq-platform] [hivemq-platform-operator] [ab01aa0e] 04:03:16.783 [pool-6-thread-43] DEBUG c.h.p.o.d.PodServiceAccountResource - [helmcont] Desired PodServiceAccountResource (serviceAccountName: hivemq-platform-pod-test-hivemq-platform)
2025-01-30 04:03:16,790 INFO c.h.h.t.HelmChartContainer - [hivemq-test-hivemq-platform] [hivemq-platform-operator] [ab01aa0e] 04:03:16.782 [pool-6-thread-44] DEBUG c.h.p.o.dependants.PodInfoConfigMap - [helmcont] Desired PodInfo ConfigMap (1 extensions) (1 enabled)
2025-01-30 04:03:16,790 INFO c.h.h.t.HelmChartContainer - [hivemq-test-hivemq-platform] [hivemq-platform-operator] [ab01aa0e] 04:03:16.785 [pool-6-thread-44] DEBUG c.h.p.o.dependants.PodInfoConfigMap - [helmcont] Desired PodInfo ConfigMap (metrics port: 9399) (metrics path: /)
2025-01-30 04:03:16,790 INFO c.h.h.t.HelmChartContainer - [hivemq-test-hivemq-platform] [hivemq-platform-operator] [ab01aa0e] 04:03:16.786 [pool-6-thread-44] DEBUG c.h.p.o.dependants.PodInfoConfigMap - [helmcont] Desired PodInfo ConfigMap (extension state hash: -1817474005)
2025-01-30 04:03:16,790 INFO c.h.h.t.HelmChartContainer - [hivemq-test-hivemq-platform] [hivemq-platform-operator] [ab01aa0e] 04:03:16.789 [pool-6-thread-46] DEBUG c.h.p.o.d.StatefulSetResource - [helmcont] Desired StatefulSet (2 replicas) for status ROLLING_RESTART (RESTART_PODS_IN_PROGRESS)
2025-01-30 04:03:16,797 INFO c.h.h.t.HelmChartContainer - [hivemq-test-hivemq-platform] [hivemq-platform-operator] [ab01aa0e] 04:03:16.792 [ReconcilerExecutor-hivemq-controller-147] INFO  c.h.p.o.HiveMQPlatformReconciler - [helmcont] Reconciling HiveMQ Platform 'test-hivemq-platform' in namespace 'helmcontainersecuritycontextupgradeplatformit'
2025-01-30 04:03:16,797 INFO c.h.h.t.HelmChartContainer - [hivemq-test-hivemq-platform] [hivemq-platform-operator] [ab01aa0e] 04:03:16.792 [ReconcilerExecutor-hivemq-controller-147] DEBUG c.h.p.o.HiveMQPlatformReconciler - [helmcont] Custom Resource Status ROLLING_RESTART - HiveMQ Platform is restarting Pods (rolling restart) (RESTART_PODS_IN_PROGRESS)
2025-01-30 04:03:16,797 INFO c.h.h.t.HelmChartContainer - [hivemq-test-hivemq-platform] [hivemq-platform-operator] [ab01aa0e] 04:03:16.792 [ReconcilerExecutor-hivemq-controller-147] DEBUG c.h.p.o.HiveMQPlatformReconciler - [helmcont] Custom Resource Spec (replicas: 1) (extensions: 1)
2025-01-30 04:03:16,797 INFO c.h.h.t.HelmChartContainer - [hivemq-test-hivemq-platform] [hivemq-platform-operator] [ab01aa0e] 04:03:16.793 [ReconcilerExecutor-hivemq-controller-147] DEBUG c.h.p.o.HiveMQPlatformReconciler - [helmcont] StatefulSet Status (revision: test-hivemq-platform-579f489c45, replicas: 2, available: 1, ready: 1, current: 0, updated: 2)
2025-01-30 04:03:16,797 INFO c.h.h.t.HelmChartContainer - [hivemq-test-hivemq-platform] [hivemq-platform-operator] [ab01aa0e] 04:03:16.793 [ReconcilerExecutor-hivemq-controller-147] DEBUG c.h.p.o.HiveMQPlatformReconciler - [helmcont] StatefulSet Spec (replicas: 2, init containers: 1, containers: 1, volumes: 3)
2025-01-30 04:03:16,802 INFO c.h.h.t.HelmChartContainer - [hivemq-test-hivemq-platform] [hivemq-platform-operator] [ab01aa0e] 04:03:16.799 [ReconcilerExecutor-hivemq-controller-147] DEBUG c.h.p.o.h.HiveMQPlatformReconcilerErrorHandler - [helmcont] Pod 'test-hivemq-platform-1' phase Running
2025-01-30 04:03:16,802 INFO c.h.h.t.HelmChartContainer - [hivemq-test-hivemq-platform] [hivemq-platform-operator] [ab01aa0e] 04:03:16.800 [ReconcilerExecutor-hivemq-controller-147] DEBUG c.h.p.o.h.HiveMQPlatformReconcilerErrorHandler - [helmcont] Pod 'test-hivemq-platform-0' phase Running
2025-01-30 04:03:16,802 INFO c.h.h.t.HelmChartContainer - [hivemq-test-hivemq-platform] [hivemq-platform-operator] [ab01aa0e] 04:03:16.800 [ReconcilerExecutor-hivemq-controller-147] DEBUG c.h.p.o.h.HiveMQPlatformReconcilerRollingRestartHandler - [helmcont] Rolling restart is waiting for 1 of 2 replicas
2025-01-30 04:03:16,807 INFO c.h.h.t.HelmChartContainer - [hivemq-test-hivemq-platform] [hivemq-platform-operator] [ab01aa0e] 04:03:16.805 [pool-6-thread-7] DEBUG c.h.p.o.d.PlatformServiceResource - [helmcont] Desired Platform services (3 services)
2025-01-30 04:03:16,808 INFO c.h.h.t.HelmChartContainer - [hivemq-test-hivemq-platform] [hivemq-platform-operator] [ab01aa0e] 04:03:16.805 [pool-6-thread-5] DEBUG c.h.p.o.d.PodServiceAccountResource - [helmcont] Desired PodServiceAccountResource (serviceAccountName: hivemq-platform-pod-test-hivemq-platform)
2025-01-30 04:03:16,810 INFO c.h.h.t.HelmChartContainer - [hivemq-test-hivemq-platform] [hivemq-platform-operator] [ab01aa0e] 04:03:16.809 [pool-6-thread-3] DEBUG c.h.p.o.dependants.PodInfoConfigMap - [helmcont] Desired PodInfo ConfigMap (1 extensions) (1 enabled)
2025-01-30 04:03:16,810 INFO c.h.h.t.HelmChartContainer - [hivemq-test-hivemq-platform] [hivemq-platform-operator] [ab01aa0e] 04:03:16.809 [pool-6-thread-3] DEBUG c.h.p.o.dependants.PodInfoConfigMap - [helmcont] Desired PodInfo ConfigMap (metrics port: 9399) (metrics path: /)
2025-01-30 04:03:16,810 INFO c.h.h.t.HelmChartContainer - [hivemq-test-hivemq-platform] [hivemq-platform-operator] [ab01aa0e] 04:03:16.809 [pool-6-thread-3] DEBUG c.h.p.o.dependants.PodInfoConfigMap - [helmcont] Desired PodInfo ConfigMap (extension state hash: -1817474005)
2025-01-30 04:03:16,853 INFO c.h.h.t.HelmChartContainer - [hivemq-test-hivemq-platform] [hivemq-platform-operator] [ab01aa0e] 04:03:16.852 [pool-6-thread-10] DEBUG c.h.p.o.d.StatefulSetResource - [helmcont] Desired StatefulSet (2 replicas) for status ROLLING_RESTART (RESTART_PODS_IN_PROGRESS)
2025-01-30 04:03:16,855 INFO c.h.h.t.HelmChartContainer - [hivemq-test-hivemq-platform] [hivemq-platform-operator] [ab01aa0e] 04:03:16.854 [ReconcilerExecutor-hivemq-controller-148] INFO  c.h.p.o.HiveMQPlatformReconciler - [helmcont] Reconciling HiveMQ Platform 'test-hivemq-platform' in namespace 'helmcontainersecuritycontextupgradeplatformit'
2025-01-30 04:03:16,855 INFO c.h.h.t.HelmChartContainer - [hivemq-test-hivemq-platform] [hivemq-platform-operator] [ab01aa0e] 04:03:16.854 [ReconcilerExecutor-hivemq-controller-148] DEBUG c.h.p.o.HiveMQPlatformReconciler - [helmcont] Custom Resource Status ROLLING_RESTART - HiveMQ Platform is restarting Pods (rolling restart) (RESTART_PODS_IN_PROGRESS)
2025-01-30 04:03:16,855 INFO c.h.h.t.HelmChartContainer - [hivemq-test-hivemq-platform] [hivemq-platform-operator] [ab01aa0e] 04:03:16.854 [ReconcilerExecutor-hivemq-controller-148] DEBUG c.h.p.o.HiveMQPlatformReconciler - [helmcont] Custom Resource Spec (replicas: 1) (extensions: 1)
2025-01-30 04:03:16,857 INFO c.h.h.t.HelmChartContainer - [hivemq-test-hivemq-platform] [hivemq-platform-operator] [ab01aa0e] 04:03:16.856 [ReconcilerExecutor-hivemq-controller-148] DEBUG c.h.p.o.HiveMQPlatformReconciler - [helmcont] StatefulSet Status (revision: test-hivemq-platform-579f489c45, replicas: 2, available: 2, ready: 2, current: 0, updated: 2)
2025-01-30 04:03:16,857 INFO c.h.h.t.HelmChartContainer - [hivemq-test-hivemq-platform] [hivemq-platform-operator] [ab01aa0e] 04:03:16.856 [ReconcilerExecutor-hivemq-controller-148] DEBUG c.h.p.o.HiveMQPlatformReconciler - [helmcont] StatefulSet Spec (replicas: 2, init containers: 1, containers: 1, volumes: 3)
2025-01-30 04:03:16,857 INFO c.h.h.t.HelmChartContainer - [hivemq-test-hivemq-platform] [hivemq-platform-operator] [ab01aa0e] 04:03:16.857 [ReconcilerExecutor-hivemq-controller-148] DEBUG c.h.p.o.h.HiveMQPlatformReconcilerErrorHandler - [helmcont] Pod 'test-hivemq-platform-1' phase Running
2025-01-30 04:03:16,893 INFO c.h.h.t.HelmChartContainer - [hivemq-test-hivemq-platform] [hivemq-platform-operator] [ab01aa0e] 04:03:16.892 [ReconcilerExecutor-hivemq-controller-148] DEBUG c.h.p.o.h.HiveMQPlatformReconcilerErrorHandler - [helmcont] Pod 'test-hivemq-platform-0' phase Running
2025-01-30 04:03:16,901 INFO c.h.h.t.HelmChartContainer - [hivemq-test-hivemq-platform] [hivemq-platform-operator] [ab01aa0e] 04:03:16.900 [ReconcilerExecutor-hivemq-controller-148] DEBUG c.h.p.o.h.HiveMQPlatformReconcilerRollingRestartHandler - [helmcont] Skipping Pod test-hivemq-platform-1 as it's already on the controller update revision (update revision: test-hivemq-platform-579f489c45, pod revision: test-hivemq-platform-579f489c45)
2025-01-30 04:03:16,905 INFO c.h.h.t.HelmChartContainer - [hivemq-test-hivemq-platform] [hivemq-platform-operator] [ab01aa0e] 04:03:16.904 [ReconcilerExecutor-hivemq-controller-148] DEBUG c.h.p.o.h.HiveMQPlatformReconcilerRollingRestartHandler - [helmcont] Skipping Pod test-hivemq-platform-0 as it's already on the controller update revision (update revision: test-hivemq-platform-579f489c45, pod revision: test-hivemq-platform-579f489c45)
2025-01-30 04:03:16,905 INFO c.h.h.t.HelmChartContainer - [hivemq-test-hivemq-platform] [hivemq-platform-operator] [ab01aa0e] 04:03:16.904 [ReconcilerExecutor-hivemq-controller-148] INFO  c.h.p.o.h.HiveMQPlatformReconcilerRollingRestartHandler - [helmcont] Stopping surge Pod
2025-01-30 04:03:16,995 INFO c.h.h.t.HelmChartContainer - [hivemq-test-hivemq-platform] [hivemq-platform-operator] [ab01aa0e] 04:03:16.994 [ReconcilerExecutor-hivemq-controller-148] DEBUG c.h.p.operator.event.EventSender - [helmcont] Creating K8s event rolling-restart-scale-down-in-progress: [RollingRestart] HiveMQ Platform is stopping the surge Pod (rolling restart)
2025-01-30 04:03:16,998 INFO c.h.h.t.HelmChartContainer - [EVENT] Normal [RollingRestart] HiveMQ Platform is stopping the surge Pod (rolling restart) [helmcontainersecuritycontextupgradeplatformit:test-hivemq-platform]
2025-01-30 04:03:16,999 INFO c.h.h.t.HelmChartContainer - [hivemq-test-hivemq-platform] [hivemq-platform-operator] [ab01aa0e] 04:03:16.998 [ReconcilerExecutor-hivemq-controller-148] INFO  c.h.p.o.h.AbstractHiveMQReconcilerStateHandler - [helmcont] Update HiveMQ Platform Status (ROLLING_RESTART [RESTART_PODS_IN_PROGRESS] -> ROLLING_RESTART [SCALE_DOWN_IN_PROGRESS]): HiveMQ Platform is stopping the surge Pod (rolling restart)
2025-01-30 04:03:17,006 DEBUG com.hivemq.helmcharts.util.K8sUtil - Comparing actual state 'ROLLING_RESTART' and waiting for 'RUNNING'
2025-01-30 04:03:23,746 INFO c.h.h.t.HelmChartContainer - [test-hivemq-platform] [hivemq] [4254e54c] INFO  - [HiveMQ Platform Operator Init App 1.7.0-SNAPSHOT] Returning Health API response 200 for liveness
2025-01-30 04:03:27,012 INFO c.h.h.t.HelmChartContainer - [hivemq-test-hivemq-platform] [hivemq-platform-operator] [ab01aa0e] 04:03:27.009 [pool-6-thread-11] DEBUG c.h.p.o.d.PlatformServiceResource - [helmcont] Desired Platform services (3 services)
2025-01-30 04:03:27,012 INFO c.h.h.t.HelmChartContainer - [hivemq-test-hivemq-platform] [hivemq-platform-operator] [ab01aa0e] 04:03:27.009 [pool-6-thread-12] DEBUG c.h.p.o.d.PodServiceAccountResource - [helmcont] Desired PodServiceAccountResource (serviceAccountName: hivemq-platform-pod-test-hivemq-platform)
2025-01-30 04:03:27,012 INFO c.h.h.t.HelmChartContainer - [hivemq-test-hivemq-platform] [hivemq-platform-operator] [ab01aa0e] 04:03:27.011 [pool-6-thread-16] DEBUG c.h.p.o.dependants.PodInfoConfigMap - [helmcont] Desired PodInfo ConfigMap (1 extensions) (1 enabled)
2025-01-30 04:03:27,012 INFO c.h.h.t.HelmChartContainer - [hivemq-test-hivemq-platform] [hivemq-platform-operator] [ab01aa0e] 04:03:27.011 [pool-6-thread-16] DEBUG c.h.p.o.dependants.PodInfoConfigMap - [helmcont] Desired PodInfo ConfigMap (metrics port: 9399) (metrics path: /)
2025-01-30 04:03:27,012 INFO c.h.h.t.HelmChartContainer - [hivemq-test-hivemq-platform] [hivemq-platform-operator] [ab01aa0e] 04:03:27.011 [pool-6-thread-16] DEBUG c.h.p.o.dependants.PodInfoConfigMap - [helmcont] Desired PodInfo ConfigMap (extension state hash: -1817474005)
2025-01-30 04:03:27,012 INFO c.h.h.t.HelmChartContainer - [hivemq-test-hivemq-platform] [hivemq-platform-operator] [ab01aa0e] 04:03:27.011 [pool-6-thread-16] DEBUG c.h.p.o.dependants.PodInfoConfigMap - [helmcont] Update PodInfo ConfigMap
2025-01-30 04:03:27,027 INFO c.h.h.t.HelmChartContainer - [hivemq-test-hivemq-platform] [hivemq-platform-operator] [ab01aa0e] 04:03:27.022 [pool-6-thread-16] DEBUG c.h.p.o.d.StatefulSetResource - [helmcont] Desired StatefulSet (1 replicas) for status ROLLING_RESTART (SCALE_DOWN_IN_PROGRESS)
2025-01-30 04:03:27,027 INFO c.h.h.t.HelmChartContainer - [hivemq-test-hivemq-platform] [hivemq-platform-operator] [ab01aa0e] 04:03:27.024 [pool-6-thread-16] DEBUG c.h.p.o.d.StatefulSetResource - [helmcont] Update StatefulSet (replicas: 2 -> 1)
2025-01-30 04:03:27,115 INFO c.h.h.t.HelmChartContainer - [POD] test-hivemq-platform-1 [7e9d2cbe-967f-4c17-8f27-bc4a78b0e66e] in helmcontainersecuritycontextupgradeplatformit was MODIFIED
2025-01-30 04:03:27,115 INFO c.h.h.t.HelmChartContainer - [hivemq-test-hivemq-platform] [hivemq-platform-operator] [ab01aa0e] 04:03:27.109 [ReconcilerExecutor-hivemq-controller-149] INFO  c.h.p.o.HiveMQPlatformReconciler - [helmcont] Reconciling HiveMQ Platform 'test-hivemq-platform' in namespace 'helmcontainersecuritycontextupgradeplatformit'
2025-01-30 04:03:27,115 INFO c.h.h.t.HelmChartContainer - [hivemq-test-hivemq-platform] [hivemq-platform-operator] [ab01aa0e] 04:03:27.109 [ReconcilerExecutor-hivemq-controller-149] DEBUG c.h.p.o.HiveMQPlatformReconciler - [helmcont] Custom Resource Status ROLLING_RESTART - HiveMQ Platform is stopping the surge Pod (rolling restart) (SCALE_DOWN_IN_PROGRESS)
2025-01-30 04:03:27,115 INFO c.h.h.t.HelmChartContainer - [hivemq-test-hivemq-platform] [hivemq-platform-operator] [ab01aa0e] 04:03:27.109 [ReconcilerExecutor-hivemq-controller-149] DEBUG c.h.p.o.HiveMQPlatformReconciler - [helmcont] Custom Resource Spec (replicas: 1) (extensions: 1)
2025-01-30 04:03:27,115 INFO c.h.h.t.HelmChartContainer - [hivemq-test-hivemq-platform] [hivemq-platform-operator] [ab01aa0e] 04:03:27.109 [ReconcilerExecutor-hivemq-controller-149] DEBUG c.h.p.o.HiveMQPlatformReconciler - [helmcont] StatefulSet Status (revision: test-hivemq-platform-579f489c45, replicas: 2, available: 2, ready: 2, current: 0, updated: 2)
2025-01-30 04:03:27,115 INFO c.h.h.t.HelmChartContainer - [hivemq-test-hivemq-platform] [hivemq-platform-operator] [ab01aa0e] 04:03:27.109 [ReconcilerExecutor-hivemq-controller-149] DEBUG c.h.p.o.HiveMQPlatformReconciler - [helmcont] StatefulSet Spec (replicas: 1, init containers: 1, containers: 1, volumes: 3)
2025-01-30 04:03:27,115 INFO c.h.h.t.HelmChartContainer - [hivemq-test-hivemq-platform] [hivemq-platform-operator] [ab01aa0e] 04:03:27.110 [ReconcilerExecutor-hivemq-controller-149] DEBUG c.h.p.o.h.HiveMQPlatformReconcilerErrorHandler - [helmcont] Pod 'test-hivemq-platform-0' phase Running
2025-01-30 04:03:27,115 INFO c.h.h.t.HelmChartContainer - [hivemq-test-hivemq-platform] [hivemq-platform-operator] [ab01aa0e] 04:03:27.111 [ReconcilerExecutor-hivemq-controller-149] DEBUG c.h.p.o.h.HiveMQPlatformReconcilerRollingRestartHandler - [helmcont] Rolling restart is waiting for 2 of 1 replicas
2025-01-30 04:03:27,129 INFO c.h.h.t.HelmChartContainer - [EVENT] Normal [Killing] Stopping container hivemq [helmcontainersecuritycontextupgradeplatformit:test-hivemq-platform-1]
2025-01-30 04:03:27,129 INFO c.h.h.t.HelmChartContainer - Received Killing event for container hivemq in pod test-hivemq-platform-1 [7e9d2cbe-967f-4c17-8f27-bc4a78b0e66e]
2025-01-30 04:03:27,129 INFO c.h.h.t.HelmChartContainer - Container [test-hivemq-platform-1] [hivemq] [7e9d2cbe-967f-4c17-8f27-bc4a78b0e66e] was terminated
2025-01-30 04:03:27,129 INFO c.h.h.t.HelmChartContainer - Stopped log watcher for hivemq in pod test-hivemq-platform-1 [7e9d2cbe-967f-4c17-8f27-bc4a78b0e66e]
2025-01-30 04:03:27,130 INFO c.h.h.t.HelmChartContainer - [test-hivemq-platform] [hivemq] [7e9d2cbe] INFO  - [HiveMQ Platform Operator Init App 1.7.0-SNAPSHOT] Shutting down
2025-01-30 04:03:27,130 INFO c.h.h.t.HelmChartContainer - [test-hivemq-platform] [hivemq] [7e9d2cbe] INFO  - [HiveMQ Platform Operator Init App 1.7.0-SNAPSHOT] Stopping the HiveMQ Platform
2025-01-30 04:03:27,131 INFO c.h.h.t.HelmChartContainer - [EVENT] Normal [SuccessfulDelete] delete Pod test-hivemq-platform-1 in StatefulSet test-hivemq-platform successful [helmcontainersecuritycontextupgradeplatformit:test-hivemq-platform]
2025-01-30 04:03:27,198 INFO c.h.h.t.HelmChartContainer - [hivemq-test-hivemq-platform] [hivemq-platform-operator] [ab01aa0e] 04:03:27.195 [pool-6-thread-27] DEBUG c.h.p.o.d.PlatformServiceResource - [helmcont] Desired Platform services (3 services)
2025-01-30 04:03:27,199 INFO c.h.h.t.HelmChartContainer - [hivemq-test-hivemq-platform] [hivemq-platform-operator] [ab01aa0e] 04:03:27.195 [pool-6-thread-29] DEBUG c.h.p.o.dependants.PodInfoConfigMap - [helmcont] Desired PodInfo ConfigMap (1 extensions) (1 enabled)
2025-01-30 04:03:27,200 INFO c.h.h.t.HelmChartContainer - [hivemq-test-hivemq-platform] [hivemq-platform-operator] [ab01aa0e] 04:03:27.197 [pool-6-thread-29] DEBUG c.h.p.o.dependants.PodInfoConfigMap - [helmcont] Desired PodInfo ConfigMap (metrics port: 9399) (metrics path: /)
2025-01-30 04:03:27,200 INFO c.h.h.t.HelmChartContainer - [hivemq-test-hivemq-platform] [hivemq-platform-operator] [ab01aa0e] 04:03:27.198 [pool-6-thread-29] DEBUG c.h.p.o.dependants.PodInfoConfigMap - [helmcont] Desired PodInfo ConfigMap (extension state hash: -1817474005)
2025-01-30 04:03:27,201 INFO c.h.h.t.HelmChartContainer - [hivemq-test-hivemq-platform] [hivemq-platform-operator] [ab01aa0e] 04:03:27.200 [pool-6-thread-27] DEBUG c.h.p.o.d.StatefulSetResource - [helmcont] Desired StatefulSet (1 replicas) for status ROLLING_RESTART (SCALE_DOWN_IN_PROGRESS)
2025-01-30 04:03:27,203 INFO c.h.h.t.HelmChartContainer - [hivemq-test-hivemq-platform] [hivemq-platform-operator] [ab01aa0e] 04:03:27.197 [pool-6-thread-22] DEBUG c.h.p.o.d.PodServiceAccountResource - [helmcont] Desired PodServiceAccountResource (serviceAccountName: hivemq-platform-pod-test-hivemq-platform)
2025-01-30 04:03:27,205 INFO c.h.h.t.HelmChartContainer - [hivemq-test-hivemq-platform] [hivemq-platform-operator] [ab01aa0e] 04:03:27.205 [ReconcilerExecutor-hivemq-controller-151] INFO  c.h.p.o.HiveMQPlatformReconciler - [helmcont] Reconciling HiveMQ Platform 'test-hivemq-platform' in namespace 'helmcontainersecuritycontextupgradeplatformit'
2025-01-30 04:03:27,206 INFO c.h.h.t.HelmChartContainer - [hivemq-test-hivemq-platform] [hivemq-platform-operator] [ab01aa0e] 04:03:27.205 [ReconcilerExecutor-hivemq-controller-151] DEBUG c.h.p.o.HiveMQPlatformReconciler - [helmcont] Custom Resource Status ROLLING_RESTART - HiveMQ Platform is stopping the surge Pod (rolling restart) (SCALE_DOWN_IN_PROGRESS)
2025-01-30 04:03:27,207 INFO c.h.h.t.HelmChartContainer - [hivemq-test-hivemq-platform] [hivemq-platform-operator] [ab01aa0e] 04:03:27.205 [ReconcilerExecutor-hivemq-controller-151] DEBUG c.h.p.o.HiveMQPlatformReconciler - [helmcont] Custom Resource Spec (replicas: 1) (extensions: 1)
2025-01-30 04:03:27,207 INFO c.h.h.t.HelmChartContainer - [hivemq-test-hivemq-platform] [hivemq-platform-operator] [ab01aa0e] 04:03:27.206 [ReconcilerExecutor-hivemq-controller-151] DEBUG c.h.p.o.HiveMQPlatformReconciler - [helmcont] StatefulSet Status (revision: test-hivemq-platform-579f489c45, replicas: 2, available: 2, ready: 2, current: 0, updated: 1)
2025-01-30 04:03:27,207 INFO c.h.h.t.HelmChartContainer - [hivemq-test-hivemq-platform] [hivemq-platform-operator] [ab01aa0e] 04:03:27.206 [ReconcilerExecutor-hivemq-controller-151] DEBUG c.h.p.o.HiveMQPlatformReconciler - [helmcont] StatefulSet Spec (replicas: 1, init containers: 1, containers: 1, volumes: 3)
2025-01-30 04:03:27,208 INFO c.h.h.t.HelmChartContainer - [hivemq-test-hivemq-platform] [hivemq-platform-operator] [ab01aa0e] 04:03:27.207 [ReconcilerExecutor-hivemq-controller-151] DEBUG c.h.p.o.h.HiveMQPlatformReconcilerErrorHandler - [helmcont] Pod 'test-hivemq-platform-0' phase Running
2025-01-30 04:03:27,208 INFO c.h.h.t.HelmChartContainer - [hivemq-test-hivemq-platform] [hivemq-platform-operator] [ab01aa0e] 04:03:27.208 [ReconcilerExecutor-hivemq-controller-151] DEBUG c.h.p.o.h.HiveMQPlatformReconcilerRollingRestartHandler - [helmcont] Rolling restart is waiting for 2 of 1 replicas
2025-01-30 04:03:27,211 INFO c.h.h.t.HelmChartContainer - [hivemq-test-hivemq-platform] [hivemq-platform-operator] [ab01aa0e] 04:03:27.210 [pool-6-thread-35] DEBUG c.h.p.o.d.PlatformServiceResource - [helmcont] Desired Platform services (3 services)
2025-01-30 04:03:27,211 INFO c.h.h.t.HelmChartContainer - [hivemq-test-hivemq-platform] [hivemq-platform-operator] [ab01aa0e] 04:03:27.210 [pool-6-thread-36] DEBUG c.h.p.o.dependants.PodInfoConfigMap - [helmcont] Desired PodInfo ConfigMap (1 extensions) (1 enabled)
2025-01-30 04:03:27,211 INFO c.h.h.t.HelmChartContainer - [hivemq-test-hivemq-platform] [hivemq-platform-operator] [ab01aa0e] 04:03:27.210 [pool-6-thread-36] DEBUG c.h.p.o.dependants.PodInfoConfigMap - [helmcont] Desired PodInfo ConfigMap (metrics port: 9399) (metrics path: /)
2025-01-30 04:03:27,211 INFO c.h.h.t.HelmChartContainer - [hivemq-test-hivemq-platform] [hivemq-platform-operator] [ab01aa0e] 04:03:27.210 [pool-6-thread-36] DEBUG c.h.p.o.dependants.PodInfoConfigMap - [helmcont] Desired PodInfo ConfigMap (extension state hash: -1817474005)
2025-01-30 04:03:27,238 INFO c.h.h.t.HelmChartContainer - [test-hivemq-platform] [hivemq] [7e9d2cbe] INFO  - Shutting down HiveMQ. Please wait, this could take a while...
2025-01-30 04:03:27,293 INFO c.h.h.t.HelmChartContainer - [hivemq-test-hivemq-platform] [hivemq-platform-operator] [ab01aa0e] 04:03:27.211 [pool-6-thread-37] DEBUG c.h.p.o.d.PodServiceAccountResource - [helmcont] Desired PodServiceAccountResource (serviceAccountName: hivemq-platform-pod-test-hivemq-platform)
2025-01-30 04:03:27,296 INFO c.h.h.t.HelmChartContainer - [hivemq-test-hivemq-platform] [hivemq-platform-operator] [ab01aa0e] 04:03:27.294 [pool-6-thread-33] DEBUG c.h.p.o.d.StatefulSetResource - [helmcont] Desired StatefulSet (1 replicas) for status ROLLING_RESTART (SCALE_DOWN_IN_PROGRESS)
2025-01-30 04:03:27,301 INFO c.h.h.t.HelmChartContainer - [hivemq-test-hivemq-platform] [hivemq-platform-operator] [ab01aa0e] 04:03:27.300 [ReconcilerExecutor-hivemq-controller-152] INFO  c.h.p.o.HiveMQPlatformReconciler - [helmcont] Reconciling HiveMQ Platform 'test-hivemq-platform' in namespace 'helmcontainersecuritycontextupgradeplatformit'
2025-01-30 04:03:27,302 INFO c.h.h.t.HelmChartContainer - [hivemq-test-hivemq-platform] [hivemq-platform-operator] [ab01aa0e] 04:03:27.300 [ReconcilerExecutor-hivemq-controller-152] DEBUG c.h.p.o.HiveMQPlatformReconciler - [helmcont] Custom Resource Status ROLLING_RESTART - HiveMQ Platform is stopping the surge Pod (rolling restart) (SCALE_DOWN_IN_PROGRESS)
2025-01-30 04:03:27,302 INFO c.h.h.t.HelmChartContainer - [hivemq-test-hivemq-platform] [hivemq-platform-operator] [ab01aa0e] 04:03:27.300 [ReconcilerExecutor-hivemq-controller-152] DEBUG c.h.p.o.HiveMQPlatformReconciler - [helmcont] Custom Resource Spec (replicas: 1) (extensions: 1)
2025-01-30 04:03:27,303 INFO c.h.h.t.HelmChartContainer - [hivemq-test-hivemq-platform] [hivemq-platform-operator] [ab01aa0e] 04:03:27.301 [ReconcilerExecutor-hivemq-controller-152] DEBUG c.h.p.o.HiveMQPlatformReconciler - [helmcont] StatefulSet Status (revision: test-hivemq-platform-579f489c45, replicas: 2, available: 2, ready: 2, current: 0, updated: 1)
2025-01-30 04:03:27,303 INFO c.h.h.t.HelmChartContainer - [hivemq-test-hivemq-platform] [hivemq-platform-operator] [ab01aa0e] 04:03:27.301 [ReconcilerExecutor-hivemq-controller-152] DEBUG c.h.p.o.HiveMQPlatformReconciler - [helmcont] StatefulSet Spec (replicas: 1, init containers: 1, containers: 1, volumes: 3)
2025-01-30 04:03:27,303 INFO c.h.h.t.HelmChartContainer - [hivemq-test-hivemq-platform] [hivemq-platform-operator] [ab01aa0e] 04:03:27.302 [ReconcilerExecutor-hivemq-controller-152] DEBUG c.h.p.o.h.HiveMQPlatformReconcilerErrorHandler - [helmcont] Pod 'test-hivemq-platform-0' phase Running
2025-01-30 04:03:27,304 INFO c.h.h.t.HelmChartContainer - [hivemq-test-hivemq-platform] [hivemq-platform-operator] [ab01aa0e] 04:03:27.303 [ReconcilerExecutor-hivemq-controller-152] DEBUG c.h.p.o.h.HiveMQPlatformReconcilerRollingRestartHandler - [helmcont] Rolling restart is waiting for 2 of 1 replicas
2025-01-30 04:03:27,322 INFO c.h.h.t.HelmChartContainer - [test-hivemq-platform] [hivemq] [7e9d2cbe] INFO  - Shutting down listeners and clients
2025-01-30 04:03:27,323 INFO c.h.h.t.HelmChartContainer - [test-hivemq-platform] [hivemq] [7e9d2cbe] INFO  - Shutdown of listeners is done
2025-01-30 04:03:27,324 INFO c.h.h.t.HelmChartContainer - [test-hivemq-platform] [hivemq] [7e9d2cbe] INFO  - No clients are connected, proceeding with shutdown
2025-01-30 04:03:30,081 INFO c.h.h.t.HelmChartContainer - [test-hivemq-platform] [hivemq] [7e9d2cbe] INFO  - Shutting down extension system
2025-01-30 04:03:30,083 INFO c.h.h.t.HelmChartContainer - [test-hivemq-platform] [hivemq] [7e9d2cbe] INFO  - Stopping extension with id hivemq-dns-cluster-discovery
2025-01-30 04:03:30,084 INFO c.h.h.t.HelmChartContainer - [test-hivemq-platform] [hivemq] [7e9d2cbe] INFO  - Extension "DNS Cluster Discovery Extension" version 4.3.2 stopped successfully.
2025-01-30 04:03:30,085 INFO c.h.h.t.HelmChartContainer - [test-hivemq-platform] [hivemq] [7e9d2cbe] INFO  - Stopping extension with id hivemq-prometheus-extension
2025-01-30 04:03:30,088 INFO c.h.h.t.HelmChartContainer - [test-hivemq-platform] [hivemq] [7e9d2cbe] INFO  - Extension "Prometheus Monitoring Extension" version 4.0.12 stopped successfully.
2025-01-30 04:03:30,089 INFO c.h.h.t.HelmChartContainer - [test-hivemq-platform] [hivemq] [7e9d2cbe] INFO  - Stopping extension with id hivemq-allow-all-extension
2025-01-30 04:03:30,089 INFO c.h.h.t.HelmChartContainer - [test-hivemq-platform] [hivemq] [7e9d2cbe] INFO  - Extension "Allow All Extension" version 1.1.1 stopped successfully.
2025-01-30 04:03:30,096 INFO c.h.h.t.HelmChartContainer - [test-hivemq-platform] [hivemq] [4254e54c] INFO  - Cluster nodes found by discovery: [f0uNw|4] (1) [f0uNw].
2025-01-30 04:03:30,102 INFO c.h.h.t.HelmChartContainer - [test-hivemq-platform] [hivemq] [4254e54c] INFO  - Cluster size = 1, members : [f0uNw].
2025-01-30 04:03:31,081 INFO c.h.h.t.HelmChartContainer - [test-hivemq-platform] [hivemq] [7e9d2cbe] INFO  - [HiveMQ Platform Operator Init App 1.7.0-SNAPSHOT] Returning shutdown Health API response 503 for readiness
2025-01-30 04:03:31,086 INFO c.h.h.t.HelmChartContainer - [EVENT] Warning [Unhealthy] Readiness probe failed: HTTP probe failed with statuscode: 503 [helmcontainersecuritycontextupgradeplatformit:test-hivemq-platform-1]
2025-01-30 04:03:31,086 INFO c.h.h.t.HelmChartContainer - Received Unhealthy event for container hivemq in pod test-hivemq-platform-1 [7e9d2cbe-967f-4c17-8f27-bc4a78b0e66e]
2025-01-30 04:03:32,373 INFO c.h.h.t.HelmChartContainer - [test-hivemq-platform] [hivemq] [7e9d2cbe] INFO  - Shutdown completed.
2025-01-30 04:03:32,766 INFO c.h.h.t.HelmChartContainer - [test-hivemq-platform] [hivemq] [7e9d2cbe] INFO  - [HiveMQ Platform Operator Init App 1.7.0-SNAPSHOT] The HiveMQ Platform exited with code 143
2025-01-30 04:03:32,766 INFO c.h.h.t.HelmChartContainer - [test-hivemq-platform] [hivemq] [7e9d2cbe] INFO  - [HiveMQ Platform Operator Init App 1.7.0-SNAPSHOT] Stopping the REST API
2025-01-30 04:03:32,820 INFO c.h.h.t.HelmChartContainer - [test-hivemq-platform] [hivemq] [7e9d2cbe] INFO  - [HiveMQ Platform Operator Init App 1.7.0-SNAPSHOT] Shutdown complete
2025-01-30 04:03:33,287 INFO c.h.h.t.HelmChartContainer - [POD] test-hivemq-platform-1 [7e9d2cbe-967f-4c17-8f27-bc4a78b0e66e] in helmcontainersecuritycontextupgradeplatformit was MODIFIED
2025-01-30 04:03:33,298 INFO c.h.h.t.HelmChartContainer - [hivemq-test-hivemq-platform] [hivemq-platform-operator] [ab01aa0e] 04:03:33.295 [pool-6-thread-43] DEBUG c.h.p.o.d.PlatformServiceResource - [helmcont] Desired Platform services (3 services)
2025-01-30 04:03:33,304 INFO c.h.h.t.HelmChartContainer - [hivemq-test-hivemq-platform] [hivemq-platform-operator] [ab01aa0e] 04:03:33.296 [pool-6-thread-48] DEBUG c.h.p.o.dependants.PodInfoConfigMap - [helmcont] Desired PodInfo ConfigMap (1 extensions) (1 enabled)
2025-01-30 04:03:33,304 INFO c.h.h.t.HelmChartContainer - [hivemq-test-hivemq-platform] [hivemq-platform-operator] [ab01aa0e] 04:03:33.300 [pool-6-thread-48] DEBUG c.h.p.o.dependants.PodInfoConfigMap - [helmcont] Desired PodInfo ConfigMap (metrics port: 9399) (metrics path: /)
2025-01-30 04:03:33,304 INFO c.h.h.t.HelmChartContainer - [hivemq-test-hivemq-platform] [hivemq-platform-operator] [ab01aa0e] 04:03:33.300 [pool-6-thread-48] DEBUG c.h.p.o.dependants.PodInfoConfigMap - [helmcont] Desired PodInfo ConfigMap (extension state hash: -1817474005)
2025-01-30 04:03:33,310 INFO c.h.h.t.HelmChartContainer - [hivemq-test-hivemq-platform] [hivemq-platform-operator] [ab01aa0e] 04:03:33.297 [pool-6-thread-50] DEBUG c.h.p.o.d.PodServiceAccountResource - [helmcont] Desired PodServiceAccountResource (serviceAccountName: hivemq-platform-pod-test-hivemq-platform)
2025-01-30 04:03:33,310 INFO c.h.h.t.HelmChartContainer - [hivemq-test-hivemq-platform] [hivemq-platform-operator] [ab01aa0e] 04:03:33.303 [pool-6-thread-43] DEBUG c.h.p.o.d.StatefulSetResource - [helmcont] Desired StatefulSet (1 replicas) for status ROLLING_RESTART (SCALE_DOWN_IN_PROGRESS)
2025-01-30 04:03:33,310 INFO c.h.h.t.HelmChartContainer - [hivemq-test-hivemq-platform] [hivemq-platform-operator] [ab01aa0e] 04:03:33.305 [ReconcilerExecutor-hivemq-controller-153] INFO  c.h.p.o.HiveMQPlatformReconciler - [helmcont] Reconciling HiveMQ Platform 'test-hivemq-platform' in namespace 'helmcontainersecuritycontextupgradeplatformit'
2025-01-30 04:03:33,310 INFO c.h.h.t.HelmChartContainer - [hivemq-test-hivemq-platform] [hivemq-platform-operator] [ab01aa0e] 04:03:33.305 [ReconcilerExecutor-hivemq-controller-153] DEBUG c.h.p.o.HiveMQPlatformReconciler - [helmcont] Custom Resource Status ROLLING_RESTART - HiveMQ Platform is stopping the surge Pod (rolling restart) (SCALE_DOWN_IN_PROGRESS)
2025-01-30 04:03:33,310 INFO c.h.h.t.HelmChartContainer - [hivemq-test-hivemq-platform] [hivemq-platform-operator] [ab01aa0e] 04:03:33.305 [ReconcilerExecutor-hivemq-controller-153] DEBUG c.h.p.o.HiveMQPlatformReconciler - [helmcont] Custom Resource Spec (replicas: 1) (extensions: 1)
2025-01-30 04:03:33,310 INFO c.h.h.t.HelmChartContainer - [hivemq-test-hivemq-platform] [hivemq-platform-operator] [ab01aa0e] 04:03:33.306 [ReconcilerExecutor-hivemq-controller-153] DEBUG c.h.p.o.HiveMQPlatformReconciler - [helmcont] StatefulSet Status (revision: test-hivemq-platform-579f489c45, replicas: 2, available: 2, ready: 2, current: 0, updated: 1)
2025-01-30 04:03:33,310 INFO c.h.h.t.HelmChartContainer - [hivemq-test-hivemq-platform] [hivemq-platform-operator] [ab01aa0e] 04:03:33.306 [ReconcilerExecutor-hivemq-controller-153] DEBUG c.h.p.o.HiveMQPlatformReconciler - [helmcont] StatefulSet Spec (replicas: 1, init containers: 1, containers: 1, volumes: 3)
2025-01-30 04:03:33,310 INFO c.h.h.t.HelmChartContainer - [hivemq-test-hivemq-platform] [hivemq-platform-operator] [ab01aa0e] 04:03:33.308 [ReconcilerExecutor-hivemq-controller-153] DEBUG c.h.p.o.h.HiveMQPlatformReconcilerErrorHandler - [helmcont] Pod 'test-hivemq-platform-0' phase Running
2025-01-30 04:03:33,313 INFO c.h.h.t.HelmChartContainer - [hivemq-test-hivemq-platform] [hivemq-platform-operator] [ab01aa0e] 04:03:33.310 [ReconcilerExecutor-hivemq-controller-153] DEBUG c.h.p.o.h.HiveMQPlatformReconcilerRollingRestartHandler - [helmcont] Rolling restart is waiting for 2 of 1 replicas
2025-01-30 04:03:33,315 INFO c.h.h.t.HelmChartContainer - [hivemq-test-hivemq-platform] [hivemq-platform-operator] [ab01aa0e] 04:03:33.312 [pool-6-thread-9] DEBUG c.h.p.o.d.PlatformServiceResource - [helmcont] Desired Platform services (3 services)
2025-01-30 04:03:33,316 INFO c.h.h.t.HelmChartContainer - [hivemq-test-hivemq-platform] [hivemq-platform-operator] [ab01aa0e] 04:03:33.314 [pool-6-thread-2] DEBUG c.h.p.o.dependants.PodInfoConfigMap - [helmcont] Desired PodInfo ConfigMap (1 extensions) (1 enabled)
2025-01-30 04:03:33,316 INFO c.h.h.t.HelmChartContainer - [hivemq-test-hivemq-platform] [hivemq-platform-operator] [ab01aa0e] 04:03:33.315 [pool-6-thread-2] DEBUG c.h.p.o.dependants.PodInfoConfigMap - [helmcont] Desired PodInfo ConfigMap (metrics port: 9399) (metrics path: /)
2025-01-30 04:03:33,316 INFO c.h.h.t.HelmChartContainer - [hivemq-test-hivemq-platform] [hivemq-platform-operator] [ab01aa0e] 04:03:33.315 [pool-6-thread-2] DEBUG c.h.p.o.dependants.PodInfoConfigMap - [helmcont] Desired PodInfo ConfigMap (extension state hash: -1817474005)
2025-01-30 04:03:33,317 INFO c.h.h.t.HelmChartContainer - [hivemq-test-hivemq-platform] [hivemq-platform-operator] [ab01aa0e] 04:03:33.317 [pool-6-thread-8] DEBUG c.h.p.o.d.PodServiceAccountResource - [helmcont] Desired PodServiceAccountResource (serviceAccountName: hivemq-platform-pod-test-hivemq-platform)
2025-01-30 04:03:33,353 INFO c.h.h.t.HelmChartContainer - [hivemq-test-hivemq-platform] [hivemq-platform-operator] [ab01aa0e] 04:03:33.351 [pool-6-thread-9] DEBUG c.h.p.o.d.StatefulSetResource - [helmcont] Desired StatefulSet (1 replicas) for status ROLLING_RESTART (SCALE_DOWN_IN_PROGRESS)
2025-01-30 04:03:33,394 INFO c.h.h.t.HelmChartContainer - [hivemq-test-hivemq-platform] [hivemq-platform-operator] [ab01aa0e] 04:03:33.392 [ReconcilerExecutor-hivemq-controller-154] INFO  c.h.p.o.HiveMQPlatformReconciler - [helmcont] Reconciling HiveMQ Platform 'test-hivemq-platform' in namespace 'helmcontainersecuritycontextupgradeplatformit'
2025-01-30 04:03:33,394 INFO c.h.h.t.HelmChartContainer - [hivemq-test-hivemq-platform] [hivemq-platform-operator] [ab01aa0e] 04:03:33.393 [ReconcilerExecutor-hivemq-controller-154] DEBUG c.h.p.o.HiveMQPlatformReconciler - [helmcont] Custom Resource Status ROLLING_RESTART - HiveMQ Platform is stopping the surge Pod (rolling restart) (SCALE_DOWN_IN_PROGRESS)
2025-01-30 04:03:33,394 INFO c.h.h.t.HelmChartContainer - [hivemq-test-hivemq-platform] [hivemq-platform-operator] [ab01aa0e] 04:03:33.393 [ReconcilerExecutor-hivemq-controller-154] DEBUG c.h.p.o.HiveMQPlatformReconciler - [helmcont] Custom Resource Spec (replicas: 1) (extensions: 1)
2025-01-30 04:03:33,396 INFO c.h.h.t.HelmChartContainer - [hivemq-test-hivemq-platform] [hivemq-platform-operator] [ab01aa0e] 04:03:33.395 [ReconcilerExecutor-hivemq-controller-154] DEBUG c.h.p.o.HiveMQPlatformReconciler - [helmcont] StatefulSet Status (revision: test-hivemq-platform-579f489c45, replicas: 2, available: 1, ready: 1, current: 0, updated: 1)
2025-01-30 04:03:33,396 INFO c.h.h.t.HelmChartContainer - [hivemq-test-hivemq-platform] [hivemq-platform-operator] [ab01aa0e] 04:03:33.395 [ReconcilerExecutor-hivemq-controller-154] DEBUG c.h.p.o.HiveMQPlatformReconciler - [helmcont] StatefulSet Spec (replicas: 1, init containers: 1, containers: 1, volumes: 3)
2025-01-30 04:03:33,399 INFO c.h.h.t.HelmChartContainer - [hivemq-test-hivemq-platform] [hivemq-platform-operator] [ab01aa0e] 04:03:33.396 [ReconcilerExecutor-hivemq-controller-154] DEBUG c.h.p.o.h.HiveMQPlatformReconcilerErrorHandler - [helmcont] Pod 'test-hivemq-platform-0' phase Running
2025-01-30 04:03:33,399 INFO c.h.h.t.HelmChartContainer - [hivemq-test-hivemq-platform] [hivemq-platform-operator] [ab01aa0e] 04:03:33.396 [ReconcilerExecutor-hivemq-controller-154] INFO  c.h.p.o.h.HiveMQPlatformReconcilerRollingRestartHandler - [helmcont] Rolling restart is done
2025-01-30 04:03:33,407 INFO c.h.h.t.HelmChartContainer - [EVENT] Normal [Ready] HiveMQ Platform is ready [helmcontainersecuritycontextupgradeplatformit:test-hivemq-platform]
2025-01-30 04:03:33,408 INFO c.h.h.t.HelmChartContainer - [hivemq-test-hivemq-platform] [hivemq-platform-operator] [ab01aa0e] 04:03:33.407 [ReconcilerExecutor-hivemq-controller-154] DEBUG c.h.p.operator.event.EventSender - [helmcont] Updating K8s event hivemq-platform-ready: [Ready] HiveMQ Platform is ready
2025-01-30 04:03:33,408 INFO c.h.h.t.HelmChartContainer - [hivemq-test-hivemq-platform] [hivemq-platform-operator] [ab01aa0e] 04:03:33.407 [ReconcilerExecutor-hivemq-controller-154] INFO  c.h.p.o.h.AbstractHiveMQReconcilerStateHandler - [helmcont] Update HiveMQ Platform Status (ROLLING_RESTART [SCALE_DOWN_IN_PROGRESS] -> RUNNING [READY]): HiveMQ Platform is ready
2025-01-30 04:03:33,412 INFO c.h.h.t.HelmChartContainer - [K3S] [reconciler_common.go:162] "operationExecutor.UnmountVolume started for volume \"pod-info\" (UniqueName: \"kubernetes.io/configmap/7e9d2cbe-967f-4c17-8f27-bc4a78b0e66e-pod-info\") pod \"7e9d2cbe-967f-4c17-8f27-bc4a78b0e66e\" (UID: \"7e9d2cbe-967f-4c17-8f27-bc4a78b0e66e\") "
2025-01-30 04:03:33,412 INFO c.h.h.t.HelmChartContainer - [K3S] [reconciler_common.go:162] "operationExecutor.UnmountVolume started for volume \"operator-init\" (UniqueName: \"kubernetes.io/empty-dir/7e9d2cbe-967f-4c17-8f27-bc4a78b0e66e-operator-init\") pod \"7e9d2cbe-967f-4c17-8f27-bc4a78b0e66e\" (UID: \"7e9d2cbe-967f-4c17-8f27-bc4a78b0e66e\") "
2025-01-30 04:03:33,412 INFO c.h.h.t.HelmChartContainer - [K3S] [reconciler_common.go:162] "operationExecutor.UnmountVolume started for volume \"kube-api-access-snfkj\" (UniqueName: \"kubernetes.io/projected/7e9d2cbe-967f-4c17-8f27-bc4a78b0e66e-kube-api-access-snfkj\") pod \"7e9d2cbe-967f-4c17-8f27-bc4a78b0e66e\" (UID: \"7e9d2cbe-967f-4c17-8f27-bc4a78b0e66e\") "
2025-01-30 04:03:33,413 INFO c.h.h.t.HelmChartContainer - [K3S] [reconciler_common.go:162] "operationExecutor.UnmountVolume started for volume \"broker-configuration\" (UniqueName: \"kubernetes.io/configmap/7e9d2cbe-967f-4c17-8f27-bc4a78b0e66e-broker-configuration\") pod \"7e9d2cbe-967f-4c17-8f27-bc4a78b0e66e\" (UID: \"7e9d2cbe-967f-4c17-8f27-bc4a78b0e66e\") "
2025-01-30 04:03:33,418 DEBUG com.hivemq.helmcharts.util.K8sUtil - Comparing actual state 'RUNNING' and waiting for 'RUNNING'
2025-01-30 04:03:33,421 INFO c.h.h.t.HelmChartContainer - Uninstalling release 'test-hivemq-platform' in namespace 'helmcontainersecuritycontextupgradeplatformit'...
2025-01-30 04:03:33,421 DEBUG c.h.h.t.HelmChartContainer - Executing helm command: /bin/helm --kubeconfig /etc/rancher/k3s/k3s.yaml uninstall test-hivemq-platform  --wait --timeout 5m0s --cascade foreground --namespace helmcontainersecuritycontextupgradeplatformit
2025-01-30 04:03:33,496 INFO c.h.h.t.HelmChartContainer - [K3S] [scope.go:117] "RemoveContainer" containerID="778e37f5e8fd763c8cefbd25d0a3e8190ef95cb207b45babc1982d7aba5dfc46"
2025-01-30 04:03:33,511 INFO c.h.h.t.HelmChartContainer - [POD] test-hivemq-platform-1 [7e9d2cbe-967f-4c17-8f27-bc4a78b0e66e] in helmcontainersecuritycontextupgradeplatformit was MODIFIED
2025-01-30 04:03:33,519 INFO c.h.h.t.HelmChartContainer - [K3S] [reconciler_common.go:299] "Volume detached for volume \"pod-info\" (UniqueName: \"kubernetes.io/configmap/7e9d2cbe-967f-4c17-8f27-bc4a78b0e66e-pod-info\") on node \"6c872e703766\" DevicePath \"\""
2025-01-30 04:03:33,519 INFO c.h.h.t.HelmChartContainer - [K3S] [reconciler_common.go:299] "Volume detached for volume \"operator-init\" (UniqueName: \"kubernetes.io/empty-dir/7e9d2cbe-967f-4c17-8f27-bc4a78b0e66e-operator-init\") on node \"6c872e703766\" DevicePath \"\""
2025-01-30 04:03:33,519 INFO c.h.h.t.HelmChartContainer - [K3S] [reconciler_common.go:299] "Volume detached for volume \"kube-api-access-snfkj\" (UniqueName: \"kubernetes.io/projected/7e9d2cbe-967f-4c17-8f27-bc4a78b0e66e-kube-api-access-snfkj\") on node \"6c872e703766\" DevicePath \"\""
2025-01-30 04:03:33,520 INFO c.h.h.t.HelmChartContainer - [K3S] [reconciler_common.go:299] "Volume detached for volume \"broker-configuration\" (UniqueName: \"kubernetes.io/configmap/7e9d2cbe-967f-4c17-8f27-bc4a78b0e66e-broker-configuration\") on node \"6c872e703766\" DevicePath \"\""
2025-01-30 04:03:33,520 INFO c.h.h.t.HelmChartContainer - [POD] test-hivemq-platform-1 [7e9d2cbe-967f-4c17-8f27-bc4a78b0e66e] in helmcontainersecuritycontextupgradeplatformit was DELETED
2025-01-30 04:03:33,531 INFO c.h.h.t.HelmChartContainer - [hivemq-test-hivemq-platform] [hivemq-platform-operator] [ab01aa0e] 04:03:33.526 [pool-6-thread-12] DEBUG c.h.p.o.d.PlatformServiceResource - [helmcont] Desired Platform services (3 services)
2025-01-30 04:03:33,531 INFO c.h.h.t.HelmChartContainer - [hivemq-test-hivemq-platform] [hivemq-platform-operator] [ab01aa0e] 04:03:33.526 [pool-6-thread-18] DEBUG c.h.p.o.dependants.PodInfoConfigMap - [helmcont] Desired PodInfo ConfigMap (1 extensions) (1 enabled)
2025-01-30 04:03:33,532 INFO c.h.h.t.HelmChartContainer - [hivemq-test-hivemq-platform] [hivemq-platform-operator] [ab01aa0e] 04:03:33.526 [pool-6-thread-18] DEBUG c.h.p.o.dependants.PodInfoConfigMap - [helmcont] Desired PodInfo ConfigMap (metrics port: 9399) (metrics path: /)
2025-01-30 04:03:33,532 INFO c.h.h.t.HelmChartContainer - [hivemq-test-hivemq-platform] [hivemq-platform-operator] [ab01aa0e] 04:03:33.526 [pool-6-thread-18] DEBUG c.h.p.o.dependants.PodInfoConfigMap - [helmcont] Desired PodInfo ConfigMap (extension state hash: -1817474005)
2025-01-30 04:03:33,532 INFO c.h.h.t.HelmChartContainer - [hivemq-test-hivemq-platform] [hivemq-platform-operator] [ab01aa0e] 04:03:33.527 [pool-6-thread-18] DEBUG c.h.p.o.dependants.PodInfoConfigMap - [helmcont] Update PodInfo ConfigMap
2025-01-30 04:03:33,534 INFO c.h.h.t.HelmChartContainer - [hivemq-test-hivemq-platform] [hivemq-platform-operator] [ab01aa0e] 04:03:33.529 [pool-6-thread-12] DEBUG c.h.p.o.d.PodServiceAccountResource - [helmcont] Desired PodServiceAccountResource (serviceAccountName: hivemq-platform-pod-test-hivemq-platform)
2025-01-30 04:03:33,547 INFO c.h.h.t.HelmChartContainer - [hivemq-test-hivemq-platform] [hivemq-platform-operator] [ab01aa0e] 04:03:33.545 [pool-6-thread-18] DEBUG c.h.p.o.d.StatefulSetResource - [helmcont] Desired StatefulSet (1 replicas) for status RUNNING (READY)
2025-01-30 04:03:33,556 INFO c.h.h.t.HelmChartContainer - [hivemq-test-hivemq-platform] [hivemq-platform-operator] [ab01aa0e] 04:03:33.551 [ReconcilerExecutor-hivemq-controller-155] INFO  c.h.p.o.HiveMQPlatformReconciler - [helmcont] Reconciling HiveMQ Platform 'test-hivemq-platform' in namespace 'helmcontainersecuritycontextupgradeplatformit'
2025-01-30 04:03:33,557 INFO c.h.h.t.HelmChartContainer - [hivemq-test-hivemq-platform] [hivemq-platform-operator] [ab01aa0e] 04:03:33.552 [ReconcilerExecutor-hivemq-controller-155] DEBUG c.h.p.o.HiveMQPlatformReconciler - [helmcont] Custom Resource Status RUNNING - HiveMQ Platform is ready (READY)
2025-01-30 04:03:33,557 INFO c.h.h.t.HelmChartContainer - [hivemq-test-hivemq-platform] [hivemq-platform-operator] [ab01aa0e] 04:03:33.552 [ReconcilerExecutor-hivemq-controller-155] DEBUG c.h.p.o.HiveMQPlatformReconciler - [helmcont] Custom Resource Spec (replicas: 1) (extensions: 1)
2025-01-30 04:03:33,557 INFO c.h.h.t.HelmChartContainer - [hivemq-test-hivemq-platform] [hivemq-platform-operator] [ab01aa0e] 04:03:33.553 [ReconcilerExecutor-hivemq-controller-155] DEBUG c.h.p.o.HiveMQPlatformReconciler - [helmcont] StatefulSet Status (revision: test-hivemq-platform-579f489c45, replicas: 1, available: 1, ready: 1, current: 0, updated: 1)
2025-01-30 04:03:33,557 INFO c.h.h.t.HelmChartContainer - [hivemq-test-hivemq-platform] [hivemq-platform-operator] [ab01aa0e] 04:03:33.553 [ReconcilerExecutor-hivemq-controller-155] DEBUG c.h.p.o.HiveMQPlatformReconciler - [helmcont] StatefulSet Spec (replicas: 1, init containers: 1, containers: 1, volumes: 3)
2025-01-30 04:03:33,597 INFO c.h.h.t.HelmChartContainer - [hivemq-test-hivemq-platform] [hivemq-platform-operator] [ab01aa0e] 04:03:33.594 [ReconcilerExecutor-hivemq-controller-155] DEBUG c.h.p.o.h.HiveMQPlatformReconcilerErrorHandler - [helmcont] Pod 'test-hivemq-platform-0' phase Running
2025-01-30 04:03:33,604 INFO c.h.h.t.HelmChartContainer - [hivemq-test-hivemq-platform] [hivemq-platform-operator] [ab01aa0e] 04:03:33.601 [pool-6-thread-29] DEBUG c.h.p.o.d.PlatformServiceResource - [helmcont] Desired Platform services (3 services)
2025-01-30 04:03:33,605 INFO c.h.h.t.HelmChartContainer - [hivemq-test-hivemq-platform] [hivemq-platform-operator] [ab01aa0e] 04:03:33.605 [pool-6-thread-23] DEBUG c.h.p.o.d.PodServiceAccountResource - [helmcont] Desired PodServiceAccountResource (serviceAccountName: hivemq-platform-pod-test-hivemq-platform)
2025-01-30 04:03:33,608 INFO c.h.h.t.HelmChartContainer - [hivemq-test-hivemq-platform] [hivemq-platform-operator] [ab01aa0e] 04:03:33.607 [pool-6-thread-29] DEBUG c.h.p.o.dependants.PodInfoConfigMap - [helmcont] Desired PodInfo ConfigMap (1 extensions) (1 enabled)
2025-01-30 04:03:33,611 INFO c.h.h.t.HelmChartContainer - [hivemq-test-hivemq-platform] [hivemq-platform-operator] [ab01aa0e] 04:03:33.609 [pool-6-thread-29] DEBUG c.h.p.o.dependants.PodInfoConfigMap - [helmcont] Desired PodInfo ConfigMap (metrics port: 9399) (metrics path: /)
2025-01-30 04:03:33,611 INFO c.h.h.t.HelmChartContainer - [hivemq-test-hivemq-platform] [hivemq-platform-operator] [ab01aa0e] 04:03:33.609 [pool-6-thread-29] DEBUG c.h.p.o.dependants.PodInfoConfigMap - [helmcont] Desired PodInfo ConfigMap (extension state hash: -1817474005)
2025-01-30 04:03:33,613 INFO c.h.h.t.HelmChartContainer - [hivemq-test-hivemq-platform] [hivemq-platform-operator] [ab01aa0e] 04:03:33.612 [pool-6-thread-29] DEBUG c.h.p.o.d.StatefulSetResource - [helmcont] Desired StatefulSet (1 replicas) for status RUNNING (READY)
2025-01-30 04:03:33,615 INFO c.h.h.t.HelmChartContainer - [hivemq-test-hivemq-platform] [hivemq-platform-operator] [ab01aa0e] 04:03:33.615 [ReconcilerExecutor-hivemq-controller-156] INFO  c.h.p.o.HiveMQPlatformReconciler - [helmcont] Reconciling HiveMQ Platform 'test-hivemq-platform' in namespace 'helmcontainersecuritycontextupgradeplatformit'
2025-01-30 04:03:33,619 INFO c.h.h.t.HelmChartContainer - [hivemq-test-hivemq-platform] [hivemq-platform-operator] [ab01aa0e] 04:03:33.615 [ReconcilerExecutor-hivemq-controller-156] DEBUG c.h.p.o.HiveMQPlatformReconciler - [helmcont] Custom Resource Status RUNNING - HiveMQ Platform is ready (READY)
2025-01-30 04:03:33,619 INFO c.h.h.t.HelmChartContainer - [hivemq-test-hivemq-platform] [hivemq-platform-operator] [ab01aa0e] 04:03:33.615 [ReconcilerExecutor-hivemq-controller-156] DEBUG c.h.p.o.HiveMQPlatformReconciler - [helmcont] Custom Resource Spec (replicas: 1) (extensions: 1)
2025-01-30 04:03:33,619 INFO c.h.h.t.HelmChartContainer - [hivemq-test-hivemq-platform] [hivemq-platform-operator] [ab01aa0e] 04:03:33.616 [ReconcilerExecutor-hivemq-controller-156] DEBUG c.h.p.o.HiveMQPlatformReconciler - [helmcont] StatefulSet Status (revision: test-hivemq-platform-579f489c45, replicas: 1, available: 1, ready: 1, current: 0, updated: 1)
2025-01-30 04:03:33,619 INFO c.h.h.t.HelmChartContainer - [hivemq-test-hivemq-platform] [hivemq-platform-operator] [ab01aa0e] 04:03:33.616 [ReconcilerExecutor-hivemq-controller-156] DEBUG c.h.p.o.HiveMQPlatformReconciler - [helmcont] StatefulSet Spec (replicas: 1, init containers: 1, containers: 1, volumes: 3)
2025-01-30 04:03:33,620 INFO c.h.h.t.HelmChartContainer - [hivemq-test-hivemq-platform] [hivemq-platform-operator] [ab01aa0e] 04:03:33.618 [ReconcilerExecutor-hivemq-controller-156] DEBUG c.h.p.o.h.HiveMQPlatformReconcilerErrorHandler - [helmcont] Pod 'test-hivemq-platform-0' phase Running
2025-01-30 04:03:33,660 INFO c.h.h.t.HelmChartContainer - [K3S] [scope.go:117] "RemoveContainer" containerID="b6d87edb394788fe516abcd07981f072d2c482c88ceb166801986c74853f683d"
2025-01-30 04:03:33,665 INFO c.h.h.t.HelmChartContainer - [K3S] [scope.go:117] "RemoveContainer" containerID="778e37f5e8fd763c8cefbd25d0a3e8190ef95cb207b45babc1982d7aba5dfc46"
2025-01-30 04:03:33,665 INFO c.h.h.t.HelmChartContainer - [K3S] [scope.go:117] "RemoveContainer" containerID="b6d87edb394788fe516abcd07981f072d2c482c88ceb166801986c74853f683d"
2025-01-30 04:03:33,706 INFO c.h.h.t.HelmChartContainer - [hivemq-test-hivemq-platform] [hivemq-platform-operator] [ab01aa0e] 04:03:33.704 [ReconcilerExecutor-hivemq-controller-157] INFO  c.h.p.o.HiveMQPlatformReconciler - [helmcont] Cleanup test-hivemq-platform - helmcontainersecuritycontextupgradeplatformit HiveMQ Platform is shut down
2025-01-30 04:03:34,400 INFO c.h.h.t.HelmChartContainer - [POD] test-hivemq-platform-0 [4254e54c-4dda-4844-a42b-ffd849119f53] in helmcontainersecuritycontextupgradeplatformit was MODIFIED
2025-01-30 04:03:34,407 INFO c.h.h.t.HelmChartContainer - [EVENT] Normal [Killing] Stopping container hivemq [helmcontainersecuritycontextupgradeplatformit:test-hivemq-platform-0]
2025-01-30 04:03:34,407 INFO c.h.h.t.HelmChartContainer - Received Killing event for container hivemq in pod test-hivemq-platform-0 [4254e54c-4dda-4844-a42b-ffd849119f53]
2025-01-30 04:03:34,407 INFO c.h.h.t.HelmChartContainer - Container [test-hivemq-platform-0] [hivemq] [4254e54c-4dda-4844-a42b-ffd849119f53] was terminated
2025-01-30 04:03:34,407 INFO c.h.h.t.HelmChartContainer - Stopped log watcher for hivemq in pod test-hivemq-platform-0 [4254e54c-4dda-4844-a42b-ffd849119f53]
2025-01-30 04:03:34,411 INFO c.h.h.t.HelmChartContainer - [test-hivemq-platform] [hivemq] [4254e54c] INFO  - [HiveMQ Platform Operator Init App 1.7.0-SNAPSHOT] Shutting down
2025-01-30 04:03:34,412 INFO c.h.h.t.HelmChartContainer - [test-hivemq-platform] [hivemq] [4254e54c] INFO  - [HiveMQ Platform Operator Init App 1.7.0-SNAPSHOT] Stopping the HiveMQ Platform
2025-01-30 04:03:34,515 INFO c.h.h.t.HelmChartContainer - [test-hivemq-platform] [hivemq] [4254e54c] INFO  - Shutting down HiveMQ. Please wait, this could take a while...
2025-01-30 04:03:34,598 INFO c.h.h.t.HelmChartContainer - [test-hivemq-platform] [hivemq] [4254e54c] INFO  - Shutting down listeners and clients
2025-01-30 04:03:34,599 INFO c.h.h.t.HelmChartContainer - [test-hivemq-platform] [hivemq] [4254e54c] INFO  - Shutdown of listeners is done
2025-01-30 04:03:34,599 INFO c.h.h.t.HelmChartContainer - [test-hivemq-platform] [hivemq] [4254e54c] INFO  - No clients are connected, proceeding with shutdown
2025-01-30 04:03:35,145 INFO c.h.h.t.HelmChartContainer - [K3S] [kubelet_volumes.go:163] "Cleaned up orphaned pod volumes dir" podUID="7e9d2cbe-967f-4c17-8f27-bc4a78b0e66e" path="/var/lib/kubelet/pods/7e9d2cbe-967f-4c17-8f27-bc4a78b0e66e/volumes"
2025-01-30 04:03:35,718 INFO c.h.h.t.HelmChartContainer - Deleting namespace 'helmcontainersecuritycontextupgradeplatformit'...
2025-01-30 04:03:36,761 INFO c.h.h.t.HelmChartContainer - [test-hivemq-platform] [hivemq] [4254e54c] INFO  - [HiveMQ Platform Operator Init App 1.7.0-SNAPSHOT] Returning shutdown Health API response 503 for readiness
2025-01-30 04:03:36,765 INFO c.h.h.t.HelmChartContainer - [EVENT] Warning [Unhealthy] Readiness probe failed: HTTP probe failed with statuscode: 503 [helmcontainersecuritycontextupgradeplatformit:test-hivemq-platform-0]
2025-01-30 04:03:36,765 INFO c.h.h.t.HelmChartContainer - Received Unhealthy event for container hivemq in pod test-hivemq-platform-0 [4254e54c-4dda-4844-a42b-ffd849119f53]
2025-01-30 04:03:37,373 INFO c.h.h.t.HelmChartContainer - [K3S] [authentication.go:74] "Unable to authenticate the request" err="[invalid bearer token, serviceaccounts \"hivemq-platform-pod-test-hivemq-platform\" not found]"
2025-01-30 04:03:37,387 INFO c.h.h.t.HelmChartContainer - [K3S] [authentication.go:74] "Unable to authenticate the request" err="[invalid bearer token, serviceaccounts \"hivemq-platform-pod-test-hivemq-platform\" not found]"
2025-01-30 04:03:37,442 INFO c.h.h.t.HelmChartContainer - [test-hivemq-platform] [hivemq] [4254e54c] WARN  - [HiveMQ Platform Operator Init App 1.7.0-SNAPSHOT] Could not update Pod annotations: Failure executing: GET at: https://10.43.0.1:443/api/v1/namespaces/helmcontainersecuritycontextupgradeplatformit/pods/test-hivemq-platform-0. Message: Unauthorized. Received status: Status(apiVersion=v1, code=401, details=null, kind=Status, message=Unauthorized, metadata=ListMeta(_continue=null, remainingItemCount=null, resourceVersion=null, selfLink=null, additionalProperties={}), reason=Unauthorized, status=Failure, additionalProperties={}).
2025-01-30 04:03:37,506 INFO c.h.h.t.HelmChartContainer - [test-hivemq-platform] [hivemq] [4254e54c] INFO  - Shutting down extension system
2025-01-30 04:03:37,508 INFO c.h.h.t.HelmChartContainer - [test-hivemq-platform] [hivemq] [4254e54c] INFO  - Stopping extension with id hivemq-dns-cluster-discovery
2025-01-30 04:03:37,509 INFO c.h.h.t.HelmChartContainer - [test-hivemq-platform] [hivemq] [4254e54c] INFO  - Extension "DNS Cluster Discovery Extension" version 4.3.2 stopped successfully.
2025-01-30 04:03:37,509 INFO c.h.h.t.HelmChartContainer - [test-hivemq-platform] [hivemq] [4254e54c] INFO  - Stopping extension with id hivemq-prometheus-extension
2025-01-30 04:03:37,513 INFO c.h.h.t.HelmChartContainer - [test-hivemq-platform] [hivemq] [4254e54c] INFO  - Extension "Prometheus Monitoring Extension" version 4.0.12 stopped successfully.
2025-01-30 04:03:37,513 INFO c.h.h.t.HelmChartContainer - [test-hivemq-platform] [hivemq] [4254e54c] INFO  - Stopping extension with id hivemq-allow-all-extension
2025-01-30 04:03:37,513 INFO c.h.h.t.HelmChartContainer - [test-hivemq-platform] [hivemq] [4254e54c] INFO  - Extension "Allow All Extension" version 1.1.1 stopped successfully.
2025-01-30 04:03:39,850 INFO c.h.h.t.HelmChartContainer - [test-hivemq-platform] [hivemq] [4254e54c] INFO  - Shutdown completed.
2025-01-30 04:03:40,197 INFO c.h.h.t.HelmChartContainer - [test-hivemq-platform] [hivemq] [4254e54c] INFO  - [HiveMQ Platform Operator Init App 1.7.0-SNAPSHOT] The HiveMQ Platform exited with code 143
2025-01-30 04:03:40,197 INFO c.h.h.t.HelmChartContainer - [test-hivemq-platform] [hivemq] [4254e54c] INFO  - [HiveMQ Platform Operator Init App 1.7.0-SNAPSHOT] Stopping the REST API
2025-01-30 04:03:40,238 INFO c.h.h.t.HelmChartContainer - [test-hivemq-platform] [hivemq] [4254e54c] INFO  - [HiveMQ Platform Operator Init App 1.7.0-SNAPSHOT] Shutdown complete
2025-01-30 04:03:40,697 INFO c.h.h.t.HelmChartContainer - [POD] test-hivemq-platform-0 [4254e54c-4dda-4844-a42b-ffd849119f53] in helmcontainersecuritycontextupgradeplatformit was MODIFIED
2025-01-30 04:03:40,698 INFO c.h.h.t.HelmChartContainer - [K3S] [stateful_set.go:438] "Unhandled Error" err="error syncing StatefulSet helmcontainersecuritycontextupgradeplatformit/test-hivemq-platform, requeuing: controllerrevisions.apps \"test-hivemq-platform-579f489c45\" is forbidden: unable to create new content in namespace helmcontainersecuritycontextupgradeplatformit because it is being terminated"
2025-01-30 04:03:40,706 INFO c.h.h.t.HelmChartContainer - [K3S] [stateful_set.go:438] "Unhandled Error" err="error syncing StatefulSet helmcontainersecuritycontextupgradeplatformit/test-hivemq-platform, requeuing: controllerrevisions.apps \"test-hivemq-platform-579f489c45\" is forbidden: unable to create new content in namespace helmcontainersecuritycontextupgradeplatformit because it is being terminated"
2025-01-30 04:03:40,719 INFO c.h.h.t.HelmChartContainer - [K3S] [stateful_set.go:438] "Unhandled Error" err="error syncing StatefulSet helmcontainersecuritycontextupgradeplatformit/test-hivemq-platform, requeuing: controllerrevisions.apps \"test-hivemq-platform-579f489c45\" is forbidden: unable to create new content in namespace helmcontainersecuritycontextupgradeplatformit because it is being terminated"
2025-01-30 04:03:40,742 INFO c.h.h.t.HelmChartContainer - [K3S] [stateful_set.go:438] "Unhandled Error" err="error syncing StatefulSet helmcontainersecuritycontextupgradeplatformit/test-hivemq-platform, requeuing: controllerrevisions.apps \"test-hivemq-platform-579f489c45\" is forbidden: unable to create new content in namespace helmcontainersecuritycontextupgradeplatformit because it is being terminated"
2025-01-30 04:03:40,785 INFO c.h.h.t.HelmChartContainer - [K3S] [stateful_set.go:438] "Unhandled Error" err="error syncing StatefulSet helmcontainersecuritycontextupgradeplatformit/test-hivemq-platform, requeuing: controllerrevisions.apps \"test-hivemq-platform-579f489c45\" is forbidden: unable to create new content in namespace helmcontainersecuritycontextupgradeplatformit because it is being terminated"
2025-01-30 04:03:40,849 INFO c.h.h.t.HelmChartContainer - [K3S] [reconciler_common.go:162] "operationExecutor.UnmountVolume started for volume \"pod-info\" (UniqueName: \"kubernetes.io/configmap/4254e54c-4dda-4844-a42b-ffd849119f53-pod-info\") pod \"4254e54c-4dda-4844-a42b-ffd849119f53\" (UID: \"4254e54c-4dda-4844-a42b-ffd849119f53\") "
2025-01-30 04:03:40,849 INFO c.h.h.t.HelmChartContainer - [K3S] [reconciler_common.go:162] "operationExecutor.UnmountVolume started for volume \"kube-api-access-49nz6\" (UniqueName: \"kubernetes.io/projected/4254e54c-4dda-4844-a42b-ffd849119f53-kube-api-access-49nz6\") pod \"4254e54c-4dda-4844-a42b-ffd849119f53\" (UID: \"4254e54c-4dda-4844-a42b-ffd849119f53\") "
2025-01-30 04:03:40,851 INFO c.h.h.t.HelmChartContainer - [K3S] [reconciler_common.go:162] "operationExecutor.UnmountVolume started for volume \"operator-init\" (UniqueName: \"kubernetes.io/empty-dir/4254e54c-4dda-4844-a42b-ffd849119f53-operator-init\") pod \"4254e54c-4dda-4844-a42b-ffd849119f53\" (UID: \"4254e54c-4dda-4844-a42b-ffd849119f53\") "
2025-01-30 04:03:40,851 INFO c.h.h.t.HelmChartContainer - [K3S] [reconciler_common.go:162] "operationExecutor.UnmountVolume started for volume \"broker-configuration\" (UniqueName: \"kubernetes.io/configmap/4254e54c-4dda-4844-a42b-ffd849119f53-broker-configuration\") pod \"4254e54c-4dda-4844-a42b-ffd849119f53\" (UID: \"4254e54c-4dda-4844-a42b-ffd849119f53\") "
2025-01-30 04:03:40,868 INFO c.h.h.t.HelmChartContainer - [K3S] [stateful_set.go:438] "Unhandled Error" err="error syncing StatefulSet helmcontainersecuritycontextupgradeplatformit/test-hivemq-platform, requeuing: controllerrevisions.apps \"test-hivemq-platform-579f489c45\" is forbidden: unable to create new content in namespace helmcontainersecuritycontextupgradeplatformit because it is being terminated"
2025-01-30 04:03:40,916 INFO c.h.h.t.HelmChartContainer - [K3S] [stateful_set.go:466] "StatefulSet has been deleted" key="helmcontainersecuritycontextupgradeplatformit/test-hivemq-platform"
2025-01-30 04:03:40,938 INFO c.h.h.t.HelmChartContainer - [K3S] [namespace_controller.go:164] "Unhandled Error" err="deletion of namespace helmcontainersecuritycontextupgradeplatformit failed: unexpected items still remain in namespace: helmcontainersecuritycontextupgradeplatformit for gvr: /v1, Resource=pods"
2025-01-30 04:03:40,949 INFO c.h.h.t.HelmChartContainer - [K3S] [reconciler_common.go:299] "Volume detached for volume \"operator-init\" (UniqueName: \"kubernetes.io/empty-dir/4254e54c-4dda-4844-a42b-ffd849119f53-operator-init\") on node \"6c872e703766\" DevicePath \"\""
2025-01-30 04:03:40,949 INFO c.h.h.t.HelmChartContainer - [K3S] [reconciler_common.go:299] "Volume detached for volume \"broker-configuration\" (UniqueName: \"kubernetes.io/configmap/4254e54c-4dda-4844-a42b-ffd849119f53-broker-configuration\") on node \"6c872e703766\" DevicePath \"\""
2025-01-30 04:03:40,949 INFO c.h.h.t.HelmChartContainer - [K3S] [reconciler_common.go:299] "Volume detached for volume \"pod-info\" (UniqueName: \"kubernetes.io/configmap/4254e54c-4dda-4844-a42b-ffd849119f53-pod-info\") on node \"6c872e703766\" DevicePath \"\""
2025-01-30 04:03:40,949 INFO c.h.h.t.HelmChartContainer - [K3S] [reconciler_common.go:299] "Volume detached for volume \"kube-api-access-49nz6\" (UniqueName: \"kubernetes.io/projected/4254e54c-4dda-4844-a42b-ffd849119f53-kube-api-access-49nz6\") on node \"6c872e703766\" DevicePath \"\""
2025-01-30 04:03:41,029 INFO c.h.h.t.HelmChartContainer - [K3S] [stateful_set.go:466] "StatefulSet has been deleted" key="helmcontainersecuritycontextupgradeplatformit/test-hivemq-platform"
2025-01-30 04:03:41,099 INFO c.h.h.t.HelmChartContainer - [K3S] [namespace_controller.go:164] "Unhandled Error" err="deletion of namespace helmcontainersecuritycontextupgradeplatformit failed: unexpected items still remain in namespace: helmcontainersecuritycontextupgradeplatformit for gvr: /v1, Resource=pods"
2025-01-30 04:03:41,205 INFO c.h.h.t.HelmChartContainer - [K3S] [namespace_controller.go:164] "Unhandled Error" err="deletion of namespace helmcontainersecuritycontextupgradeplatformit failed: unexpected items still remain in namespace: helmcontainersecuritycontextupgradeplatformit for gvr: /v1, Resource=pods"
2025-01-30 04:03:41,311 INFO c.h.h.t.HelmChartContainer - [K3S] [namespace_controller.go:164] "Unhandled Error" err="deletion of namespace helmcontainersecuritycontextupgradeplatformit failed: unexpected items still remain in namespace: helmcontainersecuritycontextupgradeplatformit for gvr: /v1, Resource=pods"
2025-01-30 04:03:41,442 INFO c.h.h.t.HelmChartContainer - [K3S] [namespace_controller.go:164] "Unhandled Error" err="deletion of namespace helmcontainersecuritycontextupgradeplatformit failed: unexpected items still remain in namespace: helmcontainersecuritycontextupgradeplatformit for gvr: /v1, Resource=pods"
2025-01-30 04:03:41,508 INFO c.h.h.t.HelmChartContainer - [K3S] [scope.go:117] "RemoveContainer" containerID="e2ea1bbc8d8d8aa28946310dd51ca9a989e88a91ad2921aaad711c4f91007591"
2025-01-30 04:03:41,518 INFO c.h.h.t.HelmChartContainer - [POD] test-hivemq-platform-0 [4254e54c-4dda-4844-a42b-ffd849119f53] in helmcontainersecuritycontextupgradeplatformit was MODIFIED
2025-01-30 04:03:41,530 INFO c.h.h.t.HelmChartContainer - [POD] test-hivemq-platform-0 [4254e54c-4dda-4844-a42b-ffd849119f53] in helmcontainersecuritycontextupgradeplatformit was DELETED
2025-01-30 04:03:41,639 INFO c.h.h.t.HelmChartContainer - [K3S] [scope.go:117] "RemoveContainer" containerID="16b36dc2747e2ae05accb85aa745d2604d6c4d0ef7d00c9071b3d54d9084927b"
2025-01-30 04:03:41,642 INFO c.h.h.t.HelmChartContainer - [K3S] [scope.go:117] "RemoveContainer" containerID="e2ea1bbc8d8d8aa28946310dd51ca9a989e88a91ad2921aaad711c4f91007591"
2025-01-30 04:03:41,643 INFO c.h.h.t.HelmChartContainer - [K3S] [scope.go:117] "RemoveContainer" containerID="16b36dc2747e2ae05accb85aa745d2604d6c4d0ef7d00c9071b3d54d9084927b"
2025-01-30 04:03:41,750 INFO c.h.h.t.HelmChartContainer - Namespace 'helmcontainersecuritycontextupgradeplatformit' deleted
2025-01-30 04:03:41,750 INFO c.h.h.t.HelmChartContainer - Release 'test-hivemq-platform' in namespace 'helmcontainersecuritycontextupgradeplatformit' is uninstalled
2025-01-30 04:03:41,750 INFO c.h.h.t.HelmChartContainer - Uninstalling release 'test-hivemq-platform-operator' in namespace 'helmcontainersecuritycontextupgradeplatformit-operator'...
2025-01-30 04:03:41,750 DEBUG c.h.h.t.HelmChartContainer - Executing helm command: /bin/helm --kubeconfig /etc/rancher/k3s/k3s.yaml uninstall test-hivemq-platform-operator  --wait --timeout 5m0s --cascade foreground --namespace helmcontainersecuritycontextupgradeplatformit-operator
2025-01-30 04:03:41,928 INFO c.h.h.t.HelmChartContainer - [K3S] [replica_set.go:679] "Finished syncing" kind="ReplicaSet" key="helmcontainersecuritycontextupgradeplatformit-operator/hivemq-test-hivemq-platform-operator-8669f546db" duration="16.455583ms"
2025-01-30 04:03:41,929 INFO c.h.h.t.HelmChartContainer - [K3S] [replica_set.go:679] "Finished syncing" kind="ReplicaSet" key="helmcontainersecuritycontextupgradeplatformit-operator/hivemq-test-hivemq-platform-operator-8669f546db" duration="34.625µs"
2025-01-30 04:03:41,939 INFO c.h.h.t.HelmChartContainer - [POD] hivemq-test-hivemq-platform-operator-8669f546db-mcxkl [ab01aa0e-55ef-440a-8f9f-b3c57610a6ec] in helmcontainersecuritycontextupgradeplatformit-operator was MODIFIED
2025-01-30 04:03:41,953 INFO c.h.h.t.HelmChartContainer - [EVENT] Normal [Killing] Stopping container hivemq-platform-operator [helmcontainersecuritycontextupgradeplatformit-operator:hivemq-test-hivemq-platform-operator-8669f546db-mcxkl]
2025-01-30 04:03:41,953 INFO c.h.h.t.HelmChartContainer - Received Killing event for container hivemq-platform-operator in pod hivemq-test-hivemq-platform-operator-8669f546db-mcxkl [ab01aa0e-55ef-440a-8f9f-b3c57610a6ec]
2025-01-30 04:03:41,953 INFO c.h.h.t.HelmChartContainer - Container [hivemq-test-hivemq-platform-operator-8669f546db-mcxkl] [hivemq-platform-operator] [ab01aa0e-55ef-440a-8f9f-b3c57610a6ec] was terminated
2025-01-30 04:03:41,953 INFO c.h.h.t.HelmChartContainer - Stopped log watcher for hivemq-platform-operator in pod hivemq-test-hivemq-platform-operator-8669f546db-mcxkl [ab01aa0e-55ef-440a-8f9f-b3c57610a6ec]
2025-01-30 04:03:41,954 INFO c.h.h.t.HelmChartContainer - [K3S] [replica_set.go:679] "Finished syncing" kind="ReplicaSet" key="helmcontainersecuritycontextupgradeplatformit-operator/hivemq-test-hivemq-platform-operator-8669f546db" duration="13.053241ms"
2025-01-30 04:03:41,954 INFO c.h.h.t.HelmChartContainer - [K3S] [replica_set.go:679] "Finished syncing" kind="ReplicaSet" key="helmcontainersecuritycontextupgradeplatformit-operator/hivemq-test-hivemq-platform-operator-8669f546db" duration="31.318µs"
2025-01-30 04:03:41,956 INFO c.h.h.t.HelmChartContainer - [hivemq-test-hivemq-platform] [hivemq-platform-operator] [ab01aa0e] 04:03:41.955 [application-shutdown-thread] INFO  c.h.p.o.HiveMQPlatformOperatorApplication - HiveMQ Platform Operator is stopping...
2025-01-30 04:03:41,959 INFO c.h.h.t.HelmChartContainer - [hivemq-test-hivemq-platform] [hivemq-platform-operator] [ab01aa0e] 04:03:41.955 [application-shutdown-thread] INFO  i.javaoperatorsdk.operator.Operator - Operator SDK 4.9.7 is shutting down...
2025-01-30 04:03:42,587 INFO c.h.h.t.HelmChartContainer - [K3S] [replica_set.go:679] "Finished syncing" kind="ReplicaSet" key="helmcontainersecuritycontextupgradeplatformit-operator/hivemq-test-hivemq-platform-operator-8669f546db" duration="37.88µs"
2025-01-30 04:03:42,589 INFO c.h.h.t.HelmChartContainer - [POD] hivemq-test-hivemq-platform-operator-8669f546db-mcxkl [ab01aa0e-55ef-440a-8f9f-b3c57610a6ec] in helmcontainersecuritycontextupgradeplatformit-operator was MODIFIED
2025-01-30 04:03:42,658 INFO c.h.h.t.HelmChartContainer - [K3S] [reconciler_common.go:162] "operationExecutor.UnmountVolume started for volume \"kube-api-access-p97z5\" (UniqueName: \"kubernetes.io/projected/ab01aa0e-55ef-440a-8f9f-b3c57610a6ec-kube-api-access-p97z5\") pod \"ab01aa0e-55ef-440a-8f9f-b3c57610a6ec\" (UID: \"ab01aa0e-55ef-440a-8f9f-b3c57610a6ec\") "
2025-01-30 04:03:42,758 INFO c.h.h.t.HelmChartContainer - [K3S] [reconciler_common.go:299] "Volume detached for volume \"kube-api-access-p97z5\" (UniqueName: \"kubernetes.io/projected/ab01aa0e-55ef-440a-8f9f-b3c57610a6ec-kube-api-access-p97z5\") on node \"6c872e703766\" DevicePath \"\""
2025-01-30 04:03:43,145 INFO c.h.h.t.HelmChartContainer - [K3S] [kubelet_volumes.go:163] "Cleaned up orphaned pod volumes dir" podUID="4254e54c-4dda-4844-a42b-ffd849119f53" path="/var/lib/kubelet/pods/4254e54c-4dda-4844-a42b-ffd849119f53/volumes"
2025-01-30 04:03:43,514 INFO c.h.h.t.HelmChartContainer - [K3S] [scope.go:117] "RemoveContainer" containerID="1cbd133be918f39a976e44b0ca5b7f1584aa008c541b5136f8a52698cac9802d"
2025-01-30 04:03:43,517 INFO c.h.h.t.HelmChartContainer - [K3S] [scope.go:117] "RemoveContainer" containerID="1cbd133be918f39a976e44b0ca5b7f1584aa008c541b5136f8a52698cac9802d"
2025-01-30 04:03:43,522 INFO c.h.h.t.HelmChartContainer - [K3S] [replica_set.go:679] "Finished syncing" kind="ReplicaSet" key="helmcontainersecuritycontextupgradeplatformit-operator/hivemq-test-hivemq-platform-operator-8669f546db" duration="46.847µs"
2025-01-30 04:03:43,523 INFO c.h.h.t.HelmChartContainer - [POD] hivemq-test-hivemq-platform-operator-8669f546db-mcxkl [ab01aa0e-55ef-440a-8f9f-b3c57610a6ec] in helmcontainersecuritycontextupgradeplatformit-operator was MODIFIED
2025-01-30 04:03:43,525 INFO c.h.h.t.HelmChartContainer - [K3S] [replica_set.go:679] "Finished syncing" kind="ReplicaSet" key="helmcontainersecuritycontextupgradeplatformit-operator/hivemq-test-hivemq-platform-operator-8669f546db" duration="25.928µs"
2025-01-30 04:03:43,527 INFO c.h.h.t.HelmChartContainer - [POD] hivemq-test-hivemq-platform-operator-8669f546db-mcxkl [ab01aa0e-55ef-440a-8f9f-b3c57610a6ec] in helmcontainersecuritycontextupgradeplatformit-operator was DELETED
2025-01-30 04:03:43,536 INFO c.h.h.t.HelmChartContainer - [K3S] [replica_set.go:679] "Finished syncing" kind="ReplicaSet" key="helmcontainersecuritycontextupgradeplatformit-operator/hivemq-test-hivemq-platform-operator-8669f546db" duration="6.031µs"
2025-01-30 04:03:43,961 INFO c.h.h.t.HelmChartContainer - Deleting namespace 'helmcontainersecuritycontextupgradeplatformit-operator'...
2025-01-30 04:03:45,145 INFO c.h.h.t.HelmChartContainer - [K3S] [kubelet_volumes.go:163] "Cleaned up orphaned pod volumes dir" podUID="ab01aa0e-55ef-440a-8f9f-b3c57610a6ec" path="/var/lib/kubelet/pods/ab01aa0e-55ef-440a-8f9f-b3c57610a6ec/volumes"
2025-01-30 04:03:46,647 INFO c.h.h.t.HelmChartContainer - [K3S] [namespace_controller.go:187] "Namespace has been deleted" namespace="helmcontainersecuritycontextupgradeplatformit"
2025-01-30 04:03:49,177 INFO c.h.h.t.HelmChartContainer - Namespace 'helmcontainersecuritycontextupgradeplatformit-operator' deleted
2025-01-30 04:03:49,178 INFO c.h.h.t.HelmChartContainer - Release 'test-hivemq-platform-operator' in namespace 'helmcontainersecuritycontextupgradeplatformit-operator' is uninstalled
2025-01-30 04:03:49,949 INFO c.h.helmcharts.AbstractHelmChartIT - Removed unused containers:

2025-01-30 04:03:54,077 INFO c.h.h.t.HelmChartContainer - [K3S] [namespace_controller.go:187] "Namespace has been deleted" namespace="helmcontainersecuritycontextupgradeplatformit-operator"
2025-01-30 04:03:57,506 INFO c.h.helmcharts.AbstractHelmChartIT - Removed unused snapshots:
Removing snapshot sha256:03af251906410714c5aef9fa705b63f6bbc39c4a5e787de7361eeb18886c2ed2
Removing snapshot sha256:0c46b3b43cce082ce5ec34ffc6c294e0417d17b9d1e6f366d114b6aadc4f96dc
Removing snapshot sha256:0ce761beee59082d6ed5bcebd3a805b8ddd9b3426b617e4809e7fb7c6587ffec
Removing snapshot sha256:0df91287303208332c8ff6ba40ae4710105201739addbfbddfb955f1ad593664
Removing snapshot sha256:1021ef88c7974bfff89c5a0ec4fd3160daac6c48a075f74cff721f85dd104e68
Removing snapshot sha256:10aba4953ddc18145dd38e3704709bc464aa20af60b56fe52caaff4b68411e62
Removing snapshot sha256:2573e0d8158209ed54ab25c87bcdcb00bd3d2539246960a3d592a1c599d70465
Removing snapshot sha256:362a8a37f8bbc31925a8146adcf7cf51f9882f5c1dcbef67c5baa03a297543c0
Removing snapshot sha256:3fa4ad33f0ddc8fd45b39b6b4640f82a3a83619606cd975bfe89d8710ad2d4cd
Removing snapshot sha256:43a7c979bbaba6838bc3102d6b10a1459f3ab050b87ccdfef84ef90cf43d3058
Removing snapshot sha256:4ab04491cdf0d3267f08206fe30bd48f49f94b9cab2f016d6739220f722a64af
Removing snapshot sha256:4b6068250e89c96f263060261819c7d912855bfbd64b3eb4c4a8483299b8c295
Removing snapshot sha256:580e69a0a8034ede1921139bbd2bfb72a69ebf276d008281896c32dd8bf74775
Removing snapshot sha256:5d30ba46b27fe37484567ccc5242cadc78217b8da605f3f195ef25cbf7487904
Removing snapshot sha256:63ca1fbb43ae5034640e5e6cb3e083e05c290072c5366fcaa9d62435a4cced85
Removing snapshot sha256:67f702c6baae873bceb19487c8b1f27bd2b86077e4f2f0e480e6d60ab508b8f5
Removing snapshot sha256:6864348dd42806d552efdec384f1274be15e2d0c10ce44c1f04347af004c10a9
Removing snapshot sha256:6c7dee8f2c39b84b7dc2711c01d33de93514d9055499173e9290176fbe484b6c
Removing snapshot sha256:82753493a6d61ded36556292f02f31841a14c20d2f279f19eaad65afb661d5cd
Removing snapshot sha256:848020c6e2b8b5fe7b18c76dfe3046d5faf9e0be8cc55572bfe91acf7d574ac1
Removing snapshot sha256:86159efe7c8db4bb0683d91962e3829e45187cd5f473d0ffa4d5a1944fe5d78d
Removing snapshot sha256:8a10d3db42c505ee0fcfa98417bdd7e39b304f6bcc0a06bb1b220797ff2cc63c
Removing snapshot sha256:a21e5b12dbac529ad45d976eb9ce45c881f3bedcc500fb30aba1e52aa1813418
Removing snapshot sha256:b921e6c28969094157f9b8e7244677780319637afd14450b7cb6b2fdea558a0c
Removing snapshot sha256:bc27ecb5769a00e309cf99ebc763c4a4b958b618d1decc96ffac5bc05f02f5b7
Removing snapshot sha256:be3ccb6627a5332e309d45ef461d09b4879dd870c7394d89323d0ebc6ca6aa8a
Removing snapshot sha256:c261f7cbbc64211ee175ee47273acdb7b1a36a4450b397a064a8f2c026490095
Removing snapshot sha256:c34d9393647eea0c9e3557ab988efaf59f61d10a2a5613b439ef0958cca5ec10
Removing snapshot sha256:ccf3c4a0fa967a41c1c83497a2ce6fa5787965859df0adb32c4ca2cf7490bc2b
Removing snapshot sha256:cf92d33f869417309692088c341cd0f223c178ea78a125f757317b22aa8f90e9
Removing snapshot sha256:d0037344cf2fb078884f1849f6a1f8cf9a33a3b6139b6a85833e5ee528e1f9a8
Removing snapshot sha256:d3b36d5b79273b1e98e7700470eaeff05a882e777124d84cebcc1505b85ecb36
Removing snapshot sha256:d65a44a37914602d12c611e5e22a50f11451d847e63015cc1c2aef92dee777a4
Removing snapshot sha256:e2dc0bae2455930f23ae570e019b7f32edc75c0f2d71cab084db837ff9051796
Removing snapshot sha256:eccbd24a99c60cd9e86ee5305dbfc4a4dc89f5ab4fb1f06c8d64797cecedef34
Removing snapshot sha256:f144bb4c7c7f0d2aa7eeffd36d934ec40db1ee167be727e326aad9fdc616f475

]]></system-out>
  </testcase>
  <testcase name="Operator values: (UID=185, GID=0, valuesFile='/files/operator-container-security-context-non-root-user-values.yaml') and Platform values: (UID=10000, GID=0, valuesFile='/files/platform-container-security-context-non-root-user-values.yaml')" classname="com.hivemq.helmcharts.securitycontext.HelmContainerSecurityContextUpgradePlatformIT" time="217.228">
    <system-out><![CDATA[2025-01-30 04:03:57,514 INFO c.h.h.t.HelmChartContainer - Creating namespace 'helmcontainersecuritycontextupgradeplatformit-operator'...
2025-01-30 04:03:57,521 INFO c.h.h.t.HelmChartContainer - Namespace 'helmcontainersecuritycontextupgradeplatformit-operator' created
2025-01-30 04:03:57,521 INFO c.h.h.t.HelmChartContainer - Creating namespace 'helmcontainersecuritycontextupgradeplatformit'...
2025-01-30 04:03:57,527 INFO c.h.h.t.HelmChartContainer - Namespace 'helmcontainersecuritycontextupgradeplatformit' created
2025-01-30 04:03:57,593 DEBUG c.h.h.t.HelmChartContainer - Executing helm command: /bin/helm --kubeconfig /etc/rancher/k3s/k3s.yaml install test-hivemq-platform-operator /charts/hivemq-platform-operator --wait --timeout 5m0s --set image.repository=docker.io/hivemq --set image.name=hivemq-platform-operator-test --set image.initImageName=hivemq-platform-operator-init-test --set image.tag=snapshot --set image.pullPolicy=Never --set logLevel=DEBUG --set resources.cpu=512m -f /files/operator-container-security-context-non-root-user-values.yaml --namespace helmcontainersecuritycontextupgradeplatformit-operator
2025-01-30 04:03:57,892 INFO c.h.h.t.HelmChartContainer - [K3S] [alloc.go:330] "allocated clusterIPs" service="helmcontainersecuritycontextupgradeplatformit-operator/hivemq-platform-operator-test-hivemq-platform-operator" clusterIPs={"IPv4":"10.43.57.163"}
2025-01-30 04:03:57,910 INFO c.h.h.t.HelmChartContainer - [EVENT] Normal [ScalingReplicaSet] Scaled up replica set hivemq-test-hivemq-platform-operator-85995884cf from 0 to 1 [helmcontainersecuritycontextupgradeplatformit-operator:hivemq-test-hivemq-platform-operator]
2025-01-30 04:03:57,916 INFO c.h.h.t.HelmChartContainer - [POD] hivemq-test-hivemq-platform-operator-85995884cf-g5qmc [202a3df5-48cb-42cb-b963-37aaf903c702] in helmcontainersecuritycontextupgradeplatformit-operator was ADDED
2025-01-30 04:03:57,926 INFO c.h.h.t.HelmChartContainer - [POD] hivemq-test-hivemq-platform-operator-85995884cf-g5qmc [202a3df5-48cb-42cb-b963-37aaf903c702] in helmcontainersecuritycontextupgradeplatformit-operator was MODIFIED
2025-01-30 04:03:57,932 INFO c.h.h.t.HelmChartContainer - [K3S] [memory_manager.go:355] "RemoveStaleState removing state" podUID="4254e54c-4dda-4844-a42b-ffd849119f53" containerName="hivemq"
2025-01-30 04:03:57,932 INFO c.h.h.t.HelmChartContainer - [K3S] [memory_manager.go:355] "RemoveStaleState removing state" podUID="7e9d2cbe-967f-4c17-8f27-bc4a78b0e66e" containerName="hivemq"
2025-01-30 04:03:57,932 INFO c.h.h.t.HelmChartContainer - [K3S] [memory_manager.go:355] "RemoveStaleState removing state" podUID="ab01aa0e-55ef-440a-8f9f-b3c57610a6ec" containerName="hivemq-platform-operator"
2025-01-30 04:03:57,933 INFO c.h.h.t.HelmChartContainer - [EVENT] Normal [Scheduled] Successfully assigned helmcontainersecuritycontextupgradeplatformit-operator/hivemq-test-hivemq-platform-operator-85995884cf-g5qmc to 6c872e703766 [helmcontainersecuritycontextupgradeplatformit-operator:hivemq-test-hivemq-platform-operator-85995884cf-g5qmc]
2025-01-30 04:03:57,941 INFO c.h.h.t.HelmChartContainer - [EVENT] Normal [SuccessfulCreate] Created pod: hivemq-test-hivemq-platform-operator-85995884cf-g5qmc [helmcontainersecuritycontextupgradeplatformit-operator:hivemq-test-hivemq-platform-operator-85995884cf]
2025-01-30 04:03:57,943 INFO c.h.h.t.HelmChartContainer - [K3S] [replica_set.go:679] "Finished syncing" kind="ReplicaSet" key="helmcontainersecuritycontextupgradeplatformit-operator/hivemq-test-hivemq-platform-operator-85995884cf" duration="38.853946ms"
2025-01-30 04:03:57,945 INFO c.h.h.t.HelmChartContainer - [POD] hivemq-test-hivemq-platform-operator-85995884cf-g5qmc [202a3df5-48cb-42cb-b963-37aaf903c702] in helmcontainersecuritycontextupgradeplatformit-operator was MODIFIED
2025-01-30 04:03:57,964 INFO c.h.h.t.HelmChartContainer - [K3S] [replica_set.go:679] "Finished syncing" kind="ReplicaSet" key="helmcontainersecuritycontextupgradeplatformit-operator/hivemq-test-hivemq-platform-operator-85995884cf" duration="18.127346ms"
2025-01-30 04:03:57,975 INFO c.h.h.t.HelmChartContainer - [K3S] [replica_set.go:679] "Finished syncing" kind="ReplicaSet" key="helmcontainersecuritycontextupgradeplatformit-operator/hivemq-test-hivemq-platform-operator-85995884cf" duration="13.823132ms"
2025-01-30 04:03:57,975 INFO c.h.h.t.HelmChartContainer - [K3S] [replica_set.go:679] "Finished syncing" kind="ReplicaSet" key="helmcontainersecuritycontextupgradeplatformit-operator/hivemq-test-hivemq-platform-operator-85995884cf" duration="35.015µs"
2025-01-30 04:03:58,049 INFO c.h.h.t.HelmChartContainer - [K3S] [reconciler_common.go:251] "operationExecutor.VerifyControllerAttachedVolume started for volume \"kube-api-access-chgdd\" (UniqueName: \"kubernetes.io/projected/202a3df5-48cb-42cb-b963-37aaf903c702-kube-api-access-chgdd\") pod \"hivemq-test-hivemq-platform-operator-85995884cf-g5qmc\" (UID: \"202a3df5-48cb-42cb-b963-37aaf903c702\") " pod="helmcontainersecuritycontextupgradeplatformit-operator/hivemq-test-hivemq-platform-operator-85995884cf-g5qmc"
2025-01-30 04:03:58,317 INFO c.h.h.t.HelmChartContainer - [EVENT] Normal [Pulled] Container image "docker.io/hivemq/hivemq-platform-operator-test:snapshot" already present on machine [helmcontainersecuritycontextupgradeplatformit-operator:hivemq-test-hivemq-platform-operator-85995884cf-g5qmc]
2025-01-30 04:03:58,317 INFO c.h.h.t.HelmChartContainer - Received Pulled event for container hivemq-platform-operator in pod hivemq-test-hivemq-platform-operator-85995884cf-g5qmc [202a3df5-48cb-42cb-b963-37aaf903c702]
2025-01-30 04:03:59,618 INFO c.h.h.t.HelmChartContainer - [EVENT] Normal [Created] Created container: hivemq-platform-operator [helmcontainersecuritycontextupgradeplatformit-operator:hivemq-test-hivemq-platform-operator-85995884cf-g5qmc]
2025-01-30 04:03:59,619 INFO c.h.h.t.HelmChartContainer - Received Created event for container hivemq-platform-operator in pod hivemq-test-hivemq-platform-operator-85995884cf-g5qmc [202a3df5-48cb-42cb-b963-37aaf903c702]
2025-01-30 04:04:00,551 INFO c.h.h.t.HelmChartContainer - [POD] hivemq-test-hivemq-platform-operator-85995884cf-g5qmc [202a3df5-48cb-42cb-b963-37aaf903c702] in helmcontainersecuritycontextupgradeplatformit-operator was MODIFIED
2025-01-30 04:04:00,552 INFO c.h.h.t.HelmChartContainer - [K3S] [replica_set.go:679] "Finished syncing" kind="ReplicaSet" key="helmcontainersecuritycontextupgradeplatformit-operator/hivemq-test-hivemq-platform-operator-85995884cf" duration="41.597µs"
2025-01-30 04:04:00,564 INFO c.h.h.t.HelmChartContainer - [EVENT] Normal [Started] Started container hivemq-platform-operator [helmcontainersecuritycontextupgradeplatformit-operator:hivemq-test-hivemq-platform-operator-85995884cf-g5qmc]
2025-01-30 04:04:00,564 INFO c.h.h.t.HelmChartContainer - Received Started event for container hivemq-platform-operator in pod hivemq-test-hivemq-platform-operator-85995884cf-g5qmc [202a3df5-48cb-42cb-b963-37aaf903c702]
2025-01-30 04:04:00,565 INFO c.h.h.t.HelmChartContainer - Started log watcher for hivemq-platform-operator in pod hivemq-test-hivemq-platform-operator-85995884cf-g5qmc [202a3df5-48cb-42cb-b963-37aaf903c702]
2025-01-30 04:04:00,566 INFO c.h.h.t.HelmChartContainer - [hivemq-test-hivemq-platform] [hivemq-platform-operator] [202a3df5] -------------------------------------------------------------------------
2025-01-30 04:04:00,566 INFO c.h.h.t.HelmChartContainer - [hivemq-test-hivemq-platform] [hivemq-platform-operator] [202a3df5] 
2025-01-30 04:04:00,566 INFO c.h.h.t.HelmChartContainer - [hivemq-test-hivemq-platform] [hivemq-platform-operator] [202a3df5]                   _    _  _              __  __   ____
2025-01-30 04:04:00,566 INFO c.h.h.t.HelmChartContainer - [hivemq-test-hivemq-platform] [hivemq-platform-operator] [202a3df5]                  | |  | |(_)            |  \/  | / __ \
2025-01-30 04:04:00,566 INFO c.h.h.t.HelmChartContainer - [hivemq-test-hivemq-platform] [hivemq-platform-operator] [202a3df5]                  | |__| | _ __   __ ___ | \  / || |  | |
2025-01-30 04:04:00,566 INFO c.h.h.t.HelmChartContainer - [hivemq-test-hivemq-platform] [hivemq-platform-operator] [202a3df5]                  |  __  || |\ \ / // _ \| |\/| || |  | |
2025-01-30 04:04:00,566 INFO c.h.h.t.HelmChartContainer - [hivemq-test-hivemq-platform] [hivemq-platform-operator] [202a3df5]                  | |  | || | \ V /|  __/| |  | || |__| |
2025-01-30 04:04:00,566 INFO c.h.h.t.HelmChartContainer - [hivemq-test-hivemq-platform] [hivemq-platform-operator] [202a3df5]                  |_|  |_||_|  \_/  \___||_|  |_| \___\_\
2025-01-30 04:04:00,566 INFO c.h.h.t.HelmChartContainer - [hivemq-test-hivemq-platform] [hivemq-platform-operator] [202a3df5] 
2025-01-30 04:04:00,566 INFO c.h.h.t.HelmChartContainer - [hivemq-test-hivemq-platform] [hivemq-platform-operator] [202a3df5] -------------------------------------------------------------------------
2025-01-30 04:04:00,566 INFO c.h.h.t.HelmChartContainer - [hivemq-test-hivemq-platform] [hivemq-platform-operator] [202a3df5] 
2025-01-30 04:04:00,566 INFO c.h.h.t.HelmChartContainer - [hivemq-test-hivemq-platform] [hivemq-platform-operator] [202a3df5]   HiveMQ Platform Operator Start Script v1.0
2025-01-30 04:04:00,566 INFO c.h.h.t.HelmChartContainer - [hivemq-test-hivemq-platform] [hivemq-platform-operator] [202a3df5] 
2025-01-30 04:04:00,566 INFO c.h.h.t.HelmChartContainer - [hivemq-test-hivemq-platform] [hivemq-platform-operator] [202a3df5] -------------------------------------------------------------------------
2025-01-30 04:04:00,566 INFO c.h.h.t.HelmChartContainer - [hivemq-test-hivemq-platform] [hivemq-platform-operator] [202a3df5] 
2025-01-30 04:04:00,566 INFO c.h.h.t.HelmChartContainer - [hivemq-test-hivemq-platform] [hivemq-platform-operator] [202a3df5]   JAVA_OPTS: -XX:+UnlockExperimentalVMOptions -XX:InitialRAMPercentage=75 -XX:MaxRAMPercentage=75 -Duser.language=en -Duser.region=US
2025-01-30 04:04:00,566 INFO c.h.h.t.HelmChartContainer - [hivemq-test-hivemq-platform] [hivemq-platform-operator] [202a3df5] 
2025-01-30 04:04:00,566 INFO c.h.h.t.HelmChartContainer - [hivemq-test-hivemq-platform] [hivemq-platform-operator] [202a3df5]   JAVA_VERSION: 21
2025-01-30 04:04:00,566 INFO c.h.h.t.HelmChartContainer - [hivemq-test-hivemq-platform] [hivemq-platform-operator] [202a3df5] 
2025-01-30 04:04:00,566 INFO c.h.h.t.HelmChartContainer - [hivemq-test-hivemq-platform] [hivemq-platform-operator] [202a3df5] -------------------------------------------------------------------------
2025-01-30 04:04:00,566 INFO c.h.h.t.HelmChartContainer - [hivemq-test-hivemq-platform] [hivemq-platform-operator] [202a3df5] 
2025-01-30 04:04:02,857 INFO c.h.h.t.HelmChartContainer - [hivemq-test-hivemq-platform] [hivemq-platform-operator] [202a3df5] 04:04:02.855 [main] DEBUG org.jboss.logging - Logging Provider: org.jboss.logging.Slf4jLoggerProvider
2025-01-30 04:04:02,957 INFO c.h.h.t.HelmChartContainer - [hivemq-test-hivemq-platform] [hivemq-platform-operator] [202a3df5] 04:04:02.956 [main] DEBUG io.smallrye.config - SRCFG01006: Loaded ConfigSource SysPropConfigSource with ordinal 400
2025-01-30 04:04:02,958 INFO c.h.h.t.HelmChartContainer - [hivemq-test-hivemq-platform] [hivemq-platform-operator] [202a3df5] 04:04:02.956 [main] DEBUG io.smallrye.config - SRCFG01006: Loaded ConfigSource EnvConfigSource with ordinal 300
2025-01-30 04:04:02,958 INFO c.h.h.t.HelmChartContainer - [hivemq-test-hivemq-platform] [hivemq-platform-operator] [202a3df5] 04:04:02.956 [main] DEBUG io.smallrye.config - SRCFG01006: Loaded ConfigSource PropertiesConfigSource[source=jar:file:///opt/hivemq-platform-operator/bin/hivemq-platform-operator.jar!/hivemq-platform-operator.properties] with ordinal 100
2025-01-30 04:04:02,958 INFO c.h.h.t.HelmChartContainer - [hivemq-test-hivemq-platform] [hivemq-platform-operator] [202a3df5] 04:04:02.956 [main] DEBUG io.smallrye.config - SRCFG01006: Loaded ConfigSource DefaultValuesConfigSource with ordinal -2147483648
2025-01-30 04:04:03,059 INFO c.h.h.t.HelmChartContainer - [hivemq-test-hivemq-platform] [hivemq-platform-operator] [202a3df5] 04:04:03.058 [main] DEBUG i.m.c.u.i.l.InternalLoggerFactory - Using SLF4J as the default logging framework
2025-01-30 04:04:03,164 INFO c.h.h.t.HelmChartContainer - [hivemq-test-hivemq-platform] [hivemq-platform-operator] [202a3df5] 04:04:03.156 [main] INFO  c.h.p.o.HiveMQPlatformOperatorApplication - HiveMQ Platform Operator 1.7.0-SNAPSHOT (commit: 47e3375 on branch: HEAD) built on Thu Jan 30 03:55:50 UTC 2025
2025-01-30 04:04:03,234 INFO c.h.h.t.HelmChartContainer - [hivemq-test-hivemq-platform] [hivemq-platform-operator] [202a3df5] 04:04:03.233 [main] INFO  c.h.p.o.HiveMQPlatformOperatorApplication - HiveMQ Platform Operator is running in namespace: helmcontainersecuritycontextupgradeplatformit-operator
2025-01-30 04:04:03,234 INFO c.h.h.t.HelmChartContainer - [hivemq-test-hivemq-platform] [hivemq-platform-operator] [202a3df5] 04:04:03.233 [main] INFO  c.h.p.o.HiveMQPlatformOperatorApplication - Watching all namespaces
2025-01-30 04:04:03,235 INFO c.h.h.t.HelmChartContainer - [hivemq-test-hivemq-platform] [hivemq-platform-operator] [202a3df5] 04:04:03.233 [main] INFO  c.h.p.o.HiveMQPlatformOperatorApplication - Log level: DEBUG
2025-01-30 04:04:03,235 INFO c.h.h.t.HelmChartContainer - [hivemq-test-hivemq-platform] [hivemq-platform-operator] [202a3df5] 04:04:03.233 [main] INFO  c.h.p.o.HiveMQPlatformOperatorApplication - Release name: test-hivemq-platform-operator
2025-01-30 04:04:03,235 INFO c.h.h.t.HelmChartContainer - [hivemq-test-hivemq-platform] [hivemq-platform-operator] [202a3df5] 04:04:03.233 [main] INFO  c.h.p.o.HiveMQPlatformOperatorApplication - HiveMQ Platform Operator Init image: docker.io/hivemq/hivemq-platform-operator-init-test:snapshot
2025-01-30 04:04:03,235 INFO c.h.h.t.HelmChartContainer - [hivemq-test-hivemq-platform] [hivemq-platform-operator] [202a3df5] 04:04:03.233 [main] INFO  c.h.p.o.HiveMQPlatformOperatorApplication - HiveMQ Platform Operator Init App update URL: http://hivemq-platform-operator-test-hivemq-platform-operator.helmcontainersecuritycontextupgradeplatformit-operator.svc:8080/initAppUpdate/hivemq-platform-operator-init-app-1.7.0-SNAPSHOT.jar
2025-01-30 04:04:03,235 INFO c.h.h.t.HelmChartContainer - [hivemq-test-hivemq-platform] [hivemq-platform-operator] [202a3df5] 04:04:03.233 [main] INFO  c.h.p.o.HiveMQPlatformOperatorApplication - Additional imagePullSecret for all Platform deployments: none
2025-01-30 04:04:03,235 INFO c.h.h.t.HelmChartContainer - [hivemq-test-hivemq-platform] [hivemq-platform-operator] [202a3df5] 04:04:03.233 [main] INFO  c.h.p.o.HiveMQPlatformOperatorApplication - Apply HiveMQ Platform CRD: true
2025-01-30 04:04:03,235 INFO c.h.h.t.HelmChartContainer - [hivemq-test-hivemq-platform] [hivemq-platform-operator] [202a3df5] 04:04:03.233 [main] INFO  c.h.p.o.HiveMQPlatformOperatorApplication - Create Platform ServiceAccount: true
2025-01-30 04:04:03,235 INFO c.h.h.t.HelmChartContainer - [hivemq-test-hivemq-platform] [hivemq-platform-operator] [202a3df5] 04:04:03.234 [main] INFO  c.h.p.o.HiveMQPlatformOperatorApplication - Create Platform ServiceAccount permissions: true
2025-01-30 04:04:03,235 INFO c.h.h.t.HelmChartContainer - [hivemq-test-hivemq-platform] [hivemq-platform-operator] [202a3df5] 04:04:03.234 [main] INFO  c.h.p.o.HiveMQPlatformOperatorApplication - Validate Platform ServiceAccount: true
2025-01-30 04:04:03,235 INFO c.h.h.t.HelmChartContainer - [hivemq-test-hivemq-platform] [hivemq-platform-operator] [202a3df5] 04:04:03.234 [main] INFO  c.h.p.o.HiveMQPlatformOperatorApplication - Validate Platform ServiceAccount permissions: true
2025-01-30 04:04:03,356 INFO c.h.h.t.HelmChartContainer - [hivemq-test-hivemq-platform] [hivemq-platform-operator] [202a3df5] 04:04:03.355 [main] INFO  c.h.platform.operator.util.CRDUtil - Verifying deployed HiveMQ Platform CRD...
2025-01-30 04:04:05,640 INFO c.h.h.t.HelmChartContainer - [hivemq-test-hivemq-platform] [hivemq-platform-operator] [202a3df5] 04:04:05.639 [main] DEBUG c.h.platform.operator.util.CRDUtil - HiveMQ Platform CRD version v1 is up to date
2025-01-30 04:04:05,641 INFO c.h.h.t.HelmChartContainer - [hivemq-test-hivemq-platform] [hivemq-platform-operator] [202a3df5] 04:04:05.639 [main] INFO  c.h.platform.operator.util.CRDUtil - HiveMQ Platform CRD is up to date (version: V1_6_0)
2025-01-30 04:04:05,641 INFO c.h.h.t.HelmChartContainer - [hivemq-test-hivemq-platform] [hivemq-platform-operator] [202a3df5] 04:04:05.639 [main] INFO  c.h.platform.operator.util.CRDUtil - Waiting 10000 ms for HiveMQ Platform CRD 'hivemq-platforms.hivemq.com' to become ready...
2025-01-30 04:04:05,861 INFO c.h.h.t.HelmChartContainer - [hivemq-test-hivemq-platform] [hivemq-platform-operator] [202a3df5] 04:04:05.859 [vert.x-eventloop-thread-1] DEBUG c.h.platform.operator.util.CRDUtil - Checking CRD condition 'NamesAccepted' (status: 'True')
2025-01-30 04:04:05,861 INFO c.h.h.t.HelmChartContainer - [hivemq-test-hivemq-platform] [hivemq-platform-operator] [202a3df5] 04:04:05.859 [vert.x-eventloop-thread-1] DEBUG c.h.platform.operator.util.CRDUtil - Checking CRD condition 'Established' (status: 'True')
2025-01-30 04:04:05,861 INFO c.h.h.t.HelmChartContainer - [hivemq-test-hivemq-platform] [hivemq-platform-operator] [202a3df5] 04:04:05.860 [main] INFO  c.h.platform.operator.util.CRDUtil - HiveMQ Platform CRD 'hivemq-platforms.hivemq.com' is ready
2025-01-30 04:04:06,046 INFO c.h.h.t.HelmChartContainer - [hivemq-test-hivemq-platform] [hivemq-platform-operator] [202a3df5] 04:04:06.045 [main] INFO  c.h.p.o.HiveMQPlatformReconciler - HiveMQ Platform Operator is starting...
2025-01-30 04:04:06,073 INFO c.h.h.t.HelmChartContainer - [hivemq-test-hivemq-platform] [hivemq-platform-operator] [202a3df5] 04:04:06.073 [main] WARN  Default ConfigurationService implementation - Configuration for reconciler 'hivemq-controller' was not found. Known reconcilers: None.
2025-01-30 04:04:06,139 INFO c.h.h.t.HelmChartContainer - [hivemq-test-hivemq-platform] [hivemq-platform-operator] [202a3df5] 04:04:06.138 [main] INFO  Default ConfigurationService implementation - Created configuration for reconciler com.hivemq.platform.operator.HiveMQPlatformReconciler with name hivemq-controller
2025-01-30 04:04:06,244 INFO c.h.h.t.HelmChartContainer - [hivemq-test-hivemq-platform] [hivemq-platform-operator] [202a3df5] 04:04:06.242 [main] DEBUG c.h.p.o.HiveMQPlatformReconciler - HiveMQ Platform Operator is preparing EventSources
2025-01-30 04:04:06,265 INFO c.h.h.t.HelmChartContainer - [hivemq-test-hivemq-platform] [hivemq-platform-operator] [202a3df5] 04:04:06.264 [main] INFO  i.javaoperatorsdk.operator.Operator - Registered reconciler: 'hivemq-controller' for resource: 'class com.hivemq.platform.operator.v1.HiveMQPlatform' for namespace(s): [all namespaces]
2025-01-30 04:04:06,840 INFO c.h.h.t.HelmChartContainer - [hivemq-test-hivemq-platform] [hivemq-platform-operator] [202a3df5] 04:04:06.838 [main] INFO  c.h.p.operator.webserver.JettyServer - Starting Jetty server on port 8080
2025-01-30 04:04:06,868 INFO c.h.h.t.HelmChartContainer - [hivemq-test-hivemq-platform] [hivemq-platform-operator] [202a3df5] 04:04:06.867 [main] INFO  i.javaoperatorsdk.operator.Operator - Operator SDK 4.9.7 (commit: 2133d28) built on Wed Nov 20 12:56:20 UTC 2024 starting...
2025-01-30 04:04:06,868 INFO c.h.h.t.HelmChartContainer - [hivemq-test-hivemq-platform] [hivemq-platform-operator] [202a3df5] 04:04:06.867 [main] INFO  i.javaoperatorsdk.operator.Operator - Client version: 6.13.5
2025-01-30 04:04:06,934 INFO c.h.h.t.HelmChartContainer - [hivemq-test-hivemq-platform] [hivemq-platform-operator] [202a3df5] 04:04:06.933 [Controller Starter for: hivemq-controller] INFO  i.j.operator.processing.Controller - Starting 'hivemq-controller' controller for reconciler: com.hivemq.platform.operator.HiveMQPlatformReconciler, resource: com.hivemq.platform.operator.v1.HiveMQPlatform
2025-01-30 04:04:09,057 INFO c.h.h.t.HelmChartContainer - [hivemq-test-hivemq-platform] [hivemq-platform-operator] [202a3df5] 04:04:09.056 [Controller Starter for: hivemq-controller] INFO  i.j.operator.processing.Controller - 'hivemq-controller' controller started
2025-01-30 04:04:09,058 INFO c.h.h.t.HelmChartContainer - [hivemq-test-hivemq-platform] [hivemq-platform-operator] [202a3df5] 04:04:09.057 [main] INFO  c.h.p.o.HiveMQPlatformOperatorApplication - HiveMQ Platform Operator 1.7.0-SNAPSHOT started in 5901 ms
2025-01-30 04:04:11,558 INFO c.h.h.t.HelmChartContainer - [POD] hivemq-test-hivemq-platform-operator-85995884cf-g5qmc [202a3df5-48cb-42cb-b963-37aaf903c702] in helmcontainersecuritycontextupgradeplatformit-operator was MODIFIED
2025-01-30 04:04:11,566 INFO c.h.h.t.HelmChartContainer - [K3S] [replica_set.go:679] "Finished syncing" kind="ReplicaSet" key="helmcontainersecuritycontextupgradeplatformit-operator/hivemq-test-hivemq-platform-operator-85995884cf" duration="10.454546ms"
2025-01-30 04:04:11,566 INFO c.h.h.t.HelmChartContainer - [K3S] [replica_set.go:679] "Finished syncing" kind="ReplicaSet" key="helmcontainersecuritycontextupgradeplatformit-operator/hivemq-test-hivemq-platform-operator-85995884cf" duration="43.02µs"
2025-01-30 04:04:11,973 INFO com.hivemq.helmcharts.util.K8sUtil - Pod 'hivemq-test-hivemq-platform-operator-85995884cf-g5qmc' is ready
2025-01-30 04:04:12,062 DEBUG com.hivemq.helmcharts.util.PodUtil - Received status for command '[sh, -c, stat -c "%u:%g" /proc/1]' on pod 'hivemq-test-hivemq-platform-operator-85995884cf-g5qmc' (exit code: 0)
2025-01-30 04:04:12,126 DEBUG c.h.h.t.HelmChartContainer - Executing helm command: /bin/helm --kubeconfig /etc/rancher/k3s/k3s.yaml install test-hivemq-platform /charts/hivemq-platform --wait --timeout 5m0s --set image.repository=docker.io/hivemq --set image.tag=4.36.0 --set image.pullPolicy=Never --set nodes.resources.cpu=512m -f /files/platform-container-security-context-non-root-user-values.yaml --namespace helmcontainersecuritycontextupgradeplatformit
2025-01-30 04:04:12,435 INFO c.h.h.t.HelmChartContainer - [hivemq-test-hivemq-platform] [hivemq-platform-operator] [202a3df5] 04:04:12.372 [-2082509879-pool-1-thread-3] WARN  i.m.p.PrometheusMeterRegistry - The meter (MeterId{name='operator.sdk.events.received', tags=[tag(action=ADDED),tag(event=ResourceEvent),tag(group=hivemq.com),tag(kind=HiveMQPlatform),tag(name=test-hivemq-platform),tag(namespace=helmcontainersecuritycontextupgradeplatformit),tag(scope=namespace),tag(version=v1)]}) registration has failed: Prometheus requires that all meters with the same name have the same set of tag keys. There is already an existing meter named 'operator.sdk.events.received' containing tag keys [event, group, kind, name, namespace, scope, version]. The meter you are attempting to register has keys [action, event, group, kind, name, namespace, scope, version]. Note that subsequent logs will be logged at debug level.
2025-01-30 04:04:12,867 INFO c.h.h.t.HelmChartContainer - [hivemq-test-hivemq-platform] [hivemq-platform-operator] [202a3df5] 04:04:12.866 [pool-6-thread-3] DEBUG c.h.p.o.dependants.PodInfoConfigMap - [helmcont] Desired PodInfo ConfigMap (1 extensions) (1 enabled)
2025-01-30 04:04:12,868 INFO c.h.h.t.HelmChartContainer - [hivemq-test-hivemq-platform] [hivemq-platform-operator] [202a3df5] 04:04:12.867 [pool-6-thread-3] DEBUG c.h.p.o.dependants.PodInfoConfigMap - [helmcont] Desired PodInfo ConfigMap (metrics port: 9399) (metrics path: /)
2025-01-30 04:04:12,868 INFO c.h.h.t.HelmChartContainer - [hivemq-test-hivemq-platform] [hivemq-platform-operator] [202a3df5] 04:04:12.867 [pool-6-thread-3] DEBUG c.h.p.o.dependants.PodInfoConfigMap - [helmcont] Desired PodInfo ConfigMap (extension state hash: -1817474005)
2025-01-30 04:04:12,869 INFO c.h.h.t.HelmChartContainer - [hivemq-test-hivemq-platform] [hivemq-platform-operator] [202a3df5] 04:04:12.869 [pool-6-thread-3] DEBUG c.h.p.o.dependants.PodInfoConfigMap - [helmcont] Create PodInfo ConfigMap
2025-01-30 04:04:13,056 INFO c.h.h.t.HelmChartContainer - [hivemq-test-hivemq-platform] [hivemq-platform-operator] [202a3df5] 04:04:13.054 [pool-6-thread-5] DEBUG c.h.p.o.dependants.PodRoleResource - [helmcont] Create Role: Role(apiVersion=rbac.authorization.k8s.io/v1, kind=Role, metadata=ObjectMeta(annotations={meta.helm.sh/release-name=test-hivemq-platform, meta.helm.sh/release-namespace=helmcontainersecuritycontextupgradeplatformit}, creationTimestamp=null, deletionGracePeriodSeconds=null, deletionTimestamp=null, finalizers=[], generateName=null, generation=null, labels={helm.sh/chart=hivemq-platform-0.2.32, app.kubernetes.io/managed-by=Helm, app.kubernetes.io/name=hivemq-platform, hivemq-platform=test-hivemq-platform, app.kubernetes.io/instance=test-hivemq-platform, app.kubernetes.io/version=4.36.0}, managedFields=[], name=hivemq-platform-role-test-hivemq-platform, namespace=helmcontainersecuritycontextupgradeplatformit, ownerReferences=[OwnerReference(apiVersion=hivemq.com/v1, blockOwnerDeletion=null, controller=null, kind=HiveMQPlatform, name=test-hivemq-platform, uid=88d3647b-5290-492d-a8f6-6d61b7cc4e64, additionalProperties={})], resourceVersion=null, selfLink=null, uid=null, additionalProperties={}), rules=[PolicyRule(apiGroups=[], nonResourceURLs=[], resourceNames=[], resources=[pods], verbs=[get, patch, update], additionalProperties={})], additionalProperties={})
2025-01-30 04:04:13,159 INFO c.h.h.t.HelmChartContainer - [hivemq-test-hivemq-platform] [hivemq-platform-operator] [202a3df5] 04:04:13.157 [pool-6-thread-7] DEBUG c.h.p.o.d.PodServiceAccountResource - [helmcont] Desired PodServiceAccountResource (serviceAccountName: hivemq-platform-pod-test-hivemq-platform)
2025-01-30 04:04:13,160 INFO c.h.h.t.HelmChartContainer - [hivemq-test-hivemq-platform] [hivemq-platform-operator] [202a3df5] 04:04:13.158 [pool-6-thread-7] DEBUG c.h.p.o.d.PodServiceAccountResource - [helmcont] Create ServiceAccount 'hivemq-platform-pod-test-hivemq-platform'
2025-01-30 04:04:13,268 INFO c.h.h.t.HelmChartContainer - [hivemq-test-hivemq-platform] [hivemq-platform-operator] [202a3df5] 04:04:13.266 [pool-6-thread-10] DEBUG c.h.p.o.d.PodRoleBindingResource - [helmcont] Create RoleBinding: RoleBinding(apiVersion=rbac.authorization.k8s.io/v1, kind=RoleBinding, metadata=ObjectMeta(annotations={meta.helm.sh/release-name=test-hivemq-platform, meta.helm.sh/release-namespace=helmcontainersecuritycontextupgradeplatformit}, creationTimestamp=null, deletionGracePeriodSeconds=null, deletionTimestamp=null, finalizers=[], generateName=null, generation=null, labels={helm.sh/chart=hivemq-platform-0.2.32, app.kubernetes.io/managed-by=Helm, app.kubernetes.io/name=hivemq-platform, hivemq-platform=test-hivemq-platform, app.kubernetes.io/instance=test-hivemq-platform, app.kubernetes.io/version=4.36.0}, managedFields=[], name=hivemq-platform-role-binding-test-hivemq-platform, namespace=helmcontainersecuritycontextupgradeplatformit, ownerReferences=[OwnerReference(apiVersion=hivemq.com/v1, blockOwnerDeletion=null, controller=null, kind=HiveMQPlatform, name=test-hivemq-platform, uid=88d3647b-5290-492d-a8f6-6d61b7cc4e64, additionalProperties={})], resourceVersion=null, selfLink=null, uid=null, additionalProperties={}), roleRef=RoleRef(apiGroup=rbac.authorization.k8s.io, kind=Role, name=hivemq-platform-role-test-hivemq-platform, additionalProperties={}), subjects=[Subject(apiGroup=null, kind=ServiceAccount, name=hivemq-platform-pod-test-hivemq-platform, namespace=helmcontainersecuritycontextupgradeplatformit, additionalProperties={})], additionalProperties={})
2025-01-30 04:04:13,368 INFO c.h.h.t.HelmChartContainer - [hivemq-test-hivemq-platform] [hivemq-platform-operator] [202a3df5] 04:04:13.367 [ReconcilerExecutor-hivemq-controller-54] INFO  c.h.p.o.HiveMQPlatformReconciler - [helmcont] Reconciling HiveMQ Platform 'test-hivemq-platform' in namespace 'helmcontainersecuritycontextupgradeplatformit'
2025-01-30 04:04:13,369 INFO c.h.h.t.HelmChartContainer - [hivemq-test-hivemq-platform] [hivemq-platform-operator] [202a3df5] 04:04:13.368 [ReconcilerExecutor-hivemq-controller-54] DEBUG c.h.p.o.HiveMQPlatformReconciler - [helmcont] Custom Resource Status CREATED - HiveMQ Platform was created (READY)
2025-01-30 04:04:13,369 INFO c.h.h.t.HelmChartContainer - [hivemq-test-hivemq-platform] [hivemq-platform-operator] [202a3df5] 04:04:13.368 [ReconcilerExecutor-hivemq-controller-54] DEBUG c.h.p.o.HiveMQPlatformReconciler - [helmcont] Custom Resource Spec (replicas: 1) (extensions: 1)
2025-01-30 04:04:13,372 INFO c.h.h.t.HelmChartContainer - [hivemq-test-hivemq-platform] [hivemq-platform-operator] [202a3df5] 04:04:13.371 [ReconcilerExecutor-hivemq-controller-54] INFO  c.h.p.o.h.HiveMQPlatformReconcilerBaseHandler - [helmcont] HiveMQ Platform is starting
2025-01-30 04:04:13,553 INFO c.h.h.t.HelmChartContainer - [hivemq-test-hivemq-platform] [hivemq-platform-operator] [202a3df5] 04:04:13.473 [ReconcilerExecutor-hivemq-controller-54] DEBUG c.h.p.operator.event.EventSender - [helmcont] Creating K8s event hivemq-platform-starting: [Start] HiveMQ Platform is starting
2025-01-30 04:04:13,564 INFO c.h.h.t.HelmChartContainer - [EVENT] Normal [Start] HiveMQ Platform is starting [helmcontainersecuritycontextupgradeplatformit:test-hivemq-platform]
2025-01-30 04:04:13,571 INFO c.h.h.t.HelmChartContainer - [hivemq-test-hivemq-platform] [hivemq-platform-operator] [202a3df5] 04:04:13.569 [ReconcilerExecutor-hivemq-controller-54] INFO  c.h.p.o.h.AbstractHiveMQReconcilerStateHandler - [helmcont] Update HiveMQ Platform Status (CREATED [READY] -> STARTING [READY]): HiveMQ Platform is starting
2025-01-30 04:04:13,666 DEBUG com.hivemq.helmcharts.util.K8sUtil - Comparing actual state 'STARTING' and waiting for 'RUNNING'
2025-01-30 04:04:23,677 INFO c.h.h.t.HelmChartContainer - [hivemq-test-hivemq-platform] [hivemq-platform-operator] [202a3df5] 04:04:23.674 [pool-6-thread-12] DEBUG c.h.p.o.d.PlatformServiceResource - [helmcont] Desired Platform services (3 services)
2025-01-30 04:04:23,678 INFO c.h.h.t.HelmChartContainer - [hivemq-test-hivemq-platform] [hivemq-platform-operator] [202a3df5] 04:04:23.675 [pool-6-thread-13] DEBUG c.h.p.o.dependants.PodInfoConfigMap - [helmcont] Desired PodInfo ConfigMap (1 extensions) (1 enabled)
2025-01-30 04:04:23,678 INFO c.h.h.t.HelmChartContainer - [hivemq-test-hivemq-platform] [hivemq-platform-operator] [202a3df5] 04:04:23.675 [pool-6-thread-13] DEBUG c.h.p.o.dependants.PodInfoConfigMap - [helmcont] Desired PodInfo ConfigMap (metrics port: 9399) (metrics path: /)
2025-01-30 04:04:23,678 INFO c.h.h.t.HelmChartContainer - [hivemq-test-hivemq-platform] [hivemq-platform-operator] [202a3df5] 04:04:23.675 [pool-6-thread-13] DEBUG c.h.p.o.dependants.PodInfoConfigMap - [helmcont] Desired PodInfo ConfigMap (extension state hash: -1817474005)
2025-01-30 04:04:23,681 INFO c.h.h.t.HelmChartContainer - [hivemq-test-hivemq-platform] [hivemq-platform-operator] [202a3df5] 04:04:23.677 [pool-6-thread-17] DEBUG c.h.p.o.d.PodServiceAccountResource - [helmcont] Desired PodServiceAccountResource (serviceAccountName: hivemq-platform-pod-test-hivemq-platform)
2025-01-30 04:04:23,687 INFO c.h.h.t.HelmChartContainer - [hivemq-test-hivemq-platform] [hivemq-platform-operator] [202a3df5] 04:04:23.685 [pool-6-thread-13] DEBUG c.h.p.o.dependants.PodInfoConfigMap - [helmcont] Update PodInfo ConfigMap
2025-01-30 04:04:23,696 INFO c.h.h.t.HelmChartContainer - [K3S] [alloc.go:330] "allocated clusterIPs" service="helmcontainersecuritycontextupgradeplatformit/hivemq-test-hivemq-platform-metrics-9399" clusterIPs={"IPv4":"10.43.198.202"}
2025-01-30 04:04:23,769 INFO c.h.h.t.HelmChartContainer - [K3S] [alloc.go:330] "allocated clusterIPs" service="helmcontainersecuritycontextupgradeplatformit/hivemq-test-hivemq-platform-mqtt-1883" clusterIPs={"IPv4":"10.43.157.151"}
2025-01-30 04:04:23,861 INFO c.h.h.t.HelmChartContainer - [K3S] [alloc.go:330] "allocated clusterIPs" service="helmcontainersecuritycontextupgradeplatformit/hivemq-test-hivemq-platform-cc-8080" clusterIPs={"IPv4":"10.43.138.46"}
2025-01-30 04:04:23,871 INFO c.h.h.t.HelmChartContainer - [hivemq-test-hivemq-platform] [hivemq-platform-operator] [202a3df5] 04:04:23.870 [pool-6-thread-20] DEBUG c.h.p.o.d.StatefulSetResource - [helmcont] Desired StatefulSet (1 replicas) for status STARTING (READY)
2025-01-30 04:04:23,960 INFO c.h.h.t.HelmChartContainer - [hivemq-test-hivemq-platform] [hivemq-platform-operator] [202a3df5] 04:04:23.959 [pool-6-thread-20] DEBUG c.h.p.o.d.StatefulSetResource - [helmcont] Create StatefulSet
2025-01-30 04:04:23,983 INFO c.h.h.t.HelmChartContainer - [POD] test-hivemq-platform-0 [d6f4a8ff-39e5-4945-9bc5-d22e6734c88b] in helmcontainersecuritycontextupgradeplatformit was ADDED
2025-01-30 04:04:23,984 INFO c.h.h.t.HelmChartContainer - [EVENT] Normal [SuccessfulCreate] create Pod test-hivemq-platform-0 in StatefulSet test-hivemq-platform successful [helmcontainersecuritycontextupgradeplatformit:test-hivemq-platform]
2025-01-30 04:04:23,986 INFO c.h.h.t.HelmChartContainer - [POD] test-hivemq-platform-0 [d6f4a8ff-39e5-4945-9bc5-d22e6734c88b] in helmcontainersecuritycontextupgradeplatformit was MODIFIED
2025-01-30 04:04:23,989 INFO c.h.h.t.HelmChartContainer - [EVENT] Normal [Scheduled] Successfully assigned helmcontainersecuritycontextupgradeplatformit/test-hivemq-platform-0 to 6c872e703766 [helmcontainersecuritycontextupgradeplatformit:test-hivemq-platform-0]
2025-01-30 04:04:23,998 INFO c.h.h.t.HelmChartContainer - [POD] test-hivemq-platform-0 [d6f4a8ff-39e5-4945-9bc5-d22e6734c88b] in helmcontainersecuritycontextupgradeplatformit was MODIFIED
2025-01-30 04:04:24,063 INFO c.h.h.t.HelmChartContainer - [hivemq-test-hivemq-platform] [hivemq-platform-operator] [202a3df5] 04:04:24.059 [ReconcilerExecutor-hivemq-controller-65] INFO  c.h.p.o.HiveMQPlatformReconciler - [helmcont] Reconciling HiveMQ Platform 'test-hivemq-platform' in namespace 'helmcontainersecuritycontextupgradeplatformit'
2025-01-30 04:04:24,064 INFO c.h.h.t.HelmChartContainer - [hivemq-test-hivemq-platform] [hivemq-platform-operator] [202a3df5] 04:04:24.059 [ReconcilerExecutor-hivemq-controller-65] DEBUG c.h.p.o.HiveMQPlatformReconciler - [helmcont] Custom Resource Status STARTING - HiveMQ Platform is starting (READY)
2025-01-30 04:04:24,064 INFO c.h.h.t.HelmChartContainer - [hivemq-test-hivemq-platform] [hivemq-platform-operator] [202a3df5] 04:04:24.059 [ReconcilerExecutor-hivemq-controller-65] DEBUG c.h.p.o.HiveMQPlatformReconciler - [helmcont] Custom Resource Spec (replicas: 1) (extensions: 1)
2025-01-30 04:04:24,065 INFO c.h.h.t.HelmChartContainer - [hivemq-test-hivemq-platform] [hivemq-platform-operator] [202a3df5] 04:04:24.063 [ReconcilerExecutor-hivemq-controller-65] DEBUG c.h.p.o.HiveMQPlatformReconciler - [helmcont] StatefulSet Status (revision: test-hivemq-platform-fc778bc4c, replicas: 1, available: 0, ready: 0, current: 1, updated: 1)
2025-01-30 04:04:24,065 INFO c.h.h.t.HelmChartContainer - [hivemq-test-hivemq-platform] [hivemq-platform-operator] [202a3df5] 04:04:24.063 [ReconcilerExecutor-hivemq-controller-65] DEBUG c.h.p.o.HiveMQPlatformReconciler - [helmcont] StatefulSet Spec (replicas: 1, init containers: 1, containers: 1, volumes: 3)
2025-01-30 04:04:24,095 INFO c.h.h.t.HelmChartContainer - [K3S] [reconciler_common.go:251] "operationExecutor.VerifyControllerAttachedVolume started for volume \"broker-configuration\" (UniqueName: \"kubernetes.io/configmap/d6f4a8ff-39e5-4945-9bc5-d22e6734c88b-broker-configuration\") pod \"test-hivemq-platform-0\" (UID: \"d6f4a8ff-39e5-4945-9bc5-d22e6734c88b\") " pod="helmcontainersecuritycontextupgradeplatformit/test-hivemq-platform-0"
2025-01-30 04:04:24,095 INFO c.h.h.t.HelmChartContainer - [K3S] [reconciler_common.go:251] "operationExecutor.VerifyControllerAttachedVolume started for volume \"operator-init\" (UniqueName: \"kubernetes.io/empty-dir/d6f4a8ff-39e5-4945-9bc5-d22e6734c88b-operator-init\") pod \"test-hivemq-platform-0\" (UID: \"d6f4a8ff-39e5-4945-9bc5-d22e6734c88b\") " pod="helmcontainersecuritycontextupgradeplatformit/test-hivemq-platform-0"
2025-01-30 04:04:24,095 INFO c.h.h.t.HelmChartContainer - [K3S] [reconciler_common.go:251] "operationExecutor.VerifyControllerAttachedVolume started for volume \"pod-info\" (UniqueName: \"kubernetes.io/configmap/d6f4a8ff-39e5-4945-9bc5-d22e6734c88b-pod-info\") pod \"test-hivemq-platform-0\" (UID: \"d6f4a8ff-39e5-4945-9bc5-d22e6734c88b\") " pod="helmcontainersecuritycontextupgradeplatformit/test-hivemq-platform-0"
2025-01-30 04:04:24,095 INFO c.h.h.t.HelmChartContainer - [K3S] [reconciler_common.go:251] "operationExecutor.VerifyControllerAttachedVolume started for volume \"kube-api-access-mnsft\" (UniqueName: \"kubernetes.io/projected/d6f4a8ff-39e5-4945-9bc5-d22e6734c88b-kube-api-access-mnsft\") pod \"test-hivemq-platform-0\" (UID: \"d6f4a8ff-39e5-4945-9bc5-d22e6734c88b\") " pod="helmcontainersecuritycontextupgradeplatformit/test-hivemq-platform-0"
2025-01-30 04:04:24,160 INFO c.h.h.t.HelmChartContainer - [hivemq-test-hivemq-platform] [hivemq-platform-operator] [202a3df5] 04:04:24.158 [ReconcilerExecutor-hivemq-controller-65] DEBUG c.h.p.o.h.HiveMQPlatformReconcilerErrorHandler - [helmcont] Pod 'test-hivemq-platform-0' phase Pending
2025-01-30 04:04:24,160 INFO c.h.h.t.HelmChartContainer - [hivemq-test-hivemq-platform] [hivemq-platform-operator] [202a3df5] 04:04:24.158 [ReconcilerExecutor-hivemq-controller-65] DEBUG c.h.p.o.h.HiveMQPlatformReconcilerErrorHandler - [helmcont] Pod 'test-hivemq-platform-0' condition 'PodScheduled': True
2025-01-30 04:04:24,161 INFO c.h.h.t.HelmChartContainer - [hivemq-test-hivemq-platform] [hivemq-platform-operator] [202a3df5] 04:04:24.160 [ReconcilerExecutor-hivemq-controller-65] INFO  c.h.p.o.h.HiveMQPlatformReconcilerBaseHandler - [helmcont] HiveMQ Platform is starting, 0 of 1 replicas are ready
2025-01-30 04:04:24,165 INFO c.h.h.t.HelmChartContainer - [hivemq-test-hivemq-platform] [hivemq-platform-operator] [202a3df5] 04:04:24.164 [pool-6-thread-22] DEBUG c.h.p.o.d.PlatformServiceResource - [helmcont] Desired Platform services (3 services)
2025-01-30 04:04:24,167 INFO c.h.h.t.HelmChartContainer - [hivemq-test-hivemq-platform] [hivemq-platform-operator] [202a3df5] 04:04:24.165 [pool-6-thread-23] DEBUG c.h.p.o.dependants.PodInfoConfigMap - [helmcont] Desired PodInfo ConfigMap (1 extensions) (1 enabled)
2025-01-30 04:04:24,167 INFO c.h.h.t.HelmChartContainer - [hivemq-test-hivemq-platform] [hivemq-platform-operator] [202a3df5] 04:04:24.165 [pool-6-thread-23] DEBUG c.h.p.o.dependants.PodInfoConfigMap - [helmcont] Desired PodInfo ConfigMap (metrics port: 9399) (metrics path: /)
2025-01-30 04:04:24,167 INFO c.h.h.t.HelmChartContainer - [hivemq-test-hivemq-platform] [hivemq-platform-operator] [202a3df5] 04:04:24.165 [pool-6-thread-23] DEBUG c.h.p.o.dependants.PodInfoConfigMap - [helmcont] Desired PodInfo ConfigMap (extension state hash: -1817474005)
2025-01-30 04:04:24,255 INFO c.h.h.t.HelmChartContainer - [hivemq-test-hivemq-platform] [hivemq-platform-operator] [202a3df5] 04:04:24.254 [pool-6-thread-27] DEBUG c.h.p.o.d.PodServiceAccountResource - [helmcont] Desired PodServiceAccountResource (serviceAccountName: hivemq-platform-pod-test-hivemq-platform)
2025-01-30 04:04:24,262 INFO c.h.h.t.HelmChartContainer - [hivemq-test-hivemq-platform] [hivemq-platform-operator] [202a3df5] 04:04:24.261 [pool-6-thread-30] DEBUG c.h.p.o.d.StatefulSetResource - [helmcont] Desired StatefulSet (1 replicas) for status STARTING (READY)
2025-01-30 04:04:24,358 INFO c.h.h.t.HelmChartContainer - [hivemq-test-hivemq-platform] [hivemq-platform-operator] [202a3df5] 04:04:24.356 [ReconcilerExecutor-hivemq-controller-76] INFO  c.h.p.o.HiveMQPlatformReconciler - [helmcont] Reconciling HiveMQ Platform 'test-hivemq-platform' in namespace 'helmcontainersecuritycontextupgradeplatformit'
2025-01-30 04:04:24,358 INFO c.h.h.t.HelmChartContainer - [hivemq-test-hivemq-platform] [hivemq-platform-operator] [202a3df5] 04:04:24.357 [ReconcilerExecutor-hivemq-controller-76] DEBUG c.h.p.o.HiveMQPlatformReconciler - [helmcont] Custom Resource Status STARTING - HiveMQ Platform is starting (READY)
2025-01-30 04:04:24,360 INFO c.h.h.t.HelmChartContainer - [hivemq-test-hivemq-platform] [hivemq-platform-operator] [202a3df5] 04:04:24.357 [ReconcilerExecutor-hivemq-controller-76] DEBUG c.h.p.o.HiveMQPlatformReconciler - [helmcont] Custom Resource Spec (replicas: 1) (extensions: 1)
2025-01-30 04:04:24,362 INFO c.h.h.t.HelmChartContainer - [hivemq-test-hivemq-platform] [hivemq-platform-operator] [202a3df5] 04:04:24.361 [ReconcilerExecutor-hivemq-controller-76] DEBUG c.h.p.o.HiveMQPlatformReconciler - [helmcont] StatefulSet Status (revision: test-hivemq-platform-fc778bc4c, replicas: 1, available: 0, ready: 0, current: 1, updated: 1)
2025-01-30 04:04:24,362 INFO c.h.h.t.HelmChartContainer - [hivemq-test-hivemq-platform] [hivemq-platform-operator] [202a3df5] 04:04:24.361 [ReconcilerExecutor-hivemq-controller-76] DEBUG c.h.p.o.HiveMQPlatformReconciler - [helmcont] StatefulSet Spec (replicas: 1, init containers: 1, containers: 1, volumes: 3)
2025-01-30 04:04:24,366 INFO c.h.h.t.HelmChartContainer - [hivemq-test-hivemq-platform] [hivemq-platform-operator] [202a3df5] 04:04:24.366 [ReconcilerExecutor-hivemq-controller-76] DEBUG c.h.p.o.h.HiveMQPlatformReconcilerErrorHandler - [helmcont] Pod 'test-hivemq-platform-0' phase Pending
2025-01-30 04:04:24,371 INFO c.h.h.t.HelmChartContainer - [hivemq-test-hivemq-platform] [hivemq-platform-operator] [202a3df5] 04:04:24.366 [ReconcilerExecutor-hivemq-controller-76] DEBUG c.h.p.o.h.HiveMQPlatformReconcilerErrorHandler - [helmcont] Pod 'test-hivemq-platform-0' condition 'PodReadyToStartContainers': False
2025-01-30 04:04:24,371 INFO c.h.h.t.HelmChartContainer - [hivemq-test-hivemq-platform] [hivemq-platform-operator] [202a3df5] 04:04:24.366 [ReconcilerExecutor-hivemq-controller-76] DEBUG c.h.p.o.h.HiveMQPlatformReconcilerErrorHandler - [helmcont] Pod 'test-hivemq-platform-0' condition 'Initialized': False
2025-01-30 04:04:24,371 INFO c.h.h.t.HelmChartContainer - [hivemq-test-hivemq-platform] [hivemq-platform-operator] [202a3df5] 04:04:24.366 [ReconcilerExecutor-hivemq-controller-76] DEBUG c.h.p.o.h.HiveMQPlatformReconcilerErrorHandler - [helmcont] Pod 'test-hivemq-platform-0' condition 'Ready': False
2025-01-30 04:04:24,372 INFO c.h.h.t.HelmChartContainer - [hivemq-test-hivemq-platform] [hivemq-platform-operator] [202a3df5] 04:04:24.366 [ReconcilerExecutor-hivemq-controller-76] DEBUG c.h.p.o.h.HiveMQPlatformReconcilerErrorHandler - [helmcont] Pod 'test-hivemq-platform-0' condition 'ContainersReady': False
2025-01-30 04:04:24,372 INFO c.h.h.t.HelmChartContainer - [hivemq-test-hivemq-platform] [hivemq-platform-operator] [202a3df5] 04:04:24.366 [ReconcilerExecutor-hivemq-controller-76] DEBUG c.h.p.o.h.HiveMQPlatformReconcilerErrorHandler - [helmcont] Pod 'test-hivemq-platform-0' condition 'PodScheduled': True
2025-01-30 04:04:24,372 INFO c.h.h.t.HelmChartContainer - [hivemq-test-hivemq-platform] [hivemq-platform-operator] [202a3df5] 04:04:24.366 [ReconcilerExecutor-hivemq-controller-76] DEBUG c.h.p.o.h.HiveMQPlatformReconcilerErrorHandler - [helmcont] Pod 'test-hivemq-platform-0' containerStatus 'hivemq' (started: false) (ready: false) (waiting: [PodInitializing] null)
2025-01-30 04:04:24,372 INFO c.h.h.t.HelmChartContainer - [hivemq-test-hivemq-platform] [hivemq-platform-operator] [202a3df5] 04:04:24.369 [ReconcilerExecutor-hivemq-controller-76] INFO  c.h.p.o.h.HiveMQPlatformReconcilerBaseHandler - [helmcont] HiveMQ Platform is starting, 0 of 1 replicas are ready
2025-01-30 04:04:24,393 INFO c.h.h.t.HelmChartContainer - [EVENT] Normal [Pulled] Container image "docker.io/hivemq/hivemq-platform-operator-init-test:snapshot" already present on machine [helmcontainersecuritycontextupgradeplatformit:test-hivemq-platform-0]
2025-01-30 04:04:24,544 INFO c.h.h.t.HelmChartContainer - [EVENT] Normal [Created] Created container: hivemq-platform-operator-init [helmcontainersecuritycontextupgradeplatformit:test-hivemq-platform-0]
2025-01-30 04:04:24,583 INFO c.h.h.t.HelmChartContainer - [EVENT] Normal [Started] Started container hivemq-platform-operator-init [helmcontainersecuritycontextupgradeplatformit:test-hivemq-platform-0]
2025-01-30 04:04:25,579 INFO c.h.h.t.HelmChartContainer - [EVENT] Normal [Pulled] Container image "docker.io/hivemq/hivemq4:4.36.0" already present on machine [helmcontainersecuritycontextupgradeplatformit:test-hivemq-platform-0]
2025-01-30 04:04:25,580 INFO c.h.h.t.HelmChartContainer - Received Pulled event for container hivemq in pod test-hivemq-platform-0 [d6f4a8ff-39e5-4945-9bc5-d22e6734c88b]
2025-01-30 04:04:25,586 INFO c.h.h.t.HelmChartContainer - [POD] test-hivemq-platform-0 [d6f4a8ff-39e5-4945-9bc5-d22e6734c88b] in helmcontainersecuritycontextupgradeplatformit was MODIFIED
2025-01-30 04:04:25,604 INFO c.h.h.t.HelmChartContainer - [hivemq-test-hivemq-platform] [hivemq-platform-operator] [202a3df5] 04:04:25.599 [pool-6-thread-32] DEBUG c.h.p.o.d.PlatformServiceResource - [helmcont] Desired Platform services (3 services)
2025-01-30 04:04:25,613 INFO c.h.h.t.HelmChartContainer - [hivemq-test-hivemq-platform] [hivemq-platform-operator] [202a3df5] 04:04:25.604 [pool-6-thread-33] DEBUG c.h.p.o.dependants.PodInfoConfigMap - [helmcont] Desired PodInfo ConfigMap (1 extensions) (1 enabled)
2025-01-30 04:04:25,613 INFO c.h.h.t.HelmChartContainer - [hivemq-test-hivemq-platform] [hivemq-platform-operator] [202a3df5] 04:04:25.605 [pool-6-thread-33] DEBUG c.h.p.o.dependants.PodInfoConfigMap - [helmcont] Desired PodInfo ConfigMap (metrics port: 9399) (metrics path: /)
2025-01-30 04:04:25,613 INFO c.h.h.t.HelmChartContainer - [hivemq-test-hivemq-platform] [hivemq-platform-operator] [202a3df5] 04:04:25.605 [pool-6-thread-33] DEBUG c.h.p.o.dependants.PodInfoConfigMap - [helmcont] Desired PodInfo ConfigMap (extension state hash: -1817474005)
2025-01-30 04:04:25,615 INFO c.h.h.t.HelmChartContainer - [hivemq-test-hivemq-platform] [hivemq-platform-operator] [202a3df5] 04:04:25.613 [pool-6-thread-37] DEBUG c.h.p.o.d.PodServiceAccountResource - [helmcont] Desired PodServiceAccountResource (serviceAccountName: hivemq-platform-pod-test-hivemq-platform)
2025-01-30 04:04:25,656 INFO c.h.h.t.HelmChartContainer - [hivemq-test-hivemq-platform] [hivemq-platform-operator] [202a3df5] 04:04:25.656 [pool-6-thread-40] DEBUG c.h.p.o.d.StatefulSetResource - [helmcont] Desired StatefulSet (1 replicas) for status STARTING (READY)
2025-01-30 04:04:25,662 INFO c.h.h.t.HelmChartContainer - [hivemq-test-hivemq-platform] [hivemq-platform-operator] [202a3df5] 04:04:25.661 [ReconcilerExecutor-hivemq-controller-87] INFO  c.h.p.o.HiveMQPlatformReconciler - [helmcont] Reconciling HiveMQ Platform 'test-hivemq-platform' in namespace 'helmcontainersecuritycontextupgradeplatformit'
2025-01-30 04:04:25,662 INFO c.h.h.t.HelmChartContainer - [hivemq-test-hivemq-platform] [hivemq-platform-operator] [202a3df5] 04:04:25.661 [ReconcilerExecutor-hivemq-controller-87] DEBUG c.h.p.o.HiveMQPlatformReconciler - [helmcont] Custom Resource Status STARTING - HiveMQ Platform is starting (READY)
2025-01-30 04:04:25,662 INFO c.h.h.t.HelmChartContainer - [hivemq-test-hivemq-platform] [hivemq-platform-operator] [202a3df5] 04:04:25.661 [ReconcilerExecutor-hivemq-controller-87] DEBUG c.h.p.o.HiveMQPlatformReconciler - [helmcont] Custom Resource Spec (replicas: 1) (extensions: 1)
2025-01-30 04:04:25,665 INFO c.h.h.t.HelmChartContainer - [hivemq-test-hivemq-platform] [hivemq-platform-operator] [202a3df5] 04:04:25.663 [ReconcilerExecutor-hivemq-controller-87] DEBUG c.h.p.o.HiveMQPlatformReconciler - [helmcont] StatefulSet Status (revision: test-hivemq-platform-fc778bc4c, replicas: 1, available: 0, ready: 0, current: 1, updated: 1)
2025-01-30 04:04:25,665 INFO c.h.h.t.HelmChartContainer - [hivemq-test-hivemq-platform] [hivemq-platform-operator] [202a3df5] 04:04:25.664 [ReconcilerExecutor-hivemq-controller-87] DEBUG c.h.p.o.HiveMQPlatformReconciler - [helmcont] StatefulSet Spec (replicas: 1, init containers: 1, containers: 1, volumes: 3)
2025-01-30 04:04:25,669 INFO c.h.h.t.HelmChartContainer - [hivemq-test-hivemq-platform] [hivemq-platform-operator] [202a3df5] 04:04:25.668 [ReconcilerExecutor-hivemq-controller-87] DEBUG c.h.p.o.h.HiveMQPlatformReconcilerErrorHandler - [helmcont] Pod 'test-hivemq-platform-0' phase Pending
2025-01-30 04:04:25,670 INFO c.h.h.t.HelmChartContainer - [hivemq-test-hivemq-platform] [hivemq-platform-operator] [202a3df5] 04:04:25.669 [ReconcilerExecutor-hivemq-controller-87] DEBUG c.h.p.o.h.HiveMQPlatformReconcilerErrorHandler - [helmcont] Pod 'test-hivemq-platform-0' condition 'PodReadyToStartContainers': True
2025-01-30 04:04:25,670 INFO c.h.h.t.HelmChartContainer - [hivemq-test-hivemq-platform] [hivemq-platform-operator] [202a3df5] 04:04:25.669 [ReconcilerExecutor-hivemq-controller-87] DEBUG c.h.p.o.h.HiveMQPlatformReconcilerErrorHandler - [helmcont] Pod 'test-hivemq-platform-0' condition 'Initialized': True
2025-01-30 04:04:25,671 INFO c.h.h.t.HelmChartContainer - [hivemq-test-hivemq-platform] [hivemq-platform-operator] [202a3df5] 04:04:25.669 [ReconcilerExecutor-hivemq-controller-87] DEBUG c.h.p.o.h.HiveMQPlatformReconcilerErrorHandler - [helmcont] Pod 'test-hivemq-platform-0' condition 'Ready': False
2025-01-30 04:04:25,671 INFO c.h.h.t.HelmChartContainer - [hivemq-test-hivemq-platform] [hivemq-platform-operator] [202a3df5] 04:04:25.669 [ReconcilerExecutor-hivemq-controller-87] DEBUG c.h.p.o.h.HiveMQPlatformReconcilerErrorHandler - [helmcont] Pod 'test-hivemq-platform-0' condition 'ContainersReady': False
2025-01-30 04:04:25,671 INFO c.h.h.t.HelmChartContainer - [hivemq-test-hivemq-platform] [hivemq-platform-operator] [202a3df5] 04:04:25.669 [ReconcilerExecutor-hivemq-controller-87] DEBUG c.h.p.o.h.HiveMQPlatformReconcilerErrorHandler - [helmcont] Pod 'test-hivemq-platform-0' condition 'PodScheduled': True
2025-01-30 04:04:25,671 INFO c.h.h.t.HelmChartContainer - [hivemq-test-hivemq-platform] [hivemq-platform-operator] [202a3df5] 04:04:25.669 [ReconcilerExecutor-hivemq-controller-87] DEBUG c.h.p.o.h.HiveMQPlatformReconcilerErrorHandler - [helmcont] Pod 'test-hivemq-platform-0' containerStatus 'hivemq' (started: false) (ready: false) (waiting: [PodInitializing] null)
2025-01-30 04:04:25,671 INFO c.h.h.t.HelmChartContainer - [hivemq-test-hivemq-platform] [hivemq-platform-operator] [202a3df5] 04:04:25.670 [ReconcilerExecutor-hivemq-controller-87] INFO  c.h.p.o.h.HiveMQPlatformReconcilerBaseHandler - [helmcont] HiveMQ Platform is starting, 0 of 1 replicas are ready
2025-01-30 04:04:27,260 INFO c.h.h.t.HelmChartContainer - [EVENT] Normal [Created] Created container: hivemq [helmcontainersecuritycontextupgradeplatformit:test-hivemq-platform-0]
2025-01-30 04:04:27,260 INFO c.h.h.t.HelmChartContainer - Received Created event for container hivemq in pod test-hivemq-platform-0 [d6f4a8ff-39e5-4945-9bc5-d22e6734c88b]
2025-01-30 04:04:27,591 INFO c.h.h.t.HelmChartContainer - [POD] test-hivemq-platform-0 [d6f4a8ff-39e5-4945-9bc5-d22e6734c88b] in helmcontainersecuritycontextupgradeplatformit was MODIFIED
2025-01-30 04:04:27,600 INFO c.h.h.t.HelmChartContainer - [hivemq-test-hivemq-platform] [hivemq-platform-operator] [202a3df5] 04:04:27.600 [pool-6-thread-42] DEBUG c.h.p.o.d.PlatformServiceResource - [helmcont] Desired Platform services (3 services)
2025-01-30 04:04:27,603 INFO c.h.h.t.HelmChartContainer - [hivemq-test-hivemq-platform] [hivemq-platform-operator] [202a3df5] 04:04:27.602 [pool-6-thread-43] DEBUG c.h.p.o.dependants.PodInfoConfigMap - [helmcont] Desired PodInfo ConfigMap (1 extensions) (1 enabled)
2025-01-30 04:04:27,604 INFO c.h.h.t.HelmChartContainer - [EVENT] Normal [Started] Started container hivemq [helmcontainersecuritycontextupgradeplatformit:test-hivemq-platform-0]
2025-01-30 04:04:27,604 INFO c.h.h.t.HelmChartContainer - Started log watcher for hivemq in pod test-hivemq-platform-0 [d6f4a8ff-39e5-4945-9bc5-d22e6734c88b]
2025-01-30 04:04:27,605 INFO c.h.h.t.HelmChartContainer - Received Started event for container hivemq in pod test-hivemq-platform-0 [d6f4a8ff-39e5-4945-9bc5-d22e6734c88b]
2025-01-30 04:04:27,605 INFO c.h.h.t.HelmChartContainer - [test-hivemq-platform] [hivemq] [d6f4a8ff] Adding pre-installed HiveMQ Platform Operator extensions
2025-01-30 04:04:27,605 INFO c.h.h.t.HelmChartContainer - [test-hivemq-platform] [hivemq] [d6f4a8ff] Running as user 10000
2025-01-30 04:04:27,605 INFO c.h.h.t.HelmChartContainer - [test-hivemq-platform] [hivemq] [d6f4a8ff] Starting HiveMQ Platform Operator Init
2025-01-30 04:04:27,604 INFO c.h.h.t.HelmChartContainer - [hivemq-test-hivemq-platform] [hivemq-platform-operator] [202a3df5] 04:04:27.602 [pool-6-thread-43] DEBUG c.h.p.o.dependants.PodInfoConfigMap - [helmcont] Desired PodInfo ConfigMap (metrics port: 9399) (metrics path: /)
2025-01-30 04:04:27,605 INFO c.h.h.t.HelmChartContainer - [hivemq-test-hivemq-platform] [hivemq-platform-operator] [202a3df5] 04:04:27.602 [pool-6-thread-43] DEBUG c.h.p.o.dependants.PodInfoConfigMap - [helmcont] Desired PodInfo ConfigMap (extension state hash: -1817474005)
2025-01-30 04:04:27,610 INFO c.h.h.t.HelmChartContainer - [hivemq-test-hivemq-platform] [hivemq-platform-operator] [202a3df5] 04:04:27.608 [pool-6-thread-47] DEBUG c.h.p.o.d.PodServiceAccountResource - [helmcont] Desired PodServiceAccountResource (serviceAccountName: hivemq-platform-pod-test-hivemq-platform)
2025-01-30 04:04:27,658 INFO c.h.h.t.HelmChartContainer - [hivemq-test-hivemq-platform] [hivemq-platform-operator] [202a3df5] 04:04:27.657 [pool-6-thread-50] DEBUG c.h.p.o.d.StatefulSetResource - [helmcont] Desired StatefulSet (1 replicas) for status STARTING (READY)
2025-01-30 04:04:27,661 INFO c.h.h.t.HelmChartContainer - [hivemq-test-hivemq-platform] [hivemq-platform-operator] [202a3df5] 04:04:27.660 [ReconcilerExecutor-hivemq-controller-98] INFO  c.h.p.o.HiveMQPlatformReconciler - [helmcont] Reconciling HiveMQ Platform 'test-hivemq-platform' in namespace 'helmcontainersecuritycontextupgradeplatformit'
2025-01-30 04:04:27,662 INFO c.h.h.t.HelmChartContainer - [hivemq-test-hivemq-platform] [hivemq-platform-operator] [202a3df5] 04:04:27.661 [ReconcilerExecutor-hivemq-controller-98] DEBUG c.h.p.o.HiveMQPlatformReconciler - [helmcont] Custom Resource Status STARTING - HiveMQ Platform is starting (READY)
2025-01-30 04:04:27,662 INFO c.h.h.t.HelmChartContainer - [hivemq-test-hivemq-platform] [hivemq-platform-operator] [202a3df5] 04:04:27.661 [ReconcilerExecutor-hivemq-controller-98] DEBUG c.h.p.o.HiveMQPlatformReconciler - [helmcont] Custom Resource Spec (replicas: 1) (extensions: 1)
2025-01-30 04:04:27,665 INFO c.h.h.t.HelmChartContainer - [hivemq-test-hivemq-platform] [hivemq-platform-operator] [202a3df5] 04:04:27.664 [ReconcilerExecutor-hivemq-controller-98] DEBUG c.h.p.o.HiveMQPlatformReconciler - [helmcont] StatefulSet Status (revision: test-hivemq-platform-fc778bc4c, replicas: 1, available: 0, ready: 0, current: 1, updated: 1)
2025-01-30 04:04:27,666 INFO c.h.h.t.HelmChartContainer - [hivemq-test-hivemq-platform] [hivemq-platform-operator] [202a3df5] 04:04:27.664 [ReconcilerExecutor-hivemq-controller-98] DEBUG c.h.p.o.HiveMQPlatformReconciler - [helmcont] StatefulSet Spec (replicas: 1, init containers: 1, containers: 1, volumes: 3)
2025-01-30 04:04:27,667 INFO c.h.h.t.HelmChartContainer - [hivemq-test-hivemq-platform] [hivemq-platform-operator] [202a3df5] 04:04:27.666 [ReconcilerExecutor-hivemq-controller-98] DEBUG c.h.p.o.h.HiveMQPlatformReconcilerErrorHandler - [helmcont] Pod 'test-hivemq-platform-0' phase Running
2025-01-30 04:04:27,668 INFO c.h.h.t.HelmChartContainer - [hivemq-test-hivemq-platform] [hivemq-platform-operator] [202a3df5] 04:04:27.667 [ReconcilerExecutor-hivemq-controller-98] INFO  c.h.p.o.h.HiveMQPlatformReconcilerBaseHandler - [helmcont] HiveMQ Platform is starting, 0 of 1 replicas are ready
2025-01-30 04:04:28,437 INFO c.h.h.t.HelmChartContainer - [test-hivemq-platform] [hivemq] [d6f4a8ff] INFO  - [HiveMQ Platform Operator Init 1.7.0-SNAPSHOT] HiveMQ Platform Operator Init 1.7.0-SNAPSHOT (commit: 47e3375 on branch: HEAD) built on Thu Jan 30 03:55:50 UTC 2025
2025-01-30 04:04:29,563 INFO c.h.h.t.HelmChartContainer - [test-hivemq-platform] [hivemq] [d6f4a8ff] INFO  - [HiveMQ Platform Operator Init App 1.7.0-SNAPSHOT] Using bind address 10.42.0.10 from environment variable
2025-01-30 04:04:30,459 INFO c.h.h.t.HelmChartContainer - [test-hivemq-platform] [hivemq] [d6f4a8ff] INFO  - [HiveMQ Platform Operator Init App 1.7.0-SNAPSHOT] HiveMQ Platform Operator Init App 1.7.0-SNAPSHOT (commit: 47e3375 on branch: HEAD) built on Thu Jan 30 03:55:50 UTC 2025
2025-01-30 04:04:30,459 INFO c.h.h.t.HelmChartContainer - [test-hivemq-platform] [hivemq] [d6f4a8ff] INFO  - [HiveMQ Platform Operator Init App 1.7.0-SNAPSHOT] PodInfo ConfigMap directory: /etc/podinfo
2025-01-30 04:04:30,459 INFO c.h.h.t.HelmChartContainer - [test-hivemq-platform] [hivemq] [d6f4a8ff] INFO  - [HiveMQ Platform Operator Init App 1.7.0-SNAPSHOT] HiveMQ home directory: /opt/hivemq
2025-01-30 04:04:30,459 INFO c.h.h.t.HelmChartContainer - [test-hivemq-platform] [hivemq] [d6f4a8ff] INFO  - [HiveMQ Platform Operator Init App 1.7.0-SNAPSHOT] HiveMQ Logback folder: /opt/hivemq/conf
2025-01-30 04:04:30,459 INFO c.h.h.t.HelmChartContainer - [test-hivemq-platform] [hivemq] [d6f4a8ff] INFO  - [HiveMQ Platform Operator Init App 1.7.0-SNAPSHOT] HiveMQ Config folder: /opt/hivemq/conf-k8s
2025-01-30 04:04:30,459 INFO c.h.h.t.HelmChartContainer - [test-hivemq-platform] [hivemq] [d6f4a8ff] INFO  - [HiveMQ Platform Operator Init App 1.7.0-SNAPSHOT] Starting HiveMQ Platform Operator Init App
2025-01-30 04:04:30,460 INFO c.h.h.t.HelmChartContainer - [test-hivemq-platform] [hivemq] [d6f4a8ff] INFO  - [HiveMQ Platform Operator Init App 1.7.0-SNAPSHOT] Starting Pod reconciler
2025-01-30 04:04:31,649 INFO c.h.h.t.HelmChartContainer - [test-hivemq-platform] [hivemq] [d6f4a8ff] INFO  - [HiveMQ Platform Operator Init App 1.7.0-SNAPSHOT] Pod reconciler is scheduled (interval: 5000 ms)
2025-01-30 04:04:31,650 INFO c.h.h.t.HelmChartContainer - [test-hivemq-platform] [hivemq] [d6f4a8ff] INFO  - [HiveMQ Platform Operator Init App 1.7.0-SNAPSHOT] Starting the REST API on 10.42.0.10:7979
2025-01-30 04:04:31,652 INFO c.h.h.t.HelmChartContainer - [test-hivemq-platform] [hivemq] [d6f4a8ff] INFO  - [HiveMQ Platform Operator Init App 1.7.0-SNAPSHOT] Waiting up to 600s for at most 1 HiveMQ nodes in cluster service hivemq-test-hivemq-platform-cluster.helmcontainersecuritycontextupgradeplatformit.svc
2025-01-30 04:04:32,025 INFO c.h.h.t.HelmChartContainer - [test-hivemq-platform] [hivemq] [d6f4a8ff] INFO  - [HiveMQ Platform Operator Init App 1.7.0-SNAPSHOT] Resolved 1 IP addresses: [10.42.0.10]
2025-01-30 04:04:32,025 INFO c.h.h.t.HelmChartContainer - [test-hivemq-platform] [hivemq] [d6f4a8ff] INFO  - [HiveMQ Platform Operator Init App 1.7.0-SNAPSHOT] HiveMQ node count of 1 is within threshold of 1
2025-01-30 04:04:32,025 INFO c.h.h.t.HelmChartContainer - [test-hivemq-platform] [hivemq] [d6f4a8ff] INFO  - [HiveMQ Platform Operator Init App 1.7.0-SNAPSHOT] Proceeding with container start
2025-01-30 04:04:32,058 INFO c.h.h.t.HelmChartContainer - [test-hivemq-platform] [hivemq] [d6f4a8ff] INFO  - [HiveMQ Platform Operator Init App 1.7.0-SNAPSHOT] Initializing HiveMQ Platform extensions with initial configuration: {hivemq-allow-all-extension={start-priority=-1, skip-https-hostname-verification=false, restart=true, config-version=0, header-version=0, c-uri=, priority=-1, uri=preinstalled, skip-https-certificate-validation=false, enabled=true}, hivemq-prometheus-extension={priority=-1, restart=true, enabled=true, request-header-path=no-request-headers, uri=preinstalled, skip-https-certificate-validation=false, skip-https-hostname-verification=false, c-uri=, start-priority=-1}}
2025-01-30 04:04:32,539 INFO c.h.h.t.HelmChartContainer - [test-hivemq-platform] [hivemq] [d6f4a8ff] INFO  - [HiveMQ Platform Operator Init App 1.7.0-SNAPSHOT] Extension hivemq-allow-all-extension was already enabled
2025-01-30 04:04:32,547 INFO c.h.h.t.HelmChartContainer - [test-hivemq-platform] [hivemq] [d6f4a8ff] INFO  - [HiveMQ Platform Operator Init App 1.7.0-SNAPSHOT] Successfully enabled extension hivemq-prometheus-extension
2025-01-30 04:04:32,548 INFO c.h.h.t.HelmChartContainer - [test-hivemq-platform] [hivemq] [d6f4a8ff] INFO  - [HiveMQ Platform Operator Init App 1.7.0-SNAPSHOT] Starting HiveMQ Platform version 4.36.0 (4.36.0)
2025-01-30 04:04:32,549 INFO c.h.h.t.HelmChartContainer - [test-hivemq-platform] [hivemq] [d6f4a8ff] INFO  - [HiveMQ Platform Operator Init App 1.7.0-SNAPSHOT] Configuring the HiveMQ Platform
2025-01-30 04:04:32,641 INFO c.h.h.t.HelmChartContainer - [test-hivemq-platform] [hivemq] [d6f4a8ff] INFO  - [HiveMQ Platform Operator Init App 1.7.0-SNAPSHOT] Changed logback.xml file scan period to 20 seconds
2025-01-30 04:04:32,727 INFO c.h.h.t.HelmChartContainer - [test-hivemq-platform] [hivemq] [d6f4a8ff] INFO  - [HiveMQ Platform Operator Init App 1.7.0-SNAPSHOT] Starting the HiveMQ Platform
2025-01-30 04:04:32,738 INFO c.h.h.t.HelmChartContainer - [test-hivemq-platform] [hivemq] [d6f4a8ff] -------------------------------------------------------------------------
2025-01-30 04:04:32,738 INFO c.h.h.t.HelmChartContainer - [test-hivemq-platform] [hivemq] [d6f4a8ff] 
2025-01-30 04:04:32,738 INFO c.h.h.t.HelmChartContainer - [test-hivemq-platform] [hivemq] [d6f4a8ff]                   _    _  _              __  __   ____
2025-01-30 04:04:32,738 INFO c.h.h.t.HelmChartContainer - [test-hivemq-platform] [hivemq] [d6f4a8ff]                  | |  | |(_)            |  \/  | / __ \
2025-01-30 04:04:32,738 INFO c.h.h.t.HelmChartContainer - [test-hivemq-platform] [hivemq] [d6f4a8ff]                  | |__| | _ __   __ ___ | \  / || |  | |
2025-01-30 04:04:32,738 INFO c.h.h.t.HelmChartContainer - [test-hivemq-platform] [hivemq] [d6f4a8ff]                  |  __  || |\ \ / // _ \| |\/| || |  | |
2025-01-30 04:04:32,738 INFO c.h.h.t.HelmChartContainer - [test-hivemq-platform] [hivemq] [d6f4a8ff]                  | |  | || | \ V /|  __/| |  | || |__| |
2025-01-30 04:04:32,738 INFO c.h.h.t.HelmChartContainer - [test-hivemq-platform] [hivemq] [d6f4a8ff]                  |_|  |_||_|  \_/  \___||_|  |_| \___\_\
2025-01-30 04:04:32,738 INFO c.h.h.t.HelmChartContainer - [test-hivemq-platform] [hivemq] [d6f4a8ff] 
2025-01-30 04:04:32,738 INFO c.h.h.t.HelmChartContainer - [test-hivemq-platform] [hivemq] [d6f4a8ff] -------------------------------------------------------------------------
2025-01-30 04:04:32,738 INFO c.h.h.t.HelmChartContainer - [test-hivemq-platform] [hivemq] [d6f4a8ff] 
2025-01-30 04:04:32,738 INFO c.h.h.t.HelmChartContainer - [test-hivemq-platform] [hivemq] [d6f4a8ff]   HiveMQ Start Script for Linux/Unix v1.14
2025-01-30 04:04:32,738 INFO c.h.h.t.HelmChartContainer - [test-hivemq-platform] [hivemq] [d6f4a8ff] 
2025-01-30 04:04:32,767 INFO c.h.h.t.HelmChartContainer - [test-hivemq-platform] [hivemq] [d6f4a8ff] -------------------------------------------------------------------------
2025-01-30 04:04:32,767 INFO c.h.h.t.HelmChartContainer - [test-hivemq-platform] [hivemq] [d6f4a8ff] 
2025-01-30 04:04:32,767 INFO c.h.h.t.HelmChartContainer - [test-hivemq-platform] [hivemq] [d6f4a8ff]   HIVEMQ_HOME: /opt/hivemq
2025-01-30 04:04:32,767 INFO c.h.h.t.HelmChartContainer - [test-hivemq-platform] [hivemq] [d6f4a8ff] 
2025-01-30 04:04:32,767 INFO c.h.h.t.HelmChartContainer - [test-hivemq-platform] [hivemq] [d6f4a8ff]   JAVA_OPTS: -XX:+UnlockExperimentalVMOptions -XX:InitialRAMPercentage=50 -XX:MaxRAMPercentage=50 -Djava.net.preferIPv4Stack=true --add-opens java.base/java.lang=ALL-UNNAMED --add-opens java.base/java.nio=ALL-UNNAMED --add-opens java.base/sun.nio.ch=ALL-UNNAMED --add-opens jdk.management/com.sun.management.internal=ALL-UNNAMED --add-exports java.base/jdk.internal.misc=ALL-UNNAMED -Djava.security.egd=file:/dev/./urandom -Dcom.sun.management.jmxremote -Dcom.sun.management.jmxremote.port=9010 -Dcom.sun.management.jmxremote.local.only=false -Dcom.sun.management.jmxremote.authenticate=false -Dcom.sun.management.jmxremote.ssl=false -Duser.language=en -Duser.region=US -XX:+CrashOnOutOfMemoryError -XX:+HeapDumpOnOutOfMemoryError
2025-01-30 04:04:32,767 INFO c.h.h.t.HelmChartContainer - [test-hivemq-platform] [hivemq] [d6f4a8ff] 
2025-01-30 04:04:32,767 INFO c.h.h.t.HelmChartContainer - [test-hivemq-platform] [hivemq] [d6f4a8ff]   JAVA_VERSION: 21
2025-01-30 04:04:32,767 INFO c.h.h.t.HelmChartContainer - [test-hivemq-platform] [hivemq] [d6f4a8ff] 
2025-01-30 04:04:32,767 INFO c.h.h.t.HelmChartContainer - [test-hivemq-platform] [hivemq] [d6f4a8ff] -------------------------------------------------------------------------
2025-01-30 04:04:32,767 INFO c.h.h.t.HelmChartContainer - [test-hivemq-platform] [hivemq] [d6f4a8ff] 
2025-01-30 04:04:33,649 INFO c.h.h.t.HelmChartContainer - [test-hivemq-platform] [hivemq] [d6f4a8ff] INFO  - [HiveMQ Platform Operator Init App 1.7.0-SNAPSHOT] Returning default Health API response 503 for readiness
2025-01-30 04:04:34,041 INFO c.h.h.t.HelmChartContainer - [EVENT] Warning [Unhealthy] Readiness probe failed: HTTP probe failed with statuscode: 503 [helmcontainersecuritycontextupgradeplatformit:test-hivemq-platform-0]
2025-01-30 04:04:34,041 INFO c.h.h.t.HelmChartContainer - Received Unhealthy event for container hivemq in pod test-hivemq-platform-0 [d6f4a8ff-39e5-4945-9bc5-d22e6734c88b]
2025-01-30 04:04:35,347 INFO c.h.h.t.HelmChartContainer - [test-hivemq-platform] [hivemq] [d6f4a8ff] INFO  - Starting HiveMQ Enterprise Server
2025-01-30 04:04:35,353 INFO c.h.h.t.HelmChartContainer - [test-hivemq-platform] [hivemq] [d6f4a8ff] INFO  - HiveMQ version: 4.36.0
2025-01-30 04:04:35,353 INFO c.h.h.t.HelmChartContainer - [test-hivemq-platform] [hivemq] [d6f4a8ff] INFO  - HiveMQ home directory: /opt/hivemq
2025-01-30 04:04:35,354 INFO c.h.h.t.HelmChartContainer - [test-hivemq-platform] [hivemq] [d6f4a8ff] INFO  - Log Configuration was overridden by /opt/hivemq/conf/logback.xml
2025-01-30 04:04:36,647 INFO c.h.h.t.HelmChartContainer - [test-hivemq-platform] [hivemq] [d6f4a8ff] INFO  - Successfully loaded configuration from '/opt/hivemq/conf-k8s/config.xml'.
2025-01-30 04:04:37,540 INFO c.h.h.t.HelmChartContainer - [test-hivemq-platform] [hivemq] [d6f4a8ff] INFO  - This node's ID is PAoEp
2025-01-30 04:04:37,541 INFO c.h.h.t.HelmChartContainer - [test-hivemq-platform] [hivemq] [d6f4a8ff] INFO  - Clustering is enabled
2025-01-30 04:04:37,674 INFO c.h.h.t.HelmChartContainer - [hivemq-test-hivemq-platform] [hivemq-platform-operator] [202a3df5] 04:04:37.671 [pool-6-thread-6] DEBUG c.h.p.o.d.PlatformServiceResource - [helmcont] Desired Platform services (3 services)
2025-01-30 04:04:37,674 INFO c.h.h.t.HelmChartContainer - [hivemq-test-hivemq-platform] [hivemq-platform-operator] [202a3df5] 04:04:37.672 [pool-6-thread-3] DEBUG c.h.p.o.dependants.PodInfoConfigMap - [helmcont] Desired PodInfo ConfigMap (1 extensions) (1 enabled)
2025-01-30 04:04:37,674 INFO c.h.h.t.HelmChartContainer - [hivemq-test-hivemq-platform] [hivemq-platform-operator] [202a3df5] 04:04:37.672 [pool-6-thread-3] DEBUG c.h.p.o.dependants.PodInfoConfigMap - [helmcont] Desired PodInfo ConfigMap (metrics port: 9399) (metrics path: /)
2025-01-30 04:04:37,674 INFO c.h.h.t.HelmChartContainer - [hivemq-test-hivemq-platform] [hivemq-platform-operator] [202a3df5] 04:04:37.672 [pool-6-thread-3] DEBUG c.h.p.o.dependants.PodInfoConfigMap - [helmcont] Desired PodInfo ConfigMap (extension state hash: -1817474005)
2025-01-30 04:04:37,675 INFO c.h.h.t.HelmChartContainer - [hivemq-test-hivemq-platform] [hivemq-platform-operator] [202a3df5] 04:04:37.673 [pool-6-thread-3] DEBUG c.h.p.o.d.PodServiceAccountResource - [helmcont] Desired PodServiceAccountResource (serviceAccountName: hivemq-platform-pod-test-hivemq-platform)
2025-01-30 04:04:37,680 INFO c.h.h.t.HelmChartContainer - [hivemq-test-hivemq-platform] [hivemq-platform-operator] [202a3df5] 04:04:37.679 [pool-6-thread-3] DEBUG c.h.p.o.d.StatefulSetResource - [helmcont] Desired StatefulSet (1 replicas) for status STARTING (READY)
2025-01-30 04:04:37,685 INFO c.h.h.t.HelmChartContainer - [hivemq-test-hivemq-platform] [hivemq-platform-operator] [202a3df5] 04:04:37.684 [ReconcilerExecutor-hivemq-controller-109] INFO  c.h.p.o.HiveMQPlatformReconciler - [helmcont] Reconciling HiveMQ Platform 'test-hivemq-platform' in namespace 'helmcontainersecuritycontextupgradeplatformit'
2025-01-30 04:04:37,685 INFO c.h.h.t.HelmChartContainer - [hivemq-test-hivemq-platform] [hivemq-platform-operator] [202a3df5] 04:04:37.684 [ReconcilerExecutor-hivemq-controller-109] DEBUG c.h.p.o.HiveMQPlatformReconciler - [helmcont] Custom Resource Status STARTING - HiveMQ Platform is starting (READY)
2025-01-30 04:04:37,685 INFO c.h.h.t.HelmChartContainer - [hivemq-test-hivemq-platform] [hivemq-platform-operator] [202a3df5] 04:04:37.684 [ReconcilerExecutor-hivemq-controller-109] DEBUG c.h.p.o.HiveMQPlatformReconciler - [helmcont] Custom Resource Spec (replicas: 1) (extensions: 1)
2025-01-30 04:04:37,687 INFO c.h.h.t.HelmChartContainer - [hivemq-test-hivemq-platform] [hivemq-platform-operator] [202a3df5] 04:04:37.686 [ReconcilerExecutor-hivemq-controller-109] DEBUG c.h.p.o.HiveMQPlatformReconciler - [helmcont] StatefulSet Status (revision: test-hivemq-platform-fc778bc4c, replicas: 1, available: 0, ready: 0, current: 1, updated: 1)
2025-01-30 04:04:37,687 INFO c.h.h.t.HelmChartContainer - [hivemq-test-hivemq-platform] [hivemq-platform-operator] [202a3df5] 04:04:37.686 [ReconcilerExecutor-hivemq-controller-109] DEBUG c.h.p.o.HiveMQPlatformReconciler - [helmcont] StatefulSet Spec (replicas: 1, init containers: 1, containers: 1, volumes: 3)
2025-01-30 04:04:37,755 INFO c.h.h.t.HelmChartContainer - [hivemq-test-hivemq-platform] [hivemq-platform-operator] [202a3df5] 04:04:37.754 [ReconcilerExecutor-hivemq-controller-109] DEBUG c.h.p.o.h.HiveMQPlatformReconcilerErrorHandler - [helmcont] Pod 'test-hivemq-platform-0' phase Running
2025-01-30 04:04:37,756 INFO c.h.h.t.HelmChartContainer - [hivemq-test-hivemq-platform] [hivemq-platform-operator] [202a3df5] 04:04:37.755 [ReconcilerExecutor-hivemq-controller-109] INFO  c.h.p.o.h.HiveMQPlatformReconcilerBaseHandler - [helmcont] HiveMQ Platform is starting, 0 of 1 replicas are ready
2025-01-30 04:04:39,141 INFO c.h.h.t.HelmChartContainer - [test-hivemq-platform] [hivemq] [d6f4a8ff] WARN  - [HiveMQ Platform Operator Init App 1.7.0-SNAPSHOT] Cannot connect to Health API for readiness: null
2025-01-30 04:04:39,149 INFO c.h.h.t.HelmChartContainer - [EVENT] Warning [Unhealthy] Readiness probe failed: HTTP probe failed with statuscode: 503 [helmcontainersecuritycontextupgradeplatformit:test-hivemq-platform-0]
2025-01-30 04:04:39,149 INFO c.h.h.t.HelmChartContainer - Received Unhealthy event for container hivemq in pod test-hivemq-platform-0 [d6f4a8ff-39e5-4945-9bc5-d22e6734c88b]
2025-01-30 04:04:41,945 INFO c.h.h.t.HelmChartContainer - [test-hivemq-platform] [hivemq] [d6f4a8ff] Jan 30, 2025 4:04:41 AM io.vertx.core.impl.BlockedThreadChecker
2025-01-30 04:04:41,946 INFO c.h.h.t.HelmChartContainer - [test-hivemq-platform] [hivemq] [d6f4a8ff] WARNING: Thread Thread[vert.x-eventloop-thread-1,5,main] has been blocked for 2491 ms, time limit is 2000 ms
2025-01-30 04:04:42,344 INFO c.h.h.t.HelmChartContainer - [test-hivemq-platform] [hivemq] [d6f4a8ff] INFO  - [HiveMQ Platform Operator Init App 1.7.0-SNAPSHOT] Updating Pod HiveMQ Platform Operator Init App version annotation (version: 1.7.0-SNAPSHOT)
2025-01-30 04:04:43,153 INFO c.h.h.t.HelmChartContainer - [POD] test-hivemq-platform-0 [d6f4a8ff-39e5-4945-9bc5-d22e6734c88b] in helmcontainersecuritycontextupgradeplatformit was MODIFIED
2025-01-30 04:04:43,162 INFO c.h.h.t.HelmChartContainer - [hivemq-test-hivemq-platform] [hivemq-platform-operator] [202a3df5] 04:04:43.160 [pool-6-thread-14] DEBUG c.h.p.o.dependants.PodInfoConfigMap - [helmcont] Desired PodInfo ConfigMap (1 extensions) (1 enabled)
2025-01-30 04:04:43,162 INFO c.h.h.t.HelmChartContainer - [hivemq-test-hivemq-platform] [hivemq-platform-operator] [202a3df5] 04:04:43.161 [pool-6-thread-14] DEBUG c.h.p.o.dependants.PodInfoConfigMap - [helmcont] Desired PodInfo ConfigMap (metrics port: 9399) (metrics path: /)
2025-01-30 04:04:43,163 INFO c.h.h.t.HelmChartContainer - [hivemq-test-hivemq-platform] [hivemq-platform-operator] [202a3df5] 04:04:43.162 [pool-6-thread-14] DEBUG c.h.p.o.dependants.PodInfoConfigMap - [helmcont] Desired PodInfo ConfigMap (extension state hash: -1817474005)
2025-01-30 04:04:43,164 INFO c.h.h.t.HelmChartContainer - [hivemq-test-hivemq-platform] [hivemq-platform-operator] [202a3df5] 04:04:43.160 [pool-6-thread-15] DEBUG c.h.p.o.d.PodServiceAccountResource - [helmcont] Desired PodServiceAccountResource (serviceAccountName: hivemq-platform-pod-test-hivemq-platform)
2025-01-30 04:04:43,165 INFO c.h.h.t.HelmChartContainer - [hivemq-test-hivemq-platform] [hivemq-platform-operator] [202a3df5] 04:04:43.162 [pool-6-thread-16] DEBUG c.h.p.o.d.PlatformServiceResource - [helmcont] Desired Platform services (3 services)
2025-01-30 04:04:43,170 INFO c.h.h.t.HelmChartContainer - [hivemq-test-hivemq-platform] [hivemq-platform-operator] [202a3df5] 04:04:43.169 [pool-6-thread-16] DEBUG c.h.p.o.d.StatefulSetResource - [helmcont] Desired StatefulSet (1 replicas) for status STARTING (READY)
2025-01-30 04:04:43,234 INFO c.h.h.t.HelmChartContainer - [hivemq-test-hivemq-platform] [hivemq-platform-operator] [202a3df5] 04:04:43.233 [ReconcilerExecutor-hivemq-controller-110] INFO  c.h.p.o.HiveMQPlatformReconciler - [helmcont] Reconciling HiveMQ Platform 'test-hivemq-platform' in namespace 'helmcontainersecuritycontextupgradeplatformit'
2025-01-30 04:04:43,235 INFO c.h.h.t.HelmChartContainer - [hivemq-test-hivemq-platform] [hivemq-platform-operator] [202a3df5] 04:04:43.233 [ReconcilerExecutor-hivemq-controller-110] DEBUG c.h.p.o.HiveMQPlatformReconciler - [helmcont] Custom Resource Status STARTING - HiveMQ Platform is starting (READY)
2025-01-30 04:04:43,235 INFO c.h.h.t.HelmChartContainer - [hivemq-test-hivemq-platform] [hivemq-platform-operator] [202a3df5] 04:04:43.233 [ReconcilerExecutor-hivemq-controller-110] DEBUG c.h.p.o.HiveMQPlatformReconciler - [helmcont] Custom Resource Spec (replicas: 1) (extensions: 1)
2025-01-30 04:04:43,236 INFO c.h.h.t.HelmChartContainer - [hivemq-test-hivemq-platform] [hivemq-platform-operator] [202a3df5] 04:04:43.235 [ReconcilerExecutor-hivemq-controller-110] DEBUG c.h.p.o.HiveMQPlatformReconciler - [helmcont] StatefulSet Status (revision: test-hivemq-platform-fc778bc4c, replicas: 1, available: 0, ready: 0, current: 1, updated: 1)
2025-01-30 04:04:43,239 INFO c.h.h.t.HelmChartContainer - [hivemq-test-hivemq-platform] [hivemq-platform-operator] [202a3df5] 04:04:43.235 [ReconcilerExecutor-hivemq-controller-110] DEBUG c.h.p.o.HiveMQPlatformReconciler - [helmcont] StatefulSet Spec (replicas: 1, init containers: 1, containers: 1, volumes: 3)
2025-01-30 04:04:43,240 INFO c.h.h.t.HelmChartContainer - [hivemq-test-hivemq-platform] [hivemq-platform-operator] [202a3df5] 04:04:43.239 [ReconcilerExecutor-hivemq-controller-110] DEBUG c.h.p.o.h.HiveMQPlatformReconcilerErrorHandler - [helmcont] Pod 'test-hivemq-platform-0' phase Running
2025-01-30 04:04:43,244 INFO c.h.h.t.HelmChartContainer - [test-hivemq-platform] [hivemq] [d6f4a8ff] WARN  - [HiveMQ Platform Operator Init App 1.7.0-SNAPSHOT] Cannot connect to Health API for readiness: null
2025-01-30 04:04:43,244 INFO c.h.h.t.HelmChartContainer - [test-hivemq-platform] [hivemq] [d6f4a8ff] INFO  - [HiveMQ Platform Operator Init App 1.7.0-SNAPSHOT] Successfully updated Pod HiveMQ Platform Operator Init App version annotation (version: 1.7.0-SNAPSHOT)
2025-01-30 04:04:43,254 INFO c.h.h.t.HelmChartContainer - [EVENT] Warning [Unhealthy] Readiness probe failed: HTTP probe failed with statuscode: 503 [helmcontainersecuritycontextupgradeplatformit:test-hivemq-platform-0]
2025-01-30 04:04:43,254 INFO c.h.h.t.HelmChartContainer - Received Unhealthy event for container hivemq in pod test-hivemq-platform-0 [d6f4a8ff-39e5-4945-9bc5-d22e6734c88b]
2025-01-30 04:04:43,255 INFO c.h.h.t.HelmChartContainer - [hivemq-test-hivemq-platform] [hivemq-platform-operator] [202a3df5] 04:04:43.253 [ReconcilerExecutor-hivemq-controller-110] INFO  c.h.p.o.h.HiveMQPlatformReconcilerBaseHandler - [helmcont] HiveMQ Platform is starting, 0 of 1 replicas are ready
2025-01-30 04:04:48,160 INFO c.h.h.t.HelmChartContainer - [test-hivemq-platform] [hivemq] [d6f4a8ff] WARN  - [HiveMQ Platform Operator Init App 1.7.0-SNAPSHOT] Cannot connect to Health API for readiness: null
2025-01-30 04:04:48,164 INFO c.h.h.t.HelmChartContainer - [EVENT] Warning [Unhealthy] Readiness probe failed: HTTP probe failed with statuscode: 503 [helmcontainersecuritycontextupgradeplatformit:test-hivemq-platform-0]
2025-01-30 04:04:48,164 INFO c.h.h.t.HelmChartContainer - Received Unhealthy event for container hivemq in pod test-hivemq-platform-0 [d6f4a8ff-39e5-4945-9bc5-d22e6734c88b]
2025-01-30 04:04:53,239 INFO c.h.h.t.HelmChartContainer - [test-hivemq-platform] [hivemq] [d6f4a8ff] WARN  - [HiveMQ Platform Operator Init App 1.7.0-SNAPSHOT] Cannot connect to Health API for readiness: null
2025-01-30 04:04:53,245 INFO c.h.h.t.HelmChartContainer - [EVENT] Warning [Unhealthy] Readiness probe failed: HTTP probe failed with statuscode: 503 [helmcontainersecuritycontextupgradeplatformit:test-hivemq-platform-0]
2025-01-30 04:04:53,246 INFO c.h.h.t.HelmChartContainer - Received Unhealthy event for container hivemq in pod test-hivemq-platform-0 [d6f4a8ff-39e5-4945-9bc5-d22e6734c88b]
2025-01-30 04:04:53,259 INFO c.h.h.t.HelmChartContainer - [hivemq-test-hivemq-platform] [hivemq-platform-operator] [202a3df5] 04:04:53.257 [pool-6-thread-27] DEBUG c.h.p.o.d.PlatformServiceResource - [helmcont] Desired Platform services (3 services)
2025-01-30 04:04:53,262 INFO c.h.h.t.HelmChartContainer - [hivemq-test-hivemq-platform] [hivemq-platform-operator] [202a3df5] 04:04:53.258 [pool-6-thread-26] DEBUG c.h.p.o.dependants.PodInfoConfigMap - [helmcont] Desired PodInfo ConfigMap (1 extensions) (1 enabled)
2025-01-30 04:04:53,262 INFO c.h.h.t.HelmChartContainer - [hivemq-test-hivemq-platform] [hivemq-platform-operator] [202a3df5] 04:04:53.258 [pool-6-thread-26] DEBUG c.h.p.o.dependants.PodInfoConfigMap - [helmcont] Desired PodInfo ConfigMap (metrics port: 9399) (metrics path: /)
2025-01-30 04:04:53,262 INFO c.h.h.t.HelmChartContainer - [hivemq-test-hivemq-platform] [hivemq-platform-operator] [202a3df5] 04:04:53.258 [pool-6-thread-26] DEBUG c.h.p.o.dependants.PodInfoConfigMap - [helmcont] Desired PodInfo ConfigMap (extension state hash: -1817474005)
2025-01-30 04:04:53,262 INFO c.h.h.t.HelmChartContainer - [hivemq-test-hivemq-platform] [hivemq-platform-operator] [202a3df5] 04:04:53.261 [pool-6-thread-24] DEBUG c.h.p.o.d.PodServiceAccountResource - [helmcont] Desired PodServiceAccountResource (serviceAccountName: hivemq-platform-pod-test-hivemq-platform)
2025-01-30 04:04:53,265 INFO c.h.h.t.HelmChartContainer - [hivemq-test-hivemq-platform] [hivemq-platform-operator] [202a3df5] 04:04:53.264 [pool-6-thread-21] DEBUG c.h.p.o.d.StatefulSetResource - [helmcont] Desired StatefulSet (1 replicas) for status STARTING (READY)
2025-01-30 04:04:53,269 INFO c.h.h.t.HelmChartContainer - [hivemq-test-hivemq-platform] [hivemq-platform-operator] [202a3df5] 04:04:53.268 [ReconcilerExecutor-hivemq-controller-111] INFO  c.h.p.o.HiveMQPlatformReconciler - [helmcont] Reconciling HiveMQ Platform 'test-hivemq-platform' in namespace 'helmcontainersecuritycontextupgradeplatformit'
2025-01-30 04:04:53,269 INFO c.h.h.t.HelmChartContainer - [hivemq-test-hivemq-platform] [hivemq-platform-operator] [202a3df5] 04:04:53.268 [ReconcilerExecutor-hivemq-controller-111] DEBUG c.h.p.o.HiveMQPlatformReconciler - [helmcont] Custom Resource Status STARTING - HiveMQ Platform is starting (READY)
2025-01-30 04:04:53,269 INFO c.h.h.t.HelmChartContainer - [hivemq-test-hivemq-platform] [hivemq-platform-operator] [202a3df5] 04:04:53.268 [ReconcilerExecutor-hivemq-controller-111] DEBUG c.h.p.o.HiveMQPlatformReconciler - [helmcont] Custom Resource Spec (replicas: 1) (extensions: 1)
2025-01-30 04:04:53,354 INFO c.h.h.t.HelmChartContainer - [hivemq-test-hivemq-platform] [hivemq-platform-operator] [202a3df5] 04:04:53.353 [ReconcilerExecutor-hivemq-controller-111] DEBUG c.h.p.o.HiveMQPlatformReconciler - [helmcont] StatefulSet Status (revision: test-hivemq-platform-fc778bc4c, replicas: 1, available: 0, ready: 0, current: 1, updated: 1)
2025-01-30 04:04:53,356 INFO c.h.h.t.HelmChartContainer - [hivemq-test-hivemq-platform] [hivemq-platform-operator] [202a3df5] 04:04:53.354 [ReconcilerExecutor-hivemq-controller-111] DEBUG c.h.p.o.HiveMQPlatformReconciler - [helmcont] StatefulSet Spec (replicas: 1, init containers: 1, containers: 1, volumes: 3)
2025-01-30 04:04:53,357 INFO c.h.h.t.HelmChartContainer - [hivemq-test-hivemq-platform] [hivemq-platform-operator] [202a3df5] 04:04:53.356 [ReconcilerExecutor-hivemq-controller-111] DEBUG c.h.p.o.h.HiveMQPlatformReconcilerErrorHandler - [helmcont] Pod 'test-hivemq-platform-0' phase Running
2025-01-30 04:04:53,357 INFO c.h.h.t.HelmChartContainer - [hivemq-test-hivemq-platform] [hivemq-platform-operator] [202a3df5] 04:04:53.357 [ReconcilerExecutor-hivemq-controller-111] INFO  c.h.p.o.h.HiveMQPlatformReconcilerBaseHandler - [helmcont] HiveMQ Platform is starting, 0 of 1 replicas are ready
2025-01-30 04:04:54,338 INFO c.h.h.t.HelmChartContainer - [test-hivemq-platform] [hivemq] [d6f4a8ff] WARN  - [HiveMQ Platform Operator Init App 1.7.0-SNAPSHOT] Cannot connect to Health API for liveness: null
2025-01-30 04:04:54,339 INFO c.h.h.t.HelmChartContainer - [test-hivemq-platform] [hivemq] [d6f4a8ff] INFO  - [HiveMQ Platform Operator Init App 1.7.0-SNAPSHOT] Returning default Health API response 200 for liveness
2025-01-30 04:04:55,057 INFO c.h.h.t.HelmChartContainer - [test-hivemq-platform] [hivemq] [d6f4a8ff] INFO  - No valid license file found. Using trial license, restricted to 25 connections.
2025-01-30 04:04:56,608 INFO c.h.h.t.HelmChartContainer - [K3S] [INFO] COMPACT compactRev=0 targetCompactRev=2 currentRev=1047
2025-01-30 04:04:56,609 INFO c.h.h.t.HelmChartContainer - [K3S] [INFO] COMPACT deleted 0 rows from 2 revisions in 426.593µs - compacted to 2/1047
2025-01-30 04:04:56,609 INFO c.h.h.t.HelmChartContainer - [K3S] [INFO] COMPACT compacted from 0 to 2 in 1 transactions over 1ms
2025-01-30 04:04:57,843 INFO c.h.h.t.HelmChartContainer - [test-hivemq-platform] [hivemq] [d6f4a8ff] INFO  - No valid license file for Data Hub found. Using free license, restricted to 1 policy.
2025-01-30 04:04:58,239 INFO c.h.h.t.HelmChartContainer - [test-hivemq-platform] [hivemq] [d6f4a8ff] WARN  - [HiveMQ Platform Operator Init App 1.7.0-SNAPSHOT] Cannot connect to Health API for readiness: null
2025-01-30 04:04:58,244 INFO c.h.h.t.HelmChartContainer - [EVENT] Warning [Unhealthy] Readiness probe failed: HTTP probe failed with statuscode: 503 [helmcontainersecuritycontextupgradeplatformit:test-hivemq-platform-0]
2025-01-30 04:04:58,244 INFO c.h.h.t.HelmChartContainer - Received Unhealthy event for container hivemq in pod test-hivemq-platform-0 [d6f4a8ff-39e5-4945-9bc5-d22e6734c88b]
2025-01-30 04:04:59,149 INFO c.h.h.t.HelmChartContainer - [K3S] [info.go:53] Couldn't collect info from any of the files in "/etc/machine-id,/var/lib/dbus/machine-id"
2025-01-30 04:04:59,327 INFO c.h.h.t.HelmChartContainer - [test-hivemq-platform] [hivemq] [d6f4a8ff] INFO  - Audit Logger started.
2025-01-30 04:04:59,567 INFO c.h.h.t.HelmChartContainer - [test-hivemq-platform] [hivemq] [d6f4a8ff] INFO  - This node uses '1' CPU cores.
2025-01-30 04:04:59,571 INFO c.h.h.t.HelmChartContainer - [test-hivemq-platform] [hivemq] [d6f4a8ff] INFO  - Starting HiveMQ Health API on address 0.0.0.0 and port 8889
2025-01-30 04:05:00,438 INFO c.h.h.t.HelmChartContainer - [test-hivemq-platform] [hivemq] [d6f4a8ff] INFO  - Started HiveMQ Health API in 865ms
2025-01-30 04:05:00,959 INFO c.h.h.t.HelmChartContainer - [test-hivemq-platform] [hivemq] [d6f4a8ff] INFO  - Starting HiveMQ extension system.
2025-01-30 04:05:01,240 INFO c.h.h.t.HelmChartContainer - [test-hivemq-platform] [hivemq] [d6f4a8ff] INFO  - Starting extension with id "hivemq-dns-cluster-discovery" at /opt/hivemq/extensions/hivemq-dns-cluster-discovery
2025-01-30 04:05:01,747 INFO c.h.h.t.HelmChartContainer - [test-hivemq-platform] [hivemq] [d6f4a8ff] INFO  - Extension "DNS Cluster Discovery Extension" version 4.3.2 started successfully.
2025-01-30 04:05:01,748 INFO c.h.h.t.HelmChartContainer - [test-hivemq-platform] [hivemq] [d6f4a8ff] INFO  - Starting extension with id "hivemq-prometheus-extension" at /opt/hivemq/extensions/hivemq-prometheus-extension
2025-01-30 04:05:01,750 INFO c.h.h.t.HelmChartContainer - [test-hivemq-platform] [hivemq] [d6f4a8ff] INFO  - Using TCP cluster transport on address 10.42.0.10 and port 7000
2025-01-30 04:05:01,842 INFO c.h.h.t.HelmChartContainer - [test-hivemq-platform] [hivemq] [d6f4a8ff] INFO  - Using extension cluster discovery
2025-01-30 04:05:02,747 INFO c.h.h.t.HelmChartContainer - [test-hivemq-platform] [hivemq] [d6f4a8ff] INFO  - Started Jetty Server exposing Prometheus Servlet on URI http://0.0.0.0:9399/
2025-01-30 04:05:02,747 INFO c.h.h.t.HelmChartContainer - [test-hivemq-platform] [hivemq] [d6f4a8ff] INFO  - Extension "Prometheus Monitoring Extension" version 4.0.12 started successfully.
2025-01-30 04:05:02,747 INFO c.h.h.t.HelmChartContainer - [test-hivemq-platform] [hivemq] [d6f4a8ff] INFO  - Starting extension with id "hivemq-allow-all-extension" at /opt/hivemq/extensions/hivemq-allow-all-extension
2025-01-30 04:05:02,747 INFO c.h.h.t.HelmChartContainer - [test-hivemq-platform] [hivemq] [d6f4a8ff] WARN  - 
2025-01-30 04:05:02,747 INFO c.h.h.t.HelmChartContainer - [test-hivemq-platform] [hivemq] [d6f4a8ff] ################################################################################################################
2025-01-30 04:05:02,747 INFO c.h.h.t.HelmChartContainer - [test-hivemq-platform] [hivemq] [d6f4a8ff] # This HiveMQ deployment is not secure! You are lacking Authentication and Authorization.                      #
2025-01-30 04:05:02,747 INFO c.h.h.t.HelmChartContainer - [test-hivemq-platform] [hivemq] [d6f4a8ff] # Right now any MQTT client can connect to the broker with a full set of permissions.                          #
2025-01-30 04:05:02,747 INFO c.h.h.t.HelmChartContainer - [test-hivemq-platform] [hivemq] [d6f4a8ff] # For production usage, add an appropriate security extension and remove the hivemq-allow-all extension.       #
2025-01-30 04:05:02,747 INFO c.h.h.t.HelmChartContainer - [test-hivemq-platform] [hivemq] [d6f4a8ff] # You can download security extensions from the HiveMQ Marketplace (https://www.hivemq.com/extensions/).       #
2025-01-30 04:05:02,747 INFO c.h.h.t.HelmChartContainer - [test-hivemq-platform] [hivemq] [d6f4a8ff] ################################################################################################################
2025-01-30 04:05:02,747 INFO c.h.h.t.HelmChartContainer - [test-hivemq-platform] [hivemq] [d6f4a8ff] INFO  - Extension "Allow All Extension" version 1.1.1 started successfully.
2025-01-30 04:05:03,362 INFO c.h.h.t.HelmChartContainer - [hivemq-test-hivemq-platform] [hivemq-platform-operator] [202a3df5] 04:05:03.360 [pool-6-thread-35] DEBUG c.h.p.o.d.PlatformServiceResource - [helmcont] Desired Platform services (3 services)
2025-01-30 04:05:03,363 INFO c.h.h.t.HelmChartContainer - [hivemq-test-hivemq-platform] [hivemq-platform-operator] [202a3df5] 04:05:03.362 [pool-6-thread-33] DEBUG c.h.p.o.dependants.PodInfoConfigMap - [helmcont] Desired PodInfo ConfigMap (1 extensions) (1 enabled)
2025-01-30 04:05:03,365 INFO c.h.h.t.HelmChartContainer - [hivemq-test-hivemq-platform] [hivemq-platform-operator] [202a3df5] 04:05:03.364 [pool-6-thread-33] DEBUG c.h.p.o.dependants.PodInfoConfigMap - [helmcont] Desired PodInfo ConfigMap (metrics port: 9399) (metrics path: /)
2025-01-30 04:05:03,366 INFO c.h.h.t.HelmChartContainer - [hivemq-test-hivemq-platform] [hivemq-platform-operator] [202a3df5] 04:05:03.364 [pool-6-thread-33] DEBUG c.h.p.o.dependants.PodInfoConfigMap - [helmcont] Desired PodInfo ConfigMap (extension state hash: -1817474005)
2025-01-30 04:05:03,367 INFO c.h.h.t.HelmChartContainer - [hivemq-test-hivemq-platform] [hivemq-platform-operator] [202a3df5] 04:05:03.364 [pool-6-thread-34] DEBUG c.h.p.o.d.PodServiceAccountResource - [helmcont] Desired PodServiceAccountResource (serviceAccountName: hivemq-platform-pod-test-hivemq-platform)
2025-01-30 04:05:03,369 INFO c.h.h.t.HelmChartContainer - [hivemq-test-hivemq-platform] [hivemq-platform-operator] [202a3df5] 04:05:03.368 [pool-6-thread-32] DEBUG c.h.p.o.d.StatefulSetResource - [helmcont] Desired StatefulSet (1 replicas) for status STARTING (READY)
2025-01-30 04:05:03,373 INFO c.h.h.t.HelmChartContainer - [hivemq-test-hivemq-platform] [hivemq-platform-operator] [202a3df5] 04:05:03.372 [ReconcilerExecutor-hivemq-controller-112] INFO  c.h.p.o.HiveMQPlatformReconciler - [helmcont] Reconciling HiveMQ Platform 'test-hivemq-platform' in namespace 'helmcontainersecuritycontextupgradeplatformit'
2025-01-30 04:05:03,374 INFO c.h.h.t.HelmChartContainer - [hivemq-test-hivemq-platform] [hivemq-platform-operator] [202a3df5] 04:05:03.372 [ReconcilerExecutor-hivemq-controller-112] DEBUG c.h.p.o.HiveMQPlatformReconciler - [helmcont] Custom Resource Status STARTING - HiveMQ Platform is starting (READY)
2025-01-30 04:05:03,374 INFO c.h.h.t.HelmChartContainer - [hivemq-test-hivemq-platform] [hivemq-platform-operator] [202a3df5] 04:05:03.372 [ReconcilerExecutor-hivemq-controller-112] DEBUG c.h.p.o.HiveMQPlatformReconciler - [helmcont] Custom Resource Spec (replicas: 1) (extensions: 1)
2025-01-30 04:05:03,456 INFO c.h.h.t.HelmChartContainer - [hivemq-test-hivemq-platform] [hivemq-platform-operator] [202a3df5] 04:05:03.453 [ReconcilerExecutor-hivemq-controller-112] DEBUG c.h.p.o.HiveMQPlatformReconciler - [helmcont] StatefulSet Status (revision: test-hivemq-platform-fc778bc4c, replicas: 1, available: 0, ready: 0, current: 1, updated: 1)
2025-01-30 04:05:03,457 INFO c.h.h.t.HelmChartContainer - [hivemq-test-hivemq-platform] [hivemq-platform-operator] [202a3df5] 04:05:03.453 [ReconcilerExecutor-hivemq-controller-112] DEBUG c.h.p.o.HiveMQPlatformReconciler - [helmcont] StatefulSet Spec (replicas: 1, init containers: 1, containers: 1, volumes: 3)
2025-01-30 04:05:03,457 INFO c.h.h.t.HelmChartContainer - [hivemq-test-hivemq-platform] [hivemq-platform-operator] [202a3df5] 04:05:03.455 [ReconcilerExecutor-hivemq-controller-112] DEBUG c.h.p.o.h.HiveMQPlatformReconcilerErrorHandler - [helmcont] Pod 'test-hivemq-platform-0' phase Running
2025-01-30 04:05:03,457 INFO c.h.h.t.HelmChartContainer - [hivemq-test-hivemq-platform] [hivemq-platform-operator] [202a3df5] 04:05:03.456 [ReconcilerExecutor-hivemq-controller-112] INFO  c.h.p.o.h.HiveMQPlatformReconcilerBaseHandler - [helmcont] HiveMQ Platform is starting, 0 of 1 replicas are ready
2025-01-30 04:05:03,547 INFO c.h.h.t.HelmChartContainer - [test-hivemq-platform] [hivemq] [d6f4a8ff] INFO  - [HiveMQ Platform Operator Init App 1.7.0-SNAPSHOT] Returning Health API response 503 for readiness
2025-01-30 04:05:03,552 INFO c.h.h.t.HelmChartContainer - [EVENT] Warning [Unhealthy] Readiness probe failed: HTTP probe failed with statuscode: 503 [helmcontainersecuritycontextupgradeplatformit:test-hivemq-platform-0]
2025-01-30 04:05:03,552 INFO c.h.h.t.HelmChartContainer - Received Unhealthy event for container hivemq in pod test-hivemq-platform-0 [d6f4a8ff-39e5-4945-9bc5-d22e6734c88b]
2025-01-30 04:05:04,846 INFO c.h.h.t.HelmChartContainer - [test-hivemq-platform] [hivemq] [d6f4a8ff] INFO  - PAoEp: no members discovered after 2406 ms: creating cluster as first member
2025-01-30 04:05:04,853 INFO c.h.h.t.HelmChartContainer - [test-hivemq-platform] [hivemq] [d6f4a8ff] INFO  - Cluster nodes found by discovery: [PAoEp|0] (1) [PAoEp].
2025-01-30 04:05:04,938 INFO c.h.h.t.HelmChartContainer - [test-hivemq-platform] [hivemq] [d6f4a8ff] WARN  - No user for HiveMQ Control Center configured. Starting with default user
2025-01-30 04:05:04,939 INFO c.h.h.t.HelmChartContainer - [test-hivemq-platform] [hivemq] [d6f4a8ff] INFO  - Starting HiveMQ Control Center on address 0.0.0.0 and port 8080
2025-01-30 04:05:04,945 INFO c.h.h.t.HelmChartContainer - [test-hivemq-platform] [hivemq] [d6f4a8ff] INFO  - Mounting HiveMQ Control Center V2 Preview
2025-01-30 04:05:04,999 INFO c.h.h.t.HelmChartContainer - [K3S] [range_allocator.go:247] "Successfully synced" key="6c872e703766"
2025-01-30 04:05:05,548 INFO c.h.h.t.HelmChartContainer - [test-hivemq-platform] [hivemq] [d6f4a8ff] INFO  - Started HiveMQ Control Center in 609ms
2025-01-30 04:05:05,561 INFO c.h.h.t.HelmChartContainer - [test-hivemq-platform] [hivemq] [d6f4a8ff] INFO  - Starting TCP listener on address 0.0.0.0 and port 1883
2025-01-30 04:05:05,644 INFO c.h.h.t.HelmChartContainer - [test-hivemq-platform] [hivemq] [d6f4a8ff] INFO  - Started TCP Listener on address 0.0.0.0 and on port 1883.
2025-01-30 04:05:05,644 INFO c.h.h.t.HelmChartContainer - [test-hivemq-platform] [hivemq] [d6f4a8ff] INFO  - Started HiveMQ in 30617ms
2025-01-30 04:05:08,161 INFO c.h.h.t.HelmChartContainer - [test-hivemq-platform] [hivemq] [d6f4a8ff] INFO  - [HiveMQ Platform Operator Init App 1.7.0-SNAPSHOT] Returning Health API response 200 for readiness
2025-01-30 04:05:08,176 INFO c.h.h.t.HelmChartContainer - [POD] test-hivemq-platform-0 [d6f4a8ff-39e5-4945-9bc5-d22e6734c88b] in helmcontainersecuritycontextupgradeplatformit was MODIFIED
2025-01-30 04:05:08,186 INFO c.h.h.t.HelmChartContainer - [hivemq-test-hivemq-platform] [hivemq-platform-operator] [202a3df5] 04:05:08.177 [pool-6-thread-47] DEBUG c.h.p.o.d.PlatformServiceResource - [helmcont] Desired Platform services (3 services)
2025-01-30 04:05:08,186 INFO c.h.h.t.HelmChartContainer - [hivemq-test-hivemq-platform] [hivemq-platform-operator] [202a3df5] 04:05:08.178 [pool-6-thread-46] DEBUG c.h.p.o.dependants.PodInfoConfigMap - [helmcont] Desired PodInfo ConfigMap (1 extensions) (1 enabled)
2025-01-30 04:05:08,186 INFO c.h.h.t.HelmChartContainer - [hivemq-test-hivemq-platform] [hivemq-platform-operator] [202a3df5] 04:05:08.179 [pool-6-thread-46] DEBUG c.h.p.o.dependants.PodInfoConfigMap - [helmcont] Desired PodInfo ConfigMap (metrics port: 9399) (metrics path: /)
2025-01-30 04:05:08,186 INFO c.h.h.t.HelmChartContainer - [hivemq-test-hivemq-platform] [hivemq-platform-operator] [202a3df5] 04:05:08.179 [pool-6-thread-46] DEBUG c.h.p.o.dependants.PodInfoConfigMap - [helmcont] Desired PodInfo ConfigMap (extension state hash: -1817474005)
2025-01-30 04:05:08,186 INFO c.h.h.t.HelmChartContainer - [hivemq-test-hivemq-platform] [hivemq-platform-operator] [202a3df5] 04:05:08.181 [pool-6-thread-45] DEBUG c.h.p.o.d.PodServiceAccountResource - [helmcont] Desired PodServiceAccountResource (serviceAccountName: hivemq-platform-pod-test-hivemq-platform)
2025-01-30 04:05:08,194 INFO c.h.h.t.HelmChartContainer - [hivemq-test-hivemq-platform] [hivemq-platform-operator] [202a3df5] 04:05:08.192 [pool-6-thread-45] DEBUG c.h.p.o.d.StatefulSetResource - [helmcont] Desired StatefulSet (1 replicas) for status STARTING (READY)
2025-01-30 04:05:08,262 INFO c.h.h.t.HelmChartContainer - [hivemq-test-hivemq-platform] [hivemq-platform-operator] [202a3df5] 04:05:08.260 [ReconcilerExecutor-hivemq-controller-113] INFO  c.h.p.o.HiveMQPlatformReconciler - [helmcont] Reconciling HiveMQ Platform 'test-hivemq-platform' in namespace 'helmcontainersecuritycontextupgradeplatformit'
2025-01-30 04:05:08,266 INFO c.h.h.t.HelmChartContainer - [hivemq-test-hivemq-platform] [hivemq-platform-operator] [202a3df5] 04:05:08.261 [ReconcilerExecutor-hivemq-controller-113] DEBUG c.h.p.o.HiveMQPlatformReconciler - [helmcont] Custom Resource Status STARTING - HiveMQ Platform is starting (READY)
2025-01-30 04:05:08,267 INFO c.h.h.t.HelmChartContainer - [hivemq-test-hivemq-platform] [hivemq-platform-operator] [202a3df5] 04:05:08.261 [ReconcilerExecutor-hivemq-controller-113] DEBUG c.h.p.o.HiveMQPlatformReconciler - [helmcont] Custom Resource Spec (replicas: 1) (extensions: 1)
2025-01-30 04:05:08,267 INFO c.h.h.t.HelmChartContainer - [hivemq-test-hivemq-platform] [hivemq-platform-operator] [202a3df5] 04:05:08.263 [ReconcilerExecutor-hivemq-controller-113] DEBUG c.h.p.o.HiveMQPlatformReconciler - [helmcont] StatefulSet Status (revision: test-hivemq-platform-fc778bc4c, replicas: 1, available: 1, ready: 1, current: 1, updated: 1)
2025-01-30 04:05:08,267 INFO c.h.h.t.HelmChartContainer - [hivemq-test-hivemq-platform] [hivemq-platform-operator] [202a3df5] 04:05:08.263 [ReconcilerExecutor-hivemq-controller-113] DEBUG c.h.p.o.HiveMQPlatformReconciler - [helmcont] StatefulSet Spec (replicas: 1, init containers: 1, containers: 1, volumes: 3)
2025-01-30 04:05:08,267 INFO c.h.h.t.HelmChartContainer - [hivemq-test-hivemq-platform] [hivemq-platform-operator] [202a3df5] 04:05:08.264 [ReconcilerExecutor-hivemq-controller-113] DEBUG c.h.p.o.h.HiveMQPlatformReconcilerErrorHandler - [helmcont] Pod 'test-hivemq-platform-0' phase Running
2025-01-30 04:05:08,267 INFO c.h.h.t.HelmChartContainer - [hivemq-test-hivemq-platform] [hivemq-platform-operator] [202a3df5] 04:05:08.265 [ReconcilerExecutor-hivemq-controller-113] INFO  c.h.p.o.h.HiveMQPlatformReconcilerBaseHandler - [helmcont] HiveMQ Platform started successfully
2025-01-30 04:05:08,365 INFO c.h.h.t.HelmChartContainer - [hivemq-test-hivemq-platform] [hivemq-platform-operator] [202a3df5] 04:05:08.363 [ReconcilerExecutor-hivemq-controller-113] DEBUG c.h.p.operator.event.EventSender - [helmcont] Creating K8s event hivemq-platform-ready: [Ready] HiveMQ Platform is ready
2025-01-30 04:05:08,368 INFO c.h.h.t.HelmChartContainer - [EVENT] Normal [Ready] HiveMQ Platform is ready [helmcontainersecuritycontextupgradeplatformit:test-hivemq-platform]
2025-01-30 04:05:08,369 INFO c.h.h.t.HelmChartContainer - [hivemq-test-hivemq-platform] [hivemq-platform-operator] [202a3df5] 04:05:08.367 [ReconcilerExecutor-hivemq-controller-113] INFO  c.h.p.o.h.AbstractHiveMQReconcilerStateHandler - [helmcont] Update HiveMQ Platform Status (STARTING [READY] -> RUNNING [READY]): HiveMQ Platform is ready
2025-01-30 04:05:08,377 DEBUG com.hivemq.helmcharts.util.K8sUtil - Comparing actual state 'RUNNING' and waiting for 'RUNNING'
2025-01-30 04:05:08,471 INFO c.h.h.t.HelmChartContainer - [hivemq-test-hivemq-platform] [hivemq-platform-operator] [202a3df5] 04:05:08.455 [pool-6-thread-4] DEBUG c.h.p.o.d.PlatformServiceResource - [helmcont] Desired Platform services (3 services)
2025-01-30 04:05:08,471 INFO c.h.h.t.HelmChartContainer - [hivemq-test-hivemq-platform] [hivemq-platform-operator] [202a3df5] 04:05:08.456 [pool-6-thread-9] DEBUG c.h.p.o.dependants.PodInfoConfigMap - [helmcont] Desired PodInfo ConfigMap (1 extensions) (1 enabled)
2025-01-30 04:05:08,471 INFO c.h.h.t.HelmChartContainer - [hivemq-test-hivemq-platform] [hivemq-platform-operator] [202a3df5] 04:05:08.460 [pool-6-thread-5] DEBUG c.h.p.o.d.PodServiceAccountResource - [helmcont] Desired PodServiceAccountResource (serviceAccountName: hivemq-platform-pod-test-hivemq-platform)
2025-01-30 04:05:08,471 INFO c.h.h.t.HelmChartContainer - [hivemq-test-hivemq-platform] [hivemq-platform-operator] [202a3df5] 04:05:08.461 [pool-6-thread-9] DEBUG c.h.p.o.dependants.PodInfoConfigMap - [helmcont] Desired PodInfo ConfigMap (metrics port: 9399) (metrics path: /)
2025-01-30 04:05:08,471 INFO c.h.h.t.HelmChartContainer - [hivemq-test-hivemq-platform] [hivemq-platform-operator] [202a3df5] 04:05:08.461 [pool-6-thread-9] DEBUG c.h.p.o.dependants.PodInfoConfigMap - [helmcont] Desired PodInfo ConfigMap (extension state hash: -1817474005)
2025-01-30 04:05:08,471 INFO c.h.h.t.HelmChartContainer - [hivemq-test-hivemq-platform] [hivemq-platform-operator] [202a3df5] 04:05:08.462 [pool-6-thread-9] DEBUG c.h.p.o.dependants.PodInfoConfigMap - [helmcont] Update PodInfo ConfigMap
2025-01-30 04:05:08,488 DEBUG com.hivemq.helmcharts.util.PodUtil - Received status for command '[sh, -c, stat -c "%u:%g" /proc/1]' on pod 'test-hivemq-platform-0' (exit code: 0)
2025-01-30 04:05:08,502 DEBUG com.hivemq.helmcharts.util.K8sUtil - Comparing actual state 'RUNNING' and waiting for 'ROLLING_RESTART'
2025-01-30 04:05:08,557 INFO c.h.h.t.HelmChartContainer - [hivemq-test-hivemq-platform] [hivemq-platform-operator] [202a3df5] 04:05:08.555 [pool-6-thread-9] DEBUG c.h.p.o.d.StatefulSetResource - [helmcont] Desired StatefulSet (1 replicas) for status RUNNING (READY)
2025-01-30 04:05:08,560 INFO c.h.h.t.HelmChartContainer - [hivemq-test-hivemq-platform] [hivemq-platform-operator] [202a3df5] 04:05:08.559 [pool-6-thread-9] DEBUG c.h.p.o.d.StatefulSetResource - [helmcont] Update StatefulSet (replicas: 1 -> 1)
2025-01-30 04:05:08,561 INFO c.h.h.t.HelmChartContainer - [hivemq-test-hivemq-platform] [hivemq-platform-operator] [202a3df5] 04:05:08.560 [pool-6-thread-9] DEBUG c.h.p.o.d.StatefulSetResource - [helmcont] Detected change in StatefulSet specification (path: /template/metadata/annotations/kubernetes-resource-versions) (actual value: {broker-configuration-v2=-2089688360}) (target value: {broker-configuration-v2=1242811043})
2025-01-30 04:05:08,561 INFO c.h.h.t.HelmChartContainer - [hivemq-test-hivemq-platform] [hivemq-platform-operator] [202a3df5] 04:05:08.560 [pool-6-thread-9] INFO  c.h.p.o.d.StatefulSetResource - [helmcont] StatefulSet spec was updated, triggering rolling restart
2025-01-30 04:05:08,574 INFO c.h.h.t.HelmChartContainer - [hivemq-test-hivemq-platform] [hivemq-platform-operator] [202a3df5] 04:05:08.573 [ReconcilerExecutor-hivemq-controller-114] INFO  c.h.p.o.HiveMQPlatformReconciler - [helmcont] Reconciling HiveMQ Platform 'test-hivemq-platform' in namespace 'helmcontainersecuritycontextupgradeplatformit'
2025-01-30 04:05:08,575 INFO c.h.h.t.HelmChartContainer - [hivemq-test-hivemq-platform] [hivemq-platform-operator] [202a3df5] 04:05:08.574 [ReconcilerExecutor-hivemq-controller-114] DEBUG c.h.p.o.HiveMQPlatformReconciler - [helmcont] Custom Resource Status RUNNING - HiveMQ Platform is ready (READY) (reconciliation requests: REQUESTS_UPDATED, ROLLING_RESTART)
2025-01-30 04:05:08,576 INFO c.h.h.t.HelmChartContainer - [hivemq-test-hivemq-platform] [hivemq-platform-operator] [202a3df5] 04:05:08.575 [ReconcilerExecutor-hivemq-controller-114] DEBUG c.h.p.o.HiveMQPlatformReconciler - [helmcont] Custom Resource Spec (replicas: 1) (extensions: 1)
2025-01-30 04:05:08,578 INFO c.h.h.t.HelmChartContainer - [hivemq-test-hivemq-platform] [hivemq-platform-operator] [202a3df5] 04:05:08.578 [ReconcilerExecutor-hivemq-controller-114] DEBUG c.h.p.o.HiveMQPlatformReconciler - [helmcont] StatefulSet Status (revision: test-hivemq-platform-fc778bc4c, replicas: 1, available: 1, ready: 1, current: 1, updated: 1)
2025-01-30 04:05:08,578 INFO c.h.h.t.HelmChartContainer - [hivemq-test-hivemq-platform] [hivemq-platform-operator] [202a3df5] 04:05:08.578 [ReconcilerExecutor-hivemq-controller-114] DEBUG c.h.p.o.HiveMQPlatformReconciler - [helmcont] StatefulSet Spec (replicas: 1, init containers: 1, containers: 1, volumes: 3)
2025-01-30 04:05:08,580 INFO c.h.h.t.HelmChartContainer - [hivemq-test-hivemq-platform] [hivemq-platform-operator] [202a3df5] 04:05:08.579 [ReconcilerExecutor-hivemq-controller-114] DEBUG c.h.p.o.h.HiveMQPlatformReconcilerErrorHandler - [helmcont] Pod 'test-hivemq-platform-0' phase Running
2025-01-30 04:05:08,580 INFO c.h.h.t.HelmChartContainer - [hivemq-test-hivemq-platform] [hivemq-platform-operator] [202a3df5] 04:05:08.580 [ReconcilerExecutor-hivemq-controller-114] INFO  c.h.p.o.h.HiveMQPlatformReconcilerBaseHandler - [helmcont] Started rolling restart (scaling to 2 replicas)
2025-01-30 04:05:08,668 INFO c.h.h.t.HelmChartContainer - [hivemq-test-hivemq-platform] [hivemq-platform-operator] [202a3df5] 04:05:08.667 [ReconcilerExecutor-hivemq-controller-114] DEBUG c.h.p.operator.event.EventSender - [helmcont] Creating K8s event rolling-restart-started: [RollingRestart] HiveMQ Platform is starting a surge Pod (rolling restart)
2025-01-30 04:05:08,672 INFO c.h.h.t.HelmChartContainer - [EVENT] Normal [RollingRestart] HiveMQ Platform is starting a surge Pod (rolling restart) [helmcontainersecuritycontextupgradeplatformit:test-hivemq-platform]
2025-01-30 04:05:08,754 INFO c.h.h.t.HelmChartContainer - [hivemq-test-hivemq-platform] [hivemq-platform-operator] [202a3df5] 04:05:08.752 [ReconcilerExecutor-hivemq-controller-114] INFO  c.h.p.o.h.AbstractHiveMQReconcilerStateHandler - [helmcont] Update HiveMQ Platform Status (RUNNING [READY] -> ROLLING_RESTART [SURGE_IN_PROGRESS]): HiveMQ Platform is starting a surge Pod (rolling restart)
2025-01-30 04:05:08,763 DEBUG com.hivemq.helmcharts.util.K8sUtil - Comparing actual state 'ROLLING_RESTART' and waiting for 'ROLLING_RESTART'
2025-01-30 04:05:08,768 DEBUG com.hivemq.helmcharts.util.K8sUtil - Comparing actual state 'ROLLING_RESTART' and waiting for 'RUNNING'
2025-01-30 04:05:08,775 INFO c.h.h.t.HelmChartContainer - [hivemq-test-hivemq-platform] [hivemq-platform-operator] [202a3df5] 04:05:08.768 [pool-6-thread-18] DEBUG c.h.p.o.d.PlatformServiceResource - [helmcont] Desired Platform services (3 services)
2025-01-30 04:05:08,775 INFO c.h.h.t.HelmChartContainer - [hivemq-test-hivemq-platform] [hivemq-platform-operator] [202a3df5] 04:05:08.769 [pool-6-thread-11] DEBUG c.h.p.o.dependants.PodInfoConfigMap - [helmcont] Desired PodInfo ConfigMap (1 extensions) (1 enabled)
2025-01-30 04:05:08,775 INFO c.h.h.t.HelmChartContainer - [hivemq-test-hivemq-platform] [hivemq-platform-operator] [202a3df5] 04:05:08.770 [pool-6-thread-11] DEBUG c.h.p.o.dependants.PodInfoConfigMap - [helmcont] Desired PodInfo ConfigMap (metrics port: 9399) (metrics path: /)
2025-01-30 04:05:08,775 INFO c.h.h.t.HelmChartContainer - [hivemq-test-hivemq-platform] [hivemq-platform-operator] [202a3df5] 04:05:08.770 [pool-6-thread-11] DEBUG c.h.p.o.dependants.PodInfoConfigMap - [helmcont] Desired PodInfo ConfigMap (extension state hash: -1817474005)
2025-01-30 04:05:08,775 INFO c.h.h.t.HelmChartContainer - [hivemq-test-hivemq-platform] [hivemq-platform-operator] [202a3df5] 04:05:08.770 [pool-6-thread-11] DEBUG c.h.p.o.dependants.PodInfoConfigMap - [helmcont] Update PodInfo ConfigMap
2025-01-30 04:05:08,775 INFO c.h.h.t.HelmChartContainer - [hivemq-test-hivemq-platform] [hivemq-platform-operator] [202a3df5] 04:05:08.775 [pool-6-thread-13] DEBUG c.h.p.o.d.PodServiceAccountResource - [helmcont] Desired PodServiceAccountResource (serviceAccountName: hivemq-platform-pod-test-hivemq-platform)
2025-01-30 04:05:08,863 INFO c.h.h.t.HelmChartContainer - [hivemq-test-hivemq-platform] [hivemq-platform-operator] [202a3df5] 04:05:08.862 [pool-6-thread-11] DEBUG c.h.p.o.d.StatefulSetResource - [helmcont] Desired StatefulSet (2 replicas) for status ROLLING_RESTART (SURGE_IN_PROGRESS)
2025-01-30 04:05:08,867 INFO c.h.h.t.HelmChartContainer - [hivemq-test-hivemq-platform] [hivemq-platform-operator] [202a3df5] 04:05:08.866 [pool-6-thread-11] DEBUG c.h.p.o.d.StatefulSetResource - [helmcont] Update StatefulSet (replicas: 1 -> 2)
2025-01-30 04:05:08,884 INFO c.h.h.t.HelmChartContainer - [POD] test-hivemq-platform-1 [19dd1892-b5c3-4452-b8fb-5d75902b8cd1] in helmcontainersecuritycontextupgradeplatformit was ADDED
2025-01-30 04:05:08,884 INFO c.h.h.t.HelmChartContainer - [EVENT] Normal [SuccessfulCreate] create Pod test-hivemq-platform-1 in StatefulSet test-hivemq-platform successful [helmcontainersecuritycontextupgradeplatformit:test-hivemq-platform]
2025-01-30 04:05:08,889 INFO c.h.h.t.HelmChartContainer - [POD] test-hivemq-platform-1 [19dd1892-b5c3-4452-b8fb-5d75902b8cd1] in helmcontainersecuritycontextupgradeplatformit was MODIFIED
2025-01-30 04:05:08,889 INFO c.h.h.t.HelmChartContainer - [EVENT] Normal [Scheduled] Successfully assigned helmcontainersecuritycontextupgradeplatformit/test-hivemq-platform-1 to 6c872e703766 [helmcontainersecuritycontextupgradeplatformit:test-hivemq-platform-1]
2025-01-30 04:05:08,900 INFO c.h.h.t.HelmChartContainer - [POD] test-hivemq-platform-1 [19dd1892-b5c3-4452-b8fb-5d75902b8cd1] in helmcontainersecuritycontextupgradeplatformit was MODIFIED
2025-01-30 04:05:08,957 INFO c.h.h.t.HelmChartContainer - [hivemq-test-hivemq-platform] [hivemq-platform-operator] [202a3df5] 04:05:08.955 [ReconcilerExecutor-hivemq-controller-115] INFO  c.h.p.o.HiveMQPlatformReconciler - [helmcont] Reconciling HiveMQ Platform 'test-hivemq-platform' in namespace 'helmcontainersecuritycontextupgradeplatformit'
2025-01-30 04:05:08,957 INFO c.h.h.t.HelmChartContainer - [hivemq-test-hivemq-platform] [hivemq-platform-operator] [202a3df5] 04:05:08.955 [ReconcilerExecutor-hivemq-controller-115] DEBUG c.h.p.o.HiveMQPlatformReconciler - [helmcont] Custom Resource Status ROLLING_RESTART - HiveMQ Platform is starting a surge Pod (rolling restart) (SURGE_IN_PROGRESS)
2025-01-30 04:05:08,957 INFO c.h.h.t.HelmChartContainer - [hivemq-test-hivemq-platform] [hivemq-platform-operator] [202a3df5] 04:05:08.955 [ReconcilerExecutor-hivemq-controller-115] DEBUG c.h.p.o.HiveMQPlatformReconciler - [helmcont] Custom Resource Spec (replicas: 1) (extensions: 1)
2025-01-30 04:05:08,959 INFO c.h.h.t.HelmChartContainer - [K3S] [reconciler_common.go:251] "operationExecutor.VerifyControllerAttachedVolume started for volume \"broker-configuration\" (UniqueName: \"kubernetes.io/configmap/19dd1892-b5c3-4452-b8fb-5d75902b8cd1-broker-configuration\") pod \"test-hivemq-platform-1\" (UID: \"19dd1892-b5c3-4452-b8fb-5d75902b8cd1\") " pod="helmcontainersecuritycontextupgradeplatformit/test-hivemq-platform-1"
2025-01-30 04:05:08,960 INFO c.h.h.t.HelmChartContainer - [hivemq-test-hivemq-platform] [hivemq-platform-operator] [202a3df5] 04:05:08.957 [ReconcilerExecutor-hivemq-controller-115] DEBUG c.h.p.o.HiveMQPlatformReconciler - [helmcont] StatefulSet Status (revision: test-hivemq-platform-85948b8786, replicas: 1, available: 1, ready: 1, current: 1, updated: 0)
2025-01-30 04:05:08,960 INFO c.h.h.t.HelmChartContainer - [K3S] [reconciler_common.go:251] "operationExecutor.VerifyControllerAttachedVolume started for volume \"pod-info\" (UniqueName: \"kubernetes.io/configmap/19dd1892-b5c3-4452-b8fb-5d75902b8cd1-pod-info\") pod \"test-hivemq-platform-1\" (UID: \"19dd1892-b5c3-4452-b8fb-5d75902b8cd1\") " pod="helmcontainersecuritycontextupgradeplatformit/test-hivemq-platform-1"
2025-01-30 04:05:08,960 INFO c.h.h.t.HelmChartContainer - [K3S] [reconciler_common.go:251] "operationExecutor.VerifyControllerAttachedVolume started for volume \"kube-api-access-c54g4\" (UniqueName: \"kubernetes.io/projected/19dd1892-b5c3-4452-b8fb-5d75902b8cd1-kube-api-access-c54g4\") pod \"test-hivemq-platform-1\" (UID: \"19dd1892-b5c3-4452-b8fb-5d75902b8cd1\") " pod="helmcontainersecuritycontextupgradeplatformit/test-hivemq-platform-1"
2025-01-30 04:05:08,960 INFO c.h.h.t.HelmChartContainer - [K3S] [reconciler_common.go:251] "operationExecutor.VerifyControllerAttachedVolume started for volume \"operator-init\" (UniqueName: \"kubernetes.io/empty-dir/19dd1892-b5c3-4452-b8fb-5d75902b8cd1-operator-init\") pod \"test-hivemq-platform-1\" (UID: \"19dd1892-b5c3-4452-b8fb-5d75902b8cd1\") " pod="helmcontainersecuritycontextupgradeplatformit/test-hivemq-platform-1"
2025-01-30 04:05:08,961 INFO c.h.h.t.HelmChartContainer - [hivemq-test-hivemq-platform] [hivemq-platform-operator] [202a3df5] 04:05:08.957 [ReconcilerExecutor-hivemq-controller-115] DEBUG c.h.p.o.HiveMQPlatformReconciler - [helmcont] StatefulSet Spec (replicas: 2, init containers: 1, containers: 1, volumes: 3)
2025-01-30 04:05:08,962 INFO c.h.h.t.HelmChartContainer - [hivemq-test-hivemq-platform] [hivemq-platform-operator] [202a3df5] 04:05:08.959 [ReconcilerExecutor-hivemq-controller-115] DEBUG c.h.p.o.h.HiveMQPlatformReconcilerErrorHandler - [helmcont] Pod 'test-hivemq-platform-0' phase Running
2025-01-30 04:05:08,963 INFO c.h.h.t.HelmChartContainer - [hivemq-test-hivemq-platform] [hivemq-platform-operator] [202a3df5] 04:05:08.961 [ReconcilerExecutor-hivemq-controller-115] DEBUG c.h.p.o.h.HiveMQPlatformReconcilerRollingRestartHandler - [helmcont] Rolling restart is waiting for 1 of 2 replicas
2025-01-30 04:05:08,967 INFO c.h.h.t.HelmChartContainer - [hivemq-test-hivemq-platform] [hivemq-platform-operator] [202a3df5] 04:05:08.966 [pool-6-thread-23] DEBUG c.h.p.o.d.PlatformServiceResource - [helmcont] Desired Platform services (3 services)
2025-01-30 04:05:08,969 INFO c.h.h.t.HelmChartContainer - [hivemq-test-hivemq-platform] [hivemq-platform-operator] [202a3df5] 04:05:08.969 [pool-6-thread-29] DEBUG c.h.p.o.dependants.PodInfoConfigMap - [helmcont] Desired PodInfo ConfigMap (1 extensions) (1 enabled)
2025-01-30 04:05:09,058 INFO c.h.h.t.HelmChartContainer - [hivemq-test-hivemq-platform] [hivemq-platform-operator] [202a3df5] 04:05:08.969 [pool-6-thread-29] DEBUG c.h.p.o.dependants.PodInfoConfigMap - [helmcont] Desired PodInfo ConfigMap (metrics port: 9399) (metrics path: /)
2025-01-30 04:05:09,058 INFO c.h.h.t.HelmChartContainer - [hivemq-test-hivemq-platform] [hivemq-platform-operator] [202a3df5] 04:05:09.054 [pool-6-thread-29] DEBUG c.h.p.o.dependants.PodInfoConfigMap - [helmcont] Desired PodInfo ConfigMap (extension state hash: -1817474005)
2025-01-30 04:05:09,058 INFO c.h.h.t.HelmChartContainer - [hivemq-test-hivemq-platform] [hivemq-platform-operator] [202a3df5] 04:05:09.056 [pool-6-thread-28] DEBUG c.h.p.o.d.PodServiceAccountResource - [helmcont] Desired PodServiceAccountResource (serviceAccountName: hivemq-platform-pod-test-hivemq-platform)
2025-01-30 04:05:09,064 INFO c.h.h.t.HelmChartContainer - [hivemq-test-hivemq-platform] [hivemq-platform-operator] [202a3df5] 04:05:09.063 [pool-6-thread-23] DEBUG c.h.p.o.d.StatefulSetResource - [helmcont] Desired StatefulSet (2 replicas) for status ROLLING_RESTART (SURGE_IN_PROGRESS)
2025-01-30 04:05:09,068 INFO c.h.h.t.HelmChartContainer - [hivemq-test-hivemq-platform] [hivemq-platform-operator] [202a3df5] 04:05:09.067 [ReconcilerExecutor-hivemq-controller-116] INFO  c.h.p.o.HiveMQPlatformReconciler - [helmcont] Reconciling HiveMQ Platform 'test-hivemq-platform' in namespace 'helmcontainersecuritycontextupgradeplatformit'
2025-01-30 04:05:09,069 INFO c.h.h.t.HelmChartContainer - [hivemq-test-hivemq-platform] [hivemq-platform-operator] [202a3df5] 04:05:09.067 [ReconcilerExecutor-hivemq-controller-116] DEBUG c.h.p.o.HiveMQPlatformReconciler - [helmcont] Custom Resource Status ROLLING_RESTART - HiveMQ Platform is starting a surge Pod (rolling restart) (SURGE_IN_PROGRESS)
2025-01-30 04:05:09,069 INFO c.h.h.t.HelmChartContainer - [hivemq-test-hivemq-platform] [hivemq-platform-operator] [202a3df5] 04:05:09.068 [ReconcilerExecutor-hivemq-controller-116] DEBUG c.h.p.o.HiveMQPlatformReconciler - [helmcont] Custom Resource Spec (replicas: 1) (extensions: 1)
2025-01-30 04:05:09,154 INFO c.h.h.t.HelmChartContainer - [hivemq-test-hivemq-platform] [hivemq-platform-operator] [202a3df5] 04:05:09.153 [ReconcilerExecutor-hivemq-controller-116] DEBUG c.h.p.o.HiveMQPlatformReconciler - [helmcont] StatefulSet Status (revision: test-hivemq-platform-85948b8786, replicas: 2, available: 1, ready: 1, current: 1, updated: 1)
2025-01-30 04:05:09,154 INFO c.h.h.t.HelmChartContainer - [hivemq-test-hivemq-platform] [hivemq-platform-operator] [202a3df5] 04:05:09.153 [ReconcilerExecutor-hivemq-controller-116] DEBUG c.h.p.o.HiveMQPlatformReconciler - [helmcont] StatefulSet Spec (replicas: 2, init containers: 1, containers: 1, volumes: 3)
2025-01-30 04:05:09,162 INFO c.h.h.t.HelmChartContainer - [hivemq-test-hivemq-platform] [hivemq-platform-operator] [202a3df5] 04:05:09.161 [ReconcilerExecutor-hivemq-controller-116] DEBUG c.h.p.o.h.HiveMQPlatformReconcilerErrorHandler - [helmcont] Pod 'test-hivemq-platform-1' phase Pending
2025-01-30 04:05:09,163 INFO c.h.h.t.HelmChartContainer - [hivemq-test-hivemq-platform] [hivemq-platform-operator] [202a3df5] 04:05:09.161 [ReconcilerExecutor-hivemq-controller-116] DEBUG c.h.p.o.h.HiveMQPlatformReconcilerErrorHandler - [helmcont] Pod 'test-hivemq-platform-1' condition 'PodReadyToStartContainers': False
2025-01-30 04:05:09,163 INFO c.h.h.t.HelmChartContainer - [hivemq-test-hivemq-platform] [hivemq-platform-operator] [202a3df5] 04:05:09.161 [ReconcilerExecutor-hivemq-controller-116] DEBUG c.h.p.o.h.HiveMQPlatformReconcilerErrorHandler - [helmcont] Pod 'test-hivemq-platform-1' condition 'Initialized': False
2025-01-30 04:05:09,163 INFO c.h.h.t.HelmChartContainer - [hivemq-test-hivemq-platform] [hivemq-platform-operator] [202a3df5] 04:05:09.161 [ReconcilerExecutor-hivemq-controller-116] DEBUG c.h.p.o.h.HiveMQPlatformReconcilerErrorHandler - [helmcont] Pod 'test-hivemq-platform-1' condition 'Ready': False
2025-01-30 04:05:09,163 INFO c.h.h.t.HelmChartContainer - [hivemq-test-hivemq-platform] [hivemq-platform-operator] [202a3df5] 04:05:09.161 [ReconcilerExecutor-hivemq-controller-116] DEBUG c.h.p.o.h.HiveMQPlatformReconcilerErrorHandler - [helmcont] Pod 'test-hivemq-platform-1' condition 'ContainersReady': False
2025-01-30 04:05:09,163 INFO c.h.h.t.HelmChartContainer - [hivemq-test-hivemq-platform] [hivemq-platform-operator] [202a3df5] 04:05:09.161 [ReconcilerExecutor-hivemq-controller-116] DEBUG c.h.p.o.h.HiveMQPlatformReconcilerErrorHandler - [helmcont] Pod 'test-hivemq-platform-1' condition 'PodScheduled': True
2025-01-30 04:05:09,163 INFO c.h.h.t.HelmChartContainer - [hivemq-test-hivemq-platform] [hivemq-platform-operator] [202a3df5] 04:05:09.161 [ReconcilerExecutor-hivemq-controller-116] DEBUG c.h.p.o.h.HiveMQPlatformReconcilerErrorHandler - [helmcont] Pod 'test-hivemq-platform-1' containerStatus 'hivemq' (started: false) (ready: false) (waiting: [PodInitializing] null)
2025-01-30 04:05:09,167 INFO c.h.h.t.HelmChartContainer - [hivemq-test-hivemq-platform] [hivemq-platform-operator] [202a3df5] 04:05:09.166 [ReconcilerExecutor-hivemq-controller-116] DEBUG c.h.p.o.h.HiveMQPlatformReconcilerErrorHandler - [helmcont] Pod 'test-hivemq-platform-0' phase Running
2025-01-30 04:05:09,168 INFO c.h.h.t.HelmChartContainer - [hivemq-test-hivemq-platform] [hivemq-platform-operator] [202a3df5] 04:05:09.167 [ReconcilerExecutor-hivemq-controller-116] DEBUG c.h.p.o.h.HiveMQPlatformReconcilerRollingRestartHandler - [helmcont] Rolling restart is waiting for 1 of 2 replicas
2025-01-30 04:05:09,171 INFO c.h.h.t.HelmChartContainer - [hivemq-test-hivemq-platform] [hivemq-platform-operator] [202a3df5] 04:05:09.170 [pool-6-thread-35] DEBUG c.h.p.o.d.PlatformServiceResource - [helmcont] Desired Platform services (3 services)
2025-01-30 04:05:09,172 INFO c.h.h.t.HelmChartContainer - [hivemq-test-hivemq-platform] [hivemq-platform-operator] [202a3df5] 04:05:09.171 [pool-6-thread-31] DEBUG c.h.p.o.dependants.PodInfoConfigMap - [helmcont] Desired PodInfo ConfigMap (1 extensions) (1 enabled)
2025-01-30 04:05:09,257 INFO c.h.h.t.HelmChartContainer - [hivemq-test-hivemq-platform] [hivemq-platform-operator] [202a3df5] 04:05:09.253 [pool-6-thread-34] DEBUG c.h.p.o.d.PodServiceAccountResource - [helmcont] Desired PodServiceAccountResource (serviceAccountName: hivemq-platform-pod-test-hivemq-platform)
2025-01-30 04:05:09,258 INFO c.h.h.t.HelmChartContainer - [hivemq-test-hivemq-platform] [hivemq-platform-operator] [202a3df5] 04:05:09.253 [pool-6-thread-31] DEBUG c.h.p.o.dependants.PodInfoConfigMap - [helmcont] Desired PodInfo ConfigMap (metrics port: 9399) (metrics path: /)
2025-01-30 04:05:09,258 INFO c.h.h.t.HelmChartContainer - [hivemq-test-hivemq-platform] [hivemq-platform-operator] [202a3df5] 04:05:09.254 [pool-6-thread-31] DEBUG c.h.p.o.dependants.PodInfoConfigMap - [helmcont] Desired PodInfo ConfigMap (extension state hash: -1817474005)
2025-01-30 04:05:09,264 INFO c.h.h.t.HelmChartContainer - [hivemq-test-hivemq-platform] [hivemq-platform-operator] [202a3df5] 04:05:09.262 [pool-6-thread-35] DEBUG c.h.p.o.d.StatefulSetResource - [helmcont] Desired StatefulSet (2 replicas) for status ROLLING_RESTART (SURGE_IN_PROGRESS)
2025-01-30 04:05:09,267 INFO c.h.h.t.HelmChartContainer - [hivemq-test-hivemq-platform] [hivemq-platform-operator] [202a3df5] 04:05:09.266 [ReconcilerExecutor-hivemq-controller-117] INFO  c.h.p.o.HiveMQPlatformReconciler - [helmcont] Reconciling HiveMQ Platform 'test-hivemq-platform' in namespace 'helmcontainersecuritycontextupgradeplatformit'
2025-01-30 04:05:09,269 INFO c.h.h.t.HelmChartContainer - [hivemq-test-hivemq-platform] [hivemq-platform-operator] [202a3df5] 04:05:09.268 [ReconcilerExecutor-hivemq-controller-117] DEBUG c.h.p.o.HiveMQPlatformReconciler - [helmcont] Custom Resource Status ROLLING_RESTART - HiveMQ Platform is starting a surge Pod (rolling restart) (SURGE_IN_PROGRESS)
2025-01-30 04:05:09,272 INFO c.h.h.t.HelmChartContainer - [hivemq-test-hivemq-platform] [hivemq-platform-operator] [202a3df5] 04:05:09.271 [ReconcilerExecutor-hivemq-controller-117] DEBUG c.h.p.o.HiveMQPlatformReconciler - [helmcont] Custom Resource Spec (replicas: 1) (extensions: 1)
2025-01-30 04:05:09,275 INFO c.h.h.t.HelmChartContainer - [hivemq-test-hivemq-platform] [hivemq-platform-operator] [202a3df5] 04:05:09.275 [ReconcilerExecutor-hivemq-controller-117] DEBUG c.h.p.o.HiveMQPlatformReconciler - [helmcont] StatefulSet Status (revision: test-hivemq-platform-85948b8786, replicas: 2, available: 1, ready: 1, current: 1, updated: 1)
2025-01-30 04:05:09,276 INFO c.h.h.t.HelmChartContainer - [hivemq-test-hivemq-platform] [hivemq-platform-operator] [202a3df5] 04:05:09.276 [ReconcilerExecutor-hivemq-controller-117] DEBUG c.h.p.o.HiveMQPlatformReconciler - [helmcont] StatefulSet Spec (replicas: 2, init containers: 1, containers: 1, volumes: 3)
2025-01-30 04:05:09,280 INFO c.h.h.t.HelmChartContainer - [hivemq-test-hivemq-platform] [hivemq-platform-operator] [202a3df5] 04:05:09.278 [ReconcilerExecutor-hivemq-controller-117] DEBUG c.h.p.o.h.HiveMQPlatformReconcilerErrorHandler - [helmcont] Pod 'test-hivemq-platform-1' phase Pending
2025-01-30 04:05:09,280 INFO c.h.h.t.HelmChartContainer - [hivemq-test-hivemq-platform] [hivemq-platform-operator] [202a3df5] 04:05:09.278 [ReconcilerExecutor-hivemq-controller-117] DEBUG c.h.p.o.h.HiveMQPlatformReconcilerErrorHandler - [helmcont] Pod 'test-hivemq-platform-1' condition 'PodReadyToStartContainers': False
2025-01-30 04:05:09,280 INFO c.h.h.t.HelmChartContainer - [hivemq-test-hivemq-platform] [hivemq-platform-operator] [202a3df5] 04:05:09.278 [ReconcilerExecutor-hivemq-controller-117] DEBUG c.h.p.o.h.HiveMQPlatformReconcilerErrorHandler - [helmcont] Pod 'test-hivemq-platform-1' condition 'Initialized': False
2025-01-30 04:05:09,280 INFO c.h.h.t.HelmChartContainer - [hivemq-test-hivemq-platform] [hivemq-platform-operator] [202a3df5] 04:05:09.278 [ReconcilerExecutor-hivemq-controller-117] DEBUG c.h.p.o.h.HiveMQPlatformReconcilerErrorHandler - [helmcont] Pod 'test-hivemq-platform-1' condition 'Ready': False
2025-01-30 04:05:09,280 INFO c.h.h.t.HelmChartContainer - [hivemq-test-hivemq-platform] [hivemq-platform-operator] [202a3df5] 04:05:09.278 [ReconcilerExecutor-hivemq-controller-117] DEBUG c.h.p.o.h.HiveMQPlatformReconcilerErrorHandler - [helmcont] Pod 'test-hivemq-platform-1' condition 'ContainersReady': False
2025-01-30 04:05:09,280 INFO c.h.h.t.HelmChartContainer - [hivemq-test-hivemq-platform] [hivemq-platform-operator] [202a3df5] 04:05:09.279 [ReconcilerExecutor-hivemq-controller-117] DEBUG c.h.p.o.h.HiveMQPlatformReconcilerErrorHandler - [helmcont] Pod 'test-hivemq-platform-1' condition 'PodScheduled': True
2025-01-30 04:05:09,280 INFO c.h.h.t.HelmChartContainer - [hivemq-test-hivemq-platform] [hivemq-platform-operator] [202a3df5] 04:05:09.279 [ReconcilerExecutor-hivemq-controller-117] DEBUG c.h.p.o.h.HiveMQPlatformReconcilerErrorHandler - [helmcont] Pod 'test-hivemq-platform-1' containerStatus 'hivemq' (started: false) (ready: false) (waiting: [PodInitializing] null)
2025-01-30 04:05:09,303 INFO c.h.h.t.HelmChartContainer - [EVENT] Normal [Pulled] Container image "docker.io/hivemq/hivemq-platform-operator-init-test:snapshot" already present on machine [helmcontainersecuritycontextupgradeplatformit:test-hivemq-platform-1]
2025-01-30 04:05:09,307 INFO c.h.h.t.HelmChartContainer - [EVENT] Normal [Created] Created container: hivemq-platform-operator-init [helmcontainersecuritycontextupgradeplatformit:test-hivemq-platform-1]
2025-01-30 04:05:09,356 INFO c.h.h.t.HelmChartContainer - [hivemq-test-hivemq-platform] [hivemq-platform-operator] [202a3df5] 04:05:09.353 [ReconcilerExecutor-hivemq-controller-117] DEBUG c.h.p.o.h.HiveMQPlatformReconcilerErrorHandler - [helmcont] Pod 'test-hivemq-platform-0' phase Running
2025-01-30 04:05:09,356 INFO c.h.h.t.HelmChartContainer - [EVENT] Normal [Started] Started container hivemq-platform-operator-init [helmcontainersecuritycontextupgradeplatformit:test-hivemq-platform-1]
2025-01-30 04:05:09,356 INFO c.h.h.t.HelmChartContainer - [hivemq-test-hivemq-platform] [hivemq-platform-operator] [202a3df5] 04:05:09.355 [ReconcilerExecutor-hivemq-controller-117] DEBUG c.h.p.o.h.HiveMQPlatformReconcilerRollingRestartHandler - [helmcont] Rolling restart is waiting for 1 of 2 replicas
2025-01-30 04:05:09,641 INFO c.h.h.t.HelmChartContainer - [EVENT] Normal [Pulled] Container image "docker.io/hivemq/hivemq4:4.36.0" already present on machine [helmcontainersecuritycontextupgradeplatformit:test-hivemq-platform-1]
2025-01-30 04:05:09,641 INFO c.h.h.t.HelmChartContainer - Received Pulled event for container hivemq in pod test-hivemq-platform-1 [19dd1892-b5c3-4452-b8fb-5d75902b8cd1]
2025-01-30 04:05:09,651 INFO c.h.h.t.HelmChartContainer - [POD] test-hivemq-platform-1 [19dd1892-b5c3-4452-b8fb-5d75902b8cd1] in helmcontainersecuritycontextupgradeplatformit was MODIFIED
2025-01-30 04:05:09,662 INFO c.h.h.t.HelmChartContainer - [EVENT] Normal [Created] Created container: hivemq [helmcontainersecuritycontextupgradeplatformit:test-hivemq-platform-1]
2025-01-30 04:05:09,662 INFO c.h.h.t.HelmChartContainer - Received Created event for container hivemq in pod test-hivemq-platform-1 [19dd1892-b5c3-4452-b8fb-5d75902b8cd1]
2025-01-30 04:05:09,675 INFO c.h.h.t.HelmChartContainer - [hivemq-test-hivemq-platform] [hivemq-platform-operator] [202a3df5] 04:05:09.666 [pool-6-thread-49] DEBUG c.h.p.o.d.PodServiceAccountResource - [helmcont] Desired PodServiceAccountResource (serviceAccountName: hivemq-platform-pod-test-hivemq-platform)
2025-01-30 04:05:09,675 INFO c.h.h.t.HelmChartContainer - [hivemq-test-hivemq-platform] [hivemq-platform-operator] [202a3df5] 04:05:09.662 [pool-6-thread-43] DEBUG c.h.p.o.d.PlatformServiceResource - [helmcont] Desired Platform services (3 services)
2025-01-30 04:05:09,685 INFO c.h.h.t.HelmChartContainer - [hivemq-test-hivemq-platform] [hivemq-platform-operator] [202a3df5] 04:05:09.675 [pool-6-thread-44] DEBUG c.h.p.o.dependants.PodInfoConfigMap - [helmcont] Desired PodInfo ConfigMap (1 extensions) (1 enabled)
2025-01-30 04:05:09,686 INFO c.h.h.t.HelmChartContainer - [hivemq-test-hivemq-platform] [hivemq-platform-operator] [202a3df5] 04:05:09.676 [pool-6-thread-44] DEBUG c.h.p.o.dependants.PodInfoConfigMap - [helmcont] Desired PodInfo ConfigMap (metrics port: 9399) (metrics path: /)
2025-01-30 04:05:09,687 INFO c.h.h.t.HelmChartContainer - [hivemq-test-hivemq-platform] [hivemq-platform-operator] [202a3df5] 04:05:09.676 [pool-6-thread-44] DEBUG c.h.p.o.dependants.PodInfoConfigMap - [helmcont] Desired PodInfo ConfigMap (extension state hash: -1817474005)
2025-01-30 04:05:09,687 INFO c.h.h.t.HelmChartContainer - [hivemq-test-hivemq-platform] [hivemq-platform-operator] [202a3df5] 04:05:09.682 [pool-6-thread-49] DEBUG c.h.p.o.d.StatefulSetResource - [helmcont] Desired StatefulSet (2 replicas) for status ROLLING_RESTART (SURGE_IN_PROGRESS)
2025-01-30 04:05:09,741 INFO c.h.h.t.HelmChartContainer - [hivemq-test-hivemq-platform] [hivemq-platform-operator] [202a3df5] 04:05:09.739 [ReconcilerExecutor-hivemq-controller-118] INFO  c.h.p.o.HiveMQPlatformReconciler - [helmcont] Reconciling HiveMQ Platform 'test-hivemq-platform' in namespace 'helmcontainersecuritycontextupgradeplatformit'
2025-01-30 04:05:09,741 INFO c.h.h.t.HelmChartContainer - [hivemq-test-hivemq-platform] [hivemq-platform-operator] [202a3df5] 04:05:09.739 [ReconcilerExecutor-hivemq-controller-118] DEBUG c.h.p.o.HiveMQPlatformReconciler - [helmcont] Custom Resource Status ROLLING_RESTART - HiveMQ Platform is starting a surge Pod (rolling restart) (SURGE_IN_PROGRESS)
2025-01-30 04:05:09,743 INFO c.h.h.t.HelmChartContainer - [hivemq-test-hivemq-platform] [hivemq-platform-operator] [202a3df5] 04:05:09.741 [ReconcilerExecutor-hivemq-controller-118] DEBUG c.h.p.o.HiveMQPlatformReconciler - [helmcont] Custom Resource Spec (replicas: 1) (extensions: 1)
2025-01-30 04:05:09,760 INFO c.h.h.t.HelmChartContainer - [hivemq-test-hivemq-platform] [hivemq-platform-operator] [202a3df5] 04:05:09.755 [ReconcilerExecutor-hivemq-controller-118] DEBUG c.h.p.o.HiveMQPlatformReconciler - [helmcont] StatefulSet Status (revision: test-hivemq-platform-85948b8786, replicas: 2, available: 1, ready: 1, current: 1, updated: 1)
2025-01-30 04:05:09,761 INFO c.h.h.t.HelmChartContainer - [hivemq-test-hivemq-platform] [hivemq-platform-operator] [202a3df5] 04:05:09.755 [ReconcilerExecutor-hivemq-controller-118] DEBUG c.h.p.o.HiveMQPlatformReconciler - [helmcont] StatefulSet Spec (replicas: 2, init containers: 1, containers: 1, volumes: 3)
2025-01-30 04:05:09,761 INFO c.h.h.t.HelmChartContainer - [hivemq-test-hivemq-platform] [hivemq-platform-operator] [202a3df5] 04:05:09.756 [ReconcilerExecutor-hivemq-controller-118] DEBUG c.h.p.o.h.HiveMQPlatformReconcilerErrorHandler - [helmcont] Pod 'test-hivemq-platform-1' phase Pending
2025-01-30 04:05:09,761 INFO c.h.h.t.HelmChartContainer - [hivemq-test-hivemq-platform] [hivemq-platform-operator] [202a3df5] 04:05:09.757 [ReconcilerExecutor-hivemq-controller-118] DEBUG c.h.p.o.h.HiveMQPlatformReconcilerErrorHandler - [helmcont] Pod 'test-hivemq-platform-1' condition 'PodReadyToStartContainers': True
2025-01-30 04:05:09,762 INFO c.h.h.t.HelmChartContainer - [hivemq-test-hivemq-platform] [hivemq-platform-operator] [202a3df5] 04:05:09.757 [ReconcilerExecutor-hivemq-controller-118] DEBUG c.h.p.o.h.HiveMQPlatformReconcilerErrorHandler - [helmcont] Pod 'test-hivemq-platform-1' condition 'Initialized': True
2025-01-30 04:05:09,762 INFO c.h.h.t.HelmChartContainer - [hivemq-test-hivemq-platform] [hivemq-platform-operator] [202a3df5] 04:05:09.757 [ReconcilerExecutor-hivemq-controller-118] DEBUG c.h.p.o.h.HiveMQPlatformReconcilerErrorHandler - [helmcont] Pod 'test-hivemq-platform-1' condition 'Ready': False
2025-01-30 04:05:09,763 INFO c.h.h.t.HelmChartContainer - [hivemq-test-hivemq-platform] [hivemq-platform-operator] [202a3df5] 04:05:09.757 [ReconcilerExecutor-hivemq-controller-118] DEBUG c.h.p.o.h.HiveMQPlatformReconcilerErrorHandler - [helmcont] Pod 'test-hivemq-platform-1' condition 'ContainersReady': False
2025-01-30 04:05:09,763 INFO c.h.h.t.HelmChartContainer - [hivemq-test-hivemq-platform] [hivemq-platform-operator] [202a3df5] 04:05:09.757 [ReconcilerExecutor-hivemq-controller-118] DEBUG c.h.p.o.h.HiveMQPlatformReconcilerErrorHandler - [helmcont] Pod 'test-hivemq-platform-1' condition 'PodScheduled': True
2025-01-30 04:05:09,763 INFO c.h.h.t.HelmChartContainer - [hivemq-test-hivemq-platform] [hivemq-platform-operator] [202a3df5] 04:05:09.757 [ReconcilerExecutor-hivemq-controller-118] DEBUG c.h.p.o.h.HiveMQPlatformReconcilerErrorHandler - [helmcont] Pod 'test-hivemq-platform-1' containerStatus 'hivemq' (started: false) (ready: false) (waiting: [PodInitializing] null)
2025-01-30 04:05:09,763 INFO c.h.h.t.HelmChartContainer - [hivemq-test-hivemq-platform] [hivemq-platform-operator] [202a3df5] 04:05:09.758 [ReconcilerExecutor-hivemq-controller-118] DEBUG c.h.p.o.h.HiveMQPlatformReconcilerErrorHandler - [helmcont] Pod 'test-hivemq-platform-0' phase Running
2025-01-30 04:05:09,763 INFO c.h.h.t.HelmChartContainer - [hivemq-test-hivemq-platform] [hivemq-platform-operator] [202a3df5] 04:05:09.759 [ReconcilerExecutor-hivemq-controller-118] DEBUG c.h.p.o.h.HiveMQPlatformReconcilerRollingRestartHandler - [helmcont] Rolling restart is waiting for 1 of 2 replicas
2025-01-30 04:05:10,655 INFO c.h.h.t.HelmChartContainer - [POD] test-hivemq-platform-1 [19dd1892-b5c3-4452-b8fb-5d75902b8cd1] in helmcontainersecuritycontextupgradeplatformit was MODIFIED
2025-01-30 04:05:10,663 INFO c.h.h.t.HelmChartContainer - [hivemq-test-hivemq-platform] [hivemq-platform-operator] [202a3df5] 04:05:10.657 [pool-6-thread-8] DEBUG c.h.p.o.d.PlatformServiceResource - [helmcont] Desired Platform services (3 services)
2025-01-30 04:05:10,665 INFO c.h.h.t.HelmChartContainer - [hivemq-test-hivemq-platform] [hivemq-platform-operator] [202a3df5] 04:05:10.662 [pool-6-thread-1] DEBUG c.h.p.o.dependants.PodInfoConfigMap - [helmcont] Desired PodInfo ConfigMap (1 extensions) (1 enabled)
2025-01-30 04:05:10,665 INFO c.h.h.t.HelmChartContainer - [hivemq-test-hivemq-platform] [hivemq-platform-operator] [202a3df5] 04:05:10.662 [pool-6-thread-1] DEBUG c.h.p.o.dependants.PodInfoConfigMap - [helmcont] Desired PodInfo ConfigMap (metrics port: 9399) (metrics path: /)
2025-01-30 04:05:10,665 INFO c.h.h.t.HelmChartContainer - [hivemq-test-hivemq-platform] [hivemq-platform-operator] [202a3df5] 04:05:10.662 [pool-6-thread-1] DEBUG c.h.p.o.dependants.PodInfoConfigMap - [helmcont] Desired PodInfo ConfigMap (extension state hash: -1817474005)
2025-01-30 04:05:10,665 INFO c.h.h.t.HelmChartContainer - Started log watcher for hivemq in pod test-hivemq-platform-1 [19dd1892-b5c3-4452-b8fb-5d75902b8cd1]
2025-01-30 04:05:10,665 INFO c.h.h.t.HelmChartContainer - [test-hivemq-platform] [hivemq] [19dd1892] Adding pre-installed HiveMQ Platform Operator extensions
2025-01-30 04:05:10,665 INFO c.h.h.t.HelmChartContainer - [test-hivemq-platform] [hivemq] [19dd1892] Running as user 10000
2025-01-30 04:05:10,665 INFO c.h.h.t.HelmChartContainer - [test-hivemq-platform] [hivemq] [19dd1892] Starting HiveMQ Platform Operator Init
2025-01-30 04:05:10,666 INFO c.h.h.t.HelmChartContainer - [EVENT] Normal [Started] Started container hivemq [helmcontainersecuritycontextupgradeplatformit:test-hivemq-platform-1]
2025-01-30 04:05:10,666 INFO c.h.h.t.HelmChartContainer - Received Started event for container hivemq in pod test-hivemq-platform-1 [19dd1892-b5c3-4452-b8fb-5d75902b8cd1]
2025-01-30 04:05:10,667 INFO c.h.h.t.HelmChartContainer - [hivemq-test-hivemq-platform] [hivemq-platform-operator] [202a3df5] 04:05:10.666 [pool-6-thread-1] DEBUG c.h.p.o.d.PodServiceAccountResource - [helmcont] Desired PodServiceAccountResource (serviceAccountName: hivemq-platform-pod-test-hivemq-platform)
2025-01-30 04:05:10,680 INFO c.h.h.t.HelmChartContainer - [hivemq-test-hivemq-platform] [hivemq-platform-operator] [202a3df5] 04:05:10.678 [pool-6-thread-2] DEBUG c.h.p.o.d.StatefulSetResource - [helmcont] Desired StatefulSet (2 replicas) for status ROLLING_RESTART (SURGE_IN_PROGRESS)
2025-01-30 04:05:10,686 INFO c.h.h.t.HelmChartContainer - [hivemq-test-hivemq-platform] [hivemq-platform-operator] [202a3df5] 04:05:10.684 [ReconcilerExecutor-hivemq-controller-119] INFO  c.h.p.o.HiveMQPlatformReconciler - [helmcont] Reconciling HiveMQ Platform 'test-hivemq-platform' in namespace 'helmcontainersecuritycontextupgradeplatformit'
2025-01-30 04:05:10,686 INFO c.h.h.t.HelmChartContainer - [hivemq-test-hivemq-platform] [hivemq-platform-operator] [202a3df5] 04:05:10.684 [ReconcilerExecutor-hivemq-controller-119] DEBUG c.h.p.o.HiveMQPlatformReconciler - [helmcont] Custom Resource Status ROLLING_RESTART - HiveMQ Platform is starting a surge Pod (rolling restart) (SURGE_IN_PROGRESS)
2025-01-30 04:05:10,686 INFO c.h.h.t.HelmChartContainer - [hivemq-test-hivemq-platform] [hivemq-platform-operator] [202a3df5] 04:05:10.684 [ReconcilerExecutor-hivemq-controller-119] DEBUG c.h.p.o.HiveMQPlatformReconciler - [helmcont] Custom Resource Spec (replicas: 1) (extensions: 1)
2025-01-30 04:05:10,688 INFO c.h.h.t.HelmChartContainer - [hivemq-test-hivemq-platform] [hivemq-platform-operator] [202a3df5] 04:05:10.686 [ReconcilerExecutor-hivemq-controller-119] DEBUG c.h.p.o.HiveMQPlatformReconciler - [helmcont] StatefulSet Status (revision: test-hivemq-platform-85948b8786, replicas: 2, available: 1, ready: 1, current: 1, updated: 1)
2025-01-30 04:05:10,688 INFO c.h.h.t.HelmChartContainer - [hivemq-test-hivemq-platform] [hivemq-platform-operator] [202a3df5] 04:05:10.686 [ReconcilerExecutor-hivemq-controller-119] DEBUG c.h.p.o.HiveMQPlatformReconciler - [helmcont] StatefulSet Spec (replicas: 2, init containers: 1, containers: 1, volumes: 3)
2025-01-30 04:05:10,688 INFO c.h.h.t.HelmChartContainer - [hivemq-test-hivemq-platform] [hivemq-platform-operator] [202a3df5] 04:05:10.688 [ReconcilerExecutor-hivemq-controller-119] DEBUG c.h.p.o.h.HiveMQPlatformReconcilerErrorHandler - [helmcont] Pod 'test-hivemq-platform-1' phase Running
2025-01-30 04:05:10,737 INFO c.h.h.t.HelmChartContainer - [hivemq-test-hivemq-platform] [hivemq-platform-operator] [202a3df5] 04:05:10.734 [ReconcilerExecutor-hivemq-controller-119] DEBUG c.h.p.o.h.HiveMQPlatformReconcilerErrorHandler - [helmcont] Pod 'test-hivemq-platform-0' phase Running
2025-01-30 04:05:10,737 INFO c.h.h.t.HelmChartContainer - [hivemq-test-hivemq-platform] [hivemq-platform-operator] [202a3df5] 04:05:10.735 [ReconcilerExecutor-hivemq-controller-119] DEBUG c.h.p.o.h.HiveMQPlatformReconcilerRollingRestartHandler - [helmcont] Rolling restart is waiting for 1 of 2 replicas
2025-01-30 04:05:10,950 INFO c.h.h.t.HelmChartContainer - [test-hivemq-platform] [hivemq] [19dd1892] INFO  - [HiveMQ Platform Operator Init 1.7.0-SNAPSHOT] HiveMQ Platform Operator Init 1.7.0-SNAPSHOT (commit: 47e3375 on branch: HEAD) built on Thu Jan 30 03:55:50 UTC 2025
2025-01-30 04:05:11,984 INFO c.h.h.t.HelmChartContainer - [test-hivemq-platform] [hivemq] [19dd1892] INFO  - [HiveMQ Platform Operator Init App 1.7.0-SNAPSHOT] Using bind address 10.42.0.11 from environment variable
2025-01-30 04:05:12,862 INFO c.h.h.t.HelmChartContainer - [test-hivemq-platform] [hivemq] [19dd1892] INFO  - [HiveMQ Platform Operator Init App 1.7.0-SNAPSHOT] HiveMQ Platform Operator Init App 1.7.0-SNAPSHOT (commit: 47e3375 on branch: HEAD) built on Thu Jan 30 03:55:50 UTC 2025
2025-01-30 04:05:12,862 INFO c.h.h.t.HelmChartContainer - [test-hivemq-platform] [hivemq] [19dd1892] INFO  - [HiveMQ Platform Operator Init App 1.7.0-SNAPSHOT] PodInfo ConfigMap directory: /etc/podinfo
2025-01-30 04:05:12,862 INFO c.h.h.t.HelmChartContainer - [test-hivemq-platform] [hivemq] [19dd1892] INFO  - [HiveMQ Platform Operator Init App 1.7.0-SNAPSHOT] HiveMQ home directory: /opt/hivemq
2025-01-30 04:05:12,862 INFO c.h.h.t.HelmChartContainer - [test-hivemq-platform] [hivemq] [19dd1892] INFO  - [HiveMQ Platform Operator Init App 1.7.0-SNAPSHOT] HiveMQ Logback folder: /opt/hivemq/conf
2025-01-30 04:05:12,862 INFO c.h.h.t.HelmChartContainer - [test-hivemq-platform] [hivemq] [19dd1892] INFO  - [HiveMQ Platform Operator Init App 1.7.0-SNAPSHOT] HiveMQ Config folder: /opt/hivemq/conf-k8s
2025-01-30 04:05:12,863 INFO c.h.h.t.HelmChartContainer - [test-hivemq-platform] [hivemq] [19dd1892] INFO  - [HiveMQ Platform Operator Init App 1.7.0-SNAPSHOT] Starting HiveMQ Platform Operator Init App
2025-01-30 04:05:12,863 INFO c.h.h.t.HelmChartContainer - [test-hivemq-platform] [hivemq] [19dd1892] INFO  - [HiveMQ Platform Operator Init App 1.7.0-SNAPSHOT] Starting Pod reconciler
2025-01-30 04:05:14,166 INFO c.h.h.t.HelmChartContainer - [test-hivemq-platform] [hivemq] [19dd1892] INFO  - [HiveMQ Platform Operator Init App 1.7.0-SNAPSHOT] Pod reconciler is scheduled (interval: 5000 ms)
2025-01-30 04:05:14,168 INFO c.h.h.t.HelmChartContainer - [test-hivemq-platform] [hivemq] [19dd1892] INFO  - [HiveMQ Platform Operator Init App 1.7.0-SNAPSHOT] Starting the REST API on 10.42.0.11:7979
2025-01-30 04:05:14,171 INFO c.h.h.t.HelmChartContainer - [test-hivemq-platform] [hivemq] [19dd1892] INFO  - [HiveMQ Platform Operator Init App 1.7.0-SNAPSHOT] Waiting up to 600s for at most 2 HiveMQ nodes in cluster service hivemq-test-hivemq-platform-cluster.helmcontainersecuritycontextupgradeplatformit.svc
2025-01-30 04:05:14,550 INFO c.h.h.t.HelmChartContainer - [test-hivemq-platform] [hivemq] [19dd1892] INFO  - [HiveMQ Platform Operator Init App 1.7.0-SNAPSHOT] Resolved 2 IP addresses: [10.42.0.11, 10.42.0.10]
2025-01-30 04:05:14,550 INFO c.h.h.t.HelmChartContainer - [test-hivemq-platform] [hivemq] [19dd1892] INFO  - [HiveMQ Platform Operator Init App 1.7.0-SNAPSHOT] HiveMQ node count of 2 is within threshold of 2
2025-01-30 04:05:14,550 INFO c.h.h.t.HelmChartContainer - [test-hivemq-platform] [hivemq] [19dd1892] INFO  - [HiveMQ Platform Operator Init App 1.7.0-SNAPSHOT] Waiting 15s for previous shutdown replication to finish...
2025-01-30 04:05:16,649 INFO c.h.h.t.HelmChartContainer - [test-hivemq-platform] [hivemq] [19dd1892] INFO  - [HiveMQ Platform Operator Init App 1.7.0-SNAPSHOT] Returning default Health API response 503 for readiness
2025-01-30 04:05:16,766 INFO c.h.h.t.HelmChartContainer - [EVENT] Warning [Unhealthy] Readiness probe failed: HTTP probe failed with statuscode: 503 [helmcontainersecuritycontextupgradeplatformit:test-hivemq-platform-1]
2025-01-30 04:05:16,766 INFO c.h.h.t.HelmChartContainer - Received Unhealthy event for container hivemq in pod test-hivemq-platform-1 [19dd1892-b5c3-4452-b8fb-5d75902b8cd1]
2025-01-30 04:05:20,741 INFO c.h.h.t.HelmChartContainer - [hivemq-test-hivemq-platform] [hivemq-platform-operator] [202a3df5] 04:05:20.738 [pool-6-thread-17] DEBUG c.h.p.o.d.PlatformServiceResource - [helmcont] Desired Platform services (3 services)
2025-01-30 04:05:20,741 INFO c.h.h.t.HelmChartContainer - [hivemq-test-hivemq-platform] [hivemq-platform-operator] [202a3df5] 04:05:20.739 [pool-6-thread-12] DEBUG c.h.p.o.dependants.PodInfoConfigMap - [helmcont] Desired PodInfo ConfigMap (1 extensions) (1 enabled)
2025-01-30 04:05:20,741 INFO c.h.h.t.HelmChartContainer - [hivemq-test-hivemq-platform] [hivemq-platform-operator] [202a3df5] 04:05:20.739 [pool-6-thread-12] DEBUG c.h.p.o.dependants.PodInfoConfigMap - [helmcont] Desired PodInfo ConfigMap (metrics port: 9399) (metrics path: /)
2025-01-30 04:05:20,741 INFO c.h.h.t.HelmChartContainer - [hivemq-test-hivemq-platform] [hivemq-platform-operator] [202a3df5] 04:05:20.739 [pool-6-thread-12] DEBUG c.h.p.o.dependants.PodInfoConfigMap - [helmcont] Desired PodInfo ConfigMap (extension state hash: -1817474005)
2025-01-30 04:05:20,742 INFO c.h.h.t.HelmChartContainer - [hivemq-test-hivemq-platform] [hivemq-platform-operator] [202a3df5] 04:05:20.741 [pool-6-thread-13] DEBUG c.h.p.o.d.PodServiceAccountResource - [helmcont] Desired PodServiceAccountResource (serviceAccountName: hivemq-platform-pod-test-hivemq-platform)
2025-01-30 04:05:20,746 INFO c.h.h.t.HelmChartContainer - [hivemq-test-hivemq-platform] [hivemq-platform-operator] [202a3df5] 04:05:20.745 [pool-6-thread-13] DEBUG c.h.p.o.d.StatefulSetResource - [helmcont] Desired StatefulSet (2 replicas) for status ROLLING_RESTART (SURGE_IN_PROGRESS)
2025-01-30 04:05:20,749 INFO c.h.h.t.HelmChartContainer - [hivemq-test-hivemq-platform] [hivemq-platform-operator] [202a3df5] 04:05:20.748 [ReconcilerExecutor-hivemq-controller-120] INFO  c.h.p.o.HiveMQPlatformReconciler - [helmcont] Reconciling HiveMQ Platform 'test-hivemq-platform' in namespace 'helmcontainersecuritycontextupgradeplatformit'
2025-01-30 04:05:20,749 INFO c.h.h.t.HelmChartContainer - [hivemq-test-hivemq-platform] [hivemq-platform-operator] [202a3df5] 04:05:20.748 [ReconcilerExecutor-hivemq-controller-120] DEBUG c.h.p.o.HiveMQPlatformReconciler - [helmcont] Custom Resource Status ROLLING_RESTART - HiveMQ Platform is starting a surge Pod (rolling restart) (SURGE_IN_PROGRESS)
2025-01-30 04:05:20,749 INFO c.h.h.t.HelmChartContainer - [hivemq-test-hivemq-platform] [hivemq-platform-operator] [202a3df5] 04:05:20.748 [ReconcilerExecutor-hivemq-controller-120] DEBUG c.h.p.o.HiveMQPlatformReconciler - [helmcont] Custom Resource Spec (replicas: 1) (extensions: 1)
2025-01-30 04:05:20,751 INFO c.h.h.t.HelmChartContainer - [hivemq-test-hivemq-platform] [hivemq-platform-operator] [202a3df5] 04:05:20.749 [ReconcilerExecutor-hivemq-controller-120] DEBUG c.h.p.o.HiveMQPlatformReconciler - [helmcont] StatefulSet Status (revision: test-hivemq-platform-85948b8786, replicas: 2, available: 1, ready: 1, current: 1, updated: 1)
2025-01-30 04:05:20,752 INFO c.h.h.t.HelmChartContainer - [hivemq-test-hivemq-platform] [hivemq-platform-operator] [202a3df5] 04:05:20.749 [ReconcilerExecutor-hivemq-controller-120] DEBUG c.h.p.o.HiveMQPlatformReconciler - [helmcont] StatefulSet Spec (replicas: 2, init containers: 1, containers: 1, volumes: 3)
2025-01-30 04:05:20,752 INFO c.h.h.t.HelmChartContainer - [hivemq-test-hivemq-platform] [hivemq-platform-operator] [202a3df5] 04:05:20.750 [ReconcilerExecutor-hivemq-controller-120] DEBUG c.h.p.o.h.HiveMQPlatformReconcilerErrorHandler - [helmcont] Pod 'test-hivemq-platform-1' phase Running
2025-01-30 04:05:20,753 INFO c.h.h.t.HelmChartContainer - [hivemq-test-hivemq-platform] [hivemq-platform-operator] [202a3df5] 04:05:20.751 [ReconcilerExecutor-hivemq-controller-120] DEBUG c.h.p.o.h.HiveMQPlatformReconcilerErrorHandler - [helmcont] Pod 'test-hivemq-platform-0' phase Running
2025-01-30 04:05:20,753 INFO c.h.h.t.HelmChartContainer - [hivemq-test-hivemq-platform] [hivemq-platform-operator] [202a3df5] 04:05:20.752 [ReconcilerExecutor-hivemq-controller-120] DEBUG c.h.p.o.h.HiveMQPlatformReconcilerRollingRestartHandler - [helmcont] Rolling restart is waiting for 1 of 2 replicas
2025-01-30 04:05:21,563 INFO c.h.h.t.HelmChartContainer - [test-hivemq-platform] [hivemq] [19dd1892] INFO  - [HiveMQ Platform Operator Init App 1.7.0-SNAPSHOT] Updating Pod HiveMQ Platform Operator Init App version annotation (version: 1.7.0-SNAPSHOT)
2025-01-30 04:05:21,655 INFO c.h.h.t.HelmChartContainer - [EVENT] Warning [Unhealthy] Readiness probe failed: HTTP probe failed with statuscode: 503 [helmcontainersecuritycontextupgradeplatformit:test-hivemq-platform-1]
2025-01-30 04:05:21,655 INFO c.h.h.t.HelmChartContainer - Received Unhealthy event for container hivemq in pod test-hivemq-platform-1 [19dd1892-b5c3-4452-b8fb-5d75902b8cd1]
2025-01-30 04:05:21,869 INFO c.h.h.t.HelmChartContainer - [POD] test-hivemq-platform-1 [19dd1892-b5c3-4452-b8fb-5d75902b8cd1] in helmcontainersecuritycontextupgradeplatformit was MODIFIED
2025-01-30 04:05:21,872 INFO c.h.h.t.HelmChartContainer - [EVENT] Warning [Unhealthy] Readiness probe failed: HTTP probe failed with statuscode: 503 [helmcontainersecuritycontextupgradeplatformit:test-hivemq-platform-1]
2025-01-30 04:05:21,872 INFO c.h.h.t.HelmChartContainer - Received Unhealthy event for container hivemq in pod test-hivemq-platform-1 [19dd1892-b5c3-4452-b8fb-5d75902b8cd1]
2025-01-30 04:05:21,879 INFO c.h.h.t.HelmChartContainer - [hivemq-test-hivemq-platform] [hivemq-platform-operator] [202a3df5] 04:05:21.878 [pool-6-thread-26] DEBUG c.h.p.o.dependants.PodInfoConfigMap - [helmcont] Desired PodInfo ConfigMap (1 extensions) (1 enabled)
2025-01-30 04:05:21,880 INFO c.h.h.t.HelmChartContainer - [hivemq-test-hivemq-platform] [hivemq-platform-operator] [202a3df5] 04:05:21.879 [pool-6-thread-26] DEBUG c.h.p.o.dependants.PodInfoConfigMap - [helmcont] Desired PodInfo ConfigMap (metrics port: 9399) (metrics path: /)
2025-01-30 04:05:21,881 INFO c.h.h.t.HelmChartContainer - [hivemq-test-hivemq-platform] [hivemq-platform-operator] [202a3df5] 04:05:21.880 [pool-6-thread-26] DEBUG c.h.p.o.dependants.PodInfoConfigMap - [helmcont] Desired PodInfo ConfigMap (extension state hash: -1817474005)
2025-01-30 04:05:21,883 INFO c.h.h.t.HelmChartContainer - [hivemq-test-hivemq-platform] [hivemq-platform-operator] [202a3df5] 04:05:21.882 [pool-6-thread-26] DEBUG c.h.p.o.d.PodServiceAccountResource - [helmcont] Desired PodServiceAccountResource (serviceAccountName: hivemq-platform-pod-test-hivemq-platform)
2025-01-30 04:05:21,884 INFO c.h.h.t.HelmChartContainer - [hivemq-test-hivemq-platform] [hivemq-platform-operator] [202a3df5] 04:05:21.883 [pool-6-thread-22] DEBUG c.h.p.o.d.PlatformServiceResource - [helmcont] Desired Platform services (3 services)
2025-01-30 04:05:21,890 INFO c.h.h.t.HelmChartContainer - [hivemq-test-hivemq-platform] [hivemq-platform-operator] [202a3df5] 04:05:21.889 [pool-6-thread-22] DEBUG c.h.p.o.d.StatefulSetResource - [helmcont] Desired StatefulSet (2 replicas) for status ROLLING_RESTART (SURGE_IN_PROGRESS)
2025-01-30 04:05:21,893 INFO c.h.h.t.HelmChartContainer - [hivemq-test-hivemq-platform] [hivemq-platform-operator] [202a3df5] 04:05:21.892 [ReconcilerExecutor-hivemq-controller-121] INFO  c.h.p.o.HiveMQPlatformReconciler - [helmcont] Reconciling HiveMQ Platform 'test-hivemq-platform' in namespace 'helmcontainersecuritycontextupgradeplatformit'
2025-01-30 04:05:21,893 INFO c.h.h.t.HelmChartContainer - [hivemq-test-hivemq-platform] [hivemq-platform-operator] [202a3df5] 04:05:21.892 [ReconcilerExecutor-hivemq-controller-121] DEBUG c.h.p.o.HiveMQPlatformReconciler - [helmcont] Custom Resource Status ROLLING_RESTART - HiveMQ Platform is starting a surge Pod (rolling restart) (SURGE_IN_PROGRESS)
2025-01-30 04:05:21,893 INFO c.h.h.t.HelmChartContainer - [hivemq-test-hivemq-platform] [hivemq-platform-operator] [202a3df5] 04:05:21.892 [ReconcilerExecutor-hivemq-controller-121] DEBUG c.h.p.o.HiveMQPlatformReconciler - [helmcont] Custom Resource Spec (replicas: 1) (extensions: 1)
2025-01-30 04:05:21,895 INFO c.h.h.t.HelmChartContainer - [hivemq-test-hivemq-platform] [hivemq-platform-operator] [202a3df5] 04:05:21.895 [ReconcilerExecutor-hivemq-controller-121] DEBUG c.h.p.o.HiveMQPlatformReconciler - [helmcont] StatefulSet Status (revision: test-hivemq-platform-85948b8786, replicas: 2, available: 1, ready: 1, current: 1, updated: 1)
2025-01-30 04:05:21,896 INFO c.h.h.t.HelmChartContainer - [hivemq-test-hivemq-platform] [hivemq-platform-operator] [202a3df5] 04:05:21.895 [ReconcilerExecutor-hivemq-controller-121] DEBUG c.h.p.o.HiveMQPlatformReconciler - [helmcont] StatefulSet Spec (replicas: 2, init containers: 1, containers: 1, volumes: 3)
2025-01-30 04:05:21,897 INFO c.h.h.t.HelmChartContainer - [hivemq-test-hivemq-platform] [hivemq-platform-operator] [202a3df5] 04:05:21.897 [ReconcilerExecutor-hivemq-controller-121] DEBUG c.h.p.o.h.HiveMQPlatformReconcilerErrorHandler - [helmcont] Pod 'test-hivemq-platform-1' phase Running
2025-01-30 04:05:21,899 INFO c.h.h.t.HelmChartContainer - [hivemq-test-hivemq-platform] [hivemq-platform-operator] [202a3df5] 04:05:21.898 [ReconcilerExecutor-hivemq-controller-121] DEBUG c.h.p.o.h.HiveMQPlatformReconcilerErrorHandler - [helmcont] Pod 'test-hivemq-platform-0' phase Running
2025-01-30 04:05:21,949 INFO c.h.h.t.HelmChartContainer - [test-hivemq-platform] [hivemq] [19dd1892] INFO  - [HiveMQ Platform Operator Init App 1.7.0-SNAPSHOT] Successfully updated Pod HiveMQ Platform Operator Init App version annotation (version: 1.7.0-SNAPSHOT)
2025-01-30 04:05:21,953 INFO c.h.h.t.HelmChartContainer - [hivemq-test-hivemq-platform] [hivemq-platform-operator] [202a3df5] 04:05:21.952 [ReconcilerExecutor-hivemq-controller-121] DEBUG c.h.p.o.h.HiveMQPlatformReconcilerRollingRestartHandler - [helmcont] Rolling restart is waiting for 1 of 2 replicas
2025-01-30 04:05:24,298 INFO c.h.h.t.HelmChartContainer - [test-hivemq-platform] [hivemq] [d6f4a8ff] INFO  - [HiveMQ Platform Operator Init App 1.7.0-SNAPSHOT] Returning Health API response 200 for liveness
2025-01-30 04:05:26,869 INFO c.h.h.t.HelmChartContainer - [EVENT] Warning [Unhealthy] Readiness probe failed: HTTP probe failed with statuscode: 503 [helmcontainersecuritycontextupgradeplatformit:test-hivemq-platform-1]
2025-01-30 04:05:26,869 INFO c.h.h.t.HelmChartContainer - Received Unhealthy event for container hivemq in pod test-hivemq-platform-1 [19dd1892-b5c3-4452-b8fb-5d75902b8cd1]
2025-01-30 04:05:29,551 INFO c.h.h.t.HelmChartContainer - [test-hivemq-platform] [hivemq] [19dd1892] INFO  - [HiveMQ Platform Operator Init App 1.7.0-SNAPSHOT] Proceeding with container start
2025-01-30 04:05:29,554 INFO c.h.h.t.HelmChartContainer - [test-hivemq-platform] [hivemq] [19dd1892] INFO  - [HiveMQ Platform Operator Init App 1.7.0-SNAPSHOT] Initializing HiveMQ Platform extensions with initial configuration: {hivemq-allow-all-extension={start-priority=-1, skip-https-hostname-verification=false, restart=true, config-version=0, header-version=0, c-uri=, priority=-1, uri=preinstalled, skip-https-certificate-validation=false, enabled=true}, hivemq-prometheus-extension={restart=true, priority=-1, start-priority=-1, c-uri=, skip-https-hostname-verification=false, skip-https-certificate-validation=false, uri=preinstalled, request-header-path=no-request-headers, enabled=true}}
2025-01-30 04:05:29,967 INFO c.h.h.t.HelmChartContainer - [test-hivemq-platform] [hivemq] [19dd1892] INFO  - [HiveMQ Platform Operator Init App 1.7.0-SNAPSHOT] Extension hivemq-allow-all-extension was already enabled
2025-01-30 04:05:30,055 INFO c.h.h.t.HelmChartContainer - [test-hivemq-platform] [hivemq] [19dd1892] INFO  - [HiveMQ Platform Operator Init App 1.7.0-SNAPSHOT] Successfully enabled extension hivemq-prometheus-extension
2025-01-30 04:05:30,057 INFO c.h.h.t.HelmChartContainer - [test-hivemq-platform] [hivemq] [19dd1892] INFO  - [HiveMQ Platform Operator Init App 1.7.0-SNAPSHOT] Starting HiveMQ Platform version 4.36.0 (4.36.0)
2025-01-30 04:05:30,057 INFO c.h.h.t.HelmChartContainer - [test-hivemq-platform] [hivemq] [19dd1892] INFO  - [HiveMQ Platform Operator Init App 1.7.0-SNAPSHOT] Configuring the HiveMQ Platform
2025-01-30 04:05:30,065 INFO c.h.h.t.HelmChartContainer - [test-hivemq-platform] [hivemq] [19dd1892] INFO  - [HiveMQ Platform Operator Init App 1.7.0-SNAPSHOT] Changed logback.xml file scan period to 20 seconds
2025-01-30 04:05:30,158 INFO c.h.h.t.HelmChartContainer - [test-hivemq-platform] [hivemq] [19dd1892] INFO  - [HiveMQ Platform Operator Init App 1.7.0-SNAPSHOT] Starting the HiveMQ Platform
2025-01-30 04:05:30,162 INFO c.h.h.t.HelmChartContainer - [test-hivemq-platform] [hivemq] [19dd1892] -------------------------------------------------------------------------
2025-01-30 04:05:30,162 INFO c.h.h.t.HelmChartContainer - [test-hivemq-platform] [hivemq] [19dd1892] 
2025-01-30 04:05:30,162 INFO c.h.h.t.HelmChartContainer - [test-hivemq-platform] [hivemq] [19dd1892]                   _    _  _              __  __   ____
2025-01-30 04:05:30,162 INFO c.h.h.t.HelmChartContainer - [test-hivemq-platform] [hivemq] [19dd1892]                  | |  | |(_)            |  \/  | / __ \
2025-01-30 04:05:30,162 INFO c.h.h.t.HelmChartContainer - [test-hivemq-platform] [hivemq] [19dd1892]                  | |__| | _ __   __ ___ | \  / || |  | |
2025-01-30 04:05:30,162 INFO c.h.h.t.HelmChartContainer - [test-hivemq-platform] [hivemq] [19dd1892]                  |  __  || |\ \ / // _ \| |\/| || |  | |
2025-01-30 04:05:30,162 INFO c.h.h.t.HelmChartContainer - [test-hivemq-platform] [hivemq] [19dd1892]                  | |  | || | \ V /|  __/| |  | || |__| |
2025-01-30 04:05:30,162 INFO c.h.h.t.HelmChartContainer - [test-hivemq-platform] [hivemq] [19dd1892]                  |_|  |_||_|  \_/  \___||_|  |_| \___\_\
2025-01-30 04:05:30,162 INFO c.h.h.t.HelmChartContainer - [test-hivemq-platform] [hivemq] [19dd1892] 
2025-01-30 04:05:30,162 INFO c.h.h.t.HelmChartContainer - [test-hivemq-platform] [hivemq] [19dd1892] -------------------------------------------------------------------------
2025-01-30 04:05:30,162 INFO c.h.h.t.HelmChartContainer - [test-hivemq-platform] [hivemq] [19dd1892] 
2025-01-30 04:05:30,162 INFO c.h.h.t.HelmChartContainer - [test-hivemq-platform] [hivemq] [19dd1892]   HiveMQ Start Script for Linux/Unix v1.14
2025-01-30 04:05:30,162 INFO c.h.h.t.HelmChartContainer - [test-hivemq-platform] [hivemq] [19dd1892] 
2025-01-30 04:05:30,268 INFO c.h.h.t.HelmChartContainer - [test-hivemq-platform] [hivemq] [19dd1892] -------------------------------------------------------------------------
2025-01-30 04:05:30,268 INFO c.h.h.t.HelmChartContainer - [test-hivemq-platform] [hivemq] [19dd1892] 
2025-01-30 04:05:30,268 INFO c.h.h.t.HelmChartContainer - [test-hivemq-platform] [hivemq] [19dd1892]   HIVEMQ_HOME: /opt/hivemq
2025-01-30 04:05:30,268 INFO c.h.h.t.HelmChartContainer - [test-hivemq-platform] [hivemq] [19dd1892] 
2025-01-30 04:05:30,268 INFO c.h.h.t.HelmChartContainer - [test-hivemq-platform] [hivemq] [19dd1892]   JAVA_OPTS: -XX:+UnlockExperimentalVMOptions -XX:InitialRAMPercentage=50 -XX:MaxRAMPercentage=50 -Djava.net.preferIPv4Stack=true --add-opens java.base/java.lang=ALL-UNNAMED --add-opens java.base/java.nio=ALL-UNNAMED --add-opens java.base/sun.nio.ch=ALL-UNNAMED --add-opens jdk.management/com.sun.management.internal=ALL-UNNAMED --add-exports java.base/jdk.internal.misc=ALL-UNNAMED -Djava.security.egd=file:/dev/./urandom -Dcom.sun.management.jmxremote -Dcom.sun.management.jmxremote.port=9010 -Dcom.sun.management.jmxremote.local.only=false -Dcom.sun.management.jmxremote.authenticate=false -Dcom.sun.management.jmxremote.ssl=false -Duser.language=en -Duser.region=US -XX:+CrashOnOutOfMemoryError -XX:+HeapDumpOnOutOfMemoryError
2025-01-30 04:05:30,268 INFO c.h.h.t.HelmChartContainer - [test-hivemq-platform] [hivemq] [19dd1892] 
2025-01-30 04:05:30,268 INFO c.h.h.t.HelmChartContainer - [test-hivemq-platform] [hivemq] [19dd1892]   JAVA_VERSION: 21
2025-01-30 04:05:30,268 INFO c.h.h.t.HelmChartContainer - [test-hivemq-platform] [hivemq] [19dd1892] 
2025-01-30 04:05:30,268 INFO c.h.h.t.HelmChartContainer - [test-hivemq-platform] [hivemq] [19dd1892] -------------------------------------------------------------------------
2025-01-30 04:05:30,268 INFO c.h.h.t.HelmChartContainer - [test-hivemq-platform] [hivemq] [19dd1892] 
2025-01-30 04:05:31,870 INFO c.h.h.t.HelmChartContainer - [EVENT] Warning [Unhealthy] Readiness probe failed: HTTP probe failed with statuscode: 503 [helmcontainersecuritycontextupgradeplatformit:test-hivemq-platform-1]
2025-01-30 04:05:31,870 INFO c.h.h.t.HelmChartContainer - Received Unhealthy event for container hivemq in pod test-hivemq-platform-1 [19dd1892-b5c3-4452-b8fb-5d75902b8cd1]
2025-01-30 04:05:31,960 INFO c.h.h.t.HelmChartContainer - [hivemq-test-hivemq-platform] [hivemq-platform-operator] [202a3df5] 04:05:31.958 [pool-6-thread-33] DEBUG c.h.p.o.dependants.PodInfoConfigMap - [helmcont] Desired PodInfo ConfigMap (1 extensions) (1 enabled)
2025-01-30 04:05:31,961 INFO c.h.h.t.HelmChartContainer - [hivemq-test-hivemq-platform] [hivemq-platform-operator] [202a3df5] 04:05:31.958 [pool-6-thread-33] DEBUG c.h.p.o.dependants.PodInfoConfigMap - [helmcont] Desired PodInfo ConfigMap (metrics port: 9399) (metrics path: /)
2025-01-30 04:05:31,961 INFO c.h.h.t.HelmChartContainer - [hivemq-test-hivemq-platform] [hivemq-platform-operator] [202a3df5] 04:05:31.958 [pool-6-thread-33] DEBUG c.h.p.o.dependants.PodInfoConfigMap - [helmcont] Desired PodInfo ConfigMap (extension state hash: -1817474005)
2025-01-30 04:05:31,961 INFO c.h.h.t.HelmChartContainer - [hivemq-test-hivemq-platform] [hivemq-platform-operator] [202a3df5] 04:05:31.959 [pool-6-thread-33] DEBUG c.h.p.o.d.PodServiceAccountResource - [helmcont] Desired PodServiceAccountResource (serviceAccountName: hivemq-platform-pod-test-hivemq-platform)
2025-01-30 04:05:31,963 INFO c.h.h.t.HelmChartContainer - [hivemq-test-hivemq-platform] [hivemq-platform-operator] [202a3df5] 04:05:31.961 [pool-6-thread-38] DEBUG c.h.p.o.d.PlatformServiceResource - [helmcont] Desired Platform services (3 services)
2025-01-30 04:05:31,972 INFO c.h.h.t.HelmChartContainer - [hivemq-test-hivemq-platform] [hivemq-platform-operator] [202a3df5] 04:05:31.971 [pool-6-thread-38] DEBUG c.h.p.o.d.StatefulSetResource - [helmcont] Desired StatefulSet (2 replicas) for status ROLLING_RESTART (SURGE_IN_PROGRESS)
2025-01-30 04:05:31,975 INFO c.h.h.t.HelmChartContainer - [hivemq-test-hivemq-platform] [hivemq-platform-operator] [202a3df5] 04:05:31.974 [ReconcilerExecutor-hivemq-controller-122] INFO  c.h.p.o.HiveMQPlatformReconciler - [helmcont] Reconciling HiveMQ Platform 'test-hivemq-platform' in namespace 'helmcontainersecuritycontextupgradeplatformit'
2025-01-30 04:05:31,976 INFO c.h.h.t.HelmChartContainer - [hivemq-test-hivemq-platform] [hivemq-platform-operator] [202a3df5] 04:05:31.974 [ReconcilerExecutor-hivemq-controller-122] DEBUG c.h.p.o.HiveMQPlatformReconciler - [helmcont] Custom Resource Status ROLLING_RESTART - HiveMQ Platform is starting a surge Pod (rolling restart) (SURGE_IN_PROGRESS)
2025-01-30 04:05:31,976 INFO c.h.h.t.HelmChartContainer - [hivemq-test-hivemq-platform] [hivemq-platform-operator] [202a3df5] 04:05:31.974 [ReconcilerExecutor-hivemq-controller-122] DEBUG c.h.p.o.HiveMQPlatformReconciler - [helmcont] Custom Resource Spec (replicas: 1) (extensions: 1)
2025-01-30 04:05:31,977 INFO c.h.h.t.HelmChartContainer - [hivemq-test-hivemq-platform] [hivemq-platform-operator] [202a3df5] 04:05:31.976 [ReconcilerExecutor-hivemq-controller-122] DEBUG c.h.p.o.HiveMQPlatformReconciler - [helmcont] StatefulSet Status (revision: test-hivemq-platform-85948b8786, replicas: 2, available: 1, ready: 1, current: 1, updated: 1)
2025-01-30 04:05:31,977 INFO c.h.h.t.HelmChartContainer - [hivemq-test-hivemq-platform] [hivemq-platform-operator] [202a3df5] 04:05:31.976 [ReconcilerExecutor-hivemq-controller-122] DEBUG c.h.p.o.HiveMQPlatformReconciler - [helmcont] StatefulSet Spec (replicas: 2, init containers: 1, containers: 1, volumes: 3)
2025-01-30 04:05:31,978 INFO c.h.h.t.HelmChartContainer - [hivemq-test-hivemq-platform] [hivemq-platform-operator] [202a3df5] 04:05:31.977 [ReconcilerExecutor-hivemq-controller-122] DEBUG c.h.p.o.h.HiveMQPlatformReconcilerErrorHandler - [helmcont] Pod 'test-hivemq-platform-1' phase Running
2025-01-30 04:05:31,979 INFO c.h.h.t.HelmChartContainer - [hivemq-test-hivemq-platform] [hivemq-platform-operator] [202a3df5] 04:05:31.978 [ReconcilerExecutor-hivemq-controller-122] DEBUG c.h.p.o.h.HiveMQPlatformReconcilerErrorHandler - [helmcont] Pod 'test-hivemq-platform-0' phase Running
2025-01-30 04:05:31,979 INFO c.h.h.t.HelmChartContainer - [hivemq-test-hivemq-platform] [hivemq-platform-operator] [202a3df5] 04:05:31.978 [ReconcilerExecutor-hivemq-controller-122] DEBUG c.h.p.o.h.HiveMQPlatformReconcilerRollingRestartHandler - [helmcont] Rolling restart is waiting for 1 of 2 replicas
2025-01-30 04:05:32,854 INFO c.h.h.t.HelmChartContainer - [test-hivemq-platform] [hivemq] [19dd1892] INFO  - Starting HiveMQ Enterprise Server
2025-01-30 04:05:32,860 INFO c.h.h.t.HelmChartContainer - [test-hivemq-platform] [hivemq] [19dd1892] INFO  - HiveMQ version: 4.36.0
2025-01-30 04:05:32,860 INFO c.h.h.t.HelmChartContainer - [test-hivemq-platform] [hivemq] [19dd1892] INFO  - HiveMQ home directory: /opt/hivemq
2025-01-30 04:05:32,861 INFO c.h.h.t.HelmChartContainer - [test-hivemq-platform] [hivemq] [19dd1892] INFO  - Log Configuration was overridden by /opt/hivemq/conf/logback.xml
2025-01-30 04:05:34,152 INFO c.h.h.t.HelmChartContainer - [test-hivemq-platform] [hivemq] [19dd1892] INFO  - Successfully loaded configuration from '/opt/hivemq/conf-k8s/config.xml'.
2025-01-30 04:05:34,459 INFO c.h.h.t.HelmChartContainer - [test-hivemq-platform] [hivemq] [19dd1892] INFO  - This node's ID is WmJJR
2025-01-30 04:05:34,460 INFO c.h.h.t.HelmChartContainer - [test-hivemq-platform] [hivemq] [19dd1892] INFO  - Clustering is enabled
2025-01-30 04:05:37,155 INFO c.h.h.t.HelmChartContainer - [test-hivemq-platform] [hivemq] [19dd1892] WARN  - [HiveMQ Platform Operator Init App 1.7.0-SNAPSHOT] Cannot connect to Health API for readiness: null
2025-01-30 04:05:37,160 INFO c.h.h.t.HelmChartContainer - [EVENT] Warning [Unhealthy] Readiness probe failed: HTTP probe failed with statuscode: 503 [helmcontainersecuritycontextupgradeplatformit:test-hivemq-platform-1]
2025-01-30 04:05:37,160 INFO c.h.h.t.HelmChartContainer - Received Unhealthy event for container hivemq in pod test-hivemq-platform-1 [19dd1892-b5c3-4452-b8fb-5d75902b8cd1]
2025-01-30 04:05:39,252 INFO c.h.h.t.HelmChartContainer - [test-hivemq-platform] [hivemq] [19dd1892] WARN  - [HiveMQ Platform Operator Init App 1.7.0-SNAPSHOT] Cannot connect to Health API for liveness: null
2025-01-30 04:05:39,252 INFO c.h.h.t.HelmChartContainer - [test-hivemq-platform] [hivemq] [19dd1892] INFO  - [HiveMQ Platform Operator Init App 1.7.0-SNAPSHOT] Returning default Health API response 200 for liveness
2025-01-30 04:05:41,952 INFO c.h.h.t.HelmChartContainer - [test-hivemq-platform] [hivemq] [19dd1892] WARN  - [HiveMQ Platform Operator Init App 1.7.0-SNAPSHOT] Cannot connect to Health API for readiness: null
2025-01-30 04:05:41,956 INFO c.h.h.t.HelmChartContainer - [EVENT] Warning [Unhealthy] Readiness probe failed: HTTP probe failed with statuscode: 503 [helmcontainersecuritycontextupgradeplatformit:test-hivemq-platform-1]
2025-01-30 04:05:41,956 INFO c.h.h.t.HelmChartContainer - Received Unhealthy event for container hivemq in pod test-hivemq-platform-1 [19dd1892-b5c3-4452-b8fb-5d75902b8cd1]
2025-01-30 04:05:41,984 INFO c.h.h.t.HelmChartContainer - [hivemq-test-hivemq-platform] [hivemq-platform-operator] [202a3df5] 04:05:41.982 [pool-6-thread-41] DEBUG c.h.p.o.d.PlatformServiceResource - [helmcont] Desired Platform services (3 services)
2025-01-30 04:05:41,985 INFO c.h.h.t.HelmChartContainer - [hivemq-test-hivemq-platform] [hivemq-platform-operator] [202a3df5] 04:05:41.982 [pool-6-thread-42] DEBUG c.h.p.o.dependants.PodInfoConfigMap - [helmcont] Desired PodInfo ConfigMap (1 extensions) (1 enabled)
2025-01-30 04:05:41,985 INFO c.h.h.t.HelmChartContainer - [hivemq-test-hivemq-platform] [hivemq-platform-operator] [202a3df5] 04:05:41.982 [pool-6-thread-42] DEBUG c.h.p.o.dependants.PodInfoConfigMap - [helmcont] Desired PodInfo ConfigMap (metrics port: 9399) (metrics path: /)
2025-01-30 04:05:41,985 INFO c.h.h.t.HelmChartContainer - [hivemq-test-hivemq-platform] [hivemq-platform-operator] [202a3df5] 04:05:41.982 [pool-6-thread-42] DEBUG c.h.p.o.dependants.PodInfoConfigMap - [helmcont] Desired PodInfo ConfigMap (extension state hash: -1817474005)
2025-01-30 04:05:41,985 INFO c.h.h.t.HelmChartContainer - [hivemq-test-hivemq-platform] [hivemq-platform-operator] [202a3df5] 04:05:41.983 [pool-6-thread-42] DEBUG c.h.p.o.d.PodServiceAccountResource - [helmcont] Desired PodServiceAccountResource (serviceAccountName: hivemq-platform-pod-test-hivemq-platform)
2025-01-30 04:05:41,987 INFO c.h.h.t.HelmChartContainer - [hivemq-test-hivemq-platform] [hivemq-platform-operator] [202a3df5] 04:05:41.986 [pool-6-thread-41] DEBUG c.h.p.o.d.StatefulSetResource - [helmcont] Desired StatefulSet (2 replicas) for status ROLLING_RESTART (SURGE_IN_PROGRESS)
2025-01-30 04:05:41,991 INFO c.h.h.t.HelmChartContainer - [hivemq-test-hivemq-platform] [hivemq-platform-operator] [202a3df5] 04:05:41.990 [ReconcilerExecutor-hivemq-controller-123] INFO  c.h.p.o.HiveMQPlatformReconciler - [helmcont] Reconciling HiveMQ Platform 'test-hivemq-platform' in namespace 'helmcontainersecuritycontextupgradeplatformit'
2025-01-30 04:05:41,992 INFO c.h.h.t.HelmChartContainer - [hivemq-test-hivemq-platform] [hivemq-platform-operator] [202a3df5] 04:05:41.990 [ReconcilerExecutor-hivemq-controller-123] DEBUG c.h.p.o.HiveMQPlatformReconciler - [helmcont] Custom Resource Status ROLLING_RESTART - HiveMQ Platform is starting a surge Pod (rolling restart) (SURGE_IN_PROGRESS)
2025-01-30 04:05:41,992 INFO c.h.h.t.HelmChartContainer - [hivemq-test-hivemq-platform] [hivemq-platform-operator] [202a3df5] 04:05:41.990 [ReconcilerExecutor-hivemq-controller-123] DEBUG c.h.p.o.HiveMQPlatformReconciler - [helmcont] Custom Resource Spec (replicas: 1) (extensions: 1)
2025-01-30 04:05:41,992 INFO c.h.h.t.HelmChartContainer - [hivemq-test-hivemq-platform] [hivemq-platform-operator] [202a3df5] 04:05:41.991 [ReconcilerExecutor-hivemq-controller-123] DEBUG c.h.p.o.HiveMQPlatformReconciler - [helmcont] StatefulSet Status (revision: test-hivemq-platform-85948b8786, replicas: 2, available: 1, ready: 1, current: 1, updated: 1)
2025-01-30 04:05:41,993 INFO c.h.h.t.HelmChartContainer - [hivemq-test-hivemq-platform] [hivemq-platform-operator] [202a3df5] 04:05:41.991 [ReconcilerExecutor-hivemq-controller-123] DEBUG c.h.p.o.HiveMQPlatformReconciler - [helmcont] StatefulSet Spec (replicas: 2, init containers: 1, containers: 1, volumes: 3)
2025-01-30 04:05:41,997 INFO c.h.h.t.HelmChartContainer - [hivemq-test-hivemq-platform] [hivemq-platform-operator] [202a3df5] 04:05:41.992 [ReconcilerExecutor-hivemq-controller-123] DEBUG c.h.p.o.h.HiveMQPlatformReconcilerErrorHandler - [helmcont] Pod 'test-hivemq-platform-1' phase Running
2025-01-30 04:05:41,997 INFO c.h.h.t.HelmChartContainer - [hivemq-test-hivemq-platform] [hivemq-platform-operator] [202a3df5] 04:05:41.994 [ReconcilerExecutor-hivemq-controller-123] DEBUG c.h.p.o.h.HiveMQPlatformReconcilerErrorHandler - [helmcont] Pod 'test-hivemq-platform-0' phase Running
2025-01-30 04:05:41,997 INFO c.h.h.t.HelmChartContainer - [hivemq-test-hivemq-platform] [hivemq-platform-operator] [202a3df5] 04:05:41.995 [ReconcilerExecutor-hivemq-controller-123] DEBUG c.h.p.o.h.HiveMQPlatformReconcilerRollingRestartHandler - [helmcont] Rolling restart is waiting for 1 of 2 replicas
2025-01-30 04:05:46,867 INFO c.h.h.t.HelmChartContainer - [test-hivemq-platform] [hivemq] [19dd1892] WARN  - [HiveMQ Platform Operator Init App 1.7.0-SNAPSHOT] Cannot connect to Health API for readiness: null
2025-01-30 04:05:46,872 INFO c.h.h.t.HelmChartContainer - [EVENT] Warning [Unhealthy] Readiness probe failed: HTTP probe failed with statuscode: 503 [helmcontainersecuritycontextupgradeplatformit:test-hivemq-platform-1]
2025-01-30 04:05:46,872 INFO c.h.h.t.HelmChartContainer - Received Unhealthy event for container hivemq in pod test-hivemq-platform-1 [19dd1892-b5c3-4452-b8fb-5d75902b8cd1]
2025-01-30 04:05:47,454 INFO c.h.h.t.HelmChartContainer - [test-hivemq-platform] [hivemq] [19dd1892] INFO  - No valid license file found. Using trial license, restricted to 25 connections.
2025-01-30 04:05:51,868 INFO c.h.h.t.HelmChartContainer - [test-hivemq-platform] [hivemq] [19dd1892] WARN  - [HiveMQ Platform Operator Init App 1.7.0-SNAPSHOT] Cannot connect to Health API for readiness: null
2025-01-30 04:05:51,874 INFO c.h.h.t.HelmChartContainer - [EVENT] Warning [Unhealthy] Readiness probe failed: HTTP probe failed with statuscode: 503 [helmcontainersecuritycontextupgradeplatformit:test-hivemq-platform-1]
2025-01-30 04:05:51,874 INFO c.h.h.t.HelmChartContainer - Received Unhealthy event for container hivemq in pod test-hivemq-platform-1 [19dd1892-b5c3-4452-b8fb-5d75902b8cd1]
2025-01-30 04:05:52,001 INFO c.h.h.t.HelmChartContainer - [hivemq-test-hivemq-platform] [hivemq-platform-operator] [202a3df5] 04:05:51.999 [pool-6-thread-7] DEBUG c.h.p.o.dependants.PodInfoConfigMap - [helmcont] Desired PodInfo ConfigMap (1 extensions) (1 enabled)
2025-01-30 04:05:52,002 INFO c.h.h.t.HelmChartContainer - [hivemq-test-hivemq-platform] [hivemq-platform-operator] [202a3df5] 04:05:51.999 [pool-6-thread-7] DEBUG c.h.p.o.dependants.PodInfoConfigMap - [helmcont] Desired PodInfo ConfigMap (metrics port: 9399) (metrics path: /)
2025-01-30 04:05:52,002 INFO c.h.h.t.HelmChartContainer - [hivemq-test-hivemq-platform] [hivemq-platform-operator] [202a3df5] 04:05:51.999 [pool-6-thread-3] DEBUG c.h.p.o.d.PodServiceAccountResource - [helmcont] Desired PodServiceAccountResource (serviceAccountName: hivemq-platform-pod-test-hivemq-platform)
2025-01-30 04:05:52,002 INFO c.h.h.t.HelmChartContainer - [hivemq-test-hivemq-platform] [hivemq-platform-operator] [202a3df5] 04:05:51.999 [pool-6-thread-6] DEBUG c.h.p.o.d.PlatformServiceResource - [helmcont] Desired Platform services (3 services)
2025-01-30 04:05:52,002 INFO c.h.h.t.HelmChartContainer - [hivemq-test-hivemq-platform] [hivemq-platform-operator] [202a3df5] 04:05:52.000 [pool-6-thread-7] DEBUG c.h.p.o.dependants.PodInfoConfigMap - [helmcont] Desired PodInfo ConfigMap (extension state hash: -1817474005)
2025-01-30 04:05:52,006 INFO c.h.h.t.HelmChartContainer - [hivemq-test-hivemq-platform] [hivemq-platform-operator] [202a3df5] 04:05:52.005 [pool-6-thread-6] DEBUG c.h.p.o.d.StatefulSetResource - [helmcont] Desired StatefulSet (2 replicas) for status ROLLING_RESTART (SURGE_IN_PROGRESS)
2025-01-30 04:05:52,011 INFO c.h.h.t.HelmChartContainer - [hivemq-test-hivemq-platform] [hivemq-platform-operator] [202a3df5] 04:05:52.008 [ReconcilerExecutor-hivemq-controller-124] INFO  c.h.p.o.HiveMQPlatformReconciler - [helmcont] Reconciling HiveMQ Platform 'test-hivemq-platform' in namespace 'helmcontainersecuritycontextupgradeplatformit'
2025-01-30 04:05:52,011 INFO c.h.h.t.HelmChartContainer - [hivemq-test-hivemq-platform] [hivemq-platform-operator] [202a3df5] 04:05:52.008 [ReconcilerExecutor-hivemq-controller-124] DEBUG c.h.p.o.HiveMQPlatformReconciler - [helmcont] Custom Resource Status ROLLING_RESTART - HiveMQ Platform is starting a surge Pod (rolling restart) (SURGE_IN_PROGRESS)
2025-01-30 04:05:52,011 INFO c.h.h.t.HelmChartContainer - [hivemq-test-hivemq-platform] [hivemq-platform-operator] [202a3df5] 04:05:52.008 [ReconcilerExecutor-hivemq-controller-124] DEBUG c.h.p.o.HiveMQPlatformReconciler - [helmcont] Custom Resource Spec (replicas: 1) (extensions: 1)
2025-01-30 04:05:52,011 INFO c.h.h.t.HelmChartContainer - [hivemq-test-hivemq-platform] [hivemq-platform-operator] [202a3df5] 04:05:52.009 [ReconcilerExecutor-hivemq-controller-124] DEBUG c.h.p.o.HiveMQPlatformReconciler - [helmcont] StatefulSet Status (revision: test-hivemq-platform-85948b8786, replicas: 2, available: 1, ready: 1, current: 1, updated: 1)
2025-01-30 04:05:52,011 INFO c.h.h.t.HelmChartContainer - [hivemq-test-hivemq-platform] [hivemq-platform-operator] [202a3df5] 04:05:52.009 [ReconcilerExecutor-hivemq-controller-124] DEBUG c.h.p.o.HiveMQPlatformReconciler - [helmcont] StatefulSet Spec (replicas: 2, init containers: 1, containers: 1, volumes: 3)
2025-01-30 04:05:52,011 INFO c.h.h.t.HelmChartContainer - [hivemq-test-hivemq-platform] [hivemq-platform-operator] [202a3df5] 04:05:52.010 [ReconcilerExecutor-hivemq-controller-124] DEBUG c.h.p.o.h.HiveMQPlatformReconcilerErrorHandler - [helmcont] Pod 'test-hivemq-platform-1' phase Running
2025-01-30 04:05:52,012 INFO c.h.h.t.HelmChartContainer - [hivemq-test-hivemq-platform] [hivemq-platform-operator] [202a3df5] 04:05:52.011 [ReconcilerExecutor-hivemq-controller-124] DEBUG c.h.p.o.h.HiveMQPlatformReconcilerErrorHandler - [helmcont] Pod 'test-hivemq-platform-0' phase Running
2025-01-30 04:05:52,012 INFO c.h.h.t.HelmChartContainer - [hivemq-test-hivemq-platform] [hivemq-platform-operator] [202a3df5] 04:05:52.011 [ReconcilerExecutor-hivemq-controller-124] DEBUG c.h.p.o.h.HiveMQPlatformReconcilerRollingRestartHandler - [helmcont] Rolling restart is waiting for 1 of 2 replicas
2025-01-30 04:05:52,131 INFO c.h.h.t.HelmChartContainer - [test-hivemq-platform] [hivemq] [19dd1892] INFO  - No valid license file for Data Hub found. Using free license, restricted to 1 policy.
2025-01-30 04:05:53,467 INFO c.h.h.t.HelmChartContainer - [test-hivemq-platform] [hivemq] [19dd1892] INFO  - Audit Logger started.
2025-01-30 04:05:53,752 INFO c.h.h.t.HelmChartContainer - [test-hivemq-platform] [hivemq] [19dd1892] INFO  - This node uses '1' CPU cores.
2025-01-30 04:05:53,757 INFO c.h.h.t.HelmChartContainer - [test-hivemq-platform] [hivemq] [19dd1892] INFO  - Starting HiveMQ Health API on address 0.0.0.0 and port 8889
2025-01-30 04:05:54,752 INFO c.h.h.t.HelmChartContainer - [test-hivemq-platform] [hivemq] [19dd1892] INFO  - Started HiveMQ Health API in 996ms
2025-01-30 04:05:55,330 INFO c.h.h.t.HelmChartContainer - [test-hivemq-platform] [hivemq] [19dd1892] INFO  - Starting HiveMQ extension system.
2025-01-30 04:05:55,559 INFO c.h.h.t.HelmChartContainer - [test-hivemq-platform] [hivemq] [19dd1892] INFO  - Starting extension with id "hivemq-dns-cluster-discovery" at /opt/hivemq/extensions/hivemq-dns-cluster-discovery
2025-01-30 04:05:56,053 INFO c.h.h.t.HelmChartContainer - [test-hivemq-platform] [hivemq] [19dd1892] INFO  - Using TCP cluster transport on address 10.42.0.11 and port 7000
2025-01-30 04:05:56,059 INFO c.h.h.t.HelmChartContainer - [test-hivemq-platform] [hivemq] [19dd1892] INFO  - Using extension cluster discovery
2025-01-30 04:05:56,256 INFO c.h.h.t.HelmChartContainer - [test-hivemq-platform] [hivemq] [19dd1892] INFO  - Extension "DNS Cluster Discovery Extension" version 4.3.2 started successfully.
2025-01-30 04:05:56,256 INFO c.h.h.t.HelmChartContainer - [test-hivemq-platform] [hivemq] [19dd1892] INFO  - Starting extension with id "hivemq-prometheus-extension" at /opt/hivemq/extensions/hivemq-prometheus-extension
2025-01-30 04:05:57,158 INFO c.h.h.t.HelmChartContainer - [test-hivemq-platform] [hivemq] [19dd1892] INFO  - Started Jetty Server exposing Prometheus Servlet on URI http://0.0.0.0:9399/
2025-01-30 04:05:57,159 INFO c.h.h.t.HelmChartContainer - [test-hivemq-platform] [hivemq] [19dd1892] INFO  - Extension "Prometheus Monitoring Extension" version 4.0.12 started successfully.
2025-01-30 04:05:57,159 INFO c.h.h.t.HelmChartContainer - [test-hivemq-platform] [hivemq] [19dd1892] INFO  - Starting extension with id "hivemq-allow-all-extension" at /opt/hivemq/extensions/hivemq-allow-all-extension
2025-01-30 04:05:57,160 INFO c.h.h.t.HelmChartContainer - [test-hivemq-platform] [hivemq] [19dd1892] WARN  - 
2025-01-30 04:05:57,160 INFO c.h.h.t.HelmChartContainer - [test-hivemq-platform] [hivemq] [19dd1892] ################################################################################################################
2025-01-30 04:05:57,160 INFO c.h.h.t.HelmChartContainer - [test-hivemq-platform] [hivemq] [19dd1892] # This HiveMQ deployment is not secure! You are lacking Authentication and Authorization.                      #
2025-01-30 04:05:57,160 INFO c.h.h.t.HelmChartContainer - [test-hivemq-platform] [hivemq] [19dd1892] # Right now any MQTT client can connect to the broker with a full set of permissions.                          #
2025-01-30 04:05:57,160 INFO c.h.h.t.HelmChartContainer - [test-hivemq-platform] [hivemq] [19dd1892] # For production usage, add an appropriate security extension and remove the hivemq-allow-all extension.       #
2025-01-30 04:05:57,160 INFO c.h.h.t.HelmChartContainer - [test-hivemq-platform] [hivemq] [19dd1892] # You can download security extensions from the HiveMQ Marketplace (https://www.hivemq.com/extensions/).       #
2025-01-30 04:05:57,160 INFO c.h.h.t.HelmChartContainer - [test-hivemq-platform] [hivemq] [19dd1892] ################################################################################################################
2025-01-30 04:05:57,162 INFO c.h.h.t.HelmChartContainer - [test-hivemq-platform] [hivemq] [19dd1892] INFO  - Extension "Allow All Extension" version 1.1.1 started successfully.
2025-01-30 04:05:57,663 INFO c.h.h.t.HelmChartContainer - [test-hivemq-platform] [hivemq] [d6f4a8ff] INFO  - Cluster nodes found by discovery: [PAoEp|1] (2) [PAoEp, WmJJR].
2025-01-30 04:05:57,764 INFO c.h.h.t.HelmChartContainer - [test-hivemq-platform] [hivemq] [19dd1892] INFO  - Cluster nodes found by discovery: [PAoEp|1] (2) [PAoEp, WmJJR].
2025-01-30 04:05:57,907 INFO c.h.h.t.HelmChartContainer - [EVENT] Warning [Unhealthy] Readiness probe failed: Get "http://10.42.0.11:7979/readiness": context deadline exceeded (Client.Timeout exceeded while awaiting headers) [helmcontainersecuritycontextupgradeplatformit:test-hivemq-platform-1]
2025-01-30 04:05:57,908 INFO c.h.h.t.HelmChartContainer - Received Unhealthy event for container hivemq in pod test-hivemq-platform-1 [19dd1892-b5c3-4452-b8fb-5d75902b8cd1]
2025-01-30 04:05:58,050 INFO c.h.h.t.HelmChartContainer - [test-hivemq-platform] [hivemq] [19dd1892] INFO  - Cluster size = 1, members : [PAoEp].
2025-01-30 04:05:58,154 INFO c.h.h.t.HelmChartContainer - [test-hivemq-platform] [hivemq] [19dd1892] INFO  - [HiveMQ Platform Operator Init App 1.7.0-SNAPSHOT] Returning Health API response 503 for readiness
2025-01-30 04:05:58,559 INFO c.h.h.t.HelmChartContainer - [test-hivemq-platform] [hivemq] [19dd1892] INFO  - Starting cluster join process. This may take a while. Please do not shut down HiveMQ.
2025-01-30 04:05:58,561 INFO c.h.h.t.HelmChartContainer - [test-hivemq-platform] [hivemq] [19dd1892] INFO  - Cluster join process is still ongoing. Please do not shut down HiveMQ.
2025-01-30 04:06:00,571 INFO c.h.h.t.HelmChartContainer - [test-hivemq-platform] [hivemq] [d6f4a8ff] INFO  - Cluster size = 2, members : [WmJJR, PAoEp].
2025-01-30 04:06:00,585 INFO c.h.h.t.HelmChartContainer - [test-hivemq-platform] [hivemq] [19dd1892] INFO  - Cluster size = 2, members : [WmJJR, PAoEp].
2025-01-30 04:06:00,588 INFO c.h.h.t.HelmChartContainer - [test-hivemq-platform] [hivemq] [19dd1892] INFO  - Finished cluster join process successfully.
2025-01-30 04:06:00,590 INFO c.h.h.t.HelmChartContainer - [test-hivemq-platform] [hivemq] [19dd1892] WARN  - No user for HiveMQ Control Center configured. Starting with default user
2025-01-30 04:06:00,591 INFO c.h.h.t.HelmChartContainer - [test-hivemq-platform] [hivemq] [19dd1892] INFO  - Starting HiveMQ Control Center on address 0.0.0.0 and port 8080
2025-01-30 04:06:00,596 INFO c.h.h.t.HelmChartContainer - [test-hivemq-platform] [hivemq] [19dd1892] INFO  - Mounting HiveMQ Control Center V2 Preview
2025-01-30 04:06:01,352 INFO c.h.h.t.HelmChartContainer - [test-hivemq-platform] [hivemq] [19dd1892] INFO  - Started HiveMQ Control Center in 763ms
2025-01-30 04:06:01,366 INFO c.h.h.t.HelmChartContainer - [test-hivemq-platform] [hivemq] [19dd1892] INFO  - Starting TCP listener on address 0.0.0.0 and port 1884
2025-01-30 04:06:01,450 INFO c.h.h.t.HelmChartContainer - [test-hivemq-platform] [hivemq] [19dd1892] INFO  - Started TCP Listener on address 0.0.0.0 and on port 1884.
2025-01-30 04:06:01,451 INFO c.h.h.t.HelmChartContainer - [test-hivemq-platform] [hivemq] [19dd1892] INFO  - Started HiveMQ in 28996ms
2025-01-30 04:06:01,869 INFO c.h.h.t.HelmChartContainer - [test-hivemq-platform] [hivemq] [19dd1892] INFO  - [HiveMQ Platform Operator Init App 1.7.0-SNAPSHOT] Returning Health API response 200 for readiness
2025-01-30 04:06:01,880 INFO c.h.h.t.HelmChartContainer - [POD] test-hivemq-platform-1 [19dd1892-b5c3-4452-b8fb-5d75902b8cd1] in helmcontainersecuritycontextupgradeplatformit was MODIFIED
2025-01-30 04:06:01,896 INFO c.h.h.t.HelmChartContainer - [hivemq-test-hivemq-platform] [hivemq-platform-operator] [202a3df5] 04:06:01.885 [pool-6-thread-17] DEBUG c.h.p.o.d.PlatformServiceResource - [helmcont] Desired Platform services (3 services)
2025-01-30 04:06:01,896 INFO c.h.h.t.HelmChartContainer - [hivemq-test-hivemq-platform] [hivemq-platform-operator] [202a3df5] 04:06:01.887 [pool-6-thread-14] DEBUG c.h.p.o.dependants.PodInfoConfigMap - [helmcont] Desired PodInfo ConfigMap (1 extensions) (1 enabled)
2025-01-30 04:06:01,896 INFO c.h.h.t.HelmChartContainer - [hivemq-test-hivemq-platform] [hivemq-platform-operator] [202a3df5] 04:06:01.890 [pool-6-thread-14] DEBUG c.h.p.o.dependants.PodInfoConfigMap - [helmcont] Desired PodInfo ConfigMap (metrics port: 9399) (metrics path: /)
2025-01-30 04:06:01,896 INFO c.h.h.t.HelmChartContainer - [hivemq-test-hivemq-platform] [hivemq-platform-operator] [202a3df5] 04:06:01.890 [pool-6-thread-14] DEBUG c.h.p.o.dependants.PodInfoConfigMap - [helmcont] Desired PodInfo ConfigMap (extension state hash: -1817474005)
2025-01-30 04:06:01,896 INFO c.h.h.t.HelmChartContainer - [hivemq-test-hivemq-platform] [hivemq-platform-operator] [202a3df5] 04:06:01.893 [pool-6-thread-20] DEBUG c.h.p.o.d.PodServiceAccountResource - [helmcont] Desired PodServiceAccountResource (serviceAccountName: hivemq-platform-pod-test-hivemq-platform)
2025-01-30 04:06:01,902 INFO c.h.h.t.HelmChartContainer - [hivemq-test-hivemq-platform] [hivemq-platform-operator] [202a3df5] 04:06:01.900 [pool-6-thread-17] DEBUG c.h.p.o.d.StatefulSetResource - [helmcont] Desired StatefulSet (2 replicas) for status ROLLING_RESTART (SURGE_IN_PROGRESS)
2025-01-30 04:06:01,906 INFO c.h.h.t.HelmChartContainer - [hivemq-test-hivemq-platform] [hivemq-platform-operator] [202a3df5] 04:06:01.905 [ReconcilerExecutor-hivemq-controller-125] INFO  c.h.p.o.HiveMQPlatformReconciler - [helmcont] Reconciling HiveMQ Platform 'test-hivemq-platform' in namespace 'helmcontainersecuritycontextupgradeplatformit'
2025-01-30 04:06:01,906 INFO c.h.h.t.HelmChartContainer - [hivemq-test-hivemq-platform] [hivemq-platform-operator] [202a3df5] 04:06:01.905 [ReconcilerExecutor-hivemq-controller-125] DEBUG c.h.p.o.HiveMQPlatformReconciler - [helmcont] Custom Resource Status ROLLING_RESTART - HiveMQ Platform is starting a surge Pod (rolling restart) (SURGE_IN_PROGRESS)
2025-01-30 04:06:01,907 INFO c.h.h.t.HelmChartContainer - [hivemq-test-hivemq-platform] [hivemq-platform-operator] [202a3df5] 04:06:01.905 [ReconcilerExecutor-hivemq-controller-125] DEBUG c.h.p.o.HiveMQPlatformReconciler - [helmcont] Custom Resource Spec (replicas: 1) (extensions: 1)
2025-01-30 04:06:01,954 INFO c.h.h.t.HelmChartContainer - [hivemq-test-hivemq-platform] [hivemq-platform-operator] [202a3df5] 04:06:01.953 [ReconcilerExecutor-hivemq-controller-125] DEBUG c.h.p.o.HiveMQPlatformReconciler - [helmcont] StatefulSet Status (revision: test-hivemq-platform-85948b8786, replicas: 2, available: 2, ready: 2, current: 1, updated: 1)
2025-01-30 04:06:01,954 INFO c.h.h.t.HelmChartContainer - [hivemq-test-hivemq-platform] [hivemq-platform-operator] [202a3df5] 04:06:01.953 [ReconcilerExecutor-hivemq-controller-125] DEBUG c.h.p.o.HiveMQPlatformReconciler - [helmcont] StatefulSet Spec (replicas: 2, init containers: 1, containers: 1, volumes: 3)
2025-01-30 04:06:01,957 INFO c.h.h.t.HelmChartContainer - [hivemq-test-hivemq-platform] [hivemq-platform-operator] [202a3df5] 04:06:01.954 [ReconcilerExecutor-hivemq-controller-125] DEBUG c.h.p.o.h.HiveMQPlatformReconcilerErrorHandler - [helmcont] Pod 'test-hivemq-platform-1' phase Running
2025-01-30 04:06:01,957 INFO c.h.h.t.HelmChartContainer - [hivemq-test-hivemq-platform] [hivemq-platform-operator] [202a3df5] 04:06:01.955 [ReconcilerExecutor-hivemq-controller-125] DEBUG c.h.p.o.h.HiveMQPlatformReconcilerErrorHandler - [helmcont] Pod 'test-hivemq-platform-0' phase Running
2025-01-30 04:06:01,957 INFO c.h.h.t.HelmChartContainer - [hivemq-test-hivemq-platform] [hivemq-platform-operator] [202a3df5] 04:06:01.956 [ReconcilerExecutor-hivemq-controller-125] INFO  c.h.p.o.h.HiveMQPlatformReconcilerRollingRestartHandler - [helmcont] Surge Pod started successfully
2025-01-30 04:06:01,974 INFO c.h.h.t.HelmChartContainer - [hivemq-test-hivemq-platform] [hivemq-platform-operator] [202a3df5] 04:06:01.973 [ReconcilerExecutor-hivemq-controller-125] DEBUG c.h.p.operator.event.EventSender - [helmcont] Creating K8s event rolling-restart-surge-in-progress: [RollingRestart] HiveMQ Platform is restarting Pods (rolling restart)
2025-01-30 04:06:01,983 INFO c.h.h.t.HelmChartContainer - [EVENT] Normal [RollingRestart] HiveMQ Platform is restarting Pods (rolling restart) [helmcontainersecuritycontextupgradeplatformit:test-hivemq-platform]
2025-01-30 04:06:02,055 INFO c.h.h.t.HelmChartContainer - [hivemq-test-hivemq-platform] [hivemq-platform-operator] [202a3df5] 04:06:02.053 [ReconcilerExecutor-hivemq-controller-125] INFO  c.h.p.o.h.AbstractHiveMQReconcilerStateHandler - [helmcont] Update HiveMQ Platform Status (ROLLING_RESTART [SURGE_IN_PROGRESS] -> ROLLING_RESTART [RESTART_PODS_IN_PROGRESS]): HiveMQ Platform is restarting Pods (rolling restart)
2025-01-30 04:06:02,065 DEBUG com.hivemq.helmcharts.util.K8sUtil - Comparing actual state 'ROLLING_RESTART' and waiting for 'RUNNING'
2025-01-30 04:06:02,068 INFO c.h.h.t.HelmChartContainer - [hivemq-test-hivemq-platform] [hivemq-platform-operator] [202a3df5] 04:06:02.066 [pool-6-thread-25] DEBUG c.h.p.o.d.PlatformServiceResource - [helmcont] Desired Platform services (3 services)
2025-01-30 04:06:02,068 INFO c.h.h.t.HelmChartContainer - [hivemq-test-hivemq-platform] [hivemq-platform-operator] [202a3df5] 04:06:02.066 [pool-6-thread-29] DEBUG c.h.p.o.dependants.PodInfoConfigMap - [helmcont] Desired PodInfo ConfigMap (1 extensions) (1 enabled)
2025-01-30 04:06:02,070 INFO c.h.h.t.HelmChartContainer - [hivemq-test-hivemq-platform] [hivemq-platform-operator] [202a3df5] 04:06:02.068 [pool-6-thread-30] DEBUG c.h.p.o.d.PodServiceAccountResource - [helmcont] Desired PodServiceAccountResource (serviceAccountName: hivemq-platform-pod-test-hivemq-platform)
2025-01-30 04:06:02,070 INFO c.h.h.t.HelmChartContainer - [hivemq-test-hivemq-platform] [hivemq-platform-operator] [202a3df5] 04:06:02.069 [pool-6-thread-29] DEBUG c.h.p.o.dependants.PodInfoConfigMap - [helmcont] Desired PodInfo ConfigMap (metrics port: 9399) (metrics path: /)
2025-01-30 04:06:02,070 INFO c.h.h.t.HelmChartContainer - [hivemq-test-hivemq-platform] [hivemq-platform-operator] [202a3df5] 04:06:02.069 [pool-6-thread-29] DEBUG c.h.p.o.dependants.PodInfoConfigMap - [helmcont] Desired PodInfo ConfigMap (extension state hash: -1817474005)
2025-01-30 04:06:02,073 INFO c.h.h.t.HelmChartContainer - [hivemq-test-hivemq-platform] [hivemq-platform-operator] [202a3df5] 04:06:02.072 [pool-6-thread-21] DEBUG c.h.p.o.d.StatefulSetResource - [helmcont] Desired StatefulSet (2 replicas) for status ROLLING_RESTART (RESTART_PODS_IN_PROGRESS)
2025-01-30 04:06:02,155 INFO c.h.h.t.HelmChartContainer - [hivemq-test-hivemq-platform] [hivemq-platform-operator] [202a3df5] 04:06:02.154 [ReconcilerExecutor-hivemq-controller-126] INFO  c.h.p.o.HiveMQPlatformReconciler - [helmcont] Reconciling HiveMQ Platform 'test-hivemq-platform' in namespace 'helmcontainersecuritycontextupgradeplatformit'
2025-01-30 04:06:02,155 INFO c.h.h.t.HelmChartContainer - [hivemq-test-hivemq-platform] [hivemq-platform-operator] [202a3df5] 04:06:02.154 [ReconcilerExecutor-hivemq-controller-126] DEBUG c.h.p.o.HiveMQPlatformReconciler - [helmcont] Custom Resource Status ROLLING_RESTART - HiveMQ Platform is restarting Pods (rolling restart) (RESTART_PODS_IN_PROGRESS)
2025-01-30 04:06:02,155 INFO c.h.h.t.HelmChartContainer - [hivemq-test-hivemq-platform] [hivemq-platform-operator] [202a3df5] 04:06:02.154 [ReconcilerExecutor-hivemq-controller-126] DEBUG c.h.p.o.HiveMQPlatformReconciler - [helmcont] Custom Resource Spec (replicas: 1) (extensions: 1)
2025-01-30 04:06:02,157 INFO c.h.h.t.HelmChartContainer - [hivemq-test-hivemq-platform] [hivemq-platform-operator] [202a3df5] 04:06:02.156 [ReconcilerExecutor-hivemq-controller-126] DEBUG c.h.p.o.HiveMQPlatformReconciler - [helmcont] StatefulSet Status (revision: test-hivemq-platform-85948b8786, replicas: 2, available: 2, ready: 2, current: 1, updated: 1)
2025-01-30 04:06:02,157 INFO c.h.h.t.HelmChartContainer - [hivemq-test-hivemq-platform] [hivemq-platform-operator] [202a3df5] 04:06:02.157 [ReconcilerExecutor-hivemq-controller-126] DEBUG c.h.p.o.HiveMQPlatformReconciler - [helmcont] StatefulSet Spec (replicas: 2, init containers: 1, containers: 1, volumes: 3)
2025-01-30 04:06:02,159 INFO c.h.h.t.HelmChartContainer - [hivemq-test-hivemq-platform] [hivemq-platform-operator] [202a3df5] 04:06:02.158 [ReconcilerExecutor-hivemq-controller-126] DEBUG c.h.p.o.h.HiveMQPlatformReconcilerErrorHandler - [helmcont] Pod 'test-hivemq-platform-1' phase Running
2025-01-30 04:06:02,160 INFO c.h.h.t.HelmChartContainer - [hivemq-test-hivemq-platform] [hivemq-platform-operator] [202a3df5] 04:06:02.160 [ReconcilerExecutor-hivemq-controller-126] DEBUG c.h.p.o.h.HiveMQPlatformReconcilerErrorHandler - [helmcont] Pod 'test-hivemq-platform-0' phase Running
2025-01-30 04:06:02,166 INFO c.h.h.t.HelmChartContainer - [hivemq-test-hivemq-platform] [hivemq-platform-operator] [202a3df5] 04:06:02.165 [ReconcilerExecutor-hivemq-controller-126] DEBUG c.h.p.o.h.HiveMQPlatformReconcilerRollingRestartHandler - [helmcont] Skipping Pod test-hivemq-platform-1 as it's already on the controller update revision (update revision: test-hivemq-platform-85948b8786, pod revision: test-hivemq-platform-85948b8786)
2025-01-30 04:06:02,283 INFO c.h.h.t.HelmChartContainer - [hivemq-test-hivemq-platform] [hivemq-platform-operator] [202a3df5] 04:06:02.281 [ReconcilerExecutor-hivemq-controller-126] DEBUG c.h.p.o.h.HiveMQPlatformReconcilerRollingRestartHandler - [helmcont] The last Pod is running for 54 seconds, the next Pod can be restarted
2025-01-30 04:06:02,283 INFO c.h.h.t.HelmChartContainer - [hivemq-test-hivemq-platform] [hivemq-platform-operator] [202a3df5] 04:06:02.281 [ReconcilerExecutor-hivemq-controller-126] INFO  c.h.p.o.h.HiveMQPlatformReconcilerRollingRestartHandler - [helmcont] Restarting Pod test-hivemq-platform-0 as it's not matching the controller update revision (update revision: test-hivemq-platform-85948b8786, pod revision: test-hivemq-platform-fc778bc4c)
2025-01-30 04:06:02,295 INFO c.h.h.t.HelmChartContainer - [POD] test-hivemq-platform-0 [d6f4a8ff-39e5-4945-9bc5-d22e6734c88b] in helmcontainersecuritycontextupgradeplatformit was MODIFIED
2025-01-30 04:06:02,302 INFO c.h.h.t.HelmChartContainer - [EVENT] Normal [Killing] Stopping container hivemq [helmcontainersecuritycontextupgradeplatformit:test-hivemq-platform-0]
2025-01-30 04:06:02,302 INFO c.h.h.t.HelmChartContainer - Received Killing event for container hivemq in pod test-hivemq-platform-0 [d6f4a8ff-39e5-4945-9bc5-d22e6734c88b]
2025-01-30 04:06:02,302 INFO c.h.h.t.HelmChartContainer - Container [test-hivemq-platform-0] [hivemq] [d6f4a8ff-39e5-4945-9bc5-d22e6734c88b] was terminated
2025-01-30 04:06:02,302 INFO c.h.h.t.HelmChartContainer - Stopped log watcher for hivemq in pod test-hivemq-platform-0 [d6f4a8ff-39e5-4945-9bc5-d22e6734c88b]
2025-01-30 04:06:02,311 INFO c.h.h.t.HelmChartContainer - [test-hivemq-platform] [hivemq] [d6f4a8ff] INFO  - [HiveMQ Platform Operator Init App 1.7.0-SNAPSHOT] Shutting down
2025-01-30 04:06:02,311 INFO c.h.h.t.HelmChartContainer - [test-hivemq-platform] [hivemq] [d6f4a8ff] INFO  - [HiveMQ Platform Operator Init App 1.7.0-SNAPSHOT] Stopping the HiveMQ Platform
2025-01-30 04:06:02,363 INFO c.h.h.t.HelmChartContainer - [hivemq-test-hivemq-platform] [hivemq-platform-operator] [202a3df5] 04:06:02.358 [pool-6-thread-37] DEBUG c.h.p.o.d.PlatformServiceResource - [helmcont] Desired Platform services (3 services)
2025-01-30 04:06:02,363 INFO c.h.h.t.HelmChartContainer - [hivemq-test-hivemq-platform] [hivemq-platform-operator] [202a3df5] 04:06:02.359 [pool-6-thread-34] DEBUG c.h.p.o.dependants.PodInfoConfigMap - [helmcont] Desired PodInfo ConfigMap (1 extensions) (1 enabled)
2025-01-30 04:06:02,364 INFO c.h.h.t.HelmChartContainer - [hivemq-test-hivemq-platform] [hivemq-platform-operator] [202a3df5] 04:06:02.359 [pool-6-thread-34] DEBUG c.h.p.o.dependants.PodInfoConfigMap - [helmcont] Desired PodInfo ConfigMap (metrics port: 9399) (metrics path: /)
2025-01-30 04:06:02,364 INFO c.h.h.t.HelmChartContainer - [hivemq-test-hivemq-platform] [hivemq-platform-operator] [202a3df5] 04:06:02.359 [pool-6-thread-34] DEBUG c.h.p.o.dependants.PodInfoConfigMap - [helmcont] Desired PodInfo ConfigMap (extension state hash: -1817474005)
2025-01-30 04:06:02,364 INFO c.h.h.t.HelmChartContainer - [hivemq-test-hivemq-platform] [hivemq-platform-operator] [202a3df5] 04:06:02.361 [pool-6-thread-34] DEBUG c.h.p.o.d.PodServiceAccountResource - [helmcont] Desired PodServiceAccountResource (serviceAccountName: hivemq-platform-pod-test-hivemq-platform)
2025-01-30 04:06:02,366 INFO c.h.h.t.HelmChartContainer - [hivemq-test-hivemq-platform] [hivemq-platform-operator] [202a3df5] 04:06:02.363 [pool-6-thread-34] DEBUG c.h.p.o.d.StatefulSetResource - [helmcont] Desired StatefulSet (2 replicas) for status ROLLING_RESTART (RESTART_PODS_IN_PROGRESS)
2025-01-30 04:06:02,369 INFO c.h.h.t.HelmChartContainer - [hivemq-test-hivemq-platform] [hivemq-platform-operator] [202a3df5] 04:06:02.366 [ReconcilerExecutor-hivemq-controller-127] INFO  c.h.p.o.HiveMQPlatformReconciler - [helmcont] Reconciling HiveMQ Platform 'test-hivemq-platform' in namespace 'helmcontainersecuritycontextupgradeplatformit'
2025-01-30 04:06:02,369 INFO c.h.h.t.HelmChartContainer - [hivemq-test-hivemq-platform] [hivemq-platform-operator] [202a3df5] 04:06:02.366 [ReconcilerExecutor-hivemq-controller-127] DEBUG c.h.p.o.HiveMQPlatformReconciler - [helmcont] Custom Resource Status ROLLING_RESTART - HiveMQ Platform is restarting Pods (rolling restart) (RESTART_PODS_IN_PROGRESS)
2025-01-30 04:06:02,369 INFO c.h.h.t.HelmChartContainer - [hivemq-test-hivemq-platform] [hivemq-platform-operator] [202a3df5] 04:06:02.366 [ReconcilerExecutor-hivemq-controller-127] DEBUG c.h.p.o.HiveMQPlatformReconciler - [helmcont] Custom Resource Spec (replicas: 1) (extensions: 1)
2025-01-30 04:06:02,369 INFO c.h.h.t.HelmChartContainer - [hivemq-test-hivemq-platform] [hivemq-platform-operator] [202a3df5] 04:06:02.368 [ReconcilerExecutor-hivemq-controller-127] DEBUG c.h.p.o.HiveMQPlatformReconciler - [helmcont] StatefulSet Status (revision: test-hivemq-platform-85948b8786, replicas: 2, available: 2, ready: 2, current: 0, updated: 1)
2025-01-30 04:06:02,369 INFO c.h.h.t.HelmChartContainer - [hivemq-test-hivemq-platform] [hivemq-platform-operator] [202a3df5] 04:06:02.368 [ReconcilerExecutor-hivemq-controller-127] DEBUG c.h.p.o.HiveMQPlatformReconciler - [helmcont] StatefulSet Spec (replicas: 2, init containers: 1, containers: 1, volumes: 3)
2025-01-30 04:06:02,370 INFO c.h.h.t.HelmChartContainer - [hivemq-test-hivemq-platform] [hivemq-platform-operator] [202a3df5] 04:06:02.369 [ReconcilerExecutor-hivemq-controller-127] DEBUG c.h.p.o.h.HiveMQPlatformReconcilerErrorHandler - [helmcont] Pod 'test-hivemq-platform-1' phase Running
2025-01-30 04:06:02,441 INFO c.h.h.t.HelmChartContainer - [test-hivemq-platform] [hivemq] [d6f4a8ff] INFO  - Shutting down HiveMQ. Please wait, this could take a while...
2025-01-30 04:06:02,445 INFO c.h.h.t.HelmChartContainer - [test-hivemq-platform] [hivemq] [d6f4a8ff] INFO  - Shutting down listeners and clients
2025-01-30 04:06:02,447 INFO c.h.h.t.HelmChartContainer - [test-hivemq-platform] [hivemq] [d6f4a8ff] INFO  - Shutdown of listeners is done
2025-01-30 04:06:02,447 INFO c.h.h.t.HelmChartContainer - [test-hivemq-platform] [hivemq] [d6f4a8ff] INFO  - No clients are connected, proceeding with shutdown
2025-01-30 04:06:02,455 INFO c.h.h.t.HelmChartContainer - [hivemq-test-hivemq-platform] [hivemq-platform-operator] [202a3df5] 04:06:02.454 [ReconcilerExecutor-hivemq-controller-127] DEBUG c.h.p.o.h.HiveMQPlatformReconcilerErrorHandler - [helmcont] Pod 'test-hivemq-platform-0' phase Running
2025-01-30 04:06:02,465 INFO c.h.h.t.HelmChartContainer - [hivemq-test-hivemq-platform] [hivemq-platform-operator] [202a3df5] 04:06:02.463 [ReconcilerExecutor-hivemq-controller-127] DEBUG c.h.p.o.h.HiveMQPlatformReconcilerRollingRestartHandler - [helmcont] Skipping Pod test-hivemq-platform-1 as it's already on the controller update revision (update revision: test-hivemq-platform-85948b8786, pod revision: test-hivemq-platform-85948b8786)
2025-01-30 04:06:02,478 INFO c.h.h.t.HelmChartContainer - [hivemq-test-hivemq-platform] [hivemq-platform-operator] [202a3df5] 04:06:02.477 [ReconcilerExecutor-hivemq-controller-127] DEBUG c.h.p.o.h.HiveMQPlatformReconcilerRollingRestartHandler - [helmcont] The last Pod is running for 54 seconds, the next Pod can be restarted
2025-01-30 04:06:02,478 INFO c.h.h.t.HelmChartContainer - [hivemq-test-hivemq-platform] [hivemq-platform-operator] [202a3df5] 04:06:02.477 [ReconcilerExecutor-hivemq-controller-127] INFO  c.h.p.o.h.HiveMQPlatformReconcilerRollingRestartHandler - [helmcont] Restarting Pod test-hivemq-platform-0 as it's not matching the controller update revision (update revision: test-hivemq-platform-85948b8786, pod revision: test-hivemq-platform-fc778bc4c)
2025-01-30 04:06:02,558 INFO c.h.h.t.HelmChartContainer - [hivemq-test-hivemq-platform] [hivemq-platform-operator] [202a3df5] 04:06:02.554 [pool-6-thread-47] DEBUG c.h.p.o.d.PlatformServiceResource - [helmcont] Desired Platform services (3 services)
2025-01-30 04:06:02,558 INFO c.h.h.t.HelmChartContainer - [hivemq-test-hivemq-platform] [hivemq-platform-operator] [202a3df5] 04:06:02.555 [pool-6-thread-42] DEBUG c.h.p.o.dependants.PodInfoConfigMap - [helmcont] Desired PodInfo ConfigMap (1 extensions) (1 enabled)
2025-01-30 04:06:02,558 INFO c.h.h.t.HelmChartContainer - [hivemq-test-hivemq-platform] [hivemq-platform-operator] [202a3df5] 04:06:02.555 [pool-6-thread-42] DEBUG c.h.p.o.dependants.PodInfoConfigMap - [helmcont] Desired PodInfo ConfigMap (metrics port: 9399) (metrics path: /)
2025-01-30 04:06:02,558 INFO c.h.h.t.HelmChartContainer - [hivemq-test-hivemq-platform] [hivemq-platform-operator] [202a3df5] 04:06:02.555 [pool-6-thread-42] DEBUG c.h.p.o.dependants.PodInfoConfigMap - [helmcont] Desired PodInfo ConfigMap (extension state hash: -1817474005)
2025-01-30 04:06:02,558 INFO c.h.h.t.HelmChartContainer - [hivemq-test-hivemq-platform] [hivemq-platform-operator] [202a3df5] 04:06:02.555 [pool-6-thread-42] DEBUG c.h.p.o.d.PodServiceAccountResource - [helmcont] Desired PodServiceAccountResource (serviceAccountName: hivemq-platform-pod-test-hivemq-platform)
2025-01-30 04:06:02,562 INFO c.h.h.t.HelmChartContainer - [hivemq-test-hivemq-platform] [hivemq-platform-operator] [202a3df5] 04:06:02.561 [pool-6-thread-48] DEBUG c.h.p.o.d.StatefulSetResource - [helmcont] Desired StatefulSet (2 replicas) for status ROLLING_RESTART (RESTART_PODS_IN_PROGRESS)
2025-01-30 04:06:02,564 INFO c.h.h.t.HelmChartContainer - [hivemq-test-hivemq-platform] [hivemq-platform-operator] [202a3df5] 04:06:02.563 [ReconcilerExecutor-hivemq-controller-128] INFO  c.h.p.o.HiveMQPlatformReconciler - [helmcont] Reconciling HiveMQ Platform 'test-hivemq-platform' in namespace 'helmcontainersecuritycontextupgradeplatformit'
2025-01-30 04:06:02,565 INFO c.h.h.t.HelmChartContainer - [hivemq-test-hivemq-platform] [hivemq-platform-operator] [202a3df5] 04:06:02.564 [ReconcilerExecutor-hivemq-controller-128] DEBUG c.h.p.o.HiveMQPlatformReconciler - [helmcont] Custom Resource Status ROLLING_RESTART - HiveMQ Platform is restarting Pods (rolling restart) (RESTART_PODS_IN_PROGRESS)
2025-01-30 04:06:02,565 INFO c.h.h.t.HelmChartContainer - [hivemq-test-hivemq-platform] [hivemq-platform-operator] [202a3df5] 04:06:02.564 [ReconcilerExecutor-hivemq-controller-128] DEBUG c.h.p.o.HiveMQPlatformReconciler - [helmcont] Custom Resource Spec (replicas: 1) (extensions: 1)
2025-01-30 04:06:02,568 INFO c.h.h.t.HelmChartContainer - [hivemq-test-hivemq-platform] [hivemq-platform-operator] [202a3df5] 04:06:02.565 [ReconcilerExecutor-hivemq-controller-128] DEBUG c.h.p.o.HiveMQPlatformReconciler - [helmcont] StatefulSet Status (revision: test-hivemq-platform-85948b8786, replicas: 2, available: 2, ready: 2, current: 0, updated: 1)
2025-01-30 04:06:02,568 INFO c.h.h.t.HelmChartContainer - [hivemq-test-hivemq-platform] [hivemq-platform-operator] [202a3df5] 04:06:02.565 [ReconcilerExecutor-hivemq-controller-128] DEBUG c.h.p.o.HiveMQPlatformReconciler - [helmcont] StatefulSet Spec (replicas: 2, init containers: 1, containers: 1, volumes: 3)
2025-01-30 04:06:02,568 INFO c.h.h.t.HelmChartContainer - [hivemq-test-hivemq-platform] [hivemq-platform-operator] [202a3df5] 04:06:02.567 [ReconcilerExecutor-hivemq-controller-128] DEBUG c.h.p.o.h.HiveMQPlatformReconcilerErrorHandler - [helmcont] Pod 'test-hivemq-platform-1' phase Running
2025-01-30 04:06:02,570 INFO c.h.h.t.HelmChartContainer - [hivemq-test-hivemq-platform] [hivemq-platform-operator] [202a3df5] 04:06:02.568 [ReconcilerExecutor-hivemq-controller-128] DEBUG c.h.p.o.h.HiveMQPlatformReconcilerErrorHandler - [helmcont] Pod 'test-hivemq-platform-0' phase Running
2025-01-30 04:06:02,655 INFO c.h.h.t.HelmChartContainer - [hivemq-test-hivemq-platform] [hivemq-platform-operator] [202a3df5] 04:06:02.653 [ReconcilerExecutor-hivemq-controller-128] DEBUG c.h.p.o.h.HiveMQPlatformReconcilerRollingRestartHandler - [helmcont] Skipping Pod test-hivemq-platform-1 as it's already on the controller update revision (update revision: test-hivemq-platform-85948b8786, pod revision: test-hivemq-platform-85948b8786)
2025-01-30 04:06:02,664 INFO c.h.h.t.HelmChartContainer - [hivemq-test-hivemq-platform] [hivemq-platform-operator] [202a3df5] 04:06:02.663 [ReconcilerExecutor-hivemq-controller-128] DEBUG c.h.p.o.h.HiveMQPlatformReconcilerRollingRestartHandler - [helmcont] The last Pod is running for 54 seconds, the next Pod can be restarted
2025-01-30 04:06:02,664 INFO c.h.h.t.HelmChartContainer - [hivemq-test-hivemq-platform] [hivemq-platform-operator] [202a3df5] 04:06:02.663 [ReconcilerExecutor-hivemq-controller-128] INFO  c.h.p.o.h.HiveMQPlatformReconcilerRollingRestartHandler - [helmcont] Restarting Pod test-hivemq-platform-0 as it's not matching the controller update revision (update revision: test-hivemq-platform-85948b8786, pod revision: test-hivemq-platform-fc778bc4c)
2025-01-30 04:06:03,157 INFO c.h.h.t.HelmChartContainer - [test-hivemq-platform] [hivemq] [d6f4a8ff] INFO  - [HiveMQ Platform Operator Init App 1.7.0-SNAPSHOT] Returning shutdown Health API response 503 for readiness
2025-01-30 04:06:03,162 INFO c.h.h.t.HelmChartContainer - [EVENT] Warning [Unhealthy] Readiness probe failed: HTTP probe failed with statuscode: 503 [helmcontainersecuritycontextupgradeplatformit:test-hivemq-platform-0]
2025-01-30 04:06:03,162 INFO c.h.h.t.HelmChartContainer - Received Unhealthy event for container hivemq in pod test-hivemq-platform-0 [d6f4a8ff-39e5-4945-9bc5-d22e6734c88b]
2025-01-30 04:06:06,037 INFO c.h.h.t.HelmChartContainer - [test-hivemq-platform] [hivemq] [d6f4a8ff] INFO  - Shutting down extension system
2025-01-30 04:06:06,040 INFO c.h.h.t.HelmChartContainer - [test-hivemq-platform] [hivemq] [d6f4a8ff] INFO  - Stopping extension with id hivemq-dns-cluster-discovery
2025-01-30 04:06:06,040 INFO c.h.h.t.HelmChartContainer - [test-hivemq-platform] [hivemq] [d6f4a8ff] INFO  - Extension "DNS Cluster Discovery Extension" version 4.3.2 stopped successfully.
2025-01-30 04:06:06,040 INFO c.h.h.t.HelmChartContainer - [test-hivemq-platform] [hivemq] [d6f4a8ff] INFO  - Stopping extension with id hivemq-prometheus-extension
2025-01-30 04:06:06,048 INFO c.h.h.t.HelmChartContainer - [test-hivemq-platform] [hivemq] [d6f4a8ff] INFO  - Extension "Prometheus Monitoring Extension" version 4.0.12 stopped successfully.
2025-01-30 04:06:06,048 INFO c.h.h.t.HelmChartContainer - [test-hivemq-platform] [hivemq] [d6f4a8ff] INFO  - Stopping extension with id hivemq-allow-all-extension
2025-01-30 04:06:06,048 INFO c.h.h.t.HelmChartContainer - [test-hivemq-platform] [hivemq] [d6f4a8ff] INFO  - Extension "Allow All Extension" version 1.1.1 stopped successfully.
2025-01-30 04:06:06,055 INFO c.h.h.t.HelmChartContainer - [test-hivemq-platform] [hivemq] [19dd1892] INFO  - Cluster nodes found by discovery: [WmJJR|2] (1) [WmJJR].
2025-01-30 04:06:06,059 INFO c.h.h.t.HelmChartContainer - [test-hivemq-platform] [hivemq] [19dd1892] INFO  - Cluster size = 1, members : [WmJJR].
2025-01-30 04:06:08,162 INFO c.h.h.t.HelmChartContainer - [EVENT] Warning [Unhealthy] Readiness probe failed: HTTP probe failed with statuscode: 503 [helmcontainersecuritycontextupgradeplatformit:test-hivemq-platform-0]
2025-01-30 04:06:08,163 INFO c.h.h.t.HelmChartContainer - Received Unhealthy event for container hivemq in pod test-hivemq-platform-0 [d6f4a8ff-39e5-4945-9bc5-d22e6734c88b]
2025-01-30 04:06:08,343 INFO c.h.h.t.HelmChartContainer - [test-hivemq-platform] [hivemq] [d6f4a8ff] INFO  - Shutdown completed.
2025-01-30 04:06:08,692 INFO c.h.h.t.HelmChartContainer - [test-hivemq-platform] [hivemq] [d6f4a8ff] INFO  - [HiveMQ Platform Operator Init App 1.7.0-SNAPSHOT] The HiveMQ Platform exited with code 143
2025-01-30 04:06:08,692 INFO c.h.h.t.HelmChartContainer - [test-hivemq-platform] [hivemq] [d6f4a8ff] INFO  - [HiveMQ Platform Operator Init App 1.7.0-SNAPSHOT] Stopping the REST API
2025-01-30 04:06:08,739 INFO c.h.h.t.HelmChartContainer - [test-hivemq-platform] [hivemq] [d6f4a8ff] INFO  - [HiveMQ Platform Operator Init App 1.7.0-SNAPSHOT] Shutdown complete
2025-01-30 04:06:09,201 INFO c.h.h.t.HelmChartContainer - [test-hivemq-platform] [hivemq] [19dd1892] INFO  - [HiveMQ Platform Operator Init App 1.7.0-SNAPSHOT] Returning Health API response 200 for liveness
2025-01-30 04:06:09,242 INFO c.h.h.t.HelmChartContainer - [POD] test-hivemq-platform-0 [d6f4a8ff-39e5-4945-9bc5-d22e6734c88b] in helmcontainersecuritycontextupgradeplatformit was MODIFIED
2025-01-30 04:06:09,261 INFO c.h.h.t.HelmChartContainer - [hivemq-test-hivemq-platform] [hivemq-platform-operator] [202a3df5] 04:06:09.251 [pool-6-thread-4] DEBUG c.h.p.o.d.PlatformServiceResource - [helmcont] Desired Platform services (3 services)
2025-01-30 04:06:09,261 INFO c.h.h.t.HelmChartContainer - [hivemq-test-hivemq-platform] [hivemq-platform-operator] [202a3df5] 04:06:09.252 [pool-6-thread-1] DEBUG c.h.p.o.dependants.PodInfoConfigMap - [helmcont] Desired PodInfo ConfigMap (1 extensions) (1 enabled)
2025-01-30 04:06:09,261 INFO c.h.h.t.HelmChartContainer - [hivemq-test-hivemq-platform] [hivemq-platform-operator] [202a3df5] 04:06:09.252 [pool-6-thread-1] DEBUG c.h.p.o.dependants.PodInfoConfigMap - [helmcont] Desired PodInfo ConfigMap (metrics port: 9399) (metrics path: /)
2025-01-30 04:06:09,261 INFO c.h.h.t.HelmChartContainer - [hivemq-test-hivemq-platform] [hivemq-platform-operator] [202a3df5] 04:06:09.252 [pool-6-thread-1] DEBUG c.h.p.o.dependants.PodInfoConfigMap - [helmcont] Desired PodInfo ConfigMap (extension state hash: -1817474005)
2025-01-30 04:06:09,261 INFO c.h.h.t.HelmChartContainer - [hivemq-test-hivemq-platform] [hivemq-platform-operator] [202a3df5] 04:06:09.254 [pool-6-thread-1] DEBUG c.h.p.o.d.PodServiceAccountResource - [helmcont] Desired PodServiceAccountResource (serviceAccountName: hivemq-platform-pod-test-hivemq-platform)
2025-01-30 04:06:09,287 INFO c.h.h.t.HelmChartContainer - [hivemq-test-hivemq-platform] [hivemq-platform-operator] [202a3df5] 04:06:09.265 [pool-6-thread-1] DEBUG c.h.p.o.d.StatefulSetResource - [helmcont] Desired StatefulSet (2 replicas) for status ROLLING_RESTART (RESTART_PODS_IN_PROGRESS)
2025-01-30 04:06:09,287 INFO c.h.h.t.HelmChartContainer - [hivemq-test-hivemq-platform] [hivemq-platform-operator] [202a3df5] 04:06:09.269 [ReconcilerExecutor-hivemq-controller-129] INFO  c.h.p.o.HiveMQPlatformReconciler - [helmcont] Reconciling HiveMQ Platform 'test-hivemq-platform' in namespace 'helmcontainersecuritycontextupgradeplatformit'
2025-01-30 04:06:09,287 INFO c.h.h.t.HelmChartContainer - [hivemq-test-hivemq-platform] [hivemq-platform-operator] [202a3df5] 04:06:09.269 [ReconcilerExecutor-hivemq-controller-129] DEBUG c.h.p.o.HiveMQPlatformReconciler - [helmcont] Custom Resource Status ROLLING_RESTART - HiveMQ Platform is restarting Pods (rolling restart) (RESTART_PODS_IN_PROGRESS)
2025-01-30 04:06:09,287 INFO c.h.h.t.HelmChartContainer - [hivemq-test-hivemq-platform] [hivemq-platform-operator] [202a3df5] 04:06:09.269 [ReconcilerExecutor-hivemq-controller-129] DEBUG c.h.p.o.HiveMQPlatformReconciler - [helmcont] Custom Resource Spec (replicas: 1) (extensions: 1)
2025-01-30 04:06:09,287 INFO c.h.h.t.HelmChartContainer - [hivemq-test-hivemq-platform] [hivemq-platform-operator] [202a3df5] 04:06:09.273 [ReconcilerExecutor-hivemq-controller-129] DEBUG c.h.p.o.HiveMQPlatformReconciler - [helmcont] StatefulSet Status (revision: test-hivemq-platform-85948b8786, replicas: 2, available: 2, ready: 2, current: 0, updated: 1)
2025-01-30 04:06:09,287 INFO c.h.h.t.HelmChartContainer - [hivemq-test-hivemq-platform] [hivemq-platform-operator] [202a3df5] 04:06:09.273 [ReconcilerExecutor-hivemq-controller-129] DEBUG c.h.p.o.HiveMQPlatformReconciler - [helmcont] StatefulSet Spec (replicas: 2, init containers: 1, containers: 1, volumes: 3)
2025-01-30 04:06:09,287 INFO c.h.h.t.HelmChartContainer - [hivemq-test-hivemq-platform] [hivemq-platform-operator] [202a3df5] 04:06:09.274 [ReconcilerExecutor-hivemq-controller-129] DEBUG c.h.p.o.h.HiveMQPlatformReconcilerErrorHandler - [helmcont] Pod 'test-hivemq-platform-1' phase Running
2025-01-30 04:06:09,287 INFO c.h.h.t.HelmChartContainer - [hivemq-test-hivemq-platform] [hivemq-platform-operator] [202a3df5] 04:06:09.275 [ReconcilerExecutor-hivemq-controller-129] DEBUG c.h.p.o.h.HiveMQPlatformReconcilerErrorHandler - [helmcont] Pod 'test-hivemq-platform-0' phase Failed
2025-01-30 04:06:09,287 INFO c.h.h.t.HelmChartContainer - [hivemq-test-hivemq-platform] [hivemq-platform-operator] [202a3df5] 04:06:09.275 [ReconcilerExecutor-hivemq-controller-129] DEBUG c.h.p.o.h.HiveMQPlatformReconcilerErrorHandler - [helmcont] Pod 'test-hivemq-platform-0' condition 'PodReadyToStartContainers': False
2025-01-30 04:06:09,287 INFO c.h.h.t.HelmChartContainer - [hivemq-test-hivemq-platform] [hivemq-platform-operator] [202a3df5] 04:06:09.275 [ReconcilerExecutor-hivemq-controller-129] DEBUG c.h.p.o.h.HiveMQPlatformReconcilerErrorHandler - [helmcont] Pod 'test-hivemq-platform-0' condition 'Initialized': True
2025-01-30 04:06:09,287 INFO c.h.h.t.HelmChartContainer - [hivemq-test-hivemq-platform] [hivemq-platform-operator] [202a3df5] 04:06:09.275 [ReconcilerExecutor-hivemq-controller-129] DEBUG c.h.p.o.h.HiveMQPlatformReconcilerErrorHandler - [helmcont] Pod 'test-hivemq-platform-0' condition 'Ready': False
2025-01-30 04:06:09,287 INFO c.h.h.t.HelmChartContainer - [hivemq-test-hivemq-platform] [hivemq-platform-operator] [202a3df5] 04:06:09.275 [ReconcilerExecutor-hivemq-controller-129] DEBUG c.h.p.o.h.HiveMQPlatformReconcilerErrorHandler - [helmcont] Pod 'test-hivemq-platform-0' condition 'ContainersReady': False
2025-01-30 04:06:09,287 INFO c.h.h.t.HelmChartContainer - [hivemq-test-hivemq-platform] [hivemq-platform-operator] [202a3df5] 04:06:09.275 [ReconcilerExecutor-hivemq-controller-129] DEBUG c.h.p.o.h.HiveMQPlatformReconcilerErrorHandler - [helmcont] Pod 'test-hivemq-platform-0' condition 'PodScheduled': True
2025-01-30 04:06:09,287 INFO c.h.h.t.HelmChartContainer - [hivemq-test-hivemq-platform] [hivemq-platform-operator] [202a3df5] 04:06:09.275 [ReconcilerExecutor-hivemq-controller-129] DEBUG c.h.p.o.h.HiveMQPlatformReconcilerErrorHandler - [helmcont] Pod 'test-hivemq-platform-0' containerStatus 'hivemq' (started: false) (ready: false) (waiting: [Unknown] no message)
2025-01-30 04:06:09,330 INFO c.h.h.t.HelmChartContainer - [K3S] [reconciler_common.go:162] "operationExecutor.UnmountVolume started for volume \"kube-api-access-mnsft\" (UniqueName: \"kubernetes.io/projected/d6f4a8ff-39e5-4945-9bc5-d22e6734c88b-kube-api-access-mnsft\") pod \"d6f4a8ff-39e5-4945-9bc5-d22e6734c88b\" (UID: \"d6f4a8ff-39e5-4945-9bc5-d22e6734c88b\") "
2025-01-30 04:06:09,331 INFO c.h.h.t.HelmChartContainer - [K3S] [reconciler_common.go:162] "operationExecutor.UnmountVolume started for volume \"pod-info\" (UniqueName: \"kubernetes.io/configmap/d6f4a8ff-39e5-4945-9bc5-d22e6734c88b-pod-info\") pod \"d6f4a8ff-39e5-4945-9bc5-d22e6734c88b\" (UID: \"d6f4a8ff-39e5-4945-9bc5-d22e6734c88b\") "
2025-01-30 04:06:09,331 INFO c.h.h.t.HelmChartContainer - [K3S] [reconciler_common.go:162] "operationExecutor.UnmountVolume started for volume \"operator-init\" (UniqueName: \"kubernetes.io/empty-dir/d6f4a8ff-39e5-4945-9bc5-d22e6734c88b-operator-init\") pod \"d6f4a8ff-39e5-4945-9bc5-d22e6734c88b\" (UID: \"d6f4a8ff-39e5-4945-9bc5-d22e6734c88b\") "
2025-01-30 04:06:09,331 INFO c.h.h.t.HelmChartContainer - [K3S] [reconciler_common.go:162] "operationExecutor.UnmountVolume started for volume \"broker-configuration\" (UniqueName: \"kubernetes.io/configmap/d6f4a8ff-39e5-4945-9bc5-d22e6734c88b-broker-configuration\") pod \"d6f4a8ff-39e5-4945-9bc5-d22e6734c88b\" (UID: \"d6f4a8ff-39e5-4945-9bc5-d22e6734c88b\") "
2025-01-30 04:06:09,344 INFO c.h.h.t.HelmChartContainer - [hivemq-test-hivemq-platform] [hivemq-platform-operator] [202a3df5] 04:06:09.342 [ReconcilerExecutor-hivemq-controller-129] DEBUG c.h.p.o.h.HiveMQPlatformReconcilerRollingRestartHandler - [helmcont] Skipping Pod test-hivemq-platform-1 as it's already on the controller update revision (update revision: test-hivemq-platform-85948b8786, pod revision: test-hivemq-platform-85948b8786)
2025-01-30 04:06:09,359 INFO c.h.h.t.HelmChartContainer - [hivemq-test-hivemq-platform] [hivemq-platform-operator] [202a3df5] 04:06:09.357 [ReconcilerExecutor-hivemq-controller-129] DEBUG c.h.p.o.h.HiveMQPlatformReconcilerRollingRestartHandler - [helmcont] The last Pod is running for 61 seconds, the next Pod can be restarted
2025-01-30 04:06:09,359 INFO c.h.h.t.HelmChartContainer - [hivemq-test-hivemq-platform] [hivemq-platform-operator] [202a3df5] 04:06:09.357 [ReconcilerExecutor-hivemq-controller-129] INFO  c.h.p.o.h.HiveMQPlatformReconcilerRollingRestartHandler - [helmcont] Restarting Pod test-hivemq-platform-0 as it's not matching the controller update revision (update revision: test-hivemq-platform-85948b8786, pod revision: test-hivemq-platform-fc778bc4c)
2025-01-30 04:06:09,431 INFO c.h.h.t.HelmChartContainer - [K3S] [reconciler_common.go:299] "Volume detached for volume \"operator-init\" (UniqueName: \"kubernetes.io/empty-dir/d6f4a8ff-39e5-4945-9bc5-d22e6734c88b-operator-init\") on node \"6c872e703766\" DevicePath \"\""
2025-01-30 04:06:09,431 INFO c.h.h.t.HelmChartContainer - [K3S] [reconciler_common.go:299] "Volume detached for volume \"broker-configuration\" (UniqueName: \"kubernetes.io/configmap/d6f4a8ff-39e5-4945-9bc5-d22e6734c88b-broker-configuration\") on node \"6c872e703766\" DevicePath \"\""
2025-01-30 04:06:09,431 INFO c.h.h.t.HelmChartContainer - [K3S] [reconciler_common.go:299] "Volume detached for volume \"kube-api-access-mnsft\" (UniqueName: \"kubernetes.io/projected/d6f4a8ff-39e5-4945-9bc5-d22e6734c88b-kube-api-access-mnsft\") on node \"6c872e703766\" DevicePath \"\""
2025-01-30 04:06:09,431 INFO c.h.h.t.HelmChartContainer - [K3S] [reconciler_common.go:299] "Volume detached for volume \"pod-info\" (UniqueName: \"kubernetes.io/configmap/d6f4a8ff-39e5-4945-9bc5-d22e6734c88b-pod-info\") on node \"6c872e703766\" DevicePath \"\""
2025-01-30 04:06:09,439 INFO c.h.h.t.HelmChartContainer - [hivemq-test-hivemq-platform] [hivemq-platform-operator] [202a3df5] 04:06:09.435 [pool-6-thread-12] DEBUG c.h.p.o.d.PlatformServiceResource - [helmcont] Desired Platform services (3 services)
2025-01-30 04:06:09,439 INFO c.h.h.t.HelmChartContainer - [hivemq-test-hivemq-platform] [hivemq-platform-operator] [202a3df5] 04:06:09.435 [pool-6-thread-19] DEBUG c.h.p.o.dependants.PodInfoConfigMap - [helmcont] Desired PodInfo ConfigMap (1 extensions) (1 enabled)
2025-01-30 04:06:09,439 INFO c.h.h.t.HelmChartContainer - [hivemq-test-hivemq-platform] [hivemq-platform-operator] [202a3df5] 04:06:09.435 [pool-6-thread-19] DEBUG c.h.p.o.dependants.PodInfoConfigMap - [helmcont] Desired PodInfo ConfigMap (metrics port: 9399) (metrics path: /)
2025-01-30 04:06:09,439 INFO c.h.h.t.HelmChartContainer - [hivemq-test-hivemq-platform] [hivemq-platform-operator] [202a3df5] 04:06:09.435 [pool-6-thread-19] DEBUG c.h.p.o.dependants.PodInfoConfigMap - [helmcont] Desired PodInfo ConfigMap (extension state hash: -1817474005)
2025-01-30 04:06:09,439 INFO c.h.h.t.HelmChartContainer - [hivemq-test-hivemq-platform] [hivemq-platform-operator] [202a3df5] 04:06:09.437 [pool-6-thread-19] DEBUG c.h.p.o.d.PodServiceAccountResource - [helmcont] Desired PodServiceAccountResource (serviceAccountName: hivemq-platform-pod-test-hivemq-platform)
2025-01-30 04:06:09,440 INFO c.h.h.t.HelmChartContainer - [hivemq-test-hivemq-platform] [hivemq-platform-operator] [202a3df5] 04:06:09.440 [pool-6-thread-12] DEBUG c.h.p.o.d.StatefulSetResource - [helmcont] Desired StatefulSet (2 replicas) for status ROLLING_RESTART (RESTART_PODS_IN_PROGRESS)
2025-01-30 04:06:09,456 INFO c.h.h.t.HelmChartContainer - [hivemq-test-hivemq-platform] [hivemq-platform-operator] [202a3df5] 04:06:09.453 [ReconcilerExecutor-hivemq-controller-130] INFO  c.h.p.o.HiveMQPlatformReconciler - [helmcont] Reconciling HiveMQ Platform 'test-hivemq-platform' in namespace 'helmcontainersecuritycontextupgradeplatformit'
2025-01-30 04:06:09,456 INFO c.h.h.t.HelmChartContainer - [hivemq-test-hivemq-platform] [hivemq-platform-operator] [202a3df5] 04:06:09.453 [ReconcilerExecutor-hivemq-controller-130] DEBUG c.h.p.o.HiveMQPlatformReconciler - [helmcont] Custom Resource Status ROLLING_RESTART - HiveMQ Platform is restarting Pods (rolling restart) (RESTART_PODS_IN_PROGRESS)
2025-01-30 04:06:09,456 INFO c.h.h.t.HelmChartContainer - [hivemq-test-hivemq-platform] [hivemq-platform-operator] [202a3df5] 04:06:09.454 [ReconcilerExecutor-hivemq-controller-130] DEBUG c.h.p.o.HiveMQPlatformReconciler - [helmcont] Custom Resource Spec (replicas: 1) (extensions: 1)
2025-01-30 04:06:09,456 INFO c.h.h.t.HelmChartContainer - [hivemq-test-hivemq-platform] [hivemq-platform-operator] [202a3df5] 04:06:09.455 [ReconcilerExecutor-hivemq-controller-130] DEBUG c.h.p.o.HiveMQPlatformReconciler - [helmcont] StatefulSet Status (revision: test-hivemq-platform-85948b8786, replicas: 2, available: 1, ready: 1, current: 0, updated: 1)
2025-01-30 04:06:09,456 INFO c.h.h.t.HelmChartContainer - [hivemq-test-hivemq-platform] [hivemq-platform-operator] [202a3df5] 04:06:09.455 [ReconcilerExecutor-hivemq-controller-130] DEBUG c.h.p.o.HiveMQPlatformReconciler - [helmcont] StatefulSet Spec (replicas: 2, init containers: 1, containers: 1, volumes: 3)
2025-01-30 04:06:09,457 INFO c.h.h.t.HelmChartContainer - [hivemq-test-hivemq-platform] [hivemq-platform-operator] [202a3df5] 04:06:09.456 [ReconcilerExecutor-hivemq-controller-130] DEBUG c.h.p.o.h.HiveMQPlatformReconcilerErrorHandler - [helmcont] Pod 'test-hivemq-platform-1' phase Running
2025-01-30 04:06:09,458 INFO c.h.h.t.HelmChartContainer - [hivemq-test-hivemq-platform] [hivemq-platform-operator] [202a3df5] 04:06:09.457 [ReconcilerExecutor-hivemq-controller-130] DEBUG c.h.p.o.h.HiveMQPlatformReconcilerErrorHandler - [helmcont] Pod 'test-hivemq-platform-0' phase Failed
2025-01-30 04:06:09,458 INFO c.h.h.t.HelmChartContainer - [hivemq-test-hivemq-platform] [hivemq-platform-operator] [202a3df5] 04:06:09.457 [ReconcilerExecutor-hivemq-controller-130] DEBUG c.h.p.o.h.HiveMQPlatformReconcilerErrorHandler - [helmcont] Pod 'test-hivemq-platform-0' condition 'PodReadyToStartContainers': False
2025-01-30 04:06:09,459 INFO c.h.h.t.HelmChartContainer - [hivemq-test-hivemq-platform] [hivemq-platform-operator] [202a3df5] 04:06:09.457 [ReconcilerExecutor-hivemq-controller-130] DEBUG c.h.p.o.h.HiveMQPlatformReconcilerErrorHandler - [helmcont] Pod 'test-hivemq-platform-0' condition 'Initialized': True
2025-01-30 04:06:09,459 INFO c.h.h.t.HelmChartContainer - [hivemq-test-hivemq-platform] [hivemq-platform-operator] [202a3df5] 04:06:09.457 [ReconcilerExecutor-hivemq-controller-130] DEBUG c.h.p.o.h.HiveMQPlatformReconcilerErrorHandler - [helmcont] Pod 'test-hivemq-platform-0' condition 'Ready': False
2025-01-30 04:06:09,459 INFO c.h.h.t.HelmChartContainer - [hivemq-test-hivemq-platform] [hivemq-platform-operator] [202a3df5] 04:06:09.457 [ReconcilerExecutor-hivemq-controller-130] DEBUG c.h.p.o.h.HiveMQPlatformReconcilerErrorHandler - [helmcont] Pod 'test-hivemq-platform-0' condition 'ContainersReady': False
2025-01-30 04:06:09,459 INFO c.h.h.t.HelmChartContainer - [hivemq-test-hivemq-platform] [hivemq-platform-operator] [202a3df5] 04:06:09.457 [ReconcilerExecutor-hivemq-controller-130] DEBUG c.h.p.o.h.HiveMQPlatformReconcilerErrorHandler - [helmcont] Pod 'test-hivemq-platform-0' condition 'PodScheduled': True
2025-01-30 04:06:09,459 INFO c.h.h.t.HelmChartContainer - [hivemq-test-hivemq-platform] [hivemq-platform-operator] [202a3df5] 04:06:09.458 [ReconcilerExecutor-hivemq-controller-130] DEBUG c.h.p.o.h.HiveMQPlatformReconcilerErrorHandler - [helmcont] Pod 'test-hivemq-platform-0' containerStatus 'hivemq' (started: false) (ready: false) (waiting: [Unknown] no message)
2025-01-30 04:06:09,459 INFO c.h.h.t.HelmChartContainer - [hivemq-test-hivemq-platform] [hivemq-platform-operator] [202a3df5] 04:06:09.458 [ReconcilerExecutor-hivemq-controller-130] DEBUG c.h.p.o.h.HiveMQPlatformReconcilerRollingRestartHandler - [helmcont] Rolling restart is waiting for 1 of 2 replicas
2025-01-30 04:06:09,724 INFO c.h.h.t.HelmChartContainer - [K3S] [scope.go:117] "RemoveContainer" containerID="de75797e35cf0e8dbe752f32e96e3338cad5134769b656b8afd8661ad5aaab9d"
2025-01-30 04:06:09,740 INFO c.h.h.t.HelmChartContainer - [POD] test-hivemq-platform-0 [d6f4a8ff-39e5-4945-9bc5-d22e6734c88b] in helmcontainersecuritycontextupgradeplatformit was MODIFIED
2025-01-30 04:06:09,750 INFO c.h.h.t.HelmChartContainer - [hivemq-test-hivemq-platform] [hivemq-platform-operator] [202a3df5] 04:06:09.745 [pool-6-thread-25] DEBUG c.h.p.o.d.PlatformServiceResource - [helmcont] Desired Platform services (3 services)
2025-01-30 04:06:09,751 INFO c.h.h.t.HelmChartContainer - [POD] test-hivemq-platform-0 [d6f4a8ff-39e5-4945-9bc5-d22e6734c88b] in helmcontainersecuritycontextupgradeplatformit was DELETED
2025-01-30 04:06:09,756 INFO c.h.h.t.HelmChartContainer - [hivemq-test-hivemq-platform] [hivemq-platform-operator] [202a3df5] 04:06:09.751 [pool-6-thread-30] DEBUG c.h.p.o.dependants.PodInfoConfigMap - [helmcont] Desired PodInfo ConfigMap (1 extensions) (1 enabled)
2025-01-30 04:06:09,760 INFO c.h.h.t.HelmChartContainer - [hivemq-test-hivemq-platform] [hivemq-platform-operator] [202a3df5] 04:06:09.758 [pool-6-thread-30] DEBUG c.h.p.o.dependants.PodInfoConfigMap - [helmcont] Desired PodInfo ConfigMap (metrics port: 9399) (metrics path: /)
2025-01-30 04:06:09,761 INFO c.h.h.t.HelmChartContainer - [hivemq-test-hivemq-platform] [hivemq-platform-operator] [202a3df5] 04:06:09.759 [pool-6-thread-30] DEBUG c.h.p.o.dependants.PodInfoConfigMap - [helmcont] Desired PodInfo ConfigMap (extension state hash: -1817474005)
2025-01-30 04:06:09,774 INFO c.h.h.t.HelmChartContainer - [hivemq-test-hivemq-platform] [hivemq-platform-operator] [202a3df5] 04:06:09.765 [pool-6-thread-27] DEBUG c.h.p.o.d.PodServiceAccountResource - [helmcont] Desired PodServiceAccountResource (serviceAccountName: hivemq-platform-pod-test-hivemq-platform)
2025-01-30 04:06:09,774 INFO c.h.h.t.HelmChartContainer - [hivemq-test-hivemq-platform] [hivemq-platform-operator] [202a3df5] 04:06:09.767 [pool-6-thread-30] DEBUG c.h.p.o.d.StatefulSetResource - [helmcont] Desired StatefulSet (2 replicas) for status ROLLING_RESTART (RESTART_PODS_IN_PROGRESS)
2025-01-30 04:06:09,776 INFO c.h.h.t.HelmChartContainer - [POD] test-hivemq-platform-0 [97e3c9ac-13d4-4e1a-91f9-a4231d5c3a6a] in helmcontainersecuritycontextupgradeplatformit was ADDED
2025-01-30 04:06:09,782 INFO c.h.h.t.HelmChartContainer - [EVENT] Normal [SuccessfulCreate] create Pod test-hivemq-platform-0 in StatefulSet test-hivemq-platform successful [helmcontainersecuritycontextupgradeplatformit:test-hivemq-platform]
2025-01-30 04:06:09,784 INFO c.h.h.t.HelmChartContainer - [hivemq-test-hivemq-platform] [hivemq-platform-operator] [202a3df5] 04:06:09.779 [ReconcilerExecutor-hivemq-controller-131] INFO  c.h.p.o.HiveMQPlatformReconciler - [helmcont] Reconciling HiveMQ Platform 'test-hivemq-platform' in namespace 'helmcontainersecuritycontextupgradeplatformit'
2025-01-30 04:06:09,784 INFO c.h.h.t.HelmChartContainer - [hivemq-test-hivemq-platform] [hivemq-platform-operator] [202a3df5] 04:06:09.779 [ReconcilerExecutor-hivemq-controller-131] DEBUG c.h.p.o.HiveMQPlatformReconciler - [helmcont] Custom Resource Status ROLLING_RESTART - HiveMQ Platform is restarting Pods (rolling restart) (RESTART_PODS_IN_PROGRESS)
2025-01-30 04:06:09,784 INFO c.h.h.t.HelmChartContainer - [hivemq-test-hivemq-platform] [hivemq-platform-operator] [202a3df5] 04:06:09.779 [ReconcilerExecutor-hivemq-controller-131] DEBUG c.h.p.o.HiveMQPlatformReconciler - [helmcont] Custom Resource Spec (replicas: 1) (extensions: 1)
2025-01-30 04:06:09,789 INFO c.h.h.t.HelmChartContainer - [K3S] [memory_manager.go:355] "RemoveStaleState removing state" podUID="d6f4a8ff-39e5-4945-9bc5-d22e6734c88b" containerName="hivemq"
2025-01-30 04:06:09,789 INFO c.h.h.t.HelmChartContainer - [POD] test-hivemq-platform-0 [97e3c9ac-13d4-4e1a-91f9-a4231d5c3a6a] in helmcontainersecuritycontextupgradeplatformit was MODIFIED
2025-01-30 04:06:09,794 INFO c.h.h.t.HelmChartContainer - [EVENT] Normal [Scheduled] Successfully assigned helmcontainersecuritycontextupgradeplatformit/test-hivemq-platform-0 to 6c872e703766 [helmcontainersecuritycontextupgradeplatformit:test-hivemq-platform-0]
2025-01-30 04:06:09,806 INFO c.h.h.t.HelmChartContainer - [POD] test-hivemq-platform-0 [97e3c9ac-13d4-4e1a-91f9-a4231d5c3a6a] in helmcontainersecuritycontextupgradeplatformit was MODIFIED
2025-01-30 04:06:09,841 INFO c.h.h.t.HelmChartContainer - [hivemq-test-hivemq-platform] [hivemq-platform-operator] [202a3df5] 04:06:09.834 [ReconcilerExecutor-hivemq-controller-131] DEBUG c.h.p.o.HiveMQPlatformReconciler - [helmcont] StatefulSet Status (revision: test-hivemq-platform-85948b8786, replicas: 2, available: 1, ready: 1, current: 0, updated: 1)
2025-01-30 04:06:09,841 INFO c.h.h.t.HelmChartContainer - [hivemq-test-hivemq-platform] [hivemq-platform-operator] [202a3df5] 04:06:09.835 [ReconcilerExecutor-hivemq-controller-131] DEBUG c.h.p.o.HiveMQPlatformReconciler - [helmcont] StatefulSet Spec (replicas: 2, init containers: 1, containers: 1, volumes: 3)
2025-01-30 04:06:09,841 INFO c.h.h.t.HelmChartContainer - [hivemq-test-hivemq-platform] [hivemq-platform-operator] [202a3df5] 04:06:09.836 [ReconcilerExecutor-hivemq-controller-131] DEBUG c.h.p.o.h.HiveMQPlatformReconcilerErrorHandler - [helmcont] Pod 'test-hivemq-platform-1' phase Running
2025-01-30 04:06:09,841 INFO c.h.h.t.HelmChartContainer - [hivemq-test-hivemq-platform] [hivemq-platform-operator] [202a3df5] 04:06:09.840 [ReconcilerExecutor-hivemq-controller-131] DEBUG c.h.p.o.h.HiveMQPlatformReconcilerErrorHandler - [helmcont] Pod 'test-hivemq-platform-0' phase Pending
2025-01-30 04:06:09,841 INFO c.h.h.t.HelmChartContainer - [hivemq-test-hivemq-platform] [hivemq-platform-operator] [202a3df5] 04:06:09.840 [ReconcilerExecutor-hivemq-controller-131] DEBUG c.h.p.o.h.HiveMQPlatformReconcilerRollingRestartHandler - [helmcont] Rolling restart is waiting for 1 of 2 replicas
2025-01-30 04:06:09,867 INFO c.h.h.t.HelmChartContainer - [hivemq-test-hivemq-platform] [hivemq-platform-operator] [202a3df5] 04:06:09.861 [pool-6-thread-39] DEBUG c.h.p.o.d.PlatformServiceResource - [helmcont] Desired Platform services (3 services)
2025-01-30 04:06:09,867 INFO c.h.h.t.HelmChartContainer - [hivemq-test-hivemq-platform] [hivemq-platform-operator] [202a3df5] 04:06:09.866 [pool-6-thread-40] DEBUG c.h.p.o.d.PodServiceAccountResource - [helmcont] Desired PodServiceAccountResource (serviceAccountName: hivemq-platform-pod-test-hivemq-platform)
2025-01-30 04:06:09,874 INFO c.h.h.t.HelmChartContainer - [K3S] [scope.go:117] "RemoveContainer" containerID="5958a3c4ce4987743a66363fb223c1162849bbc39da11107531223da8ab58fa8"
2025-01-30 04:06:09,877 INFO c.h.h.t.HelmChartContainer - [K3S] [scope.go:117] "RemoveContainer" containerID="de75797e35cf0e8dbe752f32e96e3338cad5134769b656b8afd8661ad5aaab9d"
2025-01-30 04:06:09,878 INFO c.h.h.t.HelmChartContainer - [K3S] [scope.go:117] "RemoveContainer" containerID="5958a3c4ce4987743a66363fb223c1162849bbc39da11107531223da8ab58fa8"
2025-01-30 04:06:09,934 INFO c.h.h.t.HelmChartContainer - [K3S] [reconciler_common.go:251] "operationExecutor.VerifyControllerAttachedVolume started for volume \"operator-init\" (UniqueName: \"kubernetes.io/empty-dir/97e3c9ac-13d4-4e1a-91f9-a4231d5c3a6a-operator-init\") pod \"test-hivemq-platform-0\" (UID: \"97e3c9ac-13d4-4e1a-91f9-a4231d5c3a6a\") " pod="helmcontainersecuritycontextupgradeplatformit/test-hivemq-platform-0"
2025-01-30 04:06:09,934 INFO c.h.h.t.HelmChartContainer - [K3S] [reconciler_common.go:251] "operationExecutor.VerifyControllerAttachedVolume started for volume \"pod-info\" (UniqueName: \"kubernetes.io/configmap/97e3c9ac-13d4-4e1a-91f9-a4231d5c3a6a-pod-info\") pod \"test-hivemq-platform-0\" (UID: \"97e3c9ac-13d4-4e1a-91f9-a4231d5c3a6a\") " pod="helmcontainersecuritycontextupgradeplatformit/test-hivemq-platform-0"
2025-01-30 04:06:09,934 INFO c.h.h.t.HelmChartContainer - [K3S] [reconciler_common.go:251] "operationExecutor.VerifyControllerAttachedVolume started for volume \"kube-api-access-7rx97\" (UniqueName: \"kubernetes.io/projected/97e3c9ac-13d4-4e1a-91f9-a4231d5c3a6a-kube-api-access-7rx97\") pod \"test-hivemq-platform-0\" (UID: \"97e3c9ac-13d4-4e1a-91f9-a4231d5c3a6a\") " pod="helmcontainersecuritycontextupgradeplatformit/test-hivemq-platform-0"
2025-01-30 04:06:09,935 INFO c.h.h.t.HelmChartContainer - [K3S] [reconciler_common.go:251] "operationExecutor.VerifyControllerAttachedVolume started for volume \"broker-configuration\" (UniqueName: \"kubernetes.io/configmap/97e3c9ac-13d4-4e1a-91f9-a4231d5c3a6a-broker-configuration\") pod \"test-hivemq-platform-0\" (UID: \"97e3c9ac-13d4-4e1a-91f9-a4231d5c3a6a\") " pod="helmcontainersecuritycontextupgradeplatformit/test-hivemq-platform-0"
2025-01-30 04:06:09,935 INFO c.h.h.t.HelmChartContainer - [hivemq-test-hivemq-platform] [hivemq-platform-operator] [202a3df5] 04:06:09.864 [pool-6-thread-32] DEBUG c.h.p.o.dependants.PodInfoConfigMap - [helmcont] Desired PodInfo ConfigMap (1 extensions) (1 enabled)
2025-01-30 04:06:09,935 INFO c.h.h.t.HelmChartContainer - [hivemq-test-hivemq-platform] [hivemq-platform-operator] [202a3df5] 04:06:09.933 [pool-6-thread-32] DEBUG c.h.p.o.dependants.PodInfoConfigMap - [helmcont] Desired PodInfo ConfigMap (metrics port: 9399) (metrics path: /)
2025-01-30 04:06:09,935 INFO c.h.h.t.HelmChartContainer - [hivemq-test-hivemq-platform] [hivemq-platform-operator] [202a3df5] 04:06:09.933 [pool-6-thread-32] DEBUG c.h.p.o.dependants.PodInfoConfigMap - [helmcont] Desired PodInfo ConfigMap (extension state hash: -1817474005)
2025-01-30 04:06:09,939 INFO c.h.h.t.HelmChartContainer - [hivemq-test-hivemq-platform] [hivemq-platform-operator] [202a3df5] 04:06:09.938 [pool-6-thread-33] DEBUG c.h.p.o.d.StatefulSetResource - [helmcont] Desired StatefulSet (2 replicas) for status ROLLING_RESTART (RESTART_PODS_IN_PROGRESS)
2025-01-30 04:06:09,954 INFO c.h.h.t.HelmChartContainer - [hivemq-test-hivemq-platform] [hivemq-platform-operator] [202a3df5] 04:06:09.952 [ReconcilerExecutor-hivemq-controller-134] INFO  c.h.p.o.HiveMQPlatformReconciler - [helmcont] Reconciling HiveMQ Platform 'test-hivemq-platform' in namespace 'helmcontainersecuritycontextupgradeplatformit'
2025-01-30 04:06:09,955 INFO c.h.h.t.HelmChartContainer - [hivemq-test-hivemq-platform] [hivemq-platform-operator] [202a3df5] 04:06:09.953 [ReconcilerExecutor-hivemq-controller-134] DEBUG c.h.p.o.HiveMQPlatformReconciler - [helmcont] Custom Resource Status ROLLING_RESTART - HiveMQ Platform is restarting Pods (rolling restart) (RESTART_PODS_IN_PROGRESS)
2025-01-30 04:06:09,955 INFO c.h.h.t.HelmChartContainer - [hivemq-test-hivemq-platform] [hivemq-platform-operator] [202a3df5] 04:06:09.953 [ReconcilerExecutor-hivemq-controller-134] DEBUG c.h.p.o.HiveMQPlatformReconciler - [helmcont] Custom Resource Spec (replicas: 1) (extensions: 1)
2025-01-30 04:06:09,957 INFO c.h.h.t.HelmChartContainer - [hivemq-test-hivemq-platform] [hivemq-platform-operator] [202a3df5] 04:06:09.956 [ReconcilerExecutor-hivemq-controller-134] DEBUG c.h.p.o.HiveMQPlatformReconciler - [helmcont] StatefulSet Status (revision: test-hivemq-platform-85948b8786, replicas: 2, available: 1, ready: 1, current: 0, updated: 2)
2025-01-30 04:06:09,958 INFO c.h.h.t.HelmChartContainer - [hivemq-test-hivemq-platform] [hivemq-platform-operator] [202a3df5] 04:06:09.956 [ReconcilerExecutor-hivemq-controller-134] DEBUG c.h.p.o.HiveMQPlatformReconciler - [helmcont] StatefulSet Spec (replicas: 2, init containers: 1, containers: 1, volumes: 3)
2025-01-30 04:06:09,958 INFO c.h.h.t.HelmChartContainer - [hivemq-test-hivemq-platform] [hivemq-platform-operator] [202a3df5] 04:06:09.957 [ReconcilerExecutor-hivemq-controller-134] DEBUG c.h.p.o.h.HiveMQPlatformReconcilerErrorHandler - [helmcont] Pod 'test-hivemq-platform-1' phase Running
2025-01-30 04:06:09,960 INFO c.h.h.t.HelmChartContainer - [hivemq-test-hivemq-platform] [hivemq-platform-operator] [202a3df5] 04:06:09.958 [ReconcilerExecutor-hivemq-controller-134] DEBUG c.h.p.o.h.HiveMQPlatformReconcilerErrorHandler - [helmcont] Pod 'test-hivemq-platform-0' phase Pending
2025-01-30 04:06:09,961 INFO c.h.h.t.HelmChartContainer - [hivemq-test-hivemq-platform] [hivemq-platform-operator] [202a3df5] 04:06:09.959 [ReconcilerExecutor-hivemq-controller-134] DEBUG c.h.p.o.h.HiveMQPlatformReconcilerErrorHandler - [helmcont] Pod 'test-hivemq-platform-0' condition 'PodReadyToStartContainers': False
2025-01-30 04:06:09,961 INFO c.h.h.t.HelmChartContainer - [hivemq-test-hivemq-platform] [hivemq-platform-operator] [202a3df5] 04:06:09.959 [ReconcilerExecutor-hivemq-controller-134] DEBUG c.h.p.o.h.HiveMQPlatformReconcilerErrorHandler - [helmcont] Pod 'test-hivemq-platform-0' condition 'Initialized': False
2025-01-30 04:06:09,961 INFO c.h.h.t.HelmChartContainer - [hivemq-test-hivemq-platform] [hivemq-platform-operator] [202a3df5] 04:06:09.959 [ReconcilerExecutor-hivemq-controller-134] DEBUG c.h.p.o.h.HiveMQPlatformReconcilerErrorHandler - [helmcont] Pod 'test-hivemq-platform-0' condition 'Ready': False
2025-01-30 04:06:09,961 INFO c.h.h.t.HelmChartContainer - [hivemq-test-hivemq-platform] [hivemq-platform-operator] [202a3df5] 04:06:09.959 [ReconcilerExecutor-hivemq-controller-134] DEBUG c.h.p.o.h.HiveMQPlatformReconcilerErrorHandler - [helmcont] Pod 'test-hivemq-platform-0' condition 'ContainersReady': False
2025-01-30 04:06:09,961 INFO c.h.h.t.HelmChartContainer - [hivemq-test-hivemq-platform] [hivemq-platform-operator] [202a3df5] 04:06:09.959 [ReconcilerExecutor-hivemq-controller-134] DEBUG c.h.p.o.h.HiveMQPlatformReconcilerErrorHandler - [helmcont] Pod 'test-hivemq-platform-0' condition 'PodScheduled': True
2025-01-30 04:06:09,961 INFO c.h.h.t.HelmChartContainer - [hivemq-test-hivemq-platform] [hivemq-platform-operator] [202a3df5] 04:06:09.959 [ReconcilerExecutor-hivemq-controller-134] DEBUG c.h.p.o.h.HiveMQPlatformReconcilerErrorHandler - [helmcont] Pod 'test-hivemq-platform-0' containerStatus 'hivemq' (started: false) (ready: false) (waiting: [PodInitializing] null)
2025-01-30 04:06:09,961 INFO c.h.h.t.HelmChartContainer - [hivemq-test-hivemq-platform] [hivemq-platform-operator] [202a3df5] 04:06:09.959 [ReconcilerExecutor-hivemq-controller-134] DEBUG c.h.p.o.h.HiveMQPlatformReconcilerRollingRestartHandler - [helmcont] Rolling restart is waiting for 1 of 2 replicas
2025-01-30 04:06:09,965 INFO c.h.h.t.HelmChartContainer - [hivemq-test-hivemq-platform] [hivemq-platform-operator] [202a3df5] 04:06:09.963 [pool-6-thread-50] DEBUG c.h.p.o.d.PlatformServiceResource - [helmcont] Desired Platform services (3 services)
2025-01-30 04:06:09,965 INFO c.h.h.t.HelmChartContainer - [hivemq-test-hivemq-platform] [hivemq-platform-operator] [202a3df5] 04:06:09.963 [pool-6-thread-44] DEBUG c.h.p.o.d.PodServiceAccountResource - [helmcont] Desired PodServiceAccountResource (serviceAccountName: hivemq-platform-pod-test-hivemq-platform)
2025-01-30 04:06:09,966 INFO c.h.h.t.HelmChartContainer - [hivemq-test-hivemq-platform] [hivemq-platform-operator] [202a3df5] 04:06:09.964 [pool-6-thread-42] DEBUG c.h.p.o.dependants.PodInfoConfigMap - [helmcont] Desired PodInfo ConfigMap (1 extensions) (1 enabled)
2025-01-30 04:06:09,966 INFO c.h.h.t.HelmChartContainer - [hivemq-test-hivemq-platform] [hivemq-platform-operator] [202a3df5] 04:06:09.964 [pool-6-thread-42] DEBUG c.h.p.o.dependants.PodInfoConfigMap - [helmcont] Desired PodInfo ConfigMap (metrics port: 9399) (metrics path: /)
2025-01-30 04:06:09,966 INFO c.h.h.t.HelmChartContainer - [hivemq-test-hivemq-platform] [hivemq-platform-operator] [202a3df5] 04:06:09.964 [pool-6-thread-42] DEBUG c.h.p.o.dependants.PodInfoConfigMap - [helmcont] Desired PodInfo ConfigMap (extension state hash: -1817474005)
2025-01-30 04:06:10,036 INFO c.h.h.t.HelmChartContainer - [hivemq-test-hivemq-platform] [hivemq-platform-operator] [202a3df5] 04:06:10.034 [pool-6-thread-50] DEBUG c.h.p.o.d.StatefulSetResource - [helmcont] Desired StatefulSet (2 replicas) for status ROLLING_RESTART (RESTART_PODS_IN_PROGRESS)
2025-01-30 04:06:10,038 INFO c.h.h.t.HelmChartContainer - [hivemq-test-hivemq-platform] [hivemq-platform-operator] [202a3df5] 04:06:10.037 [ReconcilerExecutor-hivemq-controller-135] INFO  c.h.p.o.HiveMQPlatformReconciler - [helmcont] Reconciling HiveMQ Platform 'test-hivemq-platform' in namespace 'helmcontainersecuritycontextupgradeplatformit'
2025-01-30 04:06:10,039 INFO c.h.h.t.HelmChartContainer - [hivemq-test-hivemq-platform] [hivemq-platform-operator] [202a3df5] 04:06:10.038 [ReconcilerExecutor-hivemq-controller-135] DEBUG c.h.p.o.HiveMQPlatformReconciler - [helmcont] Custom Resource Status ROLLING_RESTART - HiveMQ Platform is restarting Pods (rolling restart) (RESTART_PODS_IN_PROGRESS)
2025-01-30 04:06:10,040 INFO c.h.h.t.HelmChartContainer - [hivemq-test-hivemq-platform] [hivemq-platform-operator] [202a3df5] 04:06:10.038 [ReconcilerExecutor-hivemq-controller-135] DEBUG c.h.p.o.HiveMQPlatformReconciler - [helmcont] Custom Resource Spec (replicas: 1) (extensions: 1)
2025-01-30 04:06:10,054 INFO c.h.h.t.HelmChartContainer - [hivemq-test-hivemq-platform] [hivemq-platform-operator] [202a3df5] 04:06:10.053 [ReconcilerExecutor-hivemq-controller-135] DEBUG c.h.p.o.HiveMQPlatformReconciler - [helmcont] StatefulSet Status (revision: test-hivemq-platform-85948b8786, replicas: 2, available: 1, ready: 1, current: 0, updated: 2)
2025-01-30 04:06:10,054 INFO c.h.h.t.HelmChartContainer - [hivemq-test-hivemq-platform] [hivemq-platform-operator] [202a3df5] 04:06:10.053 [ReconcilerExecutor-hivemq-controller-135] DEBUG c.h.p.o.HiveMQPlatformReconciler - [helmcont] StatefulSet Spec (replicas: 2, init containers: 1, containers: 1, volumes: 3)
2025-01-30 04:06:10,055 INFO c.h.h.t.HelmChartContainer - [hivemq-test-hivemq-platform] [hivemq-platform-operator] [202a3df5] 04:06:10.054 [ReconcilerExecutor-hivemq-controller-135] DEBUG c.h.p.o.h.HiveMQPlatformReconcilerErrorHandler - [helmcont] Pod 'test-hivemq-platform-1' phase Running
2025-01-30 04:06:10,056 INFO c.h.h.t.HelmChartContainer - [hivemq-test-hivemq-platform] [hivemq-platform-operator] [202a3df5] 04:06:10.055 [ReconcilerExecutor-hivemq-controller-135] DEBUG c.h.p.o.h.HiveMQPlatformReconcilerErrorHandler - [helmcont] Pod 'test-hivemq-platform-0' phase Pending
2025-01-30 04:06:10,057 INFO c.h.h.t.HelmChartContainer - [hivemq-test-hivemq-platform] [hivemq-platform-operator] [202a3df5] 04:06:10.055 [ReconcilerExecutor-hivemq-controller-135] DEBUG c.h.p.o.h.HiveMQPlatformReconcilerErrorHandler - [helmcont] Pod 'test-hivemq-platform-0' condition 'PodReadyToStartContainers': False
2025-01-30 04:06:10,057 INFO c.h.h.t.HelmChartContainer - [hivemq-test-hivemq-platform] [hivemq-platform-operator] [202a3df5] 04:06:10.056 [ReconcilerExecutor-hivemq-controller-135] DEBUG c.h.p.o.h.HiveMQPlatformReconcilerErrorHandler - [helmcont] Pod 'test-hivemq-platform-0' condition 'Initialized': False
2025-01-30 04:06:10,057 INFO c.h.h.t.HelmChartContainer - [hivemq-test-hivemq-platform] [hivemq-platform-operator] [202a3df5] 04:06:10.056 [ReconcilerExecutor-hivemq-controller-135] DEBUG c.h.p.o.h.HiveMQPlatformReconcilerErrorHandler - [helmcont] Pod 'test-hivemq-platform-0' condition 'Ready': False
2025-01-30 04:06:10,057 INFO c.h.h.t.HelmChartContainer - [hivemq-test-hivemq-platform] [hivemq-platform-operator] [202a3df5] 04:06:10.056 [ReconcilerExecutor-hivemq-controller-135] DEBUG c.h.p.o.h.HiveMQPlatformReconcilerErrorHandler - [helmcont] Pod 'test-hivemq-platform-0' condition 'ContainersReady': False
2025-01-30 04:06:10,058 INFO c.h.h.t.HelmChartContainer - [hivemq-test-hivemq-platform] [hivemq-platform-operator] [202a3df5] 04:06:10.056 [ReconcilerExecutor-hivemq-controller-135] DEBUG c.h.p.o.h.HiveMQPlatformReconcilerErrorHandler - [helmcont] Pod 'test-hivemq-platform-0' condition 'PodScheduled': True
2025-01-30 04:06:10,058 INFO c.h.h.t.HelmChartContainer - [hivemq-test-hivemq-platform] [hivemq-platform-operator] [202a3df5] 04:06:10.056 [ReconcilerExecutor-hivemq-controller-135] DEBUG c.h.p.o.h.HiveMQPlatformReconcilerErrorHandler - [helmcont] Pod 'test-hivemq-platform-0' containerStatus 'hivemq' (started: false) (ready: false) (waiting: [PodInitializing] null)
2025-01-30 04:06:10,058 INFO c.h.h.t.HelmChartContainer - [hivemq-test-hivemq-platform] [hivemq-platform-operator] [202a3df5] 04:06:10.056 [ReconcilerExecutor-hivemq-controller-135] DEBUG c.h.p.o.h.HiveMQPlatformReconcilerRollingRestartHandler - [helmcont] Rolling restart is waiting for 1 of 2 replicas
2025-01-30 04:06:10,187 INFO c.h.h.t.HelmChartContainer - [EVENT] Normal [Pulled] Container image "docker.io/hivemq/hivemq-platform-operator-init-test:snapshot" already present on machine [helmcontainersecuritycontextupgradeplatformit:test-hivemq-platform-0]
2025-01-30 04:06:10,192 INFO c.h.h.t.HelmChartContainer - [EVENT] Normal [Created] Created container: hivemq-platform-operator-init [helmcontainersecuritycontextupgradeplatformit:test-hivemq-platform-0]
2025-01-30 04:06:10,232 INFO c.h.h.t.HelmChartContainer - [EVENT] Normal [Started] Started container hivemq-platform-operator-init [helmcontainersecuritycontextupgradeplatformit:test-hivemq-platform-0]
2025-01-30 04:06:10,737 INFO c.h.h.t.HelmChartContainer - [EVENT] Normal [Pulled] Container image "docker.io/hivemq/hivemq4:4.36.0" already present on machine [helmcontainersecuritycontextupgradeplatformit:test-hivemq-platform-0]
2025-01-30 04:06:10,738 INFO c.h.h.t.HelmChartContainer - Received Pulled event for container hivemq in pod test-hivemq-platform-0 [97e3c9ac-13d4-4e1a-91f9-a4231d5c3a6a]
2025-01-30 04:06:10,742 INFO c.h.h.t.HelmChartContainer - [POD] test-hivemq-platform-0 [97e3c9ac-13d4-4e1a-91f9-a4231d5c3a6a] in helmcontainersecuritycontextupgradeplatformit was MODIFIED
2025-01-30 04:06:10,779 INFO c.h.h.t.HelmChartContainer - [EVENT] Normal [Created] Created container: hivemq [helmcontainersecuritycontextupgradeplatformit:test-hivemq-platform-0]
2025-01-30 04:06:10,780 INFO c.h.h.t.HelmChartContainer - Received Created event for container hivemq in pod test-hivemq-platform-0 [97e3c9ac-13d4-4e1a-91f9-a4231d5c3a6a]
2025-01-30 04:06:10,781 INFO c.h.h.t.HelmChartContainer - [hivemq-test-hivemq-platform] [hivemq-platform-operator] [202a3df5] 04:06:10.764 [pool-6-thread-5] DEBUG c.h.p.o.d.PlatformServiceResource - [helmcont] Desired Platform services (3 services)
2025-01-30 04:06:10,781 INFO c.h.h.t.HelmChartContainer - [hivemq-test-hivemq-platform] [hivemq-platform-operator] [202a3df5] 04:06:10.768 [pool-6-thread-10] DEBUG c.h.p.o.dependants.PodInfoConfigMap - [helmcont] Desired PodInfo ConfigMap (1 extensions) (1 enabled)
2025-01-30 04:06:10,781 INFO c.h.h.t.HelmChartContainer - [hivemq-test-hivemq-platform] [hivemq-platform-operator] [202a3df5] 04:06:10.768 [pool-6-thread-10] DEBUG c.h.p.o.dependants.PodInfoConfigMap - [helmcont] Desired PodInfo ConfigMap (metrics port: 9399) (metrics path: /)
2025-01-30 04:06:10,781 INFO c.h.h.t.HelmChartContainer - [hivemq-test-hivemq-platform] [hivemq-platform-operator] [202a3df5] 04:06:10.768 [pool-6-thread-10] DEBUG c.h.p.o.dependants.PodInfoConfigMap - [helmcont] Desired PodInfo ConfigMap (extension state hash: -1817474005)
2025-01-30 04:06:10,781 INFO c.h.h.t.HelmChartContainer - [hivemq-test-hivemq-platform] [hivemq-platform-operator] [202a3df5] 04:06:10.770 [pool-6-thread-10] DEBUG c.h.p.o.d.PodServiceAccountResource - [helmcont] Desired PodServiceAccountResource (serviceAccountName: hivemq-platform-pod-test-hivemq-platform)
2025-01-30 04:06:10,781 INFO c.h.h.t.HelmChartContainer - [hivemq-test-hivemq-platform] [hivemq-platform-operator] [202a3df5] 04:06:10.775 [pool-6-thread-1] DEBUG c.h.p.o.d.StatefulSetResource - [helmcont] Desired StatefulSet (2 replicas) for status ROLLING_RESTART (RESTART_PODS_IN_PROGRESS)
2025-01-30 04:06:10,836 INFO c.h.h.t.HelmChartContainer - [hivemq-test-hivemq-platform] [hivemq-platform-operator] [202a3df5] 04:06:10.834 [ReconcilerExecutor-hivemq-controller-136] INFO  c.h.p.o.HiveMQPlatformReconciler - [helmcont] Reconciling HiveMQ Platform 'test-hivemq-platform' in namespace 'helmcontainersecuritycontextupgradeplatformit'
2025-01-30 04:06:10,836 INFO c.h.h.t.HelmChartContainer - [hivemq-test-hivemq-platform] [hivemq-platform-operator] [202a3df5] 04:06:10.834 [ReconcilerExecutor-hivemq-controller-136] DEBUG c.h.p.o.HiveMQPlatformReconciler - [helmcont] Custom Resource Status ROLLING_RESTART - HiveMQ Platform is restarting Pods (rolling restart) (RESTART_PODS_IN_PROGRESS)
2025-01-30 04:06:10,836 INFO c.h.h.t.HelmChartContainer - [hivemq-test-hivemq-platform] [hivemq-platform-operator] [202a3df5] 04:06:10.834 [ReconcilerExecutor-hivemq-controller-136] DEBUG c.h.p.o.HiveMQPlatformReconciler - [helmcont] Custom Resource Spec (replicas: 1) (extensions: 1)
2025-01-30 04:06:10,837 INFO c.h.h.t.HelmChartContainer - [hivemq-test-hivemq-platform] [hivemq-platform-operator] [202a3df5] 04:06:10.837 [ReconcilerExecutor-hivemq-controller-136] DEBUG c.h.p.o.HiveMQPlatformReconciler - [helmcont] StatefulSet Status (revision: test-hivemq-platform-85948b8786, replicas: 2, available: 1, ready: 1, current: 0, updated: 2)
2025-01-30 04:06:10,837 INFO c.h.h.t.HelmChartContainer - [hivemq-test-hivemq-platform] [hivemq-platform-operator] [202a3df5] 04:06:10.837 [ReconcilerExecutor-hivemq-controller-136] DEBUG c.h.p.o.HiveMQPlatformReconciler - [helmcont] StatefulSet Spec (replicas: 2, init containers: 1, containers: 1, volumes: 3)
2025-01-30 04:06:10,854 INFO c.h.h.t.HelmChartContainer - [hivemq-test-hivemq-platform] [hivemq-platform-operator] [202a3df5] 04:06:10.853 [ReconcilerExecutor-hivemq-controller-136] DEBUG c.h.p.o.h.HiveMQPlatformReconcilerErrorHandler - [helmcont] Pod 'test-hivemq-platform-1' phase Running
2025-01-30 04:06:10,855 INFO c.h.h.t.HelmChartContainer - [hivemq-test-hivemq-platform] [hivemq-platform-operator] [202a3df5] 04:06:10.854 [ReconcilerExecutor-hivemq-controller-136] DEBUG c.h.p.o.h.HiveMQPlatformReconcilerErrorHandler - [helmcont] Pod 'test-hivemq-platform-0' phase Pending
2025-01-30 04:06:10,855 INFO c.h.h.t.HelmChartContainer - [hivemq-test-hivemq-platform] [hivemq-platform-operator] [202a3df5] 04:06:10.854 [ReconcilerExecutor-hivemq-controller-136] DEBUG c.h.p.o.h.HiveMQPlatformReconcilerErrorHandler - [helmcont] Pod 'test-hivemq-platform-0' condition 'PodReadyToStartContainers': True
2025-01-30 04:06:10,855 INFO c.h.h.t.HelmChartContainer - [hivemq-test-hivemq-platform] [hivemq-platform-operator] [202a3df5] 04:06:10.854 [ReconcilerExecutor-hivemq-controller-136] DEBUG c.h.p.o.h.HiveMQPlatformReconcilerErrorHandler - [helmcont] Pod 'test-hivemq-platform-0' condition 'Initialized': True
2025-01-30 04:06:10,855 INFO c.h.h.t.HelmChartContainer - [hivemq-test-hivemq-platform] [hivemq-platform-operator] [202a3df5] 04:06:10.854 [ReconcilerExecutor-hivemq-controller-136] DEBUG c.h.p.o.h.HiveMQPlatformReconcilerErrorHandler - [helmcont] Pod 'test-hivemq-platform-0' condition 'Ready': False
2025-01-30 04:06:10,856 INFO c.h.h.t.HelmChartContainer - [hivemq-test-hivemq-platform] [hivemq-platform-operator] [202a3df5] 04:06:10.854 [ReconcilerExecutor-hivemq-controller-136] DEBUG c.h.p.o.h.HiveMQPlatformReconcilerErrorHandler - [helmcont] Pod 'test-hivemq-platform-0' condition 'ContainersReady': False
2025-01-30 04:06:10,856 INFO c.h.h.t.HelmChartContainer - [hivemq-test-hivemq-platform] [hivemq-platform-operator] [202a3df5] 04:06:10.854 [ReconcilerExecutor-hivemq-controller-136] DEBUG c.h.p.o.h.HiveMQPlatformReconcilerErrorHandler - [helmcont] Pod 'test-hivemq-platform-0' condition 'PodScheduled': True
2025-01-30 04:06:10,856 INFO c.h.h.t.HelmChartContainer - [hivemq-test-hivemq-platform] [hivemq-platform-operator] [202a3df5] 04:06:10.854 [ReconcilerExecutor-hivemq-controller-136] DEBUG c.h.p.o.h.HiveMQPlatformReconcilerErrorHandler - [helmcont] Pod 'test-hivemq-platform-0' containerStatus 'hivemq' (started: false) (ready: false) (waiting: [PodInitializing] null)
2025-01-30 04:06:10,856 INFO c.h.h.t.HelmChartContainer - [hivemq-test-hivemq-platform] [hivemq-platform-operator] [202a3df5] 04:06:10.855 [ReconcilerExecutor-hivemq-controller-136] DEBUG c.h.p.o.h.HiveMQPlatformReconcilerRollingRestartHandler - [helmcont] Rolling restart is waiting for 1 of 2 replicas
2025-01-30 04:06:11,145 INFO c.h.h.t.HelmChartContainer - [K3S] [kubelet_volumes.go:163] "Cleaned up orphaned pod volumes dir" podUID="d6f4a8ff-39e5-4945-9bc5-d22e6734c88b" path="/var/lib/kubelet/pods/d6f4a8ff-39e5-4945-9bc5-d22e6734c88b/volumes"
2025-01-30 04:06:11,744 INFO c.h.h.t.HelmChartContainer - [POD] test-hivemq-platform-0 [97e3c9ac-13d4-4e1a-91f9-a4231d5c3a6a] in helmcontainersecuritycontextupgradeplatformit was MODIFIED
2025-01-30 04:06:11,749 INFO c.h.h.t.HelmChartContainer - [hivemq-test-hivemq-platform] [hivemq-platform-operator] [202a3df5] 04:06:11.747 [pool-6-thread-14] DEBUG c.h.p.o.d.PlatformServiceResource - [helmcont] Desired Platform services (3 services)
2025-01-30 04:06:11,749 INFO c.h.h.t.HelmChartContainer - [hivemq-test-hivemq-platform] [hivemq-platform-operator] [202a3df5] 04:06:11.748 [pool-6-thread-15] DEBUG c.h.p.o.dependants.PodInfoConfigMap - [helmcont] Desired PodInfo ConfigMap (1 extensions) (1 enabled)
2025-01-30 04:06:11,749 INFO c.h.h.t.HelmChartContainer - [hivemq-test-hivemq-platform] [hivemq-platform-operator] [202a3df5] 04:06:11.748 [pool-6-thread-15] DEBUG c.h.p.o.dependants.PodInfoConfigMap - [helmcont] Desired PodInfo ConfigMap (metrics port: 9399) (metrics path: /)
2025-01-30 04:06:11,749 INFO c.h.h.t.HelmChartContainer - [hivemq-test-hivemq-platform] [hivemq-platform-operator] [202a3df5] 04:06:11.748 [pool-6-thread-15] DEBUG c.h.p.o.dependants.PodInfoConfigMap - [helmcont] Desired PodInfo ConfigMap (extension state hash: -1817474005)
2025-01-30 04:06:11,750 INFO c.h.h.t.HelmChartContainer - [hivemq-test-hivemq-platform] [hivemq-platform-operator] [202a3df5] 04:06:11.748 [pool-6-thread-15] DEBUG c.h.p.o.d.PodServiceAccountResource - [helmcont] Desired PodServiceAccountResource (serviceAccountName: hivemq-platform-pod-test-hivemq-platform)
2025-01-30 04:06:11,752 INFO c.h.h.t.HelmChartContainer - [EVENT] Normal [Started] Started container hivemq [helmcontainersecuritycontextupgradeplatformit:test-hivemq-platform-0]
2025-01-30 04:06:11,752 INFO c.h.h.t.HelmChartContainer - Started log watcher for hivemq in pod test-hivemq-platform-0 [97e3c9ac-13d4-4e1a-91f9-a4231d5c3a6a]
2025-01-30 04:06:11,753 INFO c.h.h.t.HelmChartContainer - [test-hivemq-platform] [hivemq] [97e3c9ac] Adding pre-installed HiveMQ Platform Operator extensions
2025-01-30 04:06:11,753 INFO c.h.h.t.HelmChartContainer - [test-hivemq-platform] [hivemq] [97e3c9ac] Running as user 10000
2025-01-30 04:06:11,753 INFO c.h.h.t.HelmChartContainer - [test-hivemq-platform] [hivemq] [97e3c9ac] Starting HiveMQ Platform Operator Init
2025-01-30 04:06:11,753 INFO c.h.h.t.HelmChartContainer - Received Started event for container hivemq in pod test-hivemq-platform-0 [97e3c9ac-13d4-4e1a-91f9-a4231d5c3a6a]
2025-01-30 04:06:11,757 INFO c.h.h.t.HelmChartContainer - [hivemq-test-hivemq-platform] [hivemq-platform-operator] [202a3df5] 04:06:11.756 [pool-6-thread-14] DEBUG c.h.p.o.d.StatefulSetResource - [helmcont] Desired StatefulSet (2 replicas) for status ROLLING_RESTART (RESTART_PODS_IN_PROGRESS)
2025-01-30 04:06:11,761 INFO c.h.h.t.HelmChartContainer - [hivemq-test-hivemq-platform] [hivemq-platform-operator] [202a3df5] 04:06:11.760 [ReconcilerExecutor-hivemq-controller-137] INFO  c.h.p.o.HiveMQPlatformReconciler - [helmcont] Reconciling HiveMQ Platform 'test-hivemq-platform' in namespace 'helmcontainersecuritycontextupgradeplatformit'
2025-01-30 04:06:11,761 INFO c.h.h.t.HelmChartContainer - [hivemq-test-hivemq-platform] [hivemq-platform-operator] [202a3df5] 04:06:11.760 [ReconcilerExecutor-hivemq-controller-137] DEBUG c.h.p.o.HiveMQPlatformReconciler - [helmcont] Custom Resource Status ROLLING_RESTART - HiveMQ Platform is restarting Pods (rolling restart) (RESTART_PODS_IN_PROGRESS)
2025-01-30 04:06:11,761 INFO c.h.h.t.HelmChartContainer - [hivemq-test-hivemq-platform] [hivemq-platform-operator] [202a3df5] 04:06:11.760 [ReconcilerExecutor-hivemq-controller-137] DEBUG c.h.p.o.HiveMQPlatformReconciler - [helmcont] Custom Resource Spec (replicas: 1) (extensions: 1)
2025-01-30 04:06:11,762 INFO c.h.h.t.HelmChartContainer - [hivemq-test-hivemq-platform] [hivemq-platform-operator] [202a3df5] 04:06:11.761 [ReconcilerExecutor-hivemq-controller-137] DEBUG c.h.p.o.HiveMQPlatformReconciler - [helmcont] StatefulSet Status (revision: test-hivemq-platform-85948b8786, replicas: 2, available: 1, ready: 1, current: 0, updated: 2)
2025-01-30 04:06:11,763 INFO c.h.h.t.HelmChartContainer - [hivemq-test-hivemq-platform] [hivemq-platform-operator] [202a3df5] 04:06:11.762 [ReconcilerExecutor-hivemq-controller-137] DEBUG c.h.p.o.HiveMQPlatformReconciler - [helmcont] StatefulSet Spec (replicas: 2, init containers: 1, containers: 1, volumes: 3)
2025-01-30 04:06:11,765 INFO c.h.h.t.HelmChartContainer - [hivemq-test-hivemq-platform] [hivemq-platform-operator] [202a3df5] 04:06:11.763 [ReconcilerExecutor-hivemq-controller-137] DEBUG c.h.p.o.h.HiveMQPlatformReconcilerErrorHandler - [helmcont] Pod 'test-hivemq-platform-1' phase Running
2025-01-30 04:06:11,765 INFO c.h.h.t.HelmChartContainer - [hivemq-test-hivemq-platform] [hivemq-platform-operator] [202a3df5] 04:06:11.764 [ReconcilerExecutor-hivemq-controller-137] DEBUG c.h.p.o.h.HiveMQPlatformReconcilerErrorHandler - [helmcont] Pod 'test-hivemq-platform-0' phase Running
2025-01-30 04:06:11,766 INFO c.h.h.t.HelmChartContainer - [hivemq-test-hivemq-platform] [hivemq-platform-operator] [202a3df5] 04:06:11.764 [ReconcilerExecutor-hivemq-controller-137] DEBUG c.h.p.o.h.HiveMQPlatformReconcilerRollingRestartHandler - [helmcont] Rolling restart is waiting for 1 of 2 replicas
2025-01-30 04:06:11,981 INFO c.h.h.t.HelmChartContainer - [test-hivemq-platform] [hivemq] [97e3c9ac] INFO  - [HiveMQ Platform Operator Init 1.7.0-SNAPSHOT] HiveMQ Platform Operator Init 1.7.0-SNAPSHOT (commit: 47e3375 on branch: HEAD) built on Thu Jan 30 03:55:50 UTC 2025
2025-01-30 04:06:13,187 INFO c.h.h.t.HelmChartContainer - [test-hivemq-platform] [hivemq] [97e3c9ac] INFO  - [HiveMQ Platform Operator Init App 1.7.0-SNAPSHOT] Using bind address 10.42.0.12 from environment variable
2025-01-30 04:06:13,994 INFO c.h.h.t.HelmChartContainer - [test-hivemq-platform] [hivemq] [97e3c9ac] INFO  - [HiveMQ Platform Operator Init App 1.7.0-SNAPSHOT] HiveMQ Platform Operator Init App 1.7.0-SNAPSHOT (commit: 47e3375 on branch: HEAD) built on Thu Jan 30 03:55:50 UTC 2025
2025-01-30 04:06:13,995 INFO c.h.h.t.HelmChartContainer - [test-hivemq-platform] [hivemq] [97e3c9ac] INFO  - [HiveMQ Platform Operator Init App 1.7.0-SNAPSHOT] PodInfo ConfigMap directory: /etc/podinfo
2025-01-30 04:06:13,995 INFO c.h.h.t.HelmChartContainer - [test-hivemq-platform] [hivemq] [97e3c9ac] INFO  - [HiveMQ Platform Operator Init App 1.7.0-SNAPSHOT] HiveMQ home directory: /opt/hivemq
2025-01-30 04:06:13,996 INFO c.h.h.t.HelmChartContainer - [test-hivemq-platform] [hivemq] [97e3c9ac] INFO  - [HiveMQ Platform Operator Init App 1.7.0-SNAPSHOT] HiveMQ Logback folder: /opt/hivemq/conf
2025-01-30 04:06:13,996 INFO c.h.h.t.HelmChartContainer - [test-hivemq-platform] [hivemq] [97e3c9ac] INFO  - [HiveMQ Platform Operator Init App 1.7.0-SNAPSHOT] HiveMQ Config folder: /opt/hivemq/conf-k8s
2025-01-30 04:06:13,996 INFO c.h.h.t.HelmChartContainer - [test-hivemq-platform] [hivemq] [97e3c9ac] INFO  - [HiveMQ Platform Operator Init App 1.7.0-SNAPSHOT] Starting HiveMQ Platform Operator Init App
2025-01-30 04:06:13,996 INFO c.h.h.t.HelmChartContainer - [test-hivemq-platform] [hivemq] [97e3c9ac] INFO  - [HiveMQ Platform Operator Init App 1.7.0-SNAPSHOT] Starting Pod reconciler
2025-01-30 04:06:15,285 INFO c.h.h.t.HelmChartContainer - [test-hivemq-platform] [hivemq] [97e3c9ac] INFO  - [HiveMQ Platform Operator Init App 1.7.0-SNAPSHOT] Pod reconciler is scheduled (interval: 5000 ms)
2025-01-30 04:06:15,286 INFO c.h.h.t.HelmChartContainer - [test-hivemq-platform] [hivemq] [97e3c9ac] INFO  - [HiveMQ Platform Operator Init App 1.7.0-SNAPSHOT] Starting the REST API on 10.42.0.12:7979
2025-01-30 04:06:15,288 INFO c.h.h.t.HelmChartContainer - [test-hivemq-platform] [hivemq] [97e3c9ac] INFO  - [HiveMQ Platform Operator Init App 1.7.0-SNAPSHOT] Waiting up to 600s for at most 2 HiveMQ nodes in cluster service hivemq-test-hivemq-platform-cluster.helmcontainersecuritycontextupgradeplatformit.svc
2025-01-30 04:06:15,677 INFO c.h.h.t.HelmChartContainer - [test-hivemq-platform] [hivemq] [97e3c9ac] INFO  - [HiveMQ Platform Operator Init App 1.7.0-SNAPSHOT] Resolved 2 IP addresses: [10.42.0.11, 10.42.0.12]
2025-01-30 04:06:15,677 INFO c.h.h.t.HelmChartContainer - [test-hivemq-platform] [hivemq] [97e3c9ac] INFO  - [HiveMQ Platform Operator Init App 1.7.0-SNAPSHOT] HiveMQ node count of 2 is within threshold of 2
2025-01-30 04:06:15,678 INFO c.h.h.t.HelmChartContainer - [test-hivemq-platform] [hivemq] [97e3c9ac] INFO  - [HiveMQ Platform Operator Init App 1.7.0-SNAPSHOT] Waiting 15s for previous shutdown replication to finish...
2025-01-30 04:06:17,745 INFO c.h.h.t.HelmChartContainer - [test-hivemq-platform] [hivemq] [97e3c9ac] INFO  - [HiveMQ Platform Operator Init App 1.7.0-SNAPSHOT] Returning default Health API response 503 for readiness
2025-01-30 04:06:17,795 INFO c.h.h.t.HelmChartContainer - [EVENT] Warning [Unhealthy] Readiness probe failed: HTTP probe failed with statuscode: 503 [helmcontainersecuritycontextupgradeplatformit:test-hivemq-platform-0]
2025-01-30 04:06:17,795 INFO c.h.h.t.HelmChartContainer - Received Unhealthy event for container hivemq in pod test-hivemq-platform-0 [97e3c9ac-13d4-4e1a-91f9-a4231d5c3a6a]
2025-01-30 04:06:21,771 INFO c.h.h.t.HelmChartContainer - [hivemq-test-hivemq-platform] [hivemq-platform-operator] [202a3df5] 04:06:21.768 [pool-6-thread-24] DEBUG c.h.p.o.d.PlatformServiceResource - [helmcont] Desired Platform services (3 services)
2025-01-30 04:06:21,772 INFO c.h.h.t.HelmChartContainer - [hivemq-test-hivemq-platform] [hivemq-platform-operator] [202a3df5] 04:06:21.768 [pool-6-thread-25] DEBUG c.h.p.o.dependants.PodInfoConfigMap - [helmcont] Desired PodInfo ConfigMap (1 extensions) (1 enabled)
2025-01-30 04:06:21,772 INFO c.h.h.t.HelmChartContainer - [hivemq-test-hivemq-platform] [hivemq-platform-operator] [202a3df5] 04:06:21.768 [pool-6-thread-25] DEBUG c.h.p.o.dependants.PodInfoConfigMap - [helmcont] Desired PodInfo ConfigMap (metrics port: 9399) (metrics path: /)
2025-01-30 04:06:21,772 INFO c.h.h.t.HelmChartContainer - [hivemq-test-hivemq-platform] [hivemq-platform-operator] [202a3df5] 04:06:21.768 [pool-6-thread-25] DEBUG c.h.p.o.dependants.PodInfoConfigMap - [helmcont] Desired PodInfo ConfigMap (extension state hash: -1817474005)
2025-01-30 04:06:21,772 INFO c.h.h.t.HelmChartContainer - [hivemq-test-hivemq-platform] [hivemq-platform-operator] [202a3df5] 04:06:21.769 [pool-6-thread-26] DEBUG c.h.p.o.d.PodServiceAccountResource - [helmcont] Desired PodServiceAccountResource (serviceAccountName: hivemq-platform-pod-test-hivemq-platform)
2025-01-30 04:06:21,781 INFO c.h.h.t.HelmChartContainer - [hivemq-test-hivemq-platform] [hivemq-platform-operator] [202a3df5] 04:06:21.776 [pool-6-thread-24] DEBUG c.h.p.o.d.StatefulSetResource - [helmcont] Desired StatefulSet (2 replicas) for status ROLLING_RESTART (RESTART_PODS_IN_PROGRESS)
2025-01-30 04:06:21,781 INFO c.h.h.t.HelmChartContainer - [hivemq-test-hivemq-platform] [hivemq-platform-operator] [202a3df5] 04:06:21.779 [ReconcilerExecutor-hivemq-controller-138] INFO  c.h.p.o.HiveMQPlatformReconciler - [helmcont] Reconciling HiveMQ Platform 'test-hivemq-platform' in namespace 'helmcontainersecuritycontextupgradeplatformit'
2025-01-30 04:06:21,781 INFO c.h.h.t.HelmChartContainer - [hivemq-test-hivemq-platform] [hivemq-platform-operator] [202a3df5] 04:06:21.779 [ReconcilerExecutor-hivemq-controller-138] DEBUG c.h.p.o.HiveMQPlatformReconciler - [helmcont] Custom Resource Status ROLLING_RESTART - HiveMQ Platform is restarting Pods (rolling restart) (RESTART_PODS_IN_PROGRESS)
2025-01-30 04:06:21,781 INFO c.h.h.t.HelmChartContainer - [hivemq-test-hivemq-platform] [hivemq-platform-operator] [202a3df5] 04:06:21.779 [ReconcilerExecutor-hivemq-controller-138] DEBUG c.h.p.o.HiveMQPlatformReconciler - [helmcont] Custom Resource Spec (replicas: 1) (extensions: 1)
2025-01-30 04:06:21,782 INFO c.h.h.t.HelmChartContainer - [hivemq-test-hivemq-platform] [hivemq-platform-operator] [202a3df5] 04:06:21.780 [ReconcilerExecutor-hivemq-controller-138] DEBUG c.h.p.o.HiveMQPlatformReconciler - [helmcont] StatefulSet Status (revision: test-hivemq-platform-85948b8786, replicas: 2, available: 1, ready: 1, current: 0, updated: 2)
2025-01-30 04:06:21,782 INFO c.h.h.t.HelmChartContainer - [hivemq-test-hivemq-platform] [hivemq-platform-operator] [202a3df5] 04:06:21.780 [ReconcilerExecutor-hivemq-controller-138] DEBUG c.h.p.o.HiveMQPlatformReconciler - [helmcont] StatefulSet Spec (replicas: 2, init containers: 1, containers: 1, volumes: 3)
2025-01-30 04:06:21,783 INFO c.h.h.t.HelmChartContainer - [hivemq-test-hivemq-platform] [hivemq-platform-operator] [202a3df5] 04:06:21.781 [ReconcilerExecutor-hivemq-controller-138] DEBUG c.h.p.o.h.HiveMQPlatformReconcilerErrorHandler - [helmcont] Pod 'test-hivemq-platform-1' phase Running
2025-01-30 04:06:21,784 INFO c.h.h.t.HelmChartContainer - [hivemq-test-hivemq-platform] [hivemq-platform-operator] [202a3df5] 04:06:21.782 [ReconcilerExecutor-hivemq-controller-138] DEBUG c.h.p.o.h.HiveMQPlatformReconcilerErrorHandler - [helmcont] Pod 'test-hivemq-platform-0' phase Running
2025-01-30 04:06:21,784 INFO c.h.h.t.HelmChartContainer - [hivemq-test-hivemq-platform] [hivemq-platform-operator] [202a3df5] 04:06:21.783 [ReconcilerExecutor-hivemq-controller-138] DEBUG c.h.p.o.h.HiveMQPlatformReconcilerRollingRestartHandler - [helmcont] Rolling restart is waiting for 1 of 2 replicas
2025-01-30 04:06:22,686 INFO c.h.h.t.HelmChartContainer - [test-hivemq-platform] [hivemq] [97e3c9ac] INFO  - [HiveMQ Platform Operator Init App 1.7.0-SNAPSHOT] Updating Pod HiveMQ Platform Operator Init App version annotation (version: 1.7.0-SNAPSHOT)
2025-01-30 04:06:22,742 INFO c.h.h.t.HelmChartContainer - [EVENT] Warning [Unhealthy] Readiness probe failed: HTTP probe failed with statuscode: 503 [helmcontainersecuritycontextupgradeplatformit:test-hivemq-platform-0]
2025-01-30 04:06:22,742 INFO c.h.h.t.HelmChartContainer - Received Unhealthy event for container hivemq in pod test-hivemq-platform-0 [97e3c9ac-13d4-4e1a-91f9-a4231d5c3a6a]
2025-01-30 04:06:22,991 INFO c.h.h.t.HelmChartContainer - [POD] test-hivemq-platform-0 [97e3c9ac-13d4-4e1a-91f9-a4231d5c3a6a] in helmcontainersecuritycontextupgradeplatformit was MODIFIED
2025-01-30 04:06:22,993 INFO c.h.h.t.HelmChartContainer - [hivemq-test-hivemq-platform] [hivemq-platform-operator] [202a3df5] 04:06:22.991 [pool-6-thread-32] DEBUG c.h.p.o.d.PlatformServiceResource - [helmcont] Desired Platform services (3 services)
2025-01-30 04:06:22,994 INFO c.h.h.t.HelmChartContainer - [test-hivemq-platform] [hivemq] [97e3c9ac] INFO  - [HiveMQ Platform Operator Init App 1.7.0-SNAPSHOT] Successfully updated Pod HiveMQ Platform Operator Init App version annotation (version: 1.7.0-SNAPSHOT)
2025-01-30 04:06:22,995 INFO c.h.h.t.HelmChartContainer - [EVENT] Warning [Unhealthy] Readiness probe failed: HTTP probe failed with statuscode: 503 [helmcontainersecuritycontextupgradeplatformit:test-hivemq-platform-0]
2025-01-30 04:06:22,995 INFO c.h.h.t.HelmChartContainer - Received Unhealthy event for container hivemq in pod test-hivemq-platform-0 [97e3c9ac-13d4-4e1a-91f9-a4231d5c3a6a]
2025-01-30 04:06:22,996 INFO c.h.h.t.HelmChartContainer - [hivemq-test-hivemq-platform] [hivemq-platform-operator] [202a3df5] 04:06:22.994 [pool-6-thread-36] DEBUG c.h.p.o.dependants.PodInfoConfigMap - [helmcont] Desired PodInfo ConfigMap (1 extensions) (1 enabled)
2025-01-30 04:06:22,997 INFO c.h.h.t.HelmChartContainer - [hivemq-test-hivemq-platform] [hivemq-platform-operator] [202a3df5] 04:06:22.995 [pool-6-thread-36] DEBUG c.h.p.o.dependants.PodInfoConfigMap - [helmcont] Desired PodInfo ConfigMap (metrics port: 9399) (metrics path: /)
2025-01-30 04:06:22,997 INFO c.h.h.t.HelmChartContainer - [hivemq-test-hivemq-platform] [hivemq-platform-operator] [202a3df5] 04:06:22.995 [pool-6-thread-36] DEBUG c.h.p.o.dependants.PodInfoConfigMap - [helmcont] Desired PodInfo ConfigMap (extension state hash: -1817474005)
2025-01-30 04:06:22,997 INFO c.h.h.t.HelmChartContainer - [hivemq-test-hivemq-platform] [hivemq-platform-operator] [202a3df5] 04:06:22.996 [pool-6-thread-35] DEBUG c.h.p.o.d.PodServiceAccountResource - [helmcont] Desired PodServiceAccountResource (serviceAccountName: hivemq-platform-pod-test-hivemq-platform)
2025-01-30 04:06:23,000 INFO c.h.h.t.HelmChartContainer - [hivemq-test-hivemq-platform] [hivemq-platform-operator] [202a3df5] 04:06:23.000 [pool-6-thread-32] DEBUG c.h.p.o.d.StatefulSetResource - [helmcont] Desired StatefulSet (2 replicas) for status ROLLING_RESTART (RESTART_PODS_IN_PROGRESS)
2025-01-30 04:06:23,004 INFO c.h.h.t.HelmChartContainer - [hivemq-test-hivemq-platform] [hivemq-platform-operator] [202a3df5] 04:06:23.003 [ReconcilerExecutor-hivemq-controller-139] INFO  c.h.p.o.HiveMQPlatformReconciler - [helmcont] Reconciling HiveMQ Platform 'test-hivemq-platform' in namespace 'helmcontainersecuritycontextupgradeplatformit'
2025-01-30 04:06:23,004 INFO c.h.h.t.HelmChartContainer - [hivemq-test-hivemq-platform] [hivemq-platform-operator] [202a3df5] 04:06:23.003 [ReconcilerExecutor-hivemq-controller-139] DEBUG c.h.p.o.HiveMQPlatformReconciler - [helmcont] Custom Resource Status ROLLING_RESTART - HiveMQ Platform is restarting Pods (rolling restart) (RESTART_PODS_IN_PROGRESS)
2025-01-30 04:06:23,005 INFO c.h.h.t.HelmChartContainer - [hivemq-test-hivemq-platform] [hivemq-platform-operator] [202a3df5] 04:06:23.003 [ReconcilerExecutor-hivemq-controller-139] DEBUG c.h.p.o.HiveMQPlatformReconciler - [helmcont] Custom Resource Spec (replicas: 1) (extensions: 1)
2025-01-30 04:06:23,007 INFO c.h.h.t.HelmChartContainer - [hivemq-test-hivemq-platform] [hivemq-platform-operator] [202a3df5] 04:06:23.004 [ReconcilerExecutor-hivemq-controller-139] DEBUG c.h.p.o.HiveMQPlatformReconciler - [helmcont] StatefulSet Status (revision: test-hivemq-platform-85948b8786, replicas: 2, available: 1, ready: 1, current: 0, updated: 2)
2025-01-30 04:06:23,007 INFO c.h.h.t.HelmChartContainer - [hivemq-test-hivemq-platform] [hivemq-platform-operator] [202a3df5] 04:06:23.005 [ReconcilerExecutor-hivemq-controller-139] DEBUG c.h.p.o.HiveMQPlatformReconciler - [helmcont] StatefulSet Spec (replicas: 2, init containers: 1, containers: 1, volumes: 3)
2025-01-30 04:06:23,007 INFO c.h.h.t.HelmChartContainer - [hivemq-test-hivemq-platform] [hivemq-platform-operator] [202a3df5] 04:06:23.006 [ReconcilerExecutor-hivemq-controller-139] DEBUG c.h.p.o.h.HiveMQPlatformReconcilerErrorHandler - [helmcont] Pod 'test-hivemq-platform-1' phase Running
2025-01-30 04:06:23,008 INFO c.h.h.t.HelmChartContainer - [hivemq-test-hivemq-platform] [hivemq-platform-operator] [202a3df5] 04:06:23.007 [ReconcilerExecutor-hivemq-controller-139] DEBUG c.h.p.o.h.HiveMQPlatformReconcilerErrorHandler - [helmcont] Pod 'test-hivemq-platform-0' phase Running
2025-01-30 04:06:23,009 INFO c.h.h.t.HelmChartContainer - [hivemq-test-hivemq-platform] [hivemq-platform-operator] [202a3df5] 04:06:23.007 [ReconcilerExecutor-hivemq-controller-139] DEBUG c.h.p.o.h.HiveMQPlatformReconcilerRollingRestartHandler - [helmcont] Rolling restart is waiting for 1 of 2 replicas
2025-01-30 04:06:27,992 INFO c.h.h.t.HelmChartContainer - [EVENT] Warning [Unhealthy] Readiness probe failed: HTTP probe failed with statuscode: 503 [helmcontainersecuritycontextupgradeplatformit:test-hivemq-platform-0]
2025-01-30 04:06:27,992 INFO c.h.h.t.HelmChartContainer - Received Unhealthy event for container hivemq in pod test-hivemq-platform-0 [97e3c9ac-13d4-4e1a-91f9-a4231d5c3a6a]
2025-01-30 04:06:30,678 INFO c.h.h.t.HelmChartContainer - [test-hivemq-platform] [hivemq] [97e3c9ac] INFO  - [HiveMQ Platform Operator Init App 1.7.0-SNAPSHOT] Proceeding with container start
2025-01-30 04:06:30,681 INFO c.h.h.t.HelmChartContainer - [test-hivemq-platform] [hivemq] [97e3c9ac] INFO  - [HiveMQ Platform Operator Init App 1.7.0-SNAPSHOT] Initializing HiveMQ Platform extensions with initial configuration: {hivemq-allow-all-extension={start-priority=-1, skip-https-hostname-verification=false, restart=true, config-version=0, header-version=0, c-uri=, priority=-1, uri=preinstalled, skip-https-certificate-validation=false, enabled=true}, hivemq-prometheus-extension={priority=-1, restart=true, enabled=true, request-header-path=no-request-headers, uri=preinstalled, skip-https-certificate-validation=false, skip-https-hostname-verification=false, c-uri=, start-priority=-1}}
2025-01-30 04:06:31,185 INFO c.h.h.t.HelmChartContainer - [test-hivemq-platform] [hivemq] [97e3c9ac] INFO  - [HiveMQ Platform Operator Init App 1.7.0-SNAPSHOT] Extension hivemq-allow-all-extension was already enabled
2025-01-30 04:06:31,275 INFO c.h.h.t.HelmChartContainer - [test-hivemq-platform] [hivemq] [97e3c9ac] INFO  - [HiveMQ Platform Operator Init App 1.7.0-SNAPSHOT] Successfully enabled extension hivemq-prometheus-extension
2025-01-30 04:06:31,277 INFO c.h.h.t.HelmChartContainer - [test-hivemq-platform] [hivemq] [97e3c9ac] INFO  - [HiveMQ Platform Operator Init App 1.7.0-SNAPSHOT] Starting HiveMQ Platform version 4.36.0 (4.36.0)
2025-01-30 04:06:31,277 INFO c.h.h.t.HelmChartContainer - [test-hivemq-platform] [hivemq] [97e3c9ac] INFO  - [HiveMQ Platform Operator Init App 1.7.0-SNAPSHOT] Configuring the HiveMQ Platform
2025-01-30 04:06:31,288 INFO c.h.h.t.HelmChartContainer - [test-hivemq-platform] [hivemq] [97e3c9ac] INFO  - [HiveMQ Platform Operator Init App 1.7.0-SNAPSHOT] Changed logback.xml file scan period to 20 seconds
2025-01-30 04:06:31,381 INFO c.h.h.t.HelmChartContainer - [test-hivemq-platform] [hivemq] [97e3c9ac] INFO  - [HiveMQ Platform Operator Init App 1.7.0-SNAPSHOT] Starting the HiveMQ Platform
2025-01-30 04:06:31,385 INFO c.h.h.t.HelmChartContainer - [test-hivemq-platform] [hivemq] [97e3c9ac] -------------------------------------------------------------------------
2025-01-30 04:06:31,385 INFO c.h.h.t.HelmChartContainer - [test-hivemq-platform] [hivemq] [97e3c9ac] 
2025-01-30 04:06:31,385 INFO c.h.h.t.HelmChartContainer - [test-hivemq-platform] [hivemq] [97e3c9ac]                   _    _  _              __  __   ____
2025-01-30 04:06:31,385 INFO c.h.h.t.HelmChartContainer - [test-hivemq-platform] [hivemq] [97e3c9ac]                  | |  | |(_)            |  \/  | / __ \
2025-01-30 04:06:31,385 INFO c.h.h.t.HelmChartContainer - [test-hivemq-platform] [hivemq] [97e3c9ac]                  | |__| | _ __   __ ___ | \  / || |  | |
2025-01-30 04:06:31,385 INFO c.h.h.t.HelmChartContainer - [test-hivemq-platform] [hivemq] [97e3c9ac]                  |  __  || |\ \ / // _ \| |\/| || |  | |
2025-01-30 04:06:31,385 INFO c.h.h.t.HelmChartContainer - [test-hivemq-platform] [hivemq] [97e3c9ac]                  | |  | || | \ V /|  __/| |  | || |__| |
2025-01-30 04:06:31,385 INFO c.h.h.t.HelmChartContainer - [test-hivemq-platform] [hivemq] [97e3c9ac]                  |_|  |_||_|  \_/  \___||_|  |_| \___\_\
2025-01-30 04:06:31,385 INFO c.h.h.t.HelmChartContainer - [test-hivemq-platform] [hivemq] [97e3c9ac] 
2025-01-30 04:06:31,385 INFO c.h.h.t.HelmChartContainer - [test-hivemq-platform] [hivemq] [97e3c9ac] -------------------------------------------------------------------------
2025-01-30 04:06:31,385 INFO c.h.h.t.HelmChartContainer - [test-hivemq-platform] [hivemq] [97e3c9ac] 
2025-01-30 04:06:31,385 INFO c.h.h.t.HelmChartContainer - [test-hivemq-platform] [hivemq] [97e3c9ac]   HiveMQ Start Script for Linux/Unix v1.14
2025-01-30 04:06:31,385 INFO c.h.h.t.HelmChartContainer - [test-hivemq-platform] [hivemq] [97e3c9ac] 
2025-01-30 04:06:31,494 INFO c.h.h.t.HelmChartContainer - [test-hivemq-platform] [hivemq] [97e3c9ac] -------------------------------------------------------------------------
2025-01-30 04:06:31,494 INFO c.h.h.t.HelmChartContainer - [test-hivemq-platform] [hivemq] [97e3c9ac] 
2025-01-30 04:06:31,494 INFO c.h.h.t.HelmChartContainer - [test-hivemq-platform] [hivemq] [97e3c9ac]   HIVEMQ_HOME: /opt/hivemq
2025-01-30 04:06:31,494 INFO c.h.h.t.HelmChartContainer - [test-hivemq-platform] [hivemq] [97e3c9ac] 
2025-01-30 04:06:31,494 INFO c.h.h.t.HelmChartContainer - [test-hivemq-platform] [hivemq] [97e3c9ac]   JAVA_OPTS: -XX:+UnlockExperimentalVMOptions -XX:InitialRAMPercentage=50 -XX:MaxRAMPercentage=50 -Djava.net.preferIPv4Stack=true --add-opens java.base/java.lang=ALL-UNNAMED --add-opens java.base/java.nio=ALL-UNNAMED --add-opens java.base/sun.nio.ch=ALL-UNNAMED --add-opens jdk.management/com.sun.management.internal=ALL-UNNAMED --add-exports java.base/jdk.internal.misc=ALL-UNNAMED -Djava.security.egd=file:/dev/./urandom -Dcom.sun.management.jmxremote -Dcom.sun.management.jmxremote.port=9010 -Dcom.sun.management.jmxremote.local.only=false -Dcom.sun.management.jmxremote.authenticate=false -Dcom.sun.management.jmxremote.ssl=false -Duser.language=en -Duser.region=US -XX:+CrashOnOutOfMemoryError -XX:+HeapDumpOnOutOfMemoryError
2025-01-30 04:06:31,495 INFO c.h.h.t.HelmChartContainer - [test-hivemq-platform] [hivemq] [97e3c9ac] 
2025-01-30 04:06:31,495 INFO c.h.h.t.HelmChartContainer - [test-hivemq-platform] [hivemq] [97e3c9ac]   JAVA_VERSION: 21
2025-01-30 04:06:31,495 INFO c.h.h.t.HelmChartContainer - [test-hivemq-platform] [hivemq] [97e3c9ac] 
2025-01-30 04:06:31,495 INFO c.h.h.t.HelmChartContainer - [test-hivemq-platform] [hivemq] [97e3c9ac] -------------------------------------------------------------------------
2025-01-30 04:06:31,495 INFO c.h.h.t.HelmChartContainer - [test-hivemq-platform] [hivemq] [97e3c9ac] 
2025-01-30 04:06:33,005 INFO c.h.h.t.HelmChartContainer - [EVENT] Warning [Unhealthy] Readiness probe failed: HTTP probe failed with statuscode: 503 [helmcontainersecuritycontextupgradeplatformit:test-hivemq-platform-0]
2025-01-30 04:06:33,005 INFO c.h.h.t.HelmChartContainer - Received Unhealthy event for container hivemq in pod test-hivemq-platform-0 [97e3c9ac-13d4-4e1a-91f9-a4231d5c3a6a]
2025-01-30 04:06:33,013 INFO c.h.h.t.HelmChartContainer - [hivemq-test-hivemq-platform] [hivemq-platform-operator] [202a3df5] 04:06:33.010 [pool-6-thread-45] DEBUG c.h.p.o.d.PlatformServiceResource - [helmcont] Desired Platform services (3 services)
2025-01-30 04:06:33,014 INFO c.h.h.t.HelmChartContainer - [hivemq-test-hivemq-platform] [hivemq-platform-operator] [202a3df5] 04:06:33.011 [pool-6-thread-46] DEBUG c.h.p.o.dependants.PodInfoConfigMap - [helmcont] Desired PodInfo ConfigMap (1 extensions) (1 enabled)
2025-01-30 04:06:33,014 INFO c.h.h.t.HelmChartContainer - [hivemq-test-hivemq-platform] [hivemq-platform-operator] [202a3df5] 04:06:33.011 [pool-6-thread-46] DEBUG c.h.p.o.dependants.PodInfoConfigMap - [helmcont] Desired PodInfo ConfigMap (metrics port: 9399) (metrics path: /)
2025-01-30 04:06:33,015 INFO c.h.h.t.HelmChartContainer - [hivemq-test-hivemq-platform] [hivemq-platform-operator] [202a3df5] 04:06:33.011 [pool-6-thread-46] DEBUG c.h.p.o.dependants.PodInfoConfigMap - [helmcont] Desired PodInfo ConfigMap (extension state hash: -1817474005)
2025-01-30 04:06:33,015 INFO c.h.h.t.HelmChartContainer - [hivemq-test-hivemq-platform] [hivemq-platform-operator] [202a3df5] 04:06:33.012 [pool-6-thread-46] DEBUG c.h.p.o.d.PodServiceAccountResource - [helmcont] Desired PodServiceAccountResource (serviceAccountName: hivemq-platform-pod-test-hivemq-platform)
2025-01-30 04:06:33,015 INFO c.h.h.t.HelmChartContainer - [hivemq-test-hivemq-platform] [hivemq-platform-operator] [202a3df5] 04:06:33.015 [pool-6-thread-46] DEBUG c.h.p.o.d.StatefulSetResource - [helmcont] Desired StatefulSet (2 replicas) for status ROLLING_RESTART (RESTART_PODS_IN_PROGRESS)
2025-01-30 04:06:33,017 INFO c.h.h.t.HelmChartContainer - [hivemq-test-hivemq-platform] [hivemq-platform-operator] [202a3df5] 04:06:33.017 [ReconcilerExecutor-hivemq-controller-140] INFO  c.h.p.o.HiveMQPlatformReconciler - [helmcont] Reconciling HiveMQ Platform 'test-hivemq-platform' in namespace 'helmcontainersecuritycontextupgradeplatformit'
2025-01-30 04:06:33,017 INFO c.h.h.t.HelmChartContainer - [hivemq-test-hivemq-platform] [hivemq-platform-operator] [202a3df5] 04:06:33.017 [ReconcilerExecutor-hivemq-controller-140] DEBUG c.h.p.o.HiveMQPlatformReconciler - [helmcont] Custom Resource Status ROLLING_RESTART - HiveMQ Platform is restarting Pods (rolling restart) (RESTART_PODS_IN_PROGRESS)
2025-01-30 04:06:33,017 INFO c.h.h.t.HelmChartContainer - [hivemq-test-hivemq-platform] [hivemq-platform-operator] [202a3df5] 04:06:33.017 [ReconcilerExecutor-hivemq-controller-140] DEBUG c.h.p.o.HiveMQPlatformReconciler - [helmcont] Custom Resource Spec (replicas: 1) (extensions: 1)
2025-01-30 04:06:33,024 INFO c.h.h.t.HelmChartContainer - [hivemq-test-hivemq-platform] [hivemq-platform-operator] [202a3df5] 04:06:33.018 [ReconcilerExecutor-hivemq-controller-140] DEBUG c.h.p.o.HiveMQPlatformReconciler - [helmcont] StatefulSet Status (revision: test-hivemq-platform-85948b8786, replicas: 2, available: 1, ready: 1, current: 0, updated: 2)
2025-01-30 04:06:33,024 INFO c.h.h.t.HelmChartContainer - [hivemq-test-hivemq-platform] [hivemq-platform-operator] [202a3df5] 04:06:33.018 [ReconcilerExecutor-hivemq-controller-140] DEBUG c.h.p.o.HiveMQPlatformReconciler - [helmcont] StatefulSet Spec (replicas: 2, init containers: 1, containers: 1, volumes: 3)
2025-01-30 04:06:33,025 INFO c.h.h.t.HelmChartContainer - [hivemq-test-hivemq-platform] [hivemq-platform-operator] [202a3df5] 04:06:33.019 [ReconcilerExecutor-hivemq-controller-140] DEBUG c.h.p.o.h.HiveMQPlatformReconcilerErrorHandler - [helmcont] Pod 'test-hivemq-platform-1' phase Running
2025-01-30 04:06:33,025 INFO c.h.h.t.HelmChartContainer - [hivemq-test-hivemq-platform] [hivemq-platform-operator] [202a3df5] 04:06:33.020 [ReconcilerExecutor-hivemq-controller-140] DEBUG c.h.p.o.h.HiveMQPlatformReconcilerErrorHandler - [helmcont] Pod 'test-hivemq-platform-0' phase Running
2025-01-30 04:06:33,025 INFO c.h.h.t.HelmChartContainer - [hivemq-test-hivemq-platform] [hivemq-platform-operator] [202a3df5] 04:06:33.020 [ReconcilerExecutor-hivemq-controller-140] DEBUG c.h.p.o.h.HiveMQPlatformReconcilerRollingRestartHandler - [helmcont] Rolling restart is waiting for 1 of 2 replicas
2025-01-30 04:06:34,076 INFO c.h.h.t.HelmChartContainer - [test-hivemq-platform] [hivemq] [97e3c9ac] INFO  - Starting HiveMQ Enterprise Server
2025-01-30 04:06:34,081 INFO c.h.h.t.HelmChartContainer - [test-hivemq-platform] [hivemq] [97e3c9ac] INFO  - HiveMQ version: 4.36.0
2025-01-30 04:06:34,081 INFO c.h.h.t.HelmChartContainer - [test-hivemq-platform] [hivemq] [97e3c9ac] INFO  - HiveMQ home directory: /opt/hivemq
2025-01-30 04:06:34,081 INFO c.h.h.t.HelmChartContainer - [test-hivemq-platform] [hivemq] [97e3c9ac] INFO  - Log Configuration was overridden by /opt/hivemq/conf/logback.xml
2025-01-30 04:06:35,275 INFO c.h.h.t.HelmChartContainer - [test-hivemq-platform] [hivemq] [97e3c9ac] INFO  - Successfully loaded configuration from '/opt/hivemq/conf-k8s/config.xml'.
2025-01-30 04:06:35,573 INFO c.h.h.t.HelmChartContainer - [test-hivemq-platform] [hivemq] [97e3c9ac] INFO  - This node's ID is LOKBe
2025-01-30 04:06:35,574 INFO c.h.h.t.HelmChartContainer - [test-hivemq-platform] [hivemq] [97e3c9ac] INFO  - Clustering is enabled
2025-01-30 04:06:38,273 INFO c.h.h.t.HelmChartContainer - [test-hivemq-platform] [hivemq] [97e3c9ac] WARN  - [HiveMQ Platform Operator Init App 1.7.0-SNAPSHOT] Cannot connect to Health API for readiness: null
2025-01-30 04:06:38,279 INFO c.h.h.t.HelmChartContainer - [EVENT] Warning [Unhealthy] Readiness probe failed: HTTP probe failed with statuscode: 503 [helmcontainersecuritycontextupgradeplatformit:test-hivemq-platform-0]
2025-01-30 04:06:38,279 INFO c.h.h.t.HelmChartContainer - Received Unhealthy event for container hivemq in pod test-hivemq-platform-0 [97e3c9ac-13d4-4e1a-91f9-a4231d5c3a6a]
2025-01-30 04:06:40,174 INFO c.h.h.t.HelmChartContainer - [test-hivemq-platform] [hivemq] [97e3c9ac] WARN  - [HiveMQ Platform Operator Init App 1.7.0-SNAPSHOT] Cannot connect to Health API for liveness: null
2025-01-30 04:06:40,174 INFO c.h.h.t.HelmChartContainer - [test-hivemq-platform] [hivemq] [97e3c9ac] INFO  - [HiveMQ Platform Operator Init App 1.7.0-SNAPSHOT] Returning default Health API response 200 for liveness
2025-01-30 04:06:43,026 INFO c.h.h.t.HelmChartContainer - [hivemq-test-hivemq-platform] [hivemq-platform-operator] [202a3df5] 04:06:43.023 [pool-6-thread-4] DEBUG c.h.p.o.d.PlatformServiceResource - [helmcont] Desired Platform services (3 services)
2025-01-30 04:06:43,028 INFO c.h.h.t.HelmChartContainer - [hivemq-test-hivemq-platform] [hivemq-platform-operator] [202a3df5] 04:06:43.024 [pool-6-thread-3] DEBUG c.h.p.o.dependants.PodInfoConfigMap - [helmcont] Desired PodInfo ConfigMap (1 extensions) (1 enabled)
2025-01-30 04:06:43,028 INFO c.h.h.t.HelmChartContainer - [hivemq-test-hivemq-platform] [hivemq-platform-operator] [202a3df5] 04:06:43.024 [pool-6-thread-7] DEBUG c.h.p.o.d.PodServiceAccountResource - [helmcont] Desired PodServiceAccountResource (serviceAccountName: hivemq-platform-pod-test-hivemq-platform)
2025-01-30 04:06:43,028 INFO c.h.h.t.HelmChartContainer - [hivemq-test-hivemq-platform] [hivemq-platform-operator] [202a3df5] 04:06:43.024 [pool-6-thread-3] DEBUG c.h.p.o.dependants.PodInfoConfigMap - [helmcont] Desired PodInfo ConfigMap (metrics port: 9399) (metrics path: /)
2025-01-30 04:06:43,028 INFO c.h.h.t.HelmChartContainer - [hivemq-test-hivemq-platform] [hivemq-platform-operator] [202a3df5] 04:06:43.024 [pool-6-thread-3] DEBUG c.h.p.o.dependants.PodInfoConfigMap - [helmcont] Desired PodInfo ConfigMap (extension state hash: -1817474005)
2025-01-30 04:06:43,030 INFO c.h.h.t.HelmChartContainer - [hivemq-test-hivemq-platform] [hivemq-platform-operator] [202a3df5] 04:06:43.029 [pool-6-thread-8] DEBUG c.h.p.o.d.StatefulSetResource - [helmcont] Desired StatefulSet (2 replicas) for status ROLLING_RESTART (RESTART_PODS_IN_PROGRESS)
2025-01-30 04:06:43,032 INFO c.h.h.t.HelmChartContainer - [hivemq-test-hivemq-platform] [hivemq-platform-operator] [202a3df5] 04:06:43.032 [ReconcilerExecutor-hivemq-controller-141] INFO  c.h.p.o.HiveMQPlatformReconciler - [helmcont] Reconciling HiveMQ Platform 'test-hivemq-platform' in namespace 'helmcontainersecuritycontextupgradeplatformit'
2025-01-30 04:06:43,033 INFO c.h.h.t.HelmChartContainer - [hivemq-test-hivemq-platform] [hivemq-platform-operator] [202a3df5] 04:06:43.032 [ReconcilerExecutor-hivemq-controller-141] DEBUG c.h.p.o.HiveMQPlatformReconciler - [helmcont] Custom Resource Status ROLLING_RESTART - HiveMQ Platform is restarting Pods (rolling restart) (RESTART_PODS_IN_PROGRESS)
2025-01-30 04:06:43,033 INFO c.h.h.t.HelmChartContainer - [hivemq-test-hivemq-platform] [hivemq-platform-operator] [202a3df5] 04:06:43.032 [ReconcilerExecutor-hivemq-controller-141] DEBUG c.h.p.o.HiveMQPlatformReconciler - [helmcont] Custom Resource Spec (replicas: 1) (extensions: 1)
2025-01-30 04:06:43,034 INFO c.h.h.t.HelmChartContainer - [hivemq-test-hivemq-platform] [hivemq-platform-operator] [202a3df5] 04:06:43.033 [ReconcilerExecutor-hivemq-controller-141] DEBUG c.h.p.o.HiveMQPlatformReconciler - [helmcont] StatefulSet Status (revision: test-hivemq-platform-85948b8786, replicas: 2, available: 1, ready: 1, current: 0, updated: 2)
2025-01-30 04:06:43,034 INFO c.h.h.t.HelmChartContainer - [hivemq-test-hivemq-platform] [hivemq-platform-operator] [202a3df5] 04:06:43.033 [ReconcilerExecutor-hivemq-controller-141] DEBUG c.h.p.o.HiveMQPlatformReconciler - [helmcont] StatefulSet Spec (replicas: 2, init containers: 1, containers: 1, volumes: 3)
2025-01-30 04:06:43,035 INFO c.h.h.t.HelmChartContainer - [hivemq-test-hivemq-platform] [hivemq-platform-operator] [202a3df5] 04:06:43.034 [ReconcilerExecutor-hivemq-controller-141] DEBUG c.h.p.o.h.HiveMQPlatformReconcilerErrorHandler - [helmcont] Pod 'test-hivemq-platform-1' phase Running
2025-01-30 04:06:43,036 INFO c.h.h.t.HelmChartContainer - [hivemq-test-hivemq-platform] [hivemq-platform-operator] [202a3df5] 04:06:43.035 [ReconcilerExecutor-hivemq-controller-141] DEBUG c.h.p.o.h.HiveMQPlatformReconcilerErrorHandler - [helmcont] Pod 'test-hivemq-platform-0' phase Running
2025-01-30 04:06:43,036 INFO c.h.h.t.HelmChartContainer - [hivemq-test-hivemq-platform] [hivemq-platform-operator] [202a3df5] 04:06:43.036 [ReconcilerExecutor-hivemq-controller-141] DEBUG c.h.p.o.h.HiveMQPlatformReconcilerRollingRestartHandler - [helmcont] Rolling restart is waiting for 1 of 2 replicas
2025-01-30 04:06:43,074 INFO c.h.h.t.HelmChartContainer - [test-hivemq-platform] [hivemq] [97e3c9ac] WARN  - [HiveMQ Platform Operator Init App 1.7.0-SNAPSHOT] Cannot connect to Health API for readiness: null
2025-01-30 04:06:43,077 INFO c.h.h.t.HelmChartContainer - [EVENT] Warning [Unhealthy] Readiness probe failed: HTTP probe failed with statuscode: 503 [helmcontainersecuritycontextupgradeplatformit:test-hivemq-platform-0]
2025-01-30 04:06:43,077 INFO c.h.h.t.HelmChartContainer - Received Unhealthy event for container hivemq in pod test-hivemq-platform-0 [97e3c9ac-13d4-4e1a-91f9-a4231d5c3a6a]
2025-01-30 04:06:48,074 INFO c.h.h.t.HelmChartContainer - [test-hivemq-platform] [hivemq] [97e3c9ac] WARN  - [HiveMQ Platform Operator Init App 1.7.0-SNAPSHOT] Cannot connect to Health API for readiness: null
2025-01-30 04:06:48,077 INFO c.h.h.t.HelmChartContainer - [EVENT] Warning [Unhealthy] Readiness probe failed: HTTP probe failed with statuscode: 503 [helmcontainersecuritycontextupgradeplatformit:test-hivemq-platform-0]
2025-01-30 04:06:48,077 INFO c.h.h.t.HelmChartContainer - Received Unhealthy event for container hivemq in pod test-hivemq-platform-0 [97e3c9ac-13d4-4e1a-91f9-a4231d5c3a6a]
2025-01-30 04:06:48,601 INFO c.h.h.t.HelmChartContainer - [test-hivemq-platform] [hivemq] [97e3c9ac] INFO  - No valid license file found. Using trial license, restricted to 25 connections.
2025-01-30 04:06:51,972 INFO c.h.h.t.HelmChartContainer - [test-hivemq-platform] [hivemq] [97e3c9ac] INFO  - No valid license file for Data Hub found. Using free license, restricted to 1 policy.
2025-01-30 04:06:53,040 INFO c.h.h.t.HelmChartContainer - [hivemq-test-hivemq-platform] [hivemq-platform-operator] [202a3df5] 04:06:53.038 [pool-6-thread-18] DEBUG c.h.p.o.d.PlatformServiceResource - [helmcont] Desired Platform services (3 services)
2025-01-30 04:06:53,040 INFO c.h.h.t.HelmChartContainer - [hivemq-test-hivemq-platform] [hivemq-platform-operator] [202a3df5] 04:06:53.039 [pool-6-thread-15] DEBUG c.h.p.o.dependants.PodInfoConfigMap - [helmcont] Desired PodInfo ConfigMap (1 extensions) (1 enabled)
2025-01-30 04:06:53,040 INFO c.h.h.t.HelmChartContainer - [hivemq-test-hivemq-platform] [hivemq-platform-operator] [202a3df5] 04:06:53.039 [pool-6-thread-15] DEBUG c.h.p.o.dependants.PodInfoConfigMap - [helmcont] Desired PodInfo ConfigMap (metrics port: 9399) (metrics path: /)
2025-01-30 04:06:53,040 INFO c.h.h.t.HelmChartContainer - [hivemq-test-hivemq-platform] [hivemq-platform-operator] [202a3df5] 04:06:53.039 [pool-6-thread-15] DEBUG c.h.p.o.dependants.PodInfoConfigMap - [helmcont] Desired PodInfo ConfigMap (extension state hash: -1817474005)
2025-01-30 04:06:53,040 INFO c.h.h.t.HelmChartContainer - [hivemq-test-hivemq-platform] [hivemq-platform-operator] [202a3df5] 04:06:53.039 [pool-6-thread-13] DEBUG c.h.p.o.d.PodServiceAccountResource - [helmcont] Desired PodServiceAccountResource (serviceAccountName: hivemq-platform-pod-test-hivemq-platform)
2025-01-30 04:06:53,045 INFO c.h.h.t.HelmChartContainer - [hivemq-test-hivemq-platform] [hivemq-platform-operator] [202a3df5] 04:06:53.044 [pool-6-thread-18] DEBUG c.h.p.o.d.StatefulSetResource - [helmcont] Desired StatefulSet (2 replicas) for status ROLLING_RESTART (RESTART_PODS_IN_PROGRESS)
2025-01-30 04:06:53,048 INFO c.h.h.t.HelmChartContainer - [hivemq-test-hivemq-platform] [hivemq-platform-operator] [202a3df5] 04:06:53.047 [ReconcilerExecutor-hivemq-controller-142] INFO  c.h.p.o.HiveMQPlatformReconciler - [helmcont] Reconciling HiveMQ Platform 'test-hivemq-platform' in namespace 'helmcontainersecuritycontextupgradeplatformit'
2025-01-30 04:06:53,048 INFO c.h.h.t.HelmChartContainer - [hivemq-test-hivemq-platform] [hivemq-platform-operator] [202a3df5] 04:06:53.047 [ReconcilerExecutor-hivemq-controller-142] DEBUG c.h.p.o.HiveMQPlatformReconciler - [helmcont] Custom Resource Status ROLLING_RESTART - HiveMQ Platform is restarting Pods (rolling restart) (RESTART_PODS_IN_PROGRESS)
2025-01-30 04:06:53,048 INFO c.h.h.t.HelmChartContainer - [hivemq-test-hivemq-platform] [hivemq-platform-operator] [202a3df5] 04:06:53.047 [ReconcilerExecutor-hivemq-controller-142] DEBUG c.h.p.o.HiveMQPlatformReconciler - [helmcont] Custom Resource Spec (replicas: 1) (extensions: 1)
2025-01-30 04:06:53,049 INFO c.h.h.t.HelmChartContainer - [hivemq-test-hivemq-platform] [hivemq-platform-operator] [202a3df5] 04:06:53.048 [ReconcilerExecutor-hivemq-controller-142] DEBUG c.h.p.o.HiveMQPlatformReconciler - [helmcont] StatefulSet Status (revision: test-hivemq-platform-85948b8786, replicas: 2, available: 1, ready: 1, current: 0, updated: 2)
2025-01-30 04:06:53,050 INFO c.h.h.t.HelmChartContainer - [hivemq-test-hivemq-platform] [hivemq-platform-operator] [202a3df5] 04:06:53.048 [ReconcilerExecutor-hivemq-controller-142] DEBUG c.h.p.o.HiveMQPlatformReconciler - [helmcont] StatefulSet Spec (replicas: 2, init containers: 1, containers: 1, volumes: 3)
2025-01-30 04:06:53,051 INFO c.h.h.t.HelmChartContainer - [hivemq-test-hivemq-platform] [hivemq-platform-operator] [202a3df5] 04:06:53.049 [ReconcilerExecutor-hivemq-controller-142] DEBUG c.h.p.o.h.HiveMQPlatformReconcilerErrorHandler - [helmcont] Pod 'test-hivemq-platform-1' phase Running
2025-01-30 04:06:53,052 INFO c.h.h.t.HelmChartContainer - [hivemq-test-hivemq-platform] [hivemq-platform-operator] [202a3df5] 04:06:53.050 [ReconcilerExecutor-hivemq-controller-142] DEBUG c.h.p.o.h.HiveMQPlatformReconcilerErrorHandler - [helmcont] Pod 'test-hivemq-platform-0' phase Running
2025-01-30 04:06:53,052 INFO c.h.h.t.HelmChartContainer - [hivemq-test-hivemq-platform] [hivemq-platform-operator] [202a3df5] 04:06:53.051 [ReconcilerExecutor-hivemq-controller-142] DEBUG c.h.p.o.h.HiveMQPlatformReconcilerRollingRestartHandler - [helmcont] Rolling restart is waiting for 1 of 2 replicas
2025-01-30 04:06:53,075 INFO c.h.h.t.HelmChartContainer - [test-hivemq-platform] [hivemq] [97e3c9ac] WARN  - [HiveMQ Platform Operator Init App 1.7.0-SNAPSHOT] Cannot connect to Health API for readiness: null
2025-01-30 04:06:53,081 INFO c.h.h.t.HelmChartContainer - [EVENT] Warning [Unhealthy] Readiness probe failed: HTTP probe failed with statuscode: 503 [helmcontainersecuritycontextupgradeplatformit:test-hivemq-platform-0]
2025-01-30 04:06:53,081 INFO c.h.h.t.HelmChartContainer - Received Unhealthy event for container hivemq in pod test-hivemq-platform-0 [97e3c9ac-13d4-4e1a-91f9-a4231d5c3a6a]
2025-01-30 04:06:53,193 INFO c.h.h.t.HelmChartContainer - [test-hivemq-platform] [hivemq] [97e3c9ac] INFO  - Audit Logger started.
2025-01-30 04:06:53,578 INFO c.h.h.t.HelmChartContainer - [test-hivemq-platform] [hivemq] [97e3c9ac] INFO  - This node uses '1' CPU cores.
2025-01-30 04:06:53,583 INFO c.h.h.t.HelmChartContainer - [test-hivemq-platform] [hivemq] [97e3c9ac] INFO  - Starting HiveMQ Health API on address 0.0.0.0 and port 8889
2025-01-30 04:06:54,379 INFO c.h.h.t.HelmChartContainer - [test-hivemq-platform] [hivemq] [97e3c9ac] INFO  - Started HiveMQ Health API in 796ms
2025-01-30 04:06:54,896 INFO c.h.h.t.HelmChartContainer - [test-hivemq-platform] [hivemq] [97e3c9ac] INFO  - Starting HiveMQ extension system.
2025-01-30 04:06:55,175 INFO c.h.h.t.HelmChartContainer - [test-hivemq-platform] [hivemq] [97e3c9ac] INFO  - Starting extension with id "hivemq-dns-cluster-discovery" at /opt/hivemq/extensions/hivemq-dns-cluster-discovery
2025-01-30 04:06:55,785 INFO c.h.h.t.HelmChartContainer - [test-hivemq-platform] [hivemq] [97e3c9ac] INFO  - Extension "DNS Cluster Discovery Extension" version 4.3.2 started successfully.
2025-01-30 04:06:55,787 INFO c.h.h.t.HelmChartContainer - [test-hivemq-platform] [hivemq] [97e3c9ac] INFO  - Starting extension with id "hivemq-prometheus-extension" at /opt/hivemq/extensions/hivemq-prometheus-extension
2025-01-30 04:06:55,875 INFO c.h.h.t.HelmChartContainer - [test-hivemq-platform] [hivemq] [97e3c9ac] INFO  - Using TCP cluster transport on address 10.42.0.12 and port 7000
2025-01-30 04:06:55,881 INFO c.h.h.t.HelmChartContainer - [test-hivemq-platform] [hivemq] [97e3c9ac] INFO  - Using extension cluster discovery
2025-01-30 04:06:56,876 INFO c.h.h.t.HelmChartContainer - [test-hivemq-platform] [hivemq] [97e3c9ac] INFO  - Started Jetty Server exposing Prometheus Servlet on URI http://0.0.0.0:9399/
2025-01-30 04:06:56,876 INFO c.h.h.t.HelmChartContainer - [test-hivemq-platform] [hivemq] [97e3c9ac] INFO  - Extension "Prometheus Monitoring Extension" version 4.0.12 started successfully.
2025-01-30 04:06:56,877 INFO c.h.h.t.HelmChartContainer - [test-hivemq-platform] [hivemq] [97e3c9ac] INFO  - Starting extension with id "hivemq-allow-all-extension" at /opt/hivemq/extensions/hivemq-allow-all-extension
2025-01-30 04:06:56,877 INFO c.h.h.t.HelmChartContainer - [test-hivemq-platform] [hivemq] [97e3c9ac] WARN  - 
2025-01-30 04:06:56,877 INFO c.h.h.t.HelmChartContainer - [test-hivemq-platform] [hivemq] [97e3c9ac] ################################################################################################################
2025-01-30 04:06:56,877 INFO c.h.h.t.HelmChartContainer - [test-hivemq-platform] [hivemq] [97e3c9ac] # This HiveMQ deployment is not secure! You are lacking Authentication and Authorization.                      #
2025-01-30 04:06:56,877 INFO c.h.h.t.HelmChartContainer - [test-hivemq-platform] [hivemq] [97e3c9ac] # Right now any MQTT client can connect to the broker with a full set of permissions.                          #
2025-01-30 04:06:56,877 INFO c.h.h.t.HelmChartContainer - [test-hivemq-platform] [hivemq] [97e3c9ac] # For production usage, add an appropriate security extension and remove the hivemq-allow-all extension.       #
2025-01-30 04:06:56,877 INFO c.h.h.t.HelmChartContainer - [test-hivemq-platform] [hivemq] [97e3c9ac] # You can download security extensions from the HiveMQ Marketplace (https://www.hivemq.com/extensions/).       #
2025-01-30 04:06:56,877 INFO c.h.h.t.HelmChartContainer - [test-hivemq-platform] [hivemq] [97e3c9ac] ################################################################################################################
2025-01-30 04:06:56,877 INFO c.h.h.t.HelmChartContainer - [test-hivemq-platform] [hivemq] [97e3c9ac] INFO  - Extension "Allow All Extension" version 1.1.1 started successfully.
2025-01-30 04:06:56,885 INFO c.h.h.t.HelmChartContainer - [test-hivemq-platform] [hivemq] [19dd1892] INFO  - Cluster nodes found by discovery: [WmJJR|3] (2) [WmJJR, LOKBe].
2025-01-30 04:06:56,976 INFO c.h.h.t.HelmChartContainer - [test-hivemq-platform] [hivemq] [97e3c9ac] INFO  - Cluster nodes found by discovery: [WmJJR|3] (2) [WmJJR, LOKBe].
2025-01-30 04:06:57,082 INFO c.h.h.t.HelmChartContainer - [test-hivemq-platform] [hivemq] [97e3c9ac] INFO  - Cluster size = 1, members : [WmJJR].
2025-01-30 04:06:57,383 INFO c.h.h.t.HelmChartContainer - [test-hivemq-platform] [hivemq] [97e3c9ac] INFO  - Starting cluster join process. This may take a while. Please do not shut down HiveMQ.
2025-01-30 04:06:57,384 INFO c.h.h.t.HelmChartContainer - [test-hivemq-platform] [hivemq] [97e3c9ac] INFO  - Cluster join process is still ongoing. Please do not shut down HiveMQ.
2025-01-30 04:06:58,476 INFO c.h.h.t.HelmChartContainer - [test-hivemq-platform] [hivemq] [97e3c9ac] INFO  - [HiveMQ Platform Operator Init App 1.7.0-SNAPSHOT] Returning Health API response 503 for readiness
2025-01-30 04:06:58,480 INFO c.h.h.t.HelmChartContainer - [EVENT] Warning [Unhealthy] Readiness probe failed: HTTP probe failed with statuscode: 503 [helmcontainersecuritycontextupgradeplatformit:test-hivemq-platform-0]
2025-01-30 04:06:58,480 INFO c.h.h.t.HelmChartContainer - Received Unhealthy event for container hivemq in pod test-hivemq-platform-0 [97e3c9ac-13d4-4e1a-91f9-a4231d5c3a6a]
2025-01-30 04:06:59,393 INFO c.h.h.t.HelmChartContainer - [test-hivemq-platform] [hivemq] [19dd1892] INFO  - Cluster size = 2, members : [WmJJR, LOKBe].
2025-01-30 04:06:59,403 INFO c.h.h.t.HelmChartContainer - [test-hivemq-platform] [hivemq] [97e3c9ac] INFO  - Cluster size = 2, members : [WmJJR, LOKBe].
2025-01-30 04:06:59,407 INFO c.h.h.t.HelmChartContainer - [test-hivemq-platform] [hivemq] [97e3c9ac] INFO  - Finished cluster join process successfully.
2025-01-30 04:06:59,407 INFO c.h.h.t.HelmChartContainer - [test-hivemq-platform] [hivemq] [97e3c9ac] WARN  - No user for HiveMQ Control Center configured. Starting with default user
2025-01-30 04:06:59,408 INFO c.h.h.t.HelmChartContainer - [test-hivemq-platform] [hivemq] [97e3c9ac] INFO  - Starting HiveMQ Control Center on address 0.0.0.0 and port 8080
2025-01-30 04:06:59,473 INFO c.h.h.t.HelmChartContainer - [test-hivemq-platform] [hivemq] [97e3c9ac] INFO  - Mounting HiveMQ Control Center V2 Preview
2025-01-30 04:07:00,078 INFO c.h.h.t.HelmChartContainer - [test-hivemq-platform] [hivemq] [97e3c9ac] INFO  - Started HiveMQ Control Center in 670ms
2025-01-30 04:07:00,092 INFO c.h.h.t.HelmChartContainer - [test-hivemq-platform] [hivemq] [97e3c9ac] INFO  - Starting TCP listener on address 0.0.0.0 and port 1884
2025-01-30 04:07:00,105 INFO c.h.h.t.HelmChartContainer - [test-hivemq-platform] [hivemq] [97e3c9ac] INFO  - Started TCP Listener on address 0.0.0.0 and on port 1884.
2025-01-30 04:07:00,105 INFO c.h.h.t.HelmChartContainer - [test-hivemq-platform] [hivemq] [97e3c9ac] INFO  - Started HiveMQ in 26426ms
2025-01-30 04:07:02,991 INFO c.h.h.t.HelmChartContainer - [test-hivemq-platform] [hivemq] [97e3c9ac] INFO  - [HiveMQ Platform Operator Init App 1.7.0-SNAPSHOT] Returning Health API response 200 for readiness
2025-01-30 04:07:03,005 INFO c.h.h.t.HelmChartContainer - [POD] test-hivemq-platform-0 [97e3c9ac-13d4-4e1a-91f9-a4231d5c3a6a] in helmcontainersecuritycontextupgradeplatformit was MODIFIED
2025-01-30 04:07:03,014 INFO c.h.h.t.HelmChartContainer - [hivemq-test-hivemq-platform] [hivemq-platform-operator] [202a3df5] 04:07:03.011 [pool-6-thread-23] DEBUG c.h.p.o.d.PlatformServiceResource - [helmcont] Desired Platform services (3 services)
2025-01-30 04:07:03,018 INFO c.h.h.t.HelmChartContainer - [hivemq-test-hivemq-platform] [hivemq-platform-operator] [202a3df5] 04:07:03.013 [pool-6-thread-26] DEBUG c.h.p.o.dependants.PodInfoConfigMap - [helmcont] Desired PodInfo ConfigMap (1 extensions) (1 enabled)
2025-01-30 04:07:03,018 INFO c.h.h.t.HelmChartContainer - [hivemq-test-hivemq-platform] [hivemq-platform-operator] [202a3df5] 04:07:03.013 [pool-6-thread-26] DEBUG c.h.p.o.dependants.PodInfoConfigMap - [helmcont] Desired PodInfo ConfigMap (metrics port: 9399) (metrics path: /)
2025-01-30 04:07:03,022 INFO c.h.h.t.HelmChartContainer - [hivemq-test-hivemq-platform] [hivemq-platform-operator] [202a3df5] 04:07:03.013 [pool-6-thread-26] DEBUG c.h.p.o.dependants.PodInfoConfigMap - [helmcont] Desired PodInfo ConfigMap (extension state hash: -1817474005)
2025-01-30 04:07:03,022 INFO c.h.h.t.HelmChartContainer - [hivemq-test-hivemq-platform] [hivemq-platform-operator] [202a3df5] 04:07:03.015 [pool-6-thread-26] DEBUG c.h.p.o.d.PodServiceAccountResource - [helmcont] Desired PodServiceAccountResource (serviceAccountName: hivemq-platform-pod-test-hivemq-platform)
2025-01-30 04:07:03,027 INFO c.h.h.t.HelmChartContainer - [hivemq-test-hivemq-platform] [hivemq-platform-operator] [202a3df5] 04:07:03.024 [pool-6-thread-23] DEBUG c.h.p.o.d.StatefulSetResource - [helmcont] Desired StatefulSet (2 replicas) for status ROLLING_RESTART (RESTART_PODS_IN_PROGRESS)
2025-01-30 04:07:03,032 INFO c.h.h.t.HelmChartContainer - [hivemq-test-hivemq-platform] [hivemq-platform-operator] [202a3df5] 04:07:03.031 [ReconcilerExecutor-hivemq-controller-143] INFO  c.h.p.o.HiveMQPlatformReconciler - [helmcont] Reconciling HiveMQ Platform 'test-hivemq-platform' in namespace 'helmcontainersecuritycontextupgradeplatformit'
2025-01-30 04:07:03,033 INFO c.h.h.t.HelmChartContainer - [hivemq-test-hivemq-platform] [hivemq-platform-operator] [202a3df5] 04:07:03.031 [ReconcilerExecutor-hivemq-controller-143] DEBUG c.h.p.o.HiveMQPlatformReconciler - [helmcont] Custom Resource Status ROLLING_RESTART - HiveMQ Platform is restarting Pods (rolling restart) (RESTART_PODS_IN_PROGRESS)
2025-01-30 04:07:03,033 INFO c.h.h.t.HelmChartContainer - [hivemq-test-hivemq-platform] [hivemq-platform-operator] [202a3df5] 04:07:03.031 [ReconcilerExecutor-hivemq-controller-143] DEBUG c.h.p.o.HiveMQPlatformReconciler - [helmcont] Custom Resource Spec (replicas: 1) (extensions: 1)
2025-01-30 04:07:03,038 INFO c.h.h.t.HelmChartContainer - [hivemq-test-hivemq-platform] [hivemq-platform-operator] [202a3df5] 04:07:03.032 [ReconcilerExecutor-hivemq-controller-143] DEBUG c.h.p.o.HiveMQPlatformReconciler - [helmcont] StatefulSet Status (revision: test-hivemq-platform-85948b8786, replicas: 2, available: 2, ready: 2, current: 0, updated: 2)
2025-01-30 04:07:03,038 INFO c.h.h.t.HelmChartContainer - [hivemq-test-hivemq-platform] [hivemq-platform-operator] [202a3df5] 04:07:03.032 [ReconcilerExecutor-hivemq-controller-143] DEBUG c.h.p.o.HiveMQPlatformReconciler - [helmcont] StatefulSet Spec (replicas: 2, init containers: 1, containers: 1, volumes: 3)
2025-01-30 04:07:03,038 INFO c.h.h.t.HelmChartContainer - [hivemq-test-hivemq-platform] [hivemq-platform-operator] [202a3df5] 04:07:03.033 [ReconcilerExecutor-hivemq-controller-143] DEBUG c.h.p.o.h.HiveMQPlatformReconcilerErrorHandler - [helmcont] Pod 'test-hivemq-platform-1' phase Running
2025-01-30 04:07:03,038 INFO c.h.h.t.HelmChartContainer - [hivemq-test-hivemq-platform] [hivemq-platform-operator] [202a3df5] 04:07:03.034 [ReconcilerExecutor-hivemq-controller-143] DEBUG c.h.p.o.h.HiveMQPlatformReconcilerErrorHandler - [helmcont] Pod 'test-hivemq-platform-0' phase Running
2025-01-30 04:07:03,041 INFO c.h.h.t.HelmChartContainer - [hivemq-test-hivemq-platform] [hivemq-platform-operator] [202a3df5] 04:07:03.041 [ReconcilerExecutor-hivemq-controller-143] DEBUG c.h.p.o.h.HiveMQPlatformReconcilerRollingRestartHandler - [helmcont] Skipping Pod test-hivemq-platform-1 as it's already on the controller update revision (update revision: test-hivemq-platform-85948b8786, pod revision: test-hivemq-platform-85948b8786)
2025-01-30 04:07:03,055 INFO c.h.h.t.HelmChartContainer - [hivemq-test-hivemq-platform] [hivemq-platform-operator] [202a3df5] 04:07:03.054 [ReconcilerExecutor-hivemq-controller-143] DEBUG c.h.p.o.h.HiveMQPlatformReconcilerRollingRestartHandler - [helmcont] Skipping Pod test-hivemq-platform-0 as it's already on the controller update revision (update revision: test-hivemq-platform-85948b8786, pod revision: test-hivemq-platform-85948b8786)
2025-01-30 04:07:03,055 INFO c.h.h.t.HelmChartContainer - [hivemq-test-hivemq-platform] [hivemq-platform-operator] [202a3df5] 04:07:03.054 [ReconcilerExecutor-hivemq-controller-143] INFO  c.h.p.o.h.HiveMQPlatformReconcilerRollingRestartHandler - [helmcont] Stopping surge Pod
2025-01-30 04:07:03,068 INFO c.h.h.t.HelmChartContainer - [hivemq-test-hivemq-platform] [hivemq-platform-operator] [202a3df5] 04:07:03.067 [ReconcilerExecutor-hivemq-controller-143] DEBUG c.h.p.operator.event.EventSender - [helmcont] Creating K8s event rolling-restart-scale-down-in-progress: [RollingRestart] HiveMQ Platform is stopping the surge Pod (rolling restart)
2025-01-30 04:07:03,072 INFO c.h.h.t.HelmChartContainer - [hivemq-test-hivemq-platform] [hivemq-platform-operator] [202a3df5] 04:07:03.071 [ReconcilerExecutor-hivemq-controller-143] INFO  c.h.p.o.h.AbstractHiveMQReconcilerStateHandler - [helmcont] Update HiveMQ Platform Status (ROLLING_RESTART [RESTART_PODS_IN_PROGRESS] -> ROLLING_RESTART [SCALE_DOWN_IN_PROGRESS]): HiveMQ Platform is stopping the surge Pod (rolling restart)
2025-01-30 04:07:03,072 INFO c.h.h.t.HelmChartContainer - [EVENT] Normal [RollingRestart] HiveMQ Platform is stopping the surge Pod (rolling restart) [helmcontainersecuritycontextupgradeplatformit:test-hivemq-platform]
2025-01-30 04:07:03,079 DEBUG com.hivemq.helmcharts.util.K8sUtil - Comparing actual state 'ROLLING_RESTART' and waiting for 'RUNNING'
2025-01-30 04:07:03,082 INFO c.h.h.t.HelmChartContainer - [hivemq-test-hivemq-platform] [hivemq-platform-operator] [202a3df5] 04:07:03.080 [pool-6-thread-40] DEBUG c.h.p.o.d.PlatformServiceResource - [helmcont] Desired Platform services (3 services)
2025-01-30 04:07:03,082 INFO c.h.h.t.HelmChartContainer - [hivemq-test-hivemq-platform] [hivemq-platform-operator] [202a3df5] 04:07:03.081 [pool-6-thread-37] DEBUG c.h.p.o.dependants.PodInfoConfigMap - [helmcont] Desired PodInfo ConfigMap (1 extensions) (1 enabled)
2025-01-30 04:07:03,082 INFO c.h.h.t.HelmChartContainer - [hivemq-test-hivemq-platform] [hivemq-platform-operator] [202a3df5] 04:07:03.081 [pool-6-thread-37] DEBUG c.h.p.o.dependants.PodInfoConfigMap - [helmcont] Desired PodInfo ConfigMap (metrics port: 9399) (metrics path: /)
2025-01-30 04:07:03,082 INFO c.h.h.t.HelmChartContainer - [hivemq-test-hivemq-platform] [hivemq-platform-operator] [202a3df5] 04:07:03.081 [pool-6-thread-37] DEBUG c.h.p.o.dependants.PodInfoConfigMap - [helmcont] Desired PodInfo ConfigMap (extension state hash: -1817474005)
2025-01-30 04:07:03,082 INFO c.h.h.t.HelmChartContainer - [hivemq-test-hivemq-platform] [hivemq-platform-operator] [202a3df5] 04:07:03.081 [pool-6-thread-35] DEBUG c.h.p.o.d.PodServiceAccountResource - [helmcont] Desired PodServiceAccountResource (serviceAccountName: hivemq-platform-pod-test-hivemq-platform)
2025-01-30 04:07:03,134 INFO c.h.h.t.HelmChartContainer - [hivemq-test-hivemq-platform] [hivemq-platform-operator] [202a3df5] 04:07:03.133 [pool-6-thread-37] DEBUG c.h.p.o.dependants.PodInfoConfigMap - [helmcont] Update PodInfo ConfigMap
2025-01-30 04:07:03,161 INFO c.h.h.t.HelmChartContainer - [hivemq-test-hivemq-platform] [hivemq-platform-operator] [202a3df5] 04:07:03.160 [pool-6-thread-37] DEBUG c.h.p.o.d.StatefulSetResource - [helmcont] Desired StatefulSet (1 replicas) for status ROLLING_RESTART (SCALE_DOWN_IN_PROGRESS)
2025-01-30 04:07:03,163 INFO c.h.h.t.HelmChartContainer - [hivemq-test-hivemq-platform] [hivemq-platform-operator] [202a3df5] 04:07:03.163 [pool-6-thread-37] DEBUG c.h.p.o.d.StatefulSetResource - [helmcont] Update StatefulSet (replicas: 2 -> 1)
2025-01-30 04:07:03,250 INFO c.h.h.t.HelmChartContainer - [POD] test-hivemq-platform-1 [19dd1892-b5c3-4452-b8fb-5d75902b8cd1] in helmcontainersecuritycontextupgradeplatformit was MODIFIED
2025-01-30 04:07:03,251 INFO c.h.h.t.HelmChartContainer - [EVENT] Normal [SuccessfulDelete] delete Pod test-hivemq-platform-1 in StatefulSet test-hivemq-platform successful [helmcontainersecuritycontextupgradeplatformit:test-hivemq-platform]
2025-01-30 04:07:03,261 INFO c.h.h.t.HelmChartContainer - [hivemq-test-hivemq-platform] [hivemq-platform-operator] [202a3df5] 04:07:03.256 [ReconcilerExecutor-hivemq-controller-144] INFO  c.h.p.o.HiveMQPlatformReconciler - [helmcont] Reconciling HiveMQ Platform 'test-hivemq-platform' in namespace 'helmcontainersecuritycontextupgradeplatformit'
2025-01-30 04:07:03,261 INFO c.h.h.t.HelmChartContainer - [hivemq-test-hivemq-platform] [hivemq-platform-operator] [202a3df5] 04:07:03.256 [ReconcilerExecutor-hivemq-controller-144] DEBUG c.h.p.o.HiveMQPlatformReconciler - [helmcont] Custom Resource Status ROLLING_RESTART - HiveMQ Platform is stopping the surge Pod (rolling restart) (SCALE_DOWN_IN_PROGRESS)
2025-01-30 04:07:03,261 INFO c.h.h.t.HelmChartContainer - [hivemq-test-hivemq-platform] [hivemq-platform-operator] [202a3df5] 04:07:03.256 [ReconcilerExecutor-hivemq-controller-144] DEBUG c.h.p.o.HiveMQPlatformReconciler - [helmcont] Custom Resource Spec (replicas: 1) (extensions: 1)
2025-01-30 04:07:03,261 INFO c.h.h.t.HelmChartContainer - [hivemq-test-hivemq-platform] [hivemq-platform-operator] [202a3df5] 04:07:03.257 [ReconcilerExecutor-hivemq-controller-144] DEBUG c.h.p.o.HiveMQPlatformReconciler - [helmcont] StatefulSet Status (revision: test-hivemq-platform-85948b8786, replicas: 2, available: 2, ready: 2, current: 0, updated: 2)
2025-01-30 04:07:03,261 INFO c.h.h.t.HelmChartContainer - [hivemq-test-hivemq-platform] [hivemq-platform-operator] [202a3df5] 04:07:03.257 [ReconcilerExecutor-hivemq-controller-144] DEBUG c.h.p.o.HiveMQPlatformReconciler - [helmcont] StatefulSet Spec (replicas: 1, init containers: 1, containers: 1, volumes: 3)
2025-01-30 04:07:03,265 INFO c.h.h.t.HelmChartContainer - [hivemq-test-hivemq-platform] [hivemq-platform-operator] [202a3df5] 04:07:03.260 [ReconcilerExecutor-hivemq-controller-144] DEBUG c.h.p.o.h.HiveMQPlatformReconcilerErrorHandler - [helmcont] Pod 'test-hivemq-platform-0' phase Running
2025-01-30 04:07:03,265 INFO c.h.h.t.HelmChartContainer - [hivemq-test-hivemq-platform] [hivemq-platform-operator] [202a3df5] 04:07:03.262 [ReconcilerExecutor-hivemq-controller-144] DEBUG c.h.p.o.h.HiveMQPlatformReconcilerRollingRestartHandler - [helmcont] Rolling restart is waiting for 2 of 1 replicas
2025-01-30 04:07:03,270 INFO c.h.h.t.HelmChartContainer - [hivemq-test-hivemq-platform] [hivemq-platform-operator] [202a3df5] 04:07:03.265 [pool-6-thread-45] DEBUG c.h.p.o.d.PlatformServiceResource - [helmcont] Desired Platform services (3 services)
2025-01-30 04:07:03,270 INFO c.h.h.t.HelmChartContainer - [hivemq-test-hivemq-platform] [hivemq-platform-operator] [202a3df5] 04:07:03.266 [pool-6-thread-44] DEBUG c.h.p.o.d.PodServiceAccountResource - [helmcont] Desired PodServiceAccountResource (serviceAccountName: hivemq-platform-pod-test-hivemq-platform)
2025-01-30 04:07:03,270 INFO c.h.h.t.HelmChartContainer - [hivemq-test-hivemq-platform] [hivemq-platform-operator] [202a3df5] 04:07:03.267 [pool-6-thread-49] DEBUG c.h.p.o.dependants.PodInfoConfigMap - [helmcont] Desired PodInfo ConfigMap (1 extensions) (1 enabled)
2025-01-30 04:07:03,270 INFO c.h.h.t.HelmChartContainer - [hivemq-test-hivemq-platform] [hivemq-platform-operator] [202a3df5] 04:07:03.267 [pool-6-thread-49] DEBUG c.h.p.o.dependants.PodInfoConfigMap - [helmcont] Desired PodInfo ConfigMap (metrics port: 9399) (metrics path: /)
2025-01-30 04:07:03,270 INFO c.h.h.t.HelmChartContainer - [hivemq-test-hivemq-platform] [hivemq-platform-operator] [202a3df5] 04:07:03.267 [pool-6-thread-49] DEBUG c.h.p.o.dependants.PodInfoConfigMap - [helmcont] Desired PodInfo ConfigMap (extension state hash: -1817474005)
2025-01-30 04:07:03,335 INFO c.h.h.t.HelmChartContainer - [hivemq-test-hivemq-platform] [hivemq-platform-operator] [202a3df5] 04:07:03.334 [pool-6-thread-45] DEBUG c.h.p.o.d.StatefulSetResource - [helmcont] Desired StatefulSet (1 replicas) for status ROLLING_RESTART (SCALE_DOWN_IN_PROGRESS)
2025-01-30 04:07:03,353 INFO c.h.h.t.HelmChartContainer - [hivemq-test-hivemq-platform] [hivemq-platform-operator] [202a3df5] 04:07:03.352 [ReconcilerExecutor-hivemq-controller-145] INFO  c.h.p.o.HiveMQPlatformReconciler - [helmcont] Reconciling HiveMQ Platform 'test-hivemq-platform' in namespace 'helmcontainersecuritycontextupgradeplatformit'
2025-01-30 04:07:03,353 INFO c.h.h.t.HelmChartContainer - [hivemq-test-hivemq-platform] [hivemq-platform-operator] [202a3df5] 04:07:03.352 [ReconcilerExecutor-hivemq-controller-145] DEBUG c.h.p.o.HiveMQPlatformReconciler - [helmcont] Custom Resource Status ROLLING_RESTART - HiveMQ Platform is stopping the surge Pod (rolling restart) (SCALE_DOWN_IN_PROGRESS)
2025-01-30 04:07:03,353 INFO c.h.h.t.HelmChartContainer - [hivemq-test-hivemq-platform] [hivemq-platform-operator] [202a3df5] 04:07:03.352 [ReconcilerExecutor-hivemq-controller-145] DEBUG c.h.p.o.HiveMQPlatformReconciler - [helmcont] Custom Resource Spec (replicas: 1) (extensions: 1)
2025-01-30 04:07:03,355 INFO c.h.h.t.HelmChartContainer - [hivemq-test-hivemq-platform] [hivemq-platform-operator] [202a3df5] 04:07:03.353 [ReconcilerExecutor-hivemq-controller-145] DEBUG c.h.p.o.HiveMQPlatformReconciler - [helmcont] StatefulSet Status (revision: test-hivemq-platform-85948b8786, replicas: 2, available: 2, ready: 2, current: 0, updated: 1)
2025-01-30 04:07:03,355 INFO c.h.h.t.HelmChartContainer - [hivemq-test-hivemq-platform] [hivemq-platform-operator] [202a3df5] 04:07:03.353 [ReconcilerExecutor-hivemq-controller-145] DEBUG c.h.p.o.HiveMQPlatformReconciler - [helmcont] StatefulSet Spec (replicas: 1, init containers: 1, containers: 1, volumes: 3)
2025-01-30 04:07:03,356 INFO c.h.h.t.HelmChartContainer - [hivemq-test-hivemq-platform] [hivemq-platform-operator] [202a3df5] 04:07:03.355 [ReconcilerExecutor-hivemq-controller-145] DEBUG c.h.p.o.h.HiveMQPlatformReconcilerErrorHandler - [helmcont] Pod 'test-hivemq-platform-0' phase Running
2025-01-30 04:07:03,356 INFO c.h.h.t.HelmChartContainer - [hivemq-test-hivemq-platform] [hivemq-platform-operator] [202a3df5] 04:07:03.356 [ReconcilerExecutor-hivemq-controller-145] DEBUG c.h.p.o.h.HiveMQPlatformReconcilerRollingRestartHandler - [helmcont] Rolling restart is waiting for 2 of 1 replicas
2025-01-30 04:07:03,361 INFO c.h.h.t.HelmChartContainer - [hivemq-test-hivemq-platform] [hivemq-platform-operator] [202a3df5] 04:07:03.358 [pool-6-thread-9] DEBUG c.h.p.o.d.PlatformServiceResource - [helmcont] Desired Platform services (3 services)
2025-01-30 04:07:03,361 INFO c.h.h.t.HelmChartContainer - [hivemq-test-hivemq-platform] [hivemq-platform-operator] [202a3df5] 04:07:03.358 [pool-6-thread-3] DEBUG c.h.p.o.dependants.PodInfoConfigMap - [helmcont] Desired PodInfo ConfigMap (1 extensions) (1 enabled)
2025-01-30 04:07:03,361 INFO c.h.h.t.HelmChartContainer - [hivemq-test-hivemq-platform] [hivemq-platform-operator] [202a3df5] 04:07:03.358 [pool-6-thread-3] DEBUG c.h.p.o.dependants.PodInfoConfigMap - [helmcont] Desired PodInfo ConfigMap (metrics port: 9399) (metrics path: /)
2025-01-30 04:07:03,361 INFO c.h.h.t.HelmChartContainer - [hivemq-test-hivemq-platform] [hivemq-platform-operator] [202a3df5] 04:07:03.358 [pool-6-thread-3] DEBUG c.h.p.o.dependants.PodInfoConfigMap - [helmcont] Desired PodInfo ConfigMap (extension state hash: -1817474005)
2025-01-30 04:07:03,361 INFO c.h.h.t.HelmChartContainer - [hivemq-test-hivemq-platform] [hivemq-platform-operator] [202a3df5] 04:07:03.359 [pool-6-thread-2] DEBUG c.h.p.o.d.PodServiceAccountResource - [helmcont] Desired PodServiceAccountResource (serviceAccountName: hivemq-platform-pod-test-hivemq-platform)
2025-01-30 04:07:03,362 INFO c.h.h.t.HelmChartContainer - [hivemq-test-hivemq-platform] [hivemq-platform-operator] [202a3df5] 04:07:03.362 [pool-6-thread-9] DEBUG c.h.p.o.d.StatefulSetResource - [helmcont] Desired StatefulSet (1 replicas) for status ROLLING_RESTART (SCALE_DOWN_IN_PROGRESS)
2025-01-30 04:07:03,365 INFO c.h.h.t.HelmChartContainer - [hivemq-test-hivemq-platform] [hivemq-platform-operator] [202a3df5] 04:07:03.364 [ReconcilerExecutor-hivemq-controller-146] INFO  c.h.p.o.HiveMQPlatformReconciler - [helmcont] Reconciling HiveMQ Platform 'test-hivemq-platform' in namespace 'helmcontainersecuritycontextupgradeplatformit'
2025-01-30 04:07:03,365 INFO c.h.h.t.HelmChartContainer - [hivemq-test-hivemq-platform] [hivemq-platform-operator] [202a3df5] 04:07:03.364 [ReconcilerExecutor-hivemq-controller-146] DEBUG c.h.p.o.HiveMQPlatformReconciler - [helmcont] Custom Resource Status ROLLING_RESTART - HiveMQ Platform is stopping the surge Pod (rolling restart) (SCALE_DOWN_IN_PROGRESS)
2025-01-30 04:07:03,365 INFO c.h.h.t.HelmChartContainer - [hivemq-test-hivemq-platform] [hivemq-platform-operator] [202a3df5] 04:07:03.364 [ReconcilerExecutor-hivemq-controller-146] DEBUG c.h.p.o.HiveMQPlatformReconciler - [helmcont] Custom Resource Spec (replicas: 1) (extensions: 1)
2025-01-30 04:07:03,366 INFO c.h.h.t.HelmChartContainer - [hivemq-test-hivemq-platform] [hivemq-platform-operator] [202a3df5] 04:07:03.365 [ReconcilerExecutor-hivemq-controller-146] DEBUG c.h.p.o.HiveMQPlatformReconciler - [helmcont] StatefulSet Status (revision: test-hivemq-platform-85948b8786, replicas: 2, available: 2, ready: 2, current: 0, updated: 1)
2025-01-30 04:07:03,367 INFO c.h.h.t.HelmChartContainer - [hivemq-test-hivemq-platform] [hivemq-platform-operator] [202a3df5] 04:07:03.365 [ReconcilerExecutor-hivemq-controller-146] DEBUG c.h.p.o.HiveMQPlatformReconciler - [helmcont] StatefulSet Spec (replicas: 1, init containers: 1, containers: 1, volumes: 3)
2025-01-30 04:07:03,435 INFO c.h.h.t.HelmChartContainer - [hivemq-test-hivemq-platform] [hivemq-platform-operator] [202a3df5] 04:07:03.435 [ReconcilerExecutor-hivemq-controller-146] DEBUG c.h.p.o.h.HiveMQPlatformReconcilerErrorHandler - [helmcont] Pod 'test-hivemq-platform-0' phase Running
2025-01-30 04:07:03,436 INFO c.h.h.t.HelmChartContainer - [hivemq-test-hivemq-platform] [hivemq-platform-operator] [202a3df5] 04:07:03.435 [ReconcilerExecutor-hivemq-controller-146] DEBUG c.h.p.o.h.HiveMQPlatformReconcilerRollingRestartHandler - [helmcont] Rolling restart is waiting for 2 of 1 replicas
2025-01-30 04:07:03,816 INFO c.h.h.t.HelmChartContainer - [EVENT] Normal [Killing] Stopping container hivemq [helmcontainersecuritycontextupgradeplatformit:test-hivemq-platform-1]
2025-01-30 04:07:03,816 INFO c.h.h.t.HelmChartContainer - Received Killing event for container hivemq in pod test-hivemq-platform-1 [19dd1892-b5c3-4452-b8fb-5d75902b8cd1]
2025-01-30 04:07:03,816 INFO c.h.h.t.HelmChartContainer - Container [test-hivemq-platform-1] [hivemq] [19dd1892-b5c3-4452-b8fb-5d75902b8cd1] was terminated
2025-01-30 04:07:03,816 INFO c.h.h.t.HelmChartContainer - Stopped log watcher for hivemq in pod test-hivemq-platform-1 [19dd1892-b5c3-4452-b8fb-5d75902b8cd1]
2025-01-30 04:07:03,819 INFO c.h.h.t.HelmChartContainer - [test-hivemq-platform] [hivemq] [19dd1892] INFO  - [HiveMQ Platform Operator Init App 1.7.0-SNAPSHOT] Shutting down
2025-01-30 04:07:03,819 INFO c.h.h.t.HelmChartContainer - [test-hivemq-platform] [hivemq] [19dd1892] INFO  - [HiveMQ Platform Operator Init App 1.7.0-SNAPSHOT] Stopping the HiveMQ Platform
2025-01-30 04:07:03,951 INFO c.h.h.t.HelmChartContainer - [test-hivemq-platform] [hivemq] [19dd1892] INFO  - Shutting down HiveMQ. Please wait, this could take a while...
2025-01-30 04:07:03,955 INFO c.h.h.t.HelmChartContainer - [test-hivemq-platform] [hivemq] [19dd1892] INFO  - Shutting down listeners and clients
2025-01-30 04:07:03,956 INFO c.h.h.t.HelmChartContainer - [test-hivemq-platform] [hivemq] [19dd1892] INFO  - Shutdown of listeners is done
2025-01-30 04:07:03,956 INFO c.h.h.t.HelmChartContainer - [test-hivemq-platform] [hivemq] [19dd1892] INFO  - No clients are connected, proceeding with shutdown
2025-01-30 04:07:06,865 INFO c.h.h.t.HelmChartContainer - [test-hivemq-platform] [hivemq] [19dd1892] INFO  - [HiveMQ Platform Operator Init App 1.7.0-SNAPSHOT] Returning shutdown Health API response 503 for readiness
2025-01-30 04:07:06,869 INFO c.h.h.t.HelmChartContainer - [EVENT] Warning [Unhealthy] Readiness probe failed: HTTP probe failed with statuscode: 503 [helmcontainersecuritycontextupgradeplatformit:test-hivemq-platform-1]
2025-01-30 04:07:06,869 INFO c.h.h.t.HelmChartContainer - Received Unhealthy event for container hivemq in pod test-hivemq-platform-1 [19dd1892-b5c3-4452-b8fb-5d75902b8cd1]
2025-01-30 04:07:07,364 INFO c.h.h.t.HelmChartContainer - [test-hivemq-platform] [hivemq] [19dd1892] INFO  - Shutting down extension system
2025-01-30 04:07:07,365 INFO c.h.h.t.HelmChartContainer - [test-hivemq-platform] [hivemq] [19dd1892] INFO  - Stopping extension with id hivemq-dns-cluster-discovery
2025-01-30 04:07:07,366 INFO c.h.h.t.HelmChartContainer - [test-hivemq-platform] [hivemq] [19dd1892] INFO  - Extension "DNS Cluster Discovery Extension" version 4.3.2 stopped successfully.
2025-01-30 04:07:07,366 INFO c.h.h.t.HelmChartContainer - [test-hivemq-platform] [hivemq] [19dd1892] INFO  - Stopping extension with id hivemq-prometheus-extension
2025-01-30 04:07:07,372 INFO c.h.h.t.HelmChartContainer - [test-hivemq-platform] [hivemq] [19dd1892] INFO  - Extension "Prometheus Monitoring Extension" version 4.0.12 stopped successfully.
2025-01-30 04:07:07,373 INFO c.h.h.t.HelmChartContainer - [test-hivemq-platform] [hivemq] [19dd1892] INFO  - Stopping extension with id hivemq-allow-all-extension
2025-01-30 04:07:07,373 INFO c.h.h.t.HelmChartContainer - [test-hivemq-platform] [hivemq] [19dd1892] INFO  - Extension "Allow All Extension" version 1.1.1 stopped successfully.
2025-01-30 04:07:07,380 INFO c.h.h.t.HelmChartContainer - [test-hivemq-platform] [hivemq] [97e3c9ac] INFO  - Cluster nodes found by discovery: [LOKBe|4] (1) [LOKBe].
2025-01-30 04:07:07,387 INFO c.h.h.t.HelmChartContainer - [test-hivemq-platform] [hivemq] [97e3c9ac] INFO  - Cluster size = 1, members : [LOKBe].
2025-01-30 04:07:09,750 INFO c.h.h.t.HelmChartContainer - [test-hivemq-platform] [hivemq] [19dd1892] INFO  - Shutdown completed.
2025-01-30 04:07:10,102 INFO c.h.h.t.HelmChartContainer - [test-hivemq-platform] [hivemq] [97e3c9ac] INFO  - [HiveMQ Platform Operator Init App 1.7.0-SNAPSHOT] Returning Health API response 200 for liveness
2025-01-30 04:07:10,102 INFO c.h.h.t.HelmChartContainer - [test-hivemq-platform] [hivemq] [19dd1892] INFO  - [HiveMQ Platform Operator Init App 1.7.0-SNAPSHOT] The HiveMQ Platform exited with code 143
2025-01-30 04:07:10,102 INFO c.h.h.t.HelmChartContainer - [test-hivemq-platform] [hivemq] [19dd1892] INFO  - [HiveMQ Platform Operator Init App 1.7.0-SNAPSHOT] Stopping the REST API
2025-01-30 04:07:10,110 INFO c.h.h.t.HelmChartContainer - [test-hivemq-platform] [hivemq] [19dd1892] INFO  - [HiveMQ Platform Operator Init App 1.7.0-SNAPSHOT] Shutdown complete
2025-01-30 04:07:10,662 INFO c.h.h.t.HelmChartContainer - [POD] test-hivemq-platform-1 [19dd1892-b5c3-4452-b8fb-5d75902b8cd1] in helmcontainersecuritycontextupgradeplatformit was MODIFIED
2025-01-30 04:07:10,672 INFO c.h.h.t.HelmChartContainer - [hivemq-test-hivemq-platform] [hivemq-platform-operator] [202a3df5] 04:07:10.665 [pool-6-thread-17] DEBUG c.h.p.o.d.PlatformServiceResource - [helmcont] Desired Platform services (3 services)
2025-01-30 04:07:10,676 INFO c.h.h.t.HelmChartContainer - [hivemq-test-hivemq-platform] [hivemq-platform-operator] [202a3df5] 04:07:10.669 [pool-6-thread-12] DEBUG c.h.p.o.d.PodServiceAccountResource - [helmcont] Desired PodServiceAccountResource (serviceAccountName: hivemq-platform-pod-test-hivemq-platform)
2025-01-30 04:07:10,676 INFO c.h.h.t.HelmChartContainer - [hivemq-test-hivemq-platform] [hivemq-platform-operator] [202a3df5] 04:07:10.666 [pool-6-thread-11] DEBUG c.h.p.o.dependants.PodInfoConfigMap - [helmcont] Desired PodInfo ConfigMap (1 extensions) (1 enabled)
2025-01-30 04:07:10,676 INFO c.h.h.t.HelmChartContainer - [hivemq-test-hivemq-platform] [hivemq-platform-operator] [202a3df5] 04:07:10.673 [pool-6-thread-11] DEBUG c.h.p.o.dependants.PodInfoConfigMap - [helmcont] Desired PodInfo ConfigMap (metrics port: 9399) (metrics path: /)
2025-01-30 04:07:10,676 INFO c.h.h.t.HelmChartContainer - [hivemq-test-hivemq-platform] [hivemq-platform-operator] [202a3df5] 04:07:10.673 [pool-6-thread-11] DEBUG c.h.p.o.dependants.PodInfoConfigMap - [helmcont] Desired PodInfo ConfigMap (extension state hash: -1817474005)
2025-01-30 04:07:10,678 INFO c.h.h.t.HelmChartContainer - [hivemq-test-hivemq-platform] [hivemq-platform-operator] [202a3df5] 04:07:10.677 [pool-6-thread-11] DEBUG c.h.p.o.d.StatefulSetResource - [helmcont] Desired StatefulSet (1 replicas) for status ROLLING_RESTART (SCALE_DOWN_IN_PROGRESS)
2025-01-30 04:07:10,684 INFO c.h.h.t.HelmChartContainer - [hivemq-test-hivemq-platform] [hivemq-platform-operator] [202a3df5] 04:07:10.681 [ReconcilerExecutor-hivemq-controller-147] INFO  c.h.p.o.HiveMQPlatformReconciler - [helmcont] Reconciling HiveMQ Platform 'test-hivemq-platform' in namespace 'helmcontainersecuritycontextupgradeplatformit'
2025-01-30 04:07:10,685 INFO c.h.h.t.HelmChartContainer - [hivemq-test-hivemq-platform] [hivemq-platform-operator] [202a3df5] 04:07:10.681 [ReconcilerExecutor-hivemq-controller-147] DEBUG c.h.p.o.HiveMQPlatformReconciler - [helmcont] Custom Resource Status ROLLING_RESTART - HiveMQ Platform is stopping the surge Pod (rolling restart) (SCALE_DOWN_IN_PROGRESS)
2025-01-30 04:07:10,685 INFO c.h.h.t.HelmChartContainer - [hivemq-test-hivemq-platform] [hivemq-platform-operator] [202a3df5] 04:07:10.681 [ReconcilerExecutor-hivemq-controller-147] DEBUG c.h.p.o.HiveMQPlatformReconciler - [helmcont] Custom Resource Spec (replicas: 1) (extensions: 1)
2025-01-30 04:07:10,688 INFO c.h.h.t.HelmChartContainer - [hivemq-test-hivemq-platform] [hivemq-platform-operator] [202a3df5] 04:07:10.682 [ReconcilerExecutor-hivemq-controller-147] DEBUG c.h.p.o.HiveMQPlatformReconciler - [helmcont] StatefulSet Status (revision: test-hivemq-platform-85948b8786, replicas: 2, available: 1, ready: 1, current: 0, updated: 1)
2025-01-30 04:07:10,688 INFO c.h.h.t.HelmChartContainer - [hivemq-test-hivemq-platform] [hivemq-platform-operator] [202a3df5] 04:07:10.682 [ReconcilerExecutor-hivemq-controller-147] DEBUG c.h.p.o.HiveMQPlatformReconciler - [helmcont] StatefulSet Spec (replicas: 1, init containers: 1, containers: 1, volumes: 3)
2025-01-30 04:07:10,688 INFO c.h.h.t.HelmChartContainer - [hivemq-test-hivemq-platform] [hivemq-platform-operator] [202a3df5] 04:07:10.683 [ReconcilerExecutor-hivemq-controller-147] DEBUG c.h.p.o.h.HiveMQPlatformReconcilerErrorHandler - [helmcont] Pod 'test-hivemq-platform-0' phase Running
2025-01-30 04:07:10,688 INFO c.h.h.t.HelmChartContainer - [hivemq-test-hivemq-platform] [hivemq-platform-operator] [202a3df5] 04:07:10.684 [ReconcilerExecutor-hivemq-controller-147] INFO  c.h.p.o.h.HiveMQPlatformReconcilerRollingRestartHandler - [helmcont] Rolling restart is done
2025-01-30 04:07:10,697 INFO c.h.h.t.HelmChartContainer - [EVENT] Normal [Ready] HiveMQ Platform is ready [helmcontainersecuritycontextupgradeplatformit:test-hivemq-platform]
2025-01-30 04:07:10,697 INFO c.h.h.t.HelmChartContainer - [hivemq-test-hivemq-platform] [hivemq-platform-operator] [202a3df5] 04:07:10.696 [ReconcilerExecutor-hivemq-controller-147] DEBUG c.h.p.operator.event.EventSender - [helmcont] Updating K8s event hivemq-platform-ready: [Ready] HiveMQ Platform is ready
2025-01-30 04:07:10,697 INFO c.h.h.t.HelmChartContainer - [hivemq-test-hivemq-platform] [hivemq-platform-operator] [202a3df5] 04:07:10.697 [ReconcilerExecutor-hivemq-controller-147] INFO  c.h.p.o.h.AbstractHiveMQReconcilerStateHandler - [helmcont] Update HiveMQ Platform Status (ROLLING_RESTART [SCALE_DOWN_IN_PROGRESS] -> RUNNING [READY]): HiveMQ Platform is ready
2025-01-30 04:07:10,714 INFO c.h.h.t.HelmChartContainer - [K3S] [reconciler_common.go:162] "operationExecutor.UnmountVolume started for volume \"broker-configuration\" (UniqueName: \"kubernetes.io/configmap/19dd1892-b5c3-4452-b8fb-5d75902b8cd1-broker-configuration\") pod \"19dd1892-b5c3-4452-b8fb-5d75902b8cd1\" (UID: \"19dd1892-b5c3-4452-b8fb-5d75902b8cd1\") "
2025-01-30 04:07:10,714 INFO c.h.h.t.HelmChartContainer - [K3S] [reconciler_common.go:162] "operationExecutor.UnmountVolume started for volume \"kube-api-access-c54g4\" (UniqueName: \"kubernetes.io/projected/19dd1892-b5c3-4452-b8fb-5d75902b8cd1-kube-api-access-c54g4\") pod \"19dd1892-b5c3-4452-b8fb-5d75902b8cd1\" (UID: \"19dd1892-b5c3-4452-b8fb-5d75902b8cd1\") "
2025-01-30 04:07:10,714 INFO c.h.h.t.HelmChartContainer - [K3S] [reconciler_common.go:162] "operationExecutor.UnmountVolume started for volume \"operator-init\" (UniqueName: \"kubernetes.io/empty-dir/19dd1892-b5c3-4452-b8fb-5d75902b8cd1-operator-init\") pod \"19dd1892-b5c3-4452-b8fb-5d75902b8cd1\" (UID: \"19dd1892-b5c3-4452-b8fb-5d75902b8cd1\") "
2025-01-30 04:07:10,714 INFO c.h.h.t.HelmChartContainer - [K3S] [reconciler_common.go:162] "operationExecutor.UnmountVolume started for volume \"pod-info\" (UniqueName: \"kubernetes.io/configmap/19dd1892-b5c3-4452-b8fb-5d75902b8cd1-pod-info\") pod \"19dd1892-b5c3-4452-b8fb-5d75902b8cd1\" (UID: \"19dd1892-b5c3-4452-b8fb-5d75902b8cd1\") "
2025-01-30 04:07:10,761 DEBUG com.hivemq.helmcharts.util.K8sUtil - Comparing actual state 'RUNNING' and waiting for 'RUNNING'
2025-01-30 04:07:10,762 INFO c.h.h.t.HelmChartContainer - Uninstalling release 'test-hivemq-platform' in namespace 'helmcontainersecuritycontextupgradeplatformit'...
2025-01-30 04:07:10,762 DEBUG c.h.h.t.HelmChartContainer - Executing helm command: /bin/helm --kubeconfig /etc/rancher/k3s/k3s.yaml uninstall test-hivemq-platform  --wait --timeout 5m0s --cascade foreground --namespace helmcontainersecuritycontextupgradeplatformit
2025-01-30 04:07:10,768 INFO c.h.h.t.HelmChartContainer - [hivemq-test-hivemq-platform] [hivemq-platform-operator] [202a3df5] 04:07:10.765 [pool-6-thread-25] DEBUG c.h.p.o.d.PlatformServiceResource - [helmcont] Desired Platform services (3 services)
2025-01-30 04:07:10,768 INFO c.h.h.t.HelmChartContainer - [hivemq-test-hivemq-platform] [hivemq-platform-operator] [202a3df5] 04:07:10.766 [pool-6-thread-26] DEBUG c.h.p.o.d.PodServiceAccountResource - [helmcont] Desired PodServiceAccountResource (serviceAccountName: hivemq-platform-pod-test-hivemq-platform)
2025-01-30 04:07:10,770 INFO c.h.h.t.HelmChartContainer - [hivemq-test-hivemq-platform] [hivemq-platform-operator] [202a3df5] 04:07:10.769 [pool-6-thread-28] DEBUG c.h.p.o.dependants.PodInfoConfigMap - [helmcont] Desired PodInfo ConfigMap (1 extensions) (1 enabled)
2025-01-30 04:07:10,770 INFO c.h.h.t.HelmChartContainer - [hivemq-test-hivemq-platform] [hivemq-platform-operator] [202a3df5] 04:07:10.769 [pool-6-thread-28] DEBUG c.h.p.o.dependants.PodInfoConfigMap - [helmcont] Desired PodInfo ConfigMap (metrics port: 9399) (metrics path: /)
2025-01-30 04:07:10,770 INFO c.h.h.t.HelmChartContainer - [hivemq-test-hivemq-platform] [hivemq-platform-operator] [202a3df5] 04:07:10.769 [pool-6-thread-28] DEBUG c.h.p.o.dependants.PodInfoConfigMap - [helmcont] Desired PodInfo ConfigMap (extension state hash: -1817474005)
2025-01-30 04:07:10,772 INFO c.h.h.t.HelmChartContainer - [hivemq-test-hivemq-platform] [hivemq-platform-operator] [202a3df5] 04:07:10.769 [pool-6-thread-28] DEBUG c.h.p.o.dependants.PodInfoConfigMap - [helmcont] Update PodInfo ConfigMap
2025-01-30 04:07:10,814 INFO c.h.h.t.HelmChartContainer - [K3S] [reconciler_common.go:299] "Volume detached for volume \"broker-configuration\" (UniqueName: \"kubernetes.io/configmap/19dd1892-b5c3-4452-b8fb-5d75902b8cd1-broker-configuration\") on node \"6c872e703766\" DevicePath \"\""
2025-01-30 04:07:10,814 INFO c.h.h.t.HelmChartContainer - [K3S] [reconciler_common.go:299] "Volume detached for volume \"kube-api-access-c54g4\" (UniqueName: \"kubernetes.io/projected/19dd1892-b5c3-4452-b8fb-5d75902b8cd1-kube-api-access-c54g4\") on node \"6c872e703766\" DevicePath \"\""
2025-01-30 04:07:10,814 INFO c.h.h.t.HelmChartContainer - [K3S] [reconciler_common.go:299] "Volume detached for volume \"operator-init\" (UniqueName: \"kubernetes.io/empty-dir/19dd1892-b5c3-4452-b8fb-5d75902b8cd1-operator-init\") on node \"6c872e703766\" DevicePath \"\""
2025-01-30 04:07:10,814 INFO c.h.h.t.HelmChartContainer - [K3S] [reconciler_common.go:299] "Volume detached for volume \"pod-info\" (UniqueName: \"kubernetes.io/configmap/19dd1892-b5c3-4452-b8fb-5d75902b8cd1-pod-info\") on node \"6c872e703766\" DevicePath \"\""
2025-01-30 04:07:10,822 INFO c.h.h.t.HelmChartContainer - [K3S] [scope.go:117] "RemoveContainer" containerID="a7478de3822323931ee8485f90f7d0a0dfcdf492ca688ae226a0089473ba5ff8"
2025-01-30 04:07:10,844 INFO c.h.h.t.HelmChartContainer - [POD] test-hivemq-platform-1 [19dd1892-b5c3-4452-b8fb-5d75902b8cd1] in helmcontainersecuritycontextupgradeplatformit was MODIFIED
2025-01-30 04:07:10,850 INFO c.h.h.t.HelmChartContainer - [POD] test-hivemq-platform-1 [19dd1892-b5c3-4452-b8fb-5d75902b8cd1] in helmcontainersecuritycontextupgradeplatformit was DELETED
2025-01-30 04:07:10,868 INFO c.h.h.t.HelmChartContainer - [hivemq-test-hivemq-platform] [hivemq-platform-operator] [202a3df5] 04:07:10.859 [pool-6-thread-28] DEBUG c.h.p.o.d.StatefulSetResource - [helmcont] Desired StatefulSet (1 replicas) for status RUNNING (READY)
2025-01-30 04:07:10,869 INFO c.h.h.t.HelmChartContainer - [hivemq-test-hivemq-platform] [hivemq-platform-operator] [202a3df5] 04:07:10.865 [ReconcilerExecutor-hivemq-controller-148] INFO  c.h.p.o.HiveMQPlatformReconciler - [helmcont] Reconciling HiveMQ Platform 'test-hivemq-platform' in namespace 'helmcontainersecuritycontextupgradeplatformit'
2025-01-30 04:07:10,869 INFO c.h.h.t.HelmChartContainer - [hivemq-test-hivemq-platform] [hivemq-platform-operator] [202a3df5] 04:07:10.865 [ReconcilerExecutor-hivemq-controller-148] DEBUG c.h.p.o.HiveMQPlatformReconciler - [helmcont] Custom Resource Status RUNNING - HiveMQ Platform is ready (READY)
2025-01-30 04:07:10,869 INFO c.h.h.t.HelmChartContainer - [hivemq-test-hivemq-platform] [hivemq-platform-operator] [202a3df5] 04:07:10.865 [ReconcilerExecutor-hivemq-controller-148] DEBUG c.h.p.o.HiveMQPlatformReconciler - [helmcont] Custom Resource Spec (replicas: 1) (extensions: 1)
2025-01-30 04:07:10,870 INFO c.h.h.t.HelmChartContainer - [hivemq-test-hivemq-platform] [hivemq-platform-operator] [202a3df5] 04:07:10.867 [ReconcilerExecutor-hivemq-controller-148] DEBUG c.h.p.o.HiveMQPlatformReconciler - [helmcont] StatefulSet Status (revision: test-hivemq-platform-85948b8786, replicas: 2, available: 1, ready: 1, current: 0, updated: 1)
2025-01-30 04:07:10,870 INFO c.h.h.t.HelmChartContainer - [hivemq-test-hivemq-platform] [hivemq-platform-operator] [202a3df5] 04:07:10.867 [ReconcilerExecutor-hivemq-controller-148] DEBUG c.h.p.o.HiveMQPlatformReconciler - [helmcont] StatefulSet Spec (replicas: 1, init containers: 1, containers: 1, volumes: 3)
2025-01-30 04:07:10,874 INFO c.h.h.t.HelmChartContainer - [hivemq-test-hivemq-platform] [hivemq-platform-operator] [202a3df5] 04:07:10.871 [ReconcilerExecutor-hivemq-controller-148] DEBUG c.h.p.o.h.HiveMQPlatformReconcilerErrorHandler - [helmcont] Pod 'test-hivemq-platform-0' phase Running
2025-01-30 04:07:10,958 INFO c.h.h.t.HelmChartContainer - [hivemq-test-hivemq-platform] [hivemq-platform-operator] [202a3df5] 04:07:10.953 [pool-6-thread-38] DEBUG c.h.p.o.dependants.PodInfoConfigMap - [helmcont] Desired PodInfo ConfigMap (1 extensions) (1 enabled)
2025-01-30 04:07:10,958 INFO c.h.h.t.HelmChartContainer - [hivemq-test-hivemq-platform] [hivemq-platform-operator] [202a3df5] 04:07:10.953 [pool-6-thread-38] DEBUG c.h.p.o.dependants.PodInfoConfigMap - [helmcont] Desired PodInfo ConfigMap (metrics port: 9399) (metrics path: /)
2025-01-30 04:07:10,958 INFO c.h.h.t.HelmChartContainer - [hivemq-test-hivemq-platform] [hivemq-platform-operator] [202a3df5] 04:07:10.953 [pool-6-thread-38] DEBUG c.h.p.o.dependants.PodInfoConfigMap - [helmcont] Desired PodInfo ConfigMap (extension state hash: -1817474005)
2025-01-30 04:07:10,958 INFO c.h.h.t.HelmChartContainer - [hivemq-test-hivemq-platform] [hivemq-platform-operator] [202a3df5] 04:07:10.954 [pool-6-thread-39] DEBUG c.h.p.o.d.PodServiceAccountResource - [helmcont] Desired PodServiceAccountResource (serviceAccountName: hivemq-platform-pod-test-hivemq-platform)
2025-01-30 04:07:10,958 INFO c.h.h.t.HelmChartContainer - [hivemq-test-hivemq-platform] [hivemq-platform-operator] [202a3df5] 04:07:10.878 [pool-6-thread-40] DEBUG c.h.p.o.d.PlatformServiceResource - [helmcont] Desired Platform services (3 services)
2025-01-30 04:07:10,963 INFO c.h.h.t.HelmChartContainer - [hivemq-test-hivemq-platform] [hivemq-platform-operator] [202a3df5] 04:07:10.961 [pool-6-thread-37] DEBUG c.h.p.o.d.StatefulSetResource - [helmcont] Desired StatefulSet (1 replicas) for status RUNNING (READY)
2025-01-30 04:07:10,968 INFO c.h.h.t.HelmChartContainer - [hivemq-test-hivemq-platform] [hivemq-platform-operator] [202a3df5] 04:07:10.966 [ReconcilerExecutor-hivemq-controller-149] INFO  c.h.p.o.HiveMQPlatformReconciler - [helmcont] Reconciling HiveMQ Platform 'test-hivemq-platform' in namespace 'helmcontainersecuritycontextupgradeplatformit'
2025-01-30 04:07:10,968 INFO c.h.h.t.HelmChartContainer - [hivemq-test-hivemq-platform] [hivemq-platform-operator] [202a3df5] 04:07:10.966 [ReconcilerExecutor-hivemq-controller-149] DEBUG c.h.p.o.HiveMQPlatformReconciler - [helmcont] Custom Resource Status RUNNING - HiveMQ Platform is ready (READY)
2025-01-30 04:07:10,969 INFO c.h.h.t.HelmChartContainer - [hivemq-test-hivemq-platform] [hivemq-platform-operator] [202a3df5] 04:07:10.966 [ReconcilerExecutor-hivemq-controller-149] DEBUG c.h.p.o.HiveMQPlatformReconciler - [helmcont] Custom Resource Spec (replicas: 1) (extensions: 1)
2025-01-30 04:07:10,970 INFO c.h.h.t.HelmChartContainer - [hivemq-test-hivemq-platform] [hivemq-platform-operator] [202a3df5] 04:07:10.969 [ReconcilerExecutor-hivemq-controller-149] DEBUG c.h.p.o.HiveMQPlatformReconciler - [helmcont] StatefulSet Status (revision: test-hivemq-platform-85948b8786, replicas: 1, available: 1, ready: 1, current: 0, updated: 1)
2025-01-30 04:07:10,970 INFO c.h.h.t.HelmChartContainer - [hivemq-test-hivemq-platform] [hivemq-platform-operator] [202a3df5] 04:07:10.969 [ReconcilerExecutor-hivemq-controller-149] DEBUG c.h.p.o.HiveMQPlatformReconciler - [helmcont] StatefulSet Spec (replicas: 1, init containers: 1, containers: 1, volumes: 3)
2025-01-30 04:07:10,974 INFO c.h.h.t.HelmChartContainer - [hivemq-test-hivemq-platform] [hivemq-platform-operator] [202a3df5] 04:07:10.972 [ReconcilerExecutor-hivemq-controller-149] DEBUG c.h.p.o.h.HiveMQPlatformReconcilerErrorHandler - [helmcont] Pod 'test-hivemq-platform-0' phase Running
2025-01-30 04:07:10,975 INFO c.h.h.t.HelmChartContainer - [K3S] [scope.go:117] "RemoveContainer" containerID="548a9fde6a7093048205d1ac99416bf6f4eced28962d9593a4dcda89c934fb9b"
2025-01-30 04:07:10,978 INFO c.h.h.t.HelmChartContainer - [K3S] [scope.go:117] "RemoveContainer" containerID="a7478de3822323931ee8485f90f7d0a0dfcdf492ca688ae226a0089473ba5ff8"
2025-01-30 04:07:10,979 INFO c.h.h.t.HelmChartContainer - [K3S] [scope.go:117] "RemoveContainer" containerID="548a9fde6a7093048205d1ac99416bf6f4eced28962d9593a4dcda89c934fb9b"
2025-01-30 04:07:11,073 INFO c.h.h.t.HelmChartContainer - [hivemq-test-hivemq-platform] [hivemq-platform-operator] [202a3df5] 04:07:11.059 [ReconcilerExecutor-hivemq-controller-150] INFO  c.h.p.o.HiveMQPlatformReconciler - [helmcont] Cleanup test-hivemq-platform - helmcontainersecuritycontextupgradeplatformit HiveMQ Platform is shut down
2025-01-30 04:07:11,146 INFO c.h.h.t.HelmChartContainer - [K3S] [kubelet_volumes.go:163] "Cleaned up orphaned pod volumes dir" podUID="19dd1892-b5c3-4452-b8fb-5d75902b8cd1" path="/var/lib/kubelet/pods/19dd1892-b5c3-4452-b8fb-5d75902b8cd1/volumes"
2025-01-30 04:07:11,704 INFO c.h.h.t.HelmChartContainer - [EVENT] Normal [Killing] Stopping container hivemq [helmcontainersecuritycontextupgradeplatformit:test-hivemq-platform-0]
2025-01-30 04:07:11,704 INFO c.h.h.t.HelmChartContainer - Received Killing event for container hivemq in pod test-hivemq-platform-0 [97e3c9ac-13d4-4e1a-91f9-a4231d5c3a6a]
2025-01-30 04:07:11,704 INFO c.h.h.t.HelmChartContainer - Container [test-hivemq-platform-0] [hivemq] [97e3c9ac-13d4-4e1a-91f9-a4231d5c3a6a] was terminated
2025-01-30 04:07:11,704 INFO c.h.h.t.HelmChartContainer - Stopped log watcher for hivemq in pod test-hivemq-platform-0 [97e3c9ac-13d4-4e1a-91f9-a4231d5c3a6a]
2025-01-30 04:07:11,708 INFO c.h.h.t.HelmChartContainer - [POD] test-hivemq-platform-0 [97e3c9ac-13d4-4e1a-91f9-a4231d5c3a6a] in helmcontainersecuritycontextupgradeplatformit was MODIFIED
2025-01-30 04:07:11,714 INFO c.h.h.t.HelmChartContainer - [test-hivemq-platform] [hivemq] [97e3c9ac] INFO  - [HiveMQ Platform Operator Init App 1.7.0-SNAPSHOT] Shutting down
2025-01-30 04:07:11,714 INFO c.h.h.t.HelmChartContainer - [test-hivemq-platform] [hivemq] [97e3c9ac] INFO  - [HiveMQ Platform Operator Init App 1.7.0-SNAPSHOT] Stopping the HiveMQ Platform
2025-01-30 04:07:11,787 INFO c.h.h.t.HelmChartContainer - [test-hivemq-platform] [hivemq] [97e3c9ac] INFO  - Shutting down HiveMQ. Please wait, this could take a while...
2025-01-30 04:07:11,791 INFO c.h.h.t.HelmChartContainer - [test-hivemq-platform] [hivemq] [97e3c9ac] INFO  - Shutting down listeners and clients
2025-01-30 04:07:11,871 INFO c.h.h.t.HelmChartContainer - [test-hivemq-platform] [hivemq] [97e3c9ac] INFO  - Shutdown of listeners is done
2025-01-30 04:07:11,871 INFO c.h.h.t.HelmChartContainer - [test-hivemq-platform] [hivemq] [97e3c9ac] INFO  - No clients are connected, proceeding with shutdown
2025-01-30 04:07:12,988 INFO c.h.h.t.HelmChartContainer - [test-hivemq-platform] [hivemq] [97e3c9ac] INFO  - [HiveMQ Platform Operator Init App 1.7.0-SNAPSHOT] Returning shutdown Health API response 503 for readiness
2025-01-30 04:07:12,992 INFO c.h.h.t.HelmChartContainer - [EVENT] Warning [Unhealthy] Readiness probe failed: HTTP probe failed with statuscode: 503 [helmcontainersecuritycontextupgradeplatformit:test-hivemq-platform-0]
2025-01-30 04:07:12,992 INFO c.h.h.t.HelmChartContainer - Received Unhealthy event for container hivemq in pod test-hivemq-platform-0 [97e3c9ac-13d4-4e1a-91f9-a4231d5c3a6a]
2025-01-30 04:07:13,095 INFO c.h.h.t.HelmChartContainer - Deleting namespace 'helmcontainersecuritycontextupgradeplatformit'...
2025-01-30 04:07:13,407 INFO c.h.h.t.HelmChartContainer - [K3S] [authentication.go:74] "Unable to authenticate the request" err="[invalid bearer token, serviceaccounts \"hivemq-platform-pod-test-hivemq-platform\" not found]"
2025-01-30 04:07:13,424 INFO c.h.h.t.HelmChartContainer - [K3S] [authentication.go:74] "Unable to authenticate the request" err="[invalid bearer token, serviceaccounts \"hivemq-platform-pod-test-hivemq-platform\" not found]"
2025-01-30 04:07:13,475 INFO c.h.h.t.HelmChartContainer - [test-hivemq-platform] [hivemq] [97e3c9ac] WARN  - [HiveMQ Platform Operator Init App 1.7.0-SNAPSHOT] Could not update Pod annotations: Failure executing: GET at: https://10.43.0.1:443/api/v1/namespaces/helmcontainersecuritycontextupgradeplatformit/pods/test-hivemq-platform-0. Message: Unauthorized. Received status: Status(apiVersion=v1, code=401, details=null, kind=Status, message=Unauthorized, metadata=ListMeta(_continue=null, remainingItemCount=null, resourceVersion=null, selfLink=null, additionalProperties={}), reason=Unauthorized, status=Failure, additionalProperties={}).
2025-01-30 04:07:13,979 INFO c.h.h.t.HelmChartContainer - [test-hivemq-platform] [hivemq] [97e3c9ac] INFO  - Shutting down extension system
2025-01-30 04:07:13,986 INFO c.h.h.t.HelmChartContainer - [test-hivemq-platform] [hivemq] [97e3c9ac] INFO  - Stopping extension with id hivemq-dns-cluster-discovery
2025-01-30 04:07:13,988 INFO c.h.h.t.HelmChartContainer - [test-hivemq-platform] [hivemq] [97e3c9ac] INFO  - Extension "DNS Cluster Discovery Extension" version 4.3.2 stopped successfully.
2025-01-30 04:07:13,988 INFO c.h.h.t.HelmChartContainer - [test-hivemq-platform] [hivemq] [97e3c9ac] INFO  - Stopping extension with id hivemq-prometheus-extension
2025-01-30 04:07:13,992 INFO c.h.h.t.HelmChartContainer - [test-hivemq-platform] [hivemq] [97e3c9ac] INFO  - Extension "Prometheus Monitoring Extension" version 4.0.12 stopped successfully.
2025-01-30 04:07:13,992 INFO c.h.h.t.HelmChartContainer - [test-hivemq-platform] [hivemq] [97e3c9ac] INFO  - Stopping extension with id hivemq-allow-all-extension
2025-01-30 04:07:13,992 INFO c.h.h.t.HelmChartContainer - [test-hivemq-platform] [hivemq] [97e3c9ac] INFO  - Extension "Allow All Extension" version 1.1.1 stopped successfully.
2025-01-30 04:07:16,278 INFO c.h.h.t.HelmChartContainer - [test-hivemq-platform] [hivemq] [97e3c9ac] INFO  - Shutdown completed.
2025-01-30 04:07:16,627 INFO c.h.h.t.HelmChartContainer - [test-hivemq-platform] [hivemq] [97e3c9ac] INFO  - [HiveMQ Platform Operator Init App 1.7.0-SNAPSHOT] The HiveMQ Platform exited with code 143
2025-01-30 04:07:16,627 INFO c.h.h.t.HelmChartContainer - [test-hivemq-platform] [hivemq] [97e3c9ac] INFO  - [HiveMQ Platform Operator Init App 1.7.0-SNAPSHOT] Stopping the REST API
2025-01-30 04:07:16,671 INFO c.h.h.t.HelmChartContainer - [test-hivemq-platform] [hivemq] [97e3c9ac] INFO  - [HiveMQ Platform Operator Init App 1.7.0-SNAPSHOT] Shutdown complete
2025-01-30 04:07:17,130 INFO c.h.h.t.HelmChartContainer - [POD] test-hivemq-platform-0 [97e3c9ac-13d4-4e1a-91f9-a4231d5c3a6a] in helmcontainersecuritycontextupgradeplatformit was MODIFIED
2025-01-30 04:07:17,131 INFO c.h.h.t.HelmChartContainer - [K3S] [stateful_set.go:438] "Unhandled Error" err="error syncing StatefulSet helmcontainersecuritycontextupgradeplatformit/test-hivemq-platform, requeuing: controllerrevisions.apps \"test-hivemq-platform-85948b8786\" is forbidden: unable to create new content in namespace helmcontainersecuritycontextupgradeplatformit because it is being terminated"
2025-01-30 04:07:17,140 INFO c.h.h.t.HelmChartContainer - [K3S] [stateful_set.go:438] "Unhandled Error" err="error syncing StatefulSet helmcontainersecuritycontextupgradeplatformit/test-hivemq-platform, requeuing: controllerrevisions.apps \"test-hivemq-platform-85948b8786\" is forbidden: unable to create new content in namespace helmcontainersecuritycontextupgradeplatformit because it is being terminated"
2025-01-30 04:07:17,153 INFO c.h.h.t.HelmChartContainer - [K3S] [stateful_set.go:438] "Unhandled Error" err="error syncing StatefulSet helmcontainersecuritycontextupgradeplatformit/test-hivemq-platform, requeuing: controllerrevisions.apps \"test-hivemq-platform-85948b8786\" is forbidden: unable to create new content in namespace helmcontainersecuritycontextupgradeplatformit because it is being terminated"
2025-01-30 04:07:17,157 INFO c.h.h.t.HelmChartContainer - [K3S] [reconciler_common.go:162] "operationExecutor.UnmountVolume started for volume \"kube-api-access-7rx97\" (UniqueName: \"kubernetes.io/projected/97e3c9ac-13d4-4e1a-91f9-a4231d5c3a6a-kube-api-access-7rx97\") pod \"97e3c9ac-13d4-4e1a-91f9-a4231d5c3a6a\" (UID: \"97e3c9ac-13d4-4e1a-91f9-a4231d5c3a6a\") "
2025-01-30 04:07:17,157 INFO c.h.h.t.HelmChartContainer - [K3S] [reconciler_common.go:162] "operationExecutor.UnmountVolume started for volume \"broker-configuration\" (UniqueName: \"kubernetes.io/configmap/97e3c9ac-13d4-4e1a-91f9-a4231d5c3a6a-broker-configuration\") pod \"97e3c9ac-13d4-4e1a-91f9-a4231d5c3a6a\" (UID: \"97e3c9ac-13d4-4e1a-91f9-a4231d5c3a6a\") "
2025-01-30 04:07:17,157 INFO c.h.h.t.HelmChartContainer - [K3S] [reconciler_common.go:162] "operationExecutor.UnmountVolume started for volume \"operator-init\" (UniqueName: \"kubernetes.io/empty-dir/97e3c9ac-13d4-4e1a-91f9-a4231d5c3a6a-operator-init\") pod \"97e3c9ac-13d4-4e1a-91f9-a4231d5c3a6a\" (UID: \"97e3c9ac-13d4-4e1a-91f9-a4231d5c3a6a\") "
2025-01-30 04:07:17,157 INFO c.h.h.t.HelmChartContainer - [K3S] [reconciler_common.go:162] "operationExecutor.UnmountVolume started for volume \"pod-info\" (UniqueName: \"kubernetes.io/configmap/97e3c9ac-13d4-4e1a-91f9-a4231d5c3a6a-pod-info\") pod \"97e3c9ac-13d4-4e1a-91f9-a4231d5c3a6a\" (UID: \"97e3c9ac-13d4-4e1a-91f9-a4231d5c3a6a\") "
2025-01-30 04:07:17,177 INFO c.h.h.t.HelmChartContainer - [K3S] [stateful_set.go:438] "Unhandled Error" err="error syncing StatefulSet helmcontainersecuritycontextupgradeplatformit/test-hivemq-platform, requeuing: controllerrevisions.apps \"test-hivemq-platform-85948b8786\" is forbidden: unable to create new content in namespace helmcontainersecuritycontextupgradeplatformit because it is being terminated"
2025-01-30 04:07:17,221 INFO c.h.h.t.HelmChartContainer - [K3S] [stateful_set.go:438] "Unhandled Error" err="error syncing StatefulSet helmcontainersecuritycontextupgradeplatformit/test-hivemq-platform, requeuing: controllerrevisions.apps \"test-hivemq-platform-85948b8786\" is forbidden: unable to create new content in namespace helmcontainersecuritycontextupgradeplatformit because it is being terminated"
2025-01-30 04:07:17,258 INFO c.h.h.t.HelmChartContainer - [K3S] [reconciler_common.go:299] "Volume detached for volume \"kube-api-access-7rx97\" (UniqueName: \"kubernetes.io/projected/97e3c9ac-13d4-4e1a-91f9-a4231d5c3a6a-kube-api-access-7rx97\") on node \"6c872e703766\" DevicePath \"\""
2025-01-30 04:07:17,258 INFO c.h.h.t.HelmChartContainer - [K3S] [reconciler_common.go:299] "Volume detached for volume \"broker-configuration\" (UniqueName: \"kubernetes.io/configmap/97e3c9ac-13d4-4e1a-91f9-a4231d5c3a6a-broker-configuration\") on node \"6c872e703766\" DevicePath \"\""
2025-01-30 04:07:17,258 INFO c.h.h.t.HelmChartContainer - [K3S] [reconciler_common.go:299] "Volume detached for volume \"operator-init\" (UniqueName: \"kubernetes.io/empty-dir/97e3c9ac-13d4-4e1a-91f9-a4231d5c3a6a-operator-init\") on node \"6c872e703766\" DevicePath \"\""
2025-01-30 04:07:17,258 INFO c.h.h.t.HelmChartContainer - [K3S] [reconciler_common.go:299] "Volume detached for volume \"pod-info\" (UniqueName: \"kubernetes.io/configmap/97e3c9ac-13d4-4e1a-91f9-a4231d5c3a6a-pod-info\") on node \"6c872e703766\" DevicePath \"\""
2025-01-30 04:07:17,305 INFO c.h.h.t.HelmChartContainer - [K3S] [stateful_set.go:438] "Unhandled Error" err="error syncing StatefulSet helmcontainersecuritycontextupgradeplatformit/test-hivemq-platform, requeuing: controllerrevisions.apps \"test-hivemq-platform-85948b8786\" is forbidden: unable to create new content in namespace helmcontainersecuritycontextupgradeplatformit because it is being terminated"
2025-01-30 04:07:17,468 INFO c.h.h.t.HelmChartContainer - [K3S] [stateful_set.go:438] "Unhandled Error" err="error syncing StatefulSet helmcontainersecuritycontextupgradeplatformit/test-hivemq-platform, requeuing: controllerrevisions.apps \"test-hivemq-platform-85948b8786\" is forbidden: unable to create new content in namespace helmcontainersecuritycontextupgradeplatformit because it is being terminated"
2025-01-30 04:07:17,791 INFO c.h.h.t.HelmChartContainer - [K3S] [stateful_set.go:438] "Unhandled Error" err="error syncing StatefulSet helmcontainersecuritycontextupgradeplatformit/test-hivemq-platform, requeuing: controllerrevisions.apps \"test-hivemq-platform-85948b8786\" is forbidden: unable to create new content in namespace helmcontainersecuritycontextupgradeplatformit because it is being terminated"
2025-01-30 04:07:17,833 INFO c.h.h.t.HelmChartContainer - [K3S] [scope.go:117] "RemoveContainer" containerID="8a13e4f9f9c9cbdd4968ad4bef0baafece6464c25afc3eee95178b6aac05a1e6"
2025-01-30 04:07:17,849 INFO c.h.h.t.HelmChartContainer - [POD] test-hivemq-platform-0 [97e3c9ac-13d4-4e1a-91f9-a4231d5c3a6a] in helmcontainersecuritycontextupgradeplatformit was MODIFIED
2025-01-30 04:07:17,850 INFO c.h.h.t.HelmChartContainer - [K3S] [stateful_set.go:438] "Unhandled Error" err="error syncing StatefulSet helmcontainersecuritycontextupgradeplatformit/test-hivemq-platform, requeuing: controllerrevisions.apps \"test-hivemq-platform-85948b8786\" is forbidden: unable to create new content in namespace helmcontainersecuritycontextupgradeplatformit because it is being terminated"
2025-01-30 04:07:17,852 INFO c.h.h.t.HelmChartContainer - [POD] test-hivemq-platform-0 [97e3c9ac-13d4-4e1a-91f9-a4231d5c3a6a] in helmcontainersecuritycontextupgradeplatformit was DELETED
2025-01-30 04:07:17,857 INFO c.h.h.t.HelmChartContainer - [K3S] [stateful_set.go:438] "Unhandled Error" err="error syncing StatefulSet helmcontainersecuritycontextupgradeplatformit/test-hivemq-platform, requeuing: controllerrevisions.apps \"test-hivemq-platform-85948b8786\" is forbidden: unable to create new content in namespace helmcontainersecuritycontextupgradeplatformit because it is being terminated"
2025-01-30 04:07:17,871 INFO c.h.h.t.HelmChartContainer - [K3S] [stateful_set.go:466] "StatefulSet has been deleted" key="helmcontainersecuritycontextupgradeplatformit/test-hivemq-platform"
2025-01-30 04:07:17,940 INFO c.h.h.t.HelmChartContainer - [K3S] [scope.go:117] "RemoveContainer" containerID="285a3fe4ecf5ee5ead3af9ae465d61fffea0e696f6bbf2884b8cea0be27d0af2"
2025-01-30 04:07:17,943 INFO c.h.h.t.HelmChartContainer - [K3S] [scope.go:117] "RemoveContainer" containerID="8a13e4f9f9c9cbdd4968ad4bef0baafece6464c25afc3eee95178b6aac05a1e6"
2025-01-30 04:07:17,944 INFO c.h.h.t.HelmChartContainer - [K3S] [scope.go:117] "RemoveContainer" containerID="285a3fe4ecf5ee5ead3af9ae465d61fffea0e696f6bbf2884b8cea0be27d0af2"
2025-01-30 04:07:18,419 INFO c.h.h.t.HelmChartContainer - Namespace 'helmcontainersecuritycontextupgradeplatformit' deleted
2025-01-30 04:07:18,419 INFO c.h.h.t.HelmChartContainer - Release 'test-hivemq-platform' in namespace 'helmcontainersecuritycontextupgradeplatformit' is uninstalled
2025-01-30 04:07:18,419 INFO c.h.h.t.HelmChartContainer - Uninstalling release 'test-hivemq-platform-operator' in namespace 'helmcontainersecuritycontextupgradeplatformit-operator'...
2025-01-30 04:07:18,419 DEBUG c.h.h.t.HelmChartContainer - Executing helm command: /bin/helm --kubeconfig /etc/rancher/k3s/k3s.yaml uninstall test-hivemq-platform-operator  --wait --timeout 5m0s --cascade foreground --namespace helmcontainersecuritycontextupgradeplatformit-operator
2025-01-30 04:07:18,432 INFO c.h.h.t.HelmChartContainer - [K3S] [stateful_set.go:466] "StatefulSet has been deleted" key="helmcontainersecuritycontextupgradeplatformit/test-hivemq-platform"
2025-01-30 04:07:18,602 INFO c.h.h.t.HelmChartContainer - [K3S] [replica_set.go:679] "Finished syncing" kind="ReplicaSet" key="helmcontainersecuritycontextupgradeplatformit-operator/hivemq-test-hivemq-platform-operator-85995884cf" duration="9.926274ms"
2025-01-30 04:07:18,602 INFO c.h.h.t.HelmChartContainer - [K3S] [replica_set.go:679] "Finished syncing" kind="ReplicaSet" key="helmcontainersecuritycontextupgradeplatformit-operator/hivemq-test-hivemq-platform-operator-85995884cf" duration="44.362µs"
2025-01-30 04:07:18,625 INFO c.h.h.t.HelmChartContainer - [POD] hivemq-test-hivemq-platform-operator-85995884cf-g5qmc [202a3df5-48cb-42cb-b963-37aaf903c702] in helmcontainersecuritycontextupgradeplatformit-operator was MODIFIED
2025-01-30 04:07:18,630 INFO c.h.h.t.HelmChartContainer - [EVENT] Normal [Killing] Stopping container hivemq-platform-operator [helmcontainersecuritycontextupgradeplatformit-operator:hivemq-test-hivemq-platform-operator-85995884cf-g5qmc]
2025-01-30 04:07:18,630 INFO c.h.h.t.HelmChartContainer - Received Killing event for container hivemq-platform-operator in pod hivemq-test-hivemq-platform-operator-85995884cf-g5qmc [202a3df5-48cb-42cb-b963-37aaf903c702]
2025-01-30 04:07:18,630 INFO c.h.h.t.HelmChartContainer - Container [hivemq-test-hivemq-platform-operator-85995884cf-g5qmc] [hivemq-platform-operator] [202a3df5-48cb-42cb-b963-37aaf903c702] was terminated
2025-01-30 04:07:18,630 INFO c.h.h.t.HelmChartContainer - Stopped log watcher for hivemq-platform-operator in pod hivemq-test-hivemq-platform-operator-85995884cf-g5qmc [202a3df5-48cb-42cb-b963-37aaf903c702]
2025-01-30 04:07:18,636 INFO c.h.h.t.HelmChartContainer - [hivemq-test-hivemq-platform] [hivemq-platform-operator] [202a3df5] 04:07:18.634 [application-shutdown-thread] INFO  c.h.p.o.HiveMQPlatformOperatorApplication - HiveMQ Platform Operator is stopping...
2025-01-30 04:07:18,636 INFO c.h.h.t.HelmChartContainer - [hivemq-test-hivemq-platform] [hivemq-platform-operator] [202a3df5] 04:07:18.635 [application-shutdown-thread] INFO  i.javaoperatorsdk.operator.Operator - Operator SDK 4.9.7 is shutting down...
2025-01-30 04:07:18,639 INFO c.h.h.t.HelmChartContainer - [K3S] [replica_set.go:679] "Finished syncing" kind="ReplicaSet" key="helmcontainersecuritycontextupgradeplatformit-operator/hivemq-test-hivemq-platform-operator-85995884cf" duration="16.158722ms"
2025-01-30 04:07:18,639 INFO c.h.h.t.HelmChartContainer - [K3S] [replica_set.go:679] "Finished syncing" kind="ReplicaSet" key="helmcontainersecuritycontextupgradeplatformit-operator/hivemq-test-hivemq-platform-operator-85995884cf" duration="45.515µs"
2025-01-30 04:07:18,836 INFO c.h.h.t.HelmChartContainer - [K3S] [pod_container_deletor.go:80] "Container not found in pod's containers" containerID="069481ad5464309c7eaf5c0f510088ff710ceb2b68c3b91d9928ea4d2b75437d"
2025-01-30 04:07:18,870 INFO c.h.h.t.HelmChartContainer - [K3S] [replica_set.go:679] "Finished syncing" kind="ReplicaSet" key="helmcontainersecuritycontextupgradeplatformit-operator/hivemq-test-hivemq-platform-operator-85995884cf" duration="38.441µs"
2025-01-30 04:07:18,871 INFO c.h.h.t.HelmChartContainer - [POD] hivemq-test-hivemq-platform-operator-85995884cf-g5qmc [202a3df5-48cb-42cb-b963-37aaf903c702] in helmcontainersecuritycontextupgradeplatformit-operator was MODIFIED
2025-01-30 04:07:18,966 INFO c.h.h.t.HelmChartContainer - [K3S] [reconciler_common.go:162] "operationExecutor.UnmountVolume started for volume \"kube-api-access-chgdd\" (UniqueName: \"kubernetes.io/projected/202a3df5-48cb-42cb-b963-37aaf903c702-kube-api-access-chgdd\") pod \"202a3df5-48cb-42cb-b963-37aaf903c702\" (UID: \"202a3df5-48cb-42cb-b963-37aaf903c702\") "
2025-01-30 04:07:19,066 INFO c.h.h.t.HelmChartContainer - [K3S] [reconciler_common.go:299] "Volume detached for volume \"kube-api-access-chgdd\" (UniqueName: \"kubernetes.io/projected/202a3df5-48cb-42cb-b963-37aaf903c702-kube-api-access-chgdd\") on node \"6c872e703766\" DevicePath \"\""
2025-01-30 04:07:19,146 INFO c.h.h.t.HelmChartContainer - [K3S] [kubelet_volumes.go:163] "Cleaned up orphaned pod volumes dir" podUID="97e3c9ac-13d4-4e1a-91f9-a4231d5c3a6a" path="/var/lib/kubelet/pods/97e3c9ac-13d4-4e1a-91f9-a4231d5c3a6a/volumes"
2025-01-30 04:07:19,847 INFO c.h.h.t.HelmChartContainer - [K3S] [replica_set.go:679] "Finished syncing" kind="ReplicaSet" key="helmcontainersecuritycontextupgradeplatformit-operator/hivemq-test-hivemq-platform-operator-85995884cf" duration="44.062µs"
2025-01-30 04:07:19,848 INFO c.h.h.t.HelmChartContainer - [POD] hivemq-test-hivemq-platform-operator-85995884cf-g5qmc [202a3df5-48cb-42cb-b963-37aaf903c702] in helmcontainersecuritycontextupgradeplatformit-operator was MODIFIED
2025-01-30 04:07:19,849 INFO c.h.h.t.HelmChartContainer - [K3S] [replica_set.go:679] "Finished syncing" kind="ReplicaSet" key="helmcontainersecuritycontextupgradeplatformit-operator/hivemq-test-hivemq-platform-operator-85995884cf" duration="45.545µs"
2025-01-30 04:07:19,850 INFO c.h.h.t.HelmChartContainer - [POD] hivemq-test-hivemq-platform-operator-85995884cf-g5qmc [202a3df5-48cb-42cb-b963-37aaf903c702] in helmcontainersecuritycontextupgradeplatformit-operator was DELETED
2025-01-30 04:07:19,859 INFO c.h.h.t.HelmChartContainer - [K3S] [replica_set.go:679] "Finished syncing" kind="ReplicaSet" key="helmcontainersecuritycontextupgradeplatformit-operator/hivemq-test-hivemq-platform-operator-85995884cf" duration="5.831µs"
2025-01-30 04:07:20,654 INFO c.h.h.t.HelmChartContainer - Deleting namespace 'helmcontainersecuritycontextupgradeplatformit-operator'...
2025-01-30 04:07:21,145 INFO c.h.h.t.HelmChartContainer - [K3S] [kubelet_volumes.go:163] "Cleaned up orphaned pod volumes dir" podUID="202a3df5-48cb-42cb-b963-37aaf903c702" path="/var/lib/kubelet/pods/202a3df5-48cb-42cb-b963-37aaf903c702/volumes"
2025-01-30 04:07:23,316 INFO c.h.h.t.HelmChartContainer - [K3S] [namespace_controller.go:187] "Namespace has been deleted" namespace="helmcontainersecuritycontextupgradeplatformit"
2025-01-30 04:07:25,873 INFO c.h.h.t.HelmChartContainer - Namespace 'helmcontainersecuritycontextupgradeplatformit-operator' deleted
2025-01-30 04:07:25,873 INFO c.h.h.t.HelmChartContainer - Release 'test-hivemq-platform-operator' in namespace 'helmcontainersecuritycontextupgradeplatformit-operator' is uninstalled
2025-01-30 04:07:26,733 INFO c.h.helmcharts.AbstractHelmChartIT - Removed unused containers:

2025-01-30 04:07:30,787 INFO c.h.h.t.HelmChartContainer - [K3S] [namespace_controller.go:187] "Namespace has been deleted" namespace="helmcontainersecuritycontextupgradeplatformit-operator"
2025-01-30 04:07:34,741 INFO c.h.helmcharts.AbstractHelmChartIT - Removed unused snapshots:
Removing snapshot sha256:03af251906410714c5aef9fa705b63f6bbc39c4a5e787de7361eeb18886c2ed2
Removing snapshot sha256:0c46b3b43cce082ce5ec34ffc6c294e0417d17b9d1e6f366d114b6aadc4f96dc
Removing snapshot sha256:0ce761beee59082d6ed5bcebd3a805b8ddd9b3426b617e4809e7fb7c6587ffec
Removing snapshot sha256:0df91287303208332c8ff6ba40ae4710105201739addbfbddfb955f1ad593664
Removing snapshot sha256:1021ef88c7974bfff89c5a0ec4fd3160daac6c48a075f74cff721f85dd104e68
Removing snapshot sha256:10aba4953ddc18145dd38e3704709bc464aa20af60b56fe52caaff4b68411e62
Removing snapshot sha256:2573e0d8158209ed54ab25c87bcdcb00bd3d2539246960a3d592a1c599d70465
Removing snapshot sha256:362a8a37f8bbc31925a8146adcf7cf51f9882f5c1dcbef67c5baa03a297543c0
Removing snapshot sha256:3fa4ad33f0ddc8fd45b39b6b4640f82a3a83619606cd975bfe89d8710ad2d4cd
Removing snapshot sha256:43a7c979bbaba6838bc3102d6b10a1459f3ab050b87ccdfef84ef90cf43d3058
Removing snapshot sha256:4ab04491cdf0d3267f08206fe30bd48f49f94b9cab2f016d6739220f722a64af
Removing snapshot sha256:4b6068250e89c96f263060261819c7d912855bfbd64b3eb4c4a8483299b8c295
Removing snapshot sha256:580e69a0a8034ede1921139bbd2bfb72a69ebf276d008281896c32dd8bf74775
Removing snapshot sha256:5d30ba46b27fe37484567ccc5242cadc78217b8da605f3f195ef25cbf7487904
Removing snapshot sha256:63ca1fbb43ae5034640e5e6cb3e083e05c290072c5366fcaa9d62435a4cced85
Removing snapshot sha256:67f702c6baae873bceb19487c8b1f27bd2b86077e4f2f0e480e6d60ab508b8f5
Removing snapshot sha256:6864348dd42806d552efdec384f1274be15e2d0c10ce44c1f04347af004c10a9
Removing snapshot sha256:6c7dee8f2c39b84b7dc2711c01d33de93514d9055499173e9290176fbe484b6c
Removing snapshot sha256:82753493a6d61ded36556292f02f31841a14c20d2f279f19eaad65afb661d5cd
Removing snapshot sha256:848020c6e2b8b5fe7b18c76dfe3046d5faf9e0be8cc55572bfe91acf7d574ac1
Removing snapshot sha256:86159efe7c8db4bb0683d91962e3829e45187cd5f473d0ffa4d5a1944fe5d78d
Removing snapshot sha256:8a10d3db42c505ee0fcfa98417bdd7e39b304f6bcc0a06bb1b220797ff2cc63c
Removing snapshot sha256:a21e5b12dbac529ad45d976eb9ce45c881f3bedcc500fb30aba1e52aa1813418
Removing snapshot sha256:b921e6c28969094157f9b8e7244677780319637afd14450b7cb6b2fdea558a0c
Removing snapshot sha256:bc27ecb5769a00e309cf99ebc763c4a4b958b618d1decc96ffac5bc05f02f5b7
Removing snapshot sha256:be3ccb6627a5332e309d45ef461d09b4879dd870c7394d89323d0ebc6ca6aa8a
Removing snapshot sha256:c261f7cbbc64211ee175ee47273acdb7b1a36a4450b397a064a8f2c026490095
Removing snapshot sha256:c34d9393647eea0c9e3557ab988efaf59f61d10a2a5613b439ef0958cca5ec10
Removing snapshot sha256:ccf3c4a0fa967a41c1c83497a2ce6fa5787965859df0adb32c4ca2cf7490bc2b
Removing snapshot sha256:cf92d33f869417309692088c341cd0f223c178ea78a125f757317b22aa8f90e9
Removing snapshot sha256:d0037344cf2fb078884f1849f6a1f8cf9a33a3b6139b6a85833e5ee528e1f9a8
Removing snapshot sha256:d3b36d5b79273b1e98e7700470eaeff05a882e777124d84cebcc1505b85ecb36
Removing snapshot sha256:d65a44a37914602d12c611e5e22a50f11451d847e63015cc1c2aef92dee777a4
Removing snapshot sha256:e2dc0bae2455930f23ae570e019b7f32edc75c0f2d71cab084db837ff9051796
Removing snapshot sha256:e31519795c7e3df686c447a21ec8d2eb301388a5e39ccf7f20a25c6f6ce3a522
Removing snapshot sha256:e9e86ed11d9bebc0707dd6f1166c51237ebb44f98657241f943261b2675a5449
Removing snapshot sha256:eccbd24a99c60cd9e86ee5305dbfc4a4dc89f5ab4fb1f06c8d64797cecedef34
Removing snapshot sha256:edd1404c718ab99ca3456bdf222065033800bb67d4334a9642746685a24394cd
Removing snapshot sha256:f144bb4c7c7f0d2aa7eeffd36d934ec40db1ee167be727e326aad9fdc616f475

]]></system-out>
  </testcase>
  <system-out><![CDATA[2025-01-30 03:59:30,023 INFO c.h.h.t.HelmChartContainerExtension - Using cached HelmChartContainer instance
2025-01-30 03:59:30,028 INFO c.h.h.t.HelmChartContainerExtension - Creating cached HelmChartContainer instance
2025-01-30 03:59:30,046 INFO o.testcontainers.DockerClientFactory - Testcontainers version: 1.20.4
2025-01-30 03:59:30,510 INFO o.t.d.DockerClientProviderStrategy - Found Docker environment with local Unix socket (unix:///var/run/docker.sock)
2025-01-30 03:59:30,519 INFO o.testcontainers.DockerClientFactory - Docker host IP address is localhost
2025-01-30 03:59:30,535 INFO o.testcontainers.DockerClientFactory - Connected to docker: 
  Server Version: 26.1.3
  API Version: 1.45
  Operating System: Ubuntu 24.04.1 LTS
  Total Memory: 15990 MB
2025-01-30 03:59:30,540 INFO o.testcontainers.images.PullPolicy - Image pull policy will be performed by: DefaultPullPolicy()
2025-01-30 03:59:30,542 INFO o.t.utility.ImageNameSubstitutor - Image name substitution will be performed by: DefaultImageNameSubstitutor (composite of 'ConfigurationFileImageNameSubstitutor' and 'PrefixingImageNameSubstitutor')
2025-01-30 03:59:30,568 INFO tc.testcontainers/ryuk:0.11.0 - Pulling docker image: testcontainers/ryuk:0.11.0. Please be patient; this may take some time but only needs to be done once.
2025-01-30 03:59:30,842 INFO tc.testcontainers/ryuk:0.11.0 - Starting to pull image
2025-01-30 03:59:30,859 INFO tc.testcontainers/ryuk:0.11.0 - Pulling image layers:  0 pending,  0 downloaded,  0 extracted, (0 bytes/0 bytes)
2025-01-30 03:59:31,014 INFO tc.testcontainers/ryuk:0.11.0 - Pulling image layers:  2 pending,  1 downloaded,  0 extracted, (879 KB/? MB)
2025-01-30 03:59:31,049 INFO tc.testcontainers/ryuk:0.11.0 - Pulling image layers:  1 pending,  2 downloaded,  0 extracted, (4 MB/? MB)
2025-01-30 03:59:31,065 INFO tc.testcontainers/ryuk:0.11.0 - Pulling image layers:  0 pending,  3 downloaded,  0 extracted, (4 MB/10 MB)
2025-01-30 03:59:31,152 INFO tc.testcontainers/ryuk:0.11.0 - Pulling image layers:  0 pending,  3 downloaded,  1 extracted, (4 MB/10 MB)
2025-01-30 03:59:31,302 INFO tc.testcontainers/ryuk:0.11.0 - Pulling image layers:  0 pending,  3 downloaded,  2 extracted, (4 MB/10 MB)
2025-01-30 03:59:31,342 INFO tc.testcontainers/ryuk:0.11.0 - Pulling image layers:  0 pending,  3 downloaded,  3 extracted, (10 MB/10 MB)
2025-01-30 03:59:31,350 INFO tc.testcontainers/ryuk:0.11.0 - Image testcontainers/ryuk:0.11.0 pull took PT0.78096954S
2025-01-30 03:59:31,372 INFO tc.testcontainers/ryuk:0.11.0 - Creating container for image: testcontainers/ryuk:0.11.0
2025-01-30 03:59:31,435 INFO tc.testcontainers/ryuk:0.11.0 - Container testcontainers/ryuk:0.11.0 is starting: 92761fefcaa4bdd3765228fa5664d5a4774370a2647fdaefbd8f8d5af2c73456
2025-01-30 03:59:31,841 INFO tc.testcontainers/ryuk:0.11.0 - Container testcontainers/ryuk:0.11.0 started in PT0.469163178S
2025-01-30 03:59:31,846 INFO o.t.utility.RyukResourceReaper - Ryuk started - will monitor and terminate Testcontainers containers on JVM exit
2025-01-30 03:59:31,846 INFO o.testcontainers.DockerClientFactory - Checking the system...
2025-01-30 03:59:31,846 INFO o.testcontainers.DockerClientFactory - ✔︎ Docker server version should be at least 1.6.0
2025-01-30 03:59:31,919 INFO o.t.i.builder.ImageFromDockerfile - Pre-emptively checking local images for 'ubuntu:noble-20241118.1@sha256:80dd3c3b9c6cecb9f1667e9290b3bc61b78c2678c02cbdae5f0fea92cc6734ab', referenced via a Dockerfile. If not available, it will be pulled.
2025-01-30 03:59:31,922 INFO t.u.1@sha256:80dd3c... - Pulling docker image: ubuntu:noble-20241118.1@sha256:80dd3c3b9c6cecb9f1667e9290b3bc61b78c2678c02cbdae5f0fea92cc6734ab. Please be patient; this may take some time but only needs to be done once.
2025-01-30 03:59:32,069 INFO t.u.1@sha256:80dd3c... - Starting to pull image
2025-01-30 03:59:32,070 INFO t.u.1@sha256:80dd3c... - Pulling image layers:  0 pending,  0 downloaded,  0 extracted, (0 bytes/0 bytes)
2025-01-30 03:59:32,371 INFO t.u.1@sha256:80dd3c... - Pulling image layers:  0 pending,  1 downloaded,  0 extracted, (19 MB/28 MB)
2025-01-30 03:59:33,297 INFO t.u.1@sha256:80dd3c... - Pulling image layers:  0 pending,  1 downloaded,  1 extracted, (28 MB/28 MB)
2025-01-30 03:59:33,303 INFO t.u.1@sha256:80dd3c... - Pull complete. 1 layers, pulled in 1s (downloaded 28 MB at 28 MB/s)
2025-01-30 03:59:33,303 INFO t.u.1@sha256:80dd3c... - Image ubuntu:noble-20241118.1@sha256:80dd3c3b9c6cecb9f1667e9290b3bc61b78c2678c02cbdae5f0fea92cc6734ab pull took PT1.381219157S
2025-01-30 03:59:33,306 INFO o.t.i.builder.ImageFromDockerfile - Pre-emptively checking local images for 'rancher/k3s:v1.32.1-k3s1', referenced via a Dockerfile. If not available, it will be pulled.
2025-01-30 03:59:33,308 INFO tc.rancher/k3s:v1.32.1-k3s1 - Pulling docker image: rancher/k3s:v1.32.1-k3s1. Please be patient; this may take some time but only needs to be done once.
2025-01-30 03:59:33,523 INFO tc.rancher/k3s:v1.32.1-k3s1 - Starting to pull image
2025-01-30 03:59:33,524 INFO tc.rancher/k3s:v1.32.1-k3s1 - Pulling image layers:  0 pending,  0 downloaded,  0 extracted, (0 bytes/0 bytes)
2025-01-30 03:59:34,471 INFO tc.rancher/k3s:v1.32.1-k3s1 - Pulling image layers:  0 pending,  1 downloaded,  0 extracted, (71 MB/71 MB)
2025-01-30 03:59:35,520 INFO tc.rancher/k3s:v1.32.1-k3s1 - Pulling image layers:  0 pending,  1 downloaded,  1 extracted, (71 MB/71 MB)
2025-01-30 03:59:35,526 INFO tc.rancher/k3s:v1.32.1-k3s1 - Image rancher/k3s:v1.32.1-k3s1 pull took PT2.21817794S
2025-01-30 03:59:35,526 INFO tc.rancher/k3s:v1.32.1-k3s1 - Pull complete. 1 layers, pulled in 2s (downloaded 71 MB at 35 MB/s)
2025-01-30 03:59:35,532 INFO o.t.i.builder.ImageFromDockerfile - Transferred 0 bytes to Docker daemon
2025-01-30 03:59:50,020 INFO c.h.h.t.HelmChartContainer - Starting HelmChartContainer...
2025-01-30 03:59:50,023 INFO t.localhost/testcontainers/svuek1sbehbt1can:latest - Creating container for image: localhost/testcontainers/svuek1sbehbt1can:latest
2025-01-30 03:59:50,090 INFO tc.alpine:3.17 - Pulling docker image: alpine:3.17. Please be patient; this may take some time but only needs to be done once.
2025-01-30 03:59:55,346 INFO tc.alpine:3.17 - Starting to pull image
2025-01-30 03:59:55,347 INFO tc.alpine:3.17 - Pulling image layers:  0 pending,  0 downloaded,  0 extracted, (0 bytes/0 bytes)
2025-01-30 03:59:55,537 INFO tc.alpine:3.17 - Pulling image layers:  0 pending,  1 downloaded,  0 extracted, (33 KB/3 MB)
2025-01-30 03:59:55,631 INFO tc.alpine:3.17 - Pulling image layers:  0 pending,  1 downloaded,  1 extracted, (3 MB/3 MB)
2025-01-30 03:59:55,638 INFO tc.alpine:3.17 - Image alpine:3.17 pull took PT5.548327032S
2025-01-30 03:59:56,220 INFO t.localhost/testcontainers/svuek1sbehbt1can:latest - Container localhost/testcontainers/svuek1sbehbt1can:latest is starting: 6c872e703766147a4a22b3565727b87edcc8cdde6e12fb8d9f44a10dee565fdf
2025-01-30 03:59:56,592 INFO c.h.h.t.HelmChartContainer - [K3S] [INFO] Starting k3s v1.32.1+k3s1 (6a322f12)
2025-01-30 03:59:56,597 INFO c.h.h.t.HelmChartContainer - [K3S] [INFO] Configuring sqlite3 database connection pooling: maxIdleConns=2, maxOpenConns=0, connMaxLifetime=0s
2025-01-30 03:59:56,597 INFO c.h.h.t.HelmChartContainer - [K3S] [INFO] Configuring database table schema and indexes, this may take a moment...
2025-01-30 03:59:56,602 INFO c.h.h.t.HelmChartContainer - [K3S] [INFO] Database tables and indexes are up to date
2025-01-30 03:59:56,605 INFO c.h.h.t.HelmChartContainer - [K3S] [INFO] Kine available at unix://kine.sock
2025-01-30 03:59:56,649 INFO c.h.h.t.HelmChartContainer - [K3S] [INFO] Saving cluster bootstrap data to datastore
2025-01-30 03:59:56,650 INFO c.h.h.t.HelmChartContainer - [K3S] [WARNING] dynamiclistener [::]:6443: no cached certificate available for preload - deferring certificate load until storage initialization or first client request
2025-01-30 03:59:56,650 INFO c.h.h.t.HelmChartContainer - [K3S] [INFO] Active TLS secret / (ver=) (count 10): map[listener.cattle.io/cn-10.43.0.1:10.43.0.1 listener.cattle.io/cn-127.0.0.1:127.0.0.1 listener.cattle.io/cn-172.18.0.2:172.18.0.2 listener.cattle.io/cn-6c872e703766:6c872e703766 listener.cattle.io/cn-__1-f16284:::1 listener.cattle.io/cn-kubernetes:kubernetes listener.cattle.io/cn-kubernetes.default:kubernetes.default listener.cattle.io/cn-kubernetes.default.svc:kubernetes.default.svc listener.cattle.io/cn-kubernetes.default.svc.cluster.local:kubernetes.default.svc.cluster.local listener.cattle.io/cn-localhost:localhost listener.cattle.io/fingerprint:SHA1=ADA80DD72537DBA6B65944E3868471018D7C3A7E]
2025-01-30 03:59:56,816 INFO c.h.h.t.HelmChartContainer - [K3S] [INFO] Running kube-apiserver --advertise-port=6443 --allow-privileged=true --anonymous-auth=false --api-audiences=https://kubernetes.default.svc.cluster.local,k3s --authorization-mode=Node,RBAC --bind-address=127.0.0.1 --cert-dir=/var/lib/rancher/k3s/server/tls/temporary-certs --client-ca-file=/var/lib/rancher/k3s/server/tls/client-ca.crt --egress-selector-config-file=/var/lib/rancher/k3s/server/etc/egress-selector-config.yaml --enable-admission-plugins=NodeRestriction --enable-aggregator-routing=true --enable-bootstrap-token-auth=true --etcd-compaction-interval=0s --etcd-servers=unix://kine.sock --kubelet-certificate-authority=/var/lib/rancher/k3s/server/tls/server-ca.crt --kubelet-client-certificate=/var/lib/rancher/k3s/server/tls/client-kube-apiserver.crt --kubelet-client-key=/var/lib/rancher/k3s/server/tls/client-kube-apiserver.key --kubelet-preferred-address-types=InternalIP,ExternalIP,Hostname --profiling=false --proxy-client-cert-file=/var/lib/rancher/k3s/server/tls/client-auth-proxy.crt --proxy-client-key-file=/var/lib/rancher/k3s/server/tls/client-auth-proxy.key --requestheader-allowed-names=system:auth-proxy --requestheader-client-ca-file=/var/lib/rancher/k3s/server/tls/request-header-ca.crt --requestheader-extra-headers-prefix=X-Remote-Extra- --requestheader-group-headers=X-Remote-Group --requestheader-username-headers=X-Remote-User --secure-port=6444 --service-account-issuer=https://kubernetes.default.svc.cluster.local --service-account-key-file=/var/lib/rancher/k3s/server/tls/service.key --service-account-signing-key-file=/var/lib/rancher/k3s/server/tls/service.current.key --service-cluster-ip-range=10.43.0.0/16 --service-node-port-range=30000-32767 --storage-backend=etcd3 --tls-cert-file=/var/lib/rancher/k3s/server/tls/serving-kube-apiserver.crt --tls-cipher-suites=TLS_ECDHE_ECDSA_WITH_AES_256_GCM_SHA384,TLS_ECDHE_RSA_WITH_AES_256_GCM_SHA384,TLS_ECDHE_ECDSA_WITH_AES_128_GCM_SHA256,TLS_ECDHE_RSA_WITH_AES_128_GCM_SHA256,TLS_ECDHE_ECDSA_WITH_CHACHA20_POLY1305,TLS_ECDHE_RSA_WITH_CHACHA20_POLY1305 --tls-private-key-file=/var/lib/rancher/k3s/server/tls/serving-kube-apiserver.key
2025-01-30 03:59:56,817 INFO c.h.h.t.HelmChartContainer - [K3S] [INFO] Running kube-scheduler --authentication-kubeconfig=/var/lib/rancher/k3s/server/cred/scheduler.kubeconfig --authorization-kubeconfig=/var/lib/rancher/k3s/server/cred/scheduler.kubeconfig --bind-address=127.0.0.1 --kubeconfig=/var/lib/rancher/k3s/server/cred/scheduler.kubeconfig --leader-elect=false --profiling=false --secure-port=10259
2025-01-30 03:59:56,817 INFO c.h.h.t.HelmChartContainer - [K3S] [registry.go:256] calling componentGlobalsRegistry.AddFlags more than once, the registry will be set by the latest flags
2025-01-30 03:59:56,817 INFO c.h.h.t.HelmChartContainer - [K3S] [INFO] Waiting for API server to become available
2025-01-30 03:59:56,818 INFO c.h.h.t.HelmChartContainer - [K3S] [registry.go:256] calling componentGlobalsRegistry.AddFlags more than once, the registry will be set by the latest flags
2025-01-30 03:59:56,818 INFO c.h.h.t.HelmChartContainer - [K3S] [options.go:238] external host was not specified, using 172.18.0.2
2025-01-30 03:59:56,819 INFO c.h.h.t.HelmChartContainer - [K3S] [INFO] Running kube-controller-manager --allocate-node-cidrs=true --authentication-kubeconfig=/var/lib/rancher/k3s/server/cred/controller.kubeconfig --authorization-kubeconfig=/var/lib/rancher/k3s/server/cred/controller.kubeconfig --bind-address=127.0.0.1 --cluster-cidr=10.42.0.0/16 --cluster-signing-kube-apiserver-client-cert-file=/var/lib/rancher/k3s/server/tls/client-ca.nochain.crt --cluster-signing-kube-apiserver-client-key-file=/var/lib/rancher/k3s/server/tls/client-ca.key --cluster-signing-kubelet-client-cert-file=/var/lib/rancher/k3s/server/tls/client-ca.nochain.crt --cluster-signing-kubelet-client-key-file=/var/lib/rancher/k3s/server/tls/client-ca.key --cluster-signing-kubelet-serving-cert-file=/var/lib/rancher/k3s/server/tls/server-ca.nochain.crt --cluster-signing-kubelet-serving-key-file=/var/lib/rancher/k3s/server/tls/server-ca.key --cluster-signing-legacy-unknown-cert-file=/var/lib/rancher/k3s/server/tls/server-ca.nochain.crt --cluster-signing-legacy-unknown-key-file=/var/lib/rancher/k3s/server/tls/server-ca.key --configure-cloud-routes=false --controllers=*,tokencleaner,-service,-route,-cloud-node-lifecycle --kubeconfig=/var/lib/rancher/k3s/server/cred/controller.kubeconfig --leader-elect=false --profiling=false --root-ca-file=/var/lib/rancher/k3s/server/tls/server-ca.crt --secure-port=10257 --service-account-private-key-file=/var/lib/rancher/k3s/server/tls/service.current.key --service-cluster-ip-range=10.43.0.0/16 --use-service-account-credentials=true
2025-01-30 03:59:56,820 INFO c.h.h.t.HelmChartContainer - [K3S] [options.go:299] unable to set WatchListClient feature gate, err: cannot override default for feature "WatchListClient": gates already added to a flag set
2025-01-30 03:59:56,820 INFO c.h.h.t.HelmChartContainer - [K3S] [registry.go:256] calling componentGlobalsRegistry.AddFlags more than once, the registry will be set by the latest flags
2025-01-30 03:59:56,820 INFO c.h.h.t.HelmChartContainer - [K3S] [server.go:151] Version: v1.32.1+k3s1
2025-01-30 03:59:56,820 INFO c.h.h.t.HelmChartContainer - [K3S] [server.go:153] "Golang settings" GOGC="" GOMAXPROCS="" GOTRACEBACK=""
2025-01-30 03:59:56,822 INFO c.h.h.t.HelmChartContainer - [K3S] [INFO] Running cloud-controller-manager --allocate-node-cidrs=true --authentication-kubeconfig=/var/lib/rancher/k3s/server/cred/cloud-controller.kubeconfig --authorization-kubeconfig=/var/lib/rancher/k3s/server/cred/cloud-controller.kubeconfig --bind-address=127.0.0.1 --cloud-config=/var/lib/rancher/k3s/server/etc/cloud-config.yaml --cloud-provider=k3s --cluster-cidr=10.42.0.0/16 --configure-cloud-routes=false --controllers=*,-route --kubeconfig=/var/lib/rancher/k3s/server/cred/cloud-controller.kubeconfig --leader-elect=false --leader-elect-resource-name=k3s-cloud-controller-manager --node-status-update-frequency=1m0s --profiling=false
2025-01-30 03:59:56,822 INFO c.h.h.t.HelmChartContainer - [K3S] [INFO] Server node token is available at /var/lib/rancher/k3s/server/token
2025-01-30 03:59:56,822 INFO c.h.h.t.HelmChartContainer - [K3S] [INFO] To join server node to cluster: k3s server -s https://172.18.0.2:6443 -t ${SERVER_NODE_TOKEN}
2025-01-30 03:59:56,822 INFO c.h.h.t.HelmChartContainer - [K3S] [INFO] Agent node token is available at /var/lib/rancher/k3s/server/agent-token
2025-01-30 03:59:56,823 INFO c.h.h.t.HelmChartContainer - [K3S] [INFO] To join agent node to cluster: k3s agent -s https://172.18.0.2:6443 -t ${AGENT_NODE_TOKEN}
2025-01-30 03:59:56,823 INFO c.h.h.t.HelmChartContainer - [K3S] [INFO] Wrote kubeconfig /etc/rancher/k3s/k3s.yaml
2025-01-30 03:59:56,823 INFO c.h.h.t.HelmChartContainer - [K3S] [INFO] Run: k3s kubectl
2025-01-30 03:59:57,027 INFO c.h.h.t.HelmChartContainer - [K3S] [plugins.go:157] Loaded 13 mutating admission controller(s) successfully in the following order: NamespaceLifecycle,LimitRanger,ServiceAccount,NodeRestriction,TaintNodesByCondition,Priority,DefaultTolerationSeconds,DefaultStorageClass,StorageObjectInUseProtection,RuntimeClass,DefaultIngressClass,MutatingAdmissionPolicy,MutatingAdmissionWebhook.
2025-01-30 03:59:57,028 INFO c.h.h.t.HelmChartContainer - [K3S] [plugins.go:160] Loaded 13 validating admission controller(s) successfully in the following order: LimitRanger,ServiceAccount,PodSecurity,Priority,PersistentVolumeClaimResize,RuntimeClass,CertificateApproval,CertificateSigning,ClusterTrustBundleAttest,CertificateSubjectRestriction,ValidatingAdmissionPolicy,ValidatingAdmissionWebhook,ResourceQuota.
2025-01-30 03:59:57,028 INFO c.h.h.t.HelmChartContainer - [K3S] [instance.go:233] Using reconciler: lease
2025-01-30 03:59:57,095 INFO c.h.h.t.HelmChartContainer - [K3S] [apis.go:106] API group "internal.apiserver.k8s.io" is not enabled, skipping.
2025-01-30 03:59:57,144 INFO c.h.h.t.HelmChartContainer - [K3S] [apis.go:106] API group "storagemigration.k8s.io" is not enabled, skipping.
2025-01-30 03:59:57,174 INFO c.h.h.t.HelmChartContainer - [K3S] [apis.go:106] API group "resource.k8s.io" is not enabled, skipping.
2025-01-30 03:59:57,477 INFO c.h.h.t.HelmChartContainer - [K3S] [dynamic_cafile_content.go:161] "Starting controller" name="request-header::/var/lib/rancher/k3s/server/tls/request-header-ca.crt"
2025-01-30 03:59:57,478 INFO c.h.h.t.HelmChartContainer - [K3S] [dynamic_cafile_content.go:161] "Starting controller" name="client-ca-bundle::/var/lib/rancher/k3s/server/tls/client-ca.crt"
2025-01-30 03:59:57,478 INFO c.h.h.t.HelmChartContainer - [K3S] [dynamic_serving_content.go:135] "Starting controller" name="serving-cert::/var/lib/rancher/k3s/server/tls/serving-kube-apiserver.crt::/var/lib/rancher/k3s/server/tls/serving-kube-apiserver.key"
2025-01-30 03:59:57,478 INFO c.h.h.t.HelmChartContainer - [K3S] [secure_serving.go:213] Serving securely on 127.0.0.1:6444
2025-01-30 03:59:57,478 INFO c.h.h.t.HelmChartContainer - [K3S] [tlsconfig.go:243] "Starting DynamicServingCertificateController"
2025-01-30 03:59:57,478 INFO c.h.h.t.HelmChartContainer - [K3S] [gc_controller.go:78] Starting apiserver lease garbage collector
2025-01-30 03:59:57,478 INFO c.h.h.t.HelmChartContainer - [K3S] [controller.go:80] Starting OpenAPI V3 AggregationController
2025-01-30 03:59:57,478 INFO c.h.h.t.HelmChartContainer - [K3S] [controller.go:119] Starting legacy_token_tracking_controller
2025-01-30 03:59:57,479 INFO c.h.h.t.HelmChartContainer - [K3S] [cluster_authentication_trust_controller.go:462] Starting cluster_authentication_trust_controller controller
2025-01-30 03:59:57,479 INFO c.h.h.t.HelmChartContainer - [K3S] [customresource_discovery_controller.go:292] Starting DiscoveryController
2025-01-30 03:59:57,479 INFO c.h.h.t.HelmChartContainer - [K3S] [remote_available_controller.go:411] Starting RemoteAvailability controller
2025-01-30 03:59:57,479 INFO c.h.h.t.HelmChartContainer - [K3S] [aggregator.go:169] waiting for initial CRD sync...
2025-01-30 03:59:57,479 INFO c.h.h.t.HelmChartContainer - [K3S] [apf_controller.go:377] Starting API Priority and Fairness config controller
2025-01-30 03:59:57,479 INFO c.h.h.t.HelmChartContainer - [K3S] [controller.go:142] Starting OpenAPI controller
2025-01-30 03:59:57,479 INFO c.h.h.t.HelmChartContainer - [K3S] [controller.go:90] Starting OpenAPI V3 controller
2025-01-30 03:59:57,479 INFO c.h.h.t.HelmChartContainer - [K3S] [local_available_controller.go:156] Starting LocalAvailability controller
2025-01-30 03:59:57,479 INFO c.h.h.t.HelmChartContainer - [K3S] [naming_controller.go:294] Starting NamingConditionController
2025-01-30 03:59:57,479 INFO c.h.h.t.HelmChartContainer - [K3S] [establishing_controller.go:81] Starting EstablishingController
2025-01-30 03:59:57,480 INFO c.h.h.t.HelmChartContainer - [K3S] [nonstructuralschema_controller.go:195] Starting NonStructuralSchemaConditionController
2025-01-30 03:59:57,480 INFO c.h.h.t.HelmChartContainer - [K3S] [apiapproval_controller.go:189] Starting KubernetesAPIApprovalPolicyConformantConditionController
2025-01-30 03:59:57,480 INFO c.h.h.t.HelmChartContainer - [K3S] [crd_finalizer.go:269] Starting CRDFinalizer
2025-01-30 03:59:57,480 INFO c.h.h.t.HelmChartContainer - [K3S] [dynamic_cafile_content.go:161] "Starting controller" name="client-ca-bundle::/var/lib/rancher/k3s/server/tls/client-ca.crt"
2025-01-30 03:59:57,480 INFO c.h.h.t.HelmChartContainer - [K3S] [dynamic_cafile_content.go:161] "Starting controller" name="request-header::/var/lib/rancher/k3s/server/tls/request-header-ca.crt"
2025-01-30 03:59:57,480 INFO c.h.h.t.HelmChartContainer - [K3S] [crdregistration_controller.go:114] Starting crd-autoregister controller
2025-01-30 03:59:57,488 INFO c.h.h.t.HelmChartContainer - [K3S] [system_namespaces_controller.go:66] Starting system namespaces controller
2025-01-30 03:59:57,489 INFO c.h.h.t.HelmChartContainer - [K3S] [apiservice_controller.go:100] Starting APIServiceRegistrationController
2025-01-30 03:59:57,489 INFO c.h.h.t.HelmChartContainer - [K3S] [controller.go:78] Starting OpenAPI AggregationController
2025-01-30 03:59:57,489 INFO c.h.h.t.HelmChartContainer - [K3S] [dynamic_serving_content.go:135] "Starting controller" name="aggregator-proxy-cert::/var/lib/rancher/k3s/server/tls/client-auth-proxy.crt::/var/lib/rancher/k3s/server/tls/client-auth-proxy.key"
2025-01-30 03:59:57,522 INFO c.h.h.t.HelmChartContainer - [K3S] [policy_source.go:240] refreshing policies
2025-01-30 03:59:57,551 INFO c.h.h.t.HelmChartContainer - [K3S] [INFO] Password verified locally for node 6c872e703766
2025-01-30 03:59:57,578 INFO c.h.h.t.HelmChartContainer - [K3S] [apf_controller.go:382] Running API Priority and Fairness config worker
2025-01-30 03:59:57,578 INFO c.h.h.t.HelmChartContainer - [K3S] [apf_controller.go:385] Running API Priority and Fairness periodic rebalancing process
2025-01-30 03:59:57,580 INFO c.h.h.t.HelmChartContainer - [K3S] [aggregator.go:171] initial CRD sync complete...
2025-01-30 03:59:57,580 INFO c.h.h.t.HelmChartContainer - [K3S] [autoregister_controller.go:144] Starting autoregister controller
2025-01-30 03:59:57,589 INFO c.h.h.t.HelmChartContainer - [K3S] [controller.go:145] "Failed to ensure lease exists, will retry" err="namespaces \"kube-system\" not found" interval="200ms"
2025-01-30 03:59:57,600 INFO c.h.h.t.HelmChartContainer - [K3S] [handler_discovery.go:451] Starting ResourceDiscoveryManager
2025-01-30 03:59:57,635 INFO c.h.h.t.HelmChartContainer - [K3S] [controller.go:95] Unable to perform initial Kubernetes service initialization: namespaces "default" not found
2025-01-30 03:59:58,018 INFO c.h.h.t.HelmChartContainer - [K3S] [WARNING] Host resolv.conf includes loopback or multicast nameservers - kubelet will use autogenerated resolv.conf with nameserver 8.8.8.8
2025-01-30 03:59:58,027 INFO c.h.h.t.HelmChartContainer - [K3S] [INFO] Module overlay was already loaded
2025-01-30 03:59:58,027 INFO c.h.h.t.HelmChartContainer - [K3S] [INFO] Module nf_conntrack was already loaded
2025-01-30 03:59:58,028 INFO c.h.h.t.HelmChartContainer - [K3S] [INFO] Module br_netfilter was already loaded
2025-01-30 03:59:58,032 INFO c.h.h.t.HelmChartContainer - [K3S] [INFO] Set sysctl 'net/netfilter/nf_conntrack_max' to 131072
2025-01-30 03:59:58,032 INFO c.h.h.t.HelmChartContainer - [K3S] [INFO] Set sysctl 'net/netfilter/nf_conntrack_tcp_timeout_established' to 86400
2025-01-30 03:59:58,032 INFO c.h.h.t.HelmChartContainer - [K3S] [INFO] Set sysctl 'net/netfilter/nf_conntrack_tcp_timeout_close_wait' to 3600
2025-01-30 03:59:58,034 INFO c.h.h.t.HelmChartContainer - [K3S] [INFO] Logging containerd to /var/lib/rancher/k3s/agent/containerd/containerd.log
2025-01-30 03:59:58,034 INFO c.h.h.t.HelmChartContainer - [K3S] [INFO] Running containerd -c /var/lib/rancher/k3s/agent/etc/containerd/config.toml -a /run/k3s/containerd/containerd.sock --state /run/k3s/containerd --root /var/lib/rancher/k3s/agent/containerd
2025-01-30 03:59:58,485 INFO c.h.h.t.HelmChartContainer - [K3S] [storage_scheduling.go:95] created PriorityClass system-node-critical with value 2000001000
2025-01-30 03:59:58,489 INFO c.h.h.t.HelmChartContainer - [K3S] [storage_scheduling.go:95] created PriorityClass system-cluster-critical with value 2000000000
2025-01-30 03:59:58,489 INFO c.h.h.t.HelmChartContainer - [K3S] [storage_scheduling.go:111] all system priority classes are created successfully or already exist.
2025-01-30 03:59:58,821 INFO c.h.h.t.HelmChartContainer - [K3S] [INFO] Waiting for untainted node
2025-01-30 03:59:58,822 INFO c.h.h.t.HelmChartContainer - [K3S] [INFO] Waiting for cloud-controller-manager privileges to become available
2025-01-30 03:59:58,822 INFO c.h.h.t.HelmChartContainer - [K3S] [INFO] Kube API server is now running
2025-01-30 03:59:58,822 INFO c.h.h.t.HelmChartContainer - [K3S] [INFO] ETCD server is now running
2025-01-30 03:59:58,822 INFO c.h.h.t.HelmChartContainer - [K3S] [INFO] k3s is up and running
2025-01-30 03:59:58,822 INFO c.h.h.t.HelmChartContainer - [K3S] [INFO] Creating k3s-supervisor event broadcaster
2025-01-30 03:59:58,829 INFO c.h.h.t.HelmChartContainer - [K3S] [INFO] Applying CRD addons.k3s.cattle.io
2025-01-30 03:59:58,838 INFO c.h.h.t.HelmChartContainer - [K3S] [INFO] Applying CRD etcdsnapshotfiles.k3s.cattle.io
2025-01-30 03:59:58,845 INFO c.h.h.t.HelmChartContainer - [K3S] [alloc.go:330] "allocated clusterIPs" service="default/kubernetes" clusterIPs={"IPv4":"10.43.0.1"}
2025-01-30 03:59:58,851 INFO c.h.h.t.HelmChartContainer - [K3S] [INFO] Applying CRD helmcharts.helm.cattle.io
2025-01-30 03:59:58,855 INFO c.h.h.t.HelmChartContainer - [K3S] [lease.go:265] Resetting endpoints for master service "kubernetes" to [172.18.0.2]
2025-01-30 03:59:58,867 INFO c.h.h.t.HelmChartContainer - [K3S] [INFO] Applying CRD helmchartconfigs.helm.cattle.io
2025-01-30 03:59:58,894 INFO c.h.h.t.HelmChartContainer - [K3S] [INFO] Waiting for CRD helmchartconfigs.helm.cattle.io to become available
2025-01-30 03:59:58,962 INFO c.h.h.t.HelmChartContainer - [K3S] [serving.go:392] Generated self-signed cert in-memory
2025-01-30 03:59:59,038 INFO c.h.h.t.HelmChartContainer - [K3S] [INFO] containerd is now running
2025-01-30 03:59:59,043 INFO c.h.h.t.HelmChartContainer - [K3S] [INFO] Connecting to proxy" url="wss://127.0.0.1:6443/v1-k3s/connect
2025-01-30 03:59:59,044 INFO c.h.h.t.HelmChartContainer - [K3S] [INFO] Creating k3s-cert-monitor event broadcaster
2025-01-30 03:59:59,045 INFO c.h.h.t.HelmChartContainer - [K3S] [INFO] Running kubelet --cloud-provider=external --config-dir=/var/lib/rancher/k3s/agent/etc/kubelet.conf.d --containerd=/run/k3s/containerd/containerd.sock --hostname-override=6c872e703766 --kubeconfig=/var/lib/rancher/k3s/agent/kubelet.kubeconfig --node-ip=172.18.0.2 --node-labels=
2025-01-30 03:59:59,046 INFO c.h.h.t.HelmChartContainer - [K3S] [INFO] Handling backend connection request [6c872e703766]
2025-01-30 03:59:59,046 INFO c.h.h.t.HelmChartContainer - [K3S] [INFO] Remotedialer connected to proxy" url="wss://127.0.0.1:6443/v1-k3s/connect
2025-01-30 03:59:59,057 INFO c.h.h.t.HelmChartContainer - [K3S] Flag --containerd has been deprecated, This is a cadvisor flag that was mistakenly registered with the Kubelet. Due to legacy concerns, it will follow the standard CLI deprecation timeline before being removed.
2025-01-30 03:59:59,057 INFO c.h.h.t.HelmChartContainer - [K3S] [server.go:515] "Kubelet version" kubeletVersion="v1.32.1+k3s1"
2025-01-30 03:59:59,057 INFO c.h.h.t.HelmChartContainer - [K3S] [server.go:517] "Golang settings" GOGC="" GOMAXPROCS="" GOTRACEBACK=""
2025-01-30 03:59:59,059 INFO c.h.h.t.HelmChartContainer - [K3S] [dynamic_cafile_content.go:161] "Starting controller" name="client-ca-bundle::/var/lib/rancher/k3s/agent/client-ca.crt"
2025-01-30 03:59:59,062 INFO c.h.h.t.HelmChartContainer - [K3S] [log.go:32] "RuntimeConfig from runtime service failed" err="rpc error: code = Unimplemented desc = method RuntimeConfig not implemented"
2025-01-30 03:59:59,063 INFO c.h.h.t.HelmChartContainer - [K3S] [server.go:1416] "CRI implementation should be updated to support RuntimeConfig when KubeletCgroupDriverFromCRI feature gate has been enabled. Falling back to using cgroupDriver from kubelet config."
2025-01-30 03:59:59,067 INFO c.h.h.t.HelmChartContainer - [K3S] [info.go:53] Couldn't collect info from any of the files in "/etc/machine-id,/var/lib/dbus/machine-id"
2025-01-30 03:59:59,067 INFO c.h.h.t.HelmChartContainer - [K3S] [server.go:767] "--cgroups-per-qos enabled, but --cgroup-root was not specified.  defaulting to /"
2025-01-30 03:59:59,067 INFO c.h.h.t.HelmChartContainer - [K3S] [server.go:836] "NoSwap is set due to memorySwapBehavior not specified" memorySwapBehavior="" FailSwapOn=false
2025-01-30 03:59:59,068 INFO c.h.h.t.HelmChartContainer - [K3S] [swap_util.go:115] "Swap is on" /proc/swaps contents=<
2025-01-30 03:59:59,068 INFO c.h.h.t.HelmChartContainer - [K3S] 	Filename				Type		Size		Used		Priority
2025-01-30 03:59:59,068 INFO c.h.h.t.HelmChartContainer - [K3S] 	/mnt/swapfile                           file		4194300		0		-2
2025-01-30 03:59:59,068 INFO c.h.h.t.HelmChartContainer - [K3S]  >
2025-01-30 03:59:59,070 INFO c.h.h.t.HelmChartContainer - [K3S] [container_manager_linux.go:268] "Container manager verified user specified cgroup-root exists" cgroupRoot=[]
2025-01-30 03:59:59,070 INFO c.h.h.t.HelmChartContainer - [K3S] [container_manager_linux.go:273] "Creating Container Manager object based on Node Config" nodeConfig={"NodeName":"6c872e703766","RuntimeCgroupsName":"","SystemCgroupsName":"","KubeletCgroupsName":"/k3s","KubeletOOMScoreAdj":-999,"ContainerRuntime":"","CgroupsPerQOS":true,"CgroupRoot":"/","CgroupDriver":"cgroupfs","KubeletRootDir":"/var/lib/kubelet","ProtectKernelDefaults":false,"KubeReservedCgroupName":"","SystemReservedCgroupName":"","ReservedSystemCPUs":{},"EnforceNodeAllocatable":{"pods":{}},"KubeReserved":null,"SystemReserved":null,"HardEvictionThresholds":[{"Signal":"imagefs.available","Operator":"LessThan","Value":{"Quantity":null,"Percentage":0.05},"GracePeriod":0,"MinReclaim":null},{"Signal":"nodefs.available","Operator":"LessThan","Value":{"Quantity":null,"Percentage":0.05},"GracePeriod":0,"MinReclaim":null}],"QOSReserved":{},"CPUManagerPolicy":"none","CPUManagerPolicyOptions":null,"TopologyManagerScope":"container","CPUManagerReconcilePeriod":10000000000,"ExperimentalMemoryManagerPolicy":"None","ExperimentalMemoryManagerReservedMemory":null,"PodPidsLimit":-1,"EnforceCPULimits":true,"CPUCFSQuotaPeriod":100000000,"TopologyManagerPolicy":"none","TopologyManagerPolicyOptions":null,"CgroupVersion":2}
2025-01-30 03:59:59,070 INFO c.h.h.t.HelmChartContainer - [K3S] [topology_manager.go:138] "Creating topology manager with none policy"
2025-01-30 03:59:59,070 INFO c.h.h.t.HelmChartContainer - [K3S] [container_manager_linux.go:304] "Creating device plugin manager"
2025-01-30 03:59:59,070 INFO c.h.h.t.HelmChartContainer - [K3S] [state_mem.go:36] "Initialized new in-memory state store"
2025-01-30 03:59:59,070 INFO c.h.h.t.HelmChartContainer - [K3S] [kubelet.go:446] "Attempting to sync node with API server"
2025-01-30 03:59:59,070 INFO c.h.h.t.HelmChartContainer - [K3S] [kubelet.go:341] "Adding static pod path" path="/var/lib/rancher/k3s/agent/pod-manifests"
2025-01-30 03:59:59,070 INFO c.h.h.t.HelmChartContainer - [K3S] [kubelet.go:352] "Adding apiserver pod source"
2025-01-30 03:59:59,070 INFO c.h.h.t.HelmChartContainer - [K3S] [apiserver.go:42] "Waiting for node sync before watching apiserver pods"
2025-01-30 03:59:59,072 INFO c.h.h.t.HelmChartContainer - [K3S] [kuberuntime_manager.go:269] "Container runtime initialized" containerRuntime="containerd" version="v1.7.23-k3s2" apiVersion="v1"
2025-01-30 03:59:59,072 INFO c.h.h.t.HelmChartContainer - [K3S] [kubelet.go:890] "Not starting ClusterTrustBundle informer because we are in static kubelet mode"
2025-01-30 03:59:59,073 INFO c.h.h.t.HelmChartContainer - [K3S] [probe.go:272] Flexvolume plugin directory at /usr/libexec/kubernetes/kubelet-plugins/volume/exec/ does not exist. Recreating.
2025-01-30 03:59:59,075 INFO c.h.h.t.HelmChartContainer - [K3S] [watchdog_linux.go:99] "Systemd watchdog is not enabled"
2025-01-30 03:59:59,075 INFO c.h.h.t.HelmChartContainer - [K3S] [server.go:1282] "Started kubelet"
2025-01-30 03:59:59,076 INFO c.h.h.t.HelmChartContainer - [K3S] [fs_resource_analyzer.go:67] "Starting FS ResourceAnalyzer"
2025-01-30 03:59:59,087 INFO c.h.h.t.HelmChartContainer - [K3S] [kubelet.go:1561] "Image garbage collection failed once. Stats initialization may not have completed yet" err="invalid capacity 0 on image filesystem"
2025-01-30 03:59:59,092 INFO c.h.h.t.HelmChartContainer - [K3S] [dynamic_serving_content.go:135] "Starting controller" name="kubelet-server-cert-files::/var/lib/rancher/k3s/agent/serving-kubelet.crt::/var/lib/rancher/k3s/agent/serving-kubelet.key"
2025-01-30 03:59:59,096 INFO c.h.h.t.HelmChartContainer - [K3S] [server.go:169] "Starting to listen" address="0.0.0.0" port=10250
2025-01-30 03:59:59,097 INFO c.h.h.t.HelmChartContainer - [K3S] [server.go:490] "Adding debug handlers to kubelet server"
2025-01-30 03:59:59,097 INFO c.h.h.t.HelmChartContainer - [K3S] [server.go:208] "Starting to listen read-only" address="0.0.0.0" port=10255
2025-01-30 03:59:59,097 INFO c.h.h.t.HelmChartContainer - [K3S] [ratelimit.go:55] "Setting rate limiting for endpoint" service="podresources" qps=100 burstTokens=10
2025-01-30 03:59:59,097 INFO c.h.h.t.HelmChartContainer - [K3S] [server.go:243] "Starting to serve the podresources API" endpoint="unix:/var/lib/kubelet/pod-resources/kubelet.sock"
2025-01-30 03:59:59,101 INFO c.h.h.t.HelmChartContainer - [K3S] [volume_manager.go:297] "Starting Kubelet Volume Manager"
2025-01-30 03:59:59,101 INFO c.h.h.t.HelmChartContainer - [K3S] [kubelet_node_status.go:467] "Error getting the current node from lister" err="node \"6c872e703766\" not found"
2025-01-30 03:59:59,102 INFO c.h.h.t.HelmChartContainer - [K3S] [desired_state_of_world_populator.go:149] "Desired state populator starts to run"
2025-01-30 03:59:59,102 INFO c.h.h.t.HelmChartContainer - [K3S] [reconciler.go:26] "Reconciler: start to sync state"
2025-01-30 03:59:59,103 INFO c.h.h.t.HelmChartContainer - [K3S] [factory.go:221] Registration of the systemd container factory successfully
2025-01-30 03:59:59,103 INFO c.h.h.t.HelmChartContainer - [K3S] [factory.go:219] Registration of the crio container factory failed: Get "http://%2Fvar%2Frun%2Fcrio%2Fcrio.sock/info": dial unix /var/run/crio/crio.sock: connect: no such file or directory
2025-01-30 03:59:59,111 INFO c.h.h.t.HelmChartContainer - [K3S] [factory.go:221] Registration of the containerd container factory successfully
2025-01-30 03:59:59,133 INFO c.h.h.t.HelmChartContainer - [K3S] [nodelease.go:49] "Failed to get node when trying to set owner ref to the node lease" err="nodes \"6c872e703766\" not found" node="6c872e703766"
2025-01-30 03:59:59,140 INFO c.h.h.t.HelmChartContainer - [K3S] [kubelet_network_linux.go:50] "Initialized iptables rules." protocol="IPv4"
2025-01-30 03:59:59,142 INFO c.h.h.t.HelmChartContainer - [K3S] [kubelet_network_linux.go:50] "Initialized iptables rules." protocol="IPv6"
2025-01-30 03:59:59,143 INFO c.h.h.t.HelmChartContainer - [K3S] [status_manager.go:227] "Starting to sync pod status with apiserver"
2025-01-30 03:59:59,143 INFO c.h.h.t.HelmChartContainer - [K3S] [watchdog_linux.go:127] "Systemd watchdog is not enabled or the interval is invalid, so health checking will not be started."
2025-01-30 03:59:59,143 INFO c.h.h.t.HelmChartContainer - [K3S] [kubelet.go:2388] "Starting kubelet main sync loop"
2025-01-30 03:59:59,144 INFO c.h.h.t.HelmChartContainer - [K3S] [kubelet.go:2412] "Skipping pod synchronization" err="[container runtime status check may not have completed yet, PLEG is not healthy: pleg has yet to be successful]"
2025-01-30 03:59:59,152 INFO c.h.h.t.HelmChartContainer - [K3S] [cpu_manager.go:221] "Starting CPU manager" policy="none"
2025-01-30 03:59:59,152 INFO c.h.h.t.HelmChartContainer - [K3S] [cpu_manager.go:222] "Reconciling" reconcilePeriod="10s"
2025-01-30 03:59:59,152 INFO c.h.h.t.HelmChartContainer - [K3S] [state_mem.go:36] "Initialized new in-memory state store"
2025-01-30 03:59:59,154 INFO c.h.h.t.HelmChartContainer - [K3S] [policy_none.go:49] "None policy: Start"
2025-01-30 03:59:59,155 INFO c.h.h.t.HelmChartContainer - [K3S] [memory_manager.go:186] "Starting memorymanager" policy="None"
2025-01-30 03:59:59,156 INFO c.h.h.t.HelmChartContainer - [K3S] [state_mem.go:35] "Initializing new in-memory state store"
2025-01-30 03:59:59,161 INFO c.h.h.t.HelmChartContainer - [K3S] [manager.go:519] "Failed to read data from checkpoint" checkpoint="kubelet_internal_checkpoint" err="checkpoint is not found"
2025-01-30 03:59:59,161 INFO c.h.h.t.HelmChartContainer - [K3S] [eviction_manager.go:189] "Eviction manager: starting control loop"
2025-01-30 03:59:59,161 INFO c.h.h.t.HelmChartContainer - [K3S] [container_log_manager.go:189] "Initializing container log rotate workers" workers=1 monitorPeriod="10s"
2025-01-30 03:59:59,168 INFO c.h.h.t.HelmChartContainer - [K3S] [plugin_manager.go:118] "Starting Kubelet Plugin Manager"
2025-01-30 03:59:59,171 INFO c.h.h.t.HelmChartContainer - [K3S] [eviction_manager.go:267] "eviction manager: failed to check if we have separate container filesystem. Ignoring." err="no imagefs label for configured runtime"
2025-01-30 03:59:59,172 INFO c.h.h.t.HelmChartContainer - [K3S] [eviction_manager.go:292] "Eviction manager: failed to get summary stats" err="failed to get node info: node \"6c872e703766\" not found"
2025-01-30 03:59:59,200 INFO c.h.h.t.HelmChartContainer - [K3S] [ERROR] Sending HTTP/1.1 503 response to 127.0.0.1:53300: runtime core not ready
2025-01-30 03:59:59,273 INFO c.h.h.t.HelmChartContainer - [K3S] [kubelet_node_status.go:76] "Attempting to register node" node="6c872e703766"
2025-01-30 03:59:59,279 INFO c.h.h.t.HelmChartContainer - [K3S] [kubelet_node_status.go:79] "Successfully registered node" node="6c872e703766"
2025-01-30 03:59:59,279 INFO c.h.h.t.HelmChartContainer - [K3S] [kubelet_node_status.go:549] "Error updating node status, will retry" err="error getting node \"6c872e703766\": node \"6c872e703766\" not found"
2025-01-30 03:59:59,285 INFO c.h.h.t.HelmChartContainer - [K3S] [INFO] Annotations and labels have been set successfully on node: 6c872e703766
2025-01-30 03:59:59,285 INFO c.h.h.t.HelmChartContainer - [K3S] [INFO] Starting flannel with backend vxlan
2025-01-30 03:59:59,317 INFO c.h.h.t.HelmChartContainer - [K3S] [controllermanager.go:185] "Starting" version="v1.32.1+k3s1"
2025-01-30 03:59:59,317 INFO c.h.h.t.HelmChartContainer - [K3S] [controllermanager.go:187] "Golang settings" GOGC="" GOMAXPROCS="" GOTRACEBACK=""
2025-01-30 03:59:59,320 INFO c.h.h.t.HelmChartContainer - [K3S] [secure_serving.go:213] Serving securely on 127.0.0.1:10257
2025-01-30 03:59:59,320 INFO c.h.h.t.HelmChartContainer - [K3S] [tlsconfig.go:243] "Starting DynamicServingCertificateController"
2025-01-30 03:59:59,320 INFO c.h.h.t.HelmChartContainer - [K3S] [requestheader_controller.go:180] Starting RequestHeaderAuthRequestController
2025-01-30 03:59:59,320 INFO c.h.h.t.HelmChartContainer - [K3S] [configmap_cafile_content.go:205] "Starting controller" name="client-ca::kube-system::extension-apiserver-authentication::client-ca-file"
2025-01-30 03:59:59,321 INFO c.h.h.t.HelmChartContainer - [K3S] [configmap_cafile_content.go:205] "Starting controller" name="client-ca::kube-system::extension-apiserver-authentication::requestheader-client-ca-file"
2025-01-30 03:59:59,327 INFO c.h.h.t.HelmChartContainer - [K3S] [controllermanager.go:765] "Started controller" controller="serviceaccount-token-controller"
2025-01-30 03:59:59,331 INFO c.h.h.t.HelmChartContainer - [K3S] [INFO] Running kube-proxy --cluster-cidr=10.42.0.0/16 --conntrack-max-per-core=0 --conntrack-tcp-timeout-close-wait=0s --conntrack-tcp-timeout-established=0s --healthz-bind-address=127.0.0.1 --hostname-override=6c872e703766 --kubeconfig=/var/lib/rancher/k3s/agent/kubeproxy.kubeconfig --proxy-mode=iptables
2025-01-30 03:59:59,334 INFO c.h.h.t.HelmChartContainer - [K3S] [controllermanager.go:765] "Started controller" controller="persistentvolume-attach-detach-controller"
2025-01-30 03:59:59,334 INFO c.h.h.t.HelmChartContainer - [K3S] [attach_detach_controller.go:338] "Starting attach detach controller"
2025-01-30 03:59:59,340 INFO c.h.h.t.HelmChartContainer - [K3S] [controllermanager.go:765] "Started controller" controller="endpointslice-controller"
2025-01-30 03:59:59,340 INFO c.h.h.t.HelmChartContainer - [K3S] [endpointslice_controller.go:281] "Starting endpoint slice controller"
2025-01-30 03:59:59,345 INFO c.h.h.t.HelmChartContainer - [K3S] [controllermanager.go:765] "Started controller" controller="daemonset-controller"
2025-01-30 03:59:59,345 INFO c.h.h.t.HelmChartContainer - [K3S] [daemon_controller.go:294] "Starting daemon sets controller"
2025-01-30 03:59:59,351 INFO c.h.h.t.HelmChartContainer - [K3S] [controllermanager.go:765] "Started controller" controller="cronjob-controller"
2025-01-30 03:59:59,351 INFO c.h.h.t.HelmChartContainer - [K3S] [cronjob_controllerv2.go:145] "Starting cronjob controller v2"
2025-01-30 03:59:59,356 INFO c.h.h.t.HelmChartContainer - [K3S] [controllermanager.go:765] "Started controller" controller="certificatesigningrequest-cleaner-controller"
2025-01-30 03:59:59,357 INFO c.h.h.t.HelmChartContainer - [K3S] [controllermanager.go:728] "Warning: controller is disabled" controller="bootstrap-signer-controller"
2025-01-30 03:59:59,357 INFO c.h.h.t.HelmChartContainer - [K3S] [cleaner.go:83] "Starting CSR cleaner controller"
2025-01-30 03:59:59,370 INFO c.h.h.t.HelmChartContainer - [K3S] [range_allocator.go:112] "No Secondary Service CIDR provided. Skipping filtering out secondary service addresses"
2025-01-30 03:59:59,370 INFO c.h.h.t.HelmChartContainer - [K3S] [controllermanager.go:765] "Started controller" controller="node-ipam-controller"
2025-01-30 03:59:59,370 INFO c.h.h.t.HelmChartContainer - [K3S] [controllermanager.go:723] "Skipping a cloud provider controller" controller="cloud-node-lifecycle-controller"
2025-01-30 03:59:59,370 INFO c.h.h.t.HelmChartContainer - [K3S] [node_ipam_controller.go:141] "Starting ipam controller"
2025-01-30 03:59:59,372 INFO c.h.h.t.HelmChartContainer - [K3S] [server.go:698] "Successfully retrieved node IP(s)" IPs=["172.18.0.2"]
2025-01-30 03:59:59,372 INFO c.h.h.t.HelmChartContainer - [K3S] [server.go:234] "Kube-proxy configuration may be incomplete or incorrect" err="nodePortAddresses is unset; NodePort connections will be accepted on all local IPs. Consider using `--nodeport-addresses primary`"
2025-01-30 03:59:59,376 INFO c.h.h.t.HelmChartContainer - [K3S] [server.go:243] "kube-proxy running in dual-stack mode" primary ipFamily="IPv4"
2025-01-30 03:59:59,376 INFO c.h.h.t.HelmChartContainer - [K3S] [server_linux.go:170] "Using iptables Proxier"
2025-01-30 03:59:59,379 INFO c.h.h.t.HelmChartContainer - [K3S] [controllermanager.go:765] "Started controller" controller="persistentvolume-expander-controller"
2025-01-30 03:59:59,380 INFO c.h.h.t.HelmChartContainer - [K3S] [controllermanager.go:717] "Controller is disabled by a feature gate" controller="resourceclaim-controller" requiredFeatureGates=["DynamicResourceAllocation"]
2025-01-30 03:59:59,381 INFO c.h.h.t.HelmChartContainer - [K3S] [controllermanager.go:743] "Warning: skipping controller" controller="storage-version-migrator-controller"
2025-01-30 03:59:59,381 INFO c.h.h.t.HelmChartContainer - [K3S] [proxier.go:255] "Setting route_localnet=1 to allow node-ports on localhost; to change this either disable iptables.localhostNodePorts (--iptables-localhost-nodeports) or set nodePortAddresses (--nodeport-addresses) to filter loopback addresses"
2025-01-30 03:59:59,381 INFO c.h.h.t.HelmChartContainer - [K3S] [expand_controller.go:329] "Starting expand controller"
2025-01-30 03:59:59,384 INFO c.h.h.t.HelmChartContainer - [K3S] [server.go:497] "Version info" version="v1.32.1+k3s1"
2025-01-30 03:59:59,385 INFO c.h.h.t.HelmChartContainer - [K3S] [server.go:499] "Golang settings" GOGC="" GOMAXPROCS="" GOTRACEBACK=""
2025-01-30 03:59:59,387 INFO c.h.h.t.HelmChartContainer - [K3S] [config.go:199] "Starting service config controller"
2025-01-30 03:59:59,387 INFO c.h.h.t.HelmChartContainer - [K3S] [config.go:105] "Starting endpoint slice config controller"
2025-01-30 03:59:59,387 INFO c.h.h.t.HelmChartContainer - [K3S] [config.go:329] "Starting node config controller"
2025-01-30 03:59:59,395 INFO c.h.h.t.HelmChartContainer - [K3S] [controllermanager.go:765] "Started controller" controller="replicaset-controller"
2025-01-30 03:59:59,395 INFO c.h.h.t.HelmChartContainer - [K3S] [replica_set.go:217] "Starting controller" name="replicaset"
2025-01-30 03:59:59,400 INFO c.h.h.t.HelmChartContainer - [K3S] [INFO] Done waiting for CRD helmchartconfigs.helm.cattle.io to become available
2025-01-30 03:59:59,402 INFO c.h.h.t.HelmChartContainer - [K3S] [INFO] Writing static file: /var/lib/rancher/k3s/server/static/charts/traefik-27.0.201+up27.0.2.tgz
2025-01-30 03:59:59,403 INFO c.h.h.t.HelmChartContainer - [K3S] [INFO] Writing static file: /var/lib/rancher/k3s/server/static/charts/traefik-crd-27.0.201+up27.0.2.tgz
2025-01-30 03:59:59,403 INFO c.h.h.t.HelmChartContainer - [K3S] [INFO] Writing manifest: /var/lib/rancher/k3s/server/manifests/ccm.yaml
2025-01-30 03:59:59,403 INFO c.h.h.t.HelmChartContainer - [K3S] [INFO] Writing manifest: /var/lib/rancher/k3s/server/manifests/local-storage.yaml
2025-01-30 03:59:59,403 INFO c.h.h.t.HelmChartContainer - [K3S] [INFO] Writing manifest: /var/lib/rancher/k3s/server/manifests/metrics-server/aggregated-metrics-reader.yaml
2025-01-30 03:59:59,403 INFO c.h.h.t.HelmChartContainer - [K3S] [INFO] Writing manifest: /var/lib/rancher/k3s/server/manifests/metrics-server/auth-delegator.yaml
2025-01-30 03:59:59,403 INFO c.h.h.t.HelmChartContainer - [K3S] [INFO] Writing manifest: /var/lib/rancher/k3s/server/manifests/metrics-server/auth-reader.yaml
2025-01-30 03:59:59,403 INFO c.h.h.t.HelmChartContainer - [K3S] [INFO] Writing manifest: /var/lib/rancher/k3s/server/manifests/metrics-server/resource-reader.yaml
2025-01-30 03:59:59,403 INFO c.h.h.t.HelmChartContainer - [K3S] [INFO] Writing manifest: /var/lib/rancher/k3s/server/manifests/runtimes.yaml
2025-01-30 03:59:59,403 INFO c.h.h.t.HelmChartContainer - [K3S] [INFO] Writing manifest: /var/lib/rancher/k3s/server/manifests/coredns.yaml
2025-01-30 03:59:59,404 INFO c.h.h.t.HelmChartContainer - [K3S] [INFO] Writing manifest: /var/lib/rancher/k3s/server/manifests/metrics-server/metrics-apiservice.yaml
2025-01-30 03:59:59,404 INFO c.h.h.t.HelmChartContainer - [K3S] [INFO] Writing manifest: /var/lib/rancher/k3s/server/manifests/metrics-server/metrics-server-deployment.yaml
2025-01-30 03:59:59,404 INFO c.h.h.t.HelmChartContainer - [K3S] [INFO] Writing manifest: /var/lib/rancher/k3s/server/manifests/metrics-server/metrics-server-service.yaml
2025-01-30 03:59:59,405 INFO c.h.h.t.HelmChartContainer - [K3S] [INFO] Writing manifest: /var/lib/rancher/k3s/server/manifests/rolebindings.yaml
2025-01-30 03:59:59,405 INFO c.h.h.t.HelmChartContainer - [K3S] [INFO] Tunnel server egress proxy mode: agent
2025-01-30 03:59:59,405 INFO c.h.h.t.HelmChartContainer - [K3S] [INFO] Starting dynamiclistener CN filter node controller with SANs: [localhost 127.0.0.1 ::1 localhost 6c872e703766 172.18.0.2 10.43.0.1 kubernetes kubernetes.default kubernetes.default.svc kubernetes.default.svc.cluster.local]
2025-01-30 03:59:59,409 INFO c.h.h.t.HelmChartContainer - [K3S] [controllermanager.go:765] "Started controller" controller="disruption-controller"
2025-01-30 03:59:59,409 INFO c.h.h.t.HelmChartContainer - [K3S] [controllermanager.go:723] "Skipping a cloud provider controller" controller="node-route-controller"
2025-01-30 03:59:59,409 INFO c.h.h.t.HelmChartContainer - [K3S] [controllermanager.go:717] "Controller is disabled by a feature gate" controller="volumeattributesclass-protection-controller" requiredFeatureGates=["VolumeAttributesClass"]
2025-01-30 03:59:59,410 INFO c.h.h.t.HelmChartContainer - [K3S] [disruption.go:452] "Sending events to api server."
2025-01-30 03:59:59,410 INFO c.h.h.t.HelmChartContainer - [K3S] [disruption.go:463] "Starting disruption controller"
2025-01-30 03:59:59,480 INFO c.h.h.t.HelmChartContainer - [K3S] [controllermanager.go:765] "Started controller" controller="ttl-after-finished-controller"
2025-01-30 03:59:59,481 INFO c.h.h.t.HelmChartContainer - [K3S] [controllermanager.go:717] "Controller is disabled by a feature gate" controller="kube-apiserver-serving-clustertrustbundle-publisher-controller" requiredFeatureGates=["ClusterTrustBundle"]
2025-01-30 03:59:59,481 INFO c.h.h.t.HelmChartContainer - [K3S] [ttlafterfinished_controller.go:112] "Starting TTL after finished controller"
2025-01-30 03:59:59,496 INFO c.h.h.t.HelmChartContainer - [K3S] [kubelet_node_status.go:502] "Fast updating node status as it just became ready"
2025-01-30 03:59:59,508 INFO c.h.h.t.HelmChartContainer - [K3S] [INFO] Starting k3s.cattle.io/v1, Kind=Addon controller
2025-01-30 03:59:59,509 INFO c.h.h.t.HelmChartContainer - [K3S] [INFO] Creating deploy event broadcaster
2025-01-30 03:59:59,530 INFO c.h.h.t.HelmChartContainer - [K3S] [controllermanager.go:765] "Started controller" controller="taint-eviction-controller"
2025-01-30 03:59:59,531 INFO c.h.h.t.HelmChartContainer - [K3S] [taint_eviction.go:281] "Starting" controller="taint-eviction-controller"
2025-01-30 03:59:59,531 INFO c.h.h.t.HelmChartContainer - [K3S] [taint_eviction.go:287] "Sending events to api server"
2025-01-30 03:59:59,612 INFO c.h.h.t.HelmChartContainer - [K3S] [INFO] Starting /v1, Kind=Node controller
2025-01-30 03:59:59,617 INFO c.h.h.t.HelmChartContainer - [K3S] [INFO] Creating helm-controller event broadcaster
2025-01-30 03:59:59,623 INFO c.h.h.t.HelmChartContainer - [K3S] [INFO] Cluster dns configmap has been set successfully
2025-01-30 03:59:59,629 INFO c.h.h.t.HelmChartContainer - [K3S] [INFO] Labels and annotations have been set successfully on node: 6c872e703766
2025-01-30 03:59:59,649 INFO c.h.h.t.HelmChartContainer - [K3S] [INFO] Starting /v1, Kind=ConfigMap controller
2025-01-30 03:59:59,650 INFO c.h.h.t.HelmChartContainer - [K3S] [INFO] Starting /v1, Kind=ServiceAccount controller
2025-01-30 03:59:59,650 INFO c.h.h.t.HelmChartContainer - [K3S] [INFO] Starting /v1, Kind=Secret controller
2025-01-30 03:59:59,656 INFO c.h.h.t.HelmChartContainer - [K3S] [INFO] Updating TLS secret for kube-system/k3s-serving (count: 10): map[listener.cattle.io/cn-10.43.0.1:10.43.0.1 listener.cattle.io/cn-127.0.0.1:127.0.0.1 listener.cattle.io/cn-172.18.0.2:172.18.0.2 listener.cattle.io/cn-6c872e703766:6c872e703766 listener.cattle.io/cn-__1-f16284:::1 listener.cattle.io/cn-kubernetes:kubernetes listener.cattle.io/cn-kubernetes.default:kubernetes.default listener.cattle.io/cn-kubernetes.default.svc:kubernetes.default.svc listener.cattle.io/cn-kubernetes.default.svc.cluster.local:kubernetes.default.svc.cluster.local listener.cattle.io/cn-localhost:localhost listener.cattle.io/fingerprint:SHA1=ADA80DD72537DBA6B65944E3868471018D7C3A7E]
2025-01-30 03:59:59,659 INFO c.h.h.t.HelmChartContainer - [K3S] [INFO] Active TLS secret kube-system/k3s-serving (ver=240) (count 10): map[listener.cattle.io/cn-10.43.0.1:10.43.0.1 listener.cattle.io/cn-127.0.0.1:127.0.0.1 listener.cattle.io/cn-172.18.0.2:172.18.0.2 listener.cattle.io/cn-6c872e703766:6c872e703766 listener.cattle.io/cn-__1-f16284:::1 listener.cattle.io/cn-kubernetes:kubernetes listener.cattle.io/cn-kubernetes.default:kubernetes.default listener.cattle.io/cn-kubernetes.default.svc:kubernetes.default.svc listener.cattle.io/cn-kubernetes.default.svc.cluster.local:kubernetes.default.svc.cluster.local listener.cattle.io/cn-localhost:localhost listener.cattle.io/fingerprint:SHA1=ADA80DD72537DBA6B65944E3868471018D7C3A7E]
2025-01-30 03:59:59,724 INFO c.h.h.t.HelmChartContainer - [K3S] [INFO] Starting helm.cattle.io/v1, Kind=HelmChartConfig controller
2025-01-30 03:59:59,724 INFO c.h.h.t.HelmChartContainer - [K3S] [INFO] Starting helm.cattle.io/v1, Kind=HelmChart controller
2025-01-30 03:59:59,727 INFO c.h.h.t.HelmChartContainer - [K3S] [INFO] Starting rbac.authorization.k8s.io/v1, Kind=ClusterRoleBinding controller
2025-01-30 03:59:59,730 INFO c.h.h.t.HelmChartContainer - [K3S] [INFO] Starting batch/v1, Kind=Job controller
2025-01-30 03:59:59,752 INFO c.h.h.t.HelmChartContainer - [K3S] [INFO] Updating TLS secret for kube-system/k3s-serving (count: 10): map[listener.cattle.io/cn-10.43.0.1:10.43.0.1 listener.cattle.io/cn-127.0.0.1:127.0.0.1 listener.cattle.io/cn-172.18.0.2:172.18.0.2 listener.cattle.io/cn-6c872e703766:6c872e703766 listener.cattle.io/cn-__1-f16284:::1 listener.cattle.io/cn-kubernetes:kubernetes listener.cattle.io/cn-kubernetes.default:kubernetes.default listener.cattle.io/cn-kubernetes.default.svc:kubernetes.default.svc listener.cattle.io/cn-kubernetes.default.svc.cluster.local:kubernetes.default.svc.cluster.local listener.cattle.io/cn-localhost:localhost listener.cattle.io/fingerprint:SHA1=ADA80DD72537DBA6B65944E3868471018D7C3A7E]
2025-01-30 03:59:59,836 INFO c.h.h.t.HelmChartContainer - [K3S] [controllermanager.go:765] "Started controller" controller="resourcequota-controller"
2025-01-30 03:59:59,836 INFO c.h.h.t.HelmChartContainer - [K3S] [resource_quota_controller.go:300] "Starting resource quota controller"
2025-01-30 03:59:59,980 INFO c.h.h.t.HelmChartContainer - [K3S] [controllermanager.go:765] "Started controller" controller="deployment-controller"
2025-01-30 03:59:59,980 INFO c.h.h.t.HelmChartContainer - [K3S] [deployment_controller.go:173] "Starting controller" controller="deployment"
2025-01-30 04:00:00,070 INFO c.h.h.t.HelmChartContainer - [K3S] [apiserver.go:52] "Watching apiserver"
2025-01-30 04:00:00,102 INFO c.h.h.t.HelmChartContainer - [K3S] [desired_state_of_world_populator.go:157] "Finished populating initial desired state of world"
2025-01-30 04:00:00,137 INFO c.h.h.t.HelmChartContainer - [K3S] [controllermanager.go:765] "Started controller" controller="statefulset-controller"
2025-01-30 04:00:00,137 INFO c.h.h.t.HelmChartContainer - [K3S] [stateful_set.go:166] "Starting stateful set controller"
2025-01-30 04:00:00,181 INFO c.h.h.t.HelmChartContainer - [K3S] [certificate_controller.go:120] "Starting certificate controller" name="csrsigning-kubelet-serving"
2025-01-30 04:00:00,181 INFO c.h.h.t.HelmChartContainer - [K3S] [dynamic_serving_content.go:135] "Starting controller" name="csr-controller::/var/lib/rancher/k3s/server/tls/server-ca.nochain.crt::/var/lib/rancher/k3s/server/tls/server-ca.key"
2025-01-30 04:00:00,181 INFO c.h.h.t.HelmChartContainer - [K3S] [certificate_controller.go:120] "Starting certificate controller" name="csrsigning-kubelet-client"
2025-01-30 04:00:00,181 INFO c.h.h.t.HelmChartContainer - [K3S] [dynamic_serving_content.go:135] "Starting controller" name="csr-controller::/var/lib/rancher/k3s/server/tls/client-ca.nochain.crt::/var/lib/rancher/k3s/server/tls/client-ca.key"
2025-01-30 04:00:00,181 INFO c.h.h.t.HelmChartContainer - [K3S] [certificate_controller.go:120] "Starting certificate controller" name="csrsigning-kube-apiserver-client"
2025-01-30 04:00:00,181 INFO c.h.h.t.HelmChartContainer - [K3S] [dynamic_serving_content.go:135] "Starting controller" name="csr-controller::/var/lib/rancher/k3s/server/tls/client-ca.nochain.crt::/var/lib/rancher/k3s/server/tls/client-ca.key"
2025-01-30 04:00:00,182 INFO c.h.h.t.HelmChartContainer - [K3S] [controllermanager.go:765] "Started controller" controller="certificatesigningrequest-signing-controller"
2025-01-30 04:00:00,182 INFO c.h.h.t.HelmChartContainer - [K3S] [certificate_controller.go:120] "Starting certificate controller" name="csrsigning-legacy-unknown"
2025-01-30 04:00:00,182 INFO c.h.h.t.HelmChartContainer - [K3S] [dynamic_serving_content.go:135] "Starting controller" name="csr-controller::/var/lib/rancher/k3s/server/tls/server-ca.nochain.crt::/var/lib/rancher/k3s/server/tls/server-ca.key"
2025-01-30 04:00:00,330 INFO c.h.h.t.HelmChartContainer - [K3S] [controllermanager.go:765] "Started controller" controller="persistentvolumeclaim-protection-controller"
2025-01-30 04:00:00,331 INFO c.h.h.t.HelmChartContainer - [K3S] [pvc_protection_controller.go:168] "Starting PVC protection controller"
2025-01-30 04:00:00,481 INFO c.h.h.t.HelmChartContainer - [K3S] [controllermanager.go:765] "Started controller" controller="legacy-serviceaccount-token-cleaner-controller"
2025-01-30 04:00:00,481 INFO c.h.h.t.HelmChartContainer - [K3S] [controllermanager.go:717] "Controller is disabled by a feature gate" controller="selinux-warning-controller" requiredFeatureGates=["SELinuxChangePolicy"]
2025-01-30 04:00:00,481 INFO c.h.h.t.HelmChartContainer - [K3S] [legacy_serviceaccount_token_cleaner.go:103] "Starting legacy service account token cleaner controller"
2025-01-30 04:00:00,630 INFO c.h.h.t.HelmChartContainer - [K3S] [controllermanager.go:765] "Started controller" controller="endpoints-controller"
2025-01-30 04:00:00,630 INFO c.h.h.t.HelmChartContainer - [K3S] [endpoints_controller.go:182] "Starting endpoint controller"
2025-01-30 04:00:00,780 INFO c.h.h.t.HelmChartContainer - [K3S] [controllermanager.go:765] "Started controller" controller="endpointslice-mirroring-controller"
2025-01-30 04:00:00,781 INFO c.h.h.t.HelmChartContainer - [K3S] [endpointslicemirroring_controller.go:227] "Starting EndpointSliceMirroring controller"
2025-01-30 04:00:00,931 INFO c.h.h.t.HelmChartContainer - [K3S] [controllermanager.go:765] "Started controller" controller="persistentvolume-protection-controller"
2025-01-30 04:00:00,931 INFO c.h.h.t.HelmChartContainer - [K3S] [pv_protection_controller.go:81] "Starting PV protection controller"
2025-01-30 04:00:01,080 INFO c.h.h.t.HelmChartContainer - [K3S] [controllermanager.go:765] "Started controller" controller="serviceaccount-controller"
2025-01-30 04:00:01,080 INFO c.h.h.t.HelmChartContainer - [K3S] [serviceaccounts_controller.go:114] "Starting service account controller"
2025-01-30 04:00:01,330 INFO c.h.h.t.HelmChartContainer - [K3S] [graph_builder.go:351] "Running" component="GraphBuilder"
2025-01-30 04:00:01,330 INFO c.h.h.t.HelmChartContainer - [K3S] [controllermanager.go:765] "Started controller" controller="garbage-collector-controller"
2025-01-30 04:00:01,514 INFO c.h.h.t.HelmChartContainer - [K3S] [event.go:389] "Event occurred" object="kube-system/ccm" fieldPath="" kind="Addon" apiVersion="k3s.cattle.io/v1" type="Normal" reason="ApplyingManifest" message="Applying manifest at \"/var/lib/rancher/k3s/server/manifests/ccm.yaml\""
2025-01-30 04:00:01,535 INFO c.h.h.t.HelmChartContainer - [K3S] [event.go:389] "Event occurred" object="kube-system/ccm" fieldPath="" kind="Addon" apiVersion="k3s.cattle.io/v1" type="Normal" reason="AppliedManifest" message="Applied manifest at \"/var/lib/rancher/k3s/server/manifests/ccm.yaml\""
2025-01-30 04:00:01,544 INFO c.h.h.t.HelmChartContainer - [K3S] [event.go:389] "Event occurred" object="kube-system/coredns" fieldPath="" kind="Addon" apiVersion="k3s.cattle.io/v1" type="Normal" reason="ApplyingManifest" message="Applying manifest at \"/var/lib/rancher/k3s/server/manifests/coredns.yaml\""
2025-01-30 04:00:01,581 INFO c.h.h.t.HelmChartContainer - [K3S] [controllermanager.go:765] "Started controller" controller="job-controller"
2025-01-30 04:00:01,581 INFO c.h.h.t.HelmChartContainer - [K3S] [job_controller.go:243] "Starting job controller"
2025-01-30 04:00:01,647 INFO c.h.h.t.HelmChartContainer - [K3S] [alloc.go:330] "allocated clusterIPs" service="kube-system/kube-dns" clusterIPs={"IPv4":"10.43.0.10"}
2025-01-30 04:00:01,648 INFO c.h.h.t.HelmChartContainer - [K3S] [event.go:389] "Event occurred" object="kube-system/coredns" fieldPath="" kind="Addon" apiVersion="k3s.cattle.io/v1" type="Normal" reason="AppliedManifest" message="Applied manifest at \"/var/lib/rancher/k3s/server/manifests/coredns.yaml\""
2025-01-30 04:00:01,655 INFO c.h.h.t.HelmChartContainer - [K3S] [event.go:389] "Event occurred" object="kube-system/local-storage" fieldPath="" kind="Addon" apiVersion="k3s.cattle.io/v1" type="Normal" reason="ApplyingManifest" message="Applying manifest at \"/var/lib/rancher/k3s/server/manifests/local-storage.yaml\""
2025-01-30 04:00:01,729 INFO c.h.h.t.HelmChartContainer - [K3S] [controllermanager.go:765] "Started controller" controller="replicationcontroller-controller"
2025-01-30 04:00:01,729 INFO c.h.h.t.HelmChartContainer - [K3S] [replica_set.go:217] "Starting controller" name="replicationcontroller"
2025-01-30 04:00:01,748 INFO c.h.h.t.HelmChartContainer - [K3S] [event.go:389] "Event occurred" object="kube-system/local-storage" fieldPath="" kind="Addon" apiVersion="k3s.cattle.io/v1" type="Normal" reason="AppliedManifest" message="Applied manifest at \"/var/lib/rancher/k3s/server/manifests/local-storage.yaml\""
2025-01-30 04:00:01,755 INFO c.h.h.t.HelmChartContainer - [K3S] [event.go:389] "Event occurred" object="kube-system/aggregated-metrics-reader" fieldPath="" kind="Addon" apiVersion="k3s.cattle.io/v1" type="Normal" reason="ApplyingManifest" message="Applying manifest at \"/var/lib/rancher/k3s/server/manifests/metrics-server/aggregated-metrics-reader.yaml\""
2025-01-30 04:00:01,823 INFO c.h.h.t.HelmChartContainer - [K3S] [event.go:389] "Event occurred" object="kube-system/aggregated-metrics-reader" fieldPath="" kind="Addon" apiVersion="k3s.cattle.io/v1" type="Normal" reason="AppliedManifest" message="Applied manifest at \"/var/lib/rancher/k3s/server/manifests/metrics-server/aggregated-metrics-reader.yaml\""
2025-01-30 04:00:01,829 INFO c.h.h.t.HelmChartContainer - [K3S] [event.go:389] "Event occurred" object="kube-system/auth-delegator" fieldPath="" kind="Addon" apiVersion="k3s.cattle.io/v1" type="Normal" reason="ApplyingManifest" message="Applying manifest at \"/var/lib/rancher/k3s/server/manifests/metrics-server/auth-delegator.yaml\""
2025-01-30 04:00:01,834 INFO c.h.h.t.HelmChartContainer - [K3S] [event.go:389] "Event occurred" object="kube-system/auth-delegator" fieldPath="" kind="Addon" apiVersion="k3s.cattle.io/v1" type="Normal" reason="AppliedManifest" message="Applied manifest at \"/var/lib/rancher/k3s/server/manifests/metrics-server/auth-delegator.yaml\""
2025-01-30 04:00:01,840 INFO c.h.h.t.HelmChartContainer - [K3S] [event.go:389] "Event occurred" object="kube-system/auth-reader" fieldPath="" kind="Addon" apiVersion="k3s.cattle.io/v1" type="Normal" reason="ApplyingManifest" message="Applying manifest at \"/var/lib/rancher/k3s/server/manifests/metrics-server/auth-reader.yaml\""
2025-01-30 04:00:01,846 INFO c.h.h.t.HelmChartContainer - [K3S] [event.go:389] "Event occurred" object="kube-system/auth-reader" fieldPath="" kind="Addon" apiVersion="k3s.cattle.io/v1" type="Normal" reason="AppliedManifest" message="Applied manifest at \"/var/lib/rancher/k3s/server/manifests/metrics-server/auth-reader.yaml\""
2025-01-30 04:00:01,853 INFO c.h.h.t.HelmChartContainer - [K3S] [event.go:389] "Event occurred" object="kube-system/metrics-apiservice" fieldPath="" kind="Addon" apiVersion="k3s.cattle.io/v1" type="Normal" reason="ApplyingManifest" message="Applying manifest at \"/var/lib/rancher/k3s/server/manifests/metrics-server/metrics-apiservice.yaml\""
2025-01-30 04:00:01,859 INFO c.h.h.t.HelmChartContainer - [K3S] [event.go:389] "Event occurred" object="kube-system/metrics-apiservice" fieldPath="" kind="Addon" apiVersion="k3s.cattle.io/v1" type="Normal" reason="AppliedManifest" message="Applied manifest at \"/var/lib/rancher/k3s/server/manifests/metrics-server/metrics-apiservice.yaml\""
2025-01-30 04:00:01,865 INFO c.h.h.t.HelmChartContainer - [K3S] [handler_proxy.go:99] no RequestInfo found in the context
2025-01-30 04:00:01,868 INFO c.h.h.t.HelmChartContainer - [K3S] [controller.go:146] "Unhandled Error" err=<
2025-01-30 04:00:01,868 INFO c.h.h.t.HelmChartContainer - [K3S] 	, Header: map[Content-Type:[text/plain; charset=utf-8] X-Content-Type-Options:[nosniff]]
2025-01-30 04:00:01,868 INFO c.h.h.t.HelmChartContainer - [K3S]  >
2025-01-30 04:00:01,869 INFO c.h.h.t.HelmChartContainer - [K3S] [handler_proxy.go:143] error resolving kube-system/metrics-server: service "metrics-server" not found
2025-01-30 04:00:01,869 INFO c.h.h.t.HelmChartContainer - [K3S] [event.go:389] "Event occurred" object="kube-system/metrics-server-deployment" fieldPath="" kind="Addon" apiVersion="k3s.cattle.io/v1" type="Normal" reason="ApplyingManifest" message="Applying manifest at \"/var/lib/rancher/k3s/server/manifests/metrics-server/metrics-server-deployment.yaml\""
2025-01-30 04:00:01,880 INFO c.h.h.t.HelmChartContainer - [K3S] [event.go:389] "Event occurred" object="kube-system/metrics-server-deployment" fieldPath="" kind="Addon" apiVersion="k3s.cattle.io/v1" type="Normal" reason="AppliedManifest" message="Applied manifest at \"/var/lib/rancher/k3s/server/manifests/metrics-server/metrics-server-deployment.yaml\""
2025-01-30 04:00:01,885 INFO c.h.h.t.HelmChartContainer - [K3S] [event.go:389] "Event occurred" object="kube-system/metrics-server-service" fieldPath="" kind="Addon" apiVersion="k3s.cattle.io/v1" type="Normal" reason="ApplyingManifest" message="Applying manifest at \"/var/lib/rancher/k3s/server/manifests/metrics-server/metrics-server-service.yaml\""
2025-01-30 04:00:01,891 INFO c.h.h.t.HelmChartContainer - [K3S] [alloc.go:330] "allocated clusterIPs" service="kube-system/metrics-server" clusterIPs={"IPv4":"10.43.13.178"}
2025-01-30 04:00:01,892 INFO c.h.h.t.HelmChartContainer - [K3S] [event.go:389] "Event occurred" object="kube-system/metrics-server-service" fieldPath="" kind="Addon" apiVersion="k3s.cattle.io/v1" type="Normal" reason="AppliedManifest" message="Applied manifest at \"/var/lib/rancher/k3s/server/manifests/metrics-server/metrics-server-service.yaml\""
2025-01-30 04:00:01,899 INFO c.h.h.t.HelmChartContainer - [K3S] [handler_proxy.go:99] no RequestInfo found in the context
2025-01-30 04:00:01,899 INFO c.h.h.t.HelmChartContainer - [K3S] [controller.go:146] "Unhandled Error" err=<
2025-01-30 04:00:01,900 INFO c.h.h.t.HelmChartContainer - [K3S] 	, Header: map[Content-Type:[text/plain; charset=utf-8] X-Content-Type-Options:[nosniff]]
2025-01-30 04:00:01,900 INFO c.h.h.t.HelmChartContainer - [K3S]  >
2025-01-30 04:00:01,900 INFO c.h.h.t.HelmChartContainer - [K3S] [handler_proxy.go:143] error resolving kube-system/metrics-server: endpoints "metrics-server" not found
2025-01-30 04:00:01,902 INFO c.h.h.t.HelmChartContainer - [K3S] [event.go:389] "Event occurred" object="kube-system/resource-reader" fieldPath="" kind="Addon" apiVersion="k3s.cattle.io/v1" type="Normal" reason="ApplyingManifest" message="Applying manifest at \"/var/lib/rancher/k3s/server/manifests/metrics-server/resource-reader.yaml\""
2025-01-30 04:00:01,934 INFO c.h.h.t.HelmChartContainer - [K3S] [event.go:389] "Event occurred" object="kube-system/resource-reader" fieldPath="" kind="Addon" apiVersion="k3s.cattle.io/v1" type="Normal" reason="AppliedManifest" message="Applied manifest at \"/var/lib/rancher/k3s/server/manifests/metrics-server/resource-reader.yaml\""
2025-01-30 04:00:01,940 INFO c.h.h.t.HelmChartContainer - [K3S] [event.go:389] "Event occurred" object="kube-system/rolebindings" fieldPath="" kind="Addon" apiVersion="k3s.cattle.io/v1" type="Normal" reason="ApplyingManifest" message="Applying manifest at \"/var/lib/rancher/k3s/server/manifests/rolebindings.yaml\""
2025-01-30 04:00:02,030 INFO c.h.h.t.HelmChartContainer - [K3S] [controllermanager.go:765] "Started controller" controller="horizontal-pod-autoscaler-controller"
2025-01-30 04:00:02,030 INFO c.h.h.t.HelmChartContainer - [K3S] [horizontal.go:201] "Starting HPA controller"
2025-01-30 04:00:02,047 INFO c.h.h.t.HelmChartContainer - [K3S] [event.go:389] "Event occurred" object="kube-system/rolebindings" fieldPath="" kind="Addon" apiVersion="k3s.cattle.io/v1" type="Normal" reason="AppliedManifest" message="Applied manifest at \"/var/lib/rancher/k3s/server/manifests/rolebindings.yaml\""
2025-01-30 04:00:02,055 INFO c.h.h.t.HelmChartContainer - [K3S] [INFO] Tunnel authorizer set Kubelet Port 0.0.0.0:10250
2025-01-30 04:00:02,057 INFO c.h.h.t.HelmChartContainer - [K3S] [event.go:389] "Event occurred" object="kube-system/runtimes" fieldPath="" kind="Addon" apiVersion="k3s.cattle.io/v1" type="Normal" reason="ApplyingManifest" message="Applying manifest at \"/var/lib/rancher/k3s/server/manifests/runtimes.yaml\""
2025-01-30 04:00:02,139 INFO c.h.h.t.HelmChartContainer - [K3S] [event.go:389] "Event occurred" object="kube-system/runtimes" fieldPath="" kind="Addon" apiVersion="k3s.cattle.io/v1" type="Normal" reason="AppliedManifest" message="Applied manifest at \"/var/lib/rancher/k3s/server/manifests/runtimes.yaml\""
2025-01-30 04:00:02,181 INFO c.h.h.t.HelmChartContainer - [K3S] [controllermanager.go:765] "Started controller" controller="token-cleaner-controller"
2025-01-30 04:00:02,182 INFO c.h.h.t.HelmChartContainer - [K3S] [controllermanager.go:723] "Skipping a cloud provider controller" controller="service-lb-controller"
2025-01-30 04:00:02,182 INFO c.h.h.t.HelmChartContainer - [K3S] [tokencleaner.go:117] "Starting token cleaner controller"
2025-01-30 04:00:02,331 INFO c.h.h.t.HelmChartContainer - [K3S] [controllermanager.go:765] "Started controller" controller="clusterrole-aggregation-controller"
2025-01-30 04:00:02,331 INFO c.h.h.t.HelmChartContainer - [K3S] [clusterroleaggregation_controller.go:194] "Starting ClusterRoleAggregator controller"
2025-01-30 04:00:02,389 INFO c.h.h.t.HelmChartContainer - [K3S] [serving.go:392] Generated self-signed cert in-memory
2025-01-30 04:00:02,481 INFO c.h.h.t.HelmChartContainer - [K3S] [controllermanager.go:765] "Started controller" controller="root-ca-certificate-publisher-controller"
2025-01-30 04:00:02,481 INFO c.h.h.t.HelmChartContainer - [K3S] [publisher.go:107] "Starting root CA cert publisher controller"
2025-01-30 04:00:02,631 INFO c.h.h.t.HelmChartContainer - [K3S] [event.go:389] "Event occurred" object="6c872e703766" fieldPath="" kind="Node" apiVersion="" type="Normal" reason="NodePasswordValidationComplete" message="Deferred node password secret validation complete"
2025-01-30 04:00:02,736 INFO c.h.h.t.HelmChartContainer - [K3S] [controllermanager.go:765] "Started controller" controller="namespace-controller"
2025-01-30 04:00:02,736 INFO c.h.h.t.HelmChartContainer - [K3S] [namespace_controller.go:202] "Starting namespace controller"
2025-01-30 04:00:02,794 INFO c.h.h.t.HelmChartContainer - [K3S] [serving.go:392] Generated self-signed cert in-memory
2025-01-30 04:00:02,859 INFO c.h.h.t.HelmChartContainer - [K3S] [handler_proxy.go:99] no RequestInfo found in the context
2025-01-30 04:00:02,859 INFO c.h.h.t.HelmChartContainer - [K3S] [handler_proxy.go:99] no RequestInfo found in the context
2025-01-30 04:00:02,859 INFO c.h.h.t.HelmChartContainer - [K3S] [controller.go:102] "Unhandled Error" err=<
2025-01-30 04:00:02,860 INFO c.h.h.t.HelmChartContainer - [K3S] 	, Header: map[Content-Type:[text/plain; charset=utf-8] X-Content-Type-Options:[nosniff]]
2025-01-30 04:00:02,860 INFO c.h.h.t.HelmChartContainer - [K3S]  >
2025-01-30 04:00:02,881 INFO c.h.h.t.HelmChartContainer - [K3S] [controllermanager.go:765] "Started controller" controller="ephemeral-volume-controller"
2025-01-30 04:00:02,881 INFO c.h.h.t.HelmChartContainer - [K3S] [controllermanager.go:717] "Controller is disabled by a feature gate" controller="storageversion-garbage-collector-controller" requiredFeatureGates=["APIServerIdentity","StorageVersionAPI"]
2025-01-30 04:00:02,881 INFO c.h.h.t.HelmChartContainer - [K3S] [controller.go:173] "Starting ephemeral volume controller"
2025-01-30 04:00:03,031 INFO c.h.h.t.HelmChartContainer - [K3S] [controllermanager.go:765] "Started controller" controller="pod-garbage-collector-controller"
2025-01-30 04:00:03,031 INFO c.h.h.t.HelmChartContainer - [K3S] [gc_controller.go:99] "Starting GC controller"
2025-01-30 04:00:03,054 INFO c.h.h.t.HelmChartContainer - [K3S] [INFO] Started tunnel to 172.18.0.2:6443
2025-01-30 04:00:03,054 INFO c.h.h.t.HelmChartContainer - [K3S] [INFO] Stopped tunnel to 127.0.0.1:6443
2025-01-30 04:00:03,055 INFO c.h.h.t.HelmChartContainer - [K3S] [INFO] Connecting to proxy" url="wss://172.18.0.2:6443/v1-k3s/connect
2025-01-30 04:00:03,055 INFO c.h.h.t.HelmChartContainer - [K3S] [INFO] Proxy done" err="context canceled" url="wss://127.0.0.1:6443/v1-k3s/connect
2025-01-30 04:00:03,055 INFO c.h.h.t.HelmChartContainer - [K3S] [INFO] error in remotedialer server [400]: websocket: close 1006 (abnormal closure): unexpected EOF
2025-01-30 04:00:03,057 INFO c.h.h.t.HelmChartContainer - [K3S] [INFO] Handling backend connection request [6c872e703766]
2025-01-30 04:00:03,057 INFO c.h.h.t.HelmChartContainer - [K3S] [INFO] Remotedialer connected to proxy" url="wss://172.18.0.2:6443/v1-k3s/connect
2025-01-30 04:00:03,080 INFO c.h.h.t.HelmChartContainer - [K3S] [controllermanager.go:765] "Started controller" controller="certificatesigningrequest-approving-controller"
2025-01-30 04:00:03,081 INFO c.h.h.t.HelmChartContainer - [K3S] [certificate_controller.go:120] "Starting certificate controller" name="csrapproving"
2025-01-30 04:00:03,131 INFO c.h.h.t.HelmChartContainer - [K3S] [controllermanager.go:160] Version: v1.32.1+k3s1
2025-01-30 04:00:03,133 INFO c.h.h.t.HelmChartContainer - [K3S] [requestheader_controller.go:180] Starting RequestHeaderAuthRequestController
2025-01-30 04:00:03,133 INFO c.h.h.t.HelmChartContainer - [K3S] [configmap_cafile_content.go:205] "Starting controller" name="client-ca::kube-system::extension-apiserver-authentication::requestheader-client-ca-file"
2025-01-30 04:00:03,134 INFO c.h.h.t.HelmChartContainer - [K3S] [configmap_cafile_content.go:205] "Starting controller" name="client-ca::kube-system::extension-apiserver-authentication::client-ca-file"
2025-01-30 04:00:03,134 INFO c.h.h.t.HelmChartContainer - [K3S] [secure_serving.go:213] Serving securely on 127.0.0.1:10258
2025-01-30 04:00:03,134 INFO c.h.h.t.HelmChartContainer - [K3S] [tlsconfig.go:243] "Starting DynamicServingCertificateController"
2025-01-30 04:00:03,138 INFO c.h.h.t.HelmChartContainer - [K3S] [INFO] Creating service-lb-controller event broadcaster
2025-01-30 04:00:03,231 INFO c.h.h.t.HelmChartContainer - [K3S] [controllermanager.go:765] "Started controller" controller="ttl-controller"
2025-01-30 04:00:03,231 INFO c.h.h.t.HelmChartContainer - [K3S] [ttl_controller.go:127] "Starting TTL controller"
2025-01-30 04:00:03,250 INFO c.h.h.t.HelmChartContainer - [K3S] [INFO] Starting /v1, Kind=Node controller
2025-01-30 04:00:03,253 INFO c.h.h.t.HelmChartContainer - [K3S] [INFO] Starting /v1, Kind=Pod controller
2025-01-30 04:00:03,255 INFO c.h.h.t.HelmChartContainer - [K3S] [INFO] Starting apps/v1, Kind=DaemonSet controller
2025-01-30 04:00:03,259 INFO c.h.h.t.HelmChartContainer - [K3S] [INFO] Starting discovery.k8s.io/v1, Kind=EndpointSlice controller
2025-01-30 04:00:03,259 INFO c.h.h.t.HelmChartContainer - [K3S] [controllermanager.go:329] Started "cloud-node-lifecycle-controller"
2025-01-30 04:00:03,259 INFO c.h.h.t.HelmChartContainer - [K3S] [node_lifecycle_controller.go:112] Sending events to api server
2025-01-30 04:00:03,259 INFO c.h.h.t.HelmChartContainer - [K3S] [controllermanager.go:329] Started "service-lb-controller"
2025-01-30 04:00:03,259 INFO c.h.h.t.HelmChartContainer - [K3S] [controllermanager.go:306] "node-route-controller" is disabled
2025-01-30 04:00:03,259 INFO c.h.h.t.HelmChartContainer - [K3S] [controllermanager.go:329] Started "cloud-node-controller"
2025-01-30 04:00:03,259 INFO c.h.h.t.HelmChartContainer - [K3S] [controller.go:234] Starting service controller
2025-01-30 04:00:03,259 INFO c.h.h.t.HelmChartContainer - [K3S] [node_controller.go:176] Sending events to api server.
2025-01-30 04:00:03,259 INFO c.h.h.t.HelmChartContainer - [K3S] [node_controller.go:185] Waiting for informer caches to sync
2025-01-30 04:00:03,280 INFO c.h.h.t.HelmChartContainer - [K3S] [node_lifecycle_controller.go:432] "Controller will reconcile labels"
2025-01-30 04:00:03,280 INFO c.h.h.t.HelmChartContainer - [K3S] [controllermanager.go:765] "Started controller" controller="node-lifecycle-controller"
2025-01-30 04:00:03,280 INFO c.h.h.t.HelmChartContainer - [K3S] [node_lifecycle_controller.go:466] "Sending events to api server"
2025-01-30 04:00:03,280 INFO c.h.h.t.HelmChartContainer - [K3S] [node_lifecycle_controller.go:477] "Starting node controller"
2025-01-30 04:00:03,359 INFO c.h.h.t.HelmChartContainer - [K3S] [node_controller.go:429] Initializing node 6c872e703766 with cloud provider
2025-01-30 04:00:03,366 INFO c.h.h.t.HelmChartContainer - [K3S] [node_controller.go:474] Successfully initialized node 6c872e703766 with cloud provider
2025-01-30 04:00:03,368 INFO c.h.h.t.HelmChartContainer - [K3S] [event.go:389] "Event occurred" object="6c872e703766" fieldPath="" kind="Node" apiVersion="v1" type="Normal" reason="Synced" message="Node synced successfully"
2025-01-30 04:00:03,378 INFO c.h.h.t.HelmChartContainer - [K3S] [INFO] Updated coredns NodeHosts entry for 6c872e703766
2025-01-30 04:00:03,431 INFO c.h.h.t.HelmChartContainer - [K3S] [controllermanager.go:765] "Started controller" controller="persistentvolume-binder-controller"
2025-01-30 04:00:03,431 INFO c.h.h.t.HelmChartContainer - [K3S] [pv_controller_base.go:308] "Starting persistent volume controller"
2025-01-30 04:00:03,629 INFO c.h.h.t.HelmChartContainer - [K3S] [controllermanager.go:765] "Started controller" controller="validatingadmissionpolicy-status-controller"
2025-01-30 04:00:03,630 INFO c.h.h.t.HelmChartContainer - [K3S] [controllermanager.go:717] "Controller is disabled by a feature gate" controller="service-cidr-controller" requiredFeatureGates=["MultiCIDRServiceAllocator"]
2025-01-30 04:00:03,648 INFO c.h.h.t.HelmChartContainer - [K3S] [actual_state_of_world.go:541] "Failed to update statusUpdateNeeded field in actual state of world" err="Failed to set statusUpdateNeeded to needed true, because nodeName=\"6c872e703766\" does not exist"
2025-01-30 04:00:03,671 INFO c.h.h.t.HelmChartContainer - [K3S] [range_allocator.go:177] "Sending events to api server"
2025-01-30 04:00:03,671 INFO c.h.h.t.HelmChartContainer - [K3S] [range_allocator.go:183] "Starting range CIDR allocator"
2025-01-30 04:00:03,681 INFO c.h.h.t.HelmChartContainer - [K3S] [range_allocator.go:428] "Set node PodCIDR" node="6c872e703766" podCIDRs=["10.42.0.0/24"]
2025-01-30 04:00:03,681 INFO c.h.h.t.HelmChartContainer - [K3S] [range_allocator.go:247] "Successfully synced" key="6c872e703766"
2025-01-30 04:00:03,681 INFO c.h.h.t.HelmChartContainer - [K3S] [INFO] Flannel found PodCIDR assigned for node 6c872e703766
2025-01-30 04:00:03,681 INFO c.h.h.t.HelmChartContainer - [K3S] [node_lifecycle_controller.go:1234] "Initializing eviction metric for zone" zone=""
2025-01-30 04:00:03,681 INFO c.h.h.t.HelmChartContainer - [K3S] [node_lifecycle_controller.go:886] "Missing timestamp for Node. Assuming now as a timestamp" node="6c872e703766"
2025-01-30 04:00:03,681 INFO c.h.h.t.HelmChartContainer - [K3S] [node_lifecycle_controller.go:1080] "Controller detected that zone is now in new state" zone="" newState="Normal"
2025-01-30 04:00:03,684 INFO c.h.h.t.HelmChartContainer - [K3S] [range_allocator.go:247] "Successfully synced" key="6c872e703766"
2025-01-30 04:00:03,687 INFO c.h.h.t.HelmChartContainer - [K3S] [serving.go:392] Generated self-signed cert in-memory
2025-01-30 04:00:03,696 INFO c.h.h.t.HelmChartContainer - [K3S] [INFO] The interface eth0 with ipv4 address 172.18.0.2 will be used by flannel
2025-01-30 04:00:03,696 INFO c.h.h.t.HelmChartContainer - [K3S] [kube.go:139] Waiting 10m0s for node controller to sync
2025-01-30 04:00:03,696 INFO c.h.h.t.HelmChartContainer - [K3S] [kube.go:469] Starting kube subnet manager
2025-01-30 04:00:03,705 INFO c.h.h.t.HelmChartContainer - [K3S] [range_allocator.go:247] "Successfully synced" key="6c872e703766"
2025-01-30 04:00:03,808 INFO c.h.h.t.HelmChartContainer - [K3S] [INFO] Starting network policy controller version v2.2.1, built on 2025-01-28T18:27:08Z, go1.23.4
2025-01-30 04:00:03,808 INFO c.h.h.t.HelmChartContainer - [K3S] [network_policy_controller.go:164] Starting network policy controller
2025-01-30 04:00:03,840 INFO c.h.h.t.HelmChartContainer - [K3S] [network_policy_controller.go:176] Starting network policy controller full sync goroutine
2025-01-30 04:00:04,131 INFO c.h.h.t.HelmChartContainer - [K3S] [server.go:164] "Starting Kubernetes Scheduler" version="v1.32.1+k3s1"
2025-01-30 04:00:04,131 INFO c.h.h.t.HelmChartContainer - [K3S] [server.go:166] "Golang settings" GOGC="" GOMAXPROCS="" GOTRACEBACK=""
2025-01-30 04:00:04,137 INFO c.h.h.t.HelmChartContainer - [K3S] [secure_serving.go:213] Serving securely on 127.0.0.1:10259
2025-01-30 04:00:04,137 INFO c.h.h.t.HelmChartContainer - [K3S] [configmap_cafile_content.go:205] "Starting controller" name="client-ca::kube-system::extension-apiserver-authentication::client-ca-file"
2025-01-30 04:00:04,137 INFO c.h.h.t.HelmChartContainer - [K3S] [requestheader_controller.go:180] Starting RequestHeaderAuthRequestController
2025-01-30 04:00:04,138 INFO c.h.h.t.HelmChartContainer - [K3S] [configmap_cafile_content.go:205] "Starting controller" name="client-ca::kube-system::extension-apiserver-authentication::requestheader-client-ca-file"
2025-01-30 04:00:04,138 INFO c.h.h.t.HelmChartContainer - [K3S] [tlsconfig.go:243] "Starting DynamicServingCertificateController"
2025-01-30 04:00:04,237 INFO c.h.h.t.HelmChartContainer - [K3S] [handler_proxy.go:99] no RequestInfo found in the context
2025-01-30 04:00:04,237 INFO c.h.h.t.HelmChartContainer - [K3S] [controller.go:146] "Unhandled Error" err=<
2025-01-30 04:00:04,237 INFO c.h.h.t.HelmChartContainer - [K3S] 	, Header: map[Content-Type:[text/plain; charset=utf-8] X-Content-Type-Options:[nosniff]]
2025-01-30 04:00:04,237 INFO c.h.h.t.HelmChartContainer - [K3S]  >
2025-01-30 04:00:04,238 INFO c.h.h.t.HelmChartContainer - [K3S] [handler_proxy.go:143] error resolving kube-system/metrics-server: no endpoints available for service "metrics-server"
2025-01-30 04:00:04,287 INFO c.h.h.t.HelmChartContainer - [K3S] [range_allocator.go:247] "Successfully synced" key="6c872e703766"
2025-01-30 04:00:04,549 INFO c.h.h.t.HelmChartContainer - [K3S] [replica_set.go:679] "Finished syncing" kind="ReplicaSet" key="kube-system/local-path-provisioner-698b58967b" duration="108.449934ms"
2025-01-30 04:00:04,549 INFO c.h.h.t.HelmChartContainer - [K3S] [replica_set.go:679] "Finished syncing" kind="ReplicaSet" key="kube-system/coredns-ff8999cc5" duration="107.518874ms"
2025-01-30 04:00:04,557 INFO c.h.h.t.HelmChartContainer - [K3S] [replica_set.go:679] "Finished syncing" kind="ReplicaSet" key="kube-system/metrics-server-8584b5786c" duration="118.623767ms"
2025-01-30 04:00:04,560 INFO c.h.h.t.HelmChartContainer - [K3S] [reflector.go:569] object-"kube-system"/"coredns": failed to list *v1.ConfigMap: configmaps "coredns" is forbidden: User "system:node:6c872e703766" cannot list resource "configmaps" in API group "" in the namespace "kube-system": no relationship found between node '6c872e703766' and this object
2025-01-30 04:00:04,561 INFO c.h.h.t.HelmChartContainer - [K3S] [reflector.go:166] "Unhandled Error" err="object-\"kube-system\"/\"coredns\": Failed to watch *v1.ConfigMap: failed to list *v1.ConfigMap: configmaps \"coredns\" is forbidden: User \"system:node:6c872e703766\" cannot list resource \"configmaps\" in API group \"\" in the namespace \"kube-system\": no relationship found between node '6c872e703766' and this object"
2025-01-30 04:00:04,561 INFO c.h.h.t.HelmChartContainer - [K3S] [reflector.go:569] object-"kube-system"/"coredns-custom": failed to list *v1.ConfigMap: configmaps "coredns-custom" is forbidden: User "system:node:6c872e703766" cannot list resource "configmaps" in API group "" in the namespace "kube-system": no relationship found between node '6c872e703766' and this object
2025-01-30 04:00:04,561 INFO c.h.h.t.HelmChartContainer - [K3S] [reflector.go:166] "Unhandled Error" err="object-\"kube-system\"/\"coredns-custom\": Failed to watch *v1.ConfigMap: failed to list *v1.ConfigMap: configmaps \"coredns-custom\" is forbidden: User \"system:node:6c872e703766\" cannot list resource \"configmaps\" in API group \"\" in the namespace \"kube-system\": no relationship found between node '6c872e703766' and this object"
2025-01-30 04:00:04,567 INFO c.h.h.t.HelmChartContainer - [K3S] [replica_set.go:679] "Finished syncing" kind="ReplicaSet" key="kube-system/coredns-ff8999cc5" duration="18.684282ms"
2025-01-30 04:00:04,576 INFO c.h.h.t.HelmChartContainer - [K3S] [replica_set.go:679] "Finished syncing" kind="ReplicaSet" key="kube-system/local-path-provisioner-698b58967b" duration="31.101508ms"
2025-01-30 04:00:04,577 INFO c.h.h.t.HelmChartContainer - [K3S] [replica_set.go:679] "Finished syncing" kind="ReplicaSet" key="kube-system/local-path-provisioner-698b58967b" duration="26.319µs"
2025-01-30 04:00:04,581 INFO c.h.h.t.HelmChartContainer - [K3S] [replica_set.go:679] "Finished syncing" kind="ReplicaSet" key="kube-system/metrics-server-8584b5786c" duration="25.291369ms"
2025-01-30 04:00:04,582 INFO c.h.h.t.HelmChartContainer - [K3S] [replica_set.go:679] "Finished syncing" kind="ReplicaSet" key="kube-system/metrics-server-8584b5786c" duration="29.064µs"
2025-01-30 04:00:04,589 INFO c.h.h.t.HelmChartContainer - [K3S] [replica_set.go:679] "Finished syncing" kind="ReplicaSet" key="kube-system/local-path-provisioner-698b58967b" duration="40.175µs"
2025-01-30 04:00:04,590 INFO c.h.h.t.HelmChartContainer - [K3S] [replica_set.go:679] "Finished syncing" kind="ReplicaSet" key="kube-system/coredns-ff8999cc5" duration="24.238942ms"
2025-01-30 04:00:04,591 INFO c.h.h.t.HelmChartContainer - [K3S] [replica_set.go:679] "Finished syncing" kind="ReplicaSet" key="kube-system/coredns-ff8999cc5" duration="32.791µs"
2025-01-30 04:00:04,599 INFO c.h.h.t.HelmChartContainer - [K3S] [replica_set.go:679] "Finished syncing" kind="ReplicaSet" key="kube-system/coredns-ff8999cc5" duration="167.782µs"
2025-01-30 04:00:04,605 INFO c.h.h.t.HelmChartContainer - [K3S] [replica_set.go:679] "Finished syncing" kind="ReplicaSet" key="kube-system/metrics-server-8584b5786c" duration="31.248µs"
2025-01-30 04:00:04,630 INFO c.h.h.t.HelmChartContainer - [K3S] [reconciler_common.go:251] "operationExecutor.VerifyControllerAttachedVolume started for volume \"kube-api-access-vnt2h\" (UniqueName: \"kubernetes.io/projected/3ad7425e-de1b-45eb-aeba-b31577759112-kube-api-access-vnt2h\") pod \"coredns-ff8999cc5-kqhvj\" (UID: \"3ad7425e-de1b-45eb-aeba-b31577759112\") " pod="kube-system/coredns-ff8999cc5-kqhvj"
2025-01-30 04:00:04,630 INFO c.h.h.t.HelmChartContainer - [K3S] [reconciler_common.go:251] "operationExecutor.VerifyControllerAttachedVolume started for volume \"tmp-dir\" (UniqueName: \"kubernetes.io/empty-dir/cd1f1789-857c-4387-b2c0-448432936b47-tmp-dir\") pod \"metrics-server-8584b5786c-7qxq5\" (UID: \"cd1f1789-857c-4387-b2c0-448432936b47\") " pod="kube-system/metrics-server-8584b5786c-7qxq5"
2025-01-30 04:00:04,630 INFO c.h.h.t.HelmChartContainer - [K3S] [reconciler_common.go:251] "operationExecutor.VerifyControllerAttachedVolume started for volume \"kube-api-access-mv77s\" (UniqueName: \"kubernetes.io/projected/cd1f1789-857c-4387-b2c0-448432936b47-kube-api-access-mv77s\") pod \"metrics-server-8584b5786c-7qxq5\" (UID: \"cd1f1789-857c-4387-b2c0-448432936b47\") " pod="kube-system/metrics-server-8584b5786c-7qxq5"
2025-01-30 04:00:04,630 INFO c.h.h.t.HelmChartContainer - [K3S] [reconciler_common.go:251] "operationExecutor.VerifyControllerAttachedVolume started for volume \"config-volume\" (UniqueName: \"kubernetes.io/configmap/8197658d-ba42-4afe-9416-e4a8f396d085-config-volume\") pod \"local-path-provisioner-698b58967b-vd47b\" (UID: \"8197658d-ba42-4afe-9416-e4a8f396d085\") " pod="kube-system/local-path-provisioner-698b58967b-vd47b"
2025-01-30 04:00:04,630 INFO c.h.h.t.HelmChartContainer - [K3S] [reconciler_common.go:251] "operationExecutor.VerifyControllerAttachedVolume started for volume \"kube-api-access-5cjd2\" (UniqueName: \"kubernetes.io/projected/8197658d-ba42-4afe-9416-e4a8f396d085-kube-api-access-5cjd2\") pod \"local-path-provisioner-698b58967b-vd47b\" (UID: \"8197658d-ba42-4afe-9416-e4a8f396d085\") " pod="kube-system/local-path-provisioner-698b58967b-vd47b"
2025-01-30 04:00:04,630 INFO c.h.h.t.HelmChartContainer - [K3S] [reconciler_common.go:251] "operationExecutor.VerifyControllerAttachedVolume started for volume \"config-volume\" (UniqueName: \"kubernetes.io/configmap/3ad7425e-de1b-45eb-aeba-b31577759112-config-volume\") pod \"coredns-ff8999cc5-kqhvj\" (UID: \"3ad7425e-de1b-45eb-aeba-b31577759112\") " pod="kube-system/coredns-ff8999cc5-kqhvj"
2025-01-30 04:00:04,631 INFO c.h.h.t.HelmChartContainer - [K3S] [reconciler_common.go:251] "operationExecutor.VerifyControllerAttachedVolume started for volume \"custom-config-volume\" (UniqueName: \"kubernetes.io/configmap/3ad7425e-de1b-45eb-aeba-b31577759112-custom-config-volume\") pod \"coredns-ff8999cc5-kqhvj\" (UID: \"3ad7425e-de1b-45eb-aeba-b31577759112\") " pod="kube-system/coredns-ff8999cc5-kqhvj"
2025-01-30 04:00:04,694 INFO c.h.h.t.HelmChartContainer - [K3S] [kube.go:146] Node controller sync successful
2025-01-30 04:00:04,694 INFO c.h.h.t.HelmChartContainer - [K3S] [vxlan.go:141] VXLAN config: VNI=1 Port=0 GBP=false Learning=false DirectRouting=false
2025-01-30 04:00:04,697 INFO c.h.h.t.HelmChartContainer - [K3S] [kube.go:636] List of node(6c872e703766) annotations: map[string]string{"alpha.kubernetes.io/provided-node-ip":"172.18.0.2", "k3s.io/hostname":"6c872e703766", "k3s.io/internal-ip":"172.18.0.2", "k3s.io/node-args":"[\"server\",\"--etcd-arg\",\"unsafe-no-fsync\",\"--etcd-arg\",\"snapshot-count=10000\",\"--etcd-arg\",\"auto-compaction-mode=revision\",\"--etcd-arg\",\"auto-compaction-retention=1000000\",\"--kube-apiserver-arg\",\"etcd-compaction-interval=0s\",\"--disable\",\"traefik\",\"--tls-san\",\"localhost\"]", "k3s.io/node-config-hash":"2QNNT5M5XUBFOLO5XPGEVGOM5UDLHHTIVMSRUPAUHE5DU3HUYQUQ====", "k3s.io/node-env":"{}", "node.alpha.kubernetes.io/ttl":"0", "volumes.kubernetes.io/controller-managed-attach-detach":"true"}
2025-01-30 04:00:04,702 INFO c.h.h.t.HelmChartContainer - [K3S] [iptables.go:51] Starting flannel in iptables mode...
2025-01-30 04:00:04,703 INFO c.h.h.t.HelmChartContainer - [K3S] [WARNING] no subnet found for key: FLANNEL_NETWORK in file: /run/flannel/subnet.env
2025-01-30 04:00:04,703 INFO c.h.h.t.HelmChartContainer - [K3S] [WARNING] no subnet found for key: FLANNEL_SUBNET in file: /run/flannel/subnet.env
2025-01-30 04:00:04,704 INFO c.h.h.t.HelmChartContainer - [K3S] [WARNING] no subnet found for key: FLANNEL_IPV6_NETWORK in file: /run/flannel/subnet.env
2025-01-30 04:00:04,704 INFO c.h.h.t.HelmChartContainer - [K3S] [WARNING] no subnet found for key: FLANNEL_IPV6_SUBNET in file: /run/flannel/subnet.env
2025-01-30 04:00:04,704 INFO c.h.h.t.HelmChartContainer - [K3S] [iptables.go:115] Current network or subnet (10.42.0.0/16, 10.42.0.0/24) is not equal to previous one (0.0.0.0/0, 0.0.0.0/0), trying to recycle old iptables rules
2025-01-30 04:00:04,704 INFO c.h.h.t.HelmChartContainer - [K3S] [kube.go:490] Creating the node lease for IPv4. This is the n.Spec.PodCIDRs: [10.42.0.0/24]
2025-01-30 04:00:04,704 INFO c.h.h.t.HelmChartContainer - [K3S] [range_allocator.go:247] "Successfully synced" key="6c872e703766"
2025-01-30 04:00:04,712 INFO c.h.h.t.HelmChartContainer - [K3S] [iptables.go:125] Setting up masking rules
2025-01-30 04:00:04,714 INFO c.h.h.t.HelmChartContainer - [K3S] [iptables.go:226] Changing default FORWARD chain policy to ACCEPT
2025-01-30 04:00:04,716 INFO c.h.h.t.HelmChartContainer - [K3S] [INFO] Wrote flannel subnet file to /run/flannel/subnet.env
2025-01-30 04:00:04,716 INFO c.h.h.t.HelmChartContainer - [K3S] [INFO] Running flannel backend.
2025-01-30 04:00:04,717 INFO c.h.h.t.HelmChartContainer - [K3S] [vxlan_network.go:65] watching for new subnet leases
2025-01-30 04:00:04,726 INFO c.h.h.t.HelmChartContainer - [K3S] [iptables.go:372] bootstrap done
2025-01-30 04:00:04,733 INFO c.h.h.t.HelmChartContainer - [K3S] [iptables.go:372] bootstrap done
2025-01-30 04:00:05,240 INFO c.h.h.t.HelmChartContainer - [K3S] [handler_proxy.go:99] no RequestInfo found in the context
2025-01-30 04:00:05,241 INFO c.h.h.t.HelmChartContainer - [K3S] [handler_proxy.go:99] no RequestInfo found in the context
2025-01-30 04:00:05,241 INFO c.h.h.t.HelmChartContainer - [K3S] [controller.go:102] "Unhandled Error" err=<
2025-01-30 04:00:05,241 INFO c.h.h.t.HelmChartContainer - [K3S] 	, Header: map[Content-Type:[text/plain; charset=utf-8] X-Content-Type-Options:[nosniff]]
2025-01-30 04:00:05,241 INFO c.h.h.t.HelmChartContainer - [K3S]  >
2025-01-30 04:00:05,730 INFO c.h.h.t.HelmChartContainer - [K3S] [configmap.go:193] Couldn't get configMap kube-system/coredns-custom: failed to sync configmap cache: timed out waiting for the condition
2025-01-30 04:00:05,731 INFO c.h.h.t.HelmChartContainer - [K3S] [nestedpendingoperations.go:348] Operation for "{volumeName:kubernetes.io/configmap/3ad7425e-de1b-45eb-aeba-b31577759112-custom-config-volume podName:3ad7425e-de1b-45eb-aeba-b31577759112 nodeName:}" failed. No retries permitted until 2025-01-30 04:00:06.230584858 +0000 UTC m=+9.709909149 (durationBeforeRetry 500ms). Error: MountVolume.SetUp failed for volume "custom-config-volume" (UniqueName: "kubernetes.io/configmap/3ad7425e-de1b-45eb-aeba-b31577759112-custom-config-volume") pod "coredns-ff8999cc5-kqhvj" (UID: "3ad7425e-de1b-45eb-aeba-b31577759112") : failed to sync configmap cache: timed out waiting for the condition
2025-01-30 04:00:05,731 INFO c.h.h.t.HelmChartContainer - [K3S] [configmap.go:193] Couldn't get configMap kube-system/coredns: failed to sync configmap cache: timed out waiting for the condition
2025-01-30 04:00:05,731 INFO c.h.h.t.HelmChartContainer - [K3S] [nestedpendingoperations.go:348] Operation for "{volumeName:kubernetes.io/configmap/3ad7425e-de1b-45eb-aeba-b31577759112-config-volume podName:3ad7425e-de1b-45eb-aeba-b31577759112 nodeName:}" failed. No retries permitted until 2025-01-30 04:00:06.231094926 +0000 UTC m=+9.710419207 (durationBeforeRetry 500ms). Error: MountVolume.SetUp failed for volume "config-volume" (UniqueName: "kubernetes.io/configmap/3ad7425e-de1b-45eb-aeba-b31577759112-config-volume") pod "coredns-ff8999cc5-kqhvj" (UID: "3ad7425e-de1b-45eb-aeba-b31577759112") : failed to sync configmap cache: timed out waiting for the condition
2025-01-30 04:00:07,173 INFO c.h.h.t.HelmChartContainer - [K3S] [replica_set.go:679] "Finished syncing" kind="ReplicaSet" key="kube-system/local-path-provisioner-698b58967b" duration="4.966642ms"
2025-01-30 04:00:07,173 INFO c.h.h.t.HelmChartContainer - [K3S] [replica_set.go:679] "Finished syncing" kind="ReplicaSet" key="kube-system/local-path-provisioner-698b58967b" duration="26.47µs"
2025-01-30 04:00:08,824 DEBUG c.h.h.t.HelmChartContainer - Image file loaded 'hivemq-platform-operator.tar'
2025-01-30 04:00:09,193 INFO c.h.h.t.HelmChartContainer - [K3S] [replica_set.go:679] "Finished syncing" kind="ReplicaSet" key="kube-system/metrics-server-8584b5786c" duration="70.922µs"
2025-01-30 04:00:09,257 INFO c.h.h.t.HelmChartContainer - [K3S] [replica_set.go:679] "Finished syncing" kind="ReplicaSet" key="kube-system/coredns-ff8999cc5" duration="26.127088ms"
2025-01-30 04:00:09,258 INFO c.h.h.t.HelmChartContainer - [K3S] [replica_set.go:679] "Finished syncing" kind="ReplicaSet" key="kube-system/coredns-ff8999cc5" duration="32.651µs"
2025-01-30 04:00:09,483 DEBUG c.h.h.t.HelmChartContainer - Image file loaded 'hivemq-platform-operator-init.tar'
2025-01-30 04:00:09,598 INFO c.h.h.t.HelmChartContainer - [K3S] [kuberuntime_manager.go:1702] "Updating runtime config through cri with podcidr" CIDR="10.42.0.0/24"
2025-01-30 04:00:09,599 INFO c.h.h.t.HelmChartContainer - [K3S] [kubelet_network.go:61] "Updating Pod CIDR" originalPodCIDR="" newPodCIDR="10.42.0.0/24"
2025-01-30 04:00:09,611 INFO c.h.h.t.HelmChartContainer - [K3S] [range_allocator.go:247] "Successfully synced" key="6c872e703766"
2025-01-30 04:00:14,946 DEBUG c.h.h.t.HelmChartContainer - Image file loaded 'hivemq-platform.tar'
2025-01-30 04:00:14,946 DEBUG c.h.h.t.HelmChartContainer - Successful Helm chart Container startup
2025-01-30 04:00:14,963 INFO t.localhost/testcontainers/svuek1sbehbt1can:latest - Container localhost/testcontainers/svuek1sbehbt1can:latest started in PT24.940125374S
2025-01-30 04:00:15,015 DEBUG c.h.h.t.HelmChartContainer - Executing helm command: /bin/helm --kubeconfig /etc/rancher/k3s/k3s.yaml repo add hivemq https://hivemq.github.io/helm-charts
2025-01-30 04:00:16,442 INFO c.h.h.t.HelmChartContainer - [EVENT] Normal [Starting] Starting kubelet. [null:6c872e703766]
2025-01-30 04:00:16,444 INFO c.h.h.t.HelmChartContainer - [EVENT] Warning [InvalidDiskCapacity] invalid capacity 0 on image filesystem [null:6c872e703766]
2025-01-30 04:00:16,444 INFO c.h.h.t.HelmChartContainer - [EVENT] Normal [NodeHasSufficientMemory] Node 6c872e703766 status is now: NodeHasSufficientMemory [null:6c872e703766]
2025-01-30 04:00:16,446 INFO c.h.h.t.HelmChartContainer - [EVENT] Normal [NodeHasNoDiskPressure] Node 6c872e703766 status is now: NodeHasNoDiskPressure [null:6c872e703766]
2025-01-30 04:00:16,449 INFO c.h.h.t.HelmChartContainer - [EVENT] Normal [NodeHasSufficientPID] Node 6c872e703766 status is now: NodeHasSufficientPID [null:6c872e703766]
2025-01-30 04:00:16,449 INFO c.h.h.t.HelmChartContainer - [EVENT] Normal [NodeAllocatableEnforced] Updated Node Allocatable limit across pods [null:6c872e703766]
2025-01-30 04:00:16,449 INFO c.h.h.t.HelmChartContainer - Saved kubeconfig file on /tmp/kubeconfig-13331115499087337847.yaml
2025-01-30 04:00:16,449 INFO c.h.h.t.HelmChartContainer - HelmChartContainer is started
2025-01-30 04:00:16,449 INFO c.h.h.t.HelmChartContainer - [EVENT] Normal [NodeReady] Node 6c872e703766 status is now: NodeReady [null:6c872e703766]
2025-01-30 04:00:16,450 INFO c.h.h.t.HelmChartContainer - [EVENT] Normal [NodePasswordValidationComplete] Deferred node password secret validation complete [null:6c872e703766]
2025-01-30 04:00:16,451 INFO c.h.h.t.HelmChartContainer - [EVENT] Normal [Synced] Node synced successfully [null:6c872e703766]
2025-01-30 04:00:16,452 INFO c.h.h.t.HelmChartContainer - [EVENT] Normal [RegisteredNode] Node 6c872e703766 event: Registered Node 6c872e703766 in Controller [null:6c872e703766]
]]></system-out>
  <system-err><![CDATA[]]></system-err>
</testsuite>
