<?xml version="1.0" encoding="UTF-8"?>
<testsuite name="com.hivemq.helmcharts.platform.HelmRollingUpgradePlatformIT" tests="1" skipped="0" failures="0" errors="0" timestamp="2025-01-29T13:58:45" hostname="fv-az1912-20" time="225.219">
  <properties/>
  <testcase name="withPreviousPlatformInstalled_upgradeToLatestChartVersion()" classname="com.hivemq.helmcharts.platform.HelmRollingUpgradePlatformIT" time="225.219">
    <system-out><![CDATA[2025-01-29 13:58:45,260 INFO c.h.h.t.HelmChartContainer - Creating namespace 'helmrollingupgradeplatformit-operator'...
2025-01-29 13:58:45,268 INFO c.h.h.t.HelmChartContainer - Namespace 'helmrollingupgradeplatformit-operator' created
2025-01-29 13:58:45,268 INFO c.h.h.t.HelmChartContainer - Creating namespace 'helmrollingupgradeplatformit'...
2025-01-29 13:58:45,276 INFO c.h.h.t.HelmChartContainer - Namespace 'helmrollingupgradeplatformit' created
2025-01-29 13:58:45,342 DEBUG c.h.h.t.HelmChartContainer - Executing helm command: /bin/helm --kubeconfig /etc/rancher/k3s/k3s.yaml install test-hivemq-platform-operator /charts/hivemq-platform-operator --wait --timeout 5m0s --set image.repository=docker.io/hivemq --set image.name=hivemq-platform-operator-test --set image.initImageName=hivemq-platform-operator-init-test --set image.tag=snapshot --set image.pullPolicy=Never --set logLevel=DEBUG --set resources.cpu=512m --namespace helmrollingupgradeplatformit-operator
2025-01-29 13:58:45,648 INFO c.h.h.t.HelmChartContainer - [K3S] [alloc.go:330] "allocated clusterIPs" service="helmrollingupgradeplatformit-operator/hivemq-platform-operator-test-hivemq-platform-operator" clusterIPs={"IPv4":"10.43.210.44"}
2025-01-29 13:58:45,665 INFO c.h.h.t.HelmChartContainer - [EVENT] Normal [ScalingReplicaSet] Scaled up replica set hivemq-test-hivemq-platform-operator-6966f96d65 from 0 to 1 [helmrollingupgradeplatformit-operator:hivemq-test-hivemq-platform-operator]
2025-01-29 13:58:45,668 INFO c.h.h.t.HelmChartContainer - [POD] hivemq-test-hivemq-platform-operator-6966f96d65-2fd9p [5b920660-d568-46c0-9d66-521174e50b63] in helmrollingupgradeplatformit-operator was ADDED
2025-01-29 13:58:45,672 INFO c.h.h.t.HelmChartContainer - [EVENT] Normal [SuccessfulCreate] Created pod: hivemq-test-hivemq-platform-operator-6966f96d65-2fd9p [helmrollingupgradeplatformit-operator:hivemq-test-hivemq-platform-operator-6966f96d65]
2025-01-29 13:58:45,678 INFO c.h.h.t.HelmChartContainer - [POD] hivemq-test-hivemq-platform-operator-6966f96d65-2fd9p [5b920660-d568-46c0-9d66-521174e50b63] in helmrollingupgradeplatformit-operator was MODIFIED
2025-01-29 13:58:45,681 INFO c.h.h.t.HelmChartContainer - [K3S] [memory_manager.go:355] "RemoveStaleState removing state" podUID="1c380f51-9df2-4cee-8082-97b16dccbb3b" containerName="hivemq-platform-operator"
2025-01-29 13:58:45,681 INFO c.h.h.t.HelmChartContainer - [K3S] [memory_manager.go:355] "RemoveStaleState removing state" podUID="5df68b08-f2c9-426f-bd8f-29cec99b8e7f" containerName="hivemq"
2025-01-29 13:58:45,684 INFO c.h.h.t.HelmChartContainer - [EVENT] Normal [Scheduled] Successfully assigned helmrollingupgradeplatformit-operator/hivemq-test-hivemq-platform-operator-6966f96d65-2fd9p to c7a6e7e9301f [helmrollingupgradeplatformit-operator:hivemq-test-hivemq-platform-operator-6966f96d65-2fd9p]
2025-01-29 13:58:45,684 INFO c.h.h.t.HelmChartContainer - [K3S] [replica_set.go:679] "Finished syncing" kind="ReplicaSet" key="helmrollingupgradeplatformit-operator/hivemq-test-hivemq-platform-operator-6966f96d65" duration="24.568838ms"
2025-01-29 13:58:45,689 INFO c.h.h.t.HelmChartContainer - [K3S] [replica_set.go:679] "Finished syncing" kind="ReplicaSet" key="helmrollingupgradeplatformit-operator/hivemq-test-hivemq-platform-operator-6966f96d65" duration="6.051647ms"
2025-01-29 13:58:45,689 INFO c.h.h.t.HelmChartContainer - [K3S] [replica_set.go:679] "Finished syncing" kind="ReplicaSet" key="helmrollingupgradeplatformit-operator/hivemq-test-hivemq-platform-operator-6966f96d65" duration="55.724µs"
2025-01-29 13:58:45,692 INFO c.h.h.t.HelmChartContainer - [K3S] [replica_set.go:679] "Finished syncing" kind="ReplicaSet" key="helmrollingupgradeplatformit-operator/hivemq-test-hivemq-platform-operator-6966f96d65" duration="32.21µs"
2025-01-29 13:58:45,694 INFO c.h.h.t.HelmChartContainer - [POD] hivemq-test-hivemq-platform-operator-6966f96d65-2fd9p [5b920660-d568-46c0-9d66-521174e50b63] in helmrollingupgradeplatformit-operator was MODIFIED
2025-01-29 13:58:45,817 INFO c.h.h.t.HelmChartContainer - [K3S] [reconciler_common.go:251] "operationExecutor.VerifyControllerAttachedVolume started for volume \"kube-api-access-xtwc4\" (UniqueName: \"kubernetes.io/projected/5b920660-d568-46c0-9d66-521174e50b63-kube-api-access-xtwc4\") pod \"hivemq-test-hivemq-platform-operator-6966f96d65-2fd9p\" (UID: \"5b920660-d568-46c0-9d66-521174e50b63\") " pod="helmrollingupgradeplatformit-operator/hivemq-test-hivemq-platform-operator-6966f96d65-2fd9p"
2025-01-29 13:58:46,069 INFO c.h.h.t.HelmChartContainer - [EVENT] Normal [Pulled] Container image "docker.io/hivemq/hivemq-platform-operator-test:snapshot" already present on machine [helmrollingupgradeplatformit-operator:hivemq-test-hivemq-platform-operator-6966f96d65-2fd9p]
2025-01-29 13:58:46,069 INFO c.h.h.t.HelmChartContainer - Received Pulled event for container hivemq-platform-operator in pod hivemq-test-hivemq-platform-operator-6966f96d65-2fd9p [5b920660-d568-46c0-9d66-521174e50b63]
2025-01-29 13:58:47,306 INFO c.h.h.t.HelmChartContainer - [EVENT] Normal [Created] Created container: hivemq-platform-operator [helmrollingupgradeplatformit-operator:hivemq-test-hivemq-platform-operator-6966f96d65-2fd9p]
2025-01-29 13:58:47,306 INFO c.h.h.t.HelmChartContainer - Received Created event for container hivemq-platform-operator in pod hivemq-test-hivemq-platform-operator-6966f96d65-2fd9p [5b920660-d568-46c0-9d66-521174e50b63]
2025-01-29 13:58:47,858 INFO c.h.h.t.HelmChartContainer - [K3S] [replica_set.go:679] "Finished syncing" kind="ReplicaSet" key="helmrollingupgradeplatformit-operator/hivemq-test-hivemq-platform-operator-6966f96d65" duration="42.93µs"
2025-01-29 13:58:47,861 INFO c.h.h.t.HelmChartContainer - [POD] hivemq-test-hivemq-platform-operator-6966f96d65-2fd9p [5b920660-d568-46c0-9d66-521174e50b63] in helmrollingupgradeplatformit-operator was MODIFIED
2025-01-29 13:58:47,870 INFO c.h.h.t.HelmChartContainer - [EVENT] Normal [Started] Started container hivemq-platform-operator [helmrollingupgradeplatformit-operator:hivemq-test-hivemq-platform-operator-6966f96d65-2fd9p]
2025-01-29 13:58:47,870 INFO c.h.h.t.HelmChartContainer - Received Started event for container hivemq-platform-operator in pod hivemq-test-hivemq-platform-operator-6966f96d65-2fd9p [5b920660-d568-46c0-9d66-521174e50b63]
2025-01-29 13:58:47,870 INFO c.h.h.t.HelmChartContainer - Started log watcher for hivemq-platform-operator in pod hivemq-test-hivemq-platform-operator-6966f96d65-2fd9p [5b920660-d568-46c0-9d66-521174e50b63]
2025-01-29 13:58:47,870 INFO c.h.h.t.HelmChartContainer - [hivemq-test-hivemq-platform] [hivemq-platform-operator] [5b920660] -------------------------------------------------------------------------
2025-01-29 13:58:47,871 INFO c.h.h.t.HelmChartContainer - [hivemq-test-hivemq-platform] [hivemq-platform-operator] [5b920660] 
2025-01-29 13:58:47,871 INFO c.h.h.t.HelmChartContainer - [hivemq-test-hivemq-platform] [hivemq-platform-operator] [5b920660]                   _    _  _              __  __   ____
2025-01-29 13:58:47,871 INFO c.h.h.t.HelmChartContainer - [hivemq-test-hivemq-platform] [hivemq-platform-operator] [5b920660]                  | |  | |(_)            |  \/  | / __ \
2025-01-29 13:58:47,871 INFO c.h.h.t.HelmChartContainer - [hivemq-test-hivemq-platform] [hivemq-platform-operator] [5b920660]                  | |__| | _ __   __ ___ | \  / || |  | |
2025-01-29 13:58:47,871 INFO c.h.h.t.HelmChartContainer - [hivemq-test-hivemq-platform] [hivemq-platform-operator] [5b920660]                  |  __  || |\ \ / // _ \| |\/| || |  | |
2025-01-29 13:58:47,871 INFO c.h.h.t.HelmChartContainer - [hivemq-test-hivemq-platform] [hivemq-platform-operator] [5b920660]                  | |  | || | \ V /|  __/| |  | || |__| |
2025-01-29 13:58:47,871 INFO c.h.h.t.HelmChartContainer - [hivemq-test-hivemq-platform] [hivemq-platform-operator] [5b920660]                  |_|  |_||_|  \_/  \___||_|  |_| \___\_\
2025-01-29 13:58:47,871 INFO c.h.h.t.HelmChartContainer - [hivemq-test-hivemq-platform] [hivemq-platform-operator] [5b920660] 
2025-01-29 13:58:47,871 INFO c.h.h.t.HelmChartContainer - [hivemq-test-hivemq-platform] [hivemq-platform-operator] [5b920660] -------------------------------------------------------------------------
2025-01-29 13:58:47,871 INFO c.h.h.t.HelmChartContainer - [hivemq-test-hivemq-platform] [hivemq-platform-operator] [5b920660] 
2025-01-29 13:58:47,871 INFO c.h.h.t.HelmChartContainer - [hivemq-test-hivemq-platform] [hivemq-platform-operator] [5b920660]   HiveMQ Platform Operator Start Script v1.0
2025-01-29 13:58:47,871 INFO c.h.h.t.HelmChartContainer - [hivemq-test-hivemq-platform] [hivemq-platform-operator] [5b920660] 
2025-01-29 13:58:47,871 INFO c.h.h.t.HelmChartContainer - [hivemq-test-hivemq-platform] [hivemq-platform-operator] [5b920660] -------------------------------------------------------------------------
2025-01-29 13:58:47,871 INFO c.h.h.t.HelmChartContainer - [hivemq-test-hivemq-platform] [hivemq-platform-operator] [5b920660] 
2025-01-29 13:58:47,871 INFO c.h.h.t.HelmChartContainer - [hivemq-test-hivemq-platform] [hivemq-platform-operator] [5b920660]   JAVA_OPTS: -XX:+UnlockExperimentalVMOptions -XX:InitialRAMPercentage=75 -XX:MaxRAMPercentage=75 -Duser.language=en -Duser.region=US
2025-01-29 13:58:47,871 INFO c.h.h.t.HelmChartContainer - [hivemq-test-hivemq-platform] [hivemq-platform-operator] [5b920660] 
2025-01-29 13:58:47,871 INFO c.h.h.t.HelmChartContainer - [hivemq-test-hivemq-platform] [hivemq-platform-operator] [5b920660]   JAVA_VERSION: 21
2025-01-29 13:58:47,871 INFO c.h.h.t.HelmChartContainer - [hivemq-test-hivemq-platform] [hivemq-platform-operator] [5b920660] 
2025-01-29 13:58:47,871 INFO c.h.h.t.HelmChartContainer - [hivemq-test-hivemq-platform] [hivemq-platform-operator] [5b920660] -------------------------------------------------------------------------
2025-01-29 13:58:47,871 INFO c.h.h.t.HelmChartContainer - [hivemq-test-hivemq-platform] [hivemq-platform-operator] [5b920660] 
2025-01-29 13:58:50,746 INFO c.h.h.t.HelmChartContainer - [hivemq-test-hivemq-platform] [hivemq-platform-operator] [5b920660] 13:58:50.743 [main] DEBUG org.jboss.logging - Logging Provider: org.jboss.logging.Slf4jLoggerProvider
2025-01-29 13:58:50,849 INFO c.h.h.t.HelmChartContainer - [hivemq-test-hivemq-platform] [hivemq-platform-operator] [5b920660] 13:58:50.848 [main] DEBUG io.smallrye.config - SRCFG01006: Loaded ConfigSource SysPropConfigSource with ordinal 400
2025-01-29 13:58:50,849 INFO c.h.h.t.HelmChartContainer - [hivemq-test-hivemq-platform] [hivemq-platform-operator] [5b920660] 13:58:50.848 [main] DEBUG io.smallrye.config - SRCFG01006: Loaded ConfigSource EnvConfigSource with ordinal 300
2025-01-29 13:58:50,849 INFO c.h.h.t.HelmChartContainer - [hivemq-test-hivemq-platform] [hivemq-platform-operator] [5b920660] 13:58:50.848 [main] DEBUG io.smallrye.config - SRCFG01006: Loaded ConfigSource PropertiesConfigSource[source=jar:file:///opt/hivemq-platform-operator/bin/hivemq-platform-operator.jar!/hivemq-platform-operator.properties] with ordinal 100
2025-01-29 13:58:50,849 INFO c.h.h.t.HelmChartContainer - [hivemq-test-hivemq-platform] [hivemq-platform-operator] [5b920660] 13:58:50.848 [main] DEBUG io.smallrye.config - SRCFG01006: Loaded ConfigSource DefaultValuesConfigSource with ordinal -2147483648
2025-01-29 13:58:50,952 INFO c.h.h.t.HelmChartContainer - [hivemq-test-hivemq-platform] [hivemq-platform-operator] [5b920660] 13:58:50.951 [main] DEBUG i.m.c.u.i.l.InternalLoggerFactory - Using SLF4J as the default logging framework
2025-01-29 13:58:51,058 INFO c.h.h.t.HelmChartContainer - [hivemq-test-hivemq-platform] [hivemq-platform-operator] [5b920660] 13:58:51.048 [main] INFO  c.h.p.o.HiveMQPlatformOperatorApplication - HiveMQ Platform Operator 1.7.0-SNAPSHOT (commit: bebf408 on branch: HEAD) built on Sun Jan 26 20:47:47 UTC 2025
2025-01-29 13:58:51,059 INFO c.h.h.t.HelmChartContainer - [hivemq-test-hivemq-platform] [hivemq-platform-operator] [5b920660] 13:58:51.057 [main] INFO  c.h.p.o.HiveMQPlatformOperatorApplication - HiveMQ Platform Operator is running in namespace: helmrollingupgradeplatformit-operator
2025-01-29 13:58:51,059 INFO c.h.h.t.HelmChartContainer - [hivemq-test-hivemq-platform] [hivemq-platform-operator] [5b920660] 13:58:51.057 [main] INFO  c.h.p.o.HiveMQPlatformOperatorApplication - Watching all namespaces
2025-01-29 13:58:51,059 INFO c.h.h.t.HelmChartContainer - [hivemq-test-hivemq-platform] [hivemq-platform-operator] [5b920660] 13:58:51.057 [main] INFO  c.h.p.o.HiveMQPlatformOperatorApplication - Log level: DEBUG
2025-01-29 13:58:51,059 INFO c.h.h.t.HelmChartContainer - [hivemq-test-hivemq-platform] [hivemq-platform-operator] [5b920660] 13:58:51.057 [main] INFO  c.h.p.o.HiveMQPlatformOperatorApplication - Release name: test-hivemq-platform-operator
2025-01-29 13:58:51,059 INFO c.h.h.t.HelmChartContainer - [hivemq-test-hivemq-platform] [hivemq-platform-operator] [5b920660] 13:58:51.057 [main] INFO  c.h.p.o.HiveMQPlatformOperatorApplication - HiveMQ Platform Operator Init image: docker.io/hivemq/hivemq-platform-operator-init-test:snapshot
2025-01-29 13:58:51,059 INFO c.h.h.t.HelmChartContainer - [hivemq-test-hivemq-platform] [hivemq-platform-operator] [5b920660] 13:58:51.057 [main] INFO  c.h.p.o.HiveMQPlatformOperatorApplication - HiveMQ Platform Operator Init App update URL: http://hivemq-platform-operator-test-hivemq-platform-operator.helmrollingupgradeplatformit-operator.svc:8080/initAppUpdate/hivemq-platform-operator-init-app-1.7.0-SNAPSHOT.jar
2025-01-29 13:58:51,059 INFO c.h.h.t.HelmChartContainer - [hivemq-test-hivemq-platform] [hivemq-platform-operator] [5b920660] 13:58:51.057 [main] INFO  c.h.p.o.HiveMQPlatformOperatorApplication - Additional imagePullSecret for all Platform deployments: none
2025-01-29 13:58:51,059 INFO c.h.h.t.HelmChartContainer - [hivemq-test-hivemq-platform] [hivemq-platform-operator] [5b920660] 13:58:51.057 [main] INFO  c.h.p.o.HiveMQPlatformOperatorApplication - Apply HiveMQ Platform CRD: true
2025-01-29 13:58:51,060 INFO c.h.h.t.HelmChartContainer - [hivemq-test-hivemq-platform] [hivemq-platform-operator] [5b920660] 13:58:51.057 [main] INFO  c.h.p.o.HiveMQPlatformOperatorApplication - Create Platform ServiceAccount: true
2025-01-29 13:58:51,060 INFO c.h.h.t.HelmChartContainer - [hivemq-test-hivemq-platform] [hivemq-platform-operator] [5b920660] 13:58:51.057 [main] INFO  c.h.p.o.HiveMQPlatformOperatorApplication - Create Platform ServiceAccount permissions: true
2025-01-29 13:58:51,060 INFO c.h.h.t.HelmChartContainer - [hivemq-test-hivemq-platform] [hivemq-platform-operator] [5b920660] 13:58:51.057 [main] INFO  c.h.p.o.HiveMQPlatformOperatorApplication - Validate Platform ServiceAccount: true
2025-01-29 13:58:51,060 INFO c.h.h.t.HelmChartContainer - [hivemq-test-hivemq-platform] [hivemq-platform-operator] [5b920660] 13:58:51.057 [main] INFO  c.h.p.o.HiveMQPlatformOperatorApplication - Validate Platform ServiceAccount permissions: true
2025-01-29 13:58:51,256 INFO c.h.h.t.HelmChartContainer - [hivemq-test-hivemq-platform] [hivemq-platform-operator] [5b920660] 13:58:51.255 [main] INFO  c.h.platform.operator.util.CRDUtil - Verifying deployed HiveMQ Platform CRD...
2025-01-29 13:58:53,758 INFO c.h.h.t.HelmChartContainer - [hivemq-test-hivemq-platform] [hivemq-platform-operator] [5b920660] 13:58:53.756 [main] DEBUG c.h.platform.operator.util.CRDUtil - HiveMQ Platform CRD version v1 is up to date
2025-01-29 13:58:53,758 INFO c.h.h.t.HelmChartContainer - [hivemq-test-hivemq-platform] [hivemq-platform-operator] [5b920660] 13:58:53.756 [main] INFO  c.h.platform.operator.util.CRDUtil - HiveMQ Platform CRD is up to date (version: V1_6_0)
2025-01-29 13:58:53,758 INFO c.h.h.t.HelmChartContainer - [hivemq-test-hivemq-platform] [hivemq-platform-operator] [5b920660] 13:58:53.756 [main] INFO  c.h.platform.operator.util.CRDUtil - Waiting 10000 ms for HiveMQ Platform CRD 'hivemq-platforms.hivemq.com' to become ready...
2025-01-29 13:58:54,059 INFO c.h.h.t.HelmChartContainer - [hivemq-test-hivemq-platform] [hivemq-platform-operator] [5b920660] 13:58:54.057 [vert.x-eventloop-thread-1] DEBUG c.h.platform.operator.util.CRDUtil - Checking CRD condition 'NamesAccepted' (status: 'True')
2025-01-29 13:58:54,060 INFO c.h.h.t.HelmChartContainer - [hivemq-test-hivemq-platform] [hivemq-platform-operator] [5b920660] 13:58:54.057 [vert.x-eventloop-thread-1] DEBUG c.h.platform.operator.util.CRDUtil - Checking CRD condition 'Established' (status: 'True')
2025-01-29 13:58:54,060 INFO c.h.h.t.HelmChartContainer - [hivemq-test-hivemq-platform] [hivemq-platform-operator] [5b920660] 13:58:54.058 [main] INFO  c.h.platform.operator.util.CRDUtil - HiveMQ Platform CRD 'hivemq-platforms.hivemq.com' is ready
2025-01-29 13:58:54,251 INFO c.h.h.t.HelmChartContainer - [hivemq-test-hivemq-platform] [hivemq-platform-operator] [5b920660] 13:58:54.250 [main] INFO  c.h.p.o.HiveMQPlatformReconciler - HiveMQ Platform Operator is starting...
2025-01-29 13:58:54,352 INFO c.h.h.t.HelmChartContainer - [hivemq-test-hivemq-platform] [hivemq-platform-operator] [5b920660] 13:58:54.351 [main] WARN  Default ConfigurationService implementation - Configuration for reconciler 'hivemq-controller' was not found. Known reconcilers: None.
2025-01-29 13:58:54,359 INFO c.h.h.t.HelmChartContainer - [hivemq-test-hivemq-platform] [hivemq-platform-operator] [5b920660] 13:58:54.358 [main] INFO  Default ConfigurationService implementation - Created configuration for reconciler com.hivemq.platform.operator.HiveMQPlatformReconciler with name hivemq-controller
2025-01-29 13:58:54,460 INFO c.h.h.t.HelmChartContainer - [hivemq-test-hivemq-platform] [hivemq-platform-operator] [5b920660] 13:58:54.459 [main] DEBUG c.h.p.o.HiveMQPlatformReconciler - HiveMQ Platform Operator is preparing EventSources
2025-01-29 13:58:54,548 INFO c.h.h.t.HelmChartContainer - [hivemq-test-hivemq-platform] [hivemq-platform-operator] [5b920660] 13:58:54.547 [main] INFO  i.javaoperatorsdk.operator.Operator - Registered reconciler: 'hivemq-controller' for resource: 'class com.hivemq.platform.operator.v1.HiveMQPlatform' for namespace(s): [all namespaces]
2025-01-29 13:58:55,148 INFO c.h.h.t.HelmChartContainer - [hivemq-test-hivemq-platform] [hivemq-platform-operator] [5b920660] 13:58:55.147 [main] INFO  c.h.p.operator.webserver.JettyServer - Starting Jetty server on port 8080
2025-01-29 13:58:55,246 INFO c.h.h.t.HelmChartContainer - [hivemq-test-hivemq-platform] [hivemq-platform-operator] [5b920660] 13:58:55.244 [main] INFO  i.javaoperatorsdk.operator.Operator - Operator SDK 4.9.7 (commit: 2133d28) built on Wed Nov 20 12:56:20 UTC 2024 starting...
2025-01-29 13:58:55,246 INFO c.h.h.t.HelmChartContainer - [hivemq-test-hivemq-platform] [hivemq-platform-operator] [5b920660] 13:58:55.244 [main] INFO  i.javaoperatorsdk.operator.Operator - Client version: 6.13.4
2025-01-29 13:58:55,247 INFO c.h.h.t.HelmChartContainer - [hivemq-test-hivemq-platform] [hivemq-platform-operator] [5b920660] 13:58:55.246 [Controller Starter for: hivemq-controller] INFO  i.j.operator.processing.Controller - Starting 'hivemq-controller' controller for reconciler: com.hivemq.platform.operator.HiveMQPlatformReconciler, resource: com.hivemq.platform.operator.v1.HiveMQPlatform
2025-01-29 13:58:57,749 INFO c.h.h.t.HelmChartContainer - [hivemq-test-hivemq-platform] [hivemq-platform-operator] [5b920660] 13:58:57.749 [Controller Starter for: hivemq-controller] INFO  i.j.operator.processing.Controller - 'hivemq-controller' controller started
2025-01-29 13:58:57,750 INFO c.h.h.t.HelmChartContainer - [hivemq-test-hivemq-platform] [hivemq-platform-operator] [5b920660] 13:58:57.749 [main] INFO  c.h.p.o.HiveMQPlatformOperatorApplication - HiveMQ Platform Operator 1.7.0-SNAPSHOT started in 6700 ms
2025-01-29 13:58:58,866 INFO c.h.h.t.HelmChartContainer - [POD] hivemq-test-hivemq-platform-operator-6966f96d65-2fd9p [5b920660-d568-46c0-9d66-521174e50b63] in helmrollingupgradeplatformit-operator was MODIFIED
2025-01-29 13:58:58,867 INFO c.h.h.t.HelmChartContainer - [K3S] [replica_set.go:679] "Finished syncing" kind="ReplicaSet" key="helmrollingupgradeplatformit-operator/hivemq-test-hivemq-platform-operator-6966f96d65" duration="7.516588ms"
2025-01-29 13:58:58,869 INFO c.h.h.t.HelmChartContainer - [K3S] [replica_set.go:679] "Finished syncing" kind="ReplicaSet" key="helmrollingupgradeplatformit-operator/hivemq-test-hivemq-platform-operator-6966f96d65" duration="33.133µs"
2025-01-29 13:58:59,747 DEBUG c.h.h.t.HelmChartContainer - Executing helm command: /bin/helm --kubeconfig /etc/rancher/k3s/k3s.yaml search repo hivemq/hivemq-platform --versions --regexp *.HiveMQ Platform Helm Chart (new)* --output yaml
2025-01-29 13:59:00,171 INFO c.h.h.p.HelmRollingUpgradePlatformIT - Current platform chart: Chart{name='hivemq-platform', description='HiveMQ Platform Helm Chart (new)', appVersion='4.36.0', version=0.2.32}
2025-01-29 13:59:00,172 DEBUG c.h.h.t.HelmChartContainer - Executing helm command: /bin/helm --kubeconfig /etc/rancher/k3s/k3s.yaml search repo hivemq/hivemq-platform --versions --regexp *.HiveMQ Platform Helm Chart (new)* --output yaml
2025-01-29 13:59:00,600 INFO c.h.h.p.HelmRollingUpgradePlatformIT - Previous platform chart: Chart{name='hivemq/hivemq-platform', description='HiveMQ Platform Helm Chart (new)', appVersion='4.35.0', version=0.2.31}
2025-01-29 13:59:00,600 DEBUG c.h.h.t.HelmChartContainer - Executing helm command: /bin/helm --kubeconfig /etc/rancher/k3s/k3s.yaml install test-hivemq-platform hivemq/hivemq-platform --wait --timeout 5m0s --set nodes.resources.cpu=512m --set nodes.replicaCount=1 --version 0.2.31 --namespace helmrollingupgradeplatformit
2025-01-29 13:59:01,070 INFO c.h.h.t.HelmChartContainer - [hivemq-test-hivemq-platform] [hivemq-platform-operator] [5b920660] 13:59:01.068 [-373097727-pool-1-thread-2] WARN  i.m.p.PrometheusMeterRegistry - The meter (MeterId{name='operator.sdk.events.received', tags=[tag(action=ADDED),tag(event=ResourceEvent),tag(group=hivemq.com),tag(kind=HiveMQPlatform),tag(name=test-hivemq-platform),tag(namespace=helmrollingupgradeplatformit),tag(scope=namespace),tag(version=v1)]}) registration has failed: Prometheus requires that all meters with the same name have the same set of tag keys. There is already an existing meter named 'operator.sdk.events.received' containing tag keys [event, group, kind, name, namespace, scope, version]. The meter you are attempting to register has keys [action, event, group, kind, name, namespace, scope, version]. Note that subsequent logs will be logged at debug level.
2025-01-29 13:59:01,551 INFO c.h.h.t.HelmChartContainer - [hivemq-test-hivemq-platform] [hivemq-platform-operator] [5b920660] 13:59:01.548 [pool-6-thread-3] DEBUG c.h.p.o.dependants.PodInfoConfigMap - [helmroll] Desired PodInfo ConfigMap (1 extensions) (1 enabled)
2025-01-29 13:59:01,554 INFO c.h.h.t.HelmChartContainer - [hivemq-test-hivemq-platform] [hivemq-platform-operator] [5b920660] 13:59:01.549 [pool-6-thread-3] DEBUG c.h.p.o.dependants.PodInfoConfigMap - [helmroll] Desired PodInfo ConfigMap (metrics port: 9399) (metrics path: /)
2025-01-29 13:59:01,554 INFO c.h.h.t.HelmChartContainer - [hivemq-test-hivemq-platform] [hivemq-platform-operator] [5b920660] 13:59:01.549 [pool-6-thread-3] DEBUG c.h.p.o.dependants.PodInfoConfigMap - [helmroll] Desired PodInfo ConfigMap (extension state hash: -1817474005)
2025-01-29 13:59:01,554 INFO c.h.h.t.HelmChartContainer - [hivemq-test-hivemq-platform] [hivemq-platform-operator] [5b920660] 13:59:01.552 [pool-6-thread-3] DEBUG c.h.p.o.dependants.PodInfoConfigMap - [helmroll] Create PodInfo ConfigMap
2025-01-29 13:59:01,650 INFO c.h.h.t.HelmChartContainer - [hivemq-test-hivemq-platform] [hivemq-platform-operator] [5b920660] 13:59:01.647 [pool-6-thread-5] DEBUG c.h.p.o.dependants.PodRoleResource - [helmroll] Create Role: Role(apiVersion=rbac.authorization.k8s.io/v1, kind=Role, metadata=ObjectMeta(annotations={meta.helm.sh/release-name=test-hivemq-platform, meta.helm.sh/release-namespace=helmrollingupgradeplatformit}, creationTimestamp=null, deletionGracePeriodSeconds=null, deletionTimestamp=null, finalizers=[], generateName=null, generation=null, labels={helm.sh/chart=hivemq-platform-0.2.31, app.kubernetes.io/managed-by=Helm, app.kubernetes.io/name=hivemq-platform, hivemq-platform=test-hivemq-platform, app.kubernetes.io/instance=test-hivemq-platform, app.kubernetes.io/version=4.35.0}, managedFields=[], name=hivemq-platform-role-test-hivemq-platform, namespace=helmrollingupgradeplatformit, ownerReferences=[OwnerReference(apiVersion=hivemq.com/v1, blockOwnerDeletion=null, controller=null, kind=HiveMQPlatform, name=test-hivemq-platform, uid=9d478b00-b96a-4f14-8f3d-99501e537f95, additionalProperties={})], resourceVersion=null, selfLink=null, uid=null, additionalProperties={}), rules=[PolicyRule(apiGroups=[], nonResourceURLs=[], resourceNames=[], resources=[pods], verbs=[get, patch, update], additionalProperties={})], additionalProperties={})
2025-01-29 13:59:01,757 INFO c.h.h.t.HelmChartContainer - [hivemq-test-hivemq-platform] [hivemq-platform-operator] [5b920660] 13:59:01.755 [pool-6-thread-7] DEBUG c.h.p.o.d.PodServiceAccountResource - [helmroll] Desired PodServiceAccountResource (serviceAccountName: hivemq-platform-pod-test-hivemq-platform)
2025-01-29 13:59:01,757 INFO c.h.h.t.HelmChartContainer - [hivemq-test-hivemq-platform] [hivemq-platform-operator] [5b920660] 13:59:01.756 [pool-6-thread-7] DEBUG c.h.p.o.d.PodServiceAccountResource - [helmroll] Create ServiceAccount 'hivemq-platform-pod-test-hivemq-platform'
2025-01-29 13:59:01,943 INFO c.h.h.t.HelmChartContainer - [hivemq-test-hivemq-platform] [hivemq-platform-operator] [5b920660] 13:59:01.908 [pool-6-thread-9] DEBUG c.h.p.o.d.PodRoleBindingResource - [helmroll] Create RoleBinding: RoleBinding(apiVersion=rbac.authorization.k8s.io/v1, kind=RoleBinding, metadata=ObjectMeta(annotations={meta.helm.sh/release-name=test-hivemq-platform, meta.helm.sh/release-namespace=helmrollingupgradeplatformit}, creationTimestamp=null, deletionGracePeriodSeconds=null, deletionTimestamp=null, finalizers=[], generateName=null, generation=null, labels={helm.sh/chart=hivemq-platform-0.2.31, app.kubernetes.io/managed-by=Helm, app.kubernetes.io/name=hivemq-platform, hivemq-platform=test-hivemq-platform, app.kubernetes.io/instance=test-hivemq-platform, app.kubernetes.io/version=4.35.0}, managedFields=[], name=hivemq-platform-role-binding-test-hivemq-platform, namespace=helmrollingupgradeplatformit, ownerReferences=[OwnerReference(apiVersion=hivemq.com/v1, blockOwnerDeletion=null, controller=null, kind=HiveMQPlatform, name=test-hivemq-platform, uid=9d478b00-b96a-4f14-8f3d-99501e537f95, additionalProperties={})], resourceVersion=null, selfLink=null, uid=null, additionalProperties={}), roleRef=RoleRef(apiGroup=rbac.authorization.k8s.io, kind=Role, name=hivemq-platform-role-test-hivemq-platform, additionalProperties={}), subjects=[Subject(apiGroup=null, kind=ServiceAccount, name=hivemq-platform-pod-test-hivemq-platform, namespace=helmrollingupgradeplatformit, additionalProperties={})], additionalProperties={})
2025-01-29 13:59:02,005 INFO c.h.h.t.HelmChartContainer - [hivemq-test-hivemq-platform] [hivemq-platform-operator] [5b920660] 13:59:02.004 [ReconcilerExecutor-hivemq-controller-55] INFO  c.h.p.o.HiveMQPlatformReconciler - [helmroll] Reconciling HiveMQ Platform 'test-hivemq-platform' in namespace 'helmrollingupgradeplatformit'
2025-01-29 13:59:02,006 INFO c.h.h.t.HelmChartContainer - [hivemq-test-hivemq-platform] [hivemq-platform-operator] [5b920660] 13:59:02.005 [ReconcilerExecutor-hivemq-controller-55] DEBUG c.h.p.o.HiveMQPlatformReconciler - [helmroll] Custom Resource Status CREATED - HiveMQ Platform was created (READY)
2025-01-29 13:59:02,006 INFO c.h.h.t.HelmChartContainer - [hivemq-test-hivemq-platform] [hivemq-platform-operator] [5b920660] 13:59:02.005 [ReconcilerExecutor-hivemq-controller-55] DEBUG c.h.p.o.HiveMQPlatformReconciler - [helmroll] Custom Resource Spec (replicas: 1) (extensions: 1)
2025-01-29 13:59:02,046 INFO c.h.h.t.HelmChartContainer - [hivemq-test-hivemq-platform] [hivemq-platform-operator] [5b920660] 13:59:02.044 [ReconcilerExecutor-hivemq-controller-55] INFO  c.h.p.o.h.HiveMQPlatformReconcilerBaseHandler - [helmroll] HiveMQ Platform is starting
2025-01-29 13:59:02,151 INFO c.h.h.t.HelmChartContainer - [hivemq-test-hivemq-platform] [hivemq-platform-operator] [5b920660] 13:59:02.150 [ReconcilerExecutor-hivemq-controller-55] DEBUG c.h.p.operator.event.EventSender - [helmroll] Creating K8s event hivemq-platform-starting: [Start] HiveMQ Platform is starting
2025-01-29 13:59:02,160 INFO c.h.h.t.HelmChartContainer - [EVENT] Normal [Start] HiveMQ Platform is starting [helmrollingupgradeplatformit:test-hivemq-platform]
2025-01-29 13:59:02,245 INFO c.h.h.t.HelmChartContainer - [hivemq-test-hivemq-platform] [hivemq-platform-operator] [5b920660] 13:59:02.244 [ReconcilerExecutor-hivemq-controller-55] INFO  c.h.p.o.h.AbstractHiveMQReconcilerStateHandler - [helmroll] Update HiveMQ Platform Status (CREATED [READY] -> STARTING [READY]): HiveMQ Platform is starting
2025-01-29 13:59:02,257 DEBUG com.hivemq.helmcharts.util.K8sUtil - Comparing actual state 'STARTING' and waiting for 'RUNNING'
2025-01-29 13:59:02,406 INFO c.h.h.t.HelmChartContainer - [K3S] [range_allocator.go:247] "Successfully synced" key="c7a6e7e9301f"
2025-01-29 13:59:12,354 INFO c.h.h.t.HelmChartContainer - [hivemq-test-hivemq-platform] [hivemq-platform-operator] [5b920660] 13:59:12.349 [pool-6-thread-12] DEBUG c.h.p.o.d.PlatformServiceResource - [helmroll] Desired Platform services (3 services)
2025-01-29 13:59:12,354 INFO c.h.h.t.HelmChartContainer - [hivemq-test-hivemq-platform] [hivemq-platform-operator] [5b920660] 13:59:12.350 [pool-6-thread-13] DEBUG c.h.p.o.dependants.PodInfoConfigMap - [helmroll] Desired PodInfo ConfigMap (1 extensions) (1 enabled)
2025-01-29 13:59:12,354 INFO c.h.h.t.HelmChartContainer - [hivemq-test-hivemq-platform] [hivemq-platform-operator] [5b920660] 13:59:12.350 [pool-6-thread-13] DEBUG c.h.p.o.dependants.PodInfoConfigMap - [helmroll] Desired PodInfo ConfigMap (metrics port: 9399) (metrics path: /)
2025-01-29 13:59:12,354 INFO c.h.h.t.HelmChartContainer - [hivemq-test-hivemq-platform] [hivemq-platform-operator] [5b920660] 13:59:12.350 [pool-6-thread-13] DEBUG c.h.p.o.dependants.PodInfoConfigMap - [helmroll] Desired PodInfo ConfigMap (extension state hash: -1817474005)
2025-01-29 13:59:12,356 INFO c.h.h.t.HelmChartContainer - [hivemq-test-hivemq-platform] [hivemq-platform-operator] [5b920660] 13:59:12.354 [pool-6-thread-17] DEBUG c.h.p.o.d.PodServiceAccountResource - [helmroll] Desired PodServiceAccountResource (serviceAccountName: hivemq-platform-pod-test-hivemq-platform)
2025-01-29 13:59:12,358 INFO c.h.h.t.HelmChartContainer - [hivemq-test-hivemq-platform] [hivemq-platform-operator] [5b920660] 13:59:12.355 [pool-6-thread-13] DEBUG c.h.p.o.dependants.PodInfoConfigMap - [helmroll] Update PodInfo ConfigMap
2025-01-29 13:59:12,457 INFO c.h.h.t.HelmChartContainer - [K3S] [alloc.go:330] "allocated clusterIPs" service="helmrollingupgradeplatformit/hivemq-test-hivemq-platform-cc-8080" clusterIPs={"IPv4":"10.43.55.69"}
2025-01-29 13:59:12,469 INFO c.h.h.t.HelmChartContainer - [K3S] [alloc.go:330] "allocated clusterIPs" service="helmrollingupgradeplatformit/hivemq-test-hivemq-platform-metrics-9399" clusterIPs={"IPv4":"10.43.214.218"}
2025-01-29 13:59:12,549 INFO c.h.h.t.HelmChartContainer - [K3S] [alloc.go:330] "allocated clusterIPs" service="helmrollingupgradeplatformit/hivemq-test-hivemq-platform-mqtt-1883" clusterIPs={"IPv4":"10.43.105.156"}
2025-01-29 13:59:12,559 INFO c.h.h.t.HelmChartContainer - [hivemq-test-hivemq-platform] [hivemq-platform-operator] [5b920660] 13:59:12.558 [pool-6-thread-20] DEBUG c.h.p.o.d.StatefulSetResource - [helmroll] Desired StatefulSet (1 replicas) for status STARTING (READY)
2025-01-29 13:59:12,653 INFO c.h.h.t.HelmChartContainer - [hivemq-test-hivemq-platform] [hivemq-platform-operator] [5b920660] 13:59:12.652 [pool-6-thread-20] DEBUG c.h.p.o.d.StatefulSetResource - [helmroll] Create StatefulSet
2025-01-29 13:59:12,756 INFO c.h.h.t.HelmChartContainer - [hivemq-test-hivemq-platform] [hivemq-platform-operator] [5b920660] 13:59:12.754 [ReconcilerExecutor-hivemq-controller-66] INFO  c.h.p.o.HiveMQPlatformReconciler - [helmroll] Reconciling HiveMQ Platform 'test-hivemq-platform' in namespace 'helmrollingupgradeplatformit'
2025-01-29 13:59:12,757 INFO c.h.h.t.HelmChartContainer - [hivemq-test-hivemq-platform] [hivemq-platform-operator] [5b920660] 13:59:12.754 [ReconcilerExecutor-hivemq-controller-66] DEBUG c.h.p.o.HiveMQPlatformReconciler - [helmroll] Custom Resource Status STARTING - HiveMQ Platform is starting (READY)
2025-01-29 13:59:12,757 INFO c.h.h.t.HelmChartContainer - [hivemq-test-hivemq-platform] [hivemq-platform-operator] [5b920660] 13:59:12.754 [ReconcilerExecutor-hivemq-controller-66] DEBUG c.h.p.o.HiveMQPlatformReconciler - [helmroll] Custom Resource Spec (replicas: 1) (extensions: 1)
2025-01-29 13:59:12,768 INFO c.h.h.t.HelmChartContainer - [POD] test-hivemq-platform-0 [01bf704b-7b87-4f16-9c85-8173c0458c25] in helmrollingupgradeplatformit was ADDED
2025-01-29 13:59:12,771 INFO c.h.h.t.HelmChartContainer - [EVENT] Normal [SuccessfulCreate] create Pod test-hivemq-platform-0 in StatefulSet test-hivemq-platform successful [helmrollingupgradeplatformit:test-hivemq-platform]
2025-01-29 13:59:12,773 INFO c.h.h.t.HelmChartContainer - [POD] test-hivemq-platform-0 [01bf704b-7b87-4f16-9c85-8173c0458c25] in helmrollingupgradeplatformit was MODIFIED
2025-01-29 13:59:12,776 INFO c.h.h.t.HelmChartContainer - [EVENT] Normal [Scheduled] Successfully assigned helmrollingupgradeplatformit/test-hivemq-platform-0 to c7a6e7e9301f [helmrollingupgradeplatformit:test-hivemq-platform-0]
2025-01-29 13:59:12,784 INFO c.h.h.t.HelmChartContainer - [POD] test-hivemq-platform-0 [01bf704b-7b87-4f16-9c85-8173c0458c25] in helmrollingupgradeplatformit was MODIFIED
2025-01-29 13:59:12,848 INFO c.h.h.t.HelmChartContainer - [hivemq-test-hivemq-platform] [hivemq-platform-operator] [5b920660] 13:59:12.765 [ReconcilerExecutor-hivemq-controller-66] DEBUG c.h.p.o.HiveMQPlatformReconciler - [helmroll] StatefulSet Status (revision: null, replicas: 0, available: 0, ready: 0, current: 0, updated: 0)
2025-01-29 13:59:12,848 INFO c.h.h.t.HelmChartContainer - [hivemq-test-hivemq-platform] [hivemq-platform-operator] [5b920660] 13:59:12.841 [ReconcilerExecutor-hivemq-controller-66] DEBUG c.h.p.o.HiveMQPlatformReconciler - [helmroll] StatefulSet Spec (replicas: 1, init containers: 1, containers: 1, volumes: 3)
2025-01-29 13:59:12,853 INFO c.h.h.t.HelmChartContainer - [hivemq-test-hivemq-platform] [hivemq-platform-operator] [5b920660] 13:59:12.853 [ReconcilerExecutor-hivemq-controller-66] DEBUG c.h.p.o.h.HiveMQPlatformReconcilerErrorHandler - [helmroll] Pod 'test-hivemq-platform-0' phase Pending
2025-01-29 13:59:12,877 INFO c.h.h.t.HelmChartContainer - [K3S] [reconciler_common.go:251] "operationExecutor.VerifyControllerAttachedVolume started for volume \"pod-info\" (UniqueName: \"kubernetes.io/configmap/01bf704b-7b87-4f16-9c85-8173c0458c25-pod-info\") pod \"test-hivemq-platform-0\" (UID: \"01bf704b-7b87-4f16-9c85-8173c0458c25\") " pod="helmrollingupgradeplatformit/test-hivemq-platform-0"
2025-01-29 13:59:12,877 INFO c.h.h.t.HelmChartContainer - [K3S] [reconciler_common.go:251] "operationExecutor.VerifyControllerAttachedVolume started for volume \"broker-configuration\" (UniqueName: \"kubernetes.io/configmap/01bf704b-7b87-4f16-9c85-8173c0458c25-broker-configuration\") pod \"test-hivemq-platform-0\" (UID: \"01bf704b-7b87-4f16-9c85-8173c0458c25\") " pod="helmrollingupgradeplatformit/test-hivemq-platform-0"
2025-01-29 13:59:12,877 INFO c.h.h.t.HelmChartContainer - [K3S] [reconciler_common.go:251] "operationExecutor.VerifyControllerAttachedVolume started for volume \"kube-api-access-rzjw9\" (UniqueName: \"kubernetes.io/projected/01bf704b-7b87-4f16-9c85-8173c0458c25-kube-api-access-rzjw9\") pod \"test-hivemq-platform-0\" (UID: \"01bf704b-7b87-4f16-9c85-8173c0458c25\") " pod="helmrollingupgradeplatformit/test-hivemq-platform-0"
2025-01-29 13:59:12,877 INFO c.h.h.t.HelmChartContainer - [K3S] [reconciler_common.go:251] "operationExecutor.VerifyControllerAttachedVolume started for volume \"operator-init\" (UniqueName: \"kubernetes.io/empty-dir/01bf704b-7b87-4f16-9c85-8173c0458c25-operator-init\") pod \"test-hivemq-platform-0\" (UID: \"01bf704b-7b87-4f16-9c85-8173c0458c25\") " pod="helmrollingupgradeplatformit/test-hivemq-platform-0"
2025-01-29 13:59:12,944 INFO c.h.h.t.HelmChartContainer - [hivemq-test-hivemq-platform] [hivemq-platform-operator] [5b920660] 13:59:12.943 [ReconcilerExecutor-hivemq-controller-66] INFO  c.h.p.o.h.HiveMQPlatformReconcilerBaseHandler - [helmroll] HiveMQ Platform is starting, 0 of 1 replicas are ready
2025-01-29 13:59:12,949 INFO c.h.h.t.HelmChartContainer - [hivemq-test-hivemq-platform] [hivemq-platform-operator] [5b920660] 13:59:12.948 [pool-6-thread-22] DEBUG c.h.p.o.d.PlatformServiceResource - [helmroll] Desired Platform services (3 services)
2025-01-29 13:59:12,953 INFO c.h.h.t.HelmChartContainer - [hivemq-test-hivemq-platform] [hivemq-platform-operator] [5b920660] 13:59:12.952 [pool-6-thread-23] DEBUG c.h.p.o.dependants.PodInfoConfigMap - [helmroll] Desired PodInfo ConfigMap (1 extensions) (1 enabled)
2025-01-29 13:59:12,954 INFO c.h.h.t.HelmChartContainer - [hivemq-test-hivemq-platform] [hivemq-platform-operator] [5b920660] 13:59:12.952 [pool-6-thread-23] DEBUG c.h.p.o.dependants.PodInfoConfigMap - [helmroll] Desired PodInfo ConfigMap (metrics port: 9399) (metrics path: /)
2025-01-29 13:59:12,954 INFO c.h.h.t.HelmChartContainer - [hivemq-test-hivemq-platform] [hivemq-platform-operator] [5b920660] 13:59:12.952 [pool-6-thread-23] DEBUG c.h.p.o.dependants.PodInfoConfigMap - [helmroll] Desired PodInfo ConfigMap (extension state hash: -1817474005)
2025-01-29 13:59:12,961 INFO c.h.h.t.HelmChartContainer - [hivemq-test-hivemq-platform] [hivemq-platform-operator] [5b920660] 13:59:12.958 [pool-6-thread-27] DEBUG c.h.p.o.d.PodServiceAccountResource - [helmroll] Desired PodServiceAccountResource (serviceAccountName: hivemq-platform-pod-test-hivemq-platform)
2025-01-29 13:59:13,048 INFO c.h.h.t.HelmChartContainer - [hivemq-test-hivemq-platform] [hivemq-platform-operator] [5b920660] 13:59:13.045 [pool-6-thread-30] DEBUG c.h.p.o.d.StatefulSetResource - [helmroll] Desired StatefulSet (1 replicas) for status STARTING (READY)
2025-01-29 13:59:13,052 INFO c.h.h.t.HelmChartContainer - [hivemq-test-hivemq-platform] [hivemq-platform-operator] [5b920660] 13:59:13.051 [ReconcilerExecutor-hivemq-controller-77] INFO  c.h.p.o.HiveMQPlatformReconciler - [helmroll] Reconciling HiveMQ Platform 'test-hivemq-platform' in namespace 'helmrollingupgradeplatformit'
2025-01-29 13:59:13,054 INFO c.h.h.t.HelmChartContainer - [hivemq-test-hivemq-platform] [hivemq-platform-operator] [5b920660] 13:59:13.051 [ReconcilerExecutor-hivemq-controller-77] DEBUG c.h.p.o.HiveMQPlatformReconciler - [helmroll] Custom Resource Status STARTING - HiveMQ Platform is starting (READY)
2025-01-29 13:59:13,054 INFO c.h.h.t.HelmChartContainer - [hivemq-test-hivemq-platform] [hivemq-platform-operator] [5b920660] 13:59:13.051 [ReconcilerExecutor-hivemq-controller-77] DEBUG c.h.p.o.HiveMQPlatformReconciler - [helmroll] Custom Resource Spec (replicas: 1) (extensions: 1)
2025-01-29 13:59:13,058 INFO c.h.h.t.HelmChartContainer - [hivemq-test-hivemq-platform] [hivemq-platform-operator] [5b920660] 13:59:13.056 [ReconcilerExecutor-hivemq-controller-77] DEBUG c.h.p.o.HiveMQPlatformReconciler - [helmroll] StatefulSet Status (revision: test-hivemq-platform-54c4467984, replicas: 1, available: 0, ready: 0, current: 1, updated: 1)
2025-01-29 13:59:13,058 INFO c.h.h.t.HelmChartContainer - [hivemq-test-hivemq-platform] [hivemq-platform-operator] [5b920660] 13:59:13.057 [ReconcilerExecutor-hivemq-controller-77] DEBUG c.h.p.o.HiveMQPlatformReconciler - [helmroll] StatefulSet Spec (replicas: 1, init containers: 1, containers: 1, volumes: 3)
2025-01-29 13:59:13,150 INFO c.h.h.t.HelmChartContainer - [hivemq-test-hivemq-platform] [hivemq-platform-operator] [5b920660] 13:59:13.147 [ReconcilerExecutor-hivemq-controller-77] DEBUG c.h.p.o.h.HiveMQPlatformReconcilerErrorHandler - [helmroll] Pod 'test-hivemq-platform-0' phase Pending
2025-01-29 13:59:13,152 INFO c.h.h.t.HelmChartContainer - [hivemq-test-hivemq-platform] [hivemq-platform-operator] [5b920660] 13:59:13.148 [ReconcilerExecutor-hivemq-controller-77] DEBUG c.h.p.o.h.HiveMQPlatformReconcilerErrorHandler - [helmroll] Pod 'test-hivemq-platform-0' condition 'PodReadyToStartContainers': False
2025-01-29 13:59:13,152 INFO c.h.h.t.HelmChartContainer - [hivemq-test-hivemq-platform] [hivemq-platform-operator] [5b920660] 13:59:13.148 [ReconcilerExecutor-hivemq-controller-77] DEBUG c.h.p.o.h.HiveMQPlatformReconcilerErrorHandler - [helmroll] Pod 'test-hivemq-platform-0' condition 'Initialized': False
2025-01-29 13:59:13,152 INFO c.h.h.t.HelmChartContainer - [hivemq-test-hivemq-platform] [hivemq-platform-operator] [5b920660] 13:59:13.148 [ReconcilerExecutor-hivemq-controller-77] DEBUG c.h.p.o.h.HiveMQPlatformReconcilerErrorHandler - [helmroll] Pod 'test-hivemq-platform-0' condition 'Ready': False
2025-01-29 13:59:13,152 INFO c.h.h.t.HelmChartContainer - [hivemq-test-hivemq-platform] [hivemq-platform-operator] [5b920660] 13:59:13.148 [ReconcilerExecutor-hivemq-controller-77] DEBUG c.h.p.o.h.HiveMQPlatformReconcilerErrorHandler - [helmroll] Pod 'test-hivemq-platform-0' condition 'ContainersReady': False
2025-01-29 13:59:13,152 INFO c.h.h.t.HelmChartContainer - [hivemq-test-hivemq-platform] [hivemq-platform-operator] [5b920660] 13:59:13.149 [ReconcilerExecutor-hivemq-controller-77] DEBUG c.h.p.o.h.HiveMQPlatformReconcilerErrorHandler - [helmroll] Pod 'test-hivemq-platform-0' condition 'PodScheduled': True
2025-01-29 13:59:13,152 INFO c.h.h.t.HelmChartContainer - [hivemq-test-hivemq-platform] [hivemq-platform-operator] [5b920660] 13:59:13.149 [ReconcilerExecutor-hivemq-controller-77] DEBUG c.h.p.o.h.HiveMQPlatformReconcilerErrorHandler - [helmroll] Pod 'test-hivemq-platform-0' containerStatus 'hivemq' (started: false) (ready: false) (waiting: [PodInitializing] null)
2025-01-29 13:59:13,153 INFO c.h.h.t.HelmChartContainer - [hivemq-test-hivemq-platform] [hivemq-platform-operator] [5b920660] 13:59:13.151 [ReconcilerExecutor-hivemq-controller-77] INFO  c.h.p.o.h.HiveMQPlatformReconcilerBaseHandler - [helmroll] HiveMQ Platform is starting, 0 of 1 replicas are ready
2025-01-29 13:59:13,174 INFO c.h.h.t.HelmChartContainer - [EVENT] Normal [Pulled] Container image "docker.io/hivemq/hivemq-platform-operator-init-test:snapshot" already present on machine [helmrollingupgradeplatformit:test-hivemq-platform-0]
2025-01-29 13:59:13,285 INFO c.h.h.t.HelmChartContainer - [EVENT] Normal [Created] Created container: hivemq-platform-operator-init [helmrollingupgradeplatformit:test-hivemq-platform-0]
2025-01-29 13:59:13,331 INFO c.h.h.t.HelmChartContainer - [EVENT] Normal [Started] Started container hivemq-platform-operator-init [helmrollingupgradeplatformit:test-hivemq-platform-0]
2025-01-29 13:59:14,123 INFO c.h.h.t.HelmChartContainer - [POD] test-hivemq-platform-0 [01bf704b-7b87-4f16-9c85-8173c0458c25] in helmrollingupgradeplatformit was MODIFIED
2025-01-29 13:59:14,140 INFO c.h.h.t.HelmChartContainer - [hivemq-test-hivemq-platform] [hivemq-platform-operator] [5b920660] 13:59:14.138 [pool-6-thread-32] DEBUG c.h.p.o.d.PlatformServiceResource - [helmroll] Desired Platform services (3 services)
2025-01-29 13:59:14,146 INFO c.h.h.t.HelmChartContainer - [hivemq-test-hivemq-platform] [hivemq-platform-operator] [5b920660] 13:59:14.144 [pool-6-thread-33] DEBUG c.h.p.o.dependants.PodInfoConfigMap - [helmroll] Desired PodInfo ConfigMap (1 extensions) (1 enabled)
2025-01-29 13:59:14,148 INFO c.h.h.t.HelmChartContainer - [hivemq-test-hivemq-platform] [hivemq-platform-operator] [5b920660] 13:59:14.144 [pool-6-thread-33] DEBUG c.h.p.o.dependants.PodInfoConfigMap - [helmroll] Desired PodInfo ConfigMap (metrics port: 9399) (metrics path: /)
2025-01-29 13:59:14,148 INFO c.h.h.t.HelmChartContainer - [hivemq-test-hivemq-platform] [hivemq-platform-operator] [5b920660] 13:59:14.144 [pool-6-thread-33] DEBUG c.h.p.o.dependants.PodInfoConfigMap - [helmroll] Desired PodInfo ConfigMap (extension state hash: -1817474005)
2025-01-29 13:59:14,154 INFO c.h.h.t.HelmChartContainer - [hivemq-test-hivemq-platform] [hivemq-platform-operator] [5b920660] 13:59:14.150 [pool-6-thread-37] DEBUG c.h.p.o.d.PodServiceAccountResource - [helmroll] Desired PodServiceAccountResource (serviceAccountName: hivemq-platform-pod-test-hivemq-platform)
2025-01-29 13:59:14,207 INFO c.h.h.t.HelmChartContainer - [hivemq-test-hivemq-platform] [hivemq-platform-operator] [5b920660] 13:59:14.206 [pool-6-thread-40] DEBUG c.h.p.o.d.StatefulSetResource - [helmroll] Desired StatefulSet (1 replicas) for status STARTING (READY)
2025-01-29 13:59:14,212 INFO c.h.h.t.HelmChartContainer - [hivemq-test-hivemq-platform] [hivemq-platform-operator] [5b920660] 13:59:14.211 [ReconcilerExecutor-hivemq-controller-88] INFO  c.h.p.o.HiveMQPlatformReconciler - [helmroll] Reconciling HiveMQ Platform 'test-hivemq-platform' in namespace 'helmrollingupgradeplatformit'
2025-01-29 13:59:14,212 INFO c.h.h.t.HelmChartContainer - [hivemq-test-hivemq-platform] [hivemq-platform-operator] [5b920660] 13:59:14.211 [ReconcilerExecutor-hivemq-controller-88] DEBUG c.h.p.o.HiveMQPlatformReconciler - [helmroll] Custom Resource Status STARTING - HiveMQ Platform is starting (READY)
2025-01-29 13:59:14,213 INFO c.h.h.t.HelmChartContainer - [hivemq-test-hivemq-platform] [hivemq-platform-operator] [5b920660] 13:59:14.211 [ReconcilerExecutor-hivemq-controller-88] DEBUG c.h.p.o.HiveMQPlatformReconciler - [helmroll] Custom Resource Spec (replicas: 1) (extensions: 1)
2025-01-29 13:59:14,215 INFO c.h.h.t.HelmChartContainer - [hivemq-test-hivemq-platform] [hivemq-platform-operator] [5b920660] 13:59:14.212 [ReconcilerExecutor-hivemq-controller-88] DEBUG c.h.p.o.HiveMQPlatformReconciler - [helmroll] StatefulSet Status (revision: test-hivemq-platform-54c4467984, replicas: 1, available: 0, ready: 0, current: 1, updated: 1)
2025-01-29 13:59:14,215 INFO c.h.h.t.HelmChartContainer - [hivemq-test-hivemq-platform] [hivemq-platform-operator] [5b920660] 13:59:14.213 [ReconcilerExecutor-hivemq-controller-88] DEBUG c.h.p.o.HiveMQPlatformReconciler - [helmroll] StatefulSet Spec (replicas: 1, init containers: 1, containers: 1, volumes: 3)
2025-01-29 13:59:14,245 INFO c.h.h.t.HelmChartContainer - [hivemq-test-hivemq-platform] [hivemq-platform-operator] [5b920660] 13:59:14.242 [ReconcilerExecutor-hivemq-controller-88] DEBUG c.h.p.o.h.HiveMQPlatformReconcilerErrorHandler - [helmroll] Pod 'test-hivemq-platform-0' phase Pending
2025-01-29 13:59:14,245 INFO c.h.h.t.HelmChartContainer - [hivemq-test-hivemq-platform] [hivemq-platform-operator] [5b920660] 13:59:14.242 [ReconcilerExecutor-hivemq-controller-88] DEBUG c.h.p.o.h.HiveMQPlatformReconcilerErrorHandler - [helmroll] Pod 'test-hivemq-platform-0' condition 'PodReadyToStartContainers': True
2025-01-29 13:59:14,245 INFO c.h.h.t.HelmChartContainer - [hivemq-test-hivemq-platform] [hivemq-platform-operator] [5b920660] 13:59:14.242 [ReconcilerExecutor-hivemq-controller-88] DEBUG c.h.p.o.h.HiveMQPlatformReconcilerErrorHandler - [helmroll] Pod 'test-hivemq-platform-0' condition 'Initialized': False
2025-01-29 13:59:14,245 INFO c.h.h.t.HelmChartContainer - [hivemq-test-hivemq-platform] [hivemq-platform-operator] [5b920660] 13:59:14.242 [ReconcilerExecutor-hivemq-controller-88] DEBUG c.h.p.o.h.HiveMQPlatformReconcilerErrorHandler - [helmroll] Pod 'test-hivemq-platform-0' condition 'Ready': False
2025-01-29 13:59:14,245 INFO c.h.h.t.HelmChartContainer - [hivemq-test-hivemq-platform] [hivemq-platform-operator] [5b920660] 13:59:14.242 [ReconcilerExecutor-hivemq-controller-88] DEBUG c.h.p.o.h.HiveMQPlatformReconcilerErrorHandler - [helmroll] Pod 'test-hivemq-platform-0' condition 'ContainersReady': False
2025-01-29 13:59:14,245 INFO c.h.h.t.HelmChartContainer - [hivemq-test-hivemq-platform] [hivemq-platform-operator] [5b920660] 13:59:14.242 [ReconcilerExecutor-hivemq-controller-88] DEBUG c.h.p.o.h.HiveMQPlatformReconcilerErrorHandler - [helmroll] Pod 'test-hivemq-platform-0' condition 'PodScheduled': True
2025-01-29 13:59:14,245 INFO c.h.h.t.HelmChartContainer - [hivemq-test-hivemq-platform] [hivemq-platform-operator] [5b920660] 13:59:14.242 [ReconcilerExecutor-hivemq-controller-88] DEBUG c.h.p.o.h.HiveMQPlatformReconcilerErrorHandler - [helmroll] Pod 'test-hivemq-platform-0' containerStatus 'hivemq' (started: false) (ready: false) (waiting: [PodInitializing] null)
2025-01-29 13:59:14,245 INFO c.h.h.t.HelmChartContainer - [hivemq-test-hivemq-platform] [hivemq-platform-operator] [5b920660] 13:59:14.243 [ReconcilerExecutor-hivemq-controller-88] INFO  c.h.p.o.h.HiveMQPlatformReconcilerBaseHandler - [helmroll] HiveMQ Platform is starting, 0 of 1 replicas are ready
2025-01-29 13:59:14,578 INFO c.h.h.t.HelmChartContainer - [K3S] [INFO] COMPACT compactRev=0 targetCompactRev=2 currentRev=1847
2025-01-29 13:59:14,579 INFO c.h.h.t.HelmChartContainer - [K3S] [INFO] COMPACT deleted 0 rows from 2 revisions in 393.78µs - compacted to 2/1847
2025-01-29 13:59:14,579 INFO c.h.h.t.HelmChartContainer - [K3S] [INFO] COMPACT compacted from 0 to 2 in 1 transactions over 1ms
2025-01-29 13:59:14,895 INFO c.h.h.t.HelmChartContainer - [EVENT] Normal [Pulling] Pulling image "docker.io/hivemq/hivemq4:4.35.0" [helmrollingupgradeplatformit:test-hivemq-platform-0]
2025-01-29 13:59:14,895 INFO c.h.h.t.HelmChartContainer - Received Pulling event for container hivemq in pod test-hivemq-platform-0 [01bf704b-7b87-4f16-9c85-8173c0458c25]
2025-01-29 13:59:14,900 INFO c.h.h.t.HelmChartContainer - [POD] test-hivemq-platform-0 [01bf704b-7b87-4f16-9c85-8173c0458c25] in helmrollingupgradeplatformit was MODIFIED
2025-01-29 13:59:14,909 INFO c.h.h.t.HelmChartContainer - [hivemq-test-hivemq-platform] [hivemq-platform-operator] [5b920660] 13:59:14.907 [pool-6-thread-42] DEBUG c.h.p.o.d.PlatformServiceResource - [helmroll] Desired Platform services (3 services)
2025-01-29 13:59:14,911 INFO c.h.h.t.HelmChartContainer - [hivemq-test-hivemq-platform] [hivemq-platform-operator] [5b920660] 13:59:14.909 [pool-6-thread-43] DEBUG c.h.p.o.dependants.PodInfoConfigMap - [helmroll] Desired PodInfo ConfigMap (1 extensions) (1 enabled)
2025-01-29 13:59:14,911 INFO c.h.h.t.HelmChartContainer - [hivemq-test-hivemq-platform] [hivemq-platform-operator] [5b920660] 13:59:14.909 [pool-6-thread-43] DEBUG c.h.p.o.dependants.PodInfoConfigMap - [helmroll] Desired PodInfo ConfigMap (metrics port: 9399) (metrics path: /)
2025-01-29 13:59:14,911 INFO c.h.h.t.HelmChartContainer - [hivemq-test-hivemq-platform] [hivemq-platform-operator] [5b920660] 13:59:14.909 [pool-6-thread-43] DEBUG c.h.p.o.dependants.PodInfoConfigMap - [helmroll] Desired PodInfo ConfigMap (extension state hash: -1817474005)
2025-01-29 13:59:14,914 INFO c.h.h.t.HelmChartContainer - [hivemq-test-hivemq-platform] [hivemq-platform-operator] [5b920660] 13:59:14.913 [pool-6-thread-47] DEBUG c.h.p.o.d.PodServiceAccountResource - [helmroll] Desired PodServiceAccountResource (serviceAccountName: hivemq-platform-pod-test-hivemq-platform)
2025-01-29 13:59:15,009 INFO c.h.h.t.HelmChartContainer - [hivemq-test-hivemq-platform] [hivemq-platform-operator] [5b920660] 13:59:15.005 [pool-6-thread-50] DEBUG c.h.p.o.d.StatefulSetResource - [helmroll] Desired StatefulSet (1 replicas) for status STARTING (READY)
2025-01-29 13:59:15,012 INFO c.h.h.t.HelmChartContainer - [hivemq-test-hivemq-platform] [hivemq-platform-operator] [5b920660] 13:59:15.009 [ReconcilerExecutor-hivemq-controller-99] INFO  c.h.p.o.HiveMQPlatformReconciler - [helmroll] Reconciling HiveMQ Platform 'test-hivemq-platform' in namespace 'helmrollingupgradeplatformit'
2025-01-29 13:59:15,012 INFO c.h.h.t.HelmChartContainer - [hivemq-test-hivemq-platform] [hivemq-platform-operator] [5b920660] 13:59:15.009 [ReconcilerExecutor-hivemq-controller-99] DEBUG c.h.p.o.HiveMQPlatformReconciler - [helmroll] Custom Resource Status STARTING - HiveMQ Platform is starting (READY)
2025-01-29 13:59:15,012 INFO c.h.h.t.HelmChartContainer - [hivemq-test-hivemq-platform] [hivemq-platform-operator] [5b920660] 13:59:15.010 [ReconcilerExecutor-hivemq-controller-99] DEBUG c.h.p.o.HiveMQPlatformReconciler - [helmroll] Custom Resource Spec (replicas: 1) (extensions: 1)
2025-01-29 13:59:15,015 INFO c.h.h.t.HelmChartContainer - [hivemq-test-hivemq-platform] [hivemq-platform-operator] [5b920660] 13:59:15.013 [ReconcilerExecutor-hivemq-controller-99] DEBUG c.h.p.o.HiveMQPlatformReconciler - [helmroll] StatefulSet Status (revision: test-hivemq-platform-54c4467984, replicas: 1, available: 0, ready: 0, current: 1, updated: 1)
2025-01-29 13:59:15,016 INFO c.h.h.t.HelmChartContainer - [hivemq-test-hivemq-platform] [hivemq-platform-operator] [5b920660] 13:59:15.013 [ReconcilerExecutor-hivemq-controller-99] DEBUG c.h.p.o.HiveMQPlatformReconciler - [helmroll] StatefulSet Spec (replicas: 1, init containers: 1, containers: 1, volumes: 3)
2025-01-29 13:59:15,018 INFO c.h.h.t.HelmChartContainer - [hivemq-test-hivemq-platform] [hivemq-platform-operator] [5b920660] 13:59:15.017 [ReconcilerExecutor-hivemq-controller-99] DEBUG c.h.p.o.h.HiveMQPlatformReconcilerErrorHandler - [helmroll] Pod 'test-hivemq-platform-0' phase Pending
2025-01-29 13:59:15,020 INFO c.h.h.t.HelmChartContainer - [hivemq-test-hivemq-platform] [hivemq-platform-operator] [5b920660] 13:59:15.018 [ReconcilerExecutor-hivemq-controller-99] DEBUG c.h.p.o.h.HiveMQPlatformReconcilerErrorHandler - [helmroll] Pod 'test-hivemq-platform-0' condition 'PodReadyToStartContainers': True
2025-01-29 13:59:15,020 INFO c.h.h.t.HelmChartContainer - [hivemq-test-hivemq-platform] [hivemq-platform-operator] [5b920660] 13:59:15.019 [ReconcilerExecutor-hivemq-controller-99] DEBUG c.h.p.o.h.HiveMQPlatformReconcilerErrorHandler - [helmroll] Pod 'test-hivemq-platform-0' condition 'Initialized': True
2025-01-29 13:59:15,023 INFO c.h.h.t.HelmChartContainer - [hivemq-test-hivemq-platform] [hivemq-platform-operator] [5b920660] 13:59:15.019 [ReconcilerExecutor-hivemq-controller-99] DEBUG c.h.p.o.h.HiveMQPlatformReconcilerErrorHandler - [helmroll] Pod 'test-hivemq-platform-0' condition 'Ready': False
2025-01-29 13:59:15,023 INFO c.h.h.t.HelmChartContainer - [hivemq-test-hivemq-platform] [hivemq-platform-operator] [5b920660] 13:59:15.019 [ReconcilerExecutor-hivemq-controller-99] DEBUG c.h.p.o.h.HiveMQPlatformReconcilerErrorHandler - [helmroll] Pod 'test-hivemq-platform-0' condition 'ContainersReady': False
2025-01-29 13:59:15,023 INFO c.h.h.t.HelmChartContainer - [hivemq-test-hivemq-platform] [hivemq-platform-operator] [5b920660] 13:59:15.019 [ReconcilerExecutor-hivemq-controller-99] DEBUG c.h.p.o.h.HiveMQPlatformReconcilerErrorHandler - [helmroll] Pod 'test-hivemq-platform-0' condition 'PodScheduled': True
2025-01-29 13:59:15,023 INFO c.h.h.t.HelmChartContainer - [hivemq-test-hivemq-platform] [hivemq-platform-operator] [5b920660] 13:59:15.019 [ReconcilerExecutor-hivemq-controller-99] DEBUG c.h.p.o.h.HiveMQPlatformReconcilerErrorHandler - [helmroll] Pod 'test-hivemq-platform-0' containerStatus 'hivemq' (started: false) (ready: false) (waiting: [PodInitializing] null)
2025-01-29 13:59:15,045 INFO c.h.h.t.HelmChartContainer - [hivemq-test-hivemq-platform] [hivemq-platform-operator] [5b920660] 13:59:15.042 [ReconcilerExecutor-hivemq-controller-99] INFO  c.h.p.o.h.HiveMQPlatformReconcilerBaseHandler - [helmroll] HiveMQ Platform is starting, 0 of 1 replicas are ready
2025-01-29 13:59:17,160 INFO c.h.h.t.HelmChartContainer - [K3S] [info.go:53] Couldn't collect info from any of the files in "/etc/machine-id,/var/lib/dbus/machine-id"
2025-01-29 13:59:23,483 INFO c.h.h.t.HelmChartContainer - [EVENT] Normal [Pulled] Successfully pulled image "docker.io/hivemq/hivemq4:4.35.0" in 8.589s (8.589s including waiting). Image size: 691164573 bytes. [helmrollingupgradeplatformit:test-hivemq-platform-0]
2025-01-29 13:59:23,483 INFO c.h.h.t.HelmChartContainer - Received Pulled event for container hivemq in pod test-hivemq-platform-0 [01bf704b-7b87-4f16-9c85-8173c0458c25]
2025-01-29 13:59:23,491 INFO c.h.h.t.HelmChartContainer - [EVENT] Normal [Created] Created container: hivemq [helmrollingupgradeplatformit:test-hivemq-platform-0]
2025-01-29 13:59:23,491 INFO c.h.h.t.HelmChartContainer - Received Created event for container hivemq in pod test-hivemq-platform-0 [01bf704b-7b87-4f16-9c85-8173c0458c25]
2025-01-29 13:59:23,919 INFO c.h.h.t.HelmChartContainer - [POD] test-hivemq-platform-0 [01bf704b-7b87-4f16-9c85-8173c0458c25] in helmrollingupgradeplatformit was MODIFIED
2025-01-29 13:59:23,928 INFO c.h.h.t.HelmChartContainer - Started log watcher for hivemq in pod test-hivemq-platform-0 [01bf704b-7b87-4f16-9c85-8173c0458c25]
2025-01-29 13:59:23,928 INFO c.h.h.t.HelmChartContainer - [EVENT] Normal [Started] Started container hivemq [helmrollingupgradeplatformit:test-hivemq-platform-0]
2025-01-29 13:59:23,928 INFO c.h.h.t.HelmChartContainer - Received Started event for container hivemq in pod test-hivemq-platform-0 [01bf704b-7b87-4f16-9c85-8173c0458c25]
2025-01-29 13:59:23,932 INFO c.h.h.t.HelmChartContainer - [test-hivemq-platform] [hivemq] [01bf704b] Adding pre-installed HiveMQ Platform Operator extensions
2025-01-29 13:59:23,932 INFO c.h.h.t.HelmChartContainer - [test-hivemq-platform] [hivemq] [01bf704b] Running as user 10000
2025-01-29 13:59:23,932 INFO c.h.h.t.HelmChartContainer - [test-hivemq-platform] [hivemq] [01bf704b] Starting HiveMQ Platform Operator Init
2025-01-29 13:59:23,937 INFO c.h.h.t.HelmChartContainer - [hivemq-test-hivemq-platform] [hivemq-platform-operator] [5b920660] 13:59:23.932 [pool-6-thread-5] DEBUG c.h.p.o.d.PlatformServiceResource - [helmroll] Desired Platform services (3 services)
2025-01-29 13:59:23,941 INFO c.h.h.t.HelmChartContainer - [hivemq-test-hivemq-platform] [hivemq-platform-operator] [5b920660] 13:59:23.933 [pool-6-thread-3] DEBUG c.h.p.o.dependants.PodInfoConfigMap - [helmroll] Desired PodInfo ConfigMap (1 extensions) (1 enabled)
2025-01-29 13:59:23,941 INFO c.h.h.t.HelmChartContainer - [hivemq-test-hivemq-platform] [hivemq-platform-operator] [5b920660] 13:59:23.933 [pool-6-thread-3] DEBUG c.h.p.o.dependants.PodInfoConfigMap - [helmroll] Desired PodInfo ConfigMap (metrics port: 9399) (metrics path: /)
2025-01-29 13:59:23,941 INFO c.h.h.t.HelmChartContainer - [hivemq-test-hivemq-platform] [hivemq-platform-operator] [5b920660] 13:59:23.933 [pool-6-thread-3] DEBUG c.h.p.o.dependants.PodInfoConfigMap - [helmroll] Desired PodInfo ConfigMap (extension state hash: -1817474005)
2025-01-29 13:59:23,941 INFO c.h.h.t.HelmChartContainer - [hivemq-test-hivemq-platform] [hivemq-platform-operator] [5b920660] 13:59:23.934 [pool-6-thread-3] DEBUG c.h.p.o.d.PodServiceAccountResource - [helmroll] Desired PodServiceAccountResource (serviceAccountName: hivemq-platform-pod-test-hivemq-platform)
2025-01-29 13:59:23,950 INFO c.h.h.t.HelmChartContainer - [hivemq-test-hivemq-platform] [hivemq-platform-operator] [5b920660] 13:59:23.947 [pool-6-thread-9] DEBUG c.h.p.o.d.StatefulSetResource - [helmroll] Desired StatefulSet (1 replicas) for status STARTING (READY)
2025-01-29 13:59:24,010 INFO c.h.h.t.HelmChartContainer - [hivemq-test-hivemq-platform] [hivemq-platform-operator] [5b920660] 13:59:24.007 [ReconcilerExecutor-hivemq-controller-110] INFO  c.h.p.o.HiveMQPlatformReconciler - [helmroll] Reconciling HiveMQ Platform 'test-hivemq-platform' in namespace 'helmrollingupgradeplatformit'
2025-01-29 13:59:24,010 INFO c.h.h.t.HelmChartContainer - [hivemq-test-hivemq-platform] [hivemq-platform-operator] [5b920660] 13:59:24.007 [ReconcilerExecutor-hivemq-controller-110] DEBUG c.h.p.o.HiveMQPlatformReconciler - [helmroll] Custom Resource Status STARTING - HiveMQ Platform is starting (READY)
2025-01-29 13:59:24,010 INFO c.h.h.t.HelmChartContainer - [hivemq-test-hivemq-platform] [hivemq-platform-operator] [5b920660] 13:59:24.008 [ReconcilerExecutor-hivemq-controller-110] DEBUG c.h.p.o.HiveMQPlatformReconciler - [helmroll] Custom Resource Spec (replicas: 1) (extensions: 1)
2025-01-29 13:59:24,013 INFO c.h.h.t.HelmChartContainer - [hivemq-test-hivemq-platform] [hivemq-platform-operator] [5b920660] 13:59:24.011 [ReconcilerExecutor-hivemq-controller-110] DEBUG c.h.p.o.HiveMQPlatformReconciler - [helmroll] StatefulSet Status (revision: test-hivemq-platform-54c4467984, replicas: 1, available: 0, ready: 0, current: 1, updated: 1)
2025-01-29 13:59:24,014 INFO c.h.h.t.HelmChartContainer - [hivemq-test-hivemq-platform] [hivemq-platform-operator] [5b920660] 13:59:24.011 [ReconcilerExecutor-hivemq-controller-110] DEBUG c.h.p.o.HiveMQPlatformReconciler - [helmroll] StatefulSet Spec (replicas: 1, init containers: 1, containers: 1, volumes: 3)
2025-01-29 13:59:24,014 INFO c.h.h.t.HelmChartContainer - [hivemq-test-hivemq-platform] [hivemq-platform-operator] [5b920660] 13:59:24.012 [ReconcilerExecutor-hivemq-controller-110] DEBUG c.h.p.o.h.HiveMQPlatformReconcilerErrorHandler - [helmroll] Pod 'test-hivemq-platform-0' phase Running
2025-01-29 13:59:24,015 INFO c.h.h.t.HelmChartContainer - [hivemq-test-hivemq-platform] [hivemq-platform-operator] [5b920660] 13:59:24.014 [ReconcilerExecutor-hivemq-controller-110] INFO  c.h.p.o.h.HiveMQPlatformReconcilerBaseHandler - [helmroll] HiveMQ Platform is starting, 0 of 1 replicas are ready
2025-01-29 13:59:24,810 INFO c.h.h.t.HelmChartContainer - [test-hivemq-platform] [hivemq] [01bf704b] INFO  - [HiveMQ Platform Operator Init 1.7.0-SNAPSHOT] HiveMQ Platform Operator Init 1.7.0-SNAPSHOT (commit: bebf408 on branch: HEAD) built on Sun Jan 26 20:47:47 UTC 2025
2025-01-29 13:59:25,985 INFO c.h.h.t.HelmChartContainer - [test-hivemq-platform] [hivemq] [01bf704b] INFO  - [HiveMQ Platform Operator Init App 1.7.0-SNAPSHOT] Using bind address 10.42.0.16 from environment variable
2025-01-29 13:59:26,878 INFO c.h.h.t.HelmChartContainer - [test-hivemq-platform] [hivemq] [01bf704b] INFO  - [HiveMQ Platform Operator Init App 1.7.0-SNAPSHOT] HiveMQ Platform Operator Init App 1.7.0-SNAPSHOT (commit: bebf408 on branch: HEAD) built on Sun Jan 26 20:47:47 UTC 2025
2025-01-29 13:59:26,878 INFO c.h.h.t.HelmChartContainer - [test-hivemq-platform] [hivemq] [01bf704b] INFO  - [HiveMQ Platform Operator Init App 1.7.0-SNAPSHOT] PodInfo ConfigMap directory: /etc/podinfo
2025-01-29 13:59:26,878 INFO c.h.h.t.HelmChartContainer - [test-hivemq-platform] [hivemq] [01bf704b] INFO  - [HiveMQ Platform Operator Init App 1.7.0-SNAPSHOT] HiveMQ home directory: /opt/hivemq
2025-01-29 13:59:26,878 INFO c.h.h.t.HelmChartContainer - [test-hivemq-platform] [hivemq] [01bf704b] INFO  - [HiveMQ Platform Operator Init App 1.7.0-SNAPSHOT] HiveMQ Logback folder: /opt/hivemq/conf
2025-01-29 13:59:26,878 INFO c.h.h.t.HelmChartContainer - [test-hivemq-platform] [hivemq] [01bf704b] INFO  - [HiveMQ Platform Operator Init App 1.7.0-SNAPSHOT] HiveMQ Config folder: /opt/hivemq/conf-k8s
2025-01-29 13:59:26,879 INFO c.h.h.t.HelmChartContainer - [test-hivemq-platform] [hivemq] [01bf704b] INFO  - [HiveMQ Platform Operator Init App 1.7.0-SNAPSHOT] Starting HiveMQ Platform Operator Init App
2025-01-29 13:59:26,879 INFO c.h.h.t.HelmChartContainer - [test-hivemq-platform] [hivemq] [01bf704b] INFO  - [HiveMQ Platform Operator Init App 1.7.0-SNAPSHOT] Starting Pod reconciler
2025-01-29 13:59:28,212 INFO c.h.h.t.HelmChartContainer - [test-hivemq-platform] [hivemq] [01bf704b] INFO  - [HiveMQ Platform Operator Init App 1.7.0-SNAPSHOT] Pod reconciler is scheduled (interval: 5000 ms)
2025-01-29 13:59:28,213 INFO c.h.h.t.HelmChartContainer - [test-hivemq-platform] [hivemq] [01bf704b] INFO  - [HiveMQ Platform Operator Init App 1.7.0-SNAPSHOT] Starting the REST API on 10.42.0.16:7979
2025-01-29 13:59:28,216 INFO c.h.h.t.HelmChartContainer - [test-hivemq-platform] [hivemq] [01bf704b] INFO  - [HiveMQ Platform Operator Init App 1.7.0-SNAPSHOT] Waiting up to 600s for at most 1 HiveMQ nodes in cluster service hivemq-test-hivemq-platform-cluster.helmrollingupgradeplatformit.svc
2025-01-29 13:59:28,578 INFO c.h.h.t.HelmChartContainer - [test-hivemq-platform] [hivemq] [01bf704b] INFO  - [HiveMQ Platform Operator Init App 1.7.0-SNAPSHOT] Resolved 1 IP addresses: [10.42.0.16]
2025-01-29 13:59:28,578 INFO c.h.h.t.HelmChartContainer - [test-hivemq-platform] [hivemq] [01bf704b] INFO  - [HiveMQ Platform Operator Init App 1.7.0-SNAPSHOT] HiveMQ node count of 1 is within threshold of 1
2025-01-29 13:59:28,578 INFO c.h.h.t.HelmChartContainer - [test-hivemq-platform] [hivemq] [01bf704b] INFO  - [HiveMQ Platform Operator Init App 1.7.0-SNAPSHOT] Proceeding with container start
2025-01-29 13:59:28,678 INFO c.h.h.t.HelmChartContainer - [test-hivemq-platform] [hivemq] [01bf704b] INFO  - [HiveMQ Platform Operator Init App 1.7.0-SNAPSHOT] Initializing HiveMQ Platform extensions with initial configuration: {hivemq-allow-all-extension={start-priority=-1, skip-https-hostname-verification=false, restart=true, config-version=0, header-version=0, c-uri=, priority=-1, uri=preinstalled, skip-https-certificate-validation=false, enabled=true}, hivemq-prometheus-extension={restart=true, priority=-1, start-priority=-1, c-uri=, skip-https-hostname-verification=false, skip-https-certificate-validation=false, uri=preinstalled, request-header-path=no-request-headers, enabled=true}}
2025-01-29 13:59:29,109 INFO c.h.h.t.HelmChartContainer - [test-hivemq-platform] [hivemq] [01bf704b] INFO  - [HiveMQ Platform Operator Init App 1.7.0-SNAPSHOT] Extension hivemq-allow-all-extension was already enabled
2025-01-29 13:59:29,182 INFO c.h.h.t.HelmChartContainer - [test-hivemq-platform] [hivemq] [01bf704b] INFO  - [HiveMQ Platform Operator Init App 1.7.0-SNAPSHOT] Successfully enabled extension hivemq-prometheus-extension
2025-01-29 13:59:29,183 INFO c.h.h.t.HelmChartContainer - [test-hivemq-platform] [hivemq] [01bf704b] INFO  - [HiveMQ Platform Operator Init App 1.7.0-SNAPSHOT] Starting HiveMQ Platform version 4.35.0 (4.35.0)
2025-01-29 13:59:29,184 INFO c.h.h.t.HelmChartContainer - [test-hivemq-platform] [hivemq] [01bf704b] INFO  - [HiveMQ Platform Operator Init App 1.7.0-SNAPSHOT] Configuring the HiveMQ Platform
2025-01-29 13:59:29,277 INFO c.h.h.t.HelmChartContainer - [test-hivemq-platform] [hivemq] [01bf704b] INFO  - [HiveMQ Platform Operator Init App 1.7.0-SNAPSHOT] Changed logback.xml file scan period to 20 seconds
2025-01-29 13:59:29,310 INFO c.h.h.t.HelmChartContainer - [test-hivemq-platform] [hivemq] [01bf704b] INFO  - [HiveMQ Platform Operator Init App 1.7.0-SNAPSHOT] Starting the HiveMQ Platform
2025-01-29 13:59:29,376 INFO c.h.h.t.HelmChartContainer - [test-hivemq-platform] [hivemq] [01bf704b] -------------------------------------------------------------------------
2025-01-29 13:59:29,376 INFO c.h.h.t.HelmChartContainer - [test-hivemq-platform] [hivemq] [01bf704b] 
2025-01-29 13:59:29,376 INFO c.h.h.t.HelmChartContainer - [test-hivemq-platform] [hivemq] [01bf704b]                   _    _  _              __  __   ____
2025-01-29 13:59:29,376 INFO c.h.h.t.HelmChartContainer - [test-hivemq-platform] [hivemq] [01bf704b]                  | |  | |(_)            |  \/  | / __ \
2025-01-29 13:59:29,376 INFO c.h.h.t.HelmChartContainer - [test-hivemq-platform] [hivemq] [01bf704b]                  | |__| | _ __   __ ___ | \  / || |  | |
2025-01-29 13:59:29,376 INFO c.h.h.t.HelmChartContainer - [test-hivemq-platform] [hivemq] [01bf704b]                  |  __  || |\ \ / // _ \| |\/| || |  | |
2025-01-29 13:59:29,376 INFO c.h.h.t.HelmChartContainer - [test-hivemq-platform] [hivemq] [01bf704b]                  | |  | || | \ V /|  __/| |  | || |__| |
2025-01-29 13:59:29,376 INFO c.h.h.t.HelmChartContainer - [test-hivemq-platform] [hivemq] [01bf704b]                  |_|  |_||_|  \_/  \___||_|  |_| \___\_\
2025-01-29 13:59:29,376 INFO c.h.h.t.HelmChartContainer - [test-hivemq-platform] [hivemq] [01bf704b] 
2025-01-29 13:59:29,376 INFO c.h.h.t.HelmChartContainer - [test-hivemq-platform] [hivemq] [01bf704b] -------------------------------------------------------------------------
2025-01-29 13:59:29,376 INFO c.h.h.t.HelmChartContainer - [test-hivemq-platform] [hivemq] [01bf704b] 
2025-01-29 13:59:29,376 INFO c.h.h.t.HelmChartContainer - [test-hivemq-platform] [hivemq] [01bf704b]   HiveMQ Start Script for Linux/Unix v1.14
2025-01-29 13:59:29,376 INFO c.h.h.t.HelmChartContainer - [test-hivemq-platform] [hivemq] [01bf704b] 
2025-01-29 13:59:29,415 INFO c.h.h.t.HelmChartContainer - [test-hivemq-platform] [hivemq] [01bf704b] -------------------------------------------------------------------------
2025-01-29 13:59:29,415 INFO c.h.h.t.HelmChartContainer - [test-hivemq-platform] [hivemq] [01bf704b] 
2025-01-29 13:59:29,415 INFO c.h.h.t.HelmChartContainer - [test-hivemq-platform] [hivemq] [01bf704b]   HIVEMQ_HOME: /opt/hivemq
2025-01-29 13:59:29,415 INFO c.h.h.t.HelmChartContainer - [test-hivemq-platform] [hivemq] [01bf704b] 
2025-01-29 13:59:29,416 INFO c.h.h.t.HelmChartContainer - [test-hivemq-platform] [hivemq] [01bf704b]   JAVA_OPTS: -XX:+UnlockExperimentalVMOptions -XX:InitialRAMPercentage=50 -XX:MaxRAMPercentage=50 -Djava.net.preferIPv4Stack=true --add-opens java.base/java.lang=ALL-UNNAMED --add-opens java.base/java.nio=ALL-UNNAMED --add-opens java.base/sun.nio.ch=ALL-UNNAMED --add-opens jdk.management/com.sun.management.internal=ALL-UNNAMED --add-exports java.base/jdk.internal.misc=ALL-UNNAMED -Djava.security.egd=file:/dev/./urandom -Dcom.sun.management.jmxremote -Dcom.sun.management.jmxremote.port=9010 -Dcom.sun.management.jmxremote.local.only=false -Dcom.sun.management.jmxremote.authenticate=false -Dcom.sun.management.jmxremote.ssl=false -Duser.language=en -Duser.region=US -XX:+CrashOnOutOfMemoryError -XX:+HeapDumpOnOutOfMemoryError
2025-01-29 13:59:29,416 INFO c.h.h.t.HelmChartContainer - [test-hivemq-platform] [hivemq] [01bf704b] 
2025-01-29 13:59:29,416 INFO c.h.h.t.HelmChartContainer - [test-hivemq-platform] [hivemq] [01bf704b]   JAVA_VERSION: 21
2025-01-29 13:59:29,416 INFO c.h.h.t.HelmChartContainer - [test-hivemq-platform] [hivemq] [01bf704b] 
2025-01-29 13:59:29,416 INFO c.h.h.t.HelmChartContainer - [test-hivemq-platform] [hivemq] [01bf704b] -------------------------------------------------------------------------
2025-01-29 13:59:29,416 INFO c.h.h.t.HelmChartContainer - [test-hivemq-platform] [hivemq] [01bf704b] 
2025-01-29 13:59:29,981 INFO c.h.h.t.HelmChartContainer - [test-hivemq-platform] [hivemq] [01bf704b] INFO  - [HiveMQ Platform Operator Init App 1.7.0-SNAPSHOT] Returning default Health API response 503 for readiness
2025-01-29 13:59:30,379 INFO c.h.h.t.HelmChartContainer - [EVENT] Warning [Unhealthy] Readiness probe failed: HTTP probe failed with statuscode: 503 [helmrollingupgradeplatformit:test-hivemq-platform-0]
2025-01-29 13:59:30,379 INFO c.h.h.t.HelmChartContainer - Received Unhealthy event for container hivemq in pod test-hivemq-platform-0 [01bf704b-7b87-4f16-9c85-8173c0458c25]
2025-01-29 13:59:32,010 INFO c.h.h.t.HelmChartContainer - [test-hivemq-platform] [hivemq] [01bf704b] INFO  - Starting HiveMQ Enterprise Server
2025-01-29 13:59:32,077 INFO c.h.h.t.HelmChartContainer - [test-hivemq-platform] [hivemq] [01bf704b] INFO  - HiveMQ version: 4.35.0
2025-01-29 13:59:32,078 INFO c.h.h.t.HelmChartContainer - [test-hivemq-platform] [hivemq] [01bf704b] INFO  - HiveMQ home directory: /opt/hivemq
2025-01-29 13:59:32,078 INFO c.h.h.t.HelmChartContainer - [test-hivemq-platform] [hivemq] [01bf704b] INFO  - Log Configuration was overridden by /opt/hivemq/conf/logback.xml
2025-01-29 13:59:33,381 INFO c.h.h.t.HelmChartContainer - [test-hivemq-platform] [hivemq] [01bf704b] INFO  - Successfully loaded configuration from '/opt/hivemq/conf-k8s/config.xml'.
2025-01-29 13:59:33,905 INFO c.h.h.t.HelmChartContainer - [test-hivemq-platform] [hivemq] [01bf704b] INFO  - This node's ID is Pjcci
2025-01-29 13:59:33,906 INFO c.h.h.t.HelmChartContainer - [test-hivemq-platform] [hivemq] [01bf704b] INFO  - Clustering is enabled
2025-01-29 13:59:34,021 INFO c.h.h.t.HelmChartContainer - [hivemq-test-hivemq-platform] [hivemq-platform-operator] [5b920660] 13:59:34.017 [pool-6-thread-16] DEBUG c.h.p.o.d.PlatformServiceResource - [helmroll] Desired Platform services (3 services)
2025-01-29 13:59:34,021 INFO c.h.h.t.HelmChartContainer - [hivemq-test-hivemq-platform] [hivemq-platform-operator] [5b920660] 13:59:34.019 [pool-6-thread-17] DEBUG c.h.p.o.dependants.PodInfoConfigMap - [helmroll] Desired PodInfo ConfigMap (1 extensions) (1 enabled)
2025-01-29 13:59:34,021 INFO c.h.h.t.HelmChartContainer - [hivemq-test-hivemq-platform] [hivemq-platform-operator] [5b920660] 13:59:34.019 [pool-6-thread-17] DEBUG c.h.p.o.dependants.PodInfoConfigMap - [helmroll] Desired PodInfo ConfigMap (metrics port: 9399) (metrics path: /)
2025-01-29 13:59:34,021 INFO c.h.h.t.HelmChartContainer - [hivemq-test-hivemq-platform] [hivemq-platform-operator] [5b920660] 13:59:34.019 [pool-6-thread-17] DEBUG c.h.p.o.dependants.PodInfoConfigMap - [helmroll] Desired PodInfo ConfigMap (extension state hash: -1817474005)
2025-01-29 13:59:34,021 INFO c.h.h.t.HelmChartContainer - [hivemq-test-hivemq-platform] [hivemq-platform-operator] [5b920660] 13:59:34.020 [pool-6-thread-17] DEBUG c.h.p.o.d.PodServiceAccountResource - [helmroll] Desired PodServiceAccountResource (serviceAccountName: hivemq-platform-pod-test-hivemq-platform)
2025-01-29 13:59:34,027 INFO c.h.h.t.HelmChartContainer - [hivemq-test-hivemq-platform] [hivemq-platform-operator] [5b920660] 13:59:34.026 [pool-6-thread-20] DEBUG c.h.p.o.d.StatefulSetResource - [helmroll] Desired StatefulSet (1 replicas) for status STARTING (READY)
2025-01-29 13:59:34,031 INFO c.h.h.t.HelmChartContainer - [hivemq-test-hivemq-platform] [hivemq-platform-operator] [5b920660] 13:59:34.029 [ReconcilerExecutor-hivemq-controller-111] INFO  c.h.p.o.HiveMQPlatformReconciler - [helmroll] Reconciling HiveMQ Platform 'test-hivemq-platform' in namespace 'helmrollingupgradeplatformit'
2025-01-29 13:59:34,031 INFO c.h.h.t.HelmChartContainer - [hivemq-test-hivemq-platform] [hivemq-platform-operator] [5b920660] 13:59:34.029 [ReconcilerExecutor-hivemq-controller-111] DEBUG c.h.p.o.HiveMQPlatformReconciler - [helmroll] Custom Resource Status STARTING - HiveMQ Platform is starting (READY)
2025-01-29 13:59:34,031 INFO c.h.h.t.HelmChartContainer - [hivemq-test-hivemq-platform] [hivemq-platform-operator] [5b920660] 13:59:34.029 [ReconcilerExecutor-hivemq-controller-111] DEBUG c.h.p.o.HiveMQPlatformReconciler - [helmroll] Custom Resource Spec (replicas: 1) (extensions: 1)
2025-01-29 13:59:34,032 INFO c.h.h.t.HelmChartContainer - [hivemq-test-hivemq-platform] [hivemq-platform-operator] [5b920660] 13:59:34.031 [ReconcilerExecutor-hivemq-controller-111] DEBUG c.h.p.o.HiveMQPlatformReconciler - [helmroll] StatefulSet Status (revision: test-hivemq-platform-54c4467984, replicas: 1, available: 0, ready: 0, current: 1, updated: 1)
2025-01-29 13:59:34,033 INFO c.h.h.t.HelmChartContainer - [hivemq-test-hivemq-platform] [hivemq-platform-operator] [5b920660] 13:59:34.031 [ReconcilerExecutor-hivemq-controller-111] DEBUG c.h.p.o.HiveMQPlatformReconciler - [helmroll] StatefulSet Spec (replicas: 1, init containers: 1, containers: 1, volumes: 3)
2025-01-29 13:59:34,034 INFO c.h.h.t.HelmChartContainer - [hivemq-test-hivemq-platform] [hivemq-platform-operator] [5b920660] 13:59:34.033 [ReconcilerExecutor-hivemq-controller-111] DEBUG c.h.p.o.h.HiveMQPlatformReconcilerErrorHandler - [helmroll] Pod 'test-hivemq-platform-0' phase Running
2025-01-29 13:59:34,035 INFO c.h.h.t.HelmChartContainer - [hivemq-test-hivemq-platform] [hivemq-platform-operator] [5b920660] 13:59:34.034 [ReconcilerExecutor-hivemq-controller-111] INFO  c.h.p.o.h.HiveMQPlatformReconcilerBaseHandler - [helmroll] HiveMQ Platform is starting, 0 of 1 replicas are ready
2025-01-29 13:59:35,407 INFO c.h.h.t.HelmChartContainer - [test-hivemq-platform] [hivemq] [01bf704b] WARN  - [HiveMQ Platform Operator Init App 1.7.0-SNAPSHOT] Cannot connect to Health API for readiness: null
2025-01-29 13:59:35,411 INFO c.h.h.t.HelmChartContainer - [EVENT] Warning [Unhealthy] Readiness probe failed: HTTP probe failed with statuscode: 503 [helmrollingupgradeplatformit:test-hivemq-platform-0]
2025-01-29 13:59:35,411 INFO c.h.h.t.HelmChartContainer - Received Unhealthy event for container hivemq in pod test-hivemq-platform-0 [01bf704b-7b87-4f16-9c85-8173c0458c25]
2025-01-29 13:59:39,381 INFO c.h.h.t.HelmChartContainer - [test-hivemq-platform] [hivemq] [01bf704b] Jan 29, 2025 1:59:39 PM io.vertx.core.impl.BlockedThreadChecker
2025-01-29 13:59:39,381 INFO c.h.h.t.HelmChartContainer - [test-hivemq-platform] [hivemq] [01bf704b] WARNING: Thread Thread[vert.x-eventloop-thread-1,5,main] has been blocked for 2895 ms, time limit is 2000 ms
2025-01-29 13:59:39,982 INFO c.h.h.t.HelmChartContainer - [test-hivemq-platform] [hivemq] [01bf704b] WARN  - [HiveMQ Platform Operator Init App 1.7.0-SNAPSHOT] Cannot connect to Health API for readiness: null
2025-01-29 13:59:39,987 INFO c.h.h.t.HelmChartContainer - [EVENT] Warning [Unhealthy] Readiness probe failed: HTTP probe failed with statuscode: 503 [helmrollingupgradeplatformit:test-hivemq-platform-0]
2025-01-29 13:59:39,987 INFO c.h.h.t.HelmChartContainer - Received Unhealthy event for container hivemq in pod test-hivemq-platform-0 [01bf704b-7b87-4f16-9c85-8173c0458c25]
2025-01-29 13:59:40,004 INFO c.h.h.t.HelmChartContainer - [test-hivemq-platform] [hivemq] [01bf704b] INFO  - [HiveMQ Platform Operator Init App 1.7.0-SNAPSHOT] Updating Pod HiveMQ Platform Operator Init App version annotation (version: 1.7.0-SNAPSHOT)
2025-01-29 13:59:40,614 INFO c.h.h.t.HelmChartContainer - [POD] test-hivemq-platform-0 [01bf704b-7b87-4f16-9c85-8173c0458c25] in helmrollingupgradeplatformit was MODIFIED
2025-01-29 13:59:40,622 INFO c.h.h.t.HelmChartContainer - [hivemq-test-hivemq-platform] [hivemq-platform-operator] [5b920660] 13:59:40.619 [pool-6-thread-26] DEBUG c.h.p.o.d.PlatformServiceResource - [helmroll] Desired Platform services (3 services)
2025-01-29 13:59:40,622 INFO c.h.h.t.HelmChartContainer - [hivemq-test-hivemq-platform] [hivemq-platform-operator] [5b920660] 13:59:40.620 [pool-6-thread-23] DEBUG c.h.p.o.d.PodServiceAccountResource - [helmroll] Desired PodServiceAccountResource (serviceAccountName: hivemq-platform-pod-test-hivemq-platform)
2025-01-29 13:59:40,624 INFO c.h.h.t.HelmChartContainer - [hivemq-test-hivemq-platform] [hivemq-platform-operator] [5b920660] 13:59:40.623 [pool-6-thread-25] DEBUG c.h.p.o.dependants.PodInfoConfigMap - [helmroll] Desired PodInfo ConfigMap (1 extensions) (1 enabled)
2025-01-29 13:59:40,625 INFO c.h.h.t.HelmChartContainer - [hivemq-test-hivemq-platform] [hivemq-platform-operator] [5b920660] 13:59:40.623 [pool-6-thread-25] DEBUG c.h.p.o.dependants.PodInfoConfigMap - [helmroll] Desired PodInfo ConfigMap (metrics port: 9399) (metrics path: /)
2025-01-29 13:59:40,626 INFO c.h.h.t.HelmChartContainer - [hivemq-test-hivemq-platform] [hivemq-platform-operator] [5b920660] 13:59:40.623 [pool-6-thread-25] DEBUG c.h.p.o.dependants.PodInfoConfigMap - [helmroll] Desired PodInfo ConfigMap (extension state hash: -1817474005)
2025-01-29 13:59:40,629 INFO c.h.h.t.HelmChartContainer - [hivemq-test-hivemq-platform] [hivemq-platform-operator] [5b920660] 13:59:40.628 [pool-6-thread-29] DEBUG c.h.p.o.d.StatefulSetResource - [helmroll] Desired StatefulSet (1 replicas) for status STARTING (READY)
2025-01-29 13:59:40,682 INFO c.h.h.t.HelmChartContainer - [test-hivemq-platform] [hivemq] [01bf704b] WARN  - [HiveMQ Platform Operator Init App 1.7.0-SNAPSHOT] Cannot connect to Health API for readiness: null
2025-01-29 13:59:40,684 INFO c.h.h.t.HelmChartContainer - [test-hivemq-platform] [hivemq] [01bf704b] INFO  - [HiveMQ Platform Operator Init App 1.7.0-SNAPSHOT] Successfully updated Pod HiveMQ Platform Operator Init App version annotation (version: 1.7.0-SNAPSHOT)
2025-01-29 13:59:40,687 INFO c.h.h.t.HelmChartContainer - [EVENT] Warning [Unhealthy] Readiness probe failed: HTTP probe failed with statuscode: 503 [helmrollingupgradeplatformit:test-hivemq-platform-0]
2025-01-29 13:59:40,687 INFO c.h.h.t.HelmChartContainer - Received Unhealthy event for container hivemq in pod test-hivemq-platform-0 [01bf704b-7b87-4f16-9c85-8173c0458c25]
2025-01-29 13:59:40,710 INFO c.h.h.t.HelmChartContainer - [hivemq-test-hivemq-platform] [hivemq-platform-operator] [5b920660] 13:59:40.708 [ReconcilerExecutor-hivemq-controller-112] INFO  c.h.p.o.HiveMQPlatformReconciler - [helmroll] Reconciling HiveMQ Platform 'test-hivemq-platform' in namespace 'helmrollingupgradeplatformit'
2025-01-29 13:59:40,710 INFO c.h.h.t.HelmChartContainer - [hivemq-test-hivemq-platform] [hivemq-platform-operator] [5b920660] 13:59:40.708 [ReconcilerExecutor-hivemq-controller-112] DEBUG c.h.p.o.HiveMQPlatformReconciler - [helmroll] Custom Resource Status STARTING - HiveMQ Platform is starting (READY)
2025-01-29 13:59:40,711 INFO c.h.h.t.HelmChartContainer - [hivemq-test-hivemq-platform] [hivemq-platform-operator] [5b920660] 13:59:40.708 [ReconcilerExecutor-hivemq-controller-112] DEBUG c.h.p.o.HiveMQPlatformReconciler - [helmroll] Custom Resource Spec (replicas: 1) (extensions: 1)
2025-01-29 13:59:40,711 INFO c.h.h.t.HelmChartContainer - [hivemq-test-hivemq-platform] [hivemq-platform-operator] [5b920660] 13:59:40.710 [ReconcilerExecutor-hivemq-controller-112] DEBUG c.h.p.o.HiveMQPlatformReconciler - [helmroll] StatefulSet Status (revision: test-hivemq-platform-54c4467984, replicas: 1, available: 0, ready: 0, current: 1, updated: 1)
2025-01-29 13:59:40,711 INFO c.h.h.t.HelmChartContainer - [hivemq-test-hivemq-platform] [hivemq-platform-operator] [5b920660] 13:59:40.710 [ReconcilerExecutor-hivemq-controller-112] DEBUG c.h.p.o.HiveMQPlatformReconciler - [helmroll] StatefulSet Spec (replicas: 1, init containers: 1, containers: 1, volumes: 3)
2025-01-29 13:59:40,774 INFO c.h.h.t.HelmChartContainer - [hivemq-test-hivemq-platform] [hivemq-platform-operator] [5b920660] 13:59:40.713 [ReconcilerExecutor-hivemq-controller-112] DEBUG c.h.p.o.h.HiveMQPlatformReconcilerErrorHandler - [helmroll] Pod 'test-hivemq-platform-0' phase Running
2025-01-29 13:59:40,774 INFO c.h.h.t.HelmChartContainer - [hivemq-test-hivemq-platform] [hivemq-platform-operator] [5b920660] 13:59:40.713 [ReconcilerExecutor-hivemq-controller-112] INFO  c.h.p.o.h.HiveMQPlatformReconcilerBaseHandler - [helmroll] HiveMQ Platform is starting, 0 of 1 replicas are ready
2025-01-29 13:59:43,087 INFO c.h.h.t.HelmChartContainer - [test-hivemq-platform] [hivemq] [01bf704b] WARN  - [HiveMQ Platform Operator Init App 1.7.0-SNAPSHOT] Cannot connect to Health API for liveness: null
2025-01-29 13:59:43,088 INFO c.h.h.t.HelmChartContainer - [test-hivemq-platform] [hivemq] [01bf704b] INFO  - [HiveMQ Platform Operator Init App 1.7.0-SNAPSHOT] Returning default Health API response 200 for liveness
2025-01-29 13:59:45,679 INFO c.h.h.t.HelmChartContainer - [test-hivemq-platform] [hivemq] [01bf704b] WARN  - [HiveMQ Platform Operator Init App 1.7.0-SNAPSHOT] Cannot connect to Health API for readiness: null
2025-01-29 13:59:45,686 INFO c.h.h.t.HelmChartContainer - [EVENT] Warning [Unhealthy] Readiness probe failed: HTTP probe failed with statuscode: 503 [helmrollingupgradeplatformit:test-hivemq-platform-0]
2025-01-29 13:59:45,686 INFO c.h.h.t.HelmChartContainer - Received Unhealthy event for container hivemq in pod test-hivemq-platform-0 [01bf704b-7b87-4f16-9c85-8173c0458c25]
2025-01-29 13:59:50,678 INFO c.h.h.t.HelmChartContainer - [test-hivemq-platform] [hivemq] [01bf704b] WARN  - [HiveMQ Platform Operator Init App 1.7.0-SNAPSHOT] Cannot connect to Health API for readiness: null
2025-01-29 13:59:50,682 INFO c.h.h.t.HelmChartContainer - [EVENT] Warning [Unhealthy] Readiness probe failed: HTTP probe failed with statuscode: 503 [helmrollingupgradeplatformit:test-hivemq-platform-0]
2025-01-29 13:59:50,682 INFO c.h.h.t.HelmChartContainer - Received Unhealthy event for container hivemq in pod test-hivemq-platform-0 [01bf704b-7b87-4f16-9c85-8173c0458c25]
2025-01-29 13:59:50,719 INFO c.h.h.t.HelmChartContainer - [hivemq-test-hivemq-platform] [hivemq-platform-operator] [5b920660] 13:59:50.718 [pool-6-thread-36] DEBUG c.h.p.o.d.PlatformServiceResource - [helmroll] Desired Platform services (3 services)
2025-01-29 13:59:50,721 INFO c.h.h.t.HelmChartContainer - [hivemq-test-hivemq-platform] [hivemq-platform-operator] [5b920660] 13:59:50.718 [pool-6-thread-31] DEBUG c.h.p.o.dependants.PodInfoConfigMap - [helmroll] Desired PodInfo ConfigMap (1 extensions) (1 enabled)
2025-01-29 13:59:50,721 INFO c.h.h.t.HelmChartContainer - [hivemq-test-hivemq-platform] [hivemq-platform-operator] [5b920660] 13:59:50.718 [pool-6-thread-31] DEBUG c.h.p.o.dependants.PodInfoConfigMap - [helmroll] Desired PodInfo ConfigMap (metrics port: 9399) (metrics path: /)
2025-01-29 13:59:50,721 INFO c.h.h.t.HelmChartContainer - [hivemq-test-hivemq-platform] [hivemq-platform-operator] [5b920660] 13:59:50.718 [pool-6-thread-31] DEBUG c.h.p.o.dependants.PodInfoConfigMap - [helmroll] Desired PodInfo ConfigMap (extension state hash: -1817474005)
2025-01-29 13:59:50,723 INFO c.h.h.t.HelmChartContainer - [hivemq-test-hivemq-platform] [hivemq-platform-operator] [5b920660] 13:59:50.720 [pool-6-thread-34] DEBUG c.h.p.o.d.PodServiceAccountResource - [helmroll] Desired PodServiceAccountResource (serviceAccountName: hivemq-platform-pod-test-hivemq-platform)
2025-01-29 13:59:50,726 INFO c.h.h.t.HelmChartContainer - [hivemq-test-hivemq-platform] [hivemq-platform-operator] [5b920660] 13:59:50.724 [pool-6-thread-35] DEBUG c.h.p.o.d.StatefulSetResource - [helmroll] Desired StatefulSet (1 replicas) for status STARTING (READY)
2025-01-29 13:59:50,729 INFO c.h.h.t.HelmChartContainer - [hivemq-test-hivemq-platform] [hivemq-platform-operator] [5b920660] 13:59:50.728 [ReconcilerExecutor-hivemq-controller-113] INFO  c.h.p.o.HiveMQPlatformReconciler - [helmroll] Reconciling HiveMQ Platform 'test-hivemq-platform' in namespace 'helmrollingupgradeplatformit'
2025-01-29 13:59:50,729 INFO c.h.h.t.HelmChartContainer - [hivemq-test-hivemq-platform] [hivemq-platform-operator] [5b920660] 13:59:50.728 [ReconcilerExecutor-hivemq-controller-113] DEBUG c.h.p.o.HiveMQPlatformReconciler - [helmroll] Custom Resource Status STARTING - HiveMQ Platform is starting (READY)
2025-01-29 13:59:50,729 INFO c.h.h.t.HelmChartContainer - [hivemq-test-hivemq-platform] [hivemq-platform-operator] [5b920660] 13:59:50.728 [ReconcilerExecutor-hivemq-controller-113] DEBUG c.h.p.o.HiveMQPlatformReconciler - [helmroll] Custom Resource Spec (replicas: 1) (extensions: 1)
2025-01-29 13:59:50,730 INFO c.h.h.t.HelmChartContainer - [hivemq-test-hivemq-platform] [hivemq-platform-operator] [5b920660] 13:59:50.729 [ReconcilerExecutor-hivemq-controller-113] DEBUG c.h.p.o.HiveMQPlatformReconciler - [helmroll] StatefulSet Status (revision: test-hivemq-platform-54c4467984, replicas: 1, available: 0, ready: 0, current: 1, updated: 1)
2025-01-29 13:59:50,730 INFO c.h.h.t.HelmChartContainer - [hivemq-test-hivemq-platform] [hivemq-platform-operator] [5b920660] 13:59:50.730 [ReconcilerExecutor-hivemq-controller-113] DEBUG c.h.p.o.HiveMQPlatformReconciler - [helmroll] StatefulSet Spec (replicas: 1, init containers: 1, containers: 1, volumes: 3)
2025-01-29 13:59:50,732 INFO c.h.h.t.HelmChartContainer - [hivemq-test-hivemq-platform] [hivemq-platform-operator] [5b920660] 13:59:50.731 [ReconcilerExecutor-hivemq-controller-113] DEBUG c.h.p.o.h.HiveMQPlatformReconcilerErrorHandler - [helmroll] Pod 'test-hivemq-platform-0' phase Running
2025-01-29 13:59:50,733 INFO c.h.h.t.HelmChartContainer - [hivemq-test-hivemq-platform] [hivemq-platform-operator] [5b920660] 13:59:50.732 [ReconcilerExecutor-hivemq-controller-113] INFO  c.h.p.o.h.HiveMQPlatformReconcilerBaseHandler - [helmroll] HiveMQ Platform is starting, 0 of 1 replicas are ready
2025-01-29 13:59:51,218 INFO c.h.h.t.HelmChartContainer - [test-hivemq-platform] [hivemq] [01bf704b] INFO  - No valid license file found. Using trial license, restricted to 25 connections.
2025-01-29 13:59:53,233 INFO c.h.h.t.HelmChartContainer - [K3S] [range_allocator.go:247] "Successfully synced" key="c7a6e7e9301f"
2025-01-29 13:59:53,708 INFO c.h.h.t.HelmChartContainer - [test-hivemq-platform] [hivemq] [01bf704b] INFO  - No valid license file for Data Hub found. Using free license, restricted to 1 policy.
2025-01-29 13:59:54,580 INFO c.h.h.t.HelmChartContainer - [test-hivemq-platform] [hivemq] [01bf704b] INFO  - Audit Logger started.
2025-01-29 13:59:54,893 INFO c.h.h.t.HelmChartContainer - [test-hivemq-platform] [hivemq] [01bf704b] INFO  - This node uses '1' CPU cores.
2025-01-29 13:59:54,908 INFO c.h.h.t.HelmChartContainer - [test-hivemq-platform] [hivemq] [01bf704b] INFO  - Starting HiveMQ Health API on address 0.0.0.0 and port 8889
2025-01-29 13:59:55,706 INFO c.h.h.t.HelmChartContainer - [test-hivemq-platform] [hivemq] [01bf704b] WARN  - [HiveMQ Platform Operator Init App 1.7.0-SNAPSHOT] Cannot connect to Health API for readiness: null
2025-01-29 13:59:55,711 INFO c.h.h.t.HelmChartContainer - [EVENT] Warning [Unhealthy] Readiness probe failed: HTTP probe failed with statuscode: 503 [helmrollingupgradeplatformit:test-hivemq-platform-0]
2025-01-29 13:59:55,711 INFO c.h.h.t.HelmChartContainer - Received Unhealthy event for container hivemq in pod test-hivemq-platform-0 [01bf704b-7b87-4f16-9c85-8173c0458c25]
2025-01-29 13:59:55,812 INFO c.h.h.t.HelmChartContainer - [test-hivemq-platform] [hivemq] [01bf704b] INFO  - Started HiveMQ Health API in 904ms
2025-01-29 13:59:55,876 INFO c.h.h.t.HelmChartContainer - [test-hivemq-platform] [hivemq] [01bf704b] INFO  - Starting HiveMQ extension system.
2025-01-29 13:59:56,180 INFO c.h.h.t.HelmChartContainer - [test-hivemq-platform] [hivemq] [01bf704b] INFO  - Starting extension with id "hivemq-dns-cluster-discovery" at /opt/hivemq/extensions/hivemq-dns-cluster-discovery
2025-01-29 13:59:56,710 INFO c.h.h.t.HelmChartContainer - [test-hivemq-platform] [hivemq] [01bf704b] INFO  - Extension "DNS Cluster Discovery Extension" version 4.3.2 started successfully.
2025-01-29 13:59:56,776 INFO c.h.h.t.HelmChartContainer - [test-hivemq-platform] [hivemq] [01bf704b] INFO  - Starting extension with id "hivemq-prometheus-extension" at /opt/hivemq/extensions/hivemq-prometheus-extension
2025-01-29 13:59:56,777 INFO c.h.h.t.HelmChartContainer - [test-hivemq-platform] [hivemq] [01bf704b] INFO  - Using TCP cluster transport on address 10.42.0.16 and port 7000
2025-01-29 13:59:56,780 INFO c.h.h.t.HelmChartContainer - [test-hivemq-platform] [hivemq] [01bf704b] INFO  - Using extension cluster discovery
2025-01-29 13:59:57,776 INFO c.h.h.t.HelmChartContainer - [test-hivemq-platform] [hivemq] [01bf704b] INFO  - Started Jetty Server exposing Prometheus Servlet on URI http://0.0.0.0:9399/
2025-01-29 13:59:57,776 INFO c.h.h.t.HelmChartContainer - [test-hivemq-platform] [hivemq] [01bf704b] INFO  - Extension "Prometheus Monitoring Extension" version 4.0.12 started successfully.
2025-01-29 13:59:57,776 INFO c.h.h.t.HelmChartContainer - [test-hivemq-platform] [hivemq] [01bf704b] INFO  - Starting extension with id "hivemq-allow-all-extension" at /opt/hivemq/extensions/hivemq-allow-all-extension
2025-01-29 13:59:57,778 INFO c.h.h.t.HelmChartContainer - [test-hivemq-platform] [hivemq] [01bf704b] WARN  - 
2025-01-29 13:59:57,778 INFO c.h.h.t.HelmChartContainer - [test-hivemq-platform] [hivemq] [01bf704b] ################################################################################################################
2025-01-29 13:59:57,778 INFO c.h.h.t.HelmChartContainer - [test-hivemq-platform] [hivemq] [01bf704b] # This HiveMQ deployment is not secure! You are lacking Authentication and Authorization.                      #
2025-01-29 13:59:57,778 INFO c.h.h.t.HelmChartContainer - [test-hivemq-platform] [hivemq] [01bf704b] # Right now any MQTT client can connect to the broker with a full set of permissions.                          #
2025-01-29 13:59:57,778 INFO c.h.h.t.HelmChartContainer - [test-hivemq-platform] [hivemq] [01bf704b] # For production usage, add an appropriate security extension and remove the hivemq-allow-all extension.       #
2025-01-29 13:59:57,778 INFO c.h.h.t.HelmChartContainer - [test-hivemq-platform] [hivemq] [01bf704b] # You can download security extensions from the HiveMQ Marketplace (https://www.hivemq.com/extensions/).       #
2025-01-29 13:59:57,778 INFO c.h.h.t.HelmChartContainer - [test-hivemq-platform] [hivemq] [01bf704b] ################################################################################################################
2025-01-29 13:59:57,778 INFO c.h.h.t.HelmChartContainer - [test-hivemq-platform] [hivemq] [01bf704b] INFO  - Extension "Allow All Extension" version 1.1.0 started successfully.
2025-01-29 13:59:59,807 INFO c.h.h.t.HelmChartContainer - [test-hivemq-platform] [hivemq] [01bf704b] INFO  - Pjcci: no members discovered after 2398 ms: creating cluster as first member
2025-01-29 13:59:59,813 INFO c.h.h.t.HelmChartContainer - [test-hivemq-platform] [hivemq] [01bf704b] INFO  - Cluster nodes found by discovery: [Pjcci|0] (1) [Pjcci].
2025-01-29 13:59:59,908 INFO c.h.h.t.HelmChartContainer - [test-hivemq-platform] [hivemq] [01bf704b] INFO  - No user for HiveMQ Control Center configured. Starting with default user
2025-01-29 13:59:59,909 INFO c.h.h.t.HelmChartContainer - [test-hivemq-platform] [hivemq] [01bf704b] INFO  - Starting HiveMQ Control Center on address 0.0.0.0 and port 8080
2025-01-29 13:59:59,915 INFO c.h.h.t.HelmChartContainer - [test-hivemq-platform] [hivemq] [01bf704b] INFO  - Mounting HiveMQ Control Center V2 Preview
2025-01-29 14:00:00,517 INFO c.h.h.t.HelmChartContainer - [test-hivemq-platform] [hivemq] [01bf704b] INFO  - Started HiveMQ Control Center in 609ms
2025-01-29 14:00:00,608 INFO c.h.h.t.HelmChartContainer - [test-hivemq-platform] [hivemq] [01bf704b] INFO  - Starting TCP listener on address 0.0.0.0 and port 1883
2025-01-29 14:00:00,706 INFO c.h.h.t.HelmChartContainer - [test-hivemq-platform] [hivemq] [01bf704b] INFO  - Started TCP Listener on address 0.0.0.0 and on port 1883.
2025-01-29 14:00:00,706 INFO c.h.h.t.HelmChartContainer - [test-hivemq-platform] [hivemq] [01bf704b] INFO  - Started HiveMQ in 29024ms
2025-01-29 14:00:00,738 INFO c.h.h.t.HelmChartContainer - [hivemq-test-hivemq-platform] [hivemq-platform-operator] [5b920660] 14:00:00.736 [pool-6-thread-47] DEBUG c.h.p.o.d.PlatformServiceResource - [helmroll] Desired Platform services (3 services)
2025-01-29 14:00:00,739 INFO c.h.h.t.HelmChartContainer - [hivemq-test-hivemq-platform] [hivemq-platform-operator] [5b920660] 14:00:00.737 [pool-6-thread-48] DEBUG c.h.p.o.d.PodServiceAccountResource - [helmroll] Desired PodServiceAccountResource (serviceAccountName: hivemq-platform-pod-test-hivemq-platform)
2025-01-29 14:00:00,740 INFO c.h.h.t.HelmChartContainer - [hivemq-test-hivemq-platform] [hivemq-platform-operator] [5b920660] 14:00:00.737 [pool-6-thread-46] DEBUG c.h.p.o.dependants.PodInfoConfigMap - [helmroll] Desired PodInfo ConfigMap (1 extensions) (1 enabled)
2025-01-29 14:00:00,742 INFO c.h.h.t.HelmChartContainer - [hivemq-test-hivemq-platform] [hivemq-platform-operator] [5b920660] 14:00:00.740 [pool-6-thread-46] DEBUG c.h.p.o.dependants.PodInfoConfigMap - [helmroll] Desired PodInfo ConfigMap (metrics port: 9399) (metrics path: /)
2025-01-29 14:00:00,742 INFO c.h.h.t.HelmChartContainer - [hivemq-test-hivemq-platform] [hivemq-platform-operator] [5b920660] 14:00:00.740 [pool-6-thread-46] DEBUG c.h.p.o.dependants.PodInfoConfigMap - [helmroll] Desired PodInfo ConfigMap (extension state hash: -1817474005)
2025-01-29 14:00:00,743 INFO c.h.h.t.HelmChartContainer - [hivemq-test-hivemq-platform] [hivemq-platform-operator] [5b920660] 14:00:00.743 [pool-6-thread-47] DEBUG c.h.p.o.d.StatefulSetResource - [helmroll] Desired StatefulSet (1 replicas) for status STARTING (READY)
2025-01-29 14:00:00,754 INFO c.h.h.t.HelmChartContainer - [hivemq-test-hivemq-platform] [hivemq-platform-operator] [5b920660] 14:00:00.753 [ReconcilerExecutor-hivemq-controller-114] INFO  c.h.p.o.HiveMQPlatformReconciler - [helmroll] Reconciling HiveMQ Platform 'test-hivemq-platform' in namespace 'helmrollingupgradeplatformit'
2025-01-29 14:00:00,754 INFO c.h.h.t.HelmChartContainer - [hivemq-test-hivemq-platform] [hivemq-platform-operator] [5b920660] 14:00:00.753 [ReconcilerExecutor-hivemq-controller-114] DEBUG c.h.p.o.HiveMQPlatformReconciler - [helmroll] Custom Resource Status STARTING - HiveMQ Platform is starting (READY)
2025-01-29 14:00:00,754 INFO c.h.h.t.HelmChartContainer - [hivemq-test-hivemq-platform] [hivemq-platform-operator] [5b920660] 14:00:00.753 [ReconcilerExecutor-hivemq-controller-114] DEBUG c.h.p.o.HiveMQPlatformReconciler - [helmroll] Custom Resource Spec (replicas: 1) (extensions: 1)
2025-01-29 14:00:00,755 INFO c.h.h.t.HelmChartContainer - [hivemq-test-hivemq-platform] [hivemq-platform-operator] [5b920660] 14:00:00.754 [ReconcilerExecutor-hivemq-controller-114] DEBUG c.h.p.o.HiveMQPlatformReconciler - [helmroll] StatefulSet Status (revision: test-hivemq-platform-54c4467984, replicas: 1, available: 0, ready: 0, current: 1, updated: 1)
2025-01-29 14:00:00,755 INFO c.h.h.t.HelmChartContainer - [hivemq-test-hivemq-platform] [hivemq-platform-operator] [5b920660] 14:00:00.754 [ReconcilerExecutor-hivemq-controller-114] DEBUG c.h.p.o.HiveMQPlatformReconciler - [helmroll] StatefulSet Spec (replicas: 1, init containers: 1, containers: 1, volumes: 3)
2025-01-29 14:00:00,757 INFO c.h.h.t.HelmChartContainer - [hivemq-test-hivemq-platform] [hivemq-platform-operator] [5b920660] 14:00:00.756 [ReconcilerExecutor-hivemq-controller-114] DEBUG c.h.p.o.h.HiveMQPlatformReconcilerErrorHandler - [helmroll] Pod 'test-hivemq-platform-0' phase Running
2025-01-29 14:00:00,806 INFO c.h.h.t.HelmChartContainer - [hivemq-test-hivemq-platform] [hivemq-platform-operator] [5b920660] 14:00:00.757 [ReconcilerExecutor-hivemq-controller-114] INFO  c.h.p.o.h.HiveMQPlatformReconcilerBaseHandler - [helmroll] HiveMQ Platform is starting, 0 of 1 replicas are ready
2025-01-29 14:00:01,207 INFO c.h.h.t.HelmChartContainer - [test-hivemq-platform] [hivemq] [01bf704b] INFO  - [HiveMQ Platform Operator Init App 1.7.0-SNAPSHOT] Returning Health API response 200 for readiness
2025-01-29 14:00:01,219 INFO c.h.h.t.HelmChartContainer - [POD] test-hivemq-platform-0 [01bf704b-7b87-4f16-9c85-8173c0458c25] in helmrollingupgradeplatformit was MODIFIED
2025-01-29 14:00:01,234 INFO c.h.h.t.HelmChartContainer - [hivemq-test-hivemq-platform] [hivemq-platform-operator] [5b920660] 14:00:01.227 [pool-6-thread-3] DEBUG c.h.p.o.d.PlatformServiceResource - [helmroll] Desired Platform services (3 services)
2025-01-29 14:00:01,234 INFO c.h.h.t.HelmChartContainer - [hivemq-test-hivemq-platform] [hivemq-platform-operator] [5b920660] 14:00:01.232 [pool-6-thread-3] DEBUG c.h.p.o.dependants.PodInfoConfigMap - [helmroll] Desired PodInfo ConfigMap (1 extensions) (1 enabled)
2025-01-29 14:00:01,243 INFO c.h.h.t.HelmChartContainer - [hivemq-test-hivemq-platform] [hivemq-platform-operator] [5b920660] 14:00:01.233 [pool-6-thread-5] DEBUG c.h.p.o.d.PodServiceAccountResource - [helmroll] Desired PodServiceAccountResource (serviceAccountName: hivemq-platform-pod-test-hivemq-platform)
2025-01-29 14:00:01,243 INFO c.h.h.t.HelmChartContainer - [hivemq-test-hivemq-platform] [hivemq-platform-operator] [5b920660] 14:00:01.237 [pool-6-thread-3] DEBUG c.h.p.o.dependants.PodInfoConfigMap - [helmroll] Desired PodInfo ConfigMap (metrics port: 9399) (metrics path: /)
2025-01-29 14:00:01,243 INFO c.h.h.t.HelmChartContainer - [hivemq-test-hivemq-platform] [hivemq-platform-operator] [5b920660] 14:00:01.237 [pool-6-thread-3] DEBUG c.h.p.o.dependants.PodInfoConfigMap - [helmroll] Desired PodInfo ConfigMap (extension state hash: -1817474005)
2025-01-29 14:00:01,243 INFO c.h.h.t.HelmChartContainer - [hivemq-test-hivemq-platform] [hivemq-platform-operator] [5b920660] 14:00:01.239 [pool-6-thread-3] DEBUG c.h.p.o.d.StatefulSetResource - [helmroll] Desired StatefulSet (1 replicas) for status STARTING (READY)
2025-01-29 14:00:01,244 INFO c.h.h.t.HelmChartContainer - [hivemq-test-hivemq-platform] [hivemq-platform-operator] [5b920660] 14:00:01.243 [ReconcilerExecutor-hivemq-controller-115] INFO  c.h.p.o.HiveMQPlatformReconciler - [helmroll] Reconciling HiveMQ Platform 'test-hivemq-platform' in namespace 'helmrollingupgradeplatformit'
2025-01-29 14:00:01,244 INFO c.h.h.t.HelmChartContainer - [hivemq-test-hivemq-platform] [hivemq-platform-operator] [5b920660] 14:00:01.243 [ReconcilerExecutor-hivemq-controller-115] DEBUG c.h.p.o.HiveMQPlatformReconciler - [helmroll] Custom Resource Status STARTING - HiveMQ Platform is starting (READY)
2025-01-29 14:00:01,244 INFO c.h.h.t.HelmChartContainer - [hivemq-test-hivemq-platform] [hivemq-platform-operator] [5b920660] 14:00:01.243 [ReconcilerExecutor-hivemq-controller-115] DEBUG c.h.p.o.HiveMQPlatformReconciler - [helmroll] Custom Resource Spec (replicas: 1) (extensions: 1)
2025-01-29 14:00:01,246 INFO c.h.h.t.HelmChartContainer - [hivemq-test-hivemq-platform] [hivemq-platform-operator] [5b920660] 14:00:01.245 [ReconcilerExecutor-hivemq-controller-115] DEBUG c.h.p.o.HiveMQPlatformReconciler - [helmroll] StatefulSet Status (revision: test-hivemq-platform-54c4467984, replicas: 1, available: 0, ready: 0, current: 1, updated: 1)
2025-01-29 14:00:01,246 INFO c.h.h.t.HelmChartContainer - [hivemq-test-hivemq-platform] [hivemq-platform-operator] [5b920660] 14:00:01.245 [ReconcilerExecutor-hivemq-controller-115] DEBUG c.h.p.o.HiveMQPlatformReconciler - [helmroll] StatefulSet Spec (replicas: 1, init containers: 1, containers: 1, volumes: 3)
2025-01-29 14:00:01,307 INFO c.h.h.t.HelmChartContainer - [hivemq-test-hivemq-platform] [hivemq-platform-operator] [5b920660] 14:00:01.304 [ReconcilerExecutor-hivemq-controller-115] DEBUG c.h.p.o.h.HiveMQPlatformReconcilerErrorHandler - [helmroll] Pod 'test-hivemq-platform-0' phase Running
2025-01-29 14:00:01,307 INFO c.h.h.t.HelmChartContainer - [hivemq-test-hivemq-platform] [hivemq-platform-operator] [5b920660] 14:00:01.305 [ReconcilerExecutor-hivemq-controller-115] INFO  c.h.p.o.h.HiveMQPlatformReconcilerBaseHandler - [helmroll] HiveMQ Platform is starting, 0 of 1 replicas are ready
2025-01-29 14:00:01,310 INFO c.h.h.t.HelmChartContainer - [hivemq-test-hivemq-platform] [hivemq-platform-operator] [5b920660] 14:00:01.309 [pool-6-thread-19] DEBUG c.h.p.o.d.PlatformServiceResource - [helmroll] Desired Platform services (3 services)
2025-01-29 14:00:01,313 INFO c.h.h.t.HelmChartContainer - [hivemq-test-hivemq-platform] [hivemq-platform-operator] [5b920660] 14:00:01.310 [pool-6-thread-14] DEBUG c.h.p.o.dependants.PodInfoConfigMap - [helmroll] Desired PodInfo ConfigMap (1 extensions) (1 enabled)
2025-01-29 14:00:01,313 INFO c.h.h.t.HelmChartContainer - [hivemq-test-hivemq-platform] [hivemq-platform-operator] [5b920660] 14:00:01.312 [pool-6-thread-14] DEBUG c.h.p.o.dependants.PodInfoConfigMap - [helmroll] Desired PodInfo ConfigMap (metrics port: 9399) (metrics path: /)
2025-01-29 14:00:01,313 INFO c.h.h.t.HelmChartContainer - [hivemq-test-hivemq-platform] [hivemq-platform-operator] [5b920660] 14:00:01.311 [pool-6-thread-17] DEBUG c.h.p.o.d.PodServiceAccountResource - [helmroll] Desired PodServiceAccountResource (serviceAccountName: hivemq-platform-pod-test-hivemq-platform)
2025-01-29 14:00:01,314 INFO c.h.h.t.HelmChartContainer - [hivemq-test-hivemq-platform] [hivemq-platform-operator] [5b920660] 14:00:01.313 [pool-6-thread-14] DEBUG c.h.p.o.dependants.PodInfoConfigMap - [helmroll] Desired PodInfo ConfigMap (extension state hash: -1817474005)
2025-01-29 14:00:01,318 INFO c.h.h.t.HelmChartContainer - [hivemq-test-hivemq-platform] [hivemq-platform-operator] [5b920660] 14:00:01.317 [pool-6-thread-19] DEBUG c.h.p.o.d.StatefulSetResource - [helmroll] Desired StatefulSet (1 replicas) for status STARTING (READY)
2025-01-29 14:00:01,405 INFO c.h.h.t.HelmChartContainer - [hivemq-test-hivemq-platform] [hivemq-platform-operator] [5b920660] 14:00:01.404 [ReconcilerExecutor-hivemq-controller-116] INFO  c.h.p.o.HiveMQPlatformReconciler - [helmroll] Reconciling HiveMQ Platform 'test-hivemq-platform' in namespace 'helmrollingupgradeplatformit'
2025-01-29 14:00:01,406 INFO c.h.h.t.HelmChartContainer - [hivemq-test-hivemq-platform] [hivemq-platform-operator] [5b920660] 14:00:01.404 [ReconcilerExecutor-hivemq-controller-116] DEBUG c.h.p.o.HiveMQPlatformReconciler - [helmroll] Custom Resource Status STARTING - HiveMQ Platform is starting (READY)
2025-01-29 14:00:01,406 INFO c.h.h.t.HelmChartContainer - [hivemq-test-hivemq-platform] [hivemq-platform-operator] [5b920660] 14:00:01.404 [ReconcilerExecutor-hivemq-controller-116] DEBUG c.h.p.o.HiveMQPlatformReconciler - [helmroll] Custom Resource Spec (replicas: 1) (extensions: 1)
2025-01-29 14:00:01,410 INFO c.h.h.t.HelmChartContainer - [hivemq-test-hivemq-platform] [hivemq-platform-operator] [5b920660] 14:00:01.406 [ReconcilerExecutor-hivemq-controller-116] DEBUG c.h.p.o.HiveMQPlatformReconciler - [helmroll] StatefulSet Status (revision: test-hivemq-platform-54c4467984, replicas: 1, available: 1, ready: 1, current: 1, updated: 1)
2025-01-29 14:00:01,410 INFO c.h.h.t.HelmChartContainer - [hivemq-test-hivemq-platform] [hivemq-platform-operator] [5b920660] 14:00:01.407 [ReconcilerExecutor-hivemq-controller-116] DEBUG c.h.p.o.HiveMQPlatformReconciler - [helmroll] StatefulSet Spec (replicas: 1, init containers: 1, containers: 1, volumes: 3)
2025-01-29 14:00:01,410 INFO c.h.h.t.HelmChartContainer - [hivemq-test-hivemq-platform] [hivemq-platform-operator] [5b920660] 14:00:01.409 [ReconcilerExecutor-hivemq-controller-116] DEBUG c.h.p.o.h.HiveMQPlatformReconcilerErrorHandler - [helmroll] Pod 'test-hivemq-platform-0' phase Running
2025-01-29 14:00:01,412 INFO c.h.h.t.HelmChartContainer - [hivemq-test-hivemq-platform] [hivemq-platform-operator] [5b920660] 14:00:01.411 [ReconcilerExecutor-hivemq-controller-116] INFO  c.h.p.o.h.HiveMQPlatformReconcilerBaseHandler - [helmroll] HiveMQ Platform started successfully
2025-01-29 14:00:01,510 INFO c.h.h.t.HelmChartContainer - [hivemq-test-hivemq-platform] [hivemq-platform-operator] [5b920660] 14:00:01.509 [ReconcilerExecutor-hivemq-controller-116] DEBUG c.h.p.operator.event.EventSender - [helmroll] Creating K8s event hivemq-platform-ready: [Ready] HiveMQ Platform is ready
2025-01-29 14:00:01,514 INFO c.h.h.t.HelmChartContainer - [EVENT] Normal [Ready] HiveMQ Platform is ready [helmrollingupgradeplatformit:test-hivemq-platform]
2025-01-29 14:00:01,516 INFO c.h.h.t.HelmChartContainer - [hivemq-test-hivemq-platform] [hivemq-platform-operator] [5b920660] 14:00:01.515 [ReconcilerExecutor-hivemq-controller-116] INFO  c.h.p.o.h.AbstractHiveMQReconcilerStateHandler - [helmroll] Update HiveMQ Platform Status (STARTING [READY] -> RUNNING [READY]): HiveMQ Platform is ready
2025-01-29 14:00:01,527 DEBUG com.hivemq.helmcharts.util.K8sUtil - Comparing actual state 'RUNNING' and waiting for 'RUNNING'
2025-01-29 14:00:01,606 DEBUG c.h.h.t.HelmChartContainer - Executing helm command: /bin/helm --kubeconfig /etc/rancher/k3s/k3s.yaml upgrade test-hivemq-platform /charts/hivemq-platform --wait --timeout 5m0s --set image.repository=docker.io/hivemq --set image.tag=4.36.0 --set image.pullPolicy=Never --set nodes.resources.cpu=512m --set nodes.replicaCount=1 --namespace helmrollingupgradeplatformit
2025-01-29 14:00:01,939 INFO c.h.h.t.HelmChartContainer - [hivemq-test-hivemq-platform] [hivemq-platform-operator] [5b920660] 14:00:01.937 [pool-6-thread-23] DEBUG c.h.p.o.d.PlatformServiceResource - [helmroll] Desired Platform services (3 services)
2025-01-29 14:00:01,939 INFO c.h.h.t.HelmChartContainer - [hivemq-test-hivemq-platform] [hivemq-platform-operator] [5b920660] 14:00:01.938 [pool-6-thread-22] DEBUG c.h.p.o.dependants.PodInfoConfigMap - [helmroll] Desired PodInfo ConfigMap (1 extensions) (1 enabled)
2025-01-29 14:00:01,939 INFO c.h.h.t.HelmChartContainer - [hivemq-test-hivemq-platform] [hivemq-platform-operator] [5b920660] 14:00:01.938 [pool-6-thread-22] DEBUG c.h.p.o.dependants.PodInfoConfigMap - [helmroll] Desired PodInfo ConfigMap (metrics port: 9399) (metrics path: /)
2025-01-29 14:00:01,939 INFO c.h.h.t.HelmChartContainer - [hivemq-test-hivemq-platform] [hivemq-platform-operator] [5b920660] 14:00:01.938 [pool-6-thread-22] DEBUG c.h.p.o.dependants.PodInfoConfigMap - [helmroll] Desired PodInfo ConfigMap (extension state hash: -1817474005)
2025-01-29 14:00:01,942 INFO c.h.h.t.HelmChartContainer - [hivemq-test-hivemq-platform] [hivemq-platform-operator] [5b920660] 14:00:01.939 [pool-6-thread-27] DEBUG c.h.p.o.d.PodServiceAccountResource - [helmroll] Desired PodServiceAccountResource (serviceAccountName: hivemq-platform-pod-test-hivemq-platform)
2025-01-29 14:00:02,007 INFO c.h.h.t.HelmChartContainer - [hivemq-test-hivemq-platform] [hivemq-platform-operator] [5b920660] 14:00:02.005 [pool-6-thread-22] DEBUG c.h.p.o.dependants.PodInfoConfigMap - [helmroll] Update PodInfo ConfigMap
2025-01-29 14:00:02,031 INFO c.h.h.t.HelmChartContainer - [hivemq-test-hivemq-platform] [hivemq-platform-operator] [5b920660] 14:00:02.025 [pool-6-thread-22] DEBUG c.h.p.o.d.StatefulSetResource - [helmroll] Desired StatefulSet (1 replicas) for status RUNNING (READY)
2025-01-29 14:00:02,108 INFO c.h.h.t.HelmChartContainer - [hivemq-test-hivemq-platform] [hivemq-platform-operator] [5b920660] 14:00:02.032 [ReconcilerExecutor-hivemq-controller-117] INFO  c.h.p.o.HiveMQPlatformReconciler - [helmroll] Reconciling HiveMQ Platform 'test-hivemq-platform' in namespace 'helmrollingupgradeplatformit'
2025-01-29 14:00:02,113 INFO c.h.h.t.HelmChartContainer - [hivemq-test-hivemq-platform] [hivemq-platform-operator] [5b920660] 14:00:02.105 [ReconcilerExecutor-hivemq-controller-117] DEBUG c.h.p.o.HiveMQPlatformReconciler - [helmroll] Custom Resource Status RUNNING - HiveMQ Platform is ready (READY)
2025-01-29 14:00:02,113 INFO c.h.h.t.HelmChartContainer - [hivemq-test-hivemq-platform] [hivemq-platform-operator] [5b920660] 14:00:02.105 [ReconcilerExecutor-hivemq-controller-117] DEBUG c.h.p.o.HiveMQPlatformReconciler - [helmroll] Custom Resource Spec (replicas: 1) (extensions: 1)
2025-01-29 14:00:02,113 INFO c.h.h.t.HelmChartContainer - [hivemq-test-hivemq-platform] [hivemq-platform-operator] [5b920660] 14:00:02.107 [ReconcilerExecutor-hivemq-controller-117] DEBUG c.h.p.o.HiveMQPlatformReconciler - [helmroll] StatefulSet Status (revision: test-hivemq-platform-54c4467984, replicas: 1, available: 1, ready: 1, current: 1, updated: 1)
2025-01-29 14:00:02,113 INFO c.h.h.t.HelmChartContainer - [hivemq-test-hivemq-platform] [hivemq-platform-operator] [5b920660] 14:00:02.107 [ReconcilerExecutor-hivemq-controller-117] DEBUG c.h.p.o.HiveMQPlatformReconciler - [helmroll] StatefulSet Spec (replicas: 1, init containers: 1, containers: 1, volumes: 3)
2025-01-29 14:00:02,113 INFO c.h.h.t.HelmChartContainer - [hivemq-test-hivemq-platform] [hivemq-platform-operator] [5b920660] 14:00:02.109 [ReconcilerExecutor-hivemq-controller-117] DEBUG c.h.p.o.h.HiveMQPlatformReconcilerErrorHandler - [helmroll] Pod 'test-hivemq-platform-0' phase Running
2025-01-29 14:00:02,123 INFO c.h.h.t.HelmChartContainer - [hivemq-test-hivemq-platform] [hivemq-platform-operator] [5b920660] 14:00:02.121 [pool-6-thread-38] DEBUG c.h.p.o.d.PlatformServiceResource - [helmroll] Desired Platform services (3 services)
2025-01-29 14:00:02,128 INFO c.h.h.t.HelmChartContainer - [hivemq-test-hivemq-platform] [hivemq-platform-operator] [5b920660] 14:00:02.124 [pool-6-thread-37] DEBUG c.h.p.o.dependants.PodInfoConfigMap - [helmroll] Desired PodInfo ConfigMap (1 extensions) (1 enabled)
2025-01-29 14:00:02,128 INFO c.h.h.t.HelmChartContainer - [hivemq-test-hivemq-platform] [hivemq-platform-operator] [5b920660] 14:00:02.124 [pool-6-thread-37] DEBUG c.h.p.o.dependants.PodInfoConfigMap - [helmroll] Desired PodInfo ConfigMap (metrics port: 9399) (metrics path: /)
2025-01-29 14:00:02,128 INFO c.h.h.t.HelmChartContainer - [hivemq-test-hivemq-platform] [hivemq-platform-operator] [5b920660] 14:00:02.124 [pool-6-thread-37] DEBUG c.h.p.o.dependants.PodInfoConfigMap - [helmroll] Desired PodInfo ConfigMap (extension state hash: -1817474005)
2025-01-29 14:00:02,162 DEBUG com.hivemq.helmcharts.util.K8sUtil - Comparing actual state 'RUNNING' and waiting for 'ROLLING_RESTART'
2025-01-29 14:00:02,210 INFO c.h.h.t.HelmChartContainer - [hivemq-test-hivemq-platform] [hivemq-platform-operator] [5b920660] 14:00:02.204 [pool-6-thread-37] DEBUG c.h.p.o.dependants.PodInfoConfigMap - [helmroll] Update PodInfo ConfigMap
2025-01-29 14:00:02,210 INFO c.h.h.t.HelmChartContainer - [hivemq-test-hivemq-platform] [hivemq-platform-operator] [5b920660] 14:00:02.205 [pool-6-thread-34] DEBUG c.h.p.o.d.PodServiceAccountResource - [helmroll] Desired PodServiceAccountResource (serviceAccountName: hivemq-platform-pod-test-hivemq-platform)
2025-01-29 14:00:02,426 INFO c.h.h.t.HelmChartContainer - [hivemq-test-hivemq-platform] [hivemq-platform-operator] [5b920660] 14:00:02.425 [pool-6-thread-38] DEBUG c.h.p.o.d.StatefulSetResource - [helmroll] Desired StatefulSet (1 replicas) for status RUNNING (READY)
2025-01-29 14:00:02,429 INFO c.h.h.t.HelmChartContainer - [hivemq-test-hivemq-platform] [hivemq-platform-operator] [5b920660] 14:00:02.428 [pool-6-thread-38] DEBUG c.h.p.o.d.StatefulSetResource - [helmroll] Update StatefulSet (replicas: 1 -> 1)
2025-01-29 14:00:02,523 INFO c.h.h.t.HelmChartContainer - [hivemq-test-hivemq-platform] [hivemq-platform-operator] [5b920660] 14:00:02.519 [pool-6-thread-38] DEBUG c.h.p.o.d.StatefulSetResource - [helmroll] Detected change in StatefulSet specification (path: /template/spec/containers/0/image) (actual value: "docker.io/hivemq/hivemq4:4.35.0") (target value: "docker.io/hivemq/hivemq4:4.36.0")
2025-01-29 14:00:02,524 INFO c.h.h.t.HelmChartContainer - [hivemq-test-hivemq-platform] [hivemq-platform-operator] [5b920660] 14:00:02.522 [pool-6-thread-38] INFO  c.h.p.o.d.StatefulSetResource - [helmroll] StatefulSet spec was updated, triggering rolling restart
2025-01-29 14:00:02,618 INFO c.h.h.t.HelmChartContainer - [hivemq-test-hivemq-platform] [hivemq-platform-operator] [5b920660] 14:00:02.617 [ReconcilerExecutor-hivemq-controller-118] INFO  c.h.p.o.HiveMQPlatformReconciler - [helmroll] Reconciling HiveMQ Platform 'test-hivemq-platform' in namespace 'helmrollingupgradeplatformit'
2025-01-29 14:00:02,619 INFO c.h.h.t.HelmChartContainer - [hivemq-test-hivemq-platform] [hivemq-platform-operator] [5b920660] 14:00:02.618 [ReconcilerExecutor-hivemq-controller-118] DEBUG c.h.p.o.HiveMQPlatformReconciler - [helmroll] Custom Resource Status RUNNING - HiveMQ Platform is ready (READY) (reconciliation requests: ROLLING_RESTART, REQUESTS_UPDATED)
2025-01-29 14:00:02,620 INFO c.h.h.t.HelmChartContainer - [hivemq-test-hivemq-platform] [hivemq-platform-operator] [5b920660] 14:00:02.618 [ReconcilerExecutor-hivemq-controller-118] DEBUG c.h.p.o.HiveMQPlatformReconciler - [helmroll] Custom Resource Spec (replicas: 1) (extensions: 1)
2025-01-29 14:00:02,622 INFO c.h.h.t.HelmChartContainer - [hivemq-test-hivemq-platform] [hivemq-platform-operator] [5b920660] 14:00:02.622 [ReconcilerExecutor-hivemq-controller-118] DEBUG c.h.p.o.HiveMQPlatformReconciler - [helmroll] StatefulSet Status (revision: test-hivemq-platform-54c4467984, replicas: 1, available: 1, ready: 1, current: 1, updated: 1)
2025-01-29 14:00:02,622 INFO c.h.h.t.HelmChartContainer - [hivemq-test-hivemq-platform] [hivemq-platform-operator] [5b920660] 14:00:02.622 [ReconcilerExecutor-hivemq-controller-118] DEBUG c.h.p.o.HiveMQPlatformReconciler - [helmroll] StatefulSet Spec (replicas: 1, init containers: 1, containers: 1, volumes: 3)
2025-01-29 14:00:02,624 INFO c.h.h.t.HelmChartContainer - [hivemq-test-hivemq-platform] [hivemq-platform-operator] [5b920660] 14:00:02.623 [ReconcilerExecutor-hivemq-controller-118] DEBUG c.h.p.o.h.HiveMQPlatformReconcilerErrorHandler - [helmroll] Pod 'test-hivemq-platform-0' phase Running
2025-01-29 14:00:02,625 INFO c.h.h.t.HelmChartContainer - [hivemq-test-hivemq-platform] [hivemq-platform-operator] [5b920660] 14:00:02.624 [ReconcilerExecutor-hivemq-controller-118] INFO  c.h.p.o.h.HiveMQPlatformReconcilerBaseHandler - [helmroll] Started rolling restart (scaling to 2 replicas)
2025-01-29 14:00:02,719 INFO c.h.h.t.HelmChartContainer - [hivemq-test-hivemq-platform] [hivemq-platform-operator] [5b920660] 14:00:02.718 [ReconcilerExecutor-hivemq-controller-118] DEBUG c.h.p.operator.event.EventSender - [helmroll] Creating K8s event rolling-restart-started: [RollingRestart] HiveMQ Platform is starting a surge Pod (rolling restart)
2025-01-29 14:00:02,722 INFO c.h.h.t.HelmChartContainer - [EVENT] Normal [RollingRestart] HiveMQ Platform is starting a surge Pod (rolling restart) [helmrollingupgradeplatformit:test-hivemq-platform]
2025-01-29 14:00:02,724 INFO c.h.h.t.HelmChartContainer - [hivemq-test-hivemq-platform] [hivemq-platform-operator] [5b920660] 14:00:02.723 [ReconcilerExecutor-hivemq-controller-118] INFO  c.h.p.o.h.AbstractHiveMQReconcilerStateHandler - [helmroll] Update HiveMQ Platform Status (RUNNING [READY] -> ROLLING_RESTART [SURGE_IN_PROGRESS]): HiveMQ Platform is starting a surge Pod (rolling restart)
2025-01-29 14:00:02,824 DEBUG com.hivemq.helmcharts.util.K8sUtil - Comparing actual state 'ROLLING_RESTART' and waiting for 'ROLLING_RESTART'
2025-01-29 14:00:02,829 DEBUG com.hivemq.helmcharts.util.K8sUtil - Comparing actual state 'ROLLING_RESTART' and waiting for 'RUNNING'
2025-01-29 14:00:02,832 INFO c.h.h.t.HelmChartContainer - [hivemq-test-hivemq-platform] [hivemq-platform-operator] [5b920660] 14:00:02.829 [pool-6-thread-42] DEBUG c.h.p.o.d.PlatformServiceResource - [helmroll] Desired Platform services (3 services)
2025-01-29 14:00:02,833 INFO c.h.h.t.HelmChartContainer - [hivemq-test-hivemq-platform] [hivemq-platform-operator] [5b920660] 14:00:02.829 [pool-6-thread-48] DEBUG c.h.p.o.dependants.PodInfoConfigMap - [helmroll] Desired PodInfo ConfigMap (1 extensions) (1 enabled)
2025-01-29 14:00:02,833 INFO c.h.h.t.HelmChartContainer - [hivemq-test-hivemq-platform] [hivemq-platform-operator] [5b920660] 14:00:02.829 [pool-6-thread-48] DEBUG c.h.p.o.dependants.PodInfoConfigMap - [helmroll] Desired PodInfo ConfigMap (metrics port: 9399) (metrics path: /)
2025-01-29 14:00:02,833 INFO c.h.h.t.HelmChartContainer - [hivemq-test-hivemq-platform] [hivemq-platform-operator] [5b920660] 14:00:02.829 [pool-6-thread-48] DEBUG c.h.p.o.dependants.PodInfoConfigMap - [helmroll] Desired PodInfo ConfigMap (extension state hash: -1817474005)
2025-01-29 14:00:02,833 INFO c.h.h.t.HelmChartContainer - [hivemq-test-hivemq-platform] [hivemq-platform-operator] [5b920660] 14:00:02.830 [pool-6-thread-48] DEBUG c.h.p.o.dependants.PodInfoConfigMap - [helmroll] Update PodInfo ConfigMap
2025-01-29 14:00:02,833 INFO c.h.h.t.HelmChartContainer - [hivemq-test-hivemq-platform] [hivemq-platform-operator] [5b920660] 14:00:02.830 [pool-6-thread-41] DEBUG c.h.p.o.d.PodServiceAccountResource - [helmroll] Desired PodServiceAccountResource (serviceAccountName: hivemq-platform-pod-test-hivemq-platform)
2025-01-29 14:00:02,913 INFO c.h.h.t.HelmChartContainer - [hivemq-test-hivemq-platform] [hivemq-platform-operator] [5b920660] 14:00:02.911 [pool-6-thread-48] DEBUG c.h.p.o.d.StatefulSetResource - [helmroll] Desired StatefulSet (2 replicas) for status ROLLING_RESTART (SURGE_IN_PROGRESS)
2025-01-29 14:00:02,918 INFO c.h.h.t.HelmChartContainer - [hivemq-test-hivemq-platform] [hivemq-platform-operator] [5b920660] 14:00:02.916 [pool-6-thread-48] DEBUG c.h.p.o.d.StatefulSetResource - [helmroll] Update StatefulSet (replicas: 1 -> 2)
2025-01-29 14:00:02,935 INFO c.h.h.t.HelmChartContainer - [POD] test-hivemq-platform-1 [9f6d15fc-5e14-491e-a657-b7fb19232c48] in helmrollingupgradeplatformit was ADDED
2025-01-29 14:00:02,937 INFO c.h.h.t.HelmChartContainer - [EVENT] Normal [SuccessfulCreate] create Pod test-hivemq-platform-1 in StatefulSet test-hivemq-platform successful [helmrollingupgradeplatformit:test-hivemq-platform]
2025-01-29 14:00:02,939 INFO c.h.h.t.HelmChartContainer - [POD] test-hivemq-platform-1 [9f6d15fc-5e14-491e-a657-b7fb19232c48] in helmrollingupgradeplatformit was MODIFIED
2025-01-29 14:00:02,942 INFO c.h.h.t.HelmChartContainer - [EVENT] Normal [Scheduled] Successfully assigned helmrollingupgradeplatformit/test-hivemq-platform-1 to c7a6e7e9301f [helmrollingupgradeplatformit:test-hivemq-platform-1]
2025-01-29 14:00:02,949 INFO c.h.h.t.HelmChartContainer - [POD] test-hivemq-platform-1 [9f6d15fc-5e14-491e-a657-b7fb19232c48] in helmrollingupgradeplatformit was MODIFIED
2025-01-29 14:00:03,011 INFO c.h.h.t.HelmChartContainer - [hivemq-test-hivemq-platform] [hivemq-platform-operator] [5b920660] 14:00:03.008 [ReconcilerExecutor-hivemq-controller-119] INFO  c.h.p.o.HiveMQPlatformReconciler - [helmroll] Reconciling HiveMQ Platform 'test-hivemq-platform' in namespace 'helmrollingupgradeplatformit'
2025-01-29 14:00:03,011 INFO c.h.h.t.HelmChartContainer - [hivemq-test-hivemq-platform] [hivemq-platform-operator] [5b920660] 14:00:03.008 [ReconcilerExecutor-hivemq-controller-119] DEBUG c.h.p.o.HiveMQPlatformReconciler - [helmroll] Custom Resource Status ROLLING_RESTART - HiveMQ Platform is starting a surge Pod (rolling restart) (SURGE_IN_PROGRESS)
2025-01-29 14:00:03,011 INFO c.h.h.t.HelmChartContainer - [hivemq-test-hivemq-platform] [hivemq-platform-operator] [5b920660] 14:00:03.008 [ReconcilerExecutor-hivemq-controller-119] DEBUG c.h.p.o.HiveMQPlatformReconciler - [helmroll] Custom Resource Spec (replicas: 1) (extensions: 1)
2025-01-29 14:00:03,011 INFO c.h.h.t.HelmChartContainer - [hivemq-test-hivemq-platform] [hivemq-platform-operator] [5b920660] 14:00:03.010 [ReconcilerExecutor-hivemq-controller-119] DEBUG c.h.p.o.HiveMQPlatformReconciler - [helmroll] StatefulSet Status (revision: test-hivemq-platform-945c6dcb4, replicas: 1, available: 1, ready: 1, current: 1, updated: 0)
2025-01-29 14:00:03,011 INFO c.h.h.t.HelmChartContainer - [hivemq-test-hivemq-platform] [hivemq-platform-operator] [5b920660] 14:00:03.010 [ReconcilerExecutor-hivemq-controller-119] DEBUG c.h.p.o.HiveMQPlatformReconciler - [helmroll] StatefulSet Spec (replicas: 2, init containers: 1, containers: 1, volumes: 3)
2025-01-29 14:00:03,013 INFO c.h.h.t.HelmChartContainer - [hivemq-test-hivemq-platform] [hivemq-platform-operator] [5b920660] 14:00:03.011 [ReconcilerExecutor-hivemq-controller-119] DEBUG c.h.p.o.h.HiveMQPlatformReconcilerErrorHandler - [helmroll] Pod 'test-hivemq-platform-1' phase Pending
2025-01-29 14:00:03,013 INFO c.h.h.t.HelmChartContainer - [hivemq-test-hivemq-platform] [hivemq-platform-operator] [5b920660] 14:00:03.012 [ReconcilerExecutor-hivemq-controller-119] DEBUG c.h.p.o.h.HiveMQPlatformReconcilerErrorHandler - [helmroll] Pod 'test-hivemq-platform-0' phase Running
2025-01-29 14:00:03,015 INFO c.h.h.t.HelmChartContainer - [hivemq-test-hivemq-platform] [hivemq-platform-operator] [5b920660] 14:00:03.013 [ReconcilerExecutor-hivemq-controller-119] DEBUG c.h.p.o.h.HiveMQPlatformReconcilerRollingRestartHandler - [helmroll] Rolling restart is waiting for 1 of 2 replicas
2025-01-29 14:00:03,016 INFO c.h.h.t.HelmChartContainer - [hivemq-test-hivemq-platform] [hivemq-platform-operator] [5b920660] 14:00:03.016 [pool-6-thread-4] DEBUG c.h.p.o.d.PlatformServiceResource - [helmroll] Desired Platform services (3 services)
2025-01-29 14:00:03,018 INFO c.h.h.t.HelmChartContainer - [hivemq-test-hivemq-platform] [hivemq-platform-operator] [5b920660] 14:00:03.017 [pool-6-thread-8] DEBUG c.h.p.o.d.PodServiceAccountResource - [helmroll] Desired PodServiceAccountResource (serviceAccountName: hivemq-platform-pod-test-hivemq-platform)
2025-01-29 14:00:03,071 INFO c.h.h.t.HelmChartContainer - [K3S] [reconciler_common.go:251] "operationExecutor.VerifyControllerAttachedVolume started for volume \"kube-api-access-28xwt\" (UniqueName: \"kubernetes.io/projected/9f6d15fc-5e14-491e-a657-b7fb19232c48-kube-api-access-28xwt\") pod \"test-hivemq-platform-1\" (UID: \"9f6d15fc-5e14-491e-a657-b7fb19232c48\") " pod="helmrollingupgradeplatformit/test-hivemq-platform-1"
2025-01-29 14:00:03,071 INFO c.h.h.t.HelmChartContainer - [K3S] [reconciler_common.go:251] "operationExecutor.VerifyControllerAttachedVolume started for volume \"broker-configuration\" (UniqueName: \"kubernetes.io/configmap/9f6d15fc-5e14-491e-a657-b7fb19232c48-broker-configuration\") pod \"test-hivemq-platform-1\" (UID: \"9f6d15fc-5e14-491e-a657-b7fb19232c48\") " pod="helmrollingupgradeplatformit/test-hivemq-platform-1"
2025-01-29 14:00:03,071 INFO c.h.h.t.HelmChartContainer - [K3S] [reconciler_common.go:251] "operationExecutor.VerifyControllerAttachedVolume started for volume \"operator-init\" (UniqueName: \"kubernetes.io/empty-dir/9f6d15fc-5e14-491e-a657-b7fb19232c48-operator-init\") pod \"test-hivemq-platform-1\" (UID: \"9f6d15fc-5e14-491e-a657-b7fb19232c48\") " pod="helmrollingupgradeplatformit/test-hivemq-platform-1"
2025-01-29 14:00:03,071 INFO c.h.h.t.HelmChartContainer - [K3S] [reconciler_common.go:251] "operationExecutor.VerifyControllerAttachedVolume started for volume \"pod-info\" (UniqueName: \"kubernetes.io/configmap/9f6d15fc-5e14-491e-a657-b7fb19232c48-pod-info\") pod \"test-hivemq-platform-1\" (UID: \"9f6d15fc-5e14-491e-a657-b7fb19232c48\") " pod="helmrollingupgradeplatformit/test-hivemq-platform-1"
2025-01-29 14:00:03,107 INFO c.h.h.t.HelmChartContainer - [hivemq-test-hivemq-platform] [hivemq-platform-operator] [5b920660] 14:00:03.016 [pool-6-thread-1] DEBUG c.h.p.o.dependants.PodInfoConfigMap - [helmroll] Desired PodInfo ConfigMap (1 extensions) (1 enabled)
2025-01-29 14:00:03,107 INFO c.h.h.t.HelmChartContainer - [hivemq-test-hivemq-platform] [hivemq-platform-operator] [5b920660] 14:00:03.105 [pool-6-thread-1] DEBUG c.h.p.o.dependants.PodInfoConfigMap - [helmroll] Desired PodInfo ConfigMap (metrics port: 9399) (metrics path: /)
2025-01-29 14:00:03,107 INFO c.h.h.t.HelmChartContainer - [hivemq-test-hivemq-platform] [hivemq-platform-operator] [5b920660] 14:00:03.105 [pool-6-thread-1] DEBUG c.h.p.o.dependants.PodInfoConfigMap - [helmroll] Desired PodInfo ConfigMap (extension state hash: -1817474005)
2025-01-29 14:00:03,207 INFO c.h.h.t.HelmChartContainer - [hivemq-test-hivemq-platform] [hivemq-platform-operator] [5b920660] 14:00:03.204 [pool-6-thread-4] DEBUG c.h.p.o.d.StatefulSetResource - [helmroll] Desired StatefulSet (2 replicas) for status ROLLING_RESTART (SURGE_IN_PROGRESS)
2025-01-29 14:00:03,209 INFO c.h.h.t.HelmChartContainer - [hivemq-test-hivemq-platform] [hivemq-platform-operator] [5b920660] 14:00:03.208 [ReconcilerExecutor-hivemq-controller-120] INFO  c.h.p.o.HiveMQPlatformReconciler - [helmroll] Reconciling HiveMQ Platform 'test-hivemq-platform' in namespace 'helmrollingupgradeplatformit'
2025-01-29 14:00:03,209 INFO c.h.h.t.HelmChartContainer - [hivemq-test-hivemq-platform] [hivemq-platform-operator] [5b920660] 14:00:03.208 [ReconcilerExecutor-hivemq-controller-120] DEBUG c.h.p.o.HiveMQPlatformReconciler - [helmroll] Custom Resource Status ROLLING_RESTART - HiveMQ Platform is starting a surge Pod (rolling restart) (SURGE_IN_PROGRESS)
2025-01-29 14:00:03,209 INFO c.h.h.t.HelmChartContainer - [hivemq-test-hivemq-platform] [hivemq-platform-operator] [5b920660] 14:00:03.208 [ReconcilerExecutor-hivemq-controller-120] DEBUG c.h.p.o.HiveMQPlatformReconciler - [helmroll] Custom Resource Spec (replicas: 1) (extensions: 1)
2025-01-29 14:00:03,210 INFO c.h.h.t.HelmChartContainer - [hivemq-test-hivemq-platform] [hivemq-platform-operator] [5b920660] 14:00:03.209 [ReconcilerExecutor-hivemq-controller-120] DEBUG c.h.p.o.HiveMQPlatformReconciler - [helmroll] StatefulSet Status (revision: test-hivemq-platform-945c6dcb4, replicas: 2, available: 1, ready: 1, current: 1, updated: 1)
2025-01-29 14:00:03,210 INFO c.h.h.t.HelmChartContainer - [hivemq-test-hivemq-platform] [hivemq-platform-operator] [5b920660] 14:00:03.209 [ReconcilerExecutor-hivemq-controller-120] DEBUG c.h.p.o.HiveMQPlatformReconciler - [helmroll] StatefulSet Spec (replicas: 2, init containers: 1, containers: 1, volumes: 3)
2025-01-29 14:00:03,212 INFO c.h.h.t.HelmChartContainer - [hivemq-test-hivemq-platform] [hivemq-platform-operator] [5b920660] 14:00:03.211 [ReconcilerExecutor-hivemq-controller-120] DEBUG c.h.p.o.h.HiveMQPlatformReconcilerErrorHandler - [helmroll] Pod 'test-hivemq-platform-1' phase Pending
2025-01-29 14:00:03,212 INFO c.h.h.t.HelmChartContainer - [hivemq-test-hivemq-platform] [hivemq-platform-operator] [5b920660] 14:00:03.211 [ReconcilerExecutor-hivemq-controller-120] DEBUG c.h.p.o.h.HiveMQPlatformReconcilerErrorHandler - [helmroll] Pod 'test-hivemq-platform-1' condition 'PodReadyToStartContainers': False
2025-01-29 14:00:03,213 INFO c.h.h.t.HelmChartContainer - [hivemq-test-hivemq-platform] [hivemq-platform-operator] [5b920660] 14:00:03.211 [ReconcilerExecutor-hivemq-controller-120] DEBUG c.h.p.o.h.HiveMQPlatformReconcilerErrorHandler - [helmroll] Pod 'test-hivemq-platform-1' condition 'Initialized': False
2025-01-29 14:00:03,213 INFO c.h.h.t.HelmChartContainer - [hivemq-test-hivemq-platform] [hivemq-platform-operator] [5b920660] 14:00:03.211 [ReconcilerExecutor-hivemq-controller-120] DEBUG c.h.p.o.h.HiveMQPlatformReconcilerErrorHandler - [helmroll] Pod 'test-hivemq-platform-1' condition 'Ready': False
2025-01-29 14:00:03,213 INFO c.h.h.t.HelmChartContainer - [hivemq-test-hivemq-platform] [hivemq-platform-operator] [5b920660] 14:00:03.211 [ReconcilerExecutor-hivemq-controller-120] DEBUG c.h.p.o.h.HiveMQPlatformReconcilerErrorHandler - [helmroll] Pod 'test-hivemq-platform-1' condition 'ContainersReady': False
2025-01-29 14:00:03,213 INFO c.h.h.t.HelmChartContainer - [hivemq-test-hivemq-platform] [hivemq-platform-operator] [5b920660] 14:00:03.211 [ReconcilerExecutor-hivemq-controller-120] DEBUG c.h.p.o.h.HiveMQPlatformReconcilerErrorHandler - [helmroll] Pod 'test-hivemq-platform-1' condition 'PodScheduled': True
2025-01-29 14:00:03,213 INFO c.h.h.t.HelmChartContainer - [hivemq-test-hivemq-platform] [hivemq-platform-operator] [5b920660] 14:00:03.211 [ReconcilerExecutor-hivemq-controller-120] DEBUG c.h.p.o.h.HiveMQPlatformReconcilerErrorHandler - [helmroll] Pod 'test-hivemq-platform-1' containerStatus 'hivemq' (started: false) (ready: false) (waiting: [PodInitializing] null)
2025-01-29 14:00:03,213 INFO c.h.h.t.HelmChartContainer - [hivemq-test-hivemq-platform] [hivemq-platform-operator] [5b920660] 14:00:03.212 [ReconcilerExecutor-hivemq-controller-120] DEBUG c.h.p.o.h.HiveMQPlatformReconcilerErrorHandler - [helmroll] Pod 'test-hivemq-platform-0' phase Running
2025-01-29 14:00:03,215 INFO c.h.h.t.HelmChartContainer - [hivemq-test-hivemq-platform] [hivemq-platform-operator] [5b920660] 14:00:03.213 [ReconcilerExecutor-hivemq-controller-120] DEBUG c.h.p.o.h.HiveMQPlatformReconcilerRollingRestartHandler - [helmroll] Rolling restart is waiting for 1 of 2 replicas
2025-01-29 14:00:03,217 INFO c.h.h.t.HelmChartContainer - [hivemq-test-hivemq-platform] [hivemq-platform-operator] [5b920660] 14:00:03.215 [pool-6-thread-11] DEBUG c.h.p.o.d.PlatformServiceResource - [helmroll] Desired Platform services (3 services)
2025-01-29 14:00:03,218 INFO c.h.h.t.HelmChartContainer - [hivemq-test-hivemq-platform] [hivemq-platform-operator] [5b920660] 14:00:03.216 [pool-6-thread-12] DEBUG c.h.p.o.d.PodServiceAccountResource - [helmroll] Desired PodServiceAccountResource (serviceAccountName: hivemq-platform-pod-test-hivemq-platform)
2025-01-29 14:00:03,219 INFO c.h.h.t.HelmChartContainer - [hivemq-test-hivemq-platform] [hivemq-platform-operator] [5b920660] 14:00:03.218 [pool-6-thread-17] DEBUG c.h.p.o.dependants.PodInfoConfigMap - [helmroll] Desired PodInfo ConfigMap (1 extensions) (1 enabled)
2025-01-29 14:00:03,220 INFO c.h.h.t.HelmChartContainer - [hivemq-test-hivemq-platform] [hivemq-platform-operator] [5b920660] 14:00:03.219 [pool-6-thread-17] DEBUG c.h.p.o.dependants.PodInfoConfigMap - [helmroll] Desired PodInfo ConfigMap (metrics port: 9399) (metrics path: /)
2025-01-29 14:00:03,220 INFO c.h.h.t.HelmChartContainer - [hivemq-test-hivemq-platform] [hivemq-platform-operator] [5b920660] 14:00:03.219 [pool-6-thread-17] DEBUG c.h.p.o.dependants.PodInfoConfigMap - [helmroll] Desired PodInfo ConfigMap (extension state hash: -1817474005)
2025-01-29 14:00:03,307 INFO c.h.h.t.HelmChartContainer - [hivemq-test-hivemq-platform] [hivemq-platform-operator] [5b920660] 14:00:03.306 [pool-6-thread-16] DEBUG c.h.p.o.d.StatefulSetResource - [helmroll] Desired StatefulSet (2 replicas) for status ROLLING_RESTART (SURGE_IN_PROGRESS)
2025-01-29 14:00:03,312 INFO c.h.h.t.HelmChartContainer - [hivemq-test-hivemq-platform] [hivemq-platform-operator] [5b920660] 14:00:03.310 [ReconcilerExecutor-hivemq-controller-121] INFO  c.h.p.o.HiveMQPlatformReconciler - [helmroll] Reconciling HiveMQ Platform 'test-hivemq-platform' in namespace 'helmrollingupgradeplatformit'
2025-01-29 14:00:03,312 INFO c.h.h.t.HelmChartContainer - [hivemq-test-hivemq-platform] [hivemq-platform-operator] [5b920660] 14:00:03.310 [ReconcilerExecutor-hivemq-controller-121] DEBUG c.h.p.o.HiveMQPlatformReconciler - [helmroll] Custom Resource Status ROLLING_RESTART - HiveMQ Platform is starting a surge Pod (rolling restart) (SURGE_IN_PROGRESS)
2025-01-29 14:00:03,312 INFO c.h.h.t.HelmChartContainer - [hivemq-test-hivemq-platform] [hivemq-platform-operator] [5b920660] 14:00:03.311 [ReconcilerExecutor-hivemq-controller-121] DEBUG c.h.p.o.HiveMQPlatformReconciler - [helmroll] Custom Resource Spec (replicas: 1) (extensions: 1)
2025-01-29 14:00:03,314 INFO c.h.h.t.HelmChartContainer - [hivemq-test-hivemq-platform] [hivemq-platform-operator] [5b920660] 14:00:03.313 [ReconcilerExecutor-hivemq-controller-121] DEBUG c.h.p.o.HiveMQPlatformReconciler - [helmroll] StatefulSet Status (revision: test-hivemq-platform-945c6dcb4, replicas: 2, available: 1, ready: 1, current: 1, updated: 1)
2025-01-29 14:00:03,316 INFO c.h.h.t.HelmChartContainer - [hivemq-test-hivemq-platform] [hivemq-platform-operator] [5b920660] 14:00:03.313 [ReconcilerExecutor-hivemq-controller-121] DEBUG c.h.p.o.HiveMQPlatformReconciler - [helmroll] StatefulSet Spec (replicas: 2, init containers: 1, containers: 1, volumes: 3)
2025-01-29 14:00:03,316 INFO c.h.h.t.HelmChartContainer - [hivemq-test-hivemq-platform] [hivemq-platform-operator] [5b920660] 14:00:03.314 [ReconcilerExecutor-hivemq-controller-121] DEBUG c.h.p.o.h.HiveMQPlatformReconcilerErrorHandler - [helmroll] Pod 'test-hivemq-platform-1' phase Pending
2025-01-29 14:00:03,316 INFO c.h.h.t.HelmChartContainer - [hivemq-test-hivemq-platform] [hivemq-platform-operator] [5b920660] 14:00:03.314 [ReconcilerExecutor-hivemq-controller-121] DEBUG c.h.p.o.h.HiveMQPlatformReconcilerErrorHandler - [helmroll] Pod 'test-hivemq-platform-1' condition 'PodReadyToStartContainers': False
2025-01-29 14:00:03,316 INFO c.h.h.t.HelmChartContainer - [hivemq-test-hivemq-platform] [hivemq-platform-operator] [5b920660] 14:00:03.314 [ReconcilerExecutor-hivemq-controller-121] DEBUG c.h.p.o.h.HiveMQPlatformReconcilerErrorHandler - [helmroll] Pod 'test-hivemq-platform-1' condition 'Initialized': False
2025-01-29 14:00:03,316 INFO c.h.h.t.HelmChartContainer - [hivemq-test-hivemq-platform] [hivemq-platform-operator] [5b920660] 14:00:03.314 [ReconcilerExecutor-hivemq-controller-121] DEBUG c.h.p.o.h.HiveMQPlatformReconcilerErrorHandler - [helmroll] Pod 'test-hivemq-platform-1' condition 'Ready': False
2025-01-29 14:00:03,320 INFO c.h.h.t.HelmChartContainer - [hivemq-test-hivemq-platform] [hivemq-platform-operator] [5b920660] 14:00:03.314 [ReconcilerExecutor-hivemq-controller-121] DEBUG c.h.p.o.h.HiveMQPlatformReconcilerErrorHandler - [helmroll] Pod 'test-hivemq-platform-1' condition 'ContainersReady': False
2025-01-29 14:00:03,320 INFO c.h.h.t.HelmChartContainer - [hivemq-test-hivemq-platform] [hivemq-platform-operator] [5b920660] 14:00:03.314 [ReconcilerExecutor-hivemq-controller-121] DEBUG c.h.p.o.h.HiveMQPlatformReconcilerErrorHandler - [helmroll] Pod 'test-hivemq-platform-1' condition 'PodScheduled': True
2025-01-29 14:00:03,320 INFO c.h.h.t.HelmChartContainer - [hivemq-test-hivemq-platform] [hivemq-platform-operator] [5b920660] 14:00:03.314 [ReconcilerExecutor-hivemq-controller-121] DEBUG c.h.p.o.h.HiveMQPlatformReconcilerErrorHandler - [helmroll] Pod 'test-hivemq-platform-1' containerStatus 'hivemq' (started: false) (ready: false) (waiting: [PodInitializing] null)
2025-01-29 14:00:03,321 INFO c.h.h.t.HelmChartContainer - [hivemq-test-hivemq-platform] [hivemq-platform-operator] [5b920660] 14:00:03.315 [ReconcilerExecutor-hivemq-controller-121] DEBUG c.h.p.o.h.HiveMQPlatformReconcilerErrorHandler - [helmroll] Pod 'test-hivemq-platform-0' phase Running
2025-01-29 14:00:03,321 INFO c.h.h.t.HelmChartContainer - [hivemq-test-hivemq-platform] [hivemq-platform-operator] [5b920660] 14:00:03.316 [ReconcilerExecutor-hivemq-controller-121] DEBUG c.h.p.o.h.HiveMQPlatformReconcilerRollingRestartHandler - [helmroll] Rolling restart is waiting for 1 of 2 replicas
2025-01-29 14:00:03,357 INFO c.h.h.t.HelmChartContainer - [EVENT] Normal [Pulled] Container image "docker.io/hivemq/hivemq-platform-operator-init-test:snapshot" already present on machine [helmrollingupgradeplatformit:test-hivemq-platform-1]
2025-01-29 14:00:03,364 INFO c.h.h.t.HelmChartContainer - [EVENT] Normal [Created] Created container: hivemq-platform-operator-init [helmrollingupgradeplatformit:test-hivemq-platform-1]
2025-01-29 14:00:03,400 INFO c.h.h.t.HelmChartContainer - [EVENT] Normal [Started] Started container hivemq-platform-operator-init [helmrollingupgradeplatformit:test-hivemq-platform-1]
2025-01-29 14:00:03,966 INFO c.h.h.t.HelmChartContainer - [EVENT] Normal [Pulled] Container image "docker.io/hivemq/hivemq4:4.36.0" already present on machine [helmrollingupgradeplatformit:test-hivemq-platform-1]
2025-01-29 14:00:03,966 INFO c.h.h.t.HelmChartContainer - Received Pulled event for container hivemq in pod test-hivemq-platform-1 [9f6d15fc-5e14-491e-a657-b7fb19232c48]
2025-01-29 14:00:03,976 INFO c.h.h.t.HelmChartContainer - [POD] test-hivemq-platform-1 [9f6d15fc-5e14-491e-a657-b7fb19232c48] in helmrollingupgradeplatformit was MODIFIED
2025-01-29 14:00:03,989 INFO c.h.h.t.HelmChartContainer - [hivemq-test-hivemq-platform] [hivemq-platform-operator] [5b920660] 14:00:03.980 [pool-6-thread-27] DEBUG c.h.p.o.d.PlatformServiceResource - [helmroll] Desired Platform services (3 services)
2025-01-29 14:00:03,993 INFO c.h.h.t.HelmChartContainer - [hivemq-test-hivemq-platform] [hivemq-platform-operator] [5b920660] 14:00:03.986 [pool-6-thread-26] DEBUG c.h.p.o.dependants.PodInfoConfigMap - [helmroll] Desired PodInfo ConfigMap (1 extensions) (1 enabled)
2025-01-29 14:00:03,993 INFO c.h.h.t.HelmChartContainer - [hivemq-test-hivemq-platform] [hivemq-platform-operator] [5b920660] 14:00:03.986 [pool-6-thread-26] DEBUG c.h.p.o.dependants.PodInfoConfigMap - [helmroll] Desired PodInfo ConfigMap (metrics port: 9399) (metrics path: /)
2025-01-29 14:00:03,993 INFO c.h.h.t.HelmChartContainer - [hivemq-test-hivemq-platform] [hivemq-platform-operator] [5b920660] 14:00:03.986 [pool-6-thread-26] DEBUG c.h.p.o.dependants.PodInfoConfigMap - [helmroll] Desired PodInfo ConfigMap (extension state hash: -1817474005)
2025-01-29 14:00:03,993 INFO c.h.h.t.HelmChartContainer - [hivemq-test-hivemq-platform] [hivemq-platform-operator] [5b920660] 14:00:03.987 [pool-6-thread-27] DEBUG c.h.p.o.d.PodServiceAccountResource - [helmroll] Desired PodServiceAccountResource (serviceAccountName: hivemq-platform-pod-test-hivemq-platform)
2025-01-29 14:00:03,999 INFO c.h.h.t.HelmChartContainer - [hivemq-test-hivemq-platform] [hivemq-platform-operator] [5b920660] 14:00:03.997 [pool-6-thread-26] DEBUG c.h.p.o.d.StatefulSetResource - [helmroll] Desired StatefulSet (2 replicas) for status ROLLING_RESTART (SURGE_IN_PROGRESS)
2025-01-29 14:00:04,005 INFO c.h.h.t.HelmChartContainer - [hivemq-test-hivemq-platform] [hivemq-platform-operator] [5b920660] 14:00:04.003 [ReconcilerExecutor-hivemq-controller-122] INFO  c.h.p.o.HiveMQPlatformReconciler - [helmroll] Reconciling HiveMQ Platform 'test-hivemq-platform' in namespace 'helmrollingupgradeplatformit'
2025-01-29 14:00:04,005 INFO c.h.h.t.HelmChartContainer - [hivemq-test-hivemq-platform] [hivemq-platform-operator] [5b920660] 14:00:04.004 [ReconcilerExecutor-hivemq-controller-122] DEBUG c.h.p.o.HiveMQPlatformReconciler - [helmroll] Custom Resource Status ROLLING_RESTART - HiveMQ Platform is starting a surge Pod (rolling restart) (SURGE_IN_PROGRESS)
2025-01-29 14:00:04,005 INFO c.h.h.t.HelmChartContainer - [hivemq-test-hivemq-platform] [hivemq-platform-operator] [5b920660] 14:00:04.004 [ReconcilerExecutor-hivemq-controller-122] DEBUG c.h.p.o.HiveMQPlatformReconciler - [helmroll] Custom Resource Spec (replicas: 1) (extensions: 1)
2025-01-29 14:00:04,007 INFO c.h.h.t.HelmChartContainer - [hivemq-test-hivemq-platform] [hivemq-platform-operator] [5b920660] 14:00:04.006 [ReconcilerExecutor-hivemq-controller-122] DEBUG c.h.p.o.HiveMQPlatformReconciler - [helmroll] StatefulSet Status (revision: test-hivemq-platform-945c6dcb4, replicas: 2, available: 1, ready: 1, current: 1, updated: 1)
2025-01-29 14:00:04,007 INFO c.h.h.t.HelmChartContainer - [hivemq-test-hivemq-platform] [hivemq-platform-operator] [5b920660] 14:00:04.006 [ReconcilerExecutor-hivemq-controller-122] DEBUG c.h.p.o.HiveMQPlatformReconciler - [helmroll] StatefulSet Spec (replicas: 2, init containers: 1, containers: 1, volumes: 3)
2025-01-29 14:00:04,008 INFO c.h.h.t.HelmChartContainer - [hivemq-test-hivemq-platform] [hivemq-platform-operator] [5b920660] 14:00:04.007 [ReconcilerExecutor-hivemq-controller-122] DEBUG c.h.p.o.h.HiveMQPlatformReconcilerErrorHandler - [helmroll] Pod 'test-hivemq-platform-1' phase Pending
2025-01-29 14:00:04,010 INFO c.h.h.t.HelmChartContainer - [hivemq-test-hivemq-platform] [hivemq-platform-operator] [5b920660] 14:00:04.007 [ReconcilerExecutor-hivemq-controller-122] DEBUG c.h.p.o.h.HiveMQPlatformReconcilerErrorHandler - [helmroll] Pod 'test-hivemq-platform-1' condition 'PodReadyToStartContainers': True
2025-01-29 14:00:04,010 INFO c.h.h.t.HelmChartContainer - [hivemq-test-hivemq-platform] [hivemq-platform-operator] [5b920660] 14:00:04.007 [ReconcilerExecutor-hivemq-controller-122] DEBUG c.h.p.o.h.HiveMQPlatformReconcilerErrorHandler - [helmroll] Pod 'test-hivemq-platform-1' condition 'Initialized': True
2025-01-29 14:00:04,010 INFO c.h.h.t.HelmChartContainer - [hivemq-test-hivemq-platform] [hivemq-platform-operator] [5b920660] 14:00:04.007 [ReconcilerExecutor-hivemq-controller-122] DEBUG c.h.p.o.h.HiveMQPlatformReconcilerErrorHandler - [helmroll] Pod 'test-hivemq-platform-1' condition 'Ready': False
2025-01-29 14:00:04,010 INFO c.h.h.t.HelmChartContainer - [hivemq-test-hivemq-platform] [hivemq-platform-operator] [5b920660] 14:00:04.008 [ReconcilerExecutor-hivemq-controller-122] DEBUG c.h.p.o.h.HiveMQPlatformReconcilerErrorHandler - [helmroll] Pod 'test-hivemq-platform-1' condition 'ContainersReady': False
2025-01-29 14:00:04,010 INFO c.h.h.t.HelmChartContainer - [hivemq-test-hivemq-platform] [hivemq-platform-operator] [5b920660] 14:00:04.008 [ReconcilerExecutor-hivemq-controller-122] DEBUG c.h.p.o.h.HiveMQPlatformReconcilerErrorHandler - [helmroll] Pod 'test-hivemq-platform-1' condition 'PodScheduled': True
2025-01-29 14:00:04,010 INFO c.h.h.t.HelmChartContainer - [hivemq-test-hivemq-platform] [hivemq-platform-operator] [5b920660] 14:00:04.008 [ReconcilerExecutor-hivemq-controller-122] DEBUG c.h.p.o.h.HiveMQPlatformReconcilerErrorHandler - [helmroll] Pod 'test-hivemq-platform-1' containerStatus 'hivemq' (started: false) (ready: false) (waiting: [PodInitializing] null)
2025-01-29 14:00:04,010 INFO c.h.h.t.HelmChartContainer - [hivemq-test-hivemq-platform] [hivemq-platform-operator] [5b920660] 14:00:04.008 [ReconcilerExecutor-hivemq-controller-122] DEBUG c.h.p.o.h.HiveMQPlatformReconcilerErrorHandler - [helmroll] Pod 'test-hivemq-platform-0' phase Running
2025-01-29 14:00:04,012 INFO c.h.h.t.HelmChartContainer - [hivemq-test-hivemq-platform] [hivemq-platform-operator] [5b920660] 14:00:04.009 [ReconcilerExecutor-hivemq-controller-122] DEBUG c.h.p.o.h.HiveMQPlatformReconcilerRollingRestartHandler - [helmroll] Rolling restart is waiting for 1 of 2 replicas
2025-01-29 14:00:05,628 INFO c.h.h.t.HelmChartContainer - [EVENT] Normal [Created] Created container: hivemq [helmrollingupgradeplatformit:test-hivemq-platform-1]
2025-01-29 14:00:05,628 INFO c.h.h.t.HelmChartContainer - Received Created event for container hivemq in pod test-hivemq-platform-1 [9f6d15fc-5e14-491e-a657-b7fb19232c48]
2025-01-29 14:00:05,975 INFO c.h.h.t.HelmChartContainer - [POD] test-hivemq-platform-1 [9f6d15fc-5e14-491e-a657-b7fb19232c48] in helmrollingupgradeplatformit was MODIFIED
2025-01-29 14:00:05,985 INFO c.h.h.t.HelmChartContainer - [EVENT] Normal [Started] Started container hivemq [helmrollingupgradeplatformit:test-hivemq-platform-1]
2025-01-29 14:00:05,986 INFO c.h.h.t.HelmChartContainer - Started log watcher for hivemq in pod test-hivemq-platform-1 [9f6d15fc-5e14-491e-a657-b7fb19232c48]
2025-01-29 14:00:05,986 INFO c.h.h.t.HelmChartContainer - Received Started event for container hivemq in pod test-hivemq-platform-1 [9f6d15fc-5e14-491e-a657-b7fb19232c48]
2025-01-29 14:00:05,987 INFO c.h.h.t.HelmChartContainer - [hivemq-test-hivemq-platform] [hivemq-platform-operator] [5b920660] 14:00:05.981 [pool-6-thread-33] DEBUG c.h.p.o.d.PlatformServiceResource - [helmroll] Desired Platform services (3 services)
2025-01-29 14:00:05,987 INFO c.h.h.t.HelmChartContainer - [test-hivemq-platform] [hivemq] [9f6d15fc] Adding pre-installed HiveMQ Platform Operator extensions
2025-01-29 14:00:05,988 INFO c.h.h.t.HelmChartContainer - [test-hivemq-platform] [hivemq] [9f6d15fc] Running as user 10000
2025-01-29 14:00:05,988 INFO c.h.h.t.HelmChartContainer - [test-hivemq-platform] [hivemq] [9f6d15fc] Starting HiveMQ Platform Operator Init
2025-01-29 14:00:05,988 INFO c.h.h.t.HelmChartContainer - [hivemq-test-hivemq-platform] [hivemq-platform-operator] [5b920660] 14:00:05.984 [pool-6-thread-32] DEBUG c.h.p.o.dependants.PodInfoConfigMap - [helmroll] Desired PodInfo ConfigMap (1 extensions) (1 enabled)
2025-01-29 14:00:05,988 INFO c.h.h.t.HelmChartContainer - [hivemq-test-hivemq-platform] [hivemq-platform-operator] [5b920660] 14:00:05.985 [pool-6-thread-32] DEBUG c.h.p.o.dependants.PodInfoConfigMap - [helmroll] Desired PodInfo ConfigMap (metrics port: 9399) (metrics path: /)
2025-01-29 14:00:05,988 INFO c.h.h.t.HelmChartContainer - [hivemq-test-hivemq-platform] [hivemq-platform-operator] [5b920660] 14:00:05.985 [pool-6-thread-32] DEBUG c.h.p.o.dependants.PodInfoConfigMap - [helmroll] Desired PodInfo ConfigMap (extension state hash: -1817474005)
2025-01-29 14:00:05,988 INFO c.h.h.t.HelmChartContainer - [hivemq-test-hivemq-platform] [hivemq-platform-operator] [5b920660] 14:00:05.986 [pool-6-thread-37] DEBUG c.h.p.o.d.PodServiceAccountResource - [helmroll] Desired PodServiceAccountResource (serviceAccountName: hivemq-platform-pod-test-hivemq-platform)
2025-01-29 14:00:05,993 INFO c.h.h.t.HelmChartContainer - [hivemq-test-hivemq-platform] [hivemq-platform-operator] [5b920660] 14:00:05.990 [pool-6-thread-34] DEBUG c.h.p.o.d.StatefulSetResource - [helmroll] Desired StatefulSet (2 replicas) for status ROLLING_RESTART (SURGE_IN_PROGRESS)
2025-01-29 14:00:05,997 INFO c.h.h.t.HelmChartContainer - [hivemq-test-hivemq-platform] [hivemq-platform-operator] [5b920660] 14:00:05.994 [ReconcilerExecutor-hivemq-controller-123] INFO  c.h.p.o.HiveMQPlatformReconciler - [helmroll] Reconciling HiveMQ Platform 'test-hivemq-platform' in namespace 'helmrollingupgradeplatformit'
2025-01-29 14:00:05,998 INFO c.h.h.t.HelmChartContainer - [hivemq-test-hivemq-platform] [hivemq-platform-operator] [5b920660] 14:00:05.994 [ReconcilerExecutor-hivemq-controller-123] DEBUG c.h.p.o.HiveMQPlatformReconciler - [helmroll] Custom Resource Status ROLLING_RESTART - HiveMQ Platform is starting a surge Pod (rolling restart) (SURGE_IN_PROGRESS)
2025-01-29 14:00:05,998 INFO c.h.h.t.HelmChartContainer - [hivemq-test-hivemq-platform] [hivemq-platform-operator] [5b920660] 14:00:05.994 [ReconcilerExecutor-hivemq-controller-123] DEBUG c.h.p.o.HiveMQPlatformReconciler - [helmroll] Custom Resource Spec (replicas: 1) (extensions: 1)
2025-01-29 14:00:05,998 INFO c.h.h.t.HelmChartContainer - [hivemq-test-hivemq-platform] [hivemq-platform-operator] [5b920660] 14:00:05.995 [ReconcilerExecutor-hivemq-controller-123] DEBUG c.h.p.o.HiveMQPlatformReconciler - [helmroll] StatefulSet Status (revision: test-hivemq-platform-945c6dcb4, replicas: 2, available: 1, ready: 1, current: 1, updated: 1)
2025-01-29 14:00:05,999 INFO c.h.h.t.HelmChartContainer - [hivemq-test-hivemq-platform] [hivemq-platform-operator] [5b920660] 14:00:05.996 [ReconcilerExecutor-hivemq-controller-123] DEBUG c.h.p.o.HiveMQPlatformReconciler - [helmroll] StatefulSet Spec (replicas: 2, init containers: 1, containers: 1, volumes: 3)
2025-01-29 14:00:06,043 INFO c.h.h.t.HelmChartContainer - [hivemq-test-hivemq-platform] [hivemq-platform-operator] [5b920660] 14:00:06.041 [ReconcilerExecutor-hivemq-controller-123] DEBUG c.h.p.o.h.HiveMQPlatformReconcilerErrorHandler - [helmroll] Pod 'test-hivemq-platform-1' phase Running
2025-01-29 14:00:06,045 INFO c.h.h.t.HelmChartContainer - [hivemq-test-hivemq-platform] [hivemq-platform-operator] [5b920660] 14:00:06.044 [ReconcilerExecutor-hivemq-controller-123] DEBUG c.h.p.o.h.HiveMQPlatformReconcilerErrorHandler - [helmroll] Pod 'test-hivemq-platform-0' phase Running
2025-01-29 14:00:06,046 INFO c.h.h.t.HelmChartContainer - [hivemq-test-hivemq-platform] [hivemq-platform-operator] [5b920660] 14:00:06.045 [ReconcilerExecutor-hivemq-controller-123] DEBUG c.h.p.o.h.HiveMQPlatformReconcilerRollingRestartHandler - [helmroll] Rolling restart is waiting for 1 of 2 replicas
2025-01-29 14:00:06,929 INFO c.h.h.t.HelmChartContainer - [test-hivemq-platform] [hivemq] [9f6d15fc] INFO  - [HiveMQ Platform Operator Init 1.7.0-SNAPSHOT] HiveMQ Platform Operator Init 1.7.0-SNAPSHOT (commit: bebf408 on branch: HEAD) built on Sun Jan 26 20:47:47 UTC 2025
2025-01-29 14:00:08,120 INFO c.h.h.t.HelmChartContainer - [test-hivemq-platform] [hivemq] [9f6d15fc] INFO  - [HiveMQ Platform Operator Init App 1.7.0-SNAPSHOT] Using bind address 10.42.0.17 from environment variable
2025-01-29 14:00:09,027 INFO c.h.h.t.HelmChartContainer - [test-hivemq-platform] [hivemq] [9f6d15fc] INFO  - [HiveMQ Platform Operator Init App 1.7.0-SNAPSHOT] HiveMQ Platform Operator Init App 1.7.0-SNAPSHOT (commit: bebf408 on branch: HEAD) built on Sun Jan 26 20:47:47 UTC 2025
2025-01-29 14:00:09,028 INFO c.h.h.t.HelmChartContainer - [test-hivemq-platform] [hivemq] [9f6d15fc] INFO  - [HiveMQ Platform Operator Init App 1.7.0-SNAPSHOT] PodInfo ConfigMap directory: /etc/podinfo
2025-01-29 14:00:09,028 INFO c.h.h.t.HelmChartContainer - [test-hivemq-platform] [hivemq] [9f6d15fc] INFO  - [HiveMQ Platform Operator Init App 1.7.0-SNAPSHOT] HiveMQ home directory: /opt/hivemq
2025-01-29 14:00:09,028 INFO c.h.h.t.HelmChartContainer - [test-hivemq-platform] [hivemq] [9f6d15fc] INFO  - [HiveMQ Platform Operator Init App 1.7.0-SNAPSHOT] HiveMQ Logback folder: /opt/hivemq/conf
2025-01-29 14:00:09,028 INFO c.h.h.t.HelmChartContainer - [test-hivemq-platform] [hivemq] [9f6d15fc] INFO  - [HiveMQ Platform Operator Init App 1.7.0-SNAPSHOT] HiveMQ Config folder: /opt/hivemq/conf-k8s
2025-01-29 14:00:09,029 INFO c.h.h.t.HelmChartContainer - [test-hivemq-platform] [hivemq] [9f6d15fc] INFO  - [HiveMQ Platform Operator Init App 1.7.0-SNAPSHOT] Starting HiveMQ Platform Operator Init App
2025-01-29 14:00:09,030 INFO c.h.h.t.HelmChartContainer - [test-hivemq-platform] [hivemq] [9f6d15fc] INFO  - [HiveMQ Platform Operator Init App 1.7.0-SNAPSHOT] Starting Pod reconciler
2025-01-29 14:00:10,228 INFO c.h.h.t.HelmChartContainer - [test-hivemq-platform] [hivemq] [9f6d15fc] INFO  - [HiveMQ Platform Operator Init App 1.7.0-SNAPSHOT] Pod reconciler is scheduled (interval: 5000 ms)
2025-01-29 14:00:10,229 INFO c.h.h.t.HelmChartContainer - [test-hivemq-platform] [hivemq] [9f6d15fc] INFO  - [HiveMQ Platform Operator Init App 1.7.0-SNAPSHOT] Starting the REST API on 10.42.0.17:7979
2025-01-29 14:00:10,232 INFO c.h.h.t.HelmChartContainer - [test-hivemq-platform] [hivemq] [9f6d15fc] INFO  - [HiveMQ Platform Operator Init App 1.7.0-SNAPSHOT] Waiting up to 600s for at most 2 HiveMQ nodes in cluster service hivemq-test-hivemq-platform-cluster.helmrollingupgradeplatformit.svc
2025-01-29 14:00:10,534 INFO c.h.h.t.HelmChartContainer - [test-hivemq-platform] [hivemq] [9f6d15fc] INFO  - [HiveMQ Platform Operator Init App 1.7.0-SNAPSHOT] Resolved 2 IP addresses: [10.42.0.17, 10.42.0.16]
2025-01-29 14:00:10,534 INFO c.h.h.t.HelmChartContainer - [test-hivemq-platform] [hivemq] [9f6d15fc] INFO  - [HiveMQ Platform Operator Init App 1.7.0-SNAPSHOT] HiveMQ node count of 2 is within threshold of 2
2025-01-29 14:00:10,534 INFO c.h.h.t.HelmChartContainer - [test-hivemq-platform] [hivemq] [9f6d15fc] INFO  - [HiveMQ Platform Operator Init App 1.7.0-SNAPSHOT] Waiting 15s for previous shutdown replication to finish...
2025-01-29 14:00:11,976 INFO c.h.h.t.HelmChartContainer - [test-hivemq-platform] [hivemq] [9f6d15fc] INFO  - [HiveMQ Platform Operator Init App 1.7.0-SNAPSHOT] Returning default Health API response 503 for readiness
2025-01-29 14:00:12,038 INFO c.h.h.t.HelmChartContainer - [EVENT] Warning [Unhealthy] Readiness probe failed: HTTP probe failed with statuscode: 503 [helmrollingupgradeplatformit:test-hivemq-platform-1]
2025-01-29 14:00:12,039 INFO c.h.h.t.HelmChartContainer - Received Unhealthy event for container hivemq in pod test-hivemq-platform-1 [9f6d15fc-5e14-491e-a657-b7fb19232c48]
2025-01-29 14:00:13,088 INFO c.h.h.t.HelmChartContainer - [test-hivemq-platform] [hivemq] [01bf704b] INFO  - [HiveMQ Platform Operator Init App 1.7.0-SNAPSHOT] Returning Health API response 200 for liveness
2025-01-29 14:00:16,053 INFO c.h.h.t.HelmChartContainer - [hivemq-test-hivemq-platform] [hivemq-platform-operator] [5b920660] 14:00:16.049 [pool-6-thread-44] DEBUG c.h.p.o.d.PodServiceAccountResource - [helmroll] Desired PodServiceAccountResource (serviceAccountName: hivemq-platform-pod-test-hivemq-platform)
2025-01-29 14:00:16,054 INFO c.h.h.t.HelmChartContainer - [hivemq-test-hivemq-platform] [hivemq-platform-operator] [5b920660] 14:00:16.051 [pool-6-thread-43] DEBUG c.h.p.o.d.PlatformServiceResource - [helmroll] Desired Platform services (3 services)
2025-01-29 14:00:16,054 INFO c.h.h.t.HelmChartContainer - [hivemq-test-hivemq-platform] [hivemq-platform-operator] [5b920660] 14:00:16.052 [pool-6-thread-45] DEBUG c.h.p.o.dependants.PodInfoConfigMap - [helmroll] Desired PodInfo ConfigMap (1 extensions) (1 enabled)
2025-01-29 14:00:16,056 INFO c.h.h.t.HelmChartContainer - [hivemq-test-hivemq-platform] [hivemq-platform-operator] [5b920660] 14:00:16.054 [pool-6-thread-45] DEBUG c.h.p.o.dependants.PodInfoConfigMap - [helmroll] Desired PodInfo ConfigMap (metrics port: 9399) (metrics path: /)
2025-01-29 14:00:16,056 INFO c.h.h.t.HelmChartContainer - [hivemq-test-hivemq-platform] [hivemq-platform-operator] [5b920660] 14:00:16.055 [pool-6-thread-45] DEBUG c.h.p.o.dependants.PodInfoConfigMap - [helmroll] Desired PodInfo ConfigMap (extension state hash: -1817474005)
2025-01-29 14:00:16,062 INFO c.h.h.t.HelmChartContainer - [hivemq-test-hivemq-platform] [hivemq-platform-operator] [5b920660] 14:00:16.058 [pool-6-thread-43] DEBUG c.h.p.o.d.StatefulSetResource - [helmroll] Desired StatefulSet (2 replicas) for status ROLLING_RESTART (SURGE_IN_PROGRESS)
2025-01-29 14:00:16,062 INFO c.h.h.t.HelmChartContainer - [hivemq-test-hivemq-platform] [hivemq-platform-operator] [5b920660] 14:00:16.061 [ReconcilerExecutor-hivemq-controller-124] INFO  c.h.p.o.HiveMQPlatformReconciler - [helmroll] Reconciling HiveMQ Platform 'test-hivemq-platform' in namespace 'helmrollingupgradeplatformit'
2025-01-29 14:00:16,064 INFO c.h.h.t.HelmChartContainer - [hivemq-test-hivemq-platform] [hivemq-platform-operator] [5b920660] 14:00:16.061 [ReconcilerExecutor-hivemq-controller-124] DEBUG c.h.p.o.HiveMQPlatformReconciler - [helmroll] Custom Resource Status ROLLING_RESTART - HiveMQ Platform is starting a surge Pod (rolling restart) (SURGE_IN_PROGRESS)
2025-01-29 14:00:16,064 INFO c.h.h.t.HelmChartContainer - [hivemq-test-hivemq-platform] [hivemq-platform-operator] [5b920660] 14:00:16.061 [ReconcilerExecutor-hivemq-controller-124] DEBUG c.h.p.o.HiveMQPlatformReconciler - [helmroll] Custom Resource Spec (replicas: 1) (extensions: 1)
2025-01-29 14:00:16,064 INFO c.h.h.t.HelmChartContainer - [hivemq-test-hivemq-platform] [hivemq-platform-operator] [5b920660] 14:00:16.063 [ReconcilerExecutor-hivemq-controller-124] DEBUG c.h.p.o.HiveMQPlatformReconciler - [helmroll] StatefulSet Status (revision: test-hivemq-platform-945c6dcb4, replicas: 2, available: 1, ready: 1, current: 1, updated: 1)
2025-01-29 14:00:16,064 INFO c.h.h.t.HelmChartContainer - [hivemq-test-hivemq-platform] [hivemq-platform-operator] [5b920660] 14:00:16.063 [ReconcilerExecutor-hivemq-controller-124] DEBUG c.h.p.o.HiveMQPlatformReconciler - [helmroll] StatefulSet Spec (replicas: 2, init containers: 1, containers: 1, volumes: 3)
2025-01-29 14:00:16,066 INFO c.h.h.t.HelmChartContainer - [hivemq-test-hivemq-platform] [hivemq-platform-operator] [5b920660] 14:00:16.065 [ReconcilerExecutor-hivemq-controller-124] DEBUG c.h.p.o.h.HiveMQPlatformReconcilerErrorHandler - [helmroll] Pod 'test-hivemq-platform-1' phase Running
2025-01-29 14:00:16,144 INFO c.h.h.t.HelmChartContainer - [hivemq-test-hivemq-platform] [hivemq-platform-operator] [5b920660] 14:00:16.142 [ReconcilerExecutor-hivemq-controller-124] DEBUG c.h.p.o.h.HiveMQPlatformReconcilerErrorHandler - [helmroll] Pod 'test-hivemq-platform-0' phase Running
2025-01-29 14:00:16,144 INFO c.h.h.t.HelmChartContainer - [hivemq-test-hivemq-platform] [hivemq-platform-operator] [5b920660] 14:00:16.143 [ReconcilerExecutor-hivemq-controller-124] DEBUG c.h.p.o.h.HiveMQPlatformReconcilerRollingRestartHandler - [helmroll] Rolling restart is waiting for 1 of 2 replicas
2025-01-29 14:00:17,018 INFO c.h.h.t.HelmChartContainer - [EVENT] Warning [Unhealthy] Readiness probe failed: HTTP probe failed with statuscode: 503 [helmrollingupgradeplatformit:test-hivemq-platform-1]
2025-01-29 14:00:17,018 INFO c.h.h.t.HelmChartContainer - Received Unhealthy event for container hivemq in pod test-hivemq-platform-1 [9f6d15fc-5e14-491e-a657-b7fb19232c48]
2025-01-29 14:00:17,639 INFO c.h.h.t.HelmChartContainer - [test-hivemq-platform] [hivemq] [9f6d15fc] INFO  - [HiveMQ Platform Operator Init App 1.7.0-SNAPSHOT] Updating Pod HiveMQ Platform Operator Init App version annotation (version: 1.7.0-SNAPSHOT)
2025-01-29 14:00:17,935 INFO c.h.h.t.HelmChartContainer - [POD] test-hivemq-platform-1 [9f6d15fc-5e14-491e-a657-b7fb19232c48] in helmrollingupgradeplatformit was MODIFIED
2025-01-29 14:00:17,944 INFO c.h.h.t.HelmChartContainer - [hivemq-test-hivemq-platform] [hivemq-platform-operator] [5b920660] 14:00:17.941 [pool-6-thread-10] DEBUG c.h.p.o.d.PlatformServiceResource - [helmroll] Desired Platform services (3 services)
2025-01-29 14:00:17,945 INFO c.h.h.t.HelmChartContainer - [EVENT] Warning [Unhealthy] Readiness probe failed: HTTP probe failed with statuscode: 503 [helmrollingupgradeplatformit:test-hivemq-platform-1]
2025-01-29 14:00:17,945 INFO c.h.h.t.HelmChartContainer - Received Unhealthy event for container hivemq in pod test-hivemq-platform-1 [9f6d15fc-5e14-491e-a657-b7fb19232c48]
2025-01-29 14:00:17,946 INFO c.h.h.t.HelmChartContainer - [hivemq-test-hivemq-platform] [hivemq-platform-operator] [5b920660] 14:00:17.943 [pool-6-thread-9] DEBUG c.h.p.o.d.PodServiceAccountResource - [helmroll] Desired PodServiceAccountResource (serviceAccountName: hivemq-platform-pod-test-hivemq-platform)
2025-01-29 14:00:17,946 INFO c.h.h.t.HelmChartContainer - [hivemq-test-hivemq-platform] [hivemq-platform-operator] [5b920660] 14:00:17.945 [pool-6-thread-8] DEBUG c.h.p.o.dependants.PodInfoConfigMap - [helmroll] Desired PodInfo ConfigMap (1 extensions) (1 enabled)
2025-01-29 14:00:17,948 INFO c.h.h.t.HelmChartContainer - [hivemq-test-hivemq-platform] [hivemq-platform-operator] [5b920660] 14:00:17.945 [pool-6-thread-8] DEBUG c.h.p.o.dependants.PodInfoConfigMap - [helmroll] Desired PodInfo ConfigMap (metrics port: 9399) (metrics path: /)
2025-01-29 14:00:17,948 INFO c.h.h.t.HelmChartContainer - [test-hivemq-platform] [hivemq] [9f6d15fc] INFO  - [HiveMQ Platform Operator Init App 1.7.0-SNAPSHOT] Successfully updated Pod HiveMQ Platform Operator Init App version annotation (version: 1.7.0-SNAPSHOT)
2025-01-29 14:00:17,948 INFO c.h.h.t.HelmChartContainer - [hivemq-test-hivemq-platform] [hivemq-platform-operator] [5b920660] 14:00:17.945 [pool-6-thread-8] DEBUG c.h.p.o.dependants.PodInfoConfigMap - [helmroll] Desired PodInfo ConfigMap (extension state hash: -1817474005)
2025-01-29 14:00:17,949 INFO c.h.h.t.HelmChartContainer - [hivemq-test-hivemq-platform] [hivemq-platform-operator] [5b920660] 14:00:17.948 [pool-6-thread-5] DEBUG c.h.p.o.d.StatefulSetResource - [helmroll] Desired StatefulSet (2 replicas) for status ROLLING_RESTART (SURGE_IN_PROGRESS)
2025-01-29 14:00:17,952 INFO c.h.h.t.HelmChartContainer - [hivemq-test-hivemq-platform] [hivemq-platform-operator] [5b920660] 14:00:17.951 [ReconcilerExecutor-hivemq-controller-125] INFO  c.h.p.o.HiveMQPlatformReconciler - [helmroll] Reconciling HiveMQ Platform 'test-hivemq-platform' in namespace 'helmrollingupgradeplatformit'
2025-01-29 14:00:17,953 INFO c.h.h.t.HelmChartContainer - [hivemq-test-hivemq-platform] [hivemq-platform-operator] [5b920660] 14:00:17.951 [ReconcilerExecutor-hivemq-controller-125] DEBUG c.h.p.o.HiveMQPlatformReconciler - [helmroll] Custom Resource Status ROLLING_RESTART - HiveMQ Platform is starting a surge Pod (rolling restart) (SURGE_IN_PROGRESS)
2025-01-29 14:00:17,953 INFO c.h.h.t.HelmChartContainer - [hivemq-test-hivemq-platform] [hivemq-platform-operator] [5b920660] 14:00:17.951 [ReconcilerExecutor-hivemq-controller-125] DEBUG c.h.p.o.HiveMQPlatformReconciler - [helmroll] Custom Resource Spec (replicas: 1) (extensions: 1)
2025-01-29 14:00:17,953 INFO c.h.h.t.HelmChartContainer - [hivemq-test-hivemq-platform] [hivemq-platform-operator] [5b920660] 14:00:17.952 [ReconcilerExecutor-hivemq-controller-125] DEBUG c.h.p.o.HiveMQPlatformReconciler - [helmroll] StatefulSet Status (revision: test-hivemq-platform-945c6dcb4, replicas: 2, available: 1, ready: 1, current: 1, updated: 1)
2025-01-29 14:00:17,954 INFO c.h.h.t.HelmChartContainer - [hivemq-test-hivemq-platform] [hivemq-platform-operator] [5b920660] 14:00:17.952 [ReconcilerExecutor-hivemq-controller-125] DEBUG c.h.p.o.HiveMQPlatformReconciler - [helmroll] StatefulSet Spec (replicas: 2, init containers: 1, containers: 1, volumes: 3)
2025-01-29 14:00:17,955 INFO c.h.h.t.HelmChartContainer - [hivemq-test-hivemq-platform] [hivemq-platform-operator] [5b920660] 14:00:17.953 [ReconcilerExecutor-hivemq-controller-125] DEBUG c.h.p.o.h.HiveMQPlatformReconcilerErrorHandler - [helmroll] Pod 'test-hivemq-platform-1' phase Running
2025-01-29 14:00:17,957 INFO c.h.h.t.HelmChartContainer - [hivemq-test-hivemq-platform] [hivemq-platform-operator] [5b920660] 14:00:17.956 [ReconcilerExecutor-hivemq-controller-125] DEBUG c.h.p.o.h.HiveMQPlatformReconcilerErrorHandler - [helmroll] Pod 'test-hivemq-platform-0' phase Running
2025-01-29 14:00:18,005 INFO c.h.h.t.HelmChartContainer - [hivemq-test-hivemq-platform] [hivemq-platform-operator] [5b920660] 14:00:17.957 [ReconcilerExecutor-hivemq-controller-125] DEBUG c.h.p.o.h.HiveMQPlatformReconcilerRollingRestartHandler - [helmroll] Rolling restart is waiting for 1 of 2 replicas
2025-01-29 14:00:22,938 INFO c.h.h.t.HelmChartContainer - [EVENT] Warning [Unhealthy] Readiness probe failed: HTTP probe failed with statuscode: 503 [helmrollingupgradeplatformit:test-hivemq-platform-1]
2025-01-29 14:00:22,938 INFO c.h.h.t.HelmChartContainer - Received Unhealthy event for container hivemq in pod test-hivemq-platform-1 [9f6d15fc-5e14-491e-a657-b7fb19232c48]
2025-01-29 14:00:25,535 INFO c.h.h.t.HelmChartContainer - [test-hivemq-platform] [hivemq] [9f6d15fc] INFO  - [HiveMQ Platform Operator Init App 1.7.0-SNAPSHOT] Proceeding with container start
2025-01-29 14:00:25,538 INFO c.h.h.t.HelmChartContainer - [test-hivemq-platform] [hivemq] [9f6d15fc] INFO  - [HiveMQ Platform Operator Init App 1.7.0-SNAPSHOT] Initializing HiveMQ Platform extensions with initial configuration: {hivemq-allow-all-extension={start-priority=-1, skip-https-hostname-verification=false, restart=true, config-version=0, header-version=0, c-uri=, priority=-1, uri=preinstalled, skip-https-certificate-validation=false, enabled=true}, hivemq-prometheus-extension={uri=preinstalled, skip-https-certificate-validation=false, skip-https-hostname-verification=false, c-uri=, start-priority=-1, priority=-1, restart=true, enabled=true, request-header-path=no-request-headers}}
2025-01-29 14:00:26,024 INFO c.h.h.t.HelmChartContainer - [test-hivemq-platform] [hivemq] [9f6d15fc] INFO  - [HiveMQ Platform Operator Init App 1.7.0-SNAPSHOT] Extension hivemq-allow-all-extension was already enabled
2025-01-29 14:00:26,033 INFO c.h.h.t.HelmChartContainer - [test-hivemq-platform] [hivemq] [9f6d15fc] INFO  - [HiveMQ Platform Operator Init App 1.7.0-SNAPSHOT] Successfully enabled extension hivemq-prometheus-extension
2025-01-29 14:00:26,035 INFO c.h.h.t.HelmChartContainer - [test-hivemq-platform] [hivemq] [9f6d15fc] INFO  - [HiveMQ Platform Operator Init App 1.7.0-SNAPSHOT] Starting HiveMQ Platform version 4.36.0 (4.36.0)
2025-01-29 14:00:26,035 INFO c.h.h.t.HelmChartContainer - [test-hivemq-platform] [hivemq] [9f6d15fc] INFO  - [HiveMQ Platform Operator Init App 1.7.0-SNAPSHOT] Configuring the HiveMQ Platform
2025-01-29 14:00:26,120 INFO c.h.h.t.HelmChartContainer - [test-hivemq-platform] [hivemq] [9f6d15fc] INFO  - [HiveMQ Platform Operator Init App 1.7.0-SNAPSHOT] Changed logback.xml file scan period to 20 seconds
2025-01-29 14:00:26,214 INFO c.h.h.t.HelmChartContainer - [test-hivemq-platform] [hivemq] [9f6d15fc] INFO  - [HiveMQ Platform Operator Init App 1.7.0-SNAPSHOT] Starting the HiveMQ Platform
2025-01-29 14:00:26,217 INFO c.h.h.t.HelmChartContainer - [test-hivemq-platform] [hivemq] [9f6d15fc] -------------------------------------------------------------------------
2025-01-29 14:00:26,217 INFO c.h.h.t.HelmChartContainer - [test-hivemq-platform] [hivemq] [9f6d15fc] 
2025-01-29 14:00:26,217 INFO c.h.h.t.HelmChartContainer - [test-hivemq-platform] [hivemq] [9f6d15fc]                   _    _  _              __  __   ____
2025-01-29 14:00:26,217 INFO c.h.h.t.HelmChartContainer - [test-hivemq-platform] [hivemq] [9f6d15fc]                  | |  | |(_)            |  \/  | / __ \
2025-01-29 14:00:26,217 INFO c.h.h.t.HelmChartContainer - [test-hivemq-platform] [hivemq] [9f6d15fc]                  | |__| | _ __   __ ___ | \  / || |  | |
2025-01-29 14:00:26,217 INFO c.h.h.t.HelmChartContainer - [test-hivemq-platform] [hivemq] [9f6d15fc]                  |  __  || |\ \ / // _ \| |\/| || |  | |
2025-01-29 14:00:26,217 INFO c.h.h.t.HelmChartContainer - [test-hivemq-platform] [hivemq] [9f6d15fc]                  | |  | || | \ V /|  __/| |  | || |__| |
2025-01-29 14:00:26,217 INFO c.h.h.t.HelmChartContainer - [test-hivemq-platform] [hivemq] [9f6d15fc]                  |_|  |_||_|  \_/  \___||_|  |_| \___\_\
2025-01-29 14:00:26,217 INFO c.h.h.t.HelmChartContainer - [test-hivemq-platform] [hivemq] [9f6d15fc] 
2025-01-29 14:00:26,217 INFO c.h.h.t.HelmChartContainer - [test-hivemq-platform] [hivemq] [9f6d15fc] -------------------------------------------------------------------------
2025-01-29 14:00:26,217 INFO c.h.h.t.HelmChartContainer - [test-hivemq-platform] [hivemq] [9f6d15fc] 
2025-01-29 14:00:26,217 INFO c.h.h.t.HelmChartContainer - [test-hivemq-platform] [hivemq] [9f6d15fc]   HiveMQ Start Script for Linux/Unix v1.14
2025-01-29 14:00:26,217 INFO c.h.h.t.HelmChartContainer - [test-hivemq-platform] [hivemq] [9f6d15fc] 
2025-01-29 14:00:26,248 INFO c.h.h.t.HelmChartContainer - [test-hivemq-platform] [hivemq] [9f6d15fc] -------------------------------------------------------------------------
2025-01-29 14:00:26,248 INFO c.h.h.t.HelmChartContainer - [test-hivemq-platform] [hivemq] [9f6d15fc] 
2025-01-29 14:00:26,248 INFO c.h.h.t.HelmChartContainer - [test-hivemq-platform] [hivemq] [9f6d15fc]   HIVEMQ_HOME: /opt/hivemq
2025-01-29 14:00:26,248 INFO c.h.h.t.HelmChartContainer - [test-hivemq-platform] [hivemq] [9f6d15fc] 
2025-01-29 14:00:26,248 INFO c.h.h.t.HelmChartContainer - [test-hivemq-platform] [hivemq] [9f6d15fc]   JAVA_OPTS: -XX:+UnlockExperimentalVMOptions -XX:InitialRAMPercentage=50 -XX:MaxRAMPercentage=50 -Djava.net.preferIPv4Stack=true --add-opens java.base/java.lang=ALL-UNNAMED --add-opens java.base/java.nio=ALL-UNNAMED --add-opens java.base/sun.nio.ch=ALL-UNNAMED --add-opens jdk.management/com.sun.management.internal=ALL-UNNAMED --add-exports java.base/jdk.internal.misc=ALL-UNNAMED -Djava.security.egd=file:/dev/./urandom -Dcom.sun.management.jmxremote -Dcom.sun.management.jmxremote.port=9010 -Dcom.sun.management.jmxremote.local.only=false -Dcom.sun.management.jmxremote.authenticate=false -Dcom.sun.management.jmxremote.ssl=false -Duser.language=en -Duser.region=US -XX:+CrashOnOutOfMemoryError -XX:+HeapDumpOnOutOfMemoryError
2025-01-29 14:00:26,248 INFO c.h.h.t.HelmChartContainer - [test-hivemq-platform] [hivemq] [9f6d15fc] 
2025-01-29 14:00:26,248 INFO c.h.h.t.HelmChartContainer - [test-hivemq-platform] [hivemq] [9f6d15fc]   JAVA_VERSION: 21
2025-01-29 14:00:26,248 INFO c.h.h.t.HelmChartContainer - [test-hivemq-platform] [hivemq] [9f6d15fc] 
2025-01-29 14:00:26,248 INFO c.h.h.t.HelmChartContainer - [test-hivemq-platform] [hivemq] [9f6d15fc] -------------------------------------------------------------------------
2025-01-29 14:00:26,248 INFO c.h.h.t.HelmChartContainer - [test-hivemq-platform] [hivemq] [9f6d15fc] 
2025-01-29 14:00:28,009 INFO c.h.h.t.HelmChartContainer - [hivemq-test-hivemq-platform] [hivemq-platform-operator] [5b920660] 14:00:28.006 [pool-6-thread-15] DEBUG c.h.p.o.d.PlatformServiceResource - [helmroll] Desired Platform services (3 services)
2025-01-29 14:00:28,010 INFO c.h.h.t.HelmChartContainer - [hivemq-test-hivemq-platform] [hivemq-platform-operator] [5b920660] 14:00:28.008 [pool-6-thread-14] DEBUG c.h.p.o.dependants.PodInfoConfigMap - [helmroll] Desired PodInfo ConfigMap (1 extensions) (1 enabled)
2025-01-29 14:00:28,010 INFO c.h.h.t.HelmChartContainer - [hivemq-test-hivemq-platform] [hivemq-platform-operator] [5b920660] 14:00:28.008 [pool-6-thread-14] DEBUG c.h.p.o.dependants.PodInfoConfigMap - [helmroll] Desired PodInfo ConfigMap (metrics port: 9399) (metrics path: /)
2025-01-29 14:00:28,010 INFO c.h.h.t.HelmChartContainer - [hivemq-test-hivemq-platform] [hivemq-platform-operator] [5b920660] 14:00:28.008 [pool-6-thread-14] DEBUG c.h.p.o.dependants.PodInfoConfigMap - [helmroll] Desired PodInfo ConfigMap (extension state hash: -1817474005)
2025-01-29 14:00:28,010 INFO c.h.h.t.HelmChartContainer - [hivemq-test-hivemq-platform] [hivemq-platform-operator] [5b920660] 14:00:28.008 [pool-6-thread-13] DEBUG c.h.p.o.d.PodServiceAccountResource - [helmroll] Desired PodServiceAccountResource (serviceAccountName: hivemq-platform-pod-test-hivemq-platform)
2025-01-29 14:00:28,017 INFO c.h.h.t.HelmChartContainer - [hivemq-test-hivemq-platform] [hivemq-platform-operator] [5b920660] 14:00:28.015 [pool-6-thread-15] DEBUG c.h.p.o.d.StatefulSetResource - [helmroll] Desired StatefulSet (2 replicas) for status ROLLING_RESTART (SURGE_IN_PROGRESS)
2025-01-29 14:00:28,026 INFO c.h.h.t.HelmChartContainer - [EVENT] Warning [Unhealthy] Readiness probe failed: HTTP probe failed with statuscode: 503 [helmrollingupgradeplatformit:test-hivemq-platform-1]
2025-01-29 14:00:28,026 INFO c.h.h.t.HelmChartContainer - Received Unhealthy event for container hivemq in pod test-hivemq-platform-1 [9f6d15fc-5e14-491e-a657-b7fb19232c48]
2025-01-29 14:00:28,027 INFO c.h.h.t.HelmChartContainer - [hivemq-test-hivemq-platform] [hivemq-platform-operator] [5b920660] 14:00:28.026 [ReconcilerExecutor-hivemq-controller-126] INFO  c.h.p.o.HiveMQPlatformReconciler - [helmroll] Reconciling HiveMQ Platform 'test-hivemq-platform' in namespace 'helmrollingupgradeplatformit'
2025-01-29 14:00:28,029 INFO c.h.h.t.HelmChartContainer - [hivemq-test-hivemq-platform] [hivemq-platform-operator] [5b920660] 14:00:28.026 [ReconcilerExecutor-hivemq-controller-126] DEBUG c.h.p.o.HiveMQPlatformReconciler - [helmroll] Custom Resource Status ROLLING_RESTART - HiveMQ Platform is starting a surge Pod (rolling restart) (SURGE_IN_PROGRESS)
2025-01-29 14:00:28,029 INFO c.h.h.t.HelmChartContainer - [hivemq-test-hivemq-platform] [hivemq-platform-operator] [5b920660] 14:00:28.026 [ReconcilerExecutor-hivemq-controller-126] DEBUG c.h.p.o.HiveMQPlatformReconciler - [helmroll] Custom Resource Spec (replicas: 1) (extensions: 1)
2025-01-29 14:00:28,031 INFO c.h.h.t.HelmChartContainer - [hivemq-test-hivemq-platform] [hivemq-platform-operator] [5b920660] 14:00:28.030 [ReconcilerExecutor-hivemq-controller-126] DEBUG c.h.p.o.HiveMQPlatformReconciler - [helmroll] StatefulSet Status (revision: test-hivemq-platform-945c6dcb4, replicas: 2, available: 1, ready: 1, current: 1, updated: 1)
2025-01-29 14:00:28,031 INFO c.h.h.t.HelmChartContainer - [hivemq-test-hivemq-platform] [hivemq-platform-operator] [5b920660] 14:00:28.030 [ReconcilerExecutor-hivemq-controller-126] DEBUG c.h.p.o.HiveMQPlatformReconciler - [helmroll] StatefulSet Spec (replicas: 2, init containers: 1, containers: 1, volumes: 3)
2025-01-29 14:00:28,039 INFO c.h.h.t.HelmChartContainer - [hivemq-test-hivemq-platform] [hivemq-platform-operator] [5b920660] 14:00:28.035 [ReconcilerExecutor-hivemq-controller-126] DEBUG c.h.p.o.h.HiveMQPlatformReconcilerErrorHandler - [helmroll] Pod 'test-hivemq-platform-1' phase Running
2025-01-29 14:00:28,039 INFO c.h.h.t.HelmChartContainer - [hivemq-test-hivemq-platform] [hivemq-platform-operator] [5b920660] 14:00:28.038 [ReconcilerExecutor-hivemq-controller-126] DEBUG c.h.p.o.h.HiveMQPlatformReconcilerErrorHandler - [helmroll] Pod 'test-hivemq-platform-0' phase Running
2025-01-29 14:00:28,039 INFO c.h.h.t.HelmChartContainer - [hivemq-test-hivemq-platform] [hivemq-platform-operator] [5b920660] 14:00:28.038 [ReconcilerExecutor-hivemq-controller-126] DEBUG c.h.p.o.h.HiveMQPlatformReconcilerRollingRestartHandler - [helmroll] Rolling restart is waiting for 1 of 2 replicas
2025-01-29 14:00:28,817 INFO c.h.h.t.HelmChartContainer - [test-hivemq-platform] [hivemq] [9f6d15fc] INFO  - Starting HiveMQ Enterprise Server
2025-01-29 14:00:28,824 INFO c.h.h.t.HelmChartContainer - [test-hivemq-platform] [hivemq] [9f6d15fc] INFO  - HiveMQ version: 4.36.0
2025-01-29 14:00:28,824 INFO c.h.h.t.HelmChartContainer - [test-hivemq-platform] [hivemq] [9f6d15fc] INFO  - HiveMQ home directory: /opt/hivemq
2025-01-29 14:00:28,824 INFO c.h.h.t.HelmChartContainer - [test-hivemq-platform] [hivemq] [9f6d15fc] INFO  - Log Configuration was overridden by /opt/hivemq/conf/logback.xml
2025-01-29 14:00:30,022 INFO c.h.h.t.HelmChartContainer - [test-hivemq-platform] [hivemq] [9f6d15fc] INFO  - Successfully loaded configuration from '/opt/hivemq/conf-k8s/config.xml'.
2025-01-29 14:00:30,325 INFO c.h.h.t.HelmChartContainer - [test-hivemq-platform] [hivemq] [9f6d15fc] INFO  - This node's ID is 9WhDG
2025-01-29 14:00:30,325 INFO c.h.h.t.HelmChartContainer - [test-hivemq-platform] [hivemq] [9f6d15fc] INFO  - Clustering is enabled
2025-01-29 14:00:33,219 INFO c.h.h.t.HelmChartContainer - [test-hivemq-platform] [hivemq] [9f6d15fc] WARN  - [HiveMQ Platform Operator Init App 1.7.0-SNAPSHOT] Cannot connect to Health API for readiness: null
2025-01-29 14:00:33,224 INFO c.h.h.t.HelmChartContainer - [EVENT] Warning [Unhealthy] Readiness probe failed: HTTP probe failed with statuscode: 503 [helmrollingupgradeplatformit:test-hivemq-platform-1]
2025-01-29 14:00:33,224 INFO c.h.h.t.HelmChartContainer - Received Unhealthy event for container hivemq in pod test-hivemq-platform-1 [9f6d15fc-5e14-491e-a657-b7fb19232c48]
2025-01-29 14:00:33,319 INFO c.h.h.t.HelmChartContainer - [test-hivemq-platform] [hivemq] [9f6d15fc] WARN  - [HiveMQ Platform Operator Init App 1.7.0-SNAPSHOT] Cannot connect to Health API for liveness: null
2025-01-29 14:00:33,322 INFO c.h.h.t.HelmChartContainer - [test-hivemq-platform] [hivemq] [9f6d15fc] INFO  - [HiveMQ Platform Operator Init App 1.7.0-SNAPSHOT] Returning default Health API response 200 for liveness
2025-01-29 14:00:38,014 INFO c.h.h.t.HelmChartContainer - [test-hivemq-platform] [hivemq] [9f6d15fc] WARN  - [HiveMQ Platform Operator Init App 1.7.0-SNAPSHOT] Cannot connect to Health API for readiness: null
2025-01-29 14:00:38,020 INFO c.h.h.t.HelmChartContainer - [EVENT] Warning [Unhealthy] Readiness probe failed: HTTP probe failed with statuscode: 503 [helmrollingupgradeplatformit:test-hivemq-platform-1]
2025-01-29 14:00:38,020 INFO c.h.h.t.HelmChartContainer - Received Unhealthy event for container hivemq in pod test-hivemq-platform-1 [9f6d15fc-5e14-491e-a657-b7fb19232c48]
2025-01-29 14:00:38,045 INFO c.h.h.t.HelmChartContainer - [hivemq-test-hivemq-platform] [hivemq-platform-operator] [5b920660] 14:00:38.042 [pool-6-thread-28] DEBUG c.h.p.o.dependants.PodInfoConfigMap - [helmroll] Desired PodInfo ConfigMap (1 extensions) (1 enabled)
2025-01-29 14:00:38,047 INFO c.h.h.t.HelmChartContainer - [hivemq-test-hivemq-platform] [hivemq-platform-operator] [5b920660] 14:00:38.042 [pool-6-thread-21] DEBUG c.h.p.o.d.PodServiceAccountResource - [helmroll] Desired PodServiceAccountResource (serviceAccountName: hivemq-platform-pod-test-hivemq-platform)
2025-01-29 14:00:38,047 INFO c.h.h.t.HelmChartContainer - [hivemq-test-hivemq-platform] [hivemq-platform-operator] [5b920660] 14:00:38.042 [pool-6-thread-28] DEBUG c.h.p.o.dependants.PodInfoConfigMap - [helmroll] Desired PodInfo ConfigMap (metrics port: 9399) (metrics path: /)
2025-01-29 14:00:38,047 INFO c.h.h.t.HelmChartContainer - [hivemq-test-hivemq-platform] [hivemq-platform-operator] [5b920660] 14:00:38.043 [pool-6-thread-28] DEBUG c.h.p.o.dependants.PodInfoConfigMap - [helmroll] Desired PodInfo ConfigMap (extension state hash: -1817474005)
2025-01-29 14:00:38,047 INFO c.h.h.t.HelmChartContainer - [hivemq-test-hivemq-platform] [hivemq-platform-operator] [5b920660] 14:00:38.043 [pool-6-thread-24] DEBUG c.h.p.o.d.PlatformServiceResource - [helmroll] Desired Platform services (3 services)
2025-01-29 14:00:38,048 INFO c.h.h.t.HelmChartContainer - [hivemq-test-hivemq-platform] [hivemq-platform-operator] [5b920660] 14:00:38.047 [pool-6-thread-26] DEBUG c.h.p.o.d.StatefulSetResource - [helmroll] Desired StatefulSet (2 replicas) for status ROLLING_RESTART (SURGE_IN_PROGRESS)
2025-01-29 14:00:38,051 INFO c.h.h.t.HelmChartContainer - [hivemq-test-hivemq-platform] [hivemq-platform-operator] [5b920660] 14:00:38.050 [ReconcilerExecutor-hivemq-controller-127] INFO  c.h.p.o.HiveMQPlatformReconciler - [helmroll] Reconciling HiveMQ Platform 'test-hivemq-platform' in namespace 'helmrollingupgradeplatformit'
2025-01-29 14:00:38,052 INFO c.h.h.t.HelmChartContainer - [hivemq-test-hivemq-platform] [hivemq-platform-operator] [5b920660] 14:00:38.050 [ReconcilerExecutor-hivemq-controller-127] DEBUG c.h.p.o.HiveMQPlatformReconciler - [helmroll] Custom Resource Status ROLLING_RESTART - HiveMQ Platform is starting a surge Pod (rolling restart) (SURGE_IN_PROGRESS)
2025-01-29 14:00:38,052 INFO c.h.h.t.HelmChartContainer - [hivemq-test-hivemq-platform] [hivemq-platform-operator] [5b920660] 14:00:38.050 [ReconcilerExecutor-hivemq-controller-127] DEBUG c.h.p.o.HiveMQPlatformReconciler - [helmroll] Custom Resource Spec (replicas: 1) (extensions: 1)
2025-01-29 14:00:38,053 INFO c.h.h.t.HelmChartContainer - [hivemq-test-hivemq-platform] [hivemq-platform-operator] [5b920660] 14:00:38.052 [ReconcilerExecutor-hivemq-controller-127] DEBUG c.h.p.o.HiveMQPlatformReconciler - [helmroll] StatefulSet Status (revision: test-hivemq-platform-945c6dcb4, replicas: 2, available: 1, ready: 1, current: 1, updated: 1)
2025-01-29 14:00:38,053 INFO c.h.h.t.HelmChartContainer - [hivemq-test-hivemq-platform] [hivemq-platform-operator] [5b920660] 14:00:38.052 [ReconcilerExecutor-hivemq-controller-127] DEBUG c.h.p.o.HiveMQPlatformReconciler - [helmroll] StatefulSet Spec (replicas: 2, init containers: 1, containers: 1, volumes: 3)
2025-01-29 14:00:38,054 INFO c.h.h.t.HelmChartContainer - [hivemq-test-hivemq-platform] [hivemq-platform-operator] [5b920660] 14:00:38.053 [ReconcilerExecutor-hivemq-controller-127] DEBUG c.h.p.o.h.HiveMQPlatformReconcilerErrorHandler - [helmroll] Pod 'test-hivemq-platform-1' phase Running
2025-01-29 14:00:38,056 INFO c.h.h.t.HelmChartContainer - [hivemq-test-hivemq-platform] [hivemq-platform-operator] [5b920660] 14:00:38.055 [ReconcilerExecutor-hivemq-controller-127] DEBUG c.h.p.o.h.HiveMQPlatformReconcilerErrorHandler - [helmroll] Pod 'test-hivemq-platform-0' phase Running
2025-01-29 14:00:38,056 INFO c.h.h.t.HelmChartContainer - [hivemq-test-hivemq-platform] [hivemq-platform-operator] [5b920660] 14:00:38.055 [ReconcilerExecutor-hivemq-controller-127] DEBUG c.h.p.o.h.HiveMQPlatformReconcilerRollingRestartHandler - [helmroll] Rolling restart is waiting for 1 of 2 replicas
2025-01-29 14:00:43,016 INFO c.h.h.t.HelmChartContainer - [test-hivemq-platform] [hivemq] [9f6d15fc] WARN  - [HiveMQ Platform Operator Init App 1.7.0-SNAPSHOT] Cannot connect to Health API for readiness: null
2025-01-29 14:00:43,022 INFO c.h.h.t.HelmChartContainer - [EVENT] Warning [Unhealthy] Readiness probe failed: HTTP probe failed with statuscode: 503 [helmrollingupgradeplatformit:test-hivemq-platform-1]
2025-01-29 14:00:43,022 INFO c.h.h.t.HelmChartContainer - Received Unhealthy event for container hivemq in pod test-hivemq-platform-1 [9f6d15fc-5e14-491e-a657-b7fb19232c48]
2025-01-29 14:00:43,841 INFO c.h.h.t.HelmChartContainer - [test-hivemq-platform] [hivemq] [9f6d15fc] INFO  - No valid license file found. Using trial license, restricted to 25 connections.
2025-01-29 14:00:47,333 INFO c.h.h.t.HelmChartContainer - [test-hivemq-platform] [hivemq] [9f6d15fc] INFO  - No valid license file for Data Hub found. Using free license, restricted to 1 policy.
2025-01-29 14:00:48,016 INFO c.h.h.t.HelmChartContainer - [test-hivemq-platform] [hivemq] [9f6d15fc] WARN  - [HiveMQ Platform Operator Init App 1.7.0-SNAPSHOT] Cannot connect to Health API for readiness: null
2025-01-29 14:00:48,022 INFO c.h.h.t.HelmChartContainer - [EVENT] Warning [Unhealthy] Readiness probe failed: HTTP probe failed with statuscode: 503 [helmrollingupgradeplatformit:test-hivemq-platform-1]
2025-01-29 14:00:48,022 INFO c.h.h.t.HelmChartContainer - Received Unhealthy event for container hivemq in pod test-hivemq-platform-1 [9f6d15fc-5e14-491e-a657-b7fb19232c48]
2025-01-29 14:00:48,062 INFO c.h.h.t.HelmChartContainer - [hivemq-test-hivemq-platform] [hivemq-platform-operator] [5b920660] 14:00:48.059 [pool-6-thread-40] DEBUG c.h.p.o.d.PlatformServiceResource - [helmroll] Desired Platform services (3 services)
2025-01-29 14:00:48,062 INFO c.h.h.t.HelmChartContainer - [hivemq-test-hivemq-platform] [hivemq-platform-operator] [5b920660] 14:00:48.059 [pool-6-thread-37] DEBUG c.h.p.o.dependants.PodInfoConfigMap - [helmroll] Desired PodInfo ConfigMap (1 extensions) (1 enabled)
2025-01-29 14:00:48,062 INFO c.h.h.t.HelmChartContainer - [hivemq-test-hivemq-platform] [hivemq-platform-operator] [5b920660] 14:00:48.059 [pool-6-thread-37] DEBUG c.h.p.o.dependants.PodInfoConfigMap - [helmroll] Desired PodInfo ConfigMap (metrics port: 9399) (metrics path: /)
2025-01-29 14:00:48,062 INFO c.h.h.t.HelmChartContainer - [hivemq-test-hivemq-platform] [hivemq-platform-operator] [5b920660] 14:00:48.059 [pool-6-thread-37] DEBUG c.h.p.o.dependants.PodInfoConfigMap - [helmroll] Desired PodInfo ConfigMap (extension state hash: -1817474005)
2025-01-29 14:00:48,062 INFO c.h.h.t.HelmChartContainer - [hivemq-test-hivemq-platform] [hivemq-platform-operator] [5b920660] 14:00:48.060 [pool-6-thread-32] DEBUG c.h.p.o.d.PodServiceAccountResource - [helmroll] Desired PodServiceAccountResource (serviceAccountName: hivemq-platform-pod-test-hivemq-platform)
2025-01-29 14:00:48,066 INFO c.h.h.t.HelmChartContainer - [hivemq-test-hivemq-platform] [hivemq-platform-operator] [5b920660] 14:00:48.065 [pool-6-thread-40] DEBUG c.h.p.o.d.StatefulSetResource - [helmroll] Desired StatefulSet (2 replicas) for status ROLLING_RESTART (SURGE_IN_PROGRESS)
2025-01-29 14:00:48,071 INFO c.h.h.t.HelmChartContainer - [hivemq-test-hivemq-platform] [hivemq-platform-operator] [5b920660] 14:00:48.069 [ReconcilerExecutor-hivemq-controller-128] INFO  c.h.p.o.HiveMQPlatformReconciler - [helmroll] Reconciling HiveMQ Platform 'test-hivemq-platform' in namespace 'helmrollingupgradeplatformit'
2025-01-29 14:00:48,071 INFO c.h.h.t.HelmChartContainer - [hivemq-test-hivemq-platform] [hivemq-platform-operator] [5b920660] 14:00:48.069 [ReconcilerExecutor-hivemq-controller-128] DEBUG c.h.p.o.HiveMQPlatformReconciler - [helmroll] Custom Resource Status ROLLING_RESTART - HiveMQ Platform is starting a surge Pod (rolling restart) (SURGE_IN_PROGRESS)
2025-01-29 14:00:48,071 INFO c.h.h.t.HelmChartContainer - [hivemq-test-hivemq-platform] [hivemq-platform-operator] [5b920660] 14:00:48.069 [ReconcilerExecutor-hivemq-controller-128] DEBUG c.h.p.o.HiveMQPlatformReconciler - [helmroll] Custom Resource Spec (replicas: 1) (extensions: 1)
2025-01-29 14:00:48,073 INFO c.h.h.t.HelmChartContainer - [hivemq-test-hivemq-platform] [hivemq-platform-operator] [5b920660] 14:00:48.070 [ReconcilerExecutor-hivemq-controller-128] DEBUG c.h.p.o.HiveMQPlatformReconciler - [helmroll] StatefulSet Status (revision: test-hivemq-platform-945c6dcb4, replicas: 2, available: 1, ready: 1, current: 1, updated: 1)
2025-01-29 14:00:48,073 INFO c.h.h.t.HelmChartContainer - [hivemq-test-hivemq-platform] [hivemq-platform-operator] [5b920660] 14:00:48.070 [ReconcilerExecutor-hivemq-controller-128] DEBUG c.h.p.o.HiveMQPlatformReconciler - [helmroll] StatefulSet Spec (replicas: 2, init containers: 1, containers: 1, volumes: 3)
2025-01-29 14:00:48,074 INFO c.h.h.t.HelmChartContainer - [hivemq-test-hivemq-platform] [hivemq-platform-operator] [5b920660] 14:00:48.073 [ReconcilerExecutor-hivemq-controller-128] DEBUG c.h.p.o.h.HiveMQPlatformReconcilerErrorHandler - [helmroll] Pod 'test-hivemq-platform-1' phase Running
2025-01-29 14:00:48,075 INFO c.h.h.t.HelmChartContainer - [hivemq-test-hivemq-platform] [hivemq-platform-operator] [5b920660] 14:00:48.074 [ReconcilerExecutor-hivemq-controller-128] DEBUG c.h.p.o.h.HiveMQPlatformReconcilerErrorHandler - [helmroll] Pod 'test-hivemq-platform-0' phase Running
2025-01-29 14:00:48,143 INFO c.h.h.t.HelmChartContainer - [hivemq-test-hivemq-platform] [hivemq-platform-operator] [5b920660] 14:00:48.142 [ReconcilerExecutor-hivemq-controller-128] DEBUG c.h.p.o.h.HiveMQPlatformReconcilerRollingRestartHandler - [helmroll] Rolling restart is waiting for 1 of 2 replicas
2025-01-29 14:00:48,538 INFO c.h.h.t.HelmChartContainer - [test-hivemq-platform] [hivemq] [9f6d15fc] INFO  - Audit Logger started.
2025-01-29 14:00:48,823 INFO c.h.h.t.HelmChartContainer - [test-hivemq-platform] [hivemq] [9f6d15fc] INFO  - This node uses '1' CPU cores.
2025-01-29 14:00:48,828 INFO c.h.h.t.HelmChartContainer - [test-hivemq-platform] [hivemq] [9f6d15fc] INFO  - Starting HiveMQ Health API on address 0.0.0.0 and port 8889
2025-01-29 14:00:49,722 INFO c.h.h.t.HelmChartContainer - [test-hivemq-platform] [hivemq] [9f6d15fc] INFO  - Started HiveMQ Health API in 893ms
2025-01-29 14:00:50,450 INFO c.h.h.t.HelmChartContainer - [test-hivemq-platform] [hivemq] [9f6d15fc] INFO  - Starting HiveMQ extension system.
2025-01-29 14:00:50,718 INFO c.h.h.t.HelmChartContainer - [test-hivemq-platform] [hivemq] [9f6d15fc] INFO  - Starting extension with id "hivemq-dns-cluster-discovery" at /opt/hivemq/extensions/hivemq-dns-cluster-discovery
2025-01-29 14:00:51,221 INFO c.h.h.t.HelmChartContainer - [test-hivemq-platform] [hivemq] [9f6d15fc] INFO  - Extension "DNS Cluster Discovery Extension" version 4.3.2 started successfully.
2025-01-29 14:00:51,221 INFO c.h.h.t.HelmChartContainer - [test-hivemq-platform] [hivemq] [9f6d15fc] INFO  - Starting extension with id "hivemq-prometheus-extension" at /opt/hivemq/extensions/hivemq-prometheus-extension
2025-01-29 14:00:51,316 INFO c.h.h.t.HelmChartContainer - [test-hivemq-platform] [hivemq] [9f6d15fc] INFO  - Using TCP cluster transport on address 10.42.0.17 and port 7000
2025-01-29 14:00:51,323 INFO c.h.h.t.HelmChartContainer - [test-hivemq-platform] [hivemq] [9f6d15fc] INFO  - Using extension cluster discovery
2025-01-29 14:00:52,125 INFO c.h.h.t.HelmChartContainer - [test-hivemq-platform] [hivemq] [9f6d15fc] INFO  - Started Jetty Server exposing Prometheus Servlet on URI http://0.0.0.0:9399/
2025-01-29 14:00:52,126 INFO c.h.h.t.HelmChartContainer - [test-hivemq-platform] [hivemq] [9f6d15fc] INFO  - Extension "Prometheus Monitoring Extension" version 4.0.12 started successfully.
2025-01-29 14:00:52,126 INFO c.h.h.t.HelmChartContainer - [test-hivemq-platform] [hivemq] [9f6d15fc] INFO  - Starting extension with id "hivemq-allow-all-extension" at /opt/hivemq/extensions/hivemq-allow-all-extension
2025-01-29 14:00:52,126 INFO c.h.h.t.HelmChartContainer - [test-hivemq-platform] [hivemq] [9f6d15fc] WARN  - 
2025-01-29 14:00:52,126 INFO c.h.h.t.HelmChartContainer - [test-hivemq-platform] [hivemq] [9f6d15fc] ################################################################################################################
2025-01-29 14:00:52,126 INFO c.h.h.t.HelmChartContainer - [test-hivemq-platform] [hivemq] [9f6d15fc] # This HiveMQ deployment is not secure! You are lacking Authentication and Authorization.                      #
2025-01-29 14:00:52,126 INFO c.h.h.t.HelmChartContainer - [test-hivemq-platform] [hivemq] [9f6d15fc] # Right now any MQTT client can connect to the broker with a full set of permissions.                          #
2025-01-29 14:00:52,126 INFO c.h.h.t.HelmChartContainer - [test-hivemq-platform] [hivemq] [9f6d15fc] # For production usage, add an appropriate security extension and remove the hivemq-allow-all extension.       #
2025-01-29 14:00:52,126 INFO c.h.h.t.HelmChartContainer - [test-hivemq-platform] [hivemq] [9f6d15fc] # You can download security extensions from the HiveMQ Marketplace (https://www.hivemq.com/extensions/).       #
2025-01-29 14:00:52,126 INFO c.h.h.t.HelmChartContainer - [test-hivemq-platform] [hivemq] [9f6d15fc] ################################################################################################################
2025-01-29 14:00:52,126 INFO c.h.h.t.HelmChartContainer - [test-hivemq-platform] [hivemq] [9f6d15fc] INFO  - Extension "Allow All Extension" version 1.1.1 started successfully.
2025-01-29 14:00:52,321 INFO c.h.h.t.HelmChartContainer - [test-hivemq-platform] [hivemq] [01bf704b] INFO  - Cluster nodes found by discovery: [Pjcci|1] (2) [Pjcci, 9WhDG].
2025-01-29 14:00:52,335 INFO c.h.h.t.HelmChartContainer - [test-hivemq-platform] [hivemq] [9f6d15fc] INFO  - Cluster nodes found by discovery: [Pjcci|1] (2) [Pjcci, 9WhDG].
2025-01-29 14:00:52,514 INFO c.h.h.t.HelmChartContainer - [test-hivemq-platform] [hivemq] [9f6d15fc] INFO  - Cluster size = 1, members : [Pjcci].
2025-01-29 14:00:52,917 INFO c.h.h.t.HelmChartContainer - [test-hivemq-platform] [hivemq] [9f6d15fc] INFO  - Starting cluster join process. This may take a while. Please do not shut down HiveMQ.
2025-01-29 14:00:52,919 INFO c.h.h.t.HelmChartContainer - [test-hivemq-platform] [hivemq] [9f6d15fc] INFO  - Cluster join process is still ongoing. Please do not shut down HiveMQ.
2025-01-29 14:00:52,988 INFO c.h.h.t.HelmChartContainer - [test-hivemq-platform] [hivemq] [01bf704b] WARN  - One or more cluster nodes have a different HiveMQ version than: 4.35.0
2025-01-29 14:00:53,719 INFO c.h.h.t.HelmChartContainer - [test-hivemq-platform] [hivemq] [9f6d15fc] INFO  - [HiveMQ Platform Operator Init App 1.7.0-SNAPSHOT] Returning Health API response 503 for readiness
2025-01-29 14:00:53,724 INFO c.h.h.t.HelmChartContainer - [EVENT] Warning [Unhealthy] Readiness probe failed: HTTP probe failed with statuscode: 503 [helmrollingupgradeplatformit:test-hivemq-platform-1]
2025-01-29 14:00:53,724 INFO c.h.h.t.HelmChartContainer - Received Unhealthy event for container hivemq in pod test-hivemq-platform-1 [9f6d15fc-5e14-491e-a657-b7fb19232c48]
2025-01-29 14:00:54,929 INFO c.h.h.t.HelmChartContainer - [test-hivemq-platform] [hivemq] [01bf704b] INFO  - Cluster size = 2, members : [9WhDG, Pjcci].
2025-01-29 14:00:54,938 INFO c.h.h.t.HelmChartContainer - [test-hivemq-platform] [hivemq] [9f6d15fc] INFO  - Cluster size = 2, members : [9WhDG, Pjcci].
2025-01-29 14:00:54,947 INFO c.h.h.t.HelmChartContainer - [test-hivemq-platform] [hivemq] [9f6d15fc] INFO  - Finished cluster join process successfully.
2025-01-29 14:00:55,014 INFO c.h.h.t.HelmChartContainer - [test-hivemq-platform] [hivemq] [9f6d15fc] WARN  - No user for HiveMQ Control Center configured. Starting with default user
2025-01-29 14:00:55,014 INFO c.h.h.t.HelmChartContainer - [test-hivemq-platform] [hivemq] [9f6d15fc] INFO  - Starting HiveMQ Control Center on address 0.0.0.0 and port 8080
2025-01-29 14:00:55,022 INFO c.h.h.t.HelmChartContainer - [test-hivemq-platform] [hivemq] [9f6d15fc] INFO  - Mounting HiveMQ Control Center V2 Preview
2025-01-29 14:00:55,720 INFO c.h.h.t.HelmChartContainer - [test-hivemq-platform] [hivemq] [9f6d15fc] INFO  - Started HiveMQ Control Center in 707ms
2025-01-29 14:00:55,812 INFO c.h.h.t.HelmChartContainer - [test-hivemq-platform] [hivemq] [9f6d15fc] INFO  - Starting TCP listener on address 0.0.0.0 and port 1883
2025-01-29 14:00:55,827 INFO c.h.h.t.HelmChartContainer - [test-hivemq-platform] [hivemq] [9f6d15fc] INFO  - Started TCP Listener on address 0.0.0.0 and on port 1883.
2025-01-29 14:00:55,828 INFO c.h.h.t.HelmChartContainer - [test-hivemq-platform] [hivemq] [9f6d15fc] INFO  - Started HiveMQ in 27404ms
2025-01-29 14:00:56,816 INFO c.h.h.t.HelmChartContainer - [test-hivemq-platform] [hivemq] [9f6d15fc] WARN  - One or more cluster nodes have a different HiveMQ version than: 4.36.0
2025-01-29 14:00:57,939 INFO c.h.h.t.HelmChartContainer - [test-hivemq-platform] [hivemq] [9f6d15fc] INFO  - [HiveMQ Platform Operator Init App 1.7.0-SNAPSHOT] Returning Health API response 200 for readiness
2025-01-29 14:00:57,952 INFO c.h.h.t.HelmChartContainer - [POD] test-hivemq-platform-1 [9f6d15fc-5e14-491e-a657-b7fb19232c48] in helmrollingupgradeplatformit was MODIFIED
2025-01-29 14:00:57,966 INFO c.h.h.t.HelmChartContainer - [hivemq-test-hivemq-platform] [hivemq-platform-operator] [5b920660] 14:00:57.959 [pool-6-thread-50] DEBUG c.h.p.o.d.PlatformServiceResource - [helmroll] Desired Platform services (3 services)
2025-01-29 14:00:57,966 INFO c.h.h.t.HelmChartContainer - [hivemq-test-hivemq-platform] [hivemq-platform-operator] [5b920660] 14:00:57.961 [pool-6-thread-49] DEBUG c.h.p.o.dependants.PodInfoConfigMap - [helmroll] Desired PodInfo ConfigMap (1 extensions) (1 enabled)
2025-01-29 14:00:57,966 INFO c.h.h.t.HelmChartContainer - [hivemq-test-hivemq-platform] [hivemq-platform-operator] [5b920660] 14:00:57.961 [pool-6-thread-49] DEBUG c.h.p.o.dependants.PodInfoConfigMap - [helmroll] Desired PodInfo ConfigMap (metrics port: 9399) (metrics path: /)
2025-01-29 14:00:57,966 INFO c.h.h.t.HelmChartContainer - [hivemq-test-hivemq-platform] [hivemq-platform-operator] [5b920660] 14:00:57.961 [pool-6-thread-49] DEBUG c.h.p.o.dependants.PodInfoConfigMap - [helmroll] Desired PodInfo ConfigMap (extension state hash: -1817474005)
2025-01-29 14:00:57,966 INFO c.h.h.t.HelmChartContainer - [hivemq-test-hivemq-platform] [hivemq-platform-operator] [5b920660] 14:00:57.962 [pool-6-thread-42] DEBUG c.h.p.o.d.PodServiceAccountResource - [helmroll] Desired PodServiceAccountResource (serviceAccountName: hivemq-platform-pod-test-hivemq-platform)
2025-01-29 14:00:57,971 INFO c.h.h.t.HelmChartContainer - [hivemq-test-hivemq-platform] [hivemq-platform-operator] [5b920660] 14:00:57.969 [pool-6-thread-41] DEBUG c.h.p.o.d.StatefulSetResource - [helmroll] Desired StatefulSet (2 replicas) for status ROLLING_RESTART (SURGE_IN_PROGRESS)
2025-01-29 14:00:57,974 INFO c.h.h.t.HelmChartContainer - [hivemq-test-hivemq-platform] [hivemq-platform-operator] [5b920660] 14:00:57.972 [ReconcilerExecutor-hivemq-controller-129] INFO  c.h.p.o.HiveMQPlatformReconciler - [helmroll] Reconciling HiveMQ Platform 'test-hivemq-platform' in namespace 'helmrollingupgradeplatformit'
2025-01-29 14:00:57,975 INFO c.h.h.t.HelmChartContainer - [hivemq-test-hivemq-platform] [hivemq-platform-operator] [5b920660] 14:00:57.973 [ReconcilerExecutor-hivemq-controller-129] DEBUG c.h.p.o.HiveMQPlatformReconciler - [helmroll] Custom Resource Status ROLLING_RESTART - HiveMQ Platform is starting a surge Pod (rolling restart) (SURGE_IN_PROGRESS)
2025-01-29 14:00:57,975 INFO c.h.h.t.HelmChartContainer - [hivemq-test-hivemq-platform] [hivemq-platform-operator] [5b920660] 14:00:57.973 [ReconcilerExecutor-hivemq-controller-129] DEBUG c.h.p.o.HiveMQPlatformReconciler - [helmroll] Custom Resource Spec (replicas: 1) (extensions: 1)
2025-01-29 14:00:57,976 INFO c.h.h.t.HelmChartContainer - [hivemq-test-hivemq-platform] [hivemq-platform-operator] [5b920660] 14:00:57.974 [ReconcilerExecutor-hivemq-controller-129] DEBUG c.h.p.o.HiveMQPlatformReconciler - [helmroll] StatefulSet Status (revision: test-hivemq-platform-945c6dcb4, replicas: 2, available: 2, ready: 2, current: 1, updated: 1)
2025-01-29 14:00:57,976 INFO c.h.h.t.HelmChartContainer - [hivemq-test-hivemq-platform] [hivemq-platform-operator] [5b920660] 14:00:57.974 [ReconcilerExecutor-hivemq-controller-129] DEBUG c.h.p.o.HiveMQPlatformReconciler - [helmroll] StatefulSet Spec (replicas: 2, init containers: 1, containers: 1, volumes: 3)
2025-01-29 14:00:57,977 INFO c.h.h.t.HelmChartContainer - [hivemq-test-hivemq-platform] [hivemq-platform-operator] [5b920660] 14:00:57.976 [ReconcilerExecutor-hivemq-controller-129] DEBUG c.h.p.o.h.HiveMQPlatformReconcilerErrorHandler - [helmroll] Pod 'test-hivemq-platform-1' phase Running
2025-01-29 14:00:57,979 INFO c.h.h.t.HelmChartContainer - [hivemq-test-hivemq-platform] [hivemq-platform-operator] [5b920660] 14:00:57.977 [ReconcilerExecutor-hivemq-controller-129] DEBUG c.h.p.o.h.HiveMQPlatformReconcilerErrorHandler - [helmroll] Pod 'test-hivemq-platform-0' phase Running
2025-01-29 14:00:57,979 INFO c.h.h.t.HelmChartContainer - [hivemq-test-hivemq-platform] [hivemq-platform-operator] [5b920660] 14:00:57.977 [ReconcilerExecutor-hivemq-controller-129] INFO  c.h.p.o.h.HiveMQPlatformReconcilerRollingRestartHandler - [helmroll] Surge Pod started successfully
2025-01-29 14:00:58,054 INFO c.h.h.t.HelmChartContainer - [hivemq-test-hivemq-platform] [hivemq-platform-operator] [5b920660] 14:00:58.053 [ReconcilerExecutor-hivemq-controller-129] DEBUG c.h.p.operator.event.EventSender - [helmroll] Creating K8s event rolling-restart-surge-in-progress: [RollingRestart] HiveMQ Platform is restarting Pods (rolling restart)
2025-01-29 14:00:58,057 INFO c.h.h.t.HelmChartContainer - [EVENT] Normal [RollingRestart] HiveMQ Platform is restarting Pods (rolling restart) [helmrollingupgradeplatformit:test-hivemq-platform]
2025-01-29 14:00:58,058 INFO c.h.h.t.HelmChartContainer - [hivemq-test-hivemq-platform] [hivemq-platform-operator] [5b920660] 14:00:58.057 [ReconcilerExecutor-hivemq-controller-129] INFO  c.h.p.o.h.AbstractHiveMQReconcilerStateHandler - [helmroll] Update HiveMQ Platform Status (ROLLING_RESTART [SURGE_IN_PROGRESS] -> ROLLING_RESTART [RESTART_PODS_IN_PROGRESS]): HiveMQ Platform is restarting Pods (rolling restart)
2025-01-29 14:00:58,065 DEBUG com.hivemq.helmcharts.util.K8sUtil - Comparing actual state 'ROLLING_RESTART' and waiting for 'RUNNING'
2025-01-29 14:00:58,068 INFO c.h.h.t.HelmChartContainer - [hivemq-test-hivemq-platform] [hivemq-platform-operator] [5b920660] 14:00:58.067 [pool-6-thread-10] DEBUG c.h.p.o.d.PlatformServiceResource - [helmroll] Desired Platform services (3 services)
2025-01-29 14:00:58,069 INFO c.h.h.t.HelmChartContainer - [hivemq-test-hivemq-platform] [hivemq-platform-operator] [5b920660] 14:00:58.067 [pool-6-thread-9] DEBUG c.h.p.o.dependants.PodInfoConfigMap - [helmroll] Desired PodInfo ConfigMap (1 extensions) (1 enabled)
2025-01-29 14:00:58,069 INFO c.h.h.t.HelmChartContainer - [hivemq-test-hivemq-platform] [hivemq-platform-operator] [5b920660] 14:00:58.068 [pool-6-thread-9] DEBUG c.h.p.o.dependants.PodInfoConfigMap - [helmroll] Desired PodInfo ConfigMap (metrics port: 9399) (metrics path: /)
2025-01-29 14:00:58,144 INFO c.h.h.t.HelmChartContainer - [hivemq-test-hivemq-platform] [hivemq-platform-operator] [5b920660] 14:00:58.141 [pool-6-thread-9] DEBUG c.h.p.o.dependants.PodInfoConfigMap - [helmroll] Desired PodInfo ConfigMap (extension state hash: -1817474005)
2025-01-29 14:00:58,145 INFO c.h.h.t.HelmChartContainer - [hivemq-test-hivemq-platform] [hivemq-platform-operator] [5b920660] 14:00:58.068 [pool-6-thread-7] DEBUG c.h.p.o.d.PodServiceAccountResource - [helmroll] Desired PodServiceAccountResource (serviceAccountName: hivemq-platform-pod-test-hivemq-platform)
2025-01-29 14:00:58,147 INFO c.h.h.t.HelmChartContainer - [hivemq-test-hivemq-platform] [hivemq-platform-operator] [5b920660] 14:00:58.145 [pool-6-thread-10] DEBUG c.h.p.o.d.StatefulSetResource - [helmroll] Desired StatefulSet (2 replicas) for status ROLLING_RESTART (RESTART_PODS_IN_PROGRESS)
2025-01-29 14:00:58,150 INFO c.h.h.t.HelmChartContainer - [hivemq-test-hivemq-platform] [hivemq-platform-operator] [5b920660] 14:00:58.148 [ReconcilerExecutor-hivemq-controller-130] INFO  c.h.p.o.HiveMQPlatformReconciler - [helmroll] Reconciling HiveMQ Platform 'test-hivemq-platform' in namespace 'helmrollingupgradeplatformit'
2025-01-29 14:00:58,150 INFO c.h.h.t.HelmChartContainer - [hivemq-test-hivemq-platform] [hivemq-platform-operator] [5b920660] 14:00:58.148 [ReconcilerExecutor-hivemq-controller-130] DEBUG c.h.p.o.HiveMQPlatformReconciler - [helmroll] Custom Resource Status ROLLING_RESTART - HiveMQ Platform is restarting Pods (rolling restart) (RESTART_PODS_IN_PROGRESS)
2025-01-29 14:00:58,150 INFO c.h.h.t.HelmChartContainer - [hivemq-test-hivemq-platform] [hivemq-platform-operator] [5b920660] 14:00:58.148 [ReconcilerExecutor-hivemq-controller-130] DEBUG c.h.p.o.HiveMQPlatformReconciler - [helmroll] Custom Resource Spec (replicas: 1) (extensions: 1)
2025-01-29 14:00:58,151 INFO c.h.h.t.HelmChartContainer - [hivemq-test-hivemq-platform] [hivemq-platform-operator] [5b920660] 14:00:58.150 [ReconcilerExecutor-hivemq-controller-130] DEBUG c.h.p.o.HiveMQPlatformReconciler - [helmroll] StatefulSet Status (revision: test-hivemq-platform-945c6dcb4, replicas: 2, available: 2, ready: 2, current: 1, updated: 1)
2025-01-29 14:00:58,152 INFO c.h.h.t.HelmChartContainer - [hivemq-test-hivemq-platform] [hivemq-platform-operator] [5b920660] 14:00:58.151 [ReconcilerExecutor-hivemq-controller-130] DEBUG c.h.p.o.HiveMQPlatformReconciler - [helmroll] StatefulSet Spec (replicas: 2, init containers: 1, containers: 1, volumes: 3)
2025-01-29 14:00:58,153 INFO c.h.h.t.HelmChartContainer - [hivemq-test-hivemq-platform] [hivemq-platform-operator] [5b920660] 14:00:58.152 [ReconcilerExecutor-hivemq-controller-130] DEBUG c.h.p.o.h.HiveMQPlatformReconcilerErrorHandler - [helmroll] Pod 'test-hivemq-platform-1' phase Running
2025-01-29 14:00:58,155 INFO c.h.h.t.HelmChartContainer - [hivemq-test-hivemq-platform] [hivemq-platform-operator] [5b920660] 14:00:58.154 [ReconcilerExecutor-hivemq-controller-130] DEBUG c.h.p.o.h.HiveMQPlatformReconcilerErrorHandler - [helmroll] Pod 'test-hivemq-platform-0' phase Running
2025-01-29 14:00:58,162 INFO c.h.h.t.HelmChartContainer - [hivemq-test-hivemq-platform] [hivemq-platform-operator] [5b920660] 14:00:58.160 [ReconcilerExecutor-hivemq-controller-130] DEBUG c.h.p.o.h.HiveMQPlatformReconcilerRollingRestartHandler - [helmroll] Skipping Pod test-hivemq-platform-1 as it's already on the controller update revision (update revision: test-hivemq-platform-945c6dcb4, pod revision: test-hivemq-platform-945c6dcb4)
2025-01-29 14:00:58,251 INFO c.h.h.t.HelmChartContainer - [hivemq-test-hivemq-platform] [hivemq-platform-operator] [5b920660] 14:00:58.249 [ReconcilerExecutor-hivemq-controller-130] DEBUG c.h.p.o.h.HiveMQPlatformReconcilerRollingRestartHandler - [helmroll] The last Pod is running for 56 seconds, the next Pod can be restarted
2025-01-29 14:00:58,251 INFO c.h.h.t.HelmChartContainer - [hivemq-test-hivemq-platform] [hivemq-platform-operator] [5b920660] 14:00:58.250 [ReconcilerExecutor-hivemq-controller-130] INFO  c.h.p.o.h.HiveMQPlatformReconcilerRollingRestartHandler - [helmroll] Restarting Pod test-hivemq-platform-0 as it's not matching the controller update revision (update revision: test-hivemq-platform-945c6dcb4, pod revision: test-hivemq-platform-54c4467984)
2025-01-29 14:00:58,262 INFO c.h.h.t.HelmChartContainer - [POD] test-hivemq-platform-0 [01bf704b-7b87-4f16-9c85-8173c0458c25] in helmrollingupgradeplatformit was MODIFIED
2025-01-29 14:00:58,269 INFO c.h.h.t.HelmChartContainer - [EVENT] Normal [Killing] Stopping container hivemq [helmrollingupgradeplatformit:test-hivemq-platform-0]
2025-01-29 14:00:58,269 INFO c.h.h.t.HelmChartContainer - Received Killing event for container hivemq in pod test-hivemq-platform-0 [01bf704b-7b87-4f16-9c85-8173c0458c25]
2025-01-29 14:00:58,269 INFO c.h.h.t.HelmChartContainer - Container [test-hivemq-platform-0] [hivemq] [01bf704b-7b87-4f16-9c85-8173c0458c25] was terminated
2025-01-29 14:00:58,269 INFO c.h.h.t.HelmChartContainer - Stopped log watcher for hivemq in pod test-hivemq-platform-0 [01bf704b-7b87-4f16-9c85-8173c0458c25]
2025-01-29 14:00:58,277 INFO c.h.h.t.HelmChartContainer - [hivemq-test-hivemq-platform] [hivemq-platform-operator] [5b920660] 14:00:58.272 [pool-6-thread-18] DEBUG c.h.p.o.d.PlatformServiceResource - [helmroll] Desired Platform services (3 services)
2025-01-29 14:00:58,277 INFO c.h.h.t.HelmChartContainer - [hivemq-test-hivemq-platform] [hivemq-platform-operator] [5b920660] 14:00:58.274 [pool-6-thread-17] DEBUG c.h.p.o.dependants.PodInfoConfigMap - [helmroll] Desired PodInfo ConfigMap (1 extensions) (1 enabled)
2025-01-29 14:00:58,277 INFO c.h.h.t.HelmChartContainer - [hivemq-test-hivemq-platform] [hivemq-platform-operator] [5b920660] 14:00:58.274 [pool-6-thread-17] DEBUG c.h.p.o.dependants.PodInfoConfigMap - [helmroll] Desired PodInfo ConfigMap (metrics port: 9399) (metrics path: /)
2025-01-29 14:00:58,277 INFO c.h.h.t.HelmChartContainer - [hivemq-test-hivemq-platform] [hivemq-platform-operator] [5b920660] 14:00:58.274 [pool-6-thread-17] DEBUG c.h.p.o.dependants.PodInfoConfigMap - [helmroll] Desired PodInfo ConfigMap (extension state hash: -1817474005)
2025-01-29 14:00:58,281 INFO c.h.h.t.HelmChartContainer - [test-hivemq-platform] [hivemq] [01bf704b] INFO  - [HiveMQ Platform Operator Init App 1.7.0-SNAPSHOT] Shutting down
2025-01-29 14:00:58,281 INFO c.h.h.t.HelmChartContainer - [test-hivemq-platform] [hivemq] [01bf704b] INFO  - [HiveMQ Platform Operator Init App 1.7.0-SNAPSHOT] Stopping the HiveMQ Platform
2025-01-29 14:00:58,344 INFO c.h.h.t.HelmChartContainer - [hivemq-test-hivemq-platform] [hivemq-platform-operator] [5b920660] 14:00:58.342 [pool-6-thread-17] DEBUG c.h.p.o.d.PodServiceAccountResource - [helmroll] Desired PodServiceAccountResource (serviceAccountName: hivemq-platform-pod-test-hivemq-platform)
2025-01-29 14:00:58,348 INFO c.h.h.t.HelmChartContainer - [hivemq-test-hivemq-platform] [hivemq-platform-operator] [5b920660] 14:00:58.347 [pool-6-thread-17] DEBUG c.h.p.o.d.StatefulSetResource - [helmroll] Desired StatefulSet (2 replicas) for status ROLLING_RESTART (RESTART_PODS_IN_PROGRESS)
2025-01-29 14:00:58,351 INFO c.h.h.t.HelmChartContainer - [hivemq-test-hivemq-platform] [hivemq-platform-operator] [5b920660] 14:00:58.349 [ReconcilerExecutor-hivemq-controller-131] INFO  c.h.p.o.HiveMQPlatformReconciler - [helmroll] Reconciling HiveMQ Platform 'test-hivemq-platform' in namespace 'helmrollingupgradeplatformit'
2025-01-29 14:00:58,351 INFO c.h.h.t.HelmChartContainer - [hivemq-test-hivemq-platform] [hivemq-platform-operator] [5b920660] 14:00:58.350 [ReconcilerExecutor-hivemq-controller-131] DEBUG c.h.p.o.HiveMQPlatformReconciler - [helmroll] Custom Resource Status ROLLING_RESTART - HiveMQ Platform is restarting Pods (rolling restart) (RESTART_PODS_IN_PROGRESS)
2025-01-29 14:00:58,351 INFO c.h.h.t.HelmChartContainer - [hivemq-test-hivemq-platform] [hivemq-platform-operator] [5b920660] 14:00:58.350 [ReconcilerExecutor-hivemq-controller-131] DEBUG c.h.p.o.HiveMQPlatformReconciler - [helmroll] Custom Resource Spec (replicas: 1) (extensions: 1)
2025-01-29 14:00:58,352 INFO c.h.h.t.HelmChartContainer - [hivemq-test-hivemq-platform] [hivemq-platform-operator] [5b920660] 14:00:58.352 [ReconcilerExecutor-hivemq-controller-131] DEBUG c.h.p.o.HiveMQPlatformReconciler - [helmroll] StatefulSet Status (revision: test-hivemq-platform-945c6dcb4, replicas: 2, available: 2, ready: 2, current: 0, updated: 1)
2025-01-29 14:00:58,353 INFO c.h.h.t.HelmChartContainer - [hivemq-test-hivemq-platform] [hivemq-platform-operator] [5b920660] 14:00:58.352 [ReconcilerExecutor-hivemq-controller-131] DEBUG c.h.p.o.HiveMQPlatformReconciler - [helmroll] StatefulSet Spec (replicas: 2, init containers: 1, containers: 1, volumes: 3)
2025-01-29 14:00:58,355 INFO c.h.h.t.HelmChartContainer - [hivemq-test-hivemq-platform] [hivemq-platform-operator] [5b920660] 14:00:58.354 [ReconcilerExecutor-hivemq-controller-131] DEBUG c.h.p.o.h.HiveMQPlatformReconcilerErrorHandler - [helmroll] Pod 'test-hivemq-platform-1' phase Running
2025-01-29 14:00:58,356 INFO c.h.h.t.HelmChartContainer - [hivemq-test-hivemq-platform] [hivemq-platform-operator] [5b920660] 14:00:58.355 [ReconcilerExecutor-hivemq-controller-131] DEBUG c.h.p.o.h.HiveMQPlatformReconcilerErrorHandler - [helmroll] Pod 'test-hivemq-platform-0' phase Running
2025-01-29 14:00:58,394 INFO c.h.h.t.HelmChartContainer - [test-hivemq-platform] [hivemq] [01bf704b] INFO  - Shutting down HiveMQ. Please wait, this could take a while...
2025-01-29 14:00:58,442 INFO c.h.h.t.HelmChartContainer - [hivemq-test-hivemq-platform] [hivemq-platform-operator] [5b920660] 14:00:58.441 [ReconcilerExecutor-hivemq-controller-131] DEBUG c.h.p.o.h.HiveMQPlatformReconcilerRollingRestartHandler - [helmroll] Skipping Pod test-hivemq-platform-1 as it's already on the controller update revision (update revision: test-hivemq-platform-945c6dcb4, pod revision: test-hivemq-platform-945c6dcb4)
2025-01-29 14:00:58,454 INFO c.h.h.t.HelmChartContainer - [hivemq-test-hivemq-platform] [hivemq-platform-operator] [5b920660] 14:00:58.452 [ReconcilerExecutor-hivemq-controller-131] DEBUG c.h.p.o.h.HiveMQPlatformReconcilerRollingRestartHandler - [helmroll] The last Pod is running for 56 seconds, the next Pod can be restarted
2025-01-29 14:00:58,454 INFO c.h.h.t.HelmChartContainer - [hivemq-test-hivemq-platform] [hivemq-platform-operator] [5b920660] 14:00:58.452 [ReconcilerExecutor-hivemq-controller-131] INFO  c.h.p.o.h.HiveMQPlatformReconcilerRollingRestartHandler - [helmroll] Restarting Pod test-hivemq-platform-0 as it's not matching the controller update revision (update revision: test-hivemq-platform-945c6dcb4, pod revision: test-hivemq-platform-54c4467984)
2025-01-29 14:00:58,462 INFO c.h.h.t.HelmChartContainer - [hivemq-test-hivemq-platform] [hivemq-platform-operator] [5b920660] 14:00:58.459 [pool-6-thread-29] DEBUG c.h.p.o.d.PlatformServiceResource - [helmroll] Desired Platform services (3 services)
2025-01-29 14:00:58,462 INFO c.h.h.t.HelmChartContainer - [hivemq-test-hivemq-platform] [hivemq-platform-operator] [5b920660] 14:00:58.459 [pool-6-thread-22] DEBUG c.h.p.o.dependants.PodInfoConfigMap - [helmroll] Desired PodInfo ConfigMap (1 extensions) (1 enabled)
2025-01-29 14:00:58,462 INFO c.h.h.t.HelmChartContainer - [hivemq-test-hivemq-platform] [hivemq-platform-operator] [5b920660] 14:00:58.459 [pool-6-thread-22] DEBUG c.h.p.o.dependants.PodInfoConfigMap - [helmroll] Desired PodInfo ConfigMap (metrics port: 9399) (metrics path: /)
2025-01-29 14:00:58,462 INFO c.h.h.t.HelmChartContainer - [hivemq-test-hivemq-platform] [hivemq-platform-operator] [5b920660] 14:00:58.459 [pool-6-thread-22] DEBUG c.h.p.o.dependants.PodInfoConfigMap - [helmroll] Desired PodInfo ConfigMap (extension state hash: -1817474005)
2025-01-29 14:00:58,462 INFO c.h.h.t.HelmChartContainer - [hivemq-test-hivemq-platform] [hivemq-platform-operator] [5b920660] 14:00:58.460 [pool-6-thread-30] DEBUG c.h.p.o.d.PodServiceAccountResource - [helmroll] Desired PodServiceAccountResource (serviceAccountName: hivemq-platform-pod-test-hivemq-platform)
2025-01-29 14:00:58,477 INFO c.h.h.t.HelmChartContainer - [test-hivemq-platform] [hivemq] [01bf704b] INFO  - Shutting down listeners and clients
2025-01-29 14:00:58,479 INFO c.h.h.t.HelmChartContainer - [test-hivemq-platform] [hivemq] [01bf704b] INFO  - Shutdown of listeners is done
2025-01-29 14:00:58,479 INFO c.h.h.t.HelmChartContainer - [test-hivemq-platform] [hivemq] [01bf704b] INFO  - No clients are connected, proceeding with shutdown
2025-01-29 14:00:58,542 INFO c.h.h.t.HelmChartContainer - [hivemq-test-hivemq-platform] [hivemq-platform-operator] [5b920660] 14:00:58.464 [pool-6-thread-29] DEBUG c.h.p.o.d.StatefulSetResource - [helmroll] Desired StatefulSet (2 replicas) for status ROLLING_RESTART (RESTART_PODS_IN_PROGRESS)
2025-01-29 14:00:58,547 INFO c.h.h.t.HelmChartContainer - [hivemq-test-hivemq-platform] [hivemq-platform-operator] [5b920660] 14:00:58.545 [ReconcilerExecutor-hivemq-controller-132] INFO  c.h.p.o.HiveMQPlatformReconciler - [helmroll] Reconciling HiveMQ Platform 'test-hivemq-platform' in namespace 'helmrollingupgradeplatformit'
2025-01-29 14:00:58,547 INFO c.h.h.t.HelmChartContainer - [hivemq-test-hivemq-platform] [hivemq-platform-operator] [5b920660] 14:00:58.545 [ReconcilerExecutor-hivemq-controller-132] DEBUG c.h.p.o.HiveMQPlatformReconciler - [helmroll] Custom Resource Status ROLLING_RESTART - HiveMQ Platform is restarting Pods (rolling restart) (RESTART_PODS_IN_PROGRESS)
2025-01-29 14:00:58,547 INFO c.h.h.t.HelmChartContainer - [hivemq-test-hivemq-platform] [hivemq-platform-operator] [5b920660] 14:00:58.545 [ReconcilerExecutor-hivemq-controller-132] DEBUG c.h.p.o.HiveMQPlatformReconciler - [helmroll] Custom Resource Spec (replicas: 1) (extensions: 1)
2025-01-29 14:00:58,548 INFO c.h.h.t.HelmChartContainer - [hivemq-test-hivemq-platform] [hivemq-platform-operator] [5b920660] 14:00:58.546 [ReconcilerExecutor-hivemq-controller-132] DEBUG c.h.p.o.HiveMQPlatformReconciler - [helmroll] StatefulSet Status (revision: test-hivemq-platform-945c6dcb4, replicas: 2, available: 2, ready: 2, current: 0, updated: 1)
2025-01-29 14:00:58,548 INFO c.h.h.t.HelmChartContainer - [hivemq-test-hivemq-platform] [hivemq-platform-operator] [5b920660] 14:00:58.546 [ReconcilerExecutor-hivemq-controller-132] DEBUG c.h.p.o.HiveMQPlatformReconciler - [helmroll] StatefulSet Spec (replicas: 2, init containers: 1, containers: 1, volumes: 3)
2025-01-29 14:00:58,548 INFO c.h.h.t.HelmChartContainer - [hivemq-test-hivemq-platform] [hivemq-platform-operator] [5b920660] 14:00:58.547 [ReconcilerExecutor-hivemq-controller-132] DEBUG c.h.p.o.h.HiveMQPlatformReconcilerErrorHandler - [helmroll] Pod 'test-hivemq-platform-1' phase Running
2025-01-29 14:00:58,549 INFO c.h.h.t.HelmChartContainer - [hivemq-test-hivemq-platform] [hivemq-platform-operator] [5b920660] 14:00:58.548 [ReconcilerExecutor-hivemq-controller-132] DEBUG c.h.p.o.h.HiveMQPlatformReconcilerErrorHandler - [helmroll] Pod 'test-hivemq-platform-0' phase Running
2025-01-29 14:00:58,555 INFO c.h.h.t.HelmChartContainer - [hivemq-test-hivemq-platform] [hivemq-platform-operator] [5b920660] 14:00:58.554 [ReconcilerExecutor-hivemq-controller-132] DEBUG c.h.p.o.h.HiveMQPlatformReconcilerRollingRestartHandler - [helmroll] Skipping Pod test-hivemq-platform-1 as it's already on the controller update revision (update revision: test-hivemq-platform-945c6dcb4, pod revision: test-hivemq-platform-945c6dcb4)
2025-01-29 14:00:58,563 INFO c.h.h.t.HelmChartContainer - [hivemq-test-hivemq-platform] [hivemq-platform-operator] [5b920660] 14:00:58.562 [ReconcilerExecutor-hivemq-controller-132] DEBUG c.h.p.o.h.HiveMQPlatformReconcilerRollingRestartHandler - [helmroll] The last Pod is running for 56 seconds, the next Pod can be restarted
2025-01-29 14:00:58,563 INFO c.h.h.t.HelmChartContainer - [hivemq-test-hivemq-platform] [hivemq-platform-operator] [5b920660] 14:00:58.562 [ReconcilerExecutor-hivemq-controller-132] INFO  c.h.p.o.h.HiveMQPlatformReconcilerRollingRestartHandler - [helmroll] Restarting Pod test-hivemq-platform-0 as it's not matching the controller update revision (update revision: test-hivemq-platform-945c6dcb4, pod revision: test-hivemq-platform-54c4467984)
2025-01-29 14:01:00,621 INFO c.h.h.t.HelmChartContainer - [test-hivemq-platform] [hivemq] [01bf704b] INFO  - [HiveMQ Platform Operator Init App 1.7.0-SNAPSHOT] Returning shutdown Health API response 503 for readiness
2025-01-29 14:01:00,626 INFO c.h.h.t.HelmChartContainer - [EVENT] Warning [Unhealthy] Readiness probe failed: HTTP probe failed with statuscode: 503 [helmrollingupgradeplatformit:test-hivemq-platform-0]
2025-01-29 14:01:00,626 INFO c.h.h.t.HelmChartContainer - Received Unhealthy event for container hivemq in pod test-hivemq-platform-0 [01bf704b-7b87-4f16-9c85-8173c0458c25]
2025-01-29 14:01:01,615 INFO c.h.h.t.HelmChartContainer - [test-hivemq-platform] [hivemq] [01bf704b] INFO  - Shutting down extension system
2025-01-29 14:01:01,617 INFO c.h.h.t.HelmChartContainer - [test-hivemq-platform] [hivemq] [01bf704b] INFO  - Stopping extension with id hivemq-dns-cluster-discovery
2025-01-29 14:01:01,617 INFO c.h.h.t.HelmChartContainer - [test-hivemq-platform] [hivemq] [01bf704b] INFO  - Extension "DNS Cluster Discovery Extension" version 4.3.2 stopped successfully.
2025-01-29 14:01:01,618 INFO c.h.h.t.HelmChartContainer - [test-hivemq-platform] [hivemq] [01bf704b] INFO  - Stopping extension with id hivemq-prometheus-extension
2025-01-29 14:01:01,621 INFO c.h.h.t.HelmChartContainer - [test-hivemq-platform] [hivemq] [01bf704b] INFO  - Extension "Prometheus Monitoring Extension" version 4.0.12 stopped successfully.
2025-01-29 14:01:01,622 INFO c.h.h.t.HelmChartContainer - [test-hivemq-platform] [hivemq] [01bf704b] INFO  - Stopping extension with id hivemq-allow-all-extension
2025-01-29 14:01:01,622 INFO c.h.h.t.HelmChartContainer - [test-hivemq-platform] [hivemq] [01bf704b] INFO  - Extension "Allow All Extension" version 1.1.0 stopped successfully.
2025-01-29 14:01:01,632 INFO c.h.h.t.HelmChartContainer - [test-hivemq-platform] [hivemq] [9f6d15fc] INFO  - Cluster nodes found by discovery: [9WhDG|2] (1) [9WhDG].
2025-01-29 14:01:01,640 INFO c.h.h.t.HelmChartContainer - [test-hivemq-platform] [hivemq] [9f6d15fc] INFO  - Cluster size = 1, members : [9WhDG].
2025-01-29 14:01:01,817 INFO c.h.h.t.HelmChartContainer - [test-hivemq-platform] [hivemq] [9f6d15fc] INFO  - Every cluster node has the same HiveMQ version: 4.36.0
2025-01-29 14:01:03,249 INFO c.h.h.t.HelmChartContainer - [test-hivemq-platform] [hivemq] [9f6d15fc] INFO  - [HiveMQ Platform Operator Init App 1.7.0-SNAPSHOT] Returning Health API response 200 for liveness
2025-01-29 14:01:04,004 INFO c.h.h.t.HelmChartContainer - [test-hivemq-platform] [hivemq] [01bf704b] INFO  - Shutdown completed.
2025-01-29 14:01:04,354 INFO c.h.h.t.HelmChartContainer - [test-hivemq-platform] [hivemq] [01bf704b] INFO  - [HiveMQ Platform Operator Init App 1.7.0-SNAPSHOT] The HiveMQ Platform exited with code 143
2025-01-29 14:01:04,354 INFO c.h.h.t.HelmChartContainer - [test-hivemq-platform] [hivemq] [01bf704b] INFO  - [HiveMQ Platform Operator Init App 1.7.0-SNAPSHOT] Stopping the REST API
2025-01-29 14:01:04,406 INFO c.h.h.t.HelmChartContainer - [test-hivemq-platform] [hivemq] [01bf704b] INFO  - [HiveMQ Platform Operator Init App 1.7.0-SNAPSHOT] Shutdown complete
2025-01-29 14:01:04,867 INFO c.h.h.t.HelmChartContainer - [POD] test-hivemq-platform-0 [01bf704b-7b87-4f16-9c85-8173c0458c25] in helmrollingupgradeplatformit was MODIFIED
2025-01-29 14:01:04,886 INFO c.h.h.t.HelmChartContainer - [hivemq-test-hivemq-platform] [hivemq-platform-operator] [5b920660] 14:01:04.876 [pool-6-thread-36] DEBUG c.h.p.o.d.PlatformServiceResource - [helmroll] Desired Platform services (3 services)
2025-01-29 14:01:04,886 INFO c.h.h.t.HelmChartContainer - [hivemq-test-hivemq-platform] [hivemq-platform-operator] [5b920660] 14:01:04.879 [pool-6-thread-32] DEBUG c.h.p.o.dependants.PodInfoConfigMap - [helmroll] Desired PodInfo ConfigMap (1 extensions) (1 enabled)
2025-01-29 14:01:04,886 INFO c.h.h.t.HelmChartContainer - [hivemq-test-hivemq-platform] [hivemq-platform-operator] [5b920660] 14:01:04.879 [pool-6-thread-32] DEBUG c.h.p.o.dependants.PodInfoConfigMap - [helmroll] Desired PodInfo ConfigMap (metrics port: 9399) (metrics path: /)
2025-01-29 14:01:04,886 INFO c.h.h.t.HelmChartContainer - [hivemq-test-hivemq-platform] [hivemq-platform-operator] [5b920660] 14:01:04.881 [pool-6-thread-32] DEBUG c.h.p.o.dependants.PodInfoConfigMap - [helmroll] Desired PodInfo ConfigMap (extension state hash: -1817474005)
2025-01-29 14:01:04,886 INFO c.h.h.t.HelmChartContainer - [hivemq-test-hivemq-platform] [hivemq-platform-operator] [5b920660] 14:01:04.883 [pool-6-thread-32] DEBUG c.h.p.o.d.StatefulSetResource - [helmroll] Desired StatefulSet (2 replicas) for status ROLLING_RESTART (RESTART_PODS_IN_PROGRESS)
2025-01-29 14:01:04,886 INFO c.h.h.t.HelmChartContainer - [hivemq-test-hivemq-platform] [hivemq-platform-operator] [5b920660] 14:01:04.880 [pool-6-thread-39] DEBUG c.h.p.o.d.PodServiceAccountResource - [helmroll] Desired PodServiceAccountResource (serviceAccountName: hivemq-platform-pod-test-hivemq-platform)
2025-01-29 14:01:04,897 INFO c.h.h.t.HelmChartContainer - [hivemq-test-hivemq-platform] [hivemq-platform-operator] [5b920660] 14:01:04.894 [ReconcilerExecutor-hivemq-controller-133] INFO  c.h.p.o.HiveMQPlatformReconciler - [helmroll] Reconciling HiveMQ Platform 'test-hivemq-platform' in namespace 'helmrollingupgradeplatformit'
2025-01-29 14:01:04,897 INFO c.h.h.t.HelmChartContainer - [hivemq-test-hivemq-platform] [hivemq-platform-operator] [5b920660] 14:01:04.894 [ReconcilerExecutor-hivemq-controller-133] DEBUG c.h.p.o.HiveMQPlatformReconciler - [helmroll] Custom Resource Status ROLLING_RESTART - HiveMQ Platform is restarting Pods (rolling restart) (RESTART_PODS_IN_PROGRESS)
2025-01-29 14:01:04,900 INFO c.h.h.t.HelmChartContainer - [hivemq-test-hivemq-platform] [hivemq-platform-operator] [5b920660] 14:01:04.894 [ReconcilerExecutor-hivemq-controller-133] DEBUG c.h.p.o.HiveMQPlatformReconciler - [helmroll] Custom Resource Spec (replicas: 1) (extensions: 1)
2025-01-29 14:01:04,900 INFO c.h.h.t.HelmChartContainer - [hivemq-test-hivemq-platform] [hivemq-platform-operator] [5b920660] 14:01:04.895 [ReconcilerExecutor-hivemq-controller-133] DEBUG c.h.p.o.HiveMQPlatformReconciler - [helmroll] StatefulSet Status (revision: test-hivemq-platform-945c6dcb4, replicas: 2, available: 1, ready: 1, current: 0, updated: 1)
2025-01-29 14:01:04,900 INFO c.h.h.t.HelmChartContainer - [hivemq-test-hivemq-platform] [hivemq-platform-operator] [5b920660] 14:01:04.895 [ReconcilerExecutor-hivemq-controller-133] DEBUG c.h.p.o.HiveMQPlatformReconciler - [helmroll] StatefulSet Spec (replicas: 2, init containers: 1, containers: 1, volumes: 3)
2025-01-29 14:01:04,900 INFO c.h.h.t.HelmChartContainer - [hivemq-test-hivemq-platform] [hivemq-platform-operator] [5b920660] 14:01:04.896 [ReconcilerExecutor-hivemq-controller-133] DEBUG c.h.p.o.h.HiveMQPlatformReconcilerErrorHandler - [helmroll] Pod 'test-hivemq-platform-1' phase Running
2025-01-29 14:01:04,902 INFO c.h.h.t.HelmChartContainer - [hivemq-test-hivemq-platform] [hivemq-platform-operator] [5b920660] 14:01:04.900 [ReconcilerExecutor-hivemq-controller-133] DEBUG c.h.p.o.h.HiveMQPlatformReconcilerErrorHandler - [helmroll] Pod 'test-hivemq-platform-0' phase Failed
2025-01-29 14:01:04,902 INFO c.h.h.t.HelmChartContainer - [hivemq-test-hivemq-platform] [hivemq-platform-operator] [5b920660] 14:01:04.901 [ReconcilerExecutor-hivemq-controller-133] DEBUG c.h.p.o.h.HiveMQPlatformReconcilerErrorHandler - [helmroll] Pod 'test-hivemq-platform-0' condition 'PodReadyToStartContainers': False
2025-01-29 14:01:04,902 INFO c.h.h.t.HelmChartContainer - [hivemq-test-hivemq-platform] [hivemq-platform-operator] [5b920660] 14:01:04.901 [ReconcilerExecutor-hivemq-controller-133] DEBUG c.h.p.o.h.HiveMQPlatformReconcilerErrorHandler - [helmroll] Pod 'test-hivemq-platform-0' condition 'Initialized': True
2025-01-29 14:01:04,902 INFO c.h.h.t.HelmChartContainer - [hivemq-test-hivemq-platform] [hivemq-platform-operator] [5b920660] 14:01:04.901 [ReconcilerExecutor-hivemq-controller-133] DEBUG c.h.p.o.h.HiveMQPlatformReconcilerErrorHandler - [helmroll] Pod 'test-hivemq-platform-0' condition 'Ready': False
2025-01-29 14:01:04,902 INFO c.h.h.t.HelmChartContainer - [hivemq-test-hivemq-platform] [hivemq-platform-operator] [5b920660] 14:01:04.901 [ReconcilerExecutor-hivemq-controller-133] DEBUG c.h.p.o.h.HiveMQPlatformReconcilerErrorHandler - [helmroll] Pod 'test-hivemq-platform-0' condition 'ContainersReady': False
2025-01-29 14:01:04,902 INFO c.h.h.t.HelmChartContainer - [hivemq-test-hivemq-platform] [hivemq-platform-operator] [5b920660] 14:01:04.901 [ReconcilerExecutor-hivemq-controller-133] DEBUG c.h.p.o.h.HiveMQPlatformReconcilerErrorHandler - [helmroll] Pod 'test-hivemq-platform-0' condition 'PodScheduled': True
2025-01-29 14:01:04,903 INFO c.h.h.t.HelmChartContainer - [hivemq-test-hivemq-platform] [hivemq-platform-operator] [5b920660] 14:01:04.901 [ReconcilerExecutor-hivemq-controller-133] DEBUG c.h.p.o.h.HiveMQPlatformReconcilerErrorHandler - [helmroll] Pod 'test-hivemq-platform-0' containerStatus 'hivemq' (started: false) (ready: false) (waiting: [Unknown] no message)
2025-01-29 14:01:04,936 INFO c.h.h.t.HelmChartContainer - [K3S] [reconciler_common.go:162] "operationExecutor.UnmountVolume started for volume \"pod-info\" (UniqueName: \"kubernetes.io/configmap/01bf704b-7b87-4f16-9c85-8173c0458c25-pod-info\") pod \"01bf704b-7b87-4f16-9c85-8173c0458c25\" (UID: \"01bf704b-7b87-4f16-9c85-8173c0458c25\") "
2025-01-29 14:01:04,936 INFO c.h.h.t.HelmChartContainer - [K3S] [reconciler_common.go:162] "operationExecutor.UnmountVolume started for volume \"broker-configuration\" (UniqueName: \"kubernetes.io/configmap/01bf704b-7b87-4f16-9c85-8173c0458c25-broker-configuration\") pod \"01bf704b-7b87-4f16-9c85-8173c0458c25\" (UID: \"01bf704b-7b87-4f16-9c85-8173c0458c25\") "
2025-01-29 14:01:04,936 INFO c.h.h.t.HelmChartContainer - [K3S] [reconciler_common.go:162] "operationExecutor.UnmountVolume started for volume \"operator-init\" (UniqueName: \"kubernetes.io/empty-dir/01bf704b-7b87-4f16-9c85-8173c0458c25-operator-init\") pod \"01bf704b-7b87-4f16-9c85-8173c0458c25\" (UID: \"01bf704b-7b87-4f16-9c85-8173c0458c25\") "
2025-01-29 14:01:04,937 INFO c.h.h.t.HelmChartContainer - [K3S] [reconciler_common.go:162] "operationExecutor.UnmountVolume started for volume \"kube-api-access-rzjw9\" (UniqueName: \"kubernetes.io/projected/01bf704b-7b87-4f16-9c85-8173c0458c25-kube-api-access-rzjw9\") pod \"01bf704b-7b87-4f16-9c85-8173c0458c25\" (UID: \"01bf704b-7b87-4f16-9c85-8173c0458c25\") "
2025-01-29 14:01:04,943 INFO c.h.h.t.HelmChartContainer - [hivemq-test-hivemq-platform] [hivemq-platform-operator] [5b920660] 14:01:04.942 [ReconcilerExecutor-hivemq-controller-133] DEBUG c.h.p.o.h.HiveMQPlatformReconcilerRollingRestartHandler - [helmroll] Rolling restart is waiting for 1 of 2 replicas
2025-01-29 14:01:04,949 INFO c.h.h.t.HelmChartContainer - [hivemq-test-hivemq-platform] [hivemq-platform-operator] [5b920660] 14:01:04.946 [pool-6-thread-44] DEBUG c.h.p.o.d.PlatformServiceResource - [helmroll] Desired Platform services (3 services)
2025-01-29 14:01:04,949 INFO c.h.h.t.HelmChartContainer - [hivemq-test-hivemq-platform] [hivemq-platform-operator] [5b920660] 14:01:04.947 [pool-6-thread-47] DEBUG c.h.p.o.dependants.PodInfoConfigMap - [helmroll] Desired PodInfo ConfigMap (1 extensions) (1 enabled)
2025-01-29 14:01:04,949 INFO c.h.h.t.HelmChartContainer - [hivemq-test-hivemq-platform] [hivemq-platform-operator] [5b920660] 14:01:04.947 [pool-6-thread-47] DEBUG c.h.p.o.dependants.PodInfoConfigMap - [helmroll] Desired PodInfo ConfigMap (metrics port: 9399) (metrics path: /)
2025-01-29 14:01:04,949 INFO c.h.h.t.HelmChartContainer - [hivemq-test-hivemq-platform] [hivemq-platform-operator] [5b920660] 14:01:04.947 [pool-6-thread-47] DEBUG c.h.p.o.dependants.PodInfoConfigMap - [helmroll] Desired PodInfo ConfigMap (extension state hash: -1817474005)
2025-01-29 14:01:04,949 INFO c.h.h.t.HelmChartContainer - [hivemq-test-hivemq-platform] [hivemq-platform-operator] [5b920660] 14:01:04.947 [pool-6-thread-47] DEBUG c.h.p.o.d.PodServiceAccountResource - [helmroll] Desired PodServiceAccountResource (serviceAccountName: hivemq-platform-pod-test-hivemq-platform)
2025-01-29 14:01:04,952 INFO c.h.h.t.HelmChartContainer - [hivemq-test-hivemq-platform] [hivemq-platform-operator] [5b920660] 14:01:04.951 [pool-6-thread-44] DEBUG c.h.p.o.d.StatefulSetResource - [helmroll] Desired StatefulSet (2 replicas) for status ROLLING_RESTART (RESTART_PODS_IN_PROGRESS)
2025-01-29 14:01:04,955 INFO c.h.h.t.HelmChartContainer - [hivemq-test-hivemq-platform] [hivemq-platform-operator] [5b920660] 14:01:04.955 [ReconcilerExecutor-hivemq-controller-134] INFO  c.h.p.o.HiveMQPlatformReconciler - [helmroll] Reconciling HiveMQ Platform 'test-hivemq-platform' in namespace 'helmrollingupgradeplatformit'
2025-01-29 14:01:04,955 INFO c.h.h.t.HelmChartContainer - [hivemq-test-hivemq-platform] [hivemq-platform-operator] [5b920660] 14:01:04.955 [ReconcilerExecutor-hivemq-controller-134] DEBUG c.h.p.o.HiveMQPlatformReconciler - [helmroll] Custom Resource Status ROLLING_RESTART - HiveMQ Platform is restarting Pods (rolling restart) (RESTART_PODS_IN_PROGRESS)
2025-01-29 14:01:04,956 INFO c.h.h.t.HelmChartContainer - [hivemq-test-hivemq-platform] [hivemq-platform-operator] [5b920660] 14:01:04.955 [ReconcilerExecutor-hivemq-controller-134] DEBUG c.h.p.o.HiveMQPlatformReconciler - [helmroll] Custom Resource Spec (replicas: 1) (extensions: 1)
2025-01-29 14:01:04,958 INFO c.h.h.t.HelmChartContainer - [hivemq-test-hivemq-platform] [hivemq-platform-operator] [5b920660] 14:01:04.956 [ReconcilerExecutor-hivemq-controller-134] DEBUG c.h.p.o.HiveMQPlatformReconciler - [helmroll] StatefulSet Status (revision: test-hivemq-platform-945c6dcb4, replicas: 2, available: 1, ready: 1, current: 0, updated: 1)
2025-01-29 14:01:04,960 INFO c.h.h.t.HelmChartContainer - [hivemq-test-hivemq-platform] [hivemq-platform-operator] [5b920660] 14:01:04.957 [ReconcilerExecutor-hivemq-controller-134] DEBUG c.h.p.o.HiveMQPlatformReconciler - [helmroll] StatefulSet Spec (replicas: 2, init containers: 1, containers: 1, volumes: 3)
2025-01-29 14:01:04,961 INFO c.h.h.t.HelmChartContainer - [hivemq-test-hivemq-platform] [hivemq-platform-operator] [5b920660] 14:01:04.958 [ReconcilerExecutor-hivemq-controller-134] DEBUG c.h.p.o.h.HiveMQPlatformReconcilerErrorHandler - [helmroll] Pod 'test-hivemq-platform-1' phase Running
2025-01-29 14:01:04,961 INFO c.h.h.t.HelmChartContainer - [hivemq-test-hivemq-platform] [hivemq-platform-operator] [5b920660] 14:01:04.960 [ReconcilerExecutor-hivemq-controller-134] DEBUG c.h.p.o.h.HiveMQPlatformReconcilerErrorHandler - [helmroll] Pod 'test-hivemq-platform-0' phase Failed
2025-01-29 14:01:04,961 INFO c.h.h.t.HelmChartContainer - [hivemq-test-hivemq-platform] [hivemq-platform-operator] [5b920660] 14:01:04.960 [ReconcilerExecutor-hivemq-controller-134] DEBUG c.h.p.o.h.HiveMQPlatformReconcilerErrorHandler - [helmroll] Pod 'test-hivemq-platform-0' condition 'PodReadyToStartContainers': False
2025-01-29 14:01:04,961 INFO c.h.h.t.HelmChartContainer - [hivemq-test-hivemq-platform] [hivemq-platform-operator] [5b920660] 14:01:04.960 [ReconcilerExecutor-hivemq-controller-134] DEBUG c.h.p.o.h.HiveMQPlatformReconcilerErrorHandler - [helmroll] Pod 'test-hivemq-platform-0' condition 'Initialized': True
2025-01-29 14:01:04,962 INFO c.h.h.t.HelmChartContainer - [hivemq-test-hivemq-platform] [hivemq-platform-operator] [5b920660] 14:01:04.960 [ReconcilerExecutor-hivemq-controller-134] DEBUG c.h.p.o.h.HiveMQPlatformReconcilerErrorHandler - [helmroll] Pod 'test-hivemq-platform-0' condition 'Ready': False
2025-01-29 14:01:04,962 INFO c.h.h.t.HelmChartContainer - [hivemq-test-hivemq-platform] [hivemq-platform-operator] [5b920660] 14:01:04.960 [ReconcilerExecutor-hivemq-controller-134] DEBUG c.h.p.o.h.HiveMQPlatformReconcilerErrorHandler - [helmroll] Pod 'test-hivemq-platform-0' condition 'ContainersReady': False
2025-01-29 14:01:04,962 INFO c.h.h.t.HelmChartContainer - [hivemq-test-hivemq-platform] [hivemq-platform-operator] [5b920660] 14:01:04.960 [ReconcilerExecutor-hivemq-controller-134] DEBUG c.h.p.o.h.HiveMQPlatformReconcilerErrorHandler - [helmroll] Pod 'test-hivemq-platform-0' condition 'PodScheduled': True
2025-01-29 14:01:04,962 INFO c.h.h.t.HelmChartContainer - [hivemq-test-hivemq-platform] [hivemq-platform-operator] [5b920660] 14:01:04.960 [ReconcilerExecutor-hivemq-controller-134] DEBUG c.h.p.o.h.HiveMQPlatformReconcilerErrorHandler - [helmroll] Pod 'test-hivemq-platform-0' containerStatus 'hivemq' (started: false) (ready: false) (waiting: [Unknown] no message)
2025-01-29 14:01:04,963 INFO c.h.h.t.HelmChartContainer - [hivemq-test-hivemq-platform] [hivemq-platform-operator] [5b920660] 14:01:04.962 [ReconcilerExecutor-hivemq-controller-134] DEBUG c.h.p.o.h.HiveMQPlatformReconcilerRollingRestartHandler - [helmroll] Rolling restart is waiting for 1 of 2 replicas
2025-01-29 14:01:05,036 INFO c.h.h.t.HelmChartContainer - [K3S] [reconciler_common.go:299] "Volume detached for volume \"kube-api-access-rzjw9\" (UniqueName: \"kubernetes.io/projected/01bf704b-7b87-4f16-9c85-8173c0458c25-kube-api-access-rzjw9\") on node \"c7a6e7e9301f\" DevicePath \"\""
2025-01-29 14:01:05,037 INFO c.h.h.t.HelmChartContainer - [K3S] [reconciler_common.go:299] "Volume detached for volume \"pod-info\" (UniqueName: \"kubernetes.io/configmap/01bf704b-7b87-4f16-9c85-8173c0458c25-pod-info\") on node \"c7a6e7e9301f\" DevicePath \"\""
2025-01-29 14:01:05,037 INFO c.h.h.t.HelmChartContainer - [K3S] [reconciler_common.go:299] "Volume detached for volume \"broker-configuration\" (UniqueName: \"kubernetes.io/configmap/01bf704b-7b87-4f16-9c85-8173c0458c25-broker-configuration\") on node \"c7a6e7e9301f\" DevicePath \"\""
2025-01-29 14:01:05,037 INFO c.h.h.t.HelmChartContainer - [K3S] [reconciler_common.go:299] "Volume detached for volume \"operator-init\" (UniqueName: \"kubernetes.io/empty-dir/01bf704b-7b87-4f16-9c85-8173c0458c25-operator-init\") on node \"c7a6e7e9301f\" DevicePath \"\""
2025-01-29 14:01:05,050 INFO c.h.h.t.HelmChartContainer - [K3S] [scope.go:117] "RemoveContainer" containerID="c195e8e8accde80cf21ca5d58fa3c4d46ab24a4e5b17bf635df15451fe29a633"
2025-01-29 14:01:05,073 INFO c.h.h.t.HelmChartContainer - [POD] test-hivemq-platform-0 [01bf704b-7b87-4f16-9c85-8173c0458c25] in helmrollingupgradeplatformit was MODIFIED
2025-01-29 14:01:05,079 INFO c.h.h.t.HelmChartContainer - [POD] test-hivemq-platform-0 [01bf704b-7b87-4f16-9c85-8173c0458c25] in helmrollingupgradeplatformit was DELETED
2025-01-29 14:01:05,098 INFO c.h.h.t.HelmChartContainer - [POD] test-hivemq-platform-0 [dd1f9035-ce24-401d-9a5f-4cf286ead735] in helmrollingupgradeplatformit was ADDED
2025-01-29 14:01:05,100 INFO c.h.h.t.HelmChartContainer - [hivemq-test-hivemq-platform] [hivemq-platform-operator] [5b920660] 14:01:05.089 [pool-6-thread-2] DEBUG c.h.p.o.d.PodServiceAccountResource - [helmroll] Desired PodServiceAccountResource (serviceAccountName: hivemq-platform-pod-test-hivemq-platform)
2025-01-29 14:01:05,102 INFO c.h.h.t.HelmChartContainer - [hivemq-test-hivemq-platform] [hivemq-platform-operator] [5b920660] 14:01:05.089 [pool-6-thread-3] DEBUG c.h.p.o.dependants.PodInfoConfigMap - [helmroll] Desired PodInfo ConfigMap (1 extensions) (1 enabled)
2025-01-29 14:01:05,102 INFO c.h.h.t.HelmChartContainer - [hivemq-test-hivemq-platform] [hivemq-platform-operator] [5b920660] 14:01:05.092 [pool-6-thread-3] DEBUG c.h.p.o.dependants.PodInfoConfigMap - [helmroll] Desired PodInfo ConfigMap (metrics port: 9399) (metrics path: /)
2025-01-29 14:01:05,102 INFO c.h.h.t.HelmChartContainer - [hivemq-test-hivemq-platform] [hivemq-platform-operator] [5b920660] 14:01:05.092 [pool-6-thread-3] DEBUG c.h.p.o.dependants.PodInfoConfigMap - [helmroll] Desired PodInfo ConfigMap (extension state hash: -1817474005)
2025-01-29 14:01:05,102 INFO c.h.h.t.HelmChartContainer - [hivemq-test-hivemq-platform] [hivemq-platform-operator] [5b920660] 14:01:05.093 [pool-6-thread-1] DEBUG c.h.p.o.d.PlatformServiceResource - [helmroll] Desired Platform services (3 services)
2025-01-29 14:01:05,110 INFO c.h.h.t.HelmChartContainer - [POD] test-hivemq-platform-0 [dd1f9035-ce24-401d-9a5f-4cf286ead735] in helmrollingupgradeplatformit was MODIFIED
2025-01-29 14:01:05,111 INFO c.h.h.t.HelmChartContainer - [K3S] [memory_manager.go:355] "RemoveStaleState removing state" podUID="01bf704b-7b87-4f16-9c85-8173c0458c25" containerName="hivemq"
2025-01-29 14:01:05,113 INFO c.h.h.t.HelmChartContainer - [EVENT] Normal [SuccessfulCreate] create Pod test-hivemq-platform-0 in StatefulSet test-hivemq-platform successful [helmrollingupgradeplatformit:test-hivemq-platform]
2025-01-29 14:01:05,116 INFO c.h.h.t.HelmChartContainer - [EVENT] Normal [Scheduled] Successfully assigned helmrollingupgradeplatformit/test-hivemq-platform-0 to c7a6e7e9301f [helmrollingupgradeplatformit:test-hivemq-platform-0]
2025-01-29 14:01:05,132 INFO c.h.h.t.HelmChartContainer - [POD] test-hivemq-platform-0 [dd1f9035-ce24-401d-9a5f-4cf286ead735] in helmrollingupgradeplatformit was MODIFIED
2025-01-29 14:01:05,138 INFO c.h.h.t.HelmChartContainer - [K3S] [reconciler_common.go:251] "operationExecutor.VerifyControllerAttachedVolume started for volume \"broker-configuration\" (UniqueName: \"kubernetes.io/configmap/dd1f9035-ce24-401d-9a5f-4cf286ead735-broker-configuration\") pod \"test-hivemq-platform-0\" (UID: \"dd1f9035-ce24-401d-9a5f-4cf286ead735\") " pod="helmrollingupgradeplatformit/test-hivemq-platform-0"
2025-01-29 14:01:05,139 INFO c.h.h.t.HelmChartContainer - [K3S] [reconciler_common.go:251] "operationExecutor.VerifyControllerAttachedVolume started for volume \"pod-info\" (UniqueName: \"kubernetes.io/configmap/dd1f9035-ce24-401d-9a5f-4cf286ead735-pod-info\") pod \"test-hivemq-platform-0\" (UID: \"dd1f9035-ce24-401d-9a5f-4cf286ead735\") " pod="helmrollingupgradeplatformit/test-hivemq-platform-0"
2025-01-29 14:01:05,139 INFO c.h.h.t.HelmChartContainer - [K3S] [reconciler_common.go:251] "operationExecutor.VerifyControllerAttachedVolume started for volume \"kube-api-access-g6khw\" (UniqueName: \"kubernetes.io/projected/dd1f9035-ce24-401d-9a5f-4cf286ead735-kube-api-access-g6khw\") pod \"test-hivemq-platform-0\" (UID: \"dd1f9035-ce24-401d-9a5f-4cf286ead735\") " pod="helmrollingupgradeplatformit/test-hivemq-platform-0"
2025-01-29 14:01:05,139 INFO c.h.h.t.HelmChartContainer - [K3S] [reconciler_common.go:251] "operationExecutor.VerifyControllerAttachedVolume started for volume \"operator-init\" (UniqueName: \"kubernetes.io/empty-dir/dd1f9035-ce24-401d-9a5f-4cf286ead735-operator-init\") pod \"test-hivemq-platform-0\" (UID: \"dd1f9035-ce24-401d-9a5f-4cf286ead735\") " pod="helmrollingupgradeplatformit/test-hivemq-platform-0"
2025-01-29 14:01:05,146 INFO c.h.h.t.HelmChartContainer - [hivemq-test-hivemq-platform] [hivemq-platform-operator] [5b920660] 14:01:05.143 [pool-6-thread-1] DEBUG c.h.p.o.d.StatefulSetResource - [helmroll] Desired StatefulSet (2 replicas) for status ROLLING_RESTART (RESTART_PODS_IN_PROGRESS)
2025-01-29 14:01:05,151 INFO c.h.h.t.HelmChartContainer - [hivemq-test-hivemq-platform] [hivemq-platform-operator] [5b920660] 14:01:05.148 [ReconcilerExecutor-hivemq-controller-135] INFO  c.h.p.o.HiveMQPlatformReconciler - [helmroll] Reconciling HiveMQ Platform 'test-hivemq-platform' in namespace 'helmrollingupgradeplatformit'
2025-01-29 14:01:05,158 INFO c.h.h.t.HelmChartContainer - [hivemq-test-hivemq-platform] [hivemq-platform-operator] [5b920660] 14:01:05.148 [ReconcilerExecutor-hivemq-controller-135] DEBUG c.h.p.o.HiveMQPlatformReconciler - [helmroll] Custom Resource Status ROLLING_RESTART - HiveMQ Platform is restarting Pods (rolling restart) (RESTART_PODS_IN_PROGRESS)
2025-01-29 14:01:05,158 INFO c.h.h.t.HelmChartContainer - [hivemq-test-hivemq-platform] [hivemq-platform-operator] [5b920660] 14:01:05.148 [ReconcilerExecutor-hivemq-controller-135] DEBUG c.h.p.o.HiveMQPlatformReconciler - [helmroll] Custom Resource Spec (replicas: 1) (extensions: 1)
2025-01-29 14:01:05,158 INFO c.h.h.t.HelmChartContainer - [hivemq-test-hivemq-platform] [hivemq-platform-operator] [5b920660] 14:01:05.149 [ReconcilerExecutor-hivemq-controller-135] DEBUG c.h.p.o.HiveMQPlatformReconciler - [helmroll] StatefulSet Status (revision: test-hivemq-platform-945c6dcb4, replicas: 2, available: 1, ready: 1, current: 0, updated: 1)
2025-01-29 14:01:05,158 INFO c.h.h.t.HelmChartContainer - [hivemq-test-hivemq-platform] [hivemq-platform-operator] [5b920660] 14:01:05.149 [ReconcilerExecutor-hivemq-controller-135] DEBUG c.h.p.o.HiveMQPlatformReconciler - [helmroll] StatefulSet Spec (replicas: 2, init containers: 1, containers: 1, volumes: 3)
2025-01-29 14:01:05,160 INFO c.h.h.t.HelmChartContainer - [hivemq-test-hivemq-platform] [hivemq-platform-operator] [5b920660] 14:01:05.150 [ReconcilerExecutor-hivemq-controller-135] DEBUG c.h.p.o.h.HiveMQPlatformReconcilerErrorHandler - [helmroll] Pod 'test-hivemq-platform-1' phase Running
2025-01-29 14:01:05,168 INFO c.h.h.t.HelmChartContainer - [hivemq-test-hivemq-platform] [hivemq-platform-operator] [5b920660] 14:01:05.151 [ReconcilerExecutor-hivemq-controller-135] DEBUG c.h.p.o.h.HiveMQPlatformReconcilerErrorHandler - [helmroll] Pod 'test-hivemq-platform-0' phase Pending
2025-01-29 14:01:05,168 INFO c.h.h.t.HelmChartContainer - [hivemq-test-hivemq-platform] [hivemq-platform-operator] [5b920660] 14:01:05.153 [ReconcilerExecutor-hivemq-controller-135] DEBUG c.h.p.o.h.HiveMQPlatformReconcilerRollingRestartHandler - [helmroll] Rolling restart is waiting for 1 of 2 replicas
2025-01-29 14:01:05,170 INFO c.h.h.t.HelmChartContainer - [hivemq-test-hivemq-platform] [hivemq-platform-operator] [5b920660] 14:01:05.163 [pool-6-thread-20] DEBUG c.h.p.o.d.PlatformServiceResource - [helmroll] Desired Platform services (3 services)
2025-01-29 14:01:05,171 INFO c.h.h.t.HelmChartContainer - [hivemq-test-hivemq-platform] [hivemq-platform-operator] [5b920660] 14:01:05.164 [pool-6-thread-13] DEBUG c.h.p.o.dependants.PodInfoConfigMap - [helmroll] Desired PodInfo ConfigMap (1 extensions) (1 enabled)
2025-01-29 14:01:05,171 INFO c.h.h.t.HelmChartContainer - [hivemq-test-hivemq-platform] [hivemq-platform-operator] [5b920660] 14:01:05.164 [pool-6-thread-13] DEBUG c.h.p.o.dependants.PodInfoConfigMap - [helmroll] Desired PodInfo ConfigMap (metrics port: 9399) (metrics path: /)
2025-01-29 14:01:05,171 INFO c.h.h.t.HelmChartContainer - [hivemq-test-hivemq-platform] [hivemq-platform-operator] [5b920660] 14:01:05.164 [pool-6-thread-13] DEBUG c.h.p.o.dependants.PodInfoConfigMap - [helmroll] Desired PodInfo ConfigMap (extension state hash: -1817474005)
2025-01-29 14:01:05,171 INFO c.h.h.t.HelmChartContainer - [hivemq-test-hivemq-platform] [hivemq-platform-operator] [5b920660] 14:01:05.165 [pool-6-thread-13] DEBUG c.h.p.o.d.PodServiceAccountResource - [helmroll] Desired PodServiceAccountResource (serviceAccountName: hivemq-platform-pod-test-hivemq-platform)
2025-01-29 14:01:05,191 INFO c.h.h.t.HelmChartContainer - [K3S] [kubelet_volumes.go:163] "Cleaned up orphaned pod volumes dir" podUID="01bf704b-7b87-4f16-9c85-8173c0458c25" path="/var/lib/kubelet/pods/01bf704b-7b87-4f16-9c85-8173c0458c25/volumes"
2025-01-29 14:01:05,221 INFO c.h.h.t.HelmChartContainer - [K3S] [scope.go:117] "RemoveContainer" containerID="7e9c1b07c92b1826110ca5bbe85ba60c8a216987f0fb7b2a14da3bec99d97c0f"
2025-01-29 14:01:05,225 INFO c.h.h.t.HelmChartContainer - [K3S] [scope.go:117] "RemoveContainer" containerID="c195e8e8accde80cf21ca5d58fa3c4d46ab24a4e5b17bf635df15451fe29a633"
2025-01-29 14:01:05,225 INFO c.h.h.t.HelmChartContainer - [K3S] [scope.go:117] "RemoveContainer" containerID="7e9c1b07c92b1826110ca5bbe85ba60c8a216987f0fb7b2a14da3bec99d97c0f"
2025-01-29 14:01:05,246 INFO c.h.h.t.HelmChartContainer - [hivemq-test-hivemq-platform] [hivemq-platform-operator] [5b920660] 14:01:05.243 [pool-6-thread-13] DEBUG c.h.p.o.d.StatefulSetResource - [helmroll] Desired StatefulSet (2 replicas) for status ROLLING_RESTART (RESTART_PODS_IN_PROGRESS)
2025-01-29 14:01:05,250 INFO c.h.h.t.HelmChartContainer - [hivemq-test-hivemq-platform] [hivemq-platform-operator] [5b920660] 14:01:05.249 [ReconcilerExecutor-hivemq-controller-139] INFO  c.h.p.o.HiveMQPlatformReconciler - [helmroll] Reconciling HiveMQ Platform 'test-hivemq-platform' in namespace 'helmrollingupgradeplatformit'
2025-01-29 14:01:05,251 INFO c.h.h.t.HelmChartContainer - [hivemq-test-hivemq-platform] [hivemq-platform-operator] [5b920660] 14:01:05.249 [ReconcilerExecutor-hivemq-controller-139] DEBUG c.h.p.o.HiveMQPlatformReconciler - [helmroll] Custom Resource Status ROLLING_RESTART - HiveMQ Platform is restarting Pods (rolling restart) (RESTART_PODS_IN_PROGRESS)
2025-01-29 14:01:05,251 INFO c.h.h.t.HelmChartContainer - [hivemq-test-hivemq-platform] [hivemq-platform-operator] [5b920660] 14:01:05.249 [ReconcilerExecutor-hivemq-controller-139] DEBUG c.h.p.o.HiveMQPlatformReconciler - [helmroll] Custom Resource Spec (replicas: 1) (extensions: 1)
2025-01-29 14:01:05,253 INFO c.h.h.t.HelmChartContainer - [hivemq-test-hivemq-platform] [hivemq-platform-operator] [5b920660] 14:01:05.252 [ReconcilerExecutor-hivemq-controller-139] DEBUG c.h.p.o.HiveMQPlatformReconciler - [helmroll] StatefulSet Status (revision: test-hivemq-platform-945c6dcb4, replicas: 2, available: 1, ready: 1, current: 0, updated: 2)
2025-01-29 14:01:05,255 INFO c.h.h.t.HelmChartContainer - [hivemq-test-hivemq-platform] [hivemq-platform-operator] [5b920660] 14:01:05.252 [ReconcilerExecutor-hivemq-controller-139] DEBUG c.h.p.o.HiveMQPlatformReconciler - [helmroll] StatefulSet Spec (replicas: 2, init containers: 1, containers: 1, volumes: 3)
2025-01-29 14:01:05,257 INFO c.h.h.t.HelmChartContainer - [hivemq-test-hivemq-platform] [hivemq-platform-operator] [5b920660] 14:01:05.253 [ReconcilerExecutor-hivemq-controller-139] DEBUG c.h.p.o.h.HiveMQPlatformReconcilerErrorHandler - [helmroll] Pod 'test-hivemq-platform-1' phase Running
2025-01-29 14:01:05,257 INFO c.h.h.t.HelmChartContainer - [hivemq-test-hivemq-platform] [hivemq-platform-operator] [5b920660] 14:01:05.254 [ReconcilerExecutor-hivemq-controller-139] DEBUG c.h.p.o.h.HiveMQPlatformReconcilerErrorHandler - [helmroll] Pod 'test-hivemq-platform-0' phase Pending
2025-01-29 14:01:05,257 INFO c.h.h.t.HelmChartContainer - [hivemq-test-hivemq-platform] [hivemq-platform-operator] [5b920660] 14:01:05.255 [ReconcilerExecutor-hivemq-controller-139] DEBUG c.h.p.o.h.HiveMQPlatformReconcilerErrorHandler - [helmroll] Pod 'test-hivemq-platform-0' condition 'PodReadyToStartContainers': False
2025-01-29 14:01:05,257 INFO c.h.h.t.HelmChartContainer - [hivemq-test-hivemq-platform] [hivemq-platform-operator] [5b920660] 14:01:05.255 [ReconcilerExecutor-hivemq-controller-139] DEBUG c.h.p.o.h.HiveMQPlatformReconcilerErrorHandler - [helmroll] Pod 'test-hivemq-platform-0' condition 'Initialized': False
2025-01-29 14:01:05,257 INFO c.h.h.t.HelmChartContainer - [hivemq-test-hivemq-platform] [hivemq-platform-operator] [5b920660] 14:01:05.255 [ReconcilerExecutor-hivemq-controller-139] DEBUG c.h.p.o.h.HiveMQPlatformReconcilerErrorHandler - [helmroll] Pod 'test-hivemq-platform-0' condition 'Ready': False
2025-01-29 14:01:05,257 INFO c.h.h.t.HelmChartContainer - [hivemq-test-hivemq-platform] [hivemq-platform-operator] [5b920660] 14:01:05.255 [ReconcilerExecutor-hivemq-controller-139] DEBUG c.h.p.o.h.HiveMQPlatformReconcilerErrorHandler - [helmroll] Pod 'test-hivemq-platform-0' condition 'ContainersReady': False
2025-01-29 14:01:05,257 INFO c.h.h.t.HelmChartContainer - [hivemq-test-hivemq-platform] [hivemq-platform-operator] [5b920660] 14:01:05.255 [ReconcilerExecutor-hivemq-controller-139] DEBUG c.h.p.o.h.HiveMQPlatformReconcilerErrorHandler - [helmroll] Pod 'test-hivemq-platform-0' condition 'PodScheduled': True
2025-01-29 14:01:05,257 INFO c.h.h.t.HelmChartContainer - [hivemq-test-hivemq-platform] [hivemq-platform-operator] [5b920660] 14:01:05.255 [ReconcilerExecutor-hivemq-controller-139] DEBUG c.h.p.o.h.HiveMQPlatformReconcilerErrorHandler - [helmroll] Pod 'test-hivemq-platform-0' containerStatus 'hivemq' (started: false) (ready: false) (waiting: [PodInitializing] null)
2025-01-29 14:01:05,257 INFO c.h.h.t.HelmChartContainer - [hivemq-test-hivemq-platform] [hivemq-platform-operator] [5b920660] 14:01:05.255 [ReconcilerExecutor-hivemq-controller-139] DEBUG c.h.p.o.h.HiveMQPlatformReconcilerRollingRestartHandler - [helmroll] Rolling restart is waiting for 1 of 2 replicas
2025-01-29 14:01:05,260 INFO c.h.h.t.HelmChartContainer - [hivemq-test-hivemq-platform] [hivemq-platform-operator] [5b920660] 14:01:05.259 [pool-6-thread-27] DEBUG c.h.p.o.d.PlatformServiceResource - [helmroll] Desired Platform services (3 services)
2025-01-29 14:01:05,263 INFO c.h.h.t.HelmChartContainer - [hivemq-test-hivemq-platform] [hivemq-platform-operator] [5b920660] 14:01:05.262 [pool-6-thread-30] DEBUG c.h.p.o.dependants.PodInfoConfigMap - [helmroll] Desired PodInfo ConfigMap (1 extensions) (1 enabled)
2025-01-29 14:01:05,264 INFO c.h.h.t.HelmChartContainer - [hivemq-test-hivemq-platform] [hivemq-platform-operator] [5b920660] 14:01:05.262 [pool-6-thread-30] DEBUG c.h.p.o.dependants.PodInfoConfigMap - [helmroll] Desired PodInfo ConfigMap (metrics port: 9399) (metrics path: /)
2025-01-29 14:01:05,264 INFO c.h.h.t.HelmChartContainer - [hivemq-test-hivemq-platform] [hivemq-platform-operator] [5b920660] 14:01:05.262 [pool-6-thread-30] DEBUG c.h.p.o.dependants.PodInfoConfigMap - [helmroll] Desired PodInfo ConfigMap (extension state hash: -1817474005)
2025-01-29 14:01:05,264 INFO c.h.h.t.HelmChartContainer - [hivemq-test-hivemq-platform] [hivemq-platform-operator] [5b920660] 14:01:05.263 [pool-6-thread-28] DEBUG c.h.p.o.d.PodServiceAccountResource - [helmroll] Desired PodServiceAccountResource (serviceAccountName: hivemq-platform-pod-test-hivemq-platform)
2025-01-29 14:01:05,267 INFO c.h.h.t.HelmChartContainer - [hivemq-test-hivemq-platform] [hivemq-platform-operator] [5b920660] 14:01:05.266 [pool-6-thread-25] DEBUG c.h.p.o.d.StatefulSetResource - [helmroll] Desired StatefulSet (2 replicas) for status ROLLING_RESTART (RESTART_PODS_IN_PROGRESS)
2025-01-29 14:01:05,347 INFO c.h.h.t.HelmChartContainer - [hivemq-test-hivemq-platform] [hivemq-platform-operator] [5b920660] 14:01:05.343 [ReconcilerExecutor-hivemq-controller-140] INFO  c.h.p.o.HiveMQPlatformReconciler - [helmroll] Reconciling HiveMQ Platform 'test-hivemq-platform' in namespace 'helmrollingupgradeplatformit'
2025-01-29 14:01:05,347 INFO c.h.h.t.HelmChartContainer - [hivemq-test-hivemq-platform] [hivemq-platform-operator] [5b920660] 14:01:05.343 [ReconcilerExecutor-hivemq-controller-140] DEBUG c.h.p.o.HiveMQPlatformReconciler - [helmroll] Custom Resource Status ROLLING_RESTART - HiveMQ Platform is restarting Pods (rolling restart) (RESTART_PODS_IN_PROGRESS)
2025-01-29 14:01:05,347 INFO c.h.h.t.HelmChartContainer - [hivemq-test-hivemq-platform] [hivemq-platform-operator] [5b920660] 14:01:05.343 [ReconcilerExecutor-hivemq-controller-140] DEBUG c.h.p.o.HiveMQPlatformReconciler - [helmroll] Custom Resource Spec (replicas: 1) (extensions: 1)
2025-01-29 14:01:05,347 INFO c.h.h.t.HelmChartContainer - [hivemq-test-hivemq-platform] [hivemq-platform-operator] [5b920660] 14:01:05.344 [ReconcilerExecutor-hivemq-controller-140] DEBUG c.h.p.o.HiveMQPlatformReconciler - [helmroll] StatefulSet Status (revision: test-hivemq-platform-945c6dcb4, replicas: 2, available: 1, ready: 1, current: 0, updated: 2)
2025-01-29 14:01:05,347 INFO c.h.h.t.HelmChartContainer - [hivemq-test-hivemq-platform] [hivemq-platform-operator] [5b920660] 14:01:05.344 [ReconcilerExecutor-hivemq-controller-140] DEBUG c.h.p.o.HiveMQPlatformReconciler - [helmroll] StatefulSet Spec (replicas: 2, init containers: 1, containers: 1, volumes: 3)
2025-01-29 14:01:05,347 INFO c.h.h.t.HelmChartContainer - [hivemq-test-hivemq-platform] [hivemq-platform-operator] [5b920660] 14:01:05.345 [ReconcilerExecutor-hivemq-controller-140] DEBUG c.h.p.o.h.HiveMQPlatformReconcilerErrorHandler - [helmroll] Pod 'test-hivemq-platform-1' phase Running
2025-01-29 14:01:05,347 INFO c.h.h.t.HelmChartContainer - [hivemq-test-hivemq-platform] [hivemq-platform-operator] [5b920660] 14:01:05.346 [ReconcilerExecutor-hivemq-controller-140] DEBUG c.h.p.o.h.HiveMQPlatformReconcilerErrorHandler - [helmroll] Pod 'test-hivemq-platform-0' phase Pending
2025-01-29 14:01:05,349 INFO c.h.h.t.HelmChartContainer - [hivemq-test-hivemq-platform] [hivemq-platform-operator] [5b920660] 14:01:05.346 [ReconcilerExecutor-hivemq-controller-140] DEBUG c.h.p.o.h.HiveMQPlatformReconcilerErrorHandler - [helmroll] Pod 'test-hivemq-platform-0' condition 'PodReadyToStartContainers': False
2025-01-29 14:01:05,349 INFO c.h.h.t.HelmChartContainer - [hivemq-test-hivemq-platform] [hivemq-platform-operator] [5b920660] 14:01:05.346 [ReconcilerExecutor-hivemq-controller-140] DEBUG c.h.p.o.h.HiveMQPlatformReconcilerErrorHandler - [helmroll] Pod 'test-hivemq-platform-0' condition 'Initialized': False
2025-01-29 14:01:05,349 INFO c.h.h.t.HelmChartContainer - [hivemq-test-hivemq-platform] [hivemq-platform-operator] [5b920660] 14:01:05.346 [ReconcilerExecutor-hivemq-controller-140] DEBUG c.h.p.o.h.HiveMQPlatformReconcilerErrorHandler - [helmroll] Pod 'test-hivemq-platform-0' condition 'Ready': False
2025-01-29 14:01:05,349 INFO c.h.h.t.HelmChartContainer - [hivemq-test-hivemq-platform] [hivemq-platform-operator] [5b920660] 14:01:05.346 [ReconcilerExecutor-hivemq-controller-140] DEBUG c.h.p.o.h.HiveMQPlatformReconcilerErrorHandler - [helmroll] Pod 'test-hivemq-platform-0' condition 'ContainersReady': False
2025-01-29 14:01:05,349 INFO c.h.h.t.HelmChartContainer - [hivemq-test-hivemq-platform] [hivemq-platform-operator] [5b920660] 14:01:05.346 [ReconcilerExecutor-hivemq-controller-140] DEBUG c.h.p.o.h.HiveMQPlatformReconcilerErrorHandler - [helmroll] Pod 'test-hivemq-platform-0' condition 'PodScheduled': True
2025-01-29 14:01:05,349 INFO c.h.h.t.HelmChartContainer - [hivemq-test-hivemq-platform] [hivemq-platform-operator] [5b920660] 14:01:05.346 [ReconcilerExecutor-hivemq-controller-140] DEBUG c.h.p.o.h.HiveMQPlatformReconcilerErrorHandler - [helmroll] Pod 'test-hivemq-platform-0' containerStatus 'hivemq' (started: false) (ready: false) (waiting: [PodInitializing] null)
2025-01-29 14:01:05,349 INFO c.h.h.t.HelmChartContainer - [hivemq-test-hivemq-platform] [hivemq-platform-operator] [5b920660] 14:01:05.347 [ReconcilerExecutor-hivemq-controller-140] DEBUG c.h.p.o.h.HiveMQPlatformReconcilerRollingRestartHandler - [helmroll] Rolling restart is waiting for 1 of 2 replicas
2025-01-29 14:01:05,503 INFO c.h.h.t.HelmChartContainer - [EVENT] Normal [Pulled] Container image "docker.io/hivemq/hivemq-platform-operator-init-test:snapshot" already present on machine [helmrollingupgradeplatformit:test-hivemq-platform-0]
2025-01-29 14:01:05,508 INFO c.h.h.t.HelmChartContainer - [EVENT] Normal [Created] Created container: hivemq-platform-operator-init [helmrollingupgradeplatformit:test-hivemq-platform-0]
2025-01-29 14:01:05,550 INFO c.h.h.t.HelmChartContainer - [EVENT] Normal [Started] Started container hivemq-platform-operator-init [helmrollingupgradeplatformit:test-hivemq-platform-0]
2025-01-29 14:01:06,057 INFO c.h.h.t.HelmChartContainer - [EVENT] Normal [Pulled] Container image "docker.io/hivemq/hivemq4:4.36.0" already present on machine [helmrollingupgradeplatformit:test-hivemq-platform-0]
2025-01-29 14:01:06,057 INFO c.h.h.t.HelmChartContainer - Received Pulled event for container hivemq in pod test-hivemq-platform-0 [dd1f9035-ce24-401d-9a5f-4cf286ead735]
2025-01-29 14:01:06,069 INFO c.h.h.t.HelmChartContainer - [POD] test-hivemq-platform-0 [dd1f9035-ce24-401d-9a5f-4cf286ead735] in helmrollingupgradeplatformit was MODIFIED
2025-01-29 14:01:06,072 INFO c.h.h.t.HelmChartContainer - [EVENT] Normal [Created] Created container: hivemq [helmrollingupgradeplatformit:test-hivemq-platform-0]
2025-01-29 14:01:06,072 INFO c.h.h.t.HelmChartContainer - Received Created event for container hivemq in pod test-hivemq-platform-0 [dd1f9035-ce24-401d-9a5f-4cf286ead735]
2025-01-29 14:01:06,086 INFO c.h.h.t.HelmChartContainer - [hivemq-test-hivemq-platform] [hivemq-platform-operator] [5b920660] 14:01:06.074 [pool-6-thread-39] DEBUG c.h.p.o.dependants.PodInfoConfigMap - [helmroll] Desired PodInfo ConfigMap (1 extensions) (1 enabled)
2025-01-29 14:01:06,086 INFO c.h.h.t.HelmChartContainer - [hivemq-test-hivemq-platform] [hivemq-platform-operator] [5b920660] 14:01:06.075 [pool-6-thread-39] DEBUG c.h.p.o.dependants.PodInfoConfigMap - [helmroll] Desired PodInfo ConfigMap (metrics port: 9399) (metrics path: /)
2025-01-29 14:01:06,086 INFO c.h.h.t.HelmChartContainer - [hivemq-test-hivemq-platform] [hivemq-platform-operator] [5b920660] 14:01:06.075 [pool-6-thread-39] DEBUG c.h.p.o.dependants.PodInfoConfigMap - [helmroll] Desired PodInfo ConfigMap (extension state hash: -1817474005)
2025-01-29 14:01:06,086 INFO c.h.h.t.HelmChartContainer - [hivemq-test-hivemq-platform] [hivemq-platform-operator] [5b920660] 14:01:06.078 [pool-6-thread-35] DEBUG c.h.p.o.d.PodServiceAccountResource - [helmroll] Desired PodServiceAccountResource (serviceAccountName: hivemq-platform-pod-test-hivemq-platform)
2025-01-29 14:01:06,086 INFO c.h.h.t.HelmChartContainer - [hivemq-test-hivemq-platform] [hivemq-platform-operator] [5b920660] 14:01:06.080 [pool-6-thread-37] DEBUG c.h.p.o.d.PlatformServiceResource - [helmroll] Desired Platform services (3 services)
2025-01-29 14:01:06,104 INFO c.h.h.t.HelmChartContainer - [hivemq-test-hivemq-platform] [hivemq-platform-operator] [5b920660] 14:01:06.096 [pool-6-thread-37] DEBUG c.h.p.o.d.StatefulSetResource - [helmroll] Desired StatefulSet (2 replicas) for status ROLLING_RESTART (RESTART_PODS_IN_PROGRESS)
2025-01-29 14:01:06,104 INFO c.h.h.t.HelmChartContainer - [hivemq-test-hivemq-platform] [hivemq-platform-operator] [5b920660] 14:01:06.099 [ReconcilerExecutor-hivemq-controller-141] INFO  c.h.p.o.HiveMQPlatformReconciler - [helmroll] Reconciling HiveMQ Platform 'test-hivemq-platform' in namespace 'helmrollingupgradeplatformit'
2025-01-29 14:01:06,106 INFO c.h.h.t.HelmChartContainer - [hivemq-test-hivemq-platform] [hivemq-platform-operator] [5b920660] 14:01:06.099 [ReconcilerExecutor-hivemq-controller-141] DEBUG c.h.p.o.HiveMQPlatformReconciler - [helmroll] Custom Resource Status ROLLING_RESTART - HiveMQ Platform is restarting Pods (rolling restart) (RESTART_PODS_IN_PROGRESS)
2025-01-29 14:01:06,106 INFO c.h.h.t.HelmChartContainer - [hivemq-test-hivemq-platform] [hivemq-platform-operator] [5b920660] 14:01:06.099 [ReconcilerExecutor-hivemq-controller-141] DEBUG c.h.p.o.HiveMQPlatformReconciler - [helmroll] Custom Resource Spec (replicas: 1) (extensions: 1)
2025-01-29 14:01:06,106 INFO c.h.h.t.HelmChartContainer - [hivemq-test-hivemq-platform] [hivemq-platform-operator] [5b920660] 14:01:06.100 [ReconcilerExecutor-hivemq-controller-141] DEBUG c.h.p.o.HiveMQPlatformReconciler - [helmroll] StatefulSet Status (revision: test-hivemq-platform-945c6dcb4, replicas: 2, available: 1, ready: 1, current: 0, updated: 2)
2025-01-29 14:01:06,106 INFO c.h.h.t.HelmChartContainer - [hivemq-test-hivemq-platform] [hivemq-platform-operator] [5b920660] 14:01:06.100 [ReconcilerExecutor-hivemq-controller-141] DEBUG c.h.p.o.HiveMQPlatformReconciler - [helmroll] StatefulSet Spec (replicas: 2, init containers: 1, containers: 1, volumes: 3)
2025-01-29 14:01:06,106 INFO c.h.h.t.HelmChartContainer - [hivemq-test-hivemq-platform] [hivemq-platform-operator] [5b920660] 14:01:06.101 [ReconcilerExecutor-hivemq-controller-141] DEBUG c.h.p.o.h.HiveMQPlatformReconcilerErrorHandler - [helmroll] Pod 'test-hivemq-platform-1' phase Running
2025-01-29 14:01:06,108 INFO c.h.h.t.HelmChartContainer - [hivemq-test-hivemq-platform] [hivemq-platform-operator] [5b920660] 14:01:06.106 [ReconcilerExecutor-hivemq-controller-141] DEBUG c.h.p.o.h.HiveMQPlatformReconcilerErrorHandler - [helmroll] Pod 'test-hivemq-platform-0' phase Pending
2025-01-29 14:01:06,108 INFO c.h.h.t.HelmChartContainer - [hivemq-test-hivemq-platform] [hivemq-platform-operator] [5b920660] 14:01:06.106 [ReconcilerExecutor-hivemq-controller-141] DEBUG c.h.p.o.h.HiveMQPlatformReconcilerErrorHandler - [helmroll] Pod 'test-hivemq-platform-0' condition 'PodReadyToStartContainers': True
2025-01-29 14:01:06,108 INFO c.h.h.t.HelmChartContainer - [hivemq-test-hivemq-platform] [hivemq-platform-operator] [5b920660] 14:01:06.106 [ReconcilerExecutor-hivemq-controller-141] DEBUG c.h.p.o.h.HiveMQPlatformReconcilerErrorHandler - [helmroll] Pod 'test-hivemq-platform-0' condition 'Initialized': True
2025-01-29 14:01:06,108 INFO c.h.h.t.HelmChartContainer - [hivemq-test-hivemq-platform] [hivemq-platform-operator] [5b920660] 14:01:06.106 [ReconcilerExecutor-hivemq-controller-141] DEBUG c.h.p.o.h.HiveMQPlatformReconcilerErrorHandler - [helmroll] Pod 'test-hivemq-platform-0' condition 'Ready': False
2025-01-29 14:01:06,108 INFO c.h.h.t.HelmChartContainer - [hivemq-test-hivemq-platform] [hivemq-platform-operator] [5b920660] 14:01:06.106 [ReconcilerExecutor-hivemq-controller-141] DEBUG c.h.p.o.h.HiveMQPlatformReconcilerErrorHandler - [helmroll] Pod 'test-hivemq-platform-0' condition 'ContainersReady': False
2025-01-29 14:01:06,108 INFO c.h.h.t.HelmChartContainer - [hivemq-test-hivemq-platform] [hivemq-platform-operator] [5b920660] 14:01:06.106 [ReconcilerExecutor-hivemq-controller-141] DEBUG c.h.p.o.h.HiveMQPlatformReconcilerErrorHandler - [helmroll] Pod 'test-hivemq-platform-0' condition 'PodScheduled': True
2025-01-29 14:01:06,108 INFO c.h.h.t.HelmChartContainer - [hivemq-test-hivemq-platform] [hivemq-platform-operator] [5b920660] 14:01:06.107 [ReconcilerExecutor-hivemq-controller-141] DEBUG c.h.p.o.h.HiveMQPlatformReconcilerErrorHandler - [helmroll] Pod 'test-hivemq-platform-0' containerStatus 'hivemq' (started: false) (ready: false) (waiting: [PodInitializing] null)
2025-01-29 14:01:06,111 INFO c.h.h.t.HelmChartContainer - [hivemq-test-hivemq-platform] [hivemq-platform-operator] [5b920660] 14:01:06.107 [ReconcilerExecutor-hivemq-controller-141] DEBUG c.h.p.o.h.HiveMQPlatformReconcilerRollingRestartHandler - [helmroll] Rolling restart is waiting for 1 of 2 replicas
2025-01-29 14:01:07,069 INFO c.h.h.t.HelmChartContainer - [POD] test-hivemq-platform-0 [dd1f9035-ce24-401d-9a5f-4cf286ead735] in helmrollingupgradeplatformit was MODIFIED
2025-01-29 14:01:07,078 INFO c.h.h.t.HelmChartContainer - [hivemq-test-hivemq-platform] [hivemq-platform-operator] [5b920660] 14:01:07.072 [pool-6-thread-47] DEBUG c.h.p.o.d.PlatformServiceResource - [helmroll] Desired Platform services (3 services)
2025-01-29 14:01:07,078 INFO c.h.h.t.HelmChartContainer - [hivemq-test-hivemq-platform] [hivemq-platform-operator] [5b920660] 14:01:07.073 [pool-6-thread-45] DEBUG c.h.p.o.dependants.PodInfoConfigMap - [helmroll] Desired PodInfo ConfigMap (1 extensions) (1 enabled)
2025-01-29 14:01:07,078 INFO c.h.h.t.HelmChartContainer - [hivemq-test-hivemq-platform] [hivemq-platform-operator] [5b920660] 14:01:07.073 [pool-6-thread-45] DEBUG c.h.p.o.dependants.PodInfoConfigMap - [helmroll] Desired PodInfo ConfigMap (metrics port: 9399) (metrics path: /)
2025-01-29 14:01:07,078 INFO c.h.h.t.HelmChartContainer - [hivemq-test-hivemq-platform] [hivemq-platform-operator] [5b920660] 14:01:07.073 [pool-6-thread-45] DEBUG c.h.p.o.dependants.PodInfoConfigMap - [helmroll] Desired PodInfo ConfigMap (extension state hash: -1817474005)
2025-01-29 14:01:07,078 INFO c.h.h.t.HelmChartContainer - [hivemq-test-hivemq-platform] [hivemq-platform-operator] [5b920660] 14:01:07.074 [pool-6-thread-48] DEBUG c.h.p.o.d.PodServiceAccountResource - [helmroll] Desired PodServiceAccountResource (serviceAccountName: hivemq-platform-pod-test-hivemq-platform)
2025-01-29 14:01:07,078 INFO c.h.h.t.HelmChartContainer - [hivemq-test-hivemq-platform] [hivemq-platform-operator] [5b920660] 14:01:07.077 [pool-6-thread-47] DEBUG c.h.p.o.d.StatefulSetResource - [helmroll] Desired StatefulSet (2 replicas) for status ROLLING_RESTART (RESTART_PODS_IN_PROGRESS)
2025-01-29 14:01:07,082 INFO c.h.h.t.HelmChartContainer - Started log watcher for hivemq in pod test-hivemq-platform-0 [dd1f9035-ce24-401d-9a5f-4cf286ead735]
2025-01-29 14:01:07,082 INFO c.h.h.t.HelmChartContainer - [EVENT] Normal [Started] Started container hivemq [helmrollingupgradeplatformit:test-hivemq-platform-0]
2025-01-29 14:01:07,083 INFO c.h.h.t.HelmChartContainer - Received Started event for container hivemq in pod test-hivemq-platform-0 [dd1f9035-ce24-401d-9a5f-4cf286ead735]
2025-01-29 14:01:07,086 INFO c.h.h.t.HelmChartContainer - [test-hivemq-platform] [hivemq] [dd1f9035] Adding pre-installed HiveMQ Platform Operator extensions
2025-01-29 14:01:07,086 INFO c.h.h.t.HelmChartContainer - [test-hivemq-platform] [hivemq] [dd1f9035] Running as user 10000
2025-01-29 14:01:07,086 INFO c.h.h.t.HelmChartContainer - [test-hivemq-platform] [hivemq] [dd1f9035] Starting HiveMQ Platform Operator Init
2025-01-29 14:01:07,086 INFO c.h.h.t.HelmChartContainer - [hivemq-test-hivemq-platform] [hivemq-platform-operator] [5b920660] 14:01:07.081 [ReconcilerExecutor-hivemq-controller-142] INFO  c.h.p.o.HiveMQPlatformReconciler - [helmroll] Reconciling HiveMQ Platform 'test-hivemq-platform' in namespace 'helmrollingupgradeplatformit'
2025-01-29 14:01:07,086 INFO c.h.h.t.HelmChartContainer - [hivemq-test-hivemq-platform] [hivemq-platform-operator] [5b920660] 14:01:07.081 [ReconcilerExecutor-hivemq-controller-142] DEBUG c.h.p.o.HiveMQPlatformReconciler - [helmroll] Custom Resource Status ROLLING_RESTART - HiveMQ Platform is restarting Pods (rolling restart) (RESTART_PODS_IN_PROGRESS)
2025-01-29 14:01:07,086 INFO c.h.h.t.HelmChartContainer - [hivemq-test-hivemq-platform] [hivemq-platform-operator] [5b920660] 14:01:07.081 [ReconcilerExecutor-hivemq-controller-142] DEBUG c.h.p.o.HiveMQPlatformReconciler - [helmroll] Custom Resource Spec (replicas: 1) (extensions: 1)
2025-01-29 14:01:07,086 INFO c.h.h.t.HelmChartContainer - [hivemq-test-hivemq-platform] [hivemq-platform-operator] [5b920660] 14:01:07.082 [ReconcilerExecutor-hivemq-controller-142] DEBUG c.h.p.o.HiveMQPlatformReconciler - [helmroll] StatefulSet Status (revision: test-hivemq-platform-945c6dcb4, replicas: 2, available: 1, ready: 1, current: 0, updated: 2)
2025-01-29 14:01:07,086 INFO c.h.h.t.HelmChartContainer - [hivemq-test-hivemq-platform] [hivemq-platform-operator] [5b920660] 14:01:07.082 [ReconcilerExecutor-hivemq-controller-142] DEBUG c.h.p.o.HiveMQPlatformReconciler - [helmroll] StatefulSet Spec (replicas: 2, init containers: 1, containers: 1, volumes: 3)
2025-01-29 14:01:07,086 INFO c.h.h.t.HelmChartContainer - [hivemq-test-hivemq-platform] [hivemq-platform-operator] [5b920660] 14:01:07.084 [ReconcilerExecutor-hivemq-controller-142] DEBUG c.h.p.o.h.HiveMQPlatformReconcilerErrorHandler - [helmroll] Pod 'test-hivemq-platform-1' phase Running
2025-01-29 14:01:07,086 INFO c.h.h.t.HelmChartContainer - [hivemq-test-hivemq-platform] [hivemq-platform-operator] [5b920660] 14:01:07.085 [ReconcilerExecutor-hivemq-controller-142] DEBUG c.h.p.o.h.HiveMQPlatformReconcilerErrorHandler - [helmroll] Pod 'test-hivemq-platform-0' phase Running
2025-01-29 14:01:07,087 INFO c.h.h.t.HelmChartContainer - [hivemq-test-hivemq-platform] [hivemq-platform-operator] [5b920660] 14:01:07.085 [ReconcilerExecutor-hivemq-controller-142] DEBUG c.h.p.o.h.HiveMQPlatformReconcilerRollingRestartHandler - [helmroll] Rolling restart is waiting for 1 of 2 replicas
2025-01-29 14:01:07,423 INFO c.h.h.t.HelmChartContainer - [test-hivemq-platform] [hivemq] [dd1f9035] INFO  - [HiveMQ Platform Operator Init 1.7.0-SNAPSHOT] HiveMQ Platform Operator Init 1.7.0-SNAPSHOT (commit: bebf408 on branch: HEAD) built on Sun Jan 26 20:47:47 UTC 2025
2025-01-29 14:01:08,574 INFO c.h.h.t.HelmChartContainer - [test-hivemq-platform] [hivemq] [dd1f9035] INFO  - [HiveMQ Platform Operator Init App 1.7.0-SNAPSHOT] Using bind address 10.42.0.18 from environment variable
2025-01-29 14:01:09,558 INFO c.h.h.t.HelmChartContainer - [test-hivemq-platform] [hivemq] [dd1f9035] INFO  - [HiveMQ Platform Operator Init App 1.7.0-SNAPSHOT] HiveMQ Platform Operator Init App 1.7.0-SNAPSHOT (commit: bebf408 on branch: HEAD) built on Sun Jan 26 20:47:47 UTC 2025
2025-01-29 14:01:09,558 INFO c.h.h.t.HelmChartContainer - [test-hivemq-platform] [hivemq] [dd1f9035] INFO  - [HiveMQ Platform Operator Init App 1.7.0-SNAPSHOT] PodInfo ConfigMap directory: /etc/podinfo
2025-01-29 14:01:09,558 INFO c.h.h.t.HelmChartContainer - [test-hivemq-platform] [hivemq] [dd1f9035] INFO  - [HiveMQ Platform Operator Init App 1.7.0-SNAPSHOT] HiveMQ home directory: /opt/hivemq
2025-01-29 14:01:09,558 INFO c.h.h.t.HelmChartContainer - [test-hivemq-platform] [hivemq] [dd1f9035] INFO  - [HiveMQ Platform Operator Init App 1.7.0-SNAPSHOT] HiveMQ Logback folder: /opt/hivemq/conf
2025-01-29 14:01:09,558 INFO c.h.h.t.HelmChartContainer - [test-hivemq-platform] [hivemq] [dd1f9035] INFO  - [HiveMQ Platform Operator Init App 1.7.0-SNAPSHOT] HiveMQ Config folder: /opt/hivemq/conf-k8s
2025-01-29 14:01:09,559 INFO c.h.h.t.HelmChartContainer - [test-hivemq-platform] [hivemq] [dd1f9035] INFO  - [HiveMQ Platform Operator Init App 1.7.0-SNAPSHOT] Starting HiveMQ Platform Operator Init App
2025-01-29 14:01:09,559 INFO c.h.h.t.HelmChartContainer - [test-hivemq-platform] [hivemq] [dd1f9035] INFO  - [HiveMQ Platform Operator Init App 1.7.0-SNAPSHOT] Starting Pod reconciler
2025-01-29 14:01:10,822 INFO c.h.h.t.HelmChartContainer - [test-hivemq-platform] [hivemq] [dd1f9035] INFO  - [HiveMQ Platform Operator Init App 1.7.0-SNAPSHOT] Pod reconciler is scheduled (interval: 5000 ms)
2025-01-29 14:01:10,823 INFO c.h.h.t.HelmChartContainer - [test-hivemq-platform] [hivemq] [dd1f9035] INFO  - [HiveMQ Platform Operator Init App 1.7.0-SNAPSHOT] Starting the REST API on 10.42.0.18:7979
2025-01-29 14:01:10,826 INFO c.h.h.t.HelmChartContainer - [test-hivemq-platform] [hivemq] [dd1f9035] INFO  - [HiveMQ Platform Operator Init App 1.7.0-SNAPSHOT] Waiting up to 600s for at most 2 HiveMQ nodes in cluster service hivemq-test-hivemq-platform-cluster.helmrollingupgradeplatformit.svc
2025-01-29 14:01:11,154 INFO c.h.h.t.HelmChartContainer - [test-hivemq-platform] [hivemq] [dd1f9035] INFO  - [HiveMQ Platform Operator Init App 1.7.0-SNAPSHOT] Resolved 2 IP addresses: [10.42.0.17, 10.42.0.18]
2025-01-29 14:01:11,154 INFO c.h.h.t.HelmChartContainer - [test-hivemq-platform] [hivemq] [dd1f9035] INFO  - [HiveMQ Platform Operator Init App 1.7.0-SNAPSHOT] HiveMQ node count of 2 is within threshold of 2
2025-01-29 14:01:11,154 INFO c.h.h.t.HelmChartContainer - [test-hivemq-platform] [hivemq] [dd1f9035] INFO  - [HiveMQ Platform Operator Init App 1.7.0-SNAPSHOT] Waiting 15s for previous shutdown replication to finish...
2025-01-29 14:01:13,068 INFO c.h.h.t.HelmChartContainer - [test-hivemq-platform] [hivemq] [dd1f9035] INFO  - [HiveMQ Platform Operator Init App 1.7.0-SNAPSHOT] Returning default Health API response 503 for readiness
2025-01-29 14:01:13,180 INFO c.h.h.t.HelmChartContainer - [EVENT] Warning [Unhealthy] Readiness probe failed: HTTP probe failed with statuscode: 503 [helmrollingupgradeplatformit:test-hivemq-platform-0]
2025-01-29 14:01:13,181 INFO c.h.h.t.HelmChartContainer - Received Unhealthy event for container hivemq in pod test-hivemq-platform-0 [dd1f9035-ce24-401d-9a5f-4cf286ead735]
2025-01-29 14:01:17,093 INFO c.h.h.t.HelmChartContainer - [hivemq-test-hivemq-platform] [hivemq-platform-operator] [5b920660] 14:01:17.089 [pool-6-thread-7] DEBUG c.h.p.o.d.PlatformServiceResource - [helmroll] Desired Platform services (3 services)
2025-01-29 14:01:17,093 INFO c.h.h.t.HelmChartContainer - [hivemq-test-hivemq-platform] [hivemq-platform-operator] [5b920660] 14:01:17.090 [pool-6-thread-6] DEBUG c.h.p.o.dependants.PodInfoConfigMap - [helmroll] Desired PodInfo ConfigMap (1 extensions) (1 enabled)
2025-01-29 14:01:17,093 INFO c.h.h.t.HelmChartContainer - [hivemq-test-hivemq-platform] [hivemq-platform-operator] [5b920660] 14:01:17.090 [pool-6-thread-6] DEBUG c.h.p.o.dependants.PodInfoConfigMap - [helmroll] Desired PodInfo ConfigMap (metrics port: 9399) (metrics path: /)
2025-01-29 14:01:17,093 INFO c.h.h.t.HelmChartContainer - [hivemq-test-hivemq-platform] [hivemq-platform-operator] [5b920660] 14:01:17.090 [pool-6-thread-6] DEBUG c.h.p.o.dependants.PodInfoConfigMap - [helmroll] Desired PodInfo ConfigMap (extension state hash: -1817474005)
2025-01-29 14:01:17,093 INFO c.h.h.t.HelmChartContainer - [hivemq-test-hivemq-platform] [hivemq-platform-operator] [5b920660] 14:01:17.090 [pool-6-thread-6] DEBUG c.h.p.o.d.PodServiceAccountResource - [helmroll] Desired PodServiceAccountResource (serviceAccountName: hivemq-platform-pod-test-hivemq-platform)
2025-01-29 14:01:17,097 INFO c.h.h.t.HelmChartContainer - [hivemq-test-hivemq-platform] [hivemq-platform-operator] [5b920660] 14:01:17.095 [pool-6-thread-7] DEBUG c.h.p.o.d.StatefulSetResource - [helmroll] Desired StatefulSet (2 replicas) for status ROLLING_RESTART (RESTART_PODS_IN_PROGRESS)
2025-01-29 14:01:17,098 INFO c.h.h.t.HelmChartContainer - [hivemq-test-hivemq-platform] [hivemq-platform-operator] [5b920660] 14:01:17.098 [ReconcilerExecutor-hivemq-controller-143] INFO  c.h.p.o.HiveMQPlatformReconciler - [helmroll] Reconciling HiveMQ Platform 'test-hivemq-platform' in namespace 'helmrollingupgradeplatformit'
2025-01-29 14:01:17,099 INFO c.h.h.t.HelmChartContainer - [hivemq-test-hivemq-platform] [hivemq-platform-operator] [5b920660] 14:01:17.098 [ReconcilerExecutor-hivemq-controller-143] DEBUG c.h.p.o.HiveMQPlatformReconciler - [helmroll] Custom Resource Status ROLLING_RESTART - HiveMQ Platform is restarting Pods (rolling restart) (RESTART_PODS_IN_PROGRESS)
2025-01-29 14:01:17,101 INFO c.h.h.t.HelmChartContainer - [hivemq-test-hivemq-platform] [hivemq-platform-operator] [5b920660] 14:01:17.098 [ReconcilerExecutor-hivemq-controller-143] DEBUG c.h.p.o.HiveMQPlatformReconciler - [helmroll] Custom Resource Spec (replicas: 1) (extensions: 1)
2025-01-29 14:01:17,101 INFO c.h.h.t.HelmChartContainer - [hivemq-test-hivemq-platform] [hivemq-platform-operator] [5b920660] 14:01:17.099 [ReconcilerExecutor-hivemq-controller-143] DEBUG c.h.p.o.HiveMQPlatformReconciler - [helmroll] StatefulSet Status (revision: test-hivemq-platform-945c6dcb4, replicas: 2, available: 1, ready: 1, current: 0, updated: 2)
2025-01-29 14:01:17,101 INFO c.h.h.t.HelmChartContainer - [hivemq-test-hivemq-platform] [hivemq-platform-operator] [5b920660] 14:01:17.099 [ReconcilerExecutor-hivemq-controller-143] DEBUG c.h.p.o.HiveMQPlatformReconciler - [helmroll] StatefulSet Spec (replicas: 2, init containers: 1, containers: 1, volumes: 3)
2025-01-29 14:01:17,102 INFO c.h.h.t.HelmChartContainer - [hivemq-test-hivemq-platform] [hivemq-platform-operator] [5b920660] 14:01:17.100 [ReconcilerExecutor-hivemq-controller-143] DEBUG c.h.p.o.h.HiveMQPlatformReconcilerErrorHandler - [helmroll] Pod 'test-hivemq-platform-1' phase Running
2025-01-29 14:01:17,103 INFO c.h.h.t.HelmChartContainer - [hivemq-test-hivemq-platform] [hivemq-platform-operator] [5b920660] 14:01:17.101 [ReconcilerExecutor-hivemq-controller-143] DEBUG c.h.p.o.h.HiveMQPlatformReconcilerErrorHandler - [helmroll] Pod 'test-hivemq-platform-0' phase Running
2025-01-29 14:01:17,103 INFO c.h.h.t.HelmChartContainer - [hivemq-test-hivemq-platform] [hivemq-platform-operator] [5b920660] 14:01:17.102 [ReconcilerExecutor-hivemq-controller-143] DEBUG c.h.p.o.h.HiveMQPlatformReconcilerRollingRestartHandler - [helmroll] Rolling restart is waiting for 1 of 2 replicas
2025-01-29 14:01:18,128 INFO c.h.h.t.HelmChartContainer - [EVENT] Warning [Unhealthy] Readiness probe failed: HTTP probe failed with statuscode: 503 [helmrollingupgradeplatformit:test-hivemq-platform-0]
2025-01-29 14:01:18,128 INFO c.h.h.t.HelmChartContainer - Received Unhealthy event for container hivemq in pod test-hivemq-platform-0 [dd1f9035-ce24-401d-9a5f-4cf286ead735]
2025-01-29 14:01:18,334 INFO c.h.h.t.HelmChartContainer - [test-hivemq-platform] [hivemq] [dd1f9035] INFO  - [HiveMQ Platform Operator Init App 1.7.0-SNAPSHOT] Updating Pod HiveMQ Platform Operator Init App version annotation (version: 1.7.0-SNAPSHOT)
2025-01-29 14:01:18,634 INFO c.h.h.t.HelmChartContainer - [POD] test-hivemq-platform-0 [dd1f9035-ce24-401d-9a5f-4cf286ead735] in helmrollingupgradeplatformit was MODIFIED
2025-01-29 14:01:18,639 INFO c.h.h.t.HelmChartContainer - [hivemq-test-hivemq-platform] [hivemq-platform-operator] [5b920660] 14:01:18.638 [pool-6-thread-19] DEBUG c.h.p.o.d.PlatformServiceResource - [helmroll] Desired Platform services (3 services)
2025-01-29 14:01:18,643 INFO c.h.h.t.HelmChartContainer - [hivemq-test-hivemq-platform] [hivemq-platform-operator] [5b920660] 14:01:18.643 [pool-6-thread-16] DEBUG c.h.p.o.d.PodServiceAccountResource - [helmroll] Desired PodServiceAccountResource (serviceAccountName: hivemq-platform-pod-test-hivemq-platform)
2025-01-29 14:01:18,645 INFO c.h.h.t.HelmChartContainer - [test-hivemq-platform] [hivemq] [dd1f9035] INFO  - [HiveMQ Platform Operator Init App 1.7.0-SNAPSHOT] Successfully updated Pod HiveMQ Platform Operator Init App version annotation (version: 1.7.0-SNAPSHOT)
2025-01-29 14:01:18,647 INFO c.h.h.t.HelmChartContainer - [hivemq-test-hivemq-platform] [hivemq-platform-operator] [5b920660] 14:01:18.639 [pool-6-thread-11] DEBUG c.h.p.o.dependants.PodInfoConfigMap - [helmroll] Desired PodInfo ConfigMap (1 extensions) (1 enabled)
2025-01-29 14:01:18,650 INFO c.h.h.t.HelmChartContainer - [hivemq-test-hivemq-platform] [hivemq-platform-operator] [5b920660] 14:01:18.647 [pool-6-thread-11] DEBUG c.h.p.o.dependants.PodInfoConfigMap - [helmroll] Desired PodInfo ConfigMap (metrics port: 9399) (metrics path: /)
2025-01-29 14:01:18,650 INFO c.h.h.t.HelmChartContainer - [hivemq-test-hivemq-platform] [hivemq-platform-operator] [5b920660] 14:01:18.648 [pool-6-thread-11] DEBUG c.h.p.o.dependants.PodInfoConfigMap - [helmroll] Desired PodInfo ConfigMap (extension state hash: -1817474005)
2025-01-29 14:01:18,652 INFO c.h.h.t.HelmChartContainer - [hivemq-test-hivemq-platform] [hivemq-platform-operator] [5b920660] 14:01:18.651 [pool-6-thread-11] DEBUG c.h.p.o.d.StatefulSetResource - [helmroll] Desired StatefulSet (2 replicas) for status ROLLING_RESTART (RESTART_PODS_IN_PROGRESS)
2025-01-29 14:01:18,653 INFO c.h.h.t.HelmChartContainer - [EVENT] Warning [Unhealthy] Readiness probe failed: HTTP probe failed with statuscode: 503 [helmrollingupgradeplatformit:test-hivemq-platform-0]
2025-01-29 14:01:18,653 INFO c.h.h.t.HelmChartContainer - Received Unhealthy event for container hivemq in pod test-hivemq-platform-0 [dd1f9035-ce24-401d-9a5f-4cf286ead735]
2025-01-29 14:01:18,655 INFO c.h.h.t.HelmChartContainer - [hivemq-test-hivemq-platform] [hivemq-platform-operator] [5b920660] 14:01:18.654 [ReconcilerExecutor-hivemq-controller-144] INFO  c.h.p.o.HiveMQPlatformReconciler - [helmroll] Reconciling HiveMQ Platform 'test-hivemq-platform' in namespace 'helmrollingupgradeplatformit'
2025-01-29 14:01:18,656 INFO c.h.h.t.HelmChartContainer - [hivemq-test-hivemq-platform] [hivemq-platform-operator] [5b920660] 14:01:18.655 [ReconcilerExecutor-hivemq-controller-144] DEBUG c.h.p.o.HiveMQPlatformReconciler - [helmroll] Custom Resource Status ROLLING_RESTART - HiveMQ Platform is restarting Pods (rolling restart) (RESTART_PODS_IN_PROGRESS)
2025-01-29 14:01:18,656 INFO c.h.h.t.HelmChartContainer - [hivemq-test-hivemq-platform] [hivemq-platform-operator] [5b920660] 14:01:18.655 [ReconcilerExecutor-hivemq-controller-144] DEBUG c.h.p.o.HiveMQPlatformReconciler - [helmroll] Custom Resource Spec (replicas: 1) (extensions: 1)
2025-01-29 14:01:18,657 INFO c.h.h.t.HelmChartContainer - [hivemq-test-hivemq-platform] [hivemq-platform-operator] [5b920660] 14:01:18.656 [ReconcilerExecutor-hivemq-controller-144] DEBUG c.h.p.o.HiveMQPlatformReconciler - [helmroll] StatefulSet Status (revision: test-hivemq-platform-945c6dcb4, replicas: 2, available: 1, ready: 1, current: 0, updated: 2)
2025-01-29 14:01:18,658 INFO c.h.h.t.HelmChartContainer - [hivemq-test-hivemq-platform] [hivemq-platform-operator] [5b920660] 14:01:18.656 [ReconcilerExecutor-hivemq-controller-144] DEBUG c.h.p.o.HiveMQPlatformReconciler - [helmroll] StatefulSet Spec (replicas: 2, init containers: 1, containers: 1, volumes: 3)
2025-01-29 14:01:18,659 INFO c.h.h.t.HelmChartContainer - [hivemq-test-hivemq-platform] [hivemq-platform-operator] [5b920660] 14:01:18.657 [ReconcilerExecutor-hivemq-controller-144] DEBUG c.h.p.o.h.HiveMQPlatformReconcilerErrorHandler - [helmroll] Pod 'test-hivemq-platform-1' phase Running
2025-01-29 14:01:18,659 INFO c.h.h.t.HelmChartContainer - [hivemq-test-hivemq-platform] [hivemq-platform-operator] [5b920660] 14:01:18.658 [ReconcilerExecutor-hivemq-controller-144] DEBUG c.h.p.o.h.HiveMQPlatformReconcilerErrorHandler - [helmroll] Pod 'test-hivemq-platform-0' phase Running
2025-01-29 14:01:18,659 INFO c.h.h.t.HelmChartContainer - [hivemq-test-hivemq-platform] [hivemq-platform-operator] [5b920660] 14:01:18.658 [ReconcilerExecutor-hivemq-controller-144] DEBUG c.h.p.o.h.HiveMQPlatformReconcilerRollingRestartHandler - [helmroll] Rolling restart is waiting for 1 of 2 replicas
2025-01-29 14:01:23,642 INFO c.h.h.t.HelmChartContainer - [EVENT] Warning [Unhealthy] Readiness probe failed: HTTP probe failed with statuscode: 503 [helmrollingupgradeplatformit:test-hivemq-platform-0]
2025-01-29 14:01:23,642 INFO c.h.h.t.HelmChartContainer - Received Unhealthy event for container hivemq in pod test-hivemq-platform-0 [dd1f9035-ce24-401d-9a5f-4cf286ead735]
2025-01-29 14:01:26,154 INFO c.h.h.t.HelmChartContainer - [test-hivemq-platform] [hivemq] [dd1f9035] INFO  - [HiveMQ Platform Operator Init App 1.7.0-SNAPSHOT] Proceeding with container start
2025-01-29 14:01:26,158 INFO c.h.h.t.HelmChartContainer - [test-hivemq-platform] [hivemq] [dd1f9035] INFO  - [HiveMQ Platform Operator Init App 1.7.0-SNAPSHOT] Initializing HiveMQ Platform extensions with initial configuration: {hivemq-allow-all-extension={start-priority=-1, skip-https-hostname-verification=false, restart=true, config-version=0, header-version=0, c-uri=, priority=-1, uri=preinstalled, skip-https-certificate-validation=false, enabled=true}, hivemq-prometheus-extension={start-priority=-1, priority=-1, restart=true, enabled=true, request-header-path=no-request-headers, uri=preinstalled, skip-https-certificate-validation=false, skip-https-hostname-verification=false, c-uri=}}
2025-01-29 14:01:26,656 INFO c.h.h.t.HelmChartContainer - [test-hivemq-platform] [hivemq] [dd1f9035] INFO  - [HiveMQ Platform Operator Init App 1.7.0-SNAPSHOT] Extension hivemq-allow-all-extension was already enabled
2025-01-29 14:01:26,667 INFO c.h.h.t.HelmChartContainer - [test-hivemq-platform] [hivemq] [dd1f9035] INFO  - [HiveMQ Platform Operator Init App 1.7.0-SNAPSHOT] Successfully enabled extension hivemq-prometheus-extension
2025-01-29 14:01:26,669 INFO c.h.h.t.HelmChartContainer - [test-hivemq-platform] [hivemq] [dd1f9035] INFO  - [HiveMQ Platform Operator Init App 1.7.0-SNAPSHOT] Starting HiveMQ Platform version 4.36.0 (4.36.0)
2025-01-29 14:01:26,669 INFO c.h.h.t.HelmChartContainer - [test-hivemq-platform] [hivemq] [dd1f9035] INFO  - [HiveMQ Platform Operator Init App 1.7.0-SNAPSHOT] Configuring the HiveMQ Platform
2025-01-29 14:01:26,759 INFO c.h.h.t.HelmChartContainer - [test-hivemq-platform] [hivemq] [dd1f9035] INFO  - [HiveMQ Platform Operator Init App 1.7.0-SNAPSHOT] Changed logback.xml file scan period to 20 seconds
2025-01-29 14:01:26,855 INFO c.h.h.t.HelmChartContainer - [test-hivemq-platform] [hivemq] [dd1f9035] INFO  - [HiveMQ Platform Operator Init App 1.7.0-SNAPSHOT] Starting the HiveMQ Platform
2025-01-29 14:01:26,858 INFO c.h.h.t.HelmChartContainer - [test-hivemq-platform] [hivemq] [dd1f9035] -------------------------------------------------------------------------
2025-01-29 14:01:26,859 INFO c.h.h.t.HelmChartContainer - [test-hivemq-platform] [hivemq] [dd1f9035] 
2025-01-29 14:01:26,860 INFO c.h.h.t.HelmChartContainer - [test-hivemq-platform] [hivemq] [dd1f9035]                   _    _  _              __  __   ____
2025-01-29 14:01:26,860 INFO c.h.h.t.HelmChartContainer - [test-hivemq-platform] [hivemq] [dd1f9035]                  | |  | |(_)            |  \/  | / __ \
2025-01-29 14:01:26,860 INFO c.h.h.t.HelmChartContainer - [test-hivemq-platform] [hivemq] [dd1f9035]                  | |__| | _ __   __ ___ | \  / || |  | |
2025-01-29 14:01:26,860 INFO c.h.h.t.HelmChartContainer - [test-hivemq-platform] [hivemq] [dd1f9035]                  |  __  || |\ \ / // _ \| |\/| || |  | |
2025-01-29 14:01:26,860 INFO c.h.h.t.HelmChartContainer - [test-hivemq-platform] [hivemq] [dd1f9035]                  | |  | || | \ V /|  __/| |  | || |__| |
2025-01-29 14:01:26,860 INFO c.h.h.t.HelmChartContainer - [test-hivemq-platform] [hivemq] [dd1f9035]                  |_|  |_||_|  \_/  \___||_|  |_| \___\_\
2025-01-29 14:01:26,860 INFO c.h.h.t.HelmChartContainer - [test-hivemq-platform] [hivemq] [dd1f9035] 
2025-01-29 14:01:26,860 INFO c.h.h.t.HelmChartContainer - [test-hivemq-platform] [hivemq] [dd1f9035] -------------------------------------------------------------------------
2025-01-29 14:01:26,860 INFO c.h.h.t.HelmChartContainer - [test-hivemq-platform] [hivemq] [dd1f9035] 
2025-01-29 14:01:26,860 INFO c.h.h.t.HelmChartContainer - [test-hivemq-platform] [hivemq] [dd1f9035]   HiveMQ Start Script for Linux/Unix v1.14
2025-01-29 14:01:26,860 INFO c.h.h.t.HelmChartContainer - [test-hivemq-platform] [hivemq] [dd1f9035] 
2025-01-29 14:01:26,961 INFO c.h.h.t.HelmChartContainer - [test-hivemq-platform] [hivemq] [dd1f9035] -------------------------------------------------------------------------
2025-01-29 14:01:26,961 INFO c.h.h.t.HelmChartContainer - [test-hivemq-platform] [hivemq] [dd1f9035] 
2025-01-29 14:01:26,961 INFO c.h.h.t.HelmChartContainer - [test-hivemq-platform] [hivemq] [dd1f9035]   HIVEMQ_HOME: /opt/hivemq
2025-01-29 14:01:26,961 INFO c.h.h.t.HelmChartContainer - [test-hivemq-platform] [hivemq] [dd1f9035] 
2025-01-29 14:01:26,961 INFO c.h.h.t.HelmChartContainer - [test-hivemq-platform] [hivemq] [dd1f9035]   JAVA_OPTS: -XX:+UnlockExperimentalVMOptions -XX:InitialRAMPercentage=50 -XX:MaxRAMPercentage=50 -Djava.net.preferIPv4Stack=true --add-opens java.base/java.lang=ALL-UNNAMED --add-opens java.base/java.nio=ALL-UNNAMED --add-opens java.base/sun.nio.ch=ALL-UNNAMED --add-opens jdk.management/com.sun.management.internal=ALL-UNNAMED --add-exports java.base/jdk.internal.misc=ALL-UNNAMED -Djava.security.egd=file:/dev/./urandom -Dcom.sun.management.jmxremote -Dcom.sun.management.jmxremote.port=9010 -Dcom.sun.management.jmxremote.local.only=false -Dcom.sun.management.jmxremote.authenticate=false -Dcom.sun.management.jmxremote.ssl=false -Duser.language=en -Duser.region=US -XX:+CrashOnOutOfMemoryError -XX:+HeapDumpOnOutOfMemoryError
2025-01-29 14:01:26,961 INFO c.h.h.t.HelmChartContainer - [test-hivemq-platform] [hivemq] [dd1f9035] 
2025-01-29 14:01:26,961 INFO c.h.h.t.HelmChartContainer - [test-hivemq-platform] [hivemq] [dd1f9035]   JAVA_VERSION: 21
2025-01-29 14:01:26,961 INFO c.h.h.t.HelmChartContainer - [test-hivemq-platform] [hivemq] [dd1f9035] 
2025-01-29 14:01:26,961 INFO c.h.h.t.HelmChartContainer - [test-hivemq-platform] [hivemq] [dd1f9035] -------------------------------------------------------------------------
2025-01-29 14:01:26,961 INFO c.h.h.t.HelmChartContainer - [test-hivemq-platform] [hivemq] [dd1f9035] 
2025-01-29 14:01:28,660 INFO c.h.h.t.HelmChartContainer - [EVENT] Warning [Unhealthy] Readiness probe failed: HTTP probe failed with statuscode: 503 [helmrollingupgradeplatformit:test-hivemq-platform-0]
2025-01-29 14:01:28,660 INFO c.h.h.t.HelmChartContainer - Received Unhealthy event for container hivemq in pod test-hivemq-platform-0 [dd1f9035-ce24-401d-9a5f-4cf286ead735]
2025-01-29 14:01:28,666 INFO c.h.h.t.HelmChartContainer - [hivemq-test-hivemq-platform] [hivemq-platform-operator] [5b920660] 14:01:28.663 [pool-6-thread-23] DEBUG c.h.p.o.d.PlatformServiceResource - [helmroll] Desired Platform services (3 services)
2025-01-29 14:01:28,666 INFO c.h.h.t.HelmChartContainer - [hivemq-test-hivemq-platform] [hivemq-platform-operator] [5b920660] 14:01:28.664 [pool-6-thread-24] DEBUG c.h.p.o.dependants.PodInfoConfigMap - [helmroll] Desired PodInfo ConfigMap (1 extensions) (1 enabled)
2025-01-29 14:01:28,666 INFO c.h.h.t.HelmChartContainer - [hivemq-test-hivemq-platform] [hivemq-platform-operator] [5b920660] 14:01:28.664 [pool-6-thread-24] DEBUG c.h.p.o.dependants.PodInfoConfigMap - [helmroll] Desired PodInfo ConfigMap (metrics port: 9399) (metrics path: /)
2025-01-29 14:01:28,667 INFO c.h.h.t.HelmChartContainer - [hivemq-test-hivemq-platform] [hivemq-platform-operator] [5b920660] 14:01:28.664 [pool-6-thread-24] DEBUG c.h.p.o.dependants.PodInfoConfigMap - [helmroll] Desired PodInfo ConfigMap (extension state hash: -1817474005)
2025-01-29 14:01:28,667 INFO c.h.h.t.HelmChartContainer - [hivemq-test-hivemq-platform] [hivemq-platform-operator] [5b920660] 14:01:28.664 [pool-6-thread-22] DEBUG c.h.p.o.d.PodServiceAccountResource - [helmroll] Desired PodServiceAccountResource (serviceAccountName: hivemq-platform-pod-test-hivemq-platform)
2025-01-29 14:01:28,671 INFO c.h.h.t.HelmChartContainer - [hivemq-test-hivemq-platform] [hivemq-platform-operator] [5b920660] 14:01:28.671 [pool-6-thread-23] DEBUG c.h.p.o.d.StatefulSetResource - [helmroll] Desired StatefulSet (2 replicas) for status ROLLING_RESTART (RESTART_PODS_IN_PROGRESS)
2025-01-29 14:01:28,674 INFO c.h.h.t.HelmChartContainer - [hivemq-test-hivemq-platform] [hivemq-platform-operator] [5b920660] 14:01:28.673 [ReconcilerExecutor-hivemq-controller-145] INFO  c.h.p.o.HiveMQPlatformReconciler - [helmroll] Reconciling HiveMQ Platform 'test-hivemq-platform' in namespace 'helmrollingupgradeplatformit'
2025-01-29 14:01:28,674 INFO c.h.h.t.HelmChartContainer - [hivemq-test-hivemq-platform] [hivemq-platform-operator] [5b920660] 14:01:28.673 [ReconcilerExecutor-hivemq-controller-145] DEBUG c.h.p.o.HiveMQPlatformReconciler - [helmroll] Custom Resource Status ROLLING_RESTART - HiveMQ Platform is restarting Pods (rolling restart) (RESTART_PODS_IN_PROGRESS)
2025-01-29 14:01:28,674 INFO c.h.h.t.HelmChartContainer - [hivemq-test-hivemq-platform] [hivemq-platform-operator] [5b920660] 14:01:28.674 [ReconcilerExecutor-hivemq-controller-145] DEBUG c.h.p.o.HiveMQPlatformReconciler - [helmroll] Custom Resource Spec (replicas: 1) (extensions: 1)
2025-01-29 14:01:28,676 INFO c.h.h.t.HelmChartContainer - [hivemq-test-hivemq-platform] [hivemq-platform-operator] [5b920660] 14:01:28.675 [ReconcilerExecutor-hivemq-controller-145] DEBUG c.h.p.o.HiveMQPlatformReconciler - [helmroll] StatefulSet Status (revision: test-hivemq-platform-945c6dcb4, replicas: 2, available: 1, ready: 1, current: 0, updated: 2)
2025-01-29 14:01:28,676 INFO c.h.h.t.HelmChartContainer - [hivemq-test-hivemq-platform] [hivemq-platform-operator] [5b920660] 14:01:28.675 [ReconcilerExecutor-hivemq-controller-145] DEBUG c.h.p.o.HiveMQPlatformReconciler - [helmroll] StatefulSet Spec (replicas: 2, init containers: 1, containers: 1, volumes: 3)
2025-01-29 14:01:28,677 INFO c.h.h.t.HelmChartContainer - [hivemq-test-hivemq-platform] [hivemq-platform-operator] [5b920660] 14:01:28.676 [ReconcilerExecutor-hivemq-controller-145] DEBUG c.h.p.o.h.HiveMQPlatformReconcilerErrorHandler - [helmroll] Pod 'test-hivemq-platform-1' phase Running
2025-01-29 14:01:28,678 INFO c.h.h.t.HelmChartContainer - [hivemq-test-hivemq-platform] [hivemq-platform-operator] [5b920660] 14:01:28.676 [ReconcilerExecutor-hivemq-controller-145] DEBUG c.h.p.o.h.HiveMQPlatformReconcilerErrorHandler - [helmroll] Pod 'test-hivemq-platform-0' phase Running
2025-01-29 14:01:28,678 INFO c.h.h.t.HelmChartContainer - [hivemq-test-hivemq-platform] [hivemq-platform-operator] [5b920660] 14:01:28.677 [ReconcilerExecutor-hivemq-controller-145] DEBUG c.h.p.o.h.HiveMQPlatformReconcilerRollingRestartHandler - [helmroll] Rolling restart is waiting for 1 of 2 replicas
2025-01-29 14:01:29,465 INFO c.h.h.t.HelmChartContainer - [test-hivemq-platform] [hivemq] [dd1f9035] INFO  - Starting HiveMQ Enterprise Server
2025-01-29 14:01:29,470 INFO c.h.h.t.HelmChartContainer - [test-hivemq-platform] [hivemq] [dd1f9035] INFO  - HiveMQ version: 4.36.0
2025-01-29 14:01:29,471 INFO c.h.h.t.HelmChartContainer - [test-hivemq-platform] [hivemq] [dd1f9035] INFO  - HiveMQ home directory: /opt/hivemq
2025-01-29 14:01:29,471 INFO c.h.h.t.HelmChartContainer - [test-hivemq-platform] [hivemq] [dd1f9035] INFO  - Log Configuration was overridden by /opt/hivemq/conf/logback.xml
2025-01-29 14:01:30,764 INFO c.h.h.t.HelmChartContainer - [test-hivemq-platform] [hivemq] [dd1f9035] INFO  - Successfully loaded configuration from '/opt/hivemq/conf-k8s/config.xml'.
2025-01-29 14:01:31,081 INFO c.h.h.t.HelmChartContainer - [test-hivemq-platform] [hivemq] [dd1f9035] INFO  - This node's ID is m2Z7u
2025-01-29 14:01:31,081 INFO c.h.h.t.HelmChartContainer - [test-hivemq-platform] [hivemq] [dd1f9035] INFO  - Clustering is enabled
2025-01-29 14:01:33,860 INFO c.h.h.t.HelmChartContainer - [test-hivemq-platform] [hivemq] [dd1f9035] WARN  - [HiveMQ Platform Operator Init App 1.7.0-SNAPSHOT] Cannot connect to Health API for readiness: null
2025-01-29 14:01:33,865 INFO c.h.h.t.HelmChartContainer - [EVENT] Warning [Unhealthy] Readiness probe failed: HTTP probe failed with statuscode: 503 [helmrollingupgradeplatformit:test-hivemq-platform-0]
2025-01-29 14:01:33,865 INFO c.h.h.t.HelmChartContainer - Received Unhealthy event for container hivemq in pod test-hivemq-platform-0 [dd1f9035-ce24-401d-9a5f-4cf286ead735]
2025-01-29 14:01:35,456 INFO c.h.h.t.HelmChartContainer - [test-hivemq-platform] [hivemq] [dd1f9035] WARN  - [HiveMQ Platform Operator Init App 1.7.0-SNAPSHOT] Cannot connect to Health API for liveness: null
2025-01-29 14:01:35,456 INFO c.h.h.t.HelmChartContainer - [test-hivemq-platform] [hivemq] [dd1f9035] INFO  - [HiveMQ Platform Operator Init App 1.7.0-SNAPSHOT] Returning default Health API response 200 for liveness
2025-01-29 14:01:38,656 INFO c.h.h.t.HelmChartContainer - [test-hivemq-platform] [hivemq] [dd1f9035] WARN  - [HiveMQ Platform Operator Init App 1.7.0-SNAPSHOT] Cannot connect to Health API for readiness: null
2025-01-29 14:01:38,661 INFO c.h.h.t.HelmChartContainer - [EVENT] Warning [Unhealthy] Readiness probe failed: HTTP probe failed with statuscode: 503 [helmrollingupgradeplatformit:test-hivemq-platform-0]
2025-01-29 14:01:38,661 INFO c.h.h.t.HelmChartContainer - Received Unhealthy event for container hivemq in pod test-hivemq-platform-0 [dd1f9035-ce24-401d-9a5f-4cf286ead735]
2025-01-29 14:01:38,683 INFO c.h.h.t.HelmChartContainer - [hivemq-test-hivemq-platform] [hivemq-platform-operator] [5b920660] 14:01:38.680 [pool-6-thread-38] DEBUG c.h.p.o.d.PlatformServiceResource - [helmroll] Desired Platform services (3 services)
2025-01-29 14:01:38,684 INFO c.h.h.t.HelmChartContainer - [hivemq-test-hivemq-platform] [hivemq-platform-operator] [5b920660] 14:01:38.680 [pool-6-thread-31] DEBUG c.h.p.o.dependants.PodInfoConfigMap - [helmroll] Desired PodInfo ConfigMap (1 extensions) (1 enabled)
2025-01-29 14:01:38,684 INFO c.h.h.t.HelmChartContainer - [hivemq-test-hivemq-platform] [hivemq-platform-operator] [5b920660] 14:01:38.680 [pool-6-thread-31] DEBUG c.h.p.o.dependants.PodInfoConfigMap - [helmroll] Desired PodInfo ConfigMap (metrics port: 9399) (metrics path: /)
2025-01-29 14:01:38,684 INFO c.h.h.t.HelmChartContainer - [hivemq-test-hivemq-platform] [hivemq-platform-operator] [5b920660] 14:01:38.680 [pool-6-thread-31] DEBUG c.h.p.o.dependants.PodInfoConfigMap - [helmroll] Desired PodInfo ConfigMap (extension state hash: -1817474005)
2025-01-29 14:01:38,684 INFO c.h.h.t.HelmChartContainer - [hivemq-test-hivemq-platform] [hivemq-platform-operator] [5b920660] 14:01:38.681 [pool-6-thread-33] DEBUG c.h.p.o.d.PodServiceAccountResource - [helmroll] Desired PodServiceAccountResource (serviceAccountName: hivemq-platform-pod-test-hivemq-platform)
2025-01-29 14:01:38,686 INFO c.h.h.t.HelmChartContainer - [hivemq-test-hivemq-platform] [hivemq-platform-operator] [5b920660] 14:01:38.685 [pool-6-thread-38] DEBUG c.h.p.o.d.StatefulSetResource - [helmroll] Desired StatefulSet (2 replicas) for status ROLLING_RESTART (RESTART_PODS_IN_PROGRESS)
2025-01-29 14:01:38,690 INFO c.h.h.t.HelmChartContainer - [hivemq-test-hivemq-platform] [hivemq-platform-operator] [5b920660] 14:01:38.687 [ReconcilerExecutor-hivemq-controller-146] INFO  c.h.p.o.HiveMQPlatformReconciler - [helmroll] Reconciling HiveMQ Platform 'test-hivemq-platform' in namespace 'helmrollingupgradeplatformit'
2025-01-29 14:01:38,690 INFO c.h.h.t.HelmChartContainer - [hivemq-test-hivemq-platform] [hivemq-platform-operator] [5b920660] 14:01:38.687 [ReconcilerExecutor-hivemq-controller-146] DEBUG c.h.p.o.HiveMQPlatformReconciler - [helmroll] Custom Resource Status ROLLING_RESTART - HiveMQ Platform is restarting Pods (rolling restart) (RESTART_PODS_IN_PROGRESS)
2025-01-29 14:01:38,690 INFO c.h.h.t.HelmChartContainer - [hivemq-test-hivemq-platform] [hivemq-platform-operator] [5b920660] 14:01:38.687 [ReconcilerExecutor-hivemq-controller-146] DEBUG c.h.p.o.HiveMQPlatformReconciler - [helmroll] Custom Resource Spec (replicas: 1) (extensions: 1)
2025-01-29 14:01:38,690 INFO c.h.h.t.HelmChartContainer - [hivemq-test-hivemq-platform] [hivemq-platform-operator] [5b920660] 14:01:38.688 [ReconcilerExecutor-hivemq-controller-146] DEBUG c.h.p.o.HiveMQPlatformReconciler - [helmroll] StatefulSet Status (revision: test-hivemq-platform-945c6dcb4, replicas: 2, available: 1, ready: 1, current: 0, updated: 2)
2025-01-29 14:01:38,690 INFO c.h.h.t.HelmChartContainer - [hivemq-test-hivemq-platform] [hivemq-platform-operator] [5b920660] 14:01:38.688 [ReconcilerExecutor-hivemq-controller-146] DEBUG c.h.p.o.HiveMQPlatformReconciler - [helmroll] StatefulSet Spec (replicas: 2, init containers: 1, containers: 1, volumes: 3)
2025-01-29 14:01:38,690 INFO c.h.h.t.HelmChartContainer - [hivemq-test-hivemq-platform] [hivemq-platform-operator] [5b920660] 14:01:38.689 [ReconcilerExecutor-hivemq-controller-146] DEBUG c.h.p.o.h.HiveMQPlatformReconcilerErrorHandler - [helmroll] Pod 'test-hivemq-platform-1' phase Running
2025-01-29 14:01:38,691 INFO c.h.h.t.HelmChartContainer - [hivemq-test-hivemq-platform] [hivemq-platform-operator] [5b920660] 14:01:38.690 [ReconcilerExecutor-hivemq-controller-146] DEBUG c.h.p.o.h.HiveMQPlatformReconcilerErrorHandler - [helmroll] Pod 'test-hivemq-platform-0' phase Running
2025-01-29 14:01:38,691 INFO c.h.h.t.HelmChartContainer - [hivemq-test-hivemq-platform] [hivemq-platform-operator] [5b920660] 14:01:38.690 [ReconcilerExecutor-hivemq-controller-146] DEBUG c.h.p.o.h.HiveMQPlatformReconcilerRollingRestartHandler - [helmroll] Rolling restart is waiting for 1 of 2 replicas
2025-01-29 14:01:43,657 INFO c.h.h.t.HelmChartContainer - [test-hivemq-platform] [hivemq] [dd1f9035] WARN  - [HiveMQ Platform Operator Init App 1.7.0-SNAPSHOT] Cannot connect to Health API for readiness: null
2025-01-29 14:01:43,661 INFO c.h.h.t.HelmChartContainer - [EVENT] Warning [Unhealthy] Readiness probe failed: HTTP probe failed with statuscode: 503 [helmrollingupgradeplatformit:test-hivemq-platform-0]
2025-01-29 14:01:43,662 INFO c.h.h.t.HelmChartContainer - Received Unhealthy event for container hivemq in pod test-hivemq-platform-0 [dd1f9035-ce24-401d-9a5f-4cf286ead735]
2025-01-29 14:01:44,955 INFO c.h.h.t.HelmChartContainer - [test-hivemq-platform] [hivemq] [dd1f9035] INFO  - No valid license file found. Using trial license, restricted to 25 connections.
2025-01-29 14:01:48,656 INFO c.h.h.t.HelmChartContainer - [test-hivemq-platform] [hivemq] [dd1f9035] WARN  - [HiveMQ Platform Operator Init App 1.7.0-SNAPSHOT] Cannot connect to Health API for readiness: null
2025-01-29 14:01:48,662 INFO c.h.h.t.HelmChartContainer - [EVENT] Warning [Unhealthy] Readiness probe failed: HTTP probe failed with statuscode: 503 [helmrollingupgradeplatformit:test-hivemq-platform-0]
2025-01-29 14:01:48,662 INFO c.h.h.t.HelmChartContainer - Received Unhealthy event for container hivemq in pod test-hivemq-platform-0 [dd1f9035-ce24-401d-9a5f-4cf286ead735]
2025-01-29 14:01:48,694 INFO c.h.h.t.HelmChartContainer - [hivemq-test-hivemq-platform] [hivemq-platform-operator] [5b920660] 14:01:48.692 [pool-6-thread-48] DEBUG c.h.p.o.d.PlatformServiceResource - [helmroll] Desired Platform services (3 services)
2025-01-29 14:01:48,694 INFO c.h.h.t.HelmChartContainer - [hivemq-test-hivemq-platform] [hivemq-platform-operator] [5b920660] 14:01:48.692 [pool-6-thread-45] DEBUG c.h.p.o.dependants.PodInfoConfigMap - [helmroll] Desired PodInfo ConfigMap (1 extensions) (1 enabled)
2025-01-29 14:01:48,695 INFO c.h.h.t.HelmChartContainer - [hivemq-test-hivemq-platform] [hivemq-platform-operator] [5b920660] 14:01:48.694 [pool-6-thread-45] DEBUG c.h.p.o.dependants.PodInfoConfigMap - [helmroll] Desired PodInfo ConfigMap (metrics port: 9399) (metrics path: /)
2025-01-29 14:01:48,696 INFO c.h.h.t.HelmChartContainer - [hivemq-test-hivemq-platform] [hivemq-platform-operator] [5b920660] 14:01:48.694 [pool-6-thread-45] DEBUG c.h.p.o.dependants.PodInfoConfigMap - [helmroll] Desired PodInfo ConfigMap (extension state hash: -1817474005)
2025-01-29 14:01:48,696 INFO c.h.h.t.HelmChartContainer - [hivemq-test-hivemq-platform] [hivemq-platform-operator] [5b920660] 14:01:48.693 [pool-6-thread-49] DEBUG c.h.p.o.d.PodServiceAccountResource - [helmroll] Desired PodServiceAccountResource (serviceAccountName: hivemq-platform-pod-test-hivemq-platform)
2025-01-29 14:01:48,696 INFO c.h.h.t.HelmChartContainer - [hivemq-test-hivemq-platform] [hivemq-platform-operator] [5b920660] 14:01:48.695 [pool-6-thread-48] DEBUG c.h.p.o.d.StatefulSetResource - [helmroll] Desired StatefulSet (2 replicas) for status ROLLING_RESTART (RESTART_PODS_IN_PROGRESS)
2025-01-29 14:01:48,699 INFO c.h.h.t.HelmChartContainer - [hivemq-test-hivemq-platform] [hivemq-platform-operator] [5b920660] 14:01:48.698 [ReconcilerExecutor-hivemq-controller-147] INFO  c.h.p.o.HiveMQPlatformReconciler - [helmroll] Reconciling HiveMQ Platform 'test-hivemq-platform' in namespace 'helmrollingupgradeplatformit'
2025-01-29 14:01:48,699 INFO c.h.h.t.HelmChartContainer - [hivemq-test-hivemq-platform] [hivemq-platform-operator] [5b920660] 14:01:48.698 [ReconcilerExecutor-hivemq-controller-147] DEBUG c.h.p.o.HiveMQPlatformReconciler - [helmroll] Custom Resource Status ROLLING_RESTART - HiveMQ Platform is restarting Pods (rolling restart) (RESTART_PODS_IN_PROGRESS)
2025-01-29 14:01:48,699 INFO c.h.h.t.HelmChartContainer - [hivemq-test-hivemq-platform] [hivemq-platform-operator] [5b920660] 14:01:48.698 [ReconcilerExecutor-hivemq-controller-147] DEBUG c.h.p.o.HiveMQPlatformReconciler - [helmroll] Custom Resource Spec (replicas: 1) (extensions: 1)
2025-01-29 14:01:48,700 INFO c.h.h.t.HelmChartContainer - [hivemq-test-hivemq-platform] [hivemq-platform-operator] [5b920660] 14:01:48.699 [ReconcilerExecutor-hivemq-controller-147] DEBUG c.h.p.o.HiveMQPlatformReconciler - [helmroll] StatefulSet Status (revision: test-hivemq-platform-945c6dcb4, replicas: 2, available: 1, ready: 1, current: 0, updated: 2)
2025-01-29 14:01:48,700 INFO c.h.h.t.HelmChartContainer - [hivemq-test-hivemq-platform] [hivemq-platform-operator] [5b920660] 14:01:48.699 [ReconcilerExecutor-hivemq-controller-147] DEBUG c.h.p.o.HiveMQPlatformReconciler - [helmroll] StatefulSet Spec (replicas: 2, init containers: 1, containers: 1, volumes: 3)
2025-01-29 14:01:48,702 INFO c.h.h.t.HelmChartContainer - [hivemq-test-hivemq-platform] [hivemq-platform-operator] [5b920660] 14:01:48.701 [ReconcilerExecutor-hivemq-controller-147] DEBUG c.h.p.o.h.HiveMQPlatformReconcilerErrorHandler - [helmroll] Pod 'test-hivemq-platform-1' phase Running
2025-01-29 14:01:48,703 INFO c.h.h.t.HelmChartContainer - [hivemq-test-hivemq-platform] [hivemq-platform-operator] [5b920660] 14:01:48.702 [ReconcilerExecutor-hivemq-controller-147] DEBUG c.h.p.o.h.HiveMQPlatformReconcilerErrorHandler - [helmroll] Pod 'test-hivemq-platform-0' phase Running
2025-01-29 14:01:48,704 INFO c.h.h.t.HelmChartContainer - [hivemq-test-hivemq-platform] [hivemq-platform-operator] [5b920660] 14:01:48.702 [ReconcilerExecutor-hivemq-controller-147] DEBUG c.h.p.o.h.HiveMQPlatformReconcilerRollingRestartHandler - [helmroll] Rolling restart is waiting for 1 of 2 replicas
2025-01-29 14:01:48,821 INFO c.h.h.t.HelmChartContainer - [test-hivemq-platform] [hivemq] [dd1f9035] INFO  - No valid license file for Data Hub found. Using free license, restricted to 1 policy.
2025-01-29 14:01:50,021 INFO c.h.h.t.HelmChartContainer - [test-hivemq-platform] [hivemq] [dd1f9035] INFO  - Audit Logger started.
2025-01-29 14:01:50,290 INFO c.h.h.t.HelmChartContainer - [test-hivemq-platform] [hivemq] [dd1f9035] INFO  - This node uses '1' CPU cores.
2025-01-29 14:01:50,323 INFO c.h.h.t.HelmChartContainer - [test-hivemq-platform] [hivemq] [dd1f9035] INFO  - Starting HiveMQ Health API on address 0.0.0.0 and port 8889
2025-01-29 14:01:51,322 INFO c.h.h.t.HelmChartContainer - [test-hivemq-platform] [hivemq] [dd1f9035] INFO  - Started HiveMQ Health API in 998ms
2025-01-29 14:01:52,058 INFO c.h.h.t.HelmChartContainer - [test-hivemq-platform] [hivemq] [dd1f9035] INFO  - Starting HiveMQ extension system.
2025-01-29 14:01:52,264 INFO c.h.h.t.HelmChartContainer - [test-hivemq-platform] [hivemq] [dd1f9035] INFO  - Starting extension with id "hivemq-dns-cluster-discovery" at /opt/hivemq/extensions/hivemq-dns-cluster-discovery
2025-01-29 14:01:52,754 INFO c.h.h.t.HelmChartContainer - [test-hivemq-platform] [hivemq] [dd1f9035] INFO  - Using TCP cluster transport on address 10.42.0.18 and port 7000
2025-01-29 14:01:52,760 INFO c.h.h.t.HelmChartContainer - [test-hivemq-platform] [hivemq] [dd1f9035] INFO  - Using extension cluster discovery
2025-01-29 14:01:52,860 INFO c.h.h.t.HelmChartContainer - [test-hivemq-platform] [hivemq] [dd1f9035] INFO  - Extension "DNS Cluster Discovery Extension" version 4.3.2 started successfully.
2025-01-29 14:01:52,860 INFO c.h.h.t.HelmChartContainer - [test-hivemq-platform] [hivemq] [dd1f9035] INFO  - Starting extension with id "hivemq-prometheus-extension" at /opt/hivemq/extensions/hivemq-prometheus-extension
2025-01-29 14:01:53,961 INFO c.h.h.t.HelmChartContainer - [test-hivemq-platform] [hivemq] [dd1f9035] INFO  - Started Jetty Server exposing Prometheus Servlet on URI http://0.0.0.0:9399/
2025-01-29 14:01:53,961 INFO c.h.h.t.HelmChartContainer - [test-hivemq-platform] [hivemq] [dd1f9035] INFO  - Extension "Prometheus Monitoring Extension" version 4.0.12 started successfully.
2025-01-29 14:01:53,961 INFO c.h.h.t.HelmChartContainer - [test-hivemq-platform] [hivemq] [dd1f9035] INFO  - Starting extension with id "hivemq-allow-all-extension" at /opt/hivemq/extensions/hivemq-allow-all-extension
2025-01-29 14:01:53,963 INFO c.h.h.t.HelmChartContainer - [test-hivemq-platform] [hivemq] [dd1f9035] WARN  - 
2025-01-29 14:01:53,963 INFO c.h.h.t.HelmChartContainer - [test-hivemq-platform] [hivemq] [dd1f9035] ################################################################################################################
2025-01-29 14:01:53,963 INFO c.h.h.t.HelmChartContainer - [test-hivemq-platform] [hivemq] [dd1f9035] # This HiveMQ deployment is not secure! You are lacking Authentication and Authorization.                      #
2025-01-29 14:01:53,963 INFO c.h.h.t.HelmChartContainer - [test-hivemq-platform] [hivemq] [dd1f9035] # Right now any MQTT client can connect to the broker with a full set of permissions.                          #
2025-01-29 14:01:53,963 INFO c.h.h.t.HelmChartContainer - [test-hivemq-platform] [hivemq] [dd1f9035] # For production usage, add an appropriate security extension and remove the hivemq-allow-all extension.       #
2025-01-29 14:01:53,963 INFO c.h.h.t.HelmChartContainer - [test-hivemq-platform] [hivemq] [dd1f9035] # You can download security extensions from the HiveMQ Marketplace (https://www.hivemq.com/extensions/).       #
2025-01-29 14:01:53,963 INFO c.h.h.t.HelmChartContainer - [test-hivemq-platform] [hivemq] [dd1f9035] ################################################################################################################
2025-01-29 14:01:53,963 INFO c.h.h.t.HelmChartContainer - [test-hivemq-platform] [hivemq] [dd1f9035] INFO  - Extension "Allow All Extension" version 1.1.1 started successfully.
2025-01-29 14:01:54,163 INFO c.h.h.t.HelmChartContainer - [test-hivemq-platform] [hivemq] [9f6d15fc] INFO  - Cluster nodes found by discovery: [9WhDG|3] (2) [9WhDG, m2Z7u].
2025-01-29 14:01:54,261 INFO c.h.h.t.HelmChartContainer - [test-hivemq-platform] [hivemq] [dd1f9035] INFO  - Cluster nodes found by discovery: [9WhDG|3] (2) [9WhDG, m2Z7u].
2025-01-29 14:01:54,555 INFO c.h.h.t.HelmChartContainer - [test-hivemq-platform] [hivemq] [dd1f9035] INFO  - Cluster size = 1, members : [9WhDG].
2025-01-29 14:01:54,680 INFO c.h.h.t.HelmChartContainer - [EVENT] Warning [Unhealthy] Readiness probe failed: Get "http://10.42.0.18:7979/readiness": context deadline exceeded (Client.Timeout exceeded while awaiting headers) [helmrollingupgradeplatformit:test-hivemq-platform-0]
2025-01-29 14:01:54,680 INFO c.h.h.t.HelmChartContainer - Received Unhealthy event for container hivemq in pod test-hivemq-platform-0 [dd1f9035-ce24-401d-9a5f-4cf286ead735]
2025-01-29 14:01:54,859 INFO c.h.h.t.HelmChartContainer - [test-hivemq-platform] [hivemq] [dd1f9035] INFO  - [HiveMQ Platform Operator Init App 1.7.0-SNAPSHOT] Returning Health API response 503 for readiness
2025-01-29 14:01:54,965 INFO c.h.h.t.HelmChartContainer - [test-hivemq-platform] [hivemq] [dd1f9035] INFO  - Starting cluster join process. This may take a while. Please do not shut down HiveMQ.
2025-01-29 14:01:55,054 INFO c.h.h.t.HelmChartContainer - [test-hivemq-platform] [hivemq] [dd1f9035] INFO  - Cluster join process is still ongoing. Please do not shut down HiveMQ.
2025-01-29 14:01:57,029 INFO c.h.h.t.HelmChartContainer - [test-hivemq-platform] [hivemq] [9f6d15fc] INFO  - Cluster size = 2, members : [9WhDG, m2Z7u].
2025-01-29 14:01:57,041 INFO c.h.h.t.HelmChartContainer - [test-hivemq-platform] [hivemq] [dd1f9035] INFO  - Cluster size = 2, members : [9WhDG, m2Z7u].
2025-01-29 14:01:57,054 INFO c.h.h.t.HelmChartContainer - [test-hivemq-platform] [hivemq] [dd1f9035] INFO  - Finished cluster join process successfully.
2025-01-29 14:01:57,055 INFO c.h.h.t.HelmChartContainer - [test-hivemq-platform] [hivemq] [dd1f9035] WARN  - No user for HiveMQ Control Center configured. Starting with default user
2025-01-29 14:01:57,055 INFO c.h.h.t.HelmChartContainer - [test-hivemq-platform] [hivemq] [dd1f9035] INFO  - Starting HiveMQ Control Center on address 0.0.0.0 and port 8080
2025-01-29 14:01:57,063 INFO c.h.h.t.HelmChartContainer - [test-hivemq-platform] [hivemq] [dd1f9035] INFO  - Mounting HiveMQ Control Center V2 Preview
2025-01-29 14:01:57,656 INFO c.h.h.t.HelmChartContainer - [test-hivemq-platform] [hivemq] [dd1f9035] INFO  - Started HiveMQ Control Center in 601ms
2025-01-29 14:01:57,732 INFO c.h.h.t.HelmChartContainer - [test-hivemq-platform] [hivemq] [dd1f9035] INFO  - Starting TCP listener on address 0.0.0.0 and port 1883
2025-01-29 14:01:57,746 INFO c.h.h.t.HelmChartContainer - [test-hivemq-platform] [hivemq] [dd1f9035] INFO  - Started TCP Listener on address 0.0.0.0 and on port 1883.
2025-01-29 14:01:57,746 INFO c.h.h.t.HelmChartContainer - [test-hivemq-platform] [hivemq] [dd1f9035] INFO  - Started HiveMQ in 28624ms
2025-01-29 14:01:58,641 INFO c.h.h.t.HelmChartContainer - [test-hivemq-platform] [hivemq] [dd1f9035] INFO  - [HiveMQ Platform Operator Init App 1.7.0-SNAPSHOT] Returning Health API response 200 for readiness
2025-01-29 14:01:58,654 INFO c.h.h.t.HelmChartContainer - [POD] test-hivemq-platform-0 [dd1f9035-ce24-401d-9a5f-4cf286ead735] in helmrollingupgradeplatformit was MODIFIED
2025-01-29 14:01:58,664 INFO c.h.h.t.HelmChartContainer - [hivemq-test-hivemq-platform] [hivemq-platform-operator] [5b920660] 14:01:58.657 [pool-6-thread-4] DEBUG c.h.p.o.d.PlatformServiceResource - [helmroll] Desired Platform services (3 services)
2025-01-29 14:01:58,665 INFO c.h.h.t.HelmChartContainer - [hivemq-test-hivemq-platform] [hivemq-platform-operator] [5b920660] 14:01:58.662 [pool-6-thread-4] DEBUG c.h.p.o.d.PodServiceAccountResource - [helmroll] Desired PodServiceAccountResource (serviceAccountName: hivemq-platform-pod-test-hivemq-platform)
2025-01-29 14:01:58,676 INFO c.h.h.t.HelmChartContainer - [hivemq-test-hivemq-platform] [hivemq-platform-operator] [5b920660] 14:01:58.663 [pool-6-thread-3] DEBUG c.h.p.o.dependants.PodInfoConfigMap - [helmroll] Desired PodInfo ConfigMap (1 extensions) (1 enabled)
2025-01-29 14:01:58,676 INFO c.h.h.t.HelmChartContainer - [hivemq-test-hivemq-platform] [hivemq-platform-operator] [5b920660] 14:01:58.663 [pool-6-thread-3] DEBUG c.h.p.o.dependants.PodInfoConfigMap - [helmroll] Desired PodInfo ConfigMap (metrics port: 9399) (metrics path: /)
2025-01-29 14:01:58,676 INFO c.h.h.t.HelmChartContainer - [hivemq-test-hivemq-platform] [hivemq-platform-operator] [5b920660] 14:01:58.663 [pool-6-thread-3] DEBUG c.h.p.o.dependants.PodInfoConfigMap - [helmroll] Desired PodInfo ConfigMap (extension state hash: -1817474005)
2025-01-29 14:01:58,676 INFO c.h.h.t.HelmChartContainer - [hivemq-test-hivemq-platform] [hivemq-platform-operator] [5b920660] 14:01:58.667 [pool-6-thread-3] DEBUG c.h.p.o.d.StatefulSetResource - [helmroll] Desired StatefulSet (2 replicas) for status ROLLING_RESTART (RESTART_PODS_IN_PROGRESS)
2025-01-29 14:01:58,678 INFO c.h.h.t.HelmChartContainer - [hivemq-test-hivemq-platform] [hivemq-platform-operator] [5b920660] 14:01:58.674 [ReconcilerExecutor-hivemq-controller-148] INFO  c.h.p.o.HiveMQPlatformReconciler - [helmroll] Reconciling HiveMQ Platform 'test-hivemq-platform' in namespace 'helmrollingupgradeplatformit'
2025-01-29 14:01:58,679 INFO c.h.h.t.HelmChartContainer - [hivemq-test-hivemq-platform] [hivemq-platform-operator] [5b920660] 14:01:58.674 [ReconcilerExecutor-hivemq-controller-148] DEBUG c.h.p.o.HiveMQPlatformReconciler - [helmroll] Custom Resource Status ROLLING_RESTART - HiveMQ Platform is restarting Pods (rolling restart) (RESTART_PODS_IN_PROGRESS)
2025-01-29 14:01:58,679 INFO c.h.h.t.HelmChartContainer - [hivemq-test-hivemq-platform] [hivemq-platform-operator] [5b920660] 14:01:58.674 [ReconcilerExecutor-hivemq-controller-148] DEBUG c.h.p.o.HiveMQPlatformReconciler - [helmroll] Custom Resource Spec (replicas: 1) (extensions: 1)
2025-01-29 14:01:58,679 INFO c.h.h.t.HelmChartContainer - [hivemq-test-hivemq-platform] [hivemq-platform-operator] [5b920660] 14:01:58.675 [ReconcilerExecutor-hivemq-controller-148] DEBUG c.h.p.o.HiveMQPlatformReconciler - [helmroll] StatefulSet Status (revision: test-hivemq-platform-945c6dcb4, replicas: 2, available: 2, ready: 2, current: 0, updated: 2)
2025-01-29 14:01:58,679 INFO c.h.h.t.HelmChartContainer - [hivemq-test-hivemq-platform] [hivemq-platform-operator] [5b920660] 14:01:58.675 [ReconcilerExecutor-hivemq-controller-148] DEBUG c.h.p.o.HiveMQPlatformReconciler - [helmroll] StatefulSet Spec (replicas: 2, init containers: 1, containers: 1, volumes: 3)
2025-01-29 14:01:58,679 INFO c.h.h.t.HelmChartContainer - [hivemq-test-hivemq-platform] [hivemq-platform-operator] [5b920660] 14:01:58.676 [ReconcilerExecutor-hivemq-controller-148] DEBUG c.h.p.o.h.HiveMQPlatformReconcilerErrorHandler - [helmroll] Pod 'test-hivemq-platform-1' phase Running
2025-01-29 14:01:58,684 INFO c.h.h.t.HelmChartContainer - [hivemq-test-hivemq-platform] [hivemq-platform-operator] [5b920660] 14:01:58.681 [ReconcilerExecutor-hivemq-controller-148] DEBUG c.h.p.o.h.HiveMQPlatformReconcilerErrorHandler - [helmroll] Pod 'test-hivemq-platform-0' phase Running
2025-01-29 14:01:58,743 INFO c.h.h.t.HelmChartContainer - [hivemq-test-hivemq-platform] [hivemq-platform-operator] [5b920660] 14:01:58.742 [ReconcilerExecutor-hivemq-controller-148] DEBUG c.h.p.o.h.HiveMQPlatformReconcilerRollingRestartHandler - [helmroll] Skipping Pod test-hivemq-platform-1 as it's already on the controller update revision (update revision: test-hivemq-platform-945c6dcb4, pod revision: test-hivemq-platform-945c6dcb4)
2025-01-29 14:01:58,748 INFO c.h.h.t.HelmChartContainer - [hivemq-test-hivemq-platform] [hivemq-platform-operator] [5b920660] 14:01:58.747 [ReconcilerExecutor-hivemq-controller-148] DEBUG c.h.p.o.h.HiveMQPlatformReconcilerRollingRestartHandler - [helmroll] Skipping Pod test-hivemq-platform-0 as it's already on the controller update revision (update revision: test-hivemq-platform-945c6dcb4, pod revision: test-hivemq-platform-945c6dcb4)
2025-01-29 14:01:58,748 INFO c.h.h.t.HelmChartContainer - [hivemq-test-hivemq-platform] [hivemq-platform-operator] [5b920660] 14:01:58.747 [ReconcilerExecutor-hivemq-controller-148] INFO  c.h.p.o.h.HiveMQPlatformReconcilerRollingRestartHandler - [helmroll] Stopping surge Pod
2025-01-29 14:01:58,759 INFO c.h.h.t.HelmChartContainer - [hivemq-test-hivemq-platform] [hivemq-platform-operator] [5b920660] 14:01:58.759 [ReconcilerExecutor-hivemq-controller-148] DEBUG c.h.p.operator.event.EventSender - [helmroll] Creating K8s event rolling-restart-scale-down-in-progress: [RollingRestart] HiveMQ Platform is stopping the surge Pod (rolling restart)
2025-01-29 14:01:58,763 INFO c.h.h.t.HelmChartContainer - [EVENT] Normal [RollingRestart] HiveMQ Platform is stopping the surge Pod (rolling restart) [helmrollingupgradeplatformit:test-hivemq-platform]
2025-01-29 14:01:58,763 INFO c.h.h.t.HelmChartContainer - [hivemq-test-hivemq-platform] [hivemq-platform-operator] [5b920660] 14:01:58.762 [ReconcilerExecutor-hivemq-controller-148] INFO  c.h.p.o.h.AbstractHiveMQReconcilerStateHandler - [helmroll] Update HiveMQ Platform Status (ROLLING_RESTART [RESTART_PODS_IN_PROGRESS] -> ROLLING_RESTART [SCALE_DOWN_IN_PROGRESS]): HiveMQ Platform is stopping the surge Pod (rolling restart)
2025-01-29 14:01:58,770 DEBUG com.hivemq.helmcharts.util.K8sUtil - Comparing actual state 'ROLLING_RESTART' and waiting for 'RUNNING'
2025-01-29 14:01:58,775 INFO c.h.h.t.HelmChartContainer - [hivemq-test-hivemq-platform] [hivemq-platform-operator] [5b920660] 14:01:58.772 [pool-6-thread-18] DEBUG c.h.p.o.d.PlatformServiceResource - [helmroll] Desired Platform services (3 services)
2025-01-29 14:01:58,775 INFO c.h.h.t.HelmChartContainer - [hivemq-test-hivemq-platform] [hivemq-platform-operator] [5b920660] 14:01:58.773 [pool-6-thread-15] DEBUG c.h.p.o.d.PodServiceAccountResource - [helmroll] Desired PodServiceAccountResource (serviceAccountName: hivemq-platform-pod-test-hivemq-platform)
2025-01-29 14:01:58,776 INFO c.h.h.t.HelmChartContainer - [hivemq-test-hivemq-platform] [hivemq-platform-operator] [5b920660] 14:01:58.774 [pool-6-thread-16] DEBUG c.h.p.o.dependants.PodInfoConfigMap - [helmroll] Desired PodInfo ConfigMap (1 extensions) (1 enabled)
2025-01-29 14:01:58,776 INFO c.h.h.t.HelmChartContainer - [hivemq-test-hivemq-platform] [hivemq-platform-operator] [5b920660] 14:01:58.774 [pool-6-thread-16] DEBUG c.h.p.o.dependants.PodInfoConfigMap - [helmroll] Desired PodInfo ConfigMap (metrics port: 9399) (metrics path: /)
2025-01-29 14:01:58,776 INFO c.h.h.t.HelmChartContainer - [hivemq-test-hivemq-platform] [hivemq-platform-operator] [5b920660] 14:01:58.774 [pool-6-thread-16] DEBUG c.h.p.o.dependants.PodInfoConfigMap - [helmroll] Desired PodInfo ConfigMap (extension state hash: -1817474005)
2025-01-29 14:01:58,777 INFO c.h.h.t.HelmChartContainer - [hivemq-test-hivemq-platform] [hivemq-platform-operator] [5b920660] 14:01:58.774 [pool-6-thread-16] DEBUG c.h.p.o.dependants.PodInfoConfigMap - [helmroll] Update PodInfo ConfigMap
2025-01-29 14:01:58,850 INFO c.h.h.t.HelmChartContainer - [hivemq-test-hivemq-platform] [hivemq-platform-operator] [5b920660] 14:01:58.848 [pool-6-thread-16] DEBUG c.h.p.o.d.StatefulSetResource - [helmroll] Desired StatefulSet (1 replicas) for status ROLLING_RESTART (SCALE_DOWN_IN_PROGRESS)
2025-01-29 14:01:58,852 INFO c.h.h.t.HelmChartContainer - [hivemq-test-hivemq-platform] [hivemq-platform-operator] [5b920660] 14:01:58.851 [pool-6-thread-16] DEBUG c.h.p.o.d.StatefulSetResource - [helmroll] Update StatefulSet (replicas: 2 -> 1)
2025-01-29 14:01:58,865 INFO c.h.h.t.HelmChartContainer - [hivemq-test-hivemq-platform] [hivemq-platform-operator] [5b920660] 14:01:58.864 [ReconcilerExecutor-hivemq-controller-149] INFO  c.h.p.o.HiveMQPlatformReconciler - [helmroll] Reconciling HiveMQ Platform 'test-hivemq-platform' in namespace 'helmrollingupgradeplatformit'
2025-01-29 14:01:58,865 INFO c.h.h.t.HelmChartContainer - [hivemq-test-hivemq-platform] [hivemq-platform-operator] [5b920660] 14:01:58.864 [ReconcilerExecutor-hivemq-controller-149] DEBUG c.h.p.o.HiveMQPlatformReconciler - [helmroll] Custom Resource Status ROLLING_RESTART - HiveMQ Platform is stopping the surge Pod (rolling restart) (SCALE_DOWN_IN_PROGRESS)
2025-01-29 14:01:58,871 INFO c.h.h.t.HelmChartContainer - [EVENT] Normal [SuccessfulDelete] delete Pod test-hivemq-platform-1 in StatefulSet test-hivemq-platform successful [helmrollingupgradeplatformit:test-hivemq-platform]
2025-01-29 14:01:58,873 INFO c.h.h.t.HelmChartContainer - [POD] test-hivemq-platform-1 [9f6d15fc-5e14-491e-a657-b7fb19232c48] in helmrollingupgradeplatformit was MODIFIED
2025-01-29 14:01:58,886 INFO c.h.h.t.HelmChartContainer - [EVENT] Normal [Killing] Stopping container hivemq [helmrollingupgradeplatformit:test-hivemq-platform-1]
2025-01-29 14:01:58,886 INFO c.h.h.t.HelmChartContainer - Received Killing event for container hivemq in pod test-hivemq-platform-1 [9f6d15fc-5e14-491e-a657-b7fb19232c48]
2025-01-29 14:01:58,886 INFO c.h.h.t.HelmChartContainer - Container [test-hivemq-platform-1] [hivemq] [9f6d15fc-5e14-491e-a657-b7fb19232c48] was terminated
2025-01-29 14:01:58,886 INFO c.h.h.t.HelmChartContainer - Stopped log watcher for hivemq in pod test-hivemq-platform-1 [9f6d15fc-5e14-491e-a657-b7fb19232c48]
2025-01-29 14:01:58,886 INFO c.h.h.t.HelmChartContainer - [test-hivemq-platform] [hivemq] [9f6d15fc] INFO  - [HiveMQ Platform Operator Init App 1.7.0-SNAPSHOT] Shutting down
2025-01-29 14:01:58,887 INFO c.h.h.t.HelmChartContainer - [test-hivemq-platform] [hivemq] [9f6d15fc] INFO  - [HiveMQ Platform Operator Init App 1.7.0-SNAPSHOT] Stopping the HiveMQ Platform
2025-01-29 14:01:58,926 INFO c.h.h.t.HelmChartContainer - [test-hivemq-platform] [hivemq] [9f6d15fc] INFO  - Shutting down HiveMQ. Please wait, this could take a while...
2025-01-29 14:01:58,930 INFO c.h.h.t.HelmChartContainer - [test-hivemq-platform] [hivemq] [9f6d15fc] INFO  - Shutting down listeners and clients
2025-01-29 14:01:58,944 INFO c.h.h.t.HelmChartContainer - [hivemq-test-hivemq-platform] [hivemq-platform-operator] [5b920660] 14:01:58.942 [ReconcilerExecutor-hivemq-controller-149] DEBUG c.h.p.o.HiveMQPlatformReconciler - [helmroll] Custom Resource Spec (replicas: 1) (extensions: 1)
2025-01-29 14:01:58,944 INFO c.h.h.t.HelmChartContainer - [hivemq-test-hivemq-platform] [hivemq-platform-operator] [5b920660] 14:01:58.943 [ReconcilerExecutor-hivemq-controller-149] DEBUG c.h.p.o.HiveMQPlatformReconciler - [helmroll] StatefulSet Status (revision: test-hivemq-platform-945c6dcb4, replicas: 2, available: 2, ready: 2, current: 0, updated: 2)
2025-01-29 14:01:58,944 INFO c.h.h.t.HelmChartContainer - [hivemq-test-hivemq-platform] [hivemq-platform-operator] [5b920660] 14:01:58.943 [ReconcilerExecutor-hivemq-controller-149] DEBUG c.h.p.o.HiveMQPlatformReconciler - [helmroll] StatefulSet Spec (replicas: 1, init containers: 1, containers: 1, volumes: 3)
2025-01-29 14:01:58,945 INFO c.h.h.t.HelmChartContainer - [hivemq-test-hivemq-platform] [hivemq-platform-operator] [5b920660] 14:01:58.944 [ReconcilerExecutor-hivemq-controller-149] DEBUG c.h.p.o.h.HiveMQPlatformReconcilerErrorHandler - [helmroll] Pod 'test-hivemq-platform-0' phase Running
2025-01-29 14:01:58,945 INFO c.h.h.t.HelmChartContainer - [hivemq-test-hivemq-platform] [hivemq-platform-operator] [5b920660] 14:01:58.945 [ReconcilerExecutor-hivemq-controller-149] DEBUG c.h.p.o.h.HiveMQPlatformReconcilerRollingRestartHandler - [helmroll] Rolling restart is waiting for 2 of 1 replicas
2025-01-29 14:01:58,949 INFO c.h.h.t.HelmChartContainer - [hivemq-test-hivemq-platform] [hivemq-platform-operator] [5b920660] 14:01:58.948 [pool-6-thread-26] DEBUG c.h.p.o.d.PlatformServiceResource - [helmroll] Desired Platform services (3 services)
2025-01-29 14:01:58,952 INFO c.h.h.t.HelmChartContainer - [hivemq-test-hivemq-platform] [hivemq-platform-operator] [5b920660] 14:01:58.949 [pool-6-thread-28] DEBUG c.h.p.o.dependants.PodInfoConfigMap - [helmroll] Desired PodInfo ConfigMap (1 extensions) (1 enabled)
2025-01-29 14:01:58,952 INFO c.h.h.t.HelmChartContainer - [hivemq-test-hivemq-platform] [hivemq-platform-operator] [5b920660] 14:01:58.949 [pool-6-thread-28] DEBUG c.h.p.o.dependants.PodInfoConfigMap - [helmroll] Desired PodInfo ConfigMap (metrics port: 9399) (metrics path: /)
2025-01-29 14:01:58,953 INFO c.h.h.t.HelmChartContainer - [hivemq-test-hivemq-platform] [hivemq-platform-operator] [5b920660] 14:01:58.950 [pool-6-thread-28] DEBUG c.h.p.o.dependants.PodInfoConfigMap - [helmroll] Desired PodInfo ConfigMap (extension state hash: -1817474005)
2025-01-29 14:01:58,955 INFO c.h.h.t.HelmChartContainer - [hivemq-test-hivemq-platform] [hivemq-platform-operator] [5b920660] 14:01:58.951 [pool-6-thread-29] DEBUG c.h.p.o.d.PodServiceAccountResource - [helmroll] Desired PodServiceAccountResource (serviceAccountName: hivemq-platform-pod-test-hivemq-platform)
2025-01-29 14:01:58,957 INFO c.h.h.t.HelmChartContainer - [hivemq-test-hivemq-platform] [hivemq-platform-operator] [5b920660] 14:01:58.956 [pool-6-thread-26] DEBUG c.h.p.o.d.StatefulSetResource - [helmroll] Desired StatefulSet (1 replicas) for status ROLLING_RESTART (SCALE_DOWN_IN_PROGRESS)
2025-01-29 14:01:59,013 INFO c.h.h.t.HelmChartContainer - [test-hivemq-platform] [hivemq] [9f6d15fc] INFO  - Shutdown of listeners is done
2025-01-29 14:01:59,013 INFO c.h.h.t.HelmChartContainer - [test-hivemq-platform] [hivemq] [9f6d15fc] INFO  - No clients are connected, proceeding with shutdown
2025-01-29 14:01:59,044 INFO c.h.h.t.HelmChartContainer - [hivemq-test-hivemq-platform] [hivemq-platform-operator] [5b920660] 14:01:59.043 [ReconcilerExecutor-hivemq-controller-150] INFO  c.h.p.o.HiveMQPlatformReconciler - [helmroll] Reconciling HiveMQ Platform 'test-hivemq-platform' in namespace 'helmrollingupgradeplatformit'
2025-01-29 14:01:59,044 INFO c.h.h.t.HelmChartContainer - [hivemq-test-hivemq-platform] [hivemq-platform-operator] [5b920660] 14:01:59.043 [ReconcilerExecutor-hivemq-controller-150] DEBUG c.h.p.o.HiveMQPlatformReconciler - [helmroll] Custom Resource Status ROLLING_RESTART - HiveMQ Platform is stopping the surge Pod (rolling restart) (SCALE_DOWN_IN_PROGRESS)
2025-01-29 14:01:59,044 INFO c.h.h.t.HelmChartContainer - [hivemq-test-hivemq-platform] [hivemq-platform-operator] [5b920660] 14:01:59.043 [ReconcilerExecutor-hivemq-controller-150] DEBUG c.h.p.o.HiveMQPlatformReconciler - [helmroll] Custom Resource Spec (replicas: 1) (extensions: 1)
2025-01-29 14:01:59,046 INFO c.h.h.t.HelmChartContainer - [hivemq-test-hivemq-platform] [hivemq-platform-operator] [5b920660] 14:01:59.044 [ReconcilerExecutor-hivemq-controller-150] DEBUG c.h.p.o.HiveMQPlatformReconciler - [helmroll] StatefulSet Status (revision: test-hivemq-platform-945c6dcb4, replicas: 2, available: 2, ready: 2, current: 0, updated: 1)
2025-01-29 14:01:59,047 INFO c.h.h.t.HelmChartContainer - [hivemq-test-hivemq-platform] [hivemq-platform-operator] [5b920660] 14:01:59.044 [ReconcilerExecutor-hivemq-controller-150] DEBUG c.h.p.o.HiveMQPlatformReconciler - [helmroll] StatefulSet Spec (replicas: 1, init containers: 1, containers: 1, volumes: 3)
2025-01-29 14:01:59,047 INFO c.h.h.t.HelmChartContainer - [hivemq-test-hivemq-platform] [hivemq-platform-operator] [5b920660] 14:01:59.045 [ReconcilerExecutor-hivemq-controller-150] DEBUG c.h.p.o.h.HiveMQPlatformReconcilerErrorHandler - [helmroll] Pod 'test-hivemq-platform-0' phase Running
2025-01-29 14:01:59,047 INFO c.h.h.t.HelmChartContainer - [hivemq-test-hivemq-platform] [hivemq-platform-operator] [5b920660] 14:01:59.046 [ReconcilerExecutor-hivemq-controller-150] DEBUG c.h.p.o.h.HiveMQPlatformReconcilerRollingRestartHandler - [helmroll] Rolling restart is waiting for 2 of 1 replicas
2025-01-29 14:02:01,525 INFO c.h.h.t.HelmChartContainer - [test-hivemq-platform] [hivemq] [9f6d15fc] INFO  - Shutting down extension system
2025-01-29 14:02:01,527 INFO c.h.h.t.HelmChartContainer - [test-hivemq-platform] [hivemq] [9f6d15fc] INFO  - Stopping extension with id hivemq-dns-cluster-discovery
2025-01-29 14:02:01,528 INFO c.h.h.t.HelmChartContainer - [test-hivemq-platform] [hivemq] [9f6d15fc] INFO  - Extension "DNS Cluster Discovery Extension" version 4.3.2 stopped successfully.
2025-01-29 14:02:01,528 INFO c.h.h.t.HelmChartContainer - [test-hivemq-platform] [hivemq] [9f6d15fc] INFO  - Stopping extension with id hivemq-prometheus-extension
2025-01-29 14:02:01,533 INFO c.h.h.t.HelmChartContainer - [test-hivemq-platform] [hivemq] [9f6d15fc] INFO  - Extension "Prometheus Monitoring Extension" version 4.0.12 stopped successfully.
2025-01-29 14:02:01,534 INFO c.h.h.t.HelmChartContainer - [test-hivemq-platform] [hivemq] [9f6d15fc] INFO  - Stopping extension with id hivemq-allow-all-extension
2025-01-29 14:02:01,534 INFO c.h.h.t.HelmChartContainer - [test-hivemq-platform] [hivemq] [9f6d15fc] INFO  - Extension "Allow All Extension" version 1.1.1 stopped successfully.
2025-01-29 14:02:01,541 INFO c.h.h.t.HelmChartContainer - [test-hivemq-platform] [hivemq] [dd1f9035] INFO  - Cluster nodes found by discovery: [m2Z7u|4] (1) [m2Z7u].
2025-01-29 14:02:01,548 INFO c.h.h.t.HelmChartContainer - [test-hivemq-platform] [hivemq] [dd1f9035] INFO  - Cluster size = 1, members : [m2Z7u].
2025-01-29 14:02:02,934 INFO c.h.h.t.HelmChartContainer - [test-hivemq-platform] [hivemq] [9f6d15fc] INFO  - [HiveMQ Platform Operator Init App 1.7.0-SNAPSHOT] Returning shutdown Health API response 503 for readiness
2025-01-29 14:02:02,938 INFO c.h.h.t.HelmChartContainer - [EVENT] Warning [Unhealthy] Readiness probe failed: HTTP probe failed with statuscode: 503 [helmrollingupgradeplatformit:test-hivemq-platform-1]
2025-01-29 14:02:02,938 INFO c.h.h.t.HelmChartContainer - Received Unhealthy event for container hivemq in pod test-hivemq-platform-1 [9f6d15fc-5e14-491e-a657-b7fb19232c48]
2025-01-29 14:02:03,836 INFO c.h.h.t.HelmChartContainer - [test-hivemq-platform] [hivemq] [9f6d15fc] INFO  - Shutdown completed.
2025-01-29 14:02:04,188 INFO c.h.h.t.HelmChartContainer - [test-hivemq-platform] [hivemq] [9f6d15fc] INFO  - [HiveMQ Platform Operator Init App 1.7.0-SNAPSHOT] The HiveMQ Platform exited with code 143
2025-01-29 14:02:04,188 INFO c.h.h.t.HelmChartContainer - [test-hivemq-platform] [hivemq] [9f6d15fc] INFO  - [HiveMQ Platform Operator Init App 1.7.0-SNAPSHOT] Stopping the REST API
2025-01-29 14:02:04,192 INFO c.h.h.t.HelmChartContainer - [test-hivemq-platform] [hivemq] [9f6d15fc] INFO  - [HiveMQ Platform Operator Init App 1.7.0-SNAPSHOT] Shutdown complete
2025-01-29 14:02:04,678 INFO c.h.h.t.HelmChartContainer - [POD] test-hivemq-platform-1 [9f6d15fc-5e14-491e-a657-b7fb19232c48] in helmrollingupgradeplatformit was MODIFIED
2025-01-29 14:02:04,686 INFO c.h.h.t.HelmChartContainer - [hivemq-test-hivemq-platform] [hivemq-platform-operator] [5b920660] 14:02:04.683 [pool-6-thread-31] DEBUG c.h.p.o.d.PlatformServiceResource - [helmroll] Desired Platform services (3 services)
2025-01-29 14:02:04,691 INFO c.h.h.t.HelmChartContainer - [hivemq-test-hivemq-platform] [hivemq-platform-operator] [5b920660] 14:02:04.684 [pool-6-thread-35] DEBUG c.h.p.o.dependants.PodInfoConfigMap - [helmroll] Desired PodInfo ConfigMap (1 extensions) (1 enabled)
2025-01-29 14:02:04,691 INFO c.h.h.t.HelmChartContainer - [hivemq-test-hivemq-platform] [hivemq-platform-operator] [5b920660] 14:02:04.685 [pool-6-thread-35] DEBUG c.h.p.o.dependants.PodInfoConfigMap - [helmroll] Desired PodInfo ConfigMap (metrics port: 9399) (metrics path: /)
2025-01-29 14:02:04,691 INFO c.h.h.t.HelmChartContainer - [hivemq-test-hivemq-platform] [hivemq-platform-operator] [5b920660] 14:02:04.685 [pool-6-thread-35] DEBUG c.h.p.o.dependants.PodInfoConfigMap - [helmroll] Desired PodInfo ConfigMap (extension state hash: -1817474005)
2025-01-29 14:02:04,691 INFO c.h.h.t.HelmChartContainer - [hivemq-test-hivemq-platform] [hivemq-platform-operator] [5b920660] 14:02:04.686 [pool-6-thread-39] DEBUG c.h.p.o.d.PodServiceAccountResource - [helmroll] Desired PodServiceAccountResource (serviceAccountName: hivemq-platform-pod-test-hivemq-platform)
2025-01-29 14:02:04,695 INFO c.h.h.t.HelmChartContainer - [K3S] [reconciler_common.go:162] "operationExecutor.UnmountVolume started for volume \"broker-configuration\" (UniqueName: \"kubernetes.io/configmap/9f6d15fc-5e14-491e-a657-b7fb19232c48-broker-configuration\") pod \"9f6d15fc-5e14-491e-a657-b7fb19232c48\" (UID: \"9f6d15fc-5e14-491e-a657-b7fb19232c48\") "
2025-01-29 14:02:04,697 INFO c.h.h.t.HelmChartContainer - [K3S] [reconciler_common.go:162] "operationExecutor.UnmountVolume started for volume \"pod-info\" (UniqueName: \"kubernetes.io/configmap/9f6d15fc-5e14-491e-a657-b7fb19232c48-pod-info\") pod \"9f6d15fc-5e14-491e-a657-b7fb19232c48\" (UID: \"9f6d15fc-5e14-491e-a657-b7fb19232c48\") "
2025-01-29 14:02:04,697 INFO c.h.h.t.HelmChartContainer - [K3S] [reconciler_common.go:162] "operationExecutor.UnmountVolume started for volume \"kube-api-access-28xwt\" (UniqueName: \"kubernetes.io/projected/9f6d15fc-5e14-491e-a657-b7fb19232c48-kube-api-access-28xwt\") pod \"9f6d15fc-5e14-491e-a657-b7fb19232c48\" (UID: \"9f6d15fc-5e14-491e-a657-b7fb19232c48\") "
2025-01-29 14:02:04,698 INFO c.h.h.t.HelmChartContainer - [K3S] [reconciler_common.go:162] "operationExecutor.UnmountVolume started for volume \"operator-init\" (UniqueName: \"kubernetes.io/empty-dir/9f6d15fc-5e14-491e-a657-b7fb19232c48-operator-init\") pod \"9f6d15fc-5e14-491e-a657-b7fb19232c48\" (UID: \"9f6d15fc-5e14-491e-a657-b7fb19232c48\") "
2025-01-29 14:02:04,700 INFO c.h.h.t.HelmChartContainer - [hivemq-test-hivemq-platform] [hivemq-platform-operator] [5b920660] 14:02:04.695 [pool-6-thread-34] DEBUG c.h.p.o.d.StatefulSetResource - [helmroll] Desired StatefulSet (1 replicas) for status ROLLING_RESTART (SCALE_DOWN_IN_PROGRESS)
2025-01-29 14:02:04,708 INFO c.h.h.t.HelmChartContainer - [hivemq-test-hivemq-platform] [hivemq-platform-operator] [5b920660] 14:02:04.706 [ReconcilerExecutor-hivemq-controller-151] INFO  c.h.p.o.HiveMQPlatformReconciler - [helmroll] Reconciling HiveMQ Platform 'test-hivemq-platform' in namespace 'helmrollingupgradeplatformit'
2025-01-29 14:02:04,708 INFO c.h.h.t.HelmChartContainer - [hivemq-test-hivemq-platform] [hivemq-platform-operator] [5b920660] 14:02:04.707 [ReconcilerExecutor-hivemq-controller-151] DEBUG c.h.p.o.HiveMQPlatformReconciler - [helmroll] Custom Resource Status ROLLING_RESTART - HiveMQ Platform is stopping the surge Pod (rolling restart) (SCALE_DOWN_IN_PROGRESS)
2025-01-29 14:02:04,709 INFO c.h.h.t.HelmChartContainer - [hivemq-test-hivemq-platform] [hivemq-platform-operator] [5b920660] 14:02:04.707 [ReconcilerExecutor-hivemq-controller-151] DEBUG c.h.p.o.HiveMQPlatformReconciler - [helmroll] Custom Resource Spec (replicas: 1) (extensions: 1)
2025-01-29 14:02:04,710 INFO c.h.h.t.HelmChartContainer - [hivemq-test-hivemq-platform] [hivemq-platform-operator] [5b920660] 14:02:04.709 [ReconcilerExecutor-hivemq-controller-151] DEBUG c.h.p.o.HiveMQPlatformReconciler - [helmroll] StatefulSet Status (revision: test-hivemq-platform-945c6dcb4, replicas: 2, available: 1, ready: 1, current: 0, updated: 1)
2025-01-29 14:02:04,710 INFO c.h.h.t.HelmChartContainer - [hivemq-test-hivemq-platform] [hivemq-platform-operator] [5b920660] 14:02:04.709 [ReconcilerExecutor-hivemq-controller-151] DEBUG c.h.p.o.HiveMQPlatformReconciler - [helmroll] StatefulSet Spec (replicas: 1, init containers: 1, containers: 1, volumes: 3)
2025-01-29 14:02:04,712 INFO c.h.h.t.HelmChartContainer - [hivemq-test-hivemq-platform] [hivemq-platform-operator] [5b920660] 14:02:04.710 [ReconcilerExecutor-hivemq-controller-151] DEBUG c.h.p.o.h.HiveMQPlatformReconcilerErrorHandler - [helmroll] Pod 'test-hivemq-platform-0' phase Running
2025-01-29 14:02:04,713 INFO c.h.h.t.HelmChartContainer - [hivemq-test-hivemq-platform] [hivemq-platform-operator] [5b920660] 14:02:04.711 [ReconcilerExecutor-hivemq-controller-151] INFO  c.h.p.o.h.HiveMQPlatformReconcilerRollingRestartHandler - [helmroll] Rolling restart is done
2025-01-29 14:02:04,749 INFO c.h.h.t.HelmChartContainer - [EVENT] Normal [Ready] HiveMQ Platform is ready [helmrollingupgradeplatformit:test-hivemq-platform]
2025-01-29 14:02:04,752 INFO c.h.h.t.HelmChartContainer - [hivemq-test-hivemq-platform] [hivemq-platform-operator] [5b920660] 14:02:04.749 [ReconcilerExecutor-hivemq-controller-151] DEBUG c.h.p.operator.event.EventSender - [helmroll] Updating K8s event hivemq-platform-ready: [Ready] HiveMQ Platform is ready
2025-01-29 14:02:04,752 INFO c.h.h.t.HelmChartContainer - [hivemq-test-hivemq-platform] [hivemq-platform-operator] [5b920660] 14:02:04.749 [ReconcilerExecutor-hivemq-controller-151] INFO  c.h.p.o.h.AbstractHiveMQReconcilerStateHandler - [helmroll] Update HiveMQ Platform Status (ROLLING_RESTART [SCALE_DOWN_IN_PROGRESS] -> RUNNING [READY]): HiveMQ Platform is ready
2025-01-29 14:02:04,760 DEBUG com.hivemq.helmcharts.util.K8sUtil - Comparing actual state 'RUNNING' and waiting for 'RUNNING'
2025-01-29 14:02:04,765 INFO c.h.h.t.HelmChartContainer - [hivemq-test-hivemq-platform] [hivemq-platform-operator] [5b920660] 14:02:04.763 [pool-6-thread-46] DEBUG c.h.p.o.d.PlatformServiceResource - [helmroll] Desired Platform services (3 services)
2025-01-29 14:02:04,765 INFO c.h.h.t.HelmChartContainer - [hivemq-test-hivemq-platform] [hivemq-platform-operator] [5b920660] 14:02:04.764 [pool-6-thread-45] DEBUG c.h.p.o.d.PodServiceAccountResource - [helmroll] Desired PodServiceAccountResource (serviceAccountName: hivemq-platform-pod-test-hivemq-platform)
2025-01-29 14:02:04,771 INFO c.h.h.t.HelmChartContainer - Uninstalling release 'test-hivemq-platform' in namespace 'helmrollingupgradeplatformit'...
2025-01-29 14:02:04,771 DEBUG c.h.h.t.HelmChartContainer - Executing helm command: /bin/helm --kubeconfig /etc/rancher/k3s/k3s.yaml uninstall test-hivemq-platform  --wait --timeout 5m0s --cascade foreground --namespace helmrollingupgradeplatformit
2025-01-29 14:02:04,797 INFO c.h.h.t.HelmChartContainer - [K3S] [reconciler_common.go:299] "Volume detached for volume \"pod-info\" (UniqueName: \"kubernetes.io/configmap/9f6d15fc-5e14-491e-a657-b7fb19232c48-pod-info\") on node \"c7a6e7e9301f\" DevicePath \"\""
2025-01-29 14:02:04,797 INFO c.h.h.t.HelmChartContainer - [K3S] [reconciler_common.go:299] "Volume detached for volume \"broker-configuration\" (UniqueName: \"kubernetes.io/configmap/9f6d15fc-5e14-491e-a657-b7fb19232c48-broker-configuration\") on node \"c7a6e7e9301f\" DevicePath \"\""
2025-01-29 14:02:04,797 INFO c.h.h.t.HelmChartContainer - [K3S] [reconciler_common.go:299] "Volume detached for volume \"kube-api-access-28xwt\" (UniqueName: \"kubernetes.io/projected/9f6d15fc-5e14-491e-a657-b7fb19232c48-kube-api-access-28xwt\") on node \"c7a6e7e9301f\" DevicePath \"\""
2025-01-29 14:02:04,797 INFO c.h.h.t.HelmChartContainer - [K3S] [reconciler_common.go:299] "Volume detached for volume \"operator-init\" (UniqueName: \"kubernetes.io/empty-dir/9f6d15fc-5e14-491e-a657-b7fb19232c48-operator-init\") on node \"c7a6e7e9301f\" DevicePath \"\""
2025-01-29 14:02:04,844 INFO c.h.h.t.HelmChartContainer - [hivemq-test-hivemq-platform] [hivemq-platform-operator] [5b920660] 14:02:04.841 [pool-6-thread-43] DEBUG c.h.p.o.dependants.PodInfoConfigMap - [helmroll] Desired PodInfo ConfigMap (1 extensions) (1 enabled)
2025-01-29 14:02:04,844 INFO c.h.h.t.HelmChartContainer - [hivemq-test-hivemq-platform] [hivemq-platform-operator] [5b920660] 14:02:04.842 [pool-6-thread-43] DEBUG c.h.p.o.dependants.PodInfoConfigMap - [helmroll] Desired PodInfo ConfigMap (metrics port: 9399) (metrics path: /)
2025-01-29 14:02:04,845 INFO c.h.h.t.HelmChartContainer - [hivemq-test-hivemq-platform] [hivemq-platform-operator] [5b920660] 14:02:04.842 [pool-6-thread-43] DEBUG c.h.p.o.dependants.PodInfoConfigMap - [helmroll] Desired PodInfo ConfigMap (extension state hash: -1817474005)
2025-01-29 14:02:04,845 INFO c.h.h.t.HelmChartContainer - [hivemq-test-hivemq-platform] [hivemq-platform-operator] [5b920660] 14:02:04.842 [pool-6-thread-43] DEBUG c.h.p.o.dependants.PodInfoConfigMap - [helmroll] Update PodInfo ConfigMap
2025-01-29 14:02:04,856 INFO c.h.h.t.HelmChartContainer - [hivemq-test-hivemq-platform] [hivemq-platform-operator] [5b920660] 14:02:04.851 [pool-6-thread-48] DEBUG c.h.p.o.d.StatefulSetResource - [helmroll] Desired StatefulSet (1 replicas) for status RUNNING (READY)
2025-01-29 14:02:04,856 INFO c.h.h.t.HelmChartContainer - [hivemq-test-hivemq-platform] [hivemq-platform-operator] [5b920660] 14:02:04.853 [ReconcilerExecutor-hivemq-controller-152] INFO  c.h.p.o.HiveMQPlatformReconciler - [helmroll] Reconciling HiveMQ Platform 'test-hivemq-platform' in namespace 'helmrollingupgradeplatformit'
2025-01-29 14:02:04,856 INFO c.h.h.t.HelmChartContainer - [hivemq-test-hivemq-platform] [hivemq-platform-operator] [5b920660] 14:02:04.853 [ReconcilerExecutor-hivemq-controller-152] DEBUG c.h.p.o.HiveMQPlatformReconciler - [helmroll] Custom Resource Status RUNNING - HiveMQ Platform is ready (READY)
2025-01-29 14:02:04,856 INFO c.h.h.t.HelmChartContainer - [hivemq-test-hivemq-platform] [hivemq-platform-operator] [5b920660] 14:02:04.853 [ReconcilerExecutor-hivemq-controller-152] DEBUG c.h.p.o.HiveMQPlatformReconciler - [helmroll] Custom Resource Spec (replicas: 1) (extensions: 1)
2025-01-29 14:02:04,856 INFO c.h.h.t.HelmChartContainer - [hivemq-test-hivemq-platform] [hivemq-platform-operator] [5b920660] 14:02:04.854 [ReconcilerExecutor-hivemq-controller-152] DEBUG c.h.p.o.HiveMQPlatformReconciler - [helmroll] StatefulSet Status (revision: test-hivemq-platform-945c6dcb4, replicas: 2, available: 1, ready: 1, current: 0, updated: 1)
2025-01-29 14:02:04,856 INFO c.h.h.t.HelmChartContainer - [hivemq-test-hivemq-platform] [hivemq-platform-operator] [5b920660] 14:02:04.854 [ReconcilerExecutor-hivemq-controller-152] DEBUG c.h.p.o.HiveMQPlatformReconciler - [helmroll] StatefulSet Spec (replicas: 1, init containers: 1, containers: 1, volumes: 3)
2025-01-29 14:02:04,857 INFO c.h.h.t.HelmChartContainer - [hivemq-test-hivemq-platform] [hivemq-platform-operator] [5b920660] 14:02:04.856 [ReconcilerExecutor-hivemq-controller-152] DEBUG c.h.p.o.h.HiveMQPlatformReconcilerErrorHandler - [helmroll] Pod 'test-hivemq-platform-0' phase Running
2025-01-29 14:02:04,991 INFO c.h.h.t.HelmChartContainer - [hivemq-test-hivemq-platform] [hivemq-platform-operator] [5b920660] 14:02:04.989 [pool-6-thread-8] DEBUG c.h.p.o.d.PlatformServiceResource - [helmroll] Desired Platform services (3 services)
2025-01-29 14:02:04,997 INFO c.h.h.t.HelmChartContainer - [hivemq-test-hivemq-platform] [hivemq-platform-operator] [5b920660] 14:02:04.991 [pool-6-thread-4] DEBUG c.h.p.o.dependants.PodInfoConfigMap - [helmroll] Desired PodInfo ConfigMap (1 extensions) (1 enabled)
2025-01-29 14:02:05,003 INFO c.h.h.t.HelmChartContainer - [hivemq-test-hivemq-platform] [hivemq-platform-operator] [5b920660] 14:02:04.996 [pool-6-thread-4] DEBUG c.h.p.o.dependants.PodInfoConfigMap - [helmroll] Desired PodInfo ConfigMap (metrics port: 9399) (metrics path: /)
2025-01-29 14:02:05,003 INFO c.h.h.t.HelmChartContainer - [hivemq-test-hivemq-platform] [hivemq-platform-operator] [5b920660] 14:02:04.997 [pool-6-thread-4] DEBUG c.h.p.o.dependants.PodInfoConfigMap - [helmroll] Desired PodInfo ConfigMap (extension state hash: -1817474005)
2025-01-29 14:02:05,003 INFO c.h.h.t.HelmChartContainer - [hivemq-test-hivemq-platform] [hivemq-platform-operator] [5b920660] 14:02:04.992 [pool-6-thread-9] DEBUG c.h.p.o.d.PodServiceAccountResource - [helmroll] Desired PodServiceAccountResource (serviceAccountName: hivemq-platform-pod-test-hivemq-platform)
2025-01-29 14:02:05,011 INFO c.h.h.t.HelmChartContainer - [hivemq-test-hivemq-platform] [hivemq-platform-operator] [5b920660] 14:02:04.999 [pool-6-thread-4] DEBUG c.h.p.o.d.StatefulSetResource - [helmroll] Desired StatefulSet (1 replicas) for status RUNNING (READY)
2025-01-29 14:02:05,011 INFO c.h.h.t.HelmChartContainer - [hivemq-test-hivemq-platform] [hivemq-platform-operator] [5b920660] 14:02:05.001 [ReconcilerExecutor-hivemq-controller-153] INFO  c.h.p.o.HiveMQPlatformReconciler - [helmroll] Reconciling HiveMQ Platform 'test-hivemq-platform' in namespace 'helmrollingupgradeplatformit'
2025-01-29 14:02:05,011 INFO c.h.h.t.HelmChartContainer - [hivemq-test-hivemq-platform] [hivemq-platform-operator] [5b920660] 14:02:05.001 [ReconcilerExecutor-hivemq-controller-153] DEBUG c.h.p.o.HiveMQPlatformReconciler - [helmroll] Custom Resource Status RUNNING - HiveMQ Platform is ready (READY)
2025-01-29 14:02:05,011 INFO c.h.h.t.HelmChartContainer - [hivemq-test-hivemq-platform] [hivemq-platform-operator] [5b920660] 14:02:05.002 [ReconcilerExecutor-hivemq-controller-153] DEBUG c.h.p.o.HiveMQPlatformReconciler - [helmroll] Custom Resource Spec (replicas: 1) (extensions: 1)
2025-01-29 14:02:05,011 INFO c.h.h.t.HelmChartContainer - [hivemq-test-hivemq-platform] [hivemq-platform-operator] [5b920660] 14:02:05.004 [ReconcilerExecutor-hivemq-controller-153] DEBUG c.h.p.o.HiveMQPlatformReconciler - [helmroll] StatefulSet Status (revision: test-hivemq-platform-945c6dcb4, replicas: 2, available: 1, ready: 1, current: 0, updated: 1)
2025-01-29 14:02:05,011 INFO c.h.h.t.HelmChartContainer - [hivemq-test-hivemq-platform] [hivemq-platform-operator] [5b920660] 14:02:05.004 [ReconcilerExecutor-hivemq-controller-153] DEBUG c.h.p.o.HiveMQPlatformReconciler - [helmroll] StatefulSet Spec (replicas: 1, init containers: 1, containers: 1, volumes: 3)
2025-01-29 14:02:05,011 INFO c.h.h.t.HelmChartContainer - [hivemq-test-hivemq-platform] [hivemq-platform-operator] [5b920660] 14:02:05.006 [ReconcilerExecutor-hivemq-controller-153] DEBUG c.h.p.o.h.HiveMQPlatformReconcilerErrorHandler - [helmroll] Pod 'test-hivemq-platform-0' phase Running
2025-01-29 14:02:05,016 INFO c.h.h.t.HelmChartContainer - [hivemq-test-hivemq-platform] [hivemq-platform-operator] [5b920660] 14:02:05.010 [ReconcilerExecutor-hivemq-controller-154] INFO  c.h.p.o.HiveMQPlatformReconciler - [helmroll] Cleanup test-hivemq-platform - helmrollingupgradeplatformit HiveMQ Platform is shut down
2025-01-29 14:02:05,141 INFO c.h.h.t.HelmChartContainer - [K3S] [scope.go:117] "RemoveContainer" containerID="197e80a101a127a087764dfcdf92d644f68b5197426eb49ed6249eac4c60d2ca"
2025-01-29 14:02:05,161 INFO c.h.h.t.HelmChartContainer - [POD] test-hivemq-platform-1 [9f6d15fc-5e14-491e-a657-b7fb19232c48] in helmrollingupgradeplatformit was MODIFIED
2025-01-29 14:02:05,168 INFO c.h.h.t.HelmChartContainer - [POD] test-hivemq-platform-1 [9f6d15fc-5e14-491e-a657-b7fb19232c48] in helmrollingupgradeplatformit was DELETED
2025-01-29 14:02:05,188 INFO c.h.h.t.HelmChartContainer - [K3S] [kubelet_volumes.go:163] "Cleaned up orphaned pod volumes dir" podUID="9f6d15fc-5e14-491e-a657-b7fb19232c48" path="/var/lib/kubelet/pods/9f6d15fc-5e14-491e-a657-b7fb19232c48/volumes"
2025-01-29 14:02:05,254 INFO c.h.h.t.HelmChartContainer - [K3S] [scope.go:117] "RemoveContainer" containerID="be6a05ba2c2763d8d09b7cbe84385f01065f467a243646aee83c4f67361b1d53"
2025-01-29 14:02:05,257 INFO c.h.h.t.HelmChartContainer - [K3S] [scope.go:117] "RemoveContainer" containerID="197e80a101a127a087764dfcdf92d644f68b5197426eb49ed6249eac4c60d2ca"
2025-01-29 14:02:05,258 INFO c.h.h.t.HelmChartContainer - [K3S] [scope.go:117] "RemoveContainer" containerID="be6a05ba2c2763d8d09b7cbe84385f01065f467a243646aee83c4f67361b1d53"
2025-01-29 14:02:05,420 INFO c.h.h.t.HelmChartContainer - [test-hivemq-platform] [hivemq] [dd1f9035] INFO  - [HiveMQ Platform Operator Init App 1.7.0-SNAPSHOT] Returning Health API response 200 for liveness
2025-01-29 14:02:05,823 INFO c.h.h.t.HelmChartContainer - [POD] test-hivemq-platform-0 [dd1f9035-ce24-401d-9a5f-4cf286ead735] in helmrollingupgradeplatformit was MODIFIED
2025-01-29 14:02:05,827 INFO c.h.h.t.HelmChartContainer - [EVENT] Normal [Killing] Stopping container hivemq [helmrollingupgradeplatformit:test-hivemq-platform-0]
2025-01-29 14:02:05,828 INFO c.h.h.t.HelmChartContainer - Received Killing event for container hivemq in pod test-hivemq-platform-0 [dd1f9035-ce24-401d-9a5f-4cf286ead735]
2025-01-29 14:02:05,828 INFO c.h.h.t.HelmChartContainer - Container [test-hivemq-platform-0] [hivemq] [dd1f9035-ce24-401d-9a5f-4cf286ead735] was terminated
2025-01-29 14:02:05,828 INFO c.h.h.t.HelmChartContainer - Stopped log watcher for hivemq in pod test-hivemq-platform-0 [dd1f9035-ce24-401d-9a5f-4cf286ead735]
2025-01-29 14:02:05,835 INFO c.h.h.t.HelmChartContainer - [test-hivemq-platform] [hivemq] [dd1f9035] INFO  - [HiveMQ Platform Operator Init App 1.7.0-SNAPSHOT] Shutting down
2025-01-29 14:02:05,835 INFO c.h.h.t.HelmChartContainer - [test-hivemq-platform] [hivemq] [dd1f9035] INFO  - [HiveMQ Platform Operator Init App 1.7.0-SNAPSHOT] Stopping the HiveMQ Platform
2025-01-29 14:02:05,931 INFO c.h.h.t.HelmChartContainer - [test-hivemq-platform] [hivemq] [dd1f9035] INFO  - Shutting down HiveMQ. Please wait, this could take a while...
2025-01-29 14:02:05,934 INFO c.h.h.t.HelmChartContainer - [test-hivemq-platform] [hivemq] [dd1f9035] INFO  - Shutting down listeners and clients
2025-01-29 14:02:05,935 INFO c.h.h.t.HelmChartContainer - [test-hivemq-platform] [hivemq] [dd1f9035] INFO  - Shutdown of listeners is done
2025-01-29 14:02:05,935 INFO c.h.h.t.HelmChartContainer - [test-hivemq-platform] [hivemq] [dd1f9035] INFO  - No clients are connected, proceeding with shutdown
2025-01-29 14:02:07,140 INFO c.h.h.t.HelmChartContainer - Deleting namespace 'helmrollingupgradeplatformit'...
2025-01-29 14:02:08,637 INFO c.h.h.t.HelmChartContainer - [test-hivemq-platform] [hivemq] [dd1f9035] INFO  - [HiveMQ Platform Operator Init App 1.7.0-SNAPSHOT] Returning shutdown Health API response 503 for readiness
2025-01-29 14:02:08,641 INFO c.h.h.t.HelmChartContainer - [EVENT] Warning [Unhealthy] Readiness probe failed: HTTP probe failed with statuscode: 503 [helmrollingupgradeplatformit:test-hivemq-platform-0]
2025-01-29 14:02:08,642 INFO c.h.h.t.HelmChartContainer - Received Unhealthy event for container hivemq in pod test-hivemq-platform-0 [dd1f9035-ce24-401d-9a5f-4cf286ead735]
2025-01-29 14:02:09,067 INFO c.h.h.t.HelmChartContainer - [test-hivemq-platform] [hivemq] [dd1f9035] INFO  - Shutting down extension system
2025-01-29 14:02:09,069 INFO c.h.h.t.HelmChartContainer - [test-hivemq-platform] [hivemq] [dd1f9035] INFO  - Stopping extension with id hivemq-dns-cluster-discovery
2025-01-29 14:02:09,070 INFO c.h.h.t.HelmChartContainer - [test-hivemq-platform] [hivemq] [dd1f9035] INFO  - Extension "DNS Cluster Discovery Extension" version 4.3.2 stopped successfully.
2025-01-29 14:02:09,070 INFO c.h.h.t.HelmChartContainer - [test-hivemq-platform] [hivemq] [dd1f9035] INFO  - Stopping extension with id hivemq-prometheus-extension
2025-01-29 14:02:09,074 INFO c.h.h.t.HelmChartContainer - [test-hivemq-platform] [hivemq] [dd1f9035] INFO  - Extension "Prometheus Monitoring Extension" version 4.0.12 stopped successfully.
2025-01-29 14:02:09,074 INFO c.h.h.t.HelmChartContainer - [test-hivemq-platform] [hivemq] [dd1f9035] INFO  - Stopping extension with id hivemq-allow-all-extension
2025-01-29 14:02:09,074 INFO c.h.h.t.HelmChartContainer - [test-hivemq-platform] [hivemq] [dd1f9035] INFO  - Extension "Allow All Extension" version 1.1.1 stopped successfully.
2025-01-29 14:02:09,171 INFO c.h.h.t.HelmChartContainer - [K3S] [authentication.go:74] "Unable to authenticate the request" err="[invalid bearer token, serviceaccounts \"hivemq-platform-pod-test-hivemq-platform\" not found]"
2025-01-29 14:02:09,256 INFO c.h.h.t.HelmChartContainer - [K3S] [authentication.go:74] "Unable to authenticate the request" err="[invalid bearer token, serviceaccounts \"hivemq-platform-pod-test-hivemq-platform\" not found]"
2025-01-29 14:02:09,269 INFO c.h.h.t.HelmChartContainer - [test-hivemq-platform] [hivemq] [dd1f9035] WARN  - [HiveMQ Platform Operator Init App 1.7.0-SNAPSHOT] Could not update Pod annotations: Failure executing: GET at: https://10.43.0.1:443/api/v1/namespaces/helmrollingupgradeplatformit/pods/test-hivemq-platform-0. Message: Unauthorized. Received status: Status(apiVersion=v1, code=401, details=null, kind=Status, message=Unauthorized, metadata=ListMeta(_continue=null, remainingItemCount=null, resourceVersion=null, selfLink=null, additionalProperties={}), reason=Unauthorized, status=Failure, additionalProperties={}).
2025-01-29 14:02:11,362 INFO c.h.h.t.HelmChartContainer - [test-hivemq-platform] [hivemq] [dd1f9035] INFO  - Shutdown completed.
2025-01-29 14:02:11,711 INFO c.h.h.t.HelmChartContainer - [test-hivemq-platform] [hivemq] [dd1f9035] INFO  - [HiveMQ Platform Operator Init App 1.7.0-SNAPSHOT] The HiveMQ Platform exited with code 143
2025-01-29 14:02:11,711 INFO c.h.h.t.HelmChartContainer - [test-hivemq-platform] [hivemq] [dd1f9035] INFO  - [HiveMQ Platform Operator Init App 1.7.0-SNAPSHOT] Stopping the REST API
2025-01-29 14:02:11,718 INFO c.h.h.t.HelmChartContainer - [test-hivemq-platform] [hivemq] [dd1f9035] INFO  - [HiveMQ Platform Operator Init App 1.7.0-SNAPSHOT] Shutdown complete
2025-01-29 14:02:12,162 INFO c.h.h.t.HelmChartContainer - [K3S] [pod_container_deletor.go:80] "Container not found in pod's containers" containerID="45e36aa51caa0cba50046153e0b5dfc271fd7943f42dfc61e2c2758dcb0f0d3e"
2025-01-29 14:02:12,175 INFO c.h.h.t.HelmChartContainer - [POD] test-hivemq-platform-0 [dd1f9035-ce24-401d-9a5f-4cf286ead735] in helmrollingupgradeplatformit was MODIFIED
2025-01-29 14:02:12,175 INFO c.h.h.t.HelmChartContainer - [K3S] [stateful_set.go:438] "Unhandled Error" err="error syncing StatefulSet helmrollingupgradeplatformit/test-hivemq-platform, requeuing: controllerrevisions.apps \"test-hivemq-platform-945c6dcb4\" is forbidden: unable to create new content in namespace helmrollingupgradeplatformit because it is being terminated"
2025-01-29 14:02:12,183 INFO c.h.h.t.HelmChartContainer - [K3S] [stateful_set.go:438] "Unhandled Error" err="error syncing StatefulSet helmrollingupgradeplatformit/test-hivemq-platform, requeuing: controllerrevisions.apps \"test-hivemq-platform-945c6dcb4\" is forbidden: unable to create new content in namespace helmrollingupgradeplatformit because it is being terminated"
2025-01-29 14:02:12,196 INFO c.h.h.t.HelmChartContainer - [K3S] [stateful_set.go:438] "Unhandled Error" err="error syncing StatefulSet helmrollingupgradeplatformit/test-hivemq-platform, requeuing: controllerrevisions.apps \"test-hivemq-platform-945c6dcb4\" is forbidden: unable to create new content in namespace helmrollingupgradeplatformit because it is being terminated"
2025-01-29 14:02:12,201 INFO c.h.h.t.HelmChartContainer - [K3S] [stateful_set.go:466] "StatefulSet has been deleted" key="helmrollingupgradeplatformit/test-hivemq-platform"
2025-01-29 14:02:12,217 INFO c.h.h.t.HelmChartContainer - [K3S] [stateful_set.go:466] "StatefulSet has been deleted" key="helmrollingupgradeplatformit/test-hivemq-platform"
2025-01-29 14:02:12,238 INFO c.h.h.t.HelmChartContainer - [K3S] [reconciler_common.go:162] "operationExecutor.UnmountVolume started for volume \"kube-api-access-g6khw\" (UniqueName: \"kubernetes.io/projected/dd1f9035-ce24-401d-9a5f-4cf286ead735-kube-api-access-g6khw\") pod \"dd1f9035-ce24-401d-9a5f-4cf286ead735\" (UID: \"dd1f9035-ce24-401d-9a5f-4cf286ead735\") "
2025-01-29 14:02:12,238 INFO c.h.h.t.HelmChartContainer - [K3S] [reconciler_common.go:162] "operationExecutor.UnmountVolume started for volume \"operator-init\" (UniqueName: \"kubernetes.io/empty-dir/dd1f9035-ce24-401d-9a5f-4cf286ead735-operator-init\") pod \"dd1f9035-ce24-401d-9a5f-4cf286ead735\" (UID: \"dd1f9035-ce24-401d-9a5f-4cf286ead735\") "
2025-01-29 14:02:12,238 INFO c.h.h.t.HelmChartContainer - [K3S] [reconciler_common.go:162] "operationExecutor.UnmountVolume started for volume \"broker-configuration\" (UniqueName: \"kubernetes.io/configmap/dd1f9035-ce24-401d-9a5f-4cf286ead735-broker-configuration\") pod \"dd1f9035-ce24-401d-9a5f-4cf286ead735\" (UID: \"dd1f9035-ce24-401d-9a5f-4cf286ead735\") "
2025-01-29 14:02:12,240 INFO c.h.h.t.HelmChartContainer - [K3S] [reconciler_common.go:162] "operationExecutor.UnmountVolume started for volume \"pod-info\" (UniqueName: \"kubernetes.io/configmap/dd1f9035-ce24-401d-9a5f-4cf286ead735-pod-info\") pod \"dd1f9035-ce24-401d-9a5f-4cf286ead735\" (UID: \"dd1f9035-ce24-401d-9a5f-4cf286ead735\") "
2025-01-29 14:02:12,338 INFO c.h.h.t.HelmChartContainer - [K3S] [reconciler_common.go:299] "Volume detached for volume \"kube-api-access-g6khw\" (UniqueName: \"kubernetes.io/projected/dd1f9035-ce24-401d-9a5f-4cf286ead735-kube-api-access-g6khw\") on node \"c7a6e7e9301f\" DevicePath \"\""
2025-01-29 14:02:12,338 INFO c.h.h.t.HelmChartContainer - [K3S] [reconciler_common.go:299] "Volume detached for volume \"operator-init\" (UniqueName: \"kubernetes.io/empty-dir/dd1f9035-ce24-401d-9a5f-4cf286ead735-operator-init\") on node \"c7a6e7e9301f\" DevicePath \"\""
2025-01-29 14:02:12,338 INFO c.h.h.t.HelmChartContainer - [K3S] [reconciler_common.go:299] "Volume detached for volume \"broker-configuration\" (UniqueName: \"kubernetes.io/configmap/dd1f9035-ce24-401d-9a5f-4cf286ead735-broker-configuration\") on node \"c7a6e7e9301f\" DevicePath \"\""
2025-01-29 14:02:12,338 INFO c.h.h.t.HelmChartContainer - [K3S] [reconciler_common.go:299] "Volume detached for volume \"pod-info\" (UniqueName: \"kubernetes.io/configmap/dd1f9035-ce24-401d-9a5f-4cf286ead735-pod-info\") on node \"c7a6e7e9301f\" DevicePath \"\""
2025-01-29 14:02:12,424 INFO c.h.h.t.HelmChartContainer - [K3S] [namespace_controller.go:164] "Unhandled Error" err="deletion of namespace helmrollingupgradeplatformit failed: unexpected items still remain in namespace: helmrollingupgradeplatformit for gvr: /v1, Resource=pods"
2025-01-29 14:02:12,601 INFO c.h.h.t.HelmChartContainer - [K3S] [namespace_controller.go:164] "Unhandled Error" err="deletion of namespace helmrollingupgradeplatformit failed: unexpected items still remain in namespace: helmrollingupgradeplatformit for gvr: /v1, Resource=pods"
2025-01-29 14:02:12,734 INFO c.h.h.t.HelmChartContainer - [K3S] [namespace_controller.go:164] "Unhandled Error" err="deletion of namespace helmrollingupgradeplatformit failed: unexpected items still remain in namespace: helmrollingupgradeplatformit for gvr: /v1, Resource=pods"
2025-01-29 14:02:12,874 INFO c.h.h.t.HelmChartContainer - [K3S] [namespace_controller.go:164] "Unhandled Error" err="deletion of namespace helmrollingupgradeplatformit failed: unexpected items still remain in namespace: helmrollingupgradeplatformit for gvr: /v1, Resource=pods"
2025-01-29 14:02:13,035 INFO c.h.h.t.HelmChartContainer - [K3S] [namespace_controller.go:164] "Unhandled Error" err="deletion of namespace helmrollingupgradeplatformit failed: unexpected items still remain in namespace: helmrollingupgradeplatformit for gvr: /v1, Resource=pods"
2025-01-29 14:02:13,178 INFO c.h.h.t.HelmChartContainer - [POD] test-hivemq-platform-0 [dd1f9035-ce24-401d-9a5f-4cf286ead735] in helmrollingupgradeplatformit was MODIFIED
2025-01-29 14:02:13,180 INFO c.h.h.t.HelmChartContainer - [POD] test-hivemq-platform-0 [dd1f9035-ce24-401d-9a5f-4cf286ead735] in helmrollingupgradeplatformit was DELETED
2025-01-29 14:02:13,191 INFO c.h.h.t.HelmChartContainer - [K3S] [kubelet_volumes.go:163] "Cleaned up orphaned pod volumes dir" podUID="dd1f9035-ce24-401d-9a5f-4cf286ead735" path="/var/lib/kubelet/pods/dd1f9035-ce24-401d-9a5f-4cf286ead735/volumes"
2025-01-29 14:02:13,257 INFO c.h.h.t.HelmChartContainer - [K3S] [namespace_controller.go:164] "Unhandled Error" err="deletion of namespace helmrollingupgradeplatformit failed: unexpected items still remain in namespace: helmrollingupgradeplatformit for gvr: /v1, Resource=pods"
2025-01-29 14:02:13,575 INFO c.h.h.t.HelmChartContainer - Namespace 'helmrollingupgradeplatformit' deleted
2025-01-29 14:02:13,575 INFO c.h.h.t.HelmChartContainer - Release 'test-hivemq-platform' in namespace 'helmrollingupgradeplatformit' is uninstalled
2025-01-29 14:02:13,575 INFO c.h.h.t.HelmChartContainer - Uninstalling release 'test-hivemq-platform-operator' in namespace 'helmrollingupgradeplatformit-operator'...
2025-01-29 14:02:13,575 DEBUG c.h.h.t.HelmChartContainer - Executing helm command: /bin/helm --kubeconfig /etc/rancher/k3s/k3s.yaml uninstall test-hivemq-platform-operator  --wait --timeout 5m0s --cascade foreground --namespace helmrollingupgradeplatformit-operator
2025-01-29 14:02:13,735 INFO c.h.h.t.HelmChartContainer - [K3S] [replica_set.go:679] "Finished syncing" kind="ReplicaSet" key="helmrollingupgradeplatformit-operator/hivemq-test-hivemq-platform-operator-6966f96d65" duration="9.565507ms"
2025-01-29 14:02:13,735 INFO c.h.h.t.HelmChartContainer - [K3S] [replica_set.go:679] "Finished syncing" kind="ReplicaSet" key="helmrollingupgradeplatformit-operator/hivemq-test-hivemq-platform-operator-6966f96d65" duration="35.517µs"
2025-01-29 14:02:13,742 INFO c.h.h.t.HelmChartContainer - [POD] hivemq-test-hivemq-platform-operator-6966f96d65-2fd9p [5b920660-d568-46c0-9d66-521174e50b63] in helmrollingupgradeplatformit-operator was MODIFIED
2025-01-29 14:02:13,756 INFO c.h.h.t.HelmChartContainer - [hivemq-test-hivemq-platform] [hivemq-platform-operator] [5b920660] 14:02:13.754 [application-shutdown-thread] INFO  c.h.p.o.HiveMQPlatformOperatorApplication - HiveMQ Platform Operator is stopping...
2025-01-29 14:02:13,756 INFO c.h.h.t.HelmChartContainer - [hivemq-test-hivemq-platform] [hivemq-platform-operator] [5b920660] 14:02:13.754 [application-shutdown-thread] INFO  i.javaoperatorsdk.operator.Operator - Operator SDK 4.9.7 is shutting down...
2025-01-29 14:02:13,759 INFO c.h.h.t.HelmChartContainer - [EVENT] Normal [Killing] Stopping container hivemq-platform-operator [helmrollingupgradeplatformit-operator:hivemq-test-hivemq-platform-operator-6966f96d65-2fd9p]
2025-01-29 14:02:13,759 INFO c.h.h.t.HelmChartContainer - Received Killing event for container hivemq-platform-operator in pod hivemq-test-hivemq-platform-operator-6966f96d65-2fd9p [5b920660-d568-46c0-9d66-521174e50b63]
2025-01-29 14:02:13,759 INFO c.h.h.t.HelmChartContainer - Container [hivemq-test-hivemq-platform-operator-6966f96d65-2fd9p] [hivemq-platform-operator] [5b920660-d568-46c0-9d66-521174e50b63] was terminated
2025-01-29 14:02:13,759 INFO c.h.h.t.HelmChartContainer - Stopped log watcher for hivemq-platform-operator in pod hivemq-test-hivemq-platform-operator-6966f96d65-2fd9p [5b920660-d568-46c0-9d66-521174e50b63]
2025-01-29 14:02:13,768 INFO c.h.h.t.HelmChartContainer - [K3S] [replica_set.go:679] "Finished syncing" kind="ReplicaSet" key="helmrollingupgradeplatformit-operator/hivemq-test-hivemq-platform-operator-6966f96d65" duration="25.547904ms"
2025-01-29 14:02:13,769 INFO c.h.h.t.HelmChartContainer - [K3S] [replica_set.go:679] "Finished syncing" kind="ReplicaSet" key="helmrollingupgradeplatformit-operator/hivemq-test-hivemq-platform-operator-6966f96d65" duration="49.283µs"
2025-01-29 14:02:14,286 INFO c.h.h.t.HelmChartContainer - [K3S] [replica_set.go:679] "Finished syncing" kind="ReplicaSet" key="helmrollingupgradeplatformit-operator/hivemq-test-hivemq-platform-operator-6966f96d65" duration="44.413µs"
2025-01-29 14:02:14,287 INFO c.h.h.t.HelmChartContainer - [POD] hivemq-test-hivemq-platform-operator-6966f96d65-2fd9p [5b920660-d568-46c0-9d66-521174e50b63] in helmrollingupgradeplatformit-operator was MODIFIED
2025-01-29 14:02:14,347 INFO c.h.h.t.HelmChartContainer - [K3S] [reconciler_common.go:162] "operationExecutor.UnmountVolume started for volume \"kube-api-access-xtwc4\" (UniqueName: \"kubernetes.io/projected/5b920660-d568-46c0-9d66-521174e50b63-kube-api-access-xtwc4\") pod \"5b920660-d568-46c0-9d66-521174e50b63\" (UID: \"5b920660-d568-46c0-9d66-521174e50b63\") "
2025-01-29 14:02:14,447 INFO c.h.h.t.HelmChartContainer - [K3S] [reconciler_common.go:299] "Volume detached for volume \"kube-api-access-xtwc4\" (UniqueName: \"kubernetes.io/projected/5b920660-d568-46c0-9d66-521174e50b63-kube-api-access-xtwc4\") on node \"c7a6e7e9301f\" DevicePath \"\""
2025-01-29 14:02:15,166 INFO c.h.h.t.HelmChartContainer - [K3S] [scope.go:117] "RemoveContainer" containerID="876c99ca4fa3bd0a874ac63af3412e059dc65aad4e5f8afd412ad91aeddd6328"
2025-01-29 14:02:15,170 INFO c.h.h.t.HelmChartContainer - [K3S] [scope.go:117] "RemoveContainer" containerID="876c99ca4fa3bd0a874ac63af3412e059dc65aad4e5f8afd412ad91aeddd6328"
2025-01-29 14:02:15,179 INFO c.h.h.t.HelmChartContainer - [K3S] [replica_set.go:679] "Finished syncing" kind="ReplicaSet" key="helmrollingupgradeplatformit-operator/hivemq-test-hivemq-platform-operator-6966f96d65" duration="45.846µs"
2025-01-29 14:02:15,179 INFO c.h.h.t.HelmChartContainer - [POD] hivemq-test-hivemq-platform-operator-6966f96d65-2fd9p [5b920660-d568-46c0-9d66-521174e50b63] in helmrollingupgradeplatformit-operator was MODIFIED
2025-01-29 14:02:15,182 INFO c.h.h.t.HelmChartContainer - [K3S] [replica_set.go:679] "Finished syncing" kind="ReplicaSet" key="helmrollingupgradeplatformit-operator/hivemq-test-hivemq-platform-operator-6966f96d65" duration="33.823µs"
2025-01-29 14:02:15,182 INFO c.h.h.t.HelmChartContainer - [POD] hivemq-test-hivemq-platform-operator-6966f96d65-2fd9p [5b920660-d568-46c0-9d66-521174e50b63] in helmrollingupgradeplatformit-operator was DELETED
2025-01-29 14:02:15,187 INFO c.h.h.t.HelmChartContainer - [K3S] [kubelet_volumes.go:163] "Cleaned up orphaned pod volumes dir" podUID="5b920660-d568-46c0-9d66-521174e50b63" path="/var/lib/kubelet/pods/5b920660-d568-46c0-9d66-521174e50b63/volumes"
2025-01-29 14:02:15,193 INFO c.h.h.t.HelmChartContainer - [K3S] [replica_set.go:679] "Finished syncing" kind="ReplicaSet" key="helmrollingupgradeplatformit-operator/hivemq-test-hivemq-platform-operator-6966f96d65" duration="5.921µs"
2025-01-29 14:02:15,793 INFO c.h.h.t.HelmChartContainer - Deleting namespace 'helmrollingupgradeplatformit-operator'...
2025-01-29 14:02:17,394 INFO c.h.h.t.HelmChartContainer - [K3S] [scope.go:117] "RemoveContainer" containerID="a7171155f27400f0f85968f5c727e94ab6741024a4e9844743436f0cb71aaa78"
2025-01-29 14:02:17,397 INFO c.h.h.t.HelmChartContainer - [K3S] [scope.go:117] "RemoveContainer" containerID="69ee6cedf48603f5a893d8617649ec1f92508204141d919eca35cec3dcd0353b"
2025-01-29 14:02:18,544 INFO c.h.h.t.HelmChartContainer - [K3S] [namespace_controller.go:187] "Namespace has been deleted" namespace="helmrollingupgradeplatformit"
2025-01-29 14:02:21,011 INFO c.h.h.t.HelmChartContainer - Namespace 'helmrollingupgradeplatformit-operator' deleted
2025-01-29 14:02:21,012 INFO c.h.h.t.HelmChartContainer - Release 'test-hivemq-platform-operator' in namespace 'helmrollingupgradeplatformit-operator' is uninstalled
2025-01-29 14:02:21,572 INFO c.h.helmcharts.AbstractHelmChartIT - Removed unused containers:

2025-01-29 14:02:25,950 INFO c.h.h.t.HelmChartContainer - [K3S] [namespace_controller.go:187] "Namespace has been deleted" namespace="helmrollingupgradeplatformit-operator"
2025-01-29 14:02:30,477 INFO c.h.helmcharts.AbstractHelmChartIT - Removed unused snapshots:
Removing snapshot sha256:026a712f86a389a5fd74927b58e3b9c46d97b4685244a93cf8afd5dd2d926256
Removing snapshot sha256:03af251906410714c5aef9fa705b63f6bbc39c4a5e787de7361eeb18886c2ed2
Removing snapshot sha256:04586d725303b4dcbc0cdc42a56e7852bc8859e90a3b42def5c29ab6c5b2378a
Removing snapshot sha256:0c46b3b43cce082ce5ec34ffc6c294e0417d17b9d1e6f366d114b6aadc4f96dc
Removing snapshot sha256:0ce761beee59082d6ed5bcebd3a805b8ddd9b3426b617e4809e7fb7c6587ffec
Removing snapshot sha256:0df91287303208332c8ff6ba40ae4710105201739addbfbddfb955f1ad593664
Removing snapshot sha256:1021ef88c7974bfff89c5a0ec4fd3160daac6c48a075f74cff721f85dd104e68
Removing snapshot sha256:10aba4953ddc18145dd38e3704709bc464aa20af60b56fe52caaff4b68411e62
Removing snapshot sha256:12fcdb97878a8124028dd759e7639b77bca16c0f46aabea18189ae25af2554ab
Removing snapshot sha256:2573e0d8158209ed54ab25c87bcdcb00bd3d2539246960a3d592a1c599d70465
Removing snapshot sha256:286c6d1b0e6c51af6a5a1c58a83f85890b8007afdf96b6f16e35ed9ecd814db1
Removing snapshot sha256:362a8a37f8bbc31925a8146adcf7cf51f9882f5c1dcbef67c5baa03a297543c0
Removing snapshot sha256:3fa4ad33f0ddc8fd45b39b6b4640f82a3a83619606cd975bfe89d8710ad2d4cd
Removing snapshot sha256:43a7c979bbaba6838bc3102d6b10a1459f3ab050b87ccdfef84ef90cf43d3058
Removing snapshot sha256:4ab04491cdf0d3267f08206fe30bd48f49f94b9cab2f016d6739220f722a64af
Removing snapshot sha256:4b6068250e89c96f263060261819c7d912855bfbd64b3eb4c4a8483299b8c295
Removing snapshot sha256:54760460dde328a0df5fb97426e3821ea3128f2a777231b6e8478cdaf84d50a9
Removing snapshot sha256:580e69a0a8034ede1921139bbd2bfb72a69ebf276d008281896c32dd8bf74775
Removing snapshot sha256:5ad32423e4b556ca23e4a282f00b6c28ba2ec8ad2b7822350a080868a3597d3e
Removing snapshot sha256:5d30ba46b27fe37484567ccc5242cadc78217b8da605f3f195ef25cbf7487904
Removing snapshot sha256:63ca1fbb43ae5034640e5e6cb3e083e05c290072c5366fcaa9d62435a4cced85
Removing snapshot sha256:67f702c6baae873bceb19487c8b1f27bd2b86077e4f2f0e480e6d60ab508b8f5
Removing snapshot sha256:6864348dd42806d552efdec384f1274be15e2d0c10ce44c1f04347af004c10a9
Removing snapshot sha256:6b6a1f10cca10ea08499c191fc025406a23858de44f58930b06dc6608ff034e5
Removing snapshot sha256:6c7dee8f2c39b84b7dc2711c01d33de93514d9055499173e9290176fbe484b6c
Removing snapshot sha256:7b2aa6aba803f974c0e42821c12d550dab643cfde5b2ae9d51d0ce8c21e36e85
Removing snapshot sha256:82753493a6d61ded36556292f02f31841a14c20d2f279f19eaad65afb661d5cd
Removing snapshot sha256:864b5aea8998cbdeb5d7da4a85ef432f326873b9b2d2e80daa472058cca765c4
Removing snapshot sha256:8a10d3db42c505ee0fcfa98417bdd7e39b304f6bcc0a06bb1b220797ff2cc63c
Removing snapshot sha256:a21e5b12dbac529ad45d976eb9ce45c881f3bedcc500fb30aba1e52aa1813418
Removing snapshot sha256:b921e6c28969094157f9b8e7244677780319637afd14450b7cb6b2fdea558a0c
Removing snapshot sha256:bc27ecb5769a00e309cf99ebc763c4a4b958b618d1decc96ffac5bc05f02f5b7
Removing snapshot sha256:be3ccb6627a5332e309d45ef461d09b4879dd870c7394d89323d0ebc6ca6aa8a
Removing snapshot sha256:c261f7cbbc64211ee175ee47273acdb7b1a36a4450b397a064a8f2c026490095
Removing snapshot sha256:c34d9393647eea0c9e3557ab988efaf59f61d10a2a5613b439ef0958cca5ec10
Removing snapshot sha256:ccf3c4a0fa967a41c1c83497a2ce6fa5787965859df0adb32c4ca2cf7490bc2b
Removing snapshot sha256:cf92d33f869417309692088c341cd0f223c178ea78a125f757317b22aa8f90e9
Removing snapshot sha256:d0037344cf2fb078884f1849f6a1f8cf9a33a3b6139b6a85833e5ee528e1f9a8
Removing snapshot sha256:d3b36d5b79273b1e98e7700470eaeff05a882e777124d84cebcc1505b85ecb36
Removing snapshot sha256:d65a44a37914602d12c611e5e22a50f11451d847e63015cc1c2aef92dee777a4
Removing snapshot sha256:e2dc0bae2455930f23ae570e019b7f32edc75c0f2d71cab084db837ff9051796
Removing snapshot sha256:eccbd24a99c60cd9e86ee5305dbfc4a4dc89f5ab4fb1f06c8d64797cecedef34
Removing snapshot sha256:f144bb4c7c7f0d2aa7eeffd36d934ec40db1ee167be727e326aad9fdc616f475

]]></system-out>
  </testcase>
  <system-out><![CDATA[2025-01-29 13:58:45,258 INFO c.h.h.t.HelmChartContainerExtension - Using cached HelmChartContainer instance
]]></system-out>
  <system-err><![CDATA[]]></system-err>
</testsuite>
