<?xml version="1.0" encoding="UTF-8"?>
<testsuite name="com.hivemq.helmcharts.containers.HelmInitContainerIT" tests="2" skipped="0" failures="0" errors="0" timestamp="2025-09-29T09:42:24" hostname="runnervm3ublj" time="195.769">
  <properties/>
  <testcase name="whenAdditionalInitContainer_withConsulTemplate_thenLicenseUpdated()" classname="com.hivemq.helmcharts.containers.HelmInitContainerIT" time="106.24"/>
  <testcase name="withOverrideInitContainer_hivemqRunningWithVolumeMounts()" classname="com.hivemq.helmcharts.containers.HelmInitContainerIT" time="89.528"/>
</testsuite>
