<?xml version="1.0" encoding="UTF-8"?>
<testsuite name="com.hivemq.helmcharts.license.HelmBrokerLicensesIT" tests="2" skipped="0" failures="0" errors="0" timestamp="2025-03-14T16:34:23" hostname="fv-az802-384" time="204.085">
  <properties/>
  <testcase name="withExistingBrokerLicenseSecret_statefulSetWithLicenseSecretMounted()" classname="com.hivemq.helmcharts.license.HelmBrokerLicensesIT" time="104.745"/>
  <testcase name="withBrokerLicenseFileContent_statefulSetWithLicenseSecretMounted()" classname="com.hivemq.helmcharts.license.HelmBrokerLicensesIT" time="99.339"/>
</testsuite>
