<?xml version="1.0" encoding="UTF-8"?>
<testsuite name="com.hivemq.helmcharts.ExtensionInstallationIT" tests="1" skipped="0" failures="0" errors="0" timestamp="2025-03-22T03:13:02" hostname="fv-az1278-952" time="129.676">
  <properties/>
  <testcase name="withLogExtensionConfiguration_hivemqRunning()" classname="com.hivemq.helmcharts.ExtensionInstallationIT" time="129.676"/>
</testsuite>
