<?xml version="1.0" encoding="UTF-8"?>
<testsuite name="com.hivemq.helmcharts.ExtensionInstallationIT" tests="1" skipped="0" failures="0" errors="0" timestamp="2025-09-25T12:25:22" hostname="runnervm3ublj" time="135.75">
  <properties/>
  <testcase name="withLogExtensionConfiguration_hivemqRunning()" classname="com.hivemq.helmcharts.ExtensionInstallationIT" time="135.75"/>
</testsuite>
