<?xml version="1.0" encoding="UTF-8"?>
<testsuite name="com.hivemq.helmcharts.services.CustomClusterDomainNameIT" tests="1" skipped="0" failures="0" errors="0" timestamp="2025-01-29T01:04:48" hostname="fv-az1913-783" time="101.466">
  <properties/>
  <testcase name="whenK8sHasCustomClusterDomainName_thenServicesAreRunning()" classname="com.hivemq.helmcharts.services.CustomClusterDomainNameIT" time="101.466">
    <system-out><![CDATA[2025-01-29 01:04:48,770 INFO c.h.h.t.HelmChartContainer - Creating namespace 'customclusterdomainnameit-operator'...
2025-01-29 01:04:48,814 INFO c.h.h.t.HelmChartContainer - [POD] coredns-ff8999cc5-k4nnx [f7787eaf-5e53-4772-9e8e-cc9d06ebf708] in kube-system was ADDED
2025-01-29 01:04:48,815 INFO c.h.h.t.HelmChartContainer - [POD] local-path-provisioner-698b58967b-jb9jz [9d6334ee-56a9-43a7-9469-4f7924ed219b] in kube-system was ADDED
2025-01-29 01:04:48,816 INFO c.h.h.t.HelmChartContainer - [POD] metrics-server-8584b5786c-6whn5 [1819bded-2029-4602-93b4-054222889403] in kube-system was ADDED
2025-01-29 01:04:48,830 INFO c.h.h.t.HelmChartContainer - Namespace 'customclusterdomainnameit-operator' created
2025-01-29 01:04:48,830 INFO c.h.h.t.HelmChartContainer - Creating namespace 'customclusterdomainnameit'...
2025-01-29 01:04:48,928 INFO c.h.h.t.HelmChartContainer - Namespace 'customclusterdomainnameit' created
2025-01-29 01:04:48,994 DEBUG c.h.h.t.HelmChartContainer - Executing helm command: /bin/helm --kubeconfig /etc/rancher/k3s/k3s.yaml install test-hivemq-platform-operator /charts/hivemq-platform-operator --wait --timeout 5m0s --set image.repository=docker.io/hivemq --set image.name=hivemq-platform-operator-test --set image.initImageName=hivemq-platform-operator-init-test --set image.tag=snapshot --set image.pullPolicy=Never --set logLevel=DEBUG --set resources.cpu=512m --namespace customclusterdomainnameit-operator
2025-01-29 01:04:51,345 INFO c.h.h.t.HelmChartContainer - [K3S] [alloc.go:330] "allocated clusterIPs" service="customclusterdomainnameit-operator/hivemq-platform-operator-test-hivemq-platform-operator" clusterIPs={"IPv4":"10.43.226.83"}
2025-01-29 01:04:51,362 INFO c.h.h.t.HelmChartContainer - [EVENT] Normal [ScalingReplicaSet] Scaled up replica set hivemq-test-hivemq-platform-operator-6966f96d65 from 0 to 1 [customclusterdomainnameit-operator:hivemq-test-hivemq-platform-operator]
2025-01-29 01:04:51,366 INFO c.h.h.t.HelmChartContainer - [POD] hivemq-test-hivemq-platform-operator-6966f96d65-bgjvm [3d906fec-a949-4b56-a7a5-b924859c4b10] in customclusterdomainnameit-operator was ADDED
2025-01-29 01:04:51,372 INFO c.h.h.t.HelmChartContainer - [POD] hivemq-test-hivemq-platform-operator-6966f96d65-bgjvm [3d906fec-a949-4b56-a7a5-b924859c4b10] in customclusterdomainnameit-operator was MODIFIED
2025-01-29 01:04:51,374 INFO c.h.h.t.HelmChartContainer - [EVENT] Normal [SuccessfulCreate] Created pod: hivemq-test-hivemq-platform-operator-6966f96d65-bgjvm [customclusterdomainnameit-operator:hivemq-test-hivemq-platform-operator-6966f96d65]
2025-01-29 01:04:51,379 INFO c.h.h.t.HelmChartContainer - [EVENT] Normal [Scheduled] Successfully assigned customclusterdomainnameit-operator/hivemq-test-hivemq-platform-operator-6966f96d65-bgjvm to 046d2bdb7c30 [customclusterdomainnameit-operator:hivemq-test-hivemq-platform-operator-6966f96d65-bgjvm]
2025-01-29 01:04:51,383 INFO c.h.h.t.HelmChartContainer - [K3S] [replica_set.go:679] "Finished syncing" kind="ReplicaSet" key="customclusterdomainnameit-operator/hivemq-test-hivemq-platform-operator-6966f96d65" duration="22.182697ms"
2025-01-29 01:04:51,390 INFO c.h.h.t.HelmChartContainer - [K3S] [replica_set.go:679] "Finished syncing" kind="ReplicaSet" key="customclusterdomainnameit-operator/hivemq-test-hivemq-platform-operator-6966f96d65" duration="8.195918ms"
2025-01-29 01:04:51,390 INFO c.h.h.t.HelmChartContainer - [K3S] [replica_set.go:679] "Finished syncing" kind="ReplicaSet" key="customclusterdomainnameit-operator/hivemq-test-hivemq-platform-operator-6966f96d65" duration="43.171µs"
2025-01-29 01:04:51,391 INFO c.h.h.t.HelmChartContainer - [K3S] [replica_set.go:679] "Finished syncing" kind="ReplicaSet" key="customclusterdomainnameit-operator/hivemq-test-hivemq-platform-operator-6966f96d65" duration="33.153µs"
2025-01-29 01:04:51,391 INFO c.h.h.t.HelmChartContainer - [POD] hivemq-test-hivemq-platform-operator-6966f96d65-bgjvm [3d906fec-a949-4b56-a7a5-b924859c4b10] in customclusterdomainnameit-operator was MODIFIED
2025-01-29 01:04:51,400 INFO c.h.h.t.HelmChartContainer - [K3S] [reconciler_common.go:251] "operationExecutor.VerifyControllerAttachedVolume started for volume \"kube-api-access-jtmsq\" (UniqueName: \"kubernetes.io/projected/3d906fec-a949-4b56-a7a5-b924859c4b10-kube-api-access-jtmsq\") pod \"hivemq-test-hivemq-platform-operator-6966f96d65-bgjvm\" (UID: \"3d906fec-a949-4b56-a7a5-b924859c4b10\") " pod="customclusterdomainnameit-operator/hivemq-test-hivemq-platform-operator-6966f96d65-bgjvm"
2025-01-29 01:04:51,764 INFO c.h.h.t.HelmChartContainer - [EVENT] Normal [Pulled] Container image "docker.io/hivemq/hivemq-platform-operator-test:snapshot" already present on machine [customclusterdomainnameit-operator:hivemq-test-hivemq-platform-operator-6966f96d65-bgjvm]
2025-01-29 01:04:51,764 INFO c.h.h.t.HelmChartContainer - Received Pulled event for container hivemq-platform-operator in pod hivemq-test-hivemq-platform-operator-6966f96d65-bgjvm [3d906fec-a949-4b56-a7a5-b924859c4b10]
2025-01-29 01:04:51,772 INFO c.h.h.t.HelmChartContainer - [EVENT] Normal [Created] Created container: hivemq-platform-operator [customclusterdomainnameit-operator:hivemq-test-hivemq-platform-operator-6966f96d65-bgjvm]
2025-01-29 01:04:51,772 INFO c.h.h.t.HelmChartContainer - Received Created event for container hivemq-platform-operator in pod hivemq-test-hivemq-platform-operator-6966f96d65-bgjvm [3d906fec-a949-4b56-a7a5-b924859c4b10]
2025-01-29 01:04:52,566 INFO c.h.h.t.HelmChartContainer - [K3S] [replica_set.go:679] "Finished syncing" kind="ReplicaSet" key="customclusterdomainnameit-operator/hivemq-test-hivemq-platform-operator-6966f96d65" duration="41.036µs"
2025-01-29 01:04:52,576 INFO c.h.h.t.HelmChartContainer - [POD] hivemq-test-hivemq-platform-operator-6966f96d65-bgjvm [3d906fec-a949-4b56-a7a5-b924859c4b10] in customclusterdomainnameit-operator was MODIFIED
2025-01-29 01:04:52,595 INFO c.h.h.t.HelmChartContainer - [EVENT] Normal [Started] Started container hivemq-platform-operator [customclusterdomainnameit-operator:hivemq-test-hivemq-platform-operator-6966f96d65-bgjvm]
2025-01-29 01:04:52,596 INFO c.h.h.t.HelmChartContainer - Received Started event for container hivemq-platform-operator in pod hivemq-test-hivemq-platform-operator-6966f96d65-bgjvm [3d906fec-a949-4b56-a7a5-b924859c4b10]
2025-01-29 01:04:52,596 INFO c.h.h.t.HelmChartContainer - Started log watcher for hivemq-platform-operator in pod hivemq-test-hivemq-platform-operator-6966f96d65-bgjvm [3d906fec-a949-4b56-a7a5-b924859c4b10]
2025-01-29 01:04:52,596 INFO c.h.h.t.HelmChartContainer - [hivemq-test-hivemq-platform] [hivemq-platform-operator] [3d906fec] -------------------------------------------------------------------------
2025-01-29 01:04:52,596 INFO c.h.h.t.HelmChartContainer - [hivemq-test-hivemq-platform] [hivemq-platform-operator] [3d906fec] 
2025-01-29 01:04:52,596 INFO c.h.h.t.HelmChartContainer - [hivemq-test-hivemq-platform] [hivemq-platform-operator] [3d906fec]                   _    _  _              __  __   ____
2025-01-29 01:04:52,596 INFO c.h.h.t.HelmChartContainer - [hivemq-test-hivemq-platform] [hivemq-platform-operator] [3d906fec]                  | |  | |(_)            |  \/  | / __ \
2025-01-29 01:04:52,596 INFO c.h.h.t.HelmChartContainer - [hivemq-test-hivemq-platform] [hivemq-platform-operator] [3d906fec]                  | |__| | _ __   __ ___ | \  / || |  | |
2025-01-29 01:04:52,596 INFO c.h.h.t.HelmChartContainer - [hivemq-test-hivemq-platform] [hivemq-platform-operator] [3d906fec]                  |  __  || |\ \ / // _ \| |\/| || |  | |
2025-01-29 01:04:52,596 INFO c.h.h.t.HelmChartContainer - [hivemq-test-hivemq-platform] [hivemq-platform-operator] [3d906fec]                  | |  | || | \ V /|  __/| |  | || |__| |
2025-01-29 01:04:52,596 INFO c.h.h.t.HelmChartContainer - [hivemq-test-hivemq-platform] [hivemq-platform-operator] [3d906fec]                  |_|  |_||_|  \_/  \___||_|  |_| \___\_\
2025-01-29 01:04:52,596 INFO c.h.h.t.HelmChartContainer - [hivemq-test-hivemq-platform] [hivemq-platform-operator] [3d906fec] 
2025-01-29 01:04:52,596 INFO c.h.h.t.HelmChartContainer - [hivemq-test-hivemq-platform] [hivemq-platform-operator] [3d906fec] -------------------------------------------------------------------------
2025-01-29 01:04:52,596 INFO c.h.h.t.HelmChartContainer - [hivemq-test-hivemq-platform] [hivemq-platform-operator] [3d906fec] 
2025-01-29 01:04:52,596 INFO c.h.h.t.HelmChartContainer - [hivemq-test-hivemq-platform] [hivemq-platform-operator] [3d906fec]   HiveMQ Platform Operator Start Script v1.0
2025-01-29 01:04:52,596 INFO c.h.h.t.HelmChartContainer - [hivemq-test-hivemq-platform] [hivemq-platform-operator] [3d906fec] 
2025-01-29 01:04:52,596 INFO c.h.h.t.HelmChartContainer - [hivemq-test-hivemq-platform] [hivemq-platform-operator] [3d906fec] -------------------------------------------------------------------------
2025-01-29 01:04:52,596 INFO c.h.h.t.HelmChartContainer - [hivemq-test-hivemq-platform] [hivemq-platform-operator] [3d906fec] 
2025-01-29 01:04:52,596 INFO c.h.h.t.HelmChartContainer - [hivemq-test-hivemq-platform] [hivemq-platform-operator] [3d906fec]   JAVA_OPTS: -XX:+UnlockExperimentalVMOptions -XX:InitialRAMPercentage=75 -XX:MaxRAMPercentage=75 -Duser.language=en -Duser.region=US
2025-01-29 01:04:52,596 INFO c.h.h.t.HelmChartContainer - [hivemq-test-hivemq-platform] [hivemq-platform-operator] [3d906fec] 
2025-01-29 01:04:52,596 INFO c.h.h.t.HelmChartContainer - [hivemq-test-hivemq-platform] [hivemq-platform-operator] [3d906fec]   JAVA_VERSION: 21
2025-01-29 01:04:52,596 INFO c.h.h.t.HelmChartContainer - [hivemq-test-hivemq-platform] [hivemq-platform-operator] [3d906fec] 
2025-01-29 01:04:52,596 INFO c.h.h.t.HelmChartContainer - [hivemq-test-hivemq-platform] [hivemq-platform-operator] [3d906fec] -------------------------------------------------------------------------
2025-01-29 01:04:52,596 INFO c.h.h.t.HelmChartContainer - [hivemq-test-hivemq-platform] [hivemq-platform-operator] [3d906fec] 
2025-01-29 01:04:55,159 INFO c.h.h.t.HelmChartContainer - [hivemq-test-hivemq-platform] [hivemq-platform-operator] [3d906fec] 01:04:55.157 [main] DEBUG org.jboss.logging - Logging Provider: org.jboss.logging.Slf4jLoggerProvider
2025-01-29 01:04:55,262 INFO c.h.h.t.HelmChartContainer - [hivemq-test-hivemq-platform] [hivemq-platform-operator] [3d906fec] 01:04:55.261 [main] DEBUG io.smallrye.config - SRCFG01006: Loaded ConfigSource SysPropConfigSource with ordinal 400
2025-01-29 01:04:55,262 INFO c.h.h.t.HelmChartContainer - [hivemq-test-hivemq-platform] [hivemq-platform-operator] [3d906fec] 01:04:55.261 [main] DEBUG io.smallrye.config - SRCFG01006: Loaded ConfigSource EnvConfigSource with ordinal 300
2025-01-29 01:04:55,263 INFO c.h.h.t.HelmChartContainer - [hivemq-test-hivemq-platform] [hivemq-platform-operator] [3d906fec] 01:04:55.261 [main] DEBUG io.smallrye.config - SRCFG01006: Loaded ConfigSource PropertiesConfigSource[source=jar:file:///opt/hivemq-platform-operator/bin/hivemq-platform-operator.jar!/hivemq-platform-operator.properties] with ordinal 100
2025-01-29 01:04:55,263 INFO c.h.h.t.HelmChartContainer - [hivemq-test-hivemq-platform] [hivemq-platform-operator] [3d906fec] 01:04:55.261 [main] DEBUG io.smallrye.config - SRCFG01006: Loaded ConfigSource DefaultValuesConfigSource with ordinal -2147483648
2025-01-29 01:04:55,369 INFO c.h.h.t.HelmChartContainer - [hivemq-test-hivemq-platform] [hivemq-platform-operator] [3d906fec] 01:04:55.368 [main] DEBUG i.m.c.u.i.l.InternalLoggerFactory - Using SLF4J as the default logging framework
2025-01-29 01:04:55,539 INFO c.h.h.t.HelmChartContainer - [hivemq-test-hivemq-platform] [hivemq-platform-operator] [3d906fec] 01:04:55.466 [main] INFO  c.h.p.o.HiveMQPlatformOperatorApplication - HiveMQ Platform Operator 1.7.0-SNAPSHOT (commit: bebf408 on branch: HEAD) built on Sun Jan 26 20:47:47 UTC 2025
2025-01-29 01:04:55,540 INFO c.h.h.t.HelmChartContainer - [hivemq-test-hivemq-platform] [hivemq-platform-operator] [3d906fec] 01:04:55.539 [main] INFO  c.h.p.o.HiveMQPlatformOperatorApplication - HiveMQ Platform Operator is running in namespace: customclusterdomainnameit-operator
2025-01-29 01:04:55,540 INFO c.h.h.t.HelmChartContainer - [hivemq-test-hivemq-platform] [hivemq-platform-operator] [3d906fec] 01:04:55.539 [main] INFO  c.h.p.o.HiveMQPlatformOperatorApplication - Watching all namespaces
2025-01-29 01:04:55,540 INFO c.h.h.t.HelmChartContainer - [hivemq-test-hivemq-platform] [hivemq-platform-operator] [3d906fec] 01:04:55.539 [main] INFO  c.h.p.o.HiveMQPlatformOperatorApplication - Log level: DEBUG
2025-01-29 01:04:55,540 INFO c.h.h.t.HelmChartContainer - [hivemq-test-hivemq-platform] [hivemq-platform-operator] [3d906fec] 01:04:55.539 [main] INFO  c.h.p.o.HiveMQPlatformOperatorApplication - Release name: test-hivemq-platform-operator
2025-01-29 01:04:55,540 INFO c.h.h.t.HelmChartContainer - [hivemq-test-hivemq-platform] [hivemq-platform-operator] [3d906fec] 01:04:55.539 [main] INFO  c.h.p.o.HiveMQPlatformOperatorApplication - HiveMQ Platform Operator Init image: docker.io/hivemq/hivemq-platform-operator-init-test:snapshot
2025-01-29 01:04:55,540 INFO c.h.h.t.HelmChartContainer - [hivemq-test-hivemq-platform] [hivemq-platform-operator] [3d906fec] 01:04:55.539 [main] INFO  c.h.p.o.HiveMQPlatformOperatorApplication - HiveMQ Platform Operator Init App update URL: http://hivemq-platform-operator-test-hivemq-platform-operator.customclusterdomainnameit-operator.svc:8080/initAppUpdate/hivemq-platform-operator-init-app-1.7.0-SNAPSHOT.jar
2025-01-29 01:04:55,540 INFO c.h.h.t.HelmChartContainer - [hivemq-test-hivemq-platform] [hivemq-platform-operator] [3d906fec] 01:04:55.539 [main] INFO  c.h.p.o.HiveMQPlatformOperatorApplication - Additional imagePullSecret for all Platform deployments: none
2025-01-29 01:04:55,540 INFO c.h.h.t.HelmChartContainer - [hivemq-test-hivemq-platform] [hivemq-platform-operator] [3d906fec] 01:04:55.539 [main] INFO  c.h.p.o.HiveMQPlatformOperatorApplication - Apply HiveMQ Platform CRD: true
2025-01-29 01:04:55,540 INFO c.h.h.t.HelmChartContainer - [hivemq-test-hivemq-platform] [hivemq-platform-operator] [3d906fec] 01:04:55.539 [main] INFO  c.h.p.o.HiveMQPlatformOperatorApplication - Create Platform ServiceAccount: true
2025-01-29 01:04:55,540 INFO c.h.h.t.HelmChartContainer - [hivemq-test-hivemq-platform] [hivemq-platform-operator] [3d906fec] 01:04:55.539 [main] INFO  c.h.p.o.HiveMQPlatformOperatorApplication - Create Platform ServiceAccount permissions: true
2025-01-29 01:04:55,540 INFO c.h.h.t.HelmChartContainer - [hivemq-test-hivemq-platform] [hivemq-platform-operator] [3d906fec] 01:04:55.539 [main] INFO  c.h.p.o.HiveMQPlatformOperatorApplication - Validate Platform ServiceAccount: true
2025-01-29 01:04:55,540 INFO c.h.h.t.HelmChartContainer - [hivemq-test-hivemq-platform] [hivemq-platform-operator] [3d906fec] 01:04:55.539 [main] INFO  c.h.p.o.HiveMQPlatformOperatorApplication - Validate Platform ServiceAccount permissions: true
2025-01-29 01:04:55,564 INFO c.h.h.t.HelmChartContainer - [hivemq-test-hivemq-platform] [hivemq-platform-operator] [3d906fec] 01:04:55.563 [main] INFO  c.h.platform.operator.util.CRDUtil - Verifying deployed HiveMQ Platform CRD...
2025-01-29 01:04:58,065 INFO c.h.h.t.HelmChartContainer - [hivemq-test-hivemq-platform] [hivemq-platform-operator] [3d906fec] 01:04:58.064 [main] DEBUG c.h.platform.operator.util.CRDUtil - HiveMQ Platform CRD version v1 is up to date
2025-01-29 01:04:58,065 INFO c.h.h.t.HelmChartContainer - [hivemq-test-hivemq-platform] [hivemq-platform-operator] [3d906fec] 01:04:58.064 [main] INFO  c.h.platform.operator.util.CRDUtil - HiveMQ Platform CRD is up to date (version: V1_6_0)
2025-01-29 01:04:58,065 INFO c.h.h.t.HelmChartContainer - [hivemq-test-hivemq-platform] [hivemq-platform-operator] [3d906fec] 01:04:58.064 [main] INFO  c.h.platform.operator.util.CRDUtil - Waiting 10000 ms for HiveMQ Platform CRD 'hivemq-platforms.hivemq.com' to become ready...
2025-01-29 01:04:58,366 INFO c.h.h.t.HelmChartContainer - [hivemq-test-hivemq-platform] [hivemq-platform-operator] [3d906fec] 01:04:58.365 [vert.x-eventloop-thread-1] DEBUG c.h.platform.operator.util.CRDUtil - Checking CRD condition 'NamesAccepted' (status: 'True')
2025-01-29 01:04:58,368 INFO c.h.h.t.HelmChartContainer - [hivemq-test-hivemq-platform] [hivemq-platform-operator] [3d906fec] 01:04:58.365 [vert.x-eventloop-thread-1] DEBUG c.h.platform.operator.util.CRDUtil - Checking CRD condition 'Established' (status: 'True')
2025-01-29 01:04:58,368 INFO c.h.h.t.HelmChartContainer - [hivemq-test-hivemq-platform] [hivemq-platform-operator] [3d906fec] 01:04:58.366 [main] INFO  c.h.platform.operator.util.CRDUtil - HiveMQ Platform CRD 'hivemq-platforms.hivemq.com' is ready
2025-01-29 01:04:58,558 INFO c.h.h.t.HelmChartContainer - [hivemq-test-hivemq-platform] [hivemq-platform-operator] [3d906fec] 01:04:58.557 [main] INFO  c.h.p.o.HiveMQPlatformReconciler - HiveMQ Platform Operator is starting...
2025-01-29 01:04:58,657 INFO c.h.h.t.HelmChartContainer - [hivemq-test-hivemq-platform] [hivemq-platform-operator] [3d906fec] 01:04:58.655 [main] WARN  Default ConfigurationService implementation - Configuration for reconciler 'hivemq-controller' was not found. Known reconcilers: None.
2025-01-29 01:04:58,664 INFO c.h.h.t.HelmChartContainer - [hivemq-test-hivemq-platform] [hivemq-platform-operator] [3d906fec] 01:04:58.663 [main] INFO  Default ConfigurationService implementation - Created configuration for reconciler com.hivemq.platform.operator.HiveMQPlatformReconciler with name hivemq-controller
2025-01-29 01:04:58,763 INFO c.h.h.t.HelmChartContainer - [hivemq-test-hivemq-platform] [hivemq-platform-operator] [3d906fec] 01:04:58.762 [main] DEBUG c.h.p.o.HiveMQPlatformReconciler - HiveMQ Platform Operator is preparing EventSources
2025-01-29 01:04:58,774 INFO c.h.h.t.HelmChartContainer - [hivemq-test-hivemq-platform] [hivemq-platform-operator] [3d906fec] 01:04:58.773 [main] INFO  i.javaoperatorsdk.operator.Operator - Registered reconciler: 'hivemq-controller' for resource: 'class com.hivemq.platform.operator.v1.HiveMQPlatform' for namespace(s): [all namespaces]
2025-01-29 01:04:59,364 INFO c.h.h.t.HelmChartContainer - [hivemq-test-hivemq-platform] [hivemq-platform-operator] [3d906fec] 01:04:59.363 [main] INFO  c.h.p.operator.webserver.JettyServer - Starting Jetty server on port 8080
2025-01-29 01:04:59,459 INFO c.h.h.t.HelmChartContainer - [hivemq-test-hivemq-platform] [hivemq-platform-operator] [3d906fec] 01:04:59.457 [main] INFO  i.javaoperatorsdk.operator.Operator - Operator SDK 4.9.7 (commit: 2133d28) built on Wed Nov 20 12:56:20 UTC 2024 starting...
2025-01-29 01:04:59,459 INFO c.h.h.t.HelmChartContainer - [hivemq-test-hivemq-platform] [hivemq-platform-operator] [3d906fec] 01:04:59.458 [main] INFO  i.javaoperatorsdk.operator.Operator - Client version: 6.13.4
2025-01-29 01:04:59,460 INFO c.h.h.t.HelmChartContainer - [hivemq-test-hivemq-platform] [hivemq-platform-operator] [3d906fec] 01:04:59.459 [Controller Starter for: hivemq-controller] INFO  i.j.operator.processing.Controller - Starting 'hivemq-controller' controller for reconciler: com.hivemq.platform.operator.HiveMQPlatformReconciler, resource: com.hivemq.platform.operator.v1.HiveMQPlatform
2025-01-29 01:05:01,541 INFO c.h.h.t.HelmChartContainer - [POD] metrics-server-8584b5786c-6whn5 [1819bded-2029-4602-93b4-054222889403] in kube-system was MODIFIED
2025-01-29 01:05:01,558 INFO c.h.h.t.HelmChartContainer - [K3S] [replica_set.go:679] "Finished syncing" kind="ReplicaSet" key="kube-system/metrics-server-8584b5786c" duration="11.803193ms"
2025-01-29 01:05:01,558 INFO c.h.h.t.HelmChartContainer - [K3S] [replica_set.go:679] "Finished syncing" kind="ReplicaSet" key="kube-system/metrics-server-8584b5786c" duration="33.413µs"
2025-01-29 01:05:02,571 INFO c.h.h.t.HelmChartContainer - [hivemq-test-hivemq-platform] [hivemq-platform-operator] [3d906fec] 01:05:02.570 [Controller Starter for: hivemq-controller] INFO  i.j.operator.processing.Controller - 'hivemq-controller' controller started
2025-01-29 01:05:02,656 INFO c.h.h.t.HelmChartContainer - [hivemq-test-hivemq-platform] [hivemq-platform-operator] [3d906fec] 01:05:02.654 [main] INFO  c.h.p.o.HiveMQPlatformOperatorApplication - HiveMQ Platform Operator 1.7.0-SNAPSHOT started in 7188 ms
2025-01-29 01:05:02,845 INFO c.h.h.t.HelmChartContainer - [K3S] [range_allocator.go:247] "Successfully synced" key="046d2bdb7c30"
2025-01-29 01:05:03,571 INFO c.h.h.t.HelmChartContainer - [POD] hivemq-test-hivemq-platform-operator-6966f96d65-bgjvm [3d906fec-a949-4b56-a7a5-b924859c4b10] in customclusterdomainnameit-operator was MODIFIED
2025-01-29 01:05:03,577 INFO c.h.h.t.HelmChartContainer - [K3S] [replica_set.go:679] "Finished syncing" kind="ReplicaSet" key="customclusterdomainnameit-operator/hivemq-test-hivemq-platform-operator-6966f96d65" duration="12.533131ms"
2025-01-29 01:05:03,577 INFO c.h.h.t.HelmChartContainer - [K3S] [replica_set.go:679] "Finished syncing" kind="ReplicaSet" key="customclusterdomainnameit-operator/hivemq-test-hivemq-platform-operator-6966f96d65" duration="35.407µs"
2025-01-29 01:05:05,503 DEBUG c.h.h.t.HelmChartContainer - Executing helm command: /bin/helm --kubeconfig /etc/rancher/k3s/k3s.yaml install test-hivemq-platform /charts/hivemq-platform --wait --timeout 5m0s --set image.repository=docker.io/hivemq --set image.tag=4.36.0 --set image.pullPolicy=Never --set nodes.resources.cpu=512m -f /files/mqtt-values.yaml --namespace customclusterdomainnameit
2025-01-29 01:05:05,739 INFO c.h.h.t.HelmChartContainer - [hivemq-test-hivemq-platform] [hivemq-platform-operator] [3d906fec] 01:05:05.738 [-373097727-pool-1-thread-3] WARN  i.m.p.PrometheusMeterRegistry - The meter (MeterId{name='operator.sdk.events.received', tags=[tag(action=ADDED),tag(event=ResourceEvent),tag(group=hivemq.com),tag(kind=HiveMQPlatform),tag(name=test-hivemq-platform),tag(namespace=customclusterdomainnameit),tag(scope=namespace),tag(version=v1)]}) registration has failed: Prometheus requires that all meters with the same name have the same set of tag keys. There is already an existing meter named 'operator.sdk.events.received' containing tag keys [event, group, kind, name, namespace, scope, version]. The meter you are attempting to register has keys [action, event, group, kind, name, namespace, scope, version]. Note that subsequent logs will be logged at debug level.
2025-01-29 01:05:06,076 INFO c.h.h.t.HelmChartContainer - [hivemq-test-hivemq-platform] [hivemq-platform-operator] [3d906fec] 01:05:06.075 [pool-6-thread-3] DEBUG c.h.p.o.dependants.PodInfoConfigMap - [customcl] Desired PodInfo ConfigMap (1 extensions) (1 enabled)
2025-01-29 01:05:06,078 INFO c.h.h.t.HelmChartContainer - [hivemq-test-hivemq-platform] [hivemq-platform-operator] [3d906fec] 01:05:06.077 [pool-6-thread-3] DEBUG c.h.p.o.dependants.PodInfoConfigMap - [customcl] Desired PodInfo ConfigMap (metrics port: 9399) (metrics path: /)
2025-01-29 01:05:06,078 INFO c.h.h.t.HelmChartContainer - [hivemq-test-hivemq-platform] [hivemq-platform-operator] [3d906fec] 01:05:06.077 [pool-6-thread-3] DEBUG c.h.p.o.dependants.PodInfoConfigMap - [customcl] Desired PodInfo ConfigMap (extension state hash: -1817474005)
2025-01-29 01:05:06,140 INFO c.h.h.t.HelmChartContainer - [hivemq-test-hivemq-platform] [hivemq-platform-operator] [3d906fec] 01:05:06.139 [pool-6-thread-3] DEBUG c.h.p.o.dependants.PodInfoConfigMap - [customcl] Create PodInfo ConfigMap
2025-01-29 01:05:06,260 INFO c.h.h.t.HelmChartContainer - [hivemq-test-hivemq-platform] [hivemq-platform-operator] [3d906fec] 01:05:06.258 [pool-6-thread-5] DEBUG c.h.p.o.dependants.PodRoleResource - [customcl] Create Role: Role(apiVersion=rbac.authorization.k8s.io/v1, kind=Role, metadata=ObjectMeta(annotations={meta.helm.sh/release-name=test-hivemq-platform, meta.helm.sh/release-namespace=customclusterdomainnameit}, creationTimestamp=null, deletionGracePeriodSeconds=null, deletionTimestamp=null, finalizers=[], generateName=null, generation=null, labels={helm.sh/chart=hivemq-platform-0.2.32, app.kubernetes.io/managed-by=Helm, app.kubernetes.io/name=hivemq-platform, hivemq-platform=test-hivemq-platform, app.kubernetes.io/instance=test-hivemq-platform, app.kubernetes.io/version=4.36.0}, managedFields=[], name=hivemq-platform-role-test-hivemq-platform, namespace=customclusterdomainnameit, ownerReferences=[OwnerReference(apiVersion=hivemq.com/v1, blockOwnerDeletion=null, controller=null, kind=HiveMQPlatform, name=test-hivemq-platform, uid=03860d24-ec86-48ce-9482-75b94e574a8e, additionalProperties={})], resourceVersion=null, selfLink=null, uid=null, additionalProperties={}), rules=[PolicyRule(apiGroups=[], nonResourceURLs=[], resourceNames=[], resources=[pods], verbs=[get, patch, update], additionalProperties={})], additionalProperties={})
2025-01-29 01:05:06,366 INFO c.h.h.t.HelmChartContainer - [hivemq-test-hivemq-platform] [hivemq-platform-operator] [3d906fec] 01:05:06.363 [pool-6-thread-7] DEBUG c.h.p.o.d.PodServiceAccountResource - [customcl] Desired PodServiceAccountResource (serviceAccountName: hivemq-platform-pod-test-hivemq-platform)
2025-01-29 01:05:06,367 INFO c.h.h.t.HelmChartContainer - [hivemq-test-hivemq-platform] [hivemq-platform-operator] [3d906fec] 01:05:06.366 [pool-6-thread-7] DEBUG c.h.p.o.d.PodServiceAccountResource - [customcl] Create ServiceAccount 'hivemq-platform-pod-test-hivemq-platform'
2025-01-29 01:05:06,558 INFO c.h.h.t.HelmChartContainer - [hivemq-test-hivemq-platform] [hivemq-platform-operator] [3d906fec] 01:05:06.557 [pool-6-thread-10] DEBUG c.h.p.o.d.PodRoleBindingResource - [customcl] Create RoleBinding: RoleBinding(apiVersion=rbac.authorization.k8s.io/v1, kind=RoleBinding, metadata=ObjectMeta(annotations={meta.helm.sh/release-name=test-hivemq-platform, meta.helm.sh/release-namespace=customclusterdomainnameit}, creationTimestamp=null, deletionGracePeriodSeconds=null, deletionTimestamp=null, finalizers=[], generateName=null, generation=null, labels={helm.sh/chart=hivemq-platform-0.2.32, app.kubernetes.io/managed-by=Helm, app.kubernetes.io/name=hivemq-platform, hivemq-platform=test-hivemq-platform, app.kubernetes.io/instance=test-hivemq-platform, app.kubernetes.io/version=4.36.0}, managedFields=[], name=hivemq-platform-role-binding-test-hivemq-platform, namespace=customclusterdomainnameit, ownerReferences=[OwnerReference(apiVersion=hivemq.com/v1, blockOwnerDeletion=null, controller=null, kind=HiveMQPlatform, name=test-hivemq-platform, uid=03860d24-ec86-48ce-9482-75b94e574a8e, additionalProperties={})], resourceVersion=null, selfLink=null, uid=null, additionalProperties={}), roleRef=RoleRef(apiGroup=rbac.authorization.k8s.io, kind=Role, name=hivemq-platform-role-test-hivemq-platform, additionalProperties={}), subjects=[Subject(apiGroup=null, kind=ServiceAccount, name=hivemq-platform-pod-test-hivemq-platform, namespace=customclusterdomainnameit, additionalProperties={})], additionalProperties={})
2025-01-29 01:05:06,640 INFO c.h.h.t.HelmChartContainer - [hivemq-test-hivemq-platform] [hivemq-platform-operator] [3d906fec] 01:05:06.639 [ReconcilerExecutor-hivemq-controller-53] INFO  c.h.p.o.HiveMQPlatformReconciler - [customcl] Reconciling HiveMQ Platform 'test-hivemq-platform' in namespace 'customclusterdomainnameit'
2025-01-29 01:05:06,654 INFO c.h.h.t.HelmChartContainer - [hivemq-test-hivemq-platform] [hivemq-platform-operator] [3d906fec] 01:05:06.654 [ReconcilerExecutor-hivemq-controller-53] DEBUG c.h.p.o.HiveMQPlatformReconciler - [customcl] Custom Resource Status CREATED - HiveMQ Platform was created (READY)
2025-01-29 01:05:06,655 INFO c.h.h.t.HelmChartContainer - [hivemq-test-hivemq-platform] [hivemq-platform-operator] [3d906fec] 01:05:06.654 [ReconcilerExecutor-hivemq-controller-53] DEBUG c.h.p.o.HiveMQPlatformReconciler - [customcl] Custom Resource Spec (replicas: 1) (extensions: 1)
2025-01-29 01:05:06,658 INFO c.h.h.t.HelmChartContainer - [hivemq-test-hivemq-platform] [hivemq-platform-operator] [3d906fec] 01:05:06.657 [ReconcilerExecutor-hivemq-controller-53] INFO  c.h.p.o.h.HiveMQPlatformReconcilerBaseHandler - [customcl] HiveMQ Platform is starting
2025-01-29 01:05:06,757 INFO c.h.h.t.HelmChartContainer - [hivemq-test-hivemq-platform] [hivemq-platform-operator] [3d906fec] 01:05:06.756 [ReconcilerExecutor-hivemq-controller-53] DEBUG c.h.p.operator.event.EventSender - [customcl] Creating K8s event hivemq-platform-starting: [Start] HiveMQ Platform is starting
2025-01-29 01:05:06,765 INFO c.h.h.t.HelmChartContainer - [EVENT] Normal [Start] HiveMQ Platform is starting [customclusterdomainnameit:test-hivemq-platform]
2025-01-29 01:05:06,769 INFO c.h.h.t.HelmChartContainer - [hivemq-test-hivemq-platform] [hivemq-platform-operator] [3d906fec] 01:05:06.768 [ReconcilerExecutor-hivemq-controller-53] INFO  c.h.p.o.h.AbstractHiveMQReconcilerStateHandler - [customcl] Update HiveMQ Platform Status (CREATED [READY] -> STARTING [READY]): HiveMQ Platform is starting
2025-01-29 01:05:06,866 DEBUG com.hivemq.helmcharts.util.K8sUtil - Comparing actual state 'STARTING' and waiting for 'RUNNING'
2025-01-29 01:05:16,875 INFO c.h.h.t.HelmChartContainer - [hivemq-test-hivemq-platform] [hivemq-platform-operator] [3d906fec] 01:05:16.872 [pool-6-thread-12] DEBUG c.h.p.o.d.PlatformServiceResource - [customcl] Desired Platform services (2 services)
2025-01-29 01:05:16,879 INFO c.h.h.t.HelmChartContainer - [hivemq-test-hivemq-platform] [hivemq-platform-operator] [3d906fec] 01:05:16.875 [pool-6-thread-13] DEBUG c.h.p.o.dependants.PodInfoConfigMap - [customcl] Desired PodInfo ConfigMap (1 extensions) (1 enabled)
2025-01-29 01:05:16,879 INFO c.h.h.t.HelmChartContainer - [hivemq-test-hivemq-platform] [hivemq-platform-operator] [3d906fec] 01:05:16.875 [pool-6-thread-13] DEBUG c.h.p.o.dependants.PodInfoConfigMap - [customcl] Desired PodInfo ConfigMap (metrics port: 9399) (metrics path: /)
2025-01-29 01:05:16,879 INFO c.h.h.t.HelmChartContainer - [hivemq-test-hivemq-platform] [hivemq-platform-operator] [3d906fec] 01:05:16.875 [pool-6-thread-13] DEBUG c.h.p.o.dependants.PodInfoConfigMap - [customcl] Desired PodInfo ConfigMap (extension state hash: -1817474005)
2025-01-29 01:05:16,884 INFO c.h.h.t.HelmChartContainer - [hivemq-test-hivemq-platform] [hivemq-platform-operator] [3d906fec] 01:05:16.879 [pool-6-thread-13] DEBUG c.h.p.o.dependants.PodInfoConfigMap - [customcl] Update PodInfo ConfigMap
2025-01-29 01:05:16,884 INFO c.h.h.t.HelmChartContainer - [hivemq-test-hivemq-platform] [hivemq-platform-operator] [3d906fec] 01:05:16.883 [pool-6-thread-17] DEBUG c.h.p.o.d.PodServiceAccountResource - [customcl] Desired PodServiceAccountResource (serviceAccountName: hivemq-platform-pod-test-hivemq-platform)
2025-01-29 01:05:16,893 INFO c.h.h.t.HelmChartContainer - [K3S] [alloc.go:330] "allocated clusterIPs" service="customclusterdomainnameit/hivemq-test-hivemq-platform-metrics-9399" clusterIPs={"IPv4":"10.43.3.135"}
2025-01-29 01:05:16,966 INFO c.h.h.t.HelmChartContainer - [K3S] [alloc.go:330] "allocated clusterIPs" service="customclusterdomainnameit/hivemq-test-hivemq-platform-mqtt-1884" clusterIPs={"IPv4":"10.43.222.195"}
2025-01-29 01:05:17,059 INFO c.h.h.t.HelmChartContainer - [hivemq-test-hivemq-platform] [hivemq-platform-operator] [3d906fec] 01:05:17.057 [pool-6-thread-20] DEBUG c.h.p.o.d.StatefulSetResource - [customcl] Desired StatefulSet (1 replicas) for status STARTING (READY)
2025-01-29 01:05:17,070 INFO c.h.h.t.HelmChartContainer - [hivemq-test-hivemq-platform] [hivemq-platform-operator] [3d906fec] 01:05:17.069 [pool-6-thread-20] DEBUG c.h.p.o.d.StatefulSetResource - [customcl] Create StatefulSet
2025-01-29 01:05:17,172 INFO c.h.h.t.HelmChartContainer - [hivemq-test-hivemq-platform] [hivemq-platform-operator] [3d906fec] 01:05:17.170 [ReconcilerExecutor-hivemq-controller-64] INFO  c.h.p.o.HiveMQPlatformReconciler - [customcl] Reconciling HiveMQ Platform 'test-hivemq-platform' in namespace 'customclusterdomainnameit'
2025-01-29 01:05:17,174 INFO c.h.h.t.HelmChartContainer - [hivemq-test-hivemq-platform] [hivemq-platform-operator] [3d906fec] 01:05:17.171 [ReconcilerExecutor-hivemq-controller-64] DEBUG c.h.p.o.HiveMQPlatformReconciler - [customcl] Custom Resource Status STARTING - HiveMQ Platform is starting (READY)
2025-01-29 01:05:17,174 INFO c.h.h.t.HelmChartContainer - [hivemq-test-hivemq-platform] [hivemq-platform-operator] [3d906fec] 01:05:17.171 [ReconcilerExecutor-hivemq-controller-64] DEBUG c.h.p.o.HiveMQPlatformReconciler - [customcl] Custom Resource Spec (replicas: 1) (extensions: 1)
2025-01-29 01:05:17,174 INFO c.h.h.t.HelmChartContainer - [hivemq-test-hivemq-platform] [hivemq-platform-operator] [3d906fec] 01:05:17.173 [ReconcilerExecutor-hivemq-controller-64] DEBUG c.h.p.o.HiveMQPlatformReconciler - [customcl] StatefulSet Status (revision: null, replicas: 0, available: 0, ready: 0, current: 0, updated: 0)
2025-01-29 01:05:17,174 INFO c.h.h.t.HelmChartContainer - [hivemq-test-hivemq-platform] [hivemq-platform-operator] [3d906fec] 01:05:17.173 [ReconcilerExecutor-hivemq-controller-64] DEBUG c.h.p.o.HiveMQPlatformReconciler - [customcl] StatefulSet Spec (replicas: 1, init containers: 1, containers: 1, volumes: 3)
2025-01-29 01:05:17,177 INFO c.h.h.t.HelmChartContainer - [hivemq-test-hivemq-platform] [hivemq-platform-operator] [3d906fec] 01:05:17.176 [ReconcilerExecutor-hivemq-controller-64] INFO  c.h.p.o.h.HiveMQPlatformReconcilerBaseHandler - [customcl] HiveMQ Platform is starting, 0 of 1 replicas are ready
2025-01-29 01:05:17,188 INFO c.h.h.t.HelmChartContainer - [POD] test-hivemq-platform-0 [f9bd3593-42e3-40ee-b1e9-1fdbc1036bfe] in customclusterdomainnameit was ADDED
2025-01-29 01:05:17,190 INFO c.h.h.t.HelmChartContainer - [EVENT] Normal [SuccessfulCreate] create Pod test-hivemq-platform-0 in StatefulSet test-hivemq-platform successful [customclusterdomainnameit:test-hivemq-platform]
2025-01-29 01:05:17,194 INFO c.h.h.t.HelmChartContainer - [EVENT] Normal [Scheduled] Successfully assigned customclusterdomainnameit/test-hivemq-platform-0 to 046d2bdb7c30 [customclusterdomainnameit:test-hivemq-platform-0]
2025-01-29 01:05:17,194 INFO c.h.h.t.HelmChartContainer - [POD] test-hivemq-platform-0 [f9bd3593-42e3-40ee-b1e9-1fdbc1036bfe] in customclusterdomainnameit was MODIFIED
2025-01-29 01:05:17,202 INFO c.h.h.t.HelmChartContainer - [POD] test-hivemq-platform-0 [f9bd3593-42e3-40ee-b1e9-1fdbc1036bfe] in customclusterdomainnameit was MODIFIED
2025-01-29 01:05:17,255 INFO c.h.h.t.HelmChartContainer - [K3S] [reconciler_common.go:251] "operationExecutor.VerifyControllerAttachedVolume started for volume \"broker-configuration\" (UniqueName: \"kubernetes.io/configmap/f9bd3593-42e3-40ee-b1e9-1fdbc1036bfe-broker-configuration\") pod \"test-hivemq-platform-0\" (UID: \"f9bd3593-42e3-40ee-b1e9-1fdbc1036bfe\") " pod="customclusterdomainnameit/test-hivemq-platform-0"
2025-01-29 01:05:17,256 INFO c.h.h.t.HelmChartContainer - [hivemq-test-hivemq-platform] [hivemq-platform-operator] [3d906fec] 01:05:17.255 [pool-6-thread-22] DEBUG c.h.p.o.d.PlatformServiceResource - [customcl] Desired Platform services (2 services)
2025-01-29 01:05:17,258 INFO c.h.h.t.HelmChartContainer - [K3S] [reconciler_common.go:251] "operationExecutor.VerifyControllerAttachedVolume started for volume \"operator-init\" (UniqueName: \"kubernetes.io/empty-dir/f9bd3593-42e3-40ee-b1e9-1fdbc1036bfe-operator-init\") pod \"test-hivemq-platform-0\" (UID: \"f9bd3593-42e3-40ee-b1e9-1fdbc1036bfe\") " pod="customclusterdomainnameit/test-hivemq-platform-0"
2025-01-29 01:05:17,258 INFO c.h.h.t.HelmChartContainer - [K3S] [reconciler_common.go:251] "operationExecutor.VerifyControllerAttachedVolume started for volume \"pod-info\" (UniqueName: \"kubernetes.io/configmap/f9bd3593-42e3-40ee-b1e9-1fdbc1036bfe-pod-info\") pod \"test-hivemq-platform-0\" (UID: \"f9bd3593-42e3-40ee-b1e9-1fdbc1036bfe\") " pod="customclusterdomainnameit/test-hivemq-platform-0"
2025-01-29 01:05:17,258 INFO c.h.h.t.HelmChartContainer - [K3S] [reconciler_common.go:251] "operationExecutor.VerifyControllerAttachedVolume started for volume \"kube-api-access-gtjm7\" (UniqueName: \"kubernetes.io/projected/f9bd3593-42e3-40ee-b1e9-1fdbc1036bfe-kube-api-access-gtjm7\") pod \"test-hivemq-platform-0\" (UID: \"f9bd3593-42e3-40ee-b1e9-1fdbc1036bfe\") " pod="customclusterdomainnameit/test-hivemq-platform-0"
2025-01-29 01:05:17,263 INFO c.h.h.t.HelmChartContainer - [hivemq-test-hivemq-platform] [hivemq-platform-operator] [3d906fec] 01:05:17.262 [pool-6-thread-23] DEBUG c.h.p.o.dependants.PodInfoConfigMap - [customcl] Desired PodInfo ConfigMap (1 extensions) (1 enabled)
2025-01-29 01:05:17,266 INFO c.h.h.t.HelmChartContainer - [hivemq-test-hivemq-platform] [hivemq-platform-operator] [3d906fec] 01:05:17.265 [pool-6-thread-23] DEBUG c.h.p.o.dependants.PodInfoConfigMap - [customcl] Desired PodInfo ConfigMap (metrics port: 9399) (metrics path: /)
2025-01-29 01:05:17,267 INFO c.h.h.t.HelmChartContainer - [hivemq-test-hivemq-platform] [hivemq-platform-operator] [3d906fec] 01:05:17.265 [pool-6-thread-23] DEBUG c.h.p.o.dependants.PodInfoConfigMap - [customcl] Desired PodInfo ConfigMap (extension state hash: -1817474005)
2025-01-29 01:05:17,267 INFO c.h.h.t.HelmChartContainer - [hivemq-test-hivemq-platform] [hivemq-platform-operator] [3d906fec] 01:05:17.264 [pool-6-thread-27] DEBUG c.h.p.o.d.PodServiceAccountResource - [customcl] Desired PodServiceAccountResource (serviceAccountName: hivemq-platform-pod-test-hivemq-platform)
2025-01-29 01:05:17,366 INFO c.h.h.t.HelmChartContainer - [hivemq-test-hivemq-platform] [hivemq-platform-operator] [3d906fec] 01:05:17.365 [pool-6-thread-30] DEBUG c.h.p.o.d.StatefulSetResource - [customcl] Desired StatefulSet (1 replicas) for status STARTING (READY)
2025-01-29 01:05:17,456 INFO c.h.h.t.HelmChartContainer - [hivemq-test-hivemq-platform] [hivemq-platform-operator] [3d906fec] 01:05:17.455 [ReconcilerExecutor-hivemq-controller-75] INFO  c.h.p.o.HiveMQPlatformReconciler - [customcl] Reconciling HiveMQ Platform 'test-hivemq-platform' in namespace 'customclusterdomainnameit'
2025-01-29 01:05:17,456 INFO c.h.h.t.HelmChartContainer - [hivemq-test-hivemq-platform] [hivemq-platform-operator] [3d906fec] 01:05:17.455 [ReconcilerExecutor-hivemq-controller-75] DEBUG c.h.p.o.HiveMQPlatformReconciler - [customcl] Custom Resource Status STARTING - HiveMQ Platform is starting (READY)
2025-01-29 01:05:17,456 INFO c.h.h.t.HelmChartContainer - [hivemq-test-hivemq-platform] [hivemq-platform-operator] [3d906fec] 01:05:17.455 [ReconcilerExecutor-hivemq-controller-75] DEBUG c.h.p.o.HiveMQPlatformReconciler - [customcl] Custom Resource Spec (replicas: 1) (extensions: 1)
2025-01-29 01:05:17,458 INFO c.h.h.t.HelmChartContainer - [hivemq-test-hivemq-platform] [hivemq-platform-operator] [3d906fec] 01:05:17.458 [ReconcilerExecutor-hivemq-controller-75] DEBUG c.h.p.o.HiveMQPlatformReconciler - [customcl] StatefulSet Status (revision: test-hivemq-platform-5bf899b4bb, replicas: 1, available: 0, ready: 0, current: 1, updated: 1)
2025-01-29 01:05:17,459 INFO c.h.h.t.HelmChartContainer - [hivemq-test-hivemq-platform] [hivemq-platform-operator] [3d906fec] 01:05:17.458 [ReconcilerExecutor-hivemq-controller-75] DEBUG c.h.p.o.HiveMQPlatformReconciler - [customcl] StatefulSet Spec (replicas: 1, init containers: 1, containers: 1, volumes: 3)
2025-01-29 01:05:17,472 INFO c.h.h.t.HelmChartContainer - [hivemq-test-hivemq-platform] [hivemq-platform-operator] [3d906fec] 01:05:17.470 [ReconcilerExecutor-hivemq-controller-75] DEBUG c.h.p.o.h.HiveMQPlatformReconcilerErrorHandler - [customcl] Pod 'test-hivemq-platform-0' phase Pending
2025-01-29 01:05:17,472 INFO c.h.h.t.HelmChartContainer - [hivemq-test-hivemq-platform] [hivemq-platform-operator] [3d906fec] 01:05:17.471 [ReconcilerExecutor-hivemq-controller-75] DEBUG c.h.p.o.h.HiveMQPlatformReconcilerErrorHandler - [customcl] Pod 'test-hivemq-platform-0' condition 'PodReadyToStartContainers': False
2025-01-29 01:05:17,472 INFO c.h.h.t.HelmChartContainer - [hivemq-test-hivemq-platform] [hivemq-platform-operator] [3d906fec] 01:05:17.471 [ReconcilerExecutor-hivemq-controller-75] DEBUG c.h.p.o.h.HiveMQPlatformReconcilerErrorHandler - [customcl] Pod 'test-hivemq-platform-0' condition 'Initialized': False
2025-01-29 01:05:17,472 INFO c.h.h.t.HelmChartContainer - [hivemq-test-hivemq-platform] [hivemq-platform-operator] [3d906fec] 01:05:17.471 [ReconcilerExecutor-hivemq-controller-75] DEBUG c.h.p.o.h.HiveMQPlatformReconcilerErrorHandler - [customcl] Pod 'test-hivemq-platform-0' condition 'Ready': False
2025-01-29 01:05:17,472 INFO c.h.h.t.HelmChartContainer - [hivemq-test-hivemq-platform] [hivemq-platform-operator] [3d906fec] 01:05:17.471 [ReconcilerExecutor-hivemq-controller-75] DEBUG c.h.p.o.h.HiveMQPlatformReconcilerErrorHandler - [customcl] Pod 'test-hivemq-platform-0' condition 'ContainersReady': False
2025-01-29 01:05:17,472 INFO c.h.h.t.HelmChartContainer - [hivemq-test-hivemq-platform] [hivemq-platform-operator] [3d906fec] 01:05:17.471 [ReconcilerExecutor-hivemq-controller-75] DEBUG c.h.p.o.h.HiveMQPlatformReconcilerErrorHandler - [customcl] Pod 'test-hivemq-platform-0' condition 'PodScheduled': True
2025-01-29 01:05:17,472 INFO c.h.h.t.HelmChartContainer - [hivemq-test-hivemq-platform] [hivemq-platform-operator] [3d906fec] 01:05:17.472 [ReconcilerExecutor-hivemq-controller-75] DEBUG c.h.p.o.h.HiveMQPlatformReconcilerErrorHandler - [customcl] Pod 'test-hivemq-platform-0' containerStatus 'hivemq' (started: false) (ready: false) (waiting: [PodInitializing] null)
2025-01-29 01:05:17,557 INFO c.h.h.t.HelmChartContainer - [hivemq-test-hivemq-platform] [hivemq-platform-operator] [3d906fec] 01:05:17.554 [ReconcilerExecutor-hivemq-controller-75] INFO  c.h.p.o.h.HiveMQPlatformReconcilerBaseHandler - [customcl] HiveMQ Platform is starting, 0 of 1 replicas are ready
2025-01-29 01:05:17,564 INFO c.h.h.t.HelmChartContainer - [hivemq-test-hivemq-platform] [hivemq-platform-operator] [3d906fec] 01:05:17.561 [pool-6-thread-32] DEBUG c.h.p.o.d.PlatformServiceResource - [customcl] Desired Platform services (2 services)
2025-01-29 01:05:17,569 INFO c.h.h.t.HelmChartContainer - [hivemq-test-hivemq-platform] [hivemq-platform-operator] [3d906fec] 01:05:17.567 [pool-6-thread-33] DEBUG c.h.p.o.dependants.PodInfoConfigMap - [customcl] Desired PodInfo ConfigMap (1 extensions) (1 enabled)
2025-01-29 01:05:17,569 INFO c.h.h.t.HelmChartContainer - [hivemq-test-hivemq-platform] [hivemq-platform-operator] [3d906fec] 01:05:17.567 [pool-6-thread-33] DEBUG c.h.p.o.dependants.PodInfoConfigMap - [customcl] Desired PodInfo ConfigMap (metrics port: 9399) (metrics path: /)
2025-01-29 01:05:17,569 INFO c.h.h.t.HelmChartContainer - [hivemq-test-hivemq-platform] [hivemq-platform-operator] [3d906fec] 01:05:17.567 [pool-6-thread-33] DEBUG c.h.p.o.dependants.PodInfoConfigMap - [customcl] Desired PodInfo ConfigMap (extension state hash: -1817474005)
2025-01-29 01:05:17,572 INFO c.h.h.t.HelmChartContainer - [hivemq-test-hivemq-platform] [hivemq-platform-operator] [3d906fec] 01:05:17.571 [pool-6-thread-37] DEBUG c.h.p.o.d.PodServiceAccountResource - [customcl] Desired PodServiceAccountResource (serviceAccountName: hivemq-platform-pod-test-hivemq-platform)
2025-01-29 01:05:17,586 INFO c.h.h.t.HelmChartContainer - [EVENT] Normal [Pulled] Container image "docker.io/hivemq/hivemq-platform-operator-init-test:snapshot" already present on machine [customclusterdomainnameit:test-hivemq-platform-0]
2025-01-29 01:05:17,592 INFO c.h.h.t.HelmChartContainer - [EVENT] Normal [Created] Created container: hivemq-platform-operator-init [customclusterdomainnameit:test-hivemq-platform-0]
2025-01-29 01:05:17,631 INFO c.h.h.t.HelmChartContainer - [EVENT] Normal [Started] Started container hivemq-platform-operator-init [customclusterdomainnameit:test-hivemq-platform-0]
2025-01-29 01:05:17,661 INFO c.h.h.t.HelmChartContainer - [hivemq-test-hivemq-platform] [hivemq-platform-operator] [3d906fec] 01:05:17.658 [pool-6-thread-40] DEBUG c.h.p.o.d.StatefulSetResource - [customcl] Desired StatefulSet (1 replicas) for status STARTING (READY)
2025-01-29 01:05:17,664 INFO c.h.h.t.HelmChartContainer - [hivemq-test-hivemq-platform] [hivemq-platform-operator] [3d906fec] 01:05:17.663 [ReconcilerExecutor-hivemq-controller-86] INFO  c.h.p.o.HiveMQPlatformReconciler - [customcl] Reconciling HiveMQ Platform 'test-hivemq-platform' in namespace 'customclusterdomainnameit'
2025-01-29 01:05:17,665 INFO c.h.h.t.HelmChartContainer - [hivemq-test-hivemq-platform] [hivemq-platform-operator] [3d906fec] 01:05:17.663 [ReconcilerExecutor-hivemq-controller-86] DEBUG c.h.p.o.HiveMQPlatformReconciler - [customcl] Custom Resource Status STARTING - HiveMQ Platform is starting (READY)
2025-01-29 01:05:17,665 INFO c.h.h.t.HelmChartContainer - [hivemq-test-hivemq-platform] [hivemq-platform-operator] [3d906fec] 01:05:17.663 [ReconcilerExecutor-hivemq-controller-86] DEBUG c.h.p.o.HiveMQPlatformReconciler - [customcl] Custom Resource Spec (replicas: 1) (extensions: 1)
2025-01-29 01:05:17,666 INFO c.h.h.t.HelmChartContainer - [hivemq-test-hivemq-platform] [hivemq-platform-operator] [3d906fec] 01:05:17.665 [ReconcilerExecutor-hivemq-controller-86] DEBUG c.h.p.o.HiveMQPlatformReconciler - [customcl] StatefulSet Status (revision: test-hivemq-platform-5bf899b4bb, replicas: 1, available: 0, ready: 0, current: 1, updated: 1)
2025-01-29 01:05:17,666 INFO c.h.h.t.HelmChartContainer - [hivemq-test-hivemq-platform] [hivemq-platform-operator] [3d906fec] 01:05:17.665 [ReconcilerExecutor-hivemq-controller-86] DEBUG c.h.p.o.HiveMQPlatformReconciler - [customcl] StatefulSet Spec (replicas: 1, init containers: 1, containers: 1, volumes: 3)
2025-01-29 01:05:17,668 INFO c.h.h.t.HelmChartContainer - [hivemq-test-hivemq-platform] [hivemq-platform-operator] [3d906fec] 01:05:17.667 [ReconcilerExecutor-hivemq-controller-86] DEBUG c.h.p.o.h.HiveMQPlatformReconcilerErrorHandler - [customcl] Pod 'test-hivemq-platform-0' phase Pending
2025-01-29 01:05:17,669 INFO c.h.h.t.HelmChartContainer - [hivemq-test-hivemq-platform] [hivemq-platform-operator] [3d906fec] 01:05:17.667 [ReconcilerExecutor-hivemq-controller-86] DEBUG c.h.p.o.h.HiveMQPlatformReconcilerErrorHandler - [customcl] Pod 'test-hivemq-platform-0' condition 'PodReadyToStartContainers': False
2025-01-29 01:05:17,669 INFO c.h.h.t.HelmChartContainer - [hivemq-test-hivemq-platform] [hivemq-platform-operator] [3d906fec] 01:05:17.667 [ReconcilerExecutor-hivemq-controller-86] DEBUG c.h.p.o.h.HiveMQPlatformReconcilerErrorHandler - [customcl] Pod 'test-hivemq-platform-0' condition 'Initialized': False
2025-01-29 01:05:17,669 INFO c.h.h.t.HelmChartContainer - [hivemq-test-hivemq-platform] [hivemq-platform-operator] [3d906fec] 01:05:17.667 [ReconcilerExecutor-hivemq-controller-86] DEBUG c.h.p.o.h.HiveMQPlatformReconcilerErrorHandler - [customcl] Pod 'test-hivemq-platform-0' condition 'Ready': False
2025-01-29 01:05:17,669 INFO c.h.h.t.HelmChartContainer - [hivemq-test-hivemq-platform] [hivemq-platform-operator] [3d906fec] 01:05:17.667 [ReconcilerExecutor-hivemq-controller-86] DEBUG c.h.p.o.h.HiveMQPlatformReconcilerErrorHandler - [customcl] Pod 'test-hivemq-platform-0' condition 'ContainersReady': False
2025-01-29 01:05:17,669 INFO c.h.h.t.HelmChartContainer - [hivemq-test-hivemq-platform] [hivemq-platform-operator] [3d906fec] 01:05:17.668 [ReconcilerExecutor-hivemq-controller-86] DEBUG c.h.p.o.h.HiveMQPlatformReconcilerErrorHandler - [customcl] Pod 'test-hivemq-platform-0' condition 'PodScheduled': True
2025-01-29 01:05:17,669 INFO c.h.h.t.HelmChartContainer - [hivemq-test-hivemq-platform] [hivemq-platform-operator] [3d906fec] 01:05:17.668 [ReconcilerExecutor-hivemq-controller-86] DEBUG c.h.p.o.h.HiveMQPlatformReconcilerErrorHandler - [customcl] Pod 'test-hivemq-platform-0' containerStatus 'hivemq' (started: false) (ready: false) (waiting: [PodInitializing] null)
2025-01-29 01:05:17,670 INFO c.h.h.t.HelmChartContainer - [hivemq-test-hivemq-platform] [hivemq-platform-operator] [3d906fec] 01:05:17.669 [ReconcilerExecutor-hivemq-controller-86] INFO  c.h.p.o.h.HiveMQPlatformReconcilerBaseHandler - [customcl] HiveMQ Platform is starting, 0 of 1 replicas are ready
2025-01-29 01:05:18,595 INFO c.h.h.t.HelmChartContainer - [EVENT] Normal [Pulled] Container image "docker.io/hivemq/hivemq4:4.36.0" already present on machine [customclusterdomainnameit:test-hivemq-platform-0]
2025-01-29 01:05:18,595 INFO c.h.h.t.HelmChartContainer - Received Pulled event for container hivemq in pod test-hivemq-platform-0 [f9bd3593-42e3-40ee-b1e9-1fdbc1036bfe]
2025-01-29 01:05:18,604 INFO c.h.h.t.HelmChartContainer - [POD] test-hivemq-platform-0 [f9bd3593-42e3-40ee-b1e9-1fdbc1036bfe] in customclusterdomainnameit was MODIFIED
2025-01-29 01:05:18,632 INFO c.h.h.t.HelmChartContainer - [EVENT] Normal [Created] Created container: hivemq [customclusterdomainnameit:test-hivemq-platform-0]
2025-01-29 01:05:18,632 INFO c.h.h.t.HelmChartContainer - Received Created event for container hivemq in pod test-hivemq-platform-0 [f9bd3593-42e3-40ee-b1e9-1fdbc1036bfe]
2025-01-29 01:05:18,639 INFO c.h.h.t.HelmChartContainer - [hivemq-test-hivemq-platform] [hivemq-platform-operator] [3d906fec] 01:05:18.619 [pool-6-thread-42] DEBUG c.h.p.o.d.PlatformServiceResource - [customcl] Desired Platform services (2 services)
2025-01-29 01:05:18,639 INFO c.h.h.t.HelmChartContainer - [hivemq-test-hivemq-platform] [hivemq-platform-operator] [3d906fec] 01:05:18.626 [pool-6-thread-43] DEBUG c.h.p.o.dependants.PodInfoConfigMap - [customcl] Desired PodInfo ConfigMap (1 extensions) (1 enabled)
2025-01-29 01:05:18,639 INFO c.h.h.t.HelmChartContainer - [hivemq-test-hivemq-platform] [hivemq-platform-operator] [3d906fec] 01:05:18.626 [pool-6-thread-43] DEBUG c.h.p.o.dependants.PodInfoConfigMap - [customcl] Desired PodInfo ConfigMap (metrics port: 9399) (metrics path: /)
2025-01-29 01:05:18,640 INFO c.h.h.t.HelmChartContainer - [hivemq-test-hivemq-platform] [hivemq-platform-operator] [3d906fec] 01:05:18.626 [pool-6-thread-43] DEBUG c.h.p.o.dependants.PodInfoConfigMap - [customcl] Desired PodInfo ConfigMap (extension state hash: -1817474005)
2025-01-29 01:05:18,640 INFO c.h.h.t.HelmChartContainer - [hivemq-test-hivemq-platform] [hivemq-platform-operator] [3d906fec] 01:05:18.631 [pool-6-thread-47] DEBUG c.h.p.o.d.PodServiceAccountResource - [customcl] Desired PodServiceAccountResource (serviceAccountName: hivemq-platform-pod-test-hivemq-platform)
2025-01-29 01:05:18,647 INFO c.h.h.t.HelmChartContainer - [hivemq-test-hivemq-platform] [hivemq-platform-operator] [3d906fec] 01:05:18.643 [pool-6-thread-50] DEBUG c.h.p.o.d.StatefulSetResource - [customcl] Desired StatefulSet (1 replicas) for status STARTING (READY)
2025-01-29 01:05:18,668 INFO c.h.h.t.HelmChartContainer - [hivemq-test-hivemq-platform] [hivemq-platform-operator] [3d906fec] 01:05:18.657 [ReconcilerExecutor-hivemq-controller-97] INFO  c.h.p.o.HiveMQPlatformReconciler - [customcl] Reconciling HiveMQ Platform 'test-hivemq-platform' in namespace 'customclusterdomainnameit'
2025-01-29 01:05:18,668 INFO c.h.h.t.HelmChartContainer - [hivemq-test-hivemq-platform] [hivemq-platform-operator] [3d906fec] 01:05:18.657 [ReconcilerExecutor-hivemq-controller-97] DEBUG c.h.p.o.HiveMQPlatformReconciler - [customcl] Custom Resource Status STARTING - HiveMQ Platform is starting (READY)
2025-01-29 01:05:18,668 INFO c.h.h.t.HelmChartContainer - [hivemq-test-hivemq-platform] [hivemq-platform-operator] [3d906fec] 01:05:18.657 [ReconcilerExecutor-hivemq-controller-97] DEBUG c.h.p.o.HiveMQPlatformReconciler - [customcl] Custom Resource Spec (replicas: 1) (extensions: 1)
2025-01-29 01:05:18,668 INFO c.h.h.t.HelmChartContainer - [hivemq-test-hivemq-platform] [hivemq-platform-operator] [3d906fec] 01:05:18.660 [ReconcilerExecutor-hivemq-controller-97] DEBUG c.h.p.o.HiveMQPlatformReconciler - [customcl] StatefulSet Status (revision: test-hivemq-platform-5bf899b4bb, replicas: 1, available: 0, ready: 0, current: 1, updated: 1)
2025-01-29 01:05:18,668 INFO c.h.h.t.HelmChartContainer - [hivemq-test-hivemq-platform] [hivemq-platform-operator] [3d906fec] 01:05:18.660 [ReconcilerExecutor-hivemq-controller-97] DEBUG c.h.p.o.HiveMQPlatformReconciler - [customcl] StatefulSet Spec (replicas: 1, init containers: 1, containers: 1, volumes: 3)
2025-01-29 01:05:18,669 INFO c.h.h.t.HelmChartContainer - [hivemq-test-hivemq-platform] [hivemq-platform-operator] [3d906fec] 01:05:18.667 [ReconcilerExecutor-hivemq-controller-97] DEBUG c.h.p.o.h.HiveMQPlatformReconcilerErrorHandler - [customcl] Pod 'test-hivemq-platform-0' phase Pending
2025-01-29 01:05:18,671 INFO c.h.h.t.HelmChartContainer - [hivemq-test-hivemq-platform] [hivemq-platform-operator] [3d906fec] 01:05:18.667 [ReconcilerExecutor-hivemq-controller-97] DEBUG c.h.p.o.h.HiveMQPlatformReconcilerErrorHandler - [customcl] Pod 'test-hivemq-platform-0' condition 'PodReadyToStartContainers': True
2025-01-29 01:05:18,671 INFO c.h.h.t.HelmChartContainer - [hivemq-test-hivemq-platform] [hivemq-platform-operator] [3d906fec] 01:05:18.667 [ReconcilerExecutor-hivemq-controller-97] DEBUG c.h.p.o.h.HiveMQPlatformReconcilerErrorHandler - [customcl] Pod 'test-hivemq-platform-0' condition 'Initialized': True
2025-01-29 01:05:18,671 INFO c.h.h.t.HelmChartContainer - [hivemq-test-hivemq-platform] [hivemq-platform-operator] [3d906fec] 01:05:18.667 [ReconcilerExecutor-hivemq-controller-97] DEBUG c.h.p.o.h.HiveMQPlatformReconcilerErrorHandler - [customcl] Pod 'test-hivemq-platform-0' condition 'Ready': False
2025-01-29 01:05:18,671 INFO c.h.h.t.HelmChartContainer - [hivemq-test-hivemq-platform] [hivemq-platform-operator] [3d906fec] 01:05:18.667 [ReconcilerExecutor-hivemq-controller-97] DEBUG c.h.p.o.h.HiveMQPlatformReconcilerErrorHandler - [customcl] Pod 'test-hivemq-platform-0' condition 'ContainersReady': False
2025-01-29 01:05:18,671 INFO c.h.h.t.HelmChartContainer - [hivemq-test-hivemq-platform] [hivemq-platform-operator] [3d906fec] 01:05:18.667 [ReconcilerExecutor-hivemq-controller-97] DEBUG c.h.p.o.h.HiveMQPlatformReconcilerErrorHandler - [customcl] Pod 'test-hivemq-platform-0' condition 'PodScheduled': True
2025-01-29 01:05:18,671 INFO c.h.h.t.HelmChartContainer - [hivemq-test-hivemq-platform] [hivemq-platform-operator] [3d906fec] 01:05:18.667 [ReconcilerExecutor-hivemq-controller-97] DEBUG c.h.p.o.h.HiveMQPlatformReconcilerErrorHandler - [customcl] Pod 'test-hivemq-platform-0' containerStatus 'hivemq' (started: false) (ready: false) (waiting: [PodInitializing] null)
2025-01-29 01:05:18,672 INFO c.h.h.t.HelmChartContainer - [hivemq-test-hivemq-platform] [hivemq-platform-operator] [3d906fec] 01:05:18.670 [ReconcilerExecutor-hivemq-controller-97] INFO  c.h.p.o.h.HiveMQPlatformReconcilerBaseHandler - [customcl] HiveMQ Platform is starting, 0 of 1 replicas are ready
2025-01-29 01:05:19,603 INFO c.h.h.t.HelmChartContainer - [POD] test-hivemq-platform-0 [f9bd3593-42e3-40ee-b1e9-1fdbc1036bfe] in customclusterdomainnameit was MODIFIED
2025-01-29 01:05:19,611 INFO c.h.h.t.HelmChartContainer - [EVENT] Normal [Started] Started container hivemq [customclusterdomainnameit:test-hivemq-platform-0]
2025-01-29 01:05:19,611 INFO c.h.h.t.HelmChartContainer - Received Started event for container hivemq in pod test-hivemq-platform-0 [f9bd3593-42e3-40ee-b1e9-1fdbc1036bfe]
2025-01-29 01:05:19,611 INFO c.h.h.t.HelmChartContainer - [hivemq-test-hivemq-platform] [hivemq-platform-operator] [3d906fec] 01:05:19.610 [pool-6-thread-8] DEBUG c.h.p.o.d.PlatformServiceResource - [customcl] Desired Platform services (2 services)
2025-01-29 01:05:19,612 INFO c.h.h.t.HelmChartContainer - Started log watcher for hivemq in pod test-hivemq-platform-0 [f9bd3593-42e3-40ee-b1e9-1fdbc1036bfe]
2025-01-29 01:05:19,612 INFO c.h.h.t.HelmChartContainer - [test-hivemq-platform] [hivemq] [f9bd3593] Adding pre-installed HiveMQ Platform Operator extensions
2025-01-29 01:05:19,612 INFO c.h.h.t.HelmChartContainer - [test-hivemq-platform] [hivemq] [f9bd3593] Running as user 10000
2025-01-29 01:05:19,612 INFO c.h.h.t.HelmChartContainer - [test-hivemq-platform] [hivemq] [f9bd3593] Starting HiveMQ Platform Operator Init
2025-01-29 01:05:19,614 INFO c.h.h.t.HelmChartContainer - [hivemq-test-hivemq-platform] [hivemq-platform-operator] [3d906fec] 01:05:19.613 [pool-6-thread-9] DEBUG c.h.p.o.dependants.PodInfoConfigMap - [customcl] Desired PodInfo ConfigMap (1 extensions) (1 enabled)
2025-01-29 01:05:19,619 INFO c.h.h.t.HelmChartContainer - [hivemq-test-hivemq-platform] [hivemq-platform-operator] [3d906fec] 01:05:19.617 [pool-6-thread-9] DEBUG c.h.p.o.dependants.PodInfoConfigMap - [customcl] Desired PodInfo ConfigMap (metrics port: 9399) (metrics path: /)
2025-01-29 01:05:19,619 INFO c.h.h.t.HelmChartContainer - [hivemq-test-hivemq-platform] [hivemq-platform-operator] [3d906fec] 01:05:19.617 [pool-6-thread-9] DEBUG c.h.p.o.dependants.PodInfoConfigMap - [customcl] Desired PodInfo ConfigMap (extension state hash: -1817474005)
2025-01-29 01:05:19,624 INFO c.h.h.t.HelmChartContainer - [hivemq-test-hivemq-platform] [hivemq-platform-operator] [3d906fec] 01:05:19.613 [pool-6-thread-3] DEBUG c.h.p.o.d.PodServiceAccountResource - [customcl] Desired PodServiceAccountResource (serviceAccountName: hivemq-platform-pod-test-hivemq-platform)
2025-01-29 01:05:19,626 INFO c.h.h.t.HelmChartContainer - [hivemq-test-hivemq-platform] [hivemq-platform-operator] [3d906fec] 01:05:19.623 [pool-6-thread-9] DEBUG c.h.p.o.d.StatefulSetResource - [customcl] Desired StatefulSet (1 replicas) for status STARTING (READY)
2025-01-29 01:05:19,655 INFO c.h.h.t.HelmChartContainer - [hivemq-test-hivemq-platform] [hivemq-platform-operator] [3d906fec] 01:05:19.654 [ReconcilerExecutor-hivemq-controller-108] INFO  c.h.p.o.HiveMQPlatformReconciler - [customcl] Reconciling HiveMQ Platform 'test-hivemq-platform' in namespace 'customclusterdomainnameit'
2025-01-29 01:05:19,656 INFO c.h.h.t.HelmChartContainer - [hivemq-test-hivemq-platform] [hivemq-platform-operator] [3d906fec] 01:05:19.655 [ReconcilerExecutor-hivemq-controller-108] DEBUG c.h.p.o.HiveMQPlatformReconciler - [customcl] Custom Resource Status STARTING - HiveMQ Platform is starting (READY)
2025-01-29 01:05:19,656 INFO c.h.h.t.HelmChartContainer - [hivemq-test-hivemq-platform] [hivemq-platform-operator] [3d906fec] 01:05:19.655 [ReconcilerExecutor-hivemq-controller-108] DEBUG c.h.p.o.HiveMQPlatformReconciler - [customcl] Custom Resource Spec (replicas: 1) (extensions: 1)
2025-01-29 01:05:19,662 INFO c.h.h.t.HelmChartContainer - [hivemq-test-hivemq-platform] [hivemq-platform-operator] [3d906fec] 01:05:19.659 [ReconcilerExecutor-hivemq-controller-108] DEBUG c.h.p.o.HiveMQPlatformReconciler - [customcl] StatefulSet Status (revision: test-hivemq-platform-5bf899b4bb, replicas: 1, available: 0, ready: 0, current: 1, updated: 1)
2025-01-29 01:05:19,663 INFO c.h.h.t.HelmChartContainer - [hivemq-test-hivemq-platform] [hivemq-platform-operator] [3d906fec] 01:05:19.659 [ReconcilerExecutor-hivemq-controller-108] DEBUG c.h.p.o.HiveMQPlatformReconciler - [customcl] StatefulSet Spec (replicas: 1, init containers: 1, containers: 1, volumes: 3)
2025-01-29 01:05:19,663 INFO c.h.h.t.HelmChartContainer - [hivemq-test-hivemq-platform] [hivemq-platform-operator] [3d906fec] 01:05:19.661 [ReconcilerExecutor-hivemq-controller-108] DEBUG c.h.p.o.h.HiveMQPlatformReconcilerErrorHandler - [customcl] Pod 'test-hivemq-platform-0' phase Running
2025-01-29 01:05:19,664 INFO c.h.h.t.HelmChartContainer - [hivemq-test-hivemq-platform] [hivemq-platform-operator] [3d906fec] 01:05:19.662 [ReconcilerExecutor-hivemq-controller-108] INFO  c.h.p.o.h.HiveMQPlatformReconcilerBaseHandler - [customcl] HiveMQ Platform is starting, 0 of 1 replicas are ready
2025-01-29 01:05:19,869 INFO c.h.h.t.HelmChartContainer - [test-hivemq-platform] [hivemq] [f9bd3593] INFO  - [HiveMQ Platform Operator Init 1.7.0-SNAPSHOT] HiveMQ Platform Operator Init 1.7.0-SNAPSHOT (commit: bebf408 on branch: HEAD) built on Sun Jan 26 20:47:47 UTC 2025
2025-01-29 01:05:21,079 INFO c.h.h.t.HelmChartContainer - [test-hivemq-platform] [hivemq] [f9bd3593] INFO  - [HiveMQ Platform Operator Init App 1.7.0-SNAPSHOT] Using bind address 10.42.0.6 from environment variable
2025-01-29 01:05:21,972 INFO c.h.h.t.HelmChartContainer - [test-hivemq-platform] [hivemq] [f9bd3593] INFO  - [HiveMQ Platform Operator Init App 1.7.0-SNAPSHOT] HiveMQ Platform Operator Init App 1.7.0-SNAPSHOT (commit: bebf408 on branch: HEAD) built on Sun Jan 26 20:47:47 UTC 2025
2025-01-29 01:05:21,972 INFO c.h.h.t.HelmChartContainer - [test-hivemq-platform] [hivemq] [f9bd3593] INFO  - [HiveMQ Platform Operator Init App 1.7.0-SNAPSHOT] PodInfo ConfigMap directory: /etc/podinfo
2025-01-29 01:05:21,972 INFO c.h.h.t.HelmChartContainer - [test-hivemq-platform] [hivemq] [f9bd3593] INFO  - [HiveMQ Platform Operator Init App 1.7.0-SNAPSHOT] HiveMQ home directory: /opt/hivemq
2025-01-29 01:05:21,972 INFO c.h.h.t.HelmChartContainer - [test-hivemq-platform] [hivemq] [f9bd3593] INFO  - [HiveMQ Platform Operator Init App 1.7.0-SNAPSHOT] HiveMQ Logback folder: /opt/hivemq/conf
2025-01-29 01:05:21,973 INFO c.h.h.t.HelmChartContainer - [test-hivemq-platform] [hivemq] [f9bd3593] INFO  - [HiveMQ Platform Operator Init App 1.7.0-SNAPSHOT] HiveMQ Config folder: /opt/hivemq/conf-k8s
2025-01-29 01:05:21,974 INFO c.h.h.t.HelmChartContainer - [test-hivemq-platform] [hivemq] [f9bd3593] INFO  - [HiveMQ Platform Operator Init App 1.7.0-SNAPSHOT] Starting HiveMQ Platform Operator Init App
2025-01-29 01:05:21,974 INFO c.h.h.t.HelmChartContainer - [test-hivemq-platform] [hivemq] [f9bd3593] INFO  - [HiveMQ Platform Operator Init App 1.7.0-SNAPSHOT] Starting Pod reconciler
2025-01-29 01:05:23,182 INFO c.h.h.t.HelmChartContainer - [test-hivemq-platform] [hivemq] [f9bd3593] INFO  - [HiveMQ Platform Operator Init App 1.7.0-SNAPSHOT] Pod reconciler is scheduled (interval: 5000 ms)
2025-01-29 01:05:23,182 INFO c.h.h.t.HelmChartContainer - [test-hivemq-platform] [hivemq] [f9bd3593] INFO  - [HiveMQ Platform Operator Init App 1.7.0-SNAPSHOT] Starting the REST API on 10.42.0.6:7979
2025-01-29 01:05:23,185 INFO c.h.h.t.HelmChartContainer - [test-hivemq-platform] [hivemq] [f9bd3593] INFO  - [HiveMQ Platform Operator Init App 1.7.0-SNAPSHOT] Waiting up to 600s for at most 1 HiveMQ nodes in cluster service hivemq-test-hivemq-platform-cluster.customclusterdomainnameit.svc
2025-01-29 01:05:23,568 INFO c.h.h.t.HelmChartContainer - [test-hivemq-platform] [hivemq] [f9bd3593] INFO  - [HiveMQ Platform Operator Init App 1.7.0-SNAPSHOT] Resolved 1 IP addresses: [10.42.0.6]
2025-01-29 01:05:23,568 INFO c.h.h.t.HelmChartContainer - [test-hivemq-platform] [hivemq] [f9bd3593] INFO  - [HiveMQ Platform Operator Init App 1.7.0-SNAPSHOT] HiveMQ node count of 1 is within threshold of 1
2025-01-29 01:05:23,568 INFO c.h.h.t.HelmChartContainer - [test-hivemq-platform] [hivemq] [f9bd3593] INFO  - [HiveMQ Platform Operator Init App 1.7.0-SNAPSHOT] Proceeding with container start
2025-01-29 01:05:23,627 INFO c.h.h.t.HelmChartContainer - [test-hivemq-platform] [hivemq] [f9bd3593] INFO  - [HiveMQ Platform Operator Init App 1.7.0-SNAPSHOT] Initializing HiveMQ Platform extensions with initial configuration: {hivemq-allow-all-extension={start-priority=-1, skip-https-hostname-verification=false, restart=true, config-version=0, header-version=0, c-uri=, priority=-1, uri=preinstalled, skip-https-certificate-validation=false, enabled=true}, hivemq-prometheus-extension={restart=true, priority=-1, start-priority=-1, c-uri=, skip-https-hostname-verification=false, skip-https-certificate-validation=false, uri=preinstalled, request-header-path=no-request-headers, enabled=true}}
2025-01-29 01:05:24,063 INFO c.h.h.t.HelmChartContainer - [test-hivemq-platform] [hivemq] [f9bd3593] INFO  - [HiveMQ Platform Operator Init App 1.7.0-SNAPSHOT] Extension hivemq-allow-all-extension was already enabled
2025-01-29 01:05:24,121 INFO c.h.h.t.HelmChartContainer - [test-hivemq-platform] [hivemq] [f9bd3593] INFO  - [HiveMQ Platform Operator Init App 1.7.0-SNAPSHOT] Successfully enabled extension hivemq-prometheus-extension
2025-01-29 01:05:24,123 INFO c.h.h.t.HelmChartContainer - [test-hivemq-platform] [hivemq] [f9bd3593] INFO  - [HiveMQ Platform Operator Init App 1.7.0-SNAPSHOT] Starting HiveMQ Platform version 4.36.0 (4.36.0)
2025-01-29 01:05:24,123 INFO c.h.h.t.HelmChartContainer - [test-hivemq-platform] [hivemq] [f9bd3593] INFO  - [HiveMQ Platform Operator Init App 1.7.0-SNAPSHOT] Configuring the HiveMQ Platform
2025-01-29 01:05:24,163 INFO c.h.h.t.HelmChartContainer - [test-hivemq-platform] [hivemq] [f9bd3593] INFO  - [HiveMQ Platform Operator Init App 1.7.0-SNAPSHOT] Changed logback.xml file scan period to 20 seconds
2025-01-29 01:05:24,260 INFO c.h.h.t.HelmChartContainer - [test-hivemq-platform] [hivemq] [f9bd3593] INFO  - [HiveMQ Platform Operator Init App 1.7.0-SNAPSHOT] Starting the HiveMQ Platform
2025-01-29 01:05:24,267 INFO c.h.h.t.HelmChartContainer - [test-hivemq-platform] [hivemq] [f9bd3593] -------------------------------------------------------------------------
2025-01-29 01:05:24,267 INFO c.h.h.t.HelmChartContainer - [test-hivemq-platform] [hivemq] [f9bd3593] 
2025-01-29 01:05:24,267 INFO c.h.h.t.HelmChartContainer - [test-hivemq-platform] [hivemq] [f9bd3593]                   _    _  _              __  __   ____
2025-01-29 01:05:24,267 INFO c.h.h.t.HelmChartContainer - [test-hivemq-platform] [hivemq] [f9bd3593]                  | |  | |(_)            |  \/  | / __ \
2025-01-29 01:05:24,267 INFO c.h.h.t.HelmChartContainer - [test-hivemq-platform] [hivemq] [f9bd3593]                  | |__| | _ __   __ ___ | \  / || |  | |
2025-01-29 01:05:24,267 INFO c.h.h.t.HelmChartContainer - [test-hivemq-platform] [hivemq] [f9bd3593]                  |  __  || |\ \ / // _ \| |\/| || |  | |
2025-01-29 01:05:24,267 INFO c.h.h.t.HelmChartContainer - [test-hivemq-platform] [hivemq] [f9bd3593]                  | |  | || | \ V /|  __/| |  | || |__| |
2025-01-29 01:05:24,267 INFO c.h.h.t.HelmChartContainer - [test-hivemq-platform] [hivemq] [f9bd3593]                  |_|  |_||_|  \_/  \___||_|  |_| \___\_\
2025-01-29 01:05:24,267 INFO c.h.h.t.HelmChartContainer - [test-hivemq-platform] [hivemq] [f9bd3593] 
2025-01-29 01:05:24,267 INFO c.h.h.t.HelmChartContainer - [test-hivemq-platform] [hivemq] [f9bd3593] -------------------------------------------------------------------------
2025-01-29 01:05:24,267 INFO c.h.h.t.HelmChartContainer - [test-hivemq-platform] [hivemq] [f9bd3593] 
2025-01-29 01:05:24,267 INFO c.h.h.t.HelmChartContainer - [test-hivemq-platform] [hivemq] [f9bd3593]   HiveMQ Start Script for Linux/Unix v1.14
2025-01-29 01:05:24,267 INFO c.h.h.t.HelmChartContainer - [test-hivemq-platform] [hivemq] [f9bd3593] 
2025-01-29 01:05:24,327 INFO c.h.h.t.HelmChartContainer - [test-hivemq-platform] [hivemq] [f9bd3593] -------------------------------------------------------------------------
2025-01-29 01:05:24,327 INFO c.h.h.t.HelmChartContainer - [test-hivemq-platform] [hivemq] [f9bd3593] 
2025-01-29 01:05:24,327 INFO c.h.h.t.HelmChartContainer - [test-hivemq-platform] [hivemq] [f9bd3593]   HIVEMQ_HOME: /opt/hivemq
2025-01-29 01:05:24,327 INFO c.h.h.t.HelmChartContainer - [test-hivemq-platform] [hivemq] [f9bd3593] 
2025-01-29 01:05:24,327 INFO c.h.h.t.HelmChartContainer - [test-hivemq-platform] [hivemq] [f9bd3593]   JAVA_OPTS: -XX:+UnlockExperimentalVMOptions -XX:InitialRAMPercentage=50 -XX:MaxRAMPercentage=50 -Djava.net.preferIPv4Stack=true --add-opens java.base/java.lang=ALL-UNNAMED --add-opens java.base/java.nio=ALL-UNNAMED --add-opens java.base/sun.nio.ch=ALL-UNNAMED --add-opens jdk.management/com.sun.management.internal=ALL-UNNAMED --add-exports java.base/jdk.internal.misc=ALL-UNNAMED -Djava.security.egd=file:/dev/./urandom -Dcom.sun.management.jmxremote -Dcom.sun.management.jmxremote.port=9010 -Dcom.sun.management.jmxremote.local.only=false -Dcom.sun.management.jmxremote.authenticate=false -Dcom.sun.management.jmxremote.ssl=false -Duser.language=en -Duser.region=US -XX:+CrashOnOutOfMemoryError -XX:+HeapDumpOnOutOfMemoryError
2025-01-29 01:05:24,327 INFO c.h.h.t.HelmChartContainer - [test-hivemq-platform] [hivemq] [f9bd3593] 
2025-01-29 01:05:24,328 INFO c.h.h.t.HelmChartContainer - [test-hivemq-platform] [hivemq] [f9bd3593]   JAVA_VERSION: 21
2025-01-29 01:05:24,328 INFO c.h.h.t.HelmChartContainer - [test-hivemq-platform] [hivemq] [f9bd3593] 
2025-01-29 01:05:24,329 INFO c.h.h.t.HelmChartContainer - [test-hivemq-platform] [hivemq] [f9bd3593] -------------------------------------------------------------------------
2025-01-29 01:05:24,329 INFO c.h.h.t.HelmChartContainer - [test-hivemq-platform] [hivemq] [f9bd3593] 
2025-01-29 01:05:25,664 INFO c.h.h.t.HelmChartContainer - [test-hivemq-platform] [hivemq] [f9bd3593] INFO  - [HiveMQ Platform Operator Init App 1.7.0-SNAPSHOT] Returning default Health API response 503 for readiness
2025-01-29 01:05:26,066 INFO c.h.h.t.HelmChartContainer - [EVENT] Warning [Unhealthy] Readiness probe failed: HTTP probe failed with statuscode: 503 [customclusterdomainnameit:test-hivemq-platform-0]
2025-01-29 01:05:26,066 INFO c.h.h.t.HelmChartContainer - Received Unhealthy event for container hivemq in pod test-hivemq-platform-0 [f9bd3593-42e3-40ee-b1e9-1fdbc1036bfe]
2025-01-29 01:05:26,963 INFO c.h.h.t.HelmChartContainer - [test-hivemq-platform] [hivemq] [f9bd3593] INFO  - Starting HiveMQ Enterprise Server
2025-01-29 01:05:26,969 INFO c.h.h.t.HelmChartContainer - [test-hivemq-platform] [hivemq] [f9bd3593] INFO  - HiveMQ version: 4.36.0
2025-01-29 01:05:26,969 INFO c.h.h.t.HelmChartContainer - [test-hivemq-platform] [hivemq] [f9bd3593] INFO  - HiveMQ home directory: /opt/hivemq
2025-01-29 01:05:26,970 INFO c.h.h.t.HelmChartContainer - [test-hivemq-platform] [hivemq] [f9bd3593] INFO  - Log Configuration was overridden by /opt/hivemq/conf/logback.xml
2025-01-29 01:05:28,187 INFO c.h.h.t.HelmChartContainer - [test-hivemq-platform] [hivemq] [f9bd3593] INFO  - Successfully loaded configuration from '/opt/hivemq/conf-k8s/config.xml'.
2025-01-29 01:05:28,869 INFO c.h.h.t.HelmChartContainer - [test-hivemq-platform] [hivemq] [f9bd3593] INFO  - This node's ID is mo1rb
2025-01-29 01:05:28,869 INFO c.h.h.t.HelmChartContainer - [test-hivemq-platform] [hivemq] [f9bd3593] INFO  - Clustering is enabled
2025-01-29 01:05:29,672 INFO c.h.h.t.HelmChartContainer - [hivemq-test-hivemq-platform] [hivemq-platform-operator] [3d906fec] 01:05:29.671 [pool-6-thread-16] DEBUG c.h.p.o.d.PlatformServiceResource - [customcl] Desired Platform services (2 services)
2025-01-29 01:05:29,676 INFO c.h.h.t.HelmChartContainer - [hivemq-test-hivemq-platform] [hivemq-platform-operator] [3d906fec] 01:05:29.675 [pool-6-thread-19] DEBUG c.h.p.o.d.PodServiceAccountResource - [customcl] Desired PodServiceAccountResource (serviceAccountName: hivemq-platform-pod-test-hivemq-platform)
2025-01-29 01:05:29,678 INFO c.h.h.t.HelmChartContainer - [hivemq-test-hivemq-platform] [hivemq-platform-operator] [3d906fec] 01:05:29.675 [pool-6-thread-14] DEBUG c.h.p.o.dependants.PodInfoConfigMap - [customcl] Desired PodInfo ConfigMap (1 extensions) (1 enabled)
2025-01-29 01:05:29,679 INFO c.h.h.t.HelmChartContainer - [hivemq-test-hivemq-platform] [hivemq-platform-operator] [3d906fec] 01:05:29.677 [pool-6-thread-14] DEBUG c.h.p.o.dependants.PodInfoConfigMap - [customcl] Desired PodInfo ConfigMap (metrics port: 9399) (metrics path: /)
2025-01-29 01:05:29,679 INFO c.h.h.t.HelmChartContainer - [hivemq-test-hivemq-platform] [hivemq-platform-operator] [3d906fec] 01:05:29.677 [pool-6-thread-14] DEBUG c.h.p.o.dependants.PodInfoConfigMap - [customcl] Desired PodInfo ConfigMap (extension state hash: -1817474005)
2025-01-29 01:05:29,682 INFO c.h.h.t.HelmChartContainer - [hivemq-test-hivemq-platform] [hivemq-platform-operator] [3d906fec] 01:05:29.682 [pool-6-thread-16] DEBUG c.h.p.o.d.StatefulSetResource - [customcl] Desired StatefulSet (1 replicas) for status STARTING (READY)
2025-01-29 01:05:29,686 INFO c.h.h.t.HelmChartContainer - [hivemq-test-hivemq-platform] [hivemq-platform-operator] [3d906fec] 01:05:29.685 [ReconcilerExecutor-hivemq-controller-109] INFO  c.h.p.o.HiveMQPlatformReconciler - [customcl] Reconciling HiveMQ Platform 'test-hivemq-platform' in namespace 'customclusterdomainnameit'
2025-01-29 01:05:29,686 INFO c.h.h.t.HelmChartContainer - [hivemq-test-hivemq-platform] [hivemq-platform-operator] [3d906fec] 01:05:29.685 [ReconcilerExecutor-hivemq-controller-109] DEBUG c.h.p.o.HiveMQPlatformReconciler - [customcl] Custom Resource Status STARTING - HiveMQ Platform is starting (READY)
2025-01-29 01:05:29,686 INFO c.h.h.t.HelmChartContainer - [hivemq-test-hivemq-platform] [hivemq-platform-operator] [3d906fec] 01:05:29.685 [ReconcilerExecutor-hivemq-controller-109] DEBUG c.h.p.o.HiveMQPlatformReconciler - [customcl] Custom Resource Spec (replicas: 1) (extensions: 1)
2025-01-29 01:05:29,688 INFO c.h.h.t.HelmChartContainer - [hivemq-test-hivemq-platform] [hivemq-platform-operator] [3d906fec] 01:05:29.686 [ReconcilerExecutor-hivemq-controller-109] DEBUG c.h.p.o.HiveMQPlatformReconciler - [customcl] StatefulSet Status (revision: test-hivemq-platform-5bf899b4bb, replicas: 1, available: 0, ready: 0, current: 1, updated: 1)
2025-01-29 01:05:29,688 INFO c.h.h.t.HelmChartContainer - [hivemq-test-hivemq-platform] [hivemq-platform-operator] [3d906fec] 01:05:29.686 [ReconcilerExecutor-hivemq-controller-109] DEBUG c.h.p.o.HiveMQPlatformReconciler - [customcl] StatefulSet Spec (replicas: 1, init containers: 1, containers: 1, volumes: 3)
2025-01-29 01:05:29,689 INFO c.h.h.t.HelmChartContainer - [hivemq-test-hivemq-platform] [hivemq-platform-operator] [3d906fec] 01:05:29.688 [ReconcilerExecutor-hivemq-controller-109] DEBUG c.h.p.o.h.HiveMQPlatformReconcilerErrorHandler - [customcl] Pod 'test-hivemq-platform-0' phase Running
2025-01-29 01:05:29,690 INFO c.h.h.t.HelmChartContainer - [hivemq-test-hivemq-platform] [hivemq-platform-operator] [3d906fec] 01:05:29.689 [ReconcilerExecutor-hivemq-controller-109] INFO  c.h.p.o.h.HiveMQPlatformReconcilerBaseHandler - [customcl] HiveMQ Platform is starting, 0 of 1 replicas are ready
2025-01-29 01:05:30,968 INFO c.h.h.t.HelmChartContainer - [test-hivemq-platform] [hivemq] [f9bd3593] WARN  - [HiveMQ Platform Operator Init App 1.7.0-SNAPSHOT] Cannot connect to Health API for readiness: null
2025-01-29 01:05:30,973 INFO c.h.h.t.HelmChartContainer - [EVENT] Warning [Unhealthy] Readiness probe failed: HTTP probe failed with statuscode: 503 [customclusterdomainnameit:test-hivemq-platform-0]
2025-01-29 01:05:30,974 INFO c.h.h.t.HelmChartContainer - Received Unhealthy event for container hivemq in pod test-hivemq-platform-0 [f9bd3593-42e3-40ee-b1e9-1fdbc1036bfe]
2025-01-29 01:05:33,568 INFO c.h.h.t.HelmChartContainer - [test-hivemq-platform] [hivemq] [f9bd3593] Jan 29, 2025 1:05:33 AM io.vertx.core.impl.BlockedThreadChecker
2025-01-29 01:05:33,568 INFO c.h.h.t.HelmChartContainer - [test-hivemq-platform] [hivemq] [f9bd3593] WARNING: Thread Thread[vert.x-eventloop-thread-1,5,main] has been blocked for 2101 ms, time limit is 2000 ms
2025-01-29 01:05:34,565 INFO c.h.h.t.HelmChartContainer - [test-hivemq-platform] [hivemq] [f9bd3593] Jan 29, 2025 1:05:34 AM io.vertx.core.impl.BlockedThreadChecker
2025-01-29 01:05:34,565 INFO c.h.h.t.HelmChartContainer - [test-hivemq-platform] [hivemq] [f9bd3593] WARNING: Thread Thread[vert.x-eventloop-thread-1,5,main] has been blocked for 3101 ms, time limit is 2000 ms
2025-01-29 01:05:34,663 INFO c.h.h.t.HelmChartContainer - [test-hivemq-platform] [hivemq] [f9bd3593] INFO  - [HiveMQ Platform Operator Init App 1.7.0-SNAPSHOT] Updating Pod HiveMQ Platform Operator Init App version annotation (version: 1.7.0-SNAPSHOT)
2025-01-29 01:05:35,475 INFO c.h.h.t.HelmChartContainer - [POD] test-hivemq-platform-0 [f9bd3593-42e3-40ee-b1e9-1fdbc1036bfe] in customclusterdomainnameit was MODIFIED
2025-01-29 01:05:35,484 INFO c.h.h.t.HelmChartContainer - [hivemq-test-hivemq-platform] [hivemq-platform-operator] [3d906fec] 01:05:35.480 [pool-6-thread-27] DEBUG c.h.p.o.d.PlatformServiceResource - [customcl] Desired Platform services (2 services)
2025-01-29 01:05:35,484 INFO c.h.h.t.HelmChartContainer - [hivemq-test-hivemq-platform] [hivemq-platform-operator] [3d906fec] 01:05:35.482 [pool-6-thread-21] DEBUG c.h.p.o.dependants.PodInfoConfigMap - [customcl] Desired PodInfo ConfigMap (1 extensions) (1 enabled)
2025-01-29 01:05:35,484 INFO c.h.h.t.HelmChartContainer - [hivemq-test-hivemq-platform] [hivemq-platform-operator] [3d906fec] 01:05:35.482 [pool-6-thread-21] DEBUG c.h.p.o.dependants.PodInfoConfigMap - [customcl] Desired PodInfo ConfigMap (metrics port: 9399) (metrics path: /)
2025-01-29 01:05:35,484 INFO c.h.h.t.HelmChartContainer - [hivemq-test-hivemq-platform] [hivemq-platform-operator] [3d906fec] 01:05:35.483 [pool-6-thread-21] DEBUG c.h.p.o.dependants.PodInfoConfigMap - [customcl] Desired PodInfo ConfigMap (extension state hash: -1817474005)
2025-01-29 01:05:35,484 INFO c.h.h.t.HelmChartContainer - [hivemq-test-hivemq-platform] [hivemq-platform-operator] [3d906fec] 01:05:35.483 [pool-6-thread-26] DEBUG c.h.p.o.d.PodServiceAccountResource - [customcl] Desired PodServiceAccountResource (serviceAccountName: hivemq-platform-pod-test-hivemq-platform)
2025-01-29 01:05:35,489 INFO c.h.h.t.HelmChartContainer - [hivemq-test-hivemq-platform] [hivemq-platform-operator] [3d906fec] 01:05:35.488 [pool-6-thread-27] DEBUG c.h.p.o.d.StatefulSetResource - [customcl] Desired StatefulSet (1 replicas) for status STARTING (READY)
2025-01-29 01:05:35,493 INFO c.h.h.t.HelmChartContainer - [hivemq-test-hivemq-platform] [hivemq-platform-operator] [3d906fec] 01:05:35.492 [ReconcilerExecutor-hivemq-controller-110] INFO  c.h.p.o.HiveMQPlatformReconciler - [customcl] Reconciling HiveMQ Platform 'test-hivemq-platform' in namespace 'customclusterdomainnameit'
2025-01-29 01:05:35,494 INFO c.h.h.t.HelmChartContainer - [hivemq-test-hivemq-platform] [hivemq-platform-operator] [3d906fec] 01:05:35.492 [ReconcilerExecutor-hivemq-controller-110] DEBUG c.h.p.o.HiveMQPlatformReconciler - [customcl] Custom Resource Status STARTING - HiveMQ Platform is starting (READY)
2025-01-29 01:05:35,494 INFO c.h.h.t.HelmChartContainer - [hivemq-test-hivemq-platform] [hivemq-platform-operator] [3d906fec] 01:05:35.492 [ReconcilerExecutor-hivemq-controller-110] DEBUG c.h.p.o.HiveMQPlatformReconciler - [customcl] Custom Resource Spec (replicas: 1) (extensions: 1)
2025-01-29 01:05:35,558 INFO c.h.h.t.HelmChartContainer - [hivemq-test-hivemq-platform] [hivemq-platform-operator] [3d906fec] 01:05:35.554 [ReconcilerExecutor-hivemq-controller-110] DEBUG c.h.p.o.HiveMQPlatformReconciler - [customcl] StatefulSet Status (revision: test-hivemq-platform-5bf899b4bb, replicas: 1, available: 0, ready: 0, current: 1, updated: 1)
2025-01-29 01:05:35,558 INFO c.h.h.t.HelmChartContainer - [hivemq-test-hivemq-platform] [hivemq-platform-operator] [3d906fec] 01:05:35.555 [ReconcilerExecutor-hivemq-controller-110] DEBUG c.h.p.o.HiveMQPlatformReconciler - [customcl] StatefulSet Spec (replicas: 1, init containers: 1, containers: 1, volumes: 3)
2025-01-29 01:05:35,558 INFO c.h.h.t.HelmChartContainer - [hivemq-test-hivemq-platform] [hivemq-platform-operator] [3d906fec] 01:05:35.556 [ReconcilerExecutor-hivemq-controller-110] DEBUG c.h.p.o.h.HiveMQPlatformReconcilerErrorHandler - [customcl] Pod 'test-hivemq-platform-0' phase Running
2025-01-29 01:05:35,558 INFO c.h.h.t.HelmChartContainer - [hivemq-test-hivemq-platform] [hivemq-platform-operator] [3d906fec] 01:05:35.557 [ReconcilerExecutor-hivemq-controller-110] INFO  c.h.p.o.h.HiveMQPlatformReconcilerBaseHandler - [customcl] HiveMQ Platform is starting, 0 of 1 replicas are ready
2025-01-29 01:05:35,560 INFO c.h.h.t.HelmChartContainer - [test-hivemq-platform] [hivemq] [f9bd3593] INFO  - [HiveMQ Platform Operator Init App 1.7.0-SNAPSHOT] Successfully updated Pod HiveMQ Platform Operator Init App version annotation (version: 1.7.0-SNAPSHOT)
2025-01-29 01:05:35,564 INFO c.h.h.t.HelmChartContainer - [test-hivemq-platform] [hivemq] [f9bd3593] WARN  - [HiveMQ Platform Operator Init App 1.7.0-SNAPSHOT] Cannot connect to Health API for readiness: null
2025-01-29 01:05:35,571 INFO c.h.h.t.HelmChartContainer - [EVENT] Warning [Unhealthy] Readiness probe failed: HTTP probe failed with statuscode: 503 [customclusterdomainnameit:test-hivemq-platform-0]
2025-01-29 01:05:35,571 INFO c.h.h.t.HelmChartContainer - Received Unhealthy event for container hivemq in pod test-hivemq-platform-0 [f9bd3593-42e3-40ee-b1e9-1fdbc1036bfe]
2025-01-29 01:05:40,561 INFO c.h.h.t.HelmChartContainer - [test-hivemq-platform] [hivemq] [f9bd3593] WARN  - [HiveMQ Platform Operator Init App 1.7.0-SNAPSHOT] Cannot connect to Health API for readiness: null
2025-01-29 01:05:40,570 INFO c.h.h.t.HelmChartContainer - [EVENT] Warning [Unhealthy] Readiness probe failed: HTTP probe failed with statuscode: 503 [customclusterdomainnameit:test-hivemq-platform-0]
2025-01-29 01:05:40,570 INFO c.h.h.t.HelmChartContainer - Received Unhealthy event for container hivemq in pod test-hivemq-platform-0 [f9bd3593-42e3-40ee-b1e9-1fdbc1036bfe]
2025-01-29 01:05:45,520 INFO c.h.h.t.HelmChartContainer - [test-hivemq-platform] [hivemq] [f9bd3593] WARN  - [HiveMQ Platform Operator Init App 1.7.0-SNAPSHOT] Cannot connect to Health API for readiness: null
2025-01-29 01:05:45,525 INFO c.h.h.t.HelmChartContainer - [EVENT] Warning [Unhealthy] Readiness probe failed: HTTP probe failed with statuscode: 503 [customclusterdomainnameit:test-hivemq-platform-0]
2025-01-29 01:05:45,525 INFO c.h.h.t.HelmChartContainer - Received Unhealthy event for container hivemq in pod test-hivemq-platform-0 [f9bd3593-42e3-40ee-b1e9-1fdbc1036bfe]
2025-01-29 01:05:45,566 INFO c.h.h.t.HelmChartContainer - [hivemq-test-hivemq-platform] [hivemq-platform-operator] [3d906fec] 01:05:45.564 [pool-6-thread-36] DEBUG c.h.p.o.d.PlatformServiceResource - [customcl] Desired Platform services (2 services)
2025-01-29 01:05:45,568 INFO c.h.h.t.HelmChartContainer - [hivemq-test-hivemq-platform] [hivemq-platform-operator] [3d906fec] 01:05:45.565 [pool-6-thread-37] DEBUG c.h.p.o.dependants.PodInfoConfigMap - [customcl] Desired PodInfo ConfigMap (1 extensions) (1 enabled)
2025-01-29 01:05:45,568 INFO c.h.h.t.HelmChartContainer - [hivemq-test-hivemq-platform] [hivemq-platform-operator] [3d906fec] 01:05:45.565 [pool-6-thread-37] DEBUG c.h.p.o.dependants.PodInfoConfigMap - [customcl] Desired PodInfo ConfigMap (metrics port: 9399) (metrics path: /)
2025-01-29 01:05:45,568 INFO c.h.h.t.HelmChartContainer - [hivemq-test-hivemq-platform] [hivemq-platform-operator] [3d906fec] 01:05:45.565 [pool-6-thread-37] DEBUG c.h.p.o.dependants.PodInfoConfigMap - [customcl] Desired PodInfo ConfigMap (extension state hash: -1817474005)
2025-01-29 01:05:45,572 INFO c.h.h.t.HelmChartContainer - [hivemq-test-hivemq-platform] [hivemq-platform-operator] [3d906fec] 01:05:45.570 [pool-6-thread-35] DEBUG c.h.p.o.d.PodServiceAccountResource - [customcl] Desired PodServiceAccountResource (serviceAccountName: hivemq-platform-pod-test-hivemq-platform)
2025-01-29 01:05:45,579 INFO c.h.h.t.HelmChartContainer - [hivemq-test-hivemq-platform] [hivemq-platform-operator] [3d906fec] 01:05:45.577 [pool-6-thread-40] DEBUG c.h.p.o.d.StatefulSetResource - [customcl] Desired StatefulSet (1 replicas) for status STARTING (READY)
2025-01-29 01:05:45,584 INFO c.h.h.t.HelmChartContainer - [hivemq-test-hivemq-platform] [hivemq-platform-operator] [3d906fec] 01:05:45.582 [ReconcilerExecutor-hivemq-controller-111] INFO  c.h.p.o.HiveMQPlatformReconciler - [customcl] Reconciling HiveMQ Platform 'test-hivemq-platform' in namespace 'customclusterdomainnameit'
2025-01-29 01:05:45,584 INFO c.h.h.t.HelmChartContainer - [hivemq-test-hivemq-platform] [hivemq-platform-operator] [3d906fec] 01:05:45.583 [ReconcilerExecutor-hivemq-controller-111] DEBUG c.h.p.o.HiveMQPlatformReconciler - [customcl] Custom Resource Status STARTING - HiveMQ Platform is starting (READY)
2025-01-29 01:05:45,585 INFO c.h.h.t.HelmChartContainer - [hivemq-test-hivemq-platform] [hivemq-platform-operator] [3d906fec] 01:05:45.583 [ReconcilerExecutor-hivemq-controller-111] DEBUG c.h.p.o.HiveMQPlatformReconciler - [customcl] Custom Resource Spec (replicas: 1) (extensions: 1)
2025-01-29 01:05:45,657 INFO c.h.h.t.HelmChartContainer - [hivemq-test-hivemq-platform] [hivemq-platform-operator] [3d906fec] 01:05:45.654 [ReconcilerExecutor-hivemq-controller-111] DEBUG c.h.p.o.HiveMQPlatformReconciler - [customcl] StatefulSet Status (revision: test-hivemq-platform-5bf899b4bb, replicas: 1, available: 0, ready: 0, current: 1, updated: 1)
2025-01-29 01:05:45,659 INFO c.h.h.t.HelmChartContainer - [hivemq-test-hivemq-platform] [hivemq-platform-operator] [3d906fec] 01:05:45.654 [ReconcilerExecutor-hivemq-controller-111] DEBUG c.h.p.o.HiveMQPlatformReconciler - [customcl] StatefulSet Spec (replicas: 1, init containers: 1, containers: 1, volumes: 3)
2025-01-29 01:05:45,659 INFO c.h.h.t.HelmChartContainer - [hivemq-test-hivemq-platform] [hivemq-platform-operator] [3d906fec] 01:05:45.656 [ReconcilerExecutor-hivemq-controller-111] DEBUG c.h.p.o.h.HiveMQPlatformReconcilerErrorHandler - [customcl] Pod 'test-hivemq-platform-0' phase Running
2025-01-29 01:05:45,659 INFO c.h.h.t.HelmChartContainer - [hivemq-test-hivemq-platform] [hivemq-platform-operator] [3d906fec] 01:05:45.657 [ReconcilerExecutor-hivemq-controller-111] INFO  c.h.p.o.h.HiveMQPlatformReconcilerBaseHandler - [customcl] HiveMQ Platform is starting, 0 of 1 replicas are ready
2025-01-29 01:05:46,421 INFO c.h.h.t.HelmChartContainer - [test-hivemq-platform] [hivemq] [f9bd3593] INFO  - No valid license file found. Using trial license, restricted to 25 connections.
2025-01-29 01:05:47,565 INFO c.h.h.t.HelmChartContainer - [test-hivemq-platform] [hivemq] [f9bd3593] WARN  - [HiveMQ Platform Operator Init App 1.7.0-SNAPSHOT] Cannot connect to Health API for liveness: null
2025-01-29 01:05:47,566 INFO c.h.h.t.HelmChartContainer - [test-hivemq-platform] [hivemq] [f9bd3593] INFO  - [HiveMQ Platform Operator Init App 1.7.0-SNAPSHOT] Returning default Health API response 200 for liveness
2025-01-29 01:05:50,069 INFO c.h.h.t.HelmChartContainer - [test-hivemq-platform] [hivemq] [f9bd3593] INFO  - No valid license file for Data Hub found. Using free license, restricted to 1 policy.
2025-01-29 01:05:50,476 INFO c.h.h.t.HelmChartContainer - [test-hivemq-platform] [hivemq] [f9bd3593] WARN  - [HiveMQ Platform Operator Init App 1.7.0-SNAPSHOT] Cannot connect to Health API for readiness: null
2025-01-29 01:05:50,481 INFO c.h.h.t.HelmChartContainer - [EVENT] Warning [Unhealthy] Readiness probe failed: HTTP probe failed with statuscode: 503 [customclusterdomainnameit:test-hivemq-platform-0]
2025-01-29 01:05:50,481 INFO c.h.h.t.HelmChartContainer - Received Unhealthy event for container hivemq in pod test-hivemq-platform-0 [f9bd3593-42e3-40ee-b1e9-1fdbc1036bfe]
2025-01-29 01:05:51,459 INFO c.h.h.t.HelmChartContainer - [test-hivemq-platform] [hivemq] [f9bd3593] INFO  - Audit Logger started.
2025-01-29 01:05:51,673 INFO c.h.h.t.HelmChartContainer - [test-hivemq-platform] [hivemq] [f9bd3593] INFO  - This node uses '1' CPU cores.
2025-01-29 01:05:51,679 INFO c.h.h.t.HelmChartContainer - [test-hivemq-platform] [hivemq] [f9bd3593] INFO  - Starting HiveMQ Health API on address 0.0.0.0 and port 8889
2025-01-29 01:05:52,465 INFO c.h.h.t.HelmChartContainer - [test-hivemq-platform] [hivemq] [f9bd3593] INFO  - Started HiveMQ Health API in 785ms
2025-01-29 01:05:53,080 INFO c.h.h.t.HelmChartContainer - [test-hivemq-platform] [hivemq] [f9bd3593] INFO  - Starting HiveMQ extension system.
2025-01-29 01:05:53,361 INFO c.h.h.t.HelmChartContainer - [test-hivemq-platform] [hivemq] [f9bd3593] INFO  - Starting extension with id "hivemq-dns-cluster-discovery" at /opt/hivemq/extensions/hivemq-dns-cluster-discovery
2025-01-29 01:05:53,768 INFO c.h.h.t.HelmChartContainer - [test-hivemq-platform] [hivemq] [f9bd3593] INFO  - Extension "DNS Cluster Discovery Extension" version 4.3.2 started successfully.
2025-01-29 01:05:53,768 INFO c.h.h.t.HelmChartContainer - [test-hivemq-platform] [hivemq] [f9bd3593] INFO  - Starting extension with id "hivemq-prometheus-extension" at /opt/hivemq/extensions/hivemq-prometheus-extension
2025-01-29 01:05:53,968 INFO c.h.h.t.HelmChartContainer - [test-hivemq-platform] [hivemq] [f9bd3593] INFO  - Using TCP cluster transport on address 10.42.0.6 and port 7000
2025-01-29 01:05:54,065 INFO c.h.h.t.HelmChartContainer - [test-hivemq-platform] [hivemq] [f9bd3593] INFO  - Using extension cluster discovery
2025-01-29 01:05:54,773 INFO c.h.h.t.HelmChartContainer - [test-hivemq-platform] [hivemq] [f9bd3593] INFO  - Started Jetty Server exposing Prometheus Servlet on URI http://0.0.0.0:9399/
2025-01-29 01:05:54,773 INFO c.h.h.t.HelmChartContainer - [test-hivemq-platform] [hivemq] [f9bd3593] INFO  - Extension "Prometheus Monitoring Extension" version 4.0.12 started successfully.
2025-01-29 01:05:54,773 INFO c.h.h.t.HelmChartContainer - [test-hivemq-platform] [hivemq] [f9bd3593] INFO  - Starting extension with id "hivemq-allow-all-extension" at /opt/hivemq/extensions/hivemq-allow-all-extension
2025-01-29 01:05:54,774 INFO c.h.h.t.HelmChartContainer - [test-hivemq-platform] [hivemq] [f9bd3593] WARN  - 
2025-01-29 01:05:54,774 INFO c.h.h.t.HelmChartContainer - [test-hivemq-platform] [hivemq] [f9bd3593] ################################################################################################################
2025-01-29 01:05:54,774 INFO c.h.h.t.HelmChartContainer - [test-hivemq-platform] [hivemq] [f9bd3593] # This HiveMQ deployment is not secure! You are lacking Authentication and Authorization.                      #
2025-01-29 01:05:54,774 INFO c.h.h.t.HelmChartContainer - [test-hivemq-platform] [hivemq] [f9bd3593] # Right now any MQTT client can connect to the broker with a full set of permissions.                          #
2025-01-29 01:05:54,774 INFO c.h.h.t.HelmChartContainer - [test-hivemq-platform] [hivemq] [f9bd3593] # For production usage, add an appropriate security extension and remove the hivemq-allow-all extension.       #
2025-01-29 01:05:54,774 INFO c.h.h.t.HelmChartContainer - [test-hivemq-platform] [hivemq] [f9bd3593] # You can download security extensions from the HiveMQ Marketplace (https://www.hivemq.com/extensions/).       #
2025-01-29 01:05:54,774 INFO c.h.h.t.HelmChartContainer - [test-hivemq-platform] [hivemq] [f9bd3593] ################################################################################################################
2025-01-29 01:05:54,820 INFO c.h.h.t.HelmChartContainer - [test-hivemq-platform] [hivemq] [f9bd3593] INFO  - Extension "Allow All Extension" version 1.1.1 started successfully.
2025-01-29 01:05:55,667 INFO c.h.h.t.HelmChartContainer - [hivemq-test-hivemq-platform] [hivemq-platform-operator] [3d906fec] 01:05:55.661 [pool-6-thread-45] DEBUG c.h.p.o.d.PlatformServiceResource - [customcl] Desired Platform services (2 services)
2025-01-29 01:05:55,667 INFO c.h.h.t.HelmChartContainer - [hivemq-test-hivemq-platform] [hivemq-platform-operator] [3d906fec] 01:05:55.665 [pool-6-thread-49] DEBUG c.h.p.o.dependants.PodInfoConfigMap - [customcl] Desired PodInfo ConfigMap (1 extensions) (1 enabled)
2025-01-29 01:05:55,667 INFO c.h.h.t.HelmChartContainer - [hivemq-test-hivemq-platform] [hivemq-platform-operator] [3d906fec] 01:05:55.665 [pool-6-thread-49] DEBUG c.h.p.o.dependants.PodInfoConfigMap - [customcl] Desired PodInfo ConfigMap (metrics port: 9399) (metrics path: /)
2025-01-29 01:05:55,667 INFO c.h.h.t.HelmChartContainer - [hivemq-test-hivemq-platform] [hivemq-platform-operator] [3d906fec] 01:05:55.665 [pool-6-thread-49] DEBUG c.h.p.o.dependants.PodInfoConfigMap - [customcl] Desired PodInfo ConfigMap (extension state hash: -1817474005)
2025-01-29 01:05:55,667 INFO c.h.h.t.HelmChartContainer - [hivemq-test-hivemq-platform] [hivemq-platform-operator] [3d906fec] 01:05:55.665 [pool-6-thread-45] DEBUG c.h.p.o.d.PodServiceAccountResource - [customcl] Desired PodServiceAccountResource (serviceAccountName: hivemq-platform-pod-test-hivemq-platform)
2025-01-29 01:05:55,674 INFO c.h.h.t.HelmChartContainer - [hivemq-test-hivemq-platform] [hivemq-platform-operator] [3d906fec] 01:05:55.672 [pool-6-thread-49] DEBUG c.h.p.o.d.StatefulSetResource - [customcl] Desired StatefulSet (1 replicas) for status STARTING (READY)
2025-01-29 01:05:55,678 INFO c.h.h.t.HelmChartContainer - [hivemq-test-hivemq-platform] [hivemq-platform-operator] [3d906fec] 01:05:55.677 [ReconcilerExecutor-hivemq-controller-112] INFO  c.h.p.o.HiveMQPlatformReconciler - [customcl] Reconciling HiveMQ Platform 'test-hivemq-platform' in namespace 'customclusterdomainnameit'
2025-01-29 01:05:55,678 INFO c.h.h.t.HelmChartContainer - [hivemq-test-hivemq-platform] [hivemq-platform-operator] [3d906fec] 01:05:55.677 [ReconcilerExecutor-hivemq-controller-112] DEBUG c.h.p.o.HiveMQPlatformReconciler - [customcl] Custom Resource Status STARTING - HiveMQ Platform is starting (READY)
2025-01-29 01:05:55,678 INFO c.h.h.t.HelmChartContainer - [hivemq-test-hivemq-platform] [hivemq-platform-operator] [3d906fec] 01:05:55.677 [ReconcilerExecutor-hivemq-controller-112] DEBUG c.h.p.o.HiveMQPlatformReconciler - [customcl] Custom Resource Spec (replicas: 1) (extensions: 1)
2025-01-29 01:05:55,679 INFO c.h.h.t.HelmChartContainer - [hivemq-test-hivemq-platform] [hivemq-platform-operator] [3d906fec] 01:05:55.678 [ReconcilerExecutor-hivemq-controller-112] DEBUG c.h.p.o.HiveMQPlatformReconciler - [customcl] StatefulSet Status (revision: test-hivemq-platform-5bf899b4bb, replicas: 1, available: 0, ready: 0, current: 1, updated: 1)
2025-01-29 01:05:55,680 INFO c.h.h.t.HelmChartContainer - [hivemq-test-hivemq-platform] [hivemq-platform-operator] [3d906fec] 01:05:55.678 [ReconcilerExecutor-hivemq-controller-112] DEBUG c.h.p.o.HiveMQPlatformReconciler - [customcl] StatefulSet Spec (replicas: 1, init containers: 1, containers: 1, volumes: 3)
2025-01-29 01:05:55,756 INFO c.h.h.t.HelmChartContainer - [hivemq-test-hivemq-platform] [hivemq-platform-operator] [3d906fec] 01:05:55.688 [ReconcilerExecutor-hivemq-controller-112] DEBUG c.h.p.o.h.HiveMQPlatformReconcilerErrorHandler - [customcl] Pod 'test-hivemq-platform-0' phase Running
2025-01-29 01:05:55,756 INFO c.h.h.t.HelmChartContainer - [hivemq-test-hivemq-platform] [hivemq-platform-operator] [3d906fec] 01:05:55.755 [ReconcilerExecutor-hivemq-controller-112] INFO  c.h.p.o.h.HiveMQPlatformReconcilerBaseHandler - [customcl] HiveMQ Platform is starting, 0 of 1 replicas are ready
2025-01-29 01:05:56,071 INFO c.h.h.t.HelmChartContainer - [test-hivemq-platform] [hivemq] [f9bd3593] INFO  - [HiveMQ Platform Operator Init App 1.7.0-SNAPSHOT] Returning Health API response 503 for readiness
2025-01-29 01:05:56,075 INFO c.h.h.t.HelmChartContainer - [EVENT] Warning [Unhealthy] Readiness probe failed: HTTP probe failed with statuscode: 503 [customclusterdomainnameit:test-hivemq-platform-0]
2025-01-29 01:05:56,075 INFO c.h.h.t.HelmChartContainer - Received Unhealthy event for container hivemq in pod test-hivemq-platform-0 [f9bd3593-42e3-40ee-b1e9-1fdbc1036bfe]
2025-01-29 01:05:56,878 INFO c.h.h.t.HelmChartContainer - [test-hivemq-platform] [hivemq] [f9bd3593] INFO  - mo1rb: no members discovered after 2115 ms: creating cluster as first member
2025-01-29 01:05:56,884 INFO c.h.h.t.HelmChartContainer - [test-hivemq-platform] [hivemq] [f9bd3593] INFO  - Cluster nodes found by discovery: [mo1rb|0] (1) [mo1rb].
2025-01-29 01:05:56,962 INFO c.h.h.t.HelmChartContainer - [test-hivemq-platform] [hivemq] [f9bd3593] WARN  - No user for HiveMQ Control Center configured. Starting with default user
2025-01-29 01:05:56,963 INFO c.h.h.t.HelmChartContainer - [test-hivemq-platform] [hivemq] [f9bd3593] INFO  - Starting HiveMQ Control Center on address 127.0.0.1 and port 8080
2025-01-29 01:05:56,964 INFO c.h.h.t.HelmChartContainer - [test-hivemq-platform] [hivemq] [f9bd3593] INFO  - Mounting HiveMQ Control Center V2 Preview
2025-01-29 01:05:57,566 INFO c.h.h.t.HelmChartContainer - [test-hivemq-platform] [hivemq] [f9bd3593] INFO  - Started HiveMQ Control Center in 604ms
2025-01-29 01:05:57,579 INFO c.h.h.t.HelmChartContainer - [test-hivemq-platform] [hivemq] [f9bd3593] INFO  - Starting TCP listener on address 0.0.0.0 and port 1884
2025-01-29 01:05:57,662 INFO c.h.h.t.HelmChartContainer - [test-hivemq-platform] [hivemq] [f9bd3593] INFO  - Started TCP Listener on address 0.0.0.0 and on port 1884.
2025-01-29 01:05:57,662 INFO c.h.h.t.HelmChartContainer - [test-hivemq-platform] [hivemq] [f9bd3593] INFO  - Started HiveMQ in 31039ms
2025-01-29 01:06:00,478 INFO c.h.h.t.HelmChartContainer - [test-hivemq-platform] [hivemq] [f9bd3593] INFO  - [HiveMQ Platform Operator Init App 1.7.0-SNAPSHOT] Returning Health API response 200 for readiness
2025-01-29 01:06:00,487 INFO c.h.h.t.HelmChartContainer - [POD] test-hivemq-platform-0 [f9bd3593-42e3-40ee-b1e9-1fdbc1036bfe] in customclusterdomainnameit was MODIFIED
2025-01-29 01:06:00,516 INFO c.h.h.t.HelmChartContainer - [hivemq-test-hivemq-platform] [hivemq-platform-operator] [3d906fec] 01:06:00.514 [pool-6-thread-4] DEBUG c.h.p.o.d.PlatformServiceResource - [customcl] Desired Platform services (2 services)
2025-01-29 01:06:00,524 INFO c.h.h.t.HelmChartContainer - [hivemq-test-hivemq-platform] [hivemq-platform-operator] [3d906fec] 01:06:00.521 [pool-6-thread-2] DEBUG c.h.p.o.d.PodServiceAccountResource - [customcl] Desired PodServiceAccountResource (serviceAccountName: hivemq-platform-pod-test-hivemq-platform)
2025-01-29 01:06:00,525 INFO c.h.h.t.HelmChartContainer - [hivemq-test-hivemq-platform] [hivemq-platform-operator] [3d906fec] 01:06:00.525 [pool-6-thread-5] DEBUG c.h.p.o.dependants.PodInfoConfigMap - [customcl] Desired PodInfo ConfigMap (1 extensions) (1 enabled)
2025-01-29 01:06:00,526 INFO c.h.h.t.HelmChartContainer - [hivemq-test-hivemq-platform] [hivemq-platform-operator] [3d906fec] 01:06:00.525 [pool-6-thread-5] DEBUG c.h.p.o.dependants.PodInfoConfigMap - [customcl] Desired PodInfo ConfigMap (metrics port: 9399) (metrics path: /)
2025-01-29 01:06:00,526 INFO c.h.h.t.HelmChartContainer - [hivemq-test-hivemq-platform] [hivemq-platform-operator] [3d906fec] 01:06:00.525 [pool-6-thread-5] DEBUG c.h.p.o.dependants.PodInfoConfigMap - [customcl] Desired PodInfo ConfigMap (extension state hash: -1817474005)
2025-01-29 01:06:00,558 INFO c.h.h.t.HelmChartContainer - [hivemq-test-hivemq-platform] [hivemq-platform-operator] [3d906fec] 01:06:00.557 [pool-6-thread-4] DEBUG c.h.p.o.d.StatefulSetResource - [customcl] Desired StatefulSet (1 replicas) for status STARTING (READY)
2025-01-29 01:06:00,564 INFO c.h.h.t.HelmChartContainer - [hivemq-test-hivemq-platform] [hivemq-platform-operator] [3d906fec] 01:06:00.562 [ReconcilerExecutor-hivemq-controller-113] INFO  c.h.p.o.HiveMQPlatformReconciler - [customcl] Reconciling HiveMQ Platform 'test-hivemq-platform' in namespace 'customclusterdomainnameit'
2025-01-29 01:06:00,566 INFO c.h.h.t.HelmChartContainer - [hivemq-test-hivemq-platform] [hivemq-platform-operator] [3d906fec] 01:06:00.563 [ReconcilerExecutor-hivemq-controller-113] DEBUG c.h.p.o.HiveMQPlatformReconciler - [customcl] Custom Resource Status STARTING - HiveMQ Platform is starting (READY)
2025-01-29 01:06:00,566 INFO c.h.h.t.HelmChartContainer - [hivemq-test-hivemq-platform] [hivemq-platform-operator] [3d906fec] 01:06:00.563 [ReconcilerExecutor-hivemq-controller-113] DEBUG c.h.p.o.HiveMQPlatformReconciler - [customcl] Custom Resource Spec (replicas: 1) (extensions: 1)
2025-01-29 01:06:00,567 INFO c.h.h.t.HelmChartContainer - [hivemq-test-hivemq-platform] [hivemq-platform-operator] [3d906fec] 01:06:00.565 [ReconcilerExecutor-hivemq-controller-113] DEBUG c.h.p.o.HiveMQPlatformReconciler - [customcl] StatefulSet Status (revision: test-hivemq-platform-5bf899b4bb, replicas: 1, available: 1, ready: 1, current: 1, updated: 1)
2025-01-29 01:06:00,567 INFO c.h.h.t.HelmChartContainer - [hivemq-test-hivemq-platform] [hivemq-platform-operator] [3d906fec] 01:06:00.565 [ReconcilerExecutor-hivemq-controller-113] DEBUG c.h.p.o.HiveMQPlatformReconciler - [customcl] StatefulSet Spec (replicas: 1, init containers: 1, containers: 1, volumes: 3)
2025-01-29 01:06:00,567 INFO c.h.h.t.HelmChartContainer - [hivemq-test-hivemq-platform] [hivemq-platform-operator] [3d906fec] 01:06:00.566 [ReconcilerExecutor-hivemq-controller-113] DEBUG c.h.p.o.h.HiveMQPlatformReconcilerErrorHandler - [customcl] Pod 'test-hivemq-platform-0' phase Running
2025-01-29 01:06:00,569 INFO c.h.h.t.HelmChartContainer - [hivemq-test-hivemq-platform] [hivemq-platform-operator] [3d906fec] 01:06:00.567 [ReconcilerExecutor-hivemq-controller-113] INFO  c.h.p.o.h.HiveMQPlatformReconcilerBaseHandler - [customcl] HiveMQ Platform started successfully
2025-01-29 01:06:00,667 INFO c.h.h.t.HelmChartContainer - [hivemq-test-hivemq-platform] [hivemq-platform-operator] [3d906fec] 01:06:00.665 [ReconcilerExecutor-hivemq-controller-113] DEBUG c.h.p.operator.event.EventSender - [customcl] Creating K8s event hivemq-platform-ready: [Ready] HiveMQ Platform is ready
2025-01-29 01:06:00,670 INFO c.h.h.t.HelmChartContainer - [EVENT] Normal [Ready] HiveMQ Platform is ready [customclusterdomainnameit:test-hivemq-platform]
2025-01-29 01:06:00,671 INFO c.h.h.t.HelmChartContainer - [hivemq-test-hivemq-platform] [hivemq-platform-operator] [3d906fec] 01:06:00.670 [ReconcilerExecutor-hivemq-controller-113] INFO  c.h.p.o.h.AbstractHiveMQReconcilerStateHandler - [customcl] Update HiveMQ Platform Status (STARTING [READY] -> RUNNING [READY]): HiveMQ Platform is ready
2025-01-29 01:06:00,678 DEBUG com.hivemq.helmcharts.util.K8sUtil - Comparing actual state 'RUNNING' and waiting for 'RUNNING'
2025-01-29 01:06:00,760 INFO c.h.h.t.HelmChartContainer - [hivemq-test-hivemq-platform] [hivemq-platform-operator] [3d906fec] 01:06:00.758 [pool-6-thread-18] DEBUG c.h.p.o.d.PlatformServiceResource - [customcl] Desired Platform services (2 services)
2025-01-29 01:06:00,762 INFO c.h.h.t.HelmChartContainer - [hivemq-test-hivemq-platform] [hivemq-platform-operator] [3d906fec] 01:06:00.758 [pool-6-thread-12] DEBUG c.h.p.o.dependants.PodInfoConfigMap - [customcl] Desired PodInfo ConfigMap (1 extensions) (1 enabled)
2025-01-29 01:06:00,762 INFO c.h.h.t.HelmChartContainer - [hivemq-test-hivemq-platform] [hivemq-platform-operator] [3d906fec] 01:06:00.759 [pool-6-thread-12] DEBUG c.h.p.o.dependants.PodInfoConfigMap - [customcl] Desired PodInfo ConfigMap (metrics port: 9399) (metrics path: /)
2025-01-29 01:06:00,762 INFO c.h.h.t.HelmChartContainer - [hivemq-test-hivemq-platform] [hivemq-platform-operator] [3d906fec] 01:06:00.759 [pool-6-thread-12] DEBUG c.h.p.o.dependants.PodInfoConfigMap - [customcl] Desired PodInfo ConfigMap (extension state hash: -1817474005)
2025-01-29 01:06:00,762 INFO c.h.h.t.HelmChartContainer - [hivemq-test-hivemq-platform] [hivemq-platform-operator] [3d906fec] 01:06:00.759 [pool-6-thread-12] DEBUG c.h.p.o.dependants.PodInfoConfigMap - [customcl] Update PodInfo ConfigMap
2025-01-29 01:06:00,769 INFO c.h.h.t.HelmChartContainer - [hivemq-test-hivemq-platform] [hivemq-platform-operator] [3d906fec] 01:06:00.765 [pool-6-thread-20] DEBUG c.h.p.o.d.PodServiceAccountResource - [customcl] Desired PodServiceAccountResource (serviceAccountName: hivemq-platform-pod-test-hivemq-platform)
2025-01-29 01:06:00,773 INFO c.h.h.t.HelmChartContainer - [hivemq-test-hivemq-platform] [hivemq-platform-operator] [3d906fec] 01:06:00.772 [pool-6-thread-13] DEBUG c.h.p.o.d.StatefulSetResource - [customcl] Desired StatefulSet (1 replicas) for status RUNNING (READY)
2025-01-29 01:06:00,777 INFO c.h.h.t.HelmChartContainer - [hivemq-test-hivemq-platform] [hivemq-platform-operator] [3d906fec] 01:06:00.776 [ReconcilerExecutor-hivemq-controller-114] INFO  c.h.p.o.HiveMQPlatformReconciler - [customcl] Reconciling HiveMQ Platform 'test-hivemq-platform' in namespace 'customclusterdomainnameit'
2025-01-29 01:06:00,777 INFO c.h.h.t.HelmChartContainer - [hivemq-test-hivemq-platform] [hivemq-platform-operator] [3d906fec] 01:06:00.776 [ReconcilerExecutor-hivemq-controller-114] DEBUG c.h.p.o.HiveMQPlatformReconciler - [customcl] Custom Resource Status RUNNING - HiveMQ Platform is ready (READY)
2025-01-29 01:06:00,778 INFO c.h.h.t.HelmChartContainer - [hivemq-test-hivemq-platform] [hivemq-platform-operator] [3d906fec] 01:06:00.776 [ReconcilerExecutor-hivemq-controller-114] DEBUG c.h.p.o.HiveMQPlatformReconciler - [customcl] Custom Resource Spec (replicas: 1) (extensions: 1)
2025-01-29 01:06:00,855 INFO c.h.h.t.HelmChartContainer - [hivemq-test-hivemq-platform] [hivemq-platform-operator] [3d906fec] 01:06:00.854 [ReconcilerExecutor-hivemq-controller-114] DEBUG c.h.p.o.HiveMQPlatformReconciler - [customcl] StatefulSet Status (revision: test-hivemq-platform-5bf899b4bb, replicas: 1, available: 1, ready: 1, current: 1, updated: 1)
2025-01-29 01:06:00,856 INFO c.h.h.t.HelmChartContainer - [hivemq-test-hivemq-platform] [hivemq-platform-operator] [3d906fec] 01:06:00.854 [ReconcilerExecutor-hivemq-controller-114] DEBUG c.h.p.o.HiveMQPlatformReconciler - [customcl] StatefulSet Spec (replicas: 1, init containers: 1, containers: 1, volumes: 3)
2025-01-29 01:06:00,857 INFO c.h.h.t.HelmChartContainer - [hivemq-test-hivemq-platform] [hivemq-platform-operator] [3d906fec] 01:06:00.856 [ReconcilerExecutor-hivemq-controller-114] DEBUG c.h.p.o.h.HiveMQPlatformReconcilerErrorHandler - [customcl] Pod 'test-hivemq-platform-0' phase Running
2025-01-29 01:06:05,918 DEBUG com.hivemq.helmcharts.util.PodUtil - Received status for command '[cat, /etc/resolv.conf]' on pod 'test-hivemq-platform-0' (exit code: 0)
2025-01-29 01:06:05,922 INFO c.h.h.t.HelmChartContainer - Uninstalling release 'test-hivemq-platform' in namespace 'customclusterdomainnameit'...
2025-01-29 01:06:05,922 DEBUG c.h.h.t.HelmChartContainer - Executing helm command: /bin/helm --kubeconfig /etc/rancher/k3s/k3s.yaml uninstall test-hivemq-platform  --wait --timeout 5m0s --cascade foreground --namespace customclusterdomainnameit
2025-01-29 01:06:06,102 INFO c.h.h.t.HelmChartContainer - [hivemq-test-hivemq-platform] [hivemq-platform-operator] [3d906fec] 01:06:06.098 [pool-6-thread-22] DEBUG c.h.p.o.dependants.PodInfoConfigMap - [customcl] Desired PodInfo ConfigMap (1 extensions) (1 enabled)
2025-01-29 01:06:06,102 INFO c.h.h.t.HelmChartContainer - [hivemq-test-hivemq-platform] [hivemq-platform-operator] [3d906fec] 01:06:06.098 [pool-6-thread-22] DEBUG c.h.p.o.dependants.PodInfoConfigMap - [customcl] Desired PodInfo ConfigMap (metrics port: 9399) (metrics path: /)
2025-01-29 01:06:06,102 INFO c.h.h.t.HelmChartContainer - [hivemq-test-hivemq-platform] [hivemq-platform-operator] [3d906fec] 01:06:06.098 [pool-6-thread-22] DEBUG c.h.p.o.dependants.PodInfoConfigMap - [customcl] Desired PodInfo ConfigMap (extension state hash: -1817474005)
2025-01-29 01:06:06,102 INFO c.h.h.t.HelmChartContainer - [hivemq-test-hivemq-platform] [hivemq-platform-operator] [3d906fec] 01:06:06.099 [pool-6-thread-29] DEBUG c.h.p.o.d.PodServiceAccountResource - [customcl] Desired PodServiceAccountResource (serviceAccountName: hivemq-platform-pod-test-hivemq-platform)
2025-01-29 01:06:06,105 INFO c.h.h.t.HelmChartContainer - [hivemq-test-hivemq-platform] [hivemq-platform-operator] [3d906fec] 01:06:06.102 [pool-6-thread-25] DEBUG c.h.p.o.d.PlatformServiceResource - [customcl] Desired Platform services (2 services)
2025-01-29 01:06:06,111 INFO c.h.h.t.HelmChartContainer - [hivemq-test-hivemq-platform] [hivemq-platform-operator] [3d906fec] 01:06:06.110 [pool-6-thread-27] DEBUG c.h.p.o.d.StatefulSetResource - [customcl] Desired StatefulSet (1 replicas) for status RUNNING (READY)
2025-01-29 01:06:06,171 INFO c.h.h.t.HelmChartContainer - [hivemq-test-hivemq-platform] [hivemq-platform-operator] [3d906fec] 01:06:06.168 [ReconcilerExecutor-hivemq-controller-115] INFO  c.h.p.o.HiveMQPlatformReconciler - [customcl] Reconciling HiveMQ Platform 'test-hivemq-platform' in namespace 'customclusterdomainnameit'
2025-01-29 01:06:06,171 INFO c.h.h.t.HelmChartContainer - [hivemq-test-hivemq-platform] [hivemq-platform-operator] [3d906fec] 01:06:06.168 [ReconcilerExecutor-hivemq-controller-115] DEBUG c.h.p.o.HiveMQPlatformReconciler - [customcl] Custom Resource Status RUNNING - HiveMQ Platform is ready (READY)
2025-01-29 01:06:06,171 INFO c.h.h.t.HelmChartContainer - [hivemq-test-hivemq-platform] [hivemq-platform-operator] [3d906fec] 01:06:06.168 [ReconcilerExecutor-hivemq-controller-115] DEBUG c.h.p.o.HiveMQPlatformReconciler - [customcl] Custom Resource Spec (replicas: 1) (extensions: 1)
2025-01-29 01:06:06,171 INFO c.h.h.t.HelmChartContainer - [hivemq-test-hivemq-platform] [hivemq-platform-operator] [3d906fec] 01:06:06.168 [ReconcilerExecutor-hivemq-controller-115] WARN  c.h.p.o.h.HiveMQPlatformReconcilerErrorHandler - [customcl] Could not find ConfigMap 'hivemq-configuration-test-hivemq-platform' for HiveMQ Platform configuration
2025-01-29 01:06:06,271 INFO c.h.h.t.HelmChartContainer - [hivemq-test-hivemq-platform] [hivemq-platform-operator] [3d906fec] 01:06:06.268 [ReconcilerExecutor-hivemq-controller-115] DEBUG c.h.p.operator.event.EventSender - [customcl] Creating K8s event hivemq-platform-invalid-configuration: [Start] Could not find ConfigMap 'hivemq-configuration-test-hivemq-platform' for HiveMQ Platform configuration
2025-01-29 01:06:06,275 INFO c.h.h.t.HelmChartContainer - [EVENT] Warning [Start] Could not find ConfigMap 'hivemq-configuration-test-hivemq-platform' for HiveMQ Platform configuration [customclusterdomainnameit:test-hivemq-platform]
2025-01-29 01:06:06,280 INFO c.h.h.t.HelmChartContainer - [hivemq-test-hivemq-platform] [hivemq-platform-operator] [3d906fec] 01:06:06.276 [ReconcilerExecutor-hivemq-controller-115] INFO  c.h.p.o.h.AbstractHiveMQReconcilerStateHandler - [customcl] Update HiveMQ Platform Status (RUNNING [READY] -> ERROR [INVALID_CONFIG_MAP]): Could not find ConfigMap 'hivemq-configuration-test-hivemq-platform' for HiveMQ Platform configuration
2025-01-29 01:06:06,357 INFO c.h.h.t.HelmChartContainer - [hivemq-test-hivemq-platform] [hivemq-platform-operator] [3d906fec] 01:06:06.284 [ReconcilerExecutor-hivemq-controller-115] ERROR i.j.o.p.event.EventProcessor - Error during event processing ExecutionScope{ resource id: ResourceID{name='test-hivemq-platform', namespace='customclusterdomainnameit'}, version: 594}
2025-01-29 01:06:06,359 INFO c.h.h.t.HelmChartContainer - [hivemq-test-hivemq-platform] [hivemq-platform-operator] [3d906fec] io.fabric8.kubernetes.client.KubernetesClientException: Failure executing: PUT at: https://10.43.0.1:443/apis/hivemq.com/v1/namespaces/customclusterdomainnameit/hivemq-platforms/test-hivemq-platform/status. Message: Operation cannot be fulfilled on hivemq-platforms.hivemq.com "test-hivemq-platform": the object has been modified; please apply your changes to the latest version and try again. Received status: Status(apiVersion=v1, code=409, details=StatusDetails(causes=[], group=hivemq.com, kind=hivemq-platforms, name=test-hivemq-platform, retryAfterSeconds=null, uid=null, additionalProperties={}), kind=Status, message=Operation cannot be fulfilled on hivemq-platforms.hivemq.com "test-hivemq-platform": the object has been modified; please apply your changes to the latest version and try again, metadata=ListMeta(_continue=null, remainingItemCount=null, resourceVersion=null, selfLink=null, additionalProperties={}), reason=Conflict, status=Failure, additionalProperties={}).
2025-01-29 01:06:06,360 INFO c.h.h.t.HelmChartContainer - [hivemq-test-hivemq-platform] [hivemq-platform-operator] [3d906fec] 	at io.fabric8.kubernetes.client.KubernetesClientException.copyAsCause(KubernetesClientException.java:238)
2025-01-29 01:06:06,360 INFO c.h.h.t.HelmChartContainer - [hivemq-test-hivemq-platform] [hivemq-platform-operator] [3d906fec] 	at io.fabric8.kubernetes.client.dsl.internal.OperationSupport.waitForResult(OperationSupport.java:507)
2025-01-29 01:06:06,360 INFO c.h.h.t.HelmChartContainer - [hivemq-test-hivemq-platform] [hivemq-platform-operator] [3d906fec] 	at io.fabric8.kubernetes.client.dsl.internal.OperationSupport.handleResponse(OperationSupport.java:524)
2025-01-29 01:06:06,360 INFO c.h.h.t.HelmChartContainer - [hivemq-test-hivemq-platform] [hivemq-platform-operator] [3d906fec] 	at io.fabric8.kubernetes.client.dsl.internal.OperationSupport.handleUpdate(OperationSupport.java:358)
2025-01-29 01:06:06,360 INFO c.h.h.t.HelmChartContainer - [hivemq-test-hivemq-platform] [hivemq-platform-operator] [3d906fec] 	at io.fabric8.kubernetes.client.dsl.internal.BaseOperation.handleUpdate(BaseOperation.java:759)
2025-01-29 01:06:06,360 INFO c.h.h.t.HelmChartContainer - [hivemq-test-hivemq-platform] [hivemq-platform-operator] [3d906fec] 	at io.fabric8.kubernetes.client.dsl.internal.HasMetadataOperation.update(HasMetadataOperation.java:138)
2025-01-29 01:06:06,360 INFO c.h.h.t.HelmChartContainer - [hivemq-test-hivemq-platform] [hivemq-platform-operator] [3d906fec] 	at io.fabric8.kubernetes.client.dsl.internal.HasMetadataOperation.update(HasMetadataOperation.java:121)
2025-01-29 01:06:06,360 INFO c.h.h.t.HelmChartContainer - [hivemq-test-hivemq-platform] [hivemq-platform-operator] [3d906fec] 	at io.fabric8.kubernetes.client.dsl.internal.HasMetadataOperation.updateStatus(HasMetadataOperation.java:126)
2025-01-29 01:06:06,360 INFO c.h.h.t.HelmChartContainer - [hivemq-test-hivemq-platform] [hivemq-platform-operator] [3d906fec] 	at io.fabric8.kubernetes.client.dsl.internal.HasMetadataOperation.updateStatus(HasMetadataOperation.java:44)
2025-01-29 01:06:06,360 INFO c.h.h.t.HelmChartContainer - [hivemq-test-hivemq-platform] [hivemq-platform-operator] [3d906fec] 	at io.javaoperatorsdk.operator.processing.event.ReconciliationDispatcher$CustomResourceFacade.updateStatus(ReconciliationDispatcher.java:408)
2025-01-29 01:06:06,360 INFO c.h.h.t.HelmChartContainer - [hivemq-test-hivemq-platform] [hivemq-platform-operator] [3d906fec] 	at io.javaoperatorsdk.operator.processing.event.ReconciliationDispatcher.updateStatusGenerationAware(ReconciliationDispatcher.java:228)
2025-01-29 01:06:06,360 INFO c.h.h.t.HelmChartContainer - [hivemq-test-hivemq-platform] [hivemq-platform-operator] [3d906fec] 	at io.javaoperatorsdk.operator.processing.event.ReconciliationDispatcher.reconcileExecution(ReconciliationDispatcher.java:150)
2025-01-29 01:06:06,360 INFO c.h.h.t.HelmChartContainer - [hivemq-test-hivemq-platform] [hivemq-platform-operator] [3d906fec] 	at io.javaoperatorsdk.operator.processing.event.ReconciliationDispatcher.handleReconcile(ReconciliationDispatcher.java:117)
2025-01-29 01:06:06,360 INFO c.h.h.t.HelmChartContainer - [hivemq-test-hivemq-platform] [hivemq-platform-operator] [3d906fec] 	at io.javaoperatorsdk.operator.processing.event.ReconciliationDispatcher.handleDispatch(ReconciliationDispatcher.java:91)
2025-01-29 01:06:06,360 INFO c.h.h.t.HelmChartContainer - [hivemq-test-hivemq-platform] [hivemq-platform-operator] [3d906fec] 	at io.javaoperatorsdk.operator.processing.event.ReconciliationDispatcher.handleExecution(ReconciliationDispatcher.java:64)
2025-01-29 01:06:06,360 INFO c.h.h.t.HelmChartContainer - [hivemq-test-hivemq-platform] [hivemq-platform-operator] [3d906fec] 	at io.javaoperatorsdk.operator.processing.event.EventProcessor$ReconcilerExecutor.run(EventProcessor.java:452)
2025-01-29 01:06:06,360 INFO c.h.h.t.HelmChartContainer - [hivemq-test-hivemq-platform] [hivemq-platform-operator] [3d906fec] 	at java.base/java.util.concurrent.ThreadPoolExecutor.runWorker(Unknown Source)
2025-01-29 01:06:06,360 INFO c.h.h.t.HelmChartContainer - [hivemq-test-hivemq-platform] [hivemq-platform-operator] [3d906fec] 	at java.base/java.util.concurrent.ThreadPoolExecutor$Worker.run(Unknown Source)
2025-01-29 01:06:06,360 INFO c.h.h.t.HelmChartContainer - [hivemq-test-hivemq-platform] [hivemq-platform-operator] [3d906fec] 	at java.base/java.lang.Thread.run(Unknown Source)
2025-01-29 01:06:06,360 INFO c.h.h.t.HelmChartContainer - [hivemq-test-hivemq-platform] [hivemq-platform-operator] [3d906fec] Caused by: io.fabric8.kubernetes.client.KubernetesClientException: Failure executing: PUT at: https://10.43.0.1:443/apis/hivemq.com/v1/namespaces/customclusterdomainnameit/hivemq-platforms/test-hivemq-platform/status. Message: Operation cannot be fulfilled on hivemq-platforms.hivemq.com "test-hivemq-platform": the object has been modified; please apply your changes to the latest version and try again. Received status: Status(apiVersion=v1, code=409, details=StatusDetails(causes=[], group=hivemq.com, kind=hivemq-platforms, name=test-hivemq-platform, retryAfterSeconds=null, uid=null, additionalProperties={}), kind=Status, message=Operation cannot be fulfilled on hivemq-platforms.hivemq.com "test-hivemq-platform": the object has been modified; please apply your changes to the latest version and try again, metadata=ListMeta(_continue=null, remainingItemCount=null, resourceVersion=null, selfLink=null, additionalProperties={}), reason=Conflict, status=Failure, additionalProperties={}).
2025-01-29 01:06:06,360 INFO c.h.h.t.HelmChartContainer - [hivemq-test-hivemq-platform] [hivemq-platform-operator] [3d906fec] 	at io.fabric8.kubernetes.client.dsl.internal.OperationSupport.requestFailure(OperationSupport.java:660)
2025-01-29 01:06:06,360 INFO c.h.h.t.HelmChartContainer - [hivemq-test-hivemq-platform] [hivemq-platform-operator] [3d906fec] 	at io.fabric8.kubernetes.client.dsl.internal.OperationSupport.requestFailure(OperationSupport.java:640)
2025-01-29 01:06:06,360 INFO c.h.h.t.HelmChartContainer - [hivemq-test-hivemq-platform] [hivemq-platform-operator] [3d906fec] 	at io.fabric8.kubernetes.client.dsl.internal.OperationSupport.assertResponseCode(OperationSupport.java:589)
2025-01-29 01:06:06,360 INFO c.h.h.t.HelmChartContainer - [hivemq-test-hivemq-platform] [hivemq-platform-operator] [3d906fec] 	at io.fabric8.kubernetes.client.dsl.internal.OperationSupport.lambda$handleResponse$0(OperationSupport.java:549)
2025-01-29 01:06:06,360 INFO c.h.h.t.HelmChartContainer - [hivemq-test-hivemq-platform] [hivemq-platform-operator] [3d906fec] 	at java.base/java.util.concurrent.CompletableFuture$UniApply.tryFire(Unknown Source)
2025-01-29 01:06:06,360 INFO c.h.h.t.HelmChartContainer - [hivemq-test-hivemq-platform] [hivemq-platform-operator] [3d906fec] 	at java.base/java.util.concurrent.CompletableFuture.postComplete(Unknown Source)
2025-01-29 01:06:06,360 INFO c.h.h.t.HelmChartContainer - [hivemq-test-hivemq-platform] [hivemq-platform-operator] [3d906fec] 	at java.base/java.util.concurrent.CompletableFuture.complete(Unknown Source)
2025-01-29 01:06:06,360 INFO c.h.h.t.HelmChartContainer - [hivemq-test-hivemq-platform] [hivemq-platform-operator] [3d906fec] 	at io.fabric8.kubernetes.client.http.StandardHttpClient.lambda$completeOrCancel$10(StandardHttpClient.java:141)
2025-01-29 01:06:06,360 INFO c.h.h.t.HelmChartContainer - [hivemq-test-hivemq-platform] [hivemq-platform-operator] [3d906fec] 	at java.base/java.util.concurrent.CompletableFuture.uniWhenComplete(Unknown Source)
2025-01-29 01:06:06,360 INFO c.h.h.t.HelmChartContainer - [hivemq-test-hivemq-platform] [hivemq-platform-operator] [3d906fec] 	at java.base/java.util.concurrent.CompletableFuture$UniWhenComplete.tryFire(Unknown Source)
2025-01-29 01:06:06,360 INFO c.h.h.t.HelmChartContainer - [hivemq-test-hivemq-platform] [hivemq-platform-operator] [3d906fec] 	at java.base/java.util.concurrent.CompletableFuture.postComplete(Unknown Source)
2025-01-29 01:06:06,360 INFO c.h.h.t.HelmChartContainer - [hivemq-test-hivemq-platform] [hivemq-platform-operator] [3d906fec] 	at java.base/java.util.concurrent.CompletableFuture.complete(Unknown Source)
2025-01-29 01:06:06,360 INFO c.h.h.t.HelmChartContainer - [hivemq-test-hivemq-platform] [hivemq-platform-operator] [3d906fec] 	at io.fabric8.kubernetes.client.http.ByteArrayBodyHandler.onBodyDone(ByteArrayBodyHandler.java:51)
2025-01-29 01:06:06,360 INFO c.h.h.t.HelmChartContainer - [hivemq-test-hivemq-platform] [hivemq-platform-operator] [3d906fec] 	at java.base/java.util.concurrent.CompletableFuture.uniWhenComplete(Unknown Source)
2025-01-29 01:06:06,360 INFO c.h.h.t.HelmChartContainer - [hivemq-test-hivemq-platform] [hivemq-platform-operator] [3d906fec] 	at java.base/java.util.concurrent.CompletableFuture$UniWhenComplete.tryFire(Unknown Source)
2025-01-29 01:06:06,360 INFO c.h.h.t.HelmChartContainer - [hivemq-test-hivemq-platform] [hivemq-platform-operator] [3d906fec] 	at java.base/java.util.concurrent.CompletableFuture.postComplete(Unknown Source)
2025-01-29 01:06:06,360 INFO c.h.h.t.HelmChartContainer - [hivemq-test-hivemq-platform] [hivemq-platform-operator] [3d906fec] 	at java.base/java.util.concurrent.CompletableFuture.complete(Unknown Source)
2025-01-29 01:06:06,360 INFO c.h.h.t.HelmChartContainer - [hivemq-test-hivemq-platform] [hivemq-platform-operator] [3d906fec] 	at io.fabric8.kubernetes.client.vertx.VertxHttpRequest.lambda$null$1(VertxHttpRequest.java:121)
2025-01-29 01:06:06,360 INFO c.h.h.t.HelmChartContainer - [hivemq-test-hivemq-platform] [hivemq-platform-operator] [3d906fec] 	at io.vertx.core.impl.ContextInternal.dispatch(ContextInternal.java:279)
2025-01-29 01:06:06,360 INFO c.h.h.t.HelmChartContainer - [hivemq-test-hivemq-platform] [hivemq-platform-operator] [3d906fec] 	at io.vertx.core.impl.ContextInternal.dispatch(ContextInternal.java:261)
2025-01-29 01:06:06,360 INFO c.h.h.t.HelmChartContainer - [hivemq-test-hivemq-platform] [hivemq-platform-operator] [3d906fec] 	at io.vertx.core.http.impl.HttpEventHandler.handleEnd(HttpEventHandler.java:76)
2025-01-29 01:06:06,360 INFO c.h.h.t.HelmChartContainer - [hivemq-test-hivemq-platform] [hivemq-platform-operator] [3d906fec] 	at io.vertx.core.http.impl.HttpClientResponseImpl.handleEnd(HttpClientResponseImpl.java:250)
2025-01-29 01:06:06,360 INFO c.h.h.t.HelmChartContainer - [hivemq-test-hivemq-platform] [hivemq-platform-operator] [3d906fec] 	at io.vertx.core.http.impl.Http1xClientConnection$StreamImpl.lambda$new$0(Http1xClientConnection.java:421)
2025-01-29 01:06:06,360 INFO c.h.h.t.HelmChartContainer - [hivemq-test-hivemq-platform] [hivemq-platform-operator] [3d906fec] 	at io.vertx.core.streams.impl.InboundBuffer.handleEvent(InboundBuffer.java:279)
2025-01-29 01:06:06,360 INFO c.h.h.t.HelmChartContainer - [hivemq-test-hivemq-platform] [hivemq-platform-operator] [3d906fec] 	at io.vertx.core.streams.impl.InboundBuffer.write(InboundBuffer.java:157)
2025-01-29 01:06:06,360 INFO c.h.h.t.HelmChartContainer - [hivemq-test-hivemq-platform] [hivemq-platform-operator] [3d906fec] 	at io.vertx.core.http.impl.Http1xClientConnection$StreamImpl.handleEnd(Http1xClientConnection.java:709)
2025-01-29 01:06:06,360 INFO c.h.h.t.HelmChartContainer - [hivemq-test-hivemq-platform] [hivemq-platform-operator] [3d906fec] 	at io.vertx.core.impl.ContextImpl.execute(ContextImpl.java:313)
2025-01-29 01:06:06,360 INFO c.h.h.t.HelmChartContainer - [hivemq-test-hivemq-platform] [hivemq-platform-operator] [3d906fec] 	at io.vertx.core.impl.ContextImpl.execute(ContextImpl.java:293)
2025-01-29 01:06:06,360 INFO c.h.h.t.HelmChartContainer - [hivemq-test-hivemq-platform] [hivemq-platform-operator] [3d906fec] 	at io.vertx.core.http.impl.Http1xClientConnection.handleResponseEnd(Http1xClientConnection.java:940)
2025-01-29 01:06:06,360 INFO c.h.h.t.HelmChartContainer - [hivemq-test-hivemq-platform] [hivemq-platform-operator] [3d906fec] 	at io.vertx.core.http.impl.Http1xClientConnection.handleHttpMessage(Http1xClientConnection.java:810)
2025-01-29 01:06:06,360 INFO c.h.h.t.HelmChartContainer - [hivemq-test-hivemq-platform] [hivemq-platform-operator] [3d906fec] 	at io.vertx.core.http.impl.Http1xClientConnection.handleMessage(Http1xClientConnection.java:774)
2025-01-29 01:06:06,360 INFO c.h.h.t.HelmChartContainer - [hivemq-test-hivemq-platform] [hivemq-platform-operator] [3d906fec] 	at io.vertx.core.net.impl.ConnectionBase.read(ConnectionBase.java:159)
2025-01-29 01:06:06,360 INFO c.h.h.t.HelmChartContainer - [hivemq-test-hivemq-platform] [hivemq-platform-operator] [3d906fec] 	at io.vertx.core.net.impl.VertxHandler.channelRead(VertxHandler.java:153)
2025-01-29 01:06:06,360 INFO c.h.h.t.HelmChartContainer - [hivemq-test-hivemq-platform] [hivemq-platform-operator] [3d906fec] 	at io.netty.channel.AbstractChannelHandlerContext.invokeChannelRead(AbstractChannelHandlerContext.java:442)
2025-01-29 01:06:06,360 INFO c.h.h.t.HelmChartContainer - [hivemq-test-hivemq-platform] [hivemq-platform-operator] [3d906fec] 	at io.netty.channel.AbstractChannelHandlerContext.invokeChannelRead(AbstractChannelHandlerContext.java:420)
2025-01-29 01:06:06,360 INFO c.h.h.t.HelmChartContainer - [hivemq-test-hivemq-platform] [hivemq-platform-operator] [3d906fec] 	at io.netty.channel.AbstractChannelHandlerContext.fireChannelRead(AbstractChannelHandlerContext.java:412)
2025-01-29 01:06:06,360 INFO c.h.h.t.HelmChartContainer - [hivemq-test-hivemq-platform] [hivemq-platform-operator] [3d906fec] 	at io.netty.channel.CombinedChannelDuplexHandler$DelegatingChannelHandlerContext.fireChannelRead(CombinedChannelDuplexHandler.java:436)
2025-01-29 01:06:06,360 INFO c.h.h.t.HelmChartContainer - [hivemq-test-hivemq-platform] [hivemq-platform-operator] [3d906fec] 	at io.netty.handler.codec.ByteToMessageDecoder.fireChannelRead(ByteToMessageDecoder.java:346)
2025-01-29 01:06:06,360 INFO c.h.h.t.HelmChartContainer - [hivemq-test-hivemq-platform] [hivemq-platform-operator] [3d906fec] 	at io.netty.handler.codec.ByteToMessageDecoder.channelRead(ByteToMessageDecoder.java:318)
2025-01-29 01:06:06,360 INFO c.h.h.t.HelmChartContainer - [hivemq-test-hivemq-platform] [hivemq-platform-operator] [3d906fec] 	at io.netty.channel.CombinedChannelDuplexHandler.channelRead(CombinedChannelDuplexHandler.java:251)
2025-01-29 01:06:06,360 INFO c.h.h.t.HelmChartContainer - [hivemq-test-hivemq-platform] [hivemq-platform-operator] [3d906fec] 	at io.netty.channel.AbstractChannelHandlerContext.invokeChannelRead(AbstractChannelHandlerContext.java:442)
2025-01-29 01:06:06,360 INFO c.h.h.t.HelmChartContainer - [hivemq-test-hivemq-platform] [hivemq-platform-operator] [3d906fec] 	at io.netty.channel.AbstractChannelHandlerContext.invokeChannelRead(AbstractChannelHandlerContext.java:420)
2025-01-29 01:06:06,360 INFO c.h.h.t.HelmChartContainer - [hivemq-test-hivemq-platform] [hivemq-platform-operator] [3d906fec] 	at io.netty.channel.AbstractChannelHandlerContext.fireChannelRead(AbstractChannelHandlerContext.java:412)
2025-01-29 01:06:06,360 INFO c.h.h.t.HelmChartContainer - [hivemq-test-hivemq-platform] [hivemq-platform-operator] [3d906fec] 	at io.netty.handler.ssl.SslHandler.unwrap(SslHandler.java:1475)
2025-01-29 01:06:06,360 INFO c.h.h.t.HelmChartContainer - [hivemq-test-hivemq-platform] [hivemq-platform-operator] [3d906fec] 	at io.netty.handler.ssl.SslHandler.decodeJdkCompatible(SslHandler.java:1338)
2025-01-29 01:06:06,362 INFO c.h.h.t.HelmChartContainer - [hivemq-test-hivemq-platform] [hivemq-platform-operator] [3d906fec] 	at io.netty.handler.ssl.SslHandler.decode(SslHandler.java:1387)
2025-01-29 01:06:06,362 INFO c.h.h.t.HelmChartContainer - [hivemq-test-hivemq-platform] [hivemq-platform-operator] [3d906fec] 	at io.netty.handler.codec.ByteToMessageDecoder.decodeRemovalReentryProtection(ByteToMessageDecoder.java:530)
2025-01-29 01:06:06,363 INFO c.h.h.t.HelmChartContainer - [hivemq-test-hivemq-platform] [hivemq-platform-operator] [3d906fec] 	at io.netty.handler.codec.ByteToMessageDecoder.callDecode(ByteToMessageDecoder.java:469)
2025-01-29 01:06:06,363 INFO c.h.h.t.HelmChartContainer - [hivemq-test-hivemq-platform] [hivemq-platform-operator] [3d906fec] 	at io.netty.handler.codec.ByteToMessageDecoder.channelRead(ByteToMessageDecoder.java:290)
2025-01-29 01:06:06,363 INFO c.h.h.t.HelmChartContainer - [hivemq-test-hivemq-platform] [hivemq-platform-operator] [3d906fec] 	at io.netty.channel.AbstractChannelHandlerContext.invokeChannelRead(AbstractChannelHandlerContext.java:444)
2025-01-29 01:06:06,363 INFO c.h.h.t.HelmChartContainer - [hivemq-test-hivemq-platform] [hivemq-platform-operator] [3d906fec] 	at io.netty.channel.AbstractChannelHandlerContext.invokeChannelRead(AbstractChannelHandlerContext.java:420)
2025-01-29 01:06:06,363 INFO c.h.h.t.HelmChartContainer - [hivemq-test-hivemq-platform] [hivemq-platform-operator] [3d906fec] 	at io.netty.channel.AbstractChannelHandlerContext.fireChannelRead(AbstractChannelHandlerContext.java:412)
2025-01-29 01:06:06,363 INFO c.h.h.t.HelmChartContainer - [hivemq-test-hivemq-platform] [hivemq-platform-operator] [3d906fec] 	at io.netty.channel.DefaultChannelPipeline$HeadContext.channelRead(DefaultChannelPipeline.java:1407)
2025-01-29 01:06:06,363 INFO c.h.h.t.HelmChartContainer - [hivemq-test-hivemq-platform] [hivemq-platform-operator] [3d906fec] 	at io.netty.channel.AbstractChannelHandlerContext.invokeChannelRead(AbstractChannelHandlerContext.java:440)
2025-01-29 01:06:06,363 INFO c.h.h.t.HelmChartContainer - [hivemq-test-hivemq-platform] [hivemq-platform-operator] [3d906fec] 	at io.netty.channel.AbstractChannelHandlerContext.invokeChannelRead(AbstractChannelHandlerContext.java:420)
2025-01-29 01:06:06,363 INFO c.h.h.t.HelmChartContainer - [hivemq-test-hivemq-platform] [hivemq-platform-operator] [3d906fec] 	at io.netty.channel.DefaultChannelPipeline.fireChannelRead(DefaultChannelPipeline.java:918)
2025-01-29 01:06:06,363 INFO c.h.h.t.HelmChartContainer - [hivemq-test-hivemq-platform] [hivemq-platform-operator] [3d906fec] 	at io.netty.channel.nio.AbstractNioByteChannel$NioByteUnsafe.read(AbstractNioByteChannel.java:166)
2025-01-29 01:06:06,363 INFO c.h.h.t.HelmChartContainer - [hivemq-test-hivemq-platform] [hivemq-platform-operator] [3d906fec] 	at io.netty.channel.nio.NioEventLoop.processSelectedKey(NioEventLoop.java:788)
2025-01-29 01:06:06,363 INFO c.h.h.t.HelmChartContainer - [hivemq-test-hivemq-platform] [hivemq-platform-operator] [3d906fec] 	at io.netty.channel.nio.NioEventLoop.processSelectedKeysOptimized(NioEventLoop.java:724)
2025-01-29 01:06:06,363 INFO c.h.h.t.HelmChartContainer - [hivemq-test-hivemq-platform] [hivemq-platform-operator] [3d906fec] 	at io.netty.channel.nio.NioEventLoop.processSelectedKeys(NioEventLoop.java:650)
2025-01-29 01:06:06,363 INFO c.h.h.t.HelmChartContainer - [hivemq-test-hivemq-platform] [hivemq-platform-operator] [3d906fec] 	at io.netty.channel.nio.NioEventLoop.run(NioEventLoop.java:562)
2025-01-29 01:06:06,363 INFO c.h.h.t.HelmChartContainer - [hivemq-test-hivemq-platform] [hivemq-platform-operator] [3d906fec] 	at io.netty.util.concurrent.SingleThreadEventExecutor$4.run(SingleThreadEventExecutor.java:997)
2025-01-29 01:06:06,363 INFO c.h.h.t.HelmChartContainer - [hivemq-test-hivemq-platform] [hivemq-platform-operator] [3d906fec] 	at io.netty.util.internal.ThreadExecutorMap$2.run(ThreadExecutorMap.java:74)
2025-01-29 01:06:06,363 INFO c.h.h.t.HelmChartContainer - [hivemq-test-hivemq-platform] [hivemq-platform-operator] [3d906fec] 	at io.netty.util.concurrent.FastThreadLocalRunnable.run(FastThreadLocalRunnable.java:30)
2025-01-29 01:06:06,363 INFO c.h.h.t.HelmChartContainer - [hivemq-test-hivemq-platform] [hivemq-platform-operator] [3d906fec] 	... 1 common frames omitted
2025-01-29 01:06:06,368 INFO c.h.h.t.HelmChartContainer - [hivemq-test-hivemq-platform] [hivemq-platform-operator] [3d906fec] 01:06:06.368 [ReconcilerExecutor-hivemq-controller-123] INFO  c.h.p.o.HiveMQPlatformReconciler - [customcl] Cleanup test-hivemq-platform - customclusterdomainnameit HiveMQ Platform is shut down
2025-01-29 01:06:06,836 INFO c.h.h.t.HelmChartContainer - [POD] test-hivemq-platform-0 [f9bd3593-42e3-40ee-b1e9-1fdbc1036bfe] in customclusterdomainnameit was MODIFIED
2025-01-29 01:06:06,840 INFO c.h.h.t.HelmChartContainer - [EVENT] Normal [Killing] Stopping container hivemq [customclusterdomainnameit:test-hivemq-platform-0]
2025-01-29 01:06:06,840 INFO c.h.h.t.HelmChartContainer - Received Killing event for container hivemq in pod test-hivemq-platform-0 [f9bd3593-42e3-40ee-b1e9-1fdbc1036bfe]
2025-01-29 01:06:06,840 INFO c.h.h.t.HelmChartContainer - Container [test-hivemq-platform-0] [hivemq] [f9bd3593-42e3-40ee-b1e9-1fdbc1036bfe] was terminated
2025-01-29 01:06:06,840 INFO c.h.h.t.HelmChartContainer - Stopped log watcher for hivemq in pod test-hivemq-platform-0 [f9bd3593-42e3-40ee-b1e9-1fdbc1036bfe]
2025-01-29 01:06:06,845 INFO c.h.h.t.HelmChartContainer - [test-hivemq-platform] [hivemq] [f9bd3593] INFO  - [HiveMQ Platform Operator Init App 1.7.0-SNAPSHOT] Shutting down
2025-01-29 01:06:06,846 INFO c.h.h.t.HelmChartContainer - [test-hivemq-platform] [hivemq] [f9bd3593] INFO  - [HiveMQ Platform Operator Init App 1.7.0-SNAPSHOT] Stopping the HiveMQ Platform
2025-01-29 01:06:06,964 INFO c.h.h.t.HelmChartContainer - [test-hivemq-platform] [hivemq] [f9bd3593] INFO  - Shutting down HiveMQ. Please wait, this could take a while...
2025-01-29 01:06:06,967 INFO c.h.h.t.HelmChartContainer - [test-hivemq-platform] [hivemq] [f9bd3593] INFO  - Shutting down listeners and clients
2025-01-29 01:06:06,968 INFO c.h.h.t.HelmChartContainer - [test-hivemq-platform] [hivemq] [f9bd3593] INFO  - Shutdown of listeners is done
2025-01-29 01:06:06,968 INFO c.h.h.t.HelmChartContainer - [test-hivemq-platform] [hivemq] [f9bd3593] INFO  - No clients are connected, proceeding with shutdown
2025-01-29 01:06:08,149 INFO c.h.h.t.HelmChartContainer - Deleting namespace 'customclusterdomainnameit'...
2025-01-29 01:06:10,166 INFO c.h.h.t.HelmChartContainer - [test-hivemq-platform] [hivemq] [f9bd3593] INFO  - Shutting down extension system
2025-01-29 01:06:10,169 INFO c.h.h.t.HelmChartContainer - [test-hivemq-platform] [hivemq] [f9bd3593] INFO  - Stopping extension with id hivemq-dns-cluster-discovery
2025-01-29 01:06:10,169 INFO c.h.h.t.HelmChartContainer - [test-hivemq-platform] [hivemq] [f9bd3593] INFO  - Extension "DNS Cluster Discovery Extension" version 4.3.2 stopped successfully.
2025-01-29 01:06:10,170 INFO c.h.h.t.HelmChartContainer - [test-hivemq-platform] [hivemq] [f9bd3593] INFO  - Stopping extension with id hivemq-prometheus-extension
2025-01-29 01:06:10,174 INFO c.h.h.t.HelmChartContainer - [test-hivemq-platform] [hivemq] [f9bd3593] INFO  - Extension "Prometheus Monitoring Extension" version 4.0.12 stopped successfully.
2025-01-29 01:06:10,175 INFO c.h.h.t.HelmChartContainer - [test-hivemq-platform] [hivemq] [f9bd3593] INFO  - Stopping extension with id hivemq-allow-all-extension
2025-01-29 01:06:10,175 INFO c.h.h.t.HelmChartContainer - [test-hivemq-platform] [hivemq] [f9bd3593] INFO  - Extension "Allow All Extension" version 1.1.1 stopped successfully.
2025-01-29 01:06:10,474 INFO c.h.h.t.HelmChartContainer - [test-hivemq-platform] [hivemq] [f9bd3593] INFO  - [HiveMQ Platform Operator Init App 1.7.0-SNAPSHOT] Returning shutdown Health API response 503 for readiness
2025-01-29 01:06:10,478 INFO c.h.h.t.HelmChartContainer - [EVENT] Warning [Unhealthy] Readiness probe failed: HTTP probe failed with statuscode: 503 [customclusterdomainnameit:test-hivemq-platform-0]
2025-01-29 01:06:10,478 INFO c.h.h.t.HelmChartContainer - Received Unhealthy event for container hivemq in pod test-hivemq-platform-0 [f9bd3593-42e3-40ee-b1e9-1fdbc1036bfe]
2025-01-29 01:06:10,893 INFO c.h.h.t.HelmChartContainer - [test-hivemq-platform] [hivemq] [f9bd3593] WARN  - [HiveMQ Platform Operator Init App 1.7.0-SNAPSHOT] Could not update Pod annotations: Failure executing: GET at: https://10.43.0.1:443/api/v1/namespaces/customclusterdomainnameit/pods/test-hivemq-platform-0. Message: pods "test-hivemq-platform-0" is forbidden: User "system:serviceaccount:customclusterdomainnameit:hivemq-platform-pod-test-hivemq-platform" cannot get resource "pods" in API group "" in the namespace "customclusterdomainnameit". Received status: Status(apiVersion=v1, code=403, details=StatusDetails(causes=[], group=null, kind=pods, name=test-hivemq-platform-0, retryAfterSeconds=null, uid=null, additionalProperties={}), kind=Status, message=pods "test-hivemq-platform-0" is forbidden: User "system:serviceaccount:customclusterdomainnameit:hivemq-platform-pod-test-hivemq-platform" cannot get resource "pods" in API group "" in the namespace "customclusterdomainnameit", metadata=ListMeta(_continue=null, remainingItemCount=null, resourceVersion=null, selfLink=null, additionalProperties={}), reason=Forbidden, status=Failure, additionalProperties={}).
2025-01-29 01:06:12,459 INFO c.h.h.t.HelmChartContainer - [test-hivemq-platform] [hivemq] [f9bd3593] INFO  - Shutdown completed.
2025-01-29 01:06:12,809 INFO c.h.h.t.HelmChartContainer - [test-hivemq-platform] [hivemq] [f9bd3593] INFO  - [HiveMQ Platform Operator Init App 1.7.0-SNAPSHOT] The HiveMQ Platform exited with code 143
2025-01-29 01:06:12,809 INFO c.h.h.t.HelmChartContainer - [test-hivemq-platform] [hivemq] [f9bd3593] INFO  - [HiveMQ Platform Operator Init App 1.7.0-SNAPSHOT] Stopping the REST API
2025-01-29 01:06:12,815 INFO c.h.h.t.HelmChartContainer - [test-hivemq-platform] [hivemq] [f9bd3593] INFO  - [HiveMQ Platform Operator Init App 1.7.0-SNAPSHOT] Shutdown complete
2025-01-29 01:06:13,248 INFO c.h.h.t.HelmChartContainer - [K3S] [stateful_set.go:466] "StatefulSet has been deleted" key="customclusterdomainnameit/test-hivemq-platform"
2025-01-29 01:06:13,269 INFO c.h.h.t.HelmChartContainer - [POD] test-hivemq-platform-0 [f9bd3593-42e3-40ee-b1e9-1fdbc1036bfe] in customclusterdomainnameit was MODIFIED
2025-01-29 01:06:13,319 INFO c.h.h.t.HelmChartContainer - [K3S] [namespace_controller.go:164] "Unhandled Error" err="deletion of namespace customclusterdomainnameit failed: unexpected items still remain in namespace: customclusterdomainnameit for gvr: /v1, Resource=pods"
2025-01-29 01:06:13,403 INFO c.h.h.t.HelmChartContainer - [K3S] [reconciler_common.go:162] "operationExecutor.UnmountVolume started for volume \"kube-api-access-gtjm7\" (UniqueName: \"kubernetes.io/projected/f9bd3593-42e3-40ee-b1e9-1fdbc1036bfe-kube-api-access-gtjm7\") pod \"f9bd3593-42e3-40ee-b1e9-1fdbc1036bfe\" (UID: \"f9bd3593-42e3-40ee-b1e9-1fdbc1036bfe\") "
2025-01-29 01:06:13,403 INFO c.h.h.t.HelmChartContainer - [K3S] [reconciler_common.go:162] "operationExecutor.UnmountVolume started for volume \"broker-configuration\" (UniqueName: \"kubernetes.io/configmap/f9bd3593-42e3-40ee-b1e9-1fdbc1036bfe-broker-configuration\") pod \"f9bd3593-42e3-40ee-b1e9-1fdbc1036bfe\" (UID: \"f9bd3593-42e3-40ee-b1e9-1fdbc1036bfe\") "
2025-01-29 01:06:13,403 INFO c.h.h.t.HelmChartContainer - [K3S] [reconciler_common.go:162] "operationExecutor.UnmountVolume started for volume \"pod-info\" (UniqueName: \"kubernetes.io/configmap/f9bd3593-42e3-40ee-b1e9-1fdbc1036bfe-pod-info\") pod \"f9bd3593-42e3-40ee-b1e9-1fdbc1036bfe\" (UID: \"f9bd3593-42e3-40ee-b1e9-1fdbc1036bfe\") "
2025-01-29 01:06:13,403 INFO c.h.h.t.HelmChartContainer - [K3S] [reconciler_common.go:162] "operationExecutor.UnmountVolume started for volume \"operator-init\" (UniqueName: \"kubernetes.io/empty-dir/f9bd3593-42e3-40ee-b1e9-1fdbc1036bfe-operator-init\") pod \"f9bd3593-42e3-40ee-b1e9-1fdbc1036bfe\" (UID: \"f9bd3593-42e3-40ee-b1e9-1fdbc1036bfe\") "
2025-01-29 01:06:13,471 INFO c.h.h.t.HelmChartContainer - [K3S] [namespace_controller.go:164] "Unhandled Error" err="deletion of namespace customclusterdomainnameit failed: unexpected items still remain in namespace: customclusterdomainnameit for gvr: /v1, Resource=pods"
2025-01-29 01:06:13,503 INFO c.h.h.t.HelmChartContainer - [K3S] [reconciler_common.go:299] "Volume detached for volume \"kube-api-access-gtjm7\" (UniqueName: \"kubernetes.io/projected/f9bd3593-42e3-40ee-b1e9-1fdbc1036bfe-kube-api-access-gtjm7\") on node \"046d2bdb7c30\" DevicePath \"\""
2025-01-29 01:06:13,503 INFO c.h.h.t.HelmChartContainer - [K3S] [reconciler_common.go:299] "Volume detached for volume \"broker-configuration\" (UniqueName: \"kubernetes.io/configmap/f9bd3593-42e3-40ee-b1e9-1fdbc1036bfe-broker-configuration\") on node \"046d2bdb7c30\" DevicePath \"\""
2025-01-29 01:06:13,503 INFO c.h.h.t.HelmChartContainer - [K3S] [reconciler_common.go:299] "Volume detached for volume \"pod-info\" (UniqueName: \"kubernetes.io/configmap/f9bd3593-42e3-40ee-b1e9-1fdbc1036bfe-pod-info\") on node \"046d2bdb7c30\" DevicePath \"\""
2025-01-29 01:06:13,503 INFO c.h.h.t.HelmChartContainer - [K3S] [reconciler_common.go:299] "Volume detached for volume \"operator-init\" (UniqueName: \"kubernetes.io/empty-dir/f9bd3593-42e3-40ee-b1e9-1fdbc1036bfe-operator-init\") on node \"046d2bdb7c30\" DevicePath \"\""
2025-01-29 01:06:13,570 INFO c.h.h.t.HelmChartContainer - [K3S] [namespace_controller.go:164] "Unhandled Error" err="deletion of namespace customclusterdomainnameit failed: unexpected items still remain in namespace: customclusterdomainnameit for gvr: /v1, Resource=pods"
2025-01-29 01:06:13,669 INFO c.h.h.t.HelmChartContainer - [K3S] [scope.go:117] "RemoveContainer" containerID="1a379c5f628050d96186360098088869dea82269033aa71a3afd3e4e3e91873e"
2025-01-29 01:06:13,679 INFO c.h.h.t.HelmChartContainer - [K3S] [namespace_controller.go:164] "Unhandled Error" err="deletion of namespace customclusterdomainnameit failed: unexpected items still remain in namespace: customclusterdomainnameit for gvr: /v1, Resource=pods"
2025-01-29 01:06:13,683 INFO c.h.h.t.HelmChartContainer - [POD] test-hivemq-platform-0 [f9bd3593-42e3-40ee-b1e9-1fdbc1036bfe] in customclusterdomainnameit was MODIFIED
2025-01-29 01:06:13,691 INFO c.h.h.t.HelmChartContainer - [POD] test-hivemq-platform-0 [f9bd3593-42e3-40ee-b1e9-1fdbc1036bfe] in customclusterdomainnameit was DELETED
2025-01-29 01:06:13,796 INFO c.h.h.t.HelmChartContainer - [K3S] [scope.go:117] "RemoveContainer" containerID="f123ea255e249324e79e3caa250735950ccaa6d02b5c301e37813e424d7ccdcb"
2025-01-29 01:06:13,799 INFO c.h.h.t.HelmChartContainer - [K3S] [scope.go:117] "RemoveContainer" containerID="1a379c5f628050d96186360098088869dea82269033aa71a3afd3e4e3e91873e"
2025-01-29 01:06:13,799 INFO c.h.h.t.HelmChartContainer - [K3S] [scope.go:117] "RemoveContainer" containerID="f123ea255e249324e79e3caa250735950ccaa6d02b5c301e37813e424d7ccdcb"
2025-01-29 01:06:13,875 INFO c.h.h.t.HelmChartContainer - Namespace 'customclusterdomainnameit' deleted
2025-01-29 01:06:13,875 INFO c.h.h.t.HelmChartContainer - Release 'test-hivemq-platform' in namespace 'customclusterdomainnameit' is uninstalled
2025-01-29 01:06:13,875 INFO c.h.h.t.HelmChartContainer - Uninstalling release 'test-hivemq-platform-operator' in namespace 'customclusterdomainnameit-operator'...
2025-01-29 01:06:13,875 DEBUG c.h.h.t.HelmChartContainer - Executing helm command: /bin/helm --kubeconfig /etc/rancher/k3s/k3s.yaml uninstall test-hivemq-platform-operator  --wait --timeout 5m0s --cascade foreground --namespace customclusterdomainnameit-operator
2025-01-29 01:06:14,040 INFO c.h.h.t.HelmChartContainer - [K3S] [replica_set.go:679] "Finished syncing" kind="ReplicaSet" key="customclusterdomainnameit-operator/hivemq-test-hivemq-platform-operator-6966f96d65" duration="11.838452ms"
2025-01-29 01:06:14,040 INFO c.h.h.t.HelmChartContainer - [K3S] [replica_set.go:679] "Finished syncing" kind="ReplicaSet" key="customclusterdomainnameit-operator/hivemq-test-hivemq-platform-operator-6966f96d65" duration="33.142µs"
2025-01-29 01:06:14,054 INFO c.h.h.t.HelmChartContainer - [POD] hivemq-test-hivemq-platform-operator-6966f96d65-bgjvm [3d906fec-a949-4b56-a7a5-b924859c4b10] in customclusterdomainnameit-operator was MODIFIED
2025-01-29 01:06:14,065 INFO c.h.h.t.HelmChartContainer - [hivemq-test-hivemq-platform] [hivemq-platform-operator] [3d906fec] 01:06:14.065 [application-shutdown-thread] INFO  c.h.p.o.HiveMQPlatformOperatorApplication - HiveMQ Platform Operator is stopping...
2025-01-29 01:06:14,066 INFO c.h.h.t.HelmChartContainer - [EVENT] Normal [Killing] Stopping container hivemq-platform-operator [customclusterdomainnameit-operator:hivemq-test-hivemq-platform-operator-6966f96d65-bgjvm]
2025-01-29 01:06:14,066 INFO c.h.h.t.HelmChartContainer - Received Killing event for container hivemq-platform-operator in pod hivemq-test-hivemq-platform-operator-6966f96d65-bgjvm [3d906fec-a949-4b56-a7a5-b924859c4b10]
2025-01-29 01:06:14,066 INFO c.h.h.t.HelmChartContainer - Container [hivemq-test-hivemq-platform-operator-6966f96d65-bgjvm] [hivemq-platform-operator] [3d906fec-a949-4b56-a7a5-b924859c4b10] was terminated
2025-01-29 01:06:14,066 INFO c.h.h.t.HelmChartContainer - Stopped log watcher for hivemq-platform-operator in pod hivemq-test-hivemq-platform-operator-6966f96d65-bgjvm [3d906fec-a949-4b56-a7a5-b924859c4b10]
2025-01-29 01:06:14,066 INFO c.h.h.t.HelmChartContainer - [hivemq-test-hivemq-platform] [hivemq-platform-operator] [3d906fec] 01:06:14.065 [application-shutdown-thread] INFO  i.javaoperatorsdk.operator.Operator - Operator SDK 4.9.7 is shutting down...
2025-01-29 01:06:14,069 INFO c.h.h.t.HelmChartContainer - [K3S] [replica_set.go:679] "Finished syncing" kind="ReplicaSet" key="customclusterdomainnameit-operator/hivemq-test-hivemq-platform-operator-6966f96d65" duration="10.883027ms"
2025-01-29 01:06:14,069 INFO c.h.h.t.HelmChartContainer - [K3S] [replica_set.go:679] "Finished syncing" kind="ReplicaSet" key="customclusterdomainnameit-operator/hivemq-test-hivemq-platform-operator-6966f96d65" duration="38.272µs"
2025-01-29 01:06:14,486 INFO c.h.h.t.HelmChartContainer - [K3S] [kubelet_volumes.go:163] "Cleaned up orphaned pod volumes dir" podUID="f9bd3593-42e3-40ee-b1e9-1fdbc1036bfe" path="/var/lib/kubelet/pods/f9bd3593-42e3-40ee-b1e9-1fdbc1036bfe/volumes"
2025-01-29 01:06:14,671 INFO c.h.h.t.HelmChartContainer - [K3S] [pod_container_deletor.go:80] "Container not found in pod's containers" containerID="077c972c7cacc799842f4f7772d1ad933051cf22677feb44e2d5de46c813db41"
2025-01-29 01:06:14,708 INFO c.h.h.t.HelmChartContainer - [K3S] [reconciler_common.go:162] "operationExecutor.UnmountVolume started for volume \"kube-api-access-jtmsq\" (UniqueName: \"kubernetes.io/projected/3d906fec-a949-4b56-a7a5-b924859c4b10-kube-api-access-jtmsq\") pod \"3d906fec-a949-4b56-a7a5-b924859c4b10\" (UID: \"3d906fec-a949-4b56-a7a5-b924859c4b10\") "
2025-01-29 01:06:14,708 INFO c.h.h.t.HelmChartContainer - [K3S] [replica_set.go:679] "Finished syncing" kind="ReplicaSet" key="customclusterdomainnameit-operator/hivemq-test-hivemq-platform-operator-6966f96d65" duration="41.638µs"
2025-01-29 01:06:14,708 INFO c.h.h.t.HelmChartContainer - [POD] hivemq-test-hivemq-platform-operator-6966f96d65-bgjvm [3d906fec-a949-4b56-a7a5-b924859c4b10] in customclusterdomainnameit-operator was MODIFIED
2025-01-29 01:06:14,807 INFO c.h.h.t.HelmChartContainer - [K3S] [reconciler_common.go:299] "Volume detached for volume \"kube-api-access-jtmsq\" (UniqueName: \"kubernetes.io/projected/3d906fec-a949-4b56-a7a5-b924859c4b10-kube-api-access-jtmsq\") on node \"046d2bdb7c30\" DevicePath \"\""
2025-01-29 01:06:15,688 INFO c.h.h.t.HelmChartContainer - [K3S] [replica_set.go:679] "Finished syncing" kind="ReplicaSet" key="customclusterdomainnameit-operator/hivemq-test-hivemq-platform-operator-6966f96d65" duration="41.427µs"
2025-01-29 01:06:15,690 INFO c.h.h.t.HelmChartContainer - [POD] hivemq-test-hivemq-platform-operator-6966f96d65-bgjvm [3d906fec-a949-4b56-a7a5-b924859c4b10] in customclusterdomainnameit-operator was MODIFIED
2025-01-29 01:06:15,690 INFO c.h.h.t.HelmChartContainer - [POD] hivemq-test-hivemq-platform-operator-6966f96d65-bgjvm [3d906fec-a949-4b56-a7a5-b924859c4b10] in customclusterdomainnameit-operator was DELETED
2025-01-29 01:06:15,691 INFO c.h.h.t.HelmChartContainer - [K3S] [replica_set.go:679] "Finished syncing" kind="ReplicaSet" key="customclusterdomainnameit-operator/hivemq-test-hivemq-platform-operator-6966f96d65" duration="31.749µs"
2025-01-29 01:06:15,702 INFO c.h.h.t.HelmChartContainer - [K3S] [replica_set.go:679] "Finished syncing" kind="ReplicaSet" key="customclusterdomainnameit-operator/hivemq-test-hivemq-platform-operator-6966f96d65" duration="6.342µs"
2025-01-29 01:06:16,079 INFO c.h.h.t.HelmChartContainer - Deleting namespace 'customclusterdomainnameit-operator'...
2025-01-29 01:06:16,486 INFO c.h.h.t.HelmChartContainer - [K3S] [kubelet_volumes.go:163] "Cleaned up orphaned pod volumes dir" podUID="3d906fec-a949-4b56-a7a5-b924859c4b10" path="/var/lib/kubelet/pods/3d906fec-a949-4b56-a7a5-b924859c4b10/volumes"
2025-01-29 01:06:18,827 INFO c.h.h.t.HelmChartContainer - [K3S] [namespace_controller.go:187] "Namespace has been deleted" namespace="customclusterdomainnameit"
2025-01-29 01:06:21,296 INFO c.h.h.t.HelmChartContainer - Namespace 'customclusterdomainnameit-operator' deleted
2025-01-29 01:06:21,296 INFO c.h.h.t.HelmChartContainer - Release 'test-hivemq-platform-operator' in namespace 'customclusterdomainnameit-operator' is uninstalled
2025-01-29 01:06:22,098 INFO c.h.helmcharts.AbstractHelmChartIT - Removed unused containers:

2025-01-29 01:06:26,194 INFO c.h.h.t.HelmChartContainer - [K3S] [namespace_controller.go:187] "Namespace has been deleted" namespace="customclusterdomainnameit-operator"
2025-01-29 01:06:30,235 INFO c.h.helmcharts.AbstractHelmChartIT - Removed unused snapshots:
Removing snapshot sha256:03af251906410714c5aef9fa705b63f6bbc39c4a5e787de7361eeb18886c2ed2
Removing snapshot sha256:0c46b3b43cce082ce5ec34ffc6c294e0417d17b9d1e6f366d114b6aadc4f96dc
Removing snapshot sha256:0ce761beee59082d6ed5bcebd3a805b8ddd9b3426b617e4809e7fb7c6587ffec
Removing snapshot sha256:0df91287303208332c8ff6ba40ae4710105201739addbfbddfb955f1ad593664
Removing snapshot sha256:1021ef88c7974bfff89c5a0ec4fd3160daac6c48a075f74cff721f85dd104e68
Removing snapshot sha256:10aba4953ddc18145dd38e3704709bc464aa20af60b56fe52caaff4b68411e62
Removing snapshot sha256:2573e0d8158209ed54ab25c87bcdcb00bd3d2539246960a3d592a1c599d70465
Removing snapshot sha256:332142ad8c54b90e09d02196e08dc21d6e1947b78465d0d7850e8f6619bb20b6
Removing snapshot sha256:362a8a37f8bbc31925a8146adcf7cf51f9882f5c1dcbef67c5baa03a297543c0
Removing snapshot sha256:3fa4ad33f0ddc8fd45b39b6b4640f82a3a83619606cd975bfe89d8710ad2d4cd
Removing snapshot sha256:43a7c979bbaba6838bc3102d6b10a1459f3ab050b87ccdfef84ef90cf43d3058
Removing snapshot sha256:4ab04491cdf0d3267f08206fe30bd48f49f94b9cab2f016d6739220f722a64af
Removing snapshot sha256:4b6068250e89c96f263060261819c7d912855bfbd64b3eb4c4a8483299b8c295
Removing snapshot sha256:580e69a0a8034ede1921139bbd2bfb72a69ebf276d008281896c32dd8bf74775
Removing snapshot sha256:5d30ba46b27fe37484567ccc5242cadc78217b8da605f3f195ef25cbf7487904
Removing snapshot sha256:63ca1fbb43ae5034640e5e6cb3e083e05c290072c5366fcaa9d62435a4cced85
Removing snapshot sha256:67f702c6baae873bceb19487c8b1f27bd2b86077e4f2f0e480e6d60ab508b8f5
Removing snapshot sha256:6864348dd42806d552efdec384f1274be15e2d0c10ce44c1f04347af004c10a9
Removing snapshot sha256:6c7dee8f2c39b84b7dc2711c01d33de93514d9055499173e9290176fbe484b6c
Removing snapshot sha256:82753493a6d61ded36556292f02f31841a14c20d2f279f19eaad65afb661d5cd
Removing snapshot sha256:8a10d3db42c505ee0fcfa98417bdd7e39b304f6bcc0a06bb1b220797ff2cc63c
Removing snapshot sha256:a0904247e36a7726c03c71ee48f3e64462021c88dafeb13f37fdaf613b27f11c
Removing snapshot sha256:a21e5b12dbac529ad45d976eb9ce45c881f3bedcc500fb30aba1e52aa1813418
Removing snapshot sha256:aac574c09f18f0f4e0a68fb480b0a214fc4dcc37065c070f347e4bbd025df887
Removing snapshot sha256:b921e6c28969094157f9b8e7244677780319637afd14450b7cb6b2fdea558a0c
Removing snapshot sha256:bc27ecb5769a00e309cf99ebc763c4a4b958b618d1decc96ffac5bc05f02f5b7
Removing snapshot sha256:be3ccb6627a5332e309d45ef461d09b4879dd870c7394d89323d0ebc6ca6aa8a
Removing snapshot sha256:c261f7cbbc64211ee175ee47273acdb7b1a36a4450b397a064a8f2c026490095
Removing snapshot sha256:c34d9393647eea0c9e3557ab988efaf59f61d10a2a5613b439ef0958cca5ec10
Removing snapshot sha256:ccf3c4a0fa967a41c1c83497a2ce6fa5787965859df0adb32c4ca2cf7490bc2b
Removing snapshot sha256:cf92d33f869417309692088c341cd0f223c178ea78a125f757317b22aa8f90e9
Removing snapshot sha256:d0037344cf2fb078884f1849f6a1f8cf9a33a3b6139b6a85833e5ee528e1f9a8
Removing snapshot sha256:d3b36d5b79273b1e98e7700470eaeff05a882e777124d84cebcc1505b85ecb36
Removing snapshot sha256:d65a44a37914602d12c611e5e22a50f11451d847e63015cc1c2aef92dee777a4
Removing snapshot sha256:e2dc0bae2455930f23ae570e019b7f32edc75c0f2d71cab084db837ff9051796
Removing snapshot sha256:e31519795c7e3df686c447a21ec8d2eb301388a5e39ccf7f20a25c6f6ce3a522
Removing snapshot sha256:e9e86ed11d9bebc0707dd6f1166c51237ebb44f98657241f943261b2675a5449
Removing snapshot sha256:eccbd24a99c60cd9e86ee5305dbfc4a4dc89f5ab4fb1f06c8d64797cecedef34
Removing snapshot sha256:edd1404c718ab99ca3456bdf222065033800bb67d4334a9642746685a24394cd
Removing snapshot sha256:f144bb4c7c7f0d2aa7eeffd36d934ec40db1ee167be727e326aad9fdc616f475

]]></system-out>
  </testcase>
  <system-out><![CDATA[2025-01-29 01:04:29,084 INFO c.h.h.t.HelmChartContainerExtension - Using HelmChartContainer instance with additional commands
2025-01-29 01:04:29,114 INFO o.t.i.builder.ImageFromDockerfile - Pre-emptively checking local images for 'ubuntu:noble-20241118.1@sha256:80dd3c3b9c6cecb9f1667e9290b3bc61b78c2678c02cbdae5f0fea92cc6734ab', referenced via a Dockerfile. If not available, it will be pulled.
2025-01-29 01:04:29,114 INFO o.t.i.builder.ImageFromDockerfile - Pre-emptively checking local images for 'rancher/k3s:v1.32.1-k3s1', referenced via a Dockerfile. If not available, it will be pulled.
2025-01-29 01:04:29,117 INFO o.t.i.builder.ImageFromDockerfile - Transferred 0 bytes to Docker daemon
2025-01-29 01:04:29,168 DEBUG c.h.h.t.HelmChartContainer - Starting K3s container with additional commands: [--cluster-domain=hivemq.com]
2025-01-29 01:04:29,168 INFO c.h.h.t.HelmChartContainer - Starting HelmChartContainer...
2025-01-29 01:04:29,170 INFO t.localhost/testcontainers/a8ak8a64cf3eqh4x:latest - Creating container for image: localhost/testcontainers/a8ak8a64cf3eqh4x:latest
2025-01-29 01:04:29,454 INFO t.localhost/testcontainers/a8ak8a64cf3eqh4x:latest - Container localhost/testcontainers/a8ak8a64cf3eqh4x:latest is starting: 046d2bdb7c30a12474541197f25a148ae2eb857c38440c733d67548de81d9a9b
2025-01-29 01:04:29,806 INFO c.h.h.t.HelmChartContainer - [K3S] [INFO] Starting k3s v1.32.1+k3s1 (6a322f12)
2025-01-29 01:04:29,809 INFO c.h.h.t.HelmChartContainer - [K3S] [INFO] Configuring sqlite3 database connection pooling: maxIdleConns=2, maxOpenConns=0, connMaxLifetime=0s
2025-01-29 01:04:29,809 INFO c.h.h.t.HelmChartContainer - [K3S] [INFO] Configuring database table schema and indexes, this may take a moment...
2025-01-29 01:04:29,811 INFO c.h.h.t.HelmChartContainer - [K3S] [INFO] Database tables and indexes are up to date
2025-01-29 01:04:29,815 INFO c.h.h.t.HelmChartContainer - [K3S] [INFO] Kine available at unix://kine.sock
2025-01-29 01:04:30,048 INFO c.h.h.t.HelmChartContainer - [K3S] [INFO] Saving cluster bootstrap data to datastore
2025-01-29 01:04:30,049 INFO c.h.h.t.HelmChartContainer - [K3S] [WARNING] dynamiclistener [::]:6443: no cached certificate available for preload - deferring certificate load until storage initialization or first client request
2025-01-29 01:04:30,049 INFO c.h.h.t.HelmChartContainer - [K3S] [INFO] Active TLS secret / (ver=) (count 10): map[listener.cattle.io/cn-046d2bdb7c30:046d2bdb7c30 listener.cattle.io/cn-10.43.0.1:10.43.0.1 listener.cattle.io/cn-127.0.0.1:127.0.0.1 listener.cattle.io/cn-172.19.0.2:172.19.0.2 listener.cattle.io/cn-__1-f16284:::1 listener.cattle.io/cn-kubernetes:kubernetes listener.cattle.io/cn-kubernetes.default:kubernetes.default listener.cattle.io/cn-kubernetes.default.svc:kubernetes.default.svc listener.cattle.io/cn-kubernetes.default.svc.hivemq.com:kubernetes.default.svc.hivemq.com listener.cattle.io/cn-localhost:localhost listener.cattle.io/fingerprint:SHA1=1C160A4FBC4F3933467825182EF23CEE89F44C0D]
2025-01-29 01:04:30,211 INFO c.h.h.t.HelmChartContainer - [K3S] [INFO] Running kube-apiserver --advertise-port=6443 --allow-privileged=true --anonymous-auth=false --api-audiences=https://kubernetes.default.svc.hivemq.com,k3s --authorization-mode=Node,RBAC --bind-address=127.0.0.1 --cert-dir=/var/lib/rancher/k3s/server/tls/temporary-certs --client-ca-file=/var/lib/rancher/k3s/server/tls/client-ca.crt --egress-selector-config-file=/var/lib/rancher/k3s/server/etc/egress-selector-config.yaml --enable-admission-plugins=NodeRestriction --enable-aggregator-routing=true --enable-bootstrap-token-auth=true --etcd-compaction-interval=0s --etcd-servers=unix://kine.sock --kubelet-certificate-authority=/var/lib/rancher/k3s/server/tls/server-ca.crt --kubelet-client-certificate=/var/lib/rancher/k3s/server/tls/client-kube-apiserver.crt --kubelet-client-key=/var/lib/rancher/k3s/server/tls/client-kube-apiserver.key --kubelet-preferred-address-types=InternalIP,ExternalIP,Hostname --profiling=false --proxy-client-cert-file=/var/lib/rancher/k3s/server/tls/client-auth-proxy.crt --proxy-client-key-file=/var/lib/rancher/k3s/server/tls/client-auth-proxy.key --requestheader-allowed-names=system:auth-proxy --requestheader-client-ca-file=/var/lib/rancher/k3s/server/tls/request-header-ca.crt --requestheader-extra-headers-prefix=X-Remote-Extra- --requestheader-group-headers=X-Remote-Group --requestheader-username-headers=X-Remote-User --secure-port=6444 --service-account-issuer=https://kubernetes.default.svc.hivemq.com --service-account-key-file=/var/lib/rancher/k3s/server/tls/service.key --service-account-signing-key-file=/var/lib/rancher/k3s/server/tls/service.current.key --service-cluster-ip-range=10.43.0.0/16 --service-node-port-range=30000-32767 --storage-backend=etcd3 --tls-cert-file=/var/lib/rancher/k3s/server/tls/serving-kube-apiserver.crt --tls-cipher-suites=TLS_ECDHE_ECDSA_WITH_AES_256_GCM_SHA384,TLS_ECDHE_RSA_WITH_AES_256_GCM_SHA384,TLS_ECDHE_ECDSA_WITH_AES_128_GCM_SHA256,TLS_ECDHE_RSA_WITH_AES_128_GCM_SHA256,TLS_ECDHE_ECDSA_WITH_CHACHA20_POLY1305,TLS_ECDHE_RSA_WITH_CHACHA20_POLY1305 --tls-private-key-file=/var/lib/rancher/k3s/server/tls/serving-kube-apiserver.key
2025-01-29 01:04:30,211 INFO c.h.h.t.HelmChartContainer - [K3S] [INFO] Running kube-scheduler --authentication-kubeconfig=/var/lib/rancher/k3s/server/cred/scheduler.kubeconfig --authorization-kubeconfig=/var/lib/rancher/k3s/server/cred/scheduler.kubeconfig --bind-address=127.0.0.1 --kubeconfig=/var/lib/rancher/k3s/server/cred/scheduler.kubeconfig --leader-elect=false --profiling=false --secure-port=10259
2025-01-29 01:04:30,211 INFO c.h.h.t.HelmChartContainer - [K3S] [INFO] Waiting for API server to become available
2025-01-29 01:04:30,211 INFO c.h.h.t.HelmChartContainer - [K3S] [registry.go:256] calling componentGlobalsRegistry.AddFlags more than once, the registry will be set by the latest flags
2025-01-29 01:04:30,212 INFO c.h.h.t.HelmChartContainer - [K3S] [INFO] Running kube-controller-manager --allocate-node-cidrs=true --authentication-kubeconfig=/var/lib/rancher/k3s/server/cred/controller.kubeconfig --authorization-kubeconfig=/var/lib/rancher/k3s/server/cred/controller.kubeconfig --bind-address=127.0.0.1 --cluster-cidr=10.42.0.0/16 --cluster-signing-kube-apiserver-client-cert-file=/var/lib/rancher/k3s/server/tls/client-ca.nochain.crt --cluster-signing-kube-apiserver-client-key-file=/var/lib/rancher/k3s/server/tls/client-ca.key --cluster-signing-kubelet-client-cert-file=/var/lib/rancher/k3s/server/tls/client-ca.nochain.crt --cluster-signing-kubelet-client-key-file=/var/lib/rancher/k3s/server/tls/client-ca.key --cluster-signing-kubelet-serving-cert-file=/var/lib/rancher/k3s/server/tls/server-ca.nochain.crt --cluster-signing-kubelet-serving-key-file=/var/lib/rancher/k3s/server/tls/server-ca.key --cluster-signing-legacy-unknown-cert-file=/var/lib/rancher/k3s/server/tls/server-ca.nochain.crt --cluster-signing-legacy-unknown-key-file=/var/lib/rancher/k3s/server/tls/server-ca.key --configure-cloud-routes=false --controllers=*,tokencleaner,-service,-route,-cloud-node-lifecycle --kubeconfig=/var/lib/rancher/k3s/server/cred/controller.kubeconfig --leader-elect=false --profiling=false --root-ca-file=/var/lib/rancher/k3s/server/tls/server-ca.crt --secure-port=10257 --service-account-private-key-file=/var/lib/rancher/k3s/server/tls/service.current.key --service-cluster-ip-range=10.43.0.0/16 --use-service-account-credentials=true
2025-01-29 01:04:30,212 INFO c.h.h.t.HelmChartContainer - [K3S] [options.go:299] unable to set WatchListClient feature gate, err: cannot override default for feature "WatchListClient": gates already added to a flag set
2025-01-29 01:04:30,212 INFO c.h.h.t.HelmChartContainer - [K3S] [registry.go:256] calling componentGlobalsRegistry.AddFlags more than once, the registry will be set by the latest flags
2025-01-29 01:04:30,212 INFO c.h.h.t.HelmChartContainer - [K3S] [INFO] Running cloud-controller-manager --allocate-node-cidrs=true --authentication-kubeconfig=/var/lib/rancher/k3s/server/cred/cloud-controller.kubeconfig --authorization-kubeconfig=/var/lib/rancher/k3s/server/cred/cloud-controller.kubeconfig --bind-address=127.0.0.1 --cloud-config=/var/lib/rancher/k3s/server/etc/cloud-config.yaml --cloud-provider=k3s --cluster-cidr=10.42.0.0/16 --configure-cloud-routes=false --controllers=*,-route --kubeconfig=/var/lib/rancher/k3s/server/cred/cloud-controller.kubeconfig --leader-elect=false --leader-elect-resource-name=k3s-cloud-controller-manager --node-status-update-frequency=1m0s --profiling=false
2025-01-29 01:04:30,213 INFO c.h.h.t.HelmChartContainer - [K3S] [registry.go:256] calling componentGlobalsRegistry.AddFlags more than once, the registry will be set by the latest flags
2025-01-29 01:04:30,213 INFO c.h.h.t.HelmChartContainer - [K3S] [INFO] Server node token is available at /var/lib/rancher/k3s/server/token
2025-01-29 01:04:30,213 INFO c.h.h.t.HelmChartContainer - [K3S] [INFO] To join server node to cluster: k3s server -s https://172.19.0.2:6443 -t ${SERVER_NODE_TOKEN}
2025-01-29 01:04:30,213 INFO c.h.h.t.HelmChartContainer - [K3S] [INFO] Agent node token is available at /var/lib/rancher/k3s/server/agent-token
2025-01-29 01:04:30,214 INFO c.h.h.t.HelmChartContainer - [K3S] [INFO] To join agent node to cluster: k3s agent -s https://172.19.0.2:6443 -t ${AGENT_NODE_TOKEN}
2025-01-29 01:04:30,214 INFO c.h.h.t.HelmChartContainer - [K3S] [options.go:238] external host was not specified, using 172.19.0.2
2025-01-29 01:04:30,214 INFO c.h.h.t.HelmChartContainer - [K3S] [INFO] Wrote kubeconfig /etc/rancher/k3s/k3s.yaml
2025-01-29 01:04:30,215 INFO c.h.h.t.HelmChartContainer - [K3S] [INFO] Run: k3s kubectl
2025-01-29 01:04:30,217 INFO c.h.h.t.HelmChartContainer - [K3S] [server.go:151] Version: v1.32.1+k3s1
2025-01-29 01:04:30,217 INFO c.h.h.t.HelmChartContainer - [K3S] [server.go:153] "Golang settings" GOGC="" GOMAXPROCS="" GOTRACEBACK=""
2025-01-29 01:04:30,418 INFO c.h.h.t.HelmChartContainer - [K3S] [plugins.go:157] Loaded 13 mutating admission controller(s) successfully in the following order: NamespaceLifecycle,LimitRanger,ServiceAccount,NodeRestriction,TaintNodesByCondition,Priority,DefaultTolerationSeconds,DefaultStorageClass,StorageObjectInUseProtection,RuntimeClass,DefaultIngressClass,MutatingAdmissionPolicy,MutatingAdmissionWebhook.
2025-01-29 01:04:30,419 INFO c.h.h.t.HelmChartContainer - [K3S] [plugins.go:160] Loaded 13 validating admission controller(s) successfully in the following order: LimitRanger,ServiceAccount,PodSecurity,Priority,PersistentVolumeClaimResize,RuntimeClass,CertificateApproval,CertificateSigning,ClusterTrustBundleAttest,CertificateSubjectRestriction,ValidatingAdmissionPolicy,ValidatingAdmissionWebhook,ResourceQuota.
2025-01-29 01:04:30,419 INFO c.h.h.t.HelmChartContainer - [K3S] [instance.go:233] Using reconciler: lease
2025-01-29 01:04:30,483 INFO c.h.h.t.HelmChartContainer - [K3S] [apis.go:106] API group "internal.apiserver.k8s.io" is not enabled, skipping.
2025-01-29 01:04:30,524 INFO c.h.h.t.HelmChartContainer - [K3S] [apis.go:106] API group "storagemigration.k8s.io" is not enabled, skipping.
2025-01-29 01:04:30,566 INFO c.h.h.t.HelmChartContainer - [K3S] [apis.go:106] API group "resource.k8s.io" is not enabled, skipping.
2025-01-29 01:04:30,852 INFO c.h.h.t.HelmChartContainer - [K3S] [dynamic_cafile_content.go:161] "Starting controller" name="request-header::/var/lib/rancher/k3s/server/tls/request-header-ca.crt"
2025-01-29 01:04:30,853 INFO c.h.h.t.HelmChartContainer - [K3S] [dynamic_cafile_content.go:161] "Starting controller" name="client-ca-bundle::/var/lib/rancher/k3s/server/tls/client-ca.crt"
2025-01-29 01:04:30,855 INFO c.h.h.t.HelmChartContainer - [K3S] [secure_serving.go:213] Serving securely on 127.0.0.1:6444
2025-01-29 01:04:30,855 INFO c.h.h.t.HelmChartContainer - [K3S] [tlsconfig.go:243] "Starting DynamicServingCertificateController"
2025-01-29 01:04:30,855 INFO c.h.h.t.HelmChartContainer - [K3S] [dynamic_serving_content.go:135] "Starting controller" name="aggregator-proxy-cert::/var/lib/rancher/k3s/server/tls/client-auth-proxy.crt::/var/lib/rancher/k3s/server/tls/client-auth-proxy.key"
2025-01-29 01:04:30,855 INFO c.h.h.t.HelmChartContainer - [K3S] [dynamic_serving_content.go:135] "Starting controller" name="serving-cert::/var/lib/rancher/k3s/server/tls/serving-kube-apiserver.crt::/var/lib/rancher/k3s/server/tls/serving-kube-apiserver.key"
2025-01-29 01:04:30,856 INFO c.h.h.t.HelmChartContainer - [K3S] [customresource_discovery_controller.go:292] Starting DiscoveryController
2025-01-29 01:04:30,856 INFO c.h.h.t.HelmChartContainer - [K3S] [apf_controller.go:377] Starting API Priority and Fairness config controller
2025-01-29 01:04:30,856 INFO c.h.h.t.HelmChartContainer - [K3S] [aggregator.go:169] waiting for initial CRD sync...
2025-01-29 01:04:30,856 INFO c.h.h.t.HelmChartContainer - [K3S] [cluster_authentication_trust_controller.go:462] Starting cluster_authentication_trust_controller controller
2025-01-29 01:04:30,857 INFO c.h.h.t.HelmChartContainer - [K3S] [gc_controller.go:78] Starting apiserver lease garbage collector
2025-01-29 01:04:30,857 INFO c.h.h.t.HelmChartContainer - [K3S] [remote_available_controller.go:411] Starting RemoteAvailability controller
2025-01-29 01:04:30,857 INFO c.h.h.t.HelmChartContainer - [K3S] [controller.go:80] Starting OpenAPI V3 AggregationController
2025-01-29 01:04:30,857 INFO c.h.h.t.HelmChartContainer - [K3S] [controller.go:119] Starting legacy_token_tracking_controller
2025-01-29 01:04:30,857 INFO c.h.h.t.HelmChartContainer - [K3S] [local_available_controller.go:156] Starting LocalAvailability controller
2025-01-29 01:04:30,857 INFO c.h.h.t.HelmChartContainer - [K3S] [system_namespaces_controller.go:66] Starting system namespaces controller
2025-01-29 01:04:30,857 INFO c.h.h.t.HelmChartContainer - [K3S] [apiservice_controller.go:100] Starting APIServiceRegistrationController
2025-01-29 01:04:30,857 INFO c.h.h.t.HelmChartContainer - [K3S] [controller.go:78] Starting OpenAPI AggregationController
2025-01-29 01:04:30,857 INFO c.h.h.t.HelmChartContainer - [K3S] [dynamic_cafile_content.go:161] "Starting controller" name="client-ca-bundle::/var/lib/rancher/k3s/server/tls/client-ca.crt"
2025-01-29 01:04:30,857 INFO c.h.h.t.HelmChartContainer - [K3S] [controller.go:142] Starting OpenAPI controller
2025-01-29 01:04:30,857 INFO c.h.h.t.HelmChartContainer - [K3S] [controller.go:90] Starting OpenAPI V3 controller
2025-01-29 01:04:30,857 INFO c.h.h.t.HelmChartContainer - [K3S] [dynamic_cafile_content.go:161] "Starting controller" name="request-header::/var/lib/rancher/k3s/server/tls/request-header-ca.crt"
2025-01-29 01:04:30,857 INFO c.h.h.t.HelmChartContainer - [K3S] [naming_controller.go:294] Starting NamingConditionController
2025-01-29 01:04:30,857 INFO c.h.h.t.HelmChartContainer - [K3S] [establishing_controller.go:81] Starting EstablishingController
2025-01-29 01:04:30,857 INFO c.h.h.t.HelmChartContainer - [K3S] [nonstructuralschema_controller.go:195] Starting NonStructuralSchemaConditionController
2025-01-29 01:04:30,857 INFO c.h.h.t.HelmChartContainer - [K3S] [apiapproval_controller.go:189] Starting KubernetesAPIApprovalPolicyConformantConditionController
2025-01-29 01:04:30,857 INFO c.h.h.t.HelmChartContainer - [K3S] [crd_finalizer.go:269] Starting CRDFinalizer
2025-01-29 01:04:30,857 INFO c.h.h.t.HelmChartContainer - [K3S] [crdregistration_controller.go:114] Starting crd-autoregister controller
2025-01-29 01:04:30,858 INFO c.h.h.t.HelmChartContainer - [K3S] [INFO] Password verified locally for node 046d2bdb7c30
2025-01-29 01:04:30,956 INFO c.h.h.t.HelmChartContainer - [K3S] [apf_controller.go:382] Running API Priority and Fairness config worker
2025-01-29 01:04:30,956 INFO c.h.h.t.HelmChartContainer - [K3S] [apf_controller.go:385] Running API Priority and Fairness periodic rebalancing process
2025-01-29 01:04:30,956 INFO c.h.h.t.HelmChartContainer - [K3S] [handler_discovery.go:451] Starting ResourceDiscoveryManager
2025-01-29 01:04:30,956 INFO c.h.h.t.HelmChartContainer - [K3S] [aggregator.go:171] initial CRD sync complete...
2025-01-29 01:04:30,956 INFO c.h.h.t.HelmChartContainer - [K3S] [autoregister_controller.go:144] Starting autoregister controller
2025-01-29 01:04:30,984 INFO c.h.h.t.HelmChartContainer - [K3S] [controller.go:145] "Failed to ensure lease exists, will retry" err="namespaces \"kube-system\" not found" interval="200ms"
2025-01-29 01:04:31,006 INFO c.h.h.t.HelmChartContainer - [K3S] [policy_source.go:240] refreshing policies
2025-01-29 01:04:31,008 INFO c.h.h.t.HelmChartContainer - [K3S] [controller.go:95] Unable to perform initial Kubernetes service initialization: namespaces "default" not found
2025-01-29 01:04:31,009 INFO c.h.h.t.HelmChartContainer - [K3S] [controller.go:148] "Unhandled Error" err="while syncing ConfigMap \"kube-system/kube-apiserver-legacy-service-account-token-tracking\", err: namespaces \"kube-system\" not found" logger="UnhandledError"
2025-01-29 01:04:31,339 INFO c.h.h.t.HelmChartContainer - [K3S] [WARNING] Host resolv.conf includes loopback or multicast nameservers - kubelet will use autogenerated resolv.conf with nameserver 8.8.8.8
2025-01-29 01:04:31,348 INFO c.h.h.t.HelmChartContainer - [K3S] [INFO] Module overlay was already loaded
2025-01-29 01:04:31,348 INFO c.h.h.t.HelmChartContainer - [K3S] [INFO] Module nf_conntrack was already loaded
2025-01-29 01:04:31,348 INFO c.h.h.t.HelmChartContainer - [K3S] [INFO] Module br_netfilter was already loaded
2025-01-29 01:04:31,352 INFO c.h.h.t.HelmChartContainer - [K3S] [INFO] Set sysctl 'net/netfilter/nf_conntrack_max' to 131072
2025-01-29 01:04:31,352 INFO c.h.h.t.HelmChartContainer - [K3S] [INFO] Set sysctl 'net/netfilter/nf_conntrack_tcp_timeout_established' to 86400
2025-01-29 01:04:31,352 INFO c.h.h.t.HelmChartContainer - [K3S] [INFO] Set sysctl 'net/netfilter/nf_conntrack_tcp_timeout_close_wait' to 3600
2025-01-29 01:04:31,353 INFO c.h.h.t.HelmChartContainer - [K3S] [INFO] Logging containerd to /var/lib/rancher/k3s/agent/containerd/containerd.log
2025-01-29 01:04:31,354 INFO c.h.h.t.HelmChartContainer - [K3S] [INFO] Running containerd -c /var/lib/rancher/k3s/agent/etc/containerd/config.toml -a /run/k3s/containerd/containerd.sock --state /run/k3s/containerd --root /var/lib/rancher/k3s/agent/containerd
2025-01-29 01:04:31,858 INFO c.h.h.t.HelmChartContainer - [K3S] [storage_scheduling.go:95] created PriorityClass system-node-critical with value 2000001000
2025-01-29 01:04:31,861 INFO c.h.h.t.HelmChartContainer - [K3S] [storage_scheduling.go:95] created PriorityClass system-cluster-critical with value 2000000000
2025-01-29 01:04:31,861 INFO c.h.h.t.HelmChartContainer - [K3S] [storage_scheduling.go:111] all system priority classes are created successfully or already exist.
2025-01-29 01:04:32,214 INFO c.h.h.t.HelmChartContainer - [K3S] [alloc.go:330] "allocated clusterIPs" service="default/kubernetes" clusterIPs={"IPv4":"10.43.0.1"}
2025-01-29 01:04:32,217 INFO c.h.h.t.HelmChartContainer - [K3S] [INFO] Waiting for untainted node
2025-01-29 01:04:32,219 INFO c.h.h.t.HelmChartContainer - [K3S] [INFO] Kube API server is now running
2025-01-29 01:04:32,219 INFO c.h.h.t.HelmChartContainer - [K3S] [INFO] ETCD server is now running
2025-01-29 01:04:32,219 INFO c.h.h.t.HelmChartContainer - [K3S] [INFO] k3s is up and running
2025-01-29 01:04:32,219 INFO c.h.h.t.HelmChartContainer - [K3S] [INFO] Waiting for cloud-controller-manager privileges to become available
2025-01-29 01:04:32,219 INFO c.h.h.t.HelmChartContainer - [K3S] [INFO] Creating k3s-supervisor event broadcaster
2025-01-29 01:04:32,219 INFO c.h.h.t.HelmChartContainer - [K3S] [lease.go:265] Resetting endpoints for master service "kubernetes" to [172.19.0.2]
2025-01-29 01:04:32,323 INFO c.h.h.t.HelmChartContainer - [K3S] [INFO] Applying CRD addons.k3s.cattle.io
2025-01-29 01:04:32,333 INFO c.h.h.t.HelmChartContainer - [K3S] [INFO] Applying CRD etcdsnapshotfiles.k3s.cattle.io
2025-01-29 01:04:32,343 INFO c.h.h.t.HelmChartContainer - [K3S] [INFO] Applying CRD helmcharts.helm.cattle.io
2025-01-29 01:04:32,361 INFO c.h.h.t.HelmChartContainer - [K3S] [INFO] Applying CRD helmchartconfigs.helm.cattle.io
2025-01-29 01:04:32,361 INFO c.h.h.t.HelmChartContainer - [K3S] [INFO] containerd is now running
2025-01-29 01:04:32,370 INFO c.h.h.t.HelmChartContainer - [K3S] [INFO] Creating k3s-cert-monitor event broadcaster
2025-01-29 01:04:32,373 INFO c.h.h.t.HelmChartContainer - [K3S] [INFO] Running kubelet --cloud-provider=external --config-dir=/var/lib/rancher/k3s/agent/etc/kubelet.conf.d --containerd=/run/k3s/containerd/containerd.sock --hostname-override=046d2bdb7c30 --kubeconfig=/var/lib/rancher/k3s/agent/kubelet.kubeconfig --node-ip=172.19.0.2 --node-labels=
2025-01-29 01:04:32,379 INFO c.h.h.t.HelmChartContainer - [K3S] [INFO] Waiting for CRD helmcharts.helm.cattle.io to become available
2025-01-29 01:04:32,380 INFO c.h.h.t.HelmChartContainer - [K3S] [INFO] Connecting to proxy" url="wss://127.0.0.1:6443/v1-k3s/connect
2025-01-29 01:04:32,388 INFO c.h.h.t.HelmChartContainer - [K3S] [INFO] Handling backend connection request [046d2bdb7c30]
2025-01-29 01:04:32,392 INFO c.h.h.t.HelmChartContainer - [K3S] Flag --containerd has been deprecated, This is a cadvisor flag that was mistakenly registered with the Kubelet. Due to legacy concerns, it will follow the standard CLI deprecation timeline before being removed.
2025-01-29 01:04:32,396 INFO c.h.h.t.HelmChartContainer - [K3S] [INFO] Remotedialer connected to proxy" url="wss://127.0.0.1:6443/v1-k3s/connect
2025-01-29 01:04:32,397 INFO c.h.h.t.HelmChartContainer - [K3S] [server.go:515] "Kubelet version" kubeletVersion="v1.32.1+k3s1"
2025-01-29 01:04:32,397 INFO c.h.h.t.HelmChartContainer - [K3S] [server.go:517] "Golang settings" GOGC="" GOMAXPROCS="" GOTRACEBACK=""
2025-01-29 01:04:32,399 INFO c.h.h.t.HelmChartContainer - [K3S] [dynamic_cafile_content.go:161] "Starting controller" name="client-ca-bundle::/var/lib/rancher/k3s/agent/client-ca.crt"
2025-01-29 01:04:32,410 INFO c.h.h.t.HelmChartContainer - [K3S] [log.go:32] "RuntimeConfig from runtime service failed" err="rpc error: code = Unimplemented desc = method RuntimeConfig not implemented"
2025-01-29 01:04:32,410 INFO c.h.h.t.HelmChartContainer - [K3S] [server.go:1416] "CRI implementation should be updated to support RuntimeConfig when KubeletCgroupDriverFromCRI feature gate has been enabled. Falling back to using cgroupDriver from kubelet config."
2025-01-29 01:04:32,449 INFO c.h.h.t.HelmChartContainer - [K3S] [info.go:53] Couldn't collect info from any of the files in "/etc/machine-id,/var/lib/dbus/machine-id"
2025-01-29 01:04:32,450 INFO c.h.h.t.HelmChartContainer - [K3S] [server.go:767] "--cgroups-per-qos enabled, but --cgroup-root was not specified.  defaulting to /"
2025-01-29 01:04:32,451 INFO c.h.h.t.HelmChartContainer - [K3S] [server.go:836] "NoSwap is set due to memorySwapBehavior not specified" memorySwapBehavior="" FailSwapOn=false
2025-01-29 01:04:32,451 INFO c.h.h.t.HelmChartContainer - [K3S] [swap_util.go:115] "Swap is on" /proc/swaps contents=<
2025-01-29 01:04:32,451 INFO c.h.h.t.HelmChartContainer - [K3S] 	Filename				Type		Size		Used		Priority
2025-01-29 01:04:32,452 INFO c.h.h.t.HelmChartContainer - [K3S] 	/mnt/swapfile                           file		4194300		12		-2
2025-01-29 01:04:32,452 INFO c.h.h.t.HelmChartContainer - [K3S]  >
2025-01-29 01:04:32,452 INFO c.h.h.t.HelmChartContainer - [K3S] [container_manager_linux.go:268] "Container manager verified user specified cgroup-root exists" cgroupRoot=[]
2025-01-29 01:04:32,452 INFO c.h.h.t.HelmChartContainer - [K3S] [container_manager_linux.go:273] "Creating Container Manager object based on Node Config" nodeConfig={"NodeName":"046d2bdb7c30","RuntimeCgroupsName":"","SystemCgroupsName":"","KubeletCgroupsName":"/k3s","KubeletOOMScoreAdj":-999,"ContainerRuntime":"","CgroupsPerQOS":true,"CgroupRoot":"/","CgroupDriver":"cgroupfs","KubeletRootDir":"/var/lib/kubelet","ProtectKernelDefaults":false,"KubeReservedCgroupName":"","SystemReservedCgroupName":"","ReservedSystemCPUs":{},"EnforceNodeAllocatable":{"pods":{}},"KubeReserved":null,"SystemReserved":null,"HardEvictionThresholds":[{"Signal":"imagefs.available","Operator":"LessThan","Value":{"Quantity":null,"Percentage":0.05},"GracePeriod":0,"MinReclaim":null},{"Signal":"nodefs.available","Operator":"LessThan","Value":{"Quantity":null,"Percentage":0.05},"GracePeriod":0,"MinReclaim":null}],"QOSReserved":{},"CPUManagerPolicy":"none","CPUManagerPolicyOptions":null,"TopologyManagerScope":"container","CPUManagerReconcilePeriod":10000000000,"ExperimentalMemoryManagerPolicy":"None","ExperimentalMemoryManagerReservedMemory":null,"PodPidsLimit":-1,"EnforceCPULimits":true,"CPUCFSQuotaPeriod":100000000,"TopologyManagerPolicy":"none","TopologyManagerPolicyOptions":null,"CgroupVersion":2}
2025-01-29 01:04:32,452 INFO c.h.h.t.HelmChartContainer - [K3S] [topology_manager.go:138] "Creating topology manager with none policy"
2025-01-29 01:04:32,452 INFO c.h.h.t.HelmChartContainer - [K3S] [container_manager_linux.go:304] "Creating device plugin manager"
2025-01-29 01:04:32,452 INFO c.h.h.t.HelmChartContainer - [K3S] [state_mem.go:36] "Initialized new in-memory state store"
2025-01-29 01:04:32,452 INFO c.h.h.t.HelmChartContainer - [K3S] [kubelet.go:446] "Attempting to sync node with API server"
2025-01-29 01:04:32,452 INFO c.h.h.t.HelmChartContainer - [K3S] [kubelet.go:341] "Adding static pod path" path="/var/lib/rancher/k3s/agent/pod-manifests"
2025-01-29 01:04:32,452 INFO c.h.h.t.HelmChartContainer - [K3S] [kubelet.go:352] "Adding apiserver pod source"
2025-01-29 01:04:32,452 INFO c.h.h.t.HelmChartContainer - [K3S] [apiserver.go:42] "Waiting for node sync before watching apiserver pods"
2025-01-29 01:04:32,454 INFO c.h.h.t.HelmChartContainer - [K3S] [kuberuntime_manager.go:269] "Container runtime initialized" containerRuntime="containerd" version="v1.7.23-k3s2" apiVersion="v1"
2025-01-29 01:04:32,454 INFO c.h.h.t.HelmChartContainer - [K3S] [kubelet.go:890] "Not starting ClusterTrustBundle informer because we are in static kubelet mode"
2025-01-29 01:04:32,455 INFO c.h.h.t.HelmChartContainer - [K3S] [probe.go:272] Flexvolume plugin directory at /usr/libexec/kubernetes/kubelet-plugins/volume/exec/ does not exist. Recreating.
2025-01-29 01:04:32,456 INFO c.h.h.t.HelmChartContainer - [K3S] [watchdog_linux.go:99] "Systemd watchdog is not enabled"
2025-01-29 01:04:32,456 INFO c.h.h.t.HelmChartContainer - [K3S] [server.go:1282] "Started kubelet"
2025-01-29 01:04:32,460 INFO c.h.h.t.HelmChartContainer - [K3S] [fs_resource_analyzer.go:67] "Starting FS ResourceAnalyzer"
2025-01-29 01:04:32,460 INFO c.h.h.t.HelmChartContainer - [K3S] [server.go:169] "Starting to listen" address="0.0.0.0" port=10250
2025-01-29 01:04:32,461 INFO c.h.h.t.HelmChartContainer - [K3S] [server.go:490] "Adding debug handlers to kubelet server"
2025-01-29 01:04:32,462 INFO c.h.h.t.HelmChartContainer - [K3S] [server.go:208] "Starting to listen read-only" address="0.0.0.0" port=10255
2025-01-29 01:04:32,463 INFO c.h.h.t.HelmChartContainer - [K3S] [ratelimit.go:55] "Setting rate limiting for endpoint" service="podresources" qps=100 burstTokens=10
2025-01-29 01:04:32,463 INFO c.h.h.t.HelmChartContainer - [K3S] [server.go:243] "Starting to serve the podresources API" endpoint="unix:/var/lib/kubelet/pod-resources/kubelet.sock"
2025-01-29 01:04:32,471 INFO c.h.h.t.HelmChartContainer - [K3S] [dynamic_serving_content.go:135] "Starting controller" name="kubelet-server-cert-files::/var/lib/rancher/k3s/agent/serving-kubelet.crt::/var/lib/rancher/k3s/agent/serving-kubelet.key"
2025-01-29 01:04:32,472 INFO c.h.h.t.HelmChartContainer - [K3S] [volume_manager.go:297] "Starting Kubelet Volume Manager"
2025-01-29 01:04:32,473 INFO c.h.h.t.HelmChartContainer - [K3S] [kubelet_node_status.go:467] "Error getting the current node from lister" err="node \"046d2bdb7c30\" not found"
2025-01-29 01:04:32,477 INFO c.h.h.t.HelmChartContainer - [K3S] [desired_state_of_world_populator.go:149] "Desired state populator starts to run"
2025-01-29 01:04:32,477 INFO c.h.h.t.HelmChartContainer - [K3S] [reconciler.go:26] "Reconciler: start to sync state"
2025-01-29 01:04:32,478 INFO c.h.h.t.HelmChartContainer - [K3S] [factory.go:221] Registration of the systemd container factory successfully
2025-01-29 01:04:32,478 INFO c.h.h.t.HelmChartContainer - [K3S] [factory.go:219] Registration of the crio container factory failed: Get "http://%2Fvar%2Frun%2Fcrio%2Fcrio.sock/info": dial unix /var/run/crio/crio.sock: connect: no such file or directory
2025-01-29 01:04:32,480 INFO c.h.h.t.HelmChartContainer - [K3S] [factory.go:221] Registration of the containerd container factory successfully
2025-01-29 01:04:32,482 INFO c.h.h.t.HelmChartContainer - [K3S] [kubelet_network_linux.go:50] "Initialized iptables rules." protocol="IPv4"
2025-01-29 01:04:32,483 INFO c.h.h.t.HelmChartContainer - [K3S] [kubelet_network_linux.go:50] "Initialized iptables rules." protocol="IPv6"
2025-01-29 01:04:32,483 INFO c.h.h.t.HelmChartContainer - [K3S] [status_manager.go:227] "Starting to sync pod status with apiserver"
2025-01-29 01:04:32,483 INFO c.h.h.t.HelmChartContainer - [K3S] [watchdog_linux.go:127] "Systemd watchdog is not enabled or the interval is invalid, so health checking will not be started."
2025-01-29 01:04:32,483 INFO c.h.h.t.HelmChartContainer - [K3S] [kubelet.go:2388] "Starting kubelet main sync loop"
2025-01-29 01:04:32,483 INFO c.h.h.t.HelmChartContainer - [K3S] [kubelet.go:2412] "Skipping pod synchronization" err="[container runtime status check may not have completed yet, PLEG is not healthy: pleg has yet to be successful]"
2025-01-29 01:04:32,495 INFO c.h.h.t.HelmChartContainer - [K3S] [kubelet.go:1561] "Image garbage collection failed once. Stats initialization may not have completed yet" err="invalid capacity 0 on image filesystem"
2025-01-29 01:04:32,499 INFO c.h.h.t.HelmChartContainer - [K3S] [nodelease.go:49] "Failed to get node when trying to set owner ref to the node lease" err="nodes \"046d2bdb7c30\" not found" node="046d2bdb7c30"
2025-01-29 01:04:32,527 INFO c.h.h.t.HelmChartContainer - [K3S] [cpu_manager.go:221] "Starting CPU manager" policy="none"
2025-01-29 01:04:32,527 INFO c.h.h.t.HelmChartContainer - [K3S] [cpu_manager.go:222] "Reconciling" reconcilePeriod="10s"
2025-01-29 01:04:32,527 INFO c.h.h.t.HelmChartContainer - [K3S] [state_mem.go:36] "Initialized new in-memory state store"
2025-01-29 01:04:32,528 INFO c.h.h.t.HelmChartContainer - [K3S] [policy_none.go:49] "None policy: Start"
2025-01-29 01:04:32,529 INFO c.h.h.t.HelmChartContainer - [K3S] [memory_manager.go:186] "Starting memorymanager" policy="None"
2025-01-29 01:04:32,529 INFO c.h.h.t.HelmChartContainer - [K3S] [state_mem.go:35] "Initializing new in-memory state store"
2025-01-29 01:04:32,530 INFO c.h.h.t.HelmChartContainer - [K3S] [manager.go:519] "Failed to read data from checkpoint" checkpoint="kubelet_internal_checkpoint" err="checkpoint is not found"
2025-01-29 01:04:32,530 INFO c.h.h.t.HelmChartContainer - [K3S] [eviction_manager.go:189] "Eviction manager: starting control loop"
2025-01-29 01:04:32,531 INFO c.h.h.t.HelmChartContainer - [K3S] [container_log_manager.go:189] "Initializing container log rotate workers" workers=1 monitorPeriod="10s"
2025-01-29 01:04:32,536 INFO c.h.h.t.HelmChartContainer - [K3S] [plugin_manager.go:118] "Starting Kubelet Plugin Manager"
2025-01-29 01:04:32,537 INFO c.h.h.t.HelmChartContainer - [K3S] [eviction_manager.go:267] "eviction manager: failed to check if we have separate container filesystem. Ignoring." err="no imagefs label for configured runtime"
2025-01-29 01:04:32,537 INFO c.h.h.t.HelmChartContainer - [K3S] [eviction_manager.go:292] "Eviction manager: failed to get summary stats" err="failed to get node info: node \"046d2bdb7c30\" not found"
2025-01-29 01:04:32,552 INFO c.h.h.t.HelmChartContainer - [K3S] [ERROR] Sending HTTP/1.1 503 response to 127.0.0.1:43360: runtime core not ready
2025-01-29 01:04:32,581 INFO c.h.h.t.HelmChartContainer - [K3S] [serving.go:392] Generated self-signed cert in-memory
2025-01-29 01:04:32,633 INFO c.h.h.t.HelmChartContainer - [K3S] [kubelet_node_status.go:76] "Attempting to register node" node="046d2bdb7c30"
2025-01-29 01:04:32,636 INFO c.h.h.t.HelmChartContainer - [K3S] [kubelet_node_status.go:79] "Successfully registered node" node="046d2bdb7c30"
2025-01-29 01:04:32,636 INFO c.h.h.t.HelmChartContainer - [K3S] [kubelet_node_status.go:549] "Error updating node status, will retry" err="error getting node \"046d2bdb7c30\": node \"046d2bdb7c30\" not found"
2025-01-29 01:04:32,641 INFO c.h.h.t.HelmChartContainer - [K3S] [INFO] Annotations and labels have been set successfully on node: 046d2bdb7c30
2025-01-29 01:04:32,642 INFO c.h.h.t.HelmChartContainer - [K3S] [INFO] Starting flannel with backend vxlan
2025-01-29 01:04:32,662 INFO c.h.h.t.HelmChartContainer - [K3S] [INFO] Running kube-proxy --cluster-cidr=10.42.0.0/16 --conntrack-max-per-core=0 --conntrack-tcp-timeout-close-wait=0s --conntrack-tcp-timeout-established=0s --healthz-bind-address=127.0.0.1 --hostname-override=046d2bdb7c30 --kubeconfig=/var/lib/rancher/k3s/agent/kubeproxy.kubeconfig --proxy-mode=iptables
2025-01-29 01:04:32,709 INFO c.h.h.t.HelmChartContainer - [K3S] [server.go:698] "Successfully retrieved node IP(s)" IPs=["172.19.0.2"]
2025-01-29 01:04:32,709 INFO c.h.h.t.HelmChartContainer - [K3S] [server.go:234] "Kube-proxy configuration may be incomplete or incorrect" err="nodePortAddresses is unset; NodePort connections will be accepted on all local IPs. Consider using `--nodeport-addresses primary`"
2025-01-29 01:04:32,712 INFO c.h.h.t.HelmChartContainer - [K3S] [server.go:243] "kube-proxy running in dual-stack mode" primary ipFamily="IPv4"
2025-01-29 01:04:32,712 INFO c.h.h.t.HelmChartContainer - [K3S] [server_linux.go:170] "Using iptables Proxier"
2025-01-29 01:04:32,713 INFO c.h.h.t.HelmChartContainer - [K3S] [proxier.go:255] "Setting route_localnet=1 to allow node-ports on localhost; to change this either disable iptables.localhostNodePorts (--iptables-localhost-nodeports) or set nodePortAddresses (--nodeport-addresses) to filter loopback addresses"
2025-01-29 01:04:32,713 INFO c.h.h.t.HelmChartContainer - [K3S] [server.go:497] "Version info" version="v1.32.1+k3s1"
2025-01-29 01:04:32,714 INFO c.h.h.t.HelmChartContainer - [K3S] [server.go:499] "Golang settings" GOGC="" GOMAXPROCS="" GOTRACEBACK=""
2025-01-29 01:04:32,715 INFO c.h.h.t.HelmChartContainer - [K3S] [config.go:199] "Starting service config controller"
2025-01-29 01:04:32,715 INFO c.h.h.t.HelmChartContainer - [K3S] [config.go:105] "Starting endpoint slice config controller"
2025-01-29 01:04:32,718 INFO c.h.h.t.HelmChartContainer - [K3S] [config.go:329] "Starting node config controller"
2025-01-29 01:04:32,847 INFO c.h.h.t.HelmChartContainer - [K3S] [kubelet_node_status.go:502] "Fast updating node status as it just became ready"
2025-01-29 01:04:32,882 INFO c.h.h.t.HelmChartContainer - [K3S] [INFO] Done waiting for CRD helmcharts.helm.cattle.io to become available
2025-01-29 01:04:32,882 INFO c.h.h.t.HelmChartContainer - [K3S] [INFO] Waiting for CRD helmchartconfigs.helm.cattle.io to become available
2025-01-29 01:04:33,385 INFO c.h.h.t.HelmChartContainer - [K3S] [INFO] Done waiting for CRD helmchartconfigs.helm.cattle.io to become available
2025-01-29 01:04:33,386 INFO c.h.h.t.HelmChartContainer - [K3S] [INFO] Writing static file: /var/lib/rancher/k3s/server/static/charts/traefik-27.0.201+up27.0.2.tgz
2025-01-29 01:04:33,387 INFO c.h.h.t.HelmChartContainer - [K3S] [INFO] Writing static file: /var/lib/rancher/k3s/server/static/charts/traefik-crd-27.0.201+up27.0.2.tgz
2025-01-29 01:04:33,387 INFO c.h.h.t.HelmChartContainer - [K3S] [INFO] Writing manifest: /var/lib/rancher/k3s/server/manifests/metrics-server/metrics-server-deployment.yaml
2025-01-29 01:04:33,387 INFO c.h.h.t.HelmChartContainer - [K3S] [INFO] Writing manifest: /var/lib/rancher/k3s/server/manifests/metrics-server/metrics-server-service.yaml
2025-01-29 01:04:33,387 INFO c.h.h.t.HelmChartContainer - [K3S] [INFO] Writing manifest: /var/lib/rancher/k3s/server/manifests/rolebindings.yaml
2025-01-29 01:04:33,388 INFO c.h.h.t.HelmChartContainer - [K3S] [INFO] Writing manifest: /var/lib/rancher/k3s/server/manifests/runtimes.yaml
2025-01-29 01:04:33,388 INFO c.h.h.t.HelmChartContainer - [K3S] [INFO] Writing manifest: /var/lib/rancher/k3s/server/manifests/ccm.yaml
2025-01-29 01:04:33,389 INFO c.h.h.t.HelmChartContainer - [K3S] [INFO] Writing manifest: /var/lib/rancher/k3s/server/manifests/local-storage.yaml
2025-01-29 01:04:33,389 INFO c.h.h.t.HelmChartContainer - [K3S] [INFO] Writing manifest: /var/lib/rancher/k3s/server/manifests/metrics-server/auth-reader.yaml
2025-01-29 01:04:33,389 INFO c.h.h.t.HelmChartContainer - [K3S] [INFO] Writing manifest: /var/lib/rancher/k3s/server/manifests/metrics-server/metrics-apiservice.yaml
2025-01-29 01:04:33,389 INFO c.h.h.t.HelmChartContainer - [K3S] [INFO] Writing manifest: /var/lib/rancher/k3s/server/manifests/metrics-server/resource-reader.yaml
2025-01-29 01:04:33,389 INFO c.h.h.t.HelmChartContainer - [K3S] [INFO] Writing manifest: /var/lib/rancher/k3s/server/manifests/coredns.yaml
2025-01-29 01:04:33,389 INFO c.h.h.t.HelmChartContainer - [K3S] [INFO] Writing manifest: /var/lib/rancher/k3s/server/manifests/metrics-server/aggregated-metrics-reader.yaml
2025-01-29 01:04:33,389 INFO c.h.h.t.HelmChartContainer - [K3S] [INFO] Writing manifest: /var/lib/rancher/k3s/server/manifests/metrics-server/auth-delegator.yaml
2025-01-29 01:04:33,389 INFO c.h.h.t.HelmChartContainer - [K3S] [INFO] Starting dynamiclistener CN filter node controller with SANs: [localhost 127.0.0.1 ::1 localhost 046d2bdb7c30 172.19.0.2 10.43.0.1 kubernetes kubernetes.default kubernetes.default.svc kubernetes.default.svc.hivemq.com]
2025-01-29 01:04:33,389 INFO c.h.h.t.HelmChartContainer - [K3S] [INFO] Tunnel server egress proxy mode: agent
2025-01-29 01:04:33,425 INFO c.h.h.t.HelmChartContainer - [K3S] [controllermanager.go:185] "Starting" version="v1.32.1+k3s1"
2025-01-29 01:04:33,425 INFO c.h.h.t.HelmChartContainer - [K3S] [controllermanager.go:187] "Golang settings" GOGC="" GOMAXPROCS="" GOTRACEBACK=""
2025-01-29 01:04:33,427 INFO c.h.h.t.HelmChartContainer - [K3S] [requestheader_controller.go:180] Starting RequestHeaderAuthRequestController
2025-01-29 01:04:33,428 INFO c.h.h.t.HelmChartContainer - [K3S] [configmap_cafile_content.go:205] "Starting controller" name="client-ca::kube-system::extension-apiserver-authentication::requestheader-client-ca-file"
2025-01-29 01:04:33,428 INFO c.h.h.t.HelmChartContainer - [K3S] [configmap_cafile_content.go:205] "Starting controller" name="client-ca::kube-system::extension-apiserver-authentication::client-ca-file"
2025-01-29 01:04:33,428 INFO c.h.h.t.HelmChartContainer - [K3S] [secure_serving.go:213] Serving securely on 127.0.0.1:10257
2025-01-29 01:04:33,428 INFO c.h.h.t.HelmChartContainer - [K3S] [tlsconfig.go:243] "Starting DynamicServingCertificateController"
2025-01-29 01:04:33,431 INFO c.h.h.t.HelmChartContainer - [K3S] [controllermanager.go:765] "Started controller" controller="serviceaccount-token-controller"
2025-01-29 01:04:33,437 INFO c.h.h.t.HelmChartContainer - [K3S] [controllermanager.go:765] "Started controller" controller="token-cleaner-controller"
2025-01-29 01:04:33,437 INFO c.h.h.t.HelmChartContainer - [K3S] [tokencleaner.go:117] "Starting token cleaner controller"
2025-01-29 01:04:33,449 INFO c.h.h.t.HelmChartContainer - [K3S] [range_allocator.go:112] "No Secondary Service CIDR provided. Skipping filtering out secondary service addresses"
2025-01-29 01:04:33,449 INFO c.h.h.t.HelmChartContainer - [K3S] [controllermanager.go:765] "Started controller" controller="node-ipam-controller"
2025-01-29 01:04:33,449 INFO c.h.h.t.HelmChartContainer - [K3S] [controllermanager.go:717] "Controller is disabled by a feature gate" controller="resourceclaim-controller" requiredFeatureGates=["DynamicResourceAllocation"]
2025-01-29 01:04:33,449 INFO c.h.h.t.HelmChartContainer - [K3S] [node_ipam_controller.go:141] "Starting ipam controller"
2025-01-29 01:04:33,453 INFO c.h.h.t.HelmChartContainer - [K3S] [apiserver.go:52] "Watching apiserver"
2025-01-29 01:04:33,459 INFO c.h.h.t.HelmChartContainer - [K3S] [controllermanager.go:765] "Started controller" controller="horizontal-pod-autoscaler-controller"
2025-01-29 01:04:33,459 INFO c.h.h.t.HelmChartContainer - [K3S] [horizontal.go:201] "Starting HPA controller"
2025-01-29 01:04:33,464 INFO c.h.h.t.HelmChartContainer - [K3S] [controllermanager.go:765] "Started controller" controller="statefulset-controller"
2025-01-29 01:04:33,464 INFO c.h.h.t.HelmChartContainer - [K3S] [stateful_set.go:166] "Starting stateful set controller"
2025-01-29 01:04:33,468 INFO c.h.h.t.HelmChartContainer - [K3S] [controllermanager.go:765] "Started controller" controller="certificatesigningrequest-cleaner-controller"
2025-01-29 01:04:33,468 INFO c.h.h.t.HelmChartContainer - [K3S] [controllermanager.go:723] "Skipping a cloud provider controller" controller="service-lb-controller"
2025-01-29 01:04:33,468 INFO c.h.h.t.HelmChartContainer - [K3S] [cleaner.go:83] "Starting CSR cleaner controller"
2025-01-29 01:04:33,473 INFO c.h.h.t.HelmChartContainer - [K3S] [controllermanager.go:765] "Started controller" controller="persistentvolume-expander-controller"
2025-01-29 01:04:33,473 INFO c.h.h.t.HelmChartContainer - [K3S] [controllermanager.go:717] "Controller is disabled by a feature gate" controller="service-cidr-controller" requiredFeatureGates=["MultiCIDRServiceAllocator"]
2025-01-29 01:04:33,473 INFO c.h.h.t.HelmChartContainer - [K3S] [expand_controller.go:329] "Starting expand controller"
2025-01-29 01:04:33,476 INFO c.h.h.t.HelmChartContainer - [K3S] [desired_state_of_world_populator.go:157] "Finished populating initial desired state of world"
2025-01-29 01:04:33,479 INFO c.h.h.t.HelmChartContainer - [K3S] [controllermanager.go:765] "Started controller" controller="disruption-controller"
2025-01-29 01:04:33,479 INFO c.h.h.t.HelmChartContainer - [K3S] [disruption.go:452] "Sending events to api server."
2025-01-29 01:04:33,479 INFO c.h.h.t.HelmChartContainer - [K3S] [disruption.go:463] "Starting disruption controller"
2025-01-29 01:04:33,481 INFO c.h.h.t.HelmChartContainer - [K3S] [certificate_controller.go:120] "Starting certificate controller" name="csrsigning-kubelet-serving"
2025-01-29 01:04:33,481 INFO c.h.h.t.HelmChartContainer - [K3S] [dynamic_serving_content.go:135] "Starting controller" name="csr-controller::/var/lib/rancher/k3s/server/tls/server-ca.nochain.crt::/var/lib/rancher/k3s/server/tls/server-ca.key"
2025-01-29 01:04:33,481 INFO c.h.h.t.HelmChartContainer - [K3S] [certificate_controller.go:120] "Starting certificate controller" name="csrsigning-kubelet-client"
2025-01-29 01:04:33,482 INFO c.h.h.t.HelmChartContainer - [K3S] [dynamic_serving_content.go:135] "Starting controller" name="csr-controller::/var/lib/rancher/k3s/server/tls/client-ca.nochain.crt::/var/lib/rancher/k3s/server/tls/client-ca.key"
2025-01-29 01:04:33,482 INFO c.h.h.t.HelmChartContainer - [K3S] [certificate_controller.go:120] "Starting certificate controller" name="csrsigning-kube-apiserver-client"
2025-01-29 01:04:33,482 INFO c.h.h.t.HelmChartContainer - [K3S] [dynamic_serving_content.go:135] "Starting controller" name="csr-controller::/var/lib/rancher/k3s/server/tls/client-ca.nochain.crt::/var/lib/rancher/k3s/server/tls/client-ca.key"
2025-01-29 01:04:33,482 INFO c.h.h.t.HelmChartContainer - [K3S] [controllermanager.go:765] "Started controller" controller="certificatesigningrequest-signing-controller"
2025-01-29 01:04:33,482 INFO c.h.h.t.HelmChartContainer - [K3S] [certificate_controller.go:120] "Starting certificate controller" name="csrsigning-legacy-unknown"
2025-01-29 01:04:33,482 INFO c.h.h.t.HelmChartContainer - [K3S] [dynamic_serving_content.go:135] "Starting controller" name="csr-controller::/var/lib/rancher/k3s/server/tls/server-ca.nochain.crt::/var/lib/rancher/k3s/server/tls/server-ca.key"
2025-01-29 01:04:33,487 INFO c.h.h.t.HelmChartContainer - [K3S] [controllermanager.go:765] "Started controller" controller="persistentvolume-binder-controller"
2025-01-29 01:04:33,487 INFO c.h.h.t.HelmChartContainer - [K3S] [controllermanager.go:717] "Controller is disabled by a feature gate" controller="storageversion-garbage-collector-controller" requiredFeatureGates=["APIServerIdentity","StorageVersionAPI"]
2025-01-29 01:04:33,487 INFO c.h.h.t.HelmChartContainer - [K3S] [pv_controller_base.go:308] "Starting persistent volume controller"
2025-01-29 01:04:33,494 INFO c.h.h.t.HelmChartContainer - [K3S] [INFO] Starting k3s.cattle.io/v1, Kind=Addon controller
2025-01-29 01:04:33,494 INFO c.h.h.t.HelmChartContainer - [K3S] [INFO] Creating deploy event broadcaster
2025-01-29 01:04:33,534 INFO c.h.h.t.HelmChartContainer - [K3S] [controllermanager.go:765] "Started controller" controller="taint-eviction-controller"
2025-01-29 01:04:33,534 INFO c.h.h.t.HelmChartContainer - [K3S] [taint_eviction.go:281] "Starting" controller="taint-eviction-controller"
2025-01-29 01:04:33,534 INFO c.h.h.t.HelmChartContainer - [K3S] [taint_eviction.go:287] "Sending events to api server"
2025-01-29 01:04:33,597 INFO c.h.h.t.HelmChartContainer - [K3S] [INFO] Starting /v1, Kind=Node controller
2025-01-29 01:04:33,598 INFO c.h.h.t.HelmChartContainer - [K3S] [INFO] Creating helm-controller event broadcaster
2025-01-29 01:04:33,610 INFO c.h.h.t.HelmChartContainer - [K3S] [INFO] Cluster dns configmap has been set successfully
2025-01-29 01:04:33,611 INFO c.h.h.t.HelmChartContainer - [K3S] [INFO] Labels and annotations have been set successfully on node: 046d2bdb7c30
2025-01-29 01:04:33,684 INFO c.h.h.t.HelmChartContainer - [K3S] [controllermanager.go:765] "Started controller" controller="pod-garbage-collector-controller"
2025-01-29 01:04:33,684 INFO c.h.h.t.HelmChartContainer - [K3S] [gc_controller.go:99] "Starting GC controller"
2025-01-29 01:04:33,706 INFO c.h.h.t.HelmChartContainer - [K3S] [INFO] Starting helm.cattle.io/v1, Kind=HelmChart controller
2025-01-29 01:04:33,706 INFO c.h.h.t.HelmChartContainer - [K3S] [INFO] Starting helm.cattle.io/v1, Kind=HelmChartConfig controller
2025-01-29 01:04:33,708 INFO c.h.h.t.HelmChartContainer - [K3S] [INFO] Starting rbac.authorization.k8s.io/v1, Kind=ClusterRoleBinding controller
2025-01-29 01:04:33,711 INFO c.h.h.t.HelmChartContainer - [K3S] [INFO] Starting batch/v1, Kind=Job controller
2025-01-29 01:04:33,711 INFO c.h.h.t.HelmChartContainer - [K3S] [INFO] Starting /v1, Kind=ConfigMap controller
2025-01-29 01:04:33,711 INFO c.h.h.t.HelmChartContainer - [K3S] [INFO] Starting /v1, Kind=Secret controller
2025-01-29 01:04:33,711 INFO c.h.h.t.HelmChartContainer - [K3S] [INFO] Starting /v1, Kind=ServiceAccount controller
2025-01-29 01:04:33,834 INFO c.h.h.t.HelmChartContainer - [K3S] [controllermanager.go:765] "Started controller" controller="serviceaccount-controller"
2025-01-29 01:04:33,835 INFO c.h.h.t.HelmChartContainer - [K3S] [serviceaccounts_controller.go:114] "Starting service account controller"
2025-01-29 01:04:33,984 INFO c.h.h.t.HelmChartContainer - [K3S] [controllermanager.go:765] "Started controller" controller="daemonset-controller"
2025-01-29 01:04:33,984 INFO c.h.h.t.HelmChartContainer - [K3S] [daemon_controller.go:294] "Starting daemon sets controller"
2025-01-29 01:04:34,053 INFO c.h.h.t.HelmChartContainer - [K3S] [INFO] Updating TLS secret for kube-system/k3s-serving (count: 10): map[listener.cattle.io/cn-046d2bdb7c30:046d2bdb7c30 listener.cattle.io/cn-10.43.0.1:10.43.0.1 listener.cattle.io/cn-127.0.0.1:127.0.0.1 listener.cattle.io/cn-172.19.0.2:172.19.0.2 listener.cattle.io/cn-__1-f16284:::1 listener.cattle.io/cn-kubernetes:kubernetes listener.cattle.io/cn-kubernetes.default:kubernetes.default listener.cattle.io/cn-kubernetes.default.svc:kubernetes.default.svc listener.cattle.io/cn-kubernetes.default.svc.hivemq.com:kubernetes.default.svc.hivemq.com listener.cattle.io/cn-localhost:localhost listener.cattle.io/fingerprint:SHA1=1C160A4FBC4F3933467825182EF23CEE89F44C0D]
2025-01-29 01:04:34,056 INFO c.h.h.t.HelmChartContainer - [K3S] [INFO] Active TLS secret kube-system/k3s-serving (ver=241) (count 10): map[listener.cattle.io/cn-046d2bdb7c30:046d2bdb7c30 listener.cattle.io/cn-10.43.0.1:10.43.0.1 listener.cattle.io/cn-127.0.0.1:127.0.0.1 listener.cattle.io/cn-172.19.0.2:172.19.0.2 listener.cattle.io/cn-__1-f16284:::1 listener.cattle.io/cn-kubernetes:kubernetes listener.cattle.io/cn-kubernetes.default:kubernetes.default listener.cattle.io/cn-kubernetes.default.svc:kubernetes.default.svc listener.cattle.io/cn-kubernetes.default.svc.hivemq.com:kubernetes.default.svc.hivemq.com listener.cattle.io/cn-localhost:localhost listener.cattle.io/fingerprint:SHA1=1C160A4FBC4F3933467825182EF23CEE89F44C0D]
2025-01-29 01:04:34,135 INFO c.h.h.t.HelmChartContainer - [K3S] [controllermanager.go:765] "Started controller" controller="ttl-controller"
2025-01-29 01:04:34,135 INFO c.h.h.t.HelmChartContainer - [K3S] [controllermanager.go:743] "Warning: skipping controller" controller="storage-version-migrator-controller"
2025-01-29 01:04:34,135 INFO c.h.h.t.HelmChartContainer - [K3S] [controllermanager.go:728] "Warning: controller is disabled" controller="bootstrap-signer-controller"
2025-01-29 01:04:34,135 INFO c.h.h.t.HelmChartContainer - [K3S] [ttl_controller.go:127] "Starting TTL controller"
2025-01-29 01:04:34,152 INFO c.h.h.t.HelmChartContainer - [K3S] [INFO] Updating TLS secret for kube-system/k3s-serving (count: 10): map[listener.cattle.io/cn-046d2bdb7c30:046d2bdb7c30 listener.cattle.io/cn-10.43.0.1:10.43.0.1 listener.cattle.io/cn-127.0.0.1:127.0.0.1 listener.cattle.io/cn-172.19.0.2:172.19.0.2 listener.cattle.io/cn-__1-f16284:::1 listener.cattle.io/cn-kubernetes:kubernetes listener.cattle.io/cn-kubernetes.default:kubernetes.default listener.cattle.io/cn-kubernetes.default.svc:kubernetes.default.svc listener.cattle.io/cn-kubernetes.default.svc.hivemq.com:kubernetes.default.svc.hivemq.com listener.cattle.io/cn-localhost:localhost listener.cattle.io/fingerprint:SHA1=1C160A4FBC4F3933467825182EF23CEE89F44C0D]
2025-01-29 01:04:34,184 INFO c.h.h.t.HelmChartContainer - [K3S] [node_lifecycle_controller.go:432] "Controller will reconcile labels"
2025-01-29 01:04:34,184 INFO c.h.h.t.HelmChartContainer - [K3S] [controllermanager.go:765] "Started controller" controller="node-lifecycle-controller"
2025-01-29 01:04:34,184 INFO c.h.h.t.HelmChartContainer - [K3S] [controllermanager.go:723] "Skipping a cloud provider controller" controller="node-route-controller"
2025-01-29 01:04:34,184 INFO c.h.h.t.HelmChartContainer - [K3S] [controllermanager.go:717] "Controller is disabled by a feature gate" controller="volumeattributesclass-protection-controller" requiredFeatureGates=["VolumeAttributesClass"]
2025-01-29 01:04:34,184 INFO c.h.h.t.HelmChartContainer - [K3S] [node_lifecycle_controller.go:466] "Sending events to api server"
2025-01-29 01:04:34,184 INFO c.h.h.t.HelmChartContainer - [K3S] [node_lifecycle_controller.go:477] "Starting node controller"
2025-01-29 01:04:34,436 INFO c.h.h.t.HelmChartContainer - [K3S] [controllermanager.go:765] "Started controller" controller="namespace-controller"
2025-01-29 01:04:34,436 INFO c.h.h.t.HelmChartContainer - [K3S] [namespace_controller.go:202] "Starting namespace controller"
2025-01-29 01:04:34,584 INFO c.h.h.t.HelmChartContainer - [K3S] [controllermanager.go:765] "Started controller" controller="endpointslice-mirroring-controller"
2025-01-29 01:04:34,584 INFO c.h.h.t.HelmChartContainer - [K3S] [endpointslicemirroring_controller.go:227] "Starting EndpointSliceMirroring controller"
2025-01-29 01:04:34,734 INFO c.h.h.t.HelmChartContainer - [K3S] [controllermanager.go:765] "Started controller" controller="job-controller"
2025-01-29 01:04:34,735 INFO c.h.h.t.HelmChartContainer - [K3S] [job_controller.go:243] "Starting job controller"
2025-01-29 01:04:34,885 INFO c.h.h.t.HelmChartContainer - [K3S] [controllermanager.go:765] "Started controller" controller="replicaset-controller"
2025-01-29 01:04:34,885 INFO c.h.h.t.HelmChartContainer - [K3S] [controllermanager.go:723] "Skipping a cloud provider controller" controller="cloud-node-lifecycle-controller"
2025-01-29 01:04:34,885 INFO c.h.h.t.HelmChartContainer - [K3S] [replica_set.go:217] "Starting controller" name="replicaset"
2025-01-29 01:04:35,035 INFO c.h.h.t.HelmChartContainer - [K3S] [controllermanager.go:765] "Started controller" controller="persistentvolume-attach-detach-controller"
2025-01-29 01:04:35,035 INFO c.h.h.t.HelmChartContainer - [K3S] [attach_detach_controller.go:338] "Starting attach detach controller"
2025-01-29 01:04:35,188 INFO c.h.h.t.HelmChartContainer - [K3S] [controllermanager.go:765] "Started controller" controller="clusterrole-aggregation-controller"
2025-01-29 01:04:35,189 INFO c.h.h.t.HelmChartContainer - [K3S] [clusterroleaggregation_controller.go:194] "Starting ClusterRoleAggregator controller"
2025-01-29 01:04:35,334 INFO c.h.h.t.HelmChartContainer - [K3S] [controllermanager.go:765] "Started controller" controller="persistentvolume-protection-controller"
2025-01-29 01:04:35,334 INFO c.h.h.t.HelmChartContainer - [K3S] [pv_protection_controller.go:81] "Starting PV protection controller"
2025-01-29 01:04:35,485 INFO c.h.h.t.HelmChartContainer - [K3S] [controllermanager.go:765] "Started controller" controller="endpoints-controller"
2025-01-29 01:04:35,485 INFO c.h.h.t.HelmChartContainer - [K3S] [controllermanager.go:717] "Controller is disabled by a feature gate" controller="selinux-warning-controller" requiredFeatureGates=["SELinuxChangePolicy"]
2025-01-29 01:04:35,485 INFO c.h.h.t.HelmChartContainer - [K3S] [endpoints_controller.go:182] "Starting endpoint controller"
2025-01-29 01:04:35,499 INFO c.h.h.t.HelmChartContainer - [K3S] [event.go:389] "Event occurred" object="kube-system/ccm" fieldPath="" kind="Addon" apiVersion="k3s.cattle.io/v1" type="Normal" reason="ApplyingManifest" message="Applying manifest at \"/var/lib/rancher/k3s/server/manifests/ccm.yaml\""
2025-01-29 01:04:35,517 INFO c.h.h.t.HelmChartContainer - [K3S] [event.go:389] "Event occurred" object="kube-system/ccm" fieldPath="" kind="Addon" apiVersion="k3s.cattle.io/v1" type="Normal" reason="AppliedManifest" message="Applied manifest at \"/var/lib/rancher/k3s/server/manifests/ccm.yaml\""
2025-01-29 01:04:35,526 INFO c.h.h.t.HelmChartContainer - [K3S] [event.go:389] "Event occurred" object="kube-system/coredns" fieldPath="" kind="Addon" apiVersion="k3s.cattle.io/v1" type="Normal" reason="ApplyingManifest" message="Applying manifest at \"/var/lib/rancher/k3s/server/manifests/coredns.yaml\""
2025-01-29 01:04:35,629 INFO c.h.h.t.HelmChartContainer - [K3S] [alloc.go:330] "allocated clusterIPs" service="kube-system/kube-dns" clusterIPs={"IPv4":"10.43.0.10"}
2025-01-29 01:04:35,630 INFO c.h.h.t.HelmChartContainer - [K3S] [event.go:389] "Event occurred" object="kube-system/coredns" fieldPath="" kind="Addon" apiVersion="k3s.cattle.io/v1" type="Normal" reason="AppliedManifest" message="Applied manifest at \"/var/lib/rancher/k3s/server/manifests/coredns.yaml\""
2025-01-29 01:04:35,635 INFO c.h.h.t.HelmChartContainer - [K3S] [controllermanager.go:765] "Started controller" controller="replicationcontroller-controller"
2025-01-29 01:04:35,635 INFO c.h.h.t.HelmChartContainer - [K3S] [replica_set.go:217] "Starting controller" name="replicationcontroller"
2025-01-29 01:04:35,638 INFO c.h.h.t.HelmChartContainer - [K3S] [event.go:389] "Event occurred" object="kube-system/local-storage" fieldPath="" kind="Addon" apiVersion="k3s.cattle.io/v1" type="Normal" reason="ApplyingManifest" message="Applying manifest at \"/var/lib/rancher/k3s/server/manifests/local-storage.yaml\""
2025-01-29 01:04:35,729 INFO c.h.h.t.HelmChartContainer - [K3S] [event.go:389] "Event occurred" object="kube-system/local-storage" fieldPath="" kind="Addon" apiVersion="k3s.cattle.io/v1" type="Normal" reason="AppliedManifest" message="Applied manifest at \"/var/lib/rancher/k3s/server/manifests/local-storage.yaml\""
2025-01-29 01:04:35,735 INFO c.h.h.t.HelmChartContainer - [K3S] [event.go:389] "Event occurred" object="kube-system/aggregated-metrics-reader" fieldPath="" kind="Addon" apiVersion="k3s.cattle.io/v1" type="Normal" reason="ApplyingManifest" message="Applying manifest at \"/var/lib/rancher/k3s/server/manifests/metrics-server/aggregated-metrics-reader.yaml\""
2025-01-29 01:04:35,806 INFO c.h.h.t.HelmChartContainer - [K3S] [event.go:389] "Event occurred" object="kube-system/aggregated-metrics-reader" fieldPath="" kind="Addon" apiVersion="k3s.cattle.io/v1" type="Normal" reason="AppliedManifest" message="Applied manifest at \"/var/lib/rancher/k3s/server/manifests/metrics-server/aggregated-metrics-reader.yaml\""
2025-01-29 01:04:35,812 INFO c.h.h.t.HelmChartContainer - [K3S] [event.go:389] "Event occurred" object="kube-system/auth-delegator" fieldPath="" kind="Addon" apiVersion="k3s.cattle.io/v1" type="Normal" reason="ApplyingManifest" message="Applying manifest at \"/var/lib/rancher/k3s/server/manifests/metrics-server/auth-delegator.yaml\""
2025-01-29 01:04:35,816 INFO c.h.h.t.HelmChartContainer - [K3S] [event.go:389] "Event occurred" object="kube-system/auth-delegator" fieldPath="" kind="Addon" apiVersion="k3s.cattle.io/v1" type="Normal" reason="AppliedManifest" message="Applied manifest at \"/var/lib/rancher/k3s/server/manifests/metrics-server/auth-delegator.yaml\""
2025-01-29 01:04:35,821 INFO c.h.h.t.HelmChartContainer - [K3S] [event.go:389] "Event occurred" object="kube-system/auth-reader" fieldPath="" kind="Addon" apiVersion="k3s.cattle.io/v1" type="Normal" reason="ApplyingManifest" message="Applying manifest at \"/var/lib/rancher/k3s/server/manifests/metrics-server/auth-reader.yaml\""
2025-01-29 01:04:35,826 INFO c.h.h.t.HelmChartContainer - [K3S] [event.go:389] "Event occurred" object="kube-system/auth-reader" fieldPath="" kind="Addon" apiVersion="k3s.cattle.io/v1" type="Normal" reason="AppliedManifest" message="Applied manifest at \"/var/lib/rancher/k3s/server/manifests/metrics-server/auth-reader.yaml\""
2025-01-29 01:04:35,834 INFO c.h.h.t.HelmChartContainer - [K3S] [event.go:389] "Event occurred" object="kube-system/metrics-apiservice" fieldPath="" kind="Addon" apiVersion="k3s.cattle.io/v1" type="Normal" reason="ApplyingManifest" message="Applying manifest at \"/var/lib/rancher/k3s/server/manifests/metrics-server/metrics-apiservice.yaml\""
2025-01-29 01:04:35,840 INFO c.h.h.t.HelmChartContainer - [K3S] [event.go:389] "Event occurred" object="kube-system/metrics-apiservice" fieldPath="" kind="Addon" apiVersion="k3s.cattle.io/v1" type="Normal" reason="AppliedManifest" message="Applied manifest at \"/var/lib/rancher/k3s/server/manifests/metrics-server/metrics-apiservice.yaml\""
2025-01-29 01:04:35,843 INFO c.h.h.t.HelmChartContainer - [K3S] [handler_proxy.go:99] no RequestInfo found in the context
2025-01-29 01:04:35,843 INFO c.h.h.t.HelmChartContainer - [K3S] [controller.go:146] "Unhandled Error" err=<
2025-01-29 01:04:35,843 INFO c.h.h.t.HelmChartContainer - [K3S] 	, Header: map[Content-Type:[text/plain; charset=utf-8] X-Content-Type-Options:[nosniff]]
2025-01-29 01:04:35,843 INFO c.h.h.t.HelmChartContainer - [K3S]  >
2025-01-29 01:04:35,844 INFO c.h.h.t.HelmChartContainer - [K3S] [handler_proxy.go:143] error resolving kube-system/metrics-server: service "metrics-server" not found
2025-01-29 01:04:35,845 INFO c.h.h.t.HelmChartContainer - [K3S] [event.go:389] "Event occurred" object="kube-system/metrics-server-deployment" fieldPath="" kind="Addon" apiVersion="k3s.cattle.io/v1" type="Normal" reason="ApplyingManifest" message="Applying manifest at \"/var/lib/rancher/k3s/server/manifests/metrics-server/metrics-server-deployment.yaml\""
2025-01-29 01:04:35,854 INFO c.h.h.t.HelmChartContainer - [K3S] [event.go:389] "Event occurred" object="kube-system/metrics-server-deployment" fieldPath="" kind="Addon" apiVersion="k3s.cattle.io/v1" type="Normal" reason="AppliedManifest" message="Applied manifest at \"/var/lib/rancher/k3s/server/manifests/metrics-server/metrics-server-deployment.yaml\""
2025-01-29 01:04:35,863 INFO c.h.h.t.HelmChartContainer - [K3S] [event.go:389] "Event occurred" object="kube-system/metrics-server-service" fieldPath="" kind="Addon" apiVersion="k3s.cattle.io/v1" type="Normal" reason="ApplyingManifest" message="Applying manifest at \"/var/lib/rancher/k3s/server/manifests/metrics-server/metrics-server-service.yaml\""
2025-01-29 01:04:35,868 INFO c.h.h.t.HelmChartContainer - [K3S] [alloc.go:330] "allocated clusterIPs" service="kube-system/metrics-server" clusterIPs={"IPv4":"10.43.24.199"}
2025-01-29 01:04:35,869 INFO c.h.h.t.HelmChartContainer - [K3S] [event.go:389] "Event occurred" object="kube-system/metrics-server-service" fieldPath="" kind="Addon" apiVersion="k3s.cattle.io/v1" type="Normal" reason="AppliedManifest" message="Applied manifest at \"/var/lib/rancher/k3s/server/manifests/metrics-server/metrics-server-service.yaml\""
2025-01-29 01:04:35,874 INFO c.h.h.t.HelmChartContainer - [K3S] [handler_proxy.go:99] no RequestInfo found in the context
2025-01-29 01:04:35,874 INFO c.h.h.t.HelmChartContainer - [K3S] [controller.go:146] "Unhandled Error" err=<
2025-01-29 01:04:35,874 INFO c.h.h.t.HelmChartContainer - [K3S] 	, Header: map[Content-Type:[text/plain; charset=utf-8] X-Content-Type-Options:[nosniff]]
2025-01-29 01:04:35,874 INFO c.h.h.t.HelmChartContainer - [K3S]  >
2025-01-29 01:04:35,874 INFO c.h.h.t.HelmChartContainer - [K3S] [handler_proxy.go:143] error resolving kube-system/metrics-server: endpoints "metrics-server" not found
2025-01-29 01:04:35,878 INFO c.h.h.t.HelmChartContainer - [K3S] [event.go:389] "Event occurred" object="kube-system/resource-reader" fieldPath="" kind="Addon" apiVersion="k3s.cattle.io/v1" type="Normal" reason="ApplyingManifest" message="Applying manifest at \"/var/lib/rancher/k3s/server/manifests/metrics-server/resource-reader.yaml\""
2025-01-29 01:04:35,884 INFO c.h.h.t.HelmChartContainer - [K3S] [graph_builder.go:351] "Running" component="GraphBuilder"
2025-01-29 01:04:35,884 INFO c.h.h.t.HelmChartContainer - [K3S] [controllermanager.go:765] "Started controller" controller="garbage-collector-controller"
2025-01-29 01:04:35,918 INFO c.h.h.t.HelmChartContainer - [K3S] [event.go:389] "Event occurred" object="kube-system/resource-reader" fieldPath="" kind="Addon" apiVersion="k3s.cattle.io/v1" type="Normal" reason="AppliedManifest" message="Applied manifest at \"/var/lib/rancher/k3s/server/manifests/metrics-server/resource-reader.yaml\""
2025-01-29 01:04:35,924 INFO c.h.h.t.HelmChartContainer - [K3S] [event.go:389] "Event occurred" object="kube-system/rolebindings" fieldPath="" kind="Addon" apiVersion="k3s.cattle.io/v1" type="Normal" reason="ApplyingManifest" message="Applying manifest at \"/var/lib/rancher/k3s/server/manifests/rolebindings.yaml\""
2025-01-29 01:04:35,947 INFO c.h.h.t.HelmChartContainer - [K3S] [event.go:389] "Event occurred" object="046d2bdb7c30" fieldPath="" kind="Node" apiVersion="" type="Normal" reason="NodePasswordValidationComplete" message="Deferred node password secret validation complete"
2025-01-29 01:04:35,998 INFO c.h.h.t.HelmChartContainer - [K3S] [event.go:389] "Event occurred" object="kube-system/rolebindings" fieldPath="" kind="Addon" apiVersion="k3s.cattle.io/v1" type="Normal" reason="AppliedManifest" message="Applied manifest at \"/var/lib/rancher/k3s/server/manifests/rolebindings.yaml\""
2025-01-29 01:04:36,004 INFO c.h.h.t.HelmChartContainer - [K3S] [event.go:389] "Event occurred" object="kube-system/runtimes" fieldPath="" kind="Addon" apiVersion="k3s.cattle.io/v1" type="Normal" reason="ApplyingManifest" message="Applying manifest at \"/var/lib/rancher/k3s/server/manifests/runtimes.yaml\""
2025-01-29 01:04:36,031 INFO c.h.h.t.HelmChartContainer - [K3S] [event.go:389] "Event occurred" object="kube-system/runtimes" fieldPath="" kind="Addon" apiVersion="k3s.cattle.io/v1" type="Normal" reason="AppliedManifest" message="Applied manifest at \"/var/lib/rancher/k3s/server/manifests/runtimes.yaml\""
2025-01-29 01:04:36,134 INFO c.h.h.t.HelmChartContainer - [K3S] [controllermanager.go:765] "Started controller" controller="cronjob-controller"
2025-01-29 01:04:36,134 INFO c.h.h.t.HelmChartContainer - [K3S] [cronjob_controllerv2.go:145] "Starting cronjob controller v2"
2025-01-29 01:04:36,184 INFO c.h.h.t.HelmChartContainer - [K3S] [controllermanager.go:765] "Started controller" controller="certificatesigningrequest-approving-controller"
2025-01-29 01:04:36,184 INFO c.h.h.t.HelmChartContainer - [K3S] [certificate_controller.go:120] "Starting certificate controller" name="csrapproving"
2025-01-29 01:04:36,335 INFO c.h.h.t.HelmChartContainer - [K3S] [controllermanager.go:765] "Started controller" controller="persistentvolumeclaim-protection-controller"
2025-01-29 01:04:36,335 INFO c.h.h.t.HelmChartContainer - [K3S] [controllermanager.go:717] "Controller is disabled by a feature gate" controller="kube-apiserver-serving-clustertrustbundle-publisher-controller" requiredFeatureGates=["ClusterTrustBundle"]
2025-01-29 01:04:36,335 INFO c.h.h.t.HelmChartContainer - [K3S] [pvc_protection_controller.go:168] "Starting PVC protection controller"
2025-01-29 01:04:36,408 INFO c.h.h.t.HelmChartContainer - [K3S] [INFO] Tunnel authorizer set Kubelet Port 0.0.0.0:10250
2025-01-29 01:04:36,448 INFO c.h.h.t.HelmChartContainer - [K3S] [serving.go:392] Generated self-signed cert in-memory
2025-01-29 01:04:36,486 INFO c.h.h.t.HelmChartContainer - [K3S] [controllermanager.go:765] "Started controller" controller="legacy-serviceaccount-token-cleaner-controller"
2025-01-29 01:04:36,486 INFO c.h.h.t.HelmChartContainer - [K3S] [legacy_serviceaccount_token_cleaner.go:103] "Starting legacy service account token cleaner controller"
2025-01-29 01:04:36,635 INFO c.h.h.t.HelmChartContainer - [K3S] [controllermanager.go:765] "Started controller" controller="endpointslice-controller"
2025-01-29 01:04:36,635 INFO c.h.h.t.HelmChartContainer - [K3S] [endpointslice_controller.go:281] "Starting endpoint slice controller"
2025-01-29 01:04:36,785 INFO c.h.h.t.HelmChartContainer - [K3S] [controllermanager.go:765] "Started controller" controller="deployment-controller"
2025-01-29 01:04:36,785 INFO c.h.h.t.HelmChartContainer - [K3S] [deployment_controller.go:173] "Starting controller" controller="deployment"
2025-01-29 01:04:36,839 INFO c.h.h.t.HelmChartContainer - [K3S] [handler_proxy.go:99] no RequestInfo found in the context
2025-01-29 01:04:36,839 INFO c.h.h.t.HelmChartContainer - [K3S] [handler_proxy.go:99] no RequestInfo found in the context
2025-01-29 01:04:36,839 INFO c.h.h.t.HelmChartContainer - [K3S] [controller.go:102] "Unhandled Error" err=<
2025-01-29 01:04:36,839 INFO c.h.h.t.HelmChartContainer - [K3S] 	, Header: map[Content-Type:[text/plain; charset=utf-8] X-Content-Type-Options:[nosniff]]
2025-01-29 01:04:36,839 INFO c.h.h.t.HelmChartContainer - [K3S]  >
2025-01-29 01:04:36,890 INFO c.h.h.t.HelmChartContainer - [K3S] [serving.go:392] Generated self-signed cert in-memory
2025-01-29 01:04:36,935 INFO c.h.h.t.HelmChartContainer - [K3S] [controllermanager.go:765] "Started controller" controller="ttl-after-finished-controller"
2025-01-29 01:04:36,935 INFO c.h.h.t.HelmChartContainer - [K3S] [ttlafterfinished_controller.go:112] "Starting TTL after finished controller"
2025-01-29 01:04:37,085 INFO c.h.h.t.HelmChartContainer - [K3S] [controllermanager.go:765] "Started controller" controller="root-ca-certificate-publisher-controller"
2025-01-29 01:04:37,085 INFO c.h.h.t.HelmChartContainer - [K3S] [publisher.go:107] "Starting root CA cert publisher controller"
2025-01-29 01:04:37,190 INFO c.h.h.t.HelmChartContainer - [K3S] [controllermanager.go:160] Version: v1.32.1+k3s1
2025-01-29 01:04:37,194 INFO c.h.h.t.HelmChartContainer - [K3S] [secure_serving.go:213] Serving securely on 127.0.0.1:10258
2025-01-29 01:04:37,194 INFO c.h.h.t.HelmChartContainer - [K3S] [requestheader_controller.go:180] Starting RequestHeaderAuthRequestController
2025-01-29 01:04:37,194 INFO c.h.h.t.HelmChartContainer - [K3S] [configmap_cafile_content.go:205] "Starting controller" name="client-ca::kube-system::extension-apiserver-authentication::client-ca-file"
2025-01-29 01:04:37,194 INFO c.h.h.t.HelmChartContainer - [K3S] [tlsconfig.go:243] "Starting DynamicServingCertificateController"
2025-01-29 01:04:37,194 INFO c.h.h.t.HelmChartContainer - [K3S] [configmap_cafile_content.go:205] "Starting controller" name="client-ca::kube-system::extension-apiserver-authentication::requestheader-client-ca-file"
2025-01-29 01:04:37,198 INFO c.h.h.t.HelmChartContainer - [K3S] [INFO] Creating service-lb-controller event broadcaster
2025-01-29 01:04:37,235 INFO c.h.h.t.HelmChartContainer - [K3S] [controllermanager.go:765] "Started controller" controller="ephemeral-volume-controller"
2025-01-29 01:04:37,235 INFO c.h.h.t.HelmChartContainer - [K3S] [controller.go:173] "Starting ephemeral volume controller"
2025-01-29 01:04:37,310 INFO c.h.h.t.HelmChartContainer - [K3S] [INFO] Starting /v1, Kind=Node controller
2025-01-29 01:04:37,314 INFO c.h.h.t.HelmChartContainer - [K3S] [INFO] Starting /v1, Kind=Pod controller
2025-01-29 01:04:37,316 INFO c.h.h.t.HelmChartContainer - [K3S] [INFO] Starting apps/v1, Kind=DaemonSet controller
2025-01-29 01:04:37,319 INFO c.h.h.t.HelmChartContainer - [K3S] [controllermanager.go:306] "node-route-controller" is disabled
2025-01-29 01:04:37,319 INFO c.h.h.t.HelmChartContainer - [K3S] [INFO] Starting discovery.k8s.io/v1, Kind=EndpointSlice controller
2025-01-29 01:04:37,319 INFO c.h.h.t.HelmChartContainer - [K3S] [controllermanager.go:329] Started "cloud-node-controller"
2025-01-29 01:04:37,319 INFO c.h.h.t.HelmChartContainer - [K3S] [node_controller.go:176] Sending events to api server.
2025-01-29 01:04:37,320 INFO c.h.h.t.HelmChartContainer - [K3S] [node_controller.go:185] Waiting for informer caches to sync
2025-01-29 01:04:37,320 INFO c.h.h.t.HelmChartContainer - [K3S] [controllermanager.go:329] Started "cloud-node-lifecycle-controller"
2025-01-29 01:04:37,320 INFO c.h.h.t.HelmChartContainer - [K3S] [node_lifecycle_controller.go:112] Sending events to api server
2025-01-29 01:04:37,320 INFO c.h.h.t.HelmChartContainer - [K3S] [controllermanager.go:329] Started "service-lb-controller"
2025-01-29 01:04:37,320 INFO c.h.h.t.HelmChartContainer - [K3S] [controller.go:234] Starting service controller
2025-01-29 01:04:37,408 INFO c.h.h.t.HelmChartContainer - [K3S] [INFO] Started tunnel to 172.19.0.2:6443
2025-01-29 01:04:37,408 INFO c.h.h.t.HelmChartContainer - [K3S] [INFO] Stopped tunnel to 127.0.0.1:6443
2025-01-29 01:04:37,408 INFO c.h.h.t.HelmChartContainer - [K3S] [INFO] Connecting to proxy" url="wss://172.19.0.2:6443/v1-k3s/connect
2025-01-29 01:04:37,408 INFO c.h.h.t.HelmChartContainer - [K3S] [INFO] Proxy done" err="context canceled" url="wss://127.0.0.1:6443/v1-k3s/connect
2025-01-29 01:04:37,408 INFO c.h.h.t.HelmChartContainer - [K3S] [INFO] error in remotedialer server [400]: websocket: close 1006 (abnormal closure): unexpected EOF
2025-01-29 01:04:37,410 INFO c.h.h.t.HelmChartContainer - [K3S] [INFO] Handling backend connection request [046d2bdb7c30]
2025-01-29 01:04:37,410 INFO c.h.h.t.HelmChartContainer - [K3S] [INFO] Remotedialer connected to proxy" url="wss://172.19.0.2:6443/v1-k3s/connect
2025-01-29 01:04:37,421 INFO c.h.h.t.HelmChartContainer - [K3S] [node_controller.go:429] Initializing node 046d2bdb7c30 with cloud provider
2025-01-29 01:04:37,424 INFO c.h.h.t.HelmChartContainer - [K3S] [node_controller.go:474] Successfully initialized node 046d2bdb7c30 with cloud provider
2025-01-29 01:04:37,425 INFO c.h.h.t.HelmChartContainer - [K3S] [event.go:389] "Event occurred" object="046d2bdb7c30" fieldPath="" kind="Node" apiVersion="v1" type="Normal" reason="Synced" message="Node synced successfully"
2025-01-29 01:04:37,431 INFO c.h.h.t.HelmChartContainer - [K3S] [INFO] Updated coredns NodeHosts entry for 046d2bdb7c30
2025-01-29 01:04:37,436 INFO c.h.h.t.HelmChartContainer - [K3S] [controllermanager.go:765] "Started controller" controller="validatingadmissionpolicy-status-controller"
2025-01-29 01:04:37,741 INFO c.h.h.t.HelmChartContainer - [K3S] [controllermanager.go:765] "Started controller" controller="resourcequota-controller"
2025-01-29 01:04:37,741 INFO c.h.h.t.HelmChartContainer - [K3S] [resource_quota_controller.go:300] "Starting resource quota controller"
2025-01-29 01:04:37,755 INFO c.h.h.t.HelmChartContainer - [K3S] [actual_state_of_world.go:541] "Failed to update statusUpdateNeeded field in actual state of world" err="Failed to set statusUpdateNeeded to needed true, because nodeName=\"046d2bdb7c30\" does not exist"
2025-01-29 01:04:37,844 INFO c.h.h.t.HelmChartContainer - [K3S] [serving.go:392] Generated self-signed cert in-memory
2025-01-29 01:04:37,850 INFO c.h.h.t.HelmChartContainer - [K3S] [range_allocator.go:177] "Sending events to api server"
2025-01-29 01:04:37,850 INFO c.h.h.t.HelmChartContainer - [K3S] [range_allocator.go:183] "Starting range CIDR allocator"
2025-01-29 01:04:37,862 INFO c.h.h.t.HelmChartContainer - [K3S] [INFO] Flannel found PodCIDR assigned for node 046d2bdb7c30
2025-01-29 01:04:37,862 INFO c.h.h.t.HelmChartContainer - [K3S] [range_allocator.go:428] "Set node PodCIDR" node="046d2bdb7c30" podCIDRs=["10.42.0.0/24"]
2025-01-29 01:04:37,862 INFO c.h.h.t.HelmChartContainer - [K3S] [range_allocator.go:247] "Successfully synced" key="046d2bdb7c30"
2025-01-29 01:04:37,862 INFO c.h.h.t.HelmChartContainer - [K3S] [range_allocator.go:247] "Successfully synced" key="046d2bdb7c30"
2025-01-29 01:04:37,862 INFO c.h.h.t.HelmChartContainer - [K3S] [INFO] The interface eth0 with ipv4 address 172.19.0.2 will be used by flannel
2025-01-29 01:04:37,862 INFO c.h.h.t.HelmChartContainer - [K3S] [kube.go:139] Waiting 10m0s for node controller to sync
2025-01-29 01:04:37,864 INFO c.h.h.t.HelmChartContainer - [K3S] [kube.go:469] Starting kube subnet manager
2025-01-29 01:04:37,884 INFO c.h.h.t.HelmChartContainer - [K3S] [node_lifecycle_controller.go:1234] "Initializing eviction metric for zone" zone=""
2025-01-29 01:04:37,885 INFO c.h.h.t.HelmChartContainer - [K3S] [node_lifecycle_controller.go:886] "Missing timestamp for Node. Assuming now as a timestamp" node="046d2bdb7c30"
2025-01-29 01:04:37,885 INFO c.h.h.t.HelmChartContainer - [K3S] [node_lifecycle_controller.go:1080] "Controller detected that zone is now in new state" zone="" newState="Normal"
2025-01-29 01:04:37,900 INFO c.h.h.t.HelmChartContainer - [K3S] [range_allocator.go:247] "Successfully synced" key="046d2bdb7c30"
2025-01-29 01:04:37,980 INFO c.h.h.t.HelmChartContainer - [K3S] [INFO] Starting network policy controller version v2.2.1, built on 2025-01-28T18:27:08Z, go1.23.4
2025-01-29 01:04:37,980 INFO c.h.h.t.HelmChartContainer - [K3S] [network_policy_controller.go:164] Starting network policy controller
2025-01-29 01:04:38,013 INFO c.h.h.t.HelmChartContainer - [K3S] [network_policy_controller.go:176] Starting network policy controller full sync goroutine
2025-01-29 01:04:38,189 INFO c.h.h.t.HelmChartContainer - [K3S] [range_allocator.go:247] "Successfully synced" key="046d2bdb7c30"
2025-01-29 01:04:38,275 INFO c.h.h.t.HelmChartContainer - [K3S] [server.go:164] "Starting Kubernetes Scheduler" version="v1.32.1+k3s1"
2025-01-29 01:04:38,275 INFO c.h.h.t.HelmChartContainer - [K3S] [server.go:166] "Golang settings" GOGC="" GOMAXPROCS="" GOTRACEBACK=""
2025-01-29 01:04:38,278 INFO c.h.h.t.HelmChartContainer - [K3S] [requestheader_controller.go:180] Starting RequestHeaderAuthRequestController
2025-01-29 01:04:38,279 INFO c.h.h.t.HelmChartContainer - [K3S] [configmap_cafile_content.go:205] "Starting controller" name="client-ca::kube-system::extension-apiserver-authentication::requestheader-client-ca-file"
2025-01-29 01:04:38,281 INFO c.h.h.t.HelmChartContainer - [K3S] [configmap_cafile_content.go:205] "Starting controller" name="client-ca::kube-system::extension-apiserver-authentication::client-ca-file"
2025-01-29 01:04:38,282 INFO c.h.h.t.HelmChartContainer - [K3S] [secure_serving.go:213] Serving securely on 127.0.0.1:10259
2025-01-29 01:04:38,282 INFO c.h.h.t.HelmChartContainer - [K3S] [tlsconfig.go:243] "Starting DynamicServingCertificateController"
2025-01-29 01:04:38,541 INFO c.h.h.t.HelmChartContainer - [K3S] [handler_proxy.go:99] no RequestInfo found in the context
2025-01-29 01:04:38,541 INFO c.h.h.t.HelmChartContainer - [K3S] [controller.go:146] "Unhandled Error" err=<
2025-01-29 01:04:38,541 INFO c.h.h.t.HelmChartContainer - [K3S] 	, Header: map[Content-Type:[text/plain; charset=utf-8] X-Content-Type-Options:[nosniff]]
2025-01-29 01:04:38,541 INFO c.h.h.t.HelmChartContainer - [K3S]  >
2025-01-29 01:04:38,542 INFO c.h.h.t.HelmChartContainer - [K3S] [handler_proxy.go:143] error resolving kube-system/metrics-server: no endpoints available for service "metrics-server"
2025-01-29 01:04:38,646 INFO c.h.h.t.HelmChartContainer - [K3S] [replica_set.go:679] "Finished syncing" kind="ReplicaSet" key="kube-system/metrics-server-8584b5786c" duration="205.914638ms"
2025-01-29 01:04:38,651 INFO c.h.h.t.HelmChartContainer - [K3S] [replica_set.go:679] "Finished syncing" kind="ReplicaSet" key="kube-system/local-path-provisioner-698b58967b" duration="211.068877ms"
2025-01-29 01:04:38,658 INFO c.h.h.t.HelmChartContainer - [K3S] [replica_set.go:679] "Finished syncing" kind="ReplicaSet" key="kube-system/coredns-ff8999cc5" duration="217.996428ms"
2025-01-29 01:04:38,664 INFO c.h.h.t.HelmChartContainer - [K3S] [replica_set.go:679] "Finished syncing" kind="ReplicaSet" key="kube-system/local-path-provisioner-698b58967b" duration="13.296984ms"
2025-01-29 01:04:38,664 INFO c.h.h.t.HelmChartContainer - [K3S] [replica_set.go:679] "Finished syncing" kind="ReplicaSet" key="kube-system/local-path-provisioner-698b58967b" duration="26.68µs"
2025-01-29 01:04:38,665 INFO c.h.h.t.HelmChartContainer - [K3S] [replica_set.go:679] "Finished syncing" kind="ReplicaSet" key="kube-system/coredns-ff8999cc5" duration="7.273906ms"
2025-01-29 01:04:38,666 INFO c.h.h.t.HelmChartContainer - [K3S] [replica_set.go:679] "Finished syncing" kind="ReplicaSet" key="kube-system/coredns-ff8999cc5" duration="30.317µs"
2025-01-29 01:04:38,670 INFO c.h.h.t.HelmChartContainer - [K3S] [replica_set.go:679] "Finished syncing" kind="ReplicaSet" key="kube-system/metrics-server-8584b5786c" duration="24.170635ms"
2025-01-29 01:04:38,678 INFO c.h.h.t.HelmChartContainer - [K3S] [replica_set.go:679] "Finished syncing" kind="ReplicaSet" key="kube-system/local-path-provisioner-698b58967b" duration="28.714µs"
2025-01-29 01:04:38,678 INFO c.h.h.t.HelmChartContainer - [K3S] [replica_set.go:679] "Finished syncing" kind="ReplicaSet" key="kube-system/metrics-server-8584b5786c" duration="8.575929ms"
2025-01-29 01:04:38,679 INFO c.h.h.t.HelmChartContainer - [K3S] [replica_set.go:679] "Finished syncing" kind="ReplicaSet" key="kube-system/metrics-server-8584b5786c" duration="30.206µs"
2025-01-29 01:04:38,686 INFO c.h.h.t.HelmChartContainer - [K3S] [replica_set.go:679] "Finished syncing" kind="ReplicaSet" key="kube-system/metrics-server-8584b5786c" duration="36.188µs"
2025-01-29 01:04:38,694 INFO c.h.h.t.HelmChartContainer - [K3S] [replica_set.go:679] "Finished syncing" kind="ReplicaSet" key="kube-system/coredns-ff8999cc5" duration="40.226µs"
2025-01-29 01:04:38,815 INFO c.h.h.t.HelmChartContainer - [K3S] [reconciler_common.go:251] "operationExecutor.VerifyControllerAttachedVolume started for volume \"config-volume\" (UniqueName: \"kubernetes.io/configmap/f7787eaf-5e53-4772-9e8e-cc9d06ebf708-config-volume\") pod \"coredns-ff8999cc5-k4nnx\" (UID: \"f7787eaf-5e53-4772-9e8e-cc9d06ebf708\") " pod="kube-system/coredns-ff8999cc5-k4nnx"
2025-01-29 01:04:38,815 INFO c.h.h.t.HelmChartContainer - [K3S] [reconciler_common.go:251] "operationExecutor.VerifyControllerAttachedVolume started for volume \"custom-config-volume\" (UniqueName: \"kubernetes.io/configmap/f7787eaf-5e53-4772-9e8e-cc9d06ebf708-custom-config-volume\") pod \"coredns-ff8999cc5-k4nnx\" (UID: \"f7787eaf-5e53-4772-9e8e-cc9d06ebf708\") " pod="kube-system/coredns-ff8999cc5-k4nnx"
2025-01-29 01:04:38,815 INFO c.h.h.t.HelmChartContainer - [K3S] [reconciler_common.go:251] "operationExecutor.VerifyControllerAttachedVolume started for volume \"kube-api-access-wqzgt\" (UniqueName: \"kubernetes.io/projected/f7787eaf-5e53-4772-9e8e-cc9d06ebf708-kube-api-access-wqzgt\") pod \"coredns-ff8999cc5-k4nnx\" (UID: \"f7787eaf-5e53-4772-9e8e-cc9d06ebf708\") " pod="kube-system/coredns-ff8999cc5-k4nnx"
2025-01-29 01:04:38,815 INFO c.h.h.t.HelmChartContainer - [K3S] [reconciler_common.go:251] "operationExecutor.VerifyControllerAttachedVolume started for volume \"config-volume\" (UniqueName: \"kubernetes.io/configmap/9d6334ee-56a9-43a7-9469-4f7924ed219b-config-volume\") pod \"local-path-provisioner-698b58967b-jb9jz\" (UID: \"9d6334ee-56a9-43a7-9469-4f7924ed219b\") " pod="kube-system/local-path-provisioner-698b58967b-jb9jz"
2025-01-29 01:04:38,815 INFO c.h.h.t.HelmChartContainer - [K3S] [reconciler_common.go:251] "operationExecutor.VerifyControllerAttachedVolume started for volume \"kube-api-access-vbvfp\" (UniqueName: \"kubernetes.io/projected/9d6334ee-56a9-43a7-9469-4f7924ed219b-kube-api-access-vbvfp\") pod \"local-path-provisioner-698b58967b-jb9jz\" (UID: \"9d6334ee-56a9-43a7-9469-4f7924ed219b\") " pod="kube-system/local-path-provisioner-698b58967b-jb9jz"
2025-01-29 01:04:38,815 INFO c.h.h.t.HelmChartContainer - [K3S] [reconciler_common.go:251] "operationExecutor.VerifyControllerAttachedVolume started for volume \"tmp-dir\" (UniqueName: \"kubernetes.io/empty-dir/1819bded-2029-4602-93b4-054222889403-tmp-dir\") pod \"metrics-server-8584b5786c-6whn5\" (UID: \"1819bded-2029-4602-93b4-054222889403\") " pod="kube-system/metrics-server-8584b5786c-6whn5"
2025-01-29 01:04:38,815 INFO c.h.h.t.HelmChartContainer - [K3S] [reconciler_common.go:251] "operationExecutor.VerifyControllerAttachedVolume started for volume \"kube-api-access-jnjzp\" (UniqueName: \"kubernetes.io/projected/1819bded-2029-4602-93b4-054222889403-kube-api-access-jnjzp\") pod \"metrics-server-8584b5786c-6whn5\" (UID: \"1819bded-2029-4602-93b4-054222889403\") " pod="kube-system/metrics-server-8584b5786c-6whn5"
2025-01-29 01:04:38,864 INFO c.h.h.t.HelmChartContainer - [K3S] [kube.go:146] Node controller sync successful
2025-01-29 01:04:38,864 INFO c.h.h.t.HelmChartContainer - [K3S] [vxlan.go:141] VXLAN config: VNI=1 Port=0 GBP=false Learning=false DirectRouting=false
2025-01-29 01:04:38,867 INFO c.h.h.t.HelmChartContainer - [K3S] [kube.go:636] List of node(046d2bdb7c30) annotations: map[string]string{"alpha.kubernetes.io/provided-node-ip":"172.19.0.2", "k3s.io/hostname":"046d2bdb7c30", "k3s.io/internal-ip":"172.19.0.2", "k3s.io/node-args":"[\"server\",\"--etcd-arg\",\"unsafe-no-fsync\",\"--etcd-arg\",\"snapshot-count=10000\",\"--etcd-arg\",\"auto-compaction-mode=revision\",\"--etcd-arg\",\"auto-compaction-retention=1000000\",\"--kube-apiserver-arg\",\"etcd-compaction-interval=0s\",\"--disable\",\"traefik\",\"--tls-san\",\"localhost\",\"--cluster-domain\",\"hivemq.com\"]", "k3s.io/node-config-hash":"ZHNSMWRTVLMBXQFDYQOQCZ2GR5RBYQ3B7WAKLORHSSRXGSH27XFQ====", "k3s.io/node-env":"{}", "node.alpha.kubernetes.io/ttl":"0", "volumes.kubernetes.io/controller-managed-attach-detach":"true"}
2025-01-29 01:04:38,871 INFO c.h.h.t.HelmChartContainer - [K3S] [iptables.go:51] Starting flannel in iptables mode...
2025-01-29 01:04:38,872 INFO c.h.h.t.HelmChartContainer - [K3S] [WARNING] no subnet found for key: FLANNEL_NETWORK in file: /run/flannel/subnet.env
2025-01-29 01:04:38,872 INFO c.h.h.t.HelmChartContainer - [K3S] [kube.go:490] Creating the node lease for IPv4. This is the n.Spec.PodCIDRs: [10.42.0.0/24]
2025-01-29 01:04:38,872 INFO c.h.h.t.HelmChartContainer - [K3S] [WARNING] no subnet found for key: FLANNEL_SUBNET in file: /run/flannel/subnet.env
2025-01-29 01:04:38,872 INFO c.h.h.t.HelmChartContainer - [K3S] [WARNING] no subnet found for key: FLANNEL_IPV6_NETWORK in file: /run/flannel/subnet.env
2025-01-29 01:04:38,872 INFO c.h.h.t.HelmChartContainer - [K3S] [WARNING] no subnet found for key: FLANNEL_IPV6_SUBNET in file: /run/flannel/subnet.env
2025-01-29 01:04:38,872 INFO c.h.h.t.HelmChartContainer - [K3S] [iptables.go:115] Current network or subnet (10.42.0.0/16, 10.42.0.0/24) is not equal to previous one (0.0.0.0/0, 0.0.0.0/0), trying to recycle old iptables rules
2025-01-29 01:04:38,872 INFO c.h.h.t.HelmChartContainer - [K3S] [range_allocator.go:247] "Successfully synced" key="046d2bdb7c30"
2025-01-29 01:04:38,879 INFO c.h.h.t.HelmChartContainer - [K3S] [iptables.go:125] Setting up masking rules
2025-01-29 01:04:38,881 INFO c.h.h.t.HelmChartContainer - [K3S] [iptables.go:226] Changing default FORWARD chain policy to ACCEPT
2025-01-29 01:04:38,882 INFO c.h.h.t.HelmChartContainer - [K3S] [INFO] Wrote flannel subnet file to /run/flannel/subnet.env
2025-01-29 01:04:38,882 INFO c.h.h.t.HelmChartContainer - [K3S] [INFO] Running flannel backend.
2025-01-29 01:04:38,882 INFO c.h.h.t.HelmChartContainer - [K3S] [vxlan_network.go:65] watching for new subnet leases
2025-01-29 01:04:38,891 INFO c.h.h.t.HelmChartContainer - [K3S] [iptables.go:372] bootstrap done
2025-01-29 01:04:38,895 INFO c.h.h.t.HelmChartContainer - [K3S] [iptables.go:372] bootstrap done
2025-01-29 01:04:39,544 INFO c.h.h.t.HelmChartContainer - [K3S] [handler_proxy.go:99] no RequestInfo found in the context
2025-01-29 01:04:39,544 INFO c.h.h.t.HelmChartContainer - [K3S] [handler_proxy.go:99] no RequestInfo found in the context
2025-01-29 01:04:39,544 INFO c.h.h.t.HelmChartContainer - [K3S] [controller.go:102] "Unhandled Error" err=<
2025-01-29 01:04:39,544 INFO c.h.h.t.HelmChartContainer - [K3S] 	, Header: map[Content-Type:[text/plain; charset=utf-8] X-Content-Type-Options:[nosniff]]
2025-01-29 01:04:39,544 INFO c.h.h.t.HelmChartContainer - [K3S]  >
2025-01-29 01:04:41,880 DEBUG c.h.h.t.HelmChartContainer - Image file loaded 'hivemq-platform-operator.tar'
2025-01-29 01:04:42,308 DEBUG c.h.h.t.HelmChartContainer - Image file loaded 'hivemq-platform-operator-init.tar'
2025-01-29 01:04:42,692 INFO c.h.h.t.HelmChartContainer - [K3S] [kuberuntime_manager.go:1702] "Updating runtime config through cri with podcidr" CIDR="10.42.0.0/24"
2025-01-29 01:04:42,694 INFO c.h.h.t.HelmChartContainer - [K3S] [kubelet_network.go:61] "Updating Pod CIDR" originalPodCIDR="" newPodCIDR="10.42.0.0/24"
2025-01-29 01:04:42,703 INFO c.h.h.t.HelmChartContainer - [K3S] [range_allocator.go:247] "Successfully synced" key="046d2bdb7c30"
2025-01-29 01:04:43,537 INFO c.h.h.t.HelmChartContainer - [K3S] [replica_set.go:679] "Finished syncing" kind="ReplicaSet" key="kube-system/local-path-provisioner-698b58967b" duration="4.721349ms"
2025-01-29 01:04:43,538 INFO c.h.h.t.HelmChartContainer - [K3S] [replica_set.go:679] "Finished syncing" kind="ReplicaSet" key="kube-system/local-path-provisioner-698b58967b" duration="49.142µs"
2025-01-29 01:04:44,539 INFO c.h.h.t.HelmChartContainer - [K3S] [replica_set.go:679] "Finished syncing" kind="ReplicaSet" key="kube-system/coredns-ff8999cc5" duration="37.891µs"
2025-01-29 01:04:44,551 INFO c.h.h.t.HelmChartContainer - [K3S] [replica_set.go:679] "Finished syncing" kind="ReplicaSet" key="kube-system/metrics-server-8584b5786c" duration="28.944µs"
2025-01-29 01:04:44,573 INFO c.h.h.t.HelmChartContainer - [K3S] [replica_set.go:679] "Finished syncing" kind="ReplicaSet" key="kube-system/coredns-ff8999cc5" duration="9.364254ms"
2025-01-29 01:04:44,574 INFO c.h.h.t.HelmChartContainer - [K3S] [replica_set.go:679] "Finished syncing" kind="ReplicaSet" key="kube-system/coredns-ff8999cc5" duration="36.408µs"
2025-01-29 01:04:48,537 DEBUG c.h.h.t.HelmChartContainer - Image file loaded 'hivemq-platform.tar'
2025-01-29 01:04:48,537 DEBUG c.h.h.t.HelmChartContainer - Successful Helm chart Container startup
2025-01-29 01:04:48,555 INFO t.localhost/testcontainers/a8ak8a64cf3eqh4x:latest - Container localhost/testcontainers/a8ak8a64cf3eqh4x:latest started in PT19.384593712S
2025-01-29 01:04:48,565 DEBUG c.h.h.t.HelmChartContainer - Executing helm command: /bin/helm --kubeconfig /etc/rancher/k3s/k3s.yaml repo add hivemq https://hivemq.github.io/helm-charts
2025-01-29 01:04:48,728 INFO c.h.h.t.HelmChartContainer - [EVENT] Normal [Starting] Starting kubelet. [null:046d2bdb7c30]
2025-01-29 01:04:48,728 INFO c.h.h.t.HelmChartContainer - [EVENT] Warning [InvalidDiskCapacity] invalid capacity 0 on image filesystem [null:046d2bdb7c30]
2025-01-29 01:04:48,729 INFO c.h.h.t.HelmChartContainer - [EVENT] Normal [NodeHasSufficientMemory] Node 046d2bdb7c30 status is now: NodeHasSufficientMemory [null:046d2bdb7c30]
2025-01-29 01:04:48,729 INFO c.h.h.t.HelmChartContainer - [EVENT] Normal [NodeHasNoDiskPressure] Node 046d2bdb7c30 status is now: NodeHasNoDiskPressure [null:046d2bdb7c30]
2025-01-29 01:04:48,729 INFO c.h.h.t.HelmChartContainer - [EVENT] Normal [NodeHasSufficientPID] Node 046d2bdb7c30 status is now: NodeHasSufficientPID [null:046d2bdb7c30]
2025-01-29 01:04:48,729 INFO c.h.h.t.HelmChartContainer - [EVENT] Normal [NodeAllocatableEnforced] Updated Node Allocatable limit across pods [null:046d2bdb7c30]
2025-01-29 01:04:48,730 INFO c.h.h.t.HelmChartContainer - [EVENT] Normal [NodeReady] Node 046d2bdb7c30 status is now: NodeReady [null:046d2bdb7c30]
2025-01-29 01:04:48,730 INFO c.h.h.t.HelmChartContainer - [EVENT] Normal [NodePasswordValidationComplete] Deferred node password secret validation complete [null:046d2bdb7c30]
2025-01-29 01:04:48,730 INFO c.h.h.t.HelmChartContainer - [EVENT] Normal [Synced] Node synced successfully [null:046d2bdb7c30]
2025-01-29 01:04:48,730 INFO c.h.h.t.HelmChartContainer - [EVENT] Normal [RegisteredNode] Node 046d2bdb7c30 event: Registered Node 046d2bdb7c30 in Controller [null:046d2bdb7c30]
2025-01-29 01:04:48,768 INFO c.h.h.t.HelmChartContainer - Saved kubeconfig file on /tmp/kubeconfig-7325823621872454796.yaml
2025-01-29 01:04:48,768 INFO c.h.h.t.HelmChartContainer - HelmChartContainer is started
2025-01-29 01:06:30,236 INFO c.h.h.t.HelmChartContainer - Stopping HelmChartContainer...
2025-01-29 01:06:30,256 INFO c.h.h.t.HelmChartContainer - [K3S] [WARNING] signal received: \"terminated\", canceling context...
2025-01-29 01:06:30,352 INFO c.h.h.t.HelmChartContainer - [K3S] 
2025-01-29 01:06:30,352 INFO c.h.h.t.HelmChartContainer - [K3S] 
2025-01-29 01:06:31,008 INFO c.h.h.t.HelmChartContainer - HelmChartContainer is stopped
]]></system-out>
  <system-err><![CDATA[]]></system-err>
</testsuite>
